<?xml version="1.0" encoding="UTF-8"?>
<testsuite xmlns:xsi="http://www.w3.org/2001/XMLSchema-instance" xsi:noNamespaceSchemaLocation="https://maven.apache.org/surefire/maven-surefire-plugin/xsd/surefire-test-report-3.0.xsd" version="3.0" name="org.apache.hadoop.hdds.scm.TestRatisPipelineLeader" time="38.396" tests="2" errors="0" skipped="0" failures="2">
  <properties>
    <property name="awt.toolkit" value="sun.awt.X11.XToolkit"/>
    <property name="file.encoding.pkg" value="sun.io"/>
    <property name="java.specification.version" value="1.8"/>
    <property name="sun.cpu.isalist" value=""/>
    <property name="sun.jnu.encoding" value="UTF-8"/>
    <property name="java.class.path" value="/home/runner/work/ozone/ozone/hadoop-ozone/integration-test/target/test-classes:/home/runner/work/ozone/ozone/hadoop-ozone/integration-test/target/classes:/home/runner/.m2/repository/org/apache/ozone/ozone-common/1.3.0-SNAPSHOT/ozone-common-1.3.0-SNAPSHOT.jar:/home/runner/.m2/repository/io/grpc/grpc-netty/1.38.0/grpc-netty-1.38.0.jar:/home/runner/.m2/repository/io/grpc/grpc-core/1.38.0/grpc-core-1.38.0.jar:/home/runner/.m2/repository/com/google/android/annotations/4.1.1.4/annotations-4.1.1.4.jar:/home/runner/.m2/repository/com/google/errorprone/error_prone_annotations/2.2.0/error_prone_annotations-2.2.0.jar:/home/runner/.m2/repository/io/perfmark/perfmark-api/0.23.0/perfmark-api-0.23.0.jar:/home/runner/.m2/repository/org/codehaus/mojo/animal-sniffer-annotations/1.19/animal-sniffer-annotations-1.19.jar:/home/runner/.m2/repository/com/google/code/findbugs/jsr305/3.0.0/jsr305-3.0.0.jar:/home/runner/.m2/repository/io/netty/netty-codec-http2/4.1.63.Final/netty-codec-http2-4.1.63.Final.jar:/home/runner/.m2/repository/io/netty/netty-common/4.1.63.Final/netty-common-4.1.63.Final.jar:/home/runner/.m2/repository/io/netty/netty-buffer/4.1.63.Final/netty-buffer-4.1.63.Final.jar:/home/runner/.m2/repository/io/netty/netty-codec-http/4.1.63.Final/netty-codec-http-4.1.63.Final.jar:/home/runner/.m2/repository/io/netty/netty-handler-proxy/4.1.63.Final/netty-handler-proxy-4.1.63.Final.jar:/home/runner/.m2/repository/io/netty/netty-codec-socks/4.1.63.Final/netty-codec-socks-4.1.63.Final.jar:/home/runner/.m2/repository/io/netty/netty-tcnative-boringssl-static/2.0.38.Final/netty-tcnative-boringssl-static-2.0.38.Final.jar:/home/runner/.m2/repository/io/netty/netty-tcnative/2.0.38.Final/netty-tcnative-2.0.38.Final.jar:/home/runner/.m2/repository/org/apache/commons/commons-compress/1.21/commons-compress-1.21.jar:/home/runner/.m2/repository/org/apache/ozone/hdds-common/1.3.0-SNAPSHOT/hdds-common-1.3.0-SNAPSHOT.jar:/home/runner/.m2/repository/org/apache/ozone/hdds-client/1.3.0-SNAPSHOT/hdds-client-1.3.0-SNAPSHOT.jar:/home/runner/.m2/repository/org/apache/ozone/ozone-interface-client/1.3.0-SNAPSHOT/ozone-interface-client-1.3.0-SNAPSHOT.jar:/home/runner/.m2/repository/org/apache/ozone/hdds-test-utils/1.3.0-SNAPSHOT/hdds-test-utils-1.3.0-SNAPSHOT.jar:/home/runner/.m2/repository/com/google/guava/guava/30.1.1-jre/guava-30.1.1-jre.jar:/home/runner/.m2/repository/com/google/guava/failureaccess/1.0.1/failureaccess-1.0.1.jar:/home/runner/.m2/repository/com/google/guava/listenablefuture/9999.0-empty-to-avoid-conflict-with-guava/listenablefuture-9999.0-empty-to-avoid-conflict-with-guava.jar:/home/runner/.m2/repository/org/checkerframework/checker-qual/3.8.0/checker-qual-3.8.0.jar:/home/runner/.m2/repository/com/google/j2objc/j2objc-annotations/1.3/j2objc-annotations-1.3.jar:/home/runner/.m2/repository/commons-io/commons-io/2.11.0/commons-io-2.11.0.jar:/home/runner/.m2/repository/commons-logging/commons-logging/1.2/commons-logging-1.2.jar:/home/runner/.m2/repository/log4j/log4j/1.2.17/log4j-1.2.17.jar:/home/runner/.m2/repository/org/slf4j/slf4j-api/1.7.30/slf4j-api-1.7.30.jar:/home/runner/.m2/repository/org/apache/ozone/hdds-server-scm/1.3.0-SNAPSHOT/hdds-server-scm-1.3.0-SNAPSHOT.jar:/home/runner/.m2/repository/org/apache/ozone/hdds-container-service/1.3.0-SNAPSHOT/hdds-container-service-1.3.0-SNAPSHOT.jar:/home/runner/.m2/repository/org/apache/ozone/hdds-hadoop-dependency-server/1.3.0-SNAPSHOT/hdds-hadoop-dependency-server-1.3.0-SNAPSHOT.jar:/home/runner/.m2/repository/org/apache/hadoop/hadoop-hdfs/3.3.1/hadoop-hdfs-3.3.1.jar:/home/runner/.m2/repository/org/apache/ozone/hdds-server-framework/1.3.0-SNAPSHOT/hdds-server-framework-1.3.0-SNAPSHOT.jar:/home/runner/.m2/repository/org/apache/ozone/hdds-interface-server/1.3.0-SNAPSHOT/hdds-interface-server-1.3.0-SNAPSHOT.jar:/home/runner/.m2/repository/org/apache/logging/log4j/log4j-core/2.17.1/log4j-core-2.17.1.jar:/home/runner/.m2/repository/com/lmax/disruptor/3.4.2/disruptor-3.4.2.jar:/home/runner/.m2/repository/org/eclipse/jetty/jetty-servlet/9.4.43.v20210629/jetty-servlet-9.4.43.v20210629.jar:/home/runner/.m2/repository/org/eclipse/jetty/jetty-security/9.4.43.v20210629/jetty-security-9.4.43.v20210629.jar:/home/runner/.m2/repository/org/rocksdb/rocksdbjni/7.0.4/rocksdbjni-7.0.4.jar:/home/runner/.m2/repository/io/prometheus/simpleclient_dropwizard/0.7.0/simpleclient_dropwizard-0.7.0.jar:/home/runner/.m2/repository/io/prometheus/simpleclient/0.7.0/simpleclient-0.7.0.jar:/home/runner/.m2/repository/io/prometheus/simpleclient_common/0.7.0/simpleclient_common-0.7.0.jar:/home/runner/.m2/repository/io/dropwizard/metrics/metrics-core/3.2.4/metrics-core-3.2.4.jar:/home/runner/.m2/repository/org/apache/hadoop/hadoop-hdfs-client/3.3.1/hadoop-hdfs-client-3.3.1.jar:/home/runner/.m2/repository/org/bouncycastle/bcprov-jdk15on/1.67/bcprov-jdk15on-1.67.jar:/home/runner/.m2/repository/com/google/protobuf/protobuf-java/2.5.0/protobuf-java-2.5.0.jar:/home/runner/.m2/repository/org/apache/ozone/ozone-manager/1.3.0-SNAPSHOT/ozone-manager-1.3.0-SNAPSHOT.jar:/home/runner/.m2/repository/org/aspectj/aspectjrt/1.9.7/aspectjrt-1.9.7.jar:/home/runner/.m2/repository/org/aspectj/aspectjweaver/1.9.7/aspectjweaver-1.9.7.jar:/home/runner/.m2/repository/org/apache/ozone/hdds-interface-client/1.3.0-SNAPSHOT/hdds-interface-client-1.3.0-SNAPSHOT.jar:/home/runner/.m2/repository/org/apache/hadoop/thirdparty/hadoop-shaded-protobuf_3_7/1.1.1/hadoop-shaded-protobuf_3_7-1.1.1.jar:/home/runner/.m2/repository/org/apache/ozone/ozone-interface-storage/1.3.0-SNAPSHOT/ozone-interface-storage-1.3.0-SNAPSHOT.jar:/home/runner/.m2/repository/org/reflections/reflections/0.9.11/reflections-0.9.11.jar:/home/runner/.m2/repository/org/apache/hadoop/hadoop-minikdc/3.3.1/hadoop-minikdc-3.3.1.jar:/home/runner/.m2/repository/org/apache/kerby/kerb-simplekdc/1.0.1/kerb-simplekdc-1.0.1.jar:/home/runner/.m2/repository/org/apache/kerby/kerb-client/1.0.1/kerb-client-1.0.1.jar:/home/runner/.m2/repository/org/apache/kerby/kerby-config/1.0.1/kerby-config-1.0.1.jar:/home/runner/.m2/repository/org/apache/kerby/kerb-common/1.0.1/kerb-common-1.0.1.jar:/home/runner/.m2/repository/org/apache/kerby/kerb-crypto/1.0.1/kerb-crypto-1.0.1.jar:/home/runner/.m2/repository/org/apache/kerby/kerb-util/1.0.1/kerb-util-1.0.1.jar:/home/runner/.m2/repository/org/apache/kerby/token-provider/1.0.1/token-provider-1.0.1.jar:/home/runner/.m2/repository/org/apache/kerby/kerb-admin/1.0.1/kerb-admin-1.0.1.jar:/home/runner/.m2/repository/org/apache/kerby/kerb-server/1.0.1/kerb-server-1.0.1.jar:/home/runner/.m2/repository/org/apache/kerby/kerb-identity/1.0.1/kerb-identity-1.0.1.jar:/home/runner/.m2/repository/org/apache/kerby/kerby-xdr/1.0.1/kerby-xdr-1.0.1.jar:/home/runner/.m2/repository/org/slf4j/slf4j-log4j12/1.7.30/slf4j-log4j12-1.7.30.jar:/home/runner/.m2/repository/org/apache/ozone/ozone-s3gateway/1.3.0-SNAPSHOT/ozone-s3gateway-1.3.0-SNAPSHOT.jar:/home/runner/.m2/repository/org/javassist/javassist/3.21.0-GA/javassist-3.21.0-GA.jar:/home/runner/.m2/repository/org/jboss/weld/servlet/weld-servlet/2.4.7.Final/weld-servlet-2.4.7.Final.jar:/home/runner/.m2/repository/org/glassfish/jersey/containers/jersey-container-servlet-core/2.33/jersey-container-servlet-core-2.33.jar:/home/runner/.m2/repository/org/glassfish/hk2/external/jakarta.inject/2.6.1/jakarta.inject-2.6.1.jar:/home/runner/.m2/repository/org/glassfish/jersey/core/jersey-common/2.33/jersey-common-2.33.jar:/home/runner/.m2/repository/jakarta/ws/rs/jakarta.ws.rs-api/2.1.6/jakarta.ws.rs-api-2.1.6.jar:/home/runner/.m2/repository/org/glassfish/jersey/ext/cdi/jersey-cdi1x/2.33/jersey-cdi1x-2.33.jar:/home/runner/.m2/repository/org/glassfish/jersey/inject/jersey-hk2/2.33/jersey-hk2-2.33.jar:/home/runner/.m2/repository/org/glassfish/hk2/hk2-locator/2.6.1/hk2-locator-2.6.1.jar:/home/runner/.m2/repository/org/glassfish/jersey/media/jersey-media-jaxb/2.33/jersey-media-jaxb-2.33.jar:/home/runner/.m2/repository/org/glassfish/hk2/osgi-resource-locator/1.0.3/osgi-resource-locator-1.0.3.jar:/home/runner/.m2/repository/org/glassfish/hk2/hk2-api/2.5.0/hk2-api-2.5.0.jar:/home/runner/.m2/repository/org/glassfish/hk2/hk2-utils/2.5.0/hk2-utils-2.5.0.jar:/home/runner/.m2/repository/org/glassfish/hk2/external/aopalliance-repackaged/2.5.0/aopalliance-repackaged-2.5.0.jar:/home/runner/.m2/repository/com/fasterxml/jackson/dataformat/jackson-dataformat-xml/2.13.2/jackson-dataformat-xml-2.13.2.jar:/home/runner/.m2/repository/com/fasterxml/jackson/core/jackson-core/2.13.2/jackson-core-2.13.2.jar:/home/runner/.m2/repository/org/codehaus/woodstox/stax2-api/3.1.4/stax2-api-3.1.4.jar:/home/runner/.m2/repository/com/fasterxml/woodstox/woodstox-core/5.0.3/woodstox-core-5.0.3.jar:/home/runner/.m2/repository/com/fasterxml/jackson/module/jackson-module-jaxb-annotations/2.13.2/jackson-module-jaxb-annotations-2.13.2.jar:/home/runner/.m2/repository/jakarta/xml/bind/jakarta.xml.bind-api/2.3.3/jakarta.xml.bind-api-2.3.3.jar:/home/runner/.m2/repository/jakarta/activation/jakarta.activation-api/1.2.1/jakarta.activation-api-1.2.1.jar:/home/runner/.m2/repository/javax/enterprise/cdi-api/1.2/cdi-api-1.2.jar:/home/runner/.m2/repository/javax/el/javax.el-api/3.0.0/javax.el-api-3.0.0.jar:/home/runner/.m2/repository/javax/interceptor/javax.interceptor-api/1.2/javax.interceptor-api-1.2.jar:/home/runner/.m2/repository/javax/inject/javax.inject/1/javax.inject-1.jar:/home/runner/.m2/repository/javax/xml/bind/jaxb-api/2.3.0/jaxb-api-2.3.0.jar:/home/runner/.m2/repository/org/glassfish/jaxb/jaxb-runtime/2.3.0.1/jaxb-runtime-2.3.0.1.jar:/home/runner/.m2/repository/org/glassfish/jaxb/jaxb-core/2.3.0.1/jaxb-core-2.3.0.1.jar:/home/runner/.m2/repository/org/glassfish/jaxb/txw2/2.3.0.1/txw2-2.3.0.1.jar:/home/runner/.m2/repository/com/sun/istack/istack-commons-runtime/3.0.5/istack-commons-runtime-3.0.5.jar:/home/runner/.m2/repository/org/jvnet/staxex/stax-ex/1.7.8/stax-ex-1.7.8.jar:/home/runner/.m2/repository/com/sun/xml/fastinfoset/FastInfoset/1.2.13/FastInfoset-1.2.13.jar:/home/runner/.m2/repository/javax/activation/activation/1.1.1/activation-1.1.1.jar:/home/runner/.m2/repository/io/grpc/grpc-protobuf/1.38.0/grpc-protobuf-1.38.0.jar:/home/runner/.m2/repository/io/grpc/grpc-api/1.38.0/grpc-api-1.38.0.jar:/home/runner/.m2/repository/io/grpc/grpc-context/1.38.0/grpc-context-1.38.0.jar:/home/runner/.m2/repository/com/google/api/grpc/proto-google-common-protos/2.0.1/proto-google-common-protos-2.0.1.jar:/home/runner/.m2/repository/io/grpc/grpc-protobuf-lite/1.38.0/grpc-protobuf-lite-1.38.0.jar:/home/runner/.m2/repository/io/grpc/grpc-stub/1.38.0/grpc-stub-1.38.0.jar:/home/runner/.m2/repository/io/netty/netty-transport/4.1.63.Final/netty-transport-4.1.63.Final.jar:/home/runner/.m2/repository/io/netty/netty-resolver/4.1.63.Final/netty-resolver-4.1.63.Final.jar:/home/runner/.m2/repository/org/apache/ozone/ozone-csi/1.3.0-SNAPSHOT/ozone-csi-1.3.0-SNAPSHOT.jar:/home/runner/.m2/repository/com/google/protobuf/protobuf-java-util/3.12.0/protobuf-java-util-3.12.0.jar:/home/runner/.m2/repository/com/google/code/gson/gson/2.2.4/gson-2.2.4.jar:/home/runner/.m2/repository/org/apache/ozone/hdds-config/1.3.0-SNAPSHOT/hdds-config-1.3.0-SNAPSHOT.jar:/home/runner/.m2/repository/io/netty/netty-transport-native-epoll/4.1.63.Final/netty-transport-native-epoll-4.1.63.Final.jar:/home/runner/.m2/repository/io/netty/netty-transport-native-unix-common/4.1.63.Final/netty-transport-native-unix-common-4.1.63.Final.jar:/home/runner/.m2/repository/org/apache/ozone/ozone-recon/1.3.0-SNAPSHOT/ozone-recon-1.3.0-SNAPSHOT.jar:/home/runner/.m2/repository/org/apache/ozone/ozone-reconcodegen/1.3.0-SNAPSHOT/ozone-reconcodegen-1.3.0-SNAPSHOT.jar:/home/runner/.m2/repository/com/google/inject/extensions/guice-multibindings/4.0/guice-multibindings-4.0.jar:/home/runner/.m2/repository/com/google/inject/guice/4.0/guice-4.0.jar:/home/runner/.m2/repository/aopalliance/aopalliance/1.0/aopalliance-1.0.jar:/home/runner/.m2/repository/com/google/inject/extensions/guice-assistedinject/4.0/guice-assistedinject-4.0.jar:/home/runner/.m2/repository/com/google/inject/extensions/guice-servlet/4.0/guice-servlet-4.0.jar:/home/runner/.m2/repository/org/glassfish/jersey/containers/jersey-container-servlet/2.33/jersey-container-servlet-2.33.jar:/home/runner/.m2/repository/org/glassfish/hk2/guice-bridge/2.5.0/guice-bridge-2.5.0.jar:/home/runner/.m2/repository/org/glassfish/jersey/core/jersey-server/2.33/jersey-server-2.33.jar:/home/runner/.m2/repository/org/glassfish/jersey/core/jersey-client/2.33/jersey-client-2.33.jar:/home/runner/.m2/repository/jakarta/annotation/jakarta.annotation-api/1.3.5/jakarta.annotation-api-1.3.5.jar:/home/runner/.m2/repository/jakarta/validation/jakarta.validation-api/2.0.2/jakarta.validation-api-2.0.2.jar:/home/runner/.m2/repository/org/glassfish/jersey/media/jersey-media-json-jackson/2.33/jersey-media-json-jackson-2.33.jar:/home/runner/.m2/repository/org/glassfish/jersey/ext/jersey-entity-filtering/2.33/jersey-entity-filtering-2.33.jar:/home/runner/.m2/repository/org/jooq/jooq/3.11.10/jooq-3.11.10.jar:/home/runner/.m2/repository/org/jooq/jooq-meta/3.11.10/jooq-meta-3.11.10.jar:/home/runner/.m2/repository/org/jooq/jooq-codegen/3.11.10/jooq-codegen-3.11.10.jar:/home/runner/.m2/repository/com/jolbox/bonecp/0.8.0.RELEASE/bonecp-0.8.0.RELEASE.jar:/home/runner/.m2/repository/org/apache/derby/derby/10.14.2.0/derby-10.14.2.0.jar:/home/runner/.m2/repository/org/xerial/sqlite-jdbc/3.25.2/sqlite-jdbc-3.25.2.jar:/home/runner/.m2/repository/org/springframework/spring-jdbc/5.2.20.RELEASE/spring-jdbc-5.2.20.RELEASE.jar:/home/runner/.m2/repository/org/springframework/spring-beans/5.2.20.RELEASE/spring-beans-5.2.20.RELEASE.jar:/home/runner/.m2/repository/org/springframework/spring-core/5.2.20.RELEASE/spring-core-5.2.20.RELEASE.jar:/home/runner/.m2/repository/org/springframework/spring-jcl/5.2.20.RELEASE/spring-jcl-5.2.20.RELEASE.jar:/home/runner/.m2/repository/org/springframework/spring-tx/5.2.20.RELEASE/spring-tx-5.2.20.RELEASE.jar:/home/runner/.m2/repository/org/apache/ozone/ozone-client/1.3.0-SNAPSHOT/ozone-client-1.3.0-SNAPSHOT.jar:/home/runner/.m2/repository/org/apache/ozone/hdds-erasurecode/1.3.0-SNAPSHOT/hdds-erasurecode-1.3.0-SNAPSHOT.jar:/home/runner/.m2/repository/com/github/spotbugs/spotbugs-annotations/3.1.12/spotbugs-annotations-3.1.12.jar:/home/runner/.m2/repository/org/apache/ozone/ozone-filesystem/1.3.0-SNAPSHOT/ozone-filesystem-1.3.0-SNAPSHOT.jar:/home/runner/.m2/repository/org/apache/ozone/ozone-filesystem-common/1.3.0-SNAPSHOT/ozone-filesystem-common-1.3.0-SNAPSHOT.jar:/home/runner/.m2/repository/org/apache/ozone/ozone-tools/1.3.0-SNAPSHOT/ozone-tools-1.3.0-SNAPSHOT.jar:/home/runner/.m2/repository/org/apache/ratis/ratis-tools/2.2.0/ratis-tools-2.2.0.jar:/home/runner/.m2/repository/com/amazonaws/aws-java-sdk-core/1.12.124/aws-java-sdk-core-1.12.124.jar:/home/runner/.m2/repository/org/apache/httpcomponents/httpclient/4.5.13/httpclient-4.5.13.jar:/home/runner/.m2/repository/org/apache/httpcomponents/httpcore/4.4.13/httpcore-4.4.13.jar:/home/runner/.m2/repository/software/amazon/ion/ion-java/1.0.2/ion-java-1.0.2.jar:/home/runner/.m2/repository/com/fasterxml/jackson/dataformat/jackson-dataformat-cbor/2.13.2/jackson-dataformat-cbor-2.13.2.jar:/home/runner/.m2/repository/joda-time/joda-time/2.8.1/joda-time-2.8.1.jar:/home/runner/.m2/repository/com/amazonaws/aws-java-sdk-s3/1.12.124/aws-java-sdk-s3-1.12.124.jar:/home/runner/.m2/repository/com/amazonaws/aws-java-sdk-kms/1.12.124/aws-java-sdk-kms-1.12.124.jar:/home/runner/.m2/repository/com/amazonaws/jmespath-java/1.12.124/jmespath-java-1.12.124.jar:/home/runner/.m2/repository/org/kohsuke/metainf-services/metainf-services/1.8/metainf-services-1.8.jar:/home/runner/.m2/repository/org/apache/ozone/hdds-tools/1.3.0-SNAPSHOT/hdds-tools-1.3.0-SNAPSHOT.jar:/home/runner/.m2/repository/commons-cli/commons-cli/1.2/commons-cli-1.2.jar:/home/runner/.m2/repository/org/apache/commons/commons-lang3/3.7/commons-lang3-3.7.jar:/home/runner/.m2/repository/org/apache/ozone/ozone-manager/1.3.0-SNAPSHOT/ozone-manager-1.3.0-SNAPSHOT-tests.jar:/home/runner/.m2/repository/org/apache/ozone/hdds-common/1.3.0-SNAPSHOT/hdds-common-1.3.0-SNAPSHOT-tests.jar:/home/runner/.m2/repository/org/apache/ozone/hdds-hadoop-dependency-client/1.3.0-SNAPSHOT/hdds-hadoop-dependency-client-1.3.0-SNAPSHOT.jar:/home/runner/.m2/repository/info/picocli/picocli/4.6.1/picocli-4.6.1.jar:/home/runner/.m2/repository/com/fasterxml/jackson/core/jackson-annotations/2.13.2/jackson-annotations-2.13.2.jar:/home/runner/.m2/repository/com/fasterxml/jackson/datatype/jackson-datatype-jsr310/2.13.2/jackson-datatype-jsr310-2.13.2.jar:/home/runner/.m2/repository/javax/annotation/javax.annotation-api/1.2/javax.annotation-api-1.2.jar:/home/runner/.m2/repository/org/apache/ratis/ratis-server/2.2.0/ratis-server-2.2.0.jar:/home/runner/.m2/repository/org/apache/ratis/ratis-client/2.2.0/ratis-client-2.2.0.jar:/home/runner/.m2/repository/org/apache/ratis/ratis-server-api/2.2.0/ratis-server-api-2.2.0.jar:/home/runner/.m2/repository/org/apache/ratis/ratis-metrics/2.2.0/ratis-metrics-2.2.0.jar:/home/runner/.m2/repository/org/apache/ratis/ratis-netty/2.2.0/ratis-netty-2.2.0.jar:/home/runner/.m2/repository/org/apache/ratis/ratis-grpc/2.2.0/ratis-grpc-2.2.0.jar:/home/runner/.m2/repository/org/apache/logging/log4j/log4j-api/2.17.1/log4j-api-2.17.1.jar:/home/runner/.m2/repository/org/apache/commons/commons-pool2/2.6.0/commons-pool2-2.6.0.jar:/home/runner/.m2/repository/org/bouncycastle/bcpkix-jdk15on/1.67/bcpkix-jdk15on-1.67.jar:/home/runner/.m2/repository/commons-validator/commons-validator/1.6/commons-validator-1.6.jar:/home/runner/.m2/repository/commons-beanutils/commons-beanutils/1.9.4/commons-beanutils-1.9.4.jar:/home/runner/.m2/repository/commons-digester/commons-digester/1.8.1/commons-digester-1.8.1.jar:/home/runner/.m2/repository/commons-collections/commons-collections/3.2.2/commons-collections-3.2.2.jar:/home/runner/.m2/repository/io/jaegertracing/jaeger-client/1.6.0/jaeger-client-1.6.0.jar:/home/runner/.m2/repository/io/jaegertracing/jaeger-thrift/1.6.0/jaeger-thrift-1.6.0.jar:/home/runner/.m2/repository/org/apache/thrift/libthrift/0.14.1/libthrift-0.14.1.jar:/home/runner/.m2/repository/com/squareup/okhttp3/okhttp/4.9.0/okhttp-4.9.0.jar:/home/runner/.m2/repository/com/squareup/okio/okio/2.8.0/okio-2.8.0.jar:/home/runner/.m2/repository/io/jaegertracing/jaeger-core/1.6.0/jaeger-core-1.6.0.jar:/home/runner/.m2/repository/io/jaegertracing/jaeger-tracerresolver/1.6.0/jaeger-tracerresolver-1.6.0.jar:/home/runner/.m2/repository/io/opentracing/contrib/opentracing-tracerresolver/0.1.8/opentracing-tracerresolver-0.1.8.jar:/home/runner/.m2/repository/org/jetbrains/kotlin/kotlin-stdlib/1.4.31/kotlin-stdlib-1.4.31.jar:/home/runner/.m2/repository/org/jetbrains/kotlin/kotlin-stdlib-common/1.4.31/kotlin-stdlib-common-1.4.31.jar:/home/runner/.m2/repository/org/jetbrains/annotations/13.0/annotations-13.0.jar:/home/runner/.m2/repository/io/opentracing/opentracing-util/0.33.0/opentracing-util-0.33.0.jar:/home/runner/.m2/repository/io/opentracing/opentracing-api/0.33.0/opentracing-api-0.33.0.jar:/home/runner/.m2/repository/io/opentracing/opentracing-noop/0.33.0/opentracing-noop-0.33.0.jar:/home/runner/.m2/repository/org/yaml/snakeyaml/1.26/snakeyaml-1.26.jar:/home/runner/.m2/repository/org/apache/ozone/hdds-interface-admin/1.3.0-SNAPSHOT/hdds-interface-admin-1.3.0-SNAPSHOT.jar:/home/runner/.m2/repository/junit/junit/4.13.1/junit-4.13.1.jar:/home/runner/.m2/repository/org/hamcrest/hamcrest-core/1.3/hamcrest-core-1.3.jar:/home/runner/.m2/repository/org/junit/jupiter/junit-jupiter-api/5.7.0/junit-jupiter-api-5.7.0.jar:/home/runner/.m2/repository/org/apiguardian/apiguardian-api/1.1.0/apiguardian-api-1.1.0.jar:/home/runner/.m2/repository/org/opentest4j/opentest4j/1.2.0/opentest4j-1.2.0.jar:/home/runner/.m2/repository/org/junit/platform/junit-platform-commons/1.7.0/junit-platform-commons-1.7.0.jar:/home/runner/.m2/repository/org/junit/jupiter/junit-jupiter-params/5.7.0/junit-jupiter-params-5.7.0.jar:/home/runner/.m2/repository/org/junit/jupiter/junit-jupiter-migrationsupport/5.7.0/junit-jupiter-migrationsupport-5.7.0.jar:/home/runner/.m2/repository/org/junit/jupiter/junit-jupiter-engine/5.7.0/junit-jupiter-engine-5.7.0.jar:/home/runner/.m2/repository/org/junit/platform/junit-platform-engine/1.7.0/junit-platform-engine-1.7.0.jar:/home/runner/.m2/repository/org/junit/vintage/junit-vintage-engine/5.7.0/junit-vintage-engine-5.7.0.jar:/home/runner/.m2/repository/org/junit/platform/junit-platform-launcher/1.7.0/junit-platform-launcher-1.7.0.jar:/home/runner/.m2/repository/org/mockito/mockito-core/2.28.2/mockito-core-2.28.2.jar:/home/runner/.m2/repository/net/bytebuddy/byte-buddy/1.9.10/byte-buddy-1.9.10.jar:/home/runner/.m2/repository/net/bytebuddy/byte-buddy-agent/1.9.10/byte-buddy-agent-1.9.10.jar:/home/runner/.m2/repository/org/objenesis/objenesis/1.0/objenesis-1.0.jar:/home/runner/.m2/repository/org/apache/hadoop/hadoop-kms/3.3.1/hadoop-kms-3.3.1.jar:/home/runner/.m2/repository/org/apache/hadoop/hadoop-auth/3.3.1/hadoop-auth-3.3.1.jar:/home/runner/.m2/repository/com/nimbusds/nimbus-jose-jwt/7.9/nimbus-jose-jwt-7.9.jar:/home/runner/.m2/repository/com/github/stephenc/jcip/jcip-annotations/1.0-1/jcip-annotations-1.0-1.jar:/home/runner/.m2/repository/net/minidev/json-smart/2.4.7/json-smart-2.4.7.jar:/home/runner/.m2/repository/net/minidev/accessors-smart/2.4.7/accessors-smart-2.4.7.jar:/home/runner/.m2/repository/org/ow2/asm/asm/5.0.4/asm-5.0.4.jar:/home/runner/.m2/repository/org/apache/zookeeper/zookeeper/3.5.6/zookeeper-3.5.6.jar:/home/runner/.m2/repository/org/apache/zookeeper/zookeeper-jute/3.5.6/zookeeper-jute-3.5.6.jar:/home/runner/.m2/repository/org/apache/yetus/audience-annotations/0.5.0/audience-annotations-0.5.0.jar:/home/runner/.m2/repository/org/apache/curator/curator-framework/4.2.0/curator-framework-4.2.0.jar:/home/runner/.m2/repository/org/apache/hadoop/thirdparty/hadoop-shaded-guava/1.1.1/hadoop-shaded-guava-1.1.1.jar:/home/runner/.m2/repository/com/sun/jersey/jersey-core/1.19/jersey-core-1.19.jar:/home/runner/.m2/repository/javax/ws/rs/jsr311-api/1.1.1/jsr311-api-1.1.1.jar:/home/runner/.m2/repository/com/sun/jersey/jersey-server/1.19/jersey-server-1.19.jar:/home/runner/.m2/repository/javax/servlet/javax.servlet-api/3.1.0/javax.servlet-api-3.1.0.jar:/home/runner/.m2/repository/org/eclipse/jetty/jetty-server/9.4.43.v20210629/jetty-server-9.4.43.v20210629.jar:/home/runner/.m2/repository/org/eclipse/jetty/jetty-http/9.4.43.v20210629/jetty-http-9.4.43.v20210629.jar:/home/runner/.m2/repository/org/eclipse/jetty/jetty-io/9.4.43.v20210629/jetty-io-9.4.43.v20210629.jar:/home/runner/.m2/repository/org/eclipse/jetty/jetty-webapp/9.4.43.v20210629/jetty-webapp-9.4.43.v20210629.jar:/home/runner/.m2/repository/org/eclipse/jetty/jetty-xml/9.4.43.v20210629/jetty-xml-9.4.43.v20210629.jar:/home/runner/.m2/repository/org/apache/hadoop/hadoop-common/3.3.1/hadoop-common-3.3.1.jar:/home/runner/.m2/repository/org/apache/commons/commons-math3/3.1.1/commons-math3-3.1.1.jar:/home/runner/.m2/repository/commons-net/commons-net/3.6/commons-net-3.6.jar:/home/runner/.m2/repository/com/sun/jersey/jersey-servlet/1.19/jersey-servlet-1.19.jar:/home/runner/.m2/repository/com/sun/jersey/jersey-json/1.19/jersey-json-1.19.jar:/home/runner/.m2/repository/org/codehaus/jettison/jettison/1.1/jettison-1.1.jar:/home/runner/.m2/repository/com/sun/xml/bind/jaxb-impl/2.2.3-1/jaxb-impl-2.2.3-1.jar:/home/runner/.m2/repository/org/codehaus/jackson/jackson-jaxrs/1.9.2/jackson-jaxrs-1.9.2.jar:/home/runner/.m2/repository/org/codehaus/jackson/jackson-xc/1.9.2/jackson-xc-1.9.2.jar:/home/runner/.m2/repository/org/apache/commons/commons-configuration2/2.1.1/commons-configuration2-2.1.1.jar:/home/runner/.m2/repository/org/apache/commons/commons-text/1.4/commons-text-1.4.jar:/home/runner/.m2/repository/com/google/re2j/re2j/1.1/re2j-1.1.jar:/home/runner/.m2/repository/com/jcraft/jsch/0.1.54/jsch-0.1.54.jar:/home/runner/.m2/repository/org/apache/curator/curator-client/4.2.0/curator-client-4.2.0.jar:/home/runner/.m2/repository/org/apache/curator/curator-recipes/4.2.0/curator-recipes-4.2.0.jar:/home/runner/.m2/repository/org/apache/kerby/kerb-core/1.0.1/kerb-core-1.0.1.jar:/home/runner/.m2/repository/org/apache/kerby/kerby-pkix/1.0.1/kerby-pkix-1.0.1.jar:/home/runner/.m2/repository/org/apache/kerby/kerby-asn1/1.0.1/kerby-asn1-1.0.1.jar:/home/runner/.m2/repository/org/apache/kerby/kerby-util/1.0.1/kerby-util-1.0.1.jar:/home/runner/.m2/repository/dnsjava/dnsjava/2.1.7/dnsjava-2.1.7.jar:/home/runner/.m2/repository/org/xerial/snappy/snappy-java/1.1.8.2/snappy-java-1.1.8.2.jar:/home/runner/.m2/repository/org/slf4j/jul-to-slf4j/1.7.30/jul-to-slf4j-1.7.30.jar:/home/runner/.m2/repository/org/eclipse/jetty/jetty-util/9.4.43.v20210629/jetty-util-9.4.43.v20210629.jar:/home/runner/.m2/repository/com/fasterxml/jackson/core/jackson-databind/2.13.2.2/jackson-databind-2.13.2.2.jar:/home/runner/.m2/repository/org/apache/hadoop/hadoop-kms/3.3.1/hadoop-kms-3.3.1-tests.jar:/home/runner/.m2/repository/org/apache/ozone/hdds-server-scm/1.3.0-SNAPSHOT/hdds-server-scm-1.3.0-SNAPSHOT-tests.jar:/home/runner/.m2/repository/org/apache/ozone/hdds-container-service/1.3.0-SNAPSHOT/hdds-container-service-1.3.0-SNAPSHOT-tests.jar:/home/runner/.m2/repository/commons-codec/commons-codec/1.11/commons-codec-1.11.jar:/home/runner/.m2/repository/io/netty/netty-codec/4.1.63.Final/netty-codec-4.1.63.Final.jar:/home/runner/.m2/repository/io/netty/netty-handler/4.1.63.Final/netty-handler-4.1.63.Final.jar:/home/runner/.m2/repository/org/apache/ozone/hdds-hadoop-dependency-test/1.3.0-SNAPSHOT/hdds-hadoop-dependency-test-1.3.0-SNAPSHOT.jar:/home/runner/.m2/repository/org/apache/hadoop/hadoop-common/3.3.1/hadoop-common-3.3.1-tests.jar:/home/runner/.m2/repository/org/assertj/assertj-core/3.12.2/assertj-core-3.12.2.jar:/home/runner/.m2/repository/org/apache/hadoop/hadoop-hdfs/3.3.1/hadoop-hdfs-3.3.1-tests.jar:/home/runner/.m2/repository/org/eclipse/jetty/jetty-util-ajax/9.4.43.v20210629/jetty-util-ajax-9.4.43.v20210629.jar:/home/runner/.m2/repository/commons-daemon/commons-daemon/1.0.13/commons-daemon-1.0.13.jar:/home/runner/.m2/repository/io/netty/netty/3.10.6.Final/netty-3.10.6.Final.jar:/home/runner/.m2/repository/io/netty/netty-all/4.1.63.Final/netty-all-4.1.63.Final.jar:/home/runner/.m2/repository/org/apache/htrace/htrace-core4/4.1.0-incubating/htrace-core4-4.1.0-incubating.jar:/home/runner/.m2/repository/org/fusesource/leveldbjni/leveldbjni-all/1.8/leveldbjni-all-1.8.jar:/home/runner/.m2/repository/org/apache/hadoop/hadoop-distcp/3.3.1/hadoop-distcp-3.3.1.jar:/home/runner/.m2/repository/org/apache/hadoop/hadoop-mapreduce-client-jobclient/3.3.1/hadoop-mapreduce-client-jobclient-3.3.1.jar:/home/runner/.m2/repository/org/apache/hadoop/hadoop-mapreduce-client-common/3.3.1/hadoop-mapreduce-client-common-3.3.1.jar:/home/runner/.m2/repository/org/apache/hadoop/hadoop-yarn-common/3.3.1/hadoop-yarn-common-3.3.1.jar:/home/runner/.m2/repository/org/apache/hadoop/hadoop-yarn-api/3.3.1/hadoop-yarn-api-3.3.1.jar:/home/runner/.m2/repository/com/sun/jersey/jersey-client/1.19/jersey-client-1.19.jar:/home/runner/.m2/repository/com/sun/jersey/contribs/jersey-guice/1.19/jersey-guice-1.19.jar:/home/runner/.m2/repository/com/fasterxml/jackson/jaxrs/jackson-jaxrs-json-provider/2.13.2/jackson-jaxrs-json-provider-2.13.2.jar:/home/runner/.m2/repository/com/fasterxml/jackson/jaxrs/jackson-jaxrs-base/2.13.2/jackson-jaxrs-base-2.13.2.jar:/home/runner/.m2/repository/org/apache/hadoop/hadoop-yarn-client/3.3.1/hadoop-yarn-client-3.3.1.jar:/home/runner/.m2/repository/org/eclipse/jetty/websocket/websocket-client/9.4.40.v20210413/websocket-client-9.4.40.v20210413.jar:/home/runner/.m2/repository/org/eclipse/jetty/jetty-client/9.4.40.v20210413/jetty-client-9.4.40.v20210413.jar:/home/runner/.m2/repository/org/eclipse/jetty/websocket/websocket-common/9.4.40.v20210413/websocket-common-9.4.40.v20210413.jar:/home/runner/.m2/repository/org/eclipse/jetty/websocket/websocket-api/9.4.40.v20210413/websocket-api-9.4.40.v20210413.jar:/home/runner/.m2/repository/org/jline/jline/3.9.0/jline-3.9.0.jar:/home/runner/.m2/repository/org/apache/hadoop/hadoop-mapreduce-client-core/3.3.1/hadoop-mapreduce-client-core-3.3.1.jar:/home/runner/.m2/repository/org/apache/avro/avro/1.7.7/avro-1.7.7.jar:/home/runner/.m2/repository/org/codehaus/jackson/jackson-core-asl/1.9.13/jackson-core-asl-1.9.13.jar:/home/runner/.m2/repository/org/codehaus/jackson/jackson-mapper-asl/1.9.13/jackson-mapper-asl-1.9.13.jar:/home/runner/.m2/repository/com/thoughtworks/paranamer/paranamer/2.3/paranamer-2.3.jar:/home/runner/.m2/repository/org/apache/hadoop/hadoop-annotations/3.3.1/hadoop-annotations-3.3.1.jar:/usr/lib/jvm/temurin-8-jdk-amd64/jre/../lib/tools.jar:/home/runner/.m2/repository/org/apache/hadoop/hadoop-distcp/3.3.1/hadoop-distcp-3.3.1-tests.jar:/home/runner/.m2/repository/org/apache/ratis/ratis-common/2.2.0/ratis-common-2.2.0.jar:/home/runner/.m2/repository/org/apache/ratis/ratis-thirdparty-misc/0.7.0/ratis-thirdparty-misc-0.7.0.jar:/home/runner/.m2/repository/org/apache/ratis/ratis-proto/2.2.0/ratis-proto-2.2.0.jar:/home/runner/.m2/repository/org/apache/ozone/ozone-annotation-processing/1.3.0-SNAPSHOT/ozone-annotation-processing-1.3.0-SNAPSHOT.jar:"/>
    <property name="java.vm.vendor" value="Temurin"/>
    <property name="sun.arch.data.model" value="64"/>
    <property name="test.build.dir" value="/home/runner/work/ozone/ozone/hadoop-ozone/integration-test/target/test-dir"/>
    <property name="test.cache.data" value=""/>
    <property name="java.vendor.url" value="https://adoptium.net/"/>
    <property name="user.timezone" value="Etc/UTC"/>
    <property name="java.vm.specification.version" value="1.8"/>
    <property name="os.name" value="Linux"/>
    <property name="test.build.data" value="/home/runner/work/ozone/ozone/hadoop-ozone/integration-test/target/test-dir"/>
    <property name="sun.java.launcher" value="SUN_STANDARD"/>
    <property name="sun.boot.library.path" value="/usr/lib/jvm/temurin-8-jdk-amd64/jre/lib/amd64"/>
    <property name="sun.java.command" value="/home/runner/work/ozone/ozone/hadoop-ozone/integration-test/target/surefire/surefirebooter8199344656361432863.jar /home/runner/work/ozone/ozone/hadoop-ozone/integration-test/target/surefire 2022-05-17T15-45-37_282-jvmRun1 surefire903827285584856568tmp surefire_205647100346869771321tmp"/>
    <property name="surefire.test.class.path" value="/home/runner/work/ozone/ozone/hadoop-ozone/integration-test/target/test-classes:/home/runner/work/ozone/ozone/hadoop-ozone/integration-test/target/classes:/home/runner/.m2/repository/org/apache/ozone/ozone-common/1.3.0-SNAPSHOT/ozone-common-1.3.0-SNAPSHOT.jar:/home/runner/.m2/repository/io/grpc/grpc-netty/1.38.0/grpc-netty-1.38.0.jar:/home/runner/.m2/repository/io/grpc/grpc-core/1.38.0/grpc-core-1.38.0.jar:/home/runner/.m2/repository/com/google/android/annotations/4.1.1.4/annotations-4.1.1.4.jar:/home/runner/.m2/repository/com/google/errorprone/error_prone_annotations/2.2.0/error_prone_annotations-2.2.0.jar:/home/runner/.m2/repository/io/perfmark/perfmark-api/0.23.0/perfmark-api-0.23.0.jar:/home/runner/.m2/repository/org/codehaus/mojo/animal-sniffer-annotations/1.19/animal-sniffer-annotations-1.19.jar:/home/runner/.m2/repository/com/google/code/findbugs/jsr305/3.0.0/jsr305-3.0.0.jar:/home/runner/.m2/repository/io/netty/netty-codec-http2/4.1.63.Final/netty-codec-http2-4.1.63.Final.jar:/home/runner/.m2/repository/io/netty/netty-common/4.1.63.Final/netty-common-4.1.63.Final.jar:/home/runner/.m2/repository/io/netty/netty-buffer/4.1.63.Final/netty-buffer-4.1.63.Final.jar:/home/runner/.m2/repository/io/netty/netty-codec-http/4.1.63.Final/netty-codec-http-4.1.63.Final.jar:/home/runner/.m2/repository/io/netty/netty-handler-proxy/4.1.63.Final/netty-handler-proxy-4.1.63.Final.jar:/home/runner/.m2/repository/io/netty/netty-codec-socks/4.1.63.Final/netty-codec-socks-4.1.63.Final.jar:/home/runner/.m2/repository/io/netty/netty-tcnative-boringssl-static/2.0.38.Final/netty-tcnative-boringssl-static-2.0.38.Final.jar:/home/runner/.m2/repository/io/netty/netty-tcnative/2.0.38.Final/netty-tcnative-2.0.38.Final.jar:/home/runner/.m2/repository/org/apache/commons/commons-compress/1.21/commons-compress-1.21.jar:/home/runner/.m2/repository/org/apache/ozone/hdds-common/1.3.0-SNAPSHOT/hdds-common-1.3.0-SNAPSHOT.jar:/home/runner/.m2/repository/org/apache/ozone/hdds-client/1.3.0-SNAPSHOT/hdds-client-1.3.0-SNAPSHOT.jar:/home/runner/.m2/repository/org/apache/ozone/ozone-interface-client/1.3.0-SNAPSHOT/ozone-interface-client-1.3.0-SNAPSHOT.jar:/home/runner/.m2/repository/org/apache/ozone/hdds-test-utils/1.3.0-SNAPSHOT/hdds-test-utils-1.3.0-SNAPSHOT.jar:/home/runner/.m2/repository/com/google/guava/guava/30.1.1-jre/guava-30.1.1-jre.jar:/home/runner/.m2/repository/com/google/guava/failureaccess/1.0.1/failureaccess-1.0.1.jar:/home/runner/.m2/repository/com/google/guava/listenablefuture/9999.0-empty-to-avoid-conflict-with-guava/listenablefuture-9999.0-empty-to-avoid-conflict-with-guava.jar:/home/runner/.m2/repository/org/checkerframework/checker-qual/3.8.0/checker-qual-3.8.0.jar:/home/runner/.m2/repository/com/google/j2objc/j2objc-annotations/1.3/j2objc-annotations-1.3.jar:/home/runner/.m2/repository/commons-io/commons-io/2.11.0/commons-io-2.11.0.jar:/home/runner/.m2/repository/commons-logging/commons-logging/1.2/commons-logging-1.2.jar:/home/runner/.m2/repository/log4j/log4j/1.2.17/log4j-1.2.17.jar:/home/runner/.m2/repository/org/slf4j/slf4j-api/1.7.30/slf4j-api-1.7.30.jar:/home/runner/.m2/repository/org/apache/ozone/hdds-server-scm/1.3.0-SNAPSHOT/hdds-server-scm-1.3.0-SNAPSHOT.jar:/home/runner/.m2/repository/org/apache/ozone/hdds-container-service/1.3.0-SNAPSHOT/hdds-container-service-1.3.0-SNAPSHOT.jar:/home/runner/.m2/repository/org/apache/ozone/hdds-hadoop-dependency-server/1.3.0-SNAPSHOT/hdds-hadoop-dependency-server-1.3.0-SNAPSHOT.jar:/home/runner/.m2/repository/org/apache/hadoop/hadoop-hdfs/3.3.1/hadoop-hdfs-3.3.1.jar:/home/runner/.m2/repository/org/apache/ozone/hdds-server-framework/1.3.0-SNAPSHOT/hdds-server-framework-1.3.0-SNAPSHOT.jar:/home/runner/.m2/repository/org/apache/ozone/hdds-interface-server/1.3.0-SNAPSHOT/hdds-interface-server-1.3.0-SNAPSHOT.jar:/home/runner/.m2/repository/org/apache/logging/log4j/log4j-core/2.17.1/log4j-core-2.17.1.jar:/home/runner/.m2/repository/com/lmax/disruptor/3.4.2/disruptor-3.4.2.jar:/home/runner/.m2/repository/org/eclipse/jetty/jetty-servlet/9.4.43.v20210629/jetty-servlet-9.4.43.v20210629.jar:/home/runner/.m2/repository/org/eclipse/jetty/jetty-security/9.4.43.v20210629/jetty-security-9.4.43.v20210629.jar:/home/runner/.m2/repository/org/rocksdb/rocksdbjni/7.0.4/rocksdbjni-7.0.4.jar:/home/runner/.m2/repository/io/prometheus/simpleclient_dropwizard/0.7.0/simpleclient_dropwizard-0.7.0.jar:/home/runner/.m2/repository/io/prometheus/simpleclient/0.7.0/simpleclient-0.7.0.jar:/home/runner/.m2/repository/io/prometheus/simpleclient_common/0.7.0/simpleclient_common-0.7.0.jar:/home/runner/.m2/repository/io/dropwizard/metrics/metrics-core/3.2.4/metrics-core-3.2.4.jar:/home/runner/.m2/repository/org/apache/hadoop/hadoop-hdfs-client/3.3.1/hadoop-hdfs-client-3.3.1.jar:/home/runner/.m2/repository/org/bouncycastle/bcprov-jdk15on/1.67/bcprov-jdk15on-1.67.jar:/home/runner/.m2/repository/com/google/protobuf/protobuf-java/2.5.0/protobuf-java-2.5.0.jar:/home/runner/.m2/repository/org/apache/ozone/ozone-manager/1.3.0-SNAPSHOT/ozone-manager-1.3.0-SNAPSHOT.jar:/home/runner/.m2/repository/org/aspectj/aspectjrt/1.9.7/aspectjrt-1.9.7.jar:/home/runner/.m2/repository/org/aspectj/aspectjweaver/1.9.7/aspectjweaver-1.9.7.jar:/home/runner/.m2/repository/org/apache/ozone/hdds-interface-client/1.3.0-SNAPSHOT/hdds-interface-client-1.3.0-SNAPSHOT.jar:/home/runner/.m2/repository/org/apache/hadoop/thirdparty/hadoop-shaded-protobuf_3_7/1.1.1/hadoop-shaded-protobuf_3_7-1.1.1.jar:/home/runner/.m2/repository/org/apache/ozone/ozone-interface-storage/1.3.0-SNAPSHOT/ozone-interface-storage-1.3.0-SNAPSHOT.jar:/home/runner/.m2/repository/org/reflections/reflections/0.9.11/reflections-0.9.11.jar:/home/runner/.m2/repository/org/apache/hadoop/hadoop-minikdc/3.3.1/hadoop-minikdc-3.3.1.jar:/home/runner/.m2/repository/org/apache/kerby/kerb-simplekdc/1.0.1/kerb-simplekdc-1.0.1.jar:/home/runner/.m2/repository/org/apache/kerby/kerb-client/1.0.1/kerb-client-1.0.1.jar:/home/runner/.m2/repository/org/apache/kerby/kerby-config/1.0.1/kerby-config-1.0.1.jar:/home/runner/.m2/repository/org/apache/kerby/kerb-common/1.0.1/kerb-common-1.0.1.jar:/home/runner/.m2/repository/org/apache/kerby/kerb-crypto/1.0.1/kerb-crypto-1.0.1.jar:/home/runner/.m2/repository/org/apache/kerby/kerb-util/1.0.1/kerb-util-1.0.1.jar:/home/runner/.m2/repository/org/apache/kerby/token-provider/1.0.1/token-provider-1.0.1.jar:/home/runner/.m2/repository/org/apache/kerby/kerb-admin/1.0.1/kerb-admin-1.0.1.jar:/home/runner/.m2/repository/org/apache/kerby/kerb-server/1.0.1/kerb-server-1.0.1.jar:/home/runner/.m2/repository/org/apache/kerby/kerb-identity/1.0.1/kerb-identity-1.0.1.jar:/home/runner/.m2/repository/org/apache/kerby/kerby-xdr/1.0.1/kerby-xdr-1.0.1.jar:/home/runner/.m2/repository/org/slf4j/slf4j-log4j12/1.7.30/slf4j-log4j12-1.7.30.jar:/home/runner/.m2/repository/org/apache/ozone/ozone-s3gateway/1.3.0-SNAPSHOT/ozone-s3gateway-1.3.0-SNAPSHOT.jar:/home/runner/.m2/repository/org/javassist/javassist/3.21.0-GA/javassist-3.21.0-GA.jar:/home/runner/.m2/repository/org/jboss/weld/servlet/weld-servlet/2.4.7.Final/weld-servlet-2.4.7.Final.jar:/home/runner/.m2/repository/org/glassfish/jersey/containers/jersey-container-servlet-core/2.33/jersey-container-servlet-core-2.33.jar:/home/runner/.m2/repository/org/glassfish/hk2/external/jakarta.inject/2.6.1/jakarta.inject-2.6.1.jar:/home/runner/.m2/repository/org/glassfish/jersey/core/jersey-common/2.33/jersey-common-2.33.jar:/home/runner/.m2/repository/jakarta/ws/rs/jakarta.ws.rs-api/2.1.6/jakarta.ws.rs-api-2.1.6.jar:/home/runner/.m2/repository/org/glassfish/jersey/ext/cdi/jersey-cdi1x/2.33/jersey-cdi1x-2.33.jar:/home/runner/.m2/repository/org/glassfish/jersey/inject/jersey-hk2/2.33/jersey-hk2-2.33.jar:/home/runner/.m2/repository/org/glassfish/hk2/hk2-locator/2.6.1/hk2-locator-2.6.1.jar:/home/runner/.m2/repository/org/glassfish/jersey/media/jersey-media-jaxb/2.33/jersey-media-jaxb-2.33.jar:/home/runner/.m2/repository/org/glassfish/hk2/osgi-resource-locator/1.0.3/osgi-resource-locator-1.0.3.jar:/home/runner/.m2/repository/org/glassfish/hk2/hk2-api/2.5.0/hk2-api-2.5.0.jar:/home/runner/.m2/repository/org/glassfish/hk2/hk2-utils/2.5.0/hk2-utils-2.5.0.jar:/home/runner/.m2/repository/org/glassfish/hk2/external/aopalliance-repackaged/2.5.0/aopalliance-repackaged-2.5.0.jar:/home/runner/.m2/repository/com/fasterxml/jackson/dataformat/jackson-dataformat-xml/2.13.2/jackson-dataformat-xml-2.13.2.jar:/home/runner/.m2/repository/com/fasterxml/jackson/core/jackson-core/2.13.2/jackson-core-2.13.2.jar:/home/runner/.m2/repository/org/codehaus/woodstox/stax2-api/3.1.4/stax2-api-3.1.4.jar:/home/runner/.m2/repository/com/fasterxml/woodstox/woodstox-core/5.0.3/woodstox-core-5.0.3.jar:/home/runner/.m2/repository/com/fasterxml/jackson/module/jackson-module-jaxb-annotations/2.13.2/jackson-module-jaxb-annotations-2.13.2.jar:/home/runner/.m2/repository/jakarta/xml/bind/jakarta.xml.bind-api/2.3.3/jakarta.xml.bind-api-2.3.3.jar:/home/runner/.m2/repository/jakarta/activation/jakarta.activation-api/1.2.1/jakarta.activation-api-1.2.1.jar:/home/runner/.m2/repository/javax/enterprise/cdi-api/1.2/cdi-api-1.2.jar:/home/runner/.m2/repository/javax/el/javax.el-api/3.0.0/javax.el-api-3.0.0.jar:/home/runner/.m2/repository/javax/interceptor/javax.interceptor-api/1.2/javax.interceptor-api-1.2.jar:/home/runner/.m2/repository/javax/inject/javax.inject/1/javax.inject-1.jar:/home/runner/.m2/repository/javax/xml/bind/jaxb-api/2.3.0/jaxb-api-2.3.0.jar:/home/runner/.m2/repository/org/glassfish/jaxb/jaxb-runtime/2.3.0.1/jaxb-runtime-2.3.0.1.jar:/home/runner/.m2/repository/org/glassfish/jaxb/jaxb-core/2.3.0.1/jaxb-core-2.3.0.1.jar:/home/runner/.m2/repository/org/glassfish/jaxb/txw2/2.3.0.1/txw2-2.3.0.1.jar:/home/runner/.m2/repository/com/sun/istack/istack-commons-runtime/3.0.5/istack-commons-runtime-3.0.5.jar:/home/runner/.m2/repository/org/jvnet/staxex/stax-ex/1.7.8/stax-ex-1.7.8.jar:/home/runner/.m2/repository/com/sun/xml/fastinfoset/FastInfoset/1.2.13/FastInfoset-1.2.13.jar:/home/runner/.m2/repository/javax/activation/activation/1.1.1/activation-1.1.1.jar:/home/runner/.m2/repository/io/grpc/grpc-protobuf/1.38.0/grpc-protobuf-1.38.0.jar:/home/runner/.m2/repository/io/grpc/grpc-api/1.38.0/grpc-api-1.38.0.jar:/home/runner/.m2/repository/io/grpc/grpc-context/1.38.0/grpc-context-1.38.0.jar:/home/runner/.m2/repository/com/google/api/grpc/proto-google-common-protos/2.0.1/proto-google-common-protos-2.0.1.jar:/home/runner/.m2/repository/io/grpc/grpc-protobuf-lite/1.38.0/grpc-protobuf-lite-1.38.0.jar:/home/runner/.m2/repository/io/grpc/grpc-stub/1.38.0/grpc-stub-1.38.0.jar:/home/runner/.m2/repository/io/netty/netty-transport/4.1.63.Final/netty-transport-4.1.63.Final.jar:/home/runner/.m2/repository/io/netty/netty-resolver/4.1.63.Final/netty-resolver-4.1.63.Final.jar:/home/runner/.m2/repository/org/apache/ozone/ozone-csi/1.3.0-SNAPSHOT/ozone-csi-1.3.0-SNAPSHOT.jar:/home/runner/.m2/repository/com/google/protobuf/protobuf-java-util/3.12.0/protobuf-java-util-3.12.0.jar:/home/runner/.m2/repository/com/google/code/gson/gson/2.2.4/gson-2.2.4.jar:/home/runner/.m2/repository/org/apache/ozone/hdds-config/1.3.0-SNAPSHOT/hdds-config-1.3.0-SNAPSHOT.jar:/home/runner/.m2/repository/io/netty/netty-transport-native-epoll/4.1.63.Final/netty-transport-native-epoll-4.1.63.Final.jar:/home/runner/.m2/repository/io/netty/netty-transport-native-unix-common/4.1.63.Final/netty-transport-native-unix-common-4.1.63.Final.jar:/home/runner/.m2/repository/org/apache/ozone/ozone-recon/1.3.0-SNAPSHOT/ozone-recon-1.3.0-SNAPSHOT.jar:/home/runner/.m2/repository/org/apache/ozone/ozone-reconcodegen/1.3.0-SNAPSHOT/ozone-reconcodegen-1.3.0-SNAPSHOT.jar:/home/runner/.m2/repository/com/google/inject/extensions/guice-multibindings/4.0/guice-multibindings-4.0.jar:/home/runner/.m2/repository/com/google/inject/guice/4.0/guice-4.0.jar:/home/runner/.m2/repository/aopalliance/aopalliance/1.0/aopalliance-1.0.jar:/home/runner/.m2/repository/com/google/inject/extensions/guice-assistedinject/4.0/guice-assistedinject-4.0.jar:/home/runner/.m2/repository/com/google/inject/extensions/guice-servlet/4.0/guice-servlet-4.0.jar:/home/runner/.m2/repository/org/glassfish/jersey/containers/jersey-container-servlet/2.33/jersey-container-servlet-2.33.jar:/home/runner/.m2/repository/org/glassfish/hk2/guice-bridge/2.5.0/guice-bridge-2.5.0.jar:/home/runner/.m2/repository/org/glassfish/jersey/core/jersey-server/2.33/jersey-server-2.33.jar:/home/runner/.m2/repository/org/glassfish/jersey/core/jersey-client/2.33/jersey-client-2.33.jar:/home/runner/.m2/repository/jakarta/annotation/jakarta.annotation-api/1.3.5/jakarta.annotation-api-1.3.5.jar:/home/runner/.m2/repository/jakarta/validation/jakarta.validation-api/2.0.2/jakarta.validation-api-2.0.2.jar:/home/runner/.m2/repository/org/glassfish/jersey/media/jersey-media-json-jackson/2.33/jersey-media-json-jackson-2.33.jar:/home/runner/.m2/repository/org/glassfish/jersey/ext/jersey-entity-filtering/2.33/jersey-entity-filtering-2.33.jar:/home/runner/.m2/repository/org/jooq/jooq/3.11.10/jooq-3.11.10.jar:/home/runner/.m2/repository/org/jooq/jooq-meta/3.11.10/jooq-meta-3.11.10.jar:/home/runner/.m2/repository/org/jooq/jooq-codegen/3.11.10/jooq-codegen-3.11.10.jar:/home/runner/.m2/repository/com/jolbox/bonecp/0.8.0.RELEASE/bonecp-0.8.0.RELEASE.jar:/home/runner/.m2/repository/org/apache/derby/derby/10.14.2.0/derby-10.14.2.0.jar:/home/runner/.m2/repository/org/xerial/sqlite-jdbc/3.25.2/sqlite-jdbc-3.25.2.jar:/home/runner/.m2/repository/org/springframework/spring-jdbc/5.2.20.RELEASE/spring-jdbc-5.2.20.RELEASE.jar:/home/runner/.m2/repository/org/springframework/spring-beans/5.2.20.RELEASE/spring-beans-5.2.20.RELEASE.jar:/home/runner/.m2/repository/org/springframework/spring-core/5.2.20.RELEASE/spring-core-5.2.20.RELEASE.jar:/home/runner/.m2/repository/org/springframework/spring-jcl/5.2.20.RELEASE/spring-jcl-5.2.20.RELEASE.jar:/home/runner/.m2/repository/org/springframework/spring-tx/5.2.20.RELEASE/spring-tx-5.2.20.RELEASE.jar:/home/runner/.m2/repository/org/apache/ozone/ozone-client/1.3.0-SNAPSHOT/ozone-client-1.3.0-SNAPSHOT.jar:/home/runner/.m2/repository/org/apache/ozone/hdds-erasurecode/1.3.0-SNAPSHOT/hdds-erasurecode-1.3.0-SNAPSHOT.jar:/home/runner/.m2/repository/com/github/spotbugs/spotbugs-annotations/3.1.12/spotbugs-annotations-3.1.12.jar:/home/runner/.m2/repository/org/apache/ozone/ozone-filesystem/1.3.0-SNAPSHOT/ozone-filesystem-1.3.0-SNAPSHOT.jar:/home/runner/.m2/repository/org/apache/ozone/ozone-filesystem-common/1.3.0-SNAPSHOT/ozone-filesystem-common-1.3.0-SNAPSHOT.jar:/home/runner/.m2/repository/org/apache/ozone/ozone-tools/1.3.0-SNAPSHOT/ozone-tools-1.3.0-SNAPSHOT.jar:/home/runner/.m2/repository/org/apache/ratis/ratis-tools/2.2.0/ratis-tools-2.2.0.jar:/home/runner/.m2/repository/com/amazonaws/aws-java-sdk-core/1.12.124/aws-java-sdk-core-1.12.124.jar:/home/runner/.m2/repository/org/apache/httpcomponents/httpclient/4.5.13/httpclient-4.5.13.jar:/home/runner/.m2/repository/org/apache/httpcomponents/httpcore/4.4.13/httpcore-4.4.13.jar:/home/runner/.m2/repository/software/amazon/ion/ion-java/1.0.2/ion-java-1.0.2.jar:/home/runner/.m2/repository/com/fasterxml/jackson/dataformat/jackson-dataformat-cbor/2.13.2/jackson-dataformat-cbor-2.13.2.jar:/home/runner/.m2/repository/joda-time/joda-time/2.8.1/joda-time-2.8.1.jar:/home/runner/.m2/repository/com/amazonaws/aws-java-sdk-s3/1.12.124/aws-java-sdk-s3-1.12.124.jar:/home/runner/.m2/repository/com/amazonaws/aws-java-sdk-kms/1.12.124/aws-java-sdk-kms-1.12.124.jar:/home/runner/.m2/repository/com/amazonaws/jmespath-java/1.12.124/jmespath-java-1.12.124.jar:/home/runner/.m2/repository/org/kohsuke/metainf-services/metainf-services/1.8/metainf-services-1.8.jar:/home/runner/.m2/repository/org/apache/ozone/hdds-tools/1.3.0-SNAPSHOT/hdds-tools-1.3.0-SNAPSHOT.jar:/home/runner/.m2/repository/commons-cli/commons-cli/1.2/commons-cli-1.2.jar:/home/runner/.m2/repository/org/apache/commons/commons-lang3/3.7/commons-lang3-3.7.jar:/home/runner/.m2/repository/org/apache/ozone/ozone-manager/1.3.0-SNAPSHOT/ozone-manager-1.3.0-SNAPSHOT-tests.jar:/home/runner/.m2/repository/org/apache/ozone/hdds-common/1.3.0-SNAPSHOT/hdds-common-1.3.0-SNAPSHOT-tests.jar:/home/runner/.m2/repository/org/apache/ozone/hdds-hadoop-dependency-client/1.3.0-SNAPSHOT/hdds-hadoop-dependency-client-1.3.0-SNAPSHOT.jar:/home/runner/.m2/repository/info/picocli/picocli/4.6.1/picocli-4.6.1.jar:/home/runner/.m2/repository/com/fasterxml/jackson/core/jackson-annotations/2.13.2/jackson-annotations-2.13.2.jar:/home/runner/.m2/repository/com/fasterxml/jackson/datatype/jackson-datatype-jsr310/2.13.2/jackson-datatype-jsr310-2.13.2.jar:/home/runner/.m2/repository/javax/annotation/javax.annotation-api/1.2/javax.annotation-api-1.2.jar:/home/runner/.m2/repository/org/apache/ratis/ratis-server/2.2.0/ratis-server-2.2.0.jar:/home/runner/.m2/repository/org/apache/ratis/ratis-client/2.2.0/ratis-client-2.2.0.jar:/home/runner/.m2/repository/org/apache/ratis/ratis-server-api/2.2.0/ratis-server-api-2.2.0.jar:/home/runner/.m2/repository/org/apache/ratis/ratis-metrics/2.2.0/ratis-metrics-2.2.0.jar:/home/runner/.m2/repository/org/apache/ratis/ratis-netty/2.2.0/ratis-netty-2.2.0.jar:/home/runner/.m2/repository/org/apache/ratis/ratis-grpc/2.2.0/ratis-grpc-2.2.0.jar:/home/runner/.m2/repository/org/apache/logging/log4j/log4j-api/2.17.1/log4j-api-2.17.1.jar:/home/runner/.m2/repository/org/apache/commons/commons-pool2/2.6.0/commons-pool2-2.6.0.jar:/home/runner/.m2/repository/org/bouncycastle/bcpkix-jdk15on/1.67/bcpkix-jdk15on-1.67.jar:/home/runner/.m2/repository/commons-validator/commons-validator/1.6/commons-validator-1.6.jar:/home/runner/.m2/repository/commons-beanutils/commons-beanutils/1.9.4/commons-beanutils-1.9.4.jar:/home/runner/.m2/repository/commons-digester/commons-digester/1.8.1/commons-digester-1.8.1.jar:/home/runner/.m2/repository/commons-collections/commons-collections/3.2.2/commons-collections-3.2.2.jar:/home/runner/.m2/repository/io/jaegertracing/jaeger-client/1.6.0/jaeger-client-1.6.0.jar:/home/runner/.m2/repository/io/jaegertracing/jaeger-thrift/1.6.0/jaeger-thrift-1.6.0.jar:/home/runner/.m2/repository/org/apache/thrift/libthrift/0.14.1/libthrift-0.14.1.jar:/home/runner/.m2/repository/com/squareup/okhttp3/okhttp/4.9.0/okhttp-4.9.0.jar:/home/runner/.m2/repository/com/squareup/okio/okio/2.8.0/okio-2.8.0.jar:/home/runner/.m2/repository/io/jaegertracing/jaeger-core/1.6.0/jaeger-core-1.6.0.jar:/home/runner/.m2/repository/io/jaegertracing/jaeger-tracerresolver/1.6.0/jaeger-tracerresolver-1.6.0.jar:/home/runner/.m2/repository/io/opentracing/contrib/opentracing-tracerresolver/0.1.8/opentracing-tracerresolver-0.1.8.jar:/home/runner/.m2/repository/org/jetbrains/kotlin/kotlin-stdlib/1.4.31/kotlin-stdlib-1.4.31.jar:/home/runner/.m2/repository/org/jetbrains/kotlin/kotlin-stdlib-common/1.4.31/kotlin-stdlib-common-1.4.31.jar:/home/runner/.m2/repository/org/jetbrains/annotations/13.0/annotations-13.0.jar:/home/runner/.m2/repository/io/opentracing/opentracing-util/0.33.0/opentracing-util-0.33.0.jar:/home/runner/.m2/repository/io/opentracing/opentracing-api/0.33.0/opentracing-api-0.33.0.jar:/home/runner/.m2/repository/io/opentracing/opentracing-noop/0.33.0/opentracing-noop-0.33.0.jar:/home/runner/.m2/repository/org/yaml/snakeyaml/1.26/snakeyaml-1.26.jar:/home/runner/.m2/repository/org/apache/ozone/hdds-interface-admin/1.3.0-SNAPSHOT/hdds-interface-admin-1.3.0-SNAPSHOT.jar:/home/runner/.m2/repository/junit/junit/4.13.1/junit-4.13.1.jar:/home/runner/.m2/repository/org/hamcrest/hamcrest-core/1.3/hamcrest-core-1.3.jar:/home/runner/.m2/repository/org/junit/jupiter/junit-jupiter-api/5.7.0/junit-jupiter-api-5.7.0.jar:/home/runner/.m2/repository/org/apiguardian/apiguardian-api/1.1.0/apiguardian-api-1.1.0.jar:/home/runner/.m2/repository/org/opentest4j/opentest4j/1.2.0/opentest4j-1.2.0.jar:/home/runner/.m2/repository/org/junit/platform/junit-platform-commons/1.7.0/junit-platform-commons-1.7.0.jar:/home/runner/.m2/repository/org/junit/jupiter/junit-jupiter-params/5.7.0/junit-jupiter-params-5.7.0.jar:/home/runner/.m2/repository/org/junit/jupiter/junit-jupiter-migrationsupport/5.7.0/junit-jupiter-migrationsupport-5.7.0.jar:/home/runner/.m2/repository/org/junit/jupiter/junit-jupiter-engine/5.7.0/junit-jupiter-engine-5.7.0.jar:/home/runner/.m2/repository/org/junit/platform/junit-platform-engine/1.7.0/junit-platform-engine-1.7.0.jar:/home/runner/.m2/repository/org/junit/vintage/junit-vintage-engine/5.7.0/junit-vintage-engine-5.7.0.jar:/home/runner/.m2/repository/org/junit/platform/junit-platform-launcher/1.7.0/junit-platform-launcher-1.7.0.jar:/home/runner/.m2/repository/org/mockito/mockito-core/2.28.2/mockito-core-2.28.2.jar:/home/runner/.m2/repository/net/bytebuddy/byte-buddy/1.9.10/byte-buddy-1.9.10.jar:/home/runner/.m2/repository/net/bytebuddy/byte-buddy-agent/1.9.10/byte-buddy-agent-1.9.10.jar:/home/runner/.m2/repository/org/objenesis/objenesis/1.0/objenesis-1.0.jar:/home/runner/.m2/repository/org/apache/hadoop/hadoop-kms/3.3.1/hadoop-kms-3.3.1.jar:/home/runner/.m2/repository/org/apache/hadoop/hadoop-auth/3.3.1/hadoop-auth-3.3.1.jar:/home/runner/.m2/repository/com/nimbusds/nimbus-jose-jwt/7.9/nimbus-jose-jwt-7.9.jar:/home/runner/.m2/repository/com/github/stephenc/jcip/jcip-annotations/1.0-1/jcip-annotations-1.0-1.jar:/home/runner/.m2/repository/net/minidev/json-smart/2.4.7/json-smart-2.4.7.jar:/home/runner/.m2/repository/net/minidev/accessors-smart/2.4.7/accessors-smart-2.4.7.jar:/home/runner/.m2/repository/org/ow2/asm/asm/5.0.4/asm-5.0.4.jar:/home/runner/.m2/repository/org/apache/zookeeper/zookeeper/3.5.6/zookeeper-3.5.6.jar:/home/runner/.m2/repository/org/apache/zookeeper/zookeeper-jute/3.5.6/zookeeper-jute-3.5.6.jar:/home/runner/.m2/repository/org/apache/yetus/audience-annotations/0.5.0/audience-annotations-0.5.0.jar:/home/runner/.m2/repository/org/apache/curator/curator-framework/4.2.0/curator-framework-4.2.0.jar:/home/runner/.m2/repository/org/apache/hadoop/thirdparty/hadoop-shaded-guava/1.1.1/hadoop-shaded-guava-1.1.1.jar:/home/runner/.m2/repository/com/sun/jersey/jersey-core/1.19/jersey-core-1.19.jar:/home/runner/.m2/repository/javax/ws/rs/jsr311-api/1.1.1/jsr311-api-1.1.1.jar:/home/runner/.m2/repository/com/sun/jersey/jersey-server/1.19/jersey-server-1.19.jar:/home/runner/.m2/repository/javax/servlet/javax.servlet-api/3.1.0/javax.servlet-api-3.1.0.jar:/home/runner/.m2/repository/org/eclipse/jetty/jetty-server/9.4.43.v20210629/jetty-server-9.4.43.v20210629.jar:/home/runner/.m2/repository/org/eclipse/jetty/jetty-http/9.4.43.v20210629/jetty-http-9.4.43.v20210629.jar:/home/runner/.m2/repository/org/eclipse/jetty/jetty-io/9.4.43.v20210629/jetty-io-9.4.43.v20210629.jar:/home/runner/.m2/repository/org/eclipse/jetty/jetty-webapp/9.4.43.v20210629/jetty-webapp-9.4.43.v20210629.jar:/home/runner/.m2/repository/org/eclipse/jetty/jetty-xml/9.4.43.v20210629/jetty-xml-9.4.43.v20210629.jar:/home/runner/.m2/repository/org/apache/hadoop/hadoop-common/3.3.1/hadoop-common-3.3.1.jar:/home/runner/.m2/repository/org/apache/commons/commons-math3/3.1.1/commons-math3-3.1.1.jar:/home/runner/.m2/repository/commons-net/commons-net/3.6/commons-net-3.6.jar:/home/runner/.m2/repository/com/sun/jersey/jersey-servlet/1.19/jersey-servlet-1.19.jar:/home/runner/.m2/repository/com/sun/jersey/jersey-json/1.19/jersey-json-1.19.jar:/home/runner/.m2/repository/org/codehaus/jettison/jettison/1.1/jettison-1.1.jar:/home/runner/.m2/repository/com/sun/xml/bind/jaxb-impl/2.2.3-1/jaxb-impl-2.2.3-1.jar:/home/runner/.m2/repository/org/codehaus/jackson/jackson-jaxrs/1.9.2/jackson-jaxrs-1.9.2.jar:/home/runner/.m2/repository/org/codehaus/jackson/jackson-xc/1.9.2/jackson-xc-1.9.2.jar:/home/runner/.m2/repository/org/apache/commons/commons-configuration2/2.1.1/commons-configuration2-2.1.1.jar:/home/runner/.m2/repository/org/apache/commons/commons-text/1.4/commons-text-1.4.jar:/home/runner/.m2/repository/com/google/re2j/re2j/1.1/re2j-1.1.jar:/home/runner/.m2/repository/com/jcraft/jsch/0.1.54/jsch-0.1.54.jar:/home/runner/.m2/repository/org/apache/curator/curator-client/4.2.0/curator-client-4.2.0.jar:/home/runner/.m2/repository/org/apache/curator/curator-recipes/4.2.0/curator-recipes-4.2.0.jar:/home/runner/.m2/repository/org/apache/kerby/kerb-core/1.0.1/kerb-core-1.0.1.jar:/home/runner/.m2/repository/org/apache/kerby/kerby-pkix/1.0.1/kerby-pkix-1.0.1.jar:/home/runner/.m2/repository/org/apache/kerby/kerby-asn1/1.0.1/kerby-asn1-1.0.1.jar:/home/runner/.m2/repository/org/apache/kerby/kerby-util/1.0.1/kerby-util-1.0.1.jar:/home/runner/.m2/repository/dnsjava/dnsjava/2.1.7/dnsjava-2.1.7.jar:/home/runner/.m2/repository/org/xerial/snappy/snappy-java/1.1.8.2/snappy-java-1.1.8.2.jar:/home/runner/.m2/repository/org/slf4j/jul-to-slf4j/1.7.30/jul-to-slf4j-1.7.30.jar:/home/runner/.m2/repository/org/eclipse/jetty/jetty-util/9.4.43.v20210629/jetty-util-9.4.43.v20210629.jar:/home/runner/.m2/repository/com/fasterxml/jackson/core/jackson-databind/2.13.2.2/jackson-databind-2.13.2.2.jar:/home/runner/.m2/repository/org/apache/hadoop/hadoop-kms/3.3.1/hadoop-kms-3.3.1-tests.jar:/home/runner/.m2/repository/org/apache/ozone/hdds-server-scm/1.3.0-SNAPSHOT/hdds-server-scm-1.3.0-SNAPSHOT-tests.jar:/home/runner/.m2/repository/org/apache/ozone/hdds-container-service/1.3.0-SNAPSHOT/hdds-container-service-1.3.0-SNAPSHOT-tests.jar:/home/runner/.m2/repository/commons-codec/commons-codec/1.11/commons-codec-1.11.jar:/home/runner/.m2/repository/io/netty/netty-codec/4.1.63.Final/netty-codec-4.1.63.Final.jar:/home/runner/.m2/repository/io/netty/netty-handler/4.1.63.Final/netty-handler-4.1.63.Final.jar:/home/runner/.m2/repository/org/apache/ozone/hdds-hadoop-dependency-test/1.3.0-SNAPSHOT/hdds-hadoop-dependency-test-1.3.0-SNAPSHOT.jar:/home/runner/.m2/repository/org/apache/hadoop/hadoop-common/3.3.1/hadoop-common-3.3.1-tests.jar:/home/runner/.m2/repository/org/assertj/assertj-core/3.12.2/assertj-core-3.12.2.jar:/home/runner/.m2/repository/org/apache/hadoop/hadoop-hdfs/3.3.1/hadoop-hdfs-3.3.1-tests.jar:/home/runner/.m2/repository/org/eclipse/jetty/jetty-util-ajax/9.4.43.v20210629/jetty-util-ajax-9.4.43.v20210629.jar:/home/runner/.m2/repository/commons-daemon/commons-daemon/1.0.13/commons-daemon-1.0.13.jar:/home/runner/.m2/repository/io/netty/netty/3.10.6.Final/netty-3.10.6.Final.jar:/home/runner/.m2/repository/io/netty/netty-all/4.1.63.Final/netty-all-4.1.63.Final.jar:/home/runner/.m2/repository/org/apache/htrace/htrace-core4/4.1.0-incubating/htrace-core4-4.1.0-incubating.jar:/home/runner/.m2/repository/org/fusesource/leveldbjni/leveldbjni-all/1.8/leveldbjni-all-1.8.jar:/home/runner/.m2/repository/org/apache/hadoop/hadoop-distcp/3.3.1/hadoop-distcp-3.3.1.jar:/home/runner/.m2/repository/org/apache/hadoop/hadoop-mapreduce-client-jobclient/3.3.1/hadoop-mapreduce-client-jobclient-3.3.1.jar:/home/runner/.m2/repository/org/apache/hadoop/hadoop-mapreduce-client-common/3.3.1/hadoop-mapreduce-client-common-3.3.1.jar:/home/runner/.m2/repository/org/apache/hadoop/hadoop-yarn-common/3.3.1/hadoop-yarn-common-3.3.1.jar:/home/runner/.m2/repository/org/apache/hadoop/hadoop-yarn-api/3.3.1/hadoop-yarn-api-3.3.1.jar:/home/runner/.m2/repository/com/sun/jersey/jersey-client/1.19/jersey-client-1.19.jar:/home/runner/.m2/repository/com/sun/jersey/contribs/jersey-guice/1.19/jersey-guice-1.19.jar:/home/runner/.m2/repository/com/fasterxml/jackson/jaxrs/jackson-jaxrs-json-provider/2.13.2/jackson-jaxrs-json-provider-2.13.2.jar:/home/runner/.m2/repository/com/fasterxml/jackson/jaxrs/jackson-jaxrs-base/2.13.2/jackson-jaxrs-base-2.13.2.jar:/home/runner/.m2/repository/org/apache/hadoop/hadoop-yarn-client/3.3.1/hadoop-yarn-client-3.3.1.jar:/home/runner/.m2/repository/org/eclipse/jetty/websocket/websocket-client/9.4.40.v20210413/websocket-client-9.4.40.v20210413.jar:/home/runner/.m2/repository/org/eclipse/jetty/jetty-client/9.4.40.v20210413/jetty-client-9.4.40.v20210413.jar:/home/runner/.m2/repository/org/eclipse/jetty/websocket/websocket-common/9.4.40.v20210413/websocket-common-9.4.40.v20210413.jar:/home/runner/.m2/repository/org/eclipse/jetty/websocket/websocket-api/9.4.40.v20210413/websocket-api-9.4.40.v20210413.jar:/home/runner/.m2/repository/org/jline/jline/3.9.0/jline-3.9.0.jar:/home/runner/.m2/repository/org/apache/hadoop/hadoop-mapreduce-client-core/3.3.1/hadoop-mapreduce-client-core-3.3.1.jar:/home/runner/.m2/repository/org/apache/avro/avro/1.7.7/avro-1.7.7.jar:/home/runner/.m2/repository/org/codehaus/jackson/jackson-core-asl/1.9.13/jackson-core-asl-1.9.13.jar:/home/runner/.m2/repository/org/codehaus/jackson/jackson-mapper-asl/1.9.13/jackson-mapper-asl-1.9.13.jar:/home/runner/.m2/repository/com/thoughtworks/paranamer/paranamer/2.3/paranamer-2.3.jar:/home/runner/.m2/repository/org/apache/hadoop/hadoop-annotations/3.3.1/hadoop-annotations-3.3.1.jar:/usr/lib/jvm/temurin-8-jdk-amd64/jre/../lib/tools.jar:/home/runner/.m2/repository/org/apache/hadoop/hadoop-distcp/3.3.1/hadoop-distcp-3.3.1-tests.jar:/home/runner/.m2/repository/org/apache/ratis/ratis-common/2.2.0/ratis-common-2.2.0.jar:/home/runner/.m2/repository/org/apache/ratis/ratis-thirdparty-misc/0.7.0/ratis-thirdparty-misc-0.7.0.jar:/home/runner/.m2/repository/org/apache/ratis/ratis-proto/2.2.0/ratis-proto-2.2.0.jar:/home/runner/.m2/repository/org/apache/ozone/ozone-annotation-processing/1.3.0-SNAPSHOT/ozone-annotation-processing-1.3.0-SNAPSHOT.jar:"/>
    <property name="sun.cpu.endian" value="little"/>
    <property name="user.home" value="/home/runner"/>
    <property name="user.language" value="en"/>
    <property name="java.specification.vendor" value="Oracle Corporation"/>
    <property name="java.home" value="/usr/lib/jvm/temurin-8-jdk-amd64/jre"/>
    <property name="java.security.krb5.conf" value="/home/runner/work/ozone/ozone/hadoop-ozone/integration-test/target/test-classes/krb5.conf"/>
    <property name="basedir" value="/home/runner/work/ozone/ozone/hadoop-ozone/integration-test"/>
    <property name="file.separator" value="/"/>
    <property name="line.separator" value="&#10;"/>
    <property name="java.vm.specification.vendor" value="Oracle Corporation"/>
    <property name="java.specification.name" value="Java Platform API Specification"/>
    <property name="java.awt.graphicsenv" value="sun.awt.X11GraphicsEnvironment"/>
    <property name="skip.installnpx" value="true"/>
    <property name="surefire.fork.timeout" value="3600"/>
    <property name="surefire.real.class.path" value="/home/runner/work/ozone/ozone/hadoop-ozone/integration-test/target/surefire/surefirebooter8199344656361432863.jar:/home/runner/.m2/repository/org/jacoco/org.jacoco.agent/0.8.5/org.jacoco.agent-0.8.5-runtime.jar"/>
    <property name="hadoop.log.dir" value="/home/runner/work/ozone/ozone/hadoop-ozone/integration-test/target/log"/>
    <property name="sun.boot.class.path" value="/usr/lib/jvm/temurin-8-jdk-amd64/jre/lib/resources.jar:/usr/lib/jvm/temurin-8-jdk-amd64/jre/lib/rt.jar:/usr/lib/jvm/temurin-8-jdk-amd64/jre/lib/sunrsasign.jar:/usr/lib/jvm/temurin-8-jdk-amd64/jre/lib/jsse.jar:/usr/lib/jvm/temurin-8-jdk-amd64/jre/lib/jce.jar:/usr/lib/jvm/temurin-8-jdk-amd64/jre/lib/charsets.jar:/usr/lib/jvm/temurin-8-jdk-amd64/jre/lib/jfr.jar:/usr/lib/jvm/temurin-8-jdk-amd64/jre/classes"/>
    <property name="sun.management.compiler" value="HotSpot 64-Bit Tiered Compilers"/>
    <property name="skip.npx" value="true"/>
    <property name="java.runtime.version" value="1.8.0_332-b09"/>
    <property name="java.net.preferIPv4Stack" value="true"/>
    <property name="user.name" value="runner"/>
    <property name="path.separator" value=":"/>
    <property name="java.security.egd" value="file:///dev/urandom"/>
    <property name="os.version" value="5.4.0-1078-azure"/>
    <property name="java.endorsed.dirs" value="/usr/lib/jvm/temurin-8-jdk-amd64/jre/lib/endorsed"/>
    <property name="java.runtime.name" value="OpenJDK Runtime Environment"/>
    <property name="file.encoding" value="UTF-8"/>
    <property name="java.vm.name" value="OpenJDK 64-Bit Server VM"/>
    <property name="test.build.webapps" value=""/>
    <property name="localRepository" value="/home/runner/.m2/repository"/>
    <property name="jetty.git.hash" value="526006ecfa3af7f1a27ef3a288e2bef7ea9dd7e8"/>
    <property name="java.vendor.url.bug" value="https://github.com/adoptium/adoptium-support/issues"/>
    <property name="java.io.tmpdir" value="/tmp"/>
    <property name="require.test.libhadoop" value=""/>
    <property name="surefire.rerunFailingTestsCount" value="5"/>
    <property name="java.version" value="1.8.0_332"/>
    <property name="user.dir" value="/home/runner/work/ozone/ozone/hadoop-ozone/integration-test"/>
    <property name="os.arch" value="amd64"/>
    <property name="java.vm.specification.name" value="Java Virtual Machine Specification"/>
    <property name="test.build.classes" value="/home/runner/work/ozone/ozone/hadoop-ozone/integration-test/target/test-classes"/>
    <property name="java.awt.printerjob" value="sun.print.PSPrinterJob"/>
    <property name="sun.os.patch.level" value="unknown"/>
    <property name="hadoop.tmp.dir" value="/home/runner/work/ozone/ozone/hadoop-ozone/integration-test/target/tmp"/>
    <property name="java.library.path" value="/usr/java/packages/lib/amd64:/usr/lib64:/lib64:/lib:/usr/lib"/>
    <property name="java.vm.info" value="mixed mode"/>
    <property name="java.vendor" value="Temurin"/>
    <property name="java.vm.version" value="25.332-b09"/>
    <property name="java.ext.dirs" value="/usr/lib/jvm/temurin-8-jdk-amd64/jre/lib/ext:/usr/java/packages/lib/ext"/>
    <property name="sun.io.unicode.encoding" value="UnicodeLittle"/>
    <property name="java.class.version" value="52.0"/>
  </properties>
  <testcase name="testLeaderIdAfterLeaderChange" classname="org.apache.hadoop.hdds.scm.TestRatisPipelineLeader" time="0.031">
    <failure type="java.lang.AssertionError"><![CDATA[java.lang.AssertionError
	at org.junit.Assert.fail(Assert.java:87)
	at org.junit.Assert.assertTrue(Assert.java:42)
	at org.junit.Assert.assertTrue(Assert.java:53)
	at org.apache.hadoop.hdds.scm.TestRatisPipelineLeader.testLeaderIdAfterLeaderChange(TestRatisPipelineLeader.java:119)
	at sun.reflect.NativeMethodAccessorImpl.invoke0(Native Method)
	at sun.reflect.NativeMethodAccessorImpl.invoke(NativeMethodAccessorImpl.java:62)
	at sun.reflect.DelegatingMethodAccessorImpl.invoke(DelegatingMethodAccessorImpl.java:43)
	at java.lang.reflect.Method.invoke(Method.java:498)
	at org.junit.platform.commons.util.ReflectionUtils.invokeMethod(ReflectionUtils.java:688)
	at org.junit.jupiter.engine.execution.MethodInvocation.proceed(MethodInvocation.java:60)
	at org.junit.jupiter.engine.execution.InvocationInterceptorChain$ValidatingInvocation.proceed(InvocationInterceptorChain.java:131)
	at org.junit.jupiter.engine.extension.TimeoutInvocation.proceed(TimeoutInvocation.java:46)
	at org.junit.jupiter.engine.extension.TimeoutExtension.intercept(TimeoutExtension.java:149)
	at org.junit.jupiter.engine.extension.TimeoutExtension.interceptTestableMethod(TimeoutExtension.java:140)
	at org.junit.jupiter.engine.extension.TimeoutExtension.interceptTestMethod(TimeoutExtension.java:84)
	at org.junit.jupiter.engine.execution.ExecutableInvoker$ReflectiveInterceptorCall.lambda$ofVoidMethod$0(ExecutableInvoker.java:115)
	at org.junit.jupiter.engine.execution.ExecutableInvoker.lambda$invoke$0(ExecutableInvoker.java:105)
	at org.junit.jupiter.engine.execution.InvocationInterceptorChain$InterceptedInvocation.proceed(InvocationInterceptorChain.java:106)
	at org.junit.jupiter.engine.execution.InvocationInterceptorChain.proceed(InvocationInterceptorChain.java:64)
	at org.junit.jupiter.engine.execution.InvocationInterceptorChain.chainAndInvoke(InvocationInterceptorChain.java:45)
	at org.junit.jupiter.engine.execution.InvocationInterceptorChain.invoke(InvocationInterceptorChain.java:37)
	at org.junit.jupiter.engine.execution.ExecutableInvoker.invoke(ExecutableInvoker.java:104)
	at org.junit.jupiter.engine.execution.ExecutableInvoker.invoke(ExecutableInvoker.java:98)
	at org.junit.jupiter.engine.descriptor.TestMethodTestDescriptor.lambda$invokeTestMethod$6(TestMethodTestDescriptor.java:210)
	at org.junit.platform.engine.support.hierarchical.ThrowableCollector.execute(ThrowableCollector.java:73)
	at org.junit.jupiter.engine.descriptor.TestMethodTestDescriptor.invokeTestMethod(TestMethodTestDescriptor.java:206)
	at org.junit.jupiter.engine.descriptor.TestMethodTestDescriptor.execute(TestMethodTestDescriptor.java:131)
	at org.junit.jupiter.engine.descriptor.TestMethodTestDescriptor.execute(TestMethodTestDescriptor.java:65)
	at org.junit.platform.engine.support.hierarchical.NodeTestTask.lambda$executeRecursively$5(NodeTestTask.java:139)
	at org.junit.platform.engine.support.hierarchical.ThrowableCollector.execute(ThrowableCollector.java:73)
	at org.junit.platform.engine.support.hierarchical.NodeTestTask.lambda$executeRecursively$7(NodeTestTask.java:129)
	at org.junit.platform.engine.support.hierarchical.Node.around(Node.java:137)
	at org.junit.platform.engine.support.hierarchical.NodeTestTask.lambda$executeRecursively$8(NodeTestTask.java:127)
	at org.junit.platform.engine.support.hierarchical.ThrowableCollector.execute(ThrowableCollector.java:73)
	at org.junit.platform.engine.support.hierarchical.NodeTestTask.executeRecursively(NodeTestTask.java:126)
	at org.junit.platform.engine.support.hierarchical.NodeTestTask.execute(NodeTestTask.java:84)
	at java.util.ArrayList.forEach(ArrayList.java:1259)
	at org.junit.platform.engine.support.hierarchical.SameThreadHierarchicalTestExecutorService.invokeAll(SameThreadHierarchicalTestExecutorService.java:38)
	at org.junit.platform.engine.support.hierarchical.NodeTestTask.lambda$executeRecursively$5(NodeTestTask.java:143)
	at org.junit.platform.engine.support.hierarchical.ThrowableCollector.execute(ThrowableCollector.java:73)
	at org.junit.platform.engine.support.hierarchical.NodeTestTask.lambda$executeRecursively$7(NodeTestTask.java:129)
	at org.junit.platform.engine.support.hierarchical.Node.around(Node.java:137)
	at org.junit.platform.engine.support.hierarchical.NodeTestTask.lambda$executeRecursively$8(NodeTestTask.java:127)
	at org.junit.platform.engine.support.hierarchical.ThrowableCollector.execute(ThrowableCollector.java:73)
	at org.junit.platform.engine.support.hierarchical.NodeTestTask.executeRecursively(NodeTestTask.java:126)
	at org.junit.platform.engine.support.hierarchical.NodeTestTask.execute(NodeTestTask.java:84)
	at java.util.ArrayList.forEach(ArrayList.java:1259)
	at org.junit.platform.engine.support.hierarchical.SameThreadHierarchicalTestExecutorService.invokeAll(SameThreadHierarchicalTestExecutorService.java:38)
	at org.junit.platform.engine.support.hierarchical.NodeTestTask.lambda$executeRecursively$5(NodeTestTask.java:143)
	at org.junit.platform.engine.support.hierarchical.ThrowableCollector.execute(ThrowableCollector.java:73)
	at org.junit.platform.engine.support.hierarchical.NodeTestTask.lambda$executeRecursively$7(NodeTestTask.java:129)
	at org.junit.platform.engine.support.hierarchical.Node.around(Node.java:137)
	at org.junit.platform.engine.support.hierarchical.NodeTestTask.lambda$executeRecursively$8(NodeTestTask.java:127)
	at org.junit.platform.engine.support.hierarchical.ThrowableCollector.execute(ThrowableCollector.java:73)
	at org.junit.platform.engine.support.hierarchical.NodeTestTask.executeRecursively(NodeTestTask.java:126)
	at org.junit.platform.engine.support.hierarchical.NodeTestTask.execute(NodeTestTask.java:84)
	at org.junit.platform.engine.support.hierarchical.SameThreadHierarchicalTestExecutorService.submit(SameThreadHierarchicalTestExecutorService.java:32)
	at org.junit.platform.engine.support.hierarchical.HierarchicalTestExecutor.execute(HierarchicalTestExecutor.java:57)
	at org.junit.platform.engine.support.hierarchical.HierarchicalTestEngine.execute(HierarchicalTestEngine.java:51)
	at org.junit.platform.launcher.core.EngineExecutionOrchestrator.execute(EngineExecutionOrchestrator.java:108)
	at org.junit.platform.launcher.core.EngineExecutionOrchestrator.execute(EngineExecutionOrchestrator.java:88)
	at org.junit.platform.launcher.core.EngineExecutionOrchestrator.lambda$execute$0(EngineExecutionOrchestrator.java:54)
	at org.junit.platform.launcher.core.EngineExecutionOrchestrator.withInterceptedStreams(EngineExecutionOrchestrator.java:67)
	at org.junit.platform.launcher.core.EngineExecutionOrchestrator.execute(EngineExecutionOrchestrator.java:52)
	at org.junit.platform.launcher.core.DefaultLauncher.execute(DefaultLauncher.java:96)
	at org.junit.platform.launcher.core.DefaultLauncher.execute(DefaultLauncher.java:75)
	at org.apache.maven.surefire.junitplatform.JUnitPlatformProvider.execute(JUnitPlatformProvider.java:188)
	at org.apache.maven.surefire.junitplatform.JUnitPlatformProvider.invokeAllTests(JUnitPlatformProvider.java:154)
	at org.apache.maven.surefire.junitplatform.JUnitPlatformProvider.invoke(JUnitPlatformProvider.java:124)
	at org.apache.maven.surefire.booter.ForkedBooter.runSuitesInProcess(ForkedBooter.java:428)
	at org.apache.maven.surefire.booter.ForkedBooter.execute(ForkedBooter.java:162)
	at org.apache.maven.surefire.booter.ForkedBooter.run(ForkedBooter.java:562)
	at org.apache.maven.surefire.booter.ForkedBooter.main(ForkedBooter.java:548)
]]></failure>
    <system-out><![CDATA[2022-05-17 16:32:00,504 [main] WARN  server.ServerUtils (ServerUtils.java:getScmDbDir(148)) - ozone.scm.db.dirs is not configured. We recommend adding this setting. Falling back to ozone.metadata.dirs instead.
2022-05-17 16:32:00,612 [main] INFO  ha.SCMHANodeDetails (SCMHANodeDetails.java:loadSCMHAConfig(160)) - ServiceID for StorageContainerManager is null
2022-05-17 16:32:00,612 [main] INFO  ha.SCMHANodeDetails (SCMHANodeDetails.java:loadSCMHAConfig(165)) - ozone.scm.default.service.id is not defined, falling back to ozone.scm.service.ids to find serviceID for StorageContainerManager if it is HA enabled cluster
2022-05-17 16:32:00,750 [main] WARN  server.ServerUtils (ServerUtils.java:getScmDbDir(148)) - ozone.scm.db.dirs is not configured. We recommend adding this setting. Falling back to ozone.metadata.dirs instead.
2022-05-17 16:32:00,755 [main] INFO  upgrade.AbstractLayoutVersionManager (AbstractLayoutVersionManager.java:init(79)) - Initializing Layout version manager with metadata layout = ERASURE_CODED_STORAGE_SUPPORT (version = 3), software layout = ERASURE_CODED_STORAGE_SUPPORT (version = 3)
2022-05-17 16:32:01,077 [main] INFO  reflections.Reflections (Reflections.java:scan(232)) - Reflections took 204 ms to scan 7 urls, producing 127 keys and 292 values 
2022-05-17 16:32:01,756 [main] WARN  utils.HAUtils (HAUtils.java:getMetaDir(342)) - ozone.scm.db.dirs is not configured. We recommend adding this setting. Falling back to ozone.metadata.dirs instead.
2022-05-17 16:32:01,928 [main] WARN  db.DBStoreBuilder (DBStoreBuilder.java:applyDBDefinition(145)) - ozone.scm.db.dirs is not configured. We recommend adding this setting. Falling back to ozone.metadata.dirs instead.
2022-05-17 16:32:02,151 [main] INFO  net.NodeSchemaLoader (NodeSchemaLoader.java:loadSchemaFromFile(129)) - Loading schema from [jar:file:/home/runner/.m2/repository/org/apache/ozone/hdds-common/1.3.0-SNAPSHOT/hdds-common-1.3.0-SNAPSHOT.jar!/network-topology-default.xml]
2022-05-17 16:32:02,157 [main] INFO  net.NodeSchemaLoader (NodeSchemaLoader.java:loadSchema(176)) - Loading network topology layer schema file
2022-05-17 16:32:02,220 [main] INFO  metrics.MetricRegistries (MetricRegistriesLoader.java:load(64)) - Loaded MetricRegistries class org.apache.ratis.metrics.impl.MetricRegistriesImpl
2022-05-17 16:32:02,246 [main] INFO  ha.SequenceIdGenerator (SequenceIdGenerator.java:upgradeToSequenceId(347)) - upgrade localId to 109611004723200000
2022-05-17 16:32:02,247 [main] INFO  ha.SequenceIdGenerator (SequenceIdGenerator.java:upgradeToSequenceId(357)) - upgrade delTxnId to 0
2022-05-17 16:32:02,254 [main] INFO  ha.SequenceIdGenerator (SequenceIdGenerator.java:upgradeToSequenceId(371)) - upgrade containerId to 0
2022-05-17 16:32:02,260 [main] INFO  ha.SequenceIdGenerator (SequenceIdGenerator.java:<init>(218)) - Init the HA SequenceIdGenerator.
2022-05-17 16:32:02,316 [main] WARN  server.ServerUtils (ServerUtils.java:sanitizeUserArgs(73)) - ozone.scm.stale.node.interval value = 300000 is larger than max = 100000 based on the key value of ozone.scm.heartbeat.thread.interval, reset to the max value 100000.
2022-05-17 16:32:02,319 [main] WARN  server.ServerUtils (ServerUtils.java:sanitizeUserArgs(73)) - ozone.scm.stale.node.interval value = 300000 is larger than max = 100000 based on the key value of ozone.scm.heartbeat.thread.interval, reset to the max value 100000.
2022-05-17 16:32:02,327 [main] INFO  node.SCMNodeManager (SCMNodeManager.java:<init>(148)) - Entering startup safe mode.
2022-05-17 16:32:02,406 [main] INFO  algorithms.ContainerPlacementPolicyFactory (ContainerPlacementPolicyFactory.java:getPolicyInternal(86)) - Create container placement policy of type org.apache.hadoop.hdds.scm.container.placement.algorithms.SCMContainerPlacementRandom
2022-05-17 16:32:02,421 [main] INFO  pipeline.PipelineStateManagerImpl (PipelineStateManagerImpl.java:initialize(78)) - No pipeline exists in current db
2022-05-17 16:32:02,464 [main] INFO  algorithms.LeaderChoosePolicyFactory (LeaderChoosePolicyFactory.java:getPolicy(57)) - Create leader choose policy of type org.apache.hadoop.hdds.scm.pipeline.leader.choose.algorithms.MinLeaderCountChoosePolicy
2022-05-17 16:32:02,465 [main] INFO  algorithms.ContainerPlacementPolicyFactory (ContainerPlacementPolicyFactory.java:getPolicyInternal(86)) - Create container placement policy of type org.apache.hadoop.hdds.scm.container.placement.algorithms.SCMContainerPlacementRackScatter
2022-05-17 16:32:02,475 [main] INFO  pipeline.BackgroundPipelineCreator (BackgroundPipelineCreator.java:start(125)) - Starting RatisPipelineUtilsThread.
2022-05-17 16:32:02,481 [main] INFO  pipeline.BackgroundPipelineScrubber (BackgroundPipelineScrubber.java:start(126)) - Starting BackgroundPipelineScrubber Service.
2022-05-17 16:32:02,482 [main] INFO  ha.SCMServiceManager (SCMServiceManager.java:register(42)) - Registering service BackgroundPipelineCreator.
2022-05-17 16:32:02,482 [main] INFO  ha.SCMServiceManager (SCMServiceManager.java:register(42)) - Registering service BackgroundPipelineScrubber.
2022-05-17 16:32:02,528 [main] INFO  algorithms.PipelineChoosePolicyFactory (PipelineChoosePolicyFactory.java:createPipelineChoosePolicyFromClass(73)) - Create pipeline choose policy of type org.apache.hadoop.hdds.scm.pipeline.choose.algorithms.RandomPipelineChoosePolicy
2022-05-17 16:32:02,553 [main] INFO  ha.SCMServiceManager (SCMServiceManager.java:register(42)) - Registering service SCMBlockDeletingService.
2022-05-17 16:32:02,590 [main] INFO  ha.SCMServiceManager (SCMServiceManager.java:register(42)) - Registering service ReplicationManager.
2022-05-17 16:32:02,591 [main] INFO  replication.ReplicationManager (ReplicationManager.java:start(176)) - Starting Replication Monitor Thread.
2022-05-17 16:32:02,614 [ReplicationMonitor] INFO  replication.ReplicationManager (ReplicationManager.java:processAll(225)) - Replication Manager is not ready to run until 3000ms after safemode exit
2022-05-17 16:32:02,617 [main] INFO  safemode.ContainerSafeModeRule (ContainerSafeModeRule.java:<init>(89)) - containers with one replica threshold count 0
2022-05-17 16:32:02,625 [main] INFO  safemode.HealthyPipelineSafeModeRule (HealthyPipelineSafeModeRule.java:initializeRule(156)) - Total pipeline count is 0, healthy pipeline threshold count is 1
2022-05-17 16:32:02,628 [main] INFO  safemode.OneReplicaPipelineSafeModeRule (OneReplicaPipelineSafeModeRule.java:initializeRule(180)) - Total pipeline count is 0, pipeline's with at least one datanode reported threshold count is 0
2022-05-17 16:32:03,064 [main] INFO  audit.AuditLogger (AuditLogger.java:refreshDebugCmdSet(120)) - Refresh DebugCmdSet for SCMAudit to [].
2022-05-17 16:32:03,097 [main] INFO  ipc.CallQueueManager (CallQueueManager.java:<init>(90)) - Using callQueue: class java.util.concurrent.LinkedBlockingQueue, queueCapacity: 2000, scheduler: class org.apache.hadoop.ipc.DefaultRpcScheduler, ipcBackoff: false.
2022-05-17 16:32:03,147 [Socket Reader #1 for port 0] INFO  ipc.Server (Server.java:run(1265)) - Starting Socket Reader #1 for port 0
2022-05-17 16:32:03,220 [Listener at 0.0.0.0/44557] INFO  audit.AuditLogger (AuditLogger.java:refreshDebugCmdSet(120)) - Refresh DebugCmdSet for SCMAudit to [].
2022-05-17 16:32:03,229 [Listener at 0.0.0.0/44557] INFO  ipc.CallQueueManager (CallQueueManager.java:<init>(90)) - Using callQueue: class java.util.concurrent.LinkedBlockingQueue, queueCapacity: 2000, scheduler: class org.apache.hadoop.ipc.DefaultRpcScheduler, ipcBackoff: false.
2022-05-17 16:32:03,230 [Socket Reader #1 for port 0] INFO  ipc.Server (Server.java:run(1265)) - Starting Socket Reader #1 for port 0
2022-05-17 16:32:03,267 [Listener at 0.0.0.0/37955] INFO  audit.AuditLogger (AuditLogger.java:refreshDebugCmdSet(120)) - Refresh DebugCmdSet for SCMAudit to [].
2022-05-17 16:32:03,282 [Listener at 0.0.0.0/37955] INFO  ipc.CallQueueManager (CallQueueManager.java:<init>(90)) - Using callQueue: class java.util.concurrent.LinkedBlockingQueue, queueCapacity: 2000, scheduler: class org.apache.hadoop.ipc.DefaultRpcScheduler, ipcBackoff: false.
2022-05-17 16:32:03,284 [Socket Reader #1 for port 0] INFO  ipc.Server (Server.java:run(1265)) - Starting Socket Reader #1 for port 0
2022-05-17 16:32:03,357 [Listener at 0.0.0.0/37193] INFO  server.StorageContainerManager (StorageContainerManager.java:<init>(395)) - 
Container Balancer status:
Key                            Value
Running                        false
Container Balancer Configuration values:
Key                                                Value
Threshold                                          10
Max Datanodes to Involve per Iteration(percent)    20
Max Size to Move per Iteration                     500GB
Max Size Entering Target per Iteration             26GB
Max Size Leaving Source per Iteration              26GB

2022-05-17 16:32:03,358 [Listener at 0.0.0.0/37193] WARN  events.EventQueue (EventQueue.java:fireEvent(194)) - No event handler registered for event TypedEvent{payloadType=SafeModeStatus, name='Safe mode status'}
2022-05-17 16:32:03,358 [Listener at 0.0.0.0/37193] INFO  ha.SCMContext (SCMContext.java:updateSafeModeStatus(211)) - Update SafeModeStatus from SafeModeStatus{safeModeStatus=true, preCheckPassed=false} to SafeModeStatus{safeModeStatus=true, preCheckPassed=false}.
2022-05-17 16:32:03,362 [Listener at 0.0.0.0/37193] INFO  server.StorageContainerManager (StorageContainerManager.java:start(1347)) - StorageContainerLocationProtocol RPC server is listening at /0.0.0.0:37193
2022-05-17 16:32:03,439 [Listener at 0.0.0.0/37193] WARN  impl.MetricsConfig (MetricsConfig.java:loadFirst(136)) - Cannot locate configuration: tried hadoop-metrics2-storagecontainermanager.properties,hadoop-metrics2.properties
2022-05-17 16:32:03,454 [Listener at 0.0.0.0/37193] INFO  impl.MetricsSystemImpl (MetricsSystemImpl.java:startTimer(378)) - Scheduled Metric snapshot period at 10 second(s).
2022-05-17 16:32:03,454 [Listener at 0.0.0.0/37193] INFO  impl.MetricsSystemImpl (MetricsSystemImpl.java:start(191)) - StorageContainerManager metrics system started
2022-05-17 16:32:03,823 [Listener at 0.0.0.0/37193] INFO  server.SCMClientProtocolServer (SCMClientProtocolServer.java:start(169)) - RPC server for Client  is listening at /0.0.0.0:37193
2022-05-17 16:32:03,824 [IPC Server Responder] INFO  ipc.Server (Server.java:run(1507)) - IPC Server Responder: starting
2022-05-17 16:32:03,825 [IPC Server listener on 0] INFO  ipc.Server (Server.java:run(1344)) - IPC Server listener on 0: starting
2022-05-17 16:32:03,845 [Listener at 0.0.0.0/37193] INFO  server.StorageContainerManager (StorageContainerManager.java:start(1362)) - ScmBlockLocationProtocol RPC server is listening at /0.0.0.0:37955
2022-05-17 16:32:03,846 [Listener at 0.0.0.0/37193] INFO  server.SCMBlockProtocolServer (SCMBlockProtocolServer.java:start(151)) - RPC server for Block Protocol is listening at /0.0.0.0:37955
2022-05-17 16:32:03,847 [IPC Server Responder] INFO  ipc.Server (Server.java:run(1507)) - IPC Server Responder: starting
2022-05-17 16:32:03,847 [IPC Server listener on 0] INFO  ipc.Server (Server.java:run(1344)) - IPC Server listener on 0: starting
2022-05-17 16:32:03,851 [Listener at 0.0.0.0/37193] INFO  server.SCMDatanodeProtocolServer (SCMDatanodeProtocolServer.java:start(183)) - ScmDatanodeProtocol RPC server for DataNodes is listening at /0.0.0.0:44557
2022-05-17 16:32:03,853 [IPC Server Responder] INFO  ipc.Server (Server.java:run(1507)) - IPC Server Responder: starting
2022-05-17 16:32:03,853 [IPC Server listener on 0] INFO  ipc.Server (Server.java:run(1344)) - IPC Server listener on 0: starting
2022-05-17 16:32:03,870 [org.apache.hadoop.util.JvmPauseMonitor$Monitor@54c3e686] INFO  util.JvmPauseMonitor (JvmPauseMonitor.java:run(188)) - Starting JVM pause monitor
2022-05-17 16:32:03,888 [Listener at 0.0.0.0/37193] INFO  http.BaseHttpServer (BaseHttpServer.java:newHttpServer2BuilderForOzone(209)) - Starting Web-server for scm at: http://0.0.0.0:0
2022-05-17 16:32:03,888 [Listener at 0.0.0.0/37193] INFO  http.BaseHttpServer (BaseHttpServer.java:<init>(107)) - Hadoop Security Enabled: false Ozone Security Enabled: false Ozone HTTP Security Enabled: false 
2022-05-17 16:32:03,917 [Listener at 0.0.0.0/37193] INFO  util.log (Log.java:initialized(170)) - Logging initialized @5115ms to org.eclipse.jetty.util.log.Slf4jLog
2022-05-17 16:32:04,040 [Listener at 0.0.0.0/37193] INFO  server.AuthenticationFilter (AuthenticationFilter.java:constructSecretProvider(240)) - Unable to initialize FileSignerSecretProvider, falling back to use random secrets.
2022-05-17 16:32:04,046 [Listener at 0.0.0.0/37193] WARN  http.HttpRequestLog (HttpRequestLog.java:getRequestLog(103)) - Jetty request log can only be enabled using Log4j
2022-05-17 16:32:04,058 [Listener at 0.0.0.0/37193] INFO  http.HttpServer2 (HttpServer2.java:addGlobalFilter(1030)) - Added global filter 'safety' (class=org.apache.hadoop.hdds.server.http.HttpServer2$QuotingInputFilter)
2022-05-17 16:32:04,060 [Listener at 0.0.0.0/37193] INFO  http.HttpServer2 (HttpServer2.java:addFilter(1006)) - Added filter static_user_filter (class=org.apache.hadoop.http.lib.StaticUserWebFilter$StaticUserFilter) to context scm
2022-05-17 16:32:04,061 [Listener at 0.0.0.0/37193] INFO  http.HttpServer2 (HttpServer2.java:addFilter(1014)) - Added filter static_user_filter (class=org.apache.hadoop.http.lib.StaticUserWebFilter$StaticUserFilter) to context static
2022-05-17 16:32:04,061 [Listener at 0.0.0.0/37193] INFO  http.HttpServer2 (HttpServer2.java:addFilter(1014)) - Added filter static_user_filter (class=org.apache.hadoop.http.lib.StaticUserWebFilter$StaticUserFilter) to context logs
2022-05-17 16:32:04,106 [Listener at 0.0.0.0/37193] INFO  http.HttpServer2 (HttpServer2.java:bindListener(1249)) - Jetty bound to port 34701
2022-05-17 16:32:04,107 [Listener at 0.0.0.0/37193] INFO  server.Server (Server.java:doStart(375)) - jetty-9.4.43.v20210629; built: 2021-06-30T11:07:22.254Z; git: 526006ecfa3af7f1a27ef3a288e2bef7ea9dd7e8; jvm 1.8.0_332-b09
2022-05-17 16:32:04,157 [Listener at 0.0.0.0/37193] INFO  server.session (DefaultSessionIdManager.java:doStart(334)) - DefaultSessionIdManager workerName=node0
2022-05-17 16:32:04,157 [Listener at 0.0.0.0/37193] INFO  server.session (DefaultSessionIdManager.java:doStart(339)) - No SessionScavenger set, using defaults
2022-05-17 16:32:04,162 [Listener at 0.0.0.0/37193] INFO  server.session (HouseKeeper.java:startScavenging(132)) - node0 Scavenging every 660000ms
2022-05-17 16:32:04,177 [Listener at 0.0.0.0/37193] INFO  handler.ContextHandler (ContextHandler.java:doStart(915)) - Started o.e.j.s.ServletContextHandler@46a0ef6f{logs,/logs,file:///home/runner/work/ozone/ozone/hadoop-ozone/integration-test/target/log,AVAILABLE}
2022-05-17 16:32:04,178 [Listener at 0.0.0.0/37193] INFO  handler.ContextHandler (ContextHandler.java:doStart(915)) - Started o.e.j.s.ServletContextHandler@70a54731{static,/static,file:///home/runner/work/ozone/ozone/hadoop-ozone/integration-test/target/test-classes/webapps/static,AVAILABLE}
2022-05-17 16:32:04,225 [Listener at 0.0.0.0/37193] INFO  handler.ContextHandler (ContextHandler.java:doStart(915)) - Started o.e.j.w.WebAppContext@35e357b{scm,/,file:///home/runner/work/ozone/ozone/hadoop-ozone/integration-test/target/test-classes/webapps/scm/,AVAILABLE}{file:/home/runner/work/ozone/ozone/hadoop-ozone/integration-test/target/test-classes/webapps/scm}
2022-05-17 16:32:04,238 [Listener at 0.0.0.0/37193] INFO  server.AbstractConnector (AbstractConnector.java:doStart(331)) - Started ServerConnector@31fc658f{HTTP/1.1, (http/1.1)}{0.0.0.0:34701}
2022-05-17 16:32:04,239 [Listener at 0.0.0.0/37193] INFO  server.Server (Server.java:doStart(415)) - Started @5436ms
2022-05-17 16:32:04,241 [Listener at 0.0.0.0/37193] INFO  impl.MetricsSinkAdapter (MetricsSinkAdapter.java:start(204)) - Sink prometheus started
2022-05-17 16:32:04,242 [Listener at 0.0.0.0/37193] INFO  impl.MetricsSystemImpl (MetricsSystemImpl.java:registerSink(305)) - Registered sink prometheus
2022-05-17 16:32:04,243 [Listener at 0.0.0.0/37193] INFO  http.BaseHttpServer (BaseHttpServer.java:updateConnectorAddress(329)) - HTTP server of scm listening at http://0.0.0.0:34701
2022-05-17 16:32:04,245 [Listener at 0.0.0.0/37193] WARN  server.ServerUtils (ServerUtils.java:getDBPath(225)) - ozone.om.db.dirs is not configured. We recommend adding this setting. Falling back to ozone.metadata.dirs instead.
2022-05-17 16:32:04,302 [Listener at 0.0.0.0/37193] INFO  audit.AuditLogger (AuditLogger.java:refreshDebugCmdSet(120)) - Refresh DebugCmdSet for OMAudit to [].
2022-05-17 16:32:04,389 [Listener at 0.0.0.0/37193] INFO  ha.OMHANodeDetails (OMHANodeDetails.java:loadOMHAConfig(115)) - ozone.om.internal.service.id is not defined, falling back to ozone.om.service.ids to find serviceID for OzoneManager if it is HA enabled cluster
2022-05-17 16:32:04,395 [Listener at 0.0.0.0/37193] INFO  ha.OMHANodeDetails (OMHANodeDetails.java:loadOMHAConfig(226)) - Configuration does not have ozone.om.address set. Falling back to the default OM address /127.0.0.1:0
2022-05-17 16:32:04,395 [Listener at 0.0.0.0/37193] INFO  ha.OMHANodeDetails (OMHANodeDetails.java:getOMNodeDetailsForNonHA(254)) - OM Service ID is not set. Setting it to the default ID: omServiceIdDefault
2022-05-17 16:32:04,395 [Listener at 0.0.0.0/37193] INFO  ha.OMHANodeDetails (OMHANodeDetails.java:getOMNodeDetailsForNonHA(261)) - OM Node ID is not set. Setting it to the default ID: om1
2022-05-17 16:32:04,399 [Listener at 0.0.0.0/37193] WARN  server.ServerUtils (ServerUtils.java:getDBPath(225)) - ozone.om.db.dirs is not configured. We recommend adding this setting. Falling back to ozone.metadata.dirs instead.
2022-05-17 16:32:04,401 [Listener at 0.0.0.0/37193] INFO  upgrade.AbstractLayoutVersionManager (AbstractLayoutVersionManager.java:init(79)) - Initializing Layout version manager with metadata layout = BUCKET_LAYOUT_SUPPORT (version = 2), software layout = BUCKET_LAYOUT_SUPPORT (version = 2)
2022-05-17 16:32:04,515 [Listener at 0.0.0.0/37193] INFO  reflections.Reflections (Reflections.java:scan(232)) - Reflections took 108 ms to scan 2 urls, producing 143 keys and 369 values [using 2 cores]
2022-05-17 16:32:04,522 [Listener at 0.0.0.0/37193] INFO  upgrade.OMLayoutVersionManager (OMLayoutVersionManager.java:lambda$0(115)) - Skipping Upgrade Action MockOmUpgradeAction since it has been finalized.
2022-05-17 16:32:04,523 [Listener at 0.0.0.0/37193] WARN  server.ServerUtils (ServerUtils.java:getDBPath(225)) - ozone.om.db.dirs is not configured. We recommend adding this setting. Falling back to ozone.metadata.dirs instead.
2022-05-17 16:32:04,711 [Listener at 0.0.0.0/37193] INFO  proxy.SCMBlockLocationFailoverProxyProvider (SCMBlockLocationFailoverProxyProvider.java:<init>(114)) - Created block location fail-over proxy with 1 nodes: [nodeId=scmNodeId,nodeAddress=/0.0.0.0:37955]
2022-05-17 16:32:04,747 [Listener at 0.0.0.0/37193] INFO  proxy.SCMBlockLocationFailoverProxyProvider (SCMBlockLocationFailoverProxyProvider.java:<init>(114)) - Created block location fail-over proxy with 1 nodes: [nodeId=scmNodeId,nodeAddress=/0.0.0.0:37955]
2022-05-17 16:32:05,023 [Listener at 0.0.0.0/37193] WARN  server.ServerUtils (ServerUtils.java:getDBPath(225)) - ozone.om.db.dirs is not configured. We recommend adding this setting. Falling back to ozone.metadata.dirs instead.
2022-05-17 16:32:05,032 [Listener at 0.0.0.0/37193] INFO  codec.OmKeyInfoCodec (OmKeyInfoCodec.java:<init>(49)) - OmKeyInfoCodec ignorePipeline = true
2022-05-17 16:32:05,034 [Listener at 0.0.0.0/37193] INFO  codec.RepeatedOmKeyInfoCodec (RepeatedOmKeyInfoCodec.java:<init>(41)) - RepeatedOmKeyInfoCodec ignorePipeline = true
2022-05-17 16:32:05,308 [Listener at 0.0.0.0/37193] INFO  om.OzoneManager (OzoneManager.java:addS3GVolumeToDB(3894)) - Created Volume s3v With Owner runner required for S3Gateway operations.
2022-05-17 16:32:05,368 [Listener at 0.0.0.0/37193] WARN  server.ServerUtils (ServerUtils.java:getDefaultRatisDirectory(237)) - Storage directory for Ratis is not configured. It is a good idea to map this to an SSD disk. Falling back to ozone.metadata.dirs
2022-05-17 16:32:05,369 [Listener at 0.0.0.0/37193] WARN  utils.OzoneManagerRatisUtils (OzoneManagerRatisUtils.java:getOMRatisSnapshotDirectory(395)) - ozone.om.ratis.snapshot.dir is not configured. Falling back to ozone.metadata.dirs config
2022-05-17 16:32:05,395 [Listener at 0.0.0.0/37193] WARN  server.ServerUtils (ServerUtils.java:getDefaultRatisDirectory(237)) - Storage directory for Ratis is not configured. It is a good idea to map this to an SSD disk. Falling back to ozone.metadata.dirs
2022-05-17 16:32:05,430 [Listener at 0.0.0.0/37193] INFO  ratis.OzoneManagerRatisServer (OzoneManagerRatisServer.java:<init>(159)) - Instantiating OM Ratis server with groupID: omServiceIdDefault and peers: localhost:9872
2022-05-17 16:32:05,440 [Listener at 0.0.0.0/37193] INFO  ratis.OzoneManagerStateMachine (OzoneManagerStateMachine.java:loadSnapshotInfoFromDB(627)) - LastAppliedIndex is set from TransactionInfo from OM DB as (t:0, i:~)
2022-05-17 16:32:05,478 [Listener at 0.0.0.0/37193] INFO  server.RaftServer (ConfUtils.java:logGet(44)) - raft.rpc.type = GRPC (default)
2022-05-17 16:32:05,585 [Listener at 0.0.0.0/37193] INFO  grpc.GrpcFactory (GrpcFactory.java:checkPooledByteBufAllocatorUseCacheForAllThreads(48)) - PERFORMANCE WARNING: useCacheForAllThreads is true that may cause Netty to create a lot garbage objects and, as a result, trigger GC.
	It is recommended to disable useCacheForAllThreads by setting -Dorg.apache.ratis.thirdparty.io.netty.allocator.useCacheForAllThreads=false in command line.
2022-05-17 16:32:05,590 [Listener at 0.0.0.0/37193] INFO  grpc.GrpcConfigKeys (ConfUtils.java:logGet(44)) - raft.grpc.admin.port = -1 (default)
2022-05-17 16:32:05,591 [Listener at 0.0.0.0/37193] INFO  grpc.GrpcConfigKeys (ConfUtils.java:logGet(44)) - raft.grpc.server.port = 9872 (custom)
2022-05-17 16:32:05,592 [Listener at 0.0.0.0/37193] INFO  grpc.GrpcConfigKeys (ConfUtils.java:logGet(44)) - raft.grpc.client.port = -1 (default)
2022-05-17 16:32:05,592 [Listener at 0.0.0.0/37193] INFO  grpc.GrpcConfigKeys (ConfUtils.java:logGet(44)) - raft.grpc.server.port = 9872 (custom)
2022-05-17 16:32:05,592 [Listener at 0.0.0.0/37193] INFO  grpc.GrpcConfigKeys (ConfUtils.java:logGet(44)) - raft.grpc.server.port = 9872 (custom)
2022-05-17 16:32:05,594 [Listener at 0.0.0.0/37193] INFO  server.GrpcService (ConfUtils.java:logGet(44)) - raft.grpc.message.size.max = 33554432 (custom)
2022-05-17 16:32:05,595 [Listener at 0.0.0.0/37193] INFO  server.RaftServerConfigKeys (ConfUtils.java:logGet(44)) - raft.server.log.appender.buffer.byte-limit = 33554432 (custom)
2022-05-17 16:32:05,596 [Listener at 0.0.0.0/37193] INFO  server.GrpcService (ConfUtils.java:logGet(44)) - raft.grpc.flow.control.window = 1MB (=1048576) (default)
2022-05-17 16:32:05,597 [Listener at 0.0.0.0/37193] INFO  server.RaftServerConfigKeys (ConfUtils.java:logGet(44)) - raft.server.rpc.request.timeout = 3000ms (default)
2022-05-17 16:32:05,903 [Listener at 0.0.0.0/37193] INFO  impl.DataStreamServerImpl (ConfUtils.java:logGet(44)) - raft.datastream.type = DISABLED (default)
2022-05-17 16:32:05,906 [Listener at 0.0.0.0/37193] INFO  server.RaftServerConfigKeys (ConfUtils.java:logGet(44)) - raft.server.rpc.slowness.timeout = 120s (custom)
2022-05-17 16:32:05,906 [Listener at 0.0.0.0/37193] INFO  server.RaftServerConfigKeys (ConfUtils.java:logGet(44)) - raft.server.leaderelection.leader.step-down.wait-time = 10s (default)
2022-05-17 16:32:05,926 [Listener at 0.0.0.0/37193] INFO  server.RaftServerConfigKeys (ConfUtils.java:logGet(44)) - raft.server.storage.dir = [/home/runner/work/ozone/ozone/hadoop-ozone/integration-test/target/test-dir/MiniOzoneClusterImpl-2a2cfd2a-819c-401a-9122-e0f1e4685d97/ozone-meta/ratis] (custom)
2022-05-17 16:32:05,934 [Listener at 0.0.0.0/37193] INFO  server.RaftServer (RaftServerProxy.java:addNew(95)) - om1: addNew group-C5BA1605619E:[om1|rpc:localhost:9872|priority:0] returns group-C5BA1605619E:java.util.concurrent.CompletableFuture@45a33515[Not completed]
2022-05-17 16:32:05,934 [Listener at 0.0.0.0/37193] INFO  om.OzoneManager (OzoneManager.java:initializeRatisServer(1901)) - OzoneManager Ratis server initialized at port 9872
2022-05-17 16:32:05,950 [Listener at 0.0.0.0/37193] INFO  om.OzoneManager (OzoneManager.java:getRpcServer(1030)) - Creating RPC Server
2022-05-17 16:32:05,975 [pool-51-thread-1] INFO  server.RaftServer$Division (RaftServerImpl.java:<init>(184)) - om1: new RaftServerImpl for group-C5BA1605619E:[om1|rpc:localhost:9872|priority:0] with OzoneManagerStateMachine:uninitialized
2022-05-17 16:32:05,995 [pool-51-thread-1] INFO  server.RaftServerConfigKeys (ConfUtils.java:logGet(44)) - raft.server.rpc.timeout.min = 1s (custom)
2022-05-17 16:32:05,995 [pool-51-thread-1] INFO  server.RaftServerConfigKeys (ConfUtils.java:logGet(44)) - raft.server.rpc.timeout.max = 1200ms (custom)
2022-05-17 16:32:05,995 [pool-51-thread-1] INFO  server.RaftServerConfigKeys (ConfUtils.java:logGet(44)) - raft.server.rpc.sleep.time = 25ms (default)
2022-05-17 16:32:05,996 [pool-51-thread-1] INFO  server.RaftServerConfigKeys (ConfUtils.java:logGet(44)) - raft.server.rpc.slowness.timeout = 120s (custom)
2022-05-17 16:32:05,996 [pool-51-thread-1] INFO  server.RaftServerConfigKeys (ConfUtils.java:logGet(44)) - raft.server.leaderelection.leader.step-down.wait-time = 10s (default)
2022-05-17 16:32:05,996 [pool-51-thread-1] INFO  server.RaftServerConfigKeys (ConfUtils.java:logGet(44)) - raft.server.sleep.deviation.threshold = 300ms (default)
2022-05-17 16:32:05,997 [pool-51-thread-1] INFO  server.RaftServerConfigKeys (ConfUtils.java:logGet(44)) - raft.server.log.appender.install.snapshot.enabled = false (custom)
2022-05-17 16:32:06,003 [pool-51-thread-1] INFO  server.RaftServer$Division (ServerState.java:<init>(105)) - om1@group-C5BA1605619E: ConfigurationManager, init=-1: [om1|rpc:localhost:9872|priority:0], old=null, confs=<EMPTY_MAP>
2022-05-17 16:32:06,003 [pool-51-thread-1] INFO  server.RaftServerConfigKeys (ConfUtils.java:logGet(44)) - raft.server.storage.dir = [/home/runner/work/ozone/ozone/hadoop-ozone/integration-test/target/test-dir/MiniOzoneClusterImpl-2a2cfd2a-819c-401a-9122-e0f1e4685d97/ozone-meta/ratis] (custom)
2022-05-17 16:32:06,008 [pool-51-thread-1] INFO  server.RaftServerConfigKeys (ConfUtils.java:logGet(44)) - raft.server.log.corruption.policy = EXCEPTION (default)
2022-05-17 16:32:06,008 [pool-51-thread-1] INFO  server.RaftServerConfigKeys (ConfUtils.java:logGet(44)) - raft.server.storage.free-space.min = 0MB (=0) (default)
2022-05-17 16:32:06,031 [pool-51-thread-1] INFO  storage.RaftStorageDirectory (RaftStorageDirectoryImpl.java:analyzeStorage(135)) - The storage directory /home/runner/work/ozone/ozone/hadoop-ozone/integration-test/target/test-dir/MiniOzoneClusterImpl-2a2cfd2a-819c-401a-9122-e0f1e4685d97/ozone-meta/ratis/bf265839-605b-3f16-9796-c5ba1605619e does not exist. Creating ...
2022-05-17 16:32:06,043 [pool-51-thread-1] INFO  storage.RaftStorageDirectory (RaftStorageDirectoryImpl.java:tryLock(230)) - Lock on /home/runner/work/ozone/ozone/hadoop-ozone/integration-test/target/test-dir/MiniOzoneClusterImpl-2a2cfd2a-819c-401a-9122-e0f1e4685d97/ozone-meta/ratis/bf265839-605b-3f16-9796-c5ba1605619e/in_use.lock acquired by nodename 17133@fv-az297-879
2022-05-17 16:32:06,078 [pool-51-thread-1] INFO  storage.RaftStorage (RaftStorageImpl.java:format(89)) - Storage directory /home/runner/work/ozone/ozone/hadoop-ozone/integration-test/target/test-dir/MiniOzoneClusterImpl-2a2cfd2a-819c-401a-9122-e0f1e4685d97/ozone-meta/ratis/bf265839-605b-3f16-9796-c5ba1605619e has been successfully formatted.
2022-05-17 16:32:06,086 [pool-51-thread-1] INFO  server.RaftServerConfigKeys (ConfUtils.java:logGet(44)) - raft.server.notification.no-leader.timeout = 120s (custom)
2022-05-17 16:32:06,089 [pool-51-thread-1] INFO  server.RaftServerConfigKeys (ConfUtils.java:logGet(44)) - raft.server.log.use.memory = false (default)
2022-05-17 16:32:06,125 [pool-51-thread-1] INFO  server.RaftServerConfigKeys (ConfUtils.java:logGet(44)) - raft.server.log.purge.gap = 1000000 (custom)
2022-05-17 16:32:06,126 [pool-51-thread-1] INFO  server.RaftServerConfigKeys (ConfUtils.java:logGet(44)) - raft.server.log.appender.buffer.byte-limit = 33554432 (custom)
2022-05-17 16:32:06,170 [pool-51-thread-1] INFO  server.RaftServerConfigKeys (ConfUtils.java:logGet(44)) - raft.server.log.segment.size.max = 4194304 (custom)
2022-05-17 16:32:06,183 [pool-51-thread-1] INFO  server.RaftServerConfigKeys (ConfUtils.java:logGet(44)) - raft.server.log.segment.cache.num.max = 2 (custom)
2022-05-17 16:32:06,184 [pool-51-thread-1] INFO  server.RaftServerConfigKeys (ConfUtils.java:logGet(44)) - raft.server.log.segment.cache.size.max = 200MB (=209715200) (default)
2022-05-17 16:32:06,195 [pool-51-thread-1] INFO  segmented.SegmentedRaftLogWorker (SegmentedRaftLogWorker.java:<init>(182)) - new om1@group-C5BA1605619E-SegmentedRaftLogWorker for RaftStorageImpl:Storage Directory /home/runner/work/ozone/ozone/hadoop-ozone/integration-test/target/test-dir/MiniOzoneClusterImpl-2a2cfd2a-819c-401a-9122-e0f1e4685d97/ozone-meta/ratis/bf265839-605b-3f16-9796-c5ba1605619e
2022-05-17 16:32:06,196 [pool-51-thread-1] INFO  server.RaftServerConfigKeys (ConfUtils.java:logGet(44)) - raft.server.log.queue.byte-limit = 64MB (=67108864) (default)
2022-05-17 16:32:06,196 [pool-51-thread-1] INFO  server.RaftServerConfigKeys (ConfUtils.java:logGet(44)) - raft.server.log.queue.element-limit = 4096 (default)
2022-05-17 16:32:06,197 [pool-51-thread-1] INFO  server.RaftServerConfigKeys (ConfUtils.java:logGet(44)) - raft.server.log.segment.size.max = 4194304 (custom)
2022-05-17 16:32:06,210 [pool-51-thread-1] INFO  server.RaftServerConfigKeys (ConfUtils.java:logGet(44)) - raft.server.log.preallocated.size = 4194304 (custom)
2022-05-17 16:32:06,211 [pool-51-thread-1] INFO  server.RaftServerConfigKeys (ConfUtils.java:logGet(44)) - raft.server.log.force.sync.num = 128 (default)
2022-05-17 16:32:06,212 [pool-51-thread-1] INFO  server.RaftServerConfigKeys (ConfUtils.java:logGet(44)) - raft.server.log.statemachine.data.sync = true (default)
2022-05-17 16:32:06,213 [pool-51-thread-1] INFO  server.RaftServerConfigKeys (ConfUtils.java:logGet(44)) - raft.server.log.statemachine.data.sync.timeout = 10s (default)
2022-05-17 16:32:06,214 [pool-51-thread-1] INFO  server.RaftServerConfigKeys (ConfUtils.java:logGet(44)) - raft.server.log.statemachine.data.sync.timeout.retry = -1 (default)
2022-05-17 16:32:06,241 [pool-51-thread-1] INFO  server.RaftServerConfigKeys (ConfUtils.java:logGet(44)) - raft.server.log.write.buffer.size = 64KB (=65536) (default)
2022-05-17 16:32:06,242 [pool-51-thread-1] INFO  server.RaftServerConfigKeys (ConfUtils.java:logGet(44)) - raft.server.log.statemachine.data.caching.enabled = false (default)
2022-05-17 16:32:06,282 [pool-51-thread-1] INFO  segmented.SegmentedRaftLogWorker (SegmentedRaftLogWorker.java:lambda$new$0(133)) - om1@group-C5BA1605619E-SegmentedRaftLogWorker: flushIndex: setUnconditionally 0 -> -1
2022-05-17 16:32:06,282 [pool-51-thread-1] INFO  segmented.SegmentedRaftLogWorker (SegmentedRaftLogWorker.java:lambda$new$0(133)) - om1@group-C5BA1605619E-SegmentedRaftLogWorker: safeCacheEvictIndex: setUnconditionally 0 -> -1
2022-05-17 16:32:06,304 [pool-51-thread-1] INFO  server.RaftServerConfigKeys (ConfUtils.java:logGet(44)) - raft.server.snapshot.auto.trigger.enabled = true (custom)
2022-05-17 16:32:06,321 [pool-51-thread-1] INFO  server.RaftServerConfigKeys (ConfUtils.java:logGet(44)) - raft.server.snapshot.auto.trigger.threshold = 400000 (default)
2022-05-17 16:32:06,322 [pool-51-thread-1] INFO  server.RaftServerConfigKeys (ConfUtils.java:logGet(44)) - raft.server.snapshot.retention.file.num = -1 (default)
2022-05-17 16:32:06,323 [pool-51-thread-1] INFO  server.RaftServerConfigKeys (ConfUtils.java:logGet(44)) - raft.server.log.purge.upto.snapshot.index = true (custom)
2022-05-17 16:32:06,324 [pool-51-thread-1] INFO  server.RaftServerConfigKeys (ConfUtils.java:logGet(44)) - raft.server.retrycache.expirytime = 300s (custom)
2022-05-17 16:32:06,325 [pool-51-thread-1] INFO  server.RaftServerConfigKeys (ConfUtils.java:logGet(44)) - raft.server.retrycache.statistics.expirytime = 100μs (default)
2022-05-17 16:32:06,742 [Listener at 0.0.0.0/37193] INFO  reflections.Reflections (Reflections.java:scan(232)) - Reflections took 721 ms to scan 19 urls, producing 61 keys and 3686 values [using 2 cores]
2022-05-17 16:32:06,946 [Listener at 0.0.0.0/37193] INFO  ipc.CallQueueManager (CallQueueManager.java:<init>(90)) - Using callQueue: class java.util.concurrent.LinkedBlockingQueue, queueCapacity: 2000, scheduler: class org.apache.hadoop.ipc.DefaultRpcScheduler, ipcBackoff: false.
2022-05-17 16:32:06,947 [Socket Reader #1 for port 0] INFO  ipc.Server (Server.java:run(1265)) - Starting Socket Reader #1 for port 0
2022-05-17 16:32:06,987 [Listener at 127.0.0.1/41559] INFO  impl.MetricsSystemImpl (MetricsSystemImpl.java:init(158)) - OzoneManager metrics system started (again)
2022-05-17 16:32:06,999 [Listener at 127.0.0.1/41559] INFO  om.OzoneManager (OzoneManager.java:start(1405)) - OzoneManager RPC server is listening at localhost/127.0.0.1:41559
2022-05-17 16:32:07,000 [Listener at 127.0.0.1/41559] INFO  ratis.OzoneManagerRatisServer (OzoneManagerRatisServer.java:start(554)) - Starting OzoneManagerRatisServer om1 at port 9872
2022-05-17 16:32:07,002 [Listener at 127.0.0.1/41559] INFO  server.RaftServer$Division (RaftServerImpl.java:start(301)) - om1@group-C5BA1605619E: start as a follower, conf=-1: [om1|rpc:localhost:9872|priority:0], old=null
2022-05-17 16:32:07,004 [Listener at 127.0.0.1/41559] INFO  server.RaftServer$Division (RaftServerImpl.java:setRole(290)) - om1@group-C5BA1605619E: changes role from      null to FOLLOWER at term 0 for startAsFollower
2022-05-17 16:32:07,005 [Listener at 127.0.0.1/41559] INFO  impl.RoleInfo (RoleInfo.java:updateAndGet(130)) - om1: start om1@group-C5BA1605619E-FollowerState
2022-05-17 16:32:07,007 [Listener at 127.0.0.1/41559] INFO  util.JmxRegister (JmxRegister.java:tryRegister(44)) - Successfully registered JMX Bean with object name Ratis:service=RaftServer,group=group-C5BA1605619E,id=om1
2022-05-17 16:32:07,021 [Listener at 127.0.0.1/41559] INFO  server.RaftServer (RaftServerProxy.java:lambda$start$5(374)) - om1: start RPC server
2022-05-17 16:32:07,090 [Listener at 127.0.0.1/41559] INFO  server.GrpcService (GrpcService.java:startImpl(253)) - om1: GrpcService started, listening on 9872
2022-05-17 16:32:07,096 [Listener at 127.0.0.1/41559] INFO  om.OzoneManager (OzoneManager.java:start(1421)) - Version File has different layout version (2) than OM DB (null). That is expected if this OM has never been finalized to a newer layout version.
2022-05-17 16:32:07,098 [org.apache.ratis.util.JvmPauseMonitor$$Lambda$622/456676922@1c7c56d] INFO  util.JvmPauseMonitor (JvmPauseMonitor.java:run(103)) - JvmPauseMonitor-om1: Started
2022-05-17 16:32:07,119 [Listener at 127.0.0.1/41559] INFO  http.BaseHttpServer (BaseHttpServer.java:newHttpServer2BuilderForOzone(209)) - Starting Web-server for ozoneManager at: http://0.0.0.0:0
2022-05-17 16:32:07,120 [Listener at 127.0.0.1/41559] INFO  http.BaseHttpServer (BaseHttpServer.java:<init>(107)) - Hadoop Security Enabled: false Ozone Security Enabled: false Ozone HTTP Security Enabled: false 
2022-05-17 16:32:07,131 [Listener at 127.0.0.1/41559] INFO  server.AuthenticationFilter (AuthenticationFilter.java:constructSecretProvider(240)) - Unable to initialize FileSignerSecretProvider, falling back to use random secrets.
2022-05-17 16:32:07,132 [Listener at 127.0.0.1/41559] WARN  http.HttpRequestLog (HttpRequestLog.java:getRequestLog(103)) - Jetty request log can only be enabled using Log4j
2022-05-17 16:32:07,133 [Listener at 127.0.0.1/41559] INFO  http.HttpServer2 (HttpServer2.java:addGlobalFilter(1030)) - Added global filter 'safety' (class=org.apache.hadoop.hdds.server.http.HttpServer2$QuotingInputFilter)
2022-05-17 16:32:07,135 [Listener at 127.0.0.1/41559] INFO  http.HttpServer2 (HttpServer2.java:addFilter(1006)) - Added filter static_user_filter (class=org.apache.hadoop.http.lib.StaticUserWebFilter$StaticUserFilter) to context ozoneManager
2022-05-17 16:32:07,135 [Listener at 127.0.0.1/41559] INFO  http.HttpServer2 (HttpServer2.java:addFilter(1014)) - Added filter static_user_filter (class=org.apache.hadoop.http.lib.StaticUserWebFilter$StaticUserFilter) to context static
2022-05-17 16:32:07,135 [Listener at 127.0.0.1/41559] INFO  http.HttpServer2 (HttpServer2.java:addFilter(1014)) - Added filter static_user_filter (class=org.apache.hadoop.http.lib.StaticUserWebFilter$StaticUserFilter) to context logs
2022-05-17 16:32:07,139 [Listener at 127.0.0.1/41559] INFO  http.HttpServer2 (HttpServer2.java:bindListener(1249)) - Jetty bound to port 36089
2022-05-17 16:32:07,139 [Listener at 127.0.0.1/41559] INFO  server.Server (Server.java:doStart(375)) - jetty-9.4.43.v20210629; built: 2021-06-30T11:07:22.254Z; git: 526006ecfa3af7f1a27ef3a288e2bef7ea9dd7e8; jvm 1.8.0_332-b09
2022-05-17 16:32:07,147 [Listener at 127.0.0.1/41559] INFO  server.session (DefaultSessionIdManager.java:doStart(334)) - DefaultSessionIdManager workerName=node0
2022-05-17 16:32:07,148 [Listener at 127.0.0.1/41559] INFO  server.session (DefaultSessionIdManager.java:doStart(339)) - No SessionScavenger set, using defaults
2022-05-17 16:32:07,148 [Listener at 127.0.0.1/41559] INFO  server.session (HouseKeeper.java:startScavenging(132)) - node0 Scavenging every 660000ms
2022-05-17 16:32:07,149 [Listener at 127.0.0.1/41559] INFO  handler.ContextHandler (ContextHandler.java:doStart(915)) - Started o.e.j.s.ServletContextHandler@79620fed{logs,/logs,file:///home/runner/work/ozone/ozone/hadoop-ozone/integration-test/target/log,AVAILABLE}
2022-05-17 16:32:07,150 [Listener at 127.0.0.1/41559] INFO  handler.ContextHandler (ContextHandler.java:doStart(915)) - Started o.e.j.s.ServletContextHandler@5cfed4ee{static,/static,file:///home/runner/work/ozone/ozone/hadoop-ozone/integration-test/target/test-classes/webapps/static,AVAILABLE}
2022-05-17 16:32:07,157 [Listener at 127.0.0.1/41559] INFO  handler.ContextHandler (ContextHandler.java:doStart(915)) - Started o.e.j.w.WebAppContext@7e4d2884{ozoneManager,/,file:///home/runner/work/ozone/ozone/hadoop-ozone/integration-test/target/test-classes/webapps/ozoneManager/,AVAILABLE}{file:/home/runner/work/ozone/ozone/hadoop-ozone/integration-test/target/test-classes/webapps/ozoneManager}
2022-05-17 16:32:07,158 [Listener at 127.0.0.1/41559] INFO  server.AbstractConnector (AbstractConnector.java:doStart(331)) - Started ServerConnector@4c864fd0{HTTP/1.1, (http/1.1)}{0.0.0.0:36089}
2022-05-17 16:32:07,159 [Listener at 127.0.0.1/41559] INFO  server.Server (Server.java:doStart(415)) - Started @8356ms
2022-05-17 16:32:07,159 [Listener at 127.0.0.1/41559] WARN  impl.MetricsSystemImpl (MetricsSystemImpl.java:register(279)) - Sink prometheus already exists!
2022-05-17 16:32:07,160 [Listener at 127.0.0.1/41559] INFO  http.BaseHttpServer (BaseHttpServer.java:updateConnectorAddress(329)) - HTTP server of ozoneManager listening at http://0.0.0.0:36089
2022-05-17 16:32:07,160 [IPC Server Responder] INFO  ipc.Server (Server.java:run(1507)) - IPC Server Responder: starting
2022-05-17 16:32:07,160 [IPC Server listener on 0] INFO  ipc.Server (Server.java:run(1344)) - IPC Server listener on 0: starting
2022-05-17 16:32:07,166 [Listener at 127.0.0.1/41559] INFO  om.OzoneManager (OzoneManager.java:startTrashEmptier(1845)) - Trash Interval set to 0. Files deleted won't move to trash
2022-05-17 16:32:07,185 [org.apache.hadoop.util.JvmPauseMonitor$Monitor@310bf0ed] INFO  util.JvmPauseMonitor (JvmPauseMonitor.java:run(188)) - Starting JVM pause monitor
2022-05-17 16:32:07,348 [Listener at 127.0.0.1/41559] WARN  impl.MetricRegistriesImpl (MetricRegistriesImpl.java:addReporterRegistration(111)) - New reporters are added after registries were created. Some metrics will be missing from the reporter. Please add reporter before adding any new registry.
2022-05-17 16:32:07,348 [Listener at 127.0.0.1/41559] WARN  impl.MetricRegistriesImpl (MetricRegistriesImpl.java:addReporterRegistration(111)) - New reporters are added after registries were created. Some metrics will be missing from the reporter. Please add reporter before adding any new registry.
2022-05-17 16:32:07,353 [Listener at 127.0.0.1/41559] INFO  impl.MetricsSystemImpl (MetricsSystemImpl.java:init(158)) - HddsDatanode metrics system started (again)
2022-05-17 16:32:07,369 [Listener at 127.0.0.1/41559] INFO  ozone.HddsDatanodeService (HddsDatanodeService.java:start(236)) - HddsDatanodeService host:fv-az297-879.nmf1rxwemy4u5di1sxxf4ejcwb.jx.internal.cloudapp.net ip:10.1.0.54
2022-05-17 16:32:07,403 [Listener at 127.0.0.1/41559] INFO  upgrade.AbstractLayoutVersionManager (AbstractLayoutVersionManager.java:init(79)) - Initializing Layout version manager with metadata layout = ERASURE_CODED_STORAGE_SUPPORT (version = 3), software layout = ERASURE_CODED_STORAGE_SUPPORT (version = 3)
2022-05-17 16:32:07,448 [Listener at 127.0.0.1/41559] INFO  reflections.Reflections (Reflections.java:scan(232)) - Reflections took 44 ms to scan 7 urls, producing 127 keys and 292 values 
2022-05-17 16:32:07,453 [Listener at 127.0.0.1/41559] INFO  statemachine.DatanodeStateMachine (DatanodeStateMachine.java:getEndPointTaskThreadPoolSize(233)) - Datanode State Machine Task Thread Pool size 2
2022-05-17 16:32:07,662 [Listener at 127.0.0.1/41559] INFO  volume.HddsVolume (HddsVolume.java:<init>(120)) - Creating HddsVolume: /home/runner/work/ozone/ozone/hadoop-ozone/integration-test/target/test-dir/MiniOzoneClusterImpl-2a2cfd2a-819c-401a-9122-e0f1e4685d97/datanode-0/data-0/containers/hdds of storage type : DISK capacity : 9223372036854775807
2022-05-17 16:32:07,664 [Listener at 127.0.0.1/41559] INFO  volume.MutableVolumeSet (MutableVolumeSet.java:initializeVolumeSet(168)) - Added Volume : /home/runner/work/ozone/ozone/hadoop-ozone/integration-test/target/test-dir/MiniOzoneClusterImpl-2a2cfd2a-819c-401a-9122-e0f1e4685d97/datanode-0/data-0/containers/hdds to VolumeSet
2022-05-17 16:32:07,665 [Listener at 127.0.0.1/41559] INFO  volume.ThrottledAsyncChecker (ThrottledAsyncChecker.java:schedule(141)) - Scheduling a check for /home/runner/work/ozone/ozone/hadoop-ozone/integration-test/target/test-dir/MiniOzoneClusterImpl-2a2cfd2a-819c-401a-9122-e0f1e4685d97/datanode-0/data-0/containers/hdds
2022-05-17 16:32:07,683 [Listener at 127.0.0.1/41559] INFO  volume.StorageVolumeChecker (StorageVolumeChecker.java:checkAllVolumes(202)) - Scheduled health check for volume /home/runner/work/ozone/ozone/hadoop-ozone/integration-test/target/test-dir/MiniOzoneClusterImpl-2a2cfd2a-819c-401a-9122-e0f1e4685d97/datanode-0/data-0/containers/hdds
2022-05-17 16:32:07,702 [Listener at 127.0.0.1/41559] INFO  volume.MutableVolumeSet (MutableVolumeSet.java:initializeVolumeSet(168)) - Added Volume : /home/runner/work/ozone/ozone/hadoop-ozone/integration-test/target/test-dir/MiniOzoneClusterImpl-2a2cfd2a-819c-401a-9122-e0f1e4685d97/datanode-0/data/ratis to VolumeSet
2022-05-17 16:32:07,703 [Listener at 127.0.0.1/41559] INFO  volume.ThrottledAsyncChecker (ThrottledAsyncChecker.java:schedule(141)) - Scheduling a check for /home/runner/work/ozone/ozone/hadoop-ozone/integration-test/target/test-dir/MiniOzoneClusterImpl-2a2cfd2a-819c-401a-9122-e0f1e4685d97/datanode-0/data/ratis
2022-05-17 16:32:07,703 [Listener at 127.0.0.1/41559] INFO  volume.StorageVolumeChecker (StorageVolumeChecker.java:checkAllVolumes(202)) - Scheduled health check for volume /home/runner/work/ozone/ozone/hadoop-ozone/integration-test/target/test-dir/MiniOzoneClusterImpl-2a2cfd2a-819c-401a-9122-e0f1e4685d97/datanode-0/data/ratis
2022-05-17 16:32:07,737 [Thread-131] INFO  ozoneimpl.ContainerReader (ContainerReader.java:readVolume(172)) - Finish verifying containers on volume /home/runner/work/ozone/ozone/hadoop-ozone/integration-test/target/test-dir/MiniOzoneClusterImpl-2a2cfd2a-819c-401a-9122-e0f1e4685d97/datanode-0/data-0/containers/hdds
2022-05-17 16:32:07,738 [Listener at 127.0.0.1/41559] INFO  ozoneimpl.OzoneContainer (OzoneContainer.java:buildContainerSet(257)) - Build ContainerSet costs 0s
2022-05-17 16:32:07,794 [Listener at 127.0.0.1/41559] INFO  audit.AuditLogger (AuditLogger.java:refreshDebugCmdSet(120)) - Refresh DebugCmdSet for DNAudit to [].
2022-05-17 16:32:07,824 [Listener at 127.0.0.1/41559] INFO  server.RaftServer (ConfUtils.java:logGet(44)) - raft.rpc.type = GRPC (default)
2022-05-17 16:32:07,825 [Listener at 127.0.0.1/41559] INFO  grpc.GrpcFactory (GrpcFactory.java:checkPooledByteBufAllocatorUseCacheForAllThreads(48)) - PERFORMANCE WARNING: useCacheForAllThreads is true that may cause Netty to create a lot garbage objects and, as a result, trigger GC.
	It is recommended to disable useCacheForAllThreads by setting -Dorg.apache.ratis.thirdparty.io.netty.allocator.useCacheForAllThreads=false in command line.
2022-05-17 16:32:07,825 [Listener at 127.0.0.1/41559] INFO  grpc.GrpcConfigKeys (ConfUtils.java:logGet(44)) - raft.grpc.admin.port = 0 (custom)
2022-05-17 16:32:07,825 [Listener at 127.0.0.1/41559] INFO  grpc.GrpcConfigKeys (ConfUtils.java:logGet(44)) - raft.grpc.client.port = 0 (custom)
2022-05-17 16:32:07,825 [Listener at 127.0.0.1/41559] INFO  grpc.GrpcConfigKeys (ConfUtils.java:logGet(44)) - raft.grpc.server.port = 0 (default)
2022-05-17 16:32:07,826 [Listener at 127.0.0.1/41559] INFO  server.GrpcService (ConfUtils.java:logGet(44)) - raft.grpc.message.size.max = 32MB (=33554432) (custom)
2022-05-17 16:32:07,826 [Listener at 127.0.0.1/41559] INFO  server.RaftServerConfigKeys (ConfUtils.java:logGet(44)) - raft.server.log.appender.buffer.byte-limit = 33554432 (custom)
2022-05-17 16:32:07,826 [Listener at 127.0.0.1/41559] INFO  server.GrpcService (ConfUtils.java:logGet(44)) - raft.grpc.flow.control.window = 5MB (=5242880) (custom)
2022-05-17 16:32:07,827 [Listener at 127.0.0.1/41559] INFO  server.RaftServerConfigKeys (ConfUtils.java:logGet(44)) - raft.server.rpc.request.timeout = 60s (custom)
2022-05-17 16:32:07,828 [Listener at 127.0.0.1/41559] INFO  impl.DataStreamServerImpl (ConfUtils.java:logGet(44)) - raft.datastream.type = DISABLED (default)
2022-05-17 16:32:07,828 [Listener at 127.0.0.1/41559] INFO  server.RaftServerConfigKeys (ConfUtils.java:logGet(44)) - raft.server.rpc.slowness.timeout = 300s (custom)
2022-05-17 16:32:07,829 [Listener at 127.0.0.1/41559] INFO  server.RaftServerConfigKeys (ConfUtils.java:logGet(44)) - raft.server.leaderelection.leader.step-down.wait-time = 10s (default)
2022-05-17 16:32:07,829 [Listener at 127.0.0.1/41559] INFO  server.RaftServerConfigKeys (ConfUtils.java:logGet(44)) - raft.server.storage.dir = [/home/runner/work/ozone/ozone/hadoop-ozone/integration-test/target/test-dir/MiniOzoneClusterImpl-2a2cfd2a-819c-401a-9122-e0f1e4685d97/datanode-0/data/ratis] (custom)
2022-05-17 16:32:07,846 [Listener at 127.0.0.1/41559] INFO  server.XceiverServerGrpc (XceiverServerGrpc.java:<init>(132)) - GrpcServer channel type EpollServerSocketChannel
2022-05-17 16:32:07,894 [Listener at 127.0.0.1/41559] INFO  http.BaseHttpServer (BaseHttpServer.java:newHttpServer2BuilderForOzone(209)) - Starting Web-server for hddsDatanode at: http://0.0.0.0:0
2022-05-17 16:32:07,894 [Listener at 127.0.0.1/41559] INFO  http.BaseHttpServer (BaseHttpServer.java:<init>(107)) - Hadoop Security Enabled: false Ozone Security Enabled: false Ozone HTTP Security Enabled: false 
2022-05-17 16:32:07,896 [Listener at 127.0.0.1/41559] INFO  server.AuthenticationFilter (AuthenticationFilter.java:constructSecretProvider(240)) - Unable to initialize FileSignerSecretProvider, falling back to use random secrets.
2022-05-17 16:32:07,896 [Listener at 127.0.0.1/41559] WARN  http.HttpRequestLog (HttpRequestLog.java:getRequestLog(103)) - Jetty request log can only be enabled using Log4j
2022-05-17 16:32:07,897 [Listener at 127.0.0.1/41559] INFO  http.HttpServer2 (HttpServer2.java:addGlobalFilter(1030)) - Added global filter 'safety' (class=org.apache.hadoop.hdds.server.http.HttpServer2$QuotingInputFilter)
2022-05-17 16:32:07,898 [Listener at 127.0.0.1/41559] INFO  http.HttpServer2 (HttpServer2.java:addFilter(1006)) - Added filter static_user_filter (class=org.apache.hadoop.http.lib.StaticUserWebFilter$StaticUserFilter) to context hddsDatanode
2022-05-17 16:32:07,898 [Listener at 127.0.0.1/41559] INFO  http.HttpServer2 (HttpServer2.java:addFilter(1014)) - Added filter static_user_filter (class=org.apache.hadoop.http.lib.StaticUserWebFilter$StaticUserFilter) to context logs
2022-05-17 16:32:07,899 [Listener at 127.0.0.1/41559] INFO  http.HttpServer2 (HttpServer2.java:addFilter(1014)) - Added filter static_user_filter (class=org.apache.hadoop.http.lib.StaticUserWebFilter$StaticUserFilter) to context static
2022-05-17 16:32:07,899 [Listener at 127.0.0.1/41559] INFO  http.HttpServer2 (HttpServer2.java:bindListener(1249)) - Jetty bound to port 45025
2022-05-17 16:32:07,899 [Listener at 127.0.0.1/41559] INFO  server.Server (Server.java:doStart(375)) - jetty-9.4.43.v20210629; built: 2021-06-30T11:07:22.254Z; git: 526006ecfa3af7f1a27ef3a288e2bef7ea9dd7e8; jvm 1.8.0_332-b09
2022-05-17 16:32:07,903 [Listener at 127.0.0.1/41559] INFO  server.session (DefaultSessionIdManager.java:doStart(334)) - DefaultSessionIdManager workerName=node0
2022-05-17 16:32:07,903 [Listener at 127.0.0.1/41559] INFO  server.session (DefaultSessionIdManager.java:doStart(339)) - No SessionScavenger set, using defaults
2022-05-17 16:32:07,903 [Listener at 127.0.0.1/41559] INFO  server.session (HouseKeeper.java:startScavenging(132)) - node0 Scavenging every 600000ms
2022-05-17 16:32:07,906 [Listener at 127.0.0.1/41559] INFO  handler.ContextHandler (ContextHandler.java:doStart(915)) - Started o.e.j.s.ServletContextHandler@22336af7{logs,/logs,file:///home/runner/work/ozone/ozone/hadoop-ozone/integration-test/target/log,AVAILABLE}
2022-05-17 16:32:07,906 [Listener at 127.0.0.1/41559] INFO  handler.ContextHandler (ContextHandler.java:doStart(915)) - Started o.e.j.s.ServletContextHandler@108a411c{static,/static,jar:file:/home/runner/.m2/repository/org/apache/ozone/hdds-container-service/1.3.0-SNAPSHOT/hdds-container-service-1.3.0-SNAPSHOT.jar!/webapps/static,AVAILABLE}
2022-05-17 16:32:08,113 [Listener at 127.0.0.1/41559] INFO  handler.ContextHandler (ContextHandler.java:doStart(915)) - Started o.e.j.w.WebAppContext@3ffac12a{hddsDatanode,/,file:///tmp/jetty-0_0_0_0-45025-hdds-container-service-1_3_0-SNAPSHOT_jar-_-any-8937007448845234671/webapp/,AVAILABLE}{jar:file:/home/runner/.m2/repository/org/apache/ozone/hdds-container-service/1.3.0-SNAPSHOT/hdds-container-service-1.3.0-SNAPSHOT.jar!/webapps/hddsDatanode}
2022-05-17 16:32:08,115 [Listener at 127.0.0.1/41559] INFO  server.AbstractConnector (AbstractConnector.java:doStart(331)) - Started ServerConnector@15168d6f{HTTP/1.1, (http/1.1)}{0.0.0.0:45025}
2022-05-17 16:32:08,116 [Listener at 127.0.0.1/41559] INFO  server.Server (Server.java:doStart(415)) - Started @9313ms
2022-05-17 16:32:08,116 [Listener at 127.0.0.1/41559] WARN  impl.MetricsSystemImpl (MetricsSystemImpl.java:register(279)) - Sink prometheus already exists!
2022-05-17 16:32:08,117 [Listener at 127.0.0.1/41559] INFO  http.BaseHttpServer (BaseHttpServer.java:updateConnectorAddress(329)) - HTTP server of hddsDatanode listening at http://0.0.0.0:45025
2022-05-17 16:32:08,118 [Datanode State Machine Daemon Thread] INFO  statemachine.DatanodeStateMachine (DatanodeStateMachine.java:lambda$startDaemon$0(481)) - Ozone container server started.
2022-05-17 16:32:08,122 [Listener at 127.0.0.1/41559] WARN  impl.MetricRegistriesImpl (MetricRegistriesImpl.java:addReporterRegistration(111)) - New reporters are added after registries were created. Some metrics will be missing from the reporter. Please add reporter before adding any new registry.
2022-05-17 16:32:08,130 [Listener at 127.0.0.1/41559] WARN  impl.MetricRegistriesImpl (MetricRegistriesImpl.java:addReporterRegistration(111)) - New reporters are added after registries were created. Some metrics will be missing from the reporter. Please add reporter before adding any new registry.
2022-05-17 16:32:08,130 [Listener at 127.0.0.1/41559] INFO  impl.MetricsSystemImpl (MetricsSystemImpl.java:init(158)) - HddsDatanode metrics system started (again)
2022-05-17 16:32:08,149 [Listener at 127.0.0.1/41559] INFO  ozone.HddsDatanodeService (HddsDatanodeService.java:start(236)) - HddsDatanodeService host:fv-az297-879.nmf1rxwemy4u5di1sxxf4ejcwb.jx.internal.cloudapp.net ip:10.1.0.54
2022-05-17 16:32:08,153 [org.apache.hadoop.util.JvmPauseMonitor$Monitor@6d3074d3] INFO  util.JvmPauseMonitor (JvmPauseMonitor.java:run(188)) - Starting JVM pause monitor
2022-05-17 16:32:08,191 [om1@group-C5BA1605619E-FollowerState] INFO  impl.FollowerState (FollowerState.java:run(134)) - om1@group-C5BA1605619E-FollowerState: change to CANDIDATE, lastRpcElapsedTime:1186025244ns, electionTimeout:1160ms
2022-05-17 16:32:08,192 [om1@group-C5BA1605619E-FollowerState] INFO  impl.RoleInfo (RoleInfo.java:shutdownFollowerState(108)) - om1: shutdown om1@group-C5BA1605619E-FollowerState
2022-05-17 16:32:08,193 [om1@group-C5BA1605619E-FollowerState] INFO  server.RaftServer$Division (RaftServerImpl.java:setRole(290)) - om1@group-C5BA1605619E: changes role from  FOLLOWER to CANDIDATE at term 0 for changeToCandidate
2022-05-17 16:32:08,197 [om1@group-C5BA1605619E-FollowerState] INFO  server.RaftServerConfigKeys (ConfUtils.java:logGet(44)) - raft.server.leaderelection.pre-vote = false (custom)
2022-05-17 16:32:08,197 [om1@group-C5BA1605619E-FollowerState] INFO  impl.RoleInfo (RoleInfo.java:updateAndGet(130)) - om1: start om1@group-C5BA1605619E-LeaderElection1
2022-05-17 16:32:08,198 [Listener at 127.0.0.1/41559] INFO  upgrade.AbstractLayoutVersionManager (AbstractLayoutVersionManager.java:init(79)) - Initializing Layout version manager with metadata layout = ERASURE_CODED_STORAGE_SUPPORT (version = 3), software layout = ERASURE_CODED_STORAGE_SUPPORT (version = 3)
2022-05-17 16:32:08,225 [om1@group-C5BA1605619E-LeaderElection1] INFO  impl.LeaderElection (LeaderElection.java:askForVotes(306)) - om1@group-C5BA1605619E-LeaderElection1 ELECTION round 0: submit vote requests at term 1 for -1: [om1|rpc:localhost:9872|priority:0], old=null
2022-05-17 16:32:08,226 [om1@group-C5BA1605619E-LeaderElection1] INFO  impl.LeaderElection (LeaderElection.java:askForVotes(308)) - om1@group-C5BA1605619E-LeaderElection1 ELECTION round 0: result PASSED (term=1)
2022-05-17 16:32:08,227 [om1@group-C5BA1605619E-LeaderElection1] INFO  impl.RoleInfo (RoleInfo.java:shutdownLeaderElection(121)) - om1: shutdown om1@group-C5BA1605619E-LeaderElection1
2022-05-17 16:32:08,227 [om1@group-C5BA1605619E-LeaderElection1] INFO  server.RaftServer$Division (RaftServerImpl.java:setRole(290)) - om1@group-C5BA1605619E: changes role from CANDIDATE to LEADER at term 1 for changeToLeader
2022-05-17 16:32:08,227 [om1@group-C5BA1605619E-LeaderElection1] INFO  server.RaftServer$Division (ServerState.java:setLeader(285)) - om1@group-C5BA1605619E: change Leader from null to om1 at term 1 for becomeLeader, leader elected after 2141ms
2022-05-17 16:32:08,241 [om1@group-C5BA1605619E-LeaderElection1] INFO  server.RaftServerConfigKeys (ConfUtils.java:logGet(44)) - raft.server.staging.catchup.gap = 1000 (default)
2022-05-17 16:32:08,248 [om1@group-C5BA1605619E-LeaderElection1] INFO  server.RaftServerConfigKeys (ConfUtils.java:logGet(44)) - raft.server.write.element-limit = 4096 (default)
2022-05-17 16:32:08,249 [om1@group-C5BA1605619E-LeaderElection1] INFO  server.RaftServerConfigKeys (ConfUtils.java:logGet(44)) - raft.server.write.byte-limit = 64MB (=67108864) (default)
2022-05-17 16:32:08,262 [om1@group-C5BA1605619E-LeaderElection1] INFO  server.RaftServerConfigKeys (ConfUtils.java:logGet(44)) - raft.server.watch.timeout = 10s (default)
2022-05-17 16:32:08,263 [om1@group-C5BA1605619E-LeaderElection1] INFO  server.RaftServerConfigKeys (ConfUtils.java:logGet(44)) - raft.server.watch.timeout.denomination = 1s (default)
2022-05-17 16:32:08,274 [om1@group-C5BA1605619E-LeaderElection1] INFO  server.RaftServerConfigKeys (ConfUtils.java:logGet(44)) - raft.server.watch.element-limit = 65536 (default)
2022-05-17 16:32:08,278 [om1@group-C5BA1605619E-LeaderElection1] INFO  server.RaftServerConfigKeys (ConfUtils.java:logGet(44)) - raft.server.write.element-limit = 4096 (default)
2022-05-17 16:32:08,279 [om1@group-C5BA1605619E-LeaderElection1] INFO  server.RaftServerConfigKeys (ConfUtils.java:logGet(44)) - raft.server.write.follower.gap.ratio.max = -1.0 (default)
2022-05-17 16:32:08,290 [om1@group-C5BA1605619E-LeaderElection1] INFO  impl.RoleInfo (RoleInfo.java:updateAndGet(130)) - om1: start om1@group-C5BA1605619E-LeaderStateImpl
2022-05-17 16:32:08,323 [Listener at 127.0.0.1/41559] INFO  reflections.Reflections (Reflections.java:scan(232)) - Reflections took 123 ms to scan 7 urls, producing 127 keys and 292 values 
2022-05-17 16:32:08,336 [Listener at 127.0.0.1/41559] INFO  statemachine.DatanodeStateMachine (DatanodeStateMachine.java:getEndPointTaskThreadPoolSize(233)) - Datanode State Machine Task Thread Pool size 2
2022-05-17 16:32:08,345 [Listener at 127.0.0.1/41559] INFO  volume.HddsVolume (HddsVolume.java:<init>(120)) - Creating HddsVolume: /home/runner/work/ozone/ozone/hadoop-ozone/integration-test/target/test-dir/MiniOzoneClusterImpl-2a2cfd2a-819c-401a-9122-e0f1e4685d97/datanode-1/data-0/containers/hdds of storage type : DISK capacity : 9223372036854775807
2022-05-17 16:32:08,345 [Listener at 127.0.0.1/41559] INFO  volume.MutableVolumeSet (MutableVolumeSet.java:initializeVolumeSet(168)) - Added Volume : /home/runner/work/ozone/ozone/hadoop-ozone/integration-test/target/test-dir/MiniOzoneClusterImpl-2a2cfd2a-819c-401a-9122-e0f1e4685d97/datanode-1/data-0/containers/hdds to VolumeSet
2022-05-17 16:32:08,345 [Listener at 127.0.0.1/41559] INFO  volume.ThrottledAsyncChecker (ThrottledAsyncChecker.java:schedule(141)) - Scheduling a check for /home/runner/work/ozone/ozone/hadoop-ozone/integration-test/target/test-dir/MiniOzoneClusterImpl-2a2cfd2a-819c-401a-9122-e0f1e4685d97/datanode-1/data-0/containers/hdds
2022-05-17 16:32:08,357 [Datanode State Machine Task Thread - 0] INFO  datanode.InitDatanodeState (InitDatanodeState.java:persistContainerDatanodeDetails(138)) - DatanodeDetails is persisted to /home/runner/work/ozone/ozone/hadoop-ozone/integration-test/target/test-dir/MiniOzoneClusterImpl-2a2cfd2a-819c-401a-9122-e0f1e4685d97/datanode-0/meta/datanode.id
2022-05-17 16:32:08,368 [Listener at 127.0.0.1/41559] INFO  volume.StorageVolumeChecker (StorageVolumeChecker.java:checkAllVolumes(202)) - Scheduled health check for volume /home/runner/work/ozone/ozone/hadoop-ozone/integration-test/target/test-dir/MiniOzoneClusterImpl-2a2cfd2a-819c-401a-9122-e0f1e4685d97/datanode-1/data-0/containers/hdds
2022-05-17 16:32:08,379 [Listener at 127.0.0.1/41559] INFO  volume.MutableVolumeSet (MutableVolumeSet.java:initializeVolumeSet(168)) - Added Volume : /home/runner/work/ozone/ozone/hadoop-ozone/integration-test/target/test-dir/MiniOzoneClusterImpl-2a2cfd2a-819c-401a-9122-e0f1e4685d97/datanode-1/data/ratis to VolumeSet
2022-05-17 16:32:08,379 [Listener at 127.0.0.1/41559] INFO  volume.ThrottledAsyncChecker (ThrottledAsyncChecker.java:schedule(141)) - Scheduling a check for /home/runner/work/ozone/ozone/hadoop-ozone/integration-test/target/test-dir/MiniOzoneClusterImpl-2a2cfd2a-819c-401a-9122-e0f1e4685d97/datanode-1/data/ratis
2022-05-17 16:32:08,379 [Listener at 127.0.0.1/41559] INFO  volume.StorageVolumeChecker (StorageVolumeChecker.java:checkAllVolumes(202)) - Scheduled health check for volume /home/runner/work/ozone/ozone/hadoop-ozone/integration-test/target/test-dir/MiniOzoneClusterImpl-2a2cfd2a-819c-401a-9122-e0f1e4685d97/datanode-1/data/ratis
2022-05-17 16:32:08,382 [om1@group-C5BA1605619E-LeaderElection1] INFO  segmented.SegmentedRaftLogWorker (SegmentedRaftLogWorker.java:startLogSegment(394)) - om1@group-C5BA1605619E-SegmentedRaftLogWorker: Starting segment from index:0
2022-05-17 16:32:08,413 [Thread-145] INFO  ozoneimpl.ContainerReader (ContainerReader.java:readVolume(172)) - Finish verifying containers on volume /home/runner/work/ozone/ozone/hadoop-ozone/integration-test/target/test-dir/MiniOzoneClusterImpl-2a2cfd2a-819c-401a-9122-e0f1e4685d97/datanode-1/data-0/containers/hdds
2022-05-17 16:32:08,417 [Listener at 127.0.0.1/41559] INFO  ozoneimpl.OzoneContainer (OzoneContainer.java:buildContainerSet(257)) - Build ContainerSet costs 0s
2022-05-17 16:32:08,420 [Listener at 127.0.0.1/41559] INFO  server.RaftServer (ConfUtils.java:logGet(44)) - raft.rpc.type = GRPC (default)
2022-05-17 16:32:08,420 [Listener at 127.0.0.1/41559] INFO  grpc.GrpcFactory (GrpcFactory.java:checkPooledByteBufAllocatorUseCacheForAllThreads(48)) - PERFORMANCE WARNING: useCacheForAllThreads is true that may cause Netty to create a lot garbage objects and, as a result, trigger GC.
	It is recommended to disable useCacheForAllThreads by setting -Dorg.apache.ratis.thirdparty.io.netty.allocator.useCacheForAllThreads=false in command line.
2022-05-17 16:32:08,420 [Listener at 127.0.0.1/41559] INFO  grpc.GrpcConfigKeys (ConfUtils.java:logGet(44)) - raft.grpc.admin.port = 0 (custom)
2022-05-17 16:32:08,420 [Listener at 127.0.0.1/41559] INFO  grpc.GrpcConfigKeys (ConfUtils.java:logGet(44)) - raft.grpc.client.port = 0 (custom)
2022-05-17 16:32:08,421 [Listener at 127.0.0.1/41559] INFO  grpc.GrpcConfigKeys (ConfUtils.java:logGet(44)) - raft.grpc.server.port = 0 (default)
2022-05-17 16:32:08,421 [Listener at 127.0.0.1/41559] INFO  server.GrpcService (ConfUtils.java:logGet(44)) - raft.grpc.message.size.max = 32MB (=33554432) (custom)
2022-05-17 16:32:08,421 [Listener at 127.0.0.1/41559] INFO  server.RaftServerConfigKeys (ConfUtils.java:logGet(44)) - raft.server.log.appender.buffer.byte-limit = 33554432 (custom)
2022-05-17 16:32:08,421 [Listener at 127.0.0.1/41559] INFO  server.GrpcService (ConfUtils.java:logGet(44)) - raft.grpc.flow.control.window = 5MB (=5242880) (custom)
2022-05-17 16:32:08,421 [Listener at 127.0.0.1/41559] INFO  server.RaftServerConfigKeys (ConfUtils.java:logGet(44)) - raft.server.rpc.request.timeout = 60s (custom)
2022-05-17 16:32:08,428 [Listener at 127.0.0.1/41559] INFO  impl.DataStreamServerImpl (ConfUtils.java:logGet(44)) - raft.datastream.type = DISABLED (default)
2022-05-17 16:32:08,428 [Listener at 127.0.0.1/41559] INFO  server.RaftServerConfigKeys (ConfUtils.java:logGet(44)) - raft.server.rpc.slowness.timeout = 300s (custom)
2022-05-17 16:32:08,428 [Listener at 127.0.0.1/41559] INFO  server.RaftServerConfigKeys (ConfUtils.java:logGet(44)) - raft.server.leaderelection.leader.step-down.wait-time = 10s (default)
2022-05-17 16:32:08,429 [Listener at 127.0.0.1/41559] INFO  server.RaftServerConfigKeys (ConfUtils.java:logGet(44)) - raft.server.storage.dir = [/home/runner/work/ozone/ozone/hadoop-ozone/integration-test/target/test-dir/MiniOzoneClusterImpl-2a2cfd2a-819c-401a-9122-e0f1e4685d97/datanode-1/data/ratis] (custom)
2022-05-17 16:32:08,430 [Listener at 127.0.0.1/41559] INFO  server.XceiverServerGrpc (XceiverServerGrpc.java:<init>(132)) - GrpcServer channel type EpollServerSocketChannel
2022-05-17 16:32:08,444 [Listener at 127.0.0.1/41559] INFO  http.BaseHttpServer (BaseHttpServer.java:newHttpServer2BuilderForOzone(209)) - Starting Web-server for hddsDatanode at: http://0.0.0.0:0
2022-05-17 16:32:08,444 [Listener at 127.0.0.1/41559] INFO  http.BaseHttpServer (BaseHttpServer.java:<init>(107)) - Hadoop Security Enabled: false Ozone Security Enabled: false Ozone HTTP Security Enabled: false 
2022-05-17 16:32:08,446 [om1@group-C5BA1605619E-LeaderElection1] INFO  server.RaftServer$Division (ServerState.java:setRaftConf(387)) - om1@group-C5BA1605619E: set configuration 0: [om1|rpc:localhost:9872|admin:|client:|dataStream:|priority:0], old=null
2022-05-17 16:32:08,447 [Listener at 127.0.0.1/41559] INFO  server.AuthenticationFilter (AuthenticationFilter.java:constructSecretProvider(240)) - Unable to initialize FileSignerSecretProvider, falling back to use random secrets.
2022-05-17 16:32:08,448 [Listener at 127.0.0.1/41559] WARN  http.HttpRequestLog (HttpRequestLog.java:getRequestLog(103)) - Jetty request log can only be enabled using Log4j
2022-05-17 16:32:08,449 [Listener at 127.0.0.1/41559] INFO  http.HttpServer2 (HttpServer2.java:addGlobalFilter(1030)) - Added global filter 'safety' (class=org.apache.hadoop.hdds.server.http.HttpServer2$QuotingInputFilter)
2022-05-17 16:32:08,458 [Listener at 127.0.0.1/41559] INFO  http.HttpServer2 (HttpServer2.java:addFilter(1006)) - Added filter static_user_filter (class=org.apache.hadoop.http.lib.StaticUserWebFilter$StaticUserFilter) to context hddsDatanode
2022-05-17 16:32:08,458 [Listener at 127.0.0.1/41559] INFO  http.HttpServer2 (HttpServer2.java:addFilter(1014)) - Added filter static_user_filter (class=org.apache.hadoop.http.lib.StaticUserWebFilter$StaticUserFilter) to context static
2022-05-17 16:32:08,459 [Listener at 127.0.0.1/41559] INFO  http.HttpServer2 (HttpServer2.java:addFilter(1014)) - Added filter static_user_filter (class=org.apache.hadoop.http.lib.StaticUserWebFilter$StaticUserFilter) to context logs
2022-05-17 16:32:08,459 [Listener at 127.0.0.1/41559] INFO  http.HttpServer2 (HttpServer2.java:bindListener(1249)) - Jetty bound to port 42705
2022-05-17 16:32:08,460 [Listener at 127.0.0.1/41559] INFO  server.Server (Server.java:doStart(375)) - jetty-9.4.43.v20210629; built: 2021-06-30T11:07:22.254Z; git: 526006ecfa3af7f1a27ef3a288e2bef7ea9dd7e8; jvm 1.8.0_332-b09
2022-05-17 16:32:08,466 [Listener at 127.0.0.1/41559] INFO  server.session (DefaultSessionIdManager.java:doStart(334)) - DefaultSessionIdManager workerName=node0
2022-05-17 16:32:08,466 [Listener at 127.0.0.1/41559] INFO  server.session (DefaultSessionIdManager.java:doStart(339)) - No SessionScavenger set, using defaults
2022-05-17 16:32:08,467 [Listener at 127.0.0.1/41559] INFO  server.session (HouseKeeper.java:startScavenging(132)) - node0 Scavenging every 600000ms
2022-05-17 16:32:08,470 [Listener at 127.0.0.1/41559] INFO  handler.ContextHandler (ContextHandler.java:doStart(915)) - Started o.e.j.s.ServletContextHandler@45a8b90f{logs,/logs,file:///home/runner/work/ozone/ozone/hadoop-ozone/integration-test/target/log,AVAILABLE}
2022-05-17 16:32:08,471 [Listener at 127.0.0.1/41559] INFO  handler.ContextHandler (ContextHandler.java:doStart(915)) - Started o.e.j.s.ServletContextHandler@1dfdf3be{static,/static,jar:file:/home/runner/.m2/repository/org/apache/ozone/hdds-container-service/1.3.0-SNAPSHOT/hdds-container-service-1.3.0-SNAPSHOT.jar!/webapps/static,AVAILABLE}
2022-05-17 16:32:08,541 [om1@group-C5BA1605619E-SegmentedRaftLogWorker] INFO  segmented.SegmentedRaftLogWorker (SegmentedRaftLogWorker.java:execute(601)) - om1@group-C5BA1605619E-SegmentedRaftLogWorker: created new log segment /home/runner/work/ozone/ozone/hadoop-ozone/integration-test/target/test-dir/MiniOzoneClusterImpl-2a2cfd2a-819c-401a-9122-e0f1e4685d97/ozone-meta/ratis/bf265839-605b-3f16-9796-c5ba1605619e/current/log_inprogress_0
2022-05-17 16:32:08,732 [Listener at 127.0.0.1/41559] INFO  handler.ContextHandler (ContextHandler.java:doStart(915)) - Started o.e.j.w.WebAppContext@57a9be7f{hddsDatanode,/,file:///tmp/jetty-0_0_0_0-42705-hdds-container-service-1_3_0-SNAPSHOT_jar-_-any-5573088718447632213/webapp/,AVAILABLE}{jar:file:/home/runner/.m2/repository/org/apache/ozone/hdds-container-service/1.3.0-SNAPSHOT/hdds-container-service-1.3.0-SNAPSHOT.jar!/webapps/hddsDatanode}
2022-05-17 16:32:08,735 [Listener at 127.0.0.1/41559] INFO  server.AbstractConnector (AbstractConnector.java:doStart(331)) - Started ServerConnector@237cd4e5{HTTP/1.1, (http/1.1)}{0.0.0.0:42705}
2022-05-17 16:32:08,736 [Listener at 127.0.0.1/41559] INFO  server.Server (Server.java:doStart(415)) - Started @9933ms
2022-05-17 16:32:08,736 [Listener at 127.0.0.1/41559] WARN  impl.MetricsSystemImpl (MetricsSystemImpl.java:register(279)) - Sink prometheus already exists!
2022-05-17 16:32:08,740 [Listener at 127.0.0.1/41559] INFO  http.BaseHttpServer (BaseHttpServer.java:updateConnectorAddress(329)) - HTTP server of hddsDatanode listening at http://0.0.0.0:42705
2022-05-17 16:32:08,741 [Listener at 127.0.0.1/41559] WARN  impl.MetricRegistriesImpl (MetricRegistriesImpl.java:addReporterRegistration(111)) - New reporters are added after registries were created. Some metrics will be missing from the reporter. Please add reporter before adding any new registry.
2022-05-17 16:32:08,741 [Listener at 127.0.0.1/41559] WARN  impl.MetricRegistriesImpl (MetricRegistriesImpl.java:addReporterRegistration(111)) - New reporters are added after registries were created. Some metrics will be missing from the reporter. Please add reporter before adding any new registry.
2022-05-17 16:32:08,742 [Listener at 127.0.0.1/41559] INFO  impl.MetricsSystemImpl (MetricsSystemImpl.java:init(158)) - HddsDatanode metrics system started (again)
2022-05-17 16:32:08,740 [om1@group-C5BA1605619E-StateMachineUpdater] INFO  ratis.OzoneManagerStateMachine (OzoneManagerStateMachine.java:notifyConfigurationChanged(191)) - Received Configuration change notification from Ratis. New Peer list:
[id: "om1"
address: "localhost:9872"
]
2022-05-17 16:32:08,749 [Datanode State Machine Daemon Thread] INFO  statemachine.DatanodeStateMachine (DatanodeStateMachine.java:lambda$startDaemon$0(481)) - Ozone container server started.
2022-05-17 16:32:08,765 [Listener at 127.0.0.1/41559] INFO  ozone.HddsDatanodeService (HddsDatanodeService.java:start(236)) - HddsDatanodeService host:fv-az297-879.nmf1rxwemy4u5di1sxxf4ejcwb.jx.internal.cloudapp.net ip:10.1.0.54
2022-05-17 16:32:08,777 [org.apache.hadoop.util.JvmPauseMonitor$Monitor@359b86f2] INFO  util.JvmPauseMonitor (JvmPauseMonitor.java:run(188)) - Starting JVM pause monitor
2022-05-17 16:32:08,789 [Datanode State Machine Task Thread - 0] INFO  datanode.InitDatanodeState (InitDatanodeState.java:persistContainerDatanodeDetails(138)) - DatanodeDetails is persisted to /home/runner/work/ozone/ozone/hadoop-ozone/integration-test/target/test-dir/MiniOzoneClusterImpl-2a2cfd2a-819c-401a-9122-e0f1e4685d97/datanode-1/meta/datanode.id
2022-05-17 16:32:08,798 [Listener at 127.0.0.1/41559] INFO  upgrade.AbstractLayoutVersionManager (AbstractLayoutVersionManager.java:init(79)) - Initializing Layout version manager with metadata layout = ERASURE_CODED_STORAGE_SUPPORT (version = 3), software layout = ERASURE_CODED_STORAGE_SUPPORT (version = 3)
2022-05-17 16:32:08,859 [Listener at 127.0.0.1/41559] INFO  reflections.Reflections (Reflections.java:scan(232)) - Reflections took 54 ms to scan 7 urls, producing 127 keys and 292 values 
2022-05-17 16:32:08,863 [Listener at 127.0.0.1/41559] INFO  statemachine.DatanodeStateMachine (DatanodeStateMachine.java:getEndPointTaskThreadPoolSize(233)) - Datanode State Machine Task Thread Pool size 2
2022-05-17 16:32:08,865 [Listener at 127.0.0.1/41559] INFO  volume.HddsVolume (HddsVolume.java:<init>(120)) - Creating HddsVolume: /home/runner/work/ozone/ozone/hadoop-ozone/integration-test/target/test-dir/MiniOzoneClusterImpl-2a2cfd2a-819c-401a-9122-e0f1e4685d97/datanode-2/data-0/containers/hdds of storage type : DISK capacity : 9223372036854775807
2022-05-17 16:32:08,866 [Listener at 127.0.0.1/41559] INFO  volume.MutableVolumeSet (MutableVolumeSet.java:initializeVolumeSet(168)) - Added Volume : /home/runner/work/ozone/ozone/hadoop-ozone/integration-test/target/test-dir/MiniOzoneClusterImpl-2a2cfd2a-819c-401a-9122-e0f1e4685d97/datanode-2/data-0/containers/hdds to VolumeSet
2022-05-17 16:32:08,866 [Listener at 127.0.0.1/41559] INFO  volume.ThrottledAsyncChecker (ThrottledAsyncChecker.java:schedule(141)) - Scheduling a check for /home/runner/work/ozone/ozone/hadoop-ozone/integration-test/target/test-dir/MiniOzoneClusterImpl-2a2cfd2a-819c-401a-9122-e0f1e4685d97/datanode-2/data-0/containers/hdds
2022-05-17 16:32:08,870 [Listener at 127.0.0.1/41559] INFO  volume.StorageVolumeChecker (StorageVolumeChecker.java:checkAllVolumes(202)) - Scheduled health check for volume /home/runner/work/ozone/ozone/hadoop-ozone/integration-test/target/test-dir/MiniOzoneClusterImpl-2a2cfd2a-819c-401a-9122-e0f1e4685d97/datanode-2/data-0/containers/hdds
2022-05-17 16:32:08,886 [Listener at 127.0.0.1/41559] INFO  volume.MutableVolumeSet (MutableVolumeSet.java:initializeVolumeSet(168)) - Added Volume : /home/runner/work/ozone/ozone/hadoop-ozone/integration-test/target/test-dir/MiniOzoneClusterImpl-2a2cfd2a-819c-401a-9122-e0f1e4685d97/datanode-2/data/ratis to VolumeSet
2022-05-17 16:32:08,887 [Listener at 127.0.0.1/41559] INFO  volume.ThrottledAsyncChecker (ThrottledAsyncChecker.java:schedule(141)) - Scheduling a check for /home/runner/work/ozone/ozone/hadoop-ozone/integration-test/target/test-dir/MiniOzoneClusterImpl-2a2cfd2a-819c-401a-9122-e0f1e4685d97/datanode-2/data/ratis
2022-05-17 16:32:08,887 [Listener at 127.0.0.1/41559] INFO  volume.StorageVolumeChecker (StorageVolumeChecker.java:checkAllVolumes(202)) - Scheduled health check for volume /home/runner/work/ozone/ozone/hadoop-ozone/integration-test/target/test-dir/MiniOzoneClusterImpl-2a2cfd2a-819c-401a-9122-e0f1e4685d97/datanode-2/data/ratis
2022-05-17 16:32:08,902 [Thread-157] INFO  ozoneimpl.ContainerReader (ContainerReader.java:readVolume(172)) - Finish verifying containers on volume /home/runner/work/ozone/ozone/hadoop-ozone/integration-test/target/test-dir/MiniOzoneClusterImpl-2a2cfd2a-819c-401a-9122-e0f1e4685d97/datanode-2/data-0/containers/hdds
2022-05-17 16:32:08,902 [Listener at 127.0.0.1/41559] INFO  ozoneimpl.OzoneContainer (OzoneContainer.java:buildContainerSet(257)) - Build ContainerSet costs 0s
2022-05-17 16:32:08,906 [Listener at 127.0.0.1/41559] INFO  server.RaftServer (ConfUtils.java:logGet(44)) - raft.rpc.type = GRPC (default)
2022-05-17 16:32:08,906 [Listener at 127.0.0.1/41559] INFO  grpc.GrpcFactory (GrpcFactory.java:checkPooledByteBufAllocatorUseCacheForAllThreads(48)) - PERFORMANCE WARNING: useCacheForAllThreads is true that may cause Netty to create a lot garbage objects and, as a result, trigger GC.
	It is recommended to disable useCacheForAllThreads by setting -Dorg.apache.ratis.thirdparty.io.netty.allocator.useCacheForAllThreads=false in command line.
2022-05-17 16:32:08,906 [Listener at 127.0.0.1/41559] INFO  grpc.GrpcConfigKeys (ConfUtils.java:logGet(44)) - raft.grpc.admin.port = 0 (custom)
2022-05-17 16:32:08,907 [Listener at 127.0.0.1/41559] INFO  grpc.GrpcConfigKeys (ConfUtils.java:logGet(44)) - raft.grpc.client.port = 0 (custom)
2022-05-17 16:32:08,907 [Listener at 127.0.0.1/41559] INFO  grpc.GrpcConfigKeys (ConfUtils.java:logGet(44)) - raft.grpc.server.port = 0 (default)
2022-05-17 16:32:08,907 [Listener at 127.0.0.1/41559] INFO  server.GrpcService (ConfUtils.java:logGet(44)) - raft.grpc.message.size.max = 32MB (=33554432) (custom)
2022-05-17 16:32:08,907 [Listener at 127.0.0.1/41559] INFO  server.RaftServerConfigKeys (ConfUtils.java:logGet(44)) - raft.server.log.appender.buffer.byte-limit = 33554432 (custom)
2022-05-17 16:32:08,908 [Listener at 127.0.0.1/41559] INFO  server.GrpcService (ConfUtils.java:logGet(44)) - raft.grpc.flow.control.window = 5MB (=5242880) (custom)
2022-05-17 16:32:08,908 [Listener at 127.0.0.1/41559] INFO  server.RaftServerConfigKeys (ConfUtils.java:logGet(44)) - raft.server.rpc.request.timeout = 60s (custom)
2022-05-17 16:32:08,911 [Listener at 127.0.0.1/41559] INFO  impl.DataStreamServerImpl (ConfUtils.java:logGet(44)) - raft.datastream.type = DISABLED (default)
2022-05-17 16:32:08,912 [Listener at 127.0.0.1/41559] INFO  server.RaftServerConfigKeys (ConfUtils.java:logGet(44)) - raft.server.rpc.slowness.timeout = 300s (custom)
2022-05-17 16:32:08,912 [Listener at 127.0.0.1/41559] INFO  server.RaftServerConfigKeys (ConfUtils.java:logGet(44)) - raft.server.leaderelection.leader.step-down.wait-time = 10s (default)
2022-05-17 16:32:08,912 [Listener at 127.0.0.1/41559] INFO  server.RaftServerConfigKeys (ConfUtils.java:logGet(44)) - raft.server.storage.dir = [/home/runner/work/ozone/ozone/hadoop-ozone/integration-test/target/test-dir/MiniOzoneClusterImpl-2a2cfd2a-819c-401a-9122-e0f1e4685d97/datanode-2/data/ratis] (custom)
2022-05-17 16:32:08,922 [Listener at 127.0.0.1/41559] INFO  server.XceiverServerGrpc (XceiverServerGrpc.java:<init>(132)) - GrpcServer channel type EpollServerSocketChannel
2022-05-17 16:32:08,927 [Listener at 127.0.0.1/41559] INFO  http.BaseHttpServer (BaseHttpServer.java:newHttpServer2BuilderForOzone(209)) - Starting Web-server for hddsDatanode at: http://0.0.0.0:0
2022-05-17 16:32:08,927 [Listener at 127.0.0.1/41559] INFO  http.BaseHttpServer (BaseHttpServer.java:<init>(107)) - Hadoop Security Enabled: false Ozone Security Enabled: false Ozone HTTP Security Enabled: false 
2022-05-17 16:32:08,929 [Listener at 127.0.0.1/41559] INFO  server.AuthenticationFilter (AuthenticationFilter.java:constructSecretProvider(240)) - Unable to initialize FileSignerSecretProvider, falling back to use random secrets.
2022-05-17 16:32:08,933 [Listener at 127.0.0.1/41559] WARN  http.HttpRequestLog (HttpRequestLog.java:getRequestLog(103)) - Jetty request log can only be enabled using Log4j
2022-05-17 16:32:08,935 [Listener at 127.0.0.1/41559] INFO  http.HttpServer2 (HttpServer2.java:addGlobalFilter(1030)) - Added global filter 'safety' (class=org.apache.hadoop.hdds.server.http.HttpServer2$QuotingInputFilter)
2022-05-17 16:32:08,936 [Listener at 127.0.0.1/41559] INFO  http.HttpServer2 (HttpServer2.java:addFilter(1006)) - Added filter static_user_filter (class=org.apache.hadoop.http.lib.StaticUserWebFilter$StaticUserFilter) to context hddsDatanode
2022-05-17 16:32:08,936 [Listener at 127.0.0.1/41559] INFO  http.HttpServer2 (HttpServer2.java:addFilter(1014)) - Added filter static_user_filter (class=org.apache.hadoop.http.lib.StaticUserWebFilter$StaticUserFilter) to context logs
2022-05-17 16:32:08,936 [Listener at 127.0.0.1/41559] INFO  http.HttpServer2 (HttpServer2.java:addFilter(1014)) - Added filter static_user_filter (class=org.apache.hadoop.http.lib.StaticUserWebFilter$StaticUserFilter) to context static
2022-05-17 16:32:08,938 [Listener at 127.0.0.1/41559] INFO  http.HttpServer2 (HttpServer2.java:bindListener(1249)) - Jetty bound to port 39337
2022-05-17 16:32:08,939 [Listener at 127.0.0.1/41559] INFO  server.Server (Server.java:doStart(375)) - jetty-9.4.43.v20210629; built: 2021-06-30T11:07:22.254Z; git: 526006ecfa3af7f1a27ef3a288e2bef7ea9dd7e8; jvm 1.8.0_332-b09
2022-05-17 16:32:08,941 [Listener at 127.0.0.1/41559] INFO  server.session (DefaultSessionIdManager.java:doStart(334)) - DefaultSessionIdManager workerName=node0
2022-05-17 16:32:08,941 [Listener at 127.0.0.1/41559] INFO  server.session (DefaultSessionIdManager.java:doStart(339)) - No SessionScavenger set, using defaults
2022-05-17 16:32:08,943 [Listener at 127.0.0.1/41559] INFO  server.session (HouseKeeper.java:startScavenging(132)) - node0 Scavenging every 600000ms
2022-05-17 16:32:08,945 [Listener at 127.0.0.1/41559] INFO  handler.ContextHandler (ContextHandler.java:doStart(915)) - Started o.e.j.s.ServletContextHandler@39093a4a{logs,/logs,file:///home/runner/work/ozone/ozone/hadoop-ozone/integration-test/target/log,AVAILABLE}
2022-05-17 16:32:08,946 [Listener at 127.0.0.1/41559] INFO  handler.ContextHandler (ContextHandler.java:doStart(915)) - Started o.e.j.s.ServletContextHandler@3b5811d3{static,/static,jar:file:/home/runner/.m2/repository/org/apache/ozone/hdds-container-service/1.3.0-SNAPSHOT/hdds-container-service-1.3.0-SNAPSHOT.jar!/webapps/static,AVAILABLE}
2022-05-17 16:32:09,157 [Listener at 127.0.0.1/41559] INFO  handler.ContextHandler (ContextHandler.java:doStart(915)) - Started o.e.j.w.WebAppContext@3a6c74d9{hddsDatanode,/,file:///tmp/jetty-0_0_0_0-39337-hdds-container-service-1_3_0-SNAPSHOT_jar-_-any-260725508993460362/webapp/,AVAILABLE}{jar:file:/home/runner/.m2/repository/org/apache/ozone/hdds-container-service/1.3.0-SNAPSHOT/hdds-container-service-1.3.0-SNAPSHOT.jar!/webapps/hddsDatanode}
2022-05-17 16:32:09,159 [Listener at 127.0.0.1/41559] INFO  server.AbstractConnector (AbstractConnector.java:doStart(331)) - Started ServerConnector@19019811{HTTP/1.1, (http/1.1)}{0.0.0.0:39337}
2022-05-17 16:32:09,159 [Listener at 127.0.0.1/41559] INFO  server.Server (Server.java:doStart(415)) - Started @10357ms
2022-05-17 16:32:09,160 [Listener at 127.0.0.1/41559] WARN  impl.MetricsSystemImpl (MetricsSystemImpl.java:register(279)) - Sink prometheus already exists!
2022-05-17 16:32:09,160 [Listener at 127.0.0.1/41559] INFO  http.BaseHttpServer (BaseHttpServer.java:updateConnectorAddress(329)) - HTTP server of hddsDatanode listening at http://0.0.0.0:39337
2022-05-17 16:32:09,164 [Listener at 127.0.0.1/41559] INFO  ozone.MiniOzoneClusterImpl (MiniOzoneClusterImpl.java:lambda$waitForClusterToBeReady$0(221)) - Waiting for nodes to be ready. Got 0 of 3 DN Heartbeats.
2022-05-17 16:32:09,164 [Listener at 127.0.0.1/41559] INFO  ozone.MiniOzoneClusterImpl (MiniOzoneClusterImpl.java:lambda$waitForClusterToBeReady$0(224)) - Waiting for cluster to exit safe mode
2022-05-17 16:32:09,164 [Listener at 127.0.0.1/41559] INFO  ozone.MiniOzoneClusterImpl (MiniOzoneClusterImpl.java:lambda$waitForClusterToBeReady$0(226)) - SCM became leader
2022-05-17 16:32:09,168 [Datanode State Machine Daemon Thread] INFO  statemachine.DatanodeStateMachine (DatanodeStateMachine.java:lambda$startDaemon$0(481)) - Ozone container server started.
2022-05-17 16:32:09,177 [org.apache.hadoop.util.JvmPauseMonitor$Monitor@5abb8e05] INFO  util.JvmPauseMonitor (JvmPauseMonitor.java:run(188)) - Starting JVM pause monitor
2022-05-17 16:32:09,180 [Datanode State Machine Task Thread - 0] INFO  datanode.InitDatanodeState (InitDatanodeState.java:persistContainerDatanodeDetails(138)) - DatanodeDetails is persisted to /home/runner/work/ozone/ozone/hadoop-ozone/integration-test/target/test-dir/MiniOzoneClusterImpl-2a2cfd2a-819c-401a-9122-e0f1e4685d97/datanode-2/meta/datanode.id
2022-05-17 16:32:10,164 [Listener at 127.0.0.1/41559] INFO  ozone.MiniOzoneClusterImpl (MiniOzoneClusterImpl.java:lambda$waitForClusterToBeReady$0(221)) - Waiting for nodes to be ready. Got 0 of 3 DN Heartbeats.
2022-05-17 16:32:10,165 [Listener at 127.0.0.1/41559] INFO  ozone.MiniOzoneClusterImpl (MiniOzoneClusterImpl.java:lambda$waitForClusterToBeReady$0(224)) - Waiting for cluster to exit safe mode
2022-05-17 16:32:10,165 [Listener at 127.0.0.1/41559] INFO  ozone.MiniOzoneClusterImpl (MiniOzoneClusterImpl.java:lambda$waitForClusterToBeReady$0(226)) - SCM became leader
2022-05-17 16:32:10,225 [EndpointStateMachine task thread for /0.0.0.0:44557 - 0 ] INFO  ozoneimpl.OzoneContainer (OzoneContainer.java:start(335)) - Attempting to start container services.
2022-05-17 16:32:10,228 [EndpointStateMachine task thread for /0.0.0.0:44557 - 0 ] INFO  ozoneimpl.OzoneContainer (OzoneContainer.java:startContainerScrub(270)) - Background container scanner has been disabled.
2022-05-17 16:32:10,230 [EndpointStateMachine task thread for /0.0.0.0:44557 - 0 ] INFO  replication.ReplicationServer (ReplicationServer.java:start(111)) - ReplicationServer is started using port 36037
2022-05-17 16:32:10,234 [EndpointStateMachine task thread for /0.0.0.0:44557 - 0 ] INFO  ratis.XceiverServerRatis (XceiverServerRatis.java:start(481)) - Starting XceiverServerRatis 72e0ceb9-5347-471d-a209-f354019d6861
2022-05-17 16:32:10,235 [EndpointStateMachine task thread for /0.0.0.0:44557 - 0 ] INFO  server.RaftServer (RaftServerProxy.java:lambda$start$5(374)) - 72e0ceb9-5347-471d-a209-f354019d6861: start RPC server
2022-05-17 16:32:10,243 [EndpointStateMachine task thread for /0.0.0.0:44557 - 0 ] INFO  server.GrpcService (GrpcService.java:startImpl(253)) - 72e0ceb9-5347-471d-a209-f354019d6861: GrpcService started, listening on 42115
2022-05-17 16:32:10,245 [EndpointStateMachine task thread for /0.0.0.0:44557 - 0 ] INFO  ratis.XceiverServerRatis (XceiverServerRatis.java:getRealPort(502)) - XceiverServerRatis 72e0ceb9-5347-471d-a209-f354019d6861 is started using port 42115 for RATIS
2022-05-17 16:32:10,246 [EndpointStateMachine task thread for /0.0.0.0:44557 - 0 ] INFO  ratis.XceiverServerRatis (XceiverServerRatis.java:getRealPort(502)) - XceiverServerRatis 72e0ceb9-5347-471d-a209-f354019d6861 is started using port 42115 for RATIS_ADMIN
2022-05-17 16:32:10,246 [EndpointStateMachine task thread for /0.0.0.0:44557 - 0 ] INFO  ratis.XceiverServerRatis (XceiverServerRatis.java:getRealPort(502)) - XceiverServerRatis 72e0ceb9-5347-471d-a209-f354019d6861 is started using port 42115 for RATIS_SERVER
2022-05-17 16:32:10,246 [org.apache.ratis.util.JvmPauseMonitor$$Lambda$622/456676922@3fb07147] INFO  util.JvmPauseMonitor (JvmPauseMonitor.java:run(103)) - JvmPauseMonitor-72e0ceb9-5347-471d-a209-f354019d6861: Started
2022-05-17 16:32:10,251 [EndpointStateMachine task thread for /0.0.0.0:44557 - 0 ] INFO  server.XceiverServerGrpc (XceiverServerGrpc.java:start(180)) - XceiverServerGrpc 72e0ceb9-5347-471d-a209-f354019d6861 is started using port 34539
2022-05-17 16:32:10,782 [EndpointStateMachine task thread for /0.0.0.0:44557 - 0 ] INFO  ozoneimpl.OzoneContainer (OzoneContainer.java:start(335)) - Attempting to start container services.
2022-05-17 16:32:10,782 [EndpointStateMachine task thread for /0.0.0.0:44557 - 0 ] INFO  ozoneimpl.OzoneContainer (OzoneContainer.java:startContainerScrub(270)) - Background container scanner has been disabled.
2022-05-17 16:32:10,784 [EndpointStateMachine task thread for /0.0.0.0:44557 - 0 ] INFO  replication.ReplicationServer (ReplicationServer.java:start(111)) - ReplicationServer is started using port 44949
2022-05-17 16:32:10,786 [EndpointStateMachine task thread for /0.0.0.0:44557 - 0 ] INFO  ratis.XceiverServerRatis (XceiverServerRatis.java:start(481)) - Starting XceiverServerRatis 8099edad-facc-4fde-86f3-de93d0423d36
2022-05-17 16:32:10,787 [EndpointStateMachine task thread for /0.0.0.0:44557 - 0 ] INFO  server.RaftServer (RaftServerProxy.java:lambda$start$5(374)) - 8099edad-facc-4fde-86f3-de93d0423d36: start RPC server
2022-05-17 16:32:10,789 [EndpointStateMachine task thread for /0.0.0.0:44557 - 0 ] INFO  server.GrpcService (GrpcService.java:startImpl(253)) - 8099edad-facc-4fde-86f3-de93d0423d36: GrpcService started, listening on 46435
2022-05-17 16:32:10,789 [EndpointStateMachine task thread for /0.0.0.0:44557 - 0 ] INFO  ratis.XceiverServerRatis (XceiverServerRatis.java:getRealPort(502)) - XceiverServerRatis 8099edad-facc-4fde-86f3-de93d0423d36 is started using port 46435 for RATIS
2022-05-17 16:32:10,789 [EndpointStateMachine task thread for /0.0.0.0:44557 - 0 ] INFO  ratis.XceiverServerRatis (XceiverServerRatis.java:getRealPort(502)) - XceiverServerRatis 8099edad-facc-4fde-86f3-de93d0423d36 is started using port 46435 for RATIS_ADMIN
2022-05-17 16:32:10,789 [EndpointStateMachine task thread for /0.0.0.0:44557 - 0 ] INFO  ratis.XceiverServerRatis (XceiverServerRatis.java:getRealPort(502)) - XceiverServerRatis 8099edad-facc-4fde-86f3-de93d0423d36 is started using port 46435 for RATIS_SERVER
2022-05-17 16:32:10,791 [EndpointStateMachine task thread for /0.0.0.0:44557 - 0 ] INFO  server.XceiverServerGrpc (XceiverServerGrpc.java:start(180)) - XceiverServerGrpc 8099edad-facc-4fde-86f3-de93d0423d36 is started using port 43463
2022-05-17 16:32:10,789 [org.apache.ratis.util.JvmPauseMonitor$$Lambda$622/456676922@1840f4ea] INFO  util.JvmPauseMonitor (JvmPauseMonitor.java:run(103)) - JvmPauseMonitor-8099edad-facc-4fde-86f3-de93d0423d36: Started
2022-05-17 16:32:11,165 [Listener at 127.0.0.1/41559] INFO  ozone.MiniOzoneClusterImpl (MiniOzoneClusterImpl.java:lambda$waitForClusterToBeReady$0(221)) - Waiting for nodes to be ready. Got 0 of 3 DN Heartbeats.
2022-05-17 16:32:11,166 [Listener at 127.0.0.1/41559] INFO  ozone.MiniOzoneClusterImpl (MiniOzoneClusterImpl.java:lambda$waitForClusterToBeReady$0(224)) - Waiting for cluster to exit safe mode
2022-05-17 16:32:11,166 [Listener at 127.0.0.1/41559] INFO  ozone.MiniOzoneClusterImpl (MiniOzoneClusterImpl.java:lambda$waitForClusterToBeReady$0(226)) - SCM became leader
2022-05-17 16:32:11,183 [EndpointStateMachine task thread for /0.0.0.0:44557 - 0 ] INFO  ozoneimpl.OzoneContainer (OzoneContainer.java:start(335)) - Attempting to start container services.
2022-05-17 16:32:11,184 [EndpointStateMachine task thread for /0.0.0.0:44557 - 0 ] INFO  ozoneimpl.OzoneContainer (OzoneContainer.java:startContainerScrub(270)) - Background container scanner has been disabled.
2022-05-17 16:32:11,185 [EndpointStateMachine task thread for /0.0.0.0:44557 - 0 ] INFO  replication.ReplicationServer (ReplicationServer.java:start(111)) - ReplicationServer is started using port 33653
2022-05-17 16:32:11,186 [EndpointStateMachine task thread for /0.0.0.0:44557 - 0 ] INFO  ratis.XceiverServerRatis (XceiverServerRatis.java:start(481)) - Starting XceiverServerRatis 578b5bcf-dcdc-45ef-8ff1-e5518e85146b
2022-05-17 16:32:11,187 [EndpointStateMachine task thread for /0.0.0.0:44557 - 0 ] INFO  server.RaftServer (RaftServerProxy.java:lambda$start$5(374)) - 578b5bcf-dcdc-45ef-8ff1-e5518e85146b: start RPC server
2022-05-17 16:32:11,188 [EndpointStateMachine task thread for /0.0.0.0:44557 - 0 ] INFO  server.GrpcService (GrpcService.java:startImpl(253)) - 578b5bcf-dcdc-45ef-8ff1-e5518e85146b: GrpcService started, listening on 43863
2022-05-17 16:32:11,189 [EndpointStateMachine task thread for /0.0.0.0:44557 - 0 ] INFO  ratis.XceiverServerRatis (XceiverServerRatis.java:getRealPort(502)) - XceiverServerRatis 578b5bcf-dcdc-45ef-8ff1-e5518e85146b is started using port 43863 for RATIS
2022-05-17 16:32:11,189 [org.apache.ratis.util.JvmPauseMonitor$$Lambda$622/456676922@1e27f618] INFO  util.JvmPauseMonitor (JvmPauseMonitor.java:run(103)) - JvmPauseMonitor-578b5bcf-dcdc-45ef-8ff1-e5518e85146b: Started
2022-05-17 16:32:11,189 [EndpointStateMachine task thread for /0.0.0.0:44557 - 0 ] INFO  ratis.XceiverServerRatis (XceiverServerRatis.java:getRealPort(502)) - XceiverServerRatis 578b5bcf-dcdc-45ef-8ff1-e5518e85146b is started using port 43863 for RATIS_ADMIN
2022-05-17 16:32:11,189 [EndpointStateMachine task thread for /0.0.0.0:44557 - 0 ] INFO  ratis.XceiverServerRatis (XceiverServerRatis.java:getRealPort(502)) - XceiverServerRatis 578b5bcf-dcdc-45ef-8ff1-e5518e85146b is started using port 43863 for RATIS_SERVER
2022-05-17 16:32:11,193 [EndpointStateMachine task thread for /0.0.0.0:44557 - 0 ] INFO  server.XceiverServerGrpc (XceiverServerGrpc.java:start(180)) - XceiverServerGrpc 578b5bcf-dcdc-45ef-8ff1-e5518e85146b is started using port 44623
2022-05-17 16:32:12,166 [Listener at 127.0.0.1/41559] INFO  ozone.MiniOzoneClusterImpl (MiniOzoneClusterImpl.java:lambda$waitForClusterToBeReady$0(221)) - Waiting for nodes to be ready. Got 0 of 3 DN Heartbeats.
2022-05-17 16:32:12,166 [Listener at 127.0.0.1/41559] INFO  ozone.MiniOzoneClusterImpl (MiniOzoneClusterImpl.java:lambda$waitForClusterToBeReady$0(224)) - Waiting for cluster to exit safe mode
2022-05-17 16:32:12,166 [Listener at 127.0.0.1/41559] INFO  ozone.MiniOzoneClusterImpl (MiniOzoneClusterImpl.java:lambda$waitForClusterToBeReady$0(226)) - SCM became leader
2022-05-17 16:32:12,184 [IPC Server handler 17 on default port 44557] INFO  net.NetworkTopologyImpl (NetworkTopologyImpl.java:add(112)) - Added a new node: /default-rack/72e0ceb9-5347-471d-a209-f354019d6861
2022-05-17 16:32:12,186 [IPC Server handler 17 on default port 44557] INFO  node.SCMNodeManager (SCMNodeManager.java:register(393)) - Registered Data node : 72e0ceb9-5347-471d-a209-f354019d6861{ip: 10.1.0.54, host: fv-az297-879.nmf1rxwemy4u5di1sxxf4ejcwb.jx.internal.cloudapp.net, ports: [REPLICATION=36037, RATIS=42115, RATIS_ADMIN=42115, RATIS_SERVER=42115, STANDALONE=34539], networkLocation: /default-rack, certSerialId: null, persistedOpState: null, persistedOpStateExpiryEpochSec: 0}
2022-05-17 16:32:12,191 [EventQueue-NewNodeForNewNodeHandler] INFO  pipeline.BackgroundPipelineCreator (BackgroundPipelineCreator.java:notifyEventTriggered(272)) - trigger a one-shot run on RatisPipelineUtilsThread.
2022-05-17 16:32:12,197 [EventQueue-NodeRegistrationContainerReportForDataNodeSafeModeRule] INFO  safemode.SCMSafeModeManager (DataNodeSafeModeRule.java:process(71)) - SCM in safe mode. 1 DataNodes registered, 3 required.
2022-05-17 16:32:12,198 [EventQueue-NodeRegistrationContainerReportForContainerSafeModeRule] INFO  safemode.SCMSafeModeManager (SCMSafeModeManager.java:validateSafeModeExitRules(204)) - ContainerSafeModeRule rule is successfully validated
2022-05-17 16:32:12,206 [EventQueue-PipelineReportForOneReplicaPipelineSafeModeRule] INFO  safemode.SCMSafeModeManager (SCMSafeModeManager.java:validateSafeModeExitRules(204)) - AtleastOneDatanodeReportedRule rule is successfully validated
2022-05-17 16:32:12,208 [RatisPipelineUtilsThread - 0] INFO  pipeline.RatisPipelineProvider (RatisPipelineProvider.java:lambda$create$0(195)) - Sending CreatePipelineCommand for pipeline:PipelineID=85dff218-c7db-4d66-8d16-9ae442ca6f86 to datanode:72e0ceb9-5347-471d-a209-f354019d6861
2022-05-17 16:32:12,220 [RatisPipelineUtilsThread - 0] INFO  pipeline.PipelineStateManagerImpl (PipelineStateManagerImpl.java:addPipeline(101)) - Created pipeline Pipeline[ Id: 85dff218-c7db-4d66-8d16-9ae442ca6f86, Nodes: 72e0ceb9-5347-471d-a209-f354019d6861{ip: 10.1.0.54, host: fv-az297-879.nmf1rxwemy4u5di1sxxf4ejcwb.jx.internal.cloudapp.net, ports: [REPLICATION=36037, RATIS=42115, RATIS_ADMIN=42115, RATIS_SERVER=42115, STANDALONE=34539], networkLocation: /default-rack, certSerialId: null, persistedOpState: IN_SERVICE, persistedOpStateExpiryEpochSec: 0}, ReplicationConfig: RATIS/ONE, State:ALLOCATED, leaderId:, CreationTimestamp2022-05-17T16:32:12.200Z[Etc/UTC]].
2022-05-17 16:32:12,780 [IPC Server handler 14 on default port 44557] INFO  net.NetworkTopologyImpl (NetworkTopologyImpl.java:add(112)) - Added a new node: /default-rack/8099edad-facc-4fde-86f3-de93d0423d36
2022-05-17 16:32:12,780 [IPC Server handler 14 on default port 44557] INFO  node.SCMNodeManager (SCMNodeManager.java:register(393)) - Registered Data node : 8099edad-facc-4fde-86f3-de93d0423d36{ip: 10.1.0.54, host: fv-az297-879.nmf1rxwemy4u5di1sxxf4ejcwb.jx.internal.cloudapp.net, ports: [REPLICATION=44949, RATIS=46435, RATIS_ADMIN=46435, RATIS_SERVER=46435, STANDALONE=43463], networkLocation: /default-rack, certSerialId: null, persistedOpState: null, persistedOpStateExpiryEpochSec: 0}
2022-05-17 16:32:12,781 [EventQueue-NewNodeForNewNodeHandler] INFO  pipeline.BackgroundPipelineCreator (BackgroundPipelineCreator.java:notifyEventTriggered(272)) - trigger a one-shot run on RatisPipelineUtilsThread.
2022-05-17 16:32:12,781 [EventQueue-NodeRegistrationContainerReportForDataNodeSafeModeRule] INFO  safemode.SCMSafeModeManager (DataNodeSafeModeRule.java:process(71)) - SCM in safe mode. 2 DataNodes registered, 3 required.
2022-05-17 16:32:12,802 [RatisPipelineUtilsThread - 0] INFO  pipeline.RatisPipelineProvider (RatisPipelineProvider.java:lambda$create$0(195)) - Sending CreatePipelineCommand for pipeline:PipelineID=1f309679-cd9b-448e-a255-f48cd20ac042 to datanode:8099edad-facc-4fde-86f3-de93d0423d36
2022-05-17 16:32:12,803 [RatisPipelineUtilsThread - 0] INFO  pipeline.PipelineStateManagerImpl (PipelineStateManagerImpl.java:addPipeline(101)) - Created pipeline Pipeline[ Id: 1f309679-cd9b-448e-a255-f48cd20ac042, Nodes: 8099edad-facc-4fde-86f3-de93d0423d36{ip: 10.1.0.54, host: fv-az297-879.nmf1rxwemy4u5di1sxxf4ejcwb.jx.internal.cloudapp.net, ports: [REPLICATION=44949, RATIS=46435, RATIS_ADMIN=46435, RATIS_SERVER=46435, STANDALONE=43463], networkLocation: /default-rack, certSerialId: null, persistedOpState: IN_SERVICE, persistedOpStateExpiryEpochSec: 0}, ReplicationConfig: RATIS/ONE, State:ALLOCATED, leaderId:, CreationTimestamp2022-05-17T16:32:12.802Z[Etc/UTC]].
2022-05-17 16:32:13,167 [Listener at 127.0.0.1/41559] INFO  ozone.MiniOzoneClusterImpl (MiniOzoneClusterImpl.java:lambda$waitForClusterToBeReady$0(221)) - Waiting for nodes to be ready. Got 2 of 3 DN Heartbeats.
2022-05-17 16:32:13,167 [Listener at 127.0.0.1/41559] INFO  ozone.MiniOzoneClusterImpl (MiniOzoneClusterImpl.java:lambda$waitForClusterToBeReady$0(224)) - Waiting for cluster to exit safe mode
2022-05-17 16:32:13,167 [Listener at 127.0.0.1/41559] INFO  ozone.MiniOzoneClusterImpl (MiniOzoneClusterImpl.java:lambda$waitForClusterToBeReady$0(226)) - SCM became leader
2022-05-17 16:32:13,180 [IPC Server handler 19 on default port 44557] INFO  net.NetworkTopologyImpl (NetworkTopologyImpl.java:add(112)) - Added a new node: /default-rack/578b5bcf-dcdc-45ef-8ff1-e5518e85146b
2022-05-17 16:32:13,181 [IPC Server handler 19 on default port 44557] INFO  node.SCMNodeManager (SCMNodeManager.java:register(393)) - Registered Data node : 578b5bcf-dcdc-45ef-8ff1-e5518e85146b{ip: 10.1.0.54, host: fv-az297-879.nmf1rxwemy4u5di1sxxf4ejcwb.jx.internal.cloudapp.net, ports: [REPLICATION=33653, RATIS=43863, RATIS_ADMIN=43863, RATIS_SERVER=43863, STANDALONE=44623], networkLocation: /default-rack, certSerialId: null, persistedOpState: null, persistedOpStateExpiryEpochSec: 0}
2022-05-17 16:32:13,182 [EventQueue-NewNodeForNewNodeHandler] INFO  pipeline.BackgroundPipelineCreator (BackgroundPipelineCreator.java:notifyEventTriggered(272)) - trigger a one-shot run on RatisPipelineUtilsThread.
2022-05-17 16:32:13,182 [RatisPipelineUtilsThread - 0] INFO  pipeline.RatisPipelineProvider (RatisPipelineProvider.java:lambda$create$0(195)) - Sending CreatePipelineCommand for pipeline:PipelineID=becbc762-24a8-4224-8f27-602123666c26 to datanode:578b5bcf-dcdc-45ef-8ff1-e5518e85146b
2022-05-17 16:32:13,183 [EventQueue-NodeRegistrationContainerReportForDataNodeSafeModeRule] INFO  safemode.SCMSafeModeManager (DataNodeSafeModeRule.java:process(71)) - SCM in safe mode. 3 DataNodes registered, 3 required.
2022-05-17 16:32:13,183 [EventQueue-NodeRegistrationContainerReportForDataNodeSafeModeRule] INFO  safemode.SCMSafeModeManager (SCMSafeModeManager.java:validateSafeModeExitRules(204)) - DataNodeSafeModeRule rule is successfully validated
2022-05-17 16:32:13,183 [EventQueue-NodeRegistrationContainerReportForDataNodeSafeModeRule] INFO  safemode.SCMSafeModeManager (SCMSafeModeManager.java:completePreCheck(233)) - All SCM safe mode pre check rules have passed
2022-05-17 16:32:13,183 [EventQueue-NodeRegistrationContainerReportForDataNodeSafeModeRule] WARN  events.EventQueue (EventQueue.java:fireEvent(194)) - No event handler registered for event TypedEvent{payloadType=SafeModeStatus, name='Safe mode status'}
2022-05-17 16:32:13,183 [EventQueue-NodeRegistrationContainerReportForDataNodeSafeModeRule] INFO  ha.SCMContext (SCMContext.java:updateSafeModeStatus(211)) - Update SafeModeStatus from SafeModeStatus{safeModeStatus=true, preCheckPassed=false} to SafeModeStatus{safeModeStatus=true, preCheckPassed=true}.
2022-05-17 16:32:13,183 [EventQueue-NodeRegistrationContainerReportForDataNodeSafeModeRule] INFO  pipeline.BackgroundPipelineCreator (BackgroundPipelineCreator.java:notifyEventTriggered(272)) - trigger a one-shot run on RatisPipelineUtilsThread.
2022-05-17 16:32:13,183 [RatisPipelineUtilsThread - 0] INFO  pipeline.PipelineStateManagerImpl (PipelineStateManagerImpl.java:addPipeline(101)) - Created pipeline Pipeline[ Id: becbc762-24a8-4224-8f27-602123666c26, Nodes: 578b5bcf-dcdc-45ef-8ff1-e5518e85146b{ip: 10.1.0.54, host: fv-az297-879.nmf1rxwemy4u5di1sxxf4ejcwb.jx.internal.cloudapp.net, ports: [REPLICATION=33653, RATIS=43863, RATIS_ADMIN=43863, RATIS_SERVER=43863, STANDALONE=44623], networkLocation: /default-rack, certSerialId: null, persistedOpState: IN_SERVICE, persistedOpStateExpiryEpochSec: 0}, ReplicationConfig: RATIS/ONE, State:ALLOCATED, leaderId:, CreationTimestamp2022-05-17T16:32:13.182Z[Etc/UTC]].
2022-05-17 16:32:13,189 [RatisPipelineUtilsThread - 0] INFO  pipeline.RatisPipelineProvider (RatisPipelineProvider.java:lambda$create$0(195)) - Sending CreatePipelineCommand for pipeline:PipelineID=38cf0d24-7c1c-4c96-84da-921d5e5575bb to datanode:8099edad-facc-4fde-86f3-de93d0423d36
2022-05-17 16:32:13,189 [RatisPipelineUtilsThread - 0] INFO  pipeline.RatisPipelineProvider (RatisPipelineProvider.java:lambda$create$0(195)) - Sending CreatePipelineCommand for pipeline:PipelineID=38cf0d24-7c1c-4c96-84da-921d5e5575bb to datanode:578b5bcf-dcdc-45ef-8ff1-e5518e85146b
2022-05-17 16:32:13,189 [RatisPipelineUtilsThread - 0] INFO  pipeline.RatisPipelineProvider (RatisPipelineProvider.java:lambda$create$0(195)) - Sending CreatePipelineCommand for pipeline:PipelineID=38cf0d24-7c1c-4c96-84da-921d5e5575bb to datanode:72e0ceb9-5347-471d-a209-f354019d6861
2022-05-17 16:32:13,190 [RatisPipelineUtilsThread - 0] INFO  pipeline.PipelineStateManagerImpl (PipelineStateManagerImpl.java:addPipeline(101)) - Created pipeline Pipeline[ Id: 38cf0d24-7c1c-4c96-84da-921d5e5575bb, Nodes: 8099edad-facc-4fde-86f3-de93d0423d36{ip: 10.1.0.54, host: fv-az297-879.nmf1rxwemy4u5di1sxxf4ejcwb.jx.internal.cloudapp.net, ports: [REPLICATION=44949, RATIS=46435, RATIS_ADMIN=46435, RATIS_SERVER=46435, STANDALONE=43463], networkLocation: /default-rack, certSerialId: null, persistedOpState: IN_SERVICE, persistedOpStateExpiryEpochSec: 0}578b5bcf-dcdc-45ef-8ff1-e5518e85146b{ip: 10.1.0.54, host: fv-az297-879.nmf1rxwemy4u5di1sxxf4ejcwb.jx.internal.cloudapp.net, ports: [REPLICATION=33653, RATIS=43863, RATIS_ADMIN=43863, RATIS_SERVER=43863, STANDALONE=44623], networkLocation: /default-rack, certSerialId: null, persistedOpState: IN_SERVICE, persistedOpStateExpiryEpochSec: 0}72e0ceb9-5347-471d-a209-f354019d6861{ip: 10.1.0.54, host: fv-az297-879.nmf1rxwemy4u5di1sxxf4ejcwb.jx.internal.cloudapp.net, ports: [REPLICATION=36037, RATIS=42115, RATIS_ADMIN=42115, RATIS_SERVER=42115, STANDALONE=34539], networkLocation: /default-rack, certSerialId: null, persistedOpState: IN_SERVICE, persistedOpStateExpiryEpochSec: 0}, ReplicationConfig: RATIS/THREE, State:ALLOCATED, leaderId:, CreationTimestamp2022-05-17T16:32:13.189Z[Etc/UTC]].
2022-05-17 16:32:13,191 [RatisPipelineUtilsThread - 0] INFO  pipeline.RatisPipelineProvider (RatisPipelineProvider.java:lambda$create$0(195)) - Sending CreatePipelineCommand for pipeline:PipelineID=63c2ed9f-624e-4b3d-9796-ee3c833659ed to datanode:72e0ceb9-5347-471d-a209-f354019d6861
2022-05-17 16:32:13,192 [RatisPipelineUtilsThread - 0] INFO  pipeline.RatisPipelineProvider (RatisPipelineProvider.java:lambda$create$0(195)) - Sending CreatePipelineCommand for pipeline:PipelineID=63c2ed9f-624e-4b3d-9796-ee3c833659ed to datanode:8099edad-facc-4fde-86f3-de93d0423d36
2022-05-17 16:32:13,192 [RatisPipelineUtilsThread - 0] INFO  pipeline.RatisPipelineProvider (RatisPipelineProvider.java:lambda$create$0(195)) - Sending CreatePipelineCommand for pipeline:PipelineID=63c2ed9f-624e-4b3d-9796-ee3c833659ed to datanode:578b5bcf-dcdc-45ef-8ff1-e5518e85146b
2022-05-17 16:32:13,193 [RatisPipelineUtilsThread - 0] INFO  pipeline.PipelineStateManagerImpl (PipelineStateManagerImpl.java:addPipeline(101)) - Created pipeline Pipeline[ Id: 63c2ed9f-624e-4b3d-9796-ee3c833659ed, Nodes: 72e0ceb9-5347-471d-a209-f354019d6861{ip: 10.1.0.54, host: fv-az297-879.nmf1rxwemy4u5di1sxxf4ejcwb.jx.internal.cloudapp.net, ports: [REPLICATION=36037, RATIS=42115, RATIS_ADMIN=42115, RATIS_SERVER=42115, STANDALONE=34539], networkLocation: /default-rack, certSerialId: null, persistedOpState: IN_SERVICE, persistedOpStateExpiryEpochSec: 0}8099edad-facc-4fde-86f3-de93d0423d36{ip: 10.1.0.54, host: fv-az297-879.nmf1rxwemy4u5di1sxxf4ejcwb.jx.internal.cloudapp.net, ports: [REPLICATION=44949, RATIS=46435, RATIS_ADMIN=46435, RATIS_SERVER=46435, STANDALONE=43463], networkLocation: /default-rack, certSerialId: null, persistedOpState: IN_SERVICE, persistedOpStateExpiryEpochSec: 0}578b5bcf-dcdc-45ef-8ff1-e5518e85146b{ip: 10.1.0.54, host: fv-az297-879.nmf1rxwemy4u5di1sxxf4ejcwb.jx.internal.cloudapp.net, ports: [REPLICATION=33653, RATIS=43863, RATIS_ADMIN=43863, RATIS_SERVER=43863, STANDALONE=44623], networkLocation: /default-rack, certSerialId: null, persistedOpState: IN_SERVICE, persistedOpStateExpiryEpochSec: 0}, ReplicationConfig: RATIS/THREE, State:ALLOCATED, leaderId:, CreationTimestamp2022-05-17T16:32:13.191Z[Etc/UTC]].
2022-05-17 16:32:13,193 [RatisPipelineUtilsThread - 0] INFO  pipeline.PipelineManagerImpl (PipelineManagerImpl.java:recordMetricsForPipeline(695)) - Pipeline: PipelineID=63c2ed9f-624e-4b3d-9796-ee3c833659ed contains same datanodes as previous pipelines: PipelineID=38cf0d24-7c1c-4c96-84da-921d5e5575bb nodeIds: 72e0ceb9-5347-471d-a209-f354019d6861, 8099edad-facc-4fde-86f3-de93d0423d36, 578b5bcf-dcdc-45ef-8ff1-e5518e85146b
2022-05-17 16:32:14,168 [Listener at 127.0.0.1/41559] INFO  ozone.MiniOzoneClusterImpl (MiniOzoneClusterImpl.java:lambda$waitForClusterToBeReady$0(221)) - Nodes are ready. Got 3 of 3 DN Heartbeats.
2022-05-17 16:32:14,172 [Listener at 127.0.0.1/41559] INFO  ozone.MiniOzoneClusterImpl (MiniOzoneClusterImpl.java:lambda$waitForClusterToBeReady$0(224)) - Waiting for cluster to exit safe mode
2022-05-17 16:32:14,172 [Listener at 127.0.0.1/41559] INFO  ozone.MiniOzoneClusterImpl (MiniOzoneClusterImpl.java:lambda$waitForClusterToBeReady$0(226)) - SCM became leader
2022-05-17 16:32:15,160 [Command processor thread] INFO  server.RaftServer (RaftServerProxy.java:addNew(95)) - 72e0ceb9-5347-471d-a209-f354019d6861: addNew group-9AE442CA6F86:[72e0ceb9-5347-471d-a209-f354019d6861|rpc:10.1.0.54:42115|priority:1] returns group-9AE442CA6F86:java.util.concurrent.CompletableFuture@3338a935[Not completed]
2022-05-17 16:32:15,171 [pool-68-thread-1] INFO  server.RaftServer$Division (RaftServerImpl.java:<init>(184)) - 72e0ceb9-5347-471d-a209-f354019d6861: new RaftServerImpl for group-9AE442CA6F86:[72e0ceb9-5347-471d-a209-f354019d6861|rpc:10.1.0.54:42115|priority:1] with ContainerStateMachine:uninitialized
2022-05-17 16:32:15,172 [Listener at 127.0.0.1/41559] INFO  ozone.MiniOzoneClusterImpl (MiniOzoneClusterImpl.java:lambda$waitForClusterToBeReady$0(221)) - Nodes are ready. Got 3 of 3 DN Heartbeats.
2022-05-17 16:32:15,172 [Listener at 127.0.0.1/41559] INFO  ozone.MiniOzoneClusterImpl (MiniOzoneClusterImpl.java:lambda$waitForClusterToBeReady$0(224)) - Waiting for cluster to exit safe mode
2022-05-17 16:32:15,172 [Listener at 127.0.0.1/41559] INFO  ozone.MiniOzoneClusterImpl (MiniOzoneClusterImpl.java:lambda$waitForClusterToBeReady$0(226)) - SCM became leader
2022-05-17 16:32:15,176 [pool-68-thread-1] INFO  server.RaftServerConfigKeys (ConfUtils.java:logGet(44)) - raft.server.rpc.timeout.min = 5s (custom)
2022-05-17 16:32:15,176 [pool-68-thread-1] INFO  server.RaftServerConfigKeys (ConfUtils.java:logGet(44)) - raft.server.rpc.timeout.max = 5200ms (custom)
2022-05-17 16:32:15,176 [pool-68-thread-1] INFO  server.RaftServerConfigKeys (ConfUtils.java:logGet(44)) - raft.server.rpc.sleep.time = 25ms (default)
2022-05-17 16:32:15,177 [pool-68-thread-1] INFO  server.RaftServerConfigKeys (ConfUtils.java:logGet(44)) - raft.server.rpc.slowness.timeout = 300s (custom)
2022-05-17 16:32:15,177 [pool-68-thread-1] INFO  server.RaftServerConfigKeys (ConfUtils.java:logGet(44)) - raft.server.leaderelection.leader.step-down.wait-time = 10s (default)
2022-05-17 16:32:15,177 [pool-68-thread-1] INFO  server.RaftServerConfigKeys (ConfUtils.java:logGet(44)) - raft.server.sleep.deviation.threshold = 300ms (default)
2022-05-17 16:32:15,177 [pool-68-thread-1] INFO  server.RaftServerConfigKeys (ConfUtils.java:logGet(44)) - raft.server.log.appender.install.snapshot.enabled = false (custom)
2022-05-17 16:32:15,177 [pool-68-thread-1] INFO  server.RaftServer$Division (ServerState.java:<init>(105)) - 72e0ceb9-5347-471d-a209-f354019d6861@group-9AE442CA6F86: ConfigurationManager, init=-1: [72e0ceb9-5347-471d-a209-f354019d6861|rpc:10.1.0.54:42115|priority:1], old=null, confs=<EMPTY_MAP>
2022-05-17 16:32:15,178 [pool-68-thread-1] INFO  server.RaftServerConfigKeys (ConfUtils.java:logGet(44)) - raft.server.storage.dir = [/home/runner/work/ozone/ozone/hadoop-ozone/integration-test/target/test-dir/MiniOzoneClusterImpl-2a2cfd2a-819c-401a-9122-e0f1e4685d97/datanode-0/data/ratis] (custom)
2022-05-17 16:32:15,178 [pool-68-thread-1] INFO  server.RaftServerConfigKeys (ConfUtils.java:logGet(44)) - raft.server.log.corruption.policy = EXCEPTION (default)
2022-05-17 16:32:15,178 [pool-68-thread-1] INFO  server.RaftServerConfigKeys (ConfUtils.java:logGet(44)) - raft.server.storage.free-space.min = 0MB (=0) (default)
2022-05-17 16:32:15,178 [pool-68-thread-1] INFO  storage.RaftStorageDirectory (RaftStorageDirectoryImpl.java:analyzeStorage(135)) - The storage directory /home/runner/work/ozone/ozone/hadoop-ozone/integration-test/target/test-dir/MiniOzoneClusterImpl-2a2cfd2a-819c-401a-9122-e0f1e4685d97/datanode-0/data/ratis/85dff218-c7db-4d66-8d16-9ae442ca6f86 does not exist. Creating ...
2022-05-17 16:32:15,190 [pool-68-thread-1] INFO  storage.RaftStorageDirectory (RaftStorageDirectoryImpl.java:tryLock(230)) - Lock on /home/runner/work/ozone/ozone/hadoop-ozone/integration-test/target/test-dir/MiniOzoneClusterImpl-2a2cfd2a-819c-401a-9122-e0f1e4685d97/datanode-0/data/ratis/85dff218-c7db-4d66-8d16-9ae442ca6f86/in_use.lock acquired by nodename 17133@fv-az297-879
2022-05-17 16:32:15,191 [pool-68-thread-1] INFO  storage.RaftStorage (RaftStorageImpl.java:format(89)) - Storage directory /home/runner/work/ozone/ozone/hadoop-ozone/integration-test/target/test-dir/MiniOzoneClusterImpl-2a2cfd2a-819c-401a-9122-e0f1e4685d97/datanode-0/data/ratis/85dff218-c7db-4d66-8d16-9ae442ca6f86 has been successfully formatted.
2022-05-17 16:32:15,197 [pool-68-thread-1] INFO  ratis.ContainerStateMachine (ContainerStateMachine.java:loadSnapshot(236)) - group-9AE442CA6F86: The snapshot info is null. Setting the last applied indexto:(t:0, i:~)
2022-05-17 16:32:15,197 [pool-68-thread-1] INFO  server.RaftServerConfigKeys (ConfUtils.java:logGet(44)) - raft.server.notification.no-leader.timeout = 300s (custom)
2022-05-17 16:32:15,197 [pool-68-thread-1] INFO  server.RaftServerConfigKeys (ConfUtils.java:logGet(44)) - raft.server.log.use.memory = false (default)
2022-05-17 16:32:15,198 [pool-68-thread-1] INFO  server.RaftServerConfigKeys (ConfUtils.java:logGet(44)) - raft.server.log.purge.gap = 1000000 (custom)
2022-05-17 16:32:15,198 [pool-68-thread-1] INFO  server.RaftServerConfigKeys (ConfUtils.java:logGet(44)) - raft.server.log.appender.buffer.byte-limit = 33554432 (custom)
2022-05-17 16:32:15,198 [pool-68-thread-1] INFO  server.RaftServerConfigKeys (ConfUtils.java:logGet(44)) - raft.server.log.segment.size.max = 1048576 (custom)
2022-05-17 16:32:15,199 [pool-68-thread-1] INFO  server.RaftServerConfigKeys (ConfUtils.java:logGet(44)) - raft.server.log.segment.cache.num.max = 2 (custom)
2022-05-17 16:32:15,199 [pool-68-thread-1] INFO  server.RaftServerConfigKeys (ConfUtils.java:logGet(44)) - raft.server.log.segment.cache.size.max = 200MB (=209715200) (default)
2022-05-17 16:32:15,199 [pool-68-thread-1] INFO  segmented.SegmentedRaftLogWorker (SegmentedRaftLogWorker.java:<init>(182)) - new 72e0ceb9-5347-471d-a209-f354019d6861@group-9AE442CA6F86-SegmentedRaftLogWorker for RaftStorageImpl:Storage Directory /home/runner/work/ozone/ozone/hadoop-ozone/integration-test/target/test-dir/MiniOzoneClusterImpl-2a2cfd2a-819c-401a-9122-e0f1e4685d97/datanode-0/data/ratis/85dff218-c7db-4d66-8d16-9ae442ca6f86
2022-05-17 16:32:15,199 [pool-68-thread-1] INFO  server.RaftServerConfigKeys (ConfUtils.java:logGet(44)) - raft.server.log.queue.byte-limit = 4294967296 (custom)
2022-05-17 16:32:15,199 [pool-68-thread-1] INFO  server.RaftServerConfigKeys (ConfUtils.java:logGet(44)) - raft.server.log.queue.element-limit = 1024 (custom)
2022-05-17 16:32:15,199 [pool-68-thread-1] INFO  server.RaftServerConfigKeys (ConfUtils.java:logGet(44)) - raft.server.log.segment.size.max = 1048576 (custom)
2022-05-17 16:32:15,199 [pool-68-thread-1] INFO  server.RaftServerConfigKeys (ConfUtils.java:logGet(44)) - raft.server.log.preallocated.size = 16384 (custom)
2022-05-17 16:32:15,200 [pool-68-thread-1] INFO  server.RaftServerConfigKeys (ConfUtils.java:logGet(44)) - raft.server.log.force.sync.num = 128 (default)
2022-05-17 16:32:15,200 [pool-68-thread-1] INFO  server.RaftServerConfigKeys (ConfUtils.java:logGet(44)) - raft.server.log.statemachine.data.sync = true (default)
2022-05-17 16:32:15,200 [pool-68-thread-1] INFO  server.RaftServerConfigKeys (ConfUtils.java:logGet(44)) - raft.server.log.statemachine.data.sync.timeout = 10s (default)
2022-05-17 16:32:15,200 [pool-68-thread-1] INFO  server.RaftServerConfigKeys (ConfUtils.java:logGet(44)) - raft.server.log.statemachine.data.sync.timeout.retry = -1 (default)
2022-05-17 16:32:15,202 [pool-68-thread-1] INFO  server.RaftServerConfigKeys (ConfUtils.java:logGet(44)) - raft.server.log.write.buffer.size = 1048576 (custom)
2022-05-17 16:32:15,203 [pool-68-thread-1] INFO  server.RaftServerConfigKeys (ConfUtils.java:logGet(44)) - raft.server.log.statemachine.data.caching.enabled = true (custom)
2022-05-17 16:32:15,203 [pool-68-thread-1] INFO  segmented.SegmentedRaftLogWorker (SegmentedRaftLogWorker.java:lambda$new$0(133)) - 72e0ceb9-5347-471d-a209-f354019d6861@group-9AE442CA6F86-SegmentedRaftLogWorker: flushIndex: setUnconditionally 0 -> -1
2022-05-17 16:32:15,203 [pool-68-thread-1] INFO  segmented.SegmentedRaftLogWorker (SegmentedRaftLogWorker.java:lambda$new$0(133)) - 72e0ceb9-5347-471d-a209-f354019d6861@group-9AE442CA6F86-SegmentedRaftLogWorker: safeCacheEvictIndex: setUnconditionally 0 -> -1
2022-05-17 16:32:15,222 [pool-68-thread-1] INFO  server.RaftServerConfigKeys (ConfUtils.java:logGet(44)) - raft.server.snapshot.auto.trigger.enabled = true (custom)
2022-05-17 16:32:15,222 [pool-68-thread-1] INFO  server.RaftServerConfigKeys (ConfUtils.java:logGet(44)) - raft.server.snapshot.auto.trigger.threshold = 10000 (custom)
2022-05-17 16:32:15,223 [pool-68-thread-1] INFO  server.RaftServerConfigKeys (ConfUtils.java:logGet(44)) - raft.server.snapshot.retention.file.num = 5 (custom)
2022-05-17 16:32:15,223 [pool-68-thread-1] INFO  server.RaftServerConfigKeys (ConfUtils.java:logGet(44)) - raft.server.log.purge.upto.snapshot.index = false (default)
2022-05-17 16:32:15,223 [pool-68-thread-1] INFO  server.RaftServerConfigKeys (ConfUtils.java:logGet(44)) - raft.server.retrycache.expirytime = 600000ms (custom)
2022-05-17 16:32:15,223 [pool-68-thread-1] INFO  server.RaftServerConfigKeys (ConfUtils.java:logGet(44)) - raft.server.retrycache.statistics.expirytime = 100μs (default)
2022-05-17 16:32:15,223 [EventQueue-PipelineReportForPipelineReportHandler] INFO  pipeline.PipelineManagerImpl (PipelineManagerImpl.java:openPipeline(336)) - Pipeline Pipeline[ Id: 85dff218-c7db-4d66-8d16-9ae442ca6f86, Nodes: 72e0ceb9-5347-471d-a209-f354019d6861{ip: 10.1.0.54, host: fv-az297-879.nmf1rxwemy4u5di1sxxf4ejcwb.jx.internal.cloudapp.net, ports: [REPLICATION=36037, RATIS=42115, RATIS_ADMIN=42115, RATIS_SERVER=42115, STANDALONE=34539], networkLocation: /default-rack, certSerialId: null, persistedOpState: IN_SERVICE, persistedOpStateExpiryEpochSec: 0}, ReplicationConfig: RATIS/ONE, State:ALLOCATED, leaderId:72e0ceb9-5347-471d-a209-f354019d6861, CreationTimestamp2022-05-17T16:32:12.200Z[Etc/UTC]] moved to OPEN state
2022-05-17 16:32:15,226 [pool-68-thread-1] INFO  server.RaftServer$Division (RaftServerImpl.java:start(301)) - 72e0ceb9-5347-471d-a209-f354019d6861@group-9AE442CA6F86: start as a follower, conf=-1: [72e0ceb9-5347-471d-a209-f354019d6861|rpc:10.1.0.54:42115|priority:1], old=null
2022-05-17 16:32:15,226 [EventQueue-OpenPipelineForHealthyPipelineSafeModeRule] INFO  safemode.SCMSafeModeManager (HealthyPipelineSafeModeRule.java:process(124)) - SCM in safe mode. Healthy pipelines reported count is 0, required healthy pipeline reported count is 1
2022-05-17 16:32:15,227 [pool-68-thread-1] INFO  server.RaftServer$Division (RaftServerImpl.java:setRole(290)) - 72e0ceb9-5347-471d-a209-f354019d6861@group-9AE442CA6F86: changes role from      null to FOLLOWER at term 0 for startAsFollower
2022-05-17 16:32:15,227 [pool-68-thread-1] INFO  impl.RoleInfo (RoleInfo.java:updateAndGet(130)) - 72e0ceb9-5347-471d-a209-f354019d6861: start 72e0ceb9-5347-471d-a209-f354019d6861@group-9AE442CA6F86-FollowerState
2022-05-17 16:32:15,234 [pool-68-thread-1] INFO  util.JmxRegister (JmxRegister.java:tryRegister(44)) - Successfully registered JMX Bean with object name Ratis:service=RaftServer,group=group-9AE442CA6F86,id=72e0ceb9-5347-471d-a209-f354019d6861
2022-05-17 16:32:15,249 [Command processor thread] INFO  ratis.XceiverServerRatis (XceiverServerRatis.java:addGroup(765)) - Created group PipelineID=85dff218-c7db-4d66-8d16-9ae442ca6f86
2022-05-17 16:32:15,250 [Command processor thread] INFO  commandhandler.CreatePipelineCommandHandler (CreatePipelineCommandHandler.java:handle(113)) - Created Pipeline RATIS ONE PipelineID=85dff218-c7db-4d66-8d16-9ae442ca6f86.
2022-05-17 16:32:15,250 [Command processor thread] INFO  server.RaftServer (RaftServerProxy.java:addNew(95)) - 72e0ceb9-5347-471d-a209-f354019d6861: addNew group-921D5E5575BB:[8099edad-facc-4fde-86f3-de93d0423d36|rpc:10.1.0.54:46435|priority:1, 578b5bcf-dcdc-45ef-8ff1-e5518e85146b|rpc:10.1.0.54:43863|priority:0, 72e0ceb9-5347-471d-a209-f354019d6861|rpc:10.1.0.54:42115|priority:0] returns group-921D5E5575BB:java.util.concurrent.CompletableFuture@3fbc80d7[Not completed]
2022-05-17 16:32:15,252 [pool-68-thread-1] INFO  server.RaftServer$Division (RaftServerImpl.java:<init>(184)) - 72e0ceb9-5347-471d-a209-f354019d6861: new RaftServerImpl for group-921D5E5575BB:[8099edad-facc-4fde-86f3-de93d0423d36|rpc:10.1.0.54:46435|priority:1, 578b5bcf-dcdc-45ef-8ff1-e5518e85146b|rpc:10.1.0.54:43863|priority:0, 72e0ceb9-5347-471d-a209-f354019d6861|rpc:10.1.0.54:42115|priority:0] with ContainerStateMachine:uninitialized
2022-05-17 16:32:15,253 [pool-68-thread-1] INFO  server.RaftServerConfigKeys (ConfUtils.java:logGet(44)) - raft.server.rpc.timeout.min = 5s (custom)
2022-05-17 16:32:15,253 [pool-68-thread-1] INFO  server.RaftServerConfigKeys (ConfUtils.java:logGet(44)) - raft.server.rpc.timeout.max = 5200ms (custom)
2022-05-17 16:32:15,253 [pool-68-thread-1] INFO  server.RaftServerConfigKeys (ConfUtils.java:logGet(44)) - raft.server.rpc.sleep.time = 25ms (default)
2022-05-17 16:32:15,253 [pool-68-thread-1] INFO  server.RaftServerConfigKeys (ConfUtils.java:logGet(44)) - raft.server.rpc.slowness.timeout = 300s (custom)
2022-05-17 16:32:15,253 [pool-68-thread-1] INFO  server.RaftServerConfigKeys (ConfUtils.java:logGet(44)) - raft.server.leaderelection.leader.step-down.wait-time = 10s (default)
2022-05-17 16:32:15,253 [pool-68-thread-1] INFO  server.RaftServerConfigKeys (ConfUtils.java:logGet(44)) - raft.server.sleep.deviation.threshold = 300ms (default)
2022-05-17 16:32:15,253 [pool-68-thread-1] INFO  server.RaftServerConfigKeys (ConfUtils.java:logGet(44)) - raft.server.log.appender.install.snapshot.enabled = false (custom)
2022-05-17 16:32:15,253 [pool-68-thread-1] INFO  server.RaftServer$Division (ServerState.java:<init>(105)) - 72e0ceb9-5347-471d-a209-f354019d6861@group-921D5E5575BB: ConfigurationManager, init=-1: [8099edad-facc-4fde-86f3-de93d0423d36|rpc:10.1.0.54:46435|priority:1, 578b5bcf-dcdc-45ef-8ff1-e5518e85146b|rpc:10.1.0.54:43863|priority:0, 72e0ceb9-5347-471d-a209-f354019d6861|rpc:10.1.0.54:42115|priority:0], old=null, confs=<EMPTY_MAP>
2022-05-17 16:32:15,253 [pool-68-thread-1] INFO  server.RaftServerConfigKeys (ConfUtils.java:logGet(44)) - raft.server.storage.dir = [/home/runner/work/ozone/ozone/hadoop-ozone/integration-test/target/test-dir/MiniOzoneClusterImpl-2a2cfd2a-819c-401a-9122-e0f1e4685d97/datanode-0/data/ratis] (custom)
2022-05-17 16:32:15,254 [pool-68-thread-1] INFO  server.RaftServerConfigKeys (ConfUtils.java:logGet(44)) - raft.server.log.corruption.policy = EXCEPTION (default)
2022-05-17 16:32:15,254 [pool-68-thread-1] INFO  server.RaftServerConfigKeys (ConfUtils.java:logGet(44)) - raft.server.storage.free-space.min = 0MB (=0) (default)
2022-05-17 16:32:15,254 [pool-68-thread-1] INFO  storage.RaftStorageDirectory (RaftStorageDirectoryImpl.java:analyzeStorage(135)) - The storage directory /home/runner/work/ozone/ozone/hadoop-ozone/integration-test/target/test-dir/MiniOzoneClusterImpl-2a2cfd2a-819c-401a-9122-e0f1e4685d97/datanode-0/data/ratis/38cf0d24-7c1c-4c96-84da-921d5e5575bb does not exist. Creating ...
2022-05-17 16:32:15,255 [pool-68-thread-1] INFO  storage.RaftStorageDirectory (RaftStorageDirectoryImpl.java:tryLock(230)) - Lock on /home/runner/work/ozone/ozone/hadoop-ozone/integration-test/target/test-dir/MiniOzoneClusterImpl-2a2cfd2a-819c-401a-9122-e0f1e4685d97/datanode-0/data/ratis/38cf0d24-7c1c-4c96-84da-921d5e5575bb/in_use.lock acquired by nodename 17133@fv-az297-879
2022-05-17 16:32:15,257 [pool-68-thread-1] INFO  storage.RaftStorage (RaftStorageImpl.java:format(89)) - Storage directory /home/runner/work/ozone/ozone/hadoop-ozone/integration-test/target/test-dir/MiniOzoneClusterImpl-2a2cfd2a-819c-401a-9122-e0f1e4685d97/datanode-0/data/ratis/38cf0d24-7c1c-4c96-84da-921d5e5575bb has been successfully formatted.
2022-05-17 16:32:15,258 [pool-68-thread-1] INFO  ratis.ContainerStateMachine (ContainerStateMachine.java:loadSnapshot(236)) - group-921D5E5575BB: The snapshot info is null. Setting the last applied indexto:(t:0, i:~)
2022-05-17 16:32:15,258 [pool-68-thread-1] INFO  server.RaftServerConfigKeys (ConfUtils.java:logGet(44)) - raft.server.notification.no-leader.timeout = 300s (custom)
2022-05-17 16:32:15,258 [pool-68-thread-1] INFO  server.RaftServerConfigKeys (ConfUtils.java:logGet(44)) - raft.server.log.use.memory = false (default)
2022-05-17 16:32:15,258 [pool-68-thread-1] INFO  server.RaftServerConfigKeys (ConfUtils.java:logGet(44)) - raft.server.log.purge.gap = 1000000 (custom)
2022-05-17 16:32:15,258 [pool-68-thread-1] INFO  server.RaftServerConfigKeys (ConfUtils.java:logGet(44)) - raft.server.log.appender.buffer.byte-limit = 33554432 (custom)
2022-05-17 16:32:15,259 [pool-68-thread-1] INFO  server.RaftServerConfigKeys (ConfUtils.java:logGet(44)) - raft.server.log.segment.size.max = 1048576 (custom)
2022-05-17 16:32:15,264 [EventQueue-OpenPipelineForHealthyPipelineSafeModeRule] INFO  safemode.SCMSafeModeManager (HealthyPipelineSafeModeRule.java:process(124)) - SCM in safe mode. Healthy pipelines reported count is 0, required healthy pipeline reported count is 1
2022-05-17 16:32:15,265 [pool-68-thread-1] INFO  server.RaftServerConfigKeys (ConfUtils.java:logGet(44)) - raft.server.log.segment.cache.num.max = 2 (custom)
2022-05-17 16:32:15,265 [pool-68-thread-1] INFO  server.RaftServerConfigKeys (ConfUtils.java:logGet(44)) - raft.server.log.segment.cache.size.max = 200MB (=209715200) (default)
2022-05-17 16:32:15,265 [pool-68-thread-1] INFO  segmented.SegmentedRaftLogWorker (SegmentedRaftLogWorker.java:<init>(182)) - new 72e0ceb9-5347-471d-a209-f354019d6861@group-921D5E5575BB-SegmentedRaftLogWorker for RaftStorageImpl:Storage Directory /home/runner/work/ozone/ozone/hadoop-ozone/integration-test/target/test-dir/MiniOzoneClusterImpl-2a2cfd2a-819c-401a-9122-e0f1e4685d97/datanode-0/data/ratis/38cf0d24-7c1c-4c96-84da-921d5e5575bb
2022-05-17 16:32:15,265 [pool-68-thread-1] INFO  server.RaftServerConfigKeys (ConfUtils.java:logGet(44)) - raft.server.log.queue.byte-limit = 4294967296 (custom)
2022-05-17 16:32:15,265 [pool-68-thread-1] INFO  server.RaftServerConfigKeys (ConfUtils.java:logGet(44)) - raft.server.log.queue.element-limit = 1024 (custom)
2022-05-17 16:32:15,268 [pool-68-thread-1] INFO  server.RaftServerConfigKeys (ConfUtils.java:logGet(44)) - raft.server.log.segment.size.max = 1048576 (custom)
2022-05-17 16:32:15,268 [pool-68-thread-1] INFO  server.RaftServerConfigKeys (ConfUtils.java:logGet(44)) - raft.server.log.preallocated.size = 16384 (custom)
2022-05-17 16:32:15,268 [pool-68-thread-1] INFO  server.RaftServerConfigKeys (ConfUtils.java:logGet(44)) - raft.server.log.force.sync.num = 128 (default)
2022-05-17 16:32:15,268 [pool-68-thread-1] INFO  server.RaftServerConfigKeys (ConfUtils.java:logGet(44)) - raft.server.log.statemachine.data.sync = true (default)
2022-05-17 16:32:15,268 [pool-68-thread-1] INFO  server.RaftServerConfigKeys (ConfUtils.java:logGet(44)) - raft.server.log.statemachine.data.sync.timeout = 10s (default)
2022-05-17 16:32:15,268 [pool-68-thread-1] INFO  server.RaftServerConfigKeys (ConfUtils.java:logGet(44)) - raft.server.log.statemachine.data.sync.timeout.retry = -1 (default)
2022-05-17 16:32:15,271 [pool-68-thread-1] INFO  server.RaftServerConfigKeys (ConfUtils.java:logGet(44)) - raft.server.log.write.buffer.size = 1048576 (custom)
2022-05-17 16:32:15,271 [pool-68-thread-1] INFO  server.RaftServerConfigKeys (ConfUtils.java:logGet(44)) - raft.server.log.statemachine.data.caching.enabled = true (custom)
2022-05-17 16:32:15,272 [pool-68-thread-1] INFO  segmented.SegmentedRaftLogWorker (SegmentedRaftLogWorker.java:lambda$new$0(133)) - 72e0ceb9-5347-471d-a209-f354019d6861@group-921D5E5575BB-SegmentedRaftLogWorker: flushIndex: setUnconditionally 0 -> -1
2022-05-17 16:32:15,272 [pool-68-thread-1] INFO  segmented.SegmentedRaftLogWorker (SegmentedRaftLogWorker.java:lambda$new$0(133)) - 72e0ceb9-5347-471d-a209-f354019d6861@group-921D5E5575BB-SegmentedRaftLogWorker: safeCacheEvictIndex: setUnconditionally 0 -> -1
2022-05-17 16:32:15,272 [pool-68-thread-1] INFO  server.RaftServerConfigKeys (ConfUtils.java:logGet(44)) - raft.server.snapshot.auto.trigger.enabled = true (custom)
2022-05-17 16:32:15,272 [pool-68-thread-1] INFO  server.RaftServerConfigKeys (ConfUtils.java:logGet(44)) - raft.server.snapshot.auto.trigger.threshold = 10000 (custom)
2022-05-17 16:32:15,272 [pool-68-thread-1] INFO  server.RaftServerConfigKeys (ConfUtils.java:logGet(44)) - raft.server.snapshot.retention.file.num = 5 (custom)
2022-05-17 16:32:15,272 [pool-68-thread-1] INFO  server.RaftServerConfigKeys (ConfUtils.java:logGet(44)) - raft.server.log.purge.upto.snapshot.index = false (default)
2022-05-17 16:32:15,272 [pool-68-thread-1] INFO  server.RaftServerConfigKeys (ConfUtils.java:logGet(44)) - raft.server.retrycache.expirytime = 600000ms (custom)
2022-05-17 16:32:15,273 [pool-68-thread-1] INFO  server.RaftServerConfigKeys (ConfUtils.java:logGet(44)) - raft.server.retrycache.statistics.expirytime = 100μs (default)
2022-05-17 16:32:15,275 [pool-68-thread-1] INFO  server.RaftServer$Division (RaftServerImpl.java:start(301)) - 72e0ceb9-5347-471d-a209-f354019d6861@group-921D5E5575BB: start as a follower, conf=-1: [8099edad-facc-4fde-86f3-de93d0423d36|rpc:10.1.0.54:46435|priority:1, 578b5bcf-dcdc-45ef-8ff1-e5518e85146b|rpc:10.1.0.54:43863|priority:0, 72e0ceb9-5347-471d-a209-f354019d6861|rpc:10.1.0.54:42115|priority:0], old=null
2022-05-17 16:32:15,276 [pool-68-thread-1] INFO  server.RaftServer$Division (RaftServerImpl.java:setRole(290)) - 72e0ceb9-5347-471d-a209-f354019d6861@group-921D5E5575BB: changes role from      null to FOLLOWER at term 0 for startAsFollower
2022-05-17 16:32:15,276 [pool-68-thread-1] INFO  impl.RoleInfo (RoleInfo.java:updateAndGet(130)) - 72e0ceb9-5347-471d-a209-f354019d6861: start 72e0ceb9-5347-471d-a209-f354019d6861@group-921D5E5575BB-FollowerState
2022-05-17 16:32:15,278 [pool-68-thread-1] INFO  util.JmxRegister (JmxRegister.java:tryRegister(44)) - Successfully registered JMX Bean with object name Ratis:service=RaftServer,group=group-921D5E5575BB,id=72e0ceb9-5347-471d-a209-f354019d6861
2022-05-17 16:32:15,288 [Command processor thread] INFO  ratis.XceiverServerRatis (XceiverServerRatis.java:addGroup(765)) - Created group PipelineID=38cf0d24-7c1c-4c96-84da-921d5e5575bb
2022-05-17 16:32:15,778 [Command processor thread] INFO  server.RaftServer (RaftServerProxy.java:addNew(95)) - 8099edad-facc-4fde-86f3-de93d0423d36: addNew group-F48CD20AC042:[8099edad-facc-4fde-86f3-de93d0423d36|rpc:10.1.0.54:46435|priority:1] returns group-F48CD20AC042:java.util.concurrent.CompletableFuture@449d0c81[Not completed]
2022-05-17 16:32:15,793 [pool-90-thread-1] INFO  server.RaftServer$Division (RaftServerImpl.java:<init>(184)) - 8099edad-facc-4fde-86f3-de93d0423d36: new RaftServerImpl for group-F48CD20AC042:[8099edad-facc-4fde-86f3-de93d0423d36|rpc:10.1.0.54:46435|priority:1] with ContainerStateMachine:uninitialized
2022-05-17 16:32:15,794 [pool-90-thread-1] INFO  server.RaftServerConfigKeys (ConfUtils.java:logGet(44)) - raft.server.rpc.timeout.min = 5s (custom)
2022-05-17 16:32:15,794 [pool-90-thread-1] INFO  server.RaftServerConfigKeys (ConfUtils.java:logGet(44)) - raft.server.rpc.timeout.max = 5200ms (custom)
2022-05-17 16:32:15,794 [pool-90-thread-1] INFO  server.RaftServerConfigKeys (ConfUtils.java:logGet(44)) - raft.server.rpc.sleep.time = 25ms (default)
2022-05-17 16:32:15,794 [pool-90-thread-1] INFO  server.RaftServerConfigKeys (ConfUtils.java:logGet(44)) - raft.server.rpc.slowness.timeout = 300s (custom)
2022-05-17 16:32:15,794 [pool-90-thread-1] INFO  server.RaftServerConfigKeys (ConfUtils.java:logGet(44)) - raft.server.leaderelection.leader.step-down.wait-time = 10s (default)
2022-05-17 16:32:15,794 [pool-90-thread-1] INFO  server.RaftServerConfigKeys (ConfUtils.java:logGet(44)) - raft.server.sleep.deviation.threshold = 300ms (default)
2022-05-17 16:32:15,794 [pool-90-thread-1] INFO  server.RaftServerConfigKeys (ConfUtils.java:logGet(44)) - raft.server.log.appender.install.snapshot.enabled = false (custom)
2022-05-17 16:32:15,795 [pool-90-thread-1] INFO  server.RaftServer$Division (ServerState.java:<init>(105)) - 8099edad-facc-4fde-86f3-de93d0423d36@group-F48CD20AC042: ConfigurationManager, init=-1: [8099edad-facc-4fde-86f3-de93d0423d36|rpc:10.1.0.54:46435|priority:1], old=null, confs=<EMPTY_MAP>
2022-05-17 16:32:15,795 [pool-90-thread-1] INFO  server.RaftServerConfigKeys (ConfUtils.java:logGet(44)) - raft.server.storage.dir = [/home/runner/work/ozone/ozone/hadoop-ozone/integration-test/target/test-dir/MiniOzoneClusterImpl-2a2cfd2a-819c-401a-9122-e0f1e4685d97/datanode-1/data/ratis] (custom)
2022-05-17 16:32:15,795 [pool-90-thread-1] INFO  server.RaftServerConfigKeys (ConfUtils.java:logGet(44)) - raft.server.log.corruption.policy = EXCEPTION (default)
2022-05-17 16:32:15,795 [pool-90-thread-1] INFO  server.RaftServerConfigKeys (ConfUtils.java:logGet(44)) - raft.server.storage.free-space.min = 0MB (=0) (default)
2022-05-17 16:32:15,795 [pool-90-thread-1] INFO  storage.RaftStorageDirectory (RaftStorageDirectoryImpl.java:analyzeStorage(135)) - The storage directory /home/runner/work/ozone/ozone/hadoop-ozone/integration-test/target/test-dir/MiniOzoneClusterImpl-2a2cfd2a-819c-401a-9122-e0f1e4685d97/datanode-1/data/ratis/1f309679-cd9b-448e-a255-f48cd20ac042 does not exist. Creating ...
2022-05-17 16:32:15,796 [pool-90-thread-1] INFO  storage.RaftStorageDirectory (RaftStorageDirectoryImpl.java:tryLock(230)) - Lock on /home/runner/work/ozone/ozone/hadoop-ozone/integration-test/target/test-dir/MiniOzoneClusterImpl-2a2cfd2a-819c-401a-9122-e0f1e4685d97/datanode-1/data/ratis/1f309679-cd9b-448e-a255-f48cd20ac042/in_use.lock acquired by nodename 17133@fv-az297-879
2022-05-17 16:32:15,805 [pool-90-thread-1] INFO  storage.RaftStorage (RaftStorageImpl.java:format(89)) - Storage directory /home/runner/work/ozone/ozone/hadoop-ozone/integration-test/target/test-dir/MiniOzoneClusterImpl-2a2cfd2a-819c-401a-9122-e0f1e4685d97/datanode-1/data/ratis/1f309679-cd9b-448e-a255-f48cd20ac042 has been successfully formatted.
2022-05-17 16:32:15,810 [pool-90-thread-1] INFO  ratis.ContainerStateMachine (ContainerStateMachine.java:loadSnapshot(236)) - group-F48CD20AC042: The snapshot info is null. Setting the last applied indexto:(t:0, i:~)
2022-05-17 16:32:15,813 [EventQueue-PipelineReportForPipelineReportHandler] INFO  pipeline.PipelineManagerImpl (PipelineManagerImpl.java:openPipeline(336)) - Pipeline Pipeline[ Id: 1f309679-cd9b-448e-a255-f48cd20ac042, Nodes: 8099edad-facc-4fde-86f3-de93d0423d36{ip: 10.1.0.54, host: fv-az297-879.nmf1rxwemy4u5di1sxxf4ejcwb.jx.internal.cloudapp.net, ports: [REPLICATION=44949, RATIS=46435, RATIS_ADMIN=46435, RATIS_SERVER=46435, STANDALONE=43463], networkLocation: /default-rack, certSerialId: null, persistedOpState: IN_SERVICE, persistedOpStateExpiryEpochSec: 0}, ReplicationConfig: RATIS/ONE, State:ALLOCATED, leaderId:8099edad-facc-4fde-86f3-de93d0423d36, CreationTimestamp2022-05-17T16:32:12.802Z[Etc/UTC]] moved to OPEN state
2022-05-17 16:32:15,814 [pool-90-thread-1] INFO  server.RaftServerConfigKeys (ConfUtils.java:logGet(44)) - raft.server.notification.no-leader.timeout = 300s (custom)
2022-05-17 16:32:15,814 [EventQueue-OpenPipelineForHealthyPipelineSafeModeRule] INFO  safemode.SCMSafeModeManager (HealthyPipelineSafeModeRule.java:process(124)) - SCM in safe mode. Healthy pipelines reported count is 0, required healthy pipeline reported count is 1
2022-05-17 16:32:15,815 [pool-90-thread-1] INFO  server.RaftServerConfigKeys (ConfUtils.java:logGet(44)) - raft.server.log.use.memory = false (default)
2022-05-17 16:32:15,815 [pool-90-thread-1] INFO  server.RaftServerConfigKeys (ConfUtils.java:logGet(44)) - raft.server.log.purge.gap = 1000000 (custom)
2022-05-17 16:32:15,815 [pool-90-thread-1] INFO  server.RaftServerConfigKeys (ConfUtils.java:logGet(44)) - raft.server.log.appender.buffer.byte-limit = 33554432 (custom)
2022-05-17 16:32:15,815 [pool-90-thread-1] INFO  server.RaftServerConfigKeys (ConfUtils.java:logGet(44)) - raft.server.log.segment.size.max = 1048576 (custom)
2022-05-17 16:32:15,816 [pool-90-thread-1] INFO  server.RaftServerConfigKeys (ConfUtils.java:logGet(44)) - raft.server.log.segment.cache.num.max = 2 (custom)
2022-05-17 16:32:15,816 [pool-90-thread-1] INFO  server.RaftServerConfigKeys (ConfUtils.java:logGet(44)) - raft.server.log.segment.cache.size.max = 200MB (=209715200) (default)
2022-05-17 16:32:15,816 [pool-90-thread-1] INFO  segmented.SegmentedRaftLogWorker (SegmentedRaftLogWorker.java:<init>(182)) - new 8099edad-facc-4fde-86f3-de93d0423d36@group-F48CD20AC042-SegmentedRaftLogWorker for RaftStorageImpl:Storage Directory /home/runner/work/ozone/ozone/hadoop-ozone/integration-test/target/test-dir/MiniOzoneClusterImpl-2a2cfd2a-819c-401a-9122-e0f1e4685d97/datanode-1/data/ratis/1f309679-cd9b-448e-a255-f48cd20ac042
2022-05-17 16:32:15,816 [pool-90-thread-1] INFO  server.RaftServerConfigKeys (ConfUtils.java:logGet(44)) - raft.server.log.queue.byte-limit = 4294967296 (custom)
2022-05-17 16:32:15,816 [pool-90-thread-1] INFO  server.RaftServerConfigKeys (ConfUtils.java:logGet(44)) - raft.server.log.queue.element-limit = 1024 (custom)
2022-05-17 16:32:15,819 [pool-90-thread-1] INFO  server.RaftServerConfigKeys (ConfUtils.java:logGet(44)) - raft.server.log.segment.size.max = 1048576 (custom)
2022-05-17 16:32:15,820 [pool-90-thread-1] INFO  server.RaftServerConfigKeys (ConfUtils.java:logGet(44)) - raft.server.log.preallocated.size = 16384 (custom)
2022-05-17 16:32:15,820 [pool-90-thread-1] INFO  server.RaftServerConfigKeys (ConfUtils.java:logGet(44)) - raft.server.log.force.sync.num = 128 (default)
2022-05-17 16:32:15,821 [pool-90-thread-1] INFO  server.RaftServerConfigKeys (ConfUtils.java:logGet(44)) - raft.server.log.statemachine.data.sync = true (default)
2022-05-17 16:32:15,821 [pool-90-thread-1] INFO  server.RaftServerConfigKeys (ConfUtils.java:logGet(44)) - raft.server.log.statemachine.data.sync.timeout = 10s (default)
2022-05-17 16:32:15,821 [pool-90-thread-1] INFO  server.RaftServerConfigKeys (ConfUtils.java:logGet(44)) - raft.server.log.statemachine.data.sync.timeout.retry = -1 (default)
2022-05-17 16:32:15,824 [pool-90-thread-1] INFO  server.RaftServerConfigKeys (ConfUtils.java:logGet(44)) - raft.server.log.write.buffer.size = 1048576 (custom)
2022-05-17 16:32:15,824 [pool-90-thread-1] INFO  server.RaftServerConfigKeys (ConfUtils.java:logGet(44)) - raft.server.log.statemachine.data.caching.enabled = true (custom)
2022-05-17 16:32:15,824 [pool-90-thread-1] INFO  segmented.SegmentedRaftLogWorker (SegmentedRaftLogWorker.java:lambda$new$0(133)) - 8099edad-facc-4fde-86f3-de93d0423d36@group-F48CD20AC042-SegmentedRaftLogWorker: flushIndex: setUnconditionally 0 -> -1
2022-05-17 16:32:15,824 [pool-90-thread-1] INFO  segmented.SegmentedRaftLogWorker (SegmentedRaftLogWorker.java:lambda$new$0(133)) - 8099edad-facc-4fde-86f3-de93d0423d36@group-F48CD20AC042-SegmentedRaftLogWorker: safeCacheEvictIndex: setUnconditionally 0 -> -1
2022-05-17 16:32:15,825 [pool-90-thread-1] INFO  server.RaftServerConfigKeys (ConfUtils.java:logGet(44)) - raft.server.snapshot.auto.trigger.enabled = true (custom)
2022-05-17 16:32:15,826 [pool-90-thread-1] INFO  server.RaftServerConfigKeys (ConfUtils.java:logGet(44)) - raft.server.snapshot.auto.trigger.threshold = 10000 (custom)
2022-05-17 16:32:15,826 [pool-90-thread-1] INFO  server.RaftServerConfigKeys (ConfUtils.java:logGet(44)) - raft.server.snapshot.retention.file.num = 5 (custom)
2022-05-17 16:32:15,826 [pool-90-thread-1] INFO  server.RaftServerConfigKeys (ConfUtils.java:logGet(44)) - raft.server.log.purge.upto.snapshot.index = false (default)
2022-05-17 16:32:15,826 [pool-90-thread-1] INFO  server.RaftServerConfigKeys (ConfUtils.java:logGet(44)) - raft.server.retrycache.expirytime = 600000ms (custom)
2022-05-17 16:32:15,826 [pool-90-thread-1] INFO  server.RaftServerConfigKeys (ConfUtils.java:logGet(44)) - raft.server.retrycache.statistics.expirytime = 100μs (default)
2022-05-17 16:32:15,833 [pool-90-thread-1] INFO  server.RaftServer$Division (RaftServerImpl.java:start(301)) - 8099edad-facc-4fde-86f3-de93d0423d36@group-F48CD20AC042: start as a follower, conf=-1: [8099edad-facc-4fde-86f3-de93d0423d36|rpc:10.1.0.54:46435|priority:1], old=null
2022-05-17 16:32:15,834 [pool-90-thread-1] INFO  server.RaftServer$Division (RaftServerImpl.java:setRole(290)) - 8099edad-facc-4fde-86f3-de93d0423d36@group-F48CD20AC042: changes role from      null to FOLLOWER at term 0 for startAsFollower
2022-05-17 16:32:15,834 [pool-90-thread-1] INFO  impl.RoleInfo (RoleInfo.java:updateAndGet(130)) - 8099edad-facc-4fde-86f3-de93d0423d36: start 8099edad-facc-4fde-86f3-de93d0423d36@group-F48CD20AC042-FollowerState
2022-05-17 16:32:15,849 [pool-90-thread-1] INFO  util.JmxRegister (JmxRegister.java:tryRegister(44)) - Successfully registered JMX Bean with object name Ratis:service=RaftServer,group=group-F48CD20AC042,id=8099edad-facc-4fde-86f3-de93d0423d36
2022-05-17 16:32:15,858 [Command processor thread] INFO  ratis.XceiverServerRatis (XceiverServerRatis.java:addGroup(765)) - Created group PipelineID=1f309679-cd9b-448e-a255-f48cd20ac042
2022-05-17 16:32:15,859 [Command processor thread] INFO  commandhandler.CreatePipelineCommandHandler (CreatePipelineCommandHandler.java:handle(113)) - Created Pipeline RATIS ONE PipelineID=1f309679-cd9b-448e-a255-f48cd20ac042.
2022-05-17 16:32:15,859 [Command processor thread] INFO  server.RaftServer (RaftServerProxy.java:addNew(95)) - 8099edad-facc-4fde-86f3-de93d0423d36: addNew group-921D5E5575BB:[8099edad-facc-4fde-86f3-de93d0423d36|rpc:10.1.0.54:46435|priority:1, 578b5bcf-dcdc-45ef-8ff1-e5518e85146b|rpc:10.1.0.54:43863|priority:0, 72e0ceb9-5347-471d-a209-f354019d6861|rpc:10.1.0.54:42115|priority:0] returns group-921D5E5575BB:java.util.concurrent.CompletableFuture@40a280ca[Not completed]
2022-05-17 16:32:15,861 [pool-90-thread-1] INFO  server.RaftServer$Division (RaftServerImpl.java:<init>(184)) - 8099edad-facc-4fde-86f3-de93d0423d36: new RaftServerImpl for group-921D5E5575BB:[8099edad-facc-4fde-86f3-de93d0423d36|rpc:10.1.0.54:46435|priority:1, 578b5bcf-dcdc-45ef-8ff1-e5518e85146b|rpc:10.1.0.54:43863|priority:0, 72e0ceb9-5347-471d-a209-f354019d6861|rpc:10.1.0.54:42115|priority:0] with ContainerStateMachine:uninitialized
2022-05-17 16:32:15,861 [pool-90-thread-1] INFO  server.RaftServerConfigKeys (ConfUtils.java:logGet(44)) - raft.server.rpc.timeout.min = 5s (custom)
2022-05-17 16:32:15,861 [pool-90-thread-1] INFO  server.RaftServerConfigKeys (ConfUtils.java:logGet(44)) - raft.server.rpc.timeout.max = 5200ms (custom)
2022-05-17 16:32:15,861 [pool-90-thread-1] INFO  server.RaftServerConfigKeys (ConfUtils.java:logGet(44)) - raft.server.rpc.sleep.time = 25ms (default)
2022-05-17 16:32:15,861 [pool-90-thread-1] INFO  server.RaftServerConfigKeys (ConfUtils.java:logGet(44)) - raft.server.rpc.slowness.timeout = 300s (custom)
2022-05-17 16:32:15,861 [pool-90-thread-1] INFO  server.RaftServerConfigKeys (ConfUtils.java:logGet(44)) - raft.server.leaderelection.leader.step-down.wait-time = 10s (default)
2022-05-17 16:32:15,861 [pool-90-thread-1] INFO  server.RaftServerConfigKeys (ConfUtils.java:logGet(44)) - raft.server.sleep.deviation.threshold = 300ms (default)
2022-05-17 16:32:15,861 [pool-90-thread-1] INFO  server.RaftServerConfigKeys (ConfUtils.java:logGet(44)) - raft.server.log.appender.install.snapshot.enabled = false (custom)
2022-05-17 16:32:15,862 [pool-90-thread-1] INFO  server.RaftServer$Division (ServerState.java:<init>(105)) - 8099edad-facc-4fde-86f3-de93d0423d36@group-921D5E5575BB: ConfigurationManager, init=-1: [8099edad-facc-4fde-86f3-de93d0423d36|rpc:10.1.0.54:46435|priority:1, 578b5bcf-dcdc-45ef-8ff1-e5518e85146b|rpc:10.1.0.54:43863|priority:0, 72e0ceb9-5347-471d-a209-f354019d6861|rpc:10.1.0.54:42115|priority:0], old=null, confs=<EMPTY_MAP>
2022-05-17 16:32:15,862 [pool-90-thread-1] INFO  server.RaftServerConfigKeys (ConfUtils.java:logGet(44)) - raft.server.storage.dir = [/home/runner/work/ozone/ozone/hadoop-ozone/integration-test/target/test-dir/MiniOzoneClusterImpl-2a2cfd2a-819c-401a-9122-e0f1e4685d97/datanode-1/data/ratis] (custom)
2022-05-17 16:32:15,862 [pool-90-thread-1] INFO  server.RaftServerConfigKeys (ConfUtils.java:logGet(44)) - raft.server.log.corruption.policy = EXCEPTION (default)
2022-05-17 16:32:15,862 [pool-90-thread-1] INFO  server.RaftServerConfigKeys (ConfUtils.java:logGet(44)) - raft.server.storage.free-space.min = 0MB (=0) (default)
2022-05-17 16:32:15,862 [pool-90-thread-1] INFO  storage.RaftStorageDirectory (RaftStorageDirectoryImpl.java:analyzeStorage(135)) - The storage directory /home/runner/work/ozone/ozone/hadoop-ozone/integration-test/target/test-dir/MiniOzoneClusterImpl-2a2cfd2a-819c-401a-9122-e0f1e4685d97/datanode-1/data/ratis/38cf0d24-7c1c-4c96-84da-921d5e5575bb does not exist. Creating ...
2022-05-17 16:32:15,867 [pool-90-thread-1] INFO  storage.RaftStorageDirectory (RaftStorageDirectoryImpl.java:tryLock(230)) - Lock on /home/runner/work/ozone/ozone/hadoop-ozone/integration-test/target/test-dir/MiniOzoneClusterImpl-2a2cfd2a-819c-401a-9122-e0f1e4685d97/datanode-1/data/ratis/38cf0d24-7c1c-4c96-84da-921d5e5575bb/in_use.lock acquired by nodename 17133@fv-az297-879
2022-05-17 16:32:15,869 [pool-90-thread-1] INFO  storage.RaftStorage (RaftStorageImpl.java:format(89)) - Storage directory /home/runner/work/ozone/ozone/hadoop-ozone/integration-test/target/test-dir/MiniOzoneClusterImpl-2a2cfd2a-819c-401a-9122-e0f1e4685d97/datanode-1/data/ratis/38cf0d24-7c1c-4c96-84da-921d5e5575bb has been successfully formatted.
2022-05-17 16:32:15,869 [pool-90-thread-1] INFO  ratis.ContainerStateMachine (ContainerStateMachine.java:loadSnapshot(236)) - group-921D5E5575BB: The snapshot info is null. Setting the last applied indexto:(t:0, i:~)
2022-05-17 16:32:15,875 [pool-90-thread-1] INFO  server.RaftServerConfigKeys (ConfUtils.java:logGet(44)) - raft.server.notification.no-leader.timeout = 300s (custom)
2022-05-17 16:32:15,875 [pool-90-thread-1] INFO  server.RaftServerConfigKeys (ConfUtils.java:logGet(44)) - raft.server.log.use.memory = false (default)
2022-05-17 16:32:15,875 [pool-90-thread-1] INFO  server.RaftServerConfigKeys (ConfUtils.java:logGet(44)) - raft.server.log.purge.gap = 1000000 (custom)
2022-05-17 16:32:15,875 [pool-90-thread-1] INFO  server.RaftServerConfigKeys (ConfUtils.java:logGet(44)) - raft.server.log.appender.buffer.byte-limit = 33554432 (custom)
2022-05-17 16:32:15,876 [pool-90-thread-1] INFO  server.RaftServerConfigKeys (ConfUtils.java:logGet(44)) - raft.server.log.segment.size.max = 1048576 (custom)
2022-05-17 16:32:15,877 [pool-90-thread-1] INFO  server.RaftServerConfigKeys (ConfUtils.java:logGet(44)) - raft.server.log.segment.cache.num.max = 2 (custom)
2022-05-17 16:32:15,877 [pool-90-thread-1] INFO  server.RaftServerConfigKeys (ConfUtils.java:logGet(44)) - raft.server.log.segment.cache.size.max = 200MB (=209715200) (default)
2022-05-17 16:32:15,877 [pool-90-thread-1] INFO  segmented.SegmentedRaftLogWorker (SegmentedRaftLogWorker.java:<init>(182)) - new 8099edad-facc-4fde-86f3-de93d0423d36@group-921D5E5575BB-SegmentedRaftLogWorker for RaftStorageImpl:Storage Directory /home/runner/work/ozone/ozone/hadoop-ozone/integration-test/target/test-dir/MiniOzoneClusterImpl-2a2cfd2a-819c-401a-9122-e0f1e4685d97/datanode-1/data/ratis/38cf0d24-7c1c-4c96-84da-921d5e5575bb
2022-05-17 16:32:15,877 [pool-90-thread-1] INFO  server.RaftServerConfigKeys (ConfUtils.java:logGet(44)) - raft.server.log.queue.byte-limit = 4294967296 (custom)
2022-05-17 16:32:15,877 [pool-90-thread-1] INFO  server.RaftServerConfigKeys (ConfUtils.java:logGet(44)) - raft.server.log.queue.element-limit = 1024 (custom)
2022-05-17 16:32:15,877 [pool-90-thread-1] INFO  server.RaftServerConfigKeys (ConfUtils.java:logGet(44)) - raft.server.log.segment.size.max = 1048576 (custom)
2022-05-17 16:32:15,877 [pool-90-thread-1] INFO  server.RaftServerConfigKeys (ConfUtils.java:logGet(44)) - raft.server.log.preallocated.size = 16384 (custom)
2022-05-17 16:32:15,879 [EventQueue-OpenPipelineForHealthyPipelineSafeModeRule] INFO  safemode.SCMSafeModeManager (HealthyPipelineSafeModeRule.java:process(124)) - SCM in safe mode. Healthy pipelines reported count is 0, required healthy pipeline reported count is 1
2022-05-17 16:32:15,881 [pool-90-thread-1] INFO  server.RaftServerConfigKeys (ConfUtils.java:logGet(44)) - raft.server.log.force.sync.num = 128 (default)
2022-05-17 16:32:15,881 [pool-90-thread-1] INFO  server.RaftServerConfigKeys (ConfUtils.java:logGet(44)) - raft.server.log.statemachine.data.sync = true (default)
2022-05-17 16:32:15,881 [pool-90-thread-1] INFO  server.RaftServerConfigKeys (ConfUtils.java:logGet(44)) - raft.server.log.statemachine.data.sync.timeout = 10s (default)
2022-05-17 16:32:15,881 [pool-90-thread-1] INFO  server.RaftServerConfigKeys (ConfUtils.java:logGet(44)) - raft.server.log.statemachine.data.sync.timeout.retry = -1 (default)
2022-05-17 16:32:15,883 [pool-90-thread-1] INFO  server.RaftServerConfigKeys (ConfUtils.java:logGet(44)) - raft.server.log.write.buffer.size = 1048576 (custom)
2022-05-17 16:32:15,883 [pool-90-thread-1] INFO  server.RaftServerConfigKeys (ConfUtils.java:logGet(44)) - raft.server.log.statemachine.data.caching.enabled = true (custom)
2022-05-17 16:32:15,884 [pool-90-thread-1] INFO  segmented.SegmentedRaftLogWorker (SegmentedRaftLogWorker.java:lambda$new$0(133)) - 8099edad-facc-4fde-86f3-de93d0423d36@group-921D5E5575BB-SegmentedRaftLogWorker: flushIndex: setUnconditionally 0 -> -1
2022-05-17 16:32:15,884 [pool-90-thread-1] INFO  segmented.SegmentedRaftLogWorker (SegmentedRaftLogWorker.java:lambda$new$0(133)) - 8099edad-facc-4fde-86f3-de93d0423d36@group-921D5E5575BB-SegmentedRaftLogWorker: safeCacheEvictIndex: setUnconditionally 0 -> -1
2022-05-17 16:32:15,897 [pool-90-thread-1] INFO  server.RaftServerConfigKeys (ConfUtils.java:logGet(44)) - raft.server.snapshot.auto.trigger.enabled = true (custom)
2022-05-17 16:32:15,897 [pool-90-thread-1] INFO  server.RaftServerConfigKeys (ConfUtils.java:logGet(44)) - raft.server.snapshot.auto.trigger.threshold = 10000 (custom)
2022-05-17 16:32:15,897 [pool-90-thread-1] INFO  server.RaftServerConfigKeys (ConfUtils.java:logGet(44)) - raft.server.snapshot.retention.file.num = 5 (custom)
2022-05-17 16:32:15,898 [pool-90-thread-1] INFO  server.RaftServerConfigKeys (ConfUtils.java:logGet(44)) - raft.server.log.purge.upto.snapshot.index = false (default)
2022-05-17 16:32:15,898 [pool-90-thread-1] INFO  server.RaftServerConfigKeys (ConfUtils.java:logGet(44)) - raft.server.retrycache.expirytime = 600000ms (custom)
2022-05-17 16:32:15,898 [pool-90-thread-1] INFO  server.RaftServerConfigKeys (ConfUtils.java:logGet(44)) - raft.server.retrycache.statistics.expirytime = 100μs (default)
2022-05-17 16:32:15,900 [pool-90-thread-1] INFO  server.RaftServer$Division (RaftServerImpl.java:start(301)) - 8099edad-facc-4fde-86f3-de93d0423d36@group-921D5E5575BB: start as a follower, conf=-1: [8099edad-facc-4fde-86f3-de93d0423d36|rpc:10.1.0.54:46435|priority:1, 578b5bcf-dcdc-45ef-8ff1-e5518e85146b|rpc:10.1.0.54:43863|priority:0, 72e0ceb9-5347-471d-a209-f354019d6861|rpc:10.1.0.54:42115|priority:0], old=null
2022-05-17 16:32:15,900 [pool-90-thread-1] INFO  server.RaftServer$Division (RaftServerImpl.java:setRole(290)) - 8099edad-facc-4fde-86f3-de93d0423d36@group-921D5E5575BB: changes role from      null to FOLLOWER at term 0 for startAsFollower
2022-05-17 16:32:15,900 [pool-90-thread-1] INFO  impl.RoleInfo (RoleInfo.java:updateAndGet(130)) - 8099edad-facc-4fde-86f3-de93d0423d36: start 8099edad-facc-4fde-86f3-de93d0423d36@group-921D5E5575BB-FollowerState
2022-05-17 16:32:15,906 [pool-90-thread-1] INFO  util.JmxRegister (JmxRegister.java:tryRegister(44)) - Successfully registered JMX Bean with object name Ratis:service=RaftServer,group=group-921D5E5575BB,id=8099edad-facc-4fde-86f3-de93d0423d36
2022-05-17 16:32:15,909 [Command processor thread] INFO  ratis.XceiverServerRatis (XceiverServerRatis.java:addGroup(765)) - Created group PipelineID=38cf0d24-7c1c-4c96-84da-921d5e5575bb
2022-05-17 16:32:15,931 [grpc-default-executor-0] INFO  server.RaftServer (RaftServerProxy.java:addNew(95)) - 578b5bcf-dcdc-45ef-8ff1-e5518e85146b: addNew group-921D5E5575BB:[8099edad-facc-4fde-86f3-de93d0423d36|rpc:10.1.0.54:46435|dataStream:|priority:1, 578b5bcf-dcdc-45ef-8ff1-e5518e85146b|rpc:10.1.0.54:43863|dataStream:|priority:0, 72e0ceb9-5347-471d-a209-f354019d6861|rpc:10.1.0.54:42115|dataStream:|priority:0] returns group-921D5E5575BB:java.util.concurrent.CompletableFuture@12c525fb[Not completed]
2022-05-17 16:32:15,940 [pool-112-thread-1] INFO  server.RaftServer$Division (RaftServerImpl.java:<init>(184)) - 578b5bcf-dcdc-45ef-8ff1-e5518e85146b: new RaftServerImpl for group-921D5E5575BB:[8099edad-facc-4fde-86f3-de93d0423d36|rpc:10.1.0.54:46435|dataStream:|priority:1, 578b5bcf-dcdc-45ef-8ff1-e5518e85146b|rpc:10.1.0.54:43863|dataStream:|priority:0, 72e0ceb9-5347-471d-a209-f354019d6861|rpc:10.1.0.54:42115|dataStream:|priority:0] with ContainerStateMachine:uninitialized
2022-05-17 16:32:15,946 [pool-112-thread-1] INFO  server.RaftServerConfigKeys (ConfUtils.java:logGet(44)) - raft.server.rpc.timeout.min = 5s (custom)
2022-05-17 16:32:15,946 [pool-112-thread-1] INFO  server.RaftServerConfigKeys (ConfUtils.java:logGet(44)) - raft.server.rpc.timeout.max = 5200ms (custom)
2022-05-17 16:32:15,946 [pool-112-thread-1] INFO  server.RaftServerConfigKeys (ConfUtils.java:logGet(44)) - raft.server.rpc.sleep.time = 25ms (default)
2022-05-17 16:32:15,946 [pool-112-thread-1] INFO  server.RaftServerConfigKeys (ConfUtils.java:logGet(44)) - raft.server.rpc.slowness.timeout = 300s (custom)
2022-05-17 16:32:15,946 [pool-112-thread-1] INFO  server.RaftServerConfigKeys (ConfUtils.java:logGet(44)) - raft.server.leaderelection.leader.step-down.wait-time = 10s (default)
2022-05-17 16:32:15,946 [pool-112-thread-1] INFO  server.RaftServerConfigKeys (ConfUtils.java:logGet(44)) - raft.server.sleep.deviation.threshold = 300ms (default)
2022-05-17 16:32:15,946 [pool-112-thread-1] INFO  server.RaftServerConfigKeys (ConfUtils.java:logGet(44)) - raft.server.log.appender.install.snapshot.enabled = false (custom)
2022-05-17 16:32:15,946 [pool-112-thread-1] INFO  server.RaftServer$Division (ServerState.java:<init>(105)) - 578b5bcf-dcdc-45ef-8ff1-e5518e85146b@group-921D5E5575BB: ConfigurationManager, init=-1: [8099edad-facc-4fde-86f3-de93d0423d36|rpc:10.1.0.54:46435|dataStream:|priority:1, 578b5bcf-dcdc-45ef-8ff1-e5518e85146b|rpc:10.1.0.54:43863|dataStream:|priority:0, 72e0ceb9-5347-471d-a209-f354019d6861|rpc:10.1.0.54:42115|dataStream:|priority:0], old=null, confs=<EMPTY_MAP>
2022-05-17 16:32:15,946 [pool-112-thread-1] INFO  server.RaftServerConfigKeys (ConfUtils.java:logGet(44)) - raft.server.storage.dir = [/home/runner/work/ozone/ozone/hadoop-ozone/integration-test/target/test-dir/MiniOzoneClusterImpl-2a2cfd2a-819c-401a-9122-e0f1e4685d97/datanode-2/data/ratis] (custom)
2022-05-17 16:32:15,946 [pool-112-thread-1] INFO  server.RaftServerConfigKeys (ConfUtils.java:logGet(44)) - raft.server.log.corruption.policy = EXCEPTION (default)
2022-05-17 16:32:15,947 [pool-112-thread-1] INFO  server.RaftServerConfigKeys (ConfUtils.java:logGet(44)) - raft.server.storage.free-space.min = 0MB (=0) (default)
2022-05-17 16:32:15,947 [pool-112-thread-1] INFO  storage.RaftStorageDirectory (RaftStorageDirectoryImpl.java:analyzeStorage(135)) - The storage directory /home/runner/work/ozone/ozone/hadoop-ozone/integration-test/target/test-dir/MiniOzoneClusterImpl-2a2cfd2a-819c-401a-9122-e0f1e4685d97/datanode-2/data/ratis/38cf0d24-7c1c-4c96-84da-921d5e5575bb does not exist. Creating ...
2022-05-17 16:32:15,951 [pool-112-thread-1] INFO  storage.RaftStorageDirectory (RaftStorageDirectoryImpl.java:tryLock(230)) - Lock on /home/runner/work/ozone/ozone/hadoop-ozone/integration-test/target/test-dir/MiniOzoneClusterImpl-2a2cfd2a-819c-401a-9122-e0f1e4685d97/datanode-2/data/ratis/38cf0d24-7c1c-4c96-84da-921d5e5575bb/in_use.lock acquired by nodename 17133@fv-az297-879
2022-05-17 16:32:15,952 [pool-112-thread-1] INFO  storage.RaftStorage (RaftStorageImpl.java:format(89)) - Storage directory /home/runner/work/ozone/ozone/hadoop-ozone/integration-test/target/test-dir/MiniOzoneClusterImpl-2a2cfd2a-819c-401a-9122-e0f1e4685d97/datanode-2/data/ratis/38cf0d24-7c1c-4c96-84da-921d5e5575bb has been successfully formatted.
2022-05-17 16:32:15,953 [pool-112-thread-1] INFO  ratis.ContainerStateMachine (ContainerStateMachine.java:loadSnapshot(236)) - group-921D5E5575BB: The snapshot info is null. Setting the last applied indexto:(t:0, i:~)
2022-05-17 16:32:15,954 [pool-112-thread-1] INFO  server.RaftServerConfigKeys (ConfUtils.java:logGet(44)) - raft.server.notification.no-leader.timeout = 300s (custom)
2022-05-17 16:32:15,954 [pool-112-thread-1] INFO  server.RaftServerConfigKeys (ConfUtils.java:logGet(44)) - raft.server.log.use.memory = false (default)
2022-05-17 16:32:15,955 [pool-112-thread-1] INFO  server.RaftServerConfigKeys (ConfUtils.java:logGet(44)) - raft.server.log.purge.gap = 1000000 (custom)
2022-05-17 16:32:15,955 [pool-112-thread-1] INFO  server.RaftServerConfigKeys (ConfUtils.java:logGet(44)) - raft.server.log.appender.buffer.byte-limit = 33554432 (custom)
2022-05-17 16:32:15,965 [pool-112-thread-1] INFO  server.RaftServerConfigKeys (ConfUtils.java:logGet(44)) - raft.server.log.segment.size.max = 1048576 (custom)
2022-05-17 16:32:15,966 [pool-112-thread-1] INFO  server.RaftServerConfigKeys (ConfUtils.java:logGet(44)) - raft.server.log.segment.cache.num.max = 2 (custom)
2022-05-17 16:32:15,966 [pool-112-thread-1] INFO  server.RaftServerConfigKeys (ConfUtils.java:logGet(44)) - raft.server.log.segment.cache.size.max = 200MB (=209715200) (default)
2022-05-17 16:32:15,966 [pool-112-thread-1] INFO  segmented.SegmentedRaftLogWorker (SegmentedRaftLogWorker.java:<init>(182)) - new 578b5bcf-dcdc-45ef-8ff1-e5518e85146b@group-921D5E5575BB-SegmentedRaftLogWorker for RaftStorageImpl:Storage Directory /home/runner/work/ozone/ozone/hadoop-ozone/integration-test/target/test-dir/MiniOzoneClusterImpl-2a2cfd2a-819c-401a-9122-e0f1e4685d97/datanode-2/data/ratis/38cf0d24-7c1c-4c96-84da-921d5e5575bb
2022-05-17 16:32:15,966 [pool-112-thread-1] INFO  server.RaftServerConfigKeys (ConfUtils.java:logGet(44)) - raft.server.log.queue.byte-limit = 4294967296 (custom)
2022-05-17 16:32:15,966 [pool-112-thread-1] INFO  server.RaftServerConfigKeys (ConfUtils.java:logGet(44)) - raft.server.log.queue.element-limit = 1024 (custom)
2022-05-17 16:32:15,967 [pool-112-thread-1] INFO  server.RaftServerConfigKeys (ConfUtils.java:logGet(44)) - raft.server.log.segment.size.max = 1048576 (custom)
2022-05-17 16:32:15,967 [pool-112-thread-1] INFO  server.RaftServerConfigKeys (ConfUtils.java:logGet(44)) - raft.server.log.preallocated.size = 16384 (custom)
2022-05-17 16:32:15,967 [pool-112-thread-1] INFO  server.RaftServerConfigKeys (ConfUtils.java:logGet(44)) - raft.server.log.force.sync.num = 128 (default)
2022-05-17 16:32:15,967 [pool-112-thread-1] INFO  server.RaftServerConfigKeys (ConfUtils.java:logGet(44)) - raft.server.log.statemachine.data.sync = true (default)
2022-05-17 16:32:15,967 [pool-112-thread-1] INFO  server.RaftServerConfigKeys (ConfUtils.java:logGet(44)) - raft.server.log.statemachine.data.sync.timeout = 10s (default)
2022-05-17 16:32:15,967 [pool-112-thread-1] INFO  server.RaftServerConfigKeys (ConfUtils.java:logGet(44)) - raft.server.log.statemachine.data.sync.timeout.retry = -1 (default)
2022-05-17 16:32:15,968 [pool-112-thread-1] INFO  server.RaftServerConfigKeys (ConfUtils.java:logGet(44)) - raft.server.log.write.buffer.size = 1048576 (custom)
2022-05-17 16:32:15,969 [pool-112-thread-1] INFO  server.RaftServerConfigKeys (ConfUtils.java:logGet(44)) - raft.server.log.statemachine.data.caching.enabled = true (custom)
2022-05-17 16:32:15,969 [pool-112-thread-1] INFO  segmented.SegmentedRaftLogWorker (SegmentedRaftLogWorker.java:lambda$new$0(133)) - 578b5bcf-dcdc-45ef-8ff1-e5518e85146b@group-921D5E5575BB-SegmentedRaftLogWorker: flushIndex: setUnconditionally 0 -> -1
2022-05-17 16:32:15,969 [pool-112-thread-1] INFO  segmented.SegmentedRaftLogWorker (SegmentedRaftLogWorker.java:lambda$new$0(133)) - 578b5bcf-dcdc-45ef-8ff1-e5518e85146b@group-921D5E5575BB-SegmentedRaftLogWorker: safeCacheEvictIndex: setUnconditionally 0 -> -1
2022-05-17 16:32:15,985 [pool-112-thread-1] INFO  server.RaftServerConfigKeys (ConfUtils.java:logGet(44)) - raft.server.snapshot.auto.trigger.enabled = true (custom)
2022-05-17 16:32:15,986 [pool-112-thread-1] INFO  server.RaftServerConfigKeys (ConfUtils.java:logGet(44)) - raft.server.snapshot.auto.trigger.threshold = 10000 (custom)
2022-05-17 16:32:15,986 [pool-112-thread-1] INFO  server.RaftServerConfigKeys (ConfUtils.java:logGet(44)) - raft.server.snapshot.retention.file.num = 5 (custom)
2022-05-17 16:32:15,986 [pool-112-thread-1] INFO  server.RaftServerConfigKeys (ConfUtils.java:logGet(44)) - raft.server.log.purge.upto.snapshot.index = false (default)
2022-05-17 16:32:15,986 [pool-112-thread-1] INFO  server.RaftServerConfigKeys (ConfUtils.java:logGet(44)) - raft.server.retrycache.expirytime = 600000ms (custom)
2022-05-17 16:32:15,986 [pool-112-thread-1] INFO  server.RaftServerConfigKeys (ConfUtils.java:logGet(44)) - raft.server.retrycache.statistics.expirytime = 100μs (default)
2022-05-17 16:32:15,988 [pool-112-thread-1] INFO  server.RaftServer$Division (RaftServerImpl.java:start(301)) - 578b5bcf-dcdc-45ef-8ff1-e5518e85146b@group-921D5E5575BB: start as a follower, conf=-1: [8099edad-facc-4fde-86f3-de93d0423d36|rpc:10.1.0.54:46435|dataStream:|priority:1, 578b5bcf-dcdc-45ef-8ff1-e5518e85146b|rpc:10.1.0.54:43863|dataStream:|priority:0, 72e0ceb9-5347-471d-a209-f354019d6861|rpc:10.1.0.54:42115|dataStream:|priority:0], old=null
2022-05-17 16:32:15,988 [pool-112-thread-1] INFO  server.RaftServer$Division (RaftServerImpl.java:setRole(290)) - 578b5bcf-dcdc-45ef-8ff1-e5518e85146b@group-921D5E5575BB: changes role from      null to FOLLOWER at term 0 for startAsFollower
2022-05-17 16:32:15,988 [pool-112-thread-1] INFO  impl.RoleInfo (RoleInfo.java:updateAndGet(130)) - 578b5bcf-dcdc-45ef-8ff1-e5518e85146b: start 578b5bcf-dcdc-45ef-8ff1-e5518e85146b@group-921D5E5575BB-FollowerState
2022-05-17 16:32:15,992 [pool-112-thread-1] INFO  util.JmxRegister (JmxRegister.java:tryRegister(44)) - Successfully registered JMX Bean with object name Ratis:service=RaftServer,group=group-921D5E5575BB,id=578b5bcf-dcdc-45ef-8ff1-e5518e85146b
2022-05-17 16:32:16,074 [Command processor thread] INFO  commandhandler.CreatePipelineCommandHandler (CreatePipelineCommandHandler.java:handle(113)) - Created Pipeline RATIS THREE PipelineID=38cf0d24-7c1c-4c96-84da-921d5e5575bb.
2022-05-17 16:32:16,075 [Command processor thread] INFO  server.RaftServer (RaftServerProxy.java:addNew(95)) - 72e0ceb9-5347-471d-a209-f354019d6861: addNew group-EE3C833659ED:[8099edad-facc-4fde-86f3-de93d0423d36|rpc:10.1.0.54:46435|priority:0, 578b5bcf-dcdc-45ef-8ff1-e5518e85146b|rpc:10.1.0.54:43863|priority:0, 72e0ceb9-5347-471d-a209-f354019d6861|rpc:10.1.0.54:42115|priority:1] returns group-EE3C833659ED:java.util.concurrent.CompletableFuture@1b9fc66a[Not completed]
2022-05-17 16:32:16,077 [pool-68-thread-1] INFO  server.RaftServer$Division (RaftServerImpl.java:<init>(184)) - 72e0ceb9-5347-471d-a209-f354019d6861: new RaftServerImpl for group-EE3C833659ED:[8099edad-facc-4fde-86f3-de93d0423d36|rpc:10.1.0.54:46435|priority:0, 578b5bcf-dcdc-45ef-8ff1-e5518e85146b|rpc:10.1.0.54:43863|priority:0, 72e0ceb9-5347-471d-a209-f354019d6861|rpc:10.1.0.54:42115|priority:1] with ContainerStateMachine:uninitialized
2022-05-17 16:32:16,077 [pool-68-thread-1] INFO  server.RaftServerConfigKeys (ConfUtils.java:logGet(44)) - raft.server.rpc.timeout.min = 5s (custom)
2022-05-17 16:32:16,077 [pool-68-thread-1] INFO  server.RaftServerConfigKeys (ConfUtils.java:logGet(44)) - raft.server.rpc.timeout.max = 5200ms (custom)
2022-05-17 16:32:16,077 [pool-68-thread-1] INFO  server.RaftServerConfigKeys (ConfUtils.java:logGet(44)) - raft.server.rpc.sleep.time = 25ms (default)
2022-05-17 16:32:16,077 [pool-68-thread-1] INFO  server.RaftServerConfigKeys (ConfUtils.java:logGet(44)) - raft.server.rpc.slowness.timeout = 300s (custom)
2022-05-17 16:32:16,077 [pool-68-thread-1] INFO  server.RaftServerConfigKeys (ConfUtils.java:logGet(44)) - raft.server.leaderelection.leader.step-down.wait-time = 10s (default)
2022-05-17 16:32:16,077 [pool-68-thread-1] INFO  server.RaftServerConfigKeys (ConfUtils.java:logGet(44)) - raft.server.sleep.deviation.threshold = 300ms (default)
2022-05-17 16:32:16,077 [pool-68-thread-1] INFO  server.RaftServerConfigKeys (ConfUtils.java:logGet(44)) - raft.server.log.appender.install.snapshot.enabled = false (custom)
2022-05-17 16:32:16,077 [pool-68-thread-1] INFO  server.RaftServer$Division (ServerState.java:<init>(105)) - 72e0ceb9-5347-471d-a209-f354019d6861@group-EE3C833659ED: ConfigurationManager, init=-1: [8099edad-facc-4fde-86f3-de93d0423d36|rpc:10.1.0.54:46435|priority:0, 578b5bcf-dcdc-45ef-8ff1-e5518e85146b|rpc:10.1.0.54:43863|priority:0, 72e0ceb9-5347-471d-a209-f354019d6861|rpc:10.1.0.54:42115|priority:1], old=null, confs=<EMPTY_MAP>
2022-05-17 16:32:16,077 [pool-68-thread-1] INFO  server.RaftServerConfigKeys (ConfUtils.java:logGet(44)) - raft.server.storage.dir = [/home/runner/work/ozone/ozone/hadoop-ozone/integration-test/target/test-dir/MiniOzoneClusterImpl-2a2cfd2a-819c-401a-9122-e0f1e4685d97/datanode-0/data/ratis] (custom)
2022-05-17 16:32:16,078 [pool-68-thread-1] INFO  server.RaftServerConfigKeys (ConfUtils.java:logGet(44)) - raft.server.log.corruption.policy = EXCEPTION (default)
2022-05-17 16:32:16,078 [pool-68-thread-1] INFO  server.RaftServerConfigKeys (ConfUtils.java:logGet(44)) - raft.server.storage.free-space.min = 0MB (=0) (default)
2022-05-17 16:32:16,078 [pool-68-thread-1] INFO  storage.RaftStorageDirectory (RaftStorageDirectoryImpl.java:analyzeStorage(135)) - The storage directory /home/runner/work/ozone/ozone/hadoop-ozone/integration-test/target/test-dir/MiniOzoneClusterImpl-2a2cfd2a-819c-401a-9122-e0f1e4685d97/datanode-0/data/ratis/63c2ed9f-624e-4b3d-9796-ee3c833659ed does not exist. Creating ...
2022-05-17 16:32:16,079 [pool-68-thread-1] INFO  storage.RaftStorageDirectory (RaftStorageDirectoryImpl.java:tryLock(230)) - Lock on /home/runner/work/ozone/ozone/hadoop-ozone/integration-test/target/test-dir/MiniOzoneClusterImpl-2a2cfd2a-819c-401a-9122-e0f1e4685d97/datanode-0/data/ratis/63c2ed9f-624e-4b3d-9796-ee3c833659ed/in_use.lock acquired by nodename 17133@fv-az297-879
2022-05-17 16:32:16,082 [pool-68-thread-1] INFO  storage.RaftStorage (RaftStorageImpl.java:format(89)) - Storage directory /home/runner/work/ozone/ozone/hadoop-ozone/integration-test/target/test-dir/MiniOzoneClusterImpl-2a2cfd2a-819c-401a-9122-e0f1e4685d97/datanode-0/data/ratis/63c2ed9f-624e-4b3d-9796-ee3c833659ed has been successfully formatted.
2022-05-17 16:32:16,082 [pool-68-thread-1] INFO  ratis.ContainerStateMachine (ContainerStateMachine.java:loadSnapshot(236)) - group-EE3C833659ED: The snapshot info is null. Setting the last applied indexto:(t:0, i:~)
2022-05-17 16:32:16,082 [pool-68-thread-1] INFO  server.RaftServerConfigKeys (ConfUtils.java:logGet(44)) - raft.server.notification.no-leader.timeout = 300s (custom)
2022-05-17 16:32:16,083 [pool-68-thread-1] INFO  server.RaftServerConfigKeys (ConfUtils.java:logGet(44)) - raft.server.log.use.memory = false (default)
2022-05-17 16:32:16,083 [pool-68-thread-1] INFO  server.RaftServerConfigKeys (ConfUtils.java:logGet(44)) - raft.server.log.purge.gap = 1000000 (custom)
2022-05-17 16:32:16,083 [pool-68-thread-1] INFO  server.RaftServerConfigKeys (ConfUtils.java:logGet(44)) - raft.server.log.appender.buffer.byte-limit = 33554432 (custom)
2022-05-17 16:32:16,083 [pool-68-thread-1] INFO  server.RaftServerConfigKeys (ConfUtils.java:logGet(44)) - raft.server.log.segment.size.max = 1048576 (custom)
2022-05-17 16:32:16,084 [pool-68-thread-1] INFO  server.RaftServerConfigKeys (ConfUtils.java:logGet(44)) - raft.server.log.segment.cache.num.max = 2 (custom)
2022-05-17 16:32:16,084 [pool-68-thread-1] INFO  server.RaftServerConfigKeys (ConfUtils.java:logGet(44)) - raft.server.log.segment.cache.size.max = 200MB (=209715200) (default)
2022-05-17 16:32:16,084 [pool-68-thread-1] INFO  segmented.SegmentedRaftLogWorker (SegmentedRaftLogWorker.java:<init>(182)) - new 72e0ceb9-5347-471d-a209-f354019d6861@group-EE3C833659ED-SegmentedRaftLogWorker for RaftStorageImpl:Storage Directory /home/runner/work/ozone/ozone/hadoop-ozone/integration-test/target/test-dir/MiniOzoneClusterImpl-2a2cfd2a-819c-401a-9122-e0f1e4685d97/datanode-0/data/ratis/63c2ed9f-624e-4b3d-9796-ee3c833659ed
2022-05-17 16:32:16,084 [pool-68-thread-1] INFO  server.RaftServerConfigKeys (ConfUtils.java:logGet(44)) - raft.server.log.queue.byte-limit = 4294967296 (custom)
2022-05-17 16:32:16,084 [pool-68-thread-1] INFO  server.RaftServerConfigKeys (ConfUtils.java:logGet(44)) - raft.server.log.queue.element-limit = 1024 (custom)
2022-05-17 16:32:16,084 [pool-68-thread-1] INFO  server.RaftServerConfigKeys (ConfUtils.java:logGet(44)) - raft.server.log.segment.size.max = 1048576 (custom)
2022-05-17 16:32:16,084 [pool-68-thread-1] INFO  server.RaftServerConfigKeys (ConfUtils.java:logGet(44)) - raft.server.log.preallocated.size = 16384 (custom)
2022-05-17 16:32:16,085 [pool-68-thread-1] INFO  server.RaftServerConfigKeys (ConfUtils.java:logGet(44)) - raft.server.log.force.sync.num = 128 (default)
2022-05-17 16:32:16,086 [pool-68-thread-1] INFO  server.RaftServerConfigKeys (ConfUtils.java:logGet(44)) - raft.server.log.statemachine.data.sync = true (default)
2022-05-17 16:32:16,086 [pool-68-thread-1] INFO  server.RaftServerConfigKeys (ConfUtils.java:logGet(44)) - raft.server.log.statemachine.data.sync.timeout = 10s (default)
2022-05-17 16:32:16,086 [pool-68-thread-1] INFO  server.RaftServerConfigKeys (ConfUtils.java:logGet(44)) - raft.server.log.statemachine.data.sync.timeout.retry = -1 (default)
2022-05-17 16:32:16,099 [pool-68-thread-1] INFO  server.RaftServerConfigKeys (ConfUtils.java:logGet(44)) - raft.server.log.write.buffer.size = 1048576 (custom)
2022-05-17 16:32:16,100 [pool-68-thread-1] INFO  server.RaftServerConfigKeys (ConfUtils.java:logGet(44)) - raft.server.log.statemachine.data.caching.enabled = true (custom)
2022-05-17 16:32:16,100 [pool-68-thread-1] INFO  segmented.SegmentedRaftLogWorker (SegmentedRaftLogWorker.java:lambda$new$0(133)) - 72e0ceb9-5347-471d-a209-f354019d6861@group-EE3C833659ED-SegmentedRaftLogWorker: flushIndex: setUnconditionally 0 -> -1
2022-05-17 16:32:16,100 [pool-68-thread-1] INFO  segmented.SegmentedRaftLogWorker (SegmentedRaftLogWorker.java:lambda$new$0(133)) - 72e0ceb9-5347-471d-a209-f354019d6861@group-EE3C833659ED-SegmentedRaftLogWorker: safeCacheEvictIndex: setUnconditionally 0 -> -1
2022-05-17 16:32:16,091 [EventQueue-OpenPipelineForHealthyPipelineSafeModeRule] INFO  safemode.SCMSafeModeManager (HealthyPipelineSafeModeRule.java:process(124)) - SCM in safe mode. Healthy pipelines reported count is 0, required healthy pipeline reported count is 1
2022-05-17 16:32:16,105 [pool-68-thread-1] INFO  server.RaftServerConfigKeys (ConfUtils.java:logGet(44)) - raft.server.snapshot.auto.trigger.enabled = true (custom)
2022-05-17 16:32:16,106 [pool-68-thread-1] INFO  server.RaftServerConfigKeys (ConfUtils.java:logGet(44)) - raft.server.snapshot.auto.trigger.threshold = 10000 (custom)
2022-05-17 16:32:16,106 [pool-68-thread-1] INFO  server.RaftServerConfigKeys (ConfUtils.java:logGet(44)) - raft.server.snapshot.retention.file.num = 5 (custom)
2022-05-17 16:32:16,106 [pool-68-thread-1] INFO  server.RaftServerConfigKeys (ConfUtils.java:logGet(44)) - raft.server.log.purge.upto.snapshot.index = false (default)
2022-05-17 16:32:16,106 [pool-68-thread-1] INFO  server.RaftServerConfigKeys (ConfUtils.java:logGet(44)) - raft.server.retrycache.expirytime = 600000ms (custom)
2022-05-17 16:32:16,106 [pool-68-thread-1] INFO  server.RaftServerConfigKeys (ConfUtils.java:logGet(44)) - raft.server.retrycache.statistics.expirytime = 100μs (default)
2022-05-17 16:32:16,108 [pool-68-thread-1] INFO  server.RaftServer$Division (RaftServerImpl.java:start(301)) - 72e0ceb9-5347-471d-a209-f354019d6861@group-EE3C833659ED: start as a follower, conf=-1: [8099edad-facc-4fde-86f3-de93d0423d36|rpc:10.1.0.54:46435|priority:0, 578b5bcf-dcdc-45ef-8ff1-e5518e85146b|rpc:10.1.0.54:43863|priority:0, 72e0ceb9-5347-471d-a209-f354019d6861|rpc:10.1.0.54:42115|priority:1], old=null
2022-05-17 16:32:16,108 [pool-68-thread-1] INFO  server.RaftServer$Division (RaftServerImpl.java:setRole(290)) - 72e0ceb9-5347-471d-a209-f354019d6861@group-EE3C833659ED: changes role from      null to FOLLOWER at term 0 for startAsFollower
2022-05-17 16:32:16,108 [pool-68-thread-1] INFO  impl.RoleInfo (RoleInfo.java:updateAndGet(130)) - 72e0ceb9-5347-471d-a209-f354019d6861: start 72e0ceb9-5347-471d-a209-f354019d6861@group-EE3C833659ED-FollowerState
2022-05-17 16:32:16,111 [pool-68-thread-1] INFO  util.JmxRegister (JmxRegister.java:tryRegister(44)) - Successfully registered JMX Bean with object name Ratis:service=RaftServer,group=group-EE3C833659ED,id=72e0ceb9-5347-471d-a209-f354019d6861
2022-05-17 16:32:16,122 [Command processor thread] INFO  ratis.XceiverServerRatis (XceiverServerRatis.java:addGroup(765)) - Created group PipelineID=63c2ed9f-624e-4b3d-9796-ee3c833659ed
2022-05-17 16:32:16,123 [Command processor thread] INFO  commandhandler.CreatePipelineCommandHandler (CreatePipelineCommandHandler.java:handle(113)) - Created Pipeline RATIS THREE PipelineID=38cf0d24-7c1c-4c96-84da-921d5e5575bb.
2022-05-17 16:32:16,123 [Command processor thread] INFO  server.RaftServer (RaftServerProxy.java:addNew(95)) - 8099edad-facc-4fde-86f3-de93d0423d36: addNew group-EE3C833659ED:[8099edad-facc-4fde-86f3-de93d0423d36|rpc:10.1.0.54:46435|priority:0, 578b5bcf-dcdc-45ef-8ff1-e5518e85146b|rpc:10.1.0.54:43863|priority:0, 72e0ceb9-5347-471d-a209-f354019d6861|rpc:10.1.0.54:42115|priority:1] returns group-EE3C833659ED:java.util.concurrent.CompletableFuture@7af0d9d4[Not completed]
2022-05-17 16:32:16,125 [pool-90-thread-1] INFO  server.RaftServer$Division (RaftServerImpl.java:<init>(184)) - 8099edad-facc-4fde-86f3-de93d0423d36: new RaftServerImpl for group-EE3C833659ED:[8099edad-facc-4fde-86f3-de93d0423d36|rpc:10.1.0.54:46435|priority:0, 578b5bcf-dcdc-45ef-8ff1-e5518e85146b|rpc:10.1.0.54:43863|priority:0, 72e0ceb9-5347-471d-a209-f354019d6861|rpc:10.1.0.54:42115|priority:1] with ContainerStateMachine:uninitialized
2022-05-17 16:32:16,125 [pool-90-thread-1] INFO  server.RaftServerConfigKeys (ConfUtils.java:logGet(44)) - raft.server.rpc.timeout.min = 5s (custom)
2022-05-17 16:32:16,125 [pool-90-thread-1] INFO  server.RaftServerConfigKeys (ConfUtils.java:logGet(44)) - raft.server.rpc.timeout.max = 5200ms (custom)
2022-05-17 16:32:16,125 [pool-90-thread-1] INFO  server.RaftServerConfigKeys (ConfUtils.java:logGet(44)) - raft.server.rpc.sleep.time = 25ms (default)
2022-05-17 16:32:16,125 [pool-90-thread-1] INFO  server.RaftServerConfigKeys (ConfUtils.java:logGet(44)) - raft.server.rpc.slowness.timeout = 300s (custom)
2022-05-17 16:32:16,125 [pool-90-thread-1] INFO  server.RaftServerConfigKeys (ConfUtils.java:logGet(44)) - raft.server.leaderelection.leader.step-down.wait-time = 10s (default)
2022-05-17 16:32:16,125 [pool-90-thread-1] INFO  server.RaftServerConfigKeys (ConfUtils.java:logGet(44)) - raft.server.sleep.deviation.threshold = 300ms (default)
2022-05-17 16:32:16,125 [pool-90-thread-1] INFO  server.RaftServerConfigKeys (ConfUtils.java:logGet(44)) - raft.server.log.appender.install.snapshot.enabled = false (custom)
2022-05-17 16:32:16,126 [pool-90-thread-1] INFO  server.RaftServer$Division (ServerState.java:<init>(105)) - 8099edad-facc-4fde-86f3-de93d0423d36@group-EE3C833659ED: ConfigurationManager, init=-1: [8099edad-facc-4fde-86f3-de93d0423d36|rpc:10.1.0.54:46435|priority:0, 578b5bcf-dcdc-45ef-8ff1-e5518e85146b|rpc:10.1.0.54:43863|priority:0, 72e0ceb9-5347-471d-a209-f354019d6861|rpc:10.1.0.54:42115|priority:1], old=null, confs=<EMPTY_MAP>
2022-05-17 16:32:16,126 [pool-90-thread-1] INFO  server.RaftServerConfigKeys (ConfUtils.java:logGet(44)) - raft.server.storage.dir = [/home/runner/work/ozone/ozone/hadoop-ozone/integration-test/target/test-dir/MiniOzoneClusterImpl-2a2cfd2a-819c-401a-9122-e0f1e4685d97/datanode-1/data/ratis] (custom)
2022-05-17 16:32:16,126 [pool-90-thread-1] INFO  server.RaftServerConfigKeys (ConfUtils.java:logGet(44)) - raft.server.log.corruption.policy = EXCEPTION (default)
2022-05-17 16:32:16,126 [pool-90-thread-1] INFO  server.RaftServerConfigKeys (ConfUtils.java:logGet(44)) - raft.server.storage.free-space.min = 0MB (=0) (default)
2022-05-17 16:32:16,126 [pool-90-thread-1] INFO  storage.RaftStorageDirectory (RaftStorageDirectoryImpl.java:analyzeStorage(135)) - The storage directory /home/runner/work/ozone/ozone/hadoop-ozone/integration-test/target/test-dir/MiniOzoneClusterImpl-2a2cfd2a-819c-401a-9122-e0f1e4685d97/datanode-1/data/ratis/63c2ed9f-624e-4b3d-9796-ee3c833659ed does not exist. Creating ...
2022-05-17 16:32:16,128 [pool-90-thread-1] INFO  storage.RaftStorageDirectory (RaftStorageDirectoryImpl.java:tryLock(230)) - Lock on /home/runner/work/ozone/ozone/hadoop-ozone/integration-test/target/test-dir/MiniOzoneClusterImpl-2a2cfd2a-819c-401a-9122-e0f1e4685d97/datanode-1/data/ratis/63c2ed9f-624e-4b3d-9796-ee3c833659ed/in_use.lock acquired by nodename 17133@fv-az297-879
2022-05-17 16:32:16,129 [pool-90-thread-1] INFO  storage.RaftStorage (RaftStorageImpl.java:format(89)) - Storage directory /home/runner/work/ozone/ozone/hadoop-ozone/integration-test/target/test-dir/MiniOzoneClusterImpl-2a2cfd2a-819c-401a-9122-e0f1e4685d97/datanode-1/data/ratis/63c2ed9f-624e-4b3d-9796-ee3c833659ed has been successfully formatted.
2022-05-17 16:32:16,130 [pool-90-thread-1] INFO  ratis.ContainerStateMachine (ContainerStateMachine.java:loadSnapshot(236)) - group-EE3C833659ED: The snapshot info is null. Setting the last applied indexto:(t:0, i:~)
2022-05-17 16:32:16,130 [pool-90-thread-1] INFO  server.RaftServerConfigKeys (ConfUtils.java:logGet(44)) - raft.server.notification.no-leader.timeout = 300s (custom)
2022-05-17 16:32:16,130 [pool-90-thread-1] INFO  server.RaftServerConfigKeys (ConfUtils.java:logGet(44)) - raft.server.log.use.memory = false (default)
2022-05-17 16:32:16,130 [pool-90-thread-1] INFO  server.RaftServerConfigKeys (ConfUtils.java:logGet(44)) - raft.server.log.purge.gap = 1000000 (custom)
2022-05-17 16:32:16,130 [pool-90-thread-1] INFO  server.RaftServerConfigKeys (ConfUtils.java:logGet(44)) - raft.server.log.appender.buffer.byte-limit = 33554432 (custom)
2022-05-17 16:32:16,130 [pool-90-thread-1] INFO  server.RaftServerConfigKeys (ConfUtils.java:logGet(44)) - raft.server.log.segment.size.max = 1048576 (custom)
2022-05-17 16:32:16,131 [pool-90-thread-1] INFO  server.RaftServerConfigKeys (ConfUtils.java:logGet(44)) - raft.server.log.segment.cache.num.max = 2 (custom)
2022-05-17 16:32:16,131 [pool-90-thread-1] INFO  server.RaftServerConfigKeys (ConfUtils.java:logGet(44)) - raft.server.log.segment.cache.size.max = 200MB (=209715200) (default)
2022-05-17 16:32:16,131 [pool-90-thread-1] INFO  segmented.SegmentedRaftLogWorker (SegmentedRaftLogWorker.java:<init>(182)) - new 8099edad-facc-4fde-86f3-de93d0423d36@group-EE3C833659ED-SegmentedRaftLogWorker for RaftStorageImpl:Storage Directory /home/runner/work/ozone/ozone/hadoop-ozone/integration-test/target/test-dir/MiniOzoneClusterImpl-2a2cfd2a-819c-401a-9122-e0f1e4685d97/datanode-1/data/ratis/63c2ed9f-624e-4b3d-9796-ee3c833659ed
2022-05-17 16:32:16,131 [pool-90-thread-1] INFO  server.RaftServerConfigKeys (ConfUtils.java:logGet(44)) - raft.server.log.queue.byte-limit = 4294967296 (custom)
2022-05-17 16:32:16,131 [pool-90-thread-1] INFO  server.RaftServerConfigKeys (ConfUtils.java:logGet(44)) - raft.server.log.queue.element-limit = 1024 (custom)
2022-05-17 16:32:16,131 [pool-90-thread-1] INFO  server.RaftServerConfigKeys (ConfUtils.java:logGet(44)) - raft.server.log.segment.size.max = 1048576 (custom)
2022-05-17 16:32:16,131 [pool-90-thread-1] INFO  server.RaftServerConfigKeys (ConfUtils.java:logGet(44)) - raft.server.log.preallocated.size = 16384 (custom)
2022-05-17 16:32:16,131 [pool-90-thread-1] INFO  server.RaftServerConfigKeys (ConfUtils.java:logGet(44)) - raft.server.log.force.sync.num = 128 (default)
2022-05-17 16:32:16,131 [pool-90-thread-1] INFO  server.RaftServerConfigKeys (ConfUtils.java:logGet(44)) - raft.server.log.statemachine.data.sync = true (default)
2022-05-17 16:32:16,131 [pool-90-thread-1] INFO  server.RaftServerConfigKeys (ConfUtils.java:logGet(44)) - raft.server.log.statemachine.data.sync.timeout = 10s (default)
2022-05-17 16:32:16,132 [pool-90-thread-1] INFO  server.RaftServerConfigKeys (ConfUtils.java:logGet(44)) - raft.server.log.statemachine.data.sync.timeout.retry = -1 (default)
2022-05-17 16:32:16,133 [pool-90-thread-1] INFO  server.RaftServerConfigKeys (ConfUtils.java:logGet(44)) - raft.server.log.write.buffer.size = 1048576 (custom)
2022-05-17 16:32:16,133 [pool-90-thread-1] INFO  server.RaftServerConfigKeys (ConfUtils.java:logGet(44)) - raft.server.log.statemachine.data.caching.enabled = true (custom)
2022-05-17 16:32:16,133 [pool-90-thread-1] INFO  segmented.SegmentedRaftLogWorker (SegmentedRaftLogWorker.java:lambda$new$0(133)) - 8099edad-facc-4fde-86f3-de93d0423d36@group-EE3C833659ED-SegmentedRaftLogWorker: flushIndex: setUnconditionally 0 -> -1
2022-05-17 16:32:16,133 [pool-90-thread-1] INFO  segmented.SegmentedRaftLogWorker (SegmentedRaftLogWorker.java:lambda$new$0(133)) - 8099edad-facc-4fde-86f3-de93d0423d36@group-EE3C833659ED-SegmentedRaftLogWorker: safeCacheEvictIndex: setUnconditionally 0 -> -1
2022-05-17 16:32:16,143 [pool-90-thread-1] INFO  server.RaftServerConfigKeys (ConfUtils.java:logGet(44)) - raft.server.snapshot.auto.trigger.enabled = true (custom)
2022-05-17 16:32:16,143 [pool-90-thread-1] INFO  server.RaftServerConfigKeys (ConfUtils.java:logGet(44)) - raft.server.snapshot.auto.trigger.threshold = 10000 (custom)
2022-05-17 16:32:16,143 [pool-90-thread-1] INFO  server.RaftServerConfigKeys (ConfUtils.java:logGet(44)) - raft.server.snapshot.retention.file.num = 5 (custom)
2022-05-17 16:32:16,144 [pool-90-thread-1] INFO  server.RaftServerConfigKeys (ConfUtils.java:logGet(44)) - raft.server.log.purge.upto.snapshot.index = false (default)
2022-05-17 16:32:16,144 [pool-90-thread-1] INFO  server.RaftServerConfigKeys (ConfUtils.java:logGet(44)) - raft.server.retrycache.expirytime = 600000ms (custom)
2022-05-17 16:32:16,144 [pool-90-thread-1] INFO  server.RaftServerConfigKeys (ConfUtils.java:logGet(44)) - raft.server.retrycache.statistics.expirytime = 100μs (default)
2022-05-17 16:32:16,145 [EventQueue-OpenPipelineForHealthyPipelineSafeModeRule] INFO  safemode.SCMSafeModeManager (HealthyPipelineSafeModeRule.java:process(124)) - SCM in safe mode. Healthy pipelines reported count is 0, required healthy pipeline reported count is 1
2022-05-17 16:32:16,146 [pool-90-thread-1] INFO  server.RaftServer$Division (RaftServerImpl.java:start(301)) - 8099edad-facc-4fde-86f3-de93d0423d36@group-EE3C833659ED: start as a follower, conf=-1: [8099edad-facc-4fde-86f3-de93d0423d36|rpc:10.1.0.54:46435|priority:0, 578b5bcf-dcdc-45ef-8ff1-e5518e85146b|rpc:10.1.0.54:43863|priority:0, 72e0ceb9-5347-471d-a209-f354019d6861|rpc:10.1.0.54:42115|priority:1], old=null
2022-05-17 16:32:16,146 [pool-90-thread-1] INFO  server.RaftServer$Division (RaftServerImpl.java:setRole(290)) - 8099edad-facc-4fde-86f3-de93d0423d36@group-EE3C833659ED: changes role from      null to FOLLOWER at term 0 for startAsFollower
2022-05-17 16:32:16,146 [pool-90-thread-1] INFO  impl.RoleInfo (RoleInfo.java:updateAndGet(130)) - 8099edad-facc-4fde-86f3-de93d0423d36: start 8099edad-facc-4fde-86f3-de93d0423d36@group-EE3C833659ED-FollowerState
2022-05-17 16:32:16,147 [pool-90-thread-1] INFO  util.JmxRegister (JmxRegister.java:tryRegister(44)) - Successfully registered JMX Bean with object name Ratis:service=RaftServer,group=group-EE3C833659ED,id=8099edad-facc-4fde-86f3-de93d0423d36
2022-05-17 16:32:16,148 [Command processor thread] INFO  ratis.XceiverServerRatis (XceiverServerRatis.java:addGroup(765)) - Created group PipelineID=63c2ed9f-624e-4b3d-9796-ee3c833659ed
2022-05-17 16:32:16,173 [Listener at 127.0.0.1/41559] INFO  ozone.MiniOzoneClusterImpl (MiniOzoneClusterImpl.java:lambda$waitForClusterToBeReady$0(221)) - Nodes are ready. Got 3 of 3 DN Heartbeats.
2022-05-17 16:32:16,173 [Listener at 127.0.0.1/41559] INFO  ozone.MiniOzoneClusterImpl (MiniOzoneClusterImpl.java:lambda$waitForClusterToBeReady$0(224)) - Waiting for cluster to exit safe mode
2022-05-17 16:32:16,174 [Listener at 127.0.0.1/41559] INFO  ozone.MiniOzoneClusterImpl (MiniOzoneClusterImpl.java:lambda$waitForClusterToBeReady$0(226)) - SCM became leader
2022-05-17 16:32:16,179 [Command processor thread] INFO  server.RaftServer (RaftServerProxy.java:addNew(95)) - 578b5bcf-dcdc-45ef-8ff1-e5518e85146b: addNew group-602123666C26:[578b5bcf-dcdc-45ef-8ff1-e5518e85146b|rpc:10.1.0.54:43863|priority:1] returns group-602123666C26:java.util.concurrent.CompletableFuture@547130aa[Not completed]
2022-05-17 16:32:16,180 [pool-112-thread-1] INFO  server.RaftServer$Division (RaftServerImpl.java:<init>(184)) - 578b5bcf-dcdc-45ef-8ff1-e5518e85146b: new RaftServerImpl for group-602123666C26:[578b5bcf-dcdc-45ef-8ff1-e5518e85146b|rpc:10.1.0.54:43863|priority:1] with ContainerStateMachine:uninitialized
2022-05-17 16:32:16,180 [pool-112-thread-1] INFO  server.RaftServerConfigKeys (ConfUtils.java:logGet(44)) - raft.server.rpc.timeout.min = 5s (custom)
2022-05-17 16:32:16,181 [pool-112-thread-1] INFO  server.RaftServerConfigKeys (ConfUtils.java:logGet(44)) - raft.server.rpc.timeout.max = 5200ms (custom)
2022-05-17 16:32:16,181 [pool-112-thread-1] INFO  server.RaftServerConfigKeys (ConfUtils.java:logGet(44)) - raft.server.rpc.sleep.time = 25ms (default)
2022-05-17 16:32:16,181 [pool-112-thread-1] INFO  server.RaftServerConfigKeys (ConfUtils.java:logGet(44)) - raft.server.rpc.slowness.timeout = 300s (custom)
2022-05-17 16:32:16,181 [pool-112-thread-1] INFO  server.RaftServerConfigKeys (ConfUtils.java:logGet(44)) - raft.server.leaderelection.leader.step-down.wait-time = 10s (default)
2022-05-17 16:32:16,181 [pool-112-thread-1] INFO  server.RaftServerConfigKeys (ConfUtils.java:logGet(44)) - raft.server.sleep.deviation.threshold = 300ms (default)
2022-05-17 16:32:16,181 [pool-112-thread-1] INFO  server.RaftServerConfigKeys (ConfUtils.java:logGet(44)) - raft.server.log.appender.install.snapshot.enabled = false (custom)
2022-05-17 16:32:16,181 [pool-112-thread-1] INFO  server.RaftServer$Division (ServerState.java:<init>(105)) - 578b5bcf-dcdc-45ef-8ff1-e5518e85146b@group-602123666C26: ConfigurationManager, init=-1: [578b5bcf-dcdc-45ef-8ff1-e5518e85146b|rpc:10.1.0.54:43863|priority:1], old=null, confs=<EMPTY_MAP>
2022-05-17 16:32:16,181 [pool-112-thread-1] INFO  server.RaftServerConfigKeys (ConfUtils.java:logGet(44)) - raft.server.storage.dir = [/home/runner/work/ozone/ozone/hadoop-ozone/integration-test/target/test-dir/MiniOzoneClusterImpl-2a2cfd2a-819c-401a-9122-e0f1e4685d97/datanode-2/data/ratis] (custom)
2022-05-17 16:32:16,182 [pool-112-thread-1] INFO  server.RaftServerConfigKeys (ConfUtils.java:logGet(44)) - raft.server.log.corruption.policy = EXCEPTION (default)
2022-05-17 16:32:16,182 [pool-112-thread-1] INFO  server.RaftServerConfigKeys (ConfUtils.java:logGet(44)) - raft.server.storage.free-space.min = 0MB (=0) (default)
2022-05-17 16:32:16,182 [pool-112-thread-1] INFO  storage.RaftStorageDirectory (RaftStorageDirectoryImpl.java:analyzeStorage(135)) - The storage directory /home/runner/work/ozone/ozone/hadoop-ozone/integration-test/target/test-dir/MiniOzoneClusterImpl-2a2cfd2a-819c-401a-9122-e0f1e4685d97/datanode-2/data/ratis/becbc762-24a8-4224-8f27-602123666c26 does not exist. Creating ...
2022-05-17 16:32:16,184 [pool-112-thread-1] INFO  storage.RaftStorageDirectory (RaftStorageDirectoryImpl.java:tryLock(230)) - Lock on /home/runner/work/ozone/ozone/hadoop-ozone/integration-test/target/test-dir/MiniOzoneClusterImpl-2a2cfd2a-819c-401a-9122-e0f1e4685d97/datanode-2/data/ratis/becbc762-24a8-4224-8f27-602123666c26/in_use.lock acquired by nodename 17133@fv-az297-879
2022-05-17 16:32:16,190 [pool-112-thread-1] INFO  storage.RaftStorage (RaftStorageImpl.java:format(89)) - Storage directory /home/runner/work/ozone/ozone/hadoop-ozone/integration-test/target/test-dir/MiniOzoneClusterImpl-2a2cfd2a-819c-401a-9122-e0f1e4685d97/datanode-2/data/ratis/becbc762-24a8-4224-8f27-602123666c26 has been successfully formatted.
2022-05-17 16:32:16,192 [pool-112-thread-1] INFO  ratis.ContainerStateMachine (ContainerStateMachine.java:loadSnapshot(236)) - group-602123666C26: The snapshot info is null. Setting the last applied indexto:(t:0, i:~)
2022-05-17 16:32:16,192 [pool-112-thread-1] INFO  server.RaftServerConfigKeys (ConfUtils.java:logGet(44)) - raft.server.notification.no-leader.timeout = 300s (custom)
2022-05-17 16:32:16,192 [pool-112-thread-1] INFO  server.RaftServerConfigKeys (ConfUtils.java:logGet(44)) - raft.server.log.use.memory = false (default)
2022-05-17 16:32:16,193 [pool-112-thread-1] INFO  server.RaftServerConfigKeys (ConfUtils.java:logGet(44)) - raft.server.log.purge.gap = 1000000 (custom)
2022-05-17 16:32:16,193 [pool-112-thread-1] INFO  server.RaftServerConfigKeys (ConfUtils.java:logGet(44)) - raft.server.log.appender.buffer.byte-limit = 33554432 (custom)
2022-05-17 16:32:16,193 [pool-112-thread-1] INFO  server.RaftServerConfigKeys (ConfUtils.java:logGet(44)) - raft.server.log.segment.size.max = 1048576 (custom)
2022-05-17 16:32:16,194 [pool-112-thread-1] INFO  server.RaftServerConfigKeys (ConfUtils.java:logGet(44)) - raft.server.log.segment.cache.num.max = 2 (custom)
2022-05-17 16:32:16,194 [pool-112-thread-1] INFO  server.RaftServerConfigKeys (ConfUtils.java:logGet(44)) - raft.server.log.segment.cache.size.max = 200MB (=209715200) (default)
2022-05-17 16:32:16,194 [pool-112-thread-1] INFO  segmented.SegmentedRaftLogWorker (SegmentedRaftLogWorker.java:<init>(182)) - new 578b5bcf-dcdc-45ef-8ff1-e5518e85146b@group-602123666C26-SegmentedRaftLogWorker for RaftStorageImpl:Storage Directory /home/runner/work/ozone/ozone/hadoop-ozone/integration-test/target/test-dir/MiniOzoneClusterImpl-2a2cfd2a-819c-401a-9122-e0f1e4685d97/datanode-2/data/ratis/becbc762-24a8-4224-8f27-602123666c26
2022-05-17 16:32:16,194 [pool-112-thread-1] INFO  server.RaftServerConfigKeys (ConfUtils.java:logGet(44)) - raft.server.log.queue.byte-limit = 4294967296 (custom)
2022-05-17 16:32:16,199 [pool-112-thread-1] INFO  server.RaftServerConfigKeys (ConfUtils.java:logGet(44)) - raft.server.log.queue.element-limit = 1024 (custom)
2022-05-17 16:32:16,200 [pool-112-thread-1] INFO  server.RaftServerConfigKeys (ConfUtils.java:logGet(44)) - raft.server.log.segment.size.max = 1048576 (custom)
2022-05-17 16:32:16,200 [pool-112-thread-1] INFO  server.RaftServerConfigKeys (ConfUtils.java:logGet(44)) - raft.server.log.preallocated.size = 16384 (custom)
2022-05-17 16:32:16,200 [pool-112-thread-1] INFO  server.RaftServerConfigKeys (ConfUtils.java:logGet(44)) - raft.server.log.force.sync.num = 128 (default)
2022-05-17 16:32:16,200 [pool-112-thread-1] INFO  server.RaftServerConfigKeys (ConfUtils.java:logGet(44)) - raft.server.log.statemachine.data.sync = true (default)
2022-05-17 16:32:16,200 [pool-112-thread-1] INFO  server.RaftServerConfigKeys (ConfUtils.java:logGet(44)) - raft.server.log.statemachine.data.sync.timeout = 10s (default)
2022-05-17 16:32:16,200 [pool-112-thread-1] INFO  server.RaftServerConfigKeys (ConfUtils.java:logGet(44)) - raft.server.log.statemachine.data.sync.timeout.retry = -1 (default)
2022-05-17 16:32:16,200 [EventQueue-PipelineReportForPipelineReportHandler] INFO  pipeline.PipelineManagerImpl (PipelineManagerImpl.java:openPipeline(336)) - Pipeline Pipeline[ Id: becbc762-24a8-4224-8f27-602123666c26, Nodes: 578b5bcf-dcdc-45ef-8ff1-e5518e85146b{ip: 10.1.0.54, host: fv-az297-879.nmf1rxwemy4u5di1sxxf4ejcwb.jx.internal.cloudapp.net, ports: [REPLICATION=33653, RATIS=43863, RATIS_ADMIN=43863, RATIS_SERVER=43863, STANDALONE=44623], networkLocation: /default-rack, certSerialId: null, persistedOpState: IN_SERVICE, persistedOpStateExpiryEpochSec: 0}, ReplicationConfig: RATIS/ONE, State:ALLOCATED, leaderId:578b5bcf-dcdc-45ef-8ff1-e5518e85146b, CreationTimestamp2022-05-17T16:32:13.182Z[Etc/UTC]] moved to OPEN state
2022-05-17 16:32:16,201 [EventQueue-OpenPipelineForHealthyPipelineSafeModeRule] INFO  safemode.SCMSafeModeManager (HealthyPipelineSafeModeRule.java:process(124)) - SCM in safe mode. Healthy pipelines reported count is 0, required healthy pipeline reported count is 1
2022-05-17 16:32:16,201 [pool-112-thread-1] INFO  server.RaftServerConfigKeys (ConfUtils.java:logGet(44)) - raft.server.log.write.buffer.size = 1048576 (custom)
2022-05-17 16:32:16,203 [pool-112-thread-1] INFO  server.RaftServerConfigKeys (ConfUtils.java:logGet(44)) - raft.server.log.statemachine.data.caching.enabled = true (custom)
2022-05-17 16:32:16,203 [pool-112-thread-1] INFO  segmented.SegmentedRaftLogWorker (SegmentedRaftLogWorker.java:lambda$new$0(133)) - 578b5bcf-dcdc-45ef-8ff1-e5518e85146b@group-602123666C26-SegmentedRaftLogWorker: flushIndex: setUnconditionally 0 -> -1
2022-05-17 16:32:16,203 [pool-112-thread-1] INFO  segmented.SegmentedRaftLogWorker (SegmentedRaftLogWorker.java:lambda$new$0(133)) - 578b5bcf-dcdc-45ef-8ff1-e5518e85146b@group-602123666C26-SegmentedRaftLogWorker: safeCacheEvictIndex: setUnconditionally 0 -> -1
2022-05-17 16:32:16,204 [pool-112-thread-1] INFO  server.RaftServerConfigKeys (ConfUtils.java:logGet(44)) - raft.server.snapshot.auto.trigger.enabled = true (custom)
2022-05-17 16:32:16,204 [pool-112-thread-1] INFO  server.RaftServerConfigKeys (ConfUtils.java:logGet(44)) - raft.server.snapshot.auto.trigger.threshold = 10000 (custom)
2022-05-17 16:32:16,204 [pool-112-thread-1] INFO  server.RaftServerConfigKeys (ConfUtils.java:logGet(44)) - raft.server.snapshot.retention.file.num = 5 (custom)
2022-05-17 16:32:16,204 [pool-112-thread-1] INFO  server.RaftServerConfigKeys (ConfUtils.java:logGet(44)) - raft.server.log.purge.upto.snapshot.index = false (default)
2022-05-17 16:32:16,204 [pool-112-thread-1] INFO  server.RaftServerConfigKeys (ConfUtils.java:logGet(44)) - raft.server.retrycache.expirytime = 600000ms (custom)
2022-05-17 16:32:16,204 [pool-112-thread-1] INFO  server.RaftServerConfigKeys (ConfUtils.java:logGet(44)) - raft.server.retrycache.statistics.expirytime = 100μs (default)
2022-05-17 16:32:16,206 [pool-112-thread-1] INFO  server.RaftServer$Division (RaftServerImpl.java:start(301)) - 578b5bcf-dcdc-45ef-8ff1-e5518e85146b@group-602123666C26: start as a follower, conf=-1: [578b5bcf-dcdc-45ef-8ff1-e5518e85146b|rpc:10.1.0.54:43863|priority:1], old=null
2022-05-17 16:32:16,206 [pool-112-thread-1] INFO  server.RaftServer$Division (RaftServerImpl.java:setRole(290)) - 578b5bcf-dcdc-45ef-8ff1-e5518e85146b@group-602123666C26: changes role from      null to FOLLOWER at term 0 for startAsFollower
2022-05-17 16:32:16,207 [pool-112-thread-1] INFO  impl.RoleInfo (RoleInfo.java:updateAndGet(130)) - 578b5bcf-dcdc-45ef-8ff1-e5518e85146b: start 578b5bcf-dcdc-45ef-8ff1-e5518e85146b@group-602123666C26-FollowerState
2022-05-17 16:32:16,207 [pool-112-thread-1] INFO  util.JmxRegister (JmxRegister.java:tryRegister(44)) - Successfully registered JMX Bean with object name Ratis:service=RaftServer,group=group-602123666C26,id=578b5bcf-dcdc-45ef-8ff1-e5518e85146b
2022-05-17 16:32:16,214 [Command processor thread] INFO  ratis.XceiverServerRatis (XceiverServerRatis.java:addGroup(765)) - Created group PipelineID=becbc762-24a8-4224-8f27-602123666c26
2022-05-17 16:32:16,214 [Command processor thread] INFO  commandhandler.CreatePipelineCommandHandler (CreatePipelineCommandHandler.java:handle(113)) - Created Pipeline RATIS ONE PipelineID=becbc762-24a8-4224-8f27-602123666c26.
2022-05-17 16:32:16,214 [Command processor thread] INFO  server.RaftServer (RaftServerProxy.java:addNew(95)) - 578b5bcf-dcdc-45ef-8ff1-e5518e85146b: addNew group-EE3C833659ED:[8099edad-facc-4fde-86f3-de93d0423d36|rpc:10.1.0.54:46435|priority:0, 578b5bcf-dcdc-45ef-8ff1-e5518e85146b|rpc:10.1.0.54:43863|priority:0, 72e0ceb9-5347-471d-a209-f354019d6861|rpc:10.1.0.54:42115|priority:1] returns group-EE3C833659ED:java.util.concurrent.CompletableFuture@5ab6d454[Not completed]
2022-05-17 16:32:16,217 [pool-112-thread-1] INFO  server.RaftServer$Division (RaftServerImpl.java:<init>(184)) - 578b5bcf-dcdc-45ef-8ff1-e5518e85146b: new RaftServerImpl for group-EE3C833659ED:[8099edad-facc-4fde-86f3-de93d0423d36|rpc:10.1.0.54:46435|priority:0, 578b5bcf-dcdc-45ef-8ff1-e5518e85146b|rpc:10.1.0.54:43863|priority:0, 72e0ceb9-5347-471d-a209-f354019d6861|rpc:10.1.0.54:42115|priority:1] with ContainerStateMachine:uninitialized
2022-05-17 16:32:16,217 [pool-112-thread-1] INFO  server.RaftServerConfigKeys (ConfUtils.java:logGet(44)) - raft.server.rpc.timeout.min = 5s (custom)
2022-05-17 16:32:16,217 [pool-112-thread-1] INFO  server.RaftServerConfigKeys (ConfUtils.java:logGet(44)) - raft.server.rpc.timeout.max = 5200ms (custom)
2022-05-17 16:32:16,217 [pool-112-thread-1] INFO  server.RaftServerConfigKeys (ConfUtils.java:logGet(44)) - raft.server.rpc.sleep.time = 25ms (default)
2022-05-17 16:32:16,219 [pool-112-thread-1] INFO  server.RaftServerConfigKeys (ConfUtils.java:logGet(44)) - raft.server.rpc.slowness.timeout = 300s (custom)
2022-05-17 16:32:16,219 [pool-112-thread-1] INFO  server.RaftServerConfigKeys (ConfUtils.java:logGet(44)) - raft.server.leaderelection.leader.step-down.wait-time = 10s (default)
2022-05-17 16:32:16,219 [pool-112-thread-1] INFO  server.RaftServerConfigKeys (ConfUtils.java:logGet(44)) - raft.server.sleep.deviation.threshold = 300ms (default)
2022-05-17 16:32:16,219 [pool-112-thread-1] INFO  server.RaftServerConfigKeys (ConfUtils.java:logGet(44)) - raft.server.log.appender.install.snapshot.enabled = false (custom)
2022-05-17 16:32:16,219 [pool-112-thread-1] INFO  server.RaftServer$Division (ServerState.java:<init>(105)) - 578b5bcf-dcdc-45ef-8ff1-e5518e85146b@group-EE3C833659ED: ConfigurationManager, init=-1: [8099edad-facc-4fde-86f3-de93d0423d36|rpc:10.1.0.54:46435|priority:0, 578b5bcf-dcdc-45ef-8ff1-e5518e85146b|rpc:10.1.0.54:43863|priority:0, 72e0ceb9-5347-471d-a209-f354019d6861|rpc:10.1.0.54:42115|priority:1], old=null, confs=<EMPTY_MAP>
2022-05-17 16:32:16,220 [pool-112-thread-1] INFO  server.RaftServerConfigKeys (ConfUtils.java:logGet(44)) - raft.server.storage.dir = [/home/runner/work/ozone/ozone/hadoop-ozone/integration-test/target/test-dir/MiniOzoneClusterImpl-2a2cfd2a-819c-401a-9122-e0f1e4685d97/datanode-2/data/ratis] (custom)
2022-05-17 16:32:16,220 [pool-112-thread-1] INFO  server.RaftServerConfigKeys (ConfUtils.java:logGet(44)) - raft.server.log.corruption.policy = EXCEPTION (default)
2022-05-17 16:32:16,220 [pool-112-thread-1] INFO  server.RaftServerConfigKeys (ConfUtils.java:logGet(44)) - raft.server.storage.free-space.min = 0MB (=0) (default)
2022-05-17 16:32:16,220 [pool-112-thread-1] INFO  storage.RaftStorageDirectory (RaftStorageDirectoryImpl.java:analyzeStorage(135)) - The storage directory /home/runner/work/ozone/ozone/hadoop-ozone/integration-test/target/test-dir/MiniOzoneClusterImpl-2a2cfd2a-819c-401a-9122-e0f1e4685d97/datanode-2/data/ratis/63c2ed9f-624e-4b3d-9796-ee3c833659ed does not exist. Creating ...
2022-05-17 16:32:16,221 [pool-112-thread-1] INFO  storage.RaftStorageDirectory (RaftStorageDirectoryImpl.java:tryLock(230)) - Lock on /home/runner/work/ozone/ozone/hadoop-ozone/integration-test/target/test-dir/MiniOzoneClusterImpl-2a2cfd2a-819c-401a-9122-e0f1e4685d97/datanode-2/data/ratis/63c2ed9f-624e-4b3d-9796-ee3c833659ed/in_use.lock acquired by nodename 17133@fv-az297-879
2022-05-17 16:32:16,223 [pool-112-thread-1] INFO  storage.RaftStorage (RaftStorageImpl.java:format(89)) - Storage directory /home/runner/work/ozone/ozone/hadoop-ozone/integration-test/target/test-dir/MiniOzoneClusterImpl-2a2cfd2a-819c-401a-9122-e0f1e4685d97/datanode-2/data/ratis/63c2ed9f-624e-4b3d-9796-ee3c833659ed has been successfully formatted.
2022-05-17 16:32:16,224 [pool-112-thread-1] INFO  ratis.ContainerStateMachine (ContainerStateMachine.java:loadSnapshot(236)) - group-EE3C833659ED: The snapshot info is null. Setting the last applied indexto:(t:0, i:~)
2022-05-17 16:32:16,224 [pool-112-thread-1] INFO  server.RaftServerConfigKeys (ConfUtils.java:logGet(44)) - raft.server.notification.no-leader.timeout = 300s (custom)
2022-05-17 16:32:16,224 [pool-112-thread-1] INFO  server.RaftServerConfigKeys (ConfUtils.java:logGet(44)) - raft.server.log.use.memory = false (default)
2022-05-17 16:32:16,224 [pool-112-thread-1] INFO  server.RaftServerConfigKeys (ConfUtils.java:logGet(44)) - raft.server.log.purge.gap = 1000000 (custom)
2022-05-17 16:32:16,224 [pool-112-thread-1] INFO  server.RaftServerConfigKeys (ConfUtils.java:logGet(44)) - raft.server.log.appender.buffer.byte-limit = 33554432 (custom)
2022-05-17 16:32:16,225 [pool-112-thread-1] INFO  server.RaftServerConfigKeys (ConfUtils.java:logGet(44)) - raft.server.log.segment.size.max = 1048576 (custom)
2022-05-17 16:32:16,225 [pool-112-thread-1] INFO  server.RaftServerConfigKeys (ConfUtils.java:logGet(44)) - raft.server.log.segment.cache.num.max = 2 (custom)
2022-05-17 16:32:16,225 [pool-112-thread-1] INFO  server.RaftServerConfigKeys (ConfUtils.java:logGet(44)) - raft.server.log.segment.cache.size.max = 200MB (=209715200) (default)
2022-05-17 16:32:16,225 [pool-112-thread-1] INFO  segmented.SegmentedRaftLogWorker (SegmentedRaftLogWorker.java:<init>(182)) - new 578b5bcf-dcdc-45ef-8ff1-e5518e85146b@group-EE3C833659ED-SegmentedRaftLogWorker for RaftStorageImpl:Storage Directory /home/runner/work/ozone/ozone/hadoop-ozone/integration-test/target/test-dir/MiniOzoneClusterImpl-2a2cfd2a-819c-401a-9122-e0f1e4685d97/datanode-2/data/ratis/63c2ed9f-624e-4b3d-9796-ee3c833659ed
2022-05-17 16:32:16,225 [pool-112-thread-1] INFO  server.RaftServerConfigKeys (ConfUtils.java:logGet(44)) - raft.server.log.queue.byte-limit = 4294967296 (custom)
2022-05-17 16:32:16,234 [EventQueue-OpenPipelineForHealthyPipelineSafeModeRule] INFO  safemode.SCMSafeModeManager (HealthyPipelineSafeModeRule.java:process(124)) - SCM in safe mode. Healthy pipelines reported count is 0, required healthy pipeline reported count is 1
2022-05-17 16:32:16,230 [pool-112-thread-1] INFO  server.RaftServerConfigKeys (ConfUtils.java:logGet(44)) - raft.server.log.queue.element-limit = 1024 (custom)
2022-05-17 16:32:16,234 [pool-112-thread-1] INFO  server.RaftServerConfigKeys (ConfUtils.java:logGet(44)) - raft.server.log.segment.size.max = 1048576 (custom)
2022-05-17 16:32:16,235 [pool-112-thread-1] INFO  server.RaftServerConfigKeys (ConfUtils.java:logGet(44)) - raft.server.log.preallocated.size = 16384 (custom)
2022-05-17 16:32:16,235 [pool-112-thread-1] INFO  server.RaftServerConfigKeys (ConfUtils.java:logGet(44)) - raft.server.log.force.sync.num = 128 (default)
2022-05-17 16:32:16,236 [pool-112-thread-1] INFO  server.RaftServerConfigKeys (ConfUtils.java:logGet(44)) - raft.server.log.statemachine.data.sync = true (default)
2022-05-17 16:32:16,236 [pool-112-thread-1] INFO  server.RaftServerConfigKeys (ConfUtils.java:logGet(44)) - raft.server.log.statemachine.data.sync.timeout = 10s (default)
2022-05-17 16:32:16,236 [pool-112-thread-1] INFO  server.RaftServerConfigKeys (ConfUtils.java:logGet(44)) - raft.server.log.statemachine.data.sync.timeout.retry = -1 (default)
2022-05-17 16:32:16,237 [pool-112-thread-1] INFO  server.RaftServerConfigKeys (ConfUtils.java:logGet(44)) - raft.server.log.write.buffer.size = 1048576 (custom)
2022-05-17 16:32:16,237 [pool-112-thread-1] INFO  server.RaftServerConfigKeys (ConfUtils.java:logGet(44)) - raft.server.log.statemachine.data.caching.enabled = true (custom)
2022-05-17 16:32:16,238 [pool-112-thread-1] INFO  segmented.SegmentedRaftLogWorker (SegmentedRaftLogWorker.java:lambda$new$0(133)) - 578b5bcf-dcdc-45ef-8ff1-e5518e85146b@group-EE3C833659ED-SegmentedRaftLogWorker: flushIndex: setUnconditionally 0 -> -1
2022-05-17 16:32:16,238 [pool-112-thread-1] INFO  segmented.SegmentedRaftLogWorker (SegmentedRaftLogWorker.java:lambda$new$0(133)) - 578b5bcf-dcdc-45ef-8ff1-e5518e85146b@group-EE3C833659ED-SegmentedRaftLogWorker: safeCacheEvictIndex: setUnconditionally 0 -> -1
2022-05-17 16:32:16,257 [pool-112-thread-1] INFO  server.RaftServerConfigKeys (ConfUtils.java:logGet(44)) - raft.server.snapshot.auto.trigger.enabled = true (custom)
2022-05-17 16:32:16,257 [pool-112-thread-1] INFO  server.RaftServerConfigKeys (ConfUtils.java:logGet(44)) - raft.server.snapshot.auto.trigger.threshold = 10000 (custom)
2022-05-17 16:32:16,258 [pool-112-thread-1] INFO  server.RaftServerConfigKeys (ConfUtils.java:logGet(44)) - raft.server.snapshot.retention.file.num = 5 (custom)
2022-05-17 16:32:16,258 [pool-112-thread-1] INFO  server.RaftServerConfigKeys (ConfUtils.java:logGet(44)) - raft.server.log.purge.upto.snapshot.index = false (default)
2022-05-17 16:32:16,258 [pool-112-thread-1] INFO  server.RaftServerConfigKeys (ConfUtils.java:logGet(44)) - raft.server.retrycache.expirytime = 600000ms (custom)
2022-05-17 16:32:16,258 [pool-112-thread-1] INFO  server.RaftServerConfigKeys (ConfUtils.java:logGet(44)) - raft.server.retrycache.statistics.expirytime = 100μs (default)
2022-05-17 16:32:16,260 [pool-112-thread-1] INFO  server.RaftServer$Division (RaftServerImpl.java:start(301)) - 578b5bcf-dcdc-45ef-8ff1-e5518e85146b@group-EE3C833659ED: start as a follower, conf=-1: [8099edad-facc-4fde-86f3-de93d0423d36|rpc:10.1.0.54:46435|priority:0, 578b5bcf-dcdc-45ef-8ff1-e5518e85146b|rpc:10.1.0.54:43863|priority:0, 72e0ceb9-5347-471d-a209-f354019d6861|rpc:10.1.0.54:42115|priority:1], old=null
2022-05-17 16:32:16,260 [pool-112-thread-1] INFO  server.RaftServer$Division (RaftServerImpl.java:setRole(290)) - 578b5bcf-dcdc-45ef-8ff1-e5518e85146b@group-EE3C833659ED: changes role from      null to FOLLOWER at term 0 for startAsFollower
2022-05-17 16:32:16,260 [pool-112-thread-1] INFO  impl.RoleInfo (RoleInfo.java:updateAndGet(130)) - 578b5bcf-dcdc-45ef-8ff1-e5518e85146b: start 578b5bcf-dcdc-45ef-8ff1-e5518e85146b@group-EE3C833659ED-FollowerState
2022-05-17 16:32:16,263 [pool-112-thread-1] INFO  util.JmxRegister (JmxRegister.java:tryRegister(44)) - Successfully registered JMX Bean with object name Ratis:service=RaftServer,group=group-EE3C833659ED,id=578b5bcf-dcdc-45ef-8ff1-e5518e85146b
2022-05-17 16:32:16,264 [Command processor thread] INFO  ratis.XceiverServerRatis (XceiverServerRatis.java:addGroup(765)) - Created group PipelineID=63c2ed9f-624e-4b3d-9796-ee3c833659ed
2022-05-17 16:32:16,284 [Command processor thread] INFO  commandhandler.CreatePipelineCommandHandler (CreatePipelineCommandHandler.java:handle(113)) - Created Pipeline RATIS THREE PipelineID=63c2ed9f-624e-4b3d-9796-ee3c833659ed.
2022-05-17 16:32:16,305 [Command processor thread] INFO  commandhandler.CreatePipelineCommandHandler (CreatePipelineCommandHandler.java:handle(113)) - Created Pipeline RATIS THREE PipelineID=63c2ed9f-624e-4b3d-9796-ee3c833659ed.
2022-05-17 16:32:16,330 [Command processor thread] INFO  commandhandler.CreatePipelineCommandHandler (CreatePipelineCommandHandler.java:handle(113)) - Created Pipeline RATIS THREE PipelineID=63c2ed9f-624e-4b3d-9796-ee3c833659ed.
2022-05-17 16:32:17,174 [Listener at 127.0.0.1/41559] INFO  ozone.MiniOzoneClusterImpl (MiniOzoneClusterImpl.java:lambda$waitForClusterToBeReady$0(221)) - Nodes are ready. Got 3 of 3 DN Heartbeats.
2022-05-17 16:32:17,174 [Listener at 127.0.0.1/41559] INFO  ozone.MiniOzoneClusterImpl (MiniOzoneClusterImpl.java:lambda$waitForClusterToBeReady$0(224)) - Waiting for cluster to exit safe mode
2022-05-17 16:32:17,175 [Listener at 127.0.0.1/41559] INFO  ozone.MiniOzoneClusterImpl (MiniOzoneClusterImpl.java:lambda$waitForClusterToBeReady$0(226)) - SCM became leader
2022-05-17 16:32:18,175 [Listener at 127.0.0.1/41559] INFO  ozone.MiniOzoneClusterImpl (MiniOzoneClusterImpl.java:lambda$waitForClusterToBeReady$0(221)) - Nodes are ready. Got 3 of 3 DN Heartbeats.
2022-05-17 16:32:18,175 [Listener at 127.0.0.1/41559] INFO  ozone.MiniOzoneClusterImpl (MiniOzoneClusterImpl.java:lambda$waitForClusterToBeReady$0(224)) - Waiting for cluster to exit safe mode
2022-05-17 16:32:18,176 [Listener at 127.0.0.1/41559] INFO  ozone.MiniOzoneClusterImpl (MiniOzoneClusterImpl.java:lambda$waitForClusterToBeReady$0(226)) - SCM became leader
2022-05-17 16:32:19,176 [Listener at 127.0.0.1/41559] INFO  ozone.MiniOzoneClusterImpl (MiniOzoneClusterImpl.java:lambda$waitForClusterToBeReady$0(221)) - Nodes are ready. Got 3 of 3 DN Heartbeats.
2022-05-17 16:32:19,177 [Listener at 127.0.0.1/41559] INFO  ozone.MiniOzoneClusterImpl (MiniOzoneClusterImpl.java:lambda$waitForClusterToBeReady$0(224)) - Waiting for cluster to exit safe mode
2022-05-17 16:32:19,177 [Listener at 127.0.0.1/41559] INFO  ozone.MiniOzoneClusterImpl (MiniOzoneClusterImpl.java:lambda$waitForClusterToBeReady$0(226)) - SCM became leader
2022-05-17 16:32:20,177 [Listener at 127.0.0.1/41559] INFO  ozone.MiniOzoneClusterImpl (MiniOzoneClusterImpl.java:lambda$waitForClusterToBeReady$0(221)) - Nodes are ready. Got 3 of 3 DN Heartbeats.
2022-05-17 16:32:20,178 [Listener at 127.0.0.1/41559] INFO  ozone.MiniOzoneClusterImpl (MiniOzoneClusterImpl.java:lambda$waitForClusterToBeReady$0(224)) - Waiting for cluster to exit safe mode
2022-05-17 16:32:20,178 [Listener at 127.0.0.1/41559] INFO  ozone.MiniOzoneClusterImpl (MiniOzoneClusterImpl.java:lambda$waitForClusterToBeReady$0(226)) - SCM became leader
2022-05-17 16:32:20,314 [72e0ceb9-5347-471d-a209-f354019d6861@group-9AE442CA6F86-FollowerState] INFO  impl.FollowerState (FollowerState.java:run(134)) - 72e0ceb9-5347-471d-a209-f354019d6861@group-9AE442CA6F86-FollowerState: change to CANDIDATE, lastRpcElapsedTime:5086481030ns, electionTimeout:5074ms
2022-05-17 16:32:20,314 [72e0ceb9-5347-471d-a209-f354019d6861@group-9AE442CA6F86-FollowerState] INFO  impl.RoleInfo (RoleInfo.java:shutdownFollowerState(108)) - 72e0ceb9-5347-471d-a209-f354019d6861: shutdown 72e0ceb9-5347-471d-a209-f354019d6861@group-9AE442CA6F86-FollowerState
2022-05-17 16:32:20,314 [72e0ceb9-5347-471d-a209-f354019d6861@group-9AE442CA6F86-FollowerState] INFO  server.RaftServer$Division (RaftServerImpl.java:setRole(290)) - 72e0ceb9-5347-471d-a209-f354019d6861@group-9AE442CA6F86: changes role from  FOLLOWER to CANDIDATE at term 0 for changeToCandidate
2022-05-17 16:32:20,314 [72e0ceb9-5347-471d-a209-f354019d6861@group-9AE442CA6F86-FollowerState] INFO  server.RaftServerConfigKeys (ConfUtils.java:logGet(44)) - raft.server.leaderelection.pre-vote = false (custom)
2022-05-17 16:32:20,314 [72e0ceb9-5347-471d-a209-f354019d6861@group-9AE442CA6F86-FollowerState] INFO  impl.RoleInfo (RoleInfo.java:updateAndGet(130)) - 72e0ceb9-5347-471d-a209-f354019d6861: start 72e0ceb9-5347-471d-a209-f354019d6861@group-9AE442CA6F86-LeaderElection2
2022-05-17 16:32:20,319 [72e0ceb9-5347-471d-a209-f354019d6861@group-9AE442CA6F86-LeaderElection2] INFO  impl.LeaderElection (LeaderElection.java:askForVotes(306)) - 72e0ceb9-5347-471d-a209-f354019d6861@group-9AE442CA6F86-LeaderElection2 ELECTION round 0: submit vote requests at term 1 for -1: [72e0ceb9-5347-471d-a209-f354019d6861|rpc:10.1.0.54:42115|priority:1], old=null
2022-05-17 16:32:20,320 [72e0ceb9-5347-471d-a209-f354019d6861@group-9AE442CA6F86-LeaderElection2] INFO  impl.LeaderElection (LeaderElection.java:askForVotes(308)) - 72e0ceb9-5347-471d-a209-f354019d6861@group-9AE442CA6F86-LeaderElection2 ELECTION round 0: result PASSED (term=1)
2022-05-17 16:32:20,320 [72e0ceb9-5347-471d-a209-f354019d6861@group-9AE442CA6F86-LeaderElection2] INFO  impl.RoleInfo (RoleInfo.java:shutdownLeaderElection(121)) - 72e0ceb9-5347-471d-a209-f354019d6861: shutdown 72e0ceb9-5347-471d-a209-f354019d6861@group-9AE442CA6F86-LeaderElection2
2022-05-17 16:32:20,320 [72e0ceb9-5347-471d-a209-f354019d6861@group-9AE442CA6F86-LeaderElection2] INFO  server.RaftServer$Division (RaftServerImpl.java:setRole(290)) - 72e0ceb9-5347-471d-a209-f354019d6861@group-9AE442CA6F86: changes role from CANDIDATE to LEADER at term 1 for changeToLeader
2022-05-17 16:32:20,320 [72e0ceb9-5347-471d-a209-f354019d6861@group-9AE442CA6F86-LeaderElection2] INFO  ratis.XceiverServerRatis (XceiverServerRatis.java:handleLeaderChangedNotification(863)) - Leader change notification received for group: group-9AE442CA6F86 with new leaderId: 72e0ceb9-5347-471d-a209-f354019d6861
2022-05-17 16:32:20,320 [72e0ceb9-5347-471d-a209-f354019d6861@group-9AE442CA6F86-LeaderElection2] INFO  server.RaftServer$Division (ServerState.java:setLeader(285)) - 72e0ceb9-5347-471d-a209-f354019d6861@group-9AE442CA6F86: change Leader from null to 72e0ceb9-5347-471d-a209-f354019d6861 at term 1 for becomeLeader, leader elected after 5122ms
2022-05-17 16:32:20,320 [72e0ceb9-5347-471d-a209-f354019d6861@group-9AE442CA6F86-LeaderElection2] INFO  server.RaftServerConfigKeys (ConfUtils.java:logGet(44)) - raft.server.staging.catchup.gap = 1000 (default)
2022-05-17 16:32:20,321 [72e0ceb9-5347-471d-a209-f354019d6861@group-9AE442CA6F86-LeaderElection2] INFO  server.RaftServerConfigKeys (ConfUtils.java:logGet(44)) - raft.server.write.element-limit = 1024 (custom)
2022-05-17 16:32:20,321 [72e0ceb9-5347-471d-a209-f354019d6861@group-9AE442CA6F86-LeaderElection2] INFO  server.RaftServerConfigKeys (ConfUtils.java:logGet(44)) - raft.server.write.byte-limit = 1024 M (=1073741824) (custom)
2022-05-17 16:32:20,321 [72e0ceb9-5347-471d-a209-f354019d6861@group-9AE442CA6F86-LeaderElection2] INFO  server.RaftServerConfigKeys (ConfUtils.java:logGet(44)) - raft.server.watch.timeout = 180s (custom)
2022-05-17 16:32:20,323 [EventQueue-OpenPipelineForHealthyPipelineSafeModeRule] INFO  safemode.SCMSafeModeManager (HealthyPipelineSafeModeRule.java:process(124)) - SCM in safe mode. Healthy pipelines reported count is 0, required healthy pipeline reported count is 1
2022-05-17 16:32:20,328 [72e0ceb9-5347-471d-a209-f354019d6861@group-9AE442CA6F86-LeaderElection2] INFO  server.RaftServerConfigKeys (ConfUtils.java:logGet(44)) - raft.server.watch.timeout.denomination = 1s (default)
2022-05-17 16:32:20,328 [72e0ceb9-5347-471d-a209-f354019d6861@group-9AE442CA6F86-LeaderElection2] INFO  server.RaftServerConfigKeys (ConfUtils.java:logGet(44)) - raft.server.watch.element-limit = 65536 (default)
2022-05-17 16:32:20,328 [72e0ceb9-5347-471d-a209-f354019d6861@group-9AE442CA6F86-LeaderElection2] INFO  server.RaftServerConfigKeys (ConfUtils.java:logGet(44)) - raft.server.write.element-limit = 1024 (custom)
2022-05-17 16:32:20,328 [72e0ceb9-5347-471d-a209-f354019d6861@group-9AE442CA6F86-LeaderElection2] INFO  server.RaftServerConfigKeys (ConfUtils.java:logGet(44)) - raft.server.write.follower.gap.ratio.max = -1.0 (default)
2022-05-17 16:32:20,329 [72e0ceb9-5347-471d-a209-f354019d6861@group-9AE442CA6F86-LeaderElection2] INFO  impl.RoleInfo (RoleInfo.java:updateAndGet(130)) - 72e0ceb9-5347-471d-a209-f354019d6861: start 72e0ceb9-5347-471d-a209-f354019d6861@group-9AE442CA6F86-LeaderStateImpl
2022-05-17 16:32:20,329 [72e0ceb9-5347-471d-a209-f354019d6861@group-9AE442CA6F86-LeaderElection2] INFO  segmented.SegmentedRaftLogWorker (SegmentedRaftLogWorker.java:startLogSegment(394)) - 72e0ceb9-5347-471d-a209-f354019d6861@group-9AE442CA6F86-SegmentedRaftLogWorker: Starting segment from index:0
2022-05-17 16:32:20,332 [72e0ceb9-5347-471d-a209-f354019d6861@group-9AE442CA6F86-LeaderElection2] INFO  server.RaftServer$Division (ServerState.java:setRaftConf(387)) - 72e0ceb9-5347-471d-a209-f354019d6861@group-9AE442CA6F86: set configuration 0: [72e0ceb9-5347-471d-a209-f354019d6861|rpc:10.1.0.54:42115|dataStream:|priority:1], old=null
2022-05-17 16:32:20,332 [72e0ceb9-5347-471d-a209-f354019d6861@group-9AE442CA6F86-SegmentedRaftLogWorker] INFO  segmented.SegmentedRaftLogWorker (SegmentedRaftLogWorker.java:execute(601)) - 72e0ceb9-5347-471d-a209-f354019d6861@group-9AE442CA6F86-SegmentedRaftLogWorker: created new log segment /home/runner/work/ozone/ozone/hadoop-ozone/integration-test/target/test-dir/MiniOzoneClusterImpl-2a2cfd2a-819c-401a-9122-e0f1e4685d97/datanode-0/data/ratis/85dff218-c7db-4d66-8d16-9ae442ca6f86/current/log_inprogress_0
2022-05-17 16:32:20,478 [72e0ceb9-5347-471d-a209-f354019d6861@group-921D5E5575BB-FollowerState] INFO  impl.FollowerState (FollowerState.java:run(134)) - 72e0ceb9-5347-471d-a209-f354019d6861@group-921D5E5575BB-FollowerState: change to CANDIDATE, lastRpcElapsedTime:5201813782ns, electionTimeout:5199ms
2022-05-17 16:32:20,479 [72e0ceb9-5347-471d-a209-f354019d6861@group-921D5E5575BB-FollowerState] INFO  impl.RoleInfo (RoleInfo.java:shutdownFollowerState(108)) - 72e0ceb9-5347-471d-a209-f354019d6861: shutdown 72e0ceb9-5347-471d-a209-f354019d6861@group-921D5E5575BB-FollowerState
2022-05-17 16:32:20,479 [72e0ceb9-5347-471d-a209-f354019d6861@group-921D5E5575BB-FollowerState] INFO  server.RaftServer$Division (RaftServerImpl.java:setRole(290)) - 72e0ceb9-5347-471d-a209-f354019d6861@group-921D5E5575BB: changes role from  FOLLOWER to CANDIDATE at term 0 for changeToCandidate
2022-05-17 16:32:20,479 [72e0ceb9-5347-471d-a209-f354019d6861@group-921D5E5575BB-FollowerState] INFO  server.RaftServerConfigKeys (ConfUtils.java:logGet(44)) - raft.server.leaderelection.pre-vote = false (custom)
2022-05-17 16:32:20,479 [72e0ceb9-5347-471d-a209-f354019d6861@group-921D5E5575BB-FollowerState] INFO  impl.RoleInfo (RoleInfo.java:updateAndGet(130)) - 72e0ceb9-5347-471d-a209-f354019d6861: start 72e0ceb9-5347-471d-a209-f354019d6861@group-921D5E5575BB-LeaderElection3
2022-05-17 16:32:20,482 [72e0ceb9-5347-471d-a209-f354019d6861@group-921D5E5575BB-LeaderElection3] INFO  impl.LeaderElection (LeaderElection.java:askForVotes(306)) - 72e0ceb9-5347-471d-a209-f354019d6861@group-921D5E5575BB-LeaderElection3 ELECTION round 0: submit vote requests at term 1 for -1: [8099edad-facc-4fde-86f3-de93d0423d36|rpc:10.1.0.54:46435|priority:1, 578b5bcf-dcdc-45ef-8ff1-e5518e85146b|rpc:10.1.0.54:43863|priority:0, 72e0ceb9-5347-471d-a209-f354019d6861|rpc:10.1.0.54:42115|priority:0], old=null
2022-05-17 16:32:20,515 [grpc-default-executor-1] INFO  server.RaftServer$Division (RaftServerImpl.java:requestVote(1046)) - 578b5bcf-dcdc-45ef-8ff1-e5518e85146b@group-921D5E5575BB: receive requestVote(ELECTION, 72e0ceb9-5347-471d-a209-f354019d6861, group-921D5E5575BB, 1, (t:0, i:0))
2022-05-17 16:32:20,518 [grpc-default-executor-1] INFO  impl.VoteContext (VoteContext.java:log(48)) - 578b5bcf-dcdc-45ef-8ff1-e5518e85146b@group-921D5E5575BB-FOLLOWER: accept ELECTION from 72e0ceb9-5347-471d-a209-f354019d6861: our priority 0 <= candidate's priority 0
2022-05-17 16:32:20,518 [grpc-default-executor-1] INFO  server.RaftServer$Division (RaftServerImpl.java:setRole(290)) - 578b5bcf-dcdc-45ef-8ff1-e5518e85146b@group-921D5E5575BB: changes role from  FOLLOWER to FOLLOWER at term 1 for candidate:72e0ceb9-5347-471d-a209-f354019d6861
2022-05-17 16:32:20,518 [grpc-default-executor-1] INFO  impl.RoleInfo (RoleInfo.java:shutdownFollowerState(108)) - 578b5bcf-dcdc-45ef-8ff1-e5518e85146b: shutdown 578b5bcf-dcdc-45ef-8ff1-e5518e85146b@group-921D5E5575BB-FollowerState
2022-05-17 16:32:20,518 [grpc-default-executor-1] INFO  impl.RoleInfo (RoleInfo.java:updateAndGet(130)) - 578b5bcf-dcdc-45ef-8ff1-e5518e85146b: start 578b5bcf-dcdc-45ef-8ff1-e5518e85146b@group-921D5E5575BB-FollowerState
2022-05-17 16:32:20,519 [578b5bcf-dcdc-45ef-8ff1-e5518e85146b@group-921D5E5575BB-FollowerState] INFO  impl.FollowerState (FollowerState.java:run(143)) - 578b5bcf-dcdc-45ef-8ff1-e5518e85146b@group-921D5E5575BB-FollowerState was interrupted: {}
java.lang.InterruptedException: sleep interrupted
	at java.lang.Thread.sleep(Native Method)
	at java.lang.Thread.sleep(Thread.java:342)
	at java.util.concurrent.TimeUnit.sleep(TimeUnit.java:386)
	at org.apache.ratis.util.TimeDuration.sleep(TimeDuration.java:324)
	at org.apache.ratis.util.TimeDuration.sleep(TimeDuration.java:309)
	at org.apache.ratis.server.impl.FollowerState.run(FollowerState.java:118)
2022-05-17 16:32:20,526 [grpc-default-executor-0] INFO  server.RaftServer$Division (RaftServerImpl.java:requestVote(1046)) - 8099edad-facc-4fde-86f3-de93d0423d36@group-921D5E5575BB: receive requestVote(ELECTION, 72e0ceb9-5347-471d-a209-f354019d6861, group-921D5E5575BB, 1, (t:0, i:0))
2022-05-17 16:32:20,526 [grpc-default-executor-0] INFO  impl.VoteContext (VoteContext.java:log(48)) - 8099edad-facc-4fde-86f3-de93d0423d36@group-921D5E5575BB-FOLLOWER: reject ELECTION from 72e0ceb9-5347-471d-a209-f354019d6861: our priority 1 > candidate's priority 0
2022-05-17 16:32:20,527 [grpc-default-executor-0] INFO  server.RaftServer$Division (RaftServerImpl.java:setRole(290)) - 8099edad-facc-4fde-86f3-de93d0423d36@group-921D5E5575BB: changes role from  FOLLOWER to FOLLOWER at term 1 for candidate:72e0ceb9-5347-471d-a209-f354019d6861
2022-05-17 16:32:20,527 [grpc-default-executor-0] INFO  impl.RoleInfo (RoleInfo.java:shutdownFollowerState(108)) - 8099edad-facc-4fde-86f3-de93d0423d36: shutdown 8099edad-facc-4fde-86f3-de93d0423d36@group-921D5E5575BB-FollowerState
2022-05-17 16:32:20,527 [grpc-default-executor-0] INFO  impl.RoleInfo (RoleInfo.java:updateAndGet(130)) - 8099edad-facc-4fde-86f3-de93d0423d36: start 8099edad-facc-4fde-86f3-de93d0423d36@group-921D5E5575BB-FollowerState
2022-05-17 16:32:20,527 [8099edad-facc-4fde-86f3-de93d0423d36@group-921D5E5575BB-FollowerState] INFO  impl.FollowerState (FollowerState.java:run(143)) - 8099edad-facc-4fde-86f3-de93d0423d36@group-921D5E5575BB-FollowerState was interrupted: {}
java.lang.InterruptedException: sleep interrupted
	at java.lang.Thread.sleep(Native Method)
	at java.lang.Thread.sleep(Thread.java:342)
	at java.util.concurrent.TimeUnit.sleep(TimeUnit.java:386)
	at org.apache.ratis.util.TimeDuration.sleep(TimeDuration.java:324)
	at org.apache.ratis.util.TimeDuration.sleep(TimeDuration.java:309)
	at org.apache.ratis.server.impl.FollowerState.run(FollowerState.java:118)
2022-05-17 16:32:20,532 [grpc-default-executor-1] INFO  server.RaftServer$Division (RaftServerImpl.java:requestVote(1078)) - 578b5bcf-dcdc-45ef-8ff1-e5518e85146b@group-921D5E5575BB replies to ELECTION vote request: 72e0ceb9-5347-471d-a209-f354019d6861<-578b5bcf-dcdc-45ef-8ff1-e5518e85146b#0:OK-t1. Peer's state: 578b5bcf-dcdc-45ef-8ff1-e5518e85146b@group-921D5E5575BB:t1, leader=null, voted=72e0ceb9-5347-471d-a209-f354019d6861, raftlog=578b5bcf-dcdc-45ef-8ff1-e5518e85146b@group-921D5E5575BB-SegmentedRaftLog:OPENED:c-1, conf=-1: [8099edad-facc-4fde-86f3-de93d0423d36|rpc:10.1.0.54:46435|dataStream:|priority:1, 578b5bcf-dcdc-45ef-8ff1-e5518e85146b|rpc:10.1.0.54:43863|dataStream:|priority:0, 72e0ceb9-5347-471d-a209-f354019d6861|rpc:10.1.0.54:42115|dataStream:|priority:0], old=null
2022-05-17 16:32:20,536 [grpc-default-executor-0] INFO  server.RaftServer$Division (RaftServerImpl.java:requestVote(1078)) - 8099edad-facc-4fde-86f3-de93d0423d36@group-921D5E5575BB replies to ELECTION vote request: 72e0ceb9-5347-471d-a209-f354019d6861<-8099edad-facc-4fde-86f3-de93d0423d36#0:FAIL-t1. Peer's state: 8099edad-facc-4fde-86f3-de93d0423d36@group-921D5E5575BB:t1, leader=null, voted=null, raftlog=8099edad-facc-4fde-86f3-de93d0423d36@group-921D5E5575BB-SegmentedRaftLog:OPENED:c-1, conf=-1: [8099edad-facc-4fde-86f3-de93d0423d36|rpc:10.1.0.54:46435|priority:1, 578b5bcf-dcdc-45ef-8ff1-e5518e85146b|rpc:10.1.0.54:43863|priority:0, 72e0ceb9-5347-471d-a209-f354019d6861|rpc:10.1.0.54:42115|priority:0], old=null
2022-05-17 16:32:20,540 [72e0ceb9-5347-471d-a209-f354019d6861@group-921D5E5575BB-LeaderElection3] INFO  impl.LeaderElection (LeaderElection.java:logAndReturn(89)) - 72e0ceb9-5347-471d-a209-f354019d6861@group-921D5E5575BB-LeaderElection3: ELECTION REJECTED received 2 response(s) and 0 exception(s):
2022-05-17 16:32:20,541 [72e0ceb9-5347-471d-a209-f354019d6861@group-921D5E5575BB-LeaderElection3] INFO  impl.LeaderElection (LeaderElection.java:logAndReturn(93)) -   Response 0: 72e0ceb9-5347-471d-a209-f354019d6861<-8099edad-facc-4fde-86f3-de93d0423d36#0:FAIL-t1
2022-05-17 16:32:20,541 [72e0ceb9-5347-471d-a209-f354019d6861@group-921D5E5575BB-LeaderElection3] INFO  impl.LeaderElection (LeaderElection.java:logAndReturn(93)) -   Response 1: 72e0ceb9-5347-471d-a209-f354019d6861<-578b5bcf-dcdc-45ef-8ff1-e5518e85146b#0:OK-t1
2022-05-17 16:32:20,541 [72e0ceb9-5347-471d-a209-f354019d6861@group-921D5E5575BB-LeaderElection3] INFO  impl.LeaderElection (LeaderElection.java:askForVotes(308)) - 72e0ceb9-5347-471d-a209-f354019d6861@group-921D5E5575BB-LeaderElection3 ELECTION round 0: result REJECTED
2022-05-17 16:32:20,541 [72e0ceb9-5347-471d-a209-f354019d6861@group-921D5E5575BB-LeaderElection3] INFO  server.RaftServer$Division (RaftServerImpl.java:setRole(290)) - 72e0ceb9-5347-471d-a209-f354019d6861@group-921D5E5575BB: changes role from CANDIDATE to FOLLOWER at term 1 for REJECTED
2022-05-17 16:32:20,541 [72e0ceb9-5347-471d-a209-f354019d6861@group-921D5E5575BB-LeaderElection3] INFO  impl.RoleInfo (RoleInfo.java:shutdownLeaderElection(121)) - 72e0ceb9-5347-471d-a209-f354019d6861: shutdown 72e0ceb9-5347-471d-a209-f354019d6861@group-921D5E5575BB-LeaderElection3
2022-05-17 16:32:20,541 [72e0ceb9-5347-471d-a209-f354019d6861@group-921D5E5575BB-LeaderElection3] INFO  impl.RoleInfo (RoleInfo.java:updateAndGet(130)) - 72e0ceb9-5347-471d-a209-f354019d6861: start 72e0ceb9-5347-471d-a209-f354019d6861@group-921D5E5575BB-FollowerState
2022-05-17 16:32:21,013 [8099edad-facc-4fde-86f3-de93d0423d36@group-F48CD20AC042-FollowerState] INFO  impl.FollowerState (FollowerState.java:run(134)) - 8099edad-facc-4fde-86f3-de93d0423d36@group-F48CD20AC042-FollowerState: change to CANDIDATE, lastRpcElapsedTime:5179616095ns, electionTimeout:5164ms
2022-05-17 16:32:21,015 [8099edad-facc-4fde-86f3-de93d0423d36@group-F48CD20AC042-FollowerState] INFO  impl.RoleInfo (RoleInfo.java:shutdownFollowerState(108)) - 8099edad-facc-4fde-86f3-de93d0423d36: shutdown 8099edad-facc-4fde-86f3-de93d0423d36@group-F48CD20AC042-FollowerState
2022-05-17 16:32:21,015 [8099edad-facc-4fde-86f3-de93d0423d36@group-F48CD20AC042-FollowerState] INFO  server.RaftServer$Division (RaftServerImpl.java:setRole(290)) - 8099edad-facc-4fde-86f3-de93d0423d36@group-F48CD20AC042: changes role from  FOLLOWER to CANDIDATE at term 0 for changeToCandidate
2022-05-17 16:32:21,015 [8099edad-facc-4fde-86f3-de93d0423d36@group-F48CD20AC042-FollowerState] INFO  server.RaftServerConfigKeys (ConfUtils.java:logGet(44)) - raft.server.leaderelection.pre-vote = false (custom)
2022-05-17 16:32:21,015 [8099edad-facc-4fde-86f3-de93d0423d36@group-F48CD20AC042-FollowerState] INFO  impl.RoleInfo (RoleInfo.java:updateAndGet(130)) - 8099edad-facc-4fde-86f3-de93d0423d36: start 8099edad-facc-4fde-86f3-de93d0423d36@group-F48CD20AC042-LeaderElection4
2022-05-17 16:32:21,018 [8099edad-facc-4fde-86f3-de93d0423d36@group-F48CD20AC042-LeaderElection4] INFO  impl.LeaderElection (LeaderElection.java:askForVotes(306)) - 8099edad-facc-4fde-86f3-de93d0423d36@group-F48CD20AC042-LeaderElection4 ELECTION round 0: submit vote requests at term 1 for -1: [8099edad-facc-4fde-86f3-de93d0423d36|rpc:10.1.0.54:46435|priority:1], old=null
2022-05-17 16:32:21,019 [8099edad-facc-4fde-86f3-de93d0423d36@group-F48CD20AC042-LeaderElection4] INFO  impl.LeaderElection (LeaderElection.java:askForVotes(308)) - 8099edad-facc-4fde-86f3-de93d0423d36@group-F48CD20AC042-LeaderElection4 ELECTION round 0: result PASSED (term=1)
2022-05-17 16:32:21,019 [8099edad-facc-4fde-86f3-de93d0423d36@group-F48CD20AC042-LeaderElection4] INFO  impl.RoleInfo (RoleInfo.java:shutdownLeaderElection(121)) - 8099edad-facc-4fde-86f3-de93d0423d36: shutdown 8099edad-facc-4fde-86f3-de93d0423d36@group-F48CD20AC042-LeaderElection4
2022-05-17 16:32:21,019 [8099edad-facc-4fde-86f3-de93d0423d36@group-F48CD20AC042-LeaderElection4] INFO  server.RaftServer$Division (RaftServerImpl.java:setRole(290)) - 8099edad-facc-4fde-86f3-de93d0423d36@group-F48CD20AC042: changes role from CANDIDATE to LEADER at term 1 for changeToLeader
2022-05-17 16:32:21,019 [8099edad-facc-4fde-86f3-de93d0423d36@group-F48CD20AC042-LeaderElection4] INFO  ratis.XceiverServerRatis (XceiverServerRatis.java:handleLeaderChangedNotification(863)) - Leader change notification received for group: group-F48CD20AC042 with new leaderId: 8099edad-facc-4fde-86f3-de93d0423d36
2022-05-17 16:32:21,019 [8099edad-facc-4fde-86f3-de93d0423d36@group-F48CD20AC042-LeaderElection4] INFO  server.RaftServer$Division (ServerState.java:setLeader(285)) - 8099edad-facc-4fde-86f3-de93d0423d36@group-F48CD20AC042: change Leader from null to 8099edad-facc-4fde-86f3-de93d0423d36 at term 1 for becomeLeader, leader elected after 5205ms
2022-05-17 16:32:21,019 [8099edad-facc-4fde-86f3-de93d0423d36@group-F48CD20AC042-LeaderElection4] INFO  server.RaftServerConfigKeys (ConfUtils.java:logGet(44)) - raft.server.staging.catchup.gap = 1000 (default)
2022-05-17 16:32:21,026 [8099edad-facc-4fde-86f3-de93d0423d36@group-F48CD20AC042-LeaderElection4] INFO  server.RaftServerConfigKeys (ConfUtils.java:logGet(44)) - raft.server.write.element-limit = 1024 (custom)
2022-05-17 16:32:21,026 [8099edad-facc-4fde-86f3-de93d0423d36@group-F48CD20AC042-LeaderElection4] INFO  server.RaftServerConfigKeys (ConfUtils.java:logGet(44)) - raft.server.write.byte-limit = 1024 M (=1073741824) (custom)
2022-05-17 16:32:21,027 [8099edad-facc-4fde-86f3-de93d0423d36@group-F48CD20AC042-LeaderElection4] INFO  server.RaftServerConfigKeys (ConfUtils.java:logGet(44)) - raft.server.watch.timeout = 180s (custom)
2022-05-17 16:32:21,027 [8099edad-facc-4fde-86f3-de93d0423d36@group-F48CD20AC042-LeaderElection4] INFO  server.RaftServerConfigKeys (ConfUtils.java:logGet(44)) - raft.server.watch.timeout.denomination = 1s (default)
2022-05-17 16:32:21,027 [8099edad-facc-4fde-86f3-de93d0423d36@group-F48CD20AC042-LeaderElection4] INFO  server.RaftServerConfigKeys (ConfUtils.java:logGet(44)) - raft.server.watch.element-limit = 65536 (default)
2022-05-17 16:32:21,027 [8099edad-facc-4fde-86f3-de93d0423d36@group-F48CD20AC042-LeaderElection4] INFO  server.RaftServerConfigKeys (ConfUtils.java:logGet(44)) - raft.server.write.element-limit = 1024 (custom)
2022-05-17 16:32:21,027 [8099edad-facc-4fde-86f3-de93d0423d36@group-F48CD20AC042-LeaderElection4] INFO  server.RaftServerConfigKeys (ConfUtils.java:logGet(44)) - raft.server.write.follower.gap.ratio.max = -1.0 (default)
2022-05-17 16:32:21,027 [EventQueue-OpenPipelineForHealthyPipelineSafeModeRule] INFO  safemode.SCMSafeModeManager (HealthyPipelineSafeModeRule.java:process(124)) - SCM in safe mode. Healthy pipelines reported count is 0, required healthy pipeline reported count is 1
2022-05-17 16:32:21,028 [8099edad-facc-4fde-86f3-de93d0423d36@group-F48CD20AC042-LeaderElection4] INFO  impl.RoleInfo (RoleInfo.java:updateAndGet(130)) - 8099edad-facc-4fde-86f3-de93d0423d36: start 8099edad-facc-4fde-86f3-de93d0423d36@group-F48CD20AC042-LeaderStateImpl
2022-05-17 16:32:21,029 [8099edad-facc-4fde-86f3-de93d0423d36@group-F48CD20AC042-LeaderElection4] INFO  segmented.SegmentedRaftLogWorker (SegmentedRaftLogWorker.java:startLogSegment(394)) - 8099edad-facc-4fde-86f3-de93d0423d36@group-F48CD20AC042-SegmentedRaftLogWorker: Starting segment from index:0
2022-05-17 16:32:21,031 [8099edad-facc-4fde-86f3-de93d0423d36@group-F48CD20AC042-SegmentedRaftLogWorker] INFO  segmented.SegmentedRaftLogWorker (SegmentedRaftLogWorker.java:execute(601)) - 8099edad-facc-4fde-86f3-de93d0423d36@group-F48CD20AC042-SegmentedRaftLogWorker: created new log segment /home/runner/work/ozone/ozone/hadoop-ozone/integration-test/target/test-dir/MiniOzoneClusterImpl-2a2cfd2a-819c-401a-9122-e0f1e4685d97/datanode-1/data/ratis/1f309679-cd9b-448e-a255-f48cd20ac042/current/log_inprogress_0
2022-05-17 16:32:21,036 [8099edad-facc-4fde-86f3-de93d0423d36@group-F48CD20AC042-LeaderElection4] INFO  server.RaftServer$Division (ServerState.java:setRaftConf(387)) - 8099edad-facc-4fde-86f3-de93d0423d36@group-F48CD20AC042: set configuration 0: [8099edad-facc-4fde-86f3-de93d0423d36|rpc:10.1.0.54:46435|dataStream:|priority:1], old=null
2022-05-17 16:32:21,167 [72e0ceb9-5347-471d-a209-f354019d6861@group-EE3C833659ED-FollowerState] INFO  impl.FollowerState (FollowerState.java:run(134)) - 72e0ceb9-5347-471d-a209-f354019d6861@group-EE3C833659ED-FollowerState: change to CANDIDATE, lastRpcElapsedTime:5058671923ns, electionTimeout:5055ms
2022-05-17 16:32:21,167 [72e0ceb9-5347-471d-a209-f354019d6861@group-EE3C833659ED-FollowerState] INFO  impl.RoleInfo (RoleInfo.java:shutdownFollowerState(108)) - 72e0ceb9-5347-471d-a209-f354019d6861: shutdown 72e0ceb9-5347-471d-a209-f354019d6861@group-EE3C833659ED-FollowerState
2022-05-17 16:32:21,167 [72e0ceb9-5347-471d-a209-f354019d6861@group-EE3C833659ED-FollowerState] INFO  server.RaftServer$Division (RaftServerImpl.java:setRole(290)) - 72e0ceb9-5347-471d-a209-f354019d6861@group-EE3C833659ED: changes role from  FOLLOWER to CANDIDATE at term 0 for changeToCandidate
2022-05-17 16:32:21,168 [72e0ceb9-5347-471d-a209-f354019d6861@group-EE3C833659ED-FollowerState] INFO  server.RaftServerConfigKeys (ConfUtils.java:logGet(44)) - raft.server.leaderelection.pre-vote = false (custom)
2022-05-17 16:32:21,168 [72e0ceb9-5347-471d-a209-f354019d6861@group-EE3C833659ED-FollowerState] INFO  impl.RoleInfo (RoleInfo.java:updateAndGet(130)) - 72e0ceb9-5347-471d-a209-f354019d6861: start 72e0ceb9-5347-471d-a209-f354019d6861@group-EE3C833659ED-LeaderElection5
2022-05-17 16:32:21,171 [72e0ceb9-5347-471d-a209-f354019d6861@group-EE3C833659ED-LeaderElection5] INFO  impl.LeaderElection (LeaderElection.java:askForVotes(306)) - 72e0ceb9-5347-471d-a209-f354019d6861@group-EE3C833659ED-LeaderElection5 ELECTION round 0: submit vote requests at term 1 for -1: [8099edad-facc-4fde-86f3-de93d0423d36|rpc:10.1.0.54:46435|priority:0, 578b5bcf-dcdc-45ef-8ff1-e5518e85146b|rpc:10.1.0.54:43863|priority:0, 72e0ceb9-5347-471d-a209-f354019d6861|rpc:10.1.0.54:42115|priority:1], old=null
2022-05-17 16:32:21,178 [Listener at 127.0.0.1/41559] INFO  ozone.MiniOzoneClusterImpl (MiniOzoneClusterImpl.java:lambda$waitForClusterToBeReady$0(221)) - Nodes are ready. Got 3 of 3 DN Heartbeats.
2022-05-17 16:32:21,178 [Listener at 127.0.0.1/41559] INFO  ozone.MiniOzoneClusterImpl (MiniOzoneClusterImpl.java:lambda$waitForClusterToBeReady$0(224)) - Waiting for cluster to exit safe mode
2022-05-17 16:32:21,179 [Listener at 127.0.0.1/41559] INFO  ozone.MiniOzoneClusterImpl (MiniOzoneClusterImpl.java:lambda$waitForClusterToBeReady$0(226)) - SCM became leader
2022-05-17 16:32:21,182 [grpc-default-executor-0] INFO  server.RaftServer$Division (RaftServerImpl.java:requestVote(1046)) - 8099edad-facc-4fde-86f3-de93d0423d36@group-EE3C833659ED: receive requestVote(ELECTION, 72e0ceb9-5347-471d-a209-f354019d6861, group-EE3C833659ED, 1, (t:0, i:0))
2022-05-17 16:32:21,182 [grpc-default-executor-0] INFO  impl.VoteContext (VoteContext.java:log(48)) - 8099edad-facc-4fde-86f3-de93d0423d36@group-EE3C833659ED-FOLLOWER: accept ELECTION from 72e0ceb9-5347-471d-a209-f354019d6861: our priority 0 <= candidate's priority 1
2022-05-17 16:32:21,183 [grpc-default-executor-0] INFO  server.RaftServer$Division (RaftServerImpl.java:setRole(290)) - 8099edad-facc-4fde-86f3-de93d0423d36@group-EE3C833659ED: changes role from  FOLLOWER to FOLLOWER at term 1 for candidate:72e0ceb9-5347-471d-a209-f354019d6861
2022-05-17 16:32:21,183 [grpc-default-executor-0] INFO  impl.RoleInfo (RoleInfo.java:shutdownFollowerState(108)) - 8099edad-facc-4fde-86f3-de93d0423d36: shutdown 8099edad-facc-4fde-86f3-de93d0423d36@group-EE3C833659ED-FollowerState
2022-05-17 16:32:21,183 [grpc-default-executor-0] INFO  impl.RoleInfo (RoleInfo.java:updateAndGet(130)) - 8099edad-facc-4fde-86f3-de93d0423d36: start 8099edad-facc-4fde-86f3-de93d0423d36@group-EE3C833659ED-FollowerState
2022-05-17 16:32:21,184 [8099edad-facc-4fde-86f3-de93d0423d36@group-EE3C833659ED-FollowerState] INFO  impl.FollowerState (FollowerState.java:run(143)) - 8099edad-facc-4fde-86f3-de93d0423d36@group-EE3C833659ED-FollowerState was interrupted: {}
java.lang.InterruptedException: sleep interrupted
	at java.lang.Thread.sleep(Native Method)
	at java.lang.Thread.sleep(Thread.java:342)
	at java.util.concurrent.TimeUnit.sleep(TimeUnit.java:386)
	at org.apache.ratis.util.TimeDuration.sleep(TimeDuration.java:324)
	at org.apache.ratis.util.TimeDuration.sleep(TimeDuration.java:309)
	at org.apache.ratis.server.impl.FollowerState.run(FollowerState.java:118)
2022-05-17 16:32:21,193 [grpc-default-executor-0] INFO  server.RaftServer$Division (RaftServerImpl.java:requestVote(1078)) - 8099edad-facc-4fde-86f3-de93d0423d36@group-EE3C833659ED replies to ELECTION vote request: 72e0ceb9-5347-471d-a209-f354019d6861<-8099edad-facc-4fde-86f3-de93d0423d36#0:OK-t1. Peer's state: 8099edad-facc-4fde-86f3-de93d0423d36@group-EE3C833659ED:t1, leader=null, voted=72e0ceb9-5347-471d-a209-f354019d6861, raftlog=8099edad-facc-4fde-86f3-de93d0423d36@group-EE3C833659ED-SegmentedRaftLog:OPENED:c-1, conf=-1: [8099edad-facc-4fde-86f3-de93d0423d36|rpc:10.1.0.54:46435|priority:0, 578b5bcf-dcdc-45ef-8ff1-e5518e85146b|rpc:10.1.0.54:43863|priority:0, 72e0ceb9-5347-471d-a209-f354019d6861|rpc:10.1.0.54:42115|priority:1], old=null
2022-05-17 16:32:21,195 [72e0ceb9-5347-471d-a209-f354019d6861@group-EE3C833659ED-LeaderElection5] INFO  impl.LeaderElection (LeaderElection.java:logAndReturn(89)) - 72e0ceb9-5347-471d-a209-f354019d6861@group-EE3C833659ED-LeaderElection5: ELECTION PASSED received 1 response(s) and 0 exception(s):
2022-05-17 16:32:21,196 [72e0ceb9-5347-471d-a209-f354019d6861@group-EE3C833659ED-LeaderElection5] INFO  impl.LeaderElection (LeaderElection.java:logAndReturn(93)) -   Response 0: 72e0ceb9-5347-471d-a209-f354019d6861<-8099edad-facc-4fde-86f3-de93d0423d36#0:OK-t1
2022-05-17 16:32:21,196 [72e0ceb9-5347-471d-a209-f354019d6861@group-EE3C833659ED-LeaderElection5] INFO  impl.LeaderElection (LeaderElection.java:askForVotes(308)) - 72e0ceb9-5347-471d-a209-f354019d6861@group-EE3C833659ED-LeaderElection5 ELECTION round 0: result PASSED
2022-05-17 16:32:21,198 [72e0ceb9-5347-471d-a209-f354019d6861@group-EE3C833659ED-LeaderElection5] INFO  impl.RoleInfo (RoleInfo.java:shutdownLeaderElection(121)) - 72e0ceb9-5347-471d-a209-f354019d6861: shutdown 72e0ceb9-5347-471d-a209-f354019d6861@group-EE3C833659ED-LeaderElection5
2022-05-17 16:32:21,198 [72e0ceb9-5347-471d-a209-f354019d6861@group-EE3C833659ED-LeaderElection5] INFO  server.RaftServer$Division (RaftServerImpl.java:setRole(290)) - 72e0ceb9-5347-471d-a209-f354019d6861@group-EE3C833659ED: changes role from CANDIDATE to LEADER at term 1 for changeToLeader
2022-05-17 16:32:21,198 [72e0ceb9-5347-471d-a209-f354019d6861@group-EE3C833659ED-LeaderElection5] INFO  ratis.XceiverServerRatis (XceiverServerRatis.java:handleLeaderChangedNotification(863)) - Leader change notification received for group: group-EE3C833659ED with new leaderId: 72e0ceb9-5347-471d-a209-f354019d6861
2022-05-17 16:32:21,198 [72e0ceb9-5347-471d-a209-f354019d6861@group-EE3C833659ED-LeaderElection5] INFO  server.RaftServer$Division (ServerState.java:setLeader(285)) - 72e0ceb9-5347-471d-a209-f354019d6861@group-EE3C833659ED: change Leader from null to 72e0ceb9-5347-471d-a209-f354019d6861 at term 1 for becomeLeader, leader elected after 5115ms
2022-05-17 16:32:21,198 [72e0ceb9-5347-471d-a209-f354019d6861@group-EE3C833659ED-LeaderElection5] INFO  server.RaftServerConfigKeys (ConfUtils.java:logGet(44)) - raft.server.staging.catchup.gap = 1000 (default)
2022-05-17 16:32:21,198 [72e0ceb9-5347-471d-a209-f354019d6861@group-EE3C833659ED-LeaderElection5] INFO  server.RaftServerConfigKeys (ConfUtils.java:logGet(44)) - raft.server.write.element-limit = 1024 (custom)
2022-05-17 16:32:21,198 [72e0ceb9-5347-471d-a209-f354019d6861@group-EE3C833659ED-LeaderElection5] INFO  server.RaftServerConfigKeys (ConfUtils.java:logGet(44)) - raft.server.write.byte-limit = 1024 M (=1073741824) (custom)
2022-05-17 16:32:21,200 [72e0ceb9-5347-471d-a209-f354019d6861@group-EE3C833659ED-LeaderElection5] INFO  server.RaftServerConfigKeys (ConfUtils.java:logGet(44)) - raft.server.watch.timeout = 180s (custom)
2022-05-17 16:32:21,200 [72e0ceb9-5347-471d-a209-f354019d6861@group-EE3C833659ED-LeaderElection5] INFO  server.RaftServerConfigKeys (ConfUtils.java:logGet(44)) - raft.server.watch.timeout.denomination = 1s (default)
2022-05-17 16:32:21,200 [72e0ceb9-5347-471d-a209-f354019d6861@group-EE3C833659ED-LeaderElection5] INFO  server.RaftServerConfigKeys (ConfUtils.java:logGet(44)) - raft.server.watch.element-limit = 65536 (default)
2022-05-17 16:32:21,200 [72e0ceb9-5347-471d-a209-f354019d6861@group-EE3C833659ED-LeaderElection5] INFO  server.RaftServerConfigKeys (ConfUtils.java:logGet(44)) - raft.server.write.element-limit = 1024 (custom)
2022-05-17 16:32:21,200 [72e0ceb9-5347-471d-a209-f354019d6861@group-EE3C833659ED-LeaderElection5] INFO  server.RaftServerConfigKeys (ConfUtils.java:logGet(44)) - raft.server.write.follower.gap.ratio.max = -1.0 (default)
2022-05-17 16:32:21,202 [grpc-default-executor-0] INFO  server.RaftServer$Division (RaftServerImpl.java:requestVote(1046)) - 578b5bcf-dcdc-45ef-8ff1-e5518e85146b@group-EE3C833659ED: receive requestVote(ELECTION, 72e0ceb9-5347-471d-a209-f354019d6861, group-EE3C833659ED, 1, (t:0, i:0))
2022-05-17 16:32:21,204 [EventQueue-PipelineReportForPipelineReportHandler] INFO  pipeline.PipelineManagerImpl (PipelineManagerImpl.java:openPipeline(336)) - Pipeline Pipeline[ Id: 63c2ed9f-624e-4b3d-9796-ee3c833659ed, Nodes: 72e0ceb9-5347-471d-a209-f354019d6861{ip: 10.1.0.54, host: fv-az297-879.nmf1rxwemy4u5di1sxxf4ejcwb.jx.internal.cloudapp.net, ports: [REPLICATION=36037, RATIS=42115, RATIS_ADMIN=42115, RATIS_SERVER=42115, STANDALONE=34539], networkLocation: /default-rack, certSerialId: null, persistedOpState: IN_SERVICE, persistedOpStateExpiryEpochSec: 0}8099edad-facc-4fde-86f3-de93d0423d36{ip: 10.1.0.54, host: fv-az297-879.nmf1rxwemy4u5di1sxxf4ejcwb.jx.internal.cloudapp.net, ports: [REPLICATION=44949, RATIS=46435, RATIS_ADMIN=46435, RATIS_SERVER=46435, STANDALONE=43463], networkLocation: /default-rack, certSerialId: null, persistedOpState: IN_SERVICE, persistedOpStateExpiryEpochSec: 0}578b5bcf-dcdc-45ef-8ff1-e5518e85146b{ip: 10.1.0.54, host: fv-az297-879.nmf1rxwemy4u5di1sxxf4ejcwb.jx.internal.cloudapp.net, ports: [REPLICATION=33653, RATIS=43863, RATIS_ADMIN=43863, RATIS_SERVER=43863, STANDALONE=44623], networkLocation: /default-rack, certSerialId: null, persistedOpState: IN_SERVICE, persistedOpStateExpiryEpochSec: 0}, ReplicationConfig: RATIS/THREE, State:ALLOCATED, leaderId:72e0ceb9-5347-471d-a209-f354019d6861, CreationTimestamp2022-05-17T16:32:13.191Z[Etc/UTC]] moved to OPEN state
2022-05-17 16:32:21,204 [grpc-default-executor-0] INFO  impl.VoteContext (VoteContext.java:log(48)) - 578b5bcf-dcdc-45ef-8ff1-e5518e85146b@group-EE3C833659ED-FOLLOWER: accept ELECTION from 72e0ceb9-5347-471d-a209-f354019d6861: our priority 0 <= candidate's priority 1
2022-05-17 16:32:21,204 [grpc-default-executor-0] INFO  server.RaftServer$Division (RaftServerImpl.java:setRole(290)) - 578b5bcf-dcdc-45ef-8ff1-e5518e85146b@group-EE3C833659ED: changes role from  FOLLOWER to FOLLOWER at term 1 for candidate:72e0ceb9-5347-471d-a209-f354019d6861
2022-05-17 16:32:21,204 [grpc-default-executor-0] INFO  impl.RoleInfo (RoleInfo.java:shutdownFollowerState(108)) - 578b5bcf-dcdc-45ef-8ff1-e5518e85146b: shutdown 578b5bcf-dcdc-45ef-8ff1-e5518e85146b@group-EE3C833659ED-FollowerState
2022-05-17 16:32:21,204 [grpc-default-executor-0] INFO  impl.RoleInfo (RoleInfo.java:updateAndGet(130)) - 578b5bcf-dcdc-45ef-8ff1-e5518e85146b: start 578b5bcf-dcdc-45ef-8ff1-e5518e85146b@group-EE3C833659ED-FollowerState
2022-05-17 16:32:21,205 [578b5bcf-dcdc-45ef-8ff1-e5518e85146b@group-EE3C833659ED-FollowerState] INFO  impl.FollowerState (FollowerState.java:run(143)) - 578b5bcf-dcdc-45ef-8ff1-e5518e85146b@group-EE3C833659ED-FollowerState was interrupted: {}
java.lang.InterruptedException: sleep interrupted
	at java.lang.Thread.sleep(Native Method)
	at java.lang.Thread.sleep(Thread.java:342)
	at java.util.concurrent.TimeUnit.sleep(TimeUnit.java:386)
	at org.apache.ratis.util.TimeDuration.sleep(TimeDuration.java:324)
	at org.apache.ratis.util.TimeDuration.sleep(TimeDuration.java:309)
	at org.apache.ratis.server.impl.FollowerState.run(FollowerState.java:118)
2022-05-17 16:32:21,206 [EventQueue-OpenPipelineForHealthyPipelineSafeModeRule] INFO  safemode.SCMSafeModeManager (HealthyPipelineSafeModeRule.java:process(124)) - SCM in safe mode. Healthy pipelines reported count is 0, required healthy pipeline reported count is 1
2022-05-17 16:32:21,208 [EventQueue-OpenPipelineForHealthyPipelineSafeModeRule] INFO  safemode.SCMSafeModeManager (HealthyPipelineSafeModeRule.java:process(124)) - SCM in safe mode. Healthy pipelines reported count is 1, required healthy pipeline reported count is 1
2022-05-17 16:32:21,208 [EventQueue-OpenPipelineForHealthyPipelineSafeModeRule] INFO  safemode.SCMSafeModeManager (SCMSafeModeManager.java:validateSafeModeExitRules(204)) - HealthyPipelineSafeModeRule rule is successfully validated
2022-05-17 16:32:21,208 [EventQueue-OpenPipelineForHealthyPipelineSafeModeRule] INFO  safemode.SCMSafeModeManager (SCMSafeModeManager.java:validateSafeModeExitRules(219)) - ScmSafeModeManager, all rules are successfully validated
2022-05-17 16:32:21,208 [EventQueue-OpenPipelineForHealthyPipelineSafeModeRule] INFO  safemode.SCMSafeModeManager (SCMSafeModeManager.java:exitSafeMode(248)) - SCM exiting safe mode.
2022-05-17 16:32:21,208 [EventQueue-OpenPipelineForHealthyPipelineSafeModeRule] WARN  events.EventQueue (EventQueue.java:fireEvent(194)) - No event handler registered for event TypedEvent{payloadType=SafeModeStatus, name='Safe mode status'}
2022-05-17 16:32:21,208 [EventQueue-OpenPipelineForHealthyPipelineSafeModeRule] INFO  ha.SCMContext (SCMContext.java:updateSafeModeStatus(211)) - Update SafeModeStatus from SafeModeStatus{safeModeStatus=true, preCheckPassed=true} to SafeModeStatus{safeModeStatus=false, preCheckPassed=true}.
2022-05-17 16:32:21,209 [EventQueue-OpenPipelineForHealthyPipelineSafeModeRule] INFO  pipeline.BackgroundPipelineCreator (BackgroundPipelineCreator.java:notifyStatusChanged(251)) - Service BackgroundPipelineCreator transitions to RUNNING.
2022-05-17 16:32:21,209 [EventQueue-OpenPipelineForHealthyPipelineSafeModeRule] INFO  pipeline.BackgroundPipelineScrubber (BackgroundPipelineScrubber.java:notifyStatusChanged(88)) - Service BackgroundPipelineScrubber transitions to RUNNING.
2022-05-17 16:32:21,209 [EventQueue-OpenPipelineForHealthyPipelineSafeModeRule] INFO  replication.ReplicationManager (ReplicationManager.java:notifyStatusChanged(369)) - Service ReplicationManager transitions to RUNNING.
2022-05-17 16:32:21,212 [grpc-default-executor-0] INFO  server.RaftServer$Division (RaftServerImpl.java:requestVote(1078)) - 578b5bcf-dcdc-45ef-8ff1-e5518e85146b@group-EE3C833659ED replies to ELECTION vote request: 72e0ceb9-5347-471d-a209-f354019d6861<-578b5bcf-dcdc-45ef-8ff1-e5518e85146b#0:OK-t1. Peer's state: 578b5bcf-dcdc-45ef-8ff1-e5518e85146b@group-EE3C833659ED:t1, leader=null, voted=72e0ceb9-5347-471d-a209-f354019d6861, raftlog=578b5bcf-dcdc-45ef-8ff1-e5518e85146b@group-EE3C833659ED-SegmentedRaftLog:OPENED:c-1, conf=-1: [8099edad-facc-4fde-86f3-de93d0423d36|rpc:10.1.0.54:46435|priority:0, 578b5bcf-dcdc-45ef-8ff1-e5518e85146b|rpc:10.1.0.54:43863|priority:0, 72e0ceb9-5347-471d-a209-f354019d6861|rpc:10.1.0.54:42115|priority:1], old=null
2022-05-17 16:32:21,218 [72e0ceb9-5347-471d-a209-f354019d6861@group-EE3C833659ED-LeaderElection5] INFO  server.RaftServerConfigKeys (ConfUtils.java:logGet(44)) - raft.server.log.appender.snapshot.chunk.size.max = 16MB (=16777216) (default)
2022-05-17 16:32:21,218 [72e0ceb9-5347-471d-a209-f354019d6861@group-EE3C833659ED-LeaderElection5] INFO  server.RaftServerConfigKeys (ConfUtils.java:logGet(44)) - raft.server.log.appender.buffer.byte-limit = 33554432 (custom)
2022-05-17 16:32:21,219 [72e0ceb9-5347-471d-a209-f354019d6861@group-EE3C833659ED-LeaderElection5] INFO  server.RaftServerConfigKeys (ConfUtils.java:logGet(44)) - raft.server.log.appender.buffer.element-limit = 1 (custom)
2022-05-17 16:32:21,222 [72e0ceb9-5347-471d-a209-f354019d6861@group-EE3C833659ED-LeaderElection5] INFO  grpc.GrpcConfigKeys (ConfUtils.java:logGet(44)) - raft.grpc.server.leader.outstanding.appends.max = 128 (default)
2022-05-17 16:32:21,222 [72e0ceb9-5347-471d-a209-f354019d6861@group-EE3C833659ED-LeaderElection5] INFO  server.RaftServerConfigKeys (ConfUtils.java:logGet(44)) - raft.server.rpc.request.timeout = 60s (custom)
2022-05-17 16:32:21,222 [72e0ceb9-5347-471d-a209-f354019d6861@group-EE3C833659ED-LeaderElection5] INFO  server.RaftServerConfigKeys (ConfUtils.java:logGet(44)) - raft.server.log.appender.install.snapshot.enabled = false (custom)
2022-05-17 16:32:21,234 [72e0ceb9-5347-471d-a209-f354019d6861@group-EE3C833659ED-LeaderElection5] INFO  server.RaftServerConfigKeys (ConfUtils.java:logGet(44)) - raft.server.log.appender.snapshot.chunk.size.max = 16MB (=16777216) (default)
2022-05-17 16:32:21,234 [72e0ceb9-5347-471d-a209-f354019d6861@group-EE3C833659ED-LeaderElection5] INFO  server.RaftServerConfigKeys (ConfUtils.java:logGet(44)) - raft.server.log.appender.buffer.byte-limit = 33554432 (custom)
2022-05-17 16:32:21,235 [72e0ceb9-5347-471d-a209-f354019d6861@group-EE3C833659ED-LeaderElection5] INFO  server.RaftServerConfigKeys (ConfUtils.java:logGet(44)) - raft.server.log.appender.buffer.element-limit = 1 (custom)
2022-05-17 16:32:21,235 [72e0ceb9-5347-471d-a209-f354019d6861@group-EE3C833659ED-LeaderElection5] INFO  grpc.GrpcConfigKeys (ConfUtils.java:logGet(44)) - raft.grpc.server.leader.outstanding.appends.max = 128 (default)
2022-05-17 16:32:21,235 [72e0ceb9-5347-471d-a209-f354019d6861@group-EE3C833659ED-LeaderElection5] INFO  server.RaftServerConfigKeys (ConfUtils.java:logGet(44)) - raft.server.rpc.request.timeout = 60s (custom)
2022-05-17 16:32:21,235 [72e0ceb9-5347-471d-a209-f354019d6861@group-EE3C833659ED-LeaderElection5] INFO  server.RaftServerConfigKeys (ConfUtils.java:logGet(44)) - raft.server.log.appender.install.snapshot.enabled = false (custom)
2022-05-17 16:32:21,237 [72e0ceb9-5347-471d-a209-f354019d6861@group-EE3C833659ED-LeaderElection5] INFO  impl.RoleInfo (RoleInfo.java:updateAndGet(130)) - 72e0ceb9-5347-471d-a209-f354019d6861: start 72e0ceb9-5347-471d-a209-f354019d6861@group-EE3C833659ED-LeaderStateImpl
2022-05-17 16:32:21,237 [72e0ceb9-5347-471d-a209-f354019d6861@group-EE3C833659ED-LeaderElection5] INFO  segmented.SegmentedRaftLogWorker (SegmentedRaftLogWorker.java:startLogSegment(394)) - 72e0ceb9-5347-471d-a209-f354019d6861@group-EE3C833659ED-SegmentedRaftLogWorker: Starting segment from index:0
2022-05-17 16:32:21,242 [72e0ceb9-5347-471d-a209-f354019d6861@group-EE3C833659ED-SegmentedRaftLogWorker] INFO  segmented.SegmentedRaftLogWorker (SegmentedRaftLogWorker.java:execute(601)) - 72e0ceb9-5347-471d-a209-f354019d6861@group-EE3C833659ED-SegmentedRaftLogWorker: created new log segment /home/runner/work/ozone/ozone/hadoop-ozone/integration-test/target/test-dir/MiniOzoneClusterImpl-2a2cfd2a-819c-401a-9122-e0f1e4685d97/datanode-0/data/ratis/63c2ed9f-624e-4b3d-9796-ee3c833659ed/current/log_inprogress_0
2022-05-17 16:32:21,270 [72e0ceb9-5347-471d-a209-f354019d6861@group-EE3C833659ED-LeaderElection5] INFO  server.RaftServer$Division (ServerState.java:setRaftConf(387)) - 72e0ceb9-5347-471d-a209-f354019d6861@group-EE3C833659ED: set configuration 0: [8099edad-facc-4fde-86f3-de93d0423d36|rpc:10.1.0.54:46435|dataStream:|priority:0, 578b5bcf-dcdc-45ef-8ff1-e5518e85146b|rpc:10.1.0.54:43863|dataStream:|priority:0, 72e0ceb9-5347-471d-a209-f354019d6861|rpc:10.1.0.54:42115|dataStream:|priority:1], old=null
2022-05-17 16:32:21,296 [grpc-default-executor-0] INFO  ratis.XceiverServerRatis (XceiverServerRatis.java:handleLeaderChangedNotification(863)) - Leader change notification received for group: group-EE3C833659ED with new leaderId: 72e0ceb9-5347-471d-a209-f354019d6861
2022-05-17 16:32:21,297 [grpc-default-executor-0] INFO  server.RaftServer$Division (ServerState.java:setLeader(285)) - 578b5bcf-dcdc-45ef-8ff1-e5518e85146b@group-EE3C833659ED: change Leader from null to 72e0ceb9-5347-471d-a209-f354019d6861 at term 1 for appendEntries, leader elected after 5072ms
2022-05-17 16:32:21,307 [grpc-default-executor-1] INFO  ratis.XceiverServerRatis (XceiverServerRatis.java:handleLeaderChangedNotification(863)) - Leader change notification received for group: group-EE3C833659ED with new leaderId: 72e0ceb9-5347-471d-a209-f354019d6861
2022-05-17 16:32:21,307 [grpc-default-executor-1] INFO  server.RaftServer$Division (ServerState.java:setLeader(285)) - 8099edad-facc-4fde-86f3-de93d0423d36@group-EE3C833659ED: change Leader from null to 72e0ceb9-5347-471d-a209-f354019d6861 at term 1 for appendEntries, leader elected after 5176ms
2022-05-17 16:32:21,326 [578b5bcf-dcdc-45ef-8ff1-e5518e85146b@group-602123666C26-FollowerState] INFO  impl.FollowerState (FollowerState.java:run(134)) - 578b5bcf-dcdc-45ef-8ff1-e5518e85146b@group-602123666C26-FollowerState: change to CANDIDATE, lastRpcElapsedTime:5120122063ns, electionTimeout:5105ms
2022-05-17 16:32:21,326 [578b5bcf-dcdc-45ef-8ff1-e5518e85146b@group-602123666C26-FollowerState] INFO  impl.RoleInfo (RoleInfo.java:shutdownFollowerState(108)) - 578b5bcf-dcdc-45ef-8ff1-e5518e85146b: shutdown 578b5bcf-dcdc-45ef-8ff1-e5518e85146b@group-602123666C26-FollowerState
2022-05-17 16:32:21,327 [578b5bcf-dcdc-45ef-8ff1-e5518e85146b@group-602123666C26-FollowerState] INFO  server.RaftServer$Division (RaftServerImpl.java:setRole(290)) - 578b5bcf-dcdc-45ef-8ff1-e5518e85146b@group-602123666C26: changes role from  FOLLOWER to CANDIDATE at term 0 for changeToCandidate
2022-05-17 16:32:21,327 [578b5bcf-dcdc-45ef-8ff1-e5518e85146b@group-602123666C26-FollowerState] INFO  server.RaftServerConfigKeys (ConfUtils.java:logGet(44)) - raft.server.leaderelection.pre-vote = false (custom)
2022-05-17 16:32:21,327 [578b5bcf-dcdc-45ef-8ff1-e5518e85146b@group-602123666C26-FollowerState] INFO  impl.RoleInfo (RoleInfo.java:updateAndGet(130)) - 578b5bcf-dcdc-45ef-8ff1-e5518e85146b: start 578b5bcf-dcdc-45ef-8ff1-e5518e85146b@group-602123666C26-LeaderElection6
2022-05-17 16:32:21,333 [grpc-default-executor-1] INFO  server.RaftServer$Division (ServerState.java:setRaftConf(387)) - 8099edad-facc-4fde-86f3-de93d0423d36@group-EE3C833659ED: set configuration 0: [8099edad-facc-4fde-86f3-de93d0423d36|rpc:10.1.0.54:46435|dataStream:|priority:0, 578b5bcf-dcdc-45ef-8ff1-e5518e85146b|rpc:10.1.0.54:43863|dataStream:|priority:0, 72e0ceb9-5347-471d-a209-f354019d6861|rpc:10.1.0.54:42115|dataStream:|priority:1], old=null
2022-05-17 16:32:21,334 [grpc-default-executor-1] INFO  segmented.SegmentedRaftLogWorker (SegmentedRaftLogWorker.java:startLogSegment(394)) - 8099edad-facc-4fde-86f3-de93d0423d36@group-EE3C833659ED-SegmentedRaftLogWorker: Starting segment from index:0
2022-05-17 16:32:21,335 [grpc-default-executor-0] INFO  server.RaftServer$Division (ServerState.java:setRaftConf(387)) - 578b5bcf-dcdc-45ef-8ff1-e5518e85146b@group-EE3C833659ED: set configuration 0: [8099edad-facc-4fde-86f3-de93d0423d36|rpc:10.1.0.54:46435|dataStream:|priority:0, 578b5bcf-dcdc-45ef-8ff1-e5518e85146b|rpc:10.1.0.54:43863|dataStream:|priority:0, 72e0ceb9-5347-471d-a209-f354019d6861|rpc:10.1.0.54:42115|dataStream:|priority:1], old=null
2022-05-17 16:32:21,336 [grpc-default-executor-0] INFO  segmented.SegmentedRaftLogWorker (SegmentedRaftLogWorker.java:startLogSegment(394)) - 578b5bcf-dcdc-45ef-8ff1-e5518e85146b@group-EE3C833659ED-SegmentedRaftLogWorker: Starting segment from index:0
2022-05-17 16:32:21,336 [8099edad-facc-4fde-86f3-de93d0423d36@group-EE3C833659ED-SegmentedRaftLogWorker] INFO  segmented.SegmentedRaftLogWorker (SegmentedRaftLogWorker.java:execute(601)) - 8099edad-facc-4fde-86f3-de93d0423d36@group-EE3C833659ED-SegmentedRaftLogWorker: created new log segment /home/runner/work/ozone/ozone/hadoop-ozone/integration-test/target/test-dir/MiniOzoneClusterImpl-2a2cfd2a-819c-401a-9122-e0f1e4685d97/datanode-1/data/ratis/63c2ed9f-624e-4b3d-9796-ee3c833659ed/current/log_inprogress_0
2022-05-17 16:32:21,338 [578b5bcf-dcdc-45ef-8ff1-e5518e85146b@group-EE3C833659ED-SegmentedRaftLogWorker] INFO  segmented.SegmentedRaftLogWorker (SegmentedRaftLogWorker.java:execute(601)) - 578b5bcf-dcdc-45ef-8ff1-e5518e85146b@group-EE3C833659ED-SegmentedRaftLogWorker: created new log segment /home/runner/work/ozone/ozone/hadoop-ozone/integration-test/target/test-dir/MiniOzoneClusterImpl-2a2cfd2a-819c-401a-9122-e0f1e4685d97/datanode-2/data/ratis/63c2ed9f-624e-4b3d-9796-ee3c833659ed/current/log_inprogress_0
2022-05-17 16:32:21,353 [578b5bcf-dcdc-45ef-8ff1-e5518e85146b@group-602123666C26-LeaderElection6] INFO  impl.LeaderElection (LeaderElection.java:askForVotes(306)) - 578b5bcf-dcdc-45ef-8ff1-e5518e85146b@group-602123666C26-LeaderElection6 ELECTION round 0: submit vote requests at term 1 for -1: [578b5bcf-dcdc-45ef-8ff1-e5518e85146b|rpc:10.1.0.54:43863|priority:1], old=null
2022-05-17 16:32:21,353 [578b5bcf-dcdc-45ef-8ff1-e5518e85146b@group-602123666C26-LeaderElection6] INFO  impl.LeaderElection (LeaderElection.java:askForVotes(308)) - 578b5bcf-dcdc-45ef-8ff1-e5518e85146b@group-602123666C26-LeaderElection6 ELECTION round 0: result PASSED (term=1)
2022-05-17 16:32:21,353 [578b5bcf-dcdc-45ef-8ff1-e5518e85146b@group-602123666C26-LeaderElection6] INFO  impl.RoleInfo (RoleInfo.java:shutdownLeaderElection(121)) - 578b5bcf-dcdc-45ef-8ff1-e5518e85146b: shutdown 578b5bcf-dcdc-45ef-8ff1-e5518e85146b@group-602123666C26-LeaderElection6
2022-05-17 16:32:21,354 [578b5bcf-dcdc-45ef-8ff1-e5518e85146b@group-602123666C26-LeaderElection6] INFO  server.RaftServer$Division (RaftServerImpl.java:setRole(290)) - 578b5bcf-dcdc-45ef-8ff1-e5518e85146b@group-602123666C26: changes role from CANDIDATE to LEADER at term 1 for changeToLeader
2022-05-17 16:32:21,354 [578b5bcf-dcdc-45ef-8ff1-e5518e85146b@group-602123666C26-LeaderElection6] INFO  ratis.XceiverServerRatis (XceiverServerRatis.java:handleLeaderChangedNotification(863)) - Leader change notification received for group: group-602123666C26 with new leaderId: 578b5bcf-dcdc-45ef-8ff1-e5518e85146b
2022-05-17 16:32:21,354 [578b5bcf-dcdc-45ef-8ff1-e5518e85146b@group-602123666C26-LeaderElection6] INFO  server.RaftServer$Division (ServerState.java:setLeader(285)) - 578b5bcf-dcdc-45ef-8ff1-e5518e85146b@group-602123666C26: change Leader from null to 578b5bcf-dcdc-45ef-8ff1-e5518e85146b at term 1 for becomeLeader, leader elected after 5161ms
2022-05-17 16:32:21,354 [578b5bcf-dcdc-45ef-8ff1-e5518e85146b@group-602123666C26-LeaderElection6] INFO  server.RaftServerConfigKeys (ConfUtils.java:logGet(44)) - raft.server.staging.catchup.gap = 1000 (default)
2022-05-17 16:32:21,354 [578b5bcf-dcdc-45ef-8ff1-e5518e85146b@group-602123666C26-LeaderElection6] INFO  server.RaftServerConfigKeys (ConfUtils.java:logGet(44)) - raft.server.write.element-limit = 1024 (custom)
2022-05-17 16:32:21,355 [578b5bcf-dcdc-45ef-8ff1-e5518e85146b@group-602123666C26-LeaderElection6] INFO  server.RaftServerConfigKeys (ConfUtils.java:logGet(44)) - raft.server.write.byte-limit = 1024 M (=1073741824) (custom)
2022-05-17 16:32:21,355 [578b5bcf-dcdc-45ef-8ff1-e5518e85146b@group-602123666C26-LeaderElection6] INFO  server.RaftServerConfigKeys (ConfUtils.java:logGet(44)) - raft.server.watch.timeout = 180s (custom)
2022-05-17 16:32:21,355 [578b5bcf-dcdc-45ef-8ff1-e5518e85146b@group-602123666C26-LeaderElection6] INFO  server.RaftServerConfigKeys (ConfUtils.java:logGet(44)) - raft.server.watch.timeout.denomination = 1s (default)
2022-05-17 16:32:21,355 [578b5bcf-dcdc-45ef-8ff1-e5518e85146b@group-602123666C26-LeaderElection6] INFO  server.RaftServerConfigKeys (ConfUtils.java:logGet(44)) - raft.server.watch.element-limit = 65536 (default)
2022-05-17 16:32:21,355 [578b5bcf-dcdc-45ef-8ff1-e5518e85146b@group-602123666C26-LeaderElection6] INFO  server.RaftServerConfigKeys (ConfUtils.java:logGet(44)) - raft.server.write.element-limit = 1024 (custom)
2022-05-17 16:32:21,355 [578b5bcf-dcdc-45ef-8ff1-e5518e85146b@group-602123666C26-LeaderElection6] INFO  server.RaftServerConfigKeys (ConfUtils.java:logGet(44)) - raft.server.write.follower.gap.ratio.max = -1.0 (default)
2022-05-17 16:32:21,355 [578b5bcf-dcdc-45ef-8ff1-e5518e85146b@group-602123666C26-LeaderElection6] INFO  impl.RoleInfo (RoleInfo.java:updateAndGet(130)) - 578b5bcf-dcdc-45ef-8ff1-e5518e85146b: start 578b5bcf-dcdc-45ef-8ff1-e5518e85146b@group-602123666C26-LeaderStateImpl
2022-05-17 16:32:21,356 [578b5bcf-dcdc-45ef-8ff1-e5518e85146b@group-602123666C26-LeaderElection6] INFO  segmented.SegmentedRaftLogWorker (SegmentedRaftLogWorker.java:startLogSegment(394)) - 578b5bcf-dcdc-45ef-8ff1-e5518e85146b@group-602123666C26-SegmentedRaftLogWorker: Starting segment from index:0
2022-05-17 16:32:21,358 [578b5bcf-dcdc-45ef-8ff1-e5518e85146b@group-602123666C26-SegmentedRaftLogWorker] INFO  segmented.SegmentedRaftLogWorker (SegmentedRaftLogWorker.java:execute(601)) - 578b5bcf-dcdc-45ef-8ff1-e5518e85146b@group-602123666C26-SegmentedRaftLogWorker: created new log segment /home/runner/work/ozone/ozone/hadoop-ozone/integration-test/target/test-dir/MiniOzoneClusterImpl-2a2cfd2a-819c-401a-9122-e0f1e4685d97/datanode-2/data/ratis/becbc762-24a8-4224-8f27-602123666c26/current/log_inprogress_0
2022-05-17 16:32:21,378 [578b5bcf-dcdc-45ef-8ff1-e5518e85146b@group-602123666C26-LeaderElection6] INFO  server.RaftServer$Division (ServerState.java:setRaftConf(387)) - 578b5bcf-dcdc-45ef-8ff1-e5518e85146b@group-602123666C26: set configuration 0: [578b5bcf-dcdc-45ef-8ff1-e5518e85146b|rpc:10.1.0.54:43863|dataStream:|priority:1], old=null
2022-05-17 16:32:22,179 [Listener at 127.0.0.1/41559] INFO  ozone.MiniOzoneClusterImpl (MiniOzoneClusterImpl.java:lambda$waitForClusterToBeReady$0(221)) - Nodes are ready. Got 3 of 3 DN Heartbeats.
2022-05-17 16:32:22,179 [Listener at 127.0.0.1/41559] INFO  ozone.MiniOzoneClusterImpl (MiniOzoneClusterImpl.java:lambda$waitForClusterToBeReady$0(224)) - Cluster exits safe mode
2022-05-17 16:32:22,179 [Listener at 127.0.0.1/41559] INFO  ozone.MiniOzoneClusterImpl (MiniOzoneClusterImpl.java:lambda$waitForClusterToBeReady$0(226)) - SCM became leader
]]></system-out>
    <rerunFailure type="java.lang.AssertionError">
      <stackTrace><![CDATA[java.lang.AssertionError
	at org.junit.Assert.fail(Assert.java:87)
	at org.junit.Assert.assertTrue(Assert.java:42)
	at org.junit.Assert.assertTrue(Assert.java:53)
	at org.apache.hadoop.hdds.scm.TestRatisPipelineLeader.testLeaderIdAfterLeaderChange(TestRatisPipelineLeader.java:119)
	at sun.reflect.NativeMethodAccessorImpl.invoke0(Native Method)
	at sun.reflect.NativeMethodAccessorImpl.invoke(NativeMethodAccessorImpl.java:62)
	at sun.reflect.DelegatingMethodAccessorImpl.invoke(DelegatingMethodAccessorImpl.java:43)
	at java.lang.reflect.Method.invoke(Method.java:498)
	at org.junit.platform.commons.util.ReflectionUtils.invokeMethod(ReflectionUtils.java:688)
	at org.junit.jupiter.engine.execution.MethodInvocation.proceed(MethodInvocation.java:60)
	at org.junit.jupiter.engine.execution.InvocationInterceptorChain$ValidatingInvocation.proceed(InvocationInterceptorChain.java:131)
	at org.junit.jupiter.engine.extension.TimeoutInvocation.proceed(TimeoutInvocation.java:46)
	at org.junit.jupiter.engine.extension.TimeoutExtension.intercept(TimeoutExtension.java:149)
	at org.junit.jupiter.engine.extension.TimeoutExtension.interceptTestableMethod(TimeoutExtension.java:140)
	at org.junit.jupiter.engine.extension.TimeoutExtension.interceptTestMethod(TimeoutExtension.java:84)
	at org.junit.jupiter.engine.execution.ExecutableInvoker$ReflectiveInterceptorCall.lambda$ofVoidMethod$0(ExecutableInvoker.java:115)
	at org.junit.jupiter.engine.execution.ExecutableInvoker.lambda$invoke$0(ExecutableInvoker.java:105)
	at org.junit.jupiter.engine.execution.InvocationInterceptorChain$InterceptedInvocation.proceed(InvocationInterceptorChain.java:106)
	at org.junit.jupiter.engine.execution.InvocationInterceptorChain.proceed(InvocationInterceptorChain.java:64)
	at org.junit.jupiter.engine.execution.InvocationInterceptorChain.chainAndInvoke(InvocationInterceptorChain.java:45)
	at org.junit.jupiter.engine.execution.InvocationInterceptorChain.invoke(InvocationInterceptorChain.java:37)
	at org.junit.jupiter.engine.execution.ExecutableInvoker.invoke(ExecutableInvoker.java:104)
	at org.junit.jupiter.engine.execution.ExecutableInvoker.invoke(ExecutableInvoker.java:98)
	at org.junit.jupiter.engine.descriptor.TestMethodTestDescriptor.lambda$invokeTestMethod$6(TestMethodTestDescriptor.java:210)
	at org.junit.platform.engine.support.hierarchical.ThrowableCollector.execute(ThrowableCollector.java:73)
	at org.junit.jupiter.engine.descriptor.TestMethodTestDescriptor.invokeTestMethod(TestMethodTestDescriptor.java:206)
	at org.junit.jupiter.engine.descriptor.TestMethodTestDescriptor.execute(TestMethodTestDescriptor.java:131)
	at org.junit.jupiter.engine.descriptor.TestMethodTestDescriptor.execute(TestMethodTestDescriptor.java:65)
	at org.junit.platform.engine.support.hierarchical.NodeTestTask.lambda$executeRecursively$5(NodeTestTask.java:139)
	at org.junit.platform.engine.support.hierarchical.ThrowableCollector.execute(ThrowableCollector.java:73)
	at org.junit.platform.engine.support.hierarchical.NodeTestTask.lambda$executeRecursively$7(NodeTestTask.java:129)
	at org.junit.platform.engine.support.hierarchical.Node.around(Node.java:137)
	at org.junit.platform.engine.support.hierarchical.NodeTestTask.lambda$executeRecursively$8(NodeTestTask.java:127)
	at org.junit.platform.engine.support.hierarchical.ThrowableCollector.execute(ThrowableCollector.java:73)
	at org.junit.platform.engine.support.hierarchical.NodeTestTask.executeRecursively(NodeTestTask.java:126)
	at org.junit.platform.engine.support.hierarchical.NodeTestTask.execute(NodeTestTask.java:84)
	at java.util.ArrayList.forEach(ArrayList.java:1259)
	at org.junit.platform.engine.support.hierarchical.SameThreadHierarchicalTestExecutorService.invokeAll(SameThreadHierarchicalTestExecutorService.java:38)
	at org.junit.platform.engine.support.hierarchical.NodeTestTask.lambda$executeRecursively$5(NodeTestTask.java:143)
	at org.junit.platform.engine.support.hierarchical.ThrowableCollector.execute(ThrowableCollector.java:73)
	at org.junit.platform.engine.support.hierarchical.NodeTestTask.lambda$executeRecursively$7(NodeTestTask.java:129)
	at org.junit.platform.engine.support.hierarchical.Node.around(Node.java:137)
	at org.junit.platform.engine.support.hierarchical.NodeTestTask.lambda$executeRecursively$8(NodeTestTask.java:127)
	at org.junit.platform.engine.support.hierarchical.ThrowableCollector.execute(ThrowableCollector.java:73)
	at org.junit.platform.engine.support.hierarchical.NodeTestTask.executeRecursively(NodeTestTask.java:126)
	at org.junit.platform.engine.support.hierarchical.NodeTestTask.execute(NodeTestTask.java:84)
	at java.util.ArrayList.forEach(ArrayList.java:1259)
	at org.junit.platform.engine.support.hierarchical.SameThreadHierarchicalTestExecutorService.invokeAll(SameThreadHierarchicalTestExecutorService.java:38)
	at org.junit.platform.engine.support.hierarchical.NodeTestTask.lambda$executeRecursively$5(NodeTestTask.java:143)
	at org.junit.platform.engine.support.hierarchical.ThrowableCollector.execute(ThrowableCollector.java:73)
	at org.junit.platform.engine.support.hierarchical.NodeTestTask.lambda$executeRecursively$7(NodeTestTask.java:129)
	at org.junit.platform.engine.support.hierarchical.Node.around(Node.java:137)
	at org.junit.platform.engine.support.hierarchical.NodeTestTask.lambda$executeRecursively$8(NodeTestTask.java:127)
	at org.junit.platform.engine.support.hierarchical.ThrowableCollector.execute(ThrowableCollector.java:73)
	at org.junit.platform.engine.support.hierarchical.NodeTestTask.executeRecursively(NodeTestTask.java:126)
	at org.junit.platform.engine.support.hierarchical.NodeTestTask.execute(NodeTestTask.java:84)
	at org.junit.platform.engine.support.hierarchical.SameThreadHierarchicalTestExecutorService.submit(SameThreadHierarchicalTestExecutorService.java:32)
	at org.junit.platform.engine.support.hierarchical.HierarchicalTestExecutor.execute(HierarchicalTestExecutor.java:57)
	at org.junit.platform.engine.support.hierarchical.HierarchicalTestEngine.execute(HierarchicalTestEngine.java:51)
	at org.junit.platform.launcher.core.EngineExecutionOrchestrator.execute(EngineExecutionOrchestrator.java:108)
	at org.junit.platform.launcher.core.EngineExecutionOrchestrator.execute(EngineExecutionOrchestrator.java:88)
	at org.junit.platform.launcher.core.EngineExecutionOrchestrator.lambda$execute$0(EngineExecutionOrchestrator.java:54)
	at org.junit.platform.launcher.core.EngineExecutionOrchestrator.withInterceptedStreams(EngineExecutionOrchestrator.java:67)
	at org.junit.platform.launcher.core.EngineExecutionOrchestrator.execute(EngineExecutionOrchestrator.java:52)
	at org.junit.platform.launcher.core.DefaultLauncher.execute(DefaultLauncher.java:96)
	at org.junit.platform.launcher.core.DefaultLauncher.execute(DefaultLauncher.java:75)
	at org.apache.maven.surefire.junitplatform.JUnitPlatformProvider.invokeAllTests(JUnitPlatformProvider.java:165)
	at org.apache.maven.surefire.junitplatform.JUnitPlatformProvider.invoke(JUnitPlatformProvider.java:124)
	at org.apache.maven.surefire.booter.ForkedBooter.runSuitesInProcess(ForkedBooter.java:428)
	at org.apache.maven.surefire.booter.ForkedBooter.execute(ForkedBooter.java:162)
	at org.apache.maven.surefire.booter.ForkedBooter.run(ForkedBooter.java:562)
	at org.apache.maven.surefire.booter.ForkedBooter.main(ForkedBooter.java:548)
]]></stackTrace>
      <system-out><![CDATA[2022-05-17 16:32:42,922 [Listener at 127.0.0.1/41559] WARN  server.ServerUtils (ServerUtils.java:getScmDbDir(148)) - ozone.scm.db.dirs is not configured. We recommend adding this setting. Falling back to ozone.metadata.dirs instead.
2022-05-17 16:32:42,930 [Listener at 127.0.0.1/41559] INFO  ha.SCMHANodeDetails (SCMHANodeDetails.java:loadSCMHAConfig(160)) - ServiceID for StorageContainerManager is null
2022-05-17 16:32:42,930 [Listener at 127.0.0.1/41559] INFO  ha.SCMHANodeDetails (SCMHANodeDetails.java:loadSCMHAConfig(165)) - ozone.scm.default.service.id is not defined, falling back to ozone.scm.service.ids to find serviceID for StorageContainerManager if it is HA enabled cluster
2022-05-17 16:32:42,933 [Listener at 127.0.0.1/41559] WARN  server.ServerUtils (ServerUtils.java:getScmDbDir(148)) - ozone.scm.db.dirs is not configured. We recommend adding this setting. Falling back to ozone.metadata.dirs instead.
2022-05-17 16:32:42,933 [Listener at 127.0.0.1/41559] INFO  upgrade.AbstractLayoutVersionManager (AbstractLayoutVersionManager.java:init(79)) - Initializing Layout version manager with metadata layout = ERASURE_CODED_STORAGE_SUPPORT (version = 3), software layout = ERASURE_CODED_STORAGE_SUPPORT (version = 3)
2022-05-17 16:32:43,105 [Listener at 127.0.0.1/41559] INFO  reflections.Reflections (Reflections.java:scan(232)) - Reflections took 170 ms to scan 7 urls, producing 127 keys and 292 values 
2022-05-17 16:32:43,117 [Listener at 127.0.0.1/41559] WARN  utils.HAUtils (HAUtils.java:getMetaDir(342)) - ozone.scm.db.dirs is not configured. We recommend adding this setting. Falling back to ozone.metadata.dirs instead.
2022-05-17 16:32:43,118 [Listener at 127.0.0.1/41559] WARN  db.DBStoreBuilder (DBStoreBuilder.java:applyDBDefinition(145)) - ozone.scm.db.dirs is not configured. We recommend adding this setting. Falling back to ozone.metadata.dirs instead.
2022-05-17 16:32:43,359 [Listener at 127.0.0.1/41559] INFO  net.NodeSchemaLoader (NodeSchemaLoader.java:loadSchemaFromFile(129)) - Loading schema from [jar:file:/home/runner/.m2/repository/org/apache/ozone/hdds-common/1.3.0-SNAPSHOT/hdds-common-1.3.0-SNAPSHOT.jar!/network-topology-default.xml]
2022-05-17 16:32:43,359 [Listener at 127.0.0.1/41559] INFO  net.NodeSchemaLoader (NodeSchemaLoader.java:loadSchema(176)) - Loading network topology layer schema file
2022-05-17 16:32:43,374 [Listener at 127.0.0.1/41559] INFO  ha.SequenceIdGenerator (SequenceIdGenerator.java:upgradeToSequenceId(347)) - upgrade localId to 109611004723200000
2022-05-17 16:32:43,374 [Listener at 127.0.0.1/41559] INFO  ha.SequenceIdGenerator (SequenceIdGenerator.java:upgradeToSequenceId(357)) - upgrade delTxnId to 0
2022-05-17 16:32:43,375 [Listener at 127.0.0.1/41559] INFO  ha.SequenceIdGenerator (SequenceIdGenerator.java:upgradeToSequenceId(371)) - upgrade containerId to 0
2022-05-17 16:32:43,375 [Listener at 127.0.0.1/41559] INFO  ha.SequenceIdGenerator (SequenceIdGenerator.java:<init>(218)) - Init the HA SequenceIdGenerator.
2022-05-17 16:32:43,379 [Listener at 127.0.0.1/41559] WARN  server.ServerUtils (ServerUtils.java:sanitizeUserArgs(73)) - ozone.scm.stale.node.interval value = 300000 is larger than max = 100000 based on the key value of ozone.scm.heartbeat.thread.interval, reset to the max value 100000.
2022-05-17 16:32:43,379 [Listener at 127.0.0.1/41559] WARN  server.ServerUtils (ServerUtils.java:sanitizeUserArgs(73)) - ozone.scm.stale.node.interval value = 300000 is larger than max = 100000 based on the key value of ozone.scm.heartbeat.thread.interval, reset to the max value 100000.
2022-05-17 16:32:43,379 [Listener at 127.0.0.1/41559] INFO  node.SCMNodeManager (SCMNodeManager.java:<init>(148)) - Entering startup safe mode.
2022-05-17 16:32:43,380 [Listener at 127.0.0.1/41559] INFO  algorithms.ContainerPlacementPolicyFactory (ContainerPlacementPolicyFactory.java:getPolicyInternal(86)) - Create container placement policy of type org.apache.hadoop.hdds.scm.container.placement.algorithms.SCMContainerPlacementRandom
2022-05-17 16:32:43,380 [Listener at 127.0.0.1/41559] INFO  pipeline.PipelineStateManagerImpl (PipelineStateManagerImpl.java:initialize(78)) - No pipeline exists in current db
2022-05-17 16:32:43,381 [Listener at 127.0.0.1/41559] INFO  algorithms.LeaderChoosePolicyFactory (LeaderChoosePolicyFactory.java:getPolicy(57)) - Create leader choose policy of type org.apache.hadoop.hdds.scm.pipeline.leader.choose.algorithms.MinLeaderCountChoosePolicy
2022-05-17 16:32:43,381 [Listener at 127.0.0.1/41559] INFO  algorithms.ContainerPlacementPolicyFactory (ContainerPlacementPolicyFactory.java:getPolicyInternal(86)) - Create container placement policy of type org.apache.hadoop.hdds.scm.container.placement.algorithms.SCMContainerPlacementRackScatter
2022-05-17 16:32:43,381 [Listener at 127.0.0.1/41559] INFO  pipeline.BackgroundPipelineCreator (BackgroundPipelineCreator.java:start(125)) - Starting RatisPipelineUtilsThread.
2022-05-17 16:32:43,386 [Listener at 127.0.0.1/41559] INFO  pipeline.BackgroundPipelineScrubber (BackgroundPipelineScrubber.java:start(126)) - Starting BackgroundPipelineScrubber Service.
2022-05-17 16:32:43,402 [Listener at 127.0.0.1/41559] INFO  ha.SCMServiceManager (SCMServiceManager.java:register(42)) - Registering service BackgroundPipelineCreator.
2022-05-17 16:32:43,403 [Listener at 127.0.0.1/41559] INFO  ha.SCMServiceManager (SCMServiceManager.java:register(42)) - Registering service BackgroundPipelineScrubber.
2022-05-17 16:32:43,403 [Listener at 127.0.0.1/41559] INFO  algorithms.PipelineChoosePolicyFactory (PipelineChoosePolicyFactory.java:createPipelineChoosePolicyFromClass(73)) - Create pipeline choose policy of type org.apache.hadoop.hdds.scm.pipeline.choose.algorithms.RandomPipelineChoosePolicy
2022-05-17 16:32:43,404 [Listener at 127.0.0.1/41559] INFO  ha.SCMServiceManager (SCMServiceManager.java:register(42)) - Registering service SCMBlockDeletingService.
2022-05-17 16:32:43,405 [Listener at 127.0.0.1/41559] INFO  ha.SCMServiceManager (SCMServiceManager.java:register(42)) - Registering service ReplicationManager.
2022-05-17 16:32:43,405 [Listener at 127.0.0.1/41559] INFO  replication.ReplicationManager (ReplicationManager.java:start(176)) - Starting Replication Monitor Thread.
2022-05-17 16:32:43,411 [Listener at 127.0.0.1/41559] INFO  safemode.ContainerSafeModeRule (ContainerSafeModeRule.java:<init>(89)) - containers with one replica threshold count 0
2022-05-17 16:32:43,411 [Listener at 127.0.0.1/41559] INFO  safemode.HealthyPipelineSafeModeRule (HealthyPipelineSafeModeRule.java:initializeRule(156)) - Total pipeline count is 0, healthy pipeline threshold count is 1
2022-05-17 16:32:43,411 [Listener at 127.0.0.1/41559] INFO  safemode.OneReplicaPipelineSafeModeRule (OneReplicaPipelineSafeModeRule.java:initializeRule(180)) - Total pipeline count is 0, pipeline's with at least one datanode reported threshold count is 0
2022-05-17 16:32:43,416 [ReplicationMonitor] INFO  replication.ReplicationManager (ReplicationManager.java:processAll(225)) - Replication Manager is not ready to run until 3000ms after safemode exit
2022-05-17 16:32:43,418 [Listener at 127.0.0.1/41559] INFO  ipc.CallQueueManager (CallQueueManager.java:<init>(90)) - Using callQueue: class java.util.concurrent.LinkedBlockingQueue, queueCapacity: 2000, scheduler: class org.apache.hadoop.ipc.DefaultRpcScheduler, ipcBackoff: false.
2022-05-17 16:32:43,423 [Socket Reader #1 for port 0] INFO  ipc.Server (Server.java:run(1265)) - Starting Socket Reader #1 for port 0
2022-05-17 16:32:43,424 [Listener at 0.0.0.0/38619] INFO  ipc.CallQueueManager (CallQueueManager.java:<init>(90)) - Using callQueue: class java.util.concurrent.LinkedBlockingQueue, queueCapacity: 2000, scheduler: class org.apache.hadoop.ipc.DefaultRpcScheduler, ipcBackoff: false.
2022-05-17 16:32:43,430 [Socket Reader #1 for port 0] INFO  ipc.Server (Server.java:run(1265)) - Starting Socket Reader #1 for port 0
2022-05-17 16:32:43,431 [Listener at 0.0.0.0/34825] INFO  ipc.CallQueueManager (CallQueueManager.java:<init>(90)) - Using callQueue: class java.util.concurrent.LinkedBlockingQueue, queueCapacity: 2000, scheduler: class org.apache.hadoop.ipc.DefaultRpcScheduler, ipcBackoff: false.
2022-05-17 16:32:43,432 [Socket Reader #1 for port 0] INFO  ipc.Server (Server.java:run(1265)) - Starting Socket Reader #1 for port 0
2022-05-17 16:32:43,506 [Listener at 0.0.0.0/46109] INFO  server.StorageContainerManager (StorageContainerManager.java:<init>(395)) - 
Container Balancer status:
Key                            Value
Running                        false
Container Balancer Configuration values:
Key                                                Value
Threshold                                          10
Max Datanodes to Involve per Iteration(percent)    20
Max Size to Move per Iteration                     500GB
Max Size Entering Target per Iteration             26GB
Max Size Leaving Source per Iteration              26GB

2022-05-17 16:32:43,506 [Listener at 0.0.0.0/46109] WARN  events.EventQueue (EventQueue.java:fireEvent(194)) - No event handler registered for event TypedEvent{payloadType=SafeModeStatus, name='Safe mode status'}
2022-05-17 16:32:43,506 [Listener at 0.0.0.0/46109] INFO  ha.SCMContext (SCMContext.java:updateSafeModeStatus(211)) - Update SafeModeStatus from SafeModeStatus{safeModeStatus=true, preCheckPassed=false} to SafeModeStatus{safeModeStatus=true, preCheckPassed=false}.
2022-05-17 16:32:43,507 [Listener at 0.0.0.0/46109] INFO  server.StorageContainerManager (StorageContainerManager.java:start(1347)) - StorageContainerLocationProtocol RPC server is listening at /0.0.0.0:46109
2022-05-17 16:32:43,509 [Listener at 0.0.0.0/46109] WARN  impl.MetricsConfig (MetricsConfig.java:loadFirst(136)) - Cannot locate configuration: tried hadoop-metrics2-storagecontainermanager.properties,hadoop-metrics2.properties
2022-05-17 16:32:43,517 [Listener at 0.0.0.0/46109] INFO  impl.MetricsSystemImpl (MetricsSystemImpl.java:startTimer(378)) - Scheduled Metric snapshot period at 10 second(s).
2022-05-17 16:32:43,518 [Listener at 0.0.0.0/46109] INFO  impl.MetricsSystemImpl (MetricsSystemImpl.java:start(191)) - StorageContainerManager metrics system started
2022-05-17 16:32:43,541 [Listener at 0.0.0.0/46109] INFO  impl.MetricsSinkAdapter (MetricsSinkAdapter.java:start(204)) - Sink prometheus started
2022-05-17 16:32:43,552 [Listener at 0.0.0.0/46109] INFO  impl.MetricsSystemImpl (MetricsSystemImpl.java:registerSink(305)) - Registered sink prometheus
2022-05-17 16:32:43,607 [Listener at 0.0.0.0/46109] INFO  server.SCMClientProtocolServer (SCMClientProtocolServer.java:start(169)) - RPC server for Client  is listening at /0.0.0.0:46109
2022-05-17 16:32:43,613 [IPC Server Responder] INFO  ipc.Server (Server.java:run(1507)) - IPC Server Responder: starting
2022-05-17 16:32:43,623 [IPC Server listener on 0] INFO  ipc.Server (Server.java:run(1344)) - IPC Server listener on 0: starting
2022-05-17 16:32:43,673 [Listener at 0.0.0.0/46109] INFO  server.StorageContainerManager (StorageContainerManager.java:start(1362)) - ScmBlockLocationProtocol RPC server is listening at /0.0.0.0:34825
2022-05-17 16:32:43,673 [Listener at 0.0.0.0/46109] INFO  server.SCMBlockProtocolServer (SCMBlockProtocolServer.java:start(151)) - RPC server for Block Protocol is listening at /0.0.0.0:34825
2022-05-17 16:32:43,676 [IPC Server Responder] INFO  ipc.Server (Server.java:run(1507)) - IPC Server Responder: starting
2022-05-17 16:32:43,676 [IPC Server listener on 0] INFO  ipc.Server (Server.java:run(1344)) - IPC Server listener on 0: starting
2022-05-17 16:32:43,726 [Listener at 0.0.0.0/46109] INFO  server.SCMDatanodeProtocolServer (SCMDatanodeProtocolServer.java:start(183)) - ScmDatanodeProtocol RPC server for DataNodes is listening at /0.0.0.0:38619
2022-05-17 16:32:43,735 [IPC Server Responder] INFO  ipc.Server (Server.java:run(1507)) - IPC Server Responder: starting
2022-05-17 16:32:43,738 [IPC Server listener on 0] INFO  ipc.Server (Server.java:run(1344)) - IPC Server listener on 0: starting
2022-05-17 16:32:43,793 [Listener at 0.0.0.0/46109] INFO  http.BaseHttpServer (BaseHttpServer.java:newHttpServer2BuilderForOzone(209)) - Starting Web-server for scm at: http://0.0.0.0:0
2022-05-17 16:32:43,793 [Listener at 0.0.0.0/46109] INFO  http.BaseHttpServer (BaseHttpServer.java:<init>(107)) - Hadoop Security Enabled: false Ozone Security Enabled: false Ozone HTTP Security Enabled: false 
2022-05-17 16:32:43,796 [Listener at 0.0.0.0/46109] INFO  server.AuthenticationFilter (AuthenticationFilter.java:constructSecretProvider(240)) - Unable to initialize FileSignerSecretProvider, falling back to use random secrets.
2022-05-17 16:32:43,801 [org.apache.hadoop.util.JvmPauseMonitor$Monitor@e9fcd1e] INFO  util.JvmPauseMonitor (JvmPauseMonitor.java:run(188)) - Starting JVM pause monitor
2022-05-17 16:32:43,801 [Listener at 0.0.0.0/46109] WARN  http.HttpRequestLog (HttpRequestLog.java:getRequestLog(103)) - Jetty request log can only be enabled using Log4j
2022-05-17 16:32:43,803 [Listener at 0.0.0.0/46109] INFO  http.HttpServer2 (HttpServer2.java:addGlobalFilter(1030)) - Added global filter 'safety' (class=org.apache.hadoop.hdds.server.http.HttpServer2$QuotingInputFilter)
2022-05-17 16:32:43,803 [Listener at 0.0.0.0/46109] INFO  http.HttpServer2 (HttpServer2.java:addFilter(1006)) - Added filter static_user_filter (class=org.apache.hadoop.http.lib.StaticUserWebFilter$StaticUserFilter) to context scm
2022-05-17 16:32:43,804 [Listener at 0.0.0.0/46109] INFO  http.HttpServer2 (HttpServer2.java:addFilter(1014)) - Added filter static_user_filter (class=org.apache.hadoop.http.lib.StaticUserWebFilter$StaticUserFilter) to context static
2022-05-17 16:32:43,804 [Listener at 0.0.0.0/46109] INFO  http.HttpServer2 (HttpServer2.java:addFilter(1014)) - Added filter static_user_filter (class=org.apache.hadoop.http.lib.StaticUserWebFilter$StaticUserFilter) to context logs
2022-05-17 16:32:43,805 [Listener at 0.0.0.0/46109] INFO  http.HttpServer2 (HttpServer2.java:bindListener(1249)) - Jetty bound to port 33691
2022-05-17 16:32:43,805 [Listener at 0.0.0.0/46109] INFO  server.Server (Server.java:doStart(375)) - jetty-9.4.43.v20210629; built: 2021-06-30T11:07:22.254Z; git: 526006ecfa3af7f1a27ef3a288e2bef7ea9dd7e8; jvm 1.8.0_332-b09
2022-05-17 16:32:43,807 [Listener at 0.0.0.0/46109] INFO  server.session (DefaultSessionIdManager.java:doStart(334)) - DefaultSessionIdManager workerName=node0
2022-05-17 16:32:43,808 [Listener at 0.0.0.0/46109] INFO  server.session (DefaultSessionIdManager.java:doStart(339)) - No SessionScavenger set, using defaults
2022-05-17 16:32:43,808 [Listener at 0.0.0.0/46109] INFO  server.session (HouseKeeper.java:startScavenging(132)) - node0 Scavenging every 660000ms
2022-05-17 16:32:43,809 [Listener at 0.0.0.0/46109] INFO  handler.ContextHandler (ContextHandler.java:doStart(915)) - Started o.e.j.s.ServletContextHandler@1cc1ddad{logs,/logs,file:///home/runner/work/ozone/ozone/hadoop-ozone/integration-test/target/log,AVAILABLE}
2022-05-17 16:32:43,809 [Listener at 0.0.0.0/46109] INFO  handler.ContextHandler (ContextHandler.java:doStart(915)) - Started o.e.j.s.ServletContextHandler@28b0eae9{static,/static,file:///home/runner/work/ozone/ozone/hadoop-ozone/integration-test/target/test-classes/webapps/static,AVAILABLE}
2022-05-17 16:32:43,814 [Listener at 0.0.0.0/46109] INFO  handler.ContextHandler (ContextHandler.java:doStart(915)) - Started o.e.j.w.WebAppContext@2b3d5c09{scm,/,file:///home/runner/work/ozone/ozone/hadoop-ozone/integration-test/target/test-classes/webapps/scm/,AVAILABLE}{file:/home/runner/work/ozone/ozone/hadoop-ozone/integration-test/target/test-classes/webapps/scm}
2022-05-17 16:32:43,828 [Listener at 0.0.0.0/46109] INFO  server.AbstractConnector (AbstractConnector.java:doStart(331)) - Started ServerConnector@21a7e209{HTTP/1.1, (http/1.1)}{0.0.0.0:33691}
2022-05-17 16:32:43,828 [Listener at 0.0.0.0/46109] INFO  server.Server (Server.java:doStart(415)) - Started @45026ms
2022-05-17 16:32:43,829 [Listener at 0.0.0.0/46109] WARN  impl.MetricsSystemImpl (MetricsSystemImpl.java:register(279)) - Sink prometheus already exists!
2022-05-17 16:32:43,830 [Listener at 0.0.0.0/46109] INFO  http.BaseHttpServer (BaseHttpServer.java:updateConnectorAddress(329)) - HTTP server of scm listening at http://0.0.0.0:33691
2022-05-17 16:32:43,830 [Listener at 0.0.0.0/46109] WARN  server.ServerUtils (ServerUtils.java:getDBPath(225)) - ozone.om.db.dirs is not configured. We recommend adding this setting. Falling back to ozone.metadata.dirs instead.
2022-05-17 16:32:43,839 [Listener at 0.0.0.0/46109] INFO  ha.OMHANodeDetails (OMHANodeDetails.java:loadOMHAConfig(115)) - ozone.om.internal.service.id is not defined, falling back to ozone.om.service.ids to find serviceID for OzoneManager if it is HA enabled cluster
2022-05-17 16:32:43,839 [Listener at 0.0.0.0/46109] INFO  ha.OMHANodeDetails (OMHANodeDetails.java:loadOMHAConfig(226)) - Configuration does not have ozone.om.address set. Falling back to the default OM address /127.0.0.1:0
2022-05-17 16:32:43,839 [Listener at 0.0.0.0/46109] INFO  ha.OMHANodeDetails (OMHANodeDetails.java:getOMNodeDetailsForNonHA(254)) - OM Service ID is not set. Setting it to the default ID: omServiceIdDefault
2022-05-17 16:32:43,840 [Listener at 0.0.0.0/46109] INFO  ha.OMHANodeDetails (OMHANodeDetails.java:getOMNodeDetailsForNonHA(261)) - OM Node ID is not set. Setting it to the default ID: om1
2022-05-17 16:32:43,840 [Listener at 0.0.0.0/46109] WARN  server.ServerUtils (ServerUtils.java:getDBPath(225)) - ozone.om.db.dirs is not configured. We recommend adding this setting. Falling back to ozone.metadata.dirs instead.
2022-05-17 16:32:43,841 [Listener at 0.0.0.0/46109] INFO  upgrade.AbstractLayoutVersionManager (AbstractLayoutVersionManager.java:init(79)) - Initializing Layout version manager with metadata layout = BUCKET_LAYOUT_SUPPORT (version = 2), software layout = BUCKET_LAYOUT_SUPPORT (version = 2)
2022-05-17 16:32:44,011 [Listener at 0.0.0.0/46109] INFO  reflections.Reflections (Reflections.java:scan(232)) - Reflections took 169 ms to scan 2 urls, producing 143 keys and 369 values [using 2 cores]
2022-05-17 16:32:44,012 [Listener at 0.0.0.0/46109] INFO  upgrade.OMLayoutVersionManager (OMLayoutVersionManager.java:lambda$0(115)) - Skipping Upgrade Action MockOmUpgradeAction since it has been finalized.
2022-05-17 16:32:44,012 [Listener at 0.0.0.0/46109] WARN  server.ServerUtils (ServerUtils.java:getDBPath(225)) - ozone.om.db.dirs is not configured. We recommend adding this setting. Falling back to ozone.metadata.dirs instead.
2022-05-17 16:32:44,013 [Listener at 0.0.0.0/46109] INFO  proxy.SCMBlockLocationFailoverProxyProvider (SCMBlockLocationFailoverProxyProvider.java:<init>(114)) - Created block location fail-over proxy with 1 nodes: [nodeId=scmNodeId,nodeAddress=/0.0.0.0:34825]
2022-05-17 16:32:44,014 [Listener at 0.0.0.0/46109] INFO  proxy.SCMBlockLocationFailoverProxyProvider (SCMBlockLocationFailoverProxyProvider.java:<init>(114)) - Created block location fail-over proxy with 1 nodes: [nodeId=scmNodeId,nodeAddress=/0.0.0.0:34825]
2022-05-17 16:32:44,040 [Listener at 0.0.0.0/46109] WARN  server.ServerUtils (ServerUtils.java:getDBPath(225)) - ozone.om.db.dirs is not configured. We recommend adding this setting. Falling back to ozone.metadata.dirs instead.
2022-05-17 16:32:44,040 [Listener at 0.0.0.0/46109] INFO  codec.OmKeyInfoCodec (OmKeyInfoCodec.java:<init>(49)) - OmKeyInfoCodec ignorePipeline = true
2022-05-17 16:32:44,041 [Listener at 0.0.0.0/46109] INFO  codec.RepeatedOmKeyInfoCodec (RepeatedOmKeyInfoCodec.java:<init>(41)) - RepeatedOmKeyInfoCodec ignorePipeline = true
2022-05-17 16:32:44,319 [Listener at 0.0.0.0/46109] INFO  om.OzoneManager (OzoneManager.java:addS3GVolumeToDB(3894)) - Created Volume s3v With Owner runner required for S3Gateway operations.
2022-05-17 16:32:44,319 [Listener at 0.0.0.0/46109] WARN  server.ServerUtils (ServerUtils.java:getDefaultRatisDirectory(237)) - Storage directory for Ratis is not configured. It is a good idea to map this to an SSD disk. Falling back to ozone.metadata.dirs
2022-05-17 16:32:44,319 [Listener at 0.0.0.0/46109] WARN  utils.OzoneManagerRatisUtils (OzoneManagerRatisUtils.java:getOMRatisSnapshotDirectory(395)) - ozone.om.ratis.snapshot.dir is not configured. Falling back to ozone.metadata.dirs config
2022-05-17 16:32:44,320 [Listener at 0.0.0.0/46109] WARN  server.ServerUtils (ServerUtils.java:getDefaultRatisDirectory(237)) - Storage directory for Ratis is not configured. It is a good idea to map this to an SSD disk. Falling back to ozone.metadata.dirs
2022-05-17 16:32:44,324 [Listener at 0.0.0.0/46109] INFO  ratis.OzoneManagerRatisServer (OzoneManagerRatisServer.java:<init>(159)) - Instantiating OM Ratis server with groupID: omServiceIdDefault and peers: localhost:9872
2022-05-17 16:32:44,325 [Listener at 0.0.0.0/46109] INFO  ratis.OzoneManagerStateMachine (OzoneManagerStateMachine.java:loadSnapshotInfoFromDB(627)) - LastAppliedIndex is set from TransactionInfo from OM DB as (t:0, i:~)
2022-05-17 16:32:44,325 [Listener at 0.0.0.0/46109] INFO  server.RaftServer (ConfUtils.java:logGet(44)) - raft.rpc.type = GRPC (default)
2022-05-17 16:32:44,325 [Listener at 0.0.0.0/46109] INFO  grpc.GrpcFactory (GrpcFactory.java:checkPooledByteBufAllocatorUseCacheForAllThreads(48)) - PERFORMANCE WARNING: useCacheForAllThreads is true that may cause Netty to create a lot garbage objects and, as a result, trigger GC.
	It is recommended to disable useCacheForAllThreads by setting -Dorg.apache.ratis.thirdparty.io.netty.allocator.useCacheForAllThreads=false in command line.
2022-05-17 16:32:44,326 [Listener at 0.0.0.0/46109] INFO  grpc.GrpcConfigKeys (ConfUtils.java:logGet(44)) - raft.grpc.admin.port = -1 (default)
2022-05-17 16:32:44,326 [Listener at 0.0.0.0/46109] INFO  grpc.GrpcConfigKeys (ConfUtils.java:logGet(44)) - raft.grpc.server.port = 9872 (custom)
2022-05-17 16:32:44,326 [Listener at 0.0.0.0/46109] INFO  grpc.GrpcConfigKeys (ConfUtils.java:logGet(44)) - raft.grpc.client.port = -1 (default)
2022-05-17 16:32:44,326 [Listener at 0.0.0.0/46109] INFO  grpc.GrpcConfigKeys (ConfUtils.java:logGet(44)) - raft.grpc.server.port = 9872 (custom)
2022-05-17 16:32:44,326 [Listener at 0.0.0.0/46109] INFO  grpc.GrpcConfigKeys (ConfUtils.java:logGet(44)) - raft.grpc.server.port = 9872 (custom)
2022-05-17 16:32:44,327 [Listener at 0.0.0.0/46109] INFO  server.GrpcService (ConfUtils.java:logGet(44)) - raft.grpc.message.size.max = 33554432 (custom)
2022-05-17 16:32:44,327 [Listener at 0.0.0.0/46109] INFO  server.RaftServerConfigKeys (ConfUtils.java:logGet(44)) - raft.server.log.appender.buffer.byte-limit = 33554432 (custom)
2022-05-17 16:32:44,327 [Listener at 0.0.0.0/46109] INFO  server.GrpcService (ConfUtils.java:logGet(44)) - raft.grpc.flow.control.window = 1MB (=1048576) (default)
2022-05-17 16:32:44,327 [Listener at 0.0.0.0/46109] INFO  server.RaftServerConfigKeys (ConfUtils.java:logGet(44)) - raft.server.rpc.request.timeout = 3000ms (default)
2022-05-17 16:32:44,329 [Listener at 0.0.0.0/46109] INFO  impl.DataStreamServerImpl (ConfUtils.java:logGet(44)) - raft.datastream.type = DISABLED (default)
2022-05-17 16:32:44,329 [Listener at 0.0.0.0/46109] INFO  server.RaftServerConfigKeys (ConfUtils.java:logGet(44)) - raft.server.rpc.slowness.timeout = 120s (custom)
2022-05-17 16:32:44,329 [Listener at 0.0.0.0/46109] INFO  server.RaftServerConfigKeys (ConfUtils.java:logGet(44)) - raft.server.leaderelection.leader.step-down.wait-time = 10s (default)
2022-05-17 16:32:44,330 [Listener at 0.0.0.0/46109] INFO  server.RaftServerConfigKeys (ConfUtils.java:logGet(44)) - raft.server.storage.dir = [/home/runner/work/ozone/ozone/hadoop-ozone/integration-test/target/test-dir/MiniOzoneClusterImpl-ffb562c6-b12a-49f0-b7f7-a82568f8c776/ozone-meta/ratis] (custom)
2022-05-17 16:32:44,336 [Listener at 0.0.0.0/46109] INFO  server.RaftServer (RaftServerProxy.java:addNew(95)) - om1: addNew group-C5BA1605619E:[om1|rpc:localhost:9872|priority:0] returns group-C5BA1605619E:java.util.concurrent.CompletableFuture@d5d9730[Not completed]
2022-05-17 16:32:44,336 [Listener at 0.0.0.0/46109] INFO  om.OzoneManager (OzoneManager.java:initializeRatisServer(1901)) - OzoneManager Ratis server initialized at port 9872
2022-05-17 16:32:44,340 [pool-180-thread-1] INFO  server.RaftServer$Division (RaftServerImpl.java:<init>(184)) - om1: new RaftServerImpl for group-C5BA1605619E:[om1|rpc:localhost:9872|priority:0] with OzoneManagerStateMachine:uninitialized
2022-05-17 16:32:44,341 [Listener at 0.0.0.0/46109] INFO  om.OzoneManager (OzoneManager.java:getRpcServer(1030)) - Creating RPC Server
2022-05-17 16:32:44,360 [pool-180-thread-1] INFO  server.RaftServerConfigKeys (ConfUtils.java:logGet(44)) - raft.server.rpc.timeout.min = 1s (custom)
2022-05-17 16:32:44,360 [pool-180-thread-1] INFO  server.RaftServerConfigKeys (ConfUtils.java:logGet(44)) - raft.server.rpc.timeout.max = 1200ms (custom)
2022-05-17 16:32:44,360 [pool-180-thread-1] INFO  server.RaftServerConfigKeys (ConfUtils.java:logGet(44)) - raft.server.rpc.sleep.time = 25ms (default)
2022-05-17 16:32:44,360 [pool-180-thread-1] INFO  server.RaftServerConfigKeys (ConfUtils.java:logGet(44)) - raft.server.rpc.slowness.timeout = 120s (custom)
2022-05-17 16:32:44,360 [pool-180-thread-1] INFO  server.RaftServerConfigKeys (ConfUtils.java:logGet(44)) - raft.server.leaderelection.leader.step-down.wait-time = 10s (default)
2022-05-17 16:32:44,360 [pool-180-thread-1] INFO  server.RaftServerConfigKeys (ConfUtils.java:logGet(44)) - raft.server.sleep.deviation.threshold = 300ms (default)
2022-05-17 16:32:44,360 [pool-180-thread-1] INFO  server.RaftServerConfigKeys (ConfUtils.java:logGet(44)) - raft.server.log.appender.install.snapshot.enabled = false (custom)
2022-05-17 16:32:44,360 [pool-180-thread-1] INFO  server.RaftServer$Division (ServerState.java:<init>(105)) - om1@group-C5BA1605619E: ConfigurationManager, init=-1: [om1|rpc:localhost:9872|priority:0], old=null, confs=<EMPTY_MAP>
2022-05-17 16:32:44,360 [pool-180-thread-1] INFO  server.RaftServerConfigKeys (ConfUtils.java:logGet(44)) - raft.server.storage.dir = [/home/runner/work/ozone/ozone/hadoop-ozone/integration-test/target/test-dir/MiniOzoneClusterImpl-ffb562c6-b12a-49f0-b7f7-a82568f8c776/ozone-meta/ratis] (custom)
2022-05-17 16:32:44,360 [pool-180-thread-1] INFO  server.RaftServerConfigKeys (ConfUtils.java:logGet(44)) - raft.server.log.corruption.policy = EXCEPTION (default)
2022-05-17 16:32:44,360 [pool-180-thread-1] INFO  server.RaftServerConfigKeys (ConfUtils.java:logGet(44)) - raft.server.storage.free-space.min = 0MB (=0) (default)
2022-05-17 16:32:44,361 [pool-180-thread-1] INFO  storage.RaftStorageDirectory (RaftStorageDirectoryImpl.java:analyzeStorage(135)) - The storage directory /home/runner/work/ozone/ozone/hadoop-ozone/integration-test/target/test-dir/MiniOzoneClusterImpl-ffb562c6-b12a-49f0-b7f7-a82568f8c776/ozone-meta/ratis/bf265839-605b-3f16-9796-c5ba1605619e does not exist. Creating ...
2022-05-17 16:32:44,369 [pool-180-thread-1] INFO  storage.RaftStorageDirectory (RaftStorageDirectoryImpl.java:tryLock(230)) - Lock on /home/runner/work/ozone/ozone/hadoop-ozone/integration-test/target/test-dir/MiniOzoneClusterImpl-ffb562c6-b12a-49f0-b7f7-a82568f8c776/ozone-meta/ratis/bf265839-605b-3f16-9796-c5ba1605619e/in_use.lock acquired by nodename 17133@fv-az297-879
2022-05-17 16:32:44,371 [pool-180-thread-1] INFO  storage.RaftStorage (RaftStorageImpl.java:format(89)) - Storage directory /home/runner/work/ozone/ozone/hadoop-ozone/integration-test/target/test-dir/MiniOzoneClusterImpl-ffb562c6-b12a-49f0-b7f7-a82568f8c776/ozone-meta/ratis/bf265839-605b-3f16-9796-c5ba1605619e has been successfully formatted.
2022-05-17 16:32:44,371 [pool-180-thread-1] INFO  server.RaftServerConfigKeys (ConfUtils.java:logGet(44)) - raft.server.notification.no-leader.timeout = 120s (custom)
2022-05-17 16:32:44,371 [pool-180-thread-1] INFO  server.RaftServerConfigKeys (ConfUtils.java:logGet(44)) - raft.server.log.use.memory = false (default)
2022-05-17 16:32:44,371 [pool-180-thread-1] INFO  server.RaftServerConfigKeys (ConfUtils.java:logGet(44)) - raft.server.log.purge.gap = 1000000 (custom)
2022-05-17 16:32:44,371 [pool-180-thread-1] INFO  server.RaftServerConfigKeys (ConfUtils.java:logGet(44)) - raft.server.log.appender.buffer.byte-limit = 33554432 (custom)
2022-05-17 16:32:44,372 [pool-180-thread-1] INFO  server.RaftServerConfigKeys (ConfUtils.java:logGet(44)) - raft.server.log.segment.size.max = 4194304 (custom)
2022-05-17 16:32:44,372 [pool-180-thread-1] INFO  server.RaftServerConfigKeys (ConfUtils.java:logGet(44)) - raft.server.log.segment.cache.num.max = 2 (custom)
2022-05-17 16:32:44,372 [pool-180-thread-1] INFO  server.RaftServerConfigKeys (ConfUtils.java:logGet(44)) - raft.server.log.segment.cache.size.max = 200MB (=209715200) (default)
2022-05-17 16:32:44,372 [pool-180-thread-1] INFO  segmented.SegmentedRaftLogWorker (SegmentedRaftLogWorker.java:<init>(182)) - new om1@group-C5BA1605619E-SegmentedRaftLogWorker for RaftStorageImpl:Storage Directory /home/runner/work/ozone/ozone/hadoop-ozone/integration-test/target/test-dir/MiniOzoneClusterImpl-ffb562c6-b12a-49f0-b7f7-a82568f8c776/ozone-meta/ratis/bf265839-605b-3f16-9796-c5ba1605619e
2022-05-17 16:32:44,372 [pool-180-thread-1] INFO  server.RaftServerConfigKeys (ConfUtils.java:logGet(44)) - raft.server.log.queue.byte-limit = 64MB (=67108864) (default)
2022-05-17 16:32:44,373 [pool-180-thread-1] INFO  server.RaftServerConfigKeys (ConfUtils.java:logGet(44)) - raft.server.log.queue.element-limit = 4096 (default)
2022-05-17 16:32:44,373 [pool-180-thread-1] INFO  server.RaftServerConfigKeys (ConfUtils.java:logGet(44)) - raft.server.log.segment.size.max = 4194304 (custom)
2022-05-17 16:32:44,373 [pool-180-thread-1] INFO  server.RaftServerConfigKeys (ConfUtils.java:logGet(44)) - raft.server.log.preallocated.size = 4194304 (custom)
2022-05-17 16:32:44,373 [pool-180-thread-1] INFO  server.RaftServerConfigKeys (ConfUtils.java:logGet(44)) - raft.server.log.force.sync.num = 128 (default)
2022-05-17 16:32:44,373 [pool-180-thread-1] INFO  server.RaftServerConfigKeys (ConfUtils.java:logGet(44)) - raft.server.log.statemachine.data.sync = true (default)
2022-05-17 16:32:44,373 [pool-180-thread-1] INFO  server.RaftServerConfigKeys (ConfUtils.java:logGet(44)) - raft.server.log.statemachine.data.sync.timeout = 10s (default)
2022-05-17 16:32:44,373 [pool-180-thread-1] INFO  server.RaftServerConfigKeys (ConfUtils.java:logGet(44)) - raft.server.log.statemachine.data.sync.timeout.retry = -1 (default)
2022-05-17 16:32:44,374 [pool-180-thread-1] INFO  server.RaftServerConfigKeys (ConfUtils.java:logGet(44)) - raft.server.log.write.buffer.size = 64KB (=65536) (default)
2022-05-17 16:32:44,374 [pool-180-thread-1] INFO  server.RaftServerConfigKeys (ConfUtils.java:logGet(44)) - raft.server.log.statemachine.data.caching.enabled = false (default)
2022-05-17 16:32:44,374 [pool-180-thread-1] INFO  segmented.SegmentedRaftLogWorker (SegmentedRaftLogWorker.java:lambda$new$0(133)) - om1@group-C5BA1605619E-SegmentedRaftLogWorker: flushIndex: setUnconditionally 0 -> -1
2022-05-17 16:32:44,374 [pool-180-thread-1] INFO  segmented.SegmentedRaftLogWorker (SegmentedRaftLogWorker.java:lambda$new$0(133)) - om1@group-C5BA1605619E-SegmentedRaftLogWorker: safeCacheEvictIndex: setUnconditionally 0 -> -1
2022-05-17 16:32:44,393 [pool-180-thread-1] INFO  server.RaftServerConfigKeys (ConfUtils.java:logGet(44)) - raft.server.snapshot.auto.trigger.enabled = true (custom)
2022-05-17 16:32:44,394 [pool-180-thread-1] INFO  server.RaftServerConfigKeys (ConfUtils.java:logGet(44)) - raft.server.snapshot.auto.trigger.threshold = 400000 (default)
2022-05-17 16:32:44,394 [pool-180-thread-1] INFO  server.RaftServerConfigKeys (ConfUtils.java:logGet(44)) - raft.server.snapshot.retention.file.num = -1 (default)
2022-05-17 16:32:44,394 [pool-180-thread-1] INFO  server.RaftServerConfigKeys (ConfUtils.java:logGet(44)) - raft.server.log.purge.upto.snapshot.index = true (custom)
2022-05-17 16:32:44,394 [pool-180-thread-1] INFO  server.RaftServerConfigKeys (ConfUtils.java:logGet(44)) - raft.server.retrycache.expirytime = 300s (custom)
2022-05-17 16:32:44,394 [pool-180-thread-1] INFO  server.RaftServerConfigKeys (ConfUtils.java:logGet(44)) - raft.server.retrycache.statistics.expirytime = 100μs (default)
2022-05-17 16:32:45,164 [Listener at 0.0.0.0/46109] INFO  reflections.Reflections (Reflections.java:scan(232)) - Reflections took 822 ms to scan 19 urls, producing 61 keys and 3686 values [using 2 cores]
2022-05-17 16:32:45,166 [Listener at 0.0.0.0/46109] INFO  ipc.CallQueueManager (CallQueueManager.java:<init>(90)) - Using callQueue: class java.util.concurrent.LinkedBlockingQueue, queueCapacity: 2000, scheduler: class org.apache.hadoop.ipc.DefaultRpcScheduler, ipcBackoff: false.
2022-05-17 16:32:45,169 [Socket Reader #1 for port 0] INFO  ipc.Server (Server.java:run(1265)) - Starting Socket Reader #1 for port 0
2022-05-17 16:32:45,234 [Listener at 127.0.0.1/37949] INFO  impl.MetricsSystemImpl (MetricsSystemImpl.java:init(158)) - OzoneManager metrics system started (again)
2022-05-17 16:32:45,252 [Listener at 127.0.0.1/37949] INFO  om.OzoneManager (OzoneManager.java:start(1405)) - OzoneManager RPC server is listening at localhost/127.0.0.1:37949
2022-05-17 16:32:45,253 [Listener at 127.0.0.1/37949] INFO  ratis.OzoneManagerRatisServer (OzoneManagerRatisServer.java:start(554)) - Starting OzoneManagerRatisServer om1 at port 9872
2022-05-17 16:32:45,253 [Listener at 127.0.0.1/37949] INFO  server.RaftServer$Division (RaftServerImpl.java:start(301)) - om1@group-C5BA1605619E: start as a follower, conf=-1: [om1|rpc:localhost:9872|priority:0], old=null
2022-05-17 16:32:45,253 [Listener at 127.0.0.1/37949] INFO  server.RaftServer$Division (RaftServerImpl.java:setRole(290)) - om1@group-C5BA1605619E: changes role from      null to FOLLOWER at term 0 for startAsFollower
2022-05-17 16:32:45,253 [Listener at 127.0.0.1/37949] INFO  impl.RoleInfo (RoleInfo.java:updateAndGet(130)) - om1: start om1@group-C5BA1605619E-FollowerState
2022-05-17 16:32:45,265 [Listener at 127.0.0.1/37949] INFO  util.JmxRegister (JmxRegister.java:tryRegister(44)) - Successfully registered JMX Bean with object name Ratis:service=RaftServer,group=group-C5BA1605619E,id=om1
2022-05-17 16:32:45,266 [Listener at 127.0.0.1/37949] INFO  server.RaftServer (RaftServerProxy.java:lambda$start$5(374)) - om1: start RPC server
2022-05-17 16:32:45,274 [Listener at 127.0.0.1/37949] INFO  server.GrpcService (GrpcService.java:startImpl(253)) - om1: GrpcService started, listening on 9872
2022-05-17 16:32:45,279 [Listener at 127.0.0.1/37949] INFO  om.OzoneManager (OzoneManager.java:start(1421)) - Version File has different layout version (2) than OM DB (null). That is expected if this OM has never been finalized to a newer layout version.
2022-05-17 16:32:45,279 [org.apache.ratis.util.JvmPauseMonitor$$Lambda$622/456676922@7e6b0a76] INFO  util.JvmPauseMonitor (JvmPauseMonitor.java:run(103)) - JvmPauseMonitor-om1: Started
2022-05-17 16:32:45,298 [Listener at 127.0.0.1/37949] INFO  http.BaseHttpServer (BaseHttpServer.java:newHttpServer2BuilderForOzone(209)) - Starting Web-server for ozoneManager at: http://0.0.0.0:0
2022-05-17 16:32:45,299 [Listener at 127.0.0.1/37949] INFO  http.BaseHttpServer (BaseHttpServer.java:<init>(107)) - Hadoop Security Enabled: false Ozone Security Enabled: false Ozone HTTP Security Enabled: false 
2022-05-17 16:32:45,300 [Listener at 127.0.0.1/37949] INFO  server.AuthenticationFilter (AuthenticationFilter.java:constructSecretProvider(240)) - Unable to initialize FileSignerSecretProvider, falling back to use random secrets.
2022-05-17 16:32:45,309 [Listener at 127.0.0.1/37949] WARN  http.HttpRequestLog (HttpRequestLog.java:getRequestLog(103)) - Jetty request log can only be enabled using Log4j
2022-05-17 16:32:45,311 [Listener at 127.0.0.1/37949] INFO  http.HttpServer2 (HttpServer2.java:addGlobalFilter(1030)) - Added global filter 'safety' (class=org.apache.hadoop.hdds.server.http.HttpServer2$QuotingInputFilter)
2022-05-17 16:32:45,312 [Listener at 127.0.0.1/37949] INFO  http.HttpServer2 (HttpServer2.java:addFilter(1006)) - Added filter static_user_filter (class=org.apache.hadoop.http.lib.StaticUserWebFilter$StaticUserFilter) to context ozoneManager
2022-05-17 16:32:45,312 [Listener at 127.0.0.1/37949] INFO  http.HttpServer2 (HttpServer2.java:addFilter(1014)) - Added filter static_user_filter (class=org.apache.hadoop.http.lib.StaticUserWebFilter$StaticUserFilter) to context logs
2022-05-17 16:32:45,312 [Listener at 127.0.0.1/37949] INFO  http.HttpServer2 (HttpServer2.java:addFilter(1014)) - Added filter static_user_filter (class=org.apache.hadoop.http.lib.StaticUserWebFilter$StaticUserFilter) to context static
2022-05-17 16:32:45,313 [Listener at 127.0.0.1/37949] INFO  http.HttpServer2 (HttpServer2.java:bindListener(1249)) - Jetty bound to port 35591
2022-05-17 16:32:45,313 [Listener at 127.0.0.1/37949] INFO  server.Server (Server.java:doStart(375)) - jetty-9.4.43.v20210629; built: 2021-06-30T11:07:22.254Z; git: 526006ecfa3af7f1a27ef3a288e2bef7ea9dd7e8; jvm 1.8.0_332-b09
2022-05-17 16:32:45,348 [Listener at 127.0.0.1/37949] INFO  server.session (DefaultSessionIdManager.java:doStart(334)) - DefaultSessionIdManager workerName=node0
2022-05-17 16:32:45,348 [Listener at 127.0.0.1/37949] INFO  server.session (DefaultSessionIdManager.java:doStart(339)) - No SessionScavenger set, using defaults
2022-05-17 16:32:45,349 [Listener at 127.0.0.1/37949] INFO  server.session (HouseKeeper.java:startScavenging(132)) - node0 Scavenging every 660000ms
2022-05-17 16:32:45,349 [Listener at 127.0.0.1/37949] INFO  handler.ContextHandler (ContextHandler.java:doStart(915)) - Started o.e.j.s.ServletContextHandler@aa85268{logs,/logs,file:///home/runner/work/ozone/ozone/hadoop-ozone/integration-test/target/log,AVAILABLE}
2022-05-17 16:32:45,350 [Listener at 127.0.0.1/37949] INFO  handler.ContextHandler (ContextHandler.java:doStart(915)) - Started o.e.j.s.ServletContextHandler@94d409c{static,/static,file:///home/runner/work/ozone/ozone/hadoop-ozone/integration-test/target/test-classes/webapps/static,AVAILABLE}
2022-05-17 16:32:45,354 [Listener at 127.0.0.1/37949] INFO  handler.ContextHandler (ContextHandler.java:doStart(915)) - Started o.e.j.w.WebAppContext@7046ce6a{ozoneManager,/,file:///home/runner/work/ozone/ozone/hadoop-ozone/integration-test/target/test-classes/webapps/ozoneManager/,AVAILABLE}{file:/home/runner/work/ozone/ozone/hadoop-ozone/integration-test/target/test-classes/webapps/ozoneManager}
2022-05-17 16:32:45,360 [Listener at 127.0.0.1/37949] INFO  server.AbstractConnector (AbstractConnector.java:doStart(331)) - Started ServerConnector@74a1517c{HTTP/1.1, (http/1.1)}{0.0.0.0:35591}
2022-05-17 16:32:45,361 [Listener at 127.0.0.1/37949] INFO  server.Server (Server.java:doStart(415)) - Started @46559ms
2022-05-17 16:32:45,361 [Listener at 127.0.0.1/37949] WARN  impl.MetricsSystemImpl (MetricsSystemImpl.java:register(279)) - Sink prometheus already exists!
2022-05-17 16:32:45,365 [Listener at 127.0.0.1/37949] INFO  http.BaseHttpServer (BaseHttpServer.java:updateConnectorAddress(329)) - HTTP server of ozoneManager listening at http://0.0.0.0:35591
2022-05-17 16:32:45,372 [IPC Server Responder] INFO  ipc.Server (Server.java:run(1507)) - IPC Server Responder: starting
2022-05-17 16:32:45,372 [IPC Server listener on 0] INFO  ipc.Server (Server.java:run(1344)) - IPC Server listener on 0: starting
2022-05-17 16:32:45,424 [Listener at 127.0.0.1/37949] INFO  om.OzoneManager (OzoneManager.java:startTrashEmptier(1845)) - Trash Interval set to 0. Files deleted won't move to trash
2022-05-17 16:32:45,451 [Listener at 127.0.0.1/37949] WARN  impl.MetricRegistriesImpl (MetricRegistriesImpl.java:addReporterRegistration(111)) - New reporters are added after registries were created. Some metrics will be missing from the reporter. Please add reporter before adding any new registry.
2022-05-17 16:32:45,451 [Listener at 127.0.0.1/37949] WARN  impl.MetricRegistriesImpl (MetricRegistriesImpl.java:addReporterRegistration(111)) - New reporters are added after registries were created. Some metrics will be missing from the reporter. Please add reporter before adding any new registry.
2022-05-17 16:32:45,452 [Listener at 127.0.0.1/37949] INFO  impl.MetricsSystemImpl (MetricsSystemImpl.java:init(158)) - HddsDatanode metrics system started (again)
2022-05-17 16:32:45,455 [org.apache.hadoop.util.JvmPauseMonitor$Monitor@4b8c6dbc] INFO  util.JvmPauseMonitor (JvmPauseMonitor.java:run(188)) - Starting JVM pause monitor
2022-05-17 16:32:45,492 [Listener at 127.0.0.1/37949] INFO  ozone.HddsDatanodeService (HddsDatanodeService.java:start(236)) - HddsDatanodeService host:fv-az297-879.nmf1rxwemy4u5di1sxxf4ejcwb.jx.internal.cloudapp.net ip:10.1.0.54
2022-05-17 16:32:45,535 [Listener at 127.0.0.1/37949] INFO  upgrade.AbstractLayoutVersionManager (AbstractLayoutVersionManager.java:init(79)) - Initializing Layout version manager with metadata layout = ERASURE_CODED_STORAGE_SUPPORT (version = 3), software layout = ERASURE_CODED_STORAGE_SUPPORT (version = 3)
2022-05-17 16:32:45,609 [Listener at 127.0.0.1/37949] INFO  reflections.Reflections (Reflections.java:scan(232)) - Reflections took 73 ms to scan 7 urls, producing 127 keys and 292 values 
2022-05-17 16:32:45,619 [Listener at 127.0.0.1/37949] INFO  statemachine.DatanodeStateMachine (DatanodeStateMachine.java:getEndPointTaskThreadPoolSize(233)) - Datanode State Machine Task Thread Pool size 2
2022-05-17 16:32:45,626 [Listener at 127.0.0.1/37949] INFO  volume.HddsVolume (HddsVolume.java:<init>(120)) - Creating HddsVolume: /home/runner/work/ozone/ozone/hadoop-ozone/integration-test/target/test-dir/MiniOzoneClusterImpl-ffb562c6-b12a-49f0-b7f7-a82568f8c776/datanode-0/data-0/containers/hdds of storage type : DISK capacity : 9223372036854775807
2022-05-17 16:32:45,626 [Listener at 127.0.0.1/37949] INFO  volume.MutableVolumeSet (MutableVolumeSet.java:initializeVolumeSet(168)) - Added Volume : /home/runner/work/ozone/ozone/hadoop-ozone/integration-test/target/test-dir/MiniOzoneClusterImpl-ffb562c6-b12a-49f0-b7f7-a82568f8c776/datanode-0/data-0/containers/hdds to VolumeSet
2022-05-17 16:32:45,627 [Listener at 127.0.0.1/37949] INFO  volume.ThrottledAsyncChecker (ThrottledAsyncChecker.java:schedule(141)) - Scheduling a check for /home/runner/work/ozone/ozone/hadoop-ozone/integration-test/target/test-dir/MiniOzoneClusterImpl-ffb562c6-b12a-49f0-b7f7-a82568f8c776/datanode-0/data-0/containers/hdds
2022-05-17 16:32:45,639 [Listener at 127.0.0.1/37949] INFO  volume.StorageVolumeChecker (StorageVolumeChecker.java:checkAllVolumes(202)) - Scheduled health check for volume /home/runner/work/ozone/ozone/hadoop-ozone/integration-test/target/test-dir/MiniOzoneClusterImpl-ffb562c6-b12a-49f0-b7f7-a82568f8c776/datanode-0/data-0/containers/hdds
2022-05-17 16:32:45,667 [Listener at 127.0.0.1/37949] INFO  volume.MutableVolumeSet (MutableVolumeSet.java:initializeVolumeSet(168)) - Added Volume : /home/runner/work/ozone/ozone/hadoop-ozone/integration-test/target/test-dir/MiniOzoneClusterImpl-ffb562c6-b12a-49f0-b7f7-a82568f8c776/datanode-0/data/ratis to VolumeSet
2022-05-17 16:32:45,667 [Listener at 127.0.0.1/37949] INFO  volume.ThrottledAsyncChecker (ThrottledAsyncChecker.java:schedule(141)) - Scheduling a check for /home/runner/work/ozone/ozone/hadoop-ozone/integration-test/target/test-dir/MiniOzoneClusterImpl-ffb562c6-b12a-49f0-b7f7-a82568f8c776/datanode-0/data/ratis
2022-05-17 16:32:45,670 [Listener at 127.0.0.1/37949] INFO  volume.StorageVolumeChecker (StorageVolumeChecker.java:checkAllVolumes(202)) - Scheduled health check for volume /home/runner/work/ozone/ozone/hadoop-ozone/integration-test/target/test-dir/MiniOzoneClusterImpl-ffb562c6-b12a-49f0-b7f7-a82568f8c776/datanode-0/data/ratis
2022-05-17 16:32:45,698 [Thread-388] INFO  ozoneimpl.ContainerReader (ContainerReader.java:readVolume(172)) - Finish verifying containers on volume /home/runner/work/ozone/ozone/hadoop-ozone/integration-test/target/test-dir/MiniOzoneClusterImpl-ffb562c6-b12a-49f0-b7f7-a82568f8c776/datanode-0/data-0/containers/hdds
2022-05-17 16:32:45,698 [Listener at 127.0.0.1/37949] INFO  ozoneimpl.OzoneContainer (OzoneContainer.java:buildContainerSet(257)) - Build ContainerSet costs 0s
2022-05-17 16:32:45,701 [Listener at 127.0.0.1/37949] INFO  server.RaftServer (ConfUtils.java:logGet(44)) - raft.rpc.type = GRPC (default)
2022-05-17 16:32:45,702 [Listener at 127.0.0.1/37949] INFO  grpc.GrpcFactory (GrpcFactory.java:checkPooledByteBufAllocatorUseCacheForAllThreads(48)) - PERFORMANCE WARNING: useCacheForAllThreads is true that may cause Netty to create a lot garbage objects and, as a result, trigger GC.
	It is recommended to disable useCacheForAllThreads by setting -Dorg.apache.ratis.thirdparty.io.netty.allocator.useCacheForAllThreads=false in command line.
2022-05-17 16:32:45,702 [Listener at 127.0.0.1/37949] INFO  grpc.GrpcConfigKeys (ConfUtils.java:logGet(44)) - raft.grpc.admin.port = 0 (custom)
2022-05-17 16:32:45,702 [Listener at 127.0.0.1/37949] INFO  grpc.GrpcConfigKeys (ConfUtils.java:logGet(44)) - raft.grpc.client.port = 0 (custom)
2022-05-17 16:32:45,702 [Listener at 127.0.0.1/37949] INFO  grpc.GrpcConfigKeys (ConfUtils.java:logGet(44)) - raft.grpc.server.port = 0 (default)
2022-05-17 16:32:45,702 [Listener at 127.0.0.1/37949] INFO  server.GrpcService (ConfUtils.java:logGet(44)) - raft.grpc.message.size.max = 32MB (=33554432) (custom)
2022-05-17 16:32:45,703 [Listener at 127.0.0.1/37949] INFO  server.RaftServerConfigKeys (ConfUtils.java:logGet(44)) - raft.server.log.appender.buffer.byte-limit = 33554432 (custom)
2022-05-17 16:32:45,703 [Listener at 127.0.0.1/37949] INFO  server.GrpcService (ConfUtils.java:logGet(44)) - raft.grpc.flow.control.window = 5MB (=5242880) (custom)
2022-05-17 16:32:45,703 [Listener at 127.0.0.1/37949] INFO  server.RaftServerConfigKeys (ConfUtils.java:logGet(44)) - raft.server.rpc.request.timeout = 60s (custom)
2022-05-17 16:32:45,704 [Listener at 127.0.0.1/37949] INFO  impl.DataStreamServerImpl (ConfUtils.java:logGet(44)) - raft.datastream.type = DISABLED (default)
2022-05-17 16:32:45,704 [Listener at 127.0.0.1/37949] INFO  server.RaftServerConfigKeys (ConfUtils.java:logGet(44)) - raft.server.rpc.slowness.timeout = 300s (custom)
2022-05-17 16:32:45,704 [Listener at 127.0.0.1/37949] INFO  server.RaftServerConfigKeys (ConfUtils.java:logGet(44)) - raft.server.leaderelection.leader.step-down.wait-time = 10s (default)
2022-05-17 16:32:45,705 [Listener at 127.0.0.1/37949] INFO  server.RaftServerConfigKeys (ConfUtils.java:logGet(44)) - raft.server.storage.dir = [/home/runner/work/ozone/ozone/hadoop-ozone/integration-test/target/test-dir/MiniOzoneClusterImpl-ffb562c6-b12a-49f0-b7f7-a82568f8c776/datanode-0/data/ratis] (custom)
2022-05-17 16:32:45,706 [Listener at 127.0.0.1/37949] INFO  server.XceiverServerGrpc (XceiverServerGrpc.java:<init>(132)) - GrpcServer channel type EpollServerSocketChannel
2022-05-17 16:32:45,718 [Listener at 127.0.0.1/37949] INFO  http.BaseHttpServer (BaseHttpServer.java:newHttpServer2BuilderForOzone(209)) - Starting Web-server for hddsDatanode at: http://0.0.0.0:0
2022-05-17 16:32:45,718 [Listener at 127.0.0.1/37949] INFO  http.BaseHttpServer (BaseHttpServer.java:<init>(107)) - Hadoop Security Enabled: false Ozone Security Enabled: false Ozone HTTP Security Enabled: false 
2022-05-17 16:32:45,720 [Listener at 127.0.0.1/37949] INFO  server.AuthenticationFilter (AuthenticationFilter.java:constructSecretProvider(240)) - Unable to initialize FileSignerSecretProvider, falling back to use random secrets.
2022-05-17 16:32:45,723 [Listener at 127.0.0.1/37949] WARN  http.HttpRequestLog (HttpRequestLog.java:getRequestLog(103)) - Jetty request log can only be enabled using Log4j
2022-05-17 16:32:45,724 [Listener at 127.0.0.1/37949] INFO  http.HttpServer2 (HttpServer2.java:addGlobalFilter(1030)) - Added global filter 'safety' (class=org.apache.hadoop.hdds.server.http.HttpServer2$QuotingInputFilter)
2022-05-17 16:32:45,725 [Listener at 127.0.0.1/37949] INFO  http.HttpServer2 (HttpServer2.java:addFilter(1006)) - Added filter static_user_filter (class=org.apache.hadoop.http.lib.StaticUserWebFilter$StaticUserFilter) to context hddsDatanode
2022-05-17 16:32:45,726 [Listener at 127.0.0.1/37949] INFO  http.HttpServer2 (HttpServer2.java:addFilter(1014)) - Added filter static_user_filter (class=org.apache.hadoop.http.lib.StaticUserWebFilter$StaticUserFilter) to context static
2022-05-17 16:32:45,726 [Listener at 127.0.0.1/37949] INFO  http.HttpServer2 (HttpServer2.java:addFilter(1014)) - Added filter static_user_filter (class=org.apache.hadoop.http.lib.StaticUserWebFilter$StaticUserFilter) to context logs
2022-05-17 16:32:45,726 [Listener at 127.0.0.1/37949] INFO  http.HttpServer2 (HttpServer2.java:bindListener(1249)) - Jetty bound to port 37233
2022-05-17 16:32:45,727 [Listener at 127.0.0.1/37949] INFO  server.Server (Server.java:doStart(375)) - jetty-9.4.43.v20210629; built: 2021-06-30T11:07:22.254Z; git: 526006ecfa3af7f1a27ef3a288e2bef7ea9dd7e8; jvm 1.8.0_332-b09
2022-05-17 16:32:45,741 [Listener at 127.0.0.1/37949] INFO  server.session (DefaultSessionIdManager.java:doStart(334)) - DefaultSessionIdManager workerName=node0
2022-05-17 16:32:45,741 [Listener at 127.0.0.1/37949] INFO  server.session (DefaultSessionIdManager.java:doStart(339)) - No SessionScavenger set, using defaults
2022-05-17 16:32:45,741 [Listener at 127.0.0.1/37949] INFO  server.session (HouseKeeper.java:startScavenging(132)) - node0 Scavenging every 600000ms
2022-05-17 16:32:45,743 [Listener at 127.0.0.1/37949] INFO  handler.ContextHandler (ContextHandler.java:doStart(915)) - Started o.e.j.s.ServletContextHandler@232fcbb1{logs,/logs,file:///home/runner/work/ozone/ozone/hadoop-ozone/integration-test/target/log,AVAILABLE}
2022-05-17 16:32:45,744 [Listener at 127.0.0.1/37949] INFO  handler.ContextHandler (ContextHandler.java:doStart(915)) - Started o.e.j.s.ServletContextHandler@2f6867d1{static,/static,jar:file:/home/runner/.m2/repository/org/apache/ozone/hdds-container-service/1.3.0-SNAPSHOT/hdds-container-service-1.3.0-SNAPSHOT.jar!/webapps/static,AVAILABLE}
2022-05-17 16:32:46,141 [Listener at 127.0.0.1/37949] INFO  handler.ContextHandler (ContextHandler.java:doStart(915)) - Started o.e.j.w.WebAppContext@602d2058{hddsDatanode,/,file:///tmp/jetty-0_0_0_0-37233-hdds-container-service-1_3_0-SNAPSHOT_jar-_-any-7473001442420184837/webapp/,AVAILABLE}{jar:file:/home/runner/.m2/repository/org/apache/ozone/hdds-container-service/1.3.0-SNAPSHOT/hdds-container-service-1.3.0-SNAPSHOT.jar!/webapps/hddsDatanode}
2022-05-17 16:32:46,143 [Listener at 127.0.0.1/37949] INFO  server.AbstractConnector (AbstractConnector.java:doStart(331)) - Started ServerConnector@2c80d2e0{HTTP/1.1, (http/1.1)}{0.0.0.0:37233}
2022-05-17 16:32:46,143 [Listener at 127.0.0.1/37949] INFO  server.Server (Server.java:doStart(415)) - Started @47341ms
2022-05-17 16:32:46,143 [Listener at 127.0.0.1/37949] WARN  impl.MetricsSystemImpl (MetricsSystemImpl.java:register(279)) - Sink prometheus already exists!
2022-05-17 16:32:46,144 [Listener at 127.0.0.1/37949] INFO  http.BaseHttpServer (BaseHttpServer.java:updateConnectorAddress(329)) - HTTP server of hddsDatanode listening at http://0.0.0.0:37233
2022-05-17 16:32:46,147 [Listener at 127.0.0.1/37949] WARN  impl.MetricRegistriesImpl (MetricRegistriesImpl.java:addReporterRegistration(111)) - New reporters are added after registries were created. Some metrics will be missing from the reporter. Please add reporter before adding any new registry.
2022-05-17 16:32:46,147 [Listener at 127.0.0.1/37949] WARN  impl.MetricRegistriesImpl (MetricRegistriesImpl.java:addReporterRegistration(111)) - New reporters are added after registries were created. Some metrics will be missing from the reporter. Please add reporter before adding any new registry.
2022-05-17 16:32:46,147 [Listener at 127.0.0.1/37949] INFO  impl.MetricsSystemImpl (MetricsSystemImpl.java:init(158)) - HddsDatanode metrics system started (again)
2022-05-17 16:32:46,150 [Datanode State Machine Daemon Thread] INFO  statemachine.DatanodeStateMachine (DatanodeStateMachine.java:lambda$startDaemon$0(481)) - Ozone container server started.
2022-05-17 16:32:46,178 [org.apache.hadoop.util.JvmPauseMonitor$Monitor@4c8f878] INFO  util.JvmPauseMonitor (JvmPauseMonitor.java:run(188)) - Starting JVM pause monitor
2022-05-17 16:32:46,195 [Datanode State Machine Task Thread - 0] INFO  datanode.InitDatanodeState (InitDatanodeState.java:persistContainerDatanodeDetails(138)) - DatanodeDetails is persisted to /home/runner/work/ozone/ozone/hadoop-ozone/integration-test/target/test-dir/MiniOzoneClusterImpl-ffb562c6-b12a-49f0-b7f7-a82568f8c776/datanode-0/meta/datanode.id
2022-05-17 16:32:46,200 [Listener at 127.0.0.1/37949] INFO  ozone.HddsDatanodeService (HddsDatanodeService.java:start(236)) - HddsDatanodeService host:fv-az297-879.nmf1rxwemy4u5di1sxxf4ejcwb.jx.internal.cloudapp.net ip:10.1.0.54
2022-05-17 16:32:46,251 [Listener at 127.0.0.1/37949] INFO  upgrade.AbstractLayoutVersionManager (AbstractLayoutVersionManager.java:init(79)) - Initializing Layout version manager with metadata layout = ERASURE_CODED_STORAGE_SUPPORT (version = 3), software layout = ERASURE_CODED_STORAGE_SUPPORT (version = 3)
2022-05-17 16:32:46,290 [om1@group-C5BA1605619E-FollowerState] INFO  impl.FollowerState (FollowerState.java:run(134)) - om1@group-C5BA1605619E-FollowerState: change to CANDIDATE, lastRpcElapsedTime:1036359568ns, electionTimeout:1025ms
2022-05-17 16:32:46,290 [om1@group-C5BA1605619E-FollowerState] INFO  impl.RoleInfo (RoleInfo.java:shutdownFollowerState(108)) - om1: shutdown om1@group-C5BA1605619E-FollowerState
2022-05-17 16:32:46,290 [om1@group-C5BA1605619E-FollowerState] INFO  server.RaftServer$Division (RaftServerImpl.java:setRole(290)) - om1@group-C5BA1605619E: changes role from  FOLLOWER to CANDIDATE at term 0 for changeToCandidate
2022-05-17 16:32:46,290 [om1@group-C5BA1605619E-FollowerState] INFO  server.RaftServerConfigKeys (ConfUtils.java:logGet(44)) - raft.server.leaderelection.pre-vote = false (custom)
2022-05-17 16:32:46,290 [om1@group-C5BA1605619E-FollowerState] INFO  impl.RoleInfo (RoleInfo.java:updateAndGet(130)) - om1: start om1@group-C5BA1605619E-LeaderElection10
2022-05-17 16:32:46,337 [om1@group-C5BA1605619E-LeaderElection10] INFO  impl.LeaderElection (LeaderElection.java:askForVotes(306)) - om1@group-C5BA1605619E-LeaderElection10 ELECTION round 0: submit vote requests at term 1 for -1: [om1|rpc:localhost:9872|priority:0], old=null
2022-05-17 16:32:46,341 [om1@group-C5BA1605619E-LeaderElection10] INFO  impl.LeaderElection (LeaderElection.java:askForVotes(308)) - om1@group-C5BA1605619E-LeaderElection10 ELECTION round 0: result PASSED (term=1)
2022-05-17 16:32:46,341 [om1@group-C5BA1605619E-LeaderElection10] INFO  impl.RoleInfo (RoleInfo.java:shutdownLeaderElection(121)) - om1: shutdown om1@group-C5BA1605619E-LeaderElection10
2022-05-17 16:32:46,342 [om1@group-C5BA1605619E-LeaderElection10] INFO  server.RaftServer$Division (RaftServerImpl.java:setRole(290)) - om1@group-C5BA1605619E: changes role from CANDIDATE to LEADER at term 1 for changeToLeader
2022-05-17 16:32:46,342 [om1@group-C5BA1605619E-LeaderElection10] INFO  server.RaftServer$Division (ServerState.java:setLeader(285)) - om1@group-C5BA1605619E: change Leader from null to om1 at term 1 for becomeLeader, leader elected after 1970ms
2022-05-17 16:32:46,342 [om1@group-C5BA1605619E-LeaderElection10] INFO  server.RaftServerConfigKeys (ConfUtils.java:logGet(44)) - raft.server.staging.catchup.gap = 1000 (default)
2022-05-17 16:32:46,342 [om1@group-C5BA1605619E-LeaderElection10] INFO  server.RaftServerConfigKeys (ConfUtils.java:logGet(44)) - raft.server.write.element-limit = 4096 (default)
2022-05-17 16:32:46,342 [om1@group-C5BA1605619E-LeaderElection10] INFO  server.RaftServerConfigKeys (ConfUtils.java:logGet(44)) - raft.server.write.byte-limit = 64MB (=67108864) (default)
2022-05-17 16:32:46,343 [om1@group-C5BA1605619E-LeaderElection10] INFO  server.RaftServerConfigKeys (ConfUtils.java:logGet(44)) - raft.server.watch.timeout = 10s (default)
2022-05-17 16:32:46,343 [om1@group-C5BA1605619E-LeaderElection10] INFO  server.RaftServerConfigKeys (ConfUtils.java:logGet(44)) - raft.server.watch.timeout.denomination = 1s (default)
2022-05-17 16:32:46,343 [om1@group-C5BA1605619E-LeaderElection10] INFO  server.RaftServerConfigKeys (ConfUtils.java:logGet(44)) - raft.server.watch.element-limit = 65536 (default)
2022-05-17 16:32:46,343 [om1@group-C5BA1605619E-LeaderElection10] INFO  server.RaftServerConfigKeys (ConfUtils.java:logGet(44)) - raft.server.write.element-limit = 4096 (default)
2022-05-17 16:32:46,343 [om1@group-C5BA1605619E-LeaderElection10] INFO  server.RaftServerConfigKeys (ConfUtils.java:logGet(44)) - raft.server.write.follower.gap.ratio.max = -1.0 (default)
2022-05-17 16:32:46,343 [om1@group-C5BA1605619E-LeaderElection10] INFO  impl.RoleInfo (RoleInfo.java:updateAndGet(130)) - om1: start om1@group-C5BA1605619E-LeaderStateImpl
2022-05-17 16:32:46,343 [om1@group-C5BA1605619E-LeaderElection10] INFO  segmented.SegmentedRaftLogWorker (SegmentedRaftLogWorker.java:startLogSegment(394)) - om1@group-C5BA1605619E-SegmentedRaftLogWorker: Starting segment from index:0
2022-05-17 16:32:46,370 [om1@group-C5BA1605619E-SegmentedRaftLogWorker] INFO  segmented.SegmentedRaftLogWorker (SegmentedRaftLogWorker.java:execute(601)) - om1@group-C5BA1605619E-SegmentedRaftLogWorker: created new log segment /home/runner/work/ozone/ozone/hadoop-ozone/integration-test/target/test-dir/MiniOzoneClusterImpl-ffb562c6-b12a-49f0-b7f7-a82568f8c776/ozone-meta/ratis/bf265839-605b-3f16-9796-c5ba1605619e/current/log_inprogress_0
2022-05-17 16:32:46,371 [om1@group-C5BA1605619E-LeaderElection10] INFO  server.RaftServer$Division (ServerState.java:setRaftConf(387)) - om1@group-C5BA1605619E: set configuration 0: [om1|rpc:localhost:9872|admin:|client:|dataStream:|priority:0], old=null
2022-05-17 16:32:46,377 [om1@group-C5BA1605619E-StateMachineUpdater] INFO  ratis.OzoneManagerStateMachine (OzoneManagerStateMachine.java:notifyConfigurationChanged(191)) - Received Configuration change notification from Ratis. New Peer list:
[id: "om1"
address: "localhost:9872"
]
2022-05-17 16:32:46,392 [Listener at 127.0.0.1/37949] INFO  reflections.Reflections (Reflections.java:scan(232)) - Reflections took 140 ms to scan 7 urls, producing 127 keys and 292 values 
2022-05-17 16:32:46,406 [Listener at 127.0.0.1/37949] INFO  statemachine.DatanodeStateMachine (DatanodeStateMachine.java:getEndPointTaskThreadPoolSize(233)) - Datanode State Machine Task Thread Pool size 2
2022-05-17 16:32:46,408 [Listener at 127.0.0.1/37949] INFO  volume.HddsVolume (HddsVolume.java:<init>(120)) - Creating HddsVolume: /home/runner/work/ozone/ozone/hadoop-ozone/integration-test/target/test-dir/MiniOzoneClusterImpl-ffb562c6-b12a-49f0-b7f7-a82568f8c776/datanode-1/data-0/containers/hdds of storage type : DISK capacity : 9223372036854775807
2022-05-17 16:32:46,409 [Listener at 127.0.0.1/37949] INFO  volume.MutableVolumeSet (MutableVolumeSet.java:initializeVolumeSet(168)) - Added Volume : /home/runner/work/ozone/ozone/hadoop-ozone/integration-test/target/test-dir/MiniOzoneClusterImpl-ffb562c6-b12a-49f0-b7f7-a82568f8c776/datanode-1/data-0/containers/hdds to VolumeSet
2022-05-17 16:32:46,409 [Listener at 127.0.0.1/37949] INFO  volume.ThrottledAsyncChecker (ThrottledAsyncChecker.java:schedule(141)) - Scheduling a check for /home/runner/work/ozone/ozone/hadoop-ozone/integration-test/target/test-dir/MiniOzoneClusterImpl-ffb562c6-b12a-49f0-b7f7-a82568f8c776/datanode-1/data-0/containers/hdds
2022-05-17 16:32:46,410 [Listener at 127.0.0.1/37949] INFO  volume.StorageVolumeChecker (StorageVolumeChecker.java:checkAllVolumes(202)) - Scheduled health check for volume /home/runner/work/ozone/ozone/hadoop-ozone/integration-test/target/test-dir/MiniOzoneClusterImpl-ffb562c6-b12a-49f0-b7f7-a82568f8c776/datanode-1/data-0/containers/hdds
2022-05-17 16:32:46,429 [Listener at 127.0.0.1/37949] INFO  volume.MutableVolumeSet (MutableVolumeSet.java:initializeVolumeSet(168)) - Added Volume : /home/runner/work/ozone/ozone/hadoop-ozone/integration-test/target/test-dir/MiniOzoneClusterImpl-ffb562c6-b12a-49f0-b7f7-a82568f8c776/datanode-1/data/ratis to VolumeSet
2022-05-17 16:32:46,429 [Listener at 127.0.0.1/37949] INFO  volume.ThrottledAsyncChecker (ThrottledAsyncChecker.java:schedule(141)) - Scheduling a check for /home/runner/work/ozone/ozone/hadoop-ozone/integration-test/target/test-dir/MiniOzoneClusterImpl-ffb562c6-b12a-49f0-b7f7-a82568f8c776/datanode-1/data/ratis
2022-05-17 16:32:46,430 [Listener at 127.0.0.1/37949] INFO  volume.StorageVolumeChecker (StorageVolumeChecker.java:checkAllVolumes(202)) - Scheduled health check for volume /home/runner/work/ozone/ozone/hadoop-ozone/integration-test/target/test-dir/MiniOzoneClusterImpl-ffb562c6-b12a-49f0-b7f7-a82568f8c776/datanode-1/data/ratis
2022-05-17 16:32:46,470 [Thread-402] INFO  ozoneimpl.ContainerReader (ContainerReader.java:readVolume(172)) - Finish verifying containers on volume /home/runner/work/ozone/ozone/hadoop-ozone/integration-test/target/test-dir/MiniOzoneClusterImpl-ffb562c6-b12a-49f0-b7f7-a82568f8c776/datanode-1/data-0/containers/hdds
2022-05-17 16:32:46,470 [Listener at 127.0.0.1/37949] INFO  ozoneimpl.OzoneContainer (OzoneContainer.java:buildContainerSet(257)) - Build ContainerSet costs 0s
2022-05-17 16:32:46,473 [Listener at 127.0.0.1/37949] INFO  server.RaftServer (ConfUtils.java:logGet(44)) - raft.rpc.type = GRPC (default)
2022-05-17 16:32:46,474 [Listener at 127.0.0.1/37949] INFO  grpc.GrpcFactory (GrpcFactory.java:checkPooledByteBufAllocatorUseCacheForAllThreads(48)) - PERFORMANCE WARNING: useCacheForAllThreads is true that may cause Netty to create a lot garbage objects and, as a result, trigger GC.
	It is recommended to disable useCacheForAllThreads by setting -Dorg.apache.ratis.thirdparty.io.netty.allocator.useCacheForAllThreads=false in command line.
2022-05-17 16:32:46,474 [Listener at 127.0.0.1/37949] INFO  grpc.GrpcConfigKeys (ConfUtils.java:logGet(44)) - raft.grpc.admin.port = 0 (custom)
2022-05-17 16:32:46,474 [Listener at 127.0.0.1/37949] INFO  grpc.GrpcConfigKeys (ConfUtils.java:logGet(44)) - raft.grpc.client.port = 0 (custom)
2022-05-17 16:32:46,474 [Listener at 127.0.0.1/37949] INFO  grpc.GrpcConfigKeys (ConfUtils.java:logGet(44)) - raft.grpc.server.port = 0 (default)
2022-05-17 16:32:46,474 [Listener at 127.0.0.1/37949] INFO  server.GrpcService (ConfUtils.java:logGet(44)) - raft.grpc.message.size.max = 32MB (=33554432) (custom)
2022-05-17 16:32:46,474 [Listener at 127.0.0.1/37949] INFO  server.RaftServerConfigKeys (ConfUtils.java:logGet(44)) - raft.server.log.appender.buffer.byte-limit = 33554432 (custom)
2022-05-17 16:32:46,475 [Listener at 127.0.0.1/37949] INFO  server.GrpcService (ConfUtils.java:logGet(44)) - raft.grpc.flow.control.window = 5MB (=5242880) (custom)
2022-05-17 16:32:46,475 [Listener at 127.0.0.1/37949] INFO  server.RaftServerConfigKeys (ConfUtils.java:logGet(44)) - raft.server.rpc.request.timeout = 60s (custom)
2022-05-17 16:32:46,476 [Listener at 127.0.0.1/37949] INFO  impl.DataStreamServerImpl (ConfUtils.java:logGet(44)) - raft.datastream.type = DISABLED (default)
2022-05-17 16:32:46,477 [Listener at 127.0.0.1/37949] INFO  server.RaftServerConfigKeys (ConfUtils.java:logGet(44)) - raft.server.rpc.slowness.timeout = 300s (custom)
2022-05-17 16:32:46,477 [Listener at 127.0.0.1/37949] INFO  server.RaftServerConfigKeys (ConfUtils.java:logGet(44)) - raft.server.leaderelection.leader.step-down.wait-time = 10s (default)
2022-05-17 16:32:46,477 [Listener at 127.0.0.1/37949] INFO  server.RaftServerConfigKeys (ConfUtils.java:logGet(44)) - raft.server.storage.dir = [/home/runner/work/ozone/ozone/hadoop-ozone/integration-test/target/test-dir/MiniOzoneClusterImpl-ffb562c6-b12a-49f0-b7f7-a82568f8c776/datanode-1/data/ratis] (custom)
2022-05-17 16:32:46,487 [Listener at 127.0.0.1/37949] INFO  server.XceiverServerGrpc (XceiverServerGrpc.java:<init>(132)) - GrpcServer channel type EpollServerSocketChannel
2022-05-17 16:32:46,495 [Listener at 127.0.0.1/37949] INFO  http.BaseHttpServer (BaseHttpServer.java:newHttpServer2BuilderForOzone(209)) - Starting Web-server for hddsDatanode at: http://0.0.0.0:0
2022-05-17 16:32:46,495 [Listener at 127.0.0.1/37949] INFO  http.BaseHttpServer (BaseHttpServer.java:<init>(107)) - Hadoop Security Enabled: false Ozone Security Enabled: false Ozone HTTP Security Enabled: false 
2022-05-17 16:32:46,496 [Listener at 127.0.0.1/37949] INFO  server.AuthenticationFilter (AuthenticationFilter.java:constructSecretProvider(240)) - Unable to initialize FileSignerSecretProvider, falling back to use random secrets.
2022-05-17 16:32:46,506 [Listener at 127.0.0.1/37949] WARN  http.HttpRequestLog (HttpRequestLog.java:getRequestLog(103)) - Jetty request log can only be enabled using Log4j
2022-05-17 16:32:46,509 [Listener at 127.0.0.1/37949] INFO  http.HttpServer2 (HttpServer2.java:addGlobalFilter(1030)) - Added global filter 'safety' (class=org.apache.hadoop.hdds.server.http.HttpServer2$QuotingInputFilter)
2022-05-17 16:32:46,520 [Listener at 127.0.0.1/37949] INFO  http.HttpServer2 (HttpServer2.java:addFilter(1006)) - Added filter static_user_filter (class=org.apache.hadoop.http.lib.StaticUserWebFilter$StaticUserFilter) to context hddsDatanode
2022-05-17 16:32:46,520 [Listener at 127.0.0.1/37949] INFO  http.HttpServer2 (HttpServer2.java:addFilter(1014)) - Added filter static_user_filter (class=org.apache.hadoop.http.lib.StaticUserWebFilter$StaticUserFilter) to context logs
2022-05-17 16:32:46,520 [Listener at 127.0.0.1/37949] INFO  http.HttpServer2 (HttpServer2.java:addFilter(1014)) - Added filter static_user_filter (class=org.apache.hadoop.http.lib.StaticUserWebFilter$StaticUserFilter) to context static
2022-05-17 16:32:46,521 [Listener at 127.0.0.1/37949] INFO  http.HttpServer2 (HttpServer2.java:bindListener(1249)) - Jetty bound to port 39231
2022-05-17 16:32:46,521 [Listener at 127.0.0.1/37949] INFO  server.Server (Server.java:doStart(375)) - jetty-9.4.43.v20210629; built: 2021-06-30T11:07:22.254Z; git: 526006ecfa3af7f1a27ef3a288e2bef7ea9dd7e8; jvm 1.8.0_332-b09
2022-05-17 16:32:46,558 [Listener at 127.0.0.1/37949] INFO  server.session (DefaultSessionIdManager.java:doStart(334)) - DefaultSessionIdManager workerName=node0
2022-05-17 16:32:46,558 [Listener at 127.0.0.1/37949] INFO  server.session (DefaultSessionIdManager.java:doStart(339)) - No SessionScavenger set, using defaults
2022-05-17 16:32:46,558 [Listener at 127.0.0.1/37949] INFO  server.session (HouseKeeper.java:startScavenging(132)) - node0 Scavenging every 660000ms
2022-05-17 16:32:46,559 [Listener at 127.0.0.1/37949] INFO  handler.ContextHandler (ContextHandler.java:doStart(915)) - Started o.e.j.s.ServletContextHandler@44b73b61{logs,/logs,file:///home/runner/work/ozone/ozone/hadoop-ozone/integration-test/target/log,AVAILABLE}
2022-05-17 16:32:46,560 [Listener at 127.0.0.1/37949] INFO  handler.ContextHandler (ContextHandler.java:doStart(915)) - Started o.e.j.s.ServletContextHandler@6a2579a3{static,/static,jar:file:/home/runner/.m2/repository/org/apache/ozone/hdds-container-service/1.3.0-SNAPSHOT/hdds-container-service-1.3.0-SNAPSHOT.jar!/webapps/static,AVAILABLE}
2022-05-17 16:32:46,937 [Listener at 127.0.0.1/37949] INFO  handler.ContextHandler (ContextHandler.java:doStart(915)) - Started o.e.j.w.WebAppContext@5e5283a4{hddsDatanode,/,file:///tmp/jetty-0_0_0_0-39231-hdds-container-service-1_3_0-SNAPSHOT_jar-_-any-3343360087736415883/webapp/,AVAILABLE}{jar:file:/home/runner/.m2/repository/org/apache/ozone/hdds-container-service/1.3.0-SNAPSHOT/hdds-container-service-1.3.0-SNAPSHOT.jar!/webapps/hddsDatanode}
2022-05-17 16:32:46,942 [Listener at 127.0.0.1/37949] INFO  server.AbstractConnector (AbstractConnector.java:doStart(331)) - Started ServerConnector@8c098f0{HTTP/1.1, (http/1.1)}{0.0.0.0:39231}
2022-05-17 16:32:46,942 [Listener at 127.0.0.1/37949] INFO  server.Server (Server.java:doStart(415)) - Started @48140ms
2022-05-17 16:32:46,942 [Listener at 127.0.0.1/37949] WARN  impl.MetricsSystemImpl (MetricsSystemImpl.java:register(279)) - Sink prometheus already exists!
2022-05-17 16:32:46,943 [Listener at 127.0.0.1/37949] INFO  http.BaseHttpServer (BaseHttpServer.java:updateConnectorAddress(329)) - HTTP server of hddsDatanode listening at http://0.0.0.0:39231
2022-05-17 16:32:46,990 [Listener at 127.0.0.1/37949] WARN  impl.MetricRegistriesImpl (MetricRegistriesImpl.java:addReporterRegistration(111)) - New reporters are added after registries were created. Some metrics will be missing from the reporter. Please add reporter before adding any new registry.
2022-05-17 16:32:46,990 [Listener at 127.0.0.1/37949] WARN  impl.MetricRegistriesImpl (MetricRegistriesImpl.java:addReporterRegistration(111)) - New reporters are added after registries were created. Some metrics will be missing from the reporter. Please add reporter before adding any new registry.
2022-05-17 16:32:46,990 [Listener at 127.0.0.1/37949] INFO  impl.MetricsSystemImpl (MetricsSystemImpl.java:init(158)) - HddsDatanode metrics system started (again)
2022-05-17 16:32:46,997 [Datanode State Machine Daemon Thread] INFO  statemachine.DatanodeStateMachine (DatanodeStateMachine.java:lambda$startDaemon$0(481)) - Ozone container server started.
2022-05-17 16:32:47,014 [org.apache.hadoop.util.JvmPauseMonitor$Monitor@668fb5be] INFO  util.JvmPauseMonitor (JvmPauseMonitor.java:run(188)) - Starting JVM pause monitor
2022-05-17 16:32:47,033 [Listener at 127.0.0.1/37949] INFO  ozone.HddsDatanodeService (HddsDatanodeService.java:start(236)) - HddsDatanodeService host:fv-az297-879.nmf1rxwemy4u5di1sxxf4ejcwb.jx.internal.cloudapp.net ip:10.1.0.54
2022-05-17 16:32:47,040 [Datanode State Machine Task Thread - 0] INFO  datanode.InitDatanodeState (InitDatanodeState.java:persistContainerDatanodeDetails(138)) - DatanodeDetails is persisted to /home/runner/work/ozone/ozone/hadoop-ozone/integration-test/target/test-dir/MiniOzoneClusterImpl-ffb562c6-b12a-49f0-b7f7-a82568f8c776/datanode-1/meta/datanode.id
2022-05-17 16:32:47,062 [Listener at 127.0.0.1/37949] INFO  upgrade.AbstractLayoutVersionManager (AbstractLayoutVersionManager.java:init(79)) - Initializing Layout version manager with metadata layout = ERASURE_CODED_STORAGE_SUPPORT (version = 3), software layout = ERASURE_CODED_STORAGE_SUPPORT (version = 3)
2022-05-17 16:32:47,151 [Listener at 127.0.0.1/37949] INFO  reflections.Reflections (Reflections.java:scan(232)) - Reflections took 88 ms to scan 7 urls, producing 127 keys and 292 values 
2022-05-17 16:32:47,153 [Listener at 127.0.0.1/37949] INFO  statemachine.DatanodeStateMachine (DatanodeStateMachine.java:getEndPointTaskThreadPoolSize(233)) - Datanode State Machine Task Thread Pool size 2
2022-05-17 16:32:47,160 [Listener at 127.0.0.1/37949] INFO  volume.HddsVolume (HddsVolume.java:<init>(120)) - Creating HddsVolume: /home/runner/work/ozone/ozone/hadoop-ozone/integration-test/target/test-dir/MiniOzoneClusterImpl-ffb562c6-b12a-49f0-b7f7-a82568f8c776/datanode-2/data-0/containers/hdds of storage type : DISK capacity : 9223372036854775807
2022-05-17 16:32:47,160 [Listener at 127.0.0.1/37949] INFO  volume.MutableVolumeSet (MutableVolumeSet.java:initializeVolumeSet(168)) - Added Volume : /home/runner/work/ozone/ozone/hadoop-ozone/integration-test/target/test-dir/MiniOzoneClusterImpl-ffb562c6-b12a-49f0-b7f7-a82568f8c776/datanode-2/data-0/containers/hdds to VolumeSet
2022-05-17 16:32:47,161 [Listener at 127.0.0.1/37949] INFO  volume.ThrottledAsyncChecker (ThrottledAsyncChecker.java:schedule(141)) - Scheduling a check for /home/runner/work/ozone/ozone/hadoop-ozone/integration-test/target/test-dir/MiniOzoneClusterImpl-ffb562c6-b12a-49f0-b7f7-a82568f8c776/datanode-2/data-0/containers/hdds
2022-05-17 16:32:47,168 [Listener at 127.0.0.1/37949] INFO  volume.StorageVolumeChecker (StorageVolumeChecker.java:checkAllVolumes(202)) - Scheduled health check for volume /home/runner/work/ozone/ozone/hadoop-ozone/integration-test/target/test-dir/MiniOzoneClusterImpl-ffb562c6-b12a-49f0-b7f7-a82568f8c776/datanode-2/data-0/containers/hdds
2022-05-17 16:32:47,190 [Listener at 127.0.0.1/37949] INFO  volume.MutableVolumeSet (MutableVolumeSet.java:initializeVolumeSet(168)) - Added Volume : /home/runner/work/ozone/ozone/hadoop-ozone/integration-test/target/test-dir/MiniOzoneClusterImpl-ffb562c6-b12a-49f0-b7f7-a82568f8c776/datanode-2/data/ratis to VolumeSet
2022-05-17 16:32:47,190 [Listener at 127.0.0.1/37949] INFO  volume.ThrottledAsyncChecker (ThrottledAsyncChecker.java:schedule(141)) - Scheduling a check for /home/runner/work/ozone/ozone/hadoop-ozone/integration-test/target/test-dir/MiniOzoneClusterImpl-ffb562c6-b12a-49f0-b7f7-a82568f8c776/datanode-2/data/ratis
2022-05-17 16:32:47,191 [Listener at 127.0.0.1/37949] INFO  volume.StorageVolumeChecker (StorageVolumeChecker.java:checkAllVolumes(202)) - Scheduled health check for volume /home/runner/work/ozone/ozone/hadoop-ozone/integration-test/target/test-dir/MiniOzoneClusterImpl-ffb562c6-b12a-49f0-b7f7-a82568f8c776/datanode-2/data/ratis
2022-05-17 16:32:47,214 [Thread-414] INFO  ozoneimpl.ContainerReader (ContainerReader.java:readVolume(172)) - Finish verifying containers on volume /home/runner/work/ozone/ozone/hadoop-ozone/integration-test/target/test-dir/MiniOzoneClusterImpl-ffb562c6-b12a-49f0-b7f7-a82568f8c776/datanode-2/data-0/containers/hdds
2022-05-17 16:32:47,214 [Listener at 127.0.0.1/37949] INFO  ozoneimpl.OzoneContainer (OzoneContainer.java:buildContainerSet(257)) - Build ContainerSet costs 0s
2022-05-17 16:32:47,217 [Listener at 127.0.0.1/37949] INFO  server.RaftServer (ConfUtils.java:logGet(44)) - raft.rpc.type = GRPC (default)
2022-05-17 16:32:47,217 [Listener at 127.0.0.1/37949] INFO  grpc.GrpcFactory (GrpcFactory.java:checkPooledByteBufAllocatorUseCacheForAllThreads(48)) - PERFORMANCE WARNING: useCacheForAllThreads is true that may cause Netty to create a lot garbage objects and, as a result, trigger GC.
	It is recommended to disable useCacheForAllThreads by setting -Dorg.apache.ratis.thirdparty.io.netty.allocator.useCacheForAllThreads=false in command line.
2022-05-17 16:32:47,217 [Listener at 127.0.0.1/37949] INFO  grpc.GrpcConfigKeys (ConfUtils.java:logGet(44)) - raft.grpc.admin.port = 0 (custom)
2022-05-17 16:32:47,217 [Listener at 127.0.0.1/37949] INFO  grpc.GrpcConfigKeys (ConfUtils.java:logGet(44)) - raft.grpc.client.port = 0 (custom)
2022-05-17 16:32:47,218 [Listener at 127.0.0.1/37949] INFO  grpc.GrpcConfigKeys (ConfUtils.java:logGet(44)) - raft.grpc.server.port = 0 (default)
2022-05-17 16:32:47,218 [Listener at 127.0.0.1/37949] INFO  server.GrpcService (ConfUtils.java:logGet(44)) - raft.grpc.message.size.max = 32MB (=33554432) (custom)
2022-05-17 16:32:47,218 [Listener at 127.0.0.1/37949] INFO  server.RaftServerConfigKeys (ConfUtils.java:logGet(44)) - raft.server.log.appender.buffer.byte-limit = 33554432 (custom)
2022-05-17 16:32:47,218 [Listener at 127.0.0.1/37949] INFO  server.GrpcService (ConfUtils.java:logGet(44)) - raft.grpc.flow.control.window = 5MB (=5242880) (custom)
2022-05-17 16:32:47,218 [Listener at 127.0.0.1/37949] INFO  server.RaftServerConfigKeys (ConfUtils.java:logGet(44)) - raft.server.rpc.request.timeout = 60s (custom)
2022-05-17 16:32:47,220 [Listener at 127.0.0.1/37949] INFO  impl.DataStreamServerImpl (ConfUtils.java:logGet(44)) - raft.datastream.type = DISABLED (default)
2022-05-17 16:32:47,220 [Listener at 127.0.0.1/37949] INFO  server.RaftServerConfigKeys (ConfUtils.java:logGet(44)) - raft.server.rpc.slowness.timeout = 300s (custom)
2022-05-17 16:32:47,220 [Listener at 127.0.0.1/37949] INFO  server.RaftServerConfigKeys (ConfUtils.java:logGet(44)) - raft.server.leaderelection.leader.step-down.wait-time = 10s (default)
2022-05-17 16:32:47,220 [Listener at 127.0.0.1/37949] INFO  server.RaftServerConfigKeys (ConfUtils.java:logGet(44)) - raft.server.storage.dir = [/home/runner/work/ozone/ozone/hadoop-ozone/integration-test/target/test-dir/MiniOzoneClusterImpl-ffb562c6-b12a-49f0-b7f7-a82568f8c776/datanode-2/data/ratis] (custom)
2022-05-17 16:32:47,230 [Listener at 127.0.0.1/37949] INFO  server.XceiverServerGrpc (XceiverServerGrpc.java:<init>(132)) - GrpcServer channel type EpollServerSocketChannel
2022-05-17 16:32:47,245 [Listener at 127.0.0.1/37949] INFO  http.BaseHttpServer (BaseHttpServer.java:newHttpServer2BuilderForOzone(209)) - Starting Web-server for hddsDatanode at: http://0.0.0.0:0
2022-05-17 16:32:47,245 [Listener at 127.0.0.1/37949] INFO  http.BaseHttpServer (BaseHttpServer.java:<init>(107)) - Hadoop Security Enabled: false Ozone Security Enabled: false Ozone HTTP Security Enabled: false 
2022-05-17 16:32:47,246 [Listener at 127.0.0.1/37949] INFO  server.AuthenticationFilter (AuthenticationFilter.java:constructSecretProvider(240)) - Unable to initialize FileSignerSecretProvider, falling back to use random secrets.
2022-05-17 16:32:47,249 [Listener at 127.0.0.1/37949] WARN  http.HttpRequestLog (HttpRequestLog.java:getRequestLog(103)) - Jetty request log can only be enabled using Log4j
2022-05-17 16:32:47,250 [Listener at 127.0.0.1/37949] INFO  http.HttpServer2 (HttpServer2.java:addGlobalFilter(1030)) - Added global filter 'safety' (class=org.apache.hadoop.hdds.server.http.HttpServer2$QuotingInputFilter)
2022-05-17 16:32:47,251 [Listener at 127.0.0.1/37949] INFO  http.HttpServer2 (HttpServer2.java:addFilter(1006)) - Added filter static_user_filter (class=org.apache.hadoop.http.lib.StaticUserWebFilter$StaticUserFilter) to context hddsDatanode
2022-05-17 16:32:47,251 [Listener at 127.0.0.1/37949] INFO  http.HttpServer2 (HttpServer2.java:addFilter(1014)) - Added filter static_user_filter (class=org.apache.hadoop.http.lib.StaticUserWebFilter$StaticUserFilter) to context static
2022-05-17 16:32:47,251 [Listener at 127.0.0.1/37949] INFO  http.HttpServer2 (HttpServer2.java:addFilter(1014)) - Added filter static_user_filter (class=org.apache.hadoop.http.lib.StaticUserWebFilter$StaticUserFilter) to context logs
2022-05-17 16:32:47,252 [Listener at 127.0.0.1/37949] INFO  http.HttpServer2 (HttpServer2.java:bindListener(1249)) - Jetty bound to port 40759
2022-05-17 16:32:47,252 [Listener at 127.0.0.1/37949] INFO  server.Server (Server.java:doStart(375)) - jetty-9.4.43.v20210629; built: 2021-06-30T11:07:22.254Z; git: 526006ecfa3af7f1a27ef3a288e2bef7ea9dd7e8; jvm 1.8.0_332-b09
2022-05-17 16:32:47,282 [Listener at 127.0.0.1/37949] INFO  server.session (DefaultSessionIdManager.java:doStart(334)) - DefaultSessionIdManager workerName=node0
2022-05-17 16:32:47,282 [Listener at 127.0.0.1/37949] INFO  server.session (DefaultSessionIdManager.java:doStart(339)) - No SessionScavenger set, using defaults
2022-05-17 16:32:47,283 [Listener at 127.0.0.1/37949] INFO  server.session (HouseKeeper.java:startScavenging(132)) - node0 Scavenging every 660000ms
2022-05-17 16:32:47,291 [Listener at 127.0.0.1/37949] INFO  handler.ContextHandler (ContextHandler.java:doStart(915)) - Started o.e.j.s.ServletContextHandler@4fd0f03c{logs,/logs,file:///home/runner/work/ozone/ozone/hadoop-ozone/integration-test/target/log,AVAILABLE}
2022-05-17 16:32:47,291 [Listener at 127.0.0.1/37949] INFO  handler.ContextHandler (ContextHandler.java:doStart(915)) - Started o.e.j.s.ServletContextHandler@69f8db6c{static,/static,jar:file:/home/runner/.m2/repository/org/apache/ozone/hdds-container-service/1.3.0-SNAPSHOT/hdds-container-service-1.3.0-SNAPSHOT.jar!/webapps/static,AVAILABLE}
2022-05-17 16:32:47,664 [Listener at 127.0.0.1/37949] INFO  handler.ContextHandler (ContextHandler.java:doStart(915)) - Started o.e.j.w.WebAppContext@1c848ef8{hddsDatanode,/,file:///tmp/jetty-0_0_0_0-40759-hdds-container-service-1_3_0-SNAPSHOT_jar-_-any-8158626317804346283/webapp/,AVAILABLE}{jar:file:/home/runner/.m2/repository/org/apache/ozone/hdds-container-service/1.3.0-SNAPSHOT/hdds-container-service-1.3.0-SNAPSHOT.jar!/webapps/hddsDatanode}
2022-05-17 16:32:47,666 [Listener at 127.0.0.1/37949] INFO  server.AbstractConnector (AbstractConnector.java:doStart(331)) - Started ServerConnector@7425908e{HTTP/1.1, (http/1.1)}{0.0.0.0:40759}
2022-05-17 16:32:47,666 [Listener at 127.0.0.1/37949] INFO  server.Server (Server.java:doStart(415)) - Started @48864ms
2022-05-17 16:32:47,666 [Listener at 127.0.0.1/37949] WARN  impl.MetricsSystemImpl (MetricsSystemImpl.java:register(279)) - Sink prometheus already exists!
2022-05-17 16:32:47,667 [Listener at 127.0.0.1/37949] INFO  http.BaseHttpServer (BaseHttpServer.java:updateConnectorAddress(329)) - HTTP server of hddsDatanode listening at http://0.0.0.0:40759
2022-05-17 16:32:47,668 [Listener at 127.0.0.1/37949] INFO  ozone.MiniOzoneClusterImpl (MiniOzoneClusterImpl.java:lambda$waitForClusterToBeReady$0(221)) - Waiting for nodes to be ready. Got 0 of 3 DN Heartbeats.
2022-05-17 16:32:47,668 [Listener at 127.0.0.1/37949] INFO  ozone.MiniOzoneClusterImpl (MiniOzoneClusterImpl.java:lambda$waitForClusterToBeReady$0(224)) - Waiting for cluster to exit safe mode
2022-05-17 16:32:47,668 [Listener at 127.0.0.1/37949] INFO  ozone.MiniOzoneClusterImpl (MiniOzoneClusterImpl.java:lambda$waitForClusterToBeReady$0(226)) - SCM became leader
2022-05-17 16:32:47,671 [Datanode State Machine Daemon Thread] INFO  statemachine.DatanodeStateMachine (DatanodeStateMachine.java:lambda$startDaemon$0(481)) - Ozone container server started.
2022-05-17 16:32:47,680 [org.apache.hadoop.util.JvmPauseMonitor$Monitor@523de720] INFO  util.JvmPauseMonitor (JvmPauseMonitor.java:run(188)) - Starting JVM pause monitor
2022-05-17 16:32:47,704 [Datanode State Machine Task Thread - 0] INFO  datanode.InitDatanodeState (InitDatanodeState.java:persistContainerDatanodeDetails(138)) - DatanodeDetails is persisted to /home/runner/work/ozone/ozone/hadoop-ozone/integration-test/target/test-dir/MiniOzoneClusterImpl-ffb562c6-b12a-49f0-b7f7-a82568f8c776/datanode-2/meta/datanode.id
2022-05-17 16:32:48,201 [EndpointStateMachine task thread for /0.0.0.0:38619 - 0 ] INFO  ozoneimpl.OzoneContainer (OzoneContainer.java:start(335)) - Attempting to start container services.
2022-05-17 16:32:48,201 [EndpointStateMachine task thread for /0.0.0.0:38619 - 0 ] INFO  ozoneimpl.OzoneContainer (OzoneContainer.java:startContainerScrub(270)) - Background container scanner has been disabled.
2022-05-17 16:32:48,205 [EndpointStateMachine task thread for /0.0.0.0:38619 - 0 ] INFO  replication.ReplicationServer (ReplicationServer.java:start(111)) - ReplicationServer is started using port 36249
2022-05-17 16:32:48,206 [EndpointStateMachine task thread for /0.0.0.0:38619 - 0 ] INFO  ratis.XceiverServerRatis (XceiverServerRatis.java:start(481)) - Starting XceiverServerRatis 30550b8f-a9d4-437c-b8cc-b448e34549d3
2022-05-17 16:32:48,210 [EndpointStateMachine task thread for /0.0.0.0:38619 - 0 ] INFO  server.RaftServer (RaftServerProxy.java:lambda$start$5(374)) - 30550b8f-a9d4-437c-b8cc-b448e34549d3: start RPC server
2022-05-17 16:32:48,216 [EndpointStateMachine task thread for /0.0.0.0:38619 - 0 ] INFO  server.GrpcService (GrpcService.java:startImpl(253)) - 30550b8f-a9d4-437c-b8cc-b448e34549d3: GrpcService started, listening on 38443
2022-05-17 16:32:48,216 [EndpointStateMachine task thread for /0.0.0.0:38619 - 0 ] INFO  ratis.XceiverServerRatis (XceiverServerRatis.java:getRealPort(502)) - XceiverServerRatis 30550b8f-a9d4-437c-b8cc-b448e34549d3 is started using port 38443 for RATIS
2022-05-17 16:32:48,216 [EndpointStateMachine task thread for /0.0.0.0:38619 - 0 ] INFO  ratis.XceiverServerRatis (XceiverServerRatis.java:getRealPort(502)) - XceiverServerRatis 30550b8f-a9d4-437c-b8cc-b448e34549d3 is started using port 38443 for RATIS_ADMIN
2022-05-17 16:32:48,217 [EndpointStateMachine task thread for /0.0.0.0:38619 - 0 ] INFO  ratis.XceiverServerRatis (XceiverServerRatis.java:getRealPort(502)) - XceiverServerRatis 30550b8f-a9d4-437c-b8cc-b448e34549d3 is started using port 38443 for RATIS_SERVER
2022-05-17 16:32:48,218 [org.apache.ratis.util.JvmPauseMonitor$$Lambda$622/456676922@28ec4fda] INFO  util.JvmPauseMonitor (JvmPauseMonitor.java:run(103)) - JvmPauseMonitor-30550b8f-a9d4-437c-b8cc-b448e34549d3: Started
2022-05-17 16:32:48,218 [EndpointStateMachine task thread for /0.0.0.0:38619 - 0 ] INFO  server.XceiverServerGrpc (XceiverServerGrpc.java:start(180)) - XceiverServerGrpc 30550b8f-a9d4-437c-b8cc-b448e34549d3 is started using port 32831
2022-05-17 16:32:48,668 [Listener at 127.0.0.1/37949] INFO  ozone.MiniOzoneClusterImpl (MiniOzoneClusterImpl.java:lambda$waitForClusterToBeReady$0(221)) - Waiting for nodes to be ready. Got 0 of 3 DN Heartbeats.
2022-05-17 16:32:48,669 [Listener at 127.0.0.1/37949] INFO  ozone.MiniOzoneClusterImpl (MiniOzoneClusterImpl.java:lambda$waitForClusterToBeReady$0(224)) - Waiting for cluster to exit safe mode
2022-05-17 16:32:48,669 [Listener at 127.0.0.1/37949] INFO  ozone.MiniOzoneClusterImpl (MiniOzoneClusterImpl.java:lambda$waitForClusterToBeReady$0(226)) - SCM became leader
2022-05-17 16:32:49,021 [EndpointStateMachine task thread for /0.0.0.0:38619 - 0 ] INFO  ozoneimpl.OzoneContainer (OzoneContainer.java:start(335)) - Attempting to start container services.
2022-05-17 16:32:49,022 [EndpointStateMachine task thread for /0.0.0.0:38619 - 0 ] INFO  ozoneimpl.OzoneContainer (OzoneContainer.java:startContainerScrub(270)) - Background container scanner has been disabled.
2022-05-17 16:32:49,023 [EndpointStateMachine task thread for /0.0.0.0:38619 - 0 ] INFO  replication.ReplicationServer (ReplicationServer.java:start(111)) - ReplicationServer is started using port 46763
2022-05-17 16:32:49,029 [EndpointStateMachine task thread for /0.0.0.0:38619 - 0 ] INFO  ratis.XceiverServerRatis (XceiverServerRatis.java:start(481)) - Starting XceiverServerRatis b5f13583-f95a-429e-bfdc-163a9011ff98
2022-05-17 16:32:49,045 [EndpointStateMachine task thread for /0.0.0.0:38619 - 0 ] INFO  server.RaftServer (RaftServerProxy.java:lambda$start$5(374)) - b5f13583-f95a-429e-bfdc-163a9011ff98: start RPC server
2022-05-17 16:32:49,049 [EndpointStateMachine task thread for /0.0.0.0:38619 - 0 ] INFO  server.GrpcService (GrpcService.java:startImpl(253)) - b5f13583-f95a-429e-bfdc-163a9011ff98: GrpcService started, listening on 46369
2022-05-17 16:32:49,053 [EndpointStateMachine task thread for /0.0.0.0:38619 - 0 ] INFO  ratis.XceiverServerRatis (XceiverServerRatis.java:getRealPort(502)) - XceiverServerRatis b5f13583-f95a-429e-bfdc-163a9011ff98 is started using port 46369 for RATIS
2022-05-17 16:32:49,053 [EndpointStateMachine task thread for /0.0.0.0:38619 - 0 ] INFO  ratis.XceiverServerRatis (XceiverServerRatis.java:getRealPort(502)) - XceiverServerRatis b5f13583-f95a-429e-bfdc-163a9011ff98 is started using port 46369 for RATIS_ADMIN
2022-05-17 16:32:49,053 [EndpointStateMachine task thread for /0.0.0.0:38619 - 0 ] INFO  ratis.XceiverServerRatis (XceiverServerRatis.java:getRealPort(502)) - XceiverServerRatis b5f13583-f95a-429e-bfdc-163a9011ff98 is started using port 46369 for RATIS_SERVER
2022-05-17 16:32:49,054 [org.apache.ratis.util.JvmPauseMonitor$$Lambda$622/456676922@13d82ec1] INFO  util.JvmPauseMonitor (JvmPauseMonitor.java:run(103)) - JvmPauseMonitor-b5f13583-f95a-429e-bfdc-163a9011ff98: Started
2022-05-17 16:32:49,054 [EndpointStateMachine task thread for /0.0.0.0:38619 - 0 ] INFO  server.XceiverServerGrpc (XceiverServerGrpc.java:start(180)) - XceiverServerGrpc b5f13583-f95a-429e-bfdc-163a9011ff98 is started using port 44083
2022-05-17 16:32:49,669 [Listener at 127.0.0.1/37949] INFO  ozone.MiniOzoneClusterImpl (MiniOzoneClusterImpl.java:lambda$waitForClusterToBeReady$0(221)) - Waiting for nodes to be ready. Got 0 of 3 DN Heartbeats.
2022-05-17 16:32:49,670 [Listener at 127.0.0.1/37949] INFO  ozone.MiniOzoneClusterImpl (MiniOzoneClusterImpl.java:lambda$waitForClusterToBeReady$0(224)) - Waiting for cluster to exit safe mode
2022-05-17 16:32:49,670 [Listener at 127.0.0.1/37949] INFO  ozone.MiniOzoneClusterImpl (MiniOzoneClusterImpl.java:lambda$waitForClusterToBeReady$0(226)) - SCM became leader
2022-05-17 16:32:49,689 [EndpointStateMachine task thread for /0.0.0.0:38619 - 0 ] INFO  ozoneimpl.OzoneContainer (OzoneContainer.java:start(335)) - Attempting to start container services.
2022-05-17 16:32:49,690 [EndpointStateMachine task thread for /0.0.0.0:38619 - 0 ] INFO  ozoneimpl.OzoneContainer (OzoneContainer.java:startContainerScrub(270)) - Background container scanner has been disabled.
2022-05-17 16:32:49,691 [EndpointStateMachine task thread for /0.0.0.0:38619 - 0 ] INFO  replication.ReplicationServer (ReplicationServer.java:start(111)) - ReplicationServer is started using port 34665
2022-05-17 16:32:49,691 [EndpointStateMachine task thread for /0.0.0.0:38619 - 0 ] INFO  ratis.XceiverServerRatis (XceiverServerRatis.java:start(481)) - Starting XceiverServerRatis 4e74c47f-7ffe-4f6b-9cb5-76611437185b
2022-05-17 16:32:49,694 [EndpointStateMachine task thread for /0.0.0.0:38619 - 0 ] INFO  server.RaftServer (RaftServerProxy.java:lambda$start$5(374)) - 4e74c47f-7ffe-4f6b-9cb5-76611437185b: start RPC server
2022-05-17 16:32:49,698 [EndpointStateMachine task thread for /0.0.0.0:38619 - 0 ] INFO  server.GrpcService (GrpcService.java:startImpl(253)) - 4e74c47f-7ffe-4f6b-9cb5-76611437185b: GrpcService started, listening on 46655
2022-05-17 16:32:49,699 [EndpointStateMachine task thread for /0.0.0.0:38619 - 0 ] INFO  ratis.XceiverServerRatis (XceiverServerRatis.java:getRealPort(502)) - XceiverServerRatis 4e74c47f-7ffe-4f6b-9cb5-76611437185b is started using port 46655 for RATIS
2022-05-17 16:32:49,699 [EndpointStateMachine task thread for /0.0.0.0:38619 - 0 ] INFO  ratis.XceiverServerRatis (XceiverServerRatis.java:getRealPort(502)) - XceiverServerRatis 4e74c47f-7ffe-4f6b-9cb5-76611437185b is started using port 46655 for RATIS_ADMIN
2022-05-17 16:32:49,699 [EndpointStateMachine task thread for /0.0.0.0:38619 - 0 ] INFO  ratis.XceiverServerRatis (XceiverServerRatis.java:getRealPort(502)) - XceiverServerRatis 4e74c47f-7ffe-4f6b-9cb5-76611437185b is started using port 46655 for RATIS_SERVER
2022-05-17 16:32:49,700 [org.apache.ratis.util.JvmPauseMonitor$$Lambda$622/456676922@55afe69f] INFO  util.JvmPauseMonitor (JvmPauseMonitor.java:run(103)) - JvmPauseMonitor-4e74c47f-7ffe-4f6b-9cb5-76611437185b: Started
2022-05-17 16:32:49,706 [EndpointStateMachine task thread for /0.0.0.0:38619 - 0 ] INFO  server.XceiverServerGrpc (XceiverServerGrpc.java:start(180)) - XceiverServerGrpc 4e74c47f-7ffe-4f6b-9cb5-76611437185b is started using port 37111
2022-05-17 16:32:50,180 [IPC Server handler 1 on default port 38619] INFO  net.NetworkTopologyImpl (NetworkTopologyImpl.java:add(112)) - Added a new node: /default-rack/30550b8f-a9d4-437c-b8cc-b448e34549d3
2022-05-17 16:32:50,180 [IPC Server handler 1 on default port 38619] INFO  node.SCMNodeManager (SCMNodeManager.java:register(393)) - Registered Data node : 30550b8f-a9d4-437c-b8cc-b448e34549d3{ip: 10.1.0.54, host: fv-az297-879.nmf1rxwemy4u5di1sxxf4ejcwb.jx.internal.cloudapp.net, ports: [REPLICATION=36249, RATIS=38443, RATIS_ADMIN=38443, RATIS_SERVER=38443, STANDALONE=32831], networkLocation: /default-rack, certSerialId: null, persistedOpState: null, persistedOpStateExpiryEpochSec: 0}
2022-05-17 16:32:50,182 [EventQueue-NodeRegistrationContainerReportForContainerSafeModeRule] INFO  safemode.SCMSafeModeManager (SCMSafeModeManager.java:validateSafeModeExitRules(204)) - ContainerSafeModeRule rule is successfully validated
2022-05-17 16:32:50,183 [EventQueue-NodeRegistrationContainerReportForDataNodeSafeModeRule] INFO  safemode.SCMSafeModeManager (DataNodeSafeModeRule.java:process(71)) - SCM in safe mode. 1 DataNodes registered, 3 required.
2022-05-17 16:32:50,185 [EventQueue-NewNodeForNewNodeHandler] INFO  pipeline.BackgroundPipelineCreator (BackgroundPipelineCreator.java:notifyEventTriggered(272)) - trigger a one-shot run on RatisPipelineUtilsThread.
2022-05-17 16:32:50,185 [EventQueue-PipelineReportForOneReplicaPipelineSafeModeRule] INFO  safemode.SCMSafeModeManager (SCMSafeModeManager.java:validateSafeModeExitRules(204)) - AtleastOneDatanodeReportedRule rule is successfully validated
2022-05-17 16:32:50,186 [RatisPipelineUtilsThread - 0] INFO  pipeline.RatisPipelineProvider (RatisPipelineProvider.java:lambda$create$0(195)) - Sending CreatePipelineCommand for pipeline:PipelineID=bb1319b1-76e1-43e4-b89b-34e19cd71ae7 to datanode:30550b8f-a9d4-437c-b8cc-b448e34549d3
2022-05-17 16:32:50,198 [RatisPipelineUtilsThread - 0] INFO  pipeline.PipelineStateManagerImpl (PipelineStateManagerImpl.java:addPipeline(101)) - Created pipeline Pipeline[ Id: bb1319b1-76e1-43e4-b89b-34e19cd71ae7, Nodes: 30550b8f-a9d4-437c-b8cc-b448e34549d3{ip: 10.1.0.54, host: fv-az297-879.nmf1rxwemy4u5di1sxxf4ejcwb.jx.internal.cloudapp.net, ports: [REPLICATION=36249, RATIS=38443, RATIS_ADMIN=38443, RATIS_SERVER=38443, STANDALONE=32831], networkLocation: /default-rack, certSerialId: null, persistedOpState: IN_SERVICE, persistedOpStateExpiryEpochSec: 0}, ReplicationConfig: RATIS/ONE, State:ALLOCATED, leaderId:, CreationTimestamp2022-05-17T16:32:50.186Z[Etc/UTC]].
2022-05-17 16:32:50,670 [Listener at 127.0.0.1/37949] INFO  ozone.MiniOzoneClusterImpl (MiniOzoneClusterImpl.java:lambda$waitForClusterToBeReady$0(221)) - Waiting for nodes to be ready. Got 1 of 3 DN Heartbeats.
2022-05-17 16:32:50,671 [Listener at 127.0.0.1/37949] INFO  ozone.MiniOzoneClusterImpl (MiniOzoneClusterImpl.java:lambda$waitForClusterToBeReady$0(224)) - Waiting for cluster to exit safe mode
2022-05-17 16:32:50,671 [Listener at 127.0.0.1/37949] INFO  ozone.MiniOzoneClusterImpl (MiniOzoneClusterImpl.java:lambda$waitForClusterToBeReady$0(226)) - SCM became leader
2022-05-17 16:32:51,016 [IPC Server handler 0 on default port 38619] INFO  net.NetworkTopologyImpl (NetworkTopologyImpl.java:add(112)) - Added a new node: /default-rack/b5f13583-f95a-429e-bfdc-163a9011ff98
2022-05-17 16:32:51,017 [IPC Server handler 0 on default port 38619] INFO  node.SCMNodeManager (SCMNodeManager.java:register(393)) - Registered Data node : b5f13583-f95a-429e-bfdc-163a9011ff98{ip: 10.1.0.54, host: fv-az297-879.nmf1rxwemy4u5di1sxxf4ejcwb.jx.internal.cloudapp.net, ports: [REPLICATION=46763, RATIS=46369, RATIS_ADMIN=46369, RATIS_SERVER=46369, STANDALONE=44083], networkLocation: /default-rack, certSerialId: null, persistedOpState: null, persistedOpStateExpiryEpochSec: 0}
2022-05-17 16:32:51,018 [EventQueue-NewNodeForNewNodeHandler] INFO  pipeline.BackgroundPipelineCreator (BackgroundPipelineCreator.java:notifyEventTriggered(272)) - trigger a one-shot run on RatisPipelineUtilsThread.
2022-05-17 16:32:51,018 [EventQueue-NodeRegistrationContainerReportForDataNodeSafeModeRule] INFO  safemode.SCMSafeModeManager (DataNodeSafeModeRule.java:process(71)) - SCM in safe mode. 2 DataNodes registered, 3 required.
2022-05-17 16:32:51,019 [RatisPipelineUtilsThread - 0] INFO  pipeline.RatisPipelineProvider (RatisPipelineProvider.java:lambda$create$0(195)) - Sending CreatePipelineCommand for pipeline:PipelineID=7b3f4b36-1166-45ae-8f20-3cb60377fe21 to datanode:b5f13583-f95a-429e-bfdc-163a9011ff98
2022-05-17 16:32:51,020 [RatisPipelineUtilsThread - 0] INFO  pipeline.PipelineStateManagerImpl (PipelineStateManagerImpl.java:addPipeline(101)) - Created pipeline Pipeline[ Id: 7b3f4b36-1166-45ae-8f20-3cb60377fe21, Nodes: b5f13583-f95a-429e-bfdc-163a9011ff98{ip: 10.1.0.54, host: fv-az297-879.nmf1rxwemy4u5di1sxxf4ejcwb.jx.internal.cloudapp.net, ports: [REPLICATION=46763, RATIS=46369, RATIS_ADMIN=46369, RATIS_SERVER=46369, STANDALONE=44083], networkLocation: /default-rack, certSerialId: null, persistedOpState: IN_SERVICE, persistedOpStateExpiryEpochSec: 0}, ReplicationConfig: RATIS/ONE, State:ALLOCATED, leaderId:, CreationTimestamp2022-05-17T16:32:51.019Z[Etc/UTC]].
2022-05-17 16:32:51,671 [Listener at 127.0.0.1/37949] INFO  ozone.MiniOzoneClusterImpl (MiniOzoneClusterImpl.java:lambda$waitForClusterToBeReady$0(221)) - Waiting for nodes to be ready. Got 2 of 3 DN Heartbeats.
2022-05-17 16:32:51,671 [Listener at 127.0.0.1/37949] INFO  ozone.MiniOzoneClusterImpl (MiniOzoneClusterImpl.java:lambda$waitForClusterToBeReady$0(224)) - Waiting for cluster to exit safe mode
2022-05-17 16:32:51,671 [Listener at 127.0.0.1/37949] INFO  ozone.MiniOzoneClusterImpl (MiniOzoneClusterImpl.java:lambda$waitForClusterToBeReady$0(226)) - SCM became leader
2022-05-17 16:32:51,684 [IPC Server handler 2 on default port 38619] INFO  net.NetworkTopologyImpl (NetworkTopologyImpl.java:add(112)) - Added a new node: /default-rack/4e74c47f-7ffe-4f6b-9cb5-76611437185b
2022-05-17 16:32:51,687 [IPC Server handler 2 on default port 38619] INFO  node.SCMNodeManager (SCMNodeManager.java:register(393)) - Registered Data node : 4e74c47f-7ffe-4f6b-9cb5-76611437185b{ip: 10.1.0.54, host: fv-az297-879.nmf1rxwemy4u5di1sxxf4ejcwb.jx.internal.cloudapp.net, ports: [REPLICATION=34665, RATIS=46655, RATIS_ADMIN=46655, RATIS_SERVER=46655, STANDALONE=37111], networkLocation: /default-rack, certSerialId: null, persistedOpState: null, persistedOpStateExpiryEpochSec: 0}
2022-05-17 16:32:51,690 [EventQueue-NewNodeForNewNodeHandler] INFO  pipeline.BackgroundPipelineCreator (BackgroundPipelineCreator.java:notifyEventTriggered(272)) - trigger a one-shot run on RatisPipelineUtilsThread.
2022-05-17 16:32:51,690 [EventQueue-NodeRegistrationContainerReportForDataNodeSafeModeRule] INFO  safemode.SCMSafeModeManager (DataNodeSafeModeRule.java:process(71)) - SCM in safe mode. 3 DataNodes registered, 3 required.
2022-05-17 16:32:51,690 [EventQueue-NodeRegistrationContainerReportForDataNodeSafeModeRule] INFO  safemode.SCMSafeModeManager (SCMSafeModeManager.java:validateSafeModeExitRules(204)) - DataNodeSafeModeRule rule is successfully validated
2022-05-17 16:32:51,690 [EventQueue-NodeRegistrationContainerReportForDataNodeSafeModeRule] INFO  safemode.SCMSafeModeManager (SCMSafeModeManager.java:completePreCheck(233)) - All SCM safe mode pre check rules have passed
2022-05-17 16:32:51,690 [EventQueue-NodeRegistrationContainerReportForDataNodeSafeModeRule] WARN  events.EventQueue (EventQueue.java:fireEvent(194)) - No event handler registered for event TypedEvent{payloadType=SafeModeStatus, name='Safe mode status'}
2022-05-17 16:32:51,690 [RatisPipelineUtilsThread - 0] INFO  pipeline.RatisPipelineProvider (RatisPipelineProvider.java:lambda$create$0(195)) - Sending CreatePipelineCommand for pipeline:PipelineID=83fb6a50-c0bd-4c48-9ffb-63f88baefe20 to datanode:4e74c47f-7ffe-4f6b-9cb5-76611437185b
2022-05-17 16:32:51,691 [RatisPipelineUtilsThread - 0] INFO  pipeline.PipelineStateManagerImpl (PipelineStateManagerImpl.java:addPipeline(101)) - Created pipeline Pipeline[ Id: 83fb6a50-c0bd-4c48-9ffb-63f88baefe20, Nodes: 4e74c47f-7ffe-4f6b-9cb5-76611437185b{ip: 10.1.0.54, host: fv-az297-879.nmf1rxwemy4u5di1sxxf4ejcwb.jx.internal.cloudapp.net, ports: [REPLICATION=34665, RATIS=46655, RATIS_ADMIN=46655, RATIS_SERVER=46655, STANDALONE=37111], networkLocation: /default-rack, certSerialId: null, persistedOpState: IN_SERVICE, persistedOpStateExpiryEpochSec: 0}, ReplicationConfig: RATIS/ONE, State:ALLOCATED, leaderId:, CreationTimestamp2022-05-17T16:32:51.690Z[Etc/UTC]].
2022-05-17 16:32:51,690 [EventQueue-NodeRegistrationContainerReportForDataNodeSafeModeRule] INFO  ha.SCMContext (SCMContext.java:updateSafeModeStatus(211)) - Update SafeModeStatus from SafeModeStatus{safeModeStatus=true, preCheckPassed=false} to SafeModeStatus{safeModeStatus=true, preCheckPassed=true}.
2022-05-17 16:32:51,692 [EventQueue-NodeRegistrationContainerReportForDataNodeSafeModeRule] INFO  pipeline.BackgroundPipelineCreator (BackgroundPipelineCreator.java:notifyEventTriggered(272)) - trigger a one-shot run on RatisPipelineUtilsThread.
2022-05-17 16:32:51,693 [RatisPipelineUtilsThread - 0] INFO  pipeline.RatisPipelineProvider (RatisPipelineProvider.java:lambda$create$0(195)) - Sending CreatePipelineCommand for pipeline:PipelineID=6a6b35d9-3cf1-4f02-8e22-e706869fcea1 to datanode:4e74c47f-7ffe-4f6b-9cb5-76611437185b
2022-05-17 16:32:51,696 [RatisPipelineUtilsThread - 0] INFO  pipeline.RatisPipelineProvider (RatisPipelineProvider.java:lambda$create$0(195)) - Sending CreatePipelineCommand for pipeline:PipelineID=6a6b35d9-3cf1-4f02-8e22-e706869fcea1 to datanode:b5f13583-f95a-429e-bfdc-163a9011ff98
2022-05-17 16:32:51,696 [RatisPipelineUtilsThread - 0] INFO  pipeline.RatisPipelineProvider (RatisPipelineProvider.java:lambda$create$0(195)) - Sending CreatePipelineCommand for pipeline:PipelineID=6a6b35d9-3cf1-4f02-8e22-e706869fcea1 to datanode:30550b8f-a9d4-437c-b8cc-b448e34549d3
2022-05-17 16:32:51,698 [RatisPipelineUtilsThread - 0] INFO  pipeline.PipelineStateManagerImpl (PipelineStateManagerImpl.java:addPipeline(101)) - Created pipeline Pipeline[ Id: 6a6b35d9-3cf1-4f02-8e22-e706869fcea1, Nodes: 4e74c47f-7ffe-4f6b-9cb5-76611437185b{ip: 10.1.0.54, host: fv-az297-879.nmf1rxwemy4u5di1sxxf4ejcwb.jx.internal.cloudapp.net, ports: [REPLICATION=34665, RATIS=46655, RATIS_ADMIN=46655, RATIS_SERVER=46655, STANDALONE=37111], networkLocation: /default-rack, certSerialId: null, persistedOpState: IN_SERVICE, persistedOpStateExpiryEpochSec: 0}b5f13583-f95a-429e-bfdc-163a9011ff98{ip: 10.1.0.54, host: fv-az297-879.nmf1rxwemy4u5di1sxxf4ejcwb.jx.internal.cloudapp.net, ports: [REPLICATION=46763, RATIS=46369, RATIS_ADMIN=46369, RATIS_SERVER=46369, STANDALONE=44083], networkLocation: /default-rack, certSerialId: null, persistedOpState: IN_SERVICE, persistedOpStateExpiryEpochSec: 0}30550b8f-a9d4-437c-b8cc-b448e34549d3{ip: 10.1.0.54, host: fv-az297-879.nmf1rxwemy4u5di1sxxf4ejcwb.jx.internal.cloudapp.net, ports: [REPLICATION=36249, RATIS=38443, RATIS_ADMIN=38443, RATIS_SERVER=38443, STANDALONE=32831], networkLocation: /default-rack, certSerialId: null, persistedOpState: IN_SERVICE, persistedOpStateExpiryEpochSec: 0}, ReplicationConfig: RATIS/THREE, State:ALLOCATED, leaderId:, CreationTimestamp2022-05-17T16:32:51.693Z[Etc/UTC]].
2022-05-17 16:32:51,699 [RatisPipelineUtilsThread - 0] INFO  pipeline.RatisPipelineProvider (RatisPipelineProvider.java:lambda$create$0(195)) - Sending CreatePipelineCommand for pipeline:PipelineID=5d7127c8-dcc4-4c2e-b4a6-0cd4c9d8759b to datanode:b5f13583-f95a-429e-bfdc-163a9011ff98
2022-05-17 16:32:51,699 [RatisPipelineUtilsThread - 0] INFO  pipeline.RatisPipelineProvider (RatisPipelineProvider.java:lambda$create$0(195)) - Sending CreatePipelineCommand for pipeline:PipelineID=5d7127c8-dcc4-4c2e-b4a6-0cd4c9d8759b to datanode:30550b8f-a9d4-437c-b8cc-b448e34549d3
2022-05-17 16:32:51,699 [RatisPipelineUtilsThread - 0] INFO  pipeline.RatisPipelineProvider (RatisPipelineProvider.java:lambda$create$0(195)) - Sending CreatePipelineCommand for pipeline:PipelineID=5d7127c8-dcc4-4c2e-b4a6-0cd4c9d8759b to datanode:4e74c47f-7ffe-4f6b-9cb5-76611437185b
2022-05-17 16:32:51,701 [RatisPipelineUtilsThread - 0] INFO  pipeline.PipelineStateManagerImpl (PipelineStateManagerImpl.java:addPipeline(101)) - Created pipeline Pipeline[ Id: 5d7127c8-dcc4-4c2e-b4a6-0cd4c9d8759b, Nodes: b5f13583-f95a-429e-bfdc-163a9011ff98{ip: 10.1.0.54, host: fv-az297-879.nmf1rxwemy4u5di1sxxf4ejcwb.jx.internal.cloudapp.net, ports: [REPLICATION=46763, RATIS=46369, RATIS_ADMIN=46369, RATIS_SERVER=46369, STANDALONE=44083], networkLocation: /default-rack, certSerialId: null, persistedOpState: IN_SERVICE, persistedOpStateExpiryEpochSec: 0}30550b8f-a9d4-437c-b8cc-b448e34549d3{ip: 10.1.0.54, host: fv-az297-879.nmf1rxwemy4u5di1sxxf4ejcwb.jx.internal.cloudapp.net, ports: [REPLICATION=36249, RATIS=38443, RATIS_ADMIN=38443, RATIS_SERVER=38443, STANDALONE=32831], networkLocation: /default-rack, certSerialId: null, persistedOpState: IN_SERVICE, persistedOpStateExpiryEpochSec: 0}4e74c47f-7ffe-4f6b-9cb5-76611437185b{ip: 10.1.0.54, host: fv-az297-879.nmf1rxwemy4u5di1sxxf4ejcwb.jx.internal.cloudapp.net, ports: [REPLICATION=34665, RATIS=46655, RATIS_ADMIN=46655, RATIS_SERVER=46655, STANDALONE=37111], networkLocation: /default-rack, certSerialId: null, persistedOpState: IN_SERVICE, persistedOpStateExpiryEpochSec: 0}, ReplicationConfig: RATIS/THREE, State:ALLOCATED, leaderId:, CreationTimestamp2022-05-17T16:32:51.699Z[Etc/UTC]].
2022-05-17 16:32:51,701 [RatisPipelineUtilsThread - 0] INFO  pipeline.PipelineManagerImpl (PipelineManagerImpl.java:recordMetricsForPipeline(695)) - Pipeline: PipelineID=5d7127c8-dcc4-4c2e-b4a6-0cd4c9d8759b contains same datanodes as previous pipelines: PipelineID=6a6b35d9-3cf1-4f02-8e22-e706869fcea1 nodeIds: b5f13583-f95a-429e-bfdc-163a9011ff98, 30550b8f-a9d4-437c-b8cc-b448e34549d3, 4e74c47f-7ffe-4f6b-9cb5-76611437185b
2022-05-17 16:32:52,672 [Listener at 127.0.0.1/37949] INFO  ozone.MiniOzoneClusterImpl (MiniOzoneClusterImpl.java:lambda$waitForClusterToBeReady$0(221)) - Nodes are ready. Got 3 of 3 DN Heartbeats.
2022-05-17 16:32:52,673 [Listener at 127.0.0.1/37949] INFO  ozone.MiniOzoneClusterImpl (MiniOzoneClusterImpl.java:lambda$waitForClusterToBeReady$0(224)) - Waiting for cluster to exit safe mode
2022-05-17 16:32:52,673 [Listener at 127.0.0.1/37949] INFO  ozone.MiniOzoneClusterImpl (MiniOzoneClusterImpl.java:lambda$waitForClusterToBeReady$0(226)) - SCM became leader
2022-05-17 16:32:53,179 [Command processor thread] INFO  server.RaftServer (RaftServerProxy.java:addNew(95)) - 30550b8f-a9d4-437c-b8cc-b448e34549d3: addNew group-34E19CD71AE7:[30550b8f-a9d4-437c-b8cc-b448e34549d3|rpc:10.1.0.54:38443|priority:1] returns group-34E19CD71AE7:java.util.concurrent.CompletableFuture@7c761230[Not completed]
2022-05-17 16:32:53,184 [pool-195-thread-1] INFO  server.RaftServer$Division (RaftServerImpl.java:<init>(184)) - 30550b8f-a9d4-437c-b8cc-b448e34549d3: new RaftServerImpl for group-34E19CD71AE7:[30550b8f-a9d4-437c-b8cc-b448e34549d3|rpc:10.1.0.54:38443|priority:1] with ContainerStateMachine:uninitialized
2022-05-17 16:32:53,184 [pool-195-thread-1] INFO  server.RaftServerConfigKeys (ConfUtils.java:logGet(44)) - raft.server.rpc.timeout.min = 5s (custom)
2022-05-17 16:32:53,184 [pool-195-thread-1] INFO  server.RaftServerConfigKeys (ConfUtils.java:logGet(44)) - raft.server.rpc.timeout.max = 5200ms (custom)
2022-05-17 16:32:53,184 [pool-195-thread-1] INFO  server.RaftServerConfigKeys (ConfUtils.java:logGet(44)) - raft.server.rpc.sleep.time = 25ms (default)
2022-05-17 16:32:53,184 [pool-195-thread-1] INFO  server.RaftServerConfigKeys (ConfUtils.java:logGet(44)) - raft.server.rpc.slowness.timeout = 300s (custom)
2022-05-17 16:32:53,184 [pool-195-thread-1] INFO  server.RaftServerConfigKeys (ConfUtils.java:logGet(44)) - raft.server.leaderelection.leader.step-down.wait-time = 10s (default)
2022-05-17 16:32:53,184 [pool-195-thread-1] INFO  server.RaftServerConfigKeys (ConfUtils.java:logGet(44)) - raft.server.sleep.deviation.threshold = 300ms (default)
2022-05-17 16:32:53,184 [pool-195-thread-1] INFO  server.RaftServerConfigKeys (ConfUtils.java:logGet(44)) - raft.server.log.appender.install.snapshot.enabled = false (custom)
2022-05-17 16:32:53,184 [pool-195-thread-1] INFO  server.RaftServer$Division (ServerState.java:<init>(105)) - 30550b8f-a9d4-437c-b8cc-b448e34549d3@group-34E19CD71AE7: ConfigurationManager, init=-1: [30550b8f-a9d4-437c-b8cc-b448e34549d3|rpc:10.1.0.54:38443|priority:1], old=null, confs=<EMPTY_MAP>
2022-05-17 16:32:53,185 [pool-195-thread-1] INFO  server.RaftServerConfigKeys (ConfUtils.java:logGet(44)) - raft.server.storage.dir = [/home/runner/work/ozone/ozone/hadoop-ozone/integration-test/target/test-dir/MiniOzoneClusterImpl-ffb562c6-b12a-49f0-b7f7-a82568f8c776/datanode-0/data/ratis] (custom)
2022-05-17 16:32:53,185 [pool-195-thread-1] INFO  server.RaftServerConfigKeys (ConfUtils.java:logGet(44)) - raft.server.log.corruption.policy = EXCEPTION (default)
2022-05-17 16:32:53,185 [pool-195-thread-1] INFO  server.RaftServerConfigKeys (ConfUtils.java:logGet(44)) - raft.server.storage.free-space.min = 0MB (=0) (default)
2022-05-17 16:32:53,185 [pool-195-thread-1] INFO  storage.RaftStorageDirectory (RaftStorageDirectoryImpl.java:analyzeStorage(135)) - The storage directory /home/runner/work/ozone/ozone/hadoop-ozone/integration-test/target/test-dir/MiniOzoneClusterImpl-ffb562c6-b12a-49f0-b7f7-a82568f8c776/datanode-0/data/ratis/bb1319b1-76e1-43e4-b89b-34e19cd71ae7 does not exist. Creating ...
2022-05-17 16:32:53,187 [pool-195-thread-1] INFO  storage.RaftStorageDirectory (RaftStorageDirectoryImpl.java:tryLock(230)) - Lock on /home/runner/work/ozone/ozone/hadoop-ozone/integration-test/target/test-dir/MiniOzoneClusterImpl-ffb562c6-b12a-49f0-b7f7-a82568f8c776/datanode-0/data/ratis/bb1319b1-76e1-43e4-b89b-34e19cd71ae7/in_use.lock acquired by nodename 17133@fv-az297-879
2022-05-17 16:32:53,191 [pool-195-thread-1] INFO  storage.RaftStorage (RaftStorageImpl.java:format(89)) - Storage directory /home/runner/work/ozone/ozone/hadoop-ozone/integration-test/target/test-dir/MiniOzoneClusterImpl-ffb562c6-b12a-49f0-b7f7-a82568f8c776/datanode-0/data/ratis/bb1319b1-76e1-43e4-b89b-34e19cd71ae7 has been successfully formatted.
2022-05-17 16:32:53,192 [pool-195-thread-1] INFO  ratis.ContainerStateMachine (ContainerStateMachine.java:loadSnapshot(236)) - group-34E19CD71AE7: The snapshot info is null. Setting the last applied indexto:(t:0, i:~)
2022-05-17 16:32:53,192 [pool-195-thread-1] INFO  server.RaftServerConfigKeys (ConfUtils.java:logGet(44)) - raft.server.notification.no-leader.timeout = 300s (custom)
2022-05-17 16:32:53,192 [pool-195-thread-1] INFO  server.RaftServerConfigKeys (ConfUtils.java:logGet(44)) - raft.server.log.use.memory = false (default)
2022-05-17 16:32:53,193 [pool-195-thread-1] INFO  server.RaftServerConfigKeys (ConfUtils.java:logGet(44)) - raft.server.log.purge.gap = 1000000 (custom)
2022-05-17 16:32:53,193 [pool-195-thread-1] INFO  server.RaftServerConfigKeys (ConfUtils.java:logGet(44)) - raft.server.log.appender.buffer.byte-limit = 33554432 (custom)
2022-05-17 16:32:53,193 [pool-195-thread-1] INFO  server.RaftServerConfigKeys (ConfUtils.java:logGet(44)) - raft.server.log.segment.size.max = 1048576 (custom)
2022-05-17 16:32:53,193 [pool-195-thread-1] INFO  server.RaftServerConfigKeys (ConfUtils.java:logGet(44)) - raft.server.log.segment.cache.num.max = 2 (custom)
2022-05-17 16:32:53,193 [pool-195-thread-1] INFO  server.RaftServerConfigKeys (ConfUtils.java:logGet(44)) - raft.server.log.segment.cache.size.max = 200MB (=209715200) (default)
2022-05-17 16:32:53,194 [pool-195-thread-1] INFO  segmented.SegmentedRaftLogWorker (SegmentedRaftLogWorker.java:<init>(182)) - new 30550b8f-a9d4-437c-b8cc-b448e34549d3@group-34E19CD71AE7-SegmentedRaftLogWorker for RaftStorageImpl:Storage Directory /home/runner/work/ozone/ozone/hadoop-ozone/integration-test/target/test-dir/MiniOzoneClusterImpl-ffb562c6-b12a-49f0-b7f7-a82568f8c776/datanode-0/data/ratis/bb1319b1-76e1-43e4-b89b-34e19cd71ae7
2022-05-17 16:32:53,194 [pool-195-thread-1] INFO  server.RaftServerConfigKeys (ConfUtils.java:logGet(44)) - raft.server.log.queue.byte-limit = 4294967296 (custom)
2022-05-17 16:32:53,194 [pool-195-thread-1] INFO  server.RaftServerConfigKeys (ConfUtils.java:logGet(44)) - raft.server.log.queue.element-limit = 1024 (custom)
2022-05-17 16:32:53,194 [pool-195-thread-1] INFO  server.RaftServerConfigKeys (ConfUtils.java:logGet(44)) - raft.server.log.segment.size.max = 1048576 (custom)
2022-05-17 16:32:53,194 [pool-195-thread-1] INFO  server.RaftServerConfigKeys (ConfUtils.java:logGet(44)) - raft.server.log.preallocated.size = 16384 (custom)
2022-05-17 16:32:53,194 [pool-195-thread-1] INFO  server.RaftServerConfigKeys (ConfUtils.java:logGet(44)) - raft.server.log.force.sync.num = 128 (default)
2022-05-17 16:32:53,194 [pool-195-thread-1] INFO  server.RaftServerConfigKeys (ConfUtils.java:logGet(44)) - raft.server.log.statemachine.data.sync = true (default)
2022-05-17 16:32:53,194 [pool-195-thread-1] INFO  server.RaftServerConfigKeys (ConfUtils.java:logGet(44)) - raft.server.log.statemachine.data.sync.timeout = 10s (default)
2022-05-17 16:32:53,194 [pool-195-thread-1] INFO  server.RaftServerConfigKeys (ConfUtils.java:logGet(44)) - raft.server.log.statemachine.data.sync.timeout.retry = -1 (default)
2022-05-17 16:32:53,196 [pool-195-thread-1] INFO  server.RaftServerConfigKeys (ConfUtils.java:logGet(44)) - raft.server.log.write.buffer.size = 1048576 (custom)
2022-05-17 16:32:53,197 [EventQueue-PipelineReportForPipelineReportHandler] INFO  pipeline.PipelineManagerImpl (PipelineManagerImpl.java:openPipeline(336)) - Pipeline Pipeline[ Id: bb1319b1-76e1-43e4-b89b-34e19cd71ae7, Nodes: 30550b8f-a9d4-437c-b8cc-b448e34549d3{ip: 10.1.0.54, host: fv-az297-879.nmf1rxwemy4u5di1sxxf4ejcwb.jx.internal.cloudapp.net, ports: [REPLICATION=36249, RATIS=38443, RATIS_ADMIN=38443, RATIS_SERVER=38443, STANDALONE=32831], networkLocation: /default-rack, certSerialId: null, persistedOpState: IN_SERVICE, persistedOpStateExpiryEpochSec: 0}, ReplicationConfig: RATIS/ONE, State:ALLOCATED, leaderId:30550b8f-a9d4-437c-b8cc-b448e34549d3, CreationTimestamp2022-05-17T16:32:50.186Z[Etc/UTC]] moved to OPEN state
2022-05-17 16:32:53,197 [pool-195-thread-1] INFO  server.RaftServerConfigKeys (ConfUtils.java:logGet(44)) - raft.server.log.statemachine.data.caching.enabled = true (custom)
2022-05-17 16:32:53,197 [pool-195-thread-1] INFO  segmented.SegmentedRaftLogWorker (SegmentedRaftLogWorker.java:lambda$new$0(133)) - 30550b8f-a9d4-437c-b8cc-b448e34549d3@group-34E19CD71AE7-SegmentedRaftLogWorker: flushIndex: setUnconditionally 0 -> -1
2022-05-17 16:32:53,206 [pool-195-thread-1] INFO  segmented.SegmentedRaftLogWorker (SegmentedRaftLogWorker.java:lambda$new$0(133)) - 30550b8f-a9d4-437c-b8cc-b448e34549d3@group-34E19CD71AE7-SegmentedRaftLogWorker: safeCacheEvictIndex: setUnconditionally 0 -> -1
2022-05-17 16:32:53,206 [EventQueue-OpenPipelineForHealthyPipelineSafeModeRule] INFO  safemode.SCMSafeModeManager (HealthyPipelineSafeModeRule.java:process(124)) - SCM in safe mode. Healthy pipelines reported count is 0, required healthy pipeline reported count is 1
2022-05-17 16:32:53,209 [pool-195-thread-1] INFO  server.RaftServerConfigKeys (ConfUtils.java:logGet(44)) - raft.server.snapshot.auto.trigger.enabled = true (custom)
2022-05-17 16:32:53,212 [pool-195-thread-1] INFO  server.RaftServerConfigKeys (ConfUtils.java:logGet(44)) - raft.server.snapshot.auto.trigger.threshold = 10000 (custom)
2022-05-17 16:32:53,212 [pool-195-thread-1] INFO  server.RaftServerConfigKeys (ConfUtils.java:logGet(44)) - raft.server.snapshot.retention.file.num = 5 (custom)
2022-05-17 16:32:53,212 [pool-195-thread-1] INFO  server.RaftServerConfigKeys (ConfUtils.java:logGet(44)) - raft.server.log.purge.upto.snapshot.index = false (default)
2022-05-17 16:32:53,212 [pool-195-thread-1] INFO  server.RaftServerConfigKeys (ConfUtils.java:logGet(44)) - raft.server.retrycache.expirytime = 600000ms (custom)
2022-05-17 16:32:53,212 [pool-195-thread-1] INFO  server.RaftServerConfigKeys (ConfUtils.java:logGet(44)) - raft.server.retrycache.statistics.expirytime = 100μs (default)
2022-05-17 16:32:53,214 [pool-195-thread-1] INFO  server.RaftServer$Division (RaftServerImpl.java:start(301)) - 30550b8f-a9d4-437c-b8cc-b448e34549d3@group-34E19CD71AE7: start as a follower, conf=-1: [30550b8f-a9d4-437c-b8cc-b448e34549d3|rpc:10.1.0.54:38443|priority:1], old=null
2022-05-17 16:32:53,214 [pool-195-thread-1] INFO  server.RaftServer$Division (RaftServerImpl.java:setRole(290)) - 30550b8f-a9d4-437c-b8cc-b448e34549d3@group-34E19CD71AE7: changes role from      null to FOLLOWER at term 0 for startAsFollower
2022-05-17 16:32:53,214 [pool-195-thread-1] INFO  impl.RoleInfo (RoleInfo.java:updateAndGet(130)) - 30550b8f-a9d4-437c-b8cc-b448e34549d3: start 30550b8f-a9d4-437c-b8cc-b448e34549d3@group-34E19CD71AE7-FollowerState
2022-05-17 16:32:53,219 [pool-195-thread-1] INFO  util.JmxRegister (JmxRegister.java:tryRegister(44)) - Successfully registered JMX Bean with object name Ratis:service=RaftServer,group=group-34E19CD71AE7,id=30550b8f-a9d4-437c-b8cc-b448e34549d3
2022-05-17 16:32:53,223 [Command processor thread] INFO  ratis.XceiverServerRatis (XceiverServerRatis.java:addGroup(765)) - Created group PipelineID=bb1319b1-76e1-43e4-b89b-34e19cd71ae7
2022-05-17 16:32:53,223 [Command processor thread] INFO  commandhandler.CreatePipelineCommandHandler (CreatePipelineCommandHandler.java:handle(113)) - Created Pipeline RATIS ONE PipelineID=bb1319b1-76e1-43e4-b89b-34e19cd71ae7.
2022-05-17 16:32:53,223 [Command processor thread] INFO  server.RaftServer (RaftServerProxy.java:addNew(95)) - 30550b8f-a9d4-437c-b8cc-b448e34549d3: addNew group-E706869FCEA1:[30550b8f-a9d4-437c-b8cc-b448e34549d3|rpc:10.1.0.54:38443|priority:1, 4e74c47f-7ffe-4f6b-9cb5-76611437185b|rpc:10.1.0.54:46655|priority:0, b5f13583-f95a-429e-bfdc-163a9011ff98|rpc:10.1.0.54:46369|priority:0] returns group-E706869FCEA1:java.util.concurrent.CompletableFuture@78499966[Not completed]
2022-05-17 16:32:53,228 [pool-195-thread-1] INFO  server.RaftServer$Division (RaftServerImpl.java:<init>(184)) - 30550b8f-a9d4-437c-b8cc-b448e34549d3: new RaftServerImpl for group-E706869FCEA1:[30550b8f-a9d4-437c-b8cc-b448e34549d3|rpc:10.1.0.54:38443|priority:1, 4e74c47f-7ffe-4f6b-9cb5-76611437185b|rpc:10.1.0.54:46655|priority:0, b5f13583-f95a-429e-bfdc-163a9011ff98|rpc:10.1.0.54:46369|priority:0] with ContainerStateMachine:uninitialized
2022-05-17 16:32:53,228 [pool-195-thread-1] INFO  server.RaftServerConfigKeys (ConfUtils.java:logGet(44)) - raft.server.rpc.timeout.min = 5s (custom)
2022-05-17 16:32:53,228 [pool-195-thread-1] INFO  server.RaftServerConfigKeys (ConfUtils.java:logGet(44)) - raft.server.rpc.timeout.max = 5200ms (custom)
2022-05-17 16:32:53,228 [pool-195-thread-1] INFO  server.RaftServerConfigKeys (ConfUtils.java:logGet(44)) - raft.server.rpc.sleep.time = 25ms (default)
2022-05-17 16:32:53,228 [pool-195-thread-1] INFO  server.RaftServerConfigKeys (ConfUtils.java:logGet(44)) - raft.server.rpc.slowness.timeout = 300s (custom)
2022-05-17 16:32:53,228 [pool-195-thread-1] INFO  server.RaftServerConfigKeys (ConfUtils.java:logGet(44)) - raft.server.leaderelection.leader.step-down.wait-time = 10s (default)
2022-05-17 16:32:53,228 [pool-195-thread-1] INFO  server.RaftServerConfigKeys (ConfUtils.java:logGet(44)) - raft.server.sleep.deviation.threshold = 300ms (default)
2022-05-17 16:32:53,228 [pool-195-thread-1] INFO  server.RaftServerConfigKeys (ConfUtils.java:logGet(44)) - raft.server.log.appender.install.snapshot.enabled = false (custom)
2022-05-17 16:32:53,229 [pool-195-thread-1] INFO  server.RaftServer$Division (ServerState.java:<init>(105)) - 30550b8f-a9d4-437c-b8cc-b448e34549d3@group-E706869FCEA1: ConfigurationManager, init=-1: [30550b8f-a9d4-437c-b8cc-b448e34549d3|rpc:10.1.0.54:38443|priority:1, 4e74c47f-7ffe-4f6b-9cb5-76611437185b|rpc:10.1.0.54:46655|priority:0, b5f13583-f95a-429e-bfdc-163a9011ff98|rpc:10.1.0.54:46369|priority:0], old=null, confs=<EMPTY_MAP>
2022-05-17 16:32:53,229 [pool-195-thread-1] INFO  server.RaftServerConfigKeys (ConfUtils.java:logGet(44)) - raft.server.storage.dir = [/home/runner/work/ozone/ozone/hadoop-ozone/integration-test/target/test-dir/MiniOzoneClusterImpl-ffb562c6-b12a-49f0-b7f7-a82568f8c776/datanode-0/data/ratis] (custom)
2022-05-17 16:32:53,229 [pool-195-thread-1] INFO  server.RaftServerConfigKeys (ConfUtils.java:logGet(44)) - raft.server.log.corruption.policy = EXCEPTION (default)
2022-05-17 16:32:53,229 [pool-195-thread-1] INFO  server.RaftServerConfigKeys (ConfUtils.java:logGet(44)) - raft.server.storage.free-space.min = 0MB (=0) (default)
2022-05-17 16:32:53,229 [pool-195-thread-1] INFO  storage.RaftStorageDirectory (RaftStorageDirectoryImpl.java:analyzeStorage(135)) - The storage directory /home/runner/work/ozone/ozone/hadoop-ozone/integration-test/target/test-dir/MiniOzoneClusterImpl-ffb562c6-b12a-49f0-b7f7-a82568f8c776/datanode-0/data/ratis/6a6b35d9-3cf1-4f02-8e22-e706869fcea1 does not exist. Creating ...
2022-05-17 16:32:53,233 [pool-195-thread-1] INFO  storage.RaftStorageDirectory (RaftStorageDirectoryImpl.java:tryLock(230)) - Lock on /home/runner/work/ozone/ozone/hadoop-ozone/integration-test/target/test-dir/MiniOzoneClusterImpl-ffb562c6-b12a-49f0-b7f7-a82568f8c776/datanode-0/data/ratis/6a6b35d9-3cf1-4f02-8e22-e706869fcea1/in_use.lock acquired by nodename 17133@fv-az297-879
2022-05-17 16:32:53,238 [pool-195-thread-1] INFO  storage.RaftStorage (RaftStorageImpl.java:format(89)) - Storage directory /home/runner/work/ozone/ozone/hadoop-ozone/integration-test/target/test-dir/MiniOzoneClusterImpl-ffb562c6-b12a-49f0-b7f7-a82568f8c776/datanode-0/data/ratis/6a6b35d9-3cf1-4f02-8e22-e706869fcea1 has been successfully formatted.
2022-05-17 16:32:53,239 [pool-195-thread-1] INFO  ratis.ContainerStateMachine (ContainerStateMachine.java:loadSnapshot(236)) - group-E706869FCEA1: The snapshot info is null. Setting the last applied indexto:(t:0, i:~)
2022-05-17 16:32:53,239 [pool-195-thread-1] INFO  server.RaftServerConfigKeys (ConfUtils.java:logGet(44)) - raft.server.notification.no-leader.timeout = 300s (custom)
2022-05-17 16:32:53,239 [pool-195-thread-1] INFO  server.RaftServerConfigKeys (ConfUtils.java:logGet(44)) - raft.server.log.use.memory = false (default)
2022-05-17 16:32:53,239 [pool-195-thread-1] INFO  server.RaftServerConfigKeys (ConfUtils.java:logGet(44)) - raft.server.log.purge.gap = 1000000 (custom)
2022-05-17 16:32:53,239 [pool-195-thread-1] INFO  server.RaftServerConfigKeys (ConfUtils.java:logGet(44)) - raft.server.log.appender.buffer.byte-limit = 33554432 (custom)
2022-05-17 16:32:53,241 [EventQueue-OpenPipelineForHealthyPipelineSafeModeRule] INFO  safemode.SCMSafeModeManager (HealthyPipelineSafeModeRule.java:process(124)) - SCM in safe mode. Healthy pipelines reported count is 0, required healthy pipeline reported count is 1
2022-05-17 16:32:53,241 [pool-195-thread-1] INFO  server.RaftServerConfigKeys (ConfUtils.java:logGet(44)) - raft.server.log.segment.size.max = 1048576 (custom)
2022-05-17 16:32:53,242 [pool-195-thread-1] INFO  server.RaftServerConfigKeys (ConfUtils.java:logGet(44)) - raft.server.log.segment.cache.num.max = 2 (custom)
2022-05-17 16:32:53,242 [pool-195-thread-1] INFO  server.RaftServerConfigKeys (ConfUtils.java:logGet(44)) - raft.server.log.segment.cache.size.max = 200MB (=209715200) (default)
2022-05-17 16:32:53,242 [pool-195-thread-1] INFO  segmented.SegmentedRaftLogWorker (SegmentedRaftLogWorker.java:<init>(182)) - new 30550b8f-a9d4-437c-b8cc-b448e34549d3@group-E706869FCEA1-SegmentedRaftLogWorker for RaftStorageImpl:Storage Directory /home/runner/work/ozone/ozone/hadoop-ozone/integration-test/target/test-dir/MiniOzoneClusterImpl-ffb562c6-b12a-49f0-b7f7-a82568f8c776/datanode-0/data/ratis/6a6b35d9-3cf1-4f02-8e22-e706869fcea1
2022-05-17 16:32:53,242 [pool-195-thread-1] INFO  server.RaftServerConfigKeys (ConfUtils.java:logGet(44)) - raft.server.log.queue.byte-limit = 4294967296 (custom)
2022-05-17 16:32:53,242 [pool-195-thread-1] INFO  server.RaftServerConfigKeys (ConfUtils.java:logGet(44)) - raft.server.log.queue.element-limit = 1024 (custom)
2022-05-17 16:32:53,242 [pool-195-thread-1] INFO  server.RaftServerConfigKeys (ConfUtils.java:logGet(44)) - raft.server.log.segment.size.max = 1048576 (custom)
2022-05-17 16:32:53,242 [pool-195-thread-1] INFO  server.RaftServerConfigKeys (ConfUtils.java:logGet(44)) - raft.server.log.preallocated.size = 16384 (custom)
2022-05-17 16:32:53,242 [pool-195-thread-1] INFO  server.RaftServerConfigKeys (ConfUtils.java:logGet(44)) - raft.server.log.force.sync.num = 128 (default)
2022-05-17 16:32:53,242 [pool-195-thread-1] INFO  server.RaftServerConfigKeys (ConfUtils.java:logGet(44)) - raft.server.log.statemachine.data.sync = true (default)
2022-05-17 16:32:53,242 [pool-195-thread-1] INFO  server.RaftServerConfigKeys (ConfUtils.java:logGet(44)) - raft.server.log.statemachine.data.sync.timeout = 10s (default)
2022-05-17 16:32:53,245 [pool-195-thread-1] INFO  server.RaftServerConfigKeys (ConfUtils.java:logGet(44)) - raft.server.log.statemachine.data.sync.timeout.retry = -1 (default)
2022-05-17 16:32:53,246 [pool-195-thread-1] INFO  server.RaftServerConfigKeys (ConfUtils.java:logGet(44)) - raft.server.log.write.buffer.size = 1048576 (custom)
2022-05-17 16:32:53,247 [pool-195-thread-1] INFO  server.RaftServerConfigKeys (ConfUtils.java:logGet(44)) - raft.server.log.statemachine.data.caching.enabled = true (custom)
2022-05-17 16:32:53,247 [pool-195-thread-1] INFO  segmented.SegmentedRaftLogWorker (SegmentedRaftLogWorker.java:lambda$new$0(133)) - 30550b8f-a9d4-437c-b8cc-b448e34549d3@group-E706869FCEA1-SegmentedRaftLogWorker: flushIndex: setUnconditionally 0 -> -1
2022-05-17 16:32:53,247 [pool-195-thread-1] INFO  segmented.SegmentedRaftLogWorker (SegmentedRaftLogWorker.java:lambda$new$0(133)) - 30550b8f-a9d4-437c-b8cc-b448e34549d3@group-E706869FCEA1-SegmentedRaftLogWorker: safeCacheEvictIndex: setUnconditionally 0 -> -1
2022-05-17 16:32:53,252 [pool-195-thread-1] INFO  server.RaftServerConfigKeys (ConfUtils.java:logGet(44)) - raft.server.snapshot.auto.trigger.enabled = true (custom)
2022-05-17 16:32:53,252 [pool-195-thread-1] INFO  server.RaftServerConfigKeys (ConfUtils.java:logGet(44)) - raft.server.snapshot.auto.trigger.threshold = 10000 (custom)
2022-05-17 16:32:53,252 [pool-195-thread-1] INFO  server.RaftServerConfigKeys (ConfUtils.java:logGet(44)) - raft.server.snapshot.retention.file.num = 5 (custom)
2022-05-17 16:32:53,252 [pool-195-thread-1] INFO  server.RaftServerConfigKeys (ConfUtils.java:logGet(44)) - raft.server.log.purge.upto.snapshot.index = false (default)
2022-05-17 16:32:53,252 [pool-195-thread-1] INFO  server.RaftServerConfigKeys (ConfUtils.java:logGet(44)) - raft.server.retrycache.expirytime = 600000ms (custom)
2022-05-17 16:32:53,252 [pool-195-thread-1] INFO  server.RaftServerConfigKeys (ConfUtils.java:logGet(44)) - raft.server.retrycache.statistics.expirytime = 100μs (default)
2022-05-17 16:32:53,254 [pool-195-thread-1] INFO  server.RaftServer$Division (RaftServerImpl.java:start(301)) - 30550b8f-a9d4-437c-b8cc-b448e34549d3@group-E706869FCEA1: start as a follower, conf=-1: [30550b8f-a9d4-437c-b8cc-b448e34549d3|rpc:10.1.0.54:38443|priority:1, 4e74c47f-7ffe-4f6b-9cb5-76611437185b|rpc:10.1.0.54:46655|priority:0, b5f13583-f95a-429e-bfdc-163a9011ff98|rpc:10.1.0.54:46369|priority:0], old=null
2022-05-17 16:32:53,254 [pool-195-thread-1] INFO  server.RaftServer$Division (RaftServerImpl.java:setRole(290)) - 30550b8f-a9d4-437c-b8cc-b448e34549d3@group-E706869FCEA1: changes role from      null to FOLLOWER at term 0 for startAsFollower
2022-05-17 16:32:53,254 [pool-195-thread-1] INFO  impl.RoleInfo (RoleInfo.java:updateAndGet(130)) - 30550b8f-a9d4-437c-b8cc-b448e34549d3: start 30550b8f-a9d4-437c-b8cc-b448e34549d3@group-E706869FCEA1-FollowerState
2022-05-17 16:32:53,265 [pool-195-thread-1] INFO  util.JmxRegister (JmxRegister.java:tryRegister(44)) - Successfully registered JMX Bean with object name Ratis:service=RaftServer,group=group-E706869FCEA1,id=30550b8f-a9d4-437c-b8cc-b448e34549d3
2022-05-17 16:32:53,270 [Command processor thread] INFO  ratis.XceiverServerRatis (XceiverServerRatis.java:addGroup(765)) - Created group PipelineID=6a6b35d9-3cf1-4f02-8e22-e706869fcea1
2022-05-17 16:32:53,315 [grpc-default-executor-0] INFO  server.RaftServer (RaftServerProxy.java:addNew(95)) - 4e74c47f-7ffe-4f6b-9cb5-76611437185b: addNew group-E706869FCEA1:[30550b8f-a9d4-437c-b8cc-b448e34549d3|rpc:10.1.0.54:38443|dataStream:|priority:1, 4e74c47f-7ffe-4f6b-9cb5-76611437185b|rpc:10.1.0.54:46655|dataStream:|priority:0, b5f13583-f95a-429e-bfdc-163a9011ff98|rpc:10.1.0.54:46369|dataStream:|priority:0] returns group-E706869FCEA1:java.util.concurrent.CompletableFuture@8717440[Not completed]
2022-05-17 16:32:53,316 [pool-239-thread-1] INFO  server.RaftServer$Division (RaftServerImpl.java:<init>(184)) - 4e74c47f-7ffe-4f6b-9cb5-76611437185b: new RaftServerImpl for group-E706869FCEA1:[30550b8f-a9d4-437c-b8cc-b448e34549d3|rpc:10.1.0.54:38443|dataStream:|priority:1, 4e74c47f-7ffe-4f6b-9cb5-76611437185b|rpc:10.1.0.54:46655|dataStream:|priority:0, b5f13583-f95a-429e-bfdc-163a9011ff98|rpc:10.1.0.54:46369|dataStream:|priority:0] with ContainerStateMachine:uninitialized
2022-05-17 16:32:53,316 [pool-239-thread-1] INFO  server.RaftServerConfigKeys (ConfUtils.java:logGet(44)) - raft.server.rpc.timeout.min = 5s (custom)
2022-05-17 16:32:53,317 [pool-239-thread-1] INFO  server.RaftServerConfigKeys (ConfUtils.java:logGet(44)) - raft.server.rpc.timeout.max = 5200ms (custom)
2022-05-17 16:32:53,317 [pool-239-thread-1] INFO  server.RaftServerConfigKeys (ConfUtils.java:logGet(44)) - raft.server.rpc.sleep.time = 25ms (default)
2022-05-17 16:32:53,317 [pool-239-thread-1] INFO  server.RaftServerConfigKeys (ConfUtils.java:logGet(44)) - raft.server.rpc.slowness.timeout = 300s (custom)
2022-05-17 16:32:53,317 [pool-239-thread-1] INFO  server.RaftServerConfigKeys (ConfUtils.java:logGet(44)) - raft.server.leaderelection.leader.step-down.wait-time = 10s (default)
2022-05-17 16:32:53,317 [pool-239-thread-1] INFO  server.RaftServerConfigKeys (ConfUtils.java:logGet(44)) - raft.server.sleep.deviation.threshold = 300ms (default)
2022-05-17 16:32:53,317 [pool-239-thread-1] INFO  server.RaftServerConfigKeys (ConfUtils.java:logGet(44)) - raft.server.log.appender.install.snapshot.enabled = false (custom)
2022-05-17 16:32:53,317 [pool-239-thread-1] INFO  server.RaftServer$Division (ServerState.java:<init>(105)) - 4e74c47f-7ffe-4f6b-9cb5-76611437185b@group-E706869FCEA1: ConfigurationManager, init=-1: [30550b8f-a9d4-437c-b8cc-b448e34549d3|rpc:10.1.0.54:38443|dataStream:|priority:1, 4e74c47f-7ffe-4f6b-9cb5-76611437185b|rpc:10.1.0.54:46655|dataStream:|priority:0, b5f13583-f95a-429e-bfdc-163a9011ff98|rpc:10.1.0.54:46369|dataStream:|priority:0], old=null, confs=<EMPTY_MAP>
2022-05-17 16:32:53,317 [pool-239-thread-1] INFO  server.RaftServerConfigKeys (ConfUtils.java:logGet(44)) - raft.server.storage.dir = [/home/runner/work/ozone/ozone/hadoop-ozone/integration-test/target/test-dir/MiniOzoneClusterImpl-ffb562c6-b12a-49f0-b7f7-a82568f8c776/datanode-2/data/ratis] (custom)
2022-05-17 16:32:53,317 [pool-239-thread-1] INFO  server.RaftServerConfigKeys (ConfUtils.java:logGet(44)) - raft.server.log.corruption.policy = EXCEPTION (default)
2022-05-17 16:32:53,317 [pool-239-thread-1] INFO  server.RaftServerConfigKeys (ConfUtils.java:logGet(44)) - raft.server.storage.free-space.min = 0MB (=0) (default)
2022-05-17 16:32:53,318 [pool-239-thread-1] INFO  storage.RaftStorageDirectory (RaftStorageDirectoryImpl.java:analyzeStorage(135)) - The storage directory /home/runner/work/ozone/ozone/hadoop-ozone/integration-test/target/test-dir/MiniOzoneClusterImpl-ffb562c6-b12a-49f0-b7f7-a82568f8c776/datanode-2/data/ratis/6a6b35d9-3cf1-4f02-8e22-e706869fcea1 does not exist. Creating ...
2022-05-17 16:32:53,319 [pool-239-thread-1] INFO  storage.RaftStorageDirectory (RaftStorageDirectoryImpl.java:tryLock(230)) - Lock on /home/runner/work/ozone/ozone/hadoop-ozone/integration-test/target/test-dir/MiniOzoneClusterImpl-ffb562c6-b12a-49f0-b7f7-a82568f8c776/datanode-2/data/ratis/6a6b35d9-3cf1-4f02-8e22-e706869fcea1/in_use.lock acquired by nodename 17133@fv-az297-879
2022-05-17 16:32:53,321 [pool-239-thread-1] INFO  storage.RaftStorage (RaftStorageImpl.java:format(89)) - Storage directory /home/runner/work/ozone/ozone/hadoop-ozone/integration-test/target/test-dir/MiniOzoneClusterImpl-ffb562c6-b12a-49f0-b7f7-a82568f8c776/datanode-2/data/ratis/6a6b35d9-3cf1-4f02-8e22-e706869fcea1 has been successfully formatted.
2022-05-17 16:32:53,338 [pool-239-thread-1] INFO  ratis.ContainerStateMachine (ContainerStateMachine.java:loadSnapshot(236)) - group-E706869FCEA1: The snapshot info is null. Setting the last applied indexto:(t:0, i:~)
2022-05-17 16:32:53,339 [pool-239-thread-1] INFO  server.RaftServerConfigKeys (ConfUtils.java:logGet(44)) - raft.server.notification.no-leader.timeout = 300s (custom)
2022-05-17 16:32:53,339 [pool-239-thread-1] INFO  server.RaftServerConfigKeys (ConfUtils.java:logGet(44)) - raft.server.log.use.memory = false (default)
2022-05-17 16:32:53,339 [pool-239-thread-1] INFO  server.RaftServerConfigKeys (ConfUtils.java:logGet(44)) - raft.server.log.purge.gap = 1000000 (custom)
2022-05-17 16:32:53,339 [pool-239-thread-1] INFO  server.RaftServerConfigKeys (ConfUtils.java:logGet(44)) - raft.server.log.appender.buffer.byte-limit = 33554432 (custom)
2022-05-17 16:32:53,339 [pool-239-thread-1] INFO  server.RaftServerConfigKeys (ConfUtils.java:logGet(44)) - raft.server.log.segment.size.max = 1048576 (custom)
2022-05-17 16:32:53,340 [pool-239-thread-1] INFO  server.RaftServerConfigKeys (ConfUtils.java:logGet(44)) - raft.server.log.segment.cache.num.max = 2 (custom)
2022-05-17 16:32:53,340 [pool-239-thread-1] INFO  server.RaftServerConfigKeys (ConfUtils.java:logGet(44)) - raft.server.log.segment.cache.size.max = 200MB (=209715200) (default)
2022-05-17 16:32:53,340 [pool-239-thread-1] INFO  segmented.SegmentedRaftLogWorker (SegmentedRaftLogWorker.java:<init>(182)) - new 4e74c47f-7ffe-4f6b-9cb5-76611437185b@group-E706869FCEA1-SegmentedRaftLogWorker for RaftStorageImpl:Storage Directory /home/runner/work/ozone/ozone/hadoop-ozone/integration-test/target/test-dir/MiniOzoneClusterImpl-ffb562c6-b12a-49f0-b7f7-a82568f8c776/datanode-2/data/ratis/6a6b35d9-3cf1-4f02-8e22-e706869fcea1
2022-05-17 16:32:53,340 [pool-239-thread-1] INFO  server.RaftServerConfigKeys (ConfUtils.java:logGet(44)) - raft.server.log.queue.byte-limit = 4294967296 (custom)
2022-05-17 16:32:53,340 [pool-239-thread-1] INFO  server.RaftServerConfigKeys (ConfUtils.java:logGet(44)) - raft.server.log.queue.element-limit = 1024 (custom)
2022-05-17 16:32:53,340 [pool-239-thread-1] INFO  server.RaftServerConfigKeys (ConfUtils.java:logGet(44)) - raft.server.log.segment.size.max = 1048576 (custom)
2022-05-17 16:32:53,340 [pool-239-thread-1] INFO  server.RaftServerConfigKeys (ConfUtils.java:logGet(44)) - raft.server.log.preallocated.size = 16384 (custom)
2022-05-17 16:32:53,340 [pool-239-thread-1] INFO  server.RaftServerConfigKeys (ConfUtils.java:logGet(44)) - raft.server.log.force.sync.num = 128 (default)
2022-05-17 16:32:53,340 [pool-239-thread-1] INFO  server.RaftServerConfigKeys (ConfUtils.java:logGet(44)) - raft.server.log.statemachine.data.sync = true (default)
2022-05-17 16:32:53,340 [pool-239-thread-1] INFO  server.RaftServerConfigKeys (ConfUtils.java:logGet(44)) - raft.server.log.statemachine.data.sync.timeout = 10s (default)
2022-05-17 16:32:53,340 [pool-239-thread-1] INFO  server.RaftServerConfigKeys (ConfUtils.java:logGet(44)) - raft.server.log.statemachine.data.sync.timeout.retry = -1 (default)
2022-05-17 16:32:53,349 [pool-239-thread-1] INFO  server.RaftServerConfigKeys (ConfUtils.java:logGet(44)) - raft.server.log.write.buffer.size = 1048576 (custom)
2022-05-17 16:32:53,350 [pool-239-thread-1] INFO  server.RaftServerConfigKeys (ConfUtils.java:logGet(44)) - raft.server.log.statemachine.data.caching.enabled = true (custom)
2022-05-17 16:32:53,350 [pool-239-thread-1] INFO  segmented.SegmentedRaftLogWorker (SegmentedRaftLogWorker.java:lambda$new$0(133)) - 4e74c47f-7ffe-4f6b-9cb5-76611437185b@group-E706869FCEA1-SegmentedRaftLogWorker: flushIndex: setUnconditionally 0 -> -1
2022-05-17 16:32:53,350 [pool-239-thread-1] INFO  segmented.SegmentedRaftLogWorker (SegmentedRaftLogWorker.java:lambda$new$0(133)) - 4e74c47f-7ffe-4f6b-9cb5-76611437185b@group-E706869FCEA1-SegmentedRaftLogWorker: safeCacheEvictIndex: setUnconditionally 0 -> -1
2022-05-17 16:32:53,357 [pool-239-thread-1] INFO  server.RaftServerConfigKeys (ConfUtils.java:logGet(44)) - raft.server.snapshot.auto.trigger.enabled = true (custom)
2022-05-17 16:32:53,358 [pool-239-thread-1] INFO  server.RaftServerConfigKeys (ConfUtils.java:logGet(44)) - raft.server.snapshot.auto.trigger.threshold = 10000 (custom)
2022-05-17 16:32:53,358 [pool-239-thread-1] INFO  server.RaftServerConfigKeys (ConfUtils.java:logGet(44)) - raft.server.snapshot.retention.file.num = 5 (custom)
2022-05-17 16:32:53,358 [pool-239-thread-1] INFO  server.RaftServerConfigKeys (ConfUtils.java:logGet(44)) - raft.server.log.purge.upto.snapshot.index = false (default)
2022-05-17 16:32:53,358 [pool-239-thread-1] INFO  server.RaftServerConfigKeys (ConfUtils.java:logGet(44)) - raft.server.retrycache.expirytime = 600000ms (custom)
2022-05-17 16:32:53,358 [pool-239-thread-1] INFO  server.RaftServerConfigKeys (ConfUtils.java:logGet(44)) - raft.server.retrycache.statistics.expirytime = 100μs (default)
2022-05-17 16:32:53,360 [pool-239-thread-1] INFO  server.RaftServer$Division (RaftServerImpl.java:start(301)) - 4e74c47f-7ffe-4f6b-9cb5-76611437185b@group-E706869FCEA1: start as a follower, conf=-1: [30550b8f-a9d4-437c-b8cc-b448e34549d3|rpc:10.1.0.54:38443|dataStream:|priority:1, 4e74c47f-7ffe-4f6b-9cb5-76611437185b|rpc:10.1.0.54:46655|dataStream:|priority:0, b5f13583-f95a-429e-bfdc-163a9011ff98|rpc:10.1.0.54:46369|dataStream:|priority:0], old=null
2022-05-17 16:32:53,360 [pool-239-thread-1] INFO  server.RaftServer$Division (RaftServerImpl.java:setRole(290)) - 4e74c47f-7ffe-4f6b-9cb5-76611437185b@group-E706869FCEA1: changes role from      null to FOLLOWER at term 0 for startAsFollower
2022-05-17 16:32:53,360 [pool-239-thread-1] INFO  impl.RoleInfo (RoleInfo.java:updateAndGet(130)) - 4e74c47f-7ffe-4f6b-9cb5-76611437185b: start 4e74c47f-7ffe-4f6b-9cb5-76611437185b@group-E706869FCEA1-FollowerState
2022-05-17 16:32:53,360 [pool-239-thread-1] INFO  util.JmxRegister (JmxRegister.java:tryRegister(44)) - Successfully registered JMX Bean with object name Ratis:service=RaftServer,group=group-E706869FCEA1,id=4e74c47f-7ffe-4f6b-9cb5-76611437185b
2022-05-17 16:32:53,424 [grpc-default-executor-0] INFO  server.RaftServer (RaftServerProxy.java:addNew(95)) - b5f13583-f95a-429e-bfdc-163a9011ff98: addNew group-E706869FCEA1:[30550b8f-a9d4-437c-b8cc-b448e34549d3|rpc:10.1.0.54:38443|dataStream:|priority:1, 4e74c47f-7ffe-4f6b-9cb5-76611437185b|rpc:10.1.0.54:46655|dataStream:|priority:0, b5f13583-f95a-429e-bfdc-163a9011ff98|rpc:10.1.0.54:46369|dataStream:|priority:0] returns group-E706869FCEA1:java.util.concurrent.CompletableFuture@651be26a[Not completed]
2022-05-17 16:32:53,430 [pool-217-thread-1] INFO  server.RaftServer$Division (RaftServerImpl.java:<init>(184)) - b5f13583-f95a-429e-bfdc-163a9011ff98: new RaftServerImpl for group-E706869FCEA1:[30550b8f-a9d4-437c-b8cc-b448e34549d3|rpc:10.1.0.54:38443|dataStream:|priority:1, 4e74c47f-7ffe-4f6b-9cb5-76611437185b|rpc:10.1.0.54:46655|dataStream:|priority:0, b5f13583-f95a-429e-bfdc-163a9011ff98|rpc:10.1.0.54:46369|dataStream:|priority:0] with ContainerStateMachine:uninitialized
2022-05-17 16:32:53,430 [pool-217-thread-1] INFO  server.RaftServerConfigKeys (ConfUtils.java:logGet(44)) - raft.server.rpc.timeout.min = 5s (custom)
2022-05-17 16:32:53,430 [pool-217-thread-1] INFO  server.RaftServerConfigKeys (ConfUtils.java:logGet(44)) - raft.server.rpc.timeout.max = 5200ms (custom)
2022-05-17 16:32:53,430 [pool-217-thread-1] INFO  server.RaftServerConfigKeys (ConfUtils.java:logGet(44)) - raft.server.rpc.sleep.time = 25ms (default)
2022-05-17 16:32:53,430 [pool-217-thread-1] INFO  server.RaftServerConfigKeys (ConfUtils.java:logGet(44)) - raft.server.rpc.slowness.timeout = 300s (custom)
2022-05-17 16:32:53,430 [pool-217-thread-1] INFO  server.RaftServerConfigKeys (ConfUtils.java:logGet(44)) - raft.server.leaderelection.leader.step-down.wait-time = 10s (default)
2022-05-17 16:32:53,430 [pool-217-thread-1] INFO  server.RaftServerConfigKeys (ConfUtils.java:logGet(44)) - raft.server.sleep.deviation.threshold = 300ms (default)
2022-05-17 16:32:53,430 [pool-217-thread-1] INFO  server.RaftServerConfigKeys (ConfUtils.java:logGet(44)) - raft.server.log.appender.install.snapshot.enabled = false (custom)
2022-05-17 16:32:53,430 [pool-217-thread-1] INFO  server.RaftServer$Division (ServerState.java:<init>(105)) - b5f13583-f95a-429e-bfdc-163a9011ff98@group-E706869FCEA1: ConfigurationManager, init=-1: [30550b8f-a9d4-437c-b8cc-b448e34549d3|rpc:10.1.0.54:38443|dataStream:|priority:1, 4e74c47f-7ffe-4f6b-9cb5-76611437185b|rpc:10.1.0.54:46655|dataStream:|priority:0, b5f13583-f95a-429e-bfdc-163a9011ff98|rpc:10.1.0.54:46369|dataStream:|priority:0], old=null, confs=<EMPTY_MAP>
2022-05-17 16:32:53,431 [pool-217-thread-1] INFO  server.RaftServerConfigKeys (ConfUtils.java:logGet(44)) - raft.server.storage.dir = [/home/runner/work/ozone/ozone/hadoop-ozone/integration-test/target/test-dir/MiniOzoneClusterImpl-ffb562c6-b12a-49f0-b7f7-a82568f8c776/datanode-1/data/ratis] (custom)
2022-05-17 16:32:53,431 [pool-217-thread-1] INFO  server.RaftServerConfigKeys (ConfUtils.java:logGet(44)) - raft.server.log.corruption.policy = EXCEPTION (default)
2022-05-17 16:32:53,431 [pool-217-thread-1] INFO  server.RaftServerConfigKeys (ConfUtils.java:logGet(44)) - raft.server.storage.free-space.min = 0MB (=0) (default)
2022-05-17 16:32:53,431 [pool-217-thread-1] INFO  storage.RaftStorageDirectory (RaftStorageDirectoryImpl.java:analyzeStorage(135)) - The storage directory /home/runner/work/ozone/ozone/hadoop-ozone/integration-test/target/test-dir/MiniOzoneClusterImpl-ffb562c6-b12a-49f0-b7f7-a82568f8c776/datanode-1/data/ratis/6a6b35d9-3cf1-4f02-8e22-e706869fcea1 does not exist. Creating ...
2022-05-17 16:32:53,437 [pool-217-thread-1] INFO  storage.RaftStorageDirectory (RaftStorageDirectoryImpl.java:tryLock(230)) - Lock on /home/runner/work/ozone/ozone/hadoop-ozone/integration-test/target/test-dir/MiniOzoneClusterImpl-ffb562c6-b12a-49f0-b7f7-a82568f8c776/datanode-1/data/ratis/6a6b35d9-3cf1-4f02-8e22-e706869fcea1/in_use.lock acquired by nodename 17133@fv-az297-879
2022-05-17 16:32:53,442 [pool-217-thread-1] INFO  storage.RaftStorage (RaftStorageImpl.java:format(89)) - Storage directory /home/runner/work/ozone/ozone/hadoop-ozone/integration-test/target/test-dir/MiniOzoneClusterImpl-ffb562c6-b12a-49f0-b7f7-a82568f8c776/datanode-1/data/ratis/6a6b35d9-3cf1-4f02-8e22-e706869fcea1 has been successfully formatted.
2022-05-17 16:32:53,446 [pool-217-thread-1] INFO  ratis.ContainerStateMachine (ContainerStateMachine.java:loadSnapshot(236)) - group-E706869FCEA1: The snapshot info is null. Setting the last applied indexto:(t:0, i:~)
2022-05-17 16:32:53,446 [pool-217-thread-1] INFO  server.RaftServerConfigKeys (ConfUtils.java:logGet(44)) - raft.server.notification.no-leader.timeout = 300s (custom)
2022-05-17 16:32:53,446 [pool-217-thread-1] INFO  server.RaftServerConfigKeys (ConfUtils.java:logGet(44)) - raft.server.log.use.memory = false (default)
2022-05-17 16:32:53,446 [pool-217-thread-1] INFO  server.RaftServerConfigKeys (ConfUtils.java:logGet(44)) - raft.server.log.purge.gap = 1000000 (custom)
2022-05-17 16:32:53,446 [pool-217-thread-1] INFO  server.RaftServerConfigKeys (ConfUtils.java:logGet(44)) - raft.server.log.appender.buffer.byte-limit = 33554432 (custom)
2022-05-17 16:32:53,447 [pool-217-thread-1] INFO  server.RaftServerConfigKeys (ConfUtils.java:logGet(44)) - raft.server.log.segment.size.max = 1048576 (custom)
2022-05-17 16:32:53,448 [pool-217-thread-1] INFO  server.RaftServerConfigKeys (ConfUtils.java:logGet(44)) - raft.server.log.segment.cache.num.max = 2 (custom)
2022-05-17 16:32:53,448 [pool-217-thread-1] INFO  server.RaftServerConfigKeys (ConfUtils.java:logGet(44)) - raft.server.log.segment.cache.size.max = 200MB (=209715200) (default)
2022-05-17 16:32:53,448 [pool-217-thread-1] INFO  segmented.SegmentedRaftLogWorker (SegmentedRaftLogWorker.java:<init>(182)) - new b5f13583-f95a-429e-bfdc-163a9011ff98@group-E706869FCEA1-SegmentedRaftLogWorker for RaftStorageImpl:Storage Directory /home/runner/work/ozone/ozone/hadoop-ozone/integration-test/target/test-dir/MiniOzoneClusterImpl-ffb562c6-b12a-49f0-b7f7-a82568f8c776/datanode-1/data/ratis/6a6b35d9-3cf1-4f02-8e22-e706869fcea1
2022-05-17 16:32:53,448 [pool-217-thread-1] INFO  server.RaftServerConfigKeys (ConfUtils.java:logGet(44)) - raft.server.log.queue.byte-limit = 4294967296 (custom)
2022-05-17 16:32:53,448 [pool-217-thread-1] INFO  server.RaftServerConfigKeys (ConfUtils.java:logGet(44)) - raft.server.log.queue.element-limit = 1024 (custom)
2022-05-17 16:32:53,448 [pool-217-thread-1] INFO  server.RaftServerConfigKeys (ConfUtils.java:logGet(44)) - raft.server.log.segment.size.max = 1048576 (custom)
2022-05-17 16:32:53,448 [pool-217-thread-1] INFO  server.RaftServerConfigKeys (ConfUtils.java:logGet(44)) - raft.server.log.preallocated.size = 16384 (custom)
2022-05-17 16:32:53,448 [pool-217-thread-1] INFO  server.RaftServerConfigKeys (ConfUtils.java:logGet(44)) - raft.server.log.force.sync.num = 128 (default)
2022-05-17 16:32:53,448 [pool-217-thread-1] INFO  server.RaftServerConfigKeys (ConfUtils.java:logGet(44)) - raft.server.log.statemachine.data.sync = true (default)
2022-05-17 16:32:53,448 [pool-217-thread-1] INFO  server.RaftServerConfigKeys (ConfUtils.java:logGet(44)) - raft.server.log.statemachine.data.sync.timeout = 10s (default)
2022-05-17 16:32:53,449 [pool-217-thread-1] INFO  server.RaftServerConfigKeys (ConfUtils.java:logGet(44)) - raft.server.log.statemachine.data.sync.timeout.retry = -1 (default)
2022-05-17 16:32:53,450 [pool-217-thread-1] INFO  server.RaftServerConfigKeys (ConfUtils.java:logGet(44)) - raft.server.log.write.buffer.size = 1048576 (custom)
2022-05-17 16:32:53,451 [pool-217-thread-1] INFO  server.RaftServerConfigKeys (ConfUtils.java:logGet(44)) - raft.server.log.statemachine.data.caching.enabled = true (custom)
2022-05-17 16:32:53,451 [pool-217-thread-1] INFO  segmented.SegmentedRaftLogWorker (SegmentedRaftLogWorker.java:lambda$new$0(133)) - b5f13583-f95a-429e-bfdc-163a9011ff98@group-E706869FCEA1-SegmentedRaftLogWorker: flushIndex: setUnconditionally 0 -> -1
2022-05-17 16:32:53,451 [pool-217-thread-1] INFO  segmented.SegmentedRaftLogWorker (SegmentedRaftLogWorker.java:lambda$new$0(133)) - b5f13583-f95a-429e-bfdc-163a9011ff98@group-E706869FCEA1-SegmentedRaftLogWorker: safeCacheEvictIndex: setUnconditionally 0 -> -1
2022-05-17 16:32:53,457 [pool-217-thread-1] INFO  server.RaftServerConfigKeys (ConfUtils.java:logGet(44)) - raft.server.snapshot.auto.trigger.enabled = true (custom)
2022-05-17 16:32:53,457 [pool-217-thread-1] INFO  server.RaftServerConfigKeys (ConfUtils.java:logGet(44)) - raft.server.snapshot.auto.trigger.threshold = 10000 (custom)
2022-05-17 16:32:53,457 [pool-217-thread-1] INFO  server.RaftServerConfigKeys (ConfUtils.java:logGet(44)) - raft.server.snapshot.retention.file.num = 5 (custom)
2022-05-17 16:32:53,457 [pool-217-thread-1] INFO  server.RaftServerConfigKeys (ConfUtils.java:logGet(44)) - raft.server.log.purge.upto.snapshot.index = false (default)
2022-05-17 16:32:53,457 [pool-217-thread-1] INFO  server.RaftServerConfigKeys (ConfUtils.java:logGet(44)) - raft.server.retrycache.expirytime = 600000ms (custom)
2022-05-17 16:32:53,458 [pool-217-thread-1] INFO  server.RaftServerConfigKeys (ConfUtils.java:logGet(44)) - raft.server.retrycache.statistics.expirytime = 100μs (default)
2022-05-17 16:32:53,459 [pool-217-thread-1] INFO  server.RaftServer$Division (RaftServerImpl.java:start(301)) - b5f13583-f95a-429e-bfdc-163a9011ff98@group-E706869FCEA1: start as a follower, conf=-1: [30550b8f-a9d4-437c-b8cc-b448e34549d3|rpc:10.1.0.54:38443|dataStream:|priority:1, 4e74c47f-7ffe-4f6b-9cb5-76611437185b|rpc:10.1.0.54:46655|dataStream:|priority:0, b5f13583-f95a-429e-bfdc-163a9011ff98|rpc:10.1.0.54:46369|dataStream:|priority:0], old=null
2022-05-17 16:32:53,459 [pool-217-thread-1] INFO  server.RaftServer$Division (RaftServerImpl.java:setRole(290)) - b5f13583-f95a-429e-bfdc-163a9011ff98@group-E706869FCEA1: changes role from      null to FOLLOWER at term 0 for startAsFollower
2022-05-17 16:32:53,459 [pool-217-thread-1] INFO  impl.RoleInfo (RoleInfo.java:updateAndGet(130)) - b5f13583-f95a-429e-bfdc-163a9011ff98: start b5f13583-f95a-429e-bfdc-163a9011ff98@group-E706869FCEA1-FollowerState
2022-05-17 16:32:53,469 [pool-217-thread-1] INFO  util.JmxRegister (JmxRegister.java:tryRegister(44)) - Successfully registered JMX Bean with object name Ratis:service=RaftServer,group=group-E706869FCEA1,id=b5f13583-f95a-429e-bfdc-163a9011ff98
2022-05-17 16:32:53,477 [Command processor thread] INFO  commandhandler.CreatePipelineCommandHandler (CreatePipelineCommandHandler.java:handle(113)) - Created Pipeline RATIS THREE PipelineID=6a6b35d9-3cf1-4f02-8e22-e706869fcea1.
2022-05-17 16:32:53,480 [Command processor thread] INFO  server.RaftServer (RaftServerProxy.java:addNew(95)) - 30550b8f-a9d4-437c-b8cc-b448e34549d3: addNew group-0CD4C9D8759B:[30550b8f-a9d4-437c-b8cc-b448e34549d3|rpc:10.1.0.54:38443|priority:0, b5f13583-f95a-429e-bfdc-163a9011ff98|rpc:10.1.0.54:46369|priority:0, 4e74c47f-7ffe-4f6b-9cb5-76611437185b|rpc:10.1.0.54:46655|priority:1] returns group-0CD4C9D8759B:java.util.concurrent.CompletableFuture@62bd38a2[Not completed]
2022-05-17 16:32:53,481 [pool-195-thread-1] INFO  server.RaftServer$Division (RaftServerImpl.java:<init>(184)) - 30550b8f-a9d4-437c-b8cc-b448e34549d3: new RaftServerImpl for group-0CD4C9D8759B:[30550b8f-a9d4-437c-b8cc-b448e34549d3|rpc:10.1.0.54:38443|priority:0, b5f13583-f95a-429e-bfdc-163a9011ff98|rpc:10.1.0.54:46369|priority:0, 4e74c47f-7ffe-4f6b-9cb5-76611437185b|rpc:10.1.0.54:46655|priority:1] with ContainerStateMachine:uninitialized
2022-05-17 16:32:53,482 [pool-195-thread-1] INFO  server.RaftServerConfigKeys (ConfUtils.java:logGet(44)) - raft.server.rpc.timeout.min = 5s (custom)
2022-05-17 16:32:53,482 [pool-195-thread-1] INFO  server.RaftServerConfigKeys (ConfUtils.java:logGet(44)) - raft.server.rpc.timeout.max = 5200ms (custom)
2022-05-17 16:32:53,482 [pool-195-thread-1] INFO  server.RaftServerConfigKeys (ConfUtils.java:logGet(44)) - raft.server.rpc.sleep.time = 25ms (default)
2022-05-17 16:32:53,482 [pool-195-thread-1] INFO  server.RaftServerConfigKeys (ConfUtils.java:logGet(44)) - raft.server.rpc.slowness.timeout = 300s (custom)
2022-05-17 16:32:53,482 [pool-195-thread-1] INFO  server.RaftServerConfigKeys (ConfUtils.java:logGet(44)) - raft.server.leaderelection.leader.step-down.wait-time = 10s (default)
2022-05-17 16:32:53,482 [pool-195-thread-1] INFO  server.RaftServerConfigKeys (ConfUtils.java:logGet(44)) - raft.server.sleep.deviation.threshold = 300ms (default)
2022-05-17 16:32:53,482 [pool-195-thread-1] INFO  server.RaftServerConfigKeys (ConfUtils.java:logGet(44)) - raft.server.log.appender.install.snapshot.enabled = false (custom)
2022-05-17 16:32:53,482 [pool-195-thread-1] INFO  server.RaftServer$Division (ServerState.java:<init>(105)) - 30550b8f-a9d4-437c-b8cc-b448e34549d3@group-0CD4C9D8759B: ConfigurationManager, init=-1: [30550b8f-a9d4-437c-b8cc-b448e34549d3|rpc:10.1.0.54:38443|priority:0, b5f13583-f95a-429e-bfdc-163a9011ff98|rpc:10.1.0.54:46369|priority:0, 4e74c47f-7ffe-4f6b-9cb5-76611437185b|rpc:10.1.0.54:46655|priority:1], old=null, confs=<EMPTY_MAP>
2022-05-17 16:32:53,482 [pool-195-thread-1] INFO  server.RaftServerConfigKeys (ConfUtils.java:logGet(44)) - raft.server.storage.dir = [/home/runner/work/ozone/ozone/hadoop-ozone/integration-test/target/test-dir/MiniOzoneClusterImpl-ffb562c6-b12a-49f0-b7f7-a82568f8c776/datanode-0/data/ratis] (custom)
2022-05-17 16:32:53,482 [pool-195-thread-1] INFO  server.RaftServerConfigKeys (ConfUtils.java:logGet(44)) - raft.server.log.corruption.policy = EXCEPTION (default)
2022-05-17 16:32:53,482 [pool-195-thread-1] INFO  server.RaftServerConfigKeys (ConfUtils.java:logGet(44)) - raft.server.storage.free-space.min = 0MB (=0) (default)
2022-05-17 16:32:53,483 [pool-195-thread-1] INFO  storage.RaftStorageDirectory (RaftStorageDirectoryImpl.java:analyzeStorage(135)) - The storage directory /home/runner/work/ozone/ozone/hadoop-ozone/integration-test/target/test-dir/MiniOzoneClusterImpl-ffb562c6-b12a-49f0-b7f7-a82568f8c776/datanode-0/data/ratis/5d7127c8-dcc4-4c2e-b4a6-0cd4c9d8759b does not exist. Creating ...
2022-05-17 16:32:53,484 [pool-195-thread-1] INFO  storage.RaftStorageDirectory (RaftStorageDirectoryImpl.java:tryLock(230)) - Lock on /home/runner/work/ozone/ozone/hadoop-ozone/integration-test/target/test-dir/MiniOzoneClusterImpl-ffb562c6-b12a-49f0-b7f7-a82568f8c776/datanode-0/data/ratis/5d7127c8-dcc4-4c2e-b4a6-0cd4c9d8759b/in_use.lock acquired by nodename 17133@fv-az297-879
2022-05-17 16:32:53,485 [pool-195-thread-1] INFO  storage.RaftStorage (RaftStorageImpl.java:format(89)) - Storage directory /home/runner/work/ozone/ozone/hadoop-ozone/integration-test/target/test-dir/MiniOzoneClusterImpl-ffb562c6-b12a-49f0-b7f7-a82568f8c776/datanode-0/data/ratis/5d7127c8-dcc4-4c2e-b4a6-0cd4c9d8759b has been successfully formatted.
2022-05-17 16:32:53,486 [pool-195-thread-1] INFO  ratis.ContainerStateMachine (ContainerStateMachine.java:loadSnapshot(236)) - group-0CD4C9D8759B: The snapshot info is null. Setting the last applied indexto:(t:0, i:~)
2022-05-17 16:32:53,486 [pool-195-thread-1] INFO  server.RaftServerConfigKeys (ConfUtils.java:logGet(44)) - raft.server.notification.no-leader.timeout = 300s (custom)
2022-05-17 16:32:53,486 [pool-195-thread-1] INFO  server.RaftServerConfigKeys (ConfUtils.java:logGet(44)) - raft.server.log.use.memory = false (default)
2022-05-17 16:32:53,486 [pool-195-thread-1] INFO  server.RaftServerConfigKeys (ConfUtils.java:logGet(44)) - raft.server.log.purge.gap = 1000000 (custom)
2022-05-17 16:32:53,486 [pool-195-thread-1] INFO  server.RaftServerConfigKeys (ConfUtils.java:logGet(44)) - raft.server.log.appender.buffer.byte-limit = 33554432 (custom)
2022-05-17 16:32:53,488 [EventQueue-OpenPipelineForHealthyPipelineSafeModeRule] INFO  safemode.SCMSafeModeManager (HealthyPipelineSafeModeRule.java:process(124)) - SCM in safe mode. Healthy pipelines reported count is 0, required healthy pipeline reported count is 1
2022-05-17 16:32:53,488 [pool-195-thread-1] INFO  server.RaftServerConfigKeys (ConfUtils.java:logGet(44)) - raft.server.log.segment.size.max = 1048576 (custom)
2022-05-17 16:32:53,489 [pool-195-thread-1] INFO  server.RaftServerConfigKeys (ConfUtils.java:logGet(44)) - raft.server.log.segment.cache.num.max = 2 (custom)
2022-05-17 16:32:53,489 [pool-195-thread-1] INFO  server.RaftServerConfigKeys (ConfUtils.java:logGet(44)) - raft.server.log.segment.cache.size.max = 200MB (=209715200) (default)
2022-05-17 16:32:53,489 [pool-195-thread-1] INFO  segmented.SegmentedRaftLogWorker (SegmentedRaftLogWorker.java:<init>(182)) - new 30550b8f-a9d4-437c-b8cc-b448e34549d3@group-0CD4C9D8759B-SegmentedRaftLogWorker for RaftStorageImpl:Storage Directory /home/runner/work/ozone/ozone/hadoop-ozone/integration-test/target/test-dir/MiniOzoneClusterImpl-ffb562c6-b12a-49f0-b7f7-a82568f8c776/datanode-0/data/ratis/5d7127c8-dcc4-4c2e-b4a6-0cd4c9d8759b
2022-05-17 16:32:53,489 [pool-195-thread-1] INFO  server.RaftServerConfigKeys (ConfUtils.java:logGet(44)) - raft.server.log.queue.byte-limit = 4294967296 (custom)
2022-05-17 16:32:53,489 [pool-195-thread-1] INFO  server.RaftServerConfigKeys (ConfUtils.java:logGet(44)) - raft.server.log.queue.element-limit = 1024 (custom)
2022-05-17 16:32:53,489 [pool-195-thread-1] INFO  server.RaftServerConfigKeys (ConfUtils.java:logGet(44)) - raft.server.log.segment.size.max = 1048576 (custom)
2022-05-17 16:32:53,489 [pool-195-thread-1] INFO  server.RaftServerConfigKeys (ConfUtils.java:logGet(44)) - raft.server.log.preallocated.size = 16384 (custom)
2022-05-17 16:32:53,493 [pool-195-thread-1] INFO  server.RaftServerConfigKeys (ConfUtils.java:logGet(44)) - raft.server.log.force.sync.num = 128 (default)
2022-05-17 16:32:53,493 [pool-195-thread-1] INFO  server.RaftServerConfigKeys (ConfUtils.java:logGet(44)) - raft.server.log.statemachine.data.sync = true (default)
2022-05-17 16:32:53,493 [pool-195-thread-1] INFO  server.RaftServerConfigKeys (ConfUtils.java:logGet(44)) - raft.server.log.statemachine.data.sync.timeout = 10s (default)
2022-05-17 16:32:53,493 [pool-195-thread-1] INFO  server.RaftServerConfigKeys (ConfUtils.java:logGet(44)) - raft.server.log.statemachine.data.sync.timeout.retry = -1 (default)
2022-05-17 16:32:53,494 [pool-195-thread-1] INFO  server.RaftServerConfigKeys (ConfUtils.java:logGet(44)) - raft.server.log.write.buffer.size = 1048576 (custom)
2022-05-17 16:32:53,495 [pool-195-thread-1] INFO  server.RaftServerConfigKeys (ConfUtils.java:logGet(44)) - raft.server.log.statemachine.data.caching.enabled = true (custom)
2022-05-17 16:32:53,496 [pool-195-thread-1] INFO  segmented.SegmentedRaftLogWorker (SegmentedRaftLogWorker.java:lambda$new$0(133)) - 30550b8f-a9d4-437c-b8cc-b448e34549d3@group-0CD4C9D8759B-SegmentedRaftLogWorker: flushIndex: setUnconditionally 0 -> -1
2022-05-17 16:32:53,496 [pool-195-thread-1] INFO  segmented.SegmentedRaftLogWorker (SegmentedRaftLogWorker.java:lambda$new$0(133)) - 30550b8f-a9d4-437c-b8cc-b448e34549d3@group-0CD4C9D8759B-SegmentedRaftLogWorker: safeCacheEvictIndex: setUnconditionally 0 -> -1
2022-05-17 16:32:53,496 [pool-195-thread-1] INFO  server.RaftServerConfigKeys (ConfUtils.java:logGet(44)) - raft.server.snapshot.auto.trigger.enabled = true (custom)
2022-05-17 16:32:53,496 [pool-195-thread-1] INFO  server.RaftServerConfigKeys (ConfUtils.java:logGet(44)) - raft.server.snapshot.auto.trigger.threshold = 10000 (custom)
2022-05-17 16:32:53,496 [pool-195-thread-1] INFO  server.RaftServerConfigKeys (ConfUtils.java:logGet(44)) - raft.server.snapshot.retention.file.num = 5 (custom)
2022-05-17 16:32:53,496 [pool-195-thread-1] INFO  server.RaftServerConfigKeys (ConfUtils.java:logGet(44)) - raft.server.log.purge.upto.snapshot.index = false (default)
2022-05-17 16:32:53,496 [pool-195-thread-1] INFO  server.RaftServerConfigKeys (ConfUtils.java:logGet(44)) - raft.server.retrycache.expirytime = 600000ms (custom)
2022-05-17 16:32:53,496 [pool-195-thread-1] INFO  server.RaftServerConfigKeys (ConfUtils.java:logGet(44)) - raft.server.retrycache.statistics.expirytime = 100μs (default)
2022-05-17 16:32:53,501 [pool-195-thread-1] INFO  server.RaftServer$Division (RaftServerImpl.java:start(301)) - 30550b8f-a9d4-437c-b8cc-b448e34549d3@group-0CD4C9D8759B: start as a follower, conf=-1: [30550b8f-a9d4-437c-b8cc-b448e34549d3|rpc:10.1.0.54:38443|priority:0, b5f13583-f95a-429e-bfdc-163a9011ff98|rpc:10.1.0.54:46369|priority:0, 4e74c47f-7ffe-4f6b-9cb5-76611437185b|rpc:10.1.0.54:46655|priority:1], old=null
2022-05-17 16:32:53,501 [pool-195-thread-1] INFO  server.RaftServer$Division (RaftServerImpl.java:setRole(290)) - 30550b8f-a9d4-437c-b8cc-b448e34549d3@group-0CD4C9D8759B: changes role from      null to FOLLOWER at term 0 for startAsFollower
2022-05-17 16:32:53,501 [pool-195-thread-1] INFO  impl.RoleInfo (RoleInfo.java:updateAndGet(130)) - 30550b8f-a9d4-437c-b8cc-b448e34549d3: start 30550b8f-a9d4-437c-b8cc-b448e34549d3@group-0CD4C9D8759B-FollowerState
2022-05-17 16:32:53,501 [pool-195-thread-1] INFO  util.JmxRegister (JmxRegister.java:tryRegister(44)) - Successfully registered JMX Bean with object name Ratis:service=RaftServer,group=group-0CD4C9D8759B,id=30550b8f-a9d4-437c-b8cc-b448e34549d3
2022-05-17 16:32:53,502 [Command processor thread] INFO  ratis.XceiverServerRatis (XceiverServerRatis.java:addGroup(765)) - Created group PipelineID=5d7127c8-dcc4-4c2e-b4a6-0cd4c9d8759b
2022-05-17 16:32:53,537 [grpc-default-executor-0] INFO  server.RaftServer (RaftServerProxy.java:addNew(95)) - b5f13583-f95a-429e-bfdc-163a9011ff98: addNew group-0CD4C9D8759B:[30550b8f-a9d4-437c-b8cc-b448e34549d3|rpc:10.1.0.54:38443|dataStream:|priority:0, b5f13583-f95a-429e-bfdc-163a9011ff98|rpc:10.1.0.54:46369|dataStream:|priority:0, 4e74c47f-7ffe-4f6b-9cb5-76611437185b|rpc:10.1.0.54:46655|dataStream:|priority:1] returns group-0CD4C9D8759B:java.util.concurrent.CompletableFuture@47d274e9[Not completed]
2022-05-17 16:32:53,606 [pool-217-thread-1] INFO  server.RaftServer$Division (RaftServerImpl.java:<init>(184)) - b5f13583-f95a-429e-bfdc-163a9011ff98: new RaftServerImpl for group-0CD4C9D8759B:[30550b8f-a9d4-437c-b8cc-b448e34549d3|rpc:10.1.0.54:38443|dataStream:|priority:0, b5f13583-f95a-429e-bfdc-163a9011ff98|rpc:10.1.0.54:46369|dataStream:|priority:0, 4e74c47f-7ffe-4f6b-9cb5-76611437185b|rpc:10.1.0.54:46655|dataStream:|priority:1] with ContainerStateMachine:uninitialized
2022-05-17 16:32:53,606 [pool-217-thread-1] INFO  server.RaftServerConfigKeys (ConfUtils.java:logGet(44)) - raft.server.rpc.timeout.min = 5s (custom)
2022-05-17 16:32:53,606 [pool-217-thread-1] INFO  server.RaftServerConfigKeys (ConfUtils.java:logGet(44)) - raft.server.rpc.timeout.max = 5200ms (custom)
2022-05-17 16:32:53,606 [pool-217-thread-1] INFO  server.RaftServerConfigKeys (ConfUtils.java:logGet(44)) - raft.server.rpc.sleep.time = 25ms (default)
2022-05-17 16:32:53,606 [pool-217-thread-1] INFO  server.RaftServerConfigKeys (ConfUtils.java:logGet(44)) - raft.server.rpc.slowness.timeout = 300s (custom)
2022-05-17 16:32:53,607 [pool-217-thread-1] INFO  server.RaftServerConfigKeys (ConfUtils.java:logGet(44)) - raft.server.leaderelection.leader.step-down.wait-time = 10s (default)
2022-05-17 16:32:53,607 [pool-217-thread-1] INFO  server.RaftServerConfigKeys (ConfUtils.java:logGet(44)) - raft.server.sleep.deviation.threshold = 300ms (default)
2022-05-17 16:32:53,607 [pool-217-thread-1] INFO  server.RaftServerConfigKeys (ConfUtils.java:logGet(44)) - raft.server.log.appender.install.snapshot.enabled = false (custom)
2022-05-17 16:32:53,607 [pool-217-thread-1] INFO  server.RaftServer$Division (ServerState.java:<init>(105)) - b5f13583-f95a-429e-bfdc-163a9011ff98@group-0CD4C9D8759B: ConfigurationManager, init=-1: [30550b8f-a9d4-437c-b8cc-b448e34549d3|rpc:10.1.0.54:38443|dataStream:|priority:0, b5f13583-f95a-429e-bfdc-163a9011ff98|rpc:10.1.0.54:46369|dataStream:|priority:0, 4e74c47f-7ffe-4f6b-9cb5-76611437185b|rpc:10.1.0.54:46655|dataStream:|priority:1], old=null, confs=<EMPTY_MAP>
2022-05-17 16:32:53,607 [pool-217-thread-1] INFO  server.RaftServerConfigKeys (ConfUtils.java:logGet(44)) - raft.server.storage.dir = [/home/runner/work/ozone/ozone/hadoop-ozone/integration-test/target/test-dir/MiniOzoneClusterImpl-ffb562c6-b12a-49f0-b7f7-a82568f8c776/datanode-1/data/ratis] (custom)
2022-05-17 16:32:53,607 [pool-217-thread-1] INFO  server.RaftServerConfigKeys (ConfUtils.java:logGet(44)) - raft.server.log.corruption.policy = EXCEPTION (default)
2022-05-17 16:32:53,607 [pool-217-thread-1] INFO  server.RaftServerConfigKeys (ConfUtils.java:logGet(44)) - raft.server.storage.free-space.min = 0MB (=0) (default)
2022-05-17 16:32:53,607 [pool-217-thread-1] INFO  storage.RaftStorageDirectory (RaftStorageDirectoryImpl.java:analyzeStorage(135)) - The storage directory /home/runner/work/ozone/ozone/hadoop-ozone/integration-test/target/test-dir/MiniOzoneClusterImpl-ffb562c6-b12a-49f0-b7f7-a82568f8c776/datanode-1/data/ratis/5d7127c8-dcc4-4c2e-b4a6-0cd4c9d8759b does not exist. Creating ...
2022-05-17 16:32:53,623 [pool-217-thread-1] INFO  storage.RaftStorageDirectory (RaftStorageDirectoryImpl.java:tryLock(230)) - Lock on /home/runner/work/ozone/ozone/hadoop-ozone/integration-test/target/test-dir/MiniOzoneClusterImpl-ffb562c6-b12a-49f0-b7f7-a82568f8c776/datanode-1/data/ratis/5d7127c8-dcc4-4c2e-b4a6-0cd4c9d8759b/in_use.lock acquired by nodename 17133@fv-az297-879
2022-05-17 16:32:53,625 [pool-217-thread-1] INFO  storage.RaftStorage (RaftStorageImpl.java:format(89)) - Storage directory /home/runner/work/ozone/ozone/hadoop-ozone/integration-test/target/test-dir/MiniOzoneClusterImpl-ffb562c6-b12a-49f0-b7f7-a82568f8c776/datanode-1/data/ratis/5d7127c8-dcc4-4c2e-b4a6-0cd4c9d8759b has been successfully formatted.
2022-05-17 16:32:53,627 [pool-217-thread-1] INFO  ratis.ContainerStateMachine (ContainerStateMachine.java:loadSnapshot(236)) - group-0CD4C9D8759B: The snapshot info is null. Setting the last applied indexto:(t:0, i:~)
2022-05-17 16:32:53,627 [pool-217-thread-1] INFO  server.RaftServerConfigKeys (ConfUtils.java:logGet(44)) - raft.server.notification.no-leader.timeout = 300s (custom)
2022-05-17 16:32:53,628 [pool-217-thread-1] INFO  server.RaftServerConfigKeys (ConfUtils.java:logGet(44)) - raft.server.log.use.memory = false (default)
2022-05-17 16:32:53,628 [pool-217-thread-1] INFO  server.RaftServerConfigKeys (ConfUtils.java:logGet(44)) - raft.server.log.purge.gap = 1000000 (custom)
2022-05-17 16:32:53,629 [pool-217-thread-1] INFO  server.RaftServerConfigKeys (ConfUtils.java:logGet(44)) - raft.server.log.appender.buffer.byte-limit = 33554432 (custom)
2022-05-17 16:32:53,629 [pool-217-thread-1] INFO  server.RaftServerConfigKeys (ConfUtils.java:logGet(44)) - raft.server.log.segment.size.max = 1048576 (custom)
2022-05-17 16:32:53,629 [pool-217-thread-1] INFO  server.RaftServerConfigKeys (ConfUtils.java:logGet(44)) - raft.server.log.segment.cache.num.max = 2 (custom)
2022-05-17 16:32:53,629 [pool-217-thread-1] INFO  server.RaftServerConfigKeys (ConfUtils.java:logGet(44)) - raft.server.log.segment.cache.size.max = 200MB (=209715200) (default)
2022-05-17 16:32:53,629 [pool-217-thread-1] INFO  segmented.SegmentedRaftLogWorker (SegmentedRaftLogWorker.java:<init>(182)) - new b5f13583-f95a-429e-bfdc-163a9011ff98@group-0CD4C9D8759B-SegmentedRaftLogWorker for RaftStorageImpl:Storage Directory /home/runner/work/ozone/ozone/hadoop-ozone/integration-test/target/test-dir/MiniOzoneClusterImpl-ffb562c6-b12a-49f0-b7f7-a82568f8c776/datanode-1/data/ratis/5d7127c8-dcc4-4c2e-b4a6-0cd4c9d8759b
2022-05-17 16:32:53,632 [pool-217-thread-1] INFO  server.RaftServerConfigKeys (ConfUtils.java:logGet(44)) - raft.server.log.queue.byte-limit = 4294967296 (custom)
2022-05-17 16:32:53,632 [pool-217-thread-1] INFO  server.RaftServerConfigKeys (ConfUtils.java:logGet(44)) - raft.server.log.queue.element-limit = 1024 (custom)
2022-05-17 16:32:53,633 [pool-217-thread-1] INFO  server.RaftServerConfigKeys (ConfUtils.java:logGet(44)) - raft.server.log.segment.size.max = 1048576 (custom)
2022-05-17 16:32:53,633 [pool-217-thread-1] INFO  server.RaftServerConfigKeys (ConfUtils.java:logGet(44)) - raft.server.log.preallocated.size = 16384 (custom)
2022-05-17 16:32:53,633 [pool-217-thread-1] INFO  server.RaftServerConfigKeys (ConfUtils.java:logGet(44)) - raft.server.log.force.sync.num = 128 (default)
2022-05-17 16:32:53,633 [pool-217-thread-1] INFO  server.RaftServerConfigKeys (ConfUtils.java:logGet(44)) - raft.server.log.statemachine.data.sync = true (default)
2022-05-17 16:32:53,633 [pool-217-thread-1] INFO  server.RaftServerConfigKeys (ConfUtils.java:logGet(44)) - raft.server.log.statemachine.data.sync.timeout = 10s (default)
2022-05-17 16:32:53,633 [pool-217-thread-1] INFO  server.RaftServerConfigKeys (ConfUtils.java:logGet(44)) - raft.server.log.statemachine.data.sync.timeout.retry = -1 (default)
2022-05-17 16:32:53,634 [pool-217-thread-1] INFO  server.RaftServerConfigKeys (ConfUtils.java:logGet(44)) - raft.server.log.write.buffer.size = 1048576 (custom)
2022-05-17 16:32:53,635 [pool-217-thread-1] INFO  server.RaftServerConfigKeys (ConfUtils.java:logGet(44)) - raft.server.log.statemachine.data.caching.enabled = true (custom)
2022-05-17 16:32:53,635 [pool-217-thread-1] INFO  segmented.SegmentedRaftLogWorker (SegmentedRaftLogWorker.java:lambda$new$0(133)) - b5f13583-f95a-429e-bfdc-163a9011ff98@group-0CD4C9D8759B-SegmentedRaftLogWorker: flushIndex: setUnconditionally 0 -> -1
2022-05-17 16:32:53,635 [pool-217-thread-1] INFO  segmented.SegmentedRaftLogWorker (SegmentedRaftLogWorker.java:lambda$new$0(133)) - b5f13583-f95a-429e-bfdc-163a9011ff98@group-0CD4C9D8759B-SegmentedRaftLogWorker: safeCacheEvictIndex: setUnconditionally 0 -> -1
2022-05-17 16:32:53,636 [pool-217-thread-1] INFO  server.RaftServerConfigKeys (ConfUtils.java:logGet(44)) - raft.server.snapshot.auto.trigger.enabled = true (custom)
2022-05-17 16:32:53,636 [pool-217-thread-1] INFO  server.RaftServerConfigKeys (ConfUtils.java:logGet(44)) - raft.server.snapshot.auto.trigger.threshold = 10000 (custom)
2022-05-17 16:32:53,637 [pool-217-thread-1] INFO  server.RaftServerConfigKeys (ConfUtils.java:logGet(44)) - raft.server.snapshot.retention.file.num = 5 (custom)
2022-05-17 16:32:53,637 [pool-217-thread-1] INFO  server.RaftServerConfigKeys (ConfUtils.java:logGet(44)) - raft.server.log.purge.upto.snapshot.index = false (default)
2022-05-17 16:32:53,637 [pool-217-thread-1] INFO  server.RaftServerConfigKeys (ConfUtils.java:logGet(44)) - raft.server.retrycache.expirytime = 600000ms (custom)
2022-05-17 16:32:53,637 [pool-217-thread-1] INFO  server.RaftServerConfigKeys (ConfUtils.java:logGet(44)) - raft.server.retrycache.statistics.expirytime = 100μs (default)
2022-05-17 16:32:53,642 [pool-217-thread-1] INFO  server.RaftServer$Division (RaftServerImpl.java:start(301)) - b5f13583-f95a-429e-bfdc-163a9011ff98@group-0CD4C9D8759B: start as a follower, conf=-1: [30550b8f-a9d4-437c-b8cc-b448e34549d3|rpc:10.1.0.54:38443|dataStream:|priority:0, b5f13583-f95a-429e-bfdc-163a9011ff98|rpc:10.1.0.54:46369|dataStream:|priority:0, 4e74c47f-7ffe-4f6b-9cb5-76611437185b|rpc:10.1.0.54:46655|dataStream:|priority:1], old=null
2022-05-17 16:32:53,648 [pool-217-thread-1] INFO  server.RaftServer$Division (RaftServerImpl.java:setRole(290)) - b5f13583-f95a-429e-bfdc-163a9011ff98@group-0CD4C9D8759B: changes role from      null to FOLLOWER at term 0 for startAsFollower
2022-05-17 16:32:53,648 [pool-217-thread-1] INFO  impl.RoleInfo (RoleInfo.java:updateAndGet(130)) - b5f13583-f95a-429e-bfdc-163a9011ff98: start b5f13583-f95a-429e-bfdc-163a9011ff98@group-0CD4C9D8759B-FollowerState
2022-05-17 16:32:53,654 [pool-217-thread-1] INFO  util.JmxRegister (JmxRegister.java:tryRegister(44)) - Successfully registered JMX Bean with object name Ratis:service=RaftServer,group=group-0CD4C9D8759B,id=b5f13583-f95a-429e-bfdc-163a9011ff98
2022-05-17 16:32:53,674 [Listener at 127.0.0.1/37949] INFO  ozone.MiniOzoneClusterImpl (MiniOzoneClusterImpl.java:lambda$waitForClusterToBeReady$0(221)) - Nodes are ready. Got 3 of 3 DN Heartbeats.
2022-05-17 16:32:53,674 [Listener at 127.0.0.1/37949] INFO  ozone.MiniOzoneClusterImpl (MiniOzoneClusterImpl.java:lambda$waitForClusterToBeReady$0(224)) - Waiting for cluster to exit safe mode
2022-05-17 16:32:53,674 [Listener at 127.0.0.1/37949] INFO  ozone.MiniOzoneClusterImpl (MiniOzoneClusterImpl.java:lambda$waitForClusterToBeReady$0(226)) - SCM became leader
2022-05-17 16:32:53,729 [grpc-default-executor-0] INFO  server.RaftServer (RaftServerProxy.java:addNew(95)) - 4e74c47f-7ffe-4f6b-9cb5-76611437185b: addNew group-0CD4C9D8759B:[30550b8f-a9d4-437c-b8cc-b448e34549d3|rpc:10.1.0.54:38443|dataStream:|priority:0, b5f13583-f95a-429e-bfdc-163a9011ff98|rpc:10.1.0.54:46369|dataStream:|priority:0, 4e74c47f-7ffe-4f6b-9cb5-76611437185b|rpc:10.1.0.54:46655|dataStream:|priority:1] returns group-0CD4C9D8759B:java.util.concurrent.CompletableFuture@31357ef5[Not completed]
2022-05-17 16:32:53,730 [pool-239-thread-1] INFO  server.RaftServer$Division (RaftServerImpl.java:<init>(184)) - 4e74c47f-7ffe-4f6b-9cb5-76611437185b: new RaftServerImpl for group-0CD4C9D8759B:[30550b8f-a9d4-437c-b8cc-b448e34549d3|rpc:10.1.0.54:38443|dataStream:|priority:0, b5f13583-f95a-429e-bfdc-163a9011ff98|rpc:10.1.0.54:46369|dataStream:|priority:0, 4e74c47f-7ffe-4f6b-9cb5-76611437185b|rpc:10.1.0.54:46655|dataStream:|priority:1] with ContainerStateMachine:uninitialized
2022-05-17 16:32:53,730 [pool-239-thread-1] INFO  server.RaftServerConfigKeys (ConfUtils.java:logGet(44)) - raft.server.rpc.timeout.min = 5s (custom)
2022-05-17 16:32:53,731 [pool-239-thread-1] INFO  server.RaftServerConfigKeys (ConfUtils.java:logGet(44)) - raft.server.rpc.timeout.max = 5200ms (custom)
2022-05-17 16:32:53,731 [pool-239-thread-1] INFO  server.RaftServerConfigKeys (ConfUtils.java:logGet(44)) - raft.server.rpc.sleep.time = 25ms (default)
2022-05-17 16:32:53,731 [pool-239-thread-1] INFO  server.RaftServerConfigKeys (ConfUtils.java:logGet(44)) - raft.server.rpc.slowness.timeout = 300s (custom)
2022-05-17 16:32:53,731 [pool-239-thread-1] INFO  server.RaftServerConfigKeys (ConfUtils.java:logGet(44)) - raft.server.leaderelection.leader.step-down.wait-time = 10s (default)
2022-05-17 16:32:53,731 [pool-239-thread-1] INFO  server.RaftServerConfigKeys (ConfUtils.java:logGet(44)) - raft.server.sleep.deviation.threshold = 300ms (default)
2022-05-17 16:32:53,731 [pool-239-thread-1] INFO  server.RaftServerConfigKeys (ConfUtils.java:logGet(44)) - raft.server.log.appender.install.snapshot.enabled = false (custom)
2022-05-17 16:32:53,731 [pool-239-thread-1] INFO  server.RaftServer$Division (ServerState.java:<init>(105)) - 4e74c47f-7ffe-4f6b-9cb5-76611437185b@group-0CD4C9D8759B: ConfigurationManager, init=-1: [30550b8f-a9d4-437c-b8cc-b448e34549d3|rpc:10.1.0.54:38443|dataStream:|priority:0, b5f13583-f95a-429e-bfdc-163a9011ff98|rpc:10.1.0.54:46369|dataStream:|priority:0, 4e74c47f-7ffe-4f6b-9cb5-76611437185b|rpc:10.1.0.54:46655|dataStream:|priority:1], old=null, confs=<EMPTY_MAP>
2022-05-17 16:32:53,731 [pool-239-thread-1] INFO  server.RaftServerConfigKeys (ConfUtils.java:logGet(44)) - raft.server.storage.dir = [/home/runner/work/ozone/ozone/hadoop-ozone/integration-test/target/test-dir/MiniOzoneClusterImpl-ffb562c6-b12a-49f0-b7f7-a82568f8c776/datanode-2/data/ratis] (custom)
2022-05-17 16:32:53,731 [pool-239-thread-1] INFO  server.RaftServerConfigKeys (ConfUtils.java:logGet(44)) - raft.server.log.corruption.policy = EXCEPTION (default)
2022-05-17 16:32:53,731 [pool-239-thread-1] INFO  server.RaftServerConfigKeys (ConfUtils.java:logGet(44)) - raft.server.storage.free-space.min = 0MB (=0) (default)
2022-05-17 16:32:53,732 [pool-239-thread-1] INFO  storage.RaftStorageDirectory (RaftStorageDirectoryImpl.java:analyzeStorage(135)) - The storage directory /home/runner/work/ozone/ozone/hadoop-ozone/integration-test/target/test-dir/MiniOzoneClusterImpl-ffb562c6-b12a-49f0-b7f7-a82568f8c776/datanode-2/data/ratis/5d7127c8-dcc4-4c2e-b4a6-0cd4c9d8759b does not exist. Creating ...
2022-05-17 16:32:53,733 [pool-239-thread-1] INFO  storage.RaftStorageDirectory (RaftStorageDirectoryImpl.java:tryLock(230)) - Lock on /home/runner/work/ozone/ozone/hadoop-ozone/integration-test/target/test-dir/MiniOzoneClusterImpl-ffb562c6-b12a-49f0-b7f7-a82568f8c776/datanode-2/data/ratis/5d7127c8-dcc4-4c2e-b4a6-0cd4c9d8759b/in_use.lock acquired by nodename 17133@fv-az297-879
2022-05-17 16:32:53,736 [pool-239-thread-1] INFO  storage.RaftStorage (RaftStorageImpl.java:format(89)) - Storage directory /home/runner/work/ozone/ozone/hadoop-ozone/integration-test/target/test-dir/MiniOzoneClusterImpl-ffb562c6-b12a-49f0-b7f7-a82568f8c776/datanode-2/data/ratis/5d7127c8-dcc4-4c2e-b4a6-0cd4c9d8759b has been successfully formatted.
2022-05-17 16:32:53,736 [pool-239-thread-1] INFO  ratis.ContainerStateMachine (ContainerStateMachine.java:loadSnapshot(236)) - group-0CD4C9D8759B: The snapshot info is null. Setting the last applied indexto:(t:0, i:~)
2022-05-17 16:32:53,737 [pool-239-thread-1] INFO  server.RaftServerConfigKeys (ConfUtils.java:logGet(44)) - raft.server.notification.no-leader.timeout = 300s (custom)
2022-05-17 16:32:53,737 [pool-239-thread-1] INFO  server.RaftServerConfigKeys (ConfUtils.java:logGet(44)) - raft.server.log.use.memory = false (default)
2022-05-17 16:32:53,737 [pool-239-thread-1] INFO  server.RaftServerConfigKeys (ConfUtils.java:logGet(44)) - raft.server.log.purge.gap = 1000000 (custom)
2022-05-17 16:32:53,737 [pool-239-thread-1] INFO  server.RaftServerConfigKeys (ConfUtils.java:logGet(44)) - raft.server.log.appender.buffer.byte-limit = 33554432 (custom)
2022-05-17 16:32:53,737 [pool-239-thread-1] INFO  server.RaftServerConfigKeys (ConfUtils.java:logGet(44)) - raft.server.log.segment.size.max = 1048576 (custom)
2022-05-17 16:32:53,738 [pool-239-thread-1] INFO  server.RaftServerConfigKeys (ConfUtils.java:logGet(44)) - raft.server.log.segment.cache.num.max = 2 (custom)
2022-05-17 16:32:53,738 [pool-239-thread-1] INFO  server.RaftServerConfigKeys (ConfUtils.java:logGet(44)) - raft.server.log.segment.cache.size.max = 200MB (=209715200) (default)
2022-05-17 16:32:53,738 [pool-239-thread-1] INFO  segmented.SegmentedRaftLogWorker (SegmentedRaftLogWorker.java:<init>(182)) - new 4e74c47f-7ffe-4f6b-9cb5-76611437185b@group-0CD4C9D8759B-SegmentedRaftLogWorker for RaftStorageImpl:Storage Directory /home/runner/work/ozone/ozone/hadoop-ozone/integration-test/target/test-dir/MiniOzoneClusterImpl-ffb562c6-b12a-49f0-b7f7-a82568f8c776/datanode-2/data/ratis/5d7127c8-dcc4-4c2e-b4a6-0cd4c9d8759b
2022-05-17 16:32:53,738 [pool-239-thread-1] INFO  server.RaftServerConfigKeys (ConfUtils.java:logGet(44)) - raft.server.log.queue.byte-limit = 4294967296 (custom)
2022-05-17 16:32:53,738 [pool-239-thread-1] INFO  server.RaftServerConfigKeys (ConfUtils.java:logGet(44)) - raft.server.log.queue.element-limit = 1024 (custom)
2022-05-17 16:32:53,738 [pool-239-thread-1] INFO  server.RaftServerConfigKeys (ConfUtils.java:logGet(44)) - raft.server.log.segment.size.max = 1048576 (custom)
2022-05-17 16:32:53,738 [pool-239-thread-1] INFO  server.RaftServerConfigKeys (ConfUtils.java:logGet(44)) - raft.server.log.preallocated.size = 16384 (custom)
2022-05-17 16:32:53,738 [pool-239-thread-1] INFO  server.RaftServerConfigKeys (ConfUtils.java:logGet(44)) - raft.server.log.force.sync.num = 128 (default)
2022-05-17 16:32:53,739 [pool-239-thread-1] INFO  server.RaftServerConfigKeys (ConfUtils.java:logGet(44)) - raft.server.log.statemachine.data.sync = true (default)
2022-05-17 16:32:53,739 [pool-239-thread-1] INFO  server.RaftServerConfigKeys (ConfUtils.java:logGet(44)) - raft.server.log.statemachine.data.sync.timeout = 10s (default)
2022-05-17 16:32:53,739 [pool-239-thread-1] INFO  server.RaftServerConfigKeys (ConfUtils.java:logGet(44)) - raft.server.log.statemachine.data.sync.timeout.retry = -1 (default)
2022-05-17 16:32:53,740 [pool-239-thread-1] INFO  server.RaftServerConfigKeys (ConfUtils.java:logGet(44)) - raft.server.log.write.buffer.size = 1048576 (custom)
2022-05-17 16:32:53,741 [pool-239-thread-1] INFO  server.RaftServerConfigKeys (ConfUtils.java:logGet(44)) - raft.server.log.statemachine.data.caching.enabled = true (custom)
2022-05-17 16:32:53,741 [pool-239-thread-1] INFO  segmented.SegmentedRaftLogWorker (SegmentedRaftLogWorker.java:lambda$new$0(133)) - 4e74c47f-7ffe-4f6b-9cb5-76611437185b@group-0CD4C9D8759B-SegmentedRaftLogWorker: flushIndex: setUnconditionally 0 -> -1
2022-05-17 16:32:53,742 [pool-239-thread-1] INFO  segmented.SegmentedRaftLogWorker (SegmentedRaftLogWorker.java:lambda$new$0(133)) - 4e74c47f-7ffe-4f6b-9cb5-76611437185b@group-0CD4C9D8759B-SegmentedRaftLogWorker: safeCacheEvictIndex: setUnconditionally 0 -> -1
2022-05-17 16:32:53,761 [pool-239-thread-1] INFO  server.RaftServerConfigKeys (ConfUtils.java:logGet(44)) - raft.server.snapshot.auto.trigger.enabled = true (custom)
2022-05-17 16:32:53,762 [pool-239-thread-1] INFO  server.RaftServerConfigKeys (ConfUtils.java:logGet(44)) - raft.server.snapshot.auto.trigger.threshold = 10000 (custom)
2022-05-17 16:32:53,762 [pool-239-thread-1] INFO  server.RaftServerConfigKeys (ConfUtils.java:logGet(44)) - raft.server.snapshot.retention.file.num = 5 (custom)
2022-05-17 16:32:53,762 [pool-239-thread-1] INFO  server.RaftServerConfigKeys (ConfUtils.java:logGet(44)) - raft.server.log.purge.upto.snapshot.index = false (default)
2022-05-17 16:32:53,762 [pool-239-thread-1] INFO  server.RaftServerConfigKeys (ConfUtils.java:logGet(44)) - raft.server.retrycache.expirytime = 600000ms (custom)
2022-05-17 16:32:53,762 [pool-239-thread-1] INFO  server.RaftServerConfigKeys (ConfUtils.java:logGet(44)) - raft.server.retrycache.statistics.expirytime = 100μs (default)
2022-05-17 16:32:53,764 [pool-239-thread-1] INFO  server.RaftServer$Division (RaftServerImpl.java:start(301)) - 4e74c47f-7ffe-4f6b-9cb5-76611437185b@group-0CD4C9D8759B: start as a follower, conf=-1: [30550b8f-a9d4-437c-b8cc-b448e34549d3|rpc:10.1.0.54:38443|dataStream:|priority:0, b5f13583-f95a-429e-bfdc-163a9011ff98|rpc:10.1.0.54:46369|dataStream:|priority:0, 4e74c47f-7ffe-4f6b-9cb5-76611437185b|rpc:10.1.0.54:46655|dataStream:|priority:1], old=null
2022-05-17 16:32:53,764 [pool-239-thread-1] INFO  server.RaftServer$Division (RaftServerImpl.java:setRole(290)) - 4e74c47f-7ffe-4f6b-9cb5-76611437185b@group-0CD4C9D8759B: changes role from      null to FOLLOWER at term 0 for startAsFollower
2022-05-17 16:32:53,764 [pool-239-thread-1] INFO  impl.RoleInfo (RoleInfo.java:updateAndGet(130)) - 4e74c47f-7ffe-4f6b-9cb5-76611437185b: start 4e74c47f-7ffe-4f6b-9cb5-76611437185b@group-0CD4C9D8759B-FollowerState
2022-05-17 16:32:53,774 [pool-239-thread-1] INFO  util.JmxRegister (JmxRegister.java:tryRegister(44)) - Successfully registered JMX Bean with object name Ratis:service=RaftServer,group=group-0CD4C9D8759B,id=4e74c47f-7ffe-4f6b-9cb5-76611437185b
2022-05-17 16:32:53,812 [Command processor thread] INFO  commandhandler.CreatePipelineCommandHandler (CreatePipelineCommandHandler.java:handle(113)) - Created Pipeline RATIS THREE PipelineID=5d7127c8-dcc4-4c2e-b4a6-0cd4c9d8759b.
2022-05-17 16:32:54,014 [Command processor thread] INFO  server.RaftServer (RaftServerProxy.java:addNew(95)) - b5f13583-f95a-429e-bfdc-163a9011ff98: addNew group-3CB60377FE21:[b5f13583-f95a-429e-bfdc-163a9011ff98|rpc:10.1.0.54:46369|priority:1] returns group-3CB60377FE21:java.util.concurrent.CompletableFuture@47e7fced[Not completed]
2022-05-17 16:32:54,016 [pool-217-thread-1] INFO  server.RaftServer$Division (RaftServerImpl.java:<init>(184)) - b5f13583-f95a-429e-bfdc-163a9011ff98: new RaftServerImpl for group-3CB60377FE21:[b5f13583-f95a-429e-bfdc-163a9011ff98|rpc:10.1.0.54:46369|priority:1] with ContainerStateMachine:uninitialized
2022-05-17 16:32:54,016 [pool-217-thread-1] INFO  server.RaftServerConfigKeys (ConfUtils.java:logGet(44)) - raft.server.rpc.timeout.min = 5s (custom)
2022-05-17 16:32:54,016 [pool-217-thread-1] INFO  server.RaftServerConfigKeys (ConfUtils.java:logGet(44)) - raft.server.rpc.timeout.max = 5200ms (custom)
2022-05-17 16:32:54,016 [pool-217-thread-1] INFO  server.RaftServerConfigKeys (ConfUtils.java:logGet(44)) - raft.server.rpc.sleep.time = 25ms (default)
2022-05-17 16:32:54,016 [pool-217-thread-1] INFO  server.RaftServerConfigKeys (ConfUtils.java:logGet(44)) - raft.server.rpc.slowness.timeout = 300s (custom)
2022-05-17 16:32:54,016 [pool-217-thread-1] INFO  server.RaftServerConfigKeys (ConfUtils.java:logGet(44)) - raft.server.leaderelection.leader.step-down.wait-time = 10s (default)
2022-05-17 16:32:54,016 [pool-217-thread-1] INFO  server.RaftServerConfigKeys (ConfUtils.java:logGet(44)) - raft.server.sleep.deviation.threshold = 300ms (default)
2022-05-17 16:32:54,016 [pool-217-thread-1] INFO  server.RaftServerConfigKeys (ConfUtils.java:logGet(44)) - raft.server.log.appender.install.snapshot.enabled = false (custom)
2022-05-17 16:32:54,016 [pool-217-thread-1] INFO  server.RaftServer$Division (ServerState.java:<init>(105)) - b5f13583-f95a-429e-bfdc-163a9011ff98@group-3CB60377FE21: ConfigurationManager, init=-1: [b5f13583-f95a-429e-bfdc-163a9011ff98|rpc:10.1.0.54:46369|priority:1], old=null, confs=<EMPTY_MAP>
2022-05-17 16:32:54,016 [pool-217-thread-1] INFO  server.RaftServerConfigKeys (ConfUtils.java:logGet(44)) - raft.server.storage.dir = [/home/runner/work/ozone/ozone/hadoop-ozone/integration-test/target/test-dir/MiniOzoneClusterImpl-ffb562c6-b12a-49f0-b7f7-a82568f8c776/datanode-1/data/ratis] (custom)
2022-05-17 16:32:54,017 [pool-217-thread-1] INFO  server.RaftServerConfigKeys (ConfUtils.java:logGet(44)) - raft.server.log.corruption.policy = EXCEPTION (default)
2022-05-17 16:32:54,017 [pool-217-thread-1] INFO  server.RaftServerConfigKeys (ConfUtils.java:logGet(44)) - raft.server.storage.free-space.min = 0MB (=0) (default)
2022-05-17 16:32:54,017 [pool-217-thread-1] INFO  storage.RaftStorageDirectory (RaftStorageDirectoryImpl.java:analyzeStorage(135)) - The storage directory /home/runner/work/ozone/ozone/hadoop-ozone/integration-test/target/test-dir/MiniOzoneClusterImpl-ffb562c6-b12a-49f0-b7f7-a82568f8c776/datanode-1/data/ratis/7b3f4b36-1166-45ae-8f20-3cb60377fe21 does not exist. Creating ...
2022-05-17 16:32:54,020 [pool-217-thread-1] INFO  storage.RaftStorageDirectory (RaftStorageDirectoryImpl.java:tryLock(230)) - Lock on /home/runner/work/ozone/ozone/hadoop-ozone/integration-test/target/test-dir/MiniOzoneClusterImpl-ffb562c6-b12a-49f0-b7f7-a82568f8c776/datanode-1/data/ratis/7b3f4b36-1166-45ae-8f20-3cb60377fe21/in_use.lock acquired by nodename 17133@fv-az297-879
2022-05-17 16:32:54,021 [pool-217-thread-1] INFO  storage.RaftStorage (RaftStorageImpl.java:format(89)) - Storage directory /home/runner/work/ozone/ozone/hadoop-ozone/integration-test/target/test-dir/MiniOzoneClusterImpl-ffb562c6-b12a-49f0-b7f7-a82568f8c776/datanode-1/data/ratis/7b3f4b36-1166-45ae-8f20-3cb60377fe21 has been successfully formatted.
2022-05-17 16:32:54,022 [pool-217-thread-1] INFO  ratis.ContainerStateMachine (ContainerStateMachine.java:loadSnapshot(236)) - group-3CB60377FE21: The snapshot info is null. Setting the last applied indexto:(t:0, i:~)
2022-05-17 16:32:54,022 [pool-217-thread-1] INFO  server.RaftServerConfigKeys (ConfUtils.java:logGet(44)) - raft.server.notification.no-leader.timeout = 300s (custom)
2022-05-17 16:32:54,022 [pool-217-thread-1] INFO  server.RaftServerConfigKeys (ConfUtils.java:logGet(44)) - raft.server.log.use.memory = false (default)
2022-05-17 16:32:54,023 [pool-217-thread-1] INFO  server.RaftServerConfigKeys (ConfUtils.java:logGet(44)) - raft.server.log.purge.gap = 1000000 (custom)
2022-05-17 16:32:54,024 [EventQueue-PipelineReportForPipelineReportHandler] INFO  pipeline.PipelineManagerImpl (PipelineManagerImpl.java:openPipeline(336)) - Pipeline Pipeline[ Id: 7b3f4b36-1166-45ae-8f20-3cb60377fe21, Nodes: b5f13583-f95a-429e-bfdc-163a9011ff98{ip: 10.1.0.54, host: fv-az297-879.nmf1rxwemy4u5di1sxxf4ejcwb.jx.internal.cloudapp.net, ports: [REPLICATION=46763, RATIS=46369, RATIS_ADMIN=46369, RATIS_SERVER=46369, STANDALONE=44083], networkLocation: /default-rack, certSerialId: null, persistedOpState: IN_SERVICE, persistedOpStateExpiryEpochSec: 0}, ReplicationConfig: RATIS/ONE, State:ALLOCATED, leaderId:b5f13583-f95a-429e-bfdc-163a9011ff98, CreationTimestamp2022-05-17T16:32:51.019Z[Etc/UTC]] moved to OPEN state
2022-05-17 16:32:54,025 [EventQueue-OpenPipelineForHealthyPipelineSafeModeRule] INFO  safemode.SCMSafeModeManager (HealthyPipelineSafeModeRule.java:process(124)) - SCM in safe mode. Healthy pipelines reported count is 0, required healthy pipeline reported count is 1
2022-05-17 16:32:54,027 [pool-217-thread-1] INFO  server.RaftServerConfigKeys (ConfUtils.java:logGet(44)) - raft.server.log.appender.buffer.byte-limit = 33554432 (custom)
2022-05-17 16:32:54,032 [pool-217-thread-1] INFO  server.RaftServerConfigKeys (ConfUtils.java:logGet(44)) - raft.server.log.segment.size.max = 1048576 (custom)
2022-05-17 16:32:54,032 [pool-217-thread-1] INFO  server.RaftServerConfigKeys (ConfUtils.java:logGet(44)) - raft.server.log.segment.cache.num.max = 2 (custom)
2022-05-17 16:32:54,032 [pool-217-thread-1] INFO  server.RaftServerConfigKeys (ConfUtils.java:logGet(44)) - raft.server.log.segment.cache.size.max = 200MB (=209715200) (default)
2022-05-17 16:32:54,032 [pool-217-thread-1] INFO  segmented.SegmentedRaftLogWorker (SegmentedRaftLogWorker.java:<init>(182)) - new b5f13583-f95a-429e-bfdc-163a9011ff98@group-3CB60377FE21-SegmentedRaftLogWorker for RaftStorageImpl:Storage Directory /home/runner/work/ozone/ozone/hadoop-ozone/integration-test/target/test-dir/MiniOzoneClusterImpl-ffb562c6-b12a-49f0-b7f7-a82568f8c776/datanode-1/data/ratis/7b3f4b36-1166-45ae-8f20-3cb60377fe21
2022-05-17 16:32:54,033 [pool-217-thread-1] INFO  server.RaftServerConfigKeys (ConfUtils.java:logGet(44)) - raft.server.log.queue.byte-limit = 4294967296 (custom)
2022-05-17 16:32:54,033 [pool-217-thread-1] INFO  server.RaftServerConfigKeys (ConfUtils.java:logGet(44)) - raft.server.log.queue.element-limit = 1024 (custom)
2022-05-17 16:32:54,033 [pool-217-thread-1] INFO  server.RaftServerConfigKeys (ConfUtils.java:logGet(44)) - raft.server.log.segment.size.max = 1048576 (custom)
2022-05-17 16:32:54,033 [pool-217-thread-1] INFO  server.RaftServerConfigKeys (ConfUtils.java:logGet(44)) - raft.server.log.preallocated.size = 16384 (custom)
2022-05-17 16:32:54,033 [pool-217-thread-1] INFO  server.RaftServerConfigKeys (ConfUtils.java:logGet(44)) - raft.server.log.force.sync.num = 128 (default)
2022-05-17 16:32:54,033 [pool-217-thread-1] INFO  server.RaftServerConfigKeys (ConfUtils.java:logGet(44)) - raft.server.log.statemachine.data.sync = true (default)
2022-05-17 16:32:54,033 [pool-217-thread-1] INFO  server.RaftServerConfigKeys (ConfUtils.java:logGet(44)) - raft.server.log.statemachine.data.sync.timeout = 10s (default)
2022-05-17 16:32:54,033 [pool-217-thread-1] INFO  server.RaftServerConfigKeys (ConfUtils.java:logGet(44)) - raft.server.log.statemachine.data.sync.timeout.retry = -1 (default)
2022-05-17 16:32:54,034 [pool-217-thread-1] INFO  server.RaftServerConfigKeys (ConfUtils.java:logGet(44)) - raft.server.log.write.buffer.size = 1048576 (custom)
2022-05-17 16:32:54,035 [pool-217-thread-1] INFO  server.RaftServerConfigKeys (ConfUtils.java:logGet(44)) - raft.server.log.statemachine.data.caching.enabled = true (custom)
2022-05-17 16:32:54,035 [pool-217-thread-1] INFO  segmented.SegmentedRaftLogWorker (SegmentedRaftLogWorker.java:lambda$new$0(133)) - b5f13583-f95a-429e-bfdc-163a9011ff98@group-3CB60377FE21-SegmentedRaftLogWorker: flushIndex: setUnconditionally 0 -> -1
2022-05-17 16:32:54,035 [pool-217-thread-1] INFO  segmented.SegmentedRaftLogWorker (SegmentedRaftLogWorker.java:lambda$new$0(133)) - b5f13583-f95a-429e-bfdc-163a9011ff98@group-3CB60377FE21-SegmentedRaftLogWorker: safeCacheEvictIndex: setUnconditionally 0 -> -1
2022-05-17 16:32:54,049 [pool-217-thread-1] INFO  server.RaftServerConfigKeys (ConfUtils.java:logGet(44)) - raft.server.snapshot.auto.trigger.enabled = true (custom)
2022-05-17 16:32:54,050 [pool-217-thread-1] INFO  server.RaftServerConfigKeys (ConfUtils.java:logGet(44)) - raft.server.snapshot.auto.trigger.threshold = 10000 (custom)
2022-05-17 16:32:54,050 [pool-217-thread-1] INFO  server.RaftServerConfigKeys (ConfUtils.java:logGet(44)) - raft.server.snapshot.retention.file.num = 5 (custom)
2022-05-17 16:32:54,050 [pool-217-thread-1] INFO  server.RaftServerConfigKeys (ConfUtils.java:logGet(44)) - raft.server.log.purge.upto.snapshot.index = false (default)
2022-05-17 16:32:54,050 [pool-217-thread-1] INFO  server.RaftServerConfigKeys (ConfUtils.java:logGet(44)) - raft.server.retrycache.expirytime = 600000ms (custom)
2022-05-17 16:32:54,050 [pool-217-thread-1] INFO  server.RaftServerConfigKeys (ConfUtils.java:logGet(44)) - raft.server.retrycache.statistics.expirytime = 100μs (default)
2022-05-17 16:32:54,051 [pool-217-thread-1] INFO  server.RaftServer$Division (RaftServerImpl.java:start(301)) - b5f13583-f95a-429e-bfdc-163a9011ff98@group-3CB60377FE21: start as a follower, conf=-1: [b5f13583-f95a-429e-bfdc-163a9011ff98|rpc:10.1.0.54:46369|priority:1], old=null
2022-05-17 16:32:54,051 [pool-217-thread-1] INFO  server.RaftServer$Division (RaftServerImpl.java:setRole(290)) - b5f13583-f95a-429e-bfdc-163a9011ff98@group-3CB60377FE21: changes role from      null to FOLLOWER at term 0 for startAsFollower
2022-05-17 16:32:54,051 [pool-217-thread-1] INFO  impl.RoleInfo (RoleInfo.java:updateAndGet(130)) - b5f13583-f95a-429e-bfdc-163a9011ff98: start b5f13583-f95a-429e-bfdc-163a9011ff98@group-3CB60377FE21-FollowerState
2022-05-17 16:32:54,056 [pool-217-thread-1] INFO  util.JmxRegister (JmxRegister.java:tryRegister(44)) - Successfully registered JMX Bean with object name Ratis:service=RaftServer,group=group-3CB60377FE21,id=b5f13583-f95a-429e-bfdc-163a9011ff98
2022-05-17 16:32:54,060 [Command processor thread] INFO  ratis.XceiverServerRatis (XceiverServerRatis.java:addGroup(765)) - Created group PipelineID=7b3f4b36-1166-45ae-8f20-3cb60377fe21
2022-05-17 16:32:54,060 [Command processor thread] INFO  commandhandler.CreatePipelineCommandHandler (CreatePipelineCommandHandler.java:handle(113)) - Created Pipeline RATIS ONE PipelineID=7b3f4b36-1166-45ae-8f20-3cb60377fe21.
2022-05-17 16:32:54,675 [Listener at 127.0.0.1/37949] INFO  ozone.MiniOzoneClusterImpl (MiniOzoneClusterImpl.java:lambda$waitForClusterToBeReady$0(221)) - Nodes are ready. Got 3 of 3 DN Heartbeats.
2022-05-17 16:32:54,675 [Listener at 127.0.0.1/37949] INFO  ozone.MiniOzoneClusterImpl (MiniOzoneClusterImpl.java:lambda$waitForClusterToBeReady$0(224)) - Waiting for cluster to exit safe mode
2022-05-17 16:32:54,675 [Listener at 127.0.0.1/37949] INFO  ozone.MiniOzoneClusterImpl (MiniOzoneClusterImpl.java:lambda$waitForClusterToBeReady$0(226)) - SCM became leader
2022-05-17 16:32:54,681 [Command processor thread] INFO  server.RaftServer (RaftServerProxy.java:addNew(95)) - 4e74c47f-7ffe-4f6b-9cb5-76611437185b: addNew group-63F88BAEFE20:[4e74c47f-7ffe-4f6b-9cb5-76611437185b|rpc:10.1.0.54:46655|priority:1] returns group-63F88BAEFE20:java.util.concurrent.CompletableFuture@b6eecc8[Not completed]
2022-05-17 16:32:54,683 [pool-239-thread-1] INFO  server.RaftServer$Division (RaftServerImpl.java:<init>(184)) - 4e74c47f-7ffe-4f6b-9cb5-76611437185b: new RaftServerImpl for group-63F88BAEFE20:[4e74c47f-7ffe-4f6b-9cb5-76611437185b|rpc:10.1.0.54:46655|priority:1] with ContainerStateMachine:uninitialized
2022-05-17 16:32:54,683 [pool-239-thread-1] INFO  server.RaftServerConfigKeys (ConfUtils.java:logGet(44)) - raft.server.rpc.timeout.min = 5s (custom)
2022-05-17 16:32:54,683 [pool-239-thread-1] INFO  server.RaftServerConfigKeys (ConfUtils.java:logGet(44)) - raft.server.rpc.timeout.max = 5200ms (custom)
2022-05-17 16:32:54,683 [pool-239-thread-1] INFO  server.RaftServerConfigKeys (ConfUtils.java:logGet(44)) - raft.server.rpc.sleep.time = 25ms (default)
2022-05-17 16:32:54,683 [pool-239-thread-1] INFO  server.RaftServerConfigKeys (ConfUtils.java:logGet(44)) - raft.server.rpc.slowness.timeout = 300s (custom)
2022-05-17 16:32:54,683 [pool-239-thread-1] INFO  server.RaftServerConfigKeys (ConfUtils.java:logGet(44)) - raft.server.leaderelection.leader.step-down.wait-time = 10s (default)
2022-05-17 16:32:54,683 [pool-239-thread-1] INFO  server.RaftServerConfigKeys (ConfUtils.java:logGet(44)) - raft.server.sleep.deviation.threshold = 300ms (default)
2022-05-17 16:32:54,683 [pool-239-thread-1] INFO  server.RaftServerConfigKeys (ConfUtils.java:logGet(44)) - raft.server.log.appender.install.snapshot.enabled = false (custom)
2022-05-17 16:32:54,683 [pool-239-thread-1] INFO  server.RaftServer$Division (ServerState.java:<init>(105)) - 4e74c47f-7ffe-4f6b-9cb5-76611437185b@group-63F88BAEFE20: ConfigurationManager, init=-1: [4e74c47f-7ffe-4f6b-9cb5-76611437185b|rpc:10.1.0.54:46655|priority:1], old=null, confs=<EMPTY_MAP>
2022-05-17 16:32:54,683 [pool-239-thread-1] INFO  server.RaftServerConfigKeys (ConfUtils.java:logGet(44)) - raft.server.storage.dir = [/home/runner/work/ozone/ozone/hadoop-ozone/integration-test/target/test-dir/MiniOzoneClusterImpl-ffb562c6-b12a-49f0-b7f7-a82568f8c776/datanode-2/data/ratis] (custom)
2022-05-17 16:32:54,684 [pool-239-thread-1] INFO  server.RaftServerConfigKeys (ConfUtils.java:logGet(44)) - raft.server.log.corruption.policy = EXCEPTION (default)
2022-05-17 16:32:54,684 [pool-239-thread-1] INFO  server.RaftServerConfigKeys (ConfUtils.java:logGet(44)) - raft.server.storage.free-space.min = 0MB (=0) (default)
2022-05-17 16:32:54,684 [pool-239-thread-1] INFO  storage.RaftStorageDirectory (RaftStorageDirectoryImpl.java:analyzeStorage(135)) - The storage directory /home/runner/work/ozone/ozone/hadoop-ozone/integration-test/target/test-dir/MiniOzoneClusterImpl-ffb562c6-b12a-49f0-b7f7-a82568f8c776/datanode-2/data/ratis/83fb6a50-c0bd-4c48-9ffb-63f88baefe20 does not exist. Creating ...
2022-05-17 16:32:54,686 [pool-239-thread-1] INFO  storage.RaftStorageDirectory (RaftStorageDirectoryImpl.java:tryLock(230)) - Lock on /home/runner/work/ozone/ozone/hadoop-ozone/integration-test/target/test-dir/MiniOzoneClusterImpl-ffb562c6-b12a-49f0-b7f7-a82568f8c776/datanode-2/data/ratis/83fb6a50-c0bd-4c48-9ffb-63f88baefe20/in_use.lock acquired by nodename 17133@fv-az297-879
2022-05-17 16:32:54,688 [pool-239-thread-1] INFO  storage.RaftStorage (RaftStorageImpl.java:format(89)) - Storage directory /home/runner/work/ozone/ozone/hadoop-ozone/integration-test/target/test-dir/MiniOzoneClusterImpl-ffb562c6-b12a-49f0-b7f7-a82568f8c776/datanode-2/data/ratis/83fb6a50-c0bd-4c48-9ffb-63f88baefe20 has been successfully formatted.
2022-05-17 16:32:54,690 [EventQueue-PipelineReportForPipelineReportHandler] INFO  pipeline.PipelineManagerImpl (PipelineManagerImpl.java:openPipeline(336)) - Pipeline Pipeline[ Id: 83fb6a50-c0bd-4c48-9ffb-63f88baefe20, Nodes: 4e74c47f-7ffe-4f6b-9cb5-76611437185b{ip: 10.1.0.54, host: fv-az297-879.nmf1rxwemy4u5di1sxxf4ejcwb.jx.internal.cloudapp.net, ports: [REPLICATION=34665, RATIS=46655, RATIS_ADMIN=46655, RATIS_SERVER=46655, STANDALONE=37111], networkLocation: /default-rack, certSerialId: null, persistedOpState: IN_SERVICE, persistedOpStateExpiryEpochSec: 0}, ReplicationConfig: RATIS/ONE, State:ALLOCATED, leaderId:4e74c47f-7ffe-4f6b-9cb5-76611437185b, CreationTimestamp2022-05-17T16:32:51.690Z[Etc/UTC]] moved to OPEN state
2022-05-17 16:32:54,691 [EventQueue-OpenPipelineForHealthyPipelineSafeModeRule] INFO  safemode.SCMSafeModeManager (HealthyPipelineSafeModeRule.java:process(124)) - SCM in safe mode. Healthy pipelines reported count is 0, required healthy pipeline reported count is 1
2022-05-17 16:32:54,692 [pool-239-thread-1] INFO  ratis.ContainerStateMachine (ContainerStateMachine.java:loadSnapshot(236)) - group-63F88BAEFE20: The snapshot info is null. Setting the last applied indexto:(t:0, i:~)
2022-05-17 16:32:54,693 [pool-239-thread-1] INFO  server.RaftServerConfigKeys (ConfUtils.java:logGet(44)) - raft.server.notification.no-leader.timeout = 300s (custom)
2022-05-17 16:32:54,693 [pool-239-thread-1] INFO  server.RaftServerConfigKeys (ConfUtils.java:logGet(44)) - raft.server.log.use.memory = false (default)
2022-05-17 16:32:54,693 [pool-239-thread-1] INFO  server.RaftServerConfigKeys (ConfUtils.java:logGet(44)) - raft.server.log.purge.gap = 1000000 (custom)
2022-05-17 16:32:54,693 [pool-239-thread-1] INFO  server.RaftServerConfigKeys (ConfUtils.java:logGet(44)) - raft.server.log.appender.buffer.byte-limit = 33554432 (custom)
2022-05-17 16:32:54,694 [pool-239-thread-1] INFO  server.RaftServerConfigKeys (ConfUtils.java:logGet(44)) - raft.server.log.segment.size.max = 1048576 (custom)
2022-05-17 16:32:54,694 [pool-239-thread-1] INFO  server.RaftServerConfigKeys (ConfUtils.java:logGet(44)) - raft.server.log.segment.cache.num.max = 2 (custom)
2022-05-17 16:32:54,694 [pool-239-thread-1] INFO  server.RaftServerConfigKeys (ConfUtils.java:logGet(44)) - raft.server.log.segment.cache.size.max = 200MB (=209715200) (default)
2022-05-17 16:32:54,694 [pool-239-thread-1] INFO  segmented.SegmentedRaftLogWorker (SegmentedRaftLogWorker.java:<init>(182)) - new 4e74c47f-7ffe-4f6b-9cb5-76611437185b@group-63F88BAEFE20-SegmentedRaftLogWorker for RaftStorageImpl:Storage Directory /home/runner/work/ozone/ozone/hadoop-ozone/integration-test/target/test-dir/MiniOzoneClusterImpl-ffb562c6-b12a-49f0-b7f7-a82568f8c776/datanode-2/data/ratis/83fb6a50-c0bd-4c48-9ffb-63f88baefe20
2022-05-17 16:32:54,694 [pool-239-thread-1] INFO  server.RaftServerConfigKeys (ConfUtils.java:logGet(44)) - raft.server.log.queue.byte-limit = 4294967296 (custom)
2022-05-17 16:32:54,695 [pool-239-thread-1] INFO  server.RaftServerConfigKeys (ConfUtils.java:logGet(44)) - raft.server.log.queue.element-limit = 1024 (custom)
2022-05-17 16:32:54,695 [pool-239-thread-1] INFO  server.RaftServerConfigKeys (ConfUtils.java:logGet(44)) - raft.server.log.segment.size.max = 1048576 (custom)
2022-05-17 16:32:54,695 [pool-239-thread-1] INFO  server.RaftServerConfigKeys (ConfUtils.java:logGet(44)) - raft.server.log.preallocated.size = 16384 (custom)
2022-05-17 16:32:54,695 [pool-239-thread-1] INFO  server.RaftServerConfigKeys (ConfUtils.java:logGet(44)) - raft.server.log.force.sync.num = 128 (default)
2022-05-17 16:32:54,695 [pool-239-thread-1] INFO  server.RaftServerConfigKeys (ConfUtils.java:logGet(44)) - raft.server.log.statemachine.data.sync = true (default)
2022-05-17 16:32:54,695 [pool-239-thread-1] INFO  server.RaftServerConfigKeys (ConfUtils.java:logGet(44)) - raft.server.log.statemachine.data.sync.timeout = 10s (default)
2022-05-17 16:32:54,695 [pool-239-thread-1] INFO  server.RaftServerConfigKeys (ConfUtils.java:logGet(44)) - raft.server.log.statemachine.data.sync.timeout.retry = -1 (default)
2022-05-17 16:32:54,697 [pool-239-thread-1] INFO  server.RaftServerConfigKeys (ConfUtils.java:logGet(44)) - raft.server.log.write.buffer.size = 1048576 (custom)
2022-05-17 16:32:54,697 [pool-239-thread-1] INFO  server.RaftServerConfigKeys (ConfUtils.java:logGet(44)) - raft.server.log.statemachine.data.caching.enabled = true (custom)
2022-05-17 16:32:54,698 [pool-239-thread-1] INFO  segmented.SegmentedRaftLogWorker (SegmentedRaftLogWorker.java:lambda$new$0(133)) - 4e74c47f-7ffe-4f6b-9cb5-76611437185b@group-63F88BAEFE20-SegmentedRaftLogWorker: flushIndex: setUnconditionally 0 -> -1
2022-05-17 16:32:54,698 [pool-239-thread-1] INFO  segmented.SegmentedRaftLogWorker (SegmentedRaftLogWorker.java:lambda$new$0(133)) - 4e74c47f-7ffe-4f6b-9cb5-76611437185b@group-63F88BAEFE20-SegmentedRaftLogWorker: safeCacheEvictIndex: setUnconditionally 0 -> -1
2022-05-17 16:32:54,698 [pool-239-thread-1] INFO  server.RaftServerConfigKeys (ConfUtils.java:logGet(44)) - raft.server.snapshot.auto.trigger.enabled = true (custom)
2022-05-17 16:32:54,698 [pool-239-thread-1] INFO  server.RaftServerConfigKeys (ConfUtils.java:logGet(44)) - raft.server.snapshot.auto.trigger.threshold = 10000 (custom)
2022-05-17 16:32:54,698 [pool-239-thread-1] INFO  server.RaftServerConfigKeys (ConfUtils.java:logGet(44)) - raft.server.snapshot.retention.file.num = 5 (custom)
2022-05-17 16:32:54,699 [pool-239-thread-1] INFO  server.RaftServerConfigKeys (ConfUtils.java:logGet(44)) - raft.server.log.purge.upto.snapshot.index = false (default)
2022-05-17 16:32:54,699 [pool-239-thread-1] INFO  server.RaftServerConfigKeys (ConfUtils.java:logGet(44)) - raft.server.retrycache.expirytime = 600000ms (custom)
2022-05-17 16:32:54,699 [pool-239-thread-1] INFO  server.RaftServerConfigKeys (ConfUtils.java:logGet(44)) - raft.server.retrycache.statistics.expirytime = 100μs (default)
2022-05-17 16:32:54,714 [pool-239-thread-1] INFO  server.RaftServer$Division (RaftServerImpl.java:start(301)) - 4e74c47f-7ffe-4f6b-9cb5-76611437185b@group-63F88BAEFE20: start as a follower, conf=-1: [4e74c47f-7ffe-4f6b-9cb5-76611437185b|rpc:10.1.0.54:46655|priority:1], old=null
2022-05-17 16:32:54,714 [pool-239-thread-1] INFO  server.RaftServer$Division (RaftServerImpl.java:setRole(290)) - 4e74c47f-7ffe-4f6b-9cb5-76611437185b@group-63F88BAEFE20: changes role from      null to FOLLOWER at term 0 for startAsFollower
2022-05-17 16:32:54,714 [pool-239-thread-1] INFO  impl.RoleInfo (RoleInfo.java:updateAndGet(130)) - 4e74c47f-7ffe-4f6b-9cb5-76611437185b: start 4e74c47f-7ffe-4f6b-9cb5-76611437185b@group-63F88BAEFE20-FollowerState
2022-05-17 16:32:54,728 [pool-239-thread-1] INFO  util.JmxRegister (JmxRegister.java:tryRegister(44)) - Successfully registered JMX Bean with object name Ratis:service=RaftServer,group=group-63F88BAEFE20,id=4e74c47f-7ffe-4f6b-9cb5-76611437185b
2022-05-17 16:32:54,730 [Command processor thread] INFO  ratis.XceiverServerRatis (XceiverServerRatis.java:addGroup(765)) - Created group PipelineID=83fb6a50-c0bd-4c48-9ffb-63f88baefe20
2022-05-17 16:32:54,730 [Command processor thread] INFO  commandhandler.CreatePipelineCommandHandler (CreatePipelineCommandHandler.java:handle(113)) - Created Pipeline RATIS ONE PipelineID=83fb6a50-c0bd-4c48-9ffb-63f88baefe20.
2022-05-17 16:32:55,675 [Listener at 127.0.0.1/37949] INFO  ozone.MiniOzoneClusterImpl (MiniOzoneClusterImpl.java:lambda$waitForClusterToBeReady$0(221)) - Nodes are ready. Got 3 of 3 DN Heartbeats.
2022-05-17 16:32:55,676 [Listener at 127.0.0.1/37949] INFO  ozone.MiniOzoneClusterImpl (MiniOzoneClusterImpl.java:lambda$waitForClusterToBeReady$0(224)) - Waiting for cluster to exit safe mode
2022-05-17 16:32:55,676 [Listener at 127.0.0.1/37949] INFO  ozone.MiniOzoneClusterImpl (MiniOzoneClusterImpl.java:lambda$waitForClusterToBeReady$0(226)) - SCM became leader
2022-05-17 16:32:56,676 [Listener at 127.0.0.1/37949] INFO  ozone.MiniOzoneClusterImpl (MiniOzoneClusterImpl.java:lambda$waitForClusterToBeReady$0(221)) - Nodes are ready. Got 3 of 3 DN Heartbeats.
2022-05-17 16:32:56,676 [Listener at 127.0.0.1/37949] INFO  ozone.MiniOzoneClusterImpl (MiniOzoneClusterImpl.java:lambda$waitForClusterToBeReady$0(224)) - Waiting for cluster to exit safe mode
2022-05-17 16:32:56,676 [Listener at 127.0.0.1/37949] INFO  ozone.MiniOzoneClusterImpl (MiniOzoneClusterImpl.java:lambda$waitForClusterToBeReady$0(226)) - SCM became leader
2022-05-17 16:32:57,677 [Listener at 127.0.0.1/37949] INFO  ozone.MiniOzoneClusterImpl (MiniOzoneClusterImpl.java:lambda$waitForClusterToBeReady$0(221)) - Nodes are ready. Got 3 of 3 DN Heartbeats.
2022-05-17 16:32:57,677 [Listener at 127.0.0.1/37949] INFO  ozone.MiniOzoneClusterImpl (MiniOzoneClusterImpl.java:lambda$waitForClusterToBeReady$0(224)) - Waiting for cluster to exit safe mode
2022-05-17 16:32:57,677 [Listener at 127.0.0.1/37949] INFO  ozone.MiniOzoneClusterImpl (MiniOzoneClusterImpl.java:lambda$waitForClusterToBeReady$0(226)) - SCM became leader
2022-05-17 16:32:58,243 [30550b8f-a9d4-437c-b8cc-b448e34549d3@group-34E19CD71AE7-FollowerState] INFO  impl.FollowerState (FollowerState.java:run(134)) - 30550b8f-a9d4-437c-b8cc-b448e34549d3@group-34E19CD71AE7-FollowerState: change to CANDIDATE, lastRpcElapsedTime:5028176052ns, electionTimeout:5022ms
2022-05-17 16:32:58,243 [30550b8f-a9d4-437c-b8cc-b448e34549d3@group-34E19CD71AE7-FollowerState] INFO  impl.RoleInfo (RoleInfo.java:shutdownFollowerState(108)) - 30550b8f-a9d4-437c-b8cc-b448e34549d3: shutdown 30550b8f-a9d4-437c-b8cc-b448e34549d3@group-34E19CD71AE7-FollowerState
2022-05-17 16:32:58,243 [30550b8f-a9d4-437c-b8cc-b448e34549d3@group-34E19CD71AE7-FollowerState] INFO  server.RaftServer$Division (RaftServerImpl.java:setRole(290)) - 30550b8f-a9d4-437c-b8cc-b448e34549d3@group-34E19CD71AE7: changes role from  FOLLOWER to CANDIDATE at term 0 for changeToCandidate
2022-05-17 16:32:58,246 [30550b8f-a9d4-437c-b8cc-b448e34549d3@group-34E19CD71AE7-FollowerState] INFO  server.RaftServerConfigKeys (ConfUtils.java:logGet(44)) - raft.server.leaderelection.pre-vote = false (custom)
2022-05-17 16:32:58,246 [30550b8f-a9d4-437c-b8cc-b448e34549d3@group-34E19CD71AE7-FollowerState] INFO  impl.RoleInfo (RoleInfo.java:updateAndGet(130)) - 30550b8f-a9d4-437c-b8cc-b448e34549d3: start 30550b8f-a9d4-437c-b8cc-b448e34549d3@group-34E19CD71AE7-LeaderElection11
2022-05-17 16:32:58,256 [30550b8f-a9d4-437c-b8cc-b448e34549d3@group-34E19CD71AE7-LeaderElection11] INFO  impl.LeaderElection (LeaderElection.java:askForVotes(306)) - 30550b8f-a9d4-437c-b8cc-b448e34549d3@group-34E19CD71AE7-LeaderElection11 ELECTION round 0: submit vote requests at term 1 for -1: [30550b8f-a9d4-437c-b8cc-b448e34549d3|rpc:10.1.0.54:38443|priority:1], old=null
2022-05-17 16:32:58,256 [30550b8f-a9d4-437c-b8cc-b448e34549d3@group-34E19CD71AE7-LeaderElection11] INFO  impl.LeaderElection (LeaderElection.java:askForVotes(308)) - 30550b8f-a9d4-437c-b8cc-b448e34549d3@group-34E19CD71AE7-LeaderElection11 ELECTION round 0: result PASSED (term=1)
2022-05-17 16:32:58,256 [30550b8f-a9d4-437c-b8cc-b448e34549d3@group-34E19CD71AE7-LeaderElection11] INFO  impl.RoleInfo (RoleInfo.java:shutdownLeaderElection(121)) - 30550b8f-a9d4-437c-b8cc-b448e34549d3: shutdown 30550b8f-a9d4-437c-b8cc-b448e34549d3@group-34E19CD71AE7-LeaderElection11
2022-05-17 16:32:58,256 [30550b8f-a9d4-437c-b8cc-b448e34549d3@group-34E19CD71AE7-LeaderElection11] INFO  server.RaftServer$Division (RaftServerImpl.java:setRole(290)) - 30550b8f-a9d4-437c-b8cc-b448e34549d3@group-34E19CD71AE7: changes role from CANDIDATE to LEADER at term 1 for changeToLeader
2022-05-17 16:32:58,256 [30550b8f-a9d4-437c-b8cc-b448e34549d3@group-34E19CD71AE7-LeaderElection11] INFO  ratis.XceiverServerRatis (XceiverServerRatis.java:handleLeaderChangedNotification(863)) - Leader change notification received for group: group-34E19CD71AE7 with new leaderId: 30550b8f-a9d4-437c-b8cc-b448e34549d3
2022-05-17 16:32:58,258 [30550b8f-a9d4-437c-b8cc-b448e34549d3@group-34E19CD71AE7-LeaderElection11] INFO  server.RaftServer$Division (ServerState.java:setLeader(285)) - 30550b8f-a9d4-437c-b8cc-b448e34549d3@group-34E19CD71AE7: change Leader from null to 30550b8f-a9d4-437c-b8cc-b448e34549d3 at term 1 for becomeLeader, leader elected after 5064ms
2022-05-17 16:32:58,258 [30550b8f-a9d4-437c-b8cc-b448e34549d3@group-34E19CD71AE7-LeaderElection11] INFO  server.RaftServerConfigKeys (ConfUtils.java:logGet(44)) - raft.server.staging.catchup.gap = 1000 (default)
2022-05-17 16:32:58,258 [30550b8f-a9d4-437c-b8cc-b448e34549d3@group-34E19CD71AE7-LeaderElection11] INFO  server.RaftServerConfigKeys (ConfUtils.java:logGet(44)) - raft.server.write.element-limit = 1024 (custom)
2022-05-17 16:32:58,258 [30550b8f-a9d4-437c-b8cc-b448e34549d3@group-34E19CD71AE7-LeaderElection11] INFO  server.RaftServerConfigKeys (ConfUtils.java:logGet(44)) - raft.server.write.byte-limit = 1024 M (=1073741824) (custom)
2022-05-17 16:32:58,258 [30550b8f-a9d4-437c-b8cc-b448e34549d3@group-34E19CD71AE7-LeaderElection11] INFO  server.RaftServerConfigKeys (ConfUtils.java:logGet(44)) - raft.server.watch.timeout = 180s (custom)
2022-05-17 16:32:58,258 [30550b8f-a9d4-437c-b8cc-b448e34549d3@group-34E19CD71AE7-LeaderElection11] INFO  server.RaftServerConfigKeys (ConfUtils.java:logGet(44)) - raft.server.watch.timeout.denomination = 1s (default)
2022-05-17 16:32:58,258 [30550b8f-a9d4-437c-b8cc-b448e34549d3@group-34E19CD71AE7-LeaderElection11] INFO  server.RaftServerConfigKeys (ConfUtils.java:logGet(44)) - raft.server.watch.element-limit = 65536 (default)
2022-05-17 16:32:58,259 [30550b8f-a9d4-437c-b8cc-b448e34549d3@group-34E19CD71AE7-LeaderElection11] INFO  server.RaftServerConfigKeys (ConfUtils.java:logGet(44)) - raft.server.write.element-limit = 1024 (custom)
2022-05-17 16:32:58,259 [30550b8f-a9d4-437c-b8cc-b448e34549d3@group-34E19CD71AE7-LeaderElection11] INFO  server.RaftServerConfigKeys (ConfUtils.java:logGet(44)) - raft.server.write.follower.gap.ratio.max = -1.0 (default)
2022-05-17 16:32:58,259 [30550b8f-a9d4-437c-b8cc-b448e34549d3@group-34E19CD71AE7-LeaderElection11] INFO  impl.RoleInfo (RoleInfo.java:updateAndGet(130)) - 30550b8f-a9d4-437c-b8cc-b448e34549d3: start 30550b8f-a9d4-437c-b8cc-b448e34549d3@group-34E19CD71AE7-LeaderStateImpl
2022-05-17 16:32:58,259 [30550b8f-a9d4-437c-b8cc-b448e34549d3@group-34E19CD71AE7-LeaderElection11] INFO  segmented.SegmentedRaftLogWorker (SegmentedRaftLogWorker.java:startLogSegment(394)) - 30550b8f-a9d4-437c-b8cc-b448e34549d3@group-34E19CD71AE7-SegmentedRaftLogWorker: Starting segment from index:0
2022-05-17 16:32:58,260 [EventQueue-OpenPipelineForHealthyPipelineSafeModeRule] INFO  safemode.SCMSafeModeManager (HealthyPipelineSafeModeRule.java:process(124)) - SCM in safe mode. Healthy pipelines reported count is 0, required healthy pipeline reported count is 1
2022-05-17 16:32:58,262 [30550b8f-a9d4-437c-b8cc-b448e34549d3@group-34E19CD71AE7-SegmentedRaftLogWorker] INFO  segmented.SegmentedRaftLogWorker (SegmentedRaftLogWorker.java:execute(601)) - 30550b8f-a9d4-437c-b8cc-b448e34549d3@group-34E19CD71AE7-SegmentedRaftLogWorker: created new log segment /home/runner/work/ozone/ozone/hadoop-ozone/integration-test/target/test-dir/MiniOzoneClusterImpl-ffb562c6-b12a-49f0-b7f7-a82568f8c776/datanode-0/data/ratis/bb1319b1-76e1-43e4-b89b-34e19cd71ae7/current/log_inprogress_0
2022-05-17 16:32:58,272 [30550b8f-a9d4-437c-b8cc-b448e34549d3@group-34E19CD71AE7-LeaderElection11] INFO  server.RaftServer$Division (ServerState.java:setRaftConf(387)) - 30550b8f-a9d4-437c-b8cc-b448e34549d3@group-34E19CD71AE7: set configuration 0: [30550b8f-a9d4-437c-b8cc-b448e34549d3|rpc:10.1.0.54:38443|dataStream:|priority:1], old=null
2022-05-17 16:32:58,305 [30550b8f-a9d4-437c-b8cc-b448e34549d3@group-E706869FCEA1-FollowerState] INFO  impl.FollowerState (FollowerState.java:run(134)) - 30550b8f-a9d4-437c-b8cc-b448e34549d3@group-E706869FCEA1-FollowerState: change to CANDIDATE, lastRpcElapsedTime:5050968941ns, electionTimeout:5039ms
2022-05-17 16:32:58,306 [30550b8f-a9d4-437c-b8cc-b448e34549d3@group-E706869FCEA1-FollowerState] INFO  impl.RoleInfo (RoleInfo.java:shutdownFollowerState(108)) - 30550b8f-a9d4-437c-b8cc-b448e34549d3: shutdown 30550b8f-a9d4-437c-b8cc-b448e34549d3@group-E706869FCEA1-FollowerState
2022-05-17 16:32:58,306 [30550b8f-a9d4-437c-b8cc-b448e34549d3@group-E706869FCEA1-FollowerState] INFO  server.RaftServer$Division (RaftServerImpl.java:setRole(290)) - 30550b8f-a9d4-437c-b8cc-b448e34549d3@group-E706869FCEA1: changes role from  FOLLOWER to CANDIDATE at term 0 for changeToCandidate
2022-05-17 16:32:58,306 [30550b8f-a9d4-437c-b8cc-b448e34549d3@group-E706869FCEA1-FollowerState] INFO  server.RaftServerConfigKeys (ConfUtils.java:logGet(44)) - raft.server.leaderelection.pre-vote = false (custom)
2022-05-17 16:32:58,306 [30550b8f-a9d4-437c-b8cc-b448e34549d3@group-E706869FCEA1-FollowerState] INFO  impl.RoleInfo (RoleInfo.java:updateAndGet(130)) - 30550b8f-a9d4-437c-b8cc-b448e34549d3: start 30550b8f-a9d4-437c-b8cc-b448e34549d3@group-E706869FCEA1-LeaderElection12
2022-05-17 16:32:58,321 [30550b8f-a9d4-437c-b8cc-b448e34549d3@group-E706869FCEA1-LeaderElection12] INFO  impl.LeaderElection (LeaderElection.java:askForVotes(306)) - 30550b8f-a9d4-437c-b8cc-b448e34549d3@group-E706869FCEA1-LeaderElection12 ELECTION round 0: submit vote requests at term 1 for -1: [30550b8f-a9d4-437c-b8cc-b448e34549d3|rpc:10.1.0.54:38443|priority:1, 4e74c47f-7ffe-4f6b-9cb5-76611437185b|rpc:10.1.0.54:46655|priority:0, b5f13583-f95a-429e-bfdc-163a9011ff98|rpc:10.1.0.54:46369|priority:0], old=null
2022-05-17 16:32:58,346 [grpc-default-executor-0] INFO  server.RaftServer$Division (RaftServerImpl.java:requestVote(1046)) - 4e74c47f-7ffe-4f6b-9cb5-76611437185b@group-E706869FCEA1: receive requestVote(ELECTION, 30550b8f-a9d4-437c-b8cc-b448e34549d3, group-E706869FCEA1, 1, (t:0, i:0))
2022-05-17 16:32:58,346 [grpc-default-executor-0] INFO  impl.VoteContext (VoteContext.java:log(48)) - 4e74c47f-7ffe-4f6b-9cb5-76611437185b@group-E706869FCEA1-FOLLOWER: accept ELECTION from 30550b8f-a9d4-437c-b8cc-b448e34549d3: our priority 0 <= candidate's priority 1
2022-05-17 16:32:58,346 [grpc-default-executor-0] INFO  server.RaftServer$Division (RaftServerImpl.java:setRole(290)) - 4e74c47f-7ffe-4f6b-9cb5-76611437185b@group-E706869FCEA1: changes role from  FOLLOWER to FOLLOWER at term 1 for candidate:30550b8f-a9d4-437c-b8cc-b448e34549d3
2022-05-17 16:32:58,346 [grpc-default-executor-0] INFO  impl.RoleInfo (RoleInfo.java:shutdownFollowerState(108)) - 4e74c47f-7ffe-4f6b-9cb5-76611437185b: shutdown 4e74c47f-7ffe-4f6b-9cb5-76611437185b@group-E706869FCEA1-FollowerState
2022-05-17 16:32:58,346 [grpc-default-executor-0] INFO  impl.RoleInfo (RoleInfo.java:updateAndGet(130)) - 4e74c47f-7ffe-4f6b-9cb5-76611437185b: start 4e74c47f-7ffe-4f6b-9cb5-76611437185b@group-E706869FCEA1-FollowerState
2022-05-17 16:32:58,346 [4e74c47f-7ffe-4f6b-9cb5-76611437185b@group-E706869FCEA1-FollowerState] INFO  impl.FollowerState (FollowerState.java:run(143)) - 4e74c47f-7ffe-4f6b-9cb5-76611437185b@group-E706869FCEA1-FollowerState was interrupted: {}
java.lang.InterruptedException: sleep interrupted
	at java.lang.Thread.sleep(Native Method)
	at java.lang.Thread.sleep(Thread.java:342)
	at java.util.concurrent.TimeUnit.sleep(TimeUnit.java:386)
	at org.apache.ratis.util.TimeDuration.sleep(TimeDuration.java:324)
	at org.apache.ratis.util.TimeDuration.sleep(TimeDuration.java:309)
	at org.apache.ratis.server.impl.FollowerState.run(FollowerState.java:118)
2022-05-17 16:32:58,354 [grpc-default-executor-0] INFO  server.RaftServer$Division (RaftServerImpl.java:requestVote(1078)) - 4e74c47f-7ffe-4f6b-9cb5-76611437185b@group-E706869FCEA1 replies to ELECTION vote request: 30550b8f-a9d4-437c-b8cc-b448e34549d3<-4e74c47f-7ffe-4f6b-9cb5-76611437185b#0:OK-t1. Peer's state: 4e74c47f-7ffe-4f6b-9cb5-76611437185b@group-E706869FCEA1:t1, leader=null, voted=30550b8f-a9d4-437c-b8cc-b448e34549d3, raftlog=4e74c47f-7ffe-4f6b-9cb5-76611437185b@group-E706869FCEA1-SegmentedRaftLog:OPENED:c-1, conf=-1: [30550b8f-a9d4-437c-b8cc-b448e34549d3|rpc:10.1.0.54:38443|dataStream:|priority:1, 4e74c47f-7ffe-4f6b-9cb5-76611437185b|rpc:10.1.0.54:46655|dataStream:|priority:0, b5f13583-f95a-429e-bfdc-163a9011ff98|rpc:10.1.0.54:46369|dataStream:|priority:0], old=null
2022-05-17 16:32:58,357 [30550b8f-a9d4-437c-b8cc-b448e34549d3@group-E706869FCEA1-LeaderElection12] INFO  impl.LeaderElection (LeaderElection.java:logAndReturn(89)) - 30550b8f-a9d4-437c-b8cc-b448e34549d3@group-E706869FCEA1-LeaderElection12: ELECTION PASSED received 1 response(s) and 0 exception(s):
2022-05-17 16:32:58,357 [30550b8f-a9d4-437c-b8cc-b448e34549d3@group-E706869FCEA1-LeaderElection12] INFO  impl.LeaderElection (LeaderElection.java:logAndReturn(93)) -   Response 0: 30550b8f-a9d4-437c-b8cc-b448e34549d3<-4e74c47f-7ffe-4f6b-9cb5-76611437185b#0:OK-t1
2022-05-17 16:32:58,357 [30550b8f-a9d4-437c-b8cc-b448e34549d3@group-E706869FCEA1-LeaderElection12] INFO  impl.LeaderElection (LeaderElection.java:askForVotes(308)) - 30550b8f-a9d4-437c-b8cc-b448e34549d3@group-E706869FCEA1-LeaderElection12 ELECTION round 0: result PASSED
2022-05-17 16:32:58,357 [30550b8f-a9d4-437c-b8cc-b448e34549d3@group-E706869FCEA1-LeaderElection12] INFO  impl.RoleInfo (RoleInfo.java:shutdownLeaderElection(121)) - 30550b8f-a9d4-437c-b8cc-b448e34549d3: shutdown 30550b8f-a9d4-437c-b8cc-b448e34549d3@group-E706869FCEA1-LeaderElection12
2022-05-17 16:32:58,358 [30550b8f-a9d4-437c-b8cc-b448e34549d3@group-E706869FCEA1-LeaderElection12] INFO  server.RaftServer$Division (RaftServerImpl.java:setRole(290)) - 30550b8f-a9d4-437c-b8cc-b448e34549d3@group-E706869FCEA1: changes role from CANDIDATE to LEADER at term 1 for changeToLeader
2022-05-17 16:32:58,358 [30550b8f-a9d4-437c-b8cc-b448e34549d3@group-E706869FCEA1-LeaderElection12] INFO  ratis.XceiverServerRatis (XceiverServerRatis.java:handleLeaderChangedNotification(863)) - Leader change notification received for group: group-E706869FCEA1 with new leaderId: 30550b8f-a9d4-437c-b8cc-b448e34549d3
2022-05-17 16:32:58,358 [30550b8f-a9d4-437c-b8cc-b448e34549d3@group-E706869FCEA1-LeaderElection12] INFO  server.RaftServer$Division (ServerState.java:setLeader(285)) - 30550b8f-a9d4-437c-b8cc-b448e34549d3@group-E706869FCEA1: change Leader from null to 30550b8f-a9d4-437c-b8cc-b448e34549d3 at term 1 for becomeLeader, leader elected after 5118ms
2022-05-17 16:32:58,358 [30550b8f-a9d4-437c-b8cc-b448e34549d3@group-E706869FCEA1-LeaderElection12] INFO  server.RaftServerConfigKeys (ConfUtils.java:logGet(44)) - raft.server.staging.catchup.gap = 1000 (default)
2022-05-17 16:32:58,358 [30550b8f-a9d4-437c-b8cc-b448e34549d3@group-E706869FCEA1-LeaderElection12] INFO  server.RaftServerConfigKeys (ConfUtils.java:logGet(44)) - raft.server.write.element-limit = 1024 (custom)
2022-05-17 16:32:58,358 [30550b8f-a9d4-437c-b8cc-b448e34549d3@group-E706869FCEA1-LeaderElection12] INFO  server.RaftServerConfigKeys (ConfUtils.java:logGet(44)) - raft.server.write.byte-limit = 1024 M (=1073741824) (custom)
2022-05-17 16:32:58,359 [30550b8f-a9d4-437c-b8cc-b448e34549d3@group-E706869FCEA1-LeaderElection12] INFO  server.RaftServerConfigKeys (ConfUtils.java:logGet(44)) - raft.server.watch.timeout = 180s (custom)
2022-05-17 16:32:58,359 [30550b8f-a9d4-437c-b8cc-b448e34549d3@group-E706869FCEA1-LeaderElection12] INFO  server.RaftServerConfigKeys (ConfUtils.java:logGet(44)) - raft.server.watch.timeout.denomination = 1s (default)
2022-05-17 16:32:58,359 [30550b8f-a9d4-437c-b8cc-b448e34549d3@group-E706869FCEA1-LeaderElection12] INFO  server.RaftServerConfigKeys (ConfUtils.java:logGet(44)) - raft.server.watch.element-limit = 65536 (default)
2022-05-17 16:32:58,359 [30550b8f-a9d4-437c-b8cc-b448e34549d3@group-E706869FCEA1-LeaderElection12] INFO  server.RaftServerConfigKeys (ConfUtils.java:logGet(44)) - raft.server.write.element-limit = 1024 (custom)
2022-05-17 16:32:58,359 [30550b8f-a9d4-437c-b8cc-b448e34549d3@group-E706869FCEA1-LeaderElection12] INFO  server.RaftServerConfigKeys (ConfUtils.java:logGet(44)) - raft.server.write.follower.gap.ratio.max = -1.0 (default)
2022-05-17 16:32:58,359 [30550b8f-a9d4-437c-b8cc-b448e34549d3@group-E706869FCEA1-LeaderElection12] INFO  server.RaftServerConfigKeys (ConfUtils.java:logGet(44)) - raft.server.log.appender.snapshot.chunk.size.max = 16MB (=16777216) (default)
2022-05-17 16:32:58,359 [30550b8f-a9d4-437c-b8cc-b448e34549d3@group-E706869FCEA1-LeaderElection12] INFO  server.RaftServerConfigKeys (ConfUtils.java:logGet(44)) - raft.server.log.appender.buffer.byte-limit = 33554432 (custom)
2022-05-17 16:32:58,360 [30550b8f-a9d4-437c-b8cc-b448e34549d3@group-E706869FCEA1-LeaderElection12] INFO  server.RaftServerConfigKeys (ConfUtils.java:logGet(44)) - raft.server.log.appender.buffer.element-limit = 1 (custom)
2022-05-17 16:32:58,360 [30550b8f-a9d4-437c-b8cc-b448e34549d3@group-E706869FCEA1-LeaderElection12] INFO  grpc.GrpcConfigKeys (ConfUtils.java:logGet(44)) - raft.grpc.server.leader.outstanding.appends.max = 128 (default)
2022-05-17 16:32:58,360 [30550b8f-a9d4-437c-b8cc-b448e34549d3@group-E706869FCEA1-LeaderElection12] INFO  server.RaftServerConfigKeys (ConfUtils.java:logGet(44)) - raft.server.rpc.request.timeout = 60s (custom)
2022-05-17 16:32:58,360 [30550b8f-a9d4-437c-b8cc-b448e34549d3@group-E706869FCEA1-LeaderElection12] INFO  server.RaftServerConfigKeys (ConfUtils.java:logGet(44)) - raft.server.log.appender.install.snapshot.enabled = false (custom)
2022-05-17 16:32:58,362 [EventQueue-PipelineReportForPipelineReportHandler] INFO  pipeline.PipelineManagerImpl (PipelineManagerImpl.java:openPipeline(336)) - Pipeline Pipeline[ Id: 6a6b35d9-3cf1-4f02-8e22-e706869fcea1, Nodes: 4e74c47f-7ffe-4f6b-9cb5-76611437185b{ip: 10.1.0.54, host: fv-az297-879.nmf1rxwemy4u5di1sxxf4ejcwb.jx.internal.cloudapp.net, ports: [REPLICATION=34665, RATIS=46655, RATIS_ADMIN=46655, RATIS_SERVER=46655, STANDALONE=37111], networkLocation: /default-rack, certSerialId: null, persistedOpState: IN_SERVICE, persistedOpStateExpiryEpochSec: 0}b5f13583-f95a-429e-bfdc-163a9011ff98{ip: 10.1.0.54, host: fv-az297-879.nmf1rxwemy4u5di1sxxf4ejcwb.jx.internal.cloudapp.net, ports: [REPLICATION=46763, RATIS=46369, RATIS_ADMIN=46369, RATIS_SERVER=46369, STANDALONE=44083], networkLocation: /default-rack, certSerialId: null, persistedOpState: IN_SERVICE, persistedOpStateExpiryEpochSec: 0}30550b8f-a9d4-437c-b8cc-b448e34549d3{ip: 10.1.0.54, host: fv-az297-879.nmf1rxwemy4u5di1sxxf4ejcwb.jx.internal.cloudapp.net, ports: [REPLICATION=36249, RATIS=38443, RATIS_ADMIN=38443, RATIS_SERVER=38443, STANDALONE=32831], networkLocation: /default-rack, certSerialId: null, persistedOpState: IN_SERVICE, persistedOpStateExpiryEpochSec: 0}, ReplicationConfig: RATIS/THREE, State:ALLOCATED, leaderId:30550b8f-a9d4-437c-b8cc-b448e34549d3, CreationTimestamp2022-05-17T16:32:51.693Z[Etc/UTC]] moved to OPEN state
2022-05-17 16:32:58,375 [30550b8f-a9d4-437c-b8cc-b448e34549d3@group-E706869FCEA1-LeaderElection12] INFO  server.RaftServerConfigKeys (ConfUtils.java:logGet(44)) - raft.server.log.appender.snapshot.chunk.size.max = 16MB (=16777216) (default)
2022-05-17 16:32:58,375 [30550b8f-a9d4-437c-b8cc-b448e34549d3@group-E706869FCEA1-LeaderElection12] INFO  server.RaftServerConfigKeys (ConfUtils.java:logGet(44)) - raft.server.log.appender.buffer.byte-limit = 33554432 (custom)
2022-05-17 16:32:58,375 [30550b8f-a9d4-437c-b8cc-b448e34549d3@group-E706869FCEA1-LeaderElection12] INFO  server.RaftServerConfigKeys (ConfUtils.java:logGet(44)) - raft.server.log.appender.buffer.element-limit = 1 (custom)
2022-05-17 16:32:58,375 [30550b8f-a9d4-437c-b8cc-b448e34549d3@group-E706869FCEA1-LeaderElection12] INFO  grpc.GrpcConfigKeys (ConfUtils.java:logGet(44)) - raft.grpc.server.leader.outstanding.appends.max = 128 (default)
2022-05-17 16:32:58,375 [30550b8f-a9d4-437c-b8cc-b448e34549d3@group-E706869FCEA1-LeaderElection12] INFO  server.RaftServerConfigKeys (ConfUtils.java:logGet(44)) - raft.server.rpc.request.timeout = 60s (custom)
2022-05-17 16:32:58,376 [30550b8f-a9d4-437c-b8cc-b448e34549d3@group-E706869FCEA1-LeaderElection12] INFO  server.RaftServerConfigKeys (ConfUtils.java:logGet(44)) - raft.server.log.appender.install.snapshot.enabled = false (custom)
2022-05-17 16:32:58,377 [30550b8f-a9d4-437c-b8cc-b448e34549d3@group-E706869FCEA1-LeaderElection12] INFO  impl.RoleInfo (RoleInfo.java:updateAndGet(130)) - 30550b8f-a9d4-437c-b8cc-b448e34549d3: start 30550b8f-a9d4-437c-b8cc-b448e34549d3@group-E706869FCEA1-LeaderStateImpl
2022-05-17 16:32:58,377 [30550b8f-a9d4-437c-b8cc-b448e34549d3@group-E706869FCEA1-LeaderElection12] INFO  segmented.SegmentedRaftLogWorker (SegmentedRaftLogWorker.java:startLogSegment(394)) - 30550b8f-a9d4-437c-b8cc-b448e34549d3@group-E706869FCEA1-SegmentedRaftLogWorker: Starting segment from index:0
2022-05-17 16:32:58,381 [grpc-default-executor-0] INFO  server.RaftServer$Division (RaftServerImpl.java:requestVote(1046)) - b5f13583-f95a-429e-bfdc-163a9011ff98@group-E706869FCEA1: receive requestVote(ELECTION, 30550b8f-a9d4-437c-b8cc-b448e34549d3, group-E706869FCEA1, 1, (t:0, i:0))
2022-05-17 16:32:58,381 [grpc-default-executor-0] INFO  impl.VoteContext (VoteContext.java:log(48)) - b5f13583-f95a-429e-bfdc-163a9011ff98@group-E706869FCEA1-FOLLOWER: accept ELECTION from 30550b8f-a9d4-437c-b8cc-b448e34549d3: our priority 0 <= candidate's priority 1
2022-05-17 16:32:58,381 [grpc-default-executor-0] INFO  server.RaftServer$Division (RaftServerImpl.java:setRole(290)) - b5f13583-f95a-429e-bfdc-163a9011ff98@group-E706869FCEA1: changes role from  FOLLOWER to FOLLOWER at term 1 for candidate:30550b8f-a9d4-437c-b8cc-b448e34549d3
2022-05-17 16:32:58,381 [grpc-default-executor-0] INFO  impl.RoleInfo (RoleInfo.java:shutdownFollowerState(108)) - b5f13583-f95a-429e-bfdc-163a9011ff98: shutdown b5f13583-f95a-429e-bfdc-163a9011ff98@group-E706869FCEA1-FollowerState
2022-05-17 16:32:58,382 [EventQueue-OpenPipelineForHealthyPipelineSafeModeRule] INFO  safemode.SCMSafeModeManager (HealthyPipelineSafeModeRule.java:process(124)) - SCM in safe mode. Healthy pipelines reported count is 1, required healthy pipeline reported count is 1
2022-05-17 16:32:58,382 [EventQueue-OpenPipelineForHealthyPipelineSafeModeRule] INFO  safemode.SCMSafeModeManager (SCMSafeModeManager.java:validateSafeModeExitRules(204)) - HealthyPipelineSafeModeRule rule is successfully validated
2022-05-17 16:32:58,382 [EventQueue-OpenPipelineForHealthyPipelineSafeModeRule] INFO  safemode.SCMSafeModeManager (SCMSafeModeManager.java:validateSafeModeExitRules(219)) - ScmSafeModeManager, all rules are successfully validated
2022-05-17 16:32:58,382 [EventQueue-OpenPipelineForHealthyPipelineSafeModeRule] INFO  safemode.SCMSafeModeManager (SCMSafeModeManager.java:exitSafeMode(248)) - SCM exiting safe mode.
2022-05-17 16:32:58,382 [EventQueue-OpenPipelineForHealthyPipelineSafeModeRule] WARN  events.EventQueue (EventQueue.java:fireEvent(194)) - No event handler registered for event TypedEvent{payloadType=SafeModeStatus, name='Safe mode status'}
2022-05-17 16:32:58,382 [EventQueue-OpenPipelineForHealthyPipelineSafeModeRule] INFO  ha.SCMContext (SCMContext.java:updateSafeModeStatus(211)) - Update SafeModeStatus from SafeModeStatus{safeModeStatus=true, preCheckPassed=true} to SafeModeStatus{safeModeStatus=false, preCheckPassed=true}.
2022-05-17 16:32:58,382 [EventQueue-OpenPipelineForHealthyPipelineSafeModeRule] INFO  pipeline.BackgroundPipelineCreator (BackgroundPipelineCreator.java:notifyStatusChanged(251)) - Service BackgroundPipelineCreator transitions to RUNNING.
2022-05-17 16:32:58,382 [EventQueue-OpenPipelineForHealthyPipelineSafeModeRule] INFO  pipeline.BackgroundPipelineScrubber (BackgroundPipelineScrubber.java:notifyStatusChanged(88)) - Service BackgroundPipelineScrubber transitions to RUNNING.
2022-05-17 16:32:58,383 [EventQueue-OpenPipelineForHealthyPipelineSafeModeRule] INFO  replication.ReplicationManager (ReplicationManager.java:notifyStatusChanged(369)) - Service ReplicationManager transitions to RUNNING.
2022-05-17 16:32:58,383 [grpc-default-executor-0] INFO  impl.RoleInfo (RoleInfo.java:updateAndGet(130)) - b5f13583-f95a-429e-bfdc-163a9011ff98: start b5f13583-f95a-429e-bfdc-163a9011ff98@group-E706869FCEA1-FollowerState
2022-05-17 16:32:58,385 [b5f13583-f95a-429e-bfdc-163a9011ff98@group-E706869FCEA1-FollowerState] INFO  impl.FollowerState (FollowerState.java:run(143)) - b5f13583-f95a-429e-bfdc-163a9011ff98@group-E706869FCEA1-FollowerState was interrupted: {}
java.lang.InterruptedException: sleep interrupted
	at java.lang.Thread.sleep(Native Method)
	at java.lang.Thread.sleep(Thread.java:342)
	at java.util.concurrent.TimeUnit.sleep(TimeUnit.java:386)
	at org.apache.ratis.util.TimeDuration.sleep(TimeDuration.java:324)
	at org.apache.ratis.util.TimeDuration.sleep(TimeDuration.java:309)
	at org.apache.ratis.server.impl.FollowerState.run(FollowerState.java:118)
2022-05-17 16:32:58,386 [30550b8f-a9d4-437c-b8cc-b448e34549d3@group-E706869FCEA1-SegmentedRaftLogWorker] INFO  segmented.SegmentedRaftLogWorker (SegmentedRaftLogWorker.java:execute(601)) - 30550b8f-a9d4-437c-b8cc-b448e34549d3@group-E706869FCEA1-SegmentedRaftLogWorker: created new log segment /home/runner/work/ozone/ozone/hadoop-ozone/integration-test/target/test-dir/MiniOzoneClusterImpl-ffb562c6-b12a-49f0-b7f7-a82568f8c776/datanode-0/data/ratis/6a6b35d9-3cf1-4f02-8e22-e706869fcea1/current/log_inprogress_0
2022-05-17 16:32:58,391 [grpc-default-executor-0] INFO  server.RaftServer$Division (RaftServerImpl.java:requestVote(1078)) - b5f13583-f95a-429e-bfdc-163a9011ff98@group-E706869FCEA1 replies to ELECTION vote request: 30550b8f-a9d4-437c-b8cc-b448e34549d3<-b5f13583-f95a-429e-bfdc-163a9011ff98#0:OK-t1. Peer's state: b5f13583-f95a-429e-bfdc-163a9011ff98@group-E706869FCEA1:t1, leader=null, voted=30550b8f-a9d4-437c-b8cc-b448e34549d3, raftlog=b5f13583-f95a-429e-bfdc-163a9011ff98@group-E706869FCEA1-SegmentedRaftLog:OPENED:c-1, conf=-1: [30550b8f-a9d4-437c-b8cc-b448e34549d3|rpc:10.1.0.54:38443|dataStream:|priority:1, 4e74c47f-7ffe-4f6b-9cb5-76611437185b|rpc:10.1.0.54:46655|dataStream:|priority:0, b5f13583-f95a-429e-bfdc-163a9011ff98|rpc:10.1.0.54:46369|dataStream:|priority:0], old=null
2022-05-17 16:32:58,414 [30550b8f-a9d4-437c-b8cc-b448e34549d3@group-E706869FCEA1-LeaderElection12] INFO  server.RaftServer$Division (ServerState.java:setRaftConf(387)) - 30550b8f-a9d4-437c-b8cc-b448e34549d3@group-E706869FCEA1: set configuration 0: [30550b8f-a9d4-437c-b8cc-b448e34549d3|rpc:10.1.0.54:38443|dataStream:|priority:1, 4e74c47f-7ffe-4f6b-9cb5-76611437185b|rpc:10.1.0.54:46655|dataStream:|priority:0, b5f13583-f95a-429e-bfdc-163a9011ff98|rpc:10.1.0.54:46369|dataStream:|priority:0], old=null
2022-05-17 16:32:58,428 [grpc-default-executor-0] INFO  ratis.XceiverServerRatis (XceiverServerRatis.java:handleLeaderChangedNotification(863)) - Leader change notification received for group: group-E706869FCEA1 with new leaderId: 30550b8f-a9d4-437c-b8cc-b448e34549d3
2022-05-17 16:32:58,429 [grpc-default-executor-0] INFO  server.RaftServer$Division (ServerState.java:setLeader(285)) - b5f13583-f95a-429e-bfdc-163a9011ff98@group-E706869FCEA1: change Leader from null to 30550b8f-a9d4-437c-b8cc-b448e34549d3 at term 1 for appendEntries, leader elected after 4982ms
2022-05-17 16:32:58,454 [grpc-default-executor-0] INFO  server.RaftServer$Division (ServerState.java:setRaftConf(387)) - b5f13583-f95a-429e-bfdc-163a9011ff98@group-E706869FCEA1: set configuration 0: [30550b8f-a9d4-437c-b8cc-b448e34549d3|rpc:10.1.0.54:38443|dataStream:|priority:1, 4e74c47f-7ffe-4f6b-9cb5-76611437185b|rpc:10.1.0.54:46655|dataStream:|priority:0, b5f13583-f95a-429e-bfdc-163a9011ff98|rpc:10.1.0.54:46369|dataStream:|priority:0], old=null
2022-05-17 16:32:58,455 [grpc-default-executor-0] INFO  segmented.SegmentedRaftLogWorker (SegmentedRaftLogWorker.java:startLogSegment(394)) - b5f13583-f95a-429e-bfdc-163a9011ff98@group-E706869FCEA1-SegmentedRaftLogWorker: Starting segment from index:0
2022-05-17 16:32:58,458 [b5f13583-f95a-429e-bfdc-163a9011ff98@group-E706869FCEA1-SegmentedRaftLogWorker] INFO  segmented.SegmentedRaftLogWorker (SegmentedRaftLogWorker.java:execute(601)) - b5f13583-f95a-429e-bfdc-163a9011ff98@group-E706869FCEA1-SegmentedRaftLogWorker: created new log segment /home/runner/work/ozone/ozone/hadoop-ozone/integration-test/target/test-dir/MiniOzoneClusterImpl-ffb562c6-b12a-49f0-b7f7-a82568f8c776/datanode-1/data/ratis/6a6b35d9-3cf1-4f02-8e22-e706869fcea1/current/log_inprogress_0
2022-05-17 16:32:58,459 [grpc-default-executor-1] INFO  ratis.XceiverServerRatis (XceiverServerRatis.java:handleLeaderChangedNotification(863)) - Leader change notification received for group: group-E706869FCEA1 with new leaderId: 30550b8f-a9d4-437c-b8cc-b448e34549d3
2022-05-17 16:32:58,471 [grpc-default-executor-1] INFO  server.RaftServer$Division (ServerState.java:setLeader(285)) - 4e74c47f-7ffe-4f6b-9cb5-76611437185b@group-E706869FCEA1: change Leader from null to 30550b8f-a9d4-437c-b8cc-b448e34549d3 at term 1 for appendEntries, leader elected after 5119ms
2022-05-17 16:32:58,482 [grpc-default-executor-1] INFO  server.RaftServer$Division (ServerState.java:setRaftConf(387)) - 4e74c47f-7ffe-4f6b-9cb5-76611437185b@group-E706869FCEA1: set configuration 0: [30550b8f-a9d4-437c-b8cc-b448e34549d3|rpc:10.1.0.54:38443|dataStream:|priority:1, 4e74c47f-7ffe-4f6b-9cb5-76611437185b|rpc:10.1.0.54:46655|dataStream:|priority:0, b5f13583-f95a-429e-bfdc-163a9011ff98|rpc:10.1.0.54:46369|dataStream:|priority:0], old=null
2022-05-17 16:32:58,483 [grpc-default-executor-1] INFO  segmented.SegmentedRaftLogWorker (SegmentedRaftLogWorker.java:startLogSegment(394)) - 4e74c47f-7ffe-4f6b-9cb5-76611437185b@group-E706869FCEA1-SegmentedRaftLogWorker: Starting segment from index:0
2022-05-17 16:32:58,484 [4e74c47f-7ffe-4f6b-9cb5-76611437185b@group-E706869FCEA1-SegmentedRaftLogWorker] INFO  segmented.SegmentedRaftLogWorker (SegmentedRaftLogWorker.java:execute(601)) - 4e74c47f-7ffe-4f6b-9cb5-76611437185b@group-E706869FCEA1-SegmentedRaftLogWorker: created new log segment /home/runner/work/ozone/ozone/hadoop-ozone/integration-test/target/test-dir/MiniOzoneClusterImpl-ffb562c6-b12a-49f0-b7f7-a82568f8c776/datanode-2/data/ratis/6a6b35d9-3cf1-4f02-8e22-e706869fcea1/current/log_inprogress_0
2022-05-17 16:32:58,621 [30550b8f-a9d4-437c-b8cc-b448e34549d3@group-0CD4C9D8759B-FollowerState] INFO  impl.FollowerState (FollowerState.java:run(134)) - 30550b8f-a9d4-437c-b8cc-b448e34549d3@group-0CD4C9D8759B-FollowerState: change to CANDIDATE, lastRpcElapsedTime:5120065813ns, electionTimeout:5119ms
2022-05-17 16:32:58,621 [30550b8f-a9d4-437c-b8cc-b448e34549d3@group-0CD4C9D8759B-FollowerState] INFO  impl.RoleInfo (RoleInfo.java:shutdownFollowerState(108)) - 30550b8f-a9d4-437c-b8cc-b448e34549d3: shutdown 30550b8f-a9d4-437c-b8cc-b448e34549d3@group-0CD4C9D8759B-FollowerState
2022-05-17 16:32:58,621 [30550b8f-a9d4-437c-b8cc-b448e34549d3@group-0CD4C9D8759B-FollowerState] INFO  server.RaftServer$Division (RaftServerImpl.java:setRole(290)) - 30550b8f-a9d4-437c-b8cc-b448e34549d3@group-0CD4C9D8759B: changes role from  FOLLOWER to CANDIDATE at term 0 for changeToCandidate
2022-05-17 16:32:58,622 [30550b8f-a9d4-437c-b8cc-b448e34549d3@group-0CD4C9D8759B-FollowerState] INFO  server.RaftServerConfigKeys (ConfUtils.java:logGet(44)) - raft.server.leaderelection.pre-vote = false (custom)
2022-05-17 16:32:58,622 [30550b8f-a9d4-437c-b8cc-b448e34549d3@group-0CD4C9D8759B-FollowerState] INFO  impl.RoleInfo (RoleInfo.java:updateAndGet(130)) - 30550b8f-a9d4-437c-b8cc-b448e34549d3: start 30550b8f-a9d4-437c-b8cc-b448e34549d3@group-0CD4C9D8759B-LeaderElection13
2022-05-17 16:32:58,639 [30550b8f-a9d4-437c-b8cc-b448e34549d3@group-0CD4C9D8759B-LeaderElection13] INFO  impl.LeaderElection (LeaderElection.java:askForVotes(306)) - 30550b8f-a9d4-437c-b8cc-b448e34549d3@group-0CD4C9D8759B-LeaderElection13 ELECTION round 0: submit vote requests at term 1 for -1: [30550b8f-a9d4-437c-b8cc-b448e34549d3|rpc:10.1.0.54:38443|priority:0, b5f13583-f95a-429e-bfdc-163a9011ff98|rpc:10.1.0.54:46369|priority:0, 4e74c47f-7ffe-4f6b-9cb5-76611437185b|rpc:10.1.0.54:46655|priority:1], old=null
2022-05-17 16:32:58,647 [grpc-default-executor-1] INFO  server.RaftServer$Division (RaftServerImpl.java:requestVote(1046)) - b5f13583-f95a-429e-bfdc-163a9011ff98@group-0CD4C9D8759B: receive requestVote(ELECTION, 30550b8f-a9d4-437c-b8cc-b448e34549d3, group-0CD4C9D8759B, 1, (t:0, i:0))
2022-05-17 16:32:58,647 [grpc-default-executor-1] INFO  impl.VoteContext (VoteContext.java:log(48)) - b5f13583-f95a-429e-bfdc-163a9011ff98@group-0CD4C9D8759B-FOLLOWER: accept ELECTION from 30550b8f-a9d4-437c-b8cc-b448e34549d3: our priority 0 <= candidate's priority 0
2022-05-17 16:32:58,647 [grpc-default-executor-1] INFO  server.RaftServer$Division (RaftServerImpl.java:setRole(290)) - b5f13583-f95a-429e-bfdc-163a9011ff98@group-0CD4C9D8759B: changes role from  FOLLOWER to FOLLOWER at term 1 for candidate:30550b8f-a9d4-437c-b8cc-b448e34549d3
2022-05-17 16:32:58,647 [grpc-default-executor-1] INFO  impl.RoleInfo (RoleInfo.java:shutdownFollowerState(108)) - b5f13583-f95a-429e-bfdc-163a9011ff98: shutdown b5f13583-f95a-429e-bfdc-163a9011ff98@group-0CD4C9D8759B-FollowerState
2022-05-17 16:32:58,647 [grpc-default-executor-1] INFO  impl.RoleInfo (RoleInfo.java:updateAndGet(130)) - b5f13583-f95a-429e-bfdc-163a9011ff98: start b5f13583-f95a-429e-bfdc-163a9011ff98@group-0CD4C9D8759B-FollowerState
2022-05-17 16:32:58,647 [b5f13583-f95a-429e-bfdc-163a9011ff98@group-0CD4C9D8759B-FollowerState] INFO  impl.FollowerState (FollowerState.java:run(143)) - b5f13583-f95a-429e-bfdc-163a9011ff98@group-0CD4C9D8759B-FollowerState was interrupted: {}
java.lang.InterruptedException: sleep interrupted
	at java.lang.Thread.sleep(Native Method)
	at java.lang.Thread.sleep(Thread.java:342)
	at java.util.concurrent.TimeUnit.sleep(TimeUnit.java:386)
	at org.apache.ratis.util.TimeDuration.sleep(TimeDuration.java:324)
	at org.apache.ratis.util.TimeDuration.sleep(TimeDuration.java:309)
	at org.apache.ratis.server.impl.FollowerState.run(FollowerState.java:118)
2022-05-17 16:32:58,657 [grpc-default-executor-2] INFO  server.RaftServer$Division (RaftServerImpl.java:requestVote(1046)) - 4e74c47f-7ffe-4f6b-9cb5-76611437185b@group-0CD4C9D8759B: receive requestVote(ELECTION, 30550b8f-a9d4-437c-b8cc-b448e34549d3, group-0CD4C9D8759B, 1, (t:0, i:0))
2022-05-17 16:32:58,657 [grpc-default-executor-2] INFO  impl.VoteContext (VoteContext.java:log(48)) - 4e74c47f-7ffe-4f6b-9cb5-76611437185b@group-0CD4C9D8759B-FOLLOWER: reject ELECTION from 30550b8f-a9d4-437c-b8cc-b448e34549d3: our priority 1 > candidate's priority 0
2022-05-17 16:32:58,657 [grpc-default-executor-1] INFO  server.RaftServer$Division (RaftServerImpl.java:requestVote(1078)) - b5f13583-f95a-429e-bfdc-163a9011ff98@group-0CD4C9D8759B replies to ELECTION vote request: 30550b8f-a9d4-437c-b8cc-b448e34549d3<-b5f13583-f95a-429e-bfdc-163a9011ff98#0:OK-t1. Peer's state: b5f13583-f95a-429e-bfdc-163a9011ff98@group-0CD4C9D8759B:t1, leader=null, voted=30550b8f-a9d4-437c-b8cc-b448e34549d3, raftlog=b5f13583-f95a-429e-bfdc-163a9011ff98@group-0CD4C9D8759B-SegmentedRaftLog:OPENED:c-1, conf=-1: [30550b8f-a9d4-437c-b8cc-b448e34549d3|rpc:10.1.0.54:38443|dataStream:|priority:0, b5f13583-f95a-429e-bfdc-163a9011ff98|rpc:10.1.0.54:46369|dataStream:|priority:0, 4e74c47f-7ffe-4f6b-9cb5-76611437185b|rpc:10.1.0.54:46655|dataStream:|priority:1], old=null
2022-05-17 16:32:58,657 [grpc-default-executor-2] INFO  server.RaftServer$Division (RaftServerImpl.java:setRole(290)) - 4e74c47f-7ffe-4f6b-9cb5-76611437185b@group-0CD4C9D8759B: changes role from  FOLLOWER to FOLLOWER at term 1 for candidate:30550b8f-a9d4-437c-b8cc-b448e34549d3
2022-05-17 16:32:58,657 [grpc-default-executor-2] INFO  impl.RoleInfo (RoleInfo.java:shutdownFollowerState(108)) - 4e74c47f-7ffe-4f6b-9cb5-76611437185b: shutdown 4e74c47f-7ffe-4f6b-9cb5-76611437185b@group-0CD4C9D8759B-FollowerState
2022-05-17 16:32:58,658 [grpc-default-executor-2] INFO  impl.RoleInfo (RoleInfo.java:updateAndGet(130)) - 4e74c47f-7ffe-4f6b-9cb5-76611437185b: start 4e74c47f-7ffe-4f6b-9cb5-76611437185b@group-0CD4C9D8759B-FollowerState
2022-05-17 16:32:58,659 [4e74c47f-7ffe-4f6b-9cb5-76611437185b@group-0CD4C9D8759B-FollowerState] INFO  impl.FollowerState (FollowerState.java:run(143)) - 4e74c47f-7ffe-4f6b-9cb5-76611437185b@group-0CD4C9D8759B-FollowerState was interrupted: {}
java.lang.InterruptedException: sleep interrupted
	at java.lang.Thread.sleep(Native Method)
	at java.lang.Thread.sleep(Thread.java:342)
	at java.util.concurrent.TimeUnit.sleep(TimeUnit.java:386)
	at org.apache.ratis.util.TimeDuration.sleep(TimeDuration.java:324)
	at org.apache.ratis.util.TimeDuration.sleep(TimeDuration.java:309)
	at org.apache.ratis.server.impl.FollowerState.run(FollowerState.java:118)
2022-05-17 16:32:58,662 [grpc-default-executor-2] INFO  server.RaftServer$Division (RaftServerImpl.java:requestVote(1078)) - 4e74c47f-7ffe-4f6b-9cb5-76611437185b@group-0CD4C9D8759B replies to ELECTION vote request: 30550b8f-a9d4-437c-b8cc-b448e34549d3<-4e74c47f-7ffe-4f6b-9cb5-76611437185b#0:FAIL-t1. Peer's state: 4e74c47f-7ffe-4f6b-9cb5-76611437185b@group-0CD4C9D8759B:t1, leader=null, voted=null, raftlog=4e74c47f-7ffe-4f6b-9cb5-76611437185b@group-0CD4C9D8759B-SegmentedRaftLog:OPENED:c-1, conf=-1: [30550b8f-a9d4-437c-b8cc-b448e34549d3|rpc:10.1.0.54:38443|dataStream:|priority:0, b5f13583-f95a-429e-bfdc-163a9011ff98|rpc:10.1.0.54:46369|dataStream:|priority:0, 4e74c47f-7ffe-4f6b-9cb5-76611437185b|rpc:10.1.0.54:46655|dataStream:|priority:1], old=null
2022-05-17 16:32:58,674 [30550b8f-a9d4-437c-b8cc-b448e34549d3@group-0CD4C9D8759B-LeaderElection13] INFO  impl.LeaderElection (LeaderElection.java:logAndReturn(89)) - 30550b8f-a9d4-437c-b8cc-b448e34549d3@group-0CD4C9D8759B-LeaderElection13: ELECTION REJECTED received 2 response(s) and 0 exception(s):
2022-05-17 16:32:58,675 [30550b8f-a9d4-437c-b8cc-b448e34549d3@group-0CD4C9D8759B-LeaderElection13] INFO  impl.LeaderElection (LeaderElection.java:logAndReturn(93)) -   Response 0: 30550b8f-a9d4-437c-b8cc-b448e34549d3<-b5f13583-f95a-429e-bfdc-163a9011ff98#0:OK-t1
2022-05-17 16:32:58,675 [30550b8f-a9d4-437c-b8cc-b448e34549d3@group-0CD4C9D8759B-LeaderElection13] INFO  impl.LeaderElection (LeaderElection.java:logAndReturn(93)) -   Response 1: 30550b8f-a9d4-437c-b8cc-b448e34549d3<-4e74c47f-7ffe-4f6b-9cb5-76611437185b#0:FAIL-t1
2022-05-17 16:32:58,675 [30550b8f-a9d4-437c-b8cc-b448e34549d3@group-0CD4C9D8759B-LeaderElection13] INFO  impl.LeaderElection (LeaderElection.java:askForVotes(308)) - 30550b8f-a9d4-437c-b8cc-b448e34549d3@group-0CD4C9D8759B-LeaderElection13 ELECTION round 0: result REJECTED
2022-05-17 16:32:58,675 [30550b8f-a9d4-437c-b8cc-b448e34549d3@group-0CD4C9D8759B-LeaderElection13] INFO  server.RaftServer$Division (RaftServerImpl.java:setRole(290)) - 30550b8f-a9d4-437c-b8cc-b448e34549d3@group-0CD4C9D8759B: changes role from CANDIDATE to FOLLOWER at term 1 for REJECTED
2022-05-17 16:32:58,675 [30550b8f-a9d4-437c-b8cc-b448e34549d3@group-0CD4C9D8759B-LeaderElection13] INFO  impl.RoleInfo (RoleInfo.java:shutdownLeaderElection(121)) - 30550b8f-a9d4-437c-b8cc-b448e34549d3: shutdown 30550b8f-a9d4-437c-b8cc-b448e34549d3@group-0CD4C9D8759B-LeaderElection13
2022-05-17 16:32:58,675 [30550b8f-a9d4-437c-b8cc-b448e34549d3@group-0CD4C9D8759B-LeaderElection13] INFO  impl.RoleInfo (RoleInfo.java:updateAndGet(130)) - 30550b8f-a9d4-437c-b8cc-b448e34549d3: start 30550b8f-a9d4-437c-b8cc-b448e34549d3@group-0CD4C9D8759B-FollowerState
2022-05-17 16:32:58,678 [Listener at 127.0.0.1/37949] INFO  ozone.MiniOzoneClusterImpl (MiniOzoneClusterImpl.java:lambda$waitForClusterToBeReady$0(221)) - Nodes are ready. Got 3 of 3 DN Heartbeats.
2022-05-17 16:32:58,682 [Listener at 127.0.0.1/37949] INFO  ozone.MiniOzoneClusterImpl (MiniOzoneClusterImpl.java:lambda$waitForClusterToBeReady$0(224)) - Cluster exits safe mode
2022-05-17 16:32:58,682 [Listener at 127.0.0.1/37949] INFO  ozone.MiniOzoneClusterImpl (MiniOzoneClusterImpl.java:lambda$waitForClusterToBeReady$0(226)) - SCM became leader
]]></system-out>
    </rerunFailure>
    <rerunFailure type="java.lang.AssertionError">
      <stackTrace><![CDATA[java.lang.AssertionError
	at org.junit.Assert.fail(Assert.java:87)
	at org.junit.Assert.assertTrue(Assert.java:42)
	at org.junit.Assert.assertTrue(Assert.java:53)
	at org.apache.hadoop.hdds.scm.TestRatisPipelineLeader.testLeaderIdAfterLeaderChange(TestRatisPipelineLeader.java:119)
	at sun.reflect.NativeMethodAccessorImpl.invoke0(Native Method)
	at sun.reflect.NativeMethodAccessorImpl.invoke(NativeMethodAccessorImpl.java:62)
	at sun.reflect.DelegatingMethodAccessorImpl.invoke(DelegatingMethodAccessorImpl.java:43)
	at java.lang.reflect.Method.invoke(Method.java:498)
	at org.junit.platform.commons.util.ReflectionUtils.invokeMethod(ReflectionUtils.java:688)
	at org.junit.jupiter.engine.execution.MethodInvocation.proceed(MethodInvocation.java:60)
	at org.junit.jupiter.engine.execution.InvocationInterceptorChain$ValidatingInvocation.proceed(InvocationInterceptorChain.java:131)
	at org.junit.jupiter.engine.extension.TimeoutInvocation.proceed(TimeoutInvocation.java:46)
	at org.junit.jupiter.engine.extension.TimeoutExtension.intercept(TimeoutExtension.java:149)
	at org.junit.jupiter.engine.extension.TimeoutExtension.interceptTestableMethod(TimeoutExtension.java:140)
	at org.junit.jupiter.engine.extension.TimeoutExtension.interceptTestMethod(TimeoutExtension.java:84)
	at org.junit.jupiter.engine.execution.ExecutableInvoker$ReflectiveInterceptorCall.lambda$ofVoidMethod$0(ExecutableInvoker.java:115)
	at org.junit.jupiter.engine.execution.ExecutableInvoker.lambda$invoke$0(ExecutableInvoker.java:105)
	at org.junit.jupiter.engine.execution.InvocationInterceptorChain$InterceptedInvocation.proceed(InvocationInterceptorChain.java:106)
	at org.junit.jupiter.engine.execution.InvocationInterceptorChain.proceed(InvocationInterceptorChain.java:64)
	at org.junit.jupiter.engine.execution.InvocationInterceptorChain.chainAndInvoke(InvocationInterceptorChain.java:45)
	at org.junit.jupiter.engine.execution.InvocationInterceptorChain.invoke(InvocationInterceptorChain.java:37)
	at org.junit.jupiter.engine.execution.ExecutableInvoker.invoke(ExecutableInvoker.java:104)
	at org.junit.jupiter.engine.execution.ExecutableInvoker.invoke(ExecutableInvoker.java:98)
	at org.junit.jupiter.engine.descriptor.TestMethodTestDescriptor.lambda$invokeTestMethod$6(TestMethodTestDescriptor.java:210)
	at org.junit.platform.engine.support.hierarchical.ThrowableCollector.execute(ThrowableCollector.java:73)
	at org.junit.jupiter.engine.descriptor.TestMethodTestDescriptor.invokeTestMethod(TestMethodTestDescriptor.java:206)
	at org.junit.jupiter.engine.descriptor.TestMethodTestDescriptor.execute(TestMethodTestDescriptor.java:131)
	at org.junit.jupiter.engine.descriptor.TestMethodTestDescriptor.execute(TestMethodTestDescriptor.java:65)
	at org.junit.platform.engine.support.hierarchical.NodeTestTask.lambda$executeRecursively$5(NodeTestTask.java:139)
	at org.junit.platform.engine.support.hierarchical.ThrowableCollector.execute(ThrowableCollector.java:73)
	at org.junit.platform.engine.support.hierarchical.NodeTestTask.lambda$executeRecursively$7(NodeTestTask.java:129)
	at org.junit.platform.engine.support.hierarchical.Node.around(Node.java:137)
	at org.junit.platform.engine.support.hierarchical.NodeTestTask.lambda$executeRecursively$8(NodeTestTask.java:127)
	at org.junit.platform.engine.support.hierarchical.ThrowableCollector.execute(ThrowableCollector.java:73)
	at org.junit.platform.engine.support.hierarchical.NodeTestTask.executeRecursively(NodeTestTask.java:126)
	at org.junit.platform.engine.support.hierarchical.NodeTestTask.execute(NodeTestTask.java:84)
	at java.util.ArrayList.forEach(ArrayList.java:1259)
	at org.junit.platform.engine.support.hierarchical.SameThreadHierarchicalTestExecutorService.invokeAll(SameThreadHierarchicalTestExecutorService.java:38)
	at org.junit.platform.engine.support.hierarchical.NodeTestTask.lambda$executeRecursively$5(NodeTestTask.java:143)
	at org.junit.platform.engine.support.hierarchical.ThrowableCollector.execute(ThrowableCollector.java:73)
	at org.junit.platform.engine.support.hierarchical.NodeTestTask.lambda$executeRecursively$7(NodeTestTask.java:129)
	at org.junit.platform.engine.support.hierarchical.Node.around(Node.java:137)
	at org.junit.platform.engine.support.hierarchical.NodeTestTask.lambda$executeRecursively$8(NodeTestTask.java:127)
	at org.junit.platform.engine.support.hierarchical.ThrowableCollector.execute(ThrowableCollector.java:73)
	at org.junit.platform.engine.support.hierarchical.NodeTestTask.executeRecursively(NodeTestTask.java:126)
	at org.junit.platform.engine.support.hierarchical.NodeTestTask.execute(NodeTestTask.java:84)
	at java.util.ArrayList.forEach(ArrayList.java:1259)
	at org.junit.platform.engine.support.hierarchical.SameThreadHierarchicalTestExecutorService.invokeAll(SameThreadHierarchicalTestExecutorService.java:38)
	at org.junit.platform.engine.support.hierarchical.NodeTestTask.lambda$executeRecursively$5(NodeTestTask.java:143)
	at org.junit.platform.engine.support.hierarchical.ThrowableCollector.execute(ThrowableCollector.java:73)
	at org.junit.platform.engine.support.hierarchical.NodeTestTask.lambda$executeRecursively$7(NodeTestTask.java:129)
	at org.junit.platform.engine.support.hierarchical.Node.around(Node.java:137)
	at org.junit.platform.engine.support.hierarchical.NodeTestTask.lambda$executeRecursively$8(NodeTestTask.java:127)
	at org.junit.platform.engine.support.hierarchical.ThrowableCollector.execute(ThrowableCollector.java:73)
	at org.junit.platform.engine.support.hierarchical.NodeTestTask.executeRecursively(NodeTestTask.java:126)
	at org.junit.platform.engine.support.hierarchical.NodeTestTask.execute(NodeTestTask.java:84)
	at org.junit.platform.engine.support.hierarchical.SameThreadHierarchicalTestExecutorService.submit(SameThreadHierarchicalTestExecutorService.java:32)
	at org.junit.platform.engine.support.hierarchical.HierarchicalTestExecutor.execute(HierarchicalTestExecutor.java:57)
	at org.junit.platform.engine.support.hierarchical.HierarchicalTestEngine.execute(HierarchicalTestEngine.java:51)
	at org.junit.platform.launcher.core.EngineExecutionOrchestrator.execute(EngineExecutionOrchestrator.java:108)
	at org.junit.platform.launcher.core.EngineExecutionOrchestrator.execute(EngineExecutionOrchestrator.java:88)
	at org.junit.platform.launcher.core.EngineExecutionOrchestrator.lambda$execute$0(EngineExecutionOrchestrator.java:54)
	at org.junit.platform.launcher.core.EngineExecutionOrchestrator.withInterceptedStreams(EngineExecutionOrchestrator.java:67)
	at org.junit.platform.launcher.core.EngineExecutionOrchestrator.execute(EngineExecutionOrchestrator.java:52)
	at org.junit.platform.launcher.core.DefaultLauncher.execute(DefaultLauncher.java:96)
	at org.junit.platform.launcher.core.DefaultLauncher.execute(DefaultLauncher.java:75)
	at org.apache.maven.surefire.junitplatform.JUnitPlatformProvider.invokeAllTests(JUnitPlatformProvider.java:165)
	at org.apache.maven.surefire.junitplatform.JUnitPlatformProvider.invoke(JUnitPlatformProvider.java:124)
	at org.apache.maven.surefire.booter.ForkedBooter.runSuitesInProcess(ForkedBooter.java:428)
	at org.apache.maven.surefire.booter.ForkedBooter.execute(ForkedBooter.java:162)
	at org.apache.maven.surefire.booter.ForkedBooter.run(ForkedBooter.java:562)
	at org.apache.maven.surefire.booter.ForkedBooter.main(ForkedBooter.java:548)
]]></stackTrace>
      <system-out><![CDATA[2022-05-17 16:33:19,510 [Listener at 127.0.0.1/37949] WARN  server.ServerUtils (ServerUtils.java:getScmDbDir(148)) - ozone.scm.db.dirs is not configured. We recommend adding this setting. Falling back to ozone.metadata.dirs instead.
2022-05-17 16:33:19,520 [Listener at 127.0.0.1/37949] INFO  ha.SCMHANodeDetails (SCMHANodeDetails.java:loadSCMHAConfig(160)) - ServiceID for StorageContainerManager is null
2022-05-17 16:33:19,520 [Listener at 127.0.0.1/37949] INFO  ha.SCMHANodeDetails (SCMHANodeDetails.java:loadSCMHAConfig(165)) - ozone.scm.default.service.id is not defined, falling back to ozone.scm.service.ids to find serviceID for StorageContainerManager if it is HA enabled cluster
2022-05-17 16:33:19,521 [Listener at 127.0.0.1/37949] WARN  server.ServerUtils (ServerUtils.java:getScmDbDir(148)) - ozone.scm.db.dirs is not configured. We recommend adding this setting. Falling back to ozone.metadata.dirs instead.
2022-05-17 16:33:19,521 [Listener at 127.0.0.1/37949] INFO  upgrade.AbstractLayoutVersionManager (AbstractLayoutVersionManager.java:init(79)) - Initializing Layout version manager with metadata layout = ERASURE_CODED_STORAGE_SUPPORT (version = 3), software layout = ERASURE_CODED_STORAGE_SUPPORT (version = 3)
2022-05-17 16:33:19,652 [Listener at 127.0.0.1/37949] INFO  reflections.Reflections (Reflections.java:scan(232)) - Reflections took 129 ms to scan 7 urls, producing 127 keys and 292 values 
2022-05-17 16:33:19,655 [Listener at 127.0.0.1/37949] WARN  utils.HAUtils (HAUtils.java:getMetaDir(342)) - ozone.scm.db.dirs is not configured. We recommend adding this setting. Falling back to ozone.metadata.dirs instead.
2022-05-17 16:33:19,656 [Listener at 127.0.0.1/37949] WARN  db.DBStoreBuilder (DBStoreBuilder.java:applyDBDefinition(145)) - ozone.scm.db.dirs is not configured. We recommend adding this setting. Falling back to ozone.metadata.dirs instead.
2022-05-17 16:33:19,948 [Listener at 127.0.0.1/37949] INFO  net.NodeSchemaLoader (NodeSchemaLoader.java:loadSchemaFromFile(129)) - Loading schema from [jar:file:/home/runner/.m2/repository/org/apache/ozone/hdds-common/1.3.0-SNAPSHOT/hdds-common-1.3.0-SNAPSHOT.jar!/network-topology-default.xml]
2022-05-17 16:33:19,949 [Listener at 127.0.0.1/37949] INFO  net.NodeSchemaLoader (NodeSchemaLoader.java:loadSchema(176)) - Loading network topology layer schema file
2022-05-17 16:33:19,984 [Listener at 127.0.0.1/37949] INFO  ha.SequenceIdGenerator (SequenceIdGenerator.java:upgradeToSequenceId(347)) - upgrade localId to 109611004723200000
2022-05-17 16:33:19,985 [Listener at 127.0.0.1/37949] INFO  ha.SequenceIdGenerator (SequenceIdGenerator.java:upgradeToSequenceId(357)) - upgrade delTxnId to 0
2022-05-17 16:33:19,985 [Listener at 127.0.0.1/37949] INFO  ha.SequenceIdGenerator (SequenceIdGenerator.java:upgradeToSequenceId(371)) - upgrade containerId to 0
2022-05-17 16:33:19,985 [Listener at 127.0.0.1/37949] INFO  ha.SequenceIdGenerator (SequenceIdGenerator.java:<init>(218)) - Init the HA SequenceIdGenerator.
2022-05-17 16:33:19,987 [Listener at 127.0.0.1/37949] WARN  server.ServerUtils (ServerUtils.java:sanitizeUserArgs(73)) - ozone.scm.stale.node.interval value = 300000 is larger than max = 100000 based on the key value of ozone.scm.heartbeat.thread.interval, reset to the max value 100000.
2022-05-17 16:33:19,987 [Listener at 127.0.0.1/37949] WARN  server.ServerUtils (ServerUtils.java:sanitizeUserArgs(73)) - ozone.scm.stale.node.interval value = 300000 is larger than max = 100000 based on the key value of ozone.scm.heartbeat.thread.interval, reset to the max value 100000.
2022-05-17 16:33:19,987 [Listener at 127.0.0.1/37949] INFO  node.SCMNodeManager (SCMNodeManager.java:<init>(148)) - Entering startup safe mode.
2022-05-17 16:33:19,988 [Listener at 127.0.0.1/37949] INFO  algorithms.ContainerPlacementPolicyFactory (ContainerPlacementPolicyFactory.java:getPolicyInternal(86)) - Create container placement policy of type org.apache.hadoop.hdds.scm.container.placement.algorithms.SCMContainerPlacementRandom
2022-05-17 16:33:19,988 [Listener at 127.0.0.1/37949] INFO  pipeline.PipelineStateManagerImpl (PipelineStateManagerImpl.java:initialize(78)) - No pipeline exists in current db
2022-05-17 16:33:19,988 [Listener at 127.0.0.1/37949] INFO  algorithms.LeaderChoosePolicyFactory (LeaderChoosePolicyFactory.java:getPolicy(57)) - Create leader choose policy of type org.apache.hadoop.hdds.scm.pipeline.leader.choose.algorithms.MinLeaderCountChoosePolicy
2022-05-17 16:33:19,988 [Listener at 127.0.0.1/37949] INFO  algorithms.ContainerPlacementPolicyFactory (ContainerPlacementPolicyFactory.java:getPolicyInternal(86)) - Create container placement policy of type org.apache.hadoop.hdds.scm.container.placement.algorithms.SCMContainerPlacementRackScatter
2022-05-17 16:33:19,989 [Listener at 127.0.0.1/37949] INFO  pipeline.BackgroundPipelineCreator (BackgroundPipelineCreator.java:start(125)) - Starting RatisPipelineUtilsThread.
2022-05-17 16:33:19,990 [Listener at 127.0.0.1/37949] INFO  pipeline.BackgroundPipelineScrubber (BackgroundPipelineScrubber.java:start(126)) - Starting BackgroundPipelineScrubber Service.
2022-05-17 16:33:19,990 [Listener at 127.0.0.1/37949] INFO  ha.SCMServiceManager (SCMServiceManager.java:register(42)) - Registering service BackgroundPipelineCreator.
2022-05-17 16:33:19,990 [Listener at 127.0.0.1/37949] INFO  ha.SCMServiceManager (SCMServiceManager.java:register(42)) - Registering service BackgroundPipelineScrubber.
2022-05-17 16:33:19,991 [Listener at 127.0.0.1/37949] INFO  algorithms.PipelineChoosePolicyFactory (PipelineChoosePolicyFactory.java:createPipelineChoosePolicyFromClass(73)) - Create pipeline choose policy of type org.apache.hadoop.hdds.scm.pipeline.choose.algorithms.RandomPipelineChoosePolicy
2022-05-17 16:33:19,991 [Listener at 127.0.0.1/37949] INFO  ha.SCMServiceManager (SCMServiceManager.java:register(42)) - Registering service SCMBlockDeletingService.
2022-05-17 16:33:19,992 [Listener at 127.0.0.1/37949] INFO  ha.SCMServiceManager (SCMServiceManager.java:register(42)) - Registering service ReplicationManager.
2022-05-17 16:33:19,992 [Listener at 127.0.0.1/37949] INFO  replication.ReplicationManager (ReplicationManager.java:start(176)) - Starting Replication Monitor Thread.
2022-05-17 16:33:20,007 [Listener at 127.0.0.1/37949] INFO  safemode.ContainerSafeModeRule (ContainerSafeModeRule.java:<init>(89)) - containers with one replica threshold count 0
2022-05-17 16:33:20,007 [Listener at 127.0.0.1/37949] INFO  safemode.HealthyPipelineSafeModeRule (HealthyPipelineSafeModeRule.java:initializeRule(156)) - Total pipeline count is 0, healthy pipeline threshold count is 1
2022-05-17 16:33:20,008 [Listener at 127.0.0.1/37949] INFO  safemode.OneReplicaPipelineSafeModeRule (OneReplicaPipelineSafeModeRule.java:initializeRule(180)) - Total pipeline count is 0, pipeline's with at least one datanode reported threshold count is 0
2022-05-17 16:33:20,010 [Listener at 127.0.0.1/37949] INFO  ipc.CallQueueManager (CallQueueManager.java:<init>(90)) - Using callQueue: class java.util.concurrent.LinkedBlockingQueue, queueCapacity: 2000, scheduler: class org.apache.hadoop.ipc.DefaultRpcScheduler, ipcBackoff: false.
2022-05-17 16:33:20,013 [Socket Reader #1 for port 0] INFO  ipc.Server (Server.java:run(1265)) - Starting Socket Reader #1 for port 0
2022-05-17 16:33:20,029 [Listener at 0.0.0.0/39879] INFO  ipc.CallQueueManager (CallQueueManager.java:<init>(90)) - Using callQueue: class java.util.concurrent.LinkedBlockingQueue, queueCapacity: 2000, scheduler: class org.apache.hadoop.ipc.DefaultRpcScheduler, ipcBackoff: false.
2022-05-17 16:33:20,030 [Socket Reader #1 for port 0] INFO  ipc.Server (Server.java:run(1265)) - Starting Socket Reader #1 for port 0
2022-05-17 16:33:20,031 [Listener at 0.0.0.0/40345] INFO  ipc.CallQueueManager (CallQueueManager.java:<init>(90)) - Using callQueue: class java.util.concurrent.LinkedBlockingQueue, queueCapacity: 2000, scheduler: class org.apache.hadoop.ipc.DefaultRpcScheduler, ipcBackoff: false.
2022-05-17 16:33:20,031 [ReplicationMonitor] INFO  replication.ReplicationManager (ReplicationManager.java:processAll(225)) - Replication Manager is not ready to run until 3000ms after safemode exit
2022-05-17 16:33:20,047 [Socket Reader #1 for port 0] INFO  ipc.Server (Server.java:run(1265)) - Starting Socket Reader #1 for port 0
2022-05-17 16:33:20,086 [Listener at 0.0.0.0/36611] INFO  server.StorageContainerManager (StorageContainerManager.java:<init>(395)) - 
Container Balancer status:
Key                            Value
Running                        false
Container Balancer Configuration values:
Key                                                Value
Threshold                                          10
Max Datanodes to Involve per Iteration(percent)    20
Max Size to Move per Iteration                     500GB
Max Size Entering Target per Iteration             26GB
Max Size Leaving Source per Iteration              26GB

2022-05-17 16:33:20,086 [Listener at 0.0.0.0/36611] WARN  events.EventQueue (EventQueue.java:fireEvent(194)) - No event handler registered for event TypedEvent{payloadType=SafeModeStatus, name='Safe mode status'}
2022-05-17 16:33:20,086 [Listener at 0.0.0.0/36611] INFO  ha.SCMContext (SCMContext.java:updateSafeModeStatus(211)) - Update SafeModeStatus from SafeModeStatus{safeModeStatus=true, preCheckPassed=false} to SafeModeStatus{safeModeStatus=true, preCheckPassed=false}.
2022-05-17 16:33:20,087 [Listener at 0.0.0.0/36611] INFO  server.StorageContainerManager (StorageContainerManager.java:start(1347)) - StorageContainerLocationProtocol RPC server is listening at /0.0.0.0:36611
2022-05-17 16:33:20,088 [Listener at 0.0.0.0/36611] WARN  impl.MetricsConfig (MetricsConfig.java:loadFirst(136)) - Cannot locate configuration: tried hadoop-metrics2-storagecontainermanager.properties,hadoop-metrics2.properties
2022-05-17 16:33:20,093 [Listener at 0.0.0.0/36611] INFO  impl.MetricsSystemImpl (MetricsSystemImpl.java:startTimer(378)) - Scheduled Metric snapshot period at 10 second(s).
2022-05-17 16:33:20,093 [Listener at 0.0.0.0/36611] INFO  impl.MetricsSystemImpl (MetricsSystemImpl.java:start(191)) - StorageContainerManager metrics system started
2022-05-17 16:33:20,137 [Listener at 0.0.0.0/36611] INFO  impl.MetricsSinkAdapter (MetricsSinkAdapter.java:start(204)) - Sink prometheus started
2022-05-17 16:33:20,137 [Listener at 0.0.0.0/36611] INFO  impl.MetricsSystemImpl (MetricsSystemImpl.java:registerSink(305)) - Registered sink prometheus
2022-05-17 16:33:20,188 [Listener at 0.0.0.0/36611] INFO  server.SCMClientProtocolServer (SCMClientProtocolServer.java:start(169)) - RPC server for Client  is listening at /0.0.0.0:36611
2022-05-17 16:33:20,189 [IPC Server Responder] INFO  ipc.Server (Server.java:run(1507)) - IPC Server Responder: starting
2022-05-17 16:33:20,193 [Listener at 0.0.0.0/36611] INFO  server.StorageContainerManager (StorageContainerManager.java:start(1362)) - ScmBlockLocationProtocol RPC server is listening at /0.0.0.0:40345
2022-05-17 16:33:20,198 [Listener at 0.0.0.0/36611] INFO  server.SCMBlockProtocolServer (SCMBlockProtocolServer.java:start(151)) - RPC server for Block Protocol is listening at /0.0.0.0:40345
2022-05-17 16:33:20,190 [IPC Server listener on 0] INFO  ipc.Server (Server.java:run(1344)) - IPC Server listener on 0: starting
2022-05-17 16:33:20,199 [IPC Server Responder] INFO  ipc.Server (Server.java:run(1507)) - IPC Server Responder: starting
2022-05-17 16:33:20,203 [IPC Server listener on 0] INFO  ipc.Server (Server.java:run(1344)) - IPC Server listener on 0: starting
2022-05-17 16:33:20,207 [Listener at 0.0.0.0/36611] INFO  server.SCMDatanodeProtocolServer (SCMDatanodeProtocolServer.java:start(183)) - ScmDatanodeProtocol RPC server for DataNodes is listening at /0.0.0.0:39879
2022-05-17 16:33:20,208 [IPC Server Responder] INFO  ipc.Server (Server.java:run(1507)) - IPC Server Responder: starting
2022-05-17 16:33:20,208 [IPC Server listener on 0] INFO  ipc.Server (Server.java:run(1344)) - IPC Server listener on 0: starting
2022-05-17 16:33:20,270 [Listener at 0.0.0.0/36611] INFO  http.BaseHttpServer (BaseHttpServer.java:newHttpServer2BuilderForOzone(209)) - Starting Web-server for scm at: http://0.0.0.0:0
2022-05-17 16:33:20,270 [Listener at 0.0.0.0/36611] INFO  http.BaseHttpServer (BaseHttpServer.java:<init>(107)) - Hadoop Security Enabled: false Ozone Security Enabled: false Ozone HTTP Security Enabled: false 
2022-05-17 16:33:20,272 [Listener at 0.0.0.0/36611] INFO  server.AuthenticationFilter (AuthenticationFilter.java:constructSecretProvider(240)) - Unable to initialize FileSignerSecretProvider, falling back to use random secrets.
2022-05-17 16:33:20,276 [Listener at 0.0.0.0/36611] WARN  http.HttpRequestLog (HttpRequestLog.java:getRequestLog(103)) - Jetty request log can only be enabled using Log4j
2022-05-17 16:33:20,278 [Listener at 0.0.0.0/36611] INFO  http.HttpServer2 (HttpServer2.java:addGlobalFilter(1030)) - Added global filter 'safety' (class=org.apache.hadoop.hdds.server.http.HttpServer2$QuotingInputFilter)
2022-05-17 16:33:20,279 [Listener at 0.0.0.0/36611] INFO  http.HttpServer2 (HttpServer2.java:addFilter(1006)) - Added filter static_user_filter (class=org.apache.hadoop.http.lib.StaticUserWebFilter$StaticUserFilter) to context scm
2022-05-17 16:33:20,279 [Listener at 0.0.0.0/36611] INFO  http.HttpServer2 (HttpServer2.java:addFilter(1014)) - Added filter static_user_filter (class=org.apache.hadoop.http.lib.StaticUserWebFilter$StaticUserFilter) to context static
2022-05-17 16:33:20,279 [Listener at 0.0.0.0/36611] INFO  http.HttpServer2 (HttpServer2.java:addFilter(1014)) - Added filter static_user_filter (class=org.apache.hadoop.http.lib.StaticUserWebFilter$StaticUserFilter) to context logs
2022-05-17 16:33:20,280 [Listener at 0.0.0.0/36611] INFO  http.HttpServer2 (HttpServer2.java:bindListener(1249)) - Jetty bound to port 39385
2022-05-17 16:33:20,280 [Listener at 0.0.0.0/36611] INFO  server.Server (Server.java:doStart(375)) - jetty-9.4.43.v20210629; built: 2021-06-30T11:07:22.254Z; git: 526006ecfa3af7f1a27ef3a288e2bef7ea9dd7e8; jvm 1.8.0_332-b09
2022-05-17 16:33:20,290 [org.apache.hadoop.util.JvmPauseMonitor$Monitor@6d782f9] INFO  util.JvmPauseMonitor (JvmPauseMonitor.java:run(188)) - Starting JVM pause monitor
2022-05-17 16:33:20,290 [Listener at 0.0.0.0/36611] INFO  server.session (DefaultSessionIdManager.java:doStart(334)) - DefaultSessionIdManager workerName=node0
2022-05-17 16:33:20,290 [Listener at 0.0.0.0/36611] INFO  server.session (DefaultSessionIdManager.java:doStart(339)) - No SessionScavenger set, using defaults
2022-05-17 16:33:20,290 [Listener at 0.0.0.0/36611] INFO  server.session (HouseKeeper.java:startScavenging(132)) - node0 Scavenging every 660000ms
2022-05-17 16:33:20,296 [Listener at 0.0.0.0/36611] INFO  handler.ContextHandler (ContextHandler.java:doStart(915)) - Started o.e.j.s.ServletContextHandler@59d2198d{logs,/logs,file:///home/runner/work/ozone/ozone/hadoop-ozone/integration-test/target/log,AVAILABLE}
2022-05-17 16:33:20,296 [Listener at 0.0.0.0/36611] INFO  handler.ContextHandler (ContextHandler.java:doStart(915)) - Started o.e.j.s.ServletContextHandler@3b94d98d{static,/static,file:///home/runner/work/ozone/ozone/hadoop-ozone/integration-test/target/test-classes/webapps/static,AVAILABLE}
2022-05-17 16:33:20,319 [Listener at 0.0.0.0/36611] INFO  handler.ContextHandler (ContextHandler.java:doStart(915)) - Started o.e.j.w.WebAppContext@649f48f6{scm,/,file:///home/runner/work/ozone/ozone/hadoop-ozone/integration-test/target/test-classes/webapps/scm/,AVAILABLE}{file:/home/runner/work/ozone/ozone/hadoop-ozone/integration-test/target/test-classes/webapps/scm}
2022-05-17 16:33:20,330 [Listener at 0.0.0.0/36611] INFO  server.AbstractConnector (AbstractConnector.java:doStart(331)) - Started ServerConnector@de4dd7{HTTP/1.1, (http/1.1)}{0.0.0.0:39385}
2022-05-17 16:33:20,330 [Listener at 0.0.0.0/36611] INFO  server.Server (Server.java:doStart(415)) - Started @81528ms
2022-05-17 16:33:20,330 [Listener at 0.0.0.0/36611] WARN  impl.MetricsSystemImpl (MetricsSystemImpl.java:register(279)) - Sink prometheus already exists!
2022-05-17 16:33:20,331 [Listener at 0.0.0.0/36611] INFO  http.BaseHttpServer (BaseHttpServer.java:updateConnectorAddress(329)) - HTTP server of scm listening at http://0.0.0.0:39385
2022-05-17 16:33:20,331 [Listener at 0.0.0.0/36611] WARN  server.ServerUtils (ServerUtils.java:getDBPath(225)) - ozone.om.db.dirs is not configured. We recommend adding this setting. Falling back to ozone.metadata.dirs instead.
2022-05-17 16:33:20,333 [Listener at 0.0.0.0/36611] INFO  ha.OMHANodeDetails (OMHANodeDetails.java:loadOMHAConfig(115)) - ozone.om.internal.service.id is not defined, falling back to ozone.om.service.ids to find serviceID for OzoneManager if it is HA enabled cluster
2022-05-17 16:33:20,333 [Listener at 0.0.0.0/36611] INFO  ha.OMHANodeDetails (OMHANodeDetails.java:loadOMHAConfig(226)) - Configuration does not have ozone.om.address set. Falling back to the default OM address /127.0.0.1:0
2022-05-17 16:33:20,334 [Listener at 0.0.0.0/36611] INFO  ha.OMHANodeDetails (OMHANodeDetails.java:getOMNodeDetailsForNonHA(254)) - OM Service ID is not set. Setting it to the default ID: omServiceIdDefault
2022-05-17 16:33:20,334 [Listener at 0.0.0.0/36611] INFO  ha.OMHANodeDetails (OMHANodeDetails.java:getOMNodeDetailsForNonHA(261)) - OM Node ID is not set. Setting it to the default ID: om1
2022-05-17 16:33:20,334 [Listener at 0.0.0.0/36611] WARN  server.ServerUtils (ServerUtils.java:getDBPath(225)) - ozone.om.db.dirs is not configured. We recommend adding this setting. Falling back to ozone.metadata.dirs instead.
2022-05-17 16:33:20,334 [Listener at 0.0.0.0/36611] INFO  upgrade.AbstractLayoutVersionManager (AbstractLayoutVersionManager.java:init(79)) - Initializing Layout version manager with metadata layout = BUCKET_LAYOUT_SUPPORT (version = 2), software layout = BUCKET_LAYOUT_SUPPORT (version = 2)
2022-05-17 16:33:20,510 [Listener at 0.0.0.0/36611] INFO  reflections.Reflections (Reflections.java:scan(232)) - Reflections took 168 ms to scan 2 urls, producing 143 keys and 369 values [using 2 cores]
2022-05-17 16:33:20,511 [Listener at 0.0.0.0/36611] INFO  upgrade.OMLayoutVersionManager (OMLayoutVersionManager.java:lambda$0(115)) - Skipping Upgrade Action MockOmUpgradeAction since it has been finalized.
2022-05-17 16:33:20,511 [Listener at 0.0.0.0/36611] WARN  server.ServerUtils (ServerUtils.java:getDBPath(225)) - ozone.om.db.dirs is not configured. We recommend adding this setting. Falling back to ozone.metadata.dirs instead.
2022-05-17 16:33:20,512 [Listener at 0.0.0.0/36611] INFO  proxy.SCMBlockLocationFailoverProxyProvider (SCMBlockLocationFailoverProxyProvider.java:<init>(114)) - Created block location fail-over proxy with 1 nodes: [nodeId=scmNodeId,nodeAddress=/0.0.0.0:40345]
2022-05-17 16:33:20,518 [Listener at 0.0.0.0/36611] INFO  proxy.SCMBlockLocationFailoverProxyProvider (SCMBlockLocationFailoverProxyProvider.java:<init>(114)) - Created block location fail-over proxy with 1 nodes: [nodeId=scmNodeId,nodeAddress=/0.0.0.0:40345]
2022-05-17 16:33:20,547 [Listener at 0.0.0.0/36611] WARN  server.ServerUtils (ServerUtils.java:getDBPath(225)) - ozone.om.db.dirs is not configured. We recommend adding this setting. Falling back to ozone.metadata.dirs instead.
2022-05-17 16:33:20,547 [Listener at 0.0.0.0/36611] INFO  codec.OmKeyInfoCodec (OmKeyInfoCodec.java:<init>(49)) - OmKeyInfoCodec ignorePipeline = true
2022-05-17 16:33:20,547 [Listener at 0.0.0.0/36611] INFO  codec.RepeatedOmKeyInfoCodec (RepeatedOmKeyInfoCodec.java:<init>(41)) - RepeatedOmKeyInfoCodec ignorePipeline = true
2022-05-17 16:33:20,865 [Listener at 0.0.0.0/36611] INFO  om.OzoneManager (OzoneManager.java:addS3GVolumeToDB(3894)) - Created Volume s3v With Owner runner required for S3Gateway operations.
2022-05-17 16:33:20,865 [Listener at 0.0.0.0/36611] WARN  server.ServerUtils (ServerUtils.java:getDefaultRatisDirectory(237)) - Storage directory for Ratis is not configured. It is a good idea to map this to an SSD disk. Falling back to ozone.metadata.dirs
2022-05-17 16:33:20,865 [Listener at 0.0.0.0/36611] WARN  utils.OzoneManagerRatisUtils (OzoneManagerRatisUtils.java:getOMRatisSnapshotDirectory(395)) - ozone.om.ratis.snapshot.dir is not configured. Falling back to ozone.metadata.dirs config
2022-05-17 16:33:20,866 [Listener at 0.0.0.0/36611] WARN  server.ServerUtils (ServerUtils.java:getDefaultRatisDirectory(237)) - Storage directory for Ratis is not configured. It is a good idea to map this to an SSD disk. Falling back to ozone.metadata.dirs
2022-05-17 16:33:20,867 [Listener at 0.0.0.0/36611] INFO  ratis.OzoneManagerRatisServer (OzoneManagerRatisServer.java:<init>(159)) - Instantiating OM Ratis server with groupID: omServiceIdDefault and peers: localhost:9872
2022-05-17 16:33:20,867 [Listener at 0.0.0.0/36611] INFO  ratis.OzoneManagerStateMachine (OzoneManagerStateMachine.java:loadSnapshotInfoFromDB(627)) - LastAppliedIndex is set from TransactionInfo from OM DB as (t:0, i:~)
2022-05-17 16:33:20,871 [Listener at 0.0.0.0/36611] INFO  server.RaftServer (ConfUtils.java:logGet(44)) - raft.rpc.type = GRPC (default)
2022-05-17 16:33:20,871 [Listener at 0.0.0.0/36611] INFO  grpc.GrpcFactory (GrpcFactory.java:checkPooledByteBufAllocatorUseCacheForAllThreads(48)) - PERFORMANCE WARNING: useCacheForAllThreads is true that may cause Netty to create a lot garbage objects and, as a result, trigger GC.
	It is recommended to disable useCacheForAllThreads by setting -Dorg.apache.ratis.thirdparty.io.netty.allocator.useCacheForAllThreads=false in command line.
2022-05-17 16:33:20,871 [Listener at 0.0.0.0/36611] INFO  grpc.GrpcConfigKeys (ConfUtils.java:logGet(44)) - raft.grpc.admin.port = -1 (default)
2022-05-17 16:33:20,871 [Listener at 0.0.0.0/36611] INFO  grpc.GrpcConfigKeys (ConfUtils.java:logGet(44)) - raft.grpc.server.port = 9872 (custom)
2022-05-17 16:33:20,871 [Listener at 0.0.0.0/36611] INFO  grpc.GrpcConfigKeys (ConfUtils.java:logGet(44)) - raft.grpc.client.port = -1 (default)
2022-05-17 16:33:20,872 [Listener at 0.0.0.0/36611] INFO  grpc.GrpcConfigKeys (ConfUtils.java:logGet(44)) - raft.grpc.server.port = 9872 (custom)
2022-05-17 16:33:20,872 [Listener at 0.0.0.0/36611] INFO  grpc.GrpcConfigKeys (ConfUtils.java:logGet(44)) - raft.grpc.server.port = 9872 (custom)
2022-05-17 16:33:20,872 [Listener at 0.0.0.0/36611] INFO  server.GrpcService (ConfUtils.java:logGet(44)) - raft.grpc.message.size.max = 33554432 (custom)
2022-05-17 16:33:20,872 [Listener at 0.0.0.0/36611] INFO  server.RaftServerConfigKeys (ConfUtils.java:logGet(44)) - raft.server.log.appender.buffer.byte-limit = 33554432 (custom)
2022-05-17 16:33:20,872 [Listener at 0.0.0.0/36611] INFO  server.GrpcService (ConfUtils.java:logGet(44)) - raft.grpc.flow.control.window = 1MB (=1048576) (default)
2022-05-17 16:33:20,873 [Listener at 0.0.0.0/36611] INFO  server.RaftServerConfigKeys (ConfUtils.java:logGet(44)) - raft.server.rpc.request.timeout = 3000ms (default)
2022-05-17 16:33:20,877 [Listener at 0.0.0.0/36611] INFO  impl.DataStreamServerImpl (ConfUtils.java:logGet(44)) - raft.datastream.type = DISABLED (default)
2022-05-17 16:33:20,877 [Listener at 0.0.0.0/36611] INFO  server.RaftServerConfigKeys (ConfUtils.java:logGet(44)) - raft.server.rpc.slowness.timeout = 120s (custom)
2022-05-17 16:33:20,877 [Listener at 0.0.0.0/36611] INFO  server.RaftServerConfigKeys (ConfUtils.java:logGet(44)) - raft.server.leaderelection.leader.step-down.wait-time = 10s (default)
2022-05-17 16:33:20,877 [Listener at 0.0.0.0/36611] INFO  server.RaftServerConfigKeys (ConfUtils.java:logGet(44)) - raft.server.storage.dir = [/home/runner/work/ozone/ozone/hadoop-ozone/integration-test/target/test-dir/MiniOzoneClusterImpl-9b9b6652-41b7-4fde-acbd-22aaf54bb7d6/ozone-meta/ratis] (custom)
2022-05-17 16:33:20,878 [Listener at 0.0.0.0/36611] INFO  server.RaftServer (RaftServerProxy.java:addNew(95)) - om1: addNew group-C5BA1605619E:[om1|rpc:localhost:9872|priority:0] returns group-C5BA1605619E:java.util.concurrent.CompletableFuture@4a5379e1[Not completed]
2022-05-17 16:33:20,878 [Listener at 0.0.0.0/36611] INFO  om.OzoneManager (OzoneManager.java:initializeRatisServer(1901)) - OzoneManager Ratis server initialized at port 9872
2022-05-17 16:33:20,879 [Listener at 0.0.0.0/36611] INFO  om.OzoneManager (OzoneManager.java:getRpcServer(1030)) - Creating RPC Server
2022-05-17 16:33:20,880 [pool-307-thread-1] INFO  server.RaftServer$Division (RaftServerImpl.java:<init>(184)) - om1: new RaftServerImpl for group-C5BA1605619E:[om1|rpc:localhost:9872|priority:0] with OzoneManagerStateMachine:uninitialized
2022-05-17 16:33:20,884 [pool-307-thread-1] INFO  server.RaftServerConfigKeys (ConfUtils.java:logGet(44)) - raft.server.rpc.timeout.min = 1s (custom)
2022-05-17 16:33:20,884 [pool-307-thread-1] INFO  server.RaftServerConfigKeys (ConfUtils.java:logGet(44)) - raft.server.rpc.timeout.max = 1200ms (custom)
2022-05-17 16:33:20,884 [pool-307-thread-1] INFO  server.RaftServerConfigKeys (ConfUtils.java:logGet(44)) - raft.server.rpc.sleep.time = 25ms (default)
2022-05-17 16:33:20,884 [pool-307-thread-1] INFO  server.RaftServerConfigKeys (ConfUtils.java:logGet(44)) - raft.server.rpc.slowness.timeout = 120s (custom)
2022-05-17 16:33:20,884 [pool-307-thread-1] INFO  server.RaftServerConfigKeys (ConfUtils.java:logGet(44)) - raft.server.leaderelection.leader.step-down.wait-time = 10s (default)
2022-05-17 16:33:20,884 [pool-307-thread-1] INFO  server.RaftServerConfigKeys (ConfUtils.java:logGet(44)) - raft.server.sleep.deviation.threshold = 300ms (default)
2022-05-17 16:33:20,884 [pool-307-thread-1] INFO  server.RaftServerConfigKeys (ConfUtils.java:logGet(44)) - raft.server.log.appender.install.snapshot.enabled = false (custom)
2022-05-17 16:33:20,884 [pool-307-thread-1] INFO  server.RaftServer$Division (ServerState.java:<init>(105)) - om1@group-C5BA1605619E: ConfigurationManager, init=-1: [om1|rpc:localhost:9872|priority:0], old=null, confs=<EMPTY_MAP>
2022-05-17 16:33:20,884 [pool-307-thread-1] INFO  server.RaftServerConfigKeys (ConfUtils.java:logGet(44)) - raft.server.storage.dir = [/home/runner/work/ozone/ozone/hadoop-ozone/integration-test/target/test-dir/MiniOzoneClusterImpl-9b9b6652-41b7-4fde-acbd-22aaf54bb7d6/ozone-meta/ratis] (custom)
2022-05-17 16:33:20,885 [pool-307-thread-1] INFO  server.RaftServerConfigKeys (ConfUtils.java:logGet(44)) - raft.server.log.corruption.policy = EXCEPTION (default)
2022-05-17 16:33:20,885 [pool-307-thread-1] INFO  server.RaftServerConfigKeys (ConfUtils.java:logGet(44)) - raft.server.storage.free-space.min = 0MB (=0) (default)
2022-05-17 16:33:20,885 [pool-307-thread-1] INFO  storage.RaftStorageDirectory (RaftStorageDirectoryImpl.java:analyzeStorage(135)) - The storage directory /home/runner/work/ozone/ozone/hadoop-ozone/integration-test/target/test-dir/MiniOzoneClusterImpl-9b9b6652-41b7-4fde-acbd-22aaf54bb7d6/ozone-meta/ratis/bf265839-605b-3f16-9796-c5ba1605619e does not exist. Creating ...
2022-05-17 16:33:20,888 [pool-307-thread-1] INFO  storage.RaftStorageDirectory (RaftStorageDirectoryImpl.java:tryLock(230)) - Lock on /home/runner/work/ozone/ozone/hadoop-ozone/integration-test/target/test-dir/MiniOzoneClusterImpl-9b9b6652-41b7-4fde-acbd-22aaf54bb7d6/ozone-meta/ratis/bf265839-605b-3f16-9796-c5ba1605619e/in_use.lock acquired by nodename 17133@fv-az297-879
2022-05-17 16:33:20,925 [pool-307-thread-1] INFO  storage.RaftStorage (RaftStorageImpl.java:format(89)) - Storage directory /home/runner/work/ozone/ozone/hadoop-ozone/integration-test/target/test-dir/MiniOzoneClusterImpl-9b9b6652-41b7-4fde-acbd-22aaf54bb7d6/ozone-meta/ratis/bf265839-605b-3f16-9796-c5ba1605619e has been successfully formatted.
2022-05-17 16:33:20,926 [pool-307-thread-1] INFO  server.RaftServerConfigKeys (ConfUtils.java:logGet(44)) - raft.server.notification.no-leader.timeout = 120s (custom)
2022-05-17 16:33:20,926 [pool-307-thread-1] INFO  server.RaftServerConfigKeys (ConfUtils.java:logGet(44)) - raft.server.log.use.memory = false (default)
2022-05-17 16:33:20,926 [pool-307-thread-1] INFO  server.RaftServerConfigKeys (ConfUtils.java:logGet(44)) - raft.server.log.purge.gap = 1000000 (custom)
2022-05-17 16:33:20,926 [pool-307-thread-1] INFO  server.RaftServerConfigKeys (ConfUtils.java:logGet(44)) - raft.server.log.appender.buffer.byte-limit = 33554432 (custom)
2022-05-17 16:33:20,927 [pool-307-thread-1] INFO  server.RaftServerConfigKeys (ConfUtils.java:logGet(44)) - raft.server.log.segment.size.max = 4194304 (custom)
2022-05-17 16:33:20,927 [pool-307-thread-1] INFO  server.RaftServerConfigKeys (ConfUtils.java:logGet(44)) - raft.server.log.segment.cache.num.max = 2 (custom)
2022-05-17 16:33:20,927 [pool-307-thread-1] INFO  server.RaftServerConfigKeys (ConfUtils.java:logGet(44)) - raft.server.log.segment.cache.size.max = 200MB (=209715200) (default)
2022-05-17 16:33:20,927 [pool-307-thread-1] INFO  segmented.SegmentedRaftLogWorker (SegmentedRaftLogWorker.java:<init>(182)) - new om1@group-C5BA1605619E-SegmentedRaftLogWorker for RaftStorageImpl:Storage Directory /home/runner/work/ozone/ozone/hadoop-ozone/integration-test/target/test-dir/MiniOzoneClusterImpl-9b9b6652-41b7-4fde-acbd-22aaf54bb7d6/ozone-meta/ratis/bf265839-605b-3f16-9796-c5ba1605619e
2022-05-17 16:33:20,927 [pool-307-thread-1] INFO  server.RaftServerConfigKeys (ConfUtils.java:logGet(44)) - raft.server.log.queue.byte-limit = 64MB (=67108864) (default)
2022-05-17 16:33:20,927 [pool-307-thread-1] INFO  server.RaftServerConfigKeys (ConfUtils.java:logGet(44)) - raft.server.log.queue.element-limit = 4096 (default)
2022-05-17 16:33:20,927 [pool-307-thread-1] INFO  server.RaftServerConfigKeys (ConfUtils.java:logGet(44)) - raft.server.log.segment.size.max = 4194304 (custom)
2022-05-17 16:33:20,927 [pool-307-thread-1] INFO  server.RaftServerConfigKeys (ConfUtils.java:logGet(44)) - raft.server.log.preallocated.size = 4194304 (custom)
2022-05-17 16:33:20,927 [pool-307-thread-1] INFO  server.RaftServerConfigKeys (ConfUtils.java:logGet(44)) - raft.server.log.force.sync.num = 128 (default)
2022-05-17 16:33:20,927 [pool-307-thread-1] INFO  server.RaftServerConfigKeys (ConfUtils.java:logGet(44)) - raft.server.log.statemachine.data.sync = true (default)
2022-05-17 16:33:20,927 [pool-307-thread-1] INFO  server.RaftServerConfigKeys (ConfUtils.java:logGet(44)) - raft.server.log.statemachine.data.sync.timeout = 10s (default)
2022-05-17 16:33:20,928 [pool-307-thread-1] INFO  server.RaftServerConfigKeys (ConfUtils.java:logGet(44)) - raft.server.log.statemachine.data.sync.timeout.retry = -1 (default)
2022-05-17 16:33:20,929 [pool-307-thread-1] INFO  server.RaftServerConfigKeys (ConfUtils.java:logGet(44)) - raft.server.log.write.buffer.size = 64KB (=65536) (default)
2022-05-17 16:33:20,929 [pool-307-thread-1] INFO  server.RaftServerConfigKeys (ConfUtils.java:logGet(44)) - raft.server.log.statemachine.data.caching.enabled = false (default)
2022-05-17 16:33:20,929 [pool-307-thread-1] INFO  segmented.SegmentedRaftLogWorker (SegmentedRaftLogWorker.java:lambda$new$0(133)) - om1@group-C5BA1605619E-SegmentedRaftLogWorker: flushIndex: setUnconditionally 0 -> -1
2022-05-17 16:33:20,929 [pool-307-thread-1] INFO  segmented.SegmentedRaftLogWorker (SegmentedRaftLogWorker.java:lambda$new$0(133)) - om1@group-C5BA1605619E-SegmentedRaftLogWorker: safeCacheEvictIndex: setUnconditionally 0 -> -1
2022-05-17 16:33:20,941 [pool-307-thread-1] INFO  server.RaftServerConfigKeys (ConfUtils.java:logGet(44)) - raft.server.snapshot.auto.trigger.enabled = true (custom)
2022-05-17 16:33:20,942 [pool-307-thread-1] INFO  server.RaftServerConfigKeys (ConfUtils.java:logGet(44)) - raft.server.snapshot.auto.trigger.threshold = 400000 (default)
2022-05-17 16:33:20,942 [pool-307-thread-1] INFO  server.RaftServerConfigKeys (ConfUtils.java:logGet(44)) - raft.server.snapshot.retention.file.num = -1 (default)
2022-05-17 16:33:20,942 [pool-307-thread-1] INFO  server.RaftServerConfigKeys (ConfUtils.java:logGet(44)) - raft.server.log.purge.upto.snapshot.index = true (custom)
2022-05-17 16:33:20,942 [pool-307-thread-1] INFO  server.RaftServerConfigKeys (ConfUtils.java:logGet(44)) - raft.server.retrycache.expirytime = 300s (custom)
2022-05-17 16:33:20,942 [pool-307-thread-1] INFO  server.RaftServerConfigKeys (ConfUtils.java:logGet(44)) - raft.server.retrycache.statistics.expirytime = 100μs (default)
2022-05-17 16:33:21,637 [Listener at 0.0.0.0/36611] INFO  reflections.Reflections (Reflections.java:scan(232)) - Reflections took 757 ms to scan 19 urls, producing 61 keys and 3686 values [using 2 cores]
2022-05-17 16:33:21,639 [Listener at 0.0.0.0/36611] INFO  ipc.CallQueueManager (CallQueueManager.java:<init>(90)) - Using callQueue: class java.util.concurrent.LinkedBlockingQueue, queueCapacity: 2000, scheduler: class org.apache.hadoop.ipc.DefaultRpcScheduler, ipcBackoff: false.
2022-05-17 16:33:21,669 [Socket Reader #1 for port 0] INFO  ipc.Server (Server.java:run(1265)) - Starting Socket Reader #1 for port 0
2022-05-17 16:33:21,699 [Listener at 127.0.0.1/39929] INFO  impl.MetricsSystemImpl (MetricsSystemImpl.java:init(158)) - OzoneManager metrics system started (again)
2022-05-17 16:33:21,741 [Listener at 127.0.0.1/39929] INFO  om.OzoneManager (OzoneManager.java:start(1405)) - OzoneManager RPC server is listening at localhost/127.0.0.1:39929
2022-05-17 16:33:21,742 [Listener at 127.0.0.1/39929] INFO  ratis.OzoneManagerRatisServer (OzoneManagerRatisServer.java:start(554)) - Starting OzoneManagerRatisServer om1 at port 9872
2022-05-17 16:33:21,742 [Listener at 127.0.0.1/39929] INFO  server.RaftServer$Division (RaftServerImpl.java:start(301)) - om1@group-C5BA1605619E: start as a follower, conf=-1: [om1|rpc:localhost:9872|priority:0], old=null
2022-05-17 16:33:21,742 [Listener at 127.0.0.1/39929] INFO  server.RaftServer$Division (RaftServerImpl.java:setRole(290)) - om1@group-C5BA1605619E: changes role from      null to FOLLOWER at term 0 for startAsFollower
2022-05-17 16:33:21,742 [Listener at 127.0.0.1/39929] INFO  impl.RoleInfo (RoleInfo.java:updateAndGet(130)) - om1: start om1@group-C5BA1605619E-FollowerState
2022-05-17 16:33:21,750 [Listener at 127.0.0.1/39929] INFO  util.JmxRegister (JmxRegister.java:tryRegister(44)) - Successfully registered JMX Bean with object name Ratis:service=RaftServer,group=group-C5BA1605619E,id=om1
2022-05-17 16:33:21,752 [Listener at 127.0.0.1/39929] INFO  server.RaftServer (RaftServerProxy.java:lambda$start$5(374)) - om1: start RPC server
2022-05-17 16:33:21,782 [Listener at 127.0.0.1/39929] INFO  server.GrpcService (GrpcService.java:startImpl(253)) - om1: GrpcService started, listening on 9872
2022-05-17 16:33:21,784 [Listener at 127.0.0.1/39929] INFO  om.OzoneManager (OzoneManager.java:start(1421)) - Version File has different layout version (2) than OM DB (null). That is expected if this OM has never been finalized to a newer layout version.
2022-05-17 16:33:21,784 [org.apache.ratis.util.JvmPauseMonitor$$Lambda$622/456676922@1648577d] INFO  util.JvmPauseMonitor (JvmPauseMonitor.java:run(103)) - JvmPauseMonitor-om1: Started
2022-05-17 16:33:21,786 [Listener at 127.0.0.1/39929] INFO  http.BaseHttpServer (BaseHttpServer.java:newHttpServer2BuilderForOzone(209)) - Starting Web-server for ozoneManager at: http://0.0.0.0:0
2022-05-17 16:33:21,787 [Listener at 127.0.0.1/39929] INFO  http.BaseHttpServer (BaseHttpServer.java:<init>(107)) - Hadoop Security Enabled: false Ozone Security Enabled: false Ozone HTTP Security Enabled: false 
2022-05-17 16:33:21,788 [Listener at 127.0.0.1/39929] INFO  server.AuthenticationFilter (AuthenticationFilter.java:constructSecretProvider(240)) - Unable to initialize FileSignerSecretProvider, falling back to use random secrets.
2022-05-17 16:33:21,788 [Listener at 127.0.0.1/39929] WARN  http.HttpRequestLog (HttpRequestLog.java:getRequestLog(103)) - Jetty request log can only be enabled using Log4j
2022-05-17 16:33:21,789 [Listener at 127.0.0.1/39929] INFO  http.HttpServer2 (HttpServer2.java:addGlobalFilter(1030)) - Added global filter 'safety' (class=org.apache.hadoop.hdds.server.http.HttpServer2$QuotingInputFilter)
2022-05-17 16:33:21,790 [Listener at 127.0.0.1/39929] INFO  http.HttpServer2 (HttpServer2.java:addFilter(1006)) - Added filter static_user_filter (class=org.apache.hadoop.http.lib.StaticUserWebFilter$StaticUserFilter) to context ozoneManager
2022-05-17 16:33:21,790 [Listener at 127.0.0.1/39929] INFO  http.HttpServer2 (HttpServer2.java:addFilter(1014)) - Added filter static_user_filter (class=org.apache.hadoop.http.lib.StaticUserWebFilter$StaticUserFilter) to context static
2022-05-17 16:33:21,790 [Listener at 127.0.0.1/39929] INFO  http.HttpServer2 (HttpServer2.java:addFilter(1014)) - Added filter static_user_filter (class=org.apache.hadoop.http.lib.StaticUserWebFilter$StaticUserFilter) to context logs
2022-05-17 16:33:21,791 [Listener at 127.0.0.1/39929] INFO  http.HttpServer2 (HttpServer2.java:bindListener(1249)) - Jetty bound to port 32987
2022-05-17 16:33:21,791 [Listener at 127.0.0.1/39929] INFO  server.Server (Server.java:doStart(375)) - jetty-9.4.43.v20210629; built: 2021-06-30T11:07:22.254Z; git: 526006ecfa3af7f1a27ef3a288e2bef7ea9dd7e8; jvm 1.8.0_332-b09
2022-05-17 16:33:21,793 [Listener at 127.0.0.1/39929] INFO  server.session (DefaultSessionIdManager.java:doStart(334)) - DefaultSessionIdManager workerName=node0
2022-05-17 16:33:21,793 [Listener at 127.0.0.1/39929] INFO  server.session (DefaultSessionIdManager.java:doStart(339)) - No SessionScavenger set, using defaults
2022-05-17 16:33:21,793 [Listener at 127.0.0.1/39929] INFO  server.session (HouseKeeper.java:startScavenging(132)) - node0 Scavenging every 600000ms
2022-05-17 16:33:21,794 [Listener at 127.0.0.1/39929] INFO  handler.ContextHandler (ContextHandler.java:doStart(915)) - Started o.e.j.s.ServletContextHandler@19f7107e{logs,/logs,file:///home/runner/work/ozone/ozone/hadoop-ozone/integration-test/target/log,AVAILABLE}
2022-05-17 16:33:21,794 [Listener at 127.0.0.1/39929] INFO  handler.ContextHandler (ContextHandler.java:doStart(915)) - Started o.e.j.s.ServletContextHandler@21622e1{static,/static,file:///home/runner/work/ozone/ozone/hadoop-ozone/integration-test/target/test-classes/webapps/static,AVAILABLE}
2022-05-17 16:33:21,798 [Listener at 127.0.0.1/39929] INFO  handler.ContextHandler (ContextHandler.java:doStart(915)) - Started o.e.j.w.WebAppContext@288c9969{ozoneManager,/,file:///home/runner/work/ozone/ozone/hadoop-ozone/integration-test/target/test-classes/webapps/ozoneManager/,AVAILABLE}{file:/home/runner/work/ozone/ozone/hadoop-ozone/integration-test/target/test-classes/webapps/ozoneManager}
2022-05-17 16:33:21,813 [Listener at 127.0.0.1/39929] INFO  server.AbstractConnector (AbstractConnector.java:doStart(331)) - Started ServerConnector@44a4676b{HTTP/1.1, (http/1.1)}{0.0.0.0:32987}
2022-05-17 16:33:21,813 [Listener at 127.0.0.1/39929] INFO  server.Server (Server.java:doStart(415)) - Started @83011ms
2022-05-17 16:33:21,813 [Listener at 127.0.0.1/39929] WARN  impl.MetricsSystemImpl (MetricsSystemImpl.java:register(279)) - Sink prometheus already exists!
2022-05-17 16:33:21,814 [Listener at 127.0.0.1/39929] INFO  http.BaseHttpServer (BaseHttpServer.java:updateConnectorAddress(329)) - HTTP server of ozoneManager listening at http://0.0.0.0:32987
2022-05-17 16:33:21,822 [IPC Server Responder] INFO  ipc.Server (Server.java:run(1507)) - IPC Server Responder: starting
2022-05-17 16:33:21,826 [IPC Server listener on 0] INFO  ipc.Server (Server.java:run(1344)) - IPC Server listener on 0: starting
2022-05-17 16:33:21,856 [Listener at 127.0.0.1/39929] INFO  om.OzoneManager (OzoneManager.java:startTrashEmptier(1845)) - Trash Interval set to 0. Files deleted won't move to trash
2022-05-17 16:33:21,889 [org.apache.hadoop.util.JvmPauseMonitor$Monitor@440404f5] INFO  util.JvmPauseMonitor (JvmPauseMonitor.java:run(188)) - Starting JVM pause monitor
2022-05-17 16:33:21,895 [Listener at 127.0.0.1/39929] WARN  impl.MetricRegistriesImpl (MetricRegistriesImpl.java:addReporterRegistration(111)) - New reporters are added after registries were created. Some metrics will be missing from the reporter. Please add reporter before adding any new registry.
2022-05-17 16:33:21,895 [Listener at 127.0.0.1/39929] WARN  impl.MetricRegistriesImpl (MetricRegistriesImpl.java:addReporterRegistration(111)) - New reporters are added after registries were created. Some metrics will be missing from the reporter. Please add reporter before adding any new registry.
2022-05-17 16:33:21,896 [Listener at 127.0.0.1/39929] INFO  impl.MetricsSystemImpl (MetricsSystemImpl.java:init(158)) - HddsDatanode metrics system started (again)
2022-05-17 16:33:22,146 [Listener at 127.0.0.1/39929] INFO  ozone.HddsDatanodeService (HddsDatanodeService.java:start(236)) - HddsDatanodeService host:fv-az297-879.nmf1rxwemy4u5di1sxxf4ejcwb.jx.internal.cloudapp.net ip:10.1.0.54
2022-05-17 16:33:22,221 [Listener at 127.0.0.1/39929] INFO  upgrade.AbstractLayoutVersionManager (AbstractLayoutVersionManager.java:init(79)) - Initializing Layout version manager with metadata layout = ERASURE_CODED_STORAGE_SUPPORT (version = 3), software layout = ERASURE_CODED_STORAGE_SUPPORT (version = 3)
2022-05-17 16:33:22,357 [Listener at 127.0.0.1/39929] INFO  reflections.Reflections (Reflections.java:scan(232)) - Reflections took 130 ms to scan 7 urls, producing 127 keys and 292 values 
2022-05-17 16:33:22,361 [Listener at 127.0.0.1/39929] INFO  statemachine.DatanodeStateMachine (DatanodeStateMachine.java:getEndPointTaskThreadPoolSize(233)) - Datanode State Machine Task Thread Pool size 2
2022-05-17 16:33:22,370 [Listener at 127.0.0.1/39929] INFO  volume.HddsVolume (HddsVolume.java:<init>(120)) - Creating HddsVolume: /home/runner/work/ozone/ozone/hadoop-ozone/integration-test/target/test-dir/MiniOzoneClusterImpl-9b9b6652-41b7-4fde-acbd-22aaf54bb7d6/datanode-0/data-0/containers/hdds of storage type : DISK capacity : 9223372036854775807
2022-05-17 16:33:22,370 [Listener at 127.0.0.1/39929] INFO  volume.MutableVolumeSet (MutableVolumeSet.java:initializeVolumeSet(168)) - Added Volume : /home/runner/work/ozone/ozone/hadoop-ozone/integration-test/target/test-dir/MiniOzoneClusterImpl-9b9b6652-41b7-4fde-acbd-22aaf54bb7d6/datanode-0/data-0/containers/hdds to VolumeSet
2022-05-17 16:33:22,370 [Listener at 127.0.0.1/39929] INFO  volume.ThrottledAsyncChecker (ThrottledAsyncChecker.java:schedule(141)) - Scheduling a check for /home/runner/work/ozone/ozone/hadoop-ozone/integration-test/target/test-dir/MiniOzoneClusterImpl-9b9b6652-41b7-4fde-acbd-22aaf54bb7d6/datanode-0/data-0/containers/hdds
2022-05-17 16:33:22,375 [Listener at 127.0.0.1/39929] INFO  volume.StorageVolumeChecker (StorageVolumeChecker.java:checkAllVolumes(202)) - Scheduled health check for volume /home/runner/work/ozone/ozone/hadoop-ozone/integration-test/target/test-dir/MiniOzoneClusterImpl-9b9b6652-41b7-4fde-acbd-22aaf54bb7d6/datanode-0/data-0/containers/hdds
2022-05-17 16:33:22,393 [Listener at 127.0.0.1/39929] INFO  volume.MutableVolumeSet (MutableVolumeSet.java:initializeVolumeSet(168)) - Added Volume : /home/runner/work/ozone/ozone/hadoop-ozone/integration-test/target/test-dir/MiniOzoneClusterImpl-9b9b6652-41b7-4fde-acbd-22aaf54bb7d6/datanode-0/data/ratis to VolumeSet
2022-05-17 16:33:22,393 [Listener at 127.0.0.1/39929] INFO  volume.ThrottledAsyncChecker (ThrottledAsyncChecker.java:schedule(141)) - Scheduling a check for /home/runner/work/ozone/ozone/hadoop-ozone/integration-test/target/test-dir/MiniOzoneClusterImpl-9b9b6652-41b7-4fde-acbd-22aaf54bb7d6/datanode-0/data/ratis
2022-05-17 16:33:22,394 [Listener at 127.0.0.1/39929] INFO  volume.StorageVolumeChecker (StorageVolumeChecker.java:checkAllVolumes(202)) - Scheduled health check for volume /home/runner/work/ozone/ozone/hadoop-ozone/integration-test/target/test-dir/MiniOzoneClusterImpl-9b9b6652-41b7-4fde-acbd-22aaf54bb7d6/datanode-0/data/ratis
2022-05-17 16:33:22,421 [Thread-634] INFO  ozoneimpl.ContainerReader (ContainerReader.java:readVolume(172)) - Finish verifying containers on volume /home/runner/work/ozone/ozone/hadoop-ozone/integration-test/target/test-dir/MiniOzoneClusterImpl-9b9b6652-41b7-4fde-acbd-22aaf54bb7d6/datanode-0/data-0/containers/hdds
2022-05-17 16:33:22,421 [Listener at 127.0.0.1/39929] INFO  ozoneimpl.OzoneContainer (OzoneContainer.java:buildContainerSet(257)) - Build ContainerSet costs 0s
2022-05-17 16:33:22,424 [Listener at 127.0.0.1/39929] INFO  server.RaftServer (ConfUtils.java:logGet(44)) - raft.rpc.type = GRPC (default)
2022-05-17 16:33:22,424 [Listener at 127.0.0.1/39929] INFO  grpc.GrpcFactory (GrpcFactory.java:checkPooledByteBufAllocatorUseCacheForAllThreads(48)) - PERFORMANCE WARNING: useCacheForAllThreads is true that may cause Netty to create a lot garbage objects and, as a result, trigger GC.
	It is recommended to disable useCacheForAllThreads by setting -Dorg.apache.ratis.thirdparty.io.netty.allocator.useCacheForAllThreads=false in command line.
2022-05-17 16:33:22,424 [Listener at 127.0.0.1/39929] INFO  grpc.GrpcConfigKeys (ConfUtils.java:logGet(44)) - raft.grpc.admin.port = 0 (custom)
2022-05-17 16:33:22,424 [Listener at 127.0.0.1/39929] INFO  grpc.GrpcConfigKeys (ConfUtils.java:logGet(44)) - raft.grpc.client.port = 0 (custom)
2022-05-17 16:33:22,425 [Listener at 127.0.0.1/39929] INFO  grpc.GrpcConfigKeys (ConfUtils.java:logGet(44)) - raft.grpc.server.port = 0 (default)
2022-05-17 16:33:22,425 [Listener at 127.0.0.1/39929] INFO  server.GrpcService (ConfUtils.java:logGet(44)) - raft.grpc.message.size.max = 32MB (=33554432) (custom)
2022-05-17 16:33:22,425 [Listener at 127.0.0.1/39929] INFO  server.RaftServerConfigKeys (ConfUtils.java:logGet(44)) - raft.server.log.appender.buffer.byte-limit = 33554432 (custom)
2022-05-17 16:33:22,425 [Listener at 127.0.0.1/39929] INFO  server.GrpcService (ConfUtils.java:logGet(44)) - raft.grpc.flow.control.window = 5MB (=5242880) (custom)
2022-05-17 16:33:22,442 [Listener at 127.0.0.1/39929] INFO  server.RaftServerConfigKeys (ConfUtils.java:logGet(44)) - raft.server.rpc.request.timeout = 60s (custom)
2022-05-17 16:33:22,443 [Listener at 127.0.0.1/39929] INFO  impl.DataStreamServerImpl (ConfUtils.java:logGet(44)) - raft.datastream.type = DISABLED (default)
2022-05-17 16:33:22,444 [Listener at 127.0.0.1/39929] INFO  server.RaftServerConfigKeys (ConfUtils.java:logGet(44)) - raft.server.rpc.slowness.timeout = 300s (custom)
2022-05-17 16:33:22,444 [Listener at 127.0.0.1/39929] INFO  server.RaftServerConfigKeys (ConfUtils.java:logGet(44)) - raft.server.leaderelection.leader.step-down.wait-time = 10s (default)
2022-05-17 16:33:22,444 [Listener at 127.0.0.1/39929] INFO  server.RaftServerConfigKeys (ConfUtils.java:logGet(44)) - raft.server.storage.dir = [/home/runner/work/ozone/ozone/hadoop-ozone/integration-test/target/test-dir/MiniOzoneClusterImpl-9b9b6652-41b7-4fde-acbd-22aaf54bb7d6/datanode-0/data/ratis] (custom)
2022-05-17 16:33:22,451 [Listener at 127.0.0.1/39929] INFO  server.XceiverServerGrpc (XceiverServerGrpc.java:<init>(132)) - GrpcServer channel type EpollServerSocketChannel
2022-05-17 16:33:22,455 [Listener at 127.0.0.1/39929] INFO  http.BaseHttpServer (BaseHttpServer.java:newHttpServer2BuilderForOzone(209)) - Starting Web-server for hddsDatanode at: http://0.0.0.0:0
2022-05-17 16:33:22,455 [Listener at 127.0.0.1/39929] INFO  http.BaseHttpServer (BaseHttpServer.java:<init>(107)) - Hadoop Security Enabled: false Ozone Security Enabled: false Ozone HTTP Security Enabled: false 
2022-05-17 16:33:22,456 [Listener at 127.0.0.1/39929] INFO  server.AuthenticationFilter (AuthenticationFilter.java:constructSecretProvider(240)) - Unable to initialize FileSignerSecretProvider, falling back to use random secrets.
2022-05-17 16:33:22,457 [Listener at 127.0.0.1/39929] WARN  http.HttpRequestLog (HttpRequestLog.java:getRequestLog(103)) - Jetty request log can only be enabled using Log4j
2022-05-17 16:33:22,458 [Listener at 127.0.0.1/39929] INFO  http.HttpServer2 (HttpServer2.java:addGlobalFilter(1030)) - Added global filter 'safety' (class=org.apache.hadoop.hdds.server.http.HttpServer2$QuotingInputFilter)
2022-05-17 16:33:22,459 [Listener at 127.0.0.1/39929] INFO  http.HttpServer2 (HttpServer2.java:addFilter(1006)) - Added filter static_user_filter (class=org.apache.hadoop.http.lib.StaticUserWebFilter$StaticUserFilter) to context hddsDatanode
2022-05-17 16:33:22,459 [Listener at 127.0.0.1/39929] INFO  http.HttpServer2 (HttpServer2.java:addFilter(1014)) - Added filter static_user_filter (class=org.apache.hadoop.http.lib.StaticUserWebFilter$StaticUserFilter) to context logs
2022-05-17 16:33:22,459 [Listener at 127.0.0.1/39929] INFO  http.HttpServer2 (HttpServer2.java:addFilter(1014)) - Added filter static_user_filter (class=org.apache.hadoop.http.lib.StaticUserWebFilter$StaticUserFilter) to context static
2022-05-17 16:33:22,459 [Listener at 127.0.0.1/39929] INFO  http.HttpServer2 (HttpServer2.java:bindListener(1249)) - Jetty bound to port 34503
2022-05-17 16:33:22,460 [Listener at 127.0.0.1/39929] INFO  server.Server (Server.java:doStart(375)) - jetty-9.4.43.v20210629; built: 2021-06-30T11:07:22.254Z; git: 526006ecfa3af7f1a27ef3a288e2bef7ea9dd7e8; jvm 1.8.0_332-b09
2022-05-17 16:33:22,479 [Listener at 127.0.0.1/39929] INFO  server.session (DefaultSessionIdManager.java:doStart(334)) - DefaultSessionIdManager workerName=node0
2022-05-17 16:33:22,479 [Listener at 127.0.0.1/39929] INFO  server.session (DefaultSessionIdManager.java:doStart(339)) - No SessionScavenger set, using defaults
2022-05-17 16:33:22,480 [Listener at 127.0.0.1/39929] INFO  server.session (HouseKeeper.java:startScavenging(132)) - node0 Scavenging every 660000ms
2022-05-17 16:33:22,481 [Listener at 127.0.0.1/39929] INFO  handler.ContextHandler (ContextHandler.java:doStart(915)) - Started o.e.j.s.ServletContextHandler@45e0589{logs,/logs,file:///home/runner/work/ozone/ozone/hadoop-ozone/integration-test/target/log,AVAILABLE}
2022-05-17 16:33:22,481 [Listener at 127.0.0.1/39929] INFO  handler.ContextHandler (ContextHandler.java:doStart(915)) - Started o.e.j.s.ServletContextHandler@20851e5b{static,/static,jar:file:/home/runner/.m2/repository/org/apache/ozone/hdds-container-service/1.3.0-SNAPSHOT/hdds-container-service-1.3.0-SNAPSHOT.jar!/webapps/static,AVAILABLE}
2022-05-17 16:33:22,857 [Listener at 127.0.0.1/39929] INFO  handler.ContextHandler (ContextHandler.java:doStart(915)) - Started o.e.j.w.WebAppContext@53d917df{hddsDatanode,/,file:///tmp/jetty-0_0_0_0-34503-hdds-container-service-1_3_0-SNAPSHOT_jar-_-any-5790678723288488886/webapp/,AVAILABLE}{jar:file:/home/runner/.m2/repository/org/apache/ozone/hdds-container-service/1.3.0-SNAPSHOT/hdds-container-service-1.3.0-SNAPSHOT.jar!/webapps/hddsDatanode}
2022-05-17 16:33:22,862 [Listener at 127.0.0.1/39929] INFO  server.AbstractConnector (AbstractConnector.java:doStart(331)) - Started ServerConnector@f723474{HTTP/1.1, (http/1.1)}{0.0.0.0:34503}
2022-05-17 16:33:22,862 [Listener at 127.0.0.1/39929] INFO  server.Server (Server.java:doStart(415)) - Started @84060ms
2022-05-17 16:33:22,862 [Listener at 127.0.0.1/39929] WARN  impl.MetricsSystemImpl (MetricsSystemImpl.java:register(279)) - Sink prometheus already exists!
2022-05-17 16:33:22,863 [Listener at 127.0.0.1/39929] INFO  http.BaseHttpServer (BaseHttpServer.java:updateConnectorAddress(329)) - HTTP server of hddsDatanode listening at http://0.0.0.0:34503
2022-05-17 16:33:22,864 [Listener at 127.0.0.1/39929] WARN  impl.MetricRegistriesImpl (MetricRegistriesImpl.java:addReporterRegistration(111)) - New reporters are added after registries were created. Some metrics will be missing from the reporter. Please add reporter before adding any new registry.
2022-05-17 16:33:22,864 [Listener at 127.0.0.1/39929] WARN  impl.MetricRegistriesImpl (MetricRegistriesImpl.java:addReporterRegistration(111)) - New reporters are added after registries were created. Some metrics will be missing from the reporter. Please add reporter before adding any new registry.
2022-05-17 16:33:22,864 [Listener at 127.0.0.1/39929] INFO  impl.MetricsSystemImpl (MetricsSystemImpl.java:init(158)) - HddsDatanode metrics system started (again)
2022-05-17 16:33:22,871 [om1@group-C5BA1605619E-FollowerState] INFO  impl.FollowerState (FollowerState.java:run(134)) - om1@group-C5BA1605619E-FollowerState: change to CANDIDATE, lastRpcElapsedTime:1128605341ns, electionTimeout:1109ms
2022-05-17 16:33:22,871 [om1@group-C5BA1605619E-FollowerState] INFO  impl.RoleInfo (RoleInfo.java:shutdownFollowerState(108)) - om1: shutdown om1@group-C5BA1605619E-FollowerState
2022-05-17 16:33:22,871 [om1@group-C5BA1605619E-FollowerState] INFO  server.RaftServer$Division (RaftServerImpl.java:setRole(290)) - om1@group-C5BA1605619E: changes role from  FOLLOWER to CANDIDATE at term 0 for changeToCandidate
2022-05-17 16:33:22,871 [om1@group-C5BA1605619E-FollowerState] INFO  server.RaftServerConfigKeys (ConfUtils.java:logGet(44)) - raft.server.leaderelection.pre-vote = false (custom)
2022-05-17 16:33:22,871 [om1@group-C5BA1605619E-FollowerState] INFO  impl.RoleInfo (RoleInfo.java:updateAndGet(130)) - om1: start om1@group-C5BA1605619E-LeaderElection18
2022-05-17 16:33:22,893 [Datanode State Machine Daemon Thread] INFO  statemachine.DatanodeStateMachine (DatanodeStateMachine.java:lambda$startDaemon$0(481)) - Ozone container server started.
2022-05-17 16:33:22,902 [Listener at 127.0.0.1/39929] INFO  ozone.HddsDatanodeService (HddsDatanodeService.java:start(236)) - HddsDatanodeService host:fv-az297-879.nmf1rxwemy4u5di1sxxf4ejcwb.jx.internal.cloudapp.net ip:10.1.0.54
2022-05-17 16:33:22,930 [org.apache.hadoop.util.JvmPauseMonitor$Monitor@78a47da3] INFO  util.JvmPauseMonitor (JvmPauseMonitor.java:run(188)) - Starting JVM pause monitor
2022-05-17 16:33:22,947 [om1@group-C5BA1605619E-LeaderElection18] INFO  impl.LeaderElection (LeaderElection.java:askForVotes(306)) - om1@group-C5BA1605619E-LeaderElection18 ELECTION round 0: submit vote requests at term 1 for -1: [om1|rpc:localhost:9872|priority:0], old=null
2022-05-17 16:33:22,947 [om1@group-C5BA1605619E-LeaderElection18] INFO  impl.LeaderElection (LeaderElection.java:askForVotes(308)) - om1@group-C5BA1605619E-LeaderElection18 ELECTION round 0: result PASSED (term=1)
2022-05-17 16:33:22,947 [om1@group-C5BA1605619E-LeaderElection18] INFO  impl.RoleInfo (RoleInfo.java:shutdownLeaderElection(121)) - om1: shutdown om1@group-C5BA1605619E-LeaderElection18
2022-05-17 16:33:22,947 [om1@group-C5BA1605619E-LeaderElection18] INFO  server.RaftServer$Division (RaftServerImpl.java:setRole(290)) - om1@group-C5BA1605619E: changes role from CANDIDATE to LEADER at term 1 for changeToLeader
2022-05-17 16:33:22,947 [om1@group-C5BA1605619E-LeaderElection18] INFO  server.RaftServer$Division (ServerState.java:setLeader(285)) - om1@group-C5BA1605619E: change Leader from null to om1 at term 1 for becomeLeader, leader elected after 2021ms
2022-05-17 16:33:22,947 [om1@group-C5BA1605619E-LeaderElection18] INFO  server.RaftServerConfigKeys (ConfUtils.java:logGet(44)) - raft.server.staging.catchup.gap = 1000 (default)
2022-05-17 16:33:22,948 [om1@group-C5BA1605619E-LeaderElection18] INFO  server.RaftServerConfigKeys (ConfUtils.java:logGet(44)) - raft.server.write.element-limit = 4096 (default)
2022-05-17 16:33:22,948 [om1@group-C5BA1605619E-LeaderElection18] INFO  server.RaftServerConfigKeys (ConfUtils.java:logGet(44)) - raft.server.write.byte-limit = 64MB (=67108864) (default)
2022-05-17 16:33:22,948 [om1@group-C5BA1605619E-LeaderElection18] INFO  server.RaftServerConfigKeys (ConfUtils.java:logGet(44)) - raft.server.watch.timeout = 10s (default)
2022-05-17 16:33:22,948 [om1@group-C5BA1605619E-LeaderElection18] INFO  server.RaftServerConfigKeys (ConfUtils.java:logGet(44)) - raft.server.watch.timeout.denomination = 1s (default)
2022-05-17 16:33:22,948 [om1@group-C5BA1605619E-LeaderElection18] INFO  server.RaftServerConfigKeys (ConfUtils.java:logGet(44)) - raft.server.watch.element-limit = 65536 (default)
2022-05-17 16:33:22,949 [om1@group-C5BA1605619E-LeaderElection18] INFO  server.RaftServerConfigKeys (ConfUtils.java:logGet(44)) - raft.server.write.element-limit = 4096 (default)
2022-05-17 16:33:22,949 [om1@group-C5BA1605619E-LeaderElection18] INFO  server.RaftServerConfigKeys (ConfUtils.java:logGet(44)) - raft.server.write.follower.gap.ratio.max = -1.0 (default)
2022-05-17 16:33:22,949 [om1@group-C5BA1605619E-LeaderElection18] INFO  impl.RoleInfo (RoleInfo.java:updateAndGet(130)) - om1: start om1@group-C5BA1605619E-LeaderStateImpl
2022-05-17 16:33:22,949 [om1@group-C5BA1605619E-LeaderElection18] INFO  segmented.SegmentedRaftLogWorker (SegmentedRaftLogWorker.java:startLogSegment(394)) - om1@group-C5BA1605619E-SegmentedRaftLogWorker: Starting segment from index:0
2022-05-17 16:33:22,973 [om1@group-C5BA1605619E-SegmentedRaftLogWorker] INFO  segmented.SegmentedRaftLogWorker (SegmentedRaftLogWorker.java:execute(601)) - om1@group-C5BA1605619E-SegmentedRaftLogWorker: created new log segment /home/runner/work/ozone/ozone/hadoop-ozone/integration-test/target/test-dir/MiniOzoneClusterImpl-9b9b6652-41b7-4fde-acbd-22aaf54bb7d6/ozone-meta/ratis/bf265839-605b-3f16-9796-c5ba1605619e/current/log_inprogress_0
2022-05-17 16:33:22,988 [Datanode State Machine Task Thread - 0] INFO  datanode.InitDatanodeState (InitDatanodeState.java:persistContainerDatanodeDetails(138)) - DatanodeDetails is persisted to /home/runner/work/ozone/ozone/hadoop-ozone/integration-test/target/test-dir/MiniOzoneClusterImpl-9b9b6652-41b7-4fde-acbd-22aaf54bb7d6/datanode-0/meta/datanode.id
2022-05-17 16:33:22,989 [om1@group-C5BA1605619E-LeaderElection18] INFO  server.RaftServer$Division (ServerState.java:setRaftConf(387)) - om1@group-C5BA1605619E: set configuration 0: [om1|rpc:localhost:9872|admin:|client:|dataStream:|priority:0], old=null
2022-05-17 16:33:22,989 [Listener at 127.0.0.1/39929] INFO  upgrade.AbstractLayoutVersionManager (AbstractLayoutVersionManager.java:init(79)) - Initializing Layout version manager with metadata layout = ERASURE_CODED_STORAGE_SUPPORT (version = 3), software layout = ERASURE_CODED_STORAGE_SUPPORT (version = 3)
2022-05-17 16:33:22,990 [om1@group-C5BA1605619E-StateMachineUpdater] INFO  ratis.OzoneManagerStateMachine (OzoneManagerStateMachine.java:notifyConfigurationChanged(191)) - Received Configuration change notification from Ratis. New Peer list:
[id: "om1"
address: "localhost:9872"
]
2022-05-17 16:33:23,086 [Listener at 127.0.0.1/39929] INFO  reflections.Reflections (Reflections.java:scan(232)) - Reflections took 88 ms to scan 7 urls, producing 127 keys and 292 values 
2022-05-17 16:33:23,088 [Listener at 127.0.0.1/39929] INFO  statemachine.DatanodeStateMachine (DatanodeStateMachine.java:getEndPointTaskThreadPoolSize(233)) - Datanode State Machine Task Thread Pool size 2
2022-05-17 16:33:23,104 [Listener at 127.0.0.1/39929] INFO  volume.HddsVolume (HddsVolume.java:<init>(120)) - Creating HddsVolume: /home/runner/work/ozone/ozone/hadoop-ozone/integration-test/target/test-dir/MiniOzoneClusterImpl-9b9b6652-41b7-4fde-acbd-22aaf54bb7d6/datanode-1/data-0/containers/hdds of storage type : DISK capacity : 9223372036854775807
2022-05-17 16:33:23,105 [Listener at 127.0.0.1/39929] INFO  volume.MutableVolumeSet (MutableVolumeSet.java:initializeVolumeSet(168)) - Added Volume : /home/runner/work/ozone/ozone/hadoop-ozone/integration-test/target/test-dir/MiniOzoneClusterImpl-9b9b6652-41b7-4fde-acbd-22aaf54bb7d6/datanode-1/data-0/containers/hdds to VolumeSet
2022-05-17 16:33:23,105 [Listener at 127.0.0.1/39929] INFO  volume.ThrottledAsyncChecker (ThrottledAsyncChecker.java:schedule(141)) - Scheduling a check for /home/runner/work/ozone/ozone/hadoop-ozone/integration-test/target/test-dir/MiniOzoneClusterImpl-9b9b6652-41b7-4fde-acbd-22aaf54bb7d6/datanode-1/data-0/containers/hdds
2022-05-17 16:33:23,107 [Listener at 127.0.0.1/39929] INFO  volume.StorageVolumeChecker (StorageVolumeChecker.java:checkAllVolumes(202)) - Scheduled health check for volume /home/runner/work/ozone/ozone/hadoop-ozone/integration-test/target/test-dir/MiniOzoneClusterImpl-9b9b6652-41b7-4fde-acbd-22aaf54bb7d6/datanode-1/data-0/containers/hdds
2022-05-17 16:33:23,123 [Listener at 127.0.0.1/39929] INFO  volume.MutableVolumeSet (MutableVolumeSet.java:initializeVolumeSet(168)) - Added Volume : /home/runner/work/ozone/ozone/hadoop-ozone/integration-test/target/test-dir/MiniOzoneClusterImpl-9b9b6652-41b7-4fde-acbd-22aaf54bb7d6/datanode-1/data/ratis to VolumeSet
2022-05-17 16:33:23,123 [Listener at 127.0.0.1/39929] INFO  volume.ThrottledAsyncChecker (ThrottledAsyncChecker.java:schedule(141)) - Scheduling a check for /home/runner/work/ozone/ozone/hadoop-ozone/integration-test/target/test-dir/MiniOzoneClusterImpl-9b9b6652-41b7-4fde-acbd-22aaf54bb7d6/datanode-1/data/ratis
2022-05-17 16:33:23,124 [Listener at 127.0.0.1/39929] INFO  volume.StorageVolumeChecker (StorageVolumeChecker.java:checkAllVolumes(202)) - Scheduled health check for volume /home/runner/work/ozone/ozone/hadoop-ozone/integration-test/target/test-dir/MiniOzoneClusterImpl-9b9b6652-41b7-4fde-acbd-22aaf54bb7d6/datanode-1/data/ratis
2022-05-17 16:33:23,151 [Thread-648] INFO  ozoneimpl.ContainerReader (ContainerReader.java:readVolume(172)) - Finish verifying containers on volume /home/runner/work/ozone/ozone/hadoop-ozone/integration-test/target/test-dir/MiniOzoneClusterImpl-9b9b6652-41b7-4fde-acbd-22aaf54bb7d6/datanode-1/data-0/containers/hdds
2022-05-17 16:33:23,151 [Listener at 127.0.0.1/39929] INFO  ozoneimpl.OzoneContainer (OzoneContainer.java:buildContainerSet(257)) - Build ContainerSet costs 0s
2022-05-17 16:33:23,154 [Listener at 127.0.0.1/39929] INFO  server.RaftServer (ConfUtils.java:logGet(44)) - raft.rpc.type = GRPC (default)
2022-05-17 16:33:23,154 [Listener at 127.0.0.1/39929] INFO  grpc.GrpcFactory (GrpcFactory.java:checkPooledByteBufAllocatorUseCacheForAllThreads(48)) - PERFORMANCE WARNING: useCacheForAllThreads is true that may cause Netty to create a lot garbage objects and, as a result, trigger GC.
	It is recommended to disable useCacheForAllThreads by setting -Dorg.apache.ratis.thirdparty.io.netty.allocator.useCacheForAllThreads=false in command line.
2022-05-17 16:33:23,154 [Listener at 127.0.0.1/39929] INFO  grpc.GrpcConfigKeys (ConfUtils.java:logGet(44)) - raft.grpc.admin.port = 0 (custom)
2022-05-17 16:33:23,155 [Listener at 127.0.0.1/39929] INFO  grpc.GrpcConfigKeys (ConfUtils.java:logGet(44)) - raft.grpc.client.port = 0 (custom)
2022-05-17 16:33:23,155 [Listener at 127.0.0.1/39929] INFO  grpc.GrpcConfigKeys (ConfUtils.java:logGet(44)) - raft.grpc.server.port = 0 (default)
2022-05-17 16:33:23,155 [Listener at 127.0.0.1/39929] INFO  server.GrpcService (ConfUtils.java:logGet(44)) - raft.grpc.message.size.max = 32MB (=33554432) (custom)
2022-05-17 16:33:23,155 [Listener at 127.0.0.1/39929] INFO  server.RaftServerConfigKeys (ConfUtils.java:logGet(44)) - raft.server.log.appender.buffer.byte-limit = 33554432 (custom)
2022-05-17 16:33:23,155 [Listener at 127.0.0.1/39929] INFO  server.GrpcService (ConfUtils.java:logGet(44)) - raft.grpc.flow.control.window = 5MB (=5242880) (custom)
2022-05-17 16:33:23,156 [Listener at 127.0.0.1/39929] INFO  server.RaftServerConfigKeys (ConfUtils.java:logGet(44)) - raft.server.rpc.request.timeout = 60s (custom)
2022-05-17 16:33:23,157 [Listener at 127.0.0.1/39929] INFO  impl.DataStreamServerImpl (ConfUtils.java:logGet(44)) - raft.datastream.type = DISABLED (default)
2022-05-17 16:33:23,157 [Listener at 127.0.0.1/39929] INFO  server.RaftServerConfigKeys (ConfUtils.java:logGet(44)) - raft.server.rpc.slowness.timeout = 300s (custom)
2022-05-17 16:33:23,173 [Listener at 127.0.0.1/39929] INFO  server.RaftServerConfigKeys (ConfUtils.java:logGet(44)) - raft.server.leaderelection.leader.step-down.wait-time = 10s (default)
2022-05-17 16:33:23,173 [Listener at 127.0.0.1/39929] INFO  server.RaftServerConfigKeys (ConfUtils.java:logGet(44)) - raft.server.storage.dir = [/home/runner/work/ozone/ozone/hadoop-ozone/integration-test/target/test-dir/MiniOzoneClusterImpl-9b9b6652-41b7-4fde-acbd-22aaf54bb7d6/datanode-1/data/ratis] (custom)
2022-05-17 16:33:23,175 [Listener at 127.0.0.1/39929] INFO  server.XceiverServerGrpc (XceiverServerGrpc.java:<init>(132)) - GrpcServer channel type EpollServerSocketChannel
2022-05-17 16:33:23,190 [Listener at 127.0.0.1/39929] INFO  http.BaseHttpServer (BaseHttpServer.java:newHttpServer2BuilderForOzone(209)) - Starting Web-server for hddsDatanode at: http://0.0.0.0:0
2022-05-17 16:33:23,190 [Listener at 127.0.0.1/39929] INFO  http.BaseHttpServer (BaseHttpServer.java:<init>(107)) - Hadoop Security Enabled: false Ozone Security Enabled: false Ozone HTTP Security Enabled: false 
2022-05-17 16:33:23,191 [Listener at 127.0.0.1/39929] INFO  server.AuthenticationFilter (AuthenticationFilter.java:constructSecretProvider(240)) - Unable to initialize FileSignerSecretProvider, falling back to use random secrets.
2022-05-17 16:33:23,192 [Listener at 127.0.0.1/39929] WARN  http.HttpRequestLog (HttpRequestLog.java:getRequestLog(103)) - Jetty request log can only be enabled using Log4j
2022-05-17 16:33:23,193 [Listener at 127.0.0.1/39929] INFO  http.HttpServer2 (HttpServer2.java:addGlobalFilter(1030)) - Added global filter 'safety' (class=org.apache.hadoop.hdds.server.http.HttpServer2$QuotingInputFilter)
2022-05-17 16:33:23,193 [Listener at 127.0.0.1/39929] INFO  http.HttpServer2 (HttpServer2.java:addFilter(1006)) - Added filter static_user_filter (class=org.apache.hadoop.http.lib.StaticUserWebFilter$StaticUserFilter) to context hddsDatanode
2022-05-17 16:33:23,194 [Listener at 127.0.0.1/39929] INFO  http.HttpServer2 (HttpServer2.java:addFilter(1014)) - Added filter static_user_filter (class=org.apache.hadoop.http.lib.StaticUserWebFilter$StaticUserFilter) to context static
2022-05-17 16:33:23,194 [Listener at 127.0.0.1/39929] INFO  http.HttpServer2 (HttpServer2.java:addFilter(1014)) - Added filter static_user_filter (class=org.apache.hadoop.http.lib.StaticUserWebFilter$StaticUserFilter) to context logs
2022-05-17 16:33:23,195 [Listener at 127.0.0.1/39929] INFO  http.HttpServer2 (HttpServer2.java:bindListener(1249)) - Jetty bound to port 42513
2022-05-17 16:33:23,195 [Listener at 127.0.0.1/39929] INFO  server.Server (Server.java:doStart(375)) - jetty-9.4.43.v20210629; built: 2021-06-30T11:07:22.254Z; git: 526006ecfa3af7f1a27ef3a288e2bef7ea9dd7e8; jvm 1.8.0_332-b09
2022-05-17 16:33:23,197 [Listener at 127.0.0.1/39929] INFO  server.session (DefaultSessionIdManager.java:doStart(334)) - DefaultSessionIdManager workerName=node0
2022-05-17 16:33:23,197 [Listener at 127.0.0.1/39929] INFO  server.session (DefaultSessionIdManager.java:doStart(339)) - No SessionScavenger set, using defaults
2022-05-17 16:33:23,197 [Listener at 127.0.0.1/39929] INFO  server.session (HouseKeeper.java:startScavenging(132)) - node0 Scavenging every 600000ms
2022-05-17 16:33:23,198 [Listener at 127.0.0.1/39929] INFO  handler.ContextHandler (ContextHandler.java:doStart(915)) - Started o.e.j.s.ServletContextHandler@348dadb4{logs,/logs,file:///home/runner/work/ozone/ozone/hadoop-ozone/integration-test/target/log,AVAILABLE}
2022-05-17 16:33:23,199 [Listener at 127.0.0.1/39929] INFO  handler.ContextHandler (ContextHandler.java:doStart(915)) - Started o.e.j.s.ServletContextHandler@639ab97d{static,/static,jar:file:/home/runner/.m2/repository/org/apache/ozone/hdds-container-service/1.3.0-SNAPSHOT/hdds-container-service-1.3.0-SNAPSHOT.jar!/webapps/static,AVAILABLE}
2022-05-17 16:33:23,581 [Listener at 127.0.0.1/39929] INFO  handler.ContextHandler (ContextHandler.java:doStart(915)) - Started o.e.j.w.WebAppContext@559e0607{hddsDatanode,/,file:///tmp/jetty-0_0_0_0-42513-hdds-container-service-1_3_0-SNAPSHOT_jar-_-any-3270120251012002686/webapp/,AVAILABLE}{jar:file:/home/runner/.m2/repository/org/apache/ozone/hdds-container-service/1.3.0-SNAPSHOT/hdds-container-service-1.3.0-SNAPSHOT.jar!/webapps/hddsDatanode}
2022-05-17 16:33:23,587 [Listener at 127.0.0.1/39929] INFO  server.AbstractConnector (AbstractConnector.java:doStart(331)) - Started ServerConnector@3f021b49{HTTP/1.1, (http/1.1)}{0.0.0.0:42513}
2022-05-17 16:33:23,587 [Listener at 127.0.0.1/39929] INFO  server.Server (Server.java:doStart(415)) - Started @84785ms
2022-05-17 16:33:23,587 [Listener at 127.0.0.1/39929] WARN  impl.MetricsSystemImpl (MetricsSystemImpl.java:register(279)) - Sink prometheus already exists!
2022-05-17 16:33:23,590 [Listener at 127.0.0.1/39929] INFO  http.BaseHttpServer (BaseHttpServer.java:updateConnectorAddress(329)) - HTTP server of hddsDatanode listening at http://0.0.0.0:42513
2022-05-17 16:33:23,592 [Listener at 127.0.0.1/39929] WARN  impl.MetricRegistriesImpl (MetricRegistriesImpl.java:addReporterRegistration(111)) - New reporters are added after registries were created. Some metrics will be missing from the reporter. Please add reporter before adding any new registry.
2022-05-17 16:33:23,593 [Listener at 127.0.0.1/39929] WARN  impl.MetricRegistriesImpl (MetricRegistriesImpl.java:addReporterRegistration(111)) - New reporters are added after registries were created. Some metrics will be missing from the reporter. Please add reporter before adding any new registry.
2022-05-17 16:33:23,593 [Listener at 127.0.0.1/39929] INFO  impl.MetricsSystemImpl (MetricsSystemImpl.java:init(158)) - HddsDatanode metrics system started (again)
2022-05-17 16:33:23,603 [Datanode State Machine Daemon Thread] INFO  statemachine.DatanodeStateMachine (DatanodeStateMachine.java:lambda$startDaemon$0(481)) - Ozone container server started.
2022-05-17 16:33:23,648 [org.apache.hadoop.util.JvmPauseMonitor$Monitor@624b4ab8] INFO  util.JvmPauseMonitor (JvmPauseMonitor.java:run(188)) - Starting JVM pause monitor
2022-05-17 16:33:23,649 [Listener at 127.0.0.1/39929] INFO  ozone.HddsDatanodeService (HddsDatanodeService.java:start(236)) - HddsDatanodeService host:fv-az297-879.nmf1rxwemy4u5di1sxxf4ejcwb.jx.internal.cloudapp.net ip:10.1.0.54
2022-05-17 16:33:23,676 [Datanode State Machine Task Thread - 0] INFO  datanode.InitDatanodeState (InitDatanodeState.java:persistContainerDatanodeDetails(138)) - DatanodeDetails is persisted to /home/runner/work/ozone/ozone/hadoop-ozone/integration-test/target/test-dir/MiniOzoneClusterImpl-9b9b6652-41b7-4fde-acbd-22aaf54bb7d6/datanode-1/meta/datanode.id
2022-05-17 16:33:23,704 [Listener at 127.0.0.1/39929] INFO  upgrade.AbstractLayoutVersionManager (AbstractLayoutVersionManager.java:init(79)) - Initializing Layout version manager with metadata layout = ERASURE_CODED_STORAGE_SUPPORT (version = 3), software layout = ERASURE_CODED_STORAGE_SUPPORT (version = 3)
2022-05-17 16:33:23,824 [Listener at 127.0.0.1/39929] INFO  reflections.Reflections (Reflections.java:scan(232)) - Reflections took 119 ms to scan 7 urls, producing 127 keys and 292 values 
2022-05-17 16:33:23,833 [Listener at 127.0.0.1/39929] INFO  statemachine.DatanodeStateMachine (DatanodeStateMachine.java:getEndPointTaskThreadPoolSize(233)) - Datanode State Machine Task Thread Pool size 2
2022-05-17 16:33:23,851 [Listener at 127.0.0.1/39929] INFO  volume.HddsVolume (HddsVolume.java:<init>(120)) - Creating HddsVolume: /home/runner/work/ozone/ozone/hadoop-ozone/integration-test/target/test-dir/MiniOzoneClusterImpl-9b9b6652-41b7-4fde-acbd-22aaf54bb7d6/datanode-2/data-0/containers/hdds of storage type : DISK capacity : 9223372036854775807
2022-05-17 16:33:23,851 [Listener at 127.0.0.1/39929] INFO  volume.MutableVolumeSet (MutableVolumeSet.java:initializeVolumeSet(168)) - Added Volume : /home/runner/work/ozone/ozone/hadoop-ozone/integration-test/target/test-dir/MiniOzoneClusterImpl-9b9b6652-41b7-4fde-acbd-22aaf54bb7d6/datanode-2/data-0/containers/hdds to VolumeSet
2022-05-17 16:33:23,851 [Listener at 127.0.0.1/39929] INFO  volume.ThrottledAsyncChecker (ThrottledAsyncChecker.java:schedule(141)) - Scheduling a check for /home/runner/work/ozone/ozone/hadoop-ozone/integration-test/target/test-dir/MiniOzoneClusterImpl-9b9b6652-41b7-4fde-acbd-22aaf54bb7d6/datanode-2/data-0/containers/hdds
2022-05-17 16:33:23,852 [Listener at 127.0.0.1/39929] INFO  volume.StorageVolumeChecker (StorageVolumeChecker.java:checkAllVolumes(202)) - Scheduled health check for volume /home/runner/work/ozone/ozone/hadoop-ozone/integration-test/target/test-dir/MiniOzoneClusterImpl-9b9b6652-41b7-4fde-acbd-22aaf54bb7d6/datanode-2/data-0/containers/hdds
2022-05-17 16:33:23,886 [Listener at 127.0.0.1/39929] INFO  volume.MutableVolumeSet (MutableVolumeSet.java:initializeVolumeSet(168)) - Added Volume : /home/runner/work/ozone/ozone/hadoop-ozone/integration-test/target/test-dir/MiniOzoneClusterImpl-9b9b6652-41b7-4fde-acbd-22aaf54bb7d6/datanode-2/data/ratis to VolumeSet
2022-05-17 16:33:23,887 [Listener at 127.0.0.1/39929] INFO  volume.ThrottledAsyncChecker (ThrottledAsyncChecker.java:schedule(141)) - Scheduling a check for /home/runner/work/ozone/ozone/hadoop-ozone/integration-test/target/test-dir/MiniOzoneClusterImpl-9b9b6652-41b7-4fde-acbd-22aaf54bb7d6/datanode-2/data/ratis
2022-05-17 16:33:23,887 [Listener at 127.0.0.1/39929] INFO  volume.StorageVolumeChecker (StorageVolumeChecker.java:checkAllVolumes(202)) - Scheduled health check for volume /home/runner/work/ozone/ozone/hadoop-ozone/integration-test/target/test-dir/MiniOzoneClusterImpl-9b9b6652-41b7-4fde-acbd-22aaf54bb7d6/datanode-2/data/ratis
2022-05-17 16:33:23,950 [Thread-660] INFO  ozoneimpl.ContainerReader (ContainerReader.java:readVolume(172)) - Finish verifying containers on volume /home/runner/work/ozone/ozone/hadoop-ozone/integration-test/target/test-dir/MiniOzoneClusterImpl-9b9b6652-41b7-4fde-acbd-22aaf54bb7d6/datanode-2/data-0/containers/hdds
2022-05-17 16:33:23,950 [Listener at 127.0.0.1/39929] INFO  ozoneimpl.OzoneContainer (OzoneContainer.java:buildContainerSet(257)) - Build ContainerSet costs 0s
2022-05-17 16:33:23,954 [Listener at 127.0.0.1/39929] INFO  server.RaftServer (ConfUtils.java:logGet(44)) - raft.rpc.type = GRPC (default)
2022-05-17 16:33:23,954 [Listener at 127.0.0.1/39929] INFO  grpc.GrpcFactory (GrpcFactory.java:checkPooledByteBufAllocatorUseCacheForAllThreads(48)) - PERFORMANCE WARNING: useCacheForAllThreads is true that may cause Netty to create a lot garbage objects and, as a result, trigger GC.
	It is recommended to disable useCacheForAllThreads by setting -Dorg.apache.ratis.thirdparty.io.netty.allocator.useCacheForAllThreads=false in command line.
2022-05-17 16:33:23,955 [Listener at 127.0.0.1/39929] INFO  grpc.GrpcConfigKeys (ConfUtils.java:logGet(44)) - raft.grpc.admin.port = 0 (custom)
2022-05-17 16:33:23,956 [Listener at 127.0.0.1/39929] INFO  grpc.GrpcConfigKeys (ConfUtils.java:logGet(44)) - raft.grpc.client.port = 0 (custom)
2022-05-17 16:33:23,956 [Listener at 127.0.0.1/39929] INFO  grpc.GrpcConfigKeys (ConfUtils.java:logGet(44)) - raft.grpc.server.port = 0 (default)
2022-05-17 16:33:23,956 [Listener at 127.0.0.1/39929] INFO  server.GrpcService (ConfUtils.java:logGet(44)) - raft.grpc.message.size.max = 32MB (=33554432) (custom)
2022-05-17 16:33:23,956 [Listener at 127.0.0.1/39929] INFO  server.RaftServerConfigKeys (ConfUtils.java:logGet(44)) - raft.server.log.appender.buffer.byte-limit = 33554432 (custom)
2022-05-17 16:33:23,957 [Listener at 127.0.0.1/39929] INFO  server.GrpcService (ConfUtils.java:logGet(44)) - raft.grpc.flow.control.window = 5MB (=5242880) (custom)
2022-05-17 16:33:23,957 [Listener at 127.0.0.1/39929] INFO  server.RaftServerConfigKeys (ConfUtils.java:logGet(44)) - raft.server.rpc.request.timeout = 60s (custom)
2022-05-17 16:33:23,959 [Listener at 127.0.0.1/39929] INFO  impl.DataStreamServerImpl (ConfUtils.java:logGet(44)) - raft.datastream.type = DISABLED (default)
2022-05-17 16:33:23,959 [Listener at 127.0.0.1/39929] INFO  server.RaftServerConfigKeys (ConfUtils.java:logGet(44)) - raft.server.rpc.slowness.timeout = 300s (custom)
2022-05-17 16:33:23,959 [Listener at 127.0.0.1/39929] INFO  server.RaftServerConfigKeys (ConfUtils.java:logGet(44)) - raft.server.leaderelection.leader.step-down.wait-time = 10s (default)
2022-05-17 16:33:23,959 [Listener at 127.0.0.1/39929] INFO  server.RaftServerConfigKeys (ConfUtils.java:logGet(44)) - raft.server.storage.dir = [/home/runner/work/ozone/ozone/hadoop-ozone/integration-test/target/test-dir/MiniOzoneClusterImpl-9b9b6652-41b7-4fde-acbd-22aaf54bb7d6/datanode-2/data/ratis] (custom)
2022-05-17 16:33:23,961 [Listener at 127.0.0.1/39929] INFO  server.XceiverServerGrpc (XceiverServerGrpc.java:<init>(132)) - GrpcServer channel type EpollServerSocketChannel
2022-05-17 16:33:23,997 [Listener at 127.0.0.1/39929] INFO  http.BaseHttpServer (BaseHttpServer.java:newHttpServer2BuilderForOzone(209)) - Starting Web-server for hddsDatanode at: http://0.0.0.0:0
2022-05-17 16:33:23,998 [Listener at 127.0.0.1/39929] INFO  http.BaseHttpServer (BaseHttpServer.java:<init>(107)) - Hadoop Security Enabled: false Ozone Security Enabled: false Ozone HTTP Security Enabled: false 
2022-05-17 16:33:23,999 [Listener at 127.0.0.1/39929] INFO  server.AuthenticationFilter (AuthenticationFilter.java:constructSecretProvider(240)) - Unable to initialize FileSignerSecretProvider, falling back to use random secrets.
2022-05-17 16:33:24,016 [Listener at 127.0.0.1/39929] WARN  http.HttpRequestLog (HttpRequestLog.java:getRequestLog(103)) - Jetty request log can only be enabled using Log4j
2022-05-17 16:33:24,017 [Listener at 127.0.0.1/39929] INFO  http.HttpServer2 (HttpServer2.java:addGlobalFilter(1030)) - Added global filter 'safety' (class=org.apache.hadoop.hdds.server.http.HttpServer2$QuotingInputFilter)
2022-05-17 16:33:24,018 [Listener at 127.0.0.1/39929] INFO  http.HttpServer2 (HttpServer2.java:addFilter(1006)) - Added filter static_user_filter (class=org.apache.hadoop.http.lib.StaticUserWebFilter$StaticUserFilter) to context hddsDatanode
2022-05-17 16:33:24,018 [Listener at 127.0.0.1/39929] INFO  http.HttpServer2 (HttpServer2.java:addFilter(1014)) - Added filter static_user_filter (class=org.apache.hadoop.http.lib.StaticUserWebFilter$StaticUserFilter) to context logs
2022-05-17 16:33:24,018 [Listener at 127.0.0.1/39929] INFO  http.HttpServer2 (HttpServer2.java:addFilter(1014)) - Added filter static_user_filter (class=org.apache.hadoop.http.lib.StaticUserWebFilter$StaticUserFilter) to context static
2022-05-17 16:33:24,019 [Listener at 127.0.0.1/39929] INFO  http.HttpServer2 (HttpServer2.java:bindListener(1249)) - Jetty bound to port 41373
2022-05-17 16:33:24,019 [Listener at 127.0.0.1/39929] INFO  server.Server (Server.java:doStart(375)) - jetty-9.4.43.v20210629; built: 2021-06-30T11:07:22.254Z; git: 526006ecfa3af7f1a27ef3a288e2bef7ea9dd7e8; jvm 1.8.0_332-b09
2022-05-17 16:33:24,041 [Listener at 127.0.0.1/39929] INFO  server.session (DefaultSessionIdManager.java:doStart(334)) - DefaultSessionIdManager workerName=node0
2022-05-17 16:33:24,042 [Listener at 127.0.0.1/39929] INFO  server.session (DefaultSessionIdManager.java:doStart(339)) - No SessionScavenger set, using defaults
2022-05-17 16:33:24,042 [Listener at 127.0.0.1/39929] INFO  server.session (HouseKeeper.java:startScavenging(132)) - node0 Scavenging every 660000ms
2022-05-17 16:33:24,055 [Listener at 127.0.0.1/39929] INFO  handler.ContextHandler (ContextHandler.java:doStart(915)) - Started o.e.j.s.ServletContextHandler@28cece17{logs,/logs,file:///home/runner/work/ozone/ozone/hadoop-ozone/integration-test/target/log,AVAILABLE}
2022-05-17 16:33:24,056 [Listener at 127.0.0.1/39929] INFO  handler.ContextHandler (ContextHandler.java:doStart(915)) - Started o.e.j.s.ServletContextHandler@9a86873{static,/static,jar:file:/home/runner/.m2/repository/org/apache/ozone/hdds-container-service/1.3.0-SNAPSHOT/hdds-container-service-1.3.0-SNAPSHOT.jar!/webapps/static,AVAILABLE}
2022-05-17 16:33:24,644 [Listener at 127.0.0.1/39929] INFO  handler.ContextHandler (ContextHandler.java:doStart(915)) - Started o.e.j.w.WebAppContext@1693b8dc{hddsDatanode,/,file:///tmp/jetty-0_0_0_0-41373-hdds-container-service-1_3_0-SNAPSHOT_jar-_-any-8284137573222056651/webapp/,AVAILABLE}{jar:file:/home/runner/.m2/repository/org/apache/ozone/hdds-container-service/1.3.0-SNAPSHOT/hdds-container-service-1.3.0-SNAPSHOT.jar!/webapps/hddsDatanode}
2022-05-17 16:33:24,646 [Listener at 127.0.0.1/39929] INFO  server.AbstractConnector (AbstractConnector.java:doStart(331)) - Started ServerConnector@73413f9a{HTTP/1.1, (http/1.1)}{0.0.0.0:41373}
2022-05-17 16:33:24,647 [Listener at 127.0.0.1/39929] INFO  server.Server (Server.java:doStart(415)) - Started @85845ms
2022-05-17 16:33:24,647 [Listener at 127.0.0.1/39929] WARN  impl.MetricsSystemImpl (MetricsSystemImpl.java:register(279)) - Sink prometheus already exists!
2022-05-17 16:33:24,649 [Listener at 127.0.0.1/39929] INFO  http.BaseHttpServer (BaseHttpServer.java:updateConnectorAddress(329)) - HTTP server of hddsDatanode listening at http://0.0.0.0:41373
2022-05-17 16:33:24,666 [Listener at 127.0.0.1/39929] INFO  ozone.MiniOzoneClusterImpl (MiniOzoneClusterImpl.java:lambda$waitForClusterToBeReady$0(221)) - Waiting for nodes to be ready. Got 0 of 3 DN Heartbeats.
2022-05-17 16:33:24,666 [Listener at 127.0.0.1/39929] INFO  ozone.MiniOzoneClusterImpl (MiniOzoneClusterImpl.java:lambda$waitForClusterToBeReady$0(224)) - Waiting for cluster to exit safe mode
2022-05-17 16:33:24,666 [Listener at 127.0.0.1/39929] INFO  ozone.MiniOzoneClusterImpl (MiniOzoneClusterImpl.java:lambda$waitForClusterToBeReady$0(226)) - SCM became leader
2022-05-17 16:33:24,666 [Datanode State Machine Daemon Thread] INFO  statemachine.DatanodeStateMachine (DatanodeStateMachine.java:lambda$startDaemon$0(481)) - Ozone container server started.
2022-05-17 16:33:24,682 [org.apache.hadoop.util.JvmPauseMonitor$Monitor@3cc598a1] INFO  util.JvmPauseMonitor (JvmPauseMonitor.java:run(188)) - Starting JVM pause monitor
2022-05-17 16:33:24,701 [Datanode State Machine Task Thread - 0] INFO  datanode.InitDatanodeState (InitDatanodeState.java:persistContainerDatanodeDetails(138)) - DatanodeDetails is persisted to /home/runner/work/ozone/ozone/hadoop-ozone/integration-test/target/test-dir/MiniOzoneClusterImpl-9b9b6652-41b7-4fde-acbd-22aaf54bb7d6/datanode-2/meta/datanode.id
2022-05-17 16:33:24,955 [EndpointStateMachine task thread for /0.0.0.0:39879 - 0 ] INFO  ozoneimpl.OzoneContainer (OzoneContainer.java:start(335)) - Attempting to start container services.
2022-05-17 16:33:24,955 [EndpointStateMachine task thread for /0.0.0.0:39879 - 0 ] INFO  ozoneimpl.OzoneContainer (OzoneContainer.java:startContainerScrub(270)) - Background container scanner has been disabled.
2022-05-17 16:33:24,957 [EndpointStateMachine task thread for /0.0.0.0:39879 - 0 ] INFO  replication.ReplicationServer (ReplicationServer.java:start(111)) - ReplicationServer is started using port 37747
2022-05-17 16:33:24,958 [EndpointStateMachine task thread for /0.0.0.0:39879 - 0 ] INFO  ratis.XceiverServerRatis (XceiverServerRatis.java:start(481)) - Starting XceiverServerRatis 90009789-8842-418f-8ff7-fd30b6459fea
2022-05-17 16:33:24,959 [EndpointStateMachine task thread for /0.0.0.0:39879 - 0 ] INFO  server.RaftServer (RaftServerProxy.java:lambda$start$5(374)) - 90009789-8842-418f-8ff7-fd30b6459fea: start RPC server
2022-05-17 16:33:24,966 [EndpointStateMachine task thread for /0.0.0.0:39879 - 0 ] INFO  server.GrpcService (GrpcService.java:startImpl(253)) - 90009789-8842-418f-8ff7-fd30b6459fea: GrpcService started, listening on 32925
2022-05-17 16:33:24,973 [EndpointStateMachine task thread for /0.0.0.0:39879 - 0 ] INFO  ratis.XceiverServerRatis (XceiverServerRatis.java:getRealPort(502)) - XceiverServerRatis 90009789-8842-418f-8ff7-fd30b6459fea is started using port 32925 for RATIS
2022-05-17 16:33:24,973 [EndpointStateMachine task thread for /0.0.0.0:39879 - 0 ] INFO  ratis.XceiverServerRatis (XceiverServerRatis.java:getRealPort(502)) - XceiverServerRatis 90009789-8842-418f-8ff7-fd30b6459fea is started using port 32925 for RATIS_ADMIN
2022-05-17 16:33:24,973 [EndpointStateMachine task thread for /0.0.0.0:39879 - 0 ] INFO  ratis.XceiverServerRatis (XceiverServerRatis.java:getRealPort(502)) - XceiverServerRatis 90009789-8842-418f-8ff7-fd30b6459fea is started using port 32925 for RATIS_SERVER
2022-05-17 16:33:24,974 [org.apache.ratis.util.JvmPauseMonitor$$Lambda$622/456676922@22092b91] INFO  util.JvmPauseMonitor (JvmPauseMonitor.java:run(103)) - JvmPauseMonitor-90009789-8842-418f-8ff7-fd30b6459fea: Started
2022-05-17 16:33:24,980 [EndpointStateMachine task thread for /0.0.0.0:39879 - 0 ] INFO  server.XceiverServerGrpc (XceiverServerGrpc.java:start(180)) - XceiverServerGrpc 90009789-8842-418f-8ff7-fd30b6459fea is started using port 36153
2022-05-17 16:33:25,660 [EndpointStateMachine task thread for /0.0.0.0:39879 - 0 ] INFO  ozoneimpl.OzoneContainer (OzoneContainer.java:start(335)) - Attempting to start container services.
2022-05-17 16:33:25,661 [EndpointStateMachine task thread for /0.0.0.0:39879 - 0 ] INFO  ozoneimpl.OzoneContainer (OzoneContainer.java:startContainerScrub(270)) - Background container scanner has been disabled.
2022-05-17 16:33:25,663 [EndpointStateMachine task thread for /0.0.0.0:39879 - 0 ] INFO  replication.ReplicationServer (ReplicationServer.java:start(111)) - ReplicationServer is started using port 37021
2022-05-17 16:33:25,666 [EndpointStateMachine task thread for /0.0.0.0:39879 - 0 ] INFO  ratis.XceiverServerRatis (XceiverServerRatis.java:start(481)) - Starting XceiverServerRatis 5ef20450-9cf9-4453-a61a-017c25eb5aae
2022-05-17 16:33:25,666 [Listener at 127.0.0.1/39929] INFO  ozone.MiniOzoneClusterImpl (MiniOzoneClusterImpl.java:lambda$waitForClusterToBeReady$0(221)) - Waiting for nodes to be ready. Got 0 of 3 DN Heartbeats.
2022-05-17 16:33:25,667 [Listener at 127.0.0.1/39929] INFO  ozone.MiniOzoneClusterImpl (MiniOzoneClusterImpl.java:lambda$waitForClusterToBeReady$0(224)) - Waiting for cluster to exit safe mode
2022-05-17 16:33:25,667 [Listener at 127.0.0.1/39929] INFO  ozone.MiniOzoneClusterImpl (MiniOzoneClusterImpl.java:lambda$waitForClusterToBeReady$0(226)) - SCM became leader
2022-05-17 16:33:25,679 [EndpointStateMachine task thread for /0.0.0.0:39879 - 0 ] INFO  server.RaftServer (RaftServerProxy.java:lambda$start$5(374)) - 5ef20450-9cf9-4453-a61a-017c25eb5aae: start RPC server
2022-05-17 16:33:25,680 [EndpointStateMachine task thread for /0.0.0.0:39879 - 0 ] INFO  server.GrpcService (GrpcService.java:startImpl(253)) - 5ef20450-9cf9-4453-a61a-017c25eb5aae: GrpcService started, listening on 34073
2022-05-17 16:33:25,680 [EndpointStateMachine task thread for /0.0.0.0:39879 - 0 ] INFO  ratis.XceiverServerRatis (XceiverServerRatis.java:getRealPort(502)) - XceiverServerRatis 5ef20450-9cf9-4453-a61a-017c25eb5aae is started using port 34073 for RATIS
2022-05-17 16:33:25,680 [EndpointStateMachine task thread for /0.0.0.0:39879 - 0 ] INFO  ratis.XceiverServerRatis (XceiverServerRatis.java:getRealPort(502)) - XceiverServerRatis 5ef20450-9cf9-4453-a61a-017c25eb5aae is started using port 34073 for RATIS_ADMIN
2022-05-17 16:33:25,680 [EndpointStateMachine task thread for /0.0.0.0:39879 - 0 ] INFO  ratis.XceiverServerRatis (XceiverServerRatis.java:getRealPort(502)) - XceiverServerRatis 5ef20450-9cf9-4453-a61a-017c25eb5aae is started using port 34073 for RATIS_SERVER
2022-05-17 16:33:25,680 [org.apache.ratis.util.JvmPauseMonitor$$Lambda$622/456676922@c33ba3b] INFO  util.JvmPauseMonitor (JvmPauseMonitor.java:run(103)) - JvmPauseMonitor-5ef20450-9cf9-4453-a61a-017c25eb5aae: Started
2022-05-17 16:33:25,681 [EndpointStateMachine task thread for /0.0.0.0:39879 - 0 ] INFO  server.XceiverServerGrpc (XceiverServerGrpc.java:start(180)) - XceiverServerGrpc 5ef20450-9cf9-4453-a61a-017c25eb5aae is started using port 39657
2022-05-17 16:33:26,669 [Listener at 127.0.0.1/39929] INFO  ozone.MiniOzoneClusterImpl (MiniOzoneClusterImpl.java:lambda$waitForClusterToBeReady$0(221)) - Waiting for nodes to be ready. Got 0 of 3 DN Heartbeats.
2022-05-17 16:33:26,670 [Listener at 127.0.0.1/39929] INFO  ozone.MiniOzoneClusterImpl (MiniOzoneClusterImpl.java:lambda$waitForClusterToBeReady$0(224)) - Waiting for cluster to exit safe mode
2022-05-17 16:33:26,670 [Listener at 127.0.0.1/39929] INFO  ozone.MiniOzoneClusterImpl (MiniOzoneClusterImpl.java:lambda$waitForClusterToBeReady$0(226)) - SCM became leader
2022-05-17 16:33:26,707 [EndpointStateMachine task thread for /0.0.0.0:39879 - 0 ] INFO  ozoneimpl.OzoneContainer (OzoneContainer.java:start(335)) - Attempting to start container services.
2022-05-17 16:33:26,707 [EndpointStateMachine task thread for /0.0.0.0:39879 - 0 ] INFO  ozoneimpl.OzoneContainer (OzoneContainer.java:startContainerScrub(270)) - Background container scanner has been disabled.
2022-05-17 16:33:26,708 [EndpointStateMachine task thread for /0.0.0.0:39879 - 0 ] INFO  replication.ReplicationServer (ReplicationServer.java:start(111)) - ReplicationServer is started using port 33235
2022-05-17 16:33:26,717 [EndpointStateMachine task thread for /0.0.0.0:39879 - 0 ] INFO  ratis.XceiverServerRatis (XceiverServerRatis.java:start(481)) - Starting XceiverServerRatis 0292c10f-4541-4999-8cd5-5951ec5beac5
2022-05-17 16:33:26,720 [EndpointStateMachine task thread for /0.0.0.0:39879 - 0 ] INFO  server.RaftServer (RaftServerProxy.java:lambda$start$5(374)) - 0292c10f-4541-4999-8cd5-5951ec5beac5: start RPC server
2022-05-17 16:33:26,721 [EndpointStateMachine task thread for /0.0.0.0:39879 - 0 ] INFO  server.GrpcService (GrpcService.java:startImpl(253)) - 0292c10f-4541-4999-8cd5-5951ec5beac5: GrpcService started, listening on 44995
2022-05-17 16:33:26,722 [EndpointStateMachine task thread for /0.0.0.0:39879 - 0 ] INFO  ratis.XceiverServerRatis (XceiverServerRatis.java:getRealPort(502)) - XceiverServerRatis 0292c10f-4541-4999-8cd5-5951ec5beac5 is started using port 44995 for RATIS
2022-05-17 16:33:26,722 [EndpointStateMachine task thread for /0.0.0.0:39879 - 0 ] INFO  ratis.XceiverServerRatis (XceiverServerRatis.java:getRealPort(502)) - XceiverServerRatis 0292c10f-4541-4999-8cd5-5951ec5beac5 is started using port 44995 for RATIS_ADMIN
2022-05-17 16:33:26,722 [EndpointStateMachine task thread for /0.0.0.0:39879 - 0 ] INFO  ratis.XceiverServerRatis (XceiverServerRatis.java:getRealPort(502)) - XceiverServerRatis 0292c10f-4541-4999-8cd5-5951ec5beac5 is started using port 44995 for RATIS_SERVER
2022-05-17 16:33:26,724 [org.apache.ratis.util.JvmPauseMonitor$$Lambda$622/456676922@6aafd13a] INFO  util.JvmPauseMonitor (JvmPauseMonitor.java:run(103)) - JvmPauseMonitor-0292c10f-4541-4999-8cd5-5951ec5beac5: Started
2022-05-17 16:33:26,725 [EndpointStateMachine task thread for /0.0.0.0:39879 - 0 ] INFO  server.XceiverServerGrpc (XceiverServerGrpc.java:start(180)) - XceiverServerGrpc 0292c10f-4541-4999-8cd5-5951ec5beac5 is started using port 36693
2022-05-17 16:33:26,933 [IPC Server handler 2 on default port 39879] INFO  net.NetworkTopologyImpl (NetworkTopologyImpl.java:add(112)) - Added a new node: /default-rack/90009789-8842-418f-8ff7-fd30b6459fea
2022-05-17 16:33:26,933 [IPC Server handler 2 on default port 39879] INFO  node.SCMNodeManager (SCMNodeManager.java:register(393)) - Registered Data node : 90009789-8842-418f-8ff7-fd30b6459fea{ip: 10.1.0.54, host: fv-az297-879.nmf1rxwemy4u5di1sxxf4ejcwb.jx.internal.cloudapp.net, ports: [REPLICATION=37747, RATIS=32925, RATIS_ADMIN=32925, RATIS_SERVER=32925, STANDALONE=36153], networkLocation: /default-rack, certSerialId: null, persistedOpState: null, persistedOpStateExpiryEpochSec: 0}
2022-05-17 16:33:26,938 [EventQueue-NodeRegistrationContainerReportForContainerSafeModeRule] INFO  safemode.SCMSafeModeManager (SCMSafeModeManager.java:validateSafeModeExitRules(204)) - ContainerSafeModeRule rule is successfully validated
2022-05-17 16:33:26,938 [EventQueue-NodeRegistrationContainerReportForDataNodeSafeModeRule] INFO  safemode.SCMSafeModeManager (DataNodeSafeModeRule.java:process(71)) - SCM in safe mode. 1 DataNodes registered, 3 required.
2022-05-17 16:33:26,953 [EventQueue-NewNodeForNewNodeHandler] INFO  pipeline.BackgroundPipelineCreator (BackgroundPipelineCreator.java:notifyEventTriggered(272)) - trigger a one-shot run on RatisPipelineUtilsThread.
2022-05-17 16:33:26,953 [EventQueue-PipelineReportForOneReplicaPipelineSafeModeRule] INFO  safemode.SCMSafeModeManager (SCMSafeModeManager.java:validateSafeModeExitRules(204)) - AtleastOneDatanodeReportedRule rule is successfully validated
2022-05-17 16:33:26,954 [RatisPipelineUtilsThread - 0] INFO  pipeline.RatisPipelineProvider (RatisPipelineProvider.java:lambda$create$0(195)) - Sending CreatePipelineCommand for pipeline:PipelineID=90979b23-367b-4c39-a6f1-99663ace3c7d to datanode:90009789-8842-418f-8ff7-fd30b6459fea
2022-05-17 16:33:26,957 [RatisPipelineUtilsThread - 0] INFO  pipeline.PipelineStateManagerImpl (PipelineStateManagerImpl.java:addPipeline(101)) - Created pipeline Pipeline[ Id: 90979b23-367b-4c39-a6f1-99663ace3c7d, Nodes: 90009789-8842-418f-8ff7-fd30b6459fea{ip: 10.1.0.54, host: fv-az297-879.nmf1rxwemy4u5di1sxxf4ejcwb.jx.internal.cloudapp.net, ports: [REPLICATION=37747, RATIS=32925, RATIS_ADMIN=32925, RATIS_SERVER=32925, STANDALONE=36153], networkLocation: /default-rack, certSerialId: null, persistedOpState: IN_SERVICE, persistedOpStateExpiryEpochSec: 0}, ReplicationConfig: RATIS/ONE, State:ALLOCATED, leaderId:, CreationTimestamp2022-05-17T16:33:26.954Z[Etc/UTC]].
2022-05-17 16:33:27,649 [IPC Server handler 0 on default port 39879] INFO  net.NetworkTopologyImpl (NetworkTopologyImpl.java:add(112)) - Added a new node: /default-rack/5ef20450-9cf9-4453-a61a-017c25eb5aae
2022-05-17 16:33:27,649 [IPC Server handler 0 on default port 39879] INFO  node.SCMNodeManager (SCMNodeManager.java:register(393)) - Registered Data node : 5ef20450-9cf9-4453-a61a-017c25eb5aae{ip: 10.1.0.54, host: fv-az297-879.nmf1rxwemy4u5di1sxxf4ejcwb.jx.internal.cloudapp.net, ports: [REPLICATION=37021, RATIS=34073, RATIS_ADMIN=34073, RATIS_SERVER=34073, STANDALONE=39657], networkLocation: /default-rack, certSerialId: null, persistedOpState: null, persistedOpStateExpiryEpochSec: 0}
2022-05-17 16:33:27,649 [EventQueue-NewNodeForNewNodeHandler] INFO  pipeline.BackgroundPipelineCreator (BackgroundPipelineCreator.java:notifyEventTriggered(272)) - trigger a one-shot run on RatisPipelineUtilsThread.
2022-05-17 16:33:27,654 [RatisPipelineUtilsThread - 0] INFO  pipeline.RatisPipelineProvider (RatisPipelineProvider.java:lambda$create$0(195)) - Sending CreatePipelineCommand for pipeline:PipelineID=368fc830-1766-405d-9f49-426780fced9c to datanode:5ef20450-9cf9-4453-a61a-017c25eb5aae
2022-05-17 16:33:27,654 [RatisPipelineUtilsThread - 0] INFO  pipeline.PipelineStateManagerImpl (PipelineStateManagerImpl.java:addPipeline(101)) - Created pipeline Pipeline[ Id: 368fc830-1766-405d-9f49-426780fced9c, Nodes: 5ef20450-9cf9-4453-a61a-017c25eb5aae{ip: 10.1.0.54, host: fv-az297-879.nmf1rxwemy4u5di1sxxf4ejcwb.jx.internal.cloudapp.net, ports: [REPLICATION=37021, RATIS=34073, RATIS_ADMIN=34073, RATIS_SERVER=34073, STANDALONE=39657], networkLocation: /default-rack, certSerialId: null, persistedOpState: IN_SERVICE, persistedOpStateExpiryEpochSec: 0}, ReplicationConfig: RATIS/ONE, State:ALLOCATED, leaderId:, CreationTimestamp2022-05-17T16:33:27.653Z[Etc/UTC]].
2022-05-17 16:33:27,666 [EventQueue-NodeRegistrationContainerReportForDataNodeSafeModeRule] INFO  safemode.SCMSafeModeManager (DataNodeSafeModeRule.java:process(71)) - SCM in safe mode. 2 DataNodes registered, 3 required.
2022-05-17 16:33:27,670 [Listener at 127.0.0.1/39929] INFO  ozone.MiniOzoneClusterImpl (MiniOzoneClusterImpl.java:lambda$waitForClusterToBeReady$0(221)) - Waiting for nodes to be ready. Got 2 of 3 DN Heartbeats.
2022-05-17 16:33:27,671 [Listener at 127.0.0.1/39929] INFO  ozone.MiniOzoneClusterImpl (MiniOzoneClusterImpl.java:lambda$waitForClusterToBeReady$0(224)) - Waiting for cluster to exit safe mode
2022-05-17 16:33:27,671 [Listener at 127.0.0.1/39929] INFO  ozone.MiniOzoneClusterImpl (MiniOzoneClusterImpl.java:lambda$waitForClusterToBeReady$0(226)) - SCM became leader
2022-05-17 16:33:28,672 [Listener at 127.0.0.1/39929] INFO  ozone.MiniOzoneClusterImpl (MiniOzoneClusterImpl.java:lambda$waitForClusterToBeReady$0(221)) - Waiting for nodes to be ready. Got 2 of 3 DN Heartbeats.
2022-05-17 16:33:28,673 [Listener at 127.0.0.1/39929] INFO  ozone.MiniOzoneClusterImpl (MiniOzoneClusterImpl.java:lambda$waitForClusterToBeReady$0(224)) - Waiting for cluster to exit safe mode
2022-05-17 16:33:28,673 [Listener at 127.0.0.1/39929] INFO  ozone.MiniOzoneClusterImpl (MiniOzoneClusterImpl.java:lambda$waitForClusterToBeReady$0(226)) - SCM became leader
2022-05-17 16:33:28,687 [IPC Server handler 1 on default port 39879] INFO  net.NetworkTopologyImpl (NetworkTopologyImpl.java:add(112)) - Added a new node: /default-rack/0292c10f-4541-4999-8cd5-5951ec5beac5
2022-05-17 16:33:28,687 [IPC Server handler 1 on default port 39879] INFO  node.SCMNodeManager (SCMNodeManager.java:register(393)) - Registered Data node : 0292c10f-4541-4999-8cd5-5951ec5beac5{ip: 10.1.0.54, host: fv-az297-879.nmf1rxwemy4u5di1sxxf4ejcwb.jx.internal.cloudapp.net, ports: [REPLICATION=33235, RATIS=44995, RATIS_ADMIN=44995, RATIS_SERVER=44995, STANDALONE=36693], networkLocation: /default-rack, certSerialId: null, persistedOpState: null, persistedOpStateExpiryEpochSec: 0}
2022-05-17 16:33:28,689 [EventQueue-NewNodeForNewNodeHandler] INFO  pipeline.BackgroundPipelineCreator (BackgroundPipelineCreator.java:notifyEventTriggered(272)) - trigger a one-shot run on RatisPipelineUtilsThread.
2022-05-17 16:33:28,696 [RatisPipelineUtilsThread - 0] INFO  pipeline.RatisPipelineProvider (RatisPipelineProvider.java:lambda$create$0(195)) - Sending CreatePipelineCommand for pipeline:PipelineID=0cf896af-5d9c-4221-be05-181d6418d9c7 to datanode:0292c10f-4541-4999-8cd5-5951ec5beac5
2022-05-17 16:33:28,696 [EventQueue-NodeRegistrationContainerReportForDataNodeSafeModeRule] INFO  safemode.SCMSafeModeManager (DataNodeSafeModeRule.java:process(71)) - SCM in safe mode. 3 DataNodes registered, 3 required.
2022-05-17 16:33:28,696 [EventQueue-NodeRegistrationContainerReportForDataNodeSafeModeRule] INFO  safemode.SCMSafeModeManager (SCMSafeModeManager.java:validateSafeModeExitRules(204)) - DataNodeSafeModeRule rule is successfully validated
2022-05-17 16:33:28,696 [EventQueue-NodeRegistrationContainerReportForDataNodeSafeModeRule] INFO  safemode.SCMSafeModeManager (SCMSafeModeManager.java:completePreCheck(233)) - All SCM safe mode pre check rules have passed
2022-05-17 16:33:28,696 [EventQueue-NodeRegistrationContainerReportForDataNodeSafeModeRule] WARN  events.EventQueue (EventQueue.java:fireEvent(194)) - No event handler registered for event TypedEvent{payloadType=SafeModeStatus, name='Safe mode status'}
2022-05-17 16:33:28,697 [EventQueue-NodeRegistrationContainerReportForDataNodeSafeModeRule] INFO  ha.SCMContext (SCMContext.java:updateSafeModeStatus(211)) - Update SafeModeStatus from SafeModeStatus{safeModeStatus=true, preCheckPassed=false} to SafeModeStatus{safeModeStatus=true, preCheckPassed=true}.
2022-05-17 16:33:28,697 [EventQueue-NodeRegistrationContainerReportForDataNodeSafeModeRule] INFO  pipeline.BackgroundPipelineCreator (BackgroundPipelineCreator.java:notifyEventTriggered(272)) - trigger a one-shot run on RatisPipelineUtilsThread.
2022-05-17 16:33:28,697 [RatisPipelineUtilsThread - 0] INFO  pipeline.PipelineStateManagerImpl (PipelineStateManagerImpl.java:addPipeline(101)) - Created pipeline Pipeline[ Id: 0cf896af-5d9c-4221-be05-181d6418d9c7, Nodes: 0292c10f-4541-4999-8cd5-5951ec5beac5{ip: 10.1.0.54, host: fv-az297-879.nmf1rxwemy4u5di1sxxf4ejcwb.jx.internal.cloudapp.net, ports: [REPLICATION=33235, RATIS=44995, RATIS_ADMIN=44995, RATIS_SERVER=44995, STANDALONE=36693], networkLocation: /default-rack, certSerialId: null, persistedOpState: IN_SERVICE, persistedOpStateExpiryEpochSec: 0}, ReplicationConfig: RATIS/ONE, State:ALLOCATED, leaderId:, CreationTimestamp2022-05-17T16:33:28.696Z[Etc/UTC]].
2022-05-17 16:33:28,699 [RatisPipelineUtilsThread - 0] INFO  pipeline.RatisPipelineProvider (RatisPipelineProvider.java:lambda$create$0(195)) - Sending CreatePipelineCommand for pipeline:PipelineID=b140c38f-52de-4593-9386-c3ef55794522 to datanode:5ef20450-9cf9-4453-a61a-017c25eb5aae
2022-05-17 16:33:28,699 [RatisPipelineUtilsThread - 0] INFO  pipeline.RatisPipelineProvider (RatisPipelineProvider.java:lambda$create$0(195)) - Sending CreatePipelineCommand for pipeline:PipelineID=b140c38f-52de-4593-9386-c3ef55794522 to datanode:90009789-8842-418f-8ff7-fd30b6459fea
2022-05-17 16:33:28,699 [RatisPipelineUtilsThread - 0] INFO  pipeline.RatisPipelineProvider (RatisPipelineProvider.java:lambda$create$0(195)) - Sending CreatePipelineCommand for pipeline:PipelineID=b140c38f-52de-4593-9386-c3ef55794522 to datanode:0292c10f-4541-4999-8cd5-5951ec5beac5
2022-05-17 16:33:28,699 [RatisPipelineUtilsThread - 0] INFO  pipeline.PipelineStateManagerImpl (PipelineStateManagerImpl.java:addPipeline(101)) - Created pipeline Pipeline[ Id: b140c38f-52de-4593-9386-c3ef55794522, Nodes: 5ef20450-9cf9-4453-a61a-017c25eb5aae{ip: 10.1.0.54, host: fv-az297-879.nmf1rxwemy4u5di1sxxf4ejcwb.jx.internal.cloudapp.net, ports: [REPLICATION=37021, RATIS=34073, RATIS_ADMIN=34073, RATIS_SERVER=34073, STANDALONE=39657], networkLocation: /default-rack, certSerialId: null, persistedOpState: IN_SERVICE, persistedOpStateExpiryEpochSec: 0}90009789-8842-418f-8ff7-fd30b6459fea{ip: 10.1.0.54, host: fv-az297-879.nmf1rxwemy4u5di1sxxf4ejcwb.jx.internal.cloudapp.net, ports: [REPLICATION=37747, RATIS=32925, RATIS_ADMIN=32925, RATIS_SERVER=32925, STANDALONE=36153], networkLocation: /default-rack, certSerialId: null, persistedOpState: IN_SERVICE, persistedOpStateExpiryEpochSec: 0}0292c10f-4541-4999-8cd5-5951ec5beac5{ip: 10.1.0.54, host: fv-az297-879.nmf1rxwemy4u5di1sxxf4ejcwb.jx.internal.cloudapp.net, ports: [REPLICATION=33235, RATIS=44995, RATIS_ADMIN=44995, RATIS_SERVER=44995, STANDALONE=36693], networkLocation: /default-rack, certSerialId: null, persistedOpState: IN_SERVICE, persistedOpStateExpiryEpochSec: 0}, ReplicationConfig: RATIS/THREE, State:ALLOCATED, leaderId:, CreationTimestamp2022-05-17T16:33:28.699Z[Etc/UTC]].
2022-05-17 16:33:28,704 [RatisPipelineUtilsThread - 0] INFO  pipeline.RatisPipelineProvider (RatisPipelineProvider.java:lambda$create$0(195)) - Sending CreatePipelineCommand for pipeline:PipelineID=36553ca1-dc8b-412d-b526-c5390a800be9 to datanode:90009789-8842-418f-8ff7-fd30b6459fea
2022-05-17 16:33:28,704 [RatisPipelineUtilsThread - 0] INFO  pipeline.RatisPipelineProvider (RatisPipelineProvider.java:lambda$create$0(195)) - Sending CreatePipelineCommand for pipeline:PipelineID=36553ca1-dc8b-412d-b526-c5390a800be9 to datanode:0292c10f-4541-4999-8cd5-5951ec5beac5
2022-05-17 16:33:28,705 [RatisPipelineUtilsThread - 0] INFO  pipeline.RatisPipelineProvider (RatisPipelineProvider.java:lambda$create$0(195)) - Sending CreatePipelineCommand for pipeline:PipelineID=36553ca1-dc8b-412d-b526-c5390a800be9 to datanode:5ef20450-9cf9-4453-a61a-017c25eb5aae
2022-05-17 16:33:28,709 [RatisPipelineUtilsThread - 0] INFO  pipeline.PipelineStateManagerImpl (PipelineStateManagerImpl.java:addPipeline(101)) - Created pipeline Pipeline[ Id: 36553ca1-dc8b-412d-b526-c5390a800be9, Nodes: 90009789-8842-418f-8ff7-fd30b6459fea{ip: 10.1.0.54, host: fv-az297-879.nmf1rxwemy4u5di1sxxf4ejcwb.jx.internal.cloudapp.net, ports: [REPLICATION=37747, RATIS=32925, RATIS_ADMIN=32925, RATIS_SERVER=32925, STANDALONE=36153], networkLocation: /default-rack, certSerialId: null, persistedOpState: IN_SERVICE, persistedOpStateExpiryEpochSec: 0}0292c10f-4541-4999-8cd5-5951ec5beac5{ip: 10.1.0.54, host: fv-az297-879.nmf1rxwemy4u5di1sxxf4ejcwb.jx.internal.cloudapp.net, ports: [REPLICATION=33235, RATIS=44995, RATIS_ADMIN=44995, RATIS_SERVER=44995, STANDALONE=36693], networkLocation: /default-rack, certSerialId: null, persistedOpState: IN_SERVICE, persistedOpStateExpiryEpochSec: 0}5ef20450-9cf9-4453-a61a-017c25eb5aae{ip: 10.1.0.54, host: fv-az297-879.nmf1rxwemy4u5di1sxxf4ejcwb.jx.internal.cloudapp.net, ports: [REPLICATION=37021, RATIS=34073, RATIS_ADMIN=34073, RATIS_SERVER=34073, STANDALONE=39657], networkLocation: /default-rack, certSerialId: null, persistedOpState: IN_SERVICE, persistedOpStateExpiryEpochSec: 0}, ReplicationConfig: RATIS/THREE, State:ALLOCATED, leaderId:, CreationTimestamp2022-05-17T16:33:28.704Z[Etc/UTC]].
2022-05-17 16:33:28,710 [RatisPipelineUtilsThread - 0] INFO  pipeline.PipelineManagerImpl (PipelineManagerImpl.java:recordMetricsForPipeline(695)) - Pipeline: PipelineID=36553ca1-dc8b-412d-b526-c5390a800be9 contains same datanodes as previous pipelines: PipelineID=b140c38f-52de-4593-9386-c3ef55794522 nodeIds: 90009789-8842-418f-8ff7-fd30b6459fea, 0292c10f-4541-4999-8cd5-5951ec5beac5, 5ef20450-9cf9-4453-a61a-017c25eb5aae
2022-05-17 16:33:29,673 [Listener at 127.0.0.1/39929] INFO  ozone.MiniOzoneClusterImpl (MiniOzoneClusterImpl.java:lambda$waitForClusterToBeReady$0(221)) - Nodes are ready. Got 3 of 3 DN Heartbeats.
2022-05-17 16:33:29,675 [Listener at 127.0.0.1/39929] INFO  ozone.MiniOzoneClusterImpl (MiniOzoneClusterImpl.java:lambda$waitForClusterToBeReady$0(224)) - Waiting for cluster to exit safe mode
2022-05-17 16:33:29,675 [Listener at 127.0.0.1/39929] INFO  ozone.MiniOzoneClusterImpl (MiniOzoneClusterImpl.java:lambda$waitForClusterToBeReady$0(226)) - SCM became leader
2022-05-17 16:33:29,934 [Command processor thread] INFO  server.RaftServer (RaftServerProxy.java:addNew(95)) - 90009789-8842-418f-8ff7-fd30b6459fea: addNew group-99663ACE3C7D:[90009789-8842-418f-8ff7-fd30b6459fea|rpc:10.1.0.54:32925|priority:1] returns group-99663ACE3C7D:java.util.concurrent.CompletableFuture@60cde602[Not completed]
2022-05-17 16:33:29,949 [pool-322-thread-1] INFO  server.RaftServer$Division (RaftServerImpl.java:<init>(184)) - 90009789-8842-418f-8ff7-fd30b6459fea: new RaftServerImpl for group-99663ACE3C7D:[90009789-8842-418f-8ff7-fd30b6459fea|rpc:10.1.0.54:32925|priority:1] with ContainerStateMachine:uninitialized
2022-05-17 16:33:29,960 [pool-322-thread-1] INFO  server.RaftServerConfigKeys (ConfUtils.java:logGet(44)) - raft.server.rpc.timeout.min = 5s (custom)
2022-05-17 16:33:29,960 [pool-322-thread-1] INFO  server.RaftServerConfigKeys (ConfUtils.java:logGet(44)) - raft.server.rpc.timeout.max = 5200ms (custom)
2022-05-17 16:33:29,960 [pool-322-thread-1] INFO  server.RaftServerConfigKeys (ConfUtils.java:logGet(44)) - raft.server.rpc.sleep.time = 25ms (default)
2022-05-17 16:33:29,961 [pool-322-thread-1] INFO  server.RaftServerConfigKeys (ConfUtils.java:logGet(44)) - raft.server.rpc.slowness.timeout = 300s (custom)
2022-05-17 16:33:29,961 [pool-322-thread-1] INFO  server.RaftServerConfigKeys (ConfUtils.java:logGet(44)) - raft.server.leaderelection.leader.step-down.wait-time = 10s (default)
2022-05-17 16:33:29,961 [pool-322-thread-1] INFO  server.RaftServerConfigKeys (ConfUtils.java:logGet(44)) - raft.server.sleep.deviation.threshold = 300ms (default)
2022-05-17 16:33:29,961 [pool-322-thread-1] INFO  server.RaftServerConfigKeys (ConfUtils.java:logGet(44)) - raft.server.log.appender.install.snapshot.enabled = false (custom)
2022-05-17 16:33:29,961 [pool-322-thread-1] INFO  server.RaftServer$Division (ServerState.java:<init>(105)) - 90009789-8842-418f-8ff7-fd30b6459fea@group-99663ACE3C7D: ConfigurationManager, init=-1: [90009789-8842-418f-8ff7-fd30b6459fea|rpc:10.1.0.54:32925|priority:1], old=null, confs=<EMPTY_MAP>
2022-05-17 16:33:29,961 [pool-322-thread-1] INFO  server.RaftServerConfigKeys (ConfUtils.java:logGet(44)) - raft.server.storage.dir = [/home/runner/work/ozone/ozone/hadoop-ozone/integration-test/target/test-dir/MiniOzoneClusterImpl-9b9b6652-41b7-4fde-acbd-22aaf54bb7d6/datanode-0/data/ratis] (custom)
2022-05-17 16:33:29,961 [pool-322-thread-1] INFO  server.RaftServerConfigKeys (ConfUtils.java:logGet(44)) - raft.server.log.corruption.policy = EXCEPTION (default)
2022-05-17 16:33:29,961 [pool-322-thread-1] INFO  server.RaftServerConfigKeys (ConfUtils.java:logGet(44)) - raft.server.storage.free-space.min = 0MB (=0) (default)
2022-05-17 16:33:29,961 [pool-322-thread-1] INFO  storage.RaftStorageDirectory (RaftStorageDirectoryImpl.java:analyzeStorage(135)) - The storage directory /home/runner/work/ozone/ozone/hadoop-ozone/integration-test/target/test-dir/MiniOzoneClusterImpl-9b9b6652-41b7-4fde-acbd-22aaf54bb7d6/datanode-0/data/ratis/90979b23-367b-4c39-a6f1-99663ace3c7d does not exist. Creating ...
2022-05-17 16:33:29,963 [pool-322-thread-1] INFO  storage.RaftStorageDirectory (RaftStorageDirectoryImpl.java:tryLock(230)) - Lock on /home/runner/work/ozone/ozone/hadoop-ozone/integration-test/target/test-dir/MiniOzoneClusterImpl-9b9b6652-41b7-4fde-acbd-22aaf54bb7d6/datanode-0/data/ratis/90979b23-367b-4c39-a6f1-99663ace3c7d/in_use.lock acquired by nodename 17133@fv-az297-879
2022-05-17 16:33:29,973 [pool-322-thread-1] INFO  storage.RaftStorage (RaftStorageImpl.java:format(89)) - Storage directory /home/runner/work/ozone/ozone/hadoop-ozone/integration-test/target/test-dir/MiniOzoneClusterImpl-9b9b6652-41b7-4fde-acbd-22aaf54bb7d6/datanode-0/data/ratis/90979b23-367b-4c39-a6f1-99663ace3c7d has been successfully formatted.
2022-05-17 16:33:29,975 [pool-322-thread-1] INFO  ratis.ContainerStateMachine (ContainerStateMachine.java:loadSnapshot(236)) - group-99663ACE3C7D: The snapshot info is null. Setting the last applied indexto:(t:0, i:~)
2022-05-17 16:33:29,975 [pool-322-thread-1] INFO  server.RaftServerConfigKeys (ConfUtils.java:logGet(44)) - raft.server.notification.no-leader.timeout = 300s (custom)
2022-05-17 16:33:29,975 [pool-322-thread-1] INFO  server.RaftServerConfigKeys (ConfUtils.java:logGet(44)) - raft.server.log.use.memory = false (default)
2022-05-17 16:33:29,977 [EventQueue-PipelineReportForPipelineReportHandler] INFO  pipeline.PipelineManagerImpl (PipelineManagerImpl.java:openPipeline(336)) - Pipeline Pipeline[ Id: 90979b23-367b-4c39-a6f1-99663ace3c7d, Nodes: 90009789-8842-418f-8ff7-fd30b6459fea{ip: 10.1.0.54, host: fv-az297-879.nmf1rxwemy4u5di1sxxf4ejcwb.jx.internal.cloudapp.net, ports: [REPLICATION=37747, RATIS=32925, RATIS_ADMIN=32925, RATIS_SERVER=32925, STANDALONE=36153], networkLocation: /default-rack, certSerialId: null, persistedOpState: IN_SERVICE, persistedOpStateExpiryEpochSec: 0}, ReplicationConfig: RATIS/ONE, State:ALLOCATED, leaderId:90009789-8842-418f-8ff7-fd30b6459fea, CreationTimestamp2022-05-17T16:33:26.954Z[Etc/UTC]] moved to OPEN state
2022-05-17 16:33:29,993 [pool-322-thread-1] INFO  server.RaftServerConfigKeys (ConfUtils.java:logGet(44)) - raft.server.log.purge.gap = 1000000 (custom)
2022-05-17 16:33:29,994 [pool-322-thread-1] INFO  server.RaftServerConfigKeys (ConfUtils.java:logGet(44)) - raft.server.log.appender.buffer.byte-limit = 33554432 (custom)
2022-05-17 16:33:29,994 [pool-322-thread-1] INFO  server.RaftServerConfigKeys (ConfUtils.java:logGet(44)) - raft.server.log.segment.size.max = 1048576 (custom)
2022-05-17 16:33:29,995 [pool-322-thread-1] INFO  server.RaftServerConfigKeys (ConfUtils.java:logGet(44)) - raft.server.log.segment.cache.num.max = 2 (custom)
2022-05-17 16:33:29,995 [pool-322-thread-1] INFO  server.RaftServerConfigKeys (ConfUtils.java:logGet(44)) - raft.server.log.segment.cache.size.max = 200MB (=209715200) (default)
2022-05-17 16:33:29,996 [pool-322-thread-1] INFO  segmented.SegmentedRaftLogWorker (SegmentedRaftLogWorker.java:<init>(182)) - new 90009789-8842-418f-8ff7-fd30b6459fea@group-99663ACE3C7D-SegmentedRaftLogWorker for RaftStorageImpl:Storage Directory /home/runner/work/ozone/ozone/hadoop-ozone/integration-test/target/test-dir/MiniOzoneClusterImpl-9b9b6652-41b7-4fde-acbd-22aaf54bb7d6/datanode-0/data/ratis/90979b23-367b-4c39-a6f1-99663ace3c7d
2022-05-17 16:33:29,996 [pool-322-thread-1] INFO  server.RaftServerConfigKeys (ConfUtils.java:logGet(44)) - raft.server.log.queue.byte-limit = 4294967296 (custom)
2022-05-17 16:33:29,996 [pool-322-thread-1] INFO  server.RaftServerConfigKeys (ConfUtils.java:logGet(44)) - raft.server.log.queue.element-limit = 1024 (custom)
2022-05-17 16:33:29,996 [pool-322-thread-1] INFO  server.RaftServerConfigKeys (ConfUtils.java:logGet(44)) - raft.server.log.segment.size.max = 1048576 (custom)
2022-05-17 16:33:29,996 [pool-322-thread-1] INFO  server.RaftServerConfigKeys (ConfUtils.java:logGet(44)) - raft.server.log.preallocated.size = 16384 (custom)
2022-05-17 16:33:29,996 [pool-322-thread-1] INFO  server.RaftServerConfigKeys (ConfUtils.java:logGet(44)) - raft.server.log.force.sync.num = 128 (default)
2022-05-17 16:33:29,996 [pool-322-thread-1] INFO  server.RaftServerConfigKeys (ConfUtils.java:logGet(44)) - raft.server.log.statemachine.data.sync = true (default)
2022-05-17 16:33:29,996 [pool-322-thread-1] INFO  server.RaftServerConfigKeys (ConfUtils.java:logGet(44)) - raft.server.log.statemachine.data.sync.timeout = 10s (default)
2022-05-17 16:33:29,996 [pool-322-thread-1] INFO  server.RaftServerConfigKeys (ConfUtils.java:logGet(44)) - raft.server.log.statemachine.data.sync.timeout.retry = -1 (default)
2022-05-17 16:33:30,000 [pool-322-thread-1] INFO  server.RaftServerConfigKeys (ConfUtils.java:logGet(44)) - raft.server.log.write.buffer.size = 1048576 (custom)
2022-05-17 16:33:30,001 [pool-322-thread-1] INFO  server.RaftServerConfigKeys (ConfUtils.java:logGet(44)) - raft.server.log.statemachine.data.caching.enabled = true (custom)
2022-05-17 16:33:30,002 [pool-322-thread-1] INFO  segmented.SegmentedRaftLogWorker (SegmentedRaftLogWorker.java:lambda$new$0(133)) - 90009789-8842-418f-8ff7-fd30b6459fea@group-99663ACE3C7D-SegmentedRaftLogWorker: flushIndex: setUnconditionally 0 -> -1
2022-05-17 16:33:30,002 [pool-322-thread-1] INFO  segmented.SegmentedRaftLogWorker (SegmentedRaftLogWorker.java:lambda$new$0(133)) - 90009789-8842-418f-8ff7-fd30b6459fea@group-99663ACE3C7D-SegmentedRaftLogWorker: safeCacheEvictIndex: setUnconditionally 0 -> -1
2022-05-17 16:33:30,022 [EventQueue-OpenPipelineForHealthyPipelineSafeModeRule] INFO  safemode.SCMSafeModeManager (HealthyPipelineSafeModeRule.java:process(124)) - SCM in safe mode. Healthy pipelines reported count is 0, required healthy pipeline reported count is 1
2022-05-17 16:33:30,039 [pool-322-thread-1] INFO  server.RaftServerConfigKeys (ConfUtils.java:logGet(44)) - raft.server.snapshot.auto.trigger.enabled = true (custom)
2022-05-17 16:33:30,039 [pool-322-thread-1] INFO  server.RaftServerConfigKeys (ConfUtils.java:logGet(44)) - raft.server.snapshot.auto.trigger.threshold = 10000 (custom)
2022-05-17 16:33:30,039 [pool-322-thread-1] INFO  server.RaftServerConfigKeys (ConfUtils.java:logGet(44)) - raft.server.snapshot.retention.file.num = 5 (custom)
2022-05-17 16:33:30,039 [pool-322-thread-1] INFO  server.RaftServerConfigKeys (ConfUtils.java:logGet(44)) - raft.server.log.purge.upto.snapshot.index = false (default)
2022-05-17 16:33:30,039 [pool-322-thread-1] INFO  server.RaftServerConfigKeys (ConfUtils.java:logGet(44)) - raft.server.retrycache.expirytime = 600000ms (custom)
2022-05-17 16:33:30,039 [pool-322-thread-1] INFO  server.RaftServerConfigKeys (ConfUtils.java:logGet(44)) - raft.server.retrycache.statistics.expirytime = 100μs (default)
2022-05-17 16:33:30,041 [pool-322-thread-1] INFO  server.RaftServer$Division (RaftServerImpl.java:start(301)) - 90009789-8842-418f-8ff7-fd30b6459fea@group-99663ACE3C7D: start as a follower, conf=-1: [90009789-8842-418f-8ff7-fd30b6459fea|rpc:10.1.0.54:32925|priority:1], old=null
2022-05-17 16:33:30,041 [pool-322-thread-1] INFO  server.RaftServer$Division (RaftServerImpl.java:setRole(290)) - 90009789-8842-418f-8ff7-fd30b6459fea@group-99663ACE3C7D: changes role from      null to FOLLOWER at term 0 for startAsFollower
2022-05-17 16:33:30,041 [pool-322-thread-1] INFO  impl.RoleInfo (RoleInfo.java:updateAndGet(130)) - 90009789-8842-418f-8ff7-fd30b6459fea: start 90009789-8842-418f-8ff7-fd30b6459fea@group-99663ACE3C7D-FollowerState
2022-05-17 16:33:30,047 [pool-322-thread-1] INFO  util.JmxRegister (JmxRegister.java:tryRegister(44)) - Successfully registered JMX Bean with object name Ratis:service=RaftServer,group=group-99663ACE3C7D,id=90009789-8842-418f-8ff7-fd30b6459fea
2022-05-17 16:33:30,050 [Command processor thread] INFO  ratis.XceiverServerRatis (XceiverServerRatis.java:addGroup(765)) - Created group PipelineID=90979b23-367b-4c39-a6f1-99663ace3c7d
2022-05-17 16:33:30,050 [Command processor thread] INFO  commandhandler.CreatePipelineCommandHandler (CreatePipelineCommandHandler.java:handle(113)) - Created Pipeline RATIS ONE PipelineID=90979b23-367b-4c39-a6f1-99663ace3c7d.
2022-05-17 16:33:30,050 [Command processor thread] INFO  server.RaftServer (RaftServerProxy.java:addNew(95)) - 90009789-8842-418f-8ff7-fd30b6459fea: addNew group-C3EF55794522:[5ef20450-9cf9-4453-a61a-017c25eb5aae|rpc:10.1.0.54:34073|priority:1, 90009789-8842-418f-8ff7-fd30b6459fea|rpc:10.1.0.54:32925|priority:0, 0292c10f-4541-4999-8cd5-5951ec5beac5|rpc:10.1.0.54:44995|priority:0] returns group-C3EF55794522:java.util.concurrent.CompletableFuture@64f26ec3[Not completed]
2022-05-17 16:33:30,053 [pool-322-thread-1] INFO  server.RaftServer$Division (RaftServerImpl.java:<init>(184)) - 90009789-8842-418f-8ff7-fd30b6459fea: new RaftServerImpl for group-C3EF55794522:[5ef20450-9cf9-4453-a61a-017c25eb5aae|rpc:10.1.0.54:34073|priority:1, 90009789-8842-418f-8ff7-fd30b6459fea|rpc:10.1.0.54:32925|priority:0, 0292c10f-4541-4999-8cd5-5951ec5beac5|rpc:10.1.0.54:44995|priority:0] with ContainerStateMachine:uninitialized
2022-05-17 16:33:30,053 [pool-322-thread-1] INFO  server.RaftServerConfigKeys (ConfUtils.java:logGet(44)) - raft.server.rpc.timeout.min = 5s (custom)
2022-05-17 16:33:30,053 [pool-322-thread-1] INFO  server.RaftServerConfigKeys (ConfUtils.java:logGet(44)) - raft.server.rpc.timeout.max = 5200ms (custom)
2022-05-17 16:33:30,053 [pool-322-thread-1] INFO  server.RaftServerConfigKeys (ConfUtils.java:logGet(44)) - raft.server.rpc.sleep.time = 25ms (default)
2022-05-17 16:33:30,053 [pool-322-thread-1] INFO  server.RaftServerConfigKeys (ConfUtils.java:logGet(44)) - raft.server.rpc.slowness.timeout = 300s (custom)
2022-05-17 16:33:30,053 [pool-322-thread-1] INFO  server.RaftServerConfigKeys (ConfUtils.java:logGet(44)) - raft.server.leaderelection.leader.step-down.wait-time = 10s (default)
2022-05-17 16:33:30,053 [pool-322-thread-1] INFO  server.RaftServerConfigKeys (ConfUtils.java:logGet(44)) - raft.server.sleep.deviation.threshold = 300ms (default)
2022-05-17 16:33:30,054 [pool-322-thread-1] INFO  server.RaftServerConfigKeys (ConfUtils.java:logGet(44)) - raft.server.log.appender.install.snapshot.enabled = false (custom)
2022-05-17 16:33:30,054 [pool-322-thread-1] INFO  server.RaftServer$Division (ServerState.java:<init>(105)) - 90009789-8842-418f-8ff7-fd30b6459fea@group-C3EF55794522: ConfigurationManager, init=-1: [5ef20450-9cf9-4453-a61a-017c25eb5aae|rpc:10.1.0.54:34073|priority:1, 90009789-8842-418f-8ff7-fd30b6459fea|rpc:10.1.0.54:32925|priority:0, 0292c10f-4541-4999-8cd5-5951ec5beac5|rpc:10.1.0.54:44995|priority:0], old=null, confs=<EMPTY_MAP>
2022-05-17 16:33:30,054 [pool-322-thread-1] INFO  server.RaftServerConfigKeys (ConfUtils.java:logGet(44)) - raft.server.storage.dir = [/home/runner/work/ozone/ozone/hadoop-ozone/integration-test/target/test-dir/MiniOzoneClusterImpl-9b9b6652-41b7-4fde-acbd-22aaf54bb7d6/datanode-0/data/ratis] (custom)
2022-05-17 16:33:30,056 [pool-322-thread-1] INFO  server.RaftServerConfigKeys (ConfUtils.java:logGet(44)) - raft.server.log.corruption.policy = EXCEPTION (default)
2022-05-17 16:33:30,056 [pool-322-thread-1] INFO  server.RaftServerConfigKeys (ConfUtils.java:logGet(44)) - raft.server.storage.free-space.min = 0MB (=0) (default)
2022-05-17 16:33:30,057 [pool-322-thread-1] INFO  storage.RaftStorageDirectory (RaftStorageDirectoryImpl.java:analyzeStorage(135)) - The storage directory /home/runner/work/ozone/ozone/hadoop-ozone/integration-test/target/test-dir/MiniOzoneClusterImpl-9b9b6652-41b7-4fde-acbd-22aaf54bb7d6/datanode-0/data/ratis/b140c38f-52de-4593-9386-c3ef55794522 does not exist. Creating ...
2022-05-17 16:33:30,064 [pool-322-thread-1] INFO  storage.RaftStorageDirectory (RaftStorageDirectoryImpl.java:tryLock(230)) - Lock on /home/runner/work/ozone/ozone/hadoop-ozone/integration-test/target/test-dir/MiniOzoneClusterImpl-9b9b6652-41b7-4fde-acbd-22aaf54bb7d6/datanode-0/data/ratis/b140c38f-52de-4593-9386-c3ef55794522/in_use.lock acquired by nodename 17133@fv-az297-879
2022-05-17 16:33:30,074 [pool-322-thread-1] INFO  storage.RaftStorage (RaftStorageImpl.java:format(89)) - Storage directory /home/runner/work/ozone/ozone/hadoop-ozone/integration-test/target/test-dir/MiniOzoneClusterImpl-9b9b6652-41b7-4fde-acbd-22aaf54bb7d6/datanode-0/data/ratis/b140c38f-52de-4593-9386-c3ef55794522 has been successfully formatted.
2022-05-17 16:33:30,074 [pool-322-thread-1] INFO  ratis.ContainerStateMachine (ContainerStateMachine.java:loadSnapshot(236)) - group-C3EF55794522: The snapshot info is null. Setting the last applied indexto:(t:0, i:~)
2022-05-17 16:33:30,075 [pool-322-thread-1] INFO  server.RaftServerConfigKeys (ConfUtils.java:logGet(44)) - raft.server.notification.no-leader.timeout = 300s (custom)
2022-05-17 16:33:30,075 [pool-322-thread-1] INFO  server.RaftServerConfigKeys (ConfUtils.java:logGet(44)) - raft.server.log.use.memory = false (default)
2022-05-17 16:33:30,075 [pool-322-thread-1] INFO  server.RaftServerConfigKeys (ConfUtils.java:logGet(44)) - raft.server.log.purge.gap = 1000000 (custom)
2022-05-17 16:33:30,075 [pool-322-thread-1] INFO  server.RaftServerConfigKeys (ConfUtils.java:logGet(44)) - raft.server.log.appender.buffer.byte-limit = 33554432 (custom)
2022-05-17 16:33:30,076 [EventQueue-OpenPipelineForHealthyPipelineSafeModeRule] INFO  safemode.SCMSafeModeManager (HealthyPipelineSafeModeRule.java:process(124)) - SCM in safe mode. Healthy pipelines reported count is 0, required healthy pipeline reported count is 1
2022-05-17 16:33:30,076 [pool-322-thread-1] INFO  server.RaftServerConfigKeys (ConfUtils.java:logGet(44)) - raft.server.log.segment.size.max = 1048576 (custom)
2022-05-17 16:33:30,077 [pool-322-thread-1] INFO  server.RaftServerConfigKeys (ConfUtils.java:logGet(44)) - raft.server.log.segment.cache.num.max = 2 (custom)
2022-05-17 16:33:30,077 [pool-322-thread-1] INFO  server.RaftServerConfigKeys (ConfUtils.java:logGet(44)) - raft.server.log.segment.cache.size.max = 200MB (=209715200) (default)
2022-05-17 16:33:30,077 [pool-322-thread-1] INFO  segmented.SegmentedRaftLogWorker (SegmentedRaftLogWorker.java:<init>(182)) - new 90009789-8842-418f-8ff7-fd30b6459fea@group-C3EF55794522-SegmentedRaftLogWorker for RaftStorageImpl:Storage Directory /home/runner/work/ozone/ozone/hadoop-ozone/integration-test/target/test-dir/MiniOzoneClusterImpl-9b9b6652-41b7-4fde-acbd-22aaf54bb7d6/datanode-0/data/ratis/b140c38f-52de-4593-9386-c3ef55794522
2022-05-17 16:33:30,077 [pool-322-thread-1] INFO  server.RaftServerConfigKeys (ConfUtils.java:logGet(44)) - raft.server.log.queue.byte-limit = 4294967296 (custom)
2022-05-17 16:33:30,077 [pool-322-thread-1] INFO  server.RaftServerConfigKeys (ConfUtils.java:logGet(44)) - raft.server.log.queue.element-limit = 1024 (custom)
2022-05-17 16:33:30,077 [pool-322-thread-1] INFO  server.RaftServerConfigKeys (ConfUtils.java:logGet(44)) - raft.server.log.segment.size.max = 1048576 (custom)
2022-05-17 16:33:30,077 [pool-322-thread-1] INFO  server.RaftServerConfigKeys (ConfUtils.java:logGet(44)) - raft.server.log.preallocated.size = 16384 (custom)
2022-05-17 16:33:30,077 [pool-322-thread-1] INFO  server.RaftServerConfigKeys (ConfUtils.java:logGet(44)) - raft.server.log.force.sync.num = 128 (default)
2022-05-17 16:33:30,077 [pool-322-thread-1] INFO  server.RaftServerConfigKeys (ConfUtils.java:logGet(44)) - raft.server.log.statemachine.data.sync = true (default)
2022-05-17 16:33:30,078 [pool-322-thread-1] INFO  server.RaftServerConfigKeys (ConfUtils.java:logGet(44)) - raft.server.log.statemachine.data.sync.timeout = 10s (default)
2022-05-17 16:33:30,078 [pool-322-thread-1] INFO  server.RaftServerConfigKeys (ConfUtils.java:logGet(44)) - raft.server.log.statemachine.data.sync.timeout.retry = -1 (default)
2022-05-17 16:33:30,111 [pool-322-thread-1] INFO  server.RaftServerConfigKeys (ConfUtils.java:logGet(44)) - raft.server.log.write.buffer.size = 1048576 (custom)
2022-05-17 16:33:30,111 [pool-322-thread-1] INFO  server.RaftServerConfigKeys (ConfUtils.java:logGet(44)) - raft.server.log.statemachine.data.caching.enabled = true (custom)
2022-05-17 16:33:30,112 [pool-322-thread-1] INFO  segmented.SegmentedRaftLogWorker (SegmentedRaftLogWorker.java:lambda$new$0(133)) - 90009789-8842-418f-8ff7-fd30b6459fea@group-C3EF55794522-SegmentedRaftLogWorker: flushIndex: setUnconditionally 0 -> -1
2022-05-17 16:33:30,112 [pool-322-thread-1] INFO  segmented.SegmentedRaftLogWorker (SegmentedRaftLogWorker.java:lambda$new$0(133)) - 90009789-8842-418f-8ff7-fd30b6459fea@group-C3EF55794522-SegmentedRaftLogWorker: safeCacheEvictIndex: setUnconditionally 0 -> -1
2022-05-17 16:33:30,126 [pool-322-thread-1] INFO  server.RaftServerConfigKeys (ConfUtils.java:logGet(44)) - raft.server.snapshot.auto.trigger.enabled = true (custom)
2022-05-17 16:33:30,126 [pool-322-thread-1] INFO  server.RaftServerConfigKeys (ConfUtils.java:logGet(44)) - raft.server.snapshot.auto.trigger.threshold = 10000 (custom)
2022-05-17 16:33:30,126 [pool-322-thread-1] INFO  server.RaftServerConfigKeys (ConfUtils.java:logGet(44)) - raft.server.snapshot.retention.file.num = 5 (custom)
2022-05-17 16:33:30,126 [pool-322-thread-1] INFO  server.RaftServerConfigKeys (ConfUtils.java:logGet(44)) - raft.server.log.purge.upto.snapshot.index = false (default)
2022-05-17 16:33:30,126 [pool-322-thread-1] INFO  server.RaftServerConfigKeys (ConfUtils.java:logGet(44)) - raft.server.retrycache.expirytime = 600000ms (custom)
2022-05-17 16:33:30,126 [pool-322-thread-1] INFO  server.RaftServerConfigKeys (ConfUtils.java:logGet(44)) - raft.server.retrycache.statistics.expirytime = 100μs (default)
2022-05-17 16:33:30,127 [pool-322-thread-1] INFO  server.RaftServer$Division (RaftServerImpl.java:start(301)) - 90009789-8842-418f-8ff7-fd30b6459fea@group-C3EF55794522: start as a follower, conf=-1: [5ef20450-9cf9-4453-a61a-017c25eb5aae|rpc:10.1.0.54:34073|priority:1, 90009789-8842-418f-8ff7-fd30b6459fea|rpc:10.1.0.54:32925|priority:0, 0292c10f-4541-4999-8cd5-5951ec5beac5|rpc:10.1.0.54:44995|priority:0], old=null
2022-05-17 16:33:30,127 [pool-322-thread-1] INFO  server.RaftServer$Division (RaftServerImpl.java:setRole(290)) - 90009789-8842-418f-8ff7-fd30b6459fea@group-C3EF55794522: changes role from      null to FOLLOWER at term 0 for startAsFollower
2022-05-17 16:33:30,128 [pool-322-thread-1] INFO  impl.RoleInfo (RoleInfo.java:updateAndGet(130)) - 90009789-8842-418f-8ff7-fd30b6459fea: start 90009789-8842-418f-8ff7-fd30b6459fea@group-C3EF55794522-FollowerState
2022-05-17 16:33:30,133 [pool-322-thread-1] INFO  util.JmxRegister (JmxRegister.java:tryRegister(44)) - Successfully registered JMX Bean with object name Ratis:service=RaftServer,group=group-C3EF55794522,id=90009789-8842-418f-8ff7-fd30b6459fea
2022-05-17 16:33:30,134 [Command processor thread] INFO  ratis.XceiverServerRatis (XceiverServerRatis.java:addGroup(765)) - Created group PipelineID=b140c38f-52de-4593-9386-c3ef55794522
2022-05-17 16:33:30,212 [grpc-default-executor-0] INFO  server.RaftServer (RaftServerProxy.java:addNew(95)) - 5ef20450-9cf9-4453-a61a-017c25eb5aae: addNew group-C3EF55794522:[5ef20450-9cf9-4453-a61a-017c25eb5aae|rpc:10.1.0.54:34073|dataStream:|priority:1, 90009789-8842-418f-8ff7-fd30b6459fea|rpc:10.1.0.54:32925|dataStream:|priority:0, 0292c10f-4541-4999-8cd5-5951ec5beac5|rpc:10.1.0.54:44995|dataStream:|priority:0] returns group-C3EF55794522:java.util.concurrent.CompletableFuture@3a13e61e[Not completed]
2022-05-17 16:33:30,213 [pool-344-thread-1] INFO  server.RaftServer$Division (RaftServerImpl.java:<init>(184)) - 5ef20450-9cf9-4453-a61a-017c25eb5aae: new RaftServerImpl for group-C3EF55794522:[5ef20450-9cf9-4453-a61a-017c25eb5aae|rpc:10.1.0.54:34073|dataStream:|priority:1, 90009789-8842-418f-8ff7-fd30b6459fea|rpc:10.1.0.54:32925|dataStream:|priority:0, 0292c10f-4541-4999-8cd5-5951ec5beac5|rpc:10.1.0.54:44995|dataStream:|priority:0] with ContainerStateMachine:uninitialized
2022-05-17 16:33:30,226 [pool-344-thread-1] INFO  server.RaftServerConfigKeys (ConfUtils.java:logGet(44)) - raft.server.rpc.timeout.min = 5s (custom)
2022-05-17 16:33:30,227 [pool-344-thread-1] INFO  server.RaftServerConfigKeys (ConfUtils.java:logGet(44)) - raft.server.rpc.timeout.max = 5200ms (custom)
2022-05-17 16:33:30,227 [pool-344-thread-1] INFO  server.RaftServerConfigKeys (ConfUtils.java:logGet(44)) - raft.server.rpc.sleep.time = 25ms (default)
2022-05-17 16:33:30,228 [pool-344-thread-1] INFO  server.RaftServerConfigKeys (ConfUtils.java:logGet(44)) - raft.server.rpc.slowness.timeout = 300s (custom)
2022-05-17 16:33:30,228 [pool-344-thread-1] INFO  server.RaftServerConfigKeys (ConfUtils.java:logGet(44)) - raft.server.leaderelection.leader.step-down.wait-time = 10s (default)
2022-05-17 16:33:30,228 [pool-344-thread-1] INFO  server.RaftServerConfigKeys (ConfUtils.java:logGet(44)) - raft.server.sleep.deviation.threshold = 300ms (default)
2022-05-17 16:33:30,228 [pool-344-thread-1] INFO  server.RaftServerConfigKeys (ConfUtils.java:logGet(44)) - raft.server.log.appender.install.snapshot.enabled = false (custom)
2022-05-17 16:33:30,228 [pool-344-thread-1] INFO  server.RaftServer$Division (ServerState.java:<init>(105)) - 5ef20450-9cf9-4453-a61a-017c25eb5aae@group-C3EF55794522: ConfigurationManager, init=-1: [5ef20450-9cf9-4453-a61a-017c25eb5aae|rpc:10.1.0.54:34073|dataStream:|priority:1, 90009789-8842-418f-8ff7-fd30b6459fea|rpc:10.1.0.54:32925|dataStream:|priority:0, 0292c10f-4541-4999-8cd5-5951ec5beac5|rpc:10.1.0.54:44995|dataStream:|priority:0], old=null, confs=<EMPTY_MAP>
2022-05-17 16:33:30,228 [pool-344-thread-1] INFO  server.RaftServerConfigKeys (ConfUtils.java:logGet(44)) - raft.server.storage.dir = [/home/runner/work/ozone/ozone/hadoop-ozone/integration-test/target/test-dir/MiniOzoneClusterImpl-9b9b6652-41b7-4fde-acbd-22aaf54bb7d6/datanode-1/data/ratis] (custom)
2022-05-17 16:33:30,228 [pool-344-thread-1] INFO  server.RaftServerConfigKeys (ConfUtils.java:logGet(44)) - raft.server.log.corruption.policy = EXCEPTION (default)
2022-05-17 16:33:30,228 [pool-344-thread-1] INFO  server.RaftServerConfigKeys (ConfUtils.java:logGet(44)) - raft.server.storage.free-space.min = 0MB (=0) (default)
2022-05-17 16:33:30,228 [pool-344-thread-1] INFO  storage.RaftStorageDirectory (RaftStorageDirectoryImpl.java:analyzeStorage(135)) - The storage directory /home/runner/work/ozone/ozone/hadoop-ozone/integration-test/target/test-dir/MiniOzoneClusterImpl-9b9b6652-41b7-4fde-acbd-22aaf54bb7d6/datanode-1/data/ratis/b140c38f-52de-4593-9386-c3ef55794522 does not exist. Creating ...
2022-05-17 16:33:30,232 [pool-344-thread-1] INFO  storage.RaftStorageDirectory (RaftStorageDirectoryImpl.java:tryLock(230)) - Lock on /home/runner/work/ozone/ozone/hadoop-ozone/integration-test/target/test-dir/MiniOzoneClusterImpl-9b9b6652-41b7-4fde-acbd-22aaf54bb7d6/datanode-1/data/ratis/b140c38f-52de-4593-9386-c3ef55794522/in_use.lock acquired by nodename 17133@fv-az297-879
2022-05-17 16:33:30,233 [pool-344-thread-1] INFO  storage.RaftStorage (RaftStorageImpl.java:format(89)) - Storage directory /home/runner/work/ozone/ozone/hadoop-ozone/integration-test/target/test-dir/MiniOzoneClusterImpl-9b9b6652-41b7-4fde-acbd-22aaf54bb7d6/datanode-1/data/ratis/b140c38f-52de-4593-9386-c3ef55794522 has been successfully formatted.
2022-05-17 16:33:30,248 [pool-344-thread-1] INFO  ratis.ContainerStateMachine (ContainerStateMachine.java:loadSnapshot(236)) - group-C3EF55794522: The snapshot info is null. Setting the last applied indexto:(t:0, i:~)
2022-05-17 16:33:30,250 [pool-344-thread-1] INFO  server.RaftServerConfigKeys (ConfUtils.java:logGet(44)) - raft.server.notification.no-leader.timeout = 300s (custom)
2022-05-17 16:33:30,250 [pool-344-thread-1] INFO  server.RaftServerConfigKeys (ConfUtils.java:logGet(44)) - raft.server.log.use.memory = false (default)
2022-05-17 16:33:30,250 [pool-344-thread-1] INFO  server.RaftServerConfigKeys (ConfUtils.java:logGet(44)) - raft.server.log.purge.gap = 1000000 (custom)
2022-05-17 16:33:30,250 [pool-344-thread-1] INFO  server.RaftServerConfigKeys (ConfUtils.java:logGet(44)) - raft.server.log.appender.buffer.byte-limit = 33554432 (custom)
2022-05-17 16:33:30,251 [pool-344-thread-1] INFO  server.RaftServerConfigKeys (ConfUtils.java:logGet(44)) - raft.server.log.segment.size.max = 1048576 (custom)
2022-05-17 16:33:30,251 [pool-344-thread-1] INFO  server.RaftServerConfigKeys (ConfUtils.java:logGet(44)) - raft.server.log.segment.cache.num.max = 2 (custom)
2022-05-17 16:33:30,251 [pool-344-thread-1] INFO  server.RaftServerConfigKeys (ConfUtils.java:logGet(44)) - raft.server.log.segment.cache.size.max = 200MB (=209715200) (default)
2022-05-17 16:33:30,251 [pool-344-thread-1] INFO  segmented.SegmentedRaftLogWorker (SegmentedRaftLogWorker.java:<init>(182)) - new 5ef20450-9cf9-4453-a61a-017c25eb5aae@group-C3EF55794522-SegmentedRaftLogWorker for RaftStorageImpl:Storage Directory /home/runner/work/ozone/ozone/hadoop-ozone/integration-test/target/test-dir/MiniOzoneClusterImpl-9b9b6652-41b7-4fde-acbd-22aaf54bb7d6/datanode-1/data/ratis/b140c38f-52de-4593-9386-c3ef55794522
2022-05-17 16:33:30,251 [pool-344-thread-1] INFO  server.RaftServerConfigKeys (ConfUtils.java:logGet(44)) - raft.server.log.queue.byte-limit = 4294967296 (custom)
2022-05-17 16:33:30,251 [pool-344-thread-1] INFO  server.RaftServerConfigKeys (ConfUtils.java:logGet(44)) - raft.server.log.queue.element-limit = 1024 (custom)
2022-05-17 16:33:30,251 [pool-344-thread-1] INFO  server.RaftServerConfigKeys (ConfUtils.java:logGet(44)) - raft.server.log.segment.size.max = 1048576 (custom)
2022-05-17 16:33:30,251 [pool-344-thread-1] INFO  server.RaftServerConfigKeys (ConfUtils.java:logGet(44)) - raft.server.log.preallocated.size = 16384 (custom)
2022-05-17 16:33:30,252 [pool-344-thread-1] INFO  server.RaftServerConfigKeys (ConfUtils.java:logGet(44)) - raft.server.log.force.sync.num = 128 (default)
2022-05-17 16:33:30,252 [pool-344-thread-1] INFO  server.RaftServerConfigKeys (ConfUtils.java:logGet(44)) - raft.server.log.statemachine.data.sync = true (default)
2022-05-17 16:33:30,252 [pool-344-thread-1] INFO  server.RaftServerConfigKeys (ConfUtils.java:logGet(44)) - raft.server.log.statemachine.data.sync.timeout = 10s (default)
2022-05-17 16:33:30,252 [pool-344-thread-1] INFO  server.RaftServerConfigKeys (ConfUtils.java:logGet(44)) - raft.server.log.statemachine.data.sync.timeout.retry = -1 (default)
2022-05-17 16:33:30,253 [pool-344-thread-1] INFO  server.RaftServerConfigKeys (ConfUtils.java:logGet(44)) - raft.server.log.write.buffer.size = 1048576 (custom)
2022-05-17 16:33:30,254 [pool-344-thread-1] INFO  server.RaftServerConfigKeys (ConfUtils.java:logGet(44)) - raft.server.log.statemachine.data.caching.enabled = true (custom)
2022-05-17 16:33:30,254 [pool-344-thread-1] INFO  segmented.SegmentedRaftLogWorker (SegmentedRaftLogWorker.java:lambda$new$0(133)) - 5ef20450-9cf9-4453-a61a-017c25eb5aae@group-C3EF55794522-SegmentedRaftLogWorker: flushIndex: setUnconditionally 0 -> -1
2022-05-17 16:33:30,254 [pool-344-thread-1] INFO  segmented.SegmentedRaftLogWorker (SegmentedRaftLogWorker.java:lambda$new$0(133)) - 5ef20450-9cf9-4453-a61a-017c25eb5aae@group-C3EF55794522-SegmentedRaftLogWorker: safeCacheEvictIndex: setUnconditionally 0 -> -1
2022-05-17 16:33:30,263 [pool-344-thread-1] INFO  server.RaftServerConfigKeys (ConfUtils.java:logGet(44)) - raft.server.snapshot.auto.trigger.enabled = true (custom)
2022-05-17 16:33:30,263 [pool-344-thread-1] INFO  server.RaftServerConfigKeys (ConfUtils.java:logGet(44)) - raft.server.snapshot.auto.trigger.threshold = 10000 (custom)
2022-05-17 16:33:30,263 [pool-344-thread-1] INFO  server.RaftServerConfigKeys (ConfUtils.java:logGet(44)) - raft.server.snapshot.retention.file.num = 5 (custom)
2022-05-17 16:33:30,263 [pool-344-thread-1] INFO  server.RaftServerConfigKeys (ConfUtils.java:logGet(44)) - raft.server.log.purge.upto.snapshot.index = false (default)
2022-05-17 16:33:30,263 [pool-344-thread-1] INFO  server.RaftServerConfigKeys (ConfUtils.java:logGet(44)) - raft.server.retrycache.expirytime = 600000ms (custom)
2022-05-17 16:33:30,263 [pool-344-thread-1] INFO  server.RaftServerConfigKeys (ConfUtils.java:logGet(44)) - raft.server.retrycache.statistics.expirytime = 100μs (default)
2022-05-17 16:33:30,264 [pool-344-thread-1] INFO  server.RaftServer$Division (RaftServerImpl.java:start(301)) - 5ef20450-9cf9-4453-a61a-017c25eb5aae@group-C3EF55794522: start as a follower, conf=-1: [5ef20450-9cf9-4453-a61a-017c25eb5aae|rpc:10.1.0.54:34073|dataStream:|priority:1, 90009789-8842-418f-8ff7-fd30b6459fea|rpc:10.1.0.54:32925|dataStream:|priority:0, 0292c10f-4541-4999-8cd5-5951ec5beac5|rpc:10.1.0.54:44995|dataStream:|priority:0], old=null
2022-05-17 16:33:30,265 [pool-344-thread-1] INFO  server.RaftServer$Division (RaftServerImpl.java:setRole(290)) - 5ef20450-9cf9-4453-a61a-017c25eb5aae@group-C3EF55794522: changes role from      null to FOLLOWER at term 0 for startAsFollower
2022-05-17 16:33:30,265 [pool-344-thread-1] INFO  impl.RoleInfo (RoleInfo.java:updateAndGet(130)) - 5ef20450-9cf9-4453-a61a-017c25eb5aae: start 5ef20450-9cf9-4453-a61a-017c25eb5aae@group-C3EF55794522-FollowerState
2022-05-17 16:33:30,275 [pool-344-thread-1] INFO  util.JmxRegister (JmxRegister.java:tryRegister(44)) - Successfully registered JMX Bean with object name Ratis:service=RaftServer,group=group-C3EF55794522,id=5ef20450-9cf9-4453-a61a-017c25eb5aae
2022-05-17 16:33:30,313 [grpc-default-executor-0] INFO  server.RaftServer (RaftServerProxy.java:addNew(95)) - 0292c10f-4541-4999-8cd5-5951ec5beac5: addNew group-C3EF55794522:[5ef20450-9cf9-4453-a61a-017c25eb5aae|rpc:10.1.0.54:34073|dataStream:|priority:1, 90009789-8842-418f-8ff7-fd30b6459fea|rpc:10.1.0.54:32925|dataStream:|priority:0, 0292c10f-4541-4999-8cd5-5951ec5beac5|rpc:10.1.0.54:44995|dataStream:|priority:0] returns group-C3EF55794522:java.util.concurrent.CompletableFuture@4b04e37d[Not completed]
2022-05-17 16:33:30,318 [pool-366-thread-1] INFO  server.RaftServer$Division (RaftServerImpl.java:<init>(184)) - 0292c10f-4541-4999-8cd5-5951ec5beac5: new RaftServerImpl for group-C3EF55794522:[5ef20450-9cf9-4453-a61a-017c25eb5aae|rpc:10.1.0.54:34073|dataStream:|priority:1, 90009789-8842-418f-8ff7-fd30b6459fea|rpc:10.1.0.54:32925|dataStream:|priority:0, 0292c10f-4541-4999-8cd5-5951ec5beac5|rpc:10.1.0.54:44995|dataStream:|priority:0] with ContainerStateMachine:uninitialized
2022-05-17 16:33:30,332 [pool-366-thread-1] INFO  server.RaftServerConfigKeys (ConfUtils.java:logGet(44)) - raft.server.rpc.timeout.min = 5s (custom)
2022-05-17 16:33:30,332 [pool-366-thread-1] INFO  server.RaftServerConfigKeys (ConfUtils.java:logGet(44)) - raft.server.rpc.timeout.max = 5200ms (custom)
2022-05-17 16:33:30,332 [pool-366-thread-1] INFO  server.RaftServerConfigKeys (ConfUtils.java:logGet(44)) - raft.server.rpc.sleep.time = 25ms (default)
2022-05-17 16:33:30,332 [pool-366-thread-1] INFO  server.RaftServerConfigKeys (ConfUtils.java:logGet(44)) - raft.server.rpc.slowness.timeout = 300s (custom)
2022-05-17 16:33:30,332 [pool-366-thread-1] INFO  server.RaftServerConfigKeys (ConfUtils.java:logGet(44)) - raft.server.leaderelection.leader.step-down.wait-time = 10s (default)
2022-05-17 16:33:30,332 [pool-366-thread-1] INFO  server.RaftServerConfigKeys (ConfUtils.java:logGet(44)) - raft.server.sleep.deviation.threshold = 300ms (default)
2022-05-17 16:33:30,332 [pool-366-thread-1] INFO  server.RaftServerConfigKeys (ConfUtils.java:logGet(44)) - raft.server.log.appender.install.snapshot.enabled = false (custom)
2022-05-17 16:33:30,332 [pool-366-thread-1] INFO  server.RaftServer$Division (ServerState.java:<init>(105)) - 0292c10f-4541-4999-8cd5-5951ec5beac5@group-C3EF55794522: ConfigurationManager, init=-1: [5ef20450-9cf9-4453-a61a-017c25eb5aae|rpc:10.1.0.54:34073|dataStream:|priority:1, 90009789-8842-418f-8ff7-fd30b6459fea|rpc:10.1.0.54:32925|dataStream:|priority:0, 0292c10f-4541-4999-8cd5-5951ec5beac5|rpc:10.1.0.54:44995|dataStream:|priority:0], old=null, confs=<EMPTY_MAP>
2022-05-17 16:33:30,332 [pool-366-thread-1] INFO  server.RaftServerConfigKeys (ConfUtils.java:logGet(44)) - raft.server.storage.dir = [/home/runner/work/ozone/ozone/hadoop-ozone/integration-test/target/test-dir/MiniOzoneClusterImpl-9b9b6652-41b7-4fde-acbd-22aaf54bb7d6/datanode-2/data/ratis] (custom)
2022-05-17 16:33:30,337 [pool-366-thread-1] INFO  server.RaftServerConfigKeys (ConfUtils.java:logGet(44)) - raft.server.log.corruption.policy = EXCEPTION (default)
2022-05-17 16:33:30,337 [pool-366-thread-1] INFO  server.RaftServerConfigKeys (ConfUtils.java:logGet(44)) - raft.server.storage.free-space.min = 0MB (=0) (default)
2022-05-17 16:33:30,337 [pool-366-thread-1] INFO  storage.RaftStorageDirectory (RaftStorageDirectoryImpl.java:analyzeStorage(135)) - The storage directory /home/runner/work/ozone/ozone/hadoop-ozone/integration-test/target/test-dir/MiniOzoneClusterImpl-9b9b6652-41b7-4fde-acbd-22aaf54bb7d6/datanode-2/data/ratis/b140c38f-52de-4593-9386-c3ef55794522 does not exist. Creating ...
2022-05-17 16:33:30,338 [pool-366-thread-1] INFO  storage.RaftStorageDirectory (RaftStorageDirectoryImpl.java:tryLock(230)) - Lock on /home/runner/work/ozone/ozone/hadoop-ozone/integration-test/target/test-dir/MiniOzoneClusterImpl-9b9b6652-41b7-4fde-acbd-22aaf54bb7d6/datanode-2/data/ratis/b140c38f-52de-4593-9386-c3ef55794522/in_use.lock acquired by nodename 17133@fv-az297-879
2022-05-17 16:33:30,339 [pool-366-thread-1] INFO  storage.RaftStorage (RaftStorageImpl.java:format(89)) - Storage directory /home/runner/work/ozone/ozone/hadoop-ozone/integration-test/target/test-dir/MiniOzoneClusterImpl-9b9b6652-41b7-4fde-acbd-22aaf54bb7d6/datanode-2/data/ratis/b140c38f-52de-4593-9386-c3ef55794522 has been successfully formatted.
2022-05-17 16:33:30,350 [pool-366-thread-1] INFO  ratis.ContainerStateMachine (ContainerStateMachine.java:loadSnapshot(236)) - group-C3EF55794522: The snapshot info is null. Setting the last applied indexto:(t:0, i:~)
2022-05-17 16:33:30,350 [pool-366-thread-1] INFO  server.RaftServerConfigKeys (ConfUtils.java:logGet(44)) - raft.server.notification.no-leader.timeout = 300s (custom)
2022-05-17 16:33:30,350 [pool-366-thread-1] INFO  server.RaftServerConfigKeys (ConfUtils.java:logGet(44)) - raft.server.log.use.memory = false (default)
2022-05-17 16:33:30,350 [pool-366-thread-1] INFO  server.RaftServerConfigKeys (ConfUtils.java:logGet(44)) - raft.server.log.purge.gap = 1000000 (custom)
2022-05-17 16:33:30,350 [pool-366-thread-1] INFO  server.RaftServerConfigKeys (ConfUtils.java:logGet(44)) - raft.server.log.appender.buffer.byte-limit = 33554432 (custom)
2022-05-17 16:33:30,350 [pool-366-thread-1] INFO  server.RaftServerConfigKeys (ConfUtils.java:logGet(44)) - raft.server.log.segment.size.max = 1048576 (custom)
2022-05-17 16:33:30,352 [pool-366-thread-1] INFO  server.RaftServerConfigKeys (ConfUtils.java:logGet(44)) - raft.server.log.segment.cache.num.max = 2 (custom)
2022-05-17 16:33:30,352 [pool-366-thread-1] INFO  server.RaftServerConfigKeys (ConfUtils.java:logGet(44)) - raft.server.log.segment.cache.size.max = 200MB (=209715200) (default)
2022-05-17 16:33:30,352 [pool-366-thread-1] INFO  segmented.SegmentedRaftLogWorker (SegmentedRaftLogWorker.java:<init>(182)) - new 0292c10f-4541-4999-8cd5-5951ec5beac5@group-C3EF55794522-SegmentedRaftLogWorker for RaftStorageImpl:Storage Directory /home/runner/work/ozone/ozone/hadoop-ozone/integration-test/target/test-dir/MiniOzoneClusterImpl-9b9b6652-41b7-4fde-acbd-22aaf54bb7d6/datanode-2/data/ratis/b140c38f-52de-4593-9386-c3ef55794522
2022-05-17 16:33:30,352 [pool-366-thread-1] INFO  server.RaftServerConfigKeys (ConfUtils.java:logGet(44)) - raft.server.log.queue.byte-limit = 4294967296 (custom)
2022-05-17 16:33:30,352 [pool-366-thread-1] INFO  server.RaftServerConfigKeys (ConfUtils.java:logGet(44)) - raft.server.log.queue.element-limit = 1024 (custom)
2022-05-17 16:33:30,352 [pool-366-thread-1] INFO  server.RaftServerConfigKeys (ConfUtils.java:logGet(44)) - raft.server.log.segment.size.max = 1048576 (custom)
2022-05-17 16:33:30,354 [pool-366-thread-1] INFO  server.RaftServerConfigKeys (ConfUtils.java:logGet(44)) - raft.server.log.preallocated.size = 16384 (custom)
2022-05-17 16:33:30,354 [pool-366-thread-1] INFO  server.RaftServerConfigKeys (ConfUtils.java:logGet(44)) - raft.server.log.force.sync.num = 128 (default)
2022-05-17 16:33:30,354 [pool-366-thread-1] INFO  server.RaftServerConfigKeys (ConfUtils.java:logGet(44)) - raft.server.log.statemachine.data.sync = true (default)
2022-05-17 16:33:30,354 [pool-366-thread-1] INFO  server.RaftServerConfigKeys (ConfUtils.java:logGet(44)) - raft.server.log.statemachine.data.sync.timeout = 10s (default)
2022-05-17 16:33:30,354 [pool-366-thread-1] INFO  server.RaftServerConfigKeys (ConfUtils.java:logGet(44)) - raft.server.log.statemachine.data.sync.timeout.retry = -1 (default)
2022-05-17 16:33:30,366 [pool-366-thread-1] INFO  server.RaftServerConfigKeys (ConfUtils.java:logGet(44)) - raft.server.log.write.buffer.size = 1048576 (custom)
2022-05-17 16:33:30,367 [pool-366-thread-1] INFO  server.RaftServerConfigKeys (ConfUtils.java:logGet(44)) - raft.server.log.statemachine.data.caching.enabled = true (custom)
2022-05-17 16:33:30,367 [pool-366-thread-1] INFO  segmented.SegmentedRaftLogWorker (SegmentedRaftLogWorker.java:lambda$new$0(133)) - 0292c10f-4541-4999-8cd5-5951ec5beac5@group-C3EF55794522-SegmentedRaftLogWorker: flushIndex: setUnconditionally 0 -> -1
2022-05-17 16:33:30,367 [pool-366-thread-1] INFO  segmented.SegmentedRaftLogWorker (SegmentedRaftLogWorker.java:lambda$new$0(133)) - 0292c10f-4541-4999-8cd5-5951ec5beac5@group-C3EF55794522-SegmentedRaftLogWorker: safeCacheEvictIndex: setUnconditionally 0 -> -1
2022-05-17 16:33:30,367 [pool-366-thread-1] INFO  server.RaftServerConfigKeys (ConfUtils.java:logGet(44)) - raft.server.snapshot.auto.trigger.enabled = true (custom)
2022-05-17 16:33:30,367 [pool-366-thread-1] INFO  server.RaftServerConfigKeys (ConfUtils.java:logGet(44)) - raft.server.snapshot.auto.trigger.threshold = 10000 (custom)
2022-05-17 16:33:30,367 [pool-366-thread-1] INFO  server.RaftServerConfigKeys (ConfUtils.java:logGet(44)) - raft.server.snapshot.retention.file.num = 5 (custom)
2022-05-17 16:33:30,367 [pool-366-thread-1] INFO  server.RaftServerConfigKeys (ConfUtils.java:logGet(44)) - raft.server.log.purge.upto.snapshot.index = false (default)
2022-05-17 16:33:30,368 [pool-366-thread-1] INFO  server.RaftServerConfigKeys (ConfUtils.java:logGet(44)) - raft.server.retrycache.expirytime = 600000ms (custom)
2022-05-17 16:33:30,368 [pool-366-thread-1] INFO  server.RaftServerConfigKeys (ConfUtils.java:logGet(44)) - raft.server.retrycache.statistics.expirytime = 100μs (default)
2022-05-17 16:33:30,369 [pool-366-thread-1] INFO  server.RaftServer$Division (RaftServerImpl.java:start(301)) - 0292c10f-4541-4999-8cd5-5951ec5beac5@group-C3EF55794522: start as a follower, conf=-1: [5ef20450-9cf9-4453-a61a-017c25eb5aae|rpc:10.1.0.54:34073|dataStream:|priority:1, 90009789-8842-418f-8ff7-fd30b6459fea|rpc:10.1.0.54:32925|dataStream:|priority:0, 0292c10f-4541-4999-8cd5-5951ec5beac5|rpc:10.1.0.54:44995|dataStream:|priority:0], old=null
2022-05-17 16:33:30,369 [pool-366-thread-1] INFO  server.RaftServer$Division (RaftServerImpl.java:setRole(290)) - 0292c10f-4541-4999-8cd5-5951ec5beac5@group-C3EF55794522: changes role from      null to FOLLOWER at term 0 for startAsFollower
2022-05-17 16:33:30,369 [pool-366-thread-1] INFO  impl.RoleInfo (RoleInfo.java:updateAndGet(130)) - 0292c10f-4541-4999-8cd5-5951ec5beac5: start 0292c10f-4541-4999-8cd5-5951ec5beac5@group-C3EF55794522-FollowerState
2022-05-17 16:33:30,370 [pool-366-thread-1] INFO  util.JmxRegister (JmxRegister.java:tryRegister(44)) - Successfully registered JMX Bean with object name Ratis:service=RaftServer,group=group-C3EF55794522,id=0292c10f-4541-4999-8cd5-5951ec5beac5
2022-05-17 16:33:30,405 [Command processor thread] INFO  commandhandler.CreatePipelineCommandHandler (CreatePipelineCommandHandler.java:handle(113)) - Created Pipeline RATIS THREE PipelineID=b140c38f-52de-4593-9386-c3ef55794522.
2022-05-17 16:33:30,405 [Command processor thread] INFO  server.RaftServer (RaftServerProxy.java:addNew(95)) - 90009789-8842-418f-8ff7-fd30b6459fea: addNew group-C5390A800BE9:[5ef20450-9cf9-4453-a61a-017c25eb5aae|rpc:10.1.0.54:34073|priority:0, 90009789-8842-418f-8ff7-fd30b6459fea|rpc:10.1.0.54:32925|priority:1, 0292c10f-4541-4999-8cd5-5951ec5beac5|rpc:10.1.0.54:44995|priority:0] returns group-C5390A800BE9:java.util.concurrent.CompletableFuture@1bbaa9cf[Not completed]
2022-05-17 16:33:30,414 [pool-322-thread-1] INFO  server.RaftServer$Division (RaftServerImpl.java:<init>(184)) - 90009789-8842-418f-8ff7-fd30b6459fea: new RaftServerImpl for group-C5390A800BE9:[5ef20450-9cf9-4453-a61a-017c25eb5aae|rpc:10.1.0.54:34073|priority:0, 90009789-8842-418f-8ff7-fd30b6459fea|rpc:10.1.0.54:32925|priority:1, 0292c10f-4541-4999-8cd5-5951ec5beac5|rpc:10.1.0.54:44995|priority:0] with ContainerStateMachine:uninitialized
2022-05-17 16:33:30,414 [pool-322-thread-1] INFO  server.RaftServerConfigKeys (ConfUtils.java:logGet(44)) - raft.server.rpc.timeout.min = 5s (custom)
2022-05-17 16:33:30,414 [pool-322-thread-1] INFO  server.RaftServerConfigKeys (ConfUtils.java:logGet(44)) - raft.server.rpc.timeout.max = 5200ms (custom)
2022-05-17 16:33:30,414 [pool-322-thread-1] INFO  server.RaftServerConfigKeys (ConfUtils.java:logGet(44)) - raft.server.rpc.sleep.time = 25ms (default)
2022-05-17 16:33:30,414 [pool-322-thread-1] INFO  server.RaftServerConfigKeys (ConfUtils.java:logGet(44)) - raft.server.rpc.slowness.timeout = 300s (custom)
2022-05-17 16:33:30,414 [pool-322-thread-1] INFO  server.RaftServerConfigKeys (ConfUtils.java:logGet(44)) - raft.server.leaderelection.leader.step-down.wait-time = 10s (default)
2022-05-17 16:33:30,414 [pool-322-thread-1] INFO  server.RaftServerConfigKeys (ConfUtils.java:logGet(44)) - raft.server.sleep.deviation.threshold = 300ms (default)
2022-05-17 16:33:30,414 [pool-322-thread-1] INFO  server.RaftServerConfigKeys (ConfUtils.java:logGet(44)) - raft.server.log.appender.install.snapshot.enabled = false (custom)
2022-05-17 16:33:30,414 [pool-322-thread-1] INFO  server.RaftServer$Division (ServerState.java:<init>(105)) - 90009789-8842-418f-8ff7-fd30b6459fea@group-C5390A800BE9: ConfigurationManager, init=-1: [5ef20450-9cf9-4453-a61a-017c25eb5aae|rpc:10.1.0.54:34073|priority:0, 90009789-8842-418f-8ff7-fd30b6459fea|rpc:10.1.0.54:32925|priority:1, 0292c10f-4541-4999-8cd5-5951ec5beac5|rpc:10.1.0.54:44995|priority:0], old=null, confs=<EMPTY_MAP>
2022-05-17 16:33:30,414 [pool-322-thread-1] INFO  server.RaftServerConfigKeys (ConfUtils.java:logGet(44)) - raft.server.storage.dir = [/home/runner/work/ozone/ozone/hadoop-ozone/integration-test/target/test-dir/MiniOzoneClusterImpl-9b9b6652-41b7-4fde-acbd-22aaf54bb7d6/datanode-0/data/ratis] (custom)
2022-05-17 16:33:30,415 [pool-322-thread-1] INFO  server.RaftServerConfigKeys (ConfUtils.java:logGet(44)) - raft.server.log.corruption.policy = EXCEPTION (default)
2022-05-17 16:33:30,415 [pool-322-thread-1] INFO  server.RaftServerConfigKeys (ConfUtils.java:logGet(44)) - raft.server.storage.free-space.min = 0MB (=0) (default)
2022-05-17 16:33:30,415 [pool-322-thread-1] INFO  storage.RaftStorageDirectory (RaftStorageDirectoryImpl.java:analyzeStorage(135)) - The storage directory /home/runner/work/ozone/ozone/hadoop-ozone/integration-test/target/test-dir/MiniOzoneClusterImpl-9b9b6652-41b7-4fde-acbd-22aaf54bb7d6/datanode-0/data/ratis/36553ca1-dc8b-412d-b526-c5390a800be9 does not exist. Creating ...
2022-05-17 16:33:30,418 [pool-322-thread-1] INFO  storage.RaftStorageDirectory (RaftStorageDirectoryImpl.java:tryLock(230)) - Lock on /home/runner/work/ozone/ozone/hadoop-ozone/integration-test/target/test-dir/MiniOzoneClusterImpl-9b9b6652-41b7-4fde-acbd-22aaf54bb7d6/datanode-0/data/ratis/36553ca1-dc8b-412d-b526-c5390a800be9/in_use.lock acquired by nodename 17133@fv-az297-879
2022-05-17 16:33:30,419 [pool-322-thread-1] INFO  storage.RaftStorage (RaftStorageImpl.java:format(89)) - Storage directory /home/runner/work/ozone/ozone/hadoop-ozone/integration-test/target/test-dir/MiniOzoneClusterImpl-9b9b6652-41b7-4fde-acbd-22aaf54bb7d6/datanode-0/data/ratis/36553ca1-dc8b-412d-b526-c5390a800be9 has been successfully formatted.
2022-05-17 16:33:30,420 [pool-322-thread-1] INFO  ratis.ContainerStateMachine (ContainerStateMachine.java:loadSnapshot(236)) - group-C5390A800BE9: The snapshot info is null. Setting the last applied indexto:(t:0, i:~)
2022-05-17 16:33:30,420 [pool-322-thread-1] INFO  server.RaftServerConfigKeys (ConfUtils.java:logGet(44)) - raft.server.notification.no-leader.timeout = 300s (custom)
2022-05-17 16:33:30,420 [pool-322-thread-1] INFO  server.RaftServerConfigKeys (ConfUtils.java:logGet(44)) - raft.server.log.use.memory = false (default)
2022-05-17 16:33:30,420 [pool-322-thread-1] INFO  server.RaftServerConfigKeys (ConfUtils.java:logGet(44)) - raft.server.log.purge.gap = 1000000 (custom)
2022-05-17 16:33:30,421 [pool-322-thread-1] INFO  server.RaftServerConfigKeys (ConfUtils.java:logGet(44)) - raft.server.log.appender.buffer.byte-limit = 33554432 (custom)
2022-05-17 16:33:30,421 [pool-322-thread-1] INFO  server.RaftServerConfigKeys (ConfUtils.java:logGet(44)) - raft.server.log.segment.size.max = 1048576 (custom)
2022-05-17 16:33:30,421 [EventQueue-OpenPipelineForHealthyPipelineSafeModeRule] INFO  safemode.SCMSafeModeManager (HealthyPipelineSafeModeRule.java:process(124)) - SCM in safe mode. Healthy pipelines reported count is 0, required healthy pipeline reported count is 1
2022-05-17 16:33:30,421 [pool-322-thread-1] INFO  server.RaftServerConfigKeys (ConfUtils.java:logGet(44)) - raft.server.log.segment.cache.num.max = 2 (custom)
2022-05-17 16:33:30,421 [pool-322-thread-1] INFO  server.RaftServerConfigKeys (ConfUtils.java:logGet(44)) - raft.server.log.segment.cache.size.max = 200MB (=209715200) (default)
2022-05-17 16:33:30,421 [pool-322-thread-1] INFO  segmented.SegmentedRaftLogWorker (SegmentedRaftLogWorker.java:<init>(182)) - new 90009789-8842-418f-8ff7-fd30b6459fea@group-C5390A800BE9-SegmentedRaftLogWorker for RaftStorageImpl:Storage Directory /home/runner/work/ozone/ozone/hadoop-ozone/integration-test/target/test-dir/MiniOzoneClusterImpl-9b9b6652-41b7-4fde-acbd-22aaf54bb7d6/datanode-0/data/ratis/36553ca1-dc8b-412d-b526-c5390a800be9
2022-05-17 16:33:30,421 [pool-322-thread-1] INFO  server.RaftServerConfigKeys (ConfUtils.java:logGet(44)) - raft.server.log.queue.byte-limit = 4294967296 (custom)
2022-05-17 16:33:30,421 [pool-322-thread-1] INFO  server.RaftServerConfigKeys (ConfUtils.java:logGet(44)) - raft.server.log.queue.element-limit = 1024 (custom)
2022-05-17 16:33:30,421 [pool-322-thread-1] INFO  server.RaftServerConfigKeys (ConfUtils.java:logGet(44)) - raft.server.log.segment.size.max = 1048576 (custom)
2022-05-17 16:33:30,421 [pool-322-thread-1] INFO  server.RaftServerConfigKeys (ConfUtils.java:logGet(44)) - raft.server.log.preallocated.size = 16384 (custom)
2022-05-17 16:33:30,421 [pool-322-thread-1] INFO  server.RaftServerConfigKeys (ConfUtils.java:logGet(44)) - raft.server.log.force.sync.num = 128 (default)
2022-05-17 16:33:30,422 [pool-322-thread-1] INFO  server.RaftServerConfigKeys (ConfUtils.java:logGet(44)) - raft.server.log.statemachine.data.sync = true (default)
2022-05-17 16:33:30,422 [pool-322-thread-1] INFO  server.RaftServerConfigKeys (ConfUtils.java:logGet(44)) - raft.server.log.statemachine.data.sync.timeout = 10s (default)
2022-05-17 16:33:30,422 [pool-322-thread-1] INFO  server.RaftServerConfigKeys (ConfUtils.java:logGet(44)) - raft.server.log.statemachine.data.sync.timeout.retry = -1 (default)
2022-05-17 16:33:30,423 [pool-322-thread-1] INFO  server.RaftServerConfigKeys (ConfUtils.java:logGet(44)) - raft.server.log.write.buffer.size = 1048576 (custom)
2022-05-17 16:33:30,423 [pool-322-thread-1] INFO  server.RaftServerConfigKeys (ConfUtils.java:logGet(44)) - raft.server.log.statemachine.data.caching.enabled = true (custom)
2022-05-17 16:33:30,424 [pool-322-thread-1] INFO  segmented.SegmentedRaftLogWorker (SegmentedRaftLogWorker.java:lambda$new$0(133)) - 90009789-8842-418f-8ff7-fd30b6459fea@group-C5390A800BE9-SegmentedRaftLogWorker: flushIndex: setUnconditionally 0 -> -1
2022-05-17 16:33:30,424 [pool-322-thread-1] INFO  segmented.SegmentedRaftLogWorker (SegmentedRaftLogWorker.java:lambda$new$0(133)) - 90009789-8842-418f-8ff7-fd30b6459fea@group-C5390A800BE9-SegmentedRaftLogWorker: safeCacheEvictIndex: setUnconditionally 0 -> -1
2022-05-17 16:33:30,428 [pool-322-thread-1] INFO  server.RaftServerConfigKeys (ConfUtils.java:logGet(44)) - raft.server.snapshot.auto.trigger.enabled = true (custom)
2022-05-17 16:33:30,428 [pool-322-thread-1] INFO  server.RaftServerConfigKeys (ConfUtils.java:logGet(44)) - raft.server.snapshot.auto.trigger.threshold = 10000 (custom)
2022-05-17 16:33:30,428 [pool-322-thread-1] INFO  server.RaftServerConfigKeys (ConfUtils.java:logGet(44)) - raft.server.snapshot.retention.file.num = 5 (custom)
2022-05-17 16:33:30,428 [pool-322-thread-1] INFO  server.RaftServerConfigKeys (ConfUtils.java:logGet(44)) - raft.server.log.purge.upto.snapshot.index = false (default)
2022-05-17 16:33:30,428 [pool-322-thread-1] INFO  server.RaftServerConfigKeys (ConfUtils.java:logGet(44)) - raft.server.retrycache.expirytime = 600000ms (custom)
2022-05-17 16:33:30,428 [pool-322-thread-1] INFO  server.RaftServerConfigKeys (ConfUtils.java:logGet(44)) - raft.server.retrycache.statistics.expirytime = 100μs (default)
2022-05-17 16:33:30,429 [pool-322-thread-1] INFO  server.RaftServer$Division (RaftServerImpl.java:start(301)) - 90009789-8842-418f-8ff7-fd30b6459fea@group-C5390A800BE9: start as a follower, conf=-1: [5ef20450-9cf9-4453-a61a-017c25eb5aae|rpc:10.1.0.54:34073|priority:0, 90009789-8842-418f-8ff7-fd30b6459fea|rpc:10.1.0.54:32925|priority:1, 0292c10f-4541-4999-8cd5-5951ec5beac5|rpc:10.1.0.54:44995|priority:0], old=null
2022-05-17 16:33:30,429 [pool-322-thread-1] INFO  server.RaftServer$Division (RaftServerImpl.java:setRole(290)) - 90009789-8842-418f-8ff7-fd30b6459fea@group-C5390A800BE9: changes role from      null to FOLLOWER at term 0 for startAsFollower
2022-05-17 16:33:30,429 [pool-322-thread-1] INFO  impl.RoleInfo (RoleInfo.java:updateAndGet(130)) - 90009789-8842-418f-8ff7-fd30b6459fea: start 90009789-8842-418f-8ff7-fd30b6459fea@group-C5390A800BE9-FollowerState
2022-05-17 16:33:30,433 [pool-322-thread-1] INFO  util.JmxRegister (JmxRegister.java:tryRegister(44)) - Successfully registered JMX Bean with object name Ratis:service=RaftServer,group=group-C5390A800BE9,id=90009789-8842-418f-8ff7-fd30b6459fea
2022-05-17 16:33:30,443 [Command processor thread] INFO  ratis.XceiverServerRatis (XceiverServerRatis.java:addGroup(765)) - Created group PipelineID=36553ca1-dc8b-412d-b526-c5390a800be9
2022-05-17 16:33:30,460 [grpc-default-executor-0] INFO  server.RaftServer (RaftServerProxy.java:addNew(95)) - 0292c10f-4541-4999-8cd5-5951ec5beac5: addNew group-C5390A800BE9:[5ef20450-9cf9-4453-a61a-017c25eb5aae|rpc:10.1.0.54:34073|dataStream:|priority:0, 90009789-8842-418f-8ff7-fd30b6459fea|rpc:10.1.0.54:32925|dataStream:|priority:1, 0292c10f-4541-4999-8cd5-5951ec5beac5|rpc:10.1.0.54:44995|dataStream:|priority:0] returns group-C5390A800BE9:java.util.concurrent.CompletableFuture@31eadc2[Not completed]
2022-05-17 16:33:30,461 [pool-366-thread-1] INFO  server.RaftServer$Division (RaftServerImpl.java:<init>(184)) - 0292c10f-4541-4999-8cd5-5951ec5beac5: new RaftServerImpl for group-C5390A800BE9:[5ef20450-9cf9-4453-a61a-017c25eb5aae|rpc:10.1.0.54:34073|dataStream:|priority:0, 90009789-8842-418f-8ff7-fd30b6459fea|rpc:10.1.0.54:32925|dataStream:|priority:1, 0292c10f-4541-4999-8cd5-5951ec5beac5|rpc:10.1.0.54:44995|dataStream:|priority:0] with ContainerStateMachine:uninitialized
2022-05-17 16:33:30,461 [pool-366-thread-1] INFO  server.RaftServerConfigKeys (ConfUtils.java:logGet(44)) - raft.server.rpc.timeout.min = 5s (custom)
2022-05-17 16:33:30,461 [pool-366-thread-1] INFO  server.RaftServerConfigKeys (ConfUtils.java:logGet(44)) - raft.server.rpc.timeout.max = 5200ms (custom)
2022-05-17 16:33:30,462 [pool-366-thread-1] INFO  server.RaftServerConfigKeys (ConfUtils.java:logGet(44)) - raft.server.rpc.sleep.time = 25ms (default)
2022-05-17 16:33:30,462 [pool-366-thread-1] INFO  server.RaftServerConfigKeys (ConfUtils.java:logGet(44)) - raft.server.rpc.slowness.timeout = 300s (custom)
2022-05-17 16:33:30,462 [pool-366-thread-1] INFO  server.RaftServerConfigKeys (ConfUtils.java:logGet(44)) - raft.server.leaderelection.leader.step-down.wait-time = 10s (default)
2022-05-17 16:33:30,462 [pool-366-thread-1] INFO  server.RaftServerConfigKeys (ConfUtils.java:logGet(44)) - raft.server.sleep.deviation.threshold = 300ms (default)
2022-05-17 16:33:30,462 [pool-366-thread-1] INFO  server.RaftServerConfigKeys (ConfUtils.java:logGet(44)) - raft.server.log.appender.install.snapshot.enabled = false (custom)
2022-05-17 16:33:30,462 [pool-366-thread-1] INFO  server.RaftServer$Division (ServerState.java:<init>(105)) - 0292c10f-4541-4999-8cd5-5951ec5beac5@group-C5390A800BE9: ConfigurationManager, init=-1: [5ef20450-9cf9-4453-a61a-017c25eb5aae|rpc:10.1.0.54:34073|dataStream:|priority:0, 90009789-8842-418f-8ff7-fd30b6459fea|rpc:10.1.0.54:32925|dataStream:|priority:1, 0292c10f-4541-4999-8cd5-5951ec5beac5|rpc:10.1.0.54:44995|dataStream:|priority:0], old=null, confs=<EMPTY_MAP>
2022-05-17 16:33:30,462 [pool-366-thread-1] INFO  server.RaftServerConfigKeys (ConfUtils.java:logGet(44)) - raft.server.storage.dir = [/home/runner/work/ozone/ozone/hadoop-ozone/integration-test/target/test-dir/MiniOzoneClusterImpl-9b9b6652-41b7-4fde-acbd-22aaf54bb7d6/datanode-2/data/ratis] (custom)
2022-05-17 16:33:30,462 [pool-366-thread-1] INFO  server.RaftServerConfigKeys (ConfUtils.java:logGet(44)) - raft.server.log.corruption.policy = EXCEPTION (default)
2022-05-17 16:33:30,462 [pool-366-thread-1] INFO  server.RaftServerConfigKeys (ConfUtils.java:logGet(44)) - raft.server.storage.free-space.min = 0MB (=0) (default)
2022-05-17 16:33:30,462 [pool-366-thread-1] INFO  storage.RaftStorageDirectory (RaftStorageDirectoryImpl.java:analyzeStorage(135)) - The storage directory /home/runner/work/ozone/ozone/hadoop-ozone/integration-test/target/test-dir/MiniOzoneClusterImpl-9b9b6652-41b7-4fde-acbd-22aaf54bb7d6/datanode-2/data/ratis/36553ca1-dc8b-412d-b526-c5390a800be9 does not exist. Creating ...
2022-05-17 16:33:30,467 [pool-366-thread-1] INFO  storage.RaftStorageDirectory (RaftStorageDirectoryImpl.java:tryLock(230)) - Lock on /home/runner/work/ozone/ozone/hadoop-ozone/integration-test/target/test-dir/MiniOzoneClusterImpl-9b9b6652-41b7-4fde-acbd-22aaf54bb7d6/datanode-2/data/ratis/36553ca1-dc8b-412d-b526-c5390a800be9/in_use.lock acquired by nodename 17133@fv-az297-879
2022-05-17 16:33:30,468 [pool-366-thread-1] INFO  storage.RaftStorage (RaftStorageImpl.java:format(89)) - Storage directory /home/runner/work/ozone/ozone/hadoop-ozone/integration-test/target/test-dir/MiniOzoneClusterImpl-9b9b6652-41b7-4fde-acbd-22aaf54bb7d6/datanode-2/data/ratis/36553ca1-dc8b-412d-b526-c5390a800be9 has been successfully formatted.
2022-05-17 16:33:30,469 [pool-366-thread-1] INFO  ratis.ContainerStateMachine (ContainerStateMachine.java:loadSnapshot(236)) - group-C5390A800BE9: The snapshot info is null. Setting the last applied indexto:(t:0, i:~)
2022-05-17 16:33:30,469 [pool-366-thread-1] INFO  server.RaftServerConfigKeys (ConfUtils.java:logGet(44)) - raft.server.notification.no-leader.timeout = 300s (custom)
2022-05-17 16:33:30,469 [pool-366-thread-1] INFO  server.RaftServerConfigKeys (ConfUtils.java:logGet(44)) - raft.server.log.use.memory = false (default)
2022-05-17 16:33:30,469 [pool-366-thread-1] INFO  server.RaftServerConfigKeys (ConfUtils.java:logGet(44)) - raft.server.log.purge.gap = 1000000 (custom)
2022-05-17 16:33:30,469 [pool-366-thread-1] INFO  server.RaftServerConfigKeys (ConfUtils.java:logGet(44)) - raft.server.log.appender.buffer.byte-limit = 33554432 (custom)
2022-05-17 16:33:30,469 [pool-366-thread-1] INFO  server.RaftServerConfigKeys (ConfUtils.java:logGet(44)) - raft.server.log.segment.size.max = 1048576 (custom)
2022-05-17 16:33:30,471 [pool-366-thread-1] INFO  server.RaftServerConfigKeys (ConfUtils.java:logGet(44)) - raft.server.log.segment.cache.num.max = 2 (custom)
2022-05-17 16:33:30,471 [pool-366-thread-1] INFO  server.RaftServerConfigKeys (ConfUtils.java:logGet(44)) - raft.server.log.segment.cache.size.max = 200MB (=209715200) (default)
2022-05-17 16:33:30,471 [pool-366-thread-1] INFO  segmented.SegmentedRaftLogWorker (SegmentedRaftLogWorker.java:<init>(182)) - new 0292c10f-4541-4999-8cd5-5951ec5beac5@group-C5390A800BE9-SegmentedRaftLogWorker for RaftStorageImpl:Storage Directory /home/runner/work/ozone/ozone/hadoop-ozone/integration-test/target/test-dir/MiniOzoneClusterImpl-9b9b6652-41b7-4fde-acbd-22aaf54bb7d6/datanode-2/data/ratis/36553ca1-dc8b-412d-b526-c5390a800be9
2022-05-17 16:33:30,473 [pool-366-thread-1] INFO  server.RaftServerConfigKeys (ConfUtils.java:logGet(44)) - raft.server.log.queue.byte-limit = 4294967296 (custom)
2022-05-17 16:33:30,473 [pool-366-thread-1] INFO  server.RaftServerConfigKeys (ConfUtils.java:logGet(44)) - raft.server.log.queue.element-limit = 1024 (custom)
2022-05-17 16:33:30,473 [pool-366-thread-1] INFO  server.RaftServerConfigKeys (ConfUtils.java:logGet(44)) - raft.server.log.segment.size.max = 1048576 (custom)
2022-05-17 16:33:30,473 [pool-366-thread-1] INFO  server.RaftServerConfigKeys (ConfUtils.java:logGet(44)) - raft.server.log.preallocated.size = 16384 (custom)
2022-05-17 16:33:30,473 [pool-366-thread-1] INFO  server.RaftServerConfigKeys (ConfUtils.java:logGet(44)) - raft.server.log.force.sync.num = 128 (default)
2022-05-17 16:33:30,473 [pool-366-thread-1] INFO  server.RaftServerConfigKeys (ConfUtils.java:logGet(44)) - raft.server.log.statemachine.data.sync = true (default)
2022-05-17 16:33:30,474 [pool-366-thread-1] INFO  server.RaftServerConfigKeys (ConfUtils.java:logGet(44)) - raft.server.log.statemachine.data.sync.timeout = 10s (default)
2022-05-17 16:33:30,474 [pool-366-thread-1] INFO  server.RaftServerConfigKeys (ConfUtils.java:logGet(44)) - raft.server.log.statemachine.data.sync.timeout.retry = -1 (default)
2022-05-17 16:33:30,475 [pool-366-thread-1] INFO  server.RaftServerConfigKeys (ConfUtils.java:logGet(44)) - raft.server.log.write.buffer.size = 1048576 (custom)
2022-05-17 16:33:30,476 [pool-366-thread-1] INFO  server.RaftServerConfigKeys (ConfUtils.java:logGet(44)) - raft.server.log.statemachine.data.caching.enabled = true (custom)
2022-05-17 16:33:30,476 [pool-366-thread-1] INFO  segmented.SegmentedRaftLogWorker (SegmentedRaftLogWorker.java:lambda$new$0(133)) - 0292c10f-4541-4999-8cd5-5951ec5beac5@group-C5390A800BE9-SegmentedRaftLogWorker: flushIndex: setUnconditionally 0 -> -1
2022-05-17 16:33:30,476 [pool-366-thread-1] INFO  segmented.SegmentedRaftLogWorker (SegmentedRaftLogWorker.java:lambda$new$0(133)) - 0292c10f-4541-4999-8cd5-5951ec5beac5@group-C5390A800BE9-SegmentedRaftLogWorker: safeCacheEvictIndex: setUnconditionally 0 -> -1
2022-05-17 16:33:30,478 [pool-366-thread-1] INFO  server.RaftServerConfigKeys (ConfUtils.java:logGet(44)) - raft.server.snapshot.auto.trigger.enabled = true (custom)
2022-05-17 16:33:30,478 [pool-366-thread-1] INFO  server.RaftServerConfigKeys (ConfUtils.java:logGet(44)) - raft.server.snapshot.auto.trigger.threshold = 10000 (custom)
2022-05-17 16:33:30,478 [pool-366-thread-1] INFO  server.RaftServerConfigKeys (ConfUtils.java:logGet(44)) - raft.server.snapshot.retention.file.num = 5 (custom)
2022-05-17 16:33:30,478 [pool-366-thread-1] INFO  server.RaftServerConfigKeys (ConfUtils.java:logGet(44)) - raft.server.log.purge.upto.snapshot.index = false (default)
2022-05-17 16:33:30,478 [pool-366-thread-1] INFO  server.RaftServerConfigKeys (ConfUtils.java:logGet(44)) - raft.server.retrycache.expirytime = 600000ms (custom)
2022-05-17 16:33:30,478 [pool-366-thread-1] INFO  server.RaftServerConfigKeys (ConfUtils.java:logGet(44)) - raft.server.retrycache.statistics.expirytime = 100μs (default)
2022-05-17 16:33:30,488 [pool-366-thread-1] INFO  server.RaftServer$Division (RaftServerImpl.java:start(301)) - 0292c10f-4541-4999-8cd5-5951ec5beac5@group-C5390A800BE9: start as a follower, conf=-1: [5ef20450-9cf9-4453-a61a-017c25eb5aae|rpc:10.1.0.54:34073|dataStream:|priority:0, 90009789-8842-418f-8ff7-fd30b6459fea|rpc:10.1.0.54:32925|dataStream:|priority:1, 0292c10f-4541-4999-8cd5-5951ec5beac5|rpc:10.1.0.54:44995|dataStream:|priority:0], old=null
2022-05-17 16:33:30,488 [pool-366-thread-1] INFO  server.RaftServer$Division (RaftServerImpl.java:setRole(290)) - 0292c10f-4541-4999-8cd5-5951ec5beac5@group-C5390A800BE9: changes role from      null to FOLLOWER at term 0 for startAsFollower
2022-05-17 16:33:30,488 [pool-366-thread-1] INFO  impl.RoleInfo (RoleInfo.java:updateAndGet(130)) - 0292c10f-4541-4999-8cd5-5951ec5beac5: start 0292c10f-4541-4999-8cd5-5951ec5beac5@group-C5390A800BE9-FollowerState
2022-05-17 16:33:30,492 [pool-366-thread-1] INFO  util.JmxRegister (JmxRegister.java:tryRegister(44)) - Successfully registered JMX Bean with object name Ratis:service=RaftServer,group=group-C5390A800BE9,id=0292c10f-4541-4999-8cd5-5951ec5beac5
2022-05-17 16:33:30,540 [grpc-default-executor-0] INFO  server.RaftServer (RaftServerProxy.java:addNew(95)) - 5ef20450-9cf9-4453-a61a-017c25eb5aae: addNew group-C5390A800BE9:[5ef20450-9cf9-4453-a61a-017c25eb5aae|rpc:10.1.0.54:34073|dataStream:|priority:0, 90009789-8842-418f-8ff7-fd30b6459fea|rpc:10.1.0.54:32925|dataStream:|priority:1, 0292c10f-4541-4999-8cd5-5951ec5beac5|rpc:10.1.0.54:44995|dataStream:|priority:0] returns group-C5390A800BE9:java.util.concurrent.CompletableFuture@66e3ca38[Not completed]
2022-05-17 16:33:30,541 [pool-344-thread-1] INFO  server.RaftServer$Division (RaftServerImpl.java:<init>(184)) - 5ef20450-9cf9-4453-a61a-017c25eb5aae: new RaftServerImpl for group-C5390A800BE9:[5ef20450-9cf9-4453-a61a-017c25eb5aae|rpc:10.1.0.54:34073|dataStream:|priority:0, 90009789-8842-418f-8ff7-fd30b6459fea|rpc:10.1.0.54:32925|dataStream:|priority:1, 0292c10f-4541-4999-8cd5-5951ec5beac5|rpc:10.1.0.54:44995|dataStream:|priority:0] with ContainerStateMachine:uninitialized
2022-05-17 16:33:30,541 [pool-344-thread-1] INFO  server.RaftServerConfigKeys (ConfUtils.java:logGet(44)) - raft.server.rpc.timeout.min = 5s (custom)
2022-05-17 16:33:30,541 [pool-344-thread-1] INFO  server.RaftServerConfigKeys (ConfUtils.java:logGet(44)) - raft.server.rpc.timeout.max = 5200ms (custom)
2022-05-17 16:33:30,542 [pool-344-thread-1] INFO  server.RaftServerConfigKeys (ConfUtils.java:logGet(44)) - raft.server.rpc.sleep.time = 25ms (default)
2022-05-17 16:33:30,542 [pool-344-thread-1] INFO  server.RaftServerConfigKeys (ConfUtils.java:logGet(44)) - raft.server.rpc.slowness.timeout = 300s (custom)
2022-05-17 16:33:30,542 [pool-344-thread-1] INFO  server.RaftServerConfigKeys (ConfUtils.java:logGet(44)) - raft.server.leaderelection.leader.step-down.wait-time = 10s (default)
2022-05-17 16:33:30,542 [pool-344-thread-1] INFO  server.RaftServerConfigKeys (ConfUtils.java:logGet(44)) - raft.server.sleep.deviation.threshold = 300ms (default)
2022-05-17 16:33:30,542 [pool-344-thread-1] INFO  server.RaftServerConfigKeys (ConfUtils.java:logGet(44)) - raft.server.log.appender.install.snapshot.enabled = false (custom)
2022-05-17 16:33:30,542 [pool-344-thread-1] INFO  server.RaftServer$Division (ServerState.java:<init>(105)) - 5ef20450-9cf9-4453-a61a-017c25eb5aae@group-C5390A800BE9: ConfigurationManager, init=-1: [5ef20450-9cf9-4453-a61a-017c25eb5aae|rpc:10.1.0.54:34073|dataStream:|priority:0, 90009789-8842-418f-8ff7-fd30b6459fea|rpc:10.1.0.54:32925|dataStream:|priority:1, 0292c10f-4541-4999-8cd5-5951ec5beac5|rpc:10.1.0.54:44995|dataStream:|priority:0], old=null, confs=<EMPTY_MAP>
2022-05-17 16:33:30,542 [pool-344-thread-1] INFO  server.RaftServerConfigKeys (ConfUtils.java:logGet(44)) - raft.server.storage.dir = [/home/runner/work/ozone/ozone/hadoop-ozone/integration-test/target/test-dir/MiniOzoneClusterImpl-9b9b6652-41b7-4fde-acbd-22aaf54bb7d6/datanode-1/data/ratis] (custom)
2022-05-17 16:33:30,542 [pool-344-thread-1] INFO  server.RaftServerConfigKeys (ConfUtils.java:logGet(44)) - raft.server.log.corruption.policy = EXCEPTION (default)
2022-05-17 16:33:30,542 [pool-344-thread-1] INFO  server.RaftServerConfigKeys (ConfUtils.java:logGet(44)) - raft.server.storage.free-space.min = 0MB (=0) (default)
2022-05-17 16:33:30,543 [pool-344-thread-1] INFO  storage.RaftStorageDirectory (RaftStorageDirectoryImpl.java:analyzeStorage(135)) - The storage directory /home/runner/work/ozone/ozone/hadoop-ozone/integration-test/target/test-dir/MiniOzoneClusterImpl-9b9b6652-41b7-4fde-acbd-22aaf54bb7d6/datanode-1/data/ratis/36553ca1-dc8b-412d-b526-c5390a800be9 does not exist. Creating ...
2022-05-17 16:33:30,544 [pool-344-thread-1] INFO  storage.RaftStorageDirectory (RaftStorageDirectoryImpl.java:tryLock(230)) - Lock on /home/runner/work/ozone/ozone/hadoop-ozone/integration-test/target/test-dir/MiniOzoneClusterImpl-9b9b6652-41b7-4fde-acbd-22aaf54bb7d6/datanode-1/data/ratis/36553ca1-dc8b-412d-b526-c5390a800be9/in_use.lock acquired by nodename 17133@fv-az297-879
2022-05-17 16:33:30,545 [pool-344-thread-1] INFO  storage.RaftStorage (RaftStorageImpl.java:format(89)) - Storage directory /home/runner/work/ozone/ozone/hadoop-ozone/integration-test/target/test-dir/MiniOzoneClusterImpl-9b9b6652-41b7-4fde-acbd-22aaf54bb7d6/datanode-1/data/ratis/36553ca1-dc8b-412d-b526-c5390a800be9 has been successfully formatted.
2022-05-17 16:33:30,545 [pool-344-thread-1] INFO  ratis.ContainerStateMachine (ContainerStateMachine.java:loadSnapshot(236)) - group-C5390A800BE9: The snapshot info is null. Setting the last applied indexto:(t:0, i:~)
2022-05-17 16:33:30,547 [pool-344-thread-1] INFO  server.RaftServerConfigKeys (ConfUtils.java:logGet(44)) - raft.server.notification.no-leader.timeout = 300s (custom)
2022-05-17 16:33:30,547 [pool-344-thread-1] INFO  server.RaftServerConfigKeys (ConfUtils.java:logGet(44)) - raft.server.log.use.memory = false (default)
2022-05-17 16:33:30,547 [pool-344-thread-1] INFO  server.RaftServerConfigKeys (ConfUtils.java:logGet(44)) - raft.server.log.purge.gap = 1000000 (custom)
2022-05-17 16:33:30,547 [pool-344-thread-1] INFO  server.RaftServerConfigKeys (ConfUtils.java:logGet(44)) - raft.server.log.appender.buffer.byte-limit = 33554432 (custom)
2022-05-17 16:33:30,547 [pool-344-thread-1] INFO  server.RaftServerConfigKeys (ConfUtils.java:logGet(44)) - raft.server.log.segment.size.max = 1048576 (custom)
2022-05-17 16:33:30,548 [pool-344-thread-1] INFO  server.RaftServerConfigKeys (ConfUtils.java:logGet(44)) - raft.server.log.segment.cache.num.max = 2 (custom)
2022-05-17 16:33:30,548 [pool-344-thread-1] INFO  server.RaftServerConfigKeys (ConfUtils.java:logGet(44)) - raft.server.log.segment.cache.size.max = 200MB (=209715200) (default)
2022-05-17 16:33:30,548 [pool-344-thread-1] INFO  segmented.SegmentedRaftLogWorker (SegmentedRaftLogWorker.java:<init>(182)) - new 5ef20450-9cf9-4453-a61a-017c25eb5aae@group-C5390A800BE9-SegmentedRaftLogWorker for RaftStorageImpl:Storage Directory /home/runner/work/ozone/ozone/hadoop-ozone/integration-test/target/test-dir/MiniOzoneClusterImpl-9b9b6652-41b7-4fde-acbd-22aaf54bb7d6/datanode-1/data/ratis/36553ca1-dc8b-412d-b526-c5390a800be9
2022-05-17 16:33:30,548 [pool-344-thread-1] INFO  server.RaftServerConfigKeys (ConfUtils.java:logGet(44)) - raft.server.log.queue.byte-limit = 4294967296 (custom)
2022-05-17 16:33:30,548 [pool-344-thread-1] INFO  server.RaftServerConfigKeys (ConfUtils.java:logGet(44)) - raft.server.log.queue.element-limit = 1024 (custom)
2022-05-17 16:33:30,548 [pool-344-thread-1] INFO  server.RaftServerConfigKeys (ConfUtils.java:logGet(44)) - raft.server.log.segment.size.max = 1048576 (custom)
2022-05-17 16:33:30,548 [pool-344-thread-1] INFO  server.RaftServerConfigKeys (ConfUtils.java:logGet(44)) - raft.server.log.preallocated.size = 16384 (custom)
2022-05-17 16:33:30,548 [pool-344-thread-1] INFO  server.RaftServerConfigKeys (ConfUtils.java:logGet(44)) - raft.server.log.force.sync.num = 128 (default)
2022-05-17 16:33:30,548 [pool-344-thread-1] INFO  server.RaftServerConfigKeys (ConfUtils.java:logGet(44)) - raft.server.log.statemachine.data.sync = true (default)
2022-05-17 16:33:30,549 [pool-344-thread-1] INFO  server.RaftServerConfigKeys (ConfUtils.java:logGet(44)) - raft.server.log.statemachine.data.sync.timeout = 10s (default)
2022-05-17 16:33:30,549 [pool-344-thread-1] INFO  server.RaftServerConfigKeys (ConfUtils.java:logGet(44)) - raft.server.log.statemachine.data.sync.timeout.retry = -1 (default)
2022-05-17 16:33:30,550 [pool-344-thread-1] INFO  server.RaftServerConfigKeys (ConfUtils.java:logGet(44)) - raft.server.log.write.buffer.size = 1048576 (custom)
2022-05-17 16:33:30,555 [pool-344-thread-1] INFO  server.RaftServerConfigKeys (ConfUtils.java:logGet(44)) - raft.server.log.statemachine.data.caching.enabled = true (custom)
2022-05-17 16:33:30,555 [pool-344-thread-1] INFO  segmented.SegmentedRaftLogWorker (SegmentedRaftLogWorker.java:lambda$new$0(133)) - 5ef20450-9cf9-4453-a61a-017c25eb5aae@group-C5390A800BE9-SegmentedRaftLogWorker: flushIndex: setUnconditionally 0 -> -1
2022-05-17 16:33:30,555 [pool-344-thread-1] INFO  segmented.SegmentedRaftLogWorker (SegmentedRaftLogWorker.java:lambda$new$0(133)) - 5ef20450-9cf9-4453-a61a-017c25eb5aae@group-C5390A800BE9-SegmentedRaftLogWorker: safeCacheEvictIndex: setUnconditionally 0 -> -1
2022-05-17 16:33:30,569 [pool-344-thread-1] INFO  server.RaftServerConfigKeys (ConfUtils.java:logGet(44)) - raft.server.snapshot.auto.trigger.enabled = true (custom)
2022-05-17 16:33:30,569 [pool-344-thread-1] INFO  server.RaftServerConfigKeys (ConfUtils.java:logGet(44)) - raft.server.snapshot.auto.trigger.threshold = 10000 (custom)
2022-05-17 16:33:30,569 [pool-344-thread-1] INFO  server.RaftServerConfigKeys (ConfUtils.java:logGet(44)) - raft.server.snapshot.retention.file.num = 5 (custom)
2022-05-17 16:33:30,570 [pool-344-thread-1] INFO  server.RaftServerConfigKeys (ConfUtils.java:logGet(44)) - raft.server.log.purge.upto.snapshot.index = false (default)
2022-05-17 16:33:30,570 [pool-344-thread-1] INFO  server.RaftServerConfigKeys (ConfUtils.java:logGet(44)) - raft.server.retrycache.expirytime = 600000ms (custom)
2022-05-17 16:33:30,570 [pool-344-thread-1] INFO  server.RaftServerConfigKeys (ConfUtils.java:logGet(44)) - raft.server.retrycache.statistics.expirytime = 100μs (default)
2022-05-17 16:33:30,571 [pool-344-thread-1] INFO  server.RaftServer$Division (RaftServerImpl.java:start(301)) - 5ef20450-9cf9-4453-a61a-017c25eb5aae@group-C5390A800BE9: start as a follower, conf=-1: [5ef20450-9cf9-4453-a61a-017c25eb5aae|rpc:10.1.0.54:34073|dataStream:|priority:0, 90009789-8842-418f-8ff7-fd30b6459fea|rpc:10.1.0.54:32925|dataStream:|priority:1, 0292c10f-4541-4999-8cd5-5951ec5beac5|rpc:10.1.0.54:44995|dataStream:|priority:0], old=null
2022-05-17 16:33:30,571 [pool-344-thread-1] INFO  server.RaftServer$Division (RaftServerImpl.java:setRole(290)) - 5ef20450-9cf9-4453-a61a-017c25eb5aae@group-C5390A800BE9: changes role from      null to FOLLOWER at term 0 for startAsFollower
2022-05-17 16:33:30,571 [pool-344-thread-1] INFO  impl.RoleInfo (RoleInfo.java:updateAndGet(130)) - 5ef20450-9cf9-4453-a61a-017c25eb5aae: start 5ef20450-9cf9-4453-a61a-017c25eb5aae@group-C5390A800BE9-FollowerState
2022-05-17 16:33:30,578 [pool-344-thread-1] INFO  util.JmxRegister (JmxRegister.java:tryRegister(44)) - Successfully registered JMX Bean with object name Ratis:service=RaftServer,group=group-C5390A800BE9,id=5ef20450-9cf9-4453-a61a-017c25eb5aae
2022-05-17 16:33:30,604 [Command processor thread] INFO  commandhandler.CreatePipelineCommandHandler (CreatePipelineCommandHandler.java:handle(113)) - Created Pipeline RATIS THREE PipelineID=36553ca1-dc8b-412d-b526-c5390a800be9.
2022-05-17 16:33:30,648 [Command processor thread] INFO  server.RaftServer (RaftServerProxy.java:addNew(95)) - 5ef20450-9cf9-4453-a61a-017c25eb5aae: addNew group-426780FCED9C:[5ef20450-9cf9-4453-a61a-017c25eb5aae|rpc:10.1.0.54:34073|priority:1] returns group-426780FCED9C:java.util.concurrent.CompletableFuture@eefa1ef[Not completed]
2022-05-17 16:33:30,650 [pool-344-thread-1] INFO  server.RaftServer$Division (RaftServerImpl.java:<init>(184)) - 5ef20450-9cf9-4453-a61a-017c25eb5aae: new RaftServerImpl for group-426780FCED9C:[5ef20450-9cf9-4453-a61a-017c25eb5aae|rpc:10.1.0.54:34073|priority:1] with ContainerStateMachine:uninitialized
2022-05-17 16:33:30,650 [pool-344-thread-1] INFO  server.RaftServerConfigKeys (ConfUtils.java:logGet(44)) - raft.server.rpc.timeout.min = 5s (custom)
2022-05-17 16:33:30,650 [pool-344-thread-1] INFO  server.RaftServerConfigKeys (ConfUtils.java:logGet(44)) - raft.server.rpc.timeout.max = 5200ms (custom)
2022-05-17 16:33:30,650 [pool-344-thread-1] INFO  server.RaftServerConfigKeys (ConfUtils.java:logGet(44)) - raft.server.rpc.sleep.time = 25ms (default)
2022-05-17 16:33:30,650 [pool-344-thread-1] INFO  server.RaftServerConfigKeys (ConfUtils.java:logGet(44)) - raft.server.rpc.slowness.timeout = 300s (custom)
2022-05-17 16:33:30,650 [pool-344-thread-1] INFO  server.RaftServerConfigKeys (ConfUtils.java:logGet(44)) - raft.server.leaderelection.leader.step-down.wait-time = 10s (default)
2022-05-17 16:33:30,650 [pool-344-thread-1] INFO  server.RaftServerConfigKeys (ConfUtils.java:logGet(44)) - raft.server.sleep.deviation.threshold = 300ms (default)
2022-05-17 16:33:30,650 [pool-344-thread-1] INFO  server.RaftServerConfigKeys (ConfUtils.java:logGet(44)) - raft.server.log.appender.install.snapshot.enabled = false (custom)
2022-05-17 16:33:30,650 [pool-344-thread-1] INFO  server.RaftServer$Division (ServerState.java:<init>(105)) - 5ef20450-9cf9-4453-a61a-017c25eb5aae@group-426780FCED9C: ConfigurationManager, init=-1: [5ef20450-9cf9-4453-a61a-017c25eb5aae|rpc:10.1.0.54:34073|priority:1], old=null, confs=<EMPTY_MAP>
2022-05-17 16:33:30,650 [pool-344-thread-1] INFO  server.RaftServerConfigKeys (ConfUtils.java:logGet(44)) - raft.server.storage.dir = [/home/runner/work/ozone/ozone/hadoop-ozone/integration-test/target/test-dir/MiniOzoneClusterImpl-9b9b6652-41b7-4fde-acbd-22aaf54bb7d6/datanode-1/data/ratis] (custom)
2022-05-17 16:33:30,651 [pool-344-thread-1] INFO  server.RaftServerConfigKeys (ConfUtils.java:logGet(44)) - raft.server.log.corruption.policy = EXCEPTION (default)
2022-05-17 16:33:30,651 [pool-344-thread-1] INFO  server.RaftServerConfigKeys (ConfUtils.java:logGet(44)) - raft.server.storage.free-space.min = 0MB (=0) (default)
2022-05-17 16:33:30,651 [pool-344-thread-1] INFO  storage.RaftStorageDirectory (RaftStorageDirectoryImpl.java:analyzeStorage(135)) - The storage directory /home/runner/work/ozone/ozone/hadoop-ozone/integration-test/target/test-dir/MiniOzoneClusterImpl-9b9b6652-41b7-4fde-acbd-22aaf54bb7d6/datanode-1/data/ratis/368fc830-1766-405d-9f49-426780fced9c does not exist. Creating ...
2022-05-17 16:33:30,652 [pool-344-thread-1] INFO  storage.RaftStorageDirectory (RaftStorageDirectoryImpl.java:tryLock(230)) - Lock on /home/runner/work/ozone/ozone/hadoop-ozone/integration-test/target/test-dir/MiniOzoneClusterImpl-9b9b6652-41b7-4fde-acbd-22aaf54bb7d6/datanode-1/data/ratis/368fc830-1766-405d-9f49-426780fced9c/in_use.lock acquired by nodename 17133@fv-az297-879
2022-05-17 16:33:30,654 [pool-344-thread-1] INFO  storage.RaftStorage (RaftStorageImpl.java:format(89)) - Storage directory /home/runner/work/ozone/ozone/hadoop-ozone/integration-test/target/test-dir/MiniOzoneClusterImpl-9b9b6652-41b7-4fde-acbd-22aaf54bb7d6/datanode-1/data/ratis/368fc830-1766-405d-9f49-426780fced9c has been successfully formatted.
2022-05-17 16:33:30,654 [pool-344-thread-1] INFO  ratis.ContainerStateMachine (ContainerStateMachine.java:loadSnapshot(236)) - group-426780FCED9C: The snapshot info is null. Setting the last applied indexto:(t:0, i:~)
2022-05-17 16:33:30,655 [pool-344-thread-1] INFO  server.RaftServerConfigKeys (ConfUtils.java:logGet(44)) - raft.server.notification.no-leader.timeout = 300s (custom)
2022-05-17 16:33:30,655 [pool-344-thread-1] INFO  server.RaftServerConfigKeys (ConfUtils.java:logGet(44)) - raft.server.log.use.memory = false (default)
2022-05-17 16:33:30,656 [EventQueue-PipelineReportForPipelineReportHandler] INFO  pipeline.PipelineManagerImpl (PipelineManagerImpl.java:openPipeline(336)) - Pipeline Pipeline[ Id: 368fc830-1766-405d-9f49-426780fced9c, Nodes: 5ef20450-9cf9-4453-a61a-017c25eb5aae{ip: 10.1.0.54, host: fv-az297-879.nmf1rxwemy4u5di1sxxf4ejcwb.jx.internal.cloudapp.net, ports: [REPLICATION=37021, RATIS=34073, RATIS_ADMIN=34073, RATIS_SERVER=34073, STANDALONE=39657], networkLocation: /default-rack, certSerialId: null, persistedOpState: IN_SERVICE, persistedOpStateExpiryEpochSec: 0}, ReplicationConfig: RATIS/ONE, State:ALLOCATED, leaderId:5ef20450-9cf9-4453-a61a-017c25eb5aae, CreationTimestamp2022-05-17T16:33:27.653Z[Etc/UTC]] moved to OPEN state
2022-05-17 16:33:30,657 [EventQueue-OpenPipelineForHealthyPipelineSafeModeRule] INFO  safemode.SCMSafeModeManager (HealthyPipelineSafeModeRule.java:process(124)) - SCM in safe mode. Healthy pipelines reported count is 0, required healthy pipeline reported count is 1
2022-05-17 16:33:30,657 [pool-344-thread-1] INFO  server.RaftServerConfigKeys (ConfUtils.java:logGet(44)) - raft.server.log.purge.gap = 1000000 (custom)
2022-05-17 16:33:30,675 [Listener at 127.0.0.1/39929] INFO  ozone.MiniOzoneClusterImpl (MiniOzoneClusterImpl.java:lambda$waitForClusterToBeReady$0(221)) - Nodes are ready. Got 3 of 3 DN Heartbeats.
2022-05-17 16:33:30,686 [Listener at 127.0.0.1/39929] INFO  ozone.MiniOzoneClusterImpl (MiniOzoneClusterImpl.java:lambda$waitForClusterToBeReady$0(224)) - Waiting for cluster to exit safe mode
2022-05-17 16:33:30,686 [Listener at 127.0.0.1/39929] INFO  ozone.MiniOzoneClusterImpl (MiniOzoneClusterImpl.java:lambda$waitForClusterToBeReady$0(226)) - SCM became leader
2022-05-17 16:33:30,686 [pool-344-thread-1] INFO  server.RaftServerConfigKeys (ConfUtils.java:logGet(44)) - raft.server.log.appender.buffer.byte-limit = 33554432 (custom)
2022-05-17 16:33:30,687 [pool-344-thread-1] INFO  server.RaftServerConfigKeys (ConfUtils.java:logGet(44)) - raft.server.log.segment.size.max = 1048576 (custom)
2022-05-17 16:33:30,687 [pool-344-thread-1] INFO  server.RaftServerConfigKeys (ConfUtils.java:logGet(44)) - raft.server.log.segment.cache.num.max = 2 (custom)
2022-05-17 16:33:30,687 [pool-344-thread-1] INFO  server.RaftServerConfigKeys (ConfUtils.java:logGet(44)) - raft.server.log.segment.cache.size.max = 200MB (=209715200) (default)
2022-05-17 16:33:30,687 [pool-344-thread-1] INFO  segmented.SegmentedRaftLogWorker (SegmentedRaftLogWorker.java:<init>(182)) - new 5ef20450-9cf9-4453-a61a-017c25eb5aae@group-426780FCED9C-SegmentedRaftLogWorker for RaftStorageImpl:Storage Directory /home/runner/work/ozone/ozone/hadoop-ozone/integration-test/target/test-dir/MiniOzoneClusterImpl-9b9b6652-41b7-4fde-acbd-22aaf54bb7d6/datanode-1/data/ratis/368fc830-1766-405d-9f49-426780fced9c
2022-05-17 16:33:30,687 [pool-344-thread-1] INFO  server.RaftServerConfigKeys (ConfUtils.java:logGet(44)) - raft.server.log.queue.byte-limit = 4294967296 (custom)
2022-05-17 16:33:30,688 [pool-344-thread-1] INFO  server.RaftServerConfigKeys (ConfUtils.java:logGet(44)) - raft.server.log.queue.element-limit = 1024 (custom)
2022-05-17 16:33:30,688 [pool-344-thread-1] INFO  server.RaftServerConfigKeys (ConfUtils.java:logGet(44)) - raft.server.log.segment.size.max = 1048576 (custom)
2022-05-17 16:33:30,689 [pool-344-thread-1] INFO  server.RaftServerConfigKeys (ConfUtils.java:logGet(44)) - raft.server.log.preallocated.size = 16384 (custom)
2022-05-17 16:33:30,690 [pool-344-thread-1] INFO  server.RaftServerConfigKeys (ConfUtils.java:logGet(44)) - raft.server.log.force.sync.num = 128 (default)
2022-05-17 16:33:30,690 [pool-344-thread-1] INFO  server.RaftServerConfigKeys (ConfUtils.java:logGet(44)) - raft.server.log.statemachine.data.sync = true (default)
2022-05-17 16:33:30,690 [pool-344-thread-1] INFO  server.RaftServerConfigKeys (ConfUtils.java:logGet(44)) - raft.server.log.statemachine.data.sync.timeout = 10s (default)
2022-05-17 16:33:30,690 [pool-344-thread-1] INFO  server.RaftServerConfigKeys (ConfUtils.java:logGet(44)) - raft.server.log.statemachine.data.sync.timeout.retry = -1 (default)
2022-05-17 16:33:30,691 [pool-344-thread-1] INFO  server.RaftServerConfigKeys (ConfUtils.java:logGet(44)) - raft.server.log.write.buffer.size = 1048576 (custom)
2022-05-17 16:33:30,692 [pool-344-thread-1] INFO  server.RaftServerConfigKeys (ConfUtils.java:logGet(44)) - raft.server.log.statemachine.data.caching.enabled = true (custom)
2022-05-17 16:33:30,692 [pool-344-thread-1] INFO  segmented.SegmentedRaftLogWorker (SegmentedRaftLogWorker.java:lambda$new$0(133)) - 5ef20450-9cf9-4453-a61a-017c25eb5aae@group-426780FCED9C-SegmentedRaftLogWorker: flushIndex: setUnconditionally 0 -> -1
2022-05-17 16:33:30,692 [pool-344-thread-1] INFO  segmented.SegmentedRaftLogWorker (SegmentedRaftLogWorker.java:lambda$new$0(133)) - 5ef20450-9cf9-4453-a61a-017c25eb5aae@group-426780FCED9C-SegmentedRaftLogWorker: safeCacheEvictIndex: setUnconditionally 0 -> -1
2022-05-17 16:33:30,714 [pool-344-thread-1] INFO  server.RaftServerConfigKeys (ConfUtils.java:logGet(44)) - raft.server.snapshot.auto.trigger.enabled = true (custom)
2022-05-17 16:33:30,714 [pool-344-thread-1] INFO  server.RaftServerConfigKeys (ConfUtils.java:logGet(44)) - raft.server.snapshot.auto.trigger.threshold = 10000 (custom)
2022-05-17 16:33:30,714 [pool-344-thread-1] INFO  server.RaftServerConfigKeys (ConfUtils.java:logGet(44)) - raft.server.snapshot.retention.file.num = 5 (custom)
2022-05-17 16:33:30,714 [pool-344-thread-1] INFO  server.RaftServerConfigKeys (ConfUtils.java:logGet(44)) - raft.server.log.purge.upto.snapshot.index = false (default)
2022-05-17 16:33:30,714 [pool-344-thread-1] INFO  server.RaftServerConfigKeys (ConfUtils.java:logGet(44)) - raft.server.retrycache.expirytime = 600000ms (custom)
2022-05-17 16:33:30,714 [pool-344-thread-1] INFO  server.RaftServerConfigKeys (ConfUtils.java:logGet(44)) - raft.server.retrycache.statistics.expirytime = 100μs (default)
2022-05-17 16:33:30,715 [pool-344-thread-1] INFO  server.RaftServer$Division (RaftServerImpl.java:start(301)) - 5ef20450-9cf9-4453-a61a-017c25eb5aae@group-426780FCED9C: start as a follower, conf=-1: [5ef20450-9cf9-4453-a61a-017c25eb5aae|rpc:10.1.0.54:34073|priority:1], old=null
2022-05-17 16:33:30,716 [pool-344-thread-1] INFO  server.RaftServer$Division (RaftServerImpl.java:setRole(290)) - 5ef20450-9cf9-4453-a61a-017c25eb5aae@group-426780FCED9C: changes role from      null to FOLLOWER at term 0 for startAsFollower
2022-05-17 16:33:30,716 [pool-344-thread-1] INFO  impl.RoleInfo (RoleInfo.java:updateAndGet(130)) - 5ef20450-9cf9-4453-a61a-017c25eb5aae: start 5ef20450-9cf9-4453-a61a-017c25eb5aae@group-426780FCED9C-FollowerState
2022-05-17 16:33:30,718 [pool-344-thread-1] INFO  util.JmxRegister (JmxRegister.java:tryRegister(44)) - Successfully registered JMX Bean with object name Ratis:service=RaftServer,group=group-426780FCED9C,id=5ef20450-9cf9-4453-a61a-017c25eb5aae
2022-05-17 16:33:30,726 [Command processor thread] INFO  ratis.XceiverServerRatis (XceiverServerRatis.java:addGroup(765)) - Created group PipelineID=368fc830-1766-405d-9f49-426780fced9c
2022-05-17 16:33:30,726 [Command processor thread] INFO  commandhandler.CreatePipelineCommandHandler (CreatePipelineCommandHandler.java:handle(113)) - Created Pipeline RATIS ONE PipelineID=368fc830-1766-405d-9f49-426780fced9c.
2022-05-17 16:33:31,684 [Command processor thread] INFO  server.RaftServer (RaftServerProxy.java:addNew(95)) - 0292c10f-4541-4999-8cd5-5951ec5beac5: addNew group-181D6418D9C7:[0292c10f-4541-4999-8cd5-5951ec5beac5|rpc:10.1.0.54:44995|priority:1] returns group-181D6418D9C7:java.util.concurrent.CompletableFuture@5b58eea7[Not completed]
2022-05-17 16:33:31,685 [pool-366-thread-1] INFO  server.RaftServer$Division (RaftServerImpl.java:<init>(184)) - 0292c10f-4541-4999-8cd5-5951ec5beac5: new RaftServerImpl for group-181D6418D9C7:[0292c10f-4541-4999-8cd5-5951ec5beac5|rpc:10.1.0.54:44995|priority:1] with ContainerStateMachine:uninitialized
2022-05-17 16:33:31,685 [pool-366-thread-1] INFO  server.RaftServerConfigKeys (ConfUtils.java:logGet(44)) - raft.server.rpc.timeout.min = 5s (custom)
2022-05-17 16:33:31,685 [pool-366-thread-1] INFO  server.RaftServerConfigKeys (ConfUtils.java:logGet(44)) - raft.server.rpc.timeout.max = 5200ms (custom)
2022-05-17 16:33:31,685 [pool-366-thread-1] INFO  server.RaftServerConfigKeys (ConfUtils.java:logGet(44)) - raft.server.rpc.sleep.time = 25ms (default)
2022-05-17 16:33:31,685 [pool-366-thread-1] INFO  server.RaftServerConfigKeys (ConfUtils.java:logGet(44)) - raft.server.rpc.slowness.timeout = 300s (custom)
2022-05-17 16:33:31,685 [pool-366-thread-1] INFO  server.RaftServerConfigKeys (ConfUtils.java:logGet(44)) - raft.server.leaderelection.leader.step-down.wait-time = 10s (default)
2022-05-17 16:33:31,685 [pool-366-thread-1] INFO  server.RaftServerConfigKeys (ConfUtils.java:logGet(44)) - raft.server.sleep.deviation.threshold = 300ms (default)
2022-05-17 16:33:31,686 [pool-366-thread-1] INFO  server.RaftServerConfigKeys (ConfUtils.java:logGet(44)) - raft.server.log.appender.install.snapshot.enabled = false (custom)
2022-05-17 16:33:31,686 [pool-366-thread-1] INFO  server.RaftServer$Division (ServerState.java:<init>(105)) - 0292c10f-4541-4999-8cd5-5951ec5beac5@group-181D6418D9C7: ConfigurationManager, init=-1: [0292c10f-4541-4999-8cd5-5951ec5beac5|rpc:10.1.0.54:44995|priority:1], old=null, confs=<EMPTY_MAP>
2022-05-17 16:33:31,686 [pool-366-thread-1] INFO  server.RaftServerConfigKeys (ConfUtils.java:logGet(44)) - raft.server.storage.dir = [/home/runner/work/ozone/ozone/hadoop-ozone/integration-test/target/test-dir/MiniOzoneClusterImpl-9b9b6652-41b7-4fde-acbd-22aaf54bb7d6/datanode-2/data/ratis] (custom)
2022-05-17 16:33:31,686 [pool-366-thread-1] INFO  server.RaftServerConfigKeys (ConfUtils.java:logGet(44)) - raft.server.log.corruption.policy = EXCEPTION (default)
2022-05-17 16:33:31,686 [pool-366-thread-1] INFO  server.RaftServerConfigKeys (ConfUtils.java:logGet(44)) - raft.server.storage.free-space.min = 0MB (=0) (default)
2022-05-17 16:33:31,686 [pool-366-thread-1] INFO  storage.RaftStorageDirectory (RaftStorageDirectoryImpl.java:analyzeStorage(135)) - The storage directory /home/runner/work/ozone/ozone/hadoop-ozone/integration-test/target/test-dir/MiniOzoneClusterImpl-9b9b6652-41b7-4fde-acbd-22aaf54bb7d6/datanode-2/data/ratis/0cf896af-5d9c-4221-be05-181d6418d9c7 does not exist. Creating ...
2022-05-17 16:33:31,687 [Listener at 127.0.0.1/39929] INFO  ozone.MiniOzoneClusterImpl (MiniOzoneClusterImpl.java:lambda$waitForClusterToBeReady$0(221)) - Nodes are ready. Got 3 of 3 DN Heartbeats.
2022-05-17 16:33:31,688 [Listener at 127.0.0.1/39929] INFO  ozone.MiniOzoneClusterImpl (MiniOzoneClusterImpl.java:lambda$waitForClusterToBeReady$0(224)) - Waiting for cluster to exit safe mode
2022-05-17 16:33:31,688 [Listener at 127.0.0.1/39929] INFO  ozone.MiniOzoneClusterImpl (MiniOzoneClusterImpl.java:lambda$waitForClusterToBeReady$0(226)) - SCM became leader
2022-05-17 16:33:31,688 [pool-366-thread-1] INFO  storage.RaftStorageDirectory (RaftStorageDirectoryImpl.java:tryLock(230)) - Lock on /home/runner/work/ozone/ozone/hadoop-ozone/integration-test/target/test-dir/MiniOzoneClusterImpl-9b9b6652-41b7-4fde-acbd-22aaf54bb7d6/datanode-2/data/ratis/0cf896af-5d9c-4221-be05-181d6418d9c7/in_use.lock acquired by nodename 17133@fv-az297-879
2022-05-17 16:33:31,690 [pool-366-thread-1] INFO  storage.RaftStorage (RaftStorageImpl.java:format(89)) - Storage directory /home/runner/work/ozone/ozone/hadoop-ozone/integration-test/target/test-dir/MiniOzoneClusterImpl-9b9b6652-41b7-4fde-acbd-22aaf54bb7d6/datanode-2/data/ratis/0cf896af-5d9c-4221-be05-181d6418d9c7 has been successfully formatted.
2022-05-17 16:33:31,690 [pool-366-thread-1] INFO  ratis.ContainerStateMachine (ContainerStateMachine.java:loadSnapshot(236)) - group-181D6418D9C7: The snapshot info is null. Setting the last applied indexto:(t:0, i:~)
2022-05-17 16:33:31,690 [pool-366-thread-1] INFO  server.RaftServerConfigKeys (ConfUtils.java:logGet(44)) - raft.server.notification.no-leader.timeout = 300s (custom)
2022-05-17 16:33:31,691 [pool-366-thread-1] INFO  server.RaftServerConfigKeys (ConfUtils.java:logGet(44)) - raft.server.log.use.memory = false (default)
2022-05-17 16:33:31,691 [pool-366-thread-1] INFO  server.RaftServerConfigKeys (ConfUtils.java:logGet(44)) - raft.server.log.purge.gap = 1000000 (custom)
2022-05-17 16:33:31,691 [pool-366-thread-1] INFO  server.RaftServerConfigKeys (ConfUtils.java:logGet(44)) - raft.server.log.appender.buffer.byte-limit = 33554432 (custom)
2022-05-17 16:33:31,692 [pool-366-thread-1] INFO  server.RaftServerConfigKeys (ConfUtils.java:logGet(44)) - raft.server.log.segment.size.max = 1048576 (custom)
2022-05-17 16:33:31,692 [EventQueue-PipelineReportForPipelineReportHandler] INFO  pipeline.PipelineManagerImpl (PipelineManagerImpl.java:openPipeline(336)) - Pipeline Pipeline[ Id: 0cf896af-5d9c-4221-be05-181d6418d9c7, Nodes: 0292c10f-4541-4999-8cd5-5951ec5beac5{ip: 10.1.0.54, host: fv-az297-879.nmf1rxwemy4u5di1sxxf4ejcwb.jx.internal.cloudapp.net, ports: [REPLICATION=33235, RATIS=44995, RATIS_ADMIN=44995, RATIS_SERVER=44995, STANDALONE=36693], networkLocation: /default-rack, certSerialId: null, persistedOpState: IN_SERVICE, persistedOpStateExpiryEpochSec: 0}, ReplicationConfig: RATIS/ONE, State:ALLOCATED, leaderId:0292c10f-4541-4999-8cd5-5951ec5beac5, CreationTimestamp2022-05-17T16:33:28.696Z[Etc/UTC]] moved to OPEN state
2022-05-17 16:33:31,693 [pool-366-thread-1] INFO  server.RaftServerConfigKeys (ConfUtils.java:logGet(44)) - raft.server.log.segment.cache.num.max = 2 (custom)
2022-05-17 16:33:31,693 [pool-366-thread-1] INFO  server.RaftServerConfigKeys (ConfUtils.java:logGet(44)) - raft.server.log.segment.cache.size.max = 200MB (=209715200) (default)
2022-05-17 16:33:31,693 [EventQueue-OpenPipelineForHealthyPipelineSafeModeRule] INFO  safemode.SCMSafeModeManager (HealthyPipelineSafeModeRule.java:process(124)) - SCM in safe mode. Healthy pipelines reported count is 0, required healthy pipeline reported count is 1
2022-05-17 16:33:31,693 [pool-366-thread-1] INFO  segmented.SegmentedRaftLogWorker (SegmentedRaftLogWorker.java:<init>(182)) - new 0292c10f-4541-4999-8cd5-5951ec5beac5@group-181D6418D9C7-SegmentedRaftLogWorker for RaftStorageImpl:Storage Directory /home/runner/work/ozone/ozone/hadoop-ozone/integration-test/target/test-dir/MiniOzoneClusterImpl-9b9b6652-41b7-4fde-acbd-22aaf54bb7d6/datanode-2/data/ratis/0cf896af-5d9c-4221-be05-181d6418d9c7
2022-05-17 16:33:31,694 [pool-366-thread-1] INFO  server.RaftServerConfigKeys (ConfUtils.java:logGet(44)) - raft.server.log.queue.byte-limit = 4294967296 (custom)
2022-05-17 16:33:31,694 [pool-366-thread-1] INFO  server.RaftServerConfigKeys (ConfUtils.java:logGet(44)) - raft.server.log.queue.element-limit = 1024 (custom)
2022-05-17 16:33:31,694 [pool-366-thread-1] INFO  server.RaftServerConfigKeys (ConfUtils.java:logGet(44)) - raft.server.log.segment.size.max = 1048576 (custom)
2022-05-17 16:33:31,694 [pool-366-thread-1] INFO  server.RaftServerConfigKeys (ConfUtils.java:logGet(44)) - raft.server.log.preallocated.size = 16384 (custom)
2022-05-17 16:33:31,694 [pool-366-thread-1] INFO  server.RaftServerConfigKeys (ConfUtils.java:logGet(44)) - raft.server.log.force.sync.num = 128 (default)
2022-05-17 16:33:31,694 [pool-366-thread-1] INFO  server.RaftServerConfigKeys (ConfUtils.java:logGet(44)) - raft.server.log.statemachine.data.sync = true (default)
2022-05-17 16:33:31,694 [pool-366-thread-1] INFO  server.RaftServerConfigKeys (ConfUtils.java:logGet(44)) - raft.server.log.statemachine.data.sync.timeout = 10s (default)
2022-05-17 16:33:31,694 [pool-366-thread-1] INFO  server.RaftServerConfigKeys (ConfUtils.java:logGet(44)) - raft.server.log.statemachine.data.sync.timeout.retry = -1 (default)
2022-05-17 16:33:31,695 [pool-366-thread-1] INFO  server.RaftServerConfigKeys (ConfUtils.java:logGet(44)) - raft.server.log.write.buffer.size = 1048576 (custom)
2022-05-17 16:33:31,696 [pool-366-thread-1] INFO  server.RaftServerConfigKeys (ConfUtils.java:logGet(44)) - raft.server.log.statemachine.data.caching.enabled = true (custom)
2022-05-17 16:33:31,696 [pool-366-thread-1] INFO  segmented.SegmentedRaftLogWorker (SegmentedRaftLogWorker.java:lambda$new$0(133)) - 0292c10f-4541-4999-8cd5-5951ec5beac5@group-181D6418D9C7-SegmentedRaftLogWorker: flushIndex: setUnconditionally 0 -> -1
2022-05-17 16:33:31,696 [pool-366-thread-1] INFO  segmented.SegmentedRaftLogWorker (SegmentedRaftLogWorker.java:lambda$new$0(133)) - 0292c10f-4541-4999-8cd5-5951ec5beac5@group-181D6418D9C7-SegmentedRaftLogWorker: safeCacheEvictIndex: setUnconditionally 0 -> -1
2022-05-17 16:33:31,699 [pool-366-thread-1] INFO  server.RaftServerConfigKeys (ConfUtils.java:logGet(44)) - raft.server.snapshot.auto.trigger.enabled = true (custom)
2022-05-17 16:33:31,700 [pool-366-thread-1] INFO  server.RaftServerConfigKeys (ConfUtils.java:logGet(44)) - raft.server.snapshot.auto.trigger.threshold = 10000 (custom)
2022-05-17 16:33:31,700 [pool-366-thread-1] INFO  server.RaftServerConfigKeys (ConfUtils.java:logGet(44)) - raft.server.snapshot.retention.file.num = 5 (custom)
2022-05-17 16:33:31,700 [pool-366-thread-1] INFO  server.RaftServerConfigKeys (ConfUtils.java:logGet(44)) - raft.server.log.purge.upto.snapshot.index = false (default)
2022-05-17 16:33:31,700 [pool-366-thread-1] INFO  server.RaftServerConfigKeys (ConfUtils.java:logGet(44)) - raft.server.retrycache.expirytime = 600000ms (custom)
2022-05-17 16:33:31,700 [pool-366-thread-1] INFO  server.RaftServerConfigKeys (ConfUtils.java:logGet(44)) - raft.server.retrycache.statistics.expirytime = 100μs (default)
2022-05-17 16:33:31,702 [pool-366-thread-1] INFO  server.RaftServer$Division (RaftServerImpl.java:start(301)) - 0292c10f-4541-4999-8cd5-5951ec5beac5@group-181D6418D9C7: start as a follower, conf=-1: [0292c10f-4541-4999-8cd5-5951ec5beac5|rpc:10.1.0.54:44995|priority:1], old=null
2022-05-17 16:33:31,702 [pool-366-thread-1] INFO  server.RaftServer$Division (RaftServerImpl.java:setRole(290)) - 0292c10f-4541-4999-8cd5-5951ec5beac5@group-181D6418D9C7: changes role from      null to FOLLOWER at term 0 for startAsFollower
2022-05-17 16:33:31,702 [pool-366-thread-1] INFO  impl.RoleInfo (RoleInfo.java:updateAndGet(130)) - 0292c10f-4541-4999-8cd5-5951ec5beac5: start 0292c10f-4541-4999-8cd5-5951ec5beac5@group-181D6418D9C7-FollowerState
2022-05-17 16:33:31,703 [pool-366-thread-1] INFO  util.JmxRegister (JmxRegister.java:tryRegister(44)) - Successfully registered JMX Bean with object name Ratis:service=RaftServer,group=group-181D6418D9C7,id=0292c10f-4541-4999-8cd5-5951ec5beac5
2022-05-17 16:33:31,705 [Command processor thread] INFO  ratis.XceiverServerRatis (XceiverServerRatis.java:addGroup(765)) - Created group PipelineID=0cf896af-5d9c-4221-be05-181d6418d9c7
2022-05-17 16:33:31,705 [Command processor thread] INFO  commandhandler.CreatePipelineCommandHandler (CreatePipelineCommandHandler.java:handle(113)) - Created Pipeline RATIS ONE PipelineID=0cf896af-5d9c-4221-be05-181d6418d9c7.
2022-05-17 16:33:32,688 [Listener at 127.0.0.1/39929] INFO  ozone.MiniOzoneClusterImpl (MiniOzoneClusterImpl.java:lambda$waitForClusterToBeReady$0(221)) - Nodes are ready. Got 3 of 3 DN Heartbeats.
2022-05-17 16:33:32,689 [Listener at 127.0.0.1/39929] INFO  ozone.MiniOzoneClusterImpl (MiniOzoneClusterImpl.java:lambda$waitForClusterToBeReady$0(224)) - Waiting for cluster to exit safe mode
2022-05-17 16:33:32,689 [Listener at 127.0.0.1/39929] INFO  ozone.MiniOzoneClusterImpl (MiniOzoneClusterImpl.java:lambda$waitForClusterToBeReady$0(226)) - SCM became leader
2022-05-17 16:33:33,690 [Listener at 127.0.0.1/39929] INFO  ozone.MiniOzoneClusterImpl (MiniOzoneClusterImpl.java:lambda$waitForClusterToBeReady$0(221)) - Nodes are ready. Got 3 of 3 DN Heartbeats.
2022-05-17 16:33:33,690 [Listener at 127.0.0.1/39929] INFO  ozone.MiniOzoneClusterImpl (MiniOzoneClusterImpl.java:lambda$waitForClusterToBeReady$0(224)) - Waiting for cluster to exit safe mode
2022-05-17 16:33:33,690 [Listener at 127.0.0.1/39929] INFO  ozone.MiniOzoneClusterImpl (MiniOzoneClusterImpl.java:lambda$waitForClusterToBeReady$0(226)) - SCM became leader
2022-05-17 16:33:34,691 [Listener at 127.0.0.1/39929] INFO  ozone.MiniOzoneClusterImpl (MiniOzoneClusterImpl.java:lambda$waitForClusterToBeReady$0(221)) - Nodes are ready. Got 3 of 3 DN Heartbeats.
2022-05-17 16:33:34,691 [Listener at 127.0.0.1/39929] INFO  ozone.MiniOzoneClusterImpl (MiniOzoneClusterImpl.java:lambda$waitForClusterToBeReady$0(224)) - Waiting for cluster to exit safe mode
2022-05-17 16:33:34,691 [Listener at 127.0.0.1/39929] INFO  ozone.MiniOzoneClusterImpl (MiniOzoneClusterImpl.java:lambda$waitForClusterToBeReady$0(226)) - SCM became leader
2022-05-17 16:33:35,201 [90009789-8842-418f-8ff7-fd30b6459fea@group-C3EF55794522-FollowerState] INFO  impl.FollowerState (FollowerState.java:run(134)) - 90009789-8842-418f-8ff7-fd30b6459fea@group-C3EF55794522-FollowerState: change to CANDIDATE, lastRpcElapsedTime:5073679677ns, electionTimeout:5067ms
2022-05-17 16:33:35,202 [90009789-8842-418f-8ff7-fd30b6459fea@group-C3EF55794522-FollowerState] INFO  impl.RoleInfo (RoleInfo.java:shutdownFollowerState(108)) - 90009789-8842-418f-8ff7-fd30b6459fea: shutdown 90009789-8842-418f-8ff7-fd30b6459fea@group-C3EF55794522-FollowerState
2022-05-17 16:33:35,202 [90009789-8842-418f-8ff7-fd30b6459fea@group-C3EF55794522-FollowerState] INFO  server.RaftServer$Division (RaftServerImpl.java:setRole(290)) - 90009789-8842-418f-8ff7-fd30b6459fea@group-C3EF55794522: changes role from  FOLLOWER to CANDIDATE at term 0 for changeToCandidate
2022-05-17 16:33:35,202 [90009789-8842-418f-8ff7-fd30b6459fea@group-C3EF55794522-FollowerState] INFO  server.RaftServerConfigKeys (ConfUtils.java:logGet(44)) - raft.server.leaderelection.pre-vote = false (custom)
2022-05-17 16:33:35,202 [90009789-8842-418f-8ff7-fd30b6459fea@group-C3EF55794522-FollowerState] INFO  impl.RoleInfo (RoleInfo.java:updateAndGet(130)) - 90009789-8842-418f-8ff7-fd30b6459fea: start 90009789-8842-418f-8ff7-fd30b6459fea@group-C3EF55794522-LeaderElection19
2022-05-17 16:33:35,219 [90009789-8842-418f-8ff7-fd30b6459fea@group-C3EF55794522-LeaderElection19] INFO  impl.LeaderElection (LeaderElection.java:askForVotes(306)) - 90009789-8842-418f-8ff7-fd30b6459fea@group-C3EF55794522-LeaderElection19 ELECTION round 0: submit vote requests at term 1 for -1: [5ef20450-9cf9-4453-a61a-017c25eb5aae|rpc:10.1.0.54:34073|priority:1, 90009789-8842-418f-8ff7-fd30b6459fea|rpc:10.1.0.54:32925|priority:0, 0292c10f-4541-4999-8cd5-5951ec5beac5|rpc:10.1.0.54:44995|priority:0], old=null
2022-05-17 16:33:35,230 [grpc-default-executor-0] INFO  server.RaftServer$Division (RaftServerImpl.java:requestVote(1046)) - 5ef20450-9cf9-4453-a61a-017c25eb5aae@group-C3EF55794522: receive requestVote(ELECTION, 90009789-8842-418f-8ff7-fd30b6459fea, group-C3EF55794522, 1, (t:0, i:0))
2022-05-17 16:33:35,230 [grpc-default-executor-0] INFO  impl.VoteContext (VoteContext.java:log(48)) - 5ef20450-9cf9-4453-a61a-017c25eb5aae@group-C3EF55794522-FOLLOWER: reject ELECTION from 90009789-8842-418f-8ff7-fd30b6459fea: our priority 1 > candidate's priority 0
2022-05-17 16:33:35,231 [grpc-default-executor-0] INFO  server.RaftServer$Division (RaftServerImpl.java:setRole(290)) - 5ef20450-9cf9-4453-a61a-017c25eb5aae@group-C3EF55794522: changes role from  FOLLOWER to FOLLOWER at term 1 for candidate:90009789-8842-418f-8ff7-fd30b6459fea
2022-05-17 16:33:35,231 [grpc-default-executor-0] INFO  impl.RoleInfo (RoleInfo.java:shutdownFollowerState(108)) - 5ef20450-9cf9-4453-a61a-017c25eb5aae: shutdown 5ef20450-9cf9-4453-a61a-017c25eb5aae@group-C3EF55794522-FollowerState
2022-05-17 16:33:35,231 [grpc-default-executor-0] INFO  impl.RoleInfo (RoleInfo.java:updateAndGet(130)) - 5ef20450-9cf9-4453-a61a-017c25eb5aae: start 5ef20450-9cf9-4453-a61a-017c25eb5aae@group-C3EF55794522-FollowerState
2022-05-17 16:33:35,231 [5ef20450-9cf9-4453-a61a-017c25eb5aae@group-C3EF55794522-FollowerState] INFO  impl.FollowerState (FollowerState.java:run(143)) - 5ef20450-9cf9-4453-a61a-017c25eb5aae@group-C3EF55794522-FollowerState was interrupted: {}
java.lang.InterruptedException: sleep interrupted
	at java.lang.Thread.sleep(Native Method)
	at java.lang.Thread.sleep(Thread.java:342)
	at java.util.concurrent.TimeUnit.sleep(TimeUnit.java:386)
	at org.apache.ratis.util.TimeDuration.sleep(TimeDuration.java:324)
	at org.apache.ratis.util.TimeDuration.sleep(TimeDuration.java:309)
	at org.apache.ratis.server.impl.FollowerState.run(FollowerState.java:118)
2022-05-17 16:33:35,241 [90009789-8842-418f-8ff7-fd30b6459fea@group-99663ACE3C7D-FollowerState] INFO  impl.FollowerState (FollowerState.java:run(134)) - 90009789-8842-418f-8ff7-fd30b6459fea@group-99663ACE3C7D-FollowerState: change to CANDIDATE, lastRpcElapsedTime:5199905173ns, electionTimeout:5192ms
2022-05-17 16:33:35,242 [90009789-8842-418f-8ff7-fd30b6459fea@group-99663ACE3C7D-FollowerState] INFO  impl.RoleInfo (RoleInfo.java:shutdownFollowerState(108)) - 90009789-8842-418f-8ff7-fd30b6459fea: shutdown 90009789-8842-418f-8ff7-fd30b6459fea@group-99663ACE3C7D-FollowerState
2022-05-17 16:33:35,242 [90009789-8842-418f-8ff7-fd30b6459fea@group-99663ACE3C7D-FollowerState] INFO  server.RaftServer$Division (RaftServerImpl.java:setRole(290)) - 90009789-8842-418f-8ff7-fd30b6459fea@group-99663ACE3C7D: changes role from  FOLLOWER to CANDIDATE at term 0 for changeToCandidate
2022-05-17 16:33:35,242 [90009789-8842-418f-8ff7-fd30b6459fea@group-99663ACE3C7D-FollowerState] INFO  server.RaftServerConfigKeys (ConfUtils.java:logGet(44)) - raft.server.leaderelection.pre-vote = false (custom)
2022-05-17 16:33:35,242 [90009789-8842-418f-8ff7-fd30b6459fea@group-99663ACE3C7D-FollowerState] INFO  impl.RoleInfo (RoleInfo.java:updateAndGet(130)) - 90009789-8842-418f-8ff7-fd30b6459fea: start 90009789-8842-418f-8ff7-fd30b6459fea@group-99663ACE3C7D-LeaderElection20
2022-05-17 16:33:35,236 [grpc-default-executor-0] INFO  server.RaftServer$Division (RaftServerImpl.java:requestVote(1078)) - 5ef20450-9cf9-4453-a61a-017c25eb5aae@group-C3EF55794522 replies to ELECTION vote request: 90009789-8842-418f-8ff7-fd30b6459fea<-5ef20450-9cf9-4453-a61a-017c25eb5aae#0:FAIL-t1. Peer's state: 5ef20450-9cf9-4453-a61a-017c25eb5aae@group-C3EF55794522:t1, leader=null, voted=null, raftlog=5ef20450-9cf9-4453-a61a-017c25eb5aae@group-C3EF55794522-SegmentedRaftLog:OPENED:c-1, conf=-1: [5ef20450-9cf9-4453-a61a-017c25eb5aae|rpc:10.1.0.54:34073|dataStream:|priority:1, 90009789-8842-418f-8ff7-fd30b6459fea|rpc:10.1.0.54:32925|dataStream:|priority:0, 0292c10f-4541-4999-8cd5-5951ec5beac5|rpc:10.1.0.54:44995|dataStream:|priority:0], old=null
2022-05-17 16:33:35,249 [90009789-8842-418f-8ff7-fd30b6459fea@group-C3EF55794522-LeaderElection19] INFO  impl.LeaderElection (LeaderElection.java:logAndReturn(89)) - 90009789-8842-418f-8ff7-fd30b6459fea@group-C3EF55794522-LeaderElection19: ELECTION REJECTED received 1 response(s) and 0 exception(s):
2022-05-17 16:33:35,249 [90009789-8842-418f-8ff7-fd30b6459fea@group-C3EF55794522-LeaderElection19] INFO  impl.LeaderElection (LeaderElection.java:logAndReturn(93)) -   Response 0: 90009789-8842-418f-8ff7-fd30b6459fea<-5ef20450-9cf9-4453-a61a-017c25eb5aae#0:FAIL-t1
2022-05-17 16:33:35,249 [90009789-8842-418f-8ff7-fd30b6459fea@group-C3EF55794522-LeaderElection19] INFO  impl.LeaderElection (LeaderElection.java:askForVotes(308)) - 90009789-8842-418f-8ff7-fd30b6459fea@group-C3EF55794522-LeaderElection19 ELECTION round 0: result REJECTED
2022-05-17 16:33:35,249 [90009789-8842-418f-8ff7-fd30b6459fea@group-C3EF55794522-LeaderElection19] INFO  server.RaftServer$Division (RaftServerImpl.java:setRole(290)) - 90009789-8842-418f-8ff7-fd30b6459fea@group-C3EF55794522: changes role from CANDIDATE to FOLLOWER at term 1 for REJECTED
2022-05-17 16:33:35,249 [90009789-8842-418f-8ff7-fd30b6459fea@group-C3EF55794522-LeaderElection19] INFO  impl.RoleInfo (RoleInfo.java:shutdownLeaderElection(121)) - 90009789-8842-418f-8ff7-fd30b6459fea: shutdown 90009789-8842-418f-8ff7-fd30b6459fea@group-C3EF55794522-LeaderElection19
2022-05-17 16:33:35,249 [90009789-8842-418f-8ff7-fd30b6459fea@group-C3EF55794522-LeaderElection19] INFO  impl.RoleInfo (RoleInfo.java:updateAndGet(130)) - 90009789-8842-418f-8ff7-fd30b6459fea: start 90009789-8842-418f-8ff7-fd30b6459fea@group-C3EF55794522-FollowerState
2022-05-17 16:33:35,279 [grpc-default-executor-1] INFO  server.RaftServer$Division (RaftServerImpl.java:requestVote(1046)) - 0292c10f-4541-4999-8cd5-5951ec5beac5@group-C3EF55794522: receive requestVote(ELECTION, 90009789-8842-418f-8ff7-fd30b6459fea, group-C3EF55794522, 1, (t:0, i:0))
2022-05-17 16:33:35,285 [grpc-default-executor-1] INFO  impl.VoteContext (VoteContext.java:log(48)) - 0292c10f-4541-4999-8cd5-5951ec5beac5@group-C3EF55794522-FOLLOWER: accept ELECTION from 90009789-8842-418f-8ff7-fd30b6459fea: our priority 0 <= candidate's priority 0
2022-05-17 16:33:35,286 [grpc-default-executor-1] INFO  server.RaftServer$Division (RaftServerImpl.java:setRole(290)) - 0292c10f-4541-4999-8cd5-5951ec5beac5@group-C3EF55794522: changes role from  FOLLOWER to FOLLOWER at term 1 for candidate:90009789-8842-418f-8ff7-fd30b6459fea
2022-05-17 16:33:35,286 [grpc-default-executor-1] INFO  impl.RoleInfo (RoleInfo.java:shutdownFollowerState(108)) - 0292c10f-4541-4999-8cd5-5951ec5beac5: shutdown 0292c10f-4541-4999-8cd5-5951ec5beac5@group-C3EF55794522-FollowerState
2022-05-17 16:33:35,286 [grpc-default-executor-1] INFO  impl.RoleInfo (RoleInfo.java:updateAndGet(130)) - 0292c10f-4541-4999-8cd5-5951ec5beac5: start 0292c10f-4541-4999-8cd5-5951ec5beac5@group-C3EF55794522-FollowerState
2022-05-17 16:33:35,286 [0292c10f-4541-4999-8cd5-5951ec5beac5@group-C3EF55794522-FollowerState] INFO  impl.FollowerState (FollowerState.java:run(143)) - 0292c10f-4541-4999-8cd5-5951ec5beac5@group-C3EF55794522-FollowerState was interrupted: {}
java.lang.InterruptedException: sleep interrupted
	at java.lang.Thread.sleep(Native Method)
	at java.lang.Thread.sleep(Thread.java:342)
	at java.util.concurrent.TimeUnit.sleep(TimeUnit.java:386)
	at org.apache.ratis.util.TimeDuration.sleep(TimeDuration.java:324)
	at org.apache.ratis.util.TimeDuration.sleep(TimeDuration.java:309)
	at org.apache.ratis.server.impl.FollowerState.run(FollowerState.java:118)
2022-05-17 16:33:35,303 [90009789-8842-418f-8ff7-fd30b6459fea@group-99663ACE3C7D-LeaderElection20] INFO  impl.LeaderElection (LeaderElection.java:askForVotes(306)) - 90009789-8842-418f-8ff7-fd30b6459fea@group-99663ACE3C7D-LeaderElection20 ELECTION round 0: submit vote requests at term 1 for -1: [90009789-8842-418f-8ff7-fd30b6459fea|rpc:10.1.0.54:32925|priority:1], old=null
2022-05-17 16:33:35,303 [grpc-default-executor-1] INFO  server.RaftServer$Division (RaftServerImpl.java:requestVote(1078)) - 0292c10f-4541-4999-8cd5-5951ec5beac5@group-C3EF55794522 replies to ELECTION vote request: 90009789-8842-418f-8ff7-fd30b6459fea<-0292c10f-4541-4999-8cd5-5951ec5beac5#0:OK-t1. Peer's state: 0292c10f-4541-4999-8cd5-5951ec5beac5@group-C3EF55794522:t1, leader=null, voted=90009789-8842-418f-8ff7-fd30b6459fea, raftlog=0292c10f-4541-4999-8cd5-5951ec5beac5@group-C3EF55794522-SegmentedRaftLog:OPENED:c-1, conf=-1: [5ef20450-9cf9-4453-a61a-017c25eb5aae|rpc:10.1.0.54:34073|dataStream:|priority:1, 90009789-8842-418f-8ff7-fd30b6459fea|rpc:10.1.0.54:32925|dataStream:|priority:0, 0292c10f-4541-4999-8cd5-5951ec5beac5|rpc:10.1.0.54:44995|dataStream:|priority:0], old=null
2022-05-17 16:33:35,303 [90009789-8842-418f-8ff7-fd30b6459fea@group-99663ACE3C7D-LeaderElection20] INFO  impl.LeaderElection (LeaderElection.java:askForVotes(308)) - 90009789-8842-418f-8ff7-fd30b6459fea@group-99663ACE3C7D-LeaderElection20 ELECTION round 0: result PASSED (term=1)
2022-05-17 16:33:35,303 [90009789-8842-418f-8ff7-fd30b6459fea@group-99663ACE3C7D-LeaderElection20] INFO  impl.RoleInfo (RoleInfo.java:shutdownLeaderElection(121)) - 90009789-8842-418f-8ff7-fd30b6459fea: shutdown 90009789-8842-418f-8ff7-fd30b6459fea@group-99663ACE3C7D-LeaderElection20
2022-05-17 16:33:35,303 [90009789-8842-418f-8ff7-fd30b6459fea@group-99663ACE3C7D-LeaderElection20] INFO  server.RaftServer$Division (RaftServerImpl.java:setRole(290)) - 90009789-8842-418f-8ff7-fd30b6459fea@group-99663ACE3C7D: changes role from CANDIDATE to LEADER at term 1 for changeToLeader
2022-05-17 16:33:35,303 [90009789-8842-418f-8ff7-fd30b6459fea@group-99663ACE3C7D-LeaderElection20] INFO  ratis.XceiverServerRatis (XceiverServerRatis.java:handleLeaderChangedNotification(863)) - Leader change notification received for group: group-99663ACE3C7D with new leaderId: 90009789-8842-418f-8ff7-fd30b6459fea
2022-05-17 16:33:35,303 [90009789-8842-418f-8ff7-fd30b6459fea@group-99663ACE3C7D-LeaderElection20] INFO  server.RaftServer$Division (ServerState.java:setLeader(285)) - 90009789-8842-418f-8ff7-fd30b6459fea@group-99663ACE3C7D: change Leader from null to 90009789-8842-418f-8ff7-fd30b6459fea at term 1 for becomeLeader, leader elected after 5328ms
2022-05-17 16:33:35,303 [90009789-8842-418f-8ff7-fd30b6459fea@group-99663ACE3C7D-LeaderElection20] INFO  server.RaftServerConfigKeys (ConfUtils.java:logGet(44)) - raft.server.staging.catchup.gap = 1000 (default)
2022-05-17 16:33:35,304 [90009789-8842-418f-8ff7-fd30b6459fea@group-99663ACE3C7D-LeaderElection20] INFO  server.RaftServerConfigKeys (ConfUtils.java:logGet(44)) - raft.server.write.element-limit = 1024 (custom)
2022-05-17 16:33:35,304 [90009789-8842-418f-8ff7-fd30b6459fea@group-99663ACE3C7D-LeaderElection20] INFO  server.RaftServerConfigKeys (ConfUtils.java:logGet(44)) - raft.server.write.byte-limit = 1024 M (=1073741824) (custom)
2022-05-17 16:33:35,304 [90009789-8842-418f-8ff7-fd30b6459fea@group-99663ACE3C7D-LeaderElection20] INFO  server.RaftServerConfigKeys (ConfUtils.java:logGet(44)) - raft.server.watch.timeout = 180s (custom)
2022-05-17 16:33:35,304 [90009789-8842-418f-8ff7-fd30b6459fea@group-99663ACE3C7D-LeaderElection20] INFO  server.RaftServerConfigKeys (ConfUtils.java:logGet(44)) - raft.server.watch.timeout.denomination = 1s (default)
2022-05-17 16:33:35,304 [90009789-8842-418f-8ff7-fd30b6459fea@group-99663ACE3C7D-LeaderElection20] INFO  server.RaftServerConfigKeys (ConfUtils.java:logGet(44)) - raft.server.watch.element-limit = 65536 (default)
2022-05-17 16:33:35,304 [90009789-8842-418f-8ff7-fd30b6459fea@group-99663ACE3C7D-LeaderElection20] INFO  server.RaftServerConfigKeys (ConfUtils.java:logGet(44)) - raft.server.write.element-limit = 1024 (custom)
2022-05-17 16:33:35,304 [90009789-8842-418f-8ff7-fd30b6459fea@group-99663ACE3C7D-LeaderElection20] INFO  server.RaftServerConfigKeys (ConfUtils.java:logGet(44)) - raft.server.write.follower.gap.ratio.max = -1.0 (default)
2022-05-17 16:33:35,304 [90009789-8842-418f-8ff7-fd30b6459fea@group-99663ACE3C7D-LeaderElection20] INFO  impl.RoleInfo (RoleInfo.java:updateAndGet(130)) - 90009789-8842-418f-8ff7-fd30b6459fea: start 90009789-8842-418f-8ff7-fd30b6459fea@group-99663ACE3C7D-LeaderStateImpl
2022-05-17 16:33:35,305 [90009789-8842-418f-8ff7-fd30b6459fea@group-99663ACE3C7D-LeaderElection20] INFO  segmented.SegmentedRaftLogWorker (SegmentedRaftLogWorker.java:startLogSegment(394)) - 90009789-8842-418f-8ff7-fd30b6459fea@group-99663ACE3C7D-SegmentedRaftLogWorker: Starting segment from index:0
2022-05-17 16:33:35,306 [EventQueue-OpenPipelineForHealthyPipelineSafeModeRule] INFO  safemode.SCMSafeModeManager (HealthyPipelineSafeModeRule.java:process(124)) - SCM in safe mode. Healthy pipelines reported count is 0, required healthy pipeline reported count is 1
2022-05-17 16:33:35,320 [90009789-8842-418f-8ff7-fd30b6459fea@group-99663ACE3C7D-LeaderElection20] INFO  server.RaftServer$Division (ServerState.java:setRaftConf(387)) - 90009789-8842-418f-8ff7-fd30b6459fea@group-99663ACE3C7D: set configuration 0: [90009789-8842-418f-8ff7-fd30b6459fea|rpc:10.1.0.54:32925|dataStream:|priority:1], old=null
2022-05-17 16:33:35,331 [90009789-8842-418f-8ff7-fd30b6459fea@group-99663ACE3C7D-SegmentedRaftLogWorker] INFO  segmented.SegmentedRaftLogWorker (SegmentedRaftLogWorker.java:execute(601)) - 90009789-8842-418f-8ff7-fd30b6459fea@group-99663ACE3C7D-SegmentedRaftLogWorker: created new log segment /home/runner/work/ozone/ozone/hadoop-ozone/integration-test/target/test-dir/MiniOzoneClusterImpl-9b9b6652-41b7-4fde-acbd-22aaf54bb7d6/datanode-0/data/ratis/90979b23-367b-4c39-a6f1-99663ace3c7d/current/log_inprogress_0
2022-05-17 16:33:35,537 [90009789-8842-418f-8ff7-fd30b6459fea@group-C5390A800BE9-FollowerState] INFO  impl.FollowerState (FollowerState.java:run(134)) - 90009789-8842-418f-8ff7-fd30b6459fea@group-C5390A800BE9-FollowerState: change to CANDIDATE, lastRpcElapsedTime:5108062012ns, electionTimeout:5100ms
2022-05-17 16:33:35,538 [90009789-8842-418f-8ff7-fd30b6459fea@group-C5390A800BE9-FollowerState] INFO  impl.RoleInfo (RoleInfo.java:shutdownFollowerState(108)) - 90009789-8842-418f-8ff7-fd30b6459fea: shutdown 90009789-8842-418f-8ff7-fd30b6459fea@group-C5390A800BE9-FollowerState
2022-05-17 16:33:35,538 [90009789-8842-418f-8ff7-fd30b6459fea@group-C5390A800BE9-FollowerState] INFO  server.RaftServer$Division (RaftServerImpl.java:setRole(290)) - 90009789-8842-418f-8ff7-fd30b6459fea@group-C5390A800BE9: changes role from  FOLLOWER to CANDIDATE at term 0 for changeToCandidate
2022-05-17 16:33:35,538 [90009789-8842-418f-8ff7-fd30b6459fea@group-C5390A800BE9-FollowerState] INFO  server.RaftServerConfigKeys (ConfUtils.java:logGet(44)) - raft.server.leaderelection.pre-vote = false (custom)
2022-05-17 16:33:35,538 [90009789-8842-418f-8ff7-fd30b6459fea@group-C5390A800BE9-FollowerState] INFO  impl.RoleInfo (RoleInfo.java:updateAndGet(130)) - 90009789-8842-418f-8ff7-fd30b6459fea: start 90009789-8842-418f-8ff7-fd30b6459fea@group-C5390A800BE9-LeaderElection21
2022-05-17 16:33:35,560 [90009789-8842-418f-8ff7-fd30b6459fea@group-C5390A800BE9-LeaderElection21] INFO  impl.LeaderElection (LeaderElection.java:askForVotes(306)) - 90009789-8842-418f-8ff7-fd30b6459fea@group-C5390A800BE9-LeaderElection21 ELECTION round 0: submit vote requests at term 1 for -1: [5ef20450-9cf9-4453-a61a-017c25eb5aae|rpc:10.1.0.54:34073|priority:0, 90009789-8842-418f-8ff7-fd30b6459fea|rpc:10.1.0.54:32925|priority:1, 0292c10f-4541-4999-8cd5-5951ec5beac5|rpc:10.1.0.54:44995|priority:0], old=null
2022-05-17 16:33:35,574 [grpc-default-executor-0] INFO  server.RaftServer$Division (RaftServerImpl.java:requestVote(1046)) - 0292c10f-4541-4999-8cd5-5951ec5beac5@group-C5390A800BE9: receive requestVote(ELECTION, 90009789-8842-418f-8ff7-fd30b6459fea, group-C5390A800BE9, 1, (t:0, i:0))
2022-05-17 16:33:35,574 [grpc-default-executor-1] INFO  server.RaftServer$Division (RaftServerImpl.java:requestVote(1046)) - 5ef20450-9cf9-4453-a61a-017c25eb5aae@group-C5390A800BE9: receive requestVote(ELECTION, 90009789-8842-418f-8ff7-fd30b6459fea, group-C5390A800BE9, 1, (t:0, i:0))
2022-05-17 16:33:35,574 [grpc-default-executor-1] INFO  impl.VoteContext (VoteContext.java:log(48)) - 5ef20450-9cf9-4453-a61a-017c25eb5aae@group-C5390A800BE9-FOLLOWER: accept ELECTION from 90009789-8842-418f-8ff7-fd30b6459fea: our priority 0 <= candidate's priority 1
2022-05-17 16:33:35,574 [grpc-default-executor-1] INFO  server.RaftServer$Division (RaftServerImpl.java:setRole(290)) - 5ef20450-9cf9-4453-a61a-017c25eb5aae@group-C5390A800BE9: changes role from  FOLLOWER to FOLLOWER at term 1 for candidate:90009789-8842-418f-8ff7-fd30b6459fea
2022-05-17 16:33:35,574 [grpc-default-executor-1] INFO  impl.RoleInfo (RoleInfo.java:shutdownFollowerState(108)) - 5ef20450-9cf9-4453-a61a-017c25eb5aae: shutdown 5ef20450-9cf9-4453-a61a-017c25eb5aae@group-C5390A800BE9-FollowerState
2022-05-17 16:33:35,575 [grpc-default-executor-1] INFO  impl.RoleInfo (RoleInfo.java:updateAndGet(130)) - 5ef20450-9cf9-4453-a61a-017c25eb5aae: start 5ef20450-9cf9-4453-a61a-017c25eb5aae@group-C5390A800BE9-FollowerState
2022-05-17 16:33:35,574 [grpc-default-executor-0] INFO  impl.VoteContext (VoteContext.java:log(48)) - 0292c10f-4541-4999-8cd5-5951ec5beac5@group-C5390A800BE9-FOLLOWER: accept ELECTION from 90009789-8842-418f-8ff7-fd30b6459fea: our priority 0 <= candidate's priority 1
2022-05-17 16:33:35,575 [grpc-default-executor-0] INFO  server.RaftServer$Division (RaftServerImpl.java:setRole(290)) - 0292c10f-4541-4999-8cd5-5951ec5beac5@group-C5390A800BE9: changes role from  FOLLOWER to FOLLOWER at term 1 for candidate:90009789-8842-418f-8ff7-fd30b6459fea
2022-05-17 16:33:35,575 [grpc-default-executor-0] INFO  impl.RoleInfo (RoleInfo.java:shutdownFollowerState(108)) - 0292c10f-4541-4999-8cd5-5951ec5beac5: shutdown 0292c10f-4541-4999-8cd5-5951ec5beac5@group-C5390A800BE9-FollowerState
2022-05-17 16:33:35,575 [5ef20450-9cf9-4453-a61a-017c25eb5aae@group-C5390A800BE9-FollowerState] INFO  impl.FollowerState (FollowerState.java:run(143)) - 5ef20450-9cf9-4453-a61a-017c25eb5aae@group-C5390A800BE9-FollowerState was interrupted: {}
java.lang.InterruptedException: sleep interrupted
	at java.lang.Thread.sleep(Native Method)
	at java.lang.Thread.sleep(Thread.java:342)
	at java.util.concurrent.TimeUnit.sleep(TimeUnit.java:386)
	at org.apache.ratis.util.TimeDuration.sleep(TimeDuration.java:324)
	at org.apache.ratis.util.TimeDuration.sleep(TimeDuration.java:309)
	at org.apache.ratis.server.impl.FollowerState.run(FollowerState.java:118)
2022-05-17 16:33:35,577 [grpc-default-executor-1] INFO  server.RaftServer$Division (RaftServerImpl.java:requestVote(1078)) - 5ef20450-9cf9-4453-a61a-017c25eb5aae@group-C5390A800BE9 replies to ELECTION vote request: 90009789-8842-418f-8ff7-fd30b6459fea<-5ef20450-9cf9-4453-a61a-017c25eb5aae#0:OK-t1. Peer's state: 5ef20450-9cf9-4453-a61a-017c25eb5aae@group-C5390A800BE9:t1, leader=null, voted=90009789-8842-418f-8ff7-fd30b6459fea, raftlog=5ef20450-9cf9-4453-a61a-017c25eb5aae@group-C5390A800BE9-SegmentedRaftLog:OPENED:c-1, conf=-1: [5ef20450-9cf9-4453-a61a-017c25eb5aae|rpc:10.1.0.54:34073|dataStream:|priority:0, 90009789-8842-418f-8ff7-fd30b6459fea|rpc:10.1.0.54:32925|dataStream:|priority:1, 0292c10f-4541-4999-8cd5-5951ec5beac5|rpc:10.1.0.54:44995|dataStream:|priority:0], old=null
2022-05-17 16:33:35,578 [90009789-8842-418f-8ff7-fd30b6459fea@group-C5390A800BE9-LeaderElection21] INFO  impl.LeaderElection (LeaderElection.java:logAndReturn(89)) - 90009789-8842-418f-8ff7-fd30b6459fea@group-C5390A800BE9-LeaderElection21: ELECTION PASSED received 1 response(s) and 0 exception(s):
2022-05-17 16:33:35,579 [90009789-8842-418f-8ff7-fd30b6459fea@group-C5390A800BE9-LeaderElection21] INFO  impl.LeaderElection (LeaderElection.java:logAndReturn(93)) -   Response 0: 90009789-8842-418f-8ff7-fd30b6459fea<-5ef20450-9cf9-4453-a61a-017c25eb5aae#0:OK-t1
2022-05-17 16:33:35,579 [90009789-8842-418f-8ff7-fd30b6459fea@group-C5390A800BE9-LeaderElection21] INFO  impl.LeaderElection (LeaderElection.java:askForVotes(308)) - 90009789-8842-418f-8ff7-fd30b6459fea@group-C5390A800BE9-LeaderElection21 ELECTION round 0: result PASSED
2022-05-17 16:33:35,579 [90009789-8842-418f-8ff7-fd30b6459fea@group-C5390A800BE9-LeaderElection21] INFO  impl.RoleInfo (RoleInfo.java:shutdownLeaderElection(121)) - 90009789-8842-418f-8ff7-fd30b6459fea: shutdown 90009789-8842-418f-8ff7-fd30b6459fea@group-C5390A800BE9-LeaderElection21
2022-05-17 16:33:35,579 [90009789-8842-418f-8ff7-fd30b6459fea@group-C5390A800BE9-LeaderElection21] INFO  server.RaftServer$Division (RaftServerImpl.java:setRole(290)) - 90009789-8842-418f-8ff7-fd30b6459fea@group-C5390A800BE9: changes role from CANDIDATE to LEADER at term 1 for changeToLeader
2022-05-17 16:33:35,579 [90009789-8842-418f-8ff7-fd30b6459fea@group-C5390A800BE9-LeaderElection21] INFO  ratis.XceiverServerRatis (XceiverServerRatis.java:handleLeaderChangedNotification(863)) - Leader change notification received for group: group-C5390A800BE9 with new leaderId: 90009789-8842-418f-8ff7-fd30b6459fea
2022-05-17 16:33:35,579 [90009789-8842-418f-8ff7-fd30b6459fea@group-C5390A800BE9-LeaderElection21] INFO  server.RaftServer$Division (ServerState.java:setLeader(285)) - 90009789-8842-418f-8ff7-fd30b6459fea@group-C5390A800BE9: change Leader from null to 90009789-8842-418f-8ff7-fd30b6459fea at term 1 for becomeLeader, leader elected after 5158ms
2022-05-17 16:33:35,579 [90009789-8842-418f-8ff7-fd30b6459fea@group-C5390A800BE9-LeaderElection21] INFO  server.RaftServerConfigKeys (ConfUtils.java:logGet(44)) - raft.server.staging.catchup.gap = 1000 (default)
2022-05-17 16:33:35,579 [90009789-8842-418f-8ff7-fd30b6459fea@group-C5390A800BE9-LeaderElection21] INFO  server.RaftServerConfigKeys (ConfUtils.java:logGet(44)) - raft.server.write.element-limit = 1024 (custom)
2022-05-17 16:33:35,579 [90009789-8842-418f-8ff7-fd30b6459fea@group-C5390A800BE9-LeaderElection21] INFO  server.RaftServerConfigKeys (ConfUtils.java:logGet(44)) - raft.server.write.byte-limit = 1024 M (=1073741824) (custom)
2022-05-17 16:33:35,580 [90009789-8842-418f-8ff7-fd30b6459fea@group-C5390A800BE9-LeaderElection21] INFO  server.RaftServerConfigKeys (ConfUtils.java:logGet(44)) - raft.server.watch.timeout = 180s (custom)
2022-05-17 16:33:35,580 [90009789-8842-418f-8ff7-fd30b6459fea@group-C5390A800BE9-LeaderElection21] INFO  server.RaftServerConfigKeys (ConfUtils.java:logGet(44)) - raft.server.watch.timeout.denomination = 1s (default)
2022-05-17 16:33:35,580 [90009789-8842-418f-8ff7-fd30b6459fea@group-C5390A800BE9-LeaderElection21] INFO  server.RaftServerConfigKeys (ConfUtils.java:logGet(44)) - raft.server.watch.element-limit = 65536 (default)
2022-05-17 16:33:35,580 [90009789-8842-418f-8ff7-fd30b6459fea@group-C5390A800BE9-LeaderElection21] INFO  server.RaftServerConfigKeys (ConfUtils.java:logGet(44)) - raft.server.write.element-limit = 1024 (custom)
2022-05-17 16:33:35,580 [90009789-8842-418f-8ff7-fd30b6459fea@group-C5390A800BE9-LeaderElection21] INFO  server.RaftServerConfigKeys (ConfUtils.java:logGet(44)) - raft.server.write.follower.gap.ratio.max = -1.0 (default)
2022-05-17 16:33:35,580 [90009789-8842-418f-8ff7-fd30b6459fea@group-C5390A800BE9-LeaderElection21] INFO  server.RaftServerConfigKeys (ConfUtils.java:logGet(44)) - raft.server.log.appender.snapshot.chunk.size.max = 16MB (=16777216) (default)
2022-05-17 16:33:35,580 [90009789-8842-418f-8ff7-fd30b6459fea@group-C5390A800BE9-LeaderElection21] INFO  server.RaftServerConfigKeys (ConfUtils.java:logGet(44)) - raft.server.log.appender.buffer.byte-limit = 33554432 (custom)
2022-05-17 16:33:35,580 [90009789-8842-418f-8ff7-fd30b6459fea@group-C5390A800BE9-LeaderElection21] INFO  server.RaftServerConfigKeys (ConfUtils.java:logGet(44)) - raft.server.log.appender.buffer.element-limit = 1 (custom)
2022-05-17 16:33:35,580 [90009789-8842-418f-8ff7-fd30b6459fea@group-C5390A800BE9-LeaderElection21] INFO  grpc.GrpcConfigKeys (ConfUtils.java:logGet(44)) - raft.grpc.server.leader.outstanding.appends.max = 128 (default)
2022-05-17 16:33:35,580 [90009789-8842-418f-8ff7-fd30b6459fea@group-C5390A800BE9-LeaderElection21] INFO  server.RaftServerConfigKeys (ConfUtils.java:logGet(44)) - raft.server.rpc.request.timeout = 60s (custom)
2022-05-17 16:33:35,580 [90009789-8842-418f-8ff7-fd30b6459fea@group-C5390A800BE9-LeaderElection21] INFO  server.RaftServerConfigKeys (ConfUtils.java:logGet(44)) - raft.server.log.appender.install.snapshot.enabled = false (custom)
2022-05-17 16:33:35,581 [90009789-8842-418f-8ff7-fd30b6459fea@group-C5390A800BE9-LeaderElection21] INFO  server.RaftServerConfigKeys (ConfUtils.java:logGet(44)) - raft.server.log.appender.snapshot.chunk.size.max = 16MB (=16777216) (default)
2022-05-17 16:33:35,581 [90009789-8842-418f-8ff7-fd30b6459fea@group-C5390A800BE9-LeaderElection21] INFO  server.RaftServerConfigKeys (ConfUtils.java:logGet(44)) - raft.server.log.appender.buffer.byte-limit = 33554432 (custom)
2022-05-17 16:33:35,590 [90009789-8842-418f-8ff7-fd30b6459fea@group-C5390A800BE9-LeaderElection21] INFO  server.RaftServerConfigKeys (ConfUtils.java:logGet(44)) - raft.server.log.appender.buffer.element-limit = 1 (custom)
2022-05-17 16:33:35,590 [0292c10f-4541-4999-8cd5-5951ec5beac5@group-C5390A800BE9-FollowerState] INFO  impl.FollowerState (FollowerState.java:run(143)) - 0292c10f-4541-4999-8cd5-5951ec5beac5@group-C5390A800BE9-FollowerState was interrupted: {}
java.lang.InterruptedException: sleep interrupted
	at java.lang.Thread.sleep(Native Method)
	at java.lang.Thread.sleep(Thread.java:342)
	at java.util.concurrent.TimeUnit.sleep(TimeUnit.java:386)
	at org.apache.ratis.util.TimeDuration.sleep(TimeDuration.java:324)
	at org.apache.ratis.util.TimeDuration.sleep(TimeDuration.java:309)
	at org.apache.ratis.server.impl.FollowerState.run(FollowerState.java:118)
2022-05-17 16:33:35,590 [grpc-default-executor-0] INFO  impl.RoleInfo (RoleInfo.java:updateAndGet(130)) - 0292c10f-4541-4999-8cd5-5951ec5beac5: start 0292c10f-4541-4999-8cd5-5951ec5beac5@group-C5390A800BE9-FollowerState
2022-05-17 16:33:35,583 [EventQueue-OpenPipelineForHealthyPipelineSafeModeRule] INFO  safemode.SCMSafeModeManager (HealthyPipelineSafeModeRule.java:process(124)) - SCM in safe mode. Healthy pipelines reported count is 0, required healthy pipeline reported count is 1
2022-05-17 16:33:35,583 [EventQueue-PipelineReportForPipelineReportHandler] INFO  pipeline.PipelineManagerImpl (PipelineManagerImpl.java:openPipeline(336)) - Pipeline Pipeline[ Id: 36553ca1-dc8b-412d-b526-c5390a800be9, Nodes: 90009789-8842-418f-8ff7-fd30b6459fea{ip: 10.1.0.54, host: fv-az297-879.nmf1rxwemy4u5di1sxxf4ejcwb.jx.internal.cloudapp.net, ports: [REPLICATION=37747, RATIS=32925, RATIS_ADMIN=32925, RATIS_SERVER=32925, STANDALONE=36153], networkLocation: /default-rack, certSerialId: null, persistedOpState: IN_SERVICE, persistedOpStateExpiryEpochSec: 0}0292c10f-4541-4999-8cd5-5951ec5beac5{ip: 10.1.0.54, host: fv-az297-879.nmf1rxwemy4u5di1sxxf4ejcwb.jx.internal.cloudapp.net, ports: [REPLICATION=33235, RATIS=44995, RATIS_ADMIN=44995, RATIS_SERVER=44995, STANDALONE=36693], networkLocation: /default-rack, certSerialId: null, persistedOpState: IN_SERVICE, persistedOpStateExpiryEpochSec: 0}5ef20450-9cf9-4453-a61a-017c25eb5aae{ip: 10.1.0.54, host: fv-az297-879.nmf1rxwemy4u5di1sxxf4ejcwb.jx.internal.cloudapp.net, ports: [REPLICATION=37021, RATIS=34073, RATIS_ADMIN=34073, RATIS_SERVER=34073, STANDALONE=39657], networkLocation: /default-rack, certSerialId: null, persistedOpState: IN_SERVICE, persistedOpStateExpiryEpochSec: 0}, ReplicationConfig: RATIS/THREE, State:ALLOCATED, leaderId:90009789-8842-418f-8ff7-fd30b6459fea, CreationTimestamp2022-05-17T16:33:28.704Z[Etc/UTC]] moved to OPEN state
2022-05-17 16:33:35,601 [EventQueue-OpenPipelineForHealthyPipelineSafeModeRule] INFO  safemode.SCMSafeModeManager (HealthyPipelineSafeModeRule.java:process(124)) - SCM in safe mode. Healthy pipelines reported count is 1, required healthy pipeline reported count is 1
2022-05-17 16:33:35,601 [EventQueue-OpenPipelineForHealthyPipelineSafeModeRule] INFO  safemode.SCMSafeModeManager (SCMSafeModeManager.java:validateSafeModeExitRules(204)) - HealthyPipelineSafeModeRule rule is successfully validated
2022-05-17 16:33:35,601 [EventQueue-OpenPipelineForHealthyPipelineSafeModeRule] INFO  safemode.SCMSafeModeManager (SCMSafeModeManager.java:validateSafeModeExitRules(219)) - ScmSafeModeManager, all rules are successfully validated
2022-05-17 16:33:35,601 [EventQueue-OpenPipelineForHealthyPipelineSafeModeRule] INFO  safemode.SCMSafeModeManager (SCMSafeModeManager.java:exitSafeMode(248)) - SCM exiting safe mode.
2022-05-17 16:33:35,601 [EventQueue-OpenPipelineForHealthyPipelineSafeModeRule] WARN  events.EventQueue (EventQueue.java:fireEvent(194)) - No event handler registered for event TypedEvent{payloadType=SafeModeStatus, name='Safe mode status'}
2022-05-17 16:33:35,601 [EventQueue-OpenPipelineForHealthyPipelineSafeModeRule] INFO  ha.SCMContext (SCMContext.java:updateSafeModeStatus(211)) - Update SafeModeStatus from SafeModeStatus{safeModeStatus=true, preCheckPassed=true} to SafeModeStatus{safeModeStatus=false, preCheckPassed=true}.
2022-05-17 16:33:35,601 [EventQueue-OpenPipelineForHealthyPipelineSafeModeRule] INFO  pipeline.BackgroundPipelineCreator (BackgroundPipelineCreator.java:notifyStatusChanged(251)) - Service BackgroundPipelineCreator transitions to RUNNING.
2022-05-17 16:33:35,601 [EventQueue-OpenPipelineForHealthyPipelineSafeModeRule] INFO  pipeline.BackgroundPipelineScrubber (BackgroundPipelineScrubber.java:notifyStatusChanged(88)) - Service BackgroundPipelineScrubber transitions to RUNNING.
2022-05-17 16:33:35,601 [EventQueue-OpenPipelineForHealthyPipelineSafeModeRule] INFO  replication.ReplicationManager (ReplicationManager.java:notifyStatusChanged(369)) - Service ReplicationManager transitions to RUNNING.
2022-05-17 16:33:35,590 [90009789-8842-418f-8ff7-fd30b6459fea@group-C5390A800BE9-LeaderElection21] INFO  grpc.GrpcConfigKeys (ConfUtils.java:logGet(44)) - raft.grpc.server.leader.outstanding.appends.max = 128 (default)
2022-05-17 16:33:35,611 [grpc-default-executor-0] INFO  server.RaftServer$Division (RaftServerImpl.java:requestVote(1078)) - 0292c10f-4541-4999-8cd5-5951ec5beac5@group-C5390A800BE9 replies to ELECTION vote request: 90009789-8842-418f-8ff7-fd30b6459fea<-0292c10f-4541-4999-8cd5-5951ec5beac5#0:OK-t1. Peer's state: 0292c10f-4541-4999-8cd5-5951ec5beac5@group-C5390A800BE9:t1, leader=null, voted=90009789-8842-418f-8ff7-fd30b6459fea, raftlog=0292c10f-4541-4999-8cd5-5951ec5beac5@group-C5390A800BE9-SegmentedRaftLog:OPENED:c-1, conf=-1: [5ef20450-9cf9-4453-a61a-017c25eb5aae|rpc:10.1.0.54:34073|dataStream:|priority:0, 90009789-8842-418f-8ff7-fd30b6459fea|rpc:10.1.0.54:32925|dataStream:|priority:1, 0292c10f-4541-4999-8cd5-5951ec5beac5|rpc:10.1.0.54:44995|dataStream:|priority:0], old=null
2022-05-17 16:33:35,614 [90009789-8842-418f-8ff7-fd30b6459fea@group-C5390A800BE9-LeaderElection21] INFO  server.RaftServerConfigKeys (ConfUtils.java:logGet(44)) - raft.server.rpc.request.timeout = 60s (custom)
2022-05-17 16:33:35,614 [90009789-8842-418f-8ff7-fd30b6459fea@group-C5390A800BE9-LeaderElection21] INFO  server.RaftServerConfigKeys (ConfUtils.java:logGet(44)) - raft.server.log.appender.install.snapshot.enabled = false (custom)
2022-05-17 16:33:35,615 [90009789-8842-418f-8ff7-fd30b6459fea@group-C5390A800BE9-LeaderElection21] INFO  impl.RoleInfo (RoleInfo.java:updateAndGet(130)) - 90009789-8842-418f-8ff7-fd30b6459fea: start 90009789-8842-418f-8ff7-fd30b6459fea@group-C5390A800BE9-LeaderStateImpl
2022-05-17 16:33:35,615 [90009789-8842-418f-8ff7-fd30b6459fea@group-C5390A800BE9-LeaderElection21] INFO  segmented.SegmentedRaftLogWorker (SegmentedRaftLogWorker.java:startLogSegment(394)) - 90009789-8842-418f-8ff7-fd30b6459fea@group-C5390A800BE9-SegmentedRaftLogWorker: Starting segment from index:0
2022-05-17 16:33:35,617 [90009789-8842-418f-8ff7-fd30b6459fea@group-C5390A800BE9-SegmentedRaftLogWorker] INFO  segmented.SegmentedRaftLogWorker (SegmentedRaftLogWorker.java:execute(601)) - 90009789-8842-418f-8ff7-fd30b6459fea@group-C5390A800BE9-SegmentedRaftLogWorker: created new log segment /home/runner/work/ozone/ozone/hadoop-ozone/integration-test/target/test-dir/MiniOzoneClusterImpl-9b9b6652-41b7-4fde-acbd-22aaf54bb7d6/datanode-0/data/ratis/36553ca1-dc8b-412d-b526-c5390a800be9/current/log_inprogress_0
2022-05-17 16:33:35,661 [90009789-8842-418f-8ff7-fd30b6459fea@group-C5390A800BE9-LeaderElection21] INFO  server.RaftServer$Division (ServerState.java:setRaftConf(387)) - 90009789-8842-418f-8ff7-fd30b6459fea@group-C5390A800BE9: set configuration 0: [5ef20450-9cf9-4453-a61a-017c25eb5aae|rpc:10.1.0.54:34073|dataStream:|priority:0, 90009789-8842-418f-8ff7-fd30b6459fea|rpc:10.1.0.54:32925|dataStream:|priority:1, 0292c10f-4541-4999-8cd5-5951ec5beac5|rpc:10.1.0.54:44995|dataStream:|priority:0], old=null
2022-05-17 16:33:35,670 [grpc-default-executor-0] INFO  ratis.XceiverServerRatis (XceiverServerRatis.java:handleLeaderChangedNotification(863)) - Leader change notification received for group: group-C5390A800BE9 with new leaderId: 90009789-8842-418f-8ff7-fd30b6459fea
2022-05-17 16:33:35,670 [grpc-default-executor-0] INFO  server.RaftServer$Division (ServerState.java:setLeader(285)) - 0292c10f-4541-4999-8cd5-5951ec5beac5@group-C5390A800BE9: change Leader from null to 90009789-8842-418f-8ff7-fd30b6459fea at term 1 for appendEntries, leader elected after 5201ms
2022-05-17 16:33:35,671 [grpc-default-executor-1] INFO  ratis.XceiverServerRatis (XceiverServerRatis.java:handleLeaderChangedNotification(863)) - Leader change notification received for group: group-C5390A800BE9 with new leaderId: 90009789-8842-418f-8ff7-fd30b6459fea
2022-05-17 16:33:35,671 [grpc-default-executor-1] INFO  server.RaftServer$Division (ServerState.java:setLeader(285)) - 5ef20450-9cf9-4453-a61a-017c25eb5aae@group-C5390A800BE9: change Leader from null to 90009789-8842-418f-8ff7-fd30b6459fea at term 1 for appendEntries, leader elected after 5124ms
2022-05-17 16:33:35,676 [grpc-default-executor-0] INFO  server.RaftServer$Division (ServerState.java:setRaftConf(387)) - 0292c10f-4541-4999-8cd5-5951ec5beac5@group-C5390A800BE9: set configuration 0: [5ef20450-9cf9-4453-a61a-017c25eb5aae|rpc:10.1.0.54:34073|dataStream:|priority:0, 90009789-8842-418f-8ff7-fd30b6459fea|rpc:10.1.0.54:32925|dataStream:|priority:1, 0292c10f-4541-4999-8cd5-5951ec5beac5|rpc:10.1.0.54:44995|dataStream:|priority:0], old=null
2022-05-17 16:33:35,676 [grpc-default-executor-0] INFO  segmented.SegmentedRaftLogWorker (SegmentedRaftLogWorker.java:startLogSegment(394)) - 0292c10f-4541-4999-8cd5-5951ec5beac5@group-C5390A800BE9-SegmentedRaftLogWorker: Starting segment from index:0
2022-05-17 16:33:35,682 [grpc-default-executor-1] INFO  server.RaftServer$Division (ServerState.java:setRaftConf(387)) - 5ef20450-9cf9-4453-a61a-017c25eb5aae@group-C5390A800BE9: set configuration 0: [5ef20450-9cf9-4453-a61a-017c25eb5aae|rpc:10.1.0.54:34073|dataStream:|priority:0, 90009789-8842-418f-8ff7-fd30b6459fea|rpc:10.1.0.54:32925|dataStream:|priority:1, 0292c10f-4541-4999-8cd5-5951ec5beac5|rpc:10.1.0.54:44995|dataStream:|priority:0], old=null
2022-05-17 16:33:35,683 [grpc-default-executor-1] INFO  segmented.SegmentedRaftLogWorker (SegmentedRaftLogWorker.java:startLogSegment(394)) - 5ef20450-9cf9-4453-a61a-017c25eb5aae@group-C5390A800BE9-SegmentedRaftLogWorker: Starting segment from index:0
2022-05-17 16:33:35,684 [5ef20450-9cf9-4453-a61a-017c25eb5aae@group-C5390A800BE9-SegmentedRaftLogWorker] INFO  segmented.SegmentedRaftLogWorker (SegmentedRaftLogWorker.java:execute(601)) - 5ef20450-9cf9-4453-a61a-017c25eb5aae@group-C5390A800BE9-SegmentedRaftLogWorker: created new log segment /home/runner/work/ozone/ozone/hadoop-ozone/integration-test/target/test-dir/MiniOzoneClusterImpl-9b9b6652-41b7-4fde-acbd-22aaf54bb7d6/datanode-1/data/ratis/36553ca1-dc8b-412d-b526-c5390a800be9/current/log_inprogress_0
2022-05-17 16:33:35,692 [0292c10f-4541-4999-8cd5-5951ec5beac5@group-C5390A800BE9-SegmentedRaftLogWorker] INFO  segmented.SegmentedRaftLogWorker (SegmentedRaftLogWorker.java:execute(601)) - 0292c10f-4541-4999-8cd5-5951ec5beac5@group-C5390A800BE9-SegmentedRaftLogWorker: created new log segment /home/runner/work/ozone/ozone/hadoop-ozone/integration-test/target/test-dir/MiniOzoneClusterImpl-9b9b6652-41b7-4fde-acbd-22aaf54bb7d6/datanode-2/data/ratis/36553ca1-dc8b-412d-b526-c5390a800be9/current/log_inprogress_0
2022-05-17 16:33:35,695 [Listener at 127.0.0.1/39929] INFO  ozone.MiniOzoneClusterImpl (MiniOzoneClusterImpl.java:lambda$waitForClusterToBeReady$0(221)) - Nodes are ready. Got 3 of 3 DN Heartbeats.
2022-05-17 16:33:35,696 [Listener at 127.0.0.1/39929] INFO  ozone.MiniOzoneClusterImpl (MiniOzoneClusterImpl.java:lambda$waitForClusterToBeReady$0(224)) - Cluster exits safe mode
2022-05-17 16:33:35,696 [Listener at 127.0.0.1/39929] INFO  ozone.MiniOzoneClusterImpl (MiniOzoneClusterImpl.java:lambda$waitForClusterToBeReady$0(226)) - SCM became leader
]]></system-out>
    </rerunFailure>
    <rerunFailure type="java.lang.AssertionError">
      <stackTrace><![CDATA[java.lang.AssertionError
	at org.junit.Assert.fail(Assert.java:87)
	at org.junit.Assert.assertTrue(Assert.java:42)
	at org.junit.Assert.assertTrue(Assert.java:53)
	at org.apache.hadoop.hdds.scm.TestRatisPipelineLeader.testLeaderIdAfterLeaderChange(TestRatisPipelineLeader.java:119)
	at sun.reflect.NativeMethodAccessorImpl.invoke0(Native Method)
	at sun.reflect.NativeMethodAccessorImpl.invoke(NativeMethodAccessorImpl.java:62)
	at sun.reflect.DelegatingMethodAccessorImpl.invoke(DelegatingMethodAccessorImpl.java:43)
	at java.lang.reflect.Method.invoke(Method.java:498)
	at org.junit.platform.commons.util.ReflectionUtils.invokeMethod(ReflectionUtils.java:688)
	at org.junit.jupiter.engine.execution.MethodInvocation.proceed(MethodInvocation.java:60)
	at org.junit.jupiter.engine.execution.InvocationInterceptorChain$ValidatingInvocation.proceed(InvocationInterceptorChain.java:131)
	at org.junit.jupiter.engine.extension.TimeoutInvocation.proceed(TimeoutInvocation.java:46)
	at org.junit.jupiter.engine.extension.TimeoutExtension.intercept(TimeoutExtension.java:149)
	at org.junit.jupiter.engine.extension.TimeoutExtension.interceptTestableMethod(TimeoutExtension.java:140)
	at org.junit.jupiter.engine.extension.TimeoutExtension.interceptTestMethod(TimeoutExtension.java:84)
	at org.junit.jupiter.engine.execution.ExecutableInvoker$ReflectiveInterceptorCall.lambda$ofVoidMethod$0(ExecutableInvoker.java:115)
	at org.junit.jupiter.engine.execution.ExecutableInvoker.lambda$invoke$0(ExecutableInvoker.java:105)
	at org.junit.jupiter.engine.execution.InvocationInterceptorChain$InterceptedInvocation.proceed(InvocationInterceptorChain.java:106)
	at org.junit.jupiter.engine.execution.InvocationInterceptorChain.proceed(InvocationInterceptorChain.java:64)
	at org.junit.jupiter.engine.execution.InvocationInterceptorChain.chainAndInvoke(InvocationInterceptorChain.java:45)
	at org.junit.jupiter.engine.execution.InvocationInterceptorChain.invoke(InvocationInterceptorChain.java:37)
	at org.junit.jupiter.engine.execution.ExecutableInvoker.invoke(ExecutableInvoker.java:104)
	at org.junit.jupiter.engine.execution.ExecutableInvoker.invoke(ExecutableInvoker.java:98)
	at org.junit.jupiter.engine.descriptor.TestMethodTestDescriptor.lambda$invokeTestMethod$6(TestMethodTestDescriptor.java:210)
	at org.junit.platform.engine.support.hierarchical.ThrowableCollector.execute(ThrowableCollector.java:73)
	at org.junit.jupiter.engine.descriptor.TestMethodTestDescriptor.invokeTestMethod(TestMethodTestDescriptor.java:206)
	at org.junit.jupiter.engine.descriptor.TestMethodTestDescriptor.execute(TestMethodTestDescriptor.java:131)
	at org.junit.jupiter.engine.descriptor.TestMethodTestDescriptor.execute(TestMethodTestDescriptor.java:65)
	at org.junit.platform.engine.support.hierarchical.NodeTestTask.lambda$executeRecursively$5(NodeTestTask.java:139)
	at org.junit.platform.engine.support.hierarchical.ThrowableCollector.execute(ThrowableCollector.java:73)
	at org.junit.platform.engine.support.hierarchical.NodeTestTask.lambda$executeRecursively$7(NodeTestTask.java:129)
	at org.junit.platform.engine.support.hierarchical.Node.around(Node.java:137)
	at org.junit.platform.engine.support.hierarchical.NodeTestTask.lambda$executeRecursively$8(NodeTestTask.java:127)
	at org.junit.platform.engine.support.hierarchical.ThrowableCollector.execute(ThrowableCollector.java:73)
	at org.junit.platform.engine.support.hierarchical.NodeTestTask.executeRecursively(NodeTestTask.java:126)
	at org.junit.platform.engine.support.hierarchical.NodeTestTask.execute(NodeTestTask.java:84)
	at java.util.ArrayList.forEach(ArrayList.java:1259)
	at org.junit.platform.engine.support.hierarchical.SameThreadHierarchicalTestExecutorService.invokeAll(SameThreadHierarchicalTestExecutorService.java:38)
	at org.junit.platform.engine.support.hierarchical.NodeTestTask.lambda$executeRecursively$5(NodeTestTask.java:143)
	at org.junit.platform.engine.support.hierarchical.ThrowableCollector.execute(ThrowableCollector.java:73)
	at org.junit.platform.engine.support.hierarchical.NodeTestTask.lambda$executeRecursively$7(NodeTestTask.java:129)
	at org.junit.platform.engine.support.hierarchical.Node.around(Node.java:137)
	at org.junit.platform.engine.support.hierarchical.NodeTestTask.lambda$executeRecursively$8(NodeTestTask.java:127)
	at org.junit.platform.engine.support.hierarchical.ThrowableCollector.execute(ThrowableCollector.java:73)
	at org.junit.platform.engine.support.hierarchical.NodeTestTask.executeRecursively(NodeTestTask.java:126)
	at org.junit.platform.engine.support.hierarchical.NodeTestTask.execute(NodeTestTask.java:84)
	at java.util.ArrayList.forEach(ArrayList.java:1259)
	at org.junit.platform.engine.support.hierarchical.SameThreadHierarchicalTestExecutorService.invokeAll(SameThreadHierarchicalTestExecutorService.java:38)
	at org.junit.platform.engine.support.hierarchical.NodeTestTask.lambda$executeRecursively$5(NodeTestTask.java:143)
	at org.junit.platform.engine.support.hierarchical.ThrowableCollector.execute(ThrowableCollector.java:73)
	at org.junit.platform.engine.support.hierarchical.NodeTestTask.lambda$executeRecursively$7(NodeTestTask.java:129)
	at org.junit.platform.engine.support.hierarchical.Node.around(Node.java:137)
	at org.junit.platform.engine.support.hierarchical.NodeTestTask.lambda$executeRecursively$8(NodeTestTask.java:127)
	at org.junit.platform.engine.support.hierarchical.ThrowableCollector.execute(ThrowableCollector.java:73)
	at org.junit.platform.engine.support.hierarchical.NodeTestTask.executeRecursively(NodeTestTask.java:126)
	at org.junit.platform.engine.support.hierarchical.NodeTestTask.execute(NodeTestTask.java:84)
	at org.junit.platform.engine.support.hierarchical.SameThreadHierarchicalTestExecutorService.submit(SameThreadHierarchicalTestExecutorService.java:32)
	at org.junit.platform.engine.support.hierarchical.HierarchicalTestExecutor.execute(HierarchicalTestExecutor.java:57)
	at org.junit.platform.engine.support.hierarchical.HierarchicalTestEngine.execute(HierarchicalTestEngine.java:51)
	at org.junit.platform.launcher.core.EngineExecutionOrchestrator.execute(EngineExecutionOrchestrator.java:108)
	at org.junit.platform.launcher.core.EngineExecutionOrchestrator.execute(EngineExecutionOrchestrator.java:88)
	at org.junit.platform.launcher.core.EngineExecutionOrchestrator.lambda$execute$0(EngineExecutionOrchestrator.java:54)
	at org.junit.platform.launcher.core.EngineExecutionOrchestrator.withInterceptedStreams(EngineExecutionOrchestrator.java:67)
	at org.junit.platform.launcher.core.EngineExecutionOrchestrator.execute(EngineExecutionOrchestrator.java:52)
	at org.junit.platform.launcher.core.DefaultLauncher.execute(DefaultLauncher.java:96)
	at org.junit.platform.launcher.core.DefaultLauncher.execute(DefaultLauncher.java:75)
	at org.apache.maven.surefire.junitplatform.JUnitPlatformProvider.invokeAllTests(JUnitPlatformProvider.java:165)
	at org.apache.maven.surefire.junitplatform.JUnitPlatformProvider.invoke(JUnitPlatformProvider.java:124)
	at org.apache.maven.surefire.booter.ForkedBooter.runSuitesInProcess(ForkedBooter.java:428)
	at org.apache.maven.surefire.booter.ForkedBooter.execute(ForkedBooter.java:162)
	at org.apache.maven.surefire.booter.ForkedBooter.run(ForkedBooter.java:562)
	at org.apache.maven.surefire.booter.ForkedBooter.main(ForkedBooter.java:548)
]]></stackTrace>
      <system-out><![CDATA[2022-05-17 16:33:56,343 [Listener at 127.0.0.1/39929] WARN  server.ServerUtils (ServerUtils.java:getScmDbDir(148)) - ozone.scm.db.dirs is not configured. We recommend adding this setting. Falling back to ozone.metadata.dirs instead.
2022-05-17 16:33:56,360 [Listener at 127.0.0.1/39929] INFO  ha.SCMHANodeDetails (SCMHANodeDetails.java:loadSCMHAConfig(160)) - ServiceID for StorageContainerManager is null
2022-05-17 16:33:56,361 [Listener at 127.0.0.1/39929] INFO  ha.SCMHANodeDetails (SCMHANodeDetails.java:loadSCMHAConfig(165)) - ozone.scm.default.service.id is not defined, falling back to ozone.scm.service.ids to find serviceID for StorageContainerManager if it is HA enabled cluster
2022-05-17 16:33:56,361 [Listener at 127.0.0.1/39929] WARN  server.ServerUtils (ServerUtils.java:getScmDbDir(148)) - ozone.scm.db.dirs is not configured. We recommend adding this setting. Falling back to ozone.metadata.dirs instead.
2022-05-17 16:33:56,362 [Listener at 127.0.0.1/39929] INFO  upgrade.AbstractLayoutVersionManager (AbstractLayoutVersionManager.java:init(79)) - Initializing Layout version manager with metadata layout = ERASURE_CODED_STORAGE_SUPPORT (version = 3), software layout = ERASURE_CODED_STORAGE_SUPPORT (version = 3)
2022-05-17 16:33:56,443 [Listener at 127.0.0.1/39929] INFO  reflections.Reflections (Reflections.java:scan(232)) - Reflections took 80 ms to scan 7 urls, producing 127 keys and 292 values 
2022-05-17 16:33:56,457 [Listener at 127.0.0.1/39929] WARN  utils.HAUtils (HAUtils.java:getMetaDir(342)) - ozone.scm.db.dirs is not configured. We recommend adding this setting. Falling back to ozone.metadata.dirs instead.
2022-05-17 16:33:56,460 [Listener at 127.0.0.1/39929] WARN  db.DBStoreBuilder (DBStoreBuilder.java:applyDBDefinition(145)) - ozone.scm.db.dirs is not configured. We recommend adding this setting. Falling back to ozone.metadata.dirs instead.
2022-05-17 16:33:56,722 [Listener at 127.0.0.1/39929] INFO  net.NodeSchemaLoader (NodeSchemaLoader.java:loadSchemaFromFile(129)) - Loading schema from [jar:file:/home/runner/.m2/repository/org/apache/ozone/hdds-common/1.3.0-SNAPSHOT/hdds-common-1.3.0-SNAPSHOT.jar!/network-topology-default.xml]
2022-05-17 16:33:56,723 [Listener at 127.0.0.1/39929] INFO  net.NodeSchemaLoader (NodeSchemaLoader.java:loadSchema(176)) - Loading network topology layer schema file
2022-05-17 16:33:56,740 [Listener at 127.0.0.1/39929] INFO  ha.SequenceIdGenerator (SequenceIdGenerator.java:upgradeToSequenceId(347)) - upgrade localId to 109611004723200000
2022-05-17 16:33:56,741 [Listener at 127.0.0.1/39929] INFO  ha.SequenceIdGenerator (SequenceIdGenerator.java:upgradeToSequenceId(357)) - upgrade delTxnId to 0
2022-05-17 16:33:56,741 [Listener at 127.0.0.1/39929] INFO  ha.SequenceIdGenerator (SequenceIdGenerator.java:upgradeToSequenceId(371)) - upgrade containerId to 0
2022-05-17 16:33:56,741 [Listener at 127.0.0.1/39929] INFO  ha.SequenceIdGenerator (SequenceIdGenerator.java:<init>(218)) - Init the HA SequenceIdGenerator.
2022-05-17 16:33:56,741 [Listener at 127.0.0.1/39929] WARN  server.ServerUtils (ServerUtils.java:sanitizeUserArgs(73)) - ozone.scm.stale.node.interval value = 300000 is larger than max = 100000 based on the key value of ozone.scm.heartbeat.thread.interval, reset to the max value 100000.
2022-05-17 16:33:56,742 [Listener at 127.0.0.1/39929] WARN  server.ServerUtils (ServerUtils.java:sanitizeUserArgs(73)) - ozone.scm.stale.node.interval value = 300000 is larger than max = 100000 based on the key value of ozone.scm.heartbeat.thread.interval, reset to the max value 100000.
2022-05-17 16:33:56,747 [Listener at 127.0.0.1/39929] INFO  node.SCMNodeManager (SCMNodeManager.java:<init>(148)) - Entering startup safe mode.
2022-05-17 16:33:56,748 [Listener at 127.0.0.1/39929] INFO  algorithms.ContainerPlacementPolicyFactory (ContainerPlacementPolicyFactory.java:getPolicyInternal(86)) - Create container placement policy of type org.apache.hadoop.hdds.scm.container.placement.algorithms.SCMContainerPlacementRandom
2022-05-17 16:33:56,748 [Listener at 127.0.0.1/39929] INFO  pipeline.PipelineStateManagerImpl (PipelineStateManagerImpl.java:initialize(78)) - No pipeline exists in current db
2022-05-17 16:33:56,748 [Listener at 127.0.0.1/39929] INFO  algorithms.LeaderChoosePolicyFactory (LeaderChoosePolicyFactory.java:getPolicy(57)) - Create leader choose policy of type org.apache.hadoop.hdds.scm.pipeline.leader.choose.algorithms.MinLeaderCountChoosePolicy
2022-05-17 16:33:56,748 [Listener at 127.0.0.1/39929] INFO  algorithms.ContainerPlacementPolicyFactory (ContainerPlacementPolicyFactory.java:getPolicyInternal(86)) - Create container placement policy of type org.apache.hadoop.hdds.scm.container.placement.algorithms.SCMContainerPlacementRackScatter
2022-05-17 16:33:56,748 [Listener at 127.0.0.1/39929] INFO  pipeline.BackgroundPipelineCreator (BackgroundPipelineCreator.java:start(125)) - Starting RatisPipelineUtilsThread.
2022-05-17 16:33:56,752 [Listener at 127.0.0.1/39929] INFO  pipeline.BackgroundPipelineScrubber (BackgroundPipelineScrubber.java:start(126)) - Starting BackgroundPipelineScrubber Service.
2022-05-17 16:33:56,753 [Listener at 127.0.0.1/39929] INFO  ha.SCMServiceManager (SCMServiceManager.java:register(42)) - Registering service BackgroundPipelineCreator.
2022-05-17 16:33:56,753 [Listener at 127.0.0.1/39929] INFO  ha.SCMServiceManager (SCMServiceManager.java:register(42)) - Registering service BackgroundPipelineScrubber.
2022-05-17 16:33:56,753 [Listener at 127.0.0.1/39929] INFO  algorithms.PipelineChoosePolicyFactory (PipelineChoosePolicyFactory.java:createPipelineChoosePolicyFromClass(73)) - Create pipeline choose policy of type org.apache.hadoop.hdds.scm.pipeline.choose.algorithms.RandomPipelineChoosePolicy
2022-05-17 16:33:56,754 [Listener at 127.0.0.1/39929] INFO  ha.SCMServiceManager (SCMServiceManager.java:register(42)) - Registering service SCMBlockDeletingService.
2022-05-17 16:33:56,754 [Listener at 127.0.0.1/39929] INFO  ha.SCMServiceManager (SCMServiceManager.java:register(42)) - Registering service ReplicationManager.
2022-05-17 16:33:56,754 [Listener at 127.0.0.1/39929] INFO  replication.ReplicationManager (ReplicationManager.java:start(176)) - Starting Replication Monitor Thread.
2022-05-17 16:33:56,755 [Listener at 127.0.0.1/39929] INFO  safemode.ContainerSafeModeRule (ContainerSafeModeRule.java:<init>(89)) - containers with one replica threshold count 0
2022-05-17 16:33:56,755 [Listener at 127.0.0.1/39929] INFO  safemode.HealthyPipelineSafeModeRule (HealthyPipelineSafeModeRule.java:initializeRule(156)) - Total pipeline count is 0, healthy pipeline threshold count is 1
2022-05-17 16:33:56,756 [Listener at 127.0.0.1/39929] INFO  safemode.OneReplicaPipelineSafeModeRule (OneReplicaPipelineSafeModeRule.java:initializeRule(180)) - Total pipeline count is 0, pipeline's with at least one datanode reported threshold count is 0
2022-05-17 16:33:56,764 [Listener at 127.0.0.1/39929] INFO  ipc.CallQueueManager (CallQueueManager.java:<init>(90)) - Using callQueue: class java.util.concurrent.LinkedBlockingQueue, queueCapacity: 2000, scheduler: class org.apache.hadoop.ipc.DefaultRpcScheduler, ipcBackoff: false.
2022-05-17 16:33:56,765 [Socket Reader #1 for port 0] INFO  ipc.Server (Server.java:run(1265)) - Starting Socket Reader #1 for port 0
2022-05-17 16:33:56,765 [Listener at 0.0.0.0/42625] INFO  ipc.CallQueueManager (CallQueueManager.java:<init>(90)) - Using callQueue: class java.util.concurrent.LinkedBlockingQueue, queueCapacity: 2000, scheduler: class org.apache.hadoop.ipc.DefaultRpcScheduler, ipcBackoff: false.
2022-05-17 16:33:56,766 [Socket Reader #1 for port 0] INFO  ipc.Server (Server.java:run(1265)) - Starting Socket Reader #1 for port 0
2022-05-17 16:33:56,767 [Listener at 0.0.0.0/39879] INFO  ipc.CallQueueManager (CallQueueManager.java:<init>(90)) - Using callQueue: class java.util.concurrent.LinkedBlockingQueue, queueCapacity: 2000, scheduler: class org.apache.hadoop.ipc.DefaultRpcScheduler, ipcBackoff: false.
2022-05-17 16:33:56,768 [Socket Reader #1 for port 0] INFO  ipc.Server (Server.java:run(1265)) - Starting Socket Reader #1 for port 0
2022-05-17 16:33:56,778 [ReplicationMonitor] INFO  replication.ReplicationManager (ReplicationManager.java:processAll(225)) - Replication Manager is not ready to run until 3000ms after safemode exit
2022-05-17 16:33:56,856 [Listener at 0.0.0.0/37343] INFO  server.StorageContainerManager (StorageContainerManager.java:<init>(395)) - 
Container Balancer status:
Key                            Value
Running                        false
Container Balancer Configuration values:
Key                                                Value
Threshold                                          10
Max Datanodes to Involve per Iteration(percent)    20
Max Size to Move per Iteration                     500GB
Max Size Entering Target per Iteration             26GB
Max Size Leaving Source per Iteration              26GB

2022-05-17 16:33:56,856 [Listener at 0.0.0.0/37343] WARN  events.EventQueue (EventQueue.java:fireEvent(194)) - No event handler registered for event TypedEvent{payloadType=SafeModeStatus, name='Safe mode status'}
2022-05-17 16:33:56,856 [Listener at 0.0.0.0/37343] INFO  ha.SCMContext (SCMContext.java:updateSafeModeStatus(211)) - Update SafeModeStatus from SafeModeStatus{safeModeStatus=true, preCheckPassed=false} to SafeModeStatus{safeModeStatus=true, preCheckPassed=false}.
2022-05-17 16:33:56,857 [Listener at 0.0.0.0/37343] INFO  server.StorageContainerManager (StorageContainerManager.java:start(1347)) - StorageContainerLocationProtocol RPC server is listening at /0.0.0.0:37343
2022-05-17 16:33:56,867 [Listener at 0.0.0.0/37343] WARN  impl.MetricsConfig (MetricsConfig.java:loadFirst(136)) - Cannot locate configuration: tried hadoop-metrics2-storagecontainermanager.properties,hadoop-metrics2.properties
2022-05-17 16:33:56,874 [Listener at 0.0.0.0/37343] INFO  impl.MetricsSystemImpl (MetricsSystemImpl.java:startTimer(378)) - Scheduled Metric snapshot period at 10 second(s).
2022-05-17 16:33:56,874 [Listener at 0.0.0.0/37343] INFO  impl.MetricsSystemImpl (MetricsSystemImpl.java:start(191)) - StorageContainerManager metrics system started
2022-05-17 16:33:57,001 [Listener at 0.0.0.0/37343] INFO  impl.MetricsSinkAdapter (MetricsSinkAdapter.java:start(204)) - Sink prometheus started
2022-05-17 16:33:57,001 [Listener at 0.0.0.0/37343] INFO  impl.MetricsSystemImpl (MetricsSystemImpl.java:registerSink(305)) - Registered sink prometheus
2022-05-17 16:33:57,062 [Listener at 0.0.0.0/37343] INFO  server.SCMClientProtocolServer (SCMClientProtocolServer.java:start(169)) - RPC server for Client  is listening at /0.0.0.0:37343
2022-05-17 16:33:57,072 [IPC Server Responder] INFO  ipc.Server (Server.java:run(1507)) - IPC Server Responder: starting
2022-05-17 16:33:57,077 [Listener at 0.0.0.0/37343] INFO  server.StorageContainerManager (StorageContainerManager.java:start(1362)) - ScmBlockLocationProtocol RPC server is listening at /0.0.0.0:39879
2022-05-17 16:33:57,078 [Listener at 0.0.0.0/37343] INFO  server.SCMBlockProtocolServer (SCMBlockProtocolServer.java:start(151)) - RPC server for Block Protocol is listening at /0.0.0.0:39879
2022-05-17 16:33:57,075 [IPC Server listener on 0] INFO  ipc.Server (Server.java:run(1344)) - IPC Server listener on 0: starting
2022-05-17 16:33:57,079 [IPC Server Responder] INFO  ipc.Server (Server.java:run(1507)) - IPC Server Responder: starting
2022-05-17 16:33:57,079 [IPC Server listener on 0] INFO  ipc.Server (Server.java:run(1344)) - IPC Server listener on 0: starting
2022-05-17 16:33:57,085 [Listener at 0.0.0.0/37343] INFO  server.SCMDatanodeProtocolServer (SCMDatanodeProtocolServer.java:start(183)) - ScmDatanodeProtocol RPC server for DataNodes is listening at /0.0.0.0:42625
2022-05-17 16:33:57,085 [IPC Server Responder] INFO  ipc.Server (Server.java:run(1507)) - IPC Server Responder: starting
2022-05-17 16:33:57,086 [IPC Server listener on 0] INFO  ipc.Server (Server.java:run(1344)) - IPC Server listener on 0: starting
2022-05-17 16:33:57,098 [Listener at 0.0.0.0/37343] INFO  http.BaseHttpServer (BaseHttpServer.java:newHttpServer2BuilderForOzone(209)) - Starting Web-server for scm at: http://0.0.0.0:0
2022-05-17 16:33:57,098 [Listener at 0.0.0.0/37343] INFO  http.BaseHttpServer (BaseHttpServer.java:<init>(107)) - Hadoop Security Enabled: false Ozone Security Enabled: false Ozone HTTP Security Enabled: false 
2022-05-17 16:33:57,100 [Listener at 0.0.0.0/37343] INFO  server.AuthenticationFilter (AuthenticationFilter.java:constructSecretProvider(240)) - Unable to initialize FileSignerSecretProvider, falling back to use random secrets.
2022-05-17 16:33:57,114 [org.apache.hadoop.util.JvmPauseMonitor$Monitor@1bb40695] INFO  util.JvmPauseMonitor (JvmPauseMonitor.java:run(188)) - Starting JVM pause monitor
2022-05-17 16:33:57,132 [Listener at 0.0.0.0/37343] WARN  http.HttpRequestLog (HttpRequestLog.java:getRequestLog(103)) - Jetty request log can only be enabled using Log4j
2022-05-17 16:33:57,133 [Listener at 0.0.0.0/37343] INFO  http.HttpServer2 (HttpServer2.java:addGlobalFilter(1030)) - Added global filter 'safety' (class=org.apache.hadoop.hdds.server.http.HttpServer2$QuotingInputFilter)
2022-05-17 16:33:57,134 [Listener at 0.0.0.0/37343] INFO  http.HttpServer2 (HttpServer2.java:addFilter(1006)) - Added filter static_user_filter (class=org.apache.hadoop.http.lib.StaticUserWebFilter$StaticUserFilter) to context scm
2022-05-17 16:33:57,135 [Listener at 0.0.0.0/37343] INFO  http.HttpServer2 (HttpServer2.java:addFilter(1014)) - Added filter static_user_filter (class=org.apache.hadoop.http.lib.StaticUserWebFilter$StaticUserFilter) to context logs
2022-05-17 16:33:57,135 [Listener at 0.0.0.0/37343] INFO  http.HttpServer2 (HttpServer2.java:addFilter(1014)) - Added filter static_user_filter (class=org.apache.hadoop.http.lib.StaticUserWebFilter$StaticUserFilter) to context static
2022-05-17 16:33:57,136 [Listener at 0.0.0.0/37343] INFO  http.HttpServer2 (HttpServer2.java:bindListener(1249)) - Jetty bound to port 32953
2022-05-17 16:33:57,136 [Listener at 0.0.0.0/37343] INFO  server.Server (Server.java:doStart(375)) - jetty-9.4.43.v20210629; built: 2021-06-30T11:07:22.254Z; git: 526006ecfa3af7f1a27ef3a288e2bef7ea9dd7e8; jvm 1.8.0_332-b09
2022-05-17 16:33:57,144 [Listener at 0.0.0.0/37343] INFO  server.session (DefaultSessionIdManager.java:doStart(334)) - DefaultSessionIdManager workerName=node0
2022-05-17 16:33:57,144 [Listener at 0.0.0.0/37343] INFO  server.session (DefaultSessionIdManager.java:doStart(339)) - No SessionScavenger set, using defaults
2022-05-17 16:33:57,144 [Listener at 0.0.0.0/37343] INFO  server.session (HouseKeeper.java:startScavenging(132)) - node0 Scavenging every 660000ms
2022-05-17 16:33:57,146 [Listener at 0.0.0.0/37343] INFO  handler.ContextHandler (ContextHandler.java:doStart(915)) - Started o.e.j.s.ServletContextHandler@5557cc74{logs,/logs,file:///home/runner/work/ozone/ozone/hadoop-ozone/integration-test/target/log,AVAILABLE}
2022-05-17 16:33:57,146 [Listener at 0.0.0.0/37343] INFO  handler.ContextHandler (ContextHandler.java:doStart(915)) - Started o.e.j.s.ServletContextHandler@37ad86cb{static,/static,file:///home/runner/work/ozone/ozone/hadoop-ozone/integration-test/target/test-classes/webapps/static,AVAILABLE}
2022-05-17 16:33:57,159 [Listener at 0.0.0.0/37343] INFO  handler.ContextHandler (ContextHandler.java:doStart(915)) - Started o.e.j.w.WebAppContext@71dbf73{scm,/,file:///home/runner/work/ozone/ozone/hadoop-ozone/integration-test/target/test-classes/webapps/scm/,AVAILABLE}{file:/home/runner/work/ozone/ozone/hadoop-ozone/integration-test/target/test-classes/webapps/scm}
2022-05-17 16:33:57,178 [Listener at 0.0.0.0/37343] INFO  server.AbstractConnector (AbstractConnector.java:doStart(331)) - Started ServerConnector@23466a0f{HTTP/1.1, (http/1.1)}{0.0.0.0:32953}
2022-05-17 16:33:57,178 [Listener at 0.0.0.0/37343] INFO  server.Server (Server.java:doStart(415)) - Started @118376ms
2022-05-17 16:33:57,178 [Listener at 0.0.0.0/37343] WARN  impl.MetricsSystemImpl (MetricsSystemImpl.java:register(279)) - Sink prometheus already exists!
2022-05-17 16:33:57,188 [Listener at 0.0.0.0/37343] INFO  http.BaseHttpServer (BaseHttpServer.java:updateConnectorAddress(329)) - HTTP server of scm listening at http://0.0.0.0:32953
2022-05-17 16:33:57,188 [Listener at 0.0.0.0/37343] WARN  server.ServerUtils (ServerUtils.java:getDBPath(225)) - ozone.om.db.dirs is not configured. We recommend adding this setting. Falling back to ozone.metadata.dirs instead.
2022-05-17 16:33:57,192 [Listener at 0.0.0.0/37343] INFO  ha.OMHANodeDetails (OMHANodeDetails.java:loadOMHAConfig(115)) - ozone.om.internal.service.id is not defined, falling back to ozone.om.service.ids to find serviceID for OzoneManager if it is HA enabled cluster
2022-05-17 16:33:57,192 [Listener at 0.0.0.0/37343] INFO  ha.OMHANodeDetails (OMHANodeDetails.java:loadOMHAConfig(226)) - Configuration does not have ozone.om.address set. Falling back to the default OM address /127.0.0.1:0
2022-05-17 16:33:57,192 [Listener at 0.0.0.0/37343] INFO  ha.OMHANodeDetails (OMHANodeDetails.java:getOMNodeDetailsForNonHA(254)) - OM Service ID is not set. Setting it to the default ID: omServiceIdDefault
2022-05-17 16:33:57,193 [Listener at 0.0.0.0/37343] INFO  ha.OMHANodeDetails (OMHANodeDetails.java:getOMNodeDetailsForNonHA(261)) - OM Node ID is not set. Setting it to the default ID: om1
2022-05-17 16:33:57,193 [Listener at 0.0.0.0/37343] WARN  server.ServerUtils (ServerUtils.java:getDBPath(225)) - ozone.om.db.dirs is not configured. We recommend adding this setting. Falling back to ozone.metadata.dirs instead.
2022-05-17 16:33:57,194 [Listener at 0.0.0.0/37343] INFO  upgrade.AbstractLayoutVersionManager (AbstractLayoutVersionManager.java:init(79)) - Initializing Layout version manager with metadata layout = BUCKET_LAYOUT_SUPPORT (version = 2), software layout = BUCKET_LAYOUT_SUPPORT (version = 2)
2022-05-17 16:33:57,312 [Listener at 0.0.0.0/37343] INFO  reflections.Reflections (Reflections.java:scan(232)) - Reflections took 118 ms to scan 2 urls, producing 143 keys and 369 values [using 2 cores]
2022-05-17 16:33:57,313 [Listener at 0.0.0.0/37343] INFO  upgrade.OMLayoutVersionManager (OMLayoutVersionManager.java:lambda$0(115)) - Skipping Upgrade Action MockOmUpgradeAction since it has been finalized.
2022-05-17 16:33:57,313 [Listener at 0.0.0.0/37343] WARN  server.ServerUtils (ServerUtils.java:getDBPath(225)) - ozone.om.db.dirs is not configured. We recommend adding this setting. Falling back to ozone.metadata.dirs instead.
2022-05-17 16:33:57,315 [Listener at 0.0.0.0/37343] INFO  proxy.SCMBlockLocationFailoverProxyProvider (SCMBlockLocationFailoverProxyProvider.java:<init>(114)) - Created block location fail-over proxy with 1 nodes: [nodeId=scmNodeId,nodeAddress=/0.0.0.0:39879]
2022-05-17 16:33:57,316 [Listener at 0.0.0.0/37343] INFO  proxy.SCMBlockLocationFailoverProxyProvider (SCMBlockLocationFailoverProxyProvider.java:<init>(114)) - Created block location fail-over proxy with 1 nodes: [nodeId=scmNodeId,nodeAddress=/0.0.0.0:39879]
2022-05-17 16:33:57,342 [Listener at 0.0.0.0/37343] WARN  server.ServerUtils (ServerUtils.java:getDBPath(225)) - ozone.om.db.dirs is not configured. We recommend adding this setting. Falling back to ozone.metadata.dirs instead.
2022-05-17 16:33:57,342 [Listener at 0.0.0.0/37343] INFO  codec.OmKeyInfoCodec (OmKeyInfoCodec.java:<init>(49)) - OmKeyInfoCodec ignorePipeline = true
2022-05-17 16:33:57,343 [Listener at 0.0.0.0/37343] INFO  codec.RepeatedOmKeyInfoCodec (RepeatedOmKeyInfoCodec.java:<init>(41)) - RepeatedOmKeyInfoCodec ignorePipeline = true
2022-05-17 16:33:57,663 [Listener at 0.0.0.0/37343] INFO  om.OzoneManager (OzoneManager.java:addS3GVolumeToDB(3894)) - Created Volume s3v With Owner runner required for S3Gateway operations.
2022-05-17 16:33:57,664 [Listener at 0.0.0.0/37343] WARN  server.ServerUtils (ServerUtils.java:getDefaultRatisDirectory(237)) - Storage directory for Ratis is not configured. It is a good idea to map this to an SSD disk. Falling back to ozone.metadata.dirs
2022-05-17 16:33:57,664 [Listener at 0.0.0.0/37343] WARN  utils.OzoneManagerRatisUtils (OzoneManagerRatisUtils.java:getOMRatisSnapshotDirectory(395)) - ozone.om.ratis.snapshot.dir is not configured. Falling back to ozone.metadata.dirs config
2022-05-17 16:33:57,664 [Listener at 0.0.0.0/37343] WARN  server.ServerUtils (ServerUtils.java:getDefaultRatisDirectory(237)) - Storage directory for Ratis is not configured. It is a good idea to map this to an SSD disk. Falling back to ozone.metadata.dirs
2022-05-17 16:33:57,666 [Listener at 0.0.0.0/37343] INFO  ratis.OzoneManagerRatisServer (OzoneManagerRatisServer.java:<init>(159)) - Instantiating OM Ratis server with groupID: omServiceIdDefault and peers: localhost:9872
2022-05-17 16:33:57,666 [Listener at 0.0.0.0/37343] INFO  ratis.OzoneManagerStateMachine (OzoneManagerStateMachine.java:loadSnapshotInfoFromDB(627)) - LastAppliedIndex is set from TransactionInfo from OM DB as (t:0, i:~)
2022-05-17 16:33:57,666 [Listener at 0.0.0.0/37343] INFO  server.RaftServer (ConfUtils.java:logGet(44)) - raft.rpc.type = GRPC (default)
2022-05-17 16:33:57,666 [Listener at 0.0.0.0/37343] INFO  grpc.GrpcFactory (GrpcFactory.java:checkPooledByteBufAllocatorUseCacheForAllThreads(48)) - PERFORMANCE WARNING: useCacheForAllThreads is true that may cause Netty to create a lot garbage objects and, as a result, trigger GC.
	It is recommended to disable useCacheForAllThreads by setting -Dorg.apache.ratis.thirdparty.io.netty.allocator.useCacheForAllThreads=false in command line.
2022-05-17 16:33:57,667 [Listener at 0.0.0.0/37343] INFO  grpc.GrpcConfigKeys (ConfUtils.java:logGet(44)) - raft.grpc.admin.port = -1 (default)
2022-05-17 16:33:57,667 [Listener at 0.0.0.0/37343] INFO  grpc.GrpcConfigKeys (ConfUtils.java:logGet(44)) - raft.grpc.server.port = 9872 (custom)
2022-05-17 16:33:57,667 [Listener at 0.0.0.0/37343] INFO  grpc.GrpcConfigKeys (ConfUtils.java:logGet(44)) - raft.grpc.client.port = -1 (default)
2022-05-17 16:33:57,667 [Listener at 0.0.0.0/37343] INFO  grpc.GrpcConfigKeys (ConfUtils.java:logGet(44)) - raft.grpc.server.port = 9872 (custom)
2022-05-17 16:33:57,667 [Listener at 0.0.0.0/37343] INFO  grpc.GrpcConfigKeys (ConfUtils.java:logGet(44)) - raft.grpc.server.port = 9872 (custom)
2022-05-17 16:33:57,668 [Listener at 0.0.0.0/37343] INFO  server.GrpcService (ConfUtils.java:logGet(44)) - raft.grpc.message.size.max = 33554432 (custom)
2022-05-17 16:33:57,668 [Listener at 0.0.0.0/37343] INFO  server.RaftServerConfigKeys (ConfUtils.java:logGet(44)) - raft.server.log.appender.buffer.byte-limit = 33554432 (custom)
2022-05-17 16:33:57,668 [Listener at 0.0.0.0/37343] INFO  server.GrpcService (ConfUtils.java:logGet(44)) - raft.grpc.flow.control.window = 1MB (=1048576) (default)
2022-05-17 16:33:57,668 [Listener at 0.0.0.0/37343] INFO  server.RaftServerConfigKeys (ConfUtils.java:logGet(44)) - raft.server.rpc.request.timeout = 3000ms (default)
2022-05-17 16:33:57,670 [Listener at 0.0.0.0/37343] INFO  impl.DataStreamServerImpl (ConfUtils.java:logGet(44)) - raft.datastream.type = DISABLED (default)
2022-05-17 16:33:57,670 [Listener at 0.0.0.0/37343] INFO  server.RaftServerConfigKeys (ConfUtils.java:logGet(44)) - raft.server.rpc.slowness.timeout = 120s (custom)
2022-05-17 16:33:57,670 [Listener at 0.0.0.0/37343] INFO  server.RaftServerConfigKeys (ConfUtils.java:logGet(44)) - raft.server.leaderelection.leader.step-down.wait-time = 10s (default)
2022-05-17 16:33:57,670 [Listener at 0.0.0.0/37343] INFO  server.RaftServerConfigKeys (ConfUtils.java:logGet(44)) - raft.server.storage.dir = [/home/runner/work/ozone/ozone/hadoop-ozone/integration-test/target/test-dir/MiniOzoneClusterImpl-f433c0cb-757b-452a-bd5e-bd62417e1d68/ozone-meta/ratis] (custom)
2022-05-17 16:33:57,672 [Listener at 0.0.0.0/37343] INFO  server.RaftServer (RaftServerProxy.java:addNew(95)) - om1: addNew group-C5BA1605619E:[om1|rpc:localhost:9872|priority:0] returns group-C5BA1605619E:java.util.concurrent.CompletableFuture@5f078f1f[Not completed]
2022-05-17 16:33:57,672 [Listener at 0.0.0.0/37343] INFO  om.OzoneManager (OzoneManager.java:initializeRatisServer(1901)) - OzoneManager Ratis server initialized at port 9872
2022-05-17 16:33:57,677 [Listener at 0.0.0.0/37343] INFO  om.OzoneManager (OzoneManager.java:getRpcServer(1030)) - Creating RPC Server
2022-05-17 16:33:57,680 [pool-434-thread-1] INFO  server.RaftServer$Division (RaftServerImpl.java:<init>(184)) - om1: new RaftServerImpl for group-C5BA1605619E:[om1|rpc:localhost:9872|priority:0] with OzoneManagerStateMachine:uninitialized
2022-05-17 16:33:57,695 [pool-434-thread-1] INFO  server.RaftServerConfigKeys (ConfUtils.java:logGet(44)) - raft.server.rpc.timeout.min = 1s (custom)
2022-05-17 16:33:57,695 [pool-434-thread-1] INFO  server.RaftServerConfigKeys (ConfUtils.java:logGet(44)) - raft.server.rpc.timeout.max = 1200ms (custom)
2022-05-17 16:33:57,695 [pool-434-thread-1] INFO  server.RaftServerConfigKeys (ConfUtils.java:logGet(44)) - raft.server.rpc.sleep.time = 25ms (default)
2022-05-17 16:33:57,695 [pool-434-thread-1] INFO  server.RaftServerConfigKeys (ConfUtils.java:logGet(44)) - raft.server.rpc.slowness.timeout = 120s (custom)
2022-05-17 16:33:57,695 [pool-434-thread-1] INFO  server.RaftServerConfigKeys (ConfUtils.java:logGet(44)) - raft.server.leaderelection.leader.step-down.wait-time = 10s (default)
2022-05-17 16:33:57,695 [pool-434-thread-1] INFO  server.RaftServerConfigKeys (ConfUtils.java:logGet(44)) - raft.server.sleep.deviation.threshold = 300ms (default)
2022-05-17 16:33:57,695 [pool-434-thread-1] INFO  server.RaftServerConfigKeys (ConfUtils.java:logGet(44)) - raft.server.log.appender.install.snapshot.enabled = false (custom)
2022-05-17 16:33:57,695 [pool-434-thread-1] INFO  server.RaftServer$Division (ServerState.java:<init>(105)) - om1@group-C5BA1605619E: ConfigurationManager, init=-1: [om1|rpc:localhost:9872|priority:0], old=null, confs=<EMPTY_MAP>
2022-05-17 16:33:57,695 [pool-434-thread-1] INFO  server.RaftServerConfigKeys (ConfUtils.java:logGet(44)) - raft.server.storage.dir = [/home/runner/work/ozone/ozone/hadoop-ozone/integration-test/target/test-dir/MiniOzoneClusterImpl-f433c0cb-757b-452a-bd5e-bd62417e1d68/ozone-meta/ratis] (custom)
2022-05-17 16:33:57,696 [pool-434-thread-1] INFO  server.RaftServerConfigKeys (ConfUtils.java:logGet(44)) - raft.server.log.corruption.policy = EXCEPTION (default)
2022-05-17 16:33:57,696 [pool-434-thread-1] INFO  server.RaftServerConfigKeys (ConfUtils.java:logGet(44)) - raft.server.storage.free-space.min = 0MB (=0) (default)
2022-05-17 16:33:57,696 [pool-434-thread-1] INFO  storage.RaftStorageDirectory (RaftStorageDirectoryImpl.java:analyzeStorage(135)) - The storage directory /home/runner/work/ozone/ozone/hadoop-ozone/integration-test/target/test-dir/MiniOzoneClusterImpl-f433c0cb-757b-452a-bd5e-bd62417e1d68/ozone-meta/ratis/bf265839-605b-3f16-9796-c5ba1605619e does not exist. Creating ...
2022-05-17 16:33:57,700 [pool-434-thread-1] INFO  storage.RaftStorageDirectory (RaftStorageDirectoryImpl.java:tryLock(230)) - Lock on /home/runner/work/ozone/ozone/hadoop-ozone/integration-test/target/test-dir/MiniOzoneClusterImpl-f433c0cb-757b-452a-bd5e-bd62417e1d68/ozone-meta/ratis/bf265839-605b-3f16-9796-c5ba1605619e/in_use.lock acquired by nodename 17133@fv-az297-879
2022-05-17 16:33:57,703 [pool-434-thread-1] INFO  storage.RaftStorage (RaftStorageImpl.java:format(89)) - Storage directory /home/runner/work/ozone/ozone/hadoop-ozone/integration-test/target/test-dir/MiniOzoneClusterImpl-f433c0cb-757b-452a-bd5e-bd62417e1d68/ozone-meta/ratis/bf265839-605b-3f16-9796-c5ba1605619e has been successfully formatted.
2022-05-17 16:33:57,704 [pool-434-thread-1] INFO  server.RaftServerConfigKeys (ConfUtils.java:logGet(44)) - raft.server.notification.no-leader.timeout = 120s (custom)
2022-05-17 16:33:57,704 [pool-434-thread-1] INFO  server.RaftServerConfigKeys (ConfUtils.java:logGet(44)) - raft.server.log.use.memory = false (default)
2022-05-17 16:33:57,704 [pool-434-thread-1] INFO  server.RaftServerConfigKeys (ConfUtils.java:logGet(44)) - raft.server.log.purge.gap = 1000000 (custom)
2022-05-17 16:33:57,704 [pool-434-thread-1] INFO  server.RaftServerConfigKeys (ConfUtils.java:logGet(44)) - raft.server.log.appender.buffer.byte-limit = 33554432 (custom)
2022-05-17 16:33:57,704 [pool-434-thread-1] INFO  server.RaftServerConfigKeys (ConfUtils.java:logGet(44)) - raft.server.log.segment.size.max = 4194304 (custom)
2022-05-17 16:33:57,705 [pool-434-thread-1] INFO  server.RaftServerConfigKeys (ConfUtils.java:logGet(44)) - raft.server.log.segment.cache.num.max = 2 (custom)
2022-05-17 16:33:57,705 [pool-434-thread-1] INFO  server.RaftServerConfigKeys (ConfUtils.java:logGet(44)) - raft.server.log.segment.cache.size.max = 200MB (=209715200) (default)
2022-05-17 16:33:57,705 [pool-434-thread-1] INFO  segmented.SegmentedRaftLogWorker (SegmentedRaftLogWorker.java:<init>(182)) - new om1@group-C5BA1605619E-SegmentedRaftLogWorker for RaftStorageImpl:Storage Directory /home/runner/work/ozone/ozone/hadoop-ozone/integration-test/target/test-dir/MiniOzoneClusterImpl-f433c0cb-757b-452a-bd5e-bd62417e1d68/ozone-meta/ratis/bf265839-605b-3f16-9796-c5ba1605619e
2022-05-17 16:33:57,705 [pool-434-thread-1] INFO  server.RaftServerConfigKeys (ConfUtils.java:logGet(44)) - raft.server.log.queue.byte-limit = 64MB (=67108864) (default)
2022-05-17 16:33:57,705 [pool-434-thread-1] INFO  server.RaftServerConfigKeys (ConfUtils.java:logGet(44)) - raft.server.log.queue.element-limit = 4096 (default)
2022-05-17 16:33:57,705 [pool-434-thread-1] INFO  server.RaftServerConfigKeys (ConfUtils.java:logGet(44)) - raft.server.log.segment.size.max = 4194304 (custom)
2022-05-17 16:33:57,705 [pool-434-thread-1] INFO  server.RaftServerConfigKeys (ConfUtils.java:logGet(44)) - raft.server.log.preallocated.size = 4194304 (custom)
2022-05-17 16:33:57,705 [pool-434-thread-1] INFO  server.RaftServerConfigKeys (ConfUtils.java:logGet(44)) - raft.server.log.force.sync.num = 128 (default)
2022-05-17 16:33:57,705 [pool-434-thread-1] INFO  server.RaftServerConfigKeys (ConfUtils.java:logGet(44)) - raft.server.log.statemachine.data.sync = true (default)
2022-05-17 16:33:57,705 [pool-434-thread-1] INFO  server.RaftServerConfigKeys (ConfUtils.java:logGet(44)) - raft.server.log.statemachine.data.sync.timeout = 10s (default)
2022-05-17 16:33:57,705 [pool-434-thread-1] INFO  server.RaftServerConfigKeys (ConfUtils.java:logGet(44)) - raft.server.log.statemachine.data.sync.timeout.retry = -1 (default)
2022-05-17 16:33:57,706 [pool-434-thread-1] INFO  server.RaftServerConfigKeys (ConfUtils.java:logGet(44)) - raft.server.log.write.buffer.size = 64KB (=65536) (default)
2022-05-17 16:33:57,706 [pool-434-thread-1] INFO  server.RaftServerConfigKeys (ConfUtils.java:logGet(44)) - raft.server.log.statemachine.data.caching.enabled = false (default)
2022-05-17 16:33:57,706 [pool-434-thread-1] INFO  segmented.SegmentedRaftLogWorker (SegmentedRaftLogWorker.java:lambda$new$0(133)) - om1@group-C5BA1605619E-SegmentedRaftLogWorker: flushIndex: setUnconditionally 0 -> -1
2022-05-17 16:33:57,707 [pool-434-thread-1] INFO  segmented.SegmentedRaftLogWorker (SegmentedRaftLogWorker.java:lambda$new$0(133)) - om1@group-C5BA1605619E-SegmentedRaftLogWorker: safeCacheEvictIndex: setUnconditionally 0 -> -1
2022-05-17 16:33:57,707 [pool-434-thread-1] INFO  server.RaftServerConfigKeys (ConfUtils.java:logGet(44)) - raft.server.snapshot.auto.trigger.enabled = true (custom)
2022-05-17 16:33:57,707 [pool-434-thread-1] INFO  server.RaftServerConfigKeys (ConfUtils.java:logGet(44)) - raft.server.snapshot.auto.trigger.threshold = 400000 (default)
2022-05-17 16:33:57,707 [pool-434-thread-1] INFO  server.RaftServerConfigKeys (ConfUtils.java:logGet(44)) - raft.server.snapshot.retention.file.num = -1 (default)
2022-05-17 16:33:57,707 [pool-434-thread-1] INFO  server.RaftServerConfigKeys (ConfUtils.java:logGet(44)) - raft.server.log.purge.upto.snapshot.index = true (custom)
2022-05-17 16:33:57,707 [pool-434-thread-1] INFO  server.RaftServerConfigKeys (ConfUtils.java:logGet(44)) - raft.server.retrycache.expirytime = 300s (custom)
2022-05-17 16:33:57,707 [pool-434-thread-1] INFO  server.RaftServerConfigKeys (ConfUtils.java:logGet(44)) - raft.server.retrycache.statistics.expirytime = 100μs (default)
2022-05-17 16:33:58,804 [Listener at 0.0.0.0/37343] INFO  reflections.Reflections (Reflections.java:scan(232)) - Reflections took 1126 ms to scan 19 urls, producing 61 keys and 3686 values [using 2 cores]
2022-05-17 16:33:58,806 [Listener at 0.0.0.0/37343] INFO  ipc.CallQueueManager (CallQueueManager.java:<init>(90)) - Using callQueue: class java.util.concurrent.LinkedBlockingQueue, queueCapacity: 2000, scheduler: class org.apache.hadoop.ipc.DefaultRpcScheduler, ipcBackoff: false.
2022-05-17 16:33:58,832 [Socket Reader #1 for port 0] INFO  ipc.Server (Server.java:run(1265)) - Starting Socket Reader #1 for port 0
2022-05-17 16:33:58,946 [Listener at 127.0.0.1/36839] INFO  impl.MetricsSystemImpl (MetricsSystemImpl.java:init(158)) - OzoneManager metrics system started (again)
2022-05-17 16:33:58,966 [Listener at 127.0.0.1/36839] INFO  om.OzoneManager (OzoneManager.java:start(1405)) - OzoneManager RPC server is listening at localhost/127.0.0.1:36839
2022-05-17 16:33:58,966 [Listener at 127.0.0.1/36839] INFO  ratis.OzoneManagerRatisServer (OzoneManagerRatisServer.java:start(554)) - Starting OzoneManagerRatisServer om1 at port 9872
2022-05-17 16:33:58,966 [Listener at 127.0.0.1/36839] INFO  server.RaftServer$Division (RaftServerImpl.java:start(301)) - om1@group-C5BA1605619E: start as a follower, conf=-1: [om1|rpc:localhost:9872|priority:0], old=null
2022-05-17 16:33:58,966 [Listener at 127.0.0.1/36839] INFO  server.RaftServer$Division (RaftServerImpl.java:setRole(290)) - om1@group-C5BA1605619E: changes role from      null to FOLLOWER at term 0 for startAsFollower
2022-05-17 16:33:58,967 [Listener at 127.0.0.1/36839] INFO  impl.RoleInfo (RoleInfo.java:updateAndGet(130)) - om1: start om1@group-C5BA1605619E-FollowerState
2022-05-17 16:33:58,980 [Listener at 127.0.0.1/36839] INFO  util.JmxRegister (JmxRegister.java:tryRegister(44)) - Successfully registered JMX Bean with object name Ratis:service=RaftServer,group=group-C5BA1605619E,id=om1
2022-05-17 16:33:59,002 [Listener at 127.0.0.1/36839] INFO  server.RaftServer (RaftServerProxy.java:lambda$start$5(374)) - om1: start RPC server
2022-05-17 16:33:59,003 [Listener at 127.0.0.1/36839] INFO  server.GrpcService (GrpcService.java:startImpl(253)) - om1: GrpcService started, listening on 9872
2022-05-17 16:33:59,004 [Listener at 127.0.0.1/36839] INFO  om.OzoneManager (OzoneManager.java:start(1421)) - Version File has different layout version (2) than OM DB (null). That is expected if this OM has never been finalized to a newer layout version.
2022-05-17 16:33:59,005 [org.apache.ratis.util.JvmPauseMonitor$$Lambda$622/456676922@63727b30] INFO  util.JvmPauseMonitor (JvmPauseMonitor.java:run(103)) - JvmPauseMonitor-om1: Started
2022-05-17 16:33:59,024 [Listener at 127.0.0.1/36839] INFO  http.BaseHttpServer (BaseHttpServer.java:newHttpServer2BuilderForOzone(209)) - Starting Web-server for ozoneManager at: http://0.0.0.0:0
2022-05-17 16:33:59,024 [Listener at 127.0.0.1/36839] INFO  http.BaseHttpServer (BaseHttpServer.java:<init>(107)) - Hadoop Security Enabled: false Ozone Security Enabled: false Ozone HTTP Security Enabled: false 
2022-05-17 16:33:59,026 [Listener at 127.0.0.1/36839] INFO  server.AuthenticationFilter (AuthenticationFilter.java:constructSecretProvider(240)) - Unable to initialize FileSignerSecretProvider, falling back to use random secrets.
2022-05-17 16:33:59,033 [Listener at 127.0.0.1/36839] WARN  http.HttpRequestLog (HttpRequestLog.java:getRequestLog(103)) - Jetty request log can only be enabled using Log4j
2022-05-17 16:33:59,034 [Listener at 127.0.0.1/36839] INFO  http.HttpServer2 (HttpServer2.java:addGlobalFilter(1030)) - Added global filter 'safety' (class=org.apache.hadoop.hdds.server.http.HttpServer2$QuotingInputFilter)
2022-05-17 16:33:59,035 [Listener at 127.0.0.1/36839] INFO  http.HttpServer2 (HttpServer2.java:addFilter(1006)) - Added filter static_user_filter (class=org.apache.hadoop.http.lib.StaticUserWebFilter$StaticUserFilter) to context ozoneManager
2022-05-17 16:33:59,035 [Listener at 127.0.0.1/36839] INFO  http.HttpServer2 (HttpServer2.java:addFilter(1014)) - Added filter static_user_filter (class=org.apache.hadoop.http.lib.StaticUserWebFilter$StaticUserFilter) to context static
2022-05-17 16:33:59,035 [Listener at 127.0.0.1/36839] INFO  http.HttpServer2 (HttpServer2.java:addFilter(1014)) - Added filter static_user_filter (class=org.apache.hadoop.http.lib.StaticUserWebFilter$StaticUserFilter) to context logs
2022-05-17 16:33:59,036 [Listener at 127.0.0.1/36839] INFO  http.HttpServer2 (HttpServer2.java:bindListener(1249)) - Jetty bound to port 33459
2022-05-17 16:33:59,036 [Listener at 127.0.0.1/36839] INFO  server.Server (Server.java:doStart(375)) - jetty-9.4.43.v20210629; built: 2021-06-30T11:07:22.254Z; git: 526006ecfa3af7f1a27ef3a288e2bef7ea9dd7e8; jvm 1.8.0_332-b09
2022-05-17 16:33:59,072 [Listener at 127.0.0.1/36839] INFO  server.session (DefaultSessionIdManager.java:doStart(334)) - DefaultSessionIdManager workerName=node0
2022-05-17 16:33:59,072 [Listener at 127.0.0.1/36839] INFO  server.session (DefaultSessionIdManager.java:doStart(339)) - No SessionScavenger set, using defaults
2022-05-17 16:33:59,073 [Listener at 127.0.0.1/36839] INFO  server.session (HouseKeeper.java:startScavenging(132)) - node0 Scavenging every 600000ms
2022-05-17 16:33:59,074 [Listener at 127.0.0.1/36839] INFO  handler.ContextHandler (ContextHandler.java:doStart(915)) - Started o.e.j.s.ServletContextHandler@426218fc{logs,/logs,file:///home/runner/work/ozone/ozone/hadoop-ozone/integration-test/target/log,AVAILABLE}
2022-05-17 16:33:59,074 [Listener at 127.0.0.1/36839] INFO  handler.ContextHandler (ContextHandler.java:doStart(915)) - Started o.e.j.s.ServletContextHandler@3d235119{static,/static,file:///home/runner/work/ozone/ozone/hadoop-ozone/integration-test/target/test-classes/webapps/static,AVAILABLE}
2022-05-17 16:33:59,080 [Listener at 127.0.0.1/36839] INFO  handler.ContextHandler (ContextHandler.java:doStart(915)) - Started o.e.j.w.WebAppContext@1e22ff5f{ozoneManager,/,file:///home/runner/work/ozone/ozone/hadoop-ozone/integration-test/target/test-classes/webapps/ozoneManager/,AVAILABLE}{file:/home/runner/work/ozone/ozone/hadoop-ozone/integration-test/target/test-classes/webapps/ozoneManager}
2022-05-17 16:33:59,085 [Listener at 127.0.0.1/36839] INFO  server.AbstractConnector (AbstractConnector.java:doStart(331)) - Started ServerConnector@2f7907c3{HTTP/1.1, (http/1.1)}{0.0.0.0:33459}
2022-05-17 16:33:59,085 [Listener at 127.0.0.1/36839] INFO  server.Server (Server.java:doStart(415)) - Started @120283ms
2022-05-17 16:33:59,085 [Listener at 127.0.0.1/36839] WARN  impl.MetricsSystemImpl (MetricsSystemImpl.java:register(279)) - Sink prometheus already exists!
2022-05-17 16:33:59,104 [Listener at 127.0.0.1/36839] INFO  http.BaseHttpServer (BaseHttpServer.java:updateConnectorAddress(329)) - HTTP server of ozoneManager listening at http://0.0.0.0:33459
2022-05-17 16:33:59,106 [IPC Server Responder] INFO  ipc.Server (Server.java:run(1507)) - IPC Server Responder: starting
2022-05-17 16:33:59,106 [IPC Server listener on 0] INFO  ipc.Server (Server.java:run(1344)) - IPC Server listener on 0: starting
2022-05-17 16:33:59,108 [Listener at 127.0.0.1/36839] INFO  om.OzoneManager (OzoneManager.java:startTrashEmptier(1845)) - Trash Interval set to 0. Files deleted won't move to trash
2022-05-17 16:33:59,122 [org.apache.hadoop.util.JvmPauseMonitor$Monitor@7ce6c004] INFO  util.JvmPauseMonitor (JvmPauseMonitor.java:run(188)) - Starting JVM pause monitor
2022-05-17 16:33:59,155 [Listener at 127.0.0.1/36839] WARN  impl.MetricRegistriesImpl (MetricRegistriesImpl.java:addReporterRegistration(111)) - New reporters are added after registries were created. Some metrics will be missing from the reporter. Please add reporter before adding any new registry.
2022-05-17 16:33:59,155 [Listener at 127.0.0.1/36839] WARN  impl.MetricRegistriesImpl (MetricRegistriesImpl.java:addReporterRegistration(111)) - New reporters are added after registries were created. Some metrics will be missing from the reporter. Please add reporter before adding any new registry.
2022-05-17 16:33:59,155 [Listener at 127.0.0.1/36839] INFO  impl.MetricsSystemImpl (MetricsSystemImpl.java:init(158)) - HddsDatanode metrics system started (again)
2022-05-17 16:33:59,169 [Listener at 127.0.0.1/36839] INFO  ozone.HddsDatanodeService (HddsDatanodeService.java:start(236)) - HddsDatanodeService host:fv-az297-879.nmf1rxwemy4u5di1sxxf4ejcwb.jx.internal.cloudapp.net ip:10.1.0.54
2022-05-17 16:33:59,239 [Listener at 127.0.0.1/36839] INFO  upgrade.AbstractLayoutVersionManager (AbstractLayoutVersionManager.java:init(79)) - Initializing Layout version manager with metadata layout = ERASURE_CODED_STORAGE_SUPPORT (version = 3), software layout = ERASURE_CODED_STORAGE_SUPPORT (version = 3)
2022-05-17 16:33:59,325 [Listener at 127.0.0.1/36839] INFO  reflections.Reflections (Reflections.java:scan(232)) - Reflections took 85 ms to scan 7 urls, producing 127 keys and 292 values 
2022-05-17 16:33:59,336 [Listener at 127.0.0.1/36839] INFO  statemachine.DatanodeStateMachine (DatanodeStateMachine.java:getEndPointTaskThreadPoolSize(233)) - Datanode State Machine Task Thread Pool size 2
2022-05-17 16:33:59,357 [Listener at 127.0.0.1/36839] INFO  volume.HddsVolume (HddsVolume.java:<init>(120)) - Creating HddsVolume: /home/runner/work/ozone/ozone/hadoop-ozone/integration-test/target/test-dir/MiniOzoneClusterImpl-f433c0cb-757b-452a-bd5e-bd62417e1d68/datanode-0/data-0/containers/hdds of storage type : DISK capacity : 9223372036854775807
2022-05-17 16:33:59,357 [Listener at 127.0.0.1/36839] INFO  volume.MutableVolumeSet (MutableVolumeSet.java:initializeVolumeSet(168)) - Added Volume : /home/runner/work/ozone/ozone/hadoop-ozone/integration-test/target/test-dir/MiniOzoneClusterImpl-f433c0cb-757b-452a-bd5e-bd62417e1d68/datanode-0/data-0/containers/hdds to VolumeSet
2022-05-17 16:33:59,358 [Listener at 127.0.0.1/36839] INFO  volume.ThrottledAsyncChecker (ThrottledAsyncChecker.java:schedule(141)) - Scheduling a check for /home/runner/work/ozone/ozone/hadoop-ozone/integration-test/target/test-dir/MiniOzoneClusterImpl-f433c0cb-757b-452a-bd5e-bd62417e1d68/datanode-0/data-0/containers/hdds
2022-05-17 16:33:59,373 [Listener at 127.0.0.1/36839] INFO  volume.StorageVolumeChecker (StorageVolumeChecker.java:checkAllVolumes(202)) - Scheduled health check for volume /home/runner/work/ozone/ozone/hadoop-ozone/integration-test/target/test-dir/MiniOzoneClusterImpl-f433c0cb-757b-452a-bd5e-bd62417e1d68/datanode-0/data-0/containers/hdds
2022-05-17 16:33:59,400 [Listener at 127.0.0.1/36839] INFO  volume.MutableVolumeSet (MutableVolumeSet.java:initializeVolumeSet(168)) - Added Volume : /home/runner/work/ozone/ozone/hadoop-ozone/integration-test/target/test-dir/MiniOzoneClusterImpl-f433c0cb-757b-452a-bd5e-bd62417e1d68/datanode-0/data/ratis to VolumeSet
2022-05-17 16:33:59,400 [Listener at 127.0.0.1/36839] INFO  volume.ThrottledAsyncChecker (ThrottledAsyncChecker.java:schedule(141)) - Scheduling a check for /home/runner/work/ozone/ozone/hadoop-ozone/integration-test/target/test-dir/MiniOzoneClusterImpl-f433c0cb-757b-452a-bd5e-bd62417e1d68/datanode-0/data/ratis
2022-05-17 16:33:59,410 [Listener at 127.0.0.1/36839] INFO  volume.StorageVolumeChecker (StorageVolumeChecker.java:checkAllVolumes(202)) - Scheduled health check for volume /home/runner/work/ozone/ozone/hadoop-ozone/integration-test/target/test-dir/MiniOzoneClusterImpl-f433c0cb-757b-452a-bd5e-bd62417e1d68/datanode-0/data/ratis
2022-05-17 16:33:59,430 [Thread-884] INFO  ozoneimpl.ContainerReader (ContainerReader.java:readVolume(172)) - Finish verifying containers on volume /home/runner/work/ozone/ozone/hadoop-ozone/integration-test/target/test-dir/MiniOzoneClusterImpl-f433c0cb-757b-452a-bd5e-bd62417e1d68/datanode-0/data-0/containers/hdds
2022-05-17 16:33:59,430 [Listener at 127.0.0.1/36839] INFO  ozoneimpl.OzoneContainer (OzoneContainer.java:buildContainerSet(257)) - Build ContainerSet costs 0s
2022-05-17 16:33:59,432 [Listener at 127.0.0.1/36839] INFO  server.RaftServer (ConfUtils.java:logGet(44)) - raft.rpc.type = GRPC (default)
2022-05-17 16:33:59,432 [Listener at 127.0.0.1/36839] INFO  grpc.GrpcFactory (GrpcFactory.java:checkPooledByteBufAllocatorUseCacheForAllThreads(48)) - PERFORMANCE WARNING: useCacheForAllThreads is true that may cause Netty to create a lot garbage objects and, as a result, trigger GC.
	It is recommended to disable useCacheForAllThreads by setting -Dorg.apache.ratis.thirdparty.io.netty.allocator.useCacheForAllThreads=false in command line.
2022-05-17 16:33:59,432 [Listener at 127.0.0.1/36839] INFO  grpc.GrpcConfigKeys (ConfUtils.java:logGet(44)) - raft.grpc.admin.port = 0 (custom)
2022-05-17 16:33:59,432 [Listener at 127.0.0.1/36839] INFO  grpc.GrpcConfigKeys (ConfUtils.java:logGet(44)) - raft.grpc.client.port = 0 (custom)
2022-05-17 16:33:59,433 [Listener at 127.0.0.1/36839] INFO  grpc.GrpcConfigKeys (ConfUtils.java:logGet(44)) - raft.grpc.server.port = 0 (default)
2022-05-17 16:33:59,433 [Listener at 127.0.0.1/36839] INFO  server.GrpcService (ConfUtils.java:logGet(44)) - raft.grpc.message.size.max = 32MB (=33554432) (custom)
2022-05-17 16:33:59,433 [Listener at 127.0.0.1/36839] INFO  server.RaftServerConfigKeys (ConfUtils.java:logGet(44)) - raft.server.log.appender.buffer.byte-limit = 33554432 (custom)
2022-05-17 16:33:59,433 [Listener at 127.0.0.1/36839] INFO  server.GrpcService (ConfUtils.java:logGet(44)) - raft.grpc.flow.control.window = 5MB (=5242880) (custom)
2022-05-17 16:33:59,441 [Listener at 127.0.0.1/36839] INFO  server.RaftServerConfigKeys (ConfUtils.java:logGet(44)) - raft.server.rpc.request.timeout = 60s (custom)
2022-05-17 16:33:59,443 [Listener at 127.0.0.1/36839] INFO  impl.DataStreamServerImpl (ConfUtils.java:logGet(44)) - raft.datastream.type = DISABLED (default)
2022-05-17 16:33:59,443 [Listener at 127.0.0.1/36839] INFO  server.RaftServerConfigKeys (ConfUtils.java:logGet(44)) - raft.server.rpc.slowness.timeout = 300s (custom)
2022-05-17 16:33:59,443 [Listener at 127.0.0.1/36839] INFO  server.RaftServerConfigKeys (ConfUtils.java:logGet(44)) - raft.server.leaderelection.leader.step-down.wait-time = 10s (default)
2022-05-17 16:33:59,443 [Listener at 127.0.0.1/36839] INFO  server.RaftServerConfigKeys (ConfUtils.java:logGet(44)) - raft.server.storage.dir = [/home/runner/work/ozone/ozone/hadoop-ozone/integration-test/target/test-dir/MiniOzoneClusterImpl-f433c0cb-757b-452a-bd5e-bd62417e1d68/datanode-0/data/ratis] (custom)
2022-05-17 16:33:59,444 [Listener at 127.0.0.1/36839] INFO  server.XceiverServerGrpc (XceiverServerGrpc.java:<init>(132)) - GrpcServer channel type EpollServerSocketChannel
2022-05-17 16:33:59,463 [Listener at 127.0.0.1/36839] INFO  http.BaseHttpServer (BaseHttpServer.java:newHttpServer2BuilderForOzone(209)) - Starting Web-server for hddsDatanode at: http://0.0.0.0:0
2022-05-17 16:33:59,463 [Listener at 127.0.0.1/36839] INFO  http.BaseHttpServer (BaseHttpServer.java:<init>(107)) - Hadoop Security Enabled: false Ozone Security Enabled: false Ozone HTTP Security Enabled: false 
2022-05-17 16:33:59,464 [Listener at 127.0.0.1/36839] INFO  server.AuthenticationFilter (AuthenticationFilter.java:constructSecretProvider(240)) - Unable to initialize FileSignerSecretProvider, falling back to use random secrets.
2022-05-17 16:33:59,466 [Listener at 127.0.0.1/36839] WARN  http.HttpRequestLog (HttpRequestLog.java:getRequestLog(103)) - Jetty request log can only be enabled using Log4j
2022-05-17 16:33:59,467 [Listener at 127.0.0.1/36839] INFO  http.HttpServer2 (HttpServer2.java:addGlobalFilter(1030)) - Added global filter 'safety' (class=org.apache.hadoop.hdds.server.http.HttpServer2$QuotingInputFilter)
2022-05-17 16:33:59,468 [Listener at 127.0.0.1/36839] INFO  http.HttpServer2 (HttpServer2.java:addFilter(1006)) - Added filter static_user_filter (class=org.apache.hadoop.http.lib.StaticUserWebFilter$StaticUserFilter) to context hddsDatanode
2022-05-17 16:33:59,468 [Listener at 127.0.0.1/36839] INFO  http.HttpServer2 (HttpServer2.java:addFilter(1014)) - Added filter static_user_filter (class=org.apache.hadoop.http.lib.StaticUserWebFilter$StaticUserFilter) to context static
2022-05-17 16:33:59,468 [Listener at 127.0.0.1/36839] INFO  http.HttpServer2 (HttpServer2.java:addFilter(1014)) - Added filter static_user_filter (class=org.apache.hadoop.http.lib.StaticUserWebFilter$StaticUserFilter) to context logs
2022-05-17 16:33:59,469 [Listener at 127.0.0.1/36839] INFO  http.HttpServer2 (HttpServer2.java:bindListener(1249)) - Jetty bound to port 34543
2022-05-17 16:33:59,469 [Listener at 127.0.0.1/36839] INFO  server.Server (Server.java:doStart(375)) - jetty-9.4.43.v20210629; built: 2021-06-30T11:07:22.254Z; git: 526006ecfa3af7f1a27ef3a288e2bef7ea9dd7e8; jvm 1.8.0_332-b09
2022-05-17 16:33:59,480 [Listener at 127.0.0.1/36839] INFO  server.session (DefaultSessionIdManager.java:doStart(334)) - DefaultSessionIdManager workerName=node0
2022-05-17 16:33:59,480 [Listener at 127.0.0.1/36839] INFO  server.session (DefaultSessionIdManager.java:doStart(339)) - No SessionScavenger set, using defaults
2022-05-17 16:33:59,480 [Listener at 127.0.0.1/36839] INFO  server.session (HouseKeeper.java:startScavenging(132)) - node0 Scavenging every 660000ms
2022-05-17 16:33:59,481 [Listener at 127.0.0.1/36839] INFO  handler.ContextHandler (ContextHandler.java:doStart(915)) - Started o.e.j.s.ServletContextHandler@4868a657{logs,/logs,file:///home/runner/work/ozone/ozone/hadoop-ozone/integration-test/target/log,AVAILABLE}
2022-05-17 16:33:59,482 [Listener at 127.0.0.1/36839] INFO  handler.ContextHandler (ContextHandler.java:doStart(915)) - Started o.e.j.s.ServletContextHandler@a1dbbf4{static,/static,jar:file:/home/runner/.m2/repository/org/apache/ozone/hdds-container-service/1.3.0-SNAPSHOT/hdds-container-service-1.3.0-SNAPSHOT.jar!/webapps/static,AVAILABLE}
2022-05-17 16:33:59,906 [Listener at 127.0.0.1/36839] INFO  handler.ContextHandler (ContextHandler.java:doStart(915)) - Started o.e.j.w.WebAppContext@29efc19e{hddsDatanode,/,file:///tmp/jetty-0_0_0_0-34543-hdds-container-service-1_3_0-SNAPSHOT_jar-_-any-4404541094225723332/webapp/,AVAILABLE}{jar:file:/home/runner/.m2/repository/org/apache/ozone/hdds-container-service/1.3.0-SNAPSHOT/hdds-container-service-1.3.0-SNAPSHOT.jar!/webapps/hddsDatanode}
2022-05-17 16:33:59,922 [Listener at 127.0.0.1/36839] INFO  server.AbstractConnector (AbstractConnector.java:doStart(331)) - Started ServerConnector@77071c0b{HTTP/1.1, (http/1.1)}{0.0.0.0:34543}
2022-05-17 16:33:59,922 [Listener at 127.0.0.1/36839] INFO  server.Server (Server.java:doStart(415)) - Started @121120ms
2022-05-17 16:33:59,922 [Listener at 127.0.0.1/36839] WARN  impl.MetricsSystemImpl (MetricsSystemImpl.java:register(279)) - Sink prometheus already exists!
2022-05-17 16:33:59,923 [Listener at 127.0.0.1/36839] INFO  http.BaseHttpServer (BaseHttpServer.java:updateConnectorAddress(329)) - HTTP server of hddsDatanode listening at http://0.0.0.0:34543
2022-05-17 16:33:59,924 [Listener at 127.0.0.1/36839] WARN  impl.MetricRegistriesImpl (MetricRegistriesImpl.java:addReporterRegistration(111)) - New reporters are added after registries were created. Some metrics will be missing from the reporter. Please add reporter before adding any new registry.
2022-05-17 16:33:59,924 [Listener at 127.0.0.1/36839] WARN  impl.MetricRegistriesImpl (MetricRegistriesImpl.java:addReporterRegistration(111)) - New reporters are added after registries were created. Some metrics will be missing from the reporter. Please add reporter before adding any new registry.
2022-05-17 16:33:59,924 [Listener at 127.0.0.1/36839] INFO  impl.MetricsSystemImpl (MetricsSystemImpl.java:init(158)) - HddsDatanode metrics system started (again)
2022-05-17 16:33:59,933 [Datanode State Machine Daemon Thread] INFO  statemachine.DatanodeStateMachine (DatanodeStateMachine.java:lambda$startDaemon$0(481)) - Ozone container server started.
2022-05-17 16:33:59,940 [Listener at 127.0.0.1/36839] INFO  ozone.HddsDatanodeService (HddsDatanodeService.java:start(236)) - HddsDatanodeService host:fv-az297-879.nmf1rxwemy4u5di1sxxf4ejcwb.jx.internal.cloudapp.net ip:10.1.0.54
2022-05-17 16:33:59,998 [Listener at 127.0.0.1/36839] INFO  upgrade.AbstractLayoutVersionManager (AbstractLayoutVersionManager.java:init(79)) - Initializing Layout version manager with metadata layout = ERASURE_CODED_STORAGE_SUPPORT (version = 3), software layout = ERASURE_CODED_STORAGE_SUPPORT (version = 3)
2022-05-17 16:34:00,011 [org.apache.hadoop.util.JvmPauseMonitor$Monitor@7d447a5b] INFO  util.JvmPauseMonitor (JvmPauseMonitor.java:run(188)) - Starting JVM pause monitor
2022-05-17 16:34:00,020 [Datanode State Machine Task Thread - 0] INFO  datanode.InitDatanodeState (InitDatanodeState.java:persistContainerDatanodeDetails(138)) - DatanodeDetails is persisted to /home/runner/work/ozone/ozone/hadoop-ozone/integration-test/target/test-dir/MiniOzoneClusterImpl-f433c0cb-757b-452a-bd5e-bd62417e1d68/datanode-0/meta/datanode.id
2022-05-17 16:34:00,070 [om1@group-C5BA1605619E-FollowerState] INFO  impl.FollowerState (FollowerState.java:run(134)) - om1@group-C5BA1605619E-FollowerState: change to CANDIDATE, lastRpcElapsedTime:1103246251ns, electionTimeout:1086ms
2022-05-17 16:34:00,070 [om1@group-C5BA1605619E-FollowerState] INFO  impl.RoleInfo (RoleInfo.java:shutdownFollowerState(108)) - om1: shutdown om1@group-C5BA1605619E-FollowerState
2022-05-17 16:34:00,070 [om1@group-C5BA1605619E-FollowerState] INFO  server.RaftServer$Division (RaftServerImpl.java:setRole(290)) - om1@group-C5BA1605619E: changes role from  FOLLOWER to CANDIDATE at term 0 for changeToCandidate
2022-05-17 16:34:00,070 [om1@group-C5BA1605619E-FollowerState] INFO  server.RaftServerConfigKeys (ConfUtils.java:logGet(44)) - raft.server.leaderelection.pre-vote = false (custom)
2022-05-17 16:34:00,070 [om1@group-C5BA1605619E-FollowerState] INFO  impl.RoleInfo (RoleInfo.java:updateAndGet(130)) - om1: start om1@group-C5BA1605619E-LeaderElection28
2022-05-17 16:34:00,108 [om1@group-C5BA1605619E-LeaderElection28] INFO  impl.LeaderElection (LeaderElection.java:askForVotes(306)) - om1@group-C5BA1605619E-LeaderElection28 ELECTION round 0: submit vote requests at term 1 for -1: [om1|rpc:localhost:9872|priority:0], old=null
2022-05-17 16:34:00,108 [om1@group-C5BA1605619E-LeaderElection28] INFO  impl.LeaderElection (LeaderElection.java:askForVotes(308)) - om1@group-C5BA1605619E-LeaderElection28 ELECTION round 0: result PASSED (term=1)
2022-05-17 16:34:00,108 [om1@group-C5BA1605619E-LeaderElection28] INFO  impl.RoleInfo (RoleInfo.java:shutdownLeaderElection(121)) - om1: shutdown om1@group-C5BA1605619E-LeaderElection28
2022-05-17 16:34:00,108 [om1@group-C5BA1605619E-LeaderElection28] INFO  server.RaftServer$Division (RaftServerImpl.java:setRole(290)) - om1@group-C5BA1605619E: changes role from CANDIDATE to LEADER at term 1 for changeToLeader
2022-05-17 16:34:00,108 [om1@group-C5BA1605619E-LeaderElection28] INFO  server.RaftServer$Division (ServerState.java:setLeader(285)) - om1@group-C5BA1605619E: change Leader from null to om1 at term 1 for becomeLeader, leader elected after 2404ms
2022-05-17 16:34:00,108 [om1@group-C5BA1605619E-LeaderElection28] INFO  server.RaftServerConfigKeys (ConfUtils.java:logGet(44)) - raft.server.staging.catchup.gap = 1000 (default)
2022-05-17 16:34:00,109 [om1@group-C5BA1605619E-LeaderElection28] INFO  server.RaftServerConfigKeys (ConfUtils.java:logGet(44)) - raft.server.write.element-limit = 4096 (default)
2022-05-17 16:34:00,109 [om1@group-C5BA1605619E-LeaderElection28] INFO  server.RaftServerConfigKeys (ConfUtils.java:logGet(44)) - raft.server.write.byte-limit = 64MB (=67108864) (default)
2022-05-17 16:34:00,109 [om1@group-C5BA1605619E-LeaderElection28] INFO  server.RaftServerConfigKeys (ConfUtils.java:logGet(44)) - raft.server.watch.timeout = 10s (default)
2022-05-17 16:34:00,109 [om1@group-C5BA1605619E-LeaderElection28] INFO  server.RaftServerConfigKeys (ConfUtils.java:logGet(44)) - raft.server.watch.timeout.denomination = 1s (default)
2022-05-17 16:34:00,109 [om1@group-C5BA1605619E-LeaderElection28] INFO  server.RaftServerConfigKeys (ConfUtils.java:logGet(44)) - raft.server.watch.element-limit = 65536 (default)
2022-05-17 16:34:00,109 [om1@group-C5BA1605619E-LeaderElection28] INFO  server.RaftServerConfigKeys (ConfUtils.java:logGet(44)) - raft.server.write.element-limit = 4096 (default)
2022-05-17 16:34:00,109 [om1@group-C5BA1605619E-LeaderElection28] INFO  server.RaftServerConfigKeys (ConfUtils.java:logGet(44)) - raft.server.write.follower.gap.ratio.max = -1.0 (default)
2022-05-17 16:34:00,109 [om1@group-C5BA1605619E-LeaderElection28] INFO  impl.RoleInfo (RoleInfo.java:updateAndGet(130)) - om1: start om1@group-C5BA1605619E-LeaderStateImpl
2022-05-17 16:34:00,110 [om1@group-C5BA1605619E-LeaderElection28] INFO  segmented.SegmentedRaftLogWorker (SegmentedRaftLogWorker.java:startLogSegment(394)) - om1@group-C5BA1605619E-SegmentedRaftLogWorker: Starting segment from index:0
2022-05-17 16:34:00,121 [om1@group-C5BA1605619E-SegmentedRaftLogWorker] INFO  segmented.SegmentedRaftLogWorker (SegmentedRaftLogWorker.java:execute(601)) - om1@group-C5BA1605619E-SegmentedRaftLogWorker: created new log segment /home/runner/work/ozone/ozone/hadoop-ozone/integration-test/target/test-dir/MiniOzoneClusterImpl-f433c0cb-757b-452a-bd5e-bd62417e1d68/ozone-meta/ratis/bf265839-605b-3f16-9796-c5ba1605619e/current/log_inprogress_0
2022-05-17 16:34:00,140 [om1@group-C5BA1605619E-LeaderElection28] INFO  server.RaftServer$Division (ServerState.java:setRaftConf(387)) - om1@group-C5BA1605619E: set configuration 0: [om1|rpc:localhost:9872|admin:|client:|dataStream:|priority:0], old=null
2022-05-17 16:34:00,142 [Listener at 127.0.0.1/36839] INFO  reflections.Reflections (Reflections.java:scan(232)) - Reflections took 143 ms to scan 7 urls, producing 127 keys and 292 values 
2022-05-17 16:34:00,151 [Listener at 127.0.0.1/36839] INFO  statemachine.DatanodeStateMachine (DatanodeStateMachine.java:getEndPointTaskThreadPoolSize(233)) - Datanode State Machine Task Thread Pool size 2
2022-05-17 16:34:00,152 [Listener at 127.0.0.1/36839] INFO  volume.HddsVolume (HddsVolume.java:<init>(120)) - Creating HddsVolume: /home/runner/work/ozone/ozone/hadoop-ozone/integration-test/target/test-dir/MiniOzoneClusterImpl-f433c0cb-757b-452a-bd5e-bd62417e1d68/datanode-1/data-0/containers/hdds of storage type : DISK capacity : 9223372036854775807
2022-05-17 16:34:00,152 [Listener at 127.0.0.1/36839] INFO  volume.MutableVolumeSet (MutableVolumeSet.java:initializeVolumeSet(168)) - Added Volume : /home/runner/work/ozone/ozone/hadoop-ozone/integration-test/target/test-dir/MiniOzoneClusterImpl-f433c0cb-757b-452a-bd5e-bd62417e1d68/datanode-1/data-0/containers/hdds to VolumeSet
2022-05-17 16:34:00,152 [Listener at 127.0.0.1/36839] INFO  volume.ThrottledAsyncChecker (ThrottledAsyncChecker.java:schedule(141)) - Scheduling a check for /home/runner/work/ozone/ozone/hadoop-ozone/integration-test/target/test-dir/MiniOzoneClusterImpl-f433c0cb-757b-452a-bd5e-bd62417e1d68/datanode-1/data-0/containers/hdds
2022-05-17 16:34:00,154 [om1@group-C5BA1605619E-StateMachineUpdater] INFO  ratis.OzoneManagerStateMachine (OzoneManagerStateMachine.java:notifyConfigurationChanged(191)) - Received Configuration change notification from Ratis. New Peer list:
[id: "om1"
address: "localhost:9872"
]
2022-05-17 16:34:00,156 [Listener at 127.0.0.1/36839] INFO  volume.StorageVolumeChecker (StorageVolumeChecker.java:checkAllVolumes(202)) - Scheduled health check for volume /home/runner/work/ozone/ozone/hadoop-ozone/integration-test/target/test-dir/MiniOzoneClusterImpl-f433c0cb-757b-452a-bd5e-bd62417e1d68/datanode-1/data-0/containers/hdds
2022-05-17 16:34:00,172 [Listener at 127.0.0.1/36839] INFO  volume.MutableVolumeSet (MutableVolumeSet.java:initializeVolumeSet(168)) - Added Volume : /home/runner/work/ozone/ozone/hadoop-ozone/integration-test/target/test-dir/MiniOzoneClusterImpl-f433c0cb-757b-452a-bd5e-bd62417e1d68/datanode-1/data/ratis to VolumeSet
2022-05-17 16:34:00,172 [Listener at 127.0.0.1/36839] INFO  volume.ThrottledAsyncChecker (ThrottledAsyncChecker.java:schedule(141)) - Scheduling a check for /home/runner/work/ozone/ozone/hadoop-ozone/integration-test/target/test-dir/MiniOzoneClusterImpl-f433c0cb-757b-452a-bd5e-bd62417e1d68/datanode-1/data/ratis
2022-05-17 16:34:00,180 [Listener at 127.0.0.1/36839] INFO  volume.StorageVolumeChecker (StorageVolumeChecker.java:checkAllVolumes(202)) - Scheduled health check for volume /home/runner/work/ozone/ozone/hadoop-ozone/integration-test/target/test-dir/MiniOzoneClusterImpl-f433c0cb-757b-452a-bd5e-bd62417e1d68/datanode-1/data/ratis
2022-05-17 16:34:00,198 [Thread-898] INFO  ozoneimpl.ContainerReader (ContainerReader.java:readVolume(172)) - Finish verifying containers on volume /home/runner/work/ozone/ozone/hadoop-ozone/integration-test/target/test-dir/MiniOzoneClusterImpl-f433c0cb-757b-452a-bd5e-bd62417e1d68/datanode-1/data-0/containers/hdds
2022-05-17 16:34:00,198 [Listener at 127.0.0.1/36839] INFO  ozoneimpl.OzoneContainer (OzoneContainer.java:buildContainerSet(257)) - Build ContainerSet costs 0s
2022-05-17 16:34:00,199 [Listener at 127.0.0.1/36839] INFO  server.RaftServer (ConfUtils.java:logGet(44)) - raft.rpc.type = GRPC (default)
2022-05-17 16:34:00,200 [Listener at 127.0.0.1/36839] INFO  grpc.GrpcFactory (GrpcFactory.java:checkPooledByteBufAllocatorUseCacheForAllThreads(48)) - PERFORMANCE WARNING: useCacheForAllThreads is true that may cause Netty to create a lot garbage objects and, as a result, trigger GC.
	It is recommended to disable useCacheForAllThreads by setting -Dorg.apache.ratis.thirdparty.io.netty.allocator.useCacheForAllThreads=false in command line.
2022-05-17 16:34:00,200 [Listener at 127.0.0.1/36839] INFO  grpc.GrpcConfigKeys (ConfUtils.java:logGet(44)) - raft.grpc.admin.port = 0 (custom)
2022-05-17 16:34:00,200 [Listener at 127.0.0.1/36839] INFO  grpc.GrpcConfigKeys (ConfUtils.java:logGet(44)) - raft.grpc.client.port = 0 (custom)
2022-05-17 16:34:00,201 [Listener at 127.0.0.1/36839] INFO  grpc.GrpcConfigKeys (ConfUtils.java:logGet(44)) - raft.grpc.server.port = 0 (default)
2022-05-17 16:34:00,201 [Listener at 127.0.0.1/36839] INFO  server.GrpcService (ConfUtils.java:logGet(44)) - raft.grpc.message.size.max = 32MB (=33554432) (custom)
2022-05-17 16:34:00,202 [Listener at 127.0.0.1/36839] INFO  server.RaftServerConfigKeys (ConfUtils.java:logGet(44)) - raft.server.log.appender.buffer.byte-limit = 33554432 (custom)
2022-05-17 16:34:00,202 [Listener at 127.0.0.1/36839] INFO  server.GrpcService (ConfUtils.java:logGet(44)) - raft.grpc.flow.control.window = 5MB (=5242880) (custom)
2022-05-17 16:34:00,202 [Listener at 127.0.0.1/36839] INFO  server.RaftServerConfigKeys (ConfUtils.java:logGet(44)) - raft.server.rpc.request.timeout = 60s (custom)
2022-05-17 16:34:00,203 [Listener at 127.0.0.1/36839] INFO  impl.DataStreamServerImpl (ConfUtils.java:logGet(44)) - raft.datastream.type = DISABLED (default)
2022-05-17 16:34:00,203 [Listener at 127.0.0.1/36839] INFO  server.RaftServerConfigKeys (ConfUtils.java:logGet(44)) - raft.server.rpc.slowness.timeout = 300s (custom)
2022-05-17 16:34:00,203 [Listener at 127.0.0.1/36839] INFO  server.RaftServerConfigKeys (ConfUtils.java:logGet(44)) - raft.server.leaderelection.leader.step-down.wait-time = 10s (default)
2022-05-17 16:34:00,203 [Listener at 127.0.0.1/36839] INFO  server.RaftServerConfigKeys (ConfUtils.java:logGet(44)) - raft.server.storage.dir = [/home/runner/work/ozone/ozone/hadoop-ozone/integration-test/target/test-dir/MiniOzoneClusterImpl-f433c0cb-757b-452a-bd5e-bd62417e1d68/datanode-1/data/ratis] (custom)
2022-05-17 16:34:00,205 [Listener at 127.0.0.1/36839] INFO  server.XceiverServerGrpc (XceiverServerGrpc.java:<init>(132)) - GrpcServer channel type EpollServerSocketChannel
2022-05-17 16:34:00,207 [Listener at 127.0.0.1/36839] INFO  http.BaseHttpServer (BaseHttpServer.java:newHttpServer2BuilderForOzone(209)) - Starting Web-server for hddsDatanode at: http://0.0.0.0:0
2022-05-17 16:34:00,207 [Listener at 127.0.0.1/36839] INFO  http.BaseHttpServer (BaseHttpServer.java:<init>(107)) - Hadoop Security Enabled: false Ozone Security Enabled: false Ozone HTTP Security Enabled: false 
2022-05-17 16:34:00,208 [Listener at 127.0.0.1/36839] INFO  server.AuthenticationFilter (AuthenticationFilter.java:constructSecretProvider(240)) - Unable to initialize FileSignerSecretProvider, falling back to use random secrets.
2022-05-17 16:34:00,209 [Listener at 127.0.0.1/36839] WARN  http.HttpRequestLog (HttpRequestLog.java:getRequestLog(103)) - Jetty request log can only be enabled using Log4j
2022-05-17 16:34:00,210 [Listener at 127.0.0.1/36839] INFO  http.HttpServer2 (HttpServer2.java:addGlobalFilter(1030)) - Added global filter 'safety' (class=org.apache.hadoop.hdds.server.http.HttpServer2$QuotingInputFilter)
2022-05-17 16:34:00,210 [Listener at 127.0.0.1/36839] INFO  http.HttpServer2 (HttpServer2.java:addFilter(1006)) - Added filter static_user_filter (class=org.apache.hadoop.http.lib.StaticUserWebFilter$StaticUserFilter) to context hddsDatanode
2022-05-17 16:34:00,211 [Listener at 127.0.0.1/36839] INFO  http.HttpServer2 (HttpServer2.java:addFilter(1014)) - Added filter static_user_filter (class=org.apache.hadoop.http.lib.StaticUserWebFilter$StaticUserFilter) to context static
2022-05-17 16:34:00,211 [Listener at 127.0.0.1/36839] INFO  http.HttpServer2 (HttpServer2.java:addFilter(1014)) - Added filter static_user_filter (class=org.apache.hadoop.http.lib.StaticUserWebFilter$StaticUserFilter) to context logs
2022-05-17 16:34:00,212 [Listener at 127.0.0.1/36839] INFO  http.HttpServer2 (HttpServer2.java:bindListener(1249)) - Jetty bound to port 35225
2022-05-17 16:34:00,212 [Listener at 127.0.0.1/36839] INFO  server.Server (Server.java:doStart(375)) - jetty-9.4.43.v20210629; built: 2021-06-30T11:07:22.254Z; git: 526006ecfa3af7f1a27ef3a288e2bef7ea9dd7e8; jvm 1.8.0_332-b09
2022-05-17 16:34:00,214 [Listener at 127.0.0.1/36839] INFO  server.session (DefaultSessionIdManager.java:doStart(334)) - DefaultSessionIdManager workerName=node0
2022-05-17 16:34:00,214 [Listener at 127.0.0.1/36839] INFO  server.session (DefaultSessionIdManager.java:doStart(339)) - No SessionScavenger set, using defaults
2022-05-17 16:34:00,214 [Listener at 127.0.0.1/36839] INFO  server.session (HouseKeeper.java:startScavenging(132)) - node0 Scavenging every 660000ms
2022-05-17 16:34:00,215 [Listener at 127.0.0.1/36839] INFO  handler.ContextHandler (ContextHandler.java:doStart(915)) - Started o.e.j.s.ServletContextHandler@60fa2204{logs,/logs,file:///home/runner/work/ozone/ozone/hadoop-ozone/integration-test/target/log,AVAILABLE}
2022-05-17 16:34:00,216 [Listener at 127.0.0.1/36839] INFO  handler.ContextHandler (ContextHandler.java:doStart(915)) - Started o.e.j.s.ServletContextHandler@57accba6{static,/static,jar:file:/home/runner/.m2/repository/org/apache/ozone/hdds-container-service/1.3.0-SNAPSHOT/hdds-container-service-1.3.0-SNAPSHOT.jar!/webapps/static,AVAILABLE}
2022-05-17 16:34:00,615 [Listener at 127.0.0.1/36839] INFO  handler.ContextHandler (ContextHandler.java:doStart(915)) - Started o.e.j.w.WebAppContext@68a2b38e{hddsDatanode,/,file:///tmp/jetty-0_0_0_0-35225-hdds-container-service-1_3_0-SNAPSHOT_jar-_-any-5917213041617141369/webapp/,AVAILABLE}{jar:file:/home/runner/.m2/repository/org/apache/ozone/hdds-container-service/1.3.0-SNAPSHOT/hdds-container-service-1.3.0-SNAPSHOT.jar!/webapps/hddsDatanode}
2022-05-17 16:34:00,622 [Listener at 127.0.0.1/36839] INFO  server.AbstractConnector (AbstractConnector.java:doStart(331)) - Started ServerConnector@4b378607{HTTP/1.1, (http/1.1)}{0.0.0.0:35225}
2022-05-17 16:34:00,622 [Listener at 127.0.0.1/36839] INFO  server.Server (Server.java:doStart(415)) - Started @121820ms
2022-05-17 16:34:00,622 [Listener at 127.0.0.1/36839] WARN  impl.MetricsSystemImpl (MetricsSystemImpl.java:register(279)) - Sink prometheus already exists!
2022-05-17 16:34:00,630 [Listener at 127.0.0.1/36839] INFO  http.BaseHttpServer (BaseHttpServer.java:updateConnectorAddress(329)) - HTTP server of hddsDatanode listening at http://0.0.0.0:35225
2022-05-17 16:34:00,632 [Listener at 127.0.0.1/36839] WARN  impl.MetricRegistriesImpl (MetricRegistriesImpl.java:addReporterRegistration(111)) - New reporters are added after registries were created. Some metrics will be missing from the reporter. Please add reporter before adding any new registry.
2022-05-17 16:34:00,633 [Listener at 127.0.0.1/36839] WARN  impl.MetricRegistriesImpl (MetricRegistriesImpl.java:addReporterRegistration(111)) - New reporters are added after registries were created. Some metrics will be missing from the reporter. Please add reporter before adding any new registry.
2022-05-17 16:34:00,633 [Listener at 127.0.0.1/36839] INFO  impl.MetricsSystemImpl (MetricsSystemImpl.java:init(158)) - HddsDatanode metrics system started (again)
2022-05-17 16:34:00,658 [Datanode State Machine Daemon Thread] INFO  statemachine.DatanodeStateMachine (DatanodeStateMachine.java:lambda$startDaemon$0(481)) - Ozone container server started.
2022-05-17 16:34:00,674 [org.apache.hadoop.util.JvmPauseMonitor$Monitor@7f45f3eb] INFO  util.JvmPauseMonitor (JvmPauseMonitor.java:run(188)) - Starting JVM pause monitor
2022-05-17 16:34:00,676 [Listener at 127.0.0.1/36839] INFO  ozone.HddsDatanodeService (HddsDatanodeService.java:start(236)) - HddsDatanodeService host:fv-az297-879.nmf1rxwemy4u5di1sxxf4ejcwb.jx.internal.cloudapp.net ip:10.1.0.54
2022-05-17 16:34:00,718 [Datanode State Machine Task Thread - 0] INFO  datanode.InitDatanodeState (InitDatanodeState.java:persistContainerDatanodeDetails(138)) - DatanodeDetails is persisted to /home/runner/work/ozone/ozone/hadoop-ozone/integration-test/target/test-dir/MiniOzoneClusterImpl-f433c0cb-757b-452a-bd5e-bd62417e1d68/datanode-1/meta/datanode.id
2022-05-17 16:34:00,764 [Listener at 127.0.0.1/36839] INFO  upgrade.AbstractLayoutVersionManager (AbstractLayoutVersionManager.java:init(79)) - Initializing Layout version manager with metadata layout = ERASURE_CODED_STORAGE_SUPPORT (version = 3), software layout = ERASURE_CODED_STORAGE_SUPPORT (version = 3)
2022-05-17 16:34:00,909 [Listener at 127.0.0.1/36839] INFO  reflections.Reflections (Reflections.java:scan(232)) - Reflections took 142 ms to scan 7 urls, producing 127 keys and 292 values 
2022-05-17 16:34:00,947 [Listener at 127.0.0.1/36839] INFO  statemachine.DatanodeStateMachine (DatanodeStateMachine.java:getEndPointTaskThreadPoolSize(233)) - Datanode State Machine Task Thread Pool size 2
2022-05-17 16:34:00,959 [Listener at 127.0.0.1/36839] INFO  volume.HddsVolume (HddsVolume.java:<init>(120)) - Creating HddsVolume: /home/runner/work/ozone/ozone/hadoop-ozone/integration-test/target/test-dir/MiniOzoneClusterImpl-f433c0cb-757b-452a-bd5e-bd62417e1d68/datanode-2/data-0/containers/hdds of storage type : DISK capacity : 9223372036854775807
2022-05-17 16:34:00,959 [Listener at 127.0.0.1/36839] INFO  volume.MutableVolumeSet (MutableVolumeSet.java:initializeVolumeSet(168)) - Added Volume : /home/runner/work/ozone/ozone/hadoop-ozone/integration-test/target/test-dir/MiniOzoneClusterImpl-f433c0cb-757b-452a-bd5e-bd62417e1d68/datanode-2/data-0/containers/hdds to VolumeSet
2022-05-17 16:34:00,959 [Listener at 127.0.0.1/36839] INFO  volume.ThrottledAsyncChecker (ThrottledAsyncChecker.java:schedule(141)) - Scheduling a check for /home/runner/work/ozone/ozone/hadoop-ozone/integration-test/target/test-dir/MiniOzoneClusterImpl-f433c0cb-757b-452a-bd5e-bd62417e1d68/datanode-2/data-0/containers/hdds
2022-05-17 16:34:00,968 [Listener at 127.0.0.1/36839] INFO  volume.StorageVolumeChecker (StorageVolumeChecker.java:checkAllVolumes(202)) - Scheduled health check for volume /home/runner/work/ozone/ozone/hadoop-ozone/integration-test/target/test-dir/MiniOzoneClusterImpl-f433c0cb-757b-452a-bd5e-bd62417e1d68/datanode-2/data-0/containers/hdds
2022-05-17 16:34:00,986 [Listener at 127.0.0.1/36839] INFO  volume.MutableVolumeSet (MutableVolumeSet.java:initializeVolumeSet(168)) - Added Volume : /home/runner/work/ozone/ozone/hadoop-ozone/integration-test/target/test-dir/MiniOzoneClusterImpl-f433c0cb-757b-452a-bd5e-bd62417e1d68/datanode-2/data/ratis to VolumeSet
2022-05-17 16:34:00,987 [Listener at 127.0.0.1/36839] INFO  volume.ThrottledAsyncChecker (ThrottledAsyncChecker.java:schedule(141)) - Scheduling a check for /home/runner/work/ozone/ozone/hadoop-ozone/integration-test/target/test-dir/MiniOzoneClusterImpl-f433c0cb-757b-452a-bd5e-bd62417e1d68/datanode-2/data/ratis
2022-05-17 16:34:00,990 [Listener at 127.0.0.1/36839] INFO  volume.StorageVolumeChecker (StorageVolumeChecker.java:checkAllVolumes(202)) - Scheduled health check for volume /home/runner/work/ozone/ozone/hadoop-ozone/integration-test/target/test-dir/MiniOzoneClusterImpl-f433c0cb-757b-452a-bd5e-bd62417e1d68/datanode-2/data/ratis
2022-05-17 16:34:01,002 [Thread-910] INFO  ozoneimpl.ContainerReader (ContainerReader.java:readVolume(172)) - Finish verifying containers on volume /home/runner/work/ozone/ozone/hadoop-ozone/integration-test/target/test-dir/MiniOzoneClusterImpl-f433c0cb-757b-452a-bd5e-bd62417e1d68/datanode-2/data-0/containers/hdds
2022-05-17 16:34:01,003 [Listener at 127.0.0.1/36839] INFO  ozoneimpl.OzoneContainer (OzoneContainer.java:buildContainerSet(257)) - Build ContainerSet costs 0s
2022-05-17 16:34:01,005 [Listener at 127.0.0.1/36839] INFO  server.RaftServer (ConfUtils.java:logGet(44)) - raft.rpc.type = GRPC (default)
2022-05-17 16:34:01,005 [Listener at 127.0.0.1/36839] INFO  grpc.GrpcFactory (GrpcFactory.java:checkPooledByteBufAllocatorUseCacheForAllThreads(48)) - PERFORMANCE WARNING: useCacheForAllThreads is true that may cause Netty to create a lot garbage objects and, as a result, trigger GC.
	It is recommended to disable useCacheForAllThreads by setting -Dorg.apache.ratis.thirdparty.io.netty.allocator.useCacheForAllThreads=false in command line.
2022-05-17 16:34:01,005 [Listener at 127.0.0.1/36839] INFO  grpc.GrpcConfigKeys (ConfUtils.java:logGet(44)) - raft.grpc.admin.port = 0 (custom)
2022-05-17 16:34:01,005 [Listener at 127.0.0.1/36839] INFO  grpc.GrpcConfigKeys (ConfUtils.java:logGet(44)) - raft.grpc.client.port = 0 (custom)
2022-05-17 16:34:01,006 [Listener at 127.0.0.1/36839] INFO  grpc.GrpcConfigKeys (ConfUtils.java:logGet(44)) - raft.grpc.server.port = 0 (default)
2022-05-17 16:34:01,006 [Listener at 127.0.0.1/36839] INFO  server.GrpcService (ConfUtils.java:logGet(44)) - raft.grpc.message.size.max = 32MB (=33554432) (custom)
2022-05-17 16:34:01,006 [Listener at 127.0.0.1/36839] INFO  server.RaftServerConfigKeys (ConfUtils.java:logGet(44)) - raft.server.log.appender.buffer.byte-limit = 33554432 (custom)
2022-05-17 16:34:01,006 [Listener at 127.0.0.1/36839] INFO  server.GrpcService (ConfUtils.java:logGet(44)) - raft.grpc.flow.control.window = 5MB (=5242880) (custom)
2022-05-17 16:34:01,007 [Listener at 127.0.0.1/36839] INFO  server.RaftServerConfigKeys (ConfUtils.java:logGet(44)) - raft.server.rpc.request.timeout = 60s (custom)
2022-05-17 16:34:01,008 [Listener at 127.0.0.1/36839] INFO  impl.DataStreamServerImpl (ConfUtils.java:logGet(44)) - raft.datastream.type = DISABLED (default)
2022-05-17 16:34:01,008 [Listener at 127.0.0.1/36839] INFO  server.RaftServerConfigKeys (ConfUtils.java:logGet(44)) - raft.server.rpc.slowness.timeout = 300s (custom)
2022-05-17 16:34:01,008 [Listener at 127.0.0.1/36839] INFO  server.RaftServerConfigKeys (ConfUtils.java:logGet(44)) - raft.server.leaderelection.leader.step-down.wait-time = 10s (default)
2022-05-17 16:34:01,009 [Listener at 127.0.0.1/36839] INFO  server.RaftServerConfigKeys (ConfUtils.java:logGet(44)) - raft.server.storage.dir = [/home/runner/work/ozone/ozone/hadoop-ozone/integration-test/target/test-dir/MiniOzoneClusterImpl-f433c0cb-757b-452a-bd5e-bd62417e1d68/datanode-2/data/ratis] (custom)
2022-05-17 16:34:01,024 [Listener at 127.0.0.1/36839] INFO  server.XceiverServerGrpc (XceiverServerGrpc.java:<init>(132)) - GrpcServer channel type EpollServerSocketChannel
2022-05-17 16:34:01,028 [Listener at 127.0.0.1/36839] INFO  http.BaseHttpServer (BaseHttpServer.java:newHttpServer2BuilderForOzone(209)) - Starting Web-server for hddsDatanode at: http://0.0.0.0:0
2022-05-17 16:34:01,028 [Listener at 127.0.0.1/36839] INFO  http.BaseHttpServer (BaseHttpServer.java:<init>(107)) - Hadoop Security Enabled: false Ozone Security Enabled: false Ozone HTTP Security Enabled: false 
2022-05-17 16:34:01,034 [Listener at 127.0.0.1/36839] INFO  server.AuthenticationFilter (AuthenticationFilter.java:constructSecretProvider(240)) - Unable to initialize FileSignerSecretProvider, falling back to use random secrets.
2022-05-17 16:34:01,034 [Listener at 127.0.0.1/36839] WARN  http.HttpRequestLog (HttpRequestLog.java:getRequestLog(103)) - Jetty request log can only be enabled using Log4j
2022-05-17 16:34:01,035 [Listener at 127.0.0.1/36839] INFO  http.HttpServer2 (HttpServer2.java:addGlobalFilter(1030)) - Added global filter 'safety' (class=org.apache.hadoop.hdds.server.http.HttpServer2$QuotingInputFilter)
2022-05-17 16:34:01,036 [Listener at 127.0.0.1/36839] INFO  http.HttpServer2 (HttpServer2.java:addFilter(1006)) - Added filter static_user_filter (class=org.apache.hadoop.http.lib.StaticUserWebFilter$StaticUserFilter) to context hddsDatanode
2022-05-17 16:34:01,036 [Listener at 127.0.0.1/36839] INFO  http.HttpServer2 (HttpServer2.java:addFilter(1014)) - Added filter static_user_filter (class=org.apache.hadoop.http.lib.StaticUserWebFilter$StaticUserFilter) to context logs
2022-05-17 16:34:01,036 [Listener at 127.0.0.1/36839] INFO  http.HttpServer2 (HttpServer2.java:addFilter(1014)) - Added filter static_user_filter (class=org.apache.hadoop.http.lib.StaticUserWebFilter$StaticUserFilter) to context static
2022-05-17 16:34:01,037 [Listener at 127.0.0.1/36839] INFO  http.HttpServer2 (HttpServer2.java:bindListener(1249)) - Jetty bound to port 34477
2022-05-17 16:34:01,037 [Listener at 127.0.0.1/36839] INFO  server.Server (Server.java:doStart(375)) - jetty-9.4.43.v20210629; built: 2021-06-30T11:07:22.254Z; git: 526006ecfa3af7f1a27ef3a288e2bef7ea9dd7e8; jvm 1.8.0_332-b09
2022-05-17 16:34:01,103 [Listener at 127.0.0.1/36839] INFO  server.session (DefaultSessionIdManager.java:doStart(334)) - DefaultSessionIdManager workerName=node0
2022-05-17 16:34:01,103 [Listener at 127.0.0.1/36839] INFO  server.session (DefaultSessionIdManager.java:doStart(339)) - No SessionScavenger set, using defaults
2022-05-17 16:34:01,120 [Listener at 127.0.0.1/36839] INFO  server.session (HouseKeeper.java:startScavenging(132)) - node0 Scavenging every 660000ms
2022-05-17 16:34:01,134 [Listener at 127.0.0.1/36839] INFO  handler.ContextHandler (ContextHandler.java:doStart(915)) - Started o.e.j.s.ServletContextHandler@46d50b32{logs,/logs,file:///home/runner/work/ozone/ozone/hadoop-ozone/integration-test/target/log,AVAILABLE}
2022-05-17 16:34:01,134 [Listener at 127.0.0.1/36839] INFO  handler.ContextHandler (ContextHandler.java:doStart(915)) - Started o.e.j.s.ServletContextHandler@166dcee7{static,/static,jar:file:/home/runner/.m2/repository/org/apache/ozone/hdds-container-service/1.3.0-SNAPSHOT/hdds-container-service-1.3.0-SNAPSHOT.jar!/webapps/static,AVAILABLE}
2022-05-17 16:34:01,804 [Listener at 127.0.0.1/36839] INFO  handler.ContextHandler (ContextHandler.java:doStart(915)) - Started o.e.j.w.WebAppContext@8161366{hddsDatanode,/,file:///tmp/jetty-0_0_0_0-34477-hdds-container-service-1_3_0-SNAPSHOT_jar-_-any-3758636472638554113/webapp/,AVAILABLE}{jar:file:/home/runner/.m2/repository/org/apache/ozone/hdds-container-service/1.3.0-SNAPSHOT/hdds-container-service-1.3.0-SNAPSHOT.jar!/webapps/hddsDatanode}
2022-05-17 16:34:01,854 [Listener at 127.0.0.1/36839] INFO  server.AbstractConnector (AbstractConnector.java:doStart(331)) - Started ServerConnector@5d32abce{HTTP/1.1, (http/1.1)}{0.0.0.0:34477}
2022-05-17 16:34:01,855 [Listener at 127.0.0.1/36839] INFO  server.Server (Server.java:doStart(415)) - Started @123052ms
2022-05-17 16:34:01,855 [Listener at 127.0.0.1/36839] WARN  impl.MetricsSystemImpl (MetricsSystemImpl.java:register(279)) - Sink prometheus already exists!
2022-05-17 16:34:01,861 [Listener at 127.0.0.1/36839] INFO  http.BaseHttpServer (BaseHttpServer.java:updateConnectorAddress(329)) - HTTP server of hddsDatanode listening at http://0.0.0.0:34477
2022-05-17 16:34:01,862 [Listener at 127.0.0.1/36839] INFO  ozone.MiniOzoneClusterImpl (MiniOzoneClusterImpl.java:lambda$waitForClusterToBeReady$0(221)) - Waiting for nodes to be ready. Got 0 of 3 DN Heartbeats.
2022-05-17 16:34:01,862 [Listener at 127.0.0.1/36839] INFO  ozone.MiniOzoneClusterImpl (MiniOzoneClusterImpl.java:lambda$waitForClusterToBeReady$0(224)) - Waiting for cluster to exit safe mode
2022-05-17 16:34:01,862 [Listener at 127.0.0.1/36839] INFO  ozone.MiniOzoneClusterImpl (MiniOzoneClusterImpl.java:lambda$waitForClusterToBeReady$0(226)) - SCM became leader
2022-05-17 16:34:01,862 [Datanode State Machine Daemon Thread] INFO  statemachine.DatanodeStateMachine (DatanodeStateMachine.java:lambda$startDaemon$0(481)) - Ozone container server started.
2022-05-17 16:34:01,894 [org.apache.hadoop.util.JvmPauseMonitor$Monitor@3680c897] INFO  util.JvmPauseMonitor (JvmPauseMonitor.java:run(188)) - Starting JVM pause monitor
2022-05-17 16:34:01,899 [Datanode State Machine Task Thread - 0] INFO  datanode.InitDatanodeState (InitDatanodeState.java:persistContainerDatanodeDetails(138)) - DatanodeDetails is persisted to /home/runner/work/ozone/ozone/hadoop-ozone/integration-test/target/test-dir/MiniOzoneClusterImpl-f433c0cb-757b-452a-bd5e-bd62417e1d68/datanode-2/meta/datanode.id
2022-05-17 16:34:02,075 [EndpointStateMachine task thread for /0.0.0.0:42625 - 0 ] INFO  ozoneimpl.OzoneContainer (OzoneContainer.java:start(335)) - Attempting to start container services.
2022-05-17 16:34:02,075 [EndpointStateMachine task thread for /0.0.0.0:42625 - 0 ] INFO  ozoneimpl.OzoneContainer (OzoneContainer.java:startContainerScrub(270)) - Background container scanner has been disabled.
2022-05-17 16:34:02,076 [EndpointStateMachine task thread for /0.0.0.0:42625 - 0 ] INFO  replication.ReplicationServer (ReplicationServer.java:start(111)) - ReplicationServer is started using port 45001
2022-05-17 16:34:02,076 [EndpointStateMachine task thread for /0.0.0.0:42625 - 0 ] INFO  ratis.XceiverServerRatis (XceiverServerRatis.java:start(481)) - Starting XceiverServerRatis 8f09cdf8-1873-47b4-b74a-81c9bb8f7307
2022-05-17 16:34:02,081 [EndpointStateMachine task thread for /0.0.0.0:42625 - 0 ] INFO  server.RaftServer (RaftServerProxy.java:lambda$start$5(374)) - 8f09cdf8-1873-47b4-b74a-81c9bb8f7307: start RPC server
2022-05-17 16:34:02,090 [EndpointStateMachine task thread for /0.0.0.0:42625 - 0 ] INFO  server.GrpcService (GrpcService.java:startImpl(253)) - 8f09cdf8-1873-47b4-b74a-81c9bb8f7307: GrpcService started, listening on 44579
2022-05-17 16:34:02,113 [EndpointStateMachine task thread for /0.0.0.0:42625 - 0 ] INFO  ratis.XceiverServerRatis (XceiverServerRatis.java:getRealPort(502)) - XceiverServerRatis 8f09cdf8-1873-47b4-b74a-81c9bb8f7307 is started using port 44579 for RATIS
2022-05-17 16:34:02,113 [EndpointStateMachine task thread for /0.0.0.0:42625 - 0 ] INFO  ratis.XceiverServerRatis (XceiverServerRatis.java:getRealPort(502)) - XceiverServerRatis 8f09cdf8-1873-47b4-b74a-81c9bb8f7307 is started using port 44579 for RATIS_ADMIN
2022-05-17 16:34:02,113 [EndpointStateMachine task thread for /0.0.0.0:42625 - 0 ] INFO  ratis.XceiverServerRatis (XceiverServerRatis.java:getRealPort(502)) - XceiverServerRatis 8f09cdf8-1873-47b4-b74a-81c9bb8f7307 is started using port 44579 for RATIS_SERVER
2022-05-17 16:34:02,113 [org.apache.ratis.util.JvmPauseMonitor$$Lambda$622/456676922@209cdacb] INFO  util.JvmPauseMonitor (JvmPauseMonitor.java:run(103)) - JvmPauseMonitor-8f09cdf8-1873-47b4-b74a-81c9bb8f7307: Started
2022-05-17 16:34:02,122 [EndpointStateMachine task thread for /0.0.0.0:42625 - 0 ] INFO  server.XceiverServerGrpc (XceiverServerGrpc.java:start(180)) - XceiverServerGrpc 8f09cdf8-1873-47b4-b74a-81c9bb8f7307 is started using port 46295
2022-05-17 16:34:02,712 [EndpointStateMachine task thread for /0.0.0.0:42625 - 0 ] INFO  ozoneimpl.OzoneContainer (OzoneContainer.java:start(335)) - Attempting to start container services.
2022-05-17 16:34:02,712 [EndpointStateMachine task thread for /0.0.0.0:42625 - 0 ] INFO  ozoneimpl.OzoneContainer (OzoneContainer.java:startContainerScrub(270)) - Background container scanner has been disabled.
2022-05-17 16:34:02,712 [EndpointStateMachine task thread for /0.0.0.0:42625 - 0 ] INFO  replication.ReplicationServer (ReplicationServer.java:start(111)) - ReplicationServer is started using port 46831
2022-05-17 16:34:02,729 [EndpointStateMachine task thread for /0.0.0.0:42625 - 0 ] INFO  ratis.XceiverServerRatis (XceiverServerRatis.java:start(481)) - Starting XceiverServerRatis 87f99f00-2ae8-45cb-a60b-61c829da18e7
2022-05-17 16:34:02,746 [EndpointStateMachine task thread for /0.0.0.0:42625 - 0 ] INFO  server.RaftServer (RaftServerProxy.java:lambda$start$5(374)) - 87f99f00-2ae8-45cb-a60b-61c829da18e7: start RPC server
2022-05-17 16:34:02,747 [EndpointStateMachine task thread for /0.0.0.0:42625 - 0 ] INFO  server.GrpcService (GrpcService.java:startImpl(253)) - 87f99f00-2ae8-45cb-a60b-61c829da18e7: GrpcService started, listening on 37041
2022-05-17 16:34:02,747 [EndpointStateMachine task thread for /0.0.0.0:42625 - 0 ] INFO  ratis.XceiverServerRatis (XceiverServerRatis.java:getRealPort(502)) - XceiverServerRatis 87f99f00-2ae8-45cb-a60b-61c829da18e7 is started using port 37041 for RATIS
2022-05-17 16:34:02,747 [EndpointStateMachine task thread for /0.0.0.0:42625 - 0 ] INFO  ratis.XceiverServerRatis (XceiverServerRatis.java:getRealPort(502)) - XceiverServerRatis 87f99f00-2ae8-45cb-a60b-61c829da18e7 is started using port 37041 for RATIS_ADMIN
2022-05-17 16:34:02,747 [EndpointStateMachine task thread for /0.0.0.0:42625 - 0 ] INFO  ratis.XceiverServerRatis (XceiverServerRatis.java:getRealPort(502)) - XceiverServerRatis 87f99f00-2ae8-45cb-a60b-61c829da18e7 is started using port 37041 for RATIS_SERVER
2022-05-17 16:34:02,748 [org.apache.ratis.util.JvmPauseMonitor$$Lambda$622/456676922@3589bab1] INFO  util.JvmPauseMonitor (JvmPauseMonitor.java:run(103)) - JvmPauseMonitor-87f99f00-2ae8-45cb-a60b-61c829da18e7: Started
2022-05-17 16:34:02,748 [EndpointStateMachine task thread for /0.0.0.0:42625 - 0 ] INFO  server.XceiverServerGrpc (XceiverServerGrpc.java:start(180)) - XceiverServerGrpc 87f99f00-2ae8-45cb-a60b-61c829da18e7 is started using port 45101
2022-05-17 16:34:02,864 [Listener at 127.0.0.1/36839] INFO  ozone.MiniOzoneClusterImpl (MiniOzoneClusterImpl.java:lambda$waitForClusterToBeReady$0(221)) - Waiting for nodes to be ready. Got 0 of 3 DN Heartbeats.
2022-05-17 16:34:02,864 [Listener at 127.0.0.1/36839] INFO  ozone.MiniOzoneClusterImpl (MiniOzoneClusterImpl.java:lambda$waitForClusterToBeReady$0(224)) - Waiting for cluster to exit safe mode
2022-05-17 16:34:02,864 [Listener at 127.0.0.1/36839] INFO  ozone.MiniOzoneClusterImpl (MiniOzoneClusterImpl.java:lambda$waitForClusterToBeReady$0(226)) - SCM became leader
2022-05-17 16:34:03,865 [Listener at 127.0.0.1/36839] INFO  ozone.MiniOzoneClusterImpl (MiniOzoneClusterImpl.java:lambda$waitForClusterToBeReady$0(221)) - Waiting for nodes to be ready. Got 0 of 3 DN Heartbeats.
2022-05-17 16:34:03,865 [Listener at 127.0.0.1/36839] INFO  ozone.MiniOzoneClusterImpl (MiniOzoneClusterImpl.java:lambda$waitForClusterToBeReady$0(224)) - Waiting for cluster to exit safe mode
2022-05-17 16:34:03,865 [Listener at 127.0.0.1/36839] INFO  ozone.MiniOzoneClusterImpl (MiniOzoneClusterImpl.java:lambda$waitForClusterToBeReady$0(226)) - SCM became leader
2022-05-17 16:34:03,922 [EndpointStateMachine task thread for /0.0.0.0:42625 - 0 ] INFO  ozoneimpl.OzoneContainer (OzoneContainer.java:start(335)) - Attempting to start container services.
2022-05-17 16:34:03,923 [EndpointStateMachine task thread for /0.0.0.0:42625 - 0 ] INFO  ozoneimpl.OzoneContainer (OzoneContainer.java:startContainerScrub(270)) - Background container scanner has been disabled.
2022-05-17 16:34:03,930 [EndpointStateMachine task thread for /0.0.0.0:42625 - 0 ] INFO  replication.ReplicationServer (ReplicationServer.java:start(111)) - ReplicationServer is started using port 36353
2022-05-17 16:34:03,930 [EndpointStateMachine task thread for /0.0.0.0:42625 - 0 ] INFO  ratis.XceiverServerRatis (XceiverServerRatis.java:start(481)) - Starting XceiverServerRatis cacfeafb-f0e3-4923-8b80-2de16076f35c
2022-05-17 16:34:03,931 [EndpointStateMachine task thread for /0.0.0.0:42625 - 0 ] INFO  server.RaftServer (RaftServerProxy.java:lambda$start$5(374)) - cacfeafb-f0e3-4923-8b80-2de16076f35c: start RPC server
2022-05-17 16:34:03,945 [EndpointStateMachine task thread for /0.0.0.0:42625 - 0 ] INFO  server.GrpcService (GrpcService.java:startImpl(253)) - cacfeafb-f0e3-4923-8b80-2de16076f35c: GrpcService started, listening on 35165
2022-05-17 16:34:03,948 [EndpointStateMachine task thread for /0.0.0.0:42625 - 0 ] INFO  ratis.XceiverServerRatis (XceiverServerRatis.java:getRealPort(502)) - XceiverServerRatis cacfeafb-f0e3-4923-8b80-2de16076f35c is started using port 35165 for RATIS
2022-05-17 16:34:03,948 [EndpointStateMachine task thread for /0.0.0.0:42625 - 0 ] INFO  ratis.XceiverServerRatis (XceiverServerRatis.java:getRealPort(502)) - XceiverServerRatis cacfeafb-f0e3-4923-8b80-2de16076f35c is started using port 35165 for RATIS_ADMIN
2022-05-17 16:34:03,948 [EndpointStateMachine task thread for /0.0.0.0:42625 - 0 ] INFO  ratis.XceiverServerRatis (XceiverServerRatis.java:getRealPort(502)) - XceiverServerRatis cacfeafb-f0e3-4923-8b80-2de16076f35c is started using port 35165 for RATIS_SERVER
2022-05-17 16:34:03,951 [org.apache.ratis.util.JvmPauseMonitor$$Lambda$622/456676922@3bb01370] INFO  util.JvmPauseMonitor (JvmPauseMonitor.java:run(103)) - JvmPauseMonitor-cacfeafb-f0e3-4923-8b80-2de16076f35c: Started
2022-05-17 16:34:03,953 [EndpointStateMachine task thread for /0.0.0.0:42625 - 0 ] INFO  server.XceiverServerGrpc (XceiverServerGrpc.java:start(180)) - XceiverServerGrpc cacfeafb-f0e3-4923-8b80-2de16076f35c is started using port 41653
2022-05-17 16:34:04,012 [IPC Server handler 19 on default port 42625] INFO  net.NetworkTopologyImpl (NetworkTopologyImpl.java:add(112)) - Added a new node: /default-rack/8f09cdf8-1873-47b4-b74a-81c9bb8f7307
2022-05-17 16:34:04,012 [IPC Server handler 19 on default port 42625] INFO  node.SCMNodeManager (SCMNodeManager.java:register(393)) - Registered Data node : 8f09cdf8-1873-47b4-b74a-81c9bb8f7307{ip: 10.1.0.54, host: fv-az297-879.nmf1rxwemy4u5di1sxxf4ejcwb.jx.internal.cloudapp.net, ports: [REPLICATION=45001, RATIS=44579, RATIS_ADMIN=44579, RATIS_SERVER=44579, STANDALONE=46295], networkLocation: /default-rack, certSerialId: null, persistedOpState: null, persistedOpStateExpiryEpochSec: 0}
2022-05-17 16:34:04,022 [EventQueue-NodeRegistrationContainerReportForContainerSafeModeRule] INFO  safemode.SCMSafeModeManager (SCMSafeModeManager.java:validateSafeModeExitRules(204)) - ContainerSafeModeRule rule is successfully validated
2022-05-17 16:34:04,027 [EventQueue-NodeRegistrationContainerReportForDataNodeSafeModeRule] INFO  safemode.SCMSafeModeManager (DataNodeSafeModeRule.java:process(71)) - SCM in safe mode. 1 DataNodes registered, 3 required.
2022-05-17 16:34:04,037 [EventQueue-NewNodeForNewNodeHandler] INFO  pipeline.BackgroundPipelineCreator (BackgroundPipelineCreator.java:notifyEventTriggered(272)) - trigger a one-shot run on RatisPipelineUtilsThread.
2022-05-17 16:34:04,038 [RatisPipelineUtilsThread - 0] INFO  pipeline.RatisPipelineProvider (RatisPipelineProvider.java:lambda$create$0(195)) - Sending CreatePipelineCommand for pipeline:PipelineID=353da430-c2bc-4fb3-a2ea-76638c5fa0be to datanode:8f09cdf8-1873-47b4-b74a-81c9bb8f7307
2022-05-17 16:34:04,043 [RatisPipelineUtilsThread - 0] INFO  pipeline.PipelineStateManagerImpl (PipelineStateManagerImpl.java:addPipeline(101)) - Created pipeline Pipeline[ Id: 353da430-c2bc-4fb3-a2ea-76638c5fa0be, Nodes: 8f09cdf8-1873-47b4-b74a-81c9bb8f7307{ip: 10.1.0.54, host: fv-az297-879.nmf1rxwemy4u5di1sxxf4ejcwb.jx.internal.cloudapp.net, ports: [REPLICATION=45001, RATIS=44579, RATIS_ADMIN=44579, RATIS_SERVER=44579, STANDALONE=46295], networkLocation: /default-rack, certSerialId: null, persistedOpState: IN_SERVICE, persistedOpStateExpiryEpochSec: 0}, ReplicationConfig: RATIS/ONE, State:ALLOCATED, leaderId:, CreationTimestamp2022-05-17T16:34:04.038Z[Etc/UTC]].
2022-05-17 16:34:04,055 [EventQueue-PipelineReportForOneReplicaPipelineSafeModeRule] INFO  safemode.SCMSafeModeManager (SCMSafeModeManager.java:validateSafeModeExitRules(204)) - AtleastOneDatanodeReportedRule rule is successfully validated
2022-05-17 16:34:04,675 [IPC Server handler 16 on default port 42625] INFO  net.NetworkTopologyImpl (NetworkTopologyImpl.java:add(112)) - Added a new node: /default-rack/87f99f00-2ae8-45cb-a60b-61c829da18e7
2022-05-17 16:34:04,678 [IPC Server handler 16 on default port 42625] INFO  node.SCMNodeManager (SCMNodeManager.java:register(393)) - Registered Data node : 87f99f00-2ae8-45cb-a60b-61c829da18e7{ip: 10.1.0.54, host: fv-az297-879.nmf1rxwemy4u5di1sxxf4ejcwb.jx.internal.cloudapp.net, ports: [REPLICATION=46831, RATIS=37041, RATIS_ADMIN=37041, RATIS_SERVER=37041, STANDALONE=45101], networkLocation: /default-rack, certSerialId: null, persistedOpState: null, persistedOpStateExpiryEpochSec: 0}
2022-05-17 16:34:04,678 [EventQueue-NewNodeForNewNodeHandler] INFO  pipeline.BackgroundPipelineCreator (BackgroundPipelineCreator.java:notifyEventTriggered(272)) - trigger a one-shot run on RatisPipelineUtilsThread.
2022-05-17 16:34:04,678 [EventQueue-NodeRegistrationContainerReportForDataNodeSafeModeRule] INFO  safemode.SCMSafeModeManager (DataNodeSafeModeRule.java:process(71)) - SCM in safe mode. 2 DataNodes registered, 3 required.
2022-05-17 16:34:04,680 [RatisPipelineUtilsThread - 0] INFO  pipeline.RatisPipelineProvider (RatisPipelineProvider.java:lambda$create$0(195)) - Sending CreatePipelineCommand for pipeline:PipelineID=b2a116ce-2a71-41c9-9fe6-c808f5cb0a28 to datanode:87f99f00-2ae8-45cb-a60b-61c829da18e7
2022-05-17 16:34:04,680 [RatisPipelineUtilsThread - 0] INFO  pipeline.PipelineStateManagerImpl (PipelineStateManagerImpl.java:addPipeline(101)) - Created pipeline Pipeline[ Id: b2a116ce-2a71-41c9-9fe6-c808f5cb0a28, Nodes: 87f99f00-2ae8-45cb-a60b-61c829da18e7{ip: 10.1.0.54, host: fv-az297-879.nmf1rxwemy4u5di1sxxf4ejcwb.jx.internal.cloudapp.net, ports: [REPLICATION=46831, RATIS=37041, RATIS_ADMIN=37041, RATIS_SERVER=37041, STANDALONE=45101], networkLocation: /default-rack, certSerialId: null, persistedOpState: IN_SERVICE, persistedOpStateExpiryEpochSec: 0}, ReplicationConfig: RATIS/ONE, State:ALLOCATED, leaderId:, CreationTimestamp2022-05-17T16:34:04.680Z[Etc/UTC]].
2022-05-17 16:34:04,865 [Listener at 127.0.0.1/36839] INFO  ozone.MiniOzoneClusterImpl (MiniOzoneClusterImpl.java:lambda$waitForClusterToBeReady$0(221)) - Waiting for nodes to be ready. Got 2 of 3 DN Heartbeats.
2022-05-17 16:34:04,866 [Listener at 127.0.0.1/36839] INFO  ozone.MiniOzoneClusterImpl (MiniOzoneClusterImpl.java:lambda$waitForClusterToBeReady$0(224)) - Waiting for cluster to exit safe mode
2022-05-17 16:34:04,866 [Listener at 127.0.0.1/36839] INFO  ozone.MiniOzoneClusterImpl (MiniOzoneClusterImpl.java:lambda$waitForClusterToBeReady$0(226)) - SCM became leader
2022-05-17 16:34:05,866 [Listener at 127.0.0.1/36839] INFO  ozone.MiniOzoneClusterImpl (MiniOzoneClusterImpl.java:lambda$waitForClusterToBeReady$0(221)) - Waiting for nodes to be ready. Got 2 of 3 DN Heartbeats.
2022-05-17 16:34:05,866 [Listener at 127.0.0.1/36839] INFO  ozone.MiniOzoneClusterImpl (MiniOzoneClusterImpl.java:lambda$waitForClusterToBeReady$0(224)) - Waiting for cluster to exit safe mode
2022-05-17 16:34:05,866 [Listener at 127.0.0.1/36839] INFO  ozone.MiniOzoneClusterImpl (MiniOzoneClusterImpl.java:lambda$waitForClusterToBeReady$0(226)) - SCM became leader
2022-05-17 16:34:05,891 [IPC Server handler 17 on default port 42625] INFO  net.NetworkTopologyImpl (NetworkTopologyImpl.java:add(112)) - Added a new node: /default-rack/cacfeafb-f0e3-4923-8b80-2de16076f35c
2022-05-17 16:34:05,893 [IPC Server handler 17 on default port 42625] INFO  node.SCMNodeManager (SCMNodeManager.java:register(393)) - Registered Data node : cacfeafb-f0e3-4923-8b80-2de16076f35c{ip: 10.1.0.54, host: fv-az297-879.nmf1rxwemy4u5di1sxxf4ejcwb.jx.internal.cloudapp.net, ports: [REPLICATION=36353, RATIS=35165, RATIS_ADMIN=35165, RATIS_SERVER=35165, STANDALONE=41653], networkLocation: /default-rack, certSerialId: null, persistedOpState: null, persistedOpStateExpiryEpochSec: 0}
2022-05-17 16:34:05,893 [EventQueue-NewNodeForNewNodeHandler] INFO  pipeline.BackgroundPipelineCreator (BackgroundPipelineCreator.java:notifyEventTriggered(272)) - trigger a one-shot run on RatisPipelineUtilsThread.
2022-05-17 16:34:05,894 [EventQueue-NodeRegistrationContainerReportForDataNodeSafeModeRule] INFO  safemode.SCMSafeModeManager (DataNodeSafeModeRule.java:process(71)) - SCM in safe mode. 3 DataNodes registered, 3 required.
2022-05-17 16:34:05,894 [EventQueue-NodeRegistrationContainerReportForDataNodeSafeModeRule] INFO  safemode.SCMSafeModeManager (SCMSafeModeManager.java:validateSafeModeExitRules(204)) - DataNodeSafeModeRule rule is successfully validated
2022-05-17 16:34:05,894 [EventQueue-NodeRegistrationContainerReportForDataNodeSafeModeRule] INFO  safemode.SCMSafeModeManager (SCMSafeModeManager.java:completePreCheck(233)) - All SCM safe mode pre check rules have passed
2022-05-17 16:34:05,894 [EventQueue-NodeRegistrationContainerReportForDataNodeSafeModeRule] WARN  events.EventQueue (EventQueue.java:fireEvent(194)) - No event handler registered for event TypedEvent{payloadType=SafeModeStatus, name='Safe mode status'}
2022-05-17 16:34:05,894 [EventQueue-NodeRegistrationContainerReportForDataNodeSafeModeRule] INFO  ha.SCMContext (SCMContext.java:updateSafeModeStatus(211)) - Update SafeModeStatus from SafeModeStatus{safeModeStatus=true, preCheckPassed=false} to SafeModeStatus{safeModeStatus=true, preCheckPassed=true}.
2022-05-17 16:34:05,894 [EventQueue-NodeRegistrationContainerReportForDataNodeSafeModeRule] INFO  pipeline.BackgroundPipelineCreator (BackgroundPipelineCreator.java:notifyEventTriggered(272)) - trigger a one-shot run on RatisPipelineUtilsThread.
2022-05-17 16:34:05,911 [RatisPipelineUtilsThread - 0] INFO  pipeline.RatisPipelineProvider (RatisPipelineProvider.java:lambda$create$0(195)) - Sending CreatePipelineCommand for pipeline:PipelineID=1d74d5c6-b9bb-4f21-bbe2-8810f57f3271 to datanode:cacfeafb-f0e3-4923-8b80-2de16076f35c
2022-05-17 16:34:05,911 [RatisPipelineUtilsThread - 0] INFO  pipeline.PipelineStateManagerImpl (PipelineStateManagerImpl.java:addPipeline(101)) - Created pipeline Pipeline[ Id: 1d74d5c6-b9bb-4f21-bbe2-8810f57f3271, Nodes: cacfeafb-f0e3-4923-8b80-2de16076f35c{ip: 10.1.0.54, host: fv-az297-879.nmf1rxwemy4u5di1sxxf4ejcwb.jx.internal.cloudapp.net, ports: [REPLICATION=36353, RATIS=35165, RATIS_ADMIN=35165, RATIS_SERVER=35165, STANDALONE=41653], networkLocation: /default-rack, certSerialId: null, persistedOpState: IN_SERVICE, persistedOpStateExpiryEpochSec: 0}, ReplicationConfig: RATIS/ONE, State:ALLOCATED, leaderId:, CreationTimestamp2022-05-17T16:34:05.911Z[Etc/UTC]].
2022-05-17 16:34:05,912 [RatisPipelineUtilsThread - 0] INFO  pipeline.RatisPipelineProvider (RatisPipelineProvider.java:lambda$create$0(195)) - Sending CreatePipelineCommand for pipeline:PipelineID=08de9058-2ab8-4229-9600-0d9fff49d726 to datanode:8f09cdf8-1873-47b4-b74a-81c9bb8f7307
2022-05-17 16:34:05,912 [RatisPipelineUtilsThread - 0] INFO  pipeline.RatisPipelineProvider (RatisPipelineProvider.java:lambda$create$0(195)) - Sending CreatePipelineCommand for pipeline:PipelineID=08de9058-2ab8-4229-9600-0d9fff49d726 to datanode:87f99f00-2ae8-45cb-a60b-61c829da18e7
2022-05-17 16:34:05,912 [RatisPipelineUtilsThread - 0] INFO  pipeline.RatisPipelineProvider (RatisPipelineProvider.java:lambda$create$0(195)) - Sending CreatePipelineCommand for pipeline:PipelineID=08de9058-2ab8-4229-9600-0d9fff49d726 to datanode:cacfeafb-f0e3-4923-8b80-2de16076f35c
2022-05-17 16:34:05,912 [RatisPipelineUtilsThread - 0] INFO  pipeline.PipelineStateManagerImpl (PipelineStateManagerImpl.java:addPipeline(101)) - Created pipeline Pipeline[ Id: 08de9058-2ab8-4229-9600-0d9fff49d726, Nodes: 8f09cdf8-1873-47b4-b74a-81c9bb8f7307{ip: 10.1.0.54, host: fv-az297-879.nmf1rxwemy4u5di1sxxf4ejcwb.jx.internal.cloudapp.net, ports: [REPLICATION=45001, RATIS=44579, RATIS_ADMIN=44579, RATIS_SERVER=44579, STANDALONE=46295], networkLocation: /default-rack, certSerialId: null, persistedOpState: IN_SERVICE, persistedOpStateExpiryEpochSec: 0}87f99f00-2ae8-45cb-a60b-61c829da18e7{ip: 10.1.0.54, host: fv-az297-879.nmf1rxwemy4u5di1sxxf4ejcwb.jx.internal.cloudapp.net, ports: [REPLICATION=46831, RATIS=37041, RATIS_ADMIN=37041, RATIS_SERVER=37041, STANDALONE=45101], networkLocation: /default-rack, certSerialId: null, persistedOpState: IN_SERVICE, persistedOpStateExpiryEpochSec: 0}cacfeafb-f0e3-4923-8b80-2de16076f35c{ip: 10.1.0.54, host: fv-az297-879.nmf1rxwemy4u5di1sxxf4ejcwb.jx.internal.cloudapp.net, ports: [REPLICATION=36353, RATIS=35165, RATIS_ADMIN=35165, RATIS_SERVER=35165, STANDALONE=41653], networkLocation: /default-rack, certSerialId: null, persistedOpState: IN_SERVICE, persistedOpStateExpiryEpochSec: 0}, ReplicationConfig: RATIS/THREE, State:ALLOCATED, leaderId:, CreationTimestamp2022-05-17T16:34:05.912Z[Etc/UTC]].
2022-05-17 16:34:05,913 [RatisPipelineUtilsThread - 0] INFO  pipeline.RatisPipelineProvider (RatisPipelineProvider.java:lambda$create$0(195)) - Sending CreatePipelineCommand for pipeline:PipelineID=801e5f3e-ea71-4af0-a61f-e86b99b80995 to datanode:87f99f00-2ae8-45cb-a60b-61c829da18e7
2022-05-17 16:34:05,913 [RatisPipelineUtilsThread - 0] INFO  pipeline.RatisPipelineProvider (RatisPipelineProvider.java:lambda$create$0(195)) - Sending CreatePipelineCommand for pipeline:PipelineID=801e5f3e-ea71-4af0-a61f-e86b99b80995 to datanode:8f09cdf8-1873-47b4-b74a-81c9bb8f7307
2022-05-17 16:34:05,913 [RatisPipelineUtilsThread - 0] INFO  pipeline.RatisPipelineProvider (RatisPipelineProvider.java:lambda$create$0(195)) - Sending CreatePipelineCommand for pipeline:PipelineID=801e5f3e-ea71-4af0-a61f-e86b99b80995 to datanode:cacfeafb-f0e3-4923-8b80-2de16076f35c
2022-05-17 16:34:05,917 [RatisPipelineUtilsThread - 0] INFO  pipeline.PipelineStateManagerImpl (PipelineStateManagerImpl.java:addPipeline(101)) - Created pipeline Pipeline[ Id: 801e5f3e-ea71-4af0-a61f-e86b99b80995, Nodes: 87f99f00-2ae8-45cb-a60b-61c829da18e7{ip: 10.1.0.54, host: fv-az297-879.nmf1rxwemy4u5di1sxxf4ejcwb.jx.internal.cloudapp.net, ports: [REPLICATION=46831, RATIS=37041, RATIS_ADMIN=37041, RATIS_SERVER=37041, STANDALONE=45101], networkLocation: /default-rack, certSerialId: null, persistedOpState: IN_SERVICE, persistedOpStateExpiryEpochSec: 0}8f09cdf8-1873-47b4-b74a-81c9bb8f7307{ip: 10.1.0.54, host: fv-az297-879.nmf1rxwemy4u5di1sxxf4ejcwb.jx.internal.cloudapp.net, ports: [REPLICATION=45001, RATIS=44579, RATIS_ADMIN=44579, RATIS_SERVER=44579, STANDALONE=46295], networkLocation: /default-rack, certSerialId: null, persistedOpState: IN_SERVICE, persistedOpStateExpiryEpochSec: 0}cacfeafb-f0e3-4923-8b80-2de16076f35c{ip: 10.1.0.54, host: fv-az297-879.nmf1rxwemy4u5di1sxxf4ejcwb.jx.internal.cloudapp.net, ports: [REPLICATION=36353, RATIS=35165, RATIS_ADMIN=35165, RATIS_SERVER=35165, STANDALONE=41653], networkLocation: /default-rack, certSerialId: null, persistedOpState: IN_SERVICE, persistedOpStateExpiryEpochSec: 0}, ReplicationConfig: RATIS/THREE, State:ALLOCATED, leaderId:, CreationTimestamp2022-05-17T16:34:05.913Z[Etc/UTC]].
2022-05-17 16:34:05,918 [RatisPipelineUtilsThread - 0] INFO  pipeline.PipelineManagerImpl (PipelineManagerImpl.java:recordMetricsForPipeline(695)) - Pipeline: PipelineID=801e5f3e-ea71-4af0-a61f-e86b99b80995 contains same datanodes as previous pipelines: PipelineID=08de9058-2ab8-4229-9600-0d9fff49d726 nodeIds: 87f99f00-2ae8-45cb-a60b-61c829da18e7, 8f09cdf8-1873-47b4-b74a-81c9bb8f7307, cacfeafb-f0e3-4923-8b80-2de16076f35c
2022-05-17 16:34:06,867 [Listener at 127.0.0.1/36839] INFO  ozone.MiniOzoneClusterImpl (MiniOzoneClusterImpl.java:lambda$waitForClusterToBeReady$0(221)) - Nodes are ready. Got 3 of 3 DN Heartbeats.
2022-05-17 16:34:06,868 [Listener at 127.0.0.1/36839] INFO  ozone.MiniOzoneClusterImpl (MiniOzoneClusterImpl.java:lambda$waitForClusterToBeReady$0(224)) - Waiting for cluster to exit safe mode
2022-05-17 16:34:06,868 [Listener at 127.0.0.1/36839] INFO  ozone.MiniOzoneClusterImpl (MiniOzoneClusterImpl.java:lambda$waitForClusterToBeReady$0(226)) - SCM became leader
2022-05-17 16:34:07,018 [Command processor thread] INFO  server.RaftServer (RaftServerProxy.java:addNew(95)) - 8f09cdf8-1873-47b4-b74a-81c9bb8f7307: addNew group-76638C5FA0BE:[8f09cdf8-1873-47b4-b74a-81c9bb8f7307|rpc:10.1.0.54:44579|priority:1] returns group-76638C5FA0BE:java.util.concurrent.CompletableFuture@111168aa[Not completed]
2022-05-17 16:34:07,028 [pool-449-thread-1] INFO  server.RaftServer$Division (RaftServerImpl.java:<init>(184)) - 8f09cdf8-1873-47b4-b74a-81c9bb8f7307: new RaftServerImpl for group-76638C5FA0BE:[8f09cdf8-1873-47b4-b74a-81c9bb8f7307|rpc:10.1.0.54:44579|priority:1] with ContainerStateMachine:uninitialized
2022-05-17 16:34:07,028 [pool-449-thread-1] INFO  server.RaftServerConfigKeys (ConfUtils.java:logGet(44)) - raft.server.rpc.timeout.min = 5s (custom)
2022-05-17 16:34:07,028 [pool-449-thread-1] INFO  server.RaftServerConfigKeys (ConfUtils.java:logGet(44)) - raft.server.rpc.timeout.max = 5200ms (custom)
2022-05-17 16:34:07,028 [pool-449-thread-1] INFO  server.RaftServerConfigKeys (ConfUtils.java:logGet(44)) - raft.server.rpc.sleep.time = 25ms (default)
2022-05-17 16:34:07,028 [pool-449-thread-1] INFO  server.RaftServerConfigKeys (ConfUtils.java:logGet(44)) - raft.server.rpc.slowness.timeout = 300s (custom)
2022-05-17 16:34:07,028 [pool-449-thread-1] INFO  server.RaftServerConfigKeys (ConfUtils.java:logGet(44)) - raft.server.leaderelection.leader.step-down.wait-time = 10s (default)
2022-05-17 16:34:07,028 [pool-449-thread-1] INFO  server.RaftServerConfigKeys (ConfUtils.java:logGet(44)) - raft.server.sleep.deviation.threshold = 300ms (default)
2022-05-17 16:34:07,028 [pool-449-thread-1] INFO  server.RaftServerConfigKeys (ConfUtils.java:logGet(44)) - raft.server.log.appender.install.snapshot.enabled = false (custom)
2022-05-17 16:34:07,028 [pool-449-thread-1] INFO  server.RaftServer$Division (ServerState.java:<init>(105)) - 8f09cdf8-1873-47b4-b74a-81c9bb8f7307@group-76638C5FA0BE: ConfigurationManager, init=-1: [8f09cdf8-1873-47b4-b74a-81c9bb8f7307|rpc:10.1.0.54:44579|priority:1], old=null, confs=<EMPTY_MAP>
2022-05-17 16:34:07,028 [pool-449-thread-1] INFO  server.RaftServerConfigKeys (ConfUtils.java:logGet(44)) - raft.server.storage.dir = [/home/runner/work/ozone/ozone/hadoop-ozone/integration-test/target/test-dir/MiniOzoneClusterImpl-f433c0cb-757b-452a-bd5e-bd62417e1d68/datanode-0/data/ratis] (custom)
2022-05-17 16:34:07,029 [pool-449-thread-1] INFO  server.RaftServerConfigKeys (ConfUtils.java:logGet(44)) - raft.server.log.corruption.policy = EXCEPTION (default)
2022-05-17 16:34:07,029 [pool-449-thread-1] INFO  server.RaftServerConfigKeys (ConfUtils.java:logGet(44)) - raft.server.storage.free-space.min = 0MB (=0) (default)
2022-05-17 16:34:07,029 [pool-449-thread-1] INFO  storage.RaftStorageDirectory (RaftStorageDirectoryImpl.java:analyzeStorage(135)) - The storage directory /home/runner/work/ozone/ozone/hadoop-ozone/integration-test/target/test-dir/MiniOzoneClusterImpl-f433c0cb-757b-452a-bd5e-bd62417e1d68/datanode-0/data/ratis/353da430-c2bc-4fb3-a2ea-76638c5fa0be does not exist. Creating ...
2022-05-17 16:34:07,044 [pool-449-thread-1] INFO  storage.RaftStorageDirectory (RaftStorageDirectoryImpl.java:tryLock(230)) - Lock on /home/runner/work/ozone/ozone/hadoop-ozone/integration-test/target/test-dir/MiniOzoneClusterImpl-f433c0cb-757b-452a-bd5e-bd62417e1d68/datanode-0/data/ratis/353da430-c2bc-4fb3-a2ea-76638c5fa0be/in_use.lock acquired by nodename 17133@fv-az297-879
2022-05-17 16:34:07,049 [pool-449-thread-1] INFO  storage.RaftStorage (RaftStorageImpl.java:format(89)) - Storage directory /home/runner/work/ozone/ozone/hadoop-ozone/integration-test/target/test-dir/MiniOzoneClusterImpl-f433c0cb-757b-452a-bd5e-bd62417e1d68/datanode-0/data/ratis/353da430-c2bc-4fb3-a2ea-76638c5fa0be has been successfully formatted.
2022-05-17 16:34:07,051 [pool-449-thread-1] INFO  ratis.ContainerStateMachine (ContainerStateMachine.java:loadSnapshot(236)) - group-76638C5FA0BE: The snapshot info is null. Setting the last applied indexto:(t:0, i:~)
2022-05-17 16:34:07,051 [pool-449-thread-1] INFO  server.RaftServerConfigKeys (ConfUtils.java:logGet(44)) - raft.server.notification.no-leader.timeout = 300s (custom)
2022-05-17 16:34:07,051 [pool-449-thread-1] INFO  server.RaftServerConfigKeys (ConfUtils.java:logGet(44)) - raft.server.log.use.memory = false (default)
2022-05-17 16:34:07,051 [pool-449-thread-1] INFO  server.RaftServerConfigKeys (ConfUtils.java:logGet(44)) - raft.server.log.purge.gap = 1000000 (custom)
2022-05-17 16:34:07,051 [pool-449-thread-1] INFO  server.RaftServerConfigKeys (ConfUtils.java:logGet(44)) - raft.server.log.appender.buffer.byte-limit = 33554432 (custom)
2022-05-17 16:34:07,051 [pool-449-thread-1] INFO  server.RaftServerConfigKeys (ConfUtils.java:logGet(44)) - raft.server.log.segment.size.max = 1048576 (custom)
2022-05-17 16:34:07,052 [pool-449-thread-1] INFO  server.RaftServerConfigKeys (ConfUtils.java:logGet(44)) - raft.server.log.segment.cache.num.max = 2 (custom)
2022-05-17 16:34:07,052 [pool-449-thread-1] INFO  server.RaftServerConfigKeys (ConfUtils.java:logGet(44)) - raft.server.log.segment.cache.size.max = 200MB (=209715200) (default)
2022-05-17 16:34:07,052 [pool-449-thread-1] INFO  segmented.SegmentedRaftLogWorker (SegmentedRaftLogWorker.java:<init>(182)) - new 8f09cdf8-1873-47b4-b74a-81c9bb8f7307@group-76638C5FA0BE-SegmentedRaftLogWorker for RaftStorageImpl:Storage Directory /home/runner/work/ozone/ozone/hadoop-ozone/integration-test/target/test-dir/MiniOzoneClusterImpl-f433c0cb-757b-452a-bd5e-bd62417e1d68/datanode-0/data/ratis/353da430-c2bc-4fb3-a2ea-76638c5fa0be
2022-05-17 16:34:07,052 [pool-449-thread-1] INFO  server.RaftServerConfigKeys (ConfUtils.java:logGet(44)) - raft.server.log.queue.byte-limit = 4294967296 (custom)
2022-05-17 16:34:07,052 [pool-449-thread-1] INFO  server.RaftServerConfigKeys (ConfUtils.java:logGet(44)) - raft.server.log.queue.element-limit = 1024 (custom)
2022-05-17 16:34:07,052 [pool-449-thread-1] INFO  server.RaftServerConfigKeys (ConfUtils.java:logGet(44)) - raft.server.log.segment.size.max = 1048576 (custom)
2022-05-17 16:34:07,052 [pool-449-thread-1] INFO  server.RaftServerConfigKeys (ConfUtils.java:logGet(44)) - raft.server.log.preallocated.size = 16384 (custom)
2022-05-17 16:34:07,052 [pool-449-thread-1] INFO  server.RaftServerConfigKeys (ConfUtils.java:logGet(44)) - raft.server.log.force.sync.num = 128 (default)
2022-05-17 16:34:07,052 [pool-449-thread-1] INFO  server.RaftServerConfigKeys (ConfUtils.java:logGet(44)) - raft.server.log.statemachine.data.sync = true (default)
2022-05-17 16:34:07,052 [pool-449-thread-1] INFO  server.RaftServerConfigKeys (ConfUtils.java:logGet(44)) - raft.server.log.statemachine.data.sync.timeout = 10s (default)
2022-05-17 16:34:07,052 [pool-449-thread-1] INFO  server.RaftServerConfigKeys (ConfUtils.java:logGet(44)) - raft.server.log.statemachine.data.sync.timeout.retry = -1 (default)
2022-05-17 16:34:07,053 [pool-449-thread-1] INFO  server.RaftServerConfigKeys (ConfUtils.java:logGet(44)) - raft.server.log.write.buffer.size = 1048576 (custom)
2022-05-17 16:34:07,055 [EventQueue-PipelineReportForPipelineReportHandler] INFO  pipeline.PipelineManagerImpl (PipelineManagerImpl.java:openPipeline(336)) - Pipeline Pipeline[ Id: 353da430-c2bc-4fb3-a2ea-76638c5fa0be, Nodes: 8f09cdf8-1873-47b4-b74a-81c9bb8f7307{ip: 10.1.0.54, host: fv-az297-879.nmf1rxwemy4u5di1sxxf4ejcwb.jx.internal.cloudapp.net, ports: [REPLICATION=45001, RATIS=44579, RATIS_ADMIN=44579, RATIS_SERVER=44579, STANDALONE=46295], networkLocation: /default-rack, certSerialId: null, persistedOpState: IN_SERVICE, persistedOpStateExpiryEpochSec: 0}, ReplicationConfig: RATIS/ONE, State:ALLOCATED, leaderId:8f09cdf8-1873-47b4-b74a-81c9bb8f7307, CreationTimestamp2022-05-17T16:34:04.038Z[Etc/UTC]] moved to OPEN state
2022-05-17 16:34:07,073 [EventQueue-OpenPipelineForHealthyPipelineSafeModeRule] INFO  safemode.SCMSafeModeManager (HealthyPipelineSafeModeRule.java:process(124)) - SCM in safe mode. Healthy pipelines reported count is 0, required healthy pipeline reported count is 1
2022-05-17 16:34:07,074 [pool-449-thread-1] INFO  server.RaftServerConfigKeys (ConfUtils.java:logGet(44)) - raft.server.log.statemachine.data.caching.enabled = true (custom)
2022-05-17 16:34:07,076 [pool-449-thread-1] INFO  segmented.SegmentedRaftLogWorker (SegmentedRaftLogWorker.java:lambda$new$0(133)) - 8f09cdf8-1873-47b4-b74a-81c9bb8f7307@group-76638C5FA0BE-SegmentedRaftLogWorker: flushIndex: setUnconditionally 0 -> -1
2022-05-17 16:34:07,076 [pool-449-thread-1] INFO  segmented.SegmentedRaftLogWorker (SegmentedRaftLogWorker.java:lambda$new$0(133)) - 8f09cdf8-1873-47b4-b74a-81c9bb8f7307@group-76638C5FA0BE-SegmentedRaftLogWorker: safeCacheEvictIndex: setUnconditionally 0 -> -1
2022-05-17 16:34:07,076 [pool-449-thread-1] INFO  server.RaftServerConfigKeys (ConfUtils.java:logGet(44)) - raft.server.snapshot.auto.trigger.enabled = true (custom)
2022-05-17 16:34:07,076 [pool-449-thread-1] INFO  server.RaftServerConfigKeys (ConfUtils.java:logGet(44)) - raft.server.snapshot.auto.trigger.threshold = 10000 (custom)
2022-05-17 16:34:07,076 [pool-449-thread-1] INFO  server.RaftServerConfigKeys (ConfUtils.java:logGet(44)) - raft.server.snapshot.retention.file.num = 5 (custom)
2022-05-17 16:34:07,077 [pool-449-thread-1] INFO  server.RaftServerConfigKeys (ConfUtils.java:logGet(44)) - raft.server.log.purge.upto.snapshot.index = false (default)
2022-05-17 16:34:07,077 [pool-449-thread-1] INFO  server.RaftServerConfigKeys (ConfUtils.java:logGet(44)) - raft.server.retrycache.expirytime = 600000ms (custom)
2022-05-17 16:34:07,077 [pool-449-thread-1] INFO  server.RaftServerConfigKeys (ConfUtils.java:logGet(44)) - raft.server.retrycache.statistics.expirytime = 100μs (default)
2022-05-17 16:34:07,081 [pool-449-thread-1] INFO  server.RaftServer$Division (RaftServerImpl.java:start(301)) - 8f09cdf8-1873-47b4-b74a-81c9bb8f7307@group-76638C5FA0BE: start as a follower, conf=-1: [8f09cdf8-1873-47b4-b74a-81c9bb8f7307|rpc:10.1.0.54:44579|priority:1], old=null
2022-05-17 16:34:07,081 [pool-449-thread-1] INFO  server.RaftServer$Division (RaftServerImpl.java:setRole(290)) - 8f09cdf8-1873-47b4-b74a-81c9bb8f7307@group-76638C5FA0BE: changes role from      null to FOLLOWER at term 0 for startAsFollower
2022-05-17 16:34:07,081 [pool-449-thread-1] INFO  impl.RoleInfo (RoleInfo.java:updateAndGet(130)) - 8f09cdf8-1873-47b4-b74a-81c9bb8f7307: start 8f09cdf8-1873-47b4-b74a-81c9bb8f7307@group-76638C5FA0BE-FollowerState
2022-05-17 16:34:07,089 [pool-449-thread-1] INFO  util.JmxRegister (JmxRegister.java:tryRegister(44)) - Successfully registered JMX Bean with object name Ratis:service=RaftServer,group=group-76638C5FA0BE,id=8f09cdf8-1873-47b4-b74a-81c9bb8f7307
2022-05-17 16:34:07,090 [Command processor thread] INFO  ratis.XceiverServerRatis (XceiverServerRatis.java:addGroup(765)) - Created group PipelineID=353da430-c2bc-4fb3-a2ea-76638c5fa0be
2022-05-17 16:34:07,090 [Command processor thread] INFO  commandhandler.CreatePipelineCommandHandler (CreatePipelineCommandHandler.java:handle(113)) - Created Pipeline RATIS ONE PipelineID=353da430-c2bc-4fb3-a2ea-76638c5fa0be.
2022-05-17 16:34:07,090 [Command processor thread] INFO  server.RaftServer (RaftServerProxy.java:addNew(95)) - 8f09cdf8-1873-47b4-b74a-81c9bb8f7307: addNew group-0D9FFF49D726:[8f09cdf8-1873-47b4-b74a-81c9bb8f7307|rpc:10.1.0.54:44579|priority:0, 87f99f00-2ae8-45cb-a60b-61c829da18e7|rpc:10.1.0.54:37041|priority:1, cacfeafb-f0e3-4923-8b80-2de16076f35c|rpc:10.1.0.54:35165|priority:0] returns group-0D9FFF49D726:java.util.concurrent.CompletableFuture@152eee50[Not completed]
2022-05-17 16:34:07,091 [pool-449-thread-1] INFO  server.RaftServer$Division (RaftServerImpl.java:<init>(184)) - 8f09cdf8-1873-47b4-b74a-81c9bb8f7307: new RaftServerImpl for group-0D9FFF49D726:[8f09cdf8-1873-47b4-b74a-81c9bb8f7307|rpc:10.1.0.54:44579|priority:0, 87f99f00-2ae8-45cb-a60b-61c829da18e7|rpc:10.1.0.54:37041|priority:1, cacfeafb-f0e3-4923-8b80-2de16076f35c|rpc:10.1.0.54:35165|priority:0] with ContainerStateMachine:uninitialized
2022-05-17 16:34:07,091 [pool-449-thread-1] INFO  server.RaftServerConfigKeys (ConfUtils.java:logGet(44)) - raft.server.rpc.timeout.min = 5s (custom)
2022-05-17 16:34:07,091 [pool-449-thread-1] INFO  server.RaftServerConfigKeys (ConfUtils.java:logGet(44)) - raft.server.rpc.timeout.max = 5200ms (custom)
2022-05-17 16:34:07,091 [pool-449-thread-1] INFO  server.RaftServerConfigKeys (ConfUtils.java:logGet(44)) - raft.server.rpc.sleep.time = 25ms (default)
2022-05-17 16:34:07,091 [pool-449-thread-1] INFO  server.RaftServerConfigKeys (ConfUtils.java:logGet(44)) - raft.server.rpc.slowness.timeout = 300s (custom)
2022-05-17 16:34:07,091 [pool-449-thread-1] INFO  server.RaftServerConfigKeys (ConfUtils.java:logGet(44)) - raft.server.leaderelection.leader.step-down.wait-time = 10s (default)
2022-05-17 16:34:07,091 [pool-449-thread-1] INFO  server.RaftServerConfigKeys (ConfUtils.java:logGet(44)) - raft.server.sleep.deviation.threshold = 300ms (default)
2022-05-17 16:34:07,091 [pool-449-thread-1] INFO  server.RaftServerConfigKeys (ConfUtils.java:logGet(44)) - raft.server.log.appender.install.snapshot.enabled = false (custom)
2022-05-17 16:34:07,091 [pool-449-thread-1] INFO  server.RaftServer$Division (ServerState.java:<init>(105)) - 8f09cdf8-1873-47b4-b74a-81c9bb8f7307@group-0D9FFF49D726: ConfigurationManager, init=-1: [8f09cdf8-1873-47b4-b74a-81c9bb8f7307|rpc:10.1.0.54:44579|priority:0, 87f99f00-2ae8-45cb-a60b-61c829da18e7|rpc:10.1.0.54:37041|priority:1, cacfeafb-f0e3-4923-8b80-2de16076f35c|rpc:10.1.0.54:35165|priority:0], old=null, confs=<EMPTY_MAP>
2022-05-17 16:34:07,092 [pool-449-thread-1] INFO  server.RaftServerConfigKeys (ConfUtils.java:logGet(44)) - raft.server.storage.dir = [/home/runner/work/ozone/ozone/hadoop-ozone/integration-test/target/test-dir/MiniOzoneClusterImpl-f433c0cb-757b-452a-bd5e-bd62417e1d68/datanode-0/data/ratis] (custom)
2022-05-17 16:34:07,092 [pool-449-thread-1] INFO  server.RaftServerConfigKeys (ConfUtils.java:logGet(44)) - raft.server.log.corruption.policy = EXCEPTION (default)
2022-05-17 16:34:07,092 [pool-449-thread-1] INFO  server.RaftServerConfigKeys (ConfUtils.java:logGet(44)) - raft.server.storage.free-space.min = 0MB (=0) (default)
2022-05-17 16:34:07,092 [pool-449-thread-1] INFO  storage.RaftStorageDirectory (RaftStorageDirectoryImpl.java:analyzeStorage(135)) - The storage directory /home/runner/work/ozone/ozone/hadoop-ozone/integration-test/target/test-dir/MiniOzoneClusterImpl-f433c0cb-757b-452a-bd5e-bd62417e1d68/datanode-0/data/ratis/08de9058-2ab8-4229-9600-0d9fff49d726 does not exist. Creating ...
2022-05-17 16:34:07,106 [pool-449-thread-1] INFO  storage.RaftStorageDirectory (RaftStorageDirectoryImpl.java:tryLock(230)) - Lock on /home/runner/work/ozone/ozone/hadoop-ozone/integration-test/target/test-dir/MiniOzoneClusterImpl-f433c0cb-757b-452a-bd5e-bd62417e1d68/datanode-0/data/ratis/08de9058-2ab8-4229-9600-0d9fff49d726/in_use.lock acquired by nodename 17133@fv-az297-879
2022-05-17 16:34:07,108 [pool-449-thread-1] INFO  storage.RaftStorage (RaftStorageImpl.java:format(89)) - Storage directory /home/runner/work/ozone/ozone/hadoop-ozone/integration-test/target/test-dir/MiniOzoneClusterImpl-f433c0cb-757b-452a-bd5e-bd62417e1d68/datanode-0/data/ratis/08de9058-2ab8-4229-9600-0d9fff49d726 has been successfully formatted.
2022-05-17 16:34:07,108 [pool-449-thread-1] INFO  ratis.ContainerStateMachine (ContainerStateMachine.java:loadSnapshot(236)) - group-0D9FFF49D726: The snapshot info is null. Setting the last applied indexto:(t:0, i:~)
2022-05-17 16:34:07,110 [EventQueue-OpenPipelineForHealthyPipelineSafeModeRule] INFO  safemode.SCMSafeModeManager (HealthyPipelineSafeModeRule.java:process(124)) - SCM in safe mode. Healthy pipelines reported count is 0, required healthy pipeline reported count is 1
2022-05-17 16:34:07,110 [pool-449-thread-1] INFO  server.RaftServerConfigKeys (ConfUtils.java:logGet(44)) - raft.server.notification.no-leader.timeout = 300s (custom)
2022-05-17 16:34:07,110 [pool-449-thread-1] INFO  server.RaftServerConfigKeys (ConfUtils.java:logGet(44)) - raft.server.log.use.memory = false (default)
2022-05-17 16:34:07,110 [pool-449-thread-1] INFO  server.RaftServerConfigKeys (ConfUtils.java:logGet(44)) - raft.server.log.purge.gap = 1000000 (custom)
2022-05-17 16:34:07,110 [pool-449-thread-1] INFO  server.RaftServerConfigKeys (ConfUtils.java:logGet(44)) - raft.server.log.appender.buffer.byte-limit = 33554432 (custom)
2022-05-17 16:34:07,110 [pool-449-thread-1] INFO  server.RaftServerConfigKeys (ConfUtils.java:logGet(44)) - raft.server.log.segment.size.max = 1048576 (custom)
2022-05-17 16:34:07,111 [pool-449-thread-1] INFO  server.RaftServerConfigKeys (ConfUtils.java:logGet(44)) - raft.server.log.segment.cache.num.max = 2 (custom)
2022-05-17 16:34:07,111 [pool-449-thread-1] INFO  server.RaftServerConfigKeys (ConfUtils.java:logGet(44)) - raft.server.log.segment.cache.size.max = 200MB (=209715200) (default)
2022-05-17 16:34:07,111 [pool-449-thread-1] INFO  segmented.SegmentedRaftLogWorker (SegmentedRaftLogWorker.java:<init>(182)) - new 8f09cdf8-1873-47b4-b74a-81c9bb8f7307@group-0D9FFF49D726-SegmentedRaftLogWorker for RaftStorageImpl:Storage Directory /home/runner/work/ozone/ozone/hadoop-ozone/integration-test/target/test-dir/MiniOzoneClusterImpl-f433c0cb-757b-452a-bd5e-bd62417e1d68/datanode-0/data/ratis/08de9058-2ab8-4229-9600-0d9fff49d726
2022-05-17 16:34:07,111 [pool-449-thread-1] INFO  server.RaftServerConfigKeys (ConfUtils.java:logGet(44)) - raft.server.log.queue.byte-limit = 4294967296 (custom)
2022-05-17 16:34:07,111 [pool-449-thread-1] INFO  server.RaftServerConfigKeys (ConfUtils.java:logGet(44)) - raft.server.log.queue.element-limit = 1024 (custom)
2022-05-17 16:34:07,111 [pool-449-thread-1] INFO  server.RaftServerConfigKeys (ConfUtils.java:logGet(44)) - raft.server.log.segment.size.max = 1048576 (custom)
2022-05-17 16:34:07,111 [pool-449-thread-1] INFO  server.RaftServerConfigKeys (ConfUtils.java:logGet(44)) - raft.server.log.preallocated.size = 16384 (custom)
2022-05-17 16:34:07,111 [pool-449-thread-1] INFO  server.RaftServerConfigKeys (ConfUtils.java:logGet(44)) - raft.server.log.force.sync.num = 128 (default)
2022-05-17 16:34:07,111 [pool-449-thread-1] INFO  server.RaftServerConfigKeys (ConfUtils.java:logGet(44)) - raft.server.log.statemachine.data.sync = true (default)
2022-05-17 16:34:07,111 [pool-449-thread-1] INFO  server.RaftServerConfigKeys (ConfUtils.java:logGet(44)) - raft.server.log.statemachine.data.sync.timeout = 10s (default)
2022-05-17 16:34:07,113 [pool-449-thread-1] INFO  server.RaftServerConfigKeys (ConfUtils.java:logGet(44)) - raft.server.log.statemachine.data.sync.timeout.retry = -1 (default)
2022-05-17 16:34:07,114 [pool-449-thread-1] INFO  server.RaftServerConfigKeys (ConfUtils.java:logGet(44)) - raft.server.log.write.buffer.size = 1048576 (custom)
2022-05-17 16:34:07,115 [pool-449-thread-1] INFO  server.RaftServerConfigKeys (ConfUtils.java:logGet(44)) - raft.server.log.statemachine.data.caching.enabled = true (custom)
2022-05-17 16:34:07,115 [pool-449-thread-1] INFO  segmented.SegmentedRaftLogWorker (SegmentedRaftLogWorker.java:lambda$new$0(133)) - 8f09cdf8-1873-47b4-b74a-81c9bb8f7307@group-0D9FFF49D726-SegmentedRaftLogWorker: flushIndex: setUnconditionally 0 -> -1
2022-05-17 16:34:07,115 [pool-449-thread-1] INFO  segmented.SegmentedRaftLogWorker (SegmentedRaftLogWorker.java:lambda$new$0(133)) - 8f09cdf8-1873-47b4-b74a-81c9bb8f7307@group-0D9FFF49D726-SegmentedRaftLogWorker: safeCacheEvictIndex: setUnconditionally 0 -> -1
2022-05-17 16:34:07,115 [pool-449-thread-1] INFO  server.RaftServerConfigKeys (ConfUtils.java:logGet(44)) - raft.server.snapshot.auto.trigger.enabled = true (custom)
2022-05-17 16:34:07,116 [pool-449-thread-1] INFO  server.RaftServerConfigKeys (ConfUtils.java:logGet(44)) - raft.server.snapshot.auto.trigger.threshold = 10000 (custom)
2022-05-17 16:34:07,116 [pool-449-thread-1] INFO  server.RaftServerConfigKeys (ConfUtils.java:logGet(44)) - raft.server.snapshot.retention.file.num = 5 (custom)
2022-05-17 16:34:07,116 [pool-449-thread-1] INFO  server.RaftServerConfigKeys (ConfUtils.java:logGet(44)) - raft.server.log.purge.upto.snapshot.index = false (default)
2022-05-17 16:34:07,116 [pool-449-thread-1] INFO  server.RaftServerConfigKeys (ConfUtils.java:logGet(44)) - raft.server.retrycache.expirytime = 600000ms (custom)
2022-05-17 16:34:07,116 [pool-449-thread-1] INFO  server.RaftServerConfigKeys (ConfUtils.java:logGet(44)) - raft.server.retrycache.statistics.expirytime = 100μs (default)
2022-05-17 16:34:07,117 [pool-449-thread-1] INFO  server.RaftServer$Division (RaftServerImpl.java:start(301)) - 8f09cdf8-1873-47b4-b74a-81c9bb8f7307@group-0D9FFF49D726: start as a follower, conf=-1: [8f09cdf8-1873-47b4-b74a-81c9bb8f7307|rpc:10.1.0.54:44579|priority:0, 87f99f00-2ae8-45cb-a60b-61c829da18e7|rpc:10.1.0.54:37041|priority:1, cacfeafb-f0e3-4923-8b80-2de16076f35c|rpc:10.1.0.54:35165|priority:0], old=null
2022-05-17 16:34:07,117 [pool-449-thread-1] INFO  server.RaftServer$Division (RaftServerImpl.java:setRole(290)) - 8f09cdf8-1873-47b4-b74a-81c9bb8f7307@group-0D9FFF49D726: changes role from      null to FOLLOWER at term 0 for startAsFollower
2022-05-17 16:34:07,117 [pool-449-thread-1] INFO  impl.RoleInfo (RoleInfo.java:updateAndGet(130)) - 8f09cdf8-1873-47b4-b74a-81c9bb8f7307: start 8f09cdf8-1873-47b4-b74a-81c9bb8f7307@group-0D9FFF49D726-FollowerState
2022-05-17 16:34:07,118 [pool-449-thread-1] INFO  util.JmxRegister (JmxRegister.java:tryRegister(44)) - Successfully registered JMX Bean with object name Ratis:service=RaftServer,group=group-0D9FFF49D726,id=8f09cdf8-1873-47b4-b74a-81c9bb8f7307
2022-05-17 16:34:07,124 [Command processor thread] INFO  ratis.XceiverServerRatis (XceiverServerRatis.java:addGroup(765)) - Created group PipelineID=08de9058-2ab8-4229-9600-0d9fff49d726
2022-05-17 16:34:07,182 [grpc-default-executor-0] INFO  server.RaftServer (RaftServerProxy.java:addNew(95)) - 87f99f00-2ae8-45cb-a60b-61c829da18e7: addNew group-0D9FFF49D726:[8f09cdf8-1873-47b4-b74a-81c9bb8f7307|rpc:10.1.0.54:44579|dataStream:|priority:0, 87f99f00-2ae8-45cb-a60b-61c829da18e7|rpc:10.1.0.54:37041|dataStream:|priority:1, cacfeafb-f0e3-4923-8b80-2de16076f35c|rpc:10.1.0.54:35165|dataStream:|priority:0] returns group-0D9FFF49D726:java.util.concurrent.CompletableFuture@665853c8[Not completed]
2022-05-17 16:34:07,184 [pool-471-thread-1] INFO  server.RaftServer$Division (RaftServerImpl.java:<init>(184)) - 87f99f00-2ae8-45cb-a60b-61c829da18e7: new RaftServerImpl for group-0D9FFF49D726:[8f09cdf8-1873-47b4-b74a-81c9bb8f7307|rpc:10.1.0.54:44579|dataStream:|priority:0, 87f99f00-2ae8-45cb-a60b-61c829da18e7|rpc:10.1.0.54:37041|dataStream:|priority:1, cacfeafb-f0e3-4923-8b80-2de16076f35c|rpc:10.1.0.54:35165|dataStream:|priority:0] with ContainerStateMachine:uninitialized
2022-05-17 16:34:07,184 [pool-471-thread-1] INFO  server.RaftServerConfigKeys (ConfUtils.java:logGet(44)) - raft.server.rpc.timeout.min = 5s (custom)
2022-05-17 16:34:07,184 [pool-471-thread-1] INFO  server.RaftServerConfigKeys (ConfUtils.java:logGet(44)) - raft.server.rpc.timeout.max = 5200ms (custom)
2022-05-17 16:34:07,184 [pool-471-thread-1] INFO  server.RaftServerConfigKeys (ConfUtils.java:logGet(44)) - raft.server.rpc.sleep.time = 25ms (default)
2022-05-17 16:34:07,184 [pool-471-thread-1] INFO  server.RaftServerConfigKeys (ConfUtils.java:logGet(44)) - raft.server.rpc.slowness.timeout = 300s (custom)
2022-05-17 16:34:07,184 [pool-471-thread-1] INFO  server.RaftServerConfigKeys (ConfUtils.java:logGet(44)) - raft.server.leaderelection.leader.step-down.wait-time = 10s (default)
2022-05-17 16:34:07,184 [pool-471-thread-1] INFO  server.RaftServerConfigKeys (ConfUtils.java:logGet(44)) - raft.server.sleep.deviation.threshold = 300ms (default)
2022-05-17 16:34:07,184 [pool-471-thread-1] INFO  server.RaftServerConfigKeys (ConfUtils.java:logGet(44)) - raft.server.log.appender.install.snapshot.enabled = false (custom)
2022-05-17 16:34:07,184 [pool-471-thread-1] INFO  server.RaftServer$Division (ServerState.java:<init>(105)) - 87f99f00-2ae8-45cb-a60b-61c829da18e7@group-0D9FFF49D726: ConfigurationManager, init=-1: [8f09cdf8-1873-47b4-b74a-81c9bb8f7307|rpc:10.1.0.54:44579|dataStream:|priority:0, 87f99f00-2ae8-45cb-a60b-61c829da18e7|rpc:10.1.0.54:37041|dataStream:|priority:1, cacfeafb-f0e3-4923-8b80-2de16076f35c|rpc:10.1.0.54:35165|dataStream:|priority:0], old=null, confs=<EMPTY_MAP>
2022-05-17 16:34:07,185 [pool-471-thread-1] INFO  server.RaftServerConfigKeys (ConfUtils.java:logGet(44)) - raft.server.storage.dir = [/home/runner/work/ozone/ozone/hadoop-ozone/integration-test/target/test-dir/MiniOzoneClusterImpl-f433c0cb-757b-452a-bd5e-bd62417e1d68/datanode-1/data/ratis] (custom)
2022-05-17 16:34:07,185 [pool-471-thread-1] INFO  server.RaftServerConfigKeys (ConfUtils.java:logGet(44)) - raft.server.log.corruption.policy = EXCEPTION (default)
2022-05-17 16:34:07,185 [pool-471-thread-1] INFO  server.RaftServerConfigKeys (ConfUtils.java:logGet(44)) - raft.server.storage.free-space.min = 0MB (=0) (default)
2022-05-17 16:34:07,185 [pool-471-thread-1] INFO  storage.RaftStorageDirectory (RaftStorageDirectoryImpl.java:analyzeStorage(135)) - The storage directory /home/runner/work/ozone/ozone/hadoop-ozone/integration-test/target/test-dir/MiniOzoneClusterImpl-f433c0cb-757b-452a-bd5e-bd62417e1d68/datanode-1/data/ratis/08de9058-2ab8-4229-9600-0d9fff49d726 does not exist. Creating ...
2022-05-17 16:34:07,196 [pool-471-thread-1] INFO  storage.RaftStorageDirectory (RaftStorageDirectoryImpl.java:tryLock(230)) - Lock on /home/runner/work/ozone/ozone/hadoop-ozone/integration-test/target/test-dir/MiniOzoneClusterImpl-f433c0cb-757b-452a-bd5e-bd62417e1d68/datanode-1/data/ratis/08de9058-2ab8-4229-9600-0d9fff49d726/in_use.lock acquired by nodename 17133@fv-az297-879
2022-05-17 16:34:07,198 [pool-471-thread-1] INFO  storage.RaftStorage (RaftStorageImpl.java:format(89)) - Storage directory /home/runner/work/ozone/ozone/hadoop-ozone/integration-test/target/test-dir/MiniOzoneClusterImpl-f433c0cb-757b-452a-bd5e-bd62417e1d68/datanode-1/data/ratis/08de9058-2ab8-4229-9600-0d9fff49d726 has been successfully formatted.
2022-05-17 16:34:07,209 [pool-471-thread-1] INFO  ratis.ContainerStateMachine (ContainerStateMachine.java:loadSnapshot(236)) - group-0D9FFF49D726: The snapshot info is null. Setting the last applied indexto:(t:0, i:~)
2022-05-17 16:34:07,210 [pool-471-thread-1] INFO  server.RaftServerConfigKeys (ConfUtils.java:logGet(44)) - raft.server.notification.no-leader.timeout = 300s (custom)
2022-05-17 16:34:07,210 [pool-471-thread-1] INFO  server.RaftServerConfigKeys (ConfUtils.java:logGet(44)) - raft.server.log.use.memory = false (default)
2022-05-17 16:34:07,210 [pool-471-thread-1] INFO  server.RaftServerConfigKeys (ConfUtils.java:logGet(44)) - raft.server.log.purge.gap = 1000000 (custom)
2022-05-17 16:34:07,210 [pool-471-thread-1] INFO  server.RaftServerConfigKeys (ConfUtils.java:logGet(44)) - raft.server.log.appender.buffer.byte-limit = 33554432 (custom)
2022-05-17 16:34:07,210 [pool-471-thread-1] INFO  server.RaftServerConfigKeys (ConfUtils.java:logGet(44)) - raft.server.log.segment.size.max = 1048576 (custom)
2022-05-17 16:34:07,211 [pool-471-thread-1] INFO  server.RaftServerConfigKeys (ConfUtils.java:logGet(44)) - raft.server.log.segment.cache.num.max = 2 (custom)
2022-05-17 16:34:07,211 [pool-471-thread-1] INFO  server.RaftServerConfigKeys (ConfUtils.java:logGet(44)) - raft.server.log.segment.cache.size.max = 200MB (=209715200) (default)
2022-05-17 16:34:07,211 [pool-471-thread-1] INFO  segmented.SegmentedRaftLogWorker (SegmentedRaftLogWorker.java:<init>(182)) - new 87f99f00-2ae8-45cb-a60b-61c829da18e7@group-0D9FFF49D726-SegmentedRaftLogWorker for RaftStorageImpl:Storage Directory /home/runner/work/ozone/ozone/hadoop-ozone/integration-test/target/test-dir/MiniOzoneClusterImpl-f433c0cb-757b-452a-bd5e-bd62417e1d68/datanode-1/data/ratis/08de9058-2ab8-4229-9600-0d9fff49d726
2022-05-17 16:34:07,211 [pool-471-thread-1] INFO  server.RaftServerConfigKeys (ConfUtils.java:logGet(44)) - raft.server.log.queue.byte-limit = 4294967296 (custom)
2022-05-17 16:34:07,211 [pool-471-thread-1] INFO  server.RaftServerConfigKeys (ConfUtils.java:logGet(44)) - raft.server.log.queue.element-limit = 1024 (custom)
2022-05-17 16:34:07,211 [pool-471-thread-1] INFO  server.RaftServerConfigKeys (ConfUtils.java:logGet(44)) - raft.server.log.segment.size.max = 1048576 (custom)
2022-05-17 16:34:07,211 [pool-471-thread-1] INFO  server.RaftServerConfigKeys (ConfUtils.java:logGet(44)) - raft.server.log.preallocated.size = 16384 (custom)
2022-05-17 16:34:07,211 [pool-471-thread-1] INFO  server.RaftServerConfigKeys (ConfUtils.java:logGet(44)) - raft.server.log.force.sync.num = 128 (default)
2022-05-17 16:34:07,211 [pool-471-thread-1] INFO  server.RaftServerConfigKeys (ConfUtils.java:logGet(44)) - raft.server.log.statemachine.data.sync = true (default)
2022-05-17 16:34:07,211 [pool-471-thread-1] INFO  server.RaftServerConfigKeys (ConfUtils.java:logGet(44)) - raft.server.log.statemachine.data.sync.timeout = 10s (default)
2022-05-17 16:34:07,212 [pool-471-thread-1] INFO  server.RaftServerConfigKeys (ConfUtils.java:logGet(44)) - raft.server.log.statemachine.data.sync.timeout.retry = -1 (default)
2022-05-17 16:34:07,212 [pool-471-thread-1] INFO  server.RaftServerConfigKeys (ConfUtils.java:logGet(44)) - raft.server.log.write.buffer.size = 1048576 (custom)
2022-05-17 16:34:07,213 [pool-471-thread-1] INFO  server.RaftServerConfigKeys (ConfUtils.java:logGet(44)) - raft.server.log.statemachine.data.caching.enabled = true (custom)
2022-05-17 16:34:07,213 [pool-471-thread-1] INFO  segmented.SegmentedRaftLogWorker (SegmentedRaftLogWorker.java:lambda$new$0(133)) - 87f99f00-2ae8-45cb-a60b-61c829da18e7@group-0D9FFF49D726-SegmentedRaftLogWorker: flushIndex: setUnconditionally 0 -> -1
2022-05-17 16:34:07,213 [pool-471-thread-1] INFO  segmented.SegmentedRaftLogWorker (SegmentedRaftLogWorker.java:lambda$new$0(133)) - 87f99f00-2ae8-45cb-a60b-61c829da18e7@group-0D9FFF49D726-SegmentedRaftLogWorker: safeCacheEvictIndex: setUnconditionally 0 -> -1
2022-05-17 16:34:07,218 [pool-471-thread-1] INFO  server.RaftServerConfigKeys (ConfUtils.java:logGet(44)) - raft.server.snapshot.auto.trigger.enabled = true (custom)
2022-05-17 16:34:07,218 [pool-471-thread-1] INFO  server.RaftServerConfigKeys (ConfUtils.java:logGet(44)) - raft.server.snapshot.auto.trigger.threshold = 10000 (custom)
2022-05-17 16:34:07,218 [pool-471-thread-1] INFO  server.RaftServerConfigKeys (ConfUtils.java:logGet(44)) - raft.server.snapshot.retention.file.num = 5 (custom)
2022-05-17 16:34:07,218 [pool-471-thread-1] INFO  server.RaftServerConfigKeys (ConfUtils.java:logGet(44)) - raft.server.log.purge.upto.snapshot.index = false (default)
2022-05-17 16:34:07,218 [pool-471-thread-1] INFO  server.RaftServerConfigKeys (ConfUtils.java:logGet(44)) - raft.server.retrycache.expirytime = 600000ms (custom)
2022-05-17 16:34:07,218 [pool-471-thread-1] INFO  server.RaftServerConfigKeys (ConfUtils.java:logGet(44)) - raft.server.retrycache.statistics.expirytime = 100μs (default)
2022-05-17 16:34:07,220 [pool-471-thread-1] INFO  server.RaftServer$Division (RaftServerImpl.java:start(301)) - 87f99f00-2ae8-45cb-a60b-61c829da18e7@group-0D9FFF49D726: start as a follower, conf=-1: [8f09cdf8-1873-47b4-b74a-81c9bb8f7307|rpc:10.1.0.54:44579|dataStream:|priority:0, 87f99f00-2ae8-45cb-a60b-61c829da18e7|rpc:10.1.0.54:37041|dataStream:|priority:1, cacfeafb-f0e3-4923-8b80-2de16076f35c|rpc:10.1.0.54:35165|dataStream:|priority:0], old=null
2022-05-17 16:34:07,220 [pool-471-thread-1] INFO  server.RaftServer$Division (RaftServerImpl.java:setRole(290)) - 87f99f00-2ae8-45cb-a60b-61c829da18e7@group-0D9FFF49D726: changes role from      null to FOLLOWER at term 0 for startAsFollower
2022-05-17 16:34:07,220 [pool-471-thread-1] INFO  impl.RoleInfo (RoleInfo.java:updateAndGet(130)) - 87f99f00-2ae8-45cb-a60b-61c829da18e7: start 87f99f00-2ae8-45cb-a60b-61c829da18e7@group-0D9FFF49D726-FollowerState
2022-05-17 16:34:07,220 [pool-471-thread-1] INFO  util.JmxRegister (JmxRegister.java:tryRegister(44)) - Successfully registered JMX Bean with object name Ratis:service=RaftServer,group=group-0D9FFF49D726,id=87f99f00-2ae8-45cb-a60b-61c829da18e7
2022-05-17 16:34:07,330 [grpc-default-executor-1] INFO  server.RaftServer (RaftServerProxy.java:addNew(95)) - cacfeafb-f0e3-4923-8b80-2de16076f35c: addNew group-0D9FFF49D726:[8f09cdf8-1873-47b4-b74a-81c9bb8f7307|rpc:10.1.0.54:44579|dataStream:|priority:0, 87f99f00-2ae8-45cb-a60b-61c829da18e7|rpc:10.1.0.54:37041|dataStream:|priority:1, cacfeafb-f0e3-4923-8b80-2de16076f35c|rpc:10.1.0.54:35165|dataStream:|priority:0] returns group-0D9FFF49D726:java.util.concurrent.CompletableFuture@43f82d6b[Not completed]
2022-05-17 16:34:07,339 [pool-493-thread-1] INFO  server.RaftServer$Division (RaftServerImpl.java:<init>(184)) - cacfeafb-f0e3-4923-8b80-2de16076f35c: new RaftServerImpl for group-0D9FFF49D726:[8f09cdf8-1873-47b4-b74a-81c9bb8f7307|rpc:10.1.0.54:44579|dataStream:|priority:0, 87f99f00-2ae8-45cb-a60b-61c829da18e7|rpc:10.1.0.54:37041|dataStream:|priority:1, cacfeafb-f0e3-4923-8b80-2de16076f35c|rpc:10.1.0.54:35165|dataStream:|priority:0] with ContainerStateMachine:uninitialized
2022-05-17 16:34:07,365 [pool-493-thread-1] INFO  server.RaftServerConfigKeys (ConfUtils.java:logGet(44)) - raft.server.rpc.timeout.min = 5s (custom)
2022-05-17 16:34:07,365 [pool-493-thread-1] INFO  server.RaftServerConfigKeys (ConfUtils.java:logGet(44)) - raft.server.rpc.timeout.max = 5200ms (custom)
2022-05-17 16:34:07,365 [pool-493-thread-1] INFO  server.RaftServerConfigKeys (ConfUtils.java:logGet(44)) - raft.server.rpc.sleep.time = 25ms (default)
2022-05-17 16:34:07,365 [pool-493-thread-1] INFO  server.RaftServerConfigKeys (ConfUtils.java:logGet(44)) - raft.server.rpc.slowness.timeout = 300s (custom)
2022-05-17 16:34:07,365 [pool-493-thread-1] INFO  server.RaftServerConfigKeys (ConfUtils.java:logGet(44)) - raft.server.leaderelection.leader.step-down.wait-time = 10s (default)
2022-05-17 16:34:07,365 [pool-493-thread-1] INFO  server.RaftServerConfigKeys (ConfUtils.java:logGet(44)) - raft.server.sleep.deviation.threshold = 300ms (default)
2022-05-17 16:34:07,365 [pool-493-thread-1] INFO  server.RaftServerConfigKeys (ConfUtils.java:logGet(44)) - raft.server.log.appender.install.snapshot.enabled = false (custom)
2022-05-17 16:34:07,365 [pool-493-thread-1] INFO  server.RaftServer$Division (ServerState.java:<init>(105)) - cacfeafb-f0e3-4923-8b80-2de16076f35c@group-0D9FFF49D726: ConfigurationManager, init=-1: [8f09cdf8-1873-47b4-b74a-81c9bb8f7307|rpc:10.1.0.54:44579|dataStream:|priority:0, 87f99f00-2ae8-45cb-a60b-61c829da18e7|rpc:10.1.0.54:37041|dataStream:|priority:1, cacfeafb-f0e3-4923-8b80-2de16076f35c|rpc:10.1.0.54:35165|dataStream:|priority:0], old=null, confs=<EMPTY_MAP>
2022-05-17 16:34:07,366 [pool-493-thread-1] INFO  server.RaftServerConfigKeys (ConfUtils.java:logGet(44)) - raft.server.storage.dir = [/home/runner/work/ozone/ozone/hadoop-ozone/integration-test/target/test-dir/MiniOzoneClusterImpl-f433c0cb-757b-452a-bd5e-bd62417e1d68/datanode-2/data/ratis] (custom)
2022-05-17 16:34:07,366 [pool-493-thread-1] INFO  server.RaftServerConfigKeys (ConfUtils.java:logGet(44)) - raft.server.log.corruption.policy = EXCEPTION (default)
2022-05-17 16:34:07,373 [pool-493-thread-1] INFO  server.RaftServerConfigKeys (ConfUtils.java:logGet(44)) - raft.server.storage.free-space.min = 0MB (=0) (default)
2022-05-17 16:34:07,374 [pool-493-thread-1] INFO  storage.RaftStorageDirectory (RaftStorageDirectoryImpl.java:analyzeStorage(135)) - The storage directory /home/runner/work/ozone/ozone/hadoop-ozone/integration-test/target/test-dir/MiniOzoneClusterImpl-f433c0cb-757b-452a-bd5e-bd62417e1d68/datanode-2/data/ratis/08de9058-2ab8-4229-9600-0d9fff49d726 does not exist. Creating ...
2022-05-17 16:34:07,378 [pool-493-thread-1] INFO  storage.RaftStorageDirectory (RaftStorageDirectoryImpl.java:tryLock(230)) - Lock on /home/runner/work/ozone/ozone/hadoop-ozone/integration-test/target/test-dir/MiniOzoneClusterImpl-f433c0cb-757b-452a-bd5e-bd62417e1d68/datanode-2/data/ratis/08de9058-2ab8-4229-9600-0d9fff49d726/in_use.lock acquired by nodename 17133@fv-az297-879
2022-05-17 16:34:07,380 [pool-493-thread-1] INFO  storage.RaftStorage (RaftStorageImpl.java:format(89)) - Storage directory /home/runner/work/ozone/ozone/hadoop-ozone/integration-test/target/test-dir/MiniOzoneClusterImpl-f433c0cb-757b-452a-bd5e-bd62417e1d68/datanode-2/data/ratis/08de9058-2ab8-4229-9600-0d9fff49d726 has been successfully formatted.
2022-05-17 16:34:07,380 [pool-493-thread-1] INFO  ratis.ContainerStateMachine (ContainerStateMachine.java:loadSnapshot(236)) - group-0D9FFF49D726: The snapshot info is null. Setting the last applied indexto:(t:0, i:~)
2022-05-17 16:34:07,380 [pool-493-thread-1] INFO  server.RaftServerConfigKeys (ConfUtils.java:logGet(44)) - raft.server.notification.no-leader.timeout = 300s (custom)
2022-05-17 16:34:07,380 [pool-493-thread-1] INFO  server.RaftServerConfigKeys (ConfUtils.java:logGet(44)) - raft.server.log.use.memory = false (default)
2022-05-17 16:34:07,380 [pool-493-thread-1] INFO  server.RaftServerConfigKeys (ConfUtils.java:logGet(44)) - raft.server.log.purge.gap = 1000000 (custom)
2022-05-17 16:34:07,380 [pool-493-thread-1] INFO  server.RaftServerConfigKeys (ConfUtils.java:logGet(44)) - raft.server.log.appender.buffer.byte-limit = 33554432 (custom)
2022-05-17 16:34:07,380 [pool-493-thread-1] INFO  server.RaftServerConfigKeys (ConfUtils.java:logGet(44)) - raft.server.log.segment.size.max = 1048576 (custom)
2022-05-17 16:34:07,381 [pool-493-thread-1] INFO  server.RaftServerConfigKeys (ConfUtils.java:logGet(44)) - raft.server.log.segment.cache.num.max = 2 (custom)
2022-05-17 16:34:07,381 [pool-493-thread-1] INFO  server.RaftServerConfigKeys (ConfUtils.java:logGet(44)) - raft.server.log.segment.cache.size.max = 200MB (=209715200) (default)
2022-05-17 16:34:07,381 [pool-493-thread-1] INFO  segmented.SegmentedRaftLogWorker (SegmentedRaftLogWorker.java:<init>(182)) - new cacfeafb-f0e3-4923-8b80-2de16076f35c@group-0D9FFF49D726-SegmentedRaftLogWorker for RaftStorageImpl:Storage Directory /home/runner/work/ozone/ozone/hadoop-ozone/integration-test/target/test-dir/MiniOzoneClusterImpl-f433c0cb-757b-452a-bd5e-bd62417e1d68/datanode-2/data/ratis/08de9058-2ab8-4229-9600-0d9fff49d726
2022-05-17 16:34:07,381 [pool-493-thread-1] INFO  server.RaftServerConfigKeys (ConfUtils.java:logGet(44)) - raft.server.log.queue.byte-limit = 4294967296 (custom)
2022-05-17 16:34:07,381 [pool-493-thread-1] INFO  server.RaftServerConfigKeys (ConfUtils.java:logGet(44)) - raft.server.log.queue.element-limit = 1024 (custom)
2022-05-17 16:34:07,381 [pool-493-thread-1] INFO  server.RaftServerConfigKeys (ConfUtils.java:logGet(44)) - raft.server.log.segment.size.max = 1048576 (custom)
2022-05-17 16:34:07,381 [pool-493-thread-1] INFO  server.RaftServerConfigKeys (ConfUtils.java:logGet(44)) - raft.server.log.preallocated.size = 16384 (custom)
2022-05-17 16:34:07,381 [pool-493-thread-1] INFO  server.RaftServerConfigKeys (ConfUtils.java:logGet(44)) - raft.server.log.force.sync.num = 128 (default)
2022-05-17 16:34:07,381 [pool-493-thread-1] INFO  server.RaftServerConfigKeys (ConfUtils.java:logGet(44)) - raft.server.log.statemachine.data.sync = true (default)
2022-05-17 16:34:07,381 [pool-493-thread-1] INFO  server.RaftServerConfigKeys (ConfUtils.java:logGet(44)) - raft.server.log.statemachine.data.sync.timeout = 10s (default)
2022-05-17 16:34:07,381 [pool-493-thread-1] INFO  server.RaftServerConfigKeys (ConfUtils.java:logGet(44)) - raft.server.log.statemachine.data.sync.timeout.retry = -1 (default)
2022-05-17 16:34:07,382 [pool-493-thread-1] INFO  server.RaftServerConfigKeys (ConfUtils.java:logGet(44)) - raft.server.log.write.buffer.size = 1048576 (custom)
2022-05-17 16:34:07,383 [pool-493-thread-1] INFO  server.RaftServerConfigKeys (ConfUtils.java:logGet(44)) - raft.server.log.statemachine.data.caching.enabled = true (custom)
2022-05-17 16:34:07,383 [pool-493-thread-1] INFO  segmented.SegmentedRaftLogWorker (SegmentedRaftLogWorker.java:lambda$new$0(133)) - cacfeafb-f0e3-4923-8b80-2de16076f35c@group-0D9FFF49D726-SegmentedRaftLogWorker: flushIndex: setUnconditionally 0 -> -1
2022-05-17 16:34:07,383 [pool-493-thread-1] INFO  segmented.SegmentedRaftLogWorker (SegmentedRaftLogWorker.java:lambda$new$0(133)) - cacfeafb-f0e3-4923-8b80-2de16076f35c@group-0D9FFF49D726-SegmentedRaftLogWorker: safeCacheEvictIndex: setUnconditionally 0 -> -1
2022-05-17 16:34:07,385 [pool-493-thread-1] INFO  server.RaftServerConfigKeys (ConfUtils.java:logGet(44)) - raft.server.snapshot.auto.trigger.enabled = true (custom)
2022-05-17 16:34:07,386 [pool-493-thread-1] INFO  server.RaftServerConfigKeys (ConfUtils.java:logGet(44)) - raft.server.snapshot.auto.trigger.threshold = 10000 (custom)
2022-05-17 16:34:07,386 [pool-493-thread-1] INFO  server.RaftServerConfigKeys (ConfUtils.java:logGet(44)) - raft.server.snapshot.retention.file.num = 5 (custom)
2022-05-17 16:34:07,386 [pool-493-thread-1] INFO  server.RaftServerConfigKeys (ConfUtils.java:logGet(44)) - raft.server.log.purge.upto.snapshot.index = false (default)
2022-05-17 16:34:07,386 [pool-493-thread-1] INFO  server.RaftServerConfigKeys (ConfUtils.java:logGet(44)) - raft.server.retrycache.expirytime = 600000ms (custom)
2022-05-17 16:34:07,386 [pool-493-thread-1] INFO  server.RaftServerConfigKeys (ConfUtils.java:logGet(44)) - raft.server.retrycache.statistics.expirytime = 100μs (default)
2022-05-17 16:34:07,387 [pool-493-thread-1] INFO  server.RaftServer$Division (RaftServerImpl.java:start(301)) - cacfeafb-f0e3-4923-8b80-2de16076f35c@group-0D9FFF49D726: start as a follower, conf=-1: [8f09cdf8-1873-47b4-b74a-81c9bb8f7307|rpc:10.1.0.54:44579|dataStream:|priority:0, 87f99f00-2ae8-45cb-a60b-61c829da18e7|rpc:10.1.0.54:37041|dataStream:|priority:1, cacfeafb-f0e3-4923-8b80-2de16076f35c|rpc:10.1.0.54:35165|dataStream:|priority:0], old=null
2022-05-17 16:34:07,387 [pool-493-thread-1] INFO  server.RaftServer$Division (RaftServerImpl.java:setRole(290)) - cacfeafb-f0e3-4923-8b80-2de16076f35c@group-0D9FFF49D726: changes role from      null to FOLLOWER at term 0 for startAsFollower
2022-05-17 16:34:07,387 [pool-493-thread-1] INFO  impl.RoleInfo (RoleInfo.java:updateAndGet(130)) - cacfeafb-f0e3-4923-8b80-2de16076f35c: start cacfeafb-f0e3-4923-8b80-2de16076f35c@group-0D9FFF49D726-FollowerState
2022-05-17 16:34:07,387 [pool-493-thread-1] INFO  util.JmxRegister (JmxRegister.java:tryRegister(44)) - Successfully registered JMX Bean with object name Ratis:service=RaftServer,group=group-0D9FFF49D726,id=cacfeafb-f0e3-4923-8b80-2de16076f35c
2022-05-17 16:34:07,422 [Command processor thread] INFO  commandhandler.CreatePipelineCommandHandler (CreatePipelineCommandHandler.java:handle(113)) - Created Pipeline RATIS THREE PipelineID=08de9058-2ab8-4229-9600-0d9fff49d726.
2022-05-17 16:34:07,422 [Command processor thread] INFO  server.RaftServer (RaftServerProxy.java:addNew(95)) - 8f09cdf8-1873-47b4-b74a-81c9bb8f7307: addNew group-E86B99B80995:[8f09cdf8-1873-47b4-b74a-81c9bb8f7307|rpc:10.1.0.54:44579|priority:1, 87f99f00-2ae8-45cb-a60b-61c829da18e7|rpc:10.1.0.54:37041|priority:0, cacfeafb-f0e3-4923-8b80-2de16076f35c|rpc:10.1.0.54:35165|priority:0] returns group-E86B99B80995:java.util.concurrent.CompletableFuture@3f6bb22c[Not completed]
2022-05-17 16:34:07,423 [pool-449-thread-1] INFO  server.RaftServer$Division (RaftServerImpl.java:<init>(184)) - 8f09cdf8-1873-47b4-b74a-81c9bb8f7307: new RaftServerImpl for group-E86B99B80995:[8f09cdf8-1873-47b4-b74a-81c9bb8f7307|rpc:10.1.0.54:44579|priority:1, 87f99f00-2ae8-45cb-a60b-61c829da18e7|rpc:10.1.0.54:37041|priority:0, cacfeafb-f0e3-4923-8b80-2de16076f35c|rpc:10.1.0.54:35165|priority:0] with ContainerStateMachine:uninitialized
2022-05-17 16:34:07,423 [pool-449-thread-1] INFO  server.RaftServerConfigKeys (ConfUtils.java:logGet(44)) - raft.server.rpc.timeout.min = 5s (custom)
2022-05-17 16:34:07,423 [pool-449-thread-1] INFO  server.RaftServerConfigKeys (ConfUtils.java:logGet(44)) - raft.server.rpc.timeout.max = 5200ms (custom)
2022-05-17 16:34:07,423 [pool-449-thread-1] INFO  server.RaftServerConfigKeys (ConfUtils.java:logGet(44)) - raft.server.rpc.sleep.time = 25ms (default)
2022-05-17 16:34:07,423 [pool-449-thread-1] INFO  server.RaftServerConfigKeys (ConfUtils.java:logGet(44)) - raft.server.rpc.slowness.timeout = 300s (custom)
2022-05-17 16:34:07,423 [pool-449-thread-1] INFO  server.RaftServerConfigKeys (ConfUtils.java:logGet(44)) - raft.server.leaderelection.leader.step-down.wait-time = 10s (default)
2022-05-17 16:34:07,423 [pool-449-thread-1] INFO  server.RaftServerConfigKeys (ConfUtils.java:logGet(44)) - raft.server.sleep.deviation.threshold = 300ms (default)
2022-05-17 16:34:07,423 [pool-449-thread-1] INFO  server.RaftServerConfigKeys (ConfUtils.java:logGet(44)) - raft.server.log.appender.install.snapshot.enabled = false (custom)
2022-05-17 16:34:07,423 [pool-449-thread-1] INFO  server.RaftServer$Division (ServerState.java:<init>(105)) - 8f09cdf8-1873-47b4-b74a-81c9bb8f7307@group-E86B99B80995: ConfigurationManager, init=-1: [8f09cdf8-1873-47b4-b74a-81c9bb8f7307|rpc:10.1.0.54:44579|priority:1, 87f99f00-2ae8-45cb-a60b-61c829da18e7|rpc:10.1.0.54:37041|priority:0, cacfeafb-f0e3-4923-8b80-2de16076f35c|rpc:10.1.0.54:35165|priority:0], old=null, confs=<EMPTY_MAP>
2022-05-17 16:34:07,423 [pool-449-thread-1] INFO  server.RaftServerConfigKeys (ConfUtils.java:logGet(44)) - raft.server.storage.dir = [/home/runner/work/ozone/ozone/hadoop-ozone/integration-test/target/test-dir/MiniOzoneClusterImpl-f433c0cb-757b-452a-bd5e-bd62417e1d68/datanode-0/data/ratis] (custom)
2022-05-17 16:34:07,423 [pool-449-thread-1] INFO  server.RaftServerConfigKeys (ConfUtils.java:logGet(44)) - raft.server.log.corruption.policy = EXCEPTION (default)
2022-05-17 16:34:07,423 [pool-449-thread-1] INFO  server.RaftServerConfigKeys (ConfUtils.java:logGet(44)) - raft.server.storage.free-space.min = 0MB (=0) (default)
2022-05-17 16:34:07,423 [pool-449-thread-1] INFO  storage.RaftStorageDirectory (RaftStorageDirectoryImpl.java:analyzeStorage(135)) - The storage directory /home/runner/work/ozone/ozone/hadoop-ozone/integration-test/target/test-dir/MiniOzoneClusterImpl-f433c0cb-757b-452a-bd5e-bd62417e1d68/datanode-0/data/ratis/801e5f3e-ea71-4af0-a61f-e86b99b80995 does not exist. Creating ...
2022-05-17 16:34:07,424 [pool-449-thread-1] INFO  storage.RaftStorageDirectory (RaftStorageDirectoryImpl.java:tryLock(230)) - Lock on /home/runner/work/ozone/ozone/hadoop-ozone/integration-test/target/test-dir/MiniOzoneClusterImpl-f433c0cb-757b-452a-bd5e-bd62417e1d68/datanode-0/data/ratis/801e5f3e-ea71-4af0-a61f-e86b99b80995/in_use.lock acquired by nodename 17133@fv-az297-879
2022-05-17 16:34:07,427 [pool-449-thread-1] INFO  storage.RaftStorage (RaftStorageImpl.java:format(89)) - Storage directory /home/runner/work/ozone/ozone/hadoop-ozone/integration-test/target/test-dir/MiniOzoneClusterImpl-f433c0cb-757b-452a-bd5e-bd62417e1d68/datanode-0/data/ratis/801e5f3e-ea71-4af0-a61f-e86b99b80995 has been successfully formatted.
2022-05-17 16:34:07,434 [EventQueue-OpenPipelineForHealthyPipelineSafeModeRule] INFO  safemode.SCMSafeModeManager (HealthyPipelineSafeModeRule.java:process(124)) - SCM in safe mode. Healthy pipelines reported count is 0, required healthy pipeline reported count is 1
2022-05-17 16:34:07,437 [pool-449-thread-1] INFO  ratis.ContainerStateMachine (ContainerStateMachine.java:loadSnapshot(236)) - group-E86B99B80995: The snapshot info is null. Setting the last applied indexto:(t:0, i:~)
2022-05-17 16:34:07,437 [pool-449-thread-1] INFO  server.RaftServerConfigKeys (ConfUtils.java:logGet(44)) - raft.server.notification.no-leader.timeout = 300s (custom)
2022-05-17 16:34:07,437 [pool-449-thread-1] INFO  server.RaftServerConfigKeys (ConfUtils.java:logGet(44)) - raft.server.log.use.memory = false (default)
2022-05-17 16:34:07,437 [pool-449-thread-1] INFO  server.RaftServerConfigKeys (ConfUtils.java:logGet(44)) - raft.server.log.purge.gap = 1000000 (custom)
2022-05-17 16:34:07,437 [pool-449-thread-1] INFO  server.RaftServerConfigKeys (ConfUtils.java:logGet(44)) - raft.server.log.appender.buffer.byte-limit = 33554432 (custom)
2022-05-17 16:34:07,437 [pool-449-thread-1] INFO  server.RaftServerConfigKeys (ConfUtils.java:logGet(44)) - raft.server.log.segment.size.max = 1048576 (custom)
2022-05-17 16:34:07,438 [pool-449-thread-1] INFO  server.RaftServerConfigKeys (ConfUtils.java:logGet(44)) - raft.server.log.segment.cache.num.max = 2 (custom)
2022-05-17 16:34:07,441 [pool-449-thread-1] INFO  server.RaftServerConfigKeys (ConfUtils.java:logGet(44)) - raft.server.log.segment.cache.size.max = 200MB (=209715200) (default)
2022-05-17 16:34:07,441 [pool-449-thread-1] INFO  segmented.SegmentedRaftLogWorker (SegmentedRaftLogWorker.java:<init>(182)) - new 8f09cdf8-1873-47b4-b74a-81c9bb8f7307@group-E86B99B80995-SegmentedRaftLogWorker for RaftStorageImpl:Storage Directory /home/runner/work/ozone/ozone/hadoop-ozone/integration-test/target/test-dir/MiniOzoneClusterImpl-f433c0cb-757b-452a-bd5e-bd62417e1d68/datanode-0/data/ratis/801e5f3e-ea71-4af0-a61f-e86b99b80995
2022-05-17 16:34:07,441 [pool-449-thread-1] INFO  server.RaftServerConfigKeys (ConfUtils.java:logGet(44)) - raft.server.log.queue.byte-limit = 4294967296 (custom)
2022-05-17 16:34:07,441 [pool-449-thread-1] INFO  server.RaftServerConfigKeys (ConfUtils.java:logGet(44)) - raft.server.log.queue.element-limit = 1024 (custom)
2022-05-17 16:34:07,441 [pool-449-thread-1] INFO  server.RaftServerConfigKeys (ConfUtils.java:logGet(44)) - raft.server.log.segment.size.max = 1048576 (custom)
2022-05-17 16:34:07,441 [pool-449-thread-1] INFO  server.RaftServerConfigKeys (ConfUtils.java:logGet(44)) - raft.server.log.preallocated.size = 16384 (custom)
2022-05-17 16:34:07,441 [pool-449-thread-1] INFO  server.RaftServerConfigKeys (ConfUtils.java:logGet(44)) - raft.server.log.force.sync.num = 128 (default)
2022-05-17 16:34:07,441 [pool-449-thread-1] INFO  server.RaftServerConfigKeys (ConfUtils.java:logGet(44)) - raft.server.log.statemachine.data.sync = true (default)
2022-05-17 16:34:07,441 [pool-449-thread-1] INFO  server.RaftServerConfigKeys (ConfUtils.java:logGet(44)) - raft.server.log.statemachine.data.sync.timeout = 10s (default)
2022-05-17 16:34:07,441 [pool-449-thread-1] INFO  server.RaftServerConfigKeys (ConfUtils.java:logGet(44)) - raft.server.log.statemachine.data.sync.timeout.retry = -1 (default)
2022-05-17 16:34:07,442 [pool-449-thread-1] INFO  server.RaftServerConfigKeys (ConfUtils.java:logGet(44)) - raft.server.log.write.buffer.size = 1048576 (custom)
2022-05-17 16:34:07,443 [pool-449-thread-1] INFO  server.RaftServerConfigKeys (ConfUtils.java:logGet(44)) - raft.server.log.statemachine.data.caching.enabled = true (custom)
2022-05-17 16:34:07,443 [pool-449-thread-1] INFO  segmented.SegmentedRaftLogWorker (SegmentedRaftLogWorker.java:lambda$new$0(133)) - 8f09cdf8-1873-47b4-b74a-81c9bb8f7307@group-E86B99B80995-SegmentedRaftLogWorker: flushIndex: setUnconditionally 0 -> -1
2022-05-17 16:34:07,443 [pool-449-thread-1] INFO  segmented.SegmentedRaftLogWorker (SegmentedRaftLogWorker.java:lambda$new$0(133)) - 8f09cdf8-1873-47b4-b74a-81c9bb8f7307@group-E86B99B80995-SegmentedRaftLogWorker: safeCacheEvictIndex: setUnconditionally 0 -> -1
2022-05-17 16:34:07,451 [pool-449-thread-1] INFO  server.RaftServerConfigKeys (ConfUtils.java:logGet(44)) - raft.server.snapshot.auto.trigger.enabled = true (custom)
2022-05-17 16:34:07,451 [pool-449-thread-1] INFO  server.RaftServerConfigKeys (ConfUtils.java:logGet(44)) - raft.server.snapshot.auto.trigger.threshold = 10000 (custom)
2022-05-17 16:34:07,451 [pool-449-thread-1] INFO  server.RaftServerConfigKeys (ConfUtils.java:logGet(44)) - raft.server.snapshot.retention.file.num = 5 (custom)
2022-05-17 16:34:07,451 [pool-449-thread-1] INFO  server.RaftServerConfigKeys (ConfUtils.java:logGet(44)) - raft.server.log.purge.upto.snapshot.index = false (default)
2022-05-17 16:34:07,451 [pool-449-thread-1] INFO  server.RaftServerConfigKeys (ConfUtils.java:logGet(44)) - raft.server.retrycache.expirytime = 600000ms (custom)
2022-05-17 16:34:07,451 [pool-449-thread-1] INFO  server.RaftServerConfigKeys (ConfUtils.java:logGet(44)) - raft.server.retrycache.statistics.expirytime = 100μs (default)
2022-05-17 16:34:07,455 [pool-449-thread-1] INFO  server.RaftServer$Division (RaftServerImpl.java:start(301)) - 8f09cdf8-1873-47b4-b74a-81c9bb8f7307@group-E86B99B80995: start as a follower, conf=-1: [8f09cdf8-1873-47b4-b74a-81c9bb8f7307|rpc:10.1.0.54:44579|priority:1, 87f99f00-2ae8-45cb-a60b-61c829da18e7|rpc:10.1.0.54:37041|priority:0, cacfeafb-f0e3-4923-8b80-2de16076f35c|rpc:10.1.0.54:35165|priority:0], old=null
2022-05-17 16:34:07,455 [pool-449-thread-1] INFO  server.RaftServer$Division (RaftServerImpl.java:setRole(290)) - 8f09cdf8-1873-47b4-b74a-81c9bb8f7307@group-E86B99B80995: changes role from      null to FOLLOWER at term 0 for startAsFollower
2022-05-17 16:34:07,455 [pool-449-thread-1] INFO  impl.RoleInfo (RoleInfo.java:updateAndGet(130)) - 8f09cdf8-1873-47b4-b74a-81c9bb8f7307: start 8f09cdf8-1873-47b4-b74a-81c9bb8f7307@group-E86B99B80995-FollowerState
2022-05-17 16:34:07,461 [pool-449-thread-1] INFO  util.JmxRegister (JmxRegister.java:tryRegister(44)) - Successfully registered JMX Bean with object name Ratis:service=RaftServer,group=group-E86B99B80995,id=8f09cdf8-1873-47b4-b74a-81c9bb8f7307
2022-05-17 16:34:07,462 [Command processor thread] INFO  ratis.XceiverServerRatis (XceiverServerRatis.java:addGroup(765)) - Created group PipelineID=801e5f3e-ea71-4af0-a61f-e86b99b80995
2022-05-17 16:34:07,509 [grpc-default-executor-1] INFO  server.RaftServer (RaftServerProxy.java:addNew(95)) - 87f99f00-2ae8-45cb-a60b-61c829da18e7: addNew group-E86B99B80995:[8f09cdf8-1873-47b4-b74a-81c9bb8f7307|rpc:10.1.0.54:44579|dataStream:|priority:1, 87f99f00-2ae8-45cb-a60b-61c829da18e7|rpc:10.1.0.54:37041|dataStream:|priority:0, cacfeafb-f0e3-4923-8b80-2de16076f35c|rpc:10.1.0.54:35165|dataStream:|priority:0] returns group-E86B99B80995:java.util.concurrent.CompletableFuture@6fb1116d[Not completed]
2022-05-17 16:34:07,509 [pool-471-thread-1] INFO  server.RaftServer$Division (RaftServerImpl.java:<init>(184)) - 87f99f00-2ae8-45cb-a60b-61c829da18e7: new RaftServerImpl for group-E86B99B80995:[8f09cdf8-1873-47b4-b74a-81c9bb8f7307|rpc:10.1.0.54:44579|dataStream:|priority:1, 87f99f00-2ae8-45cb-a60b-61c829da18e7|rpc:10.1.0.54:37041|dataStream:|priority:0, cacfeafb-f0e3-4923-8b80-2de16076f35c|rpc:10.1.0.54:35165|dataStream:|priority:0] with ContainerStateMachine:uninitialized
2022-05-17 16:34:07,510 [pool-471-thread-1] INFO  server.RaftServerConfigKeys (ConfUtils.java:logGet(44)) - raft.server.rpc.timeout.min = 5s (custom)
2022-05-17 16:34:07,510 [pool-471-thread-1] INFO  server.RaftServerConfigKeys (ConfUtils.java:logGet(44)) - raft.server.rpc.timeout.max = 5200ms (custom)
2022-05-17 16:34:07,510 [pool-471-thread-1] INFO  server.RaftServerConfigKeys (ConfUtils.java:logGet(44)) - raft.server.rpc.sleep.time = 25ms (default)
2022-05-17 16:34:07,510 [pool-471-thread-1] INFO  server.RaftServerConfigKeys (ConfUtils.java:logGet(44)) - raft.server.rpc.slowness.timeout = 300s (custom)
2022-05-17 16:34:07,510 [pool-471-thread-1] INFO  server.RaftServerConfigKeys (ConfUtils.java:logGet(44)) - raft.server.leaderelection.leader.step-down.wait-time = 10s (default)
2022-05-17 16:34:07,510 [pool-471-thread-1] INFO  server.RaftServerConfigKeys (ConfUtils.java:logGet(44)) - raft.server.sleep.deviation.threshold = 300ms (default)
2022-05-17 16:34:07,510 [pool-471-thread-1] INFO  server.RaftServerConfigKeys (ConfUtils.java:logGet(44)) - raft.server.log.appender.install.snapshot.enabled = false (custom)
2022-05-17 16:34:07,510 [pool-471-thread-1] INFO  server.RaftServer$Division (ServerState.java:<init>(105)) - 87f99f00-2ae8-45cb-a60b-61c829da18e7@group-E86B99B80995: ConfigurationManager, init=-1: [8f09cdf8-1873-47b4-b74a-81c9bb8f7307|rpc:10.1.0.54:44579|dataStream:|priority:1, 87f99f00-2ae8-45cb-a60b-61c829da18e7|rpc:10.1.0.54:37041|dataStream:|priority:0, cacfeafb-f0e3-4923-8b80-2de16076f35c|rpc:10.1.0.54:35165|dataStream:|priority:0], old=null, confs=<EMPTY_MAP>
2022-05-17 16:34:07,510 [pool-471-thread-1] INFO  server.RaftServerConfigKeys (ConfUtils.java:logGet(44)) - raft.server.storage.dir = [/home/runner/work/ozone/ozone/hadoop-ozone/integration-test/target/test-dir/MiniOzoneClusterImpl-f433c0cb-757b-452a-bd5e-bd62417e1d68/datanode-1/data/ratis] (custom)
2022-05-17 16:34:07,510 [pool-471-thread-1] INFO  server.RaftServerConfigKeys (ConfUtils.java:logGet(44)) - raft.server.log.corruption.policy = EXCEPTION (default)
2022-05-17 16:34:07,510 [pool-471-thread-1] INFO  server.RaftServerConfigKeys (ConfUtils.java:logGet(44)) - raft.server.storage.free-space.min = 0MB (=0) (default)
2022-05-17 16:34:07,511 [pool-471-thread-1] INFO  storage.RaftStorageDirectory (RaftStorageDirectoryImpl.java:analyzeStorage(135)) - The storage directory /home/runner/work/ozone/ozone/hadoop-ozone/integration-test/target/test-dir/MiniOzoneClusterImpl-f433c0cb-757b-452a-bd5e-bd62417e1d68/datanode-1/data/ratis/801e5f3e-ea71-4af0-a61f-e86b99b80995 does not exist. Creating ...
2022-05-17 16:34:07,512 [pool-471-thread-1] INFO  storage.RaftStorageDirectory (RaftStorageDirectoryImpl.java:tryLock(230)) - Lock on /home/runner/work/ozone/ozone/hadoop-ozone/integration-test/target/test-dir/MiniOzoneClusterImpl-f433c0cb-757b-452a-bd5e-bd62417e1d68/datanode-1/data/ratis/801e5f3e-ea71-4af0-a61f-e86b99b80995/in_use.lock acquired by nodename 17133@fv-az297-879
2022-05-17 16:34:07,514 [pool-471-thread-1] INFO  storage.RaftStorage (RaftStorageImpl.java:format(89)) - Storage directory /home/runner/work/ozone/ozone/hadoop-ozone/integration-test/target/test-dir/MiniOzoneClusterImpl-f433c0cb-757b-452a-bd5e-bd62417e1d68/datanode-1/data/ratis/801e5f3e-ea71-4af0-a61f-e86b99b80995 has been successfully formatted.
2022-05-17 16:34:07,515 [pool-471-thread-1] INFO  ratis.ContainerStateMachine (ContainerStateMachine.java:loadSnapshot(236)) - group-E86B99B80995: The snapshot info is null. Setting the last applied indexto:(t:0, i:~)
2022-05-17 16:34:07,515 [pool-471-thread-1] INFO  server.RaftServerConfigKeys (ConfUtils.java:logGet(44)) - raft.server.notification.no-leader.timeout = 300s (custom)
2022-05-17 16:34:07,515 [pool-471-thread-1] INFO  server.RaftServerConfigKeys (ConfUtils.java:logGet(44)) - raft.server.log.use.memory = false (default)
2022-05-17 16:34:07,516 [pool-471-thread-1] INFO  server.RaftServerConfigKeys (ConfUtils.java:logGet(44)) - raft.server.log.purge.gap = 1000000 (custom)
2022-05-17 16:34:07,516 [pool-471-thread-1] INFO  server.RaftServerConfigKeys (ConfUtils.java:logGet(44)) - raft.server.log.appender.buffer.byte-limit = 33554432 (custom)
2022-05-17 16:34:07,516 [pool-471-thread-1] INFO  server.RaftServerConfigKeys (ConfUtils.java:logGet(44)) - raft.server.log.segment.size.max = 1048576 (custom)
2022-05-17 16:34:07,517 [pool-471-thread-1] INFO  server.RaftServerConfigKeys (ConfUtils.java:logGet(44)) - raft.server.log.segment.cache.num.max = 2 (custom)
2022-05-17 16:34:07,517 [pool-471-thread-1] INFO  server.RaftServerConfigKeys (ConfUtils.java:logGet(44)) - raft.server.log.segment.cache.size.max = 200MB (=209715200) (default)
2022-05-17 16:34:07,518 [pool-471-thread-1] INFO  segmented.SegmentedRaftLogWorker (SegmentedRaftLogWorker.java:<init>(182)) - new 87f99f00-2ae8-45cb-a60b-61c829da18e7@group-E86B99B80995-SegmentedRaftLogWorker for RaftStorageImpl:Storage Directory /home/runner/work/ozone/ozone/hadoop-ozone/integration-test/target/test-dir/MiniOzoneClusterImpl-f433c0cb-757b-452a-bd5e-bd62417e1d68/datanode-1/data/ratis/801e5f3e-ea71-4af0-a61f-e86b99b80995
2022-05-17 16:34:07,519 [pool-471-thread-1] INFO  server.RaftServerConfigKeys (ConfUtils.java:logGet(44)) - raft.server.log.queue.byte-limit = 4294967296 (custom)
2022-05-17 16:34:07,519 [pool-471-thread-1] INFO  server.RaftServerConfigKeys (ConfUtils.java:logGet(44)) - raft.server.log.queue.element-limit = 1024 (custom)
2022-05-17 16:34:07,519 [pool-471-thread-1] INFO  server.RaftServerConfigKeys (ConfUtils.java:logGet(44)) - raft.server.log.segment.size.max = 1048576 (custom)
2022-05-17 16:34:07,519 [pool-471-thread-1] INFO  server.RaftServerConfigKeys (ConfUtils.java:logGet(44)) - raft.server.log.preallocated.size = 16384 (custom)
2022-05-17 16:34:07,519 [pool-471-thread-1] INFO  server.RaftServerConfigKeys (ConfUtils.java:logGet(44)) - raft.server.log.force.sync.num = 128 (default)
2022-05-17 16:34:07,520 [pool-471-thread-1] INFO  server.RaftServerConfigKeys (ConfUtils.java:logGet(44)) - raft.server.log.statemachine.data.sync = true (default)
2022-05-17 16:34:07,520 [pool-471-thread-1] INFO  server.RaftServerConfigKeys (ConfUtils.java:logGet(44)) - raft.server.log.statemachine.data.sync.timeout = 10s (default)
2022-05-17 16:34:07,520 [pool-471-thread-1] INFO  server.RaftServerConfigKeys (ConfUtils.java:logGet(44)) - raft.server.log.statemachine.data.sync.timeout.retry = -1 (default)
2022-05-17 16:34:07,521 [pool-471-thread-1] INFO  server.RaftServerConfigKeys (ConfUtils.java:logGet(44)) - raft.server.log.write.buffer.size = 1048576 (custom)
2022-05-17 16:34:07,521 [pool-471-thread-1] INFO  server.RaftServerConfigKeys (ConfUtils.java:logGet(44)) - raft.server.log.statemachine.data.caching.enabled = true (custom)
2022-05-17 16:34:07,521 [pool-471-thread-1] INFO  segmented.SegmentedRaftLogWorker (SegmentedRaftLogWorker.java:lambda$new$0(133)) - 87f99f00-2ae8-45cb-a60b-61c829da18e7@group-E86B99B80995-SegmentedRaftLogWorker: flushIndex: setUnconditionally 0 -> -1
2022-05-17 16:34:07,521 [pool-471-thread-1] INFO  segmented.SegmentedRaftLogWorker (SegmentedRaftLogWorker.java:lambda$new$0(133)) - 87f99f00-2ae8-45cb-a60b-61c829da18e7@group-E86B99B80995-SegmentedRaftLogWorker: safeCacheEvictIndex: setUnconditionally 0 -> -1
2022-05-17 16:34:07,529 [pool-471-thread-1] INFO  server.RaftServerConfigKeys (ConfUtils.java:logGet(44)) - raft.server.snapshot.auto.trigger.enabled = true (custom)
2022-05-17 16:34:07,529 [pool-471-thread-1] INFO  server.RaftServerConfigKeys (ConfUtils.java:logGet(44)) - raft.server.snapshot.auto.trigger.threshold = 10000 (custom)
2022-05-17 16:34:07,529 [pool-471-thread-1] INFO  server.RaftServerConfigKeys (ConfUtils.java:logGet(44)) - raft.server.snapshot.retention.file.num = 5 (custom)
2022-05-17 16:34:07,529 [pool-471-thread-1] INFO  server.RaftServerConfigKeys (ConfUtils.java:logGet(44)) - raft.server.log.purge.upto.snapshot.index = false (default)
2022-05-17 16:34:07,529 [pool-471-thread-1] INFO  server.RaftServerConfigKeys (ConfUtils.java:logGet(44)) - raft.server.retrycache.expirytime = 600000ms (custom)
2022-05-17 16:34:07,529 [pool-471-thread-1] INFO  server.RaftServerConfigKeys (ConfUtils.java:logGet(44)) - raft.server.retrycache.statistics.expirytime = 100μs (default)
2022-05-17 16:34:07,530 [pool-471-thread-1] INFO  server.RaftServer$Division (RaftServerImpl.java:start(301)) - 87f99f00-2ae8-45cb-a60b-61c829da18e7@group-E86B99B80995: start as a follower, conf=-1: [8f09cdf8-1873-47b4-b74a-81c9bb8f7307|rpc:10.1.0.54:44579|dataStream:|priority:1, 87f99f00-2ae8-45cb-a60b-61c829da18e7|rpc:10.1.0.54:37041|dataStream:|priority:0, cacfeafb-f0e3-4923-8b80-2de16076f35c|rpc:10.1.0.54:35165|dataStream:|priority:0], old=null
2022-05-17 16:34:07,530 [pool-471-thread-1] INFO  server.RaftServer$Division (RaftServerImpl.java:setRole(290)) - 87f99f00-2ae8-45cb-a60b-61c829da18e7@group-E86B99B80995: changes role from      null to FOLLOWER at term 0 for startAsFollower
2022-05-17 16:34:07,531 [pool-471-thread-1] INFO  impl.RoleInfo (RoleInfo.java:updateAndGet(130)) - 87f99f00-2ae8-45cb-a60b-61c829da18e7: start 87f99f00-2ae8-45cb-a60b-61c829da18e7@group-E86B99B80995-FollowerState
2022-05-17 16:34:07,538 [pool-471-thread-1] INFO  util.JmxRegister (JmxRegister.java:tryRegister(44)) - Successfully registered JMX Bean with object name Ratis:service=RaftServer,group=group-E86B99B80995,id=87f99f00-2ae8-45cb-a60b-61c829da18e7
2022-05-17 16:34:07,582 [grpc-default-executor-1] INFO  server.RaftServer (RaftServerProxy.java:addNew(95)) - cacfeafb-f0e3-4923-8b80-2de16076f35c: addNew group-E86B99B80995:[8f09cdf8-1873-47b4-b74a-81c9bb8f7307|rpc:10.1.0.54:44579|dataStream:|priority:1, 87f99f00-2ae8-45cb-a60b-61c829da18e7|rpc:10.1.0.54:37041|dataStream:|priority:0, cacfeafb-f0e3-4923-8b80-2de16076f35c|rpc:10.1.0.54:35165|dataStream:|priority:0] returns group-E86B99B80995:java.util.concurrent.CompletableFuture@5df37080[Not completed]
2022-05-17 16:34:07,588 [pool-493-thread-1] INFO  server.RaftServer$Division (RaftServerImpl.java:<init>(184)) - cacfeafb-f0e3-4923-8b80-2de16076f35c: new RaftServerImpl for group-E86B99B80995:[8f09cdf8-1873-47b4-b74a-81c9bb8f7307|rpc:10.1.0.54:44579|dataStream:|priority:1, 87f99f00-2ae8-45cb-a60b-61c829da18e7|rpc:10.1.0.54:37041|dataStream:|priority:0, cacfeafb-f0e3-4923-8b80-2de16076f35c|rpc:10.1.0.54:35165|dataStream:|priority:0] with ContainerStateMachine:uninitialized
2022-05-17 16:34:07,588 [pool-493-thread-1] INFO  server.RaftServerConfigKeys (ConfUtils.java:logGet(44)) - raft.server.rpc.timeout.min = 5s (custom)
2022-05-17 16:34:07,589 [pool-493-thread-1] INFO  server.RaftServerConfigKeys (ConfUtils.java:logGet(44)) - raft.server.rpc.timeout.max = 5200ms (custom)
2022-05-17 16:34:07,589 [pool-493-thread-1] INFO  server.RaftServerConfigKeys (ConfUtils.java:logGet(44)) - raft.server.rpc.sleep.time = 25ms (default)
2022-05-17 16:34:07,589 [pool-493-thread-1] INFO  server.RaftServerConfigKeys (ConfUtils.java:logGet(44)) - raft.server.rpc.slowness.timeout = 300s (custom)
2022-05-17 16:34:07,589 [pool-493-thread-1] INFO  server.RaftServerConfigKeys (ConfUtils.java:logGet(44)) - raft.server.leaderelection.leader.step-down.wait-time = 10s (default)
2022-05-17 16:34:07,589 [pool-493-thread-1] INFO  server.RaftServerConfigKeys (ConfUtils.java:logGet(44)) - raft.server.sleep.deviation.threshold = 300ms (default)
2022-05-17 16:34:07,589 [pool-493-thread-1] INFO  server.RaftServerConfigKeys (ConfUtils.java:logGet(44)) - raft.server.log.appender.install.snapshot.enabled = false (custom)
2022-05-17 16:34:07,589 [pool-493-thread-1] INFO  server.RaftServer$Division (ServerState.java:<init>(105)) - cacfeafb-f0e3-4923-8b80-2de16076f35c@group-E86B99B80995: ConfigurationManager, init=-1: [8f09cdf8-1873-47b4-b74a-81c9bb8f7307|rpc:10.1.0.54:44579|dataStream:|priority:1, 87f99f00-2ae8-45cb-a60b-61c829da18e7|rpc:10.1.0.54:37041|dataStream:|priority:0, cacfeafb-f0e3-4923-8b80-2de16076f35c|rpc:10.1.0.54:35165|dataStream:|priority:0], old=null, confs=<EMPTY_MAP>
2022-05-17 16:34:07,589 [pool-493-thread-1] INFO  server.RaftServerConfigKeys (ConfUtils.java:logGet(44)) - raft.server.storage.dir = [/home/runner/work/ozone/ozone/hadoop-ozone/integration-test/target/test-dir/MiniOzoneClusterImpl-f433c0cb-757b-452a-bd5e-bd62417e1d68/datanode-2/data/ratis] (custom)
2022-05-17 16:34:07,589 [pool-493-thread-1] INFO  server.RaftServerConfigKeys (ConfUtils.java:logGet(44)) - raft.server.log.corruption.policy = EXCEPTION (default)
2022-05-17 16:34:07,589 [pool-493-thread-1] INFO  server.RaftServerConfigKeys (ConfUtils.java:logGet(44)) - raft.server.storage.free-space.min = 0MB (=0) (default)
2022-05-17 16:34:07,590 [pool-493-thread-1] INFO  storage.RaftStorageDirectory (RaftStorageDirectoryImpl.java:analyzeStorage(135)) - The storage directory /home/runner/work/ozone/ozone/hadoop-ozone/integration-test/target/test-dir/MiniOzoneClusterImpl-f433c0cb-757b-452a-bd5e-bd62417e1d68/datanode-2/data/ratis/801e5f3e-ea71-4af0-a61f-e86b99b80995 does not exist. Creating ...
2022-05-17 16:34:07,591 [pool-493-thread-1] INFO  storage.RaftStorageDirectory (RaftStorageDirectoryImpl.java:tryLock(230)) - Lock on /home/runner/work/ozone/ozone/hadoop-ozone/integration-test/target/test-dir/MiniOzoneClusterImpl-f433c0cb-757b-452a-bd5e-bd62417e1d68/datanode-2/data/ratis/801e5f3e-ea71-4af0-a61f-e86b99b80995/in_use.lock acquired by nodename 17133@fv-az297-879
2022-05-17 16:34:07,592 [pool-493-thread-1] INFO  storage.RaftStorage (RaftStorageImpl.java:format(89)) - Storage directory /home/runner/work/ozone/ozone/hadoop-ozone/integration-test/target/test-dir/MiniOzoneClusterImpl-f433c0cb-757b-452a-bd5e-bd62417e1d68/datanode-2/data/ratis/801e5f3e-ea71-4af0-a61f-e86b99b80995 has been successfully formatted.
2022-05-17 16:34:07,592 [pool-493-thread-1] INFO  ratis.ContainerStateMachine (ContainerStateMachine.java:loadSnapshot(236)) - group-E86B99B80995: The snapshot info is null. Setting the last applied indexto:(t:0, i:~)
2022-05-17 16:34:07,593 [pool-493-thread-1] INFO  server.RaftServerConfigKeys (ConfUtils.java:logGet(44)) - raft.server.notification.no-leader.timeout = 300s (custom)
2022-05-17 16:34:07,593 [pool-493-thread-1] INFO  server.RaftServerConfigKeys (ConfUtils.java:logGet(44)) - raft.server.log.use.memory = false (default)
2022-05-17 16:34:07,593 [pool-493-thread-1] INFO  server.RaftServerConfigKeys (ConfUtils.java:logGet(44)) - raft.server.log.purge.gap = 1000000 (custom)
2022-05-17 16:34:07,593 [pool-493-thread-1] INFO  server.RaftServerConfigKeys (ConfUtils.java:logGet(44)) - raft.server.log.appender.buffer.byte-limit = 33554432 (custom)
2022-05-17 16:34:07,593 [pool-493-thread-1] INFO  server.RaftServerConfigKeys (ConfUtils.java:logGet(44)) - raft.server.log.segment.size.max = 1048576 (custom)
2022-05-17 16:34:07,593 [pool-493-thread-1] INFO  server.RaftServerConfigKeys (ConfUtils.java:logGet(44)) - raft.server.log.segment.cache.num.max = 2 (custom)
2022-05-17 16:34:07,593 [pool-493-thread-1] INFO  server.RaftServerConfigKeys (ConfUtils.java:logGet(44)) - raft.server.log.segment.cache.size.max = 200MB (=209715200) (default)
2022-05-17 16:34:07,593 [pool-493-thread-1] INFO  segmented.SegmentedRaftLogWorker (SegmentedRaftLogWorker.java:<init>(182)) - new cacfeafb-f0e3-4923-8b80-2de16076f35c@group-E86B99B80995-SegmentedRaftLogWorker for RaftStorageImpl:Storage Directory /home/runner/work/ozone/ozone/hadoop-ozone/integration-test/target/test-dir/MiniOzoneClusterImpl-f433c0cb-757b-452a-bd5e-bd62417e1d68/datanode-2/data/ratis/801e5f3e-ea71-4af0-a61f-e86b99b80995
2022-05-17 16:34:07,594 [pool-493-thread-1] INFO  server.RaftServerConfigKeys (ConfUtils.java:logGet(44)) - raft.server.log.queue.byte-limit = 4294967296 (custom)
2022-05-17 16:34:07,594 [pool-493-thread-1] INFO  server.RaftServerConfigKeys (ConfUtils.java:logGet(44)) - raft.server.log.queue.element-limit = 1024 (custom)
2022-05-17 16:34:07,594 [pool-493-thread-1] INFO  server.RaftServerConfigKeys (ConfUtils.java:logGet(44)) - raft.server.log.segment.size.max = 1048576 (custom)
2022-05-17 16:34:07,594 [pool-493-thread-1] INFO  server.RaftServerConfigKeys (ConfUtils.java:logGet(44)) - raft.server.log.preallocated.size = 16384 (custom)
2022-05-17 16:34:07,594 [pool-493-thread-1] INFO  server.RaftServerConfigKeys (ConfUtils.java:logGet(44)) - raft.server.log.force.sync.num = 128 (default)
2022-05-17 16:34:07,594 [pool-493-thread-1] INFO  server.RaftServerConfigKeys (ConfUtils.java:logGet(44)) - raft.server.log.statemachine.data.sync = true (default)
2022-05-17 16:34:07,594 [pool-493-thread-1] INFO  server.RaftServerConfigKeys (ConfUtils.java:logGet(44)) - raft.server.log.statemachine.data.sync.timeout = 10s (default)
2022-05-17 16:34:07,594 [pool-493-thread-1] INFO  server.RaftServerConfigKeys (ConfUtils.java:logGet(44)) - raft.server.log.statemachine.data.sync.timeout.retry = -1 (default)
2022-05-17 16:34:07,595 [pool-493-thread-1] INFO  server.RaftServerConfigKeys (ConfUtils.java:logGet(44)) - raft.server.log.write.buffer.size = 1048576 (custom)
2022-05-17 16:34:07,596 [pool-493-thread-1] INFO  server.RaftServerConfigKeys (ConfUtils.java:logGet(44)) - raft.server.log.statemachine.data.caching.enabled = true (custom)
2022-05-17 16:34:07,596 [pool-493-thread-1] INFO  segmented.SegmentedRaftLogWorker (SegmentedRaftLogWorker.java:lambda$new$0(133)) - cacfeafb-f0e3-4923-8b80-2de16076f35c@group-E86B99B80995-SegmentedRaftLogWorker: flushIndex: setUnconditionally 0 -> -1
2022-05-17 16:34:07,596 [pool-493-thread-1] INFO  segmented.SegmentedRaftLogWorker (SegmentedRaftLogWorker.java:lambda$new$0(133)) - cacfeafb-f0e3-4923-8b80-2de16076f35c@group-E86B99B80995-SegmentedRaftLogWorker: safeCacheEvictIndex: setUnconditionally 0 -> -1
2022-05-17 16:34:07,609 [pool-493-thread-1] INFO  server.RaftServerConfigKeys (ConfUtils.java:logGet(44)) - raft.server.snapshot.auto.trigger.enabled = true (custom)
2022-05-17 16:34:07,610 [pool-493-thread-1] INFO  server.RaftServerConfigKeys (ConfUtils.java:logGet(44)) - raft.server.snapshot.auto.trigger.threshold = 10000 (custom)
2022-05-17 16:34:07,610 [pool-493-thread-1] INFO  server.RaftServerConfigKeys (ConfUtils.java:logGet(44)) - raft.server.snapshot.retention.file.num = 5 (custom)
2022-05-17 16:34:07,610 [pool-493-thread-1] INFO  server.RaftServerConfigKeys (ConfUtils.java:logGet(44)) - raft.server.log.purge.upto.snapshot.index = false (default)
2022-05-17 16:34:07,610 [pool-493-thread-1] INFO  server.RaftServerConfigKeys (ConfUtils.java:logGet(44)) - raft.server.retrycache.expirytime = 600000ms (custom)
2022-05-17 16:34:07,610 [pool-493-thread-1] INFO  server.RaftServerConfigKeys (ConfUtils.java:logGet(44)) - raft.server.retrycache.statistics.expirytime = 100μs (default)
2022-05-17 16:34:07,612 [pool-493-thread-1] INFO  server.RaftServer$Division (RaftServerImpl.java:start(301)) - cacfeafb-f0e3-4923-8b80-2de16076f35c@group-E86B99B80995: start as a follower, conf=-1: [8f09cdf8-1873-47b4-b74a-81c9bb8f7307|rpc:10.1.0.54:44579|dataStream:|priority:1, 87f99f00-2ae8-45cb-a60b-61c829da18e7|rpc:10.1.0.54:37041|dataStream:|priority:0, cacfeafb-f0e3-4923-8b80-2de16076f35c|rpc:10.1.0.54:35165|dataStream:|priority:0], old=null
2022-05-17 16:34:07,612 [pool-493-thread-1] INFO  server.RaftServer$Division (RaftServerImpl.java:setRole(290)) - cacfeafb-f0e3-4923-8b80-2de16076f35c@group-E86B99B80995: changes role from      null to FOLLOWER at term 0 for startAsFollower
2022-05-17 16:34:07,612 [pool-493-thread-1] INFO  impl.RoleInfo (RoleInfo.java:updateAndGet(130)) - cacfeafb-f0e3-4923-8b80-2de16076f35c: start cacfeafb-f0e3-4923-8b80-2de16076f35c@group-E86B99B80995-FollowerState
2022-05-17 16:34:07,616 [pool-493-thread-1] INFO  util.JmxRegister (JmxRegister.java:tryRegister(44)) - Successfully registered JMX Bean with object name Ratis:service=RaftServer,group=group-E86B99B80995,id=cacfeafb-f0e3-4923-8b80-2de16076f35c
2022-05-17 16:34:07,654 [Command processor thread] INFO  commandhandler.CreatePipelineCommandHandler (CreatePipelineCommandHandler.java:handle(113)) - Created Pipeline RATIS THREE PipelineID=801e5f3e-ea71-4af0-a61f-e86b99b80995.
2022-05-17 16:34:07,674 [Command processor thread] INFO  server.RaftServer (RaftServerProxy.java:addNew(95)) - 87f99f00-2ae8-45cb-a60b-61c829da18e7: addNew group-C808F5CB0A28:[87f99f00-2ae8-45cb-a60b-61c829da18e7|rpc:10.1.0.54:37041|priority:1] returns group-C808F5CB0A28:java.util.concurrent.CompletableFuture@316c0c4[Not completed]
2022-05-17 16:34:07,675 [pool-471-thread-1] INFO  server.RaftServer$Division (RaftServerImpl.java:<init>(184)) - 87f99f00-2ae8-45cb-a60b-61c829da18e7: new RaftServerImpl for group-C808F5CB0A28:[87f99f00-2ae8-45cb-a60b-61c829da18e7|rpc:10.1.0.54:37041|priority:1] with ContainerStateMachine:uninitialized
2022-05-17 16:34:07,675 [pool-471-thread-1] INFO  server.RaftServerConfigKeys (ConfUtils.java:logGet(44)) - raft.server.rpc.timeout.min = 5s (custom)
2022-05-17 16:34:07,675 [pool-471-thread-1] INFO  server.RaftServerConfigKeys (ConfUtils.java:logGet(44)) - raft.server.rpc.timeout.max = 5200ms (custom)
2022-05-17 16:34:07,676 [pool-471-thread-1] INFO  server.RaftServerConfigKeys (ConfUtils.java:logGet(44)) - raft.server.rpc.sleep.time = 25ms (default)
2022-05-17 16:34:07,676 [pool-471-thread-1] INFO  server.RaftServerConfigKeys (ConfUtils.java:logGet(44)) - raft.server.rpc.slowness.timeout = 300s (custom)
2022-05-17 16:34:07,676 [pool-471-thread-1] INFO  server.RaftServerConfigKeys (ConfUtils.java:logGet(44)) - raft.server.leaderelection.leader.step-down.wait-time = 10s (default)
2022-05-17 16:34:07,676 [pool-471-thread-1] INFO  server.RaftServerConfigKeys (ConfUtils.java:logGet(44)) - raft.server.sleep.deviation.threshold = 300ms (default)
2022-05-17 16:34:07,676 [pool-471-thread-1] INFO  server.RaftServerConfigKeys (ConfUtils.java:logGet(44)) - raft.server.log.appender.install.snapshot.enabled = false (custom)
2022-05-17 16:34:07,676 [pool-471-thread-1] INFO  server.RaftServer$Division (ServerState.java:<init>(105)) - 87f99f00-2ae8-45cb-a60b-61c829da18e7@group-C808F5CB0A28: ConfigurationManager, init=-1: [87f99f00-2ae8-45cb-a60b-61c829da18e7|rpc:10.1.0.54:37041|priority:1], old=null, confs=<EMPTY_MAP>
2022-05-17 16:34:07,676 [pool-471-thread-1] INFO  server.RaftServerConfigKeys (ConfUtils.java:logGet(44)) - raft.server.storage.dir = [/home/runner/work/ozone/ozone/hadoop-ozone/integration-test/target/test-dir/MiniOzoneClusterImpl-f433c0cb-757b-452a-bd5e-bd62417e1d68/datanode-1/data/ratis] (custom)
2022-05-17 16:34:07,676 [pool-471-thread-1] INFO  server.RaftServerConfigKeys (ConfUtils.java:logGet(44)) - raft.server.log.corruption.policy = EXCEPTION (default)
2022-05-17 16:34:07,676 [pool-471-thread-1] INFO  server.RaftServerConfigKeys (ConfUtils.java:logGet(44)) - raft.server.storage.free-space.min = 0MB (=0) (default)
2022-05-17 16:34:07,676 [pool-471-thread-1] INFO  storage.RaftStorageDirectory (RaftStorageDirectoryImpl.java:analyzeStorage(135)) - The storage directory /home/runner/work/ozone/ozone/hadoop-ozone/integration-test/target/test-dir/MiniOzoneClusterImpl-f433c0cb-757b-452a-bd5e-bd62417e1d68/datanode-1/data/ratis/b2a116ce-2a71-41c9-9fe6-c808f5cb0a28 does not exist. Creating ...
2022-05-17 16:34:07,678 [pool-471-thread-1] INFO  storage.RaftStorageDirectory (RaftStorageDirectoryImpl.java:tryLock(230)) - Lock on /home/runner/work/ozone/ozone/hadoop-ozone/integration-test/target/test-dir/MiniOzoneClusterImpl-f433c0cb-757b-452a-bd5e-bd62417e1d68/datanode-1/data/ratis/b2a116ce-2a71-41c9-9fe6-c808f5cb0a28/in_use.lock acquired by nodename 17133@fv-az297-879
2022-05-17 16:34:07,681 [pool-471-thread-1] INFO  storage.RaftStorage (RaftStorageImpl.java:format(89)) - Storage directory /home/runner/work/ozone/ozone/hadoop-ozone/integration-test/target/test-dir/MiniOzoneClusterImpl-f433c0cb-757b-452a-bd5e-bd62417e1d68/datanode-1/data/ratis/b2a116ce-2a71-41c9-9fe6-c808f5cb0a28 has been successfully formatted.
2022-05-17 16:34:07,682 [pool-471-thread-1] INFO  ratis.ContainerStateMachine (ContainerStateMachine.java:loadSnapshot(236)) - group-C808F5CB0A28: The snapshot info is null. Setting the last applied indexto:(t:0, i:~)
2022-05-17 16:34:07,682 [pool-471-thread-1] INFO  server.RaftServerConfigKeys (ConfUtils.java:logGet(44)) - raft.server.notification.no-leader.timeout = 300s (custom)
2022-05-17 16:34:07,682 [pool-471-thread-1] INFO  server.RaftServerConfigKeys (ConfUtils.java:logGet(44)) - raft.server.log.use.memory = false (default)
2022-05-17 16:34:07,683 [pool-471-thread-1] INFO  server.RaftServerConfigKeys (ConfUtils.java:logGet(44)) - raft.server.log.purge.gap = 1000000 (custom)
2022-05-17 16:34:07,683 [pool-471-thread-1] INFO  server.RaftServerConfigKeys (ConfUtils.java:logGet(44)) - raft.server.log.appender.buffer.byte-limit = 33554432 (custom)
2022-05-17 16:34:07,683 [pool-471-thread-1] INFO  server.RaftServerConfigKeys (ConfUtils.java:logGet(44)) - raft.server.log.segment.size.max = 1048576 (custom)
2022-05-17 16:34:07,683 [pool-471-thread-1] INFO  server.RaftServerConfigKeys (ConfUtils.java:logGet(44)) - raft.server.log.segment.cache.num.max = 2 (custom)
2022-05-17 16:34:07,683 [pool-471-thread-1] INFO  server.RaftServerConfigKeys (ConfUtils.java:logGet(44)) - raft.server.log.segment.cache.size.max = 200MB (=209715200) (default)
2022-05-17 16:34:07,683 [pool-471-thread-1] INFO  segmented.SegmentedRaftLogWorker (SegmentedRaftLogWorker.java:<init>(182)) - new 87f99f00-2ae8-45cb-a60b-61c829da18e7@group-C808F5CB0A28-SegmentedRaftLogWorker for RaftStorageImpl:Storage Directory /home/runner/work/ozone/ozone/hadoop-ozone/integration-test/target/test-dir/MiniOzoneClusterImpl-f433c0cb-757b-452a-bd5e-bd62417e1d68/datanode-1/data/ratis/b2a116ce-2a71-41c9-9fe6-c808f5cb0a28
2022-05-17 16:34:07,683 [pool-471-thread-1] INFO  server.RaftServerConfigKeys (ConfUtils.java:logGet(44)) - raft.server.log.queue.byte-limit = 4294967296 (custom)
2022-05-17 16:34:07,683 [pool-471-thread-1] INFO  server.RaftServerConfigKeys (ConfUtils.java:logGet(44)) - raft.server.log.queue.element-limit = 1024 (custom)
2022-05-17 16:34:07,683 [pool-471-thread-1] INFO  server.RaftServerConfigKeys (ConfUtils.java:logGet(44)) - raft.server.log.segment.size.max = 1048576 (custom)
2022-05-17 16:34:07,683 [pool-471-thread-1] INFO  server.RaftServerConfigKeys (ConfUtils.java:logGet(44)) - raft.server.log.preallocated.size = 16384 (custom)
2022-05-17 16:34:07,683 [pool-471-thread-1] INFO  server.RaftServerConfigKeys (ConfUtils.java:logGet(44)) - raft.server.log.force.sync.num = 128 (default)
2022-05-17 16:34:07,684 [pool-471-thread-1] INFO  server.RaftServerConfigKeys (ConfUtils.java:logGet(44)) - raft.server.log.statemachine.data.sync = true (default)
2022-05-17 16:34:07,684 [pool-471-thread-1] INFO  server.RaftServerConfigKeys (ConfUtils.java:logGet(44)) - raft.server.log.statemachine.data.sync.timeout = 10s (default)
2022-05-17 16:34:07,684 [pool-471-thread-1] INFO  server.RaftServerConfigKeys (ConfUtils.java:logGet(44)) - raft.server.log.statemachine.data.sync.timeout.retry = -1 (default)
2022-05-17 16:34:07,684 [pool-471-thread-1] INFO  server.RaftServerConfigKeys (ConfUtils.java:logGet(44)) - raft.server.log.write.buffer.size = 1048576 (custom)
2022-05-17 16:34:07,685 [pool-471-thread-1] INFO  server.RaftServerConfigKeys (ConfUtils.java:logGet(44)) - raft.server.log.statemachine.data.caching.enabled = true (custom)
2022-05-17 16:34:07,685 [pool-471-thread-1] INFO  segmented.SegmentedRaftLogWorker (SegmentedRaftLogWorker.java:lambda$new$0(133)) - 87f99f00-2ae8-45cb-a60b-61c829da18e7@group-C808F5CB0A28-SegmentedRaftLogWorker: flushIndex: setUnconditionally 0 -> -1
2022-05-17 16:34:07,685 [pool-471-thread-1] INFO  segmented.SegmentedRaftLogWorker (SegmentedRaftLogWorker.java:lambda$new$0(133)) - 87f99f00-2ae8-45cb-a60b-61c829da18e7@group-C808F5CB0A28-SegmentedRaftLogWorker: safeCacheEvictIndex: setUnconditionally 0 -> -1
2022-05-17 16:34:07,686 [EventQueue-PipelineReportForPipelineReportHandler] INFO  pipeline.PipelineManagerImpl (PipelineManagerImpl.java:openPipeline(336)) - Pipeline Pipeline[ Id: b2a116ce-2a71-41c9-9fe6-c808f5cb0a28, Nodes: 87f99f00-2ae8-45cb-a60b-61c829da18e7{ip: 10.1.0.54, host: fv-az297-879.nmf1rxwemy4u5di1sxxf4ejcwb.jx.internal.cloudapp.net, ports: [REPLICATION=46831, RATIS=37041, RATIS_ADMIN=37041, RATIS_SERVER=37041, STANDALONE=45101], networkLocation: /default-rack, certSerialId: null, persistedOpState: IN_SERVICE, persistedOpStateExpiryEpochSec: 0}, ReplicationConfig: RATIS/ONE, State:ALLOCATED, leaderId:87f99f00-2ae8-45cb-a60b-61c829da18e7, CreationTimestamp2022-05-17T16:34:04.680Z[Etc/UTC]] moved to OPEN state
2022-05-17 16:34:07,686 [EventQueue-OpenPipelineForHealthyPipelineSafeModeRule] INFO  safemode.SCMSafeModeManager (HealthyPipelineSafeModeRule.java:process(124)) - SCM in safe mode. Healthy pipelines reported count is 0, required healthy pipeline reported count is 1
2022-05-17 16:34:07,693 [pool-471-thread-1] INFO  server.RaftServerConfigKeys (ConfUtils.java:logGet(44)) - raft.server.snapshot.auto.trigger.enabled = true (custom)
2022-05-17 16:34:07,716 [pool-471-thread-1] INFO  server.RaftServerConfigKeys (ConfUtils.java:logGet(44)) - raft.server.snapshot.auto.trigger.threshold = 10000 (custom)
2022-05-17 16:34:07,716 [pool-471-thread-1] INFO  server.RaftServerConfigKeys (ConfUtils.java:logGet(44)) - raft.server.snapshot.retention.file.num = 5 (custom)
2022-05-17 16:34:07,716 [pool-471-thread-1] INFO  server.RaftServerConfigKeys (ConfUtils.java:logGet(44)) - raft.server.log.purge.upto.snapshot.index = false (default)
2022-05-17 16:34:07,717 [pool-471-thread-1] INFO  server.RaftServerConfigKeys (ConfUtils.java:logGet(44)) - raft.server.retrycache.expirytime = 600000ms (custom)
2022-05-17 16:34:07,717 [pool-471-thread-1] INFO  server.RaftServerConfigKeys (ConfUtils.java:logGet(44)) - raft.server.retrycache.statistics.expirytime = 100μs (default)
2022-05-17 16:34:07,718 [pool-471-thread-1] INFO  server.RaftServer$Division (RaftServerImpl.java:start(301)) - 87f99f00-2ae8-45cb-a60b-61c829da18e7@group-C808F5CB0A28: start as a follower, conf=-1: [87f99f00-2ae8-45cb-a60b-61c829da18e7|rpc:10.1.0.54:37041|priority:1], old=null
2022-05-17 16:34:07,718 [pool-471-thread-1] INFO  server.RaftServer$Division (RaftServerImpl.java:setRole(290)) - 87f99f00-2ae8-45cb-a60b-61c829da18e7@group-C808F5CB0A28: changes role from      null to FOLLOWER at term 0 for startAsFollower
2022-05-17 16:34:07,718 [pool-471-thread-1] INFO  impl.RoleInfo (RoleInfo.java:updateAndGet(130)) - 87f99f00-2ae8-45cb-a60b-61c829da18e7: start 87f99f00-2ae8-45cb-a60b-61c829da18e7@group-C808F5CB0A28-FollowerState
2022-05-17 16:34:07,723 [pool-471-thread-1] INFO  util.JmxRegister (JmxRegister.java:tryRegister(44)) - Successfully registered JMX Bean with object name Ratis:service=RaftServer,group=group-C808F5CB0A28,id=87f99f00-2ae8-45cb-a60b-61c829da18e7
2022-05-17 16:34:07,723 [Command processor thread] INFO  ratis.XceiverServerRatis (XceiverServerRatis.java:addGroup(765)) - Created group PipelineID=b2a116ce-2a71-41c9-9fe6-c808f5cb0a28
2022-05-17 16:34:07,723 [Command processor thread] INFO  commandhandler.CreatePipelineCommandHandler (CreatePipelineCommandHandler.java:handle(113)) - Created Pipeline RATIS ONE PipelineID=b2a116ce-2a71-41c9-9fe6-c808f5cb0a28.
2022-05-17 16:34:07,868 [Listener at 127.0.0.1/36839] INFO  ozone.MiniOzoneClusterImpl (MiniOzoneClusterImpl.java:lambda$waitForClusterToBeReady$0(221)) - Nodes are ready. Got 3 of 3 DN Heartbeats.
2022-05-17 16:34:07,869 [Listener at 127.0.0.1/36839] INFO  ozone.MiniOzoneClusterImpl (MiniOzoneClusterImpl.java:lambda$waitForClusterToBeReady$0(224)) - Waiting for cluster to exit safe mode
2022-05-17 16:34:07,869 [Listener at 127.0.0.1/36839] INFO  ozone.MiniOzoneClusterImpl (MiniOzoneClusterImpl.java:lambda$waitForClusterToBeReady$0(226)) - SCM became leader
2022-05-17 16:34:08,869 [Listener at 127.0.0.1/36839] INFO  ozone.MiniOzoneClusterImpl (MiniOzoneClusterImpl.java:lambda$waitForClusterToBeReady$0(221)) - Nodes are ready. Got 3 of 3 DN Heartbeats.
2022-05-17 16:34:08,869 [Listener at 127.0.0.1/36839] INFO  ozone.MiniOzoneClusterImpl (MiniOzoneClusterImpl.java:lambda$waitForClusterToBeReady$0(224)) - Waiting for cluster to exit safe mode
2022-05-17 16:34:08,869 [Listener at 127.0.0.1/36839] INFO  ozone.MiniOzoneClusterImpl (MiniOzoneClusterImpl.java:lambda$waitForClusterToBeReady$0(226)) - SCM became leader
2022-05-17 16:34:08,890 [Command processor thread] INFO  server.RaftServer (RaftServerProxy.java:addNew(95)) - cacfeafb-f0e3-4923-8b80-2de16076f35c: addNew group-8810F57F3271:[cacfeafb-f0e3-4923-8b80-2de16076f35c|rpc:10.1.0.54:35165|priority:1] returns group-8810F57F3271:java.util.concurrent.CompletableFuture@6536a164[Not completed]
2022-05-17 16:34:08,891 [pool-493-thread-1] INFO  server.RaftServer$Division (RaftServerImpl.java:<init>(184)) - cacfeafb-f0e3-4923-8b80-2de16076f35c: new RaftServerImpl for group-8810F57F3271:[cacfeafb-f0e3-4923-8b80-2de16076f35c|rpc:10.1.0.54:35165|priority:1] with ContainerStateMachine:uninitialized
2022-05-17 16:34:08,891 [pool-493-thread-1] INFO  server.RaftServerConfigKeys (ConfUtils.java:logGet(44)) - raft.server.rpc.timeout.min = 5s (custom)
2022-05-17 16:34:08,892 [pool-493-thread-1] INFO  server.RaftServerConfigKeys (ConfUtils.java:logGet(44)) - raft.server.rpc.timeout.max = 5200ms (custom)
2022-05-17 16:34:08,892 [pool-493-thread-1] INFO  server.RaftServerConfigKeys (ConfUtils.java:logGet(44)) - raft.server.rpc.sleep.time = 25ms (default)
2022-05-17 16:34:08,892 [pool-493-thread-1] INFO  server.RaftServerConfigKeys (ConfUtils.java:logGet(44)) - raft.server.rpc.slowness.timeout = 300s (custom)
2022-05-17 16:34:08,892 [pool-493-thread-1] INFO  server.RaftServerConfigKeys (ConfUtils.java:logGet(44)) - raft.server.leaderelection.leader.step-down.wait-time = 10s (default)
2022-05-17 16:34:08,892 [pool-493-thread-1] INFO  server.RaftServerConfigKeys (ConfUtils.java:logGet(44)) - raft.server.sleep.deviation.threshold = 300ms (default)
2022-05-17 16:34:08,892 [pool-493-thread-1] INFO  server.RaftServerConfigKeys (ConfUtils.java:logGet(44)) - raft.server.log.appender.install.snapshot.enabled = false (custom)
2022-05-17 16:34:08,892 [pool-493-thread-1] INFO  server.RaftServer$Division (ServerState.java:<init>(105)) - cacfeafb-f0e3-4923-8b80-2de16076f35c@group-8810F57F3271: ConfigurationManager, init=-1: [cacfeafb-f0e3-4923-8b80-2de16076f35c|rpc:10.1.0.54:35165|priority:1], old=null, confs=<EMPTY_MAP>
2022-05-17 16:34:08,892 [pool-493-thread-1] INFO  server.RaftServerConfigKeys (ConfUtils.java:logGet(44)) - raft.server.storage.dir = [/home/runner/work/ozone/ozone/hadoop-ozone/integration-test/target/test-dir/MiniOzoneClusterImpl-f433c0cb-757b-452a-bd5e-bd62417e1d68/datanode-2/data/ratis] (custom)
2022-05-17 16:34:08,892 [pool-493-thread-1] INFO  server.RaftServerConfigKeys (ConfUtils.java:logGet(44)) - raft.server.log.corruption.policy = EXCEPTION (default)
2022-05-17 16:34:08,892 [pool-493-thread-1] INFO  server.RaftServerConfigKeys (ConfUtils.java:logGet(44)) - raft.server.storage.free-space.min = 0MB (=0) (default)
2022-05-17 16:34:08,892 [pool-493-thread-1] INFO  storage.RaftStorageDirectory (RaftStorageDirectoryImpl.java:analyzeStorage(135)) - The storage directory /home/runner/work/ozone/ozone/hadoop-ozone/integration-test/target/test-dir/MiniOzoneClusterImpl-f433c0cb-757b-452a-bd5e-bd62417e1d68/datanode-2/data/ratis/1d74d5c6-b9bb-4f21-bbe2-8810f57f3271 does not exist. Creating ...
2022-05-17 16:34:08,897 [pool-493-thread-1] INFO  storage.RaftStorageDirectory (RaftStorageDirectoryImpl.java:tryLock(230)) - Lock on /home/runner/work/ozone/ozone/hadoop-ozone/integration-test/target/test-dir/MiniOzoneClusterImpl-f433c0cb-757b-452a-bd5e-bd62417e1d68/datanode-2/data/ratis/1d74d5c6-b9bb-4f21-bbe2-8810f57f3271/in_use.lock acquired by nodename 17133@fv-az297-879
2022-05-17 16:34:08,899 [pool-493-thread-1] INFO  storage.RaftStorage (RaftStorageImpl.java:format(89)) - Storage directory /home/runner/work/ozone/ozone/hadoop-ozone/integration-test/target/test-dir/MiniOzoneClusterImpl-f433c0cb-757b-452a-bd5e-bd62417e1d68/datanode-2/data/ratis/1d74d5c6-b9bb-4f21-bbe2-8810f57f3271 has been successfully formatted.
2022-05-17 16:34:08,899 [pool-493-thread-1] INFO  ratis.ContainerStateMachine (ContainerStateMachine.java:loadSnapshot(236)) - group-8810F57F3271: The snapshot info is null. Setting the last applied indexto:(t:0, i:~)
2022-05-17 16:34:08,900 [pool-493-thread-1] INFO  server.RaftServerConfigKeys (ConfUtils.java:logGet(44)) - raft.server.notification.no-leader.timeout = 300s (custom)
2022-05-17 16:34:08,900 [pool-493-thread-1] INFO  server.RaftServerConfigKeys (ConfUtils.java:logGet(44)) - raft.server.log.use.memory = false (default)
2022-05-17 16:34:08,900 [pool-493-thread-1] INFO  server.RaftServerConfigKeys (ConfUtils.java:logGet(44)) - raft.server.log.purge.gap = 1000000 (custom)
2022-05-17 16:34:08,900 [pool-493-thread-1] INFO  server.RaftServerConfigKeys (ConfUtils.java:logGet(44)) - raft.server.log.appender.buffer.byte-limit = 33554432 (custom)
2022-05-17 16:34:08,900 [pool-493-thread-1] INFO  server.RaftServerConfigKeys (ConfUtils.java:logGet(44)) - raft.server.log.segment.size.max = 1048576 (custom)
2022-05-17 16:34:08,900 [pool-493-thread-1] INFO  server.RaftServerConfigKeys (ConfUtils.java:logGet(44)) - raft.server.log.segment.cache.num.max = 2 (custom)
2022-05-17 16:34:08,900 [pool-493-thread-1] INFO  server.RaftServerConfigKeys (ConfUtils.java:logGet(44)) - raft.server.log.segment.cache.size.max = 200MB (=209715200) (default)
2022-05-17 16:34:08,901 [pool-493-thread-1] INFO  segmented.SegmentedRaftLogWorker (SegmentedRaftLogWorker.java:<init>(182)) - new cacfeafb-f0e3-4923-8b80-2de16076f35c@group-8810F57F3271-SegmentedRaftLogWorker for RaftStorageImpl:Storage Directory /home/runner/work/ozone/ozone/hadoop-ozone/integration-test/target/test-dir/MiniOzoneClusterImpl-f433c0cb-757b-452a-bd5e-bd62417e1d68/datanode-2/data/ratis/1d74d5c6-b9bb-4f21-bbe2-8810f57f3271
2022-05-17 16:34:08,901 [pool-493-thread-1] INFO  server.RaftServerConfigKeys (ConfUtils.java:logGet(44)) - raft.server.log.queue.byte-limit = 4294967296 (custom)
2022-05-17 16:34:08,901 [pool-493-thread-1] INFO  server.RaftServerConfigKeys (ConfUtils.java:logGet(44)) - raft.server.log.queue.element-limit = 1024 (custom)
2022-05-17 16:34:08,901 [pool-493-thread-1] INFO  server.RaftServerConfigKeys (ConfUtils.java:logGet(44)) - raft.server.log.segment.size.max = 1048576 (custom)
2022-05-17 16:34:08,901 [pool-493-thread-1] INFO  server.RaftServerConfigKeys (ConfUtils.java:logGet(44)) - raft.server.log.preallocated.size = 16384 (custom)
2022-05-17 16:34:08,901 [pool-493-thread-1] INFO  server.RaftServerConfigKeys (ConfUtils.java:logGet(44)) - raft.server.log.force.sync.num = 128 (default)
2022-05-17 16:34:08,901 [pool-493-thread-1] INFO  server.RaftServerConfigKeys (ConfUtils.java:logGet(44)) - raft.server.log.statemachine.data.sync = true (default)
2022-05-17 16:34:08,901 [pool-493-thread-1] INFO  server.RaftServerConfigKeys (ConfUtils.java:logGet(44)) - raft.server.log.statemachine.data.sync.timeout = 10s (default)
2022-05-17 16:34:08,901 [pool-493-thread-1] INFO  server.RaftServerConfigKeys (ConfUtils.java:logGet(44)) - raft.server.log.statemachine.data.sync.timeout.retry = -1 (default)
2022-05-17 16:34:08,902 [EventQueue-PipelineReportForPipelineReportHandler] INFO  pipeline.PipelineManagerImpl (PipelineManagerImpl.java:openPipeline(336)) - Pipeline Pipeline[ Id: 1d74d5c6-b9bb-4f21-bbe2-8810f57f3271, Nodes: cacfeafb-f0e3-4923-8b80-2de16076f35c{ip: 10.1.0.54, host: fv-az297-879.nmf1rxwemy4u5di1sxxf4ejcwb.jx.internal.cloudapp.net, ports: [REPLICATION=36353, RATIS=35165, RATIS_ADMIN=35165, RATIS_SERVER=35165, STANDALONE=41653], networkLocation: /default-rack, certSerialId: null, persistedOpState: IN_SERVICE, persistedOpStateExpiryEpochSec: 0}, ReplicationConfig: RATIS/ONE, State:ALLOCATED, leaderId:cacfeafb-f0e3-4923-8b80-2de16076f35c, CreationTimestamp2022-05-17T16:34:05.911Z[Etc/UTC]] moved to OPEN state
2022-05-17 16:34:08,903 [EventQueue-OpenPipelineForHealthyPipelineSafeModeRule] INFO  safemode.SCMSafeModeManager (HealthyPipelineSafeModeRule.java:process(124)) - SCM in safe mode. Healthy pipelines reported count is 0, required healthy pipeline reported count is 1
2022-05-17 16:34:08,903 [pool-493-thread-1] INFO  server.RaftServerConfigKeys (ConfUtils.java:logGet(44)) - raft.server.log.write.buffer.size = 1048576 (custom)
2022-05-17 16:34:08,905 [pool-493-thread-1] INFO  server.RaftServerConfigKeys (ConfUtils.java:logGet(44)) - raft.server.log.statemachine.data.caching.enabled = true (custom)
2022-05-17 16:34:08,905 [pool-493-thread-1] INFO  segmented.SegmentedRaftLogWorker (SegmentedRaftLogWorker.java:lambda$new$0(133)) - cacfeafb-f0e3-4923-8b80-2de16076f35c@group-8810F57F3271-SegmentedRaftLogWorker: flushIndex: setUnconditionally 0 -> -1
2022-05-17 16:34:08,905 [pool-493-thread-1] INFO  segmented.SegmentedRaftLogWorker (SegmentedRaftLogWorker.java:lambda$new$0(133)) - cacfeafb-f0e3-4923-8b80-2de16076f35c@group-8810F57F3271-SegmentedRaftLogWorker: safeCacheEvictIndex: setUnconditionally 0 -> -1
2022-05-17 16:34:08,906 [pool-493-thread-1] INFO  server.RaftServerConfigKeys (ConfUtils.java:logGet(44)) - raft.server.snapshot.auto.trigger.enabled = true (custom)
2022-05-17 16:34:08,906 [pool-493-thread-1] INFO  server.RaftServerConfigKeys (ConfUtils.java:logGet(44)) - raft.server.snapshot.auto.trigger.threshold = 10000 (custom)
2022-05-17 16:34:08,906 [pool-493-thread-1] INFO  server.RaftServerConfigKeys (ConfUtils.java:logGet(44)) - raft.server.snapshot.retention.file.num = 5 (custom)
2022-05-17 16:34:08,906 [pool-493-thread-1] INFO  server.RaftServerConfigKeys (ConfUtils.java:logGet(44)) - raft.server.log.purge.upto.snapshot.index = false (default)
2022-05-17 16:34:08,906 [pool-493-thread-1] INFO  server.RaftServerConfigKeys (ConfUtils.java:logGet(44)) - raft.server.retrycache.expirytime = 600000ms (custom)
2022-05-17 16:34:08,906 [pool-493-thread-1] INFO  server.RaftServerConfigKeys (ConfUtils.java:logGet(44)) - raft.server.retrycache.statistics.expirytime = 100μs (default)
2022-05-17 16:34:08,911 [pool-493-thread-1] INFO  server.RaftServer$Division (RaftServerImpl.java:start(301)) - cacfeafb-f0e3-4923-8b80-2de16076f35c@group-8810F57F3271: start as a follower, conf=-1: [cacfeafb-f0e3-4923-8b80-2de16076f35c|rpc:10.1.0.54:35165|priority:1], old=null
2022-05-17 16:34:08,911 [pool-493-thread-1] INFO  server.RaftServer$Division (RaftServerImpl.java:setRole(290)) - cacfeafb-f0e3-4923-8b80-2de16076f35c@group-8810F57F3271: changes role from      null to FOLLOWER at term 0 for startAsFollower
2022-05-17 16:34:08,911 [pool-493-thread-1] INFO  impl.RoleInfo (RoleInfo.java:updateAndGet(130)) - cacfeafb-f0e3-4923-8b80-2de16076f35c: start cacfeafb-f0e3-4923-8b80-2de16076f35c@group-8810F57F3271-FollowerState
2022-05-17 16:34:08,916 [pool-493-thread-1] INFO  util.JmxRegister (JmxRegister.java:tryRegister(44)) - Successfully registered JMX Bean with object name Ratis:service=RaftServer,group=group-8810F57F3271,id=cacfeafb-f0e3-4923-8b80-2de16076f35c
2022-05-17 16:34:08,922 [Command processor thread] INFO  ratis.XceiverServerRatis (XceiverServerRatis.java:addGroup(765)) - Created group PipelineID=1d74d5c6-b9bb-4f21-bbe2-8810f57f3271
2022-05-17 16:34:08,922 [Command processor thread] INFO  commandhandler.CreatePipelineCommandHandler (CreatePipelineCommandHandler.java:handle(113)) - Created Pipeline RATIS ONE PipelineID=1d74d5c6-b9bb-4f21-bbe2-8810f57f3271.
2022-05-17 16:34:09,874 [Listener at 127.0.0.1/36839] INFO  ozone.MiniOzoneClusterImpl (MiniOzoneClusterImpl.java:lambda$waitForClusterToBeReady$0(221)) - Nodes are ready. Got 3 of 3 DN Heartbeats.
2022-05-17 16:34:09,874 [Listener at 127.0.0.1/36839] INFO  ozone.MiniOzoneClusterImpl (MiniOzoneClusterImpl.java:lambda$waitForClusterToBeReady$0(224)) - Waiting for cluster to exit safe mode
2022-05-17 16:34:09,874 [Listener at 127.0.0.1/36839] INFO  ozone.MiniOzoneClusterImpl (MiniOzoneClusterImpl.java:lambda$waitForClusterToBeReady$0(226)) - SCM became leader
2022-05-17 16:34:10,874 [Listener at 127.0.0.1/36839] INFO  ozone.MiniOzoneClusterImpl (MiniOzoneClusterImpl.java:lambda$waitForClusterToBeReady$0(221)) - Nodes are ready. Got 3 of 3 DN Heartbeats.
2022-05-17 16:34:10,875 [Listener at 127.0.0.1/36839] INFO  ozone.MiniOzoneClusterImpl (MiniOzoneClusterImpl.java:lambda$waitForClusterToBeReady$0(224)) - Waiting for cluster to exit safe mode
2022-05-17 16:34:10,875 [Listener at 127.0.0.1/36839] INFO  ozone.MiniOzoneClusterImpl (MiniOzoneClusterImpl.java:lambda$waitForClusterToBeReady$0(226)) - SCM became leader
2022-05-17 16:34:11,875 [Listener at 127.0.0.1/36839] INFO  ozone.MiniOzoneClusterImpl (MiniOzoneClusterImpl.java:lambda$waitForClusterToBeReady$0(221)) - Nodes are ready. Got 3 of 3 DN Heartbeats.
2022-05-17 16:34:11,875 [Listener at 127.0.0.1/36839] INFO  ozone.MiniOzoneClusterImpl (MiniOzoneClusterImpl.java:lambda$waitForClusterToBeReady$0(224)) - Waiting for cluster to exit safe mode
2022-05-17 16:34:11,875 [Listener at 127.0.0.1/36839] INFO  ozone.MiniOzoneClusterImpl (MiniOzoneClusterImpl.java:lambda$waitForClusterToBeReady$0(226)) - SCM became leader
2022-05-17 16:34:12,150 [8f09cdf8-1873-47b4-b74a-81c9bb8f7307@group-0D9FFF49D726-FollowerState] INFO  impl.FollowerState (FollowerState.java:run(134)) - 8f09cdf8-1873-47b4-b74a-81c9bb8f7307@group-0D9FFF49D726-FollowerState: change to CANDIDATE, lastRpcElapsedTime:5033034960ns, electionTimeout:5032ms
2022-05-17 16:34:12,151 [8f09cdf8-1873-47b4-b74a-81c9bb8f7307@group-0D9FFF49D726-FollowerState] INFO  impl.RoleInfo (RoleInfo.java:shutdownFollowerState(108)) - 8f09cdf8-1873-47b4-b74a-81c9bb8f7307: shutdown 8f09cdf8-1873-47b4-b74a-81c9bb8f7307@group-0D9FFF49D726-FollowerState
2022-05-17 16:34:12,151 [8f09cdf8-1873-47b4-b74a-81c9bb8f7307@group-0D9FFF49D726-FollowerState] INFO  server.RaftServer$Division (RaftServerImpl.java:setRole(290)) - 8f09cdf8-1873-47b4-b74a-81c9bb8f7307@group-0D9FFF49D726: changes role from  FOLLOWER to CANDIDATE at term 0 for changeToCandidate
2022-05-17 16:34:12,154 [8f09cdf8-1873-47b4-b74a-81c9bb8f7307@group-0D9FFF49D726-FollowerState] INFO  server.RaftServerConfigKeys (ConfUtils.java:logGet(44)) - raft.server.leaderelection.pre-vote = false (custom)
2022-05-17 16:34:12,154 [8f09cdf8-1873-47b4-b74a-81c9bb8f7307@group-0D9FFF49D726-FollowerState] INFO  impl.RoleInfo (RoleInfo.java:updateAndGet(130)) - 8f09cdf8-1873-47b4-b74a-81c9bb8f7307: start 8f09cdf8-1873-47b4-b74a-81c9bb8f7307@group-0D9FFF49D726-LeaderElection29
2022-05-17 16:34:12,187 [8f09cdf8-1873-47b4-b74a-81c9bb8f7307@group-0D9FFF49D726-LeaderElection29] INFO  impl.LeaderElection (LeaderElection.java:askForVotes(306)) - 8f09cdf8-1873-47b4-b74a-81c9bb8f7307@group-0D9FFF49D726-LeaderElection29 ELECTION round 0: submit vote requests at term 1 for -1: [8f09cdf8-1873-47b4-b74a-81c9bb8f7307|rpc:10.1.0.54:44579|priority:0, 87f99f00-2ae8-45cb-a60b-61c829da18e7|rpc:10.1.0.54:37041|priority:1, cacfeafb-f0e3-4923-8b80-2de16076f35c|rpc:10.1.0.54:35165|priority:0], old=null
2022-05-17 16:34:12,218 [grpc-default-executor-1] INFO  server.RaftServer$Division (RaftServerImpl.java:requestVote(1046)) - 87f99f00-2ae8-45cb-a60b-61c829da18e7@group-0D9FFF49D726: receive requestVote(ELECTION, 8f09cdf8-1873-47b4-b74a-81c9bb8f7307, group-0D9FFF49D726, 1, (t:0, i:0))
2022-05-17 16:34:12,218 [grpc-default-executor-1] INFO  impl.VoteContext (VoteContext.java:log(48)) - 87f99f00-2ae8-45cb-a60b-61c829da18e7@group-0D9FFF49D726-FOLLOWER: reject ELECTION from 8f09cdf8-1873-47b4-b74a-81c9bb8f7307: our priority 1 > candidate's priority 0
2022-05-17 16:34:12,218 [grpc-default-executor-1] INFO  server.RaftServer$Division (RaftServerImpl.java:setRole(290)) - 87f99f00-2ae8-45cb-a60b-61c829da18e7@group-0D9FFF49D726: changes role from  FOLLOWER to FOLLOWER at term 1 for candidate:8f09cdf8-1873-47b4-b74a-81c9bb8f7307
2022-05-17 16:34:12,218 [grpc-default-executor-1] INFO  impl.RoleInfo (RoleInfo.java:shutdownFollowerState(108)) - 87f99f00-2ae8-45cb-a60b-61c829da18e7: shutdown 87f99f00-2ae8-45cb-a60b-61c829da18e7@group-0D9FFF49D726-FollowerState
2022-05-17 16:34:12,230 [grpc-default-executor-1] INFO  impl.RoleInfo (RoleInfo.java:updateAndGet(130)) - 87f99f00-2ae8-45cb-a60b-61c829da18e7: start 87f99f00-2ae8-45cb-a60b-61c829da18e7@group-0D9FFF49D726-FollowerState
2022-05-17 16:34:12,230 [87f99f00-2ae8-45cb-a60b-61c829da18e7@group-0D9FFF49D726-FollowerState] INFO  impl.FollowerState (FollowerState.java:run(143)) - 87f99f00-2ae8-45cb-a60b-61c829da18e7@group-0D9FFF49D726-FollowerState was interrupted: {}
java.lang.InterruptedException: sleep interrupted
	at java.lang.Thread.sleep(Native Method)
	at java.lang.Thread.sleep(Thread.java:342)
	at java.util.concurrent.TimeUnit.sleep(TimeUnit.java:386)
	at org.apache.ratis.util.TimeDuration.sleep(TimeDuration.java:324)
	at org.apache.ratis.util.TimeDuration.sleep(TimeDuration.java:309)
	at org.apache.ratis.server.impl.FollowerState.run(FollowerState.java:118)
2022-05-17 16:34:12,236 [grpc-default-executor-0] INFO  server.RaftServer$Division (RaftServerImpl.java:requestVote(1046)) - cacfeafb-f0e3-4923-8b80-2de16076f35c@group-0D9FFF49D726: receive requestVote(ELECTION, 8f09cdf8-1873-47b4-b74a-81c9bb8f7307, group-0D9FFF49D726, 1, (t:0, i:0))
2022-05-17 16:34:12,236 [grpc-default-executor-0] INFO  impl.VoteContext (VoteContext.java:log(48)) - cacfeafb-f0e3-4923-8b80-2de16076f35c@group-0D9FFF49D726-FOLLOWER: accept ELECTION from 8f09cdf8-1873-47b4-b74a-81c9bb8f7307: our priority 0 <= candidate's priority 0
2022-05-17 16:34:12,236 [grpc-default-executor-0] INFO  server.RaftServer$Division (RaftServerImpl.java:setRole(290)) - cacfeafb-f0e3-4923-8b80-2de16076f35c@group-0D9FFF49D726: changes role from  FOLLOWER to FOLLOWER at term 1 for candidate:8f09cdf8-1873-47b4-b74a-81c9bb8f7307
2022-05-17 16:34:12,236 [grpc-default-executor-0] INFO  impl.RoleInfo (RoleInfo.java:shutdownFollowerState(108)) - cacfeafb-f0e3-4923-8b80-2de16076f35c: shutdown cacfeafb-f0e3-4923-8b80-2de16076f35c@group-0D9FFF49D726-FollowerState
2022-05-17 16:34:12,237 [grpc-default-executor-0] INFO  impl.RoleInfo (RoleInfo.java:updateAndGet(130)) - cacfeafb-f0e3-4923-8b80-2de16076f35c: start cacfeafb-f0e3-4923-8b80-2de16076f35c@group-0D9FFF49D726-FollowerState
2022-05-17 16:34:12,237 [cacfeafb-f0e3-4923-8b80-2de16076f35c@group-0D9FFF49D726-FollowerState] INFO  impl.FollowerState (FollowerState.java:run(143)) - cacfeafb-f0e3-4923-8b80-2de16076f35c@group-0D9FFF49D726-FollowerState was interrupted: {}
java.lang.InterruptedException: sleep interrupted
	at java.lang.Thread.sleep(Native Method)
	at java.lang.Thread.sleep(Thread.java:342)
	at java.util.concurrent.TimeUnit.sleep(TimeUnit.java:386)
	at org.apache.ratis.util.TimeDuration.sleep(TimeDuration.java:324)
	at org.apache.ratis.util.TimeDuration.sleep(TimeDuration.java:309)
	at org.apache.ratis.server.impl.FollowerState.run(FollowerState.java:118)
2022-05-17 16:34:12,239 [grpc-default-executor-1] INFO  server.RaftServer$Division (RaftServerImpl.java:requestVote(1078)) - 87f99f00-2ae8-45cb-a60b-61c829da18e7@group-0D9FFF49D726 replies to ELECTION vote request: 8f09cdf8-1873-47b4-b74a-81c9bb8f7307<-87f99f00-2ae8-45cb-a60b-61c829da18e7#0:FAIL-t1. Peer's state: 87f99f00-2ae8-45cb-a60b-61c829da18e7@group-0D9FFF49D726:t1, leader=null, voted=null, raftlog=87f99f00-2ae8-45cb-a60b-61c829da18e7@group-0D9FFF49D726-SegmentedRaftLog:OPENED:c-1, conf=-1: [8f09cdf8-1873-47b4-b74a-81c9bb8f7307|rpc:10.1.0.54:44579|dataStream:|priority:0, 87f99f00-2ae8-45cb-a60b-61c829da18e7|rpc:10.1.0.54:37041|dataStream:|priority:1, cacfeafb-f0e3-4923-8b80-2de16076f35c|rpc:10.1.0.54:35165|dataStream:|priority:0], old=null
2022-05-17 16:34:12,250 [grpc-default-executor-0] INFO  server.RaftServer$Division (RaftServerImpl.java:requestVote(1078)) - cacfeafb-f0e3-4923-8b80-2de16076f35c@group-0D9FFF49D726 replies to ELECTION vote request: 8f09cdf8-1873-47b4-b74a-81c9bb8f7307<-cacfeafb-f0e3-4923-8b80-2de16076f35c#0:OK-t1. Peer's state: cacfeafb-f0e3-4923-8b80-2de16076f35c@group-0D9FFF49D726:t1, leader=null, voted=8f09cdf8-1873-47b4-b74a-81c9bb8f7307, raftlog=cacfeafb-f0e3-4923-8b80-2de16076f35c@group-0D9FFF49D726-SegmentedRaftLog:OPENED:c-1, conf=-1: [8f09cdf8-1873-47b4-b74a-81c9bb8f7307|rpc:10.1.0.54:44579|dataStream:|priority:0, 87f99f00-2ae8-45cb-a60b-61c829da18e7|rpc:10.1.0.54:37041|dataStream:|priority:1, cacfeafb-f0e3-4923-8b80-2de16076f35c|rpc:10.1.0.54:35165|dataStream:|priority:0], old=null
2022-05-17 16:34:12,252 [8f09cdf8-1873-47b4-b74a-81c9bb8f7307@group-0D9FFF49D726-LeaderElection29] INFO  impl.LeaderElection (LeaderElection.java:logAndReturn(89)) - 8f09cdf8-1873-47b4-b74a-81c9bb8f7307@group-0D9FFF49D726-LeaderElection29: ELECTION REJECTED received 1 response(s) and 0 exception(s):
2022-05-17 16:34:12,252 [8f09cdf8-1873-47b4-b74a-81c9bb8f7307@group-0D9FFF49D726-LeaderElection29] INFO  impl.LeaderElection (LeaderElection.java:logAndReturn(93)) -   Response 0: 8f09cdf8-1873-47b4-b74a-81c9bb8f7307<-87f99f00-2ae8-45cb-a60b-61c829da18e7#0:FAIL-t1
2022-05-17 16:34:12,252 [8f09cdf8-1873-47b4-b74a-81c9bb8f7307@group-0D9FFF49D726-LeaderElection29] INFO  impl.LeaderElection (LeaderElection.java:askForVotes(308)) - 8f09cdf8-1873-47b4-b74a-81c9bb8f7307@group-0D9FFF49D726-LeaderElection29 ELECTION round 0: result REJECTED
2022-05-17 16:34:12,252 [8f09cdf8-1873-47b4-b74a-81c9bb8f7307@group-0D9FFF49D726-LeaderElection29] INFO  server.RaftServer$Division (RaftServerImpl.java:setRole(290)) - 8f09cdf8-1873-47b4-b74a-81c9bb8f7307@group-0D9FFF49D726: changes role from CANDIDATE to FOLLOWER at term 1 for REJECTED
2022-05-17 16:34:12,252 [8f09cdf8-1873-47b4-b74a-81c9bb8f7307@group-0D9FFF49D726-LeaderElection29] INFO  impl.RoleInfo (RoleInfo.java:shutdownLeaderElection(121)) - 8f09cdf8-1873-47b4-b74a-81c9bb8f7307: shutdown 8f09cdf8-1873-47b4-b74a-81c9bb8f7307@group-0D9FFF49D726-LeaderElection29
2022-05-17 16:34:12,252 [8f09cdf8-1873-47b4-b74a-81c9bb8f7307@group-0D9FFF49D726-LeaderElection29] INFO  impl.RoleInfo (RoleInfo.java:updateAndGet(130)) - 8f09cdf8-1873-47b4-b74a-81c9bb8f7307: start 8f09cdf8-1873-47b4-b74a-81c9bb8f7307@group-0D9FFF49D726-FollowerState
2022-05-17 16:34:12,260 [8f09cdf8-1873-47b4-b74a-81c9bb8f7307@group-76638C5FA0BE-FollowerState] INFO  impl.FollowerState (FollowerState.java:run(134)) - 8f09cdf8-1873-47b4-b74a-81c9bb8f7307@group-76638C5FA0BE-FollowerState: change to CANDIDATE, lastRpcElapsedTime:5178277432ns, electionTimeout:5170ms
2022-05-17 16:34:12,260 [8f09cdf8-1873-47b4-b74a-81c9bb8f7307@group-76638C5FA0BE-FollowerState] INFO  impl.RoleInfo (RoleInfo.java:shutdownFollowerState(108)) - 8f09cdf8-1873-47b4-b74a-81c9bb8f7307: shutdown 8f09cdf8-1873-47b4-b74a-81c9bb8f7307@group-76638C5FA0BE-FollowerState
2022-05-17 16:34:12,260 [8f09cdf8-1873-47b4-b74a-81c9bb8f7307@group-76638C5FA0BE-FollowerState] INFO  server.RaftServer$Division (RaftServerImpl.java:setRole(290)) - 8f09cdf8-1873-47b4-b74a-81c9bb8f7307@group-76638C5FA0BE: changes role from  FOLLOWER to CANDIDATE at term 0 for changeToCandidate
2022-05-17 16:34:12,261 [8f09cdf8-1873-47b4-b74a-81c9bb8f7307@group-76638C5FA0BE-FollowerState] INFO  server.RaftServerConfigKeys (ConfUtils.java:logGet(44)) - raft.server.leaderelection.pre-vote = false (custom)
2022-05-17 16:34:12,261 [8f09cdf8-1873-47b4-b74a-81c9bb8f7307@group-76638C5FA0BE-FollowerState] INFO  impl.RoleInfo (RoleInfo.java:updateAndGet(130)) - 8f09cdf8-1873-47b4-b74a-81c9bb8f7307: start 8f09cdf8-1873-47b4-b74a-81c9bb8f7307@group-76638C5FA0BE-LeaderElection30
2022-05-17 16:34:12,302 [8f09cdf8-1873-47b4-b74a-81c9bb8f7307@group-76638C5FA0BE-LeaderElection30] INFO  impl.LeaderElection (LeaderElection.java:askForVotes(306)) - 8f09cdf8-1873-47b4-b74a-81c9bb8f7307@group-76638C5FA0BE-LeaderElection30 ELECTION round 0: submit vote requests at term 1 for -1: [8f09cdf8-1873-47b4-b74a-81c9bb8f7307|rpc:10.1.0.54:44579|priority:1], old=null
2022-05-17 16:34:12,302 [8f09cdf8-1873-47b4-b74a-81c9bb8f7307@group-76638C5FA0BE-LeaderElection30] INFO  impl.LeaderElection (LeaderElection.java:askForVotes(308)) - 8f09cdf8-1873-47b4-b74a-81c9bb8f7307@group-76638C5FA0BE-LeaderElection30 ELECTION round 0: result PASSED (term=1)
2022-05-17 16:34:12,302 [8f09cdf8-1873-47b4-b74a-81c9bb8f7307@group-76638C5FA0BE-LeaderElection30] INFO  impl.RoleInfo (RoleInfo.java:shutdownLeaderElection(121)) - 8f09cdf8-1873-47b4-b74a-81c9bb8f7307: shutdown 8f09cdf8-1873-47b4-b74a-81c9bb8f7307@group-76638C5FA0BE-LeaderElection30
2022-05-17 16:34:12,302 [8f09cdf8-1873-47b4-b74a-81c9bb8f7307@group-76638C5FA0BE-LeaderElection30] INFO  server.RaftServer$Division (RaftServerImpl.java:setRole(290)) - 8f09cdf8-1873-47b4-b74a-81c9bb8f7307@group-76638C5FA0BE: changes role from CANDIDATE to LEADER at term 1 for changeToLeader
2022-05-17 16:34:12,302 [8f09cdf8-1873-47b4-b74a-81c9bb8f7307@group-76638C5FA0BE-LeaderElection30] INFO  ratis.XceiverServerRatis (XceiverServerRatis.java:handleLeaderChangedNotification(863)) - Leader change notification received for group: group-76638C5FA0BE with new leaderId: 8f09cdf8-1873-47b4-b74a-81c9bb8f7307
2022-05-17 16:34:12,303 [8f09cdf8-1873-47b4-b74a-81c9bb8f7307@group-76638C5FA0BE-LeaderElection30] INFO  server.RaftServer$Division (ServerState.java:setLeader(285)) - 8f09cdf8-1873-47b4-b74a-81c9bb8f7307@group-76638C5FA0BE: change Leader from null to 8f09cdf8-1873-47b4-b74a-81c9bb8f7307 at term 1 for becomeLeader, leader elected after 5251ms
2022-05-17 16:34:12,303 [8f09cdf8-1873-47b4-b74a-81c9bb8f7307@group-76638C5FA0BE-LeaderElection30] INFO  server.RaftServerConfigKeys (ConfUtils.java:logGet(44)) - raft.server.staging.catchup.gap = 1000 (default)
2022-05-17 16:34:12,303 [8f09cdf8-1873-47b4-b74a-81c9bb8f7307@group-76638C5FA0BE-LeaderElection30] INFO  server.RaftServerConfigKeys (ConfUtils.java:logGet(44)) - raft.server.write.element-limit = 1024 (custom)
2022-05-17 16:34:12,304 [8f09cdf8-1873-47b4-b74a-81c9bb8f7307@group-76638C5FA0BE-LeaderElection30] INFO  server.RaftServerConfigKeys (ConfUtils.java:logGet(44)) - raft.server.write.byte-limit = 1024 M (=1073741824) (custom)
2022-05-17 16:34:12,304 [EventQueue-OpenPipelineForHealthyPipelineSafeModeRule] INFO  safemode.SCMSafeModeManager (HealthyPipelineSafeModeRule.java:process(124)) - SCM in safe mode. Healthy pipelines reported count is 0, required healthy pipeline reported count is 1
2022-05-17 16:34:12,307 [8f09cdf8-1873-47b4-b74a-81c9bb8f7307@group-76638C5FA0BE-LeaderElection30] INFO  server.RaftServerConfigKeys (ConfUtils.java:logGet(44)) - raft.server.watch.timeout = 180s (custom)
2022-05-17 16:34:12,307 [8f09cdf8-1873-47b4-b74a-81c9bb8f7307@group-76638C5FA0BE-LeaderElection30] INFO  server.RaftServerConfigKeys (ConfUtils.java:logGet(44)) - raft.server.watch.timeout.denomination = 1s (default)
2022-05-17 16:34:12,307 [8f09cdf8-1873-47b4-b74a-81c9bb8f7307@group-76638C5FA0BE-LeaderElection30] INFO  server.RaftServerConfigKeys (ConfUtils.java:logGet(44)) - raft.server.watch.element-limit = 65536 (default)
2022-05-17 16:34:12,307 [8f09cdf8-1873-47b4-b74a-81c9bb8f7307@group-76638C5FA0BE-LeaderElection30] INFO  server.RaftServerConfigKeys (ConfUtils.java:logGet(44)) - raft.server.write.element-limit = 1024 (custom)
2022-05-17 16:34:12,307 [8f09cdf8-1873-47b4-b74a-81c9bb8f7307@group-76638C5FA0BE-LeaderElection30] INFO  server.RaftServerConfigKeys (ConfUtils.java:logGet(44)) - raft.server.write.follower.gap.ratio.max = -1.0 (default)
2022-05-17 16:34:12,307 [8f09cdf8-1873-47b4-b74a-81c9bb8f7307@group-76638C5FA0BE-LeaderElection30] INFO  impl.RoleInfo (RoleInfo.java:updateAndGet(130)) - 8f09cdf8-1873-47b4-b74a-81c9bb8f7307: start 8f09cdf8-1873-47b4-b74a-81c9bb8f7307@group-76638C5FA0BE-LeaderStateImpl
2022-05-17 16:34:12,307 [8f09cdf8-1873-47b4-b74a-81c9bb8f7307@group-76638C5FA0BE-LeaderElection30] INFO  segmented.SegmentedRaftLogWorker (SegmentedRaftLogWorker.java:startLogSegment(394)) - 8f09cdf8-1873-47b4-b74a-81c9bb8f7307@group-76638C5FA0BE-SegmentedRaftLogWorker: Starting segment from index:0
2022-05-17 16:34:12,315 [8f09cdf8-1873-47b4-b74a-81c9bb8f7307@group-76638C5FA0BE-SegmentedRaftLogWorker] INFO  segmented.SegmentedRaftLogWorker (SegmentedRaftLogWorker.java:execute(601)) - 8f09cdf8-1873-47b4-b74a-81c9bb8f7307@group-76638C5FA0BE-SegmentedRaftLogWorker: created new log segment /home/runner/work/ozone/ozone/hadoop-ozone/integration-test/target/test-dir/MiniOzoneClusterImpl-f433c0cb-757b-452a-bd5e-bd62417e1d68/datanode-0/data/ratis/353da430-c2bc-4fb3-a2ea-76638c5fa0be/current/log_inprogress_0
2022-05-17 16:34:12,338 [8f09cdf8-1873-47b4-b74a-81c9bb8f7307@group-76638C5FA0BE-LeaderElection30] INFO  server.RaftServer$Division (ServerState.java:setRaftConf(387)) - 8f09cdf8-1873-47b4-b74a-81c9bb8f7307@group-76638C5FA0BE: set configuration 0: [8f09cdf8-1873-47b4-b74a-81c9bb8f7307|rpc:10.1.0.54:44579|dataStream:|priority:1], old=null
2022-05-17 16:34:12,649 [87f99f00-2ae8-45cb-a60b-61c829da18e7@group-E86B99B80995-FollowerState] INFO  impl.FollowerState (FollowerState.java:run(134)) - 87f99f00-2ae8-45cb-a60b-61c829da18e7@group-E86B99B80995-FollowerState: change to CANDIDATE, lastRpcElapsedTime:5118898398ns, electionTimeout:5111ms
2022-05-17 16:34:12,650 [87f99f00-2ae8-45cb-a60b-61c829da18e7@group-E86B99B80995-FollowerState] INFO  impl.RoleInfo (RoleInfo.java:shutdownFollowerState(108)) - 87f99f00-2ae8-45cb-a60b-61c829da18e7: shutdown 87f99f00-2ae8-45cb-a60b-61c829da18e7@group-E86B99B80995-FollowerState
2022-05-17 16:34:12,650 [87f99f00-2ae8-45cb-a60b-61c829da18e7@group-E86B99B80995-FollowerState] INFO  server.RaftServer$Division (RaftServerImpl.java:setRole(290)) - 87f99f00-2ae8-45cb-a60b-61c829da18e7@group-E86B99B80995: changes role from  FOLLOWER to CANDIDATE at term 0 for changeToCandidate
2022-05-17 16:34:12,651 [87f99f00-2ae8-45cb-a60b-61c829da18e7@group-E86B99B80995-FollowerState] INFO  server.RaftServerConfigKeys (ConfUtils.java:logGet(44)) - raft.server.leaderelection.pre-vote = false (custom)
2022-05-17 16:34:12,651 [87f99f00-2ae8-45cb-a60b-61c829da18e7@group-E86B99B80995-FollowerState] INFO  impl.RoleInfo (RoleInfo.java:updateAndGet(130)) - 87f99f00-2ae8-45cb-a60b-61c829da18e7: start 87f99f00-2ae8-45cb-a60b-61c829da18e7@group-E86B99B80995-LeaderElection31
2022-05-17 16:34:12,652 [8f09cdf8-1873-47b4-b74a-81c9bb8f7307@group-E86B99B80995-FollowerState] INFO  impl.FollowerState (FollowerState.java:run(134)) - 8f09cdf8-1873-47b4-b74a-81c9bb8f7307@group-E86B99B80995-FollowerState: change to CANDIDATE, lastRpcElapsedTime:5196338004ns, electionTimeout:5190ms
2022-05-17 16:34:12,652 [8f09cdf8-1873-47b4-b74a-81c9bb8f7307@group-E86B99B80995-FollowerState] INFO  impl.RoleInfo (RoleInfo.java:shutdownFollowerState(108)) - 8f09cdf8-1873-47b4-b74a-81c9bb8f7307: shutdown 8f09cdf8-1873-47b4-b74a-81c9bb8f7307@group-E86B99B80995-FollowerState
2022-05-17 16:34:12,652 [8f09cdf8-1873-47b4-b74a-81c9bb8f7307@group-E86B99B80995-FollowerState] INFO  server.RaftServer$Division (RaftServerImpl.java:setRole(290)) - 8f09cdf8-1873-47b4-b74a-81c9bb8f7307@group-E86B99B80995: changes role from  FOLLOWER to CANDIDATE at term 0 for changeToCandidate
2022-05-17 16:34:12,665 [8f09cdf8-1873-47b4-b74a-81c9bb8f7307@group-E86B99B80995-FollowerState] INFO  server.RaftServerConfigKeys (ConfUtils.java:logGet(44)) - raft.server.leaderelection.pre-vote = false (custom)
2022-05-17 16:34:12,666 [8f09cdf8-1873-47b4-b74a-81c9bb8f7307@group-E86B99B80995-FollowerState] INFO  impl.RoleInfo (RoleInfo.java:updateAndGet(130)) - 8f09cdf8-1873-47b4-b74a-81c9bb8f7307: start 8f09cdf8-1873-47b4-b74a-81c9bb8f7307@group-E86B99B80995-LeaderElection32
2022-05-17 16:34:12,674 [87f99f00-2ae8-45cb-a60b-61c829da18e7@group-E86B99B80995-LeaderElection31] INFO  impl.LeaderElection (LeaderElection.java:askForVotes(306)) - 87f99f00-2ae8-45cb-a60b-61c829da18e7@group-E86B99B80995-LeaderElection31 ELECTION round 0: submit vote requests at term 1 for -1: [8f09cdf8-1873-47b4-b74a-81c9bb8f7307|rpc:10.1.0.54:44579|dataStream:|priority:1, 87f99f00-2ae8-45cb-a60b-61c829da18e7|rpc:10.1.0.54:37041|dataStream:|priority:0, cacfeafb-f0e3-4923-8b80-2de16076f35c|rpc:10.1.0.54:35165|dataStream:|priority:0], old=null
2022-05-17 16:34:12,696 [8f09cdf8-1873-47b4-b74a-81c9bb8f7307@group-E86B99B80995-LeaderElection32] INFO  impl.LeaderElection (LeaderElection.java:askForVotes(306)) - 8f09cdf8-1873-47b4-b74a-81c9bb8f7307@group-E86B99B80995-LeaderElection32 ELECTION round 0: submit vote requests at term 1 for -1: [8f09cdf8-1873-47b4-b74a-81c9bb8f7307|rpc:10.1.0.54:44579|priority:1, 87f99f00-2ae8-45cb-a60b-61c829da18e7|rpc:10.1.0.54:37041|priority:0, cacfeafb-f0e3-4923-8b80-2de16076f35c|rpc:10.1.0.54:35165|priority:0], old=null
2022-05-17 16:34:12,726 [grpc-default-executor-0] INFO  server.RaftServer$Division (RaftServerImpl.java:requestVote(1046)) - 87f99f00-2ae8-45cb-a60b-61c829da18e7@group-E86B99B80995: receive requestVote(ELECTION, 8f09cdf8-1873-47b4-b74a-81c9bb8f7307, group-E86B99B80995, 1, (t:0, i:0))
2022-05-17 16:34:12,734 [grpc-default-executor-0] INFO  impl.VoteContext (VoteContext.java:log(48)) - 87f99f00-2ae8-45cb-a60b-61c829da18e7@group-E86B99B80995-CANDIDATE: reject ELECTION from 8f09cdf8-1873-47b4-b74a-81c9bb8f7307: already has voted for 87f99f00-2ae8-45cb-a60b-61c829da18e7 at current term 1
2022-05-17 16:34:12,734 [grpc-default-executor-0] INFO  server.RaftServer$Division (RaftServerImpl.java:requestVote(1078)) - 87f99f00-2ae8-45cb-a60b-61c829da18e7@group-E86B99B80995 replies to ELECTION vote request: 8f09cdf8-1873-47b4-b74a-81c9bb8f7307<-87f99f00-2ae8-45cb-a60b-61c829da18e7#0:FAIL-t1. Peer's state: 87f99f00-2ae8-45cb-a60b-61c829da18e7@group-E86B99B80995:t1, leader=null, voted=87f99f00-2ae8-45cb-a60b-61c829da18e7, raftlog=87f99f00-2ae8-45cb-a60b-61c829da18e7@group-E86B99B80995-SegmentedRaftLog:OPENED:c-1, conf=-1: [8f09cdf8-1873-47b4-b74a-81c9bb8f7307|rpc:10.1.0.54:44579|dataStream:|priority:1, 87f99f00-2ae8-45cb-a60b-61c829da18e7|rpc:10.1.0.54:37041|dataStream:|priority:0, cacfeafb-f0e3-4923-8b80-2de16076f35c|rpc:10.1.0.54:35165|dataStream:|priority:0], old=null
2022-05-17 16:34:12,735 [grpc-default-executor-1] INFO  server.RaftServer$Division (RaftServerImpl.java:requestVote(1046)) - cacfeafb-f0e3-4923-8b80-2de16076f35c@group-E86B99B80995: receive requestVote(ELECTION, 8f09cdf8-1873-47b4-b74a-81c9bb8f7307, group-E86B99B80995, 1, (t:0, i:0))
2022-05-17 16:34:12,735 [grpc-default-executor-1] INFO  impl.VoteContext (VoteContext.java:log(48)) - cacfeafb-f0e3-4923-8b80-2de16076f35c@group-E86B99B80995-FOLLOWER: accept ELECTION from 8f09cdf8-1873-47b4-b74a-81c9bb8f7307: our priority 0 <= candidate's priority 1
2022-05-17 16:34:12,735 [grpc-default-executor-1] INFO  server.RaftServer$Division (RaftServerImpl.java:setRole(290)) - cacfeafb-f0e3-4923-8b80-2de16076f35c@group-E86B99B80995: changes role from  FOLLOWER to FOLLOWER at term 1 for candidate:8f09cdf8-1873-47b4-b74a-81c9bb8f7307
2022-05-17 16:34:12,735 [grpc-default-executor-1] INFO  impl.RoleInfo (RoleInfo.java:shutdownFollowerState(108)) - cacfeafb-f0e3-4923-8b80-2de16076f35c: shutdown cacfeafb-f0e3-4923-8b80-2de16076f35c@group-E86B99B80995-FollowerState
2022-05-17 16:34:12,735 [grpc-default-executor-1] INFO  impl.RoleInfo (RoleInfo.java:updateAndGet(130)) - cacfeafb-f0e3-4923-8b80-2de16076f35c: start cacfeafb-f0e3-4923-8b80-2de16076f35c@group-E86B99B80995-FollowerState
2022-05-17 16:34:12,736 [cacfeafb-f0e3-4923-8b80-2de16076f35c@group-E86B99B80995-FollowerState] INFO  impl.FollowerState (FollowerState.java:run(143)) - cacfeafb-f0e3-4923-8b80-2de16076f35c@group-E86B99B80995-FollowerState was interrupted: {}
java.lang.InterruptedException: sleep interrupted
	at java.lang.Thread.sleep(Native Method)
	at java.lang.Thread.sleep(Thread.java:342)
	at java.util.concurrent.TimeUnit.sleep(TimeUnit.java:386)
	at org.apache.ratis.util.TimeDuration.sleep(TimeDuration.java:324)
	at org.apache.ratis.util.TimeDuration.sleep(TimeDuration.java:309)
	at org.apache.ratis.server.impl.FollowerState.run(FollowerState.java:118)
2022-05-17 16:34:12,749 [87f99f00-2ae8-45cb-a60b-61c829da18e7@group-C808F5CB0A28-FollowerState] INFO  impl.FollowerState (FollowerState.java:run(134)) - 87f99f00-2ae8-45cb-a60b-61c829da18e7@group-C808F5CB0A28-FollowerState: change to CANDIDATE, lastRpcElapsedTime:5031036252ns, electionTimeout:5026ms
2022-05-17 16:34:12,755 [87f99f00-2ae8-45cb-a60b-61c829da18e7@group-C808F5CB0A28-FollowerState] INFO  impl.RoleInfo (RoleInfo.java:shutdownFollowerState(108)) - 87f99f00-2ae8-45cb-a60b-61c829da18e7: shutdown 87f99f00-2ae8-45cb-a60b-61c829da18e7@group-C808F5CB0A28-FollowerState
2022-05-17 16:34:12,755 [87f99f00-2ae8-45cb-a60b-61c829da18e7@group-C808F5CB0A28-FollowerState] INFO  server.RaftServer$Division (RaftServerImpl.java:setRole(290)) - 87f99f00-2ae8-45cb-a60b-61c829da18e7@group-C808F5CB0A28: changes role from  FOLLOWER to CANDIDATE at term 0 for changeToCandidate
2022-05-17 16:34:12,756 [87f99f00-2ae8-45cb-a60b-61c829da18e7@group-C808F5CB0A28-FollowerState] INFO  server.RaftServerConfigKeys (ConfUtils.java:logGet(44)) - raft.server.leaderelection.pre-vote = false (custom)
2022-05-17 16:34:12,756 [87f99f00-2ae8-45cb-a60b-61c829da18e7@group-C808F5CB0A28-FollowerState] INFO  impl.RoleInfo (RoleInfo.java:updateAndGet(130)) - 87f99f00-2ae8-45cb-a60b-61c829da18e7: start 87f99f00-2ae8-45cb-a60b-61c829da18e7@group-C808F5CB0A28-LeaderElection33
2022-05-17 16:34:12,737 [grpc-default-executor-1] INFO  server.RaftServer$Division (RaftServerImpl.java:requestVote(1078)) - cacfeafb-f0e3-4923-8b80-2de16076f35c@group-E86B99B80995 replies to ELECTION vote request: 8f09cdf8-1873-47b4-b74a-81c9bb8f7307<-cacfeafb-f0e3-4923-8b80-2de16076f35c#0:OK-t1. Peer's state: cacfeafb-f0e3-4923-8b80-2de16076f35c@group-E86B99B80995:t1, leader=null, voted=8f09cdf8-1873-47b4-b74a-81c9bb8f7307, raftlog=cacfeafb-f0e3-4923-8b80-2de16076f35c@group-E86B99B80995-SegmentedRaftLog:OPENED:c-1, conf=-1: [8f09cdf8-1873-47b4-b74a-81c9bb8f7307|rpc:10.1.0.54:44579|dataStream:|priority:1, 87f99f00-2ae8-45cb-a60b-61c829da18e7|rpc:10.1.0.54:37041|dataStream:|priority:0, cacfeafb-f0e3-4923-8b80-2de16076f35c|rpc:10.1.0.54:35165|dataStream:|priority:0], old=null
2022-05-17 16:34:12,760 [grpc-default-executor-3] INFO  server.RaftServer$Division (RaftServerImpl.java:requestVote(1046)) - 8f09cdf8-1873-47b4-b74a-81c9bb8f7307@group-E86B99B80995: receive requestVote(ELECTION, 87f99f00-2ae8-45cb-a60b-61c829da18e7, group-E86B99B80995, 1, (t:0, i:0))
2022-05-17 16:34:12,760 [grpc-default-executor-3] INFO  impl.VoteContext (VoteContext.java:log(48)) - 8f09cdf8-1873-47b4-b74a-81c9bb8f7307@group-E86B99B80995-CANDIDATE: reject ELECTION from 87f99f00-2ae8-45cb-a60b-61c829da18e7: already has voted for 8f09cdf8-1873-47b4-b74a-81c9bb8f7307 at current term 1
2022-05-17 16:34:12,760 [grpc-default-executor-3] INFO  server.RaftServer$Division (RaftServerImpl.java:requestVote(1078)) - 8f09cdf8-1873-47b4-b74a-81c9bb8f7307@group-E86B99B80995 replies to ELECTION vote request: 87f99f00-2ae8-45cb-a60b-61c829da18e7<-8f09cdf8-1873-47b4-b74a-81c9bb8f7307#0:FAIL-t1. Peer's state: 8f09cdf8-1873-47b4-b74a-81c9bb8f7307@group-E86B99B80995:t1, leader=null, voted=8f09cdf8-1873-47b4-b74a-81c9bb8f7307, raftlog=8f09cdf8-1873-47b4-b74a-81c9bb8f7307@group-E86B99B80995-SegmentedRaftLog:OPENED:c-1, conf=-1: [8f09cdf8-1873-47b4-b74a-81c9bb8f7307|rpc:10.1.0.54:44579|priority:1, 87f99f00-2ae8-45cb-a60b-61c829da18e7|rpc:10.1.0.54:37041|priority:0, cacfeafb-f0e3-4923-8b80-2de16076f35c|rpc:10.1.0.54:35165|priority:0], old=null
2022-05-17 16:34:12,774 [grpc-default-executor-2] INFO  server.RaftServer$Division (RaftServerImpl.java:requestVote(1046)) - cacfeafb-f0e3-4923-8b80-2de16076f35c@group-E86B99B80995: receive requestVote(ELECTION, 87f99f00-2ae8-45cb-a60b-61c829da18e7, group-E86B99B80995, 1, (t:0, i:0))
2022-05-17 16:34:12,781 [87f99f00-2ae8-45cb-a60b-61c829da18e7@group-E86B99B80995-LeaderElection31] INFO  impl.LeaderElection (LeaderElection.java:logAndReturn(89)) - 87f99f00-2ae8-45cb-a60b-61c829da18e7@group-E86B99B80995-LeaderElection31: ELECTION REJECTED received 1 response(s) and 0 exception(s):
2022-05-17 16:34:12,780 [8f09cdf8-1873-47b4-b74a-81c9bb8f7307@group-E86B99B80995-LeaderElection32] INFO  impl.LeaderElection (LeaderElection.java:logAndReturn(89)) - 8f09cdf8-1873-47b4-b74a-81c9bb8f7307@group-E86B99B80995-LeaderElection32: ELECTION PASSED received 2 response(s) and 0 exception(s):
2022-05-17 16:34:12,806 [87f99f00-2ae8-45cb-a60b-61c829da18e7@group-E86B99B80995-LeaderElection31] INFO  impl.LeaderElection (LeaderElection.java:logAndReturn(93)) -   Response 0: 87f99f00-2ae8-45cb-a60b-61c829da18e7<-8f09cdf8-1873-47b4-b74a-81c9bb8f7307#0:FAIL-t1
2022-05-17 16:34:12,806 [grpc-default-executor-2] INFO  impl.VoteContext (VoteContext.java:log(48)) - cacfeafb-f0e3-4923-8b80-2de16076f35c@group-E86B99B80995-FOLLOWER: reject ELECTION from 87f99f00-2ae8-45cb-a60b-61c829da18e7: already has voted for 8f09cdf8-1873-47b4-b74a-81c9bb8f7307 at current term 1
2022-05-17 16:34:12,806 [grpc-default-executor-2] INFO  server.RaftServer$Division (RaftServerImpl.java:requestVote(1078)) - cacfeafb-f0e3-4923-8b80-2de16076f35c@group-E86B99B80995 replies to ELECTION vote request: 87f99f00-2ae8-45cb-a60b-61c829da18e7<-cacfeafb-f0e3-4923-8b80-2de16076f35c#0:FAIL-t1. Peer's state: cacfeafb-f0e3-4923-8b80-2de16076f35c@group-E86B99B80995:t1, leader=null, voted=8f09cdf8-1873-47b4-b74a-81c9bb8f7307, raftlog=cacfeafb-f0e3-4923-8b80-2de16076f35c@group-E86B99B80995-SegmentedRaftLog:OPENED:c-1, conf=-1: [8f09cdf8-1873-47b4-b74a-81c9bb8f7307|rpc:10.1.0.54:44579|dataStream:|priority:1, 87f99f00-2ae8-45cb-a60b-61c829da18e7|rpc:10.1.0.54:37041|dataStream:|priority:0, cacfeafb-f0e3-4923-8b80-2de16076f35c|rpc:10.1.0.54:35165|dataStream:|priority:0], old=null
2022-05-17 16:34:12,799 [87f99f00-2ae8-45cb-a60b-61c829da18e7@group-C808F5CB0A28-LeaderElection33] INFO  impl.LeaderElection (LeaderElection.java:askForVotes(306)) - 87f99f00-2ae8-45cb-a60b-61c829da18e7@group-C808F5CB0A28-LeaderElection33 ELECTION round 0: submit vote requests at term 1 for -1: [87f99f00-2ae8-45cb-a60b-61c829da18e7|rpc:10.1.0.54:37041|priority:1], old=null
2022-05-17 16:34:12,807 [87f99f00-2ae8-45cb-a60b-61c829da18e7@group-C808F5CB0A28-LeaderElection33] INFO  impl.LeaderElection (LeaderElection.java:askForVotes(308)) - 87f99f00-2ae8-45cb-a60b-61c829da18e7@group-C808F5CB0A28-LeaderElection33 ELECTION round 0: result PASSED (term=1)
2022-05-17 16:34:12,807 [87f99f00-2ae8-45cb-a60b-61c829da18e7@group-C808F5CB0A28-LeaderElection33] INFO  impl.RoleInfo (RoleInfo.java:shutdownLeaderElection(121)) - 87f99f00-2ae8-45cb-a60b-61c829da18e7: shutdown 87f99f00-2ae8-45cb-a60b-61c829da18e7@group-C808F5CB0A28-LeaderElection33
2022-05-17 16:34:12,807 [87f99f00-2ae8-45cb-a60b-61c829da18e7@group-C808F5CB0A28-LeaderElection33] INFO  server.RaftServer$Division (RaftServerImpl.java:setRole(290)) - 87f99f00-2ae8-45cb-a60b-61c829da18e7@group-C808F5CB0A28: changes role from CANDIDATE to LEADER at term 1 for changeToLeader
2022-05-17 16:34:12,807 [87f99f00-2ae8-45cb-a60b-61c829da18e7@group-C808F5CB0A28-LeaderElection33] INFO  ratis.XceiverServerRatis (XceiverServerRatis.java:handleLeaderChangedNotification(863)) - Leader change notification received for group: group-C808F5CB0A28 with new leaderId: 87f99f00-2ae8-45cb-a60b-61c829da18e7
2022-05-17 16:34:12,807 [87f99f00-2ae8-45cb-a60b-61c829da18e7@group-C808F5CB0A28-LeaderElection33] INFO  server.RaftServer$Division (ServerState.java:setLeader(285)) - 87f99f00-2ae8-45cb-a60b-61c829da18e7@group-C808F5CB0A28: change Leader from null to 87f99f00-2ae8-45cb-a60b-61c829da18e7 at term 1 for becomeLeader, leader elected after 5124ms
2022-05-17 16:34:12,806 [87f99f00-2ae8-45cb-a60b-61c829da18e7@group-E86B99B80995-LeaderElection31] INFO  impl.LeaderElection (LeaderElection.java:askForVotes(308)) - 87f99f00-2ae8-45cb-a60b-61c829da18e7@group-E86B99B80995-LeaderElection31 ELECTION round 0: result REJECTED
2022-05-17 16:34:12,806 [8f09cdf8-1873-47b4-b74a-81c9bb8f7307@group-E86B99B80995-LeaderElection32] INFO  impl.LeaderElection (LeaderElection.java:logAndReturn(93)) -   Response 0: 8f09cdf8-1873-47b4-b74a-81c9bb8f7307<-87f99f00-2ae8-45cb-a60b-61c829da18e7#0:FAIL-t1
2022-05-17 16:34:12,820 [8f09cdf8-1873-47b4-b74a-81c9bb8f7307@group-E86B99B80995-LeaderElection32] INFO  impl.LeaderElection (LeaderElection.java:logAndReturn(93)) -   Response 1: 8f09cdf8-1873-47b4-b74a-81c9bb8f7307<-cacfeafb-f0e3-4923-8b80-2de16076f35c#0:OK-t1
2022-05-17 16:34:12,820 [8f09cdf8-1873-47b4-b74a-81c9bb8f7307@group-E86B99B80995-LeaderElection32] INFO  impl.LeaderElection (LeaderElection.java:askForVotes(308)) - 8f09cdf8-1873-47b4-b74a-81c9bb8f7307@group-E86B99B80995-LeaderElection32 ELECTION round 0: result PASSED
2022-05-17 16:34:12,820 [8f09cdf8-1873-47b4-b74a-81c9bb8f7307@group-E86B99B80995-LeaderElection32] INFO  impl.RoleInfo (RoleInfo.java:shutdownLeaderElection(121)) - 8f09cdf8-1873-47b4-b74a-81c9bb8f7307: shutdown 8f09cdf8-1873-47b4-b74a-81c9bb8f7307@group-E86B99B80995-LeaderElection32
2022-05-17 16:34:12,820 [8f09cdf8-1873-47b4-b74a-81c9bb8f7307@group-E86B99B80995-LeaderElection32] INFO  server.RaftServer$Division (RaftServerImpl.java:setRole(290)) - 8f09cdf8-1873-47b4-b74a-81c9bb8f7307@group-E86B99B80995: changes role from CANDIDATE to LEADER at term 1 for changeToLeader
2022-05-17 16:34:12,820 [8f09cdf8-1873-47b4-b74a-81c9bb8f7307@group-E86B99B80995-LeaderElection32] INFO  ratis.XceiverServerRatis (XceiverServerRatis.java:handleLeaderChangedNotification(863)) - Leader change notification received for group: group-E86B99B80995 with new leaderId: 8f09cdf8-1873-47b4-b74a-81c9bb8f7307
2022-05-17 16:34:12,820 [8f09cdf8-1873-47b4-b74a-81c9bb8f7307@group-E86B99B80995-LeaderElection32] INFO  server.RaftServer$Division (ServerState.java:setLeader(285)) - 8f09cdf8-1873-47b4-b74a-81c9bb8f7307@group-E86B99B80995: change Leader from null to 8f09cdf8-1873-47b4-b74a-81c9bb8f7307 at term 1 for becomeLeader, leader elected after 5382ms
2022-05-17 16:34:12,820 [8f09cdf8-1873-47b4-b74a-81c9bb8f7307@group-E86B99B80995-LeaderElection32] INFO  server.RaftServerConfigKeys (ConfUtils.java:logGet(44)) - raft.server.staging.catchup.gap = 1000 (default)
2022-05-17 16:34:12,820 [8f09cdf8-1873-47b4-b74a-81c9bb8f7307@group-E86B99B80995-LeaderElection32] INFO  server.RaftServerConfigKeys (ConfUtils.java:logGet(44)) - raft.server.write.element-limit = 1024 (custom)
2022-05-17 16:34:12,820 [8f09cdf8-1873-47b4-b74a-81c9bb8f7307@group-E86B99B80995-LeaderElection32] INFO  server.RaftServerConfigKeys (ConfUtils.java:logGet(44)) - raft.server.write.byte-limit = 1024 M (=1073741824) (custom)
2022-05-17 16:34:12,821 [8f09cdf8-1873-47b4-b74a-81c9bb8f7307@group-E86B99B80995-LeaderElection32] INFO  server.RaftServerConfigKeys (ConfUtils.java:logGet(44)) - raft.server.watch.timeout = 180s (custom)
2022-05-17 16:34:12,821 [8f09cdf8-1873-47b4-b74a-81c9bb8f7307@group-E86B99B80995-LeaderElection32] INFO  server.RaftServerConfigKeys (ConfUtils.java:logGet(44)) - raft.server.watch.timeout.denomination = 1s (default)
2022-05-17 16:34:12,821 [8f09cdf8-1873-47b4-b74a-81c9bb8f7307@group-E86B99B80995-LeaderElection32] INFO  server.RaftServerConfigKeys (ConfUtils.java:logGet(44)) - raft.server.watch.element-limit = 65536 (default)
2022-05-17 16:34:12,821 [8f09cdf8-1873-47b4-b74a-81c9bb8f7307@group-E86B99B80995-LeaderElection32] INFO  server.RaftServerConfigKeys (ConfUtils.java:logGet(44)) - raft.server.write.element-limit = 1024 (custom)
2022-05-17 16:34:12,821 [8f09cdf8-1873-47b4-b74a-81c9bb8f7307@group-E86B99B80995-LeaderElection32] INFO  server.RaftServerConfigKeys (ConfUtils.java:logGet(44)) - raft.server.write.follower.gap.ratio.max = -1.0 (default)
2022-05-17 16:34:12,821 [8f09cdf8-1873-47b4-b74a-81c9bb8f7307@group-E86B99B80995-LeaderElection32] INFO  server.RaftServerConfigKeys (ConfUtils.java:logGet(44)) - raft.server.log.appender.snapshot.chunk.size.max = 16MB (=16777216) (default)
2022-05-17 16:34:12,821 [8f09cdf8-1873-47b4-b74a-81c9bb8f7307@group-E86B99B80995-LeaderElection32] INFO  server.RaftServerConfigKeys (ConfUtils.java:logGet(44)) - raft.server.log.appender.buffer.byte-limit = 33554432 (custom)
2022-05-17 16:34:12,822 [8f09cdf8-1873-47b4-b74a-81c9bb8f7307@group-E86B99B80995-LeaderElection32] INFO  server.RaftServerConfigKeys (ConfUtils.java:logGet(44)) - raft.server.log.appender.buffer.element-limit = 1 (custom)
2022-05-17 16:34:12,822 [8f09cdf8-1873-47b4-b74a-81c9bb8f7307@group-E86B99B80995-LeaderElection32] INFO  grpc.GrpcConfigKeys (ConfUtils.java:logGet(44)) - raft.grpc.server.leader.outstanding.appends.max = 128 (default)
2022-05-17 16:34:12,822 [8f09cdf8-1873-47b4-b74a-81c9bb8f7307@group-E86B99B80995-LeaderElection32] INFO  server.RaftServerConfigKeys (ConfUtils.java:logGet(44)) - raft.server.rpc.request.timeout = 60s (custom)
2022-05-17 16:34:12,822 [8f09cdf8-1873-47b4-b74a-81c9bb8f7307@group-E86B99B80995-LeaderElection32] INFO  server.RaftServerConfigKeys (ConfUtils.java:logGet(44)) - raft.server.log.appender.install.snapshot.enabled = false (custom)
2022-05-17 16:34:12,823 [8f09cdf8-1873-47b4-b74a-81c9bb8f7307@group-E86B99B80995-LeaderElection32] INFO  server.RaftServerConfigKeys (ConfUtils.java:logGet(44)) - raft.server.log.appender.snapshot.chunk.size.max = 16MB (=16777216) (default)
2022-05-17 16:34:12,823 [8f09cdf8-1873-47b4-b74a-81c9bb8f7307@group-E86B99B80995-LeaderElection32] INFO  server.RaftServerConfigKeys (ConfUtils.java:logGet(44)) - raft.server.log.appender.buffer.byte-limit = 33554432 (custom)
2022-05-17 16:34:12,823 [8f09cdf8-1873-47b4-b74a-81c9bb8f7307@group-E86B99B80995-LeaderElection32] INFO  server.RaftServerConfigKeys (ConfUtils.java:logGet(44)) - raft.server.log.appender.buffer.element-limit = 1 (custom)
2022-05-17 16:34:12,823 [8f09cdf8-1873-47b4-b74a-81c9bb8f7307@group-E86B99B80995-LeaderElection32] INFO  grpc.GrpcConfigKeys (ConfUtils.java:logGet(44)) - raft.grpc.server.leader.outstanding.appends.max = 128 (default)
2022-05-17 16:34:12,823 [8f09cdf8-1873-47b4-b74a-81c9bb8f7307@group-E86B99B80995-LeaderElection32] INFO  server.RaftServerConfigKeys (ConfUtils.java:logGet(44)) - raft.server.rpc.request.timeout = 60s (custom)
2022-05-17 16:34:12,823 [8f09cdf8-1873-47b4-b74a-81c9bb8f7307@group-E86B99B80995-LeaderElection32] INFO  server.RaftServerConfigKeys (ConfUtils.java:logGet(44)) - raft.server.log.appender.install.snapshot.enabled = false (custom)
2022-05-17 16:34:12,824 [8f09cdf8-1873-47b4-b74a-81c9bb8f7307@group-E86B99B80995-LeaderElection32] INFO  impl.RoleInfo (RoleInfo.java:updateAndGet(130)) - 8f09cdf8-1873-47b4-b74a-81c9bb8f7307: start 8f09cdf8-1873-47b4-b74a-81c9bb8f7307@group-E86B99B80995-LeaderStateImpl
2022-05-17 16:34:12,824 [8f09cdf8-1873-47b4-b74a-81c9bb8f7307@group-E86B99B80995-LeaderElection32] INFO  segmented.SegmentedRaftLogWorker (SegmentedRaftLogWorker.java:startLogSegment(394)) - 8f09cdf8-1873-47b4-b74a-81c9bb8f7307@group-E86B99B80995-SegmentedRaftLogWorker: Starting segment from index:0
2022-05-17 16:34:12,820 [87f99f00-2ae8-45cb-a60b-61c829da18e7@group-E86B99B80995-LeaderElection31] INFO  server.RaftServer$Division (RaftServerImpl.java:setRole(290)) - 87f99f00-2ae8-45cb-a60b-61c829da18e7@group-E86B99B80995: changes role from CANDIDATE to FOLLOWER at term 1 for REJECTED
2022-05-17 16:34:12,825 [87f99f00-2ae8-45cb-a60b-61c829da18e7@group-E86B99B80995-LeaderElection31] INFO  impl.RoleInfo (RoleInfo.java:shutdownLeaderElection(121)) - 87f99f00-2ae8-45cb-a60b-61c829da18e7: shutdown 87f99f00-2ae8-45cb-a60b-61c829da18e7@group-E86B99B80995-LeaderElection31
2022-05-17 16:34:12,826 [87f99f00-2ae8-45cb-a60b-61c829da18e7@group-E86B99B80995-LeaderElection31] INFO  impl.RoleInfo (RoleInfo.java:updateAndGet(130)) - 87f99f00-2ae8-45cb-a60b-61c829da18e7: start 87f99f00-2ae8-45cb-a60b-61c829da18e7@group-E86B99B80995-FollowerState
2022-05-17 16:34:12,813 [EventQueue-OpenPipelineForHealthyPipelineSafeModeRule] INFO  safemode.SCMSafeModeManager (HealthyPipelineSafeModeRule.java:process(124)) - SCM in safe mode. Healthy pipelines reported count is 0, required healthy pipeline reported count is 1
2022-05-17 16:34:12,827 [EventQueue-PipelineReportForPipelineReportHandler] INFO  pipeline.PipelineManagerImpl (PipelineManagerImpl.java:openPipeline(336)) - Pipeline Pipeline[ Id: 801e5f3e-ea71-4af0-a61f-e86b99b80995, Nodes: 87f99f00-2ae8-45cb-a60b-61c829da18e7{ip: 10.1.0.54, host: fv-az297-879.nmf1rxwemy4u5di1sxxf4ejcwb.jx.internal.cloudapp.net, ports: [REPLICATION=46831, RATIS=37041, RATIS_ADMIN=37041, RATIS_SERVER=37041, STANDALONE=45101], networkLocation: /default-rack, certSerialId: null, persistedOpState: IN_SERVICE, persistedOpStateExpiryEpochSec: 0}8f09cdf8-1873-47b4-b74a-81c9bb8f7307{ip: 10.1.0.54, host: fv-az297-879.nmf1rxwemy4u5di1sxxf4ejcwb.jx.internal.cloudapp.net, ports: [REPLICATION=45001, RATIS=44579, RATIS_ADMIN=44579, RATIS_SERVER=44579, STANDALONE=46295], networkLocation: /default-rack, certSerialId: null, persistedOpState: IN_SERVICE, persistedOpStateExpiryEpochSec: 0}cacfeafb-f0e3-4923-8b80-2de16076f35c{ip: 10.1.0.54, host: fv-az297-879.nmf1rxwemy4u5di1sxxf4ejcwb.jx.internal.cloudapp.net, ports: [REPLICATION=36353, RATIS=35165, RATIS_ADMIN=35165, RATIS_SERVER=35165, STANDALONE=41653], networkLocation: /default-rack, certSerialId: null, persistedOpState: IN_SERVICE, persistedOpStateExpiryEpochSec: 0}, ReplicationConfig: RATIS/THREE, State:ALLOCATED, leaderId:8f09cdf8-1873-47b4-b74a-81c9bb8f7307, CreationTimestamp2022-05-17T16:34:05.913Z[Etc/UTC]] moved to OPEN state
2022-05-17 16:34:12,828 [EventQueue-OpenPipelineForHealthyPipelineSafeModeRule] INFO  safemode.SCMSafeModeManager (HealthyPipelineSafeModeRule.java:process(124)) - SCM in safe mode. Healthy pipelines reported count is 1, required healthy pipeline reported count is 1
2022-05-17 16:34:12,828 [EventQueue-OpenPipelineForHealthyPipelineSafeModeRule] INFO  safemode.SCMSafeModeManager (SCMSafeModeManager.java:validateSafeModeExitRules(204)) - HealthyPipelineSafeModeRule rule is successfully validated
2022-05-17 16:34:12,828 [EventQueue-OpenPipelineForHealthyPipelineSafeModeRule] INFO  safemode.SCMSafeModeManager (SCMSafeModeManager.java:validateSafeModeExitRules(219)) - ScmSafeModeManager, all rules are successfully validated
2022-05-17 16:34:12,828 [EventQueue-OpenPipelineForHealthyPipelineSafeModeRule] INFO  safemode.SCMSafeModeManager (SCMSafeModeManager.java:exitSafeMode(248)) - SCM exiting safe mode.
2022-05-17 16:34:12,828 [EventQueue-OpenPipelineForHealthyPipelineSafeModeRule] WARN  events.EventQueue (EventQueue.java:fireEvent(194)) - No event handler registered for event TypedEvent{payloadType=SafeModeStatus, name='Safe mode status'}
2022-05-17 16:34:12,828 [EventQueue-OpenPipelineForHealthyPipelineSafeModeRule] INFO  ha.SCMContext (SCMContext.java:updateSafeModeStatus(211)) - Update SafeModeStatus from SafeModeStatus{safeModeStatus=true, preCheckPassed=true} to SafeModeStatus{safeModeStatus=false, preCheckPassed=true}.
2022-05-17 16:34:12,829 [EventQueue-OpenPipelineForHealthyPipelineSafeModeRule] INFO  pipeline.BackgroundPipelineCreator (BackgroundPipelineCreator.java:notifyStatusChanged(251)) - Service BackgroundPipelineCreator transitions to RUNNING.
2022-05-17 16:34:12,829 [EventQueue-OpenPipelineForHealthyPipelineSafeModeRule] INFO  pipeline.BackgroundPipelineScrubber (BackgroundPipelineScrubber.java:notifyStatusChanged(88)) - Service BackgroundPipelineScrubber transitions to RUNNING.
2022-05-17 16:34:12,829 [EventQueue-OpenPipelineForHealthyPipelineSafeModeRule] INFO  replication.ReplicationManager (ReplicationManager.java:notifyStatusChanged(369)) - Service ReplicationManager transitions to RUNNING.
2022-05-17 16:34:12,807 [87f99f00-2ae8-45cb-a60b-61c829da18e7@group-C808F5CB0A28-LeaderElection33] INFO  server.RaftServerConfigKeys (ConfUtils.java:logGet(44)) - raft.server.staging.catchup.gap = 1000 (default)
2022-05-17 16:34:12,886 [Listener at 127.0.0.1/36839] INFO  ozone.MiniOzoneClusterImpl (MiniOzoneClusterImpl.java:lambda$waitForClusterToBeReady$0(221)) - Nodes are ready. Got 3 of 3 DN Heartbeats.
2022-05-17 16:34:12,891 [Listener at 127.0.0.1/36839] INFO  ozone.MiniOzoneClusterImpl (MiniOzoneClusterImpl.java:lambda$waitForClusterToBeReady$0(224)) - Cluster exits safe mode
2022-05-17 16:34:12,891 [Listener at 127.0.0.1/36839] INFO  ozone.MiniOzoneClusterImpl (MiniOzoneClusterImpl.java:lambda$waitForClusterToBeReady$0(226)) - SCM became leader
2022-05-17 16:34:12,830 [8f09cdf8-1873-47b4-b74a-81c9bb8f7307@group-E86B99B80995-SegmentedRaftLogWorker] INFO  segmented.SegmentedRaftLogWorker (SegmentedRaftLogWorker.java:execute(601)) - 8f09cdf8-1873-47b4-b74a-81c9bb8f7307@group-E86B99B80995-SegmentedRaftLogWorker: created new log segment /home/runner/work/ozone/ozone/hadoop-ozone/integration-test/target/test-dir/MiniOzoneClusterImpl-f433c0cb-757b-452a-bd5e-bd62417e1d68/datanode-0/data/ratis/801e5f3e-ea71-4af0-a61f-e86b99b80995/current/log_inprogress_0
2022-05-17 16:34:12,891 [87f99f00-2ae8-45cb-a60b-61c829da18e7@group-C808F5CB0A28-LeaderElection33] INFO  server.RaftServerConfigKeys (ConfUtils.java:logGet(44)) - raft.server.write.element-limit = 1024 (custom)
2022-05-17 16:34:12,894 [87f99f00-2ae8-45cb-a60b-61c829da18e7@group-C808F5CB0A28-LeaderElection33] INFO  server.RaftServerConfigKeys (ConfUtils.java:logGet(44)) - raft.server.write.byte-limit = 1024 M (=1073741824) (custom)
2022-05-17 16:34:12,894 [87f99f00-2ae8-45cb-a60b-61c829da18e7@group-C808F5CB0A28-LeaderElection33] INFO  server.RaftServerConfigKeys (ConfUtils.java:logGet(44)) - raft.server.watch.timeout = 180s (custom)
2022-05-17 16:34:12,894 [87f99f00-2ae8-45cb-a60b-61c829da18e7@group-C808F5CB0A28-LeaderElection33] INFO  server.RaftServerConfigKeys (ConfUtils.java:logGet(44)) - raft.server.watch.timeout.denomination = 1s (default)
2022-05-17 16:34:12,895 [87f99f00-2ae8-45cb-a60b-61c829da18e7@group-C808F5CB0A28-LeaderElection33] INFO  server.RaftServerConfigKeys (ConfUtils.java:logGet(44)) - raft.server.watch.element-limit = 65536 (default)
2022-05-17 16:34:12,895 [87f99f00-2ae8-45cb-a60b-61c829da18e7@group-C808F5CB0A28-LeaderElection33] INFO  server.RaftServerConfigKeys (ConfUtils.java:logGet(44)) - raft.server.write.element-limit = 1024 (custom)
2022-05-17 16:34:12,895 [87f99f00-2ae8-45cb-a60b-61c829da18e7@group-C808F5CB0A28-LeaderElection33] INFO  server.RaftServerConfigKeys (ConfUtils.java:logGet(44)) - raft.server.write.follower.gap.ratio.max = -1.0 (default)
2022-05-17 16:34:12,895 [87f99f00-2ae8-45cb-a60b-61c829da18e7@group-C808F5CB0A28-LeaderElection33] INFO  impl.RoleInfo (RoleInfo.java:updateAndGet(130)) - 87f99f00-2ae8-45cb-a60b-61c829da18e7: start 87f99f00-2ae8-45cb-a60b-61c829da18e7@group-C808F5CB0A28-LeaderStateImpl
2022-05-17 16:34:12,895 [87f99f00-2ae8-45cb-a60b-61c829da18e7@group-C808F5CB0A28-LeaderElection33] INFO  segmented.SegmentedRaftLogWorker (SegmentedRaftLogWorker.java:startLogSegment(394)) - 87f99f00-2ae8-45cb-a60b-61c829da18e7@group-C808F5CB0A28-SegmentedRaftLogWorker: Starting segment from index:0
]]></system-out>
    </rerunFailure>
    <rerunFailure type="java.lang.AssertionError">
      <stackTrace><![CDATA[java.lang.AssertionError
	at org.junit.Assert.fail(Assert.java:87)
	at org.junit.Assert.assertTrue(Assert.java:42)
	at org.junit.Assert.assertTrue(Assert.java:53)
	at org.apache.hadoop.hdds.scm.TestRatisPipelineLeader.testLeaderIdAfterLeaderChange(TestRatisPipelineLeader.java:119)
	at sun.reflect.NativeMethodAccessorImpl.invoke0(Native Method)
	at sun.reflect.NativeMethodAccessorImpl.invoke(NativeMethodAccessorImpl.java:62)
	at sun.reflect.DelegatingMethodAccessorImpl.invoke(DelegatingMethodAccessorImpl.java:43)
	at java.lang.reflect.Method.invoke(Method.java:498)
	at org.junit.platform.commons.util.ReflectionUtils.invokeMethod(ReflectionUtils.java:688)
	at org.junit.jupiter.engine.execution.MethodInvocation.proceed(MethodInvocation.java:60)
	at org.junit.jupiter.engine.execution.InvocationInterceptorChain$ValidatingInvocation.proceed(InvocationInterceptorChain.java:131)
	at org.junit.jupiter.engine.extension.TimeoutInvocation.proceed(TimeoutInvocation.java:46)
	at org.junit.jupiter.engine.extension.TimeoutExtension.intercept(TimeoutExtension.java:149)
	at org.junit.jupiter.engine.extension.TimeoutExtension.interceptTestableMethod(TimeoutExtension.java:140)
	at org.junit.jupiter.engine.extension.TimeoutExtension.interceptTestMethod(TimeoutExtension.java:84)
	at org.junit.jupiter.engine.execution.ExecutableInvoker$ReflectiveInterceptorCall.lambda$ofVoidMethod$0(ExecutableInvoker.java:115)
	at org.junit.jupiter.engine.execution.ExecutableInvoker.lambda$invoke$0(ExecutableInvoker.java:105)
	at org.junit.jupiter.engine.execution.InvocationInterceptorChain$InterceptedInvocation.proceed(InvocationInterceptorChain.java:106)
	at org.junit.jupiter.engine.execution.InvocationInterceptorChain.proceed(InvocationInterceptorChain.java:64)
	at org.junit.jupiter.engine.execution.InvocationInterceptorChain.chainAndInvoke(InvocationInterceptorChain.java:45)
	at org.junit.jupiter.engine.execution.InvocationInterceptorChain.invoke(InvocationInterceptorChain.java:37)
	at org.junit.jupiter.engine.execution.ExecutableInvoker.invoke(ExecutableInvoker.java:104)
	at org.junit.jupiter.engine.execution.ExecutableInvoker.invoke(ExecutableInvoker.java:98)
	at org.junit.jupiter.engine.descriptor.TestMethodTestDescriptor.lambda$invokeTestMethod$6(TestMethodTestDescriptor.java:210)
	at org.junit.platform.engine.support.hierarchical.ThrowableCollector.execute(ThrowableCollector.java:73)
	at org.junit.jupiter.engine.descriptor.TestMethodTestDescriptor.invokeTestMethod(TestMethodTestDescriptor.java:206)
	at org.junit.jupiter.engine.descriptor.TestMethodTestDescriptor.execute(TestMethodTestDescriptor.java:131)
	at org.junit.jupiter.engine.descriptor.TestMethodTestDescriptor.execute(TestMethodTestDescriptor.java:65)
	at org.junit.platform.engine.support.hierarchical.NodeTestTask.lambda$executeRecursively$5(NodeTestTask.java:139)
	at org.junit.platform.engine.support.hierarchical.ThrowableCollector.execute(ThrowableCollector.java:73)
	at org.junit.platform.engine.support.hierarchical.NodeTestTask.lambda$executeRecursively$7(NodeTestTask.java:129)
	at org.junit.platform.engine.support.hierarchical.Node.around(Node.java:137)
	at org.junit.platform.engine.support.hierarchical.NodeTestTask.lambda$executeRecursively$8(NodeTestTask.java:127)
	at org.junit.platform.engine.support.hierarchical.ThrowableCollector.execute(ThrowableCollector.java:73)
	at org.junit.platform.engine.support.hierarchical.NodeTestTask.executeRecursively(NodeTestTask.java:126)
	at org.junit.platform.engine.support.hierarchical.NodeTestTask.execute(NodeTestTask.java:84)
	at java.util.ArrayList.forEach(ArrayList.java:1259)
	at org.junit.platform.engine.support.hierarchical.SameThreadHierarchicalTestExecutorService.invokeAll(SameThreadHierarchicalTestExecutorService.java:38)
	at org.junit.platform.engine.support.hierarchical.NodeTestTask.lambda$executeRecursively$5(NodeTestTask.java:143)
	at org.junit.platform.engine.support.hierarchical.ThrowableCollector.execute(ThrowableCollector.java:73)
	at org.junit.platform.engine.support.hierarchical.NodeTestTask.lambda$executeRecursively$7(NodeTestTask.java:129)
	at org.junit.platform.engine.support.hierarchical.Node.around(Node.java:137)
	at org.junit.platform.engine.support.hierarchical.NodeTestTask.lambda$executeRecursively$8(NodeTestTask.java:127)
	at org.junit.platform.engine.support.hierarchical.ThrowableCollector.execute(ThrowableCollector.java:73)
	at org.junit.platform.engine.support.hierarchical.NodeTestTask.executeRecursively(NodeTestTask.java:126)
	at org.junit.platform.engine.support.hierarchical.NodeTestTask.execute(NodeTestTask.java:84)
	at java.util.ArrayList.forEach(ArrayList.java:1259)
	at org.junit.platform.engine.support.hierarchical.SameThreadHierarchicalTestExecutorService.invokeAll(SameThreadHierarchicalTestExecutorService.java:38)
	at org.junit.platform.engine.support.hierarchical.NodeTestTask.lambda$executeRecursively$5(NodeTestTask.java:143)
	at org.junit.platform.engine.support.hierarchical.ThrowableCollector.execute(ThrowableCollector.java:73)
	at org.junit.platform.engine.support.hierarchical.NodeTestTask.lambda$executeRecursively$7(NodeTestTask.java:129)
	at org.junit.platform.engine.support.hierarchical.Node.around(Node.java:137)
	at org.junit.platform.engine.support.hierarchical.NodeTestTask.lambda$executeRecursively$8(NodeTestTask.java:127)
	at org.junit.platform.engine.support.hierarchical.ThrowableCollector.execute(ThrowableCollector.java:73)
	at org.junit.platform.engine.support.hierarchical.NodeTestTask.executeRecursively(NodeTestTask.java:126)
	at org.junit.platform.engine.support.hierarchical.NodeTestTask.execute(NodeTestTask.java:84)
	at org.junit.platform.engine.support.hierarchical.SameThreadHierarchicalTestExecutorService.submit(SameThreadHierarchicalTestExecutorService.java:32)
	at org.junit.platform.engine.support.hierarchical.HierarchicalTestExecutor.execute(HierarchicalTestExecutor.java:57)
	at org.junit.platform.engine.support.hierarchical.HierarchicalTestEngine.execute(HierarchicalTestEngine.java:51)
	at org.junit.platform.launcher.core.EngineExecutionOrchestrator.execute(EngineExecutionOrchestrator.java:108)
	at org.junit.platform.launcher.core.EngineExecutionOrchestrator.execute(EngineExecutionOrchestrator.java:88)
	at org.junit.platform.launcher.core.EngineExecutionOrchestrator.lambda$execute$0(EngineExecutionOrchestrator.java:54)
	at org.junit.platform.launcher.core.EngineExecutionOrchestrator.withInterceptedStreams(EngineExecutionOrchestrator.java:67)
	at org.junit.platform.launcher.core.EngineExecutionOrchestrator.execute(EngineExecutionOrchestrator.java:52)
	at org.junit.platform.launcher.core.DefaultLauncher.execute(DefaultLauncher.java:96)
	at org.junit.platform.launcher.core.DefaultLauncher.execute(DefaultLauncher.java:75)
	at org.apache.maven.surefire.junitplatform.JUnitPlatformProvider.invokeAllTests(JUnitPlatformProvider.java:165)
	at org.apache.maven.surefire.junitplatform.JUnitPlatformProvider.invoke(JUnitPlatformProvider.java:124)
	at org.apache.maven.surefire.booter.ForkedBooter.runSuitesInProcess(ForkedBooter.java:428)
	at org.apache.maven.surefire.booter.ForkedBooter.execute(ForkedBooter.java:162)
	at org.apache.maven.surefire.booter.ForkedBooter.run(ForkedBooter.java:562)
	at org.apache.maven.surefire.booter.ForkedBooter.main(ForkedBooter.java:548)
]]></stackTrace>
      <system-out><![CDATA[2022-05-17 16:34:33,892 [Listener at 127.0.0.1/36839] WARN  server.ServerUtils (ServerUtils.java:getScmDbDir(148)) - ozone.scm.db.dirs is not configured. We recommend adding this setting. Falling back to ozone.metadata.dirs instead.
2022-05-17 16:34:33,906 [Listener at 127.0.0.1/36839] INFO  ha.SCMHANodeDetails (SCMHANodeDetails.java:loadSCMHAConfig(160)) - ServiceID for StorageContainerManager is null
2022-05-17 16:34:33,906 [Listener at 127.0.0.1/36839] INFO  ha.SCMHANodeDetails (SCMHANodeDetails.java:loadSCMHAConfig(165)) - ozone.scm.default.service.id is not defined, falling back to ozone.scm.service.ids to find serviceID for StorageContainerManager if it is HA enabled cluster
2022-05-17 16:34:33,907 [Listener at 127.0.0.1/36839] WARN  server.ServerUtils (ServerUtils.java:getScmDbDir(148)) - ozone.scm.db.dirs is not configured. We recommend adding this setting. Falling back to ozone.metadata.dirs instead.
2022-05-17 16:34:33,907 [Listener at 127.0.0.1/36839] INFO  upgrade.AbstractLayoutVersionManager (AbstractLayoutVersionManager.java:init(79)) - Initializing Layout version manager with metadata layout = ERASURE_CODED_STORAGE_SUPPORT (version = 3), software layout = ERASURE_CODED_STORAGE_SUPPORT (version = 3)
2022-05-17 16:34:33,971 [Listener at 127.0.0.1/36839] INFO  reflections.Reflections (Reflections.java:scan(232)) - Reflections took 62 ms to scan 7 urls, producing 127 keys and 292 values 
2022-05-17 16:34:33,975 [Listener at 127.0.0.1/36839] WARN  utils.HAUtils (HAUtils.java:getMetaDir(342)) - ozone.scm.db.dirs is not configured. We recommend adding this setting. Falling back to ozone.metadata.dirs instead.
2022-05-17 16:34:33,980 [Listener at 127.0.0.1/36839] WARN  db.DBStoreBuilder (DBStoreBuilder.java:applyDBDefinition(145)) - ozone.scm.db.dirs is not configured. We recommend adding this setting. Falling back to ozone.metadata.dirs instead.
2022-05-17 16:34:34,271 [Listener at 127.0.0.1/36839] INFO  net.NodeSchemaLoader (NodeSchemaLoader.java:loadSchemaFromFile(129)) - Loading schema from [jar:file:/home/runner/.m2/repository/org/apache/ozone/hdds-common/1.3.0-SNAPSHOT/hdds-common-1.3.0-SNAPSHOT.jar!/network-topology-default.xml]
2022-05-17 16:34:34,271 [Listener at 127.0.0.1/36839] INFO  net.NodeSchemaLoader (NodeSchemaLoader.java:loadSchema(176)) - Loading network topology layer schema file
2022-05-17 16:34:34,274 [Listener at 127.0.0.1/36839] INFO  ha.SequenceIdGenerator (SequenceIdGenerator.java:upgradeToSequenceId(347)) - upgrade localId to 109611004723200000
2022-05-17 16:34:34,274 [Listener at 127.0.0.1/36839] INFO  ha.SequenceIdGenerator (SequenceIdGenerator.java:upgradeToSequenceId(357)) - upgrade delTxnId to 0
2022-05-17 16:34:34,274 [Listener at 127.0.0.1/36839] INFO  ha.SequenceIdGenerator (SequenceIdGenerator.java:upgradeToSequenceId(371)) - upgrade containerId to 0
2022-05-17 16:34:34,275 [Listener at 127.0.0.1/36839] INFO  ha.SequenceIdGenerator (SequenceIdGenerator.java:<init>(218)) - Init the HA SequenceIdGenerator.
2022-05-17 16:34:34,275 [Listener at 127.0.0.1/36839] WARN  server.ServerUtils (ServerUtils.java:sanitizeUserArgs(73)) - ozone.scm.stale.node.interval value = 300000 is larger than max = 100000 based on the key value of ozone.scm.heartbeat.thread.interval, reset to the max value 100000.
2022-05-17 16:34:34,275 [Listener at 127.0.0.1/36839] WARN  server.ServerUtils (ServerUtils.java:sanitizeUserArgs(73)) - ozone.scm.stale.node.interval value = 300000 is larger than max = 100000 based on the key value of ozone.scm.heartbeat.thread.interval, reset to the max value 100000.
2022-05-17 16:34:34,289 [Listener at 127.0.0.1/36839] INFO  node.SCMNodeManager (SCMNodeManager.java:<init>(148)) - Entering startup safe mode.
2022-05-17 16:34:34,290 [Listener at 127.0.0.1/36839] INFO  algorithms.ContainerPlacementPolicyFactory (ContainerPlacementPolicyFactory.java:getPolicyInternal(86)) - Create container placement policy of type org.apache.hadoop.hdds.scm.container.placement.algorithms.SCMContainerPlacementRandom
2022-05-17 16:34:34,290 [Listener at 127.0.0.1/36839] INFO  pipeline.PipelineStateManagerImpl (PipelineStateManagerImpl.java:initialize(78)) - No pipeline exists in current db
2022-05-17 16:34:34,290 [Listener at 127.0.0.1/36839] INFO  algorithms.LeaderChoosePolicyFactory (LeaderChoosePolicyFactory.java:getPolicy(57)) - Create leader choose policy of type org.apache.hadoop.hdds.scm.pipeline.leader.choose.algorithms.MinLeaderCountChoosePolicy
2022-05-17 16:34:34,290 [Listener at 127.0.0.1/36839] INFO  algorithms.ContainerPlacementPolicyFactory (ContainerPlacementPolicyFactory.java:getPolicyInternal(86)) - Create container placement policy of type org.apache.hadoop.hdds.scm.container.placement.algorithms.SCMContainerPlacementRackScatter
2022-05-17 16:34:34,290 [Listener at 127.0.0.1/36839] INFO  pipeline.BackgroundPipelineCreator (BackgroundPipelineCreator.java:start(125)) - Starting RatisPipelineUtilsThread.
2022-05-17 16:34:34,321 [Listener at 127.0.0.1/36839] INFO  pipeline.BackgroundPipelineScrubber (BackgroundPipelineScrubber.java:start(126)) - Starting BackgroundPipelineScrubber Service.
2022-05-17 16:34:34,327 [Listener at 127.0.0.1/36839] INFO  ha.SCMServiceManager (SCMServiceManager.java:register(42)) - Registering service BackgroundPipelineCreator.
2022-05-17 16:34:34,328 [Listener at 127.0.0.1/36839] INFO  ha.SCMServiceManager (SCMServiceManager.java:register(42)) - Registering service BackgroundPipelineScrubber.
2022-05-17 16:34:34,329 [Listener at 127.0.0.1/36839] INFO  algorithms.PipelineChoosePolicyFactory (PipelineChoosePolicyFactory.java:createPipelineChoosePolicyFromClass(73)) - Create pipeline choose policy of type org.apache.hadoop.hdds.scm.pipeline.choose.algorithms.RandomPipelineChoosePolicy
2022-05-17 16:34:34,329 [Listener at 127.0.0.1/36839] INFO  ha.SCMServiceManager (SCMServiceManager.java:register(42)) - Registering service SCMBlockDeletingService.
2022-05-17 16:34:34,330 [Listener at 127.0.0.1/36839] INFO  ha.SCMServiceManager (SCMServiceManager.java:register(42)) - Registering service ReplicationManager.
2022-05-17 16:34:34,330 [Listener at 127.0.0.1/36839] INFO  replication.ReplicationManager (ReplicationManager.java:start(176)) - Starting Replication Monitor Thread.
2022-05-17 16:34:34,342 [Listener at 127.0.0.1/36839] INFO  safemode.ContainerSafeModeRule (ContainerSafeModeRule.java:<init>(89)) - containers with one replica threshold count 0
2022-05-17 16:34:34,343 [Listener at 127.0.0.1/36839] INFO  safemode.HealthyPipelineSafeModeRule (HealthyPipelineSafeModeRule.java:initializeRule(156)) - Total pipeline count is 0, healthy pipeline threshold count is 1
2022-05-17 16:34:34,343 [Listener at 127.0.0.1/36839] INFO  safemode.OneReplicaPipelineSafeModeRule (OneReplicaPipelineSafeModeRule.java:initializeRule(180)) - Total pipeline count is 0, pipeline's with at least one datanode reported threshold count is 0
2022-05-17 16:34:34,354 [Listener at 127.0.0.1/36839] INFO  ipc.CallQueueManager (CallQueueManager.java:<init>(90)) - Using callQueue: class java.util.concurrent.LinkedBlockingQueue, queueCapacity: 2000, scheduler: class org.apache.hadoop.ipc.DefaultRpcScheduler, ipcBackoff: false.
2022-05-17 16:34:34,371 [Socket Reader #1 for port 0] INFO  ipc.Server (Server.java:run(1265)) - Starting Socket Reader #1 for port 0
2022-05-17 16:34:34,375 [Listener at 0.0.0.0/43807] INFO  ipc.CallQueueManager (CallQueueManager.java:<init>(90)) - Using callQueue: class java.util.concurrent.LinkedBlockingQueue, queueCapacity: 2000, scheduler: class org.apache.hadoop.ipc.DefaultRpcScheduler, ipcBackoff: false.
2022-05-17 16:34:34,388 [ReplicationMonitor] INFO  replication.ReplicationManager (ReplicationManager.java:processAll(225)) - Replication Manager is not ready to run until 3000ms after safemode exit
2022-05-17 16:34:34,404 [Socket Reader #1 for port 0] INFO  ipc.Server (Server.java:run(1265)) - Starting Socket Reader #1 for port 0
2022-05-17 16:34:34,428 [Listener at 0.0.0.0/40233] INFO  ipc.CallQueueManager (CallQueueManager.java:<init>(90)) - Using callQueue: class java.util.concurrent.LinkedBlockingQueue, queueCapacity: 2000, scheduler: class org.apache.hadoop.ipc.DefaultRpcScheduler, ipcBackoff: false.
2022-05-17 16:34:34,441 [Socket Reader #1 for port 0] INFO  ipc.Server (Server.java:run(1265)) - Starting Socket Reader #1 for port 0
2022-05-17 16:34:34,555 [Listener at 0.0.0.0/33255] INFO  server.StorageContainerManager (StorageContainerManager.java:<init>(395)) - 
Container Balancer status:
Key                            Value
Running                        false
Container Balancer Configuration values:
Key                                                Value
Threshold                                          10
Max Datanodes to Involve per Iteration(percent)    20
Max Size to Move per Iteration                     500GB
Max Size Entering Target per Iteration             26GB
Max Size Leaving Source per Iteration              26GB

2022-05-17 16:34:34,556 [Listener at 0.0.0.0/33255] WARN  events.EventQueue (EventQueue.java:fireEvent(194)) - No event handler registered for event TypedEvent{payloadType=SafeModeStatus, name='Safe mode status'}
2022-05-17 16:34:34,556 [Listener at 0.0.0.0/33255] INFO  ha.SCMContext (SCMContext.java:updateSafeModeStatus(211)) - Update SafeModeStatus from SafeModeStatus{safeModeStatus=true, preCheckPassed=false} to SafeModeStatus{safeModeStatus=true, preCheckPassed=false}.
2022-05-17 16:34:34,556 [Listener at 0.0.0.0/33255] INFO  server.StorageContainerManager (StorageContainerManager.java:start(1347)) - StorageContainerLocationProtocol RPC server is listening at /0.0.0.0:33255
2022-05-17 16:34:34,560 [Listener at 0.0.0.0/33255] WARN  impl.MetricsConfig (MetricsConfig.java:loadFirst(136)) - Cannot locate configuration: tried hadoop-metrics2-storagecontainermanager.properties,hadoop-metrics2.properties
2022-05-17 16:34:34,560 [Listener at 0.0.0.0/33255] INFO  impl.MetricsSystemImpl (MetricsSystemImpl.java:startTimer(378)) - Scheduled Metric snapshot period at 10 second(s).
2022-05-17 16:34:34,560 [Listener at 0.0.0.0/33255] INFO  impl.MetricsSystemImpl (MetricsSystemImpl.java:start(191)) - StorageContainerManager metrics system started
2022-05-17 16:34:34,596 [Listener at 0.0.0.0/33255] INFO  impl.MetricsSinkAdapter (MetricsSinkAdapter.java:start(204)) - Sink prometheus started
2022-05-17 16:34:34,596 [Listener at 0.0.0.0/33255] INFO  impl.MetricsSystemImpl (MetricsSystemImpl.java:registerSink(305)) - Registered sink prometheus
2022-05-17 16:34:34,632 [Listener at 0.0.0.0/33255] INFO  server.SCMClientProtocolServer (SCMClientProtocolServer.java:start(169)) - RPC server for Client  is listening at /0.0.0.0:33255
2022-05-17 16:34:34,632 [IPC Server Responder] INFO  ipc.Server (Server.java:run(1507)) - IPC Server Responder: starting
2022-05-17 16:34:34,647 [Listener at 0.0.0.0/33255] INFO  server.StorageContainerManager (StorageContainerManager.java:start(1362)) - ScmBlockLocationProtocol RPC server is listening at /0.0.0.0:40233
2022-05-17 16:34:34,650 [Listener at 0.0.0.0/33255] INFO  server.SCMBlockProtocolServer (SCMBlockProtocolServer.java:start(151)) - RPC server for Block Protocol is listening at /0.0.0.0:40233
2022-05-17 16:34:34,651 [IPC Server Responder] INFO  ipc.Server (Server.java:run(1507)) - IPC Server Responder: starting
2022-05-17 16:34:34,651 [IPC Server listener on 0] INFO  ipc.Server (Server.java:run(1344)) - IPC Server listener on 0: starting
2022-05-17 16:34:34,632 [IPC Server listener on 0] INFO  ipc.Server (Server.java:run(1344)) - IPC Server listener on 0: starting
2022-05-17 16:34:34,653 [Listener at 0.0.0.0/33255] INFO  server.SCMDatanodeProtocolServer (SCMDatanodeProtocolServer.java:start(183)) - ScmDatanodeProtocol RPC server for DataNodes is listening at /0.0.0.0:43807
2022-05-17 16:34:34,657 [IPC Server Responder] INFO  ipc.Server (Server.java:run(1507)) - IPC Server Responder: starting
2022-05-17 16:34:34,658 [IPC Server listener on 0] INFO  ipc.Server (Server.java:run(1344)) - IPC Server listener on 0: starting
2022-05-17 16:34:34,685 [org.apache.hadoop.util.JvmPauseMonitor$Monitor@53a0331a] INFO  util.JvmPauseMonitor (JvmPauseMonitor.java:run(188)) - Starting JVM pause monitor
2022-05-17 16:34:34,706 [Listener at 0.0.0.0/33255] INFO  http.BaseHttpServer (BaseHttpServer.java:newHttpServer2BuilderForOzone(209)) - Starting Web-server for scm at: http://0.0.0.0:0
2022-05-17 16:34:34,712 [Listener at 0.0.0.0/33255] INFO  http.BaseHttpServer (BaseHttpServer.java:<init>(107)) - Hadoop Security Enabled: false Ozone Security Enabled: false Ozone HTTP Security Enabled: false 
2022-05-17 16:34:34,713 [Listener at 0.0.0.0/33255] INFO  server.AuthenticationFilter (AuthenticationFilter.java:constructSecretProvider(240)) - Unable to initialize FileSignerSecretProvider, falling back to use random secrets.
2022-05-17 16:34:34,713 [Listener at 0.0.0.0/33255] WARN  http.HttpRequestLog (HttpRequestLog.java:getRequestLog(103)) - Jetty request log can only be enabled using Log4j
2022-05-17 16:34:34,714 [Listener at 0.0.0.0/33255] INFO  http.HttpServer2 (HttpServer2.java:addGlobalFilter(1030)) - Added global filter 'safety' (class=org.apache.hadoop.hdds.server.http.HttpServer2$QuotingInputFilter)
2022-05-17 16:34:34,715 [Listener at 0.0.0.0/33255] INFO  http.HttpServer2 (HttpServer2.java:addFilter(1006)) - Added filter static_user_filter (class=org.apache.hadoop.http.lib.StaticUserWebFilter$StaticUserFilter) to context scm
2022-05-17 16:34:34,715 [Listener at 0.0.0.0/33255] INFO  http.HttpServer2 (HttpServer2.java:addFilter(1014)) - Added filter static_user_filter (class=org.apache.hadoop.http.lib.StaticUserWebFilter$StaticUserFilter) to context static
2022-05-17 16:34:34,715 [Listener at 0.0.0.0/33255] INFO  http.HttpServer2 (HttpServer2.java:addFilter(1014)) - Added filter static_user_filter (class=org.apache.hadoop.http.lib.StaticUserWebFilter$StaticUserFilter) to context logs
2022-05-17 16:34:34,716 [Listener at 0.0.0.0/33255] INFO  http.HttpServer2 (HttpServer2.java:bindListener(1249)) - Jetty bound to port 33645
2022-05-17 16:34:34,716 [Listener at 0.0.0.0/33255] INFO  server.Server (Server.java:doStart(375)) - jetty-9.4.43.v20210629; built: 2021-06-30T11:07:22.254Z; git: 526006ecfa3af7f1a27ef3a288e2bef7ea9dd7e8; jvm 1.8.0_332-b09
2022-05-17 16:34:34,720 [Listener at 0.0.0.0/33255] INFO  server.session (DefaultSessionIdManager.java:doStart(334)) - DefaultSessionIdManager workerName=node0
2022-05-17 16:34:34,720 [Listener at 0.0.0.0/33255] INFO  server.session (DefaultSessionIdManager.java:doStart(339)) - No SessionScavenger set, using defaults
2022-05-17 16:34:34,720 [Listener at 0.0.0.0/33255] INFO  server.session (HouseKeeper.java:startScavenging(132)) - node0 Scavenging every 660000ms
2022-05-17 16:34:34,721 [Listener at 0.0.0.0/33255] INFO  handler.ContextHandler (ContextHandler.java:doStart(915)) - Started o.e.j.s.ServletContextHandler@6b261c08{logs,/logs,file:///home/runner/work/ozone/ozone/hadoop-ozone/integration-test/target/log,AVAILABLE}
2022-05-17 16:34:34,722 [Listener at 0.0.0.0/33255] INFO  handler.ContextHandler (ContextHandler.java:doStart(915)) - Started o.e.j.s.ServletContextHandler@79bdd32f{static,/static,file:///home/runner/work/ozone/ozone/hadoop-ozone/integration-test/target/test-classes/webapps/static,AVAILABLE}
2022-05-17 16:34:34,731 [Listener at 0.0.0.0/33255] INFO  handler.ContextHandler (ContextHandler.java:doStart(915)) - Started o.e.j.w.WebAppContext@2d9c1b93{scm,/,file:///home/runner/work/ozone/ozone/hadoop-ozone/integration-test/target/test-classes/webapps/scm/,AVAILABLE}{file:/home/runner/work/ozone/ozone/hadoop-ozone/integration-test/target/test-classes/webapps/scm}
2022-05-17 16:34:34,732 [Listener at 0.0.0.0/33255] INFO  server.AbstractConnector (AbstractConnector.java:doStart(331)) - Started ServerConnector@460c4e59{HTTP/1.1, (http/1.1)}{0.0.0.0:33645}
2022-05-17 16:34:34,732 [Listener at 0.0.0.0/33255] INFO  server.Server (Server.java:doStart(415)) - Started @155930ms
2022-05-17 16:34:34,732 [Listener at 0.0.0.0/33255] WARN  impl.MetricsSystemImpl (MetricsSystemImpl.java:register(279)) - Sink prometheus already exists!
2022-05-17 16:34:34,738 [Listener at 0.0.0.0/33255] INFO  http.BaseHttpServer (BaseHttpServer.java:updateConnectorAddress(329)) - HTTP server of scm listening at http://0.0.0.0:33645
2022-05-17 16:34:34,738 [Listener at 0.0.0.0/33255] WARN  server.ServerUtils (ServerUtils.java:getDBPath(225)) - ozone.om.db.dirs is not configured. We recommend adding this setting. Falling back to ozone.metadata.dirs instead.
2022-05-17 16:34:34,745 [Listener at 0.0.0.0/33255] INFO  ha.OMHANodeDetails (OMHANodeDetails.java:loadOMHAConfig(115)) - ozone.om.internal.service.id is not defined, falling back to ozone.om.service.ids to find serviceID for OzoneManager if it is HA enabled cluster
2022-05-17 16:34:34,746 [Listener at 0.0.0.0/33255] INFO  ha.OMHANodeDetails (OMHANodeDetails.java:loadOMHAConfig(226)) - Configuration does not have ozone.om.address set. Falling back to the default OM address /127.0.0.1:0
2022-05-17 16:34:34,746 [Listener at 0.0.0.0/33255] INFO  ha.OMHANodeDetails (OMHANodeDetails.java:getOMNodeDetailsForNonHA(254)) - OM Service ID is not set. Setting it to the default ID: omServiceIdDefault
2022-05-17 16:34:34,746 [Listener at 0.0.0.0/33255] INFO  ha.OMHANodeDetails (OMHANodeDetails.java:getOMNodeDetailsForNonHA(261)) - OM Node ID is not set. Setting it to the default ID: om1
2022-05-17 16:34:34,746 [Listener at 0.0.0.0/33255] WARN  server.ServerUtils (ServerUtils.java:getDBPath(225)) - ozone.om.db.dirs is not configured. We recommend adding this setting. Falling back to ozone.metadata.dirs instead.
2022-05-17 16:34:34,747 [Listener at 0.0.0.0/33255] INFO  upgrade.AbstractLayoutVersionManager (AbstractLayoutVersionManager.java:init(79)) - Initializing Layout version manager with metadata layout = BUCKET_LAYOUT_SUPPORT (version = 2), software layout = BUCKET_LAYOUT_SUPPORT (version = 2)
2022-05-17 16:34:34,862 [Listener at 0.0.0.0/33255] INFO  reflections.Reflections (Reflections.java:scan(232)) - Reflections took 114 ms to scan 2 urls, producing 143 keys and 369 values [using 2 cores]
2022-05-17 16:34:34,863 [Listener at 0.0.0.0/33255] INFO  upgrade.OMLayoutVersionManager (OMLayoutVersionManager.java:lambda$0(115)) - Skipping Upgrade Action MockOmUpgradeAction since it has been finalized.
2022-05-17 16:34:34,863 [Listener at 0.0.0.0/33255] WARN  server.ServerUtils (ServerUtils.java:getDBPath(225)) - ozone.om.db.dirs is not configured. We recommend adding this setting. Falling back to ozone.metadata.dirs instead.
2022-05-17 16:34:34,864 [Listener at 0.0.0.0/33255] INFO  proxy.SCMBlockLocationFailoverProxyProvider (SCMBlockLocationFailoverProxyProvider.java:<init>(114)) - Created block location fail-over proxy with 1 nodes: [nodeId=scmNodeId,nodeAddress=/0.0.0.0:40233]
2022-05-17 16:34:34,865 [Listener at 0.0.0.0/33255] INFO  proxy.SCMBlockLocationFailoverProxyProvider (SCMBlockLocationFailoverProxyProvider.java:<init>(114)) - Created block location fail-over proxy with 1 nodes: [nodeId=scmNodeId,nodeAddress=/0.0.0.0:40233]
2022-05-17 16:34:34,913 [Listener at 0.0.0.0/33255] WARN  server.ServerUtils (ServerUtils.java:getDBPath(225)) - ozone.om.db.dirs is not configured. We recommend adding this setting. Falling back to ozone.metadata.dirs instead.
2022-05-17 16:34:34,914 [Listener at 0.0.0.0/33255] INFO  codec.OmKeyInfoCodec (OmKeyInfoCodec.java:<init>(49)) - OmKeyInfoCodec ignorePipeline = true
2022-05-17 16:34:34,914 [Listener at 0.0.0.0/33255] INFO  codec.RepeatedOmKeyInfoCodec (RepeatedOmKeyInfoCodec.java:<init>(41)) - RepeatedOmKeyInfoCodec ignorePipeline = true
2022-05-17 16:34:35,277 [Listener at 0.0.0.0/33255] INFO  om.OzoneManager (OzoneManager.java:addS3GVolumeToDB(3894)) - Created Volume s3v With Owner runner required for S3Gateway operations.
2022-05-17 16:34:35,277 [Listener at 0.0.0.0/33255] WARN  server.ServerUtils (ServerUtils.java:getDefaultRatisDirectory(237)) - Storage directory for Ratis is not configured. It is a good idea to map this to an SSD disk. Falling back to ozone.metadata.dirs
2022-05-17 16:34:35,277 [Listener at 0.0.0.0/33255] WARN  utils.OzoneManagerRatisUtils (OzoneManagerRatisUtils.java:getOMRatisSnapshotDirectory(395)) - ozone.om.ratis.snapshot.dir is not configured. Falling back to ozone.metadata.dirs config
2022-05-17 16:34:35,282 [Listener at 0.0.0.0/33255] WARN  server.ServerUtils (ServerUtils.java:getDefaultRatisDirectory(237)) - Storage directory for Ratis is not configured. It is a good idea to map this to an SSD disk. Falling back to ozone.metadata.dirs
2022-05-17 16:34:35,283 [Listener at 0.0.0.0/33255] INFO  ratis.OzoneManagerRatisServer (OzoneManagerRatisServer.java:<init>(159)) - Instantiating OM Ratis server with groupID: omServiceIdDefault and peers: localhost:9872
2022-05-17 16:34:35,283 [Listener at 0.0.0.0/33255] INFO  ratis.OzoneManagerStateMachine (OzoneManagerStateMachine.java:loadSnapshotInfoFromDB(627)) - LastAppliedIndex is set from TransactionInfo from OM DB as (t:0, i:~)
2022-05-17 16:34:35,283 [Listener at 0.0.0.0/33255] INFO  server.RaftServer (ConfUtils.java:logGet(44)) - raft.rpc.type = GRPC (default)
2022-05-17 16:34:35,284 [Listener at 0.0.0.0/33255] INFO  grpc.GrpcFactory (GrpcFactory.java:checkPooledByteBufAllocatorUseCacheForAllThreads(48)) - PERFORMANCE WARNING: useCacheForAllThreads is true that may cause Netty to create a lot garbage objects and, as a result, trigger GC.
	It is recommended to disable useCacheForAllThreads by setting -Dorg.apache.ratis.thirdparty.io.netty.allocator.useCacheForAllThreads=false in command line.
2022-05-17 16:34:35,284 [Listener at 0.0.0.0/33255] INFO  grpc.GrpcConfigKeys (ConfUtils.java:logGet(44)) - raft.grpc.admin.port = -1 (default)
2022-05-17 16:34:35,284 [Listener at 0.0.0.0/33255] INFO  grpc.GrpcConfigKeys (ConfUtils.java:logGet(44)) - raft.grpc.server.port = 9872 (custom)
2022-05-17 16:34:35,285 [Listener at 0.0.0.0/33255] INFO  grpc.GrpcConfigKeys (ConfUtils.java:logGet(44)) - raft.grpc.client.port = -1 (default)
2022-05-17 16:34:35,285 [Listener at 0.0.0.0/33255] INFO  grpc.GrpcConfigKeys (ConfUtils.java:logGet(44)) - raft.grpc.server.port = 9872 (custom)
2022-05-17 16:34:35,285 [Listener at 0.0.0.0/33255] INFO  grpc.GrpcConfigKeys (ConfUtils.java:logGet(44)) - raft.grpc.server.port = 9872 (custom)
2022-05-17 16:34:35,285 [Listener at 0.0.0.0/33255] INFO  server.GrpcService (ConfUtils.java:logGet(44)) - raft.grpc.message.size.max = 33554432 (custom)
2022-05-17 16:34:35,285 [Listener at 0.0.0.0/33255] INFO  server.RaftServerConfigKeys (ConfUtils.java:logGet(44)) - raft.server.log.appender.buffer.byte-limit = 33554432 (custom)
2022-05-17 16:34:35,285 [Listener at 0.0.0.0/33255] INFO  server.GrpcService (ConfUtils.java:logGet(44)) - raft.grpc.flow.control.window = 1MB (=1048576) (default)
2022-05-17 16:34:35,286 [Listener at 0.0.0.0/33255] INFO  server.RaftServerConfigKeys (ConfUtils.java:logGet(44)) - raft.server.rpc.request.timeout = 3000ms (default)
2022-05-17 16:34:35,287 [Listener at 0.0.0.0/33255] INFO  impl.DataStreamServerImpl (ConfUtils.java:logGet(44)) - raft.datastream.type = DISABLED (default)
2022-05-17 16:34:35,288 [Listener at 0.0.0.0/33255] INFO  server.RaftServerConfigKeys (ConfUtils.java:logGet(44)) - raft.server.rpc.slowness.timeout = 120s (custom)
2022-05-17 16:34:35,288 [Listener at 0.0.0.0/33255] INFO  server.RaftServerConfigKeys (ConfUtils.java:logGet(44)) - raft.server.leaderelection.leader.step-down.wait-time = 10s (default)
2022-05-17 16:34:35,288 [Listener at 0.0.0.0/33255] INFO  server.RaftServerConfigKeys (ConfUtils.java:logGet(44)) - raft.server.storage.dir = [/home/runner/work/ozone/ozone/hadoop-ozone/integration-test/target/test-dir/MiniOzoneClusterImpl-d2fea7e1-e609-4d74-a07d-874ef1f8e340/ozone-meta/ratis] (custom)
2022-05-17 16:34:35,288 [Listener at 0.0.0.0/33255] INFO  server.RaftServer (RaftServerProxy.java:addNew(95)) - om1: addNew group-C5BA1605619E:[om1|rpc:localhost:9872|priority:0] returns group-C5BA1605619E:java.util.concurrent.CompletableFuture@51348a1b[Not completed]
2022-05-17 16:34:35,289 [Listener at 0.0.0.0/33255] INFO  om.OzoneManager (OzoneManager.java:initializeRatisServer(1901)) - OzoneManager Ratis server initialized at port 9872
2022-05-17 16:34:35,290 [Listener at 0.0.0.0/33255] INFO  om.OzoneManager (OzoneManager.java:getRpcServer(1030)) - Creating RPC Server
2022-05-17 16:34:35,291 [pool-561-thread-1] INFO  server.RaftServer$Division (RaftServerImpl.java:<init>(184)) - om1: new RaftServerImpl for group-C5BA1605619E:[om1|rpc:localhost:9872|priority:0] with OzoneManagerStateMachine:uninitialized
2022-05-17 16:34:35,306 [pool-561-thread-1] INFO  server.RaftServerConfigKeys (ConfUtils.java:logGet(44)) - raft.server.rpc.timeout.min = 1s (custom)
2022-05-17 16:34:35,306 [pool-561-thread-1] INFO  server.RaftServerConfigKeys (ConfUtils.java:logGet(44)) - raft.server.rpc.timeout.max = 1200ms (custom)
2022-05-17 16:34:35,306 [pool-561-thread-1] INFO  server.RaftServerConfigKeys (ConfUtils.java:logGet(44)) - raft.server.rpc.sleep.time = 25ms (default)
2022-05-17 16:34:35,306 [pool-561-thread-1] INFO  server.RaftServerConfigKeys (ConfUtils.java:logGet(44)) - raft.server.rpc.slowness.timeout = 120s (custom)
2022-05-17 16:34:35,306 [pool-561-thread-1] INFO  server.RaftServerConfigKeys (ConfUtils.java:logGet(44)) - raft.server.leaderelection.leader.step-down.wait-time = 10s (default)
2022-05-17 16:34:35,306 [pool-561-thread-1] INFO  server.RaftServerConfigKeys (ConfUtils.java:logGet(44)) - raft.server.sleep.deviation.threshold = 300ms (default)
2022-05-17 16:34:35,306 [pool-561-thread-1] INFO  server.RaftServerConfigKeys (ConfUtils.java:logGet(44)) - raft.server.log.appender.install.snapshot.enabled = false (custom)
2022-05-17 16:34:35,306 [pool-561-thread-1] INFO  server.RaftServer$Division (ServerState.java:<init>(105)) - om1@group-C5BA1605619E: ConfigurationManager, init=-1: [om1|rpc:localhost:9872|priority:0], old=null, confs=<EMPTY_MAP>
2022-05-17 16:34:35,306 [pool-561-thread-1] INFO  server.RaftServerConfigKeys (ConfUtils.java:logGet(44)) - raft.server.storage.dir = [/home/runner/work/ozone/ozone/hadoop-ozone/integration-test/target/test-dir/MiniOzoneClusterImpl-d2fea7e1-e609-4d74-a07d-874ef1f8e340/ozone-meta/ratis] (custom)
2022-05-17 16:34:35,306 [pool-561-thread-1] INFO  server.RaftServerConfigKeys (ConfUtils.java:logGet(44)) - raft.server.log.corruption.policy = EXCEPTION (default)
2022-05-17 16:34:35,307 [pool-561-thread-1] INFO  server.RaftServerConfigKeys (ConfUtils.java:logGet(44)) - raft.server.storage.free-space.min = 0MB (=0) (default)
2022-05-17 16:34:35,307 [pool-561-thread-1] INFO  storage.RaftStorageDirectory (RaftStorageDirectoryImpl.java:analyzeStorage(135)) - The storage directory /home/runner/work/ozone/ozone/hadoop-ozone/integration-test/target/test-dir/MiniOzoneClusterImpl-d2fea7e1-e609-4d74-a07d-874ef1f8e340/ozone-meta/ratis/bf265839-605b-3f16-9796-c5ba1605619e does not exist. Creating ...
2022-05-17 16:34:35,309 [pool-561-thread-1] INFO  storage.RaftStorageDirectory (RaftStorageDirectoryImpl.java:tryLock(230)) - Lock on /home/runner/work/ozone/ozone/hadoop-ozone/integration-test/target/test-dir/MiniOzoneClusterImpl-d2fea7e1-e609-4d74-a07d-874ef1f8e340/ozone-meta/ratis/bf265839-605b-3f16-9796-c5ba1605619e/in_use.lock acquired by nodename 17133@fv-az297-879
2022-05-17 16:34:35,312 [pool-561-thread-1] INFO  storage.RaftStorage (RaftStorageImpl.java:format(89)) - Storage directory /home/runner/work/ozone/ozone/hadoop-ozone/integration-test/target/test-dir/MiniOzoneClusterImpl-d2fea7e1-e609-4d74-a07d-874ef1f8e340/ozone-meta/ratis/bf265839-605b-3f16-9796-c5ba1605619e has been successfully formatted.
2022-05-17 16:34:35,312 [pool-561-thread-1] INFO  server.RaftServerConfigKeys (ConfUtils.java:logGet(44)) - raft.server.notification.no-leader.timeout = 120s (custom)
2022-05-17 16:34:35,312 [pool-561-thread-1] INFO  server.RaftServerConfigKeys (ConfUtils.java:logGet(44)) - raft.server.log.use.memory = false (default)
2022-05-17 16:34:35,312 [pool-561-thread-1] INFO  server.RaftServerConfigKeys (ConfUtils.java:logGet(44)) - raft.server.log.purge.gap = 1000000 (custom)
2022-05-17 16:34:35,312 [pool-561-thread-1] INFO  server.RaftServerConfigKeys (ConfUtils.java:logGet(44)) - raft.server.log.appender.buffer.byte-limit = 33554432 (custom)
2022-05-17 16:34:35,312 [pool-561-thread-1] INFO  server.RaftServerConfigKeys (ConfUtils.java:logGet(44)) - raft.server.log.segment.size.max = 4194304 (custom)
2022-05-17 16:34:35,313 [pool-561-thread-1] INFO  server.RaftServerConfigKeys (ConfUtils.java:logGet(44)) - raft.server.log.segment.cache.num.max = 2 (custom)
2022-05-17 16:34:35,313 [pool-561-thread-1] INFO  server.RaftServerConfigKeys (ConfUtils.java:logGet(44)) - raft.server.log.segment.cache.size.max = 200MB (=209715200) (default)
2022-05-17 16:34:35,313 [pool-561-thread-1] INFO  segmented.SegmentedRaftLogWorker (SegmentedRaftLogWorker.java:<init>(182)) - new om1@group-C5BA1605619E-SegmentedRaftLogWorker for RaftStorageImpl:Storage Directory /home/runner/work/ozone/ozone/hadoop-ozone/integration-test/target/test-dir/MiniOzoneClusterImpl-d2fea7e1-e609-4d74-a07d-874ef1f8e340/ozone-meta/ratis/bf265839-605b-3f16-9796-c5ba1605619e
2022-05-17 16:34:35,313 [pool-561-thread-1] INFO  server.RaftServerConfigKeys (ConfUtils.java:logGet(44)) - raft.server.log.queue.byte-limit = 64MB (=67108864) (default)
2022-05-17 16:34:35,313 [pool-561-thread-1] INFO  server.RaftServerConfigKeys (ConfUtils.java:logGet(44)) - raft.server.log.queue.element-limit = 4096 (default)
2022-05-17 16:34:35,313 [pool-561-thread-1] INFO  server.RaftServerConfigKeys (ConfUtils.java:logGet(44)) - raft.server.log.segment.size.max = 4194304 (custom)
2022-05-17 16:34:35,313 [pool-561-thread-1] INFO  server.RaftServerConfigKeys (ConfUtils.java:logGet(44)) - raft.server.log.preallocated.size = 4194304 (custom)
2022-05-17 16:34:35,313 [pool-561-thread-1] INFO  server.RaftServerConfigKeys (ConfUtils.java:logGet(44)) - raft.server.log.force.sync.num = 128 (default)
2022-05-17 16:34:35,313 [pool-561-thread-1] INFO  server.RaftServerConfigKeys (ConfUtils.java:logGet(44)) - raft.server.log.statemachine.data.sync = true (default)
2022-05-17 16:34:35,313 [pool-561-thread-1] INFO  server.RaftServerConfigKeys (ConfUtils.java:logGet(44)) - raft.server.log.statemachine.data.sync.timeout = 10s (default)
2022-05-17 16:34:35,313 [pool-561-thread-1] INFO  server.RaftServerConfigKeys (ConfUtils.java:logGet(44)) - raft.server.log.statemachine.data.sync.timeout.retry = -1 (default)
2022-05-17 16:34:35,319 [pool-561-thread-1] INFO  server.RaftServerConfigKeys (ConfUtils.java:logGet(44)) - raft.server.log.write.buffer.size = 64KB (=65536) (default)
2022-05-17 16:34:35,319 [pool-561-thread-1] INFO  server.RaftServerConfigKeys (ConfUtils.java:logGet(44)) - raft.server.log.statemachine.data.caching.enabled = false (default)
2022-05-17 16:34:35,319 [pool-561-thread-1] INFO  segmented.SegmentedRaftLogWorker (SegmentedRaftLogWorker.java:lambda$new$0(133)) - om1@group-C5BA1605619E-SegmentedRaftLogWorker: flushIndex: setUnconditionally 0 -> -1
2022-05-17 16:34:35,319 [pool-561-thread-1] INFO  segmented.SegmentedRaftLogWorker (SegmentedRaftLogWorker.java:lambda$new$0(133)) - om1@group-C5BA1605619E-SegmentedRaftLogWorker: safeCacheEvictIndex: setUnconditionally 0 -> -1
2022-05-17 16:34:35,331 [pool-561-thread-1] INFO  server.RaftServerConfigKeys (ConfUtils.java:logGet(44)) - raft.server.snapshot.auto.trigger.enabled = true (custom)
2022-05-17 16:34:35,331 [pool-561-thread-1] INFO  server.RaftServerConfigKeys (ConfUtils.java:logGet(44)) - raft.server.snapshot.auto.trigger.threshold = 400000 (default)
2022-05-17 16:34:35,331 [pool-561-thread-1] INFO  server.RaftServerConfigKeys (ConfUtils.java:logGet(44)) - raft.server.snapshot.retention.file.num = -1 (default)
2022-05-17 16:34:35,331 [pool-561-thread-1] INFO  server.RaftServerConfigKeys (ConfUtils.java:logGet(44)) - raft.server.log.purge.upto.snapshot.index = true (custom)
2022-05-17 16:34:35,331 [pool-561-thread-1] INFO  server.RaftServerConfigKeys (ConfUtils.java:logGet(44)) - raft.server.retrycache.expirytime = 300s (custom)
2022-05-17 16:34:35,331 [pool-561-thread-1] INFO  server.RaftServerConfigKeys (ConfUtils.java:logGet(44)) - raft.server.retrycache.statistics.expirytime = 100μs (default)
2022-05-17 16:34:36,438 [Listener at 0.0.0.0/33255] INFO  reflections.Reflections (Reflections.java:scan(232)) - Reflections took 1147 ms to scan 19 urls, producing 61 keys and 3686 values [using 2 cores]
2022-05-17 16:34:36,439 [Listener at 0.0.0.0/33255] INFO  ipc.CallQueueManager (CallQueueManager.java:<init>(90)) - Using callQueue: class java.util.concurrent.LinkedBlockingQueue, queueCapacity: 2000, scheduler: class org.apache.hadoop.ipc.DefaultRpcScheduler, ipcBackoff: false.
2022-05-17 16:34:36,440 [Socket Reader #1 for port 0] INFO  ipc.Server (Server.java:run(1265)) - Starting Socket Reader #1 for port 0
2022-05-17 16:34:36,493 [Listener at 127.0.0.1/40445] INFO  impl.MetricsSystemImpl (MetricsSystemImpl.java:init(158)) - OzoneManager metrics system started (again)
2022-05-17 16:34:36,574 [Listener at 127.0.0.1/40445] INFO  om.OzoneManager (OzoneManager.java:start(1405)) - OzoneManager RPC server is listening at localhost/127.0.0.1:40445
2022-05-17 16:34:36,574 [Listener at 127.0.0.1/40445] INFO  ratis.OzoneManagerRatisServer (OzoneManagerRatisServer.java:start(554)) - Starting OzoneManagerRatisServer om1 at port 9872
2022-05-17 16:34:36,574 [Listener at 127.0.0.1/40445] INFO  server.RaftServer$Division (RaftServerImpl.java:start(301)) - om1@group-C5BA1605619E: start as a follower, conf=-1: [om1|rpc:localhost:9872|priority:0], old=null
2022-05-17 16:34:36,574 [Listener at 127.0.0.1/40445] INFO  server.RaftServer$Division (RaftServerImpl.java:setRole(290)) - om1@group-C5BA1605619E: changes role from      null to FOLLOWER at term 0 for startAsFollower
2022-05-17 16:34:36,574 [Listener at 127.0.0.1/40445] INFO  impl.RoleInfo (RoleInfo.java:updateAndGet(130)) - om1: start om1@group-C5BA1605619E-FollowerState
2022-05-17 16:34:36,578 [Listener at 127.0.0.1/40445] INFO  util.JmxRegister (JmxRegister.java:tryRegister(44)) - Successfully registered JMX Bean with object name Ratis:service=RaftServer,group=group-C5BA1605619E,id=om1
2022-05-17 16:34:36,580 [Listener at 127.0.0.1/40445] INFO  server.RaftServer (RaftServerProxy.java:lambda$start$5(374)) - om1: start RPC server
2022-05-17 16:34:36,581 [Listener at 127.0.0.1/40445] INFO  server.GrpcService (GrpcService.java:startImpl(253)) - om1: GrpcService started, listening on 9872
2022-05-17 16:34:36,581 [Listener at 127.0.0.1/40445] INFO  om.OzoneManager (OzoneManager.java:start(1421)) - Version File has different layout version (2) than OM DB (null). That is expected if this OM has never been finalized to a newer layout version.
2022-05-17 16:34:36,673 [org.apache.ratis.util.JvmPauseMonitor$$Lambda$622/456676922@66d87874] INFO  util.JvmPauseMonitor (JvmPauseMonitor.java:run(103)) - JvmPauseMonitor-om1: Started
2022-05-17 16:34:36,701 [Listener at 127.0.0.1/40445] INFO  http.BaseHttpServer (BaseHttpServer.java:newHttpServer2BuilderForOzone(209)) - Starting Web-server for ozoneManager at: http://0.0.0.0:0
2022-05-17 16:34:36,702 [Listener at 127.0.0.1/40445] INFO  http.BaseHttpServer (BaseHttpServer.java:<init>(107)) - Hadoop Security Enabled: false Ozone Security Enabled: false Ozone HTTP Security Enabled: false 
2022-05-17 16:34:36,703 [Listener at 127.0.0.1/40445] INFO  server.AuthenticationFilter (AuthenticationFilter.java:constructSecretProvider(240)) - Unable to initialize FileSignerSecretProvider, falling back to use random secrets.
2022-05-17 16:34:36,705 [Listener at 127.0.0.1/40445] WARN  http.HttpRequestLog (HttpRequestLog.java:getRequestLog(103)) - Jetty request log can only be enabled using Log4j
2022-05-17 16:34:36,706 [Listener at 127.0.0.1/40445] INFO  http.HttpServer2 (HttpServer2.java:addGlobalFilter(1030)) - Added global filter 'safety' (class=org.apache.hadoop.hdds.server.http.HttpServer2$QuotingInputFilter)
2022-05-17 16:34:36,707 [Listener at 127.0.0.1/40445] INFO  http.HttpServer2 (HttpServer2.java:addFilter(1006)) - Added filter static_user_filter (class=org.apache.hadoop.http.lib.StaticUserWebFilter$StaticUserFilter) to context ozoneManager
2022-05-17 16:34:36,707 [Listener at 127.0.0.1/40445] INFO  http.HttpServer2 (HttpServer2.java:addFilter(1014)) - Added filter static_user_filter (class=org.apache.hadoop.http.lib.StaticUserWebFilter$StaticUserFilter) to context static
2022-05-17 16:34:36,707 [Listener at 127.0.0.1/40445] INFO  http.HttpServer2 (HttpServer2.java:addFilter(1014)) - Added filter static_user_filter (class=org.apache.hadoop.http.lib.StaticUserWebFilter$StaticUserFilter) to context logs
2022-05-17 16:34:36,708 [Listener at 127.0.0.1/40445] INFO  http.HttpServer2 (HttpServer2.java:bindListener(1249)) - Jetty bound to port 46011
2022-05-17 16:34:36,708 [Listener at 127.0.0.1/40445] INFO  server.Server (Server.java:doStart(375)) - jetty-9.4.43.v20210629; built: 2021-06-30T11:07:22.254Z; git: 526006ecfa3af7f1a27ef3a288e2bef7ea9dd7e8; jvm 1.8.0_332-b09
2022-05-17 16:34:36,725 [Listener at 127.0.0.1/40445] INFO  server.session (DefaultSessionIdManager.java:doStart(334)) - DefaultSessionIdManager workerName=node0
2022-05-17 16:34:36,725 [Listener at 127.0.0.1/40445] INFO  server.session (DefaultSessionIdManager.java:doStart(339)) - No SessionScavenger set, using defaults
2022-05-17 16:34:36,725 [Listener at 127.0.0.1/40445] INFO  server.session (HouseKeeper.java:startScavenging(132)) - node0 Scavenging every 600000ms
2022-05-17 16:34:36,738 [Listener at 127.0.0.1/40445] INFO  handler.ContextHandler (ContextHandler.java:doStart(915)) - Started o.e.j.s.ServletContextHandler@15ba8456{logs,/logs,file:///home/runner/work/ozone/ozone/hadoop-ozone/integration-test/target/log,AVAILABLE}
2022-05-17 16:34:36,738 [Listener at 127.0.0.1/40445] INFO  handler.ContextHandler (ContextHandler.java:doStart(915)) - Started o.e.j.s.ServletContextHandler@79fa2af2{static,/static,file:///home/runner/work/ozone/ozone/hadoop-ozone/integration-test/target/test-classes/webapps/static,AVAILABLE}
2022-05-17 16:34:36,743 [Listener at 127.0.0.1/40445] INFO  handler.ContextHandler (ContextHandler.java:doStart(915)) - Started o.e.j.w.WebAppContext@3a08eec3{ozoneManager,/,file:///home/runner/work/ozone/ozone/hadoop-ozone/integration-test/target/test-classes/webapps/ozoneManager/,AVAILABLE}{file:/home/runner/work/ozone/ozone/hadoop-ozone/integration-test/target/test-classes/webapps/ozoneManager}
2022-05-17 16:34:36,750 [Listener at 127.0.0.1/40445] INFO  server.AbstractConnector (AbstractConnector.java:doStart(331)) - Started ServerConnector@9b08f8c{HTTP/1.1, (http/1.1)}{0.0.0.0:46011}
2022-05-17 16:34:36,750 [Listener at 127.0.0.1/40445] INFO  server.Server (Server.java:doStart(415)) - Started @157948ms
2022-05-17 16:34:36,751 [Listener at 127.0.0.1/40445] WARN  impl.MetricsSystemImpl (MetricsSystemImpl.java:register(279)) - Sink prometheus already exists!
2022-05-17 16:34:36,752 [Listener at 127.0.0.1/40445] INFO  http.BaseHttpServer (BaseHttpServer.java:updateConnectorAddress(329)) - HTTP server of ozoneManager listening at http://0.0.0.0:46011
2022-05-17 16:34:36,769 [IPC Server Responder] INFO  ipc.Server (Server.java:run(1507)) - IPC Server Responder: starting
2022-05-17 16:34:36,790 [IPC Server listener on 0] INFO  ipc.Server (Server.java:run(1344)) - IPC Server listener on 0: starting
2022-05-17 16:34:36,816 [Listener at 127.0.0.1/40445] INFO  om.OzoneManager (OzoneManager.java:startTrashEmptier(1845)) - Trash Interval set to 0. Files deleted won't move to trash
2022-05-17 16:34:36,881 [org.apache.hadoop.util.JvmPauseMonitor$Monitor@7864521c] INFO  util.JvmPauseMonitor (JvmPauseMonitor.java:run(188)) - Starting JVM pause monitor
2022-05-17 16:34:36,926 [Listener at 127.0.0.1/40445] WARN  impl.MetricRegistriesImpl (MetricRegistriesImpl.java:addReporterRegistration(111)) - New reporters are added after registries were created. Some metrics will be missing from the reporter. Please add reporter before adding any new registry.
2022-05-17 16:34:36,926 [Listener at 127.0.0.1/40445] WARN  impl.MetricRegistriesImpl (MetricRegistriesImpl.java:addReporterRegistration(111)) - New reporters are added after registries were created. Some metrics will be missing from the reporter. Please add reporter before adding any new registry.
2022-05-17 16:34:36,926 [Listener at 127.0.0.1/40445] INFO  impl.MetricsSystemImpl (MetricsSystemImpl.java:init(158)) - HddsDatanode metrics system started (again)
2022-05-17 16:34:36,955 [Listener at 127.0.0.1/40445] INFO  ozone.HddsDatanodeService (HddsDatanodeService.java:start(236)) - HddsDatanodeService host:fv-az297-879.nmf1rxwemy4u5di1sxxf4ejcwb.jx.internal.cloudapp.net ip:10.1.0.54
2022-05-17 16:34:37,061 [Listener at 127.0.0.1/40445] INFO  upgrade.AbstractLayoutVersionManager (AbstractLayoutVersionManager.java:init(79)) - Initializing Layout version manager with metadata layout = ERASURE_CODED_STORAGE_SUPPORT (version = 3), software layout = ERASURE_CODED_STORAGE_SUPPORT (version = 3)
2022-05-17 16:34:37,120 [Listener at 127.0.0.1/40445] INFO  reflections.Reflections (Reflections.java:scan(232)) - Reflections took 57 ms to scan 7 urls, producing 127 keys and 292 values 
2022-05-17 16:34:37,121 [Listener at 127.0.0.1/40445] INFO  statemachine.DatanodeStateMachine (DatanodeStateMachine.java:getEndPointTaskThreadPoolSize(233)) - Datanode State Machine Task Thread Pool size 2
2022-05-17 16:34:37,127 [Listener at 127.0.0.1/40445] INFO  volume.HddsVolume (HddsVolume.java:<init>(120)) - Creating HddsVolume: /home/runner/work/ozone/ozone/hadoop-ozone/integration-test/target/test-dir/MiniOzoneClusterImpl-d2fea7e1-e609-4d74-a07d-874ef1f8e340/datanode-0/data-0/containers/hdds of storage type : DISK capacity : 9223372036854775807
2022-05-17 16:34:37,127 [Listener at 127.0.0.1/40445] INFO  volume.MutableVolumeSet (MutableVolumeSet.java:initializeVolumeSet(168)) - Added Volume : /home/runner/work/ozone/ozone/hadoop-ozone/integration-test/target/test-dir/MiniOzoneClusterImpl-d2fea7e1-e609-4d74-a07d-874ef1f8e340/datanode-0/data-0/containers/hdds to VolumeSet
2022-05-17 16:34:37,128 [Listener at 127.0.0.1/40445] INFO  volume.ThrottledAsyncChecker (ThrottledAsyncChecker.java:schedule(141)) - Scheduling a check for /home/runner/work/ozone/ozone/hadoop-ozone/integration-test/target/test-dir/MiniOzoneClusterImpl-d2fea7e1-e609-4d74-a07d-874ef1f8e340/datanode-0/data-0/containers/hdds
2022-05-17 16:34:37,128 [Listener at 127.0.0.1/40445] INFO  volume.StorageVolumeChecker (StorageVolumeChecker.java:checkAllVolumes(202)) - Scheduled health check for volume /home/runner/work/ozone/ozone/hadoop-ozone/integration-test/target/test-dir/MiniOzoneClusterImpl-d2fea7e1-e609-4d74-a07d-874ef1f8e340/datanode-0/data-0/containers/hdds
2022-05-17 16:34:37,144 [Listener at 127.0.0.1/40445] INFO  volume.MutableVolumeSet (MutableVolumeSet.java:initializeVolumeSet(168)) - Added Volume : /home/runner/work/ozone/ozone/hadoop-ozone/integration-test/target/test-dir/MiniOzoneClusterImpl-d2fea7e1-e609-4d74-a07d-874ef1f8e340/datanode-0/data/ratis to VolumeSet
2022-05-17 16:34:37,144 [Listener at 127.0.0.1/40445] INFO  volume.ThrottledAsyncChecker (ThrottledAsyncChecker.java:schedule(141)) - Scheduling a check for /home/runner/work/ozone/ozone/hadoop-ozone/integration-test/target/test-dir/MiniOzoneClusterImpl-d2fea7e1-e609-4d74-a07d-874ef1f8e340/datanode-0/data/ratis
2022-05-17 16:34:37,145 [Listener at 127.0.0.1/40445] INFO  volume.StorageVolumeChecker (StorageVolumeChecker.java:checkAllVolumes(202)) - Scheduled health check for volume /home/runner/work/ozone/ozone/hadoop-ozone/integration-test/target/test-dir/MiniOzoneClusterImpl-d2fea7e1-e609-4d74-a07d-874ef1f8e340/datanode-0/data/ratis
2022-05-17 16:34:37,178 [Thread-1140] INFO  ozoneimpl.ContainerReader (ContainerReader.java:readVolume(172)) - Finish verifying containers on volume /home/runner/work/ozone/ozone/hadoop-ozone/integration-test/target/test-dir/MiniOzoneClusterImpl-d2fea7e1-e609-4d74-a07d-874ef1f8e340/datanode-0/data-0/containers/hdds
2022-05-17 16:34:37,178 [Listener at 127.0.0.1/40445] INFO  ozoneimpl.OzoneContainer (OzoneContainer.java:buildContainerSet(257)) - Build ContainerSet costs 0s
2022-05-17 16:34:37,180 [Listener at 127.0.0.1/40445] INFO  server.RaftServer (ConfUtils.java:logGet(44)) - raft.rpc.type = GRPC (default)
2022-05-17 16:34:37,181 [Listener at 127.0.0.1/40445] INFO  grpc.GrpcFactory (GrpcFactory.java:checkPooledByteBufAllocatorUseCacheForAllThreads(48)) - PERFORMANCE WARNING: useCacheForAllThreads is true that may cause Netty to create a lot garbage objects and, as a result, trigger GC.
	It is recommended to disable useCacheForAllThreads by setting -Dorg.apache.ratis.thirdparty.io.netty.allocator.useCacheForAllThreads=false in command line.
2022-05-17 16:34:37,181 [Listener at 127.0.0.1/40445] INFO  grpc.GrpcConfigKeys (ConfUtils.java:logGet(44)) - raft.grpc.admin.port = 0 (custom)
2022-05-17 16:34:37,181 [Listener at 127.0.0.1/40445] INFO  grpc.GrpcConfigKeys (ConfUtils.java:logGet(44)) - raft.grpc.client.port = 0 (custom)
2022-05-17 16:34:37,181 [Listener at 127.0.0.1/40445] INFO  grpc.GrpcConfigKeys (ConfUtils.java:logGet(44)) - raft.grpc.server.port = 0 (default)
2022-05-17 16:34:37,181 [Listener at 127.0.0.1/40445] INFO  server.GrpcService (ConfUtils.java:logGet(44)) - raft.grpc.message.size.max = 32MB (=33554432) (custom)
2022-05-17 16:34:37,182 [Listener at 127.0.0.1/40445] INFO  server.RaftServerConfigKeys (ConfUtils.java:logGet(44)) - raft.server.log.appender.buffer.byte-limit = 33554432 (custom)
2022-05-17 16:34:37,182 [Listener at 127.0.0.1/40445] INFO  server.GrpcService (ConfUtils.java:logGet(44)) - raft.grpc.flow.control.window = 5MB (=5242880) (custom)
2022-05-17 16:34:37,182 [Listener at 127.0.0.1/40445] INFO  server.RaftServerConfigKeys (ConfUtils.java:logGet(44)) - raft.server.rpc.request.timeout = 60s (custom)
2022-05-17 16:34:37,184 [Listener at 127.0.0.1/40445] INFO  impl.DataStreamServerImpl (ConfUtils.java:logGet(44)) - raft.datastream.type = DISABLED (default)
2022-05-17 16:34:37,184 [Listener at 127.0.0.1/40445] INFO  server.RaftServerConfigKeys (ConfUtils.java:logGet(44)) - raft.server.rpc.slowness.timeout = 300s (custom)
2022-05-17 16:34:37,184 [Listener at 127.0.0.1/40445] INFO  server.RaftServerConfigKeys (ConfUtils.java:logGet(44)) - raft.server.leaderelection.leader.step-down.wait-time = 10s (default)
2022-05-17 16:34:37,185 [Listener at 127.0.0.1/40445] INFO  server.RaftServerConfigKeys (ConfUtils.java:logGet(44)) - raft.server.storage.dir = [/home/runner/work/ozone/ozone/hadoop-ozone/integration-test/target/test-dir/MiniOzoneClusterImpl-d2fea7e1-e609-4d74-a07d-874ef1f8e340/datanode-0/data/ratis] (custom)
2022-05-17 16:34:37,186 [Listener at 127.0.0.1/40445] INFO  server.XceiverServerGrpc (XceiverServerGrpc.java:<init>(132)) - GrpcServer channel type EpollServerSocketChannel
2022-05-17 16:34:37,205 [Listener at 127.0.0.1/40445] INFO  http.BaseHttpServer (BaseHttpServer.java:newHttpServer2BuilderForOzone(209)) - Starting Web-server for hddsDatanode at: http://0.0.0.0:0
2022-05-17 16:34:37,206 [Listener at 127.0.0.1/40445] INFO  http.BaseHttpServer (BaseHttpServer.java:<init>(107)) - Hadoop Security Enabled: false Ozone Security Enabled: false Ozone HTTP Security Enabled: false 
2022-05-17 16:34:37,208 [Listener at 127.0.0.1/40445] INFO  server.AuthenticationFilter (AuthenticationFilter.java:constructSecretProvider(240)) - Unable to initialize FileSignerSecretProvider, falling back to use random secrets.
2022-05-17 16:34:37,209 [Listener at 127.0.0.1/40445] WARN  http.HttpRequestLog (HttpRequestLog.java:getRequestLog(103)) - Jetty request log can only be enabled using Log4j
2022-05-17 16:34:37,210 [Listener at 127.0.0.1/40445] INFO  http.HttpServer2 (HttpServer2.java:addGlobalFilter(1030)) - Added global filter 'safety' (class=org.apache.hadoop.hdds.server.http.HttpServer2$QuotingInputFilter)
2022-05-17 16:34:37,211 [Listener at 127.0.0.1/40445] INFO  http.HttpServer2 (HttpServer2.java:addFilter(1006)) - Added filter static_user_filter (class=org.apache.hadoop.http.lib.StaticUserWebFilter$StaticUserFilter) to context hddsDatanode
2022-05-17 16:34:37,211 [Listener at 127.0.0.1/40445] INFO  http.HttpServer2 (HttpServer2.java:addFilter(1014)) - Added filter static_user_filter (class=org.apache.hadoop.http.lib.StaticUserWebFilter$StaticUserFilter) to context static
2022-05-17 16:34:37,211 [Listener at 127.0.0.1/40445] INFO  http.HttpServer2 (HttpServer2.java:addFilter(1014)) - Added filter static_user_filter (class=org.apache.hadoop.http.lib.StaticUserWebFilter$StaticUserFilter) to context logs
2022-05-17 16:34:37,212 [Listener at 127.0.0.1/40445] INFO  http.HttpServer2 (HttpServer2.java:bindListener(1249)) - Jetty bound to port 36739
2022-05-17 16:34:37,212 [Listener at 127.0.0.1/40445] INFO  server.Server (Server.java:doStart(375)) - jetty-9.4.43.v20210629; built: 2021-06-30T11:07:22.254Z; git: 526006ecfa3af7f1a27ef3a288e2bef7ea9dd7e8; jvm 1.8.0_332-b09
2022-05-17 16:34:37,232 [Listener at 127.0.0.1/40445] INFO  server.session (DefaultSessionIdManager.java:doStart(334)) - DefaultSessionIdManager workerName=node0
2022-05-17 16:34:37,232 [Listener at 127.0.0.1/40445] INFO  server.session (DefaultSessionIdManager.java:doStart(339)) - No SessionScavenger set, using defaults
2022-05-17 16:34:37,232 [Listener at 127.0.0.1/40445] INFO  server.session (HouseKeeper.java:startScavenging(132)) - node0 Scavenging every 660000ms
2022-05-17 16:34:37,234 [Listener at 127.0.0.1/40445] INFO  handler.ContextHandler (ContextHandler.java:doStart(915)) - Started o.e.j.s.ServletContextHandler@e59eac7{logs,/logs,file:///home/runner/work/ozone/ozone/hadoop-ozone/integration-test/target/log,AVAILABLE}
2022-05-17 16:34:37,234 [Listener at 127.0.0.1/40445] INFO  handler.ContextHandler (ContextHandler.java:doStart(915)) - Started o.e.j.s.ServletContextHandler@21ba22e8{static,/static,jar:file:/home/runner/.m2/repository/org/apache/ozone/hdds-container-service/1.3.0-SNAPSHOT/hdds-container-service-1.3.0-SNAPSHOT.jar!/webapps/static,AVAILABLE}
2022-05-17 16:34:37,572 [Listener at 127.0.0.1/40445] INFO  handler.ContextHandler (ContextHandler.java:doStart(915)) - Started o.e.j.w.WebAppContext@45f80a0a{hddsDatanode,/,file:///tmp/jetty-0_0_0_0-36739-hdds-container-service-1_3_0-SNAPSHOT_jar-_-any-6269607926770136803/webapp/,AVAILABLE}{jar:file:/home/runner/.m2/repository/org/apache/ozone/hdds-container-service/1.3.0-SNAPSHOT/hdds-container-service-1.3.0-SNAPSHOT.jar!/webapps/hddsDatanode}
2022-05-17 16:34:37,587 [Listener at 127.0.0.1/40445] INFO  server.AbstractConnector (AbstractConnector.java:doStart(331)) - Started ServerConnector@3f372405{HTTP/1.1, (http/1.1)}{0.0.0.0:36739}
2022-05-17 16:34:37,587 [Listener at 127.0.0.1/40445] INFO  server.Server (Server.java:doStart(415)) - Started @158785ms
2022-05-17 16:34:37,587 [Listener at 127.0.0.1/40445] WARN  impl.MetricsSystemImpl (MetricsSystemImpl.java:register(279)) - Sink prometheus already exists!
2022-05-17 16:34:37,598 [Listener at 127.0.0.1/40445] INFO  http.BaseHttpServer (BaseHttpServer.java:updateConnectorAddress(329)) - HTTP server of hddsDatanode listening at http://0.0.0.0:36739
2022-05-17 16:34:37,605 [Listener at 127.0.0.1/40445] WARN  impl.MetricRegistriesImpl (MetricRegistriesImpl.java:addReporterRegistration(111)) - New reporters are added after registries were created. Some metrics will be missing from the reporter. Please add reporter before adding any new registry.
2022-05-17 16:34:37,605 [Listener at 127.0.0.1/40445] WARN  impl.MetricRegistriesImpl (MetricRegistriesImpl.java:addReporterRegistration(111)) - New reporters are added after registries were created. Some metrics will be missing from the reporter. Please add reporter before adding any new registry.
2022-05-17 16:34:37,605 [Listener at 127.0.0.1/40445] INFO  impl.MetricsSystemImpl (MetricsSystemImpl.java:init(158)) - HddsDatanode metrics system started (again)
2022-05-17 16:34:37,614 [Datanode State Machine Daemon Thread] INFO  statemachine.DatanodeStateMachine (DatanodeStateMachine.java:lambda$startDaemon$0(481)) - Ozone container server started.
2022-05-17 16:34:37,617 [om1@group-C5BA1605619E-FollowerState] INFO  impl.FollowerState (FollowerState.java:run(134)) - om1@group-C5BA1605619E-FollowerState: change to CANDIDATE, lastRpcElapsedTime:1042316819ns, electionTimeout:1037ms
2022-05-17 16:34:37,617 [om1@group-C5BA1605619E-FollowerState] INFO  impl.RoleInfo (RoleInfo.java:shutdownFollowerState(108)) - om1: shutdown om1@group-C5BA1605619E-FollowerState
2022-05-17 16:34:37,617 [om1@group-C5BA1605619E-FollowerState] INFO  server.RaftServer$Division (RaftServerImpl.java:setRole(290)) - om1@group-C5BA1605619E: changes role from  FOLLOWER to CANDIDATE at term 0 for changeToCandidate
2022-05-17 16:34:37,617 [om1@group-C5BA1605619E-FollowerState] INFO  server.RaftServerConfigKeys (ConfUtils.java:logGet(44)) - raft.server.leaderelection.pre-vote = false (custom)
2022-05-17 16:34:37,617 [om1@group-C5BA1605619E-FollowerState] INFO  impl.RoleInfo (RoleInfo.java:updateAndGet(130)) - om1: start om1@group-C5BA1605619E-LeaderElection38
2022-05-17 16:34:37,643 [Listener at 127.0.0.1/40445] INFO  ozone.HddsDatanodeService (HddsDatanodeService.java:start(236)) - HddsDatanodeService host:fv-az297-879.nmf1rxwemy4u5di1sxxf4ejcwb.jx.internal.cloudapp.net ip:10.1.0.54
2022-05-17 16:34:37,672 [om1@group-C5BA1605619E-LeaderElection38] INFO  impl.LeaderElection (LeaderElection.java:askForVotes(306)) - om1@group-C5BA1605619E-LeaderElection38 ELECTION round 0: submit vote requests at term 1 for -1: [om1|rpc:localhost:9872|priority:0], old=null
2022-05-17 16:34:37,672 [om1@group-C5BA1605619E-LeaderElection38] INFO  impl.LeaderElection (LeaderElection.java:askForVotes(308)) - om1@group-C5BA1605619E-LeaderElection38 ELECTION round 0: result PASSED (term=1)
2022-05-17 16:34:37,673 [om1@group-C5BA1605619E-LeaderElection38] INFO  impl.RoleInfo (RoleInfo.java:shutdownLeaderElection(121)) - om1: shutdown om1@group-C5BA1605619E-LeaderElection38
2022-05-17 16:34:37,673 [om1@group-C5BA1605619E-LeaderElection38] INFO  server.RaftServer$Division (RaftServerImpl.java:setRole(290)) - om1@group-C5BA1605619E: changes role from CANDIDATE to LEADER at term 1 for changeToLeader
2022-05-17 16:34:37,673 [om1@group-C5BA1605619E-LeaderElection38] INFO  server.RaftServer$Division (ServerState.java:setLeader(285)) - om1@group-C5BA1605619E: change Leader from null to om1 at term 1 for becomeLeader, leader elected after 2360ms
2022-05-17 16:34:37,673 [om1@group-C5BA1605619E-LeaderElection38] INFO  server.RaftServerConfigKeys (ConfUtils.java:logGet(44)) - raft.server.staging.catchup.gap = 1000 (default)
2022-05-17 16:34:37,683 [org.apache.hadoop.util.JvmPauseMonitor$Monitor@66e97dce] INFO  util.JvmPauseMonitor (JvmPauseMonitor.java:run(188)) - Starting JVM pause monitor
2022-05-17 16:34:37,684 [om1@group-C5BA1605619E-LeaderElection38] INFO  server.RaftServerConfigKeys (ConfUtils.java:logGet(44)) - raft.server.write.element-limit = 4096 (default)
2022-05-17 16:34:37,684 [om1@group-C5BA1605619E-LeaderElection38] INFO  server.RaftServerConfigKeys (ConfUtils.java:logGet(44)) - raft.server.write.byte-limit = 64MB (=67108864) (default)
2022-05-17 16:34:37,684 [om1@group-C5BA1605619E-LeaderElection38] INFO  server.RaftServerConfigKeys (ConfUtils.java:logGet(44)) - raft.server.watch.timeout = 10s (default)
2022-05-17 16:34:37,684 [om1@group-C5BA1605619E-LeaderElection38] INFO  server.RaftServerConfigKeys (ConfUtils.java:logGet(44)) - raft.server.watch.timeout.denomination = 1s (default)
2022-05-17 16:34:37,684 [om1@group-C5BA1605619E-LeaderElection38] INFO  server.RaftServerConfigKeys (ConfUtils.java:logGet(44)) - raft.server.watch.element-limit = 65536 (default)
2022-05-17 16:34:37,684 [om1@group-C5BA1605619E-LeaderElection38] INFO  server.RaftServerConfigKeys (ConfUtils.java:logGet(44)) - raft.server.write.element-limit = 4096 (default)
2022-05-17 16:34:37,684 [om1@group-C5BA1605619E-LeaderElection38] INFO  server.RaftServerConfigKeys (ConfUtils.java:logGet(44)) - raft.server.write.follower.gap.ratio.max = -1.0 (default)
2022-05-17 16:34:37,685 [om1@group-C5BA1605619E-LeaderElection38] INFO  impl.RoleInfo (RoleInfo.java:updateAndGet(130)) - om1: start om1@group-C5BA1605619E-LeaderStateImpl
2022-05-17 16:34:37,685 [om1@group-C5BA1605619E-LeaderElection38] INFO  segmented.SegmentedRaftLogWorker (SegmentedRaftLogWorker.java:startLogSegment(394)) - om1@group-C5BA1605619E-SegmentedRaftLogWorker: Starting segment from index:0
2022-05-17 16:34:37,698 [om1@group-C5BA1605619E-SegmentedRaftLogWorker] INFO  segmented.SegmentedRaftLogWorker (SegmentedRaftLogWorker.java:execute(601)) - om1@group-C5BA1605619E-SegmentedRaftLogWorker: created new log segment /home/runner/work/ozone/ozone/hadoop-ozone/integration-test/target/test-dir/MiniOzoneClusterImpl-d2fea7e1-e609-4d74-a07d-874ef1f8e340/ozone-meta/ratis/bf265839-605b-3f16-9796-c5ba1605619e/current/log_inprogress_0
2022-05-17 16:34:37,700 [Listener at 127.0.0.1/40445] INFO  upgrade.AbstractLayoutVersionManager (AbstractLayoutVersionManager.java:init(79)) - Initializing Layout version manager with metadata layout = ERASURE_CODED_STORAGE_SUPPORT (version = 3), software layout = ERASURE_CODED_STORAGE_SUPPORT (version = 3)
2022-05-17 16:34:37,710 [om1@group-C5BA1605619E-LeaderElection38] INFO  server.RaftServer$Division (ServerState.java:setRaftConf(387)) - om1@group-C5BA1605619E: set configuration 0: [om1|rpc:localhost:9872|admin:|client:|dataStream:|priority:0], old=null
2022-05-17 16:34:37,715 [Datanode State Machine Task Thread - 0] INFO  datanode.InitDatanodeState (InitDatanodeState.java:persistContainerDatanodeDetails(138)) - DatanodeDetails is persisted to /home/runner/work/ozone/ozone/hadoop-ozone/integration-test/target/test-dir/MiniOzoneClusterImpl-d2fea7e1-e609-4d74-a07d-874ef1f8e340/datanode-0/meta/datanode.id
2022-05-17 16:34:37,751 [om1@group-C5BA1605619E-StateMachineUpdater] INFO  ratis.OzoneManagerStateMachine (OzoneManagerStateMachine.java:notifyConfigurationChanged(191)) - Received Configuration change notification from Ratis. New Peer list:
[id: "om1"
address: "localhost:9872"
]
2022-05-17 16:34:37,811 [Listener at 127.0.0.1/40445] INFO  reflections.Reflections (Reflections.java:scan(232)) - Reflections took 94 ms to scan 7 urls, producing 127 keys and 292 values 
2022-05-17 16:34:37,814 [Listener at 127.0.0.1/40445] INFO  statemachine.DatanodeStateMachine (DatanodeStateMachine.java:getEndPointTaskThreadPoolSize(233)) - Datanode State Machine Task Thread Pool size 2
2022-05-17 16:34:37,815 [Listener at 127.0.0.1/40445] INFO  volume.HddsVolume (HddsVolume.java:<init>(120)) - Creating HddsVolume: /home/runner/work/ozone/ozone/hadoop-ozone/integration-test/target/test-dir/MiniOzoneClusterImpl-d2fea7e1-e609-4d74-a07d-874ef1f8e340/datanode-1/data-0/containers/hdds of storage type : DISK capacity : 9223372036854775807
2022-05-17 16:34:37,816 [Listener at 127.0.0.1/40445] INFO  volume.MutableVolumeSet (MutableVolumeSet.java:initializeVolumeSet(168)) - Added Volume : /home/runner/work/ozone/ozone/hadoop-ozone/integration-test/target/test-dir/MiniOzoneClusterImpl-d2fea7e1-e609-4d74-a07d-874ef1f8e340/datanode-1/data-0/containers/hdds to VolumeSet
2022-05-17 16:34:37,816 [Listener at 127.0.0.1/40445] INFO  volume.ThrottledAsyncChecker (ThrottledAsyncChecker.java:schedule(141)) - Scheduling a check for /home/runner/work/ozone/ozone/hadoop-ozone/integration-test/target/test-dir/MiniOzoneClusterImpl-d2fea7e1-e609-4d74-a07d-874ef1f8e340/datanode-1/data-0/containers/hdds
2022-05-17 16:34:37,817 [Listener at 127.0.0.1/40445] INFO  volume.StorageVolumeChecker (StorageVolumeChecker.java:checkAllVolumes(202)) - Scheduled health check for volume /home/runner/work/ozone/ozone/hadoop-ozone/integration-test/target/test-dir/MiniOzoneClusterImpl-d2fea7e1-e609-4d74-a07d-874ef1f8e340/datanode-1/data-0/containers/hdds
2022-05-17 16:34:37,843 [Listener at 127.0.0.1/40445] INFO  volume.MutableVolumeSet (MutableVolumeSet.java:initializeVolumeSet(168)) - Added Volume : /home/runner/work/ozone/ozone/hadoop-ozone/integration-test/target/test-dir/MiniOzoneClusterImpl-d2fea7e1-e609-4d74-a07d-874ef1f8e340/datanode-1/data/ratis to VolumeSet
2022-05-17 16:34:37,844 [Listener at 127.0.0.1/40445] INFO  volume.ThrottledAsyncChecker (ThrottledAsyncChecker.java:schedule(141)) - Scheduling a check for /home/runner/work/ozone/ozone/hadoop-ozone/integration-test/target/test-dir/MiniOzoneClusterImpl-d2fea7e1-e609-4d74-a07d-874ef1f8e340/datanode-1/data/ratis
2022-05-17 16:34:37,844 [Listener at 127.0.0.1/40445] INFO  volume.StorageVolumeChecker (StorageVolumeChecker.java:checkAllVolumes(202)) - Scheduled health check for volume /home/runner/work/ozone/ozone/hadoop-ozone/integration-test/target/test-dir/MiniOzoneClusterImpl-d2fea7e1-e609-4d74-a07d-874ef1f8e340/datanode-1/data/ratis
2022-05-17 16:34:37,859 [Thread-1154] INFO  ozoneimpl.ContainerReader (ContainerReader.java:readVolume(172)) - Finish verifying containers on volume /home/runner/work/ozone/ozone/hadoop-ozone/integration-test/target/test-dir/MiniOzoneClusterImpl-d2fea7e1-e609-4d74-a07d-874ef1f8e340/datanode-1/data-0/containers/hdds
2022-05-17 16:34:37,860 [Listener at 127.0.0.1/40445] INFO  ozoneimpl.OzoneContainer (OzoneContainer.java:buildContainerSet(257)) - Build ContainerSet costs 0s
2022-05-17 16:34:37,862 [Listener at 127.0.0.1/40445] INFO  server.RaftServer (ConfUtils.java:logGet(44)) - raft.rpc.type = GRPC (default)
2022-05-17 16:34:37,862 [Listener at 127.0.0.1/40445] INFO  grpc.GrpcFactory (GrpcFactory.java:checkPooledByteBufAllocatorUseCacheForAllThreads(48)) - PERFORMANCE WARNING: useCacheForAllThreads is true that may cause Netty to create a lot garbage objects and, as a result, trigger GC.
	It is recommended to disable useCacheForAllThreads by setting -Dorg.apache.ratis.thirdparty.io.netty.allocator.useCacheForAllThreads=false in command line.
2022-05-17 16:34:37,863 [Listener at 127.0.0.1/40445] INFO  grpc.GrpcConfigKeys (ConfUtils.java:logGet(44)) - raft.grpc.admin.port = 0 (custom)
2022-05-17 16:34:37,863 [Listener at 127.0.0.1/40445] INFO  grpc.GrpcConfigKeys (ConfUtils.java:logGet(44)) - raft.grpc.client.port = 0 (custom)
2022-05-17 16:34:37,863 [Listener at 127.0.0.1/40445] INFO  grpc.GrpcConfigKeys (ConfUtils.java:logGet(44)) - raft.grpc.server.port = 0 (default)
2022-05-17 16:34:37,863 [Listener at 127.0.0.1/40445] INFO  server.GrpcService (ConfUtils.java:logGet(44)) - raft.grpc.message.size.max = 32MB (=33554432) (custom)
2022-05-17 16:34:37,863 [Listener at 127.0.0.1/40445] INFO  server.RaftServerConfigKeys (ConfUtils.java:logGet(44)) - raft.server.log.appender.buffer.byte-limit = 33554432 (custom)
2022-05-17 16:34:37,876 [Listener at 127.0.0.1/40445] INFO  server.GrpcService (ConfUtils.java:logGet(44)) - raft.grpc.flow.control.window = 5MB (=5242880) (custom)
2022-05-17 16:34:37,876 [Listener at 127.0.0.1/40445] INFO  server.RaftServerConfigKeys (ConfUtils.java:logGet(44)) - raft.server.rpc.request.timeout = 60s (custom)
2022-05-17 16:34:37,878 [Listener at 127.0.0.1/40445] INFO  impl.DataStreamServerImpl (ConfUtils.java:logGet(44)) - raft.datastream.type = DISABLED (default)
2022-05-17 16:34:37,878 [Listener at 127.0.0.1/40445] INFO  server.RaftServerConfigKeys (ConfUtils.java:logGet(44)) - raft.server.rpc.slowness.timeout = 300s (custom)
2022-05-17 16:34:37,878 [Listener at 127.0.0.1/40445] INFO  server.RaftServerConfigKeys (ConfUtils.java:logGet(44)) - raft.server.leaderelection.leader.step-down.wait-time = 10s (default)
2022-05-17 16:34:37,878 [Listener at 127.0.0.1/40445] INFO  server.RaftServerConfigKeys (ConfUtils.java:logGet(44)) - raft.server.storage.dir = [/home/runner/work/ozone/ozone/hadoop-ozone/integration-test/target/test-dir/MiniOzoneClusterImpl-d2fea7e1-e609-4d74-a07d-874ef1f8e340/datanode-1/data/ratis] (custom)
2022-05-17 16:34:37,892 [Listener at 127.0.0.1/40445] INFO  server.XceiverServerGrpc (XceiverServerGrpc.java:<init>(132)) - GrpcServer channel type EpollServerSocketChannel
2022-05-17 16:34:37,902 [Listener at 127.0.0.1/40445] INFO  http.BaseHttpServer (BaseHttpServer.java:newHttpServer2BuilderForOzone(209)) - Starting Web-server for hddsDatanode at: http://0.0.0.0:0
2022-05-17 16:34:37,902 [Listener at 127.0.0.1/40445] INFO  http.BaseHttpServer (BaseHttpServer.java:<init>(107)) - Hadoop Security Enabled: false Ozone Security Enabled: false Ozone HTTP Security Enabled: false 
2022-05-17 16:34:37,903 [Listener at 127.0.0.1/40445] INFO  server.AuthenticationFilter (AuthenticationFilter.java:constructSecretProvider(240)) - Unable to initialize FileSignerSecretProvider, falling back to use random secrets.
2022-05-17 16:34:37,906 [Listener at 127.0.0.1/40445] WARN  http.HttpRequestLog (HttpRequestLog.java:getRequestLog(103)) - Jetty request log can only be enabled using Log4j
2022-05-17 16:34:37,907 [Listener at 127.0.0.1/40445] INFO  http.HttpServer2 (HttpServer2.java:addGlobalFilter(1030)) - Added global filter 'safety' (class=org.apache.hadoop.hdds.server.http.HttpServer2$QuotingInputFilter)
2022-05-17 16:34:37,907 [Listener at 127.0.0.1/40445] INFO  http.HttpServer2 (HttpServer2.java:addFilter(1006)) - Added filter static_user_filter (class=org.apache.hadoop.http.lib.StaticUserWebFilter$StaticUserFilter) to context hddsDatanode
2022-05-17 16:34:37,907 [Listener at 127.0.0.1/40445] INFO  http.HttpServer2 (HttpServer2.java:addFilter(1014)) - Added filter static_user_filter (class=org.apache.hadoop.http.lib.StaticUserWebFilter$StaticUserFilter) to context static
2022-05-17 16:34:37,907 [Listener at 127.0.0.1/40445] INFO  http.HttpServer2 (HttpServer2.java:addFilter(1014)) - Added filter static_user_filter (class=org.apache.hadoop.http.lib.StaticUserWebFilter$StaticUserFilter) to context logs
2022-05-17 16:34:37,908 [Listener at 127.0.0.1/40445] INFO  http.HttpServer2 (HttpServer2.java:bindListener(1249)) - Jetty bound to port 42213
2022-05-17 16:34:37,908 [Listener at 127.0.0.1/40445] INFO  server.Server (Server.java:doStart(375)) - jetty-9.4.43.v20210629; built: 2021-06-30T11:07:22.254Z; git: 526006ecfa3af7f1a27ef3a288e2bef7ea9dd7e8; jvm 1.8.0_332-b09
2022-05-17 16:34:37,930 [Listener at 127.0.0.1/40445] INFO  server.session (DefaultSessionIdManager.java:doStart(334)) - DefaultSessionIdManager workerName=node0
2022-05-17 16:34:37,930 [Listener at 127.0.0.1/40445] INFO  server.session (DefaultSessionIdManager.java:doStart(339)) - No SessionScavenger set, using defaults
2022-05-17 16:34:37,930 [Listener at 127.0.0.1/40445] INFO  server.session (HouseKeeper.java:startScavenging(132)) - node0 Scavenging every 660000ms
2022-05-17 16:34:37,931 [Listener at 127.0.0.1/40445] INFO  handler.ContextHandler (ContextHandler.java:doStart(915)) - Started o.e.j.s.ServletContextHandler@3c591552{logs,/logs,file:///home/runner/work/ozone/ozone/hadoop-ozone/integration-test/target/log,AVAILABLE}
2022-05-17 16:34:37,932 [Listener at 127.0.0.1/40445] INFO  handler.ContextHandler (ContextHandler.java:doStart(915)) - Started o.e.j.s.ServletContextHandler@26a1abb8{static,/static,jar:file:/home/runner/.m2/repository/org/apache/ozone/hdds-container-service/1.3.0-SNAPSHOT/hdds-container-service-1.3.0-SNAPSHOT.jar!/webapps/static,AVAILABLE}
2022-05-17 16:34:38,283 [Listener at 127.0.0.1/40445] INFO  handler.ContextHandler (ContextHandler.java:doStart(915)) - Started o.e.j.w.WebAppContext@64945559{hddsDatanode,/,file:///tmp/jetty-0_0_0_0-42213-hdds-container-service-1_3_0-SNAPSHOT_jar-_-any-6235958304764670901/webapp/,AVAILABLE}{jar:file:/home/runner/.m2/repository/org/apache/ozone/hdds-container-service/1.3.0-SNAPSHOT/hdds-container-service-1.3.0-SNAPSHOT.jar!/webapps/hddsDatanode}
2022-05-17 16:34:38,285 [Listener at 127.0.0.1/40445] INFO  server.AbstractConnector (AbstractConnector.java:doStart(331)) - Started ServerConnector@6e4e53f4{HTTP/1.1, (http/1.1)}{0.0.0.0:42213}
2022-05-17 16:34:38,289 [Listener at 127.0.0.1/40445] INFO  server.Server (Server.java:doStart(415)) - Started @159487ms
2022-05-17 16:34:38,289 [Listener at 127.0.0.1/40445] WARN  impl.MetricsSystemImpl (MetricsSystemImpl.java:register(279)) - Sink prometheus already exists!
2022-05-17 16:34:38,294 [Listener at 127.0.0.1/40445] INFO  http.BaseHttpServer (BaseHttpServer.java:updateConnectorAddress(329)) - HTTP server of hddsDatanode listening at http://0.0.0.0:42213
2022-05-17 16:34:38,297 [Listener at 127.0.0.1/40445] WARN  impl.MetricRegistriesImpl (MetricRegistriesImpl.java:addReporterRegistration(111)) - New reporters are added after registries were created. Some metrics will be missing from the reporter. Please add reporter before adding any new registry.
2022-05-17 16:34:38,297 [Listener at 127.0.0.1/40445] WARN  impl.MetricRegistriesImpl (MetricRegistriesImpl.java:addReporterRegistration(111)) - New reporters are added after registries were created. Some metrics will be missing from the reporter. Please add reporter before adding any new registry.
2022-05-17 16:34:38,297 [Listener at 127.0.0.1/40445] INFO  impl.MetricsSystemImpl (MetricsSystemImpl.java:init(158)) - HddsDatanode metrics system started (again)
2022-05-17 16:34:38,301 [Datanode State Machine Daemon Thread] INFO  statemachine.DatanodeStateMachine (DatanodeStateMachine.java:lambda$startDaemon$0(481)) - Ozone container server started.
2022-05-17 16:34:38,323 [org.apache.hadoop.util.JvmPauseMonitor$Monitor@60f798b2] INFO  util.JvmPauseMonitor (JvmPauseMonitor.java:run(188)) - Starting JVM pause monitor
2022-05-17 16:34:38,347 [Datanode State Machine Task Thread - 0] INFO  datanode.InitDatanodeState (InitDatanodeState.java:persistContainerDatanodeDetails(138)) - DatanodeDetails is persisted to /home/runner/work/ozone/ozone/hadoop-ozone/integration-test/target/test-dir/MiniOzoneClusterImpl-d2fea7e1-e609-4d74-a07d-874ef1f8e340/datanode-1/meta/datanode.id
2022-05-17 16:34:38,374 [Listener at 127.0.0.1/40445] INFO  ozone.HddsDatanodeService (HddsDatanodeService.java:start(236)) - HddsDatanodeService host:fv-az297-879.nmf1rxwemy4u5di1sxxf4ejcwb.jx.internal.cloudapp.net ip:10.1.0.54
2022-05-17 16:34:38,450 [Listener at 127.0.0.1/40445] INFO  upgrade.AbstractLayoutVersionManager (AbstractLayoutVersionManager.java:init(79)) - Initializing Layout version manager with metadata layout = ERASURE_CODED_STORAGE_SUPPORT (version = 3), software layout = ERASURE_CODED_STORAGE_SUPPORT (version = 3)
2022-05-17 16:34:38,544 [Listener at 127.0.0.1/40445] INFO  reflections.Reflections (Reflections.java:scan(232)) - Reflections took 93 ms to scan 7 urls, producing 127 keys and 292 values 
2022-05-17 16:34:38,558 [Listener at 127.0.0.1/40445] INFO  statemachine.DatanodeStateMachine (DatanodeStateMachine.java:getEndPointTaskThreadPoolSize(233)) - Datanode State Machine Task Thread Pool size 2
2022-05-17 16:34:38,585 [Listener at 127.0.0.1/40445] INFO  volume.HddsVolume (HddsVolume.java:<init>(120)) - Creating HddsVolume: /home/runner/work/ozone/ozone/hadoop-ozone/integration-test/target/test-dir/MiniOzoneClusterImpl-d2fea7e1-e609-4d74-a07d-874ef1f8e340/datanode-2/data-0/containers/hdds of storage type : DISK capacity : 9223372036854775807
2022-05-17 16:34:38,585 [Listener at 127.0.0.1/40445] INFO  volume.MutableVolumeSet (MutableVolumeSet.java:initializeVolumeSet(168)) - Added Volume : /home/runner/work/ozone/ozone/hadoop-ozone/integration-test/target/test-dir/MiniOzoneClusterImpl-d2fea7e1-e609-4d74-a07d-874ef1f8e340/datanode-2/data-0/containers/hdds to VolumeSet
2022-05-17 16:34:38,586 [Listener at 127.0.0.1/40445] INFO  volume.ThrottledAsyncChecker (ThrottledAsyncChecker.java:schedule(141)) - Scheduling a check for /home/runner/work/ozone/ozone/hadoop-ozone/integration-test/target/test-dir/MiniOzoneClusterImpl-d2fea7e1-e609-4d74-a07d-874ef1f8e340/datanode-2/data-0/containers/hdds
2022-05-17 16:34:38,586 [Listener at 127.0.0.1/40445] INFO  volume.StorageVolumeChecker (StorageVolumeChecker.java:checkAllVolumes(202)) - Scheduled health check for volume /home/runner/work/ozone/ozone/hadoop-ozone/integration-test/target/test-dir/MiniOzoneClusterImpl-d2fea7e1-e609-4d74-a07d-874ef1f8e340/datanode-2/data-0/containers/hdds
2022-05-17 16:34:38,622 [Listener at 127.0.0.1/40445] INFO  volume.MutableVolumeSet (MutableVolumeSet.java:initializeVolumeSet(168)) - Added Volume : /home/runner/work/ozone/ozone/hadoop-ozone/integration-test/target/test-dir/MiniOzoneClusterImpl-d2fea7e1-e609-4d74-a07d-874ef1f8e340/datanode-2/data/ratis to VolumeSet
2022-05-17 16:34:38,623 [Listener at 127.0.0.1/40445] INFO  volume.ThrottledAsyncChecker (ThrottledAsyncChecker.java:schedule(141)) - Scheduling a check for /home/runner/work/ozone/ozone/hadoop-ozone/integration-test/target/test-dir/MiniOzoneClusterImpl-d2fea7e1-e609-4d74-a07d-874ef1f8e340/datanode-2/data/ratis
2022-05-17 16:34:38,623 [Listener at 127.0.0.1/40445] INFO  volume.StorageVolumeChecker (StorageVolumeChecker.java:checkAllVolumes(202)) - Scheduled health check for volume /home/runner/work/ozone/ozone/hadoop-ozone/integration-test/target/test-dir/MiniOzoneClusterImpl-d2fea7e1-e609-4d74-a07d-874ef1f8e340/datanode-2/data/ratis
2022-05-17 16:34:38,666 [Thread-1166] INFO  ozoneimpl.ContainerReader (ContainerReader.java:readVolume(172)) - Finish verifying containers on volume /home/runner/work/ozone/ozone/hadoop-ozone/integration-test/target/test-dir/MiniOzoneClusterImpl-d2fea7e1-e609-4d74-a07d-874ef1f8e340/datanode-2/data-0/containers/hdds
2022-05-17 16:34:38,666 [Listener at 127.0.0.1/40445] INFO  ozoneimpl.OzoneContainer (OzoneContainer.java:buildContainerSet(257)) - Build ContainerSet costs 0s
2022-05-17 16:34:38,672 [Listener at 127.0.0.1/40445] INFO  server.RaftServer (ConfUtils.java:logGet(44)) - raft.rpc.type = GRPC (default)
2022-05-17 16:34:38,672 [Listener at 127.0.0.1/40445] INFO  grpc.GrpcFactory (GrpcFactory.java:checkPooledByteBufAllocatorUseCacheForAllThreads(48)) - PERFORMANCE WARNING: useCacheForAllThreads is true that may cause Netty to create a lot garbage objects and, as a result, trigger GC.
	It is recommended to disable useCacheForAllThreads by setting -Dorg.apache.ratis.thirdparty.io.netty.allocator.useCacheForAllThreads=false in command line.
2022-05-17 16:34:38,672 [Listener at 127.0.0.1/40445] INFO  grpc.GrpcConfigKeys (ConfUtils.java:logGet(44)) - raft.grpc.admin.port = 0 (custom)
2022-05-17 16:34:38,672 [Listener at 127.0.0.1/40445] INFO  grpc.GrpcConfigKeys (ConfUtils.java:logGet(44)) - raft.grpc.client.port = 0 (custom)
2022-05-17 16:34:38,672 [Listener at 127.0.0.1/40445] INFO  grpc.GrpcConfigKeys (ConfUtils.java:logGet(44)) - raft.grpc.server.port = 0 (default)
2022-05-17 16:34:38,672 [Listener at 127.0.0.1/40445] INFO  server.GrpcService (ConfUtils.java:logGet(44)) - raft.grpc.message.size.max = 32MB (=33554432) (custom)
2022-05-17 16:34:38,673 [Listener at 127.0.0.1/40445] INFO  server.RaftServerConfigKeys (ConfUtils.java:logGet(44)) - raft.server.log.appender.buffer.byte-limit = 33554432 (custom)
2022-05-17 16:34:38,673 [Listener at 127.0.0.1/40445] INFO  server.GrpcService (ConfUtils.java:logGet(44)) - raft.grpc.flow.control.window = 5MB (=5242880) (custom)
2022-05-17 16:34:38,673 [Listener at 127.0.0.1/40445] INFO  server.RaftServerConfigKeys (ConfUtils.java:logGet(44)) - raft.server.rpc.request.timeout = 60s (custom)
2022-05-17 16:34:38,689 [Listener at 127.0.0.1/40445] INFO  impl.DataStreamServerImpl (ConfUtils.java:logGet(44)) - raft.datastream.type = DISABLED (default)
2022-05-17 16:34:38,689 [Listener at 127.0.0.1/40445] INFO  server.RaftServerConfigKeys (ConfUtils.java:logGet(44)) - raft.server.rpc.slowness.timeout = 300s (custom)
2022-05-17 16:34:38,689 [Listener at 127.0.0.1/40445] INFO  server.RaftServerConfigKeys (ConfUtils.java:logGet(44)) - raft.server.leaderelection.leader.step-down.wait-time = 10s (default)
2022-05-17 16:34:38,689 [Listener at 127.0.0.1/40445] INFO  server.RaftServerConfigKeys (ConfUtils.java:logGet(44)) - raft.server.storage.dir = [/home/runner/work/ozone/ozone/hadoop-ozone/integration-test/target/test-dir/MiniOzoneClusterImpl-d2fea7e1-e609-4d74-a07d-874ef1f8e340/datanode-2/data/ratis] (custom)
2022-05-17 16:34:38,700 [Listener at 127.0.0.1/40445] INFO  server.XceiverServerGrpc (XceiverServerGrpc.java:<init>(132)) - GrpcServer channel type EpollServerSocketChannel
2022-05-17 16:34:38,726 [Listener at 127.0.0.1/40445] INFO  http.BaseHttpServer (BaseHttpServer.java:newHttpServer2BuilderForOzone(209)) - Starting Web-server for hddsDatanode at: http://0.0.0.0:0
2022-05-17 16:34:38,727 [Listener at 127.0.0.1/40445] INFO  http.BaseHttpServer (BaseHttpServer.java:<init>(107)) - Hadoop Security Enabled: false Ozone Security Enabled: false Ozone HTTP Security Enabled: false 
2022-05-17 16:34:38,728 [Listener at 127.0.0.1/40445] INFO  server.AuthenticationFilter (AuthenticationFilter.java:constructSecretProvider(240)) - Unable to initialize FileSignerSecretProvider, falling back to use random secrets.
2022-05-17 16:34:38,728 [Listener at 127.0.0.1/40445] WARN  http.HttpRequestLog (HttpRequestLog.java:getRequestLog(103)) - Jetty request log can only be enabled using Log4j
2022-05-17 16:34:38,729 [Listener at 127.0.0.1/40445] INFO  http.HttpServer2 (HttpServer2.java:addGlobalFilter(1030)) - Added global filter 'safety' (class=org.apache.hadoop.hdds.server.http.HttpServer2$QuotingInputFilter)
2022-05-17 16:34:38,729 [Listener at 127.0.0.1/40445] INFO  http.HttpServer2 (HttpServer2.java:addFilter(1006)) - Added filter static_user_filter (class=org.apache.hadoop.http.lib.StaticUserWebFilter$StaticUserFilter) to context hddsDatanode
2022-05-17 16:34:38,730 [Listener at 127.0.0.1/40445] INFO  http.HttpServer2 (HttpServer2.java:addFilter(1014)) - Added filter static_user_filter (class=org.apache.hadoop.http.lib.StaticUserWebFilter$StaticUserFilter) to context logs
2022-05-17 16:34:38,730 [Listener at 127.0.0.1/40445] INFO  http.HttpServer2 (HttpServer2.java:addFilter(1014)) - Added filter static_user_filter (class=org.apache.hadoop.http.lib.StaticUserWebFilter$StaticUserFilter) to context static
2022-05-17 16:34:38,731 [Listener at 127.0.0.1/40445] INFO  http.HttpServer2 (HttpServer2.java:bindListener(1249)) - Jetty bound to port 38435
2022-05-17 16:34:38,731 [Listener at 127.0.0.1/40445] INFO  server.Server (Server.java:doStart(375)) - jetty-9.4.43.v20210629; built: 2021-06-30T11:07:22.254Z; git: 526006ecfa3af7f1a27ef3a288e2bef7ea9dd7e8; jvm 1.8.0_332-b09
2022-05-17 16:34:38,773 [Listener at 127.0.0.1/40445] INFO  server.session (DefaultSessionIdManager.java:doStart(334)) - DefaultSessionIdManager workerName=node0
2022-05-17 16:34:38,773 [Listener at 127.0.0.1/40445] INFO  server.session (DefaultSessionIdManager.java:doStart(339)) - No SessionScavenger set, using defaults
2022-05-17 16:34:38,774 [Listener at 127.0.0.1/40445] INFO  server.session (HouseKeeper.java:startScavenging(132)) - node0 Scavenging every 660000ms
2022-05-17 16:34:38,781 [Listener at 127.0.0.1/40445] INFO  handler.ContextHandler (ContextHandler.java:doStart(915)) - Started o.e.j.s.ServletContextHandler@319052b1{logs,/logs,file:///home/runner/work/ozone/ozone/hadoop-ozone/integration-test/target/log,AVAILABLE}
2022-05-17 16:34:38,781 [Listener at 127.0.0.1/40445] INFO  handler.ContextHandler (ContextHandler.java:doStart(915)) - Started o.e.j.s.ServletContextHandler@66ed73c1{static,/static,jar:file:/home/runner/.m2/repository/org/apache/ozone/hdds-container-service/1.3.0-SNAPSHOT/hdds-container-service-1.3.0-SNAPSHOT.jar!/webapps/static,AVAILABLE}
2022-05-17 16:34:39,266 [Listener at 127.0.0.1/40445] INFO  handler.ContextHandler (ContextHandler.java:doStart(915)) - Started o.e.j.w.WebAppContext@1746590c{hddsDatanode,/,file:///tmp/jetty-0_0_0_0-38435-hdds-container-service-1_3_0-SNAPSHOT_jar-_-any-7206341875814403177/webapp/,AVAILABLE}{jar:file:/home/runner/.m2/repository/org/apache/ozone/hdds-container-service/1.3.0-SNAPSHOT/hdds-container-service-1.3.0-SNAPSHOT.jar!/webapps/hddsDatanode}
2022-05-17 16:34:39,282 [Listener at 127.0.0.1/40445] INFO  server.AbstractConnector (AbstractConnector.java:doStart(331)) - Started ServerConnector@7fd9f4db{HTTP/1.1, (http/1.1)}{0.0.0.0:38435}
2022-05-17 16:34:39,282 [Listener at 127.0.0.1/40445] INFO  server.Server (Server.java:doStart(415)) - Started @160480ms
2022-05-17 16:34:39,283 [Listener at 127.0.0.1/40445] WARN  impl.MetricsSystemImpl (MetricsSystemImpl.java:register(279)) - Sink prometheus already exists!
2022-05-17 16:34:39,284 [Listener at 127.0.0.1/40445] INFO  http.BaseHttpServer (BaseHttpServer.java:updateConnectorAddress(329)) - HTTP server of hddsDatanode listening at http://0.0.0.0:38435
2022-05-17 16:34:39,284 [Listener at 127.0.0.1/40445] INFO  ozone.MiniOzoneClusterImpl (MiniOzoneClusterImpl.java:lambda$waitForClusterToBeReady$0(221)) - Waiting for nodes to be ready. Got 0 of 3 DN Heartbeats.
2022-05-17 16:34:39,284 [Listener at 127.0.0.1/40445] INFO  ozone.MiniOzoneClusterImpl (MiniOzoneClusterImpl.java:lambda$waitForClusterToBeReady$0(224)) - Waiting for cluster to exit safe mode
2022-05-17 16:34:39,284 [Listener at 127.0.0.1/40445] INFO  ozone.MiniOzoneClusterImpl (MiniOzoneClusterImpl.java:lambda$waitForClusterToBeReady$0(226)) - SCM became leader
2022-05-17 16:34:39,285 [Datanode State Machine Daemon Thread] INFO  statemachine.DatanodeStateMachine (DatanodeStateMachine.java:lambda$startDaemon$0(481)) - Ozone container server started.
2022-05-17 16:34:39,382 [org.apache.hadoop.util.JvmPauseMonitor$Monitor@172042d6] INFO  util.JvmPauseMonitor (JvmPauseMonitor.java:run(188)) - Starting JVM pause monitor
2022-05-17 16:34:39,397 [Datanode State Machine Task Thread - 0] INFO  datanode.InitDatanodeState (InitDatanodeState.java:persistContainerDatanodeDetails(138)) - DatanodeDetails is persisted to /home/runner/work/ozone/ozone/hadoop-ozone/integration-test/target/test-dir/MiniOzoneClusterImpl-d2fea7e1-e609-4d74-a07d-874ef1f8e340/datanode-2/meta/datanode.id
2022-05-17 16:34:39,736 [EndpointStateMachine task thread for /0.0.0.0:43807 - 0 ] INFO  ozoneimpl.OzoneContainer (OzoneContainer.java:start(335)) - Attempting to start container services.
2022-05-17 16:34:39,736 [EndpointStateMachine task thread for /0.0.0.0:43807 - 0 ] INFO  ozoneimpl.OzoneContainer (OzoneContainer.java:startContainerScrub(270)) - Background container scanner has been disabled.
2022-05-17 16:34:39,737 [EndpointStateMachine task thread for /0.0.0.0:43807 - 0 ] INFO  replication.ReplicationServer (ReplicationServer.java:start(111)) - ReplicationServer is started using port 43255
2022-05-17 16:34:39,739 [EndpointStateMachine task thread for /0.0.0.0:43807 - 0 ] INFO  ratis.XceiverServerRatis (XceiverServerRatis.java:start(481)) - Starting XceiverServerRatis a8e0e0ea-0af8-471c-ad2e-f664ca234674
2022-05-17 16:34:39,763 [EndpointStateMachine task thread for /0.0.0.0:43807 - 0 ] INFO  server.RaftServer (RaftServerProxy.java:lambda$start$5(374)) - a8e0e0ea-0af8-471c-ad2e-f664ca234674: start RPC server
2022-05-17 16:34:39,772 [EndpointStateMachine task thread for /0.0.0.0:43807 - 0 ] INFO  server.GrpcService (GrpcService.java:startImpl(253)) - a8e0e0ea-0af8-471c-ad2e-f664ca234674: GrpcService started, listening on 43125
2022-05-17 16:34:39,773 [EndpointStateMachine task thread for /0.0.0.0:43807 - 0 ] INFO  ratis.XceiverServerRatis (XceiverServerRatis.java:getRealPort(502)) - XceiverServerRatis a8e0e0ea-0af8-471c-ad2e-f664ca234674 is started using port 43125 for RATIS
2022-05-17 16:34:39,773 [EndpointStateMachine task thread for /0.0.0.0:43807 - 0 ] INFO  ratis.XceiverServerRatis (XceiverServerRatis.java:getRealPort(502)) - XceiverServerRatis a8e0e0ea-0af8-471c-ad2e-f664ca234674 is started using port 43125 for RATIS_ADMIN
2022-05-17 16:34:39,773 [EndpointStateMachine task thread for /0.0.0.0:43807 - 0 ] INFO  ratis.XceiverServerRatis (XceiverServerRatis.java:getRealPort(502)) - XceiverServerRatis a8e0e0ea-0af8-471c-ad2e-f664ca234674 is started using port 43125 for RATIS_SERVER
2022-05-17 16:34:39,773 [org.apache.ratis.util.JvmPauseMonitor$$Lambda$622/456676922@34e171cb] INFO  util.JvmPauseMonitor (JvmPauseMonitor.java:run(103)) - JvmPauseMonitor-a8e0e0ea-0af8-471c-ad2e-f664ca234674: Started
2022-05-17 16:34:39,774 [EndpointStateMachine task thread for /0.0.0.0:43807 - 0 ] INFO  server.XceiverServerGrpc (XceiverServerGrpc.java:start(180)) - XceiverServerGrpc a8e0e0ea-0af8-471c-ad2e-f664ca234674 is started using port 35489
2022-05-17 16:34:40,285 [Listener at 127.0.0.1/40445] INFO  ozone.MiniOzoneClusterImpl (MiniOzoneClusterImpl.java:lambda$waitForClusterToBeReady$0(221)) - Waiting for nodes to be ready. Got 0 of 3 DN Heartbeats.
2022-05-17 16:34:40,285 [Listener at 127.0.0.1/40445] INFO  ozone.MiniOzoneClusterImpl (MiniOzoneClusterImpl.java:lambda$waitForClusterToBeReady$0(224)) - Waiting for cluster to exit safe mode
2022-05-17 16:34:40,285 [Listener at 127.0.0.1/40445] INFO  ozone.MiniOzoneClusterImpl (MiniOzoneClusterImpl.java:lambda$waitForClusterToBeReady$0(226)) - SCM became leader
2022-05-17 16:34:40,346 [EndpointStateMachine task thread for /0.0.0.0:43807 - 0 ] INFO  ozoneimpl.OzoneContainer (OzoneContainer.java:start(335)) - Attempting to start container services.
2022-05-17 16:34:40,347 [EndpointStateMachine task thread for /0.0.0.0:43807 - 0 ] INFO  ozoneimpl.OzoneContainer (OzoneContainer.java:startContainerScrub(270)) - Background container scanner has been disabled.
2022-05-17 16:34:40,347 [EndpointStateMachine task thread for /0.0.0.0:43807 - 0 ] INFO  replication.ReplicationServer (ReplicationServer.java:start(111)) - ReplicationServer is started using port 38697
2022-05-17 16:34:40,367 [EndpointStateMachine task thread for /0.0.0.0:43807 - 0 ] INFO  ratis.XceiverServerRatis (XceiverServerRatis.java:start(481)) - Starting XceiverServerRatis 5d7a279a-acc0-4bf9-857e-0841bbf9d651
2022-05-17 16:34:40,377 [EndpointStateMachine task thread for /0.0.0.0:43807 - 0 ] INFO  server.RaftServer (RaftServerProxy.java:lambda$start$5(374)) - 5d7a279a-acc0-4bf9-857e-0841bbf9d651: start RPC server
2022-05-17 16:34:40,377 [EndpointStateMachine task thread for /0.0.0.0:43807 - 0 ] INFO  server.GrpcService (GrpcService.java:startImpl(253)) - 5d7a279a-acc0-4bf9-857e-0841bbf9d651: GrpcService started, listening on 35925
2022-05-17 16:34:40,393 [EndpointStateMachine task thread for /0.0.0.0:43807 - 0 ] INFO  ratis.XceiverServerRatis (XceiverServerRatis.java:getRealPort(502)) - XceiverServerRatis 5d7a279a-acc0-4bf9-857e-0841bbf9d651 is started using port 35925 for RATIS
2022-05-17 16:34:40,393 [EndpointStateMachine task thread for /0.0.0.0:43807 - 0 ] INFO  ratis.XceiverServerRatis (XceiverServerRatis.java:getRealPort(502)) - XceiverServerRatis 5d7a279a-acc0-4bf9-857e-0841bbf9d651 is started using port 35925 for RATIS_ADMIN
2022-05-17 16:34:40,393 [EndpointStateMachine task thread for /0.0.0.0:43807 - 0 ] INFO  ratis.XceiverServerRatis (XceiverServerRatis.java:getRealPort(502)) - XceiverServerRatis 5d7a279a-acc0-4bf9-857e-0841bbf9d651 is started using port 35925 for RATIS_SERVER
2022-05-17 16:34:40,394 [org.apache.ratis.util.JvmPauseMonitor$$Lambda$622/456676922@41178caf] INFO  util.JvmPauseMonitor (JvmPauseMonitor.java:run(103)) - JvmPauseMonitor-5d7a279a-acc0-4bf9-857e-0841bbf9d651: Started
2022-05-17 16:34:40,394 [EndpointStateMachine task thread for /0.0.0.0:43807 - 0 ] INFO  server.XceiverServerGrpc (XceiverServerGrpc.java:start(180)) - XceiverServerGrpc 5d7a279a-acc0-4bf9-857e-0841bbf9d651 is started using port 37119
2022-05-17 16:34:41,286 [Listener at 127.0.0.1/40445] INFO  ozone.MiniOzoneClusterImpl (MiniOzoneClusterImpl.java:lambda$waitForClusterToBeReady$0(221)) - Waiting for nodes to be ready. Got 0 of 3 DN Heartbeats.
2022-05-17 16:34:41,286 [Listener at 127.0.0.1/40445] INFO  ozone.MiniOzoneClusterImpl (MiniOzoneClusterImpl.java:lambda$waitForClusterToBeReady$0(224)) - Waiting for cluster to exit safe mode
2022-05-17 16:34:41,286 [Listener at 127.0.0.1/40445] INFO  ozone.MiniOzoneClusterImpl (MiniOzoneClusterImpl.java:lambda$waitForClusterToBeReady$0(226)) - SCM became leader
2022-05-17 16:34:41,412 [EndpointStateMachine task thread for /0.0.0.0:43807 - 0 ] INFO  ozoneimpl.OzoneContainer (OzoneContainer.java:start(335)) - Attempting to start container services.
2022-05-17 16:34:41,413 [EndpointStateMachine task thread for /0.0.0.0:43807 - 0 ] INFO  ozoneimpl.OzoneContainer (OzoneContainer.java:startContainerScrub(270)) - Background container scanner has been disabled.
2022-05-17 16:34:41,417 [EndpointStateMachine task thread for /0.0.0.0:43807 - 0 ] INFO  replication.ReplicationServer (ReplicationServer.java:start(111)) - ReplicationServer is started using port 39765
2022-05-17 16:34:41,429 [EndpointStateMachine task thread for /0.0.0.0:43807 - 0 ] INFO  ratis.XceiverServerRatis (XceiverServerRatis.java:start(481)) - Starting XceiverServerRatis 2c70115f-daca-4852-bdac-0bd87390dcd6
2022-05-17 16:34:41,431 [EndpointStateMachine task thread for /0.0.0.0:43807 - 0 ] INFO  server.RaftServer (RaftServerProxy.java:lambda$start$5(374)) - 2c70115f-daca-4852-bdac-0bd87390dcd6: start RPC server
2022-05-17 16:34:41,432 [EndpointStateMachine task thread for /0.0.0.0:43807 - 0 ] INFO  server.GrpcService (GrpcService.java:startImpl(253)) - 2c70115f-daca-4852-bdac-0bd87390dcd6: GrpcService started, listening on 41881
2022-05-17 16:34:41,433 [EndpointStateMachine task thread for /0.0.0.0:43807 - 0 ] INFO  ratis.XceiverServerRatis (XceiverServerRatis.java:getRealPort(502)) - XceiverServerRatis 2c70115f-daca-4852-bdac-0bd87390dcd6 is started using port 41881 for RATIS
2022-05-17 16:34:41,433 [EndpointStateMachine task thread for /0.0.0.0:43807 - 0 ] INFO  ratis.XceiverServerRatis (XceiverServerRatis.java:getRealPort(502)) - XceiverServerRatis 2c70115f-daca-4852-bdac-0bd87390dcd6 is started using port 41881 for RATIS_ADMIN
2022-05-17 16:34:41,433 [EndpointStateMachine task thread for /0.0.0.0:43807 - 0 ] INFO  ratis.XceiverServerRatis (XceiverServerRatis.java:getRealPort(502)) - XceiverServerRatis 2c70115f-daca-4852-bdac-0bd87390dcd6 is started using port 41881 for RATIS_SERVER
2022-05-17 16:34:41,433 [org.apache.ratis.util.JvmPauseMonitor$$Lambda$622/456676922@7b1ac101] INFO  util.JvmPauseMonitor (JvmPauseMonitor.java:run(103)) - JvmPauseMonitor-2c70115f-daca-4852-bdac-0bd87390dcd6: Started
2022-05-17 16:34:41,434 [EndpointStateMachine task thread for /0.0.0.0:43807 - 0 ] INFO  server.XceiverServerGrpc (XceiverServerGrpc.java:start(180)) - XceiverServerGrpc 2c70115f-daca-4852-bdac-0bd87390dcd6 is started using port 46663
2022-05-17 16:34:41,687 [IPC Server handler 12 on default port 43807] INFO  net.NetworkTopologyImpl (NetworkTopologyImpl.java:add(112)) - Added a new node: /default-rack/a8e0e0ea-0af8-471c-ad2e-f664ca234674
2022-05-17 16:34:41,687 [IPC Server handler 12 on default port 43807] INFO  node.SCMNodeManager (SCMNodeManager.java:register(393)) - Registered Data node : a8e0e0ea-0af8-471c-ad2e-f664ca234674{ip: 10.1.0.54, host: fv-az297-879.nmf1rxwemy4u5di1sxxf4ejcwb.jx.internal.cloudapp.net, ports: [REPLICATION=43255, RATIS=43125, RATIS_ADMIN=43125, RATIS_SERVER=43125, STANDALONE=35489], networkLocation: /default-rack, certSerialId: null, persistedOpState: null, persistedOpStateExpiryEpochSec: 0}
2022-05-17 16:34:41,709 [EventQueue-NodeRegistrationContainerReportForContainerSafeModeRule] INFO  safemode.SCMSafeModeManager (SCMSafeModeManager.java:validateSafeModeExitRules(204)) - ContainerSafeModeRule rule is successfully validated
2022-05-17 16:34:41,709 [EventQueue-NodeRegistrationContainerReportForDataNodeSafeModeRule] INFO  safemode.SCMSafeModeManager (DataNodeSafeModeRule.java:process(71)) - SCM in safe mode. 1 DataNodes registered, 3 required.
2022-05-17 16:34:41,727 [EventQueue-NewNodeForNewNodeHandler] INFO  pipeline.BackgroundPipelineCreator (BackgroundPipelineCreator.java:notifyEventTriggered(272)) - trigger a one-shot run on RatisPipelineUtilsThread.
2022-05-17 16:34:41,727 [RatisPipelineUtilsThread - 0] INFO  pipeline.RatisPipelineProvider (RatisPipelineProvider.java:lambda$create$0(195)) - Sending CreatePipelineCommand for pipeline:PipelineID=487bbc29-8ef7-4f0e-a88a-7c3b9c31cd03 to datanode:a8e0e0ea-0af8-471c-ad2e-f664ca234674
2022-05-17 16:34:41,730 [RatisPipelineUtilsThread - 0] INFO  pipeline.PipelineStateManagerImpl (PipelineStateManagerImpl.java:addPipeline(101)) - Created pipeline Pipeline[ Id: 487bbc29-8ef7-4f0e-a88a-7c3b9c31cd03, Nodes: a8e0e0ea-0af8-471c-ad2e-f664ca234674{ip: 10.1.0.54, host: fv-az297-879.nmf1rxwemy4u5di1sxxf4ejcwb.jx.internal.cloudapp.net, ports: [REPLICATION=43255, RATIS=43125, RATIS_ADMIN=43125, RATIS_SERVER=43125, STANDALONE=35489], networkLocation: /default-rack, certSerialId: null, persistedOpState: IN_SERVICE, persistedOpStateExpiryEpochSec: 0}, ReplicationConfig: RATIS/ONE, State:ALLOCATED, leaderId:, CreationTimestamp2022-05-17T16:34:41.727Z[Etc/UTC]].
2022-05-17 16:34:41,731 [EventQueue-PipelineReportForOneReplicaPipelineSafeModeRule] INFO  safemode.SCMSafeModeManager (SCMSafeModeManager.java:validateSafeModeExitRules(204)) - AtleastOneDatanodeReportedRule rule is successfully validated
2022-05-17 16:34:42,289 [Listener at 127.0.0.1/40445] INFO  ozone.MiniOzoneClusterImpl (MiniOzoneClusterImpl.java:lambda$waitForClusterToBeReady$0(221)) - Waiting for nodes to be ready. Got 1 of 3 DN Heartbeats.
2022-05-17 16:34:42,291 [Listener at 127.0.0.1/40445] INFO  ozone.MiniOzoneClusterImpl (MiniOzoneClusterImpl.java:lambda$waitForClusterToBeReady$0(224)) - Waiting for cluster to exit safe mode
2022-05-17 16:34:42,291 [Listener at 127.0.0.1/40445] INFO  ozone.MiniOzoneClusterImpl (MiniOzoneClusterImpl.java:lambda$waitForClusterToBeReady$0(226)) - SCM became leader
2022-05-17 16:34:42,325 [IPC Server handler 1 on default port 43807] INFO  net.NetworkTopologyImpl (NetworkTopologyImpl.java:add(112)) - Added a new node: /default-rack/5d7a279a-acc0-4bf9-857e-0841bbf9d651
2022-05-17 16:34:42,325 [IPC Server handler 1 on default port 43807] INFO  node.SCMNodeManager (SCMNodeManager.java:register(393)) - Registered Data node : 5d7a279a-acc0-4bf9-857e-0841bbf9d651{ip: 10.1.0.54, host: fv-az297-879.nmf1rxwemy4u5di1sxxf4ejcwb.jx.internal.cloudapp.net, ports: [REPLICATION=38697, RATIS=35925, RATIS_ADMIN=35925, RATIS_SERVER=35925, STANDALONE=37119], networkLocation: /default-rack, certSerialId: null, persistedOpState: null, persistedOpStateExpiryEpochSec: 0}
2022-05-17 16:34:42,325 [EventQueue-NewNodeForNewNodeHandler] INFO  pipeline.BackgroundPipelineCreator (BackgroundPipelineCreator.java:notifyEventTriggered(272)) - trigger a one-shot run on RatisPipelineUtilsThread.
2022-05-17 16:34:42,337 [EventQueue-NodeRegistrationContainerReportForDataNodeSafeModeRule] INFO  safemode.SCMSafeModeManager (DataNodeSafeModeRule.java:process(71)) - SCM in safe mode. 2 DataNodes registered, 3 required.
2022-05-17 16:34:42,338 [RatisPipelineUtilsThread - 0] INFO  pipeline.RatisPipelineProvider (RatisPipelineProvider.java:lambda$create$0(195)) - Sending CreatePipelineCommand for pipeline:PipelineID=cd2c3d13-96f2-42ce-b442-06fb7e3a9e76 to datanode:5d7a279a-acc0-4bf9-857e-0841bbf9d651
2022-05-17 16:34:42,339 [RatisPipelineUtilsThread - 0] INFO  pipeline.PipelineStateManagerImpl (PipelineStateManagerImpl.java:addPipeline(101)) - Created pipeline Pipeline[ Id: cd2c3d13-96f2-42ce-b442-06fb7e3a9e76, Nodes: 5d7a279a-acc0-4bf9-857e-0841bbf9d651{ip: 10.1.0.54, host: fv-az297-879.nmf1rxwemy4u5di1sxxf4ejcwb.jx.internal.cloudapp.net, ports: [REPLICATION=38697, RATIS=35925, RATIS_ADMIN=35925, RATIS_SERVER=35925, STANDALONE=37119], networkLocation: /default-rack, certSerialId: null, persistedOpState: IN_SERVICE, persistedOpStateExpiryEpochSec: 0}, ReplicationConfig: RATIS/ONE, State:ALLOCATED, leaderId:, CreationTimestamp2022-05-17T16:34:42.338Z[Etc/UTC]].
2022-05-17 16:34:43,293 [Listener at 127.0.0.1/40445] INFO  ozone.MiniOzoneClusterImpl (MiniOzoneClusterImpl.java:lambda$waitForClusterToBeReady$0(221)) - Waiting for nodes to be ready. Got 2 of 3 DN Heartbeats.
2022-05-17 16:34:43,294 [Listener at 127.0.0.1/40445] INFO  ozone.MiniOzoneClusterImpl (MiniOzoneClusterImpl.java:lambda$waitForClusterToBeReady$0(224)) - Waiting for cluster to exit safe mode
2022-05-17 16:34:43,294 [Listener at 127.0.0.1/40445] INFO  ozone.MiniOzoneClusterImpl (MiniOzoneClusterImpl.java:lambda$waitForClusterToBeReady$0(226)) - SCM became leader
2022-05-17 16:34:43,385 [IPC Server handler 0 on default port 43807] INFO  net.NetworkTopologyImpl (NetworkTopologyImpl.java:add(112)) - Added a new node: /default-rack/2c70115f-daca-4852-bdac-0bd87390dcd6
2022-05-17 16:34:43,386 [IPC Server handler 0 on default port 43807] INFO  node.SCMNodeManager (SCMNodeManager.java:register(393)) - Registered Data node : 2c70115f-daca-4852-bdac-0bd87390dcd6{ip: 10.1.0.54, host: fv-az297-879.nmf1rxwemy4u5di1sxxf4ejcwb.jx.internal.cloudapp.net, ports: [REPLICATION=39765, RATIS=41881, RATIS_ADMIN=41881, RATIS_SERVER=41881, STANDALONE=46663], networkLocation: /default-rack, certSerialId: null, persistedOpState: null, persistedOpStateExpiryEpochSec: 0}
2022-05-17 16:34:43,387 [EventQueue-NewNodeForNewNodeHandler] INFO  pipeline.BackgroundPipelineCreator (BackgroundPipelineCreator.java:notifyEventTriggered(272)) - trigger a one-shot run on RatisPipelineUtilsThread.
2022-05-17 16:34:43,387 [EventQueue-NodeRegistrationContainerReportForDataNodeSafeModeRule] INFO  safemode.SCMSafeModeManager (DataNodeSafeModeRule.java:process(71)) - SCM in safe mode. 3 DataNodes registered, 3 required.
2022-05-17 16:34:43,387 [EventQueue-NodeRegistrationContainerReportForDataNodeSafeModeRule] INFO  safemode.SCMSafeModeManager (SCMSafeModeManager.java:validateSafeModeExitRules(204)) - DataNodeSafeModeRule rule is successfully validated
2022-05-17 16:34:43,387 [EventQueue-NodeRegistrationContainerReportForDataNodeSafeModeRule] INFO  safemode.SCMSafeModeManager (SCMSafeModeManager.java:completePreCheck(233)) - All SCM safe mode pre check rules have passed
2022-05-17 16:34:43,387 [EventQueue-NodeRegistrationContainerReportForDataNodeSafeModeRule] WARN  events.EventQueue (EventQueue.java:fireEvent(194)) - No event handler registered for event TypedEvent{payloadType=SafeModeStatus, name='Safe mode status'}
2022-05-17 16:34:43,387 [EventQueue-NodeRegistrationContainerReportForDataNodeSafeModeRule] INFO  ha.SCMContext (SCMContext.java:updateSafeModeStatus(211)) - Update SafeModeStatus from SafeModeStatus{safeModeStatus=true, preCheckPassed=false} to SafeModeStatus{safeModeStatus=true, preCheckPassed=true}.
2022-05-17 16:34:43,387 [EventQueue-NodeRegistrationContainerReportForDataNodeSafeModeRule] INFO  pipeline.BackgroundPipelineCreator (BackgroundPipelineCreator.java:notifyEventTriggered(272)) - trigger a one-shot run on RatisPipelineUtilsThread.
2022-05-17 16:34:43,389 [RatisPipelineUtilsThread - 0] INFO  pipeline.RatisPipelineProvider (RatisPipelineProvider.java:lambda$create$0(195)) - Sending CreatePipelineCommand for pipeline:PipelineID=8b4dd244-ad99-4d64-ab01-097c97b9c329 to datanode:2c70115f-daca-4852-bdac-0bd87390dcd6
2022-05-17 16:34:43,390 [RatisPipelineUtilsThread - 0] INFO  pipeline.PipelineStateManagerImpl (PipelineStateManagerImpl.java:addPipeline(101)) - Created pipeline Pipeline[ Id: 8b4dd244-ad99-4d64-ab01-097c97b9c329, Nodes: 2c70115f-daca-4852-bdac-0bd87390dcd6{ip: 10.1.0.54, host: fv-az297-879.nmf1rxwemy4u5di1sxxf4ejcwb.jx.internal.cloudapp.net, ports: [REPLICATION=39765, RATIS=41881, RATIS_ADMIN=41881, RATIS_SERVER=41881, STANDALONE=46663], networkLocation: /default-rack, certSerialId: null, persistedOpState: IN_SERVICE, persistedOpStateExpiryEpochSec: 0}, ReplicationConfig: RATIS/ONE, State:ALLOCATED, leaderId:, CreationTimestamp2022-05-17T16:34:43.389Z[Etc/UTC]].
2022-05-17 16:34:43,390 [RatisPipelineUtilsThread - 0] INFO  pipeline.RatisPipelineProvider (RatisPipelineProvider.java:lambda$create$0(195)) - Sending CreatePipelineCommand for pipeline:PipelineID=3feebc73-2228-4c42-8f2f-d45cb2820ee8 to datanode:a8e0e0ea-0af8-471c-ad2e-f664ca234674
2022-05-17 16:34:43,391 [RatisPipelineUtilsThread - 0] INFO  pipeline.RatisPipelineProvider (RatisPipelineProvider.java:lambda$create$0(195)) - Sending CreatePipelineCommand for pipeline:PipelineID=3feebc73-2228-4c42-8f2f-d45cb2820ee8 to datanode:2c70115f-daca-4852-bdac-0bd87390dcd6
2022-05-17 16:34:43,391 [RatisPipelineUtilsThread - 0] INFO  pipeline.RatisPipelineProvider (RatisPipelineProvider.java:lambda$create$0(195)) - Sending CreatePipelineCommand for pipeline:PipelineID=3feebc73-2228-4c42-8f2f-d45cb2820ee8 to datanode:5d7a279a-acc0-4bf9-857e-0841bbf9d651
2022-05-17 16:34:43,391 [RatisPipelineUtilsThread - 0] INFO  pipeline.PipelineStateManagerImpl (PipelineStateManagerImpl.java:addPipeline(101)) - Created pipeline Pipeline[ Id: 3feebc73-2228-4c42-8f2f-d45cb2820ee8, Nodes: a8e0e0ea-0af8-471c-ad2e-f664ca234674{ip: 10.1.0.54, host: fv-az297-879.nmf1rxwemy4u5di1sxxf4ejcwb.jx.internal.cloudapp.net, ports: [REPLICATION=43255, RATIS=43125, RATIS_ADMIN=43125, RATIS_SERVER=43125, STANDALONE=35489], networkLocation: /default-rack, certSerialId: null, persistedOpState: IN_SERVICE, persistedOpStateExpiryEpochSec: 0}2c70115f-daca-4852-bdac-0bd87390dcd6{ip: 10.1.0.54, host: fv-az297-879.nmf1rxwemy4u5di1sxxf4ejcwb.jx.internal.cloudapp.net, ports: [REPLICATION=39765, RATIS=41881, RATIS_ADMIN=41881, RATIS_SERVER=41881, STANDALONE=46663], networkLocation: /default-rack, certSerialId: null, persistedOpState: IN_SERVICE, persistedOpStateExpiryEpochSec: 0}5d7a279a-acc0-4bf9-857e-0841bbf9d651{ip: 10.1.0.54, host: fv-az297-879.nmf1rxwemy4u5di1sxxf4ejcwb.jx.internal.cloudapp.net, ports: [REPLICATION=38697, RATIS=35925, RATIS_ADMIN=35925, RATIS_SERVER=35925, STANDALONE=37119], networkLocation: /default-rack, certSerialId: null, persistedOpState: IN_SERVICE, persistedOpStateExpiryEpochSec: 0}, ReplicationConfig: RATIS/THREE, State:ALLOCATED, leaderId:, CreationTimestamp2022-05-17T16:34:43.390Z[Etc/UTC]].
2022-05-17 16:34:43,392 [RatisPipelineUtilsThread - 0] INFO  pipeline.RatisPipelineProvider (RatisPipelineProvider.java:lambda$create$0(195)) - Sending CreatePipelineCommand for pipeline:PipelineID=67a1fea9-df5b-4982-8c9b-9ce27a79b77c to datanode:a8e0e0ea-0af8-471c-ad2e-f664ca234674
2022-05-17 16:34:43,392 [RatisPipelineUtilsThread - 0] INFO  pipeline.RatisPipelineProvider (RatisPipelineProvider.java:lambda$create$0(195)) - Sending CreatePipelineCommand for pipeline:PipelineID=67a1fea9-df5b-4982-8c9b-9ce27a79b77c to datanode:2c70115f-daca-4852-bdac-0bd87390dcd6
2022-05-17 16:34:43,392 [RatisPipelineUtilsThread - 0] INFO  pipeline.RatisPipelineProvider (RatisPipelineProvider.java:lambda$create$0(195)) - Sending CreatePipelineCommand for pipeline:PipelineID=67a1fea9-df5b-4982-8c9b-9ce27a79b77c to datanode:5d7a279a-acc0-4bf9-857e-0841bbf9d651
2022-05-17 16:34:43,392 [RatisPipelineUtilsThread - 0] INFO  pipeline.PipelineStateManagerImpl (PipelineStateManagerImpl.java:addPipeline(101)) - Created pipeline Pipeline[ Id: 67a1fea9-df5b-4982-8c9b-9ce27a79b77c, Nodes: a8e0e0ea-0af8-471c-ad2e-f664ca234674{ip: 10.1.0.54, host: fv-az297-879.nmf1rxwemy4u5di1sxxf4ejcwb.jx.internal.cloudapp.net, ports: [REPLICATION=43255, RATIS=43125, RATIS_ADMIN=43125, RATIS_SERVER=43125, STANDALONE=35489], networkLocation: /default-rack, certSerialId: null, persistedOpState: IN_SERVICE, persistedOpStateExpiryEpochSec: 0}2c70115f-daca-4852-bdac-0bd87390dcd6{ip: 10.1.0.54, host: fv-az297-879.nmf1rxwemy4u5di1sxxf4ejcwb.jx.internal.cloudapp.net, ports: [REPLICATION=39765, RATIS=41881, RATIS_ADMIN=41881, RATIS_SERVER=41881, STANDALONE=46663], networkLocation: /default-rack, certSerialId: null, persistedOpState: IN_SERVICE, persistedOpStateExpiryEpochSec: 0}5d7a279a-acc0-4bf9-857e-0841bbf9d651{ip: 10.1.0.54, host: fv-az297-879.nmf1rxwemy4u5di1sxxf4ejcwb.jx.internal.cloudapp.net, ports: [REPLICATION=38697, RATIS=35925, RATIS_ADMIN=35925, RATIS_SERVER=35925, STANDALONE=37119], networkLocation: /default-rack, certSerialId: null, persistedOpState: IN_SERVICE, persistedOpStateExpiryEpochSec: 0}, ReplicationConfig: RATIS/THREE, State:ALLOCATED, leaderId:, CreationTimestamp2022-05-17T16:34:43.392Z[Etc/UTC]].
2022-05-17 16:34:43,393 [RatisPipelineUtilsThread - 0] INFO  pipeline.PipelineManagerImpl (PipelineManagerImpl.java:recordMetricsForPipeline(695)) - Pipeline: PipelineID=67a1fea9-df5b-4982-8c9b-9ce27a79b77c contains same datanodes as previous pipelines: PipelineID=3feebc73-2228-4c42-8f2f-d45cb2820ee8 nodeIds: a8e0e0ea-0af8-471c-ad2e-f664ca234674, 2c70115f-daca-4852-bdac-0bd87390dcd6, 5d7a279a-acc0-4bf9-857e-0841bbf9d651
2022-05-17 16:34:44,294 [Listener at 127.0.0.1/40445] INFO  ozone.MiniOzoneClusterImpl (MiniOzoneClusterImpl.java:lambda$waitForClusterToBeReady$0(221)) - Nodes are ready. Got 3 of 3 DN Heartbeats.
2022-05-17 16:34:44,296 [Listener at 127.0.0.1/40445] INFO  ozone.MiniOzoneClusterImpl (MiniOzoneClusterImpl.java:lambda$waitForClusterToBeReady$0(224)) - Waiting for cluster to exit safe mode
2022-05-17 16:34:44,296 [Listener at 127.0.0.1/40445] INFO  ozone.MiniOzoneClusterImpl (MiniOzoneClusterImpl.java:lambda$waitForClusterToBeReady$0(226)) - SCM became leader
2022-05-17 16:34:44,705 [Command processor thread] INFO  server.RaftServer (RaftServerProxy.java:addNew(95)) - a8e0e0ea-0af8-471c-ad2e-f664ca234674: addNew group-7C3B9C31CD03:[a8e0e0ea-0af8-471c-ad2e-f664ca234674|rpc:10.1.0.54:43125|priority:1] returns group-7C3B9C31CD03:java.util.concurrent.CompletableFuture@7324d6f0[Not completed]
2022-05-17 16:34:44,707 [pool-576-thread-1] INFO  server.RaftServer$Division (RaftServerImpl.java:<init>(184)) - a8e0e0ea-0af8-471c-ad2e-f664ca234674: new RaftServerImpl for group-7C3B9C31CD03:[a8e0e0ea-0af8-471c-ad2e-f664ca234674|rpc:10.1.0.54:43125|priority:1] with ContainerStateMachine:uninitialized
2022-05-17 16:34:44,748 [pool-576-thread-1] INFO  server.RaftServerConfigKeys (ConfUtils.java:logGet(44)) - raft.server.rpc.timeout.min = 5s (custom)
2022-05-17 16:34:44,748 [pool-576-thread-1] INFO  server.RaftServerConfigKeys (ConfUtils.java:logGet(44)) - raft.server.rpc.timeout.max = 5200ms (custom)
2022-05-17 16:34:44,748 [pool-576-thread-1] INFO  server.RaftServerConfigKeys (ConfUtils.java:logGet(44)) - raft.server.rpc.sleep.time = 25ms (default)
2022-05-17 16:34:44,748 [pool-576-thread-1] INFO  server.RaftServerConfigKeys (ConfUtils.java:logGet(44)) - raft.server.rpc.slowness.timeout = 300s (custom)
2022-05-17 16:34:44,748 [pool-576-thread-1] INFO  server.RaftServerConfigKeys (ConfUtils.java:logGet(44)) - raft.server.leaderelection.leader.step-down.wait-time = 10s (default)
2022-05-17 16:34:44,749 [pool-576-thread-1] INFO  server.RaftServerConfigKeys (ConfUtils.java:logGet(44)) - raft.server.sleep.deviation.threshold = 300ms (default)
2022-05-17 16:34:44,749 [pool-576-thread-1] INFO  server.RaftServerConfigKeys (ConfUtils.java:logGet(44)) - raft.server.log.appender.install.snapshot.enabled = false (custom)
2022-05-17 16:34:44,749 [pool-576-thread-1] INFO  server.RaftServer$Division (ServerState.java:<init>(105)) - a8e0e0ea-0af8-471c-ad2e-f664ca234674@group-7C3B9C31CD03: ConfigurationManager, init=-1: [a8e0e0ea-0af8-471c-ad2e-f664ca234674|rpc:10.1.0.54:43125|priority:1], old=null, confs=<EMPTY_MAP>
2022-05-17 16:34:44,749 [pool-576-thread-1] INFO  server.RaftServerConfigKeys (ConfUtils.java:logGet(44)) - raft.server.storage.dir = [/home/runner/work/ozone/ozone/hadoop-ozone/integration-test/target/test-dir/MiniOzoneClusterImpl-d2fea7e1-e609-4d74-a07d-874ef1f8e340/datanode-0/data/ratis] (custom)
2022-05-17 16:34:44,749 [pool-576-thread-1] INFO  server.RaftServerConfigKeys (ConfUtils.java:logGet(44)) - raft.server.log.corruption.policy = EXCEPTION (default)
2022-05-17 16:34:44,749 [pool-576-thread-1] INFO  server.RaftServerConfigKeys (ConfUtils.java:logGet(44)) - raft.server.storage.free-space.min = 0MB (=0) (default)
2022-05-17 16:34:44,749 [pool-576-thread-1] INFO  storage.RaftStorageDirectory (RaftStorageDirectoryImpl.java:analyzeStorage(135)) - The storage directory /home/runner/work/ozone/ozone/hadoop-ozone/integration-test/target/test-dir/MiniOzoneClusterImpl-d2fea7e1-e609-4d74-a07d-874ef1f8e340/datanode-0/data/ratis/487bbc29-8ef7-4f0e-a88a-7c3b9c31cd03 does not exist. Creating ...
2022-05-17 16:34:44,752 [pool-576-thread-1] INFO  storage.RaftStorageDirectory (RaftStorageDirectoryImpl.java:tryLock(230)) - Lock on /home/runner/work/ozone/ozone/hadoop-ozone/integration-test/target/test-dir/MiniOzoneClusterImpl-d2fea7e1-e609-4d74-a07d-874ef1f8e340/datanode-0/data/ratis/487bbc29-8ef7-4f0e-a88a-7c3b9c31cd03/in_use.lock acquired by nodename 17133@fv-az297-879
2022-05-17 16:34:44,758 [pool-576-thread-1] INFO  storage.RaftStorage (RaftStorageImpl.java:format(89)) - Storage directory /home/runner/work/ozone/ozone/hadoop-ozone/integration-test/target/test-dir/MiniOzoneClusterImpl-d2fea7e1-e609-4d74-a07d-874ef1f8e340/datanode-0/data/ratis/487bbc29-8ef7-4f0e-a88a-7c3b9c31cd03 has been successfully formatted.
2022-05-17 16:34:44,770 [pool-576-thread-1] INFO  ratis.ContainerStateMachine (ContainerStateMachine.java:loadSnapshot(236)) - group-7C3B9C31CD03: The snapshot info is null. Setting the last applied indexto:(t:0, i:~)
2022-05-17 16:34:44,770 [pool-576-thread-1] INFO  server.RaftServerConfigKeys (ConfUtils.java:logGet(44)) - raft.server.notification.no-leader.timeout = 300s (custom)
2022-05-17 16:34:44,770 [pool-576-thread-1] INFO  server.RaftServerConfigKeys (ConfUtils.java:logGet(44)) - raft.server.log.use.memory = false (default)
2022-05-17 16:34:44,770 [pool-576-thread-1] INFO  server.RaftServerConfigKeys (ConfUtils.java:logGet(44)) - raft.server.log.purge.gap = 1000000 (custom)
2022-05-17 16:34:44,771 [pool-576-thread-1] INFO  server.RaftServerConfigKeys (ConfUtils.java:logGet(44)) - raft.server.log.appender.buffer.byte-limit = 33554432 (custom)
2022-05-17 16:34:44,771 [pool-576-thread-1] INFO  server.RaftServerConfigKeys (ConfUtils.java:logGet(44)) - raft.server.log.segment.size.max = 1048576 (custom)
2022-05-17 16:34:44,771 [pool-576-thread-1] INFO  server.RaftServerConfigKeys (ConfUtils.java:logGet(44)) - raft.server.log.segment.cache.num.max = 2 (custom)
2022-05-17 16:34:44,771 [pool-576-thread-1] INFO  server.RaftServerConfigKeys (ConfUtils.java:logGet(44)) - raft.server.log.segment.cache.size.max = 200MB (=209715200) (default)
2022-05-17 16:34:44,771 [pool-576-thread-1] INFO  segmented.SegmentedRaftLogWorker (SegmentedRaftLogWorker.java:<init>(182)) - new a8e0e0ea-0af8-471c-ad2e-f664ca234674@group-7C3B9C31CD03-SegmentedRaftLogWorker for RaftStorageImpl:Storage Directory /home/runner/work/ozone/ozone/hadoop-ozone/integration-test/target/test-dir/MiniOzoneClusterImpl-d2fea7e1-e609-4d74-a07d-874ef1f8e340/datanode-0/data/ratis/487bbc29-8ef7-4f0e-a88a-7c3b9c31cd03
2022-05-17 16:34:44,771 [pool-576-thread-1] INFO  server.RaftServerConfigKeys (ConfUtils.java:logGet(44)) - raft.server.log.queue.byte-limit = 4294967296 (custom)
2022-05-17 16:34:44,771 [pool-576-thread-1] INFO  server.RaftServerConfigKeys (ConfUtils.java:logGet(44)) - raft.server.log.queue.element-limit = 1024 (custom)
2022-05-17 16:34:44,771 [pool-576-thread-1] INFO  server.RaftServerConfigKeys (ConfUtils.java:logGet(44)) - raft.server.log.segment.size.max = 1048576 (custom)
2022-05-17 16:34:44,772 [pool-576-thread-1] INFO  server.RaftServerConfigKeys (ConfUtils.java:logGet(44)) - raft.server.log.preallocated.size = 16384 (custom)
2022-05-17 16:34:44,772 [pool-576-thread-1] INFO  server.RaftServerConfigKeys (ConfUtils.java:logGet(44)) - raft.server.log.force.sync.num = 128 (default)
2022-05-17 16:34:44,772 [pool-576-thread-1] INFO  server.RaftServerConfigKeys (ConfUtils.java:logGet(44)) - raft.server.log.statemachine.data.sync = true (default)
2022-05-17 16:34:44,772 [pool-576-thread-1] INFO  server.RaftServerConfigKeys (ConfUtils.java:logGet(44)) - raft.server.log.statemachine.data.sync.timeout = 10s (default)
2022-05-17 16:34:44,772 [pool-576-thread-1] INFO  server.RaftServerConfigKeys (ConfUtils.java:logGet(44)) - raft.server.log.statemachine.data.sync.timeout.retry = -1 (default)
2022-05-17 16:34:44,773 [pool-576-thread-1] INFO  server.RaftServerConfigKeys (ConfUtils.java:logGet(44)) - raft.server.log.write.buffer.size = 1048576 (custom)
2022-05-17 16:34:44,775 [pool-576-thread-1] INFO  server.RaftServerConfigKeys (ConfUtils.java:logGet(44)) - raft.server.log.statemachine.data.caching.enabled = true (custom)
2022-05-17 16:34:44,775 [pool-576-thread-1] INFO  segmented.SegmentedRaftLogWorker (SegmentedRaftLogWorker.java:lambda$new$0(133)) - a8e0e0ea-0af8-471c-ad2e-f664ca234674@group-7C3B9C31CD03-SegmentedRaftLogWorker: flushIndex: setUnconditionally 0 -> -1
2022-05-17 16:34:44,775 [pool-576-thread-1] INFO  segmented.SegmentedRaftLogWorker (SegmentedRaftLogWorker.java:lambda$new$0(133)) - a8e0e0ea-0af8-471c-ad2e-f664ca234674@group-7C3B9C31CD03-SegmentedRaftLogWorker: safeCacheEvictIndex: setUnconditionally 0 -> -1
2022-05-17 16:34:44,775 [pool-576-thread-1] INFO  server.RaftServerConfigKeys (ConfUtils.java:logGet(44)) - raft.server.snapshot.auto.trigger.enabled = true (custom)
2022-05-17 16:34:44,775 [pool-576-thread-1] INFO  server.RaftServerConfigKeys (ConfUtils.java:logGet(44)) - raft.server.snapshot.auto.trigger.threshold = 10000 (custom)
2022-05-17 16:34:44,775 [pool-576-thread-1] INFO  server.RaftServerConfigKeys (ConfUtils.java:logGet(44)) - raft.server.snapshot.retention.file.num = 5 (custom)
2022-05-17 16:34:44,775 [pool-576-thread-1] INFO  server.RaftServerConfigKeys (ConfUtils.java:logGet(44)) - raft.server.log.purge.upto.snapshot.index = false (default)
2022-05-17 16:34:44,775 [pool-576-thread-1] INFO  server.RaftServerConfigKeys (ConfUtils.java:logGet(44)) - raft.server.retrycache.expirytime = 600000ms (custom)
2022-05-17 16:34:44,776 [pool-576-thread-1] INFO  server.RaftServerConfigKeys (ConfUtils.java:logGet(44)) - raft.server.retrycache.statistics.expirytime = 100μs (default)
2022-05-17 16:34:44,777 [pool-576-thread-1] INFO  server.RaftServer$Division (RaftServerImpl.java:start(301)) - a8e0e0ea-0af8-471c-ad2e-f664ca234674@group-7C3B9C31CD03: start as a follower, conf=-1: [a8e0e0ea-0af8-471c-ad2e-f664ca234674|rpc:10.1.0.54:43125|priority:1], old=null
2022-05-17 16:34:44,777 [pool-576-thread-1] INFO  server.RaftServer$Division (RaftServerImpl.java:setRole(290)) - a8e0e0ea-0af8-471c-ad2e-f664ca234674@group-7C3B9C31CD03: changes role from      null to FOLLOWER at term 0 for startAsFollower
2022-05-17 16:34:44,777 [pool-576-thread-1] INFO  impl.RoleInfo (RoleInfo.java:updateAndGet(130)) - a8e0e0ea-0af8-471c-ad2e-f664ca234674: start a8e0e0ea-0af8-471c-ad2e-f664ca234674@group-7C3B9C31CD03-FollowerState
2022-05-17 16:34:44,779 [EventQueue-PipelineReportForPipelineReportHandler] INFO  pipeline.PipelineManagerImpl (PipelineManagerImpl.java:openPipeline(336)) - Pipeline Pipeline[ Id: 487bbc29-8ef7-4f0e-a88a-7c3b9c31cd03, Nodes: a8e0e0ea-0af8-471c-ad2e-f664ca234674{ip: 10.1.0.54, host: fv-az297-879.nmf1rxwemy4u5di1sxxf4ejcwb.jx.internal.cloudapp.net, ports: [REPLICATION=43255, RATIS=43125, RATIS_ADMIN=43125, RATIS_SERVER=43125, STANDALONE=35489], networkLocation: /default-rack, certSerialId: null, persistedOpState: IN_SERVICE, persistedOpStateExpiryEpochSec: 0}, ReplicationConfig: RATIS/ONE, State:ALLOCATED, leaderId:a8e0e0ea-0af8-471c-ad2e-f664ca234674, CreationTimestamp2022-05-17T16:34:41.727Z[Etc/UTC]] moved to OPEN state
2022-05-17 16:34:44,780 [pool-576-thread-1] INFO  util.JmxRegister (JmxRegister.java:tryRegister(44)) - Successfully registered JMX Bean with object name Ratis:service=RaftServer,group=group-7C3B9C31CD03,id=a8e0e0ea-0af8-471c-ad2e-f664ca234674
2022-05-17 16:34:44,781 [Command processor thread] INFO  ratis.XceiverServerRatis (XceiverServerRatis.java:addGroup(765)) - Created group PipelineID=487bbc29-8ef7-4f0e-a88a-7c3b9c31cd03
2022-05-17 16:34:44,794 [Command processor thread] INFO  commandhandler.CreatePipelineCommandHandler (CreatePipelineCommandHandler.java:handle(113)) - Created Pipeline RATIS ONE PipelineID=487bbc29-8ef7-4f0e-a88a-7c3b9c31cd03.
2022-05-17 16:34:44,818 [Command processor thread] INFO  server.RaftServer (RaftServerProxy.java:addNew(95)) - a8e0e0ea-0af8-471c-ad2e-f664ca234674: addNew group-D45CB2820EE8:[2c70115f-daca-4852-bdac-0bd87390dcd6|rpc:10.1.0.54:41881|priority:0, 5d7a279a-acc0-4bf9-857e-0841bbf9d651|rpc:10.1.0.54:35925|priority:0, a8e0e0ea-0af8-471c-ad2e-f664ca234674|rpc:10.1.0.54:43125|priority:1] returns group-D45CB2820EE8:java.util.concurrent.CompletableFuture@771b4c4c[Not completed]
2022-05-17 16:34:44,819 [pool-576-thread-1] INFO  server.RaftServer$Division (RaftServerImpl.java:<init>(184)) - a8e0e0ea-0af8-471c-ad2e-f664ca234674: new RaftServerImpl for group-D45CB2820EE8:[2c70115f-daca-4852-bdac-0bd87390dcd6|rpc:10.1.0.54:41881|priority:0, 5d7a279a-acc0-4bf9-857e-0841bbf9d651|rpc:10.1.0.54:35925|priority:0, a8e0e0ea-0af8-471c-ad2e-f664ca234674|rpc:10.1.0.54:43125|priority:1] with ContainerStateMachine:uninitialized
2022-05-17 16:34:44,819 [pool-576-thread-1] INFO  server.RaftServerConfigKeys (ConfUtils.java:logGet(44)) - raft.server.rpc.timeout.min = 5s (custom)
2022-05-17 16:34:44,819 [pool-576-thread-1] INFO  server.RaftServerConfigKeys (ConfUtils.java:logGet(44)) - raft.server.rpc.timeout.max = 5200ms (custom)
2022-05-17 16:34:44,819 [pool-576-thread-1] INFO  server.RaftServerConfigKeys (ConfUtils.java:logGet(44)) - raft.server.rpc.sleep.time = 25ms (default)
2022-05-17 16:34:44,819 [pool-576-thread-1] INFO  server.RaftServerConfigKeys (ConfUtils.java:logGet(44)) - raft.server.rpc.slowness.timeout = 300s (custom)
2022-05-17 16:34:44,819 [pool-576-thread-1] INFO  server.RaftServerConfigKeys (ConfUtils.java:logGet(44)) - raft.server.leaderelection.leader.step-down.wait-time = 10s (default)
2022-05-17 16:34:44,819 [pool-576-thread-1] INFO  server.RaftServerConfigKeys (ConfUtils.java:logGet(44)) - raft.server.sleep.deviation.threshold = 300ms (default)
2022-05-17 16:34:44,819 [pool-576-thread-1] INFO  server.RaftServerConfigKeys (ConfUtils.java:logGet(44)) - raft.server.log.appender.install.snapshot.enabled = false (custom)
2022-05-17 16:34:44,819 [pool-576-thread-1] INFO  server.RaftServer$Division (ServerState.java:<init>(105)) - a8e0e0ea-0af8-471c-ad2e-f664ca234674@group-D45CB2820EE8: ConfigurationManager, init=-1: [2c70115f-daca-4852-bdac-0bd87390dcd6|rpc:10.1.0.54:41881|priority:0, 5d7a279a-acc0-4bf9-857e-0841bbf9d651|rpc:10.1.0.54:35925|priority:0, a8e0e0ea-0af8-471c-ad2e-f664ca234674|rpc:10.1.0.54:43125|priority:1], old=null, confs=<EMPTY_MAP>
2022-05-17 16:34:44,819 [pool-576-thread-1] INFO  server.RaftServerConfigKeys (ConfUtils.java:logGet(44)) - raft.server.storage.dir = [/home/runner/work/ozone/ozone/hadoop-ozone/integration-test/target/test-dir/MiniOzoneClusterImpl-d2fea7e1-e609-4d74-a07d-874ef1f8e340/datanode-0/data/ratis] (custom)
2022-05-17 16:34:44,820 [pool-576-thread-1] INFO  server.RaftServerConfigKeys (ConfUtils.java:logGet(44)) - raft.server.log.corruption.policy = EXCEPTION (default)
2022-05-17 16:34:44,820 [pool-576-thread-1] INFO  server.RaftServerConfigKeys (ConfUtils.java:logGet(44)) - raft.server.storage.free-space.min = 0MB (=0) (default)
2022-05-17 16:34:44,820 [pool-576-thread-1] INFO  storage.RaftStorageDirectory (RaftStorageDirectoryImpl.java:analyzeStorage(135)) - The storage directory /home/runner/work/ozone/ozone/hadoop-ozone/integration-test/target/test-dir/MiniOzoneClusterImpl-d2fea7e1-e609-4d74-a07d-874ef1f8e340/datanode-0/data/ratis/3feebc73-2228-4c42-8f2f-d45cb2820ee8 does not exist. Creating ...
2022-05-17 16:34:44,821 [pool-576-thread-1] INFO  storage.RaftStorageDirectory (RaftStorageDirectoryImpl.java:tryLock(230)) - Lock on /home/runner/work/ozone/ozone/hadoop-ozone/integration-test/target/test-dir/MiniOzoneClusterImpl-d2fea7e1-e609-4d74-a07d-874ef1f8e340/datanode-0/data/ratis/3feebc73-2228-4c42-8f2f-d45cb2820ee8/in_use.lock acquired by nodename 17133@fv-az297-879
2022-05-17 16:34:44,825 [EventQueue-OpenPipelineForHealthyPipelineSafeModeRule] INFO  safemode.SCMSafeModeManager (HealthyPipelineSafeModeRule.java:process(124)) - SCM in safe mode. Healthy pipelines reported count is 0, required healthy pipeline reported count is 1
2022-05-17 16:34:44,831 [pool-576-thread-1] INFO  storage.RaftStorage (RaftStorageImpl.java:format(89)) - Storage directory /home/runner/work/ozone/ozone/hadoop-ozone/integration-test/target/test-dir/MiniOzoneClusterImpl-d2fea7e1-e609-4d74-a07d-874ef1f8e340/datanode-0/data/ratis/3feebc73-2228-4c42-8f2f-d45cb2820ee8 has been successfully formatted.
2022-05-17 16:34:44,831 [pool-576-thread-1] INFO  ratis.ContainerStateMachine (ContainerStateMachine.java:loadSnapshot(236)) - group-D45CB2820EE8: The snapshot info is null. Setting the last applied indexto:(t:0, i:~)
2022-05-17 16:34:44,831 [pool-576-thread-1] INFO  server.RaftServerConfigKeys (ConfUtils.java:logGet(44)) - raft.server.notification.no-leader.timeout = 300s (custom)
2022-05-17 16:34:44,831 [pool-576-thread-1] INFO  server.RaftServerConfigKeys (ConfUtils.java:logGet(44)) - raft.server.log.use.memory = false (default)
2022-05-17 16:34:44,831 [pool-576-thread-1] INFO  server.RaftServerConfigKeys (ConfUtils.java:logGet(44)) - raft.server.log.purge.gap = 1000000 (custom)
2022-05-17 16:34:44,831 [pool-576-thread-1] INFO  server.RaftServerConfigKeys (ConfUtils.java:logGet(44)) - raft.server.log.appender.buffer.byte-limit = 33554432 (custom)
2022-05-17 16:34:44,831 [pool-576-thread-1] INFO  server.RaftServerConfigKeys (ConfUtils.java:logGet(44)) - raft.server.log.segment.size.max = 1048576 (custom)
2022-05-17 16:34:44,832 [pool-576-thread-1] INFO  server.RaftServerConfigKeys (ConfUtils.java:logGet(44)) - raft.server.log.segment.cache.num.max = 2 (custom)
2022-05-17 16:34:44,832 [pool-576-thread-1] INFO  server.RaftServerConfigKeys (ConfUtils.java:logGet(44)) - raft.server.log.segment.cache.size.max = 200MB (=209715200) (default)
2022-05-17 16:34:44,832 [pool-576-thread-1] INFO  segmented.SegmentedRaftLogWorker (SegmentedRaftLogWorker.java:<init>(182)) - new a8e0e0ea-0af8-471c-ad2e-f664ca234674@group-D45CB2820EE8-SegmentedRaftLogWorker for RaftStorageImpl:Storage Directory /home/runner/work/ozone/ozone/hadoop-ozone/integration-test/target/test-dir/MiniOzoneClusterImpl-d2fea7e1-e609-4d74-a07d-874ef1f8e340/datanode-0/data/ratis/3feebc73-2228-4c42-8f2f-d45cb2820ee8
2022-05-17 16:34:44,832 [pool-576-thread-1] INFO  server.RaftServerConfigKeys (ConfUtils.java:logGet(44)) - raft.server.log.queue.byte-limit = 4294967296 (custom)
2022-05-17 16:34:44,832 [pool-576-thread-1] INFO  server.RaftServerConfigKeys (ConfUtils.java:logGet(44)) - raft.server.log.queue.element-limit = 1024 (custom)
2022-05-17 16:34:44,832 [pool-576-thread-1] INFO  server.RaftServerConfigKeys (ConfUtils.java:logGet(44)) - raft.server.log.segment.size.max = 1048576 (custom)
2022-05-17 16:34:44,832 [pool-576-thread-1] INFO  server.RaftServerConfigKeys (ConfUtils.java:logGet(44)) - raft.server.log.preallocated.size = 16384 (custom)
2022-05-17 16:34:44,832 [pool-576-thread-1] INFO  server.RaftServerConfigKeys (ConfUtils.java:logGet(44)) - raft.server.log.force.sync.num = 128 (default)
2022-05-17 16:34:44,834 [EventQueue-OpenPipelineForHealthyPipelineSafeModeRule] INFO  safemode.SCMSafeModeManager (HealthyPipelineSafeModeRule.java:process(124)) - SCM in safe mode. Healthy pipelines reported count is 0, required healthy pipeline reported count is 1
2022-05-17 16:34:44,837 [pool-576-thread-1] INFO  server.RaftServerConfigKeys (ConfUtils.java:logGet(44)) - raft.server.log.statemachine.data.sync = true (default)
2022-05-17 16:34:44,837 [pool-576-thread-1] INFO  server.RaftServerConfigKeys (ConfUtils.java:logGet(44)) - raft.server.log.statemachine.data.sync.timeout = 10s (default)
2022-05-17 16:34:44,843 [pool-576-thread-1] INFO  server.RaftServerConfigKeys (ConfUtils.java:logGet(44)) - raft.server.log.statemachine.data.sync.timeout.retry = -1 (default)
2022-05-17 16:34:44,845 [pool-576-thread-1] INFO  server.RaftServerConfigKeys (ConfUtils.java:logGet(44)) - raft.server.log.write.buffer.size = 1048576 (custom)
2022-05-17 16:34:44,845 [pool-576-thread-1] INFO  server.RaftServerConfigKeys (ConfUtils.java:logGet(44)) - raft.server.log.statemachine.data.caching.enabled = true (custom)
2022-05-17 16:34:44,846 [pool-576-thread-1] INFO  segmented.SegmentedRaftLogWorker (SegmentedRaftLogWorker.java:lambda$new$0(133)) - a8e0e0ea-0af8-471c-ad2e-f664ca234674@group-D45CB2820EE8-SegmentedRaftLogWorker: flushIndex: setUnconditionally 0 -> -1
2022-05-17 16:34:44,846 [pool-576-thread-1] INFO  segmented.SegmentedRaftLogWorker (SegmentedRaftLogWorker.java:lambda$new$0(133)) - a8e0e0ea-0af8-471c-ad2e-f664ca234674@group-D45CB2820EE8-SegmentedRaftLogWorker: safeCacheEvictIndex: setUnconditionally 0 -> -1
2022-05-17 16:34:44,857 [pool-576-thread-1] INFO  server.RaftServerConfigKeys (ConfUtils.java:logGet(44)) - raft.server.snapshot.auto.trigger.enabled = true (custom)
2022-05-17 16:34:44,857 [pool-576-thread-1] INFO  server.RaftServerConfigKeys (ConfUtils.java:logGet(44)) - raft.server.snapshot.auto.trigger.threshold = 10000 (custom)
2022-05-17 16:34:44,857 [pool-576-thread-1] INFO  server.RaftServerConfigKeys (ConfUtils.java:logGet(44)) - raft.server.snapshot.retention.file.num = 5 (custom)
2022-05-17 16:34:44,857 [pool-576-thread-1] INFO  server.RaftServerConfigKeys (ConfUtils.java:logGet(44)) - raft.server.log.purge.upto.snapshot.index = false (default)
2022-05-17 16:34:44,857 [pool-576-thread-1] INFO  server.RaftServerConfigKeys (ConfUtils.java:logGet(44)) - raft.server.retrycache.expirytime = 600000ms (custom)
2022-05-17 16:34:44,857 [pool-576-thread-1] INFO  server.RaftServerConfigKeys (ConfUtils.java:logGet(44)) - raft.server.retrycache.statistics.expirytime = 100μs (default)
2022-05-17 16:34:44,859 [pool-576-thread-1] INFO  server.RaftServer$Division (RaftServerImpl.java:start(301)) - a8e0e0ea-0af8-471c-ad2e-f664ca234674@group-D45CB2820EE8: start as a follower, conf=-1: [2c70115f-daca-4852-bdac-0bd87390dcd6|rpc:10.1.0.54:41881|priority:0, 5d7a279a-acc0-4bf9-857e-0841bbf9d651|rpc:10.1.0.54:35925|priority:0, a8e0e0ea-0af8-471c-ad2e-f664ca234674|rpc:10.1.0.54:43125|priority:1], old=null
2022-05-17 16:34:44,859 [pool-576-thread-1] INFO  server.RaftServer$Division (RaftServerImpl.java:setRole(290)) - a8e0e0ea-0af8-471c-ad2e-f664ca234674@group-D45CB2820EE8: changes role from      null to FOLLOWER at term 0 for startAsFollower
2022-05-17 16:34:44,859 [pool-576-thread-1] INFO  impl.RoleInfo (RoleInfo.java:updateAndGet(130)) - a8e0e0ea-0af8-471c-ad2e-f664ca234674: start a8e0e0ea-0af8-471c-ad2e-f664ca234674@group-D45CB2820EE8-FollowerState
2022-05-17 16:34:44,861 [pool-576-thread-1] INFO  util.JmxRegister (JmxRegister.java:tryRegister(44)) - Successfully registered JMX Bean with object name Ratis:service=RaftServer,group=group-D45CB2820EE8,id=a8e0e0ea-0af8-471c-ad2e-f664ca234674
2022-05-17 16:34:44,874 [Command processor thread] INFO  ratis.XceiverServerRatis (XceiverServerRatis.java:addGroup(765)) - Created group PipelineID=3feebc73-2228-4c42-8f2f-d45cb2820ee8
2022-05-17 16:34:44,941 [grpc-default-executor-0] INFO  server.RaftServer (RaftServerProxy.java:addNew(95)) - 2c70115f-daca-4852-bdac-0bd87390dcd6: addNew group-D45CB2820EE8:[2c70115f-daca-4852-bdac-0bd87390dcd6|rpc:10.1.0.54:41881|dataStream:|priority:0, 5d7a279a-acc0-4bf9-857e-0841bbf9d651|rpc:10.1.0.54:35925|dataStream:|priority:0, a8e0e0ea-0af8-471c-ad2e-f664ca234674|rpc:10.1.0.54:43125|dataStream:|priority:1] returns group-D45CB2820EE8:java.util.concurrent.CompletableFuture@2c024a93[Not completed]
2022-05-17 16:34:44,942 [pool-620-thread-1] INFO  server.RaftServer$Division (RaftServerImpl.java:<init>(184)) - 2c70115f-daca-4852-bdac-0bd87390dcd6: new RaftServerImpl for group-D45CB2820EE8:[2c70115f-daca-4852-bdac-0bd87390dcd6|rpc:10.1.0.54:41881|dataStream:|priority:0, 5d7a279a-acc0-4bf9-857e-0841bbf9d651|rpc:10.1.0.54:35925|dataStream:|priority:0, a8e0e0ea-0af8-471c-ad2e-f664ca234674|rpc:10.1.0.54:43125|dataStream:|priority:1] with ContainerStateMachine:uninitialized
2022-05-17 16:34:44,962 [pool-620-thread-1] INFO  server.RaftServerConfigKeys (ConfUtils.java:logGet(44)) - raft.server.rpc.timeout.min = 5s (custom)
2022-05-17 16:34:44,962 [pool-620-thread-1] INFO  server.RaftServerConfigKeys (ConfUtils.java:logGet(44)) - raft.server.rpc.timeout.max = 5200ms (custom)
2022-05-17 16:34:44,962 [pool-620-thread-1] INFO  server.RaftServerConfigKeys (ConfUtils.java:logGet(44)) - raft.server.rpc.sleep.time = 25ms (default)
2022-05-17 16:34:44,962 [pool-620-thread-1] INFO  server.RaftServerConfigKeys (ConfUtils.java:logGet(44)) - raft.server.rpc.slowness.timeout = 300s (custom)
2022-05-17 16:34:44,962 [pool-620-thread-1] INFO  server.RaftServerConfigKeys (ConfUtils.java:logGet(44)) - raft.server.leaderelection.leader.step-down.wait-time = 10s (default)
2022-05-17 16:34:44,962 [pool-620-thread-1] INFO  server.RaftServerConfigKeys (ConfUtils.java:logGet(44)) - raft.server.sleep.deviation.threshold = 300ms (default)
2022-05-17 16:34:44,962 [pool-620-thread-1] INFO  server.RaftServerConfigKeys (ConfUtils.java:logGet(44)) - raft.server.log.appender.install.snapshot.enabled = false (custom)
2022-05-17 16:34:44,962 [pool-620-thread-1] INFO  server.RaftServer$Division (ServerState.java:<init>(105)) - 2c70115f-daca-4852-bdac-0bd87390dcd6@group-D45CB2820EE8: ConfigurationManager, init=-1: [2c70115f-daca-4852-bdac-0bd87390dcd6|rpc:10.1.0.54:41881|dataStream:|priority:0, 5d7a279a-acc0-4bf9-857e-0841bbf9d651|rpc:10.1.0.54:35925|dataStream:|priority:0, a8e0e0ea-0af8-471c-ad2e-f664ca234674|rpc:10.1.0.54:43125|dataStream:|priority:1], old=null, confs=<EMPTY_MAP>
2022-05-17 16:34:44,962 [pool-620-thread-1] INFO  server.RaftServerConfigKeys (ConfUtils.java:logGet(44)) - raft.server.storage.dir = [/home/runner/work/ozone/ozone/hadoop-ozone/integration-test/target/test-dir/MiniOzoneClusterImpl-d2fea7e1-e609-4d74-a07d-874ef1f8e340/datanode-2/data/ratis] (custom)
2022-05-17 16:34:44,963 [pool-620-thread-1] INFO  server.RaftServerConfigKeys (ConfUtils.java:logGet(44)) - raft.server.log.corruption.policy = EXCEPTION (default)
2022-05-17 16:34:44,963 [pool-620-thread-1] INFO  server.RaftServerConfigKeys (ConfUtils.java:logGet(44)) - raft.server.storage.free-space.min = 0MB (=0) (default)
2022-05-17 16:34:44,963 [pool-620-thread-1] INFO  storage.RaftStorageDirectory (RaftStorageDirectoryImpl.java:analyzeStorage(135)) - The storage directory /home/runner/work/ozone/ozone/hadoop-ozone/integration-test/target/test-dir/MiniOzoneClusterImpl-d2fea7e1-e609-4d74-a07d-874ef1f8e340/datanode-2/data/ratis/3feebc73-2228-4c42-8f2f-d45cb2820ee8 does not exist. Creating ...
2022-05-17 16:34:44,966 [pool-620-thread-1] INFO  storage.RaftStorageDirectory (RaftStorageDirectoryImpl.java:tryLock(230)) - Lock on /home/runner/work/ozone/ozone/hadoop-ozone/integration-test/target/test-dir/MiniOzoneClusterImpl-d2fea7e1-e609-4d74-a07d-874ef1f8e340/datanode-2/data/ratis/3feebc73-2228-4c42-8f2f-d45cb2820ee8/in_use.lock acquired by nodename 17133@fv-az297-879
2022-05-17 16:34:44,969 [pool-620-thread-1] INFO  storage.RaftStorage (RaftStorageImpl.java:format(89)) - Storage directory /home/runner/work/ozone/ozone/hadoop-ozone/integration-test/target/test-dir/MiniOzoneClusterImpl-d2fea7e1-e609-4d74-a07d-874ef1f8e340/datanode-2/data/ratis/3feebc73-2228-4c42-8f2f-d45cb2820ee8 has been successfully formatted.
2022-05-17 16:34:44,969 [pool-620-thread-1] INFO  ratis.ContainerStateMachine (ContainerStateMachine.java:loadSnapshot(236)) - group-D45CB2820EE8: The snapshot info is null. Setting the last applied indexto:(t:0, i:~)
2022-05-17 16:34:44,969 [pool-620-thread-1] INFO  server.RaftServerConfigKeys (ConfUtils.java:logGet(44)) - raft.server.notification.no-leader.timeout = 300s (custom)
2022-05-17 16:34:44,983 [pool-620-thread-1] INFO  server.RaftServerConfigKeys (ConfUtils.java:logGet(44)) - raft.server.log.use.memory = false (default)
2022-05-17 16:34:44,983 [pool-620-thread-1] INFO  server.RaftServerConfigKeys (ConfUtils.java:logGet(44)) - raft.server.log.purge.gap = 1000000 (custom)
2022-05-17 16:34:44,983 [pool-620-thread-1] INFO  server.RaftServerConfigKeys (ConfUtils.java:logGet(44)) - raft.server.log.appender.buffer.byte-limit = 33554432 (custom)
2022-05-17 16:34:44,983 [pool-620-thread-1] INFO  server.RaftServerConfigKeys (ConfUtils.java:logGet(44)) - raft.server.log.segment.size.max = 1048576 (custom)
2022-05-17 16:34:44,984 [pool-620-thread-1] INFO  server.RaftServerConfigKeys (ConfUtils.java:logGet(44)) - raft.server.log.segment.cache.num.max = 2 (custom)
2022-05-17 16:34:44,984 [pool-620-thread-1] INFO  server.RaftServerConfigKeys (ConfUtils.java:logGet(44)) - raft.server.log.segment.cache.size.max = 200MB (=209715200) (default)
2022-05-17 16:34:44,984 [pool-620-thread-1] INFO  segmented.SegmentedRaftLogWorker (SegmentedRaftLogWorker.java:<init>(182)) - new 2c70115f-daca-4852-bdac-0bd87390dcd6@group-D45CB2820EE8-SegmentedRaftLogWorker for RaftStorageImpl:Storage Directory /home/runner/work/ozone/ozone/hadoop-ozone/integration-test/target/test-dir/MiniOzoneClusterImpl-d2fea7e1-e609-4d74-a07d-874ef1f8e340/datanode-2/data/ratis/3feebc73-2228-4c42-8f2f-d45cb2820ee8
2022-05-17 16:34:44,991 [pool-620-thread-1] INFO  server.RaftServerConfigKeys (ConfUtils.java:logGet(44)) - raft.server.log.queue.byte-limit = 4294967296 (custom)
2022-05-17 16:34:44,991 [pool-620-thread-1] INFO  server.RaftServerConfigKeys (ConfUtils.java:logGet(44)) - raft.server.log.queue.element-limit = 1024 (custom)
2022-05-17 16:34:44,991 [pool-620-thread-1] INFO  server.RaftServerConfigKeys (ConfUtils.java:logGet(44)) - raft.server.log.segment.size.max = 1048576 (custom)
2022-05-17 16:34:44,991 [pool-620-thread-1] INFO  server.RaftServerConfigKeys (ConfUtils.java:logGet(44)) - raft.server.log.preallocated.size = 16384 (custom)
2022-05-17 16:34:44,991 [pool-620-thread-1] INFO  server.RaftServerConfigKeys (ConfUtils.java:logGet(44)) - raft.server.log.force.sync.num = 128 (default)
2022-05-17 16:34:44,991 [pool-620-thread-1] INFO  server.RaftServerConfigKeys (ConfUtils.java:logGet(44)) - raft.server.log.statemachine.data.sync = true (default)
2022-05-17 16:34:44,991 [pool-620-thread-1] INFO  server.RaftServerConfigKeys (ConfUtils.java:logGet(44)) - raft.server.log.statemachine.data.sync.timeout = 10s (default)
2022-05-17 16:34:44,991 [pool-620-thread-1] INFO  server.RaftServerConfigKeys (ConfUtils.java:logGet(44)) - raft.server.log.statemachine.data.sync.timeout.retry = -1 (default)
2022-05-17 16:34:44,993 [pool-620-thread-1] INFO  server.RaftServerConfigKeys (ConfUtils.java:logGet(44)) - raft.server.log.write.buffer.size = 1048576 (custom)
2022-05-17 16:34:44,993 [pool-620-thread-1] INFO  server.RaftServerConfigKeys (ConfUtils.java:logGet(44)) - raft.server.log.statemachine.data.caching.enabled = true (custom)
2022-05-17 16:34:44,993 [pool-620-thread-1] INFO  segmented.SegmentedRaftLogWorker (SegmentedRaftLogWorker.java:lambda$new$0(133)) - 2c70115f-daca-4852-bdac-0bd87390dcd6@group-D45CB2820EE8-SegmentedRaftLogWorker: flushIndex: setUnconditionally 0 -> -1
2022-05-17 16:34:44,994 [pool-620-thread-1] INFO  segmented.SegmentedRaftLogWorker (SegmentedRaftLogWorker.java:lambda$new$0(133)) - 2c70115f-daca-4852-bdac-0bd87390dcd6@group-D45CB2820EE8-SegmentedRaftLogWorker: safeCacheEvictIndex: setUnconditionally 0 -> -1
2022-05-17 16:34:44,998 [pool-620-thread-1] INFO  server.RaftServerConfigKeys (ConfUtils.java:logGet(44)) - raft.server.snapshot.auto.trigger.enabled = true (custom)
2022-05-17 16:34:44,998 [pool-620-thread-1] INFO  server.RaftServerConfigKeys (ConfUtils.java:logGet(44)) - raft.server.snapshot.auto.trigger.threshold = 10000 (custom)
2022-05-17 16:34:44,998 [pool-620-thread-1] INFO  server.RaftServerConfigKeys (ConfUtils.java:logGet(44)) - raft.server.snapshot.retention.file.num = 5 (custom)
2022-05-17 16:34:44,998 [pool-620-thread-1] INFO  server.RaftServerConfigKeys (ConfUtils.java:logGet(44)) - raft.server.log.purge.upto.snapshot.index = false (default)
2022-05-17 16:34:44,998 [pool-620-thread-1] INFO  server.RaftServerConfigKeys (ConfUtils.java:logGet(44)) - raft.server.retrycache.expirytime = 600000ms (custom)
2022-05-17 16:34:44,998 [pool-620-thread-1] INFO  server.RaftServerConfigKeys (ConfUtils.java:logGet(44)) - raft.server.retrycache.statistics.expirytime = 100μs (default)
2022-05-17 16:34:45,000 [pool-620-thread-1] INFO  server.RaftServer$Division (RaftServerImpl.java:start(301)) - 2c70115f-daca-4852-bdac-0bd87390dcd6@group-D45CB2820EE8: start as a follower, conf=-1: [2c70115f-daca-4852-bdac-0bd87390dcd6|rpc:10.1.0.54:41881|dataStream:|priority:0, 5d7a279a-acc0-4bf9-857e-0841bbf9d651|rpc:10.1.0.54:35925|dataStream:|priority:0, a8e0e0ea-0af8-471c-ad2e-f664ca234674|rpc:10.1.0.54:43125|dataStream:|priority:1], old=null
2022-05-17 16:34:45,000 [pool-620-thread-1] INFO  server.RaftServer$Division (RaftServerImpl.java:setRole(290)) - 2c70115f-daca-4852-bdac-0bd87390dcd6@group-D45CB2820EE8: changes role from      null to FOLLOWER at term 0 for startAsFollower
2022-05-17 16:34:45,000 [pool-620-thread-1] INFO  impl.RoleInfo (RoleInfo.java:updateAndGet(130)) - 2c70115f-daca-4852-bdac-0bd87390dcd6: start 2c70115f-daca-4852-bdac-0bd87390dcd6@group-D45CB2820EE8-FollowerState
2022-05-17 16:34:45,009 [pool-620-thread-1] INFO  util.JmxRegister (JmxRegister.java:tryRegister(44)) - Successfully registered JMX Bean with object name Ratis:service=RaftServer,group=group-D45CB2820EE8,id=2c70115f-daca-4852-bdac-0bd87390dcd6
2022-05-17 16:34:45,053 [grpc-default-executor-0] INFO  server.RaftServer (RaftServerProxy.java:addNew(95)) - 5d7a279a-acc0-4bf9-857e-0841bbf9d651: addNew group-D45CB2820EE8:[2c70115f-daca-4852-bdac-0bd87390dcd6|rpc:10.1.0.54:41881|dataStream:|priority:0, 5d7a279a-acc0-4bf9-857e-0841bbf9d651|rpc:10.1.0.54:35925|dataStream:|priority:0, a8e0e0ea-0af8-471c-ad2e-f664ca234674|rpc:10.1.0.54:43125|dataStream:|priority:1] returns group-D45CB2820EE8:java.util.concurrent.CompletableFuture@55ceb6f8[Not completed]
2022-05-17 16:34:45,072 [pool-598-thread-1] INFO  server.RaftServer$Division (RaftServerImpl.java:<init>(184)) - 5d7a279a-acc0-4bf9-857e-0841bbf9d651: new RaftServerImpl for group-D45CB2820EE8:[2c70115f-daca-4852-bdac-0bd87390dcd6|rpc:10.1.0.54:41881|dataStream:|priority:0, 5d7a279a-acc0-4bf9-857e-0841bbf9d651|rpc:10.1.0.54:35925|dataStream:|priority:0, a8e0e0ea-0af8-471c-ad2e-f664ca234674|rpc:10.1.0.54:43125|dataStream:|priority:1] with ContainerStateMachine:uninitialized
2022-05-17 16:34:45,097 [pool-598-thread-1] INFO  server.RaftServerConfigKeys (ConfUtils.java:logGet(44)) - raft.server.rpc.timeout.min = 5s (custom)
2022-05-17 16:34:45,098 [pool-598-thread-1] INFO  server.RaftServerConfigKeys (ConfUtils.java:logGet(44)) - raft.server.rpc.timeout.max = 5200ms (custom)
2022-05-17 16:34:45,098 [pool-598-thread-1] INFO  server.RaftServerConfigKeys (ConfUtils.java:logGet(44)) - raft.server.rpc.sleep.time = 25ms (default)
2022-05-17 16:34:45,098 [pool-598-thread-1] INFO  server.RaftServerConfigKeys (ConfUtils.java:logGet(44)) - raft.server.rpc.slowness.timeout = 300s (custom)
2022-05-17 16:34:45,098 [pool-598-thread-1] INFO  server.RaftServerConfigKeys (ConfUtils.java:logGet(44)) - raft.server.leaderelection.leader.step-down.wait-time = 10s (default)
2022-05-17 16:34:45,098 [pool-598-thread-1] INFO  server.RaftServerConfigKeys (ConfUtils.java:logGet(44)) - raft.server.sleep.deviation.threshold = 300ms (default)
2022-05-17 16:34:45,098 [pool-598-thread-1] INFO  server.RaftServerConfigKeys (ConfUtils.java:logGet(44)) - raft.server.log.appender.install.snapshot.enabled = false (custom)
2022-05-17 16:34:45,098 [pool-598-thread-1] INFO  server.RaftServer$Division (ServerState.java:<init>(105)) - 5d7a279a-acc0-4bf9-857e-0841bbf9d651@group-D45CB2820EE8: ConfigurationManager, init=-1: [2c70115f-daca-4852-bdac-0bd87390dcd6|rpc:10.1.0.54:41881|dataStream:|priority:0, 5d7a279a-acc0-4bf9-857e-0841bbf9d651|rpc:10.1.0.54:35925|dataStream:|priority:0, a8e0e0ea-0af8-471c-ad2e-f664ca234674|rpc:10.1.0.54:43125|dataStream:|priority:1], old=null, confs=<EMPTY_MAP>
2022-05-17 16:34:45,098 [pool-598-thread-1] INFO  server.RaftServerConfigKeys (ConfUtils.java:logGet(44)) - raft.server.storage.dir = [/home/runner/work/ozone/ozone/hadoop-ozone/integration-test/target/test-dir/MiniOzoneClusterImpl-d2fea7e1-e609-4d74-a07d-874ef1f8e340/datanode-1/data/ratis] (custom)
2022-05-17 16:34:45,098 [pool-598-thread-1] INFO  server.RaftServerConfigKeys (ConfUtils.java:logGet(44)) - raft.server.log.corruption.policy = EXCEPTION (default)
2022-05-17 16:34:45,098 [pool-598-thread-1] INFO  server.RaftServerConfigKeys (ConfUtils.java:logGet(44)) - raft.server.storage.free-space.min = 0MB (=0) (default)
2022-05-17 16:34:45,099 [pool-598-thread-1] INFO  storage.RaftStorageDirectory (RaftStorageDirectoryImpl.java:analyzeStorage(135)) - The storage directory /home/runner/work/ozone/ozone/hadoop-ozone/integration-test/target/test-dir/MiniOzoneClusterImpl-d2fea7e1-e609-4d74-a07d-874ef1f8e340/datanode-1/data/ratis/3feebc73-2228-4c42-8f2f-d45cb2820ee8 does not exist. Creating ...
2022-05-17 16:34:45,101 [pool-598-thread-1] INFO  storage.RaftStorageDirectory (RaftStorageDirectoryImpl.java:tryLock(230)) - Lock on /home/runner/work/ozone/ozone/hadoop-ozone/integration-test/target/test-dir/MiniOzoneClusterImpl-d2fea7e1-e609-4d74-a07d-874ef1f8e340/datanode-1/data/ratis/3feebc73-2228-4c42-8f2f-d45cb2820ee8/in_use.lock acquired by nodename 17133@fv-az297-879
2022-05-17 16:34:45,102 [pool-598-thread-1] INFO  storage.RaftStorage (RaftStorageImpl.java:format(89)) - Storage directory /home/runner/work/ozone/ozone/hadoop-ozone/integration-test/target/test-dir/MiniOzoneClusterImpl-d2fea7e1-e609-4d74-a07d-874ef1f8e340/datanode-1/data/ratis/3feebc73-2228-4c42-8f2f-d45cb2820ee8 has been successfully formatted.
2022-05-17 16:34:45,109 [pool-598-thread-1] INFO  ratis.ContainerStateMachine (ContainerStateMachine.java:loadSnapshot(236)) - group-D45CB2820EE8: The snapshot info is null. Setting the last applied indexto:(t:0, i:~)
2022-05-17 16:34:45,111 [pool-598-thread-1] INFO  server.RaftServerConfigKeys (ConfUtils.java:logGet(44)) - raft.server.notification.no-leader.timeout = 300s (custom)
2022-05-17 16:34:45,111 [pool-598-thread-1] INFO  server.RaftServerConfigKeys (ConfUtils.java:logGet(44)) - raft.server.log.use.memory = false (default)
2022-05-17 16:34:45,111 [pool-598-thread-1] INFO  server.RaftServerConfigKeys (ConfUtils.java:logGet(44)) - raft.server.log.purge.gap = 1000000 (custom)
2022-05-17 16:34:45,111 [pool-598-thread-1] INFO  server.RaftServerConfigKeys (ConfUtils.java:logGet(44)) - raft.server.log.appender.buffer.byte-limit = 33554432 (custom)
2022-05-17 16:34:45,111 [pool-598-thread-1] INFO  server.RaftServerConfigKeys (ConfUtils.java:logGet(44)) - raft.server.log.segment.size.max = 1048576 (custom)
2022-05-17 16:34:45,114 [pool-598-thread-1] INFO  server.RaftServerConfigKeys (ConfUtils.java:logGet(44)) - raft.server.log.segment.cache.num.max = 2 (custom)
2022-05-17 16:34:45,114 [pool-598-thread-1] INFO  server.RaftServerConfigKeys (ConfUtils.java:logGet(44)) - raft.server.log.segment.cache.size.max = 200MB (=209715200) (default)
2022-05-17 16:34:45,114 [pool-598-thread-1] INFO  segmented.SegmentedRaftLogWorker (SegmentedRaftLogWorker.java:<init>(182)) - new 5d7a279a-acc0-4bf9-857e-0841bbf9d651@group-D45CB2820EE8-SegmentedRaftLogWorker for RaftStorageImpl:Storage Directory /home/runner/work/ozone/ozone/hadoop-ozone/integration-test/target/test-dir/MiniOzoneClusterImpl-d2fea7e1-e609-4d74-a07d-874ef1f8e340/datanode-1/data/ratis/3feebc73-2228-4c42-8f2f-d45cb2820ee8
2022-05-17 16:34:45,114 [pool-598-thread-1] INFO  server.RaftServerConfigKeys (ConfUtils.java:logGet(44)) - raft.server.log.queue.byte-limit = 4294967296 (custom)
2022-05-17 16:34:45,114 [pool-598-thread-1] INFO  server.RaftServerConfigKeys (ConfUtils.java:logGet(44)) - raft.server.log.queue.element-limit = 1024 (custom)
2022-05-17 16:34:45,114 [pool-598-thread-1] INFO  server.RaftServerConfigKeys (ConfUtils.java:logGet(44)) - raft.server.log.segment.size.max = 1048576 (custom)
2022-05-17 16:34:45,114 [pool-598-thread-1] INFO  server.RaftServerConfigKeys (ConfUtils.java:logGet(44)) - raft.server.log.preallocated.size = 16384 (custom)
2022-05-17 16:34:45,114 [pool-598-thread-1] INFO  server.RaftServerConfigKeys (ConfUtils.java:logGet(44)) - raft.server.log.force.sync.num = 128 (default)
2022-05-17 16:34:45,114 [pool-598-thread-1] INFO  server.RaftServerConfigKeys (ConfUtils.java:logGet(44)) - raft.server.log.statemachine.data.sync = true (default)
2022-05-17 16:34:45,115 [pool-598-thread-1] INFO  server.RaftServerConfigKeys (ConfUtils.java:logGet(44)) - raft.server.log.statemachine.data.sync.timeout = 10s (default)
2022-05-17 16:34:45,115 [pool-598-thread-1] INFO  server.RaftServerConfigKeys (ConfUtils.java:logGet(44)) - raft.server.log.statemachine.data.sync.timeout.retry = -1 (default)
2022-05-17 16:34:45,116 [pool-598-thread-1] INFO  server.RaftServerConfigKeys (ConfUtils.java:logGet(44)) - raft.server.log.write.buffer.size = 1048576 (custom)
2022-05-17 16:34:45,116 [pool-598-thread-1] INFO  server.RaftServerConfigKeys (ConfUtils.java:logGet(44)) - raft.server.log.statemachine.data.caching.enabled = true (custom)
2022-05-17 16:34:45,117 [pool-598-thread-1] INFO  segmented.SegmentedRaftLogWorker (SegmentedRaftLogWorker.java:lambda$new$0(133)) - 5d7a279a-acc0-4bf9-857e-0841bbf9d651@group-D45CB2820EE8-SegmentedRaftLogWorker: flushIndex: setUnconditionally 0 -> -1
2022-05-17 16:34:45,117 [pool-598-thread-1] INFO  segmented.SegmentedRaftLogWorker (SegmentedRaftLogWorker.java:lambda$new$0(133)) - 5d7a279a-acc0-4bf9-857e-0841bbf9d651@group-D45CB2820EE8-SegmentedRaftLogWorker: safeCacheEvictIndex: setUnconditionally 0 -> -1
2022-05-17 16:34:45,123 [pool-598-thread-1] INFO  server.RaftServerConfigKeys (ConfUtils.java:logGet(44)) - raft.server.snapshot.auto.trigger.enabled = true (custom)
2022-05-17 16:34:45,123 [pool-598-thread-1] INFO  server.RaftServerConfigKeys (ConfUtils.java:logGet(44)) - raft.server.snapshot.auto.trigger.threshold = 10000 (custom)
2022-05-17 16:34:45,123 [pool-598-thread-1] INFO  server.RaftServerConfigKeys (ConfUtils.java:logGet(44)) - raft.server.snapshot.retention.file.num = 5 (custom)
2022-05-17 16:34:45,123 [pool-598-thread-1] INFO  server.RaftServerConfigKeys (ConfUtils.java:logGet(44)) - raft.server.log.purge.upto.snapshot.index = false (default)
2022-05-17 16:34:45,123 [pool-598-thread-1] INFO  server.RaftServerConfigKeys (ConfUtils.java:logGet(44)) - raft.server.retrycache.expirytime = 600000ms (custom)
2022-05-17 16:34:45,123 [pool-598-thread-1] INFO  server.RaftServerConfigKeys (ConfUtils.java:logGet(44)) - raft.server.retrycache.statistics.expirytime = 100μs (default)
2022-05-17 16:34:45,125 [pool-598-thread-1] INFO  server.RaftServer$Division (RaftServerImpl.java:start(301)) - 5d7a279a-acc0-4bf9-857e-0841bbf9d651@group-D45CB2820EE8: start as a follower, conf=-1: [2c70115f-daca-4852-bdac-0bd87390dcd6|rpc:10.1.0.54:41881|dataStream:|priority:0, 5d7a279a-acc0-4bf9-857e-0841bbf9d651|rpc:10.1.0.54:35925|dataStream:|priority:0, a8e0e0ea-0af8-471c-ad2e-f664ca234674|rpc:10.1.0.54:43125|dataStream:|priority:1], old=null
2022-05-17 16:34:45,125 [pool-598-thread-1] INFO  server.RaftServer$Division (RaftServerImpl.java:setRole(290)) - 5d7a279a-acc0-4bf9-857e-0841bbf9d651@group-D45CB2820EE8: changes role from      null to FOLLOWER at term 0 for startAsFollower
2022-05-17 16:34:45,125 [pool-598-thread-1] INFO  impl.RoleInfo (RoleInfo.java:updateAndGet(130)) - 5d7a279a-acc0-4bf9-857e-0841bbf9d651: start 5d7a279a-acc0-4bf9-857e-0841bbf9d651@group-D45CB2820EE8-FollowerState
2022-05-17 16:34:45,126 [pool-598-thread-1] INFO  util.JmxRegister (JmxRegister.java:tryRegister(44)) - Successfully registered JMX Bean with object name Ratis:service=RaftServer,group=group-D45CB2820EE8,id=5d7a279a-acc0-4bf9-857e-0841bbf9d651
2022-05-17 16:34:45,178 [Command processor thread] INFO  commandhandler.CreatePipelineCommandHandler (CreatePipelineCommandHandler.java:handle(113)) - Created Pipeline RATIS THREE PipelineID=3feebc73-2228-4c42-8f2f-d45cb2820ee8.
2022-05-17 16:34:45,178 [Command processor thread] INFO  server.RaftServer (RaftServerProxy.java:addNew(95)) - a8e0e0ea-0af8-471c-ad2e-f664ca234674: addNew group-9CE27A79B77C:[2c70115f-daca-4852-bdac-0bd87390dcd6|rpc:10.1.0.54:41881|priority:1, 5d7a279a-acc0-4bf9-857e-0841bbf9d651|rpc:10.1.0.54:35925|priority:0, a8e0e0ea-0af8-471c-ad2e-f664ca234674|rpc:10.1.0.54:43125|priority:0] returns group-9CE27A79B77C:java.util.concurrent.CompletableFuture@4cdf8956[Not completed]
2022-05-17 16:34:45,179 [pool-576-thread-1] INFO  server.RaftServer$Division (RaftServerImpl.java:<init>(184)) - a8e0e0ea-0af8-471c-ad2e-f664ca234674: new RaftServerImpl for group-9CE27A79B77C:[2c70115f-daca-4852-bdac-0bd87390dcd6|rpc:10.1.0.54:41881|priority:1, 5d7a279a-acc0-4bf9-857e-0841bbf9d651|rpc:10.1.0.54:35925|priority:0, a8e0e0ea-0af8-471c-ad2e-f664ca234674|rpc:10.1.0.54:43125|priority:0] with ContainerStateMachine:uninitialized
2022-05-17 16:34:45,179 [pool-576-thread-1] INFO  server.RaftServerConfigKeys (ConfUtils.java:logGet(44)) - raft.server.rpc.timeout.min = 5s (custom)
2022-05-17 16:34:45,179 [pool-576-thread-1] INFO  server.RaftServerConfigKeys (ConfUtils.java:logGet(44)) - raft.server.rpc.timeout.max = 5200ms (custom)
2022-05-17 16:34:45,179 [pool-576-thread-1] INFO  server.RaftServerConfigKeys (ConfUtils.java:logGet(44)) - raft.server.rpc.sleep.time = 25ms (default)
2022-05-17 16:34:45,179 [pool-576-thread-1] INFO  server.RaftServerConfigKeys (ConfUtils.java:logGet(44)) - raft.server.rpc.slowness.timeout = 300s (custom)
2022-05-17 16:34:45,179 [pool-576-thread-1] INFO  server.RaftServerConfigKeys (ConfUtils.java:logGet(44)) - raft.server.leaderelection.leader.step-down.wait-time = 10s (default)
2022-05-17 16:34:45,179 [pool-576-thread-1] INFO  server.RaftServerConfigKeys (ConfUtils.java:logGet(44)) - raft.server.sleep.deviation.threshold = 300ms (default)
2022-05-17 16:34:45,179 [pool-576-thread-1] INFO  server.RaftServerConfigKeys (ConfUtils.java:logGet(44)) - raft.server.log.appender.install.snapshot.enabled = false (custom)
2022-05-17 16:34:45,179 [pool-576-thread-1] INFO  server.RaftServer$Division (ServerState.java:<init>(105)) - a8e0e0ea-0af8-471c-ad2e-f664ca234674@group-9CE27A79B77C: ConfigurationManager, init=-1: [2c70115f-daca-4852-bdac-0bd87390dcd6|rpc:10.1.0.54:41881|priority:1, 5d7a279a-acc0-4bf9-857e-0841bbf9d651|rpc:10.1.0.54:35925|priority:0, a8e0e0ea-0af8-471c-ad2e-f664ca234674|rpc:10.1.0.54:43125|priority:0], old=null, confs=<EMPTY_MAP>
2022-05-17 16:34:45,180 [pool-576-thread-1] INFO  server.RaftServerConfigKeys (ConfUtils.java:logGet(44)) - raft.server.storage.dir = [/home/runner/work/ozone/ozone/hadoop-ozone/integration-test/target/test-dir/MiniOzoneClusterImpl-d2fea7e1-e609-4d74-a07d-874ef1f8e340/datanode-0/data/ratis] (custom)
2022-05-17 16:34:45,180 [pool-576-thread-1] INFO  server.RaftServerConfigKeys (ConfUtils.java:logGet(44)) - raft.server.log.corruption.policy = EXCEPTION (default)
2022-05-17 16:34:45,180 [pool-576-thread-1] INFO  server.RaftServerConfigKeys (ConfUtils.java:logGet(44)) - raft.server.storage.free-space.min = 0MB (=0) (default)
2022-05-17 16:34:45,180 [pool-576-thread-1] INFO  storage.RaftStorageDirectory (RaftStorageDirectoryImpl.java:analyzeStorage(135)) - The storage directory /home/runner/work/ozone/ozone/hadoop-ozone/integration-test/target/test-dir/MiniOzoneClusterImpl-d2fea7e1-e609-4d74-a07d-874ef1f8e340/datanode-0/data/ratis/67a1fea9-df5b-4982-8c9b-9ce27a79b77c does not exist. Creating ...
2022-05-17 16:34:45,183 [pool-576-thread-1] INFO  storage.RaftStorageDirectory (RaftStorageDirectoryImpl.java:tryLock(230)) - Lock on /home/runner/work/ozone/ozone/hadoop-ozone/integration-test/target/test-dir/MiniOzoneClusterImpl-d2fea7e1-e609-4d74-a07d-874ef1f8e340/datanode-0/data/ratis/67a1fea9-df5b-4982-8c9b-9ce27a79b77c/in_use.lock acquired by nodename 17133@fv-az297-879
2022-05-17 16:34:45,186 [pool-576-thread-1] INFO  storage.RaftStorage (RaftStorageImpl.java:format(89)) - Storage directory /home/runner/work/ozone/ozone/hadoop-ozone/integration-test/target/test-dir/MiniOzoneClusterImpl-d2fea7e1-e609-4d74-a07d-874ef1f8e340/datanode-0/data/ratis/67a1fea9-df5b-4982-8c9b-9ce27a79b77c has been successfully formatted.
2022-05-17 16:34:45,186 [pool-576-thread-1] INFO  ratis.ContainerStateMachine (ContainerStateMachine.java:loadSnapshot(236)) - group-9CE27A79B77C: The snapshot info is null. Setting the last applied indexto:(t:0, i:~)
2022-05-17 16:34:45,186 [pool-576-thread-1] INFO  server.RaftServerConfigKeys (ConfUtils.java:logGet(44)) - raft.server.notification.no-leader.timeout = 300s (custom)
2022-05-17 16:34:45,186 [pool-576-thread-1] INFO  server.RaftServerConfigKeys (ConfUtils.java:logGet(44)) - raft.server.log.use.memory = false (default)
2022-05-17 16:34:45,186 [pool-576-thread-1] INFO  server.RaftServerConfigKeys (ConfUtils.java:logGet(44)) - raft.server.log.purge.gap = 1000000 (custom)
2022-05-17 16:34:45,186 [pool-576-thread-1] INFO  server.RaftServerConfigKeys (ConfUtils.java:logGet(44)) - raft.server.log.appender.buffer.byte-limit = 33554432 (custom)
2022-05-17 16:34:45,187 [pool-576-thread-1] INFO  server.RaftServerConfigKeys (ConfUtils.java:logGet(44)) - raft.server.log.segment.size.max = 1048576 (custom)
2022-05-17 16:34:45,187 [pool-576-thread-1] INFO  server.RaftServerConfigKeys (ConfUtils.java:logGet(44)) - raft.server.log.segment.cache.num.max = 2 (custom)
2022-05-17 16:34:45,187 [pool-576-thread-1] INFO  server.RaftServerConfigKeys (ConfUtils.java:logGet(44)) - raft.server.log.segment.cache.size.max = 200MB (=209715200) (default)
2022-05-17 16:34:45,187 [pool-576-thread-1] INFO  segmented.SegmentedRaftLogWorker (SegmentedRaftLogWorker.java:<init>(182)) - new a8e0e0ea-0af8-471c-ad2e-f664ca234674@group-9CE27A79B77C-SegmentedRaftLogWorker for RaftStorageImpl:Storage Directory /home/runner/work/ozone/ozone/hadoop-ozone/integration-test/target/test-dir/MiniOzoneClusterImpl-d2fea7e1-e609-4d74-a07d-874ef1f8e340/datanode-0/data/ratis/67a1fea9-df5b-4982-8c9b-9ce27a79b77c
2022-05-17 16:34:45,187 [pool-576-thread-1] INFO  server.RaftServerConfigKeys (ConfUtils.java:logGet(44)) - raft.server.log.queue.byte-limit = 4294967296 (custom)
2022-05-17 16:34:45,187 [pool-576-thread-1] INFO  server.RaftServerConfigKeys (ConfUtils.java:logGet(44)) - raft.server.log.queue.element-limit = 1024 (custom)
2022-05-17 16:34:45,187 [pool-576-thread-1] INFO  server.RaftServerConfigKeys (ConfUtils.java:logGet(44)) - raft.server.log.segment.size.max = 1048576 (custom)
2022-05-17 16:34:45,187 [pool-576-thread-1] INFO  server.RaftServerConfigKeys (ConfUtils.java:logGet(44)) - raft.server.log.preallocated.size = 16384 (custom)
2022-05-17 16:34:45,187 [pool-576-thread-1] INFO  server.RaftServerConfigKeys (ConfUtils.java:logGet(44)) - raft.server.log.force.sync.num = 128 (default)
2022-05-17 16:34:45,187 [pool-576-thread-1] INFO  server.RaftServerConfigKeys (ConfUtils.java:logGet(44)) - raft.server.log.statemachine.data.sync = true (default)
2022-05-17 16:34:45,187 [pool-576-thread-1] INFO  server.RaftServerConfigKeys (ConfUtils.java:logGet(44)) - raft.server.log.statemachine.data.sync.timeout = 10s (default)
2022-05-17 16:34:45,188 [pool-576-thread-1] INFO  server.RaftServerConfigKeys (ConfUtils.java:logGet(44)) - raft.server.log.statemachine.data.sync.timeout.retry = -1 (default)
2022-05-17 16:34:45,188 [EventQueue-OpenPipelineForHealthyPipelineSafeModeRule] INFO  safemode.SCMSafeModeManager (HealthyPipelineSafeModeRule.java:process(124)) - SCM in safe mode. Healthy pipelines reported count is 0, required healthy pipeline reported count is 1
2022-05-17 16:34:45,189 [pool-576-thread-1] INFO  server.RaftServerConfigKeys (ConfUtils.java:logGet(44)) - raft.server.log.write.buffer.size = 1048576 (custom)
2022-05-17 16:34:45,201 [pool-576-thread-1] INFO  server.RaftServerConfigKeys (ConfUtils.java:logGet(44)) - raft.server.log.statemachine.data.caching.enabled = true (custom)
2022-05-17 16:34:45,202 [pool-576-thread-1] INFO  segmented.SegmentedRaftLogWorker (SegmentedRaftLogWorker.java:lambda$new$0(133)) - a8e0e0ea-0af8-471c-ad2e-f664ca234674@group-9CE27A79B77C-SegmentedRaftLogWorker: flushIndex: setUnconditionally 0 -> -1
2022-05-17 16:34:45,202 [pool-576-thread-1] INFO  segmented.SegmentedRaftLogWorker (SegmentedRaftLogWorker.java:lambda$new$0(133)) - a8e0e0ea-0af8-471c-ad2e-f664ca234674@group-9CE27A79B77C-SegmentedRaftLogWorker: safeCacheEvictIndex: setUnconditionally 0 -> -1
2022-05-17 16:34:45,204 [pool-576-thread-1] INFO  server.RaftServerConfigKeys (ConfUtils.java:logGet(44)) - raft.server.snapshot.auto.trigger.enabled = true (custom)
2022-05-17 16:34:45,205 [pool-576-thread-1] INFO  server.RaftServerConfigKeys (ConfUtils.java:logGet(44)) - raft.server.snapshot.auto.trigger.threshold = 10000 (custom)
2022-05-17 16:34:45,205 [pool-576-thread-1] INFO  server.RaftServerConfigKeys (ConfUtils.java:logGet(44)) - raft.server.snapshot.retention.file.num = 5 (custom)
2022-05-17 16:34:45,205 [pool-576-thread-1] INFO  server.RaftServerConfigKeys (ConfUtils.java:logGet(44)) - raft.server.log.purge.upto.snapshot.index = false (default)
2022-05-17 16:34:45,205 [pool-576-thread-1] INFO  server.RaftServerConfigKeys (ConfUtils.java:logGet(44)) - raft.server.retrycache.expirytime = 600000ms (custom)
2022-05-17 16:34:45,205 [pool-576-thread-1] INFO  server.RaftServerConfigKeys (ConfUtils.java:logGet(44)) - raft.server.retrycache.statistics.expirytime = 100μs (default)
2022-05-17 16:34:45,207 [pool-576-thread-1] INFO  server.RaftServer$Division (RaftServerImpl.java:start(301)) - a8e0e0ea-0af8-471c-ad2e-f664ca234674@group-9CE27A79B77C: start as a follower, conf=-1: [2c70115f-daca-4852-bdac-0bd87390dcd6|rpc:10.1.0.54:41881|priority:1, 5d7a279a-acc0-4bf9-857e-0841bbf9d651|rpc:10.1.0.54:35925|priority:0, a8e0e0ea-0af8-471c-ad2e-f664ca234674|rpc:10.1.0.54:43125|priority:0], old=null
2022-05-17 16:34:45,207 [pool-576-thread-1] INFO  server.RaftServer$Division (RaftServerImpl.java:setRole(290)) - a8e0e0ea-0af8-471c-ad2e-f664ca234674@group-9CE27A79B77C: changes role from      null to FOLLOWER at term 0 for startAsFollower
2022-05-17 16:34:45,207 [pool-576-thread-1] INFO  impl.RoleInfo (RoleInfo.java:updateAndGet(130)) - a8e0e0ea-0af8-471c-ad2e-f664ca234674: start a8e0e0ea-0af8-471c-ad2e-f664ca234674@group-9CE27A79B77C-FollowerState
2022-05-17 16:34:45,207 [pool-576-thread-1] INFO  util.JmxRegister (JmxRegister.java:tryRegister(44)) - Successfully registered JMX Bean with object name Ratis:service=RaftServer,group=group-9CE27A79B77C,id=a8e0e0ea-0af8-471c-ad2e-f664ca234674
2022-05-17 16:34:45,208 [Command processor thread] INFO  ratis.XceiverServerRatis (XceiverServerRatis.java:addGroup(765)) - Created group PipelineID=67a1fea9-df5b-4982-8c9b-9ce27a79b77c
2022-05-17 16:34:45,230 [grpc-default-executor-0] INFO  server.RaftServer (RaftServerProxy.java:addNew(95)) - 2c70115f-daca-4852-bdac-0bd87390dcd6: addNew group-9CE27A79B77C:[2c70115f-daca-4852-bdac-0bd87390dcd6|rpc:10.1.0.54:41881|dataStream:|priority:1, 5d7a279a-acc0-4bf9-857e-0841bbf9d651|rpc:10.1.0.54:35925|dataStream:|priority:0, a8e0e0ea-0af8-471c-ad2e-f664ca234674|rpc:10.1.0.54:43125|dataStream:|priority:0] returns group-9CE27A79B77C:java.util.concurrent.CompletableFuture@4153f557[Not completed]
2022-05-17 16:34:45,231 [pool-620-thread-1] INFO  server.RaftServer$Division (RaftServerImpl.java:<init>(184)) - 2c70115f-daca-4852-bdac-0bd87390dcd6: new RaftServerImpl for group-9CE27A79B77C:[2c70115f-daca-4852-bdac-0bd87390dcd6|rpc:10.1.0.54:41881|dataStream:|priority:1, 5d7a279a-acc0-4bf9-857e-0841bbf9d651|rpc:10.1.0.54:35925|dataStream:|priority:0, a8e0e0ea-0af8-471c-ad2e-f664ca234674|rpc:10.1.0.54:43125|dataStream:|priority:0] with ContainerStateMachine:uninitialized
2022-05-17 16:34:45,231 [pool-620-thread-1] INFO  server.RaftServerConfigKeys (ConfUtils.java:logGet(44)) - raft.server.rpc.timeout.min = 5s (custom)
2022-05-17 16:34:45,231 [pool-620-thread-1] INFO  server.RaftServerConfigKeys (ConfUtils.java:logGet(44)) - raft.server.rpc.timeout.max = 5200ms (custom)
2022-05-17 16:34:45,231 [pool-620-thread-1] INFO  server.RaftServerConfigKeys (ConfUtils.java:logGet(44)) - raft.server.rpc.sleep.time = 25ms (default)
2022-05-17 16:34:45,232 [pool-620-thread-1] INFO  server.RaftServerConfigKeys (ConfUtils.java:logGet(44)) - raft.server.rpc.slowness.timeout = 300s (custom)
2022-05-17 16:34:45,232 [pool-620-thread-1] INFO  server.RaftServerConfigKeys (ConfUtils.java:logGet(44)) - raft.server.leaderelection.leader.step-down.wait-time = 10s (default)
2022-05-17 16:34:45,232 [pool-620-thread-1] INFO  server.RaftServerConfigKeys (ConfUtils.java:logGet(44)) - raft.server.sleep.deviation.threshold = 300ms (default)
2022-05-17 16:34:45,232 [pool-620-thread-1] INFO  server.RaftServerConfigKeys (ConfUtils.java:logGet(44)) - raft.server.log.appender.install.snapshot.enabled = false (custom)
2022-05-17 16:34:45,232 [pool-620-thread-1] INFO  server.RaftServer$Division (ServerState.java:<init>(105)) - 2c70115f-daca-4852-bdac-0bd87390dcd6@group-9CE27A79B77C: ConfigurationManager, init=-1: [2c70115f-daca-4852-bdac-0bd87390dcd6|rpc:10.1.0.54:41881|dataStream:|priority:1, 5d7a279a-acc0-4bf9-857e-0841bbf9d651|rpc:10.1.0.54:35925|dataStream:|priority:0, a8e0e0ea-0af8-471c-ad2e-f664ca234674|rpc:10.1.0.54:43125|dataStream:|priority:0], old=null, confs=<EMPTY_MAP>
2022-05-17 16:34:45,232 [pool-620-thread-1] INFO  server.RaftServerConfigKeys (ConfUtils.java:logGet(44)) - raft.server.storage.dir = [/home/runner/work/ozone/ozone/hadoop-ozone/integration-test/target/test-dir/MiniOzoneClusterImpl-d2fea7e1-e609-4d74-a07d-874ef1f8e340/datanode-2/data/ratis] (custom)
2022-05-17 16:34:45,232 [pool-620-thread-1] INFO  server.RaftServerConfigKeys (ConfUtils.java:logGet(44)) - raft.server.log.corruption.policy = EXCEPTION (default)
2022-05-17 16:34:45,232 [pool-620-thread-1] INFO  server.RaftServerConfigKeys (ConfUtils.java:logGet(44)) - raft.server.storage.free-space.min = 0MB (=0) (default)
2022-05-17 16:34:45,232 [pool-620-thread-1] INFO  storage.RaftStorageDirectory (RaftStorageDirectoryImpl.java:analyzeStorage(135)) - The storage directory /home/runner/work/ozone/ozone/hadoop-ozone/integration-test/target/test-dir/MiniOzoneClusterImpl-d2fea7e1-e609-4d74-a07d-874ef1f8e340/datanode-2/data/ratis/67a1fea9-df5b-4982-8c9b-9ce27a79b77c does not exist. Creating ...
2022-05-17 16:34:45,237 [pool-620-thread-1] INFO  storage.RaftStorageDirectory (RaftStorageDirectoryImpl.java:tryLock(230)) - Lock on /home/runner/work/ozone/ozone/hadoop-ozone/integration-test/target/test-dir/MiniOzoneClusterImpl-d2fea7e1-e609-4d74-a07d-874ef1f8e340/datanode-2/data/ratis/67a1fea9-df5b-4982-8c9b-9ce27a79b77c/in_use.lock acquired by nodename 17133@fv-az297-879
2022-05-17 16:34:45,238 [pool-620-thread-1] INFO  storage.RaftStorage (RaftStorageImpl.java:format(89)) - Storage directory /home/runner/work/ozone/ozone/hadoop-ozone/integration-test/target/test-dir/MiniOzoneClusterImpl-d2fea7e1-e609-4d74-a07d-874ef1f8e340/datanode-2/data/ratis/67a1fea9-df5b-4982-8c9b-9ce27a79b77c has been successfully formatted.
2022-05-17 16:34:45,241 [pool-620-thread-1] INFO  ratis.ContainerStateMachine (ContainerStateMachine.java:loadSnapshot(236)) - group-9CE27A79B77C: The snapshot info is null. Setting the last applied indexto:(t:0, i:~)
2022-05-17 16:34:45,242 [pool-620-thread-1] INFO  server.RaftServerConfigKeys (ConfUtils.java:logGet(44)) - raft.server.notification.no-leader.timeout = 300s (custom)
2022-05-17 16:34:45,242 [pool-620-thread-1] INFO  server.RaftServerConfigKeys (ConfUtils.java:logGet(44)) - raft.server.log.use.memory = false (default)
2022-05-17 16:34:45,242 [pool-620-thread-1] INFO  server.RaftServerConfigKeys (ConfUtils.java:logGet(44)) - raft.server.log.purge.gap = 1000000 (custom)
2022-05-17 16:34:45,245 [pool-620-thread-1] INFO  server.RaftServerConfigKeys (ConfUtils.java:logGet(44)) - raft.server.log.appender.buffer.byte-limit = 33554432 (custom)
2022-05-17 16:34:45,246 [pool-620-thread-1] INFO  server.RaftServerConfigKeys (ConfUtils.java:logGet(44)) - raft.server.log.segment.size.max = 1048576 (custom)
2022-05-17 16:34:45,246 [pool-620-thread-1] INFO  server.RaftServerConfigKeys (ConfUtils.java:logGet(44)) - raft.server.log.segment.cache.num.max = 2 (custom)
2022-05-17 16:34:45,246 [pool-620-thread-1] INFO  server.RaftServerConfigKeys (ConfUtils.java:logGet(44)) - raft.server.log.segment.cache.size.max = 200MB (=209715200) (default)
2022-05-17 16:34:45,246 [pool-620-thread-1] INFO  segmented.SegmentedRaftLogWorker (SegmentedRaftLogWorker.java:<init>(182)) - new 2c70115f-daca-4852-bdac-0bd87390dcd6@group-9CE27A79B77C-SegmentedRaftLogWorker for RaftStorageImpl:Storage Directory /home/runner/work/ozone/ozone/hadoop-ozone/integration-test/target/test-dir/MiniOzoneClusterImpl-d2fea7e1-e609-4d74-a07d-874ef1f8e340/datanode-2/data/ratis/67a1fea9-df5b-4982-8c9b-9ce27a79b77c
2022-05-17 16:34:45,248 [pool-620-thread-1] INFO  server.RaftServerConfigKeys (ConfUtils.java:logGet(44)) - raft.server.log.queue.byte-limit = 4294967296 (custom)
2022-05-17 16:34:45,248 [pool-620-thread-1] INFO  server.RaftServerConfigKeys (ConfUtils.java:logGet(44)) - raft.server.log.queue.element-limit = 1024 (custom)
2022-05-17 16:34:45,249 [pool-620-thread-1] INFO  server.RaftServerConfigKeys (ConfUtils.java:logGet(44)) - raft.server.log.segment.size.max = 1048576 (custom)
2022-05-17 16:34:45,249 [pool-620-thread-1] INFO  server.RaftServerConfigKeys (ConfUtils.java:logGet(44)) - raft.server.log.preallocated.size = 16384 (custom)
2022-05-17 16:34:45,249 [pool-620-thread-1] INFO  server.RaftServerConfigKeys (ConfUtils.java:logGet(44)) - raft.server.log.force.sync.num = 128 (default)
2022-05-17 16:34:45,249 [pool-620-thread-1] INFO  server.RaftServerConfigKeys (ConfUtils.java:logGet(44)) - raft.server.log.statemachine.data.sync = true (default)
2022-05-17 16:34:45,249 [pool-620-thread-1] INFO  server.RaftServerConfigKeys (ConfUtils.java:logGet(44)) - raft.server.log.statemachine.data.sync.timeout = 10s (default)
2022-05-17 16:34:45,249 [pool-620-thread-1] INFO  server.RaftServerConfigKeys (ConfUtils.java:logGet(44)) - raft.server.log.statemachine.data.sync.timeout.retry = -1 (default)
2022-05-17 16:34:45,254 [pool-620-thread-1] INFO  server.RaftServerConfigKeys (ConfUtils.java:logGet(44)) - raft.server.log.write.buffer.size = 1048576 (custom)
2022-05-17 16:34:45,255 [pool-620-thread-1] INFO  server.RaftServerConfigKeys (ConfUtils.java:logGet(44)) - raft.server.log.statemachine.data.caching.enabled = true (custom)
2022-05-17 16:34:45,255 [pool-620-thread-1] INFO  segmented.SegmentedRaftLogWorker (SegmentedRaftLogWorker.java:lambda$new$0(133)) - 2c70115f-daca-4852-bdac-0bd87390dcd6@group-9CE27A79B77C-SegmentedRaftLogWorker: flushIndex: setUnconditionally 0 -> -1
2022-05-17 16:34:45,255 [pool-620-thread-1] INFO  segmented.SegmentedRaftLogWorker (SegmentedRaftLogWorker.java:lambda$new$0(133)) - 2c70115f-daca-4852-bdac-0bd87390dcd6@group-9CE27A79B77C-SegmentedRaftLogWorker: safeCacheEvictIndex: setUnconditionally 0 -> -1
2022-05-17 16:34:45,263 [pool-620-thread-1] INFO  server.RaftServerConfigKeys (ConfUtils.java:logGet(44)) - raft.server.snapshot.auto.trigger.enabled = true (custom)
2022-05-17 16:34:45,263 [pool-620-thread-1] INFO  server.RaftServerConfigKeys (ConfUtils.java:logGet(44)) - raft.server.snapshot.auto.trigger.threshold = 10000 (custom)
2022-05-17 16:34:45,263 [pool-620-thread-1] INFO  server.RaftServerConfigKeys (ConfUtils.java:logGet(44)) - raft.server.snapshot.retention.file.num = 5 (custom)
2022-05-17 16:34:45,263 [pool-620-thread-1] INFO  server.RaftServerConfigKeys (ConfUtils.java:logGet(44)) - raft.server.log.purge.upto.snapshot.index = false (default)
2022-05-17 16:34:45,263 [pool-620-thread-1] INFO  server.RaftServerConfigKeys (ConfUtils.java:logGet(44)) - raft.server.retrycache.expirytime = 600000ms (custom)
2022-05-17 16:34:45,263 [pool-620-thread-1] INFO  server.RaftServerConfigKeys (ConfUtils.java:logGet(44)) - raft.server.retrycache.statistics.expirytime = 100μs (default)
2022-05-17 16:34:45,267 [pool-620-thread-1] INFO  server.RaftServer$Division (RaftServerImpl.java:start(301)) - 2c70115f-daca-4852-bdac-0bd87390dcd6@group-9CE27A79B77C: start as a follower, conf=-1: [2c70115f-daca-4852-bdac-0bd87390dcd6|rpc:10.1.0.54:41881|dataStream:|priority:1, 5d7a279a-acc0-4bf9-857e-0841bbf9d651|rpc:10.1.0.54:35925|dataStream:|priority:0, a8e0e0ea-0af8-471c-ad2e-f664ca234674|rpc:10.1.0.54:43125|dataStream:|priority:0], old=null
2022-05-17 16:34:45,267 [pool-620-thread-1] INFO  server.RaftServer$Division (RaftServerImpl.java:setRole(290)) - 2c70115f-daca-4852-bdac-0bd87390dcd6@group-9CE27A79B77C: changes role from      null to FOLLOWER at term 0 for startAsFollower
2022-05-17 16:34:45,267 [pool-620-thread-1] INFO  impl.RoleInfo (RoleInfo.java:updateAndGet(130)) - 2c70115f-daca-4852-bdac-0bd87390dcd6: start 2c70115f-daca-4852-bdac-0bd87390dcd6@group-9CE27A79B77C-FollowerState
2022-05-17 16:34:45,279 [pool-620-thread-1] INFO  util.JmxRegister (JmxRegister.java:tryRegister(44)) - Successfully registered JMX Bean with object name Ratis:service=RaftServer,group=group-9CE27A79B77C,id=2c70115f-daca-4852-bdac-0bd87390dcd6
2022-05-17 16:34:45,296 [Listener at 127.0.0.1/40445] INFO  ozone.MiniOzoneClusterImpl (MiniOzoneClusterImpl.java:lambda$waitForClusterToBeReady$0(221)) - Nodes are ready. Got 3 of 3 DN Heartbeats.
2022-05-17 16:34:45,296 [Listener at 127.0.0.1/40445] INFO  ozone.MiniOzoneClusterImpl (MiniOzoneClusterImpl.java:lambda$waitForClusterToBeReady$0(224)) - Waiting for cluster to exit safe mode
2022-05-17 16:34:45,296 [Listener at 127.0.0.1/40445] INFO  ozone.MiniOzoneClusterImpl (MiniOzoneClusterImpl.java:lambda$waitForClusterToBeReady$0(226)) - SCM became leader
2022-05-17 16:34:45,325 [Command processor thread] INFO  server.RaftServer (RaftServerProxy.java:addNew(95)) - 5d7a279a-acc0-4bf9-857e-0841bbf9d651: addNew group-06FB7E3A9E76:[5d7a279a-acc0-4bf9-857e-0841bbf9d651|rpc:10.1.0.54:35925|priority:1] returns group-06FB7E3A9E76:java.util.concurrent.CompletableFuture@21f5d2a1[Not completed]
2022-05-17 16:34:45,326 [pool-598-thread-1] INFO  server.RaftServer$Division (RaftServerImpl.java:<init>(184)) - 5d7a279a-acc0-4bf9-857e-0841bbf9d651: new RaftServerImpl for group-06FB7E3A9E76:[5d7a279a-acc0-4bf9-857e-0841bbf9d651|rpc:10.1.0.54:35925|priority:1] with ContainerStateMachine:uninitialized
2022-05-17 16:34:45,326 [pool-598-thread-1] INFO  server.RaftServerConfigKeys (ConfUtils.java:logGet(44)) - raft.server.rpc.timeout.min = 5s (custom)
2022-05-17 16:34:45,326 [pool-598-thread-1] INFO  server.RaftServerConfigKeys (ConfUtils.java:logGet(44)) - raft.server.rpc.timeout.max = 5200ms (custom)
2022-05-17 16:34:45,326 [pool-598-thread-1] INFO  server.RaftServerConfigKeys (ConfUtils.java:logGet(44)) - raft.server.rpc.sleep.time = 25ms (default)
2022-05-17 16:34:45,326 [pool-598-thread-1] INFO  server.RaftServerConfigKeys (ConfUtils.java:logGet(44)) - raft.server.rpc.slowness.timeout = 300s (custom)
2022-05-17 16:34:45,326 [pool-598-thread-1] INFO  server.RaftServerConfigKeys (ConfUtils.java:logGet(44)) - raft.server.leaderelection.leader.step-down.wait-time = 10s (default)
2022-05-17 16:34:45,326 [pool-598-thread-1] INFO  server.RaftServerConfigKeys (ConfUtils.java:logGet(44)) - raft.server.sleep.deviation.threshold = 300ms (default)
2022-05-17 16:34:45,326 [pool-598-thread-1] INFO  server.RaftServerConfigKeys (ConfUtils.java:logGet(44)) - raft.server.log.appender.install.snapshot.enabled = false (custom)
2022-05-17 16:34:45,326 [pool-598-thread-1] INFO  server.RaftServer$Division (ServerState.java:<init>(105)) - 5d7a279a-acc0-4bf9-857e-0841bbf9d651@group-06FB7E3A9E76: ConfigurationManager, init=-1: [5d7a279a-acc0-4bf9-857e-0841bbf9d651|rpc:10.1.0.54:35925|priority:1], old=null, confs=<EMPTY_MAP>
2022-05-17 16:34:45,326 [pool-598-thread-1] INFO  server.RaftServerConfigKeys (ConfUtils.java:logGet(44)) - raft.server.storage.dir = [/home/runner/work/ozone/ozone/hadoop-ozone/integration-test/target/test-dir/MiniOzoneClusterImpl-d2fea7e1-e609-4d74-a07d-874ef1f8e340/datanode-1/data/ratis] (custom)
2022-05-17 16:34:45,327 [pool-598-thread-1] INFO  server.RaftServerConfigKeys (ConfUtils.java:logGet(44)) - raft.server.log.corruption.policy = EXCEPTION (default)
2022-05-17 16:34:45,327 [pool-598-thread-1] INFO  server.RaftServerConfigKeys (ConfUtils.java:logGet(44)) - raft.server.storage.free-space.min = 0MB (=0) (default)
2022-05-17 16:34:45,327 [pool-598-thread-1] INFO  storage.RaftStorageDirectory (RaftStorageDirectoryImpl.java:analyzeStorage(135)) - The storage directory /home/runner/work/ozone/ozone/hadoop-ozone/integration-test/target/test-dir/MiniOzoneClusterImpl-d2fea7e1-e609-4d74-a07d-874ef1f8e340/datanode-1/data/ratis/cd2c3d13-96f2-42ce-b442-06fb7e3a9e76 does not exist. Creating ...
2022-05-17 16:34:45,329 [pool-598-thread-1] INFO  storage.RaftStorageDirectory (RaftStorageDirectoryImpl.java:tryLock(230)) - Lock on /home/runner/work/ozone/ozone/hadoop-ozone/integration-test/target/test-dir/MiniOzoneClusterImpl-d2fea7e1-e609-4d74-a07d-874ef1f8e340/datanode-1/data/ratis/cd2c3d13-96f2-42ce-b442-06fb7e3a9e76/in_use.lock acquired by nodename 17133@fv-az297-879
2022-05-17 16:34:45,331 [pool-598-thread-1] INFO  storage.RaftStorage (RaftStorageImpl.java:format(89)) - Storage directory /home/runner/work/ozone/ozone/hadoop-ozone/integration-test/target/test-dir/MiniOzoneClusterImpl-d2fea7e1-e609-4d74-a07d-874ef1f8e340/datanode-1/data/ratis/cd2c3d13-96f2-42ce-b442-06fb7e3a9e76 has been successfully formatted.
2022-05-17 16:34:45,331 [pool-598-thread-1] INFO  ratis.ContainerStateMachine (ContainerStateMachine.java:loadSnapshot(236)) - group-06FB7E3A9E76: The snapshot info is null. Setting the last applied indexto:(t:0, i:~)
2022-05-17 16:34:45,337 [EventQueue-PipelineReportForPipelineReportHandler] INFO  pipeline.PipelineManagerImpl (PipelineManagerImpl.java:openPipeline(336)) - Pipeline Pipeline[ Id: cd2c3d13-96f2-42ce-b442-06fb7e3a9e76, Nodes: 5d7a279a-acc0-4bf9-857e-0841bbf9d651{ip: 10.1.0.54, host: fv-az297-879.nmf1rxwemy4u5di1sxxf4ejcwb.jx.internal.cloudapp.net, ports: [REPLICATION=38697, RATIS=35925, RATIS_ADMIN=35925, RATIS_SERVER=35925, STANDALONE=37119], networkLocation: /default-rack, certSerialId: null, persistedOpState: IN_SERVICE, persistedOpStateExpiryEpochSec: 0}, ReplicationConfig: RATIS/ONE, State:ALLOCATED, leaderId:5d7a279a-acc0-4bf9-857e-0841bbf9d651, CreationTimestamp2022-05-17T16:34:42.338Z[Etc/UTC]] moved to OPEN state
2022-05-17 16:34:45,337 [EventQueue-OpenPipelineForHealthyPipelineSafeModeRule] INFO  safemode.SCMSafeModeManager (HealthyPipelineSafeModeRule.java:process(124)) - SCM in safe mode. Healthy pipelines reported count is 0, required healthy pipeline reported count is 1
2022-05-17 16:34:45,340 [grpc-default-executor-0] INFO  server.RaftServer (RaftServerProxy.java:addNew(95)) - 5d7a279a-acc0-4bf9-857e-0841bbf9d651: addNew group-9CE27A79B77C:[2c70115f-daca-4852-bdac-0bd87390dcd6|rpc:10.1.0.54:41881|dataStream:|priority:1, 5d7a279a-acc0-4bf9-857e-0841bbf9d651|rpc:10.1.0.54:35925|dataStream:|priority:0, a8e0e0ea-0af8-471c-ad2e-f664ca234674|rpc:10.1.0.54:43125|dataStream:|priority:0] returns group-9CE27A79B77C:java.util.concurrent.CompletableFuture@58be8ae6[Not completed]
2022-05-17 16:34:45,347 [pool-598-thread-1] INFO  server.RaftServerConfigKeys (ConfUtils.java:logGet(44)) - raft.server.notification.no-leader.timeout = 300s (custom)
2022-05-17 16:34:45,347 [pool-598-thread-1] INFO  server.RaftServerConfigKeys (ConfUtils.java:logGet(44)) - raft.server.log.use.memory = false (default)
2022-05-17 16:34:45,347 [pool-598-thread-1] INFO  server.RaftServerConfigKeys (ConfUtils.java:logGet(44)) - raft.server.log.purge.gap = 1000000 (custom)
2022-05-17 16:34:45,348 [pool-598-thread-1] INFO  server.RaftServerConfigKeys (ConfUtils.java:logGet(44)) - raft.server.log.appender.buffer.byte-limit = 33554432 (custom)
2022-05-17 16:34:45,348 [pool-598-thread-1] INFO  server.RaftServerConfigKeys (ConfUtils.java:logGet(44)) - raft.server.log.segment.size.max = 1048576 (custom)
2022-05-17 16:34:45,348 [pool-598-thread-1] INFO  server.RaftServerConfigKeys (ConfUtils.java:logGet(44)) - raft.server.log.segment.cache.num.max = 2 (custom)
2022-05-17 16:34:45,348 [pool-598-thread-1] INFO  server.RaftServerConfigKeys (ConfUtils.java:logGet(44)) - raft.server.log.segment.cache.size.max = 200MB (=209715200) (default)
2022-05-17 16:34:45,348 [pool-598-thread-1] INFO  segmented.SegmentedRaftLogWorker (SegmentedRaftLogWorker.java:<init>(182)) - new 5d7a279a-acc0-4bf9-857e-0841bbf9d651@group-06FB7E3A9E76-SegmentedRaftLogWorker for RaftStorageImpl:Storage Directory /home/runner/work/ozone/ozone/hadoop-ozone/integration-test/target/test-dir/MiniOzoneClusterImpl-d2fea7e1-e609-4d74-a07d-874ef1f8e340/datanode-1/data/ratis/cd2c3d13-96f2-42ce-b442-06fb7e3a9e76
2022-05-17 16:34:45,348 [pool-598-thread-1] INFO  server.RaftServerConfigKeys (ConfUtils.java:logGet(44)) - raft.server.log.queue.byte-limit = 4294967296 (custom)
2022-05-17 16:34:45,348 [pool-598-thread-1] INFO  server.RaftServerConfigKeys (ConfUtils.java:logGet(44)) - raft.server.log.queue.element-limit = 1024 (custom)
2022-05-17 16:34:45,348 [pool-598-thread-1] INFO  server.RaftServerConfigKeys (ConfUtils.java:logGet(44)) - raft.server.log.segment.size.max = 1048576 (custom)
2022-05-17 16:34:45,348 [pool-598-thread-1] INFO  server.RaftServerConfigKeys (ConfUtils.java:logGet(44)) - raft.server.log.preallocated.size = 16384 (custom)
2022-05-17 16:34:45,349 [pool-598-thread-1] INFO  server.RaftServerConfigKeys (ConfUtils.java:logGet(44)) - raft.server.log.force.sync.num = 128 (default)
2022-05-17 16:34:45,349 [pool-598-thread-1] INFO  server.RaftServerConfigKeys (ConfUtils.java:logGet(44)) - raft.server.log.statemachine.data.sync = true (default)
2022-05-17 16:34:45,349 [pool-598-thread-1] INFO  server.RaftServerConfigKeys (ConfUtils.java:logGet(44)) - raft.server.log.statemachine.data.sync.timeout = 10s (default)
2022-05-17 16:34:45,349 [pool-598-thread-1] INFO  server.RaftServerConfigKeys (ConfUtils.java:logGet(44)) - raft.server.log.statemachine.data.sync.timeout.retry = -1 (default)
2022-05-17 16:34:45,350 [pool-598-thread-1] INFO  server.RaftServerConfigKeys (ConfUtils.java:logGet(44)) - raft.server.log.write.buffer.size = 1048576 (custom)
2022-05-17 16:34:45,351 [pool-598-thread-1] INFO  server.RaftServerConfigKeys (ConfUtils.java:logGet(44)) - raft.server.log.statemachine.data.caching.enabled = true (custom)
2022-05-17 16:34:45,351 [pool-598-thread-1] INFO  segmented.SegmentedRaftLogWorker (SegmentedRaftLogWorker.java:lambda$new$0(133)) - 5d7a279a-acc0-4bf9-857e-0841bbf9d651@group-06FB7E3A9E76-SegmentedRaftLogWorker: flushIndex: setUnconditionally 0 -> -1
2022-05-17 16:34:45,351 [pool-598-thread-1] INFO  segmented.SegmentedRaftLogWorker (SegmentedRaftLogWorker.java:lambda$new$0(133)) - 5d7a279a-acc0-4bf9-857e-0841bbf9d651@group-06FB7E3A9E76-SegmentedRaftLogWorker: safeCacheEvictIndex: setUnconditionally 0 -> -1
2022-05-17 16:34:45,358 [pool-598-thread-1] INFO  server.RaftServerConfigKeys (ConfUtils.java:logGet(44)) - raft.server.snapshot.auto.trigger.enabled = true (custom)
2022-05-17 16:34:45,358 [pool-598-thread-1] INFO  server.RaftServerConfigKeys (ConfUtils.java:logGet(44)) - raft.server.snapshot.auto.trigger.threshold = 10000 (custom)
2022-05-17 16:34:45,358 [pool-598-thread-1] INFO  server.RaftServerConfigKeys (ConfUtils.java:logGet(44)) - raft.server.snapshot.retention.file.num = 5 (custom)
2022-05-17 16:34:45,358 [pool-598-thread-1] INFO  server.RaftServerConfigKeys (ConfUtils.java:logGet(44)) - raft.server.log.purge.upto.snapshot.index = false (default)
2022-05-17 16:34:45,359 [pool-598-thread-1] INFO  server.RaftServerConfigKeys (ConfUtils.java:logGet(44)) - raft.server.retrycache.expirytime = 600000ms (custom)
2022-05-17 16:34:45,359 [pool-598-thread-1] INFO  server.RaftServerConfigKeys (ConfUtils.java:logGet(44)) - raft.server.retrycache.statistics.expirytime = 100μs (default)
2022-05-17 16:34:45,366 [pool-598-thread-1] INFO  server.RaftServer$Division (RaftServerImpl.java:<init>(184)) - 5d7a279a-acc0-4bf9-857e-0841bbf9d651: new RaftServerImpl for group-9CE27A79B77C:[2c70115f-daca-4852-bdac-0bd87390dcd6|rpc:10.1.0.54:41881|dataStream:|priority:1, 5d7a279a-acc0-4bf9-857e-0841bbf9d651|rpc:10.1.0.54:35925|dataStream:|priority:0, a8e0e0ea-0af8-471c-ad2e-f664ca234674|rpc:10.1.0.54:43125|dataStream:|priority:0] with ContainerStateMachine:uninitialized
2022-05-17 16:34:45,366 [pool-598-thread-1] INFO  server.RaftServerConfigKeys (ConfUtils.java:logGet(44)) - raft.server.rpc.timeout.min = 5s (custom)
2022-05-17 16:34:45,366 [pool-598-thread-1] INFO  server.RaftServerConfigKeys (ConfUtils.java:logGet(44)) - raft.server.rpc.timeout.max = 5200ms (custom)
2022-05-17 16:34:45,366 [pool-598-thread-1] INFO  server.RaftServerConfigKeys (ConfUtils.java:logGet(44)) - raft.server.rpc.sleep.time = 25ms (default)
2022-05-17 16:34:45,366 [pool-598-thread-1] INFO  server.RaftServerConfigKeys (ConfUtils.java:logGet(44)) - raft.server.rpc.slowness.timeout = 300s (custom)
2022-05-17 16:34:45,367 [pool-598-thread-1] INFO  server.RaftServerConfigKeys (ConfUtils.java:logGet(44)) - raft.server.leaderelection.leader.step-down.wait-time = 10s (default)
2022-05-17 16:34:45,367 [pool-598-thread-1] INFO  server.RaftServerConfigKeys (ConfUtils.java:logGet(44)) - raft.server.sleep.deviation.threshold = 300ms (default)
2022-05-17 16:34:45,367 [pool-598-thread-1] INFO  server.RaftServerConfigKeys (ConfUtils.java:logGet(44)) - raft.server.log.appender.install.snapshot.enabled = false (custom)
2022-05-17 16:34:45,367 [pool-598-thread-1] INFO  server.RaftServer$Division (ServerState.java:<init>(105)) - 5d7a279a-acc0-4bf9-857e-0841bbf9d651@group-9CE27A79B77C: ConfigurationManager, init=-1: [2c70115f-daca-4852-bdac-0bd87390dcd6|rpc:10.1.0.54:41881|dataStream:|priority:1, 5d7a279a-acc0-4bf9-857e-0841bbf9d651|rpc:10.1.0.54:35925|dataStream:|priority:0, a8e0e0ea-0af8-471c-ad2e-f664ca234674|rpc:10.1.0.54:43125|dataStream:|priority:0], old=null, confs=<EMPTY_MAP>
2022-05-17 16:34:45,367 [pool-598-thread-1] INFO  server.RaftServerConfigKeys (ConfUtils.java:logGet(44)) - raft.server.storage.dir = [/home/runner/work/ozone/ozone/hadoop-ozone/integration-test/target/test-dir/MiniOzoneClusterImpl-d2fea7e1-e609-4d74-a07d-874ef1f8e340/datanode-1/data/ratis] (custom)
2022-05-17 16:34:45,367 [pool-598-thread-1] INFO  server.RaftServerConfigKeys (ConfUtils.java:logGet(44)) - raft.server.log.corruption.policy = EXCEPTION (default)
2022-05-17 16:34:45,367 [pool-598-thread-1] INFO  server.RaftServerConfigKeys (ConfUtils.java:logGet(44)) - raft.server.storage.free-space.min = 0MB (=0) (default)
2022-05-17 16:34:45,367 [pool-598-thread-1] INFO  storage.RaftStorageDirectory (RaftStorageDirectoryImpl.java:analyzeStorage(135)) - The storage directory /home/runner/work/ozone/ozone/hadoop-ozone/integration-test/target/test-dir/MiniOzoneClusterImpl-d2fea7e1-e609-4d74-a07d-874ef1f8e340/datanode-1/data/ratis/67a1fea9-df5b-4982-8c9b-9ce27a79b77c does not exist. Creating ...
2022-05-17 16:34:45,368 [pool-598-thread-1] INFO  storage.RaftStorageDirectory (RaftStorageDirectoryImpl.java:tryLock(230)) - Lock on /home/runner/work/ozone/ozone/hadoop-ozone/integration-test/target/test-dir/MiniOzoneClusterImpl-d2fea7e1-e609-4d74-a07d-874ef1f8e340/datanode-1/data/ratis/67a1fea9-df5b-4982-8c9b-9ce27a79b77c/in_use.lock acquired by nodename 17133@fv-az297-879
2022-05-17 16:34:45,370 [pool-598-thread-1] INFO  storage.RaftStorage (RaftStorageImpl.java:format(89)) - Storage directory /home/runner/work/ozone/ozone/hadoop-ozone/integration-test/target/test-dir/MiniOzoneClusterImpl-d2fea7e1-e609-4d74-a07d-874ef1f8e340/datanode-1/data/ratis/67a1fea9-df5b-4982-8c9b-9ce27a79b77c has been successfully formatted.
2022-05-17 16:34:45,370 [pool-598-thread-1] INFO  ratis.ContainerStateMachine (ContainerStateMachine.java:loadSnapshot(236)) - group-9CE27A79B77C: The snapshot info is null. Setting the last applied indexto:(t:0, i:~)
2022-05-17 16:34:45,370 [pool-598-thread-1] INFO  server.RaftServerConfigKeys (ConfUtils.java:logGet(44)) - raft.server.notification.no-leader.timeout = 300s (custom)
2022-05-17 16:34:45,370 [pool-598-thread-1] INFO  server.RaftServerConfigKeys (ConfUtils.java:logGet(44)) - raft.server.log.use.memory = false (default)
2022-05-17 16:34:45,371 [pool-598-thread-1] INFO  server.RaftServerConfigKeys (ConfUtils.java:logGet(44)) - raft.server.log.purge.gap = 1000000 (custom)
2022-05-17 16:34:45,371 [pool-598-thread-1] INFO  server.RaftServerConfigKeys (ConfUtils.java:logGet(44)) - raft.server.log.appender.buffer.byte-limit = 33554432 (custom)
2022-05-17 16:34:45,371 [pool-598-thread-1] INFO  server.RaftServerConfigKeys (ConfUtils.java:logGet(44)) - raft.server.log.segment.size.max = 1048576 (custom)
2022-05-17 16:34:45,371 [pool-598-thread-1] INFO  server.RaftServerConfigKeys (ConfUtils.java:logGet(44)) - raft.server.log.segment.cache.num.max = 2 (custom)
2022-05-17 16:34:45,371 [pool-598-thread-1] INFO  server.RaftServerConfigKeys (ConfUtils.java:logGet(44)) - raft.server.log.segment.cache.size.max = 200MB (=209715200) (default)
2022-05-17 16:34:45,371 [pool-598-thread-1] INFO  segmented.SegmentedRaftLogWorker (SegmentedRaftLogWorker.java:<init>(182)) - new 5d7a279a-acc0-4bf9-857e-0841bbf9d651@group-9CE27A79B77C-SegmentedRaftLogWorker for RaftStorageImpl:Storage Directory /home/runner/work/ozone/ozone/hadoop-ozone/integration-test/target/test-dir/MiniOzoneClusterImpl-d2fea7e1-e609-4d74-a07d-874ef1f8e340/datanode-1/data/ratis/67a1fea9-df5b-4982-8c9b-9ce27a79b77c
2022-05-17 16:34:45,371 [pool-598-thread-1] INFO  server.RaftServerConfigKeys (ConfUtils.java:logGet(44)) - raft.server.log.queue.byte-limit = 4294967296 (custom)
2022-05-17 16:34:45,371 [pool-598-thread-1] INFO  server.RaftServerConfigKeys (ConfUtils.java:logGet(44)) - raft.server.log.queue.element-limit = 1024 (custom)
2022-05-17 16:34:45,372 [pool-598-thread-1] INFO  server.RaftServerConfigKeys (ConfUtils.java:logGet(44)) - raft.server.log.segment.size.max = 1048576 (custom)
2022-05-17 16:34:45,372 [pool-598-thread-1] INFO  server.RaftServerConfigKeys (ConfUtils.java:logGet(44)) - raft.server.log.preallocated.size = 16384 (custom)
2022-05-17 16:34:45,372 [pool-598-thread-1] INFO  server.RaftServerConfigKeys (ConfUtils.java:logGet(44)) - raft.server.log.force.sync.num = 128 (default)
2022-05-17 16:34:45,372 [pool-598-thread-1] INFO  server.RaftServerConfigKeys (ConfUtils.java:logGet(44)) - raft.server.log.statemachine.data.sync = true (default)
2022-05-17 16:34:45,372 [pool-598-thread-1] INFO  server.RaftServerConfigKeys (ConfUtils.java:logGet(44)) - raft.server.log.statemachine.data.sync.timeout = 10s (default)
2022-05-17 16:34:45,372 [pool-598-thread-1] INFO  server.RaftServerConfigKeys (ConfUtils.java:logGet(44)) - raft.server.log.statemachine.data.sync.timeout.retry = -1 (default)
2022-05-17 16:34:45,372 [EventQueue-OpenPipelineForHealthyPipelineSafeModeRule] INFO  safemode.SCMSafeModeManager (HealthyPipelineSafeModeRule.java:process(124)) - SCM in safe mode. Healthy pipelines reported count is 0, required healthy pipeline reported count is 1
2022-05-17 16:34:45,379 [pool-598-thread-1] INFO  server.RaftServerConfigKeys (ConfUtils.java:logGet(44)) - raft.server.log.write.buffer.size = 1048576 (custom)
2022-05-17 16:34:45,380 [pool-598-thread-1] INFO  server.RaftServerConfigKeys (ConfUtils.java:logGet(44)) - raft.server.log.statemachine.data.caching.enabled = true (custom)
2022-05-17 16:34:45,380 [pool-598-thread-1] INFO  segmented.SegmentedRaftLogWorker (SegmentedRaftLogWorker.java:lambda$new$0(133)) - 5d7a279a-acc0-4bf9-857e-0841bbf9d651@group-9CE27A79B77C-SegmentedRaftLogWorker: flushIndex: setUnconditionally 0 -> -1
2022-05-17 16:34:45,380 [pool-598-thread-1] INFO  segmented.SegmentedRaftLogWorker (SegmentedRaftLogWorker.java:lambda$new$0(133)) - 5d7a279a-acc0-4bf9-857e-0841bbf9d651@group-9CE27A79B77C-SegmentedRaftLogWorker: safeCacheEvictIndex: setUnconditionally 0 -> -1
2022-05-17 16:34:45,393 [pool-598-thread-1] INFO  server.RaftServerConfigKeys (ConfUtils.java:logGet(44)) - raft.server.snapshot.auto.trigger.enabled = true (custom)
2022-05-17 16:34:45,393 [pool-598-thread-1] INFO  server.RaftServerConfigKeys (ConfUtils.java:logGet(44)) - raft.server.snapshot.auto.trigger.threshold = 10000 (custom)
2022-05-17 16:34:45,393 [pool-598-thread-1] INFO  server.RaftServerConfigKeys (ConfUtils.java:logGet(44)) - raft.server.snapshot.retention.file.num = 5 (custom)
2022-05-17 16:34:45,393 [pool-598-thread-1] INFO  server.RaftServerConfigKeys (ConfUtils.java:logGet(44)) - raft.server.log.purge.upto.snapshot.index = false (default)
2022-05-17 16:34:45,393 [pool-598-thread-1] INFO  server.RaftServerConfigKeys (ConfUtils.java:logGet(44)) - raft.server.retrycache.expirytime = 600000ms (custom)
2022-05-17 16:34:45,393 [pool-598-thread-1] INFO  server.RaftServerConfigKeys (ConfUtils.java:logGet(44)) - raft.server.retrycache.statistics.expirytime = 100μs (default)
2022-05-17 16:34:45,395 [pool-598-thread-1] INFO  server.RaftServer$Division (RaftServerImpl.java:start(301)) - 5d7a279a-acc0-4bf9-857e-0841bbf9d651@group-06FB7E3A9E76: start as a follower, conf=-1: [5d7a279a-acc0-4bf9-857e-0841bbf9d651|rpc:10.1.0.54:35925|priority:1], old=null
2022-05-17 16:34:45,395 [pool-598-thread-1] INFO  server.RaftServer$Division (RaftServerImpl.java:setRole(290)) - 5d7a279a-acc0-4bf9-857e-0841bbf9d651@group-06FB7E3A9E76: changes role from      null to FOLLOWER at term 0 for startAsFollower
2022-05-17 16:34:45,395 [pool-598-thread-1] INFO  impl.RoleInfo (RoleInfo.java:updateAndGet(130)) - 5d7a279a-acc0-4bf9-857e-0841bbf9d651: start 5d7a279a-acc0-4bf9-857e-0841bbf9d651@group-06FB7E3A9E76-FollowerState
2022-05-17 16:34:45,395 [pool-598-thread-1] INFO  util.JmxRegister (JmxRegister.java:tryRegister(44)) - Successfully registered JMX Bean with object name Ratis:service=RaftServer,group=group-06FB7E3A9E76,id=5d7a279a-acc0-4bf9-857e-0841bbf9d651
2022-05-17 16:34:45,396 [pool-598-thread-1] INFO  server.RaftServer$Division (RaftServerImpl.java:start(301)) - 5d7a279a-acc0-4bf9-857e-0841bbf9d651@group-9CE27A79B77C: start as a follower, conf=-1: [2c70115f-daca-4852-bdac-0bd87390dcd6|rpc:10.1.0.54:41881|dataStream:|priority:1, 5d7a279a-acc0-4bf9-857e-0841bbf9d651|rpc:10.1.0.54:35925|dataStream:|priority:0, a8e0e0ea-0af8-471c-ad2e-f664ca234674|rpc:10.1.0.54:43125|dataStream:|priority:0], old=null
2022-05-17 16:34:45,396 [pool-598-thread-1] INFO  server.RaftServer$Division (RaftServerImpl.java:setRole(290)) - 5d7a279a-acc0-4bf9-857e-0841bbf9d651@group-9CE27A79B77C: changes role from      null to FOLLOWER at term 0 for startAsFollower
2022-05-17 16:34:45,396 [pool-598-thread-1] INFO  impl.RoleInfo (RoleInfo.java:updateAndGet(130)) - 5d7a279a-acc0-4bf9-857e-0841bbf9d651: start 5d7a279a-acc0-4bf9-857e-0841bbf9d651@group-9CE27A79B77C-FollowerState
2022-05-17 16:34:45,397 [Command processor thread] INFO  ratis.XceiverServerRatis (XceiverServerRatis.java:addGroup(765)) - Created group PipelineID=cd2c3d13-96f2-42ce-b442-06fb7e3a9e76
2022-05-17 16:34:45,397 [Command processor thread] INFO  commandhandler.CreatePipelineCommandHandler (CreatePipelineCommandHandler.java:handle(113)) - Created Pipeline RATIS ONE PipelineID=cd2c3d13-96f2-42ce-b442-06fb7e3a9e76.
2022-05-17 16:34:45,397 [pool-598-thread-1] INFO  util.JmxRegister (JmxRegister.java:tryRegister(44)) - Successfully registered JMX Bean with object name Ratis:service=RaftServer,group=group-9CE27A79B77C,id=5d7a279a-acc0-4bf9-857e-0841bbf9d651
2022-05-17 16:34:45,414 [Command processor thread] INFO  commandhandler.CreatePipelineCommandHandler (CreatePipelineCommandHandler.java:handle(113)) - Created Pipeline RATIS THREE PipelineID=67a1fea9-df5b-4982-8c9b-9ce27a79b77c.
2022-05-17 16:34:46,296 [Listener at 127.0.0.1/40445] INFO  ozone.MiniOzoneClusterImpl (MiniOzoneClusterImpl.java:lambda$waitForClusterToBeReady$0(221)) - Nodes are ready. Got 3 of 3 DN Heartbeats.
2022-05-17 16:34:46,297 [Listener at 127.0.0.1/40445] INFO  ozone.MiniOzoneClusterImpl (MiniOzoneClusterImpl.java:lambda$waitForClusterToBeReady$0(224)) - Waiting for cluster to exit safe mode
2022-05-17 16:34:46,297 [Listener at 127.0.0.1/40445] INFO  ozone.MiniOzoneClusterImpl (MiniOzoneClusterImpl.java:lambda$waitForClusterToBeReady$0(226)) - SCM became leader
2022-05-17 16:34:46,382 [Command processor thread] INFO  server.RaftServer (RaftServerProxy.java:addNew(95)) - 2c70115f-daca-4852-bdac-0bd87390dcd6: addNew group-097C97B9C329:[2c70115f-daca-4852-bdac-0bd87390dcd6|rpc:10.1.0.54:41881|priority:1] returns group-097C97B9C329:java.util.concurrent.CompletableFuture@1fa60195[Not completed]
2022-05-17 16:34:46,383 [pool-620-thread-1] INFO  server.RaftServer$Division (RaftServerImpl.java:<init>(184)) - 2c70115f-daca-4852-bdac-0bd87390dcd6: new RaftServerImpl for group-097C97B9C329:[2c70115f-daca-4852-bdac-0bd87390dcd6|rpc:10.1.0.54:41881|priority:1] with ContainerStateMachine:uninitialized
2022-05-17 16:34:46,383 [pool-620-thread-1] INFO  server.RaftServerConfigKeys (ConfUtils.java:logGet(44)) - raft.server.rpc.timeout.min = 5s (custom)
2022-05-17 16:34:46,383 [pool-620-thread-1] INFO  server.RaftServerConfigKeys (ConfUtils.java:logGet(44)) - raft.server.rpc.timeout.max = 5200ms (custom)
2022-05-17 16:34:46,383 [pool-620-thread-1] INFO  server.RaftServerConfigKeys (ConfUtils.java:logGet(44)) - raft.server.rpc.sleep.time = 25ms (default)
2022-05-17 16:34:46,383 [pool-620-thread-1] INFO  server.RaftServerConfigKeys (ConfUtils.java:logGet(44)) - raft.server.rpc.slowness.timeout = 300s (custom)
2022-05-17 16:34:46,383 [pool-620-thread-1] INFO  server.RaftServerConfigKeys (ConfUtils.java:logGet(44)) - raft.server.leaderelection.leader.step-down.wait-time = 10s (default)
2022-05-17 16:34:46,383 [pool-620-thread-1] INFO  server.RaftServerConfigKeys (ConfUtils.java:logGet(44)) - raft.server.sleep.deviation.threshold = 300ms (default)
2022-05-17 16:34:46,383 [pool-620-thread-1] INFO  server.RaftServerConfigKeys (ConfUtils.java:logGet(44)) - raft.server.log.appender.install.snapshot.enabled = false (custom)
2022-05-17 16:34:46,383 [pool-620-thread-1] INFO  server.RaftServer$Division (ServerState.java:<init>(105)) - 2c70115f-daca-4852-bdac-0bd87390dcd6@group-097C97B9C329: ConfigurationManager, init=-1: [2c70115f-daca-4852-bdac-0bd87390dcd6|rpc:10.1.0.54:41881|priority:1], old=null, confs=<EMPTY_MAP>
2022-05-17 16:34:46,384 [pool-620-thread-1] INFO  server.RaftServerConfigKeys (ConfUtils.java:logGet(44)) - raft.server.storage.dir = [/home/runner/work/ozone/ozone/hadoop-ozone/integration-test/target/test-dir/MiniOzoneClusterImpl-d2fea7e1-e609-4d74-a07d-874ef1f8e340/datanode-2/data/ratis] (custom)
2022-05-17 16:34:46,384 [pool-620-thread-1] INFO  server.RaftServerConfigKeys (ConfUtils.java:logGet(44)) - raft.server.log.corruption.policy = EXCEPTION (default)
2022-05-17 16:34:46,384 [pool-620-thread-1] INFO  server.RaftServerConfigKeys (ConfUtils.java:logGet(44)) - raft.server.storage.free-space.min = 0MB (=0) (default)
2022-05-17 16:34:46,384 [pool-620-thread-1] INFO  storage.RaftStorageDirectory (RaftStorageDirectoryImpl.java:analyzeStorage(135)) - The storage directory /home/runner/work/ozone/ozone/hadoop-ozone/integration-test/target/test-dir/MiniOzoneClusterImpl-d2fea7e1-e609-4d74-a07d-874ef1f8e340/datanode-2/data/ratis/8b4dd244-ad99-4d64-ab01-097c97b9c329 does not exist. Creating ...
2022-05-17 16:34:46,404 [pool-620-thread-1] INFO  storage.RaftStorageDirectory (RaftStorageDirectoryImpl.java:tryLock(230)) - Lock on /home/runner/work/ozone/ozone/hadoop-ozone/integration-test/target/test-dir/MiniOzoneClusterImpl-d2fea7e1-e609-4d74-a07d-874ef1f8e340/datanode-2/data/ratis/8b4dd244-ad99-4d64-ab01-097c97b9c329/in_use.lock acquired by nodename 17133@fv-az297-879
2022-05-17 16:34:46,407 [pool-620-thread-1] INFO  storage.RaftStorage (RaftStorageImpl.java:format(89)) - Storage directory /home/runner/work/ozone/ozone/hadoop-ozone/integration-test/target/test-dir/MiniOzoneClusterImpl-d2fea7e1-e609-4d74-a07d-874ef1f8e340/datanode-2/data/ratis/8b4dd244-ad99-4d64-ab01-097c97b9c329 has been successfully formatted.
2022-05-17 16:34:46,408 [pool-620-thread-1] INFO  ratis.ContainerStateMachine (ContainerStateMachine.java:loadSnapshot(236)) - group-097C97B9C329: The snapshot info is null. Setting the last applied indexto:(t:0, i:~)
2022-05-17 16:34:46,408 [pool-620-thread-1] INFO  server.RaftServerConfigKeys (ConfUtils.java:logGet(44)) - raft.server.notification.no-leader.timeout = 300s (custom)
2022-05-17 16:34:46,408 [pool-620-thread-1] INFO  server.RaftServerConfigKeys (ConfUtils.java:logGet(44)) - raft.server.log.use.memory = false (default)
2022-05-17 16:34:46,408 [pool-620-thread-1] INFO  server.RaftServerConfigKeys (ConfUtils.java:logGet(44)) - raft.server.log.purge.gap = 1000000 (custom)
2022-05-17 16:34:46,408 [pool-620-thread-1] INFO  server.RaftServerConfigKeys (ConfUtils.java:logGet(44)) - raft.server.log.appender.buffer.byte-limit = 33554432 (custom)
2022-05-17 16:34:46,408 [pool-620-thread-1] INFO  server.RaftServerConfigKeys (ConfUtils.java:logGet(44)) - raft.server.log.segment.size.max = 1048576 (custom)
2022-05-17 16:34:46,409 [pool-620-thread-1] INFO  server.RaftServerConfigKeys (ConfUtils.java:logGet(44)) - raft.server.log.segment.cache.num.max = 2 (custom)
2022-05-17 16:34:46,409 [pool-620-thread-1] INFO  server.RaftServerConfigKeys (ConfUtils.java:logGet(44)) - raft.server.log.segment.cache.size.max = 200MB (=209715200) (default)
2022-05-17 16:34:46,409 [pool-620-thread-1] INFO  segmented.SegmentedRaftLogWorker (SegmentedRaftLogWorker.java:<init>(182)) - new 2c70115f-daca-4852-bdac-0bd87390dcd6@group-097C97B9C329-SegmentedRaftLogWorker for RaftStorageImpl:Storage Directory /home/runner/work/ozone/ozone/hadoop-ozone/integration-test/target/test-dir/MiniOzoneClusterImpl-d2fea7e1-e609-4d74-a07d-874ef1f8e340/datanode-2/data/ratis/8b4dd244-ad99-4d64-ab01-097c97b9c329
2022-05-17 16:34:46,409 [pool-620-thread-1] INFO  server.RaftServerConfigKeys (ConfUtils.java:logGet(44)) - raft.server.log.queue.byte-limit = 4294967296 (custom)
2022-05-17 16:34:46,409 [pool-620-thread-1] INFO  server.RaftServerConfigKeys (ConfUtils.java:logGet(44)) - raft.server.log.queue.element-limit = 1024 (custom)
2022-05-17 16:34:46,409 [pool-620-thread-1] INFO  server.RaftServerConfigKeys (ConfUtils.java:logGet(44)) - raft.server.log.segment.size.max = 1048576 (custom)
2022-05-17 16:34:46,409 [pool-620-thread-1] INFO  server.RaftServerConfigKeys (ConfUtils.java:logGet(44)) - raft.server.log.preallocated.size = 16384 (custom)
2022-05-17 16:34:46,409 [pool-620-thread-1] INFO  server.RaftServerConfigKeys (ConfUtils.java:logGet(44)) - raft.server.log.force.sync.num = 128 (default)
2022-05-17 16:34:46,409 [pool-620-thread-1] INFO  server.RaftServerConfigKeys (ConfUtils.java:logGet(44)) - raft.server.log.statemachine.data.sync = true (default)
2022-05-17 16:34:46,409 [pool-620-thread-1] INFO  server.RaftServerConfigKeys (ConfUtils.java:logGet(44)) - raft.server.log.statemachine.data.sync.timeout = 10s (default)
2022-05-17 16:34:46,409 [pool-620-thread-1] INFO  server.RaftServerConfigKeys (ConfUtils.java:logGet(44)) - raft.server.log.statemachine.data.sync.timeout.retry = -1 (default)
2022-05-17 16:34:46,410 [EventQueue-PipelineReportForPipelineReportHandler] INFO  pipeline.PipelineManagerImpl (PipelineManagerImpl.java:openPipeline(336)) - Pipeline Pipeline[ Id: 8b4dd244-ad99-4d64-ab01-097c97b9c329, Nodes: 2c70115f-daca-4852-bdac-0bd87390dcd6{ip: 10.1.0.54, host: fv-az297-879.nmf1rxwemy4u5di1sxxf4ejcwb.jx.internal.cloudapp.net, ports: [REPLICATION=39765, RATIS=41881, RATIS_ADMIN=41881, RATIS_SERVER=41881, STANDALONE=46663], networkLocation: /default-rack, certSerialId: null, persistedOpState: IN_SERVICE, persistedOpStateExpiryEpochSec: 0}, ReplicationConfig: RATIS/ONE, State:ALLOCATED, leaderId:2c70115f-daca-4852-bdac-0bd87390dcd6, CreationTimestamp2022-05-17T16:34:43.389Z[Etc/UTC]] moved to OPEN state
2022-05-17 16:34:46,410 [EventQueue-OpenPipelineForHealthyPipelineSafeModeRule] INFO  safemode.SCMSafeModeManager (HealthyPipelineSafeModeRule.java:process(124)) - SCM in safe mode. Healthy pipelines reported count is 0, required healthy pipeline reported count is 1
2022-05-17 16:34:46,411 [pool-620-thread-1] INFO  server.RaftServerConfigKeys (ConfUtils.java:logGet(44)) - raft.server.log.write.buffer.size = 1048576 (custom)
2022-05-17 16:34:46,413 [pool-620-thread-1] INFO  server.RaftServerConfigKeys (ConfUtils.java:logGet(44)) - raft.server.log.statemachine.data.caching.enabled = true (custom)
2022-05-17 16:34:46,413 [pool-620-thread-1] INFO  segmented.SegmentedRaftLogWorker (SegmentedRaftLogWorker.java:lambda$new$0(133)) - 2c70115f-daca-4852-bdac-0bd87390dcd6@group-097C97B9C329-SegmentedRaftLogWorker: flushIndex: setUnconditionally 0 -> -1
2022-05-17 16:34:46,413 [pool-620-thread-1] INFO  segmented.SegmentedRaftLogWorker (SegmentedRaftLogWorker.java:lambda$new$0(133)) - 2c70115f-daca-4852-bdac-0bd87390dcd6@group-097C97B9C329-SegmentedRaftLogWorker: safeCacheEvictIndex: setUnconditionally 0 -> -1
2022-05-17 16:34:46,417 [pool-620-thread-1] INFO  server.RaftServerConfigKeys (ConfUtils.java:logGet(44)) - raft.server.snapshot.auto.trigger.enabled = true (custom)
2022-05-17 16:34:46,418 [pool-620-thread-1] INFO  server.RaftServerConfigKeys (ConfUtils.java:logGet(44)) - raft.server.snapshot.auto.trigger.threshold = 10000 (custom)
2022-05-17 16:34:46,418 [pool-620-thread-1] INFO  server.RaftServerConfigKeys (ConfUtils.java:logGet(44)) - raft.server.snapshot.retention.file.num = 5 (custom)
2022-05-17 16:34:46,418 [pool-620-thread-1] INFO  server.RaftServerConfigKeys (ConfUtils.java:logGet(44)) - raft.server.log.purge.upto.snapshot.index = false (default)
2022-05-17 16:34:46,418 [pool-620-thread-1] INFO  server.RaftServerConfigKeys (ConfUtils.java:logGet(44)) - raft.server.retrycache.expirytime = 600000ms (custom)
2022-05-17 16:34:46,418 [pool-620-thread-1] INFO  server.RaftServerConfigKeys (ConfUtils.java:logGet(44)) - raft.server.retrycache.statistics.expirytime = 100μs (default)
2022-05-17 16:34:46,419 [pool-620-thread-1] INFO  server.RaftServer$Division (RaftServerImpl.java:start(301)) - 2c70115f-daca-4852-bdac-0bd87390dcd6@group-097C97B9C329: start as a follower, conf=-1: [2c70115f-daca-4852-bdac-0bd87390dcd6|rpc:10.1.0.54:41881|priority:1], old=null
2022-05-17 16:34:46,419 [pool-620-thread-1] INFO  server.RaftServer$Division (RaftServerImpl.java:setRole(290)) - 2c70115f-daca-4852-bdac-0bd87390dcd6@group-097C97B9C329: changes role from      null to FOLLOWER at term 0 for startAsFollower
2022-05-17 16:34:46,419 [pool-620-thread-1] INFO  impl.RoleInfo (RoleInfo.java:updateAndGet(130)) - 2c70115f-daca-4852-bdac-0bd87390dcd6: start 2c70115f-daca-4852-bdac-0bd87390dcd6@group-097C97B9C329-FollowerState
2022-05-17 16:34:46,422 [pool-620-thread-1] INFO  util.JmxRegister (JmxRegister.java:tryRegister(44)) - Successfully registered JMX Bean with object name Ratis:service=RaftServer,group=group-097C97B9C329,id=2c70115f-daca-4852-bdac-0bd87390dcd6
2022-05-17 16:34:46,425 [Command processor thread] INFO  ratis.XceiverServerRatis (XceiverServerRatis.java:addGroup(765)) - Created group PipelineID=8b4dd244-ad99-4d64-ab01-097c97b9c329
2022-05-17 16:34:46,425 [Command processor thread] INFO  commandhandler.CreatePipelineCommandHandler (CreatePipelineCommandHandler.java:handle(113)) - Created Pipeline RATIS ONE PipelineID=8b4dd244-ad99-4d64-ab01-097c97b9c329.
2022-05-17 16:34:47,298 [Listener at 127.0.0.1/40445] INFO  ozone.MiniOzoneClusterImpl (MiniOzoneClusterImpl.java:lambda$waitForClusterToBeReady$0(221)) - Nodes are ready. Got 3 of 3 DN Heartbeats.
2022-05-17 16:34:47,298 [Listener at 127.0.0.1/40445] INFO  ozone.MiniOzoneClusterImpl (MiniOzoneClusterImpl.java:lambda$waitForClusterToBeReady$0(224)) - Waiting for cluster to exit safe mode
2022-05-17 16:34:47,298 [Listener at 127.0.0.1/40445] INFO  ozone.MiniOzoneClusterImpl (MiniOzoneClusterImpl.java:lambda$waitForClusterToBeReady$0(226)) - SCM became leader
2022-05-17 16:34:48,299 [Listener at 127.0.0.1/40445] INFO  ozone.MiniOzoneClusterImpl (MiniOzoneClusterImpl.java:lambda$waitForClusterToBeReady$0(221)) - Nodes are ready. Got 3 of 3 DN Heartbeats.
2022-05-17 16:34:48,299 [Listener at 127.0.0.1/40445] INFO  ozone.MiniOzoneClusterImpl (MiniOzoneClusterImpl.java:lambda$waitForClusterToBeReady$0(224)) - Waiting for cluster to exit safe mode
2022-05-17 16:34:48,300 [Listener at 127.0.0.1/40445] INFO  ozone.MiniOzoneClusterImpl (MiniOzoneClusterImpl.java:lambda$waitForClusterToBeReady$0(226)) - SCM became leader
2022-05-17 16:34:49,300 [Listener at 127.0.0.1/40445] INFO  ozone.MiniOzoneClusterImpl (MiniOzoneClusterImpl.java:lambda$waitForClusterToBeReady$0(221)) - Nodes are ready. Got 3 of 3 DN Heartbeats.
2022-05-17 16:34:49,301 [Listener at 127.0.0.1/40445] INFO  ozone.MiniOzoneClusterImpl (MiniOzoneClusterImpl.java:lambda$waitForClusterToBeReady$0(224)) - Waiting for cluster to exit safe mode
2022-05-17 16:34:49,301 [Listener at 127.0.0.1/40445] INFO  ozone.MiniOzoneClusterImpl (MiniOzoneClusterImpl.java:lambda$waitForClusterToBeReady$0(226)) - SCM became leader
2022-05-17 16:34:49,800 [a8e0e0ea-0af8-471c-ad2e-f664ca234674@group-7C3B9C31CD03-FollowerState] INFO  impl.FollowerState (FollowerState.java:run(134)) - a8e0e0ea-0af8-471c-ad2e-f664ca234674@group-7C3B9C31CD03-FollowerState: change to CANDIDATE, lastRpcElapsedTime:5023172961ns, electionTimeout:5020ms
2022-05-17 16:34:49,801 [a8e0e0ea-0af8-471c-ad2e-f664ca234674@group-7C3B9C31CD03-FollowerState] INFO  impl.RoleInfo (RoleInfo.java:shutdownFollowerState(108)) - a8e0e0ea-0af8-471c-ad2e-f664ca234674: shutdown a8e0e0ea-0af8-471c-ad2e-f664ca234674@group-7C3B9C31CD03-FollowerState
2022-05-17 16:34:49,801 [a8e0e0ea-0af8-471c-ad2e-f664ca234674@group-7C3B9C31CD03-FollowerState] INFO  server.RaftServer$Division (RaftServerImpl.java:setRole(290)) - a8e0e0ea-0af8-471c-ad2e-f664ca234674@group-7C3B9C31CD03: changes role from  FOLLOWER to CANDIDATE at term 0 for changeToCandidate
2022-05-17 16:34:49,801 [a8e0e0ea-0af8-471c-ad2e-f664ca234674@group-7C3B9C31CD03-FollowerState] INFO  server.RaftServerConfigKeys (ConfUtils.java:logGet(44)) - raft.server.leaderelection.pre-vote = false (custom)
2022-05-17 16:34:49,801 [a8e0e0ea-0af8-471c-ad2e-f664ca234674@group-7C3B9C31CD03-FollowerState] INFO  impl.RoleInfo (RoleInfo.java:updateAndGet(130)) - a8e0e0ea-0af8-471c-ad2e-f664ca234674: start a8e0e0ea-0af8-471c-ad2e-f664ca234674@group-7C3B9C31CD03-LeaderElection39
2022-05-17 16:34:49,846 [a8e0e0ea-0af8-471c-ad2e-f664ca234674@group-7C3B9C31CD03-LeaderElection39] INFO  impl.LeaderElection (LeaderElection.java:askForVotes(306)) - a8e0e0ea-0af8-471c-ad2e-f664ca234674@group-7C3B9C31CD03-LeaderElection39 ELECTION round 0: submit vote requests at term 1 for -1: [a8e0e0ea-0af8-471c-ad2e-f664ca234674|rpc:10.1.0.54:43125|priority:1], old=null
2022-05-17 16:34:49,846 [a8e0e0ea-0af8-471c-ad2e-f664ca234674@group-7C3B9C31CD03-LeaderElection39] INFO  impl.LeaderElection (LeaderElection.java:askForVotes(308)) - a8e0e0ea-0af8-471c-ad2e-f664ca234674@group-7C3B9C31CD03-LeaderElection39 ELECTION round 0: result PASSED (term=1)
2022-05-17 16:34:49,846 [a8e0e0ea-0af8-471c-ad2e-f664ca234674@group-7C3B9C31CD03-LeaderElection39] INFO  impl.RoleInfo (RoleInfo.java:shutdownLeaderElection(121)) - a8e0e0ea-0af8-471c-ad2e-f664ca234674: shutdown a8e0e0ea-0af8-471c-ad2e-f664ca234674@group-7C3B9C31CD03-LeaderElection39
2022-05-17 16:34:49,847 [a8e0e0ea-0af8-471c-ad2e-f664ca234674@group-7C3B9C31CD03-LeaderElection39] INFO  server.RaftServer$Division (RaftServerImpl.java:setRole(290)) - a8e0e0ea-0af8-471c-ad2e-f664ca234674@group-7C3B9C31CD03: changes role from CANDIDATE to LEADER at term 1 for changeToLeader
2022-05-17 16:34:49,847 [a8e0e0ea-0af8-471c-ad2e-f664ca234674@group-7C3B9C31CD03-LeaderElection39] INFO  ratis.XceiverServerRatis (XceiverServerRatis.java:handleLeaderChangedNotification(863)) - Leader change notification received for group: group-7C3B9C31CD03 with new leaderId: a8e0e0ea-0af8-471c-ad2e-f664ca234674
2022-05-17 16:34:49,847 [a8e0e0ea-0af8-471c-ad2e-f664ca234674@group-7C3B9C31CD03-LeaderElection39] INFO  server.RaftServer$Division (ServerState.java:setLeader(285)) - a8e0e0ea-0af8-471c-ad2e-f664ca234674@group-7C3B9C31CD03: change Leader from null to a8e0e0ea-0af8-471c-ad2e-f664ca234674 at term 1 for becomeLeader, leader elected after 5076ms
2022-05-17 16:34:49,847 [a8e0e0ea-0af8-471c-ad2e-f664ca234674@group-7C3B9C31CD03-LeaderElection39] INFO  server.RaftServerConfigKeys (ConfUtils.java:logGet(44)) - raft.server.staging.catchup.gap = 1000 (default)
2022-05-17 16:34:49,847 [a8e0e0ea-0af8-471c-ad2e-f664ca234674@group-7C3B9C31CD03-LeaderElection39] INFO  server.RaftServerConfigKeys (ConfUtils.java:logGet(44)) - raft.server.write.element-limit = 1024 (custom)
2022-05-17 16:34:49,847 [a8e0e0ea-0af8-471c-ad2e-f664ca234674@group-7C3B9C31CD03-LeaderElection39] INFO  server.RaftServerConfigKeys (ConfUtils.java:logGet(44)) - raft.server.write.byte-limit = 1024 M (=1073741824) (custom)
2022-05-17 16:34:49,848 [a8e0e0ea-0af8-471c-ad2e-f664ca234674@group-7C3B9C31CD03-LeaderElection39] INFO  server.RaftServerConfigKeys (ConfUtils.java:logGet(44)) - raft.server.watch.timeout = 180s (custom)
2022-05-17 16:34:49,848 [a8e0e0ea-0af8-471c-ad2e-f664ca234674@group-7C3B9C31CD03-LeaderElection39] INFO  server.RaftServerConfigKeys (ConfUtils.java:logGet(44)) - raft.server.watch.timeout.denomination = 1s (default)
2022-05-17 16:34:49,848 [a8e0e0ea-0af8-471c-ad2e-f664ca234674@group-7C3B9C31CD03-LeaderElection39] INFO  server.RaftServerConfigKeys (ConfUtils.java:logGet(44)) - raft.server.watch.element-limit = 65536 (default)
2022-05-17 16:34:49,848 [a8e0e0ea-0af8-471c-ad2e-f664ca234674@group-7C3B9C31CD03-LeaderElection39] INFO  server.RaftServerConfigKeys (ConfUtils.java:logGet(44)) - raft.server.write.element-limit = 1024 (custom)
2022-05-17 16:34:49,848 [a8e0e0ea-0af8-471c-ad2e-f664ca234674@group-7C3B9C31CD03-LeaderElection39] INFO  server.RaftServerConfigKeys (ConfUtils.java:logGet(44)) - raft.server.write.follower.gap.ratio.max = -1.0 (default)
2022-05-17 16:34:49,848 [a8e0e0ea-0af8-471c-ad2e-f664ca234674@group-7C3B9C31CD03-LeaderElection39] INFO  impl.RoleInfo (RoleInfo.java:updateAndGet(130)) - a8e0e0ea-0af8-471c-ad2e-f664ca234674: start a8e0e0ea-0af8-471c-ad2e-f664ca234674@group-7C3B9C31CD03-LeaderStateImpl
2022-05-17 16:34:49,849 [a8e0e0ea-0af8-471c-ad2e-f664ca234674@group-7C3B9C31CD03-LeaderElection39] INFO  segmented.SegmentedRaftLogWorker (SegmentedRaftLogWorker.java:startLogSegment(394)) - a8e0e0ea-0af8-471c-ad2e-f664ca234674@group-7C3B9C31CD03-SegmentedRaftLogWorker: Starting segment from index:0
2022-05-17 16:34:49,851 [EventQueue-OpenPipelineForHealthyPipelineSafeModeRule] INFO  safemode.SCMSafeModeManager (HealthyPipelineSafeModeRule.java:process(124)) - SCM in safe mode. Healthy pipelines reported count is 0, required healthy pipeline reported count is 1
2022-05-17 16:34:49,863 [a8e0e0ea-0af8-471c-ad2e-f664ca234674@group-7C3B9C31CD03-LeaderElection39] INFO  server.RaftServer$Division (ServerState.java:setRaftConf(387)) - a8e0e0ea-0af8-471c-ad2e-f664ca234674@group-7C3B9C31CD03: set configuration 0: [a8e0e0ea-0af8-471c-ad2e-f664ca234674|rpc:10.1.0.54:43125|dataStream:|priority:1], old=null
2022-05-17 16:34:49,888 [a8e0e0ea-0af8-471c-ad2e-f664ca234674@group-7C3B9C31CD03-SegmentedRaftLogWorker] INFO  segmented.SegmentedRaftLogWorker (SegmentedRaftLogWorker.java:execute(601)) - a8e0e0ea-0af8-471c-ad2e-f664ca234674@group-7C3B9C31CD03-SegmentedRaftLogWorker: created new log segment /home/runner/work/ozone/ozone/hadoop-ozone/integration-test/target/test-dir/MiniOzoneClusterImpl-d2fea7e1-e609-4d74-a07d-874ef1f8e340/datanode-0/data/ratis/487bbc29-8ef7-4f0e-a88a-7c3b9c31cd03/current/log_inprogress_0
2022-05-17 16:34:50,030 [a8e0e0ea-0af8-471c-ad2e-f664ca234674@group-D45CB2820EE8-FollowerState] INFO  impl.FollowerState (FollowerState.java:run(134)) - a8e0e0ea-0af8-471c-ad2e-f664ca234674@group-D45CB2820EE8-FollowerState: change to CANDIDATE, lastRpcElapsedTime:5170984745ns, electionTimeout:5168ms
2022-05-17 16:34:50,030 [a8e0e0ea-0af8-471c-ad2e-f664ca234674@group-D45CB2820EE8-FollowerState] INFO  impl.RoleInfo (RoleInfo.java:shutdownFollowerState(108)) - a8e0e0ea-0af8-471c-ad2e-f664ca234674: shutdown a8e0e0ea-0af8-471c-ad2e-f664ca234674@group-D45CB2820EE8-FollowerState
2022-05-17 16:34:50,030 [a8e0e0ea-0af8-471c-ad2e-f664ca234674@group-D45CB2820EE8-FollowerState] INFO  server.RaftServer$Division (RaftServerImpl.java:setRole(290)) - a8e0e0ea-0af8-471c-ad2e-f664ca234674@group-D45CB2820EE8: changes role from  FOLLOWER to CANDIDATE at term 0 for changeToCandidate
2022-05-17 16:34:50,030 [a8e0e0ea-0af8-471c-ad2e-f664ca234674@group-D45CB2820EE8-FollowerState] INFO  server.RaftServerConfigKeys (ConfUtils.java:logGet(44)) - raft.server.leaderelection.pre-vote = false (custom)
2022-05-17 16:34:50,030 [a8e0e0ea-0af8-471c-ad2e-f664ca234674@group-D45CB2820EE8-FollowerState] INFO  impl.RoleInfo (RoleInfo.java:updateAndGet(130)) - a8e0e0ea-0af8-471c-ad2e-f664ca234674: start a8e0e0ea-0af8-471c-ad2e-f664ca234674@group-D45CB2820EE8-LeaderElection40
2022-05-17 16:34:50,044 [2c70115f-daca-4852-bdac-0bd87390dcd6@group-D45CB2820EE8-FollowerState] INFO  impl.FollowerState (FollowerState.java:run(134)) - 2c70115f-daca-4852-bdac-0bd87390dcd6@group-D45CB2820EE8-FollowerState: change to CANDIDATE, lastRpcElapsedTime:5043773142ns, electionTimeout:5034ms
2022-05-17 16:34:50,044 [2c70115f-daca-4852-bdac-0bd87390dcd6@group-D45CB2820EE8-FollowerState] INFO  impl.RoleInfo (RoleInfo.java:shutdownFollowerState(108)) - 2c70115f-daca-4852-bdac-0bd87390dcd6: shutdown 2c70115f-daca-4852-bdac-0bd87390dcd6@group-D45CB2820EE8-FollowerState
2022-05-17 16:34:50,044 [2c70115f-daca-4852-bdac-0bd87390dcd6@group-D45CB2820EE8-FollowerState] INFO  server.RaftServer$Division (RaftServerImpl.java:setRole(290)) - 2c70115f-daca-4852-bdac-0bd87390dcd6@group-D45CB2820EE8: changes role from  FOLLOWER to CANDIDATE at term 0 for changeToCandidate
2022-05-17 16:34:50,045 [2c70115f-daca-4852-bdac-0bd87390dcd6@group-D45CB2820EE8-FollowerState] INFO  server.RaftServerConfigKeys (ConfUtils.java:logGet(44)) - raft.server.leaderelection.pre-vote = false (custom)
2022-05-17 16:34:50,045 [2c70115f-daca-4852-bdac-0bd87390dcd6@group-D45CB2820EE8-FollowerState] INFO  impl.RoleInfo (RoleInfo.java:updateAndGet(130)) - 2c70115f-daca-4852-bdac-0bd87390dcd6: start 2c70115f-daca-4852-bdac-0bd87390dcd6@group-D45CB2820EE8-LeaderElection41
2022-05-17 16:34:50,066 [a8e0e0ea-0af8-471c-ad2e-f664ca234674@group-D45CB2820EE8-LeaderElection40] INFO  impl.LeaderElection (LeaderElection.java:askForVotes(306)) - a8e0e0ea-0af8-471c-ad2e-f664ca234674@group-D45CB2820EE8-LeaderElection40 ELECTION round 0: submit vote requests at term 1 for -1: [2c70115f-daca-4852-bdac-0bd87390dcd6|rpc:10.1.0.54:41881|priority:0, 5d7a279a-acc0-4bf9-857e-0841bbf9d651|rpc:10.1.0.54:35925|priority:0, a8e0e0ea-0af8-471c-ad2e-f664ca234674|rpc:10.1.0.54:43125|priority:1], old=null
2022-05-17 16:34:50,073 [2c70115f-daca-4852-bdac-0bd87390dcd6@group-D45CB2820EE8-LeaderElection41] INFO  impl.LeaderElection (LeaderElection.java:askForVotes(306)) - 2c70115f-daca-4852-bdac-0bd87390dcd6@group-D45CB2820EE8-LeaderElection41 ELECTION round 0: submit vote requests at term 1 for -1: [2c70115f-daca-4852-bdac-0bd87390dcd6|rpc:10.1.0.54:41881|dataStream:|priority:0, 5d7a279a-acc0-4bf9-857e-0841bbf9d651|rpc:10.1.0.54:35925|dataStream:|priority:0, a8e0e0ea-0af8-471c-ad2e-f664ca234674|rpc:10.1.0.54:43125|dataStream:|priority:1], old=null
2022-05-17 16:34:50,186 [grpc-default-executor-0] INFO  server.RaftServer$Division (RaftServerImpl.java:requestVote(1046)) - 5d7a279a-acc0-4bf9-857e-0841bbf9d651@group-D45CB2820EE8: receive requestVote(ELECTION, a8e0e0ea-0af8-471c-ad2e-f664ca234674, group-D45CB2820EE8, 1, (t:0, i:0))
2022-05-17 16:34:50,186 [grpc-default-executor-0] INFO  impl.VoteContext (VoteContext.java:log(48)) - 5d7a279a-acc0-4bf9-857e-0841bbf9d651@group-D45CB2820EE8-FOLLOWER: accept ELECTION from a8e0e0ea-0af8-471c-ad2e-f664ca234674: our priority 0 <= candidate's priority 1
2022-05-17 16:34:50,186 [grpc-default-executor-0] INFO  server.RaftServer$Division (RaftServerImpl.java:setRole(290)) - 5d7a279a-acc0-4bf9-857e-0841bbf9d651@group-D45CB2820EE8: changes role from  FOLLOWER to FOLLOWER at term 1 for candidate:a8e0e0ea-0af8-471c-ad2e-f664ca234674
2022-05-17 16:34:50,186 [grpc-default-executor-0] INFO  impl.RoleInfo (RoleInfo.java:shutdownFollowerState(108)) - 5d7a279a-acc0-4bf9-857e-0841bbf9d651: shutdown 5d7a279a-acc0-4bf9-857e-0841bbf9d651@group-D45CB2820EE8-FollowerState
2022-05-17 16:34:50,186 [grpc-default-executor-0] INFO  impl.RoleInfo (RoleInfo.java:updateAndGet(130)) - 5d7a279a-acc0-4bf9-857e-0841bbf9d651: start 5d7a279a-acc0-4bf9-857e-0841bbf9d651@group-D45CB2820EE8-FollowerState
2022-05-17 16:34:50,186 [5d7a279a-acc0-4bf9-857e-0841bbf9d651@group-D45CB2820EE8-FollowerState] INFO  impl.FollowerState (FollowerState.java:run(143)) - 5d7a279a-acc0-4bf9-857e-0841bbf9d651@group-D45CB2820EE8-FollowerState was interrupted: {}
java.lang.InterruptedException: sleep interrupted
	at java.lang.Thread.sleep(Native Method)
	at java.lang.Thread.sleep(Thread.java:342)
	at java.util.concurrent.TimeUnit.sleep(TimeUnit.java:386)
	at org.apache.ratis.util.TimeDuration.sleep(TimeDuration.java:324)
	at org.apache.ratis.util.TimeDuration.sleep(TimeDuration.java:309)
	at org.apache.ratis.server.impl.FollowerState.run(FollowerState.java:118)
2022-05-17 16:34:50,193 [grpc-default-executor-1] INFO  server.RaftServer$Division (RaftServerImpl.java:requestVote(1046)) - a8e0e0ea-0af8-471c-ad2e-f664ca234674@group-D45CB2820EE8: receive requestVote(ELECTION, 2c70115f-daca-4852-bdac-0bd87390dcd6, group-D45CB2820EE8, 1, (t:0, i:0))
2022-05-17 16:34:50,198 [grpc-default-executor-1] INFO  impl.VoteContext (VoteContext.java:log(48)) - a8e0e0ea-0af8-471c-ad2e-f664ca234674@group-D45CB2820EE8-CANDIDATE: reject ELECTION from 2c70115f-daca-4852-bdac-0bd87390dcd6: already has voted for a8e0e0ea-0af8-471c-ad2e-f664ca234674 at current term 1
2022-05-17 16:34:50,198 [grpc-default-executor-1] INFO  server.RaftServer$Division (RaftServerImpl.java:requestVote(1078)) - a8e0e0ea-0af8-471c-ad2e-f664ca234674@group-D45CB2820EE8 replies to ELECTION vote request: 2c70115f-daca-4852-bdac-0bd87390dcd6<-a8e0e0ea-0af8-471c-ad2e-f664ca234674#0:FAIL-t1. Peer's state: a8e0e0ea-0af8-471c-ad2e-f664ca234674@group-D45CB2820EE8:t1, leader=null, voted=a8e0e0ea-0af8-471c-ad2e-f664ca234674, raftlog=a8e0e0ea-0af8-471c-ad2e-f664ca234674@group-D45CB2820EE8-SegmentedRaftLog:OPENED:c-1, conf=-1: [2c70115f-daca-4852-bdac-0bd87390dcd6|rpc:10.1.0.54:41881|priority:0, 5d7a279a-acc0-4bf9-857e-0841bbf9d651|rpc:10.1.0.54:35925|priority:0, a8e0e0ea-0af8-471c-ad2e-f664ca234674|rpc:10.1.0.54:43125|priority:1], old=null
2022-05-17 16:34:50,193 [grpc-default-executor-0] INFO  server.RaftServer$Division (RaftServerImpl.java:requestVote(1078)) - 5d7a279a-acc0-4bf9-857e-0841bbf9d651@group-D45CB2820EE8 replies to ELECTION vote request: a8e0e0ea-0af8-471c-ad2e-f664ca234674<-5d7a279a-acc0-4bf9-857e-0841bbf9d651#0:OK-t1. Peer's state: 5d7a279a-acc0-4bf9-857e-0841bbf9d651@group-D45CB2820EE8:t1, leader=null, voted=a8e0e0ea-0af8-471c-ad2e-f664ca234674, raftlog=5d7a279a-acc0-4bf9-857e-0841bbf9d651@group-D45CB2820EE8-SegmentedRaftLog:OPENED:c-1, conf=-1: [2c70115f-daca-4852-bdac-0bd87390dcd6|rpc:10.1.0.54:41881|dataStream:|priority:0, 5d7a279a-acc0-4bf9-857e-0841bbf9d651|rpc:10.1.0.54:35925|dataStream:|priority:0, a8e0e0ea-0af8-471c-ad2e-f664ca234674|rpc:10.1.0.54:43125|dataStream:|priority:1], old=null
2022-05-17 16:34:50,190 [grpc-default-executor-2] INFO  server.RaftServer$Division (RaftServerImpl.java:requestVote(1046)) - 2c70115f-daca-4852-bdac-0bd87390dcd6@group-D45CB2820EE8: receive requestVote(ELECTION, a8e0e0ea-0af8-471c-ad2e-f664ca234674, group-D45CB2820EE8, 1, (t:0, i:0))
2022-05-17 16:34:50,201 [grpc-default-executor-2] INFO  impl.VoteContext (VoteContext.java:log(48)) - 2c70115f-daca-4852-bdac-0bd87390dcd6@group-D45CB2820EE8-CANDIDATE: reject ELECTION from a8e0e0ea-0af8-471c-ad2e-f664ca234674: already has voted for 2c70115f-daca-4852-bdac-0bd87390dcd6 at current term 1
2022-05-17 16:34:50,201 [grpc-default-executor-2] INFO  server.RaftServer$Division (RaftServerImpl.java:requestVote(1078)) - 2c70115f-daca-4852-bdac-0bd87390dcd6@group-D45CB2820EE8 replies to ELECTION vote request: a8e0e0ea-0af8-471c-ad2e-f664ca234674<-2c70115f-daca-4852-bdac-0bd87390dcd6#0:FAIL-t1. Peer's state: 2c70115f-daca-4852-bdac-0bd87390dcd6@group-D45CB2820EE8:t1, leader=null, voted=2c70115f-daca-4852-bdac-0bd87390dcd6, raftlog=2c70115f-daca-4852-bdac-0bd87390dcd6@group-D45CB2820EE8-SegmentedRaftLog:OPENED:c-1, conf=-1: [2c70115f-daca-4852-bdac-0bd87390dcd6|rpc:10.1.0.54:41881|dataStream:|priority:0, 5d7a279a-acc0-4bf9-857e-0841bbf9d651|rpc:10.1.0.54:35925|dataStream:|priority:0, a8e0e0ea-0af8-471c-ad2e-f664ca234674|rpc:10.1.0.54:43125|dataStream:|priority:1], old=null
2022-05-17 16:34:50,203 [a8e0e0ea-0af8-471c-ad2e-f664ca234674@group-D45CB2820EE8-LeaderElection40] INFO  impl.LeaderElection (LeaderElection.java:logAndReturn(89)) - a8e0e0ea-0af8-471c-ad2e-f664ca234674@group-D45CB2820EE8-LeaderElection40: ELECTION PASSED received 1 response(s) and 0 exception(s):
2022-05-17 16:34:50,204 [a8e0e0ea-0af8-471c-ad2e-f664ca234674@group-D45CB2820EE8-LeaderElection40] INFO  impl.LeaderElection (LeaderElection.java:logAndReturn(93)) -   Response 0: a8e0e0ea-0af8-471c-ad2e-f664ca234674<-5d7a279a-acc0-4bf9-857e-0841bbf9d651#0:OK-t1
2022-05-17 16:34:50,204 [a8e0e0ea-0af8-471c-ad2e-f664ca234674@group-D45CB2820EE8-LeaderElection40] INFO  impl.LeaderElection (LeaderElection.java:askForVotes(308)) - a8e0e0ea-0af8-471c-ad2e-f664ca234674@group-D45CB2820EE8-LeaderElection40 ELECTION round 0: result PASSED
2022-05-17 16:34:50,204 [a8e0e0ea-0af8-471c-ad2e-f664ca234674@group-D45CB2820EE8-LeaderElection40] INFO  impl.RoleInfo (RoleInfo.java:shutdownLeaderElection(121)) - a8e0e0ea-0af8-471c-ad2e-f664ca234674: shutdown a8e0e0ea-0af8-471c-ad2e-f664ca234674@group-D45CB2820EE8-LeaderElection40
2022-05-17 16:34:50,204 [a8e0e0ea-0af8-471c-ad2e-f664ca234674@group-D45CB2820EE8-LeaderElection40] INFO  server.RaftServer$Division (RaftServerImpl.java:setRole(290)) - a8e0e0ea-0af8-471c-ad2e-f664ca234674@group-D45CB2820EE8: changes role from CANDIDATE to LEADER at term 1 for changeToLeader
2022-05-17 16:34:50,204 [a8e0e0ea-0af8-471c-ad2e-f664ca234674@group-D45CB2820EE8-LeaderElection40] INFO  ratis.XceiverServerRatis (XceiverServerRatis.java:handleLeaderChangedNotification(863)) - Leader change notification received for group: group-D45CB2820EE8 with new leaderId: a8e0e0ea-0af8-471c-ad2e-f664ca234674
2022-05-17 16:34:50,205 [a8e0e0ea-0af8-471c-ad2e-f664ca234674@group-D45CB2820EE8-LeaderElection40] INFO  server.RaftServer$Division (ServerState.java:setLeader(285)) - a8e0e0ea-0af8-471c-ad2e-f664ca234674@group-D45CB2820EE8: change Leader from null to a8e0e0ea-0af8-471c-ad2e-f664ca234674 at term 1 for becomeLeader, leader elected after 5373ms
2022-05-17 16:34:50,205 [a8e0e0ea-0af8-471c-ad2e-f664ca234674@group-D45CB2820EE8-LeaderElection40] INFO  server.RaftServerConfigKeys (ConfUtils.java:logGet(44)) - raft.server.staging.catchup.gap = 1000 (default)
2022-05-17 16:34:50,205 [a8e0e0ea-0af8-471c-ad2e-f664ca234674@group-D45CB2820EE8-LeaderElection40] INFO  server.RaftServerConfigKeys (ConfUtils.java:logGet(44)) - raft.server.write.element-limit = 1024 (custom)
2022-05-17 16:34:50,205 [a8e0e0ea-0af8-471c-ad2e-f664ca234674@group-D45CB2820EE8-LeaderElection40] INFO  server.RaftServerConfigKeys (ConfUtils.java:logGet(44)) - raft.server.write.byte-limit = 1024 M (=1073741824) (custom)
2022-05-17 16:34:50,206 [a8e0e0ea-0af8-471c-ad2e-f664ca234674@group-D45CB2820EE8-LeaderElection40] INFO  server.RaftServerConfigKeys (ConfUtils.java:logGet(44)) - raft.server.watch.timeout = 180s (custom)
2022-05-17 16:34:50,206 [a8e0e0ea-0af8-471c-ad2e-f664ca234674@group-D45CB2820EE8-LeaderElection40] INFO  server.RaftServerConfigKeys (ConfUtils.java:logGet(44)) - raft.server.watch.timeout.denomination = 1s (default)
2022-05-17 16:34:50,206 [a8e0e0ea-0af8-471c-ad2e-f664ca234674@group-D45CB2820EE8-LeaderElection40] INFO  server.RaftServerConfigKeys (ConfUtils.java:logGet(44)) - raft.server.watch.element-limit = 65536 (default)
2022-05-17 16:34:50,206 [a8e0e0ea-0af8-471c-ad2e-f664ca234674@group-D45CB2820EE8-LeaderElection40] INFO  server.RaftServerConfigKeys (ConfUtils.java:logGet(44)) - raft.server.write.element-limit = 1024 (custom)
2022-05-17 16:34:50,206 [a8e0e0ea-0af8-471c-ad2e-f664ca234674@group-D45CB2820EE8-LeaderElection40] INFO  server.RaftServerConfigKeys (ConfUtils.java:logGet(44)) - raft.server.write.follower.gap.ratio.max = -1.0 (default)
2022-05-17 16:34:50,206 [a8e0e0ea-0af8-471c-ad2e-f664ca234674@group-D45CB2820EE8-LeaderElection40] INFO  server.RaftServerConfigKeys (ConfUtils.java:logGet(44)) - raft.server.log.appender.snapshot.chunk.size.max = 16MB (=16777216) (default)
2022-05-17 16:34:50,206 [a8e0e0ea-0af8-471c-ad2e-f664ca234674@group-D45CB2820EE8-LeaderElection40] INFO  server.RaftServerConfigKeys (ConfUtils.java:logGet(44)) - raft.server.log.appender.buffer.byte-limit = 33554432 (custom)
2022-05-17 16:34:50,206 [a8e0e0ea-0af8-471c-ad2e-f664ca234674@group-D45CB2820EE8-LeaderElection40] INFO  server.RaftServerConfigKeys (ConfUtils.java:logGet(44)) - raft.server.log.appender.buffer.element-limit = 1 (custom)
2022-05-17 16:34:50,206 [a8e0e0ea-0af8-471c-ad2e-f664ca234674@group-D45CB2820EE8-LeaderElection40] INFO  grpc.GrpcConfigKeys (ConfUtils.java:logGet(44)) - raft.grpc.server.leader.outstanding.appends.max = 128 (default)
2022-05-17 16:34:50,206 [a8e0e0ea-0af8-471c-ad2e-f664ca234674@group-D45CB2820EE8-LeaderElection40] INFO  server.RaftServerConfigKeys (ConfUtils.java:logGet(44)) - raft.server.rpc.request.timeout = 60s (custom)
2022-05-17 16:34:50,206 [a8e0e0ea-0af8-471c-ad2e-f664ca234674@group-D45CB2820EE8-LeaderElection40] INFO  server.RaftServerConfigKeys (ConfUtils.java:logGet(44)) - raft.server.log.appender.install.snapshot.enabled = false (custom)
2022-05-17 16:34:50,208 [a8e0e0ea-0af8-471c-ad2e-f664ca234674@group-D45CB2820EE8-LeaderElection40] INFO  server.RaftServerConfigKeys (ConfUtils.java:logGet(44)) - raft.server.log.appender.snapshot.chunk.size.max = 16MB (=16777216) (default)
2022-05-17 16:34:50,208 [a8e0e0ea-0af8-471c-ad2e-f664ca234674@group-D45CB2820EE8-LeaderElection40] INFO  server.RaftServerConfigKeys (ConfUtils.java:logGet(44)) - raft.server.log.appender.buffer.byte-limit = 33554432 (custom)
2022-05-17 16:34:50,208 [a8e0e0ea-0af8-471c-ad2e-f664ca234674@group-D45CB2820EE8-LeaderElection40] INFO  server.RaftServerConfigKeys (ConfUtils.java:logGet(44)) - raft.server.log.appender.buffer.element-limit = 1 (custom)
2022-05-17 16:34:50,208 [a8e0e0ea-0af8-471c-ad2e-f664ca234674@group-D45CB2820EE8-LeaderElection40] INFO  grpc.GrpcConfigKeys (ConfUtils.java:logGet(44)) - raft.grpc.server.leader.outstanding.appends.max = 128 (default)
2022-05-17 16:34:50,208 [a8e0e0ea-0af8-471c-ad2e-f664ca234674@group-D45CB2820EE8-LeaderElection40] INFO  server.RaftServerConfigKeys (ConfUtils.java:logGet(44)) - raft.server.rpc.request.timeout = 60s (custom)
2022-05-17 16:34:50,208 [a8e0e0ea-0af8-471c-ad2e-f664ca234674@group-D45CB2820EE8-LeaderElection40] INFO  server.RaftServerConfigKeys (ConfUtils.java:logGet(44)) - raft.server.log.appender.install.snapshot.enabled = false (custom)
2022-05-17 16:34:50,209 [a8e0e0ea-0af8-471c-ad2e-f664ca234674@group-D45CB2820EE8-LeaderElection40] INFO  impl.RoleInfo (RoleInfo.java:updateAndGet(130)) - a8e0e0ea-0af8-471c-ad2e-f664ca234674: start a8e0e0ea-0af8-471c-ad2e-f664ca234674@group-D45CB2820EE8-LeaderStateImpl
2022-05-17 16:34:50,211 [EventQueue-PipelineReportForPipelineReportHandler] INFO  pipeline.PipelineManagerImpl (PipelineManagerImpl.java:openPipeline(336)) - Pipeline Pipeline[ Id: 3feebc73-2228-4c42-8f2f-d45cb2820ee8, Nodes: a8e0e0ea-0af8-471c-ad2e-f664ca234674{ip: 10.1.0.54, host: fv-az297-879.nmf1rxwemy4u5di1sxxf4ejcwb.jx.internal.cloudapp.net, ports: [REPLICATION=43255, RATIS=43125, RATIS_ADMIN=43125, RATIS_SERVER=43125, STANDALONE=35489], networkLocation: /default-rack, certSerialId: null, persistedOpState: IN_SERVICE, persistedOpStateExpiryEpochSec: 0}2c70115f-daca-4852-bdac-0bd87390dcd6{ip: 10.1.0.54, host: fv-az297-879.nmf1rxwemy4u5di1sxxf4ejcwb.jx.internal.cloudapp.net, ports: [REPLICATION=39765, RATIS=41881, RATIS_ADMIN=41881, RATIS_SERVER=41881, STANDALONE=46663], networkLocation: /default-rack, certSerialId: null, persistedOpState: IN_SERVICE, persistedOpStateExpiryEpochSec: 0}5d7a279a-acc0-4bf9-857e-0841bbf9d651{ip: 10.1.0.54, host: fv-az297-879.nmf1rxwemy4u5di1sxxf4ejcwb.jx.internal.cloudapp.net, ports: [REPLICATION=38697, RATIS=35925, RATIS_ADMIN=35925, RATIS_SERVER=35925, STANDALONE=37119], networkLocation: /default-rack, certSerialId: null, persistedOpState: IN_SERVICE, persistedOpStateExpiryEpochSec: 0}, ReplicationConfig: RATIS/THREE, State:ALLOCATED, leaderId:a8e0e0ea-0af8-471c-ad2e-f664ca234674, CreationTimestamp2022-05-17T16:34:43.390Z[Etc/UTC]] moved to OPEN state
2022-05-17 16:34:50,234 [EventQueue-OpenPipelineForHealthyPipelineSafeModeRule] INFO  safemode.SCMSafeModeManager (HealthyPipelineSafeModeRule.java:process(124)) - SCM in safe mode. Healthy pipelines reported count is 0, required healthy pipeline reported count is 1
2022-05-17 16:34:50,234 [EventQueue-OpenPipelineForHealthyPipelineSafeModeRule] INFO  safemode.SCMSafeModeManager (HealthyPipelineSafeModeRule.java:process(124)) - SCM in safe mode. Healthy pipelines reported count is 1, required healthy pipeline reported count is 1
2022-05-17 16:34:50,234 [EventQueue-OpenPipelineForHealthyPipelineSafeModeRule] INFO  safemode.SCMSafeModeManager (SCMSafeModeManager.java:validateSafeModeExitRules(204)) - HealthyPipelineSafeModeRule rule is successfully validated
2022-05-17 16:34:50,234 [EventQueue-OpenPipelineForHealthyPipelineSafeModeRule] INFO  safemode.SCMSafeModeManager (SCMSafeModeManager.java:validateSafeModeExitRules(219)) - ScmSafeModeManager, all rules are successfully validated
2022-05-17 16:34:50,234 [EventQueue-OpenPipelineForHealthyPipelineSafeModeRule] INFO  safemode.SCMSafeModeManager (SCMSafeModeManager.java:exitSafeMode(248)) - SCM exiting safe mode.
2022-05-17 16:34:50,234 [EventQueue-OpenPipelineForHealthyPipelineSafeModeRule] WARN  events.EventQueue (EventQueue.java:fireEvent(194)) - No event handler registered for event TypedEvent{payloadType=SafeModeStatus, name='Safe mode status'}
2022-05-17 16:34:50,234 [EventQueue-OpenPipelineForHealthyPipelineSafeModeRule] INFO  ha.SCMContext (SCMContext.java:updateSafeModeStatus(211)) - Update SafeModeStatus from SafeModeStatus{safeModeStatus=true, preCheckPassed=true} to SafeModeStatus{safeModeStatus=false, preCheckPassed=true}.
2022-05-17 16:34:50,234 [EventQueue-OpenPipelineForHealthyPipelineSafeModeRule] INFO  pipeline.BackgroundPipelineCreator (BackgroundPipelineCreator.java:notifyStatusChanged(251)) - Service BackgroundPipelineCreator transitions to RUNNING.
2022-05-17 16:34:50,234 [EventQueue-OpenPipelineForHealthyPipelineSafeModeRule] INFO  pipeline.BackgroundPipelineScrubber (BackgroundPipelineScrubber.java:notifyStatusChanged(88)) - Service BackgroundPipelineScrubber transitions to RUNNING.
2022-05-17 16:34:50,235 [EventQueue-OpenPipelineForHealthyPipelineSafeModeRule] INFO  replication.ReplicationManager (ReplicationManager.java:notifyStatusChanged(369)) - Service ReplicationManager transitions to RUNNING.
2022-05-17 16:34:50,237 [a8e0e0ea-0af8-471c-ad2e-f664ca234674@group-D45CB2820EE8-LeaderElection40] INFO  segmented.SegmentedRaftLogWorker (SegmentedRaftLogWorker.java:startLogSegment(394)) - a8e0e0ea-0af8-471c-ad2e-f664ca234674@group-D45CB2820EE8-SegmentedRaftLogWorker: Starting segment from index:0
2022-05-17 16:34:50,240 [2c70115f-daca-4852-bdac-0bd87390dcd6@group-D45CB2820EE8-LeaderElection41] INFO  impl.LeaderElection (LeaderElection.java:logAndReturn(89)) - 2c70115f-daca-4852-bdac-0bd87390dcd6@group-D45CB2820EE8-LeaderElection41: ELECTION REJECTED received 1 response(s) and 0 exception(s):
2022-05-17 16:34:50,240 [2c70115f-daca-4852-bdac-0bd87390dcd6@group-D45CB2820EE8-LeaderElection41] INFO  impl.LeaderElection (LeaderElection.java:logAndReturn(93)) -   Response 0: 2c70115f-daca-4852-bdac-0bd87390dcd6<-a8e0e0ea-0af8-471c-ad2e-f664ca234674#0:FAIL-t1
2022-05-17 16:34:50,243 [a8e0e0ea-0af8-471c-ad2e-f664ca234674@group-D45CB2820EE8-SegmentedRaftLogWorker] INFO  segmented.SegmentedRaftLogWorker (SegmentedRaftLogWorker.java:execute(601)) - a8e0e0ea-0af8-471c-ad2e-f664ca234674@group-D45CB2820EE8-SegmentedRaftLogWorker: created new log segment /home/runner/work/ozone/ozone/hadoop-ozone/integration-test/target/test-dir/MiniOzoneClusterImpl-d2fea7e1-e609-4d74-a07d-874ef1f8e340/datanode-0/data/ratis/3feebc73-2228-4c42-8f2f-d45cb2820ee8/current/log_inprogress_0
2022-05-17 16:34:50,253 [2c70115f-daca-4852-bdac-0bd87390dcd6@group-D45CB2820EE8-LeaderElection41] INFO  impl.LeaderElection (LeaderElection.java:askForVotes(308)) - 2c70115f-daca-4852-bdac-0bd87390dcd6@group-D45CB2820EE8-LeaderElection41 ELECTION round 0: result REJECTED
2022-05-17 16:34:50,254 [2c70115f-daca-4852-bdac-0bd87390dcd6@group-D45CB2820EE8-LeaderElection41] INFO  server.RaftServer$Division (RaftServerImpl.java:setRole(290)) - 2c70115f-daca-4852-bdac-0bd87390dcd6@group-D45CB2820EE8: changes role from CANDIDATE to FOLLOWER at term 1 for REJECTED
2022-05-17 16:34:50,254 [2c70115f-daca-4852-bdac-0bd87390dcd6@group-D45CB2820EE8-LeaderElection41] INFO  impl.RoleInfo (RoleInfo.java:shutdownLeaderElection(121)) - 2c70115f-daca-4852-bdac-0bd87390dcd6: shutdown 2c70115f-daca-4852-bdac-0bd87390dcd6@group-D45CB2820EE8-LeaderElection41
2022-05-17 16:34:50,273 [grpc-default-executor-0] INFO  ratis.XceiverServerRatis (XceiverServerRatis.java:handleLeaderChangedNotification(863)) - Leader change notification received for group: group-D45CB2820EE8 with new leaderId: a8e0e0ea-0af8-471c-ad2e-f664ca234674
2022-05-17 16:34:50,273 [grpc-default-executor-0] INFO  server.RaftServer$Division (ServerState.java:setLeader(285)) - 5d7a279a-acc0-4bf9-857e-0841bbf9d651@group-D45CB2820EE8: change Leader from null to a8e0e0ea-0af8-471c-ad2e-f664ca234674 at term 1 for appendEntries, leader elected after 5163ms
2022-05-17 16:34:50,301 [Listener at 127.0.0.1/40445] INFO  ozone.MiniOzoneClusterImpl (MiniOzoneClusterImpl.java:lambda$waitForClusterToBeReady$0(221)) - Nodes are ready. Got 3 of 3 DN Heartbeats.
2022-05-17 16:34:50,301 [Listener at 127.0.0.1/40445] INFO  ozone.MiniOzoneClusterImpl (MiniOzoneClusterImpl.java:lambda$waitForClusterToBeReady$0(224)) - Cluster exits safe mode
2022-05-17 16:34:50,301 [Listener at 127.0.0.1/40445] INFO  ozone.MiniOzoneClusterImpl (MiniOzoneClusterImpl.java:lambda$waitForClusterToBeReady$0(226)) - SCM became leader
2022-05-17 16:34:50,324 [2c70115f-daca-4852-bdac-0bd87390dcd6@group-D45CB2820EE8-LeaderElection41] INFO  impl.RoleInfo (RoleInfo.java:updateAndGet(130)) - 2c70115f-daca-4852-bdac-0bd87390dcd6: start 2c70115f-daca-4852-bdac-0bd87390dcd6@group-D45CB2820EE8-FollowerState
]]></system-out>
    </rerunFailure>
    <rerunFailure type="java.lang.AssertionError">
      <stackTrace><![CDATA[java.lang.AssertionError
	at org.junit.Assert.fail(Assert.java:87)
	at org.junit.Assert.assertTrue(Assert.java:42)
	at org.junit.Assert.assertTrue(Assert.java:53)
	at org.apache.hadoop.hdds.scm.TestRatisPipelineLeader.testLeaderIdAfterLeaderChange(TestRatisPipelineLeader.java:119)
	at sun.reflect.NativeMethodAccessorImpl.invoke0(Native Method)
	at sun.reflect.NativeMethodAccessorImpl.invoke(NativeMethodAccessorImpl.java:62)
	at sun.reflect.DelegatingMethodAccessorImpl.invoke(DelegatingMethodAccessorImpl.java:43)
	at java.lang.reflect.Method.invoke(Method.java:498)
	at org.junit.platform.commons.util.ReflectionUtils.invokeMethod(ReflectionUtils.java:688)
	at org.junit.jupiter.engine.execution.MethodInvocation.proceed(MethodInvocation.java:60)
	at org.junit.jupiter.engine.execution.InvocationInterceptorChain$ValidatingInvocation.proceed(InvocationInterceptorChain.java:131)
	at org.junit.jupiter.engine.extension.TimeoutInvocation.proceed(TimeoutInvocation.java:46)
	at org.junit.jupiter.engine.extension.TimeoutExtension.intercept(TimeoutExtension.java:149)
	at org.junit.jupiter.engine.extension.TimeoutExtension.interceptTestableMethod(TimeoutExtension.java:140)
	at org.junit.jupiter.engine.extension.TimeoutExtension.interceptTestMethod(TimeoutExtension.java:84)
	at org.junit.jupiter.engine.execution.ExecutableInvoker$ReflectiveInterceptorCall.lambda$ofVoidMethod$0(ExecutableInvoker.java:115)
	at org.junit.jupiter.engine.execution.ExecutableInvoker.lambda$invoke$0(ExecutableInvoker.java:105)
	at org.junit.jupiter.engine.execution.InvocationInterceptorChain$InterceptedInvocation.proceed(InvocationInterceptorChain.java:106)
	at org.junit.jupiter.engine.execution.InvocationInterceptorChain.proceed(InvocationInterceptorChain.java:64)
	at org.junit.jupiter.engine.execution.InvocationInterceptorChain.chainAndInvoke(InvocationInterceptorChain.java:45)
	at org.junit.jupiter.engine.execution.InvocationInterceptorChain.invoke(InvocationInterceptorChain.java:37)
	at org.junit.jupiter.engine.execution.ExecutableInvoker.invoke(ExecutableInvoker.java:104)
	at org.junit.jupiter.engine.execution.ExecutableInvoker.invoke(ExecutableInvoker.java:98)
	at org.junit.jupiter.engine.descriptor.TestMethodTestDescriptor.lambda$invokeTestMethod$6(TestMethodTestDescriptor.java:210)
	at org.junit.platform.engine.support.hierarchical.ThrowableCollector.execute(ThrowableCollector.java:73)
	at org.junit.jupiter.engine.descriptor.TestMethodTestDescriptor.invokeTestMethod(TestMethodTestDescriptor.java:206)
	at org.junit.jupiter.engine.descriptor.TestMethodTestDescriptor.execute(TestMethodTestDescriptor.java:131)
	at org.junit.jupiter.engine.descriptor.TestMethodTestDescriptor.execute(TestMethodTestDescriptor.java:65)
	at org.junit.platform.engine.support.hierarchical.NodeTestTask.lambda$executeRecursively$5(NodeTestTask.java:139)
	at org.junit.platform.engine.support.hierarchical.ThrowableCollector.execute(ThrowableCollector.java:73)
	at org.junit.platform.engine.support.hierarchical.NodeTestTask.lambda$executeRecursively$7(NodeTestTask.java:129)
	at org.junit.platform.engine.support.hierarchical.Node.around(Node.java:137)
	at org.junit.platform.engine.support.hierarchical.NodeTestTask.lambda$executeRecursively$8(NodeTestTask.java:127)
	at org.junit.platform.engine.support.hierarchical.ThrowableCollector.execute(ThrowableCollector.java:73)
	at org.junit.platform.engine.support.hierarchical.NodeTestTask.executeRecursively(NodeTestTask.java:126)
	at org.junit.platform.engine.support.hierarchical.NodeTestTask.execute(NodeTestTask.java:84)
	at java.util.ArrayList.forEach(ArrayList.java:1259)
	at org.junit.platform.engine.support.hierarchical.SameThreadHierarchicalTestExecutorService.invokeAll(SameThreadHierarchicalTestExecutorService.java:38)
	at org.junit.platform.engine.support.hierarchical.NodeTestTask.lambda$executeRecursively$5(NodeTestTask.java:143)
	at org.junit.platform.engine.support.hierarchical.ThrowableCollector.execute(ThrowableCollector.java:73)
	at org.junit.platform.engine.support.hierarchical.NodeTestTask.lambda$executeRecursively$7(NodeTestTask.java:129)
	at org.junit.platform.engine.support.hierarchical.Node.around(Node.java:137)
	at org.junit.platform.engine.support.hierarchical.NodeTestTask.lambda$executeRecursively$8(NodeTestTask.java:127)
	at org.junit.platform.engine.support.hierarchical.ThrowableCollector.execute(ThrowableCollector.java:73)
	at org.junit.platform.engine.support.hierarchical.NodeTestTask.executeRecursively(NodeTestTask.java:126)
	at org.junit.platform.engine.support.hierarchical.NodeTestTask.execute(NodeTestTask.java:84)
	at java.util.ArrayList.forEach(ArrayList.java:1259)
	at org.junit.platform.engine.support.hierarchical.SameThreadHierarchicalTestExecutorService.invokeAll(SameThreadHierarchicalTestExecutorService.java:38)
	at org.junit.platform.engine.support.hierarchical.NodeTestTask.lambda$executeRecursively$5(NodeTestTask.java:143)
	at org.junit.platform.engine.support.hierarchical.ThrowableCollector.execute(ThrowableCollector.java:73)
	at org.junit.platform.engine.support.hierarchical.NodeTestTask.lambda$executeRecursively$7(NodeTestTask.java:129)
	at org.junit.platform.engine.support.hierarchical.Node.around(Node.java:137)
	at org.junit.platform.engine.support.hierarchical.NodeTestTask.lambda$executeRecursively$8(NodeTestTask.java:127)
	at org.junit.platform.engine.support.hierarchical.ThrowableCollector.execute(ThrowableCollector.java:73)
	at org.junit.platform.engine.support.hierarchical.NodeTestTask.executeRecursively(NodeTestTask.java:126)
	at org.junit.platform.engine.support.hierarchical.NodeTestTask.execute(NodeTestTask.java:84)
	at org.junit.platform.engine.support.hierarchical.SameThreadHierarchicalTestExecutorService.submit(SameThreadHierarchicalTestExecutorService.java:32)
	at org.junit.platform.engine.support.hierarchical.HierarchicalTestExecutor.execute(HierarchicalTestExecutor.java:57)
	at org.junit.platform.engine.support.hierarchical.HierarchicalTestEngine.execute(HierarchicalTestEngine.java:51)
	at org.junit.platform.launcher.core.EngineExecutionOrchestrator.execute(EngineExecutionOrchestrator.java:108)
	at org.junit.platform.launcher.core.EngineExecutionOrchestrator.execute(EngineExecutionOrchestrator.java:88)
	at org.junit.platform.launcher.core.EngineExecutionOrchestrator.lambda$execute$0(EngineExecutionOrchestrator.java:54)
	at org.junit.platform.launcher.core.EngineExecutionOrchestrator.withInterceptedStreams(EngineExecutionOrchestrator.java:67)
	at org.junit.platform.launcher.core.EngineExecutionOrchestrator.execute(EngineExecutionOrchestrator.java:52)
	at org.junit.platform.launcher.core.DefaultLauncher.execute(DefaultLauncher.java:96)
	at org.junit.platform.launcher.core.DefaultLauncher.execute(DefaultLauncher.java:75)
	at org.apache.maven.surefire.junitplatform.JUnitPlatformProvider.invokeAllTests(JUnitPlatformProvider.java:165)
	at org.apache.maven.surefire.junitplatform.JUnitPlatformProvider.invoke(JUnitPlatformProvider.java:124)
	at org.apache.maven.surefire.booter.ForkedBooter.runSuitesInProcess(ForkedBooter.java:428)
	at org.apache.maven.surefire.booter.ForkedBooter.execute(ForkedBooter.java:162)
	at org.apache.maven.surefire.booter.ForkedBooter.run(ForkedBooter.java:562)
	at org.apache.maven.surefire.booter.ForkedBooter.main(ForkedBooter.java:548)
]]></stackTrace>
      <system-out><![CDATA[2022-05-17 16:35:11,550 [Listener at 127.0.0.1/40445] WARN  server.ServerUtils (ServerUtils.java:getScmDbDir(148)) - ozone.scm.db.dirs is not configured. We recommend adding this setting. Falling back to ozone.metadata.dirs instead.
2022-05-17 16:35:11,569 [Listener at 127.0.0.1/40445] INFO  ha.SCMHANodeDetails (SCMHANodeDetails.java:loadSCMHAConfig(160)) - ServiceID for StorageContainerManager is null
2022-05-17 16:35:11,570 [Listener at 127.0.0.1/40445] INFO  ha.SCMHANodeDetails (SCMHANodeDetails.java:loadSCMHAConfig(165)) - ozone.scm.default.service.id is not defined, falling back to ozone.scm.service.ids to find serviceID for StorageContainerManager if it is HA enabled cluster
2022-05-17 16:35:11,570 [Listener at 127.0.0.1/40445] WARN  server.ServerUtils (ServerUtils.java:getScmDbDir(148)) - ozone.scm.db.dirs is not configured. We recommend adding this setting. Falling back to ozone.metadata.dirs instead.
2022-05-17 16:35:11,570 [Listener at 127.0.0.1/40445] INFO  upgrade.AbstractLayoutVersionManager (AbstractLayoutVersionManager.java:init(79)) - Initializing Layout version manager with metadata layout = ERASURE_CODED_STORAGE_SUPPORT (version = 3), software layout = ERASURE_CODED_STORAGE_SUPPORT (version = 3)
2022-05-17 16:35:11,621 [Listener at 127.0.0.1/40445] INFO  reflections.Reflections (Reflections.java:scan(232)) - Reflections took 49 ms to scan 7 urls, producing 127 keys and 292 values 
2022-05-17 16:35:11,625 [Listener at 127.0.0.1/40445] WARN  utils.HAUtils (HAUtils.java:getMetaDir(342)) - ozone.scm.db.dirs is not configured. We recommend adding this setting. Falling back to ozone.metadata.dirs instead.
2022-05-17 16:35:11,626 [Listener at 127.0.0.1/40445] WARN  db.DBStoreBuilder (DBStoreBuilder.java:applyDBDefinition(145)) - ozone.scm.db.dirs is not configured. We recommend adding this setting. Falling back to ozone.metadata.dirs instead.
2022-05-17 16:35:11,945 [Listener at 127.0.0.1/40445] INFO  net.NodeSchemaLoader (NodeSchemaLoader.java:loadSchemaFromFile(129)) - Loading schema from [jar:file:/home/runner/.m2/repository/org/apache/ozone/hdds-common/1.3.0-SNAPSHOT/hdds-common-1.3.0-SNAPSHOT.jar!/network-topology-default.xml]
2022-05-17 16:35:11,945 [Listener at 127.0.0.1/40445] INFO  net.NodeSchemaLoader (NodeSchemaLoader.java:loadSchema(176)) - Loading network topology layer schema file
2022-05-17 16:35:11,964 [Listener at 127.0.0.1/40445] INFO  ha.SequenceIdGenerator (SequenceIdGenerator.java:upgradeToSequenceId(347)) - upgrade localId to 109611004723200000
2022-05-17 16:35:11,964 [Listener at 127.0.0.1/40445] INFO  ha.SequenceIdGenerator (SequenceIdGenerator.java:upgradeToSequenceId(357)) - upgrade delTxnId to 0
2022-05-17 16:35:11,964 [Listener at 127.0.0.1/40445] INFO  ha.SequenceIdGenerator (SequenceIdGenerator.java:upgradeToSequenceId(371)) - upgrade containerId to 0
2022-05-17 16:35:11,964 [Listener at 127.0.0.1/40445] INFO  ha.SequenceIdGenerator (SequenceIdGenerator.java:<init>(218)) - Init the HA SequenceIdGenerator.
2022-05-17 16:35:11,965 [Listener at 127.0.0.1/40445] WARN  server.ServerUtils (ServerUtils.java:sanitizeUserArgs(73)) - ozone.scm.stale.node.interval value = 300000 is larger than max = 100000 based on the key value of ozone.scm.heartbeat.thread.interval, reset to the max value 100000.
2022-05-17 16:35:11,966 [Listener at 127.0.0.1/40445] WARN  server.ServerUtils (ServerUtils.java:sanitizeUserArgs(73)) - ozone.scm.stale.node.interval value = 300000 is larger than max = 100000 based on the key value of ozone.scm.heartbeat.thread.interval, reset to the max value 100000.
2022-05-17 16:35:11,973 [Listener at 127.0.0.1/40445] INFO  node.SCMNodeManager (SCMNodeManager.java:<init>(148)) - Entering startup safe mode.
2022-05-17 16:35:11,973 [Listener at 127.0.0.1/40445] INFO  algorithms.ContainerPlacementPolicyFactory (ContainerPlacementPolicyFactory.java:getPolicyInternal(86)) - Create container placement policy of type org.apache.hadoop.hdds.scm.container.placement.algorithms.SCMContainerPlacementRandom
2022-05-17 16:35:11,974 [Listener at 127.0.0.1/40445] INFO  pipeline.PipelineStateManagerImpl (PipelineStateManagerImpl.java:initialize(78)) - No pipeline exists in current db
2022-05-17 16:35:11,974 [Listener at 127.0.0.1/40445] INFO  algorithms.LeaderChoosePolicyFactory (LeaderChoosePolicyFactory.java:getPolicy(57)) - Create leader choose policy of type org.apache.hadoop.hdds.scm.pipeline.leader.choose.algorithms.MinLeaderCountChoosePolicy
2022-05-17 16:35:11,975 [Listener at 127.0.0.1/40445] INFO  algorithms.ContainerPlacementPolicyFactory (ContainerPlacementPolicyFactory.java:getPolicyInternal(86)) - Create container placement policy of type org.apache.hadoop.hdds.scm.container.placement.algorithms.SCMContainerPlacementRackScatter
2022-05-17 16:35:11,975 [Listener at 127.0.0.1/40445] INFO  pipeline.BackgroundPipelineCreator (BackgroundPipelineCreator.java:start(125)) - Starting RatisPipelineUtilsThread.
2022-05-17 16:35:11,982 [Listener at 127.0.0.1/40445] INFO  pipeline.BackgroundPipelineScrubber (BackgroundPipelineScrubber.java:start(126)) - Starting BackgroundPipelineScrubber Service.
2022-05-17 16:35:11,982 [Listener at 127.0.0.1/40445] INFO  ha.SCMServiceManager (SCMServiceManager.java:register(42)) - Registering service BackgroundPipelineCreator.
2022-05-17 16:35:11,982 [Listener at 127.0.0.1/40445] INFO  ha.SCMServiceManager (SCMServiceManager.java:register(42)) - Registering service BackgroundPipelineScrubber.
2022-05-17 16:35:11,983 [Listener at 127.0.0.1/40445] INFO  algorithms.PipelineChoosePolicyFactory (PipelineChoosePolicyFactory.java:createPipelineChoosePolicyFromClass(73)) - Create pipeline choose policy of type org.apache.hadoop.hdds.scm.pipeline.choose.algorithms.RandomPipelineChoosePolicy
2022-05-17 16:35:11,985 [Listener at 127.0.0.1/40445] INFO  ha.SCMServiceManager (SCMServiceManager.java:register(42)) - Registering service SCMBlockDeletingService.
2022-05-17 16:35:11,985 [Listener at 127.0.0.1/40445] INFO  ha.SCMServiceManager (SCMServiceManager.java:register(42)) - Registering service ReplicationManager.
2022-05-17 16:35:11,985 [Listener at 127.0.0.1/40445] INFO  replication.ReplicationManager (ReplicationManager.java:start(176)) - Starting Replication Monitor Thread.
2022-05-17 16:35:11,994 [Listener at 127.0.0.1/40445] INFO  safemode.ContainerSafeModeRule (ContainerSafeModeRule.java:<init>(89)) - containers with one replica threshold count 0
2022-05-17 16:35:11,994 [Listener at 127.0.0.1/40445] INFO  safemode.HealthyPipelineSafeModeRule (HealthyPipelineSafeModeRule.java:initializeRule(156)) - Total pipeline count is 0, healthy pipeline threshold count is 1
2022-05-17 16:35:11,994 [Listener at 127.0.0.1/40445] INFO  safemode.OneReplicaPipelineSafeModeRule (OneReplicaPipelineSafeModeRule.java:initializeRule(180)) - Total pipeline count is 0, pipeline's with at least one datanode reported threshold count is 0
2022-05-17 16:35:11,995 [Listener at 127.0.0.1/40445] INFO  ipc.CallQueueManager (CallQueueManager.java:<init>(90)) - Using callQueue: class java.util.concurrent.LinkedBlockingQueue, queueCapacity: 2000, scheduler: class org.apache.hadoop.ipc.DefaultRpcScheduler, ipcBackoff: false.
2022-05-17 16:35:11,996 [Socket Reader #1 for port 0] INFO  ipc.Server (Server.java:run(1265)) - Starting Socket Reader #1 for port 0
2022-05-17 16:35:11,997 [Listener at 0.0.0.0/38331] INFO  ipc.CallQueueManager (CallQueueManager.java:<init>(90)) - Using callQueue: class java.util.concurrent.LinkedBlockingQueue, queueCapacity: 2000, scheduler: class org.apache.hadoop.ipc.DefaultRpcScheduler, ipcBackoff: false.
2022-05-17 16:35:11,997 [Socket Reader #1 for port 0] INFO  ipc.Server (Server.java:run(1265)) - Starting Socket Reader #1 for port 0
2022-05-17 16:35:11,998 [Listener at 0.0.0.0/39781] INFO  ipc.CallQueueManager (CallQueueManager.java:<init>(90)) - Using callQueue: class java.util.concurrent.LinkedBlockingQueue, queueCapacity: 2000, scheduler: class org.apache.hadoop.ipc.DefaultRpcScheduler, ipcBackoff: false.
2022-05-17 16:35:12,002 [Socket Reader #1 for port 0] INFO  ipc.Server (Server.java:run(1265)) - Starting Socket Reader #1 for port 0
2022-05-17 16:35:12,012 [ReplicationMonitor] INFO  replication.ReplicationManager (ReplicationManager.java:processAll(225)) - Replication Manager is not ready to run until 3000ms after safemode exit
2022-05-17 16:35:12,061 [Listener at 0.0.0.0/40949] INFO  server.StorageContainerManager (StorageContainerManager.java:<init>(395)) - 
Container Balancer status:
Key                            Value
Running                        false
Container Balancer Configuration values:
Key                                                Value
Threshold                                          10
Max Datanodes to Involve per Iteration(percent)    20
Max Size to Move per Iteration                     500GB
Max Size Entering Target per Iteration             26GB
Max Size Leaving Source per Iteration              26GB

2022-05-17 16:35:12,061 [Listener at 0.0.0.0/40949] WARN  events.EventQueue (EventQueue.java:fireEvent(194)) - No event handler registered for event TypedEvent{payloadType=SafeModeStatus, name='Safe mode status'}
2022-05-17 16:35:12,061 [Listener at 0.0.0.0/40949] INFO  ha.SCMContext (SCMContext.java:updateSafeModeStatus(211)) - Update SafeModeStatus from SafeModeStatus{safeModeStatus=true, preCheckPassed=false} to SafeModeStatus{safeModeStatus=true, preCheckPassed=false}.
2022-05-17 16:35:12,062 [Listener at 0.0.0.0/40949] INFO  server.StorageContainerManager (StorageContainerManager.java:start(1347)) - StorageContainerLocationProtocol RPC server is listening at /0.0.0.0:40949
2022-05-17 16:35:12,064 [Listener at 0.0.0.0/40949] WARN  impl.MetricsConfig (MetricsConfig.java:loadFirst(136)) - Cannot locate configuration: tried hadoop-metrics2-storagecontainermanager.properties,hadoop-metrics2.properties
2022-05-17 16:35:12,064 [Listener at 0.0.0.0/40949] INFO  impl.MetricsSystemImpl (MetricsSystemImpl.java:startTimer(378)) - Scheduled Metric snapshot period at 10 second(s).
2022-05-17 16:35:12,064 [Listener at 0.0.0.0/40949] INFO  impl.MetricsSystemImpl (MetricsSystemImpl.java:start(191)) - StorageContainerManager metrics system started
2022-05-17 16:35:12,142 [Listener at 0.0.0.0/40949] INFO  impl.MetricsSinkAdapter (MetricsSinkAdapter.java:start(204)) - Sink prometheus started
2022-05-17 16:35:12,142 [Listener at 0.0.0.0/40949] INFO  impl.MetricsSystemImpl (MetricsSystemImpl.java:registerSink(305)) - Registered sink prometheus
2022-05-17 16:35:12,158 [Listener at 0.0.0.0/40949] INFO  server.SCMClientProtocolServer (SCMClientProtocolServer.java:start(169)) - RPC server for Client  is listening at /0.0.0.0:40949
2022-05-17 16:35:12,159 [IPC Server Responder] INFO  ipc.Server (Server.java:run(1507)) - IPC Server Responder: starting
2022-05-17 16:35:12,162 [Listener at 0.0.0.0/40949] INFO  server.StorageContainerManager (StorageContainerManager.java:start(1362)) - ScmBlockLocationProtocol RPC server is listening at /0.0.0.0:39781
2022-05-17 16:35:12,166 [Listener at 0.0.0.0/40949] INFO  server.SCMBlockProtocolServer (SCMBlockProtocolServer.java:start(151)) - RPC server for Block Protocol is listening at /0.0.0.0:39781
2022-05-17 16:35:12,159 [IPC Server listener on 0] INFO  ipc.Server (Server.java:run(1344)) - IPC Server listener on 0: starting
2022-05-17 16:35:12,172 [IPC Server Responder] INFO  ipc.Server (Server.java:run(1507)) - IPC Server Responder: starting
2022-05-17 16:35:12,173 [IPC Server listener on 0] INFO  ipc.Server (Server.java:run(1344)) - IPC Server listener on 0: starting
2022-05-17 16:35:12,199 [Listener at 0.0.0.0/40949] INFO  server.SCMDatanodeProtocolServer (SCMDatanodeProtocolServer.java:start(183)) - ScmDatanodeProtocol RPC server for DataNodes is listening at /0.0.0.0:38331
2022-05-17 16:35:12,200 [IPC Server Responder] INFO  ipc.Server (Server.java:run(1507)) - IPC Server Responder: starting
2022-05-17 16:35:12,200 [IPC Server listener on 0] INFO  ipc.Server (Server.java:run(1344)) - IPC Server listener on 0: starting
2022-05-17 16:35:12,218 [org.apache.hadoop.util.JvmPauseMonitor$Monitor@71f83fd1] INFO  util.JvmPauseMonitor (JvmPauseMonitor.java:run(188)) - Starting JVM pause monitor
2022-05-17 16:35:12,239 [Listener at 0.0.0.0/40949] INFO  http.BaseHttpServer (BaseHttpServer.java:newHttpServer2BuilderForOzone(209)) - Starting Web-server for scm at: http://0.0.0.0:0
2022-05-17 16:35:12,239 [Listener at 0.0.0.0/40949] INFO  http.BaseHttpServer (BaseHttpServer.java:<init>(107)) - Hadoop Security Enabled: false Ozone Security Enabled: false Ozone HTTP Security Enabled: false 
2022-05-17 16:35:12,241 [Listener at 0.0.0.0/40949] INFO  server.AuthenticationFilter (AuthenticationFilter.java:constructSecretProvider(240)) - Unable to initialize FileSignerSecretProvider, falling back to use random secrets.
2022-05-17 16:35:12,251 [Listener at 0.0.0.0/40949] WARN  http.HttpRequestLog (HttpRequestLog.java:getRequestLog(103)) - Jetty request log can only be enabled using Log4j
2022-05-17 16:35:12,252 [Listener at 0.0.0.0/40949] INFO  http.HttpServer2 (HttpServer2.java:addGlobalFilter(1030)) - Added global filter 'safety' (class=org.apache.hadoop.hdds.server.http.HttpServer2$QuotingInputFilter)
2022-05-17 16:35:12,252 [Listener at 0.0.0.0/40949] INFO  http.HttpServer2 (HttpServer2.java:addFilter(1006)) - Added filter static_user_filter (class=org.apache.hadoop.http.lib.StaticUserWebFilter$StaticUserFilter) to context scm
2022-05-17 16:35:12,252 [Listener at 0.0.0.0/40949] INFO  http.HttpServer2 (HttpServer2.java:addFilter(1014)) - Added filter static_user_filter (class=org.apache.hadoop.http.lib.StaticUserWebFilter$StaticUserFilter) to context logs
2022-05-17 16:35:12,253 [Listener at 0.0.0.0/40949] INFO  http.HttpServer2 (HttpServer2.java:addFilter(1014)) - Added filter static_user_filter (class=org.apache.hadoop.http.lib.StaticUserWebFilter$StaticUserFilter) to context static
2022-05-17 16:35:12,253 [Listener at 0.0.0.0/40949] INFO  http.HttpServer2 (HttpServer2.java:bindListener(1249)) - Jetty bound to port 45275
2022-05-17 16:35:12,276 [Listener at 0.0.0.0/40949] INFO  server.Server (Server.java:doStart(375)) - jetty-9.4.43.v20210629; built: 2021-06-30T11:07:22.254Z; git: 526006ecfa3af7f1a27ef3a288e2bef7ea9dd7e8; jvm 1.8.0_332-b09
2022-05-17 16:35:12,295 [Listener at 0.0.0.0/40949] INFO  server.session (DefaultSessionIdManager.java:doStart(334)) - DefaultSessionIdManager workerName=node0
2022-05-17 16:35:12,295 [Listener at 0.0.0.0/40949] INFO  server.session (DefaultSessionIdManager.java:doStart(339)) - No SessionScavenger set, using defaults
2022-05-17 16:35:12,296 [Listener at 0.0.0.0/40949] INFO  server.session (HouseKeeper.java:startScavenging(132)) - node0 Scavenging every 660000ms
2022-05-17 16:35:12,297 [Listener at 0.0.0.0/40949] INFO  handler.ContextHandler (ContextHandler.java:doStart(915)) - Started o.e.j.s.ServletContextHandler@79e12f24{logs,/logs,file:///home/runner/work/ozone/ozone/hadoop-ozone/integration-test/target/log,AVAILABLE}
2022-05-17 16:35:12,297 [Listener at 0.0.0.0/40949] INFO  handler.ContextHandler (ContextHandler.java:doStart(915)) - Started o.e.j.s.ServletContextHandler@71c6bf20{static,/static,file:///home/runner/work/ozone/ozone/hadoop-ozone/integration-test/target/test-classes/webapps/static,AVAILABLE}
2022-05-17 16:35:12,327 [Listener at 0.0.0.0/40949] INFO  handler.ContextHandler (ContextHandler.java:doStart(915)) - Started o.e.j.w.WebAppContext@7db05830{scm,/,file:///home/runner/work/ozone/ozone/hadoop-ozone/integration-test/target/test-classes/webapps/scm/,AVAILABLE}{file:/home/runner/work/ozone/ozone/hadoop-ozone/integration-test/target/test-classes/webapps/scm}
2022-05-17 16:35:12,354 [Listener at 0.0.0.0/40949] INFO  server.AbstractConnector (AbstractConnector.java:doStart(331)) - Started ServerConnector@1d8cbdf{HTTP/1.1, (http/1.1)}{0.0.0.0:45275}
2022-05-17 16:35:12,354 [Listener at 0.0.0.0/40949] INFO  server.Server (Server.java:doStart(415)) - Started @193552ms
2022-05-17 16:35:12,354 [Listener at 0.0.0.0/40949] WARN  impl.MetricsSystemImpl (MetricsSystemImpl.java:register(279)) - Sink prometheus already exists!
2022-05-17 16:35:12,355 [Listener at 0.0.0.0/40949] INFO  http.BaseHttpServer (BaseHttpServer.java:updateConnectorAddress(329)) - HTTP server of scm listening at http://0.0.0.0:45275
2022-05-17 16:35:12,355 [Listener at 0.0.0.0/40949] WARN  server.ServerUtils (ServerUtils.java:getDBPath(225)) - ozone.om.db.dirs is not configured. We recommend adding this setting. Falling back to ozone.metadata.dirs instead.
2022-05-17 16:35:12,367 [Listener at 0.0.0.0/40949] INFO  ha.OMHANodeDetails (OMHANodeDetails.java:loadOMHAConfig(115)) - ozone.om.internal.service.id is not defined, falling back to ozone.om.service.ids to find serviceID for OzoneManager if it is HA enabled cluster
2022-05-17 16:35:12,367 [Listener at 0.0.0.0/40949] INFO  ha.OMHANodeDetails (OMHANodeDetails.java:loadOMHAConfig(226)) - Configuration does not have ozone.om.address set. Falling back to the default OM address /127.0.0.1:0
2022-05-17 16:35:12,367 [Listener at 0.0.0.0/40949] INFO  ha.OMHANodeDetails (OMHANodeDetails.java:getOMNodeDetailsForNonHA(254)) - OM Service ID is not set. Setting it to the default ID: omServiceIdDefault
2022-05-17 16:35:12,368 [Listener at 0.0.0.0/40949] INFO  ha.OMHANodeDetails (OMHANodeDetails.java:getOMNodeDetailsForNonHA(261)) - OM Node ID is not set. Setting it to the default ID: om1
2022-05-17 16:35:12,368 [Listener at 0.0.0.0/40949] WARN  server.ServerUtils (ServerUtils.java:getDBPath(225)) - ozone.om.db.dirs is not configured. We recommend adding this setting. Falling back to ozone.metadata.dirs instead.
2022-05-17 16:35:12,368 [Listener at 0.0.0.0/40949] INFO  upgrade.AbstractLayoutVersionManager (AbstractLayoutVersionManager.java:init(79)) - Initializing Layout version manager with metadata layout = BUCKET_LAYOUT_SUPPORT (version = 2), software layout = BUCKET_LAYOUT_SUPPORT (version = 2)
2022-05-17 16:35:12,623 [Listener at 0.0.0.0/40949] INFO  reflections.Reflections (Reflections.java:scan(232)) - Reflections took 254 ms to scan 2 urls, producing 143 keys and 369 values [using 2 cores]
2022-05-17 16:35:12,624 [Listener at 0.0.0.0/40949] INFO  upgrade.OMLayoutVersionManager (OMLayoutVersionManager.java:lambda$0(115)) - Skipping Upgrade Action MockOmUpgradeAction since it has been finalized.
2022-05-17 16:35:12,624 [Listener at 0.0.0.0/40949] WARN  server.ServerUtils (ServerUtils.java:getDBPath(225)) - ozone.om.db.dirs is not configured. We recommend adding this setting. Falling back to ozone.metadata.dirs instead.
2022-05-17 16:35:12,625 [Listener at 0.0.0.0/40949] INFO  proxy.SCMBlockLocationFailoverProxyProvider (SCMBlockLocationFailoverProxyProvider.java:<init>(114)) - Created block location fail-over proxy with 1 nodes: [nodeId=scmNodeId,nodeAddress=/0.0.0.0:39781]
2022-05-17 16:35:12,626 [Listener at 0.0.0.0/40949] INFO  proxy.SCMBlockLocationFailoverProxyProvider (SCMBlockLocationFailoverProxyProvider.java:<init>(114)) - Created block location fail-over proxy with 1 nodes: [nodeId=scmNodeId,nodeAddress=/0.0.0.0:39781]
2022-05-17 16:35:12,668 [Listener at 0.0.0.0/40949] WARN  server.ServerUtils (ServerUtils.java:getDBPath(225)) - ozone.om.db.dirs is not configured. We recommend adding this setting. Falling back to ozone.metadata.dirs instead.
2022-05-17 16:35:12,670 [Listener at 0.0.0.0/40949] INFO  codec.OmKeyInfoCodec (OmKeyInfoCodec.java:<init>(49)) - OmKeyInfoCodec ignorePipeline = true
2022-05-17 16:35:12,671 [Listener at 0.0.0.0/40949] INFO  codec.RepeatedOmKeyInfoCodec (RepeatedOmKeyInfoCodec.java:<init>(41)) - RepeatedOmKeyInfoCodec ignorePipeline = true
2022-05-17 16:35:13,163 [Listener at 0.0.0.0/40949] INFO  om.OzoneManager (OzoneManager.java:addS3GVolumeToDB(3894)) - Created Volume s3v With Owner runner required for S3Gateway operations.
2022-05-17 16:35:13,164 [Listener at 0.0.0.0/40949] WARN  server.ServerUtils (ServerUtils.java:getDefaultRatisDirectory(237)) - Storage directory for Ratis is not configured. It is a good idea to map this to an SSD disk. Falling back to ozone.metadata.dirs
2022-05-17 16:35:13,164 [Listener at 0.0.0.0/40949] WARN  utils.OzoneManagerRatisUtils (OzoneManagerRatisUtils.java:getOMRatisSnapshotDirectory(395)) - ozone.om.ratis.snapshot.dir is not configured. Falling back to ozone.metadata.dirs config
2022-05-17 16:35:13,164 [Listener at 0.0.0.0/40949] WARN  server.ServerUtils (ServerUtils.java:getDefaultRatisDirectory(237)) - Storage directory for Ratis is not configured. It is a good idea to map this to an SSD disk. Falling back to ozone.metadata.dirs
2022-05-17 16:35:13,168 [Listener at 0.0.0.0/40949] INFO  ratis.OzoneManagerRatisServer (OzoneManagerRatisServer.java:<init>(159)) - Instantiating OM Ratis server with groupID: omServiceIdDefault and peers: localhost:9872
2022-05-17 16:35:13,168 [Listener at 0.0.0.0/40949] INFO  ratis.OzoneManagerStateMachine (OzoneManagerStateMachine.java:loadSnapshotInfoFromDB(627)) - LastAppliedIndex is set from TransactionInfo from OM DB as (t:0, i:~)
2022-05-17 16:35:13,200 [Listener at 0.0.0.0/40949] INFO  server.RaftServer (ConfUtils.java:logGet(44)) - raft.rpc.type = GRPC (default)
2022-05-17 16:35:13,224 [Listener at 0.0.0.0/40949] INFO  grpc.GrpcFactory (GrpcFactory.java:checkPooledByteBufAllocatorUseCacheForAllThreads(48)) - PERFORMANCE WARNING: useCacheForAllThreads is true that may cause Netty to create a lot garbage objects and, as a result, trigger GC.
	It is recommended to disable useCacheForAllThreads by setting -Dorg.apache.ratis.thirdparty.io.netty.allocator.useCacheForAllThreads=false in command line.
2022-05-17 16:35:13,224 [Listener at 0.0.0.0/40949] INFO  grpc.GrpcConfigKeys (ConfUtils.java:logGet(44)) - raft.grpc.admin.port = -1 (default)
2022-05-17 16:35:13,224 [Listener at 0.0.0.0/40949] INFO  grpc.GrpcConfigKeys (ConfUtils.java:logGet(44)) - raft.grpc.server.port = 9872 (custom)
2022-05-17 16:35:13,224 [Listener at 0.0.0.0/40949] INFO  grpc.GrpcConfigKeys (ConfUtils.java:logGet(44)) - raft.grpc.client.port = -1 (default)
2022-05-17 16:35:13,224 [Listener at 0.0.0.0/40949] INFO  grpc.GrpcConfigKeys (ConfUtils.java:logGet(44)) - raft.grpc.server.port = 9872 (custom)
2022-05-17 16:35:13,224 [Listener at 0.0.0.0/40949] INFO  grpc.GrpcConfigKeys (ConfUtils.java:logGet(44)) - raft.grpc.server.port = 9872 (custom)
2022-05-17 16:35:13,225 [Listener at 0.0.0.0/40949] INFO  server.GrpcService (ConfUtils.java:logGet(44)) - raft.grpc.message.size.max = 33554432 (custom)
2022-05-17 16:35:13,225 [Listener at 0.0.0.0/40949] INFO  server.RaftServerConfigKeys (ConfUtils.java:logGet(44)) - raft.server.log.appender.buffer.byte-limit = 33554432 (custom)
2022-05-17 16:35:13,225 [Listener at 0.0.0.0/40949] INFO  server.GrpcService (ConfUtils.java:logGet(44)) - raft.grpc.flow.control.window = 1MB (=1048576) (default)
2022-05-17 16:35:13,225 [Listener at 0.0.0.0/40949] INFO  server.RaftServerConfigKeys (ConfUtils.java:logGet(44)) - raft.server.rpc.request.timeout = 3000ms (default)
2022-05-17 16:35:13,227 [Listener at 0.0.0.0/40949] INFO  impl.DataStreamServerImpl (ConfUtils.java:logGet(44)) - raft.datastream.type = DISABLED (default)
2022-05-17 16:35:13,227 [Listener at 0.0.0.0/40949] INFO  server.RaftServerConfigKeys (ConfUtils.java:logGet(44)) - raft.server.rpc.slowness.timeout = 120s (custom)
2022-05-17 16:35:13,227 [Listener at 0.0.0.0/40949] INFO  server.RaftServerConfigKeys (ConfUtils.java:logGet(44)) - raft.server.leaderelection.leader.step-down.wait-time = 10s (default)
2022-05-17 16:35:13,228 [Listener at 0.0.0.0/40949] INFO  server.RaftServerConfigKeys (ConfUtils.java:logGet(44)) - raft.server.storage.dir = [/home/runner/work/ozone/ozone/hadoop-ozone/integration-test/target/test-dir/MiniOzoneClusterImpl-41fbf156-6dda-44b9-a756-3cbfdc5ceeae/ozone-meta/ratis] (custom)
2022-05-17 16:35:13,272 [Listener at 0.0.0.0/40949] INFO  server.RaftServer (RaftServerProxy.java:addNew(95)) - om1: addNew group-C5BA1605619E:[om1|rpc:localhost:9872|priority:0] returns group-C5BA1605619E:java.util.concurrent.CompletableFuture@47d5e231[Not completed]
2022-05-17 16:35:13,272 [Listener at 0.0.0.0/40949] INFO  om.OzoneManager (OzoneManager.java:initializeRatisServer(1901)) - OzoneManager Ratis server initialized at port 9872
2022-05-17 16:35:13,273 [Listener at 0.0.0.0/40949] INFO  om.OzoneManager (OzoneManager.java:getRpcServer(1030)) - Creating RPC Server
2022-05-17 16:35:13,323 [pool-688-thread-1] INFO  server.RaftServer$Division (RaftServerImpl.java:<init>(184)) - om1: new RaftServerImpl for group-C5BA1605619E:[om1|rpc:localhost:9872|priority:0] with OzoneManagerStateMachine:uninitialized
2022-05-17 16:35:13,330 [pool-688-thread-1] INFO  server.RaftServerConfigKeys (ConfUtils.java:logGet(44)) - raft.server.rpc.timeout.min = 1s (custom)
2022-05-17 16:35:13,331 [pool-688-thread-1] INFO  server.RaftServerConfigKeys (ConfUtils.java:logGet(44)) - raft.server.rpc.timeout.max = 1200ms (custom)
2022-05-17 16:35:13,331 [pool-688-thread-1] INFO  server.RaftServerConfigKeys (ConfUtils.java:logGet(44)) - raft.server.rpc.sleep.time = 25ms (default)
2022-05-17 16:35:13,331 [pool-688-thread-1] INFO  server.RaftServerConfigKeys (ConfUtils.java:logGet(44)) - raft.server.rpc.slowness.timeout = 120s (custom)
2022-05-17 16:35:13,331 [pool-688-thread-1] INFO  server.RaftServerConfigKeys (ConfUtils.java:logGet(44)) - raft.server.leaderelection.leader.step-down.wait-time = 10s (default)
2022-05-17 16:35:13,331 [pool-688-thread-1] INFO  server.RaftServerConfigKeys (ConfUtils.java:logGet(44)) - raft.server.sleep.deviation.threshold = 300ms (default)
2022-05-17 16:35:13,331 [pool-688-thread-1] INFO  server.RaftServerConfigKeys (ConfUtils.java:logGet(44)) - raft.server.log.appender.install.snapshot.enabled = false (custom)
2022-05-17 16:35:13,331 [pool-688-thread-1] INFO  server.RaftServer$Division (ServerState.java:<init>(105)) - om1@group-C5BA1605619E: ConfigurationManager, init=-1: [om1|rpc:localhost:9872|priority:0], old=null, confs=<EMPTY_MAP>
2022-05-17 16:35:13,331 [pool-688-thread-1] INFO  server.RaftServerConfigKeys (ConfUtils.java:logGet(44)) - raft.server.storage.dir = [/home/runner/work/ozone/ozone/hadoop-ozone/integration-test/target/test-dir/MiniOzoneClusterImpl-41fbf156-6dda-44b9-a756-3cbfdc5ceeae/ozone-meta/ratis] (custom)
2022-05-17 16:35:13,331 [pool-688-thread-1] INFO  server.RaftServerConfigKeys (ConfUtils.java:logGet(44)) - raft.server.log.corruption.policy = EXCEPTION (default)
2022-05-17 16:35:13,331 [pool-688-thread-1] INFO  server.RaftServerConfigKeys (ConfUtils.java:logGet(44)) - raft.server.storage.free-space.min = 0MB (=0) (default)
2022-05-17 16:35:13,332 [pool-688-thread-1] INFO  storage.RaftStorageDirectory (RaftStorageDirectoryImpl.java:analyzeStorage(135)) - The storage directory /home/runner/work/ozone/ozone/hadoop-ozone/integration-test/target/test-dir/MiniOzoneClusterImpl-41fbf156-6dda-44b9-a756-3cbfdc5ceeae/ozone-meta/ratis/bf265839-605b-3f16-9796-c5ba1605619e does not exist. Creating ...
2022-05-17 16:35:13,334 [pool-688-thread-1] INFO  storage.RaftStorageDirectory (RaftStorageDirectoryImpl.java:tryLock(230)) - Lock on /home/runner/work/ozone/ozone/hadoop-ozone/integration-test/target/test-dir/MiniOzoneClusterImpl-41fbf156-6dda-44b9-a756-3cbfdc5ceeae/ozone-meta/ratis/bf265839-605b-3f16-9796-c5ba1605619e/in_use.lock acquired by nodename 17133@fv-az297-879
2022-05-17 16:35:13,338 [pool-688-thread-1] INFO  storage.RaftStorage (RaftStorageImpl.java:format(89)) - Storage directory /home/runner/work/ozone/ozone/hadoop-ozone/integration-test/target/test-dir/MiniOzoneClusterImpl-41fbf156-6dda-44b9-a756-3cbfdc5ceeae/ozone-meta/ratis/bf265839-605b-3f16-9796-c5ba1605619e has been successfully formatted.
2022-05-17 16:35:13,338 [pool-688-thread-1] INFO  server.RaftServerConfigKeys (ConfUtils.java:logGet(44)) - raft.server.notification.no-leader.timeout = 120s (custom)
2022-05-17 16:35:13,338 [pool-688-thread-1] INFO  server.RaftServerConfigKeys (ConfUtils.java:logGet(44)) - raft.server.log.use.memory = false (default)
2022-05-17 16:35:13,338 [pool-688-thread-1] INFO  server.RaftServerConfigKeys (ConfUtils.java:logGet(44)) - raft.server.log.purge.gap = 1000000 (custom)
2022-05-17 16:35:13,338 [pool-688-thread-1] INFO  server.RaftServerConfigKeys (ConfUtils.java:logGet(44)) - raft.server.log.appender.buffer.byte-limit = 33554432 (custom)
2022-05-17 16:35:13,339 [pool-688-thread-1] INFO  server.RaftServerConfigKeys (ConfUtils.java:logGet(44)) - raft.server.log.segment.size.max = 4194304 (custom)
2022-05-17 16:35:13,361 [pool-688-thread-1] INFO  server.RaftServerConfigKeys (ConfUtils.java:logGet(44)) - raft.server.log.segment.cache.num.max = 2 (custom)
2022-05-17 16:35:13,362 [pool-688-thread-1] INFO  server.RaftServerConfigKeys (ConfUtils.java:logGet(44)) - raft.server.log.segment.cache.size.max = 200MB (=209715200) (default)
2022-05-17 16:35:13,362 [pool-688-thread-1] INFO  segmented.SegmentedRaftLogWorker (SegmentedRaftLogWorker.java:<init>(182)) - new om1@group-C5BA1605619E-SegmentedRaftLogWorker for RaftStorageImpl:Storage Directory /home/runner/work/ozone/ozone/hadoop-ozone/integration-test/target/test-dir/MiniOzoneClusterImpl-41fbf156-6dda-44b9-a756-3cbfdc5ceeae/ozone-meta/ratis/bf265839-605b-3f16-9796-c5ba1605619e
2022-05-17 16:35:13,362 [pool-688-thread-1] INFO  server.RaftServerConfigKeys (ConfUtils.java:logGet(44)) - raft.server.log.queue.byte-limit = 64MB (=67108864) (default)
2022-05-17 16:35:13,362 [pool-688-thread-1] INFO  server.RaftServerConfigKeys (ConfUtils.java:logGet(44)) - raft.server.log.queue.element-limit = 4096 (default)
2022-05-17 16:35:13,362 [pool-688-thread-1] INFO  server.RaftServerConfigKeys (ConfUtils.java:logGet(44)) - raft.server.log.segment.size.max = 4194304 (custom)
2022-05-17 16:35:13,362 [pool-688-thread-1] INFO  server.RaftServerConfigKeys (ConfUtils.java:logGet(44)) - raft.server.log.preallocated.size = 4194304 (custom)
2022-05-17 16:35:13,362 [pool-688-thread-1] INFO  server.RaftServerConfigKeys (ConfUtils.java:logGet(44)) - raft.server.log.force.sync.num = 128 (default)
2022-05-17 16:35:13,362 [pool-688-thread-1] INFO  server.RaftServerConfigKeys (ConfUtils.java:logGet(44)) - raft.server.log.statemachine.data.sync = true (default)
2022-05-17 16:35:13,362 [pool-688-thread-1] INFO  server.RaftServerConfigKeys (ConfUtils.java:logGet(44)) - raft.server.log.statemachine.data.sync.timeout = 10s (default)
2022-05-17 16:35:13,362 [pool-688-thread-1] INFO  server.RaftServerConfigKeys (ConfUtils.java:logGet(44)) - raft.server.log.statemachine.data.sync.timeout.retry = -1 (default)
2022-05-17 16:35:13,363 [pool-688-thread-1] INFO  server.RaftServerConfigKeys (ConfUtils.java:logGet(44)) - raft.server.log.write.buffer.size = 64KB (=65536) (default)
2022-05-17 16:35:13,363 [pool-688-thread-1] INFO  server.RaftServerConfigKeys (ConfUtils.java:logGet(44)) - raft.server.log.statemachine.data.caching.enabled = false (default)
2022-05-17 16:35:13,364 [pool-688-thread-1] INFO  segmented.SegmentedRaftLogWorker (SegmentedRaftLogWorker.java:lambda$new$0(133)) - om1@group-C5BA1605619E-SegmentedRaftLogWorker: flushIndex: setUnconditionally 0 -> -1
2022-05-17 16:35:13,364 [pool-688-thread-1] INFO  segmented.SegmentedRaftLogWorker (SegmentedRaftLogWorker.java:lambda$new$0(133)) - om1@group-C5BA1605619E-SegmentedRaftLogWorker: safeCacheEvictIndex: setUnconditionally 0 -> -1
2022-05-17 16:35:13,386 [pool-688-thread-1] INFO  server.RaftServerConfigKeys (ConfUtils.java:logGet(44)) - raft.server.snapshot.auto.trigger.enabled = true (custom)
2022-05-17 16:35:13,386 [pool-688-thread-1] INFO  server.RaftServerConfigKeys (ConfUtils.java:logGet(44)) - raft.server.snapshot.auto.trigger.threshold = 400000 (default)
2022-05-17 16:35:13,386 [pool-688-thread-1] INFO  server.RaftServerConfigKeys (ConfUtils.java:logGet(44)) - raft.server.snapshot.retention.file.num = -1 (default)
2022-05-17 16:35:13,386 [pool-688-thread-1] INFO  server.RaftServerConfigKeys (ConfUtils.java:logGet(44)) - raft.server.log.purge.upto.snapshot.index = true (custom)
2022-05-17 16:35:13,386 [pool-688-thread-1] INFO  server.RaftServerConfigKeys (ConfUtils.java:logGet(44)) - raft.server.retrycache.expirytime = 300s (custom)
2022-05-17 16:35:13,386 [pool-688-thread-1] INFO  server.RaftServerConfigKeys (ConfUtils.java:logGet(44)) - raft.server.retrycache.statistics.expirytime = 100μs (default)
2022-05-17 16:35:14,439 [Listener at 0.0.0.0/40949] INFO  reflections.Reflections (Reflections.java:scan(232)) - Reflections took 1162 ms to scan 19 urls, producing 61 keys and 3686 values [using 2 cores]
2022-05-17 16:35:14,440 [Listener at 0.0.0.0/40949] INFO  ipc.CallQueueManager (CallQueueManager.java:<init>(90)) - Using callQueue: class java.util.concurrent.LinkedBlockingQueue, queueCapacity: 2000, scheduler: class org.apache.hadoop.ipc.DefaultRpcScheduler, ipcBackoff: false.
2022-05-17 16:35:14,441 [Socket Reader #1 for port 0] INFO  ipc.Server (Server.java:run(1265)) - Starting Socket Reader #1 for port 0
2022-05-17 16:35:14,508 [Listener at 127.0.0.1/36845] INFO  impl.MetricsSystemImpl (MetricsSystemImpl.java:init(158)) - OzoneManager metrics system started (again)
2022-05-17 16:35:14,564 [Listener at 127.0.0.1/36845] INFO  om.OzoneManager (OzoneManager.java:start(1405)) - OzoneManager RPC server is listening at localhost/127.0.0.1:36845
2022-05-17 16:35:14,565 [Listener at 127.0.0.1/36845] INFO  ratis.OzoneManagerRatisServer (OzoneManagerRatisServer.java:start(554)) - Starting OzoneManagerRatisServer om1 at port 9872
2022-05-17 16:35:14,565 [Listener at 127.0.0.1/36845] INFO  server.RaftServer$Division (RaftServerImpl.java:start(301)) - om1@group-C5BA1605619E: start as a follower, conf=-1: [om1|rpc:localhost:9872|priority:0], old=null
2022-05-17 16:35:14,565 [Listener at 127.0.0.1/36845] INFO  server.RaftServer$Division (RaftServerImpl.java:setRole(290)) - om1@group-C5BA1605619E: changes role from      null to FOLLOWER at term 0 for startAsFollower
2022-05-17 16:35:14,565 [Listener at 127.0.0.1/36845] INFO  impl.RoleInfo (RoleInfo.java:updateAndGet(130)) - om1: start om1@group-C5BA1605619E-FollowerState
2022-05-17 16:35:14,573 [Listener at 127.0.0.1/36845] INFO  util.JmxRegister (JmxRegister.java:tryRegister(44)) - Successfully registered JMX Bean with object name Ratis:service=RaftServer,group=group-C5BA1605619E,id=om1
2022-05-17 16:35:14,574 [Listener at 127.0.0.1/36845] INFO  server.RaftServer (RaftServerProxy.java:lambda$start$5(374)) - om1: start RPC server
2022-05-17 16:35:14,576 [Listener at 127.0.0.1/36845] INFO  server.GrpcService (GrpcService.java:startImpl(253)) - om1: GrpcService started, listening on 9872
2022-05-17 16:35:14,576 [Listener at 127.0.0.1/36845] INFO  om.OzoneManager (OzoneManager.java:start(1421)) - Version File has different layout version (2) than OM DB (null). That is expected if this OM has never been finalized to a newer layout version.
2022-05-17 16:35:14,577 [org.apache.ratis.util.JvmPauseMonitor$$Lambda$622/456676922@67a6582d] INFO  util.JvmPauseMonitor (JvmPauseMonitor.java:run(103)) - JvmPauseMonitor-om1: Started
2022-05-17 16:35:14,579 [Listener at 127.0.0.1/36845] INFO  http.BaseHttpServer (BaseHttpServer.java:newHttpServer2BuilderForOzone(209)) - Starting Web-server for ozoneManager at: http://0.0.0.0:0
2022-05-17 16:35:14,579 [Listener at 127.0.0.1/36845] INFO  http.BaseHttpServer (BaseHttpServer.java:<init>(107)) - Hadoop Security Enabled: false Ozone Security Enabled: false Ozone HTTP Security Enabled: false 
2022-05-17 16:35:14,580 [Listener at 127.0.0.1/36845] INFO  server.AuthenticationFilter (AuthenticationFilter.java:constructSecretProvider(240)) - Unable to initialize FileSignerSecretProvider, falling back to use random secrets.
2022-05-17 16:35:14,586 [Listener at 127.0.0.1/36845] WARN  http.HttpRequestLog (HttpRequestLog.java:getRequestLog(103)) - Jetty request log can only be enabled using Log4j
2022-05-17 16:35:14,587 [Listener at 127.0.0.1/36845] INFO  http.HttpServer2 (HttpServer2.java:addGlobalFilter(1030)) - Added global filter 'safety' (class=org.apache.hadoop.hdds.server.http.HttpServer2$QuotingInputFilter)
2022-05-17 16:35:14,588 [Listener at 127.0.0.1/36845] INFO  http.HttpServer2 (HttpServer2.java:addFilter(1006)) - Added filter static_user_filter (class=org.apache.hadoop.http.lib.StaticUserWebFilter$StaticUserFilter) to context ozoneManager
2022-05-17 16:35:14,588 [Listener at 127.0.0.1/36845] INFO  http.HttpServer2 (HttpServer2.java:addFilter(1014)) - Added filter static_user_filter (class=org.apache.hadoop.http.lib.StaticUserWebFilter$StaticUserFilter) to context static
2022-05-17 16:35:14,588 [Listener at 127.0.0.1/36845] INFO  http.HttpServer2 (HttpServer2.java:addFilter(1014)) - Added filter static_user_filter (class=org.apache.hadoop.http.lib.StaticUserWebFilter$StaticUserFilter) to context logs
2022-05-17 16:35:14,589 [Listener at 127.0.0.1/36845] INFO  http.HttpServer2 (HttpServer2.java:bindListener(1249)) - Jetty bound to port 46037
2022-05-17 16:35:14,589 [Listener at 127.0.0.1/36845] INFO  server.Server (Server.java:doStart(375)) - jetty-9.4.43.v20210629; built: 2021-06-30T11:07:22.254Z; git: 526006ecfa3af7f1a27ef3a288e2bef7ea9dd7e8; jvm 1.8.0_332-b09
2022-05-17 16:35:14,597 [Listener at 127.0.0.1/36845] INFO  server.session (DefaultSessionIdManager.java:doStart(334)) - DefaultSessionIdManager workerName=node0
2022-05-17 16:35:14,598 [Listener at 127.0.0.1/36845] INFO  server.session (DefaultSessionIdManager.java:doStart(339)) - No SessionScavenger set, using defaults
2022-05-17 16:35:14,598 [Listener at 127.0.0.1/36845] INFO  server.session (HouseKeeper.java:startScavenging(132)) - node0 Scavenging every 660000ms
2022-05-17 16:35:14,599 [Listener at 127.0.0.1/36845] INFO  handler.ContextHandler (ContextHandler.java:doStart(915)) - Started o.e.j.s.ServletContextHandler@79dcfb0d{logs,/logs,file:///home/runner/work/ozone/ozone/hadoop-ozone/integration-test/target/log,AVAILABLE}
2022-05-17 16:35:14,599 [Listener at 127.0.0.1/36845] INFO  handler.ContextHandler (ContextHandler.java:doStart(915)) - Started o.e.j.s.ServletContextHandler@1f8585a5{static,/static,file:///home/runner/work/ozone/ozone/hadoop-ozone/integration-test/target/test-classes/webapps/static,AVAILABLE}
2022-05-17 16:35:14,614 [Listener at 127.0.0.1/36845] INFO  handler.ContextHandler (ContextHandler.java:doStart(915)) - Started o.e.j.w.WebAppContext@22546149{ozoneManager,/,file:///home/runner/work/ozone/ozone/hadoop-ozone/integration-test/target/test-classes/webapps/ozoneManager/,AVAILABLE}{file:/home/runner/work/ozone/ozone/hadoop-ozone/integration-test/target/test-classes/webapps/ozoneManager}
2022-05-17 16:35:14,618 [Listener at 127.0.0.1/36845] INFO  server.AbstractConnector (AbstractConnector.java:doStart(331)) - Started ServerConnector@50a90e19{HTTP/1.1, (http/1.1)}{0.0.0.0:46037}
2022-05-17 16:35:14,618 [Listener at 127.0.0.1/36845] INFO  server.Server (Server.java:doStart(415)) - Started @195816ms
2022-05-17 16:35:14,618 [Listener at 127.0.0.1/36845] WARN  impl.MetricsSystemImpl (MetricsSystemImpl.java:register(279)) - Sink prometheus already exists!
2022-05-17 16:35:14,619 [Listener at 127.0.0.1/36845] INFO  http.BaseHttpServer (BaseHttpServer.java:updateConnectorAddress(329)) - HTTP server of ozoneManager listening at http://0.0.0.0:46037
2022-05-17 16:35:14,619 [IPC Server Responder] INFO  ipc.Server (Server.java:run(1507)) - IPC Server Responder: starting
2022-05-17 16:35:14,619 [IPC Server listener on 0] INFO  ipc.Server (Server.java:run(1344)) - IPC Server listener on 0: starting
2022-05-17 16:35:14,653 [Listener at 127.0.0.1/36845] INFO  om.OzoneManager (OzoneManager.java:startTrashEmptier(1845)) - Trash Interval set to 0. Files deleted won't move to trash
2022-05-17 16:35:14,668 [org.apache.hadoop.util.JvmPauseMonitor$Monitor@12a1a7b2] INFO  util.JvmPauseMonitor (JvmPauseMonitor.java:run(188)) - Starting JVM pause monitor
2022-05-17 16:35:14,726 [Listener at 127.0.0.1/36845] WARN  impl.MetricRegistriesImpl (MetricRegistriesImpl.java:addReporterRegistration(111)) - New reporters are added after registries were created. Some metrics will be missing from the reporter. Please add reporter before adding any new registry.
2022-05-17 16:35:14,727 [Listener at 127.0.0.1/36845] WARN  impl.MetricRegistriesImpl (MetricRegistriesImpl.java:addReporterRegistration(111)) - New reporters are added after registries were created. Some metrics will be missing from the reporter. Please add reporter before adding any new registry.
2022-05-17 16:35:14,727 [Listener at 127.0.0.1/36845] INFO  impl.MetricsSystemImpl (MetricsSystemImpl.java:init(158)) - HddsDatanode metrics system started (again)
2022-05-17 16:35:14,778 [Listener at 127.0.0.1/36845] INFO  ozone.HddsDatanodeService (HddsDatanodeService.java:start(236)) - HddsDatanodeService host:fv-az297-879.nmf1rxwemy4u5di1sxxf4ejcwb.jx.internal.cloudapp.net ip:10.1.0.54
2022-05-17 16:35:14,817 [Listener at 127.0.0.1/36845] INFO  upgrade.AbstractLayoutVersionManager (AbstractLayoutVersionManager.java:init(79)) - Initializing Layout version manager with metadata layout = ERASURE_CODED_STORAGE_SUPPORT (version = 3), software layout = ERASURE_CODED_STORAGE_SUPPORT (version = 3)
2022-05-17 16:35:14,967 [Listener at 127.0.0.1/36845] INFO  reflections.Reflections (Reflections.java:scan(232)) - Reflections took 147 ms to scan 7 urls, producing 127 keys and 292 values 
2022-05-17 16:35:14,968 [Listener at 127.0.0.1/36845] INFO  statemachine.DatanodeStateMachine (DatanodeStateMachine.java:getEndPointTaskThreadPoolSize(233)) - Datanode State Machine Task Thread Pool size 2
2022-05-17 16:35:14,978 [Listener at 127.0.0.1/36845] INFO  volume.HddsVolume (HddsVolume.java:<init>(120)) - Creating HddsVolume: /home/runner/work/ozone/ozone/hadoop-ozone/integration-test/target/test-dir/MiniOzoneClusterImpl-41fbf156-6dda-44b9-a756-3cbfdc5ceeae/datanode-0/data-0/containers/hdds of storage type : DISK capacity : 9223372036854775807
2022-05-17 16:35:14,978 [Listener at 127.0.0.1/36845] INFO  volume.MutableVolumeSet (MutableVolumeSet.java:initializeVolumeSet(168)) - Added Volume : /home/runner/work/ozone/ozone/hadoop-ozone/integration-test/target/test-dir/MiniOzoneClusterImpl-41fbf156-6dda-44b9-a756-3cbfdc5ceeae/datanode-0/data-0/containers/hdds to VolumeSet
2022-05-17 16:35:14,979 [Listener at 127.0.0.1/36845] INFO  volume.ThrottledAsyncChecker (ThrottledAsyncChecker.java:schedule(141)) - Scheduling a check for /home/runner/work/ozone/ozone/hadoop-ozone/integration-test/target/test-dir/MiniOzoneClusterImpl-41fbf156-6dda-44b9-a756-3cbfdc5ceeae/datanode-0/data-0/containers/hdds
2022-05-17 16:35:14,990 [Listener at 127.0.0.1/36845] INFO  volume.StorageVolumeChecker (StorageVolumeChecker.java:checkAllVolumes(202)) - Scheduled health check for volume /home/runner/work/ozone/ozone/hadoop-ozone/integration-test/target/test-dir/MiniOzoneClusterImpl-41fbf156-6dda-44b9-a756-3cbfdc5ceeae/datanode-0/data-0/containers/hdds
2022-05-17 16:35:15,028 [Listener at 127.0.0.1/36845] INFO  volume.MutableVolumeSet (MutableVolumeSet.java:initializeVolumeSet(168)) - Added Volume : /home/runner/work/ozone/ozone/hadoop-ozone/integration-test/target/test-dir/MiniOzoneClusterImpl-41fbf156-6dda-44b9-a756-3cbfdc5ceeae/datanode-0/data/ratis to VolumeSet
2022-05-17 16:35:15,028 [Listener at 127.0.0.1/36845] INFO  volume.ThrottledAsyncChecker (ThrottledAsyncChecker.java:schedule(141)) - Scheduling a check for /home/runner/work/ozone/ozone/hadoop-ozone/integration-test/target/test-dir/MiniOzoneClusterImpl-41fbf156-6dda-44b9-a756-3cbfdc5ceeae/datanode-0/data/ratis
2022-05-17 16:35:15,028 [Listener at 127.0.0.1/36845] INFO  volume.StorageVolumeChecker (StorageVolumeChecker.java:checkAllVolumes(202)) - Scheduled health check for volume /home/runner/work/ozone/ozone/hadoop-ozone/integration-test/target/test-dir/MiniOzoneClusterImpl-41fbf156-6dda-44b9-a756-3cbfdc5ceeae/datanode-0/data/ratis
2022-05-17 16:35:15,082 [Thread-1392] INFO  ozoneimpl.ContainerReader (ContainerReader.java:readVolume(172)) - Finish verifying containers on volume /home/runner/work/ozone/ozone/hadoop-ozone/integration-test/target/test-dir/MiniOzoneClusterImpl-41fbf156-6dda-44b9-a756-3cbfdc5ceeae/datanode-0/data-0/containers/hdds
2022-05-17 16:35:15,082 [Listener at 127.0.0.1/36845] INFO  ozoneimpl.OzoneContainer (OzoneContainer.java:buildContainerSet(257)) - Build ContainerSet costs 0s
2022-05-17 16:35:15,090 [Listener at 127.0.0.1/36845] INFO  server.RaftServer (ConfUtils.java:logGet(44)) - raft.rpc.type = GRPC (default)
2022-05-17 16:35:15,090 [Listener at 127.0.0.1/36845] INFO  grpc.GrpcFactory (GrpcFactory.java:checkPooledByteBufAllocatorUseCacheForAllThreads(48)) - PERFORMANCE WARNING: useCacheForAllThreads is true that may cause Netty to create a lot garbage objects and, as a result, trigger GC.
	It is recommended to disable useCacheForAllThreads by setting -Dorg.apache.ratis.thirdparty.io.netty.allocator.useCacheForAllThreads=false in command line.
2022-05-17 16:35:15,091 [Listener at 127.0.0.1/36845] INFO  grpc.GrpcConfigKeys (ConfUtils.java:logGet(44)) - raft.grpc.admin.port = 0 (custom)
2022-05-17 16:35:15,091 [Listener at 127.0.0.1/36845] INFO  grpc.GrpcConfigKeys (ConfUtils.java:logGet(44)) - raft.grpc.client.port = 0 (custom)
2022-05-17 16:35:15,091 [Listener at 127.0.0.1/36845] INFO  grpc.GrpcConfigKeys (ConfUtils.java:logGet(44)) - raft.grpc.server.port = 0 (default)
2022-05-17 16:35:15,091 [Listener at 127.0.0.1/36845] INFO  server.GrpcService (ConfUtils.java:logGet(44)) - raft.grpc.message.size.max = 32MB (=33554432) (custom)
2022-05-17 16:35:15,091 [Listener at 127.0.0.1/36845] INFO  server.RaftServerConfigKeys (ConfUtils.java:logGet(44)) - raft.server.log.appender.buffer.byte-limit = 33554432 (custom)
2022-05-17 16:35:15,092 [Listener at 127.0.0.1/36845] INFO  server.GrpcService (ConfUtils.java:logGet(44)) - raft.grpc.flow.control.window = 5MB (=5242880) (custom)
2022-05-17 16:35:15,092 [Listener at 127.0.0.1/36845] INFO  server.RaftServerConfigKeys (ConfUtils.java:logGet(44)) - raft.server.rpc.request.timeout = 60s (custom)
2022-05-17 16:35:15,099 [Listener at 127.0.0.1/36845] INFO  impl.DataStreamServerImpl (ConfUtils.java:logGet(44)) - raft.datastream.type = DISABLED (default)
2022-05-17 16:35:15,099 [Listener at 127.0.0.1/36845] INFO  server.RaftServerConfigKeys (ConfUtils.java:logGet(44)) - raft.server.rpc.slowness.timeout = 300s (custom)
2022-05-17 16:35:15,099 [Listener at 127.0.0.1/36845] INFO  server.RaftServerConfigKeys (ConfUtils.java:logGet(44)) - raft.server.leaderelection.leader.step-down.wait-time = 10s (default)
2022-05-17 16:35:15,099 [Listener at 127.0.0.1/36845] INFO  server.RaftServerConfigKeys (ConfUtils.java:logGet(44)) - raft.server.storage.dir = [/home/runner/work/ozone/ozone/hadoop-ozone/integration-test/target/test-dir/MiniOzoneClusterImpl-41fbf156-6dda-44b9-a756-3cbfdc5ceeae/datanode-0/data/ratis] (custom)
2022-05-17 16:35:15,101 [Listener at 127.0.0.1/36845] INFO  server.XceiverServerGrpc (XceiverServerGrpc.java:<init>(132)) - GrpcServer channel type EpollServerSocketChannel
2022-05-17 16:35:15,114 [Listener at 127.0.0.1/36845] INFO  http.BaseHttpServer (BaseHttpServer.java:newHttpServer2BuilderForOzone(209)) - Starting Web-server for hddsDatanode at: http://0.0.0.0:0
2022-05-17 16:35:15,115 [Listener at 127.0.0.1/36845] INFO  http.BaseHttpServer (BaseHttpServer.java:<init>(107)) - Hadoop Security Enabled: false Ozone Security Enabled: false Ozone HTTP Security Enabled: false 
2022-05-17 16:35:15,116 [Listener at 127.0.0.1/36845] INFO  server.AuthenticationFilter (AuthenticationFilter.java:constructSecretProvider(240)) - Unable to initialize FileSignerSecretProvider, falling back to use random secrets.
2022-05-17 16:35:15,124 [Listener at 127.0.0.1/36845] WARN  http.HttpRequestLog (HttpRequestLog.java:getRequestLog(103)) - Jetty request log can only be enabled using Log4j
2022-05-17 16:35:15,125 [Listener at 127.0.0.1/36845] INFO  http.HttpServer2 (HttpServer2.java:addGlobalFilter(1030)) - Added global filter 'safety' (class=org.apache.hadoop.hdds.server.http.HttpServer2$QuotingInputFilter)
2022-05-17 16:35:15,126 [Listener at 127.0.0.1/36845] INFO  http.HttpServer2 (HttpServer2.java:addFilter(1006)) - Added filter static_user_filter (class=org.apache.hadoop.http.lib.StaticUserWebFilter$StaticUserFilter) to context hddsDatanode
2022-05-17 16:35:15,126 [Listener at 127.0.0.1/36845] INFO  http.HttpServer2 (HttpServer2.java:addFilter(1014)) - Added filter static_user_filter (class=org.apache.hadoop.http.lib.StaticUserWebFilter$StaticUserFilter) to context static
2022-05-17 16:35:15,126 [Listener at 127.0.0.1/36845] INFO  http.HttpServer2 (HttpServer2.java:addFilter(1014)) - Added filter static_user_filter (class=org.apache.hadoop.http.lib.StaticUserWebFilter$StaticUserFilter) to context logs
2022-05-17 16:35:15,127 [Listener at 127.0.0.1/36845] INFO  http.HttpServer2 (HttpServer2.java:bindListener(1249)) - Jetty bound to port 41787
2022-05-17 16:35:15,127 [Listener at 127.0.0.1/36845] INFO  server.Server (Server.java:doStart(375)) - jetty-9.4.43.v20210629; built: 2021-06-30T11:07:22.254Z; git: 526006ecfa3af7f1a27ef3a288e2bef7ea9dd7e8; jvm 1.8.0_332-b09
2022-05-17 16:35:15,175 [Listener at 127.0.0.1/36845] INFO  server.session (DefaultSessionIdManager.java:doStart(334)) - DefaultSessionIdManager workerName=node0
2022-05-17 16:35:15,175 [Listener at 127.0.0.1/36845] INFO  server.session (DefaultSessionIdManager.java:doStart(339)) - No SessionScavenger set, using defaults
2022-05-17 16:35:15,175 [Listener at 127.0.0.1/36845] INFO  server.session (HouseKeeper.java:startScavenging(132)) - node0 Scavenging every 600000ms
2022-05-17 16:35:15,176 [Listener at 127.0.0.1/36845] INFO  handler.ContextHandler (ContextHandler.java:doStart(915)) - Started o.e.j.s.ServletContextHandler@39c0cbce{logs,/logs,file:///home/runner/work/ozone/ozone/hadoop-ozone/integration-test/target/log,AVAILABLE}
2022-05-17 16:35:15,176 [Listener at 127.0.0.1/36845] INFO  handler.ContextHandler (ContextHandler.java:doStart(915)) - Started o.e.j.s.ServletContextHandler@568c5d25{static,/static,jar:file:/home/runner/.m2/repository/org/apache/ozone/hdds-container-service/1.3.0-SNAPSHOT/hdds-container-service-1.3.0-SNAPSHOT.jar!/webapps/static,AVAILABLE}
2022-05-17 16:35:15,618 [Listener at 127.0.0.1/36845] INFO  handler.ContextHandler (ContextHandler.java:doStart(915)) - Started o.e.j.w.WebAppContext@104474b0{hddsDatanode,/,file:///tmp/jetty-0_0_0_0-41787-hdds-container-service-1_3_0-SNAPSHOT_jar-_-any-9038891120655546630/webapp/,AVAILABLE}{jar:file:/home/runner/.m2/repository/org/apache/ozone/hdds-container-service/1.3.0-SNAPSHOT/hdds-container-service-1.3.0-SNAPSHOT.jar!/webapps/hddsDatanode}
2022-05-17 16:35:15,638 [Listener at 127.0.0.1/36845] INFO  server.AbstractConnector (AbstractConnector.java:doStart(331)) - Started ServerConnector@1db3118{HTTP/1.1, (http/1.1)}{0.0.0.0:41787}
2022-05-17 16:35:15,639 [Listener at 127.0.0.1/36845] INFO  server.Server (Server.java:doStart(415)) - Started @196836ms
2022-05-17 16:35:15,639 [Listener at 127.0.0.1/36845] WARN  impl.MetricsSystemImpl (MetricsSystemImpl.java:register(279)) - Sink prometheus already exists!
2022-05-17 16:35:15,639 [Listener at 127.0.0.1/36845] INFO  http.BaseHttpServer (BaseHttpServer.java:updateConnectorAddress(329)) - HTTP server of hddsDatanode listening at http://0.0.0.0:41787
2022-05-17 16:35:15,640 [Listener at 127.0.0.1/36845] WARN  impl.MetricRegistriesImpl (MetricRegistriesImpl.java:addReporterRegistration(111)) - New reporters are added after registries were created. Some metrics will be missing from the reporter. Please add reporter before adding any new registry.
2022-05-17 16:35:15,640 [Listener at 127.0.0.1/36845] WARN  impl.MetricRegistriesImpl (MetricRegistriesImpl.java:addReporterRegistration(111)) - New reporters are added after registries were created. Some metrics will be missing from the reporter. Please add reporter before adding any new registry.
2022-05-17 16:35:15,640 [Listener at 127.0.0.1/36845] INFO  impl.MetricsSystemImpl (MetricsSystemImpl.java:init(158)) - HddsDatanode metrics system started (again)
2022-05-17 16:35:15,642 [om1@group-C5BA1605619E-FollowerState] INFO  impl.FollowerState (FollowerState.java:run(134)) - om1@group-C5BA1605619E-FollowerState: change to CANDIDATE, lastRpcElapsedTime:1077200465ns, electionTimeout:1068ms
2022-05-17 16:35:15,643 [om1@group-C5BA1605619E-FollowerState] INFO  impl.RoleInfo (RoleInfo.java:shutdownFollowerState(108)) - om1: shutdown om1@group-C5BA1605619E-FollowerState
2022-05-17 16:35:15,643 [om1@group-C5BA1605619E-FollowerState] INFO  server.RaftServer$Division (RaftServerImpl.java:setRole(290)) - om1@group-C5BA1605619E: changes role from  FOLLOWER to CANDIDATE at term 0 for changeToCandidate
2022-05-17 16:35:15,643 [om1@group-C5BA1605619E-FollowerState] INFO  server.RaftServerConfigKeys (ConfUtils.java:logGet(44)) - raft.server.leaderelection.pre-vote = false (custom)
2022-05-17 16:35:15,643 [om1@group-C5BA1605619E-FollowerState] INFO  impl.RoleInfo (RoleInfo.java:updateAndGet(130)) - om1: start om1@group-C5BA1605619E-LeaderElection49
2022-05-17 16:35:15,674 [Datanode State Machine Daemon Thread] INFO  statemachine.DatanodeStateMachine (DatanodeStateMachine.java:lambda$startDaemon$0(481)) - Ozone container server started.
2022-05-17 16:35:15,712 [Listener at 127.0.0.1/36845] INFO  ozone.HddsDatanodeService (HddsDatanodeService.java:start(236)) - HddsDatanodeService host:fv-az297-879.nmf1rxwemy4u5di1sxxf4ejcwb.jx.internal.cloudapp.net ip:10.1.0.54
2022-05-17 16:35:15,714 [om1@group-C5BA1605619E-LeaderElection49] INFO  impl.LeaderElection (LeaderElection.java:askForVotes(306)) - om1@group-C5BA1605619E-LeaderElection49 ELECTION round 0: submit vote requests at term 1 for -1: [om1|rpc:localhost:9872|priority:0], old=null
2022-05-17 16:35:15,714 [om1@group-C5BA1605619E-LeaderElection49] INFO  impl.LeaderElection (LeaderElection.java:askForVotes(308)) - om1@group-C5BA1605619E-LeaderElection49 ELECTION round 0: result PASSED (term=1)
2022-05-17 16:35:15,714 [om1@group-C5BA1605619E-LeaderElection49] INFO  impl.RoleInfo (RoleInfo.java:shutdownLeaderElection(121)) - om1: shutdown om1@group-C5BA1605619E-LeaderElection49
2022-05-17 16:35:15,714 [om1@group-C5BA1605619E-LeaderElection49] INFO  server.RaftServer$Division (RaftServerImpl.java:setRole(290)) - om1@group-C5BA1605619E: changes role from CANDIDATE to LEADER at term 1 for changeToLeader
2022-05-17 16:35:15,714 [om1@group-C5BA1605619E-LeaderElection49] INFO  server.RaftServer$Division (ServerState.java:setLeader(285)) - om1@group-C5BA1605619E: change Leader from null to om1 at term 1 for becomeLeader, leader elected after 2376ms
2022-05-17 16:35:15,715 [om1@group-C5BA1605619E-LeaderElection49] INFO  server.RaftServerConfigKeys (ConfUtils.java:logGet(44)) - raft.server.staging.catchup.gap = 1000 (default)
2022-05-17 16:35:15,738 [org.apache.hadoop.util.JvmPauseMonitor$Monitor@2ca7b7a1] INFO  util.JvmPauseMonitor (JvmPauseMonitor.java:run(188)) - Starting JVM pause monitor
2022-05-17 16:35:15,750 [om1@group-C5BA1605619E-LeaderElection49] INFO  server.RaftServerConfigKeys (ConfUtils.java:logGet(44)) - raft.server.write.element-limit = 4096 (default)
2022-05-17 16:35:15,750 [om1@group-C5BA1605619E-LeaderElection49] INFO  server.RaftServerConfigKeys (ConfUtils.java:logGet(44)) - raft.server.write.byte-limit = 64MB (=67108864) (default)
2022-05-17 16:35:15,750 [om1@group-C5BA1605619E-LeaderElection49] INFO  server.RaftServerConfigKeys (ConfUtils.java:logGet(44)) - raft.server.watch.timeout = 10s (default)
2022-05-17 16:35:15,750 [om1@group-C5BA1605619E-LeaderElection49] INFO  server.RaftServerConfigKeys (ConfUtils.java:logGet(44)) - raft.server.watch.timeout.denomination = 1s (default)
2022-05-17 16:35:15,750 [om1@group-C5BA1605619E-LeaderElection49] INFO  server.RaftServerConfigKeys (ConfUtils.java:logGet(44)) - raft.server.watch.element-limit = 65536 (default)
2022-05-17 16:35:15,750 [om1@group-C5BA1605619E-LeaderElection49] INFO  server.RaftServerConfigKeys (ConfUtils.java:logGet(44)) - raft.server.write.element-limit = 4096 (default)
2022-05-17 16:35:15,751 [om1@group-C5BA1605619E-LeaderElection49] INFO  server.RaftServerConfigKeys (ConfUtils.java:logGet(44)) - raft.server.write.follower.gap.ratio.max = -1.0 (default)
2022-05-17 16:35:15,751 [om1@group-C5BA1605619E-LeaderElection49] INFO  impl.RoleInfo (RoleInfo.java:updateAndGet(130)) - om1: start om1@group-C5BA1605619E-LeaderStateImpl
2022-05-17 16:35:15,751 [om1@group-C5BA1605619E-LeaderElection49] INFO  segmented.SegmentedRaftLogWorker (SegmentedRaftLogWorker.java:startLogSegment(394)) - om1@group-C5BA1605619E-SegmentedRaftLogWorker: Starting segment from index:0
2022-05-17 16:35:15,769 [om1@group-C5BA1605619E-LeaderElection49] INFO  server.RaftServer$Division (ServerState.java:setRaftConf(387)) - om1@group-C5BA1605619E: set configuration 0: [om1|rpc:localhost:9872|admin:|client:|dataStream:|priority:0], old=null
2022-05-17 16:35:15,788 [om1@group-C5BA1605619E-SegmentedRaftLogWorker] INFO  segmented.SegmentedRaftLogWorker (SegmentedRaftLogWorker.java:execute(601)) - om1@group-C5BA1605619E-SegmentedRaftLogWorker: created new log segment /home/runner/work/ozone/ozone/hadoop-ozone/integration-test/target/test-dir/MiniOzoneClusterImpl-41fbf156-6dda-44b9-a756-3cbfdc5ceeae/ozone-meta/ratis/bf265839-605b-3f16-9796-c5ba1605619e/current/log_inprogress_0
2022-05-17 16:35:15,794 [Datanode State Machine Task Thread - 0] INFO  datanode.InitDatanodeState (InitDatanodeState.java:persistContainerDatanodeDetails(138)) - DatanodeDetails is persisted to /home/runner/work/ozone/ozone/hadoop-ozone/integration-test/target/test-dir/MiniOzoneClusterImpl-41fbf156-6dda-44b9-a756-3cbfdc5ceeae/datanode-0/meta/datanode.id
2022-05-17 16:35:15,797 [om1@group-C5BA1605619E-StateMachineUpdater] INFO  ratis.OzoneManagerStateMachine (OzoneManagerStateMachine.java:notifyConfigurationChanged(191)) - Received Configuration change notification from Ratis. New Peer list:
[id: "om1"
address: "localhost:9872"
]
2022-05-17 16:35:15,838 [Listener at 127.0.0.1/36845] INFO  upgrade.AbstractLayoutVersionManager (AbstractLayoutVersionManager.java:init(79)) - Initializing Layout version manager with metadata layout = ERASURE_CODED_STORAGE_SUPPORT (version = 3), software layout = ERASURE_CODED_STORAGE_SUPPORT (version = 3)
2022-05-17 16:35:15,969 [Listener at 127.0.0.1/36845] INFO  reflections.Reflections (Reflections.java:scan(232)) - Reflections took 129 ms to scan 7 urls, producing 127 keys and 292 values 
2022-05-17 16:35:15,977 [Listener at 127.0.0.1/36845] INFO  statemachine.DatanodeStateMachine (DatanodeStateMachine.java:getEndPointTaskThreadPoolSize(233)) - Datanode State Machine Task Thread Pool size 2
2022-05-17 16:35:15,978 [Listener at 127.0.0.1/36845] INFO  volume.HddsVolume (HddsVolume.java:<init>(120)) - Creating HddsVolume: /home/runner/work/ozone/ozone/hadoop-ozone/integration-test/target/test-dir/MiniOzoneClusterImpl-41fbf156-6dda-44b9-a756-3cbfdc5ceeae/datanode-1/data-0/containers/hdds of storage type : DISK capacity : 9223372036854775807
2022-05-17 16:35:15,978 [Listener at 127.0.0.1/36845] INFO  volume.MutableVolumeSet (MutableVolumeSet.java:initializeVolumeSet(168)) - Added Volume : /home/runner/work/ozone/ozone/hadoop-ozone/integration-test/target/test-dir/MiniOzoneClusterImpl-41fbf156-6dda-44b9-a756-3cbfdc5ceeae/datanode-1/data-0/containers/hdds to VolumeSet
2022-05-17 16:35:15,978 [Listener at 127.0.0.1/36845] INFO  volume.ThrottledAsyncChecker (ThrottledAsyncChecker.java:schedule(141)) - Scheduling a check for /home/runner/work/ozone/ozone/hadoop-ozone/integration-test/target/test-dir/MiniOzoneClusterImpl-41fbf156-6dda-44b9-a756-3cbfdc5ceeae/datanode-1/data-0/containers/hdds
2022-05-17 16:35:15,979 [Listener at 127.0.0.1/36845] INFO  volume.StorageVolumeChecker (StorageVolumeChecker.java:checkAllVolumes(202)) - Scheduled health check for volume /home/runner/work/ozone/ozone/hadoop-ozone/integration-test/target/test-dir/MiniOzoneClusterImpl-41fbf156-6dda-44b9-a756-3cbfdc5ceeae/datanode-1/data-0/containers/hdds
2022-05-17 16:35:16,004 [Listener at 127.0.0.1/36845] INFO  volume.MutableVolumeSet (MutableVolumeSet.java:initializeVolumeSet(168)) - Added Volume : /home/runner/work/ozone/ozone/hadoop-ozone/integration-test/target/test-dir/MiniOzoneClusterImpl-41fbf156-6dda-44b9-a756-3cbfdc5ceeae/datanode-1/data/ratis to VolumeSet
2022-05-17 16:35:16,004 [Listener at 127.0.0.1/36845] INFO  volume.ThrottledAsyncChecker (ThrottledAsyncChecker.java:schedule(141)) - Scheduling a check for /home/runner/work/ozone/ozone/hadoop-ozone/integration-test/target/test-dir/MiniOzoneClusterImpl-41fbf156-6dda-44b9-a756-3cbfdc5ceeae/datanode-1/data/ratis
2022-05-17 16:35:16,004 [Listener at 127.0.0.1/36845] INFO  volume.StorageVolumeChecker (StorageVolumeChecker.java:checkAllVolumes(202)) - Scheduled health check for volume /home/runner/work/ozone/ozone/hadoop-ozone/integration-test/target/test-dir/MiniOzoneClusterImpl-41fbf156-6dda-44b9-a756-3cbfdc5ceeae/datanode-1/data/ratis
2022-05-17 16:35:16,024 [Thread-1406] INFO  ozoneimpl.ContainerReader (ContainerReader.java:readVolume(172)) - Finish verifying containers on volume /home/runner/work/ozone/ozone/hadoop-ozone/integration-test/target/test-dir/MiniOzoneClusterImpl-41fbf156-6dda-44b9-a756-3cbfdc5ceeae/datanode-1/data-0/containers/hdds
2022-05-17 16:35:16,025 [Listener at 127.0.0.1/36845] INFO  ozoneimpl.OzoneContainer (OzoneContainer.java:buildContainerSet(257)) - Build ContainerSet costs 0s
2022-05-17 16:35:16,026 [Listener at 127.0.0.1/36845] INFO  server.RaftServer (ConfUtils.java:logGet(44)) - raft.rpc.type = GRPC (default)
2022-05-17 16:35:16,026 [Listener at 127.0.0.1/36845] INFO  grpc.GrpcFactory (GrpcFactory.java:checkPooledByteBufAllocatorUseCacheForAllThreads(48)) - PERFORMANCE WARNING: useCacheForAllThreads is true that may cause Netty to create a lot garbage objects and, as a result, trigger GC.
	It is recommended to disable useCacheForAllThreads by setting -Dorg.apache.ratis.thirdparty.io.netty.allocator.useCacheForAllThreads=false in command line.
2022-05-17 16:35:16,027 [Listener at 127.0.0.1/36845] INFO  grpc.GrpcConfigKeys (ConfUtils.java:logGet(44)) - raft.grpc.admin.port = 0 (custom)
2022-05-17 16:35:16,027 [Listener at 127.0.0.1/36845] INFO  grpc.GrpcConfigKeys (ConfUtils.java:logGet(44)) - raft.grpc.client.port = 0 (custom)
2022-05-17 16:35:16,027 [Listener at 127.0.0.1/36845] INFO  grpc.GrpcConfigKeys (ConfUtils.java:logGet(44)) - raft.grpc.server.port = 0 (default)
2022-05-17 16:35:16,027 [Listener at 127.0.0.1/36845] INFO  server.GrpcService (ConfUtils.java:logGet(44)) - raft.grpc.message.size.max = 32MB (=33554432) (custom)
2022-05-17 16:35:16,027 [Listener at 127.0.0.1/36845] INFO  server.RaftServerConfigKeys (ConfUtils.java:logGet(44)) - raft.server.log.appender.buffer.byte-limit = 33554432 (custom)
2022-05-17 16:35:16,027 [Listener at 127.0.0.1/36845] INFO  server.GrpcService (ConfUtils.java:logGet(44)) - raft.grpc.flow.control.window = 5MB (=5242880) (custom)
2022-05-17 16:35:16,027 [Listener at 127.0.0.1/36845] INFO  server.RaftServerConfigKeys (ConfUtils.java:logGet(44)) - raft.server.rpc.request.timeout = 60s (custom)
2022-05-17 16:35:16,028 [Listener at 127.0.0.1/36845] INFO  impl.DataStreamServerImpl (ConfUtils.java:logGet(44)) - raft.datastream.type = DISABLED (default)
2022-05-17 16:35:16,029 [Listener at 127.0.0.1/36845] INFO  server.RaftServerConfigKeys (ConfUtils.java:logGet(44)) - raft.server.rpc.slowness.timeout = 300s (custom)
2022-05-17 16:35:16,029 [Listener at 127.0.0.1/36845] INFO  server.RaftServerConfigKeys (ConfUtils.java:logGet(44)) - raft.server.leaderelection.leader.step-down.wait-time = 10s (default)
2022-05-17 16:35:16,029 [Listener at 127.0.0.1/36845] INFO  server.RaftServerConfigKeys (ConfUtils.java:logGet(44)) - raft.server.storage.dir = [/home/runner/work/ozone/ozone/hadoop-ozone/integration-test/target/test-dir/MiniOzoneClusterImpl-41fbf156-6dda-44b9-a756-3cbfdc5ceeae/datanode-1/data/ratis] (custom)
2022-05-17 16:35:16,039 [Listener at 127.0.0.1/36845] INFO  server.XceiverServerGrpc (XceiverServerGrpc.java:<init>(132)) - GrpcServer channel type EpollServerSocketChannel
2022-05-17 16:35:16,055 [Listener at 127.0.0.1/36845] INFO  http.BaseHttpServer (BaseHttpServer.java:newHttpServer2BuilderForOzone(209)) - Starting Web-server for hddsDatanode at: http://0.0.0.0:0
2022-05-17 16:35:16,055 [Listener at 127.0.0.1/36845] INFO  http.BaseHttpServer (BaseHttpServer.java:<init>(107)) - Hadoop Security Enabled: false Ozone Security Enabled: false Ozone HTTP Security Enabled: false 
2022-05-17 16:35:16,057 [Listener at 127.0.0.1/36845] INFO  server.AuthenticationFilter (AuthenticationFilter.java:constructSecretProvider(240)) - Unable to initialize FileSignerSecretProvider, falling back to use random secrets.
2022-05-17 16:35:16,068 [Listener at 127.0.0.1/36845] WARN  http.HttpRequestLog (HttpRequestLog.java:getRequestLog(103)) - Jetty request log can only be enabled using Log4j
2022-05-17 16:35:16,070 [Listener at 127.0.0.1/36845] INFO  http.HttpServer2 (HttpServer2.java:addGlobalFilter(1030)) - Added global filter 'safety' (class=org.apache.hadoop.hdds.server.http.HttpServer2$QuotingInputFilter)
2022-05-17 16:35:16,071 [Listener at 127.0.0.1/36845] INFO  http.HttpServer2 (HttpServer2.java:addFilter(1006)) - Added filter static_user_filter (class=org.apache.hadoop.http.lib.StaticUserWebFilter$StaticUserFilter) to context hddsDatanode
2022-05-17 16:35:16,071 [Listener at 127.0.0.1/36845] INFO  http.HttpServer2 (HttpServer2.java:addFilter(1014)) - Added filter static_user_filter (class=org.apache.hadoop.http.lib.StaticUserWebFilter$StaticUserFilter) to context logs
2022-05-17 16:35:16,071 [Listener at 127.0.0.1/36845] INFO  http.HttpServer2 (HttpServer2.java:addFilter(1014)) - Added filter static_user_filter (class=org.apache.hadoop.http.lib.StaticUserWebFilter$StaticUserFilter) to context static
2022-05-17 16:35:16,074 [Listener at 127.0.0.1/36845] INFO  http.HttpServer2 (HttpServer2.java:bindListener(1249)) - Jetty bound to port 41475
2022-05-17 16:35:16,074 [Listener at 127.0.0.1/36845] INFO  server.Server (Server.java:doStart(375)) - jetty-9.4.43.v20210629; built: 2021-06-30T11:07:22.254Z; git: 526006ecfa3af7f1a27ef3a288e2bef7ea9dd7e8; jvm 1.8.0_332-b09
2022-05-17 16:35:16,103 [Listener at 127.0.0.1/36845] INFO  server.session (DefaultSessionIdManager.java:doStart(334)) - DefaultSessionIdManager workerName=node0
2022-05-17 16:35:16,103 [Listener at 127.0.0.1/36845] INFO  server.session (DefaultSessionIdManager.java:doStart(339)) - No SessionScavenger set, using defaults
2022-05-17 16:35:16,103 [Listener at 127.0.0.1/36845] INFO  server.session (HouseKeeper.java:startScavenging(132)) - node0 Scavenging every 600000ms
2022-05-17 16:35:16,104 [Listener at 127.0.0.1/36845] INFO  handler.ContextHandler (ContextHandler.java:doStart(915)) - Started o.e.j.s.ServletContextHandler@3c1d9114{logs,/logs,file:///home/runner/work/ozone/ozone/hadoop-ozone/integration-test/target/log,AVAILABLE}
2022-05-17 16:35:16,104 [Listener at 127.0.0.1/36845] INFO  handler.ContextHandler (ContextHandler.java:doStart(915)) - Started o.e.j.s.ServletContextHandler@f7e49b{static,/static,jar:file:/home/runner/.m2/repository/org/apache/ozone/hdds-container-service/1.3.0-SNAPSHOT/hdds-container-service-1.3.0-SNAPSHOT.jar!/webapps/static,AVAILABLE}
2022-05-17 16:35:16,408 [Listener at 127.0.0.1/36845] INFO  handler.ContextHandler (ContextHandler.java:doStart(915)) - Started o.e.j.w.WebAppContext@5c234996{hddsDatanode,/,file:///tmp/jetty-0_0_0_0-41475-hdds-container-service-1_3_0-SNAPSHOT_jar-_-any-2263299647977139273/webapp/,AVAILABLE}{jar:file:/home/runner/.m2/repository/org/apache/ozone/hdds-container-service/1.3.0-SNAPSHOT/hdds-container-service-1.3.0-SNAPSHOT.jar!/webapps/hddsDatanode}
2022-05-17 16:35:16,433 [Listener at 127.0.0.1/36845] INFO  server.AbstractConnector (AbstractConnector.java:doStart(331)) - Started ServerConnector@2491aa04{HTTP/1.1, (http/1.1)}{0.0.0.0:41475}
2022-05-17 16:35:16,433 [Listener at 127.0.0.1/36845] INFO  server.Server (Server.java:doStart(415)) - Started @197631ms
2022-05-17 16:35:16,433 [Listener at 127.0.0.1/36845] WARN  impl.MetricsSystemImpl (MetricsSystemImpl.java:register(279)) - Sink prometheus already exists!
2022-05-17 16:35:16,434 [Listener at 127.0.0.1/36845] INFO  http.BaseHttpServer (BaseHttpServer.java:updateConnectorAddress(329)) - HTTP server of hddsDatanode listening at http://0.0.0.0:41475
2022-05-17 16:35:16,445 [Listener at 127.0.0.1/36845] WARN  impl.MetricRegistriesImpl (MetricRegistriesImpl.java:addReporterRegistration(111)) - New reporters are added after registries were created. Some metrics will be missing from the reporter. Please add reporter before adding any new registry.
2022-05-17 16:35:16,445 [Listener at 127.0.0.1/36845] WARN  impl.MetricRegistriesImpl (MetricRegistriesImpl.java:addReporterRegistration(111)) - New reporters are added after registries were created. Some metrics will be missing from the reporter. Please add reporter before adding any new registry.
2022-05-17 16:35:16,445 [Listener at 127.0.0.1/36845] INFO  impl.MetricsSystemImpl (MetricsSystemImpl.java:init(158)) - HddsDatanode metrics system started (again)
2022-05-17 16:35:16,453 [Datanode State Machine Daemon Thread] INFO  statemachine.DatanodeStateMachine (DatanodeStateMachine.java:lambda$startDaemon$0(481)) - Ozone container server started.
2022-05-17 16:35:16,485 [Listener at 127.0.0.1/36845] INFO  ozone.HddsDatanodeService (HddsDatanodeService.java:start(236)) - HddsDatanodeService host:fv-az297-879.nmf1rxwemy4u5di1sxxf4ejcwb.jx.internal.cloudapp.net ip:10.1.0.54
2022-05-17 16:35:16,506 [org.apache.hadoop.util.JvmPauseMonitor$Monitor@643989cf] INFO  util.JvmPauseMonitor (JvmPauseMonitor.java:run(188)) - Starting JVM pause monitor
2022-05-17 16:35:16,541 [Datanode State Machine Task Thread - 0] INFO  datanode.InitDatanodeState (InitDatanodeState.java:persistContainerDatanodeDetails(138)) - DatanodeDetails is persisted to /home/runner/work/ozone/ozone/hadoop-ozone/integration-test/target/test-dir/MiniOzoneClusterImpl-41fbf156-6dda-44b9-a756-3cbfdc5ceeae/datanode-1/meta/datanode.id
2022-05-17 16:35:16,574 [Listener at 127.0.0.1/36845] INFO  upgrade.AbstractLayoutVersionManager (AbstractLayoutVersionManager.java:init(79)) - Initializing Layout version manager with metadata layout = ERASURE_CODED_STORAGE_SUPPORT (version = 3), software layout = ERASURE_CODED_STORAGE_SUPPORT (version = 3)
2022-05-17 16:35:16,650 [Listener at 127.0.0.1/36845] INFO  reflections.Reflections (Reflections.java:scan(232)) - Reflections took 73 ms to scan 7 urls, producing 127 keys and 292 values 
2022-05-17 16:35:16,651 [Listener at 127.0.0.1/36845] INFO  statemachine.DatanodeStateMachine (DatanodeStateMachine.java:getEndPointTaskThreadPoolSize(233)) - Datanode State Machine Task Thread Pool size 2
2022-05-17 16:35:16,653 [Listener at 127.0.0.1/36845] INFO  volume.HddsVolume (HddsVolume.java:<init>(120)) - Creating HddsVolume: /home/runner/work/ozone/ozone/hadoop-ozone/integration-test/target/test-dir/MiniOzoneClusterImpl-41fbf156-6dda-44b9-a756-3cbfdc5ceeae/datanode-2/data-0/containers/hdds of storage type : DISK capacity : 9223372036854775807
2022-05-17 16:35:16,654 [Listener at 127.0.0.1/36845] INFO  volume.MutableVolumeSet (MutableVolumeSet.java:initializeVolumeSet(168)) - Added Volume : /home/runner/work/ozone/ozone/hadoop-ozone/integration-test/target/test-dir/MiniOzoneClusterImpl-41fbf156-6dda-44b9-a756-3cbfdc5ceeae/datanode-2/data-0/containers/hdds to VolumeSet
2022-05-17 16:35:16,654 [Listener at 127.0.0.1/36845] INFO  volume.ThrottledAsyncChecker (ThrottledAsyncChecker.java:schedule(141)) - Scheduling a check for /home/runner/work/ozone/ozone/hadoop-ozone/integration-test/target/test-dir/MiniOzoneClusterImpl-41fbf156-6dda-44b9-a756-3cbfdc5ceeae/datanode-2/data-0/containers/hdds
2022-05-17 16:35:16,665 [Listener at 127.0.0.1/36845] INFO  volume.StorageVolumeChecker (StorageVolumeChecker.java:checkAllVolumes(202)) - Scheduled health check for volume /home/runner/work/ozone/ozone/hadoop-ozone/integration-test/target/test-dir/MiniOzoneClusterImpl-41fbf156-6dda-44b9-a756-3cbfdc5ceeae/datanode-2/data-0/containers/hdds
2022-05-17 16:35:16,685 [Listener at 127.0.0.1/36845] INFO  volume.MutableVolumeSet (MutableVolumeSet.java:initializeVolumeSet(168)) - Added Volume : /home/runner/work/ozone/ozone/hadoop-ozone/integration-test/target/test-dir/MiniOzoneClusterImpl-41fbf156-6dda-44b9-a756-3cbfdc5ceeae/datanode-2/data/ratis to VolumeSet
2022-05-17 16:35:16,685 [Listener at 127.0.0.1/36845] INFO  volume.ThrottledAsyncChecker (ThrottledAsyncChecker.java:schedule(141)) - Scheduling a check for /home/runner/work/ozone/ozone/hadoop-ozone/integration-test/target/test-dir/MiniOzoneClusterImpl-41fbf156-6dda-44b9-a756-3cbfdc5ceeae/datanode-2/data/ratis
2022-05-17 16:35:16,688 [Listener at 127.0.0.1/36845] INFO  volume.StorageVolumeChecker (StorageVolumeChecker.java:checkAllVolumes(202)) - Scheduled health check for volume /home/runner/work/ozone/ozone/hadoop-ozone/integration-test/target/test-dir/MiniOzoneClusterImpl-41fbf156-6dda-44b9-a756-3cbfdc5ceeae/datanode-2/data/ratis
2022-05-17 16:35:16,704 [Thread-1418] INFO  ozoneimpl.ContainerReader (ContainerReader.java:readVolume(172)) - Finish verifying containers on volume /home/runner/work/ozone/ozone/hadoop-ozone/integration-test/target/test-dir/MiniOzoneClusterImpl-41fbf156-6dda-44b9-a756-3cbfdc5ceeae/datanode-2/data-0/containers/hdds
2022-05-17 16:35:16,704 [Listener at 127.0.0.1/36845] INFO  ozoneimpl.OzoneContainer (OzoneContainer.java:buildContainerSet(257)) - Build ContainerSet costs 0s
2022-05-17 16:35:16,706 [Listener at 127.0.0.1/36845] INFO  server.RaftServer (ConfUtils.java:logGet(44)) - raft.rpc.type = GRPC (default)
2022-05-17 16:35:16,711 [Listener at 127.0.0.1/36845] INFO  grpc.GrpcFactory (GrpcFactory.java:checkPooledByteBufAllocatorUseCacheForAllThreads(48)) - PERFORMANCE WARNING: useCacheForAllThreads is true that may cause Netty to create a lot garbage objects and, as a result, trigger GC.
	It is recommended to disable useCacheForAllThreads by setting -Dorg.apache.ratis.thirdparty.io.netty.allocator.useCacheForAllThreads=false in command line.
2022-05-17 16:35:16,711 [Listener at 127.0.0.1/36845] INFO  grpc.GrpcConfigKeys (ConfUtils.java:logGet(44)) - raft.grpc.admin.port = 0 (custom)
2022-05-17 16:35:16,711 [Listener at 127.0.0.1/36845] INFO  grpc.GrpcConfigKeys (ConfUtils.java:logGet(44)) - raft.grpc.client.port = 0 (custom)
2022-05-17 16:35:16,711 [Listener at 127.0.0.1/36845] INFO  grpc.GrpcConfigKeys (ConfUtils.java:logGet(44)) - raft.grpc.server.port = 0 (default)
2022-05-17 16:35:16,711 [Listener at 127.0.0.1/36845] INFO  server.GrpcService (ConfUtils.java:logGet(44)) - raft.grpc.message.size.max = 32MB (=33554432) (custom)
2022-05-17 16:35:16,712 [Listener at 127.0.0.1/36845] INFO  server.RaftServerConfigKeys (ConfUtils.java:logGet(44)) - raft.server.log.appender.buffer.byte-limit = 33554432 (custom)
2022-05-17 16:35:16,712 [Listener at 127.0.0.1/36845] INFO  server.GrpcService (ConfUtils.java:logGet(44)) - raft.grpc.flow.control.window = 5MB (=5242880) (custom)
2022-05-17 16:35:16,712 [Listener at 127.0.0.1/36845] INFO  server.RaftServerConfigKeys (ConfUtils.java:logGet(44)) - raft.server.rpc.request.timeout = 60s (custom)
2022-05-17 16:35:16,716 [Listener at 127.0.0.1/36845] INFO  impl.DataStreamServerImpl (ConfUtils.java:logGet(44)) - raft.datastream.type = DISABLED (default)
2022-05-17 16:35:16,717 [Listener at 127.0.0.1/36845] INFO  server.RaftServerConfigKeys (ConfUtils.java:logGet(44)) - raft.server.rpc.slowness.timeout = 300s (custom)
2022-05-17 16:35:16,717 [Listener at 127.0.0.1/36845] INFO  server.RaftServerConfigKeys (ConfUtils.java:logGet(44)) - raft.server.leaderelection.leader.step-down.wait-time = 10s (default)
2022-05-17 16:35:16,724 [Listener at 127.0.0.1/36845] INFO  server.RaftServerConfigKeys (ConfUtils.java:logGet(44)) - raft.server.storage.dir = [/home/runner/work/ozone/ozone/hadoop-ozone/integration-test/target/test-dir/MiniOzoneClusterImpl-41fbf156-6dda-44b9-a756-3cbfdc5ceeae/datanode-2/data/ratis] (custom)
2022-05-17 16:35:16,728 [Listener at 127.0.0.1/36845] INFO  server.XceiverServerGrpc (XceiverServerGrpc.java:<init>(132)) - GrpcServer channel type EpollServerSocketChannel
2022-05-17 16:35:16,737 [Listener at 127.0.0.1/36845] INFO  http.BaseHttpServer (BaseHttpServer.java:newHttpServer2BuilderForOzone(209)) - Starting Web-server for hddsDatanode at: http://0.0.0.0:0
2022-05-17 16:35:16,737 [Listener at 127.0.0.1/36845] INFO  http.BaseHttpServer (BaseHttpServer.java:<init>(107)) - Hadoop Security Enabled: false Ozone Security Enabled: false Ozone HTTP Security Enabled: false 
2022-05-17 16:35:16,739 [Listener at 127.0.0.1/36845] INFO  server.AuthenticationFilter (AuthenticationFilter.java:constructSecretProvider(240)) - Unable to initialize FileSignerSecretProvider, falling back to use random secrets.
2022-05-17 16:35:16,743 [Listener at 127.0.0.1/36845] WARN  http.HttpRequestLog (HttpRequestLog.java:getRequestLog(103)) - Jetty request log can only be enabled using Log4j
2022-05-17 16:35:16,744 [Listener at 127.0.0.1/36845] INFO  http.HttpServer2 (HttpServer2.java:addGlobalFilter(1030)) - Added global filter 'safety' (class=org.apache.hadoop.hdds.server.http.HttpServer2$QuotingInputFilter)
2022-05-17 16:35:16,745 [Listener at 127.0.0.1/36845] INFO  http.HttpServer2 (HttpServer2.java:addFilter(1006)) - Added filter static_user_filter (class=org.apache.hadoop.http.lib.StaticUserWebFilter$StaticUserFilter) to context hddsDatanode
2022-05-17 16:35:16,745 [Listener at 127.0.0.1/36845] INFO  http.HttpServer2 (HttpServer2.java:addFilter(1014)) - Added filter static_user_filter (class=org.apache.hadoop.http.lib.StaticUserWebFilter$StaticUserFilter) to context logs
2022-05-17 16:35:16,745 [Listener at 127.0.0.1/36845] INFO  http.HttpServer2 (HttpServer2.java:addFilter(1014)) - Added filter static_user_filter (class=org.apache.hadoop.http.lib.StaticUserWebFilter$StaticUserFilter) to context static
2022-05-17 16:35:16,745 [Listener at 127.0.0.1/36845] INFO  http.HttpServer2 (HttpServer2.java:bindListener(1249)) - Jetty bound to port 41437
2022-05-17 16:35:16,746 [Listener at 127.0.0.1/36845] INFO  server.Server (Server.java:doStart(375)) - jetty-9.4.43.v20210629; built: 2021-06-30T11:07:22.254Z; git: 526006ecfa3af7f1a27ef3a288e2bef7ea9dd7e8; jvm 1.8.0_332-b09
2022-05-17 16:35:16,758 [Listener at 127.0.0.1/36845] INFO  server.session (DefaultSessionIdManager.java:doStart(334)) - DefaultSessionIdManager workerName=node0
2022-05-17 16:35:16,759 [Listener at 127.0.0.1/36845] INFO  server.session (DefaultSessionIdManager.java:doStart(339)) - No SessionScavenger set, using defaults
2022-05-17 16:35:16,759 [Listener at 127.0.0.1/36845] INFO  server.session (HouseKeeper.java:startScavenging(132)) - node0 Scavenging every 600000ms
2022-05-17 16:35:16,768 [Listener at 127.0.0.1/36845] INFO  handler.ContextHandler (ContextHandler.java:doStart(915)) - Started o.e.j.s.ServletContextHandler@3cc73834{logs,/logs,file:///home/runner/work/ozone/ozone/hadoop-ozone/integration-test/target/log,AVAILABLE}
2022-05-17 16:35:16,768 [Listener at 127.0.0.1/36845] INFO  handler.ContextHandler (ContextHandler.java:doStart(915)) - Started o.e.j.s.ServletContextHandler@6ffe7432{static,/static,jar:file:/home/runner/.m2/repository/org/apache/ozone/hdds-container-service/1.3.0-SNAPSHOT/hdds-container-service-1.3.0-SNAPSHOT.jar!/webapps/static,AVAILABLE}
2022-05-17 16:35:17,103 [Listener at 127.0.0.1/36845] INFO  handler.ContextHandler (ContextHandler.java:doStart(915)) - Started o.e.j.w.WebAppContext@626cd10c{hddsDatanode,/,file:///tmp/jetty-0_0_0_0-41437-hdds-container-service-1_3_0-SNAPSHOT_jar-_-any-1054736983715661091/webapp/,AVAILABLE}{jar:file:/home/runner/.m2/repository/org/apache/ozone/hdds-container-service/1.3.0-SNAPSHOT/hdds-container-service-1.3.0-SNAPSHOT.jar!/webapps/hddsDatanode}
2022-05-17 16:35:17,115 [Listener at 127.0.0.1/36845] INFO  server.AbstractConnector (AbstractConnector.java:doStart(331)) - Started ServerConnector@2e2a1bdc{HTTP/1.1, (http/1.1)}{0.0.0.0:41437}
2022-05-17 16:35:17,116 [Listener at 127.0.0.1/36845] INFO  server.Server (Server.java:doStart(415)) - Started @198313ms
2022-05-17 16:35:17,116 [Listener at 127.0.0.1/36845] WARN  impl.MetricsSystemImpl (MetricsSystemImpl.java:register(279)) - Sink prometheus already exists!
2022-05-17 16:35:17,117 [Listener at 127.0.0.1/36845] INFO  http.BaseHttpServer (BaseHttpServer.java:updateConnectorAddress(329)) - HTTP server of hddsDatanode listening at http://0.0.0.0:41437
2022-05-17 16:35:17,117 [Listener at 127.0.0.1/36845] INFO  ozone.MiniOzoneClusterImpl (MiniOzoneClusterImpl.java:lambda$waitForClusterToBeReady$0(221)) - Waiting for nodes to be ready. Got 0 of 3 DN Heartbeats.
2022-05-17 16:35:17,117 [Listener at 127.0.0.1/36845] INFO  ozone.MiniOzoneClusterImpl (MiniOzoneClusterImpl.java:lambda$waitForClusterToBeReady$0(224)) - Waiting for cluster to exit safe mode
2022-05-17 16:35:17,118 [Listener at 127.0.0.1/36845] INFO  ozone.MiniOzoneClusterImpl (MiniOzoneClusterImpl.java:lambda$waitForClusterToBeReady$0(226)) - SCM became leader
2022-05-17 16:35:17,118 [Datanode State Machine Daemon Thread] INFO  statemachine.DatanodeStateMachine (DatanodeStateMachine.java:lambda$startDaemon$0(481)) - Ozone container server started.
2022-05-17 16:35:17,146 [org.apache.hadoop.util.JvmPauseMonitor$Monitor@6b0e657a] INFO  util.JvmPauseMonitor (JvmPauseMonitor.java:run(188)) - Starting JVM pause monitor
2022-05-17 16:35:17,148 [Datanode State Machine Task Thread - 0] INFO  datanode.InitDatanodeState (InitDatanodeState.java:persistContainerDatanodeDetails(138)) - DatanodeDetails is persisted to /home/runner/work/ozone/ozone/hadoop-ozone/integration-test/target/test-dir/MiniOzoneClusterImpl-41fbf156-6dda-44b9-a756-3cbfdc5ceeae/datanode-2/meta/datanode.id
2022-05-17 16:35:17,765 [EndpointStateMachine task thread for /0.0.0.0:38331 - 0 ] INFO  ozoneimpl.OzoneContainer (OzoneContainer.java:start(335)) - Attempting to start container services.
2022-05-17 16:35:17,766 [EndpointStateMachine task thread for /0.0.0.0:38331 - 0 ] INFO  ozoneimpl.OzoneContainer (OzoneContainer.java:startContainerScrub(270)) - Background container scanner has been disabled.
2022-05-17 16:35:17,786 [EndpointStateMachine task thread for /0.0.0.0:38331 - 0 ] INFO  replication.ReplicationServer (ReplicationServer.java:start(111)) - ReplicationServer is started using port 33521
2022-05-17 16:35:17,786 [EndpointStateMachine task thread for /0.0.0.0:38331 - 0 ] INFO  ratis.XceiverServerRatis (XceiverServerRatis.java:start(481)) - Starting XceiverServerRatis 9cec8234-b2c7-47b8-9d15-77d4699ef24c
2022-05-17 16:35:17,787 [EndpointStateMachine task thread for /0.0.0.0:38331 - 0 ] INFO  server.RaftServer (RaftServerProxy.java:lambda$start$5(374)) - 9cec8234-b2c7-47b8-9d15-77d4699ef24c: start RPC server
2022-05-17 16:35:17,791 [EndpointStateMachine task thread for /0.0.0.0:38331 - 0 ] INFO  server.GrpcService (GrpcService.java:startImpl(253)) - 9cec8234-b2c7-47b8-9d15-77d4699ef24c: GrpcService started, listening on 38423
2022-05-17 16:35:17,802 [EndpointStateMachine task thread for /0.0.0.0:38331 - 0 ] INFO  ratis.XceiverServerRatis (XceiverServerRatis.java:getRealPort(502)) - XceiverServerRatis 9cec8234-b2c7-47b8-9d15-77d4699ef24c is started using port 38423 for RATIS
2022-05-17 16:35:17,802 [EndpointStateMachine task thread for /0.0.0.0:38331 - 0 ] INFO  ratis.XceiverServerRatis (XceiverServerRatis.java:getRealPort(502)) - XceiverServerRatis 9cec8234-b2c7-47b8-9d15-77d4699ef24c is started using port 38423 for RATIS_ADMIN
2022-05-17 16:35:17,802 [EndpointStateMachine task thread for /0.0.0.0:38331 - 0 ] INFO  ratis.XceiverServerRatis (XceiverServerRatis.java:getRealPort(502)) - XceiverServerRatis 9cec8234-b2c7-47b8-9d15-77d4699ef24c is started using port 38423 for RATIS_SERVER
2022-05-17 16:35:17,802 [org.apache.ratis.util.JvmPauseMonitor$$Lambda$622/456676922@173d92ec] INFO  util.JvmPauseMonitor (JvmPauseMonitor.java:run(103)) - JvmPauseMonitor-9cec8234-b2c7-47b8-9d15-77d4699ef24c: Started
2022-05-17 16:35:17,817 [EndpointStateMachine task thread for /0.0.0.0:38331 - 0 ] INFO  server.XceiverServerGrpc (XceiverServerGrpc.java:start(180)) - XceiverServerGrpc 9cec8234-b2c7-47b8-9d15-77d4699ef24c is started using port 36939
2022-05-17 16:35:18,118 [Listener at 127.0.0.1/36845] INFO  ozone.MiniOzoneClusterImpl (MiniOzoneClusterImpl.java:lambda$waitForClusterToBeReady$0(221)) - Waiting for nodes to be ready. Got 0 of 3 DN Heartbeats.
2022-05-17 16:35:18,118 [Listener at 127.0.0.1/36845] INFO  ozone.MiniOzoneClusterImpl (MiniOzoneClusterImpl.java:lambda$waitForClusterToBeReady$0(224)) - Waiting for cluster to exit safe mode
2022-05-17 16:35:18,118 [Listener at 127.0.0.1/36845] INFO  ozone.MiniOzoneClusterImpl (MiniOzoneClusterImpl.java:lambda$waitForClusterToBeReady$0(226)) - SCM became leader
2022-05-17 16:35:18,526 [EndpointStateMachine task thread for /0.0.0.0:38331 - 0 ] INFO  ozoneimpl.OzoneContainer (OzoneContainer.java:start(335)) - Attempting to start container services.
2022-05-17 16:35:18,527 [EndpointStateMachine task thread for /0.0.0.0:38331 - 0 ] INFO  ozoneimpl.OzoneContainer (OzoneContainer.java:startContainerScrub(270)) - Background container scanner has been disabled.
2022-05-17 16:35:18,527 [EndpointStateMachine task thread for /0.0.0.0:38331 - 0 ] INFO  replication.ReplicationServer (ReplicationServer.java:start(111)) - ReplicationServer is started using port 33003
2022-05-17 16:35:18,545 [EndpointStateMachine task thread for /0.0.0.0:38331 - 0 ] INFO  ratis.XceiverServerRatis (XceiverServerRatis.java:start(481)) - Starting XceiverServerRatis 91ef6712-6125-4298-bcb9-2913db259823
2022-05-17 16:35:18,547 [EndpointStateMachine task thread for /0.0.0.0:38331 - 0 ] INFO  server.RaftServer (RaftServerProxy.java:lambda$start$5(374)) - 91ef6712-6125-4298-bcb9-2913db259823: start RPC server
2022-05-17 16:35:18,549 [EndpointStateMachine task thread for /0.0.0.0:38331 - 0 ] INFO  server.GrpcService (GrpcService.java:startImpl(253)) - 91ef6712-6125-4298-bcb9-2913db259823: GrpcService started, listening on 41873
2022-05-17 16:35:18,551 [EndpointStateMachine task thread for /0.0.0.0:38331 - 0 ] INFO  ratis.XceiverServerRatis (XceiverServerRatis.java:getRealPort(502)) - XceiverServerRatis 91ef6712-6125-4298-bcb9-2913db259823 is started using port 41873 for RATIS
2022-05-17 16:35:18,551 [EndpointStateMachine task thread for /0.0.0.0:38331 - 0 ] INFO  ratis.XceiverServerRatis (XceiverServerRatis.java:getRealPort(502)) - XceiverServerRatis 91ef6712-6125-4298-bcb9-2913db259823 is started using port 41873 for RATIS_ADMIN
2022-05-17 16:35:18,551 [EndpointStateMachine task thread for /0.0.0.0:38331 - 0 ] INFO  ratis.XceiverServerRatis (XceiverServerRatis.java:getRealPort(502)) - XceiverServerRatis 91ef6712-6125-4298-bcb9-2913db259823 is started using port 41873 for RATIS_SERVER
2022-05-17 16:35:18,551 [org.apache.ratis.util.JvmPauseMonitor$$Lambda$622/456676922@7259976] INFO  util.JvmPauseMonitor (JvmPauseMonitor.java:run(103)) - JvmPauseMonitor-91ef6712-6125-4298-bcb9-2913db259823: Started
2022-05-17 16:35:18,551 [EndpointStateMachine task thread for /0.0.0.0:38331 - 0 ] INFO  server.XceiverServerGrpc (XceiverServerGrpc.java:start(180)) - XceiverServerGrpc 91ef6712-6125-4298-bcb9-2913db259823 is started using port 35347
2022-05-17 16:35:19,119 [Listener at 127.0.0.1/36845] INFO  ozone.MiniOzoneClusterImpl (MiniOzoneClusterImpl.java:lambda$waitForClusterToBeReady$0(221)) - Waiting for nodes to be ready. Got 0 of 3 DN Heartbeats.
2022-05-17 16:35:19,119 [Listener at 127.0.0.1/36845] INFO  ozone.MiniOzoneClusterImpl (MiniOzoneClusterImpl.java:lambda$waitForClusterToBeReady$0(224)) - Waiting for cluster to exit safe mode
2022-05-17 16:35:19,119 [Listener at 127.0.0.1/36845] INFO  ozone.MiniOzoneClusterImpl (MiniOzoneClusterImpl.java:lambda$waitForClusterToBeReady$0(226)) - SCM became leader
2022-05-17 16:35:19,166 [EndpointStateMachine task thread for /0.0.0.0:38331 - 0 ] INFO  ozoneimpl.OzoneContainer (OzoneContainer.java:start(335)) - Attempting to start container services.
2022-05-17 16:35:19,166 [EndpointStateMachine task thread for /0.0.0.0:38331 - 0 ] INFO  ozoneimpl.OzoneContainer (OzoneContainer.java:startContainerScrub(270)) - Background container scanner has been disabled.
2022-05-17 16:35:19,167 [EndpointStateMachine task thread for /0.0.0.0:38331 - 0 ] INFO  replication.ReplicationServer (ReplicationServer.java:start(111)) - ReplicationServer is started using port 42301
2022-05-17 16:35:19,175 [EndpointStateMachine task thread for /0.0.0.0:38331 - 0 ] INFO  ratis.XceiverServerRatis (XceiverServerRatis.java:start(481)) - Starting XceiverServerRatis a3a5d823-2209-42c9-ae5e-bf7a716faf8f
2022-05-17 16:35:19,191 [EndpointStateMachine task thread for /0.0.0.0:38331 - 0 ] INFO  server.RaftServer (RaftServerProxy.java:lambda$start$5(374)) - a3a5d823-2209-42c9-ae5e-bf7a716faf8f: start RPC server
2022-05-17 16:35:19,193 [EndpointStateMachine task thread for /0.0.0.0:38331 - 0 ] INFO  server.GrpcService (GrpcService.java:startImpl(253)) - a3a5d823-2209-42c9-ae5e-bf7a716faf8f: GrpcService started, listening on 36303
2022-05-17 16:35:19,193 [EndpointStateMachine task thread for /0.0.0.0:38331 - 0 ] INFO  ratis.XceiverServerRatis (XceiverServerRatis.java:getRealPort(502)) - XceiverServerRatis a3a5d823-2209-42c9-ae5e-bf7a716faf8f is started using port 36303 for RATIS
2022-05-17 16:35:19,193 [EndpointStateMachine task thread for /0.0.0.0:38331 - 0 ] INFO  ratis.XceiverServerRatis (XceiverServerRatis.java:getRealPort(502)) - XceiverServerRatis a3a5d823-2209-42c9-ae5e-bf7a716faf8f is started using port 36303 for RATIS_ADMIN
2022-05-17 16:35:19,193 [EndpointStateMachine task thread for /0.0.0.0:38331 - 0 ] INFO  ratis.XceiverServerRatis (XceiverServerRatis.java:getRealPort(502)) - XceiverServerRatis a3a5d823-2209-42c9-ae5e-bf7a716faf8f is started using port 36303 for RATIS_SERVER
2022-05-17 16:35:19,194 [org.apache.ratis.util.JvmPauseMonitor$$Lambda$622/456676922@5c8fd689] INFO  util.JvmPauseMonitor (JvmPauseMonitor.java:run(103)) - JvmPauseMonitor-a3a5d823-2209-42c9-ae5e-bf7a716faf8f: Started
2022-05-17 16:35:19,200 [EndpointStateMachine task thread for /0.0.0.0:38331 - 0 ] INFO  server.XceiverServerGrpc (XceiverServerGrpc.java:start(180)) - XceiverServerGrpc a3a5d823-2209-42c9-ae5e-bf7a716faf8f is started using port 37257
2022-05-17 16:35:19,743 [IPC Server handler 18 on default port 38331] INFO  net.NetworkTopologyImpl (NetworkTopologyImpl.java:add(112)) - Added a new node: /default-rack/9cec8234-b2c7-47b8-9d15-77d4699ef24c
2022-05-17 16:35:19,743 [IPC Server handler 18 on default port 38331] INFO  node.SCMNodeManager (SCMNodeManager.java:register(393)) - Registered Data node : 9cec8234-b2c7-47b8-9d15-77d4699ef24c{ip: 10.1.0.54, host: fv-az297-879.nmf1rxwemy4u5di1sxxf4ejcwb.jx.internal.cloudapp.net, ports: [REPLICATION=33521, RATIS=38423, RATIS_ADMIN=38423, RATIS_SERVER=38423, STANDALONE=36939], networkLocation: /default-rack, certSerialId: null, persistedOpState: null, persistedOpStateExpiryEpochSec: 0}
2022-05-17 16:35:19,746 [EventQueue-NodeRegistrationContainerReportForContainerSafeModeRule] INFO  safemode.SCMSafeModeManager (SCMSafeModeManager.java:validateSafeModeExitRules(204)) - ContainerSafeModeRule rule is successfully validated
2022-05-17 16:35:19,746 [EventQueue-NodeRegistrationContainerReportForDataNodeSafeModeRule] INFO  safemode.SCMSafeModeManager (DataNodeSafeModeRule.java:process(71)) - SCM in safe mode. 1 DataNodes registered, 3 required.
2022-05-17 16:35:19,769 [EventQueue-PipelineReportForOneReplicaPipelineSafeModeRule] INFO  safemode.SCMSafeModeManager (SCMSafeModeManager.java:validateSafeModeExitRules(204)) - AtleastOneDatanodeReportedRule rule is successfully validated
2022-05-17 16:35:19,805 [EventQueue-NewNodeForNewNodeHandler] INFO  pipeline.BackgroundPipelineCreator (BackgroundPipelineCreator.java:notifyEventTriggered(272)) - trigger a one-shot run on RatisPipelineUtilsThread.
2022-05-17 16:35:19,805 [RatisPipelineUtilsThread - 0] INFO  pipeline.RatisPipelineProvider (RatisPipelineProvider.java:lambda$create$0(195)) - Sending CreatePipelineCommand for pipeline:PipelineID=5a89fd32-10fc-4d9e-a180-efb559971755 to datanode:9cec8234-b2c7-47b8-9d15-77d4699ef24c
2022-05-17 16:35:19,809 [RatisPipelineUtilsThread - 0] INFO  pipeline.PipelineStateManagerImpl (PipelineStateManagerImpl.java:addPipeline(101)) - Created pipeline Pipeline[ Id: 5a89fd32-10fc-4d9e-a180-efb559971755, Nodes: 9cec8234-b2c7-47b8-9d15-77d4699ef24c{ip: 10.1.0.54, host: fv-az297-879.nmf1rxwemy4u5di1sxxf4ejcwb.jx.internal.cloudapp.net, ports: [REPLICATION=33521, RATIS=38423, RATIS_ADMIN=38423, RATIS_SERVER=38423, STANDALONE=36939], networkLocation: /default-rack, certSerialId: null, persistedOpState: IN_SERVICE, persistedOpStateExpiryEpochSec: 0}, ReplicationConfig: RATIS/ONE, State:ALLOCATED, leaderId:, CreationTimestamp2022-05-17T16:35:19.805Z[Etc/UTC]].
2022-05-17 16:35:20,119 [Listener at 127.0.0.1/36845] INFO  ozone.MiniOzoneClusterImpl (MiniOzoneClusterImpl.java:lambda$waitForClusterToBeReady$0(221)) - Waiting for nodes to be ready. Got 1 of 3 DN Heartbeats.
2022-05-17 16:35:20,120 [Listener at 127.0.0.1/36845] INFO  ozone.MiniOzoneClusterImpl (MiniOzoneClusterImpl.java:lambda$waitForClusterToBeReady$0(224)) - Waiting for cluster to exit safe mode
2022-05-17 16:35:20,120 [Listener at 127.0.0.1/36845] INFO  ozone.MiniOzoneClusterImpl (MiniOzoneClusterImpl.java:lambda$waitForClusterToBeReady$0(226)) - SCM became leader
2022-05-17 16:35:20,507 [IPC Server handler 19 on default port 38331] INFO  net.NetworkTopologyImpl (NetworkTopologyImpl.java:add(112)) - Added a new node: /default-rack/91ef6712-6125-4298-bcb9-2913db259823
2022-05-17 16:35:20,508 [IPC Server handler 19 on default port 38331] INFO  node.SCMNodeManager (SCMNodeManager.java:register(393)) - Registered Data node : 91ef6712-6125-4298-bcb9-2913db259823{ip: 10.1.0.54, host: fv-az297-879.nmf1rxwemy4u5di1sxxf4ejcwb.jx.internal.cloudapp.net, ports: [REPLICATION=33003, RATIS=41873, RATIS_ADMIN=41873, RATIS_SERVER=41873, STANDALONE=35347], networkLocation: /default-rack, certSerialId: null, persistedOpState: null, persistedOpStateExpiryEpochSec: 0}
2022-05-17 16:35:20,509 [EventQueue-NewNodeForNewNodeHandler] INFO  pipeline.BackgroundPipelineCreator (BackgroundPipelineCreator.java:notifyEventTriggered(272)) - trigger a one-shot run on RatisPipelineUtilsThread.
2022-05-17 16:35:20,509 [EventQueue-NodeRegistrationContainerReportForDataNodeSafeModeRule] INFO  safemode.SCMSafeModeManager (DataNodeSafeModeRule.java:process(71)) - SCM in safe mode. 2 DataNodes registered, 3 required.
2022-05-17 16:35:20,529 [RatisPipelineUtilsThread - 0] INFO  pipeline.RatisPipelineProvider (RatisPipelineProvider.java:lambda$create$0(195)) - Sending CreatePipelineCommand for pipeline:PipelineID=a7d041a7-3358-4d39-97ce-1f9c2189c5a2 to datanode:91ef6712-6125-4298-bcb9-2913db259823
2022-05-17 16:35:20,530 [RatisPipelineUtilsThread - 0] INFO  pipeline.PipelineStateManagerImpl (PipelineStateManagerImpl.java:addPipeline(101)) - Created pipeline Pipeline[ Id: a7d041a7-3358-4d39-97ce-1f9c2189c5a2, Nodes: 91ef6712-6125-4298-bcb9-2913db259823{ip: 10.1.0.54, host: fv-az297-879.nmf1rxwemy4u5di1sxxf4ejcwb.jx.internal.cloudapp.net, ports: [REPLICATION=33003, RATIS=41873, RATIS_ADMIN=41873, RATIS_SERVER=41873, STANDALONE=35347], networkLocation: /default-rack, certSerialId: null, persistedOpState: IN_SERVICE, persistedOpStateExpiryEpochSec: 0}, ReplicationConfig: RATIS/ONE, State:ALLOCATED, leaderId:, CreationTimestamp2022-05-17T16:35:20.529Z[Etc/UTC]].
2022-05-17 16:35:21,120 [Listener at 127.0.0.1/36845] INFO  ozone.MiniOzoneClusterImpl (MiniOzoneClusterImpl.java:lambda$waitForClusterToBeReady$0(221)) - Waiting for nodes to be ready. Got 2 of 3 DN Heartbeats.
2022-05-17 16:35:21,120 [Listener at 127.0.0.1/36845] INFO  ozone.MiniOzoneClusterImpl (MiniOzoneClusterImpl.java:lambda$waitForClusterToBeReady$0(224)) - Waiting for cluster to exit safe mode
2022-05-17 16:35:21,120 [Listener at 127.0.0.1/36845] INFO  ozone.MiniOzoneClusterImpl (MiniOzoneClusterImpl.java:lambda$waitForClusterToBeReady$0(226)) - SCM became leader
2022-05-17 16:35:21,150 [IPC Server handler 17 on default port 38331] INFO  net.NetworkTopologyImpl (NetworkTopologyImpl.java:add(112)) - Added a new node: /default-rack/a3a5d823-2209-42c9-ae5e-bf7a716faf8f
2022-05-17 16:35:21,152 [IPC Server handler 17 on default port 38331] INFO  node.SCMNodeManager (SCMNodeManager.java:register(393)) - Registered Data node : a3a5d823-2209-42c9-ae5e-bf7a716faf8f{ip: 10.1.0.54, host: fv-az297-879.nmf1rxwemy4u5di1sxxf4ejcwb.jx.internal.cloudapp.net, ports: [REPLICATION=42301, RATIS=36303, RATIS_ADMIN=36303, RATIS_SERVER=36303, STANDALONE=37257], networkLocation: /default-rack, certSerialId: null, persistedOpState: null, persistedOpStateExpiryEpochSec: 0}
2022-05-17 16:35:21,152 [EventQueue-NewNodeForNewNodeHandler] INFO  pipeline.BackgroundPipelineCreator (BackgroundPipelineCreator.java:notifyEventTriggered(272)) - trigger a one-shot run on RatisPipelineUtilsThread.
2022-05-17 16:35:21,153 [EventQueue-NodeRegistrationContainerReportForDataNodeSafeModeRule] INFO  safemode.SCMSafeModeManager (DataNodeSafeModeRule.java:process(71)) - SCM in safe mode. 3 DataNodes registered, 3 required.
2022-05-17 16:35:21,153 [EventQueue-NodeRegistrationContainerReportForDataNodeSafeModeRule] INFO  safemode.SCMSafeModeManager (SCMSafeModeManager.java:validateSafeModeExitRules(204)) - DataNodeSafeModeRule rule is successfully validated
2022-05-17 16:35:21,153 [EventQueue-NodeRegistrationContainerReportForDataNodeSafeModeRule] INFO  safemode.SCMSafeModeManager (SCMSafeModeManager.java:completePreCheck(233)) - All SCM safe mode pre check rules have passed
2022-05-17 16:35:21,153 [EventQueue-NodeRegistrationContainerReportForDataNodeSafeModeRule] WARN  events.EventQueue (EventQueue.java:fireEvent(194)) - No event handler registered for event TypedEvent{payloadType=SafeModeStatus, name='Safe mode status'}
2022-05-17 16:35:21,153 [EventQueue-NodeRegistrationContainerReportForDataNodeSafeModeRule] INFO  ha.SCMContext (SCMContext.java:updateSafeModeStatus(211)) - Update SafeModeStatus from SafeModeStatus{safeModeStatus=true, preCheckPassed=false} to SafeModeStatus{safeModeStatus=true, preCheckPassed=true}.
2022-05-17 16:35:21,153 [EventQueue-NodeRegistrationContainerReportForDataNodeSafeModeRule] INFO  pipeline.BackgroundPipelineCreator (BackgroundPipelineCreator.java:notifyEventTriggered(272)) - trigger a one-shot run on RatisPipelineUtilsThread.
2022-05-17 16:35:21,167 [RatisPipelineUtilsThread - 0] INFO  pipeline.RatisPipelineProvider (RatisPipelineProvider.java:lambda$create$0(195)) - Sending CreatePipelineCommand for pipeline:PipelineID=4f10ffda-9ed6-401d-832a-cc5232dc3417 to datanode:a3a5d823-2209-42c9-ae5e-bf7a716faf8f
2022-05-17 16:35:21,168 [RatisPipelineUtilsThread - 0] INFO  pipeline.PipelineStateManagerImpl (PipelineStateManagerImpl.java:addPipeline(101)) - Created pipeline Pipeline[ Id: 4f10ffda-9ed6-401d-832a-cc5232dc3417, Nodes: a3a5d823-2209-42c9-ae5e-bf7a716faf8f{ip: 10.1.0.54, host: fv-az297-879.nmf1rxwemy4u5di1sxxf4ejcwb.jx.internal.cloudapp.net, ports: [REPLICATION=42301, RATIS=36303, RATIS_ADMIN=36303, RATIS_SERVER=36303, STANDALONE=37257], networkLocation: /default-rack, certSerialId: null, persistedOpState: IN_SERVICE, persistedOpStateExpiryEpochSec: 0}, ReplicationConfig: RATIS/ONE, State:ALLOCATED, leaderId:, CreationTimestamp2022-05-17T16:35:21.167Z[Etc/UTC]].
2022-05-17 16:35:21,168 [RatisPipelineUtilsThread - 0] INFO  pipeline.RatisPipelineProvider (RatisPipelineProvider.java:lambda$create$0(195)) - Sending CreatePipelineCommand for pipeline:PipelineID=e63fb157-83c1-43d4-b12b-ac37a57ef036 to datanode:a3a5d823-2209-42c9-ae5e-bf7a716faf8f
2022-05-17 16:35:21,169 [RatisPipelineUtilsThread - 0] INFO  pipeline.RatisPipelineProvider (RatisPipelineProvider.java:lambda$create$0(195)) - Sending CreatePipelineCommand for pipeline:PipelineID=e63fb157-83c1-43d4-b12b-ac37a57ef036 to datanode:91ef6712-6125-4298-bcb9-2913db259823
2022-05-17 16:35:21,169 [RatisPipelineUtilsThread - 0] INFO  pipeline.RatisPipelineProvider (RatisPipelineProvider.java:lambda$create$0(195)) - Sending CreatePipelineCommand for pipeline:PipelineID=e63fb157-83c1-43d4-b12b-ac37a57ef036 to datanode:9cec8234-b2c7-47b8-9d15-77d4699ef24c
2022-05-17 16:35:21,169 [RatisPipelineUtilsThread - 0] INFO  pipeline.PipelineStateManagerImpl (PipelineStateManagerImpl.java:addPipeline(101)) - Created pipeline Pipeline[ Id: e63fb157-83c1-43d4-b12b-ac37a57ef036, Nodes: a3a5d823-2209-42c9-ae5e-bf7a716faf8f{ip: 10.1.0.54, host: fv-az297-879.nmf1rxwemy4u5di1sxxf4ejcwb.jx.internal.cloudapp.net, ports: [REPLICATION=42301, RATIS=36303, RATIS_ADMIN=36303, RATIS_SERVER=36303, STANDALONE=37257], networkLocation: /default-rack, certSerialId: null, persistedOpState: IN_SERVICE, persistedOpStateExpiryEpochSec: 0}91ef6712-6125-4298-bcb9-2913db259823{ip: 10.1.0.54, host: fv-az297-879.nmf1rxwemy4u5di1sxxf4ejcwb.jx.internal.cloudapp.net, ports: [REPLICATION=33003, RATIS=41873, RATIS_ADMIN=41873, RATIS_SERVER=41873, STANDALONE=35347], networkLocation: /default-rack, certSerialId: null, persistedOpState: IN_SERVICE, persistedOpStateExpiryEpochSec: 0}9cec8234-b2c7-47b8-9d15-77d4699ef24c{ip: 10.1.0.54, host: fv-az297-879.nmf1rxwemy4u5di1sxxf4ejcwb.jx.internal.cloudapp.net, ports: [REPLICATION=33521, RATIS=38423, RATIS_ADMIN=38423, RATIS_SERVER=38423, STANDALONE=36939], networkLocation: /default-rack, certSerialId: null, persistedOpState: IN_SERVICE, persistedOpStateExpiryEpochSec: 0}, ReplicationConfig: RATIS/THREE, State:ALLOCATED, leaderId:, CreationTimestamp2022-05-17T16:35:21.168Z[Etc/UTC]].
2022-05-17 16:35:21,171 [RatisPipelineUtilsThread - 0] INFO  pipeline.RatisPipelineProvider (RatisPipelineProvider.java:lambda$create$0(195)) - Sending CreatePipelineCommand for pipeline:PipelineID=d8a19e88-14fb-47ef-aa7c-dbef30f02b51 to datanode:91ef6712-6125-4298-bcb9-2913db259823
2022-05-17 16:35:21,171 [RatisPipelineUtilsThread - 0] INFO  pipeline.RatisPipelineProvider (RatisPipelineProvider.java:lambda$create$0(195)) - Sending CreatePipelineCommand for pipeline:PipelineID=d8a19e88-14fb-47ef-aa7c-dbef30f02b51 to datanode:a3a5d823-2209-42c9-ae5e-bf7a716faf8f
2022-05-17 16:35:21,171 [RatisPipelineUtilsThread - 0] INFO  pipeline.RatisPipelineProvider (RatisPipelineProvider.java:lambda$create$0(195)) - Sending CreatePipelineCommand for pipeline:PipelineID=d8a19e88-14fb-47ef-aa7c-dbef30f02b51 to datanode:9cec8234-b2c7-47b8-9d15-77d4699ef24c
2022-05-17 16:35:21,172 [RatisPipelineUtilsThread - 0] INFO  pipeline.PipelineStateManagerImpl (PipelineStateManagerImpl.java:addPipeline(101)) - Created pipeline Pipeline[ Id: d8a19e88-14fb-47ef-aa7c-dbef30f02b51, Nodes: 91ef6712-6125-4298-bcb9-2913db259823{ip: 10.1.0.54, host: fv-az297-879.nmf1rxwemy4u5di1sxxf4ejcwb.jx.internal.cloudapp.net, ports: [REPLICATION=33003, RATIS=41873, RATIS_ADMIN=41873, RATIS_SERVER=41873, STANDALONE=35347], networkLocation: /default-rack, certSerialId: null, persistedOpState: IN_SERVICE, persistedOpStateExpiryEpochSec: 0}a3a5d823-2209-42c9-ae5e-bf7a716faf8f{ip: 10.1.0.54, host: fv-az297-879.nmf1rxwemy4u5di1sxxf4ejcwb.jx.internal.cloudapp.net, ports: [REPLICATION=42301, RATIS=36303, RATIS_ADMIN=36303, RATIS_SERVER=36303, STANDALONE=37257], networkLocation: /default-rack, certSerialId: null, persistedOpState: IN_SERVICE, persistedOpStateExpiryEpochSec: 0}9cec8234-b2c7-47b8-9d15-77d4699ef24c{ip: 10.1.0.54, host: fv-az297-879.nmf1rxwemy4u5di1sxxf4ejcwb.jx.internal.cloudapp.net, ports: [REPLICATION=33521, RATIS=38423, RATIS_ADMIN=38423, RATIS_SERVER=38423, STANDALONE=36939], networkLocation: /default-rack, certSerialId: null, persistedOpState: IN_SERVICE, persistedOpStateExpiryEpochSec: 0}, ReplicationConfig: RATIS/THREE, State:ALLOCATED, leaderId:, CreationTimestamp2022-05-17T16:35:21.171Z[Etc/UTC]].
2022-05-17 16:35:21,172 [RatisPipelineUtilsThread - 0] INFO  pipeline.PipelineManagerImpl (PipelineManagerImpl.java:recordMetricsForPipeline(695)) - Pipeline: PipelineID=d8a19e88-14fb-47ef-aa7c-dbef30f02b51 contains same datanodes as previous pipelines: PipelineID=e63fb157-83c1-43d4-b12b-ac37a57ef036 nodeIds: 91ef6712-6125-4298-bcb9-2913db259823, a3a5d823-2209-42c9-ae5e-bf7a716faf8f, 9cec8234-b2c7-47b8-9d15-77d4699ef24c
2022-05-17 16:35:22,121 [Listener at 127.0.0.1/36845] INFO  ozone.MiniOzoneClusterImpl (MiniOzoneClusterImpl.java:lambda$waitForClusterToBeReady$0(221)) - Nodes are ready. Got 3 of 3 DN Heartbeats.
2022-05-17 16:35:22,125 [Listener at 127.0.0.1/36845] INFO  ozone.MiniOzoneClusterImpl (MiniOzoneClusterImpl.java:lambda$waitForClusterToBeReady$0(224)) - Waiting for cluster to exit safe mode
2022-05-17 16:35:22,125 [Listener at 127.0.0.1/36845] INFO  ozone.MiniOzoneClusterImpl (MiniOzoneClusterImpl.java:lambda$waitForClusterToBeReady$0(226)) - SCM became leader
2022-05-17 16:35:22,741 [Command processor thread] INFO  server.RaftServer (RaftServerProxy.java:addNew(95)) - 9cec8234-b2c7-47b8-9d15-77d4699ef24c: addNew group-EFB559971755:[9cec8234-b2c7-47b8-9d15-77d4699ef24c|rpc:10.1.0.54:38423|priority:1] returns group-EFB559971755:java.util.concurrent.CompletableFuture@eedb9d0[Not completed]
2022-05-17 16:35:22,745 [pool-703-thread-1] INFO  server.RaftServer$Division (RaftServerImpl.java:<init>(184)) - 9cec8234-b2c7-47b8-9d15-77d4699ef24c: new RaftServerImpl for group-EFB559971755:[9cec8234-b2c7-47b8-9d15-77d4699ef24c|rpc:10.1.0.54:38423|priority:1] with ContainerStateMachine:uninitialized
2022-05-17 16:35:22,745 [pool-703-thread-1] INFO  server.RaftServerConfigKeys (ConfUtils.java:logGet(44)) - raft.server.rpc.timeout.min = 5s (custom)
2022-05-17 16:35:22,745 [pool-703-thread-1] INFO  server.RaftServerConfigKeys (ConfUtils.java:logGet(44)) - raft.server.rpc.timeout.max = 5200ms (custom)
2022-05-17 16:35:22,745 [pool-703-thread-1] INFO  server.RaftServerConfigKeys (ConfUtils.java:logGet(44)) - raft.server.rpc.sleep.time = 25ms (default)
2022-05-17 16:35:22,745 [pool-703-thread-1] INFO  server.RaftServerConfigKeys (ConfUtils.java:logGet(44)) - raft.server.rpc.slowness.timeout = 300s (custom)
2022-05-17 16:35:22,745 [pool-703-thread-1] INFO  server.RaftServerConfigKeys (ConfUtils.java:logGet(44)) - raft.server.leaderelection.leader.step-down.wait-time = 10s (default)
2022-05-17 16:35:22,745 [pool-703-thread-1] INFO  server.RaftServerConfigKeys (ConfUtils.java:logGet(44)) - raft.server.sleep.deviation.threshold = 300ms (default)
2022-05-17 16:35:22,745 [pool-703-thread-1] INFO  server.RaftServerConfigKeys (ConfUtils.java:logGet(44)) - raft.server.log.appender.install.snapshot.enabled = false (custom)
2022-05-17 16:35:22,745 [pool-703-thread-1] INFO  server.RaftServer$Division (ServerState.java:<init>(105)) - 9cec8234-b2c7-47b8-9d15-77d4699ef24c@group-EFB559971755: ConfigurationManager, init=-1: [9cec8234-b2c7-47b8-9d15-77d4699ef24c|rpc:10.1.0.54:38423|priority:1], old=null, confs=<EMPTY_MAP>
2022-05-17 16:35:22,745 [pool-703-thread-1] INFO  server.RaftServerConfigKeys (ConfUtils.java:logGet(44)) - raft.server.storage.dir = [/home/runner/work/ozone/ozone/hadoop-ozone/integration-test/target/test-dir/MiniOzoneClusterImpl-41fbf156-6dda-44b9-a756-3cbfdc5ceeae/datanode-0/data/ratis] (custom)
2022-05-17 16:35:22,746 [pool-703-thread-1] INFO  server.RaftServerConfigKeys (ConfUtils.java:logGet(44)) - raft.server.log.corruption.policy = EXCEPTION (default)
2022-05-17 16:35:22,746 [pool-703-thread-1] INFO  server.RaftServerConfigKeys (ConfUtils.java:logGet(44)) - raft.server.storage.free-space.min = 0MB (=0) (default)
2022-05-17 16:35:22,746 [pool-703-thread-1] INFO  storage.RaftStorageDirectory (RaftStorageDirectoryImpl.java:analyzeStorage(135)) - The storage directory /home/runner/work/ozone/ozone/hadoop-ozone/integration-test/target/test-dir/MiniOzoneClusterImpl-41fbf156-6dda-44b9-a756-3cbfdc5ceeae/datanode-0/data/ratis/5a89fd32-10fc-4d9e-a180-efb559971755 does not exist. Creating ...
2022-05-17 16:35:22,778 [pool-703-thread-1] INFO  storage.RaftStorageDirectory (RaftStorageDirectoryImpl.java:tryLock(230)) - Lock on /home/runner/work/ozone/ozone/hadoop-ozone/integration-test/target/test-dir/MiniOzoneClusterImpl-41fbf156-6dda-44b9-a756-3cbfdc5ceeae/datanode-0/data/ratis/5a89fd32-10fc-4d9e-a180-efb559971755/in_use.lock acquired by nodename 17133@fv-az297-879
2022-05-17 16:35:22,784 [pool-703-thread-1] INFO  storage.RaftStorage (RaftStorageImpl.java:format(89)) - Storage directory /home/runner/work/ozone/ozone/hadoop-ozone/integration-test/target/test-dir/MiniOzoneClusterImpl-41fbf156-6dda-44b9-a756-3cbfdc5ceeae/datanode-0/data/ratis/5a89fd32-10fc-4d9e-a180-efb559971755 has been successfully formatted.
2022-05-17 16:35:22,800 [pool-703-thread-1] INFO  ratis.ContainerStateMachine (ContainerStateMachine.java:loadSnapshot(236)) - group-EFB559971755: The snapshot info is null. Setting the last applied indexto:(t:0, i:~)
2022-05-17 16:35:22,800 [pool-703-thread-1] INFO  server.RaftServerConfigKeys (ConfUtils.java:logGet(44)) - raft.server.notification.no-leader.timeout = 300s (custom)
2022-05-17 16:35:22,800 [pool-703-thread-1] INFO  server.RaftServerConfigKeys (ConfUtils.java:logGet(44)) - raft.server.log.use.memory = false (default)
2022-05-17 16:35:22,800 [pool-703-thread-1] INFO  server.RaftServerConfigKeys (ConfUtils.java:logGet(44)) - raft.server.log.purge.gap = 1000000 (custom)
2022-05-17 16:35:22,801 [pool-703-thread-1] INFO  server.RaftServerConfigKeys (ConfUtils.java:logGet(44)) - raft.server.log.appender.buffer.byte-limit = 33554432 (custom)
2022-05-17 16:35:22,801 [pool-703-thread-1] INFO  server.RaftServerConfigKeys (ConfUtils.java:logGet(44)) - raft.server.log.segment.size.max = 1048576 (custom)
2022-05-17 16:35:22,803 [EventQueue-PipelineReportForPipelineReportHandler] INFO  pipeline.PipelineManagerImpl (PipelineManagerImpl.java:openPipeline(336)) - Pipeline Pipeline[ Id: 5a89fd32-10fc-4d9e-a180-efb559971755, Nodes: 9cec8234-b2c7-47b8-9d15-77d4699ef24c{ip: 10.1.0.54, host: fv-az297-879.nmf1rxwemy4u5di1sxxf4ejcwb.jx.internal.cloudapp.net, ports: [REPLICATION=33521, RATIS=38423, RATIS_ADMIN=38423, RATIS_SERVER=38423, STANDALONE=36939], networkLocation: /default-rack, certSerialId: null, persistedOpState: IN_SERVICE, persistedOpStateExpiryEpochSec: 0}, ReplicationConfig: RATIS/ONE, State:ALLOCATED, leaderId:9cec8234-b2c7-47b8-9d15-77d4699ef24c, CreationTimestamp2022-05-17T16:35:19.805Z[Etc/UTC]] moved to OPEN state
2022-05-17 16:35:22,806 [EventQueue-OpenPipelineForHealthyPipelineSafeModeRule] INFO  safemode.SCMSafeModeManager (HealthyPipelineSafeModeRule.java:process(124)) - SCM in safe mode. Healthy pipelines reported count is 0, required healthy pipeline reported count is 1
2022-05-17 16:35:22,810 [pool-703-thread-1] INFO  server.RaftServerConfigKeys (ConfUtils.java:logGet(44)) - raft.server.log.segment.cache.num.max = 2 (custom)
2022-05-17 16:35:22,823 [pool-703-thread-1] INFO  server.RaftServerConfigKeys (ConfUtils.java:logGet(44)) - raft.server.log.segment.cache.size.max = 200MB (=209715200) (default)
2022-05-17 16:35:22,823 [pool-703-thread-1] INFO  segmented.SegmentedRaftLogWorker (SegmentedRaftLogWorker.java:<init>(182)) - new 9cec8234-b2c7-47b8-9d15-77d4699ef24c@group-EFB559971755-SegmentedRaftLogWorker for RaftStorageImpl:Storage Directory /home/runner/work/ozone/ozone/hadoop-ozone/integration-test/target/test-dir/MiniOzoneClusterImpl-41fbf156-6dda-44b9-a756-3cbfdc5ceeae/datanode-0/data/ratis/5a89fd32-10fc-4d9e-a180-efb559971755
2022-05-17 16:35:22,823 [pool-703-thread-1] INFO  server.RaftServerConfigKeys (ConfUtils.java:logGet(44)) - raft.server.log.queue.byte-limit = 4294967296 (custom)
2022-05-17 16:35:22,823 [pool-703-thread-1] INFO  server.RaftServerConfigKeys (ConfUtils.java:logGet(44)) - raft.server.log.queue.element-limit = 1024 (custom)
2022-05-17 16:35:22,824 [pool-703-thread-1] INFO  server.RaftServerConfigKeys (ConfUtils.java:logGet(44)) - raft.server.log.segment.size.max = 1048576 (custom)
2022-05-17 16:35:22,824 [pool-703-thread-1] INFO  server.RaftServerConfigKeys (ConfUtils.java:logGet(44)) - raft.server.log.preallocated.size = 16384 (custom)
2022-05-17 16:35:22,824 [pool-703-thread-1] INFO  server.RaftServerConfigKeys (ConfUtils.java:logGet(44)) - raft.server.log.force.sync.num = 128 (default)
2022-05-17 16:35:22,824 [pool-703-thread-1] INFO  server.RaftServerConfigKeys (ConfUtils.java:logGet(44)) - raft.server.log.statemachine.data.sync = true (default)
2022-05-17 16:35:22,824 [pool-703-thread-1] INFO  server.RaftServerConfigKeys (ConfUtils.java:logGet(44)) - raft.server.log.statemachine.data.sync.timeout = 10s (default)
2022-05-17 16:35:22,824 [pool-703-thread-1] INFO  server.RaftServerConfigKeys (ConfUtils.java:logGet(44)) - raft.server.log.statemachine.data.sync.timeout.retry = -1 (default)
2022-05-17 16:35:22,825 [pool-703-thread-1] INFO  server.RaftServerConfigKeys (ConfUtils.java:logGet(44)) - raft.server.log.write.buffer.size = 1048576 (custom)
2022-05-17 16:35:22,829 [pool-703-thread-1] INFO  server.RaftServerConfigKeys (ConfUtils.java:logGet(44)) - raft.server.log.statemachine.data.caching.enabled = true (custom)
2022-05-17 16:35:22,829 [pool-703-thread-1] INFO  segmented.SegmentedRaftLogWorker (SegmentedRaftLogWorker.java:lambda$new$0(133)) - 9cec8234-b2c7-47b8-9d15-77d4699ef24c@group-EFB559971755-SegmentedRaftLogWorker: flushIndex: setUnconditionally 0 -> -1
2022-05-17 16:35:22,829 [pool-703-thread-1] INFO  segmented.SegmentedRaftLogWorker (SegmentedRaftLogWorker.java:lambda$new$0(133)) - 9cec8234-b2c7-47b8-9d15-77d4699ef24c@group-EFB559971755-SegmentedRaftLogWorker: safeCacheEvictIndex: setUnconditionally 0 -> -1
2022-05-17 16:35:22,834 [pool-703-thread-1] INFO  server.RaftServerConfigKeys (ConfUtils.java:logGet(44)) - raft.server.snapshot.auto.trigger.enabled = true (custom)
2022-05-17 16:35:22,834 [pool-703-thread-1] INFO  server.RaftServerConfigKeys (ConfUtils.java:logGet(44)) - raft.server.snapshot.auto.trigger.threshold = 10000 (custom)
2022-05-17 16:35:22,834 [pool-703-thread-1] INFO  server.RaftServerConfigKeys (ConfUtils.java:logGet(44)) - raft.server.snapshot.retention.file.num = 5 (custom)
2022-05-17 16:35:22,834 [pool-703-thread-1] INFO  server.RaftServerConfigKeys (ConfUtils.java:logGet(44)) - raft.server.log.purge.upto.snapshot.index = false (default)
2022-05-17 16:35:22,834 [pool-703-thread-1] INFO  server.RaftServerConfigKeys (ConfUtils.java:logGet(44)) - raft.server.retrycache.expirytime = 600000ms (custom)
2022-05-17 16:35:22,834 [pool-703-thread-1] INFO  server.RaftServerConfigKeys (ConfUtils.java:logGet(44)) - raft.server.retrycache.statistics.expirytime = 100μs (default)
2022-05-17 16:35:22,836 [pool-703-thread-1] INFO  server.RaftServer$Division (RaftServerImpl.java:start(301)) - 9cec8234-b2c7-47b8-9d15-77d4699ef24c@group-EFB559971755: start as a follower, conf=-1: [9cec8234-b2c7-47b8-9d15-77d4699ef24c|rpc:10.1.0.54:38423|priority:1], old=null
2022-05-17 16:35:22,836 [pool-703-thread-1] INFO  server.RaftServer$Division (RaftServerImpl.java:setRole(290)) - 9cec8234-b2c7-47b8-9d15-77d4699ef24c@group-EFB559971755: changes role from      null to FOLLOWER at term 0 for startAsFollower
2022-05-17 16:35:22,836 [pool-703-thread-1] INFO  impl.RoleInfo (RoleInfo.java:updateAndGet(130)) - 9cec8234-b2c7-47b8-9d15-77d4699ef24c: start 9cec8234-b2c7-47b8-9d15-77d4699ef24c@group-EFB559971755-FollowerState
2022-05-17 16:35:22,837 [pool-703-thread-1] INFO  util.JmxRegister (JmxRegister.java:tryRegister(44)) - Successfully registered JMX Bean with object name Ratis:service=RaftServer,group=group-EFB559971755,id=9cec8234-b2c7-47b8-9d15-77d4699ef24c
2022-05-17 16:35:22,837 [Command processor thread] INFO  ratis.XceiverServerRatis (XceiverServerRatis.java:addGroup(765)) - Created group PipelineID=5a89fd32-10fc-4d9e-a180-efb559971755
2022-05-17 16:35:22,838 [Command processor thread] INFO  commandhandler.CreatePipelineCommandHandler (CreatePipelineCommandHandler.java:handle(113)) - Created Pipeline RATIS ONE PipelineID=5a89fd32-10fc-4d9e-a180-efb559971755.
2022-05-17 16:35:22,838 [Command processor thread] INFO  server.RaftServer (RaftServerProxy.java:addNew(95)) - 9cec8234-b2c7-47b8-9d15-77d4699ef24c: addNew group-AC37A57EF036:[9cec8234-b2c7-47b8-9d15-77d4699ef24c|rpc:10.1.0.54:38423|priority:0, a3a5d823-2209-42c9-ae5e-bf7a716faf8f|rpc:10.1.0.54:36303|priority:1, 91ef6712-6125-4298-bcb9-2913db259823|rpc:10.1.0.54:41873|priority:0] returns group-AC37A57EF036:java.util.concurrent.CompletableFuture@ad23cd5[Not completed]
2022-05-17 16:35:22,839 [pool-703-thread-1] INFO  server.RaftServer$Division (RaftServerImpl.java:<init>(184)) - 9cec8234-b2c7-47b8-9d15-77d4699ef24c: new RaftServerImpl for group-AC37A57EF036:[9cec8234-b2c7-47b8-9d15-77d4699ef24c|rpc:10.1.0.54:38423|priority:0, a3a5d823-2209-42c9-ae5e-bf7a716faf8f|rpc:10.1.0.54:36303|priority:1, 91ef6712-6125-4298-bcb9-2913db259823|rpc:10.1.0.54:41873|priority:0] with ContainerStateMachine:uninitialized
2022-05-17 16:35:22,839 [pool-703-thread-1] INFO  server.RaftServerConfigKeys (ConfUtils.java:logGet(44)) - raft.server.rpc.timeout.min = 5s (custom)
2022-05-17 16:35:22,839 [pool-703-thread-1] INFO  server.RaftServerConfigKeys (ConfUtils.java:logGet(44)) - raft.server.rpc.timeout.max = 5200ms (custom)
2022-05-17 16:35:22,839 [pool-703-thread-1] INFO  server.RaftServerConfigKeys (ConfUtils.java:logGet(44)) - raft.server.rpc.sleep.time = 25ms (default)
2022-05-17 16:35:22,839 [pool-703-thread-1] INFO  server.RaftServerConfigKeys (ConfUtils.java:logGet(44)) - raft.server.rpc.slowness.timeout = 300s (custom)
2022-05-17 16:35:22,839 [pool-703-thread-1] INFO  server.RaftServerConfigKeys (ConfUtils.java:logGet(44)) - raft.server.leaderelection.leader.step-down.wait-time = 10s (default)
2022-05-17 16:35:22,839 [pool-703-thread-1] INFO  server.RaftServerConfigKeys (ConfUtils.java:logGet(44)) - raft.server.sleep.deviation.threshold = 300ms (default)
2022-05-17 16:35:22,839 [pool-703-thread-1] INFO  server.RaftServerConfigKeys (ConfUtils.java:logGet(44)) - raft.server.log.appender.install.snapshot.enabled = false (custom)
2022-05-17 16:35:22,839 [pool-703-thread-1] INFO  server.RaftServer$Division (ServerState.java:<init>(105)) - 9cec8234-b2c7-47b8-9d15-77d4699ef24c@group-AC37A57EF036: ConfigurationManager, init=-1: [9cec8234-b2c7-47b8-9d15-77d4699ef24c|rpc:10.1.0.54:38423|priority:0, a3a5d823-2209-42c9-ae5e-bf7a716faf8f|rpc:10.1.0.54:36303|priority:1, 91ef6712-6125-4298-bcb9-2913db259823|rpc:10.1.0.54:41873|priority:0], old=null, confs=<EMPTY_MAP>
2022-05-17 16:35:22,839 [pool-703-thread-1] INFO  server.RaftServerConfigKeys (ConfUtils.java:logGet(44)) - raft.server.storage.dir = [/home/runner/work/ozone/ozone/hadoop-ozone/integration-test/target/test-dir/MiniOzoneClusterImpl-41fbf156-6dda-44b9-a756-3cbfdc5ceeae/datanode-0/data/ratis] (custom)
2022-05-17 16:35:22,839 [pool-703-thread-1] INFO  server.RaftServerConfigKeys (ConfUtils.java:logGet(44)) - raft.server.log.corruption.policy = EXCEPTION (default)
2022-05-17 16:35:22,839 [pool-703-thread-1] INFO  server.RaftServerConfigKeys (ConfUtils.java:logGet(44)) - raft.server.storage.free-space.min = 0MB (=0) (default)
2022-05-17 16:35:22,840 [pool-703-thread-1] INFO  storage.RaftStorageDirectory (RaftStorageDirectoryImpl.java:analyzeStorage(135)) - The storage directory /home/runner/work/ozone/ozone/hadoop-ozone/integration-test/target/test-dir/MiniOzoneClusterImpl-41fbf156-6dda-44b9-a756-3cbfdc5ceeae/datanode-0/data/ratis/e63fb157-83c1-43d4-b12b-ac37a57ef036 does not exist. Creating ...
2022-05-17 16:35:22,841 [pool-703-thread-1] INFO  storage.RaftStorageDirectory (RaftStorageDirectoryImpl.java:tryLock(230)) - Lock on /home/runner/work/ozone/ozone/hadoop-ozone/integration-test/target/test-dir/MiniOzoneClusterImpl-41fbf156-6dda-44b9-a756-3cbfdc5ceeae/datanode-0/data/ratis/e63fb157-83c1-43d4-b12b-ac37a57ef036/in_use.lock acquired by nodename 17133@fv-az297-879
2022-05-17 16:35:22,843 [pool-703-thread-1] INFO  storage.RaftStorage (RaftStorageImpl.java:format(89)) - Storage directory /home/runner/work/ozone/ozone/hadoop-ozone/integration-test/target/test-dir/MiniOzoneClusterImpl-41fbf156-6dda-44b9-a756-3cbfdc5ceeae/datanode-0/data/ratis/e63fb157-83c1-43d4-b12b-ac37a57ef036 has been successfully formatted.
2022-05-17 16:35:22,849 [EventQueue-OpenPipelineForHealthyPipelineSafeModeRule] INFO  safemode.SCMSafeModeManager (HealthyPipelineSafeModeRule.java:process(124)) - SCM in safe mode. Healthy pipelines reported count is 0, required healthy pipeline reported count is 1
2022-05-17 16:35:22,850 [pool-703-thread-1] INFO  ratis.ContainerStateMachine (ContainerStateMachine.java:loadSnapshot(236)) - group-AC37A57EF036: The snapshot info is null. Setting the last applied indexto:(t:0, i:~)
2022-05-17 16:35:22,850 [pool-703-thread-1] INFO  server.RaftServerConfigKeys (ConfUtils.java:logGet(44)) - raft.server.notification.no-leader.timeout = 300s (custom)
2022-05-17 16:35:22,850 [pool-703-thread-1] INFO  server.RaftServerConfigKeys (ConfUtils.java:logGet(44)) - raft.server.log.use.memory = false (default)
2022-05-17 16:35:22,850 [pool-703-thread-1] INFO  server.RaftServerConfigKeys (ConfUtils.java:logGet(44)) - raft.server.log.purge.gap = 1000000 (custom)
2022-05-17 16:35:22,850 [pool-703-thread-1] INFO  server.RaftServerConfigKeys (ConfUtils.java:logGet(44)) - raft.server.log.appender.buffer.byte-limit = 33554432 (custom)
2022-05-17 16:35:22,850 [pool-703-thread-1] INFO  server.RaftServerConfigKeys (ConfUtils.java:logGet(44)) - raft.server.log.segment.size.max = 1048576 (custom)
2022-05-17 16:35:22,851 [pool-703-thread-1] INFO  server.RaftServerConfigKeys (ConfUtils.java:logGet(44)) - raft.server.log.segment.cache.num.max = 2 (custom)
2022-05-17 16:35:22,851 [pool-703-thread-1] INFO  server.RaftServerConfigKeys (ConfUtils.java:logGet(44)) - raft.server.log.segment.cache.size.max = 200MB (=209715200) (default)
2022-05-17 16:35:22,851 [pool-703-thread-1] INFO  segmented.SegmentedRaftLogWorker (SegmentedRaftLogWorker.java:<init>(182)) - new 9cec8234-b2c7-47b8-9d15-77d4699ef24c@group-AC37A57EF036-SegmentedRaftLogWorker for RaftStorageImpl:Storage Directory /home/runner/work/ozone/ozone/hadoop-ozone/integration-test/target/test-dir/MiniOzoneClusterImpl-41fbf156-6dda-44b9-a756-3cbfdc5ceeae/datanode-0/data/ratis/e63fb157-83c1-43d4-b12b-ac37a57ef036
2022-05-17 16:35:22,851 [pool-703-thread-1] INFO  server.RaftServerConfigKeys (ConfUtils.java:logGet(44)) - raft.server.log.queue.byte-limit = 4294967296 (custom)
2022-05-17 16:35:22,851 [pool-703-thread-1] INFO  server.RaftServerConfigKeys (ConfUtils.java:logGet(44)) - raft.server.log.queue.element-limit = 1024 (custom)
2022-05-17 16:35:22,851 [pool-703-thread-1] INFO  server.RaftServerConfigKeys (ConfUtils.java:logGet(44)) - raft.server.log.segment.size.max = 1048576 (custom)
2022-05-17 16:35:22,851 [pool-703-thread-1] INFO  server.RaftServerConfigKeys (ConfUtils.java:logGet(44)) - raft.server.log.preallocated.size = 16384 (custom)
2022-05-17 16:35:22,851 [pool-703-thread-1] INFO  server.RaftServerConfigKeys (ConfUtils.java:logGet(44)) - raft.server.log.force.sync.num = 128 (default)
2022-05-17 16:35:22,851 [pool-703-thread-1] INFO  server.RaftServerConfigKeys (ConfUtils.java:logGet(44)) - raft.server.log.statemachine.data.sync = true (default)
2022-05-17 16:35:22,851 [pool-703-thread-1] INFO  server.RaftServerConfigKeys (ConfUtils.java:logGet(44)) - raft.server.log.statemachine.data.sync.timeout = 10s (default)
2022-05-17 16:35:22,851 [pool-703-thread-1] INFO  server.RaftServerConfigKeys (ConfUtils.java:logGet(44)) - raft.server.log.statemachine.data.sync.timeout.retry = -1 (default)
2022-05-17 16:35:22,853 [pool-703-thread-1] INFO  server.RaftServerConfigKeys (ConfUtils.java:logGet(44)) - raft.server.log.write.buffer.size = 1048576 (custom)
2022-05-17 16:35:22,853 [pool-703-thread-1] INFO  server.RaftServerConfigKeys (ConfUtils.java:logGet(44)) - raft.server.log.statemachine.data.caching.enabled = true (custom)
2022-05-17 16:35:22,854 [pool-703-thread-1] INFO  segmented.SegmentedRaftLogWorker (SegmentedRaftLogWorker.java:lambda$new$0(133)) - 9cec8234-b2c7-47b8-9d15-77d4699ef24c@group-AC37A57EF036-SegmentedRaftLogWorker: flushIndex: setUnconditionally 0 -> -1
2022-05-17 16:35:22,854 [pool-703-thread-1] INFO  segmented.SegmentedRaftLogWorker (SegmentedRaftLogWorker.java:lambda$new$0(133)) - 9cec8234-b2c7-47b8-9d15-77d4699ef24c@group-AC37A57EF036-SegmentedRaftLogWorker: safeCacheEvictIndex: setUnconditionally 0 -> -1
2022-05-17 16:35:22,858 [pool-703-thread-1] INFO  server.RaftServerConfigKeys (ConfUtils.java:logGet(44)) - raft.server.snapshot.auto.trigger.enabled = true (custom)
2022-05-17 16:35:22,858 [pool-703-thread-1] INFO  server.RaftServerConfigKeys (ConfUtils.java:logGet(44)) - raft.server.snapshot.auto.trigger.threshold = 10000 (custom)
2022-05-17 16:35:22,858 [pool-703-thread-1] INFO  server.RaftServerConfigKeys (ConfUtils.java:logGet(44)) - raft.server.snapshot.retention.file.num = 5 (custom)
2022-05-17 16:35:22,858 [pool-703-thread-1] INFO  server.RaftServerConfigKeys (ConfUtils.java:logGet(44)) - raft.server.log.purge.upto.snapshot.index = false (default)
2022-05-17 16:35:22,858 [pool-703-thread-1] INFO  server.RaftServerConfigKeys (ConfUtils.java:logGet(44)) - raft.server.retrycache.expirytime = 600000ms (custom)
2022-05-17 16:35:22,858 [pool-703-thread-1] INFO  server.RaftServerConfigKeys (ConfUtils.java:logGet(44)) - raft.server.retrycache.statistics.expirytime = 100μs (default)
2022-05-17 16:35:22,859 [pool-703-thread-1] INFO  server.RaftServer$Division (RaftServerImpl.java:start(301)) - 9cec8234-b2c7-47b8-9d15-77d4699ef24c@group-AC37A57EF036: start as a follower, conf=-1: [9cec8234-b2c7-47b8-9d15-77d4699ef24c|rpc:10.1.0.54:38423|priority:0, a3a5d823-2209-42c9-ae5e-bf7a716faf8f|rpc:10.1.0.54:36303|priority:1, 91ef6712-6125-4298-bcb9-2913db259823|rpc:10.1.0.54:41873|priority:0], old=null
2022-05-17 16:35:22,859 [pool-703-thread-1] INFO  server.RaftServer$Division (RaftServerImpl.java:setRole(290)) - 9cec8234-b2c7-47b8-9d15-77d4699ef24c@group-AC37A57EF036: changes role from      null to FOLLOWER at term 0 for startAsFollower
2022-05-17 16:35:22,859 [pool-703-thread-1] INFO  impl.RoleInfo (RoleInfo.java:updateAndGet(130)) - 9cec8234-b2c7-47b8-9d15-77d4699ef24c: start 9cec8234-b2c7-47b8-9d15-77d4699ef24c@group-AC37A57EF036-FollowerState
2022-05-17 16:35:22,862 [pool-703-thread-1] INFO  util.JmxRegister (JmxRegister.java:tryRegister(44)) - Successfully registered JMX Bean with object name Ratis:service=RaftServer,group=group-AC37A57EF036,id=9cec8234-b2c7-47b8-9d15-77d4699ef24c
2022-05-17 16:35:22,862 [Command processor thread] INFO  ratis.XceiverServerRatis (XceiverServerRatis.java:addGroup(765)) - Created group PipelineID=e63fb157-83c1-43d4-b12b-ac37a57ef036
2022-05-17 16:35:22,905 [grpc-default-executor-0] INFO  server.RaftServer (RaftServerProxy.java:addNew(95)) - a3a5d823-2209-42c9-ae5e-bf7a716faf8f: addNew group-AC37A57EF036:[9cec8234-b2c7-47b8-9d15-77d4699ef24c|rpc:10.1.0.54:38423|dataStream:|priority:0, a3a5d823-2209-42c9-ae5e-bf7a716faf8f|rpc:10.1.0.54:36303|dataStream:|priority:1, 91ef6712-6125-4298-bcb9-2913db259823|rpc:10.1.0.54:41873|dataStream:|priority:0] returns group-AC37A57EF036:java.util.concurrent.CompletableFuture@629c1ecf[Not completed]
2022-05-17 16:35:22,909 [pool-747-thread-1] INFO  server.RaftServer$Division (RaftServerImpl.java:<init>(184)) - a3a5d823-2209-42c9-ae5e-bf7a716faf8f: new RaftServerImpl for group-AC37A57EF036:[9cec8234-b2c7-47b8-9d15-77d4699ef24c|rpc:10.1.0.54:38423|dataStream:|priority:0, a3a5d823-2209-42c9-ae5e-bf7a716faf8f|rpc:10.1.0.54:36303|dataStream:|priority:1, 91ef6712-6125-4298-bcb9-2913db259823|rpc:10.1.0.54:41873|dataStream:|priority:0] with ContainerStateMachine:uninitialized
2022-05-17 16:35:22,926 [pool-747-thread-1] INFO  server.RaftServerConfigKeys (ConfUtils.java:logGet(44)) - raft.server.rpc.timeout.min = 5s (custom)
2022-05-17 16:35:22,926 [pool-747-thread-1] INFO  server.RaftServerConfigKeys (ConfUtils.java:logGet(44)) - raft.server.rpc.timeout.max = 5200ms (custom)
2022-05-17 16:35:22,926 [pool-747-thread-1] INFO  server.RaftServerConfigKeys (ConfUtils.java:logGet(44)) - raft.server.rpc.sleep.time = 25ms (default)
2022-05-17 16:35:22,926 [pool-747-thread-1] INFO  server.RaftServerConfigKeys (ConfUtils.java:logGet(44)) - raft.server.rpc.slowness.timeout = 300s (custom)
2022-05-17 16:35:22,926 [pool-747-thread-1] INFO  server.RaftServerConfigKeys (ConfUtils.java:logGet(44)) - raft.server.leaderelection.leader.step-down.wait-time = 10s (default)
2022-05-17 16:35:22,926 [pool-747-thread-1] INFO  server.RaftServerConfigKeys (ConfUtils.java:logGet(44)) - raft.server.sleep.deviation.threshold = 300ms (default)
2022-05-17 16:35:22,926 [pool-747-thread-1] INFO  server.RaftServerConfigKeys (ConfUtils.java:logGet(44)) - raft.server.log.appender.install.snapshot.enabled = false (custom)
2022-05-17 16:35:22,926 [pool-747-thread-1] INFO  server.RaftServer$Division (ServerState.java:<init>(105)) - a3a5d823-2209-42c9-ae5e-bf7a716faf8f@group-AC37A57EF036: ConfigurationManager, init=-1: [9cec8234-b2c7-47b8-9d15-77d4699ef24c|rpc:10.1.0.54:38423|dataStream:|priority:0, a3a5d823-2209-42c9-ae5e-bf7a716faf8f|rpc:10.1.0.54:36303|dataStream:|priority:1, 91ef6712-6125-4298-bcb9-2913db259823|rpc:10.1.0.54:41873|dataStream:|priority:0], old=null, confs=<EMPTY_MAP>
2022-05-17 16:35:22,926 [pool-747-thread-1] INFO  server.RaftServerConfigKeys (ConfUtils.java:logGet(44)) - raft.server.storage.dir = [/home/runner/work/ozone/ozone/hadoop-ozone/integration-test/target/test-dir/MiniOzoneClusterImpl-41fbf156-6dda-44b9-a756-3cbfdc5ceeae/datanode-2/data/ratis] (custom)
2022-05-17 16:35:22,926 [pool-747-thread-1] INFO  server.RaftServerConfigKeys (ConfUtils.java:logGet(44)) - raft.server.log.corruption.policy = EXCEPTION (default)
2022-05-17 16:35:22,926 [pool-747-thread-1] INFO  server.RaftServerConfigKeys (ConfUtils.java:logGet(44)) - raft.server.storage.free-space.min = 0MB (=0) (default)
2022-05-17 16:35:22,926 [pool-747-thread-1] INFO  storage.RaftStorageDirectory (RaftStorageDirectoryImpl.java:analyzeStorage(135)) - The storage directory /home/runner/work/ozone/ozone/hadoop-ozone/integration-test/target/test-dir/MiniOzoneClusterImpl-41fbf156-6dda-44b9-a756-3cbfdc5ceeae/datanode-2/data/ratis/e63fb157-83c1-43d4-b12b-ac37a57ef036 does not exist. Creating ...
2022-05-17 16:35:22,934 [pool-747-thread-1] INFO  storage.RaftStorageDirectory (RaftStorageDirectoryImpl.java:tryLock(230)) - Lock on /home/runner/work/ozone/ozone/hadoop-ozone/integration-test/target/test-dir/MiniOzoneClusterImpl-41fbf156-6dda-44b9-a756-3cbfdc5ceeae/datanode-2/data/ratis/e63fb157-83c1-43d4-b12b-ac37a57ef036/in_use.lock acquired by nodename 17133@fv-az297-879
2022-05-17 16:35:22,942 [pool-747-thread-1] INFO  storage.RaftStorage (RaftStorageImpl.java:format(89)) - Storage directory /home/runner/work/ozone/ozone/hadoop-ozone/integration-test/target/test-dir/MiniOzoneClusterImpl-41fbf156-6dda-44b9-a756-3cbfdc5ceeae/datanode-2/data/ratis/e63fb157-83c1-43d4-b12b-ac37a57ef036 has been successfully formatted.
2022-05-17 16:35:22,943 [pool-747-thread-1] INFO  ratis.ContainerStateMachine (ContainerStateMachine.java:loadSnapshot(236)) - group-AC37A57EF036: The snapshot info is null. Setting the last applied indexto:(t:0, i:~)
2022-05-17 16:35:22,943 [pool-747-thread-1] INFO  server.RaftServerConfigKeys (ConfUtils.java:logGet(44)) - raft.server.notification.no-leader.timeout = 300s (custom)
2022-05-17 16:35:22,965 [pool-747-thread-1] INFO  server.RaftServerConfigKeys (ConfUtils.java:logGet(44)) - raft.server.log.use.memory = false (default)
2022-05-17 16:35:22,965 [pool-747-thread-1] INFO  server.RaftServerConfigKeys (ConfUtils.java:logGet(44)) - raft.server.log.purge.gap = 1000000 (custom)
2022-05-17 16:35:22,965 [pool-747-thread-1] INFO  server.RaftServerConfigKeys (ConfUtils.java:logGet(44)) - raft.server.log.appender.buffer.byte-limit = 33554432 (custom)
2022-05-17 16:35:22,966 [pool-747-thread-1] INFO  server.RaftServerConfigKeys (ConfUtils.java:logGet(44)) - raft.server.log.segment.size.max = 1048576 (custom)
2022-05-17 16:35:22,966 [pool-747-thread-1] INFO  server.RaftServerConfigKeys (ConfUtils.java:logGet(44)) - raft.server.log.segment.cache.num.max = 2 (custom)
2022-05-17 16:35:22,966 [pool-747-thread-1] INFO  server.RaftServerConfigKeys (ConfUtils.java:logGet(44)) - raft.server.log.segment.cache.size.max = 200MB (=209715200) (default)
2022-05-17 16:35:22,966 [pool-747-thread-1] INFO  segmented.SegmentedRaftLogWorker (SegmentedRaftLogWorker.java:<init>(182)) - new a3a5d823-2209-42c9-ae5e-bf7a716faf8f@group-AC37A57EF036-SegmentedRaftLogWorker for RaftStorageImpl:Storage Directory /home/runner/work/ozone/ozone/hadoop-ozone/integration-test/target/test-dir/MiniOzoneClusterImpl-41fbf156-6dda-44b9-a756-3cbfdc5ceeae/datanode-2/data/ratis/e63fb157-83c1-43d4-b12b-ac37a57ef036
2022-05-17 16:35:22,966 [pool-747-thread-1] INFO  server.RaftServerConfigKeys (ConfUtils.java:logGet(44)) - raft.server.log.queue.byte-limit = 4294967296 (custom)
2022-05-17 16:35:22,966 [pool-747-thread-1] INFO  server.RaftServerConfigKeys (ConfUtils.java:logGet(44)) - raft.server.log.queue.element-limit = 1024 (custom)
2022-05-17 16:35:22,966 [pool-747-thread-1] INFO  server.RaftServerConfigKeys (ConfUtils.java:logGet(44)) - raft.server.log.segment.size.max = 1048576 (custom)
2022-05-17 16:35:22,966 [pool-747-thread-1] INFO  server.RaftServerConfigKeys (ConfUtils.java:logGet(44)) - raft.server.log.preallocated.size = 16384 (custom)
2022-05-17 16:35:22,967 [pool-747-thread-1] INFO  server.RaftServerConfigKeys (ConfUtils.java:logGet(44)) - raft.server.log.force.sync.num = 128 (default)
2022-05-17 16:35:22,967 [pool-747-thread-1] INFO  server.RaftServerConfigKeys (ConfUtils.java:logGet(44)) - raft.server.log.statemachine.data.sync = true (default)
2022-05-17 16:35:22,967 [pool-747-thread-1] INFO  server.RaftServerConfigKeys (ConfUtils.java:logGet(44)) - raft.server.log.statemachine.data.sync.timeout = 10s (default)
2022-05-17 16:35:22,967 [pool-747-thread-1] INFO  server.RaftServerConfigKeys (ConfUtils.java:logGet(44)) - raft.server.log.statemachine.data.sync.timeout.retry = -1 (default)
2022-05-17 16:35:22,968 [pool-747-thread-1] INFO  server.RaftServerConfigKeys (ConfUtils.java:logGet(44)) - raft.server.log.write.buffer.size = 1048576 (custom)
2022-05-17 16:35:22,968 [pool-747-thread-1] INFO  server.RaftServerConfigKeys (ConfUtils.java:logGet(44)) - raft.server.log.statemachine.data.caching.enabled = true (custom)
2022-05-17 16:35:22,969 [pool-747-thread-1] INFO  segmented.SegmentedRaftLogWorker (SegmentedRaftLogWorker.java:lambda$new$0(133)) - a3a5d823-2209-42c9-ae5e-bf7a716faf8f@group-AC37A57EF036-SegmentedRaftLogWorker: flushIndex: setUnconditionally 0 -> -1
2022-05-17 16:35:22,969 [pool-747-thread-1] INFO  segmented.SegmentedRaftLogWorker (SegmentedRaftLogWorker.java:lambda$new$0(133)) - a3a5d823-2209-42c9-ae5e-bf7a716faf8f@group-AC37A57EF036-SegmentedRaftLogWorker: safeCacheEvictIndex: setUnconditionally 0 -> -1
2022-05-17 16:35:22,981 [pool-747-thread-1] INFO  server.RaftServerConfigKeys (ConfUtils.java:logGet(44)) - raft.server.snapshot.auto.trigger.enabled = true (custom)
2022-05-17 16:35:22,982 [pool-747-thread-1] INFO  server.RaftServerConfigKeys (ConfUtils.java:logGet(44)) - raft.server.snapshot.auto.trigger.threshold = 10000 (custom)
2022-05-17 16:35:22,982 [pool-747-thread-1] INFO  server.RaftServerConfigKeys (ConfUtils.java:logGet(44)) - raft.server.snapshot.retention.file.num = 5 (custom)
2022-05-17 16:35:22,982 [pool-747-thread-1] INFO  server.RaftServerConfigKeys (ConfUtils.java:logGet(44)) - raft.server.log.purge.upto.snapshot.index = false (default)
2022-05-17 16:35:22,982 [pool-747-thread-1] INFO  server.RaftServerConfigKeys (ConfUtils.java:logGet(44)) - raft.server.retrycache.expirytime = 600000ms (custom)
2022-05-17 16:35:22,982 [pool-747-thread-1] INFO  server.RaftServerConfigKeys (ConfUtils.java:logGet(44)) - raft.server.retrycache.statistics.expirytime = 100μs (default)
2022-05-17 16:35:22,984 [pool-747-thread-1] INFO  server.RaftServer$Division (RaftServerImpl.java:start(301)) - a3a5d823-2209-42c9-ae5e-bf7a716faf8f@group-AC37A57EF036: start as a follower, conf=-1: [9cec8234-b2c7-47b8-9d15-77d4699ef24c|rpc:10.1.0.54:38423|dataStream:|priority:0, a3a5d823-2209-42c9-ae5e-bf7a716faf8f|rpc:10.1.0.54:36303|dataStream:|priority:1, 91ef6712-6125-4298-bcb9-2913db259823|rpc:10.1.0.54:41873|dataStream:|priority:0], old=null
2022-05-17 16:35:22,984 [pool-747-thread-1] INFO  server.RaftServer$Division (RaftServerImpl.java:setRole(290)) - a3a5d823-2209-42c9-ae5e-bf7a716faf8f@group-AC37A57EF036: changes role from      null to FOLLOWER at term 0 for startAsFollower
2022-05-17 16:35:22,984 [pool-747-thread-1] INFO  impl.RoleInfo (RoleInfo.java:updateAndGet(130)) - a3a5d823-2209-42c9-ae5e-bf7a716faf8f: start a3a5d823-2209-42c9-ae5e-bf7a716faf8f@group-AC37A57EF036-FollowerState
2022-05-17 16:35:23,006 [pool-747-thread-1] INFO  util.JmxRegister (JmxRegister.java:tryRegister(44)) - Successfully registered JMX Bean with object name Ratis:service=RaftServer,group=group-AC37A57EF036,id=a3a5d823-2209-42c9-ae5e-bf7a716faf8f
2022-05-17 16:35:23,033 [grpc-default-executor-0] INFO  server.RaftServer (RaftServerProxy.java:addNew(95)) - 91ef6712-6125-4298-bcb9-2913db259823: addNew group-AC37A57EF036:[9cec8234-b2c7-47b8-9d15-77d4699ef24c|rpc:10.1.0.54:38423|dataStream:|priority:0, a3a5d823-2209-42c9-ae5e-bf7a716faf8f|rpc:10.1.0.54:36303|dataStream:|priority:1, 91ef6712-6125-4298-bcb9-2913db259823|rpc:10.1.0.54:41873|dataStream:|priority:0] returns group-AC37A57EF036:java.util.concurrent.CompletableFuture@63a65[Not completed]
2022-05-17 16:35:23,061 [pool-725-thread-1] INFO  server.RaftServer$Division (RaftServerImpl.java:<init>(184)) - 91ef6712-6125-4298-bcb9-2913db259823: new RaftServerImpl for group-AC37A57EF036:[9cec8234-b2c7-47b8-9d15-77d4699ef24c|rpc:10.1.0.54:38423|dataStream:|priority:0, a3a5d823-2209-42c9-ae5e-bf7a716faf8f|rpc:10.1.0.54:36303|dataStream:|priority:1, 91ef6712-6125-4298-bcb9-2913db259823|rpc:10.1.0.54:41873|dataStream:|priority:0] with ContainerStateMachine:uninitialized
2022-05-17 16:35:23,061 [pool-725-thread-1] INFO  server.RaftServerConfigKeys (ConfUtils.java:logGet(44)) - raft.server.rpc.timeout.min = 5s (custom)
2022-05-17 16:35:23,061 [pool-725-thread-1] INFO  server.RaftServerConfigKeys (ConfUtils.java:logGet(44)) - raft.server.rpc.timeout.max = 5200ms (custom)
2022-05-17 16:35:23,061 [pool-725-thread-1] INFO  server.RaftServerConfigKeys (ConfUtils.java:logGet(44)) - raft.server.rpc.sleep.time = 25ms (default)
2022-05-17 16:35:23,061 [pool-725-thread-1] INFO  server.RaftServerConfigKeys (ConfUtils.java:logGet(44)) - raft.server.rpc.slowness.timeout = 300s (custom)
2022-05-17 16:35:23,061 [pool-725-thread-1] INFO  server.RaftServerConfigKeys (ConfUtils.java:logGet(44)) - raft.server.leaderelection.leader.step-down.wait-time = 10s (default)
2022-05-17 16:35:23,061 [pool-725-thread-1] INFO  server.RaftServerConfigKeys (ConfUtils.java:logGet(44)) - raft.server.sleep.deviation.threshold = 300ms (default)
2022-05-17 16:35:23,061 [pool-725-thread-1] INFO  server.RaftServerConfigKeys (ConfUtils.java:logGet(44)) - raft.server.log.appender.install.snapshot.enabled = false (custom)
2022-05-17 16:35:23,061 [pool-725-thread-1] INFO  server.RaftServer$Division (ServerState.java:<init>(105)) - 91ef6712-6125-4298-bcb9-2913db259823@group-AC37A57EF036: ConfigurationManager, init=-1: [9cec8234-b2c7-47b8-9d15-77d4699ef24c|rpc:10.1.0.54:38423|dataStream:|priority:0, a3a5d823-2209-42c9-ae5e-bf7a716faf8f|rpc:10.1.0.54:36303|dataStream:|priority:1, 91ef6712-6125-4298-bcb9-2913db259823|rpc:10.1.0.54:41873|dataStream:|priority:0], old=null, confs=<EMPTY_MAP>
2022-05-17 16:35:23,061 [pool-725-thread-1] INFO  server.RaftServerConfigKeys (ConfUtils.java:logGet(44)) - raft.server.storage.dir = [/home/runner/work/ozone/ozone/hadoop-ozone/integration-test/target/test-dir/MiniOzoneClusterImpl-41fbf156-6dda-44b9-a756-3cbfdc5ceeae/datanode-1/data/ratis] (custom)
2022-05-17 16:35:23,061 [pool-725-thread-1] INFO  server.RaftServerConfigKeys (ConfUtils.java:logGet(44)) - raft.server.log.corruption.policy = EXCEPTION (default)
2022-05-17 16:35:23,062 [pool-725-thread-1] INFO  server.RaftServerConfigKeys (ConfUtils.java:logGet(44)) - raft.server.storage.free-space.min = 0MB (=0) (default)
2022-05-17 16:35:23,062 [pool-725-thread-1] INFO  storage.RaftStorageDirectory (RaftStorageDirectoryImpl.java:analyzeStorage(135)) - The storage directory /home/runner/work/ozone/ozone/hadoop-ozone/integration-test/target/test-dir/MiniOzoneClusterImpl-41fbf156-6dda-44b9-a756-3cbfdc5ceeae/datanode-1/data/ratis/e63fb157-83c1-43d4-b12b-ac37a57ef036 does not exist. Creating ...
2022-05-17 16:35:23,069 [pool-725-thread-1] INFO  storage.RaftStorageDirectory (RaftStorageDirectoryImpl.java:tryLock(230)) - Lock on /home/runner/work/ozone/ozone/hadoop-ozone/integration-test/target/test-dir/MiniOzoneClusterImpl-41fbf156-6dda-44b9-a756-3cbfdc5ceeae/datanode-1/data/ratis/e63fb157-83c1-43d4-b12b-ac37a57ef036/in_use.lock acquired by nodename 17133@fv-az297-879
2022-05-17 16:35:23,079 [pool-725-thread-1] INFO  storage.RaftStorage (RaftStorageImpl.java:format(89)) - Storage directory /home/runner/work/ozone/ozone/hadoop-ozone/integration-test/target/test-dir/MiniOzoneClusterImpl-41fbf156-6dda-44b9-a756-3cbfdc5ceeae/datanode-1/data/ratis/e63fb157-83c1-43d4-b12b-ac37a57ef036 has been successfully formatted.
2022-05-17 16:35:23,096 [pool-725-thread-1] INFO  ratis.ContainerStateMachine (ContainerStateMachine.java:loadSnapshot(236)) - group-AC37A57EF036: The snapshot info is null. Setting the last applied indexto:(t:0, i:~)
2022-05-17 16:35:23,096 [pool-725-thread-1] INFO  server.RaftServerConfigKeys (ConfUtils.java:logGet(44)) - raft.server.notification.no-leader.timeout = 300s (custom)
2022-05-17 16:35:23,096 [pool-725-thread-1] INFO  server.RaftServerConfigKeys (ConfUtils.java:logGet(44)) - raft.server.log.use.memory = false (default)
2022-05-17 16:35:23,097 [pool-725-thread-1] INFO  server.RaftServerConfigKeys (ConfUtils.java:logGet(44)) - raft.server.log.purge.gap = 1000000 (custom)
2022-05-17 16:35:23,097 [pool-725-thread-1] INFO  server.RaftServerConfigKeys (ConfUtils.java:logGet(44)) - raft.server.log.appender.buffer.byte-limit = 33554432 (custom)
2022-05-17 16:35:23,097 [pool-725-thread-1] INFO  server.RaftServerConfigKeys (ConfUtils.java:logGet(44)) - raft.server.log.segment.size.max = 1048576 (custom)
2022-05-17 16:35:23,097 [pool-725-thread-1] INFO  server.RaftServerConfigKeys (ConfUtils.java:logGet(44)) - raft.server.log.segment.cache.num.max = 2 (custom)
2022-05-17 16:35:23,097 [pool-725-thread-1] INFO  server.RaftServerConfigKeys (ConfUtils.java:logGet(44)) - raft.server.log.segment.cache.size.max = 200MB (=209715200) (default)
2022-05-17 16:35:23,097 [pool-725-thread-1] INFO  segmented.SegmentedRaftLogWorker (SegmentedRaftLogWorker.java:<init>(182)) - new 91ef6712-6125-4298-bcb9-2913db259823@group-AC37A57EF036-SegmentedRaftLogWorker for RaftStorageImpl:Storage Directory /home/runner/work/ozone/ozone/hadoop-ozone/integration-test/target/test-dir/MiniOzoneClusterImpl-41fbf156-6dda-44b9-a756-3cbfdc5ceeae/datanode-1/data/ratis/e63fb157-83c1-43d4-b12b-ac37a57ef036
2022-05-17 16:35:23,098 [pool-725-thread-1] INFO  server.RaftServerConfigKeys (ConfUtils.java:logGet(44)) - raft.server.log.queue.byte-limit = 4294967296 (custom)
2022-05-17 16:35:23,098 [pool-725-thread-1] INFO  server.RaftServerConfigKeys (ConfUtils.java:logGet(44)) - raft.server.log.queue.element-limit = 1024 (custom)
2022-05-17 16:35:23,098 [pool-725-thread-1] INFO  server.RaftServerConfigKeys (ConfUtils.java:logGet(44)) - raft.server.log.segment.size.max = 1048576 (custom)
2022-05-17 16:35:23,098 [pool-725-thread-1] INFO  server.RaftServerConfigKeys (ConfUtils.java:logGet(44)) - raft.server.log.preallocated.size = 16384 (custom)
2022-05-17 16:35:23,098 [pool-725-thread-1] INFO  server.RaftServerConfigKeys (ConfUtils.java:logGet(44)) - raft.server.log.force.sync.num = 128 (default)
2022-05-17 16:35:23,098 [pool-725-thread-1] INFO  server.RaftServerConfigKeys (ConfUtils.java:logGet(44)) - raft.server.log.statemachine.data.sync = true (default)
2022-05-17 16:35:23,098 [pool-725-thread-1] INFO  server.RaftServerConfigKeys (ConfUtils.java:logGet(44)) - raft.server.log.statemachine.data.sync.timeout = 10s (default)
2022-05-17 16:35:23,098 [pool-725-thread-1] INFO  server.RaftServerConfigKeys (ConfUtils.java:logGet(44)) - raft.server.log.statemachine.data.sync.timeout.retry = -1 (default)
2022-05-17 16:35:23,099 [pool-725-thread-1] INFO  server.RaftServerConfigKeys (ConfUtils.java:logGet(44)) - raft.server.log.write.buffer.size = 1048576 (custom)
2022-05-17 16:35:23,100 [pool-725-thread-1] INFO  server.RaftServerConfigKeys (ConfUtils.java:logGet(44)) - raft.server.log.statemachine.data.caching.enabled = true (custom)
2022-05-17 16:35:23,100 [pool-725-thread-1] INFO  segmented.SegmentedRaftLogWorker (SegmentedRaftLogWorker.java:lambda$new$0(133)) - 91ef6712-6125-4298-bcb9-2913db259823@group-AC37A57EF036-SegmentedRaftLogWorker: flushIndex: setUnconditionally 0 -> -1
2022-05-17 16:35:23,100 [pool-725-thread-1] INFO  segmented.SegmentedRaftLogWorker (SegmentedRaftLogWorker.java:lambda$new$0(133)) - 91ef6712-6125-4298-bcb9-2913db259823@group-AC37A57EF036-SegmentedRaftLogWorker: safeCacheEvictIndex: setUnconditionally 0 -> -1
2022-05-17 16:35:23,103 [pool-725-thread-1] INFO  server.RaftServerConfigKeys (ConfUtils.java:logGet(44)) - raft.server.snapshot.auto.trigger.enabled = true (custom)
2022-05-17 16:35:23,103 [pool-725-thread-1] INFO  server.RaftServerConfigKeys (ConfUtils.java:logGet(44)) - raft.server.snapshot.auto.trigger.threshold = 10000 (custom)
2022-05-17 16:35:23,103 [pool-725-thread-1] INFO  server.RaftServerConfigKeys (ConfUtils.java:logGet(44)) - raft.server.snapshot.retention.file.num = 5 (custom)
2022-05-17 16:35:23,103 [pool-725-thread-1] INFO  server.RaftServerConfigKeys (ConfUtils.java:logGet(44)) - raft.server.log.purge.upto.snapshot.index = false (default)
2022-05-17 16:35:23,103 [pool-725-thread-1] INFO  server.RaftServerConfigKeys (ConfUtils.java:logGet(44)) - raft.server.retrycache.expirytime = 600000ms (custom)
2022-05-17 16:35:23,103 [pool-725-thread-1] INFO  server.RaftServerConfigKeys (ConfUtils.java:logGet(44)) - raft.server.retrycache.statistics.expirytime = 100μs (default)
2022-05-17 16:35:23,105 [pool-725-thread-1] INFO  server.RaftServer$Division (RaftServerImpl.java:start(301)) - 91ef6712-6125-4298-bcb9-2913db259823@group-AC37A57EF036: start as a follower, conf=-1: [9cec8234-b2c7-47b8-9d15-77d4699ef24c|rpc:10.1.0.54:38423|dataStream:|priority:0, a3a5d823-2209-42c9-ae5e-bf7a716faf8f|rpc:10.1.0.54:36303|dataStream:|priority:1, 91ef6712-6125-4298-bcb9-2913db259823|rpc:10.1.0.54:41873|dataStream:|priority:0], old=null
2022-05-17 16:35:23,105 [pool-725-thread-1] INFO  server.RaftServer$Division (RaftServerImpl.java:setRole(290)) - 91ef6712-6125-4298-bcb9-2913db259823@group-AC37A57EF036: changes role from      null to FOLLOWER at term 0 for startAsFollower
2022-05-17 16:35:23,105 [pool-725-thread-1] INFO  impl.RoleInfo (RoleInfo.java:updateAndGet(130)) - 91ef6712-6125-4298-bcb9-2913db259823: start 91ef6712-6125-4298-bcb9-2913db259823@group-AC37A57EF036-FollowerState
2022-05-17 16:35:23,105 [pool-725-thread-1] INFO  util.JmxRegister (JmxRegister.java:tryRegister(44)) - Successfully registered JMX Bean with object name Ratis:service=RaftServer,group=group-AC37A57EF036,id=91ef6712-6125-4298-bcb9-2913db259823
2022-05-17 16:35:23,125 [Listener at 127.0.0.1/36845] INFO  ozone.MiniOzoneClusterImpl (MiniOzoneClusterImpl.java:lambda$waitForClusterToBeReady$0(221)) - Nodes are ready. Got 3 of 3 DN Heartbeats.
2022-05-17 16:35:23,125 [Listener at 127.0.0.1/36845] INFO  ozone.MiniOzoneClusterImpl (MiniOzoneClusterImpl.java:lambda$waitForClusterToBeReady$0(224)) - Waiting for cluster to exit safe mode
2022-05-17 16:35:23,126 [Listener at 127.0.0.1/36845] INFO  ozone.MiniOzoneClusterImpl (MiniOzoneClusterImpl.java:lambda$waitForClusterToBeReady$0(226)) - SCM became leader
2022-05-17 16:35:23,141 [Command processor thread] INFO  commandhandler.CreatePipelineCommandHandler (CreatePipelineCommandHandler.java:handle(113)) - Created Pipeline RATIS THREE PipelineID=e63fb157-83c1-43d4-b12b-ac37a57ef036.
2022-05-17 16:35:23,141 [Command processor thread] INFO  server.RaftServer (RaftServerProxy.java:addNew(95)) - 9cec8234-b2c7-47b8-9d15-77d4699ef24c: addNew group-DBEF30F02B51:[9cec8234-b2c7-47b8-9d15-77d4699ef24c|rpc:10.1.0.54:38423|priority:1, a3a5d823-2209-42c9-ae5e-bf7a716faf8f|rpc:10.1.0.54:36303|priority:0, 91ef6712-6125-4298-bcb9-2913db259823|rpc:10.1.0.54:41873|priority:0] returns group-DBEF30F02B51:java.util.concurrent.CompletableFuture@360121b[Not completed]
2022-05-17 16:35:23,142 [pool-703-thread-1] INFO  server.RaftServer$Division (RaftServerImpl.java:<init>(184)) - 9cec8234-b2c7-47b8-9d15-77d4699ef24c: new RaftServerImpl for group-DBEF30F02B51:[9cec8234-b2c7-47b8-9d15-77d4699ef24c|rpc:10.1.0.54:38423|priority:1, a3a5d823-2209-42c9-ae5e-bf7a716faf8f|rpc:10.1.0.54:36303|priority:0, 91ef6712-6125-4298-bcb9-2913db259823|rpc:10.1.0.54:41873|priority:0] with ContainerStateMachine:uninitialized
2022-05-17 16:35:23,142 [pool-703-thread-1] INFO  server.RaftServerConfigKeys (ConfUtils.java:logGet(44)) - raft.server.rpc.timeout.min = 5s (custom)
2022-05-17 16:35:23,142 [pool-703-thread-1] INFO  server.RaftServerConfigKeys (ConfUtils.java:logGet(44)) - raft.server.rpc.timeout.max = 5200ms (custom)
2022-05-17 16:35:23,142 [pool-703-thread-1] INFO  server.RaftServerConfigKeys (ConfUtils.java:logGet(44)) - raft.server.rpc.sleep.time = 25ms (default)
2022-05-17 16:35:23,142 [pool-703-thread-1] INFO  server.RaftServerConfigKeys (ConfUtils.java:logGet(44)) - raft.server.rpc.slowness.timeout = 300s (custom)
2022-05-17 16:35:23,142 [pool-703-thread-1] INFO  server.RaftServerConfigKeys (ConfUtils.java:logGet(44)) - raft.server.leaderelection.leader.step-down.wait-time = 10s (default)
2022-05-17 16:35:23,142 [pool-703-thread-1] INFO  server.RaftServerConfigKeys (ConfUtils.java:logGet(44)) - raft.server.sleep.deviation.threshold = 300ms (default)
2022-05-17 16:35:23,142 [pool-703-thread-1] INFO  server.RaftServerConfigKeys (ConfUtils.java:logGet(44)) - raft.server.log.appender.install.snapshot.enabled = false (custom)
2022-05-17 16:35:23,142 [pool-703-thread-1] INFO  server.RaftServer$Division (ServerState.java:<init>(105)) - 9cec8234-b2c7-47b8-9d15-77d4699ef24c@group-DBEF30F02B51: ConfigurationManager, init=-1: [9cec8234-b2c7-47b8-9d15-77d4699ef24c|rpc:10.1.0.54:38423|priority:1, a3a5d823-2209-42c9-ae5e-bf7a716faf8f|rpc:10.1.0.54:36303|priority:0, 91ef6712-6125-4298-bcb9-2913db259823|rpc:10.1.0.54:41873|priority:0], old=null, confs=<EMPTY_MAP>
2022-05-17 16:35:23,142 [pool-703-thread-1] INFO  server.RaftServerConfigKeys (ConfUtils.java:logGet(44)) - raft.server.storage.dir = [/home/runner/work/ozone/ozone/hadoop-ozone/integration-test/target/test-dir/MiniOzoneClusterImpl-41fbf156-6dda-44b9-a756-3cbfdc5ceeae/datanode-0/data/ratis] (custom)
2022-05-17 16:35:23,143 [pool-703-thread-1] INFO  server.RaftServerConfigKeys (ConfUtils.java:logGet(44)) - raft.server.log.corruption.policy = EXCEPTION (default)
2022-05-17 16:35:23,143 [pool-703-thread-1] INFO  server.RaftServerConfigKeys (ConfUtils.java:logGet(44)) - raft.server.storage.free-space.min = 0MB (=0) (default)
2022-05-17 16:35:23,143 [pool-703-thread-1] INFO  storage.RaftStorageDirectory (RaftStorageDirectoryImpl.java:analyzeStorage(135)) - The storage directory /home/runner/work/ozone/ozone/hadoop-ozone/integration-test/target/test-dir/MiniOzoneClusterImpl-41fbf156-6dda-44b9-a756-3cbfdc5ceeae/datanode-0/data/ratis/d8a19e88-14fb-47ef-aa7c-dbef30f02b51 does not exist. Creating ...
2022-05-17 16:35:23,144 [pool-703-thread-1] INFO  storage.RaftStorageDirectory (RaftStorageDirectoryImpl.java:tryLock(230)) - Lock on /home/runner/work/ozone/ozone/hadoop-ozone/integration-test/target/test-dir/MiniOzoneClusterImpl-41fbf156-6dda-44b9-a756-3cbfdc5ceeae/datanode-0/data/ratis/d8a19e88-14fb-47ef-aa7c-dbef30f02b51/in_use.lock acquired by nodename 17133@fv-az297-879
2022-05-17 16:35:23,146 [pool-703-thread-1] INFO  storage.RaftStorage (RaftStorageImpl.java:format(89)) - Storage directory /home/runner/work/ozone/ozone/hadoop-ozone/integration-test/target/test-dir/MiniOzoneClusterImpl-41fbf156-6dda-44b9-a756-3cbfdc5ceeae/datanode-0/data/ratis/d8a19e88-14fb-47ef-aa7c-dbef30f02b51 has been successfully formatted.
2022-05-17 16:35:23,147 [pool-703-thread-1] INFO  ratis.ContainerStateMachine (ContainerStateMachine.java:loadSnapshot(236)) - group-DBEF30F02B51: The snapshot info is null. Setting the last applied indexto:(t:0, i:~)
2022-05-17 16:35:23,147 [pool-703-thread-1] INFO  server.RaftServerConfigKeys (ConfUtils.java:logGet(44)) - raft.server.notification.no-leader.timeout = 300s (custom)
2022-05-17 16:35:23,147 [pool-703-thread-1] INFO  server.RaftServerConfigKeys (ConfUtils.java:logGet(44)) - raft.server.log.use.memory = false (default)
2022-05-17 16:35:23,147 [pool-703-thread-1] INFO  server.RaftServerConfigKeys (ConfUtils.java:logGet(44)) - raft.server.log.purge.gap = 1000000 (custom)
2022-05-17 16:35:23,147 [pool-703-thread-1] INFO  server.RaftServerConfigKeys (ConfUtils.java:logGet(44)) - raft.server.log.appender.buffer.byte-limit = 33554432 (custom)
2022-05-17 16:35:23,148 [pool-703-thread-1] INFO  server.RaftServerConfigKeys (ConfUtils.java:logGet(44)) - raft.server.log.segment.size.max = 1048576 (custom)
2022-05-17 16:35:23,148 [pool-703-thread-1] INFO  server.RaftServerConfigKeys (ConfUtils.java:logGet(44)) - raft.server.log.segment.cache.num.max = 2 (custom)
2022-05-17 16:35:23,148 [pool-703-thread-1] INFO  server.RaftServerConfigKeys (ConfUtils.java:logGet(44)) - raft.server.log.segment.cache.size.max = 200MB (=209715200) (default)
2022-05-17 16:35:23,148 [pool-703-thread-1] INFO  segmented.SegmentedRaftLogWorker (SegmentedRaftLogWorker.java:<init>(182)) - new 9cec8234-b2c7-47b8-9d15-77d4699ef24c@group-DBEF30F02B51-SegmentedRaftLogWorker for RaftStorageImpl:Storage Directory /home/runner/work/ozone/ozone/hadoop-ozone/integration-test/target/test-dir/MiniOzoneClusterImpl-41fbf156-6dda-44b9-a756-3cbfdc5ceeae/datanode-0/data/ratis/d8a19e88-14fb-47ef-aa7c-dbef30f02b51
2022-05-17 16:35:23,148 [pool-703-thread-1] INFO  server.RaftServerConfigKeys (ConfUtils.java:logGet(44)) - raft.server.log.queue.byte-limit = 4294967296 (custom)
2022-05-17 16:35:23,148 [pool-703-thread-1] INFO  server.RaftServerConfigKeys (ConfUtils.java:logGet(44)) - raft.server.log.queue.element-limit = 1024 (custom)
2022-05-17 16:35:23,149 [pool-703-thread-1] INFO  server.RaftServerConfigKeys (ConfUtils.java:logGet(44)) - raft.server.log.segment.size.max = 1048576 (custom)
2022-05-17 16:35:23,149 [pool-703-thread-1] INFO  server.RaftServerConfigKeys (ConfUtils.java:logGet(44)) - raft.server.log.preallocated.size = 16384 (custom)
2022-05-17 16:35:23,149 [pool-703-thread-1] INFO  server.RaftServerConfigKeys (ConfUtils.java:logGet(44)) - raft.server.log.force.sync.num = 128 (default)
2022-05-17 16:35:23,149 [pool-703-thread-1] INFO  server.RaftServerConfigKeys (ConfUtils.java:logGet(44)) - raft.server.log.statemachine.data.sync = true (default)
2022-05-17 16:35:23,149 [pool-703-thread-1] INFO  server.RaftServerConfigKeys (ConfUtils.java:logGet(44)) - raft.server.log.statemachine.data.sync.timeout = 10s (default)
2022-05-17 16:35:23,149 [pool-703-thread-1] INFO  server.RaftServerConfigKeys (ConfUtils.java:logGet(44)) - raft.server.log.statemachine.data.sync.timeout.retry = -1 (default)
2022-05-17 16:35:23,150 [pool-703-thread-1] INFO  server.RaftServerConfigKeys (ConfUtils.java:logGet(44)) - raft.server.log.write.buffer.size = 1048576 (custom)
2022-05-17 16:35:23,151 [pool-703-thread-1] INFO  server.RaftServerConfigKeys (ConfUtils.java:logGet(44)) - raft.server.log.statemachine.data.caching.enabled = true (custom)
2022-05-17 16:35:23,151 [pool-703-thread-1] INFO  segmented.SegmentedRaftLogWorker (SegmentedRaftLogWorker.java:lambda$new$0(133)) - 9cec8234-b2c7-47b8-9d15-77d4699ef24c@group-DBEF30F02B51-SegmentedRaftLogWorker: flushIndex: setUnconditionally 0 -> -1
2022-05-17 16:35:23,151 [pool-703-thread-1] INFO  segmented.SegmentedRaftLogWorker (SegmentedRaftLogWorker.java:lambda$new$0(133)) - 9cec8234-b2c7-47b8-9d15-77d4699ef24c@group-DBEF30F02B51-SegmentedRaftLogWorker: safeCacheEvictIndex: setUnconditionally 0 -> -1
2022-05-17 16:35:23,157 [pool-703-thread-1] INFO  server.RaftServerConfigKeys (ConfUtils.java:logGet(44)) - raft.server.snapshot.auto.trigger.enabled = true (custom)
2022-05-17 16:35:23,157 [pool-703-thread-1] INFO  server.RaftServerConfigKeys (ConfUtils.java:logGet(44)) - raft.server.snapshot.auto.trigger.threshold = 10000 (custom)
2022-05-17 16:35:23,158 [pool-703-thread-1] INFO  server.RaftServerConfigKeys (ConfUtils.java:logGet(44)) - raft.server.snapshot.retention.file.num = 5 (custom)
2022-05-17 16:35:23,158 [pool-703-thread-1] INFO  server.RaftServerConfigKeys (ConfUtils.java:logGet(44)) - raft.server.log.purge.upto.snapshot.index = false (default)
2022-05-17 16:35:23,158 [pool-703-thread-1] INFO  server.RaftServerConfigKeys (ConfUtils.java:logGet(44)) - raft.server.retrycache.expirytime = 600000ms (custom)
2022-05-17 16:35:23,158 [pool-703-thread-1] INFO  server.RaftServerConfigKeys (ConfUtils.java:logGet(44)) - raft.server.retrycache.statistics.expirytime = 100μs (default)
2022-05-17 16:35:23,160 [pool-703-thread-1] INFO  server.RaftServer$Division (RaftServerImpl.java:start(301)) - 9cec8234-b2c7-47b8-9d15-77d4699ef24c@group-DBEF30F02B51: start as a follower, conf=-1: [9cec8234-b2c7-47b8-9d15-77d4699ef24c|rpc:10.1.0.54:38423|priority:1, a3a5d823-2209-42c9-ae5e-bf7a716faf8f|rpc:10.1.0.54:36303|priority:0, 91ef6712-6125-4298-bcb9-2913db259823|rpc:10.1.0.54:41873|priority:0], old=null
2022-05-17 16:35:23,160 [pool-703-thread-1] INFO  server.RaftServer$Division (RaftServerImpl.java:setRole(290)) - 9cec8234-b2c7-47b8-9d15-77d4699ef24c@group-DBEF30F02B51: changes role from      null to FOLLOWER at term 0 for startAsFollower
2022-05-17 16:35:23,160 [pool-703-thread-1] INFO  impl.RoleInfo (RoleInfo.java:updateAndGet(130)) - 9cec8234-b2c7-47b8-9d15-77d4699ef24c: start 9cec8234-b2c7-47b8-9d15-77d4699ef24c@group-DBEF30F02B51-FollowerState
2022-05-17 16:35:23,164 [pool-703-thread-1] INFO  util.JmxRegister (JmxRegister.java:tryRegister(44)) - Successfully registered JMX Bean with object name Ratis:service=RaftServer,group=group-DBEF30F02B51,id=9cec8234-b2c7-47b8-9d15-77d4699ef24c
2022-05-17 16:35:23,166 [Command processor thread] INFO  ratis.XceiverServerRatis (XceiverServerRatis.java:addGroup(765)) - Created group PipelineID=d8a19e88-14fb-47ef-aa7c-dbef30f02b51
2022-05-17 16:35:23,191 [grpc-default-executor-0] INFO  server.RaftServer (RaftServerProxy.java:addNew(95)) - 91ef6712-6125-4298-bcb9-2913db259823: addNew group-DBEF30F02B51:[9cec8234-b2c7-47b8-9d15-77d4699ef24c|rpc:10.1.0.54:38423|dataStream:|priority:1, a3a5d823-2209-42c9-ae5e-bf7a716faf8f|rpc:10.1.0.54:36303|dataStream:|priority:0, 91ef6712-6125-4298-bcb9-2913db259823|rpc:10.1.0.54:41873|dataStream:|priority:0] returns group-DBEF30F02B51:java.util.concurrent.CompletableFuture@f5ffcc0[Not completed]
2022-05-17 16:35:23,219 [pool-725-thread-1] INFO  server.RaftServer$Division (RaftServerImpl.java:<init>(184)) - 91ef6712-6125-4298-bcb9-2913db259823: new RaftServerImpl for group-DBEF30F02B51:[9cec8234-b2c7-47b8-9d15-77d4699ef24c|rpc:10.1.0.54:38423|dataStream:|priority:1, a3a5d823-2209-42c9-ae5e-bf7a716faf8f|rpc:10.1.0.54:36303|dataStream:|priority:0, 91ef6712-6125-4298-bcb9-2913db259823|rpc:10.1.0.54:41873|dataStream:|priority:0] with ContainerStateMachine:uninitialized
2022-05-17 16:35:23,219 [pool-725-thread-1] INFO  server.RaftServerConfigKeys (ConfUtils.java:logGet(44)) - raft.server.rpc.timeout.min = 5s (custom)
2022-05-17 16:35:23,219 [pool-725-thread-1] INFO  server.RaftServerConfigKeys (ConfUtils.java:logGet(44)) - raft.server.rpc.timeout.max = 5200ms (custom)
2022-05-17 16:35:23,219 [pool-725-thread-1] INFO  server.RaftServerConfigKeys (ConfUtils.java:logGet(44)) - raft.server.rpc.sleep.time = 25ms (default)
2022-05-17 16:35:23,219 [pool-725-thread-1] INFO  server.RaftServerConfigKeys (ConfUtils.java:logGet(44)) - raft.server.rpc.slowness.timeout = 300s (custom)
2022-05-17 16:35:23,219 [pool-725-thread-1] INFO  server.RaftServerConfigKeys (ConfUtils.java:logGet(44)) - raft.server.leaderelection.leader.step-down.wait-time = 10s (default)
2022-05-17 16:35:23,219 [pool-725-thread-1] INFO  server.RaftServerConfigKeys (ConfUtils.java:logGet(44)) - raft.server.sleep.deviation.threshold = 300ms (default)
2022-05-17 16:35:23,219 [pool-725-thread-1] INFO  server.RaftServerConfigKeys (ConfUtils.java:logGet(44)) - raft.server.log.appender.install.snapshot.enabled = false (custom)
2022-05-17 16:35:23,219 [pool-725-thread-1] INFO  server.RaftServer$Division (ServerState.java:<init>(105)) - 91ef6712-6125-4298-bcb9-2913db259823@group-DBEF30F02B51: ConfigurationManager, init=-1: [9cec8234-b2c7-47b8-9d15-77d4699ef24c|rpc:10.1.0.54:38423|dataStream:|priority:1, a3a5d823-2209-42c9-ae5e-bf7a716faf8f|rpc:10.1.0.54:36303|dataStream:|priority:0, 91ef6712-6125-4298-bcb9-2913db259823|rpc:10.1.0.54:41873|dataStream:|priority:0], old=null, confs=<EMPTY_MAP>
2022-05-17 16:35:23,220 [pool-725-thread-1] INFO  server.RaftServerConfigKeys (ConfUtils.java:logGet(44)) - raft.server.storage.dir = [/home/runner/work/ozone/ozone/hadoop-ozone/integration-test/target/test-dir/MiniOzoneClusterImpl-41fbf156-6dda-44b9-a756-3cbfdc5ceeae/datanode-1/data/ratis] (custom)
2022-05-17 16:35:23,220 [pool-725-thread-1] INFO  server.RaftServerConfigKeys (ConfUtils.java:logGet(44)) - raft.server.log.corruption.policy = EXCEPTION (default)
2022-05-17 16:35:23,220 [pool-725-thread-1] INFO  server.RaftServerConfigKeys (ConfUtils.java:logGet(44)) - raft.server.storage.free-space.min = 0MB (=0) (default)
2022-05-17 16:35:23,220 [pool-725-thread-1] INFO  storage.RaftStorageDirectory (RaftStorageDirectoryImpl.java:analyzeStorage(135)) - The storage directory /home/runner/work/ozone/ozone/hadoop-ozone/integration-test/target/test-dir/MiniOzoneClusterImpl-41fbf156-6dda-44b9-a756-3cbfdc5ceeae/datanode-1/data/ratis/d8a19e88-14fb-47ef-aa7c-dbef30f02b51 does not exist. Creating ...
2022-05-17 16:35:23,224 [pool-725-thread-1] INFO  storage.RaftStorageDirectory (RaftStorageDirectoryImpl.java:tryLock(230)) - Lock on /home/runner/work/ozone/ozone/hadoop-ozone/integration-test/target/test-dir/MiniOzoneClusterImpl-41fbf156-6dda-44b9-a756-3cbfdc5ceeae/datanode-1/data/ratis/d8a19e88-14fb-47ef-aa7c-dbef30f02b51/in_use.lock acquired by nodename 17133@fv-az297-879
2022-05-17 16:35:23,228 [pool-725-thread-1] INFO  storage.RaftStorage (RaftStorageImpl.java:format(89)) - Storage directory /home/runner/work/ozone/ozone/hadoop-ozone/integration-test/target/test-dir/MiniOzoneClusterImpl-41fbf156-6dda-44b9-a756-3cbfdc5ceeae/datanode-1/data/ratis/d8a19e88-14fb-47ef-aa7c-dbef30f02b51 has been successfully formatted.
2022-05-17 16:35:23,229 [pool-725-thread-1] INFO  ratis.ContainerStateMachine (ContainerStateMachine.java:loadSnapshot(236)) - group-DBEF30F02B51: The snapshot info is null. Setting the last applied indexto:(t:0, i:~)
2022-05-17 16:35:23,233 [pool-725-thread-1] INFO  server.RaftServerConfigKeys (ConfUtils.java:logGet(44)) - raft.server.notification.no-leader.timeout = 300s (custom)
2022-05-17 16:35:23,234 [pool-725-thread-1] INFO  server.RaftServerConfigKeys (ConfUtils.java:logGet(44)) - raft.server.log.use.memory = false (default)
2022-05-17 16:35:23,234 [pool-725-thread-1] INFO  server.RaftServerConfigKeys (ConfUtils.java:logGet(44)) - raft.server.log.purge.gap = 1000000 (custom)
2022-05-17 16:35:23,234 [pool-725-thread-1] INFO  server.RaftServerConfigKeys (ConfUtils.java:logGet(44)) - raft.server.log.appender.buffer.byte-limit = 33554432 (custom)
2022-05-17 16:35:23,234 [pool-725-thread-1] INFO  server.RaftServerConfigKeys (ConfUtils.java:logGet(44)) - raft.server.log.segment.size.max = 1048576 (custom)
2022-05-17 16:35:23,235 [pool-725-thread-1] INFO  server.RaftServerConfigKeys (ConfUtils.java:logGet(44)) - raft.server.log.segment.cache.num.max = 2 (custom)
2022-05-17 16:35:23,235 [pool-725-thread-1] INFO  server.RaftServerConfigKeys (ConfUtils.java:logGet(44)) - raft.server.log.segment.cache.size.max = 200MB (=209715200) (default)
2022-05-17 16:35:23,235 [pool-725-thread-1] INFO  segmented.SegmentedRaftLogWorker (SegmentedRaftLogWorker.java:<init>(182)) - new 91ef6712-6125-4298-bcb9-2913db259823@group-DBEF30F02B51-SegmentedRaftLogWorker for RaftStorageImpl:Storage Directory /home/runner/work/ozone/ozone/hadoop-ozone/integration-test/target/test-dir/MiniOzoneClusterImpl-41fbf156-6dda-44b9-a756-3cbfdc5ceeae/datanode-1/data/ratis/d8a19e88-14fb-47ef-aa7c-dbef30f02b51
2022-05-17 16:35:23,235 [pool-725-thread-1] INFO  server.RaftServerConfigKeys (ConfUtils.java:logGet(44)) - raft.server.log.queue.byte-limit = 4294967296 (custom)
2022-05-17 16:35:23,235 [pool-725-thread-1] INFO  server.RaftServerConfigKeys (ConfUtils.java:logGet(44)) - raft.server.log.queue.element-limit = 1024 (custom)
2022-05-17 16:35:23,235 [pool-725-thread-1] INFO  server.RaftServerConfigKeys (ConfUtils.java:logGet(44)) - raft.server.log.segment.size.max = 1048576 (custom)
2022-05-17 16:35:23,235 [pool-725-thread-1] INFO  server.RaftServerConfigKeys (ConfUtils.java:logGet(44)) - raft.server.log.preallocated.size = 16384 (custom)
2022-05-17 16:35:23,235 [pool-725-thread-1] INFO  server.RaftServerConfigKeys (ConfUtils.java:logGet(44)) - raft.server.log.force.sync.num = 128 (default)
2022-05-17 16:35:23,235 [pool-725-thread-1] INFO  server.RaftServerConfigKeys (ConfUtils.java:logGet(44)) - raft.server.log.statemachine.data.sync = true (default)
2022-05-17 16:35:23,235 [pool-725-thread-1] INFO  server.RaftServerConfigKeys (ConfUtils.java:logGet(44)) - raft.server.log.statemachine.data.sync.timeout = 10s (default)
2022-05-17 16:35:23,235 [pool-725-thread-1] INFO  server.RaftServerConfigKeys (ConfUtils.java:logGet(44)) - raft.server.log.statemachine.data.sync.timeout.retry = -1 (default)
2022-05-17 16:35:23,237 [pool-725-thread-1] INFO  server.RaftServerConfigKeys (ConfUtils.java:logGet(44)) - raft.server.log.write.buffer.size = 1048576 (custom)
2022-05-17 16:35:23,239 [EventQueue-OpenPipelineForHealthyPipelineSafeModeRule] INFO  safemode.SCMSafeModeManager (HealthyPipelineSafeModeRule.java:process(124)) - SCM in safe mode. Healthy pipelines reported count is 0, required healthy pipeline reported count is 1
2022-05-17 16:35:23,251 [pool-725-thread-1] INFO  server.RaftServerConfigKeys (ConfUtils.java:logGet(44)) - raft.server.log.statemachine.data.caching.enabled = true (custom)
2022-05-17 16:35:23,251 [pool-725-thread-1] INFO  segmented.SegmentedRaftLogWorker (SegmentedRaftLogWorker.java:lambda$new$0(133)) - 91ef6712-6125-4298-bcb9-2913db259823@group-DBEF30F02B51-SegmentedRaftLogWorker: flushIndex: setUnconditionally 0 -> -1
2022-05-17 16:35:23,251 [pool-725-thread-1] INFO  segmented.SegmentedRaftLogWorker (SegmentedRaftLogWorker.java:lambda$new$0(133)) - 91ef6712-6125-4298-bcb9-2913db259823@group-DBEF30F02B51-SegmentedRaftLogWorker: safeCacheEvictIndex: setUnconditionally 0 -> -1
2022-05-17 16:35:23,251 [pool-725-thread-1] INFO  server.RaftServerConfigKeys (ConfUtils.java:logGet(44)) - raft.server.snapshot.auto.trigger.enabled = true (custom)
2022-05-17 16:35:23,251 [pool-725-thread-1] INFO  server.RaftServerConfigKeys (ConfUtils.java:logGet(44)) - raft.server.snapshot.auto.trigger.threshold = 10000 (custom)
2022-05-17 16:35:23,251 [pool-725-thread-1] INFO  server.RaftServerConfigKeys (ConfUtils.java:logGet(44)) - raft.server.snapshot.retention.file.num = 5 (custom)
2022-05-17 16:35:23,251 [pool-725-thread-1] INFO  server.RaftServerConfigKeys (ConfUtils.java:logGet(44)) - raft.server.log.purge.upto.snapshot.index = false (default)
2022-05-17 16:35:23,252 [pool-725-thread-1] INFO  server.RaftServerConfigKeys (ConfUtils.java:logGet(44)) - raft.server.retrycache.expirytime = 600000ms (custom)
2022-05-17 16:35:23,252 [pool-725-thread-1] INFO  server.RaftServerConfigKeys (ConfUtils.java:logGet(44)) - raft.server.retrycache.statistics.expirytime = 100μs (default)
2022-05-17 16:35:23,256 [pool-725-thread-1] INFO  server.RaftServer$Division (RaftServerImpl.java:start(301)) - 91ef6712-6125-4298-bcb9-2913db259823@group-DBEF30F02B51: start as a follower, conf=-1: [9cec8234-b2c7-47b8-9d15-77d4699ef24c|rpc:10.1.0.54:38423|dataStream:|priority:1, a3a5d823-2209-42c9-ae5e-bf7a716faf8f|rpc:10.1.0.54:36303|dataStream:|priority:0, 91ef6712-6125-4298-bcb9-2913db259823|rpc:10.1.0.54:41873|dataStream:|priority:0], old=null
2022-05-17 16:35:23,256 [pool-725-thread-1] INFO  server.RaftServer$Division (RaftServerImpl.java:setRole(290)) - 91ef6712-6125-4298-bcb9-2913db259823@group-DBEF30F02B51: changes role from      null to FOLLOWER at term 0 for startAsFollower
2022-05-17 16:35:23,256 [pool-725-thread-1] INFO  impl.RoleInfo (RoleInfo.java:updateAndGet(130)) - 91ef6712-6125-4298-bcb9-2913db259823: start 91ef6712-6125-4298-bcb9-2913db259823@group-DBEF30F02B51-FollowerState
2022-05-17 16:35:23,258 [pool-725-thread-1] INFO  util.JmxRegister (JmxRegister.java:tryRegister(44)) - Successfully registered JMX Bean with object name Ratis:service=RaftServer,group=group-DBEF30F02B51,id=91ef6712-6125-4298-bcb9-2913db259823
2022-05-17 16:35:23,319 [grpc-default-executor-0] INFO  server.RaftServer (RaftServerProxy.java:addNew(95)) - a3a5d823-2209-42c9-ae5e-bf7a716faf8f: addNew group-DBEF30F02B51:[9cec8234-b2c7-47b8-9d15-77d4699ef24c|rpc:10.1.0.54:38423|dataStream:|priority:1, a3a5d823-2209-42c9-ae5e-bf7a716faf8f|rpc:10.1.0.54:36303|dataStream:|priority:0, 91ef6712-6125-4298-bcb9-2913db259823|rpc:10.1.0.54:41873|dataStream:|priority:0] returns group-DBEF30F02B51:java.util.concurrent.CompletableFuture@76984761[Not completed]
2022-05-17 16:35:23,320 [pool-747-thread-1] INFO  server.RaftServer$Division (RaftServerImpl.java:<init>(184)) - a3a5d823-2209-42c9-ae5e-bf7a716faf8f: new RaftServerImpl for group-DBEF30F02B51:[9cec8234-b2c7-47b8-9d15-77d4699ef24c|rpc:10.1.0.54:38423|dataStream:|priority:1, a3a5d823-2209-42c9-ae5e-bf7a716faf8f|rpc:10.1.0.54:36303|dataStream:|priority:0, 91ef6712-6125-4298-bcb9-2913db259823|rpc:10.1.0.54:41873|dataStream:|priority:0] with ContainerStateMachine:uninitialized
2022-05-17 16:35:23,321 [pool-747-thread-1] INFO  server.RaftServerConfigKeys (ConfUtils.java:logGet(44)) - raft.server.rpc.timeout.min = 5s (custom)
2022-05-17 16:35:23,321 [pool-747-thread-1] INFO  server.RaftServerConfigKeys (ConfUtils.java:logGet(44)) - raft.server.rpc.timeout.max = 5200ms (custom)
2022-05-17 16:35:23,321 [pool-747-thread-1] INFO  server.RaftServerConfigKeys (ConfUtils.java:logGet(44)) - raft.server.rpc.sleep.time = 25ms (default)
2022-05-17 16:35:23,321 [pool-747-thread-1] INFO  server.RaftServerConfigKeys (ConfUtils.java:logGet(44)) - raft.server.rpc.slowness.timeout = 300s (custom)
2022-05-17 16:35:23,321 [pool-747-thread-1] INFO  server.RaftServerConfigKeys (ConfUtils.java:logGet(44)) - raft.server.leaderelection.leader.step-down.wait-time = 10s (default)
2022-05-17 16:35:23,321 [pool-747-thread-1] INFO  server.RaftServerConfigKeys (ConfUtils.java:logGet(44)) - raft.server.sleep.deviation.threshold = 300ms (default)
2022-05-17 16:35:23,321 [pool-747-thread-1] INFO  server.RaftServerConfigKeys (ConfUtils.java:logGet(44)) - raft.server.log.appender.install.snapshot.enabled = false (custom)
2022-05-17 16:35:23,321 [pool-747-thread-1] INFO  server.RaftServer$Division (ServerState.java:<init>(105)) - a3a5d823-2209-42c9-ae5e-bf7a716faf8f@group-DBEF30F02B51: ConfigurationManager, init=-1: [9cec8234-b2c7-47b8-9d15-77d4699ef24c|rpc:10.1.0.54:38423|dataStream:|priority:1, a3a5d823-2209-42c9-ae5e-bf7a716faf8f|rpc:10.1.0.54:36303|dataStream:|priority:0, 91ef6712-6125-4298-bcb9-2913db259823|rpc:10.1.0.54:41873|dataStream:|priority:0], old=null, confs=<EMPTY_MAP>
2022-05-17 16:35:23,321 [pool-747-thread-1] INFO  server.RaftServerConfigKeys (ConfUtils.java:logGet(44)) - raft.server.storage.dir = [/home/runner/work/ozone/ozone/hadoop-ozone/integration-test/target/test-dir/MiniOzoneClusterImpl-41fbf156-6dda-44b9-a756-3cbfdc5ceeae/datanode-2/data/ratis] (custom)
2022-05-17 16:35:23,322 [pool-747-thread-1] INFO  server.RaftServerConfigKeys (ConfUtils.java:logGet(44)) - raft.server.log.corruption.policy = EXCEPTION (default)
2022-05-17 16:35:23,322 [pool-747-thread-1] INFO  server.RaftServerConfigKeys (ConfUtils.java:logGet(44)) - raft.server.storage.free-space.min = 0MB (=0) (default)
2022-05-17 16:35:23,322 [pool-747-thread-1] INFO  storage.RaftStorageDirectory (RaftStorageDirectoryImpl.java:analyzeStorage(135)) - The storage directory /home/runner/work/ozone/ozone/hadoop-ozone/integration-test/target/test-dir/MiniOzoneClusterImpl-41fbf156-6dda-44b9-a756-3cbfdc5ceeae/datanode-2/data/ratis/d8a19e88-14fb-47ef-aa7c-dbef30f02b51 does not exist. Creating ...
2022-05-17 16:35:23,323 [pool-747-thread-1] INFO  storage.RaftStorageDirectory (RaftStorageDirectoryImpl.java:tryLock(230)) - Lock on /home/runner/work/ozone/ozone/hadoop-ozone/integration-test/target/test-dir/MiniOzoneClusterImpl-41fbf156-6dda-44b9-a756-3cbfdc5ceeae/datanode-2/data/ratis/d8a19e88-14fb-47ef-aa7c-dbef30f02b51/in_use.lock acquired by nodename 17133@fv-az297-879
2022-05-17 16:35:23,324 [pool-747-thread-1] INFO  storage.RaftStorage (RaftStorageImpl.java:format(89)) - Storage directory /home/runner/work/ozone/ozone/hadoop-ozone/integration-test/target/test-dir/MiniOzoneClusterImpl-41fbf156-6dda-44b9-a756-3cbfdc5ceeae/datanode-2/data/ratis/d8a19e88-14fb-47ef-aa7c-dbef30f02b51 has been successfully formatted.
2022-05-17 16:35:23,327 [pool-747-thread-1] INFO  ratis.ContainerStateMachine (ContainerStateMachine.java:loadSnapshot(236)) - group-DBEF30F02B51: The snapshot info is null. Setting the last applied indexto:(t:0, i:~)
2022-05-17 16:35:23,327 [pool-747-thread-1] INFO  server.RaftServerConfigKeys (ConfUtils.java:logGet(44)) - raft.server.notification.no-leader.timeout = 300s (custom)
2022-05-17 16:35:23,327 [pool-747-thread-1] INFO  server.RaftServerConfigKeys (ConfUtils.java:logGet(44)) - raft.server.log.use.memory = false (default)
2022-05-17 16:35:23,327 [pool-747-thread-1] INFO  server.RaftServerConfigKeys (ConfUtils.java:logGet(44)) - raft.server.log.purge.gap = 1000000 (custom)
2022-05-17 16:35:23,327 [pool-747-thread-1] INFO  server.RaftServerConfigKeys (ConfUtils.java:logGet(44)) - raft.server.log.appender.buffer.byte-limit = 33554432 (custom)
2022-05-17 16:35:23,327 [pool-747-thread-1] INFO  server.RaftServerConfigKeys (ConfUtils.java:logGet(44)) - raft.server.log.segment.size.max = 1048576 (custom)
2022-05-17 16:35:23,328 [pool-747-thread-1] INFO  server.RaftServerConfigKeys (ConfUtils.java:logGet(44)) - raft.server.log.segment.cache.num.max = 2 (custom)
2022-05-17 16:35:23,328 [pool-747-thread-1] INFO  server.RaftServerConfigKeys (ConfUtils.java:logGet(44)) - raft.server.log.segment.cache.size.max = 200MB (=209715200) (default)
2022-05-17 16:35:23,328 [pool-747-thread-1] INFO  segmented.SegmentedRaftLogWorker (SegmentedRaftLogWorker.java:<init>(182)) - new a3a5d823-2209-42c9-ae5e-bf7a716faf8f@group-DBEF30F02B51-SegmentedRaftLogWorker for RaftStorageImpl:Storage Directory /home/runner/work/ozone/ozone/hadoop-ozone/integration-test/target/test-dir/MiniOzoneClusterImpl-41fbf156-6dda-44b9-a756-3cbfdc5ceeae/datanode-2/data/ratis/d8a19e88-14fb-47ef-aa7c-dbef30f02b51
2022-05-17 16:35:23,328 [pool-747-thread-1] INFO  server.RaftServerConfigKeys (ConfUtils.java:logGet(44)) - raft.server.log.queue.byte-limit = 4294967296 (custom)
2022-05-17 16:35:23,328 [pool-747-thread-1] INFO  server.RaftServerConfigKeys (ConfUtils.java:logGet(44)) - raft.server.log.queue.element-limit = 1024 (custom)
2022-05-17 16:35:23,328 [pool-747-thread-1] INFO  server.RaftServerConfigKeys (ConfUtils.java:logGet(44)) - raft.server.log.segment.size.max = 1048576 (custom)
2022-05-17 16:35:23,328 [pool-747-thread-1] INFO  server.RaftServerConfigKeys (ConfUtils.java:logGet(44)) - raft.server.log.preallocated.size = 16384 (custom)
2022-05-17 16:35:23,328 [pool-747-thread-1] INFO  server.RaftServerConfigKeys (ConfUtils.java:logGet(44)) - raft.server.log.force.sync.num = 128 (default)
2022-05-17 16:35:23,328 [pool-747-thread-1] INFO  server.RaftServerConfigKeys (ConfUtils.java:logGet(44)) - raft.server.log.statemachine.data.sync = true (default)
2022-05-17 16:35:23,328 [pool-747-thread-1] INFO  server.RaftServerConfigKeys (ConfUtils.java:logGet(44)) - raft.server.log.statemachine.data.sync.timeout = 10s (default)
2022-05-17 16:35:23,328 [pool-747-thread-1] INFO  server.RaftServerConfigKeys (ConfUtils.java:logGet(44)) - raft.server.log.statemachine.data.sync.timeout.retry = -1 (default)
2022-05-17 16:35:23,342 [pool-747-thread-1] INFO  server.RaftServerConfigKeys (ConfUtils.java:logGet(44)) - raft.server.log.write.buffer.size = 1048576 (custom)
2022-05-17 16:35:23,343 [pool-747-thread-1] INFO  server.RaftServerConfigKeys (ConfUtils.java:logGet(44)) - raft.server.log.statemachine.data.caching.enabled = true (custom)
2022-05-17 16:35:23,344 [pool-747-thread-1] INFO  segmented.SegmentedRaftLogWorker (SegmentedRaftLogWorker.java:lambda$new$0(133)) - a3a5d823-2209-42c9-ae5e-bf7a716faf8f@group-DBEF30F02B51-SegmentedRaftLogWorker: flushIndex: setUnconditionally 0 -> -1
2022-05-17 16:35:23,344 [pool-747-thread-1] INFO  segmented.SegmentedRaftLogWorker (SegmentedRaftLogWorker.java:lambda$new$0(133)) - a3a5d823-2209-42c9-ae5e-bf7a716faf8f@group-DBEF30F02B51-SegmentedRaftLogWorker: safeCacheEvictIndex: setUnconditionally 0 -> -1
2022-05-17 16:35:23,344 [pool-747-thread-1] INFO  server.RaftServerConfigKeys (ConfUtils.java:logGet(44)) - raft.server.snapshot.auto.trigger.enabled = true (custom)
2022-05-17 16:35:23,344 [pool-747-thread-1] INFO  server.RaftServerConfigKeys (ConfUtils.java:logGet(44)) - raft.server.snapshot.auto.trigger.threshold = 10000 (custom)
2022-05-17 16:35:23,344 [pool-747-thread-1] INFO  server.RaftServerConfigKeys (ConfUtils.java:logGet(44)) - raft.server.snapshot.retention.file.num = 5 (custom)
2022-05-17 16:35:23,344 [pool-747-thread-1] INFO  server.RaftServerConfigKeys (ConfUtils.java:logGet(44)) - raft.server.log.purge.upto.snapshot.index = false (default)
2022-05-17 16:35:23,344 [pool-747-thread-1] INFO  server.RaftServerConfigKeys (ConfUtils.java:logGet(44)) - raft.server.retrycache.expirytime = 600000ms (custom)
2022-05-17 16:35:23,344 [pool-747-thread-1] INFO  server.RaftServerConfigKeys (ConfUtils.java:logGet(44)) - raft.server.retrycache.statistics.expirytime = 100μs (default)
2022-05-17 16:35:23,346 [pool-747-thread-1] INFO  server.RaftServer$Division (RaftServerImpl.java:start(301)) - a3a5d823-2209-42c9-ae5e-bf7a716faf8f@group-DBEF30F02B51: start as a follower, conf=-1: [9cec8234-b2c7-47b8-9d15-77d4699ef24c|rpc:10.1.0.54:38423|dataStream:|priority:1, a3a5d823-2209-42c9-ae5e-bf7a716faf8f|rpc:10.1.0.54:36303|dataStream:|priority:0, 91ef6712-6125-4298-bcb9-2913db259823|rpc:10.1.0.54:41873|dataStream:|priority:0], old=null
2022-05-17 16:35:23,346 [pool-747-thread-1] INFO  server.RaftServer$Division (RaftServerImpl.java:setRole(290)) - a3a5d823-2209-42c9-ae5e-bf7a716faf8f@group-DBEF30F02B51: changes role from      null to FOLLOWER at term 0 for startAsFollower
2022-05-17 16:35:23,346 [pool-747-thread-1] INFO  impl.RoleInfo (RoleInfo.java:updateAndGet(130)) - a3a5d823-2209-42c9-ae5e-bf7a716faf8f: start a3a5d823-2209-42c9-ae5e-bf7a716faf8f@group-DBEF30F02B51-FollowerState
2022-05-17 16:35:23,351 [pool-747-thread-1] INFO  util.JmxRegister (JmxRegister.java:tryRegister(44)) - Successfully registered JMX Bean with object name Ratis:service=RaftServer,group=group-DBEF30F02B51,id=a3a5d823-2209-42c9-ae5e-bf7a716faf8f
2022-05-17 16:35:23,357 [Command processor thread] INFO  commandhandler.CreatePipelineCommandHandler (CreatePipelineCommandHandler.java:handle(113)) - Created Pipeline RATIS THREE PipelineID=d8a19e88-14fb-47ef-aa7c-dbef30f02b51.
2022-05-17 16:35:23,507 [Command processor thread] INFO  server.RaftServer (RaftServerProxy.java:addNew(95)) - 91ef6712-6125-4298-bcb9-2913db259823: addNew group-1F9C2189C5A2:[91ef6712-6125-4298-bcb9-2913db259823|rpc:10.1.0.54:41873|priority:1] returns group-1F9C2189C5A2:java.util.concurrent.CompletableFuture@12f47fb8[Not completed]
2022-05-17 16:35:23,508 [pool-725-thread-1] INFO  server.RaftServer$Division (RaftServerImpl.java:<init>(184)) - 91ef6712-6125-4298-bcb9-2913db259823: new RaftServerImpl for group-1F9C2189C5A2:[91ef6712-6125-4298-bcb9-2913db259823|rpc:10.1.0.54:41873|priority:1] with ContainerStateMachine:uninitialized
2022-05-17 16:35:23,508 [pool-725-thread-1] INFO  server.RaftServerConfigKeys (ConfUtils.java:logGet(44)) - raft.server.rpc.timeout.min = 5s (custom)
2022-05-17 16:35:23,508 [pool-725-thread-1] INFO  server.RaftServerConfigKeys (ConfUtils.java:logGet(44)) - raft.server.rpc.timeout.max = 5200ms (custom)
2022-05-17 16:35:23,508 [pool-725-thread-1] INFO  server.RaftServerConfigKeys (ConfUtils.java:logGet(44)) - raft.server.rpc.sleep.time = 25ms (default)
2022-05-17 16:35:23,508 [pool-725-thread-1] INFO  server.RaftServerConfigKeys (ConfUtils.java:logGet(44)) - raft.server.rpc.slowness.timeout = 300s (custom)
2022-05-17 16:35:23,508 [pool-725-thread-1] INFO  server.RaftServerConfigKeys (ConfUtils.java:logGet(44)) - raft.server.leaderelection.leader.step-down.wait-time = 10s (default)
2022-05-17 16:35:23,508 [pool-725-thread-1] INFO  server.RaftServerConfigKeys (ConfUtils.java:logGet(44)) - raft.server.sleep.deviation.threshold = 300ms (default)
2022-05-17 16:35:23,509 [pool-725-thread-1] INFO  server.RaftServerConfigKeys (ConfUtils.java:logGet(44)) - raft.server.log.appender.install.snapshot.enabled = false (custom)
2022-05-17 16:35:23,509 [pool-725-thread-1] INFO  server.RaftServer$Division (ServerState.java:<init>(105)) - 91ef6712-6125-4298-bcb9-2913db259823@group-1F9C2189C5A2: ConfigurationManager, init=-1: [91ef6712-6125-4298-bcb9-2913db259823|rpc:10.1.0.54:41873|priority:1], old=null, confs=<EMPTY_MAP>
2022-05-17 16:35:23,509 [pool-725-thread-1] INFO  server.RaftServerConfigKeys (ConfUtils.java:logGet(44)) - raft.server.storage.dir = [/home/runner/work/ozone/ozone/hadoop-ozone/integration-test/target/test-dir/MiniOzoneClusterImpl-41fbf156-6dda-44b9-a756-3cbfdc5ceeae/datanode-1/data/ratis] (custom)
2022-05-17 16:35:23,509 [pool-725-thread-1] INFO  server.RaftServerConfigKeys (ConfUtils.java:logGet(44)) - raft.server.log.corruption.policy = EXCEPTION (default)
2022-05-17 16:35:23,509 [pool-725-thread-1] INFO  server.RaftServerConfigKeys (ConfUtils.java:logGet(44)) - raft.server.storage.free-space.min = 0MB (=0) (default)
2022-05-17 16:35:23,509 [pool-725-thread-1] INFO  storage.RaftStorageDirectory (RaftStorageDirectoryImpl.java:analyzeStorage(135)) - The storage directory /home/runner/work/ozone/ozone/hadoop-ozone/integration-test/target/test-dir/MiniOzoneClusterImpl-41fbf156-6dda-44b9-a756-3cbfdc5ceeae/datanode-1/data/ratis/a7d041a7-3358-4d39-97ce-1f9c2189c5a2 does not exist. Creating ...
2022-05-17 16:35:23,517 [pool-725-thread-1] INFO  storage.RaftStorageDirectory (RaftStorageDirectoryImpl.java:tryLock(230)) - Lock on /home/runner/work/ozone/ozone/hadoop-ozone/integration-test/target/test-dir/MiniOzoneClusterImpl-41fbf156-6dda-44b9-a756-3cbfdc5ceeae/datanode-1/data/ratis/a7d041a7-3358-4d39-97ce-1f9c2189c5a2/in_use.lock acquired by nodename 17133@fv-az297-879
2022-05-17 16:35:23,519 [pool-725-thread-1] INFO  storage.RaftStorage (RaftStorageImpl.java:format(89)) - Storage directory /home/runner/work/ozone/ozone/hadoop-ozone/integration-test/target/test-dir/MiniOzoneClusterImpl-41fbf156-6dda-44b9-a756-3cbfdc5ceeae/datanode-1/data/ratis/a7d041a7-3358-4d39-97ce-1f9c2189c5a2 has been successfully formatted.
2022-05-17 16:35:23,521 [EventQueue-PipelineReportForPipelineReportHandler] INFO  pipeline.PipelineManagerImpl (PipelineManagerImpl.java:openPipeline(336)) - Pipeline Pipeline[ Id: a7d041a7-3358-4d39-97ce-1f9c2189c5a2, Nodes: 91ef6712-6125-4298-bcb9-2913db259823{ip: 10.1.0.54, host: fv-az297-879.nmf1rxwemy4u5di1sxxf4ejcwb.jx.internal.cloudapp.net, ports: [REPLICATION=33003, RATIS=41873, RATIS_ADMIN=41873, RATIS_SERVER=41873, STANDALONE=35347], networkLocation: /default-rack, certSerialId: null, persistedOpState: IN_SERVICE, persistedOpStateExpiryEpochSec: 0}, ReplicationConfig: RATIS/ONE, State:ALLOCATED, leaderId:91ef6712-6125-4298-bcb9-2913db259823, CreationTimestamp2022-05-17T16:35:20.529Z[Etc/UTC]] moved to OPEN state
2022-05-17 16:35:23,522 [EventQueue-OpenPipelineForHealthyPipelineSafeModeRule] INFO  safemode.SCMSafeModeManager (HealthyPipelineSafeModeRule.java:process(124)) - SCM in safe mode. Healthy pipelines reported count is 0, required healthy pipeline reported count is 1
2022-05-17 16:35:23,522 [pool-725-thread-1] INFO  ratis.ContainerStateMachine (ContainerStateMachine.java:loadSnapshot(236)) - group-1F9C2189C5A2: The snapshot info is null. Setting the last applied indexto:(t:0, i:~)
2022-05-17 16:35:23,546 [pool-725-thread-1] INFO  server.RaftServerConfigKeys (ConfUtils.java:logGet(44)) - raft.server.notification.no-leader.timeout = 300s (custom)
2022-05-17 16:35:23,546 [pool-725-thread-1] INFO  server.RaftServerConfigKeys (ConfUtils.java:logGet(44)) - raft.server.log.use.memory = false (default)
2022-05-17 16:35:23,546 [pool-725-thread-1] INFO  server.RaftServerConfigKeys (ConfUtils.java:logGet(44)) - raft.server.log.purge.gap = 1000000 (custom)
2022-05-17 16:35:23,546 [pool-725-thread-1] INFO  server.RaftServerConfigKeys (ConfUtils.java:logGet(44)) - raft.server.log.appender.buffer.byte-limit = 33554432 (custom)
2022-05-17 16:35:23,546 [pool-725-thread-1] INFO  server.RaftServerConfigKeys (ConfUtils.java:logGet(44)) - raft.server.log.segment.size.max = 1048576 (custom)
2022-05-17 16:35:23,547 [pool-725-thread-1] INFO  server.RaftServerConfigKeys (ConfUtils.java:logGet(44)) - raft.server.log.segment.cache.num.max = 2 (custom)
2022-05-17 16:35:23,547 [pool-725-thread-1] INFO  server.RaftServerConfigKeys (ConfUtils.java:logGet(44)) - raft.server.log.segment.cache.size.max = 200MB (=209715200) (default)
2022-05-17 16:35:23,547 [pool-725-thread-1] INFO  segmented.SegmentedRaftLogWorker (SegmentedRaftLogWorker.java:<init>(182)) - new 91ef6712-6125-4298-bcb9-2913db259823@group-1F9C2189C5A2-SegmentedRaftLogWorker for RaftStorageImpl:Storage Directory /home/runner/work/ozone/ozone/hadoop-ozone/integration-test/target/test-dir/MiniOzoneClusterImpl-41fbf156-6dda-44b9-a756-3cbfdc5ceeae/datanode-1/data/ratis/a7d041a7-3358-4d39-97ce-1f9c2189c5a2
2022-05-17 16:35:23,547 [pool-725-thread-1] INFO  server.RaftServerConfigKeys (ConfUtils.java:logGet(44)) - raft.server.log.queue.byte-limit = 4294967296 (custom)
2022-05-17 16:35:23,547 [pool-725-thread-1] INFO  server.RaftServerConfigKeys (ConfUtils.java:logGet(44)) - raft.server.log.queue.element-limit = 1024 (custom)
2022-05-17 16:35:23,547 [pool-725-thread-1] INFO  server.RaftServerConfigKeys (ConfUtils.java:logGet(44)) - raft.server.log.segment.size.max = 1048576 (custom)
2022-05-17 16:35:23,547 [pool-725-thread-1] INFO  server.RaftServerConfigKeys (ConfUtils.java:logGet(44)) - raft.server.log.preallocated.size = 16384 (custom)
2022-05-17 16:35:23,547 [pool-725-thread-1] INFO  server.RaftServerConfigKeys (ConfUtils.java:logGet(44)) - raft.server.log.force.sync.num = 128 (default)
2022-05-17 16:35:23,547 [pool-725-thread-1] INFO  server.RaftServerConfigKeys (ConfUtils.java:logGet(44)) - raft.server.log.statemachine.data.sync = true (default)
2022-05-17 16:35:23,547 [pool-725-thread-1] INFO  server.RaftServerConfigKeys (ConfUtils.java:logGet(44)) - raft.server.log.statemachine.data.sync.timeout = 10s (default)
2022-05-17 16:35:23,547 [pool-725-thread-1] INFO  server.RaftServerConfigKeys (ConfUtils.java:logGet(44)) - raft.server.log.statemachine.data.sync.timeout.retry = -1 (default)
2022-05-17 16:35:23,548 [pool-725-thread-1] INFO  server.RaftServerConfigKeys (ConfUtils.java:logGet(44)) - raft.server.log.write.buffer.size = 1048576 (custom)
2022-05-17 16:35:23,549 [pool-725-thread-1] INFO  server.RaftServerConfigKeys (ConfUtils.java:logGet(44)) - raft.server.log.statemachine.data.caching.enabled = true (custom)
2022-05-17 16:35:23,549 [pool-725-thread-1] INFO  segmented.SegmentedRaftLogWorker (SegmentedRaftLogWorker.java:lambda$new$0(133)) - 91ef6712-6125-4298-bcb9-2913db259823@group-1F9C2189C5A2-SegmentedRaftLogWorker: flushIndex: setUnconditionally 0 -> -1
2022-05-17 16:35:23,549 [pool-725-thread-1] INFO  segmented.SegmentedRaftLogWorker (SegmentedRaftLogWorker.java:lambda$new$0(133)) - 91ef6712-6125-4298-bcb9-2913db259823@group-1F9C2189C5A2-SegmentedRaftLogWorker: safeCacheEvictIndex: setUnconditionally 0 -> -1
2022-05-17 16:35:23,562 [pool-725-thread-1] INFO  server.RaftServerConfigKeys (ConfUtils.java:logGet(44)) - raft.server.snapshot.auto.trigger.enabled = true (custom)
2022-05-17 16:35:23,562 [pool-725-thread-1] INFO  server.RaftServerConfigKeys (ConfUtils.java:logGet(44)) - raft.server.snapshot.auto.trigger.threshold = 10000 (custom)
2022-05-17 16:35:23,562 [pool-725-thread-1] INFO  server.RaftServerConfigKeys (ConfUtils.java:logGet(44)) - raft.server.snapshot.retention.file.num = 5 (custom)
2022-05-17 16:35:23,562 [pool-725-thread-1] INFO  server.RaftServerConfigKeys (ConfUtils.java:logGet(44)) - raft.server.log.purge.upto.snapshot.index = false (default)
2022-05-17 16:35:23,562 [pool-725-thread-1] INFO  server.RaftServerConfigKeys (ConfUtils.java:logGet(44)) - raft.server.retrycache.expirytime = 600000ms (custom)
2022-05-17 16:35:23,562 [pool-725-thread-1] INFO  server.RaftServerConfigKeys (ConfUtils.java:logGet(44)) - raft.server.retrycache.statistics.expirytime = 100μs (default)
2022-05-17 16:35:23,571 [pool-725-thread-1] INFO  server.RaftServer$Division (RaftServerImpl.java:start(301)) - 91ef6712-6125-4298-bcb9-2913db259823@group-1F9C2189C5A2: start as a follower, conf=-1: [91ef6712-6125-4298-bcb9-2913db259823|rpc:10.1.0.54:41873|priority:1], old=null
2022-05-17 16:35:23,571 [pool-725-thread-1] INFO  server.RaftServer$Division (RaftServerImpl.java:setRole(290)) - 91ef6712-6125-4298-bcb9-2913db259823@group-1F9C2189C5A2: changes role from      null to FOLLOWER at term 0 for startAsFollower
2022-05-17 16:35:23,571 [pool-725-thread-1] INFO  impl.RoleInfo (RoleInfo.java:updateAndGet(130)) - 91ef6712-6125-4298-bcb9-2913db259823: start 91ef6712-6125-4298-bcb9-2913db259823@group-1F9C2189C5A2-FollowerState
2022-05-17 16:35:23,571 [pool-725-thread-1] INFO  util.JmxRegister (JmxRegister.java:tryRegister(44)) - Successfully registered JMX Bean with object name Ratis:service=RaftServer,group=group-1F9C2189C5A2,id=91ef6712-6125-4298-bcb9-2913db259823
2022-05-17 16:35:23,572 [Command processor thread] INFO  ratis.XceiverServerRatis (XceiverServerRatis.java:addGroup(765)) - Created group PipelineID=a7d041a7-3358-4d39-97ce-1f9c2189c5a2
2022-05-17 16:35:23,572 [Command processor thread] INFO  commandhandler.CreatePipelineCommandHandler (CreatePipelineCommandHandler.java:handle(113)) - Created Pipeline RATIS ONE PipelineID=a7d041a7-3358-4d39-97ce-1f9c2189c5a2.
2022-05-17 16:35:24,127 [Listener at 127.0.0.1/36845] INFO  ozone.MiniOzoneClusterImpl (MiniOzoneClusterImpl.java:lambda$waitForClusterToBeReady$0(221)) - Nodes are ready. Got 3 of 3 DN Heartbeats.
2022-05-17 16:35:24,127 [Listener at 127.0.0.1/36845] INFO  ozone.MiniOzoneClusterImpl (MiniOzoneClusterImpl.java:lambda$waitForClusterToBeReady$0(224)) - Waiting for cluster to exit safe mode
2022-05-17 16:35:24,127 [Listener at 127.0.0.1/36845] INFO  ozone.MiniOzoneClusterImpl (MiniOzoneClusterImpl.java:lambda$waitForClusterToBeReady$0(226)) - SCM became leader
2022-05-17 16:35:24,149 [Command processor thread] INFO  server.RaftServer (RaftServerProxy.java:addNew(95)) - a3a5d823-2209-42c9-ae5e-bf7a716faf8f: addNew group-CC5232DC3417:[a3a5d823-2209-42c9-ae5e-bf7a716faf8f|rpc:10.1.0.54:36303|priority:1] returns group-CC5232DC3417:java.util.concurrent.CompletableFuture@2a06284c[Not completed]
2022-05-17 16:35:24,150 [pool-747-thread-1] INFO  server.RaftServer$Division (RaftServerImpl.java:<init>(184)) - a3a5d823-2209-42c9-ae5e-bf7a716faf8f: new RaftServerImpl for group-CC5232DC3417:[a3a5d823-2209-42c9-ae5e-bf7a716faf8f|rpc:10.1.0.54:36303|priority:1] with ContainerStateMachine:uninitialized
2022-05-17 16:35:24,151 [pool-747-thread-1] INFO  server.RaftServerConfigKeys (ConfUtils.java:logGet(44)) - raft.server.rpc.timeout.min = 5s (custom)
2022-05-17 16:35:24,151 [pool-747-thread-1] INFO  server.RaftServerConfigKeys (ConfUtils.java:logGet(44)) - raft.server.rpc.timeout.max = 5200ms (custom)
2022-05-17 16:35:24,151 [pool-747-thread-1] INFO  server.RaftServerConfigKeys (ConfUtils.java:logGet(44)) - raft.server.rpc.sleep.time = 25ms (default)
2022-05-17 16:35:24,151 [pool-747-thread-1] INFO  server.RaftServerConfigKeys (ConfUtils.java:logGet(44)) - raft.server.rpc.slowness.timeout = 300s (custom)
2022-05-17 16:35:24,151 [pool-747-thread-1] INFO  server.RaftServerConfigKeys (ConfUtils.java:logGet(44)) - raft.server.leaderelection.leader.step-down.wait-time = 10s (default)
2022-05-17 16:35:24,151 [pool-747-thread-1] INFO  server.RaftServerConfigKeys (ConfUtils.java:logGet(44)) - raft.server.sleep.deviation.threshold = 300ms (default)
2022-05-17 16:35:24,151 [pool-747-thread-1] INFO  server.RaftServerConfigKeys (ConfUtils.java:logGet(44)) - raft.server.log.appender.install.snapshot.enabled = false (custom)
2022-05-17 16:35:24,151 [pool-747-thread-1] INFO  server.RaftServer$Division (ServerState.java:<init>(105)) - a3a5d823-2209-42c9-ae5e-bf7a716faf8f@group-CC5232DC3417: ConfigurationManager, init=-1: [a3a5d823-2209-42c9-ae5e-bf7a716faf8f|rpc:10.1.0.54:36303|priority:1], old=null, confs=<EMPTY_MAP>
2022-05-17 16:35:24,151 [pool-747-thread-1] INFO  server.RaftServerConfigKeys (ConfUtils.java:logGet(44)) - raft.server.storage.dir = [/home/runner/work/ozone/ozone/hadoop-ozone/integration-test/target/test-dir/MiniOzoneClusterImpl-41fbf156-6dda-44b9-a756-3cbfdc5ceeae/datanode-2/data/ratis] (custom)
2022-05-17 16:35:24,151 [pool-747-thread-1] INFO  server.RaftServerConfigKeys (ConfUtils.java:logGet(44)) - raft.server.log.corruption.policy = EXCEPTION (default)
2022-05-17 16:35:24,151 [pool-747-thread-1] INFO  server.RaftServerConfigKeys (ConfUtils.java:logGet(44)) - raft.server.storage.free-space.min = 0MB (=0) (default)
2022-05-17 16:35:24,152 [pool-747-thread-1] INFO  storage.RaftStorageDirectory (RaftStorageDirectoryImpl.java:analyzeStorage(135)) - The storage directory /home/runner/work/ozone/ozone/hadoop-ozone/integration-test/target/test-dir/MiniOzoneClusterImpl-41fbf156-6dda-44b9-a756-3cbfdc5ceeae/datanode-2/data/ratis/4f10ffda-9ed6-401d-832a-cc5232dc3417 does not exist. Creating ...
2022-05-17 16:35:24,156 [pool-747-thread-1] INFO  storage.RaftStorageDirectory (RaftStorageDirectoryImpl.java:tryLock(230)) - Lock on /home/runner/work/ozone/ozone/hadoop-ozone/integration-test/target/test-dir/MiniOzoneClusterImpl-41fbf156-6dda-44b9-a756-3cbfdc5ceeae/datanode-2/data/ratis/4f10ffda-9ed6-401d-832a-cc5232dc3417/in_use.lock acquired by nodename 17133@fv-az297-879
2022-05-17 16:35:24,165 [pool-747-thread-1] INFO  storage.RaftStorage (RaftStorageImpl.java:format(89)) - Storage directory /home/runner/work/ozone/ozone/hadoop-ozone/integration-test/target/test-dir/MiniOzoneClusterImpl-41fbf156-6dda-44b9-a756-3cbfdc5ceeae/datanode-2/data/ratis/4f10ffda-9ed6-401d-832a-cc5232dc3417 has been successfully formatted.
2022-05-17 16:35:24,166 [pool-747-thread-1] INFO  ratis.ContainerStateMachine (ContainerStateMachine.java:loadSnapshot(236)) - group-CC5232DC3417: The snapshot info is null. Setting the last applied indexto:(t:0, i:~)
2022-05-17 16:35:24,166 [pool-747-thread-1] INFO  server.RaftServerConfigKeys (ConfUtils.java:logGet(44)) - raft.server.notification.no-leader.timeout = 300s (custom)
2022-05-17 16:35:24,166 [pool-747-thread-1] INFO  server.RaftServerConfigKeys (ConfUtils.java:logGet(44)) - raft.server.log.use.memory = false (default)
2022-05-17 16:35:24,166 [pool-747-thread-1] INFO  server.RaftServerConfigKeys (ConfUtils.java:logGet(44)) - raft.server.log.purge.gap = 1000000 (custom)
2022-05-17 16:35:24,166 [pool-747-thread-1] INFO  server.RaftServerConfigKeys (ConfUtils.java:logGet(44)) - raft.server.log.appender.buffer.byte-limit = 33554432 (custom)
2022-05-17 16:35:24,167 [EventQueue-PipelineReportForPipelineReportHandler] INFO  pipeline.PipelineManagerImpl (PipelineManagerImpl.java:openPipeline(336)) - Pipeline Pipeline[ Id: 4f10ffda-9ed6-401d-832a-cc5232dc3417, Nodes: a3a5d823-2209-42c9-ae5e-bf7a716faf8f{ip: 10.1.0.54, host: fv-az297-879.nmf1rxwemy4u5di1sxxf4ejcwb.jx.internal.cloudapp.net, ports: [REPLICATION=42301, RATIS=36303, RATIS_ADMIN=36303, RATIS_SERVER=36303, STANDALONE=37257], networkLocation: /default-rack, certSerialId: null, persistedOpState: IN_SERVICE, persistedOpStateExpiryEpochSec: 0}, ReplicationConfig: RATIS/ONE, State:ALLOCATED, leaderId:a3a5d823-2209-42c9-ae5e-bf7a716faf8f, CreationTimestamp2022-05-17T16:35:21.167Z[Etc/UTC]] moved to OPEN state
2022-05-17 16:35:24,168 [pool-747-thread-1] INFO  server.RaftServerConfigKeys (ConfUtils.java:logGet(44)) - raft.server.log.segment.size.max = 1048576 (custom)
2022-05-17 16:35:24,168 [EventQueue-OpenPipelineForHealthyPipelineSafeModeRule] INFO  safemode.SCMSafeModeManager (HealthyPipelineSafeModeRule.java:process(124)) - SCM in safe mode. Healthy pipelines reported count is 0, required healthy pipeline reported count is 1
2022-05-17 16:35:24,194 [pool-747-thread-1] INFO  server.RaftServerConfigKeys (ConfUtils.java:logGet(44)) - raft.server.log.segment.cache.num.max = 2 (custom)
2022-05-17 16:35:24,194 [pool-747-thread-1] INFO  server.RaftServerConfigKeys (ConfUtils.java:logGet(44)) - raft.server.log.segment.cache.size.max = 200MB (=209715200) (default)
2022-05-17 16:35:24,194 [pool-747-thread-1] INFO  segmented.SegmentedRaftLogWorker (SegmentedRaftLogWorker.java:<init>(182)) - new a3a5d823-2209-42c9-ae5e-bf7a716faf8f@group-CC5232DC3417-SegmentedRaftLogWorker for RaftStorageImpl:Storage Directory /home/runner/work/ozone/ozone/hadoop-ozone/integration-test/target/test-dir/MiniOzoneClusterImpl-41fbf156-6dda-44b9-a756-3cbfdc5ceeae/datanode-2/data/ratis/4f10ffda-9ed6-401d-832a-cc5232dc3417
2022-05-17 16:35:24,194 [pool-747-thread-1] INFO  server.RaftServerConfigKeys (ConfUtils.java:logGet(44)) - raft.server.log.queue.byte-limit = 4294967296 (custom)
2022-05-17 16:35:24,194 [pool-747-thread-1] INFO  server.RaftServerConfigKeys (ConfUtils.java:logGet(44)) - raft.server.log.queue.element-limit = 1024 (custom)
2022-05-17 16:35:24,194 [pool-747-thread-1] INFO  server.RaftServerConfigKeys (ConfUtils.java:logGet(44)) - raft.server.log.segment.size.max = 1048576 (custom)
2022-05-17 16:35:24,194 [pool-747-thread-1] INFO  server.RaftServerConfigKeys (ConfUtils.java:logGet(44)) - raft.server.log.preallocated.size = 16384 (custom)
2022-05-17 16:35:24,194 [pool-747-thread-1] INFO  server.RaftServerConfigKeys (ConfUtils.java:logGet(44)) - raft.server.log.force.sync.num = 128 (default)
2022-05-17 16:35:24,194 [pool-747-thread-1] INFO  server.RaftServerConfigKeys (ConfUtils.java:logGet(44)) - raft.server.log.statemachine.data.sync = true (default)
2022-05-17 16:35:24,194 [pool-747-thread-1] INFO  server.RaftServerConfigKeys (ConfUtils.java:logGet(44)) - raft.server.log.statemachine.data.sync.timeout = 10s (default)
2022-05-17 16:35:24,194 [pool-747-thread-1] INFO  server.RaftServerConfigKeys (ConfUtils.java:logGet(44)) - raft.server.log.statemachine.data.sync.timeout.retry = -1 (default)
2022-05-17 16:35:24,196 [pool-747-thread-1] INFO  server.RaftServerConfigKeys (ConfUtils.java:logGet(44)) - raft.server.log.write.buffer.size = 1048576 (custom)
2022-05-17 16:35:24,197 [pool-747-thread-1] INFO  server.RaftServerConfigKeys (ConfUtils.java:logGet(44)) - raft.server.log.statemachine.data.caching.enabled = true (custom)
2022-05-17 16:35:24,197 [pool-747-thread-1] INFO  segmented.SegmentedRaftLogWorker (SegmentedRaftLogWorker.java:lambda$new$0(133)) - a3a5d823-2209-42c9-ae5e-bf7a716faf8f@group-CC5232DC3417-SegmentedRaftLogWorker: flushIndex: setUnconditionally 0 -> -1
2022-05-17 16:35:24,197 [pool-747-thread-1] INFO  segmented.SegmentedRaftLogWorker (SegmentedRaftLogWorker.java:lambda$new$0(133)) - a3a5d823-2209-42c9-ae5e-bf7a716faf8f@group-CC5232DC3417-SegmentedRaftLogWorker: safeCacheEvictIndex: setUnconditionally 0 -> -1
2022-05-17 16:35:24,208 [pool-747-thread-1] INFO  server.RaftServerConfigKeys (ConfUtils.java:logGet(44)) - raft.server.snapshot.auto.trigger.enabled = true (custom)
2022-05-17 16:35:24,209 [pool-747-thread-1] INFO  server.RaftServerConfigKeys (ConfUtils.java:logGet(44)) - raft.server.snapshot.auto.trigger.threshold = 10000 (custom)
2022-05-17 16:35:24,209 [pool-747-thread-1] INFO  server.RaftServerConfigKeys (ConfUtils.java:logGet(44)) - raft.server.snapshot.retention.file.num = 5 (custom)
2022-05-17 16:35:24,209 [pool-747-thread-1] INFO  server.RaftServerConfigKeys (ConfUtils.java:logGet(44)) - raft.server.log.purge.upto.snapshot.index = false (default)
2022-05-17 16:35:24,209 [pool-747-thread-1] INFO  server.RaftServerConfigKeys (ConfUtils.java:logGet(44)) - raft.server.retrycache.expirytime = 600000ms (custom)
2022-05-17 16:35:24,209 [pool-747-thread-1] INFO  server.RaftServerConfigKeys (ConfUtils.java:logGet(44)) - raft.server.retrycache.statistics.expirytime = 100μs (default)
2022-05-17 16:35:24,211 [pool-747-thread-1] INFO  server.RaftServer$Division (RaftServerImpl.java:start(301)) - a3a5d823-2209-42c9-ae5e-bf7a716faf8f@group-CC5232DC3417: start as a follower, conf=-1: [a3a5d823-2209-42c9-ae5e-bf7a716faf8f|rpc:10.1.0.54:36303|priority:1], old=null
2022-05-17 16:35:24,211 [pool-747-thread-1] INFO  server.RaftServer$Division (RaftServerImpl.java:setRole(290)) - a3a5d823-2209-42c9-ae5e-bf7a716faf8f@group-CC5232DC3417: changes role from      null to FOLLOWER at term 0 for startAsFollower
2022-05-17 16:35:24,211 [pool-747-thread-1] INFO  impl.RoleInfo (RoleInfo.java:updateAndGet(130)) - a3a5d823-2209-42c9-ae5e-bf7a716faf8f: start a3a5d823-2209-42c9-ae5e-bf7a716faf8f@group-CC5232DC3417-FollowerState
2022-05-17 16:35:24,250 [pool-747-thread-1] INFO  util.JmxRegister (JmxRegister.java:tryRegister(44)) - Successfully registered JMX Bean with object name Ratis:service=RaftServer,group=group-CC5232DC3417,id=a3a5d823-2209-42c9-ae5e-bf7a716faf8f
2022-05-17 16:35:24,255 [Command processor thread] INFO  ratis.XceiverServerRatis (XceiverServerRatis.java:addGroup(765)) - Created group PipelineID=4f10ffda-9ed6-401d-832a-cc5232dc3417
2022-05-17 16:35:24,256 [Command processor thread] INFO  commandhandler.CreatePipelineCommandHandler (CreatePipelineCommandHandler.java:handle(113)) - Created Pipeline RATIS ONE PipelineID=4f10ffda-9ed6-401d-832a-cc5232dc3417.
2022-05-17 16:35:25,128 [Listener at 127.0.0.1/36845] INFO  ozone.MiniOzoneClusterImpl (MiniOzoneClusterImpl.java:lambda$waitForClusterToBeReady$0(221)) - Nodes are ready. Got 3 of 3 DN Heartbeats.
2022-05-17 16:35:25,128 [Listener at 127.0.0.1/36845] INFO  ozone.MiniOzoneClusterImpl (MiniOzoneClusterImpl.java:lambda$waitForClusterToBeReady$0(224)) - Waiting for cluster to exit safe mode
2022-05-17 16:35:25,128 [Listener at 127.0.0.1/36845] INFO  ozone.MiniOzoneClusterImpl (MiniOzoneClusterImpl.java:lambda$waitForClusterToBeReady$0(226)) - SCM became leader
2022-05-17 16:35:26,130 [Listener at 127.0.0.1/36845] INFO  ozone.MiniOzoneClusterImpl (MiniOzoneClusterImpl.java:lambda$waitForClusterToBeReady$0(221)) - Nodes are ready. Got 3 of 3 DN Heartbeats.
2022-05-17 16:35:26,130 [Listener at 127.0.0.1/36845] INFO  ozone.MiniOzoneClusterImpl (MiniOzoneClusterImpl.java:lambda$waitForClusterToBeReady$0(224)) - Waiting for cluster to exit safe mode
2022-05-17 16:35:26,130 [Listener at 127.0.0.1/36845] INFO  ozone.MiniOzoneClusterImpl (MiniOzoneClusterImpl.java:lambda$waitForClusterToBeReady$0(226)) - SCM became leader
2022-05-17 16:35:27,130 [Listener at 127.0.0.1/36845] INFO  ozone.MiniOzoneClusterImpl (MiniOzoneClusterImpl.java:lambda$waitForClusterToBeReady$0(221)) - Nodes are ready. Got 3 of 3 DN Heartbeats.
2022-05-17 16:35:27,130 [Listener at 127.0.0.1/36845] INFO  ozone.MiniOzoneClusterImpl (MiniOzoneClusterImpl.java:lambda$waitForClusterToBeReady$0(224)) - Waiting for cluster to exit safe mode
2022-05-17 16:35:27,131 [Listener at 127.0.0.1/36845] INFO  ozone.MiniOzoneClusterImpl (MiniOzoneClusterImpl.java:lambda$waitForClusterToBeReady$0(226)) - SCM became leader
2022-05-17 16:35:27,936 [9cec8234-b2c7-47b8-9d15-77d4699ef24c@group-EFB559971755-FollowerState] INFO  impl.FollowerState (FollowerState.java:run(134)) - 9cec8234-b2c7-47b8-9d15-77d4699ef24c@group-EFB559971755-FollowerState: change to CANDIDATE, lastRpcElapsedTime:5100741506ns, electionTimeout:5099ms
2022-05-17 16:35:27,937 [9cec8234-b2c7-47b8-9d15-77d4699ef24c@group-EFB559971755-FollowerState] INFO  impl.RoleInfo (RoleInfo.java:shutdownFollowerState(108)) - 9cec8234-b2c7-47b8-9d15-77d4699ef24c: shutdown 9cec8234-b2c7-47b8-9d15-77d4699ef24c@group-EFB559971755-FollowerState
2022-05-17 16:35:27,937 [9cec8234-b2c7-47b8-9d15-77d4699ef24c@group-EFB559971755-FollowerState] INFO  server.RaftServer$Division (RaftServerImpl.java:setRole(290)) - 9cec8234-b2c7-47b8-9d15-77d4699ef24c@group-EFB559971755: changes role from  FOLLOWER to CANDIDATE at term 0 for changeToCandidate
2022-05-17 16:35:27,942 [9cec8234-b2c7-47b8-9d15-77d4699ef24c@group-EFB559971755-FollowerState] INFO  server.RaftServerConfigKeys (ConfUtils.java:logGet(44)) - raft.server.leaderelection.pre-vote = false (custom)
2022-05-17 16:35:27,942 [9cec8234-b2c7-47b8-9d15-77d4699ef24c@group-EFB559971755-FollowerState] INFO  impl.RoleInfo (RoleInfo.java:updateAndGet(130)) - 9cec8234-b2c7-47b8-9d15-77d4699ef24c: start 9cec8234-b2c7-47b8-9d15-77d4699ef24c@group-EFB559971755-LeaderElection50
2022-05-17 16:35:27,973 [9cec8234-b2c7-47b8-9d15-77d4699ef24c@group-AC37A57EF036-FollowerState] INFO  impl.FollowerState (FollowerState.java:run(134)) - 9cec8234-b2c7-47b8-9d15-77d4699ef24c@group-AC37A57EF036-FollowerState: change to CANDIDATE, lastRpcElapsedTime:5114082659ns, electionTimeout:5111ms
2022-05-17 16:35:27,978 [9cec8234-b2c7-47b8-9d15-77d4699ef24c@group-AC37A57EF036-FollowerState] INFO  impl.RoleInfo (RoleInfo.java:shutdownFollowerState(108)) - 9cec8234-b2c7-47b8-9d15-77d4699ef24c: shutdown 9cec8234-b2c7-47b8-9d15-77d4699ef24c@group-AC37A57EF036-FollowerState
2022-05-17 16:35:27,978 [9cec8234-b2c7-47b8-9d15-77d4699ef24c@group-AC37A57EF036-FollowerState] INFO  server.RaftServer$Division (RaftServerImpl.java:setRole(290)) - 9cec8234-b2c7-47b8-9d15-77d4699ef24c@group-AC37A57EF036: changes role from  FOLLOWER to CANDIDATE at term 0 for changeToCandidate
2022-05-17 16:35:27,978 [9cec8234-b2c7-47b8-9d15-77d4699ef24c@group-AC37A57EF036-FollowerState] INFO  server.RaftServerConfigKeys (ConfUtils.java:logGet(44)) - raft.server.leaderelection.pre-vote = false (custom)
2022-05-17 16:35:27,978 [9cec8234-b2c7-47b8-9d15-77d4699ef24c@group-AC37A57EF036-FollowerState] INFO  impl.RoleInfo (RoleInfo.java:updateAndGet(130)) - 9cec8234-b2c7-47b8-9d15-77d4699ef24c: start 9cec8234-b2c7-47b8-9d15-77d4699ef24c@group-AC37A57EF036-LeaderElection51
2022-05-17 16:35:27,987 [9cec8234-b2c7-47b8-9d15-77d4699ef24c@group-EFB559971755-LeaderElection50] INFO  impl.LeaderElection (LeaderElection.java:askForVotes(306)) - 9cec8234-b2c7-47b8-9d15-77d4699ef24c@group-EFB559971755-LeaderElection50 ELECTION round 0: submit vote requests at term 1 for -1: [9cec8234-b2c7-47b8-9d15-77d4699ef24c|rpc:10.1.0.54:38423|priority:1], old=null
2022-05-17 16:35:27,987 [9cec8234-b2c7-47b8-9d15-77d4699ef24c@group-EFB559971755-LeaderElection50] INFO  impl.LeaderElection (LeaderElection.java:askForVotes(308)) - 9cec8234-b2c7-47b8-9d15-77d4699ef24c@group-EFB559971755-LeaderElection50 ELECTION round 0: result PASSED (term=1)
2022-05-17 16:35:27,987 [9cec8234-b2c7-47b8-9d15-77d4699ef24c@group-EFB559971755-LeaderElection50] INFO  impl.RoleInfo (RoleInfo.java:shutdownLeaderElection(121)) - 9cec8234-b2c7-47b8-9d15-77d4699ef24c: shutdown 9cec8234-b2c7-47b8-9d15-77d4699ef24c@group-EFB559971755-LeaderElection50
2022-05-17 16:35:27,987 [9cec8234-b2c7-47b8-9d15-77d4699ef24c@group-EFB559971755-LeaderElection50] INFO  server.RaftServer$Division (RaftServerImpl.java:setRole(290)) - 9cec8234-b2c7-47b8-9d15-77d4699ef24c@group-EFB559971755: changes role from CANDIDATE to LEADER at term 1 for changeToLeader
2022-05-17 16:35:27,987 [9cec8234-b2c7-47b8-9d15-77d4699ef24c@group-EFB559971755-LeaderElection50] INFO  ratis.XceiverServerRatis (XceiverServerRatis.java:handleLeaderChangedNotification(863)) - Leader change notification received for group: group-EFB559971755 with new leaderId: 9cec8234-b2c7-47b8-9d15-77d4699ef24c
2022-05-17 16:35:27,988 [9cec8234-b2c7-47b8-9d15-77d4699ef24c@group-EFB559971755-LeaderElection50] INFO  server.RaftServer$Division (ServerState.java:setLeader(285)) - 9cec8234-b2c7-47b8-9d15-77d4699ef24c@group-EFB559971755: change Leader from null to 9cec8234-b2c7-47b8-9d15-77d4699ef24c at term 1 for becomeLeader, leader elected after 5187ms
2022-05-17 16:35:27,988 [9cec8234-b2c7-47b8-9d15-77d4699ef24c@group-EFB559971755-LeaderElection50] INFO  server.RaftServerConfigKeys (ConfUtils.java:logGet(44)) - raft.server.staging.catchup.gap = 1000 (default)
2022-05-17 16:35:27,988 [9cec8234-b2c7-47b8-9d15-77d4699ef24c@group-EFB559971755-LeaderElection50] INFO  server.RaftServerConfigKeys (ConfUtils.java:logGet(44)) - raft.server.write.element-limit = 1024 (custom)
2022-05-17 16:35:27,988 [9cec8234-b2c7-47b8-9d15-77d4699ef24c@group-EFB559971755-LeaderElection50] INFO  server.RaftServerConfigKeys (ConfUtils.java:logGet(44)) - raft.server.write.byte-limit = 1024 M (=1073741824) (custom)
2022-05-17 16:35:27,992 [EventQueue-OpenPipelineForHealthyPipelineSafeModeRule] INFO  safemode.SCMSafeModeManager (HealthyPipelineSafeModeRule.java:process(124)) - SCM in safe mode. Healthy pipelines reported count is 0, required healthy pipeline reported count is 1
2022-05-17 16:35:27,992 [9cec8234-b2c7-47b8-9d15-77d4699ef24c@group-EFB559971755-LeaderElection50] INFO  server.RaftServerConfigKeys (ConfUtils.java:logGet(44)) - raft.server.watch.timeout = 180s (custom)
2022-05-17 16:35:27,992 [9cec8234-b2c7-47b8-9d15-77d4699ef24c@group-EFB559971755-LeaderElection50] INFO  server.RaftServerConfigKeys (ConfUtils.java:logGet(44)) - raft.server.watch.timeout.denomination = 1s (default)
2022-05-17 16:35:27,992 [9cec8234-b2c7-47b8-9d15-77d4699ef24c@group-EFB559971755-LeaderElection50] INFO  server.RaftServerConfigKeys (ConfUtils.java:logGet(44)) - raft.server.watch.element-limit = 65536 (default)
2022-05-17 16:35:27,994 [9cec8234-b2c7-47b8-9d15-77d4699ef24c@group-EFB559971755-LeaderElection50] INFO  server.RaftServerConfigKeys (ConfUtils.java:logGet(44)) - raft.server.write.element-limit = 1024 (custom)
2022-05-17 16:35:27,994 [9cec8234-b2c7-47b8-9d15-77d4699ef24c@group-EFB559971755-LeaderElection50] INFO  server.RaftServerConfigKeys (ConfUtils.java:logGet(44)) - raft.server.write.follower.gap.ratio.max = -1.0 (default)
2022-05-17 16:35:27,994 [9cec8234-b2c7-47b8-9d15-77d4699ef24c@group-EFB559971755-LeaderElection50] INFO  impl.RoleInfo (RoleInfo.java:updateAndGet(130)) - 9cec8234-b2c7-47b8-9d15-77d4699ef24c: start 9cec8234-b2c7-47b8-9d15-77d4699ef24c@group-EFB559971755-LeaderStateImpl
2022-05-17 16:35:27,995 [9cec8234-b2c7-47b8-9d15-77d4699ef24c@group-EFB559971755-LeaderElection50] INFO  segmented.SegmentedRaftLogWorker (SegmentedRaftLogWorker.java:startLogSegment(394)) - 9cec8234-b2c7-47b8-9d15-77d4699ef24c@group-EFB559971755-SegmentedRaftLogWorker: Starting segment from index:0
2022-05-17 16:35:27,996 [9cec8234-b2c7-47b8-9d15-77d4699ef24c@group-EFB559971755-SegmentedRaftLogWorker] INFO  segmented.SegmentedRaftLogWorker (SegmentedRaftLogWorker.java:execute(601)) - 9cec8234-b2c7-47b8-9d15-77d4699ef24c@group-EFB559971755-SegmentedRaftLogWorker: created new log segment /home/runner/work/ozone/ozone/hadoop-ozone/integration-test/target/test-dir/MiniOzoneClusterImpl-41fbf156-6dda-44b9-a756-3cbfdc5ceeae/datanode-0/data/ratis/5a89fd32-10fc-4d9e-a180-efb559971755/current/log_inprogress_0
2022-05-17 16:35:28,000 [9cec8234-b2c7-47b8-9d15-77d4699ef24c@group-AC37A57EF036-LeaderElection51] INFO  impl.LeaderElection (LeaderElection.java:askForVotes(306)) - 9cec8234-b2c7-47b8-9d15-77d4699ef24c@group-AC37A57EF036-LeaderElection51 ELECTION round 0: submit vote requests at term 1 for -1: [9cec8234-b2c7-47b8-9d15-77d4699ef24c|rpc:10.1.0.54:38423|priority:0, a3a5d823-2209-42c9-ae5e-bf7a716faf8f|rpc:10.1.0.54:36303|priority:1, 91ef6712-6125-4298-bcb9-2913db259823|rpc:10.1.0.54:41873|priority:0], old=null
2022-05-17 16:35:28,003 [9cec8234-b2c7-47b8-9d15-77d4699ef24c@group-EFB559971755-LeaderElection50] INFO  server.RaftServer$Division (ServerState.java:setRaftConf(387)) - 9cec8234-b2c7-47b8-9d15-77d4699ef24c@group-EFB559971755: set configuration 0: [9cec8234-b2c7-47b8-9d15-77d4699ef24c|rpc:10.1.0.54:38423|dataStream:|priority:1], old=null
2022-05-17 16:35:28,057 [grpc-default-executor-0] INFO  server.RaftServer$Division (RaftServerImpl.java:requestVote(1046)) - a3a5d823-2209-42c9-ae5e-bf7a716faf8f@group-AC37A57EF036: receive requestVote(ELECTION, 9cec8234-b2c7-47b8-9d15-77d4699ef24c, group-AC37A57EF036, 1, (t:0, i:0))
2022-05-17 16:35:28,057 [grpc-default-executor-0] INFO  impl.VoteContext (VoteContext.java:log(48)) - a3a5d823-2209-42c9-ae5e-bf7a716faf8f@group-AC37A57EF036-FOLLOWER: reject ELECTION from 9cec8234-b2c7-47b8-9d15-77d4699ef24c: our priority 1 > candidate's priority 0
2022-05-17 16:35:28,057 [grpc-default-executor-0] INFO  server.RaftServer$Division (RaftServerImpl.java:setRole(290)) - a3a5d823-2209-42c9-ae5e-bf7a716faf8f@group-AC37A57EF036: changes role from  FOLLOWER to FOLLOWER at term 1 for candidate:9cec8234-b2c7-47b8-9d15-77d4699ef24c
2022-05-17 16:35:28,057 [grpc-default-executor-0] INFO  impl.RoleInfo (RoleInfo.java:shutdownFollowerState(108)) - a3a5d823-2209-42c9-ae5e-bf7a716faf8f: shutdown a3a5d823-2209-42c9-ae5e-bf7a716faf8f@group-AC37A57EF036-FollowerState
2022-05-17 16:35:28,057 [grpc-default-executor-0] INFO  impl.RoleInfo (RoleInfo.java:updateAndGet(130)) - a3a5d823-2209-42c9-ae5e-bf7a716faf8f: start a3a5d823-2209-42c9-ae5e-bf7a716faf8f@group-AC37A57EF036-FollowerState
2022-05-17 16:35:28,057 [a3a5d823-2209-42c9-ae5e-bf7a716faf8f@group-AC37A57EF036-FollowerState] INFO  impl.FollowerState (FollowerState.java:run(143)) - a3a5d823-2209-42c9-ae5e-bf7a716faf8f@group-AC37A57EF036-FollowerState was interrupted: {}
java.lang.InterruptedException: sleep interrupted
	at java.lang.Thread.sleep(Native Method)
	at java.lang.Thread.sleep(Thread.java:342)
	at java.util.concurrent.TimeUnit.sleep(TimeUnit.java:386)
	at org.apache.ratis.util.TimeDuration.sleep(TimeDuration.java:324)
	at org.apache.ratis.util.TimeDuration.sleep(TimeDuration.java:309)
	at org.apache.ratis.server.impl.FollowerState.run(FollowerState.java:118)
2022-05-17 16:35:28,064 [grpc-default-executor-0] INFO  server.RaftServer$Division (RaftServerImpl.java:requestVote(1078)) - a3a5d823-2209-42c9-ae5e-bf7a716faf8f@group-AC37A57EF036 replies to ELECTION vote request: 9cec8234-b2c7-47b8-9d15-77d4699ef24c<-a3a5d823-2209-42c9-ae5e-bf7a716faf8f#0:FAIL-t1. Peer's state: a3a5d823-2209-42c9-ae5e-bf7a716faf8f@group-AC37A57EF036:t1, leader=null, voted=null, raftlog=a3a5d823-2209-42c9-ae5e-bf7a716faf8f@group-AC37A57EF036-SegmentedRaftLog:OPENED:c-1, conf=-1: [9cec8234-b2c7-47b8-9d15-77d4699ef24c|rpc:10.1.0.54:38423|dataStream:|priority:0, a3a5d823-2209-42c9-ae5e-bf7a716faf8f|rpc:10.1.0.54:36303|dataStream:|priority:1, 91ef6712-6125-4298-bcb9-2913db259823|rpc:10.1.0.54:41873|dataStream:|priority:0], old=null
2022-05-17 16:35:28,066 [9cec8234-b2c7-47b8-9d15-77d4699ef24c@group-AC37A57EF036-LeaderElection51] INFO  impl.LeaderElection (LeaderElection.java:logAndReturn(89)) - 9cec8234-b2c7-47b8-9d15-77d4699ef24c@group-AC37A57EF036-LeaderElection51: ELECTION REJECTED received 1 response(s) and 0 exception(s):
2022-05-17 16:35:28,066 [9cec8234-b2c7-47b8-9d15-77d4699ef24c@group-AC37A57EF036-LeaderElection51] INFO  impl.LeaderElection (LeaderElection.java:logAndReturn(93)) -   Response 0: 9cec8234-b2c7-47b8-9d15-77d4699ef24c<-a3a5d823-2209-42c9-ae5e-bf7a716faf8f#0:FAIL-t1
2022-05-17 16:35:28,066 [9cec8234-b2c7-47b8-9d15-77d4699ef24c@group-AC37A57EF036-LeaderElection51] INFO  impl.LeaderElection (LeaderElection.java:askForVotes(308)) - 9cec8234-b2c7-47b8-9d15-77d4699ef24c@group-AC37A57EF036-LeaderElection51 ELECTION round 0: result REJECTED
2022-05-17 16:35:28,066 [9cec8234-b2c7-47b8-9d15-77d4699ef24c@group-AC37A57EF036-LeaderElection51] INFO  server.RaftServer$Division (RaftServerImpl.java:setRole(290)) - 9cec8234-b2c7-47b8-9d15-77d4699ef24c@group-AC37A57EF036: changes role from CANDIDATE to FOLLOWER at term 1 for REJECTED
2022-05-17 16:35:28,066 [9cec8234-b2c7-47b8-9d15-77d4699ef24c@group-AC37A57EF036-LeaderElection51] INFO  impl.RoleInfo (RoleInfo.java:shutdownLeaderElection(121)) - 9cec8234-b2c7-47b8-9d15-77d4699ef24c: shutdown 9cec8234-b2c7-47b8-9d15-77d4699ef24c@group-AC37A57EF036-LeaderElection51
2022-05-17 16:35:28,066 [9cec8234-b2c7-47b8-9d15-77d4699ef24c@group-AC37A57EF036-LeaderElection51] INFO  impl.RoleInfo (RoleInfo.java:updateAndGet(130)) - 9cec8234-b2c7-47b8-9d15-77d4699ef24c: start 9cec8234-b2c7-47b8-9d15-77d4699ef24c@group-AC37A57EF036-FollowerState
2022-05-17 16:35:28,124 [91ef6712-6125-4298-bcb9-2913db259823@group-AC37A57EF036-FollowerState] INFO  impl.FollowerState (FollowerState.java:run(134)) - 91ef6712-6125-4298-bcb9-2913db259823@group-AC37A57EF036-FollowerState: change to CANDIDATE, lastRpcElapsedTime:5019222883ns, electionTimeout:5011ms
2022-05-17 16:35:28,126 [91ef6712-6125-4298-bcb9-2913db259823@group-AC37A57EF036-FollowerState] INFO  impl.RoleInfo (RoleInfo.java:shutdownFollowerState(108)) - 91ef6712-6125-4298-bcb9-2913db259823: shutdown 91ef6712-6125-4298-bcb9-2913db259823@group-AC37A57EF036-FollowerState
2022-05-17 16:35:28,126 [91ef6712-6125-4298-bcb9-2913db259823@group-AC37A57EF036-FollowerState] INFO  server.RaftServer$Division (RaftServerImpl.java:setRole(290)) - 91ef6712-6125-4298-bcb9-2913db259823@group-AC37A57EF036: changes role from  FOLLOWER to CANDIDATE at term 0 for changeToCandidate
2022-05-17 16:35:28,126 [91ef6712-6125-4298-bcb9-2913db259823@group-AC37A57EF036-FollowerState] INFO  server.RaftServerConfigKeys (ConfUtils.java:logGet(44)) - raft.server.leaderelection.pre-vote = false (custom)
2022-05-17 16:35:28,126 [91ef6712-6125-4298-bcb9-2913db259823@group-AC37A57EF036-FollowerState] INFO  impl.RoleInfo (RoleInfo.java:updateAndGet(130)) - 91ef6712-6125-4298-bcb9-2913db259823: start 91ef6712-6125-4298-bcb9-2913db259823@group-AC37A57EF036-LeaderElection52
2022-05-17 16:35:28,133 [Listener at 127.0.0.1/36845] INFO  ozone.MiniOzoneClusterImpl (MiniOzoneClusterImpl.java:lambda$waitForClusterToBeReady$0(221)) - Nodes are ready. Got 3 of 3 DN Heartbeats.
2022-05-17 16:35:28,133 [Listener at 127.0.0.1/36845] INFO  ozone.MiniOzoneClusterImpl (MiniOzoneClusterImpl.java:lambda$waitForClusterToBeReady$0(224)) - Waiting for cluster to exit safe mode
2022-05-17 16:35:28,133 [Listener at 127.0.0.1/36845] INFO  ozone.MiniOzoneClusterImpl (MiniOzoneClusterImpl.java:lambda$waitForClusterToBeReady$0(226)) - SCM became leader
2022-05-17 16:35:28,178 [grpc-default-executor-1] INFO  server.RaftServer$Division (RaftServerImpl.java:requestVote(1046)) - 91ef6712-6125-4298-bcb9-2913db259823@group-AC37A57EF036: receive requestVote(ELECTION, 9cec8234-b2c7-47b8-9d15-77d4699ef24c, group-AC37A57EF036, 1, (t:0, i:0))
2022-05-17 16:35:28,181 [91ef6712-6125-4298-bcb9-2913db259823@group-AC37A57EF036-LeaderElection52] INFO  impl.LeaderElection (LeaderElection.java:askForVotes(306)) - 91ef6712-6125-4298-bcb9-2913db259823@group-AC37A57EF036-LeaderElection52 ELECTION round 0: submit vote requests at term 1 for -1: [9cec8234-b2c7-47b8-9d15-77d4699ef24c|rpc:10.1.0.54:38423|dataStream:|priority:0, a3a5d823-2209-42c9-ae5e-bf7a716faf8f|rpc:10.1.0.54:36303|dataStream:|priority:1, 91ef6712-6125-4298-bcb9-2913db259823|rpc:10.1.0.54:41873|dataStream:|priority:0], old=null
2022-05-17 16:35:28,181 [grpc-default-executor-1] INFO  impl.VoteContext (VoteContext.java:log(48)) - 91ef6712-6125-4298-bcb9-2913db259823@group-AC37A57EF036-CANDIDATE: reject ELECTION from 9cec8234-b2c7-47b8-9d15-77d4699ef24c: already has voted for 91ef6712-6125-4298-bcb9-2913db259823 at current term 1
2022-05-17 16:35:28,181 [grpc-default-executor-1] INFO  server.RaftServer$Division (RaftServerImpl.java:requestVote(1078)) - 91ef6712-6125-4298-bcb9-2913db259823@group-AC37A57EF036 replies to ELECTION vote request: 9cec8234-b2c7-47b8-9d15-77d4699ef24c<-91ef6712-6125-4298-bcb9-2913db259823#0:FAIL-t1. Peer's state: 91ef6712-6125-4298-bcb9-2913db259823@group-AC37A57EF036:t1, leader=null, voted=91ef6712-6125-4298-bcb9-2913db259823, raftlog=91ef6712-6125-4298-bcb9-2913db259823@group-AC37A57EF036-SegmentedRaftLog:OPENED:c-1, conf=-1: [9cec8234-b2c7-47b8-9d15-77d4699ef24c|rpc:10.1.0.54:38423|dataStream:|priority:0, a3a5d823-2209-42c9-ae5e-bf7a716faf8f|rpc:10.1.0.54:36303|dataStream:|priority:1, 91ef6712-6125-4298-bcb9-2913db259823|rpc:10.1.0.54:41873|dataStream:|priority:0], old=null
2022-05-17 16:35:28,231 [grpc-default-executor-0] INFO  server.RaftServer$Division (RaftServerImpl.java:requestVote(1046)) - 9cec8234-b2c7-47b8-9d15-77d4699ef24c@group-AC37A57EF036: receive requestVote(ELECTION, 91ef6712-6125-4298-bcb9-2913db259823, group-AC37A57EF036, 1, (t:0, i:0))
2022-05-17 16:35:28,238 [grpc-default-executor-0] INFO  impl.VoteContext (VoteContext.java:log(48)) - 9cec8234-b2c7-47b8-9d15-77d4699ef24c@group-AC37A57EF036-FOLLOWER: reject ELECTION from 91ef6712-6125-4298-bcb9-2913db259823: already has voted for 9cec8234-b2c7-47b8-9d15-77d4699ef24c at current term 1
2022-05-17 16:35:28,238 [grpc-default-executor-0] INFO  server.RaftServer$Division (RaftServerImpl.java:requestVote(1078)) - 9cec8234-b2c7-47b8-9d15-77d4699ef24c@group-AC37A57EF036 replies to ELECTION vote request: 91ef6712-6125-4298-bcb9-2913db259823<-9cec8234-b2c7-47b8-9d15-77d4699ef24c#0:FAIL-t1. Peer's state: 9cec8234-b2c7-47b8-9d15-77d4699ef24c@group-AC37A57EF036:t1, leader=null, voted=9cec8234-b2c7-47b8-9d15-77d4699ef24c, raftlog=9cec8234-b2c7-47b8-9d15-77d4699ef24c@group-AC37A57EF036-SegmentedRaftLog:OPENED:c-1, conf=-1: [9cec8234-b2c7-47b8-9d15-77d4699ef24c|rpc:10.1.0.54:38423|priority:0, a3a5d823-2209-42c9-ae5e-bf7a716faf8f|rpc:10.1.0.54:36303|priority:1, 91ef6712-6125-4298-bcb9-2913db259823|rpc:10.1.0.54:41873|priority:0], old=null
2022-05-17 16:35:28,253 [9cec8234-b2c7-47b8-9d15-77d4699ef24c@group-DBEF30F02B51-FollowerState] INFO  impl.FollowerState (FollowerState.java:run(134)) - 9cec8234-b2c7-47b8-9d15-77d4699ef24c@group-DBEF30F02B51-FollowerState: change to CANDIDATE, lastRpcElapsedTime:5093728178ns, electionTimeout:5072ms
2022-05-17 16:35:28,256 [9cec8234-b2c7-47b8-9d15-77d4699ef24c@group-DBEF30F02B51-FollowerState] INFO  impl.RoleInfo (RoleInfo.java:shutdownFollowerState(108)) - 9cec8234-b2c7-47b8-9d15-77d4699ef24c: shutdown 9cec8234-b2c7-47b8-9d15-77d4699ef24c@group-DBEF30F02B51-FollowerState
2022-05-17 16:35:28,257 [9cec8234-b2c7-47b8-9d15-77d4699ef24c@group-DBEF30F02B51-FollowerState] INFO  server.RaftServer$Division (RaftServerImpl.java:setRole(290)) - 9cec8234-b2c7-47b8-9d15-77d4699ef24c@group-DBEF30F02B51: changes role from  FOLLOWER to CANDIDATE at term 0 for changeToCandidate
2022-05-17 16:35:28,257 [9cec8234-b2c7-47b8-9d15-77d4699ef24c@group-DBEF30F02B51-FollowerState] INFO  server.RaftServerConfigKeys (ConfUtils.java:logGet(44)) - raft.server.leaderelection.pre-vote = false (custom)
2022-05-17 16:35:28,257 [9cec8234-b2c7-47b8-9d15-77d4699ef24c@group-DBEF30F02B51-FollowerState] INFO  impl.RoleInfo (RoleInfo.java:updateAndGet(130)) - 9cec8234-b2c7-47b8-9d15-77d4699ef24c: start 9cec8234-b2c7-47b8-9d15-77d4699ef24c@group-DBEF30F02B51-LeaderElection53
2022-05-17 16:35:28,335 [grpc-default-executor-1] INFO  server.RaftServer$Division (RaftServerImpl.java:requestVote(1046)) - a3a5d823-2209-42c9-ae5e-bf7a716faf8f@group-AC37A57EF036: receive requestVote(ELECTION, 91ef6712-6125-4298-bcb9-2913db259823, group-AC37A57EF036, 1, (t:0, i:0))
2022-05-17 16:35:28,336 [9cec8234-b2c7-47b8-9d15-77d4699ef24c@group-DBEF30F02B51-LeaderElection53] INFO  impl.LeaderElection (LeaderElection.java:askForVotes(306)) - 9cec8234-b2c7-47b8-9d15-77d4699ef24c@group-DBEF30F02B51-LeaderElection53 ELECTION round 0: submit vote requests at term 1 for -1: [9cec8234-b2c7-47b8-9d15-77d4699ef24c|rpc:10.1.0.54:38423|priority:1, a3a5d823-2209-42c9-ae5e-bf7a716faf8f|rpc:10.1.0.54:36303|priority:0, 91ef6712-6125-4298-bcb9-2913db259823|rpc:10.1.0.54:41873|priority:0], old=null
2022-05-17 16:35:28,363 [grpc-default-executor-1] INFO  impl.VoteContext (VoteContext.java:log(48)) - a3a5d823-2209-42c9-ae5e-bf7a716faf8f@group-AC37A57EF036-FOLLOWER: reject ELECTION from 91ef6712-6125-4298-bcb9-2913db259823: our priority 1 > candidate's priority 0
2022-05-17 16:35:28,363 [grpc-default-executor-1] INFO  server.RaftServer$Division (RaftServerImpl.java:setRole(290)) - a3a5d823-2209-42c9-ae5e-bf7a716faf8f@group-AC37A57EF036: changes role from  FOLLOWER to FOLLOWER at term 1 for candidate:91ef6712-6125-4298-bcb9-2913db259823
2022-05-17 16:35:28,363 [grpc-default-executor-1] INFO  impl.RoleInfo (RoleInfo.java:shutdownFollowerState(108)) - a3a5d823-2209-42c9-ae5e-bf7a716faf8f: shutdown a3a5d823-2209-42c9-ae5e-bf7a716faf8f@group-AC37A57EF036-FollowerState
2022-05-17 16:35:28,363 [grpc-default-executor-1] INFO  impl.RoleInfo (RoleInfo.java:updateAndGet(130)) - a3a5d823-2209-42c9-ae5e-bf7a716faf8f: start a3a5d823-2209-42c9-ae5e-bf7a716faf8f@group-AC37A57EF036-FollowerState
2022-05-17 16:35:28,363 [grpc-default-executor-0] INFO  server.RaftServer$Division (RaftServerImpl.java:requestVote(1046)) - a3a5d823-2209-42c9-ae5e-bf7a716faf8f@group-DBEF30F02B51: receive requestVote(ELECTION, 9cec8234-b2c7-47b8-9d15-77d4699ef24c, group-DBEF30F02B51, 1, (t:0, i:0))
2022-05-17 16:35:28,363 [grpc-default-executor-0] INFO  impl.VoteContext (VoteContext.java:log(48)) - a3a5d823-2209-42c9-ae5e-bf7a716faf8f@group-DBEF30F02B51-FOLLOWER: accept ELECTION from 9cec8234-b2c7-47b8-9d15-77d4699ef24c: our priority 0 <= candidate's priority 1
2022-05-17 16:35:28,363 [grpc-default-executor-0] INFO  server.RaftServer$Division (RaftServerImpl.java:setRole(290)) - a3a5d823-2209-42c9-ae5e-bf7a716faf8f@group-DBEF30F02B51: changes role from  FOLLOWER to FOLLOWER at term 1 for candidate:9cec8234-b2c7-47b8-9d15-77d4699ef24c
2022-05-17 16:35:28,363 [grpc-default-executor-0] INFO  impl.RoleInfo (RoleInfo.java:shutdownFollowerState(108)) - a3a5d823-2209-42c9-ae5e-bf7a716faf8f: shutdown a3a5d823-2209-42c9-ae5e-bf7a716faf8f@group-DBEF30F02B51-FollowerState
2022-05-17 16:35:28,363 [a3a5d823-2209-42c9-ae5e-bf7a716faf8f@group-AC37A57EF036-FollowerState] INFO  impl.FollowerState (FollowerState.java:run(143)) - a3a5d823-2209-42c9-ae5e-bf7a716faf8f@group-AC37A57EF036-FollowerState was interrupted: {}
java.lang.InterruptedException: sleep interrupted
	at java.lang.Thread.sleep(Native Method)
	at java.lang.Thread.sleep(Thread.java:342)
	at java.util.concurrent.TimeUnit.sleep(TimeUnit.java:386)
	at org.apache.ratis.util.TimeDuration.sleep(TimeDuration.java:324)
	at org.apache.ratis.util.TimeDuration.sleep(TimeDuration.java:309)
	at org.apache.ratis.server.impl.FollowerState.run(FollowerState.java:118)
2022-05-17 16:35:28,369 [grpc-default-executor-1] INFO  server.RaftServer$Division (RaftServerImpl.java:requestVote(1078)) - a3a5d823-2209-42c9-ae5e-bf7a716faf8f@group-AC37A57EF036 replies to ELECTION vote request: 91ef6712-6125-4298-bcb9-2913db259823<-a3a5d823-2209-42c9-ae5e-bf7a716faf8f#0:FAIL-t1. Peer's state: a3a5d823-2209-42c9-ae5e-bf7a716faf8f@group-AC37A57EF036:t1, leader=null, voted=null, raftlog=a3a5d823-2209-42c9-ae5e-bf7a716faf8f@group-AC37A57EF036-SegmentedRaftLog:OPENED:c-1, conf=-1: [9cec8234-b2c7-47b8-9d15-77d4699ef24c|rpc:10.1.0.54:38423|dataStream:|priority:0, a3a5d823-2209-42c9-ae5e-bf7a716faf8f|rpc:10.1.0.54:36303|dataStream:|priority:1, 91ef6712-6125-4298-bcb9-2913db259823|rpc:10.1.0.54:41873|dataStream:|priority:0], old=null
2022-05-17 16:35:28,387 [grpc-default-executor-0] INFO  impl.RoleInfo (RoleInfo.java:updateAndGet(130)) - a3a5d823-2209-42c9-ae5e-bf7a716faf8f: start a3a5d823-2209-42c9-ae5e-bf7a716faf8f@group-DBEF30F02B51-FollowerState
2022-05-17 16:35:28,387 [a3a5d823-2209-42c9-ae5e-bf7a716faf8f@group-DBEF30F02B51-FollowerState] INFO  impl.FollowerState (FollowerState.java:run(143)) - a3a5d823-2209-42c9-ae5e-bf7a716faf8f@group-DBEF30F02B51-FollowerState was interrupted: {}
java.lang.InterruptedException: sleep interrupted
	at java.lang.Thread.sleep(Native Method)
	at java.lang.Thread.sleep(Thread.java:342)
	at java.util.concurrent.TimeUnit.sleep(TimeUnit.java:386)
	at org.apache.ratis.util.TimeDuration.sleep(TimeDuration.java:324)
	at org.apache.ratis.util.TimeDuration.sleep(TimeDuration.java:309)
	at org.apache.ratis.server.impl.FollowerState.run(FollowerState.java:118)
2022-05-17 16:35:28,413 [grpc-default-executor-1] INFO  server.RaftServer$Division (RaftServerImpl.java:requestVote(1046)) - 91ef6712-6125-4298-bcb9-2913db259823@group-DBEF30F02B51: receive requestVote(ELECTION, 9cec8234-b2c7-47b8-9d15-77d4699ef24c, group-DBEF30F02B51, 1, (t:0, i:0))
2022-05-17 16:35:28,413 [grpc-default-executor-1] INFO  impl.VoteContext (VoteContext.java:log(48)) - 91ef6712-6125-4298-bcb9-2913db259823@group-DBEF30F02B51-FOLLOWER: accept ELECTION from 9cec8234-b2c7-47b8-9d15-77d4699ef24c: our priority 0 <= candidate's priority 1
2022-05-17 16:35:28,413 [grpc-default-executor-1] INFO  server.RaftServer$Division (RaftServerImpl.java:setRole(290)) - 91ef6712-6125-4298-bcb9-2913db259823@group-DBEF30F02B51: changes role from  FOLLOWER to FOLLOWER at term 1 for candidate:9cec8234-b2c7-47b8-9d15-77d4699ef24c
2022-05-17 16:35:28,413 [grpc-default-executor-1] INFO  impl.RoleInfo (RoleInfo.java:shutdownFollowerState(108)) - 91ef6712-6125-4298-bcb9-2913db259823: shutdown 91ef6712-6125-4298-bcb9-2913db259823@group-DBEF30F02B51-FollowerState
2022-05-17 16:35:28,413 [grpc-default-executor-1] INFO  impl.RoleInfo (RoleInfo.java:updateAndGet(130)) - 91ef6712-6125-4298-bcb9-2913db259823: start 91ef6712-6125-4298-bcb9-2913db259823@group-DBEF30F02B51-FollowerState
2022-05-17 16:35:28,390 [grpc-default-executor-0] INFO  server.RaftServer$Division (RaftServerImpl.java:requestVote(1078)) - a3a5d823-2209-42c9-ae5e-bf7a716faf8f@group-DBEF30F02B51 replies to ELECTION vote request: 9cec8234-b2c7-47b8-9d15-77d4699ef24c<-a3a5d823-2209-42c9-ae5e-bf7a716faf8f#0:OK-t1. Peer's state: a3a5d823-2209-42c9-ae5e-bf7a716faf8f@group-DBEF30F02B51:t1, leader=null, voted=9cec8234-b2c7-47b8-9d15-77d4699ef24c, raftlog=a3a5d823-2209-42c9-ae5e-bf7a716faf8f@group-DBEF30F02B51-SegmentedRaftLog:OPENED:c-1, conf=-1: [9cec8234-b2c7-47b8-9d15-77d4699ef24c|rpc:10.1.0.54:38423|dataStream:|priority:1, a3a5d823-2209-42c9-ae5e-bf7a716faf8f|rpc:10.1.0.54:36303|dataStream:|priority:0, 91ef6712-6125-4298-bcb9-2913db259823|rpc:10.1.0.54:41873|dataStream:|priority:0], old=null
2022-05-17 16:35:28,388 [91ef6712-6125-4298-bcb9-2913db259823@group-AC37A57EF036-LeaderElection52] INFO  impl.LeaderElection (LeaderElection.java:logAndReturn(89)) - 91ef6712-6125-4298-bcb9-2913db259823@group-AC37A57EF036-LeaderElection52: ELECTION REJECTED received 2 response(s) and 0 exception(s):
2022-05-17 16:35:28,414 [91ef6712-6125-4298-bcb9-2913db259823@group-AC37A57EF036-LeaderElection52] INFO  impl.LeaderElection (LeaderElection.java:logAndReturn(93)) -   Response 0: 91ef6712-6125-4298-bcb9-2913db259823<-9cec8234-b2c7-47b8-9d15-77d4699ef24c#0:FAIL-t1
2022-05-17 16:35:28,414 [91ef6712-6125-4298-bcb9-2913db259823@group-AC37A57EF036-LeaderElection52] INFO  impl.LeaderElection (LeaderElection.java:logAndReturn(93)) -   Response 1: 91ef6712-6125-4298-bcb9-2913db259823<-a3a5d823-2209-42c9-ae5e-bf7a716faf8f#0:FAIL-t1
2022-05-17 16:35:28,417 [91ef6712-6125-4298-bcb9-2913db259823@group-DBEF30F02B51-FollowerState] INFO  impl.FollowerState (FollowerState.java:run(143)) - 91ef6712-6125-4298-bcb9-2913db259823@group-DBEF30F02B51-FollowerState was interrupted: {}
java.lang.InterruptedException: sleep interrupted
	at java.lang.Thread.sleep(Native Method)
	at java.lang.Thread.sleep(Thread.java:342)
	at java.util.concurrent.TimeUnit.sleep(TimeUnit.java:386)
	at org.apache.ratis.util.TimeDuration.sleep(TimeDuration.java:324)
	at org.apache.ratis.util.TimeDuration.sleep(TimeDuration.java:309)
	at org.apache.ratis.server.impl.FollowerState.run(FollowerState.java:118)
2022-05-17 16:35:28,422 [grpc-default-executor-1] INFO  server.RaftServer$Division (RaftServerImpl.java:requestVote(1078)) - 91ef6712-6125-4298-bcb9-2913db259823@group-DBEF30F02B51 replies to ELECTION vote request: 9cec8234-b2c7-47b8-9d15-77d4699ef24c<-91ef6712-6125-4298-bcb9-2913db259823#0:OK-t1. Peer's state: 91ef6712-6125-4298-bcb9-2913db259823@group-DBEF30F02B51:t1, leader=null, voted=9cec8234-b2c7-47b8-9d15-77d4699ef24c, raftlog=91ef6712-6125-4298-bcb9-2913db259823@group-DBEF30F02B51-SegmentedRaftLog:OPENED:c-1, conf=-1: [9cec8234-b2c7-47b8-9d15-77d4699ef24c|rpc:10.1.0.54:38423|dataStream:|priority:1, a3a5d823-2209-42c9-ae5e-bf7a716faf8f|rpc:10.1.0.54:36303|dataStream:|priority:0, 91ef6712-6125-4298-bcb9-2913db259823|rpc:10.1.0.54:41873|dataStream:|priority:0], old=null
2022-05-17 16:35:28,447 [91ef6712-6125-4298-bcb9-2913db259823@group-AC37A57EF036-LeaderElection52] INFO  impl.LeaderElection (LeaderElection.java:askForVotes(308)) - 91ef6712-6125-4298-bcb9-2913db259823@group-AC37A57EF036-LeaderElection52 ELECTION round 0: result REJECTED
2022-05-17 16:35:28,447 [91ef6712-6125-4298-bcb9-2913db259823@group-AC37A57EF036-LeaderElection52] INFO  server.RaftServer$Division (RaftServerImpl.java:setRole(290)) - 91ef6712-6125-4298-bcb9-2913db259823@group-AC37A57EF036: changes role from CANDIDATE to FOLLOWER at term 1 for REJECTED
2022-05-17 16:35:28,447 [91ef6712-6125-4298-bcb9-2913db259823@group-AC37A57EF036-LeaderElection52] INFO  impl.RoleInfo (RoleInfo.java:shutdownLeaderElection(121)) - 91ef6712-6125-4298-bcb9-2913db259823: shutdown 91ef6712-6125-4298-bcb9-2913db259823@group-AC37A57EF036-LeaderElection52
2022-05-17 16:35:28,447 [91ef6712-6125-4298-bcb9-2913db259823@group-AC37A57EF036-LeaderElection52] INFO  impl.RoleInfo (RoleInfo.java:updateAndGet(130)) - 91ef6712-6125-4298-bcb9-2913db259823: start 91ef6712-6125-4298-bcb9-2913db259823@group-AC37A57EF036-FollowerState
2022-05-17 16:35:28,472 [9cec8234-b2c7-47b8-9d15-77d4699ef24c@group-DBEF30F02B51-LeaderElection53] INFO  impl.LeaderElection (LeaderElection.java:logAndReturn(89)) - 9cec8234-b2c7-47b8-9d15-77d4699ef24c@group-DBEF30F02B51-LeaderElection53: ELECTION PASSED received 1 response(s) and 0 exception(s):
2022-05-17 16:35:28,473 [9cec8234-b2c7-47b8-9d15-77d4699ef24c@group-DBEF30F02B51-LeaderElection53] INFO  impl.LeaderElection (LeaderElection.java:logAndReturn(93)) -   Response 0: 9cec8234-b2c7-47b8-9d15-77d4699ef24c<-a3a5d823-2209-42c9-ae5e-bf7a716faf8f#0:OK-t1
2022-05-17 16:35:28,473 [9cec8234-b2c7-47b8-9d15-77d4699ef24c@group-DBEF30F02B51-LeaderElection53] INFO  impl.LeaderElection (LeaderElection.java:askForVotes(308)) - 9cec8234-b2c7-47b8-9d15-77d4699ef24c@group-DBEF30F02B51-LeaderElection53 ELECTION round 0: result PASSED
2022-05-17 16:35:28,473 [9cec8234-b2c7-47b8-9d15-77d4699ef24c@group-DBEF30F02B51-LeaderElection53] INFO  impl.RoleInfo (RoleInfo.java:shutdownLeaderElection(121)) - 9cec8234-b2c7-47b8-9d15-77d4699ef24c: shutdown 9cec8234-b2c7-47b8-9d15-77d4699ef24c@group-DBEF30F02B51-LeaderElection53
2022-05-17 16:35:28,473 [9cec8234-b2c7-47b8-9d15-77d4699ef24c@group-DBEF30F02B51-LeaderElection53] INFO  server.RaftServer$Division (RaftServerImpl.java:setRole(290)) - 9cec8234-b2c7-47b8-9d15-77d4699ef24c@group-DBEF30F02B51: changes role from CANDIDATE to LEADER at term 1 for changeToLeader
2022-05-17 16:35:28,473 [9cec8234-b2c7-47b8-9d15-77d4699ef24c@group-DBEF30F02B51-LeaderElection53] INFO  ratis.XceiverServerRatis (XceiverServerRatis.java:handleLeaderChangedNotification(863)) - Leader change notification received for group: group-DBEF30F02B51 with new leaderId: 9cec8234-b2c7-47b8-9d15-77d4699ef24c
2022-05-17 16:35:28,473 [9cec8234-b2c7-47b8-9d15-77d4699ef24c@group-DBEF30F02B51-LeaderElection53] INFO  server.RaftServer$Division (ServerState.java:setLeader(285)) - 9cec8234-b2c7-47b8-9d15-77d4699ef24c@group-DBEF30F02B51: change Leader from null to 9cec8234-b2c7-47b8-9d15-77d4699ef24c at term 1 for becomeLeader, leader elected after 5325ms
2022-05-17 16:35:28,473 [9cec8234-b2c7-47b8-9d15-77d4699ef24c@group-DBEF30F02B51-LeaderElection53] INFO  server.RaftServerConfigKeys (ConfUtils.java:logGet(44)) - raft.server.staging.catchup.gap = 1000 (default)
2022-05-17 16:35:28,474 [9cec8234-b2c7-47b8-9d15-77d4699ef24c@group-DBEF30F02B51-LeaderElection53] INFO  server.RaftServerConfigKeys (ConfUtils.java:logGet(44)) - raft.server.write.element-limit = 1024 (custom)
2022-05-17 16:35:28,474 [9cec8234-b2c7-47b8-9d15-77d4699ef24c@group-DBEF30F02B51-LeaderElection53] INFO  server.RaftServerConfigKeys (ConfUtils.java:logGet(44)) - raft.server.write.byte-limit = 1024 M (=1073741824) (custom)
2022-05-17 16:35:28,474 [9cec8234-b2c7-47b8-9d15-77d4699ef24c@group-DBEF30F02B51-LeaderElection53] INFO  server.RaftServerConfigKeys (ConfUtils.java:logGet(44)) - raft.server.watch.timeout = 180s (custom)
2022-05-17 16:35:28,474 [9cec8234-b2c7-47b8-9d15-77d4699ef24c@group-DBEF30F02B51-LeaderElection53] INFO  server.RaftServerConfigKeys (ConfUtils.java:logGet(44)) - raft.server.watch.timeout.denomination = 1s (default)
2022-05-17 16:35:28,474 [9cec8234-b2c7-47b8-9d15-77d4699ef24c@group-DBEF30F02B51-LeaderElection53] INFO  server.RaftServerConfigKeys (ConfUtils.java:logGet(44)) - raft.server.watch.element-limit = 65536 (default)
2022-05-17 16:35:28,474 [9cec8234-b2c7-47b8-9d15-77d4699ef24c@group-DBEF30F02B51-LeaderElection53] INFO  server.RaftServerConfigKeys (ConfUtils.java:logGet(44)) - raft.server.write.element-limit = 1024 (custom)
2022-05-17 16:35:28,474 [9cec8234-b2c7-47b8-9d15-77d4699ef24c@group-DBEF30F02B51-LeaderElection53] INFO  server.RaftServerConfigKeys (ConfUtils.java:logGet(44)) - raft.server.write.follower.gap.ratio.max = -1.0 (default)
2022-05-17 16:35:28,474 [9cec8234-b2c7-47b8-9d15-77d4699ef24c@group-DBEF30F02B51-LeaderElection53] INFO  server.RaftServerConfigKeys (ConfUtils.java:logGet(44)) - raft.server.log.appender.snapshot.chunk.size.max = 16MB (=16777216) (default)
2022-05-17 16:35:28,475 [9cec8234-b2c7-47b8-9d15-77d4699ef24c@group-DBEF30F02B51-LeaderElection53] INFO  server.RaftServerConfigKeys (ConfUtils.java:logGet(44)) - raft.server.log.appender.buffer.byte-limit = 33554432 (custom)
2022-05-17 16:35:28,475 [9cec8234-b2c7-47b8-9d15-77d4699ef24c@group-DBEF30F02B51-LeaderElection53] INFO  server.RaftServerConfigKeys (ConfUtils.java:logGet(44)) - raft.server.log.appender.buffer.element-limit = 1 (custom)
2022-05-17 16:35:28,475 [9cec8234-b2c7-47b8-9d15-77d4699ef24c@group-DBEF30F02B51-LeaderElection53] INFO  grpc.GrpcConfigKeys (ConfUtils.java:logGet(44)) - raft.grpc.server.leader.outstanding.appends.max = 128 (default)
2022-05-17 16:35:28,475 [9cec8234-b2c7-47b8-9d15-77d4699ef24c@group-DBEF30F02B51-LeaderElection53] INFO  server.RaftServerConfigKeys (ConfUtils.java:logGet(44)) - raft.server.rpc.request.timeout = 60s (custom)
2022-05-17 16:35:28,475 [9cec8234-b2c7-47b8-9d15-77d4699ef24c@group-DBEF30F02B51-LeaderElection53] INFO  server.RaftServerConfigKeys (ConfUtils.java:logGet(44)) - raft.server.log.appender.install.snapshot.enabled = false (custom)
2022-05-17 16:35:28,476 [9cec8234-b2c7-47b8-9d15-77d4699ef24c@group-DBEF30F02B51-LeaderElection53] INFO  server.RaftServerConfigKeys (ConfUtils.java:logGet(44)) - raft.server.log.appender.snapshot.chunk.size.max = 16MB (=16777216) (default)
2022-05-17 16:35:28,476 [9cec8234-b2c7-47b8-9d15-77d4699ef24c@group-DBEF30F02B51-LeaderElection53] INFO  server.RaftServerConfigKeys (ConfUtils.java:logGet(44)) - raft.server.log.appender.buffer.byte-limit = 33554432 (custom)
2022-05-17 16:35:28,476 [9cec8234-b2c7-47b8-9d15-77d4699ef24c@group-DBEF30F02B51-LeaderElection53] INFO  server.RaftServerConfigKeys (ConfUtils.java:logGet(44)) - raft.server.log.appender.buffer.element-limit = 1 (custom)
2022-05-17 16:35:28,476 [9cec8234-b2c7-47b8-9d15-77d4699ef24c@group-DBEF30F02B51-LeaderElection53] INFO  grpc.GrpcConfigKeys (ConfUtils.java:logGet(44)) - raft.grpc.server.leader.outstanding.appends.max = 128 (default)
2022-05-17 16:35:28,476 [9cec8234-b2c7-47b8-9d15-77d4699ef24c@group-DBEF30F02B51-LeaderElection53] INFO  server.RaftServerConfigKeys (ConfUtils.java:logGet(44)) - raft.server.rpc.request.timeout = 60s (custom)
2022-05-17 16:35:28,476 [9cec8234-b2c7-47b8-9d15-77d4699ef24c@group-DBEF30F02B51-LeaderElection53] INFO  server.RaftServerConfigKeys (ConfUtils.java:logGet(44)) - raft.server.log.appender.install.snapshot.enabled = false (custom)
2022-05-17 16:35:28,479 [EventQueue-PipelineReportForPipelineReportHandler] INFO  pipeline.PipelineManagerImpl (PipelineManagerImpl.java:openPipeline(336)) - Pipeline Pipeline[ Id: d8a19e88-14fb-47ef-aa7c-dbef30f02b51, Nodes: 91ef6712-6125-4298-bcb9-2913db259823{ip: 10.1.0.54, host: fv-az297-879.nmf1rxwemy4u5di1sxxf4ejcwb.jx.internal.cloudapp.net, ports: [REPLICATION=33003, RATIS=41873, RATIS_ADMIN=41873, RATIS_SERVER=41873, STANDALONE=35347], networkLocation: /default-rack, certSerialId: null, persistedOpState: IN_SERVICE, persistedOpStateExpiryEpochSec: 0}a3a5d823-2209-42c9-ae5e-bf7a716faf8f{ip: 10.1.0.54, host: fv-az297-879.nmf1rxwemy4u5di1sxxf4ejcwb.jx.internal.cloudapp.net, ports: [REPLICATION=42301, RATIS=36303, RATIS_ADMIN=36303, RATIS_SERVER=36303, STANDALONE=37257], networkLocation: /default-rack, certSerialId: null, persistedOpState: IN_SERVICE, persistedOpStateExpiryEpochSec: 0}9cec8234-b2c7-47b8-9d15-77d4699ef24c{ip: 10.1.0.54, host: fv-az297-879.nmf1rxwemy4u5di1sxxf4ejcwb.jx.internal.cloudapp.net, ports: [REPLICATION=33521, RATIS=38423, RATIS_ADMIN=38423, RATIS_SERVER=38423, STANDALONE=36939], networkLocation: /default-rack, certSerialId: null, persistedOpState: IN_SERVICE, persistedOpStateExpiryEpochSec: 0}, ReplicationConfig: RATIS/THREE, State:ALLOCATED, leaderId:9cec8234-b2c7-47b8-9d15-77d4699ef24c, CreationTimestamp2022-05-17T16:35:21.171Z[Etc/UTC]] moved to OPEN state
2022-05-17 16:35:28,480 [EventQueue-OpenPipelineForHealthyPipelineSafeModeRule] INFO  safemode.SCMSafeModeManager (HealthyPipelineSafeModeRule.java:process(124)) - SCM in safe mode. Healthy pipelines reported count is 0, required healthy pipeline reported count is 1
2022-05-17 16:35:28,480 [EventQueue-OpenPipelineForHealthyPipelineSafeModeRule] INFO  safemode.SCMSafeModeManager (HealthyPipelineSafeModeRule.java:process(124)) - SCM in safe mode. Healthy pipelines reported count is 1, required healthy pipeline reported count is 1
2022-05-17 16:35:28,480 [EventQueue-OpenPipelineForHealthyPipelineSafeModeRule] INFO  safemode.SCMSafeModeManager (SCMSafeModeManager.java:validateSafeModeExitRules(204)) - HealthyPipelineSafeModeRule rule is successfully validated
2022-05-17 16:35:28,480 [EventQueue-OpenPipelineForHealthyPipelineSafeModeRule] INFO  safemode.SCMSafeModeManager (SCMSafeModeManager.java:validateSafeModeExitRules(219)) - ScmSafeModeManager, all rules are successfully validated
2022-05-17 16:35:28,480 [EventQueue-OpenPipelineForHealthyPipelineSafeModeRule] INFO  safemode.SCMSafeModeManager (SCMSafeModeManager.java:exitSafeMode(248)) - SCM exiting safe mode.
2022-05-17 16:35:28,480 [EventQueue-OpenPipelineForHealthyPipelineSafeModeRule] WARN  events.EventQueue (EventQueue.java:fireEvent(194)) - No event handler registered for event TypedEvent{payloadType=SafeModeStatus, name='Safe mode status'}
2022-05-17 16:35:28,480 [EventQueue-OpenPipelineForHealthyPipelineSafeModeRule] INFO  ha.SCMContext (SCMContext.java:updateSafeModeStatus(211)) - Update SafeModeStatus from SafeModeStatus{safeModeStatus=true, preCheckPassed=true} to SafeModeStatus{safeModeStatus=false, preCheckPassed=true}.
2022-05-17 16:35:28,480 [EventQueue-OpenPipelineForHealthyPipelineSafeModeRule] INFO  pipeline.BackgroundPipelineCreator (BackgroundPipelineCreator.java:notifyStatusChanged(251)) - Service BackgroundPipelineCreator transitions to RUNNING.
2022-05-17 16:35:28,480 [EventQueue-OpenPipelineForHealthyPipelineSafeModeRule] INFO  pipeline.BackgroundPipelineScrubber (BackgroundPipelineScrubber.java:notifyStatusChanged(88)) - Service BackgroundPipelineScrubber transitions to RUNNING.
2022-05-17 16:35:28,480 [EventQueue-OpenPipelineForHealthyPipelineSafeModeRule] INFO  replication.ReplicationManager (ReplicationManager.java:notifyStatusChanged(369)) - Service ReplicationManager transitions to RUNNING.
2022-05-17 16:35:28,486 [9cec8234-b2c7-47b8-9d15-77d4699ef24c@group-DBEF30F02B51-LeaderElection53] INFO  impl.RoleInfo (RoleInfo.java:updateAndGet(130)) - 9cec8234-b2c7-47b8-9d15-77d4699ef24c: start 9cec8234-b2c7-47b8-9d15-77d4699ef24c@group-DBEF30F02B51-LeaderStateImpl
2022-05-17 16:35:28,518 [9cec8234-b2c7-47b8-9d15-77d4699ef24c@group-DBEF30F02B51-LeaderElection53] INFO  segmented.SegmentedRaftLogWorker (SegmentedRaftLogWorker.java:startLogSegment(394)) - 9cec8234-b2c7-47b8-9d15-77d4699ef24c@group-DBEF30F02B51-SegmentedRaftLogWorker: Starting segment from index:0
2022-05-17 16:35:28,520 [9cec8234-b2c7-47b8-9d15-77d4699ef24c@group-DBEF30F02B51-SegmentedRaftLogWorker] INFO  segmented.SegmentedRaftLogWorker (SegmentedRaftLogWorker.java:execute(601)) - 9cec8234-b2c7-47b8-9d15-77d4699ef24c@group-DBEF30F02B51-SegmentedRaftLogWorker: created new log segment /home/runner/work/ozone/ozone/hadoop-ozone/integration-test/target/test-dir/MiniOzoneClusterImpl-41fbf156-6dda-44b9-a756-3cbfdc5ceeae/datanode-0/data/ratis/d8a19e88-14fb-47ef-aa7c-dbef30f02b51/current/log_inprogress_0
2022-05-17 16:35:28,568 [grpc-default-executor-0] INFO  ratis.XceiverServerRatis (XceiverServerRatis.java:handleLeaderChangedNotification(863)) - Leader change notification received for group: group-DBEF30F02B51 with new leaderId: 9cec8234-b2c7-47b8-9d15-77d4699ef24c
2022-05-17 16:35:28,568 [9cec8234-b2c7-47b8-9d15-77d4699ef24c@group-DBEF30F02B51-LeaderElection53] INFO  server.RaftServer$Division (ServerState.java:setRaftConf(387)) - 9cec8234-b2c7-47b8-9d15-77d4699ef24c@group-DBEF30F02B51: set configuration 0: [9cec8234-b2c7-47b8-9d15-77d4699ef24c|rpc:10.1.0.54:38423|dataStream:|priority:1, a3a5d823-2209-42c9-ae5e-bf7a716faf8f|rpc:10.1.0.54:36303|dataStream:|priority:0, 91ef6712-6125-4298-bcb9-2913db259823|rpc:10.1.0.54:41873|dataStream:|priority:0], old=null
2022-05-17 16:35:28,568 [grpc-default-executor-0] INFO  server.RaftServer$Division (ServerState.java:setLeader(285)) - 91ef6712-6125-4298-bcb9-2913db259823@group-DBEF30F02B51: change Leader from null to 9cec8234-b2c7-47b8-9d15-77d4699ef24c at term 1 for appendEntries, leader elected after 5334ms
2022-05-17 16:35:28,590 [grpc-default-executor-0] INFO  server.RaftServer$Division (ServerState.java:setRaftConf(387)) - 91ef6712-6125-4298-bcb9-2913db259823@group-DBEF30F02B51: set configuration 0: [9cec8234-b2c7-47b8-9d15-77d4699ef24c|rpc:10.1.0.54:38423|dataStream:|priority:1, a3a5d823-2209-42c9-ae5e-bf7a716faf8f|rpc:10.1.0.54:36303|dataStream:|priority:0, 91ef6712-6125-4298-bcb9-2913db259823|rpc:10.1.0.54:41873|dataStream:|priority:0], old=null
2022-05-17 16:35:28,590 [grpc-default-executor-0] INFO  segmented.SegmentedRaftLogWorker (SegmentedRaftLogWorker.java:startLogSegment(394)) - 91ef6712-6125-4298-bcb9-2913db259823@group-DBEF30F02B51-SegmentedRaftLogWorker: Starting segment from index:0
2022-05-17 16:35:28,592 [91ef6712-6125-4298-bcb9-2913db259823@group-DBEF30F02B51-SegmentedRaftLogWorker] INFO  segmented.SegmentedRaftLogWorker (SegmentedRaftLogWorker.java:execute(601)) - 91ef6712-6125-4298-bcb9-2913db259823@group-DBEF30F02B51-SegmentedRaftLogWorker: created new log segment /home/runner/work/ozone/ozone/hadoop-ozone/integration-test/target/test-dir/MiniOzoneClusterImpl-41fbf156-6dda-44b9-a756-3cbfdc5ceeae/datanode-1/data/ratis/d8a19e88-14fb-47ef-aa7c-dbef30f02b51/current/log_inprogress_0
2022-05-17 16:35:28,594 [grpc-default-executor-0] INFO  ratis.XceiverServerRatis (XceiverServerRatis.java:handleLeaderChangedNotification(863)) - Leader change notification received for group: group-DBEF30F02B51 with new leaderId: 9cec8234-b2c7-47b8-9d15-77d4699ef24c
2022-05-17 16:35:28,594 [grpc-default-executor-0] INFO  server.RaftServer$Division (ServerState.java:setLeader(285)) - a3a5d823-2209-42c9-ae5e-bf7a716faf8f@group-DBEF30F02B51: change Leader from null to 9cec8234-b2c7-47b8-9d15-77d4699ef24c at term 1 for appendEntries, leader elected after 5267ms
2022-05-17 16:35:28,602 [grpc-default-executor-0] INFO  server.RaftServer$Division (ServerState.java:setRaftConf(387)) - a3a5d823-2209-42c9-ae5e-bf7a716faf8f@group-DBEF30F02B51: set configuration 0: [9cec8234-b2c7-47b8-9d15-77d4699ef24c|rpc:10.1.0.54:38423|dataStream:|priority:1, a3a5d823-2209-42c9-ae5e-bf7a716faf8f|rpc:10.1.0.54:36303|dataStream:|priority:0, 91ef6712-6125-4298-bcb9-2913db259823|rpc:10.1.0.54:41873|dataStream:|priority:0], old=null
2022-05-17 16:35:28,602 [grpc-default-executor-0] INFO  segmented.SegmentedRaftLogWorker (SegmentedRaftLogWorker.java:startLogSegment(394)) - a3a5d823-2209-42c9-ae5e-bf7a716faf8f@group-DBEF30F02B51-SegmentedRaftLogWorker: Starting segment from index:0
2022-05-17 16:35:28,609 [a3a5d823-2209-42c9-ae5e-bf7a716faf8f@group-DBEF30F02B51-SegmentedRaftLogWorker] INFO  segmented.SegmentedRaftLogWorker (SegmentedRaftLogWorker.java:execute(601)) - a3a5d823-2209-42c9-ae5e-bf7a716faf8f@group-DBEF30F02B51-SegmentedRaftLogWorker: created new log segment /home/runner/work/ozone/ozone/hadoop-ozone/integration-test/target/test-dir/MiniOzoneClusterImpl-41fbf156-6dda-44b9-a756-3cbfdc5ceeae/datanode-2/data/ratis/d8a19e88-14fb-47ef-aa7c-dbef30f02b51/current/log_inprogress_0
2022-05-17 16:35:28,640 [91ef6712-6125-4298-bcb9-2913db259823@group-1F9C2189C5A2-FollowerState] INFO  impl.FollowerState (FollowerState.java:run(134)) - 91ef6712-6125-4298-bcb9-2913db259823@group-1F9C2189C5A2-FollowerState: change to CANDIDATE, lastRpcElapsedTime:5069117281ns, electionTimeout:5068ms
2022-05-17 16:35:28,640 [91ef6712-6125-4298-bcb9-2913db259823@group-1F9C2189C5A2-FollowerState] INFO  impl.RoleInfo (RoleInfo.java:shutdownFollowerState(108)) - 91ef6712-6125-4298-bcb9-2913db259823: shutdown 91ef6712-6125-4298-bcb9-2913db259823@group-1F9C2189C5A2-FollowerState
2022-05-17 16:35:28,640 [91ef6712-6125-4298-bcb9-2913db259823@group-1F9C2189C5A2-FollowerState] INFO  server.RaftServer$Division (RaftServerImpl.java:setRole(290)) - 91ef6712-6125-4298-bcb9-2913db259823@group-1F9C2189C5A2: changes role from  FOLLOWER to CANDIDATE at term 0 for changeToCandidate
2022-05-17 16:35:28,640 [91ef6712-6125-4298-bcb9-2913db259823@group-1F9C2189C5A2-FollowerState] INFO  server.RaftServerConfigKeys (ConfUtils.java:logGet(44)) - raft.server.leaderelection.pre-vote = false (custom)
2022-05-17 16:35:28,640 [91ef6712-6125-4298-bcb9-2913db259823@group-1F9C2189C5A2-FollowerState] INFO  impl.RoleInfo (RoleInfo.java:updateAndGet(130)) - 91ef6712-6125-4298-bcb9-2913db259823: start 91ef6712-6125-4298-bcb9-2913db259823@group-1F9C2189C5A2-LeaderElection54
2022-05-17 16:35:28,665 [91ef6712-6125-4298-bcb9-2913db259823@group-1F9C2189C5A2-LeaderElection54] INFO  impl.LeaderElection (LeaderElection.java:askForVotes(306)) - 91ef6712-6125-4298-bcb9-2913db259823@group-1F9C2189C5A2-LeaderElection54 ELECTION round 0: submit vote requests at term 1 for -1: [91ef6712-6125-4298-bcb9-2913db259823|rpc:10.1.0.54:41873|priority:1], old=null
2022-05-17 16:35:28,666 [91ef6712-6125-4298-bcb9-2913db259823@group-1F9C2189C5A2-LeaderElection54] INFO  impl.LeaderElection (LeaderElection.java:askForVotes(308)) - 91ef6712-6125-4298-bcb9-2913db259823@group-1F9C2189C5A2-LeaderElection54 ELECTION round 0: result PASSED (term=1)
2022-05-17 16:35:28,666 [91ef6712-6125-4298-bcb9-2913db259823@group-1F9C2189C5A2-LeaderElection54] INFO  impl.RoleInfo (RoleInfo.java:shutdownLeaderElection(121)) - 91ef6712-6125-4298-bcb9-2913db259823: shutdown 91ef6712-6125-4298-bcb9-2913db259823@group-1F9C2189C5A2-LeaderElection54
2022-05-17 16:35:28,666 [91ef6712-6125-4298-bcb9-2913db259823@group-1F9C2189C5A2-LeaderElection54] INFO  server.RaftServer$Division (RaftServerImpl.java:setRole(290)) - 91ef6712-6125-4298-bcb9-2913db259823@group-1F9C2189C5A2: changes role from CANDIDATE to LEADER at term 1 for changeToLeader
2022-05-17 16:35:28,666 [91ef6712-6125-4298-bcb9-2913db259823@group-1F9C2189C5A2-LeaderElection54] INFO  ratis.XceiverServerRatis (XceiverServerRatis.java:handleLeaderChangedNotification(863)) - Leader change notification received for group: group-1F9C2189C5A2 with new leaderId: 91ef6712-6125-4298-bcb9-2913db259823
2022-05-17 16:35:28,666 [91ef6712-6125-4298-bcb9-2913db259823@group-1F9C2189C5A2-LeaderElection54] INFO  server.RaftServer$Division (ServerState.java:setLeader(285)) - 91ef6712-6125-4298-bcb9-2913db259823@group-1F9C2189C5A2: change Leader from null to 91ef6712-6125-4298-bcb9-2913db259823 at term 1 for becomeLeader, leader elected after 5119ms
2022-05-17 16:35:28,666 [91ef6712-6125-4298-bcb9-2913db259823@group-1F9C2189C5A2-LeaderElection54] INFO  server.RaftServerConfigKeys (ConfUtils.java:logGet(44)) - raft.server.staging.catchup.gap = 1000 (default)
2022-05-17 16:35:28,667 [91ef6712-6125-4298-bcb9-2913db259823@group-1F9C2189C5A2-LeaderElection54] INFO  server.RaftServerConfigKeys (ConfUtils.java:logGet(44)) - raft.server.write.element-limit = 1024 (custom)
2022-05-17 16:35:28,667 [91ef6712-6125-4298-bcb9-2913db259823@group-1F9C2189C5A2-LeaderElection54] INFO  server.RaftServerConfigKeys (ConfUtils.java:logGet(44)) - raft.server.write.byte-limit = 1024 M (=1073741824) (custom)
2022-05-17 16:35:28,668 [91ef6712-6125-4298-bcb9-2913db259823@group-1F9C2189C5A2-LeaderElection54] INFO  server.RaftServerConfigKeys (ConfUtils.java:logGet(44)) - raft.server.watch.timeout = 180s (custom)
2022-05-17 16:35:28,668 [91ef6712-6125-4298-bcb9-2913db259823@group-1F9C2189C5A2-LeaderElection54] INFO  server.RaftServerConfigKeys (ConfUtils.java:logGet(44)) - raft.server.watch.timeout.denomination = 1s (default)
2022-05-17 16:35:28,668 [91ef6712-6125-4298-bcb9-2913db259823@group-1F9C2189C5A2-LeaderElection54] INFO  server.RaftServerConfigKeys (ConfUtils.java:logGet(44)) - raft.server.watch.element-limit = 65536 (default)
2022-05-17 16:35:28,668 [91ef6712-6125-4298-bcb9-2913db259823@group-1F9C2189C5A2-LeaderElection54] INFO  server.RaftServerConfigKeys (ConfUtils.java:logGet(44)) - raft.server.write.element-limit = 1024 (custom)
2022-05-17 16:35:28,668 [91ef6712-6125-4298-bcb9-2913db259823@group-1F9C2189C5A2-LeaderElection54] INFO  server.RaftServerConfigKeys (ConfUtils.java:logGet(44)) - raft.server.write.follower.gap.ratio.max = -1.0 (default)
2022-05-17 16:35:28,668 [91ef6712-6125-4298-bcb9-2913db259823@group-1F9C2189C5A2-LeaderElection54] INFO  impl.RoleInfo (RoleInfo.java:updateAndGet(130)) - 91ef6712-6125-4298-bcb9-2913db259823: start 91ef6712-6125-4298-bcb9-2913db259823@group-1F9C2189C5A2-LeaderStateImpl
2022-05-17 16:35:28,669 [91ef6712-6125-4298-bcb9-2913db259823@group-1F9C2189C5A2-LeaderElection54] INFO  segmented.SegmentedRaftLogWorker (SegmentedRaftLogWorker.java:startLogSegment(394)) - 91ef6712-6125-4298-bcb9-2913db259823@group-1F9C2189C5A2-SegmentedRaftLogWorker: Starting segment from index:0
2022-05-17 16:35:28,670 [91ef6712-6125-4298-bcb9-2913db259823@group-1F9C2189C5A2-SegmentedRaftLogWorker] INFO  segmented.SegmentedRaftLogWorker (SegmentedRaftLogWorker.java:execute(601)) - 91ef6712-6125-4298-bcb9-2913db259823@group-1F9C2189C5A2-SegmentedRaftLogWorker: created new log segment /home/runner/work/ozone/ozone/hadoop-ozone/integration-test/target/test-dir/MiniOzoneClusterImpl-41fbf156-6dda-44b9-a756-3cbfdc5ceeae/datanode-1/data/ratis/a7d041a7-3358-4d39-97ce-1f9c2189c5a2/current/log_inprogress_0
2022-05-17 16:35:28,685 [91ef6712-6125-4298-bcb9-2913db259823@group-1F9C2189C5A2-LeaderElection54] INFO  server.RaftServer$Division (ServerState.java:setRaftConf(387)) - 91ef6712-6125-4298-bcb9-2913db259823@group-1F9C2189C5A2: set configuration 0: [91ef6712-6125-4298-bcb9-2913db259823|rpc:10.1.0.54:41873|dataStream:|priority:1], old=null
2022-05-17 16:35:29,136 [Listener at 127.0.0.1/36845] INFO  ozone.MiniOzoneClusterImpl (MiniOzoneClusterImpl.java:lambda$waitForClusterToBeReady$0(221)) - Nodes are ready. Got 3 of 3 DN Heartbeats.
2022-05-17 16:35:29,136 [Listener at 127.0.0.1/36845] INFO  ozone.MiniOzoneClusterImpl (MiniOzoneClusterImpl.java:lambda$waitForClusterToBeReady$0(224)) - Cluster exits safe mode
2022-05-17 16:35:29,136 [Listener at 127.0.0.1/36845] INFO  ozone.MiniOzoneClusterImpl (MiniOzoneClusterImpl.java:lambda$waitForClusterToBeReady$0(226)) - SCM became leader
]]></system-out>
    </rerunFailure>
  </testcase>
  <testcase name="testLeaderIdUsedOnFirstCall" classname="org.apache.hadoop.hdds.scm.TestRatisPipelineLeader" time="0.002">
    <failure type="java.lang.AssertionError"><![CDATA[java.lang.AssertionError
	at org.junit.Assert.fail(Assert.java:87)
	at org.junit.Assert.assertTrue(Assert.java:42)
	at org.junit.Assert.assertTrue(Assert.java:53)
	at org.apache.hadoop.hdds.scm.TestRatisPipelineLeader.testLeaderIdUsedOnFirstCall(TestRatisPipelineLeader.java:85)
	at sun.reflect.NativeMethodAccessorImpl.invoke0(Native Method)
	at sun.reflect.NativeMethodAccessorImpl.invoke(NativeMethodAccessorImpl.java:62)
	at sun.reflect.DelegatingMethodAccessorImpl.invoke(DelegatingMethodAccessorImpl.java:43)
	at java.lang.reflect.Method.invoke(Method.java:498)
	at org.junit.platform.commons.util.ReflectionUtils.invokeMethod(ReflectionUtils.java:688)
	at org.junit.jupiter.engine.execution.MethodInvocation.proceed(MethodInvocation.java:60)
	at org.junit.jupiter.engine.execution.InvocationInterceptorChain$ValidatingInvocation.proceed(InvocationInterceptorChain.java:131)
	at org.junit.jupiter.engine.extension.TimeoutInvocation.proceed(TimeoutInvocation.java:46)
	at org.junit.jupiter.engine.extension.TimeoutExtension.intercept(TimeoutExtension.java:149)
	at org.junit.jupiter.engine.extension.TimeoutExtension.interceptTestableMethod(TimeoutExtension.java:140)
	at org.junit.jupiter.engine.extension.TimeoutExtension.interceptTestMethod(TimeoutExtension.java:84)
	at org.junit.jupiter.engine.execution.ExecutableInvoker$ReflectiveInterceptorCall.lambda$ofVoidMethod$0(ExecutableInvoker.java:115)
	at org.junit.jupiter.engine.execution.ExecutableInvoker.lambda$invoke$0(ExecutableInvoker.java:105)
	at org.junit.jupiter.engine.execution.InvocationInterceptorChain$InterceptedInvocation.proceed(InvocationInterceptorChain.java:106)
	at org.junit.jupiter.engine.execution.InvocationInterceptorChain.proceed(InvocationInterceptorChain.java:64)
	at org.junit.jupiter.engine.execution.InvocationInterceptorChain.chainAndInvoke(InvocationInterceptorChain.java:45)
	at org.junit.jupiter.engine.execution.InvocationInterceptorChain.invoke(InvocationInterceptorChain.java:37)
	at org.junit.jupiter.engine.execution.ExecutableInvoker.invoke(ExecutableInvoker.java:104)
	at org.junit.jupiter.engine.execution.ExecutableInvoker.invoke(ExecutableInvoker.java:98)
	at org.junit.jupiter.engine.descriptor.TestMethodTestDescriptor.lambda$invokeTestMethod$6(TestMethodTestDescriptor.java:210)
	at org.junit.platform.engine.support.hierarchical.ThrowableCollector.execute(ThrowableCollector.java:73)
	at org.junit.jupiter.engine.descriptor.TestMethodTestDescriptor.invokeTestMethod(TestMethodTestDescriptor.java:206)
	at org.junit.jupiter.engine.descriptor.TestMethodTestDescriptor.execute(TestMethodTestDescriptor.java:131)
	at org.junit.jupiter.engine.descriptor.TestMethodTestDescriptor.execute(TestMethodTestDescriptor.java:65)
	at org.junit.platform.engine.support.hierarchical.NodeTestTask.lambda$executeRecursively$5(NodeTestTask.java:139)
	at org.junit.platform.engine.support.hierarchical.ThrowableCollector.execute(ThrowableCollector.java:73)
	at org.junit.platform.engine.support.hierarchical.NodeTestTask.lambda$executeRecursively$7(NodeTestTask.java:129)
	at org.junit.platform.engine.support.hierarchical.Node.around(Node.java:137)
	at org.junit.platform.engine.support.hierarchical.NodeTestTask.lambda$executeRecursively$8(NodeTestTask.java:127)
	at org.junit.platform.engine.support.hierarchical.ThrowableCollector.execute(ThrowableCollector.java:73)
	at org.junit.platform.engine.support.hierarchical.NodeTestTask.executeRecursively(NodeTestTask.java:126)
	at org.junit.platform.engine.support.hierarchical.NodeTestTask.execute(NodeTestTask.java:84)
	at java.util.ArrayList.forEach(ArrayList.java:1259)
	at org.junit.platform.engine.support.hierarchical.SameThreadHierarchicalTestExecutorService.invokeAll(SameThreadHierarchicalTestExecutorService.java:38)
	at org.junit.platform.engine.support.hierarchical.NodeTestTask.lambda$executeRecursively$5(NodeTestTask.java:143)
	at org.junit.platform.engine.support.hierarchical.ThrowableCollector.execute(ThrowableCollector.java:73)
	at org.junit.platform.engine.support.hierarchical.NodeTestTask.lambda$executeRecursively$7(NodeTestTask.java:129)
	at org.junit.platform.engine.support.hierarchical.Node.around(Node.java:137)
	at org.junit.platform.engine.support.hierarchical.NodeTestTask.lambda$executeRecursively$8(NodeTestTask.java:127)
	at org.junit.platform.engine.support.hierarchical.ThrowableCollector.execute(ThrowableCollector.java:73)
	at org.junit.platform.engine.support.hierarchical.NodeTestTask.executeRecursively(NodeTestTask.java:126)
	at org.junit.platform.engine.support.hierarchical.NodeTestTask.execute(NodeTestTask.java:84)
	at java.util.ArrayList.forEach(ArrayList.java:1259)
	at org.junit.platform.engine.support.hierarchical.SameThreadHierarchicalTestExecutorService.invokeAll(SameThreadHierarchicalTestExecutorService.java:38)
	at org.junit.platform.engine.support.hierarchical.NodeTestTask.lambda$executeRecursively$5(NodeTestTask.java:143)
	at org.junit.platform.engine.support.hierarchical.ThrowableCollector.execute(ThrowableCollector.java:73)
	at org.junit.platform.engine.support.hierarchical.NodeTestTask.lambda$executeRecursively$7(NodeTestTask.java:129)
	at org.junit.platform.engine.support.hierarchical.Node.around(Node.java:137)
	at org.junit.platform.engine.support.hierarchical.NodeTestTask.lambda$executeRecursively$8(NodeTestTask.java:127)
	at org.junit.platform.engine.support.hierarchical.ThrowableCollector.execute(ThrowableCollector.java:73)
	at org.junit.platform.engine.support.hierarchical.NodeTestTask.executeRecursively(NodeTestTask.java:126)
	at org.junit.platform.engine.support.hierarchical.NodeTestTask.execute(NodeTestTask.java:84)
	at org.junit.platform.engine.support.hierarchical.SameThreadHierarchicalTestExecutorService.submit(SameThreadHierarchicalTestExecutorService.java:32)
	at org.junit.platform.engine.support.hierarchical.HierarchicalTestExecutor.execute(HierarchicalTestExecutor.java:57)
	at org.junit.platform.engine.support.hierarchical.HierarchicalTestEngine.execute(HierarchicalTestEngine.java:51)
	at org.junit.platform.launcher.core.EngineExecutionOrchestrator.execute(EngineExecutionOrchestrator.java:108)
	at org.junit.platform.launcher.core.EngineExecutionOrchestrator.execute(EngineExecutionOrchestrator.java:88)
	at org.junit.platform.launcher.core.EngineExecutionOrchestrator.lambda$execute$0(EngineExecutionOrchestrator.java:54)
	at org.junit.platform.launcher.core.EngineExecutionOrchestrator.withInterceptedStreams(EngineExecutionOrchestrator.java:67)
	at org.junit.platform.launcher.core.EngineExecutionOrchestrator.execute(EngineExecutionOrchestrator.java:52)
	at org.junit.platform.launcher.core.DefaultLauncher.execute(DefaultLauncher.java:96)
	at org.junit.platform.launcher.core.DefaultLauncher.execute(DefaultLauncher.java:75)
	at org.apache.maven.surefire.junitplatform.JUnitPlatformProvider.execute(JUnitPlatformProvider.java:188)
	at org.apache.maven.surefire.junitplatform.JUnitPlatformProvider.invokeAllTests(JUnitPlatformProvider.java:154)
	at org.apache.maven.surefire.junitplatform.JUnitPlatformProvider.invoke(JUnitPlatformProvider.java:124)
	at org.apache.maven.surefire.booter.ForkedBooter.runSuitesInProcess(ForkedBooter.java:428)
	at org.apache.maven.surefire.booter.ForkedBooter.execute(ForkedBooter.java:162)
	at org.apache.maven.surefire.booter.ForkedBooter.run(ForkedBooter.java:562)
	at org.apache.maven.surefire.booter.ForkedBooter.main(ForkedBooter.java:548)
]]></failure>
    <rerunFailure type="java.lang.AssertionError">
      <stackTrace><![CDATA[java.lang.AssertionError
	at org.junit.Assert.fail(Assert.java:87)
	at org.junit.Assert.assertTrue(Assert.java:42)
	at org.junit.Assert.assertTrue(Assert.java:53)
	at org.apache.hadoop.hdds.scm.TestRatisPipelineLeader.testLeaderIdUsedOnFirstCall(TestRatisPipelineLeader.java:85)
	at sun.reflect.NativeMethodAccessorImpl.invoke0(Native Method)
	at sun.reflect.NativeMethodAccessorImpl.invoke(NativeMethodAccessorImpl.java:62)
	at sun.reflect.DelegatingMethodAccessorImpl.invoke(DelegatingMethodAccessorImpl.java:43)
	at java.lang.reflect.Method.invoke(Method.java:498)
	at org.junit.platform.commons.util.ReflectionUtils.invokeMethod(ReflectionUtils.java:688)
	at org.junit.jupiter.engine.execution.MethodInvocation.proceed(MethodInvocation.java:60)
	at org.junit.jupiter.engine.execution.InvocationInterceptorChain$ValidatingInvocation.proceed(InvocationInterceptorChain.java:131)
	at org.junit.jupiter.engine.extension.TimeoutInvocation.proceed(TimeoutInvocation.java:46)
	at org.junit.jupiter.engine.extension.TimeoutExtension.intercept(TimeoutExtension.java:149)
	at org.junit.jupiter.engine.extension.TimeoutExtension.interceptTestableMethod(TimeoutExtension.java:140)
	at org.junit.jupiter.engine.extension.TimeoutExtension.interceptTestMethod(TimeoutExtension.java:84)
	at org.junit.jupiter.engine.execution.ExecutableInvoker$ReflectiveInterceptorCall.lambda$ofVoidMethod$0(ExecutableInvoker.java:115)
	at org.junit.jupiter.engine.execution.ExecutableInvoker.lambda$invoke$0(ExecutableInvoker.java:105)
	at org.junit.jupiter.engine.execution.InvocationInterceptorChain$InterceptedInvocation.proceed(InvocationInterceptorChain.java:106)
	at org.junit.jupiter.engine.execution.InvocationInterceptorChain.proceed(InvocationInterceptorChain.java:64)
	at org.junit.jupiter.engine.execution.InvocationInterceptorChain.chainAndInvoke(InvocationInterceptorChain.java:45)
	at org.junit.jupiter.engine.execution.InvocationInterceptorChain.invoke(InvocationInterceptorChain.java:37)
	at org.junit.jupiter.engine.execution.ExecutableInvoker.invoke(ExecutableInvoker.java:104)
	at org.junit.jupiter.engine.execution.ExecutableInvoker.invoke(ExecutableInvoker.java:98)
	at org.junit.jupiter.engine.descriptor.TestMethodTestDescriptor.lambda$invokeTestMethod$6(TestMethodTestDescriptor.java:210)
	at org.junit.platform.engine.support.hierarchical.ThrowableCollector.execute(ThrowableCollector.java:73)
	at org.junit.jupiter.engine.descriptor.TestMethodTestDescriptor.invokeTestMethod(TestMethodTestDescriptor.java:206)
	at org.junit.jupiter.engine.descriptor.TestMethodTestDescriptor.execute(TestMethodTestDescriptor.java:131)
	at org.junit.jupiter.engine.descriptor.TestMethodTestDescriptor.execute(TestMethodTestDescriptor.java:65)
	at org.junit.platform.engine.support.hierarchical.NodeTestTask.lambda$executeRecursively$5(NodeTestTask.java:139)
	at org.junit.platform.engine.support.hierarchical.ThrowableCollector.execute(ThrowableCollector.java:73)
	at org.junit.platform.engine.support.hierarchical.NodeTestTask.lambda$executeRecursively$7(NodeTestTask.java:129)
	at org.junit.platform.engine.support.hierarchical.Node.around(Node.java:137)
	at org.junit.platform.engine.support.hierarchical.NodeTestTask.lambda$executeRecursively$8(NodeTestTask.java:127)
	at org.junit.platform.engine.support.hierarchical.ThrowableCollector.execute(ThrowableCollector.java:73)
	at org.junit.platform.engine.support.hierarchical.NodeTestTask.executeRecursively(NodeTestTask.java:126)
	at org.junit.platform.engine.support.hierarchical.NodeTestTask.execute(NodeTestTask.java:84)
	at java.util.ArrayList.forEach(ArrayList.java:1259)
	at org.junit.platform.engine.support.hierarchical.SameThreadHierarchicalTestExecutorService.invokeAll(SameThreadHierarchicalTestExecutorService.java:38)
	at org.junit.platform.engine.support.hierarchical.NodeTestTask.lambda$executeRecursively$5(NodeTestTask.java:143)
	at org.junit.platform.engine.support.hierarchical.ThrowableCollector.execute(ThrowableCollector.java:73)
	at org.junit.platform.engine.support.hierarchical.NodeTestTask.lambda$executeRecursively$7(NodeTestTask.java:129)
	at org.junit.platform.engine.support.hierarchical.Node.around(Node.java:137)
	at org.junit.platform.engine.support.hierarchical.NodeTestTask.lambda$executeRecursively$8(NodeTestTask.java:127)
	at org.junit.platform.engine.support.hierarchical.ThrowableCollector.execute(ThrowableCollector.java:73)
	at org.junit.platform.engine.support.hierarchical.NodeTestTask.executeRecursively(NodeTestTask.java:126)
	at org.junit.platform.engine.support.hierarchical.NodeTestTask.execute(NodeTestTask.java:84)
	at java.util.ArrayList.forEach(ArrayList.java:1259)
	at org.junit.platform.engine.support.hierarchical.SameThreadHierarchicalTestExecutorService.invokeAll(SameThreadHierarchicalTestExecutorService.java:38)
	at org.junit.platform.engine.support.hierarchical.NodeTestTask.lambda$executeRecursively$5(NodeTestTask.java:143)
	at org.junit.platform.engine.support.hierarchical.ThrowableCollector.execute(ThrowableCollector.java:73)
	at org.junit.platform.engine.support.hierarchical.NodeTestTask.lambda$executeRecursively$7(NodeTestTask.java:129)
	at org.junit.platform.engine.support.hierarchical.Node.around(Node.java:137)
	at org.junit.platform.engine.support.hierarchical.NodeTestTask.lambda$executeRecursively$8(NodeTestTask.java:127)
	at org.junit.platform.engine.support.hierarchical.ThrowableCollector.execute(ThrowableCollector.java:73)
	at org.junit.platform.engine.support.hierarchical.NodeTestTask.executeRecursively(NodeTestTask.java:126)
	at org.junit.platform.engine.support.hierarchical.NodeTestTask.execute(NodeTestTask.java:84)
	at org.junit.platform.engine.support.hierarchical.SameThreadHierarchicalTestExecutorService.submit(SameThreadHierarchicalTestExecutorService.java:32)
	at org.junit.platform.engine.support.hierarchical.HierarchicalTestExecutor.execute(HierarchicalTestExecutor.java:57)
	at org.junit.platform.engine.support.hierarchical.HierarchicalTestEngine.execute(HierarchicalTestEngine.java:51)
	at org.junit.platform.launcher.core.EngineExecutionOrchestrator.execute(EngineExecutionOrchestrator.java:108)
	at org.junit.platform.launcher.core.EngineExecutionOrchestrator.execute(EngineExecutionOrchestrator.java:88)
	at org.junit.platform.launcher.core.EngineExecutionOrchestrator.lambda$execute$0(EngineExecutionOrchestrator.java:54)
	at org.junit.platform.launcher.core.EngineExecutionOrchestrator.withInterceptedStreams(EngineExecutionOrchestrator.java:67)
	at org.junit.platform.launcher.core.EngineExecutionOrchestrator.execute(EngineExecutionOrchestrator.java:52)
	at org.junit.platform.launcher.core.DefaultLauncher.execute(DefaultLauncher.java:96)
	at org.junit.platform.launcher.core.DefaultLauncher.execute(DefaultLauncher.java:75)
	at org.apache.maven.surefire.junitplatform.JUnitPlatformProvider.invokeAllTests(JUnitPlatformProvider.java:165)
	at org.apache.maven.surefire.junitplatform.JUnitPlatformProvider.invoke(JUnitPlatformProvider.java:124)
	at org.apache.maven.surefire.booter.ForkedBooter.runSuitesInProcess(ForkedBooter.java:428)
	at org.apache.maven.surefire.booter.ForkedBooter.execute(ForkedBooter.java:162)
	at org.apache.maven.surefire.booter.ForkedBooter.run(ForkedBooter.java:562)
	at org.apache.maven.surefire.booter.ForkedBooter.main(ForkedBooter.java:548)
]]></stackTrace>
    </rerunFailure>
    <rerunFailure type="java.lang.AssertionError">
      <stackTrace><![CDATA[java.lang.AssertionError
	at org.junit.Assert.fail(Assert.java:87)
	at org.junit.Assert.assertTrue(Assert.java:42)
	at org.junit.Assert.assertTrue(Assert.java:53)
	at org.apache.hadoop.hdds.scm.TestRatisPipelineLeader.testLeaderIdUsedOnFirstCall(TestRatisPipelineLeader.java:85)
	at sun.reflect.NativeMethodAccessorImpl.invoke0(Native Method)
	at sun.reflect.NativeMethodAccessorImpl.invoke(NativeMethodAccessorImpl.java:62)
	at sun.reflect.DelegatingMethodAccessorImpl.invoke(DelegatingMethodAccessorImpl.java:43)
	at java.lang.reflect.Method.invoke(Method.java:498)
	at org.junit.platform.commons.util.ReflectionUtils.invokeMethod(ReflectionUtils.java:688)
	at org.junit.jupiter.engine.execution.MethodInvocation.proceed(MethodInvocation.java:60)
	at org.junit.jupiter.engine.execution.InvocationInterceptorChain$ValidatingInvocation.proceed(InvocationInterceptorChain.java:131)
	at org.junit.jupiter.engine.extension.TimeoutInvocation.proceed(TimeoutInvocation.java:46)
	at org.junit.jupiter.engine.extension.TimeoutExtension.intercept(TimeoutExtension.java:149)
	at org.junit.jupiter.engine.extension.TimeoutExtension.interceptTestableMethod(TimeoutExtension.java:140)
	at org.junit.jupiter.engine.extension.TimeoutExtension.interceptTestMethod(TimeoutExtension.java:84)
	at org.junit.jupiter.engine.execution.ExecutableInvoker$ReflectiveInterceptorCall.lambda$ofVoidMethod$0(ExecutableInvoker.java:115)
	at org.junit.jupiter.engine.execution.ExecutableInvoker.lambda$invoke$0(ExecutableInvoker.java:105)
	at org.junit.jupiter.engine.execution.InvocationInterceptorChain$InterceptedInvocation.proceed(InvocationInterceptorChain.java:106)
	at org.junit.jupiter.engine.execution.InvocationInterceptorChain.proceed(InvocationInterceptorChain.java:64)
	at org.junit.jupiter.engine.execution.InvocationInterceptorChain.chainAndInvoke(InvocationInterceptorChain.java:45)
	at org.junit.jupiter.engine.execution.InvocationInterceptorChain.invoke(InvocationInterceptorChain.java:37)
	at org.junit.jupiter.engine.execution.ExecutableInvoker.invoke(ExecutableInvoker.java:104)
	at org.junit.jupiter.engine.execution.ExecutableInvoker.invoke(ExecutableInvoker.java:98)
	at org.junit.jupiter.engine.descriptor.TestMethodTestDescriptor.lambda$invokeTestMethod$6(TestMethodTestDescriptor.java:210)
	at org.junit.platform.engine.support.hierarchical.ThrowableCollector.execute(ThrowableCollector.java:73)
	at org.junit.jupiter.engine.descriptor.TestMethodTestDescriptor.invokeTestMethod(TestMethodTestDescriptor.java:206)
	at org.junit.jupiter.engine.descriptor.TestMethodTestDescriptor.execute(TestMethodTestDescriptor.java:131)
	at org.junit.jupiter.engine.descriptor.TestMethodTestDescriptor.execute(TestMethodTestDescriptor.java:65)
	at org.junit.platform.engine.support.hierarchical.NodeTestTask.lambda$executeRecursively$5(NodeTestTask.java:139)
	at org.junit.platform.engine.support.hierarchical.ThrowableCollector.execute(ThrowableCollector.java:73)
	at org.junit.platform.engine.support.hierarchical.NodeTestTask.lambda$executeRecursively$7(NodeTestTask.java:129)
	at org.junit.platform.engine.support.hierarchical.Node.around(Node.java:137)
	at org.junit.platform.engine.support.hierarchical.NodeTestTask.lambda$executeRecursively$8(NodeTestTask.java:127)
	at org.junit.platform.engine.support.hierarchical.ThrowableCollector.execute(ThrowableCollector.java:73)
	at org.junit.platform.engine.support.hierarchical.NodeTestTask.executeRecursively(NodeTestTask.java:126)
	at org.junit.platform.engine.support.hierarchical.NodeTestTask.execute(NodeTestTask.java:84)
	at java.util.ArrayList.forEach(ArrayList.java:1259)
	at org.junit.platform.engine.support.hierarchical.SameThreadHierarchicalTestExecutorService.invokeAll(SameThreadHierarchicalTestExecutorService.java:38)
	at org.junit.platform.engine.support.hierarchical.NodeTestTask.lambda$executeRecursively$5(NodeTestTask.java:143)
	at org.junit.platform.engine.support.hierarchical.ThrowableCollector.execute(ThrowableCollector.java:73)
	at org.junit.platform.engine.support.hierarchical.NodeTestTask.lambda$executeRecursively$7(NodeTestTask.java:129)
	at org.junit.platform.engine.support.hierarchical.Node.around(Node.java:137)
	at org.junit.platform.engine.support.hierarchical.NodeTestTask.lambda$executeRecursively$8(NodeTestTask.java:127)
	at org.junit.platform.engine.support.hierarchical.ThrowableCollector.execute(ThrowableCollector.java:73)
	at org.junit.platform.engine.support.hierarchical.NodeTestTask.executeRecursively(NodeTestTask.java:126)
	at org.junit.platform.engine.support.hierarchical.NodeTestTask.execute(NodeTestTask.java:84)
	at java.util.ArrayList.forEach(ArrayList.java:1259)
	at org.junit.platform.engine.support.hierarchical.SameThreadHierarchicalTestExecutorService.invokeAll(SameThreadHierarchicalTestExecutorService.java:38)
	at org.junit.platform.engine.support.hierarchical.NodeTestTask.lambda$executeRecursively$5(NodeTestTask.java:143)
	at org.junit.platform.engine.support.hierarchical.ThrowableCollector.execute(ThrowableCollector.java:73)
	at org.junit.platform.engine.support.hierarchical.NodeTestTask.lambda$executeRecursively$7(NodeTestTask.java:129)
	at org.junit.platform.engine.support.hierarchical.Node.around(Node.java:137)
	at org.junit.platform.engine.support.hierarchical.NodeTestTask.lambda$executeRecursively$8(NodeTestTask.java:127)
	at org.junit.platform.engine.support.hierarchical.ThrowableCollector.execute(ThrowableCollector.java:73)
	at org.junit.platform.engine.support.hierarchical.NodeTestTask.executeRecursively(NodeTestTask.java:126)
	at org.junit.platform.engine.support.hierarchical.NodeTestTask.execute(NodeTestTask.java:84)
	at org.junit.platform.engine.support.hierarchical.SameThreadHierarchicalTestExecutorService.submit(SameThreadHierarchicalTestExecutorService.java:32)
	at org.junit.platform.engine.support.hierarchical.HierarchicalTestExecutor.execute(HierarchicalTestExecutor.java:57)
	at org.junit.platform.engine.support.hierarchical.HierarchicalTestEngine.execute(HierarchicalTestEngine.java:51)
	at org.junit.platform.launcher.core.EngineExecutionOrchestrator.execute(EngineExecutionOrchestrator.java:108)
	at org.junit.platform.launcher.core.EngineExecutionOrchestrator.execute(EngineExecutionOrchestrator.java:88)
	at org.junit.platform.launcher.core.EngineExecutionOrchestrator.lambda$execute$0(EngineExecutionOrchestrator.java:54)
	at org.junit.platform.launcher.core.EngineExecutionOrchestrator.withInterceptedStreams(EngineExecutionOrchestrator.java:67)
	at org.junit.platform.launcher.core.EngineExecutionOrchestrator.execute(EngineExecutionOrchestrator.java:52)
	at org.junit.platform.launcher.core.DefaultLauncher.execute(DefaultLauncher.java:96)
	at org.junit.platform.launcher.core.DefaultLauncher.execute(DefaultLauncher.java:75)
	at org.apache.maven.surefire.junitplatform.JUnitPlatformProvider.invokeAllTests(JUnitPlatformProvider.java:165)
	at org.apache.maven.surefire.junitplatform.JUnitPlatformProvider.invoke(JUnitPlatformProvider.java:124)
	at org.apache.maven.surefire.booter.ForkedBooter.runSuitesInProcess(ForkedBooter.java:428)
	at org.apache.maven.surefire.booter.ForkedBooter.execute(ForkedBooter.java:162)
	at org.apache.maven.surefire.booter.ForkedBooter.run(ForkedBooter.java:562)
	at org.apache.maven.surefire.booter.ForkedBooter.main(ForkedBooter.java:548)
]]></stackTrace>
    </rerunFailure>
    <rerunFailure type="java.lang.AssertionError">
      <stackTrace><![CDATA[java.lang.AssertionError
	at org.junit.Assert.fail(Assert.java:87)
	at org.junit.Assert.assertTrue(Assert.java:42)
	at org.junit.Assert.assertTrue(Assert.java:53)
	at org.apache.hadoop.hdds.scm.TestRatisPipelineLeader.testLeaderIdUsedOnFirstCall(TestRatisPipelineLeader.java:85)
	at sun.reflect.NativeMethodAccessorImpl.invoke0(Native Method)
	at sun.reflect.NativeMethodAccessorImpl.invoke(NativeMethodAccessorImpl.java:62)
	at sun.reflect.DelegatingMethodAccessorImpl.invoke(DelegatingMethodAccessorImpl.java:43)
	at java.lang.reflect.Method.invoke(Method.java:498)
	at org.junit.platform.commons.util.ReflectionUtils.invokeMethod(ReflectionUtils.java:688)
	at org.junit.jupiter.engine.execution.MethodInvocation.proceed(MethodInvocation.java:60)
	at org.junit.jupiter.engine.execution.InvocationInterceptorChain$ValidatingInvocation.proceed(InvocationInterceptorChain.java:131)
	at org.junit.jupiter.engine.extension.TimeoutInvocation.proceed(TimeoutInvocation.java:46)
	at org.junit.jupiter.engine.extension.TimeoutExtension.intercept(TimeoutExtension.java:149)
	at org.junit.jupiter.engine.extension.TimeoutExtension.interceptTestableMethod(TimeoutExtension.java:140)
	at org.junit.jupiter.engine.extension.TimeoutExtension.interceptTestMethod(TimeoutExtension.java:84)
	at org.junit.jupiter.engine.execution.ExecutableInvoker$ReflectiveInterceptorCall.lambda$ofVoidMethod$0(ExecutableInvoker.java:115)
	at org.junit.jupiter.engine.execution.ExecutableInvoker.lambda$invoke$0(ExecutableInvoker.java:105)
	at org.junit.jupiter.engine.execution.InvocationInterceptorChain$InterceptedInvocation.proceed(InvocationInterceptorChain.java:106)
	at org.junit.jupiter.engine.execution.InvocationInterceptorChain.proceed(InvocationInterceptorChain.java:64)
	at org.junit.jupiter.engine.execution.InvocationInterceptorChain.chainAndInvoke(InvocationInterceptorChain.java:45)
	at org.junit.jupiter.engine.execution.InvocationInterceptorChain.invoke(InvocationInterceptorChain.java:37)
	at org.junit.jupiter.engine.execution.ExecutableInvoker.invoke(ExecutableInvoker.java:104)
	at org.junit.jupiter.engine.execution.ExecutableInvoker.invoke(ExecutableInvoker.java:98)
	at org.junit.jupiter.engine.descriptor.TestMethodTestDescriptor.lambda$invokeTestMethod$6(TestMethodTestDescriptor.java:210)
	at org.junit.platform.engine.support.hierarchical.ThrowableCollector.execute(ThrowableCollector.java:73)
	at org.junit.jupiter.engine.descriptor.TestMethodTestDescriptor.invokeTestMethod(TestMethodTestDescriptor.java:206)
	at org.junit.jupiter.engine.descriptor.TestMethodTestDescriptor.execute(TestMethodTestDescriptor.java:131)
	at org.junit.jupiter.engine.descriptor.TestMethodTestDescriptor.execute(TestMethodTestDescriptor.java:65)
	at org.junit.platform.engine.support.hierarchical.NodeTestTask.lambda$executeRecursively$5(NodeTestTask.java:139)
	at org.junit.platform.engine.support.hierarchical.ThrowableCollector.execute(ThrowableCollector.java:73)
	at org.junit.platform.engine.support.hierarchical.NodeTestTask.lambda$executeRecursively$7(NodeTestTask.java:129)
	at org.junit.platform.engine.support.hierarchical.Node.around(Node.java:137)
	at org.junit.platform.engine.support.hierarchical.NodeTestTask.lambda$executeRecursively$8(NodeTestTask.java:127)
	at org.junit.platform.engine.support.hierarchical.ThrowableCollector.execute(ThrowableCollector.java:73)
	at org.junit.platform.engine.support.hierarchical.NodeTestTask.executeRecursively(NodeTestTask.java:126)
	at org.junit.platform.engine.support.hierarchical.NodeTestTask.execute(NodeTestTask.java:84)
	at java.util.ArrayList.forEach(ArrayList.java:1259)
	at org.junit.platform.engine.support.hierarchical.SameThreadHierarchicalTestExecutorService.invokeAll(SameThreadHierarchicalTestExecutorService.java:38)
	at org.junit.platform.engine.support.hierarchical.NodeTestTask.lambda$executeRecursively$5(NodeTestTask.java:143)
	at org.junit.platform.engine.support.hierarchical.ThrowableCollector.execute(ThrowableCollector.java:73)
	at org.junit.platform.engine.support.hierarchical.NodeTestTask.lambda$executeRecursively$7(NodeTestTask.java:129)
	at org.junit.platform.engine.support.hierarchical.Node.around(Node.java:137)
	at org.junit.platform.engine.support.hierarchical.NodeTestTask.lambda$executeRecursively$8(NodeTestTask.java:127)
	at org.junit.platform.engine.support.hierarchical.ThrowableCollector.execute(ThrowableCollector.java:73)
	at org.junit.platform.engine.support.hierarchical.NodeTestTask.executeRecursively(NodeTestTask.java:126)
	at org.junit.platform.engine.support.hierarchical.NodeTestTask.execute(NodeTestTask.java:84)
	at java.util.ArrayList.forEach(ArrayList.java:1259)
	at org.junit.platform.engine.support.hierarchical.SameThreadHierarchicalTestExecutorService.invokeAll(SameThreadHierarchicalTestExecutorService.java:38)
	at org.junit.platform.engine.support.hierarchical.NodeTestTask.lambda$executeRecursively$5(NodeTestTask.java:143)
	at org.junit.platform.engine.support.hierarchical.ThrowableCollector.execute(ThrowableCollector.java:73)
	at org.junit.platform.engine.support.hierarchical.NodeTestTask.lambda$executeRecursively$7(NodeTestTask.java:129)
	at org.junit.platform.engine.support.hierarchical.Node.around(Node.java:137)
	at org.junit.platform.engine.support.hierarchical.NodeTestTask.lambda$executeRecursively$8(NodeTestTask.java:127)
	at org.junit.platform.engine.support.hierarchical.ThrowableCollector.execute(ThrowableCollector.java:73)
	at org.junit.platform.engine.support.hierarchical.NodeTestTask.executeRecursively(NodeTestTask.java:126)
	at org.junit.platform.engine.support.hierarchical.NodeTestTask.execute(NodeTestTask.java:84)
	at org.junit.platform.engine.support.hierarchical.SameThreadHierarchicalTestExecutorService.submit(SameThreadHierarchicalTestExecutorService.java:32)
	at org.junit.platform.engine.support.hierarchical.HierarchicalTestExecutor.execute(HierarchicalTestExecutor.java:57)
	at org.junit.platform.engine.support.hierarchical.HierarchicalTestEngine.execute(HierarchicalTestEngine.java:51)
	at org.junit.platform.launcher.core.EngineExecutionOrchestrator.execute(EngineExecutionOrchestrator.java:108)
	at org.junit.platform.launcher.core.EngineExecutionOrchestrator.execute(EngineExecutionOrchestrator.java:88)
	at org.junit.platform.launcher.core.EngineExecutionOrchestrator.lambda$execute$0(EngineExecutionOrchestrator.java:54)
	at org.junit.platform.launcher.core.EngineExecutionOrchestrator.withInterceptedStreams(EngineExecutionOrchestrator.java:67)
	at org.junit.platform.launcher.core.EngineExecutionOrchestrator.execute(EngineExecutionOrchestrator.java:52)
	at org.junit.platform.launcher.core.DefaultLauncher.execute(DefaultLauncher.java:96)
	at org.junit.platform.launcher.core.DefaultLauncher.execute(DefaultLauncher.java:75)
	at org.apache.maven.surefire.junitplatform.JUnitPlatformProvider.invokeAllTests(JUnitPlatformProvider.java:165)
	at org.apache.maven.surefire.junitplatform.JUnitPlatformProvider.invoke(JUnitPlatformProvider.java:124)
	at org.apache.maven.surefire.booter.ForkedBooter.runSuitesInProcess(ForkedBooter.java:428)
	at org.apache.maven.surefire.booter.ForkedBooter.execute(ForkedBooter.java:162)
	at org.apache.maven.surefire.booter.ForkedBooter.run(ForkedBooter.java:562)
	at org.apache.maven.surefire.booter.ForkedBooter.main(ForkedBooter.java:548)
]]></stackTrace>
    </rerunFailure>
    <rerunFailure type="java.lang.AssertionError">
      <stackTrace><![CDATA[java.lang.AssertionError
	at org.junit.Assert.fail(Assert.java:87)
	at org.junit.Assert.assertTrue(Assert.java:42)
	at org.junit.Assert.assertTrue(Assert.java:53)
	at org.apache.hadoop.hdds.scm.TestRatisPipelineLeader.testLeaderIdUsedOnFirstCall(TestRatisPipelineLeader.java:85)
	at sun.reflect.NativeMethodAccessorImpl.invoke0(Native Method)
	at sun.reflect.NativeMethodAccessorImpl.invoke(NativeMethodAccessorImpl.java:62)
	at sun.reflect.DelegatingMethodAccessorImpl.invoke(DelegatingMethodAccessorImpl.java:43)
	at java.lang.reflect.Method.invoke(Method.java:498)
	at org.junit.platform.commons.util.ReflectionUtils.invokeMethod(ReflectionUtils.java:688)
	at org.junit.jupiter.engine.execution.MethodInvocation.proceed(MethodInvocation.java:60)
	at org.junit.jupiter.engine.execution.InvocationInterceptorChain$ValidatingInvocation.proceed(InvocationInterceptorChain.java:131)
	at org.junit.jupiter.engine.extension.TimeoutInvocation.proceed(TimeoutInvocation.java:46)
	at org.junit.jupiter.engine.extension.TimeoutExtension.intercept(TimeoutExtension.java:149)
	at org.junit.jupiter.engine.extension.TimeoutExtension.interceptTestableMethod(TimeoutExtension.java:140)
	at org.junit.jupiter.engine.extension.TimeoutExtension.interceptTestMethod(TimeoutExtension.java:84)
	at org.junit.jupiter.engine.execution.ExecutableInvoker$ReflectiveInterceptorCall.lambda$ofVoidMethod$0(ExecutableInvoker.java:115)
	at org.junit.jupiter.engine.execution.ExecutableInvoker.lambda$invoke$0(ExecutableInvoker.java:105)
	at org.junit.jupiter.engine.execution.InvocationInterceptorChain$InterceptedInvocation.proceed(InvocationInterceptorChain.java:106)
	at org.junit.jupiter.engine.execution.InvocationInterceptorChain.proceed(InvocationInterceptorChain.java:64)
	at org.junit.jupiter.engine.execution.InvocationInterceptorChain.chainAndInvoke(InvocationInterceptorChain.java:45)
	at org.junit.jupiter.engine.execution.InvocationInterceptorChain.invoke(InvocationInterceptorChain.java:37)
	at org.junit.jupiter.engine.execution.ExecutableInvoker.invoke(ExecutableInvoker.java:104)
	at org.junit.jupiter.engine.execution.ExecutableInvoker.invoke(ExecutableInvoker.java:98)
	at org.junit.jupiter.engine.descriptor.TestMethodTestDescriptor.lambda$invokeTestMethod$6(TestMethodTestDescriptor.java:210)
	at org.junit.platform.engine.support.hierarchical.ThrowableCollector.execute(ThrowableCollector.java:73)
	at org.junit.jupiter.engine.descriptor.TestMethodTestDescriptor.invokeTestMethod(TestMethodTestDescriptor.java:206)
	at org.junit.jupiter.engine.descriptor.TestMethodTestDescriptor.execute(TestMethodTestDescriptor.java:131)
	at org.junit.jupiter.engine.descriptor.TestMethodTestDescriptor.execute(TestMethodTestDescriptor.java:65)
	at org.junit.platform.engine.support.hierarchical.NodeTestTask.lambda$executeRecursively$5(NodeTestTask.java:139)
	at org.junit.platform.engine.support.hierarchical.ThrowableCollector.execute(ThrowableCollector.java:73)
	at org.junit.platform.engine.support.hierarchical.NodeTestTask.lambda$executeRecursively$7(NodeTestTask.java:129)
	at org.junit.platform.engine.support.hierarchical.Node.around(Node.java:137)
	at org.junit.platform.engine.support.hierarchical.NodeTestTask.lambda$executeRecursively$8(NodeTestTask.java:127)
	at org.junit.platform.engine.support.hierarchical.ThrowableCollector.execute(ThrowableCollector.java:73)
	at org.junit.platform.engine.support.hierarchical.NodeTestTask.executeRecursively(NodeTestTask.java:126)
	at org.junit.platform.engine.support.hierarchical.NodeTestTask.execute(NodeTestTask.java:84)
	at java.util.ArrayList.forEach(ArrayList.java:1259)
	at org.junit.platform.engine.support.hierarchical.SameThreadHierarchicalTestExecutorService.invokeAll(SameThreadHierarchicalTestExecutorService.java:38)
	at org.junit.platform.engine.support.hierarchical.NodeTestTask.lambda$executeRecursively$5(NodeTestTask.java:143)
	at org.junit.platform.engine.support.hierarchical.ThrowableCollector.execute(ThrowableCollector.java:73)
	at org.junit.platform.engine.support.hierarchical.NodeTestTask.lambda$executeRecursively$7(NodeTestTask.java:129)
	at org.junit.platform.engine.support.hierarchical.Node.around(Node.java:137)
	at org.junit.platform.engine.support.hierarchical.NodeTestTask.lambda$executeRecursively$8(NodeTestTask.java:127)
	at org.junit.platform.engine.support.hierarchical.ThrowableCollector.execute(ThrowableCollector.java:73)
	at org.junit.platform.engine.support.hierarchical.NodeTestTask.executeRecursively(NodeTestTask.java:126)
	at org.junit.platform.engine.support.hierarchical.NodeTestTask.execute(NodeTestTask.java:84)
	at java.util.ArrayList.forEach(ArrayList.java:1259)
	at org.junit.platform.engine.support.hierarchical.SameThreadHierarchicalTestExecutorService.invokeAll(SameThreadHierarchicalTestExecutorService.java:38)
	at org.junit.platform.engine.support.hierarchical.NodeTestTask.lambda$executeRecursively$5(NodeTestTask.java:143)
	at org.junit.platform.engine.support.hierarchical.ThrowableCollector.execute(ThrowableCollector.java:73)
	at org.junit.platform.engine.support.hierarchical.NodeTestTask.lambda$executeRecursively$7(NodeTestTask.java:129)
	at org.junit.platform.engine.support.hierarchical.Node.around(Node.java:137)
	at org.junit.platform.engine.support.hierarchical.NodeTestTask.lambda$executeRecursively$8(NodeTestTask.java:127)
	at org.junit.platform.engine.support.hierarchical.ThrowableCollector.execute(ThrowableCollector.java:73)
	at org.junit.platform.engine.support.hierarchical.NodeTestTask.executeRecursively(NodeTestTask.java:126)
	at org.junit.platform.engine.support.hierarchical.NodeTestTask.execute(NodeTestTask.java:84)
	at org.junit.platform.engine.support.hierarchical.SameThreadHierarchicalTestExecutorService.submit(SameThreadHierarchicalTestExecutorService.java:32)
	at org.junit.platform.engine.support.hierarchical.HierarchicalTestExecutor.execute(HierarchicalTestExecutor.java:57)
	at org.junit.platform.engine.support.hierarchical.HierarchicalTestEngine.execute(HierarchicalTestEngine.java:51)
	at org.junit.platform.launcher.core.EngineExecutionOrchestrator.execute(EngineExecutionOrchestrator.java:108)
	at org.junit.platform.launcher.core.EngineExecutionOrchestrator.execute(EngineExecutionOrchestrator.java:88)
	at org.junit.platform.launcher.core.EngineExecutionOrchestrator.lambda$execute$0(EngineExecutionOrchestrator.java:54)
	at org.junit.platform.launcher.core.EngineExecutionOrchestrator.withInterceptedStreams(EngineExecutionOrchestrator.java:67)
	at org.junit.platform.launcher.core.EngineExecutionOrchestrator.execute(EngineExecutionOrchestrator.java:52)
	at org.junit.platform.launcher.core.DefaultLauncher.execute(DefaultLauncher.java:96)
	at org.junit.platform.launcher.core.DefaultLauncher.execute(DefaultLauncher.java:75)
	at org.apache.maven.surefire.junitplatform.JUnitPlatformProvider.invokeAllTests(JUnitPlatformProvider.java:165)
	at org.apache.maven.surefire.junitplatform.JUnitPlatformProvider.invoke(JUnitPlatformProvider.java:124)
	at org.apache.maven.surefire.booter.ForkedBooter.runSuitesInProcess(ForkedBooter.java:428)
	at org.apache.maven.surefire.booter.ForkedBooter.execute(ForkedBooter.java:162)
	at org.apache.maven.surefire.booter.ForkedBooter.run(ForkedBooter.java:562)
	at org.apache.maven.surefire.booter.ForkedBooter.main(ForkedBooter.java:548)
]]></stackTrace>
    </rerunFailure>
    <rerunFailure type="java.lang.AssertionError">
      <stackTrace><![CDATA[java.lang.AssertionError
	at org.junit.Assert.fail(Assert.java:87)
	at org.junit.Assert.assertTrue(Assert.java:42)
	at org.junit.Assert.assertTrue(Assert.java:53)
	at org.apache.hadoop.hdds.scm.TestRatisPipelineLeader.testLeaderIdUsedOnFirstCall(TestRatisPipelineLeader.java:85)
	at sun.reflect.NativeMethodAccessorImpl.invoke0(Native Method)
	at sun.reflect.NativeMethodAccessorImpl.invoke(NativeMethodAccessorImpl.java:62)
	at sun.reflect.DelegatingMethodAccessorImpl.invoke(DelegatingMethodAccessorImpl.java:43)
	at java.lang.reflect.Method.invoke(Method.java:498)
	at org.junit.platform.commons.util.ReflectionUtils.invokeMethod(ReflectionUtils.java:688)
	at org.junit.jupiter.engine.execution.MethodInvocation.proceed(MethodInvocation.java:60)
	at org.junit.jupiter.engine.execution.InvocationInterceptorChain$ValidatingInvocation.proceed(InvocationInterceptorChain.java:131)
	at org.junit.jupiter.engine.extension.TimeoutInvocation.proceed(TimeoutInvocation.java:46)
	at org.junit.jupiter.engine.extension.TimeoutExtension.intercept(TimeoutExtension.java:149)
	at org.junit.jupiter.engine.extension.TimeoutExtension.interceptTestableMethod(TimeoutExtension.java:140)
	at org.junit.jupiter.engine.extension.TimeoutExtension.interceptTestMethod(TimeoutExtension.java:84)
	at org.junit.jupiter.engine.execution.ExecutableInvoker$ReflectiveInterceptorCall.lambda$ofVoidMethod$0(ExecutableInvoker.java:115)
	at org.junit.jupiter.engine.execution.ExecutableInvoker.lambda$invoke$0(ExecutableInvoker.java:105)
	at org.junit.jupiter.engine.execution.InvocationInterceptorChain$InterceptedInvocation.proceed(InvocationInterceptorChain.java:106)
	at org.junit.jupiter.engine.execution.InvocationInterceptorChain.proceed(InvocationInterceptorChain.java:64)
	at org.junit.jupiter.engine.execution.InvocationInterceptorChain.chainAndInvoke(InvocationInterceptorChain.java:45)
	at org.junit.jupiter.engine.execution.InvocationInterceptorChain.invoke(InvocationInterceptorChain.java:37)
	at org.junit.jupiter.engine.execution.ExecutableInvoker.invoke(ExecutableInvoker.java:104)
	at org.junit.jupiter.engine.execution.ExecutableInvoker.invoke(ExecutableInvoker.java:98)
	at org.junit.jupiter.engine.descriptor.TestMethodTestDescriptor.lambda$invokeTestMethod$6(TestMethodTestDescriptor.java:210)
	at org.junit.platform.engine.support.hierarchical.ThrowableCollector.execute(ThrowableCollector.java:73)
	at org.junit.jupiter.engine.descriptor.TestMethodTestDescriptor.invokeTestMethod(TestMethodTestDescriptor.java:206)
	at org.junit.jupiter.engine.descriptor.TestMethodTestDescriptor.execute(TestMethodTestDescriptor.java:131)
	at org.junit.jupiter.engine.descriptor.TestMethodTestDescriptor.execute(TestMethodTestDescriptor.java:65)
	at org.junit.platform.engine.support.hierarchical.NodeTestTask.lambda$executeRecursively$5(NodeTestTask.java:139)
	at org.junit.platform.engine.support.hierarchical.ThrowableCollector.execute(ThrowableCollector.java:73)
	at org.junit.platform.engine.support.hierarchical.NodeTestTask.lambda$executeRecursively$7(NodeTestTask.java:129)
	at org.junit.platform.engine.support.hierarchical.Node.around(Node.java:137)
	at org.junit.platform.engine.support.hierarchical.NodeTestTask.lambda$executeRecursively$8(NodeTestTask.java:127)
	at org.junit.platform.engine.support.hierarchical.ThrowableCollector.execute(ThrowableCollector.java:73)
	at org.junit.platform.engine.support.hierarchical.NodeTestTask.executeRecursively(NodeTestTask.java:126)
	at org.junit.platform.engine.support.hierarchical.NodeTestTask.execute(NodeTestTask.java:84)
	at java.util.ArrayList.forEach(ArrayList.java:1259)
	at org.junit.platform.engine.support.hierarchical.SameThreadHierarchicalTestExecutorService.invokeAll(SameThreadHierarchicalTestExecutorService.java:38)
	at org.junit.platform.engine.support.hierarchical.NodeTestTask.lambda$executeRecursively$5(NodeTestTask.java:143)
	at org.junit.platform.engine.support.hierarchical.ThrowableCollector.execute(ThrowableCollector.java:73)
	at org.junit.platform.engine.support.hierarchical.NodeTestTask.lambda$executeRecursively$7(NodeTestTask.java:129)
	at org.junit.platform.engine.support.hierarchical.Node.around(Node.java:137)
	at org.junit.platform.engine.support.hierarchical.NodeTestTask.lambda$executeRecursively$8(NodeTestTask.java:127)
	at org.junit.platform.engine.support.hierarchical.ThrowableCollector.execute(ThrowableCollector.java:73)
	at org.junit.platform.engine.support.hierarchical.NodeTestTask.executeRecursively(NodeTestTask.java:126)
	at org.junit.platform.engine.support.hierarchical.NodeTestTask.execute(NodeTestTask.java:84)
	at java.util.ArrayList.forEach(ArrayList.java:1259)
	at org.junit.platform.engine.support.hierarchical.SameThreadHierarchicalTestExecutorService.invokeAll(SameThreadHierarchicalTestExecutorService.java:38)
	at org.junit.platform.engine.support.hierarchical.NodeTestTask.lambda$executeRecursively$5(NodeTestTask.java:143)
	at org.junit.platform.engine.support.hierarchical.ThrowableCollector.execute(ThrowableCollector.java:73)
	at org.junit.platform.engine.support.hierarchical.NodeTestTask.lambda$executeRecursively$7(NodeTestTask.java:129)
	at org.junit.platform.engine.support.hierarchical.Node.around(Node.java:137)
	at org.junit.platform.engine.support.hierarchical.NodeTestTask.lambda$executeRecursively$8(NodeTestTask.java:127)
	at org.junit.platform.engine.support.hierarchical.ThrowableCollector.execute(ThrowableCollector.java:73)
	at org.junit.platform.engine.support.hierarchical.NodeTestTask.executeRecursively(NodeTestTask.java:126)
	at org.junit.platform.engine.support.hierarchical.NodeTestTask.execute(NodeTestTask.java:84)
	at org.junit.platform.engine.support.hierarchical.SameThreadHierarchicalTestExecutorService.submit(SameThreadHierarchicalTestExecutorService.java:32)
	at org.junit.platform.engine.support.hierarchical.HierarchicalTestExecutor.execute(HierarchicalTestExecutor.java:57)
	at org.junit.platform.engine.support.hierarchical.HierarchicalTestEngine.execute(HierarchicalTestEngine.java:51)
	at org.junit.platform.launcher.core.EngineExecutionOrchestrator.execute(EngineExecutionOrchestrator.java:108)
	at org.junit.platform.launcher.core.EngineExecutionOrchestrator.execute(EngineExecutionOrchestrator.java:88)
	at org.junit.platform.launcher.core.EngineExecutionOrchestrator.lambda$execute$0(EngineExecutionOrchestrator.java:54)
	at org.junit.platform.launcher.core.EngineExecutionOrchestrator.withInterceptedStreams(EngineExecutionOrchestrator.java:67)
	at org.junit.platform.launcher.core.EngineExecutionOrchestrator.execute(EngineExecutionOrchestrator.java:52)
	at org.junit.platform.launcher.core.DefaultLauncher.execute(DefaultLauncher.java:96)
	at org.junit.platform.launcher.core.DefaultLauncher.execute(DefaultLauncher.java:75)
	at org.apache.maven.surefire.junitplatform.JUnitPlatformProvider.invokeAllTests(JUnitPlatformProvider.java:165)
	at org.apache.maven.surefire.junitplatform.JUnitPlatformProvider.invoke(JUnitPlatformProvider.java:124)
	at org.apache.maven.surefire.booter.ForkedBooter.runSuitesInProcess(ForkedBooter.java:428)
	at org.apache.maven.surefire.booter.ForkedBooter.execute(ForkedBooter.java:162)
	at org.apache.maven.surefire.booter.ForkedBooter.run(ForkedBooter.java:562)
	at org.apache.maven.surefire.booter.ForkedBooter.main(ForkedBooter.java:548)
]]></stackTrace>
    </rerunFailure>
  </testcase>
</testsuite>