<?xml version="1.0" encoding="UTF-8"?>
<testsuite xmlns:xsi="http://www.w3.org/2001/XMLSchema-instance" xsi:noNamespaceSchemaLocation="https://maven.apache.org/surefire/maven-surefire-plugin/xsd/surefire-test-report.xsd" name="org.apache.hadoop.ozone.TestMiniOzoneCluster" time="149.359" tests="5" errors="1" skipped="0" failures="0">
  <properties>
    <property name="awt.toolkit" value="sun.awt.X11.XToolkit"/>
    <property name="file.encoding.pkg" value="sun.io"/>
    <property name="java.specification.version" value="1.8"/>
    <property name="sun.cpu.isalist" value=""/>
    <property name="sun.jnu.encoding" value="UTF-8"/>
    <property name="java.class.path" value="/home/runner/work/ozone/ozone/mnt/ozone/hadoop-ozone/integration-test/target/test-classes:/home/runner/work/ozone/ozone/mnt/ozone/hadoop-ozone/integration-test/target/classes:/home/runner/.m2/repository/org/apache/ozone/ozone-common/1.2.0-SNAPSHOT/ozone-common-1.2.0-SNAPSHOT.jar:/home/runner/.m2/repository/org/apache/commons/commons-compress/1.20/commons-compress-1.20.jar:/home/runner/.m2/repository/org/apache/ozone/hdds-common/1.2.0-SNAPSHOT/hdds-common-1.2.0-SNAPSHOT.jar:/home/runner/.m2/repository/org/apache/ozone/hdds-client/1.2.0-SNAPSHOT/hdds-client-1.2.0-SNAPSHOT.jar:/home/runner/.m2/repository/org/apache/ozone/ozone-interface-client/1.2.0-SNAPSHOT/ozone-interface-client-1.2.0-SNAPSHOT.jar:/home/runner/.m2/repository/org/apache/ozone/hdds-test-utils/1.2.0-SNAPSHOT/hdds-test-utils-1.2.0-SNAPSHOT.jar:/home/runner/.m2/repository/com/google/guava/guava/30.1.1-jre/guava-30.1.1-jre.jar:/home/runner/.m2/repository/com/google/guava/failureaccess/1.0.1/failureaccess-1.0.1.jar:/home/runner/.m2/repository/com/google/guava/listenablefuture/9999.0-empty-to-avoid-conflict-with-guava/listenablefuture-9999.0-empty-to-avoid-conflict-with-guava.jar:/home/runner/.m2/repository/com/google/code/findbugs/jsr305/3.0.0/jsr305-3.0.0.jar:/home/runner/.m2/repository/org/checkerframework/checker-qual/3.8.0/checker-qual-3.8.0.jar:/home/runner/.m2/repository/com/google/errorprone/error_prone_annotations/2.2.0/error_prone_annotations-2.2.0.jar:/home/runner/.m2/repository/com/google/j2objc/j2objc-annotations/1.3/j2objc-annotations-1.3.jar:/home/runner/.m2/repository/commons-io/commons-io/2.8.0/commons-io-2.8.0.jar:/home/runner/.m2/repository/commons-logging/commons-logging/1.2/commons-logging-1.2.jar:/home/runner/.m2/repository/log4j/log4j/1.2.17/log4j-1.2.17.jar:/home/runner/.m2/repository/org/slf4j/slf4j-api/1.7.30/slf4j-api-1.7.30.jar:/home/runner/.m2/repository/org/apache/ozone/hdds-server-scm/1.2.0-SNAPSHOT/hdds-server-scm-1.2.0-SNAPSHOT.jar:/home/runner/.m2/repository/org/apache/ozone/hdds-container-service/1.2.0-SNAPSHOT/hdds-container-service-1.2.0-SNAPSHOT.jar:/home/runner/.m2/repository/org/apache/ozone/hdds-hadoop-dependency-server/1.2.0-SNAPSHOT/hdds-hadoop-dependency-server-1.2.0-SNAPSHOT.jar:/home/runner/.m2/repository/org/apache/hadoop/hadoop-hdfs/3.2.2/hadoop-hdfs-3.2.2.jar:/home/runner/.m2/repository/org/apache/ozone/hdds-server-framework/1.2.0-SNAPSHOT/hdds-server-framework-1.2.0-SNAPSHOT.jar:/home/runner/.m2/repository/org/apache/ozone/hdds-interface-server/1.2.0-SNAPSHOT/hdds-interface-server-1.2.0-SNAPSHOT.jar:/home/runner/.m2/repository/org/eclipse/jetty/jetty-servlet/9.4.35.v20201120/jetty-servlet-9.4.35.v20201120.jar:/home/runner/.m2/repository/org/eclipse/jetty/jetty-security/9.4.35.v20201120/jetty-security-9.4.35.v20201120.jar:/home/runner/.m2/repository/org/rocksdb/rocksdbjni/6.20.3/rocksdbjni-6.20.3.jar:/home/runner/.m2/repository/io/prometheus/simpleclient_dropwizard/0.7.0/simpleclient_dropwizard-0.7.0.jar:/home/runner/.m2/repository/io/prometheus/simpleclient/0.7.0/simpleclient-0.7.0.jar:/home/runner/.m2/repository/io/prometheus/simpleclient_common/0.7.0/simpleclient_common-0.7.0.jar:/home/runner/.m2/repository/com/fasterxml/jackson/datatype/jackson-datatype-jsr310/2.12.1/jackson-datatype-jsr310-2.12.1.jar:/home/runner/.m2/repository/io/dropwizard/metrics/metrics-core/3.2.4/metrics-core-3.2.4.jar:/home/runner/.m2/repository/org/apache/hadoop/hadoop-hdfs-client/3.2.2/hadoop-hdfs-client-3.2.2.jar:/home/runner/.m2/repository/org/bouncycastle/bcprov-jdk15on/1.67/bcprov-jdk15on-1.67.jar:/home/runner/.m2/repository/com/google/protobuf/protobuf-java/2.5.0/protobuf-java-2.5.0.jar:/home/runner/.m2/repository/org/apache/ozone/ozone-manager/1.2.0-SNAPSHOT/ozone-manager-1.2.0-SNAPSHOT.jar:/home/runner/.m2/repository/org/apache/ozone/hdds-interface-client/1.2.0-SNAPSHOT/hdds-interface-client-1.2.0-SNAPSHOT.jar:/home/runner/.m2/repository/org/apache/ratis/ratis-thirdparty-misc/0.7.0-a398b19-SNAPSHOT/ratis-thirdparty-misc-0.7.0-a398b19-SNAPSHOT.jar:/home/runner/.m2/repository/org/apache/ozone/ozone-interface-storage/1.2.0-SNAPSHOT/ozone-interface-storage-1.2.0-SNAPSHOT.jar:/home/runner/.m2/repository/org/apache/hadoop/hadoop-minikdc/3.2.2/hadoop-minikdc-3.2.2.jar:/home/runner/.m2/repository/org/apache/kerby/kerb-simplekdc/1.0.1/kerb-simplekdc-1.0.1.jar:/home/runner/.m2/repository/org/apache/kerby/kerb-client/1.0.1/kerb-client-1.0.1.jar:/home/runner/.m2/repository/org/apache/kerby/kerby-config/1.0.1/kerby-config-1.0.1.jar:/home/runner/.m2/repository/org/apache/kerby/kerb-core/1.0.1/kerb-core-1.0.1.jar:/home/runner/.m2/repository/org/apache/kerby/kerby-pkix/1.0.1/kerby-pkix-1.0.1.jar:/home/runner/.m2/repository/org/apache/kerby/kerby-asn1/1.0.1/kerby-asn1-1.0.1.jar:/home/runner/.m2/repository/org/apache/kerby/kerby-util/1.0.1/kerby-util-1.0.1.jar:/home/runner/.m2/repository/org/apache/kerby/kerb-common/1.0.1/kerb-common-1.0.1.jar:/home/runner/.m2/repository/org/apache/kerby/kerb-crypto/1.0.1/kerb-crypto-1.0.1.jar:/home/runner/.m2/repository/org/apache/kerby/kerb-util/1.0.1/kerb-util-1.0.1.jar:/home/runner/.m2/repository/org/apache/kerby/token-provider/1.0.1/token-provider-1.0.1.jar:/home/runner/.m2/repository/org/apache/kerby/kerb-admin/1.0.1/kerb-admin-1.0.1.jar:/home/runner/.m2/repository/org/apache/kerby/kerb-server/1.0.1/kerb-server-1.0.1.jar:/home/runner/.m2/repository/org/apache/kerby/kerb-identity/1.0.1/kerb-identity-1.0.1.jar:/home/runner/.m2/repository/org/apache/kerby/kerby-xdr/1.0.1/kerby-xdr-1.0.1.jar:/home/runner/.m2/repository/org/slf4j/slf4j-log4j12/1.7.30/slf4j-log4j12-1.7.30.jar:/home/runner/.m2/repository/org/apache/ozone/ozone-s3gateway/1.2.0-SNAPSHOT/ozone-s3gateway-1.2.0-SNAPSHOT.jar:/home/runner/.m2/repository/org/jboss/weld/servlet/weld-servlet/2.4.7.Final/weld-servlet-2.4.7.Final.jar:/home/runner/.m2/repository/org/glassfish/jersey/containers/jersey-container-servlet-core/2.33/jersey-container-servlet-core-2.33.jar:/home/runner/.m2/repository/org/glassfish/hk2/external/jakarta.inject/2.6.1/jakarta.inject-2.6.1.jar:/home/runner/.m2/repository/org/glassfish/jersey/core/jersey-common/2.33/jersey-common-2.33.jar:/home/runner/.m2/repository/jakarta/ws/rs/jakarta.ws.rs-api/2.1.6/jakarta.ws.rs-api-2.1.6.jar:/home/runner/.m2/repository/org/glassfish/jersey/ext/cdi/jersey-cdi1x/2.33/jersey-cdi1x-2.33.jar:/home/runner/.m2/repository/org/glassfish/jersey/inject/jersey-hk2/2.33/jersey-hk2-2.33.jar:/home/runner/.m2/repository/org/glassfish/hk2/hk2-locator/2.6.1/hk2-locator-2.6.1.jar:/home/runner/.m2/repository/org/javassist/javassist/3.25.0-GA/javassist-3.25.0-GA.jar:/home/runner/.m2/repository/org/glassfish/jersey/media/jersey-media-jaxb/2.33/jersey-media-jaxb-2.33.jar:/home/runner/.m2/repository/org/glassfish/hk2/osgi-resource-locator/1.0.3/osgi-resource-locator-1.0.3.jar:/home/runner/.m2/repository/org/glassfish/hk2/hk2-api/2.5.0/hk2-api-2.5.0.jar:/home/runner/.m2/repository/org/glassfish/hk2/hk2-utils/2.5.0/hk2-utils-2.5.0.jar:/home/runner/.m2/repository/org/glassfish/hk2/external/aopalliance-repackaged/2.5.0/aopalliance-repackaged-2.5.0.jar:/home/runner/.m2/repository/com/fasterxml/jackson/dataformat/jackson-dataformat-xml/2.12.1/jackson-dataformat-xml-2.12.1.jar:/home/runner/.m2/repository/com/fasterxml/jackson/core/jackson-core/2.12.1/jackson-core-2.12.1.jar:/home/runner/.m2/repository/com/fasterxml/jackson/module/jackson-module-jaxb-annotations/2.12.1/jackson-module-jaxb-annotations-2.12.1.jar:/home/runner/.m2/repository/jakarta/xml/bind/jakarta.xml.bind-api/2.3.2/jakarta.xml.bind-api-2.3.2.jar:/home/runner/.m2/repository/jakarta/activation/jakarta.activation-api/1.2.1/jakarta.activation-api-1.2.1.jar:/home/runner/.m2/repository/org/codehaus/woodstox/stax2-api/3.1.4/stax2-api-3.1.4.jar:/home/runner/.m2/repository/com/fasterxml/woodstox/woodstox-core/5.0.3/woodstox-core-5.0.3.jar:/home/runner/.m2/repository/javax/enterprise/cdi-api/1.2/cdi-api-1.2.jar:/home/runner/.m2/repository/javax/el/javax.el-api/3.0.0/javax.el-api-3.0.0.jar:/home/runner/.m2/repository/javax/interceptor/javax.interceptor-api/1.2/javax.interceptor-api-1.2.jar:/home/runner/.m2/repository/javax/inject/javax.inject/1/javax.inject-1.jar:/home/runner/.m2/repository/javax/xml/bind/jaxb-api/2.3.0/jaxb-api-2.3.0.jar:/home/runner/.m2/repository/org/glassfish/jaxb/jaxb-runtime/2.3.0.1/jaxb-runtime-2.3.0.1.jar:/home/runner/.m2/repository/org/glassfish/jaxb/jaxb-core/2.3.0.1/jaxb-core-2.3.0.1.jar:/home/runner/.m2/repository/org/glassfish/jaxb/txw2/2.3.0.1/txw2-2.3.0.1.jar:/home/runner/.m2/repository/com/sun/istack/istack-commons-runtime/3.0.5/istack-commons-runtime-3.0.5.jar:/home/runner/.m2/repository/org/jvnet/staxex/stax-ex/1.7.8/stax-ex-1.7.8.jar:/home/runner/.m2/repository/com/sun/xml/fastinfoset/FastInfoset/1.2.13/FastInfoset-1.2.13.jar:/home/runner/.m2/repository/javax/activation/activation/1.1.1/activation-1.1.1.jar:/home/runner/.m2/repository/org/apache/ozone/ozone-csi/1.2.0-SNAPSHOT/ozone-csi-1.2.0-SNAPSHOT.jar:/home/runner/.m2/repository/com/google/protobuf/protobuf-java-util/3.12.0/protobuf-java-util-3.12.0.jar:/home/runner/.m2/repository/com/google/code/gson/gson/2.2.4/gson-2.2.4.jar:/home/runner/.m2/repository/org/apache/ozone/hdds-config/1.2.0-SNAPSHOT/hdds-config-1.2.0-SNAPSHOT.jar:/home/runner/.m2/repository/io/grpc/grpc-netty/1.33.0/grpc-netty-1.33.0.jar:/home/runner/.m2/repository/io/grpc/grpc-core/1.33.0/grpc-core-1.33.0.jar:/home/runner/.m2/repository/com/google/android/annotations/4.1.1.4/annotations-4.1.1.4.jar:/home/runner/.m2/repository/io/netty/netty-codec-http2/4.1.63.Final/netty-codec-http2-4.1.63.Final.jar:/home/runner/.m2/repository/io/netty/netty-codec-http/4.1.63.Final/netty-codec-http-4.1.63.Final.jar:/home/runner/.m2/repository/io/netty/netty-handler-proxy/4.1.63.Final/netty-handler-proxy-4.1.63.Final.jar:/home/runner/.m2/repository/io/netty/netty-codec-socks/4.1.63.Final/netty-codec-socks-4.1.63.Final.jar:/home/runner/.m2/repository/io/perfmark/perfmark-api/0.19.0/perfmark-api-0.19.0.jar:/home/runner/.m2/repository/org/codehaus/mojo/animal-sniffer-annotations/1.18/animal-sniffer-annotations-1.18.jar:/home/runner/.m2/repository/io/netty/netty-transport-native-epoll/4.1.63.Final/netty-transport-native-epoll-4.1.63.Final.jar:/home/runner/.m2/repository/io/netty/netty-common/4.1.63.Final/netty-common-4.1.63.Final.jar:/home/runner/.m2/repository/io/netty/netty-buffer/4.1.63.Final/netty-buffer-4.1.63.Final.jar:/home/runner/.m2/repository/io/netty/netty-transport-native-unix-common/4.1.63.Final/netty-transport-native-unix-common-4.1.63.Final.jar:/home/runner/.m2/repository/io/grpc/grpc-protobuf/1.33.0/grpc-protobuf-1.33.0.jar:/home/runner/.m2/repository/io/grpc/grpc-api/1.33.0/grpc-api-1.33.0.jar:/home/runner/.m2/repository/io/grpc/grpc-context/1.33.0/grpc-context-1.33.0.jar:/home/runner/.m2/repository/com/google/api/grpc/proto-google-common-protos/1.17.0/proto-google-common-protos-1.17.0.jar:/home/runner/.m2/repository/io/grpc/grpc-protobuf-lite/1.33.0/grpc-protobuf-lite-1.33.0.jar:/home/runner/.m2/repository/io/grpc/grpc-stub/1.33.0/grpc-stub-1.33.0.jar:/home/runner/.m2/repository/org/apache/ozone/ozone-recon/1.2.0-SNAPSHOT/ozone-recon-1.2.0-SNAPSHOT.jar:/home/runner/.m2/repository/org/apache/ozone/ozone-reconcodegen/1.2.0-SNAPSHOT/ozone-reconcodegen-1.2.0-SNAPSHOT.jar:/home/runner/.m2/repository/com/google/inject/extensions/guice-multibindings/4.0/guice-multibindings-4.0.jar:/home/runner/.m2/repository/com/google/inject/guice/4.0/guice-4.0.jar:/home/runner/.m2/repository/aopalliance/aopalliance/1.0/aopalliance-1.0.jar:/home/runner/.m2/repository/com/google/inject/extensions/guice-assistedinject/4.0/guice-assistedinject-4.0.jar:/home/runner/.m2/repository/com/google/inject/extensions/guice-servlet/4.0/guice-servlet-4.0.jar:/home/runner/.m2/repository/org/glassfish/jersey/containers/jersey-container-servlet/2.33/jersey-container-servlet-2.33.jar:/home/runner/.m2/repository/org/glassfish/hk2/guice-bridge/2.5.0/guice-bridge-2.5.0.jar:/home/runner/.m2/repository/org/glassfish/jersey/core/jersey-server/2.33/jersey-server-2.33.jar:/home/runner/.m2/repository/org/glassfish/jersey/core/jersey-client/2.33/jersey-client-2.33.jar:/home/runner/.m2/repository/jakarta/annotation/jakarta.annotation-api/1.3.5/jakarta.annotation-api-1.3.5.jar:/home/runner/.m2/repository/jakarta/validation/jakarta.validation-api/2.0.2/jakarta.validation-api-2.0.2.jar:/home/runner/.m2/repository/org/glassfish/jersey/media/jersey-media-json-jackson/2.33/jersey-media-json-jackson-2.33.jar:/home/runner/.m2/repository/org/glassfish/jersey/ext/jersey-entity-filtering/2.33/jersey-entity-filtering-2.33.jar:/home/runner/.m2/repository/org/jooq/jooq/3.11.10/jooq-3.11.10.jar:/home/runner/.m2/repository/org/jooq/jooq-meta/3.11.10/jooq-meta-3.11.10.jar:/home/runner/.m2/repository/org/jooq/jooq-codegen/3.11.10/jooq-codegen-3.11.10.jar:/home/runner/.m2/repository/com/jolbox/bonecp/0.8.0.RELEASE/bonecp-0.8.0.RELEASE.jar:/home/runner/.m2/repository/org/apache/derby/derby/10.14.2.0/derby-10.14.2.0.jar:/home/runner/.m2/repository/org/xerial/sqlite-jdbc/3.25.2/sqlite-jdbc-3.25.2.jar:/home/runner/.m2/repository/org/springframework/spring-jdbc/5.2.11.RELEASE/spring-jdbc-5.2.11.RELEASE.jar:/home/runner/.m2/repository/org/springframework/spring-beans/5.2.11.RELEASE/spring-beans-5.2.11.RELEASE.jar:/home/runner/.m2/repository/org/springframework/spring-core/5.2.11.RELEASE/spring-core-5.2.11.RELEASE.jar:/home/runner/.m2/repository/org/springframework/spring-jcl/5.2.11.RELEASE/spring-jcl-5.2.11.RELEASE.jar:/home/runner/.m2/repository/org/springframework/spring-tx/5.2.11.RELEASE/spring-tx-5.2.11.RELEASE.jar:/home/runner/.m2/repository/org/apache/ozone/ozone-client/1.2.0-SNAPSHOT/ozone-client-1.2.0-SNAPSHOT.jar:/home/runner/.m2/repository/org/apache/ozone/ozone-filesystem/1.2.0-SNAPSHOT/ozone-filesystem-1.2.0-SNAPSHOT.jar:/home/runner/.m2/repository/org/apache/ozone/ozone-filesystem-common/1.2.0-SNAPSHOT/ozone-filesystem-common-1.2.0-SNAPSHOT.jar:/home/runner/.m2/repository/org/apache/ozone/ozone-tools/1.2.0-SNAPSHOT/ozone-tools-1.2.0-SNAPSHOT.jar:/home/runner/.m2/repository/org/apache/ratis/ratis-tools/2.1.0-ff8aa66-SNAPSHOT/ratis-tools-2.1.0-ff8aa66-SNAPSHOT.jar:/home/runner/.m2/repository/org/apache/ratis/ratis-proto/2.1.0-ff8aa66-SNAPSHOT/ratis-proto-2.1.0-ff8aa66-SNAPSHOT.jar:/home/runner/.m2/repository/org/apache/ratis/ratis-common/2.1.0-ff8aa66-SNAPSHOT/ratis-common-2.1.0-ff8aa66-SNAPSHOT.jar:/home/runner/.m2/repository/com/amazonaws/aws-java-sdk-core/1.11.901/aws-java-sdk-core-1.11.901.jar:/home/runner/.m2/repository/org/apache/httpcomponents/httpclient/4.5.13/httpclient-4.5.13.jar:/home/runner/.m2/repository/org/apache/httpcomponents/httpcore/4.4.13/httpcore-4.4.13.jar:/home/runner/.m2/repository/software/amazon/ion/ion-java/1.0.2/ion-java-1.0.2.jar:/home/runner/.m2/repository/com/fasterxml/jackson/dataformat/jackson-dataformat-cbor/2.12.1/jackson-dataformat-cbor-2.12.1.jar:/home/runner/.m2/repository/joda-time/joda-time/2.8.1/joda-time-2.8.1.jar:/home/runner/.m2/repository/com/amazonaws/aws-java-sdk-s3/1.11.901/aws-java-sdk-s3-1.11.901.jar:/home/runner/.m2/repository/com/amazonaws/aws-java-sdk-kms/1.11.901/aws-java-sdk-kms-1.11.901.jar:/home/runner/.m2/repository/com/amazonaws/jmespath-java/1.11.901/jmespath-java-1.11.901.jar:/home/runner/.m2/repository/org/kohsuke/metainf-services/metainf-services/1.8/metainf-services-1.8.jar:/home/runner/.m2/repository/org/apache/ozone/hdds-tools/1.2.0-SNAPSHOT/hdds-tools-1.2.0-SNAPSHOT.jar:/home/runner/.m2/repository/commons-cli/commons-cli/1.2/commons-cli-1.2.jar:/home/runner/.m2/repository/org/apache/commons/commons-lang3/3.7/commons-lang3-3.7.jar:/home/runner/.m2/repository/org/apache/ozone/ozone-manager/1.2.0-SNAPSHOT/ozone-manager-1.2.0-SNAPSHOT-tests.jar:/home/runner/.m2/repository/org/apache/ozone/hdds-common/1.2.0-SNAPSHOT/hdds-common-1.2.0-SNAPSHOT-tests.jar:/home/runner/.m2/repository/org/apache/ozone/hdds-hadoop-dependency-client/1.2.0-SNAPSHOT/hdds-hadoop-dependency-client-1.2.0-SNAPSHOT.jar:/home/runner/.m2/repository/info/picocli/picocli/4.4.0/picocli-4.4.0.jar:/home/runner/.m2/repository/com/fasterxml/jackson/core/jackson-annotations/2.12.1/jackson-annotations-2.12.1.jar:/home/runner/.m2/repository/javax/annotation/javax.annotation-api/1.2/javax.annotation-api-1.2.jar:/home/runner/.m2/repository/org/apache/ratis/ratis-server/2.1.0-ff8aa66-SNAPSHOT/ratis-server-2.1.0-ff8aa66-SNAPSHOT.jar:/home/runner/.m2/repository/org/apache/ratis/ratis-client/2.1.0-ff8aa66-SNAPSHOT/ratis-client-2.1.0-ff8aa66-SNAPSHOT.jar:/home/runner/.m2/repository/org/apache/ratis/ratis-server-api/2.1.0-ff8aa66-SNAPSHOT/ratis-server-api-2.1.0-ff8aa66-SNAPSHOT.jar:/home/runner/.m2/repository/org/apache/ratis/ratis-metrics/2.1.0-ff8aa66-SNAPSHOT/ratis-metrics-2.1.0-ff8aa66-SNAPSHOT.jar:/home/runner/.m2/repository/org/apache/ratis/ratis-netty/2.1.0-ff8aa66-SNAPSHOT/ratis-netty-2.1.0-ff8aa66-SNAPSHOT.jar:/home/runner/.m2/repository/org/apache/ratis/ratis-grpc/2.1.0-ff8aa66-SNAPSHOT/ratis-grpc-2.1.0-ff8aa66-SNAPSHOT.jar:/home/runner/.m2/repository/org/apache/logging/log4j/log4j-api/2.13.3/log4j-api-2.13.3.jar:/home/runner/.m2/repository/org/apache/logging/log4j/log4j-core/2.13.3/log4j-core-2.13.3.jar:/home/runner/.m2/repository/com/lmax/disruptor/3.4.2/disruptor-3.4.2.jar:/home/runner/.m2/repository/org/apache/commons/commons-pool2/2.6.0/commons-pool2-2.6.0.jar:/home/runner/.m2/repository/org/bouncycastle/bcpkix-jdk15on/1.67/bcpkix-jdk15on-1.67.jar:/home/runner/.m2/repository/commons-validator/commons-validator/1.6/commons-validator-1.6.jar:/home/runner/.m2/repository/commons-beanutils/commons-beanutils/1.9.4/commons-beanutils-1.9.4.jar:/home/runner/.m2/repository/commons-digester/commons-digester/1.8.1/commons-digester-1.8.1.jar:/home/runner/.m2/repository/commons-collections/commons-collections/3.2.2/commons-collections-3.2.2.jar:/home/runner/.m2/repository/io/jaegertracing/jaeger-client/1.6.0/jaeger-client-1.6.0.jar:/home/runner/.m2/repository/io/jaegertracing/jaeger-thrift/1.6.0/jaeger-thrift-1.6.0.jar:/home/runner/.m2/repository/org/apache/thrift/libthrift/0.14.1/libthrift-0.14.1.jar:/home/runner/.m2/repository/com/squareup/okhttp3/okhttp/4.9.0/okhttp-4.9.0.jar:/home/runner/.m2/repository/com/squareup/okio/okio/2.8.0/okio-2.8.0.jar:/home/runner/.m2/repository/io/jaegertracing/jaeger-core/1.6.0/jaeger-core-1.6.0.jar:/home/runner/.m2/repository/io/jaegertracing/jaeger-tracerresolver/1.6.0/jaeger-tracerresolver-1.6.0.jar:/home/runner/.m2/repository/io/opentracing/contrib/opentracing-tracerresolver/0.1.8/opentracing-tracerresolver-0.1.8.jar:/home/runner/.m2/repository/org/jetbrains/kotlin/kotlin-stdlib/1.4.31/kotlin-stdlib-1.4.31.jar:/home/runner/.m2/repository/org/jetbrains/kotlin/kotlin-stdlib-common/1.4.31/kotlin-stdlib-common-1.4.31.jar:/home/runner/.m2/repository/org/jetbrains/annotations/13.0/annotations-13.0.jar:/home/runner/.m2/repository/io/opentracing/opentracing-util/0.33.0/opentracing-util-0.33.0.jar:/home/runner/.m2/repository/io/opentracing/opentracing-api/0.33.0/opentracing-api-0.33.0.jar:/home/runner/.m2/repository/io/opentracing/opentracing-noop/0.33.0/opentracing-noop-0.33.0.jar:/home/runner/.m2/repository/org/yaml/snakeyaml/1.26/snakeyaml-1.26.jar:/home/runner/.m2/repository/org/apache/ozone/hdds-interface-admin/1.2.0-SNAPSHOT/hdds-interface-admin-1.2.0-SNAPSHOT.jar:/home/runner/.m2/repository/junit/junit/4.13.1/junit-4.13.1.jar:/home/runner/.m2/repository/org/hamcrest/hamcrest-core/1.3/hamcrest-core-1.3.jar:/home/runner/.m2/repository/org/junit/jupiter/junit-jupiter-api/5.7.0/junit-jupiter-api-5.7.0.jar:/home/runner/.m2/repository/org/apiguardian/apiguardian-api/1.1.0/apiguardian-api-1.1.0.jar:/home/runner/.m2/repository/org/opentest4j/opentest4j/1.2.0/opentest4j-1.2.0.jar:/home/runner/.m2/repository/org/junit/platform/junit-platform-commons/1.7.0/junit-platform-commons-1.7.0.jar:/home/runner/.m2/repository/org/junit/jupiter/junit-jupiter-engine/5.7.0/junit-jupiter-engine-5.7.0.jar:/home/runner/.m2/repository/org/junit/platform/junit-platform-engine/1.7.0/junit-platform-engine-1.7.0.jar:/home/runner/.m2/repository/org/junit/vintage/junit-vintage-engine/5.7.0/junit-vintage-engine-5.7.0.jar:/home/runner/.m2/repository/org/junit/platform/junit-platform-launcher/1.7.0/junit-platform-launcher-1.7.0.jar:/home/runner/.m2/repository/org/openjdk/jmh/jmh-core/1.19/jmh-core-1.19.jar:/home/runner/.m2/repository/net/sf/jopt-simple/jopt-simple/4.6/jopt-simple-4.6.jar:/home/runner/.m2/repository/org/apache/commons/commons-math3/3.1.1/commons-math3-3.1.1.jar:/home/runner/.m2/repository/org/openjdk/jmh/jmh-generator-annprocess/1.19/jmh-generator-annprocess-1.19.jar:/home/runner/.m2/repository/org/mockito/mockito-all/1.8.5/mockito-all-1.8.5.jar:/home/runner/.m2/repository/org/apache/hadoop/hadoop-kms/3.2.2/hadoop-kms-3.2.2.jar:/home/runner/.m2/repository/org/apache/hadoop/hadoop-auth/3.2.2/hadoop-auth-3.2.2.jar:/home/runner/.m2/repository/com/nimbusds/nimbus-jose-jwt/7.9/nimbus-jose-jwt-7.9.jar:/home/runner/.m2/repository/com/github/stephenc/jcip/jcip-annotations/1.0-1/jcip-annotations-1.0-1.jar:/home/runner/.m2/repository/net/minidev/json-smart/2.3/json-smart-2.3.jar:/home/runner/.m2/repository/net/minidev/accessors-smart/1.2/accessors-smart-1.2.jar:/home/runner/.m2/repository/org/ow2/asm/asm/5.0.4/asm-5.0.4.jar:/home/runner/.m2/repository/org/apache/zookeeper/zookeeper/3.4.13/zookeeper-3.4.13.jar:/home/runner/.m2/repository/org/apache/yetus/audience-annotations/0.5.0/audience-annotations-0.5.0.jar:/home/runner/.m2/repository/org/apache/curator/curator-framework/2.13.0/curator-framework-2.13.0.jar:/home/runner/.m2/repository/com/sun/jersey/jersey-core/1.19/jersey-core-1.19.jar:/home/runner/.m2/repository/javax/ws/rs/jsr311-api/1.1.1/jsr311-api-1.1.1.jar:/home/runner/.m2/repository/com/sun/jersey/jersey-server/1.19/jersey-server-1.19.jar:/home/runner/.m2/repository/javax/servlet/javax.servlet-api/3.1.0/javax.servlet-api-3.1.0.jar:/home/runner/.m2/repository/org/eclipse/jetty/jetty-server/9.4.35.v20201120/jetty-server-9.4.35.v20201120.jar:/home/runner/.m2/repository/org/eclipse/jetty/jetty-http/9.4.35.v20201120/jetty-http-9.4.35.v20201120.jar:/home/runner/.m2/repository/org/eclipse/jetty/jetty-io/9.4.35.v20201120/jetty-io-9.4.35.v20201120.jar:/home/runner/.m2/repository/org/eclipse/jetty/jetty-webapp/9.4.35.v20201120/jetty-webapp-9.4.35.v20201120.jar:/home/runner/.m2/repository/org/eclipse/jetty/jetty-xml/9.4.35.v20201120/jetty-xml-9.4.35.v20201120.jar:/home/runner/.m2/repository/org/apache/hadoop/hadoop-common/3.2.2/hadoop-common-3.2.2.jar:/home/runner/.m2/repository/commons-net/commons-net/3.6/commons-net-3.6.jar:/home/runner/.m2/repository/javax/activation/javax.activation-api/1.2.0/javax.activation-api-1.2.0.jar:/home/runner/.m2/repository/com/sun/jersey/jersey-servlet/1.19/jersey-servlet-1.19.jar:/home/runner/.m2/repository/com/sun/jersey/jersey-json/1.19/jersey-json-1.19.jar:/home/runner/.m2/repository/org/codehaus/jettison/jettison/1.1/jettison-1.1.jar:/home/runner/.m2/repository/com/sun/xml/bind/jaxb-impl/2.2.3-1/jaxb-impl-2.2.3-1.jar:/home/runner/.m2/repository/org/codehaus/jackson/jackson-jaxrs/1.9.2/jackson-jaxrs-1.9.2.jar:/home/runner/.m2/repository/org/codehaus/jackson/jackson-xc/1.9.2/jackson-xc-1.9.2.jar:/home/runner/.m2/repository/org/apache/commons/commons-configuration2/2.1.1/commons-configuration2-2.1.1.jar:/home/runner/.m2/repository/org/apache/commons/commons-text/1.4/commons-text-1.4.jar:/home/runner/.m2/repository/com/google/re2j/re2j/1.1/re2j-1.1.jar:/home/runner/.m2/repository/com/jcraft/jsch/0.1.54/jsch-0.1.54.jar:/home/runner/.m2/repository/org/apache/curator/curator-client/2.13.0/curator-client-2.13.0.jar:/home/runner/.m2/repository/org/apache/curator/curator-recipes/2.13.0/curator-recipes-2.13.0.jar:/home/runner/.m2/repository/dnsjava/dnsjava/2.1.7/dnsjava-2.1.7.jar:/home/runner/.m2/repository/org/slf4j/jul-to-slf4j/1.7.30/jul-to-slf4j-1.7.30.jar:/home/runner/.m2/repository/org/eclipse/jetty/jetty-util/9.4.35.v20201120/jetty-util-9.4.35.v20201120.jar:/home/runner/.m2/repository/com/fasterxml/jackson/core/jackson-databind/2.12.1/jackson-databind-2.12.1.jar:/home/runner/.m2/repository/org/apache/hadoop/hadoop-kms/3.2.2/hadoop-kms-3.2.2-tests.jar:/home/runner/.m2/repository/org/apache/ozone/hdds-server-scm/1.2.0-SNAPSHOT/hdds-server-scm-1.2.0-SNAPSHOT-tests.jar:/home/runner/.m2/repository/org/apache/ozone/hdds-container-service/1.2.0-SNAPSHOT/hdds-container-service-1.2.0-SNAPSHOT-tests.jar:/home/runner/.m2/repository/commons-codec/commons-codec/1.11/commons-codec-1.11.jar:/home/runner/.m2/repository/io/netty/netty-transport/4.1.63.Final/netty-transport-4.1.63.Final.jar:/home/runner/.m2/repository/io/netty/netty-resolver/4.1.63.Final/netty-resolver-4.1.63.Final.jar:/home/runner/.m2/repository/io/netty/netty-codec/4.1.63.Final/netty-codec-4.1.63.Final.jar:/home/runner/.m2/repository/io/netty/netty-handler/4.1.63.Final/netty-handler-4.1.63.Final.jar:/home/runner/.m2/repository/org/apache/ozone/hdds-hadoop-dependency-test/1.2.0-SNAPSHOT/hdds-hadoop-dependency-test-1.2.0-SNAPSHOT.jar:/home/runner/.m2/repository/org/apache/hadoop/hadoop-common/3.2.2/hadoop-common-3.2.2-tests.jar:/home/runner/.m2/repository/org/apache/hadoop/hadoop-hdfs/3.2.2/hadoop-hdfs-3.2.2-tests.jar:/home/runner/.m2/repository/org/eclipse/jetty/jetty-util-ajax/9.4.35.v20201120/jetty-util-ajax-9.4.35.v20201120.jar:/home/runner/.m2/repository/commons-daemon/commons-daemon/1.0.13/commons-daemon-1.0.13.jar:/home/runner/.m2/repository/io/netty/netty/3.10.6.Final/netty-3.10.6.Final.jar:/home/runner/.m2/repository/io/netty/netty-all/4.1.63.Final/netty-all-4.1.63.Final.jar:/home/runner/.m2/repository/org/apache/htrace/htrace-core4/4.1.0-incubating/htrace-core4-4.1.0-incubating.jar:/home/runner/.m2/repository/org/fusesource/leveldbjni/leveldbjni-all/1.8/leveldbjni-all-1.8.jar:/home/runner/.m2/repository/org/apache/hadoop/hadoop-distcp/3.2.2/hadoop-distcp-3.2.2.jar:/home/runner/.m2/repository/org/apache/hadoop/hadoop-mapreduce-client-jobclient/3.2.2/hadoop-mapreduce-client-jobclient-3.2.2.jar:/home/runner/.m2/repository/org/apache/hadoop/hadoop-mapreduce-client-common/3.2.2/hadoop-mapreduce-client-common-3.2.2.jar:/home/runner/.m2/repository/org/apache/hadoop/hadoop-yarn-common/3.2.2/hadoop-yarn-common-3.2.2.jar:/home/runner/.m2/repository/org/apache/hadoop/hadoop-yarn-api/3.2.2/hadoop-yarn-api-3.2.2.jar:/home/runner/.m2/repository/com/sun/jersey/jersey-client/1.19/jersey-client-1.19.jar:/home/runner/.m2/repository/com/sun/jersey/contribs/jersey-guice/1.19/jersey-guice-1.19.jar:/home/runner/.m2/repository/com/fasterxml/jackson/jaxrs/jackson-jaxrs-json-provider/2.12.1/jackson-jaxrs-json-provider-2.12.1.jar:/home/runner/.m2/repository/com/fasterxml/jackson/jaxrs/jackson-jaxrs-base/2.12.1/jackson-jaxrs-base-2.12.1.jar:/home/runner/.m2/repository/org/apache/hadoop/hadoop-yarn-client/3.2.2/hadoop-yarn-client-3.2.2.jar:/home/runner/.m2/repository/org/apache/hadoop/hadoop-mapreduce-client-core/3.2.2/hadoop-mapreduce-client-core-3.2.2.jar:/home/runner/.m2/repository/org/apache/avro/avro/1.7.7/avro-1.7.7.jar:/home/runner/.m2/repository/org/codehaus/jackson/jackson-core-asl/1.9.13/jackson-core-asl-1.9.13.jar:/home/runner/.m2/repository/org/codehaus/jackson/jackson-mapper-asl/1.9.13/jackson-mapper-asl-1.9.13.jar:/home/runner/.m2/repository/com/thoughtworks/paranamer/paranamer/2.3/paranamer-2.3.jar:/home/runner/.m2/repository/org/xerial/snappy/snappy-java/1.0.5/snappy-java-1.0.5.jar:/home/runner/.m2/repository/org/apache/hadoop/hadoop-annotations/3.2.2/hadoop-annotations-3.2.2.jar:/usr/lib/jvm/adoptopenjdk-8-hotspot-amd64/jre/../lib/tools.jar:/home/runner/.m2/repository/org/apache/hadoop/hadoop-distcp/3.2.2/hadoop-distcp-3.2.2-tests.jar:"/>
    <property name="java.vm.vendor" value="AdoptOpenJDK"/>
    <property name="sun.arch.data.model" value="64"/>
    <property name="test.build.dir" value="/home/runner/work/ozone/ozone/mnt/ozone/hadoop-ozone/integration-test/target/test-dir"/>
    <property name="test.cache.data" value=""/>
    <property name="java.vendor.url" value="https://adoptopenjdk.net/"/>
    <property name="user.timezone" value=""/>
    <property name="java.vm.specification.version" value="1.8"/>
    <property name="os.name" value="Linux"/>
    <property name="test.build.data" value="/home/runner/work/ozone/ozone/mnt/ozone/hadoop-ozone/integration-test/target/test-dir"/>
    <property name="sun.java.launcher" value="SUN_STANDARD"/>
    <property name="sun.boot.library.path" value="/usr/lib/jvm/adoptopenjdk-8-hotspot-amd64/jre/lib/amd64"/>
    <property name="sun.java.command" value="/home/runner/work/ozone/ozone/mnt/ozone/hadoop-ozone/integration-test/target/surefire/surefirebooter4121504363786062333.jar /home/runner/work/ozone/ozone/mnt/ozone/hadoop-ozone/integration-test/target/surefire 2021-06-07T18-21-36_618-jvmRun1 surefire5316653628845731228tmp surefire_695521670632520254390tmp"/>
    <property name="surefire.test.class.path" value="/home/runner/work/ozone/ozone/mnt/ozone/hadoop-ozone/integration-test/target/test-classes:/home/runner/work/ozone/ozone/mnt/ozone/hadoop-ozone/integration-test/target/classes:/home/runner/.m2/repository/org/apache/ozone/ozone-common/1.2.0-SNAPSHOT/ozone-common-1.2.0-SNAPSHOT.jar:/home/runner/.m2/repository/org/apache/commons/commons-compress/1.20/commons-compress-1.20.jar:/home/runner/.m2/repository/org/apache/ozone/hdds-common/1.2.0-SNAPSHOT/hdds-common-1.2.0-SNAPSHOT.jar:/home/runner/.m2/repository/org/apache/ozone/hdds-client/1.2.0-SNAPSHOT/hdds-client-1.2.0-SNAPSHOT.jar:/home/runner/.m2/repository/org/apache/ozone/ozone-interface-client/1.2.0-SNAPSHOT/ozone-interface-client-1.2.0-SNAPSHOT.jar:/home/runner/.m2/repository/org/apache/ozone/hdds-test-utils/1.2.0-SNAPSHOT/hdds-test-utils-1.2.0-SNAPSHOT.jar:/home/runner/.m2/repository/com/google/guava/guava/30.1.1-jre/guava-30.1.1-jre.jar:/home/runner/.m2/repository/com/google/guava/failureaccess/1.0.1/failureaccess-1.0.1.jar:/home/runner/.m2/repository/com/google/guava/listenablefuture/9999.0-empty-to-avoid-conflict-with-guava/listenablefuture-9999.0-empty-to-avoid-conflict-with-guava.jar:/home/runner/.m2/repository/com/google/code/findbugs/jsr305/3.0.0/jsr305-3.0.0.jar:/home/runner/.m2/repository/org/checkerframework/checker-qual/3.8.0/checker-qual-3.8.0.jar:/home/runner/.m2/repository/com/google/errorprone/error_prone_annotations/2.2.0/error_prone_annotations-2.2.0.jar:/home/runner/.m2/repository/com/google/j2objc/j2objc-annotations/1.3/j2objc-annotations-1.3.jar:/home/runner/.m2/repository/commons-io/commons-io/2.8.0/commons-io-2.8.0.jar:/home/runner/.m2/repository/commons-logging/commons-logging/1.2/commons-logging-1.2.jar:/home/runner/.m2/repository/log4j/log4j/1.2.17/log4j-1.2.17.jar:/home/runner/.m2/repository/org/slf4j/slf4j-api/1.7.30/slf4j-api-1.7.30.jar:/home/runner/.m2/repository/org/apache/ozone/hdds-server-scm/1.2.0-SNAPSHOT/hdds-server-scm-1.2.0-SNAPSHOT.jar:/home/runner/.m2/repository/org/apache/ozone/hdds-container-service/1.2.0-SNAPSHOT/hdds-container-service-1.2.0-SNAPSHOT.jar:/home/runner/.m2/repository/org/apache/ozone/hdds-hadoop-dependency-server/1.2.0-SNAPSHOT/hdds-hadoop-dependency-server-1.2.0-SNAPSHOT.jar:/home/runner/.m2/repository/org/apache/hadoop/hadoop-hdfs/3.2.2/hadoop-hdfs-3.2.2.jar:/home/runner/.m2/repository/org/apache/ozone/hdds-server-framework/1.2.0-SNAPSHOT/hdds-server-framework-1.2.0-SNAPSHOT.jar:/home/runner/.m2/repository/org/apache/ozone/hdds-interface-server/1.2.0-SNAPSHOT/hdds-interface-server-1.2.0-SNAPSHOT.jar:/home/runner/.m2/repository/org/eclipse/jetty/jetty-servlet/9.4.35.v20201120/jetty-servlet-9.4.35.v20201120.jar:/home/runner/.m2/repository/org/eclipse/jetty/jetty-security/9.4.35.v20201120/jetty-security-9.4.35.v20201120.jar:/home/runner/.m2/repository/org/rocksdb/rocksdbjni/6.20.3/rocksdbjni-6.20.3.jar:/home/runner/.m2/repository/io/prometheus/simpleclient_dropwizard/0.7.0/simpleclient_dropwizard-0.7.0.jar:/home/runner/.m2/repository/io/prometheus/simpleclient/0.7.0/simpleclient-0.7.0.jar:/home/runner/.m2/repository/io/prometheus/simpleclient_common/0.7.0/simpleclient_common-0.7.0.jar:/home/runner/.m2/repository/com/fasterxml/jackson/datatype/jackson-datatype-jsr310/2.12.1/jackson-datatype-jsr310-2.12.1.jar:/home/runner/.m2/repository/io/dropwizard/metrics/metrics-core/3.2.4/metrics-core-3.2.4.jar:/home/runner/.m2/repository/org/apache/hadoop/hadoop-hdfs-client/3.2.2/hadoop-hdfs-client-3.2.2.jar:/home/runner/.m2/repository/org/bouncycastle/bcprov-jdk15on/1.67/bcprov-jdk15on-1.67.jar:/home/runner/.m2/repository/com/google/protobuf/protobuf-java/2.5.0/protobuf-java-2.5.0.jar:/home/runner/.m2/repository/org/apache/ozone/ozone-manager/1.2.0-SNAPSHOT/ozone-manager-1.2.0-SNAPSHOT.jar:/home/runner/.m2/repository/org/apache/ozone/hdds-interface-client/1.2.0-SNAPSHOT/hdds-interface-client-1.2.0-SNAPSHOT.jar:/home/runner/.m2/repository/org/apache/ratis/ratis-thirdparty-misc/0.7.0-a398b19-SNAPSHOT/ratis-thirdparty-misc-0.7.0-a398b19-SNAPSHOT.jar:/home/runner/.m2/repository/org/apache/ozone/ozone-interface-storage/1.2.0-SNAPSHOT/ozone-interface-storage-1.2.0-SNAPSHOT.jar:/home/runner/.m2/repository/org/apache/hadoop/hadoop-minikdc/3.2.2/hadoop-minikdc-3.2.2.jar:/home/runner/.m2/repository/org/apache/kerby/kerb-simplekdc/1.0.1/kerb-simplekdc-1.0.1.jar:/home/runner/.m2/repository/org/apache/kerby/kerb-client/1.0.1/kerb-client-1.0.1.jar:/home/runner/.m2/repository/org/apache/kerby/kerby-config/1.0.1/kerby-config-1.0.1.jar:/home/runner/.m2/repository/org/apache/kerby/kerb-core/1.0.1/kerb-core-1.0.1.jar:/home/runner/.m2/repository/org/apache/kerby/kerby-pkix/1.0.1/kerby-pkix-1.0.1.jar:/home/runner/.m2/repository/org/apache/kerby/kerby-asn1/1.0.1/kerby-asn1-1.0.1.jar:/home/runner/.m2/repository/org/apache/kerby/kerby-util/1.0.1/kerby-util-1.0.1.jar:/home/runner/.m2/repository/org/apache/kerby/kerb-common/1.0.1/kerb-common-1.0.1.jar:/home/runner/.m2/repository/org/apache/kerby/kerb-crypto/1.0.1/kerb-crypto-1.0.1.jar:/home/runner/.m2/repository/org/apache/kerby/kerb-util/1.0.1/kerb-util-1.0.1.jar:/home/runner/.m2/repository/org/apache/kerby/token-provider/1.0.1/token-provider-1.0.1.jar:/home/runner/.m2/repository/org/apache/kerby/kerb-admin/1.0.1/kerb-admin-1.0.1.jar:/home/runner/.m2/repository/org/apache/kerby/kerb-server/1.0.1/kerb-server-1.0.1.jar:/home/runner/.m2/repository/org/apache/kerby/kerb-identity/1.0.1/kerb-identity-1.0.1.jar:/home/runner/.m2/repository/org/apache/kerby/kerby-xdr/1.0.1/kerby-xdr-1.0.1.jar:/home/runner/.m2/repository/org/slf4j/slf4j-log4j12/1.7.30/slf4j-log4j12-1.7.30.jar:/home/runner/.m2/repository/org/apache/ozone/ozone-s3gateway/1.2.0-SNAPSHOT/ozone-s3gateway-1.2.0-SNAPSHOT.jar:/home/runner/.m2/repository/org/jboss/weld/servlet/weld-servlet/2.4.7.Final/weld-servlet-2.4.7.Final.jar:/home/runner/.m2/repository/org/glassfish/jersey/containers/jersey-container-servlet-core/2.33/jersey-container-servlet-core-2.33.jar:/home/runner/.m2/repository/org/glassfish/hk2/external/jakarta.inject/2.6.1/jakarta.inject-2.6.1.jar:/home/runner/.m2/repository/org/glassfish/jersey/core/jersey-common/2.33/jersey-common-2.33.jar:/home/runner/.m2/repository/jakarta/ws/rs/jakarta.ws.rs-api/2.1.6/jakarta.ws.rs-api-2.1.6.jar:/home/runner/.m2/repository/org/glassfish/jersey/ext/cdi/jersey-cdi1x/2.33/jersey-cdi1x-2.33.jar:/home/runner/.m2/repository/org/glassfish/jersey/inject/jersey-hk2/2.33/jersey-hk2-2.33.jar:/home/runner/.m2/repository/org/glassfish/hk2/hk2-locator/2.6.1/hk2-locator-2.6.1.jar:/home/runner/.m2/repository/org/javassist/javassist/3.25.0-GA/javassist-3.25.0-GA.jar:/home/runner/.m2/repository/org/glassfish/jersey/media/jersey-media-jaxb/2.33/jersey-media-jaxb-2.33.jar:/home/runner/.m2/repository/org/glassfish/hk2/osgi-resource-locator/1.0.3/osgi-resource-locator-1.0.3.jar:/home/runner/.m2/repository/org/glassfish/hk2/hk2-api/2.5.0/hk2-api-2.5.0.jar:/home/runner/.m2/repository/org/glassfish/hk2/hk2-utils/2.5.0/hk2-utils-2.5.0.jar:/home/runner/.m2/repository/org/glassfish/hk2/external/aopalliance-repackaged/2.5.0/aopalliance-repackaged-2.5.0.jar:/home/runner/.m2/repository/com/fasterxml/jackson/dataformat/jackson-dataformat-xml/2.12.1/jackson-dataformat-xml-2.12.1.jar:/home/runner/.m2/repository/com/fasterxml/jackson/core/jackson-core/2.12.1/jackson-core-2.12.1.jar:/home/runner/.m2/repository/com/fasterxml/jackson/module/jackson-module-jaxb-annotations/2.12.1/jackson-module-jaxb-annotations-2.12.1.jar:/home/runner/.m2/repository/jakarta/xml/bind/jakarta.xml.bind-api/2.3.2/jakarta.xml.bind-api-2.3.2.jar:/home/runner/.m2/repository/jakarta/activation/jakarta.activation-api/1.2.1/jakarta.activation-api-1.2.1.jar:/home/runner/.m2/repository/org/codehaus/woodstox/stax2-api/3.1.4/stax2-api-3.1.4.jar:/home/runner/.m2/repository/com/fasterxml/woodstox/woodstox-core/5.0.3/woodstox-core-5.0.3.jar:/home/runner/.m2/repository/javax/enterprise/cdi-api/1.2/cdi-api-1.2.jar:/home/runner/.m2/repository/javax/el/javax.el-api/3.0.0/javax.el-api-3.0.0.jar:/home/runner/.m2/repository/javax/interceptor/javax.interceptor-api/1.2/javax.interceptor-api-1.2.jar:/home/runner/.m2/repository/javax/inject/javax.inject/1/javax.inject-1.jar:/home/runner/.m2/repository/javax/xml/bind/jaxb-api/2.3.0/jaxb-api-2.3.0.jar:/home/runner/.m2/repository/org/glassfish/jaxb/jaxb-runtime/2.3.0.1/jaxb-runtime-2.3.0.1.jar:/home/runner/.m2/repository/org/glassfish/jaxb/jaxb-core/2.3.0.1/jaxb-core-2.3.0.1.jar:/home/runner/.m2/repository/org/glassfish/jaxb/txw2/2.3.0.1/txw2-2.3.0.1.jar:/home/runner/.m2/repository/com/sun/istack/istack-commons-runtime/3.0.5/istack-commons-runtime-3.0.5.jar:/home/runner/.m2/repository/org/jvnet/staxex/stax-ex/1.7.8/stax-ex-1.7.8.jar:/home/runner/.m2/repository/com/sun/xml/fastinfoset/FastInfoset/1.2.13/FastInfoset-1.2.13.jar:/home/runner/.m2/repository/javax/activation/activation/1.1.1/activation-1.1.1.jar:/home/runner/.m2/repository/org/apache/ozone/ozone-csi/1.2.0-SNAPSHOT/ozone-csi-1.2.0-SNAPSHOT.jar:/home/runner/.m2/repository/com/google/protobuf/protobuf-java-util/3.12.0/protobuf-java-util-3.12.0.jar:/home/runner/.m2/repository/com/google/code/gson/gson/2.2.4/gson-2.2.4.jar:/home/runner/.m2/repository/org/apache/ozone/hdds-config/1.2.0-SNAPSHOT/hdds-config-1.2.0-SNAPSHOT.jar:/home/runner/.m2/repository/io/grpc/grpc-netty/1.33.0/grpc-netty-1.33.0.jar:/home/runner/.m2/repository/io/grpc/grpc-core/1.33.0/grpc-core-1.33.0.jar:/home/runner/.m2/repository/com/google/android/annotations/4.1.1.4/annotations-4.1.1.4.jar:/home/runner/.m2/repository/io/netty/netty-codec-http2/4.1.63.Final/netty-codec-http2-4.1.63.Final.jar:/home/runner/.m2/repository/io/netty/netty-codec-http/4.1.63.Final/netty-codec-http-4.1.63.Final.jar:/home/runner/.m2/repository/io/netty/netty-handler-proxy/4.1.63.Final/netty-handler-proxy-4.1.63.Final.jar:/home/runner/.m2/repository/io/netty/netty-codec-socks/4.1.63.Final/netty-codec-socks-4.1.63.Final.jar:/home/runner/.m2/repository/io/perfmark/perfmark-api/0.19.0/perfmark-api-0.19.0.jar:/home/runner/.m2/repository/org/codehaus/mojo/animal-sniffer-annotations/1.18/animal-sniffer-annotations-1.18.jar:/home/runner/.m2/repository/io/netty/netty-transport-native-epoll/4.1.63.Final/netty-transport-native-epoll-4.1.63.Final.jar:/home/runner/.m2/repository/io/netty/netty-common/4.1.63.Final/netty-common-4.1.63.Final.jar:/home/runner/.m2/repository/io/netty/netty-buffer/4.1.63.Final/netty-buffer-4.1.63.Final.jar:/home/runner/.m2/repository/io/netty/netty-transport-native-unix-common/4.1.63.Final/netty-transport-native-unix-common-4.1.63.Final.jar:/home/runner/.m2/repository/io/grpc/grpc-protobuf/1.33.0/grpc-protobuf-1.33.0.jar:/home/runner/.m2/repository/io/grpc/grpc-api/1.33.0/grpc-api-1.33.0.jar:/home/runner/.m2/repository/io/grpc/grpc-context/1.33.0/grpc-context-1.33.0.jar:/home/runner/.m2/repository/com/google/api/grpc/proto-google-common-protos/1.17.0/proto-google-common-protos-1.17.0.jar:/home/runner/.m2/repository/io/grpc/grpc-protobuf-lite/1.33.0/grpc-protobuf-lite-1.33.0.jar:/home/runner/.m2/repository/io/grpc/grpc-stub/1.33.0/grpc-stub-1.33.0.jar:/home/runner/.m2/repository/org/apache/ozone/ozone-recon/1.2.0-SNAPSHOT/ozone-recon-1.2.0-SNAPSHOT.jar:/home/runner/.m2/repository/org/apache/ozone/ozone-reconcodegen/1.2.0-SNAPSHOT/ozone-reconcodegen-1.2.0-SNAPSHOT.jar:/home/runner/.m2/repository/com/google/inject/extensions/guice-multibindings/4.0/guice-multibindings-4.0.jar:/home/runner/.m2/repository/com/google/inject/guice/4.0/guice-4.0.jar:/home/runner/.m2/repository/aopalliance/aopalliance/1.0/aopalliance-1.0.jar:/home/runner/.m2/repository/com/google/inject/extensions/guice-assistedinject/4.0/guice-assistedinject-4.0.jar:/home/runner/.m2/repository/com/google/inject/extensions/guice-servlet/4.0/guice-servlet-4.0.jar:/home/runner/.m2/repository/org/glassfish/jersey/containers/jersey-container-servlet/2.33/jersey-container-servlet-2.33.jar:/home/runner/.m2/repository/org/glassfish/hk2/guice-bridge/2.5.0/guice-bridge-2.5.0.jar:/home/runner/.m2/repository/org/glassfish/jersey/core/jersey-server/2.33/jersey-server-2.33.jar:/home/runner/.m2/repository/org/glassfish/jersey/core/jersey-client/2.33/jersey-client-2.33.jar:/home/runner/.m2/repository/jakarta/annotation/jakarta.annotation-api/1.3.5/jakarta.annotation-api-1.3.5.jar:/home/runner/.m2/repository/jakarta/validation/jakarta.validation-api/2.0.2/jakarta.validation-api-2.0.2.jar:/home/runner/.m2/repository/org/glassfish/jersey/media/jersey-media-json-jackson/2.33/jersey-media-json-jackson-2.33.jar:/home/runner/.m2/repository/org/glassfish/jersey/ext/jersey-entity-filtering/2.33/jersey-entity-filtering-2.33.jar:/home/runner/.m2/repository/org/jooq/jooq/3.11.10/jooq-3.11.10.jar:/home/runner/.m2/repository/org/jooq/jooq-meta/3.11.10/jooq-meta-3.11.10.jar:/home/runner/.m2/repository/org/jooq/jooq-codegen/3.11.10/jooq-codegen-3.11.10.jar:/home/runner/.m2/repository/com/jolbox/bonecp/0.8.0.RELEASE/bonecp-0.8.0.RELEASE.jar:/home/runner/.m2/repository/org/apache/derby/derby/10.14.2.0/derby-10.14.2.0.jar:/home/runner/.m2/repository/org/xerial/sqlite-jdbc/3.25.2/sqlite-jdbc-3.25.2.jar:/home/runner/.m2/repository/org/springframework/spring-jdbc/5.2.11.RELEASE/spring-jdbc-5.2.11.RELEASE.jar:/home/runner/.m2/repository/org/springframework/spring-beans/5.2.11.RELEASE/spring-beans-5.2.11.RELEASE.jar:/home/runner/.m2/repository/org/springframework/spring-core/5.2.11.RELEASE/spring-core-5.2.11.RELEASE.jar:/home/runner/.m2/repository/org/springframework/spring-jcl/5.2.11.RELEASE/spring-jcl-5.2.11.RELEASE.jar:/home/runner/.m2/repository/org/springframework/spring-tx/5.2.11.RELEASE/spring-tx-5.2.11.RELEASE.jar:/home/runner/.m2/repository/org/apache/ozone/ozone-client/1.2.0-SNAPSHOT/ozone-client-1.2.0-SNAPSHOT.jar:/home/runner/.m2/repository/org/apache/ozone/ozone-filesystem/1.2.0-SNAPSHOT/ozone-filesystem-1.2.0-SNAPSHOT.jar:/home/runner/.m2/repository/org/apache/ozone/ozone-filesystem-common/1.2.0-SNAPSHOT/ozone-filesystem-common-1.2.0-SNAPSHOT.jar:/home/runner/.m2/repository/org/apache/ozone/ozone-tools/1.2.0-SNAPSHOT/ozone-tools-1.2.0-SNAPSHOT.jar:/home/runner/.m2/repository/org/apache/ratis/ratis-tools/2.1.0-ff8aa66-SNAPSHOT/ratis-tools-2.1.0-ff8aa66-SNAPSHOT.jar:/home/runner/.m2/repository/org/apache/ratis/ratis-proto/2.1.0-ff8aa66-SNAPSHOT/ratis-proto-2.1.0-ff8aa66-SNAPSHOT.jar:/home/runner/.m2/repository/org/apache/ratis/ratis-common/2.1.0-ff8aa66-SNAPSHOT/ratis-common-2.1.0-ff8aa66-SNAPSHOT.jar:/home/runner/.m2/repository/com/amazonaws/aws-java-sdk-core/1.11.901/aws-java-sdk-core-1.11.901.jar:/home/runner/.m2/repository/org/apache/httpcomponents/httpclient/4.5.13/httpclient-4.5.13.jar:/home/runner/.m2/repository/org/apache/httpcomponents/httpcore/4.4.13/httpcore-4.4.13.jar:/home/runner/.m2/repository/software/amazon/ion/ion-java/1.0.2/ion-java-1.0.2.jar:/home/runner/.m2/repository/com/fasterxml/jackson/dataformat/jackson-dataformat-cbor/2.12.1/jackson-dataformat-cbor-2.12.1.jar:/home/runner/.m2/repository/joda-time/joda-time/2.8.1/joda-time-2.8.1.jar:/home/runner/.m2/repository/com/amazonaws/aws-java-sdk-s3/1.11.901/aws-java-sdk-s3-1.11.901.jar:/home/runner/.m2/repository/com/amazonaws/aws-java-sdk-kms/1.11.901/aws-java-sdk-kms-1.11.901.jar:/home/runner/.m2/repository/com/amazonaws/jmespath-java/1.11.901/jmespath-java-1.11.901.jar:/home/runner/.m2/repository/org/kohsuke/metainf-services/metainf-services/1.8/metainf-services-1.8.jar:/home/runner/.m2/repository/org/apache/ozone/hdds-tools/1.2.0-SNAPSHOT/hdds-tools-1.2.0-SNAPSHOT.jar:/home/runner/.m2/repository/commons-cli/commons-cli/1.2/commons-cli-1.2.jar:/home/runner/.m2/repository/org/apache/commons/commons-lang3/3.7/commons-lang3-3.7.jar:/home/runner/.m2/repository/org/apache/ozone/ozone-manager/1.2.0-SNAPSHOT/ozone-manager-1.2.0-SNAPSHOT-tests.jar:/home/runner/.m2/repository/org/apache/ozone/hdds-common/1.2.0-SNAPSHOT/hdds-common-1.2.0-SNAPSHOT-tests.jar:/home/runner/.m2/repository/org/apache/ozone/hdds-hadoop-dependency-client/1.2.0-SNAPSHOT/hdds-hadoop-dependency-client-1.2.0-SNAPSHOT.jar:/home/runner/.m2/repository/info/picocli/picocli/4.4.0/picocli-4.4.0.jar:/home/runner/.m2/repository/com/fasterxml/jackson/core/jackson-annotations/2.12.1/jackson-annotations-2.12.1.jar:/home/runner/.m2/repository/javax/annotation/javax.annotation-api/1.2/javax.annotation-api-1.2.jar:/home/runner/.m2/repository/org/apache/ratis/ratis-server/2.1.0-ff8aa66-SNAPSHOT/ratis-server-2.1.0-ff8aa66-SNAPSHOT.jar:/home/runner/.m2/repository/org/apache/ratis/ratis-client/2.1.0-ff8aa66-SNAPSHOT/ratis-client-2.1.0-ff8aa66-SNAPSHOT.jar:/home/runner/.m2/repository/org/apache/ratis/ratis-server-api/2.1.0-ff8aa66-SNAPSHOT/ratis-server-api-2.1.0-ff8aa66-SNAPSHOT.jar:/home/runner/.m2/repository/org/apache/ratis/ratis-metrics/2.1.0-ff8aa66-SNAPSHOT/ratis-metrics-2.1.0-ff8aa66-SNAPSHOT.jar:/home/runner/.m2/repository/org/apache/ratis/ratis-netty/2.1.0-ff8aa66-SNAPSHOT/ratis-netty-2.1.0-ff8aa66-SNAPSHOT.jar:/home/runner/.m2/repository/org/apache/ratis/ratis-grpc/2.1.0-ff8aa66-SNAPSHOT/ratis-grpc-2.1.0-ff8aa66-SNAPSHOT.jar:/home/runner/.m2/repository/org/apache/logging/log4j/log4j-api/2.13.3/log4j-api-2.13.3.jar:/home/runner/.m2/repository/org/apache/logging/log4j/log4j-core/2.13.3/log4j-core-2.13.3.jar:/home/runner/.m2/repository/com/lmax/disruptor/3.4.2/disruptor-3.4.2.jar:/home/runner/.m2/repository/org/apache/commons/commons-pool2/2.6.0/commons-pool2-2.6.0.jar:/home/runner/.m2/repository/org/bouncycastle/bcpkix-jdk15on/1.67/bcpkix-jdk15on-1.67.jar:/home/runner/.m2/repository/commons-validator/commons-validator/1.6/commons-validator-1.6.jar:/home/runner/.m2/repository/commons-beanutils/commons-beanutils/1.9.4/commons-beanutils-1.9.4.jar:/home/runner/.m2/repository/commons-digester/commons-digester/1.8.1/commons-digester-1.8.1.jar:/home/runner/.m2/repository/commons-collections/commons-collections/3.2.2/commons-collections-3.2.2.jar:/home/runner/.m2/repository/io/jaegertracing/jaeger-client/1.6.0/jaeger-client-1.6.0.jar:/home/runner/.m2/repository/io/jaegertracing/jaeger-thrift/1.6.0/jaeger-thrift-1.6.0.jar:/home/runner/.m2/repository/org/apache/thrift/libthrift/0.14.1/libthrift-0.14.1.jar:/home/runner/.m2/repository/com/squareup/okhttp3/okhttp/4.9.0/okhttp-4.9.0.jar:/home/runner/.m2/repository/com/squareup/okio/okio/2.8.0/okio-2.8.0.jar:/home/runner/.m2/repository/io/jaegertracing/jaeger-core/1.6.0/jaeger-core-1.6.0.jar:/home/runner/.m2/repository/io/jaegertracing/jaeger-tracerresolver/1.6.0/jaeger-tracerresolver-1.6.0.jar:/home/runner/.m2/repository/io/opentracing/contrib/opentracing-tracerresolver/0.1.8/opentracing-tracerresolver-0.1.8.jar:/home/runner/.m2/repository/org/jetbrains/kotlin/kotlin-stdlib/1.4.31/kotlin-stdlib-1.4.31.jar:/home/runner/.m2/repository/org/jetbrains/kotlin/kotlin-stdlib-common/1.4.31/kotlin-stdlib-common-1.4.31.jar:/home/runner/.m2/repository/org/jetbrains/annotations/13.0/annotations-13.0.jar:/home/runner/.m2/repository/io/opentracing/opentracing-util/0.33.0/opentracing-util-0.33.0.jar:/home/runner/.m2/repository/io/opentracing/opentracing-api/0.33.0/opentracing-api-0.33.0.jar:/home/runner/.m2/repository/io/opentracing/opentracing-noop/0.33.0/opentracing-noop-0.33.0.jar:/home/runner/.m2/repository/org/yaml/snakeyaml/1.26/snakeyaml-1.26.jar:/home/runner/.m2/repository/org/apache/ozone/hdds-interface-admin/1.2.0-SNAPSHOT/hdds-interface-admin-1.2.0-SNAPSHOT.jar:/home/runner/.m2/repository/junit/junit/4.13.1/junit-4.13.1.jar:/home/runner/.m2/repository/org/hamcrest/hamcrest-core/1.3/hamcrest-core-1.3.jar:/home/runner/.m2/repository/org/junit/jupiter/junit-jupiter-api/5.7.0/junit-jupiter-api-5.7.0.jar:/home/runner/.m2/repository/org/apiguardian/apiguardian-api/1.1.0/apiguardian-api-1.1.0.jar:/home/runner/.m2/repository/org/opentest4j/opentest4j/1.2.0/opentest4j-1.2.0.jar:/home/runner/.m2/repository/org/junit/platform/junit-platform-commons/1.7.0/junit-platform-commons-1.7.0.jar:/home/runner/.m2/repository/org/junit/jupiter/junit-jupiter-engine/5.7.0/junit-jupiter-engine-5.7.0.jar:/home/runner/.m2/repository/org/junit/platform/junit-platform-engine/1.7.0/junit-platform-engine-1.7.0.jar:/home/runner/.m2/repository/org/junit/vintage/junit-vintage-engine/5.7.0/junit-vintage-engine-5.7.0.jar:/home/runner/.m2/repository/org/junit/platform/junit-platform-launcher/1.7.0/junit-platform-launcher-1.7.0.jar:/home/runner/.m2/repository/org/openjdk/jmh/jmh-core/1.19/jmh-core-1.19.jar:/home/runner/.m2/repository/net/sf/jopt-simple/jopt-simple/4.6/jopt-simple-4.6.jar:/home/runner/.m2/repository/org/apache/commons/commons-math3/3.1.1/commons-math3-3.1.1.jar:/home/runner/.m2/repository/org/openjdk/jmh/jmh-generator-annprocess/1.19/jmh-generator-annprocess-1.19.jar:/home/runner/.m2/repository/org/mockito/mockito-all/1.8.5/mockito-all-1.8.5.jar:/home/runner/.m2/repository/org/apache/hadoop/hadoop-kms/3.2.2/hadoop-kms-3.2.2.jar:/home/runner/.m2/repository/org/apache/hadoop/hadoop-auth/3.2.2/hadoop-auth-3.2.2.jar:/home/runner/.m2/repository/com/nimbusds/nimbus-jose-jwt/7.9/nimbus-jose-jwt-7.9.jar:/home/runner/.m2/repository/com/github/stephenc/jcip/jcip-annotations/1.0-1/jcip-annotations-1.0-1.jar:/home/runner/.m2/repository/net/minidev/json-smart/2.3/json-smart-2.3.jar:/home/runner/.m2/repository/net/minidev/accessors-smart/1.2/accessors-smart-1.2.jar:/home/runner/.m2/repository/org/ow2/asm/asm/5.0.4/asm-5.0.4.jar:/home/runner/.m2/repository/org/apache/zookeeper/zookeeper/3.4.13/zookeeper-3.4.13.jar:/home/runner/.m2/repository/org/apache/yetus/audience-annotations/0.5.0/audience-annotations-0.5.0.jar:/home/runner/.m2/repository/org/apache/curator/curator-framework/2.13.0/curator-framework-2.13.0.jar:/home/runner/.m2/repository/com/sun/jersey/jersey-core/1.19/jersey-core-1.19.jar:/home/runner/.m2/repository/javax/ws/rs/jsr311-api/1.1.1/jsr311-api-1.1.1.jar:/home/runner/.m2/repository/com/sun/jersey/jersey-server/1.19/jersey-server-1.19.jar:/home/runner/.m2/repository/javax/servlet/javax.servlet-api/3.1.0/javax.servlet-api-3.1.0.jar:/home/runner/.m2/repository/org/eclipse/jetty/jetty-server/9.4.35.v20201120/jetty-server-9.4.35.v20201120.jar:/home/runner/.m2/repository/org/eclipse/jetty/jetty-http/9.4.35.v20201120/jetty-http-9.4.35.v20201120.jar:/home/runner/.m2/repository/org/eclipse/jetty/jetty-io/9.4.35.v20201120/jetty-io-9.4.35.v20201120.jar:/home/runner/.m2/repository/org/eclipse/jetty/jetty-webapp/9.4.35.v20201120/jetty-webapp-9.4.35.v20201120.jar:/home/runner/.m2/repository/org/eclipse/jetty/jetty-xml/9.4.35.v20201120/jetty-xml-9.4.35.v20201120.jar:/home/runner/.m2/repository/org/apache/hadoop/hadoop-common/3.2.2/hadoop-common-3.2.2.jar:/home/runner/.m2/repository/commons-net/commons-net/3.6/commons-net-3.6.jar:/home/runner/.m2/repository/javax/activation/javax.activation-api/1.2.0/javax.activation-api-1.2.0.jar:/home/runner/.m2/repository/com/sun/jersey/jersey-servlet/1.19/jersey-servlet-1.19.jar:/home/runner/.m2/repository/com/sun/jersey/jersey-json/1.19/jersey-json-1.19.jar:/home/runner/.m2/repository/org/codehaus/jettison/jettison/1.1/jettison-1.1.jar:/home/runner/.m2/repository/com/sun/xml/bind/jaxb-impl/2.2.3-1/jaxb-impl-2.2.3-1.jar:/home/runner/.m2/repository/org/codehaus/jackson/jackson-jaxrs/1.9.2/jackson-jaxrs-1.9.2.jar:/home/runner/.m2/repository/org/codehaus/jackson/jackson-xc/1.9.2/jackson-xc-1.9.2.jar:/home/runner/.m2/repository/org/apache/commons/commons-configuration2/2.1.1/commons-configuration2-2.1.1.jar:/home/runner/.m2/repository/org/apache/commons/commons-text/1.4/commons-text-1.4.jar:/home/runner/.m2/repository/com/google/re2j/re2j/1.1/re2j-1.1.jar:/home/runner/.m2/repository/com/jcraft/jsch/0.1.54/jsch-0.1.54.jar:/home/runner/.m2/repository/org/apache/curator/curator-client/2.13.0/curator-client-2.13.0.jar:/home/runner/.m2/repository/org/apache/curator/curator-recipes/2.13.0/curator-recipes-2.13.0.jar:/home/runner/.m2/repository/dnsjava/dnsjava/2.1.7/dnsjava-2.1.7.jar:/home/runner/.m2/repository/org/slf4j/jul-to-slf4j/1.7.30/jul-to-slf4j-1.7.30.jar:/home/runner/.m2/repository/org/eclipse/jetty/jetty-util/9.4.35.v20201120/jetty-util-9.4.35.v20201120.jar:/home/runner/.m2/repository/com/fasterxml/jackson/core/jackson-databind/2.12.1/jackson-databind-2.12.1.jar:/home/runner/.m2/repository/org/apache/hadoop/hadoop-kms/3.2.2/hadoop-kms-3.2.2-tests.jar:/home/runner/.m2/repository/org/apache/ozone/hdds-server-scm/1.2.0-SNAPSHOT/hdds-server-scm-1.2.0-SNAPSHOT-tests.jar:/home/runner/.m2/repository/org/apache/ozone/hdds-container-service/1.2.0-SNAPSHOT/hdds-container-service-1.2.0-SNAPSHOT-tests.jar:/home/runner/.m2/repository/commons-codec/commons-codec/1.11/commons-codec-1.11.jar:/home/runner/.m2/repository/io/netty/netty-transport/4.1.63.Final/netty-transport-4.1.63.Final.jar:/home/runner/.m2/repository/io/netty/netty-resolver/4.1.63.Final/netty-resolver-4.1.63.Final.jar:/home/runner/.m2/repository/io/netty/netty-codec/4.1.63.Final/netty-codec-4.1.63.Final.jar:/home/runner/.m2/repository/io/netty/netty-handler/4.1.63.Final/netty-handler-4.1.63.Final.jar:/home/runner/.m2/repository/org/apache/ozone/hdds-hadoop-dependency-test/1.2.0-SNAPSHOT/hdds-hadoop-dependency-test-1.2.0-SNAPSHOT.jar:/home/runner/.m2/repository/org/apache/hadoop/hadoop-common/3.2.2/hadoop-common-3.2.2-tests.jar:/home/runner/.m2/repository/org/apache/hadoop/hadoop-hdfs/3.2.2/hadoop-hdfs-3.2.2-tests.jar:/home/runner/.m2/repository/org/eclipse/jetty/jetty-util-ajax/9.4.35.v20201120/jetty-util-ajax-9.4.35.v20201120.jar:/home/runner/.m2/repository/commons-daemon/commons-daemon/1.0.13/commons-daemon-1.0.13.jar:/home/runner/.m2/repository/io/netty/netty/3.10.6.Final/netty-3.10.6.Final.jar:/home/runner/.m2/repository/io/netty/netty-all/4.1.63.Final/netty-all-4.1.63.Final.jar:/home/runner/.m2/repository/org/apache/htrace/htrace-core4/4.1.0-incubating/htrace-core4-4.1.0-incubating.jar:/home/runner/.m2/repository/org/fusesource/leveldbjni/leveldbjni-all/1.8/leveldbjni-all-1.8.jar:/home/runner/.m2/repository/org/apache/hadoop/hadoop-distcp/3.2.2/hadoop-distcp-3.2.2.jar:/home/runner/.m2/repository/org/apache/hadoop/hadoop-mapreduce-client-jobclient/3.2.2/hadoop-mapreduce-client-jobclient-3.2.2.jar:/home/runner/.m2/repository/org/apache/hadoop/hadoop-mapreduce-client-common/3.2.2/hadoop-mapreduce-client-common-3.2.2.jar:/home/runner/.m2/repository/org/apache/hadoop/hadoop-yarn-common/3.2.2/hadoop-yarn-common-3.2.2.jar:/home/runner/.m2/repository/org/apache/hadoop/hadoop-yarn-api/3.2.2/hadoop-yarn-api-3.2.2.jar:/home/runner/.m2/repository/com/sun/jersey/jersey-client/1.19/jersey-client-1.19.jar:/home/runner/.m2/repository/com/sun/jersey/contribs/jersey-guice/1.19/jersey-guice-1.19.jar:/home/runner/.m2/repository/com/fasterxml/jackson/jaxrs/jackson-jaxrs-json-provider/2.12.1/jackson-jaxrs-json-provider-2.12.1.jar:/home/runner/.m2/repository/com/fasterxml/jackson/jaxrs/jackson-jaxrs-base/2.12.1/jackson-jaxrs-base-2.12.1.jar:/home/runner/.m2/repository/org/apache/hadoop/hadoop-yarn-client/3.2.2/hadoop-yarn-client-3.2.2.jar:/home/runner/.m2/repository/org/apache/hadoop/hadoop-mapreduce-client-core/3.2.2/hadoop-mapreduce-client-core-3.2.2.jar:/home/runner/.m2/repository/org/apache/avro/avro/1.7.7/avro-1.7.7.jar:/home/runner/.m2/repository/org/codehaus/jackson/jackson-core-asl/1.9.13/jackson-core-asl-1.9.13.jar:/home/runner/.m2/repository/org/codehaus/jackson/jackson-mapper-asl/1.9.13/jackson-mapper-asl-1.9.13.jar:/home/runner/.m2/repository/com/thoughtworks/paranamer/paranamer/2.3/paranamer-2.3.jar:/home/runner/.m2/repository/org/xerial/snappy/snappy-java/1.0.5/snappy-java-1.0.5.jar:/home/runner/.m2/repository/org/apache/hadoop/hadoop-annotations/3.2.2/hadoop-annotations-3.2.2.jar:/usr/lib/jvm/adoptopenjdk-8-hotspot-amd64/jre/../lib/tools.jar:/home/runner/.m2/repository/org/apache/hadoop/hadoop-distcp/3.2.2/hadoop-distcp-3.2.2-tests.jar:"/>
    <property name="sun.cpu.endian" value="little"/>
    <property name="user.home" value="/home/runner"/>
    <property name="user.language" value="en"/>
    <property name="java.specification.vendor" value="Oracle Corporation"/>
    <property name="java.home" value="/usr/lib/jvm/adoptopenjdk-8-hotspot-amd64/jre"/>
    <property name="java.security.krb5.conf" value="/home/runner/work/ozone/ozone/mnt/ozone/hadoop-ozone/integration-test/target/test-classes/krb5.conf"/>
    <property name="basedir" value="/home/runner/work/ozone/ozone/mnt/ozone/hadoop-ozone/integration-test"/>
    <property name="file.separator" value="/"/>
    <property name="line.separator" value="&#10;"/>
    <property name="java.vm.specification.vendor" value="Oracle Corporation"/>
    <property name="java.specification.name" value="Java Platform API Specification"/>
    <property name="java.awt.graphicsenv" value="sun.awt.X11GraphicsEnvironment"/>
    <property name="skip.installnpx" value="true"/>
    <property name="surefire.real.class.path" value="/home/runner/work/ozone/ozone/mnt/ozone/hadoop-ozone/integration-test/target/surefire/surefirebooter4121504363786062333.jar:/home/runner/.m2/repository/org/jacoco/org.jacoco.agent/0.8.5/org.jacoco.agent-0.8.5-runtime.jar"/>
    <property name="hadoop.log.dir" value="/home/runner/work/ozone/ozone/mnt/ozone/hadoop-ozone/integration-test/target/log"/>
    <property name="sun.boot.class.path" value="/usr/lib/jvm/adoptopenjdk-8-hotspot-amd64/jre/lib/resources.jar:/usr/lib/jvm/adoptopenjdk-8-hotspot-amd64/jre/lib/rt.jar:/usr/lib/jvm/adoptopenjdk-8-hotspot-amd64/jre/lib/sunrsasign.jar:/usr/lib/jvm/adoptopenjdk-8-hotspot-amd64/jre/lib/jsse.jar:/usr/lib/jvm/adoptopenjdk-8-hotspot-amd64/jre/lib/jce.jar:/usr/lib/jvm/adoptopenjdk-8-hotspot-amd64/jre/lib/charsets.jar:/usr/lib/jvm/adoptopenjdk-8-hotspot-amd64/jre/lib/jfr.jar:/usr/lib/jvm/adoptopenjdk-8-hotspot-amd64/jre/classes"/>
    <property name="sun.management.compiler" value="HotSpot 64-Bit Tiered Compilers"/>
    <property name="skip.npx" value="true"/>
    <property name="java.runtime.version" value="1.8.0_292-b10"/>
    <property name="java.net.preferIPv4Stack" value="true"/>
    <property name="user.name" value="runner"/>
    <property name="path.separator" value=":"/>
    <property name="java.security.egd" value="file:///dev/urandom"/>
    <property name="os.version" value="5.4.0-1047-azure"/>
    <property name="java.endorsed.dirs" value="/usr/lib/jvm/adoptopenjdk-8-hotspot-amd64/jre/lib/endorsed"/>
    <property name="java.runtime.name" value="OpenJDK Runtime Environment"/>
    <property name="file.encoding" value="UTF-8"/>
    <property name="java.vm.name" value="OpenJDK 64-Bit Server VM"/>
    <property name="test.build.webapps" value=""/>
    <property name="localRepository" value="/home/runner/.m2/repository"/>
    <property name="java.vendor.url.bug" value="https://github.com/AdoptOpenJDK/openjdk-support/issues"/>
    <property name="java.io.tmpdir" value="/tmp"/>
    <property name="require.test.libhadoop" value=""/>
    <property name="java.version" value="1.8.0_292"/>
    <property name="user.dir" value="/home/runner/work/ozone/ozone/mnt/ozone/hadoop-ozone/integration-test"/>
    <property name="os.arch" value="amd64"/>
    <property name="java.vm.specification.name" value="Java Virtual Machine Specification"/>
    <property name="test.build.classes" value="/home/runner/work/ozone/ozone/mnt/ozone/hadoop-ozone/integration-test/target/test-classes"/>
    <property name="java.awt.printerjob" value="sun.print.PSPrinterJob"/>
    <property name="sun.os.patch.level" value="unknown"/>
    <property name="hadoop.tmp.dir" value="/home/runner/work/ozone/ozone/mnt/ozone/hadoop-ozone/integration-test/target/tmp"/>
    <property name="java.library.path" value="/usr/java/packages/lib/amd64:/usr/lib64:/lib64:/lib:/usr/lib"/>
    <property name="java.vm.info" value="mixed mode"/>
    <property name="java.vendor" value="AdoptOpenJDK"/>
    <property name="java.vm.version" value="25.292-b10"/>
    <property name="java.ext.dirs" value="/usr/lib/jvm/adoptopenjdk-8-hotspot-amd64/jre/lib/ext:/usr/java/packages/lib/ext"/>
    <property name="sun.io.unicode.encoding" value="UnicodeLittle"/>
    <property name="java.class.version" value="52.0"/>
  </properties>
  <testcase name="testMultipleDataDirs" classname="org.apache.hadoop.ozone.TestMiniOzoneCluster" time="17.944"/>
  <testcase name="testStartMultipleDatanodes" classname="org.apache.hadoop.ozone.TestMiniOzoneCluster" time="70.234">
    <error message="test timed out after 60000 milliseconds" type="org.junit.runners.model.TestTimedOutException">org.junit.runners.model.TestTimedOutException: test timed out after 60000 milliseconds
	at java.lang.Thread.sleep(Native Method)
	at org.apache.ozone.test.GenericTestUtils.waitFor(GenericTestUtils.java:218)
	at org.apache.hadoop.ozone.MiniOzoneClusterImpl.waitForClusterToBeReady(MiniOzoneClusterImpl.java:217)
	at org.apache.hadoop.ozone.TestMiniOzoneCluster.testStartMultipleDatanodes(TestMiniOzoneCluster.java:117)
	at sun.reflect.NativeMethodAccessorImpl.invoke0(Native Method)
	at sun.reflect.NativeMethodAccessorImpl.invoke(NativeMethodAccessorImpl.java:62)
	at sun.reflect.DelegatingMethodAccessorImpl.invoke(DelegatingMethodAccessorImpl.java:43)
	at java.lang.reflect.Method.invoke(Method.java:498)
	at org.junit.runners.model.FrameworkMethod$1.runReflectiveCall(FrameworkMethod.java:59)
	at org.junit.internal.runners.model.ReflectiveCallable.run(ReflectiveCallable.java:12)
	at org.junit.runners.model.FrameworkMethod.invokeExplosively(FrameworkMethod.java:56)
	at org.junit.internal.runners.statements.InvokeMethod.evaluate(InvokeMethod.java:17)
	at org.junit.internal.runners.statements.FailOnTimeout$CallableStatement.call(FailOnTimeout.java:288)
	at org.junit.internal.runners.statements.FailOnTimeout$CallableStatement.call(FailOnTimeout.java:282)
	at java.util.concurrent.FutureTask.run(FutureTask.java:266)
	at java.lang.Thread.run(Thread.java:748)
</error>
    <system-out><![CDATA[2021-06-07 19:45:38,245 [Time-limited test] WARN  server.ServerUtils (ServerUtils.java:getScmDbDir(148)) - ozone.scm.db.dirs is not configured. We recommend adding this setting. Falling back to ozone.metadata.dirs instead.
2021-06-07 19:45:38,247 [Time-limited test] INFO  ha.SCMHANodeDetails (SCMHANodeDetails.java:loadSCMHAConfig(157)) - ServiceID for StorageContainerManager is null
2021-06-07 19:45:38,247 [Time-limited test] INFO  ha.SCMHANodeDetails (SCMHANodeDetails.java:loadSCMHAConfig(162)) - ozone.scm.default.service.id is not defined, falling back to ozone.scm.service.ids to find serviceID for StorageContainerManager if it is HA enabled cluster
2021-06-07 19:45:38,248 [Time-limited test] WARN  server.ServerUtils (ServerUtils.java:getScmDbDir(148)) - ozone.scm.db.dirs is not configured. We recommend adding this setting. Falling back to ozone.metadata.dirs instead.
2021-06-07 19:45:38,249 [Time-limited test] WARN  utils.HAUtils (HAUtils.java:getMetaDir(342)) - ozone.scm.db.dirs is not configured. We recommend adding this setting. Falling back to ozone.metadata.dirs instead.
2021-06-07 19:45:38,250 [Time-limited test] WARN  db.DBStoreBuilder (DBStoreBuilder.java:applyDBDefinition(145)) - ozone.scm.db.dirs is not configured. We recommend adding this setting. Falling back to ozone.metadata.dirs instead.
2021-06-07 19:45:38,317 [Time-limited test] INFO  net.NodeSchemaLoader (NodeSchemaLoader.java:loadSchemaFromFile(129)) - Loading schema from [jar:file:/home/runner/.m2/repository/org/apache/ozone/hdds-common/1.2.0-SNAPSHOT/hdds-common-1.2.0-SNAPSHOT.jar!/network-topology-default.xml]
2021-06-07 19:45:38,317 [Time-limited test] INFO  net.NodeSchemaLoader (NodeSchemaLoader.java:loadSchema(176)) - Loading network topology layer schema file
2021-06-07 19:45:38,323 [Time-limited test] INFO  ha.SequenceIdGenerator (SequenceIdGenerator.java:upgradeToSequenceId(327)) - upgrade localId to 107544261427200000
2021-06-07 19:45:38,323 [Time-limited test] INFO  ha.SequenceIdGenerator (SequenceIdGenerator.java:upgradeToSequenceId(337)) - upgrade delTxnId to 0
2021-06-07 19:45:38,323 [Time-limited test] INFO  ha.SequenceIdGenerator (SequenceIdGenerator.java:upgradeToSequenceId(351)) - upgrade containerId to 0
2021-06-07 19:45:38,323 [Time-limited test] INFO  ha.SequenceIdGenerator (SequenceIdGenerator.java:<init>(217)) - Init the HA SequenceIdGenerator.
2021-06-07 19:45:38,323 [Time-limited test] WARN  server.ServerUtils (ServerUtils.java:sanitizeUserArgs(73)) - ozone.scm.stale.node.interval value = 300000 is larger than max = 100000 based on the key value of ozone.scm.heartbeat.thread.interval, reset to the max value 100000.
2021-06-07 19:45:38,323 [Time-limited test] WARN  server.ServerUtils (ServerUtils.java:sanitizeUserArgs(73)) - ozone.scm.stale.node.interval value = 300000 is larger than max = 100000 based on the key value of ozone.scm.heartbeat.thread.interval, reset to the max value 100000.
2021-06-07 19:45:38,324 [Time-limited test] INFO  node.SCMNodeManager (SCMNodeManager.java:<init>(125)) - Entering startup safe mode.
2021-06-07 19:45:38,324 [Time-limited test] INFO  algorithms.ContainerPlacementPolicyFactory (ContainerPlacementPolicyFactory.java:getPolicy(60)) - Create container placement policy of type org.apache.hadoop.hdds.scm.container.placement.algorithms.SCMContainerPlacementRandom
2021-06-07 19:45:38,324 [Time-limited test] INFO  pipeline.PipelineStateManager (PipelineStateManagerV2Impl.java:initialize(78)) - No pipeline exists in current db
2021-06-07 19:45:38,324 [Time-limited test] INFO  algorithms.LeaderChoosePolicyFactory (LeaderChoosePolicyFactory.java:getPolicy(57)) - Create leader choose policy of type org.apache.hadoop.hdds.scm.pipeline.leader.choose.algorithms.MinLeaderCountChoosePolicy
2021-06-07 19:45:38,325 [Time-limited test] INFO  ha.SCMServiceManager (SCMServiceManager.java:register(43)) - Registering service BackgroundPipelineCreator.
2021-06-07 19:45:38,325 [Time-limited test] INFO  pipeline.BackgroundPipelineCreator (BackgroundPipelineCreatorV2.java:start(130)) - Starting RatisPipelineUtilsThread.
2021-06-07 19:45:38,330 [Time-limited test] INFO  algorithms.PipelineChoosePolicyFactory (PipelineChoosePolicyFactory.java:createPipelineChoosePolicyFromClass(73)) - Create pipeline choose policy of type org.apache.hadoop.hdds.scm.pipeline.choose.algorithms.RandomPipelineChoosePolicy
2021-06-07 19:45:38,331 [Time-limited test] INFO  ha.SCMServiceManager (SCMServiceManager.java:register(43)) - Registering service SCMBlockDeletingService.
2021-06-07 19:45:38,332 [Time-limited test] INFO  ha.SCMServiceManager (SCMServiceManager.java:register(43)) - Registering service ReplicationManager.
2021-06-07 19:45:38,332 [Time-limited test] INFO  container.ReplicationManager (ReplicationManager.java:start(227)) - Starting Replication Monitor Thread.
2021-06-07 19:45:38,333 [Time-limited test] INFO  safemode.HealthyPipelineSafeModeRule (HealthyPipelineSafeModeRule.java:<init>(90)) - Total pipeline count is 0, healthy pipeline threshold count is 0
2021-06-07 19:45:38,333 [Time-limited test] INFO  safemode.OneReplicaPipelineSafeModeRule (OneReplicaPipelineSafeModeRule.java:<init>(86)) - Total pipeline count is 0, pipeline's with at least one datanode reported threshold count is 0
2021-06-07 19:45:38,334 [Time-limited test] INFO  ipc.CallQueueManager (CallQueueManager.java:<init>(85)) - Using callQueue: class java.util.concurrent.LinkedBlockingQueue, queueCapacity: 2000, scheduler: class org.apache.hadoop.ipc.DefaultRpcScheduler, ipcBackoff: false.
2021-06-07 19:45:38,335 [Socket Reader #1 for port 0] INFO  ipc.Server (Server.java:run(1255)) - Starting Socket Reader #1 for port 0
2021-06-07 19:45:38,336 [Listener at 0.0.0.0/34605] INFO  ipc.CallQueueManager (CallQueueManager.java:<init>(85)) - Using callQueue: class java.util.concurrent.LinkedBlockingQueue, queueCapacity: 2000, scheduler: class org.apache.hadoop.ipc.DefaultRpcScheduler, ipcBackoff: false.
2021-06-07 19:45:38,337 [Socket Reader #1 for port 0] INFO  ipc.Server (Server.java:run(1255)) - Starting Socket Reader #1 for port 0
2021-06-07 19:45:38,337 [Listener at 0.0.0.0/40249] INFO  ipc.CallQueueManager (CallQueueManager.java:<init>(85)) - Using callQueue: class java.util.concurrent.LinkedBlockingQueue, queueCapacity: 2000, scheduler: class org.apache.hadoop.ipc.DefaultRpcScheduler, ipcBackoff: false.
2021-06-07 19:45:38,339 [Socket Reader #1 for port 0] INFO  ipc.Server (Server.java:run(1255)) - Starting Socket Reader #1 for port 0
2021-06-07 19:45:38,340 [Listener at 0.0.0.0/39015] INFO  server.StorageContainerManager (StorageContainerManager.java:<init>(420)) - 
Container Balancer status:
Key                            Value
Running                        true
Container Balancer Configuration values:
Key                            Value
Threshold                      0.1
Max Datanodes to Balance       5
Max Size to Move               10737418240B

2021-06-07 19:45:38,340 [Listener at 0.0.0.0/39015] WARN  events.EventQueue (EventQueue.java:fireEvent(185)) - No event handler registered for event TypedEvent{payloadType=SafeModeStatus, name='Safe mode status'}
2021-06-07 19:45:38,340 [Listener at 0.0.0.0/39015] INFO  ha.SCMContext (SCMContext.java:updateSafeModeStatus(148)) - Update SafeModeStatus from SafeModeStatus{safeModeStatus=true, preCheckPassed=false} to SafeModeStatus{safeModeStatus=true, preCheckPassed=false}.
2021-06-07 19:45:38,341 [Listener at 0.0.0.0/39015] INFO  server.StorageContainerManager (StorageContainerManager.java:start(1208)) - StorageContainerLocationProtocol RPC server is listening at /0.0.0.0:39015
2021-06-07 19:45:38,346 [Listener at 0.0.0.0/39015] WARN  impl.MetricsConfig (MetricsConfig.java:loadFirst(136)) - Cannot locate configuration: tried hadoop-metrics2-storagecontainermanager.properties,hadoop-metrics2.properties
2021-06-07 19:45:38,346 [ReplicationMonitor] INFO  container.ReplicationManager (ReplicationManager.java:run(291)) - Replication Monitor Thread took 0 milliseconds for processing 0 containers.
2021-06-07 19:45:38,348 [Listener at 0.0.0.0/39015] INFO  impl.MetricsSystemImpl (MetricsSystemImpl.java:startTimer(378)) - Scheduled Metric snapshot period at 10 second(s).
2021-06-07 19:45:38,349 [Listener at 0.0.0.0/39015] INFO  impl.MetricsSystemImpl (MetricsSystemImpl.java:start(191)) - StorageContainerManager metrics system started
2021-06-07 19:45:38,358 [Listener at 0.0.0.0/39015] INFO  impl.MetricsSinkAdapter (MetricsSinkAdapter.java:start(204)) - Sink prometheus started
2021-06-07 19:45:38,359 [Listener at 0.0.0.0/39015] INFO  impl.MetricsSystemImpl (MetricsSystemImpl.java:registerSink(305)) - Registered sink prometheus
2021-06-07 19:45:38,372 [Listener at 0.0.0.0/39015] INFO  server.SCMClientProtocolServer (SCMClientProtocolServer.java:start(157)) - RPC server for Client  is listening at /0.0.0.0:39015
2021-06-07 19:45:38,373 [IPC Server Responder] INFO  ipc.Server (Server.java:run(1497)) - IPC Server Responder: starting
2021-06-07 19:45:38,373 [IPC Server listener on 0] INFO  ipc.Server (Server.java:run(1334)) - IPC Server listener on 0: starting
2021-06-07 19:45:38,380 [Listener at 0.0.0.0/39015] INFO  server.StorageContainerManager (StorageContainerManager.java:start(1223)) - ScmBlockLocationProtocol RPC server is listening at /0.0.0.0:40249
2021-06-07 19:45:38,380 [Listener at 0.0.0.0/39015] INFO  server.SCMBlockProtocolServer (SCMBlockProtocolServer.java:start(149)) - RPC server for Block Protocol is listening at /0.0.0.0:40249
2021-06-07 19:45:38,384 [IPC Server Responder] INFO  ipc.Server (Server.java:run(1497)) - IPC Server Responder: starting
2021-06-07 19:45:38,384 [IPC Server listener on 0] INFO  ipc.Server (Server.java:run(1334)) - IPC Server listener on 0: starting
2021-06-07 19:45:38,391 [Listener at 0.0.0.0/39015] INFO  server.StorageContainerManager (StorageContainerManager.java:start(1229)) - ScmDatanodeProtocl RPC server is listening at /0.0.0.0:34605
2021-06-07 19:45:38,391 [Listener at 0.0.0.0/39015] INFO  server.SCMDatanodeProtocolServer (SCMDatanodeProtocolServer.java:start(174)) - RPC server for DataNodes is listening at /0.0.0.0:34605
2021-06-07 19:45:38,393 [IPC Server Responder] INFO  ipc.Server (Server.java:run(1497)) - IPC Server Responder: starting
2021-06-07 19:45:38,394 [IPC Server listener on 0] INFO  ipc.Server (Server.java:run(1334)) - IPC Server listener on 0: starting
2021-06-07 19:45:38,398 [Listener at 0.0.0.0/39015] INFO  http.BaseHttpServer (BaseHttpServer.java:newHttpServer2BuilderForOzone(209)) - Starting Web-server for scm at: http://0.0.0.0:0
2021-06-07 19:45:38,398 [Listener at 0.0.0.0/39015] INFO  http.BaseHttpServer (BaseHttpServer.java:<init>(107)) - Hadoop Security Enabled: false Ozone Security Enabled: false Ozone HTTP Security Enabled: false 
2021-06-07 19:45:38,400 [Listener at 0.0.0.0/39015] INFO  server.AuthenticationFilter (AuthenticationFilter.java:constructSecretProvider(240)) - Unable to initialize FileSignerSecretProvider, falling back to use random secrets.
2021-06-07 19:45:38,402 [Listener at 0.0.0.0/39015] WARN  http.HttpRequestLog (HttpRequestLog.java:getRequestLog(103)) - Jetty request log can only be enabled using Log4j
2021-06-07 19:45:38,402 [Listener at 0.0.0.0/39015] INFO  http.HttpServer2 (HttpServer2.java:addGlobalFilter(1020)) - Added global filter 'safety' (class=org.apache.hadoop.hdds.server.http.HttpServer2$QuotingInputFilter)
2021-06-07 19:45:38,403 [Listener at 0.0.0.0/39015] INFO  http.HttpServer2 (HttpServer2.java:addFilter(996)) - Added filter static_user_filter (class=org.apache.hadoop.http.lib.StaticUserWebFilter$StaticUserFilter) to context scm
2021-06-07 19:45:38,403 [Listener at 0.0.0.0/39015] INFO  http.HttpServer2 (HttpServer2.java:addFilter(1004)) - Added filter static_user_filter (class=org.apache.hadoop.http.lib.StaticUserWebFilter$StaticUserFilter) to context static
2021-06-07 19:45:38,403 [Listener at 0.0.0.0/39015] INFO  http.HttpServer2 (HttpServer2.java:addFilter(1004)) - Added filter static_user_filter (class=org.apache.hadoop.http.lib.StaticUserWebFilter$StaticUserFilter) to context logs
2021-06-07 19:45:38,404 [Listener at 0.0.0.0/39015] INFO  http.HttpServer2 (HttpServer2.java:bindListener(1238)) - Jetty bound to port 43767
2021-06-07 19:45:38,404 [Listener at 0.0.0.0/39015] INFO  server.Server (Server.java:doStart(375)) - jetty-9.4.35.v20201120; built: 2020-11-20T21:17:03.964Z; git: bdc54f03a5e0a7e280fab27f55c3c75ee8da89fb; jvm 1.8.0_292-b10
2021-06-07 19:45:38,406 [Listener at 0.0.0.0/39015] INFO  server.session (DefaultSessionIdManager.java:doStart(334)) - DefaultSessionIdManager workerName=node0
2021-06-07 19:45:38,406 [Listener at 0.0.0.0/39015] INFO  server.session (DefaultSessionIdManager.java:doStart(339)) - No SessionScavenger set, using defaults
2021-06-07 19:45:38,406 [Listener at 0.0.0.0/39015] INFO  server.session (HouseKeeper.java:startScavenging(132)) - node0 Scavenging every 660000ms
2021-06-07 19:45:38,407 [Listener at 0.0.0.0/39015] INFO  handler.ContextHandler (ContextHandler.java:doStart(916)) - Started o.e.j.s.ServletContextHandler@7a14a94d{logs,/logs,file:///home/runner/work/ozone/ozone/mnt/ozone/hadoop-ozone/integration-test/target/log,AVAILABLE}
2021-06-07 19:45:38,407 [Listener at 0.0.0.0/39015] INFO  handler.ContextHandler (ContextHandler.java:doStart(916)) - Started o.e.j.s.ServletContextHandler@781dd8fb{static,/static,file:///home/runner/work/ozone/ozone/mnt/ozone/hadoop-ozone/integration-test/target/test-classes/webapps/static,AVAILABLE}
2021-06-07 19:45:38,410 [org.apache.hadoop.util.JvmPauseMonitor$Monitor@13a69d6d] INFO  util.JvmPauseMonitor (JvmPauseMonitor.java:run(188)) - Starting JVM pause monitor
2021-06-07 19:45:38,414 [Listener at 0.0.0.0/39015] INFO  handler.ContextHandler (ContextHandler.java:doStart(916)) - Started o.e.j.w.WebAppContext@3534b473{scm,/,file:///home/runner/work/ozone/ozone/mnt/ozone/hadoop-ozone/integration-test/target/test-classes/webapps/scm/,AVAILABLE}{file:/home/runner/work/ozone/ozone/mnt/ozone/hadoop-ozone/integration-test/target/test-classes/webapps/scm}
2021-06-07 19:45:38,416 [Listener at 0.0.0.0/39015] INFO  server.AbstractConnector (AbstractConnector.java:doStart(331)) - Started ServerConnector@2905cdd1{HTTP/1.1, (http/1.1)}{0.0.0.0:43767}
2021-06-07 19:45:38,417 [Listener at 0.0.0.0/39015] INFO  server.Server (Server.java:doStart(415)) - Started @19366ms
2021-06-07 19:45:38,417 [Listener at 0.0.0.0/39015] WARN  impl.MetricsSystemImpl (MetricsSystemImpl.java:register(279)) - Sink prometheus already exists!
2021-06-07 19:45:38,417 [Listener at 0.0.0.0/39015] INFO  http.BaseHttpServer (BaseHttpServer.java:updateConnectorAddress(329)) - HTTP server of scm listening at http://0.0.0.0:43767
2021-06-07 19:45:38,417 [Listener at 0.0.0.0/39015] WARN  server.ServerUtils (ServerUtils.java:getDBPath(225)) - ozone.om.db.dirs is not configured. We recommend adding this setting. Falling back to ozone.metadata.dirs instead.
2021-06-07 19:45:38,419 [Listener at 0.0.0.0/39015] INFO  ha.OMHANodeDetails (OMHANodeDetails.java:loadOMHAConfig(105)) - ozone.om.internal.service.id is not defined, falling back to ozone.om.service.ids to find serviceID for OzoneManager if it is HA enabled cluster
2021-06-07 19:45:38,419 [Listener at 0.0.0.0/39015] INFO  ha.OMHANodeDetails (OMHANodeDetails.java:loadOMHAConfig(212)) - Configuration does not have ozone.om.address set. Falling back to the default OM address /127.0.0.1:0
2021-06-07 19:45:38,419 [Listener at 0.0.0.0/39015] INFO  ha.OMHANodeDetails (OMHANodeDetails.java:getOMNodeDetails(240)) - OM Service ID is not set. Setting it to the default ID: omServiceIdDefault
2021-06-07 19:45:38,419 [Listener at 0.0.0.0/39015] INFO  ha.OMHANodeDetails (OMHANodeDetails.java:getOMNodeDetails(247)) - OM Node ID is not set. Setting it to the default ID: om1
2021-06-07 19:45:38,419 [Listener at 0.0.0.0/39015] WARN  server.ServerUtils (ServerUtils.java:getDBPath(225)) - ozone.om.db.dirs is not configured. We recommend adding this setting. Falling back to ozone.metadata.dirs instead.
2021-06-07 19:45:38,421 [Listener at 0.0.0.0/39015] WARN  server.ServerUtils (ServerUtils.java:getDBPath(225)) - ozone.om.db.dirs is not configured. We recommend adding this setting. Falling back to ozone.metadata.dirs instead.
2021-06-07 19:45:38,428 [Listener at 0.0.0.0/39015] WARN  server.ServerUtils (ServerUtils.java:getDBPath(225)) - ozone.om.db.dirs is not configured. We recommend adding this setting. Falling back to ozone.metadata.dirs instead.
2021-06-07 19:45:38,431 [Listener at 0.0.0.0/39015] INFO  codec.OmKeyInfoCodec (OmKeyInfoCodec.java:<init>(43)) - OmKeyInfoCodec ignorePipeline = true
2021-06-07 19:45:38,431 [Listener at 0.0.0.0/39015] INFO  codec.RepeatedOmKeyInfoCodec (RepeatedOmKeyInfoCodec.java:<init>(42)) - RepeatedOmKeyInfoCodec ignorePipeline = true
2021-06-07 19:45:38,500 [Listener at 0.0.0.0/39015] INFO  om.OzoneManager (OzoneManager.java:addS3GVolumeToDB(3765)) - Created Volume s3v With Owner runner required for S3Gateway operations.
2021-06-07 19:45:38,500 [Listener at 0.0.0.0/39015] WARN  server.ServerUtils (ServerUtils.java:getDefaultRatisDirectory(237)) - Storage directory for Ratis is not configured. It is a good idea to map this to an SSD disk. Falling back to ozone.metadata.dirs
2021-06-07 19:45:38,500 [Listener at 0.0.0.0/39015] WARN  ratis.OzoneManagerRatisServer (OzoneManagerRatisServer.java:getOMRatisSnapshotDirectory(634)) - ozone.om.ratis.snapshot.dir is not configured. Falling back to ozone.metadata.dirs config
2021-06-07 19:45:38,501 [Listener at 0.0.0.0/39015] WARN  server.ServerUtils (ServerUtils.java:getDefaultRatisDirectory(237)) - Storage directory for Ratis is not configured. It is a good idea to map this to an SSD disk. Falling back to ozone.metadata.dirs
2021-06-07 19:45:38,505 [Listener at 0.0.0.0/39015] INFO  ratis.OzoneManagerRatisServer (OzoneManagerRatisServer.java:<init>(288)) - Instantiating OM Ratis server with GroupID: omServiceIdDefault and Raft Peers: localhost:9872
2021-06-07 19:45:38,505 [Listener at 0.0.0.0/39015] INFO  ratis.OzoneManagerStateMachine (OzoneManagerStateMachine.java:loadSnapshotInfoFromDB(520)) - LastAppliedIndex is set from TransactionInfo from OM DB as (t:0, i:~)
2021-06-07 19:45:38,505 [Listener at 0.0.0.0/39015] INFO  server.RaftServer (ConfUtils.java:logGet(44)) - raft.rpc.type = GRPC (default)
2021-06-07 19:45:38,506 [Listener at 0.0.0.0/39015] INFO  grpc.GrpcFactory (GrpcFactory.java:checkPooledByteBufAllocatorUseCacheForAllThreads(48)) - PERFORMANCE WARNING: useCacheForAllThreads is true that may cause Netty to create a lot garbage objects and, as a result, trigger GC.
	It is recommended to disable useCacheForAllThreads by setting -Dorg.apache.ratis.thirdparty.io.netty.allocator.useCacheForAllThreads=false in command line.
2021-06-07 19:45:38,506 [Listener at 0.0.0.0/39015] INFO  grpc.GrpcConfigKeys (ConfUtils.java:logGet(44)) - raft.grpc.admin.port = -1 (default)
2021-06-07 19:45:38,506 [Listener at 0.0.0.0/39015] INFO  grpc.GrpcConfigKeys (ConfUtils.java:logGet(44)) - raft.grpc.server.port = 9872 (custom)
2021-06-07 19:45:38,506 [Listener at 0.0.0.0/39015] INFO  grpc.GrpcConfigKeys (ConfUtils.java:logGet(44)) - raft.grpc.client.port = -1 (default)
2021-06-07 19:45:38,506 [Listener at 0.0.0.0/39015] INFO  grpc.GrpcConfigKeys (ConfUtils.java:logGet(44)) - raft.grpc.server.port = 9872 (custom)
2021-06-07 19:45:38,506 [Listener at 0.0.0.0/39015] INFO  grpc.GrpcConfigKeys (ConfUtils.java:logGet(44)) - raft.grpc.server.port = 9872 (custom)
2021-06-07 19:45:38,506 [Listener at 0.0.0.0/39015] INFO  server.GrpcService (ConfUtils.java:logGet(44)) - raft.grpc.message.size.max = 33554432 (custom)
2021-06-07 19:45:38,506 [Listener at 0.0.0.0/39015] INFO  server.RaftServerConfigKeys (ConfUtils.java:logGet(44)) - raft.server.log.appender.buffer.byte-limit = 33554432 (custom)
2021-06-07 19:45:38,506 [Listener at 0.0.0.0/39015] INFO  server.GrpcService (ConfUtils.java:logGet(44)) - raft.grpc.flow.control.window = 1MB (=1048576) (default)
2021-06-07 19:45:38,508 [Listener at 0.0.0.0/39015] INFO  server.RaftServerConfigKeys (ConfUtils.java:logGet(44)) - raft.server.rpc.request.timeout = 3000ms (default)
2021-06-07 19:45:38,509 [Listener at 0.0.0.0/39015] INFO  impl.DataStreamServerImpl (ConfUtils.java:logGet(44)) - raft.datastream.type = DISABLED (default)
2021-06-07 19:45:38,510 [Listener at 0.0.0.0/39015] INFO  server.RaftServerConfigKeys (ConfUtils.java:logGet(44)) - raft.server.rpc.slowness.timeout = 120s (custom)
2021-06-07 19:45:38,510 [Listener at 0.0.0.0/39015] INFO  server.RaftServerConfigKeys (ConfUtils.java:logGet(44)) - raft.server.leaderelection.leader.step-down.wait-time = 10s (default)
2021-06-07 19:45:38,510 [Listener at 0.0.0.0/39015] INFO  server.RaftServerConfigKeys (ConfUtils.java:logGet(44)) - raft.server.storage.dir = [/home/runner/work/ozone/ozone/mnt/ozone/hadoop-ozone/integration-test/target/test-dir/MiniOzoneClusterImpl-03cd68cf-68ac-428b-89d3-1b040d29d264/ozone-meta/ratis] (custom)
2021-06-07 19:45:38,510 [Listener at 0.0.0.0/39015] INFO  server.RaftServer (RaftServerProxy.java:addNew(95)) - om1: addNew group-C5BA1605619E:[om1|rpc:localhost:9872|priority:0] returns group-C5BA1605619E:java.util.concurrent.CompletableFuture@79f8debb[Not completed]
2021-06-07 19:45:38,510 [Listener at 0.0.0.0/39015] INFO  om.OzoneManager (OzoneManager.java:initializeRatisServer(1294)) - OzoneManager Ratis server initialized at port 9872
2021-06-07 19:45:38,512 [Listener at 0.0.0.0/39015] INFO  ipc.CallQueueManager (CallQueueManager.java:<init>(85)) - Using callQueue: class java.util.concurrent.LinkedBlockingQueue, queueCapacity: 2000, scheduler: class org.apache.hadoop.ipc.DefaultRpcScheduler, ipcBackoff: false.
2021-06-07 19:45:38,512 [pool-92-thread-1] INFO  server.RaftServer$Division (RaftServerImpl.java:<init>(180)) - om1: new RaftServerImpl for group-C5BA1605619E:[om1|rpc:localhost:9872|priority:0] with OzoneManagerStateMachine:uninitialized
2021-06-07 19:45:38,512 [Socket Reader #1 for port 0] INFO  ipc.Server (Server.java:run(1255)) - Starting Socket Reader #1 for port 0
2021-06-07 19:45:38,513 [pool-92-thread-1] INFO  server.RaftServerConfigKeys (ConfUtils.java:logGet(44)) - raft.server.rpc.timeout.min = 1s (custom)
2021-06-07 19:45:38,513 [pool-92-thread-1] INFO  server.RaftServerConfigKeys (ConfUtils.java:logGet(44)) - raft.server.rpc.timeout.max = 1200ms (custom)
2021-06-07 19:45:38,513 [pool-92-thread-1] INFO  server.RaftServerConfigKeys (ConfUtils.java:logGet(44)) - raft.server.rpc.sleep.time = 25ms (default)
2021-06-07 19:45:38,513 [pool-92-thread-1] INFO  server.RaftServerConfigKeys (ConfUtils.java:logGet(44)) - raft.server.rpc.slowness.timeout = 120s (custom)
2021-06-07 19:45:38,513 [pool-92-thread-1] INFO  server.RaftServerConfigKeys (ConfUtils.java:logGet(44)) - raft.server.leaderelection.leader.step-down.wait-time = 10s (default)
2021-06-07 19:45:38,513 [pool-92-thread-1] INFO  server.RaftServerConfigKeys (ConfUtils.java:logGet(44)) - raft.server.sleep.deviation.threshold = 300ms (default)
2021-06-07 19:45:38,513 [pool-92-thread-1] INFO  server.RaftServerConfigKeys (ConfUtils.java:logGet(44)) - raft.server.log.appender.install.snapshot.enabled = false (custom)
2021-06-07 19:45:38,513 [pool-92-thread-1] INFO  server.RaftServer$Division (ServerState.java:<init>(105)) - om1@group-C5BA1605619E: ConfigurationManager, init=-1: [om1|rpc:localhost:9872|priority:0], old=null, confs=<EMPTY_MAP>
2021-06-07 19:45:38,513 [pool-92-thread-1] INFO  server.RaftServerConfigKeys (ConfUtils.java:logGet(44)) - raft.server.storage.dir = [/home/runner/work/ozone/ozone/mnt/ozone/hadoop-ozone/integration-test/target/test-dir/MiniOzoneClusterImpl-03cd68cf-68ac-428b-89d3-1b040d29d264/ozone-meta/ratis] (custom)
2021-06-07 19:45:38,518 [pool-92-thread-1] INFO  server.RaftServerConfigKeys (ConfUtils.java:logGet(44)) - raft.server.log.corruption.policy = EXCEPTION (default)
2021-06-07 19:45:38,518 [pool-92-thread-1] INFO  storage.RaftStorageDirectory (RaftStorageDirectoryImpl.java:analyzeStorage(132)) - The storage directory /home/runner/work/ozone/ozone/mnt/ozone/hadoop-ozone/integration-test/target/test-dir/MiniOzoneClusterImpl-03cd68cf-68ac-428b-89d3-1b040d29d264/ozone-meta/ratis/bf265839-605b-3f16-9796-c5ba1605619e does not exist. Creating ...
2021-06-07 19:45:38,519 [pool-92-thread-1] INFO  storage.RaftStorageDirectory (RaftStorageDirectoryImpl.java:tryLock(215)) - Lock on /home/runner/work/ozone/ozone/mnt/ozone/hadoop-ozone/integration-test/target/test-dir/MiniOzoneClusterImpl-03cd68cf-68ac-428b-89d3-1b040d29d264/ozone-meta/ratis/bf265839-605b-3f16-9796-c5ba1605619e/in_use.lock acquired by nodename 30541@fv-az184-40
2021-06-07 19:45:38,520 [pool-92-thread-1] INFO  storage.RaftStorage (RaftStorageImpl.java:format(87)) - Storage directory /home/runner/work/ozone/ozone/mnt/ozone/hadoop-ozone/integration-test/target/test-dir/MiniOzoneClusterImpl-03cd68cf-68ac-428b-89d3-1b040d29d264/ozone-meta/ratis/bf265839-605b-3f16-9796-c5ba1605619e has been successfully formatted.
2021-06-07 19:45:38,520 [pool-92-thread-1] INFO  server.RaftServerConfigKeys (ConfUtils.java:logGet(44)) - raft.server.notification.no-leader.timeout = 120s (custom)
2021-06-07 19:45:38,520 [pool-92-thread-1] INFO  server.RaftServerConfigKeys (ConfUtils.java:logGet(44)) - raft.server.log.use.memory = false (default)
2021-06-07 19:45:38,520 [pool-92-thread-1] INFO  server.RaftServerConfigKeys (ConfUtils.java:logGet(44)) - raft.server.log.purge.gap = 1000000 (custom)
2021-06-07 19:45:38,520 [pool-92-thread-1] INFO  server.RaftServerConfigKeys (ConfUtils.java:logGet(44)) - raft.server.log.appender.buffer.byte-limit = 33554432 (custom)
2021-06-07 19:45:38,520 [pool-92-thread-1] INFO  metrics.RatisMetrics (RatisMetrics.java:lambda$create$0(36)) - Creating Metrics Registry : ratis.log_worker.om1@group-C5BA1605619E
2021-06-07 19:45:38,521 [pool-92-thread-1] INFO  server.RaftServerConfigKeys (ConfUtils.java:logGet(44)) - raft.server.log.segment.size.max = 4194304 (custom)
2021-06-07 19:45:38,521 [pool-92-thread-1] INFO  server.RaftServerConfigKeys (ConfUtils.java:logGet(44)) - raft.server.log.segment.cache.num.max = 2 (custom)
2021-06-07 19:45:38,521 [pool-92-thread-1] INFO  server.RaftServerConfigKeys (ConfUtils.java:logGet(44)) - raft.server.log.segment.cache.size.max = 200MB (=209715200) (default)
2021-06-07 19:45:38,521 [pool-92-thread-1] INFO  segmented.SegmentedRaftLogWorker (SegmentedRaftLogWorker.java:<init>(182)) - new om1@group-C5BA1605619E-SegmentedRaftLogWorker for RaftStorageImpl:Storage Directory /home/runner/work/ozone/ozone/mnt/ozone/hadoop-ozone/integration-test/target/test-dir/MiniOzoneClusterImpl-03cd68cf-68ac-428b-89d3-1b040d29d264/ozone-meta/ratis/bf265839-605b-3f16-9796-c5ba1605619e
2021-06-07 19:45:38,521 [pool-92-thread-1] INFO  server.RaftServerConfigKeys (ConfUtils.java:logGet(44)) - raft.server.log.queue.byte-limit = 64MB (=67108864) (default)
2021-06-07 19:45:38,521 [pool-92-thread-1] INFO  server.RaftServerConfigKeys (ConfUtils.java:logGet(44)) - raft.server.log.queue.element-limit = 4096 (default)
2021-06-07 19:45:38,521 [pool-92-thread-1] INFO  server.RaftServerConfigKeys (ConfUtils.java:logGet(44)) - raft.server.log.segment.size.max = 4194304 (custom)
2021-06-07 19:45:38,521 [pool-92-thread-1] INFO  server.RaftServerConfigKeys (ConfUtils.java:logGet(44)) - raft.server.log.preallocated.size = 4194304 (custom)
2021-06-07 19:45:38,521 [pool-92-thread-1] INFO  server.RaftServerConfigKeys (ConfUtils.java:logGet(44)) - raft.server.log.force.sync.num = 128 (default)
2021-06-07 19:45:38,522 [pool-92-thread-1] INFO  server.RaftServerConfigKeys (ConfUtils.java:logGet(44)) - raft.server.log.statemachine.data.sync = true (default)
2021-06-07 19:45:38,522 [pool-92-thread-1] INFO  server.RaftServerConfigKeys (ConfUtils.java:logGet(44)) - raft.server.log.statemachine.data.sync.timeout = 10s (default)
2021-06-07 19:45:38,522 [pool-92-thread-1] INFO  server.RaftServerConfigKeys (ConfUtils.java:logGet(44)) - raft.server.log.statemachine.data.sync.timeout.retry = -1 (default)
2021-06-07 19:45:38,523 [pool-92-thread-1] INFO  server.RaftServerConfigKeys (ConfUtils.java:logGet(44)) - raft.server.log.write.buffer.size = 64KB (=65536) (default)
2021-06-07 19:45:38,523 [pool-92-thread-1] INFO  server.RaftServerConfigKeys (ConfUtils.java:logGet(44)) - raft.server.log.statemachine.data.caching.enabled = false (default)
2021-06-07 19:45:38,523 [pool-92-thread-1] INFO  segmented.SegmentedRaftLogWorker (SegmentedRaftLogWorker.java:lambda$new$0(133)) - om1@group-C5BA1605619E-SegmentedRaftLogWorker: flushIndex: setUnconditionally 0 -> -1
2021-06-07 19:45:38,523 [pool-92-thread-1] INFO  segmented.SegmentedRaftLogWorker (SegmentedRaftLogWorker.java:lambda$new$0(133)) - om1@group-C5BA1605619E-SegmentedRaftLogWorker: safeCacheEvictIndex: setUnconditionally 0 -> -1
2021-06-07 19:45:38,533 [Listener at 127.0.0.1/44431] INFO  impl.MetricsSystemImpl (MetricsSystemImpl.java:init(158)) - OzoneManager metrics system started (again)
2021-06-07 19:45:38,533 [pool-92-thread-1] INFO  server.RaftServerConfigKeys (ConfUtils.java:logGet(44)) - raft.server.snapshot.auto.trigger.enabled = true (custom)
2021-06-07 19:45:38,533 [pool-92-thread-1] INFO  server.RaftServerConfigKeys (ConfUtils.java:logGet(44)) - raft.server.snapshot.auto.trigger.threshold = 400000 (default)
2021-06-07 19:45:38,533 [pool-92-thread-1] INFO  server.RaftServerConfigKeys (ConfUtils.java:logGet(44)) - raft.server.snapshot.retention.file.num = -1 (default)
2021-06-07 19:45:38,534 [pool-92-thread-1] INFO  server.RaftServerConfigKeys (ConfUtils.java:logGet(44)) - raft.server.log.purge.upto.snapshot.index = true (custom)
2021-06-07 19:45:38,534 [pool-92-thread-1] INFO  server.RaftServerConfigKeys (ConfUtils.java:logGet(44)) - raft.server.retrycache.expirytime = 300s (custom)
2021-06-07 19:45:38,534 [pool-92-thread-1] INFO  server.RaftServerConfigKeys (ConfUtils.java:logGet(44)) - raft.server.retrycache.statistics.expirytime = 100μs (default)
2021-06-07 19:45:38,534 [pool-92-thread-1] INFO  metrics.RatisMetrics (RatisMetrics.java:lambda$create$0(36)) - Creating Metrics Registry : ratis.leader_election.om1@group-C5BA1605619E
2021-06-07 19:45:38,534 [pool-92-thread-1] INFO  metrics.RatisMetrics (RatisMetrics.java:lambda$create$0(36)) - Creating Metrics Registry : ratis.server.om1@group-C5BA1605619E
2021-06-07 19:45:38,536 [Listener at 127.0.0.1/44431] INFO  om.OzoneManager (OzoneManager.java:start(1104)) - OzoneManager RPC server is listening at localhost/127.0.0.1:44431
2021-06-07 19:45:38,536 [Listener at 127.0.0.1/44431] INFO  ratis.OzoneManagerRatisServer (OzoneManagerRatisServer.java:start(388)) - Starting OzoneManagerRatisServer om1 at port 9872
2021-06-07 19:45:38,536 [Listener at 127.0.0.1/44431] INFO  server.RaftServer$Division (RaftServerImpl.java:start(295)) - om1@group-C5BA1605619E: start as a follower, conf=-1: [om1|rpc:localhost:9872|priority:0], old=null
2021-06-07 19:45:38,536 [Listener at 127.0.0.1/44431] INFO  server.RaftServer$Division (RaftServerImpl.java:setRole(284)) - om1@group-C5BA1605619E: changes role from      null to FOLLOWER at term 0 for startAsFollower
2021-06-07 19:45:38,536 [Listener at 127.0.0.1/44431] INFO  impl.RoleInfo (RoleInfo.java:updateAndGet(130)) - om1: start om1@group-C5BA1605619E-FollowerState
2021-06-07 19:45:38,537 [Listener at 127.0.0.1/44431] INFO  util.JmxRegister (JmxRegister.java:tryRegister(44)) - Successfully registered JMX Bean with object name Ratis:service=RaftServer,group=group-C5BA1605619E,id=om1
2021-06-07 19:45:38,537 [Listener at 127.0.0.1/44431] INFO  metrics.RatisMetrics (RatisMetrics.java:lambda$create$0(36)) - Creating Metrics Registry : ratis.state_machine.om1@group-C5BA1605619E
2021-06-07 19:45:38,542 [Listener at 127.0.0.1/44431] INFO  server.RaftServer (RaftServerProxy.java:lambda$start$5(374)) - om1: start RPC server
2021-06-07 19:45:38,543 [Listener at 127.0.0.1/44431] INFO  server.GrpcService (GrpcService.java:startImpl(253)) - om1: GrpcService started, listening on 9872
2021-06-07 19:45:38,546 [org.apache.ratis.util.JvmPauseMonitor$$Lambda$513/1826718760@a0c9fe4] INFO  util.JvmPauseMonitor (JvmPauseMonitor.java:run(103)) - JvmPauseMonitor-om1: Started
2021-06-07 19:45:38,549 [Listener at 127.0.0.1/44431] INFO  http.BaseHttpServer (BaseHttpServer.java:newHttpServer2BuilderForOzone(209)) - Starting Web-server for ozoneManager at: http://0.0.0.0:0
2021-06-07 19:45:38,549 [Listener at 127.0.0.1/44431] INFO  http.BaseHttpServer (BaseHttpServer.java:<init>(107)) - Hadoop Security Enabled: false Ozone Security Enabled: false Ozone HTTP Security Enabled: false 
2021-06-07 19:45:38,550 [Listener at 127.0.0.1/44431] INFO  server.AuthenticationFilter (AuthenticationFilter.java:constructSecretProvider(240)) - Unable to initialize FileSignerSecretProvider, falling back to use random secrets.
2021-06-07 19:45:38,550 [Listener at 127.0.0.1/44431] WARN  http.HttpRequestLog (HttpRequestLog.java:getRequestLog(103)) - Jetty request log can only be enabled using Log4j
2021-06-07 19:45:38,551 [Listener at 127.0.0.1/44431] INFO  http.HttpServer2 (HttpServer2.java:addGlobalFilter(1020)) - Added global filter 'safety' (class=org.apache.hadoop.hdds.server.http.HttpServer2$QuotingInputFilter)
2021-06-07 19:45:38,552 [Listener at 127.0.0.1/44431] INFO  http.HttpServer2 (HttpServer2.java:addFilter(996)) - Added filter static_user_filter (class=org.apache.hadoop.http.lib.StaticUserWebFilter$StaticUserFilter) to context ozoneManager
2021-06-07 19:45:38,552 [Listener at 127.0.0.1/44431] INFO  http.HttpServer2 (HttpServer2.java:addFilter(1004)) - Added filter static_user_filter (class=org.apache.hadoop.http.lib.StaticUserWebFilter$StaticUserFilter) to context logs
2021-06-07 19:45:38,552 [Listener at 127.0.0.1/44431] INFO  http.HttpServer2 (HttpServer2.java:addFilter(1004)) - Added filter static_user_filter (class=org.apache.hadoop.http.lib.StaticUserWebFilter$StaticUserFilter) to context static
2021-06-07 19:45:38,553 [Listener at 127.0.0.1/44431] INFO  http.HttpServer2 (HttpServer2.java:bindListener(1238)) - Jetty bound to port 38599
2021-06-07 19:45:38,553 [Listener at 127.0.0.1/44431] INFO  server.Server (Server.java:doStart(375)) - jetty-9.4.35.v20201120; built: 2020-11-20T21:17:03.964Z; git: bdc54f03a5e0a7e280fab27f55c3c75ee8da89fb; jvm 1.8.0_292-b10
2021-06-07 19:45:38,554 [Listener at 127.0.0.1/44431] INFO  server.session (DefaultSessionIdManager.java:doStart(334)) - DefaultSessionIdManager workerName=node0
2021-06-07 19:45:38,554 [Listener at 127.0.0.1/44431] INFO  server.session (DefaultSessionIdManager.java:doStart(339)) - No SessionScavenger set, using defaults
2021-06-07 19:45:38,555 [Listener at 127.0.0.1/44431] INFO  server.session (HouseKeeper.java:startScavenging(132)) - node0 Scavenging every 660000ms
2021-06-07 19:45:38,556 [Listener at 127.0.0.1/44431] INFO  handler.ContextHandler (ContextHandler.java:doStart(916)) - Started o.e.j.s.ServletContextHandler@6bc6bf66{logs,/logs,file:///home/runner/work/ozone/ozone/mnt/ozone/hadoop-ozone/integration-test/target/log,AVAILABLE}
2021-06-07 19:45:38,556 [Listener at 127.0.0.1/44431] INFO  handler.ContextHandler (ContextHandler.java:doStart(916)) - Started o.e.j.s.ServletContextHandler@6f2c8567{static,/static,file:///home/runner/work/ozone/ozone/mnt/ozone/hadoop-ozone/integration-test/target/test-classes/webapps/static,AVAILABLE}
2021-06-07 19:45:38,559 [Listener at 127.0.0.1/44431] INFO  handler.ContextHandler (ContextHandler.java:doStart(916)) - Started o.e.j.w.WebAppContext@72767070{ozoneManager,/,file:///home/runner/work/ozone/ozone/mnt/ozone/hadoop-ozone/integration-test/target/test-classes/webapps/ozoneManager/,AVAILABLE}{file:/home/runner/work/ozone/ozone/mnt/ozone/hadoop-ozone/integration-test/target/test-classes/webapps/ozoneManager}
2021-06-07 19:45:38,560 [Listener at 127.0.0.1/44431] INFO  server.AbstractConnector (AbstractConnector.java:doStart(331)) - Started ServerConnector@4351acb{HTTP/1.1, (http/1.1)}{0.0.0.0:38599}
2021-06-07 19:45:38,560 [Listener at 127.0.0.1/44431] INFO  server.Server (Server.java:doStart(415)) - Started @19510ms
2021-06-07 19:45:38,560 [Listener at 127.0.0.1/44431] WARN  impl.MetricsSystemImpl (MetricsSystemImpl.java:register(279)) - Sink prometheus already exists!
2021-06-07 19:45:38,561 [Listener at 127.0.0.1/44431] INFO  http.BaseHttpServer (BaseHttpServer.java:updateConnectorAddress(329)) - HTTP server of ozoneManager listening at http://0.0.0.0:38599
2021-06-07 19:45:38,561 [IPC Server Responder] INFO  ipc.Server (Server.java:run(1497)) - IPC Server Responder: starting
2021-06-07 19:45:38,561 [IPC Server listener on 0] INFO  ipc.Server (Server.java:run(1334)) - IPC Server listener on 0: starting
2021-06-07 19:45:38,569 [Listener at 127.0.0.1/44431] INFO  om.OzoneManager (OzoneManager.java:startTrashEmptier(1234)) - Trash Interval set to 0. Files deleted will not move to trash
2021-06-07 19:45:38,578 [org.apache.hadoop.util.JvmPauseMonitor$Monitor@349ee540] INFO  util.JvmPauseMonitor (JvmPauseMonitor.java:run(188)) - Starting JVM pause monitor
2021-06-07 19:45:38,579 [Listener at 127.0.0.1/44431] INFO  impl.MetricsSystemImpl (MetricsSystemImpl.java:init(158)) - HddsDatanode metrics system started (again)
2021-06-07 19:45:38,580 [Listener at 127.0.0.1/44431] INFO  ozone.HddsDatanodeService (HddsDatanodeService.java:start(220)) - HddsDatanodeService host:fv-az184-40.3ow45vhwbzuu5incsxmygykede.cx.internal.cloudapp.net ip:10.1.0.60
2021-06-07 19:45:38,601 [Listener at 127.0.0.1/44431] INFO  volume.HddsVolume (HddsVolume.java:<init>(184)) - Creating Volume: /home/runner/work/ozone/ozone/mnt/ozone/hadoop-ozone/integration-test/target/test-dir/MiniOzoneClusterImpl-03cd68cf-68ac-428b-89d3-1b040d29d264/datanode-0/data-0/containers/hdds of storage type : DISK and capacity : 9223372036854775807
2021-06-07 19:45:38,601 [Listener at 127.0.0.1/44431] INFO  volume.MutableVolumeSet (MutableVolumeSet.java:initializeVolumeSet(198)) - Added Volume : /home/runner/work/ozone/ozone/mnt/ozone/hadoop-ozone/integration-test/target/test-dir/MiniOzoneClusterImpl-03cd68cf-68ac-428b-89d3-1b040d29d264/datanode-0/data-0/containers/hdds to VolumeSet
2021-06-07 19:45:38,601 [Listener at 127.0.0.1/44431] INFO  volume.ThrottledAsyncChecker (ThrottledAsyncChecker.java:schedule(141)) - Scheduling a check for /home/runner/work/ozone/ozone/mnt/ozone/hadoop-ozone/integration-test/target/test-dir/MiniOzoneClusterImpl-03cd68cf-68ac-428b-89d3-1b040d29d264/datanode-0/data-0/containers/hdds
2021-06-07 19:45:38,602 [Listener at 127.0.0.1/44431] INFO  volume.HddsVolumeChecker (HddsVolumeChecker.java:checkAllVolumes(201)) - Scheduled health check for volume /home/runner/work/ozone/ozone/mnt/ozone/hadoop-ozone/integration-test/target/test-dir/MiniOzoneClusterImpl-03cd68cf-68ac-428b-89d3-1b040d29d264/datanode-0/data-0/containers/hdds
2021-06-07 19:45:38,614 [Listener at 127.0.0.1/44431] INFO  ozoneimpl.ContainerReader (ContainerReader.java:<init>(98)) - Running in upgrade mode:true
2021-06-07 19:45:38,615 [Thread-280] INFO  ozoneimpl.ContainerReader (ContainerReader.java:readVolume(142)) - Start to verify containers on volume /home/runner/work/ozone/ozone/mnt/ozone/hadoop-ozone/integration-test/target/test-dir/MiniOzoneClusterImpl-03cd68cf-68ac-428b-89d3-1b040d29d264/datanode-0/data-0/containers/hdds
2021-06-07 19:45:38,615 [Thread-280] INFO  ozoneimpl.ContainerReader (ContainerReader.java:readVolume(174)) - Finish verifying containers on volume /home/runner/work/ozone/ozone/mnt/ozone/hadoop-ozone/integration-test/target/test-dir/MiniOzoneClusterImpl-03cd68cf-68ac-428b-89d3-1b040d29d264/datanode-0/data-0/containers/hdds
2021-06-07 19:45:38,615 [Listener at 127.0.0.1/44431] INFO  ozoneimpl.OzoneContainer (OzoneContainer.java:buildContainerSet(228)) - Build ContainerSet costs 0s
2021-06-07 19:45:38,617 [Listener at 127.0.0.1/44431] INFO  server.RaftServer (ConfUtils.java:logGet(44)) - raft.rpc.type = GRPC (default)
2021-06-07 19:45:38,618 [Listener at 127.0.0.1/44431] INFO  grpc.GrpcFactory (GrpcFactory.java:checkPooledByteBufAllocatorUseCacheForAllThreads(48)) - PERFORMANCE WARNING: useCacheForAllThreads is true that may cause Netty to create a lot garbage objects and, as a result, trigger GC.
	It is recommended to disable useCacheForAllThreads by setting -Dorg.apache.ratis.thirdparty.io.netty.allocator.useCacheForAllThreads=false in command line.
2021-06-07 19:45:38,618 [Listener at 127.0.0.1/44431] INFO  grpc.GrpcConfigKeys (ConfUtils.java:logGet(44)) - raft.grpc.admin.port = 0 (custom)
2021-06-07 19:45:38,618 [Listener at 127.0.0.1/44431] INFO  grpc.GrpcConfigKeys (ConfUtils.java:logGet(44)) - raft.grpc.client.port = 0 (custom)
2021-06-07 19:45:38,618 [Listener at 127.0.0.1/44431] INFO  grpc.GrpcConfigKeys (ConfUtils.java:logGet(44)) - raft.grpc.server.port = 0 (default)
2021-06-07 19:45:38,618 [Listener at 127.0.0.1/44431] INFO  server.GrpcService (ConfUtils.java:logGet(44)) - raft.grpc.message.size.max = 32MB (=33554432) (custom)
2021-06-07 19:45:38,618 [Listener at 127.0.0.1/44431] INFO  server.RaftServerConfigKeys (ConfUtils.java:logGet(44)) - raft.server.log.appender.buffer.byte-limit = 33554432 (custom)
2021-06-07 19:45:38,618 [Listener at 127.0.0.1/44431] INFO  server.GrpcService (ConfUtils.java:logGet(44)) - raft.grpc.flow.control.window = 5MB (=5242880) (custom)
2021-06-07 19:45:38,618 [Listener at 127.0.0.1/44431] INFO  server.RaftServerConfigKeys (ConfUtils.java:logGet(44)) - raft.server.rpc.request.timeout = 60s (custom)
2021-06-07 19:45:38,619 [Listener at 127.0.0.1/44431] INFO  impl.DataStreamServerImpl (ConfUtils.java:logGet(44)) - raft.datastream.type = DISABLED (default)
2021-06-07 19:45:38,620 [Listener at 127.0.0.1/44431] INFO  server.RaftServerConfigKeys (ConfUtils.java:logGet(44)) - raft.server.rpc.slowness.timeout = 300s (custom)
2021-06-07 19:45:38,620 [Listener at 127.0.0.1/44431] INFO  server.RaftServerConfigKeys (ConfUtils.java:logGet(44)) - raft.server.leaderelection.leader.step-down.wait-time = 10s (default)
2021-06-07 19:45:38,620 [Listener at 127.0.0.1/44431] INFO  server.RaftServerConfigKeys (ConfUtils.java:logGet(44)) - raft.server.storage.dir = [/home/runner/work/ozone/ozone/mnt/ozone/hadoop-ozone/integration-test/target/test-dir/MiniOzoneClusterImpl-03cd68cf-68ac-428b-89d3-1b040d29d264/datanode-0/data/ratis] (custom)
2021-06-07 19:45:38,623 [Listener at 127.0.0.1/44431] INFO  http.BaseHttpServer (BaseHttpServer.java:newHttpServer2BuilderForOzone(209)) - Starting Web-server for hddsDatanode at: http://0.0.0.0:0
2021-06-07 19:45:38,623 [Listener at 127.0.0.1/44431] INFO  http.BaseHttpServer (BaseHttpServer.java:<init>(107)) - Hadoop Security Enabled: false Ozone Security Enabled: false Ozone HTTP Security Enabled: false 
2021-06-07 19:45:38,624 [Listener at 127.0.0.1/44431] INFO  server.AuthenticationFilter (AuthenticationFilter.java:constructSecretProvider(240)) - Unable to initialize FileSignerSecretProvider, falling back to use random secrets.
2021-06-07 19:45:38,624 [Listener at 127.0.0.1/44431] WARN  http.HttpRequestLog (HttpRequestLog.java:getRequestLog(103)) - Jetty request log can only be enabled using Log4j
2021-06-07 19:45:38,625 [Listener at 127.0.0.1/44431] INFO  http.HttpServer2 (HttpServer2.java:addGlobalFilter(1020)) - Added global filter 'safety' (class=org.apache.hadoop.hdds.server.http.HttpServer2$QuotingInputFilter)
2021-06-07 19:45:38,626 [Listener at 127.0.0.1/44431] INFO  http.HttpServer2 (HttpServer2.java:addFilter(996)) - Added filter static_user_filter (class=org.apache.hadoop.http.lib.StaticUserWebFilter$StaticUserFilter) to context hddsDatanode
2021-06-07 19:45:38,626 [Listener at 127.0.0.1/44431] INFO  http.HttpServer2 (HttpServer2.java:addFilter(1004)) - Added filter static_user_filter (class=org.apache.hadoop.http.lib.StaticUserWebFilter$StaticUserFilter) to context static
2021-06-07 19:45:38,626 [Listener at 127.0.0.1/44431] INFO  http.HttpServer2 (HttpServer2.java:addFilter(1004)) - Added filter static_user_filter (class=org.apache.hadoop.http.lib.StaticUserWebFilter$StaticUserFilter) to context logs
2021-06-07 19:45:38,626 [Listener at 127.0.0.1/44431] INFO  http.HttpServer2 (HttpServer2.java:bindListener(1238)) - Jetty bound to port 37435
2021-06-07 19:45:38,626 [Listener at 127.0.0.1/44431] INFO  server.Server (Server.java:doStart(375)) - jetty-9.4.35.v20201120; built: 2020-11-20T21:17:03.964Z; git: bdc54f03a5e0a7e280fab27f55c3c75ee8da89fb; jvm 1.8.0_292-b10
2021-06-07 19:45:38,628 [Listener at 127.0.0.1/44431] INFO  server.session (DefaultSessionIdManager.java:doStart(334)) - DefaultSessionIdManager workerName=node0
2021-06-07 19:45:38,628 [Listener at 127.0.0.1/44431] INFO  server.session (DefaultSessionIdManager.java:doStart(339)) - No SessionScavenger set, using defaults
2021-06-07 19:45:38,628 [Listener at 127.0.0.1/44431] INFO  server.session (HouseKeeper.java:startScavenging(132)) - node0 Scavenging every 660000ms
2021-06-07 19:45:38,629 [Listener at 127.0.0.1/44431] INFO  handler.ContextHandler (ContextHandler.java:doStart(916)) - Started o.e.j.s.ServletContextHandler@760b7e86{logs,/logs,file:///home/runner/work/ozone/ozone/mnt/ozone/hadoop-ozone/integration-test/target/log,AVAILABLE}
2021-06-07 19:45:38,629 [Listener at 127.0.0.1/44431] INFO  handler.ContextHandler (ContextHandler.java:doStart(916)) - Started o.e.j.s.ServletContextHandler@301fa16a{static,/static,jar:file:/home/runner/.m2/repository/org/apache/ozone/hdds-container-service/1.2.0-SNAPSHOT/hdds-container-service-1.2.0-SNAPSHOT.jar!/webapps/static,AVAILABLE}
2021-06-07 19:45:38,675 [Listener at 127.0.0.1/44431] INFO  handler.ContextHandler (ContextHandler.java:doStart(916)) - Started o.e.j.w.WebAppContext@2c361d8d{hddsDatanode,/,file:///tmp/jetty-0_0_0_0-37435-hdds-container-service-1_2_0-SNAPSHOT_jar-_-any-3973733112401507618/webapp/,AVAILABLE}{jar:file:/home/runner/.m2/repository/org/apache/ozone/hdds-container-service/1.2.0-SNAPSHOT/hdds-container-service-1.2.0-SNAPSHOT.jar!/webapps/hddsDatanode}
2021-06-07 19:45:38,676 [Listener at 127.0.0.1/44431] INFO  server.AbstractConnector (AbstractConnector.java:doStart(331)) - Started ServerConnector@57ba8cd5{HTTP/1.1, (http/1.1)}{0.0.0.0:37435}
2021-06-07 19:45:38,676 [Listener at 127.0.0.1/44431] INFO  server.Server (Server.java:doStart(415)) - Started @19626ms
2021-06-07 19:45:38,676 [Listener at 127.0.0.1/44431] WARN  impl.MetricsSystemImpl (MetricsSystemImpl.java:register(279)) - Sink prometheus already exists!
2021-06-07 19:45:38,677 [Listener at 127.0.0.1/44431] INFO  http.BaseHttpServer (BaseHttpServer.java:updateConnectorAddress(329)) - HTTP server of hddsDatanode listening at http://0.0.0.0:37435
2021-06-07 19:45:38,677 [Listener at 127.0.0.1/44431] INFO  impl.MetricsSystemImpl (MetricsSystemImpl.java:init(158)) - HddsDatanode metrics system started (again)
2021-06-07 19:45:38,678 [Listener at 127.0.0.1/44431] INFO  ozone.HddsDatanodeService (HddsDatanodeService.java:start(220)) - HddsDatanodeService host:fv-az184-40.3ow45vhwbzuu5incsxmygykede.cx.internal.cloudapp.net ip:10.1.0.60
2021-06-07 19:45:38,682 [org.apache.hadoop.util.JvmPauseMonitor$Monitor@1098ceac] INFO  util.JvmPauseMonitor (JvmPauseMonitor.java:run(188)) - Starting JVM pause monitor
2021-06-07 19:45:38,686 [Datanode State Machine Task Thread - 0] INFO  datanode.InitDatanodeState (InitDatanodeState.java:persistContainerDatanodeDetails(145)) - DatanodeDetails is persisted to /home/runner/work/ozone/ozone/mnt/ozone/hadoop-ozone/integration-test/target/test-dir/MiniOzoneClusterImpl-03cd68cf-68ac-428b-89d3-1b040d29d264/datanode-0/meta/datanode.id
2021-06-07 19:45:38,699 [Listener at 127.0.0.1/44431] INFO  volume.HddsVolume (HddsVolume.java:<init>(184)) - Creating Volume: /home/runner/work/ozone/ozone/mnt/ozone/hadoop-ozone/integration-test/target/test-dir/MiniOzoneClusterImpl-03cd68cf-68ac-428b-89d3-1b040d29d264/datanode-1/data-0/containers/hdds of storage type : DISK and capacity : 9223372036854775807
2021-06-07 19:45:38,700 [Listener at 127.0.0.1/44431] INFO  volume.MutableVolumeSet (MutableVolumeSet.java:initializeVolumeSet(198)) - Added Volume : /home/runner/work/ozone/ozone/mnt/ozone/hadoop-ozone/integration-test/target/test-dir/MiniOzoneClusterImpl-03cd68cf-68ac-428b-89d3-1b040d29d264/datanode-1/data-0/containers/hdds to VolumeSet
2021-06-07 19:45:38,700 [Listener at 127.0.0.1/44431] INFO  volume.ThrottledAsyncChecker (ThrottledAsyncChecker.java:schedule(141)) - Scheduling a check for /home/runner/work/ozone/ozone/mnt/ozone/hadoop-ozone/integration-test/target/test-dir/MiniOzoneClusterImpl-03cd68cf-68ac-428b-89d3-1b040d29d264/datanode-1/data-0/containers/hdds
2021-06-07 19:45:38,700 [Listener at 127.0.0.1/44431] INFO  volume.HddsVolumeChecker (HddsVolumeChecker.java:checkAllVolumes(201)) - Scheduled health check for volume /home/runner/work/ozone/ozone/mnt/ozone/hadoop-ozone/integration-test/target/test-dir/MiniOzoneClusterImpl-03cd68cf-68ac-428b-89d3-1b040d29d264/datanode-1/data-0/containers/hdds
2021-06-07 19:45:38,713 [Listener at 127.0.0.1/44431] INFO  ozoneimpl.ContainerReader (ContainerReader.java:<init>(98)) - Running in upgrade mode:true
2021-06-07 19:45:38,713 [Thread-291] INFO  ozoneimpl.ContainerReader (ContainerReader.java:readVolume(142)) - Start to verify containers on volume /home/runner/work/ozone/ozone/mnt/ozone/hadoop-ozone/integration-test/target/test-dir/MiniOzoneClusterImpl-03cd68cf-68ac-428b-89d3-1b040d29d264/datanode-1/data-0/containers/hdds
2021-06-07 19:45:38,713 [Thread-291] INFO  ozoneimpl.ContainerReader (ContainerReader.java:readVolume(174)) - Finish verifying containers on volume /home/runner/work/ozone/ozone/mnt/ozone/hadoop-ozone/integration-test/target/test-dir/MiniOzoneClusterImpl-03cd68cf-68ac-428b-89d3-1b040d29d264/datanode-1/data-0/containers/hdds
2021-06-07 19:45:38,713 [Listener at 127.0.0.1/44431] INFO  ozoneimpl.OzoneContainer (OzoneContainer.java:buildContainerSet(228)) - Build ContainerSet costs 0s
2021-06-07 19:45:38,716 [Listener at 127.0.0.1/44431] INFO  server.RaftServer (ConfUtils.java:logGet(44)) - raft.rpc.type = GRPC (default)
2021-06-07 19:45:38,716 [Listener at 127.0.0.1/44431] INFO  grpc.GrpcFactory (GrpcFactory.java:checkPooledByteBufAllocatorUseCacheForAllThreads(48)) - PERFORMANCE WARNING: useCacheForAllThreads is true that may cause Netty to create a lot garbage objects and, as a result, trigger GC.
	It is recommended to disable useCacheForAllThreads by setting -Dorg.apache.ratis.thirdparty.io.netty.allocator.useCacheForAllThreads=false in command line.
2021-06-07 19:45:38,716 [Listener at 127.0.0.1/44431] INFO  grpc.GrpcConfigKeys (ConfUtils.java:logGet(44)) - raft.grpc.admin.port = 0 (custom)
2021-06-07 19:45:38,716 [Listener at 127.0.0.1/44431] INFO  grpc.GrpcConfigKeys (ConfUtils.java:logGet(44)) - raft.grpc.client.port = 0 (custom)
2021-06-07 19:45:38,716 [Listener at 127.0.0.1/44431] INFO  grpc.GrpcConfigKeys (ConfUtils.java:logGet(44)) - raft.grpc.server.port = 0 (default)
2021-06-07 19:45:38,717 [Listener at 127.0.0.1/44431] INFO  server.GrpcService (ConfUtils.java:logGet(44)) - raft.grpc.message.size.max = 32MB (=33554432) (custom)
2021-06-07 19:45:38,717 [Listener at 127.0.0.1/44431] INFO  server.RaftServerConfigKeys (ConfUtils.java:logGet(44)) - raft.server.log.appender.buffer.byte-limit = 33554432 (custom)
2021-06-07 19:45:38,717 [Listener at 127.0.0.1/44431] INFO  server.GrpcService (ConfUtils.java:logGet(44)) - raft.grpc.flow.control.window = 5MB (=5242880) (custom)
2021-06-07 19:45:38,717 [Listener at 127.0.0.1/44431] INFO  server.RaftServerConfigKeys (ConfUtils.java:logGet(44)) - raft.server.rpc.request.timeout = 60s (custom)
2021-06-07 19:45:38,718 [Listener at 127.0.0.1/44431] INFO  impl.DataStreamServerImpl (ConfUtils.java:logGet(44)) - raft.datastream.type = DISABLED (default)
2021-06-07 19:45:38,718 [Listener at 127.0.0.1/44431] INFO  server.RaftServerConfigKeys (ConfUtils.java:logGet(44)) - raft.server.rpc.slowness.timeout = 300s (custom)
2021-06-07 19:45:38,718 [Listener at 127.0.0.1/44431] INFO  server.RaftServerConfigKeys (ConfUtils.java:logGet(44)) - raft.server.leaderelection.leader.step-down.wait-time = 10s (default)
2021-06-07 19:45:38,718 [Listener at 127.0.0.1/44431] INFO  server.RaftServerConfigKeys (ConfUtils.java:logGet(44)) - raft.server.storage.dir = [/home/runner/work/ozone/ozone/mnt/ozone/hadoop-ozone/integration-test/target/test-dir/MiniOzoneClusterImpl-03cd68cf-68ac-428b-89d3-1b040d29d264/datanode-1/data/ratis] (custom)
2021-06-07 19:45:38,721 [Listener at 127.0.0.1/44431] INFO  http.BaseHttpServer (BaseHttpServer.java:newHttpServer2BuilderForOzone(209)) - Starting Web-server for hddsDatanode at: http://0.0.0.0:0
2021-06-07 19:45:38,721 [Listener at 127.0.0.1/44431] INFO  http.BaseHttpServer (BaseHttpServer.java:<init>(107)) - Hadoop Security Enabled: false Ozone Security Enabled: false Ozone HTTP Security Enabled: false 
2021-06-07 19:45:38,723 [Listener at 127.0.0.1/44431] INFO  server.AuthenticationFilter (AuthenticationFilter.java:constructSecretProvider(240)) - Unable to initialize FileSignerSecretProvider, falling back to use random secrets.
2021-06-07 19:45:38,723 [Listener at 127.0.0.1/44431] WARN  http.HttpRequestLog (HttpRequestLog.java:getRequestLog(103)) - Jetty request log can only be enabled using Log4j
2021-06-07 19:45:38,724 [Listener at 127.0.0.1/44431] INFO  http.HttpServer2 (HttpServer2.java:addGlobalFilter(1020)) - Added global filter 'safety' (class=org.apache.hadoop.hdds.server.http.HttpServer2$QuotingInputFilter)
2021-06-07 19:45:38,725 [Listener at 127.0.0.1/44431] INFO  http.HttpServer2 (HttpServer2.java:addFilter(996)) - Added filter static_user_filter (class=org.apache.hadoop.http.lib.StaticUserWebFilter$StaticUserFilter) to context hddsDatanode
2021-06-07 19:45:38,725 [Listener at 127.0.0.1/44431] INFO  http.HttpServer2 (HttpServer2.java:addFilter(1004)) - Added filter static_user_filter (class=org.apache.hadoop.http.lib.StaticUserWebFilter$StaticUserFilter) to context logs
2021-06-07 19:45:38,725 [Listener at 127.0.0.1/44431] INFO  http.HttpServer2 (HttpServer2.java:addFilter(1004)) - Added filter static_user_filter (class=org.apache.hadoop.http.lib.StaticUserWebFilter$StaticUserFilter) to context static
2021-06-07 19:45:38,726 [Listener at 127.0.0.1/44431] INFO  http.HttpServer2 (HttpServer2.java:bindListener(1238)) - Jetty bound to port 36829
2021-06-07 19:45:38,726 [Listener at 127.0.0.1/44431] INFO  server.Server (Server.java:doStart(375)) - jetty-9.4.35.v20201120; built: 2020-11-20T21:17:03.964Z; git: bdc54f03a5e0a7e280fab27f55c3c75ee8da89fb; jvm 1.8.0_292-b10
2021-06-07 19:45:38,730 [Listener at 127.0.0.1/44431] INFO  server.session (DefaultSessionIdManager.java:doStart(334)) - DefaultSessionIdManager workerName=node0
2021-06-07 19:45:38,731 [Listener at 127.0.0.1/44431] INFO  server.session (DefaultSessionIdManager.java:doStart(339)) - No SessionScavenger set, using defaults
2021-06-07 19:45:38,731 [Listener at 127.0.0.1/44431] INFO  server.session (HouseKeeper.java:startScavenging(132)) - node0 Scavenging every 600000ms
2021-06-07 19:45:38,731 [Listener at 127.0.0.1/44431] INFO  handler.ContextHandler (ContextHandler.java:doStart(916)) - Started o.e.j.s.ServletContextHandler@e9ed54b{logs,/logs,file:///home/runner/work/ozone/ozone/mnt/ozone/hadoop-ozone/integration-test/target/log,AVAILABLE}
2021-06-07 19:45:38,732 [Listener at 127.0.0.1/44431] INFO  handler.ContextHandler (ContextHandler.java:doStart(916)) - Started o.e.j.s.ServletContextHandler@55eb6b2{static,/static,jar:file:/home/runner/.m2/repository/org/apache/ozone/hdds-container-service/1.2.0-SNAPSHOT/hdds-container-service-1.2.0-SNAPSHOT.jar!/webapps/static,AVAILABLE}
2021-06-07 19:45:38,776 [Listener at 127.0.0.1/44431] INFO  handler.ContextHandler (ContextHandler.java:doStart(916)) - Started o.e.j.w.WebAppContext@329a9363{hddsDatanode,/,file:///tmp/jetty-0_0_0_0-36829-hdds-container-service-1_2_0-SNAPSHOT_jar-_-any-8750684041869777829/webapp/,AVAILABLE}{jar:file:/home/runner/.m2/repository/org/apache/ozone/hdds-container-service/1.2.0-SNAPSHOT/hdds-container-service-1.2.0-SNAPSHOT.jar!/webapps/hddsDatanode}
2021-06-07 19:45:38,777 [Listener at 127.0.0.1/44431] INFO  server.AbstractConnector (AbstractConnector.java:doStart(331)) - Started ServerConnector@1535f8bd{HTTP/1.1, (http/1.1)}{0.0.0.0:36829}
2021-06-07 19:45:38,777 [Listener at 127.0.0.1/44431] INFO  server.Server (Server.java:doStart(415)) - Started @19727ms
2021-06-07 19:45:38,777 [Listener at 127.0.0.1/44431] WARN  impl.MetricsSystemImpl (MetricsSystemImpl.java:register(279)) - Sink prometheus already exists!
2021-06-07 19:45:38,777 [Listener at 127.0.0.1/44431] INFO  http.BaseHttpServer (BaseHttpServer.java:updateConnectorAddress(329)) - HTTP server of hddsDatanode listening at http://0.0.0.0:36829
2021-06-07 19:45:38,781 [Listener at 127.0.0.1/44431] INFO  impl.MetricsSystemImpl (MetricsSystemImpl.java:init(158)) - HddsDatanode metrics system started (again)
2021-06-07 19:45:38,783 [Listener at 127.0.0.1/44431] INFO  ozone.HddsDatanodeService (HddsDatanodeService.java:start(220)) - HddsDatanodeService host:fv-az184-40.3ow45vhwbzuu5incsxmygykede.cx.internal.cloudapp.net ip:10.1.0.60
2021-06-07 19:45:38,790 [org.apache.hadoop.util.JvmPauseMonitor$Monitor@6a5b19c] INFO  util.JvmPauseMonitor (JvmPauseMonitor.java:run(188)) - Starting JVM pause monitor
2021-06-07 19:45:38,797 [Datanode State Machine Task Thread - 0] INFO  datanode.InitDatanodeState (InitDatanodeState.java:persistContainerDatanodeDetails(145)) - DatanodeDetails is persisted to /home/runner/work/ozone/ozone/mnt/ozone/hadoop-ozone/integration-test/target/test-dir/MiniOzoneClusterImpl-03cd68cf-68ac-428b-89d3-1b040d29d264/datanode-1/meta/datanode.id
2021-06-07 19:45:38,805 [Listener at 127.0.0.1/44431] INFO  volume.HddsVolume (HddsVolume.java:<init>(184)) - Creating Volume: /home/runner/work/ozone/ozone/mnt/ozone/hadoop-ozone/integration-test/target/test-dir/MiniOzoneClusterImpl-03cd68cf-68ac-428b-89d3-1b040d29d264/datanode-2/data-0/containers/hdds of storage type : DISK and capacity : 9223372036854775807
2021-06-07 19:45:38,805 [Listener at 127.0.0.1/44431] INFO  volume.MutableVolumeSet (MutableVolumeSet.java:initializeVolumeSet(198)) - Added Volume : /home/runner/work/ozone/ozone/mnt/ozone/hadoop-ozone/integration-test/target/test-dir/MiniOzoneClusterImpl-03cd68cf-68ac-428b-89d3-1b040d29d264/datanode-2/data-0/containers/hdds to VolumeSet
2021-06-07 19:45:38,805 [Listener at 127.0.0.1/44431] INFO  volume.ThrottledAsyncChecker (ThrottledAsyncChecker.java:schedule(141)) - Scheduling a check for /home/runner/work/ozone/ozone/mnt/ozone/hadoop-ozone/integration-test/target/test-dir/MiniOzoneClusterImpl-03cd68cf-68ac-428b-89d3-1b040d29d264/datanode-2/data-0/containers/hdds
2021-06-07 19:45:38,806 [Listener at 127.0.0.1/44431] INFO  volume.HddsVolumeChecker (HddsVolumeChecker.java:checkAllVolumes(201)) - Scheduled health check for volume /home/runner/work/ozone/ozone/mnt/ozone/hadoop-ozone/integration-test/target/test-dir/MiniOzoneClusterImpl-03cd68cf-68ac-428b-89d3-1b040d29d264/datanode-2/data-0/containers/hdds
2021-06-07 19:45:38,818 [Listener at 127.0.0.1/44431] INFO  ozoneimpl.ContainerReader (ContainerReader.java:<init>(98)) - Running in upgrade mode:true
2021-06-07 19:45:38,822 [Thread-302] INFO  ozoneimpl.ContainerReader (ContainerReader.java:readVolume(142)) - Start to verify containers on volume /home/runner/work/ozone/ozone/mnt/ozone/hadoop-ozone/integration-test/target/test-dir/MiniOzoneClusterImpl-03cd68cf-68ac-428b-89d3-1b040d29d264/datanode-2/data-0/containers/hdds
2021-06-07 19:45:38,822 [Thread-302] INFO  ozoneimpl.ContainerReader (ContainerReader.java:readVolume(174)) - Finish verifying containers on volume /home/runner/work/ozone/ozone/mnt/ozone/hadoop-ozone/integration-test/target/test-dir/MiniOzoneClusterImpl-03cd68cf-68ac-428b-89d3-1b040d29d264/datanode-2/data-0/containers/hdds
2021-06-07 19:45:38,822 [Listener at 127.0.0.1/44431] INFO  ozoneimpl.OzoneContainer (OzoneContainer.java:buildContainerSet(228)) - Build ContainerSet costs 0s
2021-06-07 19:45:38,824 [Listener at 127.0.0.1/44431] INFO  server.RaftServer (ConfUtils.java:logGet(44)) - raft.rpc.type = GRPC (default)
2021-06-07 19:45:38,824 [Listener at 127.0.0.1/44431] INFO  grpc.GrpcFactory (GrpcFactory.java:checkPooledByteBufAllocatorUseCacheForAllThreads(48)) - PERFORMANCE WARNING: useCacheForAllThreads is true that may cause Netty to create a lot garbage objects and, as a result, trigger GC.
	It is recommended to disable useCacheForAllThreads by setting -Dorg.apache.ratis.thirdparty.io.netty.allocator.useCacheForAllThreads=false in command line.
2021-06-07 19:45:38,824 [Listener at 127.0.0.1/44431] INFO  grpc.GrpcConfigKeys (ConfUtils.java:logGet(44)) - raft.grpc.admin.port = 0 (custom)
2021-06-07 19:45:38,825 [Listener at 127.0.0.1/44431] INFO  grpc.GrpcConfigKeys (ConfUtils.java:logGet(44)) - raft.grpc.client.port = 0 (custom)
2021-06-07 19:45:38,825 [Listener at 127.0.0.1/44431] INFO  grpc.GrpcConfigKeys (ConfUtils.java:logGet(44)) - raft.grpc.server.port = 0 (default)
2021-06-07 19:45:38,825 [Listener at 127.0.0.1/44431] INFO  server.GrpcService (ConfUtils.java:logGet(44)) - raft.grpc.message.size.max = 32MB (=33554432) (custom)
2021-06-07 19:45:38,825 [Listener at 127.0.0.1/44431] INFO  server.RaftServerConfigKeys (ConfUtils.java:logGet(44)) - raft.server.log.appender.buffer.byte-limit = 33554432 (custom)
2021-06-07 19:45:38,825 [Listener at 127.0.0.1/44431] INFO  server.GrpcService (ConfUtils.java:logGet(44)) - raft.grpc.flow.control.window = 5MB (=5242880) (custom)
2021-06-07 19:45:38,825 [Listener at 127.0.0.1/44431] INFO  server.RaftServerConfigKeys (ConfUtils.java:logGet(44)) - raft.server.rpc.request.timeout = 60s (custom)
2021-06-07 19:45:38,826 [Listener at 127.0.0.1/44431] INFO  impl.DataStreamServerImpl (ConfUtils.java:logGet(44)) - raft.datastream.type = DISABLED (default)
2021-06-07 19:45:38,826 [Listener at 127.0.0.1/44431] INFO  server.RaftServerConfigKeys (ConfUtils.java:logGet(44)) - raft.server.rpc.slowness.timeout = 300s (custom)
2021-06-07 19:45:38,826 [Listener at 127.0.0.1/44431] INFO  server.RaftServerConfigKeys (ConfUtils.java:logGet(44)) - raft.server.leaderelection.leader.step-down.wait-time = 10s (default)
2021-06-07 19:45:38,827 [Listener at 127.0.0.1/44431] INFO  server.RaftServerConfigKeys (ConfUtils.java:logGet(44)) - raft.server.storage.dir = [/home/runner/work/ozone/ozone/mnt/ozone/hadoop-ozone/integration-test/target/test-dir/MiniOzoneClusterImpl-03cd68cf-68ac-428b-89d3-1b040d29d264/datanode-2/data/ratis] (custom)
2021-06-07 19:45:38,834 [Listener at 127.0.0.1/44431] INFO  http.BaseHttpServer (BaseHttpServer.java:newHttpServer2BuilderForOzone(209)) - Starting Web-server for hddsDatanode at: http://0.0.0.0:0
2021-06-07 19:45:38,835 [Listener at 127.0.0.1/44431] INFO  http.BaseHttpServer (BaseHttpServer.java:<init>(107)) - Hadoop Security Enabled: false Ozone Security Enabled: false Ozone HTTP Security Enabled: false 
2021-06-07 19:45:38,836 [Listener at 127.0.0.1/44431] INFO  server.AuthenticationFilter (AuthenticationFilter.java:constructSecretProvider(240)) - Unable to initialize FileSignerSecretProvider, falling back to use random secrets.
2021-06-07 19:45:38,837 [Listener at 127.0.0.1/44431] WARN  http.HttpRequestLog (HttpRequestLog.java:getRequestLog(103)) - Jetty request log can only be enabled using Log4j
2021-06-07 19:45:38,838 [Listener at 127.0.0.1/44431] INFO  http.HttpServer2 (HttpServer2.java:addGlobalFilter(1020)) - Added global filter 'safety' (class=org.apache.hadoop.hdds.server.http.HttpServer2$QuotingInputFilter)
2021-06-07 19:45:38,838 [Listener at 127.0.0.1/44431] INFO  http.HttpServer2 (HttpServer2.java:addFilter(996)) - Added filter static_user_filter (class=org.apache.hadoop.http.lib.StaticUserWebFilter$StaticUserFilter) to context hddsDatanode
2021-06-07 19:45:38,838 [Listener at 127.0.0.1/44431] INFO  http.HttpServer2 (HttpServer2.java:addFilter(1004)) - Added filter static_user_filter (class=org.apache.hadoop.http.lib.StaticUserWebFilter$StaticUserFilter) to context logs
2021-06-07 19:45:38,839 [Listener at 127.0.0.1/44431] INFO  http.HttpServer2 (HttpServer2.java:addFilter(1004)) - Added filter static_user_filter (class=org.apache.hadoop.http.lib.StaticUserWebFilter$StaticUserFilter) to context static
2021-06-07 19:45:38,839 [Listener at 127.0.0.1/44431] INFO  http.HttpServer2 (HttpServer2.java:bindListener(1238)) - Jetty bound to port 42305
2021-06-07 19:45:38,839 [Listener at 127.0.0.1/44431] INFO  server.Server (Server.java:doStart(375)) - jetty-9.4.35.v20201120; built: 2020-11-20T21:17:03.964Z; git: bdc54f03a5e0a7e280fab27f55c3c75ee8da89fb; jvm 1.8.0_292-b10
2021-06-07 19:45:38,842 [Listener at 127.0.0.1/44431] INFO  server.session (DefaultSessionIdManager.java:doStart(334)) - DefaultSessionIdManager workerName=node0
2021-06-07 19:45:38,842 [Listener at 127.0.0.1/44431] INFO  server.session (DefaultSessionIdManager.java:doStart(339)) - No SessionScavenger set, using defaults
2021-06-07 19:45:38,842 [Listener at 127.0.0.1/44431] INFO  server.session (HouseKeeper.java:startScavenging(132)) - node0 Scavenging every 660000ms
2021-06-07 19:45:38,843 [Listener at 127.0.0.1/44431] INFO  handler.ContextHandler (ContextHandler.java:doStart(916)) - Started o.e.j.s.ServletContextHandler@1b58ca7b{logs,/logs,file:///home/runner/work/ozone/ozone/mnt/ozone/hadoop-ozone/integration-test/target/log,AVAILABLE}
2021-06-07 19:45:38,843 [Listener at 127.0.0.1/44431] INFO  handler.ContextHandler (ContextHandler.java:doStart(916)) - Started o.e.j.s.ServletContextHandler@5bf85ad1{static,/static,jar:file:/home/runner/.m2/repository/org/apache/ozone/hdds-container-service/1.2.0-SNAPSHOT/hdds-container-service-1.2.0-SNAPSHOT.jar!/webapps/static,AVAILABLE}
2021-06-07 19:45:38,886 [Listener at 127.0.0.1/44431] INFO  handler.ContextHandler (ContextHandler.java:doStart(916)) - Started o.e.j.w.WebAppContext@3c56dce0{hddsDatanode,/,file:///tmp/jetty-0_0_0_0-42305-hdds-container-service-1_2_0-SNAPSHOT_jar-_-any-3470903613146030663/webapp/,AVAILABLE}{jar:file:/home/runner/.m2/repository/org/apache/ozone/hdds-container-service/1.2.0-SNAPSHOT/hdds-container-service-1.2.0-SNAPSHOT.jar!/webapps/hddsDatanode}
2021-06-07 19:45:38,887 [Listener at 127.0.0.1/44431] INFO  server.AbstractConnector (AbstractConnector.java:doStart(331)) - Started ServerConnector@5a8ccc6c{HTTP/1.1, (http/1.1)}{0.0.0.0:42305}
2021-06-07 19:45:38,887 [Listener at 127.0.0.1/44431] INFO  server.Server (Server.java:doStart(415)) - Started @19837ms
2021-06-07 19:45:38,887 [Listener at 127.0.0.1/44431] WARN  impl.MetricsSystemImpl (MetricsSystemImpl.java:register(279)) - Sink prometheus already exists!
2021-06-07 19:45:38,888 [Listener at 127.0.0.1/44431] INFO  http.BaseHttpServer (BaseHttpServer.java:updateConnectorAddress(329)) - HTTP server of hddsDatanode listening at http://0.0.0.0:42305
2021-06-07 19:45:38,889 [Listener at 127.0.0.1/44431] INFO  ozone.MiniOzoneClusterImpl (MiniOzoneClusterImpl.java:lambda$waitForClusterToBeReady$0(224)) - Waiting for nodes to be ready. Got 0 of 3 DN Heartbeats.
2021-06-07 19:45:38,889 [Listener at 127.0.0.1/44431] INFO  ozone.MiniOzoneClusterImpl (MiniOzoneClusterImpl.java:lambda$waitForClusterToBeReady$0(227)) - Waiting for cluster to exit safe mode
2021-06-07 19:45:38,889 [Listener at 127.0.0.1/44431] INFO  ozone.MiniOzoneClusterImpl (MiniOzoneClusterImpl.java:lambda$waitForClusterToBeReady$0(230)) - SCM became leader
2021-06-07 19:45:38,894 [org.apache.hadoop.util.JvmPauseMonitor$Monitor@67359924] INFO  util.JvmPauseMonitor (JvmPauseMonitor.java:run(188)) - Starting JVM pause monitor
2021-06-07 19:45:38,899 [Datanode State Machine Task Thread - 0] INFO  datanode.InitDatanodeState (InitDatanodeState.java:persistContainerDatanodeDetails(145)) - DatanodeDetails is persisted to /home/runner/work/ozone/ozone/mnt/ozone/hadoop-ozone/integration-test/target/test-dir/MiniOzoneClusterImpl-03cd68cf-68ac-428b-89d3-1b040d29d264/datanode-2/meta/datanode.id
2021-06-07 19:45:39,552 [om1@group-C5BA1605619E-FollowerState] INFO  impl.FollowerState (FollowerState.java:run(134)) - om1@group-C5BA1605619E-FollowerState: change to CANDIDATE, lastRpcElapsedTime:1016339164ns, electionTimeout:1010ms
2021-06-07 19:45:39,553 [om1@group-C5BA1605619E-FollowerState] INFO  impl.RoleInfo (RoleInfo.java:shutdownFollowerState(108)) - om1: shutdown om1@group-C5BA1605619E-FollowerState
2021-06-07 19:45:39,553 [om1@group-C5BA1605619E-FollowerState] INFO  server.RaftServer$Division (RaftServerImpl.java:setRole(284)) - om1@group-C5BA1605619E: changes role from  FOLLOWER to CANDIDATE at term 0 for changeToCandidate
2021-06-07 19:45:39,553 [om1@group-C5BA1605619E-FollowerState] INFO  server.RaftServerConfigKeys (ConfUtils.java:logGet(44)) - raft.server.leaderelection.pre-vote = false (custom)
2021-06-07 19:45:39,553 [om1@group-C5BA1605619E-FollowerState] INFO  impl.RoleInfo (RoleInfo.java:updateAndGet(130)) - om1: start om1@group-C5BA1605619E-LeaderElection3
2021-06-07 19:45:39,556 [om1@group-C5BA1605619E-LeaderElection3] INFO  impl.LeaderElection (LeaderElection.java:askForVotes(306)) - om1@group-C5BA1605619E-LeaderElection3 ELECTION round 0: submit vote requests at term 1 for -1: [om1|rpc:localhost:9872|priority:0], old=null
2021-06-07 19:45:39,556 [om1@group-C5BA1605619E-LeaderElection3] INFO  impl.LeaderElection (LeaderElection.java:askForVotes(308)) - om1@group-C5BA1605619E-LeaderElection3 ELECTION round 0: result PASSED (term=1)
2021-06-07 19:45:39,556 [om1@group-C5BA1605619E-LeaderElection3] INFO  impl.RoleInfo (RoleInfo.java:shutdownLeaderElection(121)) - om1: shutdown om1@group-C5BA1605619E-LeaderElection3
2021-06-07 19:45:39,557 [om1@group-C5BA1605619E-LeaderElection3] INFO  server.RaftServer$Division (RaftServerImpl.java:setRole(284)) - om1@group-C5BA1605619E: changes role from CANDIDATE to LEADER at term 1 for changeToLeader
2021-06-07 19:45:39,557 [om1@group-C5BA1605619E-LeaderElection3] INFO  server.RaftServer$Division (ServerState.java:setLeader(271)) - om1@group-C5BA1605619E: change Leader from null to om1 at term 1 for becomeLeader, leader elected after 1036ms
2021-06-07 19:45:39,557 [om1@group-C5BA1605619E-LeaderElection3] INFO  server.RaftServerConfigKeys (ConfUtils.java:logGet(44)) - raft.server.staging.catchup.gap = 1000 (default)
2021-06-07 19:45:39,557 [om1@group-C5BA1605619E-LeaderElection3] INFO  metrics.RatisMetrics (RatisMetrics.java:lambda$create$0(36)) - Creating Metrics Registry : ratis.log_appender.om1@group-C5BA1605619E
2021-06-07 19:45:39,557 [om1@group-C5BA1605619E-LeaderElection3] INFO  server.RaftServerConfigKeys (ConfUtils.java:logGet(44)) - raft.server.write.element-limit = 4096 (default)
2021-06-07 19:45:39,557 [om1@group-C5BA1605619E-LeaderElection3] INFO  server.RaftServerConfigKeys (ConfUtils.java:logGet(44)) - raft.server.write.byte-limit = 64MB (=67108864) (default)
2021-06-07 19:45:39,558 [om1@group-C5BA1605619E-LeaderElection3] INFO  server.RaftServerConfigKeys (ConfUtils.java:logGet(44)) - raft.server.watch.timeout = 10s (default)
2021-06-07 19:45:39,558 [om1@group-C5BA1605619E-LeaderElection3] INFO  server.RaftServerConfigKeys (ConfUtils.java:logGet(44)) - raft.server.watch.timeout.denomination = 1s (default)
2021-06-07 19:45:39,558 [om1@group-C5BA1605619E-LeaderElection3] INFO  server.RaftServerConfigKeys (ConfUtils.java:logGet(44)) - raft.server.watch.element-limit = 65536 (default)
2021-06-07 19:45:39,558 [om1@group-C5BA1605619E-LeaderElection3] INFO  impl.RoleInfo (RoleInfo.java:updateAndGet(130)) - om1: start om1@group-C5BA1605619E-LeaderStateImpl
2021-06-07 19:45:39,559 [om1@group-C5BA1605619E-LeaderElection3] INFO  segmented.SegmentedRaftLogWorker (SegmentedRaftLogWorker.java:startLogSegment(394)) - om1@group-C5BA1605619E-SegmentedRaftLogWorker: Starting segment from index:0
2021-06-07 19:45:39,571 [om1@group-C5BA1605619E-LeaderElection3] INFO  server.RaftServer$Division (ServerState.java:setRaftConf(373)) - om1@group-C5BA1605619E: set configuration 0: [om1|rpc:localhost:9872|admin:|client:|dataStream:|priority:0], old=null
2021-06-07 19:45:39,572 [om1@group-C5BA1605619E-SegmentedRaftLogWorker] INFO  segmented.SegmentedRaftLogWorker (SegmentedRaftLogWorker.java:execute(601)) - om1@group-C5BA1605619E-SegmentedRaftLogWorker: created new log segment /home/runner/work/ozone/ozone/mnt/ozone/hadoop-ozone/integration-test/target/test-dir/MiniOzoneClusterImpl-03cd68cf-68ac-428b-89d3-1b040d29d264/ozone-meta/ratis/bf265839-605b-3f16-9796-c5ba1605619e/current/log_inprogress_0
2021-06-07 19:45:39,889 [Listener at 127.0.0.1/44431] INFO  ozone.MiniOzoneClusterImpl (MiniOzoneClusterImpl.java:lambda$waitForClusterToBeReady$0(224)) - Waiting for nodes to be ready. Got 0 of 3 DN Heartbeats.
2021-06-07 19:45:39,890 [Listener at 127.0.0.1/44431] INFO  ozone.MiniOzoneClusterImpl (MiniOzoneClusterImpl.java:lambda$waitForClusterToBeReady$0(227)) - Waiting for cluster to exit safe mode
2021-06-07 19:45:39,890 [Listener at 127.0.0.1/44431] INFO  ozone.MiniOzoneClusterImpl (MiniOzoneClusterImpl.java:lambda$waitForClusterToBeReady$0(230)) - SCM became leader
2021-06-07 19:45:40,690 [EndpointStateMachine task thread for /0.0.0.0:34605 - 0 ] INFO  ozoneimpl.OzoneContainer (OzoneContainer.java:start(295)) - Attempting to start container services.
2021-06-07 19:45:40,690 [EndpointStateMachine task thread for /0.0.0.0:34605 - 0 ] INFO  ozoneimpl.OzoneContainer (OzoneContainer.java:startContainerScrub(241)) - Background container scanner has been disabled.
2021-06-07 19:45:40,693 [EndpointStateMachine task thread for /0.0.0.0:34605 - 0 ] INFO  replication.ReplicationServer (ReplicationServer.java:start(106)) - ReplicationServer is started using port 33969
2021-06-07 19:45:40,693 [EndpointStateMachine task thread for /0.0.0.0:34605 - 0 ] INFO  ratis.XceiverServerRatis (XceiverServerRatis.java:start(490)) - Starting XceiverServerRatis 9c0aefb8-820f-4500-982b-3157569b0c8b
2021-06-07 19:45:40,696 [EndpointStateMachine task thread for /0.0.0.0:34605 - 0 ] INFO  server.RaftServer (RaftServerProxy.java:lambda$start$5(374)) - 9c0aefb8-820f-4500-982b-3157569b0c8b: start RPC server
2021-06-07 19:45:40,698 [EndpointStateMachine task thread for /0.0.0.0:34605 - 0 ] INFO  server.GrpcService (GrpcService.java:startImpl(253)) - 9c0aefb8-820f-4500-982b-3157569b0c8b: GrpcService started, listening on 36165
2021-06-07 19:45:40,698 [EndpointStateMachine task thread for /0.0.0.0:34605 - 0 ] INFO  ratis.XceiverServerRatis (XceiverServerRatis.java:getRealPort(511)) - XceiverServerRatis 9c0aefb8-820f-4500-982b-3157569b0c8b is started using port 36165 for RATIS
2021-06-07 19:45:40,698 [org.apache.ratis.util.JvmPauseMonitor$$Lambda$513/1826718760@18886c52] INFO  util.JvmPauseMonitor (JvmPauseMonitor.java:run(103)) - JvmPauseMonitor-9c0aefb8-820f-4500-982b-3157569b0c8b: Started
2021-06-07 19:45:40,698 [EndpointStateMachine task thread for /0.0.0.0:34605 - 0 ] INFO  ratis.XceiverServerRatis (XceiverServerRatis.java:getRealPort(511)) - XceiverServerRatis 9c0aefb8-820f-4500-982b-3157569b0c8b is started using port 36165 for RATIS_ADMIN
2021-06-07 19:45:40,698 [EndpointStateMachine task thread for /0.0.0.0:34605 - 0 ] INFO  ratis.XceiverServerRatis (XceiverServerRatis.java:getRealPort(511)) - XceiverServerRatis 9c0aefb8-820f-4500-982b-3157569b0c8b is started using port 36165 for RATIS_SERVER
2021-06-07 19:45:40,700 [EndpointStateMachine task thread for /0.0.0.0:34605 - 0 ] INFO  server.XceiverServerGrpc (XceiverServerGrpc.java:start(135)) - XceiverServerGrpc 9c0aefb8-820f-4500-982b-3157569b0c8b is started using port 41485
2021-06-07 19:45:40,794 [EndpointStateMachine task thread for /0.0.0.0:34605 - 0 ] INFO  ozoneimpl.OzoneContainer (OzoneContainer.java:start(295)) - Attempting to start container services.
2021-06-07 19:45:40,794 [EndpointStateMachine task thread for /0.0.0.0:34605 - 0 ] INFO  ozoneimpl.OzoneContainer (OzoneContainer.java:startContainerScrub(241)) - Background container scanner has been disabled.
2021-06-07 19:45:40,796 [EndpointStateMachine task thread for /0.0.0.0:34605 - 0 ] INFO  replication.ReplicationServer (ReplicationServer.java:start(106)) - ReplicationServer is started using port 35957
2021-06-07 19:45:40,797 [EndpointStateMachine task thread for /0.0.0.0:34605 - 0 ] INFO  ratis.XceiverServerRatis (XceiverServerRatis.java:start(490)) - Starting XceiverServerRatis 0ad07249-b243-4532-8f92-d6393c2ee78d
2021-06-07 19:45:40,798 [EndpointStateMachine task thread for /0.0.0.0:34605 - 0 ] INFO  server.RaftServer (RaftServerProxy.java:lambda$start$5(374)) - 0ad07249-b243-4532-8f92-d6393c2ee78d: start RPC server
2021-06-07 19:45:40,799 [EndpointStateMachine task thread for /0.0.0.0:34605 - 0 ] INFO  server.GrpcService (GrpcService.java:startImpl(253)) - 0ad07249-b243-4532-8f92-d6393c2ee78d: GrpcService started, listening on 35737
2021-06-07 19:45:40,799 [EndpointStateMachine task thread for /0.0.0.0:34605 - 0 ] INFO  ratis.XceiverServerRatis (XceiverServerRatis.java:getRealPort(511)) - XceiverServerRatis 0ad07249-b243-4532-8f92-d6393c2ee78d is started using port 35737 for RATIS
2021-06-07 19:45:40,799 [org.apache.ratis.util.JvmPauseMonitor$$Lambda$513/1826718760@327ae7a2] INFO  util.JvmPauseMonitor (JvmPauseMonitor.java:run(103)) - JvmPauseMonitor-0ad07249-b243-4532-8f92-d6393c2ee78d: Started
2021-06-07 19:45:40,799 [EndpointStateMachine task thread for /0.0.0.0:34605 - 0 ] INFO  ratis.XceiverServerRatis (XceiverServerRatis.java:getRealPort(511)) - XceiverServerRatis 0ad07249-b243-4532-8f92-d6393c2ee78d is started using port 35737 for RATIS_ADMIN
2021-06-07 19:45:40,799 [EndpointStateMachine task thread for /0.0.0.0:34605 - 0 ] INFO  ratis.XceiverServerRatis (XceiverServerRatis.java:getRealPort(511)) - XceiverServerRatis 0ad07249-b243-4532-8f92-d6393c2ee78d is started using port 35737 for RATIS_SERVER
2021-06-07 19:45:40,800 [EndpointStateMachine task thread for /0.0.0.0:34605 - 0 ] INFO  server.XceiverServerGrpc (XceiverServerGrpc.java:start(135)) - XceiverServerGrpc 0ad07249-b243-4532-8f92-d6393c2ee78d is started using port 37037
2021-06-07 19:45:40,890 [Listener at 127.0.0.1/44431] INFO  ozone.MiniOzoneClusterImpl (MiniOzoneClusterImpl.java:lambda$waitForClusterToBeReady$0(224)) - Waiting for nodes to be ready. Got 0 of 3 DN Heartbeats.
2021-06-07 19:45:40,890 [Listener at 127.0.0.1/44431] INFO  ozone.MiniOzoneClusterImpl (MiniOzoneClusterImpl.java:lambda$waitForClusterToBeReady$0(227)) - Waiting for cluster to exit safe mode
2021-06-07 19:45:40,890 [Listener at 127.0.0.1/44431] INFO  ozone.MiniOzoneClusterImpl (MiniOzoneClusterImpl.java:lambda$waitForClusterToBeReady$0(230)) - SCM became leader
2021-06-07 19:45:40,899 [EndpointStateMachine task thread for /0.0.0.0:34605 - 0 ] INFO  ozoneimpl.OzoneContainer (OzoneContainer.java:start(295)) - Attempting to start container services.
2021-06-07 19:45:40,899 [EndpointStateMachine task thread for /0.0.0.0:34605 - 0 ] INFO  ozoneimpl.OzoneContainer (OzoneContainer.java:startContainerScrub(241)) - Background container scanner has been disabled.
2021-06-07 19:45:40,901 [EndpointStateMachine task thread for /0.0.0.0:34605 - 0 ] INFO  replication.ReplicationServer (ReplicationServer.java:start(106)) - ReplicationServer is started using port 43161
2021-06-07 19:45:40,901 [EndpointStateMachine task thread for /0.0.0.0:34605 - 0 ] INFO  ratis.XceiverServerRatis (XceiverServerRatis.java:start(490)) - Starting XceiverServerRatis 9726e054-ce67-4d1e-af32-3adc5c4699d0
2021-06-07 19:45:40,903 [EndpointStateMachine task thread for /0.0.0.0:34605 - 0 ] INFO  server.RaftServer (RaftServerProxy.java:lambda$start$5(374)) - 9726e054-ce67-4d1e-af32-3adc5c4699d0: start RPC server
2021-06-07 19:45:40,904 [EndpointStateMachine task thread for /0.0.0.0:34605 - 0 ] INFO  server.GrpcService (GrpcService.java:startImpl(253)) - 9726e054-ce67-4d1e-af32-3adc5c4699d0: GrpcService started, listening on 41125
2021-06-07 19:45:40,904 [EndpointStateMachine task thread for /0.0.0.0:34605 - 0 ] INFO  ratis.XceiverServerRatis (XceiverServerRatis.java:getRealPort(511)) - XceiverServerRatis 9726e054-ce67-4d1e-af32-3adc5c4699d0 is started using port 41125 for RATIS
2021-06-07 19:45:40,904 [org.apache.ratis.util.JvmPauseMonitor$$Lambda$513/1826718760@48b045b7] INFO  util.JvmPauseMonitor (JvmPauseMonitor.java:run(103)) - JvmPauseMonitor-9726e054-ce67-4d1e-af32-3adc5c4699d0: Started
2021-06-07 19:45:40,905 [EndpointStateMachine task thread for /0.0.0.0:34605 - 0 ] INFO  ratis.XceiverServerRatis (XceiverServerRatis.java:getRealPort(511)) - XceiverServerRatis 9726e054-ce67-4d1e-af32-3adc5c4699d0 is started using port 41125 for RATIS_ADMIN
2021-06-07 19:45:40,905 [EndpointStateMachine task thread for /0.0.0.0:34605 - 0 ] INFO  ratis.XceiverServerRatis (XceiverServerRatis.java:getRealPort(511)) - XceiverServerRatis 9726e054-ce67-4d1e-af32-3adc5c4699d0 is started using port 41125 for RATIS_SERVER
2021-06-07 19:45:40,906 [EndpointStateMachine task thread for /0.0.0.0:34605 - 0 ] INFO  server.XceiverServerGrpc (XceiverServerGrpc.java:start(135)) - XceiverServerGrpc 9726e054-ce67-4d1e-af32-3adc5c4699d0 is started using port 46307
2021-06-07 19:45:41,891 [Listener at 127.0.0.1/44431] INFO  ozone.MiniOzoneClusterImpl (MiniOzoneClusterImpl.java:lambda$waitForClusterToBeReady$0(224)) - Waiting for nodes to be ready. Got 0 of 3 DN Heartbeats.
2021-06-07 19:45:41,891 [Listener at 127.0.0.1/44431] INFO  ozone.MiniOzoneClusterImpl (MiniOzoneClusterImpl.java:lambda$waitForClusterToBeReady$0(227)) - Waiting for cluster to exit safe mode
2021-06-07 19:45:41,891 [Listener at 127.0.0.1/44431] INFO  ozone.MiniOzoneClusterImpl (MiniOzoneClusterImpl.java:lambda$waitForClusterToBeReady$0(230)) - SCM became leader
2021-06-07 19:45:42,684 [IPC Server handler 0 on default port 34605] INFO  net.NetworkTopologyImpl (NetworkTopologyImpl.java:add(112)) - Added a new node: /default-rack/9c0aefb8-820f-4500-982b-3157569b0c8b
2021-06-07 19:45:42,685 [IPC Server handler 0 on default port 34605] INFO  node.SCMNodeManager (SCMNodeManager.java:register(348)) - Registered Data node : 9c0aefb8-820f-4500-982b-3157569b0c8b{ip: 10.1.0.60, host: fv-az184-40.3ow45vhwbzuu5incsxmygykede.cx.internal.cloudapp.net, ports: [REPLICATION=33969, RATIS=36165, RATIS_ADMIN=36165, RATIS_SERVER=36165, STANDALONE=41485], networkLocation: /default-rack, certSerialId: null, persistedOpState: null, persistedOpStateExpiryEpochSec: 0}
2021-06-07 19:45:42,686 [EventQueue-NewNodeForNewNodeHandler] INFO  pipeline.BackgroundPipelineCreator (BackgroundPipelineCreatorV2.java:notifyEventTriggered(282)) - trigger a one-shot run on RatisPipelineUtilsThread.
2021-06-07 19:45:42,686 [EventQueue-NodeRegistrationContainerReportForDataNodeSafeModeRule] INFO  safemode.SCMSafeModeManager (DataNodeSafeModeRule.java:process(71)) - SCM in safe mode. 1 DataNodes registered, 1 required.
2021-06-07 19:45:42,686 [EventQueue-NodeRegistrationContainerReportForDataNodeSafeModeRule] INFO  safemode.SCMSafeModeManager (SCMSafeModeManager.java:validateSafeModeExitRules(201)) - DataNodeSafeModeRule rule is successfully validated
2021-06-07 19:45:42,686 [EventQueue-NodeRegistrationContainerReportForDataNodeSafeModeRule] INFO  safemode.SCMSafeModeManager (SCMSafeModeManager.java:completePreCheck(229)) - All SCM safe mode pre check rules have passed
2021-06-07 19:45:42,686 [EventQueue-NodeRegistrationContainerReportForDataNodeSafeModeRule] WARN  events.EventQueue (EventQueue.java:fireEvent(185)) - No event handler registered for event TypedEvent{payloadType=SafeModeStatus, name='Safe mode status'}
2021-06-07 19:45:42,686 [RatisPipelineUtilsThread - 0] INFO  pipeline.RatisPipelineProvider (RatisPipelineProvider.java:lambda$create$0(170)) - Sending CreatePipelineCommand for pipeline:PipelineID=74dcb825-f4ed-4eaa-8e9b-2e410ed13298 to datanode:9c0aefb8-820f-4500-982b-3157569b0c8b
2021-06-07 19:45:42,686 [EventQueue-NodeRegistrationContainerReportForDataNodeSafeModeRule] INFO  ha.SCMContext (SCMContext.java:updateSafeModeStatus(148)) - Update SafeModeStatus from SafeModeStatus{safeModeStatus=true, preCheckPassed=false} to SafeModeStatus{safeModeStatus=true, preCheckPassed=true}.
2021-06-07 19:45:42,687 [EventQueue-NodeRegistrationContainerReportForDataNodeSafeModeRule] INFO  pipeline.BackgroundPipelineCreator (BackgroundPipelineCreatorV2.java:notifyEventTriggered(282)) - trigger a one-shot run on RatisPipelineUtilsThread.
2021-06-07 19:45:42,688 [EventQueue-NodeRegistrationContainerReportForContainerSafeModeRule] INFO  safemode.SCMSafeModeManager (SCMSafeModeManager.java:validateSafeModeExitRules(201)) - ContainerSafeModeRule rule is successfully validated
2021-06-07 19:45:42,688 [EventQueue-PipelineReportForOneReplicaPipelineSafeModeRule] INFO  safemode.SCMSafeModeManager (SCMSafeModeManager.java:validateSafeModeExitRules(201)) - AtleastOneDatanodeReportedRule rule is successfully validated
2021-06-07 19:45:42,688 [RatisPipelineUtilsThread - 0] INFO  pipeline.PipelineStateManager (PipelineStateManagerV2Impl.java:addPipeline(101)) - Created pipeline Pipeline[ Id: 74dcb825-f4ed-4eaa-8e9b-2e410ed13298, Nodes: 9c0aefb8-820f-4500-982b-3157569b0c8b{ip: 10.1.0.60, host: fv-az184-40.3ow45vhwbzuu5incsxmygykede.cx.internal.cloudapp.net, ports: [REPLICATION=33969, RATIS=36165, RATIS_ADMIN=36165, RATIS_SERVER=36165, STANDALONE=41485], networkLocation: /default-rack, certSerialId: null, persistedOpState: IN_SERVICE, persistedOpStateExpiryEpochSec: 0}, ReplicationConfig: RATIS/ONE, State:ALLOCATED, leaderId:, CreationTimestamp2021-06-07T19:45:42.686Z].
2021-06-07 19:45:42,689 [RatisPipelineUtilsThread - 0] WARN  pipeline.PipelinePlacementPolicy (PipelinePlacementPolicy.java:filterViableNodes(151)) - Pipeline creation failed due to no sufficient healthy datanodes. Required 3. Found 1.
2021-06-07 19:45:42,792 [IPC Server handler 1 on default port 34605] INFO  net.NetworkTopologyImpl (NetworkTopologyImpl.java:add(112)) - Added a new node: /default-rack/0ad07249-b243-4532-8f92-d6393c2ee78d
2021-06-07 19:45:42,792 [IPC Server handler 1 on default port 34605] INFO  node.SCMNodeManager (SCMNodeManager.java:register(348)) - Registered Data node : 0ad07249-b243-4532-8f92-d6393c2ee78d{ip: 10.1.0.60, host: fv-az184-40.3ow45vhwbzuu5incsxmygykede.cx.internal.cloudapp.net, ports: [REPLICATION=35957, RATIS=35737, RATIS_ADMIN=35737, RATIS_SERVER=35737, STANDALONE=37037], networkLocation: /default-rack, certSerialId: null, persistedOpState: null, persistedOpStateExpiryEpochSec: 0}
2021-06-07 19:45:42,792 [EventQueue-NodeRegistrationContainerReportForDataNodeSafeModeRule] INFO  safemode.SCMSafeModeManager (SCMSafeModeManager.java:validateSafeModeExitRules(201)) - DataNodeSafeModeRule rule is successfully validated
2021-06-07 19:45:42,793 [EventQueue-NewNodeForNewNodeHandler] INFO  pipeline.BackgroundPipelineCreator (BackgroundPipelineCreatorV2.java:notifyEventTriggered(282)) - trigger a one-shot run on RatisPipelineUtilsThread.
2021-06-07 19:45:42,793 [EventQueue-NodeRegistrationContainerReportForContainerSafeModeRule] INFO  safemode.SCMSafeModeManager (SCMSafeModeManager.java:validateSafeModeExitRules(201)) - ContainerSafeModeRule rule is successfully validated
2021-06-07 19:45:42,793 [EventQueue-PipelineReportForOneReplicaPipelineSafeModeRule] INFO  safemode.SCMSafeModeManager (SCMSafeModeManager.java:validateSafeModeExitRules(201)) - AtleastOneDatanodeReportedRule rule is successfully validated
2021-06-07 19:45:42,795 [RatisPipelineUtilsThread - 0] INFO  pipeline.RatisPipelineProvider (RatisPipelineProvider.java:lambda$create$0(170)) - Sending CreatePipelineCommand for pipeline:PipelineID=a3e8b81b-9952-4ac5-a7a1-60dd3adb06db to datanode:0ad07249-b243-4532-8f92-d6393c2ee78d
2021-06-07 19:45:42,795 [RatisPipelineUtilsThread - 0] INFO  pipeline.PipelineStateManager (PipelineStateManagerV2Impl.java:addPipeline(101)) - Created pipeline Pipeline[ Id: a3e8b81b-9952-4ac5-a7a1-60dd3adb06db, Nodes: 0ad07249-b243-4532-8f92-d6393c2ee78d{ip: 10.1.0.60, host: fv-az184-40.3ow45vhwbzuu5incsxmygykede.cx.internal.cloudapp.net, ports: [REPLICATION=35957, RATIS=35737, RATIS_ADMIN=35737, RATIS_SERVER=35737, STANDALONE=37037], networkLocation: /default-rack, certSerialId: null, persistedOpState: IN_SERVICE, persistedOpStateExpiryEpochSec: 0}, ReplicationConfig: RATIS/ONE, State:ALLOCATED, leaderId:, CreationTimestamp2021-06-07T19:45:42.795Z].
2021-06-07 19:45:42,796 [RatisPipelineUtilsThread - 0] WARN  pipeline.PipelinePlacementPolicy (PipelinePlacementPolicy.java:filterViableNodes(151)) - Pipeline creation failed due to no sufficient healthy datanodes. Required 3. Found 2.
2021-06-07 19:45:42,891 [Listener at 127.0.0.1/44431] INFO  ozone.MiniOzoneClusterImpl (MiniOzoneClusterImpl.java:lambda$waitForClusterToBeReady$0(224)) - Waiting for nodes to be ready. Got 2 of 3 DN Heartbeats.
2021-06-07 19:45:42,892 [Listener at 127.0.0.1/44431] INFO  ozone.MiniOzoneClusterImpl (MiniOzoneClusterImpl.java:lambda$waitForClusterToBeReady$0(227)) - Waiting for cluster to exit safe mode
2021-06-07 19:45:42,892 [Listener at 127.0.0.1/44431] INFO  ozone.MiniOzoneClusterImpl (MiniOzoneClusterImpl.java:lambda$waitForClusterToBeReady$0(230)) - SCM became leader
2021-06-07 19:45:42,897 [IPC Server handler 2 on default port 34605] INFO  net.NetworkTopologyImpl (NetworkTopologyImpl.java:add(112)) - Added a new node: /default-rack/9726e054-ce67-4d1e-af32-3adc5c4699d0
2021-06-07 19:45:42,897 [IPC Server handler 2 on default port 34605] INFO  node.SCMNodeManager (SCMNodeManager.java:register(348)) - Registered Data node : 9726e054-ce67-4d1e-af32-3adc5c4699d0{ip: 10.1.0.60, host: fv-az184-40.3ow45vhwbzuu5incsxmygykede.cx.internal.cloudapp.net, ports: [REPLICATION=43161, RATIS=41125, RATIS_ADMIN=41125, RATIS_SERVER=41125, STANDALONE=46307], networkLocation: /default-rack, certSerialId: null, persistedOpState: null, persistedOpStateExpiryEpochSec: 0}
2021-06-07 19:45:42,897 [EventQueue-NodeRegistrationContainerReportForDataNodeSafeModeRule] INFO  safemode.SCMSafeModeManager (SCMSafeModeManager.java:validateSafeModeExitRules(201)) - DataNodeSafeModeRule rule is successfully validated
2021-06-07 19:45:42,897 [EventQueue-NodeRegistrationContainerReportForContainerSafeModeRule] INFO  safemode.SCMSafeModeManager (SCMSafeModeManager.java:validateSafeModeExitRules(201)) - ContainerSafeModeRule rule is successfully validated
2021-06-07 19:45:42,897 [EventQueue-PipelineReportForOneReplicaPipelineSafeModeRule] INFO  safemode.SCMSafeModeManager (SCMSafeModeManager.java:validateSafeModeExitRules(201)) - AtleastOneDatanodeReportedRule rule is successfully validated
2021-06-07 19:45:42,897 [EventQueue-NewNodeForNewNodeHandler] INFO  pipeline.BackgroundPipelineCreator (BackgroundPipelineCreatorV2.java:notifyEventTriggered(282)) - trigger a one-shot run on RatisPipelineUtilsThread.
2021-06-07 19:45:42,898 [RatisPipelineUtilsThread - 0] INFO  pipeline.RatisPipelineProvider (RatisPipelineProvider.java:lambda$create$0(170)) - Sending CreatePipelineCommand for pipeline:PipelineID=5e944d40-1aee-4d1a-afe7-4c25346bc119 to datanode:9726e054-ce67-4d1e-af32-3adc5c4699d0
2021-06-07 19:45:42,899 [RatisPipelineUtilsThread - 0] INFO  pipeline.PipelineStateManager (PipelineStateManagerV2Impl.java:addPipeline(101)) - Created pipeline Pipeline[ Id: 5e944d40-1aee-4d1a-afe7-4c25346bc119, Nodes: 9726e054-ce67-4d1e-af32-3adc5c4699d0{ip: 10.1.0.60, host: fv-az184-40.3ow45vhwbzuu5incsxmygykede.cx.internal.cloudapp.net, ports: [REPLICATION=43161, RATIS=41125, RATIS_ADMIN=41125, RATIS_SERVER=41125, STANDALONE=46307], networkLocation: /default-rack, certSerialId: null, persistedOpState: IN_SERVICE, persistedOpStateExpiryEpochSec: 0}, ReplicationConfig: RATIS/ONE, State:ALLOCATED, leaderId:, CreationTimestamp2021-06-07T19:45:42.898Z].
2021-06-07 19:45:42,902 [RatisPipelineUtilsThread - 0] INFO  pipeline.RatisPipelineProvider (RatisPipelineProvider.java:lambda$create$0(170)) - Sending CreatePipelineCommand for pipeline:PipelineID=21ba005b-e3b8-47ea-b30f-7cc1edc876c1 to datanode:9726e054-ce67-4d1e-af32-3adc5c4699d0
2021-06-07 19:45:42,902 [RatisPipelineUtilsThread - 0] INFO  pipeline.RatisPipelineProvider (RatisPipelineProvider.java:lambda$create$0(170)) - Sending CreatePipelineCommand for pipeline:PipelineID=21ba005b-e3b8-47ea-b30f-7cc1edc876c1 to datanode:9c0aefb8-820f-4500-982b-3157569b0c8b
2021-06-07 19:45:42,903 [RatisPipelineUtilsThread - 0] INFO  pipeline.RatisPipelineProvider (RatisPipelineProvider.java:lambda$create$0(170)) - Sending CreatePipelineCommand for pipeline:PipelineID=21ba005b-e3b8-47ea-b30f-7cc1edc876c1 to datanode:0ad07249-b243-4532-8f92-d6393c2ee78d
2021-06-07 19:45:42,903 [RatisPipelineUtilsThread - 0] INFO  pipeline.PipelineStateManager (PipelineStateManagerV2Impl.java:addPipeline(101)) - Created pipeline Pipeline[ Id: 21ba005b-e3b8-47ea-b30f-7cc1edc876c1, Nodes: 9726e054-ce67-4d1e-af32-3adc5c4699d0{ip: 10.1.0.60, host: fv-az184-40.3ow45vhwbzuu5incsxmygykede.cx.internal.cloudapp.net, ports: [REPLICATION=43161, RATIS=41125, RATIS_ADMIN=41125, RATIS_SERVER=41125, STANDALONE=46307], networkLocation: /default-rack, certSerialId: null, persistedOpState: IN_SERVICE, persistedOpStateExpiryEpochSec: 0}9c0aefb8-820f-4500-982b-3157569b0c8b{ip: 10.1.0.60, host: fv-az184-40.3ow45vhwbzuu5incsxmygykede.cx.internal.cloudapp.net, ports: [REPLICATION=33969, RATIS=36165, RATIS_ADMIN=36165, RATIS_SERVER=36165, STANDALONE=41485], networkLocation: /default-rack, certSerialId: null, persistedOpState: IN_SERVICE, persistedOpStateExpiryEpochSec: 0}0ad07249-b243-4532-8f92-d6393c2ee78d{ip: 10.1.0.60, host: fv-az184-40.3ow45vhwbzuu5incsxmygykede.cx.internal.cloudapp.net, ports: [REPLICATION=35957, RATIS=35737, RATIS_ADMIN=35737, RATIS_SERVER=35737, STANDALONE=37037], networkLocation: /default-rack, certSerialId: null, persistedOpState: IN_SERVICE, persistedOpStateExpiryEpochSec: 0}, ReplicationConfig: RATIS/THREE, State:ALLOCATED, leaderId:, CreationTimestamp2021-06-07T19:45:42.902Z].
2021-06-07 19:45:43,892 [Listener at 127.0.0.1/44431] INFO  ozone.MiniOzoneClusterImpl (MiniOzoneClusterImpl.java:lambda$waitForClusterToBeReady$0(224)) - Nodes are ready. Got 3 of 3 DN Heartbeats.
2021-06-07 19:45:43,893 [Listener at 127.0.0.1/44431] INFO  ozone.MiniOzoneClusterImpl (MiniOzoneClusterImpl.java:lambda$waitForClusterToBeReady$0(227)) - Waiting for cluster to exit safe mode
2021-06-07 19:45:43,893 [Listener at 127.0.0.1/44431] INFO  ozone.MiniOzoneClusterImpl (MiniOzoneClusterImpl.java:lambda$waitForClusterToBeReady$0(230)) - SCM became leader
2021-06-07 19:45:44,893 [Listener at 127.0.0.1/44431] INFO  ozone.MiniOzoneClusterImpl (MiniOzoneClusterImpl.java:lambda$waitForClusterToBeReady$0(224)) - Nodes are ready. Got 3 of 3 DN Heartbeats.
2021-06-07 19:45:44,894 [Listener at 127.0.0.1/44431] INFO  ozone.MiniOzoneClusterImpl (MiniOzoneClusterImpl.java:lambda$waitForClusterToBeReady$0(227)) - Waiting for cluster to exit safe mode
2021-06-07 19:45:44,894 [Listener at 127.0.0.1/44431] INFO  ozone.MiniOzoneClusterImpl (MiniOzoneClusterImpl.java:lambda$waitForClusterToBeReady$0(230)) - SCM became leader
2021-06-07 19:45:45,684 [Command processor thread] INFO  server.RaftServer (RaftServerProxy.java:addNew(95)) - 9c0aefb8-820f-4500-982b-3157569b0c8b: addNew group-2E410ED13298:[9c0aefb8-820f-4500-982b-3157569b0c8b|rpc:10.1.0.60:36165|priority:1] returns group-2E410ED13298:java.util.concurrent.CompletableFuture@6cdbd0c0[Not completed]
2021-06-07 19:45:45,686 [pool-105-thread-1] INFO  server.RaftServer$Division (RaftServerImpl.java:<init>(180)) - 9c0aefb8-820f-4500-982b-3157569b0c8b: new RaftServerImpl for group-2E410ED13298:[9c0aefb8-820f-4500-982b-3157569b0c8b|rpc:10.1.0.60:36165|priority:1] with ContainerStateMachine:uninitialized
2021-06-07 19:45:45,688 [pool-105-thread-1] INFO  server.RaftServerConfigKeys (ConfUtils.java:logGet(44)) - raft.server.rpc.timeout.min = 5s (custom)
2021-06-07 19:45:45,688 [pool-105-thread-1] INFO  server.RaftServerConfigKeys (ConfUtils.java:logGet(44)) - raft.server.rpc.timeout.max = 5200ms (custom)
2021-06-07 19:45:45,688 [pool-105-thread-1] INFO  server.RaftServerConfigKeys (ConfUtils.java:logGet(44)) - raft.server.rpc.sleep.time = 25ms (default)
2021-06-07 19:45:45,688 [pool-105-thread-1] INFO  server.RaftServerConfigKeys (ConfUtils.java:logGet(44)) - raft.server.rpc.slowness.timeout = 300s (custom)
2021-06-07 19:45:45,688 [pool-105-thread-1] INFO  server.RaftServerConfigKeys (ConfUtils.java:logGet(44)) - raft.server.leaderelection.leader.step-down.wait-time = 10s (default)
2021-06-07 19:45:45,688 [pool-105-thread-1] INFO  server.RaftServerConfigKeys (ConfUtils.java:logGet(44)) - raft.server.sleep.deviation.threshold = 300ms (default)
2021-06-07 19:45:45,689 [pool-105-thread-1] INFO  server.RaftServerConfigKeys (ConfUtils.java:logGet(44)) - raft.server.log.appender.install.snapshot.enabled = false (custom)
2021-06-07 19:45:45,689 [pool-105-thread-1] INFO  server.RaftServer$Division (ServerState.java:<init>(105)) - 9c0aefb8-820f-4500-982b-3157569b0c8b@group-2E410ED13298: ConfigurationManager, init=-1: [9c0aefb8-820f-4500-982b-3157569b0c8b|rpc:10.1.0.60:36165|priority:1], old=null, confs=<EMPTY_MAP>
2021-06-07 19:45:45,689 [pool-105-thread-1] INFO  server.RaftServerConfigKeys (ConfUtils.java:logGet(44)) - raft.server.storage.dir = [/home/runner/work/ozone/ozone/mnt/ozone/hadoop-ozone/integration-test/target/test-dir/MiniOzoneClusterImpl-03cd68cf-68ac-428b-89d3-1b040d29d264/datanode-0/data/ratis] (custom)
2021-06-07 19:45:45,689 [pool-105-thread-1] INFO  server.RaftServerConfigKeys (ConfUtils.java:logGet(44)) - raft.server.log.corruption.policy = EXCEPTION (default)
2021-06-07 19:45:45,690 [pool-105-thread-1] INFO  storage.RaftStorageDirectory (RaftStorageDirectoryImpl.java:analyzeStorage(132)) - The storage directory /home/runner/work/ozone/ozone/mnt/ozone/hadoop-ozone/integration-test/target/test-dir/MiniOzoneClusterImpl-03cd68cf-68ac-428b-89d3-1b040d29d264/datanode-0/data/ratis/74dcb825-f4ed-4eaa-8e9b-2e410ed13298 does not exist. Creating ...
2021-06-07 19:45:45,691 [pool-105-thread-1] INFO  storage.RaftStorageDirectory (RaftStorageDirectoryImpl.java:tryLock(215)) - Lock on /home/runner/work/ozone/ozone/mnt/ozone/hadoop-ozone/integration-test/target/test-dir/MiniOzoneClusterImpl-03cd68cf-68ac-428b-89d3-1b040d29d264/datanode-0/data/ratis/74dcb825-f4ed-4eaa-8e9b-2e410ed13298/in_use.lock acquired by nodename 30541@fv-az184-40
2021-06-07 19:45:45,693 [pool-105-thread-1] INFO  storage.RaftStorage (RaftStorageImpl.java:format(87)) - Storage directory /home/runner/work/ozone/ozone/mnt/ozone/hadoop-ozone/integration-test/target/test-dir/MiniOzoneClusterImpl-03cd68cf-68ac-428b-89d3-1b040d29d264/datanode-0/data/ratis/74dcb825-f4ed-4eaa-8e9b-2e410ed13298 has been successfully formatted.
2021-06-07 19:45:45,693 [pool-105-thread-1] INFO  ratis.ContainerStateMachine (ContainerStateMachine.java:loadSnapshot(224)) - group-2E410ED13298: The snapshot info is null. Setting the last applied indexto:(t:0, i:~)
2021-06-07 19:45:45,694 [pool-105-thread-1] INFO  server.RaftServerConfigKeys (ConfUtils.java:logGet(44)) - raft.server.notification.no-leader.timeout = 300s (custom)
2021-06-07 19:45:45,694 [pool-105-thread-1] INFO  server.RaftServerConfigKeys (ConfUtils.java:logGet(44)) - raft.server.log.use.memory = false (default)
2021-06-07 19:45:45,696 [pool-105-thread-1] INFO  server.RaftServerConfigKeys (ConfUtils.java:logGet(44)) - raft.server.log.purge.gap = 1000000 (custom)
2021-06-07 19:45:45,696 [EventQueue-PipelineReportForPipelineReportHandler] INFO  pipeline.PipelineManagerV2Impl (PipelineManagerV2Impl.java:openPipeline(270)) - Pipeline Pipeline[ Id: 74dcb825-f4ed-4eaa-8e9b-2e410ed13298, Nodes: 9c0aefb8-820f-4500-982b-3157569b0c8b{ip: 10.1.0.60, host: fv-az184-40.3ow45vhwbzuu5incsxmygykede.cx.internal.cloudapp.net, ports: [REPLICATION=33969, RATIS=36165, RATIS_ADMIN=36165, RATIS_SERVER=36165, STANDALONE=41485], networkLocation: /default-rack, certSerialId: null, persistedOpState: IN_SERVICE, persistedOpStateExpiryEpochSec: 0}, ReplicationConfig: RATIS/ONE, State:ALLOCATED, leaderId:9c0aefb8-820f-4500-982b-3157569b0c8b, CreationTimestamp2021-06-07T19:45:42.686Z] moved to OPEN state
2021-06-07 19:45:45,696 [pool-105-thread-1] INFO  server.RaftServerConfigKeys (ConfUtils.java:logGet(44)) - raft.server.log.appender.buffer.byte-limit = 33554432 (custom)
2021-06-07 19:45:45,696 [pool-105-thread-1] INFO  metrics.RatisMetrics (RatisMetrics.java:lambda$create$0(36)) - Creating Metrics Registry : ratis.log_worker.9c0aefb8-820f-4500-982b-3157569b0c8b@group-2E410ED13298
2021-06-07 19:45:45,696 [pool-105-thread-1] INFO  server.RaftServerConfigKeys (ConfUtils.java:logGet(44)) - raft.server.log.segment.size.max = 1048576 (custom)
2021-06-07 19:45:45,697 [EventQueue-PipelineReportForOneReplicaPipelineSafeModeRule] INFO  safemode.SCMSafeModeManager (SCMSafeModeManager.java:validateSafeModeExitRules(201)) - AtleastOneDatanodeReportedRule rule is successfully validated
2021-06-07 19:45:45,698 [pool-105-thread-1] INFO  server.RaftServerConfigKeys (ConfUtils.java:logGet(44)) - raft.server.log.segment.cache.num.max = 2 (custom)
2021-06-07 19:45:45,698 [pool-105-thread-1] INFO  server.RaftServerConfigKeys (ConfUtils.java:logGet(44)) - raft.server.log.segment.cache.size.max = 200MB (=209715200) (default)
2021-06-07 19:45:45,698 [pool-105-thread-1] INFO  segmented.SegmentedRaftLogWorker (SegmentedRaftLogWorker.java:<init>(182)) - new 9c0aefb8-820f-4500-982b-3157569b0c8b@group-2E410ED13298-SegmentedRaftLogWorker for RaftStorageImpl:Storage Directory /home/runner/work/ozone/ozone/mnt/ozone/hadoop-ozone/integration-test/target/test-dir/MiniOzoneClusterImpl-03cd68cf-68ac-428b-89d3-1b040d29d264/datanode-0/data/ratis/74dcb825-f4ed-4eaa-8e9b-2e410ed13298
2021-06-07 19:45:45,698 [pool-105-thread-1] INFO  server.RaftServerConfigKeys (ConfUtils.java:logGet(44)) - raft.server.log.queue.byte-limit = 2147483647 (custom)
2021-06-07 19:45:45,698 [pool-105-thread-1] INFO  server.RaftServerConfigKeys (ConfUtils.java:logGet(44)) - raft.server.log.queue.element-limit = 1024 (custom)
2021-06-07 19:45:45,698 [pool-105-thread-1] INFO  server.RaftServerConfigKeys (ConfUtils.java:logGet(44)) - raft.server.log.segment.size.max = 1048576 (custom)
2021-06-07 19:45:45,699 [pool-105-thread-1] INFO  server.RaftServerConfigKeys (ConfUtils.java:logGet(44)) - raft.server.log.preallocated.size = 16384 (custom)
2021-06-07 19:45:45,699 [pool-105-thread-1] INFO  server.RaftServerConfigKeys (ConfUtils.java:logGet(44)) - raft.server.log.force.sync.num = 128 (default)
2021-06-07 19:45:45,699 [pool-105-thread-1] INFO  server.RaftServerConfigKeys (ConfUtils.java:logGet(44)) - raft.server.log.statemachine.data.sync = true (default)
2021-06-07 19:45:45,699 [pool-105-thread-1] INFO  server.RaftServerConfigKeys (ConfUtils.java:logGet(44)) - raft.server.log.statemachine.data.sync.timeout = 10s (default)
2021-06-07 19:45:45,699 [pool-105-thread-1] INFO  server.RaftServerConfigKeys (ConfUtils.java:logGet(44)) - raft.server.log.statemachine.data.sync.timeout.retry = -1 (default)
2021-06-07 19:45:45,701 [EventQueue-OpenPipelineForHealthyPipelineSafeModeRule] INFO  safemode.SCMSafeModeManager (HealthyPipelineSafeModeRule.java:process(130)) - SCM in safe mode. Healthy pipelines reported count is 0, required healthy pipeline reported count is 1
2021-06-07 19:45:45,703 [pool-105-thread-1] INFO  server.RaftServerConfigKeys (ConfUtils.java:logGet(44)) - raft.server.log.write.buffer.size = 1048576 (custom)
2021-06-07 19:45:45,704 [pool-105-thread-1] INFO  server.RaftServerConfigKeys (ConfUtils.java:logGet(44)) - raft.server.log.statemachine.data.caching.enabled = true (custom)
2021-06-07 19:45:45,704 [pool-105-thread-1] INFO  segmented.SegmentedRaftLogWorker (SegmentedRaftLogWorker.java:lambda$new$0(133)) - 9c0aefb8-820f-4500-982b-3157569b0c8b@group-2E410ED13298-SegmentedRaftLogWorker: flushIndex: setUnconditionally 0 -> -1
2021-06-07 19:45:45,704 [pool-105-thread-1] INFO  segmented.SegmentedRaftLogWorker (SegmentedRaftLogWorker.java:lambda$new$0(133)) - 9c0aefb8-820f-4500-982b-3157569b0c8b@group-2E410ED13298-SegmentedRaftLogWorker: safeCacheEvictIndex: setUnconditionally 0 -> -1
2021-06-07 19:45:45,704 [pool-105-thread-1] INFO  server.RaftServerConfigKeys (ConfUtils.java:logGet(44)) - raft.server.snapshot.auto.trigger.enabled = true (custom)
2021-06-07 19:45:45,705 [pool-105-thread-1] INFO  server.RaftServerConfigKeys (ConfUtils.java:logGet(44)) - raft.server.snapshot.auto.trigger.threshold = 10000 (custom)
2021-06-07 19:45:45,705 [pool-105-thread-1] INFO  server.RaftServerConfigKeys (ConfUtils.java:logGet(44)) - raft.server.snapshot.retention.file.num = 5 (custom)
2021-06-07 19:45:45,705 [pool-105-thread-1] INFO  server.RaftServerConfigKeys (ConfUtils.java:logGet(44)) - raft.server.log.purge.upto.snapshot.index = false (default)
2021-06-07 19:45:45,705 [pool-105-thread-1] INFO  server.RaftServerConfigKeys (ConfUtils.java:logGet(44)) - raft.server.retrycache.expirytime = 600000ms (custom)
2021-06-07 19:45:45,705 [pool-105-thread-1] INFO  server.RaftServerConfigKeys (ConfUtils.java:logGet(44)) - raft.server.retrycache.statistics.expirytime = 100μs (default)
2021-06-07 19:45:45,705 [pool-105-thread-1] INFO  metrics.RatisMetrics (RatisMetrics.java:lambda$create$0(36)) - Creating Metrics Registry : ratis.leader_election.9c0aefb8-820f-4500-982b-3157569b0c8b@group-2E410ED13298
2021-06-07 19:45:45,706 [pool-105-thread-1] INFO  metrics.RatisMetrics (RatisMetrics.java:lambda$create$0(36)) - Creating Metrics Registry : ratis.server.9c0aefb8-820f-4500-982b-3157569b0c8b@group-2E410ED13298
2021-06-07 19:45:45,708 [pool-105-thread-1] INFO  server.RaftServer$Division (RaftServerImpl.java:start(295)) - 9c0aefb8-820f-4500-982b-3157569b0c8b@group-2E410ED13298: start as a follower, conf=-1: [9c0aefb8-820f-4500-982b-3157569b0c8b|rpc:10.1.0.60:36165|priority:1], old=null
2021-06-07 19:45:45,708 [pool-105-thread-1] INFO  server.RaftServer$Division (RaftServerImpl.java:setRole(284)) - 9c0aefb8-820f-4500-982b-3157569b0c8b@group-2E410ED13298: changes role from      null to FOLLOWER at term 0 for startAsFollower
2021-06-07 19:45:45,708 [pool-105-thread-1] INFO  impl.RoleInfo (RoleInfo.java:updateAndGet(130)) - 9c0aefb8-820f-4500-982b-3157569b0c8b: start 9c0aefb8-820f-4500-982b-3157569b0c8b@group-2E410ED13298-FollowerState
2021-06-07 19:45:45,709 [pool-105-thread-1] INFO  util.JmxRegister (JmxRegister.java:tryRegister(44)) - Successfully registered JMX Bean with object name Ratis:service=RaftServer,group=group-2E410ED13298,id=9c0aefb8-820f-4500-982b-3157569b0c8b
2021-06-07 19:45:45,709 [pool-105-thread-1] INFO  metrics.RatisMetrics (RatisMetrics.java:lambda$create$0(36)) - Creating Metrics Registry : ratis.state_machine.9c0aefb8-820f-4500-982b-3157569b0c8b@group-2E410ED13298
2021-06-07 19:45:45,710 [Command processor thread] INFO  ratis.XceiverServerRatis (XceiverServerRatis.java:addGroup(808)) - Created group PipelineID=74dcb825-f4ed-4eaa-8e9b-2e410ed13298
2021-06-07 19:45:45,710 [Command processor thread] INFO  commandhandler.CreatePipelineCommandHandler (CreatePipelineCommandHandler.java:handle(106)) - Created Pipeline RATIS ONE PipelineID=74dcb825-f4ed-4eaa-8e9b-2e410ed13298.
2021-06-07 19:45:45,710 [Command processor thread] INFO  server.RaftServer (RaftServerProxy.java:addNew(95)) - 9c0aefb8-820f-4500-982b-3157569b0c8b: addNew group-7CC1EDC876C1:[0ad07249-b243-4532-8f92-d6393c2ee78d|rpc:10.1.0.60:35737|priority:1, 9c0aefb8-820f-4500-982b-3157569b0c8b|rpc:10.1.0.60:36165|priority:0, 9726e054-ce67-4d1e-af32-3adc5c4699d0|rpc:10.1.0.60:41125|priority:0] returns group-7CC1EDC876C1:java.util.concurrent.CompletableFuture@68e44983[Not completed]
2021-06-07 19:45:45,711 [pool-105-thread-1] INFO  server.RaftServer$Division (RaftServerImpl.java:<init>(180)) - 9c0aefb8-820f-4500-982b-3157569b0c8b: new RaftServerImpl for group-7CC1EDC876C1:[0ad07249-b243-4532-8f92-d6393c2ee78d|rpc:10.1.0.60:35737|priority:1, 9c0aefb8-820f-4500-982b-3157569b0c8b|rpc:10.1.0.60:36165|priority:0, 9726e054-ce67-4d1e-af32-3adc5c4699d0|rpc:10.1.0.60:41125|priority:0] with ContainerStateMachine:uninitialized
2021-06-07 19:45:45,711 [pool-105-thread-1] INFO  server.RaftServerConfigKeys (ConfUtils.java:logGet(44)) - raft.server.rpc.timeout.min = 5s (custom)
2021-06-07 19:45:45,711 [pool-105-thread-1] INFO  server.RaftServerConfigKeys (ConfUtils.java:logGet(44)) - raft.server.rpc.timeout.max = 5200ms (custom)
2021-06-07 19:45:45,711 [pool-105-thread-1] INFO  server.RaftServerConfigKeys (ConfUtils.java:logGet(44)) - raft.server.rpc.sleep.time = 25ms (default)
2021-06-07 19:45:45,711 [pool-105-thread-1] INFO  server.RaftServerConfigKeys (ConfUtils.java:logGet(44)) - raft.server.rpc.slowness.timeout = 300s (custom)
2021-06-07 19:45:45,712 [pool-105-thread-1] INFO  server.RaftServerConfigKeys (ConfUtils.java:logGet(44)) - raft.server.leaderelection.leader.step-down.wait-time = 10s (default)
2021-06-07 19:45:45,712 [pool-105-thread-1] INFO  server.RaftServerConfigKeys (ConfUtils.java:logGet(44)) - raft.server.sleep.deviation.threshold = 300ms (default)
2021-06-07 19:45:45,712 [pool-105-thread-1] INFO  server.RaftServerConfigKeys (ConfUtils.java:logGet(44)) - raft.server.log.appender.install.snapshot.enabled = false (custom)
2021-06-07 19:45:45,712 [pool-105-thread-1] INFO  server.RaftServer$Division (ServerState.java:<init>(105)) - 9c0aefb8-820f-4500-982b-3157569b0c8b@group-7CC1EDC876C1: ConfigurationManager, init=-1: [0ad07249-b243-4532-8f92-d6393c2ee78d|rpc:10.1.0.60:35737|priority:1, 9c0aefb8-820f-4500-982b-3157569b0c8b|rpc:10.1.0.60:36165|priority:0, 9726e054-ce67-4d1e-af32-3adc5c4699d0|rpc:10.1.0.60:41125|priority:0], old=null, confs=<EMPTY_MAP>
2021-06-07 19:45:45,712 [pool-105-thread-1] INFO  server.RaftServerConfigKeys (ConfUtils.java:logGet(44)) - raft.server.storage.dir = [/home/runner/work/ozone/ozone/mnt/ozone/hadoop-ozone/integration-test/target/test-dir/MiniOzoneClusterImpl-03cd68cf-68ac-428b-89d3-1b040d29d264/datanode-0/data/ratis] (custom)
2021-06-07 19:45:45,712 [pool-105-thread-1] INFO  server.RaftServerConfigKeys (ConfUtils.java:logGet(44)) - raft.server.log.corruption.policy = EXCEPTION (default)
2021-06-07 19:45:45,712 [pool-105-thread-1] INFO  storage.RaftStorageDirectory (RaftStorageDirectoryImpl.java:analyzeStorage(132)) - The storage directory /home/runner/work/ozone/ozone/mnt/ozone/hadoop-ozone/integration-test/target/test-dir/MiniOzoneClusterImpl-03cd68cf-68ac-428b-89d3-1b040d29d264/datanode-0/data/ratis/21ba005b-e3b8-47ea-b30f-7cc1edc876c1 does not exist. Creating ...
2021-06-07 19:45:45,713 [pool-105-thread-1] INFO  storage.RaftStorageDirectory (RaftStorageDirectoryImpl.java:tryLock(215)) - Lock on /home/runner/work/ozone/ozone/mnt/ozone/hadoop-ozone/integration-test/target/test-dir/MiniOzoneClusterImpl-03cd68cf-68ac-428b-89d3-1b040d29d264/datanode-0/data/ratis/21ba005b-e3b8-47ea-b30f-7cc1edc876c1/in_use.lock acquired by nodename 30541@fv-az184-40
2021-06-07 19:45:45,714 [pool-105-thread-1] INFO  storage.RaftStorage (RaftStorageImpl.java:format(87)) - Storage directory /home/runner/work/ozone/ozone/mnt/ozone/hadoop-ozone/integration-test/target/test-dir/MiniOzoneClusterImpl-03cd68cf-68ac-428b-89d3-1b040d29d264/datanode-0/data/ratis/21ba005b-e3b8-47ea-b30f-7cc1edc876c1 has been successfully formatted.
2021-06-07 19:45:45,716 [pool-105-thread-1] INFO  ratis.ContainerStateMachine (ContainerStateMachine.java:loadSnapshot(224)) - group-7CC1EDC876C1: The snapshot info is null. Setting the last applied indexto:(t:0, i:~)
2021-06-07 19:45:45,716 [EventQueue-PipelineReportForOneReplicaPipelineSafeModeRule] INFO  safemode.SCMSafeModeManager (SCMSafeModeManager.java:validateSafeModeExitRules(201)) - AtleastOneDatanodeReportedRule rule is successfully validated
2021-06-07 19:45:45,717 [EventQueue-OpenPipelineForHealthyPipelineSafeModeRule] INFO  safemode.SCMSafeModeManager (HealthyPipelineSafeModeRule.java:process(130)) - SCM in safe mode. Healthy pipelines reported count is 0, required healthy pipeline reported count is 1
2021-06-07 19:45:45,717 [pool-105-thread-1] INFO  server.RaftServerConfigKeys (ConfUtils.java:logGet(44)) - raft.server.notification.no-leader.timeout = 300s (custom)
2021-06-07 19:45:45,717 [pool-105-thread-1] INFO  server.RaftServerConfigKeys (ConfUtils.java:logGet(44)) - raft.server.log.use.memory = false (default)
2021-06-07 19:45:45,717 [pool-105-thread-1] INFO  server.RaftServerConfigKeys (ConfUtils.java:logGet(44)) - raft.server.log.purge.gap = 1000000 (custom)
2021-06-07 19:45:45,718 [pool-105-thread-1] INFO  server.RaftServerConfigKeys (ConfUtils.java:logGet(44)) - raft.server.log.appender.buffer.byte-limit = 33554432 (custom)
2021-06-07 19:45:45,718 [pool-105-thread-1] INFO  metrics.RatisMetrics (RatisMetrics.java:lambda$create$0(36)) - Creating Metrics Registry : ratis.log_worker.9c0aefb8-820f-4500-982b-3157569b0c8b@group-7CC1EDC876C1
2021-06-07 19:45:45,718 [pool-105-thread-1] INFO  server.RaftServerConfigKeys (ConfUtils.java:logGet(44)) - raft.server.log.segment.size.max = 1048576 (custom)
2021-06-07 19:45:45,719 [pool-105-thread-1] INFO  server.RaftServerConfigKeys (ConfUtils.java:logGet(44)) - raft.server.log.segment.cache.num.max = 2 (custom)
2021-06-07 19:45:45,719 [pool-105-thread-1] INFO  server.RaftServerConfigKeys (ConfUtils.java:logGet(44)) - raft.server.log.segment.cache.size.max = 200MB (=209715200) (default)
2021-06-07 19:45:45,719 [pool-105-thread-1] INFO  segmented.SegmentedRaftLogWorker (SegmentedRaftLogWorker.java:<init>(182)) - new 9c0aefb8-820f-4500-982b-3157569b0c8b@group-7CC1EDC876C1-SegmentedRaftLogWorker for RaftStorageImpl:Storage Directory /home/runner/work/ozone/ozone/mnt/ozone/hadoop-ozone/integration-test/target/test-dir/MiniOzoneClusterImpl-03cd68cf-68ac-428b-89d3-1b040d29d264/datanode-0/data/ratis/21ba005b-e3b8-47ea-b30f-7cc1edc876c1
2021-06-07 19:45:45,719 [pool-105-thread-1] INFO  server.RaftServerConfigKeys (ConfUtils.java:logGet(44)) - raft.server.log.queue.byte-limit = 2147483647 (custom)
2021-06-07 19:45:45,719 [pool-105-thread-1] INFO  server.RaftServerConfigKeys (ConfUtils.java:logGet(44)) - raft.server.log.queue.element-limit = 1024 (custom)
2021-06-07 19:45:45,720 [pool-105-thread-1] INFO  server.RaftServerConfigKeys (ConfUtils.java:logGet(44)) - raft.server.log.segment.size.max = 1048576 (custom)
2021-06-07 19:45:45,720 [pool-105-thread-1] INFO  server.RaftServerConfigKeys (ConfUtils.java:logGet(44)) - raft.server.log.preallocated.size = 16384 (custom)
2021-06-07 19:45:45,720 [pool-105-thread-1] INFO  server.RaftServerConfigKeys (ConfUtils.java:logGet(44)) - raft.server.log.force.sync.num = 128 (default)
2021-06-07 19:45:45,720 [pool-105-thread-1] INFO  server.RaftServerConfigKeys (ConfUtils.java:logGet(44)) - raft.server.log.statemachine.data.sync = true (default)
2021-06-07 19:45:45,720 [pool-105-thread-1] INFO  server.RaftServerConfigKeys (ConfUtils.java:logGet(44)) - raft.server.log.statemachine.data.sync.timeout = 10s (default)
2021-06-07 19:45:45,720 [pool-105-thread-1] INFO  server.RaftServerConfigKeys (ConfUtils.java:logGet(44)) - raft.server.log.statemachine.data.sync.timeout.retry = -1 (default)
2021-06-07 19:45:45,722 [pool-105-thread-1] INFO  server.RaftServerConfigKeys (ConfUtils.java:logGet(44)) - raft.server.log.write.buffer.size = 1048576 (custom)
2021-06-07 19:45:45,723 [pool-105-thread-1] INFO  server.RaftServerConfigKeys (ConfUtils.java:logGet(44)) - raft.server.log.statemachine.data.caching.enabled = true (custom)
2021-06-07 19:45:45,723 [pool-105-thread-1] INFO  segmented.SegmentedRaftLogWorker (SegmentedRaftLogWorker.java:lambda$new$0(133)) - 9c0aefb8-820f-4500-982b-3157569b0c8b@group-7CC1EDC876C1-SegmentedRaftLogWorker: flushIndex: setUnconditionally 0 -> -1
2021-06-07 19:45:45,723 [pool-105-thread-1] INFO  segmented.SegmentedRaftLogWorker (SegmentedRaftLogWorker.java:lambda$new$0(133)) - 9c0aefb8-820f-4500-982b-3157569b0c8b@group-7CC1EDC876C1-SegmentedRaftLogWorker: safeCacheEvictIndex: setUnconditionally 0 -> -1
2021-06-07 19:45:45,729 [pool-105-thread-1] INFO  server.RaftServerConfigKeys (ConfUtils.java:logGet(44)) - raft.server.snapshot.auto.trigger.enabled = true (custom)
2021-06-07 19:45:45,730 [pool-105-thread-1] INFO  server.RaftServerConfigKeys (ConfUtils.java:logGet(44)) - raft.server.snapshot.auto.trigger.threshold = 10000 (custom)
2021-06-07 19:45:45,730 [pool-105-thread-1] INFO  server.RaftServerConfigKeys (ConfUtils.java:logGet(44)) - raft.server.snapshot.retention.file.num = 5 (custom)
2021-06-07 19:45:45,730 [pool-105-thread-1] INFO  server.RaftServerConfigKeys (ConfUtils.java:logGet(44)) - raft.server.log.purge.upto.snapshot.index = false (default)
2021-06-07 19:45:45,730 [pool-105-thread-1] INFO  server.RaftServerConfigKeys (ConfUtils.java:logGet(44)) - raft.server.retrycache.expirytime = 600000ms (custom)
2021-06-07 19:45:45,730 [pool-105-thread-1] INFO  server.RaftServerConfigKeys (ConfUtils.java:logGet(44)) - raft.server.retrycache.statistics.expirytime = 100μs (default)
2021-06-07 19:45:45,730 [pool-105-thread-1] INFO  metrics.RatisMetrics (RatisMetrics.java:lambda$create$0(36)) - Creating Metrics Registry : ratis.leader_election.9c0aefb8-820f-4500-982b-3157569b0c8b@group-7CC1EDC876C1
2021-06-07 19:45:45,731 [pool-105-thread-1] INFO  metrics.RatisMetrics (RatisMetrics.java:lambda$create$0(36)) - Creating Metrics Registry : ratis.server.9c0aefb8-820f-4500-982b-3157569b0c8b@group-7CC1EDC876C1
2021-06-07 19:45:45,732 [pool-105-thread-1] INFO  server.RaftServer$Division (RaftServerImpl.java:start(295)) - 9c0aefb8-820f-4500-982b-3157569b0c8b@group-7CC1EDC876C1: start as a follower, conf=-1: [0ad07249-b243-4532-8f92-d6393c2ee78d|rpc:10.1.0.60:35737|priority:1, 9c0aefb8-820f-4500-982b-3157569b0c8b|rpc:10.1.0.60:36165|priority:0, 9726e054-ce67-4d1e-af32-3adc5c4699d0|rpc:10.1.0.60:41125|priority:0], old=null
2021-06-07 19:45:45,733 [pool-105-thread-1] INFO  server.RaftServer$Division (RaftServerImpl.java:setRole(284)) - 9c0aefb8-820f-4500-982b-3157569b0c8b@group-7CC1EDC876C1: changes role from      null to FOLLOWER at term 0 for startAsFollower
2021-06-07 19:45:45,733 [pool-105-thread-1] INFO  impl.RoleInfo (RoleInfo.java:updateAndGet(130)) - 9c0aefb8-820f-4500-982b-3157569b0c8b: start 9c0aefb8-820f-4500-982b-3157569b0c8b@group-7CC1EDC876C1-FollowerState
2021-06-07 19:45:45,733 [pool-105-thread-1] INFO  util.JmxRegister (JmxRegister.java:tryRegister(44)) - Successfully registered JMX Bean with object name Ratis:service=RaftServer,group=group-7CC1EDC876C1,id=9c0aefb8-820f-4500-982b-3157569b0c8b
2021-06-07 19:45:45,733 [pool-105-thread-1] INFO  metrics.RatisMetrics (RatisMetrics.java:lambda$create$0(36)) - Creating Metrics Registry : ratis.state_machine.9c0aefb8-820f-4500-982b-3157569b0c8b@group-7CC1EDC876C1
2021-06-07 19:45:45,736 [Command processor thread] INFO  ratis.XceiverServerRatis (XceiverServerRatis.java:addGroup(808)) - Created group PipelineID=21ba005b-e3b8-47ea-b30f-7cc1edc876c1
2021-06-07 19:45:45,771 [Command processor thread] INFO  metrics.RatisMetrics (RatisMetrics.java:lambda$create$0(36)) - Creating Metrics Registry : ratis.client_message_metrics.client-5D229E897606->9726e054-ce67-4d1e-af32-3adc5c4699d0
2021-06-07 19:45:45,791 [Command processor thread] INFO  server.RaftServer (RaftServerProxy.java:addNew(95)) - 0ad07249-b243-4532-8f92-d6393c2ee78d: addNew group-60DD3ADB06DB:[0ad07249-b243-4532-8f92-d6393c2ee78d|rpc:10.1.0.60:35737|priority:1] returns group-60DD3ADB06DB:java.util.concurrent.CompletableFuture@3972ec29[Not completed]
2021-06-07 19:45:45,804 [pool-123-thread-1] INFO  server.RaftServer$Division (RaftServerImpl.java:<init>(180)) - 0ad07249-b243-4532-8f92-d6393c2ee78d: new RaftServerImpl for group-60DD3ADB06DB:[0ad07249-b243-4532-8f92-d6393c2ee78d|rpc:10.1.0.60:35737|priority:1] with ContainerStateMachine:uninitialized
2021-06-07 19:45:45,805 [pool-123-thread-1] INFO  server.RaftServerConfigKeys (ConfUtils.java:logGet(44)) - raft.server.rpc.timeout.min = 5s (custom)
2021-06-07 19:45:45,805 [pool-123-thread-1] INFO  server.RaftServerConfigKeys (ConfUtils.java:logGet(44)) - raft.server.rpc.timeout.max = 5200ms (custom)
2021-06-07 19:45:45,805 [pool-123-thread-1] INFO  server.RaftServerConfigKeys (ConfUtils.java:logGet(44)) - raft.server.rpc.sleep.time = 25ms (default)
2021-06-07 19:45:45,806 [pool-123-thread-1] INFO  server.RaftServerConfigKeys (ConfUtils.java:logGet(44)) - raft.server.rpc.slowness.timeout = 300s (custom)
2021-06-07 19:45:45,806 [pool-123-thread-1] INFO  server.RaftServerConfigKeys (ConfUtils.java:logGet(44)) - raft.server.leaderelection.leader.step-down.wait-time = 10s (default)
2021-06-07 19:45:45,806 [pool-123-thread-1] INFO  server.RaftServerConfigKeys (ConfUtils.java:logGet(44)) - raft.server.sleep.deviation.threshold = 300ms (default)
2021-06-07 19:45:45,806 [pool-123-thread-1] INFO  server.RaftServerConfigKeys (ConfUtils.java:logGet(44)) - raft.server.log.appender.install.snapshot.enabled = false (custom)
2021-06-07 19:45:45,806 [pool-123-thread-1] INFO  server.RaftServer$Division (ServerState.java:<init>(105)) - 0ad07249-b243-4532-8f92-d6393c2ee78d@group-60DD3ADB06DB: ConfigurationManager, init=-1: [0ad07249-b243-4532-8f92-d6393c2ee78d|rpc:10.1.0.60:35737|priority:1], old=null, confs=<EMPTY_MAP>
2021-06-07 19:45:45,806 [pool-123-thread-1] INFO  server.RaftServerConfigKeys (ConfUtils.java:logGet(44)) - raft.server.storage.dir = [/home/runner/work/ozone/ozone/mnt/ozone/hadoop-ozone/integration-test/target/test-dir/MiniOzoneClusterImpl-03cd68cf-68ac-428b-89d3-1b040d29d264/datanode-1/data/ratis] (custom)
2021-06-07 19:45:45,807 [pool-123-thread-1] INFO  server.RaftServerConfigKeys (ConfUtils.java:logGet(44)) - raft.server.log.corruption.policy = EXCEPTION (default)
2021-06-07 19:45:45,807 [pool-123-thread-1] INFO  storage.RaftStorageDirectory (RaftStorageDirectoryImpl.java:analyzeStorage(132)) - The storage directory /home/runner/work/ozone/ozone/mnt/ozone/hadoop-ozone/integration-test/target/test-dir/MiniOzoneClusterImpl-03cd68cf-68ac-428b-89d3-1b040d29d264/datanode-1/data/ratis/a3e8b81b-9952-4ac5-a7a1-60dd3adb06db does not exist. Creating ...
2021-06-07 19:45:45,808 [pool-123-thread-1] INFO  storage.RaftStorageDirectory (RaftStorageDirectoryImpl.java:tryLock(215)) - Lock on /home/runner/work/ozone/ozone/mnt/ozone/hadoop-ozone/integration-test/target/test-dir/MiniOzoneClusterImpl-03cd68cf-68ac-428b-89d3-1b040d29d264/datanode-1/data/ratis/a3e8b81b-9952-4ac5-a7a1-60dd3adb06db/in_use.lock acquired by nodename 30541@fv-az184-40
2021-06-07 19:45:45,809 [pool-123-thread-1] INFO  storage.RaftStorage (RaftStorageImpl.java:format(87)) - Storage directory /home/runner/work/ozone/ozone/mnt/ozone/hadoop-ozone/integration-test/target/test-dir/MiniOzoneClusterImpl-03cd68cf-68ac-428b-89d3-1b040d29d264/datanode-1/data/ratis/a3e8b81b-9952-4ac5-a7a1-60dd3adb06db has been successfully formatted.
2021-06-07 19:45:45,810 [pool-123-thread-1] INFO  ratis.ContainerStateMachine (ContainerStateMachine.java:loadSnapshot(224)) - group-60DD3ADB06DB: The snapshot info is null. Setting the last applied indexto:(t:0, i:~)
2021-06-07 19:45:45,811 [pool-123-thread-1] INFO  server.RaftServerConfigKeys (ConfUtils.java:logGet(44)) - raft.server.notification.no-leader.timeout = 300s (custom)
2021-06-07 19:45:45,811 [pool-123-thread-1] INFO  server.RaftServerConfigKeys (ConfUtils.java:logGet(44)) - raft.server.log.use.memory = false (default)
2021-06-07 19:45:45,811 [pool-123-thread-1] INFO  server.RaftServerConfigKeys (ConfUtils.java:logGet(44)) - raft.server.log.purge.gap = 1000000 (custom)
2021-06-07 19:45:45,811 [pool-123-thread-1] INFO  server.RaftServerConfigKeys (ConfUtils.java:logGet(44)) - raft.server.log.appender.buffer.byte-limit = 33554432 (custom)
2021-06-07 19:45:45,811 [pool-123-thread-1] INFO  metrics.RatisMetrics (RatisMetrics.java:lambda$create$0(36)) - Creating Metrics Registry : ratis.log_worker.0ad07249-b243-4532-8f92-d6393c2ee78d@group-60DD3ADB06DB
2021-06-07 19:45:45,811 [EventQueue-PipelineReportForOneReplicaPipelineSafeModeRule] INFO  safemode.SCMSafeModeManager (SCMSafeModeManager.java:validateSafeModeExitRules(201)) - AtleastOneDatanodeReportedRule rule is successfully validated
2021-06-07 19:45:45,812 [EventQueue-PipelineReportForPipelineReportHandler] INFO  pipeline.PipelineManagerV2Impl (PipelineManagerV2Impl.java:openPipeline(270)) - Pipeline Pipeline[ Id: a3e8b81b-9952-4ac5-a7a1-60dd3adb06db, Nodes: 0ad07249-b243-4532-8f92-d6393c2ee78d{ip: 10.1.0.60, host: fv-az184-40.3ow45vhwbzuu5incsxmygykede.cx.internal.cloudapp.net, ports: [REPLICATION=35957, RATIS=35737, RATIS_ADMIN=35737, RATIS_SERVER=35737, STANDALONE=37037], networkLocation: /default-rack, certSerialId: null, persistedOpState: IN_SERVICE, persistedOpStateExpiryEpochSec: 0}, ReplicationConfig: RATIS/ONE, State:ALLOCATED, leaderId:0ad07249-b243-4532-8f92-d6393c2ee78d, CreationTimestamp2021-06-07T19:45:42.795Z] moved to OPEN state
2021-06-07 19:45:45,812 [pool-123-thread-1] INFO  server.RaftServerConfigKeys (ConfUtils.java:logGet(44)) - raft.server.log.segment.size.max = 1048576 (custom)
2021-06-07 19:45:45,812 [EventQueue-OpenPipelineForHealthyPipelineSafeModeRule] INFO  safemode.SCMSafeModeManager (HealthyPipelineSafeModeRule.java:process(130)) - SCM in safe mode. Healthy pipelines reported count is 0, required healthy pipeline reported count is 1
2021-06-07 19:45:45,823 [pool-123-thread-1] INFO  server.RaftServerConfigKeys (ConfUtils.java:logGet(44)) - raft.server.log.segment.cache.num.max = 2 (custom)
2021-06-07 19:45:45,824 [pool-123-thread-1] INFO  server.RaftServerConfigKeys (ConfUtils.java:logGet(44)) - raft.server.log.segment.cache.size.max = 200MB (=209715200) (default)
2021-06-07 19:45:45,824 [pool-123-thread-1] INFO  segmented.SegmentedRaftLogWorker (SegmentedRaftLogWorker.java:<init>(182)) - new 0ad07249-b243-4532-8f92-d6393c2ee78d@group-60DD3ADB06DB-SegmentedRaftLogWorker for RaftStorageImpl:Storage Directory /home/runner/work/ozone/ozone/mnt/ozone/hadoop-ozone/integration-test/target/test-dir/MiniOzoneClusterImpl-03cd68cf-68ac-428b-89d3-1b040d29d264/datanode-1/data/ratis/a3e8b81b-9952-4ac5-a7a1-60dd3adb06db
2021-06-07 19:45:45,824 [pool-123-thread-1] INFO  server.RaftServerConfigKeys (ConfUtils.java:logGet(44)) - raft.server.log.queue.byte-limit = 2147483647 (custom)
2021-06-07 19:45:45,824 [pool-123-thread-1] INFO  server.RaftServerConfigKeys (ConfUtils.java:logGet(44)) - raft.server.log.queue.element-limit = 1024 (custom)
2021-06-07 19:45:45,824 [pool-123-thread-1] INFO  server.RaftServerConfigKeys (ConfUtils.java:logGet(44)) - raft.server.log.segment.size.max = 1048576 (custom)
2021-06-07 19:45:45,824 [pool-123-thread-1] INFO  server.RaftServerConfigKeys (ConfUtils.java:logGet(44)) - raft.server.log.preallocated.size = 16384 (custom)
2021-06-07 19:45:45,824 [pool-123-thread-1] INFO  server.RaftServerConfigKeys (ConfUtils.java:logGet(44)) - raft.server.log.force.sync.num = 128 (default)
2021-06-07 19:45:45,824 [pool-123-thread-1] INFO  server.RaftServerConfigKeys (ConfUtils.java:logGet(44)) - raft.server.log.statemachine.data.sync = true (default)
2021-06-07 19:45:45,824 [pool-123-thread-1] INFO  server.RaftServerConfigKeys (ConfUtils.java:logGet(44)) - raft.server.log.statemachine.data.sync.timeout = 10s (default)
2021-06-07 19:45:45,825 [pool-123-thread-1] INFO  server.RaftServerConfigKeys (ConfUtils.java:logGet(44)) - raft.server.log.statemachine.data.sync.timeout.retry = -1 (default)
2021-06-07 19:45:45,830 [pool-123-thread-1] INFO  server.RaftServerConfigKeys (ConfUtils.java:logGet(44)) - raft.server.log.write.buffer.size = 1048576 (custom)
2021-06-07 19:45:45,831 [pool-123-thread-1] INFO  server.RaftServerConfigKeys (ConfUtils.java:logGet(44)) - raft.server.log.statemachine.data.caching.enabled = true (custom)
2021-06-07 19:45:45,831 [pool-123-thread-1] INFO  segmented.SegmentedRaftLogWorker (SegmentedRaftLogWorker.java:lambda$new$0(133)) - 0ad07249-b243-4532-8f92-d6393c2ee78d@group-60DD3ADB06DB-SegmentedRaftLogWorker: flushIndex: setUnconditionally 0 -> -1
2021-06-07 19:45:45,831 [pool-123-thread-1] INFO  segmented.SegmentedRaftLogWorker (SegmentedRaftLogWorker.java:lambda$new$0(133)) - 0ad07249-b243-4532-8f92-d6393c2ee78d@group-60DD3ADB06DB-SegmentedRaftLogWorker: safeCacheEvictIndex: setUnconditionally 0 -> -1
2021-06-07 19:45:45,835 [pool-123-thread-1] INFO  server.RaftServerConfigKeys (ConfUtils.java:logGet(44)) - raft.server.snapshot.auto.trigger.enabled = true (custom)
2021-06-07 19:45:45,835 [pool-123-thread-1] INFO  server.RaftServerConfigKeys (ConfUtils.java:logGet(44)) - raft.server.snapshot.auto.trigger.threshold = 10000 (custom)
2021-06-07 19:45:45,835 [pool-123-thread-1] INFO  server.RaftServerConfigKeys (ConfUtils.java:logGet(44)) - raft.server.snapshot.retention.file.num = 5 (custom)
2021-06-07 19:45:45,835 [pool-123-thread-1] INFO  server.RaftServerConfigKeys (ConfUtils.java:logGet(44)) - raft.server.log.purge.upto.snapshot.index = false (default)
2021-06-07 19:45:45,835 [pool-123-thread-1] INFO  server.RaftServerConfigKeys (ConfUtils.java:logGet(44)) - raft.server.retrycache.expirytime = 600000ms (custom)
2021-06-07 19:45:45,835 [pool-123-thread-1] INFO  server.RaftServerConfigKeys (ConfUtils.java:logGet(44)) - raft.server.retrycache.statistics.expirytime = 100μs (default)
2021-06-07 19:45:45,835 [pool-123-thread-1] INFO  metrics.RatisMetrics (RatisMetrics.java:lambda$create$0(36)) - Creating Metrics Registry : ratis.leader_election.0ad07249-b243-4532-8f92-d6393c2ee78d@group-60DD3ADB06DB
2021-06-07 19:45:45,836 [pool-123-thread-1] INFO  metrics.RatisMetrics (RatisMetrics.java:lambda$create$0(36)) - Creating Metrics Registry : ratis.server.0ad07249-b243-4532-8f92-d6393c2ee78d@group-60DD3ADB06DB
2021-06-07 19:45:45,837 [pool-123-thread-1] INFO  server.RaftServer$Division (RaftServerImpl.java:start(295)) - 0ad07249-b243-4532-8f92-d6393c2ee78d@group-60DD3ADB06DB: start as a follower, conf=-1: [0ad07249-b243-4532-8f92-d6393c2ee78d|rpc:10.1.0.60:35737|priority:1], old=null
2021-06-07 19:45:45,837 [pool-123-thread-1] INFO  server.RaftServer$Division (RaftServerImpl.java:setRole(284)) - 0ad07249-b243-4532-8f92-d6393c2ee78d@group-60DD3ADB06DB: changes role from      null to FOLLOWER at term 0 for startAsFollower
2021-06-07 19:45:45,837 [pool-123-thread-1] INFO  impl.RoleInfo (RoleInfo.java:updateAndGet(130)) - 0ad07249-b243-4532-8f92-d6393c2ee78d: start 0ad07249-b243-4532-8f92-d6393c2ee78d@group-60DD3ADB06DB-FollowerState
2021-06-07 19:45:45,843 [pool-123-thread-1] INFO  util.JmxRegister (JmxRegister.java:tryRegister(44)) - Successfully registered JMX Bean with object name Ratis:service=RaftServer,group=group-60DD3ADB06DB,id=0ad07249-b243-4532-8f92-d6393c2ee78d
2021-06-07 19:45:45,843 [pool-123-thread-1] INFO  metrics.RatisMetrics (RatisMetrics.java:lambda$create$0(36)) - Creating Metrics Registry : ratis.state_machine.0ad07249-b243-4532-8f92-d6393c2ee78d@group-60DD3ADB06DB
2021-06-07 19:45:45,854 [Command processor thread] INFO  ratis.XceiverServerRatis (XceiverServerRatis.java:addGroup(808)) - Created group PipelineID=a3e8b81b-9952-4ac5-a7a1-60dd3adb06db
2021-06-07 19:45:45,854 [Command processor thread] INFO  commandhandler.CreatePipelineCommandHandler (CreatePipelineCommandHandler.java:handle(106)) - Created Pipeline RATIS ONE PipelineID=a3e8b81b-9952-4ac5-a7a1-60dd3adb06db.
2021-06-07 19:45:45,854 [Command processor thread] INFO  server.RaftServer (RaftServerProxy.java:addNew(95)) - 0ad07249-b243-4532-8f92-d6393c2ee78d: addNew group-7CC1EDC876C1:[0ad07249-b243-4532-8f92-d6393c2ee78d|rpc:10.1.0.60:35737|priority:1, 9c0aefb8-820f-4500-982b-3157569b0c8b|rpc:10.1.0.60:36165|priority:0, 9726e054-ce67-4d1e-af32-3adc5c4699d0|rpc:10.1.0.60:41125|priority:0] returns group-7CC1EDC876C1:java.util.concurrent.CompletableFuture@3d4d7fdf[Not completed]
2021-06-07 19:45:45,855 [pool-123-thread-1] INFO  server.RaftServer$Division (RaftServerImpl.java:<init>(180)) - 0ad07249-b243-4532-8f92-d6393c2ee78d: new RaftServerImpl for group-7CC1EDC876C1:[0ad07249-b243-4532-8f92-d6393c2ee78d|rpc:10.1.0.60:35737|priority:1, 9c0aefb8-820f-4500-982b-3157569b0c8b|rpc:10.1.0.60:36165|priority:0, 9726e054-ce67-4d1e-af32-3adc5c4699d0|rpc:10.1.0.60:41125|priority:0] with ContainerStateMachine:uninitialized
2021-06-07 19:45:45,855 [pool-123-thread-1] INFO  server.RaftServerConfigKeys (ConfUtils.java:logGet(44)) - raft.server.rpc.timeout.min = 5s (custom)
2021-06-07 19:45:45,855 [pool-123-thread-1] INFO  server.RaftServerConfigKeys (ConfUtils.java:logGet(44)) - raft.server.rpc.timeout.max = 5200ms (custom)
2021-06-07 19:45:45,855 [pool-123-thread-1] INFO  server.RaftServerConfigKeys (ConfUtils.java:logGet(44)) - raft.server.rpc.sleep.time = 25ms (default)
2021-06-07 19:45:45,856 [pool-123-thread-1] INFO  server.RaftServerConfigKeys (ConfUtils.java:logGet(44)) - raft.server.rpc.slowness.timeout = 300s (custom)
2021-06-07 19:45:45,856 [pool-123-thread-1] INFO  server.RaftServerConfigKeys (ConfUtils.java:logGet(44)) - raft.server.leaderelection.leader.step-down.wait-time = 10s (default)
2021-06-07 19:45:45,856 [pool-123-thread-1] INFO  server.RaftServerConfigKeys (ConfUtils.java:logGet(44)) - raft.server.sleep.deviation.threshold = 300ms (default)
2021-06-07 19:45:45,856 [pool-123-thread-1] INFO  server.RaftServerConfigKeys (ConfUtils.java:logGet(44)) - raft.server.log.appender.install.snapshot.enabled = false (custom)
2021-06-07 19:45:45,856 [pool-123-thread-1] INFO  server.RaftServer$Division (ServerState.java:<init>(105)) - 0ad07249-b243-4532-8f92-d6393c2ee78d@group-7CC1EDC876C1: ConfigurationManager, init=-1: [0ad07249-b243-4532-8f92-d6393c2ee78d|rpc:10.1.0.60:35737|priority:1, 9c0aefb8-820f-4500-982b-3157569b0c8b|rpc:10.1.0.60:36165|priority:0, 9726e054-ce67-4d1e-af32-3adc5c4699d0|rpc:10.1.0.60:41125|priority:0], old=null, confs=<EMPTY_MAP>
2021-06-07 19:45:45,856 [pool-123-thread-1] INFO  server.RaftServerConfigKeys (ConfUtils.java:logGet(44)) - raft.server.storage.dir = [/home/runner/work/ozone/ozone/mnt/ozone/hadoop-ozone/integration-test/target/test-dir/MiniOzoneClusterImpl-03cd68cf-68ac-428b-89d3-1b040d29d264/datanode-1/data/ratis] (custom)
2021-06-07 19:45:45,856 [pool-123-thread-1] INFO  server.RaftServerConfigKeys (ConfUtils.java:logGet(44)) - raft.server.log.corruption.policy = EXCEPTION (default)
2021-06-07 19:45:45,856 [pool-123-thread-1] INFO  storage.RaftStorageDirectory (RaftStorageDirectoryImpl.java:analyzeStorage(132)) - The storage directory /home/runner/work/ozone/ozone/mnt/ozone/hadoop-ozone/integration-test/target/test-dir/MiniOzoneClusterImpl-03cd68cf-68ac-428b-89d3-1b040d29d264/datanode-1/data/ratis/21ba005b-e3b8-47ea-b30f-7cc1edc876c1 does not exist. Creating ...
2021-06-07 19:45:45,857 [pool-123-thread-1] INFO  storage.RaftStorageDirectory (RaftStorageDirectoryImpl.java:tryLock(215)) - Lock on /home/runner/work/ozone/ozone/mnt/ozone/hadoop-ozone/integration-test/target/test-dir/MiniOzoneClusterImpl-03cd68cf-68ac-428b-89d3-1b040d29d264/datanode-1/data/ratis/21ba005b-e3b8-47ea-b30f-7cc1edc876c1/in_use.lock acquired by nodename 30541@fv-az184-40
2021-06-07 19:45:45,858 [pool-123-thread-1] INFO  storage.RaftStorage (RaftStorageImpl.java:format(87)) - Storage directory /home/runner/work/ozone/ozone/mnt/ozone/hadoop-ozone/integration-test/target/test-dir/MiniOzoneClusterImpl-03cd68cf-68ac-428b-89d3-1b040d29d264/datanode-1/data/ratis/21ba005b-e3b8-47ea-b30f-7cc1edc876c1 has been successfully formatted.
2021-06-07 19:45:45,859 [pool-123-thread-1] INFO  ratis.ContainerStateMachine (ContainerStateMachine.java:loadSnapshot(224)) - group-7CC1EDC876C1: The snapshot info is null. Setting the last applied indexto:(t:0, i:~)
2021-06-07 19:45:45,859 [pool-123-thread-1] INFO  server.RaftServerConfigKeys (ConfUtils.java:logGet(44)) - raft.server.notification.no-leader.timeout = 300s (custom)
2021-06-07 19:45:45,859 [pool-123-thread-1] INFO  server.RaftServerConfigKeys (ConfUtils.java:logGet(44)) - raft.server.log.use.memory = false (default)
2021-06-07 19:45:45,859 [pool-123-thread-1] INFO  server.RaftServerConfigKeys (ConfUtils.java:logGet(44)) - raft.server.log.purge.gap = 1000000 (custom)
2021-06-07 19:45:45,859 [pool-123-thread-1] INFO  server.RaftServerConfigKeys (ConfUtils.java:logGet(44)) - raft.server.log.appender.buffer.byte-limit = 33554432 (custom)
2021-06-07 19:45:45,859 [pool-123-thread-1] INFO  metrics.RatisMetrics (RatisMetrics.java:lambda$create$0(36)) - Creating Metrics Registry : ratis.log_worker.0ad07249-b243-4532-8f92-d6393c2ee78d@group-7CC1EDC876C1
2021-06-07 19:45:45,860 [pool-123-thread-1] INFO  server.RaftServerConfigKeys (ConfUtils.java:logGet(44)) - raft.server.log.segment.size.max = 1048576 (custom)
2021-06-07 19:45:45,861 [EventQueue-OpenPipelineForHealthyPipelineSafeModeRule] INFO  safemode.SCMSafeModeManager (HealthyPipelineSafeModeRule.java:process(130)) - SCM in safe mode. Healthy pipelines reported count is 0, required healthy pipeline reported count is 1
2021-06-07 19:45:45,861 [EventQueue-PipelineReportForOneReplicaPipelineSafeModeRule] INFO  safemode.SCMSafeModeManager (SCMSafeModeManager.java:validateSafeModeExitRules(201)) - AtleastOneDatanodeReportedRule rule is successfully validated
2021-06-07 19:45:45,862 [pool-123-thread-1] INFO  server.RaftServerConfigKeys (ConfUtils.java:logGet(44)) - raft.server.log.segment.cache.num.max = 2 (custom)
2021-06-07 19:45:45,862 [pool-123-thread-1] INFO  server.RaftServerConfigKeys (ConfUtils.java:logGet(44)) - raft.server.log.segment.cache.size.max = 200MB (=209715200) (default)
2021-06-07 19:45:45,862 [pool-123-thread-1] INFO  segmented.SegmentedRaftLogWorker (SegmentedRaftLogWorker.java:<init>(182)) - new 0ad07249-b243-4532-8f92-d6393c2ee78d@group-7CC1EDC876C1-SegmentedRaftLogWorker for RaftStorageImpl:Storage Directory /home/runner/work/ozone/ozone/mnt/ozone/hadoop-ozone/integration-test/target/test-dir/MiniOzoneClusterImpl-03cd68cf-68ac-428b-89d3-1b040d29d264/datanode-1/data/ratis/21ba005b-e3b8-47ea-b30f-7cc1edc876c1
2021-06-07 19:45:45,862 [pool-123-thread-1] INFO  server.RaftServerConfigKeys (ConfUtils.java:logGet(44)) - raft.server.log.queue.byte-limit = 2147483647 (custom)
2021-06-07 19:45:45,862 [pool-123-thread-1] INFO  server.RaftServerConfigKeys (ConfUtils.java:logGet(44)) - raft.server.log.queue.element-limit = 1024 (custom)
2021-06-07 19:45:45,862 [pool-123-thread-1] INFO  server.RaftServerConfigKeys (ConfUtils.java:logGet(44)) - raft.server.log.segment.size.max = 1048576 (custom)
2021-06-07 19:45:45,862 [pool-123-thread-1] INFO  server.RaftServerConfigKeys (ConfUtils.java:logGet(44)) - raft.server.log.preallocated.size = 16384 (custom)
2021-06-07 19:45:45,862 [pool-123-thread-1] INFO  server.RaftServerConfigKeys (ConfUtils.java:logGet(44)) - raft.server.log.force.sync.num = 128 (default)
2021-06-07 19:45:45,863 [pool-123-thread-1] INFO  server.RaftServerConfigKeys (ConfUtils.java:logGet(44)) - raft.server.log.statemachine.data.sync = true (default)
2021-06-07 19:45:45,863 [pool-123-thread-1] INFO  server.RaftServerConfigKeys (ConfUtils.java:logGet(44)) - raft.server.log.statemachine.data.sync.timeout = 10s (default)
2021-06-07 19:45:45,863 [pool-123-thread-1] INFO  server.RaftServerConfigKeys (ConfUtils.java:logGet(44)) - raft.server.log.statemachine.data.sync.timeout.retry = -1 (default)
2021-06-07 19:45:45,864 [pool-123-thread-1] INFO  server.RaftServerConfigKeys (ConfUtils.java:logGet(44)) - raft.server.log.write.buffer.size = 1048576 (custom)
2021-06-07 19:45:45,864 [pool-123-thread-1] INFO  server.RaftServerConfigKeys (ConfUtils.java:logGet(44)) - raft.server.log.statemachine.data.caching.enabled = true (custom)
2021-06-07 19:45:45,865 [pool-123-thread-1] INFO  segmented.SegmentedRaftLogWorker (SegmentedRaftLogWorker.java:lambda$new$0(133)) - 0ad07249-b243-4532-8f92-d6393c2ee78d@group-7CC1EDC876C1-SegmentedRaftLogWorker: flushIndex: setUnconditionally 0 -> -1
2021-06-07 19:45:45,865 [pool-123-thread-1] INFO  segmented.SegmentedRaftLogWorker (SegmentedRaftLogWorker.java:lambda$new$0(133)) - 0ad07249-b243-4532-8f92-d6393c2ee78d@group-7CC1EDC876C1-SegmentedRaftLogWorker: safeCacheEvictIndex: setUnconditionally 0 -> -1
2021-06-07 19:45:45,866 [pool-123-thread-1] INFO  server.RaftServerConfigKeys (ConfUtils.java:logGet(44)) - raft.server.snapshot.auto.trigger.enabled = true (custom)
2021-06-07 19:45:45,866 [pool-123-thread-1] INFO  server.RaftServerConfigKeys (ConfUtils.java:logGet(44)) - raft.server.snapshot.auto.trigger.threshold = 10000 (custom)
2021-06-07 19:45:45,866 [pool-123-thread-1] INFO  server.RaftServerConfigKeys (ConfUtils.java:logGet(44)) - raft.server.snapshot.retention.file.num = 5 (custom)
2021-06-07 19:45:45,866 [pool-123-thread-1] INFO  server.RaftServerConfigKeys (ConfUtils.java:logGet(44)) - raft.server.log.purge.upto.snapshot.index = false (default)
2021-06-07 19:45:45,866 [pool-123-thread-1] INFO  server.RaftServerConfigKeys (ConfUtils.java:logGet(44)) - raft.server.retrycache.expirytime = 600000ms (custom)
2021-06-07 19:45:45,866 [pool-123-thread-1] INFO  server.RaftServerConfigKeys (ConfUtils.java:logGet(44)) - raft.server.retrycache.statistics.expirytime = 100μs (default)
2021-06-07 19:45:45,867 [pool-123-thread-1] INFO  metrics.RatisMetrics (RatisMetrics.java:lambda$create$0(36)) - Creating Metrics Registry : ratis.leader_election.0ad07249-b243-4532-8f92-d6393c2ee78d@group-7CC1EDC876C1
2021-06-07 19:45:45,868 [pool-123-thread-1] INFO  metrics.RatisMetrics (RatisMetrics.java:lambda$create$0(36)) - Creating Metrics Registry : ratis.server.0ad07249-b243-4532-8f92-d6393c2ee78d@group-7CC1EDC876C1
2021-06-07 19:45:45,870 [pool-123-thread-1] INFO  server.RaftServer$Division (RaftServerImpl.java:start(295)) - 0ad07249-b243-4532-8f92-d6393c2ee78d@group-7CC1EDC876C1: start as a follower, conf=-1: [0ad07249-b243-4532-8f92-d6393c2ee78d|rpc:10.1.0.60:35737|priority:1, 9c0aefb8-820f-4500-982b-3157569b0c8b|rpc:10.1.0.60:36165|priority:0, 9726e054-ce67-4d1e-af32-3adc5c4699d0|rpc:10.1.0.60:41125|priority:0], old=null
2021-06-07 19:45:45,870 [pool-123-thread-1] INFO  server.RaftServer$Division (RaftServerImpl.java:setRole(284)) - 0ad07249-b243-4532-8f92-d6393c2ee78d@group-7CC1EDC876C1: changes role from      null to FOLLOWER at term 0 for startAsFollower
2021-06-07 19:45:45,870 [pool-123-thread-1] INFO  impl.RoleInfo (RoleInfo.java:updateAndGet(130)) - 0ad07249-b243-4532-8f92-d6393c2ee78d: start 0ad07249-b243-4532-8f92-d6393c2ee78d@group-7CC1EDC876C1-FollowerState
2021-06-07 19:45:45,878 [pool-123-thread-1] INFO  util.JmxRegister (JmxRegister.java:tryRegister(44)) - Successfully registered JMX Bean with object name Ratis:service=RaftServer,group=group-7CC1EDC876C1,id=0ad07249-b243-4532-8f92-d6393c2ee78d
2021-06-07 19:45:45,878 [pool-123-thread-1] INFO  metrics.RatisMetrics (RatisMetrics.java:lambda$create$0(36)) - Creating Metrics Registry : ratis.state_machine.0ad07249-b243-4532-8f92-d6393c2ee78d@group-7CC1EDC876C1
2021-06-07 19:45:45,888 [Command processor thread] INFO  ratis.XceiverServerRatis (XceiverServerRatis.java:addGroup(808)) - Created group PipelineID=21ba005b-e3b8-47ea-b30f-7cc1edc876c1
2021-06-07 19:45:45,889 [Command processor thread] INFO  metrics.RatisMetrics (RatisMetrics.java:lambda$create$0(36)) - Creating Metrics Registry : ratis.client_message_metrics.client-62D6A39745E1->9726e054-ce67-4d1e-af32-3adc5c4699d0
2021-06-07 19:45:45,909 [Listener at 127.0.0.1/44431] INFO  ozone.MiniOzoneClusterImpl (MiniOzoneClusterImpl.java:lambda$waitForClusterToBeReady$0(224)) - Nodes are ready. Got 3 of 3 DN Heartbeats.
2021-06-07 19:45:45,909 [Listener at 127.0.0.1/44431] INFO  ozone.MiniOzoneClusterImpl (MiniOzoneClusterImpl.java:lambda$waitForClusterToBeReady$0(227)) - Waiting for cluster to exit safe mode
2021-06-07 19:45:45,909 [Listener at 127.0.0.1/44431] INFO  ozone.MiniOzoneClusterImpl (MiniOzoneClusterImpl.java:lambda$waitForClusterToBeReady$0(230)) - SCM became leader
2021-06-07 19:45:45,918 [Command processor thread] INFO  server.RaftServer (RaftServerProxy.java:addNew(95)) - 9726e054-ce67-4d1e-af32-3adc5c4699d0: addNew group-4C25346BC119:[9726e054-ce67-4d1e-af32-3adc5c4699d0|rpc:10.1.0.60:41125|priority:1] returns group-4C25346BC119:java.util.concurrent.CompletableFuture@287a3b75[Not completed]
2021-06-07 19:45:45,920 [pool-141-thread-1] INFO  server.RaftServer$Division (RaftServerImpl.java:<init>(180)) - 9726e054-ce67-4d1e-af32-3adc5c4699d0: new RaftServerImpl for group-4C25346BC119:[9726e054-ce67-4d1e-af32-3adc5c4699d0|rpc:10.1.0.60:41125|priority:1] with ContainerStateMachine:uninitialized
2021-06-07 19:45:45,927 [pool-141-thread-1] INFO  server.RaftServerConfigKeys (ConfUtils.java:logGet(44)) - raft.server.rpc.timeout.min = 5s (custom)
2021-06-07 19:45:45,927 [pool-141-thread-1] INFO  server.RaftServerConfigKeys (ConfUtils.java:logGet(44)) - raft.server.rpc.timeout.max = 5200ms (custom)
2021-06-07 19:45:45,927 [pool-141-thread-1] INFO  server.RaftServerConfigKeys (ConfUtils.java:logGet(44)) - raft.server.rpc.sleep.time = 25ms (default)
2021-06-07 19:45:45,927 [pool-141-thread-1] INFO  server.RaftServerConfigKeys (ConfUtils.java:logGet(44)) - raft.server.rpc.slowness.timeout = 300s (custom)
2021-06-07 19:45:45,927 [pool-141-thread-1] INFO  server.RaftServerConfigKeys (ConfUtils.java:logGet(44)) - raft.server.leaderelection.leader.step-down.wait-time = 10s (default)
2021-06-07 19:45:45,927 [pool-141-thread-1] INFO  server.RaftServerConfigKeys (ConfUtils.java:logGet(44)) - raft.server.sleep.deviation.threshold = 300ms (default)
2021-06-07 19:45:45,927 [pool-141-thread-1] INFO  server.RaftServerConfigKeys (ConfUtils.java:logGet(44)) - raft.server.log.appender.install.snapshot.enabled = false (custom)
2021-06-07 19:45:45,927 [pool-141-thread-1] INFO  server.RaftServer$Division (ServerState.java:<init>(105)) - 9726e054-ce67-4d1e-af32-3adc5c4699d0@group-4C25346BC119: ConfigurationManager, init=-1: [9726e054-ce67-4d1e-af32-3adc5c4699d0|rpc:10.1.0.60:41125|priority:1], old=null, confs=<EMPTY_MAP>
2021-06-07 19:45:45,928 [pool-141-thread-1] INFO  server.RaftServerConfigKeys (ConfUtils.java:logGet(44)) - raft.server.storage.dir = [/home/runner/work/ozone/ozone/mnt/ozone/hadoop-ozone/integration-test/target/test-dir/MiniOzoneClusterImpl-03cd68cf-68ac-428b-89d3-1b040d29d264/datanode-2/data/ratis] (custom)
2021-06-07 19:45:45,928 [pool-141-thread-1] INFO  server.RaftServerConfigKeys (ConfUtils.java:logGet(44)) - raft.server.log.corruption.policy = EXCEPTION (default)
2021-06-07 19:45:45,928 [pool-141-thread-1] INFO  storage.RaftStorageDirectory (RaftStorageDirectoryImpl.java:analyzeStorage(132)) - The storage directory /home/runner/work/ozone/ozone/mnt/ozone/hadoop-ozone/integration-test/target/test-dir/MiniOzoneClusterImpl-03cd68cf-68ac-428b-89d3-1b040d29d264/datanode-2/data/ratis/5e944d40-1aee-4d1a-afe7-4c25346bc119 does not exist. Creating ...
2021-06-07 19:45:45,929 [pool-141-thread-1] INFO  storage.RaftStorageDirectory (RaftStorageDirectoryImpl.java:tryLock(215)) - Lock on /home/runner/work/ozone/ozone/mnt/ozone/hadoop-ozone/integration-test/target/test-dir/MiniOzoneClusterImpl-03cd68cf-68ac-428b-89d3-1b040d29d264/datanode-2/data/ratis/5e944d40-1aee-4d1a-afe7-4c25346bc119/in_use.lock acquired by nodename 30541@fv-az184-40
2021-06-07 19:45:45,933 [pool-141-thread-1] INFO  storage.RaftStorage (RaftStorageImpl.java:format(87)) - Storage directory /home/runner/work/ozone/ozone/mnt/ozone/hadoop-ozone/integration-test/target/test-dir/MiniOzoneClusterImpl-03cd68cf-68ac-428b-89d3-1b040d29d264/datanode-2/data/ratis/5e944d40-1aee-4d1a-afe7-4c25346bc119 has been successfully formatted.
2021-06-07 19:45:45,933 [pool-141-thread-1] INFO  ratis.ContainerStateMachine (ContainerStateMachine.java:loadSnapshot(224)) - group-4C25346BC119: The snapshot info is null. Setting the last applied indexto:(t:0, i:~)
2021-06-07 19:45:45,934 [pool-141-thread-1] INFO  server.RaftServerConfigKeys (ConfUtils.java:logGet(44)) - raft.server.notification.no-leader.timeout = 300s (custom)
2021-06-07 19:45:45,934 [pool-141-thread-1] INFO  server.RaftServerConfigKeys (ConfUtils.java:logGet(44)) - raft.server.log.use.memory = false (default)
2021-06-07 19:45:45,934 [pool-141-thread-1] INFO  server.RaftServerConfigKeys (ConfUtils.java:logGet(44)) - raft.server.log.purge.gap = 1000000 (custom)
2021-06-07 19:45:45,934 [pool-141-thread-1] INFO  server.RaftServerConfigKeys (ConfUtils.java:logGet(44)) - raft.server.log.appender.buffer.byte-limit = 33554432 (custom)
2021-06-07 19:45:45,934 [pool-141-thread-1] INFO  metrics.RatisMetrics (RatisMetrics.java:lambda$create$0(36)) - Creating Metrics Registry : ratis.log_worker.9726e054-ce67-4d1e-af32-3adc5c4699d0@group-4C25346BC119
2021-06-07 19:45:45,935 [EventQueue-PipelineReportForOneReplicaPipelineSafeModeRule] INFO  safemode.SCMSafeModeManager (SCMSafeModeManager.java:validateSafeModeExitRules(201)) - AtleastOneDatanodeReportedRule rule is successfully validated
2021-06-07 19:45:45,935 [pool-141-thread-1] INFO  server.RaftServerConfigKeys (ConfUtils.java:logGet(44)) - raft.server.log.segment.size.max = 1048576 (custom)
2021-06-07 19:45:45,935 [EventQueue-PipelineReportForPipelineReportHandler] INFO  pipeline.PipelineManagerV2Impl (PipelineManagerV2Impl.java:openPipeline(270)) - Pipeline Pipeline[ Id: 5e944d40-1aee-4d1a-afe7-4c25346bc119, Nodes: 9726e054-ce67-4d1e-af32-3adc5c4699d0{ip: 10.1.0.60, host: fv-az184-40.3ow45vhwbzuu5incsxmygykede.cx.internal.cloudapp.net, ports: [REPLICATION=43161, RATIS=41125, RATIS_ADMIN=41125, RATIS_SERVER=41125, STANDALONE=46307], networkLocation: /default-rack, certSerialId: null, persistedOpState: IN_SERVICE, persistedOpStateExpiryEpochSec: 0}, ReplicationConfig: RATIS/ONE, State:ALLOCATED, leaderId:9726e054-ce67-4d1e-af32-3adc5c4699d0, CreationTimestamp2021-06-07T19:45:42.898Z] moved to OPEN state
2021-06-07 19:45:45,935 [pool-141-thread-1] INFO  server.RaftServerConfigKeys (ConfUtils.java:logGet(44)) - raft.server.log.segment.cache.num.max = 2 (custom)
2021-06-07 19:45:45,935 [pool-141-thread-1] INFO  server.RaftServerConfigKeys (ConfUtils.java:logGet(44)) - raft.server.log.segment.cache.size.max = 200MB (=209715200) (default)
2021-06-07 19:45:45,935 [EventQueue-OpenPipelineForHealthyPipelineSafeModeRule] INFO  safemode.SCMSafeModeManager (HealthyPipelineSafeModeRule.java:process(130)) - SCM in safe mode. Healthy pipelines reported count is 0, required healthy pipeline reported count is 1
2021-06-07 19:45:45,936 [pool-141-thread-1] INFO  segmented.SegmentedRaftLogWorker (SegmentedRaftLogWorker.java:<init>(182)) - new 9726e054-ce67-4d1e-af32-3adc5c4699d0@group-4C25346BC119-SegmentedRaftLogWorker for RaftStorageImpl:Storage Directory /home/runner/work/ozone/ozone/mnt/ozone/hadoop-ozone/integration-test/target/test-dir/MiniOzoneClusterImpl-03cd68cf-68ac-428b-89d3-1b040d29d264/datanode-2/data/ratis/5e944d40-1aee-4d1a-afe7-4c25346bc119
2021-06-07 19:45:45,936 [pool-141-thread-1] INFO  server.RaftServerConfigKeys (ConfUtils.java:logGet(44)) - raft.server.log.queue.byte-limit = 2147483647 (custom)
2021-06-07 19:45:45,936 [pool-141-thread-1] INFO  server.RaftServerConfigKeys (ConfUtils.java:logGet(44)) - raft.server.log.queue.element-limit = 1024 (custom)
2021-06-07 19:45:45,937 [pool-141-thread-1] INFO  server.RaftServerConfigKeys (ConfUtils.java:logGet(44)) - raft.server.log.segment.size.max = 1048576 (custom)
2021-06-07 19:45:45,937 [pool-141-thread-1] INFO  server.RaftServerConfigKeys (ConfUtils.java:logGet(44)) - raft.server.log.preallocated.size = 16384 (custom)
2021-06-07 19:45:45,937 [pool-141-thread-1] INFO  server.RaftServerConfigKeys (ConfUtils.java:logGet(44)) - raft.server.log.force.sync.num = 128 (default)
2021-06-07 19:45:45,937 [pool-141-thread-1] INFO  server.RaftServerConfigKeys (ConfUtils.java:logGet(44)) - raft.server.log.statemachine.data.sync = true (default)
2021-06-07 19:45:45,937 [pool-141-thread-1] INFO  server.RaftServerConfigKeys (ConfUtils.java:logGet(44)) - raft.server.log.statemachine.data.sync.timeout = 10s (default)
2021-06-07 19:45:45,937 [pool-141-thread-1] INFO  server.RaftServerConfigKeys (ConfUtils.java:logGet(44)) - raft.server.log.statemachine.data.sync.timeout.retry = -1 (default)
2021-06-07 19:45:45,940 [pool-141-thread-1] INFO  server.RaftServerConfigKeys (ConfUtils.java:logGet(44)) - raft.server.log.write.buffer.size = 1048576 (custom)
2021-06-07 19:45:45,941 [pool-141-thread-1] INFO  server.RaftServerConfigKeys (ConfUtils.java:logGet(44)) - raft.server.log.statemachine.data.caching.enabled = true (custom)
2021-06-07 19:45:45,941 [pool-141-thread-1] INFO  segmented.SegmentedRaftLogWorker (SegmentedRaftLogWorker.java:lambda$new$0(133)) - 9726e054-ce67-4d1e-af32-3adc5c4699d0@group-4C25346BC119-SegmentedRaftLogWorker: flushIndex: setUnconditionally 0 -> -1
2021-06-07 19:45:45,941 [pool-141-thread-1] INFO  segmented.SegmentedRaftLogWorker (SegmentedRaftLogWorker.java:lambda$new$0(133)) - 9726e054-ce67-4d1e-af32-3adc5c4699d0@group-4C25346BC119-SegmentedRaftLogWorker: safeCacheEvictIndex: setUnconditionally 0 -> -1
2021-06-07 19:45:45,954 [pool-141-thread-1] INFO  server.RaftServerConfigKeys (ConfUtils.java:logGet(44)) - raft.server.snapshot.auto.trigger.enabled = true (custom)
2021-06-07 19:45:45,954 [pool-141-thread-1] INFO  server.RaftServerConfigKeys (ConfUtils.java:logGet(44)) - raft.server.snapshot.auto.trigger.threshold = 10000 (custom)
2021-06-07 19:45:45,954 [pool-141-thread-1] INFO  server.RaftServerConfigKeys (ConfUtils.java:logGet(44)) - raft.server.snapshot.retention.file.num = 5 (custom)
2021-06-07 19:45:45,954 [pool-141-thread-1] INFO  server.RaftServerConfigKeys (ConfUtils.java:logGet(44)) - raft.server.log.purge.upto.snapshot.index = false (default)
2021-06-07 19:45:45,954 [pool-141-thread-1] INFO  server.RaftServerConfigKeys (ConfUtils.java:logGet(44)) - raft.server.retrycache.expirytime = 600000ms (custom)
2021-06-07 19:45:45,954 [pool-141-thread-1] INFO  server.RaftServerConfigKeys (ConfUtils.java:logGet(44)) - raft.server.retrycache.statistics.expirytime = 100μs (default)
2021-06-07 19:45:45,954 [pool-141-thread-1] INFO  metrics.RatisMetrics (RatisMetrics.java:lambda$create$0(36)) - Creating Metrics Registry : ratis.leader_election.9726e054-ce67-4d1e-af32-3adc5c4699d0@group-4C25346BC119
2021-06-07 19:45:45,955 [pool-141-thread-1] INFO  metrics.RatisMetrics (RatisMetrics.java:lambda$create$0(36)) - Creating Metrics Registry : ratis.server.9726e054-ce67-4d1e-af32-3adc5c4699d0@group-4C25346BC119
2021-06-07 19:45:45,956 [pool-141-thread-1] INFO  server.RaftServer$Division (RaftServerImpl.java:start(295)) - 9726e054-ce67-4d1e-af32-3adc5c4699d0@group-4C25346BC119: start as a follower, conf=-1: [9726e054-ce67-4d1e-af32-3adc5c4699d0|rpc:10.1.0.60:41125|priority:1], old=null
2021-06-07 19:45:45,956 [pool-141-thread-1] INFO  server.RaftServer$Division (RaftServerImpl.java:setRole(284)) - 9726e054-ce67-4d1e-af32-3adc5c4699d0@group-4C25346BC119: changes role from      null to FOLLOWER at term 0 for startAsFollower
2021-06-07 19:45:45,956 [pool-141-thread-1] INFO  impl.RoleInfo (RoleInfo.java:updateAndGet(130)) - 9726e054-ce67-4d1e-af32-3adc5c4699d0: start 9726e054-ce67-4d1e-af32-3adc5c4699d0@group-4C25346BC119-FollowerState
2021-06-07 19:45:45,960 [pool-141-thread-1] INFO  util.JmxRegister (JmxRegister.java:tryRegister(44)) - Successfully registered JMX Bean with object name Ratis:service=RaftServer,group=group-4C25346BC119,id=9726e054-ce67-4d1e-af32-3adc5c4699d0
2021-06-07 19:45:45,961 [pool-141-thread-1] INFO  metrics.RatisMetrics (RatisMetrics.java:lambda$create$0(36)) - Creating Metrics Registry : ratis.state_machine.9726e054-ce67-4d1e-af32-3adc5c4699d0@group-4C25346BC119
2021-06-07 19:45:45,974 [Command processor thread] INFO  ratis.XceiverServerRatis (XceiverServerRatis.java:addGroup(808)) - Created group PipelineID=5e944d40-1aee-4d1a-afe7-4c25346bc119
2021-06-07 19:45:45,974 [Command processor thread] INFO  commandhandler.CreatePipelineCommandHandler (CreatePipelineCommandHandler.java:handle(106)) - Created Pipeline RATIS ONE PipelineID=5e944d40-1aee-4d1a-afe7-4c25346bc119.
2021-06-07 19:45:45,974 [Command processor thread] INFO  server.RaftServer (RaftServerProxy.java:addNew(95)) - 9726e054-ce67-4d1e-af32-3adc5c4699d0: addNew group-7CC1EDC876C1:[0ad07249-b243-4532-8f92-d6393c2ee78d|rpc:10.1.0.60:35737|priority:1, 9c0aefb8-820f-4500-982b-3157569b0c8b|rpc:10.1.0.60:36165|priority:0, 9726e054-ce67-4d1e-af32-3adc5c4699d0|rpc:10.1.0.60:41125|priority:0] returns group-7CC1EDC876C1:java.util.concurrent.CompletableFuture@2c45baa2[Not completed]
2021-06-07 19:45:45,975 [pool-141-thread-1] INFO  server.RaftServer$Division (RaftServerImpl.java:<init>(180)) - 9726e054-ce67-4d1e-af32-3adc5c4699d0: new RaftServerImpl for group-7CC1EDC876C1:[0ad07249-b243-4532-8f92-d6393c2ee78d|rpc:10.1.0.60:35737|priority:1, 9c0aefb8-820f-4500-982b-3157569b0c8b|rpc:10.1.0.60:36165|priority:0, 9726e054-ce67-4d1e-af32-3adc5c4699d0|rpc:10.1.0.60:41125|priority:0] with ContainerStateMachine:uninitialized
2021-06-07 19:45:45,975 [pool-141-thread-1] INFO  server.RaftServerConfigKeys (ConfUtils.java:logGet(44)) - raft.server.rpc.timeout.min = 5s (custom)
2021-06-07 19:45:45,975 [pool-141-thread-1] INFO  server.RaftServerConfigKeys (ConfUtils.java:logGet(44)) - raft.server.rpc.timeout.max = 5200ms (custom)
2021-06-07 19:45:45,975 [pool-141-thread-1] INFO  server.RaftServerConfigKeys (ConfUtils.java:logGet(44)) - raft.server.rpc.sleep.time = 25ms (default)
2021-06-07 19:45:45,975 [pool-141-thread-1] INFO  server.RaftServerConfigKeys (ConfUtils.java:logGet(44)) - raft.server.rpc.slowness.timeout = 300s (custom)
2021-06-07 19:45:45,975 [pool-141-thread-1] INFO  server.RaftServerConfigKeys (ConfUtils.java:logGet(44)) - raft.server.leaderelection.leader.step-down.wait-time = 10s (default)
2021-06-07 19:45:45,975 [pool-141-thread-1] INFO  server.RaftServerConfigKeys (ConfUtils.java:logGet(44)) - raft.server.sleep.deviation.threshold = 300ms (default)
2021-06-07 19:45:45,975 [pool-141-thread-1] INFO  server.RaftServerConfigKeys (ConfUtils.java:logGet(44)) - raft.server.log.appender.install.snapshot.enabled = false (custom)
2021-06-07 19:45:45,976 [pool-141-thread-1] INFO  server.RaftServer$Division (ServerState.java:<init>(105)) - 9726e054-ce67-4d1e-af32-3adc5c4699d0@group-7CC1EDC876C1: ConfigurationManager, init=-1: [0ad07249-b243-4532-8f92-d6393c2ee78d|rpc:10.1.0.60:35737|priority:1, 9c0aefb8-820f-4500-982b-3157569b0c8b|rpc:10.1.0.60:36165|priority:0, 9726e054-ce67-4d1e-af32-3adc5c4699d0|rpc:10.1.0.60:41125|priority:0], old=null, confs=<EMPTY_MAP>
2021-06-07 19:45:45,976 [pool-141-thread-1] INFO  server.RaftServerConfigKeys (ConfUtils.java:logGet(44)) - raft.server.storage.dir = [/home/runner/work/ozone/ozone/mnt/ozone/hadoop-ozone/integration-test/target/test-dir/MiniOzoneClusterImpl-03cd68cf-68ac-428b-89d3-1b040d29d264/datanode-2/data/ratis] (custom)
2021-06-07 19:45:45,976 [pool-141-thread-1] INFO  server.RaftServerConfigKeys (ConfUtils.java:logGet(44)) - raft.server.log.corruption.policy = EXCEPTION (default)
2021-06-07 19:45:45,976 [pool-141-thread-1] INFO  storage.RaftStorageDirectory (RaftStorageDirectoryImpl.java:analyzeStorage(132)) - The storage directory /home/runner/work/ozone/ozone/mnt/ozone/hadoop-ozone/integration-test/target/test-dir/MiniOzoneClusterImpl-03cd68cf-68ac-428b-89d3-1b040d29d264/datanode-2/data/ratis/21ba005b-e3b8-47ea-b30f-7cc1edc876c1 does not exist. Creating ...
2021-06-07 19:45:45,982 [pool-141-thread-1] INFO  storage.RaftStorageDirectory (RaftStorageDirectoryImpl.java:tryLock(215)) - Lock on /home/runner/work/ozone/ozone/mnt/ozone/hadoop-ozone/integration-test/target/test-dir/MiniOzoneClusterImpl-03cd68cf-68ac-428b-89d3-1b040d29d264/datanode-2/data/ratis/21ba005b-e3b8-47ea-b30f-7cc1edc876c1/in_use.lock acquired by nodename 30541@fv-az184-40
2021-06-07 19:45:45,983 [pool-141-thread-1] INFO  storage.RaftStorage (RaftStorageImpl.java:format(87)) - Storage directory /home/runner/work/ozone/ozone/mnt/ozone/hadoop-ozone/integration-test/target/test-dir/MiniOzoneClusterImpl-03cd68cf-68ac-428b-89d3-1b040d29d264/datanode-2/data/ratis/21ba005b-e3b8-47ea-b30f-7cc1edc876c1 has been successfully formatted.
2021-06-07 19:45:45,983 [pool-141-thread-1] INFO  ratis.ContainerStateMachine (ContainerStateMachine.java:loadSnapshot(224)) - group-7CC1EDC876C1: The snapshot info is null. Setting the last applied indexto:(t:0, i:~)
2021-06-07 19:45:45,983 [pool-141-thread-1] INFO  server.RaftServerConfigKeys (ConfUtils.java:logGet(44)) - raft.server.notification.no-leader.timeout = 300s (custom)
2021-06-07 19:45:45,983 [pool-141-thread-1] INFO  server.RaftServerConfigKeys (ConfUtils.java:logGet(44)) - raft.server.log.use.memory = false (default)
2021-06-07 19:45:45,983 [pool-141-thread-1] INFO  server.RaftServerConfigKeys (ConfUtils.java:logGet(44)) - raft.server.log.purge.gap = 1000000 (custom)
2021-06-07 19:45:45,983 [pool-141-thread-1] INFO  server.RaftServerConfigKeys (ConfUtils.java:logGet(44)) - raft.server.log.appender.buffer.byte-limit = 33554432 (custom)
2021-06-07 19:45:45,984 [pool-141-thread-1] INFO  metrics.RatisMetrics (RatisMetrics.java:lambda$create$0(36)) - Creating Metrics Registry : ratis.log_worker.9726e054-ce67-4d1e-af32-3adc5c4699d0@group-7CC1EDC876C1
2021-06-07 19:45:45,984 [pool-141-thread-1] INFO  server.RaftServerConfigKeys (ConfUtils.java:logGet(44)) - raft.server.log.segment.size.max = 1048576 (custom)
2021-06-07 19:45:45,985 [pool-141-thread-1] INFO  server.RaftServerConfigKeys (ConfUtils.java:logGet(44)) - raft.server.log.segment.cache.num.max = 2 (custom)
2021-06-07 19:45:45,985 [pool-141-thread-1] INFO  server.RaftServerConfigKeys (ConfUtils.java:logGet(44)) - raft.server.log.segment.cache.size.max = 200MB (=209715200) (default)
2021-06-07 19:45:45,985 [pool-141-thread-1] INFO  segmented.SegmentedRaftLogWorker (SegmentedRaftLogWorker.java:<init>(182)) - new 9726e054-ce67-4d1e-af32-3adc5c4699d0@group-7CC1EDC876C1-SegmentedRaftLogWorker for RaftStorageImpl:Storage Directory /home/runner/work/ozone/ozone/mnt/ozone/hadoop-ozone/integration-test/target/test-dir/MiniOzoneClusterImpl-03cd68cf-68ac-428b-89d3-1b040d29d264/datanode-2/data/ratis/21ba005b-e3b8-47ea-b30f-7cc1edc876c1
2021-06-07 19:45:45,985 [pool-141-thread-1] INFO  server.RaftServerConfigKeys (ConfUtils.java:logGet(44)) - raft.server.log.queue.byte-limit = 2147483647 (custom)
2021-06-07 19:45:45,985 [pool-141-thread-1] INFO  server.RaftServerConfigKeys (ConfUtils.java:logGet(44)) - raft.server.log.queue.element-limit = 1024 (custom)
2021-06-07 19:45:45,985 [pool-141-thread-1] INFO  server.RaftServerConfigKeys (ConfUtils.java:logGet(44)) - raft.server.log.segment.size.max = 1048576 (custom)
2021-06-07 19:45:45,985 [pool-141-thread-1] INFO  server.RaftServerConfigKeys (ConfUtils.java:logGet(44)) - raft.server.log.preallocated.size = 16384 (custom)
2021-06-07 19:45:45,985 [pool-141-thread-1] INFO  server.RaftServerConfigKeys (ConfUtils.java:logGet(44)) - raft.server.log.force.sync.num = 128 (default)
2021-06-07 19:45:45,986 [pool-141-thread-1] INFO  server.RaftServerConfigKeys (ConfUtils.java:logGet(44)) - raft.server.log.statemachine.data.sync = true (default)
2021-06-07 19:45:45,986 [pool-141-thread-1] INFO  server.RaftServerConfigKeys (ConfUtils.java:logGet(44)) - raft.server.log.statemachine.data.sync.timeout = 10s (default)
2021-06-07 19:45:45,986 [pool-141-thread-1] INFO  server.RaftServerConfigKeys (ConfUtils.java:logGet(44)) - raft.server.log.statemachine.data.sync.timeout.retry = -1 (default)
2021-06-07 19:45:45,987 [pool-141-thread-1] INFO  server.RaftServerConfigKeys (ConfUtils.java:logGet(44)) - raft.server.log.write.buffer.size = 1048576 (custom)
2021-06-07 19:45:45,987 [pool-141-thread-1] INFO  server.RaftServerConfigKeys (ConfUtils.java:logGet(44)) - raft.server.log.statemachine.data.caching.enabled = true (custom)
2021-06-07 19:45:45,987 [pool-141-thread-1] INFO  segmented.SegmentedRaftLogWorker (SegmentedRaftLogWorker.java:lambda$new$0(133)) - 9726e054-ce67-4d1e-af32-3adc5c4699d0@group-7CC1EDC876C1-SegmentedRaftLogWorker: flushIndex: setUnconditionally 0 -> -1
2021-06-07 19:45:45,987 [pool-141-thread-1] INFO  segmented.SegmentedRaftLogWorker (SegmentedRaftLogWorker.java:lambda$new$0(133)) - 9726e054-ce67-4d1e-af32-3adc5c4699d0@group-7CC1EDC876C1-SegmentedRaftLogWorker: safeCacheEvictIndex: setUnconditionally 0 -> -1
2021-06-07 19:45:45,987 [pool-141-thread-1] INFO  server.RaftServerConfigKeys (ConfUtils.java:logGet(44)) - raft.server.snapshot.auto.trigger.enabled = true (custom)
2021-06-07 19:45:45,988 [pool-141-thread-1] INFO  server.RaftServerConfigKeys (ConfUtils.java:logGet(44)) - raft.server.snapshot.auto.trigger.threshold = 10000 (custom)
2021-06-07 19:45:45,988 [pool-141-thread-1] INFO  server.RaftServerConfigKeys (ConfUtils.java:logGet(44)) - raft.server.snapshot.retention.file.num = 5 (custom)
2021-06-07 19:45:45,988 [pool-141-thread-1] INFO  server.RaftServerConfigKeys (ConfUtils.java:logGet(44)) - raft.server.log.purge.upto.snapshot.index = false (default)
2021-06-07 19:45:45,988 [EventQueue-OpenPipelineForHealthyPipelineSafeModeRule] INFO  safemode.SCMSafeModeManager (HealthyPipelineSafeModeRule.java:process(130)) - SCM in safe mode. Healthy pipelines reported count is 0, required healthy pipeline reported count is 1
2021-06-07 19:45:45,988 [EventQueue-PipelineReportForOneReplicaPipelineSafeModeRule] INFO  safemode.SCMSafeModeManager (SCMSafeModeManager.java:validateSafeModeExitRules(201)) - AtleastOneDatanodeReportedRule rule is successfully validated
2021-06-07 19:45:45,988 [pool-141-thread-1] INFO  server.RaftServerConfigKeys (ConfUtils.java:logGet(44)) - raft.server.retrycache.expirytime = 600000ms (custom)
2021-06-07 19:45:45,989 [pool-141-thread-1] INFO  server.RaftServerConfigKeys (ConfUtils.java:logGet(44)) - raft.server.retrycache.statistics.expirytime = 100μs (default)
2021-06-07 19:45:45,989 [pool-141-thread-1] INFO  metrics.RatisMetrics (RatisMetrics.java:lambda$create$0(36)) - Creating Metrics Registry : ratis.leader_election.9726e054-ce67-4d1e-af32-3adc5c4699d0@group-7CC1EDC876C1
2021-06-07 19:45:45,989 [pool-141-thread-1] INFO  metrics.RatisMetrics (RatisMetrics.java:lambda$create$0(36)) - Creating Metrics Registry : ratis.server.9726e054-ce67-4d1e-af32-3adc5c4699d0@group-7CC1EDC876C1
2021-06-07 19:45:45,990 [pool-141-thread-1] INFO  server.RaftServer$Division (RaftServerImpl.java:start(295)) - 9726e054-ce67-4d1e-af32-3adc5c4699d0@group-7CC1EDC876C1: start as a follower, conf=-1: [0ad07249-b243-4532-8f92-d6393c2ee78d|rpc:10.1.0.60:35737|priority:1, 9c0aefb8-820f-4500-982b-3157569b0c8b|rpc:10.1.0.60:36165|priority:0, 9726e054-ce67-4d1e-af32-3adc5c4699d0|rpc:10.1.0.60:41125|priority:0], old=null
2021-06-07 19:45:45,990 [pool-141-thread-1] INFO  server.RaftServer$Division (RaftServerImpl.java:setRole(284)) - 9726e054-ce67-4d1e-af32-3adc5c4699d0@group-7CC1EDC876C1: changes role from      null to FOLLOWER at term 0 for startAsFollower
2021-06-07 19:45:45,990 [pool-141-thread-1] INFO  impl.RoleInfo (RoleInfo.java:updateAndGet(130)) - 9726e054-ce67-4d1e-af32-3adc5c4699d0: start 9726e054-ce67-4d1e-af32-3adc5c4699d0@group-7CC1EDC876C1-FollowerState
2021-06-07 19:45:45,998 [pool-141-thread-1] INFO  util.JmxRegister (JmxRegister.java:tryRegister(44)) - Successfully registered JMX Bean with object name Ratis:service=RaftServer,group=group-7CC1EDC876C1,id=9726e054-ce67-4d1e-af32-3adc5c4699d0
2021-06-07 19:45:45,998 [pool-141-thread-1] INFO  metrics.RatisMetrics (RatisMetrics.java:lambda$create$0(36)) - Creating Metrics Registry : ratis.state_machine.9726e054-ce67-4d1e-af32-3adc5c4699d0@group-7CC1EDC876C1
2021-06-07 19:45:46,004 [Command processor thread] INFO  ratis.XceiverServerRatis (XceiverServerRatis.java:addGroup(808)) - Created group PipelineID=21ba005b-e3b8-47ea-b30f-7cc1edc876c1
2021-06-07 19:45:46,005 [Command processor thread] INFO  metrics.RatisMetrics (RatisMetrics.java:lambda$create$0(36)) - Creating Metrics Registry : ratis.client_message_metrics.client-E3EF40FE289B->9c0aefb8-820f-4500-982b-3157569b0c8b
2021-06-07 19:45:46,171 [grpc-default-executor-2] INFO  metrics.RatisMetrics (RatisMetrics.java:lambda$create$0(36)) - Creating Metrics Registry : ratis.server_message_metrics.9726e054-ce67-4d1e-af32-3adc5c4699d0
2021-06-07 19:45:46,175 [grpc-default-executor-0] INFO  metrics.RatisMetrics (RatisMetrics.java:lambda$create$0(36)) - Creating Metrics Registry : ratis.server_message_metrics.9c0aefb8-820f-4500-982b-3157569b0c8b
2021-06-07 19:45:46,252 [Command processor thread] INFO  metrics.RatisMetrics (RatisMetrics.java:lambda$create$0(36)) - Creating Metrics Registry : ratis.client_message_metrics.client-A5CE6AC0D438->9c0aefb8-820f-4500-982b-3157569b0c8b
2021-06-07 19:45:46,255 [Command processor thread] INFO  metrics.RatisMetrics (RatisMetrics.java:lambda$create$0(36)) - Creating Metrics Registry : ratis.client_message_metrics.client-581EDDFC93BF->0ad07249-b243-4532-8f92-d6393c2ee78d
2021-06-07 19:45:46,259 [Command processor thread] INFO  metrics.RatisMetrics (RatisMetrics.java:lambda$create$0(36)) - Creating Metrics Registry : ratis.client_message_metrics.client-C29C5529B8B0->0ad07249-b243-4532-8f92-d6393c2ee78d
2021-06-07 19:45:46,272 [grpc-default-executor-0] INFO  metrics.RatisMetrics (RatisMetrics.java:lambda$create$0(36)) - Creating Metrics Registry : ratis.server_message_metrics.0ad07249-b243-4532-8f92-d6393c2ee78d
2021-06-07 19:45:46,295 [Command processor thread] INFO  commandhandler.CreatePipelineCommandHandler (CreatePipelineCommandHandler.java:handle(106)) - Created Pipeline RATIS THREE PipelineID=21ba005b-e3b8-47ea-b30f-7cc1edc876c1.
2021-06-07 19:45:46,296 [Command processor thread] INFO  commandhandler.CreatePipelineCommandHandler (CreatePipelineCommandHandler.java:handle(106)) - Created Pipeline RATIS THREE PipelineID=21ba005b-e3b8-47ea-b30f-7cc1edc876c1.
2021-06-07 19:45:46,301 [Command processor thread] INFO  commandhandler.CreatePipelineCommandHandler (CreatePipelineCommandHandler.java:handle(106)) - Created Pipeline RATIS THREE PipelineID=21ba005b-e3b8-47ea-b30f-7cc1edc876c1.
2021-06-07 19:45:46,909 [Listener at 127.0.0.1/44431] INFO  ozone.MiniOzoneClusterImpl (MiniOzoneClusterImpl.java:lambda$waitForClusterToBeReady$0(224)) - Nodes are ready. Got 3 of 3 DN Heartbeats.
2021-06-07 19:45:46,909 [Listener at 127.0.0.1/44431] INFO  ozone.MiniOzoneClusterImpl (MiniOzoneClusterImpl.java:lambda$waitForClusterToBeReady$0(227)) - Waiting for cluster to exit safe mode
2021-06-07 19:45:46,909 [Listener at 127.0.0.1/44431] INFO  ozone.MiniOzoneClusterImpl (MiniOzoneClusterImpl.java:lambda$waitForClusterToBeReady$0(230)) - SCM became leader
2021-06-07 19:45:47,909 [Listener at 127.0.0.1/44431] INFO  ozone.MiniOzoneClusterImpl (MiniOzoneClusterImpl.java:lambda$waitForClusterToBeReady$0(224)) - Nodes are ready. Got 3 of 3 DN Heartbeats.
2021-06-07 19:45:47,910 [Listener at 127.0.0.1/44431] INFO  ozone.MiniOzoneClusterImpl (MiniOzoneClusterImpl.java:lambda$waitForClusterToBeReady$0(227)) - Waiting for cluster to exit safe mode
2021-06-07 19:45:47,910 [Listener at 127.0.0.1/44431] INFO  ozone.MiniOzoneClusterImpl (MiniOzoneClusterImpl.java:lambda$waitForClusterToBeReady$0(230)) - SCM became leader
2021-06-07 19:45:48,910 [Listener at 127.0.0.1/44431] INFO  ozone.MiniOzoneClusterImpl (MiniOzoneClusterImpl.java:lambda$waitForClusterToBeReady$0(224)) - Nodes are ready. Got 3 of 3 DN Heartbeats.
2021-06-07 19:45:48,910 [Listener at 127.0.0.1/44431] INFO  ozone.MiniOzoneClusterImpl (MiniOzoneClusterImpl.java:lambda$waitForClusterToBeReady$0(227)) - Waiting for cluster to exit safe mode
2021-06-07 19:45:48,910 [Listener at 127.0.0.1/44431] INFO  ozone.MiniOzoneClusterImpl (MiniOzoneClusterImpl.java:lambda$waitForClusterToBeReady$0(230)) - SCM became leader
2021-06-07 19:45:49,910 [Listener at 127.0.0.1/44431] INFO  ozone.MiniOzoneClusterImpl (MiniOzoneClusterImpl.java:lambda$waitForClusterToBeReady$0(224)) - Nodes are ready. Got 3 of 3 DN Heartbeats.
2021-06-07 19:45:49,911 [Listener at 127.0.0.1/44431] INFO  ozone.MiniOzoneClusterImpl (MiniOzoneClusterImpl.java:lambda$waitForClusterToBeReady$0(227)) - Waiting for cluster to exit safe mode
2021-06-07 19:45:49,911 [Listener at 127.0.0.1/44431] INFO  ozone.MiniOzoneClusterImpl (MiniOzoneClusterImpl.java:lambda$waitForClusterToBeReady$0(230)) - SCM became leader
2021-06-07 19:45:50,904 [9c0aefb8-820f-4500-982b-3157569b0c8b@group-2E410ED13298-FollowerState] INFO  impl.FollowerState (FollowerState.java:run(134)) - 9c0aefb8-820f-4500-982b-3157569b0c8b@group-2E410ED13298-FollowerState: change to CANDIDATE, lastRpcElapsedTime:5195526086ns, electionTimeout:5195ms
2021-06-07 19:45:50,904 [9c0aefb8-820f-4500-982b-3157569b0c8b@group-2E410ED13298-FollowerState] INFO  impl.RoleInfo (RoleInfo.java:shutdownFollowerState(108)) - 9c0aefb8-820f-4500-982b-3157569b0c8b: shutdown 9c0aefb8-820f-4500-982b-3157569b0c8b@group-2E410ED13298-FollowerState
2021-06-07 19:45:50,904 [9c0aefb8-820f-4500-982b-3157569b0c8b@group-2E410ED13298-FollowerState] INFO  server.RaftServer$Division (RaftServerImpl.java:setRole(284)) - 9c0aefb8-820f-4500-982b-3157569b0c8b@group-2E410ED13298: changes role from  FOLLOWER to CANDIDATE at term 0 for changeToCandidate
2021-06-07 19:45:50,905 [9c0aefb8-820f-4500-982b-3157569b0c8b@group-2E410ED13298-FollowerState] INFO  server.RaftServerConfigKeys (ConfUtils.java:logGet(44)) - raft.server.leaderelection.pre-vote = false (custom)
2021-06-07 19:45:50,905 [9c0aefb8-820f-4500-982b-3157569b0c8b@group-2E410ED13298-FollowerState] INFO  impl.RoleInfo (RoleInfo.java:updateAndGet(130)) - 9c0aefb8-820f-4500-982b-3157569b0c8b: start 9c0aefb8-820f-4500-982b-3157569b0c8b@group-2E410ED13298-LeaderElection4
2021-06-07 19:45:50,908 [9c0aefb8-820f-4500-982b-3157569b0c8b@group-2E410ED13298-LeaderElection4] INFO  impl.LeaderElection (LeaderElection.java:askForVotes(306)) - 9c0aefb8-820f-4500-982b-3157569b0c8b@group-2E410ED13298-LeaderElection4 ELECTION round 0: submit vote requests at term 1 for -1: [9c0aefb8-820f-4500-982b-3157569b0c8b|rpc:10.1.0.60:36165|priority:1], old=null
2021-06-07 19:45:50,908 [9c0aefb8-820f-4500-982b-3157569b0c8b@group-2E410ED13298-LeaderElection4] INFO  impl.LeaderElection (LeaderElection.java:askForVotes(308)) - 9c0aefb8-820f-4500-982b-3157569b0c8b@group-2E410ED13298-LeaderElection4 ELECTION round 0: result PASSED (term=1)
2021-06-07 19:45:50,908 [9c0aefb8-820f-4500-982b-3157569b0c8b@group-2E410ED13298-LeaderElection4] INFO  impl.RoleInfo (RoleInfo.java:shutdownLeaderElection(121)) - 9c0aefb8-820f-4500-982b-3157569b0c8b: shutdown 9c0aefb8-820f-4500-982b-3157569b0c8b@group-2E410ED13298-LeaderElection4
2021-06-07 19:45:50,908 [9c0aefb8-820f-4500-982b-3157569b0c8b@group-2E410ED13298-LeaderElection4] INFO  server.RaftServer$Division (RaftServerImpl.java:setRole(284)) - 9c0aefb8-820f-4500-982b-3157569b0c8b@group-2E410ED13298: changes role from CANDIDATE to LEADER at term 1 for changeToLeader
2021-06-07 19:45:50,908 [9c0aefb8-820f-4500-982b-3157569b0c8b@group-2E410ED13298-LeaderElection4] INFO  ratis.XceiverServerRatis (XceiverServerRatis.java:handleLeaderChangedNotification(906)) - Leader change notification received for group: group-2E410ED13298 with new leaderId: 9c0aefb8-820f-4500-982b-3157569b0c8b
2021-06-07 19:45:50,908 [9c0aefb8-820f-4500-982b-3157569b0c8b@group-2E410ED13298-LeaderElection4] INFO  server.RaftServer$Division (ServerState.java:setLeader(271)) - 9c0aefb8-820f-4500-982b-3157569b0c8b@group-2E410ED13298: change Leader from null to 9c0aefb8-820f-4500-982b-3157569b0c8b at term 1 for becomeLeader, leader elected after 5213ms
2021-06-07 19:45:50,909 [9c0aefb8-820f-4500-982b-3157569b0c8b@group-2E410ED13298-LeaderElection4] INFO  server.RaftServerConfigKeys (ConfUtils.java:logGet(44)) - raft.server.staging.catchup.gap = 1000 (default)
2021-06-07 19:45:50,909 [9c0aefb8-820f-4500-982b-3157569b0c8b@group-2E410ED13298-LeaderElection4] INFO  metrics.RatisMetrics (RatisMetrics.java:lambda$create$0(36)) - Creating Metrics Registry : ratis.log_appender.9c0aefb8-820f-4500-982b-3157569b0c8b@group-2E410ED13298
2021-06-07 19:45:50,909 [9c0aefb8-820f-4500-982b-3157569b0c8b@group-2E410ED13298-LeaderElection4] INFO  server.RaftServerConfigKeys (ConfUtils.java:logGet(44)) - raft.server.write.element-limit = 1024 (custom)
2021-06-07 19:45:50,909 [9c0aefb8-820f-4500-982b-3157569b0c8b@group-2E410ED13298-LeaderElection4] INFO  server.RaftServerConfigKeys (ConfUtils.java:logGet(44)) - raft.server.write.byte-limit = 1073741824 (custom)
2021-06-07 19:45:50,910 [9c0aefb8-820f-4500-982b-3157569b0c8b@group-2E410ED13298-LeaderElection4] INFO  server.RaftServerConfigKeys (ConfUtils.java:logGet(44)) - raft.server.watch.timeout = 180s (custom)
2021-06-07 19:45:50,910 [9c0aefb8-820f-4500-982b-3157569b0c8b@group-2E410ED13298-LeaderElection4] INFO  server.RaftServerConfigKeys (ConfUtils.java:logGet(44)) - raft.server.watch.timeout.denomination = 1s (default)
2021-06-07 19:45:50,910 [9c0aefb8-820f-4500-982b-3157569b0c8b@group-2E410ED13298-LeaderElection4] INFO  server.RaftServerConfigKeys (ConfUtils.java:logGet(44)) - raft.server.watch.element-limit = 65536 (default)
2021-06-07 19:45:50,910 [9c0aefb8-820f-4500-982b-3157569b0c8b@group-2E410ED13298-LeaderElection4] INFO  impl.RoleInfo (RoleInfo.java:updateAndGet(130)) - 9c0aefb8-820f-4500-982b-3157569b0c8b: start 9c0aefb8-820f-4500-982b-3157569b0c8b@group-2E410ED13298-LeaderStateImpl
2021-06-07 19:45:50,912 [Listener at 127.0.0.1/44431] INFO  ozone.MiniOzoneClusterImpl (MiniOzoneClusterImpl.java:lambda$waitForClusterToBeReady$0(224)) - Nodes are ready. Got 3 of 3 DN Heartbeats.
2021-06-07 19:45:50,912 [Listener at 127.0.0.1/44431] INFO  ozone.MiniOzoneClusterImpl (MiniOzoneClusterImpl.java:lambda$waitForClusterToBeReady$0(227)) - Waiting for cluster to exit safe mode
2021-06-07 19:45:50,912 [Listener at 127.0.0.1/44431] INFO  ozone.MiniOzoneClusterImpl (MiniOzoneClusterImpl.java:lambda$waitForClusterToBeReady$0(230)) - SCM became leader
2021-06-07 19:45:50,913 [EventQueue-PipelineReportForOneReplicaPipelineSafeModeRule] INFO  safemode.SCMSafeModeManager (SCMSafeModeManager.java:validateSafeModeExitRules(201)) - AtleastOneDatanodeReportedRule rule is successfully validated
2021-06-07 19:45:50,913 [EventQueue-OpenPipelineForHealthyPipelineSafeModeRule] INFO  safemode.SCMSafeModeManager (HealthyPipelineSafeModeRule.java:process(130)) - SCM in safe mode. Healthy pipelines reported count is 0, required healthy pipeline reported count is 1
2021-06-07 19:45:50,918 [9c0aefb8-820f-4500-982b-3157569b0c8b@group-2E410ED13298-LeaderElection4] INFO  segmented.SegmentedRaftLogWorker (SegmentedRaftLogWorker.java:startLogSegment(394)) - 9c0aefb8-820f-4500-982b-3157569b0c8b@group-2E410ED13298-SegmentedRaftLogWorker: Starting segment from index:0
2021-06-07 19:45:50,919 [9c0aefb8-820f-4500-982b-3157569b0c8b@group-2E410ED13298-LeaderElection4] INFO  server.RaftServer$Division (ServerState.java:setRaftConf(373)) - 9c0aefb8-820f-4500-982b-3157569b0c8b@group-2E410ED13298: set configuration 0: [9c0aefb8-820f-4500-982b-3157569b0c8b|rpc:10.1.0.60:36165|dataStream:|priority:1], old=null
2021-06-07 19:45:50,920 [9c0aefb8-820f-4500-982b-3157569b0c8b@group-2E410ED13298-SegmentedRaftLogWorker] INFO  segmented.SegmentedRaftLogWorker (SegmentedRaftLogWorker.java:execute(601)) - 9c0aefb8-820f-4500-982b-3157569b0c8b@group-2E410ED13298-SegmentedRaftLogWorker: created new log segment /home/runner/work/ozone/ozone/mnt/ozone/hadoop-ozone/integration-test/target/test-dir/MiniOzoneClusterImpl-03cd68cf-68ac-428b-89d3-1b040d29d264/datanode-0/data/ratis/74dcb825-f4ed-4eaa-8e9b-2e410ed13298/current/log_inprogress_0
2021-06-07 19:45:50,931 [9c0aefb8-820f-4500-982b-3157569b0c8b@group-7CC1EDC876C1-FollowerState] INFO  impl.FollowerState (FollowerState.java:run(134)) - 9c0aefb8-820f-4500-982b-3157569b0c8b@group-7CC1EDC876C1-FollowerState: change to CANDIDATE, lastRpcElapsedTime:5197978105ns, electionTimeout:5196ms
2021-06-07 19:45:50,931 [9c0aefb8-820f-4500-982b-3157569b0c8b@group-7CC1EDC876C1-FollowerState] INFO  impl.RoleInfo (RoleInfo.java:shutdownFollowerState(108)) - 9c0aefb8-820f-4500-982b-3157569b0c8b: shutdown 9c0aefb8-820f-4500-982b-3157569b0c8b@group-7CC1EDC876C1-FollowerState
2021-06-07 19:45:50,931 [9c0aefb8-820f-4500-982b-3157569b0c8b@group-7CC1EDC876C1-FollowerState] INFO  server.RaftServer$Division (RaftServerImpl.java:setRole(284)) - 9c0aefb8-820f-4500-982b-3157569b0c8b@group-7CC1EDC876C1: changes role from  FOLLOWER to CANDIDATE at term 0 for changeToCandidate
2021-06-07 19:45:50,931 [9c0aefb8-820f-4500-982b-3157569b0c8b@group-7CC1EDC876C1-FollowerState] INFO  server.RaftServerConfigKeys (ConfUtils.java:logGet(44)) - raft.server.leaderelection.pre-vote = false (custom)
2021-06-07 19:45:50,931 [9c0aefb8-820f-4500-982b-3157569b0c8b@group-7CC1EDC876C1-FollowerState] INFO  impl.RoleInfo (RoleInfo.java:updateAndGet(130)) - 9c0aefb8-820f-4500-982b-3157569b0c8b: start 9c0aefb8-820f-4500-982b-3157569b0c8b@group-7CC1EDC876C1-LeaderElection5
2021-06-07 19:45:50,934 [9c0aefb8-820f-4500-982b-3157569b0c8b@group-7CC1EDC876C1-LeaderElection5] INFO  impl.LeaderElection (LeaderElection.java:askForVotes(306)) - 9c0aefb8-820f-4500-982b-3157569b0c8b@group-7CC1EDC876C1-LeaderElection5 ELECTION round 0: submit vote requests at term 1 for -1: [0ad07249-b243-4532-8f92-d6393c2ee78d|rpc:10.1.0.60:35737|priority:1, 9c0aefb8-820f-4500-982b-3157569b0c8b|rpc:10.1.0.60:36165|priority:0, 9726e054-ce67-4d1e-af32-3adc5c4699d0|rpc:10.1.0.60:41125|priority:0], old=null
2021-06-07 19:45:50,961 [grpc-default-executor-1] INFO  server.RaftServer$Division (RaftServerImpl.java:requestVote(1042)) - 9726e054-ce67-4d1e-af32-3adc5c4699d0@group-7CC1EDC876C1: receive requestVote(ELECTION, 9c0aefb8-820f-4500-982b-3157569b0c8b, group-7CC1EDC876C1, 1, (t:0, i:0))
2021-06-07 19:45:50,963 [grpc-default-executor-1] INFO  impl.VoteContext (VoteContext.java:log(48)) - 9726e054-ce67-4d1e-af32-3adc5c4699d0@group-7CC1EDC876C1-FOLLOWER: accept ELECTION from 9c0aefb8-820f-4500-982b-3157569b0c8b: our priority 0 <= candidate's priority 0
2021-06-07 19:45:50,963 [grpc-default-executor-1] INFO  server.RaftServer$Division (RaftServerImpl.java:setRole(284)) - 9726e054-ce67-4d1e-af32-3adc5c4699d0@group-7CC1EDC876C1: changes role from  FOLLOWER to FOLLOWER at term 1 for candidate:9c0aefb8-820f-4500-982b-3157569b0c8b
2021-06-07 19:45:50,963 [grpc-default-executor-1] INFO  impl.RoleInfo (RoleInfo.java:shutdownFollowerState(108)) - 9726e054-ce67-4d1e-af32-3adc5c4699d0: shutdown 9726e054-ce67-4d1e-af32-3adc5c4699d0@group-7CC1EDC876C1-FollowerState
2021-06-07 19:45:50,963 [grpc-default-executor-1] INFO  impl.RoleInfo (RoleInfo.java:updateAndGet(130)) - 9726e054-ce67-4d1e-af32-3adc5c4699d0: start 9726e054-ce67-4d1e-af32-3adc5c4699d0@group-7CC1EDC876C1-FollowerState
2021-06-07 19:45:50,964 [9726e054-ce67-4d1e-af32-3adc5c4699d0@group-7CC1EDC876C1-FollowerState] INFO  impl.FollowerState (FollowerState.java:run(143)) - 9726e054-ce67-4d1e-af32-3adc5c4699d0@group-7CC1EDC876C1-FollowerState was interrupted: {}
java.lang.InterruptedException: sleep interrupted
	at java.lang.Thread.sleep(Native Method)
	at java.lang.Thread.sleep(Thread.java:340)
	at java.util.concurrent.TimeUnit.sleep(TimeUnit.java:386)
	at org.apache.ratis.util.TimeDuration.sleep(TimeDuration.java:324)
	at org.apache.ratis.util.TimeDuration.sleep(TimeDuration.java:309)
	at org.apache.ratis.server.impl.FollowerState.run(FollowerState.java:118)
2021-06-07 19:45:50,970 [0ad07249-b243-4532-8f92-d6393c2ee78d@group-60DD3ADB06DB-FollowerState] INFO  impl.FollowerState (FollowerState.java:run(134)) - 0ad07249-b243-4532-8f92-d6393c2ee78d@group-60DD3ADB06DB-FollowerState: change to CANDIDATE, lastRpcElapsedTime:5132329779ns, electionTimeout:5120ms
2021-06-07 19:45:50,970 [0ad07249-b243-4532-8f92-d6393c2ee78d@group-60DD3ADB06DB-FollowerState] INFO  impl.RoleInfo (RoleInfo.java:shutdownFollowerState(108)) - 0ad07249-b243-4532-8f92-d6393c2ee78d: shutdown 0ad07249-b243-4532-8f92-d6393c2ee78d@group-60DD3ADB06DB-FollowerState
2021-06-07 19:45:50,970 [0ad07249-b243-4532-8f92-d6393c2ee78d@group-60DD3ADB06DB-FollowerState] INFO  server.RaftServer$Division (RaftServerImpl.java:setRole(284)) - 0ad07249-b243-4532-8f92-d6393c2ee78d@group-60DD3ADB06DB: changes role from  FOLLOWER to CANDIDATE at term 0 for changeToCandidate
2021-06-07 19:45:50,970 [0ad07249-b243-4532-8f92-d6393c2ee78d@group-60DD3ADB06DB-FollowerState] INFO  server.RaftServerConfigKeys (ConfUtils.java:logGet(44)) - raft.server.leaderelection.pre-vote = false (custom)
2021-06-07 19:45:50,970 [0ad07249-b243-4532-8f92-d6393c2ee78d@group-60DD3ADB06DB-FollowerState] INFO  impl.RoleInfo (RoleInfo.java:updateAndGet(130)) - 0ad07249-b243-4532-8f92-d6393c2ee78d: start 0ad07249-b243-4532-8f92-d6393c2ee78d@group-60DD3ADB06DB-LeaderElection6
2021-06-07 19:45:50,973 [grpc-default-executor-0] INFO  server.RaftServer$Division (RaftServerImpl.java:requestVote(1042)) - 0ad07249-b243-4532-8f92-d6393c2ee78d@group-7CC1EDC876C1: receive requestVote(ELECTION, 9c0aefb8-820f-4500-982b-3157569b0c8b, group-7CC1EDC876C1, 1, (t:0, i:0))
2021-06-07 19:45:50,973 [grpc-default-executor-0] INFO  impl.VoteContext (VoteContext.java:log(48)) - 0ad07249-b243-4532-8f92-d6393c2ee78d@group-7CC1EDC876C1-FOLLOWER: reject ELECTION from 9c0aefb8-820f-4500-982b-3157569b0c8b: our priority 1 > candidate's priority 0
2021-06-07 19:45:50,974 [grpc-default-executor-0] INFO  server.RaftServer$Division (RaftServerImpl.java:setRole(284)) - 0ad07249-b243-4532-8f92-d6393c2ee78d@group-7CC1EDC876C1: changes role from  FOLLOWER to FOLLOWER at term 1 for candidate:9c0aefb8-820f-4500-982b-3157569b0c8b
2021-06-07 19:45:50,974 [grpc-default-executor-0] INFO  impl.RoleInfo (RoleInfo.java:shutdownFollowerState(108)) - 0ad07249-b243-4532-8f92-d6393c2ee78d: shutdown 0ad07249-b243-4532-8f92-d6393c2ee78d@group-7CC1EDC876C1-FollowerState
2021-06-07 19:45:50,974 [grpc-default-executor-0] INFO  impl.RoleInfo (RoleInfo.java:updateAndGet(130)) - 0ad07249-b243-4532-8f92-d6393c2ee78d: start 0ad07249-b243-4532-8f92-d6393c2ee78d@group-7CC1EDC876C1-FollowerState
2021-06-07 19:45:50,975 [0ad07249-b243-4532-8f92-d6393c2ee78d@group-7CC1EDC876C1-FollowerState] INFO  impl.FollowerState (FollowerState.java:run(143)) - 0ad07249-b243-4532-8f92-d6393c2ee78d@group-7CC1EDC876C1-FollowerState was interrupted: {}
java.lang.InterruptedException: sleep interrupted
	at java.lang.Thread.sleep(Native Method)
	at java.lang.Thread.sleep(Thread.java:340)
	at java.util.concurrent.TimeUnit.sleep(TimeUnit.java:386)
	at org.apache.ratis.util.TimeDuration.sleep(TimeDuration.java:324)
	at org.apache.ratis.util.TimeDuration.sleep(TimeDuration.java:309)
	at org.apache.ratis.server.impl.FollowerState.run(FollowerState.java:118)
2021-06-07 19:45:50,976 [grpc-default-executor-1] INFO  server.RaftServer$Division (RaftServerImpl.java:requestVote(1074)) - 9726e054-ce67-4d1e-af32-3adc5c4699d0@group-7CC1EDC876C1 replies to ELECTION vote request: 9c0aefb8-820f-4500-982b-3157569b0c8b<-9726e054-ce67-4d1e-af32-3adc5c4699d0#0:OK-t1. Peer's state: 9726e054-ce67-4d1e-af32-3adc5c4699d0@group-7CC1EDC876C1:t1, leader=null, voted=9c0aefb8-820f-4500-982b-3157569b0c8b, raftlog=9726e054-ce67-4d1e-af32-3adc5c4699d0@group-7CC1EDC876C1-SegmentedRaftLog:OPENED:c-1,f-1,i0, conf=-1: [0ad07249-b243-4532-8f92-d6393c2ee78d|rpc:10.1.0.60:35737|priority:1, 9c0aefb8-820f-4500-982b-3157569b0c8b|rpc:10.1.0.60:36165|priority:0, 9726e054-ce67-4d1e-af32-3adc5c4699d0|rpc:10.1.0.60:41125|priority:0], old=null
2021-06-07 19:45:50,976 [grpc-default-executor-0] INFO  server.RaftServer$Division (RaftServerImpl.java:requestVote(1074)) - 0ad07249-b243-4532-8f92-d6393c2ee78d@group-7CC1EDC876C1 replies to ELECTION vote request: 9c0aefb8-820f-4500-982b-3157569b0c8b<-0ad07249-b243-4532-8f92-d6393c2ee78d#0:FAIL-t1. Peer's state: 0ad07249-b243-4532-8f92-d6393c2ee78d@group-7CC1EDC876C1:t1, leader=null, voted=null, raftlog=0ad07249-b243-4532-8f92-d6393c2ee78d@group-7CC1EDC876C1-SegmentedRaftLog:OPENED:c-1,f-1,i0, conf=-1: [0ad07249-b243-4532-8f92-d6393c2ee78d|rpc:10.1.0.60:35737|priority:1, 9c0aefb8-820f-4500-982b-3157569b0c8b|rpc:10.1.0.60:36165|priority:0, 9726e054-ce67-4d1e-af32-3adc5c4699d0|rpc:10.1.0.60:41125|priority:0], old=null
2021-06-07 19:45:50,976 [0ad07249-b243-4532-8f92-d6393c2ee78d@group-60DD3ADB06DB-LeaderElection6] INFO  impl.LeaderElection (LeaderElection.java:askForVotes(306)) - 0ad07249-b243-4532-8f92-d6393c2ee78d@group-60DD3ADB06DB-LeaderElection6 ELECTION round 0: submit vote requests at term 1 for -1: [0ad07249-b243-4532-8f92-d6393c2ee78d|rpc:10.1.0.60:35737|priority:1], old=null
2021-06-07 19:45:50,977 [0ad07249-b243-4532-8f92-d6393c2ee78d@group-60DD3ADB06DB-LeaderElection6] INFO  impl.LeaderElection (LeaderElection.java:askForVotes(308)) - 0ad07249-b243-4532-8f92-d6393c2ee78d@group-60DD3ADB06DB-LeaderElection6 ELECTION round 0: result PASSED (term=1)
2021-06-07 19:45:50,977 [0ad07249-b243-4532-8f92-d6393c2ee78d@group-60DD3ADB06DB-LeaderElection6] INFO  impl.RoleInfo (RoleInfo.java:shutdownLeaderElection(121)) - 0ad07249-b243-4532-8f92-d6393c2ee78d: shutdown 0ad07249-b243-4532-8f92-d6393c2ee78d@group-60DD3ADB06DB-LeaderElection6
2021-06-07 19:45:50,977 [0ad07249-b243-4532-8f92-d6393c2ee78d@group-60DD3ADB06DB-LeaderElection6] INFO  server.RaftServer$Division (RaftServerImpl.java:setRole(284)) - 0ad07249-b243-4532-8f92-d6393c2ee78d@group-60DD3ADB06DB: changes role from CANDIDATE to LEADER at term 1 for changeToLeader
2021-06-07 19:45:50,977 [0ad07249-b243-4532-8f92-d6393c2ee78d@group-60DD3ADB06DB-LeaderElection6] INFO  ratis.XceiverServerRatis (XceiverServerRatis.java:handleLeaderChangedNotification(906)) - Leader change notification received for group: group-60DD3ADB06DB with new leaderId: 0ad07249-b243-4532-8f92-d6393c2ee78d
2021-06-07 19:45:50,977 [0ad07249-b243-4532-8f92-d6393c2ee78d@group-60DD3ADB06DB-LeaderElection6] INFO  server.RaftServer$Division (ServerState.java:setLeader(271)) - 0ad07249-b243-4532-8f92-d6393c2ee78d@group-60DD3ADB06DB: change Leader from null to 0ad07249-b243-4532-8f92-d6393c2ee78d at term 1 for becomeLeader, leader elected after 5166ms
2021-06-07 19:45:50,977 [0ad07249-b243-4532-8f92-d6393c2ee78d@group-60DD3ADB06DB-LeaderElection6] INFO  server.RaftServerConfigKeys (ConfUtils.java:logGet(44)) - raft.server.staging.catchup.gap = 1000 (default)
2021-06-07 19:45:50,978 [0ad07249-b243-4532-8f92-d6393c2ee78d@group-60DD3ADB06DB-LeaderElection6] INFO  metrics.RatisMetrics (RatisMetrics.java:lambda$create$0(36)) - Creating Metrics Registry : ratis.log_appender.0ad07249-b243-4532-8f92-d6393c2ee78d@group-60DD3ADB06DB
2021-06-07 19:45:50,978 [0ad07249-b243-4532-8f92-d6393c2ee78d@group-60DD3ADB06DB-LeaderElection6] INFO  server.RaftServerConfigKeys (ConfUtils.java:logGet(44)) - raft.server.write.element-limit = 1024 (custom)
2021-06-07 19:45:50,978 [0ad07249-b243-4532-8f92-d6393c2ee78d@group-60DD3ADB06DB-LeaderElection6] INFO  server.RaftServerConfigKeys (ConfUtils.java:logGet(44)) - raft.server.write.byte-limit = 1073741824 (custom)
2021-06-07 19:45:50,978 [0ad07249-b243-4532-8f92-d6393c2ee78d@group-60DD3ADB06DB-LeaderElection6] INFO  server.RaftServerConfigKeys (ConfUtils.java:logGet(44)) - raft.server.watch.timeout = 180s (custom)
2021-06-07 19:45:50,978 [0ad07249-b243-4532-8f92-d6393c2ee78d@group-60DD3ADB06DB-LeaderElection6] INFO  server.RaftServerConfigKeys (ConfUtils.java:logGet(44)) - raft.server.watch.timeout.denomination = 1s (default)
2021-06-07 19:45:50,978 [0ad07249-b243-4532-8f92-d6393c2ee78d@group-60DD3ADB06DB-LeaderElection6] INFO  server.RaftServerConfigKeys (ConfUtils.java:logGet(44)) - raft.server.watch.element-limit = 65536 (default)
2021-06-07 19:45:50,978 [0ad07249-b243-4532-8f92-d6393c2ee78d@group-60DD3ADB06DB-LeaderElection6] INFO  impl.RoleInfo (RoleInfo.java:updateAndGet(130)) - 0ad07249-b243-4532-8f92-d6393c2ee78d: start 0ad07249-b243-4532-8f92-d6393c2ee78d@group-60DD3ADB06DB-LeaderStateImpl
2021-06-07 19:45:50,980 [0ad07249-b243-4532-8f92-d6393c2ee78d@group-60DD3ADB06DB-LeaderElection6] INFO  segmented.SegmentedRaftLogWorker (SegmentedRaftLogWorker.java:startLogSegment(394)) - 0ad07249-b243-4532-8f92-d6393c2ee78d@group-60DD3ADB06DB-SegmentedRaftLogWorker: Starting segment from index:0
2021-06-07 19:45:50,986 [0ad07249-b243-4532-8f92-d6393c2ee78d@group-60DD3ADB06DB-LeaderElection6] INFO  server.RaftServer$Division (ServerState.java:setRaftConf(373)) - 0ad07249-b243-4532-8f92-d6393c2ee78d@group-60DD3ADB06DB: set configuration 0: [0ad07249-b243-4532-8f92-d6393c2ee78d|rpc:10.1.0.60:35737|dataStream:|priority:1], old=null
2021-06-07 19:45:50,987 [EventQueue-PipelineReportForOneReplicaPipelineSafeModeRule] INFO  safemode.SCMSafeModeManager (SCMSafeModeManager.java:validateSafeModeExitRules(201)) - AtleastOneDatanodeReportedRule rule is successfully validated
2021-06-07 19:45:50,987 [0ad07249-b243-4532-8f92-d6393c2ee78d@group-60DD3ADB06DB-SegmentedRaftLogWorker] INFO  segmented.SegmentedRaftLogWorker (SegmentedRaftLogWorker.java:execute(601)) - 0ad07249-b243-4532-8f92-d6393c2ee78d@group-60DD3ADB06DB-SegmentedRaftLogWorker: created new log segment /home/runner/work/ozone/ozone/mnt/ozone/hadoop-ozone/integration-test/target/test-dir/MiniOzoneClusterImpl-03cd68cf-68ac-428b-89d3-1b040d29d264/datanode-1/data/ratis/a3e8b81b-9952-4ac5-a7a1-60dd3adb06db/current/log_inprogress_0
2021-06-07 19:45:50,987 [EventQueue-OpenPipelineForHealthyPipelineSafeModeRule] INFO  safemode.SCMSafeModeManager (HealthyPipelineSafeModeRule.java:process(130)) - SCM in safe mode. Healthy pipelines reported count is 0, required healthy pipeline reported count is 1
2021-06-07 19:45:50,998 [9c0aefb8-820f-4500-982b-3157569b0c8b@group-7CC1EDC876C1-LeaderElection5] INFO  impl.LeaderElection (LeaderElection.java:logAndReturn(89)) - 9c0aefb8-820f-4500-982b-3157569b0c8b@group-7CC1EDC876C1-LeaderElection5: ELECTION REJECTED received 1 response(s) and 0 exception(s):
2021-06-07 19:45:50,998 [9c0aefb8-820f-4500-982b-3157569b0c8b@group-7CC1EDC876C1-LeaderElection5] INFO  impl.LeaderElection (LeaderElection.java:logAndReturn(93)) -   Response 0: 9c0aefb8-820f-4500-982b-3157569b0c8b<-0ad07249-b243-4532-8f92-d6393c2ee78d#0:FAIL-t1
2021-06-07 19:45:50,998 [9c0aefb8-820f-4500-982b-3157569b0c8b@group-7CC1EDC876C1-LeaderElection5] INFO  impl.LeaderElection (LeaderElection.java:askForVotes(308)) - 9c0aefb8-820f-4500-982b-3157569b0c8b@group-7CC1EDC876C1-LeaderElection5 ELECTION round 0: result REJECTED
2021-06-07 19:45:50,999 [9c0aefb8-820f-4500-982b-3157569b0c8b@group-7CC1EDC876C1-LeaderElection5] INFO  server.RaftServer$Division (RaftServerImpl.java:setRole(284)) - 9c0aefb8-820f-4500-982b-3157569b0c8b@group-7CC1EDC876C1: changes role from CANDIDATE to FOLLOWER at term 1 for REJECTED
2021-06-07 19:45:50,999 [9c0aefb8-820f-4500-982b-3157569b0c8b@group-7CC1EDC876C1-LeaderElection5] INFO  impl.RoleInfo (RoleInfo.java:shutdownLeaderElection(121)) - 9c0aefb8-820f-4500-982b-3157569b0c8b: shutdown 9c0aefb8-820f-4500-982b-3157569b0c8b@group-7CC1EDC876C1-LeaderElection5
2021-06-07 19:45:50,999 [9c0aefb8-820f-4500-982b-3157569b0c8b@group-7CC1EDC876C1-LeaderElection5] INFO  impl.RoleInfo (RoleInfo.java:updateAndGet(130)) - 9c0aefb8-820f-4500-982b-3157569b0c8b: start 9c0aefb8-820f-4500-982b-3157569b0c8b@group-7CC1EDC876C1-FollowerState
2021-06-07 19:45:51,082 [9726e054-ce67-4d1e-af32-3adc5c4699d0@group-4C25346BC119-FollowerState] INFO  impl.FollowerState (FollowerState.java:run(134)) - 9726e054-ce67-4d1e-af32-3adc5c4699d0@group-4C25346BC119-FollowerState: change to CANDIDATE, lastRpcElapsedTime:5125954327ns, electionTimeout:5119ms
2021-06-07 19:45:51,082 [9726e054-ce67-4d1e-af32-3adc5c4699d0@group-4C25346BC119-FollowerState] INFO  impl.RoleInfo (RoleInfo.java:shutdownFollowerState(108)) - 9726e054-ce67-4d1e-af32-3adc5c4699d0: shutdown 9726e054-ce67-4d1e-af32-3adc5c4699d0@group-4C25346BC119-FollowerState
2021-06-07 19:45:51,082 [9726e054-ce67-4d1e-af32-3adc5c4699d0@group-4C25346BC119-FollowerState] INFO  server.RaftServer$Division (RaftServerImpl.java:setRole(284)) - 9726e054-ce67-4d1e-af32-3adc5c4699d0@group-4C25346BC119: changes role from  FOLLOWER to CANDIDATE at term 0 for changeToCandidate
2021-06-07 19:45:51,082 [9726e054-ce67-4d1e-af32-3adc5c4699d0@group-4C25346BC119-FollowerState] INFO  server.RaftServerConfigKeys (ConfUtils.java:logGet(44)) - raft.server.leaderelection.pre-vote = false (custom)
2021-06-07 19:45:51,082 [9726e054-ce67-4d1e-af32-3adc5c4699d0@group-4C25346BC119-FollowerState] INFO  impl.RoleInfo (RoleInfo.java:updateAndGet(130)) - 9726e054-ce67-4d1e-af32-3adc5c4699d0: start 9726e054-ce67-4d1e-af32-3adc5c4699d0@group-4C25346BC119-LeaderElection7
2021-06-07 19:45:51,085 [9726e054-ce67-4d1e-af32-3adc5c4699d0@group-4C25346BC119-LeaderElection7] INFO  impl.LeaderElection (LeaderElection.java:askForVotes(306)) - 9726e054-ce67-4d1e-af32-3adc5c4699d0@group-4C25346BC119-LeaderElection7 ELECTION round 0: submit vote requests at term 1 for -1: [9726e054-ce67-4d1e-af32-3adc5c4699d0|rpc:10.1.0.60:41125|priority:1], old=null
2021-06-07 19:45:51,085 [9726e054-ce67-4d1e-af32-3adc5c4699d0@group-4C25346BC119-LeaderElection7] INFO  impl.LeaderElection (LeaderElection.java:askForVotes(308)) - 9726e054-ce67-4d1e-af32-3adc5c4699d0@group-4C25346BC119-LeaderElection7 ELECTION round 0: result PASSED (term=1)
2021-06-07 19:45:51,085 [9726e054-ce67-4d1e-af32-3adc5c4699d0@group-4C25346BC119-LeaderElection7] INFO  impl.RoleInfo (RoleInfo.java:shutdownLeaderElection(121)) - 9726e054-ce67-4d1e-af32-3adc5c4699d0: shutdown 9726e054-ce67-4d1e-af32-3adc5c4699d0@group-4C25346BC119-LeaderElection7
2021-06-07 19:45:51,085 [9726e054-ce67-4d1e-af32-3adc5c4699d0@group-4C25346BC119-LeaderElection7] INFO  server.RaftServer$Division (RaftServerImpl.java:setRole(284)) - 9726e054-ce67-4d1e-af32-3adc5c4699d0@group-4C25346BC119: changes role from CANDIDATE to LEADER at term 1 for changeToLeader
2021-06-07 19:45:51,085 [9726e054-ce67-4d1e-af32-3adc5c4699d0@group-4C25346BC119-LeaderElection7] INFO  ratis.XceiverServerRatis (XceiverServerRatis.java:handleLeaderChangedNotification(906)) - Leader change notification received for group: group-4C25346BC119 with new leaderId: 9726e054-ce67-4d1e-af32-3adc5c4699d0
2021-06-07 19:45:51,087 [EventQueue-OpenPipelineForHealthyPipelineSafeModeRule] INFO  safemode.SCMSafeModeManager (HealthyPipelineSafeModeRule.java:process(130)) - SCM in safe mode. Healthy pipelines reported count is 0, required healthy pipeline reported count is 1
2021-06-07 19:45:51,087 [EventQueue-PipelineReportForOneReplicaPipelineSafeModeRule] INFO  safemode.SCMSafeModeManager (SCMSafeModeManager.java:validateSafeModeExitRules(201)) - AtleastOneDatanodeReportedRule rule is successfully validated
2021-06-07 19:45:51,087 [9726e054-ce67-4d1e-af32-3adc5c4699d0@group-4C25346BC119-LeaderElection7] INFO  server.RaftServer$Division (ServerState.java:setLeader(271)) - 9726e054-ce67-4d1e-af32-3adc5c4699d0@group-4C25346BC119: change Leader from null to 9726e054-ce67-4d1e-af32-3adc5c4699d0 at term 1 for becomeLeader, leader elected after 5151ms
2021-06-07 19:45:51,087 [9726e054-ce67-4d1e-af32-3adc5c4699d0@group-4C25346BC119-LeaderElection7] INFO  server.RaftServerConfigKeys (ConfUtils.java:logGet(44)) - raft.server.staging.catchup.gap = 1000 (default)
2021-06-07 19:45:51,088 [9726e054-ce67-4d1e-af32-3adc5c4699d0@group-4C25346BC119-LeaderElection7] INFO  metrics.RatisMetrics (RatisMetrics.java:lambda$create$0(36)) - Creating Metrics Registry : ratis.log_appender.9726e054-ce67-4d1e-af32-3adc5c4699d0@group-4C25346BC119
2021-06-07 19:45:51,088 [9726e054-ce67-4d1e-af32-3adc5c4699d0@group-4C25346BC119-LeaderElection7] INFO  server.RaftServerConfigKeys (ConfUtils.java:logGet(44)) - raft.server.write.element-limit = 1024 (custom)
2021-06-07 19:45:51,088 [9726e054-ce67-4d1e-af32-3adc5c4699d0@group-4C25346BC119-LeaderElection7] INFO  server.RaftServerConfigKeys (ConfUtils.java:logGet(44)) - raft.server.write.byte-limit = 1073741824 (custom)
2021-06-07 19:45:51,088 [9726e054-ce67-4d1e-af32-3adc5c4699d0@group-4C25346BC119-LeaderElection7] INFO  server.RaftServerConfigKeys (ConfUtils.java:logGet(44)) - raft.server.watch.timeout = 180s (custom)
2021-06-07 19:45:51,088 [9726e054-ce67-4d1e-af32-3adc5c4699d0@group-4C25346BC119-LeaderElection7] INFO  server.RaftServerConfigKeys (ConfUtils.java:logGet(44)) - raft.server.watch.timeout.denomination = 1s (default)
2021-06-07 19:45:51,088 [9726e054-ce67-4d1e-af32-3adc5c4699d0@group-4C25346BC119-LeaderElection7] INFO  server.RaftServerConfigKeys (ConfUtils.java:logGet(44)) - raft.server.watch.element-limit = 65536 (default)
2021-06-07 19:45:51,089 [9726e054-ce67-4d1e-af32-3adc5c4699d0@group-4C25346BC119-LeaderElection7] INFO  impl.RoleInfo (RoleInfo.java:updateAndGet(130)) - 9726e054-ce67-4d1e-af32-3adc5c4699d0: start 9726e054-ce67-4d1e-af32-3adc5c4699d0@group-4C25346BC119-LeaderStateImpl
2021-06-07 19:45:51,089 [9726e054-ce67-4d1e-af32-3adc5c4699d0@group-4C25346BC119-LeaderElection7] INFO  segmented.SegmentedRaftLogWorker (SegmentedRaftLogWorker.java:startLogSegment(394)) - 9726e054-ce67-4d1e-af32-3adc5c4699d0@group-4C25346BC119-SegmentedRaftLogWorker: Starting segment from index:0
2021-06-07 19:45:51,090 [9726e054-ce67-4d1e-af32-3adc5c4699d0@group-4C25346BC119-SegmentedRaftLogWorker] INFO  segmented.SegmentedRaftLogWorker (SegmentedRaftLogWorker.java:execute(601)) - 9726e054-ce67-4d1e-af32-3adc5c4699d0@group-4C25346BC119-SegmentedRaftLogWorker: created new log segment /home/runner/work/ozone/ozone/mnt/ozone/hadoop-ozone/integration-test/target/test-dir/MiniOzoneClusterImpl-03cd68cf-68ac-428b-89d3-1b040d29d264/datanode-2/data/ratis/5e944d40-1aee-4d1a-afe7-4c25346bc119/current/log_inprogress_0
2021-06-07 19:45:51,091 [9726e054-ce67-4d1e-af32-3adc5c4699d0@group-4C25346BC119-LeaderElection7] INFO  server.RaftServer$Division (ServerState.java:setRaftConf(373)) - 9726e054-ce67-4d1e-af32-3adc5c4699d0@group-4C25346BC119: set configuration 0: [9726e054-ce67-4d1e-af32-3adc5c4699d0|rpc:10.1.0.60:41125|dataStream:|priority:1], old=null
2021-06-07 19:45:51,912 [Listener at 127.0.0.1/44431] INFO  ozone.MiniOzoneClusterImpl (MiniOzoneClusterImpl.java:lambda$waitForClusterToBeReady$0(224)) - Nodes are ready. Got 3 of 3 DN Heartbeats.
2021-06-07 19:45:51,913 [Listener at 127.0.0.1/44431] INFO  ozone.MiniOzoneClusterImpl (MiniOzoneClusterImpl.java:lambda$waitForClusterToBeReady$0(227)) - Waiting for cluster to exit safe mode
2021-06-07 19:45:51,913 [Listener at 127.0.0.1/44431] INFO  ozone.MiniOzoneClusterImpl (MiniOzoneClusterImpl.java:lambda$waitForClusterToBeReady$0(230)) - SCM became leader
2021-06-07 19:45:52,914 [Listener at 127.0.0.1/44431] INFO  ozone.MiniOzoneClusterImpl (MiniOzoneClusterImpl.java:lambda$waitForClusterToBeReady$0(224)) - Nodes are ready. Got 3 of 3 DN Heartbeats.
2021-06-07 19:45:52,914 [Listener at 127.0.0.1/44431] INFO  ozone.MiniOzoneClusterImpl (MiniOzoneClusterImpl.java:lambda$waitForClusterToBeReady$0(227)) - Waiting for cluster to exit safe mode
2021-06-07 19:45:52,914 [Listener at 127.0.0.1/44431] INFO  ozone.MiniOzoneClusterImpl (MiniOzoneClusterImpl.java:lambda$waitForClusterToBeReady$0(230)) - SCM became leader
2021-06-07 19:45:53,914 [Listener at 127.0.0.1/44431] INFO  ozone.MiniOzoneClusterImpl (MiniOzoneClusterImpl.java:lambda$waitForClusterToBeReady$0(224)) - Nodes are ready. Got 3 of 3 DN Heartbeats.
2021-06-07 19:45:53,915 [Listener at 127.0.0.1/44431] INFO  ozone.MiniOzoneClusterImpl (MiniOzoneClusterImpl.java:lambda$waitForClusterToBeReady$0(227)) - Waiting for cluster to exit safe mode
2021-06-07 19:45:53,915 [Listener at 127.0.0.1/44431] INFO  ozone.MiniOzoneClusterImpl (MiniOzoneClusterImpl.java:lambda$waitForClusterToBeReady$0(230)) - SCM became leader
2021-06-07 19:45:54,915 [Listener at 127.0.0.1/44431] INFO  ozone.MiniOzoneClusterImpl (MiniOzoneClusterImpl.java:lambda$waitForClusterToBeReady$0(224)) - Nodes are ready. Got 3 of 3 DN Heartbeats.
2021-06-07 19:45:54,915 [Listener at 127.0.0.1/44431] INFO  ozone.MiniOzoneClusterImpl (MiniOzoneClusterImpl.java:lambda$waitForClusterToBeReady$0(227)) - Waiting for cluster to exit safe mode
2021-06-07 19:45:54,915 [Listener at 127.0.0.1/44431] INFO  ozone.MiniOzoneClusterImpl (MiniOzoneClusterImpl.java:lambda$waitForClusterToBeReady$0(230)) - SCM became leader
2021-06-07 19:45:55,915 [Listener at 127.0.0.1/44431] INFO  ozone.MiniOzoneClusterImpl (MiniOzoneClusterImpl.java:lambda$waitForClusterToBeReady$0(224)) - Nodes are ready. Got 3 of 3 DN Heartbeats.
2021-06-07 19:45:55,916 [Listener at 127.0.0.1/44431] INFO  ozone.MiniOzoneClusterImpl (MiniOzoneClusterImpl.java:lambda$waitForClusterToBeReady$0(227)) - Waiting for cluster to exit safe mode
2021-06-07 19:45:55,916 [Listener at 127.0.0.1/44431] INFO  ozone.MiniOzoneClusterImpl (MiniOzoneClusterImpl.java:lambda$waitForClusterToBeReady$0(230)) - SCM became leader
2021-06-07 19:45:56,042 [9c0aefb8-820f-4500-982b-3157569b0c8b@group-7CC1EDC876C1-FollowerState] INFO  impl.FollowerState (FollowerState.java:run(134)) - 9c0aefb8-820f-4500-982b-3157569b0c8b@group-7CC1EDC876C1-FollowerState: change to CANDIDATE, lastRpcElapsedTime:5042907435ns, electionTimeout:5042ms
2021-06-07 19:45:56,043 [9c0aefb8-820f-4500-982b-3157569b0c8b@group-7CC1EDC876C1-FollowerState] INFO  impl.RoleInfo (RoleInfo.java:shutdownFollowerState(108)) - 9c0aefb8-820f-4500-982b-3157569b0c8b: shutdown 9c0aefb8-820f-4500-982b-3157569b0c8b@group-7CC1EDC876C1-FollowerState
2021-06-07 19:45:56,043 [9c0aefb8-820f-4500-982b-3157569b0c8b@group-7CC1EDC876C1-FollowerState] INFO  server.RaftServer$Division (RaftServerImpl.java:setRole(284)) - 9c0aefb8-820f-4500-982b-3157569b0c8b@group-7CC1EDC876C1: changes role from  FOLLOWER to CANDIDATE at term 1 for changeToCandidate
2021-06-07 19:45:56,043 [9c0aefb8-820f-4500-982b-3157569b0c8b@group-7CC1EDC876C1-FollowerState] INFO  server.RaftServerConfigKeys (ConfUtils.java:logGet(44)) - raft.server.leaderelection.pre-vote = false (custom)
2021-06-07 19:45:56,043 [9c0aefb8-820f-4500-982b-3157569b0c8b@group-7CC1EDC876C1-FollowerState] INFO  impl.RoleInfo (RoleInfo.java:updateAndGet(130)) - 9c0aefb8-820f-4500-982b-3157569b0c8b: start 9c0aefb8-820f-4500-982b-3157569b0c8b@group-7CC1EDC876C1-LeaderElection8
2021-06-07 19:45:56,052 [9c0aefb8-820f-4500-982b-3157569b0c8b@group-7CC1EDC876C1-LeaderElection8] INFO  impl.LeaderElection (LeaderElection.java:askForVotes(306)) - 9c0aefb8-820f-4500-982b-3157569b0c8b@group-7CC1EDC876C1-LeaderElection8 ELECTION round 0: submit vote requests at term 2 for -1: [0ad07249-b243-4532-8f92-d6393c2ee78d|rpc:10.1.0.60:35737|priority:1, 9c0aefb8-820f-4500-982b-3157569b0c8b|rpc:10.1.0.60:36165|priority:0, 9726e054-ce67-4d1e-af32-3adc5c4699d0|rpc:10.1.0.60:41125|priority:0], old=null
2021-06-07 19:45:56,060 [grpc-default-executor-1] INFO  server.RaftServer$Division (RaftServerImpl.java:requestVote(1042)) - 0ad07249-b243-4532-8f92-d6393c2ee78d@group-7CC1EDC876C1: receive requestVote(ELECTION, 9c0aefb8-820f-4500-982b-3157569b0c8b, group-7CC1EDC876C1, 2, (t:0, i:0))
2021-06-07 19:45:56,061 [grpc-default-executor-1] INFO  impl.VoteContext (VoteContext.java:log(48)) - 0ad07249-b243-4532-8f92-d6393c2ee78d@group-7CC1EDC876C1-FOLLOWER: reject ELECTION from 9c0aefb8-820f-4500-982b-3157569b0c8b: our priority 1 > candidate's priority 0
2021-06-07 19:45:56,061 [grpc-default-executor-1] INFO  server.RaftServer$Division (RaftServerImpl.java:setRole(284)) - 0ad07249-b243-4532-8f92-d6393c2ee78d@group-7CC1EDC876C1: changes role from  FOLLOWER to FOLLOWER at term 2 for candidate:9c0aefb8-820f-4500-982b-3157569b0c8b
2021-06-07 19:45:56,062 [grpc-default-executor-1] INFO  impl.RoleInfo (RoleInfo.java:shutdownFollowerState(108)) - 0ad07249-b243-4532-8f92-d6393c2ee78d: shutdown 0ad07249-b243-4532-8f92-d6393c2ee78d@group-7CC1EDC876C1-FollowerState
2021-06-07 19:45:56,062 [grpc-default-executor-1] INFO  impl.RoleInfo (RoleInfo.java:updateAndGet(130)) - 0ad07249-b243-4532-8f92-d6393c2ee78d: start 0ad07249-b243-4532-8f92-d6393c2ee78d@group-7CC1EDC876C1-FollowerState
2021-06-07 19:45:56,062 [0ad07249-b243-4532-8f92-d6393c2ee78d@group-7CC1EDC876C1-FollowerState] INFO  impl.FollowerState (FollowerState.java:run(143)) - 0ad07249-b243-4532-8f92-d6393c2ee78d@group-7CC1EDC876C1-FollowerState was interrupted: {}
java.lang.InterruptedException: sleep interrupted
	at java.lang.Thread.sleep(Native Method)
	at java.lang.Thread.sleep(Thread.java:340)
	at java.util.concurrent.TimeUnit.sleep(TimeUnit.java:386)
	at org.apache.ratis.util.TimeDuration.sleep(TimeDuration.java:324)
	at org.apache.ratis.util.TimeDuration.sleep(TimeDuration.java:309)
	at org.apache.ratis.server.impl.FollowerState.run(FollowerState.java:118)
2021-06-07 19:45:56,075 [grpc-default-executor-0] INFO  server.RaftServer$Division (RaftServerImpl.java:requestVote(1042)) - 9726e054-ce67-4d1e-af32-3adc5c4699d0@group-7CC1EDC876C1: receive requestVote(ELECTION, 9c0aefb8-820f-4500-982b-3157569b0c8b, group-7CC1EDC876C1, 2, (t:0, i:0))
2021-06-07 19:45:56,076 [grpc-default-executor-0] INFO  impl.VoteContext (VoteContext.java:log(48)) - 9726e054-ce67-4d1e-af32-3adc5c4699d0@group-7CC1EDC876C1-FOLLOWER: accept ELECTION from 9c0aefb8-820f-4500-982b-3157569b0c8b: our priority 0 <= candidate's priority 0
2021-06-07 19:45:56,076 [grpc-default-executor-1] INFO  server.RaftServer$Division (RaftServerImpl.java:requestVote(1074)) - 0ad07249-b243-4532-8f92-d6393c2ee78d@group-7CC1EDC876C1 replies to ELECTION vote request: 9c0aefb8-820f-4500-982b-3157569b0c8b<-0ad07249-b243-4532-8f92-d6393c2ee78d#0:FAIL-t2. Peer's state: 0ad07249-b243-4532-8f92-d6393c2ee78d@group-7CC1EDC876C1:t2, leader=null, voted=null, raftlog=0ad07249-b243-4532-8f92-d6393c2ee78d@group-7CC1EDC876C1-SegmentedRaftLog:OPENED:c-1,f-1,i0, conf=-1: [0ad07249-b243-4532-8f92-d6393c2ee78d|rpc:10.1.0.60:35737|priority:1, 9c0aefb8-820f-4500-982b-3157569b0c8b|rpc:10.1.0.60:36165|priority:0, 9726e054-ce67-4d1e-af32-3adc5c4699d0|rpc:10.1.0.60:41125|priority:0], old=null
2021-06-07 19:45:56,076 [grpc-default-executor-0] INFO  server.RaftServer$Division (RaftServerImpl.java:setRole(284)) - 9726e054-ce67-4d1e-af32-3adc5c4699d0@group-7CC1EDC876C1: changes role from  FOLLOWER to FOLLOWER at term 2 for candidate:9c0aefb8-820f-4500-982b-3157569b0c8b
2021-06-07 19:45:56,077 [grpc-default-executor-0] INFO  impl.RoleInfo (RoleInfo.java:shutdownFollowerState(108)) - 9726e054-ce67-4d1e-af32-3adc5c4699d0: shutdown 9726e054-ce67-4d1e-af32-3adc5c4699d0@group-7CC1EDC876C1-FollowerState
2021-06-07 19:45:56,077 [grpc-default-executor-0] INFO  impl.RoleInfo (RoleInfo.java:updateAndGet(130)) - 9726e054-ce67-4d1e-af32-3adc5c4699d0: start 9726e054-ce67-4d1e-af32-3adc5c4699d0@group-7CC1EDC876C1-FollowerState
2021-06-07 19:45:56,077 [9726e054-ce67-4d1e-af32-3adc5c4699d0@group-7CC1EDC876C1-FollowerState] INFO  impl.FollowerState (FollowerState.java:run(143)) - 9726e054-ce67-4d1e-af32-3adc5c4699d0@group-7CC1EDC876C1-FollowerState was interrupted: {}
java.lang.InterruptedException: sleep interrupted
	at java.lang.Thread.sleep(Native Method)
	at java.lang.Thread.sleep(Thread.java:340)
	at java.util.concurrent.TimeUnit.sleep(TimeUnit.java:386)
	at org.apache.ratis.util.TimeDuration.sleep(TimeDuration.java:324)
	at org.apache.ratis.util.TimeDuration.sleep(TimeDuration.java:309)
	at org.apache.ratis.server.impl.FollowerState.run(FollowerState.java:118)
2021-06-07 19:45:56,083 [grpc-default-executor-0] INFO  server.RaftServer$Division (RaftServerImpl.java:requestVote(1074)) - 9726e054-ce67-4d1e-af32-3adc5c4699d0@group-7CC1EDC876C1 replies to ELECTION vote request: 9c0aefb8-820f-4500-982b-3157569b0c8b<-9726e054-ce67-4d1e-af32-3adc5c4699d0#0:OK-t2. Peer's state: 9726e054-ce67-4d1e-af32-3adc5c4699d0@group-7CC1EDC876C1:t2, leader=null, voted=9c0aefb8-820f-4500-982b-3157569b0c8b, raftlog=9726e054-ce67-4d1e-af32-3adc5c4699d0@group-7CC1EDC876C1-SegmentedRaftLog:OPENED:c-1,f-1,i0, conf=-1: [0ad07249-b243-4532-8f92-d6393c2ee78d|rpc:10.1.0.60:35737|priority:1, 9c0aefb8-820f-4500-982b-3157569b0c8b|rpc:10.1.0.60:36165|priority:0, 9726e054-ce67-4d1e-af32-3adc5c4699d0|rpc:10.1.0.60:41125|priority:0], old=null
2021-06-07 19:45:56,083 [9c0aefb8-820f-4500-982b-3157569b0c8b@group-7CC1EDC876C1-LeaderElection8] INFO  impl.LeaderElection (LeaderElection.java:logAndReturn(89)) - 9c0aefb8-820f-4500-982b-3157569b0c8b@group-7CC1EDC876C1-LeaderElection8: ELECTION REJECTED received 1 response(s) and 0 exception(s):
2021-06-07 19:45:56,085 [9c0aefb8-820f-4500-982b-3157569b0c8b@group-7CC1EDC876C1-LeaderElection8] INFO  impl.LeaderElection (LeaderElection.java:logAndReturn(93)) -   Response 0: 9c0aefb8-820f-4500-982b-3157569b0c8b<-0ad07249-b243-4532-8f92-d6393c2ee78d#0:FAIL-t2
2021-06-07 19:45:56,085 [9c0aefb8-820f-4500-982b-3157569b0c8b@group-7CC1EDC876C1-LeaderElection8] INFO  impl.LeaderElection (LeaderElection.java:askForVotes(308)) - 9c0aefb8-820f-4500-982b-3157569b0c8b@group-7CC1EDC876C1-LeaderElection8 ELECTION round 0: result REJECTED
2021-06-07 19:45:56,085 [9c0aefb8-820f-4500-982b-3157569b0c8b@group-7CC1EDC876C1-LeaderElection8] INFO  server.RaftServer$Division (RaftServerImpl.java:setRole(284)) - 9c0aefb8-820f-4500-982b-3157569b0c8b@group-7CC1EDC876C1: changes role from CANDIDATE to FOLLOWER at term 2 for REJECTED
2021-06-07 19:45:56,085 [9c0aefb8-820f-4500-982b-3157569b0c8b@group-7CC1EDC876C1-LeaderElection8] INFO  impl.RoleInfo (RoleInfo.java:shutdownLeaderElection(121)) - 9c0aefb8-820f-4500-982b-3157569b0c8b: shutdown 9c0aefb8-820f-4500-982b-3157569b0c8b@group-7CC1EDC876C1-LeaderElection8
2021-06-07 19:45:56,085 [9c0aefb8-820f-4500-982b-3157569b0c8b@group-7CC1EDC876C1-LeaderElection8] INFO  impl.RoleInfo (RoleInfo.java:updateAndGet(130)) - 9c0aefb8-820f-4500-982b-3157569b0c8b: start 9c0aefb8-820f-4500-982b-3157569b0c8b@group-7CC1EDC876C1-FollowerState
2021-06-07 19:45:56,916 [Listener at 127.0.0.1/44431] INFO  ozone.MiniOzoneClusterImpl (MiniOzoneClusterImpl.java:lambda$waitForClusterToBeReady$0(224)) - Nodes are ready. Got 3 of 3 DN Heartbeats.
2021-06-07 19:45:56,917 [Listener at 127.0.0.1/44431] INFO  ozone.MiniOzoneClusterImpl (MiniOzoneClusterImpl.java:lambda$waitForClusterToBeReady$0(227)) - Waiting for cluster to exit safe mode
2021-06-07 19:45:56,917 [Listener at 127.0.0.1/44431] INFO  ozone.MiniOzoneClusterImpl (MiniOzoneClusterImpl.java:lambda$waitForClusterToBeReady$0(230)) - SCM became leader
2021-06-07 19:45:57,917 [Listener at 127.0.0.1/44431] INFO  ozone.MiniOzoneClusterImpl (MiniOzoneClusterImpl.java:lambda$waitForClusterToBeReady$0(224)) - Nodes are ready. Got 3 of 3 DN Heartbeats.
2021-06-07 19:45:57,917 [Listener at 127.0.0.1/44431] INFO  ozone.MiniOzoneClusterImpl (MiniOzoneClusterImpl.java:lambda$waitForClusterToBeReady$0(227)) - Waiting for cluster to exit safe mode
2021-06-07 19:45:57,917 [Listener at 127.0.0.1/44431] INFO  ozone.MiniOzoneClusterImpl (MiniOzoneClusterImpl.java:lambda$waitForClusterToBeReady$0(230)) - SCM became leader
2021-06-07 19:45:58,917 [Listener at 127.0.0.1/44431] INFO  ozone.MiniOzoneClusterImpl (MiniOzoneClusterImpl.java:lambda$waitForClusterToBeReady$0(224)) - Nodes are ready. Got 3 of 3 DN Heartbeats.
2021-06-07 19:45:58,918 [Listener at 127.0.0.1/44431] INFO  ozone.MiniOzoneClusterImpl (MiniOzoneClusterImpl.java:lambda$waitForClusterToBeReady$0(227)) - Waiting for cluster to exit safe mode
2021-06-07 19:45:58,918 [Listener at 127.0.0.1/44431] INFO  ozone.MiniOzoneClusterImpl (MiniOzoneClusterImpl.java:lambda$waitForClusterToBeReady$0(230)) - SCM became leader
2021-06-07 19:45:59,918 [Listener at 127.0.0.1/44431] INFO  ozone.MiniOzoneClusterImpl (MiniOzoneClusterImpl.java:lambda$waitForClusterToBeReady$0(224)) - Nodes are ready. Got 3 of 3 DN Heartbeats.
2021-06-07 19:45:59,918 [Listener at 127.0.0.1/44431] INFO  ozone.MiniOzoneClusterImpl (MiniOzoneClusterImpl.java:lambda$waitForClusterToBeReady$0(227)) - Waiting for cluster to exit safe mode
2021-06-07 19:45:59,918 [Listener at 127.0.0.1/44431] INFO  ozone.MiniOzoneClusterImpl (MiniOzoneClusterImpl.java:lambda$waitForClusterToBeReady$0(230)) - SCM became leader
2021-06-07 19:46:00,918 [Listener at 127.0.0.1/44431] INFO  ozone.MiniOzoneClusterImpl (MiniOzoneClusterImpl.java:lambda$waitForClusterToBeReady$0(224)) - Nodes are ready. Got 3 of 3 DN Heartbeats.
2021-06-07 19:46:00,919 [Listener at 127.0.0.1/44431] INFO  ozone.MiniOzoneClusterImpl (MiniOzoneClusterImpl.java:lambda$waitForClusterToBeReady$0(227)) - Waiting for cluster to exit safe mode
2021-06-07 19:46:00,919 [Listener at 127.0.0.1/44431] INFO  ozone.MiniOzoneClusterImpl (MiniOzoneClusterImpl.java:lambda$waitForClusterToBeReady$0(230)) - SCM became leader
2021-06-07 19:46:01,135 [9c0aefb8-820f-4500-982b-3157569b0c8b@group-7CC1EDC876C1-FollowerState] INFO  impl.FollowerState (FollowerState.java:run(134)) - 9c0aefb8-820f-4500-982b-3157569b0c8b@group-7CC1EDC876C1-FollowerState: change to CANDIDATE, lastRpcElapsedTime:5049324160ns, electionTimeout:5047ms
2021-06-07 19:46:01,135 [9c0aefb8-820f-4500-982b-3157569b0c8b@group-7CC1EDC876C1-FollowerState] INFO  impl.RoleInfo (RoleInfo.java:shutdownFollowerState(108)) - 9c0aefb8-820f-4500-982b-3157569b0c8b: shutdown 9c0aefb8-820f-4500-982b-3157569b0c8b@group-7CC1EDC876C1-FollowerState
2021-06-07 19:46:01,135 [9c0aefb8-820f-4500-982b-3157569b0c8b@group-7CC1EDC876C1-FollowerState] INFO  server.RaftServer$Division (RaftServerImpl.java:setRole(284)) - 9c0aefb8-820f-4500-982b-3157569b0c8b@group-7CC1EDC876C1: changes role from  FOLLOWER to CANDIDATE at term 2 for changeToCandidate
2021-06-07 19:46:01,135 [9c0aefb8-820f-4500-982b-3157569b0c8b@group-7CC1EDC876C1-FollowerState] INFO  server.RaftServerConfigKeys (ConfUtils.java:logGet(44)) - raft.server.leaderelection.pre-vote = false (custom)
2021-06-07 19:46:01,135 [9c0aefb8-820f-4500-982b-3157569b0c8b@group-7CC1EDC876C1-FollowerState] INFO  impl.RoleInfo (RoleInfo.java:updateAndGet(130)) - 9c0aefb8-820f-4500-982b-3157569b0c8b: start 9c0aefb8-820f-4500-982b-3157569b0c8b@group-7CC1EDC876C1-LeaderElection9
2021-06-07 19:46:01,138 [9c0aefb8-820f-4500-982b-3157569b0c8b@group-7CC1EDC876C1-LeaderElection9] INFO  impl.LeaderElection (LeaderElection.java:askForVotes(306)) - 9c0aefb8-820f-4500-982b-3157569b0c8b@group-7CC1EDC876C1-LeaderElection9 ELECTION round 0: submit vote requests at term 3 for -1: [0ad07249-b243-4532-8f92-d6393c2ee78d|rpc:10.1.0.60:35737|priority:1, 9c0aefb8-820f-4500-982b-3157569b0c8b|rpc:10.1.0.60:36165|priority:0, 9726e054-ce67-4d1e-af32-3adc5c4699d0|rpc:10.1.0.60:41125|priority:0], old=null
2021-06-07 19:46:01,149 [grpc-default-executor-0] INFO  server.RaftServer$Division (RaftServerImpl.java:requestVote(1042)) - 0ad07249-b243-4532-8f92-d6393c2ee78d@group-7CC1EDC876C1: receive requestVote(ELECTION, 9c0aefb8-820f-4500-982b-3157569b0c8b, group-7CC1EDC876C1, 3, (t:0, i:0))
2021-06-07 19:46:01,149 [grpc-default-executor-0] INFO  impl.VoteContext (VoteContext.java:log(48)) - 0ad07249-b243-4532-8f92-d6393c2ee78d@group-7CC1EDC876C1-FOLLOWER: reject ELECTION from 9c0aefb8-820f-4500-982b-3157569b0c8b: our priority 1 > candidate's priority 0
2021-06-07 19:46:01,150 [grpc-default-executor-0] INFO  server.RaftServer$Division (RaftServerImpl.java:setRole(284)) - 0ad07249-b243-4532-8f92-d6393c2ee78d@group-7CC1EDC876C1: changes role from  FOLLOWER to FOLLOWER at term 3 for candidate:9c0aefb8-820f-4500-982b-3157569b0c8b
2021-06-07 19:46:01,150 [grpc-default-executor-0] INFO  impl.RoleInfo (RoleInfo.java:shutdownFollowerState(108)) - 0ad07249-b243-4532-8f92-d6393c2ee78d: shutdown 0ad07249-b243-4532-8f92-d6393c2ee78d@group-7CC1EDC876C1-FollowerState
2021-06-07 19:46:01,150 [grpc-default-executor-0] INFO  impl.RoleInfo (RoleInfo.java:updateAndGet(130)) - 0ad07249-b243-4532-8f92-d6393c2ee78d: start 0ad07249-b243-4532-8f92-d6393c2ee78d@group-7CC1EDC876C1-FollowerState
2021-06-07 19:46:01,150 [0ad07249-b243-4532-8f92-d6393c2ee78d@group-7CC1EDC876C1-FollowerState] INFO  impl.FollowerState (FollowerState.java:run(143)) - 0ad07249-b243-4532-8f92-d6393c2ee78d@group-7CC1EDC876C1-FollowerState was interrupted: {}
java.lang.InterruptedException: sleep interrupted
	at java.lang.Thread.sleep(Native Method)
	at java.lang.Thread.sleep(Thread.java:340)
	at java.util.concurrent.TimeUnit.sleep(TimeUnit.java:386)
	at org.apache.ratis.util.TimeDuration.sleep(TimeDuration.java:324)
	at org.apache.ratis.util.TimeDuration.sleep(TimeDuration.java:309)
	at org.apache.ratis.server.impl.FollowerState.run(FollowerState.java:118)
2021-06-07 19:46:01,151 [grpc-default-executor-1] INFO  server.RaftServer$Division (RaftServerImpl.java:requestVote(1042)) - 9726e054-ce67-4d1e-af32-3adc5c4699d0@group-7CC1EDC876C1: receive requestVote(ELECTION, 9c0aefb8-820f-4500-982b-3157569b0c8b, group-7CC1EDC876C1, 3, (t:0, i:0))
2021-06-07 19:46:01,152 [grpc-default-executor-0] INFO  server.RaftServer$Division (RaftServerImpl.java:requestVote(1074)) - 0ad07249-b243-4532-8f92-d6393c2ee78d@group-7CC1EDC876C1 replies to ELECTION vote request: 9c0aefb8-820f-4500-982b-3157569b0c8b<-0ad07249-b243-4532-8f92-d6393c2ee78d#0:FAIL-t3. Peer's state: 0ad07249-b243-4532-8f92-d6393c2ee78d@group-7CC1EDC876C1:t3, leader=null, voted=null, raftlog=0ad07249-b243-4532-8f92-d6393c2ee78d@group-7CC1EDC876C1-SegmentedRaftLog:OPENED:c-1,f-1,i0, conf=-1: [0ad07249-b243-4532-8f92-d6393c2ee78d|rpc:10.1.0.60:35737|priority:1, 9c0aefb8-820f-4500-982b-3157569b0c8b|rpc:10.1.0.60:36165|priority:0, 9726e054-ce67-4d1e-af32-3adc5c4699d0|rpc:10.1.0.60:41125|priority:0], old=null
2021-06-07 19:46:01,152 [grpc-default-executor-1] INFO  impl.VoteContext (VoteContext.java:log(48)) - 9726e054-ce67-4d1e-af32-3adc5c4699d0@group-7CC1EDC876C1-FOLLOWER: accept ELECTION from 9c0aefb8-820f-4500-982b-3157569b0c8b: our priority 0 <= candidate's priority 0
2021-06-07 19:46:01,152 [grpc-default-executor-1] INFO  server.RaftServer$Division (RaftServerImpl.java:setRole(284)) - 9726e054-ce67-4d1e-af32-3adc5c4699d0@group-7CC1EDC876C1: changes role from  FOLLOWER to FOLLOWER at term 3 for candidate:9c0aefb8-820f-4500-982b-3157569b0c8b
2021-06-07 19:46:01,152 [grpc-default-executor-1] INFO  impl.RoleInfo (RoleInfo.java:shutdownFollowerState(108)) - 9726e054-ce67-4d1e-af32-3adc5c4699d0: shutdown 9726e054-ce67-4d1e-af32-3adc5c4699d0@group-7CC1EDC876C1-FollowerState
2021-06-07 19:46:01,152 [grpc-default-executor-1] INFO  impl.RoleInfo (RoleInfo.java:updateAndGet(130)) - 9726e054-ce67-4d1e-af32-3adc5c4699d0: start 9726e054-ce67-4d1e-af32-3adc5c4699d0@group-7CC1EDC876C1-FollowerState
2021-06-07 19:46:01,152 [9726e054-ce67-4d1e-af32-3adc5c4699d0@group-7CC1EDC876C1-FollowerState] INFO  impl.FollowerState (FollowerState.java:run(143)) - 9726e054-ce67-4d1e-af32-3adc5c4699d0@group-7CC1EDC876C1-FollowerState was interrupted: {}
java.lang.InterruptedException: sleep interrupted
	at java.lang.Thread.sleep(Native Method)
	at java.lang.Thread.sleep(Thread.java:340)
	at java.util.concurrent.TimeUnit.sleep(TimeUnit.java:386)
	at org.apache.ratis.util.TimeDuration.sleep(TimeDuration.java:324)
	at org.apache.ratis.util.TimeDuration.sleep(TimeDuration.java:309)
	at org.apache.ratis.server.impl.FollowerState.run(FollowerState.java:118)
2021-06-07 19:46:01,154 [9c0aefb8-820f-4500-982b-3157569b0c8b@group-7CC1EDC876C1-LeaderElection9] INFO  impl.LeaderElection (LeaderElection.java:logAndReturn(89)) - 9c0aefb8-820f-4500-982b-3157569b0c8b@group-7CC1EDC876C1-LeaderElection9: ELECTION REJECTED received 1 response(s) and 0 exception(s):
2021-06-07 19:46:01,155 [9c0aefb8-820f-4500-982b-3157569b0c8b@group-7CC1EDC876C1-LeaderElection9] INFO  impl.LeaderElection (LeaderElection.java:logAndReturn(93)) -   Response 0: 9c0aefb8-820f-4500-982b-3157569b0c8b<-0ad07249-b243-4532-8f92-d6393c2ee78d#0:FAIL-t3
2021-06-07 19:46:01,155 [9c0aefb8-820f-4500-982b-3157569b0c8b@group-7CC1EDC876C1-LeaderElection9] INFO  impl.LeaderElection (LeaderElection.java:askForVotes(308)) - 9c0aefb8-820f-4500-982b-3157569b0c8b@group-7CC1EDC876C1-LeaderElection9 ELECTION round 0: result REJECTED
2021-06-07 19:46:01,155 [9c0aefb8-820f-4500-982b-3157569b0c8b@group-7CC1EDC876C1-LeaderElection9] INFO  server.RaftServer$Division (RaftServerImpl.java:setRole(284)) - 9c0aefb8-820f-4500-982b-3157569b0c8b@group-7CC1EDC876C1: changes role from CANDIDATE to FOLLOWER at term 3 for REJECTED
2021-06-07 19:46:01,155 [9c0aefb8-820f-4500-982b-3157569b0c8b@group-7CC1EDC876C1-LeaderElection9] INFO  impl.RoleInfo (RoleInfo.java:shutdownLeaderElection(121)) - 9c0aefb8-820f-4500-982b-3157569b0c8b: shutdown 9c0aefb8-820f-4500-982b-3157569b0c8b@group-7CC1EDC876C1-LeaderElection9
2021-06-07 19:46:01,155 [9c0aefb8-820f-4500-982b-3157569b0c8b@group-7CC1EDC876C1-LeaderElection9] INFO  impl.RoleInfo (RoleInfo.java:updateAndGet(130)) - 9c0aefb8-820f-4500-982b-3157569b0c8b: start 9c0aefb8-820f-4500-982b-3157569b0c8b@group-7CC1EDC876C1-FollowerState
2021-06-07 19:46:01,155 [grpc-default-executor-1] INFO  server.RaftServer$Division (RaftServerImpl.java:requestVote(1074)) - 9726e054-ce67-4d1e-af32-3adc5c4699d0@group-7CC1EDC876C1 replies to ELECTION vote request: 9c0aefb8-820f-4500-982b-3157569b0c8b<-9726e054-ce67-4d1e-af32-3adc5c4699d0#0:OK-t3. Peer's state: 9726e054-ce67-4d1e-af32-3adc5c4699d0@group-7CC1EDC876C1:t3, leader=null, voted=9c0aefb8-820f-4500-982b-3157569b0c8b, raftlog=9726e054-ce67-4d1e-af32-3adc5c4699d0@group-7CC1EDC876C1-SegmentedRaftLog:OPENED:c-1,f-1,i0, conf=-1: [0ad07249-b243-4532-8f92-d6393c2ee78d|rpc:10.1.0.60:35737|priority:1, 9c0aefb8-820f-4500-982b-3157569b0c8b|rpc:10.1.0.60:36165|priority:0, 9726e054-ce67-4d1e-af32-3adc5c4699d0|rpc:10.1.0.60:41125|priority:0], old=null
2021-06-07 19:46:01,919 [Listener at 127.0.0.1/44431] INFO  ozone.MiniOzoneClusterImpl (MiniOzoneClusterImpl.java:lambda$waitForClusterToBeReady$0(224)) - Nodes are ready. Got 3 of 3 DN Heartbeats.
2021-06-07 19:46:01,919 [Listener at 127.0.0.1/44431] INFO  ozone.MiniOzoneClusterImpl (MiniOzoneClusterImpl.java:lambda$waitForClusterToBeReady$0(227)) - Waiting for cluster to exit safe mode
2021-06-07 19:46:01,920 [Listener at 127.0.0.1/44431] INFO  ozone.MiniOzoneClusterImpl (MiniOzoneClusterImpl.java:lambda$waitForClusterToBeReady$0(230)) - SCM became leader
2021-06-07 19:46:02,920 [Listener at 127.0.0.1/44431] INFO  ozone.MiniOzoneClusterImpl (MiniOzoneClusterImpl.java:lambda$waitForClusterToBeReady$0(224)) - Nodes are ready. Got 3 of 3 DN Heartbeats.
2021-06-07 19:46:02,920 [Listener at 127.0.0.1/44431] INFO  ozone.MiniOzoneClusterImpl (MiniOzoneClusterImpl.java:lambda$waitForClusterToBeReady$0(227)) - Waiting for cluster to exit safe mode
2021-06-07 19:46:02,920 [Listener at 127.0.0.1/44431] INFO  ozone.MiniOzoneClusterImpl (MiniOzoneClusterImpl.java:lambda$waitForClusterToBeReady$0(230)) - SCM became leader
2021-06-07 19:46:03,920 [Listener at 127.0.0.1/44431] INFO  ozone.MiniOzoneClusterImpl (MiniOzoneClusterImpl.java:lambda$waitForClusterToBeReady$0(224)) - Nodes are ready. Got 3 of 3 DN Heartbeats.
2021-06-07 19:46:03,921 [Listener at 127.0.0.1/44431] INFO  ozone.MiniOzoneClusterImpl (MiniOzoneClusterImpl.java:lambda$waitForClusterToBeReady$0(227)) - Waiting for cluster to exit safe mode
2021-06-07 19:46:03,921 [Listener at 127.0.0.1/44431] INFO  ozone.MiniOzoneClusterImpl (MiniOzoneClusterImpl.java:lambda$waitForClusterToBeReady$0(230)) - SCM became leader
2021-06-07 19:46:04,921 [Listener at 127.0.0.1/44431] INFO  ozone.MiniOzoneClusterImpl (MiniOzoneClusterImpl.java:lambda$waitForClusterToBeReady$0(224)) - Nodes are ready. Got 3 of 3 DN Heartbeats.
2021-06-07 19:46:04,921 [Listener at 127.0.0.1/44431] INFO  ozone.MiniOzoneClusterImpl (MiniOzoneClusterImpl.java:lambda$waitForClusterToBeReady$0(227)) - Waiting for cluster to exit safe mode
2021-06-07 19:46:04,921 [Listener at 127.0.0.1/44431] INFO  ozone.MiniOzoneClusterImpl (MiniOzoneClusterImpl.java:lambda$waitForClusterToBeReady$0(230)) - SCM became leader
2021-06-07 19:46:05,921 [Listener at 127.0.0.1/44431] INFO  ozone.MiniOzoneClusterImpl (MiniOzoneClusterImpl.java:lambda$waitForClusterToBeReady$0(224)) - Nodes are ready. Got 3 of 3 DN Heartbeats.
2021-06-07 19:46:05,921 [Listener at 127.0.0.1/44431] INFO  ozone.MiniOzoneClusterImpl (MiniOzoneClusterImpl.java:lambda$waitForClusterToBeReady$0(227)) - Waiting for cluster to exit safe mode
2021-06-07 19:46:05,922 [Listener at 127.0.0.1/44431] INFO  ozone.MiniOzoneClusterImpl (MiniOzoneClusterImpl.java:lambda$waitForClusterToBeReady$0(230)) - SCM became leader
2021-06-07 19:46:06,166 [9c0aefb8-820f-4500-982b-3157569b0c8b@group-7CC1EDC876C1-FollowerState] INFO  impl.FollowerState (FollowerState.java:run(134)) - 9c0aefb8-820f-4500-982b-3157569b0c8b@group-7CC1EDC876C1-FollowerState: change to CANDIDATE, lastRpcElapsedTime:5010121222ns, electionTimeout:5005ms
2021-06-07 19:46:06,166 [9c0aefb8-820f-4500-982b-3157569b0c8b@group-7CC1EDC876C1-FollowerState] INFO  impl.RoleInfo (RoleInfo.java:shutdownFollowerState(108)) - 9c0aefb8-820f-4500-982b-3157569b0c8b: shutdown 9c0aefb8-820f-4500-982b-3157569b0c8b@group-7CC1EDC876C1-FollowerState
2021-06-07 19:46:06,166 [9c0aefb8-820f-4500-982b-3157569b0c8b@group-7CC1EDC876C1-FollowerState] INFO  server.RaftServer$Division (RaftServerImpl.java:setRole(284)) - 9c0aefb8-820f-4500-982b-3157569b0c8b@group-7CC1EDC876C1: changes role from  FOLLOWER to CANDIDATE at term 3 for changeToCandidate
2021-06-07 19:46:06,167 [9c0aefb8-820f-4500-982b-3157569b0c8b@group-7CC1EDC876C1-FollowerState] INFO  server.RaftServerConfigKeys (ConfUtils.java:logGet(44)) - raft.server.leaderelection.pre-vote = false (custom)
2021-06-07 19:46:06,167 [9c0aefb8-820f-4500-982b-3157569b0c8b@group-7CC1EDC876C1-FollowerState] INFO  impl.RoleInfo (RoleInfo.java:updateAndGet(130)) - 9c0aefb8-820f-4500-982b-3157569b0c8b: start 9c0aefb8-820f-4500-982b-3157569b0c8b@group-7CC1EDC876C1-LeaderElection10
2021-06-07 19:46:06,169 [9c0aefb8-820f-4500-982b-3157569b0c8b@group-7CC1EDC876C1-LeaderElection10] INFO  impl.LeaderElection (LeaderElection.java:askForVotes(306)) - 9c0aefb8-820f-4500-982b-3157569b0c8b@group-7CC1EDC876C1-LeaderElection10 ELECTION round 0: submit vote requests at term 4 for -1: [0ad07249-b243-4532-8f92-d6393c2ee78d|rpc:10.1.0.60:35737|priority:1, 9c0aefb8-820f-4500-982b-3157569b0c8b|rpc:10.1.0.60:36165|priority:0, 9726e054-ce67-4d1e-af32-3adc5c4699d0|rpc:10.1.0.60:41125|priority:0], old=null
2021-06-07 19:46:06,178 [grpc-default-executor-1] INFO  server.RaftServer$Division (RaftServerImpl.java:requestVote(1042)) - 0ad07249-b243-4532-8f92-d6393c2ee78d@group-7CC1EDC876C1: receive requestVote(ELECTION, 9c0aefb8-820f-4500-982b-3157569b0c8b, group-7CC1EDC876C1, 4, (t:0, i:0))
2021-06-07 19:46:06,178 [grpc-default-executor-1] INFO  impl.VoteContext (VoteContext.java:log(48)) - 0ad07249-b243-4532-8f92-d6393c2ee78d@group-7CC1EDC876C1-FOLLOWER: reject ELECTION from 9c0aefb8-820f-4500-982b-3157569b0c8b: our priority 1 > candidate's priority 0
2021-06-07 19:46:06,178 [grpc-default-executor-1] INFO  server.RaftServer$Division (RaftServerImpl.java:setRole(284)) - 0ad07249-b243-4532-8f92-d6393c2ee78d@group-7CC1EDC876C1: changes role from  FOLLOWER to FOLLOWER at term 4 for candidate:9c0aefb8-820f-4500-982b-3157569b0c8b
2021-06-07 19:46:06,178 [grpc-default-executor-1] INFO  impl.RoleInfo (RoleInfo.java:shutdownFollowerState(108)) - 0ad07249-b243-4532-8f92-d6393c2ee78d: shutdown 0ad07249-b243-4532-8f92-d6393c2ee78d@group-7CC1EDC876C1-FollowerState
2021-06-07 19:46:06,178 [grpc-default-executor-1] INFO  impl.RoleInfo (RoleInfo.java:updateAndGet(130)) - 0ad07249-b243-4532-8f92-d6393c2ee78d: start 0ad07249-b243-4532-8f92-d6393c2ee78d@group-7CC1EDC876C1-FollowerState
2021-06-07 19:46:06,179 [0ad07249-b243-4532-8f92-d6393c2ee78d@group-7CC1EDC876C1-FollowerState] INFO  impl.FollowerState (FollowerState.java:run(143)) - 0ad07249-b243-4532-8f92-d6393c2ee78d@group-7CC1EDC876C1-FollowerState was interrupted: {}
java.lang.InterruptedException: sleep interrupted
	at java.lang.Thread.sleep(Native Method)
	at java.lang.Thread.sleep(Thread.java:340)
	at java.util.concurrent.TimeUnit.sleep(TimeUnit.java:386)
	at org.apache.ratis.util.TimeDuration.sleep(TimeDuration.java:324)
	at org.apache.ratis.util.TimeDuration.sleep(TimeDuration.java:309)
	at org.apache.ratis.server.impl.FollowerState.run(FollowerState.java:118)
2021-06-07 19:46:06,186 [grpc-default-executor-0] INFO  server.RaftServer$Division (RaftServerImpl.java:requestVote(1042)) - 9726e054-ce67-4d1e-af32-3adc5c4699d0@group-7CC1EDC876C1: receive requestVote(ELECTION, 9c0aefb8-820f-4500-982b-3157569b0c8b, group-7CC1EDC876C1, 4, (t:0, i:0))
2021-06-07 19:46:06,186 [grpc-default-executor-0] INFO  impl.VoteContext (VoteContext.java:log(48)) - 9726e054-ce67-4d1e-af32-3adc5c4699d0@group-7CC1EDC876C1-FOLLOWER: accept ELECTION from 9c0aefb8-820f-4500-982b-3157569b0c8b: our priority 0 <= candidate's priority 0
2021-06-07 19:46:06,186 [grpc-default-executor-0] INFO  server.RaftServer$Division (RaftServerImpl.java:setRole(284)) - 9726e054-ce67-4d1e-af32-3adc5c4699d0@group-7CC1EDC876C1: changes role from  FOLLOWER to FOLLOWER at term 4 for candidate:9c0aefb8-820f-4500-982b-3157569b0c8b
2021-06-07 19:46:06,186 [grpc-default-executor-0] INFO  impl.RoleInfo (RoleInfo.java:shutdownFollowerState(108)) - 9726e054-ce67-4d1e-af32-3adc5c4699d0: shutdown 9726e054-ce67-4d1e-af32-3adc5c4699d0@group-7CC1EDC876C1-FollowerState
2021-06-07 19:46:06,186 [grpc-default-executor-0] INFO  impl.RoleInfo (RoleInfo.java:updateAndGet(130)) - 9726e054-ce67-4d1e-af32-3adc5c4699d0: start 9726e054-ce67-4d1e-af32-3adc5c4699d0@group-7CC1EDC876C1-FollowerState
2021-06-07 19:46:06,186 [9726e054-ce67-4d1e-af32-3adc5c4699d0@group-7CC1EDC876C1-FollowerState] INFO  impl.FollowerState (FollowerState.java:run(143)) - 9726e054-ce67-4d1e-af32-3adc5c4699d0@group-7CC1EDC876C1-FollowerState was interrupted: {}
java.lang.InterruptedException: sleep interrupted
	at java.lang.Thread.sleep(Native Method)
	at java.lang.Thread.sleep(Thread.java:340)
	at java.util.concurrent.TimeUnit.sleep(TimeUnit.java:386)
	at org.apache.ratis.util.TimeDuration.sleep(TimeDuration.java:324)
	at org.apache.ratis.util.TimeDuration.sleep(TimeDuration.java:309)
	at org.apache.ratis.server.impl.FollowerState.run(FollowerState.java:118)
2021-06-07 19:46:06,187 [grpc-default-executor-1] INFO  server.RaftServer$Division (RaftServerImpl.java:requestVote(1074)) - 0ad07249-b243-4532-8f92-d6393c2ee78d@group-7CC1EDC876C1 replies to ELECTION vote request: 9c0aefb8-820f-4500-982b-3157569b0c8b<-0ad07249-b243-4532-8f92-d6393c2ee78d#0:FAIL-t4. Peer's state: 0ad07249-b243-4532-8f92-d6393c2ee78d@group-7CC1EDC876C1:t4, leader=null, voted=null, raftlog=0ad07249-b243-4532-8f92-d6393c2ee78d@group-7CC1EDC876C1-SegmentedRaftLog:OPENED:c-1,f-1,i0, conf=-1: [0ad07249-b243-4532-8f92-d6393c2ee78d|rpc:10.1.0.60:35737|priority:1, 9c0aefb8-820f-4500-982b-3157569b0c8b|rpc:10.1.0.60:36165|priority:0, 9726e054-ce67-4d1e-af32-3adc5c4699d0|rpc:10.1.0.60:41125|priority:0], old=null
2021-06-07 19:46:06,189 [grpc-default-executor-0] INFO  server.RaftServer$Division (RaftServerImpl.java:requestVote(1074)) - 9726e054-ce67-4d1e-af32-3adc5c4699d0@group-7CC1EDC876C1 replies to ELECTION vote request: 9c0aefb8-820f-4500-982b-3157569b0c8b<-9726e054-ce67-4d1e-af32-3adc5c4699d0#0:OK-t4. Peer's state: 9726e054-ce67-4d1e-af32-3adc5c4699d0@group-7CC1EDC876C1:t4, leader=null, voted=9c0aefb8-820f-4500-982b-3157569b0c8b, raftlog=9726e054-ce67-4d1e-af32-3adc5c4699d0@group-7CC1EDC876C1-SegmentedRaftLog:OPENED:c-1,f-1,i0, conf=-1: [0ad07249-b243-4532-8f92-d6393c2ee78d|rpc:10.1.0.60:35737|priority:1, 9c0aefb8-820f-4500-982b-3157569b0c8b|rpc:10.1.0.60:36165|priority:0, 9726e054-ce67-4d1e-af32-3adc5c4699d0|rpc:10.1.0.60:41125|priority:0], old=null
2021-06-07 19:46:06,189 [9c0aefb8-820f-4500-982b-3157569b0c8b@group-7CC1EDC876C1-LeaderElection10] INFO  impl.LeaderElection (LeaderElection.java:logAndReturn(89)) - 9c0aefb8-820f-4500-982b-3157569b0c8b@group-7CC1EDC876C1-LeaderElection10: ELECTION REJECTED received 1 response(s) and 0 exception(s):
2021-06-07 19:46:06,193 [9c0aefb8-820f-4500-982b-3157569b0c8b@group-7CC1EDC876C1-LeaderElection10] INFO  impl.LeaderElection (LeaderElection.java:logAndReturn(93)) -   Response 0: 9c0aefb8-820f-4500-982b-3157569b0c8b<-0ad07249-b243-4532-8f92-d6393c2ee78d#0:FAIL-t4
2021-06-07 19:46:06,193 [9c0aefb8-820f-4500-982b-3157569b0c8b@group-7CC1EDC876C1-LeaderElection10] INFO  impl.LeaderElection (LeaderElection.java:askForVotes(308)) - 9c0aefb8-820f-4500-982b-3157569b0c8b@group-7CC1EDC876C1-LeaderElection10 ELECTION round 0: result REJECTED
2021-06-07 19:46:06,193 [9c0aefb8-820f-4500-982b-3157569b0c8b@group-7CC1EDC876C1-LeaderElection10] INFO  server.RaftServer$Division (RaftServerImpl.java:setRole(284)) - 9c0aefb8-820f-4500-982b-3157569b0c8b@group-7CC1EDC876C1: changes role from CANDIDATE to FOLLOWER at term 4 for REJECTED
2021-06-07 19:46:06,193 [9c0aefb8-820f-4500-982b-3157569b0c8b@group-7CC1EDC876C1-LeaderElection10] INFO  impl.RoleInfo (RoleInfo.java:shutdownLeaderElection(121)) - 9c0aefb8-820f-4500-982b-3157569b0c8b: shutdown 9c0aefb8-820f-4500-982b-3157569b0c8b@group-7CC1EDC876C1-LeaderElection10
2021-06-07 19:46:06,193 [9c0aefb8-820f-4500-982b-3157569b0c8b@group-7CC1EDC876C1-LeaderElection10] INFO  impl.RoleInfo (RoleInfo.java:updateAndGet(130)) - 9c0aefb8-820f-4500-982b-3157569b0c8b: start 9c0aefb8-820f-4500-982b-3157569b0c8b@group-7CC1EDC876C1-FollowerState
2021-06-07 19:46:06,922 [Listener at 127.0.0.1/44431] INFO  ozone.MiniOzoneClusterImpl (MiniOzoneClusterImpl.java:lambda$waitForClusterToBeReady$0(224)) - Nodes are ready. Got 3 of 3 DN Heartbeats.
2021-06-07 19:46:06,923 [Listener at 127.0.0.1/44431] INFO  ozone.MiniOzoneClusterImpl (MiniOzoneClusterImpl.java:lambda$waitForClusterToBeReady$0(227)) - Waiting for cluster to exit safe mode
2021-06-07 19:46:06,923 [Listener at 127.0.0.1/44431] INFO  ozone.MiniOzoneClusterImpl (MiniOzoneClusterImpl.java:lambda$waitForClusterToBeReady$0(230)) - SCM became leader
2021-06-07 19:46:07,923 [Listener at 127.0.0.1/44431] INFO  ozone.MiniOzoneClusterImpl (MiniOzoneClusterImpl.java:lambda$waitForClusterToBeReady$0(224)) - Nodes are ready. Got 3 of 3 DN Heartbeats.
2021-06-07 19:46:07,923 [Listener at 127.0.0.1/44431] INFO  ozone.MiniOzoneClusterImpl (MiniOzoneClusterImpl.java:lambda$waitForClusterToBeReady$0(227)) - Waiting for cluster to exit safe mode
2021-06-07 19:46:07,923 [Listener at 127.0.0.1/44431] INFO  ozone.MiniOzoneClusterImpl (MiniOzoneClusterImpl.java:lambda$waitForClusterToBeReady$0(230)) - SCM became leader
2021-06-07 19:46:08,924 [Listener at 127.0.0.1/44431] INFO  ozone.MiniOzoneClusterImpl (MiniOzoneClusterImpl.java:lambda$waitForClusterToBeReady$0(224)) - Nodes are ready. Got 3 of 3 DN Heartbeats.
2021-06-07 19:46:08,924 [Listener at 127.0.0.1/44431] INFO  ozone.MiniOzoneClusterImpl (MiniOzoneClusterImpl.java:lambda$waitForClusterToBeReady$0(227)) - Waiting for cluster to exit safe mode
2021-06-07 19:46:08,924 [Listener at 127.0.0.1/44431] INFO  ozone.MiniOzoneClusterImpl (MiniOzoneClusterImpl.java:lambda$waitForClusterToBeReady$0(230)) - SCM became leader
2021-06-07 19:46:09,924 [Listener at 127.0.0.1/44431] INFO  ozone.MiniOzoneClusterImpl (MiniOzoneClusterImpl.java:lambda$waitForClusterToBeReady$0(224)) - Nodes are ready. Got 3 of 3 DN Heartbeats.
2021-06-07 19:46:09,924 [Listener at 127.0.0.1/44431] INFO  ozone.MiniOzoneClusterImpl (MiniOzoneClusterImpl.java:lambda$waitForClusterToBeReady$0(227)) - Waiting for cluster to exit safe mode
2021-06-07 19:46:09,924 [Listener at 127.0.0.1/44431] INFO  ozone.MiniOzoneClusterImpl (MiniOzoneClusterImpl.java:lambda$waitForClusterToBeReady$0(230)) - SCM became leader
2021-06-07 19:46:10,925 [Listener at 127.0.0.1/44431] INFO  ozone.MiniOzoneClusterImpl (MiniOzoneClusterImpl.java:lambda$waitForClusterToBeReady$0(224)) - Nodes are ready. Got 3 of 3 DN Heartbeats.
2021-06-07 19:46:10,925 [Listener at 127.0.0.1/44431] INFO  ozone.MiniOzoneClusterImpl (MiniOzoneClusterImpl.java:lambda$waitForClusterToBeReady$0(227)) - Waiting for cluster to exit safe mode
2021-06-07 19:46:10,925 [Listener at 127.0.0.1/44431] INFO  ozone.MiniOzoneClusterImpl (MiniOzoneClusterImpl.java:lambda$waitForClusterToBeReady$0(230)) - SCM became leader
2021-06-07 19:46:11,234 [9726e054-ce67-4d1e-af32-3adc5c4699d0@group-7CC1EDC876C1-FollowerState] INFO  impl.FollowerState (FollowerState.java:run(134)) - 9726e054-ce67-4d1e-af32-3adc5c4699d0@group-7CC1EDC876C1-FollowerState: change to CANDIDATE, lastRpcElapsedTime:5045605180ns, electionTimeout:5045ms
2021-06-07 19:46:11,235 [9726e054-ce67-4d1e-af32-3adc5c4699d0@group-7CC1EDC876C1-FollowerState] INFO  impl.RoleInfo (RoleInfo.java:shutdownFollowerState(108)) - 9726e054-ce67-4d1e-af32-3adc5c4699d0: shutdown 9726e054-ce67-4d1e-af32-3adc5c4699d0@group-7CC1EDC876C1-FollowerState
2021-06-07 19:46:11,235 [9726e054-ce67-4d1e-af32-3adc5c4699d0@group-7CC1EDC876C1-FollowerState] INFO  server.RaftServer$Division (RaftServerImpl.java:setRole(284)) - 9726e054-ce67-4d1e-af32-3adc5c4699d0@group-7CC1EDC876C1: changes role from  FOLLOWER to CANDIDATE at term 4 for changeToCandidate
2021-06-07 19:46:11,235 [9726e054-ce67-4d1e-af32-3adc5c4699d0@group-7CC1EDC876C1-FollowerState] INFO  server.RaftServerConfigKeys (ConfUtils.java:logGet(44)) - raft.server.leaderelection.pre-vote = false (custom)
2021-06-07 19:46:11,235 [9726e054-ce67-4d1e-af32-3adc5c4699d0@group-7CC1EDC876C1-FollowerState] INFO  impl.RoleInfo (RoleInfo.java:updateAndGet(130)) - 9726e054-ce67-4d1e-af32-3adc5c4699d0: start 9726e054-ce67-4d1e-af32-3adc5c4699d0@group-7CC1EDC876C1-LeaderElection11
2021-06-07 19:46:11,238 [9726e054-ce67-4d1e-af32-3adc5c4699d0@group-7CC1EDC876C1-LeaderElection11] INFO  impl.LeaderElection (LeaderElection.java:askForVotes(306)) - 9726e054-ce67-4d1e-af32-3adc5c4699d0@group-7CC1EDC876C1-LeaderElection11 ELECTION round 0: submit vote requests at term 5 for -1: [0ad07249-b243-4532-8f92-d6393c2ee78d|rpc:10.1.0.60:35737|priority:1, 9c0aefb8-820f-4500-982b-3157569b0c8b|rpc:10.1.0.60:36165|priority:0, 9726e054-ce67-4d1e-af32-3adc5c4699d0|rpc:10.1.0.60:41125|priority:0], old=null
2021-06-07 19:46:11,249 [9c0aefb8-820f-4500-982b-3157569b0c8b@group-7CC1EDC876C1-FollowerState] INFO  impl.FollowerState (FollowerState.java:run(134)) - 9c0aefb8-820f-4500-982b-3157569b0c8b@group-7CC1EDC876C1-FollowerState: change to CANDIDATE, lastRpcElapsedTime:5056435667ns, electionTimeout:5055ms
2021-06-07 19:46:11,250 [9c0aefb8-820f-4500-982b-3157569b0c8b@group-7CC1EDC876C1-FollowerState] INFO  impl.RoleInfo (RoleInfo.java:shutdownFollowerState(108)) - 9c0aefb8-820f-4500-982b-3157569b0c8b: shutdown 9c0aefb8-820f-4500-982b-3157569b0c8b@group-7CC1EDC876C1-FollowerState
2021-06-07 19:46:11,250 [9c0aefb8-820f-4500-982b-3157569b0c8b@group-7CC1EDC876C1-FollowerState] INFO  server.RaftServer$Division (RaftServerImpl.java:setRole(284)) - 9c0aefb8-820f-4500-982b-3157569b0c8b@group-7CC1EDC876C1: changes role from  FOLLOWER to CANDIDATE at term 4 for changeToCandidate
2021-06-07 19:46:11,250 [9c0aefb8-820f-4500-982b-3157569b0c8b@group-7CC1EDC876C1-FollowerState] INFO  server.RaftServerConfigKeys (ConfUtils.java:logGet(44)) - raft.server.leaderelection.pre-vote = false (custom)
2021-06-07 19:46:11,250 [9c0aefb8-820f-4500-982b-3157569b0c8b@group-7CC1EDC876C1-FollowerState] INFO  impl.RoleInfo (RoleInfo.java:updateAndGet(130)) - 9c0aefb8-820f-4500-982b-3157569b0c8b: start 9c0aefb8-820f-4500-982b-3157569b0c8b@group-7CC1EDC876C1-LeaderElection12
2021-06-07 19:46:11,251 [0ad07249-b243-4532-8f92-d6393c2ee78d@group-7CC1EDC876C1-FollowerState] INFO  impl.FollowerState (FollowerState.java:run(134)) - 0ad07249-b243-4532-8f92-d6393c2ee78d@group-7CC1EDC876C1-FollowerState: change to CANDIDATE, lastRpcElapsedTime:5072805798ns, electionTimeout:5065ms
2021-06-07 19:46:11,251 [0ad07249-b243-4532-8f92-d6393c2ee78d@group-7CC1EDC876C1-FollowerState] INFO  impl.RoleInfo (RoleInfo.java:shutdownFollowerState(108)) - 0ad07249-b243-4532-8f92-d6393c2ee78d: shutdown 0ad07249-b243-4532-8f92-d6393c2ee78d@group-7CC1EDC876C1-FollowerState
2021-06-07 19:46:11,251 [0ad07249-b243-4532-8f92-d6393c2ee78d@group-7CC1EDC876C1-FollowerState] INFO  server.RaftServer$Division (RaftServerImpl.java:setRole(284)) - 0ad07249-b243-4532-8f92-d6393c2ee78d@group-7CC1EDC876C1: changes role from  FOLLOWER to CANDIDATE at term 4 for changeToCandidate
2021-06-07 19:46:11,252 [0ad07249-b243-4532-8f92-d6393c2ee78d@group-7CC1EDC876C1-FollowerState] INFO  server.RaftServerConfigKeys (ConfUtils.java:logGet(44)) - raft.server.leaderelection.pre-vote = false (custom)
2021-06-07 19:46:11,252 [0ad07249-b243-4532-8f92-d6393c2ee78d@group-7CC1EDC876C1-FollowerState] INFO  impl.RoleInfo (RoleInfo.java:updateAndGet(130)) - 0ad07249-b243-4532-8f92-d6393c2ee78d: start 0ad07249-b243-4532-8f92-d6393c2ee78d@group-7CC1EDC876C1-LeaderElection13
2021-06-07 19:46:11,256 [grpc-default-executor-0] INFO  server.RaftServer$Division (RaftServerImpl.java:requestVote(1042)) - 0ad07249-b243-4532-8f92-d6393c2ee78d@group-7CC1EDC876C1: receive requestVote(ELECTION, 9726e054-ce67-4d1e-af32-3adc5c4699d0, group-7CC1EDC876C1, 5, (t:0, i:0))
2021-06-07 19:46:11,257 [grpc-default-executor-1] INFO  server.RaftServer$Division (RaftServerImpl.java:requestVote(1042)) - 9c0aefb8-820f-4500-982b-3157569b0c8b@group-7CC1EDC876C1: receive requestVote(ELECTION, 9726e054-ce67-4d1e-af32-3adc5c4699d0, group-7CC1EDC876C1, 5, (t:0, i:0))
2021-06-07 19:46:11,257 [9c0aefb8-820f-4500-982b-3157569b0c8b@group-7CC1EDC876C1-LeaderElection12] INFO  impl.LeaderElection (LeaderElection.java:askForVotes(306)) - 9c0aefb8-820f-4500-982b-3157569b0c8b@group-7CC1EDC876C1-LeaderElection12 ELECTION round 0: submit vote requests at term 5 for -1: [0ad07249-b243-4532-8f92-d6393c2ee78d|rpc:10.1.0.60:35737|priority:1, 9c0aefb8-820f-4500-982b-3157569b0c8b|rpc:10.1.0.60:36165|priority:0, 9726e054-ce67-4d1e-af32-3adc5c4699d0|rpc:10.1.0.60:41125|priority:0], old=null
2021-06-07 19:46:11,257 [grpc-default-executor-1] INFO  impl.VoteContext (VoteContext.java:log(48)) - 9c0aefb8-820f-4500-982b-3157569b0c8b@group-7CC1EDC876C1-CANDIDATE: reject ELECTION from 9726e054-ce67-4d1e-af32-3adc5c4699d0: already has voted for 9c0aefb8-820f-4500-982b-3157569b0c8b at current term 5
2021-06-07 19:46:11,257 [grpc-default-executor-1] INFO  server.RaftServer$Division (RaftServerImpl.java:requestVote(1074)) - 9c0aefb8-820f-4500-982b-3157569b0c8b@group-7CC1EDC876C1 replies to ELECTION vote request: 9726e054-ce67-4d1e-af32-3adc5c4699d0<-9c0aefb8-820f-4500-982b-3157569b0c8b#0:FAIL-t5. Peer's state: 9c0aefb8-820f-4500-982b-3157569b0c8b@group-7CC1EDC876C1:t5, leader=null, voted=9c0aefb8-820f-4500-982b-3157569b0c8b, raftlog=9c0aefb8-820f-4500-982b-3157569b0c8b@group-7CC1EDC876C1-SegmentedRaftLog:OPENED:c-1,f-1,i0, conf=-1: [0ad07249-b243-4532-8f92-d6393c2ee78d|rpc:10.1.0.60:35737|priority:1, 9c0aefb8-820f-4500-982b-3157569b0c8b|rpc:10.1.0.60:36165|priority:0, 9726e054-ce67-4d1e-af32-3adc5c4699d0|rpc:10.1.0.60:41125|priority:0], old=null
2021-06-07 19:46:11,258 [0ad07249-b243-4532-8f92-d6393c2ee78d@group-7CC1EDC876C1-LeaderElection13] INFO  impl.LeaderElection (LeaderElection.java:askForVotes(306)) - 0ad07249-b243-4532-8f92-d6393c2ee78d@group-7CC1EDC876C1-LeaderElection13 ELECTION round 0: submit vote requests at term 5 for -1: [0ad07249-b243-4532-8f92-d6393c2ee78d|rpc:10.1.0.60:35737|priority:1, 9c0aefb8-820f-4500-982b-3157569b0c8b|rpc:10.1.0.60:36165|priority:0, 9726e054-ce67-4d1e-af32-3adc5c4699d0|rpc:10.1.0.60:41125|priority:0], old=null
2021-06-07 19:46:11,260 [grpc-default-executor-0] INFO  impl.VoteContext (VoteContext.java:log(48)) - 0ad07249-b243-4532-8f92-d6393c2ee78d@group-7CC1EDC876C1-CANDIDATE: reject ELECTION from 9726e054-ce67-4d1e-af32-3adc5c4699d0: already has voted for 0ad07249-b243-4532-8f92-d6393c2ee78d at current term 5
2021-06-07 19:46:11,266 [grpc-default-executor-0] INFO  server.RaftServer$Division (RaftServerImpl.java:requestVote(1074)) - 0ad07249-b243-4532-8f92-d6393c2ee78d@group-7CC1EDC876C1 replies to ELECTION vote request: 9726e054-ce67-4d1e-af32-3adc5c4699d0<-0ad07249-b243-4532-8f92-d6393c2ee78d#0:FAIL-t5. Peer's state: 0ad07249-b243-4532-8f92-d6393c2ee78d@group-7CC1EDC876C1:t5, leader=null, voted=0ad07249-b243-4532-8f92-d6393c2ee78d, raftlog=0ad07249-b243-4532-8f92-d6393c2ee78d@group-7CC1EDC876C1-SegmentedRaftLog:OPENED:c-1,f-1,i0, conf=-1: [0ad07249-b243-4532-8f92-d6393c2ee78d|rpc:10.1.0.60:35737|priority:1, 9c0aefb8-820f-4500-982b-3157569b0c8b|rpc:10.1.0.60:36165|priority:0, 9726e054-ce67-4d1e-af32-3adc5c4699d0|rpc:10.1.0.60:41125|priority:0], old=null
2021-06-07 19:46:11,267 [grpc-default-executor-2] INFO  server.RaftServer$Division (RaftServerImpl.java:requestVote(1042)) - 0ad07249-b243-4532-8f92-d6393c2ee78d@group-7CC1EDC876C1: receive requestVote(ELECTION, 9c0aefb8-820f-4500-982b-3157569b0c8b, group-7CC1EDC876C1, 5, (t:0, i:0))
2021-06-07 19:46:11,267 [grpc-default-executor-2] INFO  impl.VoteContext (VoteContext.java:log(48)) - 0ad07249-b243-4532-8f92-d6393c2ee78d@group-7CC1EDC876C1-CANDIDATE: reject ELECTION from 9c0aefb8-820f-4500-982b-3157569b0c8b: already has voted for 0ad07249-b243-4532-8f92-d6393c2ee78d at current term 5
2021-06-07 19:46:11,267 [grpc-default-executor-2] INFO  server.RaftServer$Division (RaftServerImpl.java:requestVote(1074)) - 0ad07249-b243-4532-8f92-d6393c2ee78d@group-7CC1EDC876C1 replies to ELECTION vote request: 9c0aefb8-820f-4500-982b-3157569b0c8b<-0ad07249-b243-4532-8f92-d6393c2ee78d#0:FAIL-t5. Peer's state: 0ad07249-b243-4532-8f92-d6393c2ee78d@group-7CC1EDC876C1:t5, leader=null, voted=0ad07249-b243-4532-8f92-d6393c2ee78d, raftlog=0ad07249-b243-4532-8f92-d6393c2ee78d@group-7CC1EDC876C1-SegmentedRaftLog:OPENED:c-1,f-1,i0, conf=-1: [0ad07249-b243-4532-8f92-d6393c2ee78d|rpc:10.1.0.60:35737|priority:1, 9c0aefb8-820f-4500-982b-3157569b0c8b|rpc:10.1.0.60:36165|priority:0, 9726e054-ce67-4d1e-af32-3adc5c4699d0|rpc:10.1.0.60:41125|priority:0], old=null
2021-06-07 19:46:11,270 [grpc-default-executor-3] INFO  server.RaftServer$Division (RaftServerImpl.java:requestVote(1042)) - 9726e054-ce67-4d1e-af32-3adc5c4699d0@group-7CC1EDC876C1: receive requestVote(ELECTION, 9c0aefb8-820f-4500-982b-3157569b0c8b, group-7CC1EDC876C1, 5, (t:0, i:0))
2021-06-07 19:46:11,278 [grpc-default-executor-0] INFO  server.RaftServer$Division (RaftServerImpl.java:requestVote(1042)) - 9c0aefb8-820f-4500-982b-3157569b0c8b@group-7CC1EDC876C1: receive requestVote(ELECTION, 0ad07249-b243-4532-8f92-d6393c2ee78d, group-7CC1EDC876C1, 5, (t:0, i:0))
2021-06-07 19:46:11,280 [grpc-default-executor-0] INFO  impl.VoteContext (VoteContext.java:log(48)) - 9c0aefb8-820f-4500-982b-3157569b0c8b@group-7CC1EDC876C1-CANDIDATE: reject ELECTION from 0ad07249-b243-4532-8f92-d6393c2ee78d: already has voted for 9c0aefb8-820f-4500-982b-3157569b0c8b at current term 5
2021-06-07 19:46:11,280 [grpc-default-executor-0] INFO  server.RaftServer$Division (RaftServerImpl.java:requestVote(1074)) - 9c0aefb8-820f-4500-982b-3157569b0c8b@group-7CC1EDC876C1 replies to ELECTION vote request: 0ad07249-b243-4532-8f92-d6393c2ee78d<-9c0aefb8-820f-4500-982b-3157569b0c8b#0:FAIL-t5. Peer's state: 9c0aefb8-820f-4500-982b-3157569b0c8b@group-7CC1EDC876C1:t5, leader=null, voted=9c0aefb8-820f-4500-982b-3157569b0c8b, raftlog=9c0aefb8-820f-4500-982b-3157569b0c8b@group-7CC1EDC876C1-SegmentedRaftLog:OPENED:c-1,f-1,i0, conf=-1: [0ad07249-b243-4532-8f92-d6393c2ee78d|rpc:10.1.0.60:35737|priority:1, 9c0aefb8-820f-4500-982b-3157569b0c8b|rpc:10.1.0.60:36165|priority:0, 9726e054-ce67-4d1e-af32-3adc5c4699d0|rpc:10.1.0.60:41125|priority:0], old=null
2021-06-07 19:46:11,281 [grpc-default-executor-2] INFO  server.RaftServer$Division (RaftServerImpl.java:requestVote(1042)) - 9726e054-ce67-4d1e-af32-3adc5c4699d0@group-7CC1EDC876C1: receive requestVote(ELECTION, 0ad07249-b243-4532-8f92-d6393c2ee78d, group-7CC1EDC876C1, 5, (t:0, i:0))
2021-06-07 19:46:11,275 [9c0aefb8-820f-4500-982b-3157569b0c8b@group-7CC1EDC876C1-LeaderElection12] INFO  impl.LeaderElection (LeaderElection.java:logAndReturn(89)) - 9c0aefb8-820f-4500-982b-3157569b0c8b@group-7CC1EDC876C1-LeaderElection12: ELECTION REJECTED received 1 response(s) and 0 exception(s):
2021-06-07 19:46:11,282 [9c0aefb8-820f-4500-982b-3157569b0c8b@group-7CC1EDC876C1-LeaderElection12] INFO  impl.LeaderElection (LeaderElection.java:logAndReturn(93)) -   Response 0: 9c0aefb8-820f-4500-982b-3157569b0c8b<-0ad07249-b243-4532-8f92-d6393c2ee78d#0:FAIL-t5
2021-06-07 19:46:11,271 [9726e054-ce67-4d1e-af32-3adc5c4699d0@group-7CC1EDC876C1-LeaderElection11] INFO  impl.LeaderElection (LeaderElection.java:logAndReturn(89)) - 9726e054-ce67-4d1e-af32-3adc5c4699d0@group-7CC1EDC876C1-LeaderElection11: ELECTION REJECTED received 2 response(s) and 0 exception(s):
2021-06-07 19:46:11,282 [9726e054-ce67-4d1e-af32-3adc5c4699d0@group-7CC1EDC876C1-LeaderElection11] INFO  impl.LeaderElection (LeaderElection.java:logAndReturn(93)) -   Response 0: 9726e054-ce67-4d1e-af32-3adc5c4699d0<-0ad07249-b243-4532-8f92-d6393c2ee78d#0:FAIL-t5
2021-06-07 19:46:11,282 [9726e054-ce67-4d1e-af32-3adc5c4699d0@group-7CC1EDC876C1-LeaderElection11] INFO  impl.LeaderElection (LeaderElection.java:logAndReturn(93)) -   Response 1: 9726e054-ce67-4d1e-af32-3adc5c4699d0<-9c0aefb8-820f-4500-982b-3157569b0c8b#0:FAIL-t5
2021-06-07 19:46:11,283 [9726e054-ce67-4d1e-af32-3adc5c4699d0@group-7CC1EDC876C1-LeaderElection11] INFO  impl.LeaderElection (LeaderElection.java:askForVotes(308)) - 9726e054-ce67-4d1e-af32-3adc5c4699d0@group-7CC1EDC876C1-LeaderElection11 ELECTION round 0: result REJECTED
2021-06-07 19:46:11,282 [9c0aefb8-820f-4500-982b-3157569b0c8b@group-7CC1EDC876C1-LeaderElection12] INFO  impl.LeaderElection (LeaderElection.java:askForVotes(308)) - 9c0aefb8-820f-4500-982b-3157569b0c8b@group-7CC1EDC876C1-LeaderElection12 ELECTION round 0: result REJECTED
2021-06-07 19:46:11,283 [9c0aefb8-820f-4500-982b-3157569b0c8b@group-7CC1EDC876C1-LeaderElection12] INFO  server.RaftServer$Division (RaftServerImpl.java:setRole(284)) - 9c0aefb8-820f-4500-982b-3157569b0c8b@group-7CC1EDC876C1: changes role from CANDIDATE to FOLLOWER at term 5 for REJECTED
2021-06-07 19:46:11,283 [9c0aefb8-820f-4500-982b-3157569b0c8b@group-7CC1EDC876C1-LeaderElection12] INFO  impl.RoleInfo (RoleInfo.java:shutdownLeaderElection(121)) - 9c0aefb8-820f-4500-982b-3157569b0c8b: shutdown 9c0aefb8-820f-4500-982b-3157569b0c8b@group-7CC1EDC876C1-LeaderElection12
2021-06-07 19:46:11,283 [9c0aefb8-820f-4500-982b-3157569b0c8b@group-7CC1EDC876C1-LeaderElection12] INFO  impl.RoleInfo (RoleInfo.java:updateAndGet(130)) - 9c0aefb8-820f-4500-982b-3157569b0c8b: start 9c0aefb8-820f-4500-982b-3157569b0c8b@group-7CC1EDC876C1-FollowerState
2021-06-07 19:46:11,279 [grpc-default-executor-3] INFO  impl.VoteContext (VoteContext.java:log(48)) - 9726e054-ce67-4d1e-af32-3adc5c4699d0@group-7CC1EDC876C1-CANDIDATE: reject ELECTION from 9c0aefb8-820f-4500-982b-3157569b0c8b: already has voted for 9726e054-ce67-4d1e-af32-3adc5c4699d0 at current term 5
2021-06-07 19:46:11,287 [grpc-default-executor-3] INFO  server.RaftServer$Division (RaftServerImpl.java:requestVote(1074)) - 9726e054-ce67-4d1e-af32-3adc5c4699d0@group-7CC1EDC876C1 replies to ELECTION vote request: 9c0aefb8-820f-4500-982b-3157569b0c8b<-9726e054-ce67-4d1e-af32-3adc5c4699d0#0:FAIL-t5. Peer's state: 9726e054-ce67-4d1e-af32-3adc5c4699d0@group-7CC1EDC876C1:t5, leader=null, voted=9726e054-ce67-4d1e-af32-3adc5c4699d0, raftlog=9726e054-ce67-4d1e-af32-3adc5c4699d0@group-7CC1EDC876C1-SegmentedRaftLog:OPENED:c-1,f-1,i0, conf=-1: [0ad07249-b243-4532-8f92-d6393c2ee78d|rpc:10.1.0.60:35737|priority:1, 9c0aefb8-820f-4500-982b-3157569b0c8b|rpc:10.1.0.60:36165|priority:0, 9726e054-ce67-4d1e-af32-3adc5c4699d0|rpc:10.1.0.60:41125|priority:0], old=null
2021-06-07 19:46:11,287 [9726e054-ce67-4d1e-af32-3adc5c4699d0@group-7CC1EDC876C1-LeaderElection11] INFO  server.RaftServer$Division (RaftServerImpl.java:setRole(284)) - 9726e054-ce67-4d1e-af32-3adc5c4699d0@group-7CC1EDC876C1: changes role from CANDIDATE to FOLLOWER at term 5 for REJECTED
2021-06-07 19:46:11,287 [9726e054-ce67-4d1e-af32-3adc5c4699d0@group-7CC1EDC876C1-LeaderElection11] INFO  impl.RoleInfo (RoleInfo.java:shutdownLeaderElection(121)) - 9726e054-ce67-4d1e-af32-3adc5c4699d0: shutdown 9726e054-ce67-4d1e-af32-3adc5c4699d0@group-7CC1EDC876C1-LeaderElection11
2021-06-07 19:46:11,287 [9726e054-ce67-4d1e-af32-3adc5c4699d0@group-7CC1EDC876C1-LeaderElection11] INFO  impl.RoleInfo (RoleInfo.java:updateAndGet(130)) - 9726e054-ce67-4d1e-af32-3adc5c4699d0: start 9726e054-ce67-4d1e-af32-3adc5c4699d0@group-7CC1EDC876C1-FollowerState
2021-06-07 19:46:11,287 [grpc-default-executor-2] INFO  impl.VoteContext (VoteContext.java:log(48)) - 9726e054-ce67-4d1e-af32-3adc5c4699d0@group-7CC1EDC876C1-FOLLOWER: reject ELECTION from 0ad07249-b243-4532-8f92-d6393c2ee78d: already has voted for 9726e054-ce67-4d1e-af32-3adc5c4699d0 at current term 5
2021-06-07 19:46:11,290 [grpc-default-executor-2] INFO  server.RaftServer$Division (RaftServerImpl.java:requestVote(1074)) - 9726e054-ce67-4d1e-af32-3adc5c4699d0@group-7CC1EDC876C1 replies to ELECTION vote request: 0ad07249-b243-4532-8f92-d6393c2ee78d<-9726e054-ce67-4d1e-af32-3adc5c4699d0#0:FAIL-t5. Peer's state: 9726e054-ce67-4d1e-af32-3adc5c4699d0@group-7CC1EDC876C1:t5, leader=null, voted=9726e054-ce67-4d1e-af32-3adc5c4699d0, raftlog=9726e054-ce67-4d1e-af32-3adc5c4699d0@group-7CC1EDC876C1-SegmentedRaftLog:OPENED:c-1,f-1,i0, conf=-1: [0ad07249-b243-4532-8f92-d6393c2ee78d|rpc:10.1.0.60:35737|priority:1, 9c0aefb8-820f-4500-982b-3157569b0c8b|rpc:10.1.0.60:36165|priority:0, 9726e054-ce67-4d1e-af32-3adc5c4699d0|rpc:10.1.0.60:41125|priority:0], old=null
2021-06-07 19:46:11,295 [0ad07249-b243-4532-8f92-d6393c2ee78d@group-7CC1EDC876C1-LeaderElection13] INFO  impl.LeaderElection (LeaderElection.java:logAndReturn(89)) - 0ad07249-b243-4532-8f92-d6393c2ee78d@group-7CC1EDC876C1-LeaderElection13: ELECTION REJECTED received 2 response(s) and 0 exception(s):
2021-06-07 19:46:11,295 [0ad07249-b243-4532-8f92-d6393c2ee78d@group-7CC1EDC876C1-LeaderElection13] INFO  impl.LeaderElection (LeaderElection.java:logAndReturn(93)) -   Response 0: 0ad07249-b243-4532-8f92-d6393c2ee78d<-9c0aefb8-820f-4500-982b-3157569b0c8b#0:FAIL-t5
2021-06-07 19:46:11,295 [0ad07249-b243-4532-8f92-d6393c2ee78d@group-7CC1EDC876C1-LeaderElection13] INFO  impl.LeaderElection (LeaderElection.java:logAndReturn(93)) -   Response 1: 0ad07249-b243-4532-8f92-d6393c2ee78d<-9726e054-ce67-4d1e-af32-3adc5c4699d0#0:FAIL-t5
2021-06-07 19:46:11,295 [0ad07249-b243-4532-8f92-d6393c2ee78d@group-7CC1EDC876C1-LeaderElection13] INFO  impl.LeaderElection (LeaderElection.java:askForVotes(308)) - 0ad07249-b243-4532-8f92-d6393c2ee78d@group-7CC1EDC876C1-LeaderElection13 ELECTION round 0: result REJECTED
2021-06-07 19:46:11,296 [0ad07249-b243-4532-8f92-d6393c2ee78d@group-7CC1EDC876C1-LeaderElection13] INFO  server.RaftServer$Division (RaftServerImpl.java:setRole(284)) - 0ad07249-b243-4532-8f92-d6393c2ee78d@group-7CC1EDC876C1: changes role from CANDIDATE to FOLLOWER at term 5 for REJECTED
2021-06-07 19:46:11,296 [0ad07249-b243-4532-8f92-d6393c2ee78d@group-7CC1EDC876C1-LeaderElection13] INFO  impl.RoleInfo (RoleInfo.java:shutdownLeaderElection(121)) - 0ad07249-b243-4532-8f92-d6393c2ee78d: shutdown 0ad07249-b243-4532-8f92-d6393c2ee78d@group-7CC1EDC876C1-LeaderElection13
2021-06-07 19:46:11,296 [0ad07249-b243-4532-8f92-d6393c2ee78d@group-7CC1EDC876C1-LeaderElection13] INFO  impl.RoleInfo (RoleInfo.java:updateAndGet(130)) - 0ad07249-b243-4532-8f92-d6393c2ee78d: start 0ad07249-b243-4532-8f92-d6393c2ee78d@group-7CC1EDC876C1-FollowerState
2021-06-07 19:46:11,925 [Listener at 127.0.0.1/44431] INFO  ozone.MiniOzoneClusterImpl (MiniOzoneClusterImpl.java:lambda$waitForClusterToBeReady$0(224)) - Nodes are ready. Got 3 of 3 DN Heartbeats.
2021-06-07 19:46:11,926 [Listener at 127.0.0.1/44431] INFO  ozone.MiniOzoneClusterImpl (MiniOzoneClusterImpl.java:lambda$waitForClusterToBeReady$0(227)) - Waiting for cluster to exit safe mode
2021-06-07 19:46:11,926 [Listener at 127.0.0.1/44431] INFO  ozone.MiniOzoneClusterImpl (MiniOzoneClusterImpl.java:lambda$waitForClusterToBeReady$0(230)) - SCM became leader
2021-06-07 19:46:12,926 [Listener at 127.0.0.1/44431] INFO  ozone.MiniOzoneClusterImpl (MiniOzoneClusterImpl.java:lambda$waitForClusterToBeReady$0(224)) - Nodes are ready. Got 3 of 3 DN Heartbeats.
2021-06-07 19:46:12,927 [Listener at 127.0.0.1/44431] INFO  ozone.MiniOzoneClusterImpl (MiniOzoneClusterImpl.java:lambda$waitForClusterToBeReady$0(227)) - Waiting for cluster to exit safe mode
2021-06-07 19:46:12,927 [Listener at 127.0.0.1/44431] INFO  ozone.MiniOzoneClusterImpl (MiniOzoneClusterImpl.java:lambda$waitForClusterToBeReady$0(230)) - SCM became leader
2021-06-07 19:46:13,927 [Listener at 127.0.0.1/44431] INFO  ozone.MiniOzoneClusterImpl (MiniOzoneClusterImpl.java:lambda$waitForClusterToBeReady$0(224)) - Nodes are ready. Got 3 of 3 DN Heartbeats.
2021-06-07 19:46:13,927 [Listener at 127.0.0.1/44431] INFO  ozone.MiniOzoneClusterImpl (MiniOzoneClusterImpl.java:lambda$waitForClusterToBeReady$0(227)) - Waiting for cluster to exit safe mode
2021-06-07 19:46:13,927 [Listener at 127.0.0.1/44431] INFO  ozone.MiniOzoneClusterImpl (MiniOzoneClusterImpl.java:lambda$waitForClusterToBeReady$0(230)) - SCM became leader
2021-06-07 19:46:14,927 [Listener at 127.0.0.1/44431] INFO  ozone.MiniOzoneClusterImpl (MiniOzoneClusterImpl.java:lambda$waitForClusterToBeReady$0(224)) - Nodes are ready. Got 3 of 3 DN Heartbeats.
2021-06-07 19:46:14,928 [Listener at 127.0.0.1/44431] INFO  ozone.MiniOzoneClusterImpl (MiniOzoneClusterImpl.java:lambda$waitForClusterToBeReady$0(227)) - Waiting for cluster to exit safe mode
2021-06-07 19:46:14,928 [Listener at 127.0.0.1/44431] INFO  ozone.MiniOzoneClusterImpl (MiniOzoneClusterImpl.java:lambda$waitForClusterToBeReady$0(230)) - SCM became leader
2021-06-07 19:46:15,928 [Listener at 127.0.0.1/44431] INFO  ozone.MiniOzoneClusterImpl (MiniOzoneClusterImpl.java:lambda$waitForClusterToBeReady$0(224)) - Nodes are ready. Got 3 of 3 DN Heartbeats.
2021-06-07 19:46:15,928 [Listener at 127.0.0.1/44431] INFO  ozone.MiniOzoneClusterImpl (MiniOzoneClusterImpl.java:lambda$waitForClusterToBeReady$0(227)) - Waiting for cluster to exit safe mode
2021-06-07 19:46:15,928 [Listener at 127.0.0.1/44431] INFO  ozone.MiniOzoneClusterImpl (MiniOzoneClusterImpl.java:lambda$waitForClusterToBeReady$0(230)) - SCM became leader
2021-06-07 19:46:16,424 [9c0aefb8-820f-4500-982b-3157569b0c8b@group-7CC1EDC876C1-FollowerState] INFO  impl.FollowerState (FollowerState.java:run(134)) - 9c0aefb8-820f-4500-982b-3157569b0c8b@group-7CC1EDC876C1-FollowerState: change to CANDIDATE, lastRpcElapsedTime:5141060419ns, electionTimeout:5136ms
2021-06-07 19:46:16,424 [9c0aefb8-820f-4500-982b-3157569b0c8b@group-7CC1EDC876C1-FollowerState] INFO  impl.RoleInfo (RoleInfo.java:shutdownFollowerState(108)) - 9c0aefb8-820f-4500-982b-3157569b0c8b: shutdown 9c0aefb8-820f-4500-982b-3157569b0c8b@group-7CC1EDC876C1-FollowerState
2021-06-07 19:46:16,424 [9c0aefb8-820f-4500-982b-3157569b0c8b@group-7CC1EDC876C1-FollowerState] INFO  server.RaftServer$Division (RaftServerImpl.java:setRole(284)) - 9c0aefb8-820f-4500-982b-3157569b0c8b@group-7CC1EDC876C1: changes role from  FOLLOWER to CANDIDATE at term 5 for changeToCandidate
2021-06-07 19:46:16,424 [9c0aefb8-820f-4500-982b-3157569b0c8b@group-7CC1EDC876C1-FollowerState] INFO  server.RaftServerConfigKeys (ConfUtils.java:logGet(44)) - raft.server.leaderelection.pre-vote = false (custom)
2021-06-07 19:46:16,424 [9c0aefb8-820f-4500-982b-3157569b0c8b@group-7CC1EDC876C1-FollowerState] INFO  impl.RoleInfo (RoleInfo.java:updateAndGet(130)) - 9c0aefb8-820f-4500-982b-3157569b0c8b: start 9c0aefb8-820f-4500-982b-3157569b0c8b@group-7CC1EDC876C1-LeaderElection14
2021-06-07 19:46:16,427 [9c0aefb8-820f-4500-982b-3157569b0c8b@group-7CC1EDC876C1-LeaderElection14] INFO  impl.LeaderElection (LeaderElection.java:askForVotes(306)) - 9c0aefb8-820f-4500-982b-3157569b0c8b@group-7CC1EDC876C1-LeaderElection14 ELECTION round 0: submit vote requests at term 6 for -1: [0ad07249-b243-4532-8f92-d6393c2ee78d|rpc:10.1.0.60:35737|priority:1, 9c0aefb8-820f-4500-982b-3157569b0c8b|rpc:10.1.0.60:36165|priority:0, 9726e054-ce67-4d1e-af32-3adc5c4699d0|rpc:10.1.0.60:41125|priority:0], old=null
2021-06-07 19:46:16,430 [grpc-default-executor-3] INFO  server.RaftServer$Division (RaftServerImpl.java:requestVote(1042)) - 0ad07249-b243-4532-8f92-d6393c2ee78d@group-7CC1EDC876C1: receive requestVote(ELECTION, 9c0aefb8-820f-4500-982b-3157569b0c8b, group-7CC1EDC876C1, 6, (t:0, i:0))
2021-06-07 19:46:16,431 [grpc-default-executor-3] INFO  impl.VoteContext (VoteContext.java:log(48)) - 0ad07249-b243-4532-8f92-d6393c2ee78d@group-7CC1EDC876C1-FOLLOWER: reject ELECTION from 9c0aefb8-820f-4500-982b-3157569b0c8b: our priority 1 > candidate's priority 0
2021-06-07 19:46:16,431 [grpc-default-executor-3] INFO  server.RaftServer$Division (RaftServerImpl.java:setRole(284)) - 0ad07249-b243-4532-8f92-d6393c2ee78d@group-7CC1EDC876C1: changes role from  FOLLOWER to FOLLOWER at term 6 for candidate:9c0aefb8-820f-4500-982b-3157569b0c8b
2021-06-07 19:46:16,431 [grpc-default-executor-3] INFO  impl.RoleInfo (RoleInfo.java:shutdownFollowerState(108)) - 0ad07249-b243-4532-8f92-d6393c2ee78d: shutdown 0ad07249-b243-4532-8f92-d6393c2ee78d@group-7CC1EDC876C1-FollowerState
2021-06-07 19:46:16,431 [grpc-default-executor-3] INFO  impl.RoleInfo (RoleInfo.java:updateAndGet(130)) - 0ad07249-b243-4532-8f92-d6393c2ee78d: start 0ad07249-b243-4532-8f92-d6393c2ee78d@group-7CC1EDC876C1-FollowerState
2021-06-07 19:46:16,431 [0ad07249-b243-4532-8f92-d6393c2ee78d@group-7CC1EDC876C1-FollowerState] INFO  impl.FollowerState (FollowerState.java:run(143)) - 0ad07249-b243-4532-8f92-d6393c2ee78d@group-7CC1EDC876C1-FollowerState was interrupted: {}
java.lang.InterruptedException: sleep interrupted
	at java.lang.Thread.sleep(Native Method)
	at java.lang.Thread.sleep(Thread.java:340)
	at java.util.concurrent.TimeUnit.sleep(TimeUnit.java:386)
	at org.apache.ratis.util.TimeDuration.sleep(TimeDuration.java:324)
	at org.apache.ratis.util.TimeDuration.sleep(TimeDuration.java:309)
	at org.apache.ratis.server.impl.FollowerState.run(FollowerState.java:118)
2021-06-07 19:46:16,434 [grpc-default-executor-2] INFO  server.RaftServer$Division (RaftServerImpl.java:requestVote(1042)) - 9726e054-ce67-4d1e-af32-3adc5c4699d0@group-7CC1EDC876C1: receive requestVote(ELECTION, 9c0aefb8-820f-4500-982b-3157569b0c8b, group-7CC1EDC876C1, 6, (t:0, i:0))
2021-06-07 19:46:16,434 [grpc-default-executor-2] INFO  impl.VoteContext (VoteContext.java:log(48)) - 9726e054-ce67-4d1e-af32-3adc5c4699d0@group-7CC1EDC876C1-FOLLOWER: accept ELECTION from 9c0aefb8-820f-4500-982b-3157569b0c8b: our priority 0 <= candidate's priority 0
2021-06-07 19:46:16,434 [grpc-default-executor-2] INFO  server.RaftServer$Division (RaftServerImpl.java:setRole(284)) - 9726e054-ce67-4d1e-af32-3adc5c4699d0@group-7CC1EDC876C1: changes role from  FOLLOWER to FOLLOWER at term 6 for candidate:9c0aefb8-820f-4500-982b-3157569b0c8b
2021-06-07 19:46:16,434 [grpc-default-executor-2] INFO  impl.RoleInfo (RoleInfo.java:shutdownFollowerState(108)) - 9726e054-ce67-4d1e-af32-3adc5c4699d0: shutdown 9726e054-ce67-4d1e-af32-3adc5c4699d0@group-7CC1EDC876C1-FollowerState
2021-06-07 19:46:16,434 [grpc-default-executor-2] INFO  impl.RoleInfo (RoleInfo.java:updateAndGet(130)) - 9726e054-ce67-4d1e-af32-3adc5c4699d0: start 9726e054-ce67-4d1e-af32-3adc5c4699d0@group-7CC1EDC876C1-FollowerState
2021-06-07 19:46:16,434 [9726e054-ce67-4d1e-af32-3adc5c4699d0@group-7CC1EDC876C1-FollowerState] INFO  impl.FollowerState (FollowerState.java:run(143)) - 9726e054-ce67-4d1e-af32-3adc5c4699d0@group-7CC1EDC876C1-FollowerState was interrupted: {}
java.lang.InterruptedException: sleep interrupted
	at java.lang.Thread.sleep(Native Method)
	at java.lang.Thread.sleep(Thread.java:340)
	at java.util.concurrent.TimeUnit.sleep(TimeUnit.java:386)
	at org.apache.ratis.util.TimeDuration.sleep(TimeDuration.java:324)
	at org.apache.ratis.util.TimeDuration.sleep(TimeDuration.java:309)
	at org.apache.ratis.server.impl.FollowerState.run(FollowerState.java:118)
2021-06-07 19:46:16,442 [grpc-default-executor-3] INFO  server.RaftServer$Division (RaftServerImpl.java:requestVote(1074)) - 0ad07249-b243-4532-8f92-d6393c2ee78d@group-7CC1EDC876C1 replies to ELECTION vote request: 9c0aefb8-820f-4500-982b-3157569b0c8b<-0ad07249-b243-4532-8f92-d6393c2ee78d#0:FAIL-t6. Peer's state: 0ad07249-b243-4532-8f92-d6393c2ee78d@group-7CC1EDC876C1:t6, leader=null, voted=null, raftlog=0ad07249-b243-4532-8f92-d6393c2ee78d@group-7CC1EDC876C1-SegmentedRaftLog:OPENED:c-1,f-1,i0, conf=-1: [0ad07249-b243-4532-8f92-d6393c2ee78d|rpc:10.1.0.60:35737|priority:1, 9c0aefb8-820f-4500-982b-3157569b0c8b|rpc:10.1.0.60:36165|priority:0, 9726e054-ce67-4d1e-af32-3adc5c4699d0|rpc:10.1.0.60:41125|priority:0], old=null
2021-06-07 19:46:16,443 [grpc-default-executor-2] INFO  server.RaftServer$Division (RaftServerImpl.java:requestVote(1074)) - 9726e054-ce67-4d1e-af32-3adc5c4699d0@group-7CC1EDC876C1 replies to ELECTION vote request: 9c0aefb8-820f-4500-982b-3157569b0c8b<-9726e054-ce67-4d1e-af32-3adc5c4699d0#0:OK-t6. Peer's state: 9726e054-ce67-4d1e-af32-3adc5c4699d0@group-7CC1EDC876C1:t6, leader=null, voted=9c0aefb8-820f-4500-982b-3157569b0c8b, raftlog=9726e054-ce67-4d1e-af32-3adc5c4699d0@group-7CC1EDC876C1-SegmentedRaftLog:OPENED:c-1,f-1,i0, conf=-1: [0ad07249-b243-4532-8f92-d6393c2ee78d|rpc:10.1.0.60:35737|priority:1, 9c0aefb8-820f-4500-982b-3157569b0c8b|rpc:10.1.0.60:36165|priority:0, 9726e054-ce67-4d1e-af32-3adc5c4699d0|rpc:10.1.0.60:41125|priority:0], old=null
2021-06-07 19:46:16,444 [9c0aefb8-820f-4500-982b-3157569b0c8b@group-7CC1EDC876C1-LeaderElection14] INFO  impl.LeaderElection (LeaderElection.java:logAndReturn(89)) - 9c0aefb8-820f-4500-982b-3157569b0c8b@group-7CC1EDC876C1-LeaderElection14: ELECTION REJECTED received 1 response(s) and 0 exception(s):
2021-06-07 19:46:16,445 [9c0aefb8-820f-4500-982b-3157569b0c8b@group-7CC1EDC876C1-LeaderElection14] INFO  impl.LeaderElection (LeaderElection.java:logAndReturn(93)) -   Response 0: 9c0aefb8-820f-4500-982b-3157569b0c8b<-0ad07249-b243-4532-8f92-d6393c2ee78d#0:FAIL-t6
2021-06-07 19:46:16,445 [9c0aefb8-820f-4500-982b-3157569b0c8b@group-7CC1EDC876C1-LeaderElection14] INFO  impl.LeaderElection (LeaderElection.java:askForVotes(308)) - 9c0aefb8-820f-4500-982b-3157569b0c8b@group-7CC1EDC876C1-LeaderElection14 ELECTION round 0: result REJECTED
2021-06-07 19:46:16,446 [9c0aefb8-820f-4500-982b-3157569b0c8b@group-7CC1EDC876C1-LeaderElection14] INFO  server.RaftServer$Division (RaftServerImpl.java:setRole(284)) - 9c0aefb8-820f-4500-982b-3157569b0c8b@group-7CC1EDC876C1: changes role from CANDIDATE to FOLLOWER at term 6 for REJECTED
2021-06-07 19:46:16,446 [9c0aefb8-820f-4500-982b-3157569b0c8b@group-7CC1EDC876C1-LeaderElection14] INFO  impl.RoleInfo (RoleInfo.java:shutdownLeaderElection(121)) - 9c0aefb8-820f-4500-982b-3157569b0c8b: shutdown 9c0aefb8-820f-4500-982b-3157569b0c8b@group-7CC1EDC876C1-LeaderElection14
2021-06-07 19:46:16,446 [9c0aefb8-820f-4500-982b-3157569b0c8b@group-7CC1EDC876C1-LeaderElection14] INFO  impl.RoleInfo (RoleInfo.java:updateAndGet(130)) - 9c0aefb8-820f-4500-982b-3157569b0c8b: start 9c0aefb8-820f-4500-982b-3157569b0c8b@group-7CC1EDC876C1-FollowerState
2021-06-07 19:46:16,929 [Listener at 127.0.0.1/44431] INFO  ozone.MiniOzoneClusterImpl (MiniOzoneClusterImpl.java:lambda$waitForClusterToBeReady$0(224)) - Nodes are ready. Got 3 of 3 DN Heartbeats.
2021-06-07 19:46:16,929 [Listener at 127.0.0.1/44431] INFO  ozone.MiniOzoneClusterImpl (MiniOzoneClusterImpl.java:lambda$waitForClusterToBeReady$0(227)) - Waiting for cluster to exit safe mode
2021-06-07 19:46:16,929 [Listener at 127.0.0.1/44431] INFO  ozone.MiniOzoneClusterImpl (MiniOzoneClusterImpl.java:lambda$waitForClusterToBeReady$0(230)) - SCM became leader
2021-06-07 19:46:17,930 [Listener at 127.0.0.1/44431] INFO  ozone.MiniOzoneClusterImpl (MiniOzoneClusterImpl.java:lambda$waitForClusterToBeReady$0(224)) - Nodes are ready. Got 3 of 3 DN Heartbeats.
2021-06-07 19:46:17,930 [Listener at 127.0.0.1/44431] INFO  ozone.MiniOzoneClusterImpl (MiniOzoneClusterImpl.java:lambda$waitForClusterToBeReady$0(227)) - Waiting for cluster to exit safe mode
2021-06-07 19:46:17,930 [Listener at 127.0.0.1/44431] INFO  ozone.MiniOzoneClusterImpl (MiniOzoneClusterImpl.java:lambda$waitForClusterToBeReady$0(230)) - SCM became leader
2021-06-07 19:46:18,930 [Listener at 127.0.0.1/44431] INFO  ozone.MiniOzoneClusterImpl (MiniOzoneClusterImpl.java:lambda$waitForClusterToBeReady$0(224)) - Nodes are ready. Got 3 of 3 DN Heartbeats.
2021-06-07 19:46:18,930 [Listener at 127.0.0.1/44431] INFO  ozone.MiniOzoneClusterImpl (MiniOzoneClusterImpl.java:lambda$waitForClusterToBeReady$0(227)) - Waiting for cluster to exit safe mode
2021-06-07 19:46:18,930 [Listener at 127.0.0.1/44431] INFO  ozone.MiniOzoneClusterImpl (MiniOzoneClusterImpl.java:lambda$waitForClusterToBeReady$0(230)) - SCM became leader
2021-06-07 19:46:19,931 [Listener at 127.0.0.1/44431] INFO  ozone.MiniOzoneClusterImpl (MiniOzoneClusterImpl.java:lambda$waitForClusterToBeReady$0(224)) - Nodes are ready. Got 3 of 3 DN Heartbeats.
2021-06-07 19:46:19,931 [Listener at 127.0.0.1/44431] INFO  ozone.MiniOzoneClusterImpl (MiniOzoneClusterImpl.java:lambda$waitForClusterToBeReady$0(227)) - Waiting for cluster to exit safe mode
2021-06-07 19:46:19,931 [Listener at 127.0.0.1/44431] INFO  ozone.MiniOzoneClusterImpl (MiniOzoneClusterImpl.java:lambda$waitForClusterToBeReady$0(230)) - SCM became leader
2021-06-07 19:46:20,931 [Listener at 127.0.0.1/44431] INFO  ozone.MiniOzoneClusterImpl (MiniOzoneClusterImpl.java:lambda$waitForClusterToBeReady$0(224)) - Nodes are ready. Got 3 of 3 DN Heartbeats.
2021-06-07 19:46:20,931 [Listener at 127.0.0.1/44431] INFO  ozone.MiniOzoneClusterImpl (MiniOzoneClusterImpl.java:lambda$waitForClusterToBeReady$0(227)) - Waiting for cluster to exit safe mode
2021-06-07 19:46:20,931 [Listener at 127.0.0.1/44431] INFO  ozone.MiniOzoneClusterImpl (MiniOzoneClusterImpl.java:lambda$waitForClusterToBeReady$0(230)) - SCM became leader
2021-06-07 19:46:21,571 [9c0aefb8-820f-4500-982b-3157569b0c8b@group-7CC1EDC876C1-FollowerState] INFO  impl.FollowerState (FollowerState.java:run(134)) - 9c0aefb8-820f-4500-982b-3157569b0c8b@group-7CC1EDC876C1-FollowerState: change to CANDIDATE, lastRpcElapsedTime:5124822164ns, electionTimeout:5119ms
2021-06-07 19:46:21,571 [9c0aefb8-820f-4500-982b-3157569b0c8b@group-7CC1EDC876C1-FollowerState] INFO  impl.RoleInfo (RoleInfo.java:shutdownFollowerState(108)) - 9c0aefb8-820f-4500-982b-3157569b0c8b: shutdown 9c0aefb8-820f-4500-982b-3157569b0c8b@group-7CC1EDC876C1-FollowerState
2021-06-07 19:46:21,571 [9c0aefb8-820f-4500-982b-3157569b0c8b@group-7CC1EDC876C1-FollowerState] INFO  server.RaftServer$Division (RaftServerImpl.java:setRole(284)) - 9c0aefb8-820f-4500-982b-3157569b0c8b@group-7CC1EDC876C1: changes role from  FOLLOWER to CANDIDATE at term 6 for changeToCandidate
2021-06-07 19:46:21,571 [9c0aefb8-820f-4500-982b-3157569b0c8b@group-7CC1EDC876C1-FollowerState] INFO  server.RaftServerConfigKeys (ConfUtils.java:logGet(44)) - raft.server.leaderelection.pre-vote = false (custom)
2021-06-07 19:46:21,572 [9c0aefb8-820f-4500-982b-3157569b0c8b@group-7CC1EDC876C1-FollowerState] INFO  impl.RoleInfo (RoleInfo.java:updateAndGet(130)) - 9c0aefb8-820f-4500-982b-3157569b0c8b: start 9c0aefb8-820f-4500-982b-3157569b0c8b@group-7CC1EDC876C1-LeaderElection15
2021-06-07 19:46:21,581 [9c0aefb8-820f-4500-982b-3157569b0c8b@group-7CC1EDC876C1-LeaderElection15] INFO  impl.LeaderElection (LeaderElection.java:askForVotes(306)) - 9c0aefb8-820f-4500-982b-3157569b0c8b@group-7CC1EDC876C1-LeaderElection15 ELECTION round 0: submit vote requests at term 7 for -1: [0ad07249-b243-4532-8f92-d6393c2ee78d|rpc:10.1.0.60:35737|priority:1, 9c0aefb8-820f-4500-982b-3157569b0c8b|rpc:10.1.0.60:36165|priority:0, 9726e054-ce67-4d1e-af32-3adc5c4699d0|rpc:10.1.0.60:41125|priority:0], old=null
2021-06-07 19:46:21,585 [0ad07249-b243-4532-8f92-d6393c2ee78d@group-7CC1EDC876C1-FollowerState] INFO  impl.FollowerState (FollowerState.java:run(134)) - 0ad07249-b243-4532-8f92-d6393c2ee78d@group-7CC1EDC876C1-FollowerState: change to CANDIDATE, lastRpcElapsedTime:5153839996ns, electionTimeout:5137ms
2021-06-07 19:46:21,585 [0ad07249-b243-4532-8f92-d6393c2ee78d@group-7CC1EDC876C1-FollowerState] INFO  impl.RoleInfo (RoleInfo.java:shutdownFollowerState(108)) - 0ad07249-b243-4532-8f92-d6393c2ee78d: shutdown 0ad07249-b243-4532-8f92-d6393c2ee78d@group-7CC1EDC876C1-FollowerState
2021-06-07 19:46:21,585 [0ad07249-b243-4532-8f92-d6393c2ee78d@group-7CC1EDC876C1-FollowerState] INFO  server.RaftServer$Division (RaftServerImpl.java:setRole(284)) - 0ad07249-b243-4532-8f92-d6393c2ee78d@group-7CC1EDC876C1: changes role from  FOLLOWER to CANDIDATE at term 6 for changeToCandidate
2021-06-07 19:46:21,585 [0ad07249-b243-4532-8f92-d6393c2ee78d@group-7CC1EDC876C1-FollowerState] INFO  server.RaftServerConfigKeys (ConfUtils.java:logGet(44)) - raft.server.leaderelection.pre-vote = false (custom)
2021-06-07 19:46:21,585 [0ad07249-b243-4532-8f92-d6393c2ee78d@group-7CC1EDC876C1-FollowerState] INFO  impl.RoleInfo (RoleInfo.java:updateAndGet(130)) - 0ad07249-b243-4532-8f92-d6393c2ee78d: start 0ad07249-b243-4532-8f92-d6393c2ee78d@group-7CC1EDC876C1-LeaderElection16
2021-06-07 19:46:21,592 [grpc-default-executor-3] INFO  server.RaftServer$Division (RaftServerImpl.java:requestVote(1042)) - 0ad07249-b243-4532-8f92-d6393c2ee78d@group-7CC1EDC876C1: receive requestVote(ELECTION, 9c0aefb8-820f-4500-982b-3157569b0c8b, group-7CC1EDC876C1, 7, (t:0, i:0))
2021-06-07 19:46:21,593 [grpc-default-executor-2] INFO  server.RaftServer$Division (RaftServerImpl.java:requestVote(1042)) - 9726e054-ce67-4d1e-af32-3adc5c4699d0@group-7CC1EDC876C1: receive requestVote(ELECTION, 9c0aefb8-820f-4500-982b-3157569b0c8b, group-7CC1EDC876C1, 7, (t:0, i:0))
2021-06-07 19:46:21,593 [grpc-default-executor-2] INFO  impl.VoteContext (VoteContext.java:log(48)) - 9726e054-ce67-4d1e-af32-3adc5c4699d0@group-7CC1EDC876C1-FOLLOWER: accept ELECTION from 9c0aefb8-820f-4500-982b-3157569b0c8b: our priority 0 <= candidate's priority 0
2021-06-07 19:46:21,593 [grpc-default-executor-2] INFO  server.RaftServer$Division (RaftServerImpl.java:setRole(284)) - 9726e054-ce67-4d1e-af32-3adc5c4699d0@group-7CC1EDC876C1: changes role from  FOLLOWER to FOLLOWER at term 7 for candidate:9c0aefb8-820f-4500-982b-3157569b0c8b
2021-06-07 19:46:21,593 [grpc-default-executor-2] INFO  impl.RoleInfo (RoleInfo.java:shutdownFollowerState(108)) - 9726e054-ce67-4d1e-af32-3adc5c4699d0: shutdown 9726e054-ce67-4d1e-af32-3adc5c4699d0@group-7CC1EDC876C1-FollowerState
2021-06-07 19:46:21,593 [grpc-default-executor-2] INFO  impl.RoleInfo (RoleInfo.java:updateAndGet(130)) - 9726e054-ce67-4d1e-af32-3adc5c4699d0: start 9726e054-ce67-4d1e-af32-3adc5c4699d0@group-7CC1EDC876C1-FollowerState
2021-06-07 19:46:21,593 [9726e054-ce67-4d1e-af32-3adc5c4699d0@group-7CC1EDC876C1-FollowerState] INFO  impl.FollowerState (FollowerState.java:run(143)) - 9726e054-ce67-4d1e-af32-3adc5c4699d0@group-7CC1EDC876C1-FollowerState was interrupted: {}
java.lang.InterruptedException: sleep interrupted
	at java.lang.Thread.sleep(Native Method)
	at java.lang.Thread.sleep(Thread.java:340)
	at java.util.concurrent.TimeUnit.sleep(TimeUnit.java:386)
	at org.apache.ratis.util.TimeDuration.sleep(TimeDuration.java:324)
	at org.apache.ratis.util.TimeDuration.sleep(TimeDuration.java:309)
	at org.apache.ratis.server.impl.FollowerState.run(FollowerState.java:118)
2021-06-07 19:46:21,594 [grpc-default-executor-3] INFO  impl.VoteContext (VoteContext.java:log(48)) - 0ad07249-b243-4532-8f92-d6393c2ee78d@group-7CC1EDC876C1-CANDIDATE: reject ELECTION from 9c0aefb8-820f-4500-982b-3157569b0c8b: already has voted for 0ad07249-b243-4532-8f92-d6393c2ee78d at current term 7
2021-06-07 19:46:21,594 [grpc-default-executor-3] INFO  server.RaftServer$Division (RaftServerImpl.java:requestVote(1074)) - 0ad07249-b243-4532-8f92-d6393c2ee78d@group-7CC1EDC876C1 replies to ELECTION vote request: 9c0aefb8-820f-4500-982b-3157569b0c8b<-0ad07249-b243-4532-8f92-d6393c2ee78d#0:FAIL-t7. Peer's state: 0ad07249-b243-4532-8f92-d6393c2ee78d@group-7CC1EDC876C1:t7, leader=null, voted=0ad07249-b243-4532-8f92-d6393c2ee78d, raftlog=0ad07249-b243-4532-8f92-d6393c2ee78d@group-7CC1EDC876C1-SegmentedRaftLog:OPENED:c-1,f-1,i0, conf=-1: [0ad07249-b243-4532-8f92-d6393c2ee78d|rpc:10.1.0.60:35737|priority:1, 9c0aefb8-820f-4500-982b-3157569b0c8b|rpc:10.1.0.60:36165|priority:0, 9726e054-ce67-4d1e-af32-3adc5c4699d0|rpc:10.1.0.60:41125|priority:0], old=null
2021-06-07 19:46:21,594 [0ad07249-b243-4532-8f92-d6393c2ee78d@group-7CC1EDC876C1-LeaderElection16] INFO  impl.LeaderElection (LeaderElection.java:askForVotes(306)) - 0ad07249-b243-4532-8f92-d6393c2ee78d@group-7CC1EDC876C1-LeaderElection16 ELECTION round 0: submit vote requests at term 7 for -1: [0ad07249-b243-4532-8f92-d6393c2ee78d|rpc:10.1.0.60:35737|priority:1, 9c0aefb8-820f-4500-982b-3157569b0c8b|rpc:10.1.0.60:36165|priority:0, 9726e054-ce67-4d1e-af32-3adc5c4699d0|rpc:10.1.0.60:41125|priority:0], old=null
2021-06-07 19:46:21,598 [grpc-default-executor-2] INFO  server.RaftServer$Division (RaftServerImpl.java:requestVote(1074)) - 9726e054-ce67-4d1e-af32-3adc5c4699d0@group-7CC1EDC876C1 replies to ELECTION vote request: 9c0aefb8-820f-4500-982b-3157569b0c8b<-9726e054-ce67-4d1e-af32-3adc5c4699d0#0:OK-t7. Peer's state: 9726e054-ce67-4d1e-af32-3adc5c4699d0@group-7CC1EDC876C1:t7, leader=null, voted=9c0aefb8-820f-4500-982b-3157569b0c8b, raftlog=9726e054-ce67-4d1e-af32-3adc5c4699d0@group-7CC1EDC876C1-SegmentedRaftLog:OPENED:c-1,f-1,i0, conf=-1: [0ad07249-b243-4532-8f92-d6393c2ee78d|rpc:10.1.0.60:35737|priority:1, 9c0aefb8-820f-4500-982b-3157569b0c8b|rpc:10.1.0.60:36165|priority:0, 9726e054-ce67-4d1e-af32-3adc5c4699d0|rpc:10.1.0.60:41125|priority:0], old=null
2021-06-07 19:46:21,603 [9c0aefb8-820f-4500-982b-3157569b0c8b@group-7CC1EDC876C1-LeaderElection15] INFO  impl.LeaderElection (LeaderElection.java:logAndReturn(89)) - 9c0aefb8-820f-4500-982b-3157569b0c8b@group-7CC1EDC876C1-LeaderElection15: ELECTION REJECTED received 1 response(s) and 0 exception(s):
2021-06-07 19:46:21,603 [9c0aefb8-820f-4500-982b-3157569b0c8b@group-7CC1EDC876C1-LeaderElection15] INFO  impl.LeaderElection (LeaderElection.java:logAndReturn(93)) -   Response 0: 9c0aefb8-820f-4500-982b-3157569b0c8b<-0ad07249-b243-4532-8f92-d6393c2ee78d#0:FAIL-t7
2021-06-07 19:46:21,603 [9c0aefb8-820f-4500-982b-3157569b0c8b@group-7CC1EDC876C1-LeaderElection15] INFO  impl.LeaderElection (LeaderElection.java:askForVotes(308)) - 9c0aefb8-820f-4500-982b-3157569b0c8b@group-7CC1EDC876C1-LeaderElection15 ELECTION round 0: result REJECTED
2021-06-07 19:46:21,603 [9c0aefb8-820f-4500-982b-3157569b0c8b@group-7CC1EDC876C1-LeaderElection15] INFO  server.RaftServer$Division (RaftServerImpl.java:setRole(284)) - 9c0aefb8-820f-4500-982b-3157569b0c8b@group-7CC1EDC876C1: changes role from CANDIDATE to FOLLOWER at term 7 for REJECTED
2021-06-07 19:46:21,603 [9c0aefb8-820f-4500-982b-3157569b0c8b@group-7CC1EDC876C1-LeaderElection15] INFO  impl.RoleInfo (RoleInfo.java:shutdownLeaderElection(121)) - 9c0aefb8-820f-4500-982b-3157569b0c8b: shutdown 9c0aefb8-820f-4500-982b-3157569b0c8b@group-7CC1EDC876C1-LeaderElection15
2021-06-07 19:46:21,603 [9c0aefb8-820f-4500-982b-3157569b0c8b@group-7CC1EDC876C1-LeaderElection15] INFO  impl.RoleInfo (RoleInfo.java:updateAndGet(130)) - 9c0aefb8-820f-4500-982b-3157569b0c8b: start 9c0aefb8-820f-4500-982b-3157569b0c8b@group-7CC1EDC876C1-FollowerState
2021-06-07 19:46:21,610 [grpc-default-executor-3] INFO  server.RaftServer$Division (RaftServerImpl.java:requestVote(1042)) - 9c0aefb8-820f-4500-982b-3157569b0c8b@group-7CC1EDC876C1: receive requestVote(ELECTION, 0ad07249-b243-4532-8f92-d6393c2ee78d, group-7CC1EDC876C1, 7, (t:0, i:0))
2021-06-07 19:46:21,610 [grpc-default-executor-3] INFO  impl.VoteContext (VoteContext.java:log(48)) - 9c0aefb8-820f-4500-982b-3157569b0c8b@group-7CC1EDC876C1-FOLLOWER: reject ELECTION from 0ad07249-b243-4532-8f92-d6393c2ee78d: already has voted for 9c0aefb8-820f-4500-982b-3157569b0c8b at current term 7
2021-06-07 19:46:21,611 [grpc-default-executor-3] INFO  server.RaftServer$Division (RaftServerImpl.java:requestVote(1074)) - 9c0aefb8-820f-4500-982b-3157569b0c8b@group-7CC1EDC876C1 replies to ELECTION vote request: 0ad07249-b243-4532-8f92-d6393c2ee78d<-9c0aefb8-820f-4500-982b-3157569b0c8b#0:FAIL-t7. Peer's state: 9c0aefb8-820f-4500-982b-3157569b0c8b@group-7CC1EDC876C1:t7, leader=null, voted=9c0aefb8-820f-4500-982b-3157569b0c8b, raftlog=9c0aefb8-820f-4500-982b-3157569b0c8b@group-7CC1EDC876C1-SegmentedRaftLog:OPENED:c-1,f-1,i0, conf=-1: [0ad07249-b243-4532-8f92-d6393c2ee78d|rpc:10.1.0.60:35737|priority:1, 9c0aefb8-820f-4500-982b-3157569b0c8b|rpc:10.1.0.60:36165|priority:0, 9726e054-ce67-4d1e-af32-3adc5c4699d0|rpc:10.1.0.60:41125|priority:0], old=null
2021-06-07 19:46:21,611 [grpc-default-executor-2] INFO  server.RaftServer$Division (RaftServerImpl.java:requestVote(1042)) - 9726e054-ce67-4d1e-af32-3adc5c4699d0@group-7CC1EDC876C1: receive requestVote(ELECTION, 0ad07249-b243-4532-8f92-d6393c2ee78d, group-7CC1EDC876C1, 7, (t:0, i:0))
2021-06-07 19:46:21,611 [grpc-default-executor-2] INFO  impl.VoteContext (VoteContext.java:log(48)) - 9726e054-ce67-4d1e-af32-3adc5c4699d0@group-7CC1EDC876C1-FOLLOWER: reject ELECTION from 0ad07249-b243-4532-8f92-d6393c2ee78d: already has voted for 9c0aefb8-820f-4500-982b-3157569b0c8b at current term 7
2021-06-07 19:46:21,611 [grpc-default-executor-2] INFO  server.RaftServer$Division (RaftServerImpl.java:requestVote(1074)) - 9726e054-ce67-4d1e-af32-3adc5c4699d0@group-7CC1EDC876C1 replies to ELECTION vote request: 0ad07249-b243-4532-8f92-d6393c2ee78d<-9726e054-ce67-4d1e-af32-3adc5c4699d0#0:FAIL-t7. Peer's state: 9726e054-ce67-4d1e-af32-3adc5c4699d0@group-7CC1EDC876C1:t7, leader=null, voted=9c0aefb8-820f-4500-982b-3157569b0c8b, raftlog=9726e054-ce67-4d1e-af32-3adc5c4699d0@group-7CC1EDC876C1-SegmentedRaftLog:OPENED:c-1,f-1,i0, conf=-1: [0ad07249-b243-4532-8f92-d6393c2ee78d|rpc:10.1.0.60:35737|priority:1, 9c0aefb8-820f-4500-982b-3157569b0c8b|rpc:10.1.0.60:36165|priority:0, 9726e054-ce67-4d1e-af32-3adc5c4699d0|rpc:10.1.0.60:41125|priority:0], old=null
2021-06-07 19:46:21,613 [0ad07249-b243-4532-8f92-d6393c2ee78d@group-7CC1EDC876C1-LeaderElection16] INFO  impl.LeaderElection (LeaderElection.java:logAndReturn(89)) - 0ad07249-b243-4532-8f92-d6393c2ee78d@group-7CC1EDC876C1-LeaderElection16: ELECTION REJECTED received 2 response(s) and 0 exception(s):
2021-06-07 19:46:21,615 [0ad07249-b243-4532-8f92-d6393c2ee78d@group-7CC1EDC876C1-LeaderElection16] INFO  impl.LeaderElection (LeaderElection.java:logAndReturn(93)) -   Response 0: 0ad07249-b243-4532-8f92-d6393c2ee78d<-9c0aefb8-820f-4500-982b-3157569b0c8b#0:FAIL-t7
2021-06-07 19:46:21,615 [0ad07249-b243-4532-8f92-d6393c2ee78d@group-7CC1EDC876C1-LeaderElection16] INFO  impl.LeaderElection (LeaderElection.java:logAndReturn(93)) -   Response 1: 0ad07249-b243-4532-8f92-d6393c2ee78d<-9726e054-ce67-4d1e-af32-3adc5c4699d0#0:FAIL-t7
2021-06-07 19:46:21,615 [0ad07249-b243-4532-8f92-d6393c2ee78d@group-7CC1EDC876C1-LeaderElection16] INFO  impl.LeaderElection (LeaderElection.java:askForVotes(308)) - 0ad07249-b243-4532-8f92-d6393c2ee78d@group-7CC1EDC876C1-LeaderElection16 ELECTION round 0: result REJECTED
2021-06-07 19:46:21,616 [0ad07249-b243-4532-8f92-d6393c2ee78d@group-7CC1EDC876C1-LeaderElection16] INFO  server.RaftServer$Division (RaftServerImpl.java:setRole(284)) - 0ad07249-b243-4532-8f92-d6393c2ee78d@group-7CC1EDC876C1: changes role from CANDIDATE to FOLLOWER at term 7 for REJECTED
2021-06-07 19:46:21,616 [0ad07249-b243-4532-8f92-d6393c2ee78d@group-7CC1EDC876C1-LeaderElection16] INFO  impl.RoleInfo (RoleInfo.java:shutdownLeaderElection(121)) - 0ad07249-b243-4532-8f92-d6393c2ee78d: shutdown 0ad07249-b243-4532-8f92-d6393c2ee78d@group-7CC1EDC876C1-LeaderElection16
2021-06-07 19:46:21,616 [0ad07249-b243-4532-8f92-d6393c2ee78d@group-7CC1EDC876C1-LeaderElection16] INFO  impl.RoleInfo (RoleInfo.java:updateAndGet(130)) - 0ad07249-b243-4532-8f92-d6393c2ee78d: start 0ad07249-b243-4532-8f92-d6393c2ee78d@group-7CC1EDC876C1-FollowerState
2021-06-07 19:46:21,931 [Listener at 127.0.0.1/44431] INFO  ozone.MiniOzoneClusterImpl (MiniOzoneClusterImpl.java:lambda$waitForClusterToBeReady$0(224)) - Nodes are ready. Got 3 of 3 DN Heartbeats.
2021-06-07 19:46:21,932 [Listener at 127.0.0.1/44431] INFO  ozone.MiniOzoneClusterImpl (MiniOzoneClusterImpl.java:lambda$waitForClusterToBeReady$0(227)) - Waiting for cluster to exit safe mode
2021-06-07 19:46:21,932 [Listener at 127.0.0.1/44431] INFO  ozone.MiniOzoneClusterImpl (MiniOzoneClusterImpl.java:lambda$waitForClusterToBeReady$0(230)) - SCM became leader
2021-06-07 19:46:22,933 [Listener at 127.0.0.1/44431] INFO  ozone.MiniOzoneClusterImpl (MiniOzoneClusterImpl.java:lambda$waitForClusterToBeReady$0(224)) - Nodes are ready. Got 3 of 3 DN Heartbeats.
2021-06-07 19:46:22,933 [Listener at 127.0.0.1/44431] INFO  ozone.MiniOzoneClusterImpl (MiniOzoneClusterImpl.java:lambda$waitForClusterToBeReady$0(227)) - Waiting for cluster to exit safe mode
2021-06-07 19:46:22,933 [Listener at 127.0.0.1/44431] INFO  ozone.MiniOzoneClusterImpl (MiniOzoneClusterImpl.java:lambda$waitForClusterToBeReady$0(230)) - SCM became leader
2021-06-07 19:46:23,933 [Listener at 127.0.0.1/44431] INFO  ozone.MiniOzoneClusterImpl (MiniOzoneClusterImpl.java:lambda$waitForClusterToBeReady$0(224)) - Nodes are ready. Got 3 of 3 DN Heartbeats.
2021-06-07 19:46:23,933 [Listener at 127.0.0.1/44431] INFO  ozone.MiniOzoneClusterImpl (MiniOzoneClusterImpl.java:lambda$waitForClusterToBeReady$0(227)) - Waiting for cluster to exit safe mode
2021-06-07 19:46:23,933 [Listener at 127.0.0.1/44431] INFO  ozone.MiniOzoneClusterImpl (MiniOzoneClusterImpl.java:lambda$waitForClusterToBeReady$0(230)) - SCM became leader
2021-06-07 19:46:24,934 [Listener at 127.0.0.1/44431] INFO  ozone.MiniOzoneClusterImpl (MiniOzoneClusterImpl.java:lambda$waitForClusterToBeReady$0(224)) - Nodes are ready. Got 3 of 3 DN Heartbeats.
2021-06-07 19:46:24,934 [Listener at 127.0.0.1/44431] INFO  ozone.MiniOzoneClusterImpl (MiniOzoneClusterImpl.java:lambda$waitForClusterToBeReady$0(227)) - Waiting for cluster to exit safe mode
2021-06-07 19:46:24,934 [Listener at 127.0.0.1/44431] INFO  ozone.MiniOzoneClusterImpl (MiniOzoneClusterImpl.java:lambda$waitForClusterToBeReady$0(230)) - SCM became leader
2021-06-07 19:46:25,934 [Listener at 127.0.0.1/44431] INFO  ozone.MiniOzoneClusterImpl (MiniOzoneClusterImpl.java:lambda$waitForClusterToBeReady$0(224)) - Nodes are ready. Got 3 of 3 DN Heartbeats.
2021-06-07 19:46:25,934 [Listener at 127.0.0.1/44431] INFO  ozone.MiniOzoneClusterImpl (MiniOzoneClusterImpl.java:lambda$waitForClusterToBeReady$0(227)) - Waiting for cluster to exit safe mode
2021-06-07 19:46:25,934 [Listener at 127.0.0.1/44431] INFO  ozone.MiniOzoneClusterImpl (MiniOzoneClusterImpl.java:lambda$waitForClusterToBeReady$0(230)) - SCM became leader
2021-06-07 19:46:26,624 [9c0aefb8-820f-4500-982b-3157569b0c8b@group-7CC1EDC876C1-FollowerState] INFO  impl.FollowerState (FollowerState.java:run(134)) - 9c0aefb8-820f-4500-982b-3157569b0c8b@group-7CC1EDC876C1-FollowerState: change to CANDIDATE, lastRpcElapsedTime:5020936309ns, electionTimeout:5014ms
2021-06-07 19:46:26,624 [9c0aefb8-820f-4500-982b-3157569b0c8b@group-7CC1EDC876C1-FollowerState] INFO  impl.RoleInfo (RoleInfo.java:shutdownFollowerState(108)) - 9c0aefb8-820f-4500-982b-3157569b0c8b: shutdown 9c0aefb8-820f-4500-982b-3157569b0c8b@group-7CC1EDC876C1-FollowerState
2021-06-07 19:46:26,624 [9c0aefb8-820f-4500-982b-3157569b0c8b@group-7CC1EDC876C1-FollowerState] INFO  server.RaftServer$Division (RaftServerImpl.java:setRole(284)) - 9c0aefb8-820f-4500-982b-3157569b0c8b@group-7CC1EDC876C1: changes role from  FOLLOWER to CANDIDATE at term 7 for changeToCandidate
2021-06-07 19:46:26,625 [9c0aefb8-820f-4500-982b-3157569b0c8b@group-7CC1EDC876C1-FollowerState] INFO  server.RaftServerConfigKeys (ConfUtils.java:logGet(44)) - raft.server.leaderelection.pre-vote = false (custom)
2021-06-07 19:46:26,625 [9c0aefb8-820f-4500-982b-3157569b0c8b@group-7CC1EDC876C1-FollowerState] INFO  impl.RoleInfo (RoleInfo.java:updateAndGet(130)) - 9c0aefb8-820f-4500-982b-3157569b0c8b: start 9c0aefb8-820f-4500-982b-3157569b0c8b@group-7CC1EDC876C1-LeaderElection17
2021-06-07 19:46:26,627 [9c0aefb8-820f-4500-982b-3157569b0c8b@group-7CC1EDC876C1-LeaderElection17] INFO  impl.LeaderElection (LeaderElection.java:askForVotes(306)) - 9c0aefb8-820f-4500-982b-3157569b0c8b@group-7CC1EDC876C1-LeaderElection17 ELECTION round 0: submit vote requests at term 8 for -1: [0ad07249-b243-4532-8f92-d6393c2ee78d|rpc:10.1.0.60:35737|priority:1, 9c0aefb8-820f-4500-982b-3157569b0c8b|rpc:10.1.0.60:36165|priority:0, 9726e054-ce67-4d1e-af32-3adc5c4699d0|rpc:10.1.0.60:41125|priority:0], old=null
2021-06-07 19:46:26,638 [grpc-default-executor-2] INFO  server.RaftServer$Division (RaftServerImpl.java:requestVote(1042)) - 9726e054-ce67-4d1e-af32-3adc5c4699d0@group-7CC1EDC876C1: receive requestVote(ELECTION, 9c0aefb8-820f-4500-982b-3157569b0c8b, group-7CC1EDC876C1, 8, (t:0, i:0))
2021-06-07 19:46:26,638 [grpc-default-executor-2] INFO  impl.VoteContext (VoteContext.java:log(48)) - 9726e054-ce67-4d1e-af32-3adc5c4699d0@group-7CC1EDC876C1-FOLLOWER: accept ELECTION from 9c0aefb8-820f-4500-982b-3157569b0c8b: our priority 0 <= candidate's priority 0
2021-06-07 19:46:26,638 [grpc-default-executor-2] INFO  server.RaftServer$Division (RaftServerImpl.java:setRole(284)) - 9726e054-ce67-4d1e-af32-3adc5c4699d0@group-7CC1EDC876C1: changes role from  FOLLOWER to FOLLOWER at term 8 for candidate:9c0aefb8-820f-4500-982b-3157569b0c8b
2021-06-07 19:46:26,638 [grpc-default-executor-2] INFO  impl.RoleInfo (RoleInfo.java:shutdownFollowerState(108)) - 9726e054-ce67-4d1e-af32-3adc5c4699d0: shutdown 9726e054-ce67-4d1e-af32-3adc5c4699d0@group-7CC1EDC876C1-FollowerState
2021-06-07 19:46:26,638 [grpc-default-executor-2] INFO  impl.RoleInfo (RoleInfo.java:updateAndGet(130)) - 9726e054-ce67-4d1e-af32-3adc5c4699d0: start 9726e054-ce67-4d1e-af32-3adc5c4699d0@group-7CC1EDC876C1-FollowerState
2021-06-07 19:46:26,638 [9726e054-ce67-4d1e-af32-3adc5c4699d0@group-7CC1EDC876C1-FollowerState] INFO  impl.FollowerState (FollowerState.java:run(143)) - 9726e054-ce67-4d1e-af32-3adc5c4699d0@group-7CC1EDC876C1-FollowerState was interrupted: {}
java.lang.InterruptedException: sleep interrupted
	at java.lang.Thread.sleep(Native Method)
	at java.lang.Thread.sleep(Thread.java:340)
	at java.util.concurrent.TimeUnit.sleep(TimeUnit.java:386)
	at org.apache.ratis.util.TimeDuration.sleep(TimeDuration.java:324)
	at org.apache.ratis.util.TimeDuration.sleep(TimeDuration.java:309)
	at org.apache.ratis.server.impl.FollowerState.run(FollowerState.java:118)
2021-06-07 19:46:26,642 [grpc-default-executor-3] INFO  server.RaftServer$Division (RaftServerImpl.java:requestVote(1042)) - 0ad07249-b243-4532-8f92-d6393c2ee78d@group-7CC1EDC876C1: receive requestVote(ELECTION, 9c0aefb8-820f-4500-982b-3157569b0c8b, group-7CC1EDC876C1, 8, (t:0, i:0))
2021-06-07 19:46:26,642 [grpc-default-executor-3] INFO  impl.VoteContext (VoteContext.java:log(48)) - 0ad07249-b243-4532-8f92-d6393c2ee78d@group-7CC1EDC876C1-FOLLOWER: reject ELECTION from 9c0aefb8-820f-4500-982b-3157569b0c8b: our priority 1 > candidate's priority 0
2021-06-07 19:46:26,642 [grpc-default-executor-3] INFO  server.RaftServer$Division (RaftServerImpl.java:setRole(284)) - 0ad07249-b243-4532-8f92-d6393c2ee78d@group-7CC1EDC876C1: changes role from  FOLLOWER to FOLLOWER at term 8 for candidate:9c0aefb8-820f-4500-982b-3157569b0c8b
2021-06-07 19:46:26,643 [grpc-default-executor-3] INFO  impl.RoleInfo (RoleInfo.java:shutdownFollowerState(108)) - 0ad07249-b243-4532-8f92-d6393c2ee78d: shutdown 0ad07249-b243-4532-8f92-d6393c2ee78d@group-7CC1EDC876C1-FollowerState
2021-06-07 19:46:26,643 [grpc-default-executor-3] INFO  impl.RoleInfo (RoleInfo.java:updateAndGet(130)) - 0ad07249-b243-4532-8f92-d6393c2ee78d: start 0ad07249-b243-4532-8f92-d6393c2ee78d@group-7CC1EDC876C1-FollowerState
2021-06-07 19:46:26,643 [0ad07249-b243-4532-8f92-d6393c2ee78d@group-7CC1EDC876C1-FollowerState] INFO  impl.FollowerState (FollowerState.java:run(143)) - 0ad07249-b243-4532-8f92-d6393c2ee78d@group-7CC1EDC876C1-FollowerState was interrupted: {}
java.lang.InterruptedException: sleep interrupted
	at java.lang.Thread.sleep(Native Method)
	at java.lang.Thread.sleep(Thread.java:340)
	at java.util.concurrent.TimeUnit.sleep(TimeUnit.java:386)
	at org.apache.ratis.util.TimeDuration.sleep(TimeDuration.java:324)
	at org.apache.ratis.util.TimeDuration.sleep(TimeDuration.java:309)
	at org.apache.ratis.server.impl.FollowerState.run(FollowerState.java:118)
2021-06-07 19:46:26,643 [grpc-default-executor-2] INFO  server.RaftServer$Division (RaftServerImpl.java:requestVote(1074)) - 9726e054-ce67-4d1e-af32-3adc5c4699d0@group-7CC1EDC876C1 replies to ELECTION vote request: 9c0aefb8-820f-4500-982b-3157569b0c8b<-9726e054-ce67-4d1e-af32-3adc5c4699d0#0:OK-t8. Peer's state: 9726e054-ce67-4d1e-af32-3adc5c4699d0@group-7CC1EDC876C1:t8, leader=null, voted=9c0aefb8-820f-4500-982b-3157569b0c8b, raftlog=9726e054-ce67-4d1e-af32-3adc5c4699d0@group-7CC1EDC876C1-SegmentedRaftLog:OPENED:c-1,f-1,i0, conf=-1: [0ad07249-b243-4532-8f92-d6393c2ee78d|rpc:10.1.0.60:35737|priority:1, 9c0aefb8-820f-4500-982b-3157569b0c8b|rpc:10.1.0.60:36165|priority:0, 9726e054-ce67-4d1e-af32-3adc5c4699d0|rpc:10.1.0.60:41125|priority:0], old=null
2021-06-07 19:46:26,651 [grpc-default-executor-3] INFO  server.RaftServer$Division (RaftServerImpl.java:requestVote(1074)) - 0ad07249-b243-4532-8f92-d6393c2ee78d@group-7CC1EDC876C1 replies to ELECTION vote request: 9c0aefb8-820f-4500-982b-3157569b0c8b<-0ad07249-b243-4532-8f92-d6393c2ee78d#0:FAIL-t8. Peer's state: 0ad07249-b243-4532-8f92-d6393c2ee78d@group-7CC1EDC876C1:t8, leader=null, voted=null, raftlog=0ad07249-b243-4532-8f92-d6393c2ee78d@group-7CC1EDC876C1-SegmentedRaftLog:OPENED:c-1,f-1,i0, conf=-1: [0ad07249-b243-4532-8f92-d6393c2ee78d|rpc:10.1.0.60:35737|priority:1, 9c0aefb8-820f-4500-982b-3157569b0c8b|rpc:10.1.0.60:36165|priority:0, 9726e054-ce67-4d1e-af32-3adc5c4699d0|rpc:10.1.0.60:41125|priority:0], old=null
2021-06-07 19:46:26,654 [9c0aefb8-820f-4500-982b-3157569b0c8b@group-7CC1EDC876C1-LeaderElection17] INFO  impl.LeaderElection (LeaderElection.java:logAndReturn(89)) - 9c0aefb8-820f-4500-982b-3157569b0c8b@group-7CC1EDC876C1-LeaderElection17: ELECTION REJECTED received 2 response(s) and 0 exception(s):
2021-06-07 19:46:26,654 [9c0aefb8-820f-4500-982b-3157569b0c8b@group-7CC1EDC876C1-LeaderElection17] INFO  impl.LeaderElection (LeaderElection.java:logAndReturn(93)) -   Response 0: 9c0aefb8-820f-4500-982b-3157569b0c8b<-0ad07249-b243-4532-8f92-d6393c2ee78d#0:FAIL-t8
2021-06-07 19:46:26,654 [9c0aefb8-820f-4500-982b-3157569b0c8b@group-7CC1EDC876C1-LeaderElection17] INFO  impl.LeaderElection (LeaderElection.java:logAndReturn(93)) -   Response 1: 9c0aefb8-820f-4500-982b-3157569b0c8b<-9726e054-ce67-4d1e-af32-3adc5c4699d0#0:OK-t8
2021-06-07 19:46:26,654 [9c0aefb8-820f-4500-982b-3157569b0c8b@group-7CC1EDC876C1-LeaderElection17] INFO  impl.LeaderElection (LeaderElection.java:askForVotes(308)) - 9c0aefb8-820f-4500-982b-3157569b0c8b@group-7CC1EDC876C1-LeaderElection17 ELECTION round 0: result REJECTED
2021-06-07 19:46:26,654 [9c0aefb8-820f-4500-982b-3157569b0c8b@group-7CC1EDC876C1-LeaderElection17] INFO  server.RaftServer$Division (RaftServerImpl.java:setRole(284)) - 9c0aefb8-820f-4500-982b-3157569b0c8b@group-7CC1EDC876C1: changes role from CANDIDATE to FOLLOWER at term 8 for REJECTED
2021-06-07 19:46:26,654 [9c0aefb8-820f-4500-982b-3157569b0c8b@group-7CC1EDC876C1-LeaderElection17] INFO  impl.RoleInfo (RoleInfo.java:shutdownLeaderElection(121)) - 9c0aefb8-820f-4500-982b-3157569b0c8b: shutdown 9c0aefb8-820f-4500-982b-3157569b0c8b@group-7CC1EDC876C1-LeaderElection17
2021-06-07 19:46:26,655 [9c0aefb8-820f-4500-982b-3157569b0c8b@group-7CC1EDC876C1-LeaderElection17] INFO  impl.RoleInfo (RoleInfo.java:updateAndGet(130)) - 9c0aefb8-820f-4500-982b-3157569b0c8b: start 9c0aefb8-820f-4500-982b-3157569b0c8b@group-7CC1EDC876C1-FollowerState
2021-06-07 19:46:26,935 [Listener at 127.0.0.1/44431] INFO  ozone.MiniOzoneClusterImpl (MiniOzoneClusterImpl.java:lambda$waitForClusterToBeReady$0(224)) - Nodes are ready. Got 3 of 3 DN Heartbeats.
2021-06-07 19:46:26,935 [Listener at 127.0.0.1/44431] INFO  ozone.MiniOzoneClusterImpl (MiniOzoneClusterImpl.java:lambda$waitForClusterToBeReady$0(227)) - Waiting for cluster to exit safe mode
2021-06-07 19:46:26,936 [Listener at 127.0.0.1/44431] INFO  ozone.MiniOzoneClusterImpl (MiniOzoneClusterImpl.java:lambda$waitForClusterToBeReady$0(230)) - SCM became leader
2021-06-07 19:46:27,936 [Listener at 127.0.0.1/44431] INFO  ozone.MiniOzoneClusterImpl (MiniOzoneClusterImpl.java:lambda$waitForClusterToBeReady$0(224)) - Nodes are ready. Got 3 of 3 DN Heartbeats.
2021-06-07 19:46:27,936 [Listener at 127.0.0.1/44431] INFO  ozone.MiniOzoneClusterImpl (MiniOzoneClusterImpl.java:lambda$waitForClusterToBeReady$0(227)) - Waiting for cluster to exit safe mode
2021-06-07 19:46:27,936 [Listener at 127.0.0.1/44431] INFO  ozone.MiniOzoneClusterImpl (MiniOzoneClusterImpl.java:lambda$waitForClusterToBeReady$0(230)) - SCM became leader
2021-06-07 19:46:28,937 [Listener at 127.0.0.1/44431] INFO  ozone.MiniOzoneClusterImpl (MiniOzoneClusterImpl.java:lambda$waitForClusterToBeReady$0(224)) - Nodes are ready. Got 3 of 3 DN Heartbeats.
2021-06-07 19:46:28,937 [Listener at 127.0.0.1/44431] INFO  ozone.MiniOzoneClusterImpl (MiniOzoneClusterImpl.java:lambda$waitForClusterToBeReady$0(227)) - Waiting for cluster to exit safe mode
2021-06-07 19:46:28,937 [Listener at 127.0.0.1/44431] INFO  ozone.MiniOzoneClusterImpl (MiniOzoneClusterImpl.java:lambda$waitForClusterToBeReady$0(230)) - SCM became leader
2021-06-07 19:46:29,937 [Listener at 127.0.0.1/44431] INFO  ozone.MiniOzoneClusterImpl (MiniOzoneClusterImpl.java:lambda$waitForClusterToBeReady$0(224)) - Nodes are ready. Got 3 of 3 DN Heartbeats.
2021-06-07 19:46:29,938 [Listener at 127.0.0.1/44431] INFO  ozone.MiniOzoneClusterImpl (MiniOzoneClusterImpl.java:lambda$waitForClusterToBeReady$0(227)) - Waiting for cluster to exit safe mode
2021-06-07 19:46:29,938 [Listener at 127.0.0.1/44431] INFO  ozone.MiniOzoneClusterImpl (MiniOzoneClusterImpl.java:lambda$waitForClusterToBeReady$0(230)) - SCM became leader
2021-06-07 19:46:30,938 [Listener at 127.0.0.1/44431] INFO  ozone.MiniOzoneClusterImpl (MiniOzoneClusterImpl.java:lambda$waitForClusterToBeReady$0(224)) - Nodes are ready. Got 3 of 3 DN Heartbeats.
2021-06-07 19:46:30,938 [Listener at 127.0.0.1/44431] INFO  ozone.MiniOzoneClusterImpl (MiniOzoneClusterImpl.java:lambda$waitForClusterToBeReady$0(227)) - Waiting for cluster to exit safe mode
2021-06-07 19:46:30,938 [Listener at 127.0.0.1/44431] INFO  ozone.MiniOzoneClusterImpl (MiniOzoneClusterImpl.java:lambda$waitForClusterToBeReady$0(230)) - SCM became leader
2021-06-07 19:46:31,662 [9c0aefb8-820f-4500-982b-3157569b0c8b@group-7CC1EDC876C1-FollowerState] INFO  impl.FollowerState (FollowerState.java:run(134)) - 9c0aefb8-820f-4500-982b-3157569b0c8b@group-7CC1EDC876C1-FollowerState: change to CANDIDATE, lastRpcElapsedTime:5007351876ns, electionTimeout:5007ms
2021-06-07 19:46:31,662 [9c0aefb8-820f-4500-982b-3157569b0c8b@group-7CC1EDC876C1-FollowerState] INFO  impl.RoleInfo (RoleInfo.java:shutdownFollowerState(108)) - 9c0aefb8-820f-4500-982b-3157569b0c8b: shutdown 9c0aefb8-820f-4500-982b-3157569b0c8b@group-7CC1EDC876C1-FollowerState
2021-06-07 19:46:31,662 [9c0aefb8-820f-4500-982b-3157569b0c8b@group-7CC1EDC876C1-FollowerState] INFO  server.RaftServer$Division (RaftServerImpl.java:setRole(284)) - 9c0aefb8-820f-4500-982b-3157569b0c8b@group-7CC1EDC876C1: changes role from  FOLLOWER to CANDIDATE at term 8 for changeToCandidate
2021-06-07 19:46:31,662 [9c0aefb8-820f-4500-982b-3157569b0c8b@group-7CC1EDC876C1-FollowerState] INFO  server.RaftServerConfigKeys (ConfUtils.java:logGet(44)) - raft.server.leaderelection.pre-vote = false (custom)
2021-06-07 19:46:31,662 [9c0aefb8-820f-4500-982b-3157569b0c8b@group-7CC1EDC876C1-FollowerState] INFO  impl.RoleInfo (RoleInfo.java:updateAndGet(130)) - 9c0aefb8-820f-4500-982b-3157569b0c8b: start 9c0aefb8-820f-4500-982b-3157569b0c8b@group-7CC1EDC876C1-LeaderElection18
2021-06-07 19:46:31,665 [9c0aefb8-820f-4500-982b-3157569b0c8b@group-7CC1EDC876C1-LeaderElection18] INFO  impl.LeaderElection (LeaderElection.java:askForVotes(306)) - 9c0aefb8-820f-4500-982b-3157569b0c8b@group-7CC1EDC876C1-LeaderElection18 ELECTION round 0: submit vote requests at term 9 for -1: [0ad07249-b243-4532-8f92-d6393c2ee78d|rpc:10.1.0.60:35737|priority:1, 9c0aefb8-820f-4500-982b-3157569b0c8b|rpc:10.1.0.60:36165|priority:0, 9726e054-ce67-4d1e-af32-3adc5c4699d0|rpc:10.1.0.60:41125|priority:0], old=null
2021-06-07 19:46:31,674 [grpc-default-executor-3] INFO  server.RaftServer$Division (RaftServerImpl.java:requestVote(1042)) - 0ad07249-b243-4532-8f92-d6393c2ee78d@group-7CC1EDC876C1: receive requestVote(ELECTION, 9c0aefb8-820f-4500-982b-3157569b0c8b, group-7CC1EDC876C1, 9, (t:0, i:0))
2021-06-07 19:46:31,674 [grpc-default-executor-3] INFO  impl.VoteContext (VoteContext.java:log(48)) - 0ad07249-b243-4532-8f92-d6393c2ee78d@group-7CC1EDC876C1-FOLLOWER: reject ELECTION from 9c0aefb8-820f-4500-982b-3157569b0c8b: our priority 1 > candidate's priority 0
2021-06-07 19:46:31,674 [grpc-default-executor-3] INFO  server.RaftServer$Division (RaftServerImpl.java:setRole(284)) - 0ad07249-b243-4532-8f92-d6393c2ee78d@group-7CC1EDC876C1: changes role from  FOLLOWER to FOLLOWER at term 9 for candidate:9c0aefb8-820f-4500-982b-3157569b0c8b
2021-06-07 19:46:31,674 [grpc-default-executor-3] INFO  impl.RoleInfo (RoleInfo.java:shutdownFollowerState(108)) - 0ad07249-b243-4532-8f92-d6393c2ee78d: shutdown 0ad07249-b243-4532-8f92-d6393c2ee78d@group-7CC1EDC876C1-FollowerState
2021-06-07 19:46:31,674 [grpc-default-executor-3] INFO  impl.RoleInfo (RoleInfo.java:updateAndGet(130)) - 0ad07249-b243-4532-8f92-d6393c2ee78d: start 0ad07249-b243-4532-8f92-d6393c2ee78d@group-7CC1EDC876C1-FollowerState
2021-06-07 19:46:31,674 [0ad07249-b243-4532-8f92-d6393c2ee78d@group-7CC1EDC876C1-FollowerState] INFO  impl.FollowerState (FollowerState.java:run(143)) - 0ad07249-b243-4532-8f92-d6393c2ee78d@group-7CC1EDC876C1-FollowerState was interrupted: {}
java.lang.InterruptedException: sleep interrupted
	at java.lang.Thread.sleep(Native Method)
	at java.lang.Thread.sleep(Thread.java:340)
	at java.util.concurrent.TimeUnit.sleep(TimeUnit.java:386)
	at org.apache.ratis.util.TimeDuration.sleep(TimeDuration.java:324)
	at org.apache.ratis.util.TimeDuration.sleep(TimeDuration.java:309)
	at org.apache.ratis.server.impl.FollowerState.run(FollowerState.java:118)
2021-06-07 19:46:31,676 [grpc-default-executor-2] INFO  server.RaftServer$Division (RaftServerImpl.java:requestVote(1042)) - 9726e054-ce67-4d1e-af32-3adc5c4699d0@group-7CC1EDC876C1: receive requestVote(ELECTION, 9c0aefb8-820f-4500-982b-3157569b0c8b, group-7CC1EDC876C1, 9, (t:0, i:0))
2021-06-07 19:46:31,676 [grpc-default-executor-2] INFO  impl.VoteContext (VoteContext.java:log(48)) - 9726e054-ce67-4d1e-af32-3adc5c4699d0@group-7CC1EDC876C1-FOLLOWER: accept ELECTION from 9c0aefb8-820f-4500-982b-3157569b0c8b: our priority 0 <= candidate's priority 0
2021-06-07 19:46:31,676 [grpc-default-executor-2] INFO  server.RaftServer$Division (RaftServerImpl.java:setRole(284)) - 9726e054-ce67-4d1e-af32-3adc5c4699d0@group-7CC1EDC876C1: changes role from  FOLLOWER to FOLLOWER at term 9 for candidate:9c0aefb8-820f-4500-982b-3157569b0c8b
2021-06-07 19:46:31,676 [grpc-default-executor-2] INFO  impl.RoleInfo (RoleInfo.java:shutdownFollowerState(108)) - 9726e054-ce67-4d1e-af32-3adc5c4699d0: shutdown 9726e054-ce67-4d1e-af32-3adc5c4699d0@group-7CC1EDC876C1-FollowerState
2021-06-07 19:46:31,676 [grpc-default-executor-2] INFO  impl.RoleInfo (RoleInfo.java:updateAndGet(130)) - 9726e054-ce67-4d1e-af32-3adc5c4699d0: start 9726e054-ce67-4d1e-af32-3adc5c4699d0@group-7CC1EDC876C1-FollowerState
2021-06-07 19:46:31,676 [9726e054-ce67-4d1e-af32-3adc5c4699d0@group-7CC1EDC876C1-FollowerState] INFO  impl.FollowerState (FollowerState.java:run(143)) - 9726e054-ce67-4d1e-af32-3adc5c4699d0@group-7CC1EDC876C1-FollowerState was interrupted: {}
java.lang.InterruptedException: sleep interrupted
	at java.lang.Thread.sleep(Native Method)
	at java.lang.Thread.sleep(Thread.java:340)
	at java.util.concurrent.TimeUnit.sleep(TimeUnit.java:386)
	at org.apache.ratis.util.TimeDuration.sleep(TimeDuration.java:324)
	at org.apache.ratis.util.TimeDuration.sleep(TimeDuration.java:309)
	at org.apache.ratis.server.impl.FollowerState.run(FollowerState.java:118)
2021-06-07 19:46:31,678 [grpc-default-executor-3] INFO  server.RaftServer$Division (RaftServerImpl.java:requestVote(1074)) - 0ad07249-b243-4532-8f92-d6393c2ee78d@group-7CC1EDC876C1 replies to ELECTION vote request: 9c0aefb8-820f-4500-982b-3157569b0c8b<-0ad07249-b243-4532-8f92-d6393c2ee78d#0:FAIL-t9. Peer's state: 0ad07249-b243-4532-8f92-d6393c2ee78d@group-7CC1EDC876C1:t9, leader=null, voted=null, raftlog=0ad07249-b243-4532-8f92-d6393c2ee78d@group-7CC1EDC876C1-SegmentedRaftLog:OPENED:c-1,f-1,i0, conf=-1: [0ad07249-b243-4532-8f92-d6393c2ee78d|rpc:10.1.0.60:35737|priority:1, 9c0aefb8-820f-4500-982b-3157569b0c8b|rpc:10.1.0.60:36165|priority:0, 9726e054-ce67-4d1e-af32-3adc5c4699d0|rpc:10.1.0.60:41125|priority:0], old=null
2021-06-07 19:46:31,682 [9c0aefb8-820f-4500-982b-3157569b0c8b@group-7CC1EDC876C1-LeaderElection18] INFO  impl.LeaderElection (LeaderElection.java:logAndReturn(89)) - 9c0aefb8-820f-4500-982b-3157569b0c8b@group-7CC1EDC876C1-LeaderElection18: ELECTION REJECTED received 1 response(s) and 0 exception(s):
2021-06-07 19:46:31,682 [9c0aefb8-820f-4500-982b-3157569b0c8b@group-7CC1EDC876C1-LeaderElection18] INFO  impl.LeaderElection (LeaderElection.java:logAndReturn(93)) -   Response 0: 9c0aefb8-820f-4500-982b-3157569b0c8b<-0ad07249-b243-4532-8f92-d6393c2ee78d#0:FAIL-t9
2021-06-07 19:46:31,682 [9c0aefb8-820f-4500-982b-3157569b0c8b@group-7CC1EDC876C1-LeaderElection18] INFO  impl.LeaderElection (LeaderElection.java:askForVotes(308)) - 9c0aefb8-820f-4500-982b-3157569b0c8b@group-7CC1EDC876C1-LeaderElection18 ELECTION round 0: result REJECTED
2021-06-07 19:46:31,682 [9c0aefb8-820f-4500-982b-3157569b0c8b@group-7CC1EDC876C1-LeaderElection18] INFO  server.RaftServer$Division (RaftServerImpl.java:setRole(284)) - 9c0aefb8-820f-4500-982b-3157569b0c8b@group-7CC1EDC876C1: changes role from CANDIDATE to FOLLOWER at term 9 for REJECTED
2021-06-07 19:46:31,682 [9c0aefb8-820f-4500-982b-3157569b0c8b@group-7CC1EDC876C1-LeaderElection18] INFO  impl.RoleInfo (RoleInfo.java:shutdownLeaderElection(121)) - 9c0aefb8-820f-4500-982b-3157569b0c8b: shutdown 9c0aefb8-820f-4500-982b-3157569b0c8b@group-7CC1EDC876C1-LeaderElection18
2021-06-07 19:46:31,682 [9c0aefb8-820f-4500-982b-3157569b0c8b@group-7CC1EDC876C1-LeaderElection18] INFO  impl.RoleInfo (RoleInfo.java:updateAndGet(130)) - 9c0aefb8-820f-4500-982b-3157569b0c8b: start 9c0aefb8-820f-4500-982b-3157569b0c8b@group-7CC1EDC876C1-FollowerState
2021-06-07 19:46:31,683 [grpc-default-executor-2] INFO  server.RaftServer$Division (RaftServerImpl.java:requestVote(1074)) - 9726e054-ce67-4d1e-af32-3adc5c4699d0@group-7CC1EDC876C1 replies to ELECTION vote request: 9c0aefb8-820f-4500-982b-3157569b0c8b<-9726e054-ce67-4d1e-af32-3adc5c4699d0#0:OK-t9. Peer's state: 9726e054-ce67-4d1e-af32-3adc5c4699d0@group-7CC1EDC876C1:t9, leader=null, voted=9c0aefb8-820f-4500-982b-3157569b0c8b, raftlog=9726e054-ce67-4d1e-af32-3adc5c4699d0@group-7CC1EDC876C1-SegmentedRaftLog:OPENED:c-1,f-1,i0, conf=-1: [0ad07249-b243-4532-8f92-d6393c2ee78d|rpc:10.1.0.60:35737|priority:1, 9c0aefb8-820f-4500-982b-3157569b0c8b|rpc:10.1.0.60:36165|priority:0, 9726e054-ce67-4d1e-af32-3adc5c4699d0|rpc:10.1.0.60:41125|priority:0], old=null
2021-06-07 19:46:31,938 [Listener at 127.0.0.1/44431] INFO  ozone.MiniOzoneClusterImpl (MiniOzoneClusterImpl.java:lambda$waitForClusterToBeReady$0(224)) - Nodes are ready. Got 3 of 3 DN Heartbeats.
2021-06-07 19:46:31,938 [Listener at 127.0.0.1/44431] INFO  ozone.MiniOzoneClusterImpl (MiniOzoneClusterImpl.java:lambda$waitForClusterToBeReady$0(227)) - Waiting for cluster to exit safe mode
2021-06-07 19:46:31,939 [Listener at 127.0.0.1/44431] INFO  ozone.MiniOzoneClusterImpl (MiniOzoneClusterImpl.java:lambda$waitForClusterToBeReady$0(230)) - SCM became leader
2021-06-07 19:46:32,939 [Listener at 127.0.0.1/44431] INFO  ozone.MiniOzoneClusterImpl (MiniOzoneClusterImpl.java:lambda$waitForClusterToBeReady$0(224)) - Nodes are ready. Got 3 of 3 DN Heartbeats.
2021-06-07 19:46:32,939 [Listener at 127.0.0.1/44431] INFO  ozone.MiniOzoneClusterImpl (MiniOzoneClusterImpl.java:lambda$waitForClusterToBeReady$0(227)) - Waiting for cluster to exit safe mode
2021-06-07 19:46:32,939 [Listener at 127.0.0.1/44431] INFO  ozone.MiniOzoneClusterImpl (MiniOzoneClusterImpl.java:lambda$waitForClusterToBeReady$0(230)) - SCM became leader
2021-06-07 19:46:33,939 [Listener at 127.0.0.1/44431] INFO  ozone.MiniOzoneClusterImpl (MiniOzoneClusterImpl.java:lambda$waitForClusterToBeReady$0(224)) - Nodes are ready. Got 3 of 3 DN Heartbeats.
2021-06-07 19:46:33,939 [Listener at 127.0.0.1/44431] INFO  ozone.MiniOzoneClusterImpl (MiniOzoneClusterImpl.java:lambda$waitForClusterToBeReady$0(227)) - Waiting for cluster to exit safe mode
2021-06-07 19:46:33,939 [Listener at 127.0.0.1/44431] INFO  ozone.MiniOzoneClusterImpl (MiniOzoneClusterImpl.java:lambda$waitForClusterToBeReady$0(230)) - SCM became leader
2021-06-07 19:46:34,940 [Listener at 127.0.0.1/44431] INFO  ozone.MiniOzoneClusterImpl (MiniOzoneClusterImpl.java:lambda$waitForClusterToBeReady$0(224)) - Nodes are ready. Got 3 of 3 DN Heartbeats.
2021-06-07 19:46:34,940 [Listener at 127.0.0.1/44431] INFO  ozone.MiniOzoneClusterImpl (MiniOzoneClusterImpl.java:lambda$waitForClusterToBeReady$0(227)) - Waiting for cluster to exit safe mode
2021-06-07 19:46:34,940 [Listener at 127.0.0.1/44431] INFO  ozone.MiniOzoneClusterImpl (MiniOzoneClusterImpl.java:lambda$waitForClusterToBeReady$0(230)) - SCM became leader
2021-06-07 19:46:35,940 [Listener at 127.0.0.1/44431] INFO  ozone.MiniOzoneClusterImpl (MiniOzoneClusterImpl.java:lambda$waitForClusterToBeReady$0(224)) - Nodes are ready. Got 3 of 3 DN Heartbeats.
2021-06-07 19:46:35,940 [Listener at 127.0.0.1/44431] INFO  ozone.MiniOzoneClusterImpl (MiniOzoneClusterImpl.java:lambda$waitForClusterToBeReady$0(227)) - Waiting for cluster to exit safe mode
2021-06-07 19:46:35,940 [Listener at 127.0.0.1/44431] INFO  ozone.MiniOzoneClusterImpl (MiniOzoneClusterImpl.java:lambda$waitForClusterToBeReady$0(230)) - SCM became leader
2021-06-07 19:46:36,697 [9c0aefb8-820f-4500-982b-3157569b0c8b@group-7CC1EDC876C1-FollowerState] INFO  impl.FollowerState (FollowerState.java:run(134)) - 9c0aefb8-820f-4500-982b-3157569b0c8b@group-7CC1EDC876C1-FollowerState: change to CANDIDATE, lastRpcElapsedTime:5015079514ns, electionTimeout:5011ms
2021-06-07 19:46:36,698 [9c0aefb8-820f-4500-982b-3157569b0c8b@group-7CC1EDC876C1-FollowerState] INFO  impl.RoleInfo (RoleInfo.java:shutdownFollowerState(108)) - 9c0aefb8-820f-4500-982b-3157569b0c8b: shutdown 9c0aefb8-820f-4500-982b-3157569b0c8b@group-7CC1EDC876C1-FollowerState
2021-06-07 19:46:36,698 [9c0aefb8-820f-4500-982b-3157569b0c8b@group-7CC1EDC876C1-FollowerState] INFO  server.RaftServer$Division (RaftServerImpl.java:setRole(284)) - 9c0aefb8-820f-4500-982b-3157569b0c8b@group-7CC1EDC876C1: changes role from  FOLLOWER to CANDIDATE at term 9 for changeToCandidate
2021-06-07 19:46:36,699 [9c0aefb8-820f-4500-982b-3157569b0c8b@group-7CC1EDC876C1-FollowerState] INFO  server.RaftServerConfigKeys (ConfUtils.java:logGet(44)) - raft.server.leaderelection.pre-vote = false (custom)
2021-06-07 19:46:36,699 [9c0aefb8-820f-4500-982b-3157569b0c8b@group-7CC1EDC876C1-FollowerState] INFO  impl.RoleInfo (RoleInfo.java:updateAndGet(130)) - 9c0aefb8-820f-4500-982b-3157569b0c8b: start 9c0aefb8-820f-4500-982b-3157569b0c8b@group-7CC1EDC876C1-LeaderElection19
2021-06-07 19:46:36,702 [9c0aefb8-820f-4500-982b-3157569b0c8b@group-7CC1EDC876C1-LeaderElection19] INFO  impl.LeaderElection (LeaderElection.java:askForVotes(306)) - 9c0aefb8-820f-4500-982b-3157569b0c8b@group-7CC1EDC876C1-LeaderElection19 ELECTION round 0: submit vote requests at term 10 for -1: [0ad07249-b243-4532-8f92-d6393c2ee78d|rpc:10.1.0.60:35737|priority:1, 9c0aefb8-820f-4500-982b-3157569b0c8b|rpc:10.1.0.60:36165|priority:0, 9726e054-ce67-4d1e-af32-3adc5c4699d0|rpc:10.1.0.60:41125|priority:0], old=null
2021-06-07 19:46:36,707 [grpc-default-executor-2] INFO  server.RaftServer$Division (RaftServerImpl.java:requestVote(1042)) - 0ad07249-b243-4532-8f92-d6393c2ee78d@group-7CC1EDC876C1: receive requestVote(ELECTION, 9c0aefb8-820f-4500-982b-3157569b0c8b, group-7CC1EDC876C1, 10, (t:0, i:0))
2021-06-07 19:46:36,707 [grpc-default-executor-2] INFO  impl.VoteContext (VoteContext.java:log(48)) - 0ad07249-b243-4532-8f92-d6393c2ee78d@group-7CC1EDC876C1-FOLLOWER: reject ELECTION from 9c0aefb8-820f-4500-982b-3157569b0c8b: our priority 1 > candidate's priority 0
2021-06-07 19:46:36,707 [grpc-default-executor-2] INFO  server.RaftServer$Division (RaftServerImpl.java:setRole(284)) - 0ad07249-b243-4532-8f92-d6393c2ee78d@group-7CC1EDC876C1: changes role from  FOLLOWER to FOLLOWER at term 10 for candidate:9c0aefb8-820f-4500-982b-3157569b0c8b
2021-06-07 19:46:36,707 [grpc-default-executor-2] INFO  impl.RoleInfo (RoleInfo.java:shutdownFollowerState(108)) - 0ad07249-b243-4532-8f92-d6393c2ee78d: shutdown 0ad07249-b243-4532-8f92-d6393c2ee78d@group-7CC1EDC876C1-FollowerState
2021-06-07 19:46:36,708 [grpc-default-executor-2] INFO  impl.RoleInfo (RoleInfo.java:updateAndGet(130)) - 0ad07249-b243-4532-8f92-d6393c2ee78d: start 0ad07249-b243-4532-8f92-d6393c2ee78d@group-7CC1EDC876C1-FollowerState
2021-06-07 19:46:36,708 [0ad07249-b243-4532-8f92-d6393c2ee78d@group-7CC1EDC876C1-FollowerState] INFO  impl.FollowerState (FollowerState.java:run(143)) - 0ad07249-b243-4532-8f92-d6393c2ee78d@group-7CC1EDC876C1-FollowerState was interrupted: {}
java.lang.InterruptedException: sleep interrupted
	at java.lang.Thread.sleep(Native Method)
	at java.lang.Thread.sleep(Thread.java:340)
	at java.util.concurrent.TimeUnit.sleep(TimeUnit.java:386)
	at org.apache.ratis.util.TimeDuration.sleep(TimeDuration.java:324)
	at org.apache.ratis.util.TimeDuration.sleep(TimeDuration.java:309)
	at org.apache.ratis.server.impl.FollowerState.run(FollowerState.java:118)
2021-06-07 19:46:36,711 [grpc-default-executor-3] INFO  server.RaftServer$Division (RaftServerImpl.java:requestVote(1042)) - 9726e054-ce67-4d1e-af32-3adc5c4699d0@group-7CC1EDC876C1: receive requestVote(ELECTION, 9c0aefb8-820f-4500-982b-3157569b0c8b, group-7CC1EDC876C1, 10, (t:0, i:0))
2021-06-07 19:46:36,712 [grpc-default-executor-3] INFO  impl.VoteContext (VoteContext.java:log(48)) - 9726e054-ce67-4d1e-af32-3adc5c4699d0@group-7CC1EDC876C1-FOLLOWER: accept ELECTION from 9c0aefb8-820f-4500-982b-3157569b0c8b: our priority 0 <= candidate's priority 0
2021-06-07 19:46:36,712 [grpc-default-executor-3] INFO  server.RaftServer$Division (RaftServerImpl.java:setRole(284)) - 9726e054-ce67-4d1e-af32-3adc5c4699d0@group-7CC1EDC876C1: changes role from  FOLLOWER to FOLLOWER at term 10 for candidate:9c0aefb8-820f-4500-982b-3157569b0c8b
2021-06-07 19:46:36,712 [grpc-default-executor-3] INFO  impl.RoleInfo (RoleInfo.java:shutdownFollowerState(108)) - 9726e054-ce67-4d1e-af32-3adc5c4699d0: shutdown 9726e054-ce67-4d1e-af32-3adc5c4699d0@group-7CC1EDC876C1-FollowerState
2021-06-07 19:46:36,712 [grpc-default-executor-3] INFO  impl.RoleInfo (RoleInfo.java:updateAndGet(130)) - 9726e054-ce67-4d1e-af32-3adc5c4699d0: start 9726e054-ce67-4d1e-af32-3adc5c4699d0@group-7CC1EDC876C1-FollowerState
2021-06-07 19:46:36,712 [9726e054-ce67-4d1e-af32-3adc5c4699d0@group-7CC1EDC876C1-FollowerState] INFO  impl.FollowerState (FollowerState.java:run(143)) - 9726e054-ce67-4d1e-af32-3adc5c4699d0@group-7CC1EDC876C1-FollowerState was interrupted: {}
java.lang.InterruptedException: sleep interrupted
	at java.lang.Thread.sleep(Native Method)
	at java.lang.Thread.sleep(Thread.java:340)
	at java.util.concurrent.TimeUnit.sleep(TimeUnit.java:386)
	at org.apache.ratis.util.TimeDuration.sleep(TimeDuration.java:324)
	at org.apache.ratis.util.TimeDuration.sleep(TimeDuration.java:309)
	at org.apache.ratis.server.impl.FollowerState.run(FollowerState.java:118)
2021-06-07 19:46:36,712 [grpc-default-executor-2] INFO  server.RaftServer$Division (RaftServerImpl.java:requestVote(1074)) - 0ad07249-b243-4532-8f92-d6393c2ee78d@group-7CC1EDC876C1 replies to ELECTION vote request: 9c0aefb8-820f-4500-982b-3157569b0c8b<-0ad07249-b243-4532-8f92-d6393c2ee78d#0:FAIL-t10. Peer's state: 0ad07249-b243-4532-8f92-d6393c2ee78d@group-7CC1EDC876C1:t10, leader=null, voted=null, raftlog=0ad07249-b243-4532-8f92-d6393c2ee78d@group-7CC1EDC876C1-SegmentedRaftLog:OPENED:c-1,f-1,i0, conf=-1: [0ad07249-b243-4532-8f92-d6393c2ee78d|rpc:10.1.0.60:35737|priority:1, 9c0aefb8-820f-4500-982b-3157569b0c8b|rpc:10.1.0.60:36165|priority:0, 9726e054-ce67-4d1e-af32-3adc5c4699d0|rpc:10.1.0.60:41125|priority:0], old=null
2021-06-07 19:46:36,718 [grpc-default-executor-3] INFO  server.RaftServer$Division (RaftServerImpl.java:requestVote(1074)) - 9726e054-ce67-4d1e-af32-3adc5c4699d0@group-7CC1EDC876C1 replies to ELECTION vote request: 9c0aefb8-820f-4500-982b-3157569b0c8b<-9726e054-ce67-4d1e-af32-3adc5c4699d0#0:OK-t10. Peer's state: 9726e054-ce67-4d1e-af32-3adc5c4699d0@group-7CC1EDC876C1:t10, leader=null, voted=9c0aefb8-820f-4500-982b-3157569b0c8b, raftlog=9726e054-ce67-4d1e-af32-3adc5c4699d0@group-7CC1EDC876C1-SegmentedRaftLog:OPENED:c-1,f-1,i0, conf=-1: [0ad07249-b243-4532-8f92-d6393c2ee78d|rpc:10.1.0.60:35737|priority:1, 9c0aefb8-820f-4500-982b-3157569b0c8b|rpc:10.1.0.60:36165|priority:0, 9726e054-ce67-4d1e-af32-3adc5c4699d0|rpc:10.1.0.60:41125|priority:0], old=null
2021-06-07 19:46:36,721 [9c0aefb8-820f-4500-982b-3157569b0c8b@group-7CC1EDC876C1-LeaderElection19] INFO  impl.LeaderElection (LeaderElection.java:logAndReturn(89)) - 9c0aefb8-820f-4500-982b-3157569b0c8b@group-7CC1EDC876C1-LeaderElection19: ELECTION REJECTED received 1 response(s) and 0 exception(s):
2021-06-07 19:46:36,722 [9c0aefb8-820f-4500-982b-3157569b0c8b@group-7CC1EDC876C1-LeaderElection19] INFO  impl.LeaderElection (LeaderElection.java:logAndReturn(93)) -   Response 0: 9c0aefb8-820f-4500-982b-3157569b0c8b<-0ad07249-b243-4532-8f92-d6393c2ee78d#0:FAIL-t10
2021-06-07 19:46:36,723 [9c0aefb8-820f-4500-982b-3157569b0c8b@group-7CC1EDC876C1-LeaderElection19] INFO  impl.LeaderElection (LeaderElection.java:askForVotes(308)) - 9c0aefb8-820f-4500-982b-3157569b0c8b@group-7CC1EDC876C1-LeaderElection19 ELECTION round 0: result REJECTED
2021-06-07 19:46:36,723 [9c0aefb8-820f-4500-982b-3157569b0c8b@group-7CC1EDC876C1-LeaderElection19] INFO  server.RaftServer$Division (RaftServerImpl.java:setRole(284)) - 9c0aefb8-820f-4500-982b-3157569b0c8b@group-7CC1EDC876C1: changes role from CANDIDATE to FOLLOWER at term 10 for REJECTED
2021-06-07 19:46:36,723 [9c0aefb8-820f-4500-982b-3157569b0c8b@group-7CC1EDC876C1-LeaderElection19] INFO  impl.RoleInfo (RoleInfo.java:shutdownLeaderElection(121)) - 9c0aefb8-820f-4500-982b-3157569b0c8b: shutdown 9c0aefb8-820f-4500-982b-3157569b0c8b@group-7CC1EDC876C1-LeaderElection19
2021-06-07 19:46:36,723 [9c0aefb8-820f-4500-982b-3157569b0c8b@group-7CC1EDC876C1-LeaderElection19] INFO  impl.RoleInfo (RoleInfo.java:updateAndGet(130)) - 9c0aefb8-820f-4500-982b-3157569b0c8b: start 9c0aefb8-820f-4500-982b-3157569b0c8b@group-7CC1EDC876C1-FollowerState
2021-06-07 19:46:36,941 [Listener at 127.0.0.1/44431] INFO  ozone.MiniOzoneClusterImpl (MiniOzoneClusterImpl.java:lambda$waitForClusterToBeReady$0(224)) - Nodes are ready. Got 3 of 3 DN Heartbeats.
2021-06-07 19:46:36,942 [Listener at 127.0.0.1/44431] INFO  ozone.MiniOzoneClusterImpl (MiniOzoneClusterImpl.java:lambda$waitForClusterToBeReady$0(227)) - Waiting for cluster to exit safe mode
2021-06-07 19:46:36,942 [Listener at 127.0.0.1/44431] INFO  ozone.MiniOzoneClusterImpl (MiniOzoneClusterImpl.java:lambda$waitForClusterToBeReady$0(230)) - SCM became leader
2021-06-07 19:46:37,942 [Listener at 127.0.0.1/44431] INFO  ozone.MiniOzoneClusterImpl (MiniOzoneClusterImpl.java:lambda$waitForClusterToBeReady$0(224)) - Nodes are ready. Got 3 of 3 DN Heartbeats.
2021-06-07 19:46:37,943 [Listener at 127.0.0.1/44431] INFO  ozone.MiniOzoneClusterImpl (MiniOzoneClusterImpl.java:lambda$waitForClusterToBeReady$0(227)) - Waiting for cluster to exit safe mode
2021-06-07 19:46:37,943 [Listener at 127.0.0.1/44431] INFO  ozone.MiniOzoneClusterImpl (MiniOzoneClusterImpl.java:lambda$waitForClusterToBeReady$0(230)) - SCM became leader
2021-06-07 19:46:38,245 [Time-limited test] INFO  ozone.MiniOzoneClusterImpl (MiniOzoneClusterImpl.java:shutdown(443)) - Shutting down the Mini Ozone Cluster
2021-06-07 19:46:38,246 [Time-limited test] INFO  ozone.MiniOzoneClusterImpl (MiniOzoneClusterImpl.java:stop(458)) - Stopping the Mini Ozone Cluster
2021-06-07 19:46:38,246 [Time-limited test] INFO  ozone.MiniOzoneClusterImpl (MiniOzoneClusterImpl.java:stopOM(540)) - Stopping the OzoneManager
2021-06-07 19:46:38,246 [Time-limited test] INFO  ipc.Server (Server.java:stop(3403)) - Stopping server on 44431
2021-06-07 19:46:38,250 [IPC Server listener on 0] INFO  ipc.Server (Server.java:run(1366)) - Stopping IPC Server listener on 0
2021-06-07 19:46:38,251 [IPC Server Responder] INFO  ipc.Server (Server.java:run(1502)) - Stopping IPC Server Responder
2021-06-07 19:46:38,254 [Time-limited test] INFO  server.RaftServer (RaftServerProxy.java:lambda$close$6(391)) - om1: close
2021-06-07 19:46:38,255 [Time-limited test] INFO  server.RaftServer$Division (RaftServerImpl.java:lambda$close$4(406)) - om1@group-C5BA1605619E: shutdown
2021-06-07 19:46:38,255 [Time-limited test] INFO  util.JmxRegister (JmxRegister.java:unregister(73)) - Successfully un-registered JMX Bean with object name Ratis:service=RaftServer,group=group-C5BA1605619E,id=om1
2021-06-07 19:46:38,255 [Time-limited test] INFO  impl.RoleInfo (RoleInfo.java:shutdownLeaderState(91)) - om1: shutdown om1@group-C5BA1605619E-LeaderStateImpl
2021-06-07 19:46:38,256 [Time-limited test] INFO  impl.PendingRequests (PendingRequests.java:sendNotLeaderResponses(249)) - om1@group-C5BA1605619E-PendingRequests: sendNotLeaderResponses
2021-06-07 19:46:38,257 [Time-limited test] INFO  metrics.RatisMetrics (RatisMetrics.java:unregister(43)) - Unregistering Metrics Registry : ratis.log_appender.om1@group-C5BA1605619E
2021-06-07 19:46:38,257 [Time-limited test] INFO  metrics.RatisMetrics (RatisMetrics.java:unregister(43)) - Unregistering Metrics Registry : ratis.server.om1@group-C5BA1605619E
2021-06-07 19:46:38,258 [Time-limited test] INFO  impl.StateMachineUpdater (StateMachineUpdater.java:stopAndJoin(149)) - om1@group-C5BA1605619E-StateMachineUpdater: set stopIndex = 0
2021-06-07 19:46:38,258 [om1@group-C5BA1605619E-StateMachineUpdater] INFO  ratis.OzoneManagerStateMachine (OzoneManagerStateMachine.java:takeSnapshot(347)) - Current Snapshot Index (t:1, i:0)
2021-06-07 19:46:38,258 [om1@group-C5BA1605619E-StateMachineUpdater] INFO  impl.StateMachineUpdater (StateMachineUpdater.java:takeSnapshot(281)) - om1@group-C5BA1605619E-StateMachineUpdater: Took a snapshot at index 0
2021-06-07 19:46:38,258 [om1@group-C5BA1605619E-StateMachineUpdater] INFO  impl.StateMachineUpdater (StateMachineUpdater.java:lambda$new$0(89)) - om1@group-C5BA1605619E-StateMachineUpdater: snapshotIndex: updateIncreasingly -1 -> 0
2021-06-07 19:46:38,258 [om1@group-C5BA1605619E-StateMachineUpdater] INFO  metrics.RatisMetrics (RatisMetrics.java:unregister(43)) - Unregistering Metrics Registry : ratis.state_machine.om1@group-C5BA1605619E
2021-06-07 19:46:38,258 [Time-limited test] INFO  server.RaftServer$Division (ServerState.java:close(405)) - om1@group-C5BA1605619E: closes. applyIndex: 0
2021-06-07 19:46:38,259 [om1@group-C5BA1605619E-SegmentedRaftLogWorker] INFO  segmented.SegmentedRaftLogWorker (SegmentedRaftLogWorker.java:run(327)) - om1@group-C5BA1605619E-SegmentedRaftLogWorker was interrupted, exiting. There are 0 tasks remaining in the queue.
2021-06-07 19:46:38,260 [Time-limited test] INFO  segmented.SegmentedRaftLogWorker (SegmentedRaftLogWorker.java:close(237)) - om1@group-C5BA1605619E-SegmentedRaftLogWorker close()
2021-06-07 19:46:38,261 [Time-limited test] INFO  metrics.RatisMetrics (RatisMetrics.java:unregister(43)) - Unregistering Metrics Registry : ratis.log_worker.om1@group-C5BA1605619E
2021-06-07 19:46:38,261 [Time-limited test] INFO  metrics.RatisMetrics (RatisMetrics.java:unregister(43)) - Unregistering Metrics Registry : ratis.leader_election.om1@group-C5BA1605619E
2021-06-07 19:46:38,261 [Time-limited test] INFO  metrics.RatisMetrics (RatisMetrics.java:unregister(43)) - Unregistering Metrics Registry : ratis.server.om1@group-C5BA1605619E
2021-06-07 19:46:38,261 [Time-limited test] INFO  server.GrpcService (GrpcService.java:closeImpl(262)) - om1: shutdown server with port 9872 now
2021-06-07 19:46:38,262 [Time-limited test] INFO  server.GrpcService (GrpcService.java:closeImpl(271)) - om1: shutdown server with port 9872 successfully
2021-06-07 19:46:38,262 [org.apache.ratis.util.JvmPauseMonitor$$Lambda$513/1826718760@a0c9fe4] INFO  util.JvmPauseMonitor (JvmPauseMonitor.java:run(109)) - JvmPauseMonitor-om1: Stopped
2021-06-07 19:46:38,262 [Time-limited test] INFO  ratis.OzoneManagerDoubleBuffer (OzoneManagerDoubleBuffer.java:stop(426)) - Stopping OMDoubleBuffer flush thread
2021-06-07 19:46:38,262 [OMDoubleBufferFlushThread] INFO  ratis.OzoneManagerDoubleBuffer (OzoneManagerDoubleBuffer.java:flushTransactions(353)) - OMDoubleBuffer flush thread OMDoubleBufferFlushThread is interrupted and will exit. OMDoubleBufferFlushThread
2021-06-07 19:46:38,263 [Time-limited test] INFO  ratis.OzoneManagerStateMachine (HadoopExecutors.java:shutdown(118)) - Gracefully shutting down executor service. Waiting max 5 SECONDS
2021-06-07 19:46:38,263 [Time-limited test] INFO  ratis.OzoneManagerStateMachine (HadoopExecutors.java:shutdown(129)) - Succesfully shutdown executor service
2021-06-07 19:46:38,263 [Time-limited test] INFO  ratis.OzoneManagerStateMachine (HadoopExecutors.java:shutdown(118)) - Gracefully shutting down executor service. Waiting max 5 SECONDS
2021-06-07 19:46:38,263 [Time-limited test] INFO  ratis.OzoneManagerStateMachine (HadoopExecutors.java:shutdown(129)) - Succesfully shutdown executor service
2021-06-07 19:46:38,263 [Time-limited test] INFO  utils.BackgroundService (BackgroundService.java:shutdown(132)) - Shutting down service KeyDeletingService
2021-06-07 19:46:38,268 [Time-limited test] INFO  handler.ContextHandler (ContextHandler.java:doStop(1154)) - Stopped o.e.j.w.WebAppContext@72767070{ozoneManager,/,null,STOPPED}{file:/home/runner/work/ozone/ozone/mnt/ozone/hadoop-ozone/integration-test/target/test-classes/webapps/ozoneManager}
2021-06-07 19:46:38,268 [Time-limited test] INFO  server.AbstractConnector (AbstractConnector.java:doStop(381)) - Stopped ServerConnector@4351acb{HTTP/1.1, (http/1.1)}{0.0.0.0:0}
2021-06-07 19:46:38,268 [Time-limited test] INFO  server.session (HouseKeeper.java:stopScavenging(149)) - node0 Stopped scavenging
2021-06-07 19:46:38,270 [Time-limited test] INFO  handler.ContextHandler (ContextHandler.java:doStop(1154)) - Stopped o.e.j.s.ServletContextHandler@6f2c8567{static,/static,file:///home/runner/work/ozone/ozone/mnt/ozone/hadoop-ozone/integration-test/target/test-classes/webapps/static,STOPPED}
2021-06-07 19:46:38,271 [Time-limited test] INFO  handler.ContextHandler (ContextHandler.java:doStop(1154)) - Stopped o.e.j.s.ServletContextHandler@6bc6bf66{logs,/logs,file:///home/runner/work/ozone/ozone/mnt/ozone/hadoop-ozone/integration-test/target/log,STOPPED}
2021-06-07 19:46:38,277 [Time-limited test] INFO  ozone.MiniOzoneClusterImpl (MiniOzoneClusterImpl.java:stopDatanodes(517)) - Stopping the HddsDatanodes
2021-06-07 19:46:38,913 [Datanode State Machine Thread - 0] INFO  statemachine.DatanodeStateMachine (DatanodeStateMachine.java:lambda$startDaemon$0(428)) - Ozone container server started.
2021-06-07 19:46:38,985 [Datanode State Machine Thread - 0] INFO  statemachine.DatanodeStateMachine (DatanodeStateMachine.java:lambda$startDaemon$0(428)) - Ozone container server started.
2021-06-07 19:46:41,809 [9726e054-ce67-4d1e-af32-3adc5c4699d0@group-7CC1EDC876C1-FollowerState] INFO  impl.FollowerState (FollowerState.java:run(134)) - 9726e054-ce67-4d1e-af32-3adc5c4699d0@group-7CC1EDC876C1-FollowerState: change to CANDIDATE, lastRpcElapsedTime:5090431892ns, electionTimeout:5086ms
2021-06-07 19:46:41,809 [9726e054-ce67-4d1e-af32-3adc5c4699d0@group-7CC1EDC876C1-FollowerState] INFO  impl.RoleInfo (RoleInfo.java:shutdownFollowerState(108)) - 9726e054-ce67-4d1e-af32-3adc5c4699d0: shutdown 9726e054-ce67-4d1e-af32-3adc5c4699d0@group-7CC1EDC876C1-FollowerState
2021-06-07 19:46:41,809 [9726e054-ce67-4d1e-af32-3adc5c4699d0@group-7CC1EDC876C1-FollowerState] INFO  server.RaftServer$Division (RaftServerImpl.java:setRole(284)) - 9726e054-ce67-4d1e-af32-3adc5c4699d0@group-7CC1EDC876C1: changes role from  FOLLOWER to CANDIDATE at term 10 for changeToCandidate
2021-06-07 19:46:41,809 [9726e054-ce67-4d1e-af32-3adc5c4699d0@group-7CC1EDC876C1-FollowerState] INFO  server.RaftServerConfigKeys (ConfUtils.java:logGet(44)) - raft.server.leaderelection.pre-vote = false (custom)
2021-06-07 19:46:41,809 [9726e054-ce67-4d1e-af32-3adc5c4699d0@group-7CC1EDC876C1-FollowerState] INFO  impl.RoleInfo (RoleInfo.java:updateAndGet(130)) - 9726e054-ce67-4d1e-af32-3adc5c4699d0: start 9726e054-ce67-4d1e-af32-3adc5c4699d0@group-7CC1EDC876C1-LeaderElection20
2021-06-07 19:46:41,811 [9726e054-ce67-4d1e-af32-3adc5c4699d0@group-7CC1EDC876C1-LeaderElection20] INFO  impl.LeaderElection (LeaderElection.java:askForVotes(306)) - 9726e054-ce67-4d1e-af32-3adc5c4699d0@group-7CC1EDC876C1-LeaderElection20 ELECTION round 0: submit vote requests at term 11 for -1: [0ad07249-b243-4532-8f92-d6393c2ee78d|rpc:10.1.0.60:35737|priority:1, 9c0aefb8-820f-4500-982b-3157569b0c8b|rpc:10.1.0.60:36165|priority:0, 9726e054-ce67-4d1e-af32-3adc5c4699d0|rpc:10.1.0.60:41125|priority:0], old=null
2021-06-07 19:46:41,817 [grpc-default-executor-3] INFO  server.RaftServer$Division (RaftServerImpl.java:requestVote(1042)) - 9c0aefb8-820f-4500-982b-3157569b0c8b@group-7CC1EDC876C1: receive requestVote(ELECTION, 9726e054-ce67-4d1e-af32-3adc5c4699d0, group-7CC1EDC876C1, 11, (t:0, i:0))
2021-06-07 19:46:41,817 [grpc-default-executor-3] INFO  impl.VoteContext (VoteContext.java:log(48)) - 9c0aefb8-820f-4500-982b-3157569b0c8b@group-7CC1EDC876C1-FOLLOWER: accept ELECTION from 9726e054-ce67-4d1e-af32-3adc5c4699d0: our priority 0 <= candidate's priority 0
2021-06-07 19:46:41,817 [grpc-default-executor-3] INFO  server.RaftServer$Division (RaftServerImpl.java:setRole(284)) - 9c0aefb8-820f-4500-982b-3157569b0c8b@group-7CC1EDC876C1: changes role from  FOLLOWER to FOLLOWER at term 11 for candidate:9726e054-ce67-4d1e-af32-3adc5c4699d0
2021-06-07 19:46:41,817 [grpc-default-executor-3] INFO  impl.RoleInfo (RoleInfo.java:shutdownFollowerState(108)) - 9c0aefb8-820f-4500-982b-3157569b0c8b: shutdown 9c0aefb8-820f-4500-982b-3157569b0c8b@group-7CC1EDC876C1-FollowerState
2021-06-07 19:46:41,817 [grpc-default-executor-3] INFO  impl.RoleInfo (RoleInfo.java:updateAndGet(130)) - 9c0aefb8-820f-4500-982b-3157569b0c8b: start 9c0aefb8-820f-4500-982b-3157569b0c8b@group-7CC1EDC876C1-FollowerState
2021-06-07 19:46:41,817 [9c0aefb8-820f-4500-982b-3157569b0c8b@group-7CC1EDC876C1-FollowerState] INFO  impl.FollowerState (FollowerState.java:run(143)) - 9c0aefb8-820f-4500-982b-3157569b0c8b@group-7CC1EDC876C1-FollowerState was interrupted: {}
java.lang.InterruptedException: sleep interrupted
	at java.lang.Thread.sleep(Native Method)
	at java.lang.Thread.sleep(Thread.java:340)
	at java.util.concurrent.TimeUnit.sleep(TimeUnit.java:386)
	at org.apache.ratis.util.TimeDuration.sleep(TimeDuration.java:324)
	at org.apache.ratis.util.TimeDuration.sleep(TimeDuration.java:309)
	at org.apache.ratis.server.impl.FollowerState.run(FollowerState.java:118)
2021-06-07 19:46:41,826 [grpc-default-executor-3] INFO  server.RaftServer$Division (RaftServerImpl.java:requestVote(1074)) - 9c0aefb8-820f-4500-982b-3157569b0c8b@group-7CC1EDC876C1 replies to ELECTION vote request: 9726e054-ce67-4d1e-af32-3adc5c4699d0<-9c0aefb8-820f-4500-982b-3157569b0c8b#0:OK-t11. Peer's state: 9c0aefb8-820f-4500-982b-3157569b0c8b@group-7CC1EDC876C1:t11, leader=null, voted=9726e054-ce67-4d1e-af32-3adc5c4699d0, raftlog=9c0aefb8-820f-4500-982b-3157569b0c8b@group-7CC1EDC876C1-SegmentedRaftLog:OPENED:c-1,f-1,i0, conf=-1: [0ad07249-b243-4532-8f92-d6393c2ee78d|rpc:10.1.0.60:35737|priority:1, 9c0aefb8-820f-4500-982b-3157569b0c8b|rpc:10.1.0.60:36165|priority:0, 9726e054-ce67-4d1e-af32-3adc5c4699d0|rpc:10.1.0.60:41125|priority:0], old=null
2021-06-07 19:46:41,826 [grpc-default-executor-2] INFO  server.RaftServer$Division (RaftServerImpl.java:requestVote(1042)) - 0ad07249-b243-4532-8f92-d6393c2ee78d@group-7CC1EDC876C1: receive requestVote(ELECTION, 9726e054-ce67-4d1e-af32-3adc5c4699d0, group-7CC1EDC876C1, 11, (t:0, i:0))
2021-06-07 19:46:41,826 [grpc-default-executor-2] INFO  impl.VoteContext (VoteContext.java:log(48)) - 0ad07249-b243-4532-8f92-d6393c2ee78d@group-7CC1EDC876C1-FOLLOWER: reject ELECTION from 9726e054-ce67-4d1e-af32-3adc5c4699d0: our priority 1 > candidate's priority 0
2021-06-07 19:46:41,826 [grpc-default-executor-2] INFO  server.RaftServer$Division (RaftServerImpl.java:setRole(284)) - 0ad07249-b243-4532-8f92-d6393c2ee78d@group-7CC1EDC876C1: changes role from  FOLLOWER to FOLLOWER at term 11 for candidate:9726e054-ce67-4d1e-af32-3adc5c4699d0
2021-06-07 19:46:41,826 [grpc-default-executor-2] INFO  impl.RoleInfo (RoleInfo.java:shutdownFollowerState(108)) - 0ad07249-b243-4532-8f92-d6393c2ee78d: shutdown 0ad07249-b243-4532-8f92-d6393c2ee78d@group-7CC1EDC876C1-FollowerState
2021-06-07 19:46:41,826 [grpc-default-executor-2] INFO  impl.RoleInfo (RoleInfo.java:updateAndGet(130)) - 0ad07249-b243-4532-8f92-d6393c2ee78d: start 0ad07249-b243-4532-8f92-d6393c2ee78d@group-7CC1EDC876C1-FollowerState
2021-06-07 19:46:41,827 [0ad07249-b243-4532-8f92-d6393c2ee78d@group-7CC1EDC876C1-FollowerState] INFO  impl.FollowerState (FollowerState.java:run(143)) - 0ad07249-b243-4532-8f92-d6393c2ee78d@group-7CC1EDC876C1-FollowerState was interrupted: {}
java.lang.InterruptedException: sleep interrupted
	at java.lang.Thread.sleep(Native Method)
	at java.lang.Thread.sleep(Thread.java:340)
	at java.util.concurrent.TimeUnit.sleep(TimeUnit.java:386)
	at org.apache.ratis.util.TimeDuration.sleep(TimeDuration.java:324)
	at org.apache.ratis.util.TimeDuration.sleep(TimeDuration.java:309)
	at org.apache.ratis.server.impl.FollowerState.run(FollowerState.java:118)
2021-06-07 19:46:41,831 [grpc-default-executor-2] INFO  server.RaftServer$Division (RaftServerImpl.java:requestVote(1074)) - 0ad07249-b243-4532-8f92-d6393c2ee78d@group-7CC1EDC876C1 replies to ELECTION vote request: 9726e054-ce67-4d1e-af32-3adc5c4699d0<-0ad07249-b243-4532-8f92-d6393c2ee78d#0:FAIL-t11. Peer's state: 0ad07249-b243-4532-8f92-d6393c2ee78d@group-7CC1EDC876C1:t11, leader=null, voted=null, raftlog=0ad07249-b243-4532-8f92-d6393c2ee78d@group-7CC1EDC876C1-SegmentedRaftLog:OPENED:c-1,f-1,i0, conf=-1: [0ad07249-b243-4532-8f92-d6393c2ee78d|rpc:10.1.0.60:35737|priority:1, 9c0aefb8-820f-4500-982b-3157569b0c8b|rpc:10.1.0.60:36165|priority:0, 9726e054-ce67-4d1e-af32-3adc5c4699d0|rpc:10.1.0.60:41125|priority:0], old=null
2021-06-07 19:46:41,832 [9726e054-ce67-4d1e-af32-3adc5c4699d0@group-7CC1EDC876C1-LeaderElection20] INFO  impl.LeaderElection (LeaderElection.java:logAndReturn(89)) - 9726e054-ce67-4d1e-af32-3adc5c4699d0@group-7CC1EDC876C1-LeaderElection20: ELECTION REJECTED received 2 response(s) and 0 exception(s):
2021-06-07 19:46:41,832 [9726e054-ce67-4d1e-af32-3adc5c4699d0@group-7CC1EDC876C1-LeaderElection20] INFO  impl.LeaderElection (LeaderElection.java:logAndReturn(93)) -   Response 0: 9726e054-ce67-4d1e-af32-3adc5c4699d0<-0ad07249-b243-4532-8f92-d6393c2ee78d#0:FAIL-t11
2021-06-07 19:46:41,833 [9726e054-ce67-4d1e-af32-3adc5c4699d0@group-7CC1EDC876C1-LeaderElection20] INFO  impl.LeaderElection (LeaderElection.java:logAndReturn(93)) -   Response 1: 9726e054-ce67-4d1e-af32-3adc5c4699d0<-9c0aefb8-820f-4500-982b-3157569b0c8b#0:OK-t11
2021-06-07 19:46:41,833 [9726e054-ce67-4d1e-af32-3adc5c4699d0@group-7CC1EDC876C1-LeaderElection20] INFO  impl.LeaderElection (LeaderElection.java:askForVotes(308)) - 9726e054-ce67-4d1e-af32-3adc5c4699d0@group-7CC1EDC876C1-LeaderElection20 ELECTION round 0: result REJECTED
2021-06-07 19:46:41,833 [9726e054-ce67-4d1e-af32-3adc5c4699d0@group-7CC1EDC876C1-LeaderElection20] INFO  server.RaftServer$Division (RaftServerImpl.java:setRole(284)) - 9726e054-ce67-4d1e-af32-3adc5c4699d0@group-7CC1EDC876C1: changes role from CANDIDATE to FOLLOWER at term 11 for REJECTED
2021-06-07 19:46:41,833 [9726e054-ce67-4d1e-af32-3adc5c4699d0@group-7CC1EDC876C1-LeaderElection20] INFO  impl.RoleInfo (RoleInfo.java:shutdownLeaderElection(121)) - 9726e054-ce67-4d1e-af32-3adc5c4699d0: shutdown 9726e054-ce67-4d1e-af32-3adc5c4699d0@group-7CC1EDC876C1-LeaderElection20
2021-06-07 19:46:41,833 [9726e054-ce67-4d1e-af32-3adc5c4699d0@group-7CC1EDC876C1-LeaderElection20] INFO  impl.RoleInfo (RoleInfo.java:updateAndGet(130)) - 9726e054-ce67-4d1e-af32-3adc5c4699d0: start 9726e054-ce67-4d1e-af32-3adc5c4699d0@group-7CC1EDC876C1-FollowerState
2021-06-07 19:46:42,094 [EventQueue-PipelineReportForOneReplicaPipelineSafeModeRule] INFO  safemode.SCMSafeModeManager (SCMSafeModeManager.java:validateSafeModeExitRules(201)) - AtleastOneDatanodeReportedRule rule is successfully validated
2021-06-07 19:46:42,094 [EventQueue-OpenPipelineForHealthyPipelineSafeModeRule] INFO  safemode.SCMSafeModeManager (HealthyPipelineSafeModeRule.java:process(130)) - SCM in safe mode. Healthy pipelines reported count is 0, required healthy pipeline reported count is 1
2021-06-07 19:46:43,278 [Time-limited test] INFO  ozoneimpl.OzoneContainer (OzoneContainer.java:stop(316)) - Attempting to stop container services.
2021-06-07 19:46:43,279 [ForkJoinPool.commonPool-worker-1] INFO  ozoneimpl.OzoneContainer (OzoneContainer.java:stop(316)) - Attempting to stop container services.
2021-06-07 19:46:43,279 [ForkJoinPool.commonPool-worker-1] INFO  server.RaftServer (RaftServerProxy.java:lambda$close$6(391)) - 9c0aefb8-820f-4500-982b-3157569b0c8b: close
2021-06-07 19:46:43,279 [ForkJoinPool.commonPool-worker-1] INFO  server.RaftServer$Division (RaftServerImpl.java:lambda$close$4(406)) - 9c0aefb8-820f-4500-982b-3157569b0c8b@group-7CC1EDC876C1: shutdown
2021-06-07 19:46:43,279 [Time-limited test] INFO  server.RaftServer (RaftServerProxy.java:lambda$close$6(391)) - 0ad07249-b243-4532-8f92-d6393c2ee78d: close
2021-06-07 19:46:43,279 [ForkJoinPool.commonPool-worker-1] INFO  util.JmxRegister (JmxRegister.java:unregister(73)) - Successfully un-registered JMX Bean with object name Ratis:service=RaftServer,group=group-7CC1EDC876C1,id=9c0aefb8-820f-4500-982b-3157569b0c8b
2021-06-07 19:46:43,279 [ForkJoinPool.commonPool-worker-1] INFO  impl.RoleInfo (RoleInfo.java:shutdownFollowerState(108)) - 9c0aefb8-820f-4500-982b-3157569b0c8b: shutdown 9c0aefb8-820f-4500-982b-3157569b0c8b@group-7CC1EDC876C1-FollowerState
2021-06-07 19:46:43,280 [ForkJoinPool.commonPool-worker-1] INFO  impl.StateMachineUpdater (StateMachineUpdater.java:stopAndJoin(149)) - 9c0aefb8-820f-4500-982b-3157569b0c8b@group-7CC1EDC876C1-StateMachineUpdater: set stopIndex = -1
2021-06-07 19:46:43,279 [Time-limited test] INFO  server.RaftServer$Division (RaftServerImpl.java:lambda$close$4(406)) - 0ad07249-b243-4532-8f92-d6393c2ee78d@group-7CC1EDC876C1: shutdown
2021-06-07 19:46:43,280 [9c0aefb8-820f-4500-982b-3157569b0c8b@group-7CC1EDC876C1-StateMachineUpdater] INFO  metrics.RatisMetrics (RatisMetrics.java:unregister(43)) - Unregistering Metrics Registry : ratis.state_machine.9c0aefb8-820f-4500-982b-3157569b0c8b@group-7CC1EDC876C1
2021-06-07 19:46:43,280 [9c0aefb8-820f-4500-982b-3157569b0c8b@group-7CC1EDC876C1-FollowerState] INFO  impl.FollowerState (FollowerState.java:run(143)) - 9c0aefb8-820f-4500-982b-3157569b0c8b@group-7CC1EDC876C1-FollowerState was interrupted: {}
java.lang.InterruptedException: sleep interrupted
	at java.lang.Thread.sleep(Native Method)
	at java.lang.Thread.sleep(Thread.java:340)
	at java.util.concurrent.TimeUnit.sleep(TimeUnit.java:386)
	at org.apache.ratis.util.TimeDuration.sleep(TimeDuration.java:324)
	at org.apache.ratis.util.TimeDuration.sleep(TimeDuration.java:309)
	at org.apache.ratis.server.impl.FollowerState.run(FollowerState.java:118)
2021-06-07 19:46:43,282 [ForkJoinPool.commonPool-worker-1] INFO  server.RaftServer$Division (ServerState.java:close(405)) - 9c0aefb8-820f-4500-982b-3157569b0c8b@group-7CC1EDC876C1: closes. applyIndex: -1
2021-06-07 19:46:43,282 [9c0aefb8-820f-4500-982b-3157569b0c8b@group-7CC1EDC876C1-SegmentedRaftLogWorker] INFO  segmented.SegmentedRaftLogWorker (SegmentedRaftLogWorker.java:run(327)) - 9c0aefb8-820f-4500-982b-3157569b0c8b@group-7CC1EDC876C1-SegmentedRaftLogWorker was interrupted, exiting. There are 0 tasks remaining in the queue.
2021-06-07 19:46:43,280 [Time-limited test] INFO  util.JmxRegister (JmxRegister.java:unregister(73)) - Successfully un-registered JMX Bean with object name Ratis:service=RaftServer,group=group-7CC1EDC876C1,id=0ad07249-b243-4532-8f92-d6393c2ee78d
2021-06-07 19:46:43,283 [Time-limited test] INFO  impl.RoleInfo (RoleInfo.java:shutdownFollowerState(108)) - 0ad07249-b243-4532-8f92-d6393c2ee78d: shutdown 0ad07249-b243-4532-8f92-d6393c2ee78d@group-7CC1EDC876C1-FollowerState
2021-06-07 19:46:43,283 [Time-limited test] INFO  impl.StateMachineUpdater (StateMachineUpdater.java:stopAndJoin(149)) - 0ad07249-b243-4532-8f92-d6393c2ee78d@group-7CC1EDC876C1-StateMachineUpdater: set stopIndex = -1
2021-06-07 19:46:43,283 [0ad07249-b243-4532-8f92-d6393c2ee78d@group-7CC1EDC876C1-StateMachineUpdater] INFO  metrics.RatisMetrics (RatisMetrics.java:unregister(43)) - Unregistering Metrics Registry : ratis.state_machine.0ad07249-b243-4532-8f92-d6393c2ee78d@group-7CC1EDC876C1
2021-06-07 19:46:43,283 [0ad07249-b243-4532-8f92-d6393c2ee78d@group-7CC1EDC876C1-FollowerState] INFO  impl.FollowerState (FollowerState.java:run(143)) - 0ad07249-b243-4532-8f92-d6393c2ee78d@group-7CC1EDC876C1-FollowerState was interrupted: {}
java.lang.InterruptedException: sleep interrupted
	at java.lang.Thread.sleep(Native Method)
	at java.lang.Thread.sleep(Thread.java:340)
	at java.util.concurrent.TimeUnit.sleep(TimeUnit.java:386)
	at org.apache.ratis.util.TimeDuration.sleep(TimeDuration.java:324)
	at org.apache.ratis.util.TimeDuration.sleep(TimeDuration.java:309)
	at org.apache.ratis.server.impl.FollowerState.run(FollowerState.java:118)
2021-06-07 19:46:43,283 [ForkJoinPool.commonPool-worker-1] INFO  segmented.SegmentedRaftLogWorker (SegmentedRaftLogWorker.java:close(237)) - 9c0aefb8-820f-4500-982b-3157569b0c8b@group-7CC1EDC876C1-SegmentedRaftLogWorker close()
2021-06-07 19:46:43,284 [Time-limited test] INFO  server.RaftServer$Division (ServerState.java:close(405)) - 0ad07249-b243-4532-8f92-d6393c2ee78d@group-7CC1EDC876C1: closes. applyIndex: -1
2021-06-07 19:46:43,284 [0ad07249-b243-4532-8f92-d6393c2ee78d@group-7CC1EDC876C1-SegmentedRaftLogWorker] INFO  segmented.SegmentedRaftLogWorker (SegmentedRaftLogWorker.java:run(327)) - 0ad07249-b243-4532-8f92-d6393c2ee78d@group-7CC1EDC876C1-SegmentedRaftLogWorker was interrupted, exiting. There are 0 tasks remaining in the queue.
2021-06-07 19:46:43,284 [ForkJoinPool.commonPool-worker-1] INFO  metrics.RatisMetrics (RatisMetrics.java:unregister(43)) - Unregistering Metrics Registry : ratis.log_worker.9c0aefb8-820f-4500-982b-3157569b0c8b@group-7CC1EDC876C1
2021-06-07 19:46:43,284 [ForkJoinPool.commonPool-worker-1] INFO  metrics.RatisMetrics (RatisMetrics.java:unregister(43)) - Unregistering Metrics Registry : ratis.leader_election.9c0aefb8-820f-4500-982b-3157569b0c8b@group-7CC1EDC876C1
2021-06-07 19:46:43,285 [ForkJoinPool.commonPool-worker-1] INFO  metrics.RatisMetrics (RatisMetrics.java:unregister(43)) - Unregistering Metrics Registry : ratis.server.9c0aefb8-820f-4500-982b-3157569b0c8b@group-7CC1EDC876C1
2021-06-07 19:46:43,285 [Time-limited test] INFO  segmented.SegmentedRaftLogWorker (SegmentedRaftLogWorker.java:close(237)) - 0ad07249-b243-4532-8f92-d6393c2ee78d@group-7CC1EDC876C1-SegmentedRaftLogWorker close()
2021-06-07 19:46:43,285 [ForkJoinPool.commonPool-worker-1] INFO  server.RaftServer$Division (RaftServerImpl.java:lambda$close$4(406)) - 9c0aefb8-820f-4500-982b-3157569b0c8b@group-2E410ED13298: shutdown
2021-06-07 19:46:43,285 [ForkJoinPool.commonPool-worker-1] INFO  util.JmxRegister (JmxRegister.java:unregister(73)) - Successfully un-registered JMX Bean with object name Ratis:service=RaftServer,group=group-2E410ED13298,id=9c0aefb8-820f-4500-982b-3157569b0c8b
2021-06-07 19:46:43,286 [ForkJoinPool.commonPool-worker-1] INFO  impl.RoleInfo (RoleInfo.java:shutdownLeaderState(91)) - 9c0aefb8-820f-4500-982b-3157569b0c8b: shutdown 9c0aefb8-820f-4500-982b-3157569b0c8b@group-2E410ED13298-LeaderStateImpl
2021-06-07 19:46:43,286 [ForkJoinPool.commonPool-worker-1] INFO  impl.PendingRequests (PendingRequests.java:sendNotLeaderResponses(249)) - 9c0aefb8-820f-4500-982b-3157569b0c8b@group-2E410ED13298-PendingRequests: sendNotLeaderResponses
2021-06-07 19:46:43,286 [ForkJoinPool.commonPool-worker-1] INFO  metrics.RatisMetrics (RatisMetrics.java:unregister(43)) - Unregistering Metrics Registry : ratis.log_appender.9c0aefb8-820f-4500-982b-3157569b0c8b@group-2E410ED13298
2021-06-07 19:46:43,286 [ForkJoinPool.commonPool-worker-1] INFO  metrics.RatisMetrics (RatisMetrics.java:unregister(43)) - Unregistering Metrics Registry : ratis.server.9c0aefb8-820f-4500-982b-3157569b0c8b@group-2E410ED13298
2021-06-07 19:46:43,286 [ForkJoinPool.commonPool-worker-1] INFO  impl.StateMachineUpdater (StateMachineUpdater.java:stopAndJoin(149)) - 9c0aefb8-820f-4500-982b-3157569b0c8b@group-2E410ED13298-StateMachineUpdater: set stopIndex = 0
2021-06-07 19:46:43,285 [Time-limited test] INFO  metrics.RatisMetrics (RatisMetrics.java:unregister(43)) - Unregistering Metrics Registry : ratis.log_worker.0ad07249-b243-4532-8f92-d6393c2ee78d@group-7CC1EDC876C1
2021-06-07 19:46:43,287 [9c0aefb8-820f-4500-982b-3157569b0c8b@group-2E410ED13298-StateMachineUpdater] INFO  ratis.ContainerStateMachine (ContainerStateMachine.java:takeSnapshot(292)) - group-2E410ED13298: Taking a snapshot at:(t:1, i:0) file /home/runner/work/ozone/ozone/mnt/ozone/hadoop-ozone/integration-test/target/test-dir/MiniOzoneClusterImpl-03cd68cf-68ac-428b-89d3-1b040d29d264/datanode-0/data/ratis/74dcb825-f4ed-4eaa-8e9b-2e410ed13298/sm/snapshot.1_0
2021-06-07 19:46:43,287 [Time-limited test] INFO  metrics.RatisMetrics (RatisMetrics.java:unregister(43)) - Unregistering Metrics Registry : ratis.leader_election.0ad07249-b243-4532-8f92-d6393c2ee78d@group-7CC1EDC876C1
2021-06-07 19:46:43,287 [Time-limited test] INFO  metrics.RatisMetrics (RatisMetrics.java:unregister(43)) - Unregistering Metrics Registry : ratis.server.0ad07249-b243-4532-8f92-d6393c2ee78d@group-7CC1EDC876C1
2021-06-07 19:46:43,287 [Time-limited test] INFO  server.RaftServer$Division (RaftServerImpl.java:lambda$close$4(406)) - 0ad07249-b243-4532-8f92-d6393c2ee78d@group-60DD3ADB06DB: shutdown
2021-06-07 19:46:43,287 [Time-limited test] INFO  util.JmxRegister (JmxRegister.java:unregister(73)) - Successfully un-registered JMX Bean with object name Ratis:service=RaftServer,group=group-60DD3ADB06DB,id=0ad07249-b243-4532-8f92-d6393c2ee78d
2021-06-07 19:46:43,287 [9c0aefb8-820f-4500-982b-3157569b0c8b@group-2E410ED13298-StateMachineUpdater] INFO  ratis.ContainerStateMachine (ContainerStateMachine.java:takeSnapshot(303)) - group-2E410ED13298: Finished taking a snapshot at:(t:1, i:0) file:/home/runner/work/ozone/ozone/mnt/ozone/hadoop-ozone/integration-test/target/test-dir/MiniOzoneClusterImpl-03cd68cf-68ac-428b-89d3-1b040d29d264/datanode-0/data/ratis/74dcb825-f4ed-4eaa-8e9b-2e410ed13298/sm/snapshot.1_0 took: 1 ms
2021-06-07 19:46:43,288 [9c0aefb8-820f-4500-982b-3157569b0c8b@group-2E410ED13298-StateMachineUpdater] INFO  impl.StateMachineUpdater (StateMachineUpdater.java:takeSnapshot(281)) - 9c0aefb8-820f-4500-982b-3157569b0c8b@group-2E410ED13298-StateMachineUpdater: Took a snapshot at index 0
2021-06-07 19:46:43,288 [9c0aefb8-820f-4500-982b-3157569b0c8b@group-2E410ED13298-StateMachineUpdater] INFO  impl.StateMachineUpdater (StateMachineUpdater.java:lambda$new$0(89)) - 9c0aefb8-820f-4500-982b-3157569b0c8b@group-2E410ED13298-StateMachineUpdater: snapshotIndex: updateIncreasingly -1 -> 0
2021-06-07 19:46:43,288 [9c0aefb8-820f-4500-982b-3157569b0c8b@group-2E410ED13298-StateMachineUpdater] INFO  metrics.RatisMetrics (RatisMetrics.java:unregister(43)) - Unregistering Metrics Registry : ratis.state_machine.9c0aefb8-820f-4500-982b-3157569b0c8b@group-2E410ED13298
2021-06-07 19:46:43,288 [ForkJoinPool.commonPool-worker-1] INFO  server.RaftServer$Division (ServerState.java:close(405)) - 9c0aefb8-820f-4500-982b-3157569b0c8b@group-2E410ED13298: closes. applyIndex: 0
2021-06-07 19:46:43,287 [Time-limited test] INFO  impl.RoleInfo (RoleInfo.java:shutdownLeaderState(91)) - 0ad07249-b243-4532-8f92-d6393c2ee78d: shutdown 0ad07249-b243-4532-8f92-d6393c2ee78d@group-60DD3ADB06DB-LeaderStateImpl
2021-06-07 19:46:43,288 [9c0aefb8-820f-4500-982b-3157569b0c8b@group-2E410ED13298-SegmentedRaftLogWorker] INFO  segmented.SegmentedRaftLogWorker (SegmentedRaftLogWorker.java:run(327)) - 9c0aefb8-820f-4500-982b-3157569b0c8b@group-2E410ED13298-SegmentedRaftLogWorker was interrupted, exiting. There are 0 tasks remaining in the queue.
2021-06-07 19:46:43,288 [Time-limited test] INFO  impl.PendingRequests (PendingRequests.java:sendNotLeaderResponses(249)) - 0ad07249-b243-4532-8f92-d6393c2ee78d@group-60DD3ADB06DB-PendingRequests: sendNotLeaderResponses
2021-06-07 19:46:43,289 [Time-limited test] INFO  metrics.RatisMetrics (RatisMetrics.java:unregister(43)) - Unregistering Metrics Registry : ratis.log_appender.0ad07249-b243-4532-8f92-d6393c2ee78d@group-60DD3ADB06DB
2021-06-07 19:46:43,289 [ForkJoinPool.commonPool-worker-1] INFO  segmented.SegmentedRaftLogWorker (SegmentedRaftLogWorker.java:close(237)) - 9c0aefb8-820f-4500-982b-3157569b0c8b@group-2E410ED13298-SegmentedRaftLogWorker close()
2021-06-07 19:46:43,289 [Time-limited test] INFO  metrics.RatisMetrics (RatisMetrics.java:unregister(43)) - Unregistering Metrics Registry : ratis.server.0ad07249-b243-4532-8f92-d6393c2ee78d@group-60DD3ADB06DB
2021-06-07 19:46:43,290 [ForkJoinPool.commonPool-worker-1] INFO  metrics.RatisMetrics (RatisMetrics.java:unregister(43)) - Unregistering Metrics Registry : ratis.log_worker.9c0aefb8-820f-4500-982b-3157569b0c8b@group-2E410ED13298
2021-06-07 19:46:43,290 [ForkJoinPool.commonPool-worker-1] INFO  metrics.RatisMetrics (RatisMetrics.java:unregister(43)) - Unregistering Metrics Registry : ratis.leader_election.9c0aefb8-820f-4500-982b-3157569b0c8b@group-2E410ED13298
2021-06-07 19:46:43,290 [ForkJoinPool.commonPool-worker-1] INFO  metrics.RatisMetrics (RatisMetrics.java:unregister(43)) - Unregistering Metrics Registry : ratis.server.9c0aefb8-820f-4500-982b-3157569b0c8b@group-2E410ED13298
2021-06-07 19:46:43,290 [0ad07249-b243-4532-8f92-d6393c2ee78d@group-60DD3ADB06DB-StateMachineUpdater] INFO  ratis.ContainerStateMachine (ContainerStateMachine.java:takeSnapshot(292)) - group-60DD3ADB06DB: Taking a snapshot at:(t:1, i:0) file /home/runner/work/ozone/ozone/mnt/ozone/hadoop-ozone/integration-test/target/test-dir/MiniOzoneClusterImpl-03cd68cf-68ac-428b-89d3-1b040d29d264/datanode-1/data/ratis/a3e8b81b-9952-4ac5-a7a1-60dd3adb06db/sm/snapshot.1_0
2021-06-07 19:46:43,290 [ForkJoinPool.commonPool-worker-1] INFO  server.GrpcService (GrpcService.java:closeImpl(262)) - 9c0aefb8-820f-4500-982b-3157569b0c8b: shutdown server with port 36165 now
2021-06-07 19:46:43,290 [Time-limited test] INFO  impl.StateMachineUpdater (StateMachineUpdater.java:stopAndJoin(149)) - 0ad07249-b243-4532-8f92-d6393c2ee78d@group-60DD3ADB06DB-StateMachineUpdater: set stopIndex = 0
2021-06-07 19:46:43,294 [0ad07249-b243-4532-8f92-d6393c2ee78d@group-60DD3ADB06DB-StateMachineUpdater] INFO  ratis.ContainerStateMachine (ContainerStateMachine.java:takeSnapshot(303)) - group-60DD3ADB06DB: Finished taking a snapshot at:(t:1, i:0) file:/home/runner/work/ozone/ozone/mnt/ozone/hadoop-ozone/integration-test/target/test-dir/MiniOzoneClusterImpl-03cd68cf-68ac-428b-89d3-1b040d29d264/datanode-1/data/ratis/a3e8b81b-9952-4ac5-a7a1-60dd3adb06db/sm/snapshot.1_0 took: 3 ms
2021-06-07 19:46:43,294 [0ad07249-b243-4532-8f92-d6393c2ee78d@group-60DD3ADB06DB-StateMachineUpdater] INFO  impl.StateMachineUpdater (StateMachineUpdater.java:takeSnapshot(281)) - 0ad07249-b243-4532-8f92-d6393c2ee78d@group-60DD3ADB06DB-StateMachineUpdater: Took a snapshot at index 0
2021-06-07 19:46:43,294 [0ad07249-b243-4532-8f92-d6393c2ee78d@group-60DD3ADB06DB-StateMachineUpdater] INFO  impl.StateMachineUpdater (StateMachineUpdater.java:lambda$new$0(89)) - 0ad07249-b243-4532-8f92-d6393c2ee78d@group-60DD3ADB06DB-StateMachineUpdater: snapshotIndex: updateIncreasingly -1 -> 0
2021-06-07 19:46:43,295 [0ad07249-b243-4532-8f92-d6393c2ee78d@group-60DD3ADB06DB-StateMachineUpdater] INFO  metrics.RatisMetrics (RatisMetrics.java:unregister(43)) - Unregistering Metrics Registry : ratis.state_machine.0ad07249-b243-4532-8f92-d6393c2ee78d@group-60DD3ADB06DB
2021-06-07 19:46:43,295 [Time-limited test] INFO  server.RaftServer$Division (ServerState.java:close(405)) - 0ad07249-b243-4532-8f92-d6393c2ee78d@group-60DD3ADB06DB: closes. applyIndex: 0
2021-06-07 19:46:43,295 [0ad07249-b243-4532-8f92-d6393c2ee78d@group-60DD3ADB06DB-SegmentedRaftLogWorker] INFO  segmented.SegmentedRaftLogWorker (SegmentedRaftLogWorker.java:run(327)) - 0ad07249-b243-4532-8f92-d6393c2ee78d@group-60DD3ADB06DB-SegmentedRaftLogWorker was interrupted, exiting. There are 0 tasks remaining in the queue.
2021-06-07 19:46:43,296 [Time-limited test] INFO  segmented.SegmentedRaftLogWorker (SegmentedRaftLogWorker.java:close(237)) - 0ad07249-b243-4532-8f92-d6393c2ee78d@group-60DD3ADB06DB-SegmentedRaftLogWorker close()
2021-06-07 19:46:43,297 [Time-limited test] INFO  metrics.RatisMetrics (RatisMetrics.java:unregister(43)) - Unregistering Metrics Registry : ratis.log_worker.0ad07249-b243-4532-8f92-d6393c2ee78d@group-60DD3ADB06DB
2021-06-07 19:46:43,297 [Time-limited test] INFO  metrics.RatisMetrics (RatisMetrics.java:unregister(43)) - Unregistering Metrics Registry : ratis.leader_election.0ad07249-b243-4532-8f92-d6393c2ee78d@group-60DD3ADB06DB
2021-06-07 19:46:43,297 [Time-limited test] INFO  metrics.RatisMetrics (RatisMetrics.java:unregister(43)) - Unregistering Metrics Registry : ratis.server.0ad07249-b243-4532-8f92-d6393c2ee78d@group-60DD3ADB06DB
2021-06-07 19:46:43,297 [ForkJoinPool.commonPool-worker-1] INFO  server.GrpcService (GrpcService.java:closeImpl(271)) - 9c0aefb8-820f-4500-982b-3157569b0c8b: shutdown server with port 36165 successfully
2021-06-07 19:46:43,298 [org.apache.ratis.util.JvmPauseMonitor$$Lambda$513/1826718760@18886c52] INFO  util.JvmPauseMonitor (JvmPauseMonitor.java:run(109)) - JvmPauseMonitor-9c0aefb8-820f-4500-982b-3157569b0c8b: Stopped
2021-06-07 19:46:43,298 [Time-limited test] INFO  server.GrpcService (GrpcService.java:closeImpl(262)) - 0ad07249-b243-4532-8f92-d6393c2ee78d: shutdown server with port 35737 now
2021-06-07 19:46:43,300 [Time-limited test] INFO  server.GrpcService (GrpcService.java:closeImpl(271)) - 0ad07249-b243-4532-8f92-d6393c2ee78d: shutdown server with port 35737 successfully
2021-06-07 19:46:43,301 [org.apache.ratis.util.JvmPauseMonitor$$Lambda$513/1826718760@327ae7a2] INFO  util.JvmPauseMonitor (JvmPauseMonitor.java:run(109)) - JvmPauseMonitor-0ad07249-b243-4532-8f92-d6393c2ee78d: Stopped
2021-06-07 19:46:43,302 [Time-limited test] INFO  utils.BackgroundService (BackgroundService.java:shutdown(132)) - Shutting down service BlockDeletingService
2021-06-07 19:46:43,303 [ForkJoinPool.commonPool-worker-1] INFO  utils.BackgroundService (BackgroundService.java:shutdown(132)) - Shutting down service BlockDeletingService
2021-06-07 19:46:43,304 [Time-limited test] INFO  statemachine.DatanodeStateMachine (DatanodeStateMachine.java:stopDaemon(486)) - Ozone container server stopped.
2021-06-07 19:46:43,306 [ForkJoinPool.commonPool-worker-1] INFO  statemachine.DatanodeStateMachine (DatanodeStateMachine.java:stopDaemon(486)) - Ozone container server stopped.
2021-06-07 19:46:43,306 [Time-limited test] INFO  handler.ContextHandler (ContextHandler.java:doStop(1154)) - Stopped o.e.j.w.WebAppContext@329a9363{hddsDatanode,/,null,STOPPED}{jar:file:/home/runner/.m2/repository/org/apache/ozone/hdds-container-service/1.2.0-SNAPSHOT/hdds-container-service-1.2.0-SNAPSHOT.jar!/webapps/hddsDatanode}
2021-06-07 19:46:43,307 [Time-limited test] INFO  server.AbstractConnector (AbstractConnector.java:doStop(381)) - Stopped ServerConnector@1535f8bd{HTTP/1.1, (http/1.1)}{0.0.0.0:0}
2021-06-07 19:46:43,307 [Time-limited test] INFO  server.session (HouseKeeper.java:stopScavenging(149)) - node0 Stopped scavenging
2021-06-07 19:46:43,308 [Time-limited test] INFO  handler.ContextHandler (ContextHandler.java:doStop(1154)) - Stopped o.e.j.s.ServletContextHandler@55eb6b2{static,/static,jar:file:/home/runner/.m2/repository/org/apache/ozone/hdds-container-service/1.2.0-SNAPSHOT/hdds-container-service-1.2.0-SNAPSHOT.jar!/webapps/static,STOPPED}
2021-06-07 19:46:43,309 [Time-limited test] INFO  handler.ContextHandler (ContextHandler.java:doStop(1154)) - Stopped o.e.j.s.ServletContextHandler@e9ed54b{logs,/logs,file:///home/runner/work/ozone/ozone/mnt/ozone/hadoop-ozone/integration-test/target/log,STOPPED}
2021-06-07 19:46:43,309 [ForkJoinPool.commonPool-worker-1] INFO  handler.ContextHandler (ContextHandler.java:doStop(1154)) - Stopped o.e.j.w.WebAppContext@2c361d8d{hddsDatanode,/,null,STOPPED}{jar:file:/home/runner/.m2/repository/org/apache/ozone/hdds-container-service/1.2.0-SNAPSHOT/hdds-container-service-1.2.0-SNAPSHOT.jar!/webapps/hddsDatanode}
2021-06-07 19:46:43,310 [ForkJoinPool.commonPool-worker-1] INFO  server.AbstractConnector (AbstractConnector.java:doStop(381)) - Stopped ServerConnector@57ba8cd5{HTTP/1.1, (http/1.1)}{0.0.0.0:0}
2021-06-07 19:46:43,310 [ForkJoinPool.commonPool-worker-1] INFO  server.session (HouseKeeper.java:stopScavenging(149)) - node0 Stopped scavenging
2021-06-07 19:46:43,311 [ForkJoinPool.commonPool-worker-1] INFO  handler.ContextHandler (ContextHandler.java:doStop(1154)) - Stopped o.e.j.s.ServletContextHandler@301fa16a{static,/static,jar:file:/home/runner/.m2/repository/org/apache/ozone/hdds-container-service/1.2.0-SNAPSHOT/hdds-container-service-1.2.0-SNAPSHOT.jar!/webapps/static,STOPPED}
2021-06-07 19:46:43,311 [ForkJoinPool.commonPool-worker-1] INFO  handler.ContextHandler (ContextHandler.java:doStop(1154)) - Stopped o.e.j.s.ServletContextHandler@760b7e86{logs,/logs,file:///home/runner/work/ozone/ozone/mnt/ozone/hadoop-ozone/integration-test/target/log,STOPPED}
2021-06-07 19:46:44,094 [Datanode State Machine Thread - 0] INFO  statemachine.DatanodeStateMachine (DatanodeStateMachine.java:lambda$startDaemon$0(428)) - Ozone container server started.
2021-06-07 19:46:46,841 [9726e054-ce67-4d1e-af32-3adc5c4699d0@group-7CC1EDC876C1-FollowerState] INFO  impl.FollowerState (FollowerState.java:run(134)) - 9726e054-ce67-4d1e-af32-3adc5c4699d0@group-7CC1EDC876C1-FollowerState: change to CANDIDATE, lastRpcElapsedTime:5008160412ns, electionTimeout:5003ms
2021-06-07 19:46:46,841 [9726e054-ce67-4d1e-af32-3adc5c4699d0@group-7CC1EDC876C1-FollowerState] INFO  impl.RoleInfo (RoleInfo.java:shutdownFollowerState(108)) - 9726e054-ce67-4d1e-af32-3adc5c4699d0: shutdown 9726e054-ce67-4d1e-af32-3adc5c4699d0@group-7CC1EDC876C1-FollowerState
2021-06-07 19:46:46,841 [9726e054-ce67-4d1e-af32-3adc5c4699d0@group-7CC1EDC876C1-FollowerState] INFO  server.RaftServer$Division (RaftServerImpl.java:setRole(284)) - 9726e054-ce67-4d1e-af32-3adc5c4699d0@group-7CC1EDC876C1: changes role from  FOLLOWER to CANDIDATE at term 11 for changeToCandidate
2021-06-07 19:46:46,841 [9726e054-ce67-4d1e-af32-3adc5c4699d0@group-7CC1EDC876C1-FollowerState] INFO  server.RaftServerConfigKeys (ConfUtils.java:logGet(44)) - raft.server.leaderelection.pre-vote = false (custom)
2021-06-07 19:46:46,841 [9726e054-ce67-4d1e-af32-3adc5c4699d0@group-7CC1EDC876C1-FollowerState] INFO  impl.RoleInfo (RoleInfo.java:updateAndGet(130)) - 9726e054-ce67-4d1e-af32-3adc5c4699d0: start 9726e054-ce67-4d1e-af32-3adc5c4699d0@group-7CC1EDC876C1-LeaderElection21
2021-06-07 19:46:46,843 [9726e054-ce67-4d1e-af32-3adc5c4699d0@group-7CC1EDC876C1-LeaderElection21] INFO  impl.LeaderElection (LeaderElection.java:askForVotes(306)) - 9726e054-ce67-4d1e-af32-3adc5c4699d0@group-7CC1EDC876C1-LeaderElection21 ELECTION round 0: submit vote requests at term 12 for -1: [0ad07249-b243-4532-8f92-d6393c2ee78d|rpc:10.1.0.60:35737|priority:1, 9c0aefb8-820f-4500-982b-3157569b0c8b|rpc:10.1.0.60:36165|priority:0, 9726e054-ce67-4d1e-af32-3adc5c4699d0|rpc:10.1.0.60:41125|priority:0], old=null
2021-06-07 19:46:46,852 [9726e054-ce67-4d1e-af32-3adc5c4699d0@group-7CC1EDC876C1-LeaderElection21] INFO  impl.LeaderElection (LogUtils.java:infoOrTrace(137)) - 9726e054-ce67-4d1e-af32-3adc5c4699d0@group-7CC1EDC876C1-LeaderElection21 got exception when requesting votes: java.util.concurrent.ExecutionException: org.apache.ratis.thirdparty.io.grpc.StatusRuntimeException: UNAVAILABLE: io exception
2021-06-07 19:46:46,852 [9726e054-ce67-4d1e-af32-3adc5c4699d0@group-7CC1EDC876C1-LeaderElection21] INFO  impl.LeaderElection (LogUtils.java:infoOrTrace(137)) - 9726e054-ce67-4d1e-af32-3adc5c4699d0@group-7CC1EDC876C1-LeaderElection21 got exception when requesting votes: java.util.concurrent.ExecutionException: org.apache.ratis.thirdparty.io.grpc.StatusRuntimeException: UNAVAILABLE: io exception
2021-06-07 19:46:46,852 [9726e054-ce67-4d1e-af32-3adc5c4699d0@group-7CC1EDC876C1-LeaderElection21] INFO  impl.LeaderElection (LeaderElection.java:logAndReturn(89)) - 9726e054-ce67-4d1e-af32-3adc5c4699d0@group-7CC1EDC876C1-LeaderElection21: ELECTION REJECTED received 0 response(s) and 2 exception(s):
2021-06-07 19:46:46,852 [9726e054-ce67-4d1e-af32-3adc5c4699d0@group-7CC1EDC876C1-LeaderElection21] INFO  impl.LeaderElection (LogUtils.java:infoOrTrace(137)) -   Exception 0: java.util.concurrent.ExecutionException: org.apache.ratis.thirdparty.io.grpc.StatusRuntimeException: UNAVAILABLE: io exception
2021-06-07 19:46:46,852 [9726e054-ce67-4d1e-af32-3adc5c4699d0@group-7CC1EDC876C1-LeaderElection21] INFO  impl.LeaderElection (LogUtils.java:infoOrTrace(137)) -   Exception 1: java.util.concurrent.ExecutionException: org.apache.ratis.thirdparty.io.grpc.StatusRuntimeException: UNAVAILABLE: io exception
2021-06-07 19:46:46,852 [9726e054-ce67-4d1e-af32-3adc5c4699d0@group-7CC1EDC876C1-LeaderElection21] INFO  impl.LeaderElection (LeaderElection.java:askForVotes(308)) - 9726e054-ce67-4d1e-af32-3adc5c4699d0@group-7CC1EDC876C1-LeaderElection21 ELECTION round 0: result REJECTED
2021-06-07 19:46:46,852 [9726e054-ce67-4d1e-af32-3adc5c4699d0@group-7CC1EDC876C1-LeaderElection21] INFO  server.RaftServer$Division (RaftServerImpl.java:setRole(284)) - 9726e054-ce67-4d1e-af32-3adc5c4699d0@group-7CC1EDC876C1: changes role from CANDIDATE to FOLLOWER at term 12 for REJECTED
2021-06-07 19:46:46,853 [9726e054-ce67-4d1e-af32-3adc5c4699d0@group-7CC1EDC876C1-LeaderElection21] INFO  impl.RoleInfo (RoleInfo.java:shutdownLeaderElection(121)) - 9726e054-ce67-4d1e-af32-3adc5c4699d0: shutdown 9726e054-ce67-4d1e-af32-3adc5c4699d0@group-7CC1EDC876C1-LeaderElection21
2021-06-07 19:46:46,853 [9726e054-ce67-4d1e-af32-3adc5c4699d0@group-7CC1EDC876C1-LeaderElection21] INFO  impl.RoleInfo (RoleInfo.java:updateAndGet(130)) - 9726e054-ce67-4d1e-af32-3adc5c4699d0: start 9726e054-ce67-4d1e-af32-3adc5c4699d0@group-7CC1EDC876C1-FollowerState
2021-06-07 19:46:48,312 [Time-limited test] INFO  ozoneimpl.OzoneContainer (OzoneContainer.java:stop(316)) - Attempting to stop container services.
2021-06-07 19:46:48,313 [Time-limited test] INFO  server.RaftServer (RaftServerProxy.java:lambda$close$6(391)) - 9726e054-ce67-4d1e-af32-3adc5c4699d0: close
2021-06-07 19:46:48,313 [Time-limited test] INFO  server.RaftServer$Division (RaftServerImpl.java:lambda$close$4(406)) - 9726e054-ce67-4d1e-af32-3adc5c4699d0@group-4C25346BC119: shutdown
2021-06-07 19:46:48,313 [Time-limited test] INFO  util.JmxRegister (JmxRegister.java:unregister(73)) - Successfully un-registered JMX Bean with object name Ratis:service=RaftServer,group=group-4C25346BC119,id=9726e054-ce67-4d1e-af32-3adc5c4699d0
2021-06-07 19:46:48,314 [Time-limited test] INFO  impl.RoleInfo (RoleInfo.java:shutdownLeaderState(91)) - 9726e054-ce67-4d1e-af32-3adc5c4699d0: shutdown 9726e054-ce67-4d1e-af32-3adc5c4699d0@group-4C25346BC119-LeaderStateImpl
2021-06-07 19:46:48,314 [Time-limited test] INFO  impl.PendingRequests (PendingRequests.java:sendNotLeaderResponses(249)) - 9726e054-ce67-4d1e-af32-3adc5c4699d0@group-4C25346BC119-PendingRequests: sendNotLeaderResponses
2021-06-07 19:46:48,314 [Time-limited test] INFO  metrics.RatisMetrics (RatisMetrics.java:unregister(43)) - Unregistering Metrics Registry : ratis.log_appender.9726e054-ce67-4d1e-af32-3adc5c4699d0@group-4C25346BC119
2021-06-07 19:46:48,314 [Time-limited test] INFO  metrics.RatisMetrics (RatisMetrics.java:unregister(43)) - Unregistering Metrics Registry : ratis.server.9726e054-ce67-4d1e-af32-3adc5c4699d0@group-4C25346BC119
2021-06-07 19:46:48,315 [Time-limited test] INFO  impl.StateMachineUpdater (StateMachineUpdater.java:stopAndJoin(149)) - 9726e054-ce67-4d1e-af32-3adc5c4699d0@group-4C25346BC119-StateMachineUpdater: set stopIndex = 0
2021-06-07 19:46:48,315 [9726e054-ce67-4d1e-af32-3adc5c4699d0@group-4C25346BC119-StateMachineUpdater] INFO  ratis.ContainerStateMachine (ContainerStateMachine.java:takeSnapshot(292)) - group-4C25346BC119: Taking a snapshot at:(t:1, i:0) file /home/runner/work/ozone/ozone/mnt/ozone/hadoop-ozone/integration-test/target/test-dir/MiniOzoneClusterImpl-03cd68cf-68ac-428b-89d3-1b040d29d264/datanode-2/data/ratis/5e944d40-1aee-4d1a-afe7-4c25346bc119/sm/snapshot.1_0
2021-06-07 19:46:48,316 [9726e054-ce67-4d1e-af32-3adc5c4699d0@group-4C25346BC119-StateMachineUpdater] INFO  ratis.ContainerStateMachine (ContainerStateMachine.java:takeSnapshot(303)) - group-4C25346BC119: Finished taking a snapshot at:(t:1, i:0) file:/home/runner/work/ozone/ozone/mnt/ozone/hadoop-ozone/integration-test/target/test-dir/MiniOzoneClusterImpl-03cd68cf-68ac-428b-89d3-1b040d29d264/datanode-2/data/ratis/5e944d40-1aee-4d1a-afe7-4c25346bc119/sm/snapshot.1_0 took: 1 ms
2021-06-07 19:46:48,316 [9726e054-ce67-4d1e-af32-3adc5c4699d0@group-4C25346BC119-StateMachineUpdater] INFO  impl.StateMachineUpdater (StateMachineUpdater.java:takeSnapshot(281)) - 9726e054-ce67-4d1e-af32-3adc5c4699d0@group-4C25346BC119-StateMachineUpdater: Took a snapshot at index 0
2021-06-07 19:46:48,316 [9726e054-ce67-4d1e-af32-3adc5c4699d0@group-4C25346BC119-StateMachineUpdater] INFO  impl.StateMachineUpdater (StateMachineUpdater.java:lambda$new$0(89)) - 9726e054-ce67-4d1e-af32-3adc5c4699d0@group-4C25346BC119-StateMachineUpdater: snapshotIndex: updateIncreasingly -1 -> 0
2021-06-07 19:46:48,316 [9726e054-ce67-4d1e-af32-3adc5c4699d0@group-4C25346BC119-StateMachineUpdater] INFO  metrics.RatisMetrics (RatisMetrics.java:unregister(43)) - Unregistering Metrics Registry : ratis.state_machine.9726e054-ce67-4d1e-af32-3adc5c4699d0@group-4C25346BC119
2021-06-07 19:46:48,316 [Time-limited test] INFO  server.RaftServer$Division (ServerState.java:close(405)) - 9726e054-ce67-4d1e-af32-3adc5c4699d0@group-4C25346BC119: closes. applyIndex: 0
2021-06-07 19:46:48,317 [9726e054-ce67-4d1e-af32-3adc5c4699d0@group-4C25346BC119-SegmentedRaftLogWorker] INFO  segmented.SegmentedRaftLogWorker (SegmentedRaftLogWorker.java:run(327)) - 9726e054-ce67-4d1e-af32-3adc5c4699d0@group-4C25346BC119-SegmentedRaftLogWorker was interrupted, exiting. There are 0 tasks remaining in the queue.
2021-06-07 19:46:48,317 [Time-limited test] INFO  segmented.SegmentedRaftLogWorker (SegmentedRaftLogWorker.java:close(237)) - 9726e054-ce67-4d1e-af32-3adc5c4699d0@group-4C25346BC119-SegmentedRaftLogWorker close()
2021-06-07 19:46:48,319 [Time-limited test] INFO  metrics.RatisMetrics (RatisMetrics.java:unregister(43)) - Unregistering Metrics Registry : ratis.log_worker.9726e054-ce67-4d1e-af32-3adc5c4699d0@group-4C25346BC119
2021-06-07 19:46:48,319 [Time-limited test] INFO  metrics.RatisMetrics (RatisMetrics.java:unregister(43)) - Unregistering Metrics Registry : ratis.leader_election.9726e054-ce67-4d1e-af32-3adc5c4699d0@group-4C25346BC119
2021-06-07 19:46:48,319 [Time-limited test] INFO  metrics.RatisMetrics (RatisMetrics.java:unregister(43)) - Unregistering Metrics Registry : ratis.server.9726e054-ce67-4d1e-af32-3adc5c4699d0@group-4C25346BC119
2021-06-07 19:46:48,319 [Time-limited test] INFO  server.RaftServer$Division (RaftServerImpl.java:lambda$close$4(406)) - 9726e054-ce67-4d1e-af32-3adc5c4699d0@group-7CC1EDC876C1: shutdown
2021-06-07 19:46:48,319 [Time-limited test] INFO  util.JmxRegister (JmxRegister.java:unregister(73)) - Successfully un-registered JMX Bean with object name Ratis:service=RaftServer,group=group-7CC1EDC876C1,id=9726e054-ce67-4d1e-af32-3adc5c4699d0
2021-06-07 19:46:48,320 [Time-limited test] INFO  impl.RoleInfo (RoleInfo.java:shutdownFollowerState(108)) - 9726e054-ce67-4d1e-af32-3adc5c4699d0: shutdown 9726e054-ce67-4d1e-af32-3adc5c4699d0@group-7CC1EDC876C1-FollowerState
2021-06-07 19:46:48,320 [Time-limited test] INFO  impl.StateMachineUpdater (StateMachineUpdater.java:stopAndJoin(149)) - 9726e054-ce67-4d1e-af32-3adc5c4699d0@group-7CC1EDC876C1-StateMachineUpdater: set stopIndex = -1
2021-06-07 19:46:48,320 [9726e054-ce67-4d1e-af32-3adc5c4699d0@group-7CC1EDC876C1-StateMachineUpdater] INFO  metrics.RatisMetrics (RatisMetrics.java:unregister(43)) - Unregistering Metrics Registry : ratis.state_machine.9726e054-ce67-4d1e-af32-3adc5c4699d0@group-7CC1EDC876C1
2021-06-07 19:46:48,320 [Time-limited test] INFO  server.RaftServer$Division (ServerState.java:close(405)) - 9726e054-ce67-4d1e-af32-3adc5c4699d0@group-7CC1EDC876C1: closes. applyIndex: -1
2021-06-07 19:46:48,320 [9726e054-ce67-4d1e-af32-3adc5c4699d0@group-7CC1EDC876C1-SegmentedRaftLogWorker] INFO  segmented.SegmentedRaftLogWorker (SegmentedRaftLogWorker.java:run(327)) - 9726e054-ce67-4d1e-af32-3adc5c4699d0@group-7CC1EDC876C1-SegmentedRaftLogWorker was interrupted, exiting. There are 0 tasks remaining in the queue.
2021-06-07 19:46:48,321 [Time-limited test] INFO  segmented.SegmentedRaftLogWorker (SegmentedRaftLogWorker.java:close(237)) - 9726e054-ce67-4d1e-af32-3adc5c4699d0@group-7CC1EDC876C1-SegmentedRaftLogWorker close()
2021-06-07 19:46:48,320 [9726e054-ce67-4d1e-af32-3adc5c4699d0@group-7CC1EDC876C1-FollowerState] INFO  impl.FollowerState (FollowerState.java:run(143)) - 9726e054-ce67-4d1e-af32-3adc5c4699d0@group-7CC1EDC876C1-FollowerState was interrupted: {}
java.lang.InterruptedException: sleep interrupted
	at java.lang.Thread.sleep(Native Method)
	at java.lang.Thread.sleep(Thread.java:340)
	at java.util.concurrent.TimeUnit.sleep(TimeUnit.java:386)
	at org.apache.ratis.util.TimeDuration.sleep(TimeDuration.java:324)
	at org.apache.ratis.util.TimeDuration.sleep(TimeDuration.java:309)
	at org.apache.ratis.server.impl.FollowerState.run(FollowerState.java:118)
2021-06-07 19:46:48,322 [Time-limited test] INFO  metrics.RatisMetrics (RatisMetrics.java:unregister(43)) - Unregistering Metrics Registry : ratis.log_worker.9726e054-ce67-4d1e-af32-3adc5c4699d0@group-7CC1EDC876C1
2021-06-07 19:46:48,322 [Time-limited test] INFO  metrics.RatisMetrics (RatisMetrics.java:unregister(43)) - Unregistering Metrics Registry : ratis.leader_election.9726e054-ce67-4d1e-af32-3adc5c4699d0@group-7CC1EDC876C1
2021-06-07 19:46:48,323 [Time-limited test] INFO  metrics.RatisMetrics (RatisMetrics.java:unregister(43)) - Unregistering Metrics Registry : ratis.server.9726e054-ce67-4d1e-af32-3adc5c4699d0@group-7CC1EDC876C1
2021-06-07 19:46:48,323 [Time-limited test] INFO  server.GrpcService (GrpcService.java:closeImpl(262)) - 9726e054-ce67-4d1e-af32-3adc5c4699d0: shutdown server with port 41125 now
2021-06-07 19:46:48,332 [Time-limited test] INFO  server.GrpcService (GrpcService.java:closeImpl(271)) - 9726e054-ce67-4d1e-af32-3adc5c4699d0: shutdown server with port 41125 successfully
2021-06-07 19:46:48,333 [org.apache.ratis.util.JvmPauseMonitor$$Lambda$513/1826718760@48b045b7] INFO  util.JvmPauseMonitor (JvmPauseMonitor.java:run(109)) - JvmPauseMonitor-9726e054-ce67-4d1e-af32-3adc5c4699d0: Stopped
2021-06-07 19:46:48,335 [Time-limited test] INFO  utils.BackgroundService (BackgroundService.java:shutdown(132)) - Shutting down service BlockDeletingService
2021-06-07 19:46:48,336 [Time-limited test] INFO  statemachine.DatanodeStateMachine (DatanodeStateMachine.java:stopDaemon(486)) - Ozone container server stopped.
2021-06-07 19:46:48,340 [Time-limited test] INFO  handler.ContextHandler (ContextHandler.java:doStop(1154)) - Stopped o.e.j.w.WebAppContext@3c56dce0{hddsDatanode,/,null,STOPPED}{jar:file:/home/runner/.m2/repository/org/apache/ozone/hdds-container-service/1.2.0-SNAPSHOT/hdds-container-service-1.2.0-SNAPSHOT.jar!/webapps/hddsDatanode}
2021-06-07 19:46:48,341 [Time-limited test] INFO  server.AbstractConnector (AbstractConnector.java:doStop(381)) - Stopped ServerConnector@5a8ccc6c{HTTP/1.1, (http/1.1)}{0.0.0.0:0}
2021-06-07 19:46:48,341 [Time-limited test] INFO  server.session (HouseKeeper.java:stopScavenging(149)) - node0 Stopped scavenging
2021-06-07 19:46:48,341 [Time-limited test] INFO  handler.ContextHandler (ContextHandler.java:doStop(1154)) - Stopped o.e.j.s.ServletContextHandler@5bf85ad1{static,/static,jar:file:/home/runner/.m2/repository/org/apache/ozone/hdds-container-service/1.2.0-SNAPSHOT/hdds-container-service-1.2.0-SNAPSHOT.jar!/webapps/static,STOPPED}
2021-06-07 19:46:48,346 [Time-limited test] INFO  handler.ContextHandler (ContextHandler.java:doStop(1154)) - Stopped o.e.j.s.ServletContextHandler@1b58ca7b{logs,/logs,file:///home/runner/work/ozone/ozone/mnt/ozone/hadoop-ozone/integration-test/target/log,STOPPED}
2021-06-07 19:46:48,348 [Time-limited test] INFO  ozone.MiniOzoneClusterImpl (MiniOzoneClusterImpl.java:stopSCM(532)) - Stopping the StorageContainerManager
2021-06-07 19:46:48,348 [Time-limited test] INFO  server.StorageContainerManager (StorageContainerManager.java:stop(1296)) - Stopping Replication Manager Service.
2021-06-07 19:46:48,348 [Time-limited test] INFO  container.ReplicationManager (ReplicationManager.java:stop(268)) - Stopping Replication Monitor Thread.
2021-06-07 19:46:48,348 [Time-limited test] INFO  server.StorageContainerManager (StorageContainerManager.java:stop(1303)) - Stopping the Datanode Admin Monitor.
2021-06-07 19:46:48,348 [Time-limited test] INFO  server.StorageContainerManager (StorageContainerManager.java:stop(1310)) - Stopping Lease Manager of the command watchers
2021-06-07 19:46:48,348 [Time-limited test] INFO  server.StorageContainerManager (StorageContainerManager.java:stop(1317)) - Stopping datanode service RPC server
2021-06-07 19:46:48,349 [Time-limited test] INFO  server.SCMDatanodeProtocolServer (SCMDatanodeProtocolServer.java:stop(374)) - Stopping the RPC server for DataNodes
2021-06-07 19:46:48,349 [Time-limited test] INFO  ipc.Server (Server.java:stop(3403)) - Stopping server on 34605
2021-06-07 19:46:48,350 [IPC Server listener on 0] INFO  ipc.Server (Server.java:run(1366)) - Stopping IPC Server listener on 0
2021-06-07 19:46:48,352 [IPC Server Responder] INFO  ipc.Server (Server.java:run(1502)) - Stopping IPC Server Responder
2021-06-07 19:46:48,435 [SCM Heartbeat Processing Thread - 0] WARN  node.NodeStateManager (NodeStateManager.java:scheduleNextHealthCheck(688)) - Current Thread is interrupted, shutting down HB processing thread for Node Manager.
2021-06-07 19:46:48,435 [Time-limited test] INFO  server.StorageContainerManager (StorageContainerManager.java:stop(1325)) - Stopping block service RPC server
2021-06-07 19:46:48,436 [Time-limited test] INFO  server.SCMBlockProtocolServer (SCMBlockProtocolServer.java:stop(158)) - Stopping the RPC server for Block Protocol
2021-06-07 19:46:48,436 [Time-limited test] INFO  ipc.Server (Server.java:stop(3403)) - Stopping server on 40249
2021-06-07 19:46:48,438 [Time-limited test] INFO  server.StorageContainerManager (StorageContainerManager.java:stop(1332)) - Stopping the StorageContainerLocationProtocol RPC server
2021-06-07 19:46:48,438 [IPC Server Responder] INFO  ipc.Server (Server.java:run(1502)) - Stopping IPC Server Responder
2021-06-07 19:46:48,438 [IPC Server listener on 0] INFO  ipc.Server (Server.java:run(1366)) - Stopping IPC Server listener on 0
2021-06-07 19:46:48,438 [Time-limited test] INFO  server.SCMClientProtocolServer (SCMClientProtocolServer.java:stop(166)) - Stopping the RPC server for Client Protocol
2021-06-07 19:46:48,439 [Time-limited test] INFO  ipc.Server (Server.java:stop(3403)) - Stopping server on 39015
2021-06-07 19:46:48,441 [IPC Server Responder] INFO  ipc.Server (Server.java:run(1502)) - Stopping IPC Server Responder
2021-06-07 19:46:48,441 [Time-limited test] INFO  server.StorageContainerManager (StorageContainerManager.java:stop(1339)) - Stopping Storage Container Manager HTTP server.
2021-06-07 19:46:48,441 [IPC Server listener on 0] INFO  ipc.Server (Server.java:run(1366)) - Stopping IPC Server listener on 0
2021-06-07 19:46:48,446 [Time-limited test] INFO  handler.ContextHandler (ContextHandler.java:doStop(1154)) - Stopped o.e.j.w.WebAppContext@3534b473{scm,/,null,STOPPED}{file:/home/runner/work/ozone/ozone/mnt/ozone/hadoop-ozone/integration-test/target/test-classes/webapps/scm}
2021-06-07 19:46:48,447 [Time-limited test] INFO  server.AbstractConnector (AbstractConnector.java:doStop(381)) - Stopped ServerConnector@2905cdd1{HTTP/1.1, (http/1.1)}{0.0.0.0:0}
2021-06-07 19:46:48,447 [Time-limited test] INFO  server.session (HouseKeeper.java:stopScavenging(149)) - node0 Stopped scavenging
2021-06-07 19:46:48,448 [Time-limited test] INFO  handler.ContextHandler (ContextHandler.java:doStop(1154)) - Stopped o.e.j.s.ServletContextHandler@781dd8fb{static,/static,file:///home/runner/work/ozone/ozone/mnt/ozone/hadoop-ozone/integration-test/target/test-classes/webapps/static,STOPPED}
2021-06-07 19:46:48,448 [Time-limited test] INFO  handler.ContextHandler (ContextHandler.java:doStop(1154)) - Stopped o.e.j.s.ServletContextHandler@7a14a94d{logs,/logs,file:///home/runner/work/ozone/ozone/mnt/ozone/hadoop-ozone/integration-test/target/log,STOPPED}
2021-06-07 19:46:48,449 [Time-limited test] INFO  server.StorageContainerManager (StorageContainerManager.java:stop(1350)) - Stopping Block Manager Service.
2021-06-07 19:46:48,449 [Time-limited test] INFO  utils.BackgroundService (BackgroundService.java:shutdown(132)) - Shutting down service SCMBlockDeletingService
2021-06-07 19:46:48,450 [Time-limited test] INFO  utils.BackgroundService (BackgroundService.java:shutdown(132)) - Shutting down service SCMBlockDeletingService
2021-06-07 19:46:48,450 [Time-limited test] INFO  server.StorageContainerManager (StorageContainerManager.java:stop(1377)) - Stopping SCM Event Queue.
2021-06-07 19:46:48,452 [Time-limited test] WARN  pipeline.BackgroundPipelineCreator (BackgroundPipelineCreatorV2.java:stop(154)) - RatisPipelineUtilsThread is not running, just ignore.
2021-06-07 19:46:48,453 [Time-limited test] INFO  impl.MetricsSystemImpl (MetricsSystemImpl.java:stop(210)) - Stopping HddsDatanode metrics system...
2021-06-07 19:46:48,456 [prometheus] INFO  impl.MetricsSinkAdapter (MetricsSinkAdapter.java:publishMetricsFromQueue(141)) - prometheus thread interrupted.
2021-06-07 19:46:48,456 [Time-limited test] INFO  impl.MetricsSystemImpl (MetricsSystemImpl.java:stop(216)) - HddsDatanode metrics system stopped.
]]></system-out>
  </testcase>
  <testcase name="testDNstartAfterSCM" classname="org.apache.hadoop.ozone.TestMiniOzoneCluster" time="60.759"/>
  <testcase name="testDatanodeIDPersistent" classname="org.apache.hadoop.ozone.TestMiniOzoneCluster" time="0.024"/>
  <testcase name="testContainerRandomPort" classname="org.apache.hadoop.ozone.TestMiniOzoneCluster" time="0.177"/>
</testsuite>