<?xml version="1.0" encoding="UTF-8"?>
<testsuite xmlns:xsi="http://www.w3.org/2001/XMLSchema-instance" xsi:noNamespaceSchemaLocation="https://maven.apache.org/surefire/maven-surefire-plugin/xsd/surefire-test-report-3.0.xsd" version="3.0" name="org.apache.hadoop.ozone.client.rpc.TestSecureOzoneRpcClient" time="91.626" tests="122" errors="0" skipped="1" failures="1">
  <properties>
    <property name="awt.toolkit" value="sun.awt.X11.XToolkit"/>
    <property name="file.encoding.pkg" value="sun.io"/>
    <property name="java.specification.version" value="1.8"/>
    <property name="sun.cpu.isalist" value=""/>
    <property name="sun.jnu.encoding" value="UTF-8"/>
    <property name="java.class.path" value="/home/runner/work/ozone/ozone/hadoop-ozone/integration-test/target/test-classes:/home/runner/work/ozone/ozone/hadoop-ozone/integration-test/target/classes:/home/runner/.m2/repository/org/apache/ozone/ozone-common/1.4.0-SNAPSHOT/ozone-common-1.4.0-SNAPSHOT.jar:/home/runner/.m2/repository/io/grpc/grpc-netty/1.51.1/grpc-netty-1.51.1.jar:/home/runner/.m2/repository/io/grpc/grpc-core/1.51.1/grpc-core-1.51.1.jar:/home/runner/.m2/repository/com/google/android/annotations/4.1.1.4/annotations-4.1.1.4.jar:/home/runner/.m2/repository/org/codehaus/mojo/animal-sniffer-annotations/1.21/animal-sniffer-annotations-1.21.jar:/home/runner/.m2/repository/com/google/errorprone/error_prone_annotations/2.2.0/error_prone_annotations-2.2.0.jar:/home/runner/.m2/repository/io/perfmark/perfmark-api/0.25.0/perfmark-api-0.25.0.jar:/home/runner/.m2/repository/io/netty/netty-codec-http2/4.1.86.Final/netty-codec-http2-4.1.86.Final.jar:/home/runner/.m2/repository/io/netty/netty-common/4.1.86.Final/netty-common-4.1.86.Final.jar:/home/runner/.m2/repository/io/netty/netty-buffer/4.1.86.Final/netty-buffer-4.1.86.Final.jar:/home/runner/.m2/repository/io/netty/netty-codec-http/4.1.86.Final/netty-codec-http-4.1.86.Final.jar:/home/runner/.m2/repository/io/netty/netty-handler-proxy/4.1.86.Final/netty-handler-proxy-4.1.86.Final.jar:/home/runner/.m2/repository/io/netty/netty-codec-socks/4.1.86.Final/netty-codec-socks-4.1.86.Final.jar:/home/runner/.m2/repository/io/netty/netty-tcnative-boringssl-static/2.0.54.Final/netty-tcnative-boringssl-static-2.0.54.Final.jar:/home/runner/.m2/repository/io/netty/netty-tcnative-classes/2.0.54.Final/netty-tcnative-classes-2.0.54.Final.jar:/home/runner/.m2/repository/io/netty/netty-tcnative-boringssl-static/2.0.54.Final/netty-tcnative-boringssl-static-2.0.54.Final-linux-x86_64.jar:/home/runner/.m2/repository/io/netty/netty-tcnative-boringssl-static/2.0.54.Final/netty-tcnative-boringssl-static-2.0.54.Final-linux-aarch_64.jar:/home/runner/.m2/repository/io/netty/netty-tcnative-boringssl-static/2.0.54.Final/netty-tcnative-boringssl-static-2.0.54.Final-osx-x86_64.jar:/home/runner/.m2/repository/io/netty/netty-tcnative-boringssl-static/2.0.54.Final/netty-tcnative-boringssl-static-2.0.54.Final-osx-aarch_64.jar:/home/runner/.m2/repository/io/netty/netty-tcnative-boringssl-static/2.0.54.Final/netty-tcnative-boringssl-static-2.0.54.Final-windows-x86_64.jar:/home/runner/.m2/repository/org/apache/commons/commons-compress/1.21/commons-compress-1.21.jar:/home/runner/.m2/repository/org/apache/ozone/hdds-common/1.4.0-SNAPSHOT/hdds-common-1.4.0-SNAPSHOT.jar:/home/runner/.m2/repository/org/apache/ozone/hdds-client/1.4.0-SNAPSHOT/hdds-client-1.4.0-SNAPSHOT.jar:/home/runner/.m2/repository/org/apache/ozone/ozone-interface-client/1.4.0-SNAPSHOT/ozone-interface-client-1.4.0-SNAPSHOT.jar:/home/runner/.m2/repository/org/apache/hadoop/hadoop-hdfs-client/3.3.5/hadoop-hdfs-client-3.3.5.jar:/home/runner/.m2/repository/com/squareup/okhttp3/okhttp/4.9.3/okhttp-4.9.3.jar:/home/runner/.m2/repository/com/squareup/okio/okio/2.8.0/okio-2.8.0.jar:/home/runner/.m2/repository/org/jetbrains/kotlin/kotlin-stdlib-common/1.6.21/kotlin-stdlib-common-1.6.21.jar:/home/runner/.m2/repository/org/apache/ozone/hdds-test-utils/1.4.0-SNAPSHOT/hdds-test-utils-1.4.0-SNAPSHOT.jar:/home/runner/.m2/repository/com/google/guava/guava/31.1-jre/guava-31.1-jre.jar:/home/runner/.m2/repository/com/google/guava/failureaccess/1.0.1/failureaccess-1.0.1.jar:/home/runner/.m2/repository/com/google/guava/listenablefuture/9999.0-empty-to-avoid-conflict-with-guava/listenablefuture-9999.0-empty-to-avoid-conflict-with-guava.jar:/home/runner/.m2/repository/com/google/code/findbugs/jsr305/3.0.0/jsr305-3.0.0.jar:/home/runner/.m2/repository/org/checkerframework/checker-qual/3.12.0/checker-qual-3.12.0.jar:/home/runner/.m2/repository/com/google/j2objc/j2objc-annotations/1.3/j2objc-annotations-1.3.jar:/home/runner/.m2/repository/commons-io/commons-io/2.11.0/commons-io-2.11.0.jar:/home/runner/.m2/repository/commons-logging/commons-logging/1.2/commons-logging-1.2.jar:/home/runner/.m2/repository/ch/qos/reload4j/reload4j/1.2.22/reload4j-1.2.22.jar:/home/runner/.m2/repository/org/slf4j/slf4j-api/1.7.36/slf4j-api-1.7.36.jar:/home/runner/.m2/repository/org/apache/ozone/hdds-server-scm/1.4.0-SNAPSHOT/hdds-server-scm-1.4.0-SNAPSHOT.jar:/home/runner/.m2/repository/org/apache/ozone/hdds-container-service/1.4.0-SNAPSHOT/hdds-container-service-1.4.0-SNAPSHOT.jar:/home/runner/.m2/repository/org/apache/ozone/hdds-hadoop-dependency-server/1.4.0-SNAPSHOT/hdds-hadoop-dependency-server-1.4.0-SNAPSHOT.jar:/home/runner/.m2/repository/org/apache/hadoop/hadoop-hdfs/3.3.5/hadoop-hdfs-3.3.5.jar:/home/runner/.m2/repository/commons-daemon/commons-daemon/1.0.13/commons-daemon-1.0.13.jar:/home/runner/.m2/repository/org/apache/ozone/hdds-server-framework/1.4.0-SNAPSHOT/hdds-server-framework-1.4.0-SNAPSHOT.jar:/home/runner/.m2/repository/io/dropwizard/metrics/metrics-core/3.2.4/metrics-core-3.2.4.jar:/home/runner/.m2/repository/org/apache/commons/commons-text/1.4/commons-text-1.4.jar:/home/runner/.m2/repository/org/bouncycastle/bcprov-jdk15on/1.67/bcprov-jdk15on-1.67.jar:/home/runner/.m2/repository/com/google/protobuf/protobuf-java/2.5.0/protobuf-java-2.5.0.jar:/home/runner/.m2/repository/org/apache/ozone/hdds-server-framework/1.4.0-SNAPSHOT/hdds-server-framework-1.4.0-SNAPSHOT-tests.jar:/home/runner/.m2/repository/org/apache/ozone/hdds-interface-server/1.4.0-SNAPSHOT/hdds-interface-server-1.4.0-SNAPSHOT.jar:/home/runner/.m2/repository/org/apache/ozone/hdds-interface-admin/1.4.0-SNAPSHOT/hdds-interface-admin-1.4.0-SNAPSHOT.jar:/home/runner/.m2/repository/org/apache/ozone/hdds-managed-rocksdb/1.4.0-SNAPSHOT/hdds-managed-rocksdb-1.4.0-SNAPSHOT.jar:/home/runner/.m2/repository/org/rocksdb/rocksdbjni/7.7.3/rocksdbjni-7.7.3.jar:/home/runner/.m2/repository/org/slf4j/slf4j-reload4j/1.7.36/slf4j-reload4j-1.7.36.jar:/home/runner/.m2/repository/org/apache/commons/commons-configuration2/2.1.1/commons-configuration2-2.1.1.jar:/home/runner/.m2/repository/org/apache/logging/log4j/log4j-core/2.17.1/log4j-core-2.17.1.jar:/home/runner/.m2/repository/com/lmax/disruptor/3.4.2/disruptor-3.4.2.jar:/home/runner/.m2/repository/org/eclipse/jetty/jetty-util/9.4.51.v20230217/jetty-util-9.4.51.v20230217.jar:/home/runner/.m2/repository/org/eclipse/jetty/jetty-server/9.4.51.v20230217/jetty-server-9.4.51.v20230217.jar:/home/runner/.m2/repository/org/eclipse/jetty/jetty-http/9.4.51.v20230217/jetty-http-9.4.51.v20230217.jar:/home/runner/.m2/repository/org/eclipse/jetty/jetty-io/9.4.51.v20230217/jetty-io-9.4.51.v20230217.jar:/home/runner/.m2/repository/org/eclipse/jetty/jetty-servlet/9.4.51.v20230217/jetty-servlet-9.4.51.v20230217.jar:/home/runner/.m2/repository/org/eclipse/jetty/jetty-security/9.4.51.v20230217/jetty-security-9.4.51.v20230217.jar:/home/runner/.m2/repository/org/eclipse/jetty/jetty-util-ajax/9.4.51.v20230217/jetty-util-ajax-9.4.51.v20230217.jar:/home/runner/.m2/repository/org/eclipse/jetty/jetty-webapp/9.4.51.v20230217/jetty-webapp-9.4.51.v20230217.jar:/home/runner/.m2/repository/org/eclipse/jetty/jetty-xml/9.4.51.v20230217/jetty-xml-9.4.51.v20230217.jar:/home/runner/.m2/repository/org/apache/ratis/ratis-server/2.5.1/ratis-server-2.5.1.jar:/home/runner/.m2/repository/org/apache/ratis/ratis-thirdparty-misc/1.0.4/ratis-thirdparty-misc-1.0.4.jar:/home/runner/.m2/repository/org/apache/ratis/ratis-proto/2.5.1/ratis-proto-2.5.1.jar:/home/runner/.m2/repository/org/apache/ratis/ratis-common/2.5.1/ratis-common-2.5.1.jar:/home/runner/.m2/repository/org/apache/ratis/ratis-client/2.5.1/ratis-client-2.5.1.jar:/home/runner/.m2/repository/org/apache/ratis/ratis-server-api/2.5.1/ratis-server-api-2.5.1.jar:/home/runner/.m2/repository/org/apache/ratis/ratis-metrics/2.5.1/ratis-metrics-2.5.1.jar:/home/runner/.m2/repository/io/prometheus/simpleclient_dropwizard/0.7.0/simpleclient_dropwizard-0.7.0.jar:/home/runner/.m2/repository/io/prometheus/simpleclient/0.7.0/simpleclient-0.7.0.jar:/home/runner/.m2/repository/io/prometheus/simpleclient_common/0.7.0/simpleclient_common-0.7.0.jar:/home/runner/.m2/repository/com/fasterxml/jackson/datatype/jackson-datatype-jsr310/2.13.4/jackson-datatype-jsr310-2.13.4.jar:/home/runner/.m2/repository/com/fasterxml/jackson/core/jackson-core/2.13.4/jackson-core-2.13.4.jar:/home/runner/.m2/repository/com/github/spotbugs/spotbugs-annotations/3.1.12/spotbugs-annotations-3.1.12.jar:/home/runner/.m2/repository/org/apache/ozone/rocksdb-checkpoint-differ/1.4.0-SNAPSHOT/rocksdb-checkpoint-differ-1.4.0-SNAPSHOT.jar:/home/runner/.m2/repository/org/awaitility/awaitility/4.2.0/awaitility-4.2.0.jar:/home/runner/.m2/repository/org/hamcrest/hamcrest/2.1/hamcrest-2.1.jar:/home/runner/.m2/repository/org/apache/ozone/ozone-manager/1.4.0-SNAPSHOT/ozone-manager-1.4.0-SNAPSHOT.jar:/home/runner/.m2/repository/org/aspectj/aspectjrt/1.9.7/aspectjrt-1.9.7.jar:/home/runner/.m2/repository/org/aspectj/aspectjweaver/1.9.7/aspectjweaver-1.9.7.jar:/home/runner/.m2/repository/org/apache/ozone/hdds-interface-client/1.4.0-SNAPSHOT/hdds-interface-client-1.4.0-SNAPSHOT.jar:/home/runner/.m2/repository/org/apache/hadoop/thirdparty/hadoop-shaded-protobuf_3_7/1.1.1/hadoop-shaded-protobuf_3_7-1.1.1.jar:/home/runner/.m2/repository/org/apache/ozone/ozone-interface-storage/1.4.0-SNAPSHOT/ozone-interface-storage-1.4.0-SNAPSHOT.jar:/home/runner/.m2/repository/org/reflections/reflections/0.9.11/reflections-0.9.11.jar:/home/runner/.m2/repository/com/sun/jersey/jersey-client/1.19/jersey-client-1.19.jar:/home/runner/.m2/repository/org/codehaus/jackson/jackson-core-asl/1.9.13/jackson-core-asl-1.9.13.jar:/home/runner/.m2/repository/org/codehaus/jackson/jackson-mapper-asl/1.9.13/jackson-mapper-asl-1.9.13.jar:/home/runner/.m2/repository/org/codehaus/jackson/jackson-jaxrs/1.9.13/jackson-jaxrs-1.9.13.jar:/home/runner/.m2/repository/org/apache/ranger/ranger-intg/2.3.0/ranger-intg-2.3.0.jar:/home/runner/.m2/repository/org/apache/ranger/ranger-plugins-common/2.3.0/ranger-plugins-common-2.3.0.jar:/home/runner/.m2/repository/commons-lang/commons-lang/2.6/commons-lang-2.6.jar:/home/runner/.m2/repository/org/apache/ranger/ranger-plugins-cred/2.3.0/ranger-plugins-cred-2.3.0.jar:/home/runner/.m2/repository/org/apache/ranger/ranger-plugins-audit/2.3.0/ranger-plugins-audit-2.3.0.jar:/home/runner/.m2/repository/org/eclipse/jetty/jetty-client/9.4.51.v20230217/jetty-client-9.4.51.v20230217.jar:/home/runner/.m2/repository/org/apache/httpcomponents/httpmime/4.5.6/httpmime-4.5.6.jar:/home/runner/.m2/repository/org/apache/httpcomponents/httpcore-nio/4.4.13/httpcore-nio-4.4.13.jar:/home/runner/.m2/repository/org/apache/httpcomponents/httpasyncclient/4.1.3/httpasyncclient-4.1.3.jar:/home/runner/.m2/repository/com/carrotsearch/hppc/0.8.0/hppc-0.8.0.jar:/home/runner/.m2/repository/org/apache/orc/orc-core/1.5.8/orc-core-1.5.8.jar:/home/runner/.m2/repository/net/java/dev/jna/jna/5.2.0/jna-5.2.0.jar:/home/runner/.m2/repository/net/java/dev/jna/jna-platform/5.2.0/jna-platform-5.2.0.jar:/home/runner/.m2/repository/com/kstruct/gethostname4j/0.0.2/gethostname4j-0.0.2.jar:/home/runner/.m2/repository/org/apache/ranger/ranger-plugin-classloader/2.3.0/ranger-plugin-classloader-2.3.0.jar:/home/runner/.m2/repository/org/apache/ozone/hdds-rocks-native/1.4.0-SNAPSHOT/hdds-rocks-native-1.4.0-SNAPSHOT.jar:/home/runner/.m2/repository/org/apache/hadoop/hadoop-minikdc/3.3.5/hadoop-minikdc-3.3.5.jar:/home/runner/.m2/repository/org/apache/kerby/kerb-simplekdc/1.0.1/kerb-simplekdc-1.0.1.jar:/home/runner/.m2/repository/org/apache/kerby/kerb-client/1.0.1/kerb-client-1.0.1.jar:/home/runner/.m2/repository/org/apache/kerby/kerby-config/1.0.1/kerby-config-1.0.1.jar:/home/runner/.m2/repository/org/apache/kerby/kerb-common/1.0.1/kerb-common-1.0.1.jar:/home/runner/.m2/repository/org/apache/kerby/kerb-crypto/1.0.1/kerb-crypto-1.0.1.jar:/home/runner/.m2/repository/org/apache/kerby/kerb-util/1.0.1/kerb-util-1.0.1.jar:/home/runner/.m2/repository/org/apache/kerby/token-provider/1.0.1/token-provider-1.0.1.jar:/home/runner/.m2/repository/org/apache/kerby/kerb-admin/1.0.1/kerb-admin-1.0.1.jar:/home/runner/.m2/repository/org/apache/kerby/kerb-server/1.0.1/kerb-server-1.0.1.jar:/home/runner/.m2/repository/org/apache/kerby/kerb-identity/1.0.1/kerb-identity-1.0.1.jar:/home/runner/.m2/repository/org/apache/kerby/kerby-xdr/1.0.1/kerby-xdr-1.0.1.jar:/home/runner/.m2/repository/org/apache/ozone/ozone-s3gateway/1.4.0-SNAPSHOT/ozone-s3gateway-1.4.0-SNAPSHOT.jar:/home/runner/.m2/repository/org/javassist/javassist/3.21.0-GA/javassist-3.21.0-GA.jar:/home/runner/.m2/repository/org/jboss/weld/servlet/weld-servlet-shaded/3.1.9.Final/weld-servlet-shaded-3.1.9.Final.jar:/home/runner/.m2/repository/org/glassfish/jersey/containers/jersey-container-servlet-core/2.34/jersey-container-servlet-core-2.34.jar:/home/runner/.m2/repository/org/glassfish/hk2/external/jakarta.inject/2.6.1/jakarta.inject-2.6.1.jar:/home/runner/.m2/repository/org/glassfish/jersey/core/jersey-common/2.34/jersey-common-2.34.jar:/home/runner/.m2/repository/jakarta/ws/rs/jakarta.ws.rs-api/2.1.6/jakarta.ws.rs-api-2.1.6.jar:/home/runner/.m2/repository/org/glassfish/jersey/ext/cdi/jersey-cdi1x/2.34/jersey-cdi1x-2.34.jar:/home/runner/.m2/repository/org/glassfish/jersey/inject/jersey-hk2/2.34/jersey-hk2-2.34.jar:/home/runner/.m2/repository/org/glassfish/hk2/hk2-locator/2.6.1/hk2-locator-2.6.1.jar:/home/runner/.m2/repository/org/glassfish/jersey/media/jersey-media-jaxb/2.34/jersey-media-jaxb-2.34.jar:/home/runner/.m2/repository/org/glassfish/hk2/osgi-resource-locator/1.0.3/osgi-resource-locator-1.0.3.jar:/home/runner/.m2/repository/org/glassfish/hk2/hk2-api/2.5.0/hk2-api-2.5.0.jar:/home/runner/.m2/repository/org/glassfish/hk2/hk2-utils/2.5.0/hk2-utils-2.5.0.jar:/home/runner/.m2/repository/org/glassfish/hk2/external/aopalliance-repackaged/2.5.0/aopalliance-repackaged-2.5.0.jar:/home/runner/.m2/repository/com/fasterxml/jackson/dataformat/jackson-dataformat-xml/2.13.4/jackson-dataformat-xml-2.13.4.jar:/home/runner/.m2/repository/org/codehaus/woodstox/stax2-api/4.2.1/stax2-api-4.2.1.jar:/home/runner/.m2/repository/com/fasterxml/woodstox/woodstox-core/5.4.0/woodstox-core-5.4.0.jar:/home/runner/.m2/repository/com/fasterxml/jackson/module/jackson-module-jaxb-annotations/2.13.4/jackson-module-jaxb-annotations-2.13.4.jar:/home/runner/.m2/repository/jakarta/xml/bind/jakarta.xml.bind-api/2.3.3/jakarta.xml.bind-api-2.3.3.jar:/home/runner/.m2/repository/jakarta/activation/jakarta.activation-api/1.2.2/jakarta.activation-api-1.2.2.jar:/home/runner/.m2/repository/javax/enterprise/cdi-api/2.0/cdi-api-2.0.jar:/home/runner/.m2/repository/javax/el/javax.el-api/3.0.0/javax.el-api-3.0.0.jar:/home/runner/.m2/repository/javax/interceptor/javax.interceptor-api/1.2/javax.interceptor-api-1.2.jar:/home/runner/.m2/repository/javax/inject/javax.inject/1/javax.inject-1.jar:/home/runner/.m2/repository/javax/xml/bind/jaxb-api/2.3.0/jaxb-api-2.3.0.jar:/home/runner/.m2/repository/org/glassfish/jaxb/jaxb-runtime/2.3.0.1/jaxb-runtime-2.3.0.1.jar:/home/runner/.m2/repository/org/glassfish/jaxb/jaxb-core/2.3.0.1/jaxb-core-2.3.0.1.jar:/home/runner/.m2/repository/org/glassfish/jaxb/txw2/2.3.0.1/txw2-2.3.0.1.jar:/home/runner/.m2/repository/com/sun/istack/istack-commons-runtime/3.0.5/istack-commons-runtime-3.0.5.jar:/home/runner/.m2/repository/org/jvnet/staxex/stax-ex/1.7.8/stax-ex-1.7.8.jar:/home/runner/.m2/repository/com/sun/xml/fastinfoset/FastInfoset/1.2.13/FastInfoset-1.2.13.jar:/home/runner/.m2/repository/javax/activation/activation/1.1.1/activation-1.1.1.jar:/home/runner/.m2/repository/io/grpc/grpc-protobuf/1.51.1/grpc-protobuf-1.51.1.jar:/home/runner/.m2/repository/com/google/api/grpc/proto-google-common-protos/2.9.0/proto-google-common-protos-2.9.0.jar:/home/runner/.m2/repository/io/grpc/grpc-protobuf-lite/1.51.1/grpc-protobuf-lite-1.51.1.jar:/home/runner/.m2/repository/io/grpc/grpc-stub/1.51.1/grpc-stub-1.51.1.jar:/home/runner/.m2/repository/io/netty/netty-transport/4.1.86.Final/netty-transport-4.1.86.Final.jar:/home/runner/.m2/repository/io/netty/netty-resolver/4.1.86.Final/netty-resolver-4.1.86.Final.jar:/home/runner/.m2/repository/org/apache/ozone/ozone-csi/1.4.0-SNAPSHOT/ozone-csi-1.4.0-SNAPSHOT.jar:/home/runner/.m2/repository/com/google/protobuf/protobuf-java-util/3.19.6/protobuf-java-util-3.19.6.jar:/home/runner/.m2/repository/com/google/code/gson/gson/2.9.0/gson-2.9.0.jar:/home/runner/.m2/repository/org/apache/ozone/hdds-config/1.4.0-SNAPSHOT/hdds-config-1.4.0-SNAPSHOT.jar:/home/runner/.m2/repository/io/netty/netty-transport-native-epoll/4.1.86.Final/netty-transport-native-epoll-4.1.86.Final-linux-x86_64.jar:/home/runner/.m2/repository/io/netty/netty-transport-classes-epoll/4.1.86.Final/netty-transport-classes-epoll-4.1.86.Final.jar:/home/runner/.m2/repository/io/netty/netty-transport-native-unix-common/4.1.86.Final/netty-transport-native-unix-common-4.1.86.Final.jar:/home/runner/.m2/repository/org/apache/ozone/ozone-recon/1.4.0-SNAPSHOT/ozone-recon-1.4.0-SNAPSHOT.jar:/home/runner/.m2/repository/org/apache/ozone/ozone-reconcodegen/1.4.0-SNAPSHOT/ozone-reconcodegen-1.4.0-SNAPSHOT.jar:/home/runner/.m2/repository/com/google/inject/guice/5.1.0/guice-5.1.0.jar:/home/runner/.m2/repository/aopalliance/aopalliance/1.0/aopalliance-1.0.jar:/home/runner/.m2/repository/com/google/inject/extensions/guice-assistedinject/5.1.0/guice-assistedinject-5.1.0.jar:/home/runner/.m2/repository/com/google/inject/extensions/guice-servlet/5.1.0/guice-servlet-5.1.0.jar:/home/runner/.m2/repository/org/glassfish/jersey/containers/jersey-container-servlet/2.34/jersey-container-servlet-2.34.jar:/home/runner/.m2/repository/org/glassfish/hk2/guice-bridge/2.5.0/guice-bridge-2.5.0.jar:/home/runner/.m2/repository/org/glassfish/jersey/core/jersey-server/2.34/jersey-server-2.34.jar:/home/runner/.m2/repository/org/glassfish/jersey/core/jersey-client/2.34/jersey-client-2.34.jar:/home/runner/.m2/repository/jakarta/annotation/jakarta.annotation-api/1.3.5/jakarta.annotation-api-1.3.5.jar:/home/runner/.m2/repository/jakarta/validation/jakarta.validation-api/2.0.2/jakarta.validation-api-2.0.2.jar:/home/runner/.m2/repository/org/glassfish/jersey/media/jersey-media-json-jackson/2.34/jersey-media-json-jackson-2.34.jar:/home/runner/.m2/repository/org/glassfish/jersey/ext/jersey-entity-filtering/2.34/jersey-entity-filtering-2.34.jar:/home/runner/.m2/repository/org/jooq/jooq/3.11.10/jooq-3.11.10.jar:/home/runner/.m2/repository/org/jooq/jooq-meta/3.11.10/jooq-meta-3.11.10.jar:/home/runner/.m2/repository/org/jooq/jooq-codegen/3.11.10/jooq-codegen-3.11.10.jar:/home/runner/.m2/repository/com/jolbox/bonecp/0.8.0.RELEASE/bonecp-0.8.0.RELEASE.jar:/home/runner/.m2/repository/org/apache/derby/derby/10.14.2.0/derby-10.14.2.0.jar:/home/runner/.m2/repository/org/xerial/sqlite-jdbc/3.41.2.2/sqlite-jdbc-3.41.2.2.jar:/home/runner/.m2/repository/org/springframework/spring-jdbc/5.3.27/spring-jdbc-5.3.27.jar:/home/runner/.m2/repository/org/springframework/spring-beans/5.3.27/spring-beans-5.3.27.jar:/home/runner/.m2/repository/org/springframework/spring-core/5.3.27/spring-core-5.3.27.jar:/home/runner/.m2/repository/org/springframework/spring-tx/5.3.27/spring-tx-5.3.27.jar:/home/runner/.m2/repository/org/apache/ozone/ozone-client/1.4.0-SNAPSHOT/ozone-client-1.4.0-SNAPSHOT.jar:/home/runner/.m2/repository/org/apache/ozone/hdds-erasurecode/1.4.0-SNAPSHOT/hdds-erasurecode-1.4.0-SNAPSHOT.jar:/home/runner/.m2/repository/org/apache/ozone/ozone-filesystem/1.4.0-SNAPSHOT/ozone-filesystem-1.4.0-SNAPSHOT.jar:/home/runner/.m2/repository/org/apache/ozone/ozone-filesystem-common/1.4.0-SNAPSHOT/ozone-filesystem-common-1.4.0-SNAPSHOT.jar:/home/runner/.m2/repository/org/apache/ozone/ozone-tools/1.4.0-SNAPSHOT/ozone-tools-1.4.0-SNAPSHOT.jar:/home/runner/.m2/repository/com/amazonaws/aws-java-sdk-core/1.12.261/aws-java-sdk-core-1.12.261.jar:/home/runner/.m2/repository/org/apache/httpcomponents/httpclient/4.5.13/httpclient-4.5.13.jar:/home/runner/.m2/repository/org/apache/httpcomponents/httpcore/4.4.13/httpcore-4.4.13.jar:/home/runner/.m2/repository/software/amazon/ion/ion-java/1.0.2/ion-java-1.0.2.jar:/home/runner/.m2/repository/com/fasterxml/jackson/dataformat/jackson-dataformat-cbor/2.13.4/jackson-dataformat-cbor-2.13.4.jar:/home/runner/.m2/repository/joda-time/joda-time/2.10.6/joda-time-2.10.6.jar:/home/runner/.m2/repository/com/amazonaws/aws-java-sdk-s3/1.12.261/aws-java-sdk-s3-1.12.261.jar:/home/runner/.m2/repository/com/amazonaws/aws-java-sdk-kms/1.12.261/aws-java-sdk-kms-1.12.261.jar:/home/runner/.m2/repository/com/amazonaws/jmespath-java/1.12.261/jmespath-java-1.12.261.jar:/home/runner/.m2/repository/org/kohsuke/metainf-services/metainf-services/1.8/metainf-services-1.8.jar:/home/runner/.m2/repository/org/apache/ozone/hdds-tools/1.4.0-SNAPSHOT/hdds-tools-1.4.0-SNAPSHOT.jar:/home/runner/.m2/repository/org/apache/ratis/ratis-tools/2.5.1/ratis-tools-2.5.1.jar:/home/runner/.m2/repository/commons-cli/commons-cli/1.2/commons-cli-1.2.jar:/home/runner/.m2/repository/org/apache/commons/commons-lang3/3.7/commons-lang3-3.7.jar:/home/runner/.m2/repository/org/apache/ozone/ozone-manager/1.4.0-SNAPSHOT/ozone-manager-1.4.0-SNAPSHOT-tests.jar:/home/runner/.m2/repository/org/apache/ozone/hdds-common/1.4.0-SNAPSHOT/hdds-common-1.4.0-SNAPSHOT-tests.jar:/home/runner/.m2/repository/org/apache/ozone/hdds-hadoop-dependency-client/1.4.0-SNAPSHOT/hdds-hadoop-dependency-client-1.4.0-SNAPSHOT.jar:/home/runner/.m2/repository/info/picocli/picocli/4.6.1/picocli-4.6.1.jar:/home/runner/.m2/repository/com/fasterxml/jackson/core/jackson-annotations/2.13.4/jackson-annotations-2.13.4.jar:/home/runner/.m2/repository/org/apache/ozone/hdds-annotation-processing/1.4.0-SNAPSHOT/hdds-annotation-processing-1.4.0-SNAPSHOT.jar:/home/runner/.m2/repository/javax/annotation/javax.annotation-api/1.2/javax.annotation-api-1.2.jar:/home/runner/.m2/repository/org/apache/ratis/ratis-netty/2.5.1/ratis-netty-2.5.1.jar:/home/runner/.m2/repository/org/apache/ratis/ratis-grpc/2.5.1/ratis-grpc-2.5.1.jar:/home/runner/.m2/repository/org/apache/logging/log4j/log4j-api/2.17.1/log4j-api-2.17.1.jar:/home/runner/.m2/repository/org/apache/commons/commons-pool2/2.6.0/commons-pool2-2.6.0.jar:/home/runner/.m2/repository/org/bouncycastle/bcpkix-jdk15on/1.67/bcpkix-jdk15on-1.67.jar:/home/runner/.m2/repository/commons-validator/commons-validator/1.6/commons-validator-1.6.jar:/home/runner/.m2/repository/commons-beanutils/commons-beanutils/1.9.4/commons-beanutils-1.9.4.jar:/home/runner/.m2/repository/commons-digester/commons-digester/1.8.1/commons-digester-1.8.1.jar:/home/runner/.m2/repository/commons-collections/commons-collections/3.2.2/commons-collections-3.2.2.jar:/home/runner/.m2/repository/io/jaegertracing/jaeger-client/1.6.0/jaeger-client-1.6.0.jar:/home/runner/.m2/repository/io/jaegertracing/jaeger-thrift/1.6.0/jaeger-thrift-1.6.0.jar:/home/runner/.m2/repository/org/apache/thrift/libthrift/0.14.1/libthrift-0.14.1.jar:/home/runner/.m2/repository/io/jaegertracing/jaeger-core/1.6.0/jaeger-core-1.6.0.jar:/home/runner/.m2/repository/io/jaegertracing/jaeger-tracerresolver/1.6.0/jaeger-tracerresolver-1.6.0.jar:/home/runner/.m2/repository/io/opentracing/contrib/opentracing-tracerresolver/0.1.8/opentracing-tracerresolver-0.1.8.jar:/home/runner/.m2/repository/org/jetbrains/kotlin/kotlin-stdlib/1.6.21/kotlin-stdlib-1.6.21.jar:/home/runner/.m2/repository/org/jetbrains/annotations/13.0/annotations-13.0.jar:/home/runner/.m2/repository/io/opentracing/opentracing-util/0.33.0/opentracing-util-0.33.0.jar:/home/runner/.m2/repository/io/opentracing/opentracing-api/0.33.0/opentracing-api-0.33.0.jar:/home/runner/.m2/repository/io/opentracing/opentracing-noop/0.33.0/opentracing-noop-0.33.0.jar:/home/runner/.m2/repository/org/yaml/snakeyaml/2.0/snakeyaml-2.0.jar:/home/runner/.m2/repository/io/grpc/grpc-api/1.51.1/grpc-api-1.51.1.jar:/home/runner/.m2/repository/io/grpc/grpc-context/1.51.1/grpc-context-1.51.1.jar:/home/runner/.m2/repository/junit/junit/4.13.1/junit-4.13.1.jar:/home/runner/.m2/repository/org/hamcrest/hamcrest-core/1.3/hamcrest-core-1.3.jar:/home/runner/.m2/repository/org/junit/jupiter/junit-jupiter-api/5.8.2/junit-jupiter-api-5.8.2.jar:/home/runner/.m2/repository/org/opentest4j/opentest4j/1.2.0/opentest4j-1.2.0.jar:/home/runner/.m2/repository/org/junit/platform/junit-platform-commons/1.8.2/junit-platform-commons-1.8.2.jar:/home/runner/.m2/repository/org/apiguardian/apiguardian-api/1.1.2/apiguardian-api-1.1.2.jar:/home/runner/.m2/repository/org/junit/jupiter/junit-jupiter-params/5.8.2/junit-jupiter-params-5.8.2.jar:/home/runner/.m2/repository/org/junit/jupiter/junit-jupiter-migrationsupport/5.8.2/junit-jupiter-migrationsupport-5.8.2.jar:/home/runner/.m2/repository/org/junit/jupiter/junit-jupiter-engine/5.8.2/junit-jupiter-engine-5.8.2.jar:/home/runner/.m2/repository/org/junit/platform/junit-platform-engine/1.8.2/junit-platform-engine-1.8.2.jar:/home/runner/.m2/repository/org/junit/vintage/junit-vintage-engine/5.8.2/junit-vintage-engine-5.8.2.jar:/home/runner/.m2/repository/org/junit/platform/junit-platform-launcher/1.8.2/junit-platform-launcher-1.8.2.jar:/home/runner/.m2/repository/org/mockito/mockito-core/2.28.2/mockito-core-2.28.2.jar:/home/runner/.m2/repository/net/bytebuddy/byte-buddy/1.9.10/byte-buddy-1.9.10.jar:/home/runner/.m2/repository/net/bytebuddy/byte-buddy-agent/1.9.10/byte-buddy-agent-1.9.10.jar:/home/runner/.m2/repository/org/objenesis/objenesis/1.0/objenesis-1.0.jar:/home/runner/.m2/repository/org/apache/hadoop/hadoop-kms/3.3.5/hadoop-kms-3.3.5.jar:/home/runner/.m2/repository/org/apache/hadoop/hadoop-auth/3.3.5/hadoop-auth-3.3.5.jar:/home/runner/.m2/repository/com/nimbusds/nimbus-jose-jwt/9.8.1/nimbus-jose-jwt-9.8.1.jar:/home/runner/.m2/repository/com/github/stephenc/jcip/jcip-annotations/1.0-1/jcip-annotations-1.0-1.jar:/home/runner/.m2/repository/net/minidev/json-smart/2.4.7/json-smart-2.4.7.jar:/home/runner/.m2/repository/net/minidev/accessors-smart/2.4.7/accessors-smart-2.4.7.jar:/home/runner/.m2/repository/org/ow2/asm/asm/5.0.4/asm-5.0.4.jar:/home/runner/.m2/repository/org/apache/zookeeper/zookeeper/3.5.6/zookeeper-3.5.6.jar:/home/runner/.m2/repository/org/apache/zookeeper/zookeeper-jute/3.5.6/zookeeper-jute-3.5.6.jar:/home/runner/.m2/repository/org/apache/yetus/audience-annotations/0.5.0/audience-annotations-0.5.0.jar:/home/runner/.m2/repository/org/apache/curator/curator-framework/4.2.0/curator-framework-4.2.0.jar:/home/runner/.m2/repository/org/apache/hadoop/thirdparty/hadoop-shaded-guava/1.1.1/hadoop-shaded-guava-1.1.1.jar:/home/runner/.m2/repository/com/sun/jersey/jersey-core/1.19/jersey-core-1.19.jar:/home/runner/.m2/repository/javax/ws/rs/jsr311-api/1.1.1/jsr311-api-1.1.1.jar:/home/runner/.m2/repository/com/sun/jersey/jersey-server/1.19/jersey-server-1.19.jar:/home/runner/.m2/repository/javax/servlet/javax.servlet-api/3.1.0/javax.servlet-api-3.1.0.jar:/home/runner/.m2/repository/org/apache/hadoop/hadoop-common/3.3.5/hadoop-common-3.3.5.jar:/home/runner/.m2/repository/org/apache/commons/commons-math3/3.1.1/commons-math3-3.1.1.jar:/home/runner/.m2/repository/commons-net/commons-net/3.9.0/commons-net-3.9.0.jar:/home/runner/.m2/repository/com/sun/jersey/jersey-servlet/1.19/jersey-servlet-1.19.jar:/home/runner/.m2/repository/com/github/pjfanning/jersey-json/1.20/jersey-json-1.20.jar:/home/runner/.m2/repository/org/codehaus/jettison/jettison/1.1/jettison-1.1.jar:/home/runner/.m2/repository/com/sun/xml/bind/jaxb-impl/2.2.3-1/jaxb-impl-2.2.3-1.jar:/home/runner/.m2/repository/com/google/re2j/re2j/1.1/re2j-1.1.jar:/home/runner/.m2/repository/com/jcraft/jsch/0.1.54/jsch-0.1.54.jar:/home/runner/.m2/repository/org/apache/curator/curator-client/4.2.0/curator-client-4.2.0.jar:/home/runner/.m2/repository/org/apache/curator/curator-recipes/4.2.0/curator-recipes-4.2.0.jar:/home/runner/.m2/repository/org/apache/kerby/kerb-core/1.0.1/kerb-core-1.0.1.jar:/home/runner/.m2/repository/org/apache/kerby/kerby-pkix/1.0.1/kerby-pkix-1.0.1.jar:/home/runner/.m2/repository/org/apache/kerby/kerby-asn1/1.0.1/kerby-asn1-1.0.1.jar:/home/runner/.m2/repository/org/apache/kerby/kerby-util/1.0.1/kerby-util-1.0.1.jar:/home/runner/.m2/repository/dnsjava/dnsjava/2.1.7/dnsjava-2.1.7.jar:/home/runner/.m2/repository/org/xerial/snappy/snappy-java/1.1.8.2/snappy-java-1.1.8.2.jar:/home/runner/.m2/repository/com/fasterxml/jackson/core/jackson-databind/2.13.4.2/jackson-databind-2.13.4.2.jar:/home/runner/.m2/repository/org/apache/hadoop/hadoop-kms/3.3.5/hadoop-kms-3.3.5-tests.jar:/home/runner/.m2/repository/org/apache/ozone/hdds-server-scm/1.4.0-SNAPSHOT/hdds-server-scm-1.4.0-SNAPSHOT-tests.jar:/home/runner/.m2/repository/org/apache/ozone/hdds-container-service/1.4.0-SNAPSHOT/hdds-container-service-1.4.0-SNAPSHOT-tests.jar:/home/runner/.m2/repository/com/github/luben/zstd-jni/1.5.2-5/zstd-jni-1.5.2-5.jar:/home/runner/.m2/repository/commons-codec/commons-codec/1.15/commons-codec-1.15.jar:/home/runner/.m2/repository/io/netty/netty-codec/4.1.86.Final/netty-codec-4.1.86.Final.jar:/home/runner/.m2/repository/io/netty/netty-handler/4.1.86.Final/netty-handler-4.1.86.Final.jar:/home/runner/.m2/repository/org/apache/ozone/hdds-hadoop-dependency-test/1.4.0-SNAPSHOT/hdds-hadoop-dependency-test-1.4.0-SNAPSHOT.jar:/home/runner/.m2/repository/org/apache/hadoop/hadoop-common/3.3.5/hadoop-common-3.3.5-tests.jar:/home/runner/.m2/repository/org/apache/hadoop/hadoop-hdfs/3.3.5/hadoop-hdfs-3.3.5-tests.jar:/home/runner/.m2/repository/org/assertj/assertj-core/3.12.2/assertj-core-3.12.2.jar:/home/runner/.m2/repository/org/apache/hadoop/hadoop-distcp/3.3.5/hadoop-distcp-3.3.5.jar:/home/runner/.m2/repository/org/apache/hadoop/hadoop-mapreduce-client-jobclient/3.3.5/hadoop-mapreduce-client-jobclient-3.3.5.jar:/home/runner/.m2/repository/org/apache/hadoop/hadoop-mapreduce-client-common/3.3.5/hadoop-mapreduce-client-common-3.3.5.jar:/home/runner/.m2/repository/org/apache/hadoop/hadoop-yarn-common/3.3.5/hadoop-yarn-common-3.3.5.jar:/home/runner/.m2/repository/org/apache/hadoop/hadoop-yarn-api/3.3.5/hadoop-yarn-api-3.3.5.jar:/home/runner/.m2/repository/com/sun/jersey/contribs/jersey-guice/1.19/jersey-guice-1.19.jar:/home/runner/.m2/repository/com/fasterxml/jackson/jaxrs/jackson-jaxrs-json-provider/2.13.4/jackson-jaxrs-json-provider-2.13.4.jar:/home/runner/.m2/repository/com/fasterxml/jackson/jaxrs/jackson-jaxrs-base/2.13.4/jackson-jaxrs-base-2.13.4.jar:/home/runner/.m2/repository/org/apache/hadoop/hadoop-yarn-client/3.3.5/hadoop-yarn-client-3.3.5.jar:/home/runner/.m2/repository/org/eclipse/jetty/websocket/websocket-client/9.4.48.v20220622/websocket-client-9.4.48.v20220622.jar:/home/runner/.m2/repository/org/eclipse/jetty/websocket/websocket-common/9.4.48.v20220622/websocket-common-9.4.48.v20220622.jar:/home/runner/.m2/repository/org/eclipse/jetty/websocket/websocket-api/9.4.48.v20220622/websocket-api-9.4.48.v20220622.jar:/home/runner/.m2/repository/org/jline/jline/3.9.0/jline-3.9.0.jar:/home/runner/.m2/repository/org/apache/hadoop/hadoop-mapreduce-client-core/3.3.5/hadoop-mapreduce-client-core-3.3.5.jar:/home/runner/.m2/repository/org/apache/avro/avro/1.7.7/avro-1.7.7.jar:/home/runner/.m2/repository/com/thoughtworks/paranamer/paranamer/2.3/paranamer-2.3.jar:/home/runner/.m2/repository/org/apache/hadoop/hadoop-annotations/3.3.5/hadoop-annotations-3.3.5.jar:/usr/lib/jvm/temurin-8-jdk-amd64/jre/../lib/tools.jar:/home/runner/.m2/repository/io/netty/netty/3.10.6.Final/netty-3.10.6.Final.jar:/home/runner/.m2/repository/org/apache/hadoop/hadoop-distcp/3.3.5/hadoop-distcp-3.3.5-tests.jar:/home/runner/.m2/repository/org/slf4j/jul-to-slf4j/1.7.36/jul-to-slf4j-1.7.36.jar:"/>
    <property name="java.vm.vendor" value="Temurin"/>
    <property name="sun.arch.data.model" value="64"/>
    <property name="test.build.dir" value="/home/runner/work/ozone/ozone/hadoop-ozone/integration-test/target/test-dir"/>
    <property name="test.cache.data" value=""/>
    <property name="java.vendor.url" value="https://adoptium.net/"/>
    <property name="user.timezone" value="Etc/UTC"/>
    <property name="java.vm.specification.version" value="1.8"/>
    <property name="os.name" value="Linux"/>
    <property name="test.build.data" value="/home/runner/work/ozone/ozone/hadoop-ozone/integration-test/target/test-dir"/>
    <property name="sun.java.launcher" value="SUN_STANDARD"/>
    <property name="sun.boot.library.path" value="/usr/lib/jvm/temurin-8-jdk-amd64/jre/lib/amd64"/>
    <property name="sun.java.command" value="/home/runner/work/ozone/ozone/hadoop-ozone/integration-test/target/surefire/surefirebooter414138680500660730.jar /home/runner/work/ozone/ozone/hadoop-ozone/integration-test/target/surefire 2023-06-02T20-01-13_917-jvmRun1 surefire2400668110279787116tmp surefire_314606750888561312231tmp"/>
    <property name="surefire.test.class.path" value="/home/runner/work/ozone/ozone/hadoop-ozone/integration-test/target/test-classes:/home/runner/work/ozone/ozone/hadoop-ozone/integration-test/target/classes:/home/runner/.m2/repository/org/apache/ozone/ozone-common/1.4.0-SNAPSHOT/ozone-common-1.4.0-SNAPSHOT.jar:/home/runner/.m2/repository/io/grpc/grpc-netty/1.51.1/grpc-netty-1.51.1.jar:/home/runner/.m2/repository/io/grpc/grpc-core/1.51.1/grpc-core-1.51.1.jar:/home/runner/.m2/repository/com/google/android/annotations/4.1.1.4/annotations-4.1.1.4.jar:/home/runner/.m2/repository/org/codehaus/mojo/animal-sniffer-annotations/1.21/animal-sniffer-annotations-1.21.jar:/home/runner/.m2/repository/com/google/errorprone/error_prone_annotations/2.2.0/error_prone_annotations-2.2.0.jar:/home/runner/.m2/repository/io/perfmark/perfmark-api/0.25.0/perfmark-api-0.25.0.jar:/home/runner/.m2/repository/io/netty/netty-codec-http2/4.1.86.Final/netty-codec-http2-4.1.86.Final.jar:/home/runner/.m2/repository/io/netty/netty-common/4.1.86.Final/netty-common-4.1.86.Final.jar:/home/runner/.m2/repository/io/netty/netty-buffer/4.1.86.Final/netty-buffer-4.1.86.Final.jar:/home/runner/.m2/repository/io/netty/netty-codec-http/4.1.86.Final/netty-codec-http-4.1.86.Final.jar:/home/runner/.m2/repository/io/netty/netty-handler-proxy/4.1.86.Final/netty-handler-proxy-4.1.86.Final.jar:/home/runner/.m2/repository/io/netty/netty-codec-socks/4.1.86.Final/netty-codec-socks-4.1.86.Final.jar:/home/runner/.m2/repository/io/netty/netty-tcnative-boringssl-static/2.0.54.Final/netty-tcnative-boringssl-static-2.0.54.Final.jar:/home/runner/.m2/repository/io/netty/netty-tcnative-classes/2.0.54.Final/netty-tcnative-classes-2.0.54.Final.jar:/home/runner/.m2/repository/io/netty/netty-tcnative-boringssl-static/2.0.54.Final/netty-tcnative-boringssl-static-2.0.54.Final-linux-x86_64.jar:/home/runner/.m2/repository/io/netty/netty-tcnative-boringssl-static/2.0.54.Final/netty-tcnative-boringssl-static-2.0.54.Final-linux-aarch_64.jar:/home/runner/.m2/repository/io/netty/netty-tcnative-boringssl-static/2.0.54.Final/netty-tcnative-boringssl-static-2.0.54.Final-osx-x86_64.jar:/home/runner/.m2/repository/io/netty/netty-tcnative-boringssl-static/2.0.54.Final/netty-tcnative-boringssl-static-2.0.54.Final-osx-aarch_64.jar:/home/runner/.m2/repository/io/netty/netty-tcnative-boringssl-static/2.0.54.Final/netty-tcnative-boringssl-static-2.0.54.Final-windows-x86_64.jar:/home/runner/.m2/repository/org/apache/commons/commons-compress/1.21/commons-compress-1.21.jar:/home/runner/.m2/repository/org/apache/ozone/hdds-common/1.4.0-SNAPSHOT/hdds-common-1.4.0-SNAPSHOT.jar:/home/runner/.m2/repository/org/apache/ozone/hdds-client/1.4.0-SNAPSHOT/hdds-client-1.4.0-SNAPSHOT.jar:/home/runner/.m2/repository/org/apache/ozone/ozone-interface-client/1.4.0-SNAPSHOT/ozone-interface-client-1.4.0-SNAPSHOT.jar:/home/runner/.m2/repository/org/apache/hadoop/hadoop-hdfs-client/3.3.5/hadoop-hdfs-client-3.3.5.jar:/home/runner/.m2/repository/com/squareup/okhttp3/okhttp/4.9.3/okhttp-4.9.3.jar:/home/runner/.m2/repository/com/squareup/okio/okio/2.8.0/okio-2.8.0.jar:/home/runner/.m2/repository/org/jetbrains/kotlin/kotlin-stdlib-common/1.6.21/kotlin-stdlib-common-1.6.21.jar:/home/runner/.m2/repository/org/apache/ozone/hdds-test-utils/1.4.0-SNAPSHOT/hdds-test-utils-1.4.0-SNAPSHOT.jar:/home/runner/.m2/repository/com/google/guava/guava/31.1-jre/guava-31.1-jre.jar:/home/runner/.m2/repository/com/google/guava/failureaccess/1.0.1/failureaccess-1.0.1.jar:/home/runner/.m2/repository/com/google/guava/listenablefuture/9999.0-empty-to-avoid-conflict-with-guava/listenablefuture-9999.0-empty-to-avoid-conflict-with-guava.jar:/home/runner/.m2/repository/com/google/code/findbugs/jsr305/3.0.0/jsr305-3.0.0.jar:/home/runner/.m2/repository/org/checkerframework/checker-qual/3.12.0/checker-qual-3.12.0.jar:/home/runner/.m2/repository/com/google/j2objc/j2objc-annotations/1.3/j2objc-annotations-1.3.jar:/home/runner/.m2/repository/commons-io/commons-io/2.11.0/commons-io-2.11.0.jar:/home/runner/.m2/repository/commons-logging/commons-logging/1.2/commons-logging-1.2.jar:/home/runner/.m2/repository/ch/qos/reload4j/reload4j/1.2.22/reload4j-1.2.22.jar:/home/runner/.m2/repository/org/slf4j/slf4j-api/1.7.36/slf4j-api-1.7.36.jar:/home/runner/.m2/repository/org/apache/ozone/hdds-server-scm/1.4.0-SNAPSHOT/hdds-server-scm-1.4.0-SNAPSHOT.jar:/home/runner/.m2/repository/org/apache/ozone/hdds-container-service/1.4.0-SNAPSHOT/hdds-container-service-1.4.0-SNAPSHOT.jar:/home/runner/.m2/repository/org/apache/ozone/hdds-hadoop-dependency-server/1.4.0-SNAPSHOT/hdds-hadoop-dependency-server-1.4.0-SNAPSHOT.jar:/home/runner/.m2/repository/org/apache/hadoop/hadoop-hdfs/3.3.5/hadoop-hdfs-3.3.5.jar:/home/runner/.m2/repository/commons-daemon/commons-daemon/1.0.13/commons-daemon-1.0.13.jar:/home/runner/.m2/repository/org/apache/ozone/hdds-server-framework/1.4.0-SNAPSHOT/hdds-server-framework-1.4.0-SNAPSHOT.jar:/home/runner/.m2/repository/io/dropwizard/metrics/metrics-core/3.2.4/metrics-core-3.2.4.jar:/home/runner/.m2/repository/org/apache/commons/commons-text/1.4/commons-text-1.4.jar:/home/runner/.m2/repository/org/bouncycastle/bcprov-jdk15on/1.67/bcprov-jdk15on-1.67.jar:/home/runner/.m2/repository/com/google/protobuf/protobuf-java/2.5.0/protobuf-java-2.5.0.jar:/home/runner/.m2/repository/org/apache/ozone/hdds-server-framework/1.4.0-SNAPSHOT/hdds-server-framework-1.4.0-SNAPSHOT-tests.jar:/home/runner/.m2/repository/org/apache/ozone/hdds-interface-server/1.4.0-SNAPSHOT/hdds-interface-server-1.4.0-SNAPSHOT.jar:/home/runner/.m2/repository/org/apache/ozone/hdds-interface-admin/1.4.0-SNAPSHOT/hdds-interface-admin-1.4.0-SNAPSHOT.jar:/home/runner/.m2/repository/org/apache/ozone/hdds-managed-rocksdb/1.4.0-SNAPSHOT/hdds-managed-rocksdb-1.4.0-SNAPSHOT.jar:/home/runner/.m2/repository/org/rocksdb/rocksdbjni/7.7.3/rocksdbjni-7.7.3.jar:/home/runner/.m2/repository/org/slf4j/slf4j-reload4j/1.7.36/slf4j-reload4j-1.7.36.jar:/home/runner/.m2/repository/org/apache/commons/commons-configuration2/2.1.1/commons-configuration2-2.1.1.jar:/home/runner/.m2/repository/org/apache/logging/log4j/log4j-core/2.17.1/log4j-core-2.17.1.jar:/home/runner/.m2/repository/com/lmax/disruptor/3.4.2/disruptor-3.4.2.jar:/home/runner/.m2/repository/org/eclipse/jetty/jetty-util/9.4.51.v20230217/jetty-util-9.4.51.v20230217.jar:/home/runner/.m2/repository/org/eclipse/jetty/jetty-server/9.4.51.v20230217/jetty-server-9.4.51.v20230217.jar:/home/runner/.m2/repository/org/eclipse/jetty/jetty-http/9.4.51.v20230217/jetty-http-9.4.51.v20230217.jar:/home/runner/.m2/repository/org/eclipse/jetty/jetty-io/9.4.51.v20230217/jetty-io-9.4.51.v20230217.jar:/home/runner/.m2/repository/org/eclipse/jetty/jetty-servlet/9.4.51.v20230217/jetty-servlet-9.4.51.v20230217.jar:/home/runner/.m2/repository/org/eclipse/jetty/jetty-security/9.4.51.v20230217/jetty-security-9.4.51.v20230217.jar:/home/runner/.m2/repository/org/eclipse/jetty/jetty-util-ajax/9.4.51.v20230217/jetty-util-ajax-9.4.51.v20230217.jar:/home/runner/.m2/repository/org/eclipse/jetty/jetty-webapp/9.4.51.v20230217/jetty-webapp-9.4.51.v20230217.jar:/home/runner/.m2/repository/org/eclipse/jetty/jetty-xml/9.4.51.v20230217/jetty-xml-9.4.51.v20230217.jar:/home/runner/.m2/repository/org/apache/ratis/ratis-server/2.5.1/ratis-server-2.5.1.jar:/home/runner/.m2/repository/org/apache/ratis/ratis-thirdparty-misc/1.0.4/ratis-thirdparty-misc-1.0.4.jar:/home/runner/.m2/repository/org/apache/ratis/ratis-proto/2.5.1/ratis-proto-2.5.1.jar:/home/runner/.m2/repository/org/apache/ratis/ratis-common/2.5.1/ratis-common-2.5.1.jar:/home/runner/.m2/repository/org/apache/ratis/ratis-client/2.5.1/ratis-client-2.5.1.jar:/home/runner/.m2/repository/org/apache/ratis/ratis-server-api/2.5.1/ratis-server-api-2.5.1.jar:/home/runner/.m2/repository/org/apache/ratis/ratis-metrics/2.5.1/ratis-metrics-2.5.1.jar:/home/runner/.m2/repository/io/prometheus/simpleclient_dropwizard/0.7.0/simpleclient_dropwizard-0.7.0.jar:/home/runner/.m2/repository/io/prometheus/simpleclient/0.7.0/simpleclient-0.7.0.jar:/home/runner/.m2/repository/io/prometheus/simpleclient_common/0.7.0/simpleclient_common-0.7.0.jar:/home/runner/.m2/repository/com/fasterxml/jackson/datatype/jackson-datatype-jsr310/2.13.4/jackson-datatype-jsr310-2.13.4.jar:/home/runner/.m2/repository/com/fasterxml/jackson/core/jackson-core/2.13.4/jackson-core-2.13.4.jar:/home/runner/.m2/repository/com/github/spotbugs/spotbugs-annotations/3.1.12/spotbugs-annotations-3.1.12.jar:/home/runner/.m2/repository/org/apache/ozone/rocksdb-checkpoint-differ/1.4.0-SNAPSHOT/rocksdb-checkpoint-differ-1.4.0-SNAPSHOT.jar:/home/runner/.m2/repository/org/awaitility/awaitility/4.2.0/awaitility-4.2.0.jar:/home/runner/.m2/repository/org/hamcrest/hamcrest/2.1/hamcrest-2.1.jar:/home/runner/.m2/repository/org/apache/ozone/ozone-manager/1.4.0-SNAPSHOT/ozone-manager-1.4.0-SNAPSHOT.jar:/home/runner/.m2/repository/org/aspectj/aspectjrt/1.9.7/aspectjrt-1.9.7.jar:/home/runner/.m2/repository/org/aspectj/aspectjweaver/1.9.7/aspectjweaver-1.9.7.jar:/home/runner/.m2/repository/org/apache/ozone/hdds-interface-client/1.4.0-SNAPSHOT/hdds-interface-client-1.4.0-SNAPSHOT.jar:/home/runner/.m2/repository/org/apache/hadoop/thirdparty/hadoop-shaded-protobuf_3_7/1.1.1/hadoop-shaded-protobuf_3_7-1.1.1.jar:/home/runner/.m2/repository/org/apache/ozone/ozone-interface-storage/1.4.0-SNAPSHOT/ozone-interface-storage-1.4.0-SNAPSHOT.jar:/home/runner/.m2/repository/org/reflections/reflections/0.9.11/reflections-0.9.11.jar:/home/runner/.m2/repository/com/sun/jersey/jersey-client/1.19/jersey-client-1.19.jar:/home/runner/.m2/repository/org/codehaus/jackson/jackson-core-asl/1.9.13/jackson-core-asl-1.9.13.jar:/home/runner/.m2/repository/org/codehaus/jackson/jackson-mapper-asl/1.9.13/jackson-mapper-asl-1.9.13.jar:/home/runner/.m2/repository/org/codehaus/jackson/jackson-jaxrs/1.9.13/jackson-jaxrs-1.9.13.jar:/home/runner/.m2/repository/org/apache/ranger/ranger-intg/2.3.0/ranger-intg-2.3.0.jar:/home/runner/.m2/repository/org/apache/ranger/ranger-plugins-common/2.3.0/ranger-plugins-common-2.3.0.jar:/home/runner/.m2/repository/commons-lang/commons-lang/2.6/commons-lang-2.6.jar:/home/runner/.m2/repository/org/apache/ranger/ranger-plugins-cred/2.3.0/ranger-plugins-cred-2.3.0.jar:/home/runner/.m2/repository/org/apache/ranger/ranger-plugins-audit/2.3.0/ranger-plugins-audit-2.3.0.jar:/home/runner/.m2/repository/org/eclipse/jetty/jetty-client/9.4.51.v20230217/jetty-client-9.4.51.v20230217.jar:/home/runner/.m2/repository/org/apache/httpcomponents/httpmime/4.5.6/httpmime-4.5.6.jar:/home/runner/.m2/repository/org/apache/httpcomponents/httpcore-nio/4.4.13/httpcore-nio-4.4.13.jar:/home/runner/.m2/repository/org/apache/httpcomponents/httpasyncclient/4.1.3/httpasyncclient-4.1.3.jar:/home/runner/.m2/repository/com/carrotsearch/hppc/0.8.0/hppc-0.8.0.jar:/home/runner/.m2/repository/org/apache/orc/orc-core/1.5.8/orc-core-1.5.8.jar:/home/runner/.m2/repository/net/java/dev/jna/jna/5.2.0/jna-5.2.0.jar:/home/runner/.m2/repository/net/java/dev/jna/jna-platform/5.2.0/jna-platform-5.2.0.jar:/home/runner/.m2/repository/com/kstruct/gethostname4j/0.0.2/gethostname4j-0.0.2.jar:/home/runner/.m2/repository/org/apache/ranger/ranger-plugin-classloader/2.3.0/ranger-plugin-classloader-2.3.0.jar:/home/runner/.m2/repository/org/apache/ozone/hdds-rocks-native/1.4.0-SNAPSHOT/hdds-rocks-native-1.4.0-SNAPSHOT.jar:/home/runner/.m2/repository/org/apache/hadoop/hadoop-minikdc/3.3.5/hadoop-minikdc-3.3.5.jar:/home/runner/.m2/repository/org/apache/kerby/kerb-simplekdc/1.0.1/kerb-simplekdc-1.0.1.jar:/home/runner/.m2/repository/org/apache/kerby/kerb-client/1.0.1/kerb-client-1.0.1.jar:/home/runner/.m2/repository/org/apache/kerby/kerby-config/1.0.1/kerby-config-1.0.1.jar:/home/runner/.m2/repository/org/apache/kerby/kerb-common/1.0.1/kerb-common-1.0.1.jar:/home/runner/.m2/repository/org/apache/kerby/kerb-crypto/1.0.1/kerb-crypto-1.0.1.jar:/home/runner/.m2/repository/org/apache/kerby/kerb-util/1.0.1/kerb-util-1.0.1.jar:/home/runner/.m2/repository/org/apache/kerby/token-provider/1.0.1/token-provider-1.0.1.jar:/home/runner/.m2/repository/org/apache/kerby/kerb-admin/1.0.1/kerb-admin-1.0.1.jar:/home/runner/.m2/repository/org/apache/kerby/kerb-server/1.0.1/kerb-server-1.0.1.jar:/home/runner/.m2/repository/org/apache/kerby/kerb-identity/1.0.1/kerb-identity-1.0.1.jar:/home/runner/.m2/repository/org/apache/kerby/kerby-xdr/1.0.1/kerby-xdr-1.0.1.jar:/home/runner/.m2/repository/org/apache/ozone/ozone-s3gateway/1.4.0-SNAPSHOT/ozone-s3gateway-1.4.0-SNAPSHOT.jar:/home/runner/.m2/repository/org/javassist/javassist/3.21.0-GA/javassist-3.21.0-GA.jar:/home/runner/.m2/repository/org/jboss/weld/servlet/weld-servlet-shaded/3.1.9.Final/weld-servlet-shaded-3.1.9.Final.jar:/home/runner/.m2/repository/org/glassfish/jersey/containers/jersey-container-servlet-core/2.34/jersey-container-servlet-core-2.34.jar:/home/runner/.m2/repository/org/glassfish/hk2/external/jakarta.inject/2.6.1/jakarta.inject-2.6.1.jar:/home/runner/.m2/repository/org/glassfish/jersey/core/jersey-common/2.34/jersey-common-2.34.jar:/home/runner/.m2/repository/jakarta/ws/rs/jakarta.ws.rs-api/2.1.6/jakarta.ws.rs-api-2.1.6.jar:/home/runner/.m2/repository/org/glassfish/jersey/ext/cdi/jersey-cdi1x/2.34/jersey-cdi1x-2.34.jar:/home/runner/.m2/repository/org/glassfish/jersey/inject/jersey-hk2/2.34/jersey-hk2-2.34.jar:/home/runner/.m2/repository/org/glassfish/hk2/hk2-locator/2.6.1/hk2-locator-2.6.1.jar:/home/runner/.m2/repository/org/glassfish/jersey/media/jersey-media-jaxb/2.34/jersey-media-jaxb-2.34.jar:/home/runner/.m2/repository/org/glassfish/hk2/osgi-resource-locator/1.0.3/osgi-resource-locator-1.0.3.jar:/home/runner/.m2/repository/org/glassfish/hk2/hk2-api/2.5.0/hk2-api-2.5.0.jar:/home/runner/.m2/repository/org/glassfish/hk2/hk2-utils/2.5.0/hk2-utils-2.5.0.jar:/home/runner/.m2/repository/org/glassfish/hk2/external/aopalliance-repackaged/2.5.0/aopalliance-repackaged-2.5.0.jar:/home/runner/.m2/repository/com/fasterxml/jackson/dataformat/jackson-dataformat-xml/2.13.4/jackson-dataformat-xml-2.13.4.jar:/home/runner/.m2/repository/org/codehaus/woodstox/stax2-api/4.2.1/stax2-api-4.2.1.jar:/home/runner/.m2/repository/com/fasterxml/woodstox/woodstox-core/5.4.0/woodstox-core-5.4.0.jar:/home/runner/.m2/repository/com/fasterxml/jackson/module/jackson-module-jaxb-annotations/2.13.4/jackson-module-jaxb-annotations-2.13.4.jar:/home/runner/.m2/repository/jakarta/xml/bind/jakarta.xml.bind-api/2.3.3/jakarta.xml.bind-api-2.3.3.jar:/home/runner/.m2/repository/jakarta/activation/jakarta.activation-api/1.2.2/jakarta.activation-api-1.2.2.jar:/home/runner/.m2/repository/javax/enterprise/cdi-api/2.0/cdi-api-2.0.jar:/home/runner/.m2/repository/javax/el/javax.el-api/3.0.0/javax.el-api-3.0.0.jar:/home/runner/.m2/repository/javax/interceptor/javax.interceptor-api/1.2/javax.interceptor-api-1.2.jar:/home/runner/.m2/repository/javax/inject/javax.inject/1/javax.inject-1.jar:/home/runner/.m2/repository/javax/xml/bind/jaxb-api/2.3.0/jaxb-api-2.3.0.jar:/home/runner/.m2/repository/org/glassfish/jaxb/jaxb-runtime/2.3.0.1/jaxb-runtime-2.3.0.1.jar:/home/runner/.m2/repository/org/glassfish/jaxb/jaxb-core/2.3.0.1/jaxb-core-2.3.0.1.jar:/home/runner/.m2/repository/org/glassfish/jaxb/txw2/2.3.0.1/txw2-2.3.0.1.jar:/home/runner/.m2/repository/com/sun/istack/istack-commons-runtime/3.0.5/istack-commons-runtime-3.0.5.jar:/home/runner/.m2/repository/org/jvnet/staxex/stax-ex/1.7.8/stax-ex-1.7.8.jar:/home/runner/.m2/repository/com/sun/xml/fastinfoset/FastInfoset/1.2.13/FastInfoset-1.2.13.jar:/home/runner/.m2/repository/javax/activation/activation/1.1.1/activation-1.1.1.jar:/home/runner/.m2/repository/io/grpc/grpc-protobuf/1.51.1/grpc-protobuf-1.51.1.jar:/home/runner/.m2/repository/com/google/api/grpc/proto-google-common-protos/2.9.0/proto-google-common-protos-2.9.0.jar:/home/runner/.m2/repository/io/grpc/grpc-protobuf-lite/1.51.1/grpc-protobuf-lite-1.51.1.jar:/home/runner/.m2/repository/io/grpc/grpc-stub/1.51.1/grpc-stub-1.51.1.jar:/home/runner/.m2/repository/io/netty/netty-transport/4.1.86.Final/netty-transport-4.1.86.Final.jar:/home/runner/.m2/repository/io/netty/netty-resolver/4.1.86.Final/netty-resolver-4.1.86.Final.jar:/home/runner/.m2/repository/org/apache/ozone/ozone-csi/1.4.0-SNAPSHOT/ozone-csi-1.4.0-SNAPSHOT.jar:/home/runner/.m2/repository/com/google/protobuf/protobuf-java-util/3.19.6/protobuf-java-util-3.19.6.jar:/home/runner/.m2/repository/com/google/code/gson/gson/2.9.0/gson-2.9.0.jar:/home/runner/.m2/repository/org/apache/ozone/hdds-config/1.4.0-SNAPSHOT/hdds-config-1.4.0-SNAPSHOT.jar:/home/runner/.m2/repository/io/netty/netty-transport-native-epoll/4.1.86.Final/netty-transport-native-epoll-4.1.86.Final-linux-x86_64.jar:/home/runner/.m2/repository/io/netty/netty-transport-classes-epoll/4.1.86.Final/netty-transport-classes-epoll-4.1.86.Final.jar:/home/runner/.m2/repository/io/netty/netty-transport-native-unix-common/4.1.86.Final/netty-transport-native-unix-common-4.1.86.Final.jar:/home/runner/.m2/repository/org/apache/ozone/ozone-recon/1.4.0-SNAPSHOT/ozone-recon-1.4.0-SNAPSHOT.jar:/home/runner/.m2/repository/org/apache/ozone/ozone-reconcodegen/1.4.0-SNAPSHOT/ozone-reconcodegen-1.4.0-SNAPSHOT.jar:/home/runner/.m2/repository/com/google/inject/guice/5.1.0/guice-5.1.0.jar:/home/runner/.m2/repository/aopalliance/aopalliance/1.0/aopalliance-1.0.jar:/home/runner/.m2/repository/com/google/inject/extensions/guice-assistedinject/5.1.0/guice-assistedinject-5.1.0.jar:/home/runner/.m2/repository/com/google/inject/extensions/guice-servlet/5.1.0/guice-servlet-5.1.0.jar:/home/runner/.m2/repository/org/glassfish/jersey/containers/jersey-container-servlet/2.34/jersey-container-servlet-2.34.jar:/home/runner/.m2/repository/org/glassfish/hk2/guice-bridge/2.5.0/guice-bridge-2.5.0.jar:/home/runner/.m2/repository/org/glassfish/jersey/core/jersey-server/2.34/jersey-server-2.34.jar:/home/runner/.m2/repository/org/glassfish/jersey/core/jersey-client/2.34/jersey-client-2.34.jar:/home/runner/.m2/repository/jakarta/annotation/jakarta.annotation-api/1.3.5/jakarta.annotation-api-1.3.5.jar:/home/runner/.m2/repository/jakarta/validation/jakarta.validation-api/2.0.2/jakarta.validation-api-2.0.2.jar:/home/runner/.m2/repository/org/glassfish/jersey/media/jersey-media-json-jackson/2.34/jersey-media-json-jackson-2.34.jar:/home/runner/.m2/repository/org/glassfish/jersey/ext/jersey-entity-filtering/2.34/jersey-entity-filtering-2.34.jar:/home/runner/.m2/repository/org/jooq/jooq/3.11.10/jooq-3.11.10.jar:/home/runner/.m2/repository/org/jooq/jooq-meta/3.11.10/jooq-meta-3.11.10.jar:/home/runner/.m2/repository/org/jooq/jooq-codegen/3.11.10/jooq-codegen-3.11.10.jar:/home/runner/.m2/repository/com/jolbox/bonecp/0.8.0.RELEASE/bonecp-0.8.0.RELEASE.jar:/home/runner/.m2/repository/org/apache/derby/derby/10.14.2.0/derby-10.14.2.0.jar:/home/runner/.m2/repository/org/xerial/sqlite-jdbc/3.41.2.2/sqlite-jdbc-3.41.2.2.jar:/home/runner/.m2/repository/org/springframework/spring-jdbc/5.3.27/spring-jdbc-5.3.27.jar:/home/runner/.m2/repository/org/springframework/spring-beans/5.3.27/spring-beans-5.3.27.jar:/home/runner/.m2/repository/org/springframework/spring-core/5.3.27/spring-core-5.3.27.jar:/home/runner/.m2/repository/org/springframework/spring-tx/5.3.27/spring-tx-5.3.27.jar:/home/runner/.m2/repository/org/apache/ozone/ozone-client/1.4.0-SNAPSHOT/ozone-client-1.4.0-SNAPSHOT.jar:/home/runner/.m2/repository/org/apache/ozone/hdds-erasurecode/1.4.0-SNAPSHOT/hdds-erasurecode-1.4.0-SNAPSHOT.jar:/home/runner/.m2/repository/org/apache/ozone/ozone-filesystem/1.4.0-SNAPSHOT/ozone-filesystem-1.4.0-SNAPSHOT.jar:/home/runner/.m2/repository/org/apache/ozone/ozone-filesystem-common/1.4.0-SNAPSHOT/ozone-filesystem-common-1.4.0-SNAPSHOT.jar:/home/runner/.m2/repository/org/apache/ozone/ozone-tools/1.4.0-SNAPSHOT/ozone-tools-1.4.0-SNAPSHOT.jar:/home/runner/.m2/repository/com/amazonaws/aws-java-sdk-core/1.12.261/aws-java-sdk-core-1.12.261.jar:/home/runner/.m2/repository/org/apache/httpcomponents/httpclient/4.5.13/httpclient-4.5.13.jar:/home/runner/.m2/repository/org/apache/httpcomponents/httpcore/4.4.13/httpcore-4.4.13.jar:/home/runner/.m2/repository/software/amazon/ion/ion-java/1.0.2/ion-java-1.0.2.jar:/home/runner/.m2/repository/com/fasterxml/jackson/dataformat/jackson-dataformat-cbor/2.13.4/jackson-dataformat-cbor-2.13.4.jar:/home/runner/.m2/repository/joda-time/joda-time/2.10.6/joda-time-2.10.6.jar:/home/runner/.m2/repository/com/amazonaws/aws-java-sdk-s3/1.12.261/aws-java-sdk-s3-1.12.261.jar:/home/runner/.m2/repository/com/amazonaws/aws-java-sdk-kms/1.12.261/aws-java-sdk-kms-1.12.261.jar:/home/runner/.m2/repository/com/amazonaws/jmespath-java/1.12.261/jmespath-java-1.12.261.jar:/home/runner/.m2/repository/org/kohsuke/metainf-services/metainf-services/1.8/metainf-services-1.8.jar:/home/runner/.m2/repository/org/apache/ozone/hdds-tools/1.4.0-SNAPSHOT/hdds-tools-1.4.0-SNAPSHOT.jar:/home/runner/.m2/repository/org/apache/ratis/ratis-tools/2.5.1/ratis-tools-2.5.1.jar:/home/runner/.m2/repository/commons-cli/commons-cli/1.2/commons-cli-1.2.jar:/home/runner/.m2/repository/org/apache/commons/commons-lang3/3.7/commons-lang3-3.7.jar:/home/runner/.m2/repository/org/apache/ozone/ozone-manager/1.4.0-SNAPSHOT/ozone-manager-1.4.0-SNAPSHOT-tests.jar:/home/runner/.m2/repository/org/apache/ozone/hdds-common/1.4.0-SNAPSHOT/hdds-common-1.4.0-SNAPSHOT-tests.jar:/home/runner/.m2/repository/org/apache/ozone/hdds-hadoop-dependency-client/1.4.0-SNAPSHOT/hdds-hadoop-dependency-client-1.4.0-SNAPSHOT.jar:/home/runner/.m2/repository/info/picocli/picocli/4.6.1/picocli-4.6.1.jar:/home/runner/.m2/repository/com/fasterxml/jackson/core/jackson-annotations/2.13.4/jackson-annotations-2.13.4.jar:/home/runner/.m2/repository/org/apache/ozone/hdds-annotation-processing/1.4.0-SNAPSHOT/hdds-annotation-processing-1.4.0-SNAPSHOT.jar:/home/runner/.m2/repository/javax/annotation/javax.annotation-api/1.2/javax.annotation-api-1.2.jar:/home/runner/.m2/repository/org/apache/ratis/ratis-netty/2.5.1/ratis-netty-2.5.1.jar:/home/runner/.m2/repository/org/apache/ratis/ratis-grpc/2.5.1/ratis-grpc-2.5.1.jar:/home/runner/.m2/repository/org/apache/logging/log4j/log4j-api/2.17.1/log4j-api-2.17.1.jar:/home/runner/.m2/repository/org/apache/commons/commons-pool2/2.6.0/commons-pool2-2.6.0.jar:/home/runner/.m2/repository/org/bouncycastle/bcpkix-jdk15on/1.67/bcpkix-jdk15on-1.67.jar:/home/runner/.m2/repository/commons-validator/commons-validator/1.6/commons-validator-1.6.jar:/home/runner/.m2/repository/commons-beanutils/commons-beanutils/1.9.4/commons-beanutils-1.9.4.jar:/home/runner/.m2/repository/commons-digester/commons-digester/1.8.1/commons-digester-1.8.1.jar:/home/runner/.m2/repository/commons-collections/commons-collections/3.2.2/commons-collections-3.2.2.jar:/home/runner/.m2/repository/io/jaegertracing/jaeger-client/1.6.0/jaeger-client-1.6.0.jar:/home/runner/.m2/repository/io/jaegertracing/jaeger-thrift/1.6.0/jaeger-thrift-1.6.0.jar:/home/runner/.m2/repository/org/apache/thrift/libthrift/0.14.1/libthrift-0.14.1.jar:/home/runner/.m2/repository/io/jaegertracing/jaeger-core/1.6.0/jaeger-core-1.6.0.jar:/home/runner/.m2/repository/io/jaegertracing/jaeger-tracerresolver/1.6.0/jaeger-tracerresolver-1.6.0.jar:/home/runner/.m2/repository/io/opentracing/contrib/opentracing-tracerresolver/0.1.8/opentracing-tracerresolver-0.1.8.jar:/home/runner/.m2/repository/org/jetbrains/kotlin/kotlin-stdlib/1.6.21/kotlin-stdlib-1.6.21.jar:/home/runner/.m2/repository/org/jetbrains/annotations/13.0/annotations-13.0.jar:/home/runner/.m2/repository/io/opentracing/opentracing-util/0.33.0/opentracing-util-0.33.0.jar:/home/runner/.m2/repository/io/opentracing/opentracing-api/0.33.0/opentracing-api-0.33.0.jar:/home/runner/.m2/repository/io/opentracing/opentracing-noop/0.33.0/opentracing-noop-0.33.0.jar:/home/runner/.m2/repository/org/yaml/snakeyaml/2.0/snakeyaml-2.0.jar:/home/runner/.m2/repository/io/grpc/grpc-api/1.51.1/grpc-api-1.51.1.jar:/home/runner/.m2/repository/io/grpc/grpc-context/1.51.1/grpc-context-1.51.1.jar:/home/runner/.m2/repository/junit/junit/4.13.1/junit-4.13.1.jar:/home/runner/.m2/repository/org/hamcrest/hamcrest-core/1.3/hamcrest-core-1.3.jar:/home/runner/.m2/repository/org/junit/jupiter/junit-jupiter-api/5.8.2/junit-jupiter-api-5.8.2.jar:/home/runner/.m2/repository/org/opentest4j/opentest4j/1.2.0/opentest4j-1.2.0.jar:/home/runner/.m2/repository/org/junit/platform/junit-platform-commons/1.8.2/junit-platform-commons-1.8.2.jar:/home/runner/.m2/repository/org/apiguardian/apiguardian-api/1.1.2/apiguardian-api-1.1.2.jar:/home/runner/.m2/repository/org/junit/jupiter/junit-jupiter-params/5.8.2/junit-jupiter-params-5.8.2.jar:/home/runner/.m2/repository/org/junit/jupiter/junit-jupiter-migrationsupport/5.8.2/junit-jupiter-migrationsupport-5.8.2.jar:/home/runner/.m2/repository/org/junit/jupiter/junit-jupiter-engine/5.8.2/junit-jupiter-engine-5.8.2.jar:/home/runner/.m2/repository/org/junit/platform/junit-platform-engine/1.8.2/junit-platform-engine-1.8.2.jar:/home/runner/.m2/repository/org/junit/vintage/junit-vintage-engine/5.8.2/junit-vintage-engine-5.8.2.jar:/home/runner/.m2/repository/org/junit/platform/junit-platform-launcher/1.8.2/junit-platform-launcher-1.8.2.jar:/home/runner/.m2/repository/org/mockito/mockito-core/2.28.2/mockito-core-2.28.2.jar:/home/runner/.m2/repository/net/bytebuddy/byte-buddy/1.9.10/byte-buddy-1.9.10.jar:/home/runner/.m2/repository/net/bytebuddy/byte-buddy-agent/1.9.10/byte-buddy-agent-1.9.10.jar:/home/runner/.m2/repository/org/objenesis/objenesis/1.0/objenesis-1.0.jar:/home/runner/.m2/repository/org/apache/hadoop/hadoop-kms/3.3.5/hadoop-kms-3.3.5.jar:/home/runner/.m2/repository/org/apache/hadoop/hadoop-auth/3.3.5/hadoop-auth-3.3.5.jar:/home/runner/.m2/repository/com/nimbusds/nimbus-jose-jwt/9.8.1/nimbus-jose-jwt-9.8.1.jar:/home/runner/.m2/repository/com/github/stephenc/jcip/jcip-annotations/1.0-1/jcip-annotations-1.0-1.jar:/home/runner/.m2/repository/net/minidev/json-smart/2.4.7/json-smart-2.4.7.jar:/home/runner/.m2/repository/net/minidev/accessors-smart/2.4.7/accessors-smart-2.4.7.jar:/home/runner/.m2/repository/org/ow2/asm/asm/5.0.4/asm-5.0.4.jar:/home/runner/.m2/repository/org/apache/zookeeper/zookeeper/3.5.6/zookeeper-3.5.6.jar:/home/runner/.m2/repository/org/apache/zookeeper/zookeeper-jute/3.5.6/zookeeper-jute-3.5.6.jar:/home/runner/.m2/repository/org/apache/yetus/audience-annotations/0.5.0/audience-annotations-0.5.0.jar:/home/runner/.m2/repository/org/apache/curator/curator-framework/4.2.0/curator-framework-4.2.0.jar:/home/runner/.m2/repository/org/apache/hadoop/thirdparty/hadoop-shaded-guava/1.1.1/hadoop-shaded-guava-1.1.1.jar:/home/runner/.m2/repository/com/sun/jersey/jersey-core/1.19/jersey-core-1.19.jar:/home/runner/.m2/repository/javax/ws/rs/jsr311-api/1.1.1/jsr311-api-1.1.1.jar:/home/runner/.m2/repository/com/sun/jersey/jersey-server/1.19/jersey-server-1.19.jar:/home/runner/.m2/repository/javax/servlet/javax.servlet-api/3.1.0/javax.servlet-api-3.1.0.jar:/home/runner/.m2/repository/org/apache/hadoop/hadoop-common/3.3.5/hadoop-common-3.3.5.jar:/home/runner/.m2/repository/org/apache/commons/commons-math3/3.1.1/commons-math3-3.1.1.jar:/home/runner/.m2/repository/commons-net/commons-net/3.9.0/commons-net-3.9.0.jar:/home/runner/.m2/repository/com/sun/jersey/jersey-servlet/1.19/jersey-servlet-1.19.jar:/home/runner/.m2/repository/com/github/pjfanning/jersey-json/1.20/jersey-json-1.20.jar:/home/runner/.m2/repository/org/codehaus/jettison/jettison/1.1/jettison-1.1.jar:/home/runner/.m2/repository/com/sun/xml/bind/jaxb-impl/2.2.3-1/jaxb-impl-2.2.3-1.jar:/home/runner/.m2/repository/com/google/re2j/re2j/1.1/re2j-1.1.jar:/home/runner/.m2/repository/com/jcraft/jsch/0.1.54/jsch-0.1.54.jar:/home/runner/.m2/repository/org/apache/curator/curator-client/4.2.0/curator-client-4.2.0.jar:/home/runner/.m2/repository/org/apache/curator/curator-recipes/4.2.0/curator-recipes-4.2.0.jar:/home/runner/.m2/repository/org/apache/kerby/kerb-core/1.0.1/kerb-core-1.0.1.jar:/home/runner/.m2/repository/org/apache/kerby/kerby-pkix/1.0.1/kerby-pkix-1.0.1.jar:/home/runner/.m2/repository/org/apache/kerby/kerby-asn1/1.0.1/kerby-asn1-1.0.1.jar:/home/runner/.m2/repository/org/apache/kerby/kerby-util/1.0.1/kerby-util-1.0.1.jar:/home/runner/.m2/repository/dnsjava/dnsjava/2.1.7/dnsjava-2.1.7.jar:/home/runner/.m2/repository/org/xerial/snappy/snappy-java/1.1.8.2/snappy-java-1.1.8.2.jar:/home/runner/.m2/repository/com/fasterxml/jackson/core/jackson-databind/2.13.4.2/jackson-databind-2.13.4.2.jar:/home/runner/.m2/repository/org/apache/hadoop/hadoop-kms/3.3.5/hadoop-kms-3.3.5-tests.jar:/home/runner/.m2/repository/org/apache/ozone/hdds-server-scm/1.4.0-SNAPSHOT/hdds-server-scm-1.4.0-SNAPSHOT-tests.jar:/home/runner/.m2/repository/org/apache/ozone/hdds-container-service/1.4.0-SNAPSHOT/hdds-container-service-1.4.0-SNAPSHOT-tests.jar:/home/runner/.m2/repository/com/github/luben/zstd-jni/1.5.2-5/zstd-jni-1.5.2-5.jar:/home/runner/.m2/repository/commons-codec/commons-codec/1.15/commons-codec-1.15.jar:/home/runner/.m2/repository/io/netty/netty-codec/4.1.86.Final/netty-codec-4.1.86.Final.jar:/home/runner/.m2/repository/io/netty/netty-handler/4.1.86.Final/netty-handler-4.1.86.Final.jar:/home/runner/.m2/repository/org/apache/ozone/hdds-hadoop-dependency-test/1.4.0-SNAPSHOT/hdds-hadoop-dependency-test-1.4.0-SNAPSHOT.jar:/home/runner/.m2/repository/org/apache/hadoop/hadoop-common/3.3.5/hadoop-common-3.3.5-tests.jar:/home/runner/.m2/repository/org/apache/hadoop/hadoop-hdfs/3.3.5/hadoop-hdfs-3.3.5-tests.jar:/home/runner/.m2/repository/org/assertj/assertj-core/3.12.2/assertj-core-3.12.2.jar:/home/runner/.m2/repository/org/apache/hadoop/hadoop-distcp/3.3.5/hadoop-distcp-3.3.5.jar:/home/runner/.m2/repository/org/apache/hadoop/hadoop-mapreduce-client-jobclient/3.3.5/hadoop-mapreduce-client-jobclient-3.3.5.jar:/home/runner/.m2/repository/org/apache/hadoop/hadoop-mapreduce-client-common/3.3.5/hadoop-mapreduce-client-common-3.3.5.jar:/home/runner/.m2/repository/org/apache/hadoop/hadoop-yarn-common/3.3.5/hadoop-yarn-common-3.3.5.jar:/home/runner/.m2/repository/org/apache/hadoop/hadoop-yarn-api/3.3.5/hadoop-yarn-api-3.3.5.jar:/home/runner/.m2/repository/com/sun/jersey/contribs/jersey-guice/1.19/jersey-guice-1.19.jar:/home/runner/.m2/repository/com/fasterxml/jackson/jaxrs/jackson-jaxrs-json-provider/2.13.4/jackson-jaxrs-json-provider-2.13.4.jar:/home/runner/.m2/repository/com/fasterxml/jackson/jaxrs/jackson-jaxrs-base/2.13.4/jackson-jaxrs-base-2.13.4.jar:/home/runner/.m2/repository/org/apache/hadoop/hadoop-yarn-client/3.3.5/hadoop-yarn-client-3.3.5.jar:/home/runner/.m2/repository/org/eclipse/jetty/websocket/websocket-client/9.4.48.v20220622/websocket-client-9.4.48.v20220622.jar:/home/runner/.m2/repository/org/eclipse/jetty/websocket/websocket-common/9.4.48.v20220622/websocket-common-9.4.48.v20220622.jar:/home/runner/.m2/repository/org/eclipse/jetty/websocket/websocket-api/9.4.48.v20220622/websocket-api-9.4.48.v20220622.jar:/home/runner/.m2/repository/org/jline/jline/3.9.0/jline-3.9.0.jar:/home/runner/.m2/repository/org/apache/hadoop/hadoop-mapreduce-client-core/3.3.5/hadoop-mapreduce-client-core-3.3.5.jar:/home/runner/.m2/repository/org/apache/avro/avro/1.7.7/avro-1.7.7.jar:/home/runner/.m2/repository/com/thoughtworks/paranamer/paranamer/2.3/paranamer-2.3.jar:/home/runner/.m2/repository/org/apache/hadoop/hadoop-annotations/3.3.5/hadoop-annotations-3.3.5.jar:/usr/lib/jvm/temurin-8-jdk-amd64/jre/../lib/tools.jar:/home/runner/.m2/repository/io/netty/netty/3.10.6.Final/netty-3.10.6.Final.jar:/home/runner/.m2/repository/org/apache/hadoop/hadoop-distcp/3.3.5/hadoop-distcp-3.3.5-tests.jar:/home/runner/.m2/repository/org/slf4j/jul-to-slf4j/1.7.36/jul-to-slf4j-1.7.36.jar:"/>
    <property name="sun.cpu.endian" value="little"/>
    <property name="user.home" value="/home/runner"/>
    <property name="user.language" value="en"/>
    <property name="java.specification.vendor" value="Oracle Corporation"/>
    <property name="java.home" value="/usr/lib/jvm/temurin-8-jdk-amd64/jre"/>
    <property name="java.security.krb5.conf" value="/home/runner/work/ozone/ozone/hadoop-ozone/integration-test/target/test-classes/krb5.conf"/>
    <property name="basedir" value="/home/runner/work/ozone/ozone/hadoop-ozone/integration-test"/>
    <property name="file.separator" value="/"/>
    <property name="line.separator" value="&#10;"/>
    <property name="java.vm.specification.vendor" value="Oracle Corporation"/>
    <property name="java.specification.name" value="Java Platform API Specification"/>
    <property name="java.awt.graphicsenv" value="sun.awt.X11GraphicsEnvironment"/>
    <property name="skip.installnpx" value="true"/>
    <property name="surefire.real.class.path" value="/home/runner/work/ozone/ozone/hadoop-ozone/integration-test/target/surefire/surefirebooter414138680500660730.jar:/home/runner/.m2/repository/org/jacoco/org.jacoco.agent/0.8.5/org.jacoco.agent-0.8.5-runtime.jar"/>
    <property name="hadoop.log.dir" value="/home/runner/work/ozone/ozone/hadoop-ozone/integration-test/target/log"/>
    <property name="sun.boot.class.path" value="/usr/lib/jvm/temurin-8-jdk-amd64/jre/lib/resources.jar:/usr/lib/jvm/temurin-8-jdk-amd64/jre/lib/rt.jar:/usr/lib/jvm/temurin-8-jdk-amd64/jre/lib/sunrsasign.jar:/usr/lib/jvm/temurin-8-jdk-amd64/jre/lib/jsse.jar:/usr/lib/jvm/temurin-8-jdk-amd64/jre/lib/jce.jar:/usr/lib/jvm/temurin-8-jdk-amd64/jre/lib/charsets.jar:/usr/lib/jvm/temurin-8-jdk-amd64/jre/lib/jfr.jar:/usr/lib/jvm/temurin-8-jdk-amd64/jre/classes"/>
    <property name="sun.management.compiler" value="HotSpot 64-Bit Tiered Compilers"/>
    <property name="skip.npx" value="true"/>
    <property name="java.runtime.version" value="1.8.0_372-b07"/>
    <property name="java.net.preferIPv4Stack" value="true"/>
    <property name="user.name" value="runner"/>
    <property name="path.separator" value=":"/>
    <property name="java.security.egd" value="file:///dev/urandom"/>
    <property name="os.version" value="5.15.0-1038-azure"/>
    <property name="java.endorsed.dirs" value="/usr/lib/jvm/temurin-8-jdk-amd64/jre/lib/endorsed"/>
    <property name="java.runtime.name" value="OpenJDK Runtime Environment"/>
    <property name="file.encoding" value="UTF-8"/>
    <property name="java.vm.name" value="OpenJDK 64-Bit Server VM"/>
    <property name="test.build.webapps" value=""/>
    <property name="localRepository" value="/home/runner/.m2/repository"/>
    <property name="jetty.git.hash" value="b45c405e4544384de066f814ed42ae3dceacdd49"/>
    <property name="java.vendor.url.bug" value="https://github.com/adoptium/adoptium-support/issues"/>
    <property name="java.io.tmpdir" value="/tmp"/>
    <property name="require.test.libhadoop" value=""/>
    <property name="java.version" value="1.8.0_372"/>
    <property name="user.dir" value="/home/runner/work/ozone/ozone/hadoop-ozone/integration-test"/>
    <property name="os.arch" value="amd64"/>
    <property name="java.vm.specification.name" value="Java Virtual Machine Specification"/>
    <property name="test.build.classes" value="/home/runner/work/ozone/ozone/hadoop-ozone/integration-test/target/test-classes"/>
    <property name="java.awt.printerjob" value="sun.print.PSPrinterJob"/>
    <property name="sun.os.patch.level" value="unknown"/>
    <property name="org.apache.ratis.thirdparty.io.netty.allocator.useCacheForAllThreads" value="false"/>
    <property name="hadoop.tmp.dir" value="/home/runner/work/ozone/ozone/hadoop-ozone/integration-test/target/tmp"/>
    <property name="java.library.path" value="/usr/java/packages/lib/amd64:/usr/lib64:/lib64:/lib:/usr/lib"/>
    <property name="java.vm.info" value="mixed mode"/>
    <property name="java.vendor" value="Temurin"/>
    <property name="java.vm.version" value="25.372-b07"/>
    <property name="java.specification.maintenance.version" value="4"/>
    <property name="java.ext.dirs" value="/usr/lib/jvm/temurin-8-jdk-amd64/jre/lib/ext:/usr/java/packages/lib/ext"/>
    <property name="sun.io.unicode.encoding" value="UnicodeLittle"/>
    <property name="java.class.version" value="52.0"/>
  </properties>
  <testcase name="bucketUsedBytesOverWrite(BucketLayout)[1]" classname="org.apache.hadoop.ozone.client.rpc.TestSecureOzoneRpcClient" time="13.698">
    <system-out><![CDATA[2023-06-02 20:40:17,140 [main] INFO  audit.AuditLogger (AuditLogger.java:refreshDebugCmdSet(126)) - Refresh DebugCmdSet for OMAudit to [].
2023-06-02 20:40:18,963 [main] INFO  utils.SelfSignedCertificate (SelfSignedCertificate.java:generateCertificate(153)) - Certificate 1 is issued by CN=rootCA@localhost,OU=scm1,O=cluster1 to CN=rootCA@localhost,OU=scm1,O=cluster1, valid from Fri Jun 02 20:40:18 UTC 2023 to Mon Jul 10 20:40:18 UTC 2028
2023-06-02 20:40:19,079 [main] WARN  server.ServerUtils (ServerUtils.java:getScmDbDir(155)) - ozone.scm.db.dirs is not configured. We recommend adding this setting. Falling back to ozone.metadata.dirs instead.
2023-06-02 20:40:19,259 [main] INFO  reflections.Reflections (Reflections.java:scan(232)) - Reflections took 142 ms to scan 7 urls, producing 158 keys and 368 values 
2023-06-02 20:40:19,386 [main] WARN  server.ServerUtils (ServerUtils.java:getScmDbDir(155)) - ozone.scm.db.dirs is not configured. We recommend adding this setting. Falling back to ozone.metadata.dirs instead.
2023-06-02 20:40:19,391 [main] INFO  ha.SCMHANodeDetails (SCMHANodeDetails.java:loadSCMHAConfig(209)) - ServiceID for StorageContainerManager is null
2023-06-02 20:40:19,400 [main] WARN  ha.SCMHANodeDetails (SCMHANodeDetails.java:validateSCMHAConfig(182)) - Invalid config ozone.scm.ratis.enable. The config was not specified, but the default value true conflicts with the expected config value false. Falling back to the expected value. Current State of SCM: SCM is running in Non-HA without Ratis Ratis SCM -> Non Ratis SCM or Non HA SCM -> HA SCM is not supported
2023-06-02 20:40:19,400 [main] INFO  ha.SCMHANodeDetails (SCMHANodeDetails.java:loadSCMHAConfig(214)) - ozone.scm.default.service.id is not defined, falling back to ozone.scm.service.ids to find serviceID for StorageContainerManager if it is HA enabled cluster
2023-06-02 20:40:19,665 [main] WARN  utils.HAUtils (HAUtils.java:getMetaDir(352)) - ozone.scm.db.dirs is not configured. We recommend adding this setting. Falling back to ozone.metadata.dirs instead.
2023-06-02 20:40:19,826 [main] WARN  db.DBStoreBuilder (DBStoreBuilder.java:applyDBDefinition(165)) - ozone.scm.db.dirs is not configured. We recommend adding this setting. Falling back to ozone.metadata.dirs instead.
2023-06-02 20:40:20,230 [main] INFO  net.NodeSchemaLoader (NodeSchemaLoader.java:loadSchemaFromFile(129)) - Loading schema from [jar:file:/home/runner/.m2/repository/org/apache/ozone/hdds-common/1.4.0-SNAPSHOT/hdds-common-1.4.0-SNAPSHOT.jar!/network-topology-default.xml]
2023-06-02 20:40:20,233 [main] INFO  net.NodeSchemaLoader (NodeSchemaLoader.java:loadSchema(176)) - Loading network topology layer schema file
2023-06-02 20:40:20,294 [main] INFO  metrics.MetricRegistries (MetricRegistriesLoader.java:load(64)) - Loaded MetricRegistries class org.apache.ratis.metrics.impl.MetricRegistriesImpl
2023-06-02 20:40:20,319 [main] INFO  upgrade.AbstractLayoutVersionManager (AbstractLayoutVersionManager.java:init(83)) - Initializing Layout version manager with metadata layout = HADOOP_PRC_PORTS_IN_DATANODEDETAILS (version = 7), software layout = HADOOP_PRC_PORTS_IN_DATANODEDETAILS (version = 7)
2023-06-02 20:40:20,470 [main] INFO  ha.SequenceIdGenerator (SequenceIdGenerator.java:upgradeToSequenceId(349)) - upgrade localId to 111677748019200000
2023-06-02 20:40:20,471 [main] INFO  ha.SequenceIdGenerator (SequenceIdGenerator.java:upgradeToSequenceId(359)) - upgrade delTxnId to 0
2023-06-02 20:40:20,479 [main] INFO  ha.SequenceIdGenerator (SequenceIdGenerator.java:upgradeToSequenceId(376)) - upgrade containerId to 0
2023-06-02 20:40:20,482 [main] INFO  ha.SequenceIdGenerator (SequenceIdGenerator.java:<init>(220)) - Init the HA SequenceIdGenerator.
2023-06-02 20:40:20,543 [main] WARN  server.ServerUtils (ServerUtils.java:sanitizeUserArgs(80)) - ozone.scm.stale.node.interval value = 300000 is larger than max = 100000 based on the key value of ozone.scm.heartbeat.thread.interval, reset to the max value 100000.
2023-06-02 20:40:20,543 [main] WARN  server.ServerUtils (ServerUtils.java:sanitizeUserArgs(80)) - ozone.scm.stale.node.interval value = 300000 is larger than max = 100000 based on the key value of ozone.scm.heartbeat.thread.interval, reset to the max value 100000.
2023-06-02 20:40:20,550 [main] INFO  node.SCMNodeManager (SCMNodeManager.java:<init>(159)) - Entering startup safe mode.
2023-06-02 20:40:20,567 [main] INFO  algorithms.ContainerPlacementPolicyFactory (ContainerPlacementPolicyFactory.java:getPolicyInternal(86)) - Create container placement policy of type org.apache.hadoop.hdds.scm.container.placement.algorithms.SCMContainerPlacementRackAware
2023-06-02 20:40:20,570 [main] INFO  algorithms.ContainerPlacementPolicyFactory (ContainerPlacementPolicyFactory.java:getPolicyInternal(86)) - Create container placement policy of type org.apache.hadoop.hdds.scm.container.placement.algorithms.SCMContainerPlacementRackScatter
2023-06-02 20:40:20,580 [main] INFO  pipeline.PipelineStateManagerImpl (PipelineStateManagerImpl.java:initialize(78)) - No pipeline exists in current db
2023-06-02 20:40:20,598 [main] INFO  algorithms.LeaderChoosePolicyFactory (LeaderChoosePolicyFactory.java:getPolicy(57)) - Create leader choose policy of type org.apache.hadoop.hdds.scm.pipeline.leader.choose.algorithms.MinLeaderCountChoosePolicy
2023-06-02 20:40:20,603 [main] INFO  algorithms.ContainerPlacementPolicyFactory (ContainerPlacementPolicyFactory.java:getPolicyInternal(86)) - Create container placement policy of type org.apache.hadoop.hdds.scm.container.placement.algorithms.SCMContainerPlacementRackScatter
2023-06-02 20:40:20,609 [main] INFO  ha.SCMServiceManager (SCMServiceManager.java:register(42)) - Registering service BackgroundPipelineCreator.
2023-06-02 20:40:20,610 [main] INFO  pipeline.BackgroundPipelineCreator (BackgroundPipelineCreator.java:start(124)) - Starting RatisPipelineUtilsThread.
2023-06-02 20:40:20,616 [main] INFO  BackgroundPipelineScrubber (BackgroundSCMService.java:start(68)) - Starting BackgroundPipelineScrubber Service.
2023-06-02 20:40:20,617 [main] INFO  ha.SCMServiceManager (SCMServiceManager.java:register(42)) - Registering service BackgroundPipelineScrubber.
2023-06-02 20:40:20,626 [main] INFO  ExpiredContainerReplicaOpScrubber (BackgroundSCMService.java:start(68)) - Starting ExpiredContainerReplicaOpScrubber Service.
2023-06-02 20:40:20,626 [main] INFO  ha.SCMServiceManager (SCMServiceManager.java:register(42)) - Registering service ExpiredContainerReplicaOpScrubber.
2023-06-02 20:40:20,686 [main] INFO  algorithms.PipelineChoosePolicyFactory (PipelineChoosePolicyFactory.java:createPipelineChoosePolicyFromClass(73)) - Create pipeline choose policy of type org.apache.hadoop.hdds.scm.pipeline.choose.algorithms.RandomPipelineChoosePolicy
2023-06-02 20:40:20,715 [main] INFO  ha.SCMServiceManager (SCMServiceManager.java:register(42)) - Registering service SCMBlockDeletingService.
2023-06-02 20:40:20,793 [main] INFO  replication.ReplicationManager (ReplicationManager.java:start(299)) - Starting Replication Monitor Thread.
2023-06-02 20:40:20,807 [main] INFO  ha.SCMServiceManager (SCMServiceManager.java:register(42)) - Registering service ReplicationManager.
2023-06-02 20:40:20,813 [ReplicationMonitor] INFO  replication.ReplicationManager (ReplicationManager.java:processAll(374)) - Replication Manager is not ready to run until 3000ms after safemode exit
2023-06-02 20:40:20,824 [main] INFO  safemode.ContainerSafeModeRule (ContainerSafeModeRule.java:<init>(89)) - containers with one replica threshold count 0
2023-06-02 20:40:20,828 [main] INFO  safemode.HealthyPipelineSafeModeRule (HealthyPipelineSafeModeRule.java:initializeRule(169)) - Total pipeline count is 0, healthy pipeline threshold count is 1
2023-06-02 20:40:20,830 [main] INFO  safemode.OneReplicaPipelineSafeModeRule (OneReplicaPipelineSafeModeRule.java:initializeRule(180)) - Total pipeline count is 0, pipeline's with at least one datanode reported threshold count is 0
2023-06-02 20:40:20,877 [main] INFO  server.StorageContainerManager (StorageContainerManager.java:<init>(404)) - SCM start with adminUsers: [runner]
2023-06-02 20:40:20,906 [main] INFO  audit.AuditLogger (AuditLogger.java:refreshDebugCmdSet(126)) - Refresh DebugCmdSet for SCMAudit to [].
2023-06-02 20:40:20,942 [main] INFO  ipc.CallQueueManager (CallQueueManager.java:<init>(90)) - Using callQueue: class java.util.concurrent.LinkedBlockingQueue, queueCapacity: 2000, scheduler: class org.apache.hadoop.ipc.DefaultRpcScheduler, ipcBackoff: false.
2023-06-02 20:40:20,988 [Socket Reader #1 for port 15002] INFO  ipc.Server (Server.java:run(1319)) - Starting Socket Reader #1 for port 15002
2023-06-02 20:40:21,033 [Listener at 0.0.0.0/15002] INFO  hdds.HddsUtils (HddsUtils.java:preserveThreadName(843)) - Restoring thread name: main
2023-06-02 20:40:21,059 [main] INFO  audit.AuditLogger (AuditLogger.java:refreshDebugCmdSet(126)) - Refresh DebugCmdSet for SCMAudit to [].
2023-06-02 20:40:21,065 [main] INFO  ipc.CallQueueManager (CallQueueManager.java:<init>(90)) - Using callQueue: class java.util.concurrent.LinkedBlockingQueue, queueCapacity: 2000, scheduler: class org.apache.hadoop.ipc.DefaultRpcScheduler, ipcBackoff: false.
2023-06-02 20:40:21,071 [Listener at 0.0.0.0/15001] INFO  hdds.HddsUtils (HddsUtils.java:preserveThreadName(843)) - Restoring thread name: main
2023-06-02 20:40:21,066 [Socket Reader #1 for port 15001] INFO  ipc.Server (Server.java:run(1319)) - Starting Socket Reader #1 for port 15001
2023-06-02 20:40:21,107 [main] INFO  audit.AuditLogger (AuditLogger.java:refreshDebugCmdSet(126)) - Refresh DebugCmdSet for SCMAudit to [].
2023-06-02 20:40:21,119 [main] INFO  ipc.CallQueueManager (CallQueueManager.java:<init>(90)) - Using callQueue: class java.util.concurrent.LinkedBlockingQueue, queueCapacity: 2000, scheduler: class org.apache.hadoop.ipc.DefaultRpcScheduler, ipcBackoff: false.
2023-06-02 20:40:21,120 [Socket Reader #1 for port 15000] INFO  ipc.Server (Server.java:run(1319)) - Starting Socket Reader #1 for port 15000
2023-06-02 20:40:21,121 [Listener at 0.0.0.0/15000] INFO  hdds.HddsUtils (HddsUtils.java:preserveThreadName(843)) - Restoring thread name: main
2023-06-02 20:40:21,188 [main] INFO  ha.SCMServiceManager (SCMServiceManager.java:register(42)) - Registering service ContainerBalancer.
2023-06-02 20:40:21,189 [main] INFO  server.StorageContainerManager (StorageContainerManager.java:<init>(416)) - 
Container Balancer status:
Key                            Value
Running                        false
Container Balancer Configuration values:
Key                                                Value
Threshold                                          10
Max Datanodes to Involve per Iteration(percent)    20
Max Size to Move per Iteration                     500GB
Max Size Entering Target per Iteration             26GB
Max Size Leaving Source per Iteration              26GB

2023-06-02 20:40:21,189 [main] INFO  ha.SCMContext (SCMContext.java:updateSafeModeStatus(228)) - Update SafeModeStatus from SafeModeStatus{safeModeStatus=true, preCheckPassed=false} to SafeModeStatus{safeModeStatus=true, preCheckPassed=false}.
2023-06-02 20:40:21,195 [main] INFO  server.StorageContainerManager (StorageContainerManager.java:start(1465)) - StorageContainerLocationProtocol RPC server is listening at /0.0.0.0:15000
2023-06-02 20:40:21,287 [main] WARN  impl.MetricsConfig (MetricsConfig.java:loadFirst(136)) - Cannot locate configuration: tried hadoop-metrics2-storagecontainermanager.properties,hadoop-metrics2.properties
2023-06-02 20:40:21,302 [main] INFO  impl.MetricsSystemImpl (MetricsSystemImpl.java:startTimer(378)) - Scheduled Metric snapshot period at 10 second(s).
2023-06-02 20:40:21,302 [main] INFO  impl.MetricsSystemImpl (MetricsSystemImpl.java:start(191)) - StorageContainerManager metrics system started
2023-06-02 20:40:21,382 [main] INFO  server.SCMClientProtocolServer (SCMClientProtocolServer.java:start(199)) - RPC server for Client  is listening at /0.0.0.0:15000
2023-06-02 20:40:21,387 [main] INFO  server.StorageContainerManager (StorageContainerManager.java:start(1479)) - ScmBlockLocationProtocol RPC server is listening at /0.0.0.0:15001
2023-06-02 20:40:21,387 [main] INFO  server.SCMBlockProtocolServer (SCMBlockProtocolServer.java:start(152)) - RPC server for Block Protocol is listening at /0.0.0.0:15001
2023-06-02 20:40:21,391 [main] INFO  server.SCMDatanodeProtocolServer (SCMDatanodeProtocolServer.java:start(193)) - ScmDatanodeProtocol RPC server for DataNodes is listening at /0.0.0.0:15002
2023-06-02 20:40:21,416 [IPC Server Responder] INFO  ipc.Server (Server.java:run(1558)) - IPC Server Responder: starting
2023-06-02 20:40:21,419 [IPC Server listener on 15000] INFO  ipc.Server (Server.java:run(1398)) - IPC Server listener on 15000: starting
2023-06-02 20:40:21,418 [IPC Server Responder] INFO  ipc.Server (Server.java:run(1558)) - IPC Server Responder: starting
2023-06-02 20:40:21,418 [IPC Server listener on 15001] INFO  ipc.Server (Server.java:run(1398)) - IPC Server listener on 15001: starting
2023-06-02 20:40:21,418 [IPC Server Responder] INFO  ipc.Server (Server.java:run(1558)) - IPC Server Responder: starting
2023-06-02 20:40:21,418 [IPC Server listener on 15002] INFO  ipc.Server (Server.java:run(1398)) - IPC Server listener on 15002: starting
2023-06-02 20:40:21,430 [JvmPauseMonitor0] INFO  util.JvmPauseMonitor (JvmPauseMonitor.java:run(103)) - JvmPauseMonitor-8b785c12-0397-4459-b64e-acf15c75f203: Started
2023-06-02 20:40:21,443 [main] INFO  http.BaseHttpServer (BaseHttpServer.java:newHttpServer2BuilderForOzone(224)) - Starting Web-server for scm at: http://0.0.0.0:15003
2023-06-02 20:40:21,444 [main] INFO  http.BaseHttpServer (BaseHttpServer.java:<init>(111)) - Hadoop Security Enabled: false Ozone Security Enabled: false Ozone HTTP Security Enabled: false 
2023-06-02 20:40:21,474 [main] INFO  util.log (Log.java:initialized(170)) - Logging initialized @6665ms to org.eclipse.jetty.util.log.Slf4jLog
2023-06-02 20:40:21,585 [main] WARN  server.AuthenticationFilter (AuthenticationFilter.java:constructSecretProvider(240)) - Unable to initialize FileSignerSecretProvider, falling back to use random secrets. Reason: Could not read signature secret file: /home/runner/hadoop-http-auth-signature-secret
2023-06-02 20:40:21,591 [main] INFO  http.HttpRequestLog (HttpRequestLog.java:getRequestLog(86)) - Http request log for http.requests.scm is not defined
2023-06-02 20:40:21,598 [main] INFO  http.HttpServer2 (HttpServer2.java:addGlobalFilter(1031)) - Added global filter 'safety' (class=org.apache.hadoop.hdds.server.http.HttpServer2$QuotingInputFilter)
2023-06-02 20:40:21,601 [main] INFO  http.HttpServer2 (HttpServer2.java:addFilter(1007)) - Added filter static_user_filter (class=org.apache.hadoop.http.lib.StaticUserWebFilter$StaticUserFilter) to context scm
2023-06-02 20:40:21,601 [main] INFO  http.HttpServer2 (HttpServer2.java:addFilter(1015)) - Added filter static_user_filter (class=org.apache.hadoop.http.lib.StaticUserWebFilter$StaticUserFilter) to context logs
2023-06-02 20:40:21,601 [main] INFO  http.HttpServer2 (HttpServer2.java:addFilter(1015)) - Added filter static_user_filter (class=org.apache.hadoop.http.lib.StaticUserWebFilter$StaticUserFilter) to context static
2023-06-02 20:40:21,646 [main] INFO  http.BaseHttpServer (BaseHttpServer.java:<init>(190)) - HTTP server of scm uses base directory /home/runner/work/ozone/ozone/hadoop-ozone/integration-test/target/test-dir/MiniOzoneClusterImpl-5ac0c7d5-b38a-4534-ae70-3109b4fe19c6/ozone-meta/webserver
2023-06-02 20:40:21,647 [main] INFO  http.HttpServer2 (HttpServer2.java:bindListener(1250)) - Jetty bound to port 15003
2023-06-02 20:40:21,649 [main] INFO  server.Server (Server.java:doStart(375)) - jetty-9.4.51.v20230217; built: 2023-02-17T08:19:37.309Z; git: b45c405e4544384de066f814ed42ae3dceacdd49; jvm 1.8.0_372-b07
2023-06-02 20:40:21,683 [main] INFO  server.session (DefaultSessionIdManager.java:doStart(334)) - DefaultSessionIdManager workerName=node0
2023-06-02 20:40:21,684 [main] INFO  server.session (DefaultSessionIdManager.java:doStart(339)) - No SessionScavenger set, using defaults
2023-06-02 20:40:21,685 [main] INFO  server.session (HouseKeeper.java:startScavenging(132)) - node0 Scavenging every 600000ms
2023-06-02 20:40:21,699 [main] INFO  handler.ContextHandler (ContextHandler.java:doStart(921)) - Started o.e.j.s.ServletContextHandler@581661d6{logs,/logs,file:///home/runner/work/ozone/ozone/hadoop-ozone/integration-test/target/log,AVAILABLE}
2023-06-02 20:40:21,704 [main] INFO  handler.ContextHandler (ContextHandler.java:doStart(921)) - Started o.e.j.s.ServletContextHandler@1835b24b{static,/static,file:///home/runner/work/ozone/ozone/hadoop-ozone/integration-test/target/test-classes/webapps/static,AVAILABLE}
2023-06-02 20:40:21,760 [main] INFO  handler.ContextHandler (ContextHandler.java:doStart(921)) - Started o.e.j.w.WebAppContext@3e9053b3{scm,/,file:///home/runner/work/ozone/ozone/hadoop-ozone/integration-test/target/test-classes/webapps/scm/,AVAILABLE}{file:/home/runner/work/ozone/ozone/hadoop-ozone/integration-test/target/test-classes/webapps/scm}
2023-06-02 20:40:21,777 [main] INFO  server.AbstractConnector (AbstractConnector.java:doStart(333)) - Started ServerConnector@564b221e{HTTP/1.1, (http/1.1)}{0.0.0.0:15003}
2023-06-02 20:40:21,777 [main] INFO  server.Server (Server.java:doStart(415)) - Started @6968ms
2023-06-02 20:40:21,783 [main] INFO  impl.MetricsSinkAdapter (MetricsSinkAdapter.java:start(204)) - Sink prometheus started
2023-06-02 20:40:21,783 [main] INFO  impl.MetricsSystemImpl (MetricsSystemImpl.java:registerSink(305)) - Registered sink prometheus
2023-06-02 20:40:21,785 [main] INFO  http.BaseHttpServer (BaseHttpServer.java:updateConnectorAddress(344)) - HTTP server of scm listening at http://0.0.0.0:15003
2023-06-02 20:40:21,789 [main] WARN  server.ServerUtils (ServerUtils.java:getDBPath(311)) - ozone.om.db.dirs is not configured. We recommend adding this setting. Falling back to ozone.metadata.dirs instead.
2023-06-02 20:40:21,802 [main] INFO  ha.OMHANodeDetails (OMHANodeDetails.java:loadOMHAConfig(115)) - ozone.om.internal.service.id is not defined, falling back to ozone.om.service.ids to find serviceID for OzoneManager if it is HA enabled cluster
2023-06-02 20:40:21,808 [main] INFO  ha.OMHANodeDetails (OMHANodeDetails.java:loadOMHAConfig(226)) - Configuration does not have ozone.om.address set. Falling back to the default OM address /127.0.0.1:15004
2023-06-02 20:40:21,808 [main] INFO  ha.OMHANodeDetails (OMHANodeDetails.java:getOMNodeDetailsForNonHA(254)) - OM Service ID is not set. Setting it to the default ID: omServiceIdDefault
2023-06-02 20:40:21,808 [main] INFO  ha.OMHANodeDetails (OMHANodeDetails.java:getOMNodeDetailsForNonHA(261)) - OM Node ID is not set. Setting it to the default ID: om1
2023-06-02 20:40:21,815 [main] WARN  server.ServerUtils (ServerUtils.java:getDBPath(311)) - ozone.om.db.dirs is not configured. We recommend adding this setting. Falling back to ozone.metadata.dirs instead.
2023-06-02 20:40:21,819 [main] INFO  upgrade.AbstractLayoutVersionManager (AbstractLayoutVersionManager.java:init(83)) - Initializing Layout version manager with metadata layout = FILESYSTEM_SNAPSHOT (version = 5), software layout = FILESYSTEM_SNAPSHOT (version = 5)
2023-06-02 20:40:21,992 [main] INFO  reflections.Reflections (Reflections.java:scan(232)) - Reflections took 160 ms to scan 2 urls, producing 178 keys and 491 values [using 2 cores]
2023-06-02 20:40:21,998 [main] INFO  upgrade.OMLayoutVersionManager (OMLayoutVersionManager.java:lambda$0(115)) - Skipping Upgrade Action MockOmUpgradeAction since it has been finalized.
2023-06-02 20:40:22,001 [main] WARN  server.ServerUtils (ServerUtils.java:getDBPath(311)) - ozone.om.db.dirs is not configured. We recommend adding this setting. Falling back to ozone.metadata.dirs instead.
2023-06-02 20:40:22,184 [main] INFO  proxy.SCMBlockLocationFailoverProxyProvider (SCMBlockLocationFailoverProxyProvider.java:<init>(114)) - Created block location fail-over proxy with 1 nodes: [nodeId=scmNodeId,nodeAddress=/0.0.0.0:15001]
2023-06-02 20:40:22,252 [main] INFO  om.OzoneManager (OzoneManager.java:<init>(642)) - OM start with adminUsers: [runner]
2023-06-02 20:40:22,267 [main] WARN  server.ServerUtils (ServerUtils.java:getDBPath(311)) - ozone.om.db.dirs is not configured. We recommend adding this setting. Falling back to ozone.metadata.dirs instead.
2023-06-02 20:40:22,296 [main] INFO  helpers.OmKeyInfo (OmKeyInfo.java:getCodec(71)) - OmKeyInfo.getCodec ignorePipeline = true
2023-06-02 20:40:22,657 [main] INFO  om.OzoneManager (OzoneManager.java:instantiateServices(771)) - S3 Multi-Tenancy is disabled
2023-06-02 20:40:22,677 [main] INFO  security.OzoneSecretStore (OzoneSecretStore.java:loadState(69)) - Loaded 0 tokens
2023-06-02 20:40:22,677 [main] INFO  security.OzoneDelegationTokenSecretManager (OzoneDelegationTokenSecretManager.java:loadTokenSecretState(530)) - Loading token state into token manager.
2023-06-02 20:40:22,707 [main] INFO  om.OmSnapshotManager (OmSnapshotManager.java:<init>(170)) - Ozone filesystem snapshot feature is enabled.
2023-06-02 20:40:22,716 [main] WARN  server.ServerUtils (ServerUtils.java:getDBPath(311)) - ozone.om.snapshot.diff.db.dir is not configured. We recommend adding this setting. Falling back to ozone.metadata.dirs instead.
2023-06-02 20:40:22,762 [main] INFO  utils.NativeLibraryLoader (NativeLibraryLoader.java:loadLibrary(103)) - Loading Library: ozone_rocksdb_tools
2023-06-02 20:40:22,844 [main] INFO  om.OzoneManager (OzoneManager.java:addS3GVolumeToDB(4251)) - Created Volume s3v With Owner runner required for S3Gateway operations.
2023-06-02 20:40:22,953 [main] WARN  server.ServerUtils (ServerUtils.java:getDefaultRatisDirectory(323)) - Storage directory for Ratis is not configured. It is a good idea to map this to an SSD disk. Falling back to ozone.metadata.dirs
2023-06-02 20:40:22,954 [main] WARN  utils.OzoneManagerRatisUtils (OzoneManagerRatisUtils.java:getOMRatisSnapshotDirectory(461)) - ozone.om.ratis.snapshot.dir is not configured. Falling back to ozone.metadata.dirs config
2023-06-02 20:40:22,971 [main] WARN  server.ServerUtils (ServerUtils.java:getDefaultRatisDirectory(323)) - Storage directory for Ratis is not configured. It is a good idea to map this to an SSD disk. Falling back to ozone.metadata.dirs
2023-06-02 20:40:22,999 [main] INFO  ratis.OzoneManagerRatisServer (OzoneManagerRatisServer.java:<init>(163)) - Instantiating OM Ratis server with groupID: omServiceIdDefault and peers: localhost:15007
2023-06-02 20:40:23,010 [main] INFO  ratis.OzoneManagerStateMachine (OzoneManagerStateMachine.java:loadSnapshotInfoFromDB(670)) - LastAppliedIndex is set from TransactionInfo from OM DB as (t:0, i:~)
2023-06-02 20:40:23,084 [main] INFO  server.RaftServer (ConfUtils.java:logGet(46)) - raft.rpc.type = GRPC (default)
2023-06-02 20:40:23,095 [main] INFO  grpc.GrpcConfigKeys (ConfUtils.java:logFallback(53)) - raft.grpc.admin.host = null (fallback to raft.grpc.server.host)
2023-06-02 20:40:23,096 [main] INFO  grpc.GrpcConfigKeys (ConfUtils.java:logFallback(53)) - raft.grpc.admin.port = 15007 (fallback to raft.grpc.server.port)
2023-06-02 20:40:23,097 [main] INFO  grpc.GrpcConfigKeys (ConfUtils.java:logFallback(53)) - raft.grpc.client.host = null (fallback to raft.grpc.server.host)
2023-06-02 20:40:23,098 [main] INFO  grpc.GrpcConfigKeys (ConfUtils.java:logFallback(53)) - raft.grpc.client.port = 15007 (fallback to raft.grpc.server.port)
2023-06-02 20:40:23,098 [main] INFO  grpc.GrpcConfigKeys (ConfUtils.java:logGet(46)) - raft.grpc.server.host = null (default)
2023-06-02 20:40:23,098 [main] INFO  grpc.GrpcConfigKeys (ConfUtils.java:logGet(46)) - raft.grpc.server.port = 15007 (custom)
2023-06-02 20:40:23,099 [main] INFO  server.GrpcService (ConfUtils.java:logGet(46)) - raft.grpc.message.size.max = 33554432 (custom)
2023-06-02 20:40:23,102 [main] INFO  server.RaftServerConfigKeys (ConfUtils.java:logGet(46)) - raft.server.log.appender.buffer.byte-limit = 33554432 (custom)
2023-06-02 20:40:23,104 [main] INFO  server.GrpcService (ConfUtils.java:logGet(46)) - raft.grpc.flow.control.window = 1MB (=1048576) (default)
2023-06-02 20:40:23,104 [main] INFO  server.RaftServerConfigKeys (ConfUtils.java:logGet(46)) - raft.server.rpc.request.timeout = 3000ms (default)
2023-06-02 20:40:23,118 [main] INFO  grpc.GrpcConfigKeys (ConfUtils.java:logGet(46)) - raft.grpc.server.heartbeat.channel = true (default)
2023-06-02 20:40:23,122 [main] INFO  grpc.GrpcConfigKeys (ConfUtils.java:logGet(46)) - raft.grpc.server.async.request.thread.pool.cached = true (default)
2023-06-02 20:40:23,124 [main] INFO  grpc.GrpcConfigKeys (ConfUtils.java:logGet(46)) - raft.grpc.server.async.request.thread.pool.size = 32 (default)
2023-06-02 20:40:23,372 [main] INFO  impl.DataStreamServerImpl (ConfUtils.java:logGet(46)) - raft.datastream.type = DISABLED (default)
2023-06-02 20:40:23,375 [main] INFO  server.RaftServerConfigKeys (ConfUtils.java:logGet(46)) - raft.server.threadpool.proxy.cached = true (default)
2023-06-02 20:40:23,376 [main] INFO  server.RaftServerConfigKeys (ConfUtils.java:logGet(46)) - raft.server.threadpool.proxy.size = 0 (default)
2023-06-02 20:40:23,377 [main] INFO  server.RaftServerConfigKeys (ConfUtils.java:logGet(46)) - raft.server.rpc.slowness.timeout = 120s (custom)
2023-06-02 20:40:23,377 [main] INFO  server.RaftServerConfigKeys (ConfUtils.java:logGet(46)) - raft.server.leaderelection.leader.step-down.wait-time = 10s (default)
2023-06-02 20:40:23,378 [main] INFO  server.RaftServerConfigKeys (ConfUtils.java:logGet(46)) - raft.server.storage.dir = [/home/runner/work/ozone/ozone/hadoop-ozone/integration-test/target/test-dir/MiniOzoneClusterImpl-5ac0c7d5-b38a-4534-ae70-3109b4fe19c6/ozone-meta/ratis] (custom)
2023-06-02 20:40:23,393 [main] INFO  server.RaftServer (RaftServerProxy.java:addNew(98)) - om1: addNew group-C5BA1605619E:[om1|rpc:localhost:15007|priority:0|startupRole:FOLLOWER] returns group-C5BA1605619E:java.util.concurrent.CompletableFuture@8e41d4c[Not completed]
2023-06-02 20:40:23,393 [main] INFO  om.OzoneManager (OzoneManager.java:initializeRatisServer(2106)) - OzoneManager Ratis server initialized at port 15007
2023-06-02 20:40:23,404 [main] INFO  om.OzoneManager (OzoneManager.java:getRpcServer(1165)) - Creating RPC Server
2023-06-02 20:40:23,413 [om1-groupManagement] INFO  server.RaftServer$Division (RaftServerImpl.java:<init>(198)) - om1: new RaftServerImpl for group-C5BA1605619E:[om1|rpc:localhost:15007|priority:0|startupRole:FOLLOWER] with OzoneManagerStateMachine:uninitialized
2023-06-02 20:40:23,420 [om1-groupManagement] INFO  server.RaftServerConfigKeys (ConfUtils.java:logGet(46)) - raft.server.rpc.timeout.min = 1s (custom)
2023-06-02 20:40:23,420 [om1-groupManagement] INFO  server.RaftServerConfigKeys (ConfUtils.java:logGet(46)) - raft.server.rpc.timeout.max = 1200ms (custom)
2023-06-02 20:40:23,420 [om1-groupManagement] INFO  server.RaftServerConfigKeys (ConfUtils.java:logGet(46)) - raft.server.rpc.sleep.time = 25ms (default)
2023-06-02 20:40:23,421 [om1-groupManagement] INFO  server.RaftServerConfigKeys (ConfUtils.java:logGet(46)) - raft.server.rpc.slowness.timeout = 120s (custom)
2023-06-02 20:40:23,421 [om1-groupManagement] INFO  server.RaftServerConfigKeys (ConfUtils.java:logGet(46)) - raft.server.leaderelection.leader.step-down.wait-time = 10s (default)
2023-06-02 20:40:23,421 [om1-groupManagement] INFO  server.RaftServerConfigKeys (ConfUtils.java:logGet(46)) - raft.server.sleep.deviation.threshold = 300ms (default)
2023-06-02 20:40:23,436 [om1-groupManagement] INFO  server.RaftServer$Division (ServerState.java:<init>(120)) - om1@group-C5BA1605619E: ConfigurationManager, init=-1: peers:[om1|rpc:localhost:15007|priority:0|startupRole:FOLLOWER]|listeners:[], old=null, confs=<EMPTY_MAP>
2023-06-02 20:40:23,436 [om1-groupManagement] INFO  server.RaftServerConfigKeys (ConfUtils.java:logGet(46)) - raft.server.storage.dir = [/home/runner/work/ozone/ozone/hadoop-ozone/integration-test/target/test-dir/MiniOzoneClusterImpl-5ac0c7d5-b38a-4534-ae70-3109b4fe19c6/ozone-meta/ratis] (custom)
2023-06-02 20:40:23,456 [om1-groupManagement] INFO  server.RaftServerConfigKeys (ConfUtils.java:logGet(46)) - raft.server.log.corruption.policy = EXCEPTION (default)
2023-06-02 20:40:23,457 [om1-groupManagement] INFO  server.RaftServerConfigKeys (ConfUtils.java:logGet(46)) - raft.server.storage.free-space.min = 0MB (=0) (default)
2023-06-02 20:40:23,652 [om1-groupManagement] INFO  server.RaftServerConfigKeys (ConfUtils.java:logGet(46)) - raft.server.notification.no-leader.timeout = 120s (custom)
2023-06-02 20:40:23,657 [om1-groupManagement] INFO  server.RaftServerConfigKeys (ConfUtils.java:logGet(46)) - raft.server.read.timeout = 10s (default)
2023-06-02 20:40:23,661 [om1-groupManagement] INFO  server.RaftServerConfigKeys (ConfUtils.java:logGet(46)) - raft.server.retrycache.expirytime = 300s (custom)
2023-06-02 20:40:23,661 [om1-groupManagement] INFO  server.RaftServerConfigKeys (ConfUtils.java:logGet(46)) - raft.server.retrycache.statistics.expirytime = 100μs (default)
2023-06-02 20:40:23,702 [om1-groupManagement] INFO  server.RaftServerConfigKeys (ConfUtils.java:logGet(46)) - raft.server.read.option = DEFAULT (default)
2023-06-02 20:40:23,764 [om1-groupManagement] INFO  server.RaftServerConfigKeys (ConfUtils.java:logGet(46)) - raft.server.rpc.request.timeout = 3000ms (default)
2023-06-02 20:40:23,771 [om1-groupManagement] INFO  server.RaftServerConfigKeys (ConfUtils.java:logGet(46)) - raft.server.log.appender.install.snapshot.enabled = false (custom)
2023-06-02 20:40:23,771 [om1-groupManagement] INFO  server.RaftServerConfigKeys (ConfUtils.java:logGet(46)) - raft.server.threadpool.server.cached = true (default)
2023-06-02 20:40:23,772 [om1-groupManagement] INFO  server.RaftServerConfigKeys (ConfUtils.java:logGet(46)) - raft.server.threadpool.server.size = 0 (default)
2023-06-02 20:40:23,773 [om1-groupManagement] INFO  server.RaftServerConfigKeys (ConfUtils.java:logGet(46)) - raft.server.threadpool.client.cached = true (default)
2023-06-02 20:40:23,773 [om1-groupManagement] INFO  server.RaftServerConfigKeys (ConfUtils.java:logGet(46)) - raft.server.threadpool.client.size = 0 (default)
2023-06-02 20:40:24,396 [main] INFO  reflections.Reflections (Reflections.java:scan(232)) - Reflections took 736 ms to scan 19 urls, producing 69 keys and 5280 values [using 2 cores]
2023-06-02 20:40:24,667 [main] INFO  ipc.CallQueueManager (CallQueueManager.java:<init>(90)) - Using callQueue: class java.util.concurrent.LinkedBlockingQueue, queueCapacity: 2000, scheduler: class org.apache.hadoop.ipc.DefaultRpcScheduler, ipcBackoff: false.
2023-06-02 20:40:24,677 [Socket Reader #1 for port 15004] INFO  ipc.Server (Server.java:run(1319)) - Starting Socket Reader #1 for port 15004
2023-06-02 20:40:24,691 [Listener at 127.0.0.1/15004] INFO  hdds.HddsUtils (HddsUtils.java:preserveThreadName(843)) - Restoring thread name: main
2023-06-02 20:40:24,731 [main] INFO  impl.MetricsSystemImpl (MetricsSystemImpl.java:init(158)) - OzoneManager metrics system started (again)
2023-06-02 20:40:24,747 [main] INFO  om.OzoneManager (OzoneManager.java:start(1587)) - OzoneManager RPC server is listening at localhost/127.0.0.1:15004
2023-06-02 20:40:24,747 [main] INFO  ratis.OzoneManagerRatisServer (OzoneManagerRatisServer.java:start(558)) - Starting OzoneManagerRatisServer om1 at port 15007
2023-06-02 20:40:24,750 [om1-impl-thread1] INFO  storage.RaftStorageDirectory (RaftStorageDirectoryImpl.java:analyzeStorage(137)) - The storage directory /home/runner/work/ozone/ozone/hadoop-ozone/integration-test/target/test-dir/MiniOzoneClusterImpl-5ac0c7d5-b38a-4534-ae70-3109b4fe19c6/ozone-meta/ratis/bf265839-605b-3f16-9796-c5ba1605619e does not exist. Creating ...
2023-06-02 20:40:24,756 [om1-impl-thread1] INFO  storage.RaftStorageDirectory (RaftStorageDirectoryImpl.java:tryLock(231)) - Lock on /home/runner/work/ozone/ozone/hadoop-ozone/integration-test/target/test-dir/MiniOzoneClusterImpl-5ac0c7d5-b38a-4534-ae70-3109b4fe19c6/ozone-meta/ratis/bf265839-605b-3f16-9796-c5ba1605619e/in_use.lock acquired by nodename 65175@fv-az1239-288
2023-06-02 20:40:24,762 [om1-impl-thread1] INFO  storage.RaftStorage (RaftStorageImpl.java:format(96)) - Storage directory /home/runner/work/ozone/ozone/hadoop-ozone/integration-test/target/test-dir/MiniOzoneClusterImpl-5ac0c7d5-b38a-4534-ae70-3109b4fe19c6/ozone-meta/ratis/bf265839-605b-3f16-9796-c5ba1605619e has been successfully formatted.
2023-06-02 20:40:24,765 [om1-impl-thread1] INFO  server.RaftServerConfigKeys (ConfUtils.java:logGet(46)) - raft.server.log.use.memory = false (default)
2023-06-02 20:40:24,773 [om1-impl-thread1] INFO  server.RaftServerConfigKeys (ConfUtils.java:logGet(46)) - raft.server.log.purge.gap = 1000000 (custom)
2023-06-02 20:40:24,774 [om1-impl-thread1] INFO  server.RaftServerConfigKeys (ConfUtils.java:logGet(46)) - raft.server.log.appender.buffer.byte-limit = 33554432 (custom)
2023-06-02 20:40:24,775 [om1-impl-thread1] INFO  server.RaftServerConfigKeys (ConfUtils.java:logGet(46)) - raft.server.log.statemachine.data.read.timeout = 1000ms (default)
2023-06-02 20:40:24,776 [om1-impl-thread1] INFO  server.RaftServerConfigKeys (ConfUtils.java:logGet(46)) - raft.server.log.purge.preservation.log.num = 0 (default)
2023-06-02 20:40:24,779 [om1-impl-thread1] INFO  server.RaftServerConfigKeys (ConfUtils.java:logGet(46)) - raft.server.log.segment.size.max = 4194304 (custom)
2023-06-02 20:40:24,785 [om1-impl-thread1] INFO  server.RaftServerConfigKeys (ConfUtils.java:logGet(46)) - raft.server.log.segment.cache.num.max = 2 (custom)
2023-06-02 20:40:24,785 [om1-impl-thread1] INFO  server.RaftServerConfigKeys (ConfUtils.java:logGet(46)) - raft.server.log.segment.cache.size.max = 200MB (=209715200) (default)
2023-06-02 20:40:24,786 [om1-impl-thread1] INFO  server.RaftServerConfigKeys (ConfUtils.java:logGet(46)) - raft.server.log.appender.buffer.byte-limit = 33554432 (custom)
2023-06-02 20:40:24,793 [om1-impl-thread1] INFO  segmented.SegmentedRaftLogWorker (SegmentedRaftLogWorker.java:<init>(188)) - new om1@group-C5BA1605619E-SegmentedRaftLogWorker for RaftStorageImpl:Storage Directory /home/runner/work/ozone/ozone/hadoop-ozone/integration-test/target/test-dir/MiniOzoneClusterImpl-5ac0c7d5-b38a-4534-ae70-3109b4fe19c6/ozone-meta/ratis/bf265839-605b-3f16-9796-c5ba1605619e
2023-06-02 20:40:24,793 [om1-impl-thread1] INFO  server.RaftServerConfigKeys (ConfUtils.java:logGet(46)) - raft.server.log.queue.byte-limit = 64MB (=67108864) (default)
2023-06-02 20:40:24,794 [om1-impl-thread1] INFO  server.RaftServerConfigKeys (ConfUtils.java:logGet(46)) - raft.server.log.queue.element-limit = 4096 (default)
2023-06-02 20:40:24,795 [om1-impl-thread1] INFO  server.RaftServerConfigKeys (ConfUtils.java:logGet(46)) - raft.server.log.segment.size.max = 4194304 (custom)
2023-06-02 20:40:24,795 [om1-impl-thread1] INFO  server.RaftServerConfigKeys (ConfUtils.java:logGet(46)) - raft.server.log.preallocated.size = 4194304 (custom)
2023-06-02 20:40:24,796 [om1-impl-thread1] INFO  server.RaftServerConfigKeys (ConfUtils.java:logGet(46)) - raft.server.log.force.sync.num = 128 (default)
2023-06-02 20:40:24,797 [om1-impl-thread1] INFO  server.RaftServerConfigKeys (ConfUtils.java:logGet(46)) - raft.server.log.statemachine.data.sync = true (default)
2023-06-02 20:40:24,797 [om1-impl-thread1] INFO  server.RaftServerConfigKeys (ConfUtils.java:logGet(46)) - raft.server.log.statemachine.data.sync.timeout = 10s (default)
2023-06-02 20:40:24,797 [om1-impl-thread1] INFO  server.RaftServerConfigKeys (ConfUtils.java:logGet(46)) - raft.server.log.statemachine.data.sync.timeout.retry = -1 (default)
2023-06-02 20:40:24,807 [om1-impl-thread1] INFO  server.RaftServerConfigKeys (ConfUtils.java:logGet(46)) - raft.server.log.write.buffer.size = 64KB (=65536) (default)
2023-06-02 20:40:24,807 [om1-impl-thread1] INFO  server.RaftServerConfigKeys (ConfUtils.java:logGet(46)) - raft.server.log.appender.buffer.byte-limit = 33554432 (custom)
2023-06-02 20:40:24,813 [om1-impl-thread1] INFO  server.RaftServerConfigKeys (ConfUtils.java:logGet(46)) - raft.server.log.unsafe-flush.enabled = false (default)
2023-06-02 20:40:24,813 [om1-impl-thread1] INFO  server.RaftServerConfigKeys (ConfUtils.java:logGet(46)) - raft.server.log.async-flush.enabled = false (default)
2023-06-02 20:40:24,814 [om1-impl-thread1] INFO  server.RaftServerConfigKeys (ConfUtils.java:logGet(46)) - raft.server.log.statemachine.data.caching.enabled = false (default)
2023-06-02 20:40:24,820 [om1-impl-thread1] INFO  segmented.SegmentedRaftLogWorker (SegmentedRaftLogWorker.java:lambda$new$0(135)) - om1@group-C5BA1605619E-SegmentedRaftLogWorker: flushIndex: setUnconditionally 0 -> -1
2023-06-02 20:40:24,820 [om1-impl-thread1] INFO  segmented.SegmentedRaftLogWorker (SegmentedRaftLogWorker.java:lambda$new$0(135)) - om1@group-C5BA1605619E-SegmentedRaftLogWorker: safeCacheEvictIndex: setUnconditionally 0 -> -1
2023-06-02 20:40:24,822 [om1-impl-thread1] INFO  server.RaftServer$Division (RaftServerImpl.java:start(342)) - om1@group-C5BA1605619E: start as a follower, conf=-1: peers:[om1|rpc:localhost:15007|priority:0|startupRole:FOLLOWER]|listeners:[], old=null
2023-06-02 20:40:24,823 [om1-impl-thread1] INFO  server.RaftServer$Division (RaftServerImpl.java:setRole(329)) - om1@group-C5BA1605619E: changes role from      null to FOLLOWER at term 0 for startAsFollower
2023-06-02 20:40:24,824 [om1-impl-thread1] INFO  impl.RoleInfo (RoleInfo.java:updateAndGet(139)) - om1: start om1@group-C5BA1605619E-FollowerState
2023-06-02 20:40:24,826 [om1-impl-thread1] INFO  util.JmxRegister (JmxRegister.java:tryRegister(44)) - Successfully registered JMX Bean with object name Ratis:service=RaftServer,group=group-C5BA1605619E,id=om1
2023-06-02 20:40:24,828 [om1-impl-thread1] INFO  server.RaftServerConfigKeys (ConfUtils.java:logGet(46)) - raft.server.snapshot.auto.trigger.enabled = true (custom)
2023-06-02 20:40:24,828 [om1-impl-thread1] INFO  server.RaftServerConfigKeys (ConfUtils.java:logGet(46)) - raft.server.snapshot.auto.trigger.threshold = 400000 (default)
2023-06-02 20:40:24,829 [om1-impl-thread1] INFO  server.RaftServerConfigKeys (ConfUtils.java:logGet(46)) - raft.server.snapshot.retention.file.num = -1 (default)
2023-06-02 20:40:24,829 [om1-impl-thread1] INFO  server.RaftServerConfigKeys (ConfUtils.java:logGet(46)) - raft.server.log.purge.upto.snapshot.index = true (custom)
2023-06-02 20:40:24,831 [om1@group-C5BA1605619E-FollowerState] INFO  server.RaftServerConfigKeys (ConfUtils.java:logFallback(53)) - raft.server.rpc.first-election.timeout.min = 1s (fallback to raft.server.rpc.timeout.min)
2023-06-02 20:40:24,832 [om1@group-C5BA1605619E-FollowerState] INFO  server.RaftServerConfigKeys (ConfUtils.java:logFallback(53)) - raft.server.rpc.first-election.timeout.max = 1200ms (fallback to raft.server.rpc.timeout.max)
2023-06-02 20:40:24,835 [main] INFO  server.RaftServer (RaftServerProxy.java:startImpl(400)) - om1: start RPC server
2023-06-02 20:40:24,896 [main] INFO  server.GrpcService (GrpcService.java:startImpl(302)) - om1: GrpcService started, listening on 15007
2023-06-02 20:40:24,900 [main] INFO  om.OzoneManager (OzoneManager.java:start(1603)) - Version File has different layout version (5) than OM DB (null). That is expected if this OM has never been finalized to a newer layout version.
2023-06-02 20:40:24,904 [JvmPauseMonitor1] INFO  util.JvmPauseMonitor (JvmPauseMonitor.java:run(103)) - JvmPauseMonitor-om1: Started
2023-06-02 20:40:24,941 [main] INFO  http.BaseHttpServer (BaseHttpServer.java:newHttpServer2BuilderForOzone(224)) - Starting Web-server for ozoneManager at: http://0.0.0.0:15005
2023-06-02 20:40:24,941 [main] INFO  http.BaseHttpServer (BaseHttpServer.java:<init>(111)) - Hadoop Security Enabled: false Ozone Security Enabled: false Ozone HTTP Security Enabled: false 
2023-06-02 20:40:24,944 [main] WARN  server.AuthenticationFilter (AuthenticationFilter.java:constructSecretProvider(240)) - Unable to initialize FileSignerSecretProvider, falling back to use random secrets. Reason: Could not read signature secret file: /home/runner/hadoop-http-auth-signature-secret
2023-06-02 20:40:24,950 [main] INFO  http.HttpRequestLog (HttpRequestLog.java:getRequestLog(86)) - Http request log for http.requests.ozoneManager is not defined
2023-06-02 20:40:24,953 [main] INFO  http.HttpServer2 (HttpServer2.java:addGlobalFilter(1031)) - Added global filter 'safety' (class=org.apache.hadoop.hdds.server.http.HttpServer2$QuotingInputFilter)
2023-06-02 20:40:24,954 [main] INFO  http.HttpServer2 (HttpServer2.java:addFilter(1007)) - Added filter static_user_filter (class=org.apache.hadoop.http.lib.StaticUserWebFilter$StaticUserFilter) to context ozoneManager
2023-06-02 20:40:24,955 [main] INFO  http.HttpServer2 (HttpServer2.java:addFilter(1015)) - Added filter static_user_filter (class=org.apache.hadoop.http.lib.StaticUserWebFilter$StaticUserFilter) to context logs
2023-06-02 20:40:24,955 [main] INFO  http.HttpServer2 (HttpServer2.java:addFilter(1015)) - Added filter static_user_filter (class=org.apache.hadoop.http.lib.StaticUserWebFilter$StaticUserFilter) to context static
2023-06-02 20:40:24,958 [main] INFO  http.BaseHttpServer (BaseHttpServer.java:<init>(190)) - HTTP server of ozoneManager uses base directory /home/runner/work/ozone/ozone/hadoop-ozone/integration-test/target/test-dir/MiniOzoneClusterImpl-5ac0c7d5-b38a-4534-ae70-3109b4fe19c6/ozone-meta/webserver
2023-06-02 20:40:24,965 [main] INFO  http.HttpServer2 (HttpServer2.java:bindListener(1250)) - Jetty bound to port 15005
2023-06-02 20:40:24,966 [main] INFO  server.Server (Server.java:doStart(375)) - jetty-9.4.51.v20230217; built: 2023-02-17T08:19:37.309Z; git: b45c405e4544384de066f814ed42ae3dceacdd49; jvm 1.8.0_372-b07
2023-06-02 20:40:24,970 [main] INFO  server.session (DefaultSessionIdManager.java:doStart(334)) - DefaultSessionIdManager workerName=node0
2023-06-02 20:40:24,970 [main] INFO  server.session (DefaultSessionIdManager.java:doStart(339)) - No SessionScavenger set, using defaults
2023-06-02 20:40:24,971 [main] INFO  server.session (HouseKeeper.java:startScavenging(132)) - node0 Scavenging every 600000ms
2023-06-02 20:40:24,971 [main] INFO  handler.ContextHandler (ContextHandler.java:doStart(921)) - Started o.e.j.s.ServletContextHandler@793b6e25{logs,/logs,file:///home/runner/work/ozone/ozone/hadoop-ozone/integration-test/target/log,AVAILABLE}
2023-06-02 20:40:24,972 [main] INFO  handler.ContextHandler (ContextHandler.java:doStart(921)) - Started o.e.j.s.ServletContextHandler@419b3cc5{static,/static,file:///home/runner/work/ozone/ozone/hadoop-ozone/integration-test/target/test-classes/webapps/static,AVAILABLE}
2023-06-02 20:40:24,976 [main] INFO  handler.ContextHandler (ContextHandler.java:doStart(921)) - Started o.e.j.w.WebAppContext@6a78b0f3{ozoneManager,/,file:///home/runner/work/ozone/ozone/hadoop-ozone/integration-test/target/test-classes/webapps/ozoneManager/,AVAILABLE}{file:/home/runner/work/ozone/ozone/hadoop-ozone/integration-test/target/test-classes/webapps/ozoneManager}
2023-06-02 20:40:24,978 [main] INFO  server.AbstractConnector (AbstractConnector.java:doStart(333)) - Started ServerConnector@34b58084{HTTP/1.1, (http/1.1)}{0.0.0.0:15005}
2023-06-02 20:40:24,978 [main] INFO  server.Server (Server.java:doStart(415)) - Started @10169ms
2023-06-02 20:40:24,978 [main] WARN  impl.MetricsSystemImpl (MetricsSystemImpl.java:register(279)) - Sink prometheus already exists!
2023-06-02 20:40:24,980 [main] INFO  http.BaseHttpServer (BaseHttpServer.java:updateConnectorAddress(344)) - HTTP server of ozoneManager listening at http://0.0.0.0:15005
2023-06-02 20:40:24,983 [IPC Server Responder] INFO  ipc.Server (Server.java:run(1558)) - IPC Server Responder: starting
2023-06-02 20:40:24,987 [IPC Server listener on 15004] INFO  ipc.Server (Server.java:run(1398)) - IPC Server listener on 15004: starting
2023-06-02 20:40:24,998 [main] INFO  om.OzoneManager (OzoneManager.java:startTrashEmptier(2059)) - Trash Interval set to 0. Files deleted won't move to trash
2023-06-02 20:40:25,216 [main] WARN  impl.MetricRegistriesImpl (MetricRegistriesImpl.java:addReporterRegistration(111)) - New reporters are added after registries were created. Some metrics will be missing from the reporter. Please add reporter before adding any new registry.
2023-06-02 20:40:25,216 [main] WARN  impl.MetricRegistriesImpl (MetricRegistriesImpl.java:addReporterRegistration(111)) - New reporters are added after registries were created. Some metrics will be missing from the reporter. Please add reporter before adding any new registry.
2023-06-02 20:40:25,217 [main] INFO  impl.MetricsSystemImpl (MetricsSystemImpl.java:init(158)) - HddsDatanode metrics system started (again)
2023-06-02 20:40:25,246 [main] INFO  ozone.HddsDatanodeService (HddsDatanodeService.java:start(261)) - HddsDatanodeService host:fv-az1239-288 ip:10.1.0.31
2023-06-02 20:40:25,300 [main] INFO  upgrade.AbstractLayoutVersionManager (AbstractLayoutVersionManager.java:init(83)) - Initializing Layout version manager with metadata layout = HADOOP_PRC_PORTS_IN_DATANODEDETAILS (version = 7), software layout = HADOOP_PRC_PORTS_IN_DATANODEDETAILS (version = 7)
2023-06-02 20:40:25,304 [main] INFO  statemachine.DatanodeStateMachine (DatanodeStateMachine.java:getEndPointTaskThreadPoolSize(271)) - Datanode State Machine Task Thread Pool size 2
2023-06-02 20:40:25,445 [main] INFO  volume.HddsVolume (HddsVolume.java:<init>(130)) - Creating HddsVolume: /home/runner/work/ozone/ozone/hadoop-ozone/integration-test/target/test-dir/MiniOzoneClusterImpl-5ac0c7d5-b38a-4534-ae70-3109b4fe19c6/datanode-0/data-0/containers/hdds of storage type : DISK capacity : 9223372036854775807
2023-06-02 20:40:25,447 [main] INFO  volume.MutableVolumeSet (MutableVolumeSet.java:initializeVolumeSet(175)) - Added Volume : /home/runner/work/ozone/ozone/hadoop-ozone/integration-test/target/test-dir/MiniOzoneClusterImpl-5ac0c7d5-b38a-4534-ae70-3109b4fe19c6/datanode-0/data-0/containers/hdds to VolumeSet
2023-06-02 20:40:25,448 [main] INFO  volume.ThrottledAsyncChecker (ThrottledAsyncChecker.java:schedule(141)) - Scheduling a check for /home/runner/work/ozone/ozone/hadoop-ozone/integration-test/target/test-dir/MiniOzoneClusterImpl-5ac0c7d5-b38a-4534-ae70-3109b4fe19c6/datanode-0/data-0/containers/hdds
2023-06-02 20:40:25,474 [main] INFO  volume.StorageVolumeChecker (StorageVolumeChecker.java:checkAllVolumes(202)) - Scheduled health check for volume /home/runner/work/ozone/ozone/hadoop-ozone/integration-test/target/test-dir/MiniOzoneClusterImpl-5ac0c7d5-b38a-4534-ae70-3109b4fe19c6/datanode-0/data-0/containers/hdds
2023-06-02 20:40:25,498 [main] INFO  volume.MutableVolumeSet (MutableVolumeSet.java:initializeVolumeSet(175)) - Added Volume : /home/runner/work/ozone/ozone/hadoop-ozone/integration-test/target/test-dir/MiniOzoneClusterImpl-5ac0c7d5-b38a-4534-ae70-3109b4fe19c6/datanode-0/data/ratis to VolumeSet
2023-06-02 20:40:25,499 [main] INFO  volume.ThrottledAsyncChecker (ThrottledAsyncChecker.java:schedule(141)) - Scheduling a check for /home/runner/work/ozone/ozone/hadoop-ozone/integration-test/target/test-dir/MiniOzoneClusterImpl-5ac0c7d5-b38a-4534-ae70-3109b4fe19c6/datanode-0/data/ratis
2023-06-02 20:40:25,500 [main] INFO  volume.StorageVolumeChecker (StorageVolumeChecker.java:checkAllVolumes(202)) - Scheduled health check for volume /home/runner/work/ozone/ozone/hadoop-ozone/integration-test/target/test-dir/MiniOzoneClusterImpl-5ac0c7d5-b38a-4534-ae70-3109b4fe19c6/datanode-0/data/ratis
2023-06-02 20:40:25,529 [Thread-139] INFO  ozoneimpl.ContainerReader (ContainerReader.java:readVolume(175)) - Finish verifying containers on volume /home/runner/work/ozone/ozone/hadoop-ozone/integration-test/target/test-dir/MiniOzoneClusterImpl-5ac0c7d5-b38a-4534-ae70-3109b4fe19c6/datanode-0/data-0/containers/hdds
2023-06-02 20:40:25,530 [main] INFO  ozoneimpl.OzoneContainer (OzoneContainer.java:buildContainerSet(303)) - Build ContainerSet costs 0s
2023-06-02 20:40:25,595 [main] INFO  audit.AuditLogger (AuditLogger.java:refreshDebugCmdSet(126)) - Refresh DebugCmdSet for DNAudit to [].
2023-06-02 20:40:25,640 [main] INFO  server.RaftServer (ConfUtils.java:logGet(46)) - raft.rpc.type = GRPC (default)
2023-06-02 20:40:25,640 [main] INFO  grpc.GrpcConfigKeys (ConfUtils.java:logFallback(53)) - raft.grpc.admin.host = null (fallback to raft.grpc.server.host)
2023-06-02 20:40:25,642 [main] INFO  grpc.GrpcConfigKeys (ConfUtils.java:logGet(46)) - raft.grpc.admin.port = 15013 (custom)
2023-06-02 20:40:25,643 [main] INFO  grpc.GrpcConfigKeys (ConfUtils.java:logFallback(53)) - raft.grpc.client.host = null (fallback to raft.grpc.server.host)
2023-06-02 20:40:25,644 [main] INFO  grpc.GrpcConfigKeys (ConfUtils.java:logGet(46)) - raft.grpc.client.port = 15012 (custom)
2023-06-02 20:40:25,644 [main] INFO  grpc.GrpcConfigKeys (ConfUtils.java:logGet(46)) - raft.grpc.server.host = null (default)
2023-06-02 20:40:25,645 [main] INFO  grpc.GrpcConfigKeys (ConfUtils.java:logGet(46)) - raft.grpc.server.port = 15014 (custom)
2023-06-02 20:40:25,645 [main] INFO  server.GrpcService (ConfUtils.java:logGet(46)) - raft.grpc.message.size.max = 32MB (=33554432) (custom)
2023-06-02 20:40:25,645 [main] INFO  server.RaftServerConfigKeys (ConfUtils.java:logGet(46)) - raft.server.log.appender.buffer.byte-limit = 33554432 (custom)
2023-06-02 20:40:25,645 [main] INFO  server.GrpcService (ConfUtils.java:logGet(46)) - raft.grpc.flow.control.window = 5MB (=5242880) (custom)
2023-06-02 20:40:25,645 [main] INFO  server.RaftServerConfigKeys (ConfUtils.java:logGet(46)) - raft.server.rpc.request.timeout = 60s (custom)
2023-06-02 20:40:25,646 [main] INFO  grpc.GrpcConfigKeys (ConfUtils.java:logGet(46)) - raft.grpc.server.heartbeat.channel = true (default)
2023-06-02 20:40:25,646 [main] INFO  grpc.GrpcConfigKeys (ConfUtils.java:logGet(46)) - raft.grpc.server.async.request.thread.pool.cached = true (default)
2023-06-02 20:40:25,647 [main] INFO  grpc.GrpcConfigKeys (ConfUtils.java:logGet(46)) - raft.grpc.server.async.request.thread.pool.size = 32 (default)
2023-06-02 20:40:25,650 [main] INFO  impl.DataStreamServerImpl (ConfUtils.java:logGet(46)) - raft.datastream.type = NETTY (custom)
2023-06-02 20:40:25,661 [main] INFO  server.RaftServerConfigKeys (ConfUtils.java:logGet(46)) - raft.server.data-stream.async.request.thread.pool.cached = false (default)
2023-06-02 20:40:25,662 [main] INFO  server.RaftServerConfigKeys (ConfUtils.java:logGet(46)) - raft.server.data-stream.async.request.thread.pool.size = 20 (custom)
2023-06-02 20:40:25,662 [main] INFO  server.RaftServerConfigKeys (ConfUtils.java:logGet(46)) - raft.server.data-stream.async.write.thread.pool.size = 16 (default)
2023-06-02 20:40:25,663 [main] INFO  server.RaftServerConfigKeys (ConfUtils.java:logGet(46)) - raft.server.data-stream.client.pool.size = 10 (default)
2023-06-02 20:40:25,666 [main] INFO  netty.NettyConfigKeys$DataStream (ConfUtils.java:logGet(46)) - raft.netty.dataStream.server.use-epoll = false (default)
2023-06-02 20:40:25,667 [main] INFO  netty.NettyConfigKeys$DataStream (ConfUtils.java:logGet(46)) - raft.netty.dataStream.server.boss-group.size = 0 (default)
2023-06-02 20:40:25,675 [main] INFO  netty.NettyConfigKeys$DataStream (ConfUtils.java:logGet(46)) - raft.netty.dataStream.server.worker-group.size = 0 (default)
2023-06-02 20:40:25,677 [main] INFO  netty.NettyConfigKeys$DataStream (ConfUtils.java:logGet(46)) - raft.netty.dataStream.server.tls.conf = null (default)
2023-06-02 20:40:25,679 [main] INFO  netty.NettyConfigKeys$DataStream (ConfUtils.java:logGet(46)) - raft.netty.dataStream.host = null (default)
2023-06-02 20:40:25,679 [main] INFO  netty.NettyConfigKeys$DataStream (ConfUtils.java:logGet(46)) - raft.netty.dataStream.port = 15015 (custom)
2023-06-02 20:40:25,692 [main] INFO  server.RaftServerConfigKeys (ConfUtils.java:logGet(46)) - raft.server.threadpool.proxy.cached = true (default)
2023-06-02 20:40:25,692 [main] INFO  server.RaftServerConfigKeys (ConfUtils.java:logGet(46)) - raft.server.threadpool.proxy.size = 0 (default)
2023-06-02 20:40:25,692 [main] INFO  server.RaftServerConfigKeys (ConfUtils.java:logGet(46)) - raft.server.rpc.slowness.timeout = 300s (custom)
2023-06-02 20:40:25,692 [main] INFO  server.RaftServerConfigKeys (ConfUtils.java:logGet(46)) - raft.server.leaderelection.leader.step-down.wait-time = 10s (default)
2023-06-02 20:40:25,693 [main] INFO  server.RaftServerConfigKeys (ConfUtils.java:logGet(46)) - raft.server.storage.dir = [/home/runner/work/ozone/ozone/hadoop-ozone/integration-test/target/test-dir/MiniOzoneClusterImpl-5ac0c7d5-b38a-4534-ae70-3109b4fe19c6/datanode-0/data/ratis] (custom)
2023-06-02 20:40:25,716 [559beb36-7c11-4841-9a8b-e14375a607db-NettyServerStreamRpc-bossGroup--thread1] INFO  logging.LoggingHandler (AbstractInternalLogger.java:log(148)) - [id: 0xdcc86c7a] REGISTERED
2023-06-02 20:40:25,716 [559beb36-7c11-4841-9a8b-e14375a607db-NettyServerStreamRpc-bossGroup--thread1] INFO  logging.LoggingHandler (AbstractInternalLogger.java:log(148)) - [id: 0xdcc86c7a] BIND: 0.0.0.0/0.0.0.0:15015
2023-06-02 20:40:25,717 [559beb36-7c11-4841-9a8b-e14375a607db-NettyServerStreamRpc-bossGroup--thread1] INFO  logging.LoggingHandler (AbstractInternalLogger.java:log(148)) - [id: 0xdcc86c7a, L:/0:0:0:0:0:0:0:0:15015] ACTIVE
2023-06-02 20:40:25,719 [main] INFO  server.XceiverServerGrpc (XceiverServerGrpc.java:<init>(132)) - GrpcServer channel type EpollServerSocketChannel
2023-06-02 20:40:25,760 [main] INFO  replication.ReplicationSupervisor (ReplicationSupervisor.java:nodeStateUpdated(305)) - Node state updated to IN_SERVICE, scaling executor pool size to 10
2023-06-02 20:40:25,785 [main] INFO  token.OzoneBlockTokenSecretManager (OzoneSecretManager.java:updateCurrentKey(175)) - Updating current master key for generating tokens. Cert id 3603736608543
2023-06-02 20:40:25,816 [main] INFO  http.BaseHttpServer (BaseHttpServer.java:newHttpServer2BuilderForOzone(224)) - Starting Web-server for hddsDatanode at: http://0.0.0.0:15009
2023-06-02 20:40:25,816 [main] INFO  http.BaseHttpServer (BaseHttpServer.java:<init>(111)) - Hadoop Security Enabled: false Ozone Security Enabled: false Ozone HTTP Security Enabled: false 
2023-06-02 20:40:25,818 [main] WARN  server.AuthenticationFilter (AuthenticationFilter.java:constructSecretProvider(240)) - Unable to initialize FileSignerSecretProvider, falling back to use random secrets. Reason: Could not read signature secret file: /home/runner/hadoop-http-auth-signature-secret
2023-06-02 20:40:25,819 [main] INFO  http.HttpRequestLog (HttpRequestLog.java:getRequestLog(86)) - Http request log for http.requests.hddsDatanode is not defined
2023-06-02 20:40:25,821 [main] INFO  http.HttpServer2 (HttpServer2.java:addGlobalFilter(1031)) - Added global filter 'safety' (class=org.apache.hadoop.hdds.server.http.HttpServer2$QuotingInputFilter)
2023-06-02 20:40:25,822 [main] INFO  http.HttpServer2 (HttpServer2.java:addFilter(1007)) - Added filter static_user_filter (class=org.apache.hadoop.http.lib.StaticUserWebFilter$StaticUserFilter) to context hddsDatanode
2023-06-02 20:40:25,822 [main] INFO  http.HttpServer2 (HttpServer2.java:addFilter(1015)) - Added filter static_user_filter (class=org.apache.hadoop.http.lib.StaticUserWebFilter$StaticUserFilter) to context static
2023-06-02 20:40:25,822 [main] INFO  http.HttpServer2 (HttpServer2.java:addFilter(1015)) - Added filter static_user_filter (class=org.apache.hadoop.http.lib.StaticUserWebFilter$StaticUserFilter) to context logs
2023-06-02 20:40:25,823 [main] INFO  http.BaseHttpServer (BaseHttpServer.java:<init>(190)) - HTTP server of hddsDatanode uses base directory /home/runner/work/ozone/ozone/hadoop-ozone/integration-test/target/test-dir/MiniOzoneClusterImpl-5ac0c7d5-b38a-4534-ae70-3109b4fe19c6/datanode-0/meta/webserver
2023-06-02 20:40:25,824 [main] INFO  http.HttpServer2 (HttpServer2.java:bindListener(1250)) - Jetty bound to port 15009
2023-06-02 20:40:25,824 [main] INFO  server.Server (Server.java:doStart(375)) - jetty-9.4.51.v20230217; built: 2023-02-17T08:19:37.309Z; git: b45c405e4544384de066f814ed42ae3dceacdd49; jvm 1.8.0_372-b07
2023-06-02 20:40:25,832 [main] INFO  server.session (DefaultSessionIdManager.java:doStart(334)) - DefaultSessionIdManager workerName=node0
2023-06-02 20:40:25,832 [main] INFO  server.session (DefaultSessionIdManager.java:doStart(339)) - No SessionScavenger set, using defaults
2023-06-02 20:40:25,832 [main] INFO  server.session (HouseKeeper.java:startScavenging(132)) - node0 Scavenging every 660000ms
2023-06-02 20:40:25,834 [main] INFO  handler.ContextHandler (ContextHandler.java:doStart(921)) - Started o.e.j.s.ServletContextHandler@8b9f657{logs,/logs,file:///home/runner/work/ozone/ozone/hadoop-ozone/integration-test/target/log,AVAILABLE}
2023-06-02 20:40:25,835 [main] INFO  handler.ContextHandler (ContextHandler.java:doStart(921)) - Started o.e.j.s.ServletContextHandler@136468c{static,/static,jar:file:/home/runner/.m2/repository/org/apache/ozone/hdds-container-service/1.4.0-SNAPSHOT/hdds-container-service-1.4.0-SNAPSHOT.jar!/webapps/static,AVAILABLE}
2023-06-02 20:40:25,953 [om1@group-C5BA1605619E-FollowerState] INFO  impl.FollowerState (FollowerState.java:run(143)) - om1@group-C5BA1605619E-FollowerState: change to CANDIDATE, lastRpcElapsedTime:1128915452ns, electionTimeout:1120ms
2023-06-02 20:40:25,954 [om1@group-C5BA1605619E-FollowerState] INFO  impl.RoleInfo (RoleInfo.java:shutdownFollowerState(110)) - om1: shutdown om1@group-C5BA1605619E-FollowerState
2023-06-02 20:40:25,955 [om1@group-C5BA1605619E-FollowerState] INFO  server.RaftServer$Division (RaftServerImpl.java:setRole(329)) - om1@group-C5BA1605619E: changes role from  FOLLOWER to CANDIDATE at term 0 for changeToCandidate
2023-06-02 20:40:25,958 [om1@group-C5BA1605619E-FollowerState] INFO  server.RaftServerConfigKeys (ConfUtils.java:logGet(46)) - raft.server.leaderelection.pre-vote = true (default)
2023-06-02 20:40:25,958 [om1@group-C5BA1605619E-FollowerState] INFO  impl.RoleInfo (RoleInfo.java:updateAndGet(139)) - om1: start om1@group-C5BA1605619E-LeaderElection1
2023-06-02 20:40:25,980 [om1@group-C5BA1605619E-LeaderElection1] INFO  impl.LeaderElection (LeaderElection.java:askForVotes(321)) - om1@group-C5BA1605619E-LeaderElection1 PRE_VOTE round 0: submit vote requests at term 0 for -1: peers:[om1|rpc:localhost:15007|priority:0|startupRole:FOLLOWER]|listeners:[], old=null
2023-06-02 20:40:25,981 [om1@group-C5BA1605619E-LeaderElection1] INFO  impl.LeaderElection (LeaderElection.java:askForVotes(323)) - om1@group-C5BA1605619E-LeaderElection1 PRE_VOTE round 0: result PASSED (term=0)
2023-06-02 20:40:25,987 [om1@group-C5BA1605619E-LeaderElection1] INFO  impl.LeaderElection (LeaderElection.java:askForVotes(321)) - om1@group-C5BA1605619E-LeaderElection1 ELECTION round 0: submit vote requests at term 1 for -1: peers:[om1|rpc:localhost:15007|priority:0|startupRole:FOLLOWER]|listeners:[], old=null
2023-06-02 20:40:25,987 [om1@group-C5BA1605619E-LeaderElection1] INFO  impl.LeaderElection (LeaderElection.java:askForVotes(323)) - om1@group-C5BA1605619E-LeaderElection1 ELECTION round 0: result PASSED (term=1)
2023-06-02 20:40:25,987 [om1@group-C5BA1605619E-LeaderElection1] INFO  impl.RoleInfo (RoleInfo.java:shutdownLeaderElection(130)) - om1: shutdown om1@group-C5BA1605619E-LeaderElection1
2023-06-02 20:40:25,988 [om1@group-C5BA1605619E-LeaderElection1] INFO  server.RaftServer$Division (RaftServerImpl.java:setRole(329)) - om1@group-C5BA1605619E: changes role from CANDIDATE to LEADER at term 1 for changeToLeader
2023-06-02 20:40:25,992 [om1@group-C5BA1605619E-LeaderElection1] INFO  server.RaftServer$Division (ServerState.java:setLeader(317)) - om1@group-C5BA1605619E: change Leader from null to om1 at term 1 for becomeLeader, leader elected after 2336ms
2023-06-02 20:40:26,009 [om1@group-C5BA1605619E-LeaderElection1] INFO  server.RaftServerConfigKeys (ConfUtils.java:logGet(46)) - raft.server.staging.catchup.gap = 1000 (default)
2023-06-02 20:40:26,018 [om1@group-C5BA1605619E-LeaderElection1] INFO  server.RaftServerConfigKeys (ConfUtils.java:logGet(46)) - raft.server.write.element-limit = 4096 (default)
2023-06-02 20:40:26,020 [om1@group-C5BA1605619E-LeaderElection1] INFO  server.RaftServerConfigKeys (ConfUtils.java:logGet(46)) - raft.server.write.byte-limit = 64MB (=67108864) (default)
2023-06-02 20:40:26,028 [om1@group-C5BA1605619E-LeaderElection1] INFO  server.RaftServerConfigKeys (ConfUtils.java:logGet(46)) - raft.server.watch.timeout = 10s (default)
2023-06-02 20:40:26,029 [om1@group-C5BA1605619E-LeaderElection1] INFO  server.RaftServerConfigKeys (ConfUtils.java:logGet(46)) - raft.server.watch.timeout.denomination = 1s (default)
2023-06-02 20:40:26,030 [om1@group-C5BA1605619E-LeaderElection1] INFO  server.RaftServerConfigKeys (ConfUtils.java:logGet(46)) - raft.server.watch.element-limit = 65536 (default)
2023-06-02 20:40:26,041 [om1@group-C5BA1605619E-LeaderElection1] INFO  server.RaftServerConfigKeys (ConfUtils.java:logGet(46)) - raft.server.write.element-limit = 4096 (default)
2023-06-02 20:40:26,045 [om1@group-C5BA1605619E-LeaderElection1] INFO  server.RaftServerConfigKeys (ConfUtils.java:logGet(46)) - raft.server.write.follower.gap.ratio.max = -1.0 (default)
2023-06-02 20:40:26,048 [om1@group-C5BA1605619E-LeaderElection1] INFO  impl.RoleInfo (RoleInfo.java:updateAndGet(139)) - om1: start om1@group-C5BA1605619E-LeaderStateImpl
2023-06-02 20:40:26,100 [om1@group-C5BA1605619E-LeaderElection1] INFO  segmented.SegmentedRaftLogWorker (SegmentedRaftLogWorker.java:startLogSegment(447)) - om1@group-C5BA1605619E-SegmentedRaftLogWorker: Starting segment from index:0
2023-06-02 20:40:26,166 [om1@group-C5BA1605619E-LeaderElection1] INFO  server.RaftServer$Division (ServerState.java:setRaftConf(434)) - om1@group-C5BA1605619E: set configuration 0: peers:[om1|rpc:localhost:15007|admin:|client:|dataStream:|priority:0|startupRole:FOLLOWER]|listeners:[], old=null
2023-06-02 20:40:26,223 [main] INFO  handler.ContextHandler (ContextHandler.java:doStart(921)) - Started o.e.j.w.WebAppContext@1a4323ac{hddsDatanode,/,file:///home/runner/work/ozone/ozone/hadoop-ozone/integration-test/target/test-dir/MiniOzoneClusterImpl-5ac0c7d5-b38a-4534-ae70-3109b4fe19c6/datanode-0/meta/webserver/jetty-0_0_0_0-15009-hdds-container-service-1_4_0-SNAPSHOT_jar-_-any-7536462152142802698/webapp/,AVAILABLE}{jar:file:/home/runner/.m2/repository/org/apache/ozone/hdds-container-service/1.4.0-SNAPSHOT/hdds-container-service-1.4.0-SNAPSHOT.jar!/webapps/hddsDatanode}
2023-06-02 20:40:26,226 [main] INFO  server.AbstractConnector (AbstractConnector.java:doStart(333)) - Started ServerConnector@335cb6cd{HTTP/1.1, (http/1.1)}{0.0.0.0:15009}
2023-06-02 20:40:26,226 [main] INFO  server.Server (Server.java:doStart(415)) - Started @11417ms
2023-06-02 20:40:26,226 [main] WARN  impl.MetricsSystemImpl (MetricsSystemImpl.java:register(279)) - Sink prometheus already exists!
2023-06-02 20:40:26,227 [main] INFO  http.BaseHttpServer (BaseHttpServer.java:updateConnectorAddress(344)) - HTTP server of hddsDatanode listening at http://0.0.0.0:15009
2023-06-02 20:40:26,236 [main] INFO  ipc.CallQueueManager (CallQueueManager.java:<init>(90)) - Using callQueue: class java.util.concurrent.LinkedBlockingQueue, queueCapacity: 100, scheduler: class org.apache.hadoop.ipc.DefaultRpcScheduler, ipcBackoff: false.
2023-06-02 20:40:26,261 [Socket Reader #1 for port 15010] INFO  ipc.Server (Server.java:run(1319)) - Starting Socket Reader #1 for port 15010
2023-06-02 20:40:26,269 [Listener at 0.0.0.0/15010] INFO  hdds.HddsUtils (HddsUtils.java:preserveThreadName(843)) - Restoring thread name: main
2023-06-02 20:40:26,271 [main] INFO  ozone.HddsDatanodeService (HddsDatanodeService.java:start(331)) - Datanode start with admins: [runner]
2023-06-02 20:40:26,271 [main] INFO  ozone.HddsDatanodeClientProtocolServer (HddsDatanodeClientProtocolServer.java:start(83)) - RPC server for Client /0.0.0.0:15010
2023-06-02 20:40:26,273 [IPC Server Responder] INFO  ipc.Server (Server.java:run(1558)) - IPC Server Responder: starting
2023-06-02 20:40:26,273 [IPC Server listener on 15010] INFO  ipc.Server (Server.java:run(1398)) - IPC Server listener on 15010: starting
2023-06-02 20:40:26,275 [main] WARN  impl.MetricRegistriesImpl (MetricRegistriesImpl.java:addReporterRegistration(111)) - New reporters are added after registries were created. Some metrics will be missing from the reporter. Please add reporter before adding any new registry.
2023-06-02 20:40:26,275 [main] WARN  impl.MetricRegistriesImpl (MetricRegistriesImpl.java:addReporterRegistration(111)) - New reporters are added after registries were created. Some metrics will be missing from the reporter. Please add reporter before adding any new registry.
2023-06-02 20:40:26,275 [main] INFO  impl.MetricsSystemImpl (MetricsSystemImpl.java:init(158)) - HddsDatanode metrics system started (again)
2023-06-02 20:40:26,281 [Datanode State Machine Daemon Thread] INFO  statemachine.DatanodeStateMachine (DatanodeStateMachine.java:lambda$startDaemon$0(523)) - Ozone container server started.
2023-06-02 20:40:26,300 [om1@group-C5BA1605619E-SegmentedRaftLogWorker] INFO  segmented.SegmentedRaftLogWorker (SegmentedRaftLogWorker.java:execute(651)) - om1@group-C5BA1605619E-SegmentedRaftLogWorker: created new log segment /home/runner/work/ozone/ozone/hadoop-ozone/integration-test/target/test-dir/MiniOzoneClusterImpl-5ac0c7d5-b38a-4534-ae70-3109b4fe19c6/ozone-meta/ratis/bf265839-605b-3f16-9796-c5ba1605619e/current/log_inprogress_0
2023-06-02 20:40:26,302 [main] INFO  ozone.HddsDatanodeService (HddsDatanodeService.java:start(261)) - HddsDatanodeService host:fv-az1239-288 ip:10.1.0.31
2023-06-02 20:40:26,362 [main] INFO  upgrade.AbstractLayoutVersionManager (AbstractLayoutVersionManager.java:init(83)) - Initializing Layout version manager with metadata layout = HADOOP_PRC_PORTS_IN_DATANODEDETAILS (version = 7), software layout = HADOOP_PRC_PORTS_IN_DATANODEDETAILS (version = 7)
2023-06-02 20:40:26,364 [main] INFO  statemachine.DatanodeStateMachine (DatanodeStateMachine.java:getEndPointTaskThreadPoolSize(271)) - Datanode State Machine Task Thread Pool size 2
2023-06-02 20:40:26,379 [main] INFO  volume.HddsVolume (HddsVolume.java:<init>(130)) - Creating HddsVolume: /home/runner/work/ozone/ozone/hadoop-ozone/integration-test/target/test-dir/MiniOzoneClusterImpl-5ac0c7d5-b38a-4534-ae70-3109b4fe19c6/datanode-1/data-0/containers/hdds of storage type : DISK capacity : 9223372036854775807
2023-06-02 20:40:26,379 [main] INFO  volume.MutableVolumeSet (MutableVolumeSet.java:initializeVolumeSet(175)) - Added Volume : /home/runner/work/ozone/ozone/hadoop-ozone/integration-test/target/test-dir/MiniOzoneClusterImpl-5ac0c7d5-b38a-4534-ae70-3109b4fe19c6/datanode-1/data-0/containers/hdds to VolumeSet
2023-06-02 20:40:26,380 [main] INFO  volume.ThrottledAsyncChecker (ThrottledAsyncChecker.java:schedule(141)) - Scheduling a check for /home/runner/work/ozone/ozone/hadoop-ozone/integration-test/target/test-dir/MiniOzoneClusterImpl-5ac0c7d5-b38a-4534-ae70-3109b4fe19c6/datanode-1/data-0/containers/hdds
2023-06-02 20:40:26,398 [main] INFO  volume.StorageVolumeChecker (StorageVolumeChecker.java:checkAllVolumes(202)) - Scheduled health check for volume /home/runner/work/ozone/ozone/hadoop-ozone/integration-test/target/test-dir/MiniOzoneClusterImpl-5ac0c7d5-b38a-4534-ae70-3109b4fe19c6/datanode-1/data-0/containers/hdds
2023-06-02 20:40:26,572 [JvmPauseMonitor0] WARN  util.JvmPauseMonitor (JvmPauseMonitor.java:detectPause(124)) - JvmPauseMonitor-8b785c12-0397-4459-b64e-acf15c75f203: Detected pause in JVM or host machine approximately 0.101s with 0.137s GC time.
GC pool 'PS MarkSweep' had collection(s): count=1 time=108ms
GC pool 'PS Scavenge' had collection(s): count=1 time=29ms
2023-06-02 20:40:26,581 [main] INFO  volume.MutableVolumeSet (MutableVolumeSet.java:initializeVolumeSet(175)) - Added Volume : /home/runner/work/ozone/ozone/hadoop-ozone/integration-test/target/test-dir/MiniOzoneClusterImpl-5ac0c7d5-b38a-4534-ae70-3109b4fe19c6/datanode-1/data/ratis to VolumeSet
2023-06-02 20:40:26,581 [main] INFO  volume.ThrottledAsyncChecker (ThrottledAsyncChecker.java:schedule(141)) - Scheduling a check for /home/runner/work/ozone/ozone/hadoop-ozone/integration-test/target/test-dir/MiniOzoneClusterImpl-5ac0c7d5-b38a-4534-ae70-3109b4fe19c6/datanode-1/data/ratis
2023-06-02 20:40:26,581 [main] INFO  volume.StorageVolumeChecker (StorageVolumeChecker.java:checkAllVolumes(202)) - Scheduled health check for volume /home/runner/work/ozone/ozone/hadoop-ozone/integration-test/target/test-dir/MiniOzoneClusterImpl-5ac0c7d5-b38a-4534-ae70-3109b4fe19c6/datanode-1/data/ratis
2023-06-02 20:40:26,643 [Thread-158] INFO  ozoneimpl.ContainerReader (ContainerReader.java:readVolume(175)) - Finish verifying containers on volume /home/runner/work/ozone/ozone/hadoop-ozone/integration-test/target/test-dir/MiniOzoneClusterImpl-5ac0c7d5-b38a-4534-ae70-3109b4fe19c6/datanode-1/data-0/containers/hdds
2023-06-02 20:40:26,644 [main] INFO  ozoneimpl.OzoneContainer (OzoneContainer.java:buildContainerSet(303)) - Build ContainerSet costs 0s
2023-06-02 20:40:26,654 [main] INFO  server.RaftServer (ConfUtils.java:logGet(46)) - raft.rpc.type = GRPC (default)
2023-06-02 20:40:26,654 [main] INFO  grpc.GrpcConfigKeys (ConfUtils.java:logFallback(53)) - raft.grpc.admin.host = null (fallback to raft.grpc.server.host)
2023-06-02 20:40:26,654 [main] INFO  grpc.GrpcConfigKeys (ConfUtils.java:logGet(46)) - raft.grpc.admin.port = 15022 (custom)
2023-06-02 20:40:26,658 [main] INFO  grpc.GrpcConfigKeys (ConfUtils.java:logFallback(53)) - raft.grpc.client.host = null (fallback to raft.grpc.server.host)
2023-06-02 20:40:26,658 [main] INFO  grpc.GrpcConfigKeys (ConfUtils.java:logGet(46)) - raft.grpc.client.port = 15021 (custom)
2023-06-02 20:40:26,658 [main] INFO  grpc.GrpcConfigKeys (ConfUtils.java:logGet(46)) - raft.grpc.server.host = null (default)
2023-06-02 20:40:26,658 [main] INFO  grpc.GrpcConfigKeys (ConfUtils.java:logGet(46)) - raft.grpc.server.port = 15023 (custom)
2023-06-02 20:40:26,659 [main] INFO  server.GrpcService (ConfUtils.java:logGet(46)) - raft.grpc.message.size.max = 32MB (=33554432) (custom)
2023-06-02 20:40:26,659 [main] INFO  server.RaftServerConfigKeys (ConfUtils.java:logGet(46)) - raft.server.log.appender.buffer.byte-limit = 33554432 (custom)
2023-06-02 20:40:26,661 [main] INFO  server.GrpcService (ConfUtils.java:logGet(46)) - raft.grpc.flow.control.window = 5MB (=5242880) (custom)
2023-06-02 20:40:26,661 [main] INFO  server.RaftServerConfigKeys (ConfUtils.java:logGet(46)) - raft.server.rpc.request.timeout = 60s (custom)
2023-06-02 20:40:26,662 [main] INFO  grpc.GrpcConfigKeys (ConfUtils.java:logGet(46)) - raft.grpc.server.heartbeat.channel = true (default)
2023-06-02 20:40:26,662 [main] INFO  grpc.GrpcConfigKeys (ConfUtils.java:logGet(46)) - raft.grpc.server.async.request.thread.pool.cached = true (default)
2023-06-02 20:40:26,662 [main] INFO  grpc.GrpcConfigKeys (ConfUtils.java:logGet(46)) - raft.grpc.server.async.request.thread.pool.size = 32 (default)
2023-06-02 20:40:26,673 [main] INFO  impl.DataStreamServerImpl (ConfUtils.java:logGet(46)) - raft.datastream.type = NETTY (custom)
2023-06-02 20:40:26,677 [main] INFO  server.RaftServerConfigKeys (ConfUtils.java:logGet(46)) - raft.server.data-stream.async.request.thread.pool.cached = false (default)
2023-06-02 20:40:26,679 [main] INFO  server.RaftServerConfigKeys (ConfUtils.java:logGet(46)) - raft.server.data-stream.async.request.thread.pool.size = 20 (custom)
2023-06-02 20:40:26,679 [main] INFO  server.RaftServerConfigKeys (ConfUtils.java:logGet(46)) - raft.server.data-stream.async.write.thread.pool.size = 16 (default)
2023-06-02 20:40:26,680 [main] INFO  server.RaftServerConfigKeys (ConfUtils.java:logGet(46)) - raft.server.data-stream.client.pool.size = 10 (default)
2023-06-02 20:40:26,680 [main] INFO  netty.NettyConfigKeys$DataStream (ConfUtils.java:logGet(46)) - raft.netty.dataStream.server.use-epoll = false (default)
2023-06-02 20:40:26,680 [main] INFO  netty.NettyConfigKeys$DataStream (ConfUtils.java:logGet(46)) - raft.netty.dataStream.server.boss-group.size = 0 (default)
2023-06-02 20:40:26,680 [main] INFO  netty.NettyConfigKeys$DataStream (ConfUtils.java:logGet(46)) - raft.netty.dataStream.server.worker-group.size = 0 (default)
2023-06-02 20:40:26,685 [main] INFO  netty.NettyConfigKeys$DataStream (ConfUtils.java:logGet(46)) - raft.netty.dataStream.server.tls.conf = null (default)
2023-06-02 20:40:26,685 [main] INFO  netty.NettyConfigKeys$DataStream (ConfUtils.java:logGet(46)) - raft.netty.dataStream.host = null (default)
2023-06-02 20:40:26,689 [main] INFO  netty.NettyConfigKeys$DataStream (ConfUtils.java:logGet(46)) - raft.netty.dataStream.port = 15024 (custom)
2023-06-02 20:40:26,701 [main] INFO  server.RaftServerConfigKeys (ConfUtils.java:logGet(46)) - raft.server.threadpool.proxy.cached = true (default)
2023-06-02 20:40:26,701 [main] INFO  server.RaftServerConfigKeys (ConfUtils.java:logGet(46)) - raft.server.threadpool.proxy.size = 0 (default)
2023-06-02 20:40:26,702 [main] INFO  server.RaftServerConfigKeys (ConfUtils.java:logGet(46)) - raft.server.rpc.slowness.timeout = 300s (custom)
2023-06-02 20:40:26,702 [main] INFO  server.RaftServerConfigKeys (ConfUtils.java:logGet(46)) - raft.server.leaderelection.leader.step-down.wait-time = 10s (default)
2023-06-02 20:40:26,702 [main] INFO  server.RaftServerConfigKeys (ConfUtils.java:logGet(46)) - raft.server.storage.dir = [/home/runner/work/ozone/ozone/hadoop-ozone/integration-test/target/test-dir/MiniOzoneClusterImpl-5ac0c7d5-b38a-4534-ae70-3109b4fe19c6/datanode-1/data/ratis] (custom)
2023-06-02 20:40:26,713 [f3098061-e126-467d-ace5-c417dde623cb-NettyServerStreamRpc-bossGroup--thread1] INFO  logging.LoggingHandler (AbstractInternalLogger.java:log(148)) - [id: 0x5cc3ff5f] REGISTERED
2023-06-02 20:40:26,713 [f3098061-e126-467d-ace5-c417dde623cb-NettyServerStreamRpc-bossGroup--thread1] INFO  logging.LoggingHandler (AbstractInternalLogger.java:log(148)) - [id: 0x5cc3ff5f] BIND: 0.0.0.0/0.0.0.0:15024
2023-06-02 20:40:26,713 [f3098061-e126-467d-ace5-c417dde623cb-NettyServerStreamRpc-bossGroup--thread1] INFO  logging.LoggingHandler (AbstractInternalLogger.java:log(148)) - [id: 0x5cc3ff5f, L:/0:0:0:0:0:0:0:0:15024] ACTIVE
2023-06-02 20:40:26,716 [main] INFO  server.XceiverServerGrpc (XceiverServerGrpc.java:<init>(132)) - GrpcServer channel type EpollServerSocketChannel
2023-06-02 20:40:26,717 [om1@group-C5BA1605619E-StateMachineUpdater] INFO  ratis.OzoneManagerStateMachine (OzoneManagerStateMachine.java:notifyConfigurationChanged(201)) - Received Configuration change notification from Ratis. New Peer list:
[id: "om1"
address: "localhost:15007"
startupRole: FOLLOWER
]
2023-06-02 20:40:26,721 [main] INFO  replication.ReplicationSupervisor (ReplicationSupervisor.java:nodeStateUpdated(305)) - Node state updated to IN_SERVICE, scaling executor pool size to 10
2023-06-02 20:40:26,724 [main] INFO  token.OzoneBlockTokenSecretManager (OzoneSecretManager.java:updateCurrentKey(175)) - Updating current master key for generating tokens. Cert id 3603736608543
2023-06-02 20:40:26,729 [main] INFO  http.BaseHttpServer (BaseHttpServer.java:newHttpServer2BuilderForOzone(224)) - Starting Web-server for hddsDatanode at: http://0.0.0.0:15018
2023-06-02 20:40:26,730 [main] INFO  http.BaseHttpServer (BaseHttpServer.java:<init>(111)) - Hadoop Security Enabled: false Ozone Security Enabled: false Ozone HTTP Security Enabled: false 
2023-06-02 20:40:26,732 [main] WARN  server.AuthenticationFilter (AuthenticationFilter.java:constructSecretProvider(240)) - Unable to initialize FileSignerSecretProvider, falling back to use random secrets. Reason: Could not read signature secret file: /home/runner/hadoop-http-auth-signature-secret
2023-06-02 20:40:26,740 [main] INFO  http.HttpRequestLog (HttpRequestLog.java:getRequestLog(86)) - Http request log for http.requests.hddsDatanode is not defined
2023-06-02 20:40:26,741 [main] INFO  http.HttpServer2 (HttpServer2.java:addGlobalFilter(1031)) - Added global filter 'safety' (class=org.apache.hadoop.hdds.server.http.HttpServer2$QuotingInputFilter)
2023-06-02 20:40:26,742 [main] INFO  http.HttpServer2 (HttpServer2.java:addFilter(1007)) - Added filter static_user_filter (class=org.apache.hadoop.http.lib.StaticUserWebFilter$StaticUserFilter) to context hddsDatanode
2023-06-02 20:40:26,742 [main] INFO  http.HttpServer2 (HttpServer2.java:addFilter(1015)) - Added filter static_user_filter (class=org.apache.hadoop.http.lib.StaticUserWebFilter$StaticUserFilter) to context logs
2023-06-02 20:40:26,742 [main] INFO  http.HttpServer2 (HttpServer2.java:addFilter(1015)) - Added filter static_user_filter (class=org.apache.hadoop.http.lib.StaticUserWebFilter$StaticUserFilter) to context static
2023-06-02 20:40:26,745 [main] INFO  http.BaseHttpServer (BaseHttpServer.java:<init>(190)) - HTTP server of hddsDatanode uses base directory /home/runner/work/ozone/ozone/hadoop-ozone/integration-test/target/test-dir/MiniOzoneClusterImpl-5ac0c7d5-b38a-4534-ae70-3109b4fe19c6/datanode-1/meta/webserver
2023-06-02 20:40:26,745 [main] INFO  http.HttpServer2 (HttpServer2.java:bindListener(1250)) - Jetty bound to port 15018
2023-06-02 20:40:26,745 [main] INFO  server.Server (Server.java:doStart(375)) - jetty-9.4.51.v20230217; built: 2023-02-17T08:19:37.309Z; git: b45c405e4544384de066f814ed42ae3dceacdd49; jvm 1.8.0_372-b07
2023-06-02 20:40:26,770 [Datanode State Machine Task Thread - 0] INFO  datanode.InitDatanodeState (InitDatanodeState.java:persistContainerDatanodeDetails(138)) - DatanodeDetails is persisted to /home/runner/work/ozone/ozone/hadoop-ozone/integration-test/target/test-dir/MiniOzoneClusterImpl-5ac0c7d5-b38a-4534-ae70-3109b4fe19c6/datanode-0/meta/datanode.id
2023-06-02 20:40:26,776 [main] INFO  server.session (DefaultSessionIdManager.java:doStart(334)) - DefaultSessionIdManager workerName=node0
2023-06-02 20:40:26,777 [main] INFO  server.session (DefaultSessionIdManager.java:doStart(339)) - No SessionScavenger set, using defaults
2023-06-02 20:40:26,777 [main] INFO  server.session (HouseKeeper.java:startScavenging(132)) - node0 Scavenging every 600000ms
2023-06-02 20:40:26,778 [main] INFO  handler.ContextHandler (ContextHandler.java:doStart(921)) - Started o.e.j.s.ServletContextHandler@77cbedfb{logs,/logs,file:///home/runner/work/ozone/ozone/hadoop-ozone/integration-test/target/log,AVAILABLE}
2023-06-02 20:40:26,779 [main] INFO  handler.ContextHandler (ContextHandler.java:doStart(921)) - Started o.e.j.s.ServletContextHandler@7a028aa3{static,/static,jar:file:/home/runner/.m2/repository/org/apache/ozone/hdds-container-service/1.4.0-SNAPSHOT/hdds-container-service-1.4.0-SNAPSHOT.jar!/webapps/static,AVAILABLE}
2023-06-02 20:40:27,021 [main] INFO  handler.ContextHandler (ContextHandler.java:doStart(921)) - Started o.e.j.w.WebAppContext@58b58735{hddsDatanode,/,file:///home/runner/work/ozone/ozone/hadoop-ozone/integration-test/target/test-dir/MiniOzoneClusterImpl-5ac0c7d5-b38a-4534-ae70-3109b4fe19c6/datanode-1/meta/webserver/jetty-0_0_0_0-15018-hdds-container-service-1_4_0-SNAPSHOT_jar-_-any-2737784175105914682/webapp/,AVAILABLE}{jar:file:/home/runner/.m2/repository/org/apache/ozone/hdds-container-service/1.4.0-SNAPSHOT/hdds-container-service-1.4.0-SNAPSHOT.jar!/webapps/hddsDatanode}
2023-06-02 20:40:27,025 [main] INFO  server.AbstractConnector (AbstractConnector.java:doStart(333)) - Started ServerConnector@307bd31f{HTTP/1.1, (http/1.1)}{0.0.0.0:15018}
2023-06-02 20:40:27,026 [main] INFO  server.Server (Server.java:doStart(415)) - Started @12217ms
2023-06-02 20:40:27,026 [main] WARN  impl.MetricsSystemImpl (MetricsSystemImpl.java:register(279)) - Sink prometheus already exists!
2023-06-02 20:40:27,028 [main] INFO  http.BaseHttpServer (BaseHttpServer.java:updateConnectorAddress(344)) - HTTP server of hddsDatanode listening at http://0.0.0.0:15018
2023-06-02 20:40:27,029 [main] INFO  ipc.CallQueueManager (CallQueueManager.java:<init>(90)) - Using callQueue: class java.util.concurrent.LinkedBlockingQueue, queueCapacity: 100, scheduler: class org.apache.hadoop.ipc.DefaultRpcScheduler, ipcBackoff: false.
2023-06-02 20:40:27,030 [Socket Reader #1 for port 15019] INFO  ipc.Server (Server.java:run(1319)) - Starting Socket Reader #1 for port 15019
2023-06-02 20:40:27,037 [Listener at 0.0.0.0/15019] INFO  hdds.HddsUtils (HddsUtils.java:preserveThreadName(843)) - Restoring thread name: main
2023-06-02 20:40:27,037 [main] INFO  ozone.HddsDatanodeService (HddsDatanodeService.java:start(331)) - Datanode start with admins: [runner]
2023-06-02 20:40:27,037 [main] INFO  ozone.HddsDatanodeClientProtocolServer (HddsDatanodeClientProtocolServer.java:start(83)) - RPC server for Client /0.0.0.0:15019
2023-06-02 20:40:27,038 [IPC Server Responder] INFO  ipc.Server (Server.java:run(1558)) - IPC Server Responder: starting
2023-06-02 20:40:27,039 [IPC Server listener on 15019] INFO  ipc.Server (Server.java:run(1398)) - IPC Server listener on 15019: starting
2023-06-02 20:40:27,040 [main] WARN  impl.MetricRegistriesImpl (MetricRegistriesImpl.java:addReporterRegistration(111)) - New reporters are added after registries were created. Some metrics will be missing from the reporter. Please add reporter before adding any new registry.
2023-06-02 20:40:27,040 [main] WARN  impl.MetricRegistriesImpl (MetricRegistriesImpl.java:addReporterRegistration(111)) - New reporters are added after registries were created. Some metrics will be missing from the reporter. Please add reporter before adding any new registry.
2023-06-02 20:40:27,040 [main] INFO  impl.MetricsSystemImpl (MetricsSystemImpl.java:init(158)) - HddsDatanode metrics system started (again)
2023-06-02 20:40:27,041 [Datanode State Machine Daemon Thread] INFO  statemachine.DatanodeStateMachine (DatanodeStateMachine.java:lambda$startDaemon$0(523)) - Ozone container server started.
2023-06-02 20:40:27,061 [main] INFO  ozone.HddsDatanodeService (HddsDatanodeService.java:start(261)) - HddsDatanodeService host:fv-az1239-288 ip:10.1.0.31
2023-06-02 20:40:27,077 [Datanode State Machine Task Thread - 0] INFO  datanode.InitDatanodeState (InitDatanodeState.java:persistContainerDatanodeDetails(138)) - DatanodeDetails is persisted to /home/runner/work/ozone/ozone/hadoop-ozone/integration-test/target/test-dir/MiniOzoneClusterImpl-5ac0c7d5-b38a-4534-ae70-3109b4fe19c6/datanode-1/meta/datanode.id
2023-06-02 20:40:27,092 [main] INFO  upgrade.AbstractLayoutVersionManager (AbstractLayoutVersionManager.java:init(83)) - Initializing Layout version manager with metadata layout = HADOOP_PRC_PORTS_IN_DATANODEDETAILS (version = 7), software layout = HADOOP_PRC_PORTS_IN_DATANODEDETAILS (version = 7)
2023-06-02 20:40:27,093 [main] INFO  statemachine.DatanodeStateMachine (DatanodeStateMachine.java:getEndPointTaskThreadPoolSize(271)) - Datanode State Machine Task Thread Pool size 2
2023-06-02 20:40:27,096 [main] INFO  volume.HddsVolume (HddsVolume.java:<init>(130)) - Creating HddsVolume: /home/runner/work/ozone/ozone/hadoop-ozone/integration-test/target/test-dir/MiniOzoneClusterImpl-5ac0c7d5-b38a-4534-ae70-3109b4fe19c6/datanode-2/data-0/containers/hdds of storage type : DISK capacity : 9223372036854775807
2023-06-02 20:40:27,100 [main] INFO  volume.MutableVolumeSet (MutableVolumeSet.java:initializeVolumeSet(175)) - Added Volume : /home/runner/work/ozone/ozone/hadoop-ozone/integration-test/target/test-dir/MiniOzoneClusterImpl-5ac0c7d5-b38a-4534-ae70-3109b4fe19c6/datanode-2/data-0/containers/hdds to VolumeSet
2023-06-02 20:40:27,100 [main] INFO  volume.ThrottledAsyncChecker (ThrottledAsyncChecker.java:schedule(141)) - Scheduling a check for /home/runner/work/ozone/ozone/hadoop-ozone/integration-test/target/test-dir/MiniOzoneClusterImpl-5ac0c7d5-b38a-4534-ae70-3109b4fe19c6/datanode-2/data-0/containers/hdds
2023-06-02 20:40:27,101 [main] INFO  volume.StorageVolumeChecker (StorageVolumeChecker.java:checkAllVolumes(202)) - Scheduled health check for volume /home/runner/work/ozone/ozone/hadoop-ozone/integration-test/target/test-dir/MiniOzoneClusterImpl-5ac0c7d5-b38a-4534-ae70-3109b4fe19c6/datanode-2/data-0/containers/hdds
2023-06-02 20:40:27,114 [main] INFO  volume.MutableVolumeSet (MutableVolumeSet.java:initializeVolumeSet(175)) - Added Volume : /home/runner/work/ozone/ozone/hadoop-ozone/integration-test/target/test-dir/MiniOzoneClusterImpl-5ac0c7d5-b38a-4534-ae70-3109b4fe19c6/datanode-2/data/ratis to VolumeSet
2023-06-02 20:40:27,115 [main] INFO  volume.ThrottledAsyncChecker (ThrottledAsyncChecker.java:schedule(141)) - Scheduling a check for /home/runner/work/ozone/ozone/hadoop-ozone/integration-test/target/test-dir/MiniOzoneClusterImpl-5ac0c7d5-b38a-4534-ae70-3109b4fe19c6/datanode-2/data/ratis
2023-06-02 20:40:27,115 [main] INFO  volume.StorageVolumeChecker (StorageVolumeChecker.java:checkAllVolumes(202)) - Scheduled health check for volume /home/runner/work/ozone/ozone/hadoop-ozone/integration-test/target/test-dir/MiniOzoneClusterImpl-5ac0c7d5-b38a-4534-ae70-3109b4fe19c6/datanode-2/data/ratis
2023-06-02 20:40:27,128 [Thread-175] INFO  ozoneimpl.ContainerReader (ContainerReader.java:readVolume(175)) - Finish verifying containers on volume /home/runner/work/ozone/ozone/hadoop-ozone/integration-test/target/test-dir/MiniOzoneClusterImpl-5ac0c7d5-b38a-4534-ae70-3109b4fe19c6/datanode-2/data-0/containers/hdds
2023-06-02 20:40:27,128 [main] INFO  ozoneimpl.OzoneContainer (OzoneContainer.java:buildContainerSet(303)) - Build ContainerSet costs 0s
2023-06-02 20:40:27,131 [main] INFO  server.RaftServer (ConfUtils.java:logGet(46)) - raft.rpc.type = GRPC (default)
2023-06-02 20:40:27,132 [main] INFO  grpc.GrpcConfigKeys (ConfUtils.java:logFallback(53)) - raft.grpc.admin.host = null (fallback to raft.grpc.server.host)
2023-06-02 20:40:27,132 [main] INFO  grpc.GrpcConfigKeys (ConfUtils.java:logGet(46)) - raft.grpc.admin.port = 15031 (custom)
2023-06-02 20:40:27,132 [main] INFO  grpc.GrpcConfigKeys (ConfUtils.java:logFallback(53)) - raft.grpc.client.host = null (fallback to raft.grpc.server.host)
2023-06-02 20:40:27,132 [main] INFO  grpc.GrpcConfigKeys (ConfUtils.java:logGet(46)) - raft.grpc.client.port = 15030 (custom)
2023-06-02 20:40:27,132 [main] INFO  grpc.GrpcConfigKeys (ConfUtils.java:logGet(46)) - raft.grpc.server.host = null (default)
2023-06-02 20:40:27,133 [main] INFO  grpc.GrpcConfigKeys (ConfUtils.java:logGet(46)) - raft.grpc.server.port = 15032 (custom)
2023-06-02 20:40:27,133 [main] INFO  server.GrpcService (ConfUtils.java:logGet(46)) - raft.grpc.message.size.max = 32MB (=33554432) (custom)
2023-06-02 20:40:27,133 [main] INFO  server.RaftServerConfigKeys (ConfUtils.java:logGet(46)) - raft.server.log.appender.buffer.byte-limit = 33554432 (custom)
2023-06-02 20:40:27,133 [main] INFO  server.GrpcService (ConfUtils.java:logGet(46)) - raft.grpc.flow.control.window = 5MB (=5242880) (custom)
2023-06-02 20:40:27,133 [main] INFO  server.RaftServerConfigKeys (ConfUtils.java:logGet(46)) - raft.server.rpc.request.timeout = 60s (custom)
2023-06-02 20:40:27,133 [main] INFO  grpc.GrpcConfigKeys (ConfUtils.java:logGet(46)) - raft.grpc.server.heartbeat.channel = true (default)
2023-06-02 20:40:27,134 [main] INFO  grpc.GrpcConfigKeys (ConfUtils.java:logGet(46)) - raft.grpc.server.async.request.thread.pool.cached = true (default)
2023-06-02 20:40:27,134 [main] INFO  grpc.GrpcConfigKeys (ConfUtils.java:logGet(46)) - raft.grpc.server.async.request.thread.pool.size = 32 (default)
2023-06-02 20:40:27,137 [main] INFO  impl.DataStreamServerImpl (ConfUtils.java:logGet(46)) - raft.datastream.type = NETTY (custom)
2023-06-02 20:40:27,137 [main] INFO  server.RaftServerConfigKeys (ConfUtils.java:logGet(46)) - raft.server.data-stream.async.request.thread.pool.cached = false (default)
2023-06-02 20:40:27,137 [main] INFO  server.RaftServerConfigKeys (ConfUtils.java:logGet(46)) - raft.server.data-stream.async.request.thread.pool.size = 20 (custom)
2023-06-02 20:40:27,138 [main] INFO  server.RaftServerConfigKeys (ConfUtils.java:logGet(46)) - raft.server.data-stream.async.write.thread.pool.size = 16 (default)
2023-06-02 20:40:27,138 [main] INFO  server.RaftServerConfigKeys (ConfUtils.java:logGet(46)) - raft.server.data-stream.client.pool.size = 10 (default)
2023-06-02 20:40:27,138 [main] INFO  netty.NettyConfigKeys$DataStream (ConfUtils.java:logGet(46)) - raft.netty.dataStream.server.use-epoll = false (default)
2023-06-02 20:40:27,138 [main] INFO  netty.NettyConfigKeys$DataStream (ConfUtils.java:logGet(46)) - raft.netty.dataStream.server.boss-group.size = 0 (default)
2023-06-02 20:40:27,139 [main] INFO  netty.NettyConfigKeys$DataStream (ConfUtils.java:logGet(46)) - raft.netty.dataStream.server.worker-group.size = 0 (default)
2023-06-02 20:40:27,139 [main] INFO  netty.NettyConfigKeys$DataStream (ConfUtils.java:logGet(46)) - raft.netty.dataStream.server.tls.conf = null (default)
2023-06-02 20:40:27,139 [main] INFO  netty.NettyConfigKeys$DataStream (ConfUtils.java:logGet(46)) - raft.netty.dataStream.host = null (default)
2023-06-02 20:40:27,139 [main] INFO  netty.NettyConfigKeys$DataStream (ConfUtils.java:logGet(46)) - raft.netty.dataStream.port = 15033 (custom)
2023-06-02 20:40:27,140 [main] INFO  server.RaftServerConfigKeys (ConfUtils.java:logGet(46)) - raft.server.threadpool.proxy.cached = true (default)
2023-06-02 20:40:27,140 [main] INFO  server.RaftServerConfigKeys (ConfUtils.java:logGet(46)) - raft.server.threadpool.proxy.size = 0 (default)
2023-06-02 20:40:27,140 [main] INFO  server.RaftServerConfigKeys (ConfUtils.java:logGet(46)) - raft.server.rpc.slowness.timeout = 300s (custom)
2023-06-02 20:40:27,141 [main] INFO  server.RaftServerConfigKeys (ConfUtils.java:logGet(46)) - raft.server.leaderelection.leader.step-down.wait-time = 10s (default)
2023-06-02 20:40:27,141 [main] INFO  server.RaftServerConfigKeys (ConfUtils.java:logGet(46)) - raft.server.storage.dir = [/home/runner/work/ozone/ozone/hadoop-ozone/integration-test/target/test-dir/MiniOzoneClusterImpl-5ac0c7d5-b38a-4534-ae70-3109b4fe19c6/datanode-2/data/ratis] (custom)
2023-06-02 20:40:27,147 [main] INFO  server.XceiverServerGrpc (XceiverServerGrpc.java:<init>(132)) - GrpcServer channel type EpollServerSocketChannel
2023-06-02 20:40:27,149 [main] INFO  replication.ReplicationSupervisor (ReplicationSupervisor.java:nodeStateUpdated(305)) - Node state updated to IN_SERVICE, scaling executor pool size to 10
2023-06-02 20:40:27,151 [main] INFO  token.OzoneBlockTokenSecretManager (OzoneSecretManager.java:updateCurrentKey(175)) - Updating current master key for generating tokens. Cert id 3603736608543
2023-06-02 20:40:27,152 [501c2811-31b4-4cb7-a883-304e4eecc84c-NettyServerStreamRpc-bossGroup--thread1] INFO  logging.LoggingHandler (AbstractInternalLogger.java:log(148)) - [id: 0xd20b0e77] REGISTERED
2023-06-02 20:40:27,152 [501c2811-31b4-4cb7-a883-304e4eecc84c-NettyServerStreamRpc-bossGroup--thread1] INFO  logging.LoggingHandler (AbstractInternalLogger.java:log(148)) - [id: 0xd20b0e77] BIND: 0.0.0.0/0.0.0.0:15033
2023-06-02 20:40:27,153 [501c2811-31b4-4cb7-a883-304e4eecc84c-NettyServerStreamRpc-bossGroup--thread1] INFO  logging.LoggingHandler (AbstractInternalLogger.java:log(148)) - [id: 0xd20b0e77, L:/0:0:0:0:0:0:0:0:15033] ACTIVE
2023-06-02 20:40:27,153 [main] INFO  http.BaseHttpServer (BaseHttpServer.java:newHttpServer2BuilderForOzone(224)) - Starting Web-server for hddsDatanode at: http://0.0.0.0:15027
2023-06-02 20:40:27,153 [main] INFO  http.BaseHttpServer (BaseHttpServer.java:<init>(111)) - Hadoop Security Enabled: false Ozone Security Enabled: false Ozone HTTP Security Enabled: false 
2023-06-02 20:40:27,155 [main] WARN  server.AuthenticationFilter (AuthenticationFilter.java:constructSecretProvider(240)) - Unable to initialize FileSignerSecretProvider, falling back to use random secrets. Reason: Could not read signature secret file: /home/runner/hadoop-http-auth-signature-secret
2023-06-02 20:40:27,158 [main] INFO  http.HttpRequestLog (HttpRequestLog.java:getRequestLog(86)) - Http request log for http.requests.hddsDatanode is not defined
2023-06-02 20:40:27,160 [main] INFO  http.HttpServer2 (HttpServer2.java:addGlobalFilter(1031)) - Added global filter 'safety' (class=org.apache.hadoop.hdds.server.http.HttpServer2$QuotingInputFilter)
2023-06-02 20:40:27,161 [main] INFO  http.HttpServer2 (HttpServer2.java:addFilter(1007)) - Added filter static_user_filter (class=org.apache.hadoop.http.lib.StaticUserWebFilter$StaticUserFilter) to context hddsDatanode
2023-06-02 20:40:27,161 [main] INFO  http.HttpServer2 (HttpServer2.java:addFilter(1015)) - Added filter static_user_filter (class=org.apache.hadoop.http.lib.StaticUserWebFilter$StaticUserFilter) to context logs
2023-06-02 20:40:27,161 [main] INFO  http.HttpServer2 (HttpServer2.java:addFilter(1015)) - Added filter static_user_filter (class=org.apache.hadoop.http.lib.StaticUserWebFilter$StaticUserFilter) to context static
2023-06-02 20:40:27,162 [main] INFO  http.BaseHttpServer (BaseHttpServer.java:<init>(190)) - HTTP server of hddsDatanode uses base directory /home/runner/work/ozone/ozone/hadoop-ozone/integration-test/target/test-dir/MiniOzoneClusterImpl-5ac0c7d5-b38a-4534-ae70-3109b4fe19c6/datanode-2/meta/webserver
2023-06-02 20:40:27,162 [main] INFO  http.HttpServer2 (HttpServer2.java:bindListener(1250)) - Jetty bound to port 15027
2023-06-02 20:40:27,162 [main] INFO  server.Server (Server.java:doStart(375)) - jetty-9.4.51.v20230217; built: 2023-02-17T08:19:37.309Z; git: b45c405e4544384de066f814ed42ae3dceacdd49; jvm 1.8.0_372-b07
2023-06-02 20:40:27,167 [main] INFO  server.session (DefaultSessionIdManager.java:doStart(334)) - DefaultSessionIdManager workerName=node0
2023-06-02 20:40:27,168 [main] INFO  server.session (DefaultSessionIdManager.java:doStart(339)) - No SessionScavenger set, using defaults
2023-06-02 20:40:27,168 [main] INFO  server.session (HouseKeeper.java:startScavenging(132)) - node0 Scavenging every 660000ms
2023-06-02 20:40:27,169 [main] INFO  handler.ContextHandler (ContextHandler.java:doStart(921)) - Started o.e.j.s.ServletContextHandler@3def229f{logs,/logs,file:///home/runner/work/ozone/ozone/hadoop-ozone/integration-test/target/log,AVAILABLE}
2023-06-02 20:40:27,169 [main] INFO  handler.ContextHandler (ContextHandler.java:doStart(921)) - Started o.e.j.s.ServletContextHandler@103a0cf8{static,/static,jar:file:/home/runner/.m2/repository/org/apache/ozone/hdds-container-service/1.4.0-SNAPSHOT/hdds-container-service-1.4.0-SNAPSHOT.jar!/webapps/static,AVAILABLE}
2023-06-02 20:40:27,398 [main] INFO  handler.ContextHandler (ContextHandler.java:doStart(921)) - Started o.e.j.w.WebAppContext@6f30716f{hddsDatanode,/,file:///home/runner/work/ozone/ozone/hadoop-ozone/integration-test/target/test-dir/MiniOzoneClusterImpl-5ac0c7d5-b38a-4534-ae70-3109b4fe19c6/datanode-2/meta/webserver/jetty-0_0_0_0-15027-hdds-container-service-1_4_0-SNAPSHOT_jar-_-any-3874088501091107115/webapp/,AVAILABLE}{jar:file:/home/runner/.m2/repository/org/apache/ozone/hdds-container-service/1.4.0-SNAPSHOT/hdds-container-service-1.4.0-SNAPSHOT.jar!/webapps/hddsDatanode}
2023-06-02 20:40:27,400 [main] INFO  server.AbstractConnector (AbstractConnector.java:doStart(333)) - Started ServerConnector@5ad3fba0{HTTP/1.1, (http/1.1)}{0.0.0.0:15027}
2023-06-02 20:40:27,401 [main] INFO  server.Server (Server.java:doStart(415)) - Started @12591ms
2023-06-02 20:40:27,401 [main] WARN  impl.MetricsSystemImpl (MetricsSystemImpl.java:register(279)) - Sink prometheus already exists!
2023-06-02 20:40:27,402 [main] INFO  http.BaseHttpServer (BaseHttpServer.java:updateConnectorAddress(344)) - HTTP server of hddsDatanode listening at http://0.0.0.0:15027
2023-06-02 20:40:27,403 [main] INFO  ipc.CallQueueManager (CallQueueManager.java:<init>(90)) - Using callQueue: class java.util.concurrent.LinkedBlockingQueue, queueCapacity: 100, scheduler: class org.apache.hadoop.ipc.DefaultRpcScheduler, ipcBackoff: false.
2023-06-02 20:40:27,404 [Socket Reader #1 for port 15028] INFO  ipc.Server (Server.java:run(1319)) - Starting Socket Reader #1 for port 15028
2023-06-02 20:40:27,407 [Listener at 0.0.0.0/15028] INFO  hdds.HddsUtils (HddsUtils.java:preserveThreadName(843)) - Restoring thread name: main
2023-06-02 20:40:27,414 [main] INFO  ozone.HddsDatanodeService (HddsDatanodeService.java:start(331)) - Datanode start with admins: [runner]
2023-06-02 20:40:27,414 [main] INFO  ozone.HddsDatanodeClientProtocolServer (HddsDatanodeClientProtocolServer.java:start(83)) - RPC server for Client /0.0.0.0:15028
2023-06-02 20:40:27,417 [IPC Server Responder] INFO  ipc.Server (Server.java:run(1558)) - IPC Server Responder: starting
2023-06-02 20:40:27,418 [IPC Server listener on 15028] INFO  ipc.Server (Server.java:run(1398)) - IPC Server listener on 15028: starting
2023-06-02 20:40:27,419 [main] WARN  impl.MetricRegistriesImpl (MetricRegistriesImpl.java:addReporterRegistration(111)) - New reporters are added after registries were created. Some metrics will be missing from the reporter. Please add reporter before adding any new registry.
2023-06-02 20:40:27,419 [main] WARN  impl.MetricRegistriesImpl (MetricRegistriesImpl.java:addReporterRegistration(111)) - New reporters are added after registries were created. Some metrics will be missing from the reporter. Please add reporter before adding any new registry.
2023-06-02 20:40:27,419 [main] INFO  impl.MetricsSystemImpl (MetricsSystemImpl.java:init(158)) - HddsDatanode metrics system started (again)
2023-06-02 20:40:27,427 [Datanode State Machine Daemon Thread] INFO  statemachine.DatanodeStateMachine (DatanodeStateMachine.java:lambda$startDaemon$0(523)) - Ozone container server started.
2023-06-02 20:40:27,439 [main] INFO  ozone.HddsDatanodeService (HddsDatanodeService.java:start(261)) - HddsDatanodeService host:fv-az1239-288 ip:10.1.0.31
2023-06-02 20:40:27,446 [Datanode State Machine Task Thread - 0] INFO  datanode.InitDatanodeState (InitDatanodeState.java:persistContainerDatanodeDetails(138)) - DatanodeDetails is persisted to /home/runner/work/ozone/ozone/hadoop-ozone/integration-test/target/test-dir/MiniOzoneClusterImpl-5ac0c7d5-b38a-4534-ae70-3109b4fe19c6/datanode-2/meta/datanode.id
2023-06-02 20:40:27,467 [main] INFO  upgrade.AbstractLayoutVersionManager (AbstractLayoutVersionManager.java:init(83)) - Initializing Layout version manager with metadata layout = HADOOP_PRC_PORTS_IN_DATANODEDETAILS (version = 7), software layout = HADOOP_PRC_PORTS_IN_DATANODEDETAILS (version = 7)
2023-06-02 20:40:27,469 [main] INFO  statemachine.DatanodeStateMachine (DatanodeStateMachine.java:getEndPointTaskThreadPoolSize(271)) - Datanode State Machine Task Thread Pool size 2
2023-06-02 20:40:27,479 [main] INFO  volume.HddsVolume (HddsVolume.java:<init>(130)) - Creating HddsVolume: /home/runner/work/ozone/ozone/hadoop-ozone/integration-test/target/test-dir/MiniOzoneClusterImpl-5ac0c7d5-b38a-4534-ae70-3109b4fe19c6/datanode-3/data-0/containers/hdds of storage type : DISK capacity : 9223372036854775807
2023-06-02 20:40:27,479 [main] INFO  volume.MutableVolumeSet (MutableVolumeSet.java:initializeVolumeSet(175)) - Added Volume : /home/runner/work/ozone/ozone/hadoop-ozone/integration-test/target/test-dir/MiniOzoneClusterImpl-5ac0c7d5-b38a-4534-ae70-3109b4fe19c6/datanode-3/data-0/containers/hdds to VolumeSet
2023-06-02 20:40:27,480 [main] INFO  volume.ThrottledAsyncChecker (ThrottledAsyncChecker.java:schedule(141)) - Scheduling a check for /home/runner/work/ozone/ozone/hadoop-ozone/integration-test/target/test-dir/MiniOzoneClusterImpl-5ac0c7d5-b38a-4534-ae70-3109b4fe19c6/datanode-3/data-0/containers/hdds
2023-06-02 20:40:27,480 [main] INFO  volume.StorageVolumeChecker (StorageVolumeChecker.java:checkAllVolumes(202)) - Scheduled health check for volume /home/runner/work/ozone/ozone/hadoop-ozone/integration-test/target/test-dir/MiniOzoneClusterImpl-5ac0c7d5-b38a-4534-ae70-3109b4fe19c6/datanode-3/data-0/containers/hdds
2023-06-02 20:40:27,497 [main] INFO  volume.MutableVolumeSet (MutableVolumeSet.java:initializeVolumeSet(175)) - Added Volume : /home/runner/work/ozone/ozone/hadoop-ozone/integration-test/target/test-dir/MiniOzoneClusterImpl-5ac0c7d5-b38a-4534-ae70-3109b4fe19c6/datanode-3/data/ratis to VolumeSet
2023-06-02 20:40:27,497 [main] INFO  volume.ThrottledAsyncChecker (ThrottledAsyncChecker.java:schedule(141)) - Scheduling a check for /home/runner/work/ozone/ozone/hadoop-ozone/integration-test/target/test-dir/MiniOzoneClusterImpl-5ac0c7d5-b38a-4534-ae70-3109b4fe19c6/datanode-3/data/ratis
2023-06-02 20:40:27,498 [main] INFO  volume.StorageVolumeChecker (StorageVolumeChecker.java:checkAllVolumes(202)) - Scheduled health check for volume /home/runner/work/ozone/ozone/hadoop-ozone/integration-test/target/test-dir/MiniOzoneClusterImpl-5ac0c7d5-b38a-4534-ae70-3109b4fe19c6/datanode-3/data/ratis
2023-06-02 20:40:27,516 [Thread-192] INFO  ozoneimpl.ContainerReader (ContainerReader.java:readVolume(175)) - Finish verifying containers on volume /home/runner/work/ozone/ozone/hadoop-ozone/integration-test/target/test-dir/MiniOzoneClusterImpl-5ac0c7d5-b38a-4534-ae70-3109b4fe19c6/datanode-3/data-0/containers/hdds
2023-06-02 20:40:27,516 [main] INFO  ozoneimpl.OzoneContainer (OzoneContainer.java:buildContainerSet(303)) - Build ContainerSet costs 0s
2023-06-02 20:40:27,523 [main] INFO  server.RaftServer (ConfUtils.java:logGet(46)) - raft.rpc.type = GRPC (default)
2023-06-02 20:40:27,523 [main] INFO  grpc.GrpcConfigKeys (ConfUtils.java:logFallback(53)) - raft.grpc.admin.host = null (fallback to raft.grpc.server.host)
2023-06-02 20:40:27,524 [main] INFO  grpc.GrpcConfigKeys (ConfUtils.java:logGet(46)) - raft.grpc.admin.port = 15040 (custom)
2023-06-02 20:40:27,524 [main] INFO  grpc.GrpcConfigKeys (ConfUtils.java:logFallback(53)) - raft.grpc.client.host = null (fallback to raft.grpc.server.host)
2023-06-02 20:40:27,524 [main] INFO  grpc.GrpcConfigKeys (ConfUtils.java:logGet(46)) - raft.grpc.client.port = 15039 (custom)
2023-06-02 20:40:27,524 [main] INFO  grpc.GrpcConfigKeys (ConfUtils.java:logGet(46)) - raft.grpc.server.host = null (default)
2023-06-02 20:40:27,524 [main] INFO  grpc.GrpcConfigKeys (ConfUtils.java:logGet(46)) - raft.grpc.server.port = 15041 (custom)
2023-06-02 20:40:27,524 [main] INFO  server.GrpcService (ConfUtils.java:logGet(46)) - raft.grpc.message.size.max = 32MB (=33554432) (custom)
2023-06-02 20:40:27,525 [main] INFO  server.RaftServerConfigKeys (ConfUtils.java:logGet(46)) - raft.server.log.appender.buffer.byte-limit = 33554432 (custom)
2023-06-02 20:40:27,525 [main] INFO  server.GrpcService (ConfUtils.java:logGet(46)) - raft.grpc.flow.control.window = 5MB (=5242880) (custom)
2023-06-02 20:40:27,525 [main] INFO  server.RaftServerConfigKeys (ConfUtils.java:logGet(46)) - raft.server.rpc.request.timeout = 60s (custom)
2023-06-02 20:40:27,525 [main] INFO  grpc.GrpcConfigKeys (ConfUtils.java:logGet(46)) - raft.grpc.server.heartbeat.channel = true (default)
2023-06-02 20:40:27,525 [main] INFO  grpc.GrpcConfigKeys (ConfUtils.java:logGet(46)) - raft.grpc.server.async.request.thread.pool.cached = true (default)
2023-06-02 20:40:27,525 [main] INFO  grpc.GrpcConfigKeys (ConfUtils.java:logGet(46)) - raft.grpc.server.async.request.thread.pool.size = 32 (default)
2023-06-02 20:40:27,528 [main] INFO  impl.DataStreamServerImpl (ConfUtils.java:logGet(46)) - raft.datastream.type = NETTY (custom)
2023-06-02 20:40:27,529 [main] INFO  server.RaftServerConfigKeys (ConfUtils.java:logGet(46)) - raft.server.data-stream.async.request.thread.pool.cached = false (default)
2023-06-02 20:40:27,529 [main] INFO  server.RaftServerConfigKeys (ConfUtils.java:logGet(46)) - raft.server.data-stream.async.request.thread.pool.size = 20 (custom)
2023-06-02 20:40:27,529 [main] INFO  server.RaftServerConfigKeys (ConfUtils.java:logGet(46)) - raft.server.data-stream.async.write.thread.pool.size = 16 (default)
2023-06-02 20:40:27,529 [main] INFO  server.RaftServerConfigKeys (ConfUtils.java:logGet(46)) - raft.server.data-stream.client.pool.size = 10 (default)
2023-06-02 20:40:27,529 [main] INFO  netty.NettyConfigKeys$DataStream (ConfUtils.java:logGet(46)) - raft.netty.dataStream.server.use-epoll = false (default)
2023-06-02 20:40:27,530 [main] INFO  netty.NettyConfigKeys$DataStream (ConfUtils.java:logGet(46)) - raft.netty.dataStream.server.boss-group.size = 0 (default)
2023-06-02 20:40:27,530 [main] INFO  netty.NettyConfigKeys$DataStream (ConfUtils.java:logGet(46)) - raft.netty.dataStream.server.worker-group.size = 0 (default)
2023-06-02 20:40:27,531 [main] INFO  netty.NettyConfigKeys$DataStream (ConfUtils.java:logGet(46)) - raft.netty.dataStream.server.tls.conf = null (default)
2023-06-02 20:40:27,531 [main] INFO  netty.NettyConfigKeys$DataStream (ConfUtils.java:logGet(46)) - raft.netty.dataStream.host = null (default)
2023-06-02 20:40:27,531 [main] INFO  netty.NettyConfigKeys$DataStream (ConfUtils.java:logGet(46)) - raft.netty.dataStream.port = 15042 (custom)
2023-06-02 20:40:27,531 [main] INFO  server.RaftServerConfigKeys (ConfUtils.java:logGet(46)) - raft.server.threadpool.proxy.cached = true (default)
2023-06-02 20:40:27,532 [main] INFO  server.RaftServerConfigKeys (ConfUtils.java:logGet(46)) - raft.server.threadpool.proxy.size = 0 (default)
2023-06-02 20:40:27,532 [main] INFO  server.RaftServerConfigKeys (ConfUtils.java:logGet(46)) - raft.server.rpc.slowness.timeout = 300s (custom)
2023-06-02 20:40:27,532 [main] INFO  server.RaftServerConfigKeys (ConfUtils.java:logGet(46)) - raft.server.leaderelection.leader.step-down.wait-time = 10s (default)
2023-06-02 20:40:27,532 [main] INFO  server.RaftServerConfigKeys (ConfUtils.java:logGet(46)) - raft.server.storage.dir = [/home/runner/work/ozone/ozone/hadoop-ozone/integration-test/target/test-dir/MiniOzoneClusterImpl-5ac0c7d5-b38a-4534-ae70-3109b4fe19c6/datanode-3/data/ratis] (custom)
2023-06-02 20:40:27,535 [4daf1ed2-e43c-4bda-878b-63f1449da6f8-NettyServerStreamRpc-bossGroup--thread1] INFO  logging.LoggingHandler (AbstractInternalLogger.java:log(148)) - [id: 0x6b98602f] REGISTERED
2023-06-02 20:40:27,535 [4daf1ed2-e43c-4bda-878b-63f1449da6f8-NettyServerStreamRpc-bossGroup--thread1] INFO  logging.LoggingHandler (AbstractInternalLogger.java:log(148)) - [id: 0x6b98602f] BIND: 0.0.0.0/0.0.0.0:15042
2023-06-02 20:40:27,536 [4daf1ed2-e43c-4bda-878b-63f1449da6f8-NettyServerStreamRpc-bossGroup--thread1] INFO  logging.LoggingHandler (AbstractInternalLogger.java:log(148)) - [id: 0x6b98602f, L:/0:0:0:0:0:0:0:0:15042] ACTIVE
2023-06-02 20:40:27,536 [main] INFO  server.XceiverServerGrpc (XceiverServerGrpc.java:<init>(132)) - GrpcServer channel type EpollServerSocketChannel
2023-06-02 20:40:27,539 [main] INFO  replication.ReplicationSupervisor (ReplicationSupervisor.java:nodeStateUpdated(305)) - Node state updated to IN_SERVICE, scaling executor pool size to 10
2023-06-02 20:40:27,540 [main] INFO  token.OzoneBlockTokenSecretManager (OzoneSecretManager.java:updateCurrentKey(175)) - Updating current master key for generating tokens. Cert id 3603736608543
2023-06-02 20:40:27,541 [main] INFO  http.BaseHttpServer (BaseHttpServer.java:newHttpServer2BuilderForOzone(224)) - Starting Web-server for hddsDatanode at: http://0.0.0.0:15036
2023-06-02 20:40:27,542 [main] INFO  http.BaseHttpServer (BaseHttpServer.java:<init>(111)) - Hadoop Security Enabled: false Ozone Security Enabled: false Ozone HTTP Security Enabled: false 
2023-06-02 20:40:27,543 [main] WARN  server.AuthenticationFilter (AuthenticationFilter.java:constructSecretProvider(240)) - Unable to initialize FileSignerSecretProvider, falling back to use random secrets. Reason: Could not read signature secret file: /home/runner/hadoop-http-auth-signature-secret
2023-06-02 20:40:27,548 [main] INFO  http.HttpRequestLog (HttpRequestLog.java:getRequestLog(86)) - Http request log for http.requests.hddsDatanode is not defined
2023-06-02 20:40:27,549 [main] INFO  http.HttpServer2 (HttpServer2.java:addGlobalFilter(1031)) - Added global filter 'safety' (class=org.apache.hadoop.hdds.server.http.HttpServer2$QuotingInputFilter)
2023-06-02 20:40:27,550 [main] INFO  http.HttpServer2 (HttpServer2.java:addFilter(1007)) - Added filter static_user_filter (class=org.apache.hadoop.http.lib.StaticUserWebFilter$StaticUserFilter) to context hddsDatanode
2023-06-02 20:40:27,550 [main] INFO  http.HttpServer2 (HttpServer2.java:addFilter(1015)) - Added filter static_user_filter (class=org.apache.hadoop.http.lib.StaticUserWebFilter$StaticUserFilter) to context static
2023-06-02 20:40:27,551 [main] INFO  http.HttpServer2 (HttpServer2.java:addFilter(1015)) - Added filter static_user_filter (class=org.apache.hadoop.http.lib.StaticUserWebFilter$StaticUserFilter) to context logs
2023-06-02 20:40:27,552 [main] INFO  http.BaseHttpServer (BaseHttpServer.java:<init>(190)) - HTTP server of hddsDatanode uses base directory /home/runner/work/ozone/ozone/hadoop-ozone/integration-test/target/test-dir/MiniOzoneClusterImpl-5ac0c7d5-b38a-4534-ae70-3109b4fe19c6/datanode-3/meta/webserver
2023-06-02 20:40:27,552 [main] INFO  http.HttpServer2 (HttpServer2.java:bindListener(1250)) - Jetty bound to port 15036
2023-06-02 20:40:27,552 [main] INFO  server.Server (Server.java:doStart(375)) - jetty-9.4.51.v20230217; built: 2023-02-17T08:19:37.309Z; git: b45c405e4544384de066f814ed42ae3dceacdd49; jvm 1.8.0_372-b07
2023-06-02 20:40:27,557 [main] INFO  server.session (DefaultSessionIdManager.java:doStart(334)) - DefaultSessionIdManager workerName=node0
2023-06-02 20:40:27,557 [main] INFO  server.session (DefaultSessionIdManager.java:doStart(339)) - No SessionScavenger set, using defaults
2023-06-02 20:40:27,557 [main] INFO  server.session (HouseKeeper.java:startScavenging(132)) - node0 Scavenging every 600000ms
2023-06-02 20:40:27,558 [main] INFO  handler.ContextHandler (ContextHandler.java:doStart(921)) - Started o.e.j.s.ServletContextHandler@30ba6068{logs,/logs,file:///home/runner/work/ozone/ozone/hadoop-ozone/integration-test/target/log,AVAILABLE}
2023-06-02 20:40:27,559 [main] INFO  handler.ContextHandler (ContextHandler.java:doStart(921)) - Started o.e.j.s.ServletContextHandler@676d182d{static,/static,jar:file:/home/runner/.m2/repository/org/apache/ozone/hdds-container-service/1.4.0-SNAPSHOT/hdds-container-service-1.4.0-SNAPSHOT.jar!/webapps/static,AVAILABLE}
2023-06-02 20:40:27,790 [main] INFO  handler.ContextHandler (ContextHandler.java:doStart(921)) - Started o.e.j.w.WebAppContext@2f2b638{hddsDatanode,/,file:///home/runner/work/ozone/ozone/hadoop-ozone/integration-test/target/test-dir/MiniOzoneClusterImpl-5ac0c7d5-b38a-4534-ae70-3109b4fe19c6/datanode-3/meta/webserver/jetty-0_0_0_0-15036-hdds-container-service-1_4_0-SNAPSHOT_jar-_-any-154845632118062416/webapp/,AVAILABLE}{jar:file:/home/runner/.m2/repository/org/apache/ozone/hdds-container-service/1.4.0-SNAPSHOT/hdds-container-service-1.4.0-SNAPSHOT.jar!/webapps/hddsDatanode}
2023-06-02 20:40:27,792 [main] INFO  server.AbstractConnector (AbstractConnector.java:doStart(333)) - Started ServerConnector@2b0e378c{HTTP/1.1, (http/1.1)}{0.0.0.0:15036}
2023-06-02 20:40:27,792 [main] INFO  server.Server (Server.java:doStart(415)) - Started @12983ms
2023-06-02 20:40:27,792 [main] WARN  impl.MetricsSystemImpl (MetricsSystemImpl.java:register(279)) - Sink prometheus already exists!
2023-06-02 20:40:27,793 [main] INFO  http.BaseHttpServer (BaseHttpServer.java:updateConnectorAddress(344)) - HTTP server of hddsDatanode listening at http://0.0.0.0:15036
2023-06-02 20:40:27,794 [main] INFO  ipc.CallQueueManager (CallQueueManager.java:<init>(90)) - Using callQueue: class java.util.concurrent.LinkedBlockingQueue, queueCapacity: 100, scheduler: class org.apache.hadoop.ipc.DefaultRpcScheduler, ipcBackoff: false.
2023-06-02 20:40:27,794 [Socket Reader #1 for port 15037] INFO  ipc.Server (Server.java:run(1319)) - Starting Socket Reader #1 for port 15037
2023-06-02 20:40:27,801 [Listener at 0.0.0.0/15037] INFO  hdds.HddsUtils (HddsUtils.java:preserveThreadName(843)) - Restoring thread name: main
2023-06-02 20:40:27,802 [main] INFO  ozone.HddsDatanodeService (HddsDatanodeService.java:start(331)) - Datanode start with admins: [runner]
2023-06-02 20:40:27,802 [main] INFO  ozone.HddsDatanodeClientProtocolServer (HddsDatanodeClientProtocolServer.java:start(83)) - RPC server for Client /0.0.0.0:15037
2023-06-02 20:40:27,803 [IPC Server Responder] INFO  ipc.Server (Server.java:run(1558)) - IPC Server Responder: starting
2023-06-02 20:40:27,808 [Datanode State Machine Daemon Thread] INFO  statemachine.DatanodeStateMachine (DatanodeStateMachine.java:lambda$startDaemon$0(523)) - Ozone container server started.
2023-06-02 20:40:27,809 [main] WARN  impl.MetricRegistriesImpl (MetricRegistriesImpl.java:addReporterRegistration(111)) - New reporters are added after registries were created. Some metrics will be missing from the reporter. Please add reporter before adding any new registry.
2023-06-02 20:40:27,809 [main] WARN  impl.MetricRegistriesImpl (MetricRegistriesImpl.java:addReporterRegistration(111)) - New reporters are added after registries were created. Some metrics will be missing from the reporter. Please add reporter before adding any new registry.
2023-06-02 20:40:27,809 [main] INFO  impl.MetricsSystemImpl (MetricsSystemImpl.java:init(158)) - HddsDatanode metrics system started (again)
2023-06-02 20:40:27,814 [IPC Server listener on 15037] INFO  ipc.Server (Server.java:run(1398)) - IPC Server listener on 15037: starting
2023-06-02 20:40:27,828 [main] INFO  ozone.HddsDatanodeService (HddsDatanodeService.java:start(261)) - HddsDatanodeService host:fv-az1239-288 ip:10.1.0.31
2023-06-02 20:40:27,830 [Datanode State Machine Task Thread - 0] INFO  datanode.InitDatanodeState (InitDatanodeState.java:persistContainerDatanodeDetails(138)) - DatanodeDetails is persisted to /home/runner/work/ozone/ozone/hadoop-ozone/integration-test/target/test-dir/MiniOzoneClusterImpl-5ac0c7d5-b38a-4534-ae70-3109b4fe19c6/datanode-3/meta/datanode.id
2023-06-02 20:40:27,860 [main] INFO  upgrade.AbstractLayoutVersionManager (AbstractLayoutVersionManager.java:init(83)) - Initializing Layout version manager with metadata layout = HADOOP_PRC_PORTS_IN_DATANODEDETAILS (version = 7), software layout = HADOOP_PRC_PORTS_IN_DATANODEDETAILS (version = 7)
2023-06-02 20:40:27,861 [main] INFO  statemachine.DatanodeStateMachine (DatanodeStateMachine.java:getEndPointTaskThreadPoolSize(271)) - Datanode State Machine Task Thread Pool size 2
2023-06-02 20:40:27,870 [main] INFO  volume.HddsVolume (HddsVolume.java:<init>(130)) - Creating HddsVolume: /home/runner/work/ozone/ozone/hadoop-ozone/integration-test/target/test-dir/MiniOzoneClusterImpl-5ac0c7d5-b38a-4534-ae70-3109b4fe19c6/datanode-4/data-0/containers/hdds of storage type : DISK capacity : 9223372036854775807
2023-06-02 20:40:27,870 [main] INFO  volume.MutableVolumeSet (MutableVolumeSet.java:initializeVolumeSet(175)) - Added Volume : /home/runner/work/ozone/ozone/hadoop-ozone/integration-test/target/test-dir/MiniOzoneClusterImpl-5ac0c7d5-b38a-4534-ae70-3109b4fe19c6/datanode-4/data-0/containers/hdds to VolumeSet
2023-06-02 20:40:27,871 [main] INFO  volume.ThrottledAsyncChecker (ThrottledAsyncChecker.java:schedule(141)) - Scheduling a check for /home/runner/work/ozone/ozone/hadoop-ozone/integration-test/target/test-dir/MiniOzoneClusterImpl-5ac0c7d5-b38a-4534-ae70-3109b4fe19c6/datanode-4/data-0/containers/hdds
2023-06-02 20:40:27,873 [main] INFO  volume.StorageVolumeChecker (StorageVolumeChecker.java:checkAllVolumes(202)) - Scheduled health check for volume /home/runner/work/ozone/ozone/hadoop-ozone/integration-test/target/test-dir/MiniOzoneClusterImpl-5ac0c7d5-b38a-4534-ae70-3109b4fe19c6/datanode-4/data-0/containers/hdds
2023-06-02 20:40:27,887 [main] INFO  volume.MutableVolumeSet (MutableVolumeSet.java:initializeVolumeSet(175)) - Added Volume : /home/runner/work/ozone/ozone/hadoop-ozone/integration-test/target/test-dir/MiniOzoneClusterImpl-5ac0c7d5-b38a-4534-ae70-3109b4fe19c6/datanode-4/data/ratis to VolumeSet
2023-06-02 20:40:27,887 [main] INFO  volume.ThrottledAsyncChecker (ThrottledAsyncChecker.java:schedule(141)) - Scheduling a check for /home/runner/work/ozone/ozone/hadoop-ozone/integration-test/target/test-dir/MiniOzoneClusterImpl-5ac0c7d5-b38a-4534-ae70-3109b4fe19c6/datanode-4/data/ratis
2023-06-02 20:40:27,888 [main] INFO  volume.StorageVolumeChecker (StorageVolumeChecker.java:checkAllVolumes(202)) - Scheduled health check for volume /home/runner/work/ozone/ozone/hadoop-ozone/integration-test/target/test-dir/MiniOzoneClusterImpl-5ac0c7d5-b38a-4534-ae70-3109b4fe19c6/datanode-4/data/ratis
2023-06-02 20:40:27,902 [Thread-209] INFO  ozoneimpl.ContainerReader (ContainerReader.java:readVolume(175)) - Finish verifying containers on volume /home/runner/work/ozone/ozone/hadoop-ozone/integration-test/target/test-dir/MiniOzoneClusterImpl-5ac0c7d5-b38a-4534-ae70-3109b4fe19c6/datanode-4/data-0/containers/hdds
2023-06-02 20:40:27,902 [main] INFO  ozoneimpl.OzoneContainer (OzoneContainer.java:buildContainerSet(303)) - Build ContainerSet costs 0s
2023-06-02 20:40:27,914 [main] INFO  server.RaftServer (ConfUtils.java:logGet(46)) - raft.rpc.type = GRPC (default)
2023-06-02 20:40:27,915 [main] INFO  grpc.GrpcConfigKeys (ConfUtils.java:logFallback(53)) - raft.grpc.admin.host = null (fallback to raft.grpc.server.host)
2023-06-02 20:40:27,915 [main] INFO  grpc.GrpcConfigKeys (ConfUtils.java:logGet(46)) - raft.grpc.admin.port = 15049 (custom)
2023-06-02 20:40:27,915 [main] INFO  grpc.GrpcConfigKeys (ConfUtils.java:logFallback(53)) - raft.grpc.client.host = null (fallback to raft.grpc.server.host)
2023-06-02 20:40:27,915 [main] INFO  grpc.GrpcConfigKeys (ConfUtils.java:logGet(46)) - raft.grpc.client.port = 15048 (custom)
2023-06-02 20:40:27,915 [main] INFO  grpc.GrpcConfigKeys (ConfUtils.java:logGet(46)) - raft.grpc.server.host = null (default)
2023-06-02 20:40:27,916 [main] INFO  grpc.GrpcConfigKeys (ConfUtils.java:logGet(46)) - raft.grpc.server.port = 15050 (custom)
2023-06-02 20:40:27,916 [main] INFO  server.GrpcService (ConfUtils.java:logGet(46)) - raft.grpc.message.size.max = 32MB (=33554432) (custom)
2023-06-02 20:40:27,916 [main] INFO  server.RaftServerConfigKeys (ConfUtils.java:logGet(46)) - raft.server.log.appender.buffer.byte-limit = 33554432 (custom)
2023-06-02 20:40:27,916 [main] INFO  server.GrpcService (ConfUtils.java:logGet(46)) - raft.grpc.flow.control.window = 5MB (=5242880) (custom)
2023-06-02 20:40:27,916 [main] INFO  server.RaftServerConfigKeys (ConfUtils.java:logGet(46)) - raft.server.rpc.request.timeout = 60s (custom)
2023-06-02 20:40:27,916 [main] INFO  grpc.GrpcConfigKeys (ConfUtils.java:logGet(46)) - raft.grpc.server.heartbeat.channel = true (default)
2023-06-02 20:40:27,917 [main] INFO  grpc.GrpcConfigKeys (ConfUtils.java:logGet(46)) - raft.grpc.server.async.request.thread.pool.cached = true (default)
2023-06-02 20:40:27,917 [main] INFO  grpc.GrpcConfigKeys (ConfUtils.java:logGet(46)) - raft.grpc.server.async.request.thread.pool.size = 32 (default)
2023-06-02 20:40:27,919 [main] INFO  impl.DataStreamServerImpl (ConfUtils.java:logGet(46)) - raft.datastream.type = NETTY (custom)
2023-06-02 20:40:27,920 [main] INFO  server.RaftServerConfigKeys (ConfUtils.java:logGet(46)) - raft.server.data-stream.async.request.thread.pool.cached = false (default)
2023-06-02 20:40:27,920 [main] INFO  server.RaftServerConfigKeys (ConfUtils.java:logGet(46)) - raft.server.data-stream.async.request.thread.pool.size = 20 (custom)
2023-06-02 20:40:27,920 [main] INFO  server.RaftServerConfigKeys (ConfUtils.java:logGet(46)) - raft.server.data-stream.async.write.thread.pool.size = 16 (default)
2023-06-02 20:40:27,920 [main] INFO  server.RaftServerConfigKeys (ConfUtils.java:logGet(46)) - raft.server.data-stream.client.pool.size = 10 (default)
2023-06-02 20:40:27,921 [main] INFO  netty.NettyConfigKeys$DataStream (ConfUtils.java:logGet(46)) - raft.netty.dataStream.server.use-epoll = false (default)
2023-06-02 20:40:27,921 [main] INFO  netty.NettyConfigKeys$DataStream (ConfUtils.java:logGet(46)) - raft.netty.dataStream.server.boss-group.size = 0 (default)
2023-06-02 20:40:27,921 [main] INFO  netty.NettyConfigKeys$DataStream (ConfUtils.java:logGet(46)) - raft.netty.dataStream.server.worker-group.size = 0 (default)
2023-06-02 20:40:27,924 [main] INFO  netty.NettyConfigKeys$DataStream (ConfUtils.java:logGet(46)) - raft.netty.dataStream.server.tls.conf = null (default)
2023-06-02 20:40:27,925 [main] INFO  netty.NettyConfigKeys$DataStream (ConfUtils.java:logGet(46)) - raft.netty.dataStream.host = null (default)
2023-06-02 20:40:27,925 [main] INFO  netty.NettyConfigKeys$DataStream (ConfUtils.java:logGet(46)) - raft.netty.dataStream.port = 15051 (custom)
2023-06-02 20:40:27,926 [main] INFO  server.RaftServerConfigKeys (ConfUtils.java:logGet(46)) - raft.server.threadpool.proxy.cached = true (default)
2023-06-02 20:40:27,927 [main] INFO  server.RaftServerConfigKeys (ConfUtils.java:logGet(46)) - raft.server.threadpool.proxy.size = 0 (default)
2023-06-02 20:40:27,933 [main] INFO  server.RaftServerConfigKeys (ConfUtils.java:logGet(46)) - raft.server.rpc.slowness.timeout = 300s (custom)
2023-06-02 20:40:27,933 [0ec547f6-a501-4372-afcf-7dbe5c08d569-NettyServerStreamRpc-bossGroup--thread1] INFO  logging.LoggingHandler (AbstractInternalLogger.java:log(148)) - [id: 0xba912f25] REGISTERED
2023-06-02 20:40:27,934 [main] INFO  server.RaftServerConfigKeys (ConfUtils.java:logGet(46)) - raft.server.leaderelection.leader.step-down.wait-time = 10s (default)
2023-06-02 20:40:27,934 [0ec547f6-a501-4372-afcf-7dbe5c08d569-NettyServerStreamRpc-bossGroup--thread1] INFO  logging.LoggingHandler (AbstractInternalLogger.java:log(148)) - [id: 0xba912f25] BIND: 0.0.0.0/0.0.0.0:15051
2023-06-02 20:40:27,934 [main] INFO  server.RaftServerConfigKeys (ConfUtils.java:logGet(46)) - raft.server.storage.dir = [/home/runner/work/ozone/ozone/hadoop-ozone/integration-test/target/test-dir/MiniOzoneClusterImpl-5ac0c7d5-b38a-4534-ae70-3109b4fe19c6/datanode-4/data/ratis] (custom)
2023-06-02 20:40:27,934 [0ec547f6-a501-4372-afcf-7dbe5c08d569-NettyServerStreamRpc-bossGroup--thread1] INFO  logging.LoggingHandler (AbstractInternalLogger.java:log(148)) - [id: 0xba912f25, L:/0:0:0:0:0:0:0:0:15051] ACTIVE
2023-06-02 20:40:27,937 [main] INFO  server.XceiverServerGrpc (XceiverServerGrpc.java:<init>(132)) - GrpcServer channel type EpollServerSocketChannel
2023-06-02 20:40:27,940 [main] INFO  replication.ReplicationSupervisor (ReplicationSupervisor.java:nodeStateUpdated(305)) - Node state updated to IN_SERVICE, scaling executor pool size to 10
2023-06-02 20:40:27,944 [main] INFO  token.OzoneBlockTokenSecretManager (OzoneSecretManager.java:updateCurrentKey(175)) - Updating current master key for generating tokens. Cert id 3603736608543
2023-06-02 20:40:27,946 [main] INFO  http.BaseHttpServer (BaseHttpServer.java:newHttpServer2BuilderForOzone(224)) - Starting Web-server for hddsDatanode at: http://0.0.0.0:15045
2023-06-02 20:40:27,946 [main] INFO  http.BaseHttpServer (BaseHttpServer.java:<init>(111)) - Hadoop Security Enabled: false Ozone Security Enabled: false Ozone HTTP Security Enabled: false 
2023-06-02 20:40:27,947 [main] WARN  server.AuthenticationFilter (AuthenticationFilter.java:constructSecretProvider(240)) - Unable to initialize FileSignerSecretProvider, falling back to use random secrets. Reason: Could not read signature secret file: /home/runner/hadoop-http-auth-signature-secret
2023-06-02 20:40:27,948 [main] INFO  http.HttpRequestLog (HttpRequestLog.java:getRequestLog(86)) - Http request log for http.requests.hddsDatanode is not defined
2023-06-02 20:40:27,950 [main] INFO  http.HttpServer2 (HttpServer2.java:addGlobalFilter(1031)) - Added global filter 'safety' (class=org.apache.hadoop.hdds.server.http.HttpServer2$QuotingInputFilter)
2023-06-02 20:40:27,950 [main] INFO  http.HttpServer2 (HttpServer2.java:addFilter(1007)) - Added filter static_user_filter (class=org.apache.hadoop.http.lib.StaticUserWebFilter$StaticUserFilter) to context hddsDatanode
2023-06-02 20:40:27,951 [main] INFO  http.HttpServer2 (HttpServer2.java:addFilter(1015)) - Added filter static_user_filter (class=org.apache.hadoop.http.lib.StaticUserWebFilter$StaticUserFilter) to context static
2023-06-02 20:40:27,951 [main] INFO  http.HttpServer2 (HttpServer2.java:addFilter(1015)) - Added filter static_user_filter (class=org.apache.hadoop.http.lib.StaticUserWebFilter$StaticUserFilter) to context logs
2023-06-02 20:40:27,951 [main] INFO  http.BaseHttpServer (BaseHttpServer.java:<init>(190)) - HTTP server of hddsDatanode uses base directory /home/runner/work/ozone/ozone/hadoop-ozone/integration-test/target/test-dir/MiniOzoneClusterImpl-5ac0c7d5-b38a-4534-ae70-3109b4fe19c6/datanode-4/meta/webserver
2023-06-02 20:40:27,952 [main] INFO  http.HttpServer2 (HttpServer2.java:bindListener(1250)) - Jetty bound to port 15045
2023-06-02 20:40:27,952 [main] INFO  server.Server (Server.java:doStart(375)) - jetty-9.4.51.v20230217; built: 2023-02-17T08:19:37.309Z; git: b45c405e4544384de066f814ed42ae3dceacdd49; jvm 1.8.0_372-b07
2023-06-02 20:40:27,955 [main] INFO  server.session (DefaultSessionIdManager.java:doStart(334)) - DefaultSessionIdManager workerName=node0
2023-06-02 20:40:27,956 [main] INFO  server.session (DefaultSessionIdManager.java:doStart(339)) - No SessionScavenger set, using defaults
2023-06-02 20:40:27,956 [main] INFO  server.session (HouseKeeper.java:startScavenging(132)) - node0 Scavenging every 660000ms
2023-06-02 20:40:27,957 [main] INFO  handler.ContextHandler (ContextHandler.java:doStart(921)) - Started o.e.j.s.ServletContextHandler@705cc9c5{logs,/logs,file:///home/runner/work/ozone/ozone/hadoop-ozone/integration-test/target/log,AVAILABLE}
2023-06-02 20:40:27,957 [main] INFO  handler.ContextHandler (ContextHandler.java:doStart(921)) - Started o.e.j.s.ServletContextHandler@e7d7618{static,/static,jar:file:/home/runner/.m2/repository/org/apache/ozone/hdds-container-service/1.4.0-SNAPSHOT/hdds-container-service-1.4.0-SNAPSHOT.jar!/webapps/static,AVAILABLE}
2023-06-02 20:40:28,194 [main] INFO  handler.ContextHandler (ContextHandler.java:doStart(921)) - Started o.e.j.w.WebAppContext@69bbe809{hddsDatanode,/,file:///home/runner/work/ozone/ozone/hadoop-ozone/integration-test/target/test-dir/MiniOzoneClusterImpl-5ac0c7d5-b38a-4534-ae70-3109b4fe19c6/datanode-4/meta/webserver/jetty-0_0_0_0-15045-hdds-container-service-1_4_0-SNAPSHOT_jar-_-any-3615549587590076796/webapp/,AVAILABLE}{jar:file:/home/runner/.m2/repository/org/apache/ozone/hdds-container-service/1.4.0-SNAPSHOT/hdds-container-service-1.4.0-SNAPSHOT.jar!/webapps/hddsDatanode}
2023-06-02 20:40:28,195 [main] INFO  server.AbstractConnector (AbstractConnector.java:doStart(333)) - Started ServerConnector@293a787a{HTTP/1.1, (http/1.1)}{0.0.0.0:15045}
2023-06-02 20:40:28,196 [main] INFO  server.Server (Server.java:doStart(415)) - Started @13387ms
2023-06-02 20:40:28,196 [main] WARN  impl.MetricsSystemImpl (MetricsSystemImpl.java:register(279)) - Sink prometheus already exists!
2023-06-02 20:40:28,197 [main] INFO  http.BaseHttpServer (BaseHttpServer.java:updateConnectorAddress(344)) - HTTP server of hddsDatanode listening at http://0.0.0.0:15045
2023-06-02 20:40:28,198 [main] INFO  ipc.CallQueueManager (CallQueueManager.java:<init>(90)) - Using callQueue: class java.util.concurrent.LinkedBlockingQueue, queueCapacity: 100, scheduler: class org.apache.hadoop.ipc.DefaultRpcScheduler, ipcBackoff: false.
2023-06-02 20:40:28,200 [Socket Reader #1 for port 15046] INFO  ipc.Server (Server.java:run(1319)) - Starting Socket Reader #1 for port 15046
2023-06-02 20:40:28,200 [Listener at 0.0.0.0/15046] INFO  hdds.HddsUtils (HddsUtils.java:preserveThreadName(843)) - Restoring thread name: main
2023-06-02 20:40:28,204 [main] INFO  ozone.HddsDatanodeService (HddsDatanodeService.java:start(331)) - Datanode start with admins: [runner]
2023-06-02 20:40:28,204 [main] INFO  ozone.HddsDatanodeClientProtocolServer (HddsDatanodeClientProtocolServer.java:start(83)) - RPC server for Client /0.0.0.0:15046
2023-06-02 20:40:28,205 [IPC Server Responder] INFO  ipc.Server (Server.java:run(1558)) - IPC Server Responder: starting
2023-06-02 20:40:28,205 [IPC Server listener on 15046] INFO  ipc.Server (Server.java:run(1398)) - IPC Server listener on 15046: starting
2023-06-02 20:40:28,206 [main] WARN  impl.MetricRegistriesImpl (MetricRegistriesImpl.java:addReporterRegistration(111)) - New reporters are added after registries were created. Some metrics will be missing from the reporter. Please add reporter before adding any new registry.
2023-06-02 20:40:28,206 [main] WARN  impl.MetricRegistriesImpl (MetricRegistriesImpl.java:addReporterRegistration(111)) - New reporters are added after registries were created. Some metrics will be missing from the reporter. Please add reporter before adding any new registry.
2023-06-02 20:40:28,206 [main] INFO  impl.MetricsSystemImpl (MetricsSystemImpl.java:init(158)) - HddsDatanode metrics system started (again)
2023-06-02 20:40:28,207 [Datanode State Machine Daemon Thread] INFO  statemachine.DatanodeStateMachine (DatanodeStateMachine.java:lambda$startDaemon$0(523)) - Ozone container server started.
2023-06-02 20:40:28,221 [Datanode State Machine Task Thread - 0] INFO  datanode.InitDatanodeState (InitDatanodeState.java:persistContainerDatanodeDetails(138)) - DatanodeDetails is persisted to /home/runner/work/ozone/ozone/hadoop-ozone/integration-test/target/test-dir/MiniOzoneClusterImpl-5ac0c7d5-b38a-4534-ae70-3109b4fe19c6/datanode-4/meta/datanode.id
2023-06-02 20:40:28,227 [main] INFO  ozone.HddsDatanodeService (HddsDatanodeService.java:start(261)) - HddsDatanodeService host:fv-az1239-288 ip:10.1.0.31
2023-06-02 20:40:28,266 [main] INFO  upgrade.AbstractLayoutVersionManager (AbstractLayoutVersionManager.java:init(83)) - Initializing Layout version manager with metadata layout = HADOOP_PRC_PORTS_IN_DATANODEDETAILS (version = 7), software layout = HADOOP_PRC_PORTS_IN_DATANODEDETAILS (version = 7)
2023-06-02 20:40:28,268 [main] INFO  statemachine.DatanodeStateMachine (DatanodeStateMachine.java:getEndPointTaskThreadPoolSize(271)) - Datanode State Machine Task Thread Pool size 2
2023-06-02 20:40:28,273 [main] INFO  volume.HddsVolume (HddsVolume.java:<init>(130)) - Creating HddsVolume: /home/runner/work/ozone/ozone/hadoop-ozone/integration-test/target/test-dir/MiniOzoneClusterImpl-5ac0c7d5-b38a-4534-ae70-3109b4fe19c6/datanode-5/data-0/containers/hdds of storage type : DISK capacity : 9223372036854775807
2023-06-02 20:40:28,273 [main] INFO  volume.MutableVolumeSet (MutableVolumeSet.java:initializeVolumeSet(175)) - Added Volume : /home/runner/work/ozone/ozone/hadoop-ozone/integration-test/target/test-dir/MiniOzoneClusterImpl-5ac0c7d5-b38a-4534-ae70-3109b4fe19c6/datanode-5/data-0/containers/hdds to VolumeSet
2023-06-02 20:40:28,274 [main] INFO  volume.ThrottledAsyncChecker (ThrottledAsyncChecker.java:schedule(141)) - Scheduling a check for /home/runner/work/ozone/ozone/hadoop-ozone/integration-test/target/test-dir/MiniOzoneClusterImpl-5ac0c7d5-b38a-4534-ae70-3109b4fe19c6/datanode-5/data-0/containers/hdds
2023-06-02 20:40:28,277 [main] INFO  volume.StorageVolumeChecker (StorageVolumeChecker.java:checkAllVolumes(202)) - Scheduled health check for volume /home/runner/work/ozone/ozone/hadoop-ozone/integration-test/target/test-dir/MiniOzoneClusterImpl-5ac0c7d5-b38a-4534-ae70-3109b4fe19c6/datanode-5/data-0/containers/hdds
2023-06-02 20:40:28,292 [main] INFO  volume.MutableVolumeSet (MutableVolumeSet.java:initializeVolumeSet(175)) - Added Volume : /home/runner/work/ozone/ozone/hadoop-ozone/integration-test/target/test-dir/MiniOzoneClusterImpl-5ac0c7d5-b38a-4534-ae70-3109b4fe19c6/datanode-5/data/ratis to VolumeSet
2023-06-02 20:40:28,293 [main] INFO  volume.ThrottledAsyncChecker (ThrottledAsyncChecker.java:schedule(141)) - Scheduling a check for /home/runner/work/ozone/ozone/hadoop-ozone/integration-test/target/test-dir/MiniOzoneClusterImpl-5ac0c7d5-b38a-4534-ae70-3109b4fe19c6/datanode-5/data/ratis
2023-06-02 20:40:28,293 [main] INFO  volume.StorageVolumeChecker (StorageVolumeChecker.java:checkAllVolumes(202)) - Scheduled health check for volume /home/runner/work/ozone/ozone/hadoop-ozone/integration-test/target/test-dir/MiniOzoneClusterImpl-5ac0c7d5-b38a-4534-ae70-3109b4fe19c6/datanode-5/data/ratis
2023-06-02 20:40:28,333 [Thread-226] INFO  ozoneimpl.ContainerReader (ContainerReader.java:readVolume(175)) - Finish verifying containers on volume /home/runner/work/ozone/ozone/hadoop-ozone/integration-test/target/test-dir/MiniOzoneClusterImpl-5ac0c7d5-b38a-4534-ae70-3109b4fe19c6/datanode-5/data-0/containers/hdds
2023-06-02 20:40:28,334 [main] INFO  ozoneimpl.OzoneContainer (OzoneContainer.java:buildContainerSet(303)) - Build ContainerSet costs 0s
2023-06-02 20:40:28,338 [main] INFO  server.RaftServer (ConfUtils.java:logGet(46)) - raft.rpc.type = GRPC (default)
2023-06-02 20:40:28,338 [main] INFO  grpc.GrpcConfigKeys (ConfUtils.java:logFallback(53)) - raft.grpc.admin.host = null (fallback to raft.grpc.server.host)
2023-06-02 20:40:28,339 [main] INFO  grpc.GrpcConfigKeys (ConfUtils.java:logGet(46)) - raft.grpc.admin.port = 15058 (custom)
2023-06-02 20:40:28,339 [main] INFO  grpc.GrpcConfigKeys (ConfUtils.java:logFallback(53)) - raft.grpc.client.host = null (fallback to raft.grpc.server.host)
2023-06-02 20:40:28,339 [main] INFO  grpc.GrpcConfigKeys (ConfUtils.java:logGet(46)) - raft.grpc.client.port = 15057 (custom)
2023-06-02 20:40:28,339 [main] INFO  grpc.GrpcConfigKeys (ConfUtils.java:logGet(46)) - raft.grpc.server.host = null (default)
2023-06-02 20:40:28,339 [main] INFO  grpc.GrpcConfigKeys (ConfUtils.java:logGet(46)) - raft.grpc.server.port = 15059 (custom)
2023-06-02 20:40:28,340 [main] INFO  server.GrpcService (ConfUtils.java:logGet(46)) - raft.grpc.message.size.max = 32MB (=33554432) (custom)
2023-06-02 20:40:28,340 [main] INFO  server.RaftServerConfigKeys (ConfUtils.java:logGet(46)) - raft.server.log.appender.buffer.byte-limit = 33554432 (custom)
2023-06-02 20:40:28,340 [main] INFO  server.GrpcService (ConfUtils.java:logGet(46)) - raft.grpc.flow.control.window = 5MB (=5242880) (custom)
2023-06-02 20:40:28,340 [main] INFO  server.RaftServerConfigKeys (ConfUtils.java:logGet(46)) - raft.server.rpc.request.timeout = 60s (custom)
2023-06-02 20:40:28,340 [main] INFO  grpc.GrpcConfigKeys (ConfUtils.java:logGet(46)) - raft.grpc.server.heartbeat.channel = true (default)
2023-06-02 20:40:28,340 [main] INFO  grpc.GrpcConfigKeys (ConfUtils.java:logGet(46)) - raft.grpc.server.async.request.thread.pool.cached = true (default)
2023-06-02 20:40:28,340 [main] INFO  grpc.GrpcConfigKeys (ConfUtils.java:logGet(46)) - raft.grpc.server.async.request.thread.pool.size = 32 (default)
2023-06-02 20:40:28,347 [main] INFO  impl.DataStreamServerImpl (ConfUtils.java:logGet(46)) - raft.datastream.type = NETTY (custom)
2023-06-02 20:40:28,347 [main] INFO  server.RaftServerConfigKeys (ConfUtils.java:logGet(46)) - raft.server.data-stream.async.request.thread.pool.cached = false (default)
2023-06-02 20:40:28,349 [main] INFO  server.RaftServerConfigKeys (ConfUtils.java:logGet(46)) - raft.server.data-stream.async.request.thread.pool.size = 20 (custom)
2023-06-02 20:40:28,349 [main] INFO  server.RaftServerConfigKeys (ConfUtils.java:logGet(46)) - raft.server.data-stream.async.write.thread.pool.size = 16 (default)
2023-06-02 20:40:28,349 [main] INFO  server.RaftServerConfigKeys (ConfUtils.java:logGet(46)) - raft.server.data-stream.client.pool.size = 10 (default)
2023-06-02 20:40:28,349 [main] INFO  netty.NettyConfigKeys$DataStream (ConfUtils.java:logGet(46)) - raft.netty.dataStream.server.use-epoll = false (default)
2023-06-02 20:40:28,349 [main] INFO  netty.NettyConfigKeys$DataStream (ConfUtils.java:logGet(46)) - raft.netty.dataStream.server.boss-group.size = 0 (default)
2023-06-02 20:40:28,351 [main] INFO  netty.NettyConfigKeys$DataStream (ConfUtils.java:logGet(46)) - raft.netty.dataStream.server.worker-group.size = 0 (default)
2023-06-02 20:40:28,351 [main] INFO  netty.NettyConfigKeys$DataStream (ConfUtils.java:logGet(46)) - raft.netty.dataStream.server.tls.conf = null (default)
2023-06-02 20:40:28,351 [main] INFO  netty.NettyConfigKeys$DataStream (ConfUtils.java:logGet(46)) - raft.netty.dataStream.host = null (default)
2023-06-02 20:40:28,352 [main] INFO  netty.NettyConfigKeys$DataStream (ConfUtils.java:logGet(46)) - raft.netty.dataStream.port = 15060 (custom)
2023-06-02 20:40:28,358 [main] INFO  server.RaftServerConfigKeys (ConfUtils.java:logGet(46)) - raft.server.threadpool.proxy.cached = true (default)
2023-06-02 20:40:28,358 [main] INFO  server.RaftServerConfigKeys (ConfUtils.java:logGet(46)) - raft.server.threadpool.proxy.size = 0 (default)
2023-06-02 20:40:28,359 [main] INFO  server.RaftServerConfigKeys (ConfUtils.java:logGet(46)) - raft.server.rpc.slowness.timeout = 300s (custom)
2023-06-02 20:40:28,359 [main] INFO  server.RaftServerConfigKeys (ConfUtils.java:logGet(46)) - raft.server.leaderelection.leader.step-down.wait-time = 10s (default)
2023-06-02 20:40:28,359 [main] INFO  server.RaftServerConfigKeys (ConfUtils.java:logGet(46)) - raft.server.storage.dir = [/home/runner/work/ozone/ozone/hadoop-ozone/integration-test/target/test-dir/MiniOzoneClusterImpl-5ac0c7d5-b38a-4534-ae70-3109b4fe19c6/datanode-5/data/ratis] (custom)
2023-06-02 20:40:28,369 [f5d72e8c-7c96-4354-bf1f-55d48726708b-NettyServerStreamRpc-bossGroup--thread1] INFO  logging.LoggingHandler (AbstractInternalLogger.java:log(148)) - [id: 0x6be0826f] REGISTERED
2023-06-02 20:40:28,369 [f5d72e8c-7c96-4354-bf1f-55d48726708b-NettyServerStreamRpc-bossGroup--thread1] INFO  logging.LoggingHandler (AbstractInternalLogger.java:log(148)) - [id: 0x6be0826f] BIND: 0.0.0.0/0.0.0.0:15060
2023-06-02 20:40:28,369 [f5d72e8c-7c96-4354-bf1f-55d48726708b-NettyServerStreamRpc-bossGroup--thread1] INFO  logging.LoggingHandler (AbstractInternalLogger.java:log(148)) - [id: 0x6be0826f, L:/0:0:0:0:0:0:0:0:15060] ACTIVE
2023-06-02 20:40:28,374 [main] INFO  server.XceiverServerGrpc (XceiverServerGrpc.java:<init>(132)) - GrpcServer channel type EpollServerSocketChannel
2023-06-02 20:40:28,376 [main] INFO  replication.ReplicationSupervisor (ReplicationSupervisor.java:nodeStateUpdated(305)) - Node state updated to IN_SERVICE, scaling executor pool size to 10
2023-06-02 20:40:28,377 [main] INFO  token.OzoneBlockTokenSecretManager (OzoneSecretManager.java:updateCurrentKey(175)) - Updating current master key for generating tokens. Cert id 3603736608543
2023-06-02 20:40:28,382 [main] INFO  http.BaseHttpServer (BaseHttpServer.java:newHttpServer2BuilderForOzone(224)) - Starting Web-server for hddsDatanode at: http://0.0.0.0:15054
2023-06-02 20:40:28,382 [main] INFO  http.BaseHttpServer (BaseHttpServer.java:<init>(111)) - Hadoop Security Enabled: false Ozone Security Enabled: false Ozone HTTP Security Enabled: false 
2023-06-02 20:40:28,384 [main] WARN  server.AuthenticationFilter (AuthenticationFilter.java:constructSecretProvider(240)) - Unable to initialize FileSignerSecretProvider, falling back to use random secrets. Reason: Could not read signature secret file: /home/runner/hadoop-http-auth-signature-secret
2023-06-02 20:40:28,389 [main] INFO  http.HttpRequestLog (HttpRequestLog.java:getRequestLog(86)) - Http request log for http.requests.hddsDatanode is not defined
2023-06-02 20:40:28,390 [main] INFO  http.HttpServer2 (HttpServer2.java:addGlobalFilter(1031)) - Added global filter 'safety' (class=org.apache.hadoop.hdds.server.http.HttpServer2$QuotingInputFilter)
2023-06-02 20:40:28,391 [main] INFO  http.HttpServer2 (HttpServer2.java:addFilter(1007)) - Added filter static_user_filter (class=org.apache.hadoop.http.lib.StaticUserWebFilter$StaticUserFilter) to context hddsDatanode
2023-06-02 20:40:28,391 [main] INFO  http.HttpServer2 (HttpServer2.java:addFilter(1015)) - Added filter static_user_filter (class=org.apache.hadoop.http.lib.StaticUserWebFilter$StaticUserFilter) to context static
2023-06-02 20:40:28,391 [main] INFO  http.HttpServer2 (HttpServer2.java:addFilter(1015)) - Added filter static_user_filter (class=org.apache.hadoop.http.lib.StaticUserWebFilter$StaticUserFilter) to context logs
2023-06-02 20:40:28,392 [main] INFO  http.BaseHttpServer (BaseHttpServer.java:<init>(190)) - HTTP server of hddsDatanode uses base directory /home/runner/work/ozone/ozone/hadoop-ozone/integration-test/target/test-dir/MiniOzoneClusterImpl-5ac0c7d5-b38a-4534-ae70-3109b4fe19c6/datanode-5/meta/webserver
2023-06-02 20:40:28,392 [main] INFO  http.HttpServer2 (HttpServer2.java:bindListener(1250)) - Jetty bound to port 15054
2023-06-02 20:40:28,392 [main] INFO  server.Server (Server.java:doStart(375)) - jetty-9.4.51.v20230217; built: 2023-02-17T08:19:37.309Z; git: b45c405e4544384de066f814ed42ae3dceacdd49; jvm 1.8.0_372-b07
2023-06-02 20:40:28,408 [main] INFO  server.session (DefaultSessionIdManager.java:doStart(334)) - DefaultSessionIdManager workerName=node0
2023-06-02 20:40:28,408 [main] INFO  server.session (DefaultSessionIdManager.java:doStart(339)) - No SessionScavenger set, using defaults
2023-06-02 20:40:28,408 [main] INFO  server.session (HouseKeeper.java:startScavenging(132)) - node0 Scavenging every 660000ms
2023-06-02 20:40:28,411 [main] INFO  handler.ContextHandler (ContextHandler.java:doStart(921)) - Started o.e.j.s.ServletContextHandler@16ed8ef6{logs,/logs,file:///home/runner/work/ozone/ozone/hadoop-ozone/integration-test/target/log,AVAILABLE}
2023-06-02 20:40:28,412 [main] INFO  handler.ContextHandler (ContextHandler.java:doStart(921)) - Started o.e.j.s.ServletContextHandler@77b16c58{static,/static,jar:file:/home/runner/.m2/repository/org/apache/ozone/hdds-container-service/1.4.0-SNAPSHOT/hdds-container-service-1.4.0-SNAPSHOT.jar!/webapps/static,AVAILABLE}
2023-06-02 20:40:28,595 [EndpointStateMachine task thread for /0.0.0.0:15002 - 0 ] INFO  utils.DatanodeStoreCache (DatanodeStoreCache.java:addDB(66)) - Added db /home/runner/work/ozone/ozone/hadoop-ozone/integration-test/target/test-dir/MiniOzoneClusterImpl-5ac0c7d5-b38a-4534-ae70-3109b4fe19c6/datanode-0/data-0/containers/hdds/5ac0c7d5-b38a-4534-ae70-3109b4fe19c6/DS-a6dcae35-7296-426d-a4d1-1f1a0c8da4ef/container.db to cache
2023-06-02 20:40:28,595 [EndpointStateMachine task thread for /0.0.0.0:15002 - 0 ] INFO  volume.HddsVolume (HddsVolume.java:createDbStore(350)) - SchemaV3 db is created and loaded at /home/runner/work/ozone/ozone/hadoop-ozone/integration-test/target/test-dir/MiniOzoneClusterImpl-5ac0c7d5-b38a-4534-ae70-3109b4fe19c6/datanode-0/data-0/containers/hdds/5ac0c7d5-b38a-4534-ae70-3109b4fe19c6/DS-a6dcae35-7296-426d-a4d1-1f1a0c8da4ef/container.db for volume DS-a6dcae35-7296-426d-a4d1-1f1a0c8da4ef
2023-06-02 20:40:28,600 [EndpointStateMachine task thread for /0.0.0.0:15002 - 0 ] INFO  ozoneimpl.OzoneContainer (OzoneContainer.java:start(398)) - Attempting to start container services.
2023-06-02 20:40:28,603 [EndpointStateMachine task thread for /0.0.0.0:15002 - 0 ] INFO  ozoneimpl.OzoneContainer (OzoneContainer.java:startContainerScrub(314)) - Scheduled background container scanners and the on-demand container scanner have been disabled.
2023-06-02 20:40:28,605 [EndpointStateMachine task thread for /0.0.0.0:15002 - 0 ] INFO  replication.ReplicationServer (ReplicationServer.java:start(128)) - ReplicationServer is started using port 15016
2023-06-02 20:40:28,605 [EndpointStateMachine task thread for /0.0.0.0:15002 - 0 ] INFO  ratis.XceiverServerRatis (XceiverServerRatis.java:start(517)) - Starting XceiverServerRatis 559beb36-7c11-4841-9a8b-e14375a607db
2023-06-02 20:40:28,606 [EndpointStateMachine task thread for /0.0.0.0:15002 - 0 ] INFO  server.RaftServer (RaftServerProxy.java:startImpl(400)) - 559beb36-7c11-4841-9a8b-e14375a607db: start RPC server
2023-06-02 20:40:28,609 [EndpointStateMachine task thread for /0.0.0.0:15002 - 0 ] INFO  server.GrpcService (GrpcService.java:startImpl(302)) - 559beb36-7c11-4841-9a8b-e14375a607db: GrpcService started, listening on 15012
2023-06-02 20:40:28,614 [EndpointStateMachine task thread for /0.0.0.0:15002 - 0 ] INFO  server.GrpcService (GrpcService.java:startImpl(302)) - 559beb36-7c11-4841-9a8b-e14375a607db: GrpcService started, listening on 15014
2023-06-02 20:40:28,616 [EndpointStateMachine task thread for /0.0.0.0:15002 - 0 ] INFO  server.GrpcService (GrpcService.java:startImpl(302)) - 559beb36-7c11-4841-9a8b-e14375a607db: GrpcService started, listening on 15013
2023-06-02 20:40:28,619 [EndpointStateMachine task thread for /0.0.0.0:15002 - 0 ] INFO  ratis.XceiverServerRatis (XceiverServerRatis.java:getRealPort(543)) - XceiverServerRatis 559beb36-7c11-4841-9a8b-e14375a607db is started using port 15012 for RATIS
2023-06-02 20:40:28,619 [EndpointStateMachine task thread for /0.0.0.0:15002 - 0 ] INFO  ratis.XceiverServerRatis (XceiverServerRatis.java:getRealPort(543)) - XceiverServerRatis 559beb36-7c11-4841-9a8b-e14375a607db is started using port 15013 for RATIS_ADMIN
2023-06-02 20:40:28,619 [EndpointStateMachine task thread for /0.0.0.0:15002 - 0 ] INFO  ratis.XceiverServerRatis (XceiverServerRatis.java:getRealPort(543)) - XceiverServerRatis 559beb36-7c11-4841-9a8b-e14375a607db is started using port 15014 for RATIS_SERVER
2023-06-02 20:40:28,619 [EndpointStateMachine task thread for /0.0.0.0:15002 - 0 ] INFO  ratis.XceiverServerRatis (XceiverServerRatis.java:getRealPort(543)) - XceiverServerRatis 559beb36-7c11-4841-9a8b-e14375a607db is started using port 15015 for RATIS_DATASTREAM
2023-06-02 20:40:28,619 [JvmPauseMonitor2] INFO  util.JvmPauseMonitor (JvmPauseMonitor.java:run(103)) - JvmPauseMonitor-559beb36-7c11-4841-9a8b-e14375a607db: Started
2023-06-02 20:40:28,649 [BlockDeletingService#0] INFO  interfaces.ContainerDeletionChoosingPolicyTemplate (ContainerDeletionChoosingPolicyTemplate.java:chooseContainerForBlockDeletion(83)) - Chosen 0/5000 blocks from 0 candidate containers.
2023-06-02 20:40:28,754 [main] INFO  handler.ContextHandler (ContextHandler.java:doStart(921)) - Started o.e.j.w.WebAppContext@38515041{hddsDatanode,/,file:///home/runner/work/ozone/ozone/hadoop-ozone/integration-test/target/test-dir/MiniOzoneClusterImpl-5ac0c7d5-b38a-4534-ae70-3109b4fe19c6/datanode-5/meta/webserver/jetty-0_0_0_0-15054-hdds-container-service-1_4_0-SNAPSHOT_jar-_-any-2963757180423339631/webapp/,AVAILABLE}{jar:file:/home/runner/.m2/repository/org/apache/ozone/hdds-container-service/1.4.0-SNAPSHOT/hdds-container-service-1.4.0-SNAPSHOT.jar!/webapps/hddsDatanode}
2023-06-02 20:40:28,756 [main] INFO  server.AbstractConnector (AbstractConnector.java:doStart(333)) - Started ServerConnector@e9f436e{HTTP/1.1, (http/1.1)}{0.0.0.0:15054}
2023-06-02 20:40:28,756 [main] INFO  server.Server (Server.java:doStart(415)) - Started @13947ms
2023-06-02 20:40:28,756 [main] WARN  impl.MetricsSystemImpl (MetricsSystemImpl.java:register(279)) - Sink prometheus already exists!
2023-06-02 20:40:28,757 [main] INFO  http.BaseHttpServer (BaseHttpServer.java:updateConnectorAddress(344)) - HTTP server of hddsDatanode listening at http://0.0.0.0:15054
2023-06-02 20:40:28,757 [main] INFO  ipc.CallQueueManager (CallQueueManager.java:<init>(90)) - Using callQueue: class java.util.concurrent.LinkedBlockingQueue, queueCapacity: 100, scheduler: class org.apache.hadoop.ipc.DefaultRpcScheduler, ipcBackoff: false.
2023-06-02 20:40:28,758 [Socket Reader #1 for port 15055] INFO  ipc.Server (Server.java:run(1319)) - Starting Socket Reader #1 for port 15055
2023-06-02 20:40:28,765 [Listener at 0.0.0.0/15055] INFO  hdds.HddsUtils (HddsUtils.java:preserveThreadName(843)) - Restoring thread name: main
2023-06-02 20:40:28,765 [main] INFO  ozone.HddsDatanodeService (HddsDatanodeService.java:start(331)) - Datanode start with admins: [runner]
2023-06-02 20:40:28,765 [main] INFO  ozone.HddsDatanodeClientProtocolServer (HddsDatanodeClientProtocolServer.java:start(83)) - RPC server for Client /0.0.0.0:15055
2023-06-02 20:40:28,766 [IPC Server Responder] INFO  ipc.Server (Server.java:run(1558)) - IPC Server Responder: starting
2023-06-02 20:40:28,774 [IPC Server listener on 15055] INFO  ipc.Server (Server.java:run(1398)) - IPC Server listener on 15055: starting
2023-06-02 20:40:28,775 [Datanode State Machine Daemon Thread] INFO  statemachine.DatanodeStateMachine (DatanodeStateMachine.java:lambda$startDaemon$0(523)) - Ozone container server started.
2023-06-02 20:40:28,775 [main] WARN  impl.MetricRegistriesImpl (MetricRegistriesImpl.java:addReporterRegistration(111)) - New reporters are added after registries were created. Some metrics will be missing from the reporter. Please add reporter before adding any new registry.
2023-06-02 20:40:28,775 [main] WARN  impl.MetricRegistriesImpl (MetricRegistriesImpl.java:addReporterRegistration(111)) - New reporters are added after registries were created. Some metrics will be missing from the reporter. Please add reporter before adding any new registry.
2023-06-02 20:40:28,775 [main] INFO  impl.MetricsSystemImpl (MetricsSystemImpl.java:init(158)) - HddsDatanode metrics system started (again)
2023-06-02 20:40:28,791 [Datanode State Machine Task Thread - 0] INFO  datanode.InitDatanodeState (InitDatanodeState.java:persistContainerDatanodeDetails(138)) - DatanodeDetails is persisted to /home/runner/work/ozone/ozone/hadoop-ozone/integration-test/target/test-dir/MiniOzoneClusterImpl-5ac0c7d5-b38a-4534-ae70-3109b4fe19c6/datanode-5/meta/datanode.id
2023-06-02 20:40:28,792 [main] INFO  ozone.HddsDatanodeService (HddsDatanodeService.java:start(261)) - HddsDatanodeService host:fv-az1239-288 ip:10.1.0.31
2023-06-02 20:40:28,825 [main] INFO  upgrade.AbstractLayoutVersionManager (AbstractLayoutVersionManager.java:init(83)) - Initializing Layout version manager with metadata layout = HADOOP_PRC_PORTS_IN_DATANODEDETAILS (version = 7), software layout = HADOOP_PRC_PORTS_IN_DATANODEDETAILS (version = 7)
2023-06-02 20:40:28,827 [main] INFO  statemachine.DatanodeStateMachine (DatanodeStateMachine.java:getEndPointTaskThreadPoolSize(271)) - Datanode State Machine Task Thread Pool size 2
2023-06-02 20:40:28,833 [main] INFO  volume.HddsVolume (HddsVolume.java:<init>(130)) - Creating HddsVolume: /home/runner/work/ozone/ozone/hadoop-ozone/integration-test/target/test-dir/MiniOzoneClusterImpl-5ac0c7d5-b38a-4534-ae70-3109b4fe19c6/datanode-6/data-0/containers/hdds of storage type : DISK capacity : 9223372036854775807
2023-06-02 20:40:28,834 [main] INFO  volume.MutableVolumeSet (MutableVolumeSet.java:initializeVolumeSet(175)) - Added Volume : /home/runner/work/ozone/ozone/hadoop-ozone/integration-test/target/test-dir/MiniOzoneClusterImpl-5ac0c7d5-b38a-4534-ae70-3109b4fe19c6/datanode-6/data-0/containers/hdds to VolumeSet
2023-06-02 20:40:28,834 [main] INFO  volume.ThrottledAsyncChecker (ThrottledAsyncChecker.java:schedule(141)) - Scheduling a check for /home/runner/work/ozone/ozone/hadoop-ozone/integration-test/target/test-dir/MiniOzoneClusterImpl-5ac0c7d5-b38a-4534-ae70-3109b4fe19c6/datanode-6/data-0/containers/hdds
2023-06-02 20:40:28,835 [main] INFO  volume.StorageVolumeChecker (StorageVolumeChecker.java:checkAllVolumes(202)) - Scheduled health check for volume /home/runner/work/ozone/ozone/hadoop-ozone/integration-test/target/test-dir/MiniOzoneClusterImpl-5ac0c7d5-b38a-4534-ae70-3109b4fe19c6/datanode-6/data-0/containers/hdds
2023-06-02 20:40:28,849 [main] INFO  volume.MutableVolumeSet (MutableVolumeSet.java:initializeVolumeSet(175)) - Added Volume : /home/runner/work/ozone/ozone/hadoop-ozone/integration-test/target/test-dir/MiniOzoneClusterImpl-5ac0c7d5-b38a-4534-ae70-3109b4fe19c6/datanode-6/data/ratis to VolumeSet
2023-06-02 20:40:28,849 [main] INFO  volume.ThrottledAsyncChecker (ThrottledAsyncChecker.java:schedule(141)) - Scheduling a check for /home/runner/work/ozone/ozone/hadoop-ozone/integration-test/target/test-dir/MiniOzoneClusterImpl-5ac0c7d5-b38a-4534-ae70-3109b4fe19c6/datanode-6/data/ratis
2023-06-02 20:40:28,849 [main] INFO  volume.StorageVolumeChecker (StorageVolumeChecker.java:checkAllVolumes(202)) - Scheduled health check for volume /home/runner/work/ozone/ozone/hadoop-ozone/integration-test/target/test-dir/MiniOzoneClusterImpl-5ac0c7d5-b38a-4534-ae70-3109b4fe19c6/datanode-6/data/ratis
2023-06-02 20:40:28,863 [Thread-249] INFO  ozoneimpl.ContainerReader (ContainerReader.java:readVolume(175)) - Finish verifying containers on volume /home/runner/work/ozone/ozone/hadoop-ozone/integration-test/target/test-dir/MiniOzoneClusterImpl-5ac0c7d5-b38a-4534-ae70-3109b4fe19c6/datanode-6/data-0/containers/hdds
2023-06-02 20:40:28,863 [main] INFO  ozoneimpl.OzoneContainer (OzoneContainer.java:buildContainerSet(303)) - Build ContainerSet costs 0s
2023-06-02 20:40:28,866 [main] INFO  server.RaftServer (ConfUtils.java:logGet(46)) - raft.rpc.type = GRPC (default)
2023-06-02 20:40:28,866 [main] INFO  grpc.GrpcConfigKeys (ConfUtils.java:logFallback(53)) - raft.grpc.admin.host = null (fallback to raft.grpc.server.host)
2023-06-02 20:40:28,866 [main] INFO  grpc.GrpcConfigKeys (ConfUtils.java:logGet(46)) - raft.grpc.admin.port = 15067 (custom)
2023-06-02 20:40:28,866 [main] INFO  grpc.GrpcConfigKeys (ConfUtils.java:logFallback(53)) - raft.grpc.client.host = null (fallback to raft.grpc.server.host)
2023-06-02 20:40:28,867 [main] INFO  grpc.GrpcConfigKeys (ConfUtils.java:logGet(46)) - raft.grpc.client.port = 15066 (custom)
2023-06-02 20:40:28,867 [main] INFO  grpc.GrpcConfigKeys (ConfUtils.java:logGet(46)) - raft.grpc.server.host = null (default)
2023-06-02 20:40:28,871 [main] INFO  grpc.GrpcConfigKeys (ConfUtils.java:logGet(46)) - raft.grpc.server.port = 15068 (custom)
2023-06-02 20:40:28,871 [main] INFO  server.GrpcService (ConfUtils.java:logGet(46)) - raft.grpc.message.size.max = 32MB (=33554432) (custom)
2023-06-02 20:40:28,871 [main] INFO  server.RaftServerConfigKeys (ConfUtils.java:logGet(46)) - raft.server.log.appender.buffer.byte-limit = 33554432 (custom)
2023-06-02 20:40:28,871 [main] INFO  server.GrpcService (ConfUtils.java:logGet(46)) - raft.grpc.flow.control.window = 5MB (=5242880) (custom)
2023-06-02 20:40:28,872 [main] INFO  server.RaftServerConfigKeys (ConfUtils.java:logGet(46)) - raft.server.rpc.request.timeout = 60s (custom)
2023-06-02 20:40:28,872 [main] INFO  grpc.GrpcConfigKeys (ConfUtils.java:logGet(46)) - raft.grpc.server.heartbeat.channel = true (default)
2023-06-02 20:40:28,873 [main] INFO  grpc.GrpcConfigKeys (ConfUtils.java:logGet(46)) - raft.grpc.server.async.request.thread.pool.cached = true (default)
2023-06-02 20:40:28,873 [main] INFO  grpc.GrpcConfigKeys (ConfUtils.java:logGet(46)) - raft.grpc.server.async.request.thread.pool.size = 32 (default)
2023-06-02 20:40:28,880 [main] INFO  impl.DataStreamServerImpl (ConfUtils.java:logGet(46)) - raft.datastream.type = NETTY (custom)
2023-06-02 20:40:28,881 [main] INFO  server.RaftServerConfigKeys (ConfUtils.java:logGet(46)) - raft.server.data-stream.async.request.thread.pool.cached = false (default)
2023-06-02 20:40:28,883 [main] INFO  server.RaftServerConfigKeys (ConfUtils.java:logGet(46)) - raft.server.data-stream.async.request.thread.pool.size = 20 (custom)
2023-06-02 20:40:28,883 [main] INFO  server.RaftServerConfigKeys (ConfUtils.java:logGet(46)) - raft.server.data-stream.async.write.thread.pool.size = 16 (default)
2023-06-02 20:40:28,883 [main] INFO  server.RaftServerConfigKeys (ConfUtils.java:logGet(46)) - raft.server.data-stream.client.pool.size = 10 (default)
2023-06-02 20:40:28,883 [main] INFO  netty.NettyConfigKeys$DataStream (ConfUtils.java:logGet(46)) - raft.netty.dataStream.server.use-epoll = false (default)
2023-06-02 20:40:28,884 [main] INFO  netty.NettyConfigKeys$DataStream (ConfUtils.java:logGet(46)) - raft.netty.dataStream.server.boss-group.size = 0 (default)
2023-06-02 20:40:28,884 [main] INFO  netty.NettyConfigKeys$DataStream (ConfUtils.java:logGet(46)) - raft.netty.dataStream.server.worker-group.size = 0 (default)
2023-06-02 20:40:28,885 [main] INFO  netty.NettyConfigKeys$DataStream (ConfUtils.java:logGet(46)) - raft.netty.dataStream.server.tls.conf = null (default)
2023-06-02 20:40:28,885 [main] INFO  netty.NettyConfigKeys$DataStream (ConfUtils.java:logGet(46)) - raft.netty.dataStream.host = null (default)
2023-06-02 20:40:28,885 [main] INFO  netty.NettyConfigKeys$DataStream (ConfUtils.java:logGet(46)) - raft.netty.dataStream.port = 15069 (custom)
2023-06-02 20:40:28,887 [main] INFO  server.RaftServerConfigKeys (ConfUtils.java:logGet(46)) - raft.server.threadpool.proxy.cached = true (default)
2023-06-02 20:40:28,887 [main] INFO  server.RaftServerConfigKeys (ConfUtils.java:logGet(46)) - raft.server.threadpool.proxy.size = 0 (default)
2023-06-02 20:40:28,887 [main] INFO  server.RaftServerConfigKeys (ConfUtils.java:logGet(46)) - raft.server.rpc.slowness.timeout = 300s (custom)
2023-06-02 20:40:28,887 [main] INFO  server.RaftServerConfigKeys (ConfUtils.java:logGet(46)) - raft.server.leaderelection.leader.step-down.wait-time = 10s (default)
2023-06-02 20:40:28,887 [main] INFO  server.RaftServerConfigKeys (ConfUtils.java:logGet(46)) - raft.server.storage.dir = [/home/runner/work/ozone/ozone/hadoop-ozone/integration-test/target/test-dir/MiniOzoneClusterImpl-5ac0c7d5-b38a-4534-ae70-3109b4fe19c6/datanode-6/data/ratis] (custom)
2023-06-02 20:40:28,890 [a629a011-13a9-410c-9234-b770ba2e8ba4-NettyServerStreamRpc-bossGroup--thread1] INFO  logging.LoggingHandler (AbstractInternalLogger.java:log(148)) - [id: 0xe9b740bb] REGISTERED
2023-06-02 20:40:28,891 [a629a011-13a9-410c-9234-b770ba2e8ba4-NettyServerStreamRpc-bossGroup--thread1] INFO  logging.LoggingHandler (AbstractInternalLogger.java:log(148)) - [id: 0xe9b740bb] BIND: 0.0.0.0/0.0.0.0:15069
2023-06-02 20:40:28,891 [a629a011-13a9-410c-9234-b770ba2e8ba4-NettyServerStreamRpc-bossGroup--thread1] INFO  logging.LoggingHandler (AbstractInternalLogger.java:log(148)) - [id: 0xe9b740bb, L:/0:0:0:0:0:0:0:0:15069] ACTIVE
2023-06-02 20:40:28,893 [main] INFO  server.XceiverServerGrpc (XceiverServerGrpc.java:<init>(132)) - GrpcServer channel type EpollServerSocketChannel
2023-06-02 20:40:28,895 [main] INFO  replication.ReplicationSupervisor (ReplicationSupervisor.java:nodeStateUpdated(305)) - Node state updated to IN_SERVICE, scaling executor pool size to 10
2023-06-02 20:40:28,898 [main] INFO  token.OzoneBlockTokenSecretManager (OzoneSecretManager.java:updateCurrentKey(175)) - Updating current master key for generating tokens. Cert id 3603736608543
2023-06-02 20:40:28,904 [main] INFO  http.BaseHttpServer (BaseHttpServer.java:newHttpServer2BuilderForOzone(224)) - Starting Web-server for hddsDatanode at: http://0.0.0.0:15063
2023-06-02 20:40:28,904 [main] INFO  http.BaseHttpServer (BaseHttpServer.java:<init>(111)) - Hadoop Security Enabled: false Ozone Security Enabled: false Ozone HTTP Security Enabled: false 
2023-06-02 20:40:28,905 [main] WARN  server.AuthenticationFilter (AuthenticationFilter.java:constructSecretProvider(240)) - Unable to initialize FileSignerSecretProvider, falling back to use random secrets. Reason: Could not read signature secret file: /home/runner/hadoop-http-auth-signature-secret
2023-06-02 20:40:28,906 [main] INFO  http.HttpRequestLog (HttpRequestLog.java:getRequestLog(86)) - Http request log for http.requests.hddsDatanode is not defined
2023-06-02 20:40:28,908 [main] INFO  http.HttpServer2 (HttpServer2.java:addGlobalFilter(1031)) - Added global filter 'safety' (class=org.apache.hadoop.hdds.server.http.HttpServer2$QuotingInputFilter)
2023-06-02 20:40:28,908 [main] INFO  http.HttpServer2 (HttpServer2.java:addFilter(1007)) - Added filter static_user_filter (class=org.apache.hadoop.http.lib.StaticUserWebFilter$StaticUserFilter) to context hddsDatanode
2023-06-02 20:40:28,909 [main] INFO  http.HttpServer2 (HttpServer2.java:addFilter(1015)) - Added filter static_user_filter (class=org.apache.hadoop.http.lib.StaticUserWebFilter$StaticUserFilter) to context logs
2023-06-02 20:40:28,909 [main] INFO  http.HttpServer2 (HttpServer2.java:addFilter(1015)) - Added filter static_user_filter (class=org.apache.hadoop.http.lib.StaticUserWebFilter$StaticUserFilter) to context static
2023-06-02 20:40:28,909 [main] INFO  http.BaseHttpServer (BaseHttpServer.java:<init>(190)) - HTTP server of hddsDatanode uses base directory /home/runner/work/ozone/ozone/hadoop-ozone/integration-test/target/test-dir/MiniOzoneClusterImpl-5ac0c7d5-b38a-4534-ae70-3109b4fe19c6/datanode-6/meta/webserver
2023-06-02 20:40:28,910 [main] INFO  http.HttpServer2 (HttpServer2.java:bindListener(1250)) - Jetty bound to port 15063
2023-06-02 20:40:28,910 [main] INFO  server.Server (Server.java:doStart(375)) - jetty-9.4.51.v20230217; built: 2023-02-17T08:19:37.309Z; git: b45c405e4544384de066f814ed42ae3dceacdd49; jvm 1.8.0_372-b07
2023-06-02 20:40:28,912 [main] INFO  server.session (DefaultSessionIdManager.java:doStart(334)) - DefaultSessionIdManager workerName=node0
2023-06-02 20:40:28,912 [main] INFO  server.session (DefaultSessionIdManager.java:doStart(339)) - No SessionScavenger set, using defaults
2023-06-02 20:40:28,912 [main] INFO  server.session (HouseKeeper.java:startScavenging(132)) - node0 Scavenging every 660000ms
2023-06-02 20:40:28,913 [main] INFO  handler.ContextHandler (ContextHandler.java:doStart(921)) - Started o.e.j.s.ServletContextHandler@669503af{logs,/logs,file:///home/runner/work/ozone/ozone/hadoop-ozone/integration-test/target/log,AVAILABLE}
2023-06-02 20:40:28,913 [main] INFO  handler.ContextHandler (ContextHandler.java:doStart(921)) - Started o.e.j.s.ServletContextHandler@2612fc5c{static,/static,jar:file:/home/runner/.m2/repository/org/apache/ozone/hdds-container-service/1.4.0-SNAPSHOT/hdds-container-service-1.4.0-SNAPSHOT.jar!/webapps/static,AVAILABLE}
2023-06-02 20:40:29,125 [EndpointStateMachine task thread for /0.0.0.0:15002 - 0 ] INFO  utils.DatanodeStoreCache (DatanodeStoreCache.java:addDB(66)) - Added db /home/runner/work/ozone/ozone/hadoop-ozone/integration-test/target/test-dir/MiniOzoneClusterImpl-5ac0c7d5-b38a-4534-ae70-3109b4fe19c6/datanode-1/data-0/containers/hdds/5ac0c7d5-b38a-4534-ae70-3109b4fe19c6/DS-a0102755-8eee-4844-a148-ce91352bc41c/container.db to cache
2023-06-02 20:40:29,126 [EndpointStateMachine task thread for /0.0.0.0:15002 - 0 ] INFO  volume.HddsVolume (HddsVolume.java:createDbStore(350)) - SchemaV3 db is created and loaded at /home/runner/work/ozone/ozone/hadoop-ozone/integration-test/target/test-dir/MiniOzoneClusterImpl-5ac0c7d5-b38a-4534-ae70-3109b4fe19c6/datanode-1/data-0/containers/hdds/5ac0c7d5-b38a-4534-ae70-3109b4fe19c6/DS-a0102755-8eee-4844-a148-ce91352bc41c/container.db for volume DS-a0102755-8eee-4844-a148-ce91352bc41c
2023-06-02 20:40:29,127 [EndpointStateMachine task thread for /0.0.0.0:15002 - 0 ] INFO  ozoneimpl.OzoneContainer (OzoneContainer.java:start(398)) - Attempting to start container services.
2023-06-02 20:40:29,127 [EndpointStateMachine task thread for /0.0.0.0:15002 - 0 ] INFO  ozoneimpl.OzoneContainer (OzoneContainer.java:startContainerScrub(314)) - Scheduled background container scanners and the on-demand container scanner have been disabled.
2023-06-02 20:40:29,129 [EndpointStateMachine task thread for /0.0.0.0:15002 - 0 ] INFO  replication.ReplicationServer (ReplicationServer.java:start(128)) - ReplicationServer is started using port 15025
2023-06-02 20:40:29,130 [EndpointStateMachine task thread for /0.0.0.0:15002 - 0 ] INFO  ratis.XceiverServerRatis (XceiverServerRatis.java:start(517)) - Starting XceiverServerRatis f3098061-e126-467d-ace5-c417dde623cb
2023-06-02 20:40:29,138 [EndpointStateMachine task thread for /0.0.0.0:15002 - 0 ] INFO  server.RaftServer (RaftServerProxy.java:startImpl(400)) - f3098061-e126-467d-ace5-c417dde623cb: start RPC server
2023-06-02 20:40:29,141 [EndpointStateMachine task thread for /0.0.0.0:15002 - 0 ] INFO  server.GrpcService (GrpcService.java:startImpl(302)) - f3098061-e126-467d-ace5-c417dde623cb: GrpcService started, listening on 15021
2023-06-02 20:40:29,142 [EndpointStateMachine task thread for /0.0.0.0:15002 - 0 ] INFO  server.GrpcService (GrpcService.java:startImpl(302)) - f3098061-e126-467d-ace5-c417dde623cb: GrpcService started, listening on 15023
2023-06-02 20:40:29,147 [EndpointStateMachine task thread for /0.0.0.0:15002 - 0 ] INFO  server.GrpcService (GrpcService.java:startImpl(302)) - f3098061-e126-467d-ace5-c417dde623cb: GrpcService started, listening on 15022
2023-06-02 20:40:29,148 [EndpointStateMachine task thread for /0.0.0.0:15002 - 0 ] INFO  ratis.XceiverServerRatis (XceiverServerRatis.java:getRealPort(543)) - XceiverServerRatis f3098061-e126-467d-ace5-c417dde623cb is started using port 15021 for RATIS
2023-06-02 20:40:29,148 [EndpointStateMachine task thread for /0.0.0.0:15002 - 0 ] INFO  ratis.XceiverServerRatis (XceiverServerRatis.java:getRealPort(543)) - XceiverServerRatis f3098061-e126-467d-ace5-c417dde623cb is started using port 15022 for RATIS_ADMIN
2023-06-02 20:40:29,149 [EndpointStateMachine task thread for /0.0.0.0:15002 - 0 ] INFO  ratis.XceiverServerRatis (XceiverServerRatis.java:getRealPort(543)) - XceiverServerRatis f3098061-e126-467d-ace5-c417dde623cb is started using port 15023 for RATIS_SERVER
2023-06-02 20:40:29,149 [EndpointStateMachine task thread for /0.0.0.0:15002 - 0 ] INFO  ratis.XceiverServerRatis (XceiverServerRatis.java:getRealPort(543)) - XceiverServerRatis f3098061-e126-467d-ace5-c417dde623cb is started using port 15024 for RATIS_DATASTREAM
2023-06-02 20:40:29,149 [JvmPauseMonitor3] INFO  util.JvmPauseMonitor (JvmPauseMonitor.java:run(103)) - JvmPauseMonitor-f3098061-e126-467d-ace5-c417dde623cb: Started
2023-06-02 20:40:29,161 [BlockDeletingService#0] INFO  interfaces.ContainerDeletionChoosingPolicyTemplate (ContainerDeletionChoosingPolicyTemplate.java:chooseContainerForBlockDeletion(83)) - Chosen 0/5000 blocks from 0 candidate containers.
2023-06-02 20:40:29,202 [main] INFO  handler.ContextHandler (ContextHandler.java:doStart(921)) - Started o.e.j.w.WebAppContext@3b451dc9{hddsDatanode,/,file:///home/runner/work/ozone/ozone/hadoop-ozone/integration-test/target/test-dir/MiniOzoneClusterImpl-5ac0c7d5-b38a-4534-ae70-3109b4fe19c6/datanode-6/meta/webserver/jetty-0_0_0_0-15063-hdds-container-service-1_4_0-SNAPSHOT_jar-_-any-272518405871808895/webapp/,AVAILABLE}{jar:file:/home/runner/.m2/repository/org/apache/ozone/hdds-container-service/1.4.0-SNAPSHOT/hdds-container-service-1.4.0-SNAPSHOT.jar!/webapps/hddsDatanode}
2023-06-02 20:40:29,204 [main] INFO  server.AbstractConnector (AbstractConnector.java:doStart(333)) - Started ServerConnector@24572adc{HTTP/1.1, (http/1.1)}{0.0.0.0:15063}
2023-06-02 20:40:29,204 [main] INFO  server.Server (Server.java:doStart(415)) - Started @14395ms
2023-06-02 20:40:29,204 [main] WARN  impl.MetricsSystemImpl (MetricsSystemImpl.java:register(279)) - Sink prometheus already exists!
2023-06-02 20:40:29,205 [main] INFO  http.BaseHttpServer (BaseHttpServer.java:updateConnectorAddress(344)) - HTTP server of hddsDatanode listening at http://0.0.0.0:15063
2023-06-02 20:40:29,205 [main] INFO  ipc.CallQueueManager (CallQueueManager.java:<init>(90)) - Using callQueue: class java.util.concurrent.LinkedBlockingQueue, queueCapacity: 100, scheduler: class org.apache.hadoop.ipc.DefaultRpcScheduler, ipcBackoff: false.
2023-06-02 20:40:29,206 [Socket Reader #1 for port 15064] INFO  ipc.Server (Server.java:run(1319)) - Starting Socket Reader #1 for port 15064
2023-06-02 20:40:29,209 [Listener at 0.0.0.0/15064] INFO  hdds.HddsUtils (HddsUtils.java:preserveThreadName(843)) - Restoring thread name: main
2023-06-02 20:40:29,209 [main] INFO  ozone.HddsDatanodeService (HddsDatanodeService.java:start(331)) - Datanode start with admins: [runner]
2023-06-02 20:40:29,209 [main] INFO  ozone.HddsDatanodeClientProtocolServer (HddsDatanodeClientProtocolServer.java:start(83)) - RPC server for Client /0.0.0.0:15064
2023-06-02 20:40:29,211 [IPC Server Responder] INFO  ipc.Server (Server.java:run(1558)) - IPC Server Responder: starting
2023-06-02 20:40:29,215 [IPC Server listener on 15064] INFO  ipc.Server (Server.java:run(1398)) - IPC Server listener on 15064: starting
2023-06-02 20:40:29,220 [Datanode State Machine Daemon Thread] INFO  statemachine.DatanodeStateMachine (DatanodeStateMachine.java:lambda$startDaemon$0(523)) - Ozone container server started.
2023-06-02 20:40:29,220 [main] WARN  impl.MetricRegistriesImpl (MetricRegistriesImpl.java:addReporterRegistration(111)) - New reporters are added after registries were created. Some metrics will be missing from the reporter. Please add reporter before adding any new registry.
2023-06-02 20:40:29,220 [main] WARN  impl.MetricRegistriesImpl (MetricRegistriesImpl.java:addReporterRegistration(111)) - New reporters are added after registries were created. Some metrics will be missing from the reporter. Please add reporter before adding any new registry.
2023-06-02 20:40:29,220 [main] INFO  impl.MetricsSystemImpl (MetricsSystemImpl.java:init(158)) - HddsDatanode metrics system started (again)
2023-06-02 20:40:29,233 [Datanode State Machine Task Thread - 0] INFO  datanode.InitDatanodeState (InitDatanodeState.java:persistContainerDatanodeDetails(138)) - DatanodeDetails is persisted to /home/runner/work/ozone/ozone/hadoop-ozone/integration-test/target/test-dir/MiniOzoneClusterImpl-5ac0c7d5-b38a-4534-ae70-3109b4fe19c6/datanode-6/meta/datanode.id
2023-06-02 20:40:29,235 [main] INFO  ozone.HddsDatanodeService (HddsDatanodeService.java:start(261)) - HddsDatanodeService host:fv-az1239-288 ip:10.1.0.31
2023-06-02 20:40:29,263 [main] INFO  upgrade.AbstractLayoutVersionManager (AbstractLayoutVersionManager.java:init(83)) - Initializing Layout version manager with metadata layout = HADOOP_PRC_PORTS_IN_DATANODEDETAILS (version = 7), software layout = HADOOP_PRC_PORTS_IN_DATANODEDETAILS (version = 7)
2023-06-02 20:40:29,264 [main] INFO  statemachine.DatanodeStateMachine (DatanodeStateMachine.java:getEndPointTaskThreadPoolSize(271)) - Datanode State Machine Task Thread Pool size 2
2023-06-02 20:40:29,266 [main] INFO  volume.HddsVolume (HddsVolume.java:<init>(130)) - Creating HddsVolume: /home/runner/work/ozone/ozone/hadoop-ozone/integration-test/target/test-dir/MiniOzoneClusterImpl-5ac0c7d5-b38a-4534-ae70-3109b4fe19c6/datanode-7/data-0/containers/hdds of storage type : DISK capacity : 9223372036854775807
2023-06-02 20:40:29,266 [main] INFO  volume.MutableVolumeSet (MutableVolumeSet.java:initializeVolumeSet(175)) - Added Volume : /home/runner/work/ozone/ozone/hadoop-ozone/integration-test/target/test-dir/MiniOzoneClusterImpl-5ac0c7d5-b38a-4534-ae70-3109b4fe19c6/datanode-7/data-0/containers/hdds to VolumeSet
2023-06-02 20:40:29,267 [main] INFO  volume.ThrottledAsyncChecker (ThrottledAsyncChecker.java:schedule(141)) - Scheduling a check for /home/runner/work/ozone/ozone/hadoop-ozone/integration-test/target/test-dir/MiniOzoneClusterImpl-5ac0c7d5-b38a-4534-ae70-3109b4fe19c6/datanode-7/data-0/containers/hdds
2023-06-02 20:40:29,267 [main] INFO  volume.StorageVolumeChecker (StorageVolumeChecker.java:checkAllVolumes(202)) - Scheduled health check for volume /home/runner/work/ozone/ozone/hadoop-ozone/integration-test/target/test-dir/MiniOzoneClusterImpl-5ac0c7d5-b38a-4534-ae70-3109b4fe19c6/datanode-7/data-0/containers/hdds
2023-06-02 20:40:29,281 [main] INFO  volume.MutableVolumeSet (MutableVolumeSet.java:initializeVolumeSet(175)) - Added Volume : /home/runner/work/ozone/ozone/hadoop-ozone/integration-test/target/test-dir/MiniOzoneClusterImpl-5ac0c7d5-b38a-4534-ae70-3109b4fe19c6/datanode-7/data/ratis to VolumeSet
2023-06-02 20:40:29,281 [main] INFO  volume.ThrottledAsyncChecker (ThrottledAsyncChecker.java:schedule(141)) - Scheduling a check for /home/runner/work/ozone/ozone/hadoop-ozone/integration-test/target/test-dir/MiniOzoneClusterImpl-5ac0c7d5-b38a-4534-ae70-3109b4fe19c6/datanode-7/data/ratis
2023-06-02 20:40:29,281 [main] INFO  volume.StorageVolumeChecker (StorageVolumeChecker.java:checkAllVolumes(202)) - Scheduled health check for volume /home/runner/work/ozone/ozone/hadoop-ozone/integration-test/target/test-dir/MiniOzoneClusterImpl-5ac0c7d5-b38a-4534-ae70-3109b4fe19c6/datanode-7/data/ratis
2023-06-02 20:40:29,294 [Thread-271] INFO  ozoneimpl.ContainerReader (ContainerReader.java:readVolume(175)) - Finish verifying containers on volume /home/runner/work/ozone/ozone/hadoop-ozone/integration-test/target/test-dir/MiniOzoneClusterImpl-5ac0c7d5-b38a-4534-ae70-3109b4fe19c6/datanode-7/data-0/containers/hdds
2023-06-02 20:40:29,294 [main] INFO  ozoneimpl.OzoneContainer (OzoneContainer.java:buildContainerSet(303)) - Build ContainerSet costs 0s
2023-06-02 20:40:29,297 [main] INFO  server.RaftServer (ConfUtils.java:logGet(46)) - raft.rpc.type = GRPC (default)
2023-06-02 20:40:29,297 [main] INFO  grpc.GrpcConfigKeys (ConfUtils.java:logFallback(53)) - raft.grpc.admin.host = null (fallback to raft.grpc.server.host)
2023-06-02 20:40:29,297 [main] INFO  grpc.GrpcConfigKeys (ConfUtils.java:logGet(46)) - raft.grpc.admin.port = 15076 (custom)
2023-06-02 20:40:29,298 [main] INFO  grpc.GrpcConfigKeys (ConfUtils.java:logFallback(53)) - raft.grpc.client.host = null (fallback to raft.grpc.server.host)
2023-06-02 20:40:29,298 [main] INFO  grpc.GrpcConfigKeys (ConfUtils.java:logGet(46)) - raft.grpc.client.port = 15075 (custom)
2023-06-02 20:40:29,298 [main] INFO  grpc.GrpcConfigKeys (ConfUtils.java:logGet(46)) - raft.grpc.server.host = null (default)
2023-06-02 20:40:29,298 [main] INFO  grpc.GrpcConfigKeys (ConfUtils.java:logGet(46)) - raft.grpc.server.port = 15077 (custom)
2023-06-02 20:40:29,298 [main] INFO  server.GrpcService (ConfUtils.java:logGet(46)) - raft.grpc.message.size.max = 32MB (=33554432) (custom)
2023-06-02 20:40:29,298 [main] INFO  server.RaftServerConfigKeys (ConfUtils.java:logGet(46)) - raft.server.log.appender.buffer.byte-limit = 33554432 (custom)
2023-06-02 20:40:29,298 [main] INFO  server.GrpcService (ConfUtils.java:logGet(46)) - raft.grpc.flow.control.window = 5MB (=5242880) (custom)
2023-06-02 20:40:29,299 [main] INFO  server.RaftServerConfigKeys (ConfUtils.java:logGet(46)) - raft.server.rpc.request.timeout = 60s (custom)
2023-06-02 20:40:29,299 [main] INFO  grpc.GrpcConfigKeys (ConfUtils.java:logGet(46)) - raft.grpc.server.heartbeat.channel = true (default)
2023-06-02 20:40:29,299 [main] INFO  grpc.GrpcConfigKeys (ConfUtils.java:logGet(46)) - raft.grpc.server.async.request.thread.pool.cached = true (default)
2023-06-02 20:40:29,299 [main] INFO  grpc.GrpcConfigKeys (ConfUtils.java:logGet(46)) - raft.grpc.server.async.request.thread.pool.size = 32 (default)
2023-06-02 20:40:29,301 [main] INFO  impl.DataStreamServerImpl (ConfUtils.java:logGet(46)) - raft.datastream.type = NETTY (custom)
2023-06-02 20:40:29,302 [main] INFO  server.RaftServerConfigKeys (ConfUtils.java:logGet(46)) - raft.server.data-stream.async.request.thread.pool.cached = false (default)
2023-06-02 20:40:29,302 [main] INFO  server.RaftServerConfigKeys (ConfUtils.java:logGet(46)) - raft.server.data-stream.async.request.thread.pool.size = 20 (custom)
2023-06-02 20:40:29,302 [main] INFO  server.RaftServerConfigKeys (ConfUtils.java:logGet(46)) - raft.server.data-stream.async.write.thread.pool.size = 16 (default)
2023-06-02 20:40:29,303 [main] INFO  server.RaftServerConfigKeys (ConfUtils.java:logGet(46)) - raft.server.data-stream.client.pool.size = 10 (default)
2023-06-02 20:40:29,303 [main] INFO  netty.NettyConfigKeys$DataStream (ConfUtils.java:logGet(46)) - raft.netty.dataStream.server.use-epoll = false (default)
2023-06-02 20:40:29,303 [main] INFO  netty.NettyConfigKeys$DataStream (ConfUtils.java:logGet(46)) - raft.netty.dataStream.server.boss-group.size = 0 (default)
2023-06-02 20:40:29,303 [main] INFO  netty.NettyConfigKeys$DataStream (ConfUtils.java:logGet(46)) - raft.netty.dataStream.server.worker-group.size = 0 (default)
2023-06-02 20:40:29,304 [main] INFO  netty.NettyConfigKeys$DataStream (ConfUtils.java:logGet(46)) - raft.netty.dataStream.server.tls.conf = null (default)
2023-06-02 20:40:29,304 [main] INFO  netty.NettyConfigKeys$DataStream (ConfUtils.java:logGet(46)) - raft.netty.dataStream.host = null (default)
2023-06-02 20:40:29,304 [main] INFO  netty.NettyConfigKeys$DataStream (ConfUtils.java:logGet(46)) - raft.netty.dataStream.port = 15078 (custom)
2023-06-02 20:40:29,305 [main] INFO  server.RaftServerConfigKeys (ConfUtils.java:logGet(46)) - raft.server.threadpool.proxy.cached = true (default)
2023-06-02 20:40:29,305 [main] INFO  server.RaftServerConfigKeys (ConfUtils.java:logGet(46)) - raft.server.threadpool.proxy.size = 0 (default)
2023-06-02 20:40:29,305 [main] INFO  server.RaftServerConfigKeys (ConfUtils.java:logGet(46)) - raft.server.rpc.slowness.timeout = 300s (custom)
2023-06-02 20:40:29,305 [main] INFO  server.RaftServerConfigKeys (ConfUtils.java:logGet(46)) - raft.server.leaderelection.leader.step-down.wait-time = 10s (default)
2023-06-02 20:40:29,305 [main] INFO  server.RaftServerConfigKeys (ConfUtils.java:logGet(46)) - raft.server.storage.dir = [/home/runner/work/ozone/ozone/hadoop-ozone/integration-test/target/test-dir/MiniOzoneClusterImpl-5ac0c7d5-b38a-4534-ae70-3109b4fe19c6/datanode-7/data/ratis] (custom)
2023-06-02 20:40:29,308 [c30a36da-1763-463f-9370-bf353ef860b0-NettyServerStreamRpc-bossGroup--thread1] INFO  logging.LoggingHandler (AbstractInternalLogger.java:log(148)) - [id: 0x39a7d3d1] REGISTERED
2023-06-02 20:40:29,308 [c30a36da-1763-463f-9370-bf353ef860b0-NettyServerStreamRpc-bossGroup--thread1] INFO  logging.LoggingHandler (AbstractInternalLogger.java:log(148)) - [id: 0x39a7d3d1] BIND: 0.0.0.0/0.0.0.0:15078
2023-06-02 20:40:29,308 [c30a36da-1763-463f-9370-bf353ef860b0-NettyServerStreamRpc-bossGroup--thread1] INFO  logging.LoggingHandler (AbstractInternalLogger.java:log(148)) - [id: 0x39a7d3d1, L:/0:0:0:0:0:0:0:0:15078] ACTIVE
2023-06-02 20:40:29,310 [main] INFO  server.XceiverServerGrpc (XceiverServerGrpc.java:<init>(132)) - GrpcServer channel type EpollServerSocketChannel
2023-06-02 20:40:29,312 [main] INFO  replication.ReplicationSupervisor (ReplicationSupervisor.java:nodeStateUpdated(305)) - Node state updated to IN_SERVICE, scaling executor pool size to 10
2023-06-02 20:40:29,313 [main] INFO  token.OzoneBlockTokenSecretManager (OzoneSecretManager.java:updateCurrentKey(175)) - Updating current master key for generating tokens. Cert id 3603736608543
2023-06-02 20:40:29,314 [main] INFO  http.BaseHttpServer (BaseHttpServer.java:newHttpServer2BuilderForOzone(224)) - Starting Web-server for hddsDatanode at: http://0.0.0.0:15072
2023-06-02 20:40:29,314 [main] INFO  http.BaseHttpServer (BaseHttpServer.java:<init>(111)) - Hadoop Security Enabled: false Ozone Security Enabled: false Ozone HTTP Security Enabled: false 
2023-06-02 20:40:29,316 [main] WARN  server.AuthenticationFilter (AuthenticationFilter.java:constructSecretProvider(240)) - Unable to initialize FileSignerSecretProvider, falling back to use random secrets. Reason: Could not read signature secret file: /home/runner/hadoop-http-auth-signature-secret
2023-06-02 20:40:29,317 [main] INFO  http.HttpRequestLog (HttpRequestLog.java:getRequestLog(86)) - Http request log for http.requests.hddsDatanode is not defined
2023-06-02 20:40:29,318 [main] INFO  http.HttpServer2 (HttpServer2.java:addGlobalFilter(1031)) - Added global filter 'safety' (class=org.apache.hadoop.hdds.server.http.HttpServer2$QuotingInputFilter)
2023-06-02 20:40:29,319 [main] INFO  http.HttpServer2 (HttpServer2.java:addFilter(1007)) - Added filter static_user_filter (class=org.apache.hadoop.http.lib.StaticUserWebFilter$StaticUserFilter) to context hddsDatanode
2023-06-02 20:40:29,319 [main] INFO  http.HttpServer2 (HttpServer2.java:addFilter(1015)) - Added filter static_user_filter (class=org.apache.hadoop.http.lib.StaticUserWebFilter$StaticUserFilter) to context logs
2023-06-02 20:40:29,319 [main] INFO  http.HttpServer2 (HttpServer2.java:addFilter(1015)) - Added filter static_user_filter (class=org.apache.hadoop.http.lib.StaticUserWebFilter$StaticUserFilter) to context static
2023-06-02 20:40:29,320 [main] INFO  http.BaseHttpServer (BaseHttpServer.java:<init>(190)) - HTTP server of hddsDatanode uses base directory /home/runner/work/ozone/ozone/hadoop-ozone/integration-test/target/test-dir/MiniOzoneClusterImpl-5ac0c7d5-b38a-4534-ae70-3109b4fe19c6/datanode-7/meta/webserver
2023-06-02 20:40:29,320 [main] INFO  http.HttpServer2 (HttpServer2.java:bindListener(1250)) - Jetty bound to port 15072
2023-06-02 20:40:29,320 [main] INFO  server.Server (Server.java:doStart(375)) - jetty-9.4.51.v20230217; built: 2023-02-17T08:19:37.309Z; git: b45c405e4544384de066f814ed42ae3dceacdd49; jvm 1.8.0_372-b07
2023-06-02 20:40:29,328 [main] INFO  server.session (DefaultSessionIdManager.java:doStart(334)) - DefaultSessionIdManager workerName=node0
2023-06-02 20:40:29,328 [main] INFO  server.session (DefaultSessionIdManager.java:doStart(339)) - No SessionScavenger set, using defaults
2023-06-02 20:40:29,328 [main] INFO  server.session (HouseKeeper.java:startScavenging(132)) - node0 Scavenging every 660000ms
2023-06-02 20:40:29,330 [main] INFO  handler.ContextHandler (ContextHandler.java:doStart(921)) - Started o.e.j.s.ServletContextHandler@3e9cceff{logs,/logs,file:///home/runner/work/ozone/ozone/hadoop-ozone/integration-test/target/log,AVAILABLE}
2023-06-02 20:40:29,331 [main] INFO  handler.ContextHandler (ContextHandler.java:doStart(921)) - Started o.e.j.s.ServletContextHandler@cab0abd{static,/static,jar:file:/home/runner/.m2/repository/org/apache/ozone/hdds-container-service/1.4.0-SNAPSHOT/hdds-container-service-1.4.0-SNAPSHOT.jar!/webapps/static,AVAILABLE}
2023-06-02 20:40:29,497 [EndpointStateMachine task thread for /0.0.0.0:15002 - 0 ] INFO  utils.DatanodeStoreCache (DatanodeStoreCache.java:addDB(66)) - Added db /home/runner/work/ozone/ozone/hadoop-ozone/integration-test/target/test-dir/MiniOzoneClusterImpl-5ac0c7d5-b38a-4534-ae70-3109b4fe19c6/datanode-2/data-0/containers/hdds/5ac0c7d5-b38a-4534-ae70-3109b4fe19c6/DS-6d94bc9a-8734-4283-9535-ff95c4316a85/container.db to cache
2023-06-02 20:40:29,497 [EndpointStateMachine task thread for /0.0.0.0:15002 - 0 ] INFO  volume.HddsVolume (HddsVolume.java:createDbStore(350)) - SchemaV3 db is created and loaded at /home/runner/work/ozone/ozone/hadoop-ozone/integration-test/target/test-dir/MiniOzoneClusterImpl-5ac0c7d5-b38a-4534-ae70-3109b4fe19c6/datanode-2/data-0/containers/hdds/5ac0c7d5-b38a-4534-ae70-3109b4fe19c6/DS-6d94bc9a-8734-4283-9535-ff95c4316a85/container.db for volume DS-6d94bc9a-8734-4283-9535-ff95c4316a85
2023-06-02 20:40:29,497 [EndpointStateMachine task thread for /0.0.0.0:15002 - 0 ] INFO  ozoneimpl.OzoneContainer (OzoneContainer.java:start(398)) - Attempting to start container services.
2023-06-02 20:40:29,497 [EndpointStateMachine task thread for /0.0.0.0:15002 - 0 ] INFO  ozoneimpl.OzoneContainer (OzoneContainer.java:startContainerScrub(314)) - Scheduled background container scanners and the on-demand container scanner have been disabled.
2023-06-02 20:40:29,501 [EndpointStateMachine task thread for /0.0.0.0:15002 - 0 ] INFO  replication.ReplicationServer (ReplicationServer.java:start(128)) - ReplicationServer is started using port 15034
2023-06-02 20:40:29,502 [EndpointStateMachine task thread for /0.0.0.0:15002 - 0 ] INFO  ratis.XceiverServerRatis (XceiverServerRatis.java:start(517)) - Starting XceiverServerRatis 501c2811-31b4-4cb7-a883-304e4eecc84c
2023-06-02 20:40:29,505 [EndpointStateMachine task thread for /0.0.0.0:15002 - 0 ] INFO  server.RaftServer (RaftServerProxy.java:startImpl(400)) - 501c2811-31b4-4cb7-a883-304e4eecc84c: start RPC server
2023-06-02 20:40:29,524 [EndpointStateMachine task thread for /0.0.0.0:15002 - 0 ] INFO  server.GrpcService (GrpcService.java:startImpl(302)) - 501c2811-31b4-4cb7-a883-304e4eecc84c: GrpcService started, listening on 15030
2023-06-02 20:40:29,528 [EndpointStateMachine task thread for /0.0.0.0:15002 - 0 ] INFO  server.GrpcService (GrpcService.java:startImpl(302)) - 501c2811-31b4-4cb7-a883-304e4eecc84c: GrpcService started, listening on 15032
2023-06-02 20:40:29,531 [EndpointStateMachine task thread for /0.0.0.0:15002 - 0 ] INFO  server.GrpcService (GrpcService.java:startImpl(302)) - 501c2811-31b4-4cb7-a883-304e4eecc84c: GrpcService started, listening on 15031
2023-06-02 20:40:29,533 [EndpointStateMachine task thread for /0.0.0.0:15002 - 0 ] INFO  ratis.XceiverServerRatis (XceiverServerRatis.java:getRealPort(543)) - XceiverServerRatis 501c2811-31b4-4cb7-a883-304e4eecc84c is started using port 15030 for RATIS
2023-06-02 20:40:29,533 [JvmPauseMonitor4] INFO  util.JvmPauseMonitor (JvmPauseMonitor.java:run(103)) - JvmPauseMonitor-501c2811-31b4-4cb7-a883-304e4eecc84c: Started
2023-06-02 20:40:29,533 [EndpointStateMachine task thread for /0.0.0.0:15002 - 0 ] INFO  ratis.XceiverServerRatis (XceiverServerRatis.java:getRealPort(543)) - XceiverServerRatis 501c2811-31b4-4cb7-a883-304e4eecc84c is started using port 15031 for RATIS_ADMIN
2023-06-02 20:40:29,534 [EndpointStateMachine task thread for /0.0.0.0:15002 - 0 ] INFO  ratis.XceiverServerRatis (XceiverServerRatis.java:getRealPort(543)) - XceiverServerRatis 501c2811-31b4-4cb7-a883-304e4eecc84c is started using port 15032 for RATIS_SERVER
2023-06-02 20:40:29,534 [EndpointStateMachine task thread for /0.0.0.0:15002 - 0 ] INFO  ratis.XceiverServerRatis (XceiverServerRatis.java:getRealPort(543)) - XceiverServerRatis 501c2811-31b4-4cb7-a883-304e4eecc84c is started using port 15033 for RATIS_DATASTREAM
2023-06-02 20:40:29,544 [BlockDeletingService#0] INFO  interfaces.ContainerDeletionChoosingPolicyTemplate (ContainerDeletionChoosingPolicyTemplate.java:chooseContainerForBlockDeletion(83)) - Chosen 0/5000 blocks from 0 candidate containers.
2023-06-02 20:40:29,606 [main] INFO  handler.ContextHandler (ContextHandler.java:doStart(921)) - Started o.e.j.w.WebAppContext@25f2962d{hddsDatanode,/,file:///home/runner/work/ozone/ozone/hadoop-ozone/integration-test/target/test-dir/MiniOzoneClusterImpl-5ac0c7d5-b38a-4534-ae70-3109b4fe19c6/datanode-7/meta/webserver/jetty-0_0_0_0-15072-hdds-container-service-1_4_0-SNAPSHOT_jar-_-any-6781602081163441733/webapp/,AVAILABLE}{jar:file:/home/runner/.m2/repository/org/apache/ozone/hdds-container-service/1.4.0-SNAPSHOT/hdds-container-service-1.4.0-SNAPSHOT.jar!/webapps/hddsDatanode}
2023-06-02 20:40:29,608 [main] INFO  server.AbstractConnector (AbstractConnector.java:doStart(333)) - Started ServerConnector@3179f8eb{HTTP/1.1, (http/1.1)}{0.0.0.0:15072}
2023-06-02 20:40:29,609 [main] INFO  server.Server (Server.java:doStart(415)) - Started @14799ms
2023-06-02 20:40:29,609 [main] WARN  impl.MetricsSystemImpl (MetricsSystemImpl.java:register(279)) - Sink prometheus already exists!
2023-06-02 20:40:29,609 [main] INFO  http.BaseHttpServer (BaseHttpServer.java:updateConnectorAddress(344)) - HTTP server of hddsDatanode listening at http://0.0.0.0:15072
2023-06-02 20:40:29,611 [main] INFO  ipc.CallQueueManager (CallQueueManager.java:<init>(90)) - Using callQueue: class java.util.concurrent.LinkedBlockingQueue, queueCapacity: 100, scheduler: class org.apache.hadoop.ipc.DefaultRpcScheduler, ipcBackoff: false.
2023-06-02 20:40:29,611 [Socket Reader #1 for port 15073] INFO  ipc.Server (Server.java:run(1319)) - Starting Socket Reader #1 for port 15073
2023-06-02 20:40:29,615 [Listener at 0.0.0.0/15073] INFO  hdds.HddsUtils (HddsUtils.java:preserveThreadName(843)) - Restoring thread name: main
2023-06-02 20:40:29,620 [main] INFO  ozone.HddsDatanodeService (HddsDatanodeService.java:start(331)) - Datanode start with admins: [runner]
2023-06-02 20:40:29,620 [main] INFO  ozone.HddsDatanodeClientProtocolServer (HddsDatanodeClientProtocolServer.java:start(83)) - RPC server for Client /0.0.0.0:15073
2023-06-02 20:40:29,622 [IPC Server Responder] INFO  ipc.Server (Server.java:run(1558)) - IPC Server Responder: starting
2023-06-02 20:40:29,623 [IPC Server listener on 15073] INFO  ipc.Server (Server.java:run(1398)) - IPC Server listener on 15073: starting
2023-06-02 20:40:29,624 [main] WARN  impl.MetricRegistriesImpl (MetricRegistriesImpl.java:addReporterRegistration(111)) - New reporters are added after registries were created. Some metrics will be missing from the reporter. Please add reporter before adding any new registry.
2023-06-02 20:40:29,624 [main] WARN  impl.MetricRegistriesImpl (MetricRegistriesImpl.java:addReporterRegistration(111)) - New reporters are added after registries were created. Some metrics will be missing from the reporter. Please add reporter before adding any new registry.
2023-06-02 20:40:29,624 [main] INFO  impl.MetricsSystemImpl (MetricsSystemImpl.java:init(158)) - HddsDatanode metrics system started (again)
2023-06-02 20:40:29,629 [Datanode State Machine Daemon Thread] INFO  statemachine.DatanodeStateMachine (DatanodeStateMachine.java:lambda$startDaemon$0(523)) - Ozone container server started.
2023-06-02 20:40:29,635 [Datanode State Machine Task Thread - 0] INFO  datanode.InitDatanodeState (InitDatanodeState.java:persistContainerDatanodeDetails(138)) - DatanodeDetails is persisted to /home/runner/work/ozone/ozone/hadoop-ozone/integration-test/target/test-dir/MiniOzoneClusterImpl-5ac0c7d5-b38a-4534-ae70-3109b4fe19c6/datanode-7/meta/datanode.id
2023-06-02 20:40:29,647 [main] INFO  ozone.HddsDatanodeService (HddsDatanodeService.java:start(261)) - HddsDatanodeService host:fv-az1239-288 ip:10.1.0.31
2023-06-02 20:40:29,674 [main] INFO  upgrade.AbstractLayoutVersionManager (AbstractLayoutVersionManager.java:init(83)) - Initializing Layout version manager with metadata layout = HADOOP_PRC_PORTS_IN_DATANODEDETAILS (version = 7), software layout = HADOOP_PRC_PORTS_IN_DATANODEDETAILS (version = 7)
2023-06-02 20:40:29,675 [main] INFO  statemachine.DatanodeStateMachine (DatanodeStateMachine.java:getEndPointTaskThreadPoolSize(271)) - Datanode State Machine Task Thread Pool size 2
2023-06-02 20:40:29,677 [main] INFO  volume.HddsVolume (HddsVolume.java:<init>(130)) - Creating HddsVolume: /home/runner/work/ozone/ozone/hadoop-ozone/integration-test/target/test-dir/MiniOzoneClusterImpl-5ac0c7d5-b38a-4534-ae70-3109b4fe19c6/datanode-8/data-0/containers/hdds of storage type : DISK capacity : 9223372036854775807
2023-06-02 20:40:29,677 [main] INFO  volume.MutableVolumeSet (MutableVolumeSet.java:initializeVolumeSet(175)) - Added Volume : /home/runner/work/ozone/ozone/hadoop-ozone/integration-test/target/test-dir/MiniOzoneClusterImpl-5ac0c7d5-b38a-4534-ae70-3109b4fe19c6/datanode-8/data-0/containers/hdds to VolumeSet
2023-06-02 20:40:29,677 [main] INFO  volume.ThrottledAsyncChecker (ThrottledAsyncChecker.java:schedule(141)) - Scheduling a check for /home/runner/work/ozone/ozone/hadoop-ozone/integration-test/target/test-dir/MiniOzoneClusterImpl-5ac0c7d5-b38a-4534-ae70-3109b4fe19c6/datanode-8/data-0/containers/hdds
2023-06-02 20:40:29,678 [main] INFO  volume.StorageVolumeChecker (StorageVolumeChecker.java:checkAllVolumes(202)) - Scheduled health check for volume /home/runner/work/ozone/ozone/hadoop-ozone/integration-test/target/test-dir/MiniOzoneClusterImpl-5ac0c7d5-b38a-4534-ae70-3109b4fe19c6/datanode-8/data-0/containers/hdds
2023-06-02 20:40:29,691 [main] INFO  volume.MutableVolumeSet (MutableVolumeSet.java:initializeVolumeSet(175)) - Added Volume : /home/runner/work/ozone/ozone/hadoop-ozone/integration-test/target/test-dir/MiniOzoneClusterImpl-5ac0c7d5-b38a-4534-ae70-3109b4fe19c6/datanode-8/data/ratis to VolumeSet
2023-06-02 20:40:29,692 [main] INFO  volume.ThrottledAsyncChecker (ThrottledAsyncChecker.java:schedule(141)) - Scheduling a check for /home/runner/work/ozone/ozone/hadoop-ozone/integration-test/target/test-dir/MiniOzoneClusterImpl-5ac0c7d5-b38a-4534-ae70-3109b4fe19c6/datanode-8/data/ratis
2023-06-02 20:40:29,692 [main] INFO  volume.StorageVolumeChecker (StorageVolumeChecker.java:checkAllVolumes(202)) - Scheduled health check for volume /home/runner/work/ozone/ozone/hadoop-ozone/integration-test/target/test-dir/MiniOzoneClusterImpl-5ac0c7d5-b38a-4534-ae70-3109b4fe19c6/datanode-8/data/ratis
2023-06-02 20:40:29,705 [Thread-293] INFO  ozoneimpl.ContainerReader (ContainerReader.java:readVolume(175)) - Finish verifying containers on volume /home/runner/work/ozone/ozone/hadoop-ozone/integration-test/target/test-dir/MiniOzoneClusterImpl-5ac0c7d5-b38a-4534-ae70-3109b4fe19c6/datanode-8/data-0/containers/hdds
2023-06-02 20:40:29,705 [main] INFO  ozoneimpl.OzoneContainer (OzoneContainer.java:buildContainerSet(303)) - Build ContainerSet costs 0s
2023-06-02 20:40:29,711 [main] INFO  server.RaftServer (ConfUtils.java:logGet(46)) - raft.rpc.type = GRPC (default)
2023-06-02 20:40:29,711 [main] INFO  grpc.GrpcConfigKeys (ConfUtils.java:logFallback(53)) - raft.grpc.admin.host = null (fallback to raft.grpc.server.host)
2023-06-02 20:40:29,712 [main] INFO  grpc.GrpcConfigKeys (ConfUtils.java:logGet(46)) - raft.grpc.admin.port = 15085 (custom)
2023-06-02 20:40:29,712 [main] INFO  grpc.GrpcConfigKeys (ConfUtils.java:logFallback(53)) - raft.grpc.client.host = null (fallback to raft.grpc.server.host)
2023-06-02 20:40:29,712 [main] INFO  grpc.GrpcConfigKeys (ConfUtils.java:logGet(46)) - raft.grpc.client.port = 15084 (custom)
2023-06-02 20:40:29,712 [main] INFO  grpc.GrpcConfigKeys (ConfUtils.java:logGet(46)) - raft.grpc.server.host = null (default)
2023-06-02 20:40:29,712 [main] INFO  grpc.GrpcConfigKeys (ConfUtils.java:logGet(46)) - raft.grpc.server.port = 15086 (custom)
2023-06-02 20:40:29,712 [main] INFO  server.GrpcService (ConfUtils.java:logGet(46)) - raft.grpc.message.size.max = 32MB (=33554432) (custom)
2023-06-02 20:40:29,712 [main] INFO  server.RaftServerConfigKeys (ConfUtils.java:logGet(46)) - raft.server.log.appender.buffer.byte-limit = 33554432 (custom)
2023-06-02 20:40:29,713 [main] INFO  server.GrpcService (ConfUtils.java:logGet(46)) - raft.grpc.flow.control.window = 5MB (=5242880) (custom)
2023-06-02 20:40:29,713 [main] INFO  server.RaftServerConfigKeys (ConfUtils.java:logGet(46)) - raft.server.rpc.request.timeout = 60s (custom)
2023-06-02 20:40:29,713 [main] INFO  grpc.GrpcConfigKeys (ConfUtils.java:logGet(46)) - raft.grpc.server.heartbeat.channel = true (default)
2023-06-02 20:40:29,713 [main] INFO  grpc.GrpcConfigKeys (ConfUtils.java:logGet(46)) - raft.grpc.server.async.request.thread.pool.cached = true (default)
2023-06-02 20:40:29,713 [main] INFO  grpc.GrpcConfigKeys (ConfUtils.java:logGet(46)) - raft.grpc.server.async.request.thread.pool.size = 32 (default)
2023-06-02 20:40:29,716 [main] INFO  impl.DataStreamServerImpl (ConfUtils.java:logGet(46)) - raft.datastream.type = NETTY (custom)
2023-06-02 20:40:29,717 [main] INFO  server.RaftServerConfigKeys (ConfUtils.java:logGet(46)) - raft.server.data-stream.async.request.thread.pool.cached = false (default)
2023-06-02 20:40:29,717 [main] INFO  server.RaftServerConfigKeys (ConfUtils.java:logGet(46)) - raft.server.data-stream.async.request.thread.pool.size = 20 (custom)
2023-06-02 20:40:29,718 [main] INFO  server.RaftServerConfigKeys (ConfUtils.java:logGet(46)) - raft.server.data-stream.async.write.thread.pool.size = 16 (default)
2023-06-02 20:40:29,718 [main] INFO  server.RaftServerConfigKeys (ConfUtils.java:logGet(46)) - raft.server.data-stream.client.pool.size = 10 (default)
2023-06-02 20:40:29,718 [main] INFO  netty.NettyConfigKeys$DataStream (ConfUtils.java:logGet(46)) - raft.netty.dataStream.server.use-epoll = false (default)
2023-06-02 20:40:29,718 [main] INFO  netty.NettyConfigKeys$DataStream (ConfUtils.java:logGet(46)) - raft.netty.dataStream.server.boss-group.size = 0 (default)
2023-06-02 20:40:29,719 [main] INFO  netty.NettyConfigKeys$DataStream (ConfUtils.java:logGet(46)) - raft.netty.dataStream.server.worker-group.size = 0 (default)
2023-06-02 20:40:29,719 [main] INFO  netty.NettyConfigKeys$DataStream (ConfUtils.java:logGet(46)) - raft.netty.dataStream.server.tls.conf = null (default)
2023-06-02 20:40:29,719 [main] INFO  netty.NettyConfigKeys$DataStream (ConfUtils.java:logGet(46)) - raft.netty.dataStream.host = null (default)
2023-06-02 20:40:29,719 [main] INFO  netty.NettyConfigKeys$DataStream (ConfUtils.java:logGet(46)) - raft.netty.dataStream.port = 15087 (custom)
2023-06-02 20:40:29,723 [main] INFO  server.RaftServerConfigKeys (ConfUtils.java:logGet(46)) - raft.server.threadpool.proxy.cached = true (default)
2023-06-02 20:40:29,723 [main] INFO  server.RaftServerConfigKeys (ConfUtils.java:logGet(46)) - raft.server.threadpool.proxy.size = 0 (default)
2023-06-02 20:40:29,723 [main] INFO  server.RaftServerConfigKeys (ConfUtils.java:logGet(46)) - raft.server.rpc.slowness.timeout = 300s (custom)
2023-06-02 20:40:29,723 [main] INFO  server.RaftServerConfigKeys (ConfUtils.java:logGet(46)) - raft.server.leaderelection.leader.step-down.wait-time = 10s (default)
2023-06-02 20:40:29,723 [main] INFO  server.RaftServerConfigKeys (ConfUtils.java:logGet(46)) - raft.server.storage.dir = [/home/runner/work/ozone/ozone/hadoop-ozone/integration-test/target/test-dir/MiniOzoneClusterImpl-5ac0c7d5-b38a-4534-ae70-3109b4fe19c6/datanode-8/data/ratis] (custom)
2023-06-02 20:40:29,731 [b4411977-9720-4d4b-9a0b-907fa7158048-NettyServerStreamRpc-bossGroup--thread1] INFO  logging.LoggingHandler (AbstractInternalLogger.java:log(148)) - [id: 0xba87ae77] REGISTERED
2023-06-02 20:40:29,732 [b4411977-9720-4d4b-9a0b-907fa7158048-NettyServerStreamRpc-bossGroup--thread1] INFO  logging.LoggingHandler (AbstractInternalLogger.java:log(148)) - [id: 0xba87ae77] BIND: 0.0.0.0/0.0.0.0:15087
2023-06-02 20:40:29,732 [b4411977-9720-4d4b-9a0b-907fa7158048-NettyServerStreamRpc-bossGroup--thread1] INFO  logging.LoggingHandler (AbstractInternalLogger.java:log(148)) - [id: 0xba87ae77, L:/0:0:0:0:0:0:0:0:15087] ACTIVE
2023-06-02 20:40:29,732 [main] INFO  server.XceiverServerGrpc (XceiverServerGrpc.java:<init>(132)) - GrpcServer channel type EpollServerSocketChannel
2023-06-02 20:40:29,734 [main] INFO  replication.ReplicationSupervisor (ReplicationSupervisor.java:nodeStateUpdated(305)) - Node state updated to IN_SERVICE, scaling executor pool size to 10
2023-06-02 20:40:29,735 [main] INFO  token.OzoneBlockTokenSecretManager (OzoneSecretManager.java:updateCurrentKey(175)) - Updating current master key for generating tokens. Cert id 3603736608543
2023-06-02 20:40:29,737 [main] INFO  http.BaseHttpServer (BaseHttpServer.java:newHttpServer2BuilderForOzone(224)) - Starting Web-server for hddsDatanode at: http://0.0.0.0:15081
2023-06-02 20:40:29,737 [main] INFO  http.BaseHttpServer (BaseHttpServer.java:<init>(111)) - Hadoop Security Enabled: false Ozone Security Enabled: false Ozone HTTP Security Enabled: false 
2023-06-02 20:40:29,738 [main] WARN  server.AuthenticationFilter (AuthenticationFilter.java:constructSecretProvider(240)) - Unable to initialize FileSignerSecretProvider, falling back to use random secrets. Reason: Could not read signature secret file: /home/runner/hadoop-http-auth-signature-secret
2023-06-02 20:40:29,739 [main] INFO  http.HttpRequestLog (HttpRequestLog.java:getRequestLog(86)) - Http request log for http.requests.hddsDatanode is not defined
2023-06-02 20:40:29,741 [main] INFO  http.HttpServer2 (HttpServer2.java:addGlobalFilter(1031)) - Added global filter 'safety' (class=org.apache.hadoop.hdds.server.http.HttpServer2$QuotingInputFilter)
2023-06-02 20:40:29,743 [main] INFO  http.HttpServer2 (HttpServer2.java:addFilter(1007)) - Added filter static_user_filter (class=org.apache.hadoop.http.lib.StaticUserWebFilter$StaticUserFilter) to context hddsDatanode
2023-06-02 20:40:29,743 [main] INFO  http.HttpServer2 (HttpServer2.java:addFilter(1015)) - Added filter static_user_filter (class=org.apache.hadoop.http.lib.StaticUserWebFilter$StaticUserFilter) to context logs
2023-06-02 20:40:29,743 [main] INFO  http.HttpServer2 (HttpServer2.java:addFilter(1015)) - Added filter static_user_filter (class=org.apache.hadoop.http.lib.StaticUserWebFilter$StaticUserFilter) to context static
2023-06-02 20:40:29,744 [main] INFO  http.BaseHttpServer (BaseHttpServer.java:<init>(190)) - HTTP server of hddsDatanode uses base directory /home/runner/work/ozone/ozone/hadoop-ozone/integration-test/target/test-dir/MiniOzoneClusterImpl-5ac0c7d5-b38a-4534-ae70-3109b4fe19c6/datanode-8/meta/webserver
2023-06-02 20:40:29,744 [main] INFO  http.HttpServer2 (HttpServer2.java:bindListener(1250)) - Jetty bound to port 15081
2023-06-02 20:40:29,744 [main] INFO  server.Server (Server.java:doStart(375)) - jetty-9.4.51.v20230217; built: 2023-02-17T08:19:37.309Z; git: b45c405e4544384de066f814ed42ae3dceacdd49; jvm 1.8.0_372-b07
2023-06-02 20:40:29,746 [main] INFO  server.session (DefaultSessionIdManager.java:doStart(334)) - DefaultSessionIdManager workerName=node0
2023-06-02 20:40:29,746 [main] INFO  server.session (DefaultSessionIdManager.java:doStart(339)) - No SessionScavenger set, using defaults
2023-06-02 20:40:29,746 [main] INFO  server.session (HouseKeeper.java:startScavenging(132)) - node0 Scavenging every 660000ms
2023-06-02 20:40:29,747 [main] INFO  handler.ContextHandler (ContextHandler.java:doStart(921)) - Started o.e.j.s.ServletContextHandler@727971a8{logs,/logs,file:///home/runner/work/ozone/ozone/hadoop-ozone/integration-test/target/log,AVAILABLE}
2023-06-02 20:40:29,748 [main] INFO  handler.ContextHandler (ContextHandler.java:doStart(921)) - Started o.e.j.s.ServletContextHandler@58407fb7{static,/static,jar:file:/home/runner/.m2/repository/org/apache/ozone/hdds-container-service/1.4.0-SNAPSHOT/hdds-container-service-1.4.0-SNAPSHOT.jar!/webapps/static,AVAILABLE}
2023-06-02 20:40:29,896 [EndpointStateMachine task thread for /0.0.0.0:15002 - 0 ] INFO  utils.DatanodeStoreCache (DatanodeStoreCache.java:addDB(66)) - Added db /home/runner/work/ozone/ozone/hadoop-ozone/integration-test/target/test-dir/MiniOzoneClusterImpl-5ac0c7d5-b38a-4534-ae70-3109b4fe19c6/datanode-3/data-0/containers/hdds/5ac0c7d5-b38a-4534-ae70-3109b4fe19c6/DS-183d86e9-6bfe-413b-860d-85512047e429/container.db to cache
2023-06-02 20:40:29,896 [EndpointStateMachine task thread for /0.0.0.0:15002 - 0 ] INFO  volume.HddsVolume (HddsVolume.java:createDbStore(350)) - SchemaV3 db is created and loaded at /home/runner/work/ozone/ozone/hadoop-ozone/integration-test/target/test-dir/MiniOzoneClusterImpl-5ac0c7d5-b38a-4534-ae70-3109b4fe19c6/datanode-3/data-0/containers/hdds/5ac0c7d5-b38a-4534-ae70-3109b4fe19c6/DS-183d86e9-6bfe-413b-860d-85512047e429/container.db for volume DS-183d86e9-6bfe-413b-860d-85512047e429
2023-06-02 20:40:29,897 [EndpointStateMachine task thread for /0.0.0.0:15002 - 0 ] INFO  ozoneimpl.OzoneContainer (OzoneContainer.java:start(398)) - Attempting to start container services.
2023-06-02 20:40:29,900 [EndpointStateMachine task thread for /0.0.0.0:15002 - 0 ] INFO  ozoneimpl.OzoneContainer (OzoneContainer.java:startContainerScrub(314)) - Scheduled background container scanners and the on-demand container scanner have been disabled.
2023-06-02 20:40:29,902 [EndpointStateMachine task thread for /0.0.0.0:15002 - 0 ] INFO  replication.ReplicationServer (ReplicationServer.java:start(128)) - ReplicationServer is started using port 15043
2023-06-02 20:40:29,903 [EndpointStateMachine task thread for /0.0.0.0:15002 - 0 ] INFO  ratis.XceiverServerRatis (XceiverServerRatis.java:start(517)) - Starting XceiverServerRatis 4daf1ed2-e43c-4bda-878b-63f1449da6f8
2023-06-02 20:40:29,906 [EndpointStateMachine task thread for /0.0.0.0:15002 - 0 ] INFO  server.RaftServer (RaftServerProxy.java:startImpl(400)) - 4daf1ed2-e43c-4bda-878b-63f1449da6f8: start RPC server
2023-06-02 20:40:29,909 [EndpointStateMachine task thread for /0.0.0.0:15002 - 0 ] INFO  server.GrpcService (GrpcService.java:startImpl(302)) - 4daf1ed2-e43c-4bda-878b-63f1449da6f8: GrpcService started, listening on 15039
2023-06-02 20:40:29,911 [EndpointStateMachine task thread for /0.0.0.0:15002 - 0 ] INFO  server.GrpcService (GrpcService.java:startImpl(302)) - 4daf1ed2-e43c-4bda-878b-63f1449da6f8: GrpcService started, listening on 15041
2023-06-02 20:40:29,917 [EndpointStateMachine task thread for /0.0.0.0:15002 - 0 ] INFO  server.GrpcService (GrpcService.java:startImpl(302)) - 4daf1ed2-e43c-4bda-878b-63f1449da6f8: GrpcService started, listening on 15040
2023-06-02 20:40:29,917 [EndpointStateMachine task thread for /0.0.0.0:15002 - 0 ] INFO  ratis.XceiverServerRatis (XceiverServerRatis.java:getRealPort(543)) - XceiverServerRatis 4daf1ed2-e43c-4bda-878b-63f1449da6f8 is started using port 15039 for RATIS
2023-06-02 20:40:29,918 [EndpointStateMachine task thread for /0.0.0.0:15002 - 0 ] INFO  ratis.XceiverServerRatis (XceiverServerRatis.java:getRealPort(543)) - XceiverServerRatis 4daf1ed2-e43c-4bda-878b-63f1449da6f8 is started using port 15040 for RATIS_ADMIN
2023-06-02 20:40:29,918 [JvmPauseMonitor5] INFO  util.JvmPauseMonitor (JvmPauseMonitor.java:run(103)) - JvmPauseMonitor-4daf1ed2-e43c-4bda-878b-63f1449da6f8: Started
2023-06-02 20:40:29,918 [EndpointStateMachine task thread for /0.0.0.0:15002 - 0 ] INFO  ratis.XceiverServerRatis (XceiverServerRatis.java:getRealPort(543)) - XceiverServerRatis 4daf1ed2-e43c-4bda-878b-63f1449da6f8 is started using port 15041 for RATIS_SERVER
2023-06-02 20:40:29,918 [EndpointStateMachine task thread for /0.0.0.0:15002 - 0 ] INFO  ratis.XceiverServerRatis (XceiverServerRatis.java:getRealPort(543)) - XceiverServerRatis 4daf1ed2-e43c-4bda-878b-63f1449da6f8 is started using port 15042 for RATIS_DATASTREAM
2023-06-02 20:40:29,930 [BlockDeletingService#0] INFO  interfaces.ContainerDeletionChoosingPolicyTemplate (ContainerDeletionChoosingPolicyTemplate.java:chooseContainerForBlockDeletion(83)) - Chosen 0/5000 blocks from 0 candidate containers.
2023-06-02 20:40:30,022 [main] INFO  handler.ContextHandler (ContextHandler.java:doStart(921)) - Started o.e.j.w.WebAppContext@242767e0{hddsDatanode,/,file:///home/runner/work/ozone/ozone/hadoop-ozone/integration-test/target/test-dir/MiniOzoneClusterImpl-5ac0c7d5-b38a-4534-ae70-3109b4fe19c6/datanode-8/meta/webserver/jetty-0_0_0_0-15081-hdds-container-service-1_4_0-SNAPSHOT_jar-_-any-7385214468697404094/webapp/,AVAILABLE}{jar:file:/home/runner/.m2/repository/org/apache/ozone/hdds-container-service/1.4.0-SNAPSHOT/hdds-container-service-1.4.0-SNAPSHOT.jar!/webapps/hddsDatanode}
2023-06-02 20:40:30,024 [main] INFO  server.AbstractConnector (AbstractConnector.java:doStart(333)) - Started ServerConnector@394cb4c{HTTP/1.1, (http/1.1)}{0.0.0.0:15081}
2023-06-02 20:40:30,025 [main] INFO  server.Server (Server.java:doStart(415)) - Started @15216ms
2023-06-02 20:40:30,025 [main] WARN  impl.MetricsSystemImpl (MetricsSystemImpl.java:register(279)) - Sink prometheus already exists!
2023-06-02 20:40:30,026 [main] INFO  http.BaseHttpServer (BaseHttpServer.java:updateConnectorAddress(344)) - HTTP server of hddsDatanode listening at http://0.0.0.0:15081
2023-06-02 20:40:30,026 [main] INFO  ipc.CallQueueManager (CallQueueManager.java:<init>(90)) - Using callQueue: class java.util.concurrent.LinkedBlockingQueue, queueCapacity: 100, scheduler: class org.apache.hadoop.ipc.DefaultRpcScheduler, ipcBackoff: false.
2023-06-02 20:40:30,027 [Socket Reader #1 for port 15082] INFO  ipc.Server (Server.java:run(1319)) - Starting Socket Reader #1 for port 15082
2023-06-02 20:40:30,038 [Listener at 0.0.0.0/15082] INFO  hdds.HddsUtils (HddsUtils.java:preserveThreadName(843)) - Restoring thread name: main
2023-06-02 20:40:30,039 [main] INFO  ozone.HddsDatanodeService (HddsDatanodeService.java:start(331)) - Datanode start with admins: [runner]
2023-06-02 20:40:30,039 [main] INFO  ozone.HddsDatanodeClientProtocolServer (HddsDatanodeClientProtocolServer.java:start(83)) - RPC server for Client /0.0.0.0:15082
2023-06-02 20:40:30,040 [IPC Server Responder] INFO  ipc.Server (Server.java:run(1558)) - IPC Server Responder: starting
2023-06-02 20:40:30,041 [IPC Server listener on 15082] INFO  ipc.Server (Server.java:run(1398)) - IPC Server listener on 15082: starting
2023-06-02 20:40:30,041 [main] WARN  impl.MetricRegistriesImpl (MetricRegistriesImpl.java:addReporterRegistration(111)) - New reporters are added after registries were created. Some metrics will be missing from the reporter. Please add reporter before adding any new registry.
2023-06-02 20:40:30,041 [main] WARN  impl.MetricRegistriesImpl (MetricRegistriesImpl.java:addReporterRegistration(111)) - New reporters are added after registries were created. Some metrics will be missing from the reporter. Please add reporter before adding any new registry.
2023-06-02 20:40:30,041 [main] INFO  impl.MetricsSystemImpl (MetricsSystemImpl.java:init(158)) - HddsDatanode metrics system started (again)
2023-06-02 20:40:30,055 [Datanode State Machine Daemon Thread] INFO  statemachine.DatanodeStateMachine (DatanodeStateMachine.java:lambda$startDaemon$0(523)) - Ozone container server started.
2023-06-02 20:40:30,073 [main] INFO  ozone.HddsDatanodeService (HddsDatanodeService.java:start(261)) - HddsDatanodeService host:fv-az1239-288 ip:10.1.0.31
2023-06-02 20:40:30,075 [Datanode State Machine Task Thread - 0] INFO  datanode.InitDatanodeState (InitDatanodeState.java:persistContainerDatanodeDetails(138)) - DatanodeDetails is persisted to /home/runner/work/ozone/ozone/hadoop-ozone/integration-test/target/test-dir/MiniOzoneClusterImpl-5ac0c7d5-b38a-4534-ae70-3109b4fe19c6/datanode-8/meta/datanode.id
2023-06-02 20:40:30,105 [main] INFO  upgrade.AbstractLayoutVersionManager (AbstractLayoutVersionManager.java:init(83)) - Initializing Layout version manager with metadata layout = HADOOP_PRC_PORTS_IN_DATANODEDETAILS (version = 7), software layout = HADOOP_PRC_PORTS_IN_DATANODEDETAILS (version = 7)
2023-06-02 20:40:30,106 [main] INFO  statemachine.DatanodeStateMachine (DatanodeStateMachine.java:getEndPointTaskThreadPoolSize(271)) - Datanode State Machine Task Thread Pool size 2
2023-06-02 20:40:30,108 [main] INFO  volume.HddsVolume (HddsVolume.java:<init>(130)) - Creating HddsVolume: /home/runner/work/ozone/ozone/hadoop-ozone/integration-test/target/test-dir/MiniOzoneClusterImpl-5ac0c7d5-b38a-4534-ae70-3109b4fe19c6/datanode-9/data-0/containers/hdds of storage type : DISK capacity : 9223372036854775807
2023-06-02 20:40:30,109 [main] INFO  volume.MutableVolumeSet (MutableVolumeSet.java:initializeVolumeSet(175)) - Added Volume : /home/runner/work/ozone/ozone/hadoop-ozone/integration-test/target/test-dir/MiniOzoneClusterImpl-5ac0c7d5-b38a-4534-ae70-3109b4fe19c6/datanode-9/data-0/containers/hdds to VolumeSet
2023-06-02 20:40:30,109 [main] INFO  volume.ThrottledAsyncChecker (ThrottledAsyncChecker.java:schedule(141)) - Scheduling a check for /home/runner/work/ozone/ozone/hadoop-ozone/integration-test/target/test-dir/MiniOzoneClusterImpl-5ac0c7d5-b38a-4534-ae70-3109b4fe19c6/datanode-9/data-0/containers/hdds
2023-06-02 20:40:30,109 [main] INFO  volume.StorageVolumeChecker (StorageVolumeChecker.java:checkAllVolumes(202)) - Scheduled health check for volume /home/runner/work/ozone/ozone/hadoop-ozone/integration-test/target/test-dir/MiniOzoneClusterImpl-5ac0c7d5-b38a-4534-ae70-3109b4fe19c6/datanode-9/data-0/containers/hdds
2023-06-02 20:40:30,122 [main] INFO  volume.MutableVolumeSet (MutableVolumeSet.java:initializeVolumeSet(175)) - Added Volume : /home/runner/work/ozone/ozone/hadoop-ozone/integration-test/target/test-dir/MiniOzoneClusterImpl-5ac0c7d5-b38a-4534-ae70-3109b4fe19c6/datanode-9/data/ratis to VolumeSet
2023-06-02 20:40:30,122 [main] INFO  volume.ThrottledAsyncChecker (ThrottledAsyncChecker.java:schedule(141)) - Scheduling a check for /home/runner/work/ozone/ozone/hadoop-ozone/integration-test/target/test-dir/MiniOzoneClusterImpl-5ac0c7d5-b38a-4534-ae70-3109b4fe19c6/datanode-9/data/ratis
2023-06-02 20:40:30,122 [main] INFO  volume.StorageVolumeChecker (StorageVolumeChecker.java:checkAllVolumes(202)) - Scheduled health check for volume /home/runner/work/ozone/ozone/hadoop-ozone/integration-test/target/test-dir/MiniOzoneClusterImpl-5ac0c7d5-b38a-4534-ae70-3109b4fe19c6/datanode-9/data/ratis
2023-06-02 20:40:30,135 [Thread-315] INFO  ozoneimpl.ContainerReader (ContainerReader.java:readVolume(175)) - Finish verifying containers on volume /home/runner/work/ozone/ozone/hadoop-ozone/integration-test/target/test-dir/MiniOzoneClusterImpl-5ac0c7d5-b38a-4534-ae70-3109b4fe19c6/datanode-9/data-0/containers/hdds
2023-06-02 20:40:30,135 [main] INFO  ozoneimpl.OzoneContainer (OzoneContainer.java:buildContainerSet(303)) - Build ContainerSet costs 0s
2023-06-02 20:40:30,138 [main] INFO  server.RaftServer (ConfUtils.java:logGet(46)) - raft.rpc.type = GRPC (default)
2023-06-02 20:40:30,138 [main] INFO  grpc.GrpcConfigKeys (ConfUtils.java:logFallback(53)) - raft.grpc.admin.host = null (fallback to raft.grpc.server.host)
2023-06-02 20:40:30,138 [main] INFO  grpc.GrpcConfigKeys (ConfUtils.java:logGet(46)) - raft.grpc.admin.port = 15094 (custom)
2023-06-02 20:40:30,138 [main] INFO  grpc.GrpcConfigKeys (ConfUtils.java:logFallback(53)) - raft.grpc.client.host = null (fallback to raft.grpc.server.host)
2023-06-02 20:40:30,138 [main] INFO  grpc.GrpcConfigKeys (ConfUtils.java:logGet(46)) - raft.grpc.client.port = 15093 (custom)
2023-06-02 20:40:30,138 [main] INFO  grpc.GrpcConfigKeys (ConfUtils.java:logGet(46)) - raft.grpc.server.host = null (default)
2023-06-02 20:40:30,139 [main] INFO  grpc.GrpcConfigKeys (ConfUtils.java:logGet(46)) - raft.grpc.server.port = 15095 (custom)
2023-06-02 20:40:30,139 [main] INFO  server.GrpcService (ConfUtils.java:logGet(46)) - raft.grpc.message.size.max = 32MB (=33554432) (custom)
2023-06-02 20:40:30,139 [main] INFO  server.RaftServerConfigKeys (ConfUtils.java:logGet(46)) - raft.server.log.appender.buffer.byte-limit = 33554432 (custom)
2023-06-02 20:40:30,139 [main] INFO  server.GrpcService (ConfUtils.java:logGet(46)) - raft.grpc.flow.control.window = 5MB (=5242880) (custom)
2023-06-02 20:40:30,139 [main] INFO  server.RaftServerConfigKeys (ConfUtils.java:logGet(46)) - raft.server.rpc.request.timeout = 60s (custom)
2023-06-02 20:40:30,139 [main] INFO  grpc.GrpcConfigKeys (ConfUtils.java:logGet(46)) - raft.grpc.server.heartbeat.channel = true (default)
2023-06-02 20:40:30,139 [main] INFO  grpc.GrpcConfigKeys (ConfUtils.java:logGet(46)) - raft.grpc.server.async.request.thread.pool.cached = true (default)
2023-06-02 20:40:30,140 [main] INFO  grpc.GrpcConfigKeys (ConfUtils.java:logGet(46)) - raft.grpc.server.async.request.thread.pool.size = 32 (default)
2023-06-02 20:40:30,142 [main] INFO  impl.DataStreamServerImpl (ConfUtils.java:logGet(46)) - raft.datastream.type = NETTY (custom)
2023-06-02 20:40:30,143 [main] INFO  server.RaftServerConfigKeys (ConfUtils.java:logGet(46)) - raft.server.data-stream.async.request.thread.pool.cached = false (default)
2023-06-02 20:40:30,143 [main] INFO  server.RaftServerConfigKeys (ConfUtils.java:logGet(46)) - raft.server.data-stream.async.request.thread.pool.size = 20 (custom)
2023-06-02 20:40:30,143 [main] INFO  server.RaftServerConfigKeys (ConfUtils.java:logGet(46)) - raft.server.data-stream.async.write.thread.pool.size = 16 (default)
2023-06-02 20:40:30,143 [main] INFO  server.RaftServerConfigKeys (ConfUtils.java:logGet(46)) - raft.server.data-stream.client.pool.size = 10 (default)
2023-06-02 20:40:30,143 [main] INFO  netty.NettyConfigKeys$DataStream (ConfUtils.java:logGet(46)) - raft.netty.dataStream.server.use-epoll = false (default)
2023-06-02 20:40:30,143 [main] INFO  netty.NettyConfigKeys$DataStream (ConfUtils.java:logGet(46)) - raft.netty.dataStream.server.boss-group.size = 0 (default)
2023-06-02 20:40:30,144 [main] INFO  netty.NettyConfigKeys$DataStream (ConfUtils.java:logGet(46)) - raft.netty.dataStream.server.worker-group.size = 0 (default)
2023-06-02 20:40:30,159 [main] INFO  netty.NettyConfigKeys$DataStream (ConfUtils.java:logGet(46)) - raft.netty.dataStream.server.tls.conf = null (default)
2023-06-02 20:40:30,159 [main] INFO  netty.NettyConfigKeys$DataStream (ConfUtils.java:logGet(46)) - raft.netty.dataStream.host = null (default)
2023-06-02 20:40:30,159 [main] INFO  netty.NettyConfigKeys$DataStream (ConfUtils.java:logGet(46)) - raft.netty.dataStream.port = 15096 (custom)
2023-06-02 20:40:30,160 [main] INFO  server.RaftServerConfigKeys (ConfUtils.java:logGet(46)) - raft.server.threadpool.proxy.cached = true (default)
2023-06-02 20:40:30,161 [main] INFO  server.RaftServerConfigKeys (ConfUtils.java:logGet(46)) - raft.server.threadpool.proxy.size = 0 (default)
2023-06-02 20:40:30,162 [c911a996-2ad9-4932-9a2b-dd3b110c7bbf-NettyServerStreamRpc-bossGroup--thread1] INFO  logging.LoggingHandler (AbstractInternalLogger.java:log(148)) - [id: 0x2ed4bb1a] REGISTERED
2023-06-02 20:40:30,163 [main] INFO  server.RaftServerConfigKeys (ConfUtils.java:logGet(46)) - raft.server.rpc.slowness.timeout = 300s (custom)
2023-06-02 20:40:30,163 [main] INFO  server.RaftServerConfigKeys (ConfUtils.java:logGet(46)) - raft.server.leaderelection.leader.step-down.wait-time = 10s (default)
2023-06-02 20:40:30,163 [main] INFO  server.RaftServerConfigKeys (ConfUtils.java:logGet(46)) - raft.server.storage.dir = [/home/runner/work/ozone/ozone/hadoop-ozone/integration-test/target/test-dir/MiniOzoneClusterImpl-5ac0c7d5-b38a-4534-ae70-3109b4fe19c6/datanode-9/data/ratis] (custom)
2023-06-02 20:40:30,164 [c911a996-2ad9-4932-9a2b-dd3b110c7bbf-NettyServerStreamRpc-bossGroup--thread1] INFO  logging.LoggingHandler (AbstractInternalLogger.java:log(148)) - [id: 0x2ed4bb1a] BIND: 0.0.0.0/0.0.0.0:15096
2023-06-02 20:40:30,164 [c911a996-2ad9-4932-9a2b-dd3b110c7bbf-NettyServerStreamRpc-bossGroup--thread1] INFO  logging.LoggingHandler (AbstractInternalLogger.java:log(148)) - [id: 0x2ed4bb1a, L:/0:0:0:0:0:0:0:0:15096] ACTIVE
2023-06-02 20:40:30,167 [main] INFO  server.XceiverServerGrpc (XceiverServerGrpc.java:<init>(132)) - GrpcServer channel type EpollServerSocketChannel
2023-06-02 20:40:30,169 [main] INFO  replication.ReplicationSupervisor (ReplicationSupervisor.java:nodeStateUpdated(305)) - Node state updated to IN_SERVICE, scaling executor pool size to 10
2023-06-02 20:40:30,170 [main] INFO  token.OzoneBlockTokenSecretManager (OzoneSecretManager.java:updateCurrentKey(175)) - Updating current master key for generating tokens. Cert id 3603736608543
2023-06-02 20:40:30,172 [main] INFO  http.BaseHttpServer (BaseHttpServer.java:newHttpServer2BuilderForOzone(224)) - Starting Web-server for hddsDatanode at: http://0.0.0.0:15090
2023-06-02 20:40:30,172 [main] INFO  http.BaseHttpServer (BaseHttpServer.java:<init>(111)) - Hadoop Security Enabled: false Ozone Security Enabled: false Ozone HTTP Security Enabled: false 
2023-06-02 20:40:30,174 [main] WARN  server.AuthenticationFilter (AuthenticationFilter.java:constructSecretProvider(240)) - Unable to initialize FileSignerSecretProvider, falling back to use random secrets. Reason: Could not read signature secret file: /home/runner/hadoop-http-auth-signature-secret
2023-06-02 20:40:30,174 [main] INFO  http.HttpRequestLog (HttpRequestLog.java:getRequestLog(86)) - Http request log for http.requests.hddsDatanode is not defined
2023-06-02 20:40:30,177 [main] INFO  http.HttpServer2 (HttpServer2.java:addGlobalFilter(1031)) - Added global filter 'safety' (class=org.apache.hadoop.hdds.server.http.HttpServer2$QuotingInputFilter)
2023-06-02 20:40:30,178 [main] INFO  http.HttpServer2 (HttpServer2.java:addFilter(1007)) - Added filter static_user_filter (class=org.apache.hadoop.http.lib.StaticUserWebFilter$StaticUserFilter) to context hddsDatanode
2023-06-02 20:40:30,178 [main] INFO  http.HttpServer2 (HttpServer2.java:addFilter(1015)) - Added filter static_user_filter (class=org.apache.hadoop.http.lib.StaticUserWebFilter$StaticUserFilter) to context logs
2023-06-02 20:40:30,179 [main] INFO  http.HttpServer2 (HttpServer2.java:addFilter(1015)) - Added filter static_user_filter (class=org.apache.hadoop.http.lib.StaticUserWebFilter$StaticUserFilter) to context static
2023-06-02 20:40:30,179 [main] INFO  http.BaseHttpServer (BaseHttpServer.java:<init>(190)) - HTTP server of hddsDatanode uses base directory /home/runner/work/ozone/ozone/hadoop-ozone/integration-test/target/test-dir/MiniOzoneClusterImpl-5ac0c7d5-b38a-4534-ae70-3109b4fe19c6/datanode-9/meta/webserver
2023-06-02 20:40:30,179 [main] INFO  http.HttpServer2 (HttpServer2.java:bindListener(1250)) - Jetty bound to port 15090
2023-06-02 20:40:30,180 [main] INFO  server.Server (Server.java:doStart(375)) - jetty-9.4.51.v20230217; built: 2023-02-17T08:19:37.309Z; git: b45c405e4544384de066f814ed42ae3dceacdd49; jvm 1.8.0_372-b07
2023-06-02 20:40:30,181 [main] INFO  server.session (DefaultSessionIdManager.java:doStart(334)) - DefaultSessionIdManager workerName=node0
2023-06-02 20:40:30,182 [main] INFO  server.session (DefaultSessionIdManager.java:doStart(339)) - No SessionScavenger set, using defaults
2023-06-02 20:40:30,182 [main] INFO  server.session (HouseKeeper.java:startScavenging(132)) - node0 Scavenging every 660000ms
2023-06-02 20:40:30,183 [main] INFO  handler.ContextHandler (ContextHandler.java:doStart(921)) - Started o.e.j.s.ServletContextHandler@468347e3{logs,/logs,file:///home/runner/work/ozone/ozone/hadoop-ozone/integration-test/target/log,AVAILABLE}
2023-06-02 20:40:30,184 [main] INFO  handler.ContextHandler (ContextHandler.java:doStart(921)) - Started o.e.j.s.ServletContextHandler@756b424a{static,/static,jar:file:/home/runner/.m2/repository/org/apache/ozone/hdds-container-service/1.4.0-SNAPSHOT/hdds-container-service-1.4.0-SNAPSHOT.jar!/webapps/static,AVAILABLE}
2023-06-02 20:40:30,289 [EndpointStateMachine task thread for /0.0.0.0:15002 - 0 ] INFO  utils.DatanodeStoreCache (DatanodeStoreCache.java:addDB(66)) - Added db /home/runner/work/ozone/ozone/hadoop-ozone/integration-test/target/test-dir/MiniOzoneClusterImpl-5ac0c7d5-b38a-4534-ae70-3109b4fe19c6/datanode-4/data-0/containers/hdds/5ac0c7d5-b38a-4534-ae70-3109b4fe19c6/DS-ce62d2f6-02c8-4696-89e0-814d78655054/container.db to cache
2023-06-02 20:40:30,289 [EndpointStateMachine task thread for /0.0.0.0:15002 - 0 ] INFO  volume.HddsVolume (HddsVolume.java:createDbStore(350)) - SchemaV3 db is created and loaded at /home/runner/work/ozone/ozone/hadoop-ozone/integration-test/target/test-dir/MiniOzoneClusterImpl-5ac0c7d5-b38a-4534-ae70-3109b4fe19c6/datanode-4/data-0/containers/hdds/5ac0c7d5-b38a-4534-ae70-3109b4fe19c6/DS-ce62d2f6-02c8-4696-89e0-814d78655054/container.db for volume DS-ce62d2f6-02c8-4696-89e0-814d78655054
2023-06-02 20:40:30,290 [EndpointStateMachine task thread for /0.0.0.0:15002 - 0 ] INFO  ozoneimpl.OzoneContainer (OzoneContainer.java:start(398)) - Attempting to start container services.
2023-06-02 20:40:30,290 [EndpointStateMachine task thread for /0.0.0.0:15002 - 0 ] INFO  ozoneimpl.OzoneContainer (OzoneContainer.java:startContainerScrub(314)) - Scheduled background container scanners and the on-demand container scanner have been disabled.
2023-06-02 20:40:30,292 [EndpointStateMachine task thread for /0.0.0.0:15002 - 0 ] INFO  replication.ReplicationServer (ReplicationServer.java:start(128)) - ReplicationServer is started using port 15052
2023-06-02 20:40:30,292 [EndpointStateMachine task thread for /0.0.0.0:15002 - 0 ] INFO  ratis.XceiverServerRatis (XceiverServerRatis.java:start(517)) - Starting XceiverServerRatis 0ec547f6-a501-4372-afcf-7dbe5c08d569
2023-06-02 20:40:30,295 [EndpointStateMachine task thread for /0.0.0.0:15002 - 0 ] INFO  server.RaftServer (RaftServerProxy.java:startImpl(400)) - 0ec547f6-a501-4372-afcf-7dbe5c08d569: start RPC server
2023-06-02 20:40:30,310 [EndpointStateMachine task thread for /0.0.0.0:15002 - 0 ] INFO  server.GrpcService (GrpcService.java:startImpl(302)) - 0ec547f6-a501-4372-afcf-7dbe5c08d569: GrpcService started, listening on 15048
2023-06-02 20:40:30,311 [EndpointStateMachine task thread for /0.0.0.0:15002 - 0 ] INFO  server.GrpcService (GrpcService.java:startImpl(302)) - 0ec547f6-a501-4372-afcf-7dbe5c08d569: GrpcService started, listening on 15050
2023-06-02 20:40:30,313 [EndpointStateMachine task thread for /0.0.0.0:15002 - 0 ] INFO  server.GrpcService (GrpcService.java:startImpl(302)) - 0ec547f6-a501-4372-afcf-7dbe5c08d569: GrpcService started, listening on 15049
2023-06-02 20:40:30,313 [EndpointStateMachine task thread for /0.0.0.0:15002 - 0 ] INFO  ratis.XceiverServerRatis (XceiverServerRatis.java:getRealPort(543)) - XceiverServerRatis 0ec547f6-a501-4372-afcf-7dbe5c08d569 is started using port 15048 for RATIS
2023-06-02 20:40:30,313 [EndpointStateMachine task thread for /0.0.0.0:15002 - 0 ] INFO  ratis.XceiverServerRatis (XceiverServerRatis.java:getRealPort(543)) - XceiverServerRatis 0ec547f6-a501-4372-afcf-7dbe5c08d569 is started using port 15049 for RATIS_ADMIN
2023-06-02 20:40:30,313 [EndpointStateMachine task thread for /0.0.0.0:15002 - 0 ] INFO  ratis.XceiverServerRatis (XceiverServerRatis.java:getRealPort(543)) - XceiverServerRatis 0ec547f6-a501-4372-afcf-7dbe5c08d569 is started using port 15050 for RATIS_SERVER
2023-06-02 20:40:30,313 [EndpointStateMachine task thread for /0.0.0.0:15002 - 0 ] INFO  ratis.XceiverServerRatis (XceiverServerRatis.java:getRealPort(543)) - XceiverServerRatis 0ec547f6-a501-4372-afcf-7dbe5c08d569 is started using port 15051 for RATIS_DATASTREAM
2023-06-02 20:40:30,314 [JvmPauseMonitor6] INFO  util.JvmPauseMonitor (JvmPauseMonitor.java:run(103)) - JvmPauseMonitor-0ec547f6-a501-4372-afcf-7dbe5c08d569: Started
2023-06-02 20:40:30,331 [BlockDeletingService#0] INFO  interfaces.ContainerDeletionChoosingPolicyTemplate (ContainerDeletionChoosingPolicyTemplate.java:chooseContainerForBlockDeletion(83)) - Chosen 0/5000 blocks from 0 candidate containers.
2023-06-02 20:40:30,377 [IPC Server handler 8 on default port 15002] INFO  net.NetworkTopologyImpl (NetworkTopologyImpl.java:add(112)) - Added a new node: /default-rack/559beb36-7c11-4841-9a8b-e14375a607db
2023-06-02 20:40:30,382 [IPC Server handler 8 on default port 15002] INFO  node.SCMNodeManager (SCMNodeManager.java:register(407)) - Registered Data node : 559beb36-7c11-4841-9a8b-e14375a607db{ip: 10.1.0.31, host: fv-az1239-288, ports: [HTTP=15009, CLIENT_RPC=15010, REPLICATION=15016, RATIS=15012, RATIS_ADMIN=15013, RATIS_SERVER=15014, RATIS_DATASTREAM=15015, STANDALONE=15011], networkLocation: /default-rack, certSerialId: null, persistedOpState: null, persistedOpStateExpiryEpochSec: 0}
2023-06-02 20:40:30,391 [EventQueue-NodeRegistrationContainerReportForDataNodeSafeModeRule] INFO  safemode.SCMSafeModeManager (DataNodeSafeModeRule.java:process(71)) - SCM in safe mode. 1 DataNodes registered, 3 required.
2023-06-02 20:40:30,391 [EventQueue-NodeRegistrationContainerReportForContainerSafeModeRule] INFO  safemode.SCMSafeModeManager (SCMSafeModeManager.java:validateSafeModeExitRules(200)) - ContainerSafeModeRule rule is successfully validated
2023-06-02 20:40:30,396 [EventQueue-PipelineReportForOneReplicaPipelineSafeModeRule] INFO  safemode.SCMSafeModeManager (SCMSafeModeManager.java:validateSafeModeExitRules(200)) - AtleastOneDatanodeReportedRule rule is successfully validated
2023-06-02 20:40:30,397 [EventQueue-NewNodeForNewNodeHandler] INFO  pipeline.BackgroundPipelineCreator (BackgroundPipelineCreator.java:notifyEventTriggered(276)) - trigger a one-shot run on RatisPipelineUtilsThread.
2023-06-02 20:40:30,413 [RatisPipelineUtilsThread - 0] INFO  pipeline.RatisPipelineProvider (RatisPipelineProvider.java:lambda$create$0(206)) - Sending CreatePipelineCommand for pipeline:PipelineID=ecd7568a-3888-411c-bb65-cf3d7b79287f to datanode:559beb36-7c11-4841-9a8b-e14375a607db
2023-06-02 20:40:30,439 [RatisPipelineUtilsThread - 0] INFO  pipeline.PipelineStateManagerImpl (PipelineStateManagerImpl.java:addPipeline(103)) - Created pipeline Pipeline[ Id: ecd7568a-3888-411c-bb65-cf3d7b79287f, Nodes: 559beb36-7c11-4841-9a8b-e14375a607db(fv-az1239-288/10.1.0.31), ReplicationConfig: RATIS/ONE, State:ALLOCATED, leaderId:, CreationTimestamp2023-06-02T20:40:30.412Z[Etc/UTC]].
2023-06-02 20:40:30,494 [main] INFO  handler.ContextHandler (ContextHandler.java:doStart(921)) - Started o.e.j.w.WebAppContext@c32d8f1{hddsDatanode,/,file:///home/runner/work/ozone/ozone/hadoop-ozone/integration-test/target/test-dir/MiniOzoneClusterImpl-5ac0c7d5-b38a-4534-ae70-3109b4fe19c6/datanode-9/meta/webserver/jetty-0_0_0_0-15090-hdds-container-service-1_4_0-SNAPSHOT_jar-_-any-2131005674625816912/webapp/,AVAILABLE}{jar:file:/home/runner/.m2/repository/org/apache/ozone/hdds-container-service/1.4.0-SNAPSHOT/hdds-container-service-1.4.0-SNAPSHOT.jar!/webapps/hddsDatanode}
2023-06-02 20:40:30,496 [main] INFO  server.AbstractConnector (AbstractConnector.java:doStart(333)) - Started ServerConnector@2119e4d2{HTTP/1.1, (http/1.1)}{0.0.0.0:15090}
2023-06-02 20:40:30,496 [main] INFO  server.Server (Server.java:doStart(415)) - Started @15687ms
2023-06-02 20:40:30,498 [main] WARN  impl.MetricsSystemImpl (MetricsSystemImpl.java:register(279)) - Sink prometheus already exists!
2023-06-02 20:40:30,499 [main] INFO  http.BaseHttpServer (BaseHttpServer.java:updateConnectorAddress(344)) - HTTP server of hddsDatanode listening at http://0.0.0.0:15090
2023-06-02 20:40:30,499 [main] INFO  ipc.CallQueueManager (CallQueueManager.java:<init>(90)) - Using callQueue: class java.util.concurrent.LinkedBlockingQueue, queueCapacity: 100, scheduler: class org.apache.hadoop.ipc.DefaultRpcScheduler, ipcBackoff: false.
2023-06-02 20:40:30,501 [Socket Reader #1 for port 15091] INFO  ipc.Server (Server.java:run(1319)) - Starting Socket Reader #1 for port 15091
2023-06-02 20:40:30,503 [Listener at 0.0.0.0/15091] INFO  hdds.HddsUtils (HddsUtils.java:preserveThreadName(843)) - Restoring thread name: main
2023-06-02 20:40:30,507 [main] INFO  ozone.HddsDatanodeService (HddsDatanodeService.java:start(331)) - Datanode start with admins: [runner]
2023-06-02 20:40:30,507 [main] INFO  ozone.HddsDatanodeClientProtocolServer (HddsDatanodeClientProtocolServer.java:start(83)) - RPC server for Client /0.0.0.0:15091
2023-06-02 20:40:30,507 [IPC Server Responder] INFO  ipc.Server (Server.java:run(1558)) - IPC Server Responder: starting
2023-06-02 20:40:30,508 [IPC Server listener on 15091] INFO  ipc.Server (Server.java:run(1398)) - IPC Server listener on 15091: starting
2023-06-02 20:40:30,509 [main] WARN  impl.MetricRegistriesImpl (MetricRegistriesImpl.java:addReporterRegistration(111)) - New reporters are added after registries were created. Some metrics will be missing from the reporter. Please add reporter before adding any new registry.
2023-06-02 20:40:30,509 [main] WARN  impl.MetricRegistriesImpl (MetricRegistriesImpl.java:addReporterRegistration(111)) - New reporters are added after registries were created. Some metrics will be missing from the reporter. Please add reporter before adding any new registry.
2023-06-02 20:40:30,509 [main] INFO  impl.MetricsSystemImpl (MetricsSystemImpl.java:init(158)) - HddsDatanode metrics system started (again)
2023-06-02 20:40:30,519 [Datanode State Machine Daemon Thread] INFO  statemachine.DatanodeStateMachine (DatanodeStateMachine.java:lambda$startDaemon$0(523)) - Ozone container server started.
2023-06-02 20:40:30,527 [Datanode State Machine Task Thread - 0] INFO  datanode.InitDatanodeState (InitDatanodeState.java:persistContainerDatanodeDetails(138)) - DatanodeDetails is persisted to /home/runner/work/ozone/ozone/hadoop-ozone/integration-test/target/test-dir/MiniOzoneClusterImpl-5ac0c7d5-b38a-4534-ae70-3109b4fe19c6/datanode-9/meta/datanode.id
2023-06-02 20:40:30,533 [main] INFO  ozone.HddsDatanodeService (HddsDatanodeService.java:start(261)) - HddsDatanodeService host:fv-az1239-288 ip:10.1.0.31
2023-06-02 20:40:30,558 [main] INFO  upgrade.AbstractLayoutVersionManager (AbstractLayoutVersionManager.java:init(83)) - Initializing Layout version manager with metadata layout = HADOOP_PRC_PORTS_IN_DATANODEDETAILS (version = 7), software layout = HADOOP_PRC_PORTS_IN_DATANODEDETAILS (version = 7)
2023-06-02 20:40:30,559 [main] INFO  statemachine.DatanodeStateMachine (DatanodeStateMachine.java:getEndPointTaskThreadPoolSize(271)) - Datanode State Machine Task Thread Pool size 2
2023-06-02 20:40:30,561 [main] INFO  volume.HddsVolume (HddsVolume.java:<init>(130)) - Creating HddsVolume: /home/runner/work/ozone/ozone/hadoop-ozone/integration-test/target/test-dir/MiniOzoneClusterImpl-5ac0c7d5-b38a-4534-ae70-3109b4fe19c6/datanode-10/data-0/containers/hdds of storage type : DISK capacity : 9223372036854775807
2023-06-02 20:40:30,561 [main] INFO  volume.MutableVolumeSet (MutableVolumeSet.java:initializeVolumeSet(175)) - Added Volume : /home/runner/work/ozone/ozone/hadoop-ozone/integration-test/target/test-dir/MiniOzoneClusterImpl-5ac0c7d5-b38a-4534-ae70-3109b4fe19c6/datanode-10/data-0/containers/hdds to VolumeSet
2023-06-02 20:40:30,561 [main] INFO  volume.ThrottledAsyncChecker (ThrottledAsyncChecker.java:schedule(141)) - Scheduling a check for /home/runner/work/ozone/ozone/hadoop-ozone/integration-test/target/test-dir/MiniOzoneClusterImpl-5ac0c7d5-b38a-4534-ae70-3109b4fe19c6/datanode-10/data-0/containers/hdds
2023-06-02 20:40:30,567 [main] INFO  volume.StorageVolumeChecker (StorageVolumeChecker.java:checkAllVolumes(202)) - Scheduled health check for volume /home/runner/work/ozone/ozone/hadoop-ozone/integration-test/target/test-dir/MiniOzoneClusterImpl-5ac0c7d5-b38a-4534-ae70-3109b4fe19c6/datanode-10/data-0/containers/hdds
2023-06-02 20:40:30,581 [main] INFO  volume.MutableVolumeSet (MutableVolumeSet.java:initializeVolumeSet(175)) - Added Volume : /home/runner/work/ozone/ozone/hadoop-ozone/integration-test/target/test-dir/MiniOzoneClusterImpl-5ac0c7d5-b38a-4534-ae70-3109b4fe19c6/datanode-10/data/ratis to VolumeSet
2023-06-02 20:40:30,582 [main] INFO  volume.ThrottledAsyncChecker (ThrottledAsyncChecker.java:schedule(141)) - Scheduling a check for /home/runner/work/ozone/ozone/hadoop-ozone/integration-test/target/test-dir/MiniOzoneClusterImpl-5ac0c7d5-b38a-4534-ae70-3109b4fe19c6/datanode-10/data/ratis
2023-06-02 20:40:30,582 [main] INFO  volume.StorageVolumeChecker (StorageVolumeChecker.java:checkAllVolumes(202)) - Scheduled health check for volume /home/runner/work/ozone/ozone/hadoop-ozone/integration-test/target/test-dir/MiniOzoneClusterImpl-5ac0c7d5-b38a-4534-ae70-3109b4fe19c6/datanode-10/data/ratis
2023-06-02 20:40:30,596 [Thread-343] INFO  ozoneimpl.ContainerReader (ContainerReader.java:readVolume(175)) - Finish verifying containers on volume /home/runner/work/ozone/ozone/hadoop-ozone/integration-test/target/test-dir/MiniOzoneClusterImpl-5ac0c7d5-b38a-4534-ae70-3109b4fe19c6/datanode-10/data-0/containers/hdds
2023-06-02 20:40:30,596 [main] INFO  ozoneimpl.OzoneContainer (OzoneContainer.java:buildContainerSet(303)) - Build ContainerSet costs 0s
2023-06-02 20:40:30,599 [main] INFO  server.RaftServer (ConfUtils.java:logGet(46)) - raft.rpc.type = GRPC (default)
2023-06-02 20:40:30,599 [main] INFO  grpc.GrpcConfigKeys (ConfUtils.java:logFallback(53)) - raft.grpc.admin.host = null (fallback to raft.grpc.server.host)
2023-06-02 20:40:30,600 [main] INFO  grpc.GrpcConfigKeys (ConfUtils.java:logGet(46)) - raft.grpc.admin.port = 15103 (custom)
2023-06-02 20:40:30,600 [main] INFO  grpc.GrpcConfigKeys (ConfUtils.java:logFallback(53)) - raft.grpc.client.host = null (fallback to raft.grpc.server.host)
2023-06-02 20:40:30,600 [main] INFO  grpc.GrpcConfigKeys (ConfUtils.java:logGet(46)) - raft.grpc.client.port = 15102 (custom)
2023-06-02 20:40:30,600 [main] INFO  grpc.GrpcConfigKeys (ConfUtils.java:logGet(46)) - raft.grpc.server.host = null (default)
2023-06-02 20:40:30,600 [main] INFO  grpc.GrpcConfigKeys (ConfUtils.java:logGet(46)) - raft.grpc.server.port = 15104 (custom)
2023-06-02 20:40:30,600 [main] INFO  server.GrpcService (ConfUtils.java:logGet(46)) - raft.grpc.message.size.max = 32MB (=33554432) (custom)
2023-06-02 20:40:30,600 [main] INFO  server.RaftServerConfigKeys (ConfUtils.java:logGet(46)) - raft.server.log.appender.buffer.byte-limit = 33554432 (custom)
2023-06-02 20:40:30,601 [main] INFO  server.GrpcService (ConfUtils.java:logGet(46)) - raft.grpc.flow.control.window = 5MB (=5242880) (custom)
2023-06-02 20:40:30,601 [main] INFO  server.RaftServerConfigKeys (ConfUtils.java:logGet(46)) - raft.server.rpc.request.timeout = 60s (custom)
2023-06-02 20:40:30,601 [main] INFO  grpc.GrpcConfigKeys (ConfUtils.java:logGet(46)) - raft.grpc.server.heartbeat.channel = true (default)
2023-06-02 20:40:30,601 [main] INFO  grpc.GrpcConfigKeys (ConfUtils.java:logGet(46)) - raft.grpc.server.async.request.thread.pool.cached = true (default)
2023-06-02 20:40:30,601 [main] INFO  grpc.GrpcConfigKeys (ConfUtils.java:logGet(46)) - raft.grpc.server.async.request.thread.pool.size = 32 (default)
2023-06-02 20:40:30,604 [main] INFO  impl.DataStreamServerImpl (ConfUtils.java:logGet(46)) - raft.datastream.type = NETTY (custom)
2023-06-02 20:40:30,605 [main] INFO  server.RaftServerConfigKeys (ConfUtils.java:logGet(46)) - raft.server.data-stream.async.request.thread.pool.cached = false (default)
2023-06-02 20:40:30,605 [main] INFO  server.RaftServerConfigKeys (ConfUtils.java:logGet(46)) - raft.server.data-stream.async.request.thread.pool.size = 20 (custom)
2023-06-02 20:40:30,605 [main] INFO  server.RaftServerConfigKeys (ConfUtils.java:logGet(46)) - raft.server.data-stream.async.write.thread.pool.size = 16 (default)
2023-06-02 20:40:30,605 [main] INFO  server.RaftServerConfigKeys (ConfUtils.java:logGet(46)) - raft.server.data-stream.client.pool.size = 10 (default)
2023-06-02 20:40:30,605 [main] INFO  netty.NettyConfigKeys$DataStream (ConfUtils.java:logGet(46)) - raft.netty.dataStream.server.use-epoll = false (default)
2023-06-02 20:40:30,605 [main] INFO  netty.NettyConfigKeys$DataStream (ConfUtils.java:logGet(46)) - raft.netty.dataStream.server.boss-group.size = 0 (default)
2023-06-02 20:40:30,606 [main] INFO  netty.NettyConfigKeys$DataStream (ConfUtils.java:logGet(46)) - raft.netty.dataStream.server.worker-group.size = 0 (default)
2023-06-02 20:40:30,606 [main] INFO  netty.NettyConfigKeys$DataStream (ConfUtils.java:logGet(46)) - raft.netty.dataStream.server.tls.conf = null (default)
2023-06-02 20:40:30,607 [main] INFO  netty.NettyConfigKeys$DataStream (ConfUtils.java:logGet(46)) - raft.netty.dataStream.host = null (default)
2023-06-02 20:40:30,607 [main] INFO  netty.NettyConfigKeys$DataStream (ConfUtils.java:logGet(46)) - raft.netty.dataStream.port = 15105 (custom)
2023-06-02 20:40:30,607 [main] INFO  server.RaftServerConfigKeys (ConfUtils.java:logGet(46)) - raft.server.threadpool.proxy.cached = true (default)
2023-06-02 20:40:30,608 [main] INFO  server.RaftServerConfigKeys (ConfUtils.java:logGet(46)) - raft.server.threadpool.proxy.size = 0 (default)
2023-06-02 20:40:30,608 [main] INFO  server.RaftServerConfigKeys (ConfUtils.java:logGet(46)) - raft.server.rpc.slowness.timeout = 300s (custom)
2023-06-02 20:40:30,608 [main] INFO  server.RaftServerConfigKeys (ConfUtils.java:logGet(46)) - raft.server.leaderelection.leader.step-down.wait-time = 10s (default)
2023-06-02 20:40:30,608 [main] INFO  server.RaftServerConfigKeys (ConfUtils.java:logGet(46)) - raft.server.storage.dir = [/home/runner/work/ozone/ozone/hadoop-ozone/integration-test/target/test-dir/MiniOzoneClusterImpl-5ac0c7d5-b38a-4534-ae70-3109b4fe19c6/datanode-10/data/ratis] (custom)
2023-06-02 20:40:30,613 [c0b96ab7-4e07-4f66-b608-d68f56bbc6df-NettyServerStreamRpc-bossGroup--thread1] INFO  logging.LoggingHandler (AbstractInternalLogger.java:log(148)) - [id: 0x68f6d38e] REGISTERED
2023-06-02 20:40:30,613 [c0b96ab7-4e07-4f66-b608-d68f56bbc6df-NettyServerStreamRpc-bossGroup--thread1] INFO  logging.LoggingHandler (AbstractInternalLogger.java:log(148)) - [id: 0x68f6d38e] BIND: 0.0.0.0/0.0.0.0:15105
2023-06-02 20:40:30,613 [c0b96ab7-4e07-4f66-b608-d68f56bbc6df-NettyServerStreamRpc-bossGroup--thread1] INFO  logging.LoggingHandler (AbstractInternalLogger.java:log(148)) - [id: 0x68f6d38e, L:/0:0:0:0:0:0:0:0:15105] ACTIVE
2023-06-02 20:40:30,615 [main] INFO  server.XceiverServerGrpc (XceiverServerGrpc.java:<init>(132)) - GrpcServer channel type EpollServerSocketChannel
2023-06-02 20:40:30,618 [main] INFO  replication.ReplicationSupervisor (ReplicationSupervisor.java:nodeStateUpdated(305)) - Node state updated to IN_SERVICE, scaling executor pool size to 10
2023-06-02 20:40:30,618 [main] INFO  token.OzoneBlockTokenSecretManager (OzoneSecretManager.java:updateCurrentKey(175)) - Updating current master key for generating tokens. Cert id 3603736608543
2023-06-02 20:40:30,620 [main] INFO  http.BaseHttpServer (BaseHttpServer.java:newHttpServer2BuilderForOzone(224)) - Starting Web-server for hddsDatanode at: http://0.0.0.0:15099
2023-06-02 20:40:30,620 [main] INFO  http.BaseHttpServer (BaseHttpServer.java:<init>(111)) - Hadoop Security Enabled: false Ozone Security Enabled: false Ozone HTTP Security Enabled: false 
2023-06-02 20:40:30,621 [main] WARN  server.AuthenticationFilter (AuthenticationFilter.java:constructSecretProvider(240)) - Unable to initialize FileSignerSecretProvider, falling back to use random secrets. Reason: Could not read signature secret file: /home/runner/hadoop-http-auth-signature-secret
2023-06-02 20:40:30,622 [main] INFO  http.HttpRequestLog (HttpRequestLog.java:getRequestLog(86)) - Http request log for http.requests.hddsDatanode is not defined
2023-06-02 20:40:30,624 [main] INFO  http.HttpServer2 (HttpServer2.java:addGlobalFilter(1031)) - Added global filter 'safety' (class=org.apache.hadoop.hdds.server.http.HttpServer2$QuotingInputFilter)
2023-06-02 20:40:30,625 [main] INFO  http.HttpServer2 (HttpServer2.java:addFilter(1007)) - Added filter static_user_filter (class=org.apache.hadoop.http.lib.StaticUserWebFilter$StaticUserFilter) to context hddsDatanode
2023-06-02 20:40:30,625 [main] INFO  http.HttpServer2 (HttpServer2.java:addFilter(1015)) - Added filter static_user_filter (class=org.apache.hadoop.http.lib.StaticUserWebFilter$StaticUserFilter) to context logs
2023-06-02 20:40:30,625 [main] INFO  http.HttpServer2 (HttpServer2.java:addFilter(1015)) - Added filter static_user_filter (class=org.apache.hadoop.http.lib.StaticUserWebFilter$StaticUserFilter) to context static
2023-06-02 20:40:30,625 [main] INFO  http.BaseHttpServer (BaseHttpServer.java:<init>(190)) - HTTP server of hddsDatanode uses base directory /home/runner/work/ozone/ozone/hadoop-ozone/integration-test/target/test-dir/MiniOzoneClusterImpl-5ac0c7d5-b38a-4534-ae70-3109b4fe19c6/datanode-10/meta/webserver
2023-06-02 20:40:30,626 [main] INFO  http.HttpServer2 (HttpServer2.java:bindListener(1250)) - Jetty bound to port 15099
2023-06-02 20:40:30,626 [main] INFO  server.Server (Server.java:doStart(375)) - jetty-9.4.51.v20230217; built: 2023-02-17T08:19:37.309Z; git: b45c405e4544384de066f814ed42ae3dceacdd49; jvm 1.8.0_372-b07
2023-06-02 20:40:30,629 [main] INFO  server.session (DefaultSessionIdManager.java:doStart(334)) - DefaultSessionIdManager workerName=node0
2023-06-02 20:40:30,629 [main] INFO  server.session (DefaultSessionIdManager.java:doStart(339)) - No SessionScavenger set, using defaults
2023-06-02 20:40:30,629 [main] INFO  server.session (HouseKeeper.java:startScavenging(132)) - node0 Scavenging every 600000ms
2023-06-02 20:40:30,630 [main] INFO  handler.ContextHandler (ContextHandler.java:doStart(921)) - Started o.e.j.s.ServletContextHandler@6cb9cefe{logs,/logs,file:///home/runner/work/ozone/ozone/hadoop-ozone/integration-test/target/log,AVAILABLE}
2023-06-02 20:40:30,631 [main] INFO  handler.ContextHandler (ContextHandler.java:doStart(921)) - Started o.e.j.s.ServletContextHandler@4718af96{static,/static,jar:file:/home/runner/.m2/repository/org/apache/ozone/hdds-container-service/1.4.0-SNAPSHOT/hdds-container-service-1.4.0-SNAPSHOT.jar!/webapps/static,AVAILABLE}
2023-06-02 20:40:30,883 [EndpointStateMachine task thread for /0.0.0.0:15002 - 0 ] INFO  utils.DatanodeStoreCache (DatanodeStoreCache.java:addDB(66)) - Added db /home/runner/work/ozone/ozone/hadoop-ozone/integration-test/target/test-dir/MiniOzoneClusterImpl-5ac0c7d5-b38a-4534-ae70-3109b4fe19c6/datanode-5/data-0/containers/hdds/5ac0c7d5-b38a-4534-ae70-3109b4fe19c6/DS-53924ec5-92c4-4a51-836a-3fcd05ceab23/container.db to cache
2023-06-02 20:40:30,883 [EndpointStateMachine task thread for /0.0.0.0:15002 - 0 ] INFO  volume.HddsVolume (HddsVolume.java:createDbStore(350)) - SchemaV3 db is created and loaded at /home/runner/work/ozone/ozone/hadoop-ozone/integration-test/target/test-dir/MiniOzoneClusterImpl-5ac0c7d5-b38a-4534-ae70-3109b4fe19c6/datanode-5/data-0/containers/hdds/5ac0c7d5-b38a-4534-ae70-3109b4fe19c6/DS-53924ec5-92c4-4a51-836a-3fcd05ceab23/container.db for volume DS-53924ec5-92c4-4a51-836a-3fcd05ceab23
2023-06-02 20:40:30,883 [EndpointStateMachine task thread for /0.0.0.0:15002 - 0 ] INFO  ozoneimpl.OzoneContainer (OzoneContainer.java:start(398)) - Attempting to start container services.
2023-06-02 20:40:30,883 [EndpointStateMachine task thread for /0.0.0.0:15002 - 0 ] INFO  ozoneimpl.OzoneContainer (OzoneContainer.java:startContainerScrub(314)) - Scheduled background container scanners and the on-demand container scanner have been disabled.
2023-06-02 20:40:30,886 [EndpointStateMachine task thread for /0.0.0.0:15002 - 0 ] INFO  replication.ReplicationServer (ReplicationServer.java:start(128)) - ReplicationServer is started using port 15061
2023-06-02 20:40:30,886 [EndpointStateMachine task thread for /0.0.0.0:15002 - 0 ] INFO  ratis.XceiverServerRatis (XceiverServerRatis.java:start(517)) - Starting XceiverServerRatis f5d72e8c-7c96-4354-bf1f-55d48726708b
2023-06-02 20:40:30,890 [EndpointStateMachine task thread for /0.0.0.0:15002 - 0 ] INFO  server.RaftServer (RaftServerProxy.java:startImpl(400)) - f5d72e8c-7c96-4354-bf1f-55d48726708b: start RPC server
2023-06-02 20:40:30,892 [EndpointStateMachine task thread for /0.0.0.0:15002 - 0 ] INFO  server.GrpcService (GrpcService.java:startImpl(302)) - f5d72e8c-7c96-4354-bf1f-55d48726708b: GrpcService started, listening on 15057
2023-06-02 20:40:30,894 [EndpointStateMachine task thread for /0.0.0.0:15002 - 0 ] INFO  server.GrpcService (GrpcService.java:startImpl(302)) - f5d72e8c-7c96-4354-bf1f-55d48726708b: GrpcService started, listening on 15059
2023-06-02 20:40:30,896 [EndpointStateMachine task thread for /0.0.0.0:15002 - 0 ] INFO  server.GrpcService (GrpcService.java:startImpl(302)) - f5d72e8c-7c96-4354-bf1f-55d48726708b: GrpcService started, listening on 15058
2023-06-02 20:40:30,899 [EndpointStateMachine task thread for /0.0.0.0:15002 - 0 ] INFO  ratis.XceiverServerRatis (XceiverServerRatis.java:getRealPort(543)) - XceiverServerRatis f5d72e8c-7c96-4354-bf1f-55d48726708b is started using port 15057 for RATIS
2023-06-02 20:40:30,899 [EndpointStateMachine task thread for /0.0.0.0:15002 - 0 ] INFO  ratis.XceiverServerRatis (XceiverServerRatis.java:getRealPort(543)) - XceiverServerRatis f5d72e8c-7c96-4354-bf1f-55d48726708b is started using port 15058 for RATIS_ADMIN
2023-06-02 20:40:30,899 [EndpointStateMachine task thread for /0.0.0.0:15002 - 0 ] INFO  ratis.XceiverServerRatis (XceiverServerRatis.java:getRealPort(543)) - XceiverServerRatis f5d72e8c-7c96-4354-bf1f-55d48726708b is started using port 15059 for RATIS_SERVER
2023-06-02 20:40:30,899 [EndpointStateMachine task thread for /0.0.0.0:15002 - 0 ] INFO  ratis.XceiverServerRatis (XceiverServerRatis.java:getRealPort(543)) - XceiverServerRatis f5d72e8c-7c96-4354-bf1f-55d48726708b is started using port 15060 for RATIS_DATASTREAM
2023-06-02 20:40:30,901 [JvmPauseMonitor7] INFO  util.JvmPauseMonitor (JvmPauseMonitor.java:run(103)) - JvmPauseMonitor-f5d72e8c-7c96-4354-bf1f-55d48726708b: Started
2023-06-02 20:40:30,911 [BlockDeletingService#0] INFO  interfaces.ContainerDeletionChoosingPolicyTemplate (ContainerDeletionChoosingPolicyTemplate.java:chooseContainerForBlockDeletion(83)) - Chosen 0/5000 blocks from 0 candidate containers.
2023-06-02 20:40:30,932 [main] INFO  handler.ContextHandler (ContextHandler.java:doStart(921)) - Started o.e.j.w.WebAppContext@7f3a42ec{hddsDatanode,/,file:///home/runner/work/ozone/ozone/hadoop-ozone/integration-test/target/test-dir/MiniOzoneClusterImpl-5ac0c7d5-b38a-4534-ae70-3109b4fe19c6/datanode-10/meta/webserver/jetty-0_0_0_0-15099-hdds-container-service-1_4_0-SNAPSHOT_jar-_-any-3961634148048144798/webapp/,AVAILABLE}{jar:file:/home/runner/.m2/repository/org/apache/ozone/hdds-container-service/1.4.0-SNAPSHOT/hdds-container-service-1.4.0-SNAPSHOT.jar!/webapps/hddsDatanode}
2023-06-02 20:40:30,934 [main] INFO  server.AbstractConnector (AbstractConnector.java:doStart(333)) - Started ServerConnector@258d6898{HTTP/1.1, (http/1.1)}{0.0.0.0:15099}
2023-06-02 20:40:30,934 [main] INFO  server.Server (Server.java:doStart(415)) - Started @16125ms
2023-06-02 20:40:30,935 [main] WARN  impl.MetricsSystemImpl (MetricsSystemImpl.java:register(279)) - Sink prometheus already exists!
2023-06-02 20:40:30,935 [main] INFO  http.BaseHttpServer (BaseHttpServer.java:updateConnectorAddress(344)) - HTTP server of hddsDatanode listening at http://0.0.0.0:15099
2023-06-02 20:40:30,936 [main] INFO  ipc.CallQueueManager (CallQueueManager.java:<init>(90)) - Using callQueue: class java.util.concurrent.LinkedBlockingQueue, queueCapacity: 100, scheduler: class org.apache.hadoop.ipc.DefaultRpcScheduler, ipcBackoff: false.
2023-06-02 20:40:30,936 [Socket Reader #1 for port 15100] INFO  ipc.Server (Server.java:run(1319)) - Starting Socket Reader #1 for port 15100
2023-06-02 20:40:30,938 [Listener at 0.0.0.0/15100] INFO  hdds.HddsUtils (HddsUtils.java:preserveThreadName(843)) - Restoring thread name: main
2023-06-02 20:40:30,940 [main] INFO  ozone.HddsDatanodeService (HddsDatanodeService.java:start(331)) - Datanode start with admins: [runner]
2023-06-02 20:40:30,940 [main] INFO  ozone.HddsDatanodeClientProtocolServer (HddsDatanodeClientProtocolServer.java:start(83)) - RPC server for Client /0.0.0.0:15100
2023-06-02 20:40:30,943 [IPC Server Responder] INFO  ipc.Server (Server.java:run(1558)) - IPC Server Responder: starting
2023-06-02 20:40:30,944 [IPC Server listener on 15100] INFO  ipc.Server (Server.java:run(1398)) - IPC Server listener on 15100: starting
2023-06-02 20:40:30,944 [Datanode State Machine Daemon Thread] INFO  statemachine.DatanodeStateMachine (DatanodeStateMachine.java:lambda$startDaemon$0(523)) - Ozone container server started.
2023-06-02 20:40:30,945 [main] WARN  impl.MetricRegistriesImpl (MetricRegistriesImpl.java:addReporterRegistration(111)) - New reporters are added after registries were created. Some metrics will be missing from the reporter. Please add reporter before adding any new registry.
2023-06-02 20:40:30,945 [main] WARN  impl.MetricRegistriesImpl (MetricRegistriesImpl.java:addReporterRegistration(111)) - New reporters are added after registries were created. Some metrics will be missing from the reporter. Please add reporter before adding any new registry.
2023-06-02 20:40:30,945 [main] INFO  impl.MetricsSystemImpl (MetricsSystemImpl.java:init(158)) - HddsDatanode metrics system started (again)
2023-06-02 20:40:30,963 [main] INFO  ozone.HddsDatanodeService (HddsDatanodeService.java:start(261)) - HddsDatanodeService host:fv-az1239-288 ip:10.1.0.31
2023-06-02 20:40:30,965 [Datanode State Machine Task Thread - 0] INFO  datanode.InitDatanodeState (InitDatanodeState.java:persistContainerDatanodeDetails(138)) - DatanodeDetails is persisted to /home/runner/work/ozone/ozone/hadoop-ozone/integration-test/target/test-dir/MiniOzoneClusterImpl-5ac0c7d5-b38a-4534-ae70-3109b4fe19c6/datanode-10/meta/datanode.id
2023-06-02 20:40:30,989 [main] INFO  upgrade.AbstractLayoutVersionManager (AbstractLayoutVersionManager.java:init(83)) - Initializing Layout version manager with metadata layout = HADOOP_PRC_PORTS_IN_DATANODEDETAILS (version = 7), software layout = HADOOP_PRC_PORTS_IN_DATANODEDETAILS (version = 7)
2023-06-02 20:40:30,990 [main] INFO  statemachine.DatanodeStateMachine (DatanodeStateMachine.java:getEndPointTaskThreadPoolSize(271)) - Datanode State Machine Task Thread Pool size 2
2023-06-02 20:40:30,992 [main] INFO  volume.HddsVolume (HddsVolume.java:<init>(130)) - Creating HddsVolume: /home/runner/work/ozone/ozone/hadoop-ozone/integration-test/target/test-dir/MiniOzoneClusterImpl-5ac0c7d5-b38a-4534-ae70-3109b4fe19c6/datanode-11/data-0/containers/hdds of storage type : DISK capacity : 9223372036854775807
2023-06-02 20:40:30,993 [main] INFO  volume.MutableVolumeSet (MutableVolumeSet.java:initializeVolumeSet(175)) - Added Volume : /home/runner/work/ozone/ozone/hadoop-ozone/integration-test/target/test-dir/MiniOzoneClusterImpl-5ac0c7d5-b38a-4534-ae70-3109b4fe19c6/datanode-11/data-0/containers/hdds to VolumeSet
2023-06-02 20:40:30,993 [main] INFO  volume.ThrottledAsyncChecker (ThrottledAsyncChecker.java:schedule(141)) - Scheduling a check for /home/runner/work/ozone/ozone/hadoop-ozone/integration-test/target/test-dir/MiniOzoneClusterImpl-5ac0c7d5-b38a-4534-ae70-3109b4fe19c6/datanode-11/data-0/containers/hdds
2023-06-02 20:40:30,994 [main] INFO  volume.StorageVolumeChecker (StorageVolumeChecker.java:checkAllVolumes(202)) - Scheduled health check for volume /home/runner/work/ozone/ozone/hadoop-ozone/integration-test/target/test-dir/MiniOzoneClusterImpl-5ac0c7d5-b38a-4534-ae70-3109b4fe19c6/datanode-11/data-0/containers/hdds
2023-06-02 20:40:31,009 [main] INFO  volume.MutableVolumeSet (MutableVolumeSet.java:initializeVolumeSet(175)) - Added Volume : /home/runner/work/ozone/ozone/hadoop-ozone/integration-test/target/test-dir/MiniOzoneClusterImpl-5ac0c7d5-b38a-4534-ae70-3109b4fe19c6/datanode-11/data/ratis to VolumeSet
2023-06-02 20:40:31,009 [main] INFO  volume.ThrottledAsyncChecker (ThrottledAsyncChecker.java:schedule(141)) - Scheduling a check for /home/runner/work/ozone/ozone/hadoop-ozone/integration-test/target/test-dir/MiniOzoneClusterImpl-5ac0c7d5-b38a-4534-ae70-3109b4fe19c6/datanode-11/data/ratis
2023-06-02 20:40:31,009 [main] INFO  volume.StorageVolumeChecker (StorageVolumeChecker.java:checkAllVolumes(202)) - Scheduled health check for volume /home/runner/work/ozone/ozone/hadoop-ozone/integration-test/target/test-dir/MiniOzoneClusterImpl-5ac0c7d5-b38a-4534-ae70-3109b4fe19c6/datanode-11/data/ratis
2023-06-02 20:40:31,022 [Thread-365] INFO  ozoneimpl.ContainerReader (ContainerReader.java:readVolume(175)) - Finish verifying containers on volume /home/runner/work/ozone/ozone/hadoop-ozone/integration-test/target/test-dir/MiniOzoneClusterImpl-5ac0c7d5-b38a-4534-ae70-3109b4fe19c6/datanode-11/data-0/containers/hdds
2023-06-02 20:40:31,022 [main] INFO  ozoneimpl.OzoneContainer (OzoneContainer.java:buildContainerSet(303)) - Build ContainerSet costs 0s
2023-06-02 20:40:31,024 [main] INFO  server.RaftServer (ConfUtils.java:logGet(46)) - raft.rpc.type = GRPC (default)
2023-06-02 20:40:31,025 [main] INFO  grpc.GrpcConfigKeys (ConfUtils.java:logFallback(53)) - raft.grpc.admin.host = null (fallback to raft.grpc.server.host)
2023-06-02 20:40:31,025 [main] INFO  grpc.GrpcConfigKeys (ConfUtils.java:logGet(46)) - raft.grpc.admin.port = 15112 (custom)
2023-06-02 20:40:31,025 [main] INFO  grpc.GrpcConfigKeys (ConfUtils.java:logFallback(53)) - raft.grpc.client.host = null (fallback to raft.grpc.server.host)
2023-06-02 20:40:31,025 [main] INFO  grpc.GrpcConfigKeys (ConfUtils.java:logGet(46)) - raft.grpc.client.port = 15111 (custom)
2023-06-02 20:40:31,025 [main] INFO  grpc.GrpcConfigKeys (ConfUtils.java:logGet(46)) - raft.grpc.server.host = null (default)
2023-06-02 20:40:31,025 [main] INFO  grpc.GrpcConfigKeys (ConfUtils.java:logGet(46)) - raft.grpc.server.port = 15113 (custom)
2023-06-02 20:40:31,025 [main] INFO  server.GrpcService (ConfUtils.java:logGet(46)) - raft.grpc.message.size.max = 32MB (=33554432) (custom)
2023-06-02 20:40:31,026 [main] INFO  server.RaftServerConfigKeys (ConfUtils.java:logGet(46)) - raft.server.log.appender.buffer.byte-limit = 33554432 (custom)
2023-06-02 20:40:31,026 [main] INFO  server.GrpcService (ConfUtils.java:logGet(46)) - raft.grpc.flow.control.window = 5MB (=5242880) (custom)
2023-06-02 20:40:31,026 [main] INFO  server.RaftServerConfigKeys (ConfUtils.java:logGet(46)) - raft.server.rpc.request.timeout = 60s (custom)
2023-06-02 20:40:31,026 [main] INFO  grpc.GrpcConfigKeys (ConfUtils.java:logGet(46)) - raft.grpc.server.heartbeat.channel = true (default)
2023-06-02 20:40:31,026 [main] INFO  grpc.GrpcConfigKeys (ConfUtils.java:logGet(46)) - raft.grpc.server.async.request.thread.pool.cached = true (default)
2023-06-02 20:40:31,026 [main] INFO  grpc.GrpcConfigKeys (ConfUtils.java:logGet(46)) - raft.grpc.server.async.request.thread.pool.size = 32 (default)
2023-06-02 20:40:31,030 [main] INFO  impl.DataStreamServerImpl (ConfUtils.java:logGet(46)) - raft.datastream.type = NETTY (custom)
2023-06-02 20:40:31,031 [main] INFO  server.RaftServerConfigKeys (ConfUtils.java:logGet(46)) - raft.server.data-stream.async.request.thread.pool.cached = false (default)
2023-06-02 20:40:31,031 [main] INFO  server.RaftServerConfigKeys (ConfUtils.java:logGet(46)) - raft.server.data-stream.async.request.thread.pool.size = 20 (custom)
2023-06-02 20:40:31,031 [main] INFO  server.RaftServerConfigKeys (ConfUtils.java:logGet(46)) - raft.server.data-stream.async.write.thread.pool.size = 16 (default)
2023-06-02 20:40:31,031 [main] INFO  server.RaftServerConfigKeys (ConfUtils.java:logGet(46)) - raft.server.data-stream.client.pool.size = 10 (default)
2023-06-02 20:40:31,032 [main] INFO  netty.NettyConfigKeys$DataStream (ConfUtils.java:logGet(46)) - raft.netty.dataStream.server.use-epoll = false (default)
2023-06-02 20:40:31,032 [main] INFO  netty.NettyConfigKeys$DataStream (ConfUtils.java:logGet(46)) - raft.netty.dataStream.server.boss-group.size = 0 (default)
2023-06-02 20:40:31,032 [main] INFO  netty.NettyConfigKeys$DataStream (ConfUtils.java:logGet(46)) - raft.netty.dataStream.server.worker-group.size = 0 (default)
2023-06-02 20:40:31,033 [main] INFO  netty.NettyConfigKeys$DataStream (ConfUtils.java:logGet(46)) - raft.netty.dataStream.server.tls.conf = null (default)
2023-06-02 20:40:31,033 [main] INFO  netty.NettyConfigKeys$DataStream (ConfUtils.java:logGet(46)) - raft.netty.dataStream.host = null (default)
2023-06-02 20:40:31,033 [main] INFO  netty.NettyConfigKeys$DataStream (ConfUtils.java:logGet(46)) - raft.netty.dataStream.port = 15114 (custom)
2023-06-02 20:40:31,034 [main] INFO  server.RaftServerConfigKeys (ConfUtils.java:logGet(46)) - raft.server.threadpool.proxy.cached = true (default)
2023-06-02 20:40:31,034 [main] INFO  server.RaftServerConfigKeys (ConfUtils.java:logGet(46)) - raft.server.threadpool.proxy.size = 0 (default)
2023-06-02 20:40:31,034 [main] INFO  server.RaftServerConfigKeys (ConfUtils.java:logGet(46)) - raft.server.rpc.slowness.timeout = 300s (custom)
2023-06-02 20:40:31,034 [main] INFO  server.RaftServerConfigKeys (ConfUtils.java:logGet(46)) - raft.server.leaderelection.leader.step-down.wait-time = 10s (default)
2023-06-02 20:40:31,035 [main] INFO  server.RaftServerConfigKeys (ConfUtils.java:logGet(46)) - raft.server.storage.dir = [/home/runner/work/ozone/ozone/hadoop-ozone/integration-test/target/test-dir/MiniOzoneClusterImpl-5ac0c7d5-b38a-4534-ae70-3109b4fe19c6/datanode-11/data/ratis] (custom)
2023-06-02 20:40:31,042 [de3fb769-0102-4a69-91ff-1ba1954f3f02-NettyServerStreamRpc-bossGroup--thread1] INFO  logging.LoggingHandler (AbstractInternalLogger.java:log(148)) - [id: 0x7c6e2b4b] REGISTERED
2023-06-02 20:40:31,042 [de3fb769-0102-4a69-91ff-1ba1954f3f02-NettyServerStreamRpc-bossGroup--thread1] INFO  logging.LoggingHandler (AbstractInternalLogger.java:log(148)) - [id: 0x7c6e2b4b] BIND: 0.0.0.0/0.0.0.0:15114
2023-06-02 20:40:31,044 [de3fb769-0102-4a69-91ff-1ba1954f3f02-NettyServerStreamRpc-bossGroup--thread1] INFO  logging.LoggingHandler (AbstractInternalLogger.java:log(148)) - [id: 0x7c6e2b4b, L:/0:0:0:0:0:0:0:0:15114] ACTIVE
2023-06-02 20:40:31,044 [main] INFO  server.XceiverServerGrpc (XceiverServerGrpc.java:<init>(132)) - GrpcServer channel type EpollServerSocketChannel
2023-06-02 20:40:31,046 [main] INFO  replication.ReplicationSupervisor (ReplicationSupervisor.java:nodeStateUpdated(305)) - Node state updated to IN_SERVICE, scaling executor pool size to 10
2023-06-02 20:40:31,047 [main] INFO  token.OzoneBlockTokenSecretManager (OzoneSecretManager.java:updateCurrentKey(175)) - Updating current master key for generating tokens. Cert id 3603736608543
2023-06-02 20:40:31,048 [main] INFO  http.BaseHttpServer (BaseHttpServer.java:newHttpServer2BuilderForOzone(224)) - Starting Web-server for hddsDatanode at: http://0.0.0.0:15108
2023-06-02 20:40:31,049 [main] INFO  http.BaseHttpServer (BaseHttpServer.java:<init>(111)) - Hadoop Security Enabled: false Ozone Security Enabled: false Ozone HTTP Security Enabled: false 
2023-06-02 20:40:31,050 [main] WARN  server.AuthenticationFilter (AuthenticationFilter.java:constructSecretProvider(240)) - Unable to initialize FileSignerSecretProvider, falling back to use random secrets. Reason: Could not read signature secret file: /home/runner/hadoop-http-auth-signature-secret
2023-06-02 20:40:31,051 [main] INFO  http.HttpRequestLog (HttpRequestLog.java:getRequestLog(86)) - Http request log for http.requests.hddsDatanode is not defined
2023-06-02 20:40:31,052 [main] INFO  http.HttpServer2 (HttpServer2.java:addGlobalFilter(1031)) - Added global filter 'safety' (class=org.apache.hadoop.hdds.server.http.HttpServer2$QuotingInputFilter)
2023-06-02 20:40:31,053 [main] INFO  http.HttpServer2 (HttpServer2.java:addFilter(1007)) - Added filter static_user_filter (class=org.apache.hadoop.http.lib.StaticUserWebFilter$StaticUserFilter) to context hddsDatanode
2023-06-02 20:40:31,053 [main] INFO  http.HttpServer2 (HttpServer2.java:addFilter(1015)) - Added filter static_user_filter (class=org.apache.hadoop.http.lib.StaticUserWebFilter$StaticUserFilter) to context static
2023-06-02 20:40:31,053 [main] INFO  http.HttpServer2 (HttpServer2.java:addFilter(1015)) - Added filter static_user_filter (class=org.apache.hadoop.http.lib.StaticUserWebFilter$StaticUserFilter) to context logs
2023-06-02 20:40:31,054 [main] INFO  http.BaseHttpServer (BaseHttpServer.java:<init>(190)) - HTTP server of hddsDatanode uses base directory /home/runner/work/ozone/ozone/hadoop-ozone/integration-test/target/test-dir/MiniOzoneClusterImpl-5ac0c7d5-b38a-4534-ae70-3109b4fe19c6/datanode-11/meta/webserver
2023-06-02 20:40:31,054 [main] INFO  http.HttpServer2 (HttpServer2.java:bindListener(1250)) - Jetty bound to port 15108
2023-06-02 20:40:31,054 [main] INFO  server.Server (Server.java:doStart(375)) - jetty-9.4.51.v20230217; built: 2023-02-17T08:19:37.309Z; git: b45c405e4544384de066f814ed42ae3dceacdd49; jvm 1.8.0_372-b07
2023-06-02 20:40:31,056 [main] INFO  server.session (DefaultSessionIdManager.java:doStart(334)) - DefaultSessionIdManager workerName=node0
2023-06-02 20:40:31,056 [main] INFO  server.session (DefaultSessionIdManager.java:doStart(339)) - No SessionScavenger set, using defaults
2023-06-02 20:40:31,056 [main] INFO  server.session (HouseKeeper.java:startScavenging(132)) - node0 Scavenging every 660000ms
2023-06-02 20:40:31,057 [main] INFO  handler.ContextHandler (ContextHandler.java:doStart(921)) - Started o.e.j.s.ServletContextHandler@262bcb52{logs,/logs,file:///home/runner/work/ozone/ozone/hadoop-ozone/integration-test/target/log,AVAILABLE}
2023-06-02 20:40:31,058 [main] INFO  handler.ContextHandler (ContextHandler.java:doStart(921)) - Started o.e.j.s.ServletContextHandler@2db89dfe{static,/static,jar:file:/home/runner/.m2/repository/org/apache/ozone/hdds-container-service/1.4.0-SNAPSHOT/hdds-container-service-1.4.0-SNAPSHOT.jar!/webapps/static,AVAILABLE}
2023-06-02 20:40:31,074 [IPC Server handler 19 on default port 15002] INFO  net.NetworkTopologyImpl (NetworkTopologyImpl.java:add(112)) - Added a new node: /default-rack/f3098061-e126-467d-ace5-c417dde623cb
2023-06-02 20:40:31,074 [IPC Server handler 19 on default port 15002] INFO  node.SCMNodeManager (SCMNodeManager.java:register(407)) - Registered Data node : f3098061-e126-467d-ace5-c417dde623cb{ip: 10.1.0.31, host: fv-az1239-288, ports: [HTTP=15018, CLIENT_RPC=15019, REPLICATION=15025, RATIS=15021, RATIS_ADMIN=15022, RATIS_SERVER=15023, RATIS_DATASTREAM=15024, STANDALONE=15020], networkLocation: /default-rack, certSerialId: null, persistedOpState: null, persistedOpStateExpiryEpochSec: 0}
2023-06-02 20:40:31,077 [EventQueue-NewNodeForNewNodeHandler] INFO  pipeline.BackgroundPipelineCreator (BackgroundPipelineCreator.java:notifyEventTriggered(276)) - trigger a one-shot run on RatisPipelineUtilsThread.
2023-06-02 20:40:31,079 [RatisPipelineUtilsThread - 0] INFO  pipeline.RatisPipelineProvider (RatisPipelineProvider.java:lambda$create$0(206)) - Sending CreatePipelineCommand for pipeline:PipelineID=ba2adb82-9e94-4de6-a7b3-86a6c006ea27 to datanode:f3098061-e126-467d-ace5-c417dde623cb
2023-06-02 20:40:31,080 [RatisPipelineUtilsThread - 0] INFO  pipeline.PipelineStateManagerImpl (PipelineStateManagerImpl.java:addPipeline(103)) - Created pipeline Pipeline[ Id: ba2adb82-9e94-4de6-a7b3-86a6c006ea27, Nodes: f3098061-e126-467d-ace5-c417dde623cb(fv-az1239-288/10.1.0.31), ReplicationConfig: RATIS/ONE, State:ALLOCATED, leaderId:, CreationTimestamp2023-06-02T20:40:31.079Z[Etc/UTC]].
2023-06-02 20:40:31,082 [EventQueue-NodeRegistrationContainerReportForDataNodeSafeModeRule] INFO  safemode.SCMSafeModeManager (DataNodeSafeModeRule.java:process(71)) - SCM in safe mode. 2 DataNodes registered, 3 required.
2023-06-02 20:40:31,289 [EndpointStateMachine task thread for /0.0.0.0:15002 - 0 ] INFO  utils.DatanodeStoreCache (DatanodeStoreCache.java:addDB(66)) - Added db /home/runner/work/ozone/ozone/hadoop-ozone/integration-test/target/test-dir/MiniOzoneClusterImpl-5ac0c7d5-b38a-4534-ae70-3109b4fe19c6/datanode-6/data-0/containers/hdds/5ac0c7d5-b38a-4534-ae70-3109b4fe19c6/DS-14edf7a6-9476-4e84-ba0c-eba22fad5aaf/container.db to cache
2023-06-02 20:40:31,289 [EndpointStateMachine task thread for /0.0.0.0:15002 - 0 ] INFO  volume.HddsVolume (HddsVolume.java:createDbStore(350)) - SchemaV3 db is created and loaded at /home/runner/work/ozone/ozone/hadoop-ozone/integration-test/target/test-dir/MiniOzoneClusterImpl-5ac0c7d5-b38a-4534-ae70-3109b4fe19c6/datanode-6/data-0/containers/hdds/5ac0c7d5-b38a-4534-ae70-3109b4fe19c6/DS-14edf7a6-9476-4e84-ba0c-eba22fad5aaf/container.db for volume DS-14edf7a6-9476-4e84-ba0c-eba22fad5aaf
2023-06-02 20:40:31,289 [EndpointStateMachine task thread for /0.0.0.0:15002 - 0 ] INFO  ozoneimpl.OzoneContainer (OzoneContainer.java:start(398)) - Attempting to start container services.
2023-06-02 20:40:31,289 [EndpointStateMachine task thread for /0.0.0.0:15002 - 0 ] INFO  ozoneimpl.OzoneContainer (OzoneContainer.java:startContainerScrub(314)) - Scheduled background container scanners and the on-demand container scanner have been disabled.
2023-06-02 20:40:31,291 [EndpointStateMachine task thread for /0.0.0.0:15002 - 0 ] INFO  replication.ReplicationServer (ReplicationServer.java:start(128)) - ReplicationServer is started using port 15070
2023-06-02 20:40:31,292 [EndpointStateMachine task thread for /0.0.0.0:15002 - 0 ] INFO  ratis.XceiverServerRatis (XceiverServerRatis.java:start(517)) - Starting XceiverServerRatis a629a011-13a9-410c-9234-b770ba2e8ba4
2023-06-02 20:40:31,295 [EndpointStateMachine task thread for /0.0.0.0:15002 - 0 ] INFO  server.RaftServer (RaftServerProxy.java:startImpl(400)) - a629a011-13a9-410c-9234-b770ba2e8ba4: start RPC server
2023-06-02 20:40:31,300 [EndpointStateMachine task thread for /0.0.0.0:15002 - 0 ] INFO  server.GrpcService (GrpcService.java:startImpl(302)) - a629a011-13a9-410c-9234-b770ba2e8ba4: GrpcService started, listening on 15066
2023-06-02 20:40:31,302 [EndpointStateMachine task thread for /0.0.0.0:15002 - 0 ] INFO  server.GrpcService (GrpcService.java:startImpl(302)) - a629a011-13a9-410c-9234-b770ba2e8ba4: GrpcService started, listening on 15068
2023-06-02 20:40:31,304 [EndpointStateMachine task thread for /0.0.0.0:15002 - 0 ] INFO  server.GrpcService (GrpcService.java:startImpl(302)) - a629a011-13a9-410c-9234-b770ba2e8ba4: GrpcService started, listening on 15067
2023-06-02 20:40:31,304 [EndpointStateMachine task thread for /0.0.0.0:15002 - 0 ] INFO  ratis.XceiverServerRatis (XceiverServerRatis.java:getRealPort(543)) - XceiverServerRatis a629a011-13a9-410c-9234-b770ba2e8ba4 is started using port 15066 for RATIS
2023-06-02 20:40:31,305 [EndpointStateMachine task thread for /0.0.0.0:15002 - 0 ] INFO  ratis.XceiverServerRatis (XceiverServerRatis.java:getRealPort(543)) - XceiverServerRatis a629a011-13a9-410c-9234-b770ba2e8ba4 is started using port 15067 for RATIS_ADMIN
2023-06-02 20:40:31,305 [EndpointStateMachine task thread for /0.0.0.0:15002 - 0 ] INFO  ratis.XceiverServerRatis (XceiverServerRatis.java:getRealPort(543)) - XceiverServerRatis a629a011-13a9-410c-9234-b770ba2e8ba4 is started using port 15068 for RATIS_SERVER
2023-06-02 20:40:31,305 [EndpointStateMachine task thread for /0.0.0.0:15002 - 0 ] INFO  ratis.XceiverServerRatis (XceiverServerRatis.java:getRealPort(543)) - XceiverServerRatis a629a011-13a9-410c-9234-b770ba2e8ba4 is started using port 15069 for RATIS_DATASTREAM
2023-06-02 20:40:31,305 [JvmPauseMonitor8] INFO  util.JvmPauseMonitor (JvmPauseMonitor.java:run(103)) - JvmPauseMonitor-a629a011-13a9-410c-9234-b770ba2e8ba4: Started
2023-06-02 20:40:31,391 [main] INFO  handler.ContextHandler (ContextHandler.java:doStart(921)) - Started o.e.j.w.WebAppContext@26e729ea{hddsDatanode,/,file:///home/runner/work/ozone/ozone/hadoop-ozone/integration-test/target/test-dir/MiniOzoneClusterImpl-5ac0c7d5-b38a-4534-ae70-3109b4fe19c6/datanode-11/meta/webserver/jetty-0_0_0_0-15108-hdds-container-service-1_4_0-SNAPSHOT_jar-_-any-4300118505836872411/webapp/,AVAILABLE}{jar:file:/home/runner/.m2/repository/org/apache/ozone/hdds-container-service/1.4.0-SNAPSHOT/hdds-container-service-1.4.0-SNAPSHOT.jar!/webapps/hddsDatanode}
2023-06-02 20:40:31,394 [main] INFO  server.AbstractConnector (AbstractConnector.java:doStart(333)) - Started ServerConnector@5cd0b9d6{HTTP/1.1, (http/1.1)}{0.0.0.0:15108}
2023-06-02 20:40:31,394 [main] INFO  server.Server (Server.java:doStart(415)) - Started @16585ms
2023-06-02 20:40:31,441 [IPC Server handler 7 on default port 15002] INFO  net.NetworkTopologyImpl (NetworkTopologyImpl.java:add(112)) - Added a new node: /default-rack/501c2811-31b4-4cb7-a883-304e4eecc84c
2023-06-02 20:40:31,445 [IPC Server handler 7 on default port 15002] INFO  node.SCMNodeManager (SCMNodeManager.java:register(407)) - Registered Data node : 501c2811-31b4-4cb7-a883-304e4eecc84c{ip: 10.1.0.31, host: fv-az1239-288, ports: [HTTP=15027, CLIENT_RPC=15028, REPLICATION=15034, RATIS=15030, RATIS_ADMIN=15031, RATIS_SERVER=15032, RATIS_DATASTREAM=15033, STANDALONE=15029], networkLocation: /default-rack, certSerialId: null, persistedOpState: null, persistedOpStateExpiryEpochSec: 0}
2023-06-02 20:40:31,445 [EventQueue-NodeRegistrationContainerReportForDataNodeSafeModeRule] INFO  safemode.SCMSafeModeManager (DataNodeSafeModeRule.java:process(71)) - SCM in safe mode. 3 DataNodes registered, 3 required.
2023-06-02 20:40:31,445 [EventQueue-NodeRegistrationContainerReportForDataNodeSafeModeRule] INFO  safemode.SCMSafeModeManager (SCMSafeModeManager.java:validateSafeModeExitRules(200)) - DataNodeSafeModeRule rule is successfully validated
2023-06-02 20:40:31,445 [EventQueue-NodeRegistrationContainerReportForDataNodeSafeModeRule] INFO  safemode.SCMSafeModeManager (SCMSafeModeManager.java:completePreCheck(229)) - All SCM safe mode pre check rules have passed
2023-06-02 20:40:31,445 [EventQueue-NodeRegistrationContainerReportForDataNodeSafeModeRule] INFO  ha.SCMContext (SCMContext.java:updateSafeModeStatus(228)) - Update SafeModeStatus from SafeModeStatus{safeModeStatus=true, preCheckPassed=false} to SafeModeStatus{safeModeStatus=true, preCheckPassed=true}.
2023-06-02 20:40:31,445 [EventQueue-NodeRegistrationContainerReportForDataNodeSafeModeRule] INFO  pipeline.BackgroundPipelineCreator (BackgroundPipelineCreator.java:notifyEventTriggered(276)) - trigger a one-shot run on RatisPipelineUtilsThread.
2023-06-02 20:40:31,449 [EventQueue-NewNodeForNewNodeHandler] INFO  pipeline.BackgroundPipelineCreator (BackgroundPipelineCreator.java:notifyEventTriggered(276)) - trigger a one-shot run on RatisPipelineUtilsThread.
2023-06-02 20:40:31,450 [RatisPipelineUtilsThread - 0] INFO  pipeline.RatisPipelineProvider (RatisPipelineProvider.java:lambda$create$0(206)) - Sending CreatePipelineCommand for pipeline:PipelineID=c2d370b2-7c39-4127-9fb7-076b1011b0d7 to datanode:501c2811-31b4-4cb7-a883-304e4eecc84c
2023-06-02 20:40:31,451 [RatisPipelineUtilsThread - 0] INFO  pipeline.PipelineStateManagerImpl (PipelineStateManagerImpl.java:addPipeline(103)) - Created pipeline Pipeline[ Id: c2d370b2-7c39-4127-9fb7-076b1011b0d7, Nodes: 501c2811-31b4-4cb7-a883-304e4eecc84c(fv-az1239-288/10.1.0.31), ReplicationConfig: RATIS/ONE, State:ALLOCATED, leaderId:, CreationTimestamp2023-06-02T20:40:31.450Z[Etc/UTC]].
2023-06-02 20:40:31,454 [main] WARN  impl.MetricsSystemImpl (MetricsSystemImpl.java:register(279)) - Sink prometheus already exists!
2023-06-02 20:40:31,456 [main] INFO  http.BaseHttpServer (BaseHttpServer.java:updateConnectorAddress(344)) - HTTP server of hddsDatanode listening at http://0.0.0.0:15108
2023-06-02 20:40:31,457 [main] INFO  ipc.CallQueueManager (CallQueueManager.java:<init>(90)) - Using callQueue: class java.util.concurrent.LinkedBlockingQueue, queueCapacity: 100, scheduler: class org.apache.hadoop.ipc.DefaultRpcScheduler, ipcBackoff: false.
2023-06-02 20:40:31,464 [RatisPipelineUtilsThread - 0] INFO  pipeline.RatisPipelineProvider (RatisPipelineProvider.java:lambda$create$0(206)) - Sending CreatePipelineCommand for pipeline:PipelineID=f1770900-d3b3-46bd-b918-a560c19004d9 to datanode:559beb36-7c11-4841-9a8b-e14375a607db
2023-06-02 20:40:31,464 [RatisPipelineUtilsThread - 0] INFO  pipeline.RatisPipelineProvider (RatisPipelineProvider.java:lambda$create$0(206)) - Sending CreatePipelineCommand for pipeline:PipelineID=f1770900-d3b3-46bd-b918-a560c19004d9 to datanode:501c2811-31b4-4cb7-a883-304e4eecc84c
2023-06-02 20:40:31,464 [RatisPipelineUtilsThread - 0] INFO  pipeline.RatisPipelineProvider (RatisPipelineProvider.java:lambda$create$0(206)) - Sending CreatePipelineCommand for pipeline:PipelineID=f1770900-d3b3-46bd-b918-a560c19004d9 to datanode:f3098061-e126-467d-ace5-c417dde623cb
2023-06-02 20:40:31,465 [RatisPipelineUtilsThread - 0] INFO  pipeline.PipelineStateManagerImpl (PipelineStateManagerImpl.java:addPipeline(103)) - Created pipeline Pipeline[ Id: f1770900-d3b3-46bd-b918-a560c19004d9, Nodes: 559beb36-7c11-4841-9a8b-e14375a607db(fv-az1239-288/10.1.0.31)501c2811-31b4-4cb7-a883-304e4eecc84c(fv-az1239-288/10.1.0.31)f3098061-e126-467d-ace5-c417dde623cb(fv-az1239-288/10.1.0.31), ReplicationConfig: RATIS/THREE, State:ALLOCATED, leaderId:, CreationTimestamp2023-06-02T20:40:31.464Z[Etc/UTC]].
2023-06-02 20:40:31,466 [RatisPipelineUtilsThread - 0] INFO  pipeline.RatisPipelineProvider (RatisPipelineProvider.java:lambda$create$0(206)) - Sending CreatePipelineCommand for pipeline:PipelineID=0f9eb3eb-db45-4e61-bc28-449f8745c131 to datanode:559beb36-7c11-4841-9a8b-e14375a607db
2023-06-02 20:40:31,466 [RatisPipelineUtilsThread - 0] INFO  pipeline.RatisPipelineProvider (RatisPipelineProvider.java:lambda$create$0(206)) - Sending CreatePipelineCommand for pipeline:PipelineID=0f9eb3eb-db45-4e61-bc28-449f8745c131 to datanode:501c2811-31b4-4cb7-a883-304e4eecc84c
2023-06-02 20:40:31,466 [RatisPipelineUtilsThread - 0] INFO  pipeline.RatisPipelineProvider (RatisPipelineProvider.java:lambda$create$0(206)) - Sending CreatePipelineCommand for pipeline:PipelineID=0f9eb3eb-db45-4e61-bc28-449f8745c131 to datanode:f3098061-e126-467d-ace5-c417dde623cb
2023-06-02 20:40:31,467 [RatisPipelineUtilsThread - 0] INFO  pipeline.PipelineStateManagerImpl (PipelineStateManagerImpl.java:addPipeline(103)) - Created pipeline Pipeline[ Id: 0f9eb3eb-db45-4e61-bc28-449f8745c131, Nodes: 559beb36-7c11-4841-9a8b-e14375a607db(fv-az1239-288/10.1.0.31)501c2811-31b4-4cb7-a883-304e4eecc84c(fv-az1239-288/10.1.0.31)f3098061-e126-467d-ace5-c417dde623cb(fv-az1239-288/10.1.0.31), ReplicationConfig: RATIS/THREE, State:ALLOCATED, leaderId:, CreationTimestamp2023-06-02T20:40:31.466Z[Etc/UTC]].
2023-06-02 20:40:31,468 [RatisPipelineUtilsThread - 0] INFO  pipeline.PipelineManagerImpl (PipelineManagerImpl.java:recordMetricsForPipeline(826)) - Pipeline: PipelineID=0f9eb3eb-db45-4e61-bc28-449f8745c131 contains same datanodes as previous pipelines: PipelineID=f1770900-d3b3-46bd-b918-a560c19004d9 nodeIds: 559beb36-7c11-4841-9a8b-e14375a607db, 501c2811-31b4-4cb7-a883-304e4eecc84c, f3098061-e126-467d-ace5-c417dde623cb
2023-06-02 20:40:31,468 [RatisPipelineUtilsThread - 0] WARN  pipeline.PipelinePlacementPolicy (PipelinePlacementPolicy.java:filterViableNodes(160)) - Pipeline creation failed due to no sufficient healthy datanodes. Required 3. Found 0. Excluded 3.
2023-06-02 20:40:31,469 [Socket Reader #1 for port 15109] INFO  ipc.Server (Server.java:run(1319)) - Starting Socket Reader #1 for port 15109
2023-06-02 20:40:31,473 [Listener at 0.0.0.0/15109] INFO  hdds.HddsUtils (HddsUtils.java:preserveThreadName(843)) - Restoring thread name: main
2023-06-02 20:40:31,474 [main] INFO  ozone.HddsDatanodeService (HddsDatanodeService.java:start(331)) - Datanode start with admins: [runner]
2023-06-02 20:40:31,474 [main] INFO  ozone.HddsDatanodeClientProtocolServer (HddsDatanodeClientProtocolServer.java:start(83)) - RPC server for Client /0.0.0.0:15109
2023-06-02 20:40:31,474 [IPC Server Responder] INFO  ipc.Server (Server.java:run(1558)) - IPC Server Responder: starting
2023-06-02 20:40:31,474 [IPC Server listener on 15109] INFO  ipc.Server (Server.java:run(1398)) - IPC Server listener on 15109: starting
2023-06-02 20:40:31,475 [main] WARN  impl.MetricRegistriesImpl (MetricRegistriesImpl.java:addReporterRegistration(111)) - New reporters are added after registries were created. Some metrics will be missing from the reporter. Please add reporter before adding any new registry.
2023-06-02 20:40:31,475 [main] WARN  impl.MetricRegistriesImpl (MetricRegistriesImpl.java:addReporterRegistration(111)) - New reporters are added after registries were created. Some metrics will be missing from the reporter. Please add reporter before adding any new registry.
2023-06-02 20:40:31,475 [main] INFO  impl.MetricsSystemImpl (MetricsSystemImpl.java:init(158)) - HddsDatanode metrics system started (again)
2023-06-02 20:40:31,485 [BlockDeletingService#0] INFO  interfaces.ContainerDeletionChoosingPolicyTemplate (ContainerDeletionChoosingPolicyTemplate.java:chooseContainerForBlockDeletion(83)) - Chosen 0/5000 blocks from 0 candidate containers.
2023-06-02 20:40:31,492 [Datanode State Machine Daemon Thread] INFO  statemachine.DatanodeStateMachine (DatanodeStateMachine.java:lambda$startDaemon$0(523)) - Ozone container server started.
2023-06-02 20:40:31,492 [RatisPipelineUtilsThread - 0] WARN  pipeline.PipelinePlacementPolicy (PipelinePlacementPolicy.java:filterViableNodes(160)) - Pipeline creation failed due to no sufficient healthy datanodes. Required 3. Found 0. Excluded 3.
2023-06-02 20:40:31,517 [Datanode State Machine Task Thread - 0] INFO  datanode.InitDatanodeState (InitDatanodeState.java:persistContainerDatanodeDetails(138)) - DatanodeDetails is persisted to /home/runner/work/ozone/ozone/hadoop-ozone/integration-test/target/test-dir/MiniOzoneClusterImpl-5ac0c7d5-b38a-4534-ae70-3109b4fe19c6/datanode-11/meta/datanode.id
2023-06-02 20:40:31,535 [main] INFO  ozone.HddsDatanodeService (HddsDatanodeService.java:start(261)) - HddsDatanodeService host:fv-az1239-288 ip:10.1.0.31
2023-06-02 20:40:31,570 [main] INFO  upgrade.AbstractLayoutVersionManager (AbstractLayoutVersionManager.java:init(83)) - Initializing Layout version manager with metadata layout = HADOOP_PRC_PORTS_IN_DATANODEDETAILS (version = 7), software layout = HADOOP_PRC_PORTS_IN_DATANODEDETAILS (version = 7)
2023-06-02 20:40:31,571 [main] INFO  statemachine.DatanodeStateMachine (DatanodeStateMachine.java:getEndPointTaskThreadPoolSize(271)) - Datanode State Machine Task Thread Pool size 2
2023-06-02 20:40:31,580 [main] INFO  volume.HddsVolume (HddsVolume.java:<init>(130)) - Creating HddsVolume: /home/runner/work/ozone/ozone/hadoop-ozone/integration-test/target/test-dir/MiniOzoneClusterImpl-5ac0c7d5-b38a-4534-ae70-3109b4fe19c6/datanode-12/data-0/containers/hdds of storage type : DISK capacity : 9223372036854775807
2023-06-02 20:40:31,581 [main] INFO  volume.MutableVolumeSet (MutableVolumeSet.java:initializeVolumeSet(175)) - Added Volume : /home/runner/work/ozone/ozone/hadoop-ozone/integration-test/target/test-dir/MiniOzoneClusterImpl-5ac0c7d5-b38a-4534-ae70-3109b4fe19c6/datanode-12/data-0/containers/hdds to VolumeSet
2023-06-02 20:40:31,581 [main] INFO  volume.ThrottledAsyncChecker (ThrottledAsyncChecker.java:schedule(141)) - Scheduling a check for /home/runner/work/ozone/ozone/hadoop-ozone/integration-test/target/test-dir/MiniOzoneClusterImpl-5ac0c7d5-b38a-4534-ae70-3109b4fe19c6/datanode-12/data-0/containers/hdds
2023-06-02 20:40:31,592 [main] INFO  volume.StorageVolumeChecker (StorageVolumeChecker.java:checkAllVolumes(202)) - Scheduled health check for volume /home/runner/work/ozone/ozone/hadoop-ozone/integration-test/target/test-dir/MiniOzoneClusterImpl-5ac0c7d5-b38a-4534-ae70-3109b4fe19c6/datanode-12/data-0/containers/hdds
2023-06-02 20:40:31,628 [main] INFO  volume.MutableVolumeSet (MutableVolumeSet.java:initializeVolumeSet(175)) - Added Volume : /home/runner/work/ozone/ozone/hadoop-ozone/integration-test/target/test-dir/MiniOzoneClusterImpl-5ac0c7d5-b38a-4534-ae70-3109b4fe19c6/datanode-12/data/ratis to VolumeSet
2023-06-02 20:40:31,629 [main] INFO  volume.ThrottledAsyncChecker (ThrottledAsyncChecker.java:schedule(141)) - Scheduling a check for /home/runner/work/ozone/ozone/hadoop-ozone/integration-test/target/test-dir/MiniOzoneClusterImpl-5ac0c7d5-b38a-4534-ae70-3109b4fe19c6/datanode-12/data/ratis
2023-06-02 20:40:31,634 [main] INFO  volume.StorageVolumeChecker (StorageVolumeChecker.java:checkAllVolumes(202)) - Scheduled health check for volume /home/runner/work/ozone/ozone/hadoop-ozone/integration-test/target/test-dir/MiniOzoneClusterImpl-5ac0c7d5-b38a-4534-ae70-3109b4fe19c6/datanode-12/data/ratis
2023-06-02 20:40:31,669 [Thread-387] INFO  ozoneimpl.ContainerReader (ContainerReader.java:readVolume(175)) - Finish verifying containers on volume /home/runner/work/ozone/ozone/hadoop-ozone/integration-test/target/test-dir/MiniOzoneClusterImpl-5ac0c7d5-b38a-4534-ae70-3109b4fe19c6/datanode-12/data-0/containers/hdds
2023-06-02 20:40:31,670 [main] INFO  ozoneimpl.OzoneContainer (OzoneContainer.java:buildContainerSet(303)) - Build ContainerSet costs 0s
2023-06-02 20:40:31,673 [main] INFO  server.RaftServer (ConfUtils.java:logGet(46)) - raft.rpc.type = GRPC (default)
2023-06-02 20:40:31,673 [main] INFO  grpc.GrpcConfigKeys (ConfUtils.java:logFallback(53)) - raft.grpc.admin.host = null (fallback to raft.grpc.server.host)
2023-06-02 20:40:31,673 [main] INFO  grpc.GrpcConfigKeys (ConfUtils.java:logGet(46)) - raft.grpc.admin.port = 15121 (custom)
2023-06-02 20:40:31,673 [main] INFO  grpc.GrpcConfigKeys (ConfUtils.java:logFallback(53)) - raft.grpc.client.host = null (fallback to raft.grpc.server.host)
2023-06-02 20:40:31,673 [main] INFO  grpc.GrpcConfigKeys (ConfUtils.java:logGet(46)) - raft.grpc.client.port = 15120 (custom)
2023-06-02 20:40:31,673 [main] INFO  grpc.GrpcConfigKeys (ConfUtils.java:logGet(46)) - raft.grpc.server.host = null (default)
2023-06-02 20:40:31,675 [main] INFO  grpc.GrpcConfigKeys (ConfUtils.java:logGet(46)) - raft.grpc.server.port = 15122 (custom)
2023-06-02 20:40:31,676 [main] INFO  server.GrpcService (ConfUtils.java:logGet(46)) - raft.grpc.message.size.max = 32MB (=33554432) (custom)
2023-06-02 20:40:31,676 [main] INFO  server.RaftServerConfigKeys (ConfUtils.java:logGet(46)) - raft.server.log.appender.buffer.byte-limit = 33554432 (custom)
2023-06-02 20:40:31,676 [main] INFO  server.GrpcService (ConfUtils.java:logGet(46)) - raft.grpc.flow.control.window = 5MB (=5242880) (custom)
2023-06-02 20:40:31,676 [main] INFO  server.RaftServerConfigKeys (ConfUtils.java:logGet(46)) - raft.server.rpc.request.timeout = 60s (custom)
2023-06-02 20:40:31,676 [main] INFO  grpc.GrpcConfigKeys (ConfUtils.java:logGet(46)) - raft.grpc.server.heartbeat.channel = true (default)
2023-06-02 20:40:31,676 [main] INFO  grpc.GrpcConfigKeys (ConfUtils.java:logGet(46)) - raft.grpc.server.async.request.thread.pool.cached = true (default)
2023-06-02 20:40:31,677 [main] INFO  grpc.GrpcConfigKeys (ConfUtils.java:logGet(46)) - raft.grpc.server.async.request.thread.pool.size = 32 (default)
2023-06-02 20:40:31,682 [main] INFO  impl.DataStreamServerImpl (ConfUtils.java:logGet(46)) - raft.datastream.type = NETTY (custom)
2023-06-02 20:40:31,684 [main] INFO  server.RaftServerConfigKeys (ConfUtils.java:logGet(46)) - raft.server.data-stream.async.request.thread.pool.cached = false (default)
2023-06-02 20:40:31,687 [main] INFO  server.RaftServerConfigKeys (ConfUtils.java:logGet(46)) - raft.server.data-stream.async.request.thread.pool.size = 20 (custom)
2023-06-02 20:40:31,687 [main] INFO  server.RaftServerConfigKeys (ConfUtils.java:logGet(46)) - raft.server.data-stream.async.write.thread.pool.size = 16 (default)
2023-06-02 20:40:31,687 [main] INFO  server.RaftServerConfigKeys (ConfUtils.java:logGet(46)) - raft.server.data-stream.client.pool.size = 10 (default)
2023-06-02 20:40:31,688 [main] INFO  netty.NettyConfigKeys$DataStream (ConfUtils.java:logGet(46)) - raft.netty.dataStream.server.use-epoll = false (default)
2023-06-02 20:40:31,688 [main] INFO  netty.NettyConfigKeys$DataStream (ConfUtils.java:logGet(46)) - raft.netty.dataStream.server.boss-group.size = 0 (default)
2023-06-02 20:40:31,689 [main] INFO  netty.NettyConfigKeys$DataStream (ConfUtils.java:logGet(46)) - raft.netty.dataStream.server.worker-group.size = 0 (default)
2023-06-02 20:40:31,691 [main] INFO  netty.NettyConfigKeys$DataStream (ConfUtils.java:logGet(46)) - raft.netty.dataStream.server.tls.conf = null (default)
2023-06-02 20:40:31,694 [main] INFO  netty.NettyConfigKeys$DataStream (ConfUtils.java:logGet(46)) - raft.netty.dataStream.host = null (default)
2023-06-02 20:40:31,694 [main] INFO  netty.NettyConfigKeys$DataStream (ConfUtils.java:logGet(46)) - raft.netty.dataStream.port = 15123 (custom)
2023-06-02 20:40:31,697 [main] INFO  server.RaftServerConfigKeys (ConfUtils.java:logGet(46)) - raft.server.threadpool.proxy.cached = true (default)
2023-06-02 20:40:31,697 [main] INFO  server.RaftServerConfigKeys (ConfUtils.java:logGet(46)) - raft.server.threadpool.proxy.size = 0 (default)
2023-06-02 20:40:31,697 [main] INFO  server.RaftServerConfigKeys (ConfUtils.java:logGet(46)) - raft.server.rpc.slowness.timeout = 300s (custom)
2023-06-02 20:40:31,697 [main] INFO  server.RaftServerConfigKeys (ConfUtils.java:logGet(46)) - raft.server.leaderelection.leader.step-down.wait-time = 10s (default)
2023-06-02 20:40:31,698 [main] INFO  server.RaftServerConfigKeys (ConfUtils.java:logGet(46)) - raft.server.storage.dir = [/home/runner/work/ozone/ozone/hadoop-ozone/integration-test/target/test-dir/MiniOzoneClusterImpl-5ac0c7d5-b38a-4534-ae70-3109b4fe19c6/datanode-12/data/ratis] (custom)
2023-06-02 20:40:31,710 [8f90378c-2071-462d-9a04-80510992f21c-NettyServerStreamRpc-bossGroup--thread1] INFO  logging.LoggingHandler (AbstractInternalLogger.java:log(148)) - [id: 0xe248a4f4] REGISTERED
2023-06-02 20:40:31,710 [8f90378c-2071-462d-9a04-80510992f21c-NettyServerStreamRpc-bossGroup--thread1] INFO  logging.LoggingHandler (AbstractInternalLogger.java:log(148)) - [id: 0xe248a4f4] BIND: 0.0.0.0/0.0.0.0:15123
2023-06-02 20:40:31,710 [8f90378c-2071-462d-9a04-80510992f21c-NettyServerStreamRpc-bossGroup--thread1] INFO  logging.LoggingHandler (AbstractInternalLogger.java:log(148)) - [id: 0xe248a4f4, L:/0:0:0:0:0:0:0:0:15123] ACTIVE
2023-06-02 20:40:31,714 [main] INFO  server.XceiverServerGrpc (XceiverServerGrpc.java:<init>(132)) - GrpcServer channel type EpollServerSocketChannel
2023-06-02 20:40:31,716 [main] INFO  replication.ReplicationSupervisor (ReplicationSupervisor.java:nodeStateUpdated(305)) - Node state updated to IN_SERVICE, scaling executor pool size to 10
2023-06-02 20:40:31,717 [main] INFO  token.OzoneBlockTokenSecretManager (OzoneSecretManager.java:updateCurrentKey(175)) - Updating current master key for generating tokens. Cert id 3603736608543
2023-06-02 20:40:31,721 [main] INFO  http.BaseHttpServer (BaseHttpServer.java:newHttpServer2BuilderForOzone(224)) - Starting Web-server for hddsDatanode at: http://0.0.0.0:15117
2023-06-02 20:40:31,721 [main] INFO  http.BaseHttpServer (BaseHttpServer.java:<init>(111)) - Hadoop Security Enabled: false Ozone Security Enabled: false Ozone HTTP Security Enabled: false 
2023-06-02 20:40:31,726 [main] WARN  server.AuthenticationFilter (AuthenticationFilter.java:constructSecretProvider(240)) - Unable to initialize FileSignerSecretProvider, falling back to use random secrets. Reason: Could not read signature secret file: /home/runner/hadoop-http-auth-signature-secret
2023-06-02 20:40:31,728 [EndpointStateMachine task thread for /0.0.0.0:15002 - 0 ] INFO  utils.DatanodeStoreCache (DatanodeStoreCache.java:addDB(66)) - Added db /home/runner/work/ozone/ozone/hadoop-ozone/integration-test/target/test-dir/MiniOzoneClusterImpl-5ac0c7d5-b38a-4534-ae70-3109b4fe19c6/datanode-7/data-0/containers/hdds/5ac0c7d5-b38a-4534-ae70-3109b4fe19c6/DS-6394c297-1d8e-45ac-b403-5c443d7cfba9/container.db to cache
2023-06-02 20:40:31,729 [EndpointStateMachine task thread for /0.0.0.0:15002 - 0 ] INFO  volume.HddsVolume (HddsVolume.java:createDbStore(350)) - SchemaV3 db is created and loaded at /home/runner/work/ozone/ozone/hadoop-ozone/integration-test/target/test-dir/MiniOzoneClusterImpl-5ac0c7d5-b38a-4534-ae70-3109b4fe19c6/datanode-7/data-0/containers/hdds/5ac0c7d5-b38a-4534-ae70-3109b4fe19c6/DS-6394c297-1d8e-45ac-b403-5c443d7cfba9/container.db for volume DS-6394c297-1d8e-45ac-b403-5c443d7cfba9
2023-06-02 20:40:31,729 [EndpointStateMachine task thread for /0.0.0.0:15002 - 0 ] INFO  ozoneimpl.OzoneContainer (OzoneContainer.java:start(398)) - Attempting to start container services.
2023-06-02 20:40:31,729 [EndpointStateMachine task thread for /0.0.0.0:15002 - 0 ] INFO  ozoneimpl.OzoneContainer (OzoneContainer.java:startContainerScrub(314)) - Scheduled background container scanners and the on-demand container scanner have been disabled.
2023-06-02 20:40:31,738 [EndpointStateMachine task thread for /0.0.0.0:15002 - 0 ] INFO  replication.ReplicationServer (ReplicationServer.java:start(128)) - ReplicationServer is started using port 15079
2023-06-02 20:40:31,738 [main] INFO  http.HttpRequestLog (HttpRequestLog.java:getRequestLog(86)) - Http request log for http.requests.hddsDatanode is not defined
2023-06-02 20:40:31,738 [EndpointStateMachine task thread for /0.0.0.0:15002 - 0 ] INFO  ratis.XceiverServerRatis (XceiverServerRatis.java:start(517)) - Starting XceiverServerRatis c30a36da-1763-463f-9370-bf353ef860b0
2023-06-02 20:40:31,739 [EndpointStateMachine task thread for /0.0.0.0:15002 - 0 ] INFO  server.RaftServer (RaftServerProxy.java:startImpl(400)) - c30a36da-1763-463f-9370-bf353ef860b0: start RPC server
2023-06-02 20:40:31,741 [EndpointStateMachine task thread for /0.0.0.0:15002 - 0 ] INFO  server.GrpcService (GrpcService.java:startImpl(302)) - c30a36da-1763-463f-9370-bf353ef860b0: GrpcService started, listening on 15075
2023-06-02 20:40:31,743 [EndpointStateMachine task thread for /0.0.0.0:15002 - 0 ] INFO  server.GrpcService (GrpcService.java:startImpl(302)) - c30a36da-1763-463f-9370-bf353ef860b0: GrpcService started, listening on 15077
2023-06-02 20:40:31,746 [EndpointStateMachine task thread for /0.0.0.0:15002 - 0 ] INFO  server.GrpcService (GrpcService.java:startImpl(302)) - c30a36da-1763-463f-9370-bf353ef860b0: GrpcService started, listening on 15076
2023-06-02 20:40:31,746 [main] INFO  http.HttpServer2 (HttpServer2.java:addGlobalFilter(1031)) - Added global filter 'safety' (class=org.apache.hadoop.hdds.server.http.HttpServer2$QuotingInputFilter)
2023-06-02 20:40:31,746 [JvmPauseMonitor9] INFO  util.JvmPauseMonitor (JvmPauseMonitor.java:run(103)) - JvmPauseMonitor-c30a36da-1763-463f-9370-bf353ef860b0: Started
2023-06-02 20:40:31,746 [EndpointStateMachine task thread for /0.0.0.0:15002 - 0 ] INFO  ratis.XceiverServerRatis (XceiverServerRatis.java:getRealPort(543)) - XceiverServerRatis c30a36da-1763-463f-9370-bf353ef860b0 is started using port 15075 for RATIS
2023-06-02 20:40:31,747 [EndpointStateMachine task thread for /0.0.0.0:15002 - 0 ] INFO  ratis.XceiverServerRatis (XceiverServerRatis.java:getRealPort(543)) - XceiverServerRatis c30a36da-1763-463f-9370-bf353ef860b0 is started using port 15076 for RATIS_ADMIN
2023-06-02 20:40:31,747 [EndpointStateMachine task thread for /0.0.0.0:15002 - 0 ] INFO  ratis.XceiverServerRatis (XceiverServerRatis.java:getRealPort(543)) - XceiverServerRatis c30a36da-1763-463f-9370-bf353ef860b0 is started using port 15077 for RATIS_SERVER
2023-06-02 20:40:31,747 [EndpointStateMachine task thread for /0.0.0.0:15002 - 0 ] INFO  ratis.XceiverServerRatis (XceiverServerRatis.java:getRealPort(543)) - XceiverServerRatis c30a36da-1763-463f-9370-bf353ef860b0 is started using port 15078 for RATIS_DATASTREAM
2023-06-02 20:40:31,747 [main] INFO  http.HttpServer2 (HttpServer2.java:addFilter(1007)) - Added filter static_user_filter (class=org.apache.hadoop.http.lib.StaticUserWebFilter$StaticUserFilter) to context hddsDatanode
2023-06-02 20:40:31,747 [main] INFO  http.HttpServer2 (HttpServer2.java:addFilter(1015)) - Added filter static_user_filter (class=org.apache.hadoop.http.lib.StaticUserWebFilter$StaticUserFilter) to context static
2023-06-02 20:40:31,748 [main] INFO  http.HttpServer2 (HttpServer2.java:addFilter(1015)) - Added filter static_user_filter (class=org.apache.hadoop.http.lib.StaticUserWebFilter$StaticUserFilter) to context logs
2023-06-02 20:40:31,749 [main] INFO  http.BaseHttpServer (BaseHttpServer.java:<init>(190)) - HTTP server of hddsDatanode uses base directory /home/runner/work/ozone/ozone/hadoop-ozone/integration-test/target/test-dir/MiniOzoneClusterImpl-5ac0c7d5-b38a-4534-ae70-3109b4fe19c6/datanode-12/meta/webserver
2023-06-02 20:40:31,750 [main] INFO  http.HttpServer2 (HttpServer2.java:bindListener(1250)) - Jetty bound to port 15117
2023-06-02 20:40:31,750 [main] INFO  server.Server (Server.java:doStart(375)) - jetty-9.4.51.v20230217; built: 2023-02-17T08:19:37.309Z; git: b45c405e4544384de066f814ed42ae3dceacdd49; jvm 1.8.0_372-b07
2023-06-02 20:40:31,756 [BlockDeletingService#0] INFO  interfaces.ContainerDeletionChoosingPolicyTemplate (ContainerDeletionChoosingPolicyTemplate.java:chooseContainerForBlockDeletion(83)) - Chosen 0/5000 blocks from 0 candidate containers.
2023-06-02 20:40:31,762 [main] INFO  server.session (DefaultSessionIdManager.java:doStart(334)) - DefaultSessionIdManager workerName=node0
2023-06-02 20:40:31,762 [main] INFO  server.session (DefaultSessionIdManager.java:doStart(339)) - No SessionScavenger set, using defaults
2023-06-02 20:40:31,762 [main] INFO  server.session (HouseKeeper.java:startScavenging(132)) - node0 Scavenging every 660000ms
2023-06-02 20:40:31,763 [main] INFO  handler.ContextHandler (ContextHandler.java:doStart(921)) - Started o.e.j.s.ServletContextHandler@1ba5b2a8{logs,/logs,file:///home/runner/work/ozone/ozone/hadoop-ozone/integration-test/target/log,AVAILABLE}
2023-06-02 20:40:31,764 [main] INFO  handler.ContextHandler (ContextHandler.java:doStart(921)) - Started o.e.j.s.ServletContextHandler@abb1493{static,/static,jar:file:/home/runner/.m2/repository/org/apache/ozone/hdds-container-service/1.4.0-SNAPSHOT/hdds-container-service-1.4.0-SNAPSHOT.jar!/webapps/static,AVAILABLE}
2023-06-02 20:40:31,826 [IPC Server handler 19 on default port 15002] INFO  net.NetworkTopologyImpl (NetworkTopologyImpl.java:add(112)) - Added a new node: /default-rack/4daf1ed2-e43c-4bda-878b-63f1449da6f8
2023-06-02 20:40:31,826 [IPC Server handler 19 on default port 15002] INFO  node.SCMNodeManager (SCMNodeManager.java:register(407)) - Registered Data node : 4daf1ed2-e43c-4bda-878b-63f1449da6f8{ip: 10.1.0.31, host: fv-az1239-288, ports: [HTTP=15036, CLIENT_RPC=15037, REPLICATION=15043, RATIS=15039, RATIS_ADMIN=15040, RATIS_SERVER=15041, RATIS_DATASTREAM=15042, STANDALONE=15038], networkLocation: /default-rack, certSerialId: null, persistedOpState: null, persistedOpStateExpiryEpochSec: 0}
2023-06-02 20:40:31,826 [EventQueue-NewNodeForNewNodeHandler] INFO  pipeline.BackgroundPipelineCreator (BackgroundPipelineCreator.java:notifyEventTriggered(276)) - trigger a one-shot run on RatisPipelineUtilsThread.
2023-06-02 20:40:31,828 [RatisPipelineUtilsThread - 0] INFO  pipeline.RatisPipelineProvider (RatisPipelineProvider.java:lambda$create$0(206)) - Sending CreatePipelineCommand for pipeline:PipelineID=362dd4a8-6fc9-4f6b-be91-5f6dc9bed5bc to datanode:4daf1ed2-e43c-4bda-878b-63f1449da6f8
2023-06-02 20:40:31,829 [RatisPipelineUtilsThread - 0] INFO  pipeline.PipelineStateManagerImpl (PipelineStateManagerImpl.java:addPipeline(103)) - Created pipeline Pipeline[ Id: 362dd4a8-6fc9-4f6b-be91-5f6dc9bed5bc, Nodes: 4daf1ed2-e43c-4bda-878b-63f1449da6f8(fv-az1239-288/10.1.0.31), ReplicationConfig: RATIS/ONE, State:ALLOCATED, leaderId:, CreationTimestamp2023-06-02T20:40:31.828Z[Etc/UTC]].
2023-06-02 20:40:31,829 [RatisPipelineUtilsThread - 0] WARN  pipeline.PipelinePlacementPolicy (PipelinePlacementPolicy.java:filterViableNodes(160)) - Pipeline creation failed due to no sufficient healthy datanodes. Required 3. Found 1. Excluded 3.
2023-06-02 20:40:32,007 [main] INFO  handler.ContextHandler (ContextHandler.java:doStart(921)) - Started o.e.j.w.WebAppContext@24aa7410{hddsDatanode,/,file:///home/runner/work/ozone/ozone/hadoop-ozone/integration-test/target/test-dir/MiniOzoneClusterImpl-5ac0c7d5-b38a-4534-ae70-3109b4fe19c6/datanode-12/meta/webserver/jetty-0_0_0_0-15117-hdds-container-service-1_4_0-SNAPSHOT_jar-_-any-2476812363594337454/webapp/,AVAILABLE}{jar:file:/home/runner/.m2/repository/org/apache/ozone/hdds-container-service/1.4.0-SNAPSHOT/hdds-container-service-1.4.0-SNAPSHOT.jar!/webapps/hddsDatanode}
2023-06-02 20:40:32,009 [main] INFO  server.AbstractConnector (AbstractConnector.java:doStart(333)) - Started ServerConnector@50dffc4{HTTP/1.1, (http/1.1)}{0.0.0.0:15117}
2023-06-02 20:40:32,010 [main] INFO  server.Server (Server.java:doStart(415)) - Started @17201ms
2023-06-02 20:40:32,010 [main] WARN  impl.MetricsSystemImpl (MetricsSystemImpl.java:register(279)) - Sink prometheus already exists!
2023-06-02 20:40:32,011 [main] INFO  http.BaseHttpServer (BaseHttpServer.java:updateConnectorAddress(344)) - HTTP server of hddsDatanode listening at http://0.0.0.0:15117
2023-06-02 20:40:32,011 [main] INFO  ipc.CallQueueManager (CallQueueManager.java:<init>(90)) - Using callQueue: class java.util.concurrent.LinkedBlockingQueue, queueCapacity: 100, scheduler: class org.apache.hadoop.ipc.DefaultRpcScheduler, ipcBackoff: false.
2023-06-02 20:40:32,012 [Socket Reader #1 for port 15118] INFO  ipc.Server (Server.java:run(1319)) - Starting Socket Reader #1 for port 15118
2023-06-02 20:40:32,020 [Listener at 0.0.0.0/15118] INFO  hdds.HddsUtils (HddsUtils.java:preserveThreadName(843)) - Restoring thread name: main
2023-06-02 20:40:32,021 [main] INFO  ozone.HddsDatanodeService (HddsDatanodeService.java:start(331)) - Datanode start with admins: [runner]
2023-06-02 20:40:32,021 [main] INFO  ozone.HddsDatanodeClientProtocolServer (HddsDatanodeClientProtocolServer.java:start(83)) - RPC server for Client /0.0.0.0:15118
2023-06-02 20:40:32,021 [IPC Server Responder] INFO  ipc.Server (Server.java:run(1558)) - IPC Server Responder: starting
2023-06-02 20:40:32,021 [IPC Server listener on 15118] INFO  ipc.Server (Server.java:run(1398)) - IPC Server listener on 15118: starting
2023-06-02 20:40:32,022 [main] WARN  impl.MetricRegistriesImpl (MetricRegistriesImpl.java:addReporterRegistration(111)) - New reporters are added after registries were created. Some metrics will be missing from the reporter. Please add reporter before adding any new registry.
2023-06-02 20:40:32,022 [main] WARN  impl.MetricRegistriesImpl (MetricRegistriesImpl.java:addReporterRegistration(111)) - New reporters are added after registries were created. Some metrics will be missing from the reporter. Please add reporter before adding any new registry.
2023-06-02 20:40:32,022 [main] INFO  impl.MetricsSystemImpl (MetricsSystemImpl.java:init(158)) - HddsDatanode metrics system started (again)
2023-06-02 20:40:32,032 [Datanode State Machine Daemon Thread] INFO  statemachine.DatanodeStateMachine (DatanodeStateMachine.java:lambda$startDaemon$0(523)) - Ozone container server started.
2023-06-02 20:40:32,057 [main] INFO  ozone.HddsDatanodeService (HddsDatanodeService.java:start(261)) - HddsDatanodeService host:fv-az1239-288 ip:10.1.0.31
2023-06-02 20:40:32,074 [Datanode State Machine Task Thread - 0] INFO  datanode.InitDatanodeState (InitDatanodeState.java:persistContainerDatanodeDetails(138)) - DatanodeDetails is persisted to /home/runner/work/ozone/ozone/hadoop-ozone/integration-test/target/test-dir/MiniOzoneClusterImpl-5ac0c7d5-b38a-4534-ae70-3109b4fe19c6/datanode-12/meta/datanode.id
2023-06-02 20:40:32,096 [main] INFO  upgrade.AbstractLayoutVersionManager (AbstractLayoutVersionManager.java:init(83)) - Initializing Layout version manager with metadata layout = HADOOP_PRC_PORTS_IN_DATANODEDETAILS (version = 7), software layout = HADOOP_PRC_PORTS_IN_DATANODEDETAILS (version = 7)
2023-06-02 20:40:32,097 [main] INFO  statemachine.DatanodeStateMachine (DatanodeStateMachine.java:getEndPointTaskThreadPoolSize(271)) - Datanode State Machine Task Thread Pool size 2
2023-06-02 20:40:32,101 [main] INFO  volume.HddsVolume (HddsVolume.java:<init>(130)) - Creating HddsVolume: /home/runner/work/ozone/ozone/hadoop-ozone/integration-test/target/test-dir/MiniOzoneClusterImpl-5ac0c7d5-b38a-4534-ae70-3109b4fe19c6/datanode-13/data-0/containers/hdds of storage type : DISK capacity : 9223372036854775807
2023-06-02 20:40:32,101 [main] INFO  volume.MutableVolumeSet (MutableVolumeSet.java:initializeVolumeSet(175)) - Added Volume : /home/runner/work/ozone/ozone/hadoop-ozone/integration-test/target/test-dir/MiniOzoneClusterImpl-5ac0c7d5-b38a-4534-ae70-3109b4fe19c6/datanode-13/data-0/containers/hdds to VolumeSet
2023-06-02 20:40:32,101 [main] INFO  volume.ThrottledAsyncChecker (ThrottledAsyncChecker.java:schedule(141)) - Scheduling a check for /home/runner/work/ozone/ozone/hadoop-ozone/integration-test/target/test-dir/MiniOzoneClusterImpl-5ac0c7d5-b38a-4534-ae70-3109b4fe19c6/datanode-13/data-0/containers/hdds
2023-06-02 20:40:32,104 [main] INFO  volume.StorageVolumeChecker (StorageVolumeChecker.java:checkAllVolumes(202)) - Scheduled health check for volume /home/runner/work/ozone/ozone/hadoop-ozone/integration-test/target/test-dir/MiniOzoneClusterImpl-5ac0c7d5-b38a-4534-ae70-3109b4fe19c6/datanode-13/data-0/containers/hdds
2023-06-02 20:40:32,137 [main] INFO  volume.MutableVolumeSet (MutableVolumeSet.java:initializeVolumeSet(175)) - Added Volume : /home/runner/work/ozone/ozone/hadoop-ozone/integration-test/target/test-dir/MiniOzoneClusterImpl-5ac0c7d5-b38a-4534-ae70-3109b4fe19c6/datanode-13/data/ratis to VolumeSet
2023-06-02 20:40:32,137 [main] INFO  volume.ThrottledAsyncChecker (ThrottledAsyncChecker.java:schedule(141)) - Scheduling a check for /home/runner/work/ozone/ozone/hadoop-ozone/integration-test/target/test-dir/MiniOzoneClusterImpl-5ac0c7d5-b38a-4534-ae70-3109b4fe19c6/datanode-13/data/ratis
2023-06-02 20:40:32,139 [main] INFO  volume.StorageVolumeChecker (StorageVolumeChecker.java:checkAllVolumes(202)) - Scheduled health check for volume /home/runner/work/ozone/ozone/hadoop-ozone/integration-test/target/test-dir/MiniOzoneClusterImpl-5ac0c7d5-b38a-4534-ae70-3109b4fe19c6/datanode-13/data/ratis
2023-06-02 20:40:32,145 [EndpointStateMachine task thread for /0.0.0.0:15002 - 0 ] INFO  utils.DatanodeStoreCache (DatanodeStoreCache.java:addDB(66)) - Added db /home/runner/work/ozone/ozone/hadoop-ozone/integration-test/target/test-dir/MiniOzoneClusterImpl-5ac0c7d5-b38a-4534-ae70-3109b4fe19c6/datanode-8/data-0/containers/hdds/5ac0c7d5-b38a-4534-ae70-3109b4fe19c6/DS-f70f9cac-080d-4bd2-91d1-d674058eabd3/container.db to cache
2023-06-02 20:40:32,145 [EndpointStateMachine task thread for /0.0.0.0:15002 - 0 ] INFO  volume.HddsVolume (HddsVolume.java:createDbStore(350)) - SchemaV3 db is created and loaded at /home/runner/work/ozone/ozone/hadoop-ozone/integration-test/target/test-dir/MiniOzoneClusterImpl-5ac0c7d5-b38a-4534-ae70-3109b4fe19c6/datanode-8/data-0/containers/hdds/5ac0c7d5-b38a-4534-ae70-3109b4fe19c6/DS-f70f9cac-080d-4bd2-91d1-d674058eabd3/container.db for volume DS-f70f9cac-080d-4bd2-91d1-d674058eabd3
2023-06-02 20:40:32,146 [EndpointStateMachine task thread for /0.0.0.0:15002 - 0 ] INFO  ozoneimpl.OzoneContainer (OzoneContainer.java:start(398)) - Attempting to start container services.
2023-06-02 20:40:32,146 [EndpointStateMachine task thread for /0.0.0.0:15002 - 0 ] INFO  ozoneimpl.OzoneContainer (OzoneContainer.java:startContainerScrub(314)) - Scheduled background container scanners and the on-demand container scanner have been disabled.
2023-06-02 20:40:32,147 [EndpointStateMachine task thread for /0.0.0.0:15002 - 0 ] INFO  replication.ReplicationServer (ReplicationServer.java:start(128)) - ReplicationServer is started using port 15088
2023-06-02 20:40:32,147 [EndpointStateMachine task thread for /0.0.0.0:15002 - 0 ] INFO  ratis.XceiverServerRatis (XceiverServerRatis.java:start(517)) - Starting XceiverServerRatis b4411977-9720-4d4b-9a0b-907fa7158048
2023-06-02 20:40:32,148 [EndpointStateMachine task thread for /0.0.0.0:15002 - 0 ] INFO  server.RaftServer (RaftServerProxy.java:startImpl(400)) - b4411977-9720-4d4b-9a0b-907fa7158048: start RPC server
2023-06-02 20:40:32,149 [EndpointStateMachine task thread for /0.0.0.0:15002 - 0 ] INFO  server.GrpcService (GrpcService.java:startImpl(302)) - b4411977-9720-4d4b-9a0b-907fa7158048: GrpcService started, listening on 15084
2023-06-02 20:40:32,155 [EndpointStateMachine task thread for /0.0.0.0:15002 - 0 ] INFO  server.GrpcService (GrpcService.java:startImpl(302)) - b4411977-9720-4d4b-9a0b-907fa7158048: GrpcService started, listening on 15086
2023-06-02 20:40:32,155 [EndpointStateMachine task thread for /0.0.0.0:15002 - 0 ] INFO  server.GrpcService (GrpcService.java:startImpl(302)) - b4411977-9720-4d4b-9a0b-907fa7158048: GrpcService started, listening on 15085
2023-06-02 20:40:32,156 [EndpointStateMachine task thread for /0.0.0.0:15002 - 0 ] INFO  ratis.XceiverServerRatis (XceiverServerRatis.java:getRealPort(543)) - XceiverServerRatis b4411977-9720-4d4b-9a0b-907fa7158048 is started using port 15084 for RATIS
2023-06-02 20:40:32,156 [EndpointStateMachine task thread for /0.0.0.0:15002 - 0 ] INFO  ratis.XceiverServerRatis (XceiverServerRatis.java:getRealPort(543)) - XceiverServerRatis b4411977-9720-4d4b-9a0b-907fa7158048 is started using port 15085 for RATIS_ADMIN
2023-06-02 20:40:32,156 [EndpointStateMachine task thread for /0.0.0.0:15002 - 0 ] INFO  ratis.XceiverServerRatis (XceiverServerRatis.java:getRealPort(543)) - XceiverServerRatis b4411977-9720-4d4b-9a0b-907fa7158048 is started using port 15086 for RATIS_SERVER
2023-06-02 20:40:32,156 [EndpointStateMachine task thread for /0.0.0.0:15002 - 0 ] INFO  ratis.XceiverServerRatis (XceiverServerRatis.java:getRealPort(543)) - XceiverServerRatis b4411977-9720-4d4b-9a0b-907fa7158048 is started using port 15087 for RATIS_DATASTREAM
2023-06-02 20:40:32,156 [Thread-410] INFO  ozoneimpl.ContainerReader (ContainerReader.java:readVolume(175)) - Finish verifying containers on volume /home/runner/work/ozone/ozone/hadoop-ozone/integration-test/target/test-dir/MiniOzoneClusterImpl-5ac0c7d5-b38a-4534-ae70-3109b4fe19c6/datanode-13/data-0/containers/hdds
2023-06-02 20:40:32,157 [main] INFO  ozoneimpl.OzoneContainer (OzoneContainer.java:buildContainerSet(303)) - Build ContainerSet costs 0s
2023-06-02 20:40:32,157 [JvmPauseMonitor10] INFO  util.JvmPauseMonitor (JvmPauseMonitor.java:run(103)) - JvmPauseMonitor-b4411977-9720-4d4b-9a0b-907fa7158048: Started
2023-06-02 20:40:32,160 [main] INFO  server.RaftServer (ConfUtils.java:logGet(46)) - raft.rpc.type = GRPC (default)
2023-06-02 20:40:32,163 [main] INFO  grpc.GrpcConfigKeys (ConfUtils.java:logFallback(53)) - raft.grpc.admin.host = null (fallback to raft.grpc.server.host)
2023-06-02 20:40:32,163 [BlockDeletingService#0] INFO  interfaces.ContainerDeletionChoosingPolicyTemplate (ContainerDeletionChoosingPolicyTemplate.java:chooseContainerForBlockDeletion(83)) - Chosen 0/5000 blocks from 0 candidate containers.
2023-06-02 20:40:32,163 [main] INFO  grpc.GrpcConfigKeys (ConfUtils.java:logGet(46)) - raft.grpc.admin.port = 15130 (custom)
2023-06-02 20:40:32,164 [main] INFO  grpc.GrpcConfigKeys (ConfUtils.java:logFallback(53)) - raft.grpc.client.host = null (fallback to raft.grpc.server.host)
2023-06-02 20:40:32,164 [main] INFO  grpc.GrpcConfigKeys (ConfUtils.java:logGet(46)) - raft.grpc.client.port = 15129 (custom)
2023-06-02 20:40:32,164 [main] INFO  grpc.GrpcConfigKeys (ConfUtils.java:logGet(46)) - raft.grpc.server.host = null (default)
2023-06-02 20:40:32,164 [main] INFO  grpc.GrpcConfigKeys (ConfUtils.java:logGet(46)) - raft.grpc.server.port = 15131 (custom)
2023-06-02 20:40:32,164 [main] INFO  server.GrpcService (ConfUtils.java:logGet(46)) - raft.grpc.message.size.max = 32MB (=33554432) (custom)
2023-06-02 20:40:32,164 [main] INFO  server.RaftServerConfigKeys (ConfUtils.java:logGet(46)) - raft.server.log.appender.buffer.byte-limit = 33554432 (custom)
2023-06-02 20:40:32,165 [main] INFO  server.GrpcService (ConfUtils.java:logGet(46)) - raft.grpc.flow.control.window = 5MB (=5242880) (custom)
2023-06-02 20:40:32,165 [main] INFO  server.RaftServerConfigKeys (ConfUtils.java:logGet(46)) - raft.server.rpc.request.timeout = 60s (custom)
2023-06-02 20:40:32,165 [main] INFO  grpc.GrpcConfigKeys (ConfUtils.java:logGet(46)) - raft.grpc.server.heartbeat.channel = true (default)
2023-06-02 20:40:32,165 [main] INFO  grpc.GrpcConfigKeys (ConfUtils.java:logGet(46)) - raft.grpc.server.async.request.thread.pool.cached = true (default)
2023-06-02 20:40:32,165 [main] INFO  grpc.GrpcConfigKeys (ConfUtils.java:logGet(46)) - raft.grpc.server.async.request.thread.pool.size = 32 (default)
2023-06-02 20:40:32,168 [main] INFO  impl.DataStreamServerImpl (ConfUtils.java:logGet(46)) - raft.datastream.type = NETTY (custom)
2023-06-02 20:40:32,169 [main] INFO  server.RaftServerConfigKeys (ConfUtils.java:logGet(46)) - raft.server.data-stream.async.request.thread.pool.cached = false (default)
2023-06-02 20:40:32,169 [main] INFO  server.RaftServerConfigKeys (ConfUtils.java:logGet(46)) - raft.server.data-stream.async.request.thread.pool.size = 20 (custom)
2023-06-02 20:40:32,169 [main] INFO  server.RaftServerConfigKeys (ConfUtils.java:logGet(46)) - raft.server.data-stream.async.write.thread.pool.size = 16 (default)
2023-06-02 20:40:32,169 [main] INFO  server.RaftServerConfigKeys (ConfUtils.java:logGet(46)) - raft.server.data-stream.client.pool.size = 10 (default)
2023-06-02 20:40:32,171 [main] INFO  netty.NettyConfigKeys$DataStream (ConfUtils.java:logGet(46)) - raft.netty.dataStream.server.use-epoll = false (default)
2023-06-02 20:40:32,171 [main] INFO  netty.NettyConfigKeys$DataStream (ConfUtils.java:logGet(46)) - raft.netty.dataStream.server.boss-group.size = 0 (default)
2023-06-02 20:40:32,173 [main] INFO  netty.NettyConfigKeys$DataStream (ConfUtils.java:logGet(46)) - raft.netty.dataStream.server.worker-group.size = 0 (default)
2023-06-02 20:40:32,175 [main] INFO  netty.NettyConfigKeys$DataStream (ConfUtils.java:logGet(46)) - raft.netty.dataStream.server.tls.conf = null (default)
2023-06-02 20:40:32,175 [main] INFO  netty.NettyConfigKeys$DataStream (ConfUtils.java:logGet(46)) - raft.netty.dataStream.host = null (default)
2023-06-02 20:40:32,176 [main] INFO  netty.NettyConfigKeys$DataStream (ConfUtils.java:logGet(46)) - raft.netty.dataStream.port = 15132 (custom)
2023-06-02 20:40:32,177 [main] INFO  server.RaftServerConfigKeys (ConfUtils.java:logGet(46)) - raft.server.threadpool.proxy.cached = true (default)
2023-06-02 20:40:32,180 [main] INFO  server.RaftServerConfigKeys (ConfUtils.java:logGet(46)) - raft.server.threadpool.proxy.size = 0 (default)
2023-06-02 20:40:32,180 [e2046f02-5b0f-4721-8967-351bc4e74694-NettyServerStreamRpc-bossGroup--thread1] INFO  logging.LoggingHandler (AbstractInternalLogger.java:log(148)) - [id: 0x1a6d38df] REGISTERED
2023-06-02 20:40:32,180 [main] INFO  server.RaftServerConfigKeys (ConfUtils.java:logGet(46)) - raft.server.rpc.slowness.timeout = 300s (custom)
2023-06-02 20:40:32,181 [e2046f02-5b0f-4721-8967-351bc4e74694-NettyServerStreamRpc-bossGroup--thread1] INFO  logging.LoggingHandler (AbstractInternalLogger.java:log(148)) - [id: 0x1a6d38df] BIND: 0.0.0.0/0.0.0.0:15132
2023-06-02 20:40:32,181 [main] INFO  server.RaftServerConfigKeys (ConfUtils.java:logGet(46)) - raft.server.leaderelection.leader.step-down.wait-time = 10s (default)
2023-06-02 20:40:32,181 [e2046f02-5b0f-4721-8967-351bc4e74694-NettyServerStreamRpc-bossGroup--thread1] INFO  logging.LoggingHandler (AbstractInternalLogger.java:log(148)) - [id: 0x1a6d38df, L:/0:0:0:0:0:0:0:0:15132] ACTIVE
2023-06-02 20:40:32,182 [main] INFO  server.RaftServerConfigKeys (ConfUtils.java:logGet(46)) - raft.server.storage.dir = [/home/runner/work/ozone/ozone/hadoop-ozone/integration-test/target/test-dir/MiniOzoneClusterImpl-5ac0c7d5-b38a-4534-ae70-3109b4fe19c6/datanode-13/data/ratis] (custom)
2023-06-02 20:40:32,184 [main] INFO  server.XceiverServerGrpc (XceiverServerGrpc.java:<init>(132)) - GrpcServer channel type EpollServerSocketChannel
2023-06-02 20:40:32,187 [main] INFO  replication.ReplicationSupervisor (ReplicationSupervisor.java:nodeStateUpdated(305)) - Node state updated to IN_SERVICE, scaling executor pool size to 10
2023-06-02 20:40:32,190 [main] INFO  token.OzoneBlockTokenSecretManager (OzoneSecretManager.java:updateCurrentKey(175)) - Updating current master key for generating tokens. Cert id 3603736608543
2023-06-02 20:40:32,191 [main] INFO  http.BaseHttpServer (BaseHttpServer.java:newHttpServer2BuilderForOzone(224)) - Starting Web-server for hddsDatanode at: http://0.0.0.0:15126
2023-06-02 20:40:32,192 [main] INFO  http.BaseHttpServer (BaseHttpServer.java:<init>(111)) - Hadoop Security Enabled: false Ozone Security Enabled: false Ozone HTTP Security Enabled: false 
2023-06-02 20:40:32,195 [main] WARN  server.AuthenticationFilter (AuthenticationFilter.java:constructSecretProvider(240)) - Unable to initialize FileSignerSecretProvider, falling back to use random secrets. Reason: Could not read signature secret file: /home/runner/hadoop-http-auth-signature-secret
2023-06-02 20:40:32,196 [main] INFO  http.HttpRequestLog (HttpRequestLog.java:getRequestLog(86)) - Http request log for http.requests.hddsDatanode is not defined
2023-06-02 20:40:32,198 [main] INFO  http.HttpServer2 (HttpServer2.java:addGlobalFilter(1031)) - Added global filter 'safety' (class=org.apache.hadoop.hdds.server.http.HttpServer2$QuotingInputFilter)
2023-06-02 20:40:32,200 [main] INFO  http.HttpServer2 (HttpServer2.java:addFilter(1007)) - Added filter static_user_filter (class=org.apache.hadoop.http.lib.StaticUserWebFilter$StaticUserFilter) to context hddsDatanode
2023-06-02 20:40:32,200 [main] INFO  http.HttpServer2 (HttpServer2.java:addFilter(1015)) - Added filter static_user_filter (class=org.apache.hadoop.http.lib.StaticUserWebFilter$StaticUserFilter) to context logs
2023-06-02 20:40:32,203 [main] INFO  http.HttpServer2 (HttpServer2.java:addFilter(1015)) - Added filter static_user_filter (class=org.apache.hadoop.http.lib.StaticUserWebFilter$StaticUserFilter) to context static
2023-06-02 20:40:32,205 [main] INFO  http.BaseHttpServer (BaseHttpServer.java:<init>(190)) - HTTP server of hddsDatanode uses base directory /home/runner/work/ozone/ozone/hadoop-ozone/integration-test/target/test-dir/MiniOzoneClusterImpl-5ac0c7d5-b38a-4534-ae70-3109b4fe19c6/datanode-13/meta/webserver
2023-06-02 20:40:32,206 [main] INFO  http.HttpServer2 (HttpServer2.java:bindListener(1250)) - Jetty bound to port 15126
2023-06-02 20:40:32,206 [main] INFO  server.Server (Server.java:doStart(375)) - jetty-9.4.51.v20230217; built: 2023-02-17T08:19:37.309Z; git: b45c405e4544384de066f814ed42ae3dceacdd49; jvm 1.8.0_372-b07
2023-06-02 20:40:32,212 [main] INFO  server.session (DefaultSessionIdManager.java:doStart(334)) - DefaultSessionIdManager workerName=node0
2023-06-02 20:40:32,212 [main] INFO  server.session (DefaultSessionIdManager.java:doStart(339)) - No SessionScavenger set, using defaults
2023-06-02 20:40:32,212 [main] INFO  server.session (HouseKeeper.java:startScavenging(132)) - node0 Scavenging every 660000ms
2023-06-02 20:40:32,214 [main] INFO  handler.ContextHandler (ContextHandler.java:doStart(921)) - Started o.e.j.s.ServletContextHandler@793c77f{logs,/logs,file:///home/runner/work/ozone/ozone/hadoop-ozone/integration-test/target/log,AVAILABLE}
2023-06-02 20:40:32,216 [main] INFO  handler.ContextHandler (ContextHandler.java:doStart(921)) - Started o.e.j.s.ServletContextHandler@5ac214{static,/static,jar:file:/home/runner/.m2/repository/org/apache/ozone/hdds-container-service/1.4.0-SNAPSHOT/hdds-container-service-1.4.0-SNAPSHOT.jar!/webapps/static,AVAILABLE}
2023-06-02 20:40:32,219 [IPC Server handler 7 on default port 15002] INFO  net.NetworkTopologyImpl (NetworkTopologyImpl.java:add(112)) - Added a new node: /default-rack/0ec547f6-a501-4372-afcf-7dbe5c08d569
2023-06-02 20:40:32,220 [IPC Server handler 7 on default port 15002] INFO  node.SCMNodeManager (SCMNodeManager.java:register(407)) - Registered Data node : 0ec547f6-a501-4372-afcf-7dbe5c08d569{ip: 10.1.0.31, host: fv-az1239-288, ports: [HTTP=15045, CLIENT_RPC=15046, REPLICATION=15052, RATIS=15048, RATIS_ADMIN=15049, RATIS_SERVER=15050, RATIS_DATASTREAM=15051, STANDALONE=15047], networkLocation: /default-rack, certSerialId: null, persistedOpState: null, persistedOpStateExpiryEpochSec: 0}
2023-06-02 20:40:32,220 [EventQueue-NewNodeForNewNodeHandler] INFO  pipeline.BackgroundPipelineCreator (BackgroundPipelineCreator.java:notifyEventTriggered(276)) - trigger a one-shot run on RatisPipelineUtilsThread.
2023-06-02 20:40:32,221 [RatisPipelineUtilsThread - 0] INFO  pipeline.RatisPipelineProvider (RatisPipelineProvider.java:lambda$create$0(206)) - Sending CreatePipelineCommand for pipeline:PipelineID=e5630298-d2ca-4eea-aa1f-935df1ee04ab to datanode:0ec547f6-a501-4372-afcf-7dbe5c08d569
2023-06-02 20:40:32,222 [RatisPipelineUtilsThread - 0] INFO  pipeline.PipelineStateManagerImpl (PipelineStateManagerImpl.java:addPipeline(103)) - Created pipeline Pipeline[ Id: e5630298-d2ca-4eea-aa1f-935df1ee04ab, Nodes: 0ec547f6-a501-4372-afcf-7dbe5c08d569(fv-az1239-288/10.1.0.31), ReplicationConfig: RATIS/ONE, State:ALLOCATED, leaderId:, CreationTimestamp2023-06-02T20:40:32.221Z[Etc/UTC]].
2023-06-02 20:40:32,222 [RatisPipelineUtilsThread - 0] WARN  pipeline.PipelinePlacementPolicy (PipelinePlacementPolicy.java:filterViableNodes(160)) - Pipeline creation failed due to no sufficient healthy datanodes. Required 3. Found 2. Excluded 3.
2023-06-02 20:40:32,565 [main] INFO  handler.ContextHandler (ContextHandler.java:doStart(921)) - Started o.e.j.w.WebAppContext@1e09740d{hddsDatanode,/,file:///home/runner/work/ozone/ozone/hadoop-ozone/integration-test/target/test-dir/MiniOzoneClusterImpl-5ac0c7d5-b38a-4534-ae70-3109b4fe19c6/datanode-13/meta/webserver/jetty-0_0_0_0-15126-hdds-container-service-1_4_0-SNAPSHOT_jar-_-any-4142751487696625006/webapp/,AVAILABLE}{jar:file:/home/runner/.m2/repository/org/apache/ozone/hdds-container-service/1.4.0-SNAPSHOT/hdds-container-service-1.4.0-SNAPSHOT.jar!/webapps/hddsDatanode}
2023-06-02 20:40:32,568 [main] INFO  server.AbstractConnector (AbstractConnector.java:doStart(333)) - Started ServerConnector@4dba01ce{HTTP/1.1, (http/1.1)}{0.0.0.0:15126}
2023-06-02 20:40:32,569 [main] INFO  server.Server (Server.java:doStart(415)) - Started @17760ms
2023-06-02 20:40:32,569 [main] WARN  impl.MetricsSystemImpl (MetricsSystemImpl.java:register(279)) - Sink prometheus already exists!
2023-06-02 20:40:32,570 [main] INFO  http.BaseHttpServer (BaseHttpServer.java:updateConnectorAddress(344)) - HTTP server of hddsDatanode listening at http://0.0.0.0:15126
2023-06-02 20:40:32,570 [main] INFO  ipc.CallQueueManager (CallQueueManager.java:<init>(90)) - Using callQueue: class java.util.concurrent.LinkedBlockingQueue, queueCapacity: 100, scheduler: class org.apache.hadoop.ipc.DefaultRpcScheduler, ipcBackoff: false.
2023-06-02 20:40:32,572 [Socket Reader #1 for port 15127] INFO  ipc.Server (Server.java:run(1319)) - Starting Socket Reader #1 for port 15127
2023-06-02 20:40:32,595 [Listener at 0.0.0.0/15127] INFO  hdds.HddsUtils (HddsUtils.java:preserveThreadName(843)) - Restoring thread name: main
2023-06-02 20:40:32,596 [main] INFO  ozone.HddsDatanodeService (HddsDatanodeService.java:start(331)) - Datanode start with admins: [runner]
2023-06-02 20:40:32,596 [main] INFO  ozone.HddsDatanodeClientProtocolServer (HddsDatanodeClientProtocolServer.java:start(83)) - RPC server for Client /0.0.0.0:15127
2023-06-02 20:40:32,602 [IPC Server Responder] INFO  ipc.Server (Server.java:run(1558)) - IPC Server Responder: starting
2023-06-02 20:40:32,603 [IPC Server listener on 15127] INFO  ipc.Server (Server.java:run(1398)) - IPC Server listener on 15127: starting
2023-06-02 20:40:32,610 [EndpointStateMachine task thread for /0.0.0.0:15002 - 0 ] INFO  utils.DatanodeStoreCache (DatanodeStoreCache.java:addDB(66)) - Added db /home/runner/work/ozone/ozone/hadoop-ozone/integration-test/target/test-dir/MiniOzoneClusterImpl-5ac0c7d5-b38a-4534-ae70-3109b4fe19c6/datanode-9/data-0/containers/hdds/5ac0c7d5-b38a-4534-ae70-3109b4fe19c6/DS-12443376-f2df-4f47-b970-a35ce835cf08/container.db to cache
2023-06-02 20:40:32,610 [EndpointStateMachine task thread for /0.0.0.0:15002 - 0 ] INFO  volume.HddsVolume (HddsVolume.java:createDbStore(350)) - SchemaV3 db is created and loaded at /home/runner/work/ozone/ozone/hadoop-ozone/integration-test/target/test-dir/MiniOzoneClusterImpl-5ac0c7d5-b38a-4534-ae70-3109b4fe19c6/datanode-9/data-0/containers/hdds/5ac0c7d5-b38a-4534-ae70-3109b4fe19c6/DS-12443376-f2df-4f47-b970-a35ce835cf08/container.db for volume DS-12443376-f2df-4f47-b970-a35ce835cf08
2023-06-02 20:40:32,610 [EndpointStateMachine task thread for /0.0.0.0:15002 - 0 ] INFO  ozoneimpl.OzoneContainer (OzoneContainer.java:start(398)) - Attempting to start container services.
2023-06-02 20:40:32,610 [EndpointStateMachine task thread for /0.0.0.0:15002 - 0 ] INFO  ozoneimpl.OzoneContainer (OzoneContainer.java:startContainerScrub(314)) - Scheduled background container scanners and the on-demand container scanner have been disabled.
2023-06-02 20:40:32,612 [Datanode State Machine Daemon Thread] INFO  statemachine.DatanodeStateMachine (DatanodeStateMachine.java:lambda$startDaemon$0(523)) - Ozone container server started.
2023-06-02 20:40:32,623 [EndpointStateMachine task thread for /0.0.0.0:15002 - 0 ] INFO  replication.ReplicationServer (ReplicationServer.java:start(128)) - ReplicationServer is started using port 15097
2023-06-02 20:40:32,623 [EndpointStateMachine task thread for /0.0.0.0:15002 - 0 ] INFO  ratis.XceiverServerRatis (XceiverServerRatis.java:start(517)) - Starting XceiverServerRatis c911a996-2ad9-4932-9a2b-dd3b110c7bbf
2023-06-02 20:40:32,623 [main] INFO  token.OzoneBlockTokenSecretManager (OzoneSecretManager.java:updateCurrentKey(175)) - Updating current master key for generating tokens. Cert id 3603736608543
2023-06-02 20:40:32,624 [main] INFO  om.OzoneManager (OzoneManager.java:startSecretManager(1076)) - Starting OM block token secret manager
2023-06-02 20:40:32,624 [main] INFO  token.OzoneBlockTokenSecretManager (OzoneSecretManager.java:updateCurrentKey(175)) - Updating current master key for generating tokens. Cert id 3603736608543
2023-06-02 20:40:32,624 [main] INFO  om.OzoneManager (OzoneManager.java:startSecretManager(1087)) - Starting OM delegation token secret manager
2023-06-02 20:40:32,624 [main] INFO  security.OzoneDelegationTokenSecretManager (OzoneSecretManager.java:updateCurrentKey(175)) - Updating current master key for generating tokens. Cert id 3603736608543
2023-06-02 20:40:32,633 [EndpointStateMachine task thread for /0.0.0.0:15002 - 0 ] INFO  server.RaftServer (RaftServerProxy.java:startImpl(400)) - c911a996-2ad9-4932-9a2b-dd3b110c7bbf: start RPC server
2023-06-02 20:40:32,649 [main] INFO  ozone.MiniOzoneClusterImpl (MiniOzoneClusterImpl.java:lambda$waitForClusterToBeReady$0(222)) - Waiting for nodes to be ready. Got 5 of 14 DN Heartbeats.
2023-06-02 20:40:32,649 [main] INFO  ozone.MiniOzoneClusterImpl (MiniOzoneClusterImpl.java:lambda$waitForClusterToBeReady$0(225)) - Waiting for cluster to exit safe mode
2023-06-02 20:40:32,649 [main] INFO  ozone.MiniOzoneClusterImpl (MiniOzoneClusterImpl.java:lambda$waitForClusterToBeReady$0(227)) - SCM became leader
2023-06-02 20:40:32,645 [Thread[Thread-431,5,main]] INFO  security.OzoneDelegationTokenSecretManager (OzoneDelegationTokenSecretManager.java:run(636)) - Starting expired delegation token remover thread, tokenRemoverScanInterval=60 min(s)
2023-06-02 20:40:32,670 [EndpointStateMachine task thread for /0.0.0.0:15002 - 0 ] INFO  server.GrpcService (GrpcService.java:startImpl(302)) - c911a996-2ad9-4932-9a2b-dd3b110c7bbf: GrpcService started, listening on 15093
2023-06-02 20:40:32,672 [EndpointStateMachine task thread for /0.0.0.0:15002 - 0 ] INFO  server.GrpcService (GrpcService.java:startImpl(302)) - c911a996-2ad9-4932-9a2b-dd3b110c7bbf: GrpcService started, listening on 15095
2023-06-02 20:40:32,673 [Datanode State Machine Task Thread - 0] INFO  datanode.InitDatanodeState (InitDatanodeState.java:persistContainerDatanodeDetails(138)) - DatanodeDetails is persisted to /home/runner/work/ozone/ozone/hadoop-ozone/integration-test/target/test-dir/MiniOzoneClusterImpl-5ac0c7d5-b38a-4534-ae70-3109b4fe19c6/datanode-13/meta/datanode.id
2023-06-02 20:40:32,675 [EndpointStateMachine task thread for /0.0.0.0:15002 - 0 ] INFO  server.GrpcService (GrpcService.java:startImpl(302)) - c911a996-2ad9-4932-9a2b-dd3b110c7bbf: GrpcService started, listening on 15094
2023-06-02 20:40:32,679 [EndpointStateMachine task thread for /0.0.0.0:15002 - 0 ] INFO  ratis.XceiverServerRatis (XceiverServerRatis.java:getRealPort(543)) - XceiverServerRatis c911a996-2ad9-4932-9a2b-dd3b110c7bbf is started using port 15093 for RATIS
2023-06-02 20:40:32,679 [EndpointStateMachine task thread for /0.0.0.0:15002 - 0 ] INFO  ratis.XceiverServerRatis (XceiverServerRatis.java:getRealPort(543)) - XceiverServerRatis c911a996-2ad9-4932-9a2b-dd3b110c7bbf is started using port 15094 for RATIS_ADMIN
2023-06-02 20:40:32,679 [EndpointStateMachine task thread for /0.0.0.0:15002 - 0 ] INFO  ratis.XceiverServerRatis (XceiverServerRatis.java:getRealPort(543)) - XceiverServerRatis c911a996-2ad9-4932-9a2b-dd3b110c7bbf is started using port 15095 for RATIS_SERVER
2023-06-02 20:40:32,679 [EndpointStateMachine task thread for /0.0.0.0:15002 - 0 ] INFO  ratis.XceiverServerRatis (XceiverServerRatis.java:getRealPort(543)) - XceiverServerRatis c911a996-2ad9-4932-9a2b-dd3b110c7bbf is started using port 15096 for RATIS_DATASTREAM
2023-06-02 20:40:32,682 [JvmPauseMonitor11] INFO  util.JvmPauseMonitor (JvmPauseMonitor.java:run(103)) - JvmPauseMonitor-c911a996-2ad9-4932-9a2b-dd3b110c7bbf: Started
2023-06-02 20:40:32,685 [BlockDeletingService#0] INFO  interfaces.ContainerDeletionChoosingPolicyTemplate (ContainerDeletionChoosingPolicyTemplate.java:chooseContainerForBlockDeletion(83)) - Chosen 0/5000 blocks from 0 candidate containers.
2023-06-02 20:40:32,800 [IPC Server handler 19 on default port 15002] INFO  net.NetworkTopologyImpl (NetworkTopologyImpl.java:add(112)) - Added a new node: /default-rack/f5d72e8c-7c96-4354-bf1f-55d48726708b
2023-06-02 20:40:32,800 [IPC Server handler 19 on default port 15002] INFO  node.SCMNodeManager (SCMNodeManager.java:register(407)) - Registered Data node : f5d72e8c-7c96-4354-bf1f-55d48726708b{ip: 10.1.0.31, host: fv-az1239-288, ports: [HTTP=15054, CLIENT_RPC=15055, REPLICATION=15061, RATIS=15057, RATIS_ADMIN=15058, RATIS_SERVER=15059, RATIS_DATASTREAM=15060, STANDALONE=15056], networkLocation: /default-rack, certSerialId: null, persistedOpState: null, persistedOpStateExpiryEpochSec: 0}
2023-06-02 20:40:32,801 [EventQueue-NewNodeForNewNodeHandler] INFO  pipeline.BackgroundPipelineCreator (BackgroundPipelineCreator.java:notifyEventTriggered(276)) - trigger a one-shot run on RatisPipelineUtilsThread.
2023-06-02 20:40:32,801 [RatisPipelineUtilsThread - 0] INFO  pipeline.RatisPipelineProvider (RatisPipelineProvider.java:lambda$create$0(206)) - Sending CreatePipelineCommand for pipeline:PipelineID=e2758bfc-a0d8-4c02-9c43-cb36f2d09563 to datanode:f5d72e8c-7c96-4354-bf1f-55d48726708b
2023-06-02 20:40:32,802 [RatisPipelineUtilsThread - 0] INFO  pipeline.PipelineStateManagerImpl (PipelineStateManagerImpl.java:addPipeline(103)) - Created pipeline Pipeline[ Id: e2758bfc-a0d8-4c02-9c43-cb36f2d09563, Nodes: f5d72e8c-7c96-4354-bf1f-55d48726708b(fv-az1239-288/10.1.0.31), ReplicationConfig: RATIS/ONE, State:ALLOCATED, leaderId:, CreationTimestamp2023-06-02T20:40:32.801Z[Etc/UTC]].
2023-06-02 20:40:32,803 [RatisPipelineUtilsThread - 0] INFO  pipeline.RatisPipelineProvider (RatisPipelineProvider.java:lambda$create$0(206)) - Sending CreatePipelineCommand for pipeline:PipelineID=94fc731c-42cc-4e4c-bf79-4f11ce293873 to datanode:0ec547f6-a501-4372-afcf-7dbe5c08d569
2023-06-02 20:40:32,803 [RatisPipelineUtilsThread - 0] INFO  pipeline.RatisPipelineProvider (RatisPipelineProvider.java:lambda$create$0(206)) - Sending CreatePipelineCommand for pipeline:PipelineID=94fc731c-42cc-4e4c-bf79-4f11ce293873 to datanode:f5d72e8c-7c96-4354-bf1f-55d48726708b
2023-06-02 20:40:32,803 [RatisPipelineUtilsThread - 0] INFO  pipeline.RatisPipelineProvider (RatisPipelineProvider.java:lambda$create$0(206)) - Sending CreatePipelineCommand for pipeline:PipelineID=94fc731c-42cc-4e4c-bf79-4f11ce293873 to datanode:4daf1ed2-e43c-4bda-878b-63f1449da6f8
2023-06-02 20:40:32,804 [RatisPipelineUtilsThread - 0] INFO  pipeline.PipelineStateManagerImpl (PipelineStateManagerImpl.java:addPipeline(103)) - Created pipeline Pipeline[ Id: 94fc731c-42cc-4e4c-bf79-4f11ce293873, Nodes: 0ec547f6-a501-4372-afcf-7dbe5c08d569(fv-az1239-288/10.1.0.31)f5d72e8c-7c96-4354-bf1f-55d48726708b(fv-az1239-288/10.1.0.31)4daf1ed2-e43c-4bda-878b-63f1449da6f8(fv-az1239-288/10.1.0.31), ReplicationConfig: RATIS/THREE, State:ALLOCATED, leaderId:, CreationTimestamp2023-06-02T20:40:32.803Z[Etc/UTC]].
2023-06-02 20:40:32,805 [RatisPipelineUtilsThread - 0] INFO  pipeline.RatisPipelineProvider (RatisPipelineProvider.java:lambda$create$0(206)) - Sending CreatePipelineCommand for pipeline:PipelineID=2acec971-adf6-4f61-9e2e-e31964065d3f to datanode:f5d72e8c-7c96-4354-bf1f-55d48726708b
2023-06-02 20:40:32,805 [RatisPipelineUtilsThread - 0] INFO  pipeline.RatisPipelineProvider (RatisPipelineProvider.java:lambda$create$0(206)) - Sending CreatePipelineCommand for pipeline:PipelineID=2acec971-adf6-4f61-9e2e-e31964065d3f to datanode:4daf1ed2-e43c-4bda-878b-63f1449da6f8
2023-06-02 20:40:32,805 [RatisPipelineUtilsThread - 0] INFO  pipeline.RatisPipelineProvider (RatisPipelineProvider.java:lambda$create$0(206)) - Sending CreatePipelineCommand for pipeline:PipelineID=2acec971-adf6-4f61-9e2e-e31964065d3f to datanode:0ec547f6-a501-4372-afcf-7dbe5c08d569
2023-06-02 20:40:32,806 [RatisPipelineUtilsThread - 0] INFO  pipeline.PipelineStateManagerImpl (PipelineStateManagerImpl.java:addPipeline(103)) - Created pipeline Pipeline[ Id: 2acec971-adf6-4f61-9e2e-e31964065d3f, Nodes: f5d72e8c-7c96-4354-bf1f-55d48726708b(fv-az1239-288/10.1.0.31)4daf1ed2-e43c-4bda-878b-63f1449da6f8(fv-az1239-288/10.1.0.31)0ec547f6-a501-4372-afcf-7dbe5c08d569(fv-az1239-288/10.1.0.31), ReplicationConfig: RATIS/THREE, State:ALLOCATED, leaderId:, CreationTimestamp2023-06-02T20:40:32.805Z[Etc/UTC]].
2023-06-02 20:40:32,806 [RatisPipelineUtilsThread - 0] INFO  pipeline.PipelineManagerImpl (PipelineManagerImpl.java:recordMetricsForPipeline(826)) - Pipeline: PipelineID=2acec971-adf6-4f61-9e2e-e31964065d3f contains same datanodes as previous pipelines: PipelineID=94fc731c-42cc-4e4c-bf79-4f11ce293873 nodeIds: f5d72e8c-7c96-4354-bf1f-55d48726708b, 4daf1ed2-e43c-4bda-878b-63f1449da6f8, 0ec547f6-a501-4372-afcf-7dbe5c08d569
2023-06-02 20:40:32,807 [RatisPipelineUtilsThread - 0] WARN  pipeline.PipelinePlacementPolicy (PipelinePlacementPolicy.java:filterViableNodes(160)) - Pipeline creation failed due to no sufficient healthy datanodes. Required 3. Found 0. Excluded 6.
2023-06-02 20:40:33,004 [EndpointStateMachine task thread for /0.0.0.0:15002 - 0 ] INFO  utils.DatanodeStoreCache (DatanodeStoreCache.java:addDB(66)) - Added db /home/runner/work/ozone/ozone/hadoop-ozone/integration-test/target/test-dir/MiniOzoneClusterImpl-5ac0c7d5-b38a-4534-ae70-3109b4fe19c6/datanode-10/data-0/containers/hdds/5ac0c7d5-b38a-4534-ae70-3109b4fe19c6/DS-04c394f1-04c6-40a0-ba67-3b0a8d3ff3ec/container.db to cache
2023-06-02 20:40:33,006 [EndpointStateMachine task thread for /0.0.0.0:15002 - 0 ] INFO  volume.HddsVolume (HddsVolume.java:createDbStore(350)) - SchemaV3 db is created and loaded at /home/runner/work/ozone/ozone/hadoop-ozone/integration-test/target/test-dir/MiniOzoneClusterImpl-5ac0c7d5-b38a-4534-ae70-3109b4fe19c6/datanode-10/data-0/containers/hdds/5ac0c7d5-b38a-4534-ae70-3109b4fe19c6/DS-04c394f1-04c6-40a0-ba67-3b0a8d3ff3ec/container.db for volume DS-04c394f1-04c6-40a0-ba67-3b0a8d3ff3ec
2023-06-02 20:40:33,006 [EndpointStateMachine task thread for /0.0.0.0:15002 - 0 ] INFO  ozoneimpl.OzoneContainer (OzoneContainer.java:start(398)) - Attempting to start container services.
2023-06-02 20:40:33,007 [EndpointStateMachine task thread for /0.0.0.0:15002 - 0 ] INFO  ozoneimpl.OzoneContainer (OzoneContainer.java:startContainerScrub(314)) - Scheduled background container scanners and the on-demand container scanner have been disabled.
2023-06-02 20:40:33,007 [EndpointStateMachine task thread for /0.0.0.0:15002 - 0 ] INFO  replication.ReplicationServer (ReplicationServer.java:start(128)) - ReplicationServer is started using port 15106
2023-06-02 20:40:33,007 [EndpointStateMachine task thread for /0.0.0.0:15002 - 0 ] INFO  ratis.XceiverServerRatis (XceiverServerRatis.java:start(517)) - Starting XceiverServerRatis c0b96ab7-4e07-4f66-b608-d68f56bbc6df
2023-06-02 20:40:33,032 [EndpointStateMachine task thread for /0.0.0.0:15002 - 0 ] INFO  server.RaftServer (RaftServerProxy.java:startImpl(400)) - c0b96ab7-4e07-4f66-b608-d68f56bbc6df: start RPC server
2023-06-02 20:40:33,033 [EndpointStateMachine task thread for /0.0.0.0:15002 - 0 ] INFO  server.GrpcService (GrpcService.java:startImpl(302)) - c0b96ab7-4e07-4f66-b608-d68f56bbc6df: GrpcService started, listening on 15102
2023-06-02 20:40:33,034 [EndpointStateMachine task thread for /0.0.0.0:15002 - 0 ] INFO  server.GrpcService (GrpcService.java:startImpl(302)) - c0b96ab7-4e07-4f66-b608-d68f56bbc6df: GrpcService started, listening on 15104
2023-06-02 20:40:33,034 [EndpointStateMachine task thread for /0.0.0.0:15002 - 0 ] INFO  server.GrpcService (GrpcService.java:startImpl(302)) - c0b96ab7-4e07-4f66-b608-d68f56bbc6df: GrpcService started, listening on 15103
2023-06-02 20:40:33,034 [EndpointStateMachine task thread for /0.0.0.0:15002 - 0 ] INFO  ratis.XceiverServerRatis (XceiverServerRatis.java:getRealPort(543)) - XceiverServerRatis c0b96ab7-4e07-4f66-b608-d68f56bbc6df is started using port 15102 for RATIS
2023-06-02 20:40:33,034 [JvmPauseMonitor12] INFO  util.JvmPauseMonitor (JvmPauseMonitor.java:run(103)) - JvmPauseMonitor-c0b96ab7-4e07-4f66-b608-d68f56bbc6df: Started
2023-06-02 20:40:33,034 [EndpointStateMachine task thread for /0.0.0.0:15002 - 0 ] INFO  ratis.XceiverServerRatis (XceiverServerRatis.java:getRealPort(543)) - XceiverServerRatis c0b96ab7-4e07-4f66-b608-d68f56bbc6df is started using port 15103 for RATIS_ADMIN
2023-06-02 20:40:33,034 [EndpointStateMachine task thread for /0.0.0.0:15002 - 0 ] INFO  ratis.XceiverServerRatis (XceiverServerRatis.java:getRealPort(543)) - XceiverServerRatis c0b96ab7-4e07-4f66-b608-d68f56bbc6df is started using port 15104 for RATIS_SERVER
2023-06-02 20:40:33,035 [EndpointStateMachine task thread for /0.0.0.0:15002 - 0 ] INFO  ratis.XceiverServerRatis (XceiverServerRatis.java:getRealPort(543)) - XceiverServerRatis c0b96ab7-4e07-4f66-b608-d68f56bbc6df is started using port 15105 for RATIS_DATASTREAM
2023-06-02 20:40:33,036 [BlockDeletingService#0] INFO  interfaces.ContainerDeletionChoosingPolicyTemplate (ContainerDeletionChoosingPolicyTemplate.java:chooseContainerForBlockDeletion(83)) - Chosen 0/5000 blocks from 0 candidate containers.
2023-06-02 20:40:33,232 [IPC Server handler 6 on default port 15002] INFO  net.NetworkTopologyImpl (NetworkTopologyImpl.java:add(112)) - Added a new node: /default-rack/a629a011-13a9-410c-9234-b770ba2e8ba4
2023-06-02 20:40:33,232 [IPC Server handler 6 on default port 15002] INFO  node.SCMNodeManager (SCMNodeManager.java:register(407)) - Registered Data node : a629a011-13a9-410c-9234-b770ba2e8ba4{ip: 10.1.0.31, host: fv-az1239-288, ports: [HTTP=15063, CLIENT_RPC=15064, REPLICATION=15070, RATIS=15066, RATIS_ADMIN=15067, RATIS_SERVER=15068, RATIS_DATASTREAM=15069, STANDALONE=15065], networkLocation: /default-rack, certSerialId: null, persistedOpState: null, persistedOpStateExpiryEpochSec: 0}
2023-06-02 20:40:33,232 [EventQueue-NewNodeForNewNodeHandler] INFO  pipeline.BackgroundPipelineCreator (BackgroundPipelineCreator.java:notifyEventTriggered(276)) - trigger a one-shot run on RatisPipelineUtilsThread.
2023-06-02 20:40:33,233 [RatisPipelineUtilsThread - 0] INFO  pipeline.RatisPipelineProvider (RatisPipelineProvider.java:lambda$create$0(206)) - Sending CreatePipelineCommand for pipeline:PipelineID=d8e7dc96-fea2-4a23-96cf-f61194fb2638 to datanode:a629a011-13a9-410c-9234-b770ba2e8ba4
2023-06-02 20:40:33,234 [RatisPipelineUtilsThread - 0] INFO  pipeline.PipelineStateManagerImpl (PipelineStateManagerImpl.java:addPipeline(103)) - Created pipeline Pipeline[ Id: d8e7dc96-fea2-4a23-96cf-f61194fb2638, Nodes: a629a011-13a9-410c-9234-b770ba2e8ba4(fv-az1239-288/10.1.0.31), ReplicationConfig: RATIS/ONE, State:ALLOCATED, leaderId:, CreationTimestamp2023-06-02T20:40:33.233Z[Etc/UTC]].
2023-06-02 20:40:33,235 [RatisPipelineUtilsThread - 0] WARN  pipeline.PipelinePlacementPolicy (PipelinePlacementPolicy.java:filterViableNodes(160)) - Pipeline creation failed due to no sufficient healthy datanodes. Required 3. Found 1. Excluded 6.
2023-06-02 20:40:33,340 [PipelineCommandHandlerThread-0] INFO  server.RaftServer (RaftServerProxy.java:addNew(98)) - 559beb36-7c11-4841-9a8b-e14375a607db: addNew group-CF3D7B79287F:[559beb36-7c11-4841-9a8b-e14375a607db|rpc:10.1.0.31:15014|admin:10.1.0.31:15013|client:10.1.0.31:15012|dataStream:10.1.0.31:15015|priority:1|startupRole:FOLLOWER] returns group-CF3D7B79287F:java.util.concurrent.CompletableFuture@2c4d2ff6[Not completed]
2023-06-02 20:40:33,356 [559beb36-7c11-4841-9a8b-e14375a607db-groupManagement] INFO  server.RaftServer$Division (RaftServerImpl.java:<init>(198)) - 559beb36-7c11-4841-9a8b-e14375a607db: new RaftServerImpl for group-CF3D7B79287F:[559beb36-7c11-4841-9a8b-e14375a607db|rpc:10.1.0.31:15014|admin:10.1.0.31:15013|client:10.1.0.31:15012|dataStream:10.1.0.31:15015|priority:1|startupRole:FOLLOWER] with ContainerStateMachine:uninitialized
2023-06-02 20:40:33,356 [559beb36-7c11-4841-9a8b-e14375a607db-groupManagement] INFO  server.RaftServerConfigKeys (ConfUtils.java:logGet(46)) - raft.server.rpc.timeout.min = 5s (custom)
2023-06-02 20:40:33,356 [559beb36-7c11-4841-9a8b-e14375a607db-groupManagement] INFO  server.RaftServerConfigKeys (ConfUtils.java:logGet(46)) - raft.server.rpc.timeout.max = 5200ms (custom)
2023-06-02 20:40:33,356 [559beb36-7c11-4841-9a8b-e14375a607db-groupManagement] INFO  server.RaftServerConfigKeys (ConfUtils.java:logGet(46)) - raft.server.rpc.sleep.time = 25ms (default)
2023-06-02 20:40:33,356 [559beb36-7c11-4841-9a8b-e14375a607db-groupManagement] INFO  server.RaftServerConfigKeys (ConfUtils.java:logGet(46)) - raft.server.rpc.slowness.timeout = 300s (custom)
2023-06-02 20:40:33,356 [559beb36-7c11-4841-9a8b-e14375a607db-groupManagement] INFO  server.RaftServerConfigKeys (ConfUtils.java:logGet(46)) - raft.server.leaderelection.leader.step-down.wait-time = 10s (default)
2023-06-02 20:40:33,356 [559beb36-7c11-4841-9a8b-e14375a607db-groupManagement] INFO  server.RaftServerConfigKeys (ConfUtils.java:logGet(46)) - raft.server.sleep.deviation.threshold = 300ms (default)
2023-06-02 20:40:33,356 [559beb36-7c11-4841-9a8b-e14375a607db-groupManagement] INFO  server.RaftServer$Division (ServerState.java:<init>(120)) - 559beb36-7c11-4841-9a8b-e14375a607db@group-CF3D7B79287F: ConfigurationManager, init=-1: peers:[559beb36-7c11-4841-9a8b-e14375a607db|rpc:10.1.0.31:15014|admin:10.1.0.31:15013|client:10.1.0.31:15012|dataStream:10.1.0.31:15015|priority:1|startupRole:FOLLOWER]|listeners:[], old=null, confs=<EMPTY_MAP>
2023-06-02 20:40:33,356 [559beb36-7c11-4841-9a8b-e14375a607db-groupManagement] INFO  server.RaftServerConfigKeys (ConfUtils.java:logGet(46)) - raft.server.storage.dir = [/home/runner/work/ozone/ozone/hadoop-ozone/integration-test/target/test-dir/MiniOzoneClusterImpl-5ac0c7d5-b38a-4534-ae70-3109b4fe19c6/datanode-0/data/ratis] (custom)
2023-06-02 20:40:33,357 [559beb36-7c11-4841-9a8b-e14375a607db-groupManagement] INFO  server.RaftServerConfigKeys (ConfUtils.java:logGet(46)) - raft.server.log.corruption.policy = EXCEPTION (default)
2023-06-02 20:40:33,357 [559beb36-7c11-4841-9a8b-e14375a607db-groupManagement] INFO  server.RaftServerConfigKeys (ConfUtils.java:logGet(46)) - raft.server.storage.free-space.min = 0MB (=0) (default)
2023-06-02 20:40:33,357 [559beb36-7c11-4841-9a8b-e14375a607db-groupManagement] INFO  server.RaftServerConfigKeys (ConfUtils.java:logGet(46)) - raft.server.notification.no-leader.timeout = 300s (custom)
2023-06-02 20:40:33,357 [559beb36-7c11-4841-9a8b-e14375a607db-groupManagement] INFO  server.RaftServerConfigKeys (ConfUtils.java:logGet(46)) - raft.server.read.timeout = 10s (default)
2023-06-02 20:40:33,357 [559beb36-7c11-4841-9a8b-e14375a607db-groupManagement] INFO  server.RaftServerConfigKeys (ConfUtils.java:logGet(46)) - raft.server.retrycache.expirytime = 600000ms (custom)
2023-06-02 20:40:33,357 [559beb36-7c11-4841-9a8b-e14375a607db-groupManagement] INFO  server.RaftServerConfigKeys (ConfUtils.java:logGet(46)) - raft.server.retrycache.statistics.expirytime = 100μs (default)
2023-06-02 20:40:33,357 [559beb36-7c11-4841-9a8b-e14375a607db-groupManagement] INFO  server.RaftServerConfigKeys (ConfUtils.java:logGet(46)) - raft.server.read.option = DEFAULT (default)
2023-06-02 20:40:33,371 [559beb36-7c11-4841-9a8b-e14375a607db-groupManagement] INFO  server.RaftServerConfigKeys (ConfUtils.java:logGet(46)) - raft.server.rpc.request.timeout = 60s (custom)
2023-06-02 20:40:33,371 [559beb36-7c11-4841-9a8b-e14375a607db-groupManagement] INFO  server.RaftServerConfigKeys (ConfUtils.java:logGet(46)) - raft.server.log.appender.install.snapshot.enabled = false (custom)
2023-06-02 20:40:33,371 [559beb36-7c11-4841-9a8b-e14375a607db-groupManagement] INFO  server.RaftServerConfigKeys (ConfUtils.java:logGet(46)) - raft.server.threadpool.server.cached = true (default)
2023-06-02 20:40:33,371 [559beb36-7c11-4841-9a8b-e14375a607db-groupManagement] INFO  server.RaftServerConfigKeys (ConfUtils.java:logGet(46)) - raft.server.threadpool.server.size = 0 (default)
2023-06-02 20:40:33,372 [559beb36-7c11-4841-9a8b-e14375a607db-groupManagement] INFO  server.RaftServerConfigKeys (ConfUtils.java:logGet(46)) - raft.server.threadpool.client.cached = true (default)
2023-06-02 20:40:33,372 [559beb36-7c11-4841-9a8b-e14375a607db-groupManagement] INFO  server.RaftServerConfigKeys (ConfUtils.java:logGet(46)) - raft.server.threadpool.client.size = 0 (default)
2023-06-02 20:40:33,372 [559beb36-7c11-4841-9a8b-e14375a607db-groupManagement] INFO  storage.RaftStorageDirectory (RaftStorageDirectoryImpl.java:analyzeStorage(137)) - The storage directory /home/runner/work/ozone/ozone/hadoop-ozone/integration-test/target/test-dir/MiniOzoneClusterImpl-5ac0c7d5-b38a-4534-ae70-3109b4fe19c6/datanode-0/data/ratis/ecd7568a-3888-411c-bb65-cf3d7b79287f does not exist. Creating ...
2023-06-02 20:40:33,374 [559beb36-7c11-4841-9a8b-e14375a607db-groupManagement] INFO  storage.RaftStorageDirectory (RaftStorageDirectoryImpl.java:tryLock(231)) - Lock on /home/runner/work/ozone/ozone/hadoop-ozone/integration-test/target/test-dir/MiniOzoneClusterImpl-5ac0c7d5-b38a-4534-ae70-3109b4fe19c6/datanode-0/data/ratis/ecd7568a-3888-411c-bb65-cf3d7b79287f/in_use.lock acquired by nodename 65175@fv-az1239-288
2023-06-02 20:40:33,376 [559beb36-7c11-4841-9a8b-e14375a607db-groupManagement] INFO  storage.RaftStorage (RaftStorageImpl.java:format(96)) - Storage directory /home/runner/work/ozone/ozone/hadoop-ozone/integration-test/target/test-dir/MiniOzoneClusterImpl-5ac0c7d5-b38a-4534-ae70-3109b4fe19c6/datanode-0/data/ratis/ecd7568a-3888-411c-bb65-cf3d7b79287f has been successfully formatted.
2023-06-02 20:40:33,392 [559beb36-7c11-4841-9a8b-e14375a607db-groupManagement] INFO  ratis.ContainerStateMachine (ContainerStateMachine.java:loadSnapshot(262)) - group-CF3D7B79287F: The snapshot info is null. Setting the last applied indexto:(t:0, i:~)
2023-06-02 20:40:33,393 [559beb36-7c11-4841-9a8b-e14375a607db-groupManagement] INFO  server.RaftServerConfigKeys (ConfUtils.java:logGet(46)) - raft.server.log.use.memory = false (default)
2023-06-02 20:40:33,393 [559beb36-7c11-4841-9a8b-e14375a607db-groupManagement] INFO  server.RaftServerConfigKeys (ConfUtils.java:logGet(46)) - raft.server.log.purge.gap = 1000000 (custom)
2023-06-02 20:40:33,393 [559beb36-7c11-4841-9a8b-e14375a607db-groupManagement] INFO  server.RaftServerConfigKeys (ConfUtils.java:logGet(46)) - raft.server.log.appender.buffer.byte-limit = 33554432 (custom)
2023-06-02 20:40:33,393 [559beb36-7c11-4841-9a8b-e14375a607db-groupManagement] INFO  server.RaftServerConfigKeys (ConfUtils.java:logGet(46)) - raft.server.log.statemachine.data.read.timeout = 1000ms (default)
2023-06-02 20:40:33,393 [559beb36-7c11-4841-9a8b-e14375a607db-groupManagement] INFO  server.RaftServerConfigKeys (ConfUtils.java:logGet(46)) - raft.server.log.purge.preservation.log.num = 0 (default)
2023-06-02 20:40:33,393 [559beb36-7c11-4841-9a8b-e14375a607db-groupManagement] INFO  server.RaftServerConfigKeys (ConfUtils.java:logGet(46)) - raft.server.log.segment.size.max = 1048576 (custom)
2023-06-02 20:40:33,397 [559beb36-7c11-4841-9a8b-e14375a607db-groupManagement] INFO  server.RaftServerConfigKeys (ConfUtils.java:logGet(46)) - raft.server.log.segment.cache.num.max = 2 (custom)
2023-06-02 20:40:33,397 [559beb36-7c11-4841-9a8b-e14375a607db-groupManagement] INFO  server.RaftServerConfigKeys (ConfUtils.java:logGet(46)) - raft.server.log.segment.cache.size.max = 200MB (=209715200) (default)
2023-06-02 20:40:33,397 [559beb36-7c11-4841-9a8b-e14375a607db-groupManagement] INFO  server.RaftServerConfigKeys (ConfUtils.java:logGet(46)) - raft.server.log.appender.buffer.byte-limit = 33554432 (custom)
2023-06-02 20:40:33,397 [559beb36-7c11-4841-9a8b-e14375a607db-groupManagement] INFO  segmented.SegmentedRaftLogWorker (SegmentedRaftLogWorker.java:<init>(188)) - new 559beb36-7c11-4841-9a8b-e14375a607db@group-CF3D7B79287F-SegmentedRaftLogWorker for RaftStorageImpl:Storage Directory /home/runner/work/ozone/ozone/hadoop-ozone/integration-test/target/test-dir/MiniOzoneClusterImpl-5ac0c7d5-b38a-4534-ae70-3109b4fe19c6/datanode-0/data/ratis/ecd7568a-3888-411c-bb65-cf3d7b79287f
2023-06-02 20:40:33,397 [559beb36-7c11-4841-9a8b-e14375a607db-groupManagement] INFO  server.RaftServerConfigKeys (ConfUtils.java:logGet(46)) - raft.server.log.queue.byte-limit = 4294967296 (custom)
2023-06-02 20:40:33,397 [559beb36-7c11-4841-9a8b-e14375a607db-groupManagement] INFO  server.RaftServerConfigKeys (ConfUtils.java:logGet(46)) - raft.server.log.queue.element-limit = 1024 (custom)
2023-06-02 20:40:33,397 [559beb36-7c11-4841-9a8b-e14375a607db-groupManagement] INFO  server.RaftServerConfigKeys (ConfUtils.java:logGet(46)) - raft.server.log.segment.size.max = 1048576 (custom)
2023-06-02 20:40:33,397 [559beb36-7c11-4841-9a8b-e14375a607db-groupManagement] INFO  server.RaftServerConfigKeys (ConfUtils.java:logGet(46)) - raft.server.log.preallocated.size = 16384 (custom)
2023-06-02 20:40:33,397 [559beb36-7c11-4841-9a8b-e14375a607db-groupManagement] INFO  server.RaftServerConfigKeys (ConfUtils.java:logGet(46)) - raft.server.log.force.sync.num = 128 (default)
2023-06-02 20:40:33,397 [559beb36-7c11-4841-9a8b-e14375a607db-groupManagement] INFO  server.RaftServerConfigKeys (ConfUtils.java:logGet(46)) - raft.server.log.statemachine.data.sync = true (default)
2023-06-02 20:40:33,398 [559beb36-7c11-4841-9a8b-e14375a607db-groupManagement] INFO  server.RaftServerConfigKeys (ConfUtils.java:logGet(46)) - raft.server.log.statemachine.data.sync.timeout = 10s (default)
2023-06-02 20:40:33,398 [559beb36-7c11-4841-9a8b-e14375a607db-groupManagement] INFO  server.RaftServerConfigKeys (ConfUtils.java:logGet(46)) - raft.server.log.statemachine.data.sync.timeout.retry = -1 (default)
2023-06-02 20:40:33,411 [559beb36-7c11-4841-9a8b-e14375a607db-groupManagement] INFO  server.RaftServerConfigKeys (ConfUtils.java:logGet(46)) - raft.server.log.write.buffer.size = 1048576 (custom)
2023-06-02 20:40:33,411 [559beb36-7c11-4841-9a8b-e14375a607db-groupManagement] INFO  server.RaftServerConfigKeys (ConfUtils.java:logGet(46)) - raft.server.log.appender.buffer.byte-limit = 33554432 (custom)
2023-06-02 20:40:33,420 [559beb36-7c11-4841-9a8b-e14375a607db-groupManagement] INFO  server.RaftServerConfigKeys (ConfUtils.java:logGet(46)) - raft.server.log.unsafe-flush.enabled = false (default)
2023-06-02 20:40:33,420 [559beb36-7c11-4841-9a8b-e14375a607db-groupManagement] INFO  server.RaftServerConfigKeys (ConfUtils.java:logGet(46)) - raft.server.log.async-flush.enabled = false (default)
2023-06-02 20:40:33,420 [559beb36-7c11-4841-9a8b-e14375a607db-groupManagement] INFO  server.RaftServerConfigKeys (ConfUtils.java:logGet(46)) - raft.server.log.statemachine.data.caching.enabled = true (custom)
2023-06-02 20:40:33,421 [559beb36-7c11-4841-9a8b-e14375a607db-groupManagement] INFO  segmented.SegmentedRaftLogWorker (SegmentedRaftLogWorker.java:lambda$new$0(135)) - 559beb36-7c11-4841-9a8b-e14375a607db@group-CF3D7B79287F-SegmentedRaftLogWorker: flushIndex: setUnconditionally 0 -> -1
2023-06-02 20:40:33,421 [559beb36-7c11-4841-9a8b-e14375a607db-groupManagement] INFO  segmented.SegmentedRaftLogWorker (SegmentedRaftLogWorker.java:lambda$new$0(135)) - 559beb36-7c11-4841-9a8b-e14375a607db@group-CF3D7B79287F-SegmentedRaftLogWorker: safeCacheEvictIndex: setUnconditionally 0 -> -1
2023-06-02 20:40:33,421 [559beb36-7c11-4841-9a8b-e14375a607db-groupManagement] INFO  server.RaftServer$Division (RaftServerImpl.java:start(342)) - 559beb36-7c11-4841-9a8b-e14375a607db@group-CF3D7B79287F: start as a follower, conf=-1: peers:[559beb36-7c11-4841-9a8b-e14375a607db|rpc:10.1.0.31:15014|admin:10.1.0.31:15013|client:10.1.0.31:15012|dataStream:10.1.0.31:15015|priority:1|startupRole:FOLLOWER]|listeners:[], old=null
2023-06-02 20:40:33,421 [559beb36-7c11-4841-9a8b-e14375a607db-groupManagement] INFO  server.RaftServer$Division (RaftServerImpl.java:setRole(329)) - 559beb36-7c11-4841-9a8b-e14375a607db@group-CF3D7B79287F: changes role from      null to FOLLOWER at term 0 for startAsFollower
2023-06-02 20:40:33,421 [559beb36-7c11-4841-9a8b-e14375a607db-groupManagement] INFO  impl.RoleInfo (RoleInfo.java:updateAndGet(139)) - 559beb36-7c11-4841-9a8b-e14375a607db: start 559beb36-7c11-4841-9a8b-e14375a607db@group-CF3D7B79287F-FollowerState
2023-06-02 20:40:33,422 [EventQueue-PipelineReportForPipelineReportHandler] INFO  pipeline.PipelineManagerImpl (PipelineManagerImpl.java:openPipeline(367)) - Pipeline Pipeline[ Id: ecd7568a-3888-411c-bb65-cf3d7b79287f, Nodes: 559beb36-7c11-4841-9a8b-e14375a607db(fv-az1239-288/10.1.0.31), ReplicationConfig: RATIS/ONE, State:ALLOCATED, leaderId:559beb36-7c11-4841-9a8b-e14375a607db, CreationTimestamp2023-06-02T20:40:30.412Z[Etc/UTC]] moved to OPEN state
2023-06-02 20:40:33,423 [559beb36-7c11-4841-9a8b-e14375a607db-groupManagement] INFO  util.JmxRegister (JmxRegister.java:tryRegister(44)) - Successfully registered JMX Bean with object name Ratis:service=RaftServer,group=group-CF3D7B79287F,id=559beb36-7c11-4841-9a8b-e14375a607db
2023-06-02 20:40:33,423 [559beb36-7c11-4841-9a8b-e14375a607db-groupManagement] INFO  server.RaftServerConfigKeys (ConfUtils.java:logGet(46)) - raft.server.snapshot.auto.trigger.enabled = true (custom)
2023-06-02 20:40:33,423 [559beb36-7c11-4841-9a8b-e14375a607db-groupManagement] INFO  server.RaftServerConfigKeys (ConfUtils.java:logGet(46)) - raft.server.snapshot.auto.trigger.threshold = 10000 (custom)
2023-06-02 20:40:33,424 [559beb36-7c11-4841-9a8b-e14375a607db-groupManagement] INFO  server.RaftServerConfigKeys (ConfUtils.java:logGet(46)) - raft.server.snapshot.retention.file.num = 5 (custom)
2023-06-02 20:40:33,424 [559beb36-7c11-4841-9a8b-e14375a607db-groupManagement] INFO  server.RaftServerConfigKeys (ConfUtils.java:logGet(46)) - raft.server.log.purge.upto.snapshot.index = false (default)
2023-06-02 20:40:33,430 [559beb36-7c11-4841-9a8b-e14375a607db@group-CF3D7B79287F-FollowerState] INFO  server.RaftServerConfigKeys (ConfUtils.java:logFallback(53)) - raft.server.rpc.first-election.timeout.min = 5s (fallback to raft.server.rpc.timeout.min)
2023-06-02 20:40:33,430 [559beb36-7c11-4841-9a8b-e14375a607db@group-CF3D7B79287F-FollowerState] INFO  server.RaftServerConfigKeys (ConfUtils.java:logFallback(53)) - raft.server.rpc.first-election.timeout.max = 5200ms (fallback to raft.server.rpc.timeout.max)
2023-06-02 20:40:33,433 [EventQueue-OpenPipelineForHealthyPipelineSafeModeRule] INFO  safemode.SCMSafeModeManager (HealthyPipelineSafeModeRule.java:process(137)) - SCM in safe mode. Healthy pipelines reported count is 0, required healthy pipeline reported count is 1
2023-06-02 20:40:33,435 [PipelineCommandHandlerThread-0] INFO  ratis.XceiverServerRatis (XceiverServerRatis.java:addGroup(804)) - Created group PipelineID=ecd7568a-3888-411c-bb65-cf3d7b79287f
2023-06-02 20:40:33,436 [PipelineCommandHandlerThread-0] INFO  commandhandler.CreatePipelineCommandHandler (CreatePipelineCommandHandler.java:lambda$handle$2(124)) - Created Pipeline RATIS ONE PipelineID=ecd7568a-3888-411c-bb65-cf3d7b79287f.
2023-06-02 20:40:33,436 [PipelineCommandHandlerThread-0] INFO  server.RaftServer (RaftServerProxy.java:addNew(98)) - 559beb36-7c11-4841-9a8b-e14375a607db: addNew group-A560C19004D9:[559beb36-7c11-4841-9a8b-e14375a607db|rpc:10.1.0.31:15014|admin:10.1.0.31:15013|client:10.1.0.31:15012|dataStream:10.1.0.31:15015|priority:0|startupRole:FOLLOWER, f3098061-e126-467d-ace5-c417dde623cb|rpc:10.1.0.31:15023|admin:10.1.0.31:15022|client:10.1.0.31:15021|dataStream:10.1.0.31:15024|priority:0|startupRole:FOLLOWER, 501c2811-31b4-4cb7-a883-304e4eecc84c|rpc:10.1.0.31:15032|admin:10.1.0.31:15031|client:10.1.0.31:15030|dataStream:10.1.0.31:15033|priority:1|startupRole:FOLLOWER] returns group-A560C19004D9:java.util.concurrent.CompletableFuture@37567827[Not completed]
2023-06-02 20:40:33,444 [559beb36-7c11-4841-9a8b-e14375a607db-groupManagement] INFO  server.RaftServer$Division (RaftServerImpl.java:<init>(198)) - 559beb36-7c11-4841-9a8b-e14375a607db: new RaftServerImpl for group-A560C19004D9:[559beb36-7c11-4841-9a8b-e14375a607db|rpc:10.1.0.31:15014|admin:10.1.0.31:15013|client:10.1.0.31:15012|dataStream:10.1.0.31:15015|priority:0|startupRole:FOLLOWER, f3098061-e126-467d-ace5-c417dde623cb|rpc:10.1.0.31:15023|admin:10.1.0.31:15022|client:10.1.0.31:15021|dataStream:10.1.0.31:15024|priority:0|startupRole:FOLLOWER, 501c2811-31b4-4cb7-a883-304e4eecc84c|rpc:10.1.0.31:15032|admin:10.1.0.31:15031|client:10.1.0.31:15030|dataStream:10.1.0.31:15033|priority:1|startupRole:FOLLOWER] with ContainerStateMachine:uninitialized
2023-06-02 20:40:33,445 [559beb36-7c11-4841-9a8b-e14375a607db-groupManagement] INFO  server.RaftServerConfigKeys (ConfUtils.java:logGet(46)) - raft.server.rpc.timeout.min = 5s (custom)
2023-06-02 20:40:33,445 [559beb36-7c11-4841-9a8b-e14375a607db-groupManagement] INFO  server.RaftServerConfigKeys (ConfUtils.java:logGet(46)) - raft.server.rpc.timeout.max = 5200ms (custom)
2023-06-02 20:40:33,445 [559beb36-7c11-4841-9a8b-e14375a607db-groupManagement] INFO  server.RaftServerConfigKeys (ConfUtils.java:logGet(46)) - raft.server.rpc.sleep.time = 25ms (default)
2023-06-02 20:40:33,445 [559beb36-7c11-4841-9a8b-e14375a607db-groupManagement] INFO  server.RaftServerConfigKeys (ConfUtils.java:logGet(46)) - raft.server.rpc.slowness.timeout = 300s (custom)
2023-06-02 20:40:33,445 [559beb36-7c11-4841-9a8b-e14375a607db-groupManagement] INFO  server.RaftServerConfigKeys (ConfUtils.java:logGet(46)) - raft.server.leaderelection.leader.step-down.wait-time = 10s (default)
2023-06-02 20:40:33,445 [559beb36-7c11-4841-9a8b-e14375a607db-groupManagement] INFO  server.RaftServerConfigKeys (ConfUtils.java:logGet(46)) - raft.server.sleep.deviation.threshold = 300ms (default)
2023-06-02 20:40:33,445 [559beb36-7c11-4841-9a8b-e14375a607db-groupManagement] INFO  server.RaftServer$Division (ServerState.java:<init>(120)) - 559beb36-7c11-4841-9a8b-e14375a607db@group-A560C19004D9: ConfigurationManager, init=-1: peers:[559beb36-7c11-4841-9a8b-e14375a607db|rpc:10.1.0.31:15014|admin:10.1.0.31:15013|client:10.1.0.31:15012|dataStream:10.1.0.31:15015|priority:0|startupRole:FOLLOWER, f3098061-e126-467d-ace5-c417dde623cb|rpc:10.1.0.31:15023|admin:10.1.0.31:15022|client:10.1.0.31:15021|dataStream:10.1.0.31:15024|priority:0|startupRole:FOLLOWER, 501c2811-31b4-4cb7-a883-304e4eecc84c|rpc:10.1.0.31:15032|admin:10.1.0.31:15031|client:10.1.0.31:15030|dataStream:10.1.0.31:15033|priority:1|startupRole:FOLLOWER]|listeners:[], old=null, confs=<EMPTY_MAP>
2023-06-02 20:40:33,446 [559beb36-7c11-4841-9a8b-e14375a607db-groupManagement] INFO  server.RaftServerConfigKeys (ConfUtils.java:logGet(46)) - raft.server.storage.dir = [/home/runner/work/ozone/ozone/hadoop-ozone/integration-test/target/test-dir/MiniOzoneClusterImpl-5ac0c7d5-b38a-4534-ae70-3109b4fe19c6/datanode-0/data/ratis] (custom)
2023-06-02 20:40:33,446 [559beb36-7c11-4841-9a8b-e14375a607db-groupManagement] INFO  server.RaftServerConfigKeys (ConfUtils.java:logGet(46)) - raft.server.log.corruption.policy = EXCEPTION (default)
2023-06-02 20:40:33,446 [559beb36-7c11-4841-9a8b-e14375a607db-groupManagement] INFO  server.RaftServerConfigKeys (ConfUtils.java:logGet(46)) - raft.server.storage.free-space.min = 0MB (=0) (default)
2023-06-02 20:40:33,446 [559beb36-7c11-4841-9a8b-e14375a607db-groupManagement] INFO  server.RaftServerConfigKeys (ConfUtils.java:logGet(46)) - raft.server.notification.no-leader.timeout = 300s (custom)
2023-06-02 20:40:33,446 [559beb36-7c11-4841-9a8b-e14375a607db-groupManagement] INFO  server.RaftServerConfigKeys (ConfUtils.java:logGet(46)) - raft.server.read.timeout = 10s (default)
2023-06-02 20:40:33,447 [559beb36-7c11-4841-9a8b-e14375a607db-groupManagement] INFO  server.RaftServerConfigKeys (ConfUtils.java:logGet(46)) - raft.server.retrycache.expirytime = 600000ms (custom)
2023-06-02 20:40:33,447 [559beb36-7c11-4841-9a8b-e14375a607db-groupManagement] INFO  server.RaftServerConfigKeys (ConfUtils.java:logGet(46)) - raft.server.retrycache.statistics.expirytime = 100μs (default)
2023-06-02 20:40:33,447 [559beb36-7c11-4841-9a8b-e14375a607db-groupManagement] INFO  server.RaftServerConfigKeys (ConfUtils.java:logGet(46)) - raft.server.read.option = DEFAULT (default)
2023-06-02 20:40:33,453 [559beb36-7c11-4841-9a8b-e14375a607db-groupManagement] INFO  server.RaftServerConfigKeys (ConfUtils.java:logGet(46)) - raft.server.rpc.request.timeout = 60s (custom)
2023-06-02 20:40:33,453 [559beb36-7c11-4841-9a8b-e14375a607db-groupManagement] INFO  server.RaftServerConfigKeys (ConfUtils.java:logGet(46)) - raft.server.log.appender.install.snapshot.enabled = false (custom)
2023-06-02 20:40:33,453 [559beb36-7c11-4841-9a8b-e14375a607db-groupManagement] INFO  server.RaftServerConfigKeys (ConfUtils.java:logGet(46)) - raft.server.threadpool.server.cached = true (default)
2023-06-02 20:40:33,453 [559beb36-7c11-4841-9a8b-e14375a607db-groupManagement] INFO  server.RaftServerConfigKeys (ConfUtils.java:logGet(46)) - raft.server.threadpool.server.size = 0 (default)
2023-06-02 20:40:33,453 [559beb36-7c11-4841-9a8b-e14375a607db-groupManagement] INFO  server.RaftServerConfigKeys (ConfUtils.java:logGet(46)) - raft.server.threadpool.client.cached = true (default)
2023-06-02 20:40:33,453 [559beb36-7c11-4841-9a8b-e14375a607db-groupManagement] INFO  server.RaftServerConfigKeys (ConfUtils.java:logGet(46)) - raft.server.threadpool.client.size = 0 (default)
2023-06-02 20:40:33,453 [559beb36-7c11-4841-9a8b-e14375a607db-groupManagement] INFO  storage.RaftStorageDirectory (RaftStorageDirectoryImpl.java:analyzeStorage(137)) - The storage directory /home/runner/work/ozone/ozone/hadoop-ozone/integration-test/target/test-dir/MiniOzoneClusterImpl-5ac0c7d5-b38a-4534-ae70-3109b4fe19c6/datanode-0/data/ratis/f1770900-d3b3-46bd-b918-a560c19004d9 does not exist. Creating ...
2023-06-02 20:40:33,456 [559beb36-7c11-4841-9a8b-e14375a607db-groupManagement] INFO  storage.RaftStorageDirectory (RaftStorageDirectoryImpl.java:tryLock(231)) - Lock on /home/runner/work/ozone/ozone/hadoop-ozone/integration-test/target/test-dir/MiniOzoneClusterImpl-5ac0c7d5-b38a-4534-ae70-3109b4fe19c6/datanode-0/data/ratis/f1770900-d3b3-46bd-b918-a560c19004d9/in_use.lock acquired by nodename 65175@fv-az1239-288
2023-06-02 20:40:33,457 [559beb36-7c11-4841-9a8b-e14375a607db-groupManagement] INFO  storage.RaftStorage (RaftStorageImpl.java:format(96)) - Storage directory /home/runner/work/ozone/ozone/hadoop-ozone/integration-test/target/test-dir/MiniOzoneClusterImpl-5ac0c7d5-b38a-4534-ae70-3109b4fe19c6/datanode-0/data/ratis/f1770900-d3b3-46bd-b918-a560c19004d9 has been successfully formatted.
2023-06-02 20:40:33,460 [559beb36-7c11-4841-9a8b-e14375a607db-groupManagement] INFO  ratis.ContainerStateMachine (ContainerStateMachine.java:loadSnapshot(262)) - group-A560C19004D9: The snapshot info is null. Setting the last applied indexto:(t:0, i:~)
2023-06-02 20:40:33,460 [559beb36-7c11-4841-9a8b-e14375a607db-groupManagement] INFO  server.RaftServerConfigKeys (ConfUtils.java:logGet(46)) - raft.server.log.use.memory = false (default)
2023-06-02 20:40:33,460 [559beb36-7c11-4841-9a8b-e14375a607db-groupManagement] INFO  server.RaftServerConfigKeys (ConfUtils.java:logGet(46)) - raft.server.log.purge.gap = 1000000 (custom)
2023-06-02 20:40:33,460 [559beb36-7c11-4841-9a8b-e14375a607db-groupManagement] INFO  server.RaftServerConfigKeys (ConfUtils.java:logGet(46)) - raft.server.log.appender.buffer.byte-limit = 33554432 (custom)
2023-06-02 20:40:33,460 [559beb36-7c11-4841-9a8b-e14375a607db-groupManagement] INFO  server.RaftServerConfigKeys (ConfUtils.java:logGet(46)) - raft.server.log.statemachine.data.read.timeout = 1000ms (default)
2023-06-02 20:40:33,460 [559beb36-7c11-4841-9a8b-e14375a607db-groupManagement] INFO  server.RaftServerConfigKeys (ConfUtils.java:logGet(46)) - raft.server.log.purge.preservation.log.num = 0 (default)
2023-06-02 20:40:33,461 [559beb36-7c11-4841-9a8b-e14375a607db-groupManagement] INFO  server.RaftServerConfigKeys (ConfUtils.java:logGet(46)) - raft.server.log.segment.size.max = 1048576 (custom)
2023-06-02 20:40:33,461 [EventQueue-OpenPipelineForHealthyPipelineSafeModeRule] INFO  safemode.SCMSafeModeManager (HealthyPipelineSafeModeRule.java:process(137)) - SCM in safe mode. Healthy pipelines reported count is 0, required healthy pipeline reported count is 1
2023-06-02 20:40:33,463 [559beb36-7c11-4841-9a8b-e14375a607db-groupManagement] INFO  server.RaftServerConfigKeys (ConfUtils.java:logGet(46)) - raft.server.log.segment.cache.num.max = 2 (custom)
2023-06-02 20:40:33,463 [559beb36-7c11-4841-9a8b-e14375a607db-groupManagement] INFO  server.RaftServerConfigKeys (ConfUtils.java:logGet(46)) - raft.server.log.segment.cache.size.max = 200MB (=209715200) (default)
2023-06-02 20:40:33,463 [559beb36-7c11-4841-9a8b-e14375a607db-groupManagement] INFO  server.RaftServerConfigKeys (ConfUtils.java:logGet(46)) - raft.server.log.appender.buffer.byte-limit = 33554432 (custom)
2023-06-02 20:40:33,464 [559beb36-7c11-4841-9a8b-e14375a607db-groupManagement] INFO  segmented.SegmentedRaftLogWorker (SegmentedRaftLogWorker.java:<init>(188)) - new 559beb36-7c11-4841-9a8b-e14375a607db@group-A560C19004D9-SegmentedRaftLogWorker for RaftStorageImpl:Storage Directory /home/runner/work/ozone/ozone/hadoop-ozone/integration-test/target/test-dir/MiniOzoneClusterImpl-5ac0c7d5-b38a-4534-ae70-3109b4fe19c6/datanode-0/data/ratis/f1770900-d3b3-46bd-b918-a560c19004d9
2023-06-02 20:40:33,465 [559beb36-7c11-4841-9a8b-e14375a607db-groupManagement] INFO  server.RaftServerConfigKeys (ConfUtils.java:logGet(46)) - raft.server.log.queue.byte-limit = 4294967296 (custom)
2023-06-02 20:40:33,465 [559beb36-7c11-4841-9a8b-e14375a607db-groupManagement] INFO  server.RaftServerConfigKeys (ConfUtils.java:logGet(46)) - raft.server.log.queue.element-limit = 1024 (custom)
2023-06-02 20:40:33,465 [559beb36-7c11-4841-9a8b-e14375a607db-groupManagement] INFO  server.RaftServerConfigKeys (ConfUtils.java:logGet(46)) - raft.server.log.segment.size.max = 1048576 (custom)
2023-06-02 20:40:33,465 [559beb36-7c11-4841-9a8b-e14375a607db-groupManagement] INFO  server.RaftServerConfigKeys (ConfUtils.java:logGet(46)) - raft.server.log.preallocated.size = 16384 (custom)
2023-06-02 20:40:33,465 [559beb36-7c11-4841-9a8b-e14375a607db-groupManagement] INFO  server.RaftServerConfigKeys (ConfUtils.java:logGet(46)) - raft.server.log.force.sync.num = 128 (default)
2023-06-02 20:40:33,465 [559beb36-7c11-4841-9a8b-e14375a607db-groupManagement] INFO  server.RaftServerConfigKeys (ConfUtils.java:logGet(46)) - raft.server.log.statemachine.data.sync = true (default)
2023-06-02 20:40:33,467 [559beb36-7c11-4841-9a8b-e14375a607db-groupManagement] INFO  server.RaftServerConfigKeys (ConfUtils.java:logGet(46)) - raft.server.log.statemachine.data.sync.timeout = 10s (default)
2023-06-02 20:40:33,467 [559beb36-7c11-4841-9a8b-e14375a607db-groupManagement] INFO  server.RaftServerConfigKeys (ConfUtils.java:logGet(46)) - raft.server.log.statemachine.data.sync.timeout.retry = -1 (default)
2023-06-02 20:40:33,471 [559beb36-7c11-4841-9a8b-e14375a607db-groupManagement] INFO  server.RaftServerConfigKeys (ConfUtils.java:logGet(46)) - raft.server.log.write.buffer.size = 1048576 (custom)
2023-06-02 20:40:33,473 [559beb36-7c11-4841-9a8b-e14375a607db-groupManagement] INFO  server.RaftServerConfigKeys (ConfUtils.java:logGet(46)) - raft.server.log.appender.buffer.byte-limit = 33554432 (custom)
2023-06-02 20:40:33,482 [559beb36-7c11-4841-9a8b-e14375a607db-groupManagement] INFO  server.RaftServerConfigKeys (ConfUtils.java:logGet(46)) - raft.server.log.unsafe-flush.enabled = false (default)
2023-06-02 20:40:33,482 [559beb36-7c11-4841-9a8b-e14375a607db-groupManagement] INFO  server.RaftServerConfigKeys (ConfUtils.java:logGet(46)) - raft.server.log.async-flush.enabled = false (default)
2023-06-02 20:40:33,482 [559beb36-7c11-4841-9a8b-e14375a607db-groupManagement] INFO  server.RaftServerConfigKeys (ConfUtils.java:logGet(46)) - raft.server.log.statemachine.data.caching.enabled = true (custom)
2023-06-02 20:40:33,483 [559beb36-7c11-4841-9a8b-e14375a607db-groupManagement] INFO  segmented.SegmentedRaftLogWorker (SegmentedRaftLogWorker.java:lambda$new$0(135)) - 559beb36-7c11-4841-9a8b-e14375a607db@group-A560C19004D9-SegmentedRaftLogWorker: flushIndex: setUnconditionally 0 -> -1
2023-06-02 20:40:33,483 [559beb36-7c11-4841-9a8b-e14375a607db-groupManagement] INFO  segmented.SegmentedRaftLogWorker (SegmentedRaftLogWorker.java:lambda$new$0(135)) - 559beb36-7c11-4841-9a8b-e14375a607db@group-A560C19004D9-SegmentedRaftLogWorker: safeCacheEvictIndex: setUnconditionally 0 -> -1
2023-06-02 20:40:33,483 [559beb36-7c11-4841-9a8b-e14375a607db-groupManagement] INFO  server.RaftServer$Division (RaftServerImpl.java:start(342)) - 559beb36-7c11-4841-9a8b-e14375a607db@group-A560C19004D9: start as a follower, conf=-1: peers:[559beb36-7c11-4841-9a8b-e14375a607db|rpc:10.1.0.31:15014|admin:10.1.0.31:15013|client:10.1.0.31:15012|dataStream:10.1.0.31:15015|priority:0|startupRole:FOLLOWER, f3098061-e126-467d-ace5-c417dde623cb|rpc:10.1.0.31:15023|admin:10.1.0.31:15022|client:10.1.0.31:15021|dataStream:10.1.0.31:15024|priority:0|startupRole:FOLLOWER, 501c2811-31b4-4cb7-a883-304e4eecc84c|rpc:10.1.0.31:15032|admin:10.1.0.31:15031|client:10.1.0.31:15030|dataStream:10.1.0.31:15033|priority:1|startupRole:FOLLOWER]|listeners:[], old=null
2023-06-02 20:40:33,483 [559beb36-7c11-4841-9a8b-e14375a607db-groupManagement] INFO  server.RaftServer$Division (RaftServerImpl.java:setRole(329)) - 559beb36-7c11-4841-9a8b-e14375a607db@group-A560C19004D9: changes role from      null to FOLLOWER at term 0 for startAsFollower
2023-06-02 20:40:33,484 [559beb36-7c11-4841-9a8b-e14375a607db-groupManagement] INFO  impl.RoleInfo (RoleInfo.java:updateAndGet(139)) - 559beb36-7c11-4841-9a8b-e14375a607db: start 559beb36-7c11-4841-9a8b-e14375a607db@group-A560C19004D9-FollowerState
2023-06-02 20:40:33,484 [559beb36-7c11-4841-9a8b-e14375a607db@group-A560C19004D9-FollowerState] INFO  server.RaftServerConfigKeys (ConfUtils.java:logFallback(53)) - raft.server.rpc.first-election.timeout.min = 5s (fallback to raft.server.rpc.timeout.min)
2023-06-02 20:40:33,487 [559beb36-7c11-4841-9a8b-e14375a607db@group-A560C19004D9-FollowerState] INFO  server.RaftServerConfigKeys (ConfUtils.java:logFallback(53)) - raft.server.rpc.first-election.timeout.max = 5200ms (fallback to raft.server.rpc.timeout.max)
2023-06-02 20:40:33,484 [559beb36-7c11-4841-9a8b-e14375a607db-groupManagement] INFO  util.JmxRegister (JmxRegister.java:tryRegister(44)) - Successfully registered JMX Bean with object name Ratis:service=RaftServer,group=group-A560C19004D9,id=559beb36-7c11-4841-9a8b-e14375a607db
2023-06-02 20:40:33,487 [559beb36-7c11-4841-9a8b-e14375a607db-groupManagement] INFO  server.RaftServerConfigKeys (ConfUtils.java:logGet(46)) - raft.server.snapshot.auto.trigger.enabled = true (custom)
2023-06-02 20:40:33,487 [559beb36-7c11-4841-9a8b-e14375a607db-groupManagement] INFO  server.RaftServerConfigKeys (ConfUtils.java:logGet(46)) - raft.server.snapshot.auto.trigger.threshold = 10000 (custom)
2023-06-02 20:40:33,487 [559beb36-7c11-4841-9a8b-e14375a607db-groupManagement] INFO  server.RaftServerConfigKeys (ConfUtils.java:logGet(46)) - raft.server.snapshot.retention.file.num = 5 (custom)
2023-06-02 20:40:33,487 [559beb36-7c11-4841-9a8b-e14375a607db-groupManagement] INFO  server.RaftServerConfigKeys (ConfUtils.java:logGet(46)) - raft.server.log.purge.upto.snapshot.index = false (default)
2023-06-02 20:40:33,489 [PipelineCommandHandlerThread-0] INFO  ratis.XceiverServerRatis (XceiverServerRatis.java:addGroup(804)) - Created group PipelineID=f1770900-d3b3-46bd-b918-a560c19004d9
2023-06-02 20:40:33,566 [EndpointStateMachine task thread for /0.0.0.0:15002 - 0 ] INFO  utils.DatanodeStoreCache (DatanodeStoreCache.java:addDB(66)) - Added db /home/runner/work/ozone/ozone/hadoop-ozone/integration-test/target/test-dir/MiniOzoneClusterImpl-5ac0c7d5-b38a-4534-ae70-3109b4fe19c6/datanode-11/data-0/containers/hdds/5ac0c7d5-b38a-4534-ae70-3109b4fe19c6/DS-93401229-b7e9-408d-a421-c3e20cac7840/container.db to cache
2023-06-02 20:40:33,566 [EndpointStateMachine task thread for /0.0.0.0:15002 - 0 ] INFO  volume.HddsVolume (HddsVolume.java:createDbStore(350)) - SchemaV3 db is created and loaded at /home/runner/work/ozone/ozone/hadoop-ozone/integration-test/target/test-dir/MiniOzoneClusterImpl-5ac0c7d5-b38a-4534-ae70-3109b4fe19c6/datanode-11/data-0/containers/hdds/5ac0c7d5-b38a-4534-ae70-3109b4fe19c6/DS-93401229-b7e9-408d-a421-c3e20cac7840/container.db for volume DS-93401229-b7e9-408d-a421-c3e20cac7840
2023-06-02 20:40:33,569 [EndpointStateMachine task thread for /0.0.0.0:15002 - 0 ] INFO  ozoneimpl.OzoneContainer (OzoneContainer.java:start(398)) - Attempting to start container services.
2023-06-02 20:40:33,569 [EndpointStateMachine task thread for /0.0.0.0:15002 - 0 ] INFO  ozoneimpl.OzoneContainer (OzoneContainer.java:startContainerScrub(314)) - Scheduled background container scanners and the on-demand container scanner have been disabled.
2023-06-02 20:40:33,570 [EndpointStateMachine task thread for /0.0.0.0:15002 - 0 ] INFO  replication.ReplicationServer (ReplicationServer.java:start(128)) - ReplicationServer is started using port 15115
2023-06-02 20:40:33,570 [EndpointStateMachine task thread for /0.0.0.0:15002 - 0 ] INFO  ratis.XceiverServerRatis (XceiverServerRatis.java:start(517)) - Starting XceiverServerRatis de3fb769-0102-4a69-91ff-1ba1954f3f02
2023-06-02 20:40:33,574 [EndpointStateMachine task thread for /0.0.0.0:15002 - 0 ] INFO  server.RaftServer (RaftServerProxy.java:startImpl(400)) - de3fb769-0102-4a69-91ff-1ba1954f3f02: start RPC server
2023-06-02 20:40:33,574 [EndpointStateMachine task thread for /0.0.0.0:15002 - 0 ] INFO  server.GrpcService (GrpcService.java:startImpl(302)) - de3fb769-0102-4a69-91ff-1ba1954f3f02: GrpcService started, listening on 15111
2023-06-02 20:40:33,575 [EndpointStateMachine task thread for /0.0.0.0:15002 - 0 ] INFO  server.GrpcService (GrpcService.java:startImpl(302)) - de3fb769-0102-4a69-91ff-1ba1954f3f02: GrpcService started, listening on 15113
2023-06-02 20:40:33,575 [EndpointStateMachine task thread for /0.0.0.0:15002 - 0 ] INFO  server.GrpcService (GrpcService.java:startImpl(302)) - de3fb769-0102-4a69-91ff-1ba1954f3f02: GrpcService started, listening on 15112
2023-06-02 20:40:33,580 [EndpointStateMachine task thread for /0.0.0.0:15002 - 0 ] INFO  ratis.XceiverServerRatis (XceiverServerRatis.java:getRealPort(543)) - XceiverServerRatis de3fb769-0102-4a69-91ff-1ba1954f3f02 is started using port 15111 for RATIS
2023-06-02 20:40:33,581 [EndpointStateMachine task thread for /0.0.0.0:15002 - 0 ] INFO  ratis.XceiverServerRatis (XceiverServerRatis.java:getRealPort(543)) - XceiverServerRatis de3fb769-0102-4a69-91ff-1ba1954f3f02 is started using port 15112 for RATIS_ADMIN
2023-06-02 20:40:33,581 [EndpointStateMachine task thread for /0.0.0.0:15002 - 0 ] INFO  ratis.XceiverServerRatis (XceiverServerRatis.java:getRealPort(543)) - XceiverServerRatis de3fb769-0102-4a69-91ff-1ba1954f3f02 is started using port 15113 for RATIS_SERVER
2023-06-02 20:40:33,581 [EndpointStateMachine task thread for /0.0.0.0:15002 - 0 ] INFO  ratis.XceiverServerRatis (XceiverServerRatis.java:getRealPort(543)) - XceiverServerRatis de3fb769-0102-4a69-91ff-1ba1954f3f02 is started using port 15114 for RATIS_DATASTREAM
2023-06-02 20:40:33,582 [JvmPauseMonitor13] INFO  util.JvmPauseMonitor (JvmPauseMonitor.java:run(103)) - JvmPauseMonitor-de3fb769-0102-4a69-91ff-1ba1954f3f02: Started
2023-06-02 20:40:33,588 [BlockDeletingService#0] INFO  interfaces.ContainerDeletionChoosingPolicyTemplate (ContainerDeletionChoosingPolicyTemplate.java:chooseContainerForBlockDeletion(83)) - Chosen 0/5000 blocks from 0 candidate containers.
2023-06-02 20:40:33,638 [IPC Server handler 18 on default port 15002] INFO  net.NetworkTopologyImpl (NetworkTopologyImpl.java:add(112)) - Added a new node: /default-rack/c30a36da-1763-463f-9370-bf353ef860b0
2023-06-02 20:40:33,638 [IPC Server handler 18 on default port 15002] INFO  node.SCMNodeManager (SCMNodeManager.java:register(407)) - Registered Data node : c30a36da-1763-463f-9370-bf353ef860b0{ip: 10.1.0.31, host: fv-az1239-288, ports: [HTTP=15072, CLIENT_RPC=15073, REPLICATION=15079, RATIS=15075, RATIS_ADMIN=15076, RATIS_SERVER=15077, RATIS_DATASTREAM=15078, STANDALONE=15074], networkLocation: /default-rack, certSerialId: null, persistedOpState: null, persistedOpStateExpiryEpochSec: 0}
2023-06-02 20:40:33,639 [EventQueue-NewNodeForNewNodeHandler] INFO  pipeline.BackgroundPipelineCreator (BackgroundPipelineCreator.java:notifyEventTriggered(276)) - trigger a one-shot run on RatisPipelineUtilsThread.
2023-06-02 20:40:33,639 [RatisPipelineUtilsThread - 0] INFO  pipeline.RatisPipelineProvider (RatisPipelineProvider.java:lambda$create$0(206)) - Sending CreatePipelineCommand for pipeline:PipelineID=f3fdc535-bf79-4a6d-a9fa-56abd2db9182 to datanode:c30a36da-1763-463f-9370-bf353ef860b0
2023-06-02 20:40:33,640 [RatisPipelineUtilsThread - 0] INFO  pipeline.PipelineStateManagerImpl (PipelineStateManagerImpl.java:addPipeline(103)) - Created pipeline Pipeline[ Id: f3fdc535-bf79-4a6d-a9fa-56abd2db9182, Nodes: c30a36da-1763-463f-9370-bf353ef860b0(fv-az1239-288/10.1.0.31), ReplicationConfig: RATIS/ONE, State:ALLOCATED, leaderId:, CreationTimestamp2023-06-02T20:40:33.639Z[Etc/UTC]].
2023-06-02 20:40:33,641 [RatisPipelineUtilsThread - 0] WARN  pipeline.PipelinePlacementPolicy (PipelinePlacementPolicy.java:filterViableNodes(160)) - Pipeline creation failed due to no sufficient healthy datanodes. Required 3. Found 2. Excluded 6.
2023-06-02 20:40:33,650 [main] INFO  ozone.MiniOzoneClusterImpl (MiniOzoneClusterImpl.java:lambda$waitForClusterToBeReady$0(222)) - Waiting for nodes to be ready. Got 8 of 14 DN Heartbeats.
2023-06-02 20:40:33,650 [main] INFO  ozone.MiniOzoneClusterImpl (MiniOzoneClusterImpl.java:lambda$waitForClusterToBeReady$0(225)) - Waiting for cluster to exit safe mode
2023-06-02 20:40:33,650 [main] INFO  ozone.MiniOzoneClusterImpl (MiniOzoneClusterImpl.java:lambda$waitForClusterToBeReady$0(227)) - SCM became leader
2023-06-02 20:40:33,966 [grpc-default-executor-0] INFO  server.RaftServer (RaftServerProxy.java:addNew(98)) - 501c2811-31b4-4cb7-a883-304e4eecc84c: addNew group-A560C19004D9:[559beb36-7c11-4841-9a8b-e14375a607db|rpc:10.1.0.31:15014|admin:10.1.0.31:15013|client:10.1.0.31:15012|dataStream:10.1.0.31:15015|priority:0|startupRole:FOLLOWER, f3098061-e126-467d-ace5-c417dde623cb|rpc:10.1.0.31:15023|admin:10.1.0.31:15022|client:10.1.0.31:15021|dataStream:10.1.0.31:15024|priority:0|startupRole:FOLLOWER, 501c2811-31b4-4cb7-a883-304e4eecc84c|rpc:10.1.0.31:15032|admin:10.1.0.31:15031|client:10.1.0.31:15030|dataStream:10.1.0.31:15033|priority:1|startupRole:FOLLOWER] returns group-A560C19004D9:java.util.concurrent.CompletableFuture@30479c56[Not completed]
2023-06-02 20:40:33,968 [501c2811-31b4-4cb7-a883-304e4eecc84c-groupManagement] INFO  server.RaftServer$Division (RaftServerImpl.java:<init>(198)) - 501c2811-31b4-4cb7-a883-304e4eecc84c: new RaftServerImpl for group-A560C19004D9:[559beb36-7c11-4841-9a8b-e14375a607db|rpc:10.1.0.31:15014|admin:10.1.0.31:15013|client:10.1.0.31:15012|dataStream:10.1.0.31:15015|priority:0|startupRole:FOLLOWER, f3098061-e126-467d-ace5-c417dde623cb|rpc:10.1.0.31:15023|admin:10.1.0.31:15022|client:10.1.0.31:15021|dataStream:10.1.0.31:15024|priority:0|startupRole:FOLLOWER, 501c2811-31b4-4cb7-a883-304e4eecc84c|rpc:10.1.0.31:15032|admin:10.1.0.31:15031|client:10.1.0.31:15030|dataStream:10.1.0.31:15033|priority:1|startupRole:FOLLOWER] with ContainerStateMachine:uninitialized
2023-06-02 20:40:33,969 [501c2811-31b4-4cb7-a883-304e4eecc84c-groupManagement] INFO  server.RaftServerConfigKeys (ConfUtils.java:logGet(46)) - raft.server.rpc.timeout.min = 5s (custom)
2023-06-02 20:40:33,969 [501c2811-31b4-4cb7-a883-304e4eecc84c-groupManagement] INFO  server.RaftServerConfigKeys (ConfUtils.java:logGet(46)) - raft.server.rpc.timeout.max = 5200ms (custom)
2023-06-02 20:40:33,969 [501c2811-31b4-4cb7-a883-304e4eecc84c-groupManagement] INFO  server.RaftServerConfigKeys (ConfUtils.java:logGet(46)) - raft.server.rpc.sleep.time = 25ms (default)
2023-06-02 20:40:33,969 [501c2811-31b4-4cb7-a883-304e4eecc84c-groupManagement] INFO  server.RaftServerConfigKeys (ConfUtils.java:logGet(46)) - raft.server.rpc.slowness.timeout = 300s (custom)
2023-06-02 20:40:33,969 [501c2811-31b4-4cb7-a883-304e4eecc84c-groupManagement] INFO  server.RaftServerConfigKeys (ConfUtils.java:logGet(46)) - raft.server.leaderelection.leader.step-down.wait-time = 10s (default)
2023-06-02 20:40:33,969 [501c2811-31b4-4cb7-a883-304e4eecc84c-groupManagement] INFO  server.RaftServerConfigKeys (ConfUtils.java:logGet(46)) - raft.server.sleep.deviation.threshold = 300ms (default)
2023-06-02 20:40:33,969 [501c2811-31b4-4cb7-a883-304e4eecc84c-groupManagement] INFO  server.RaftServer$Division (ServerState.java:<init>(120)) - 501c2811-31b4-4cb7-a883-304e4eecc84c@group-A560C19004D9: ConfigurationManager, init=-1: peers:[559beb36-7c11-4841-9a8b-e14375a607db|rpc:10.1.0.31:15014|admin:10.1.0.31:15013|client:10.1.0.31:15012|dataStream:10.1.0.31:15015|priority:0|startupRole:FOLLOWER, f3098061-e126-467d-ace5-c417dde623cb|rpc:10.1.0.31:15023|admin:10.1.0.31:15022|client:10.1.0.31:15021|dataStream:10.1.0.31:15024|priority:0|startupRole:FOLLOWER, 501c2811-31b4-4cb7-a883-304e4eecc84c|rpc:10.1.0.31:15032|admin:10.1.0.31:15031|client:10.1.0.31:15030|dataStream:10.1.0.31:15033|priority:1|startupRole:FOLLOWER]|listeners:[], old=null, confs=<EMPTY_MAP>
2023-06-02 20:40:33,969 [501c2811-31b4-4cb7-a883-304e4eecc84c-groupManagement] INFO  server.RaftServerConfigKeys (ConfUtils.java:logGet(46)) - raft.server.storage.dir = [/home/runner/work/ozone/ozone/hadoop-ozone/integration-test/target/test-dir/MiniOzoneClusterImpl-5ac0c7d5-b38a-4534-ae70-3109b4fe19c6/datanode-2/data/ratis] (custom)
2023-06-02 20:40:33,969 [501c2811-31b4-4cb7-a883-304e4eecc84c-groupManagement] INFO  server.RaftServerConfigKeys (ConfUtils.java:logGet(46)) - raft.server.log.corruption.policy = EXCEPTION (default)
2023-06-02 20:40:33,969 [501c2811-31b4-4cb7-a883-304e4eecc84c-groupManagement] INFO  server.RaftServerConfigKeys (ConfUtils.java:logGet(46)) - raft.server.storage.free-space.min = 0MB (=0) (default)
2023-06-02 20:40:33,969 [501c2811-31b4-4cb7-a883-304e4eecc84c-groupManagement] INFO  server.RaftServerConfigKeys (ConfUtils.java:logGet(46)) - raft.server.notification.no-leader.timeout = 300s (custom)
2023-06-02 20:40:33,970 [501c2811-31b4-4cb7-a883-304e4eecc84c-groupManagement] INFO  server.RaftServerConfigKeys (ConfUtils.java:logGet(46)) - raft.server.read.timeout = 10s (default)
2023-06-02 20:40:33,970 [501c2811-31b4-4cb7-a883-304e4eecc84c-groupManagement] INFO  server.RaftServerConfigKeys (ConfUtils.java:logGet(46)) - raft.server.retrycache.expirytime = 600000ms (custom)
2023-06-02 20:40:33,970 [501c2811-31b4-4cb7-a883-304e4eecc84c-groupManagement] INFO  server.RaftServerConfigKeys (ConfUtils.java:logGet(46)) - raft.server.retrycache.statistics.expirytime = 100μs (default)
2023-06-02 20:40:33,970 [501c2811-31b4-4cb7-a883-304e4eecc84c-groupManagement] INFO  server.RaftServerConfigKeys (ConfUtils.java:logGet(46)) - raft.server.read.option = DEFAULT (default)
2023-06-02 20:40:33,972 [501c2811-31b4-4cb7-a883-304e4eecc84c-groupManagement] INFO  server.RaftServerConfigKeys (ConfUtils.java:logGet(46)) - raft.server.rpc.request.timeout = 60s (custom)
2023-06-02 20:40:33,972 [501c2811-31b4-4cb7-a883-304e4eecc84c-groupManagement] INFO  server.RaftServerConfigKeys (ConfUtils.java:logGet(46)) - raft.server.log.appender.install.snapshot.enabled = false (custom)
2023-06-02 20:40:33,972 [501c2811-31b4-4cb7-a883-304e4eecc84c-groupManagement] INFO  server.RaftServerConfigKeys (ConfUtils.java:logGet(46)) - raft.server.threadpool.server.cached = true (default)
2023-06-02 20:40:33,972 [501c2811-31b4-4cb7-a883-304e4eecc84c-groupManagement] INFO  server.RaftServerConfigKeys (ConfUtils.java:logGet(46)) - raft.server.threadpool.server.size = 0 (default)
2023-06-02 20:40:33,972 [501c2811-31b4-4cb7-a883-304e4eecc84c-groupManagement] INFO  server.RaftServerConfigKeys (ConfUtils.java:logGet(46)) - raft.server.threadpool.client.cached = true (default)
2023-06-02 20:40:33,972 [501c2811-31b4-4cb7-a883-304e4eecc84c-groupManagement] INFO  server.RaftServerConfigKeys (ConfUtils.java:logGet(46)) - raft.server.threadpool.client.size = 0 (default)
2023-06-02 20:40:33,972 [501c2811-31b4-4cb7-a883-304e4eecc84c-groupManagement] INFO  storage.RaftStorageDirectory (RaftStorageDirectoryImpl.java:analyzeStorage(137)) - The storage directory /home/runner/work/ozone/ozone/hadoop-ozone/integration-test/target/test-dir/MiniOzoneClusterImpl-5ac0c7d5-b38a-4534-ae70-3109b4fe19c6/datanode-2/data/ratis/f1770900-d3b3-46bd-b918-a560c19004d9 does not exist. Creating ...
2023-06-02 20:40:33,976 [501c2811-31b4-4cb7-a883-304e4eecc84c-groupManagement] INFO  storage.RaftStorageDirectory (RaftStorageDirectoryImpl.java:tryLock(231)) - Lock on /home/runner/work/ozone/ozone/hadoop-ozone/integration-test/target/test-dir/MiniOzoneClusterImpl-5ac0c7d5-b38a-4534-ae70-3109b4fe19c6/datanode-2/data/ratis/f1770900-d3b3-46bd-b918-a560c19004d9/in_use.lock acquired by nodename 65175@fv-az1239-288
2023-06-02 20:40:33,977 [501c2811-31b4-4cb7-a883-304e4eecc84c-groupManagement] INFO  storage.RaftStorage (RaftStorageImpl.java:format(96)) - Storage directory /home/runner/work/ozone/ozone/hadoop-ozone/integration-test/target/test-dir/MiniOzoneClusterImpl-5ac0c7d5-b38a-4534-ae70-3109b4fe19c6/datanode-2/data/ratis/f1770900-d3b3-46bd-b918-a560c19004d9 has been successfully formatted.
2023-06-02 20:40:33,980 [501c2811-31b4-4cb7-a883-304e4eecc84c-groupManagement] INFO  ratis.ContainerStateMachine (ContainerStateMachine.java:loadSnapshot(262)) - group-A560C19004D9: The snapshot info is null. Setting the last applied indexto:(t:0, i:~)
2023-06-02 20:40:33,982 [501c2811-31b4-4cb7-a883-304e4eecc84c-groupManagement] INFO  server.RaftServerConfigKeys (ConfUtils.java:logGet(46)) - raft.server.log.use.memory = false (default)
2023-06-02 20:40:33,982 [501c2811-31b4-4cb7-a883-304e4eecc84c-groupManagement] INFO  server.RaftServerConfigKeys (ConfUtils.java:logGet(46)) - raft.server.log.purge.gap = 1000000 (custom)
2023-06-02 20:40:33,983 [501c2811-31b4-4cb7-a883-304e4eecc84c-groupManagement] INFO  server.RaftServerConfigKeys (ConfUtils.java:logGet(46)) - raft.server.log.appender.buffer.byte-limit = 33554432 (custom)
2023-06-02 20:40:33,983 [501c2811-31b4-4cb7-a883-304e4eecc84c-groupManagement] INFO  server.RaftServerConfigKeys (ConfUtils.java:logGet(46)) - raft.server.log.statemachine.data.read.timeout = 1000ms (default)
2023-06-02 20:40:33,983 [501c2811-31b4-4cb7-a883-304e4eecc84c-groupManagement] INFO  server.RaftServerConfigKeys (ConfUtils.java:logGet(46)) - raft.server.log.purge.preservation.log.num = 0 (default)
2023-06-02 20:40:33,983 [501c2811-31b4-4cb7-a883-304e4eecc84c-groupManagement] INFO  server.RaftServerConfigKeys (ConfUtils.java:logGet(46)) - raft.server.log.segment.size.max = 1048576 (custom)
2023-06-02 20:40:33,984 [501c2811-31b4-4cb7-a883-304e4eecc84c-groupManagement] INFO  server.RaftServerConfigKeys (ConfUtils.java:logGet(46)) - raft.server.log.segment.cache.num.max = 2 (custom)
2023-06-02 20:40:33,985 [501c2811-31b4-4cb7-a883-304e4eecc84c-groupManagement] INFO  server.RaftServerConfigKeys (ConfUtils.java:logGet(46)) - raft.server.log.segment.cache.size.max = 200MB (=209715200) (default)
2023-06-02 20:40:33,985 [501c2811-31b4-4cb7-a883-304e4eecc84c-groupManagement] INFO  server.RaftServerConfigKeys (ConfUtils.java:logGet(46)) - raft.server.log.appender.buffer.byte-limit = 33554432 (custom)
2023-06-02 20:40:33,985 [501c2811-31b4-4cb7-a883-304e4eecc84c-groupManagement] INFO  segmented.SegmentedRaftLogWorker (SegmentedRaftLogWorker.java:<init>(188)) - new 501c2811-31b4-4cb7-a883-304e4eecc84c@group-A560C19004D9-SegmentedRaftLogWorker for RaftStorageImpl:Storage Directory /home/runner/work/ozone/ozone/hadoop-ozone/integration-test/target/test-dir/MiniOzoneClusterImpl-5ac0c7d5-b38a-4534-ae70-3109b4fe19c6/datanode-2/data/ratis/f1770900-d3b3-46bd-b918-a560c19004d9
2023-06-02 20:40:33,985 [501c2811-31b4-4cb7-a883-304e4eecc84c-groupManagement] INFO  server.RaftServerConfigKeys (ConfUtils.java:logGet(46)) - raft.server.log.queue.byte-limit = 4294967296 (custom)
2023-06-02 20:40:33,985 [501c2811-31b4-4cb7-a883-304e4eecc84c-groupManagement] INFO  server.RaftServerConfigKeys (ConfUtils.java:logGet(46)) - raft.server.log.queue.element-limit = 1024 (custom)
2023-06-02 20:40:33,985 [501c2811-31b4-4cb7-a883-304e4eecc84c-groupManagement] INFO  server.RaftServerConfigKeys (ConfUtils.java:logGet(46)) - raft.server.log.segment.size.max = 1048576 (custom)
2023-06-02 20:40:33,985 [501c2811-31b4-4cb7-a883-304e4eecc84c-groupManagement] INFO  server.RaftServerConfigKeys (ConfUtils.java:logGet(46)) - raft.server.log.preallocated.size = 16384 (custom)
2023-06-02 20:40:33,985 [501c2811-31b4-4cb7-a883-304e4eecc84c-groupManagement] INFO  server.RaftServerConfigKeys (ConfUtils.java:logGet(46)) - raft.server.log.force.sync.num = 128 (default)
2023-06-02 20:40:33,985 [501c2811-31b4-4cb7-a883-304e4eecc84c-groupManagement] INFO  server.RaftServerConfigKeys (ConfUtils.java:logGet(46)) - raft.server.log.statemachine.data.sync = true (default)
2023-06-02 20:40:33,985 [501c2811-31b4-4cb7-a883-304e4eecc84c-groupManagement] INFO  server.RaftServerConfigKeys (ConfUtils.java:logGet(46)) - raft.server.log.statemachine.data.sync.timeout = 10s (default)
2023-06-02 20:40:33,985 [501c2811-31b4-4cb7-a883-304e4eecc84c-groupManagement] INFO  server.RaftServerConfigKeys (ConfUtils.java:logGet(46)) - raft.server.log.statemachine.data.sync.timeout.retry = -1 (default)
2023-06-02 20:40:33,987 [501c2811-31b4-4cb7-a883-304e4eecc84c-groupManagement] INFO  server.RaftServerConfigKeys (ConfUtils.java:logGet(46)) - raft.server.log.write.buffer.size = 1048576 (custom)
2023-06-02 20:40:33,988 [501c2811-31b4-4cb7-a883-304e4eecc84c-groupManagement] INFO  server.RaftServerConfigKeys (ConfUtils.java:logGet(46)) - raft.server.log.appender.buffer.byte-limit = 33554432 (custom)
2023-06-02 20:40:33,993 [501c2811-31b4-4cb7-a883-304e4eecc84c-groupManagement] INFO  server.RaftServerConfigKeys (ConfUtils.java:logGet(46)) - raft.server.log.unsafe-flush.enabled = false (default)
2023-06-02 20:40:33,993 [501c2811-31b4-4cb7-a883-304e4eecc84c-groupManagement] INFO  server.RaftServerConfigKeys (ConfUtils.java:logGet(46)) - raft.server.log.async-flush.enabled = false (default)
2023-06-02 20:40:33,993 [501c2811-31b4-4cb7-a883-304e4eecc84c-groupManagement] INFO  server.RaftServerConfigKeys (ConfUtils.java:logGet(46)) - raft.server.log.statemachine.data.caching.enabled = true (custom)
2023-06-02 20:40:33,994 [501c2811-31b4-4cb7-a883-304e4eecc84c-groupManagement] INFO  segmented.SegmentedRaftLogWorker (SegmentedRaftLogWorker.java:lambda$new$0(135)) - 501c2811-31b4-4cb7-a883-304e4eecc84c@group-A560C19004D9-SegmentedRaftLogWorker: flushIndex: setUnconditionally 0 -> -1
2023-06-02 20:40:33,994 [501c2811-31b4-4cb7-a883-304e4eecc84c-groupManagement] INFO  segmented.SegmentedRaftLogWorker (SegmentedRaftLogWorker.java:lambda$new$0(135)) - 501c2811-31b4-4cb7-a883-304e4eecc84c@group-A560C19004D9-SegmentedRaftLogWorker: safeCacheEvictIndex: setUnconditionally 0 -> -1
2023-06-02 20:40:33,994 [501c2811-31b4-4cb7-a883-304e4eecc84c-groupManagement] INFO  server.RaftServer$Division (RaftServerImpl.java:start(342)) - 501c2811-31b4-4cb7-a883-304e4eecc84c@group-A560C19004D9: start as a follower, conf=-1: peers:[559beb36-7c11-4841-9a8b-e14375a607db|rpc:10.1.0.31:15014|admin:10.1.0.31:15013|client:10.1.0.31:15012|dataStream:10.1.0.31:15015|priority:0|startupRole:FOLLOWER, f3098061-e126-467d-ace5-c417dde623cb|rpc:10.1.0.31:15023|admin:10.1.0.31:15022|client:10.1.0.31:15021|dataStream:10.1.0.31:15024|priority:0|startupRole:FOLLOWER, 501c2811-31b4-4cb7-a883-304e4eecc84c|rpc:10.1.0.31:15032|admin:10.1.0.31:15031|client:10.1.0.31:15030|dataStream:10.1.0.31:15033|priority:1|startupRole:FOLLOWER]|listeners:[], old=null
2023-06-02 20:40:33,994 [501c2811-31b4-4cb7-a883-304e4eecc84c-groupManagement] INFO  server.RaftServer$Division (RaftServerImpl.java:setRole(329)) - 501c2811-31b4-4cb7-a883-304e4eecc84c@group-A560C19004D9: changes role from      null to FOLLOWER at term 0 for startAsFollower
2023-06-02 20:40:33,994 [501c2811-31b4-4cb7-a883-304e4eecc84c-groupManagement] INFO  impl.RoleInfo (RoleInfo.java:updateAndGet(139)) - 501c2811-31b4-4cb7-a883-304e4eecc84c: start 501c2811-31b4-4cb7-a883-304e4eecc84c@group-A560C19004D9-FollowerState
2023-06-02 20:40:33,995 [501c2811-31b4-4cb7-a883-304e4eecc84c-groupManagement] INFO  util.JmxRegister (JmxRegister.java:tryRegister(44)) - Successfully registered JMX Bean with object name Ratis:service=RaftServer,group=group-A560C19004D9,id=501c2811-31b4-4cb7-a883-304e4eecc84c
2023-06-02 20:40:33,997 [501c2811-31b4-4cb7-a883-304e4eecc84c-groupManagement] INFO  server.RaftServerConfigKeys (ConfUtils.java:logGet(46)) - raft.server.snapshot.auto.trigger.enabled = true (custom)
2023-06-02 20:40:33,997 [501c2811-31b4-4cb7-a883-304e4eecc84c-groupManagement] INFO  server.RaftServerConfigKeys (ConfUtils.java:logGet(46)) - raft.server.snapshot.auto.trigger.threshold = 10000 (custom)
2023-06-02 20:40:33,997 [501c2811-31b4-4cb7-a883-304e4eecc84c-groupManagement] INFO  server.RaftServerConfigKeys (ConfUtils.java:logGet(46)) - raft.server.snapshot.retention.file.num = 5 (custom)
2023-06-02 20:40:33,997 [501c2811-31b4-4cb7-a883-304e4eecc84c-groupManagement] INFO  server.RaftServerConfigKeys (ConfUtils.java:logGet(46)) - raft.server.log.purge.upto.snapshot.index = false (default)
2023-06-02 20:40:34,002 [501c2811-31b4-4cb7-a883-304e4eecc84c@group-A560C19004D9-FollowerState] INFO  server.RaftServerConfigKeys (ConfUtils.java:logFallback(53)) - raft.server.rpc.first-election.timeout.min = 5s (fallback to raft.server.rpc.timeout.min)
2023-06-02 20:40:34,007 [501c2811-31b4-4cb7-a883-304e4eecc84c@group-A560C19004D9-FollowerState] INFO  server.RaftServerConfigKeys (ConfUtils.java:logFallback(53)) - raft.server.rpc.first-election.timeout.max = 5200ms (fallback to raft.server.rpc.timeout.max)
2023-06-02 20:40:34,080 [IPC Server handler 6 on default port 15002] INFO  net.NetworkTopologyImpl (NetworkTopologyImpl.java:add(112)) - Added a new node: /default-rack/b4411977-9720-4d4b-9a0b-907fa7158048
2023-06-02 20:40:34,083 [IPC Server handler 6 on default port 15002] INFO  node.SCMNodeManager (SCMNodeManager.java:register(407)) - Registered Data node : b4411977-9720-4d4b-9a0b-907fa7158048{ip: 10.1.0.31, host: fv-az1239-288, ports: [HTTP=15081, CLIENT_RPC=15082, REPLICATION=15088, RATIS=15084, RATIS_ADMIN=15085, RATIS_SERVER=15086, RATIS_DATASTREAM=15087, STANDALONE=15083], networkLocation: /default-rack, certSerialId: null, persistedOpState: null, persistedOpStateExpiryEpochSec: 0}
2023-06-02 20:40:34,084 [EventQueue-NewNodeForNewNodeHandler] INFO  pipeline.BackgroundPipelineCreator (BackgroundPipelineCreator.java:notifyEventTriggered(276)) - trigger a one-shot run on RatisPipelineUtilsThread.
2023-06-02 20:40:34,098 [RatisPipelineUtilsThread - 0] INFO  pipeline.RatisPipelineProvider (RatisPipelineProvider.java:lambda$create$0(206)) - Sending CreatePipelineCommand for pipeline:PipelineID=64603dce-ae49-4080-9625-66b879d2fce9 to datanode:b4411977-9720-4d4b-9a0b-907fa7158048
2023-06-02 20:40:34,099 [RatisPipelineUtilsThread - 0] INFO  pipeline.PipelineStateManagerImpl (PipelineStateManagerImpl.java:addPipeline(103)) - Created pipeline Pipeline[ Id: 64603dce-ae49-4080-9625-66b879d2fce9, Nodes: b4411977-9720-4d4b-9a0b-907fa7158048(fv-az1239-288/10.1.0.31), ReplicationConfig: RATIS/ONE, State:ALLOCATED, leaderId:, CreationTimestamp2023-06-02T20:40:34.098Z[Etc/UTC]].
2023-06-02 20:40:34,104 [grpc-default-executor-0] INFO  server.RaftServer (RaftServerProxy.java:addNew(98)) - f3098061-e126-467d-ace5-c417dde623cb: addNew group-A560C19004D9:[559beb36-7c11-4841-9a8b-e14375a607db|rpc:10.1.0.31:15014|admin:10.1.0.31:15013|client:10.1.0.31:15012|dataStream:10.1.0.31:15015|priority:0|startupRole:FOLLOWER, f3098061-e126-467d-ace5-c417dde623cb|rpc:10.1.0.31:15023|admin:10.1.0.31:15022|client:10.1.0.31:15021|dataStream:10.1.0.31:15024|priority:0|startupRole:FOLLOWER, 501c2811-31b4-4cb7-a883-304e4eecc84c|rpc:10.1.0.31:15032|admin:10.1.0.31:15031|client:10.1.0.31:15030|dataStream:10.1.0.31:15033|priority:1|startupRole:FOLLOWER] returns group-A560C19004D9:java.util.concurrent.CompletableFuture@2a1cc94c[Not completed]
2023-06-02 20:40:34,105 [PipelineCommandHandlerThread-0] INFO  server.RaftServer (RaftServerProxy.java:addNew(98)) - f3098061-e126-467d-ace5-c417dde623cb: addNew group-86A6C006EA27:[f3098061-e126-467d-ace5-c417dde623cb|rpc:10.1.0.31:15023|admin:10.1.0.31:15022|client:10.1.0.31:15021|dataStream:10.1.0.31:15024|priority:1|startupRole:FOLLOWER] returns group-86A6C006EA27:java.util.concurrent.CompletableFuture@1fce84b7[Not completed]
2023-06-02 20:40:34,108 [RatisPipelineUtilsThread - 0] INFO  pipeline.RatisPipelineProvider (RatisPipelineProvider.java:lambda$create$0(206)) - Sending CreatePipelineCommand for pipeline:PipelineID=004e31c2-d5d8-4815-9813-25329ddabb2c to datanode:a629a011-13a9-410c-9234-b770ba2e8ba4
2023-06-02 20:40:34,109 [RatisPipelineUtilsThread - 0] INFO  pipeline.RatisPipelineProvider (RatisPipelineProvider.java:lambda$create$0(206)) - Sending CreatePipelineCommand for pipeline:PipelineID=004e31c2-d5d8-4815-9813-25329ddabb2c to datanode:c30a36da-1763-463f-9370-bf353ef860b0
2023-06-02 20:40:34,109 [RatisPipelineUtilsThread - 0] INFO  pipeline.RatisPipelineProvider (RatisPipelineProvider.java:lambda$create$0(206)) - Sending CreatePipelineCommand for pipeline:PipelineID=004e31c2-d5d8-4815-9813-25329ddabb2c to datanode:b4411977-9720-4d4b-9a0b-907fa7158048
2023-06-02 20:40:34,110 [RatisPipelineUtilsThread - 0] INFO  pipeline.PipelineStateManagerImpl (PipelineStateManagerImpl.java:addPipeline(103)) - Created pipeline Pipeline[ Id: 004e31c2-d5d8-4815-9813-25329ddabb2c, Nodes: a629a011-13a9-410c-9234-b770ba2e8ba4(fv-az1239-288/10.1.0.31)c30a36da-1763-463f-9370-bf353ef860b0(fv-az1239-288/10.1.0.31)b4411977-9720-4d4b-9a0b-907fa7158048(fv-az1239-288/10.1.0.31), ReplicationConfig: RATIS/THREE, State:ALLOCATED, leaderId:, CreationTimestamp2023-06-02T20:40:34.108Z[Etc/UTC]].
2023-06-02 20:40:34,112 [RatisPipelineUtilsThread - 0] INFO  pipeline.RatisPipelineProvider (RatisPipelineProvider.java:lambda$create$0(206)) - Sending CreatePipelineCommand for pipeline:PipelineID=40d86c21-5060-4c2c-992b-2370e48c5ec3 to datanode:b4411977-9720-4d4b-9a0b-907fa7158048
2023-06-02 20:40:34,112 [RatisPipelineUtilsThread - 0] INFO  pipeline.RatisPipelineProvider (RatisPipelineProvider.java:lambda$create$0(206)) - Sending CreatePipelineCommand for pipeline:PipelineID=40d86c21-5060-4c2c-992b-2370e48c5ec3 to datanode:c30a36da-1763-463f-9370-bf353ef860b0
2023-06-02 20:40:34,112 [RatisPipelineUtilsThread - 0] INFO  pipeline.RatisPipelineProvider (RatisPipelineProvider.java:lambda$create$0(206)) - Sending CreatePipelineCommand for pipeline:PipelineID=40d86c21-5060-4c2c-992b-2370e48c5ec3 to datanode:a629a011-13a9-410c-9234-b770ba2e8ba4
2023-06-02 20:40:34,113 [RatisPipelineUtilsThread - 0] INFO  pipeline.PipelineStateManagerImpl (PipelineStateManagerImpl.java:addPipeline(103)) - Created pipeline Pipeline[ Id: 40d86c21-5060-4c2c-992b-2370e48c5ec3, Nodes: b4411977-9720-4d4b-9a0b-907fa7158048(fv-az1239-288/10.1.0.31)c30a36da-1763-463f-9370-bf353ef860b0(fv-az1239-288/10.1.0.31)a629a011-13a9-410c-9234-b770ba2e8ba4(fv-az1239-288/10.1.0.31), ReplicationConfig: RATIS/THREE, State:ALLOCATED, leaderId:, CreationTimestamp2023-06-02T20:40:34.112Z[Etc/UTC]].
2023-06-02 20:40:34,113 [RatisPipelineUtilsThread - 0] INFO  pipeline.PipelineManagerImpl (PipelineManagerImpl.java:recordMetricsForPipeline(826)) - Pipeline: PipelineID=40d86c21-5060-4c2c-992b-2370e48c5ec3 contains same datanodes as previous pipelines: PipelineID=004e31c2-d5d8-4815-9813-25329ddabb2c nodeIds: b4411977-9720-4d4b-9a0b-907fa7158048, c30a36da-1763-463f-9370-bf353ef860b0, a629a011-13a9-410c-9234-b770ba2e8ba4
2023-06-02 20:40:34,114 [RatisPipelineUtilsThread - 0] WARN  pipeline.PipelinePlacementPolicy (PipelinePlacementPolicy.java:filterViableNodes(160)) - Pipeline creation failed due to no sufficient healthy datanodes. Required 3. Found 0. Excluded 9.
2023-06-02 20:40:34,118 [f3098061-e126-467d-ace5-c417dde623cb-groupManagement] INFO  server.RaftServer$Division (RaftServerImpl.java:<init>(198)) - f3098061-e126-467d-ace5-c417dde623cb: new RaftServerImpl for group-A560C19004D9:[559beb36-7c11-4841-9a8b-e14375a607db|rpc:10.1.0.31:15014|admin:10.1.0.31:15013|client:10.1.0.31:15012|dataStream:10.1.0.31:15015|priority:0|startupRole:FOLLOWER, f3098061-e126-467d-ace5-c417dde623cb|rpc:10.1.0.31:15023|admin:10.1.0.31:15022|client:10.1.0.31:15021|dataStream:10.1.0.31:15024|priority:0|startupRole:FOLLOWER, 501c2811-31b4-4cb7-a883-304e4eecc84c|rpc:10.1.0.31:15032|admin:10.1.0.31:15031|client:10.1.0.31:15030|dataStream:10.1.0.31:15033|priority:1|startupRole:FOLLOWER] with ContainerStateMachine:uninitialized
2023-06-02 20:40:34,120 [f3098061-e126-467d-ace5-c417dde623cb-groupManagement] INFO  server.RaftServerConfigKeys (ConfUtils.java:logGet(46)) - raft.server.rpc.timeout.min = 5s (custom)
2023-06-02 20:40:34,120 [f3098061-e126-467d-ace5-c417dde623cb-groupManagement] INFO  server.RaftServerConfigKeys (ConfUtils.java:logGet(46)) - raft.server.rpc.timeout.max = 5200ms (custom)
2023-06-02 20:40:34,120 [f3098061-e126-467d-ace5-c417dde623cb-groupManagement] INFO  server.RaftServerConfigKeys (ConfUtils.java:logGet(46)) - raft.server.rpc.sleep.time = 25ms (default)
2023-06-02 20:40:34,120 [f3098061-e126-467d-ace5-c417dde623cb-groupManagement] INFO  server.RaftServerConfigKeys (ConfUtils.java:logGet(46)) - raft.server.rpc.slowness.timeout = 300s (custom)
2023-06-02 20:40:34,120 [f3098061-e126-467d-ace5-c417dde623cb-groupManagement] INFO  server.RaftServerConfigKeys (ConfUtils.java:logGet(46)) - raft.server.leaderelection.leader.step-down.wait-time = 10s (default)
2023-06-02 20:40:34,120 [f3098061-e126-467d-ace5-c417dde623cb-groupManagement] INFO  server.RaftServerConfigKeys (ConfUtils.java:logGet(46)) - raft.server.sleep.deviation.threshold = 300ms (default)
2023-06-02 20:40:34,120 [f3098061-e126-467d-ace5-c417dde623cb-groupManagement] INFO  server.RaftServer$Division (ServerState.java:<init>(120)) - f3098061-e126-467d-ace5-c417dde623cb@group-A560C19004D9: ConfigurationManager, init=-1: peers:[559beb36-7c11-4841-9a8b-e14375a607db|rpc:10.1.0.31:15014|admin:10.1.0.31:15013|client:10.1.0.31:15012|dataStream:10.1.0.31:15015|priority:0|startupRole:FOLLOWER, f3098061-e126-467d-ace5-c417dde623cb|rpc:10.1.0.31:15023|admin:10.1.0.31:15022|client:10.1.0.31:15021|dataStream:10.1.0.31:15024|priority:0|startupRole:FOLLOWER, 501c2811-31b4-4cb7-a883-304e4eecc84c|rpc:10.1.0.31:15032|admin:10.1.0.31:15031|client:10.1.0.31:15030|dataStream:10.1.0.31:15033|priority:1|startupRole:FOLLOWER]|listeners:[], old=null, confs=<EMPTY_MAP>
2023-06-02 20:40:34,121 [f3098061-e126-467d-ace5-c417dde623cb-groupManagement] INFO  server.RaftServerConfigKeys (ConfUtils.java:logGet(46)) - raft.server.storage.dir = [/home/runner/work/ozone/ozone/hadoop-ozone/integration-test/target/test-dir/MiniOzoneClusterImpl-5ac0c7d5-b38a-4534-ae70-3109b4fe19c6/datanode-1/data/ratis] (custom)
2023-06-02 20:40:34,122 [f3098061-e126-467d-ace5-c417dde623cb-groupManagement] INFO  server.RaftServerConfigKeys (ConfUtils.java:logGet(46)) - raft.server.log.corruption.policy = EXCEPTION (default)
2023-06-02 20:40:34,122 [f3098061-e126-467d-ace5-c417dde623cb-groupManagement] INFO  server.RaftServerConfigKeys (ConfUtils.java:logGet(46)) - raft.server.storage.free-space.min = 0MB (=0) (default)
2023-06-02 20:40:34,122 [f3098061-e126-467d-ace5-c417dde623cb-groupManagement] INFO  server.RaftServerConfigKeys (ConfUtils.java:logGet(46)) - raft.server.notification.no-leader.timeout = 300s (custom)
2023-06-02 20:40:34,122 [f3098061-e126-467d-ace5-c417dde623cb-groupManagement] INFO  server.RaftServerConfigKeys (ConfUtils.java:logGet(46)) - raft.server.read.timeout = 10s (default)
2023-06-02 20:40:34,122 [f3098061-e126-467d-ace5-c417dde623cb-groupManagement] INFO  server.RaftServerConfigKeys (ConfUtils.java:logGet(46)) - raft.server.retrycache.expirytime = 600000ms (custom)
2023-06-02 20:40:34,122 [f3098061-e126-467d-ace5-c417dde623cb-groupManagement] INFO  server.RaftServerConfigKeys (ConfUtils.java:logGet(46)) - raft.server.retrycache.statistics.expirytime = 100μs (default)
2023-06-02 20:40:34,122 [f3098061-e126-467d-ace5-c417dde623cb-groupManagement] INFO  server.RaftServerConfigKeys (ConfUtils.java:logGet(46)) - raft.server.read.option = DEFAULT (default)
2023-06-02 20:40:34,125 [f3098061-e126-467d-ace5-c417dde623cb-groupManagement] INFO  server.RaftServerConfigKeys (ConfUtils.java:logGet(46)) - raft.server.rpc.request.timeout = 60s (custom)
2023-06-02 20:40:34,125 [f3098061-e126-467d-ace5-c417dde623cb-groupManagement] INFO  server.RaftServerConfigKeys (ConfUtils.java:logGet(46)) - raft.server.log.appender.install.snapshot.enabled = false (custom)
2023-06-02 20:40:34,125 [f3098061-e126-467d-ace5-c417dde623cb-groupManagement] INFO  server.RaftServerConfigKeys (ConfUtils.java:logGet(46)) - raft.server.threadpool.server.cached = true (default)
2023-06-02 20:40:34,125 [f3098061-e126-467d-ace5-c417dde623cb-groupManagement] INFO  server.RaftServerConfigKeys (ConfUtils.java:logGet(46)) - raft.server.threadpool.server.size = 0 (default)
2023-06-02 20:40:34,125 [f3098061-e126-467d-ace5-c417dde623cb-groupManagement] INFO  server.RaftServerConfigKeys (ConfUtils.java:logGet(46)) - raft.server.threadpool.client.cached = true (default)
2023-06-02 20:40:34,125 [f3098061-e126-467d-ace5-c417dde623cb-groupManagement] INFO  server.RaftServerConfigKeys (ConfUtils.java:logGet(46)) - raft.server.threadpool.client.size = 0 (default)
2023-06-02 20:40:34,126 [f3098061-e126-467d-ace5-c417dde623cb-groupManagement] INFO  server.RaftServer$Division (RaftServerImpl.java:<init>(198)) - f3098061-e126-467d-ace5-c417dde623cb: new RaftServerImpl for group-86A6C006EA27:[f3098061-e126-467d-ace5-c417dde623cb|rpc:10.1.0.31:15023|admin:10.1.0.31:15022|client:10.1.0.31:15021|dataStream:10.1.0.31:15024|priority:1|startupRole:FOLLOWER] with ContainerStateMachine:uninitialized
2023-06-02 20:40:34,126 [f3098061-e126-467d-ace5-c417dde623cb-groupManagement] INFO  server.RaftServerConfigKeys (ConfUtils.java:logGet(46)) - raft.server.rpc.timeout.min = 5s (custom)
2023-06-02 20:40:34,128 [f3098061-e126-467d-ace5-c417dde623cb-groupManagement] INFO  server.RaftServerConfigKeys (ConfUtils.java:logGet(46)) - raft.server.rpc.timeout.max = 5200ms (custom)
2023-06-02 20:40:34,128 [f3098061-e126-467d-ace5-c417dde623cb-groupManagement] INFO  server.RaftServerConfigKeys (ConfUtils.java:logGet(46)) - raft.server.rpc.sleep.time = 25ms (default)
2023-06-02 20:40:34,128 [f3098061-e126-467d-ace5-c417dde623cb-groupManagement] INFO  server.RaftServerConfigKeys (ConfUtils.java:logGet(46)) - raft.server.rpc.slowness.timeout = 300s (custom)
2023-06-02 20:40:34,128 [f3098061-e126-467d-ace5-c417dde623cb-groupManagement] INFO  server.RaftServerConfigKeys (ConfUtils.java:logGet(46)) - raft.server.leaderelection.leader.step-down.wait-time = 10s (default)
2023-06-02 20:40:34,128 [f3098061-e126-467d-ace5-c417dde623cb-groupManagement] INFO  server.RaftServerConfigKeys (ConfUtils.java:logGet(46)) - raft.server.sleep.deviation.threshold = 300ms (default)
2023-06-02 20:40:34,128 [f3098061-e126-467d-ace5-c417dde623cb-groupManagement] INFO  server.RaftServer$Division (ServerState.java:<init>(120)) - f3098061-e126-467d-ace5-c417dde623cb@group-86A6C006EA27: ConfigurationManager, init=-1: peers:[f3098061-e126-467d-ace5-c417dde623cb|rpc:10.1.0.31:15023|admin:10.1.0.31:15022|client:10.1.0.31:15021|dataStream:10.1.0.31:15024|priority:1|startupRole:FOLLOWER]|listeners:[], old=null, confs=<EMPTY_MAP>
2023-06-02 20:40:34,128 [f3098061-e126-467d-ace5-c417dde623cb-groupManagement] INFO  server.RaftServerConfigKeys (ConfUtils.java:logGet(46)) - raft.server.storage.dir = [/home/runner/work/ozone/ozone/hadoop-ozone/integration-test/target/test-dir/MiniOzoneClusterImpl-5ac0c7d5-b38a-4534-ae70-3109b4fe19c6/datanode-1/data/ratis] (custom)
2023-06-02 20:40:34,129 [f3098061-e126-467d-ace5-c417dde623cb-groupManagement] INFO  server.RaftServerConfigKeys (ConfUtils.java:logGet(46)) - raft.server.log.corruption.policy = EXCEPTION (default)
2023-06-02 20:40:34,129 [f3098061-e126-467d-ace5-c417dde623cb-groupManagement] INFO  server.RaftServerConfigKeys (ConfUtils.java:logGet(46)) - raft.server.storage.free-space.min = 0MB (=0) (default)
2023-06-02 20:40:34,132 [f3098061-e126-467d-ace5-c417dde623cb-groupManagement] INFO  server.RaftServerConfigKeys (ConfUtils.java:logGet(46)) - raft.server.notification.no-leader.timeout = 300s (custom)
2023-06-02 20:40:34,132 [f3098061-e126-467d-ace5-c417dde623cb-groupManagement] INFO  server.RaftServerConfigKeys (ConfUtils.java:logGet(46)) - raft.server.read.timeout = 10s (default)
2023-06-02 20:40:34,132 [f3098061-e126-467d-ace5-c417dde623cb-groupManagement] INFO  server.RaftServerConfigKeys (ConfUtils.java:logGet(46)) - raft.server.retrycache.expirytime = 600000ms (custom)
2023-06-02 20:40:34,132 [f3098061-e126-467d-ace5-c417dde623cb-groupManagement] INFO  server.RaftServerConfigKeys (ConfUtils.java:logGet(46)) - raft.server.retrycache.statistics.expirytime = 100μs (default)
2023-06-02 20:40:34,132 [f3098061-e126-467d-ace5-c417dde623cb-groupManagement] INFO  server.RaftServerConfigKeys (ConfUtils.java:logGet(46)) - raft.server.read.option = DEFAULT (default)
2023-06-02 20:40:34,137 [f3098061-e126-467d-ace5-c417dde623cb-groupManagement] INFO  server.RaftServerConfigKeys (ConfUtils.java:logGet(46)) - raft.server.rpc.request.timeout = 60s (custom)
2023-06-02 20:40:34,137 [f3098061-e126-467d-ace5-c417dde623cb-groupManagement] INFO  server.RaftServerConfigKeys (ConfUtils.java:logGet(46)) - raft.server.log.appender.install.snapshot.enabled = false (custom)
2023-06-02 20:40:34,137 [f3098061-e126-467d-ace5-c417dde623cb-groupManagement] INFO  server.RaftServerConfigKeys (ConfUtils.java:logGet(46)) - raft.server.threadpool.server.cached = true (default)
2023-06-02 20:40:34,138 [f3098061-e126-467d-ace5-c417dde623cb-groupManagement] INFO  server.RaftServerConfigKeys (ConfUtils.java:logGet(46)) - raft.server.threadpool.server.size = 0 (default)
2023-06-02 20:40:34,138 [f3098061-e126-467d-ace5-c417dde623cb-groupManagement] INFO  server.RaftServerConfigKeys (ConfUtils.java:logGet(46)) - raft.server.threadpool.client.cached = true (default)
2023-06-02 20:40:34,138 [f3098061-e126-467d-ace5-c417dde623cb-groupManagement] INFO  server.RaftServerConfigKeys (ConfUtils.java:logGet(46)) - raft.server.threadpool.client.size = 0 (default)
2023-06-02 20:40:34,138 [f3098061-e126-467d-ace5-c417dde623cb-groupManagement] INFO  storage.RaftStorageDirectory (RaftStorageDirectoryImpl.java:analyzeStorage(137)) - The storage directory /home/runner/work/ozone/ozone/hadoop-ozone/integration-test/target/test-dir/MiniOzoneClusterImpl-5ac0c7d5-b38a-4534-ae70-3109b4fe19c6/datanode-1/data/ratis/f1770900-d3b3-46bd-b918-a560c19004d9 does not exist. Creating ...
2023-06-02 20:40:34,143 [f3098061-e126-467d-ace5-c417dde623cb-groupManagement] INFO  storage.RaftStorageDirectory (RaftStorageDirectoryImpl.java:tryLock(231)) - Lock on /home/runner/work/ozone/ozone/hadoop-ozone/integration-test/target/test-dir/MiniOzoneClusterImpl-5ac0c7d5-b38a-4534-ae70-3109b4fe19c6/datanode-1/data/ratis/f1770900-d3b3-46bd-b918-a560c19004d9/in_use.lock acquired by nodename 65175@fv-az1239-288
2023-06-02 20:40:34,148 [f3098061-e126-467d-ace5-c417dde623cb-groupManagement] INFO  storage.RaftStorage (RaftStorageImpl.java:format(96)) - Storage directory /home/runner/work/ozone/ozone/hadoop-ozone/integration-test/target/test-dir/MiniOzoneClusterImpl-5ac0c7d5-b38a-4534-ae70-3109b4fe19c6/datanode-1/data/ratis/f1770900-d3b3-46bd-b918-a560c19004d9 has been successfully formatted.
2023-06-02 20:40:34,155 [f3098061-e126-467d-ace5-c417dde623cb-groupManagement] INFO  ratis.ContainerStateMachine (ContainerStateMachine.java:loadSnapshot(262)) - group-A560C19004D9: The snapshot info is null. Setting the last applied indexto:(t:0, i:~)
2023-06-02 20:40:34,155 [f3098061-e126-467d-ace5-c417dde623cb-groupManagement] INFO  server.RaftServerConfigKeys (ConfUtils.java:logGet(46)) - raft.server.log.use.memory = false (default)
2023-06-02 20:40:34,159 [f3098061-e126-467d-ace5-c417dde623cb-groupManagement] INFO  server.RaftServerConfigKeys (ConfUtils.java:logGet(46)) - raft.server.log.purge.gap = 1000000 (custom)
2023-06-02 20:40:34,159 [EventQueue-PipelineReportForPipelineReportHandler] INFO  pipeline.PipelineManagerImpl (PipelineManagerImpl.java:openPipeline(367)) - Pipeline Pipeline[ Id: ba2adb82-9e94-4de6-a7b3-86a6c006ea27, Nodes: f3098061-e126-467d-ace5-c417dde623cb(fv-az1239-288/10.1.0.31), ReplicationConfig: RATIS/ONE, State:ALLOCATED, leaderId:f3098061-e126-467d-ace5-c417dde623cb, CreationTimestamp2023-06-02T20:40:31.079Z[Etc/UTC]] moved to OPEN state
2023-06-02 20:40:34,163 [EventQueue-OpenPipelineForHealthyPipelineSafeModeRule] INFO  safemode.SCMSafeModeManager (HealthyPipelineSafeModeRule.java:process(137)) - SCM in safe mode. Healthy pipelines reported count is 0, required healthy pipeline reported count is 1
2023-06-02 20:40:34,163 [f3098061-e126-467d-ace5-c417dde623cb-groupManagement] INFO  server.RaftServerConfigKeys (ConfUtils.java:logGet(46)) - raft.server.log.appender.buffer.byte-limit = 33554432 (custom)
2023-06-02 20:40:34,165 [f3098061-e126-467d-ace5-c417dde623cb-groupManagement] INFO  server.RaftServerConfigKeys (ConfUtils.java:logGet(46)) - raft.server.log.statemachine.data.read.timeout = 1000ms (default)
2023-06-02 20:40:34,165 [f3098061-e126-467d-ace5-c417dde623cb-groupManagement] INFO  server.RaftServerConfigKeys (ConfUtils.java:logGet(46)) - raft.server.log.purge.preservation.log.num = 0 (default)
2023-06-02 20:40:34,166 [f3098061-e126-467d-ace5-c417dde623cb-groupManagement] INFO  server.RaftServerConfigKeys (ConfUtils.java:logGet(46)) - raft.server.log.segment.size.max = 1048576 (custom)
2023-06-02 20:40:34,167 [f3098061-e126-467d-ace5-c417dde623cb-groupManagement] INFO  server.RaftServerConfigKeys (ConfUtils.java:logGet(46)) - raft.server.log.segment.cache.num.max = 2 (custom)
2023-06-02 20:40:34,167 [f3098061-e126-467d-ace5-c417dde623cb-groupManagement] INFO  server.RaftServerConfigKeys (ConfUtils.java:logGet(46)) - raft.server.log.segment.cache.size.max = 200MB (=209715200) (default)
2023-06-02 20:40:34,167 [f3098061-e126-467d-ace5-c417dde623cb-groupManagement] INFO  server.RaftServerConfigKeys (ConfUtils.java:logGet(46)) - raft.server.log.appender.buffer.byte-limit = 33554432 (custom)
2023-06-02 20:40:34,168 [f3098061-e126-467d-ace5-c417dde623cb-groupManagement] INFO  segmented.SegmentedRaftLogWorker (SegmentedRaftLogWorker.java:<init>(188)) - new f3098061-e126-467d-ace5-c417dde623cb@group-A560C19004D9-SegmentedRaftLogWorker for RaftStorageImpl:Storage Directory /home/runner/work/ozone/ozone/hadoop-ozone/integration-test/target/test-dir/MiniOzoneClusterImpl-5ac0c7d5-b38a-4534-ae70-3109b4fe19c6/datanode-1/data/ratis/f1770900-d3b3-46bd-b918-a560c19004d9
2023-06-02 20:40:34,168 [f3098061-e126-467d-ace5-c417dde623cb-groupManagement] INFO  server.RaftServerConfigKeys (ConfUtils.java:logGet(46)) - raft.server.log.queue.byte-limit = 4294967296 (custom)
2023-06-02 20:40:34,168 [f3098061-e126-467d-ace5-c417dde623cb-groupManagement] INFO  server.RaftServerConfigKeys (ConfUtils.java:logGet(46)) - raft.server.log.queue.element-limit = 1024 (custom)
2023-06-02 20:40:34,168 [f3098061-e126-467d-ace5-c417dde623cb-groupManagement] INFO  server.RaftServerConfigKeys (ConfUtils.java:logGet(46)) - raft.server.log.segment.size.max = 1048576 (custom)
2023-06-02 20:40:34,168 [f3098061-e126-467d-ace5-c417dde623cb-groupManagement] INFO  server.RaftServerConfigKeys (ConfUtils.java:logGet(46)) - raft.server.log.preallocated.size = 16384 (custom)
2023-06-02 20:40:34,168 [f3098061-e126-467d-ace5-c417dde623cb-groupManagement] INFO  server.RaftServerConfigKeys (ConfUtils.java:logGet(46)) - raft.server.log.force.sync.num = 128 (default)
2023-06-02 20:40:34,168 [f3098061-e126-467d-ace5-c417dde623cb-groupManagement] INFO  server.RaftServerConfigKeys (ConfUtils.java:logGet(46)) - raft.server.log.statemachine.data.sync = true (default)
2023-06-02 20:40:34,168 [f3098061-e126-467d-ace5-c417dde623cb-groupManagement] INFO  server.RaftServerConfigKeys (ConfUtils.java:logGet(46)) - raft.server.log.statemachine.data.sync.timeout = 10s (default)
2023-06-02 20:40:34,168 [f3098061-e126-467d-ace5-c417dde623cb-groupManagement] INFO  server.RaftServerConfigKeys (ConfUtils.java:logGet(46)) - raft.server.log.statemachine.data.sync.timeout.retry = -1 (default)
2023-06-02 20:40:34,171 [EndpointStateMachine task thread for /0.0.0.0:15002 - 0 ] INFO  utils.DatanodeStoreCache (DatanodeStoreCache.java:addDB(66)) - Added db /home/runner/work/ozone/ozone/hadoop-ozone/integration-test/target/test-dir/MiniOzoneClusterImpl-5ac0c7d5-b38a-4534-ae70-3109b4fe19c6/datanode-12/data-0/containers/hdds/5ac0c7d5-b38a-4534-ae70-3109b4fe19c6/DS-b5c31fec-7dad-4cb2-a99e-0a71a06a99f6/container.db to cache
2023-06-02 20:40:34,172 [EndpointStateMachine task thread for /0.0.0.0:15002 - 0 ] INFO  volume.HddsVolume (HddsVolume.java:createDbStore(350)) - SchemaV3 db is created and loaded at /home/runner/work/ozone/ozone/hadoop-ozone/integration-test/target/test-dir/MiniOzoneClusterImpl-5ac0c7d5-b38a-4534-ae70-3109b4fe19c6/datanode-12/data-0/containers/hdds/5ac0c7d5-b38a-4534-ae70-3109b4fe19c6/DS-b5c31fec-7dad-4cb2-a99e-0a71a06a99f6/container.db for volume DS-b5c31fec-7dad-4cb2-a99e-0a71a06a99f6
2023-06-02 20:40:34,172 [EndpointStateMachine task thread for /0.0.0.0:15002 - 0 ] INFO  ozoneimpl.OzoneContainer (OzoneContainer.java:start(398)) - Attempting to start container services.
2023-06-02 20:40:34,173 [EndpointStateMachine task thread for /0.0.0.0:15002 - 0 ] INFO  ozoneimpl.OzoneContainer (OzoneContainer.java:startContainerScrub(314)) - Scheduled background container scanners and the on-demand container scanner have been disabled.
2023-06-02 20:40:34,173 [f3098061-e126-467d-ace5-c417dde623cb-groupManagement] INFO  server.RaftServerConfigKeys (ConfUtils.java:logGet(46)) - raft.server.log.write.buffer.size = 1048576 (custom)
2023-06-02 20:40:34,173 [EndpointStateMachine task thread for /0.0.0.0:15002 - 0 ] INFO  replication.ReplicationServer (ReplicationServer.java:start(128)) - ReplicationServer is started using port 15124
2023-06-02 20:40:34,174 [EndpointStateMachine task thread for /0.0.0.0:15002 - 0 ] INFO  ratis.XceiverServerRatis (XceiverServerRatis.java:start(517)) - Starting XceiverServerRatis 8f90378c-2071-462d-9a04-80510992f21c
2023-06-02 20:40:34,174 [f3098061-e126-467d-ace5-c417dde623cb-groupManagement] INFO  server.RaftServerConfigKeys (ConfUtils.java:logGet(46)) - raft.server.log.appender.buffer.byte-limit = 33554432 (custom)
2023-06-02 20:40:34,180 [f3098061-e126-467d-ace5-c417dde623cb-groupManagement] INFO  server.RaftServerConfigKeys (ConfUtils.java:logGet(46)) - raft.server.log.unsafe-flush.enabled = false (default)
2023-06-02 20:40:34,180 [f3098061-e126-467d-ace5-c417dde623cb-groupManagement] INFO  server.RaftServerConfigKeys (ConfUtils.java:logGet(46)) - raft.server.log.async-flush.enabled = false (default)
2023-06-02 20:40:34,180 [f3098061-e126-467d-ace5-c417dde623cb-groupManagement] INFO  server.RaftServerConfigKeys (ConfUtils.java:logGet(46)) - raft.server.log.statemachine.data.caching.enabled = true (custom)
2023-06-02 20:40:34,180 [f3098061-e126-467d-ace5-c417dde623cb-groupManagement] INFO  segmented.SegmentedRaftLogWorker (SegmentedRaftLogWorker.java:lambda$new$0(135)) - f3098061-e126-467d-ace5-c417dde623cb@group-A560C19004D9-SegmentedRaftLogWorker: flushIndex: setUnconditionally 0 -> -1
2023-06-02 20:40:34,180 [f3098061-e126-467d-ace5-c417dde623cb-groupManagement] INFO  segmented.SegmentedRaftLogWorker (SegmentedRaftLogWorker.java:lambda$new$0(135)) - f3098061-e126-467d-ace5-c417dde623cb@group-A560C19004D9-SegmentedRaftLogWorker: safeCacheEvictIndex: setUnconditionally 0 -> -1
2023-06-02 20:40:34,181 [f3098061-e126-467d-ace5-c417dde623cb-groupManagement] INFO  server.RaftServer$Division (RaftServerImpl.java:start(342)) - f3098061-e126-467d-ace5-c417dde623cb@group-A560C19004D9: start as a follower, conf=-1: peers:[559beb36-7c11-4841-9a8b-e14375a607db|rpc:10.1.0.31:15014|admin:10.1.0.31:15013|client:10.1.0.31:15012|dataStream:10.1.0.31:15015|priority:0|startupRole:FOLLOWER, f3098061-e126-467d-ace5-c417dde623cb|rpc:10.1.0.31:15023|admin:10.1.0.31:15022|client:10.1.0.31:15021|dataStream:10.1.0.31:15024|priority:0|startupRole:FOLLOWER, 501c2811-31b4-4cb7-a883-304e4eecc84c|rpc:10.1.0.31:15032|admin:10.1.0.31:15031|client:10.1.0.31:15030|dataStream:10.1.0.31:15033|priority:1|startupRole:FOLLOWER]|listeners:[], old=null
2023-06-02 20:40:34,181 [f3098061-e126-467d-ace5-c417dde623cb-groupManagement] INFO  server.RaftServer$Division (RaftServerImpl.java:setRole(329)) - f3098061-e126-467d-ace5-c417dde623cb@group-A560C19004D9: changes role from      null to FOLLOWER at term 0 for startAsFollower
2023-06-02 20:40:34,181 [f3098061-e126-467d-ace5-c417dde623cb-groupManagement] INFO  impl.RoleInfo (RoleInfo.java:updateAndGet(139)) - f3098061-e126-467d-ace5-c417dde623cb: start f3098061-e126-467d-ace5-c417dde623cb@group-A560C19004D9-FollowerState
2023-06-02 20:40:34,181 [EndpointStateMachine task thread for /0.0.0.0:15002 - 0 ] INFO  server.RaftServer (RaftServerProxy.java:startImpl(400)) - 8f90378c-2071-462d-9a04-80510992f21c: start RPC server
2023-06-02 20:40:34,186 [f3098061-e126-467d-ace5-c417dde623cb-groupManagement] INFO  util.JmxRegister (JmxRegister.java:tryRegister(44)) - Successfully registered JMX Bean with object name Ratis:service=RaftServer,group=group-A560C19004D9,id=f3098061-e126-467d-ace5-c417dde623cb
2023-06-02 20:40:34,186 [f3098061-e126-467d-ace5-c417dde623cb-groupManagement] INFO  server.RaftServerConfigKeys (ConfUtils.java:logGet(46)) - raft.server.snapshot.auto.trigger.enabled = true (custom)
2023-06-02 20:40:34,186 [f3098061-e126-467d-ace5-c417dde623cb-groupManagement] INFO  server.RaftServerConfigKeys (ConfUtils.java:logGet(46)) - raft.server.snapshot.auto.trigger.threshold = 10000 (custom)
2023-06-02 20:40:34,186 [f3098061-e126-467d-ace5-c417dde623cb-groupManagement] INFO  server.RaftServerConfigKeys (ConfUtils.java:logGet(46)) - raft.server.snapshot.retention.file.num = 5 (custom)
2023-06-02 20:40:34,186 [f3098061-e126-467d-ace5-c417dde623cb-groupManagement] INFO  server.RaftServerConfigKeys (ConfUtils.java:logGet(46)) - raft.server.log.purge.upto.snapshot.index = false (default)
2023-06-02 20:40:34,189 [EndpointStateMachine task thread for /0.0.0.0:15002 - 0 ] INFO  server.GrpcService (GrpcService.java:startImpl(302)) - 8f90378c-2071-462d-9a04-80510992f21c: GrpcService started, listening on 15120
2023-06-02 20:40:34,189 [f3098061-e126-467d-ace5-c417dde623cb-groupManagement] INFO  storage.RaftStorageDirectory (RaftStorageDirectoryImpl.java:analyzeStorage(137)) - The storage directory /home/runner/work/ozone/ozone/hadoop-ozone/integration-test/target/test-dir/MiniOzoneClusterImpl-5ac0c7d5-b38a-4534-ae70-3109b4fe19c6/datanode-1/data/ratis/ba2adb82-9e94-4de6-a7b3-86a6c006ea27 does not exist. Creating ...
2023-06-02 20:40:34,195 [f3098061-e126-467d-ace5-c417dde623cb@group-A560C19004D9-FollowerState] INFO  server.RaftServerConfigKeys (ConfUtils.java:logFallback(53)) - raft.server.rpc.first-election.timeout.min = 5s (fallback to raft.server.rpc.timeout.min)
2023-06-02 20:40:34,196 [f3098061-e126-467d-ace5-c417dde623cb@group-A560C19004D9-FollowerState] INFO  server.RaftServerConfigKeys (ConfUtils.java:logFallback(53)) - raft.server.rpc.first-election.timeout.max = 5200ms (fallback to raft.server.rpc.timeout.max)
2023-06-02 20:40:34,198 [EndpointStateMachine task thread for /0.0.0.0:15002 - 0 ] INFO  server.GrpcService (GrpcService.java:startImpl(302)) - 8f90378c-2071-462d-9a04-80510992f21c: GrpcService started, listening on 15122
2023-06-02 20:40:34,198 [f3098061-e126-467d-ace5-c417dde623cb-groupManagement] INFO  storage.RaftStorageDirectory (RaftStorageDirectoryImpl.java:tryLock(231)) - Lock on /home/runner/work/ozone/ozone/hadoop-ozone/integration-test/target/test-dir/MiniOzoneClusterImpl-5ac0c7d5-b38a-4534-ae70-3109b4fe19c6/datanode-1/data/ratis/ba2adb82-9e94-4de6-a7b3-86a6c006ea27/in_use.lock acquired by nodename 65175@fv-az1239-288
2023-06-02 20:40:34,201 [f3098061-e126-467d-ace5-c417dde623cb-groupManagement] INFO  storage.RaftStorage (RaftStorageImpl.java:format(96)) - Storage directory /home/runner/work/ozone/ozone/hadoop-ozone/integration-test/target/test-dir/MiniOzoneClusterImpl-5ac0c7d5-b38a-4534-ae70-3109b4fe19c6/datanode-1/data/ratis/ba2adb82-9e94-4de6-a7b3-86a6c006ea27 has been successfully formatted.
2023-06-02 20:40:34,202 [EndpointStateMachine task thread for /0.0.0.0:15002 - 0 ] INFO  server.GrpcService (GrpcService.java:startImpl(302)) - 8f90378c-2071-462d-9a04-80510992f21c: GrpcService started, listening on 15121
2023-06-02 20:40:34,213 [EndpointStateMachine task thread for /0.0.0.0:15002 - 0 ] INFO  ratis.XceiverServerRatis (XceiverServerRatis.java:getRealPort(543)) - XceiverServerRatis 8f90378c-2071-462d-9a04-80510992f21c is started using port 15120 for RATIS
2023-06-02 20:40:34,213 [f3098061-e126-467d-ace5-c417dde623cb-groupManagement] INFO  ratis.ContainerStateMachine (ContainerStateMachine.java:loadSnapshot(262)) - group-86A6C006EA27: The snapshot info is null. Setting the last applied indexto:(t:0, i:~)
2023-06-02 20:40:34,213 [f3098061-e126-467d-ace5-c417dde623cb-groupManagement] INFO  server.RaftServerConfigKeys (ConfUtils.java:logGet(46)) - raft.server.log.use.memory = false (default)
2023-06-02 20:40:34,213 [EndpointStateMachine task thread for /0.0.0.0:15002 - 0 ] INFO  ratis.XceiverServerRatis (XceiverServerRatis.java:getRealPort(543)) - XceiverServerRatis 8f90378c-2071-462d-9a04-80510992f21c is started using port 15121 for RATIS_ADMIN
2023-06-02 20:40:34,213 [EndpointStateMachine task thread for /0.0.0.0:15002 - 0 ] INFO  ratis.XceiverServerRatis (XceiverServerRatis.java:getRealPort(543)) - XceiverServerRatis 8f90378c-2071-462d-9a04-80510992f21c is started using port 15122 for RATIS_SERVER
2023-06-02 20:40:34,213 [f3098061-e126-467d-ace5-c417dde623cb-groupManagement] INFO  server.RaftServerConfigKeys (ConfUtils.java:logGet(46)) - raft.server.log.purge.gap = 1000000 (custom)
2023-06-02 20:40:34,213 [EndpointStateMachine task thread for /0.0.0.0:15002 - 0 ] INFO  ratis.XceiverServerRatis (XceiverServerRatis.java:getRealPort(543)) - XceiverServerRatis 8f90378c-2071-462d-9a04-80510992f21c is started using port 15123 for RATIS_DATASTREAM
2023-06-02 20:40:34,213 [f3098061-e126-467d-ace5-c417dde623cb-groupManagement] INFO  server.RaftServerConfigKeys (ConfUtils.java:logGet(46)) - raft.server.log.appender.buffer.byte-limit = 33554432 (custom)
2023-06-02 20:40:34,214 [f3098061-e126-467d-ace5-c417dde623cb-groupManagement] INFO  server.RaftServerConfigKeys (ConfUtils.java:logGet(46)) - raft.server.log.statemachine.data.read.timeout = 1000ms (default)
2023-06-02 20:40:34,214 [f3098061-e126-467d-ace5-c417dde623cb-groupManagement] INFO  server.RaftServerConfigKeys (ConfUtils.java:logGet(46)) - raft.server.log.purge.preservation.log.num = 0 (default)
2023-06-02 20:40:34,214 [JvmPauseMonitor14] INFO  util.JvmPauseMonitor (JvmPauseMonitor.java:run(103)) - JvmPauseMonitor-8f90378c-2071-462d-9a04-80510992f21c: Started
2023-06-02 20:40:34,214 [f3098061-e126-467d-ace5-c417dde623cb-groupManagement] INFO  server.RaftServerConfigKeys (ConfUtils.java:logGet(46)) - raft.server.log.segment.size.max = 1048576 (custom)
2023-06-02 20:40:34,215 [BlockDeletingService#0] INFO  interfaces.ContainerDeletionChoosingPolicyTemplate (ContainerDeletionChoosingPolicyTemplate.java:chooseContainerForBlockDeletion(83)) - Chosen 0/5000 blocks from 0 candidate containers.
2023-06-02 20:40:34,215 [f3098061-e126-467d-ace5-c417dde623cb-groupManagement] INFO  server.RaftServerConfigKeys (ConfUtils.java:logGet(46)) - raft.server.log.segment.cache.num.max = 2 (custom)
2023-06-02 20:40:34,216 [f3098061-e126-467d-ace5-c417dde623cb-groupManagement] INFO  server.RaftServerConfigKeys (ConfUtils.java:logGet(46)) - raft.server.log.segment.cache.size.max = 200MB (=209715200) (default)
2023-06-02 20:40:34,216 [f3098061-e126-467d-ace5-c417dde623cb-groupManagement] INFO  server.RaftServerConfigKeys (ConfUtils.java:logGet(46)) - raft.server.log.appender.buffer.byte-limit = 33554432 (custom)
2023-06-02 20:40:34,216 [f3098061-e126-467d-ace5-c417dde623cb-groupManagement] INFO  segmented.SegmentedRaftLogWorker (SegmentedRaftLogWorker.java:<init>(188)) - new f3098061-e126-467d-ace5-c417dde623cb@group-86A6C006EA27-SegmentedRaftLogWorker for RaftStorageImpl:Storage Directory /home/runner/work/ozone/ozone/hadoop-ozone/integration-test/target/test-dir/MiniOzoneClusterImpl-5ac0c7d5-b38a-4534-ae70-3109b4fe19c6/datanode-1/data/ratis/ba2adb82-9e94-4de6-a7b3-86a6c006ea27
2023-06-02 20:40:34,216 [f3098061-e126-467d-ace5-c417dde623cb-groupManagement] INFO  server.RaftServerConfigKeys (ConfUtils.java:logGet(46)) - raft.server.log.queue.byte-limit = 4294967296 (custom)
2023-06-02 20:40:34,216 [f3098061-e126-467d-ace5-c417dde623cb-groupManagement] INFO  server.RaftServerConfigKeys (ConfUtils.java:logGet(46)) - raft.server.log.queue.element-limit = 1024 (custom)
2023-06-02 20:40:34,216 [f3098061-e126-467d-ace5-c417dde623cb-groupManagement] INFO  server.RaftServerConfigKeys (ConfUtils.java:logGet(46)) - raft.server.log.segment.size.max = 1048576 (custom)
2023-06-02 20:40:34,216 [f3098061-e126-467d-ace5-c417dde623cb-groupManagement] INFO  server.RaftServerConfigKeys (ConfUtils.java:logGet(46)) - raft.server.log.preallocated.size = 16384 (custom)
2023-06-02 20:40:34,216 [f3098061-e126-467d-ace5-c417dde623cb-groupManagement] INFO  server.RaftServerConfigKeys (ConfUtils.java:logGet(46)) - raft.server.log.force.sync.num = 128 (default)
2023-06-02 20:40:34,216 [f3098061-e126-467d-ace5-c417dde623cb-groupManagement] INFO  server.RaftServerConfigKeys (ConfUtils.java:logGet(46)) - raft.server.log.statemachine.data.sync = true (default)
2023-06-02 20:40:34,219 [f3098061-e126-467d-ace5-c417dde623cb-groupManagement] INFO  server.RaftServerConfigKeys (ConfUtils.java:logGet(46)) - raft.server.log.statemachine.data.sync.timeout = 10s (default)
2023-06-02 20:40:34,219 [f3098061-e126-467d-ace5-c417dde623cb-groupManagement] INFO  server.RaftServerConfigKeys (ConfUtils.java:logGet(46)) - raft.server.log.statemachine.data.sync.timeout.retry = -1 (default)
2023-06-02 20:40:34,221 [f3098061-e126-467d-ace5-c417dde623cb-groupManagement] INFO  server.RaftServerConfigKeys (ConfUtils.java:logGet(46)) - raft.server.log.write.buffer.size = 1048576 (custom)
2023-06-02 20:40:34,222 [f3098061-e126-467d-ace5-c417dde623cb-groupManagement] INFO  server.RaftServerConfigKeys (ConfUtils.java:logGet(46)) - raft.server.log.appender.buffer.byte-limit = 33554432 (custom)
2023-06-02 20:40:34,222 [PipelineCommandHandlerThread-0] INFO  commandhandler.CreatePipelineCommandHandler (CreatePipelineCommandHandler.java:lambda$handle$2(124)) - Created Pipeline RATIS THREE PipelineID=f1770900-d3b3-46bd-b918-a560c19004d9.
2023-06-02 20:40:34,222 [PipelineCommandHandlerThread-0] INFO  server.RaftServer (RaftServerProxy.java:addNew(98)) - 559beb36-7c11-4841-9a8b-e14375a607db: addNew group-449F8745C131:[559beb36-7c11-4841-9a8b-e14375a607db|rpc:10.1.0.31:15014|admin:10.1.0.31:15013|client:10.1.0.31:15012|dataStream:10.1.0.31:15015|priority:1|startupRole:FOLLOWER, f3098061-e126-467d-ace5-c417dde623cb|rpc:10.1.0.31:15023|admin:10.1.0.31:15022|client:10.1.0.31:15021|dataStream:10.1.0.31:15024|priority:0|startupRole:FOLLOWER, 501c2811-31b4-4cb7-a883-304e4eecc84c|rpc:10.1.0.31:15032|admin:10.1.0.31:15031|client:10.1.0.31:15030|dataStream:10.1.0.31:15033|priority:0|startupRole:FOLLOWER] returns group-449F8745C131:java.util.concurrent.CompletableFuture@22152eec[Not completed]
2023-06-02 20:40:34,223 [559beb36-7c11-4841-9a8b-e14375a607db-groupManagement] INFO  server.RaftServer$Division (RaftServerImpl.java:<init>(198)) - 559beb36-7c11-4841-9a8b-e14375a607db: new RaftServerImpl for group-449F8745C131:[559beb36-7c11-4841-9a8b-e14375a607db|rpc:10.1.0.31:15014|admin:10.1.0.31:15013|client:10.1.0.31:15012|dataStream:10.1.0.31:15015|priority:1|startupRole:FOLLOWER, f3098061-e126-467d-ace5-c417dde623cb|rpc:10.1.0.31:15023|admin:10.1.0.31:15022|client:10.1.0.31:15021|dataStream:10.1.0.31:15024|priority:0|startupRole:FOLLOWER, 501c2811-31b4-4cb7-a883-304e4eecc84c|rpc:10.1.0.31:15032|admin:10.1.0.31:15031|client:10.1.0.31:15030|dataStream:10.1.0.31:15033|priority:0|startupRole:FOLLOWER] with ContainerStateMachine:uninitialized
2023-06-02 20:40:34,223 [559beb36-7c11-4841-9a8b-e14375a607db-groupManagement] INFO  server.RaftServerConfigKeys (ConfUtils.java:logGet(46)) - raft.server.rpc.timeout.min = 5s (custom)
2023-06-02 20:40:34,223 [559beb36-7c11-4841-9a8b-e14375a607db-groupManagement] INFO  server.RaftServerConfigKeys (ConfUtils.java:logGet(46)) - raft.server.rpc.timeout.max = 5200ms (custom)
2023-06-02 20:40:34,224 [559beb36-7c11-4841-9a8b-e14375a607db-groupManagement] INFO  server.RaftServerConfigKeys (ConfUtils.java:logGet(46)) - raft.server.rpc.sleep.time = 25ms (default)
2023-06-02 20:40:34,224 [559beb36-7c11-4841-9a8b-e14375a607db-groupManagement] INFO  server.RaftServerConfigKeys (ConfUtils.java:logGet(46)) - raft.server.rpc.slowness.timeout = 300s (custom)
2023-06-02 20:40:34,224 [559beb36-7c11-4841-9a8b-e14375a607db-groupManagement] INFO  server.RaftServerConfigKeys (ConfUtils.java:logGet(46)) - raft.server.leaderelection.leader.step-down.wait-time = 10s (default)
2023-06-02 20:40:34,224 [559beb36-7c11-4841-9a8b-e14375a607db-groupManagement] INFO  server.RaftServerConfigKeys (ConfUtils.java:logGet(46)) - raft.server.sleep.deviation.threshold = 300ms (default)
2023-06-02 20:40:34,224 [559beb36-7c11-4841-9a8b-e14375a607db-groupManagement] INFO  server.RaftServer$Division (ServerState.java:<init>(120)) - 559beb36-7c11-4841-9a8b-e14375a607db@group-449F8745C131: ConfigurationManager, init=-1: peers:[559beb36-7c11-4841-9a8b-e14375a607db|rpc:10.1.0.31:15014|admin:10.1.0.31:15013|client:10.1.0.31:15012|dataStream:10.1.0.31:15015|priority:1|startupRole:FOLLOWER, f3098061-e126-467d-ace5-c417dde623cb|rpc:10.1.0.31:15023|admin:10.1.0.31:15022|client:10.1.0.31:15021|dataStream:10.1.0.31:15024|priority:0|startupRole:FOLLOWER, 501c2811-31b4-4cb7-a883-304e4eecc84c|rpc:10.1.0.31:15032|admin:10.1.0.31:15031|client:10.1.0.31:15030|dataStream:10.1.0.31:15033|priority:0|startupRole:FOLLOWER]|listeners:[], old=null, confs=<EMPTY_MAP>
2023-06-02 20:40:34,224 [559beb36-7c11-4841-9a8b-e14375a607db-groupManagement] INFO  server.RaftServerConfigKeys (ConfUtils.java:logGet(46)) - raft.server.storage.dir = [/home/runner/work/ozone/ozone/hadoop-ozone/integration-test/target/test-dir/MiniOzoneClusterImpl-5ac0c7d5-b38a-4534-ae70-3109b4fe19c6/datanode-0/data/ratis] (custom)
2023-06-02 20:40:34,224 [559beb36-7c11-4841-9a8b-e14375a607db-groupManagement] INFO  server.RaftServerConfigKeys (ConfUtils.java:logGet(46)) - raft.server.log.corruption.policy = EXCEPTION (default)
2023-06-02 20:40:34,224 [559beb36-7c11-4841-9a8b-e14375a607db-groupManagement] INFO  server.RaftServerConfigKeys (ConfUtils.java:logGet(46)) - raft.server.storage.free-space.min = 0MB (=0) (default)
2023-06-02 20:40:34,224 [559beb36-7c11-4841-9a8b-e14375a607db-groupManagement] INFO  server.RaftServerConfigKeys (ConfUtils.java:logGet(46)) - raft.server.notification.no-leader.timeout = 300s (custom)
2023-06-02 20:40:34,224 [559beb36-7c11-4841-9a8b-e14375a607db-groupManagement] INFO  server.RaftServerConfigKeys (ConfUtils.java:logGet(46)) - raft.server.read.timeout = 10s (default)
2023-06-02 20:40:34,224 [559beb36-7c11-4841-9a8b-e14375a607db-groupManagement] INFO  server.RaftServerConfigKeys (ConfUtils.java:logGet(46)) - raft.server.retrycache.expirytime = 600000ms (custom)
2023-06-02 20:40:34,224 [559beb36-7c11-4841-9a8b-e14375a607db-groupManagement] INFO  server.RaftServerConfigKeys (ConfUtils.java:logGet(46)) - raft.server.retrycache.statistics.expirytime = 100μs (default)
2023-06-02 20:40:34,225 [559beb36-7c11-4841-9a8b-e14375a607db-groupManagement] INFO  server.RaftServerConfigKeys (ConfUtils.java:logGet(46)) - raft.server.read.option = DEFAULT (default)
2023-06-02 20:40:34,226 [559beb36-7c11-4841-9a8b-e14375a607db-groupManagement] INFO  server.RaftServerConfigKeys (ConfUtils.java:logGet(46)) - raft.server.rpc.request.timeout = 60s (custom)
2023-06-02 20:40:34,226 [559beb36-7c11-4841-9a8b-e14375a607db-groupManagement] INFO  server.RaftServerConfigKeys (ConfUtils.java:logGet(46)) - raft.server.log.appender.install.snapshot.enabled = false (custom)
2023-06-02 20:40:34,226 [559beb36-7c11-4841-9a8b-e14375a607db-groupManagement] INFO  server.RaftServerConfigKeys (ConfUtils.java:logGet(46)) - raft.server.threadpool.server.cached = true (default)
2023-06-02 20:40:34,227 [559beb36-7c11-4841-9a8b-e14375a607db-groupManagement] INFO  server.RaftServerConfigKeys (ConfUtils.java:logGet(46)) - raft.server.threadpool.server.size = 0 (default)
2023-06-02 20:40:34,227 [559beb36-7c11-4841-9a8b-e14375a607db-groupManagement] INFO  server.RaftServerConfigKeys (ConfUtils.java:logGet(46)) - raft.server.threadpool.client.cached = true (default)
2023-06-02 20:40:34,227 [559beb36-7c11-4841-9a8b-e14375a607db-groupManagement] INFO  server.RaftServerConfigKeys (ConfUtils.java:logGet(46)) - raft.server.threadpool.client.size = 0 (default)
2023-06-02 20:40:34,227 [559beb36-7c11-4841-9a8b-e14375a607db-groupManagement] INFO  storage.RaftStorageDirectory (RaftStorageDirectoryImpl.java:analyzeStorage(137)) - The storage directory /home/runner/work/ozone/ozone/hadoop-ozone/integration-test/target/test-dir/MiniOzoneClusterImpl-5ac0c7d5-b38a-4534-ae70-3109b4fe19c6/datanode-0/data/ratis/0f9eb3eb-db45-4e61-bc28-449f8745c131 does not exist. Creating ...
2023-06-02 20:40:34,616 [501c2811-31b4-4cb7-a883-304e4eecc84c-groupManagement] INFO  server.RaftServer$Division (RaftServerImpl.java:<init>(198)) - 501c2811-31b4-4cb7-a883-304e4eecc84c: new RaftServerImpl for group-076B1011B0D7:[501c2811-31b4-4cb7-a883-304e4eecc84c|rpc:10.1.0.31:15032|admin:10.1.0.31:15031|client:10.1.0.31:15030|dataStream:10.1.0.31:15033|priority:1|startupRole:FOLLOWER] with ContainerStateMachine:uninitialized
2023-06-02 20:40:34,627 [501c2811-31b4-4cb7-a883-304e4eecc84c-groupManagement] INFO  server.RaftServerConfigKeys (ConfUtils.java:logGet(46)) - raft.server.rpc.timeout.min = 5s (custom)
2023-06-02 20:40:34,627 [501c2811-31b4-4cb7-a883-304e4eecc84c-groupManagement] INFO  server.RaftServerConfigKeys (ConfUtils.java:logGet(46)) - raft.server.rpc.timeout.max = 5200ms (custom)
2023-06-02 20:40:34,627 [501c2811-31b4-4cb7-a883-304e4eecc84c-groupManagement] INFO  server.RaftServerConfigKeys (ConfUtils.java:logGet(46)) - raft.server.rpc.sleep.time = 25ms (default)
2023-06-02 20:40:34,627 [501c2811-31b4-4cb7-a883-304e4eecc84c-groupManagement] INFO  server.RaftServerConfigKeys (ConfUtils.java:logGet(46)) - raft.server.rpc.slowness.timeout = 300s (custom)
2023-06-02 20:40:34,627 [501c2811-31b4-4cb7-a883-304e4eecc84c-groupManagement] INFO  server.RaftServerConfigKeys (ConfUtils.java:logGet(46)) - raft.server.leaderelection.leader.step-down.wait-time = 10s (default)
2023-06-02 20:40:34,627 [501c2811-31b4-4cb7-a883-304e4eecc84c-groupManagement] INFO  server.RaftServerConfigKeys (ConfUtils.java:logGet(46)) - raft.server.sleep.deviation.threshold = 300ms (default)
2023-06-02 20:40:34,628 [501c2811-31b4-4cb7-a883-304e4eecc84c-groupManagement] INFO  server.RaftServer$Division (ServerState.java:<init>(120)) - 501c2811-31b4-4cb7-a883-304e4eecc84c@group-076B1011B0D7: ConfigurationManager, init=-1: peers:[501c2811-31b4-4cb7-a883-304e4eecc84c|rpc:10.1.0.31:15032|admin:10.1.0.31:15031|client:10.1.0.31:15030|dataStream:10.1.0.31:15033|priority:1|startupRole:FOLLOWER]|listeners:[], old=null, confs=<EMPTY_MAP>
2023-06-02 20:40:34,628 [501c2811-31b4-4cb7-a883-304e4eecc84c-groupManagement] INFO  server.RaftServerConfigKeys (ConfUtils.java:logGet(46)) - raft.server.storage.dir = [/home/runner/work/ozone/ozone/hadoop-ozone/integration-test/target/test-dir/MiniOzoneClusterImpl-5ac0c7d5-b38a-4534-ae70-3109b4fe19c6/datanode-2/data/ratis] (custom)
2023-06-02 20:40:34,615 [JvmPauseMonitor9] WARN  util.JvmPauseMonitor (JvmPauseMonitor.java:detectPause(124)) - JvmPauseMonitor-c30a36da-1763-463f-9370-bf353ef860b0: Detected pause in JVM or host machine approximately 0.367s with 0.374s GC time.
GC pool 'PS MarkSweep' had collection(s): count=1 time=316ms
GC pool 'PS Scavenge' had collection(s): count=1 time=58ms
2023-06-02 20:40:34,628 [501c2811-31b4-4cb7-a883-304e4eecc84c-groupManagement] INFO  server.RaftServerConfigKeys (ConfUtils.java:logGet(46)) - raft.server.log.corruption.policy = EXCEPTION (default)
2023-06-02 20:40:34,628 [501c2811-31b4-4cb7-a883-304e4eecc84c-groupManagement] INFO  server.RaftServerConfigKeys (ConfUtils.java:logGet(46)) - raft.server.storage.free-space.min = 0MB (=0) (default)
2023-06-02 20:40:34,629 [501c2811-31b4-4cb7-a883-304e4eecc84c-groupManagement] INFO  server.RaftServerConfigKeys (ConfUtils.java:logGet(46)) - raft.server.notification.no-leader.timeout = 300s (custom)
2023-06-02 20:40:34,629 [501c2811-31b4-4cb7-a883-304e4eecc84c-groupManagement] INFO  server.RaftServerConfigKeys (ConfUtils.java:logGet(46)) - raft.server.read.timeout = 10s (default)
2023-06-02 20:40:34,629 [501c2811-31b4-4cb7-a883-304e4eecc84c-groupManagement] INFO  server.RaftServerConfigKeys (ConfUtils.java:logGet(46)) - raft.server.retrycache.expirytime = 600000ms (custom)
2023-06-02 20:40:34,629 [501c2811-31b4-4cb7-a883-304e4eecc84c-groupManagement] INFO  server.RaftServerConfigKeys (ConfUtils.java:logGet(46)) - raft.server.retrycache.statistics.expirytime = 100μs (default)
2023-06-02 20:40:34,629 [501c2811-31b4-4cb7-a883-304e4eecc84c-groupManagement] INFO  server.RaftServerConfigKeys (ConfUtils.java:logGet(46)) - raft.server.read.option = DEFAULT (default)
2023-06-02 20:40:34,633 [501c2811-31b4-4cb7-a883-304e4eecc84c-groupManagement] INFO  server.RaftServerConfigKeys (ConfUtils.java:logGet(46)) - raft.server.rpc.request.timeout = 60s (custom)
2023-06-02 20:40:34,633 [501c2811-31b4-4cb7-a883-304e4eecc84c-groupManagement] INFO  server.RaftServerConfigKeys (ConfUtils.java:logGet(46)) - raft.server.log.appender.install.snapshot.enabled = false (custom)
2023-06-02 20:40:34,634 [501c2811-31b4-4cb7-a883-304e4eecc84c-groupManagement] INFO  server.RaftServerConfigKeys (ConfUtils.java:logGet(46)) - raft.server.threadpool.server.cached = true (default)
2023-06-02 20:40:34,635 [501c2811-31b4-4cb7-a883-304e4eecc84c-groupManagement] INFO  server.RaftServerConfigKeys (ConfUtils.java:logGet(46)) - raft.server.threadpool.server.size = 0 (default)
2023-06-02 20:40:34,635 [501c2811-31b4-4cb7-a883-304e4eecc84c-groupManagement] INFO  server.RaftServerConfigKeys (ConfUtils.java:logGet(46)) - raft.server.threadpool.client.cached = true (default)
2023-06-02 20:40:34,635 [501c2811-31b4-4cb7-a883-304e4eecc84c-groupManagement] INFO  server.RaftServerConfigKeys (ConfUtils.java:logGet(46)) - raft.server.threadpool.client.size = 0 (default)
2023-06-02 20:40:34,615 [PipelineCommandHandlerThread-0] INFO  server.RaftServer (RaftServerProxy.java:addNew(98)) - 501c2811-31b4-4cb7-a883-304e4eecc84c: addNew group-076B1011B0D7:[501c2811-31b4-4cb7-a883-304e4eecc84c|rpc:10.1.0.31:15032|admin:10.1.0.31:15031|client:10.1.0.31:15030|dataStream:10.1.0.31:15033|priority:1|startupRole:FOLLOWER] returns group-076B1011B0D7:java.util.concurrent.CompletableFuture@2bc469e6[Not completed]
2023-06-02 20:40:34,615 [JvmPauseMonitor8] WARN  util.JvmPauseMonitor (JvmPauseMonitor.java:detectPause(124)) - JvmPauseMonitor-a629a011-13a9-410c-9234-b770ba2e8ba4: Detected pause in JVM or host machine approximately 0.309s with 0.374s GC time.
GC pool 'PS MarkSweep' had collection(s): count=1 time=316ms
GC pool 'PS Scavenge' had collection(s): count=1 time=58ms
2023-06-02 20:40:34,615 [JvmPauseMonitor6] WARN  util.JvmPauseMonitor (JvmPauseMonitor.java:detectPause(124)) - JvmPauseMonitor-0ec547f6-a501-4372-afcf-7dbe5c08d569: Detected pause in JVM or host machine approximately 0.300s with 0.374s GC time.
GC pool 'PS MarkSweep' had collection(s): count=1 time=316ms
GC pool 'PS Scavenge' had collection(s): count=1 time=58ms
2023-06-02 20:40:34,615 [JvmPauseMonitor7] WARN  util.JvmPauseMonitor (JvmPauseMonitor.java:detectPause(124)) - JvmPauseMonitor-f5d72e8c-7c96-4354-bf1f-55d48726708b: Detected pause in JVM or host machine approximately 0.212s with 0.374s GC time.
GC pool 'PS MarkSweep' had collection(s): count=1 time=316ms
GC pool 'PS Scavenge' had collection(s): count=1 time=58ms
2023-06-02 20:40:34,615 [JvmPauseMonitor1] WARN  util.JvmPauseMonitor (JvmPauseMonitor.java:detectPause(124)) - JvmPauseMonitor-om1: Detected pause in JVM or host machine approximately 0.206s with 0.374s GC time.
GC pool 'PS MarkSweep' had collection(s): count=1 time=316ms
GC pool 'PS Scavenge' had collection(s): count=1 time=58ms
2023-06-02 20:40:34,614 [JvmPauseMonitor5] WARN  util.JvmPauseMonitor (JvmPauseMonitor.java:detectPause(124)) - JvmPauseMonitor-4daf1ed2-e43c-4bda-878b-63f1449da6f8: Detected pause in JVM or host machine approximately 0.194s with 0.374s GC time.
GC pool 'PS MarkSweep' had collection(s): count=1 time=316ms
GC pool 'PS Scavenge' had collection(s): count=1 time=58ms
2023-06-02 20:40:34,614 [EventQueue-OpenPipelineForHealthyPipelineSafeModeRule] INFO  safemode.SCMSafeModeManager (HealthyPipelineSafeModeRule.java:process(137)) - SCM in safe mode. Healthy pipelines reported count is 0, required healthy pipeline reported count is 1
2023-06-02 20:40:34,620 [IPC Server handler 18 on default port 15002] INFO  net.NetworkTopologyImpl (NetworkTopologyImpl.java:add(112)) - Added a new node: /default-rack/c911a996-2ad9-4932-9a2b-dd3b110c7bbf
2023-06-02 20:40:34,636 [501c2811-31b4-4cb7-a883-304e4eecc84c-groupManagement] INFO  storage.RaftStorageDirectory (RaftStorageDirectoryImpl.java:analyzeStorage(137)) - The storage directory /home/runner/work/ozone/ozone/hadoop-ozone/integration-test/target/test-dir/MiniOzoneClusterImpl-5ac0c7d5-b38a-4534-ae70-3109b4fe19c6/datanode-2/data/ratis/c2d370b2-7c39-4127-9fb7-076b1011b0d7 does not exist. Creating ...
2023-06-02 20:40:34,620 [f3098061-e126-467d-ace5-c417dde623cb-groupManagement] INFO  server.RaftServerConfigKeys (ConfUtils.java:logGet(46)) - raft.server.log.unsafe-flush.enabled = false (default)
2023-06-02 20:40:34,619 [559beb36-7c11-4841-9a8b-e14375a607db-groupManagement] INFO  storage.RaftStorageDirectory (RaftStorageDirectoryImpl.java:tryLock(231)) - Lock on /home/runner/work/ozone/ozone/hadoop-ozone/integration-test/target/test-dir/MiniOzoneClusterImpl-5ac0c7d5-b38a-4534-ae70-3109b4fe19c6/datanode-0/data/ratis/0f9eb3eb-db45-4e61-bc28-449f8745c131/in_use.lock acquired by nodename 65175@fv-az1239-288
2023-06-02 20:40:34,637 [f3098061-e126-467d-ace5-c417dde623cb-groupManagement] INFO  server.RaftServerConfigKeys (ConfUtils.java:logGet(46)) - raft.server.log.async-flush.enabled = false (default)
2023-06-02 20:40:34,636 [IPC Server handler 18 on default port 15002] INFO  node.SCMNodeManager (SCMNodeManager.java:register(407)) - Registered Data node : c911a996-2ad9-4932-9a2b-dd3b110c7bbf{ip: 10.1.0.31, host: fv-az1239-288, ports: [HTTP=15090, CLIENT_RPC=15091, REPLICATION=15097, RATIS=15093, RATIS_ADMIN=15094, RATIS_SERVER=15095, RATIS_DATASTREAM=15096, STANDALONE=15092], networkLocation: /default-rack, certSerialId: null, persistedOpState: null, persistedOpStateExpiryEpochSec: 0}
2023-06-02 20:40:34,638 [501c2811-31b4-4cb7-a883-304e4eecc84c-groupManagement] INFO  storage.RaftStorageDirectory (RaftStorageDirectoryImpl.java:tryLock(231)) - Lock on /home/runner/work/ozone/ozone/hadoop-ozone/integration-test/target/test-dir/MiniOzoneClusterImpl-5ac0c7d5-b38a-4534-ae70-3109b4fe19c6/datanode-2/data/ratis/c2d370b2-7c39-4127-9fb7-076b1011b0d7/in_use.lock acquired by nodename 65175@fv-az1239-288
2023-06-02 20:40:34,638 [EventQueue-NewNodeForNewNodeHandler] INFO  pipeline.BackgroundPipelineCreator (BackgroundPipelineCreator.java:notifyEventTriggered(276)) - trigger a one-shot run on RatisPipelineUtilsThread.
2023-06-02 20:40:34,639 [f3098061-e126-467d-ace5-c417dde623cb-groupManagement] INFO  server.RaftServerConfigKeys (ConfUtils.java:logGet(46)) - raft.server.log.statemachine.data.caching.enabled = true (custom)
2023-06-02 20:40:34,639 [RatisPipelineUtilsThread - 0] INFO  pipeline.RatisPipelineProvider (RatisPipelineProvider.java:lambda$create$0(206)) - Sending CreatePipelineCommand for pipeline:PipelineID=0e78e751-ee7d-4498-b3c7-b30ecf971149 to datanode:c911a996-2ad9-4932-9a2b-dd3b110c7bbf
2023-06-02 20:40:34,640 [559beb36-7c11-4841-9a8b-e14375a607db-groupManagement] INFO  storage.RaftStorage (RaftStorageImpl.java:format(96)) - Storage directory /home/runner/work/ozone/ozone/hadoop-ozone/integration-test/target/test-dir/MiniOzoneClusterImpl-5ac0c7d5-b38a-4534-ae70-3109b4fe19c6/datanode-0/data/ratis/0f9eb3eb-db45-4e61-bc28-449f8745c131 has been successfully formatted.
2023-06-02 20:40:34,640 [559beb36-7c11-4841-9a8b-e14375a607db-groupManagement] INFO  ratis.ContainerStateMachine (ContainerStateMachine.java:loadSnapshot(262)) - group-449F8745C131: The snapshot info is null. Setting the last applied indexto:(t:0, i:~)
2023-06-02 20:40:34,640 [559beb36-7c11-4841-9a8b-e14375a607db-groupManagement] INFO  server.RaftServerConfigKeys (ConfUtils.java:logGet(46)) - raft.server.log.use.memory = false (default)
2023-06-02 20:40:34,641 [559beb36-7c11-4841-9a8b-e14375a607db-groupManagement] INFO  server.RaftServerConfigKeys (ConfUtils.java:logGet(46)) - raft.server.log.purge.gap = 1000000 (custom)
2023-06-02 20:40:34,641 [559beb36-7c11-4841-9a8b-e14375a607db-groupManagement] INFO  server.RaftServerConfigKeys (ConfUtils.java:logGet(46)) - raft.server.log.appender.buffer.byte-limit = 33554432 (custom)
2023-06-02 20:40:34,641 [559beb36-7c11-4841-9a8b-e14375a607db-groupManagement] INFO  server.RaftServerConfigKeys (ConfUtils.java:logGet(46)) - raft.server.log.statemachine.data.read.timeout = 1000ms (default)
2023-06-02 20:40:34,641 [559beb36-7c11-4841-9a8b-e14375a607db-groupManagement] INFO  server.RaftServerConfigKeys (ConfUtils.java:logGet(46)) - raft.server.log.purge.preservation.log.num = 0 (default)
2023-06-02 20:40:34,641 [RatisPipelineUtilsThread - 0] INFO  pipeline.PipelineStateManagerImpl (PipelineStateManagerImpl.java:addPipeline(103)) - Created pipeline Pipeline[ Id: 0e78e751-ee7d-4498-b3c7-b30ecf971149, Nodes: c911a996-2ad9-4932-9a2b-dd3b110c7bbf(fv-az1239-288/10.1.0.31), ReplicationConfig: RATIS/ONE, State:ALLOCATED, leaderId:, CreationTimestamp2023-06-02T20:40:34.639Z[Etc/UTC]].
2023-06-02 20:40:34,641 [559beb36-7c11-4841-9a8b-e14375a607db-groupManagement] INFO  server.RaftServerConfigKeys (ConfUtils.java:logGet(46)) - raft.server.log.segment.size.max = 1048576 (custom)
2023-06-02 20:40:34,642 [559beb36-7c11-4841-9a8b-e14375a607db-groupManagement] INFO  server.RaftServerConfigKeys (ConfUtils.java:logGet(46)) - raft.server.log.segment.cache.num.max = 2 (custom)
2023-06-02 20:40:34,642 [RatisPipelineUtilsThread - 0] WARN  pipeline.PipelinePlacementPolicy (PipelinePlacementPolicy.java:filterViableNodes(160)) - Pipeline creation failed due to no sufficient healthy datanodes. Required 3. Found 1. Excluded 9.
2023-06-02 20:40:34,642 [501c2811-31b4-4cb7-a883-304e4eecc84c-groupManagement] INFO  storage.RaftStorage (RaftStorageImpl.java:format(96)) - Storage directory /home/runner/work/ozone/ozone/hadoop-ozone/integration-test/target/test-dir/MiniOzoneClusterImpl-5ac0c7d5-b38a-4534-ae70-3109b4fe19c6/datanode-2/data/ratis/c2d370b2-7c39-4127-9fb7-076b1011b0d7 has been successfully formatted.
2023-06-02 20:40:34,643 [501c2811-31b4-4cb7-a883-304e4eecc84c-groupManagement] INFO  ratis.ContainerStateMachine (ContainerStateMachine.java:loadSnapshot(262)) - group-076B1011B0D7: The snapshot info is null. Setting the last applied indexto:(t:0, i:~)
2023-06-02 20:40:34,643 [501c2811-31b4-4cb7-a883-304e4eecc84c-groupManagement] INFO  server.RaftServerConfigKeys (ConfUtils.java:logGet(46)) - raft.server.log.use.memory = false (default)
2023-06-02 20:40:34,643 [501c2811-31b4-4cb7-a883-304e4eecc84c-groupManagement] INFO  server.RaftServerConfigKeys (ConfUtils.java:logGet(46)) - raft.server.log.purge.gap = 1000000 (custom)
2023-06-02 20:40:34,644 [501c2811-31b4-4cb7-a883-304e4eecc84c-groupManagement] INFO  server.RaftServerConfigKeys (ConfUtils.java:logGet(46)) - raft.server.log.appender.buffer.byte-limit = 33554432 (custom)
2023-06-02 20:40:34,644 [501c2811-31b4-4cb7-a883-304e4eecc84c-groupManagement] INFO  server.RaftServerConfigKeys (ConfUtils.java:logGet(46)) - raft.server.log.statemachine.data.read.timeout = 1000ms (default)
2023-06-02 20:40:34,644 [501c2811-31b4-4cb7-a883-304e4eecc84c-groupManagement] INFO  server.RaftServerConfigKeys (ConfUtils.java:logGet(46)) - raft.server.log.purge.preservation.log.num = 0 (default)
2023-06-02 20:40:34,642 [559beb36-7c11-4841-9a8b-e14375a607db-groupManagement] INFO  server.RaftServerConfigKeys (ConfUtils.java:logGet(46)) - raft.server.log.segment.cache.size.max = 200MB (=209715200) (default)
2023-06-02 20:40:34,655 [559beb36-7c11-4841-9a8b-e14375a607db-groupManagement] INFO  server.RaftServerConfigKeys (ConfUtils.java:logGet(46)) - raft.server.log.appender.buffer.byte-limit = 33554432 (custom)
2023-06-02 20:40:34,655 [559beb36-7c11-4841-9a8b-e14375a607db-groupManagement] INFO  segmented.SegmentedRaftLogWorker (SegmentedRaftLogWorker.java:<init>(188)) - new 559beb36-7c11-4841-9a8b-e14375a607db@group-449F8745C131-SegmentedRaftLogWorker for RaftStorageImpl:Storage Directory /home/runner/work/ozone/ozone/hadoop-ozone/integration-test/target/test-dir/MiniOzoneClusterImpl-5ac0c7d5-b38a-4534-ae70-3109b4fe19c6/datanode-0/data/ratis/0f9eb3eb-db45-4e61-bc28-449f8745c131
2023-06-02 20:40:34,655 [559beb36-7c11-4841-9a8b-e14375a607db-groupManagement] INFO  server.RaftServerConfigKeys (ConfUtils.java:logGet(46)) - raft.server.log.queue.byte-limit = 4294967296 (custom)
2023-06-02 20:40:34,655 [559beb36-7c11-4841-9a8b-e14375a607db-groupManagement] INFO  server.RaftServerConfigKeys (ConfUtils.java:logGet(46)) - raft.server.log.queue.element-limit = 1024 (custom)
2023-06-02 20:40:34,655 [559beb36-7c11-4841-9a8b-e14375a607db-groupManagement] INFO  server.RaftServerConfigKeys (ConfUtils.java:logGet(46)) - raft.server.log.segment.size.max = 1048576 (custom)
2023-06-02 20:40:34,655 [559beb36-7c11-4841-9a8b-e14375a607db-groupManagement] INFO  server.RaftServerConfigKeys (ConfUtils.java:logGet(46)) - raft.server.log.preallocated.size = 16384 (custom)
2023-06-02 20:40:34,655 [559beb36-7c11-4841-9a8b-e14375a607db-groupManagement] INFO  server.RaftServerConfigKeys (ConfUtils.java:logGet(46)) - raft.server.log.force.sync.num = 128 (default)
2023-06-02 20:40:34,655 [559beb36-7c11-4841-9a8b-e14375a607db-groupManagement] INFO  server.RaftServerConfigKeys (ConfUtils.java:logGet(46)) - raft.server.log.statemachine.data.sync = true (default)
2023-06-02 20:40:34,656 [559beb36-7c11-4841-9a8b-e14375a607db-groupManagement] INFO  server.RaftServerConfigKeys (ConfUtils.java:logGet(46)) - raft.server.log.statemachine.data.sync.timeout = 10s (default)
2023-06-02 20:40:34,656 [559beb36-7c11-4841-9a8b-e14375a607db-groupManagement] INFO  server.RaftServerConfigKeys (ConfUtils.java:logGet(46)) - raft.server.log.statemachine.data.sync.timeout.retry = -1 (default)
2023-06-02 20:40:34,657 [559beb36-7c11-4841-9a8b-e14375a607db-groupManagement] INFO  server.RaftServerConfigKeys (ConfUtils.java:logGet(46)) - raft.server.log.write.buffer.size = 1048576 (custom)
2023-06-02 20:40:34,658 [559beb36-7c11-4841-9a8b-e14375a607db-groupManagement] INFO  server.RaftServerConfigKeys (ConfUtils.java:logGet(46)) - raft.server.log.appender.buffer.byte-limit = 33554432 (custom)
2023-06-02 20:40:34,653 [EventQueue-PipelineReportForPipelineReportHandler] INFO  pipeline.PipelineManagerImpl (PipelineManagerImpl.java:openPipeline(367)) - Pipeline Pipeline[ Id: c2d370b2-7c39-4127-9fb7-076b1011b0d7, Nodes: 501c2811-31b4-4cb7-a883-304e4eecc84c(fv-az1239-288/10.1.0.31), ReplicationConfig: RATIS/ONE, State:ALLOCATED, leaderId:501c2811-31b4-4cb7-a883-304e4eecc84c, CreationTimestamp2023-06-02T20:40:31.450Z[Etc/UTC]] moved to OPEN state
2023-06-02 20:40:34,652 [f3098061-e126-467d-ace5-c417dde623cb-groupManagement] INFO  segmented.SegmentedRaftLogWorker (SegmentedRaftLogWorker.java:lambda$new$0(135)) - f3098061-e126-467d-ace5-c417dde623cb@group-86A6C006EA27-SegmentedRaftLogWorker: flushIndex: setUnconditionally 0 -> -1
2023-06-02 20:40:34,658 [f3098061-e126-467d-ace5-c417dde623cb-groupManagement] INFO  segmented.SegmentedRaftLogWorker (SegmentedRaftLogWorker.java:lambda$new$0(135)) - f3098061-e126-467d-ace5-c417dde623cb@group-86A6C006EA27-SegmentedRaftLogWorker: safeCacheEvictIndex: setUnconditionally 0 -> -1
2023-06-02 20:40:34,652 [501c2811-31b4-4cb7-a883-304e4eecc84c-groupManagement] INFO  server.RaftServerConfigKeys (ConfUtils.java:logGet(46)) - raft.server.log.segment.size.max = 1048576 (custom)
2023-06-02 20:40:34,652 [main] INFO  ozone.MiniOzoneClusterImpl (MiniOzoneClusterImpl.java:lambda$waitForClusterToBeReady$0(222)) - Waiting for nodes to be ready. Got 10 of 14 DN Heartbeats.
2023-06-02 20:40:34,659 [main] INFO  ozone.MiniOzoneClusterImpl (MiniOzoneClusterImpl.java:lambda$waitForClusterToBeReady$0(225)) - Waiting for cluster to exit safe mode
2023-06-02 20:40:34,659 [main] INFO  ozone.MiniOzoneClusterImpl (MiniOzoneClusterImpl.java:lambda$waitForClusterToBeReady$0(227)) - SCM became leader
2023-06-02 20:40:34,659 [501c2811-31b4-4cb7-a883-304e4eecc84c-groupManagement] INFO  server.RaftServerConfigKeys (ConfUtils.java:logGet(46)) - raft.server.log.segment.cache.num.max = 2 (custom)
2023-06-02 20:40:34,659 [EventQueue-OpenPipelineForHealthyPipelineSafeModeRule] INFO  safemode.SCMSafeModeManager (HealthyPipelineSafeModeRule.java:process(137)) - SCM in safe mode. Healthy pipelines reported count is 0, required healthy pipeline reported count is 1
2023-06-02 20:40:34,659 [501c2811-31b4-4cb7-a883-304e4eecc84c-groupManagement] INFO  server.RaftServerConfigKeys (ConfUtils.java:logGet(46)) - raft.server.log.segment.cache.size.max = 200MB (=209715200) (default)
2023-06-02 20:40:34,660 [501c2811-31b4-4cb7-a883-304e4eecc84c-groupManagement] INFO  server.RaftServerConfigKeys (ConfUtils.java:logGet(46)) - raft.server.log.appender.buffer.byte-limit = 33554432 (custom)
2023-06-02 20:40:34,660 [501c2811-31b4-4cb7-a883-304e4eecc84c-groupManagement] INFO  segmented.SegmentedRaftLogWorker (SegmentedRaftLogWorker.java:<init>(188)) - new 501c2811-31b4-4cb7-a883-304e4eecc84c@group-076B1011B0D7-SegmentedRaftLogWorker for RaftStorageImpl:Storage Directory /home/runner/work/ozone/ozone/hadoop-ozone/integration-test/target/test-dir/MiniOzoneClusterImpl-5ac0c7d5-b38a-4534-ae70-3109b4fe19c6/datanode-2/data/ratis/c2d370b2-7c39-4127-9fb7-076b1011b0d7
2023-06-02 20:40:34,660 [501c2811-31b4-4cb7-a883-304e4eecc84c-groupManagement] INFO  server.RaftServerConfigKeys (ConfUtils.java:logGet(46)) - raft.server.log.queue.byte-limit = 4294967296 (custom)
2023-06-02 20:40:34,660 [501c2811-31b4-4cb7-a883-304e4eecc84c-groupManagement] INFO  server.RaftServerConfigKeys (ConfUtils.java:logGet(46)) - raft.server.log.queue.element-limit = 1024 (custom)
2023-06-02 20:40:34,660 [501c2811-31b4-4cb7-a883-304e4eecc84c-groupManagement] INFO  server.RaftServerConfigKeys (ConfUtils.java:logGet(46)) - raft.server.log.segment.size.max = 1048576 (custom)
2023-06-02 20:40:34,660 [501c2811-31b4-4cb7-a883-304e4eecc84c-groupManagement] INFO  server.RaftServerConfigKeys (ConfUtils.java:logGet(46)) - raft.server.log.preallocated.size = 16384 (custom)
2023-06-02 20:40:34,660 [501c2811-31b4-4cb7-a883-304e4eecc84c-groupManagement] INFO  server.RaftServerConfigKeys (ConfUtils.java:logGet(46)) - raft.server.log.force.sync.num = 128 (default)
2023-06-02 20:40:34,660 [501c2811-31b4-4cb7-a883-304e4eecc84c-groupManagement] INFO  server.RaftServerConfigKeys (ConfUtils.java:logGet(46)) - raft.server.log.statemachine.data.sync = true (default)
2023-06-02 20:40:34,660 [501c2811-31b4-4cb7-a883-304e4eecc84c-groupManagement] INFO  server.RaftServerConfigKeys (ConfUtils.java:logGet(46)) - raft.server.log.statemachine.data.sync.timeout = 10s (default)
2023-06-02 20:40:34,660 [501c2811-31b4-4cb7-a883-304e4eecc84c-groupManagement] INFO  server.RaftServerConfigKeys (ConfUtils.java:logGet(46)) - raft.server.log.statemachine.data.sync.timeout.retry = -1 (default)
2023-06-02 20:40:34,662 [501c2811-31b4-4cb7-a883-304e4eecc84c-groupManagement] INFO  server.RaftServerConfigKeys (ConfUtils.java:logGet(46)) - raft.server.log.write.buffer.size = 1048576 (custom)
2023-06-02 20:40:34,662 [501c2811-31b4-4cb7-a883-304e4eecc84c-groupManagement] INFO  server.RaftServerConfigKeys (ConfUtils.java:logGet(46)) - raft.server.log.appender.buffer.byte-limit = 33554432 (custom)
2023-06-02 20:40:34,667 [559beb36-7c11-4841-9a8b-e14375a607db-groupManagement] INFO  server.RaftServerConfigKeys (ConfUtils.java:logGet(46)) - raft.server.log.unsafe-flush.enabled = false (default)
2023-06-02 20:40:34,668 [559beb36-7c11-4841-9a8b-e14375a607db-groupManagement] INFO  server.RaftServerConfigKeys (ConfUtils.java:logGet(46)) - raft.server.log.async-flush.enabled = false (default)
2023-06-02 20:40:34,668 [501c2811-31b4-4cb7-a883-304e4eecc84c-groupManagement] INFO  server.RaftServerConfigKeys (ConfUtils.java:logGet(46)) - raft.server.log.unsafe-flush.enabled = false (default)
2023-06-02 20:40:34,668 [501c2811-31b4-4cb7-a883-304e4eecc84c-groupManagement] INFO  server.RaftServerConfigKeys (ConfUtils.java:logGet(46)) - raft.server.log.async-flush.enabled = false (default)
2023-06-02 20:40:34,668 [501c2811-31b4-4cb7-a883-304e4eecc84c-groupManagement] INFO  server.RaftServerConfigKeys (ConfUtils.java:logGet(46)) - raft.server.log.statemachine.data.caching.enabled = true (custom)
2023-06-02 20:40:34,668 [501c2811-31b4-4cb7-a883-304e4eecc84c-groupManagement] INFO  segmented.SegmentedRaftLogWorker (SegmentedRaftLogWorker.java:lambda$new$0(135)) - 501c2811-31b4-4cb7-a883-304e4eecc84c@group-076B1011B0D7-SegmentedRaftLogWorker: flushIndex: setUnconditionally 0 -> -1
2023-06-02 20:40:34,668 [501c2811-31b4-4cb7-a883-304e4eecc84c-groupManagement] INFO  segmented.SegmentedRaftLogWorker (SegmentedRaftLogWorker.java:lambda$new$0(135)) - 501c2811-31b4-4cb7-a883-304e4eecc84c@group-076B1011B0D7-SegmentedRaftLogWorker: safeCacheEvictIndex: setUnconditionally 0 -> -1
2023-06-02 20:40:34,668 [559beb36-7c11-4841-9a8b-e14375a607db-groupManagement] INFO  server.RaftServerConfigKeys (ConfUtils.java:logGet(46)) - raft.server.log.statemachine.data.caching.enabled = true (custom)
2023-06-02 20:40:34,669 [559beb36-7c11-4841-9a8b-e14375a607db-groupManagement] INFO  segmented.SegmentedRaftLogWorker (SegmentedRaftLogWorker.java:lambda$new$0(135)) - 559beb36-7c11-4841-9a8b-e14375a607db@group-449F8745C131-SegmentedRaftLogWorker: flushIndex: setUnconditionally 0 -> -1
2023-06-02 20:40:34,669 [559beb36-7c11-4841-9a8b-e14375a607db-groupManagement] INFO  segmented.SegmentedRaftLogWorker (SegmentedRaftLogWorker.java:lambda$new$0(135)) - 559beb36-7c11-4841-9a8b-e14375a607db@group-449F8745C131-SegmentedRaftLogWorker: safeCacheEvictIndex: setUnconditionally 0 -> -1
2023-06-02 20:40:34,669 [f3098061-e126-467d-ace5-c417dde623cb-groupManagement] INFO  server.RaftServer$Division (RaftServerImpl.java:start(342)) - f3098061-e126-467d-ace5-c417dde623cb@group-86A6C006EA27: start as a follower, conf=-1: peers:[f3098061-e126-467d-ace5-c417dde623cb|rpc:10.1.0.31:15023|admin:10.1.0.31:15022|client:10.1.0.31:15021|dataStream:10.1.0.31:15024|priority:1|startupRole:FOLLOWER]|listeners:[], old=null
2023-06-02 20:40:34,670 [f3098061-e126-467d-ace5-c417dde623cb-groupManagement] INFO  server.RaftServer$Division (RaftServerImpl.java:setRole(329)) - f3098061-e126-467d-ace5-c417dde623cb@group-86A6C006EA27: changes role from      null to FOLLOWER at term 0 for startAsFollower
2023-06-02 20:40:34,670 [f3098061-e126-467d-ace5-c417dde623cb-groupManagement] INFO  impl.RoleInfo (RoleInfo.java:updateAndGet(139)) - f3098061-e126-467d-ace5-c417dde623cb: start f3098061-e126-467d-ace5-c417dde623cb@group-86A6C006EA27-FollowerState
2023-06-02 20:40:34,670 [f3098061-e126-467d-ace5-c417dde623cb-groupManagement] INFO  util.JmxRegister (JmxRegister.java:tryRegister(44)) - Successfully registered JMX Bean with object name Ratis:service=RaftServer,group=group-86A6C006EA27,id=f3098061-e126-467d-ace5-c417dde623cb
2023-06-02 20:40:34,670 [f3098061-e126-467d-ace5-c417dde623cb-groupManagement] INFO  server.RaftServerConfigKeys (ConfUtils.java:logGet(46)) - raft.server.snapshot.auto.trigger.enabled = true (custom)
2023-06-02 20:40:34,670 [f3098061-e126-467d-ace5-c417dde623cb-groupManagement] INFO  server.RaftServerConfigKeys (ConfUtils.java:logGet(46)) - raft.server.snapshot.auto.trigger.threshold = 10000 (custom)
2023-06-02 20:40:34,670 [f3098061-e126-467d-ace5-c417dde623cb-groupManagement] INFO  server.RaftServerConfigKeys (ConfUtils.java:logGet(46)) - raft.server.snapshot.retention.file.num = 5 (custom)
2023-06-02 20:40:34,670 [f3098061-e126-467d-ace5-c417dde623cb-groupManagement] INFO  server.RaftServerConfigKeys (ConfUtils.java:logGet(46)) - raft.server.log.purge.upto.snapshot.index = false (default)
2023-06-02 20:40:34,671 [f3098061-e126-467d-ace5-c417dde623cb@group-86A6C006EA27-FollowerState] INFO  server.RaftServerConfigKeys (ConfUtils.java:logFallback(53)) - raft.server.rpc.first-election.timeout.min = 5s (fallback to raft.server.rpc.timeout.min)
2023-06-02 20:40:34,671 [f3098061-e126-467d-ace5-c417dde623cb@group-86A6C006EA27-FollowerState] INFO  server.RaftServerConfigKeys (ConfUtils.java:logFallback(53)) - raft.server.rpc.first-election.timeout.max = 5200ms (fallback to raft.server.rpc.timeout.max)
2023-06-02 20:40:34,675 [PipelineCommandHandlerThread-0] INFO  ratis.XceiverServerRatis (XceiverServerRatis.java:addGroup(804)) - Created group PipelineID=ba2adb82-9e94-4de6-a7b3-86a6c006ea27
2023-06-02 20:40:34,676 [559beb36-7c11-4841-9a8b-e14375a607db-groupManagement] INFO  server.RaftServer$Division (RaftServerImpl.java:start(342)) - 559beb36-7c11-4841-9a8b-e14375a607db@group-449F8745C131: start as a follower, conf=-1: peers:[559beb36-7c11-4841-9a8b-e14375a607db|rpc:10.1.0.31:15014|admin:10.1.0.31:15013|client:10.1.0.31:15012|dataStream:10.1.0.31:15015|priority:1|startupRole:FOLLOWER, f3098061-e126-467d-ace5-c417dde623cb|rpc:10.1.0.31:15023|admin:10.1.0.31:15022|client:10.1.0.31:15021|dataStream:10.1.0.31:15024|priority:0|startupRole:FOLLOWER, 501c2811-31b4-4cb7-a883-304e4eecc84c|rpc:10.1.0.31:15032|admin:10.1.0.31:15031|client:10.1.0.31:15030|dataStream:10.1.0.31:15033|priority:0|startupRole:FOLLOWER]|listeners:[], old=null
2023-06-02 20:40:34,676 [559beb36-7c11-4841-9a8b-e14375a607db-groupManagement] INFO  server.RaftServer$Division (RaftServerImpl.java:setRole(329)) - 559beb36-7c11-4841-9a8b-e14375a607db@group-449F8745C131: changes role from      null to FOLLOWER at term 0 for startAsFollower
2023-06-02 20:40:34,676 [559beb36-7c11-4841-9a8b-e14375a607db-groupManagement] INFO  impl.RoleInfo (RoleInfo.java:updateAndGet(139)) - 559beb36-7c11-4841-9a8b-e14375a607db: start 559beb36-7c11-4841-9a8b-e14375a607db@group-449F8745C131-FollowerState
2023-06-02 20:40:34,676 [559beb36-7c11-4841-9a8b-e14375a607db-groupManagement] INFO  util.JmxRegister (JmxRegister.java:tryRegister(44)) - Successfully registered JMX Bean with object name Ratis:service=RaftServer,group=group-449F8745C131,id=559beb36-7c11-4841-9a8b-e14375a607db
2023-06-02 20:40:34,676 [559beb36-7c11-4841-9a8b-e14375a607db-groupManagement] INFO  server.RaftServerConfigKeys (ConfUtils.java:logGet(46)) - raft.server.snapshot.auto.trigger.enabled = true (custom)
2023-06-02 20:40:34,676 [559beb36-7c11-4841-9a8b-e14375a607db-groupManagement] INFO  server.RaftServerConfigKeys (ConfUtils.java:logGet(46)) - raft.server.snapshot.auto.trigger.threshold = 10000 (custom)
2023-06-02 20:40:34,676 [559beb36-7c11-4841-9a8b-e14375a607db-groupManagement] INFO  server.RaftServerConfigKeys (ConfUtils.java:logGet(46)) - raft.server.snapshot.retention.file.num = 5 (custom)
2023-06-02 20:40:34,676 [559beb36-7c11-4841-9a8b-e14375a607db-groupManagement] INFO  server.RaftServerConfigKeys (ConfUtils.java:logGet(46)) - raft.server.log.purge.upto.snapshot.index = false (default)
2023-06-02 20:40:34,678 [PipelineCommandHandlerThread-0] INFO  ratis.XceiverServerRatis (XceiverServerRatis.java:addGroup(804)) - Created group PipelineID=0f9eb3eb-db45-4e61-bc28-449f8745c131
2023-06-02 20:40:34,688 [EventQueue-OpenPipelineForHealthyPipelineSafeModeRule] INFO  safemode.SCMSafeModeManager (HealthyPipelineSafeModeRule.java:process(137)) - SCM in safe mode. Healthy pipelines reported count is 0, required healthy pipeline reported count is 1
2023-06-02 20:40:34,675 [PipelineCommandHandlerThread-0] INFO  commandhandler.CreatePipelineCommandHandler (CreatePipelineCommandHandler.java:lambda$handle$2(124)) - Created Pipeline RATIS ONE PipelineID=ba2adb82-9e94-4de6-a7b3-86a6c006ea27.
2023-06-02 20:40:34,683 [501c2811-31b4-4cb7-a883-304e4eecc84c-groupManagement] INFO  server.RaftServer$Division (RaftServerImpl.java:start(342)) - 501c2811-31b4-4cb7-a883-304e4eecc84c@group-076B1011B0D7: start as a follower, conf=-1: peers:[501c2811-31b4-4cb7-a883-304e4eecc84c|rpc:10.1.0.31:15032|admin:10.1.0.31:15031|client:10.1.0.31:15030|dataStream:10.1.0.31:15033|priority:1|startupRole:FOLLOWER]|listeners:[], old=null
2023-06-02 20:40:34,689 [501c2811-31b4-4cb7-a883-304e4eecc84c-groupManagement] INFO  server.RaftServer$Division (RaftServerImpl.java:setRole(329)) - 501c2811-31b4-4cb7-a883-304e4eecc84c@group-076B1011B0D7: changes role from      null to FOLLOWER at term 0 for startAsFollower
2023-06-02 20:40:34,683 [559beb36-7c11-4841-9a8b-e14375a607db@group-449F8745C131-FollowerState] INFO  server.RaftServerConfigKeys (ConfUtils.java:logFallback(53)) - raft.server.rpc.first-election.timeout.min = 5s (fallback to raft.server.rpc.timeout.min)
2023-06-02 20:40:34,689 [559beb36-7c11-4841-9a8b-e14375a607db@group-449F8745C131-FollowerState] INFO  server.RaftServerConfigKeys (ConfUtils.java:logFallback(53)) - raft.server.rpc.first-election.timeout.max = 5200ms (fallback to raft.server.rpc.timeout.max)
2023-06-02 20:40:34,690 [501c2811-31b4-4cb7-a883-304e4eecc84c-groupManagement] INFO  impl.RoleInfo (RoleInfo.java:updateAndGet(139)) - 501c2811-31b4-4cb7-a883-304e4eecc84c: start 501c2811-31b4-4cb7-a883-304e4eecc84c@group-076B1011B0D7-FollowerState
2023-06-02 20:40:34,697 [PipelineCommandHandlerThread-0] INFO  server.RaftServer (RaftServerProxy.java:addNew(98)) - f3098061-e126-467d-ace5-c417dde623cb: addNew group-449F8745C131:[559beb36-7c11-4841-9a8b-e14375a607db|rpc:10.1.0.31:15014|admin:10.1.0.31:15013|client:10.1.0.31:15012|dataStream:10.1.0.31:15015|priority:1|startupRole:FOLLOWER, f3098061-e126-467d-ace5-c417dde623cb|rpc:10.1.0.31:15023|admin:10.1.0.31:15022|client:10.1.0.31:15021|dataStream:10.1.0.31:15024|priority:0|startupRole:FOLLOWER, 501c2811-31b4-4cb7-a883-304e4eecc84c|rpc:10.1.0.31:15032|admin:10.1.0.31:15031|client:10.1.0.31:15030|dataStream:10.1.0.31:15033|priority:0|startupRole:FOLLOWER] returns group-449F8745C131:java.util.concurrent.CompletableFuture@1109793e[Not completed]
2023-06-02 20:40:34,691 [501c2811-31b4-4cb7-a883-304e4eecc84c-groupManagement] INFO  util.JmxRegister (JmxRegister.java:tryRegister(44)) - Successfully registered JMX Bean with object name Ratis:service=RaftServer,group=group-076B1011B0D7,id=501c2811-31b4-4cb7-a883-304e4eecc84c
2023-06-02 20:40:34,698 [501c2811-31b4-4cb7-a883-304e4eecc84c-groupManagement] INFO  server.RaftServerConfigKeys (ConfUtils.java:logGet(46)) - raft.server.snapshot.auto.trigger.enabled = true (custom)
2023-06-02 20:40:34,698 [501c2811-31b4-4cb7-a883-304e4eecc84c-groupManagement] INFO  server.RaftServerConfigKeys (ConfUtils.java:logGet(46)) - raft.server.snapshot.auto.trigger.threshold = 10000 (custom)
2023-06-02 20:40:34,699 [501c2811-31b4-4cb7-a883-304e4eecc84c-groupManagement] INFO  server.RaftServerConfigKeys (ConfUtils.java:logGet(46)) - raft.server.snapshot.retention.file.num = 5 (custom)
2023-06-02 20:40:34,699 [501c2811-31b4-4cb7-a883-304e4eecc84c-groupManagement] INFO  server.RaftServerConfigKeys (ConfUtils.java:logGet(46)) - raft.server.log.purge.upto.snapshot.index = false (default)
2023-06-02 20:40:34,707 [501c2811-31b4-4cb7-a883-304e4eecc84c@group-076B1011B0D7-FollowerState] INFO  server.RaftServerConfigKeys (ConfUtils.java:logFallback(53)) - raft.server.rpc.first-election.timeout.min = 5s (fallback to raft.server.rpc.timeout.min)
2023-06-02 20:40:34,707 [PipelineCommandHandlerThread-0] INFO  ratis.XceiverServerRatis (XceiverServerRatis.java:addGroup(804)) - Created group PipelineID=c2d370b2-7c39-4127-9fb7-076b1011b0d7
2023-06-02 20:40:34,707 [f3098061-e126-467d-ace5-c417dde623cb-groupManagement] INFO  server.RaftServer$Division (RaftServerImpl.java:<init>(198)) - f3098061-e126-467d-ace5-c417dde623cb: new RaftServerImpl for group-449F8745C131:[559beb36-7c11-4841-9a8b-e14375a607db|rpc:10.1.0.31:15014|admin:10.1.0.31:15013|client:10.1.0.31:15012|dataStream:10.1.0.31:15015|priority:1|startupRole:FOLLOWER, f3098061-e126-467d-ace5-c417dde623cb|rpc:10.1.0.31:15023|admin:10.1.0.31:15022|client:10.1.0.31:15021|dataStream:10.1.0.31:15024|priority:0|startupRole:FOLLOWER, 501c2811-31b4-4cb7-a883-304e4eecc84c|rpc:10.1.0.31:15032|admin:10.1.0.31:15031|client:10.1.0.31:15030|dataStream:10.1.0.31:15033|priority:0|startupRole:FOLLOWER] with ContainerStateMachine:uninitialized
2023-06-02 20:40:34,727 [f3098061-e126-467d-ace5-c417dde623cb-groupManagement] INFO  server.RaftServerConfigKeys (ConfUtils.java:logGet(46)) - raft.server.rpc.timeout.min = 5s (custom)
2023-06-02 20:40:34,727 [f3098061-e126-467d-ace5-c417dde623cb-groupManagement] INFO  server.RaftServerConfigKeys (ConfUtils.java:logGet(46)) - raft.server.rpc.timeout.max = 5200ms (custom)
2023-06-02 20:40:34,727 [f3098061-e126-467d-ace5-c417dde623cb-groupManagement] INFO  server.RaftServerConfigKeys (ConfUtils.java:logGet(46)) - raft.server.rpc.sleep.time = 25ms (default)
2023-06-02 20:40:34,727 [f3098061-e126-467d-ace5-c417dde623cb-groupManagement] INFO  server.RaftServerConfigKeys (ConfUtils.java:logGet(46)) - raft.server.rpc.slowness.timeout = 300s (custom)
2023-06-02 20:40:34,727 [f3098061-e126-467d-ace5-c417dde623cb-groupManagement] INFO  server.RaftServerConfigKeys (ConfUtils.java:logGet(46)) - raft.server.leaderelection.leader.step-down.wait-time = 10s (default)
2023-06-02 20:40:34,727 [f3098061-e126-467d-ace5-c417dde623cb-groupManagement] INFO  server.RaftServerConfigKeys (ConfUtils.java:logGet(46)) - raft.server.sleep.deviation.threshold = 300ms (default)
2023-06-02 20:40:34,727 [f3098061-e126-467d-ace5-c417dde623cb-groupManagement] INFO  server.RaftServer$Division (ServerState.java:<init>(120)) - f3098061-e126-467d-ace5-c417dde623cb@group-449F8745C131: ConfigurationManager, init=-1: peers:[559beb36-7c11-4841-9a8b-e14375a607db|rpc:10.1.0.31:15014|admin:10.1.0.31:15013|client:10.1.0.31:15012|dataStream:10.1.0.31:15015|priority:1|startupRole:FOLLOWER, f3098061-e126-467d-ace5-c417dde623cb|rpc:10.1.0.31:15023|admin:10.1.0.31:15022|client:10.1.0.31:15021|dataStream:10.1.0.31:15024|priority:0|startupRole:FOLLOWER, 501c2811-31b4-4cb7-a883-304e4eecc84c|rpc:10.1.0.31:15032|admin:10.1.0.31:15031|client:10.1.0.31:15030|dataStream:10.1.0.31:15033|priority:0|startupRole:FOLLOWER]|listeners:[], old=null, confs=<EMPTY_MAP>
2023-06-02 20:40:34,727 [f3098061-e126-467d-ace5-c417dde623cb-groupManagement] INFO  server.RaftServerConfigKeys (ConfUtils.java:logGet(46)) - raft.server.storage.dir = [/home/runner/work/ozone/ozone/hadoop-ozone/integration-test/target/test-dir/MiniOzoneClusterImpl-5ac0c7d5-b38a-4534-ae70-3109b4fe19c6/datanode-1/data/ratis] (custom)
2023-06-02 20:40:34,728 [f3098061-e126-467d-ace5-c417dde623cb-groupManagement] INFO  server.RaftServerConfigKeys (ConfUtils.java:logGet(46)) - raft.server.log.corruption.policy = EXCEPTION (default)
2023-06-02 20:40:34,728 [f3098061-e126-467d-ace5-c417dde623cb-groupManagement] INFO  server.RaftServerConfigKeys (ConfUtils.java:logGet(46)) - raft.server.storage.free-space.min = 0MB (=0) (default)
2023-06-02 20:40:34,728 [f3098061-e126-467d-ace5-c417dde623cb-groupManagement] INFO  server.RaftServerConfigKeys (ConfUtils.java:logGet(46)) - raft.server.notification.no-leader.timeout = 300s (custom)
2023-06-02 20:40:34,728 [f3098061-e126-467d-ace5-c417dde623cb-groupManagement] INFO  server.RaftServerConfigKeys (ConfUtils.java:logGet(46)) - raft.server.read.timeout = 10s (default)
2023-06-02 20:40:34,728 [f3098061-e126-467d-ace5-c417dde623cb-groupManagement] INFO  server.RaftServerConfigKeys (ConfUtils.java:logGet(46)) - raft.server.retrycache.expirytime = 600000ms (custom)
2023-06-02 20:40:34,728 [f3098061-e126-467d-ace5-c417dde623cb-groupManagement] INFO  server.RaftServerConfigKeys (ConfUtils.java:logGet(46)) - raft.server.retrycache.statistics.expirytime = 100μs (default)
2023-06-02 20:40:34,728 [f3098061-e126-467d-ace5-c417dde623cb-groupManagement] INFO  server.RaftServerConfigKeys (ConfUtils.java:logGet(46)) - raft.server.read.option = DEFAULT (default)
2023-06-02 20:40:34,727 [501c2811-31b4-4cb7-a883-304e4eecc84c@group-076B1011B0D7-FollowerState] INFO  server.RaftServerConfigKeys (ConfUtils.java:logFallback(53)) - raft.server.rpc.first-election.timeout.max = 5200ms (fallback to raft.server.rpc.timeout.max)
2023-06-02 20:40:34,732 [f3098061-e126-467d-ace5-c417dde623cb-groupManagement] INFO  server.RaftServerConfigKeys (ConfUtils.java:logGet(46)) - raft.server.rpc.request.timeout = 60s (custom)
2023-06-02 20:40:34,742 [f3098061-e126-467d-ace5-c417dde623cb-groupManagement] INFO  server.RaftServerConfigKeys (ConfUtils.java:logGet(46)) - raft.server.log.appender.install.snapshot.enabled = false (custom)
2023-06-02 20:40:34,742 [f3098061-e126-467d-ace5-c417dde623cb-groupManagement] INFO  server.RaftServerConfigKeys (ConfUtils.java:logGet(46)) - raft.server.threadpool.server.cached = true (default)
2023-06-02 20:40:34,742 [f3098061-e126-467d-ace5-c417dde623cb-groupManagement] INFO  server.RaftServerConfigKeys (ConfUtils.java:logGet(46)) - raft.server.threadpool.server.size = 0 (default)
2023-06-02 20:40:34,742 [f3098061-e126-467d-ace5-c417dde623cb-groupManagement] INFO  server.RaftServerConfigKeys (ConfUtils.java:logGet(46)) - raft.server.threadpool.client.cached = true (default)
2023-06-02 20:40:34,742 [f3098061-e126-467d-ace5-c417dde623cb-groupManagement] INFO  server.RaftServerConfigKeys (ConfUtils.java:logGet(46)) - raft.server.threadpool.client.size = 0 (default)
2023-06-02 20:40:34,727 [PipelineCommandHandlerThread-0] INFO  commandhandler.CreatePipelineCommandHandler (CreatePipelineCommandHandler.java:lambda$handle$2(124)) - Created Pipeline RATIS ONE PipelineID=c2d370b2-7c39-4127-9fb7-076b1011b0d7.
2023-06-02 20:40:34,742 [f3098061-e126-467d-ace5-c417dde623cb-groupManagement] INFO  storage.RaftStorageDirectory (RaftStorageDirectoryImpl.java:analyzeStorage(137)) - The storage directory /home/runner/work/ozone/ozone/hadoop-ozone/integration-test/target/test-dir/MiniOzoneClusterImpl-5ac0c7d5-b38a-4534-ae70-3109b4fe19c6/datanode-1/data/ratis/0f9eb3eb-db45-4e61-bc28-449f8745c131 does not exist. Creating ...
2023-06-02 20:40:34,742 [PipelineCommandHandlerThread-0] INFO  server.RaftServer (RaftServerProxy.java:addNew(98)) - 501c2811-31b4-4cb7-a883-304e4eecc84c: addNew group-449F8745C131:[559beb36-7c11-4841-9a8b-e14375a607db|rpc:10.1.0.31:15014|admin:10.1.0.31:15013|client:10.1.0.31:15012|dataStream:10.1.0.31:15015|priority:1|startupRole:FOLLOWER, f3098061-e126-467d-ace5-c417dde623cb|rpc:10.1.0.31:15023|admin:10.1.0.31:15022|client:10.1.0.31:15021|dataStream:10.1.0.31:15024|priority:0|startupRole:FOLLOWER, 501c2811-31b4-4cb7-a883-304e4eecc84c|rpc:10.1.0.31:15032|admin:10.1.0.31:15031|client:10.1.0.31:15030|dataStream:10.1.0.31:15033|priority:0|startupRole:FOLLOWER] returns group-449F8745C131:java.util.concurrent.CompletableFuture@250392ee[Not completed]
2023-06-02 20:40:34,744 [501c2811-31b4-4cb7-a883-304e4eecc84c-groupManagement] INFO  server.RaftServer$Division (RaftServerImpl.java:<init>(198)) - 501c2811-31b4-4cb7-a883-304e4eecc84c: new RaftServerImpl for group-449F8745C131:[559beb36-7c11-4841-9a8b-e14375a607db|rpc:10.1.0.31:15014|admin:10.1.0.31:15013|client:10.1.0.31:15012|dataStream:10.1.0.31:15015|priority:1|startupRole:FOLLOWER, f3098061-e126-467d-ace5-c417dde623cb|rpc:10.1.0.31:15023|admin:10.1.0.31:15022|client:10.1.0.31:15021|dataStream:10.1.0.31:15024|priority:0|startupRole:FOLLOWER, 501c2811-31b4-4cb7-a883-304e4eecc84c|rpc:10.1.0.31:15032|admin:10.1.0.31:15031|client:10.1.0.31:15030|dataStream:10.1.0.31:15033|priority:0|startupRole:FOLLOWER] with ContainerStateMachine:uninitialized
2023-06-02 20:40:34,744 [501c2811-31b4-4cb7-a883-304e4eecc84c-groupManagement] INFO  server.RaftServerConfigKeys (ConfUtils.java:logGet(46)) - raft.server.rpc.timeout.min = 5s (custom)
2023-06-02 20:40:34,744 [501c2811-31b4-4cb7-a883-304e4eecc84c-groupManagement] INFO  server.RaftServerConfigKeys (ConfUtils.java:logGet(46)) - raft.server.rpc.timeout.max = 5200ms (custom)
2023-06-02 20:40:34,744 [501c2811-31b4-4cb7-a883-304e4eecc84c-groupManagement] INFO  server.RaftServerConfigKeys (ConfUtils.java:logGet(46)) - raft.server.rpc.sleep.time = 25ms (default)
2023-06-02 20:40:34,744 [501c2811-31b4-4cb7-a883-304e4eecc84c-groupManagement] INFO  server.RaftServerConfigKeys (ConfUtils.java:logGet(46)) - raft.server.rpc.slowness.timeout = 300s (custom)
2023-06-02 20:40:34,744 [501c2811-31b4-4cb7-a883-304e4eecc84c-groupManagement] INFO  server.RaftServerConfigKeys (ConfUtils.java:logGet(46)) - raft.server.leaderelection.leader.step-down.wait-time = 10s (default)
2023-06-02 20:40:34,744 [501c2811-31b4-4cb7-a883-304e4eecc84c-groupManagement] INFO  server.RaftServerConfigKeys (ConfUtils.java:logGet(46)) - raft.server.sleep.deviation.threshold = 300ms (default)
2023-06-02 20:40:34,744 [501c2811-31b4-4cb7-a883-304e4eecc84c-groupManagement] INFO  server.RaftServer$Division (ServerState.java:<init>(120)) - 501c2811-31b4-4cb7-a883-304e4eecc84c@group-449F8745C131: ConfigurationManager, init=-1: peers:[559beb36-7c11-4841-9a8b-e14375a607db|rpc:10.1.0.31:15014|admin:10.1.0.31:15013|client:10.1.0.31:15012|dataStream:10.1.0.31:15015|priority:1|startupRole:FOLLOWER, f3098061-e126-467d-ace5-c417dde623cb|rpc:10.1.0.31:15023|admin:10.1.0.31:15022|client:10.1.0.31:15021|dataStream:10.1.0.31:15024|priority:0|startupRole:FOLLOWER, 501c2811-31b4-4cb7-a883-304e4eecc84c|rpc:10.1.0.31:15032|admin:10.1.0.31:15031|client:10.1.0.31:15030|dataStream:10.1.0.31:15033|priority:0|startupRole:FOLLOWER]|listeners:[], old=null, confs=<EMPTY_MAP>
2023-06-02 20:40:34,744 [501c2811-31b4-4cb7-a883-304e4eecc84c-groupManagement] INFO  server.RaftServerConfigKeys (ConfUtils.java:logGet(46)) - raft.server.storage.dir = [/home/runner/work/ozone/ozone/hadoop-ozone/integration-test/target/test-dir/MiniOzoneClusterImpl-5ac0c7d5-b38a-4534-ae70-3109b4fe19c6/datanode-2/data/ratis] (custom)
2023-06-02 20:40:34,744 [f3098061-e126-467d-ace5-c417dde623cb-groupManagement] INFO  storage.RaftStorageDirectory (RaftStorageDirectoryImpl.java:tryLock(231)) - Lock on /home/runner/work/ozone/ozone/hadoop-ozone/integration-test/target/test-dir/MiniOzoneClusterImpl-5ac0c7d5-b38a-4534-ae70-3109b4fe19c6/datanode-1/data/ratis/0f9eb3eb-db45-4e61-bc28-449f8745c131/in_use.lock acquired by nodename 65175@fv-az1239-288
2023-06-02 20:40:34,744 [501c2811-31b4-4cb7-a883-304e4eecc84c-groupManagement] INFO  server.RaftServerConfigKeys (ConfUtils.java:logGet(46)) - raft.server.log.corruption.policy = EXCEPTION (default)
2023-06-02 20:40:34,752 [501c2811-31b4-4cb7-a883-304e4eecc84c-groupManagement] INFO  server.RaftServerConfigKeys (ConfUtils.java:logGet(46)) - raft.server.storage.free-space.min = 0MB (=0) (default)
2023-06-02 20:40:34,752 [501c2811-31b4-4cb7-a883-304e4eecc84c-groupManagement] INFO  server.RaftServerConfigKeys (ConfUtils.java:logGet(46)) - raft.server.notification.no-leader.timeout = 300s (custom)
2023-06-02 20:40:34,752 [501c2811-31b4-4cb7-a883-304e4eecc84c-groupManagement] INFO  server.RaftServerConfigKeys (ConfUtils.java:logGet(46)) - raft.server.read.timeout = 10s (default)
2023-06-02 20:40:34,753 [501c2811-31b4-4cb7-a883-304e4eecc84c-groupManagement] INFO  server.RaftServerConfigKeys (ConfUtils.java:logGet(46)) - raft.server.retrycache.expirytime = 600000ms (custom)
2023-06-02 20:40:34,753 [501c2811-31b4-4cb7-a883-304e4eecc84c-groupManagement] INFO  server.RaftServerConfigKeys (ConfUtils.java:logGet(46)) - raft.server.retrycache.statistics.expirytime = 100μs (default)
2023-06-02 20:40:34,753 [501c2811-31b4-4cb7-a883-304e4eecc84c-groupManagement] INFO  server.RaftServerConfigKeys (ConfUtils.java:logGet(46)) - raft.server.read.option = DEFAULT (default)
2023-06-02 20:40:34,754 [f3098061-e126-467d-ace5-c417dde623cb-groupManagement] INFO  storage.RaftStorage (RaftStorageImpl.java:format(96)) - Storage directory /home/runner/work/ozone/ozone/hadoop-ozone/integration-test/target/test-dir/MiniOzoneClusterImpl-5ac0c7d5-b38a-4534-ae70-3109b4fe19c6/datanode-1/data/ratis/0f9eb3eb-db45-4e61-bc28-449f8745c131 has been successfully formatted.
2023-06-02 20:40:34,754 [501c2811-31b4-4cb7-a883-304e4eecc84c-groupManagement] INFO  server.RaftServerConfigKeys (ConfUtils.java:logGet(46)) - raft.server.rpc.request.timeout = 60s (custom)
2023-06-02 20:40:34,754 [501c2811-31b4-4cb7-a883-304e4eecc84c-groupManagement] INFO  server.RaftServerConfigKeys (ConfUtils.java:logGet(46)) - raft.server.log.appender.install.snapshot.enabled = false (custom)
2023-06-02 20:40:34,754 [501c2811-31b4-4cb7-a883-304e4eecc84c-groupManagement] INFO  server.RaftServerConfigKeys (ConfUtils.java:logGet(46)) - raft.server.threadpool.server.cached = true (default)
2023-06-02 20:40:34,754 [501c2811-31b4-4cb7-a883-304e4eecc84c-groupManagement] INFO  server.RaftServerConfigKeys (ConfUtils.java:logGet(46)) - raft.server.threadpool.server.size = 0 (default)
2023-06-02 20:40:34,755 [501c2811-31b4-4cb7-a883-304e4eecc84c-groupManagement] INFO  server.RaftServerConfigKeys (ConfUtils.java:logGet(46)) - raft.server.threadpool.client.cached = true (default)
2023-06-02 20:40:34,755 [501c2811-31b4-4cb7-a883-304e4eecc84c-groupManagement] INFO  server.RaftServerConfigKeys (ConfUtils.java:logGet(46)) - raft.server.threadpool.client.size = 0 (default)
2023-06-02 20:40:34,755 [501c2811-31b4-4cb7-a883-304e4eecc84c-groupManagement] INFO  storage.RaftStorageDirectory (RaftStorageDirectoryImpl.java:analyzeStorage(137)) - The storage directory /home/runner/work/ozone/ozone/hadoop-ozone/integration-test/target/test-dir/MiniOzoneClusterImpl-5ac0c7d5-b38a-4534-ae70-3109b4fe19c6/datanode-2/data/ratis/0f9eb3eb-db45-4e61-bc28-449f8745c131 does not exist. Creating ...
2023-06-02 20:40:34,757 [f3098061-e126-467d-ace5-c417dde623cb-groupManagement] INFO  ratis.ContainerStateMachine (ContainerStateMachine.java:loadSnapshot(262)) - group-449F8745C131: The snapshot info is null. Setting the last applied indexto:(t:0, i:~)
2023-06-02 20:40:34,757 [f3098061-e126-467d-ace5-c417dde623cb-groupManagement] INFO  server.RaftServerConfigKeys (ConfUtils.java:logGet(46)) - raft.server.log.use.memory = false (default)
2023-06-02 20:40:34,757 [f3098061-e126-467d-ace5-c417dde623cb-groupManagement] INFO  server.RaftServerConfigKeys (ConfUtils.java:logGet(46)) - raft.server.log.purge.gap = 1000000 (custom)
2023-06-02 20:40:34,757 [f3098061-e126-467d-ace5-c417dde623cb-groupManagement] INFO  server.RaftServerConfigKeys (ConfUtils.java:logGet(46)) - raft.server.log.appender.buffer.byte-limit = 33554432 (custom)
2023-06-02 20:40:34,757 [f3098061-e126-467d-ace5-c417dde623cb-groupManagement] INFO  server.RaftServerConfigKeys (ConfUtils.java:logGet(46)) - raft.server.log.statemachine.data.read.timeout = 1000ms (default)
2023-06-02 20:40:34,757 [f3098061-e126-467d-ace5-c417dde623cb-groupManagement] INFO  server.RaftServerConfigKeys (ConfUtils.java:logGet(46)) - raft.server.log.purge.preservation.log.num = 0 (default)
2023-06-02 20:40:34,757 [f3098061-e126-467d-ace5-c417dde623cb-groupManagement] INFO  server.RaftServerConfigKeys (ConfUtils.java:logGet(46)) - raft.server.log.segment.size.max = 1048576 (custom)
2023-06-02 20:40:34,766 [EndpointStateMachine task thread for /0.0.0.0:15002 - 0 ] INFO  utils.DatanodeStoreCache (DatanodeStoreCache.java:addDB(66)) - Added db /home/runner/work/ozone/ozone/hadoop-ozone/integration-test/target/test-dir/MiniOzoneClusterImpl-5ac0c7d5-b38a-4534-ae70-3109b4fe19c6/datanode-13/data-0/containers/hdds/5ac0c7d5-b38a-4534-ae70-3109b4fe19c6/DS-5f3cc151-95fd-49c7-8057-36192663ba8f/container.db to cache
2023-06-02 20:40:34,767 [EndpointStateMachine task thread for /0.0.0.0:15002 - 0 ] INFO  volume.HddsVolume (HddsVolume.java:createDbStore(350)) - SchemaV3 db is created and loaded at /home/runner/work/ozone/ozone/hadoop-ozone/integration-test/target/test-dir/MiniOzoneClusterImpl-5ac0c7d5-b38a-4534-ae70-3109b4fe19c6/datanode-13/data-0/containers/hdds/5ac0c7d5-b38a-4534-ae70-3109b4fe19c6/DS-5f3cc151-95fd-49c7-8057-36192663ba8f/container.db for volume DS-5f3cc151-95fd-49c7-8057-36192663ba8f
2023-06-02 20:40:34,767 [EndpointStateMachine task thread for /0.0.0.0:15002 - 0 ] INFO  ozoneimpl.OzoneContainer (OzoneContainer.java:start(398)) - Attempting to start container services.
2023-06-02 20:40:34,767 [EndpointStateMachine task thread for /0.0.0.0:15002 - 0 ] INFO  ozoneimpl.OzoneContainer (OzoneContainer.java:startContainerScrub(314)) - Scheduled background container scanners and the on-demand container scanner have been disabled.
2023-06-02 20:40:34,768 [EndpointStateMachine task thread for /0.0.0.0:15002 - 0 ] INFO  replication.ReplicationServer (ReplicationServer.java:start(128)) - ReplicationServer is started using port 15133
2023-06-02 20:40:34,768 [EndpointStateMachine task thread for /0.0.0.0:15002 - 0 ] INFO  ratis.XceiverServerRatis (XceiverServerRatis.java:start(517)) - Starting XceiverServerRatis e2046f02-5b0f-4721-8967-351bc4e74694
2023-06-02 20:40:34,769 [EventQueue-OpenPipelineForHealthyPipelineSafeModeRule] INFO  safemode.SCMSafeModeManager (HealthyPipelineSafeModeRule.java:process(137)) - SCM in safe mode. Healthy pipelines reported count is 0, required healthy pipeline reported count is 1
2023-06-02 20:40:34,773 [EndpointStateMachine task thread for /0.0.0.0:15002 - 0 ] INFO  server.RaftServer (RaftServerProxy.java:startImpl(400)) - e2046f02-5b0f-4721-8967-351bc4e74694: start RPC server
2023-06-02 20:40:34,773 [501c2811-31b4-4cb7-a883-304e4eecc84c-groupManagement] INFO  storage.RaftStorageDirectory (RaftStorageDirectoryImpl.java:tryLock(231)) - Lock on /home/runner/work/ozone/ozone/hadoop-ozone/integration-test/target/test-dir/MiniOzoneClusterImpl-5ac0c7d5-b38a-4534-ae70-3109b4fe19c6/datanode-2/data/ratis/0f9eb3eb-db45-4e61-bc28-449f8745c131/in_use.lock acquired by nodename 65175@fv-az1239-288
2023-06-02 20:40:34,775 [501c2811-31b4-4cb7-a883-304e4eecc84c-groupManagement] INFO  storage.RaftStorage (RaftStorageImpl.java:format(96)) - Storage directory /home/runner/work/ozone/ozone/hadoop-ozone/integration-test/target/test-dir/MiniOzoneClusterImpl-5ac0c7d5-b38a-4534-ae70-3109b4fe19c6/datanode-2/data/ratis/0f9eb3eb-db45-4e61-bc28-449f8745c131 has been successfully formatted.
2023-06-02 20:40:34,775 [501c2811-31b4-4cb7-a883-304e4eecc84c-groupManagement] INFO  ratis.ContainerStateMachine (ContainerStateMachine.java:loadSnapshot(262)) - group-449F8745C131: The snapshot info is null. Setting the last applied indexto:(t:0, i:~)
2023-06-02 20:40:34,775 [501c2811-31b4-4cb7-a883-304e4eecc84c-groupManagement] INFO  server.RaftServerConfigKeys (ConfUtils.java:logGet(46)) - raft.server.log.use.memory = false (default)
2023-06-02 20:40:34,776 [501c2811-31b4-4cb7-a883-304e4eecc84c-groupManagement] INFO  server.RaftServerConfigKeys (ConfUtils.java:logGet(46)) - raft.server.log.purge.gap = 1000000 (custom)
2023-06-02 20:40:34,776 [501c2811-31b4-4cb7-a883-304e4eecc84c-groupManagement] INFO  server.RaftServerConfigKeys (ConfUtils.java:logGet(46)) - raft.server.log.appender.buffer.byte-limit = 33554432 (custom)
2023-06-02 20:40:34,776 [501c2811-31b4-4cb7-a883-304e4eecc84c-groupManagement] INFO  server.RaftServerConfigKeys (ConfUtils.java:logGet(46)) - raft.server.log.statemachine.data.read.timeout = 1000ms (default)
2023-06-02 20:40:34,776 [501c2811-31b4-4cb7-a883-304e4eecc84c-groupManagement] INFO  server.RaftServerConfigKeys (ConfUtils.java:logGet(46)) - raft.server.log.purge.preservation.log.num = 0 (default)
2023-06-02 20:40:34,776 [501c2811-31b4-4cb7-a883-304e4eecc84c-groupManagement] INFO  server.RaftServerConfigKeys (ConfUtils.java:logGet(46)) - raft.server.log.segment.size.max = 1048576 (custom)
2023-06-02 20:40:34,781 [EndpointStateMachine task thread for /0.0.0.0:15002 - 0 ] INFO  server.GrpcService (GrpcService.java:startImpl(302)) - e2046f02-5b0f-4721-8967-351bc4e74694: GrpcService started, listening on 15129
2023-06-02 20:40:34,783 [f3098061-e126-467d-ace5-c417dde623cb-groupManagement] INFO  server.RaftServerConfigKeys (ConfUtils.java:logGet(46)) - raft.server.log.segment.cache.num.max = 2 (custom)
2023-06-02 20:40:34,783 [f3098061-e126-467d-ace5-c417dde623cb-groupManagement] INFO  server.RaftServerConfigKeys (ConfUtils.java:logGet(46)) - raft.server.log.segment.cache.size.max = 200MB (=209715200) (default)
2023-06-02 20:40:34,783 [f3098061-e126-467d-ace5-c417dde623cb-groupManagement] INFO  server.RaftServerConfigKeys (ConfUtils.java:logGet(46)) - raft.server.log.appender.buffer.byte-limit = 33554432 (custom)
2023-06-02 20:40:34,783 [f3098061-e126-467d-ace5-c417dde623cb-groupManagement] INFO  segmented.SegmentedRaftLogWorker (SegmentedRaftLogWorker.java:<init>(188)) - new f3098061-e126-467d-ace5-c417dde623cb@group-449F8745C131-SegmentedRaftLogWorker for RaftStorageImpl:Storage Directory /home/runner/work/ozone/ozone/hadoop-ozone/integration-test/target/test-dir/MiniOzoneClusterImpl-5ac0c7d5-b38a-4534-ae70-3109b4fe19c6/datanode-1/data/ratis/0f9eb3eb-db45-4e61-bc28-449f8745c131
2023-06-02 20:40:34,783 [f3098061-e126-467d-ace5-c417dde623cb-groupManagement] INFO  server.RaftServerConfigKeys (ConfUtils.java:logGet(46)) - raft.server.log.queue.byte-limit = 4294967296 (custom)
2023-06-02 20:40:34,783 [f3098061-e126-467d-ace5-c417dde623cb-groupManagement] INFO  server.RaftServerConfigKeys (ConfUtils.java:logGet(46)) - raft.server.log.queue.element-limit = 1024 (custom)
2023-06-02 20:40:34,783 [f3098061-e126-467d-ace5-c417dde623cb-groupManagement] INFO  server.RaftServerConfigKeys (ConfUtils.java:logGet(46)) - raft.server.log.segment.size.max = 1048576 (custom)
2023-06-02 20:40:34,783 [f3098061-e126-467d-ace5-c417dde623cb-groupManagement] INFO  server.RaftServerConfigKeys (ConfUtils.java:logGet(46)) - raft.server.log.preallocated.size = 16384 (custom)
2023-06-02 20:40:34,783 [f3098061-e126-467d-ace5-c417dde623cb-groupManagement] INFO  server.RaftServerConfigKeys (ConfUtils.java:logGet(46)) - raft.server.log.force.sync.num = 128 (default)
2023-06-02 20:40:34,783 [f3098061-e126-467d-ace5-c417dde623cb-groupManagement] INFO  server.RaftServerConfigKeys (ConfUtils.java:logGet(46)) - raft.server.log.statemachine.data.sync = true (default)
2023-06-02 20:40:34,783 [f3098061-e126-467d-ace5-c417dde623cb-groupManagement] INFO  server.RaftServerConfigKeys (ConfUtils.java:logGet(46)) - raft.server.log.statemachine.data.sync.timeout = 10s (default)
2023-06-02 20:40:34,784 [f3098061-e126-467d-ace5-c417dde623cb-groupManagement] INFO  server.RaftServerConfigKeys (ConfUtils.java:logGet(46)) - raft.server.log.statemachine.data.sync.timeout.retry = -1 (default)
2023-06-02 20:40:34,786 [EventQueue-OpenPipelineForHealthyPipelineSafeModeRule] INFO  safemode.SCMSafeModeManager (HealthyPipelineSafeModeRule.java:process(137)) - SCM in safe mode. Healthy pipelines reported count is 0, required healthy pipeline reported count is 1
2023-06-02 20:40:34,786 [f3098061-e126-467d-ace5-c417dde623cb-groupManagement] INFO  server.RaftServerConfigKeys (ConfUtils.java:logGet(46)) - raft.server.log.write.buffer.size = 1048576 (custom)
2023-06-02 20:40:34,787 [f3098061-e126-467d-ace5-c417dde623cb-groupManagement] INFO  server.RaftServerConfigKeys (ConfUtils.java:logGet(46)) - raft.server.log.appender.buffer.byte-limit = 33554432 (custom)
2023-06-02 20:40:34,789 [501c2811-31b4-4cb7-a883-304e4eecc84c-groupManagement] INFO  server.RaftServerConfigKeys (ConfUtils.java:logGet(46)) - raft.server.log.segment.cache.num.max = 2 (custom)
2023-06-02 20:40:34,789 [501c2811-31b4-4cb7-a883-304e4eecc84c-groupManagement] INFO  server.RaftServerConfigKeys (ConfUtils.java:logGet(46)) - raft.server.log.segment.cache.size.max = 200MB (=209715200) (default)
2023-06-02 20:40:34,789 [501c2811-31b4-4cb7-a883-304e4eecc84c-groupManagement] INFO  server.RaftServerConfigKeys (ConfUtils.java:logGet(46)) - raft.server.log.appender.buffer.byte-limit = 33554432 (custom)
2023-06-02 20:40:34,789 [501c2811-31b4-4cb7-a883-304e4eecc84c-groupManagement] INFO  segmented.SegmentedRaftLogWorker (SegmentedRaftLogWorker.java:<init>(188)) - new 501c2811-31b4-4cb7-a883-304e4eecc84c@group-449F8745C131-SegmentedRaftLogWorker for RaftStorageImpl:Storage Directory /home/runner/work/ozone/ozone/hadoop-ozone/integration-test/target/test-dir/MiniOzoneClusterImpl-5ac0c7d5-b38a-4534-ae70-3109b4fe19c6/datanode-2/data/ratis/0f9eb3eb-db45-4e61-bc28-449f8745c131
2023-06-02 20:40:34,789 [501c2811-31b4-4cb7-a883-304e4eecc84c-groupManagement] INFO  server.RaftServerConfigKeys (ConfUtils.java:logGet(46)) - raft.server.log.queue.byte-limit = 4294967296 (custom)
2023-06-02 20:40:34,789 [501c2811-31b4-4cb7-a883-304e4eecc84c-groupManagement] INFO  server.RaftServerConfigKeys (ConfUtils.java:logGet(46)) - raft.server.log.queue.element-limit = 1024 (custom)
2023-06-02 20:40:34,789 [501c2811-31b4-4cb7-a883-304e4eecc84c-groupManagement] INFO  server.RaftServerConfigKeys (ConfUtils.java:logGet(46)) - raft.server.log.segment.size.max = 1048576 (custom)
2023-06-02 20:40:34,789 [501c2811-31b4-4cb7-a883-304e4eecc84c-groupManagement] INFO  server.RaftServerConfigKeys (ConfUtils.java:logGet(46)) - raft.server.log.preallocated.size = 16384 (custom)
2023-06-02 20:40:34,789 [501c2811-31b4-4cb7-a883-304e4eecc84c-groupManagement] INFO  server.RaftServerConfigKeys (ConfUtils.java:logGet(46)) - raft.server.log.force.sync.num = 128 (default)
2023-06-02 20:40:34,789 [501c2811-31b4-4cb7-a883-304e4eecc84c-groupManagement] INFO  server.RaftServerConfigKeys (ConfUtils.java:logGet(46)) - raft.server.log.statemachine.data.sync = true (default)
2023-06-02 20:40:34,789 [501c2811-31b4-4cb7-a883-304e4eecc84c-groupManagement] INFO  server.RaftServerConfigKeys (ConfUtils.java:logGet(46)) - raft.server.log.statemachine.data.sync.timeout = 10s (default)
2023-06-02 20:40:34,789 [501c2811-31b4-4cb7-a883-304e4eecc84c-groupManagement] INFO  server.RaftServerConfigKeys (ConfUtils.java:logGet(46)) - raft.server.log.statemachine.data.sync.timeout.retry = -1 (default)
2023-06-02 20:40:34,791 [501c2811-31b4-4cb7-a883-304e4eecc84c-groupManagement] INFO  server.RaftServerConfigKeys (ConfUtils.java:logGet(46)) - raft.server.log.write.buffer.size = 1048576 (custom)
2023-06-02 20:40:34,795 [EndpointStateMachine task thread for /0.0.0.0:15002 - 0 ] INFO  server.GrpcService (GrpcService.java:startImpl(302)) - e2046f02-5b0f-4721-8967-351bc4e74694: GrpcService started, listening on 15131
2023-06-02 20:40:34,795 [EndpointStateMachine task thread for /0.0.0.0:15002 - 0 ] INFO  server.GrpcService (GrpcService.java:startImpl(302)) - e2046f02-5b0f-4721-8967-351bc4e74694: GrpcService started, listening on 15130
2023-06-02 20:40:34,799 [501c2811-31b4-4cb7-a883-304e4eecc84c-groupManagement] INFO  server.RaftServerConfigKeys (ConfUtils.java:logGet(46)) - raft.server.log.appender.buffer.byte-limit = 33554432 (custom)
2023-06-02 20:40:34,801 [EndpointStateMachine task thread for /0.0.0.0:15002 - 0 ] INFO  ratis.XceiverServerRatis (XceiverServerRatis.java:getRealPort(543)) - XceiverServerRatis e2046f02-5b0f-4721-8967-351bc4e74694 is started using port 15129 for RATIS
2023-06-02 20:40:34,801 [EndpointStateMachine task thread for /0.0.0.0:15002 - 0 ] INFO  ratis.XceiverServerRatis (XceiverServerRatis.java:getRealPort(543)) - XceiverServerRatis e2046f02-5b0f-4721-8967-351bc4e74694 is started using port 15130 for RATIS_ADMIN
2023-06-02 20:40:34,801 [EndpointStateMachine task thread for /0.0.0.0:15002 - 0 ] INFO  ratis.XceiverServerRatis (XceiverServerRatis.java:getRealPort(543)) - XceiverServerRatis e2046f02-5b0f-4721-8967-351bc4e74694 is started using port 15131 for RATIS_SERVER
2023-06-02 20:40:34,801 [JvmPauseMonitor15] INFO  util.JvmPauseMonitor (JvmPauseMonitor.java:run(103)) - JvmPauseMonitor-e2046f02-5b0f-4721-8967-351bc4e74694: Started
2023-06-02 20:40:34,801 [EndpointStateMachine task thread for /0.0.0.0:15002 - 0 ] INFO  ratis.XceiverServerRatis (XceiverServerRatis.java:getRealPort(543)) - XceiverServerRatis e2046f02-5b0f-4721-8967-351bc4e74694 is started using port 15132 for RATIS_DATASTREAM
2023-06-02 20:40:34,802 [BlockDeletingService#0] INFO  interfaces.ContainerDeletionChoosingPolicyTemplate (ContainerDeletionChoosingPolicyTemplate.java:chooseContainerForBlockDeletion(83)) - Chosen 0/5000 blocks from 0 candidate containers.
2023-06-02 20:40:34,830 [501c2811-31b4-4cb7-a883-304e4eecc84c-groupManagement] INFO  server.RaftServerConfigKeys (ConfUtils.java:logGet(46)) - raft.server.log.unsafe-flush.enabled = false (default)
2023-06-02 20:40:34,830 [501c2811-31b4-4cb7-a883-304e4eecc84c-groupManagement] INFO  server.RaftServerConfigKeys (ConfUtils.java:logGet(46)) - raft.server.log.async-flush.enabled = false (default)
2023-06-02 20:40:34,830 [501c2811-31b4-4cb7-a883-304e4eecc84c-groupManagement] INFO  server.RaftServerConfigKeys (ConfUtils.java:logGet(46)) - raft.server.log.statemachine.data.caching.enabled = true (custom)
2023-06-02 20:40:34,831 [f3098061-e126-467d-ace5-c417dde623cb-groupManagement] INFO  server.RaftServerConfigKeys (ConfUtils.java:logGet(46)) - raft.server.log.unsafe-flush.enabled = false (default)
2023-06-02 20:40:34,832 [f3098061-e126-467d-ace5-c417dde623cb-groupManagement] INFO  server.RaftServerConfigKeys (ConfUtils.java:logGet(46)) - raft.server.log.async-flush.enabled = false (default)
2023-06-02 20:40:34,832 [f3098061-e126-467d-ace5-c417dde623cb-groupManagement] INFO  server.RaftServerConfigKeys (ConfUtils.java:logGet(46)) - raft.server.log.statemachine.data.caching.enabled = true (custom)
2023-06-02 20:40:34,832 [f3098061-e126-467d-ace5-c417dde623cb-groupManagement] INFO  segmented.SegmentedRaftLogWorker (SegmentedRaftLogWorker.java:lambda$new$0(135)) - f3098061-e126-467d-ace5-c417dde623cb@group-449F8745C131-SegmentedRaftLogWorker: flushIndex: setUnconditionally 0 -> -1
2023-06-02 20:40:34,832 [f3098061-e126-467d-ace5-c417dde623cb-groupManagement] INFO  segmented.SegmentedRaftLogWorker (SegmentedRaftLogWorker.java:lambda$new$0(135)) - f3098061-e126-467d-ace5-c417dde623cb@group-449F8745C131-SegmentedRaftLogWorker: safeCacheEvictIndex: setUnconditionally 0 -> -1
2023-06-02 20:40:34,833 [f3098061-e126-467d-ace5-c417dde623cb-groupManagement] INFO  server.RaftServer$Division (RaftServerImpl.java:start(342)) - f3098061-e126-467d-ace5-c417dde623cb@group-449F8745C131: start as a follower, conf=-1: peers:[559beb36-7c11-4841-9a8b-e14375a607db|rpc:10.1.0.31:15014|admin:10.1.0.31:15013|client:10.1.0.31:15012|dataStream:10.1.0.31:15015|priority:1|startupRole:FOLLOWER, f3098061-e126-467d-ace5-c417dde623cb|rpc:10.1.0.31:15023|admin:10.1.0.31:15022|client:10.1.0.31:15021|dataStream:10.1.0.31:15024|priority:0|startupRole:FOLLOWER, 501c2811-31b4-4cb7-a883-304e4eecc84c|rpc:10.1.0.31:15032|admin:10.1.0.31:15031|client:10.1.0.31:15030|dataStream:10.1.0.31:15033|priority:0|startupRole:FOLLOWER]|listeners:[], old=null
2023-06-02 20:40:34,833 [f3098061-e126-467d-ace5-c417dde623cb-groupManagement] INFO  server.RaftServer$Division (RaftServerImpl.java:setRole(329)) - f3098061-e126-467d-ace5-c417dde623cb@group-449F8745C131: changes role from      null to FOLLOWER at term 0 for startAsFollower
2023-06-02 20:40:34,833 [f3098061-e126-467d-ace5-c417dde623cb-groupManagement] INFO  impl.RoleInfo (RoleInfo.java:updateAndGet(139)) - f3098061-e126-467d-ace5-c417dde623cb: start f3098061-e126-467d-ace5-c417dde623cb@group-449F8745C131-FollowerState
2023-06-02 20:40:34,833 [501c2811-31b4-4cb7-a883-304e4eecc84c-groupManagement] INFO  segmented.SegmentedRaftLogWorker (SegmentedRaftLogWorker.java:lambda$new$0(135)) - 501c2811-31b4-4cb7-a883-304e4eecc84c@group-449F8745C131-SegmentedRaftLogWorker: flushIndex: setUnconditionally 0 -> -1
2023-06-02 20:40:34,848 [501c2811-31b4-4cb7-a883-304e4eecc84c-groupManagement] INFO  segmented.SegmentedRaftLogWorker (SegmentedRaftLogWorker.java:lambda$new$0(135)) - 501c2811-31b4-4cb7-a883-304e4eecc84c@group-449F8745C131-SegmentedRaftLogWorker: safeCacheEvictIndex: setUnconditionally 0 -> -1
2023-06-02 20:40:34,834 [f3098061-e126-467d-ace5-c417dde623cb@group-449F8745C131-FollowerState] INFO  server.RaftServerConfigKeys (ConfUtils.java:logFallback(53)) - raft.server.rpc.first-election.timeout.min = 5s (fallback to raft.server.rpc.timeout.min)
2023-06-02 20:40:34,858 [f3098061-e126-467d-ace5-c417dde623cb@group-449F8745C131-FollowerState] INFO  server.RaftServerConfigKeys (ConfUtils.java:logFallback(53)) - raft.server.rpc.first-election.timeout.max = 5200ms (fallback to raft.server.rpc.timeout.max)
2023-06-02 20:40:34,834 [f3098061-e126-467d-ace5-c417dde623cb-groupManagement] INFO  util.JmxRegister (JmxRegister.java:tryRegister(44)) - Successfully registered JMX Bean with object name Ratis:service=RaftServer,group=group-449F8745C131,id=f3098061-e126-467d-ace5-c417dde623cb
2023-06-02 20:40:34,859 [f3098061-e126-467d-ace5-c417dde623cb-groupManagement] INFO  server.RaftServerConfigKeys (ConfUtils.java:logGet(46)) - raft.server.snapshot.auto.trigger.enabled = true (custom)
2023-06-02 20:40:34,859 [f3098061-e126-467d-ace5-c417dde623cb-groupManagement] INFO  server.RaftServerConfigKeys (ConfUtils.java:logGet(46)) - raft.server.snapshot.auto.trigger.threshold = 10000 (custom)
2023-06-02 20:40:34,859 [f3098061-e126-467d-ace5-c417dde623cb-groupManagement] INFO  server.RaftServerConfigKeys (ConfUtils.java:logGet(46)) - raft.server.snapshot.retention.file.num = 5 (custom)
2023-06-02 20:40:34,859 [f3098061-e126-467d-ace5-c417dde623cb-groupManagement] INFO  server.RaftServerConfigKeys (ConfUtils.java:logGet(46)) - raft.server.log.purge.upto.snapshot.index = false (default)
2023-06-02 20:40:34,859 [4daf1ed2-e43c-4bda-878b-63f1449da6f8-groupManagement] INFO  server.RaftServer$Division (RaftServerImpl.java:<init>(198)) - 4daf1ed2-e43c-4bda-878b-63f1449da6f8: new RaftServerImpl for group-5F6DC9BED5BC:[4daf1ed2-e43c-4bda-878b-63f1449da6f8|rpc:10.1.0.31:15041|admin:10.1.0.31:15040|client:10.1.0.31:15039|dataStream:10.1.0.31:15042|priority:1|startupRole:FOLLOWER] with ContainerStateMachine:uninitialized
2023-06-02 20:40:34,852 [501c2811-31b4-4cb7-a883-304e4eecc84c-groupManagement] INFO  server.RaftServer$Division (RaftServerImpl.java:start(342)) - 501c2811-31b4-4cb7-a883-304e4eecc84c@group-449F8745C131: start as a follower, conf=-1: peers:[559beb36-7c11-4841-9a8b-e14375a607db|rpc:10.1.0.31:15014|admin:10.1.0.31:15013|client:10.1.0.31:15012|dataStream:10.1.0.31:15015|priority:1|startupRole:FOLLOWER, f3098061-e126-467d-ace5-c417dde623cb|rpc:10.1.0.31:15023|admin:10.1.0.31:15022|client:10.1.0.31:15021|dataStream:10.1.0.31:15024|priority:0|startupRole:FOLLOWER, 501c2811-31b4-4cb7-a883-304e4eecc84c|rpc:10.1.0.31:15032|admin:10.1.0.31:15031|client:10.1.0.31:15030|dataStream:10.1.0.31:15033|priority:0|startupRole:FOLLOWER]|listeners:[], old=null
2023-06-02 20:40:34,860 [501c2811-31b4-4cb7-a883-304e4eecc84c-groupManagement] INFO  server.RaftServer$Division (RaftServerImpl.java:setRole(329)) - 501c2811-31b4-4cb7-a883-304e4eecc84c@group-449F8745C131: changes role from      null to FOLLOWER at term 0 for startAsFollower
2023-06-02 20:40:34,848 [PipelineCommandHandlerThread-0] INFO  server.RaftServer (RaftServerProxy.java:addNew(98)) - 4daf1ed2-e43c-4bda-878b-63f1449da6f8: addNew group-5F6DC9BED5BC:[4daf1ed2-e43c-4bda-878b-63f1449da6f8|rpc:10.1.0.31:15041|admin:10.1.0.31:15040|client:10.1.0.31:15039|dataStream:10.1.0.31:15042|priority:1|startupRole:FOLLOWER] returns group-5F6DC9BED5BC:java.util.concurrent.CompletableFuture@7a77eb66[Not completed]
2023-06-02 20:40:34,862 [501c2811-31b4-4cb7-a883-304e4eecc84c-groupManagement] INFO  impl.RoleInfo (RoleInfo.java:updateAndGet(139)) - 501c2811-31b4-4cb7-a883-304e4eecc84c: start 501c2811-31b4-4cb7-a883-304e4eecc84c@group-449F8745C131-FollowerState
2023-06-02 20:40:34,860 [PipelineCommandHandlerThread-0] INFO  ratis.XceiverServerRatis (XceiverServerRatis.java:addGroup(804)) - Created group PipelineID=0f9eb3eb-db45-4e61-bc28-449f8745c131
2023-06-02 20:40:34,860 [4daf1ed2-e43c-4bda-878b-63f1449da6f8-groupManagement] INFO  server.RaftServerConfigKeys (ConfUtils.java:logGet(46)) - raft.server.rpc.timeout.min = 5s (custom)
2023-06-02 20:40:34,864 [4daf1ed2-e43c-4bda-878b-63f1449da6f8-groupManagement] INFO  server.RaftServerConfigKeys (ConfUtils.java:logGet(46)) - raft.server.rpc.timeout.max = 5200ms (custom)
2023-06-02 20:40:34,864 [4daf1ed2-e43c-4bda-878b-63f1449da6f8-groupManagement] INFO  server.RaftServerConfigKeys (ConfUtils.java:logGet(46)) - raft.server.rpc.sleep.time = 25ms (default)
2023-06-02 20:40:34,864 [4daf1ed2-e43c-4bda-878b-63f1449da6f8-groupManagement] INFO  server.RaftServerConfigKeys (ConfUtils.java:logGet(46)) - raft.server.rpc.slowness.timeout = 300s (custom)
2023-06-02 20:40:34,864 [4daf1ed2-e43c-4bda-878b-63f1449da6f8-groupManagement] INFO  server.RaftServerConfigKeys (ConfUtils.java:logGet(46)) - raft.server.leaderelection.leader.step-down.wait-time = 10s (default)
2023-06-02 20:40:34,864 [4daf1ed2-e43c-4bda-878b-63f1449da6f8-groupManagement] INFO  server.RaftServerConfigKeys (ConfUtils.java:logGet(46)) - raft.server.sleep.deviation.threshold = 300ms (default)
2023-06-02 20:40:34,864 [4daf1ed2-e43c-4bda-878b-63f1449da6f8-groupManagement] INFO  server.RaftServer$Division (ServerState.java:<init>(120)) - 4daf1ed2-e43c-4bda-878b-63f1449da6f8@group-5F6DC9BED5BC: ConfigurationManager, init=-1: peers:[4daf1ed2-e43c-4bda-878b-63f1449da6f8|rpc:10.1.0.31:15041|admin:10.1.0.31:15040|client:10.1.0.31:15039|dataStream:10.1.0.31:15042|priority:1|startupRole:FOLLOWER]|listeners:[], old=null, confs=<EMPTY_MAP>
2023-06-02 20:40:34,864 [4daf1ed2-e43c-4bda-878b-63f1449da6f8-groupManagement] INFO  server.RaftServerConfigKeys (ConfUtils.java:logGet(46)) - raft.server.storage.dir = [/home/runner/work/ozone/ozone/hadoop-ozone/integration-test/target/test-dir/MiniOzoneClusterImpl-5ac0c7d5-b38a-4534-ae70-3109b4fe19c6/datanode-3/data/ratis] (custom)
2023-06-02 20:40:34,864 [4daf1ed2-e43c-4bda-878b-63f1449da6f8-groupManagement] INFO  server.RaftServerConfigKeys (ConfUtils.java:logGet(46)) - raft.server.log.corruption.policy = EXCEPTION (default)
2023-06-02 20:40:34,864 [4daf1ed2-e43c-4bda-878b-63f1449da6f8-groupManagement] INFO  server.RaftServerConfigKeys (ConfUtils.java:logGet(46)) - raft.server.storage.free-space.min = 0MB (=0) (default)
2023-06-02 20:40:34,864 [4daf1ed2-e43c-4bda-878b-63f1449da6f8-groupManagement] INFO  server.RaftServerConfigKeys (ConfUtils.java:logGet(46)) - raft.server.notification.no-leader.timeout = 300s (custom)
2023-06-02 20:40:34,865 [4daf1ed2-e43c-4bda-878b-63f1449da6f8-groupManagement] INFO  server.RaftServerConfigKeys (ConfUtils.java:logGet(46)) - raft.server.read.timeout = 10s (default)
2023-06-02 20:40:34,865 [4daf1ed2-e43c-4bda-878b-63f1449da6f8-groupManagement] INFO  server.RaftServerConfigKeys (ConfUtils.java:logGet(46)) - raft.server.retrycache.expirytime = 600000ms (custom)
2023-06-02 20:40:34,865 [4daf1ed2-e43c-4bda-878b-63f1449da6f8-groupManagement] INFO  server.RaftServerConfigKeys (ConfUtils.java:logGet(46)) - raft.server.retrycache.statistics.expirytime = 100μs (default)
2023-06-02 20:40:34,865 [4daf1ed2-e43c-4bda-878b-63f1449da6f8-groupManagement] INFO  server.RaftServerConfigKeys (ConfUtils.java:logGet(46)) - raft.server.read.option = DEFAULT (default)
2023-06-02 20:40:34,867 [4daf1ed2-e43c-4bda-878b-63f1449da6f8-groupManagement] INFO  server.RaftServerConfigKeys (ConfUtils.java:logGet(46)) - raft.server.rpc.request.timeout = 60s (custom)
2023-06-02 20:40:34,867 [4daf1ed2-e43c-4bda-878b-63f1449da6f8-groupManagement] INFO  server.RaftServerConfigKeys (ConfUtils.java:logGet(46)) - raft.server.log.appender.install.snapshot.enabled = false (custom)
2023-06-02 20:40:34,867 [4daf1ed2-e43c-4bda-878b-63f1449da6f8-groupManagement] INFO  server.RaftServerConfigKeys (ConfUtils.java:logGet(46)) - raft.server.threadpool.server.cached = true (default)
2023-06-02 20:40:34,867 [4daf1ed2-e43c-4bda-878b-63f1449da6f8-groupManagement] INFO  server.RaftServerConfigKeys (ConfUtils.java:logGet(46)) - raft.server.threadpool.server.size = 0 (default)
2023-06-02 20:40:34,867 [4daf1ed2-e43c-4bda-878b-63f1449da6f8-groupManagement] INFO  server.RaftServerConfigKeys (ConfUtils.java:logGet(46)) - raft.server.threadpool.client.cached = true (default)
2023-06-02 20:40:34,867 [4daf1ed2-e43c-4bda-878b-63f1449da6f8-groupManagement] INFO  server.RaftServerConfigKeys (ConfUtils.java:logGet(46)) - raft.server.threadpool.client.size = 0 (default)
2023-06-02 20:40:34,867 [4daf1ed2-e43c-4bda-878b-63f1449da6f8-groupManagement] INFO  storage.RaftStorageDirectory (RaftStorageDirectoryImpl.java:analyzeStorage(137)) - The storage directory /home/runner/work/ozone/ozone/hadoop-ozone/integration-test/target/test-dir/MiniOzoneClusterImpl-5ac0c7d5-b38a-4534-ae70-3109b4fe19c6/datanode-3/data/ratis/362dd4a8-6fc9-4f6b-be91-5f6dc9bed5bc does not exist. Creating ...
2023-06-02 20:40:34,868 [501c2811-31b4-4cb7-a883-304e4eecc84c-groupManagement] INFO  util.JmxRegister (JmxRegister.java:tryRegister(44)) - Successfully registered JMX Bean with object name Ratis:service=RaftServer,group=group-449F8745C131,id=501c2811-31b4-4cb7-a883-304e4eecc84c
2023-06-02 20:40:34,868 [501c2811-31b4-4cb7-a883-304e4eecc84c-groupManagement] INFO  server.RaftServerConfigKeys (ConfUtils.java:logGet(46)) - raft.server.snapshot.auto.trigger.enabled = true (custom)
2023-06-02 20:40:34,868 [501c2811-31b4-4cb7-a883-304e4eecc84c-groupManagement] INFO  server.RaftServerConfigKeys (ConfUtils.java:logGet(46)) - raft.server.snapshot.auto.trigger.threshold = 10000 (custom)
2023-06-02 20:40:34,868 [501c2811-31b4-4cb7-a883-304e4eecc84c-groupManagement] INFO  server.RaftServerConfigKeys (ConfUtils.java:logGet(46)) - raft.server.snapshot.retention.file.num = 5 (custom)
2023-06-02 20:40:34,868 [501c2811-31b4-4cb7-a883-304e4eecc84c-groupManagement] INFO  server.RaftServerConfigKeys (ConfUtils.java:logGet(46)) - raft.server.log.purge.upto.snapshot.index = false (default)
2023-06-02 20:40:34,869 [501c2811-31b4-4cb7-a883-304e4eecc84c@group-449F8745C131-FollowerState] INFO  server.RaftServerConfigKeys (ConfUtils.java:logFallback(53)) - raft.server.rpc.first-election.timeout.min = 5s (fallback to raft.server.rpc.timeout.min)
2023-06-02 20:40:34,869 [501c2811-31b4-4cb7-a883-304e4eecc84c@group-449F8745C131-FollowerState] INFO  server.RaftServerConfigKeys (ConfUtils.java:logFallback(53)) - raft.server.rpc.first-election.timeout.max = 5200ms (fallback to raft.server.rpc.timeout.max)
2023-06-02 20:40:34,871 [PipelineCommandHandlerThread-0] INFO  ratis.XceiverServerRatis (XceiverServerRatis.java:addGroup(804)) - Created group PipelineID=0f9eb3eb-db45-4e61-bc28-449f8745c131
2023-06-02 20:40:34,879 [4daf1ed2-e43c-4bda-878b-63f1449da6f8-groupManagement] INFO  storage.RaftStorageDirectory (RaftStorageDirectoryImpl.java:tryLock(231)) - Lock on /home/runner/work/ozone/ozone/hadoop-ozone/integration-test/target/test-dir/MiniOzoneClusterImpl-5ac0c7d5-b38a-4534-ae70-3109b4fe19c6/datanode-3/data/ratis/362dd4a8-6fc9-4f6b-be91-5f6dc9bed5bc/in_use.lock acquired by nodename 65175@fv-az1239-288
2023-06-02 20:40:34,893 [4daf1ed2-e43c-4bda-878b-63f1449da6f8-groupManagement] INFO  storage.RaftStorage (RaftStorageImpl.java:format(96)) - Storage directory /home/runner/work/ozone/ozone/hadoop-ozone/integration-test/target/test-dir/MiniOzoneClusterImpl-5ac0c7d5-b38a-4534-ae70-3109b4fe19c6/datanode-3/data/ratis/362dd4a8-6fc9-4f6b-be91-5f6dc9bed5bc has been successfully formatted.
2023-06-02 20:40:34,899 [4daf1ed2-e43c-4bda-878b-63f1449da6f8-groupManagement] INFO  ratis.ContainerStateMachine (ContainerStateMachine.java:loadSnapshot(262)) - group-5F6DC9BED5BC: The snapshot info is null. Setting the last applied indexto:(t:0, i:~)
2023-06-02 20:40:34,899 [4daf1ed2-e43c-4bda-878b-63f1449da6f8-groupManagement] INFO  server.RaftServerConfigKeys (ConfUtils.java:logGet(46)) - raft.server.log.use.memory = false (default)
2023-06-02 20:40:34,899 [4daf1ed2-e43c-4bda-878b-63f1449da6f8-groupManagement] INFO  server.RaftServerConfigKeys (ConfUtils.java:logGet(46)) - raft.server.log.purge.gap = 1000000 (custom)
2023-06-02 20:40:34,899 [4daf1ed2-e43c-4bda-878b-63f1449da6f8-groupManagement] INFO  server.RaftServerConfigKeys (ConfUtils.java:logGet(46)) - raft.server.log.appender.buffer.byte-limit = 33554432 (custom)
2023-06-02 20:40:34,899 [4daf1ed2-e43c-4bda-878b-63f1449da6f8-groupManagement] INFO  server.RaftServerConfigKeys (ConfUtils.java:logGet(46)) - raft.server.log.statemachine.data.read.timeout = 1000ms (default)
2023-06-02 20:40:34,899 [4daf1ed2-e43c-4bda-878b-63f1449da6f8-groupManagement] INFO  server.RaftServerConfigKeys (ConfUtils.java:logGet(46)) - raft.server.log.purge.preservation.log.num = 0 (default)
2023-06-02 20:40:34,899 [4daf1ed2-e43c-4bda-878b-63f1449da6f8-groupManagement] INFO  server.RaftServerConfigKeys (ConfUtils.java:logGet(46)) - raft.server.log.segment.size.max = 1048576 (custom)
2023-06-02 20:40:34,900 [4daf1ed2-e43c-4bda-878b-63f1449da6f8-groupManagement] INFO  server.RaftServerConfigKeys (ConfUtils.java:logGet(46)) - raft.server.log.segment.cache.num.max = 2 (custom)
2023-06-02 20:40:34,900 [4daf1ed2-e43c-4bda-878b-63f1449da6f8-groupManagement] INFO  server.RaftServerConfigKeys (ConfUtils.java:logGet(46)) - raft.server.log.segment.cache.size.max = 200MB (=209715200) (default)
2023-06-02 20:40:34,900 [4daf1ed2-e43c-4bda-878b-63f1449da6f8-groupManagement] INFO  server.RaftServerConfigKeys (ConfUtils.java:logGet(46)) - raft.server.log.appender.buffer.byte-limit = 33554432 (custom)
2023-06-02 20:40:34,900 [4daf1ed2-e43c-4bda-878b-63f1449da6f8-groupManagement] INFO  segmented.SegmentedRaftLogWorker (SegmentedRaftLogWorker.java:<init>(188)) - new 4daf1ed2-e43c-4bda-878b-63f1449da6f8@group-5F6DC9BED5BC-SegmentedRaftLogWorker for RaftStorageImpl:Storage Directory /home/runner/work/ozone/ozone/hadoop-ozone/integration-test/target/test-dir/MiniOzoneClusterImpl-5ac0c7d5-b38a-4534-ae70-3109b4fe19c6/datanode-3/data/ratis/362dd4a8-6fc9-4f6b-be91-5f6dc9bed5bc
2023-06-02 20:40:34,900 [4daf1ed2-e43c-4bda-878b-63f1449da6f8-groupManagement] INFO  server.RaftServerConfigKeys (ConfUtils.java:logGet(46)) - raft.server.log.queue.byte-limit = 4294967296 (custom)
2023-06-02 20:40:34,900 [4daf1ed2-e43c-4bda-878b-63f1449da6f8-groupManagement] INFO  server.RaftServerConfigKeys (ConfUtils.java:logGet(46)) - raft.server.log.queue.element-limit = 1024 (custom)
2023-06-02 20:40:34,900 [4daf1ed2-e43c-4bda-878b-63f1449da6f8-groupManagement] INFO  server.RaftServerConfigKeys (ConfUtils.java:logGet(46)) - raft.server.log.segment.size.max = 1048576 (custom)
2023-06-02 20:40:34,900 [4daf1ed2-e43c-4bda-878b-63f1449da6f8-groupManagement] INFO  server.RaftServerConfigKeys (ConfUtils.java:logGet(46)) - raft.server.log.preallocated.size = 16384 (custom)
2023-06-02 20:40:34,900 [4daf1ed2-e43c-4bda-878b-63f1449da6f8-groupManagement] INFO  server.RaftServerConfigKeys (ConfUtils.java:logGet(46)) - raft.server.log.force.sync.num = 128 (default)
2023-06-02 20:40:34,901 [4daf1ed2-e43c-4bda-878b-63f1449da6f8-groupManagement] INFO  server.RaftServerConfigKeys (ConfUtils.java:logGet(46)) - raft.server.log.statemachine.data.sync = true (default)
2023-06-02 20:40:34,901 [4daf1ed2-e43c-4bda-878b-63f1449da6f8-groupManagement] INFO  server.RaftServerConfigKeys (ConfUtils.java:logGet(46)) - raft.server.log.statemachine.data.sync.timeout = 10s (default)
2023-06-02 20:40:34,901 [4daf1ed2-e43c-4bda-878b-63f1449da6f8-groupManagement] INFO  server.RaftServerConfigKeys (ConfUtils.java:logGet(46)) - raft.server.log.statemachine.data.sync.timeout.retry = -1 (default)
2023-06-02 20:40:34,901 [EventQueue-PipelineReportForPipelineReportHandler] INFO  pipeline.PipelineManagerImpl (PipelineManagerImpl.java:openPipeline(367)) - Pipeline Pipeline[ Id: 362dd4a8-6fc9-4f6b-be91-5f6dc9bed5bc, Nodes: 4daf1ed2-e43c-4bda-878b-63f1449da6f8(fv-az1239-288/10.1.0.31), ReplicationConfig: RATIS/ONE, State:ALLOCATED, leaderId:4daf1ed2-e43c-4bda-878b-63f1449da6f8, CreationTimestamp2023-06-02T20:40:31.828Z[Etc/UTC]] moved to OPEN state
2023-06-02 20:40:34,901 [EventQueue-OpenPipelineForHealthyPipelineSafeModeRule] INFO  safemode.SCMSafeModeManager (HealthyPipelineSafeModeRule.java:process(137)) - SCM in safe mode. Healthy pipelines reported count is 0, required healthy pipeline reported count is 1
2023-06-02 20:40:34,902 [4daf1ed2-e43c-4bda-878b-63f1449da6f8-groupManagement] INFO  server.RaftServerConfigKeys (ConfUtils.java:logGet(46)) - raft.server.log.write.buffer.size = 1048576 (custom)
2023-06-02 20:40:34,902 [4daf1ed2-e43c-4bda-878b-63f1449da6f8-groupManagement] INFO  server.RaftServerConfigKeys (ConfUtils.java:logGet(46)) - raft.server.log.appender.buffer.byte-limit = 33554432 (custom)
2023-06-02 20:40:34,914 [4daf1ed2-e43c-4bda-878b-63f1449da6f8-groupManagement] INFO  server.RaftServerConfigKeys (ConfUtils.java:logGet(46)) - raft.server.log.unsafe-flush.enabled = false (default)
2023-06-02 20:40:34,914 [4daf1ed2-e43c-4bda-878b-63f1449da6f8-groupManagement] INFO  server.RaftServerConfigKeys (ConfUtils.java:logGet(46)) - raft.server.log.async-flush.enabled = false (default)
2023-06-02 20:40:34,914 [4daf1ed2-e43c-4bda-878b-63f1449da6f8-groupManagement] INFO  server.RaftServerConfigKeys (ConfUtils.java:logGet(46)) - raft.server.log.statemachine.data.caching.enabled = true (custom)
2023-06-02 20:40:34,914 [4daf1ed2-e43c-4bda-878b-63f1449da6f8-groupManagement] INFO  segmented.SegmentedRaftLogWorker (SegmentedRaftLogWorker.java:lambda$new$0(135)) - 4daf1ed2-e43c-4bda-878b-63f1449da6f8@group-5F6DC9BED5BC-SegmentedRaftLogWorker: flushIndex: setUnconditionally 0 -> -1
2023-06-02 20:40:34,914 [4daf1ed2-e43c-4bda-878b-63f1449da6f8-groupManagement] INFO  segmented.SegmentedRaftLogWorker (SegmentedRaftLogWorker.java:lambda$new$0(135)) - 4daf1ed2-e43c-4bda-878b-63f1449da6f8@group-5F6DC9BED5BC-SegmentedRaftLogWorker: safeCacheEvictIndex: setUnconditionally 0 -> -1
2023-06-02 20:40:34,914 [4daf1ed2-e43c-4bda-878b-63f1449da6f8-groupManagement] INFO  server.RaftServer$Division (RaftServerImpl.java:start(342)) - 4daf1ed2-e43c-4bda-878b-63f1449da6f8@group-5F6DC9BED5BC: start as a follower, conf=-1: peers:[4daf1ed2-e43c-4bda-878b-63f1449da6f8|rpc:10.1.0.31:15041|admin:10.1.0.31:15040|client:10.1.0.31:15039|dataStream:10.1.0.31:15042|priority:1|startupRole:FOLLOWER]|listeners:[], old=null
2023-06-02 20:40:34,914 [4daf1ed2-e43c-4bda-878b-63f1449da6f8-groupManagement] INFO  server.RaftServer$Division (RaftServerImpl.java:setRole(329)) - 4daf1ed2-e43c-4bda-878b-63f1449da6f8@group-5F6DC9BED5BC: changes role from      null to FOLLOWER at term 0 for startAsFollower
2023-06-02 20:40:34,914 [4daf1ed2-e43c-4bda-878b-63f1449da6f8-groupManagement] INFO  impl.RoleInfo (RoleInfo.java:updateAndGet(139)) - 4daf1ed2-e43c-4bda-878b-63f1449da6f8: start 4daf1ed2-e43c-4bda-878b-63f1449da6f8@group-5F6DC9BED5BC-FollowerState
2023-06-02 20:40:34,915 [4daf1ed2-e43c-4bda-878b-63f1449da6f8-groupManagement] INFO  util.JmxRegister (JmxRegister.java:tryRegister(44)) - Successfully registered JMX Bean with object name Ratis:service=RaftServer,group=group-5F6DC9BED5BC,id=4daf1ed2-e43c-4bda-878b-63f1449da6f8
2023-06-02 20:40:34,915 [4daf1ed2-e43c-4bda-878b-63f1449da6f8-groupManagement] INFO  server.RaftServerConfigKeys (ConfUtils.java:logGet(46)) - raft.server.snapshot.auto.trigger.enabled = true (custom)
2023-06-02 20:40:34,915 [4daf1ed2-e43c-4bda-878b-63f1449da6f8@group-5F6DC9BED5BC-FollowerState] INFO  server.RaftServerConfigKeys (ConfUtils.java:logFallback(53)) - raft.server.rpc.first-election.timeout.min = 5s (fallback to raft.server.rpc.timeout.min)
2023-06-02 20:40:34,915 [4daf1ed2-e43c-4bda-878b-63f1449da6f8-groupManagement] INFO  server.RaftServerConfigKeys (ConfUtils.java:logGet(46)) - raft.server.snapshot.auto.trigger.threshold = 10000 (custom)
2023-06-02 20:40:34,921 [4daf1ed2-e43c-4bda-878b-63f1449da6f8@group-5F6DC9BED5BC-FollowerState] INFO  server.RaftServerConfigKeys (ConfUtils.java:logFallback(53)) - raft.server.rpc.first-election.timeout.max = 5200ms (fallback to raft.server.rpc.timeout.max)
2023-06-02 20:40:34,927 [4daf1ed2-e43c-4bda-878b-63f1449da6f8-groupManagement] INFO  server.RaftServerConfigKeys (ConfUtils.java:logGet(46)) - raft.server.snapshot.retention.file.num = 5 (custom)
2023-06-02 20:40:34,928 [4daf1ed2-e43c-4bda-878b-63f1449da6f8-groupManagement] INFO  server.RaftServerConfigKeys (ConfUtils.java:logGet(46)) - raft.server.log.purge.upto.snapshot.index = false (default)
2023-06-02 20:40:34,939 [PipelineCommandHandlerThread-0] INFO  ratis.XceiverServerRatis (XceiverServerRatis.java:addGroup(804)) - Created group PipelineID=362dd4a8-6fc9-4f6b-be91-5f6dc9bed5bc
2023-06-02 20:40:34,939 [PipelineCommandHandlerThread-0] INFO  commandhandler.CreatePipelineCommandHandler (CreatePipelineCommandHandler.java:lambda$handle$2(124)) - Created Pipeline RATIS ONE PipelineID=362dd4a8-6fc9-4f6b-be91-5f6dc9bed5bc.
2023-06-02 20:40:34,939 [PipelineCommandHandlerThread-0] INFO  server.RaftServer (RaftServerProxy.java:addNew(98)) - 4daf1ed2-e43c-4bda-878b-63f1449da6f8: addNew group-4F11CE293873:[f5d72e8c-7c96-4354-bf1f-55d48726708b|rpc:10.1.0.31:15059|admin:10.1.0.31:15058|client:10.1.0.31:15057|dataStream:10.1.0.31:15060|priority:0|startupRole:FOLLOWER, 0ec547f6-a501-4372-afcf-7dbe5c08d569|rpc:10.1.0.31:15050|admin:10.1.0.31:15049|client:10.1.0.31:15048|dataStream:10.1.0.31:15051|priority:1|startupRole:FOLLOWER, 4daf1ed2-e43c-4bda-878b-63f1449da6f8|rpc:10.1.0.31:15041|admin:10.1.0.31:15040|client:10.1.0.31:15039|dataStream:10.1.0.31:15042|priority:0|startupRole:FOLLOWER] returns group-4F11CE293873:java.util.concurrent.CompletableFuture@7e4870f0[Not completed]
2023-06-02 20:40:34,941 [4daf1ed2-e43c-4bda-878b-63f1449da6f8-groupManagement] INFO  server.RaftServer$Division (RaftServerImpl.java:<init>(198)) - 4daf1ed2-e43c-4bda-878b-63f1449da6f8: new RaftServerImpl for group-4F11CE293873:[f5d72e8c-7c96-4354-bf1f-55d48726708b|rpc:10.1.0.31:15059|admin:10.1.0.31:15058|client:10.1.0.31:15057|dataStream:10.1.0.31:15060|priority:0|startupRole:FOLLOWER, 0ec547f6-a501-4372-afcf-7dbe5c08d569|rpc:10.1.0.31:15050|admin:10.1.0.31:15049|client:10.1.0.31:15048|dataStream:10.1.0.31:15051|priority:1|startupRole:FOLLOWER, 4daf1ed2-e43c-4bda-878b-63f1449da6f8|rpc:10.1.0.31:15041|admin:10.1.0.31:15040|client:10.1.0.31:15039|dataStream:10.1.0.31:15042|priority:0|startupRole:FOLLOWER] with ContainerStateMachine:uninitialized
2023-06-02 20:40:34,942 [4daf1ed2-e43c-4bda-878b-63f1449da6f8-groupManagement] INFO  server.RaftServerConfigKeys (ConfUtils.java:logGet(46)) - raft.server.rpc.timeout.min = 5s (custom)
2023-06-02 20:40:34,942 [4daf1ed2-e43c-4bda-878b-63f1449da6f8-groupManagement] INFO  server.RaftServerConfigKeys (ConfUtils.java:logGet(46)) - raft.server.rpc.timeout.max = 5200ms (custom)
2023-06-02 20:40:34,942 [4daf1ed2-e43c-4bda-878b-63f1449da6f8-groupManagement] INFO  server.RaftServerConfigKeys (ConfUtils.java:logGet(46)) - raft.server.rpc.sleep.time = 25ms (default)
2023-06-02 20:40:34,942 [4daf1ed2-e43c-4bda-878b-63f1449da6f8-groupManagement] INFO  server.RaftServerConfigKeys (ConfUtils.java:logGet(46)) - raft.server.rpc.slowness.timeout = 300s (custom)
2023-06-02 20:40:34,942 [4daf1ed2-e43c-4bda-878b-63f1449da6f8-groupManagement] INFO  server.RaftServerConfigKeys (ConfUtils.java:logGet(46)) - raft.server.leaderelection.leader.step-down.wait-time = 10s (default)
2023-06-02 20:40:34,942 [4daf1ed2-e43c-4bda-878b-63f1449da6f8-groupManagement] INFO  server.RaftServerConfigKeys (ConfUtils.java:logGet(46)) - raft.server.sleep.deviation.threshold = 300ms (default)
2023-06-02 20:40:34,942 [4daf1ed2-e43c-4bda-878b-63f1449da6f8-groupManagement] INFO  server.RaftServer$Division (ServerState.java:<init>(120)) - 4daf1ed2-e43c-4bda-878b-63f1449da6f8@group-4F11CE293873: ConfigurationManager, init=-1: peers:[f5d72e8c-7c96-4354-bf1f-55d48726708b|rpc:10.1.0.31:15059|admin:10.1.0.31:15058|client:10.1.0.31:15057|dataStream:10.1.0.31:15060|priority:0|startupRole:FOLLOWER, 0ec547f6-a501-4372-afcf-7dbe5c08d569|rpc:10.1.0.31:15050|admin:10.1.0.31:15049|client:10.1.0.31:15048|dataStream:10.1.0.31:15051|priority:1|startupRole:FOLLOWER, 4daf1ed2-e43c-4bda-878b-63f1449da6f8|rpc:10.1.0.31:15041|admin:10.1.0.31:15040|client:10.1.0.31:15039|dataStream:10.1.0.31:15042|priority:0|startupRole:FOLLOWER]|listeners:[], old=null, confs=<EMPTY_MAP>
2023-06-02 20:40:34,942 [4daf1ed2-e43c-4bda-878b-63f1449da6f8-groupManagement] INFO  server.RaftServerConfigKeys (ConfUtils.java:logGet(46)) - raft.server.storage.dir = [/home/runner/work/ozone/ozone/hadoop-ozone/integration-test/target/test-dir/MiniOzoneClusterImpl-5ac0c7d5-b38a-4534-ae70-3109b4fe19c6/datanode-3/data/ratis] (custom)
2023-06-02 20:40:34,942 [4daf1ed2-e43c-4bda-878b-63f1449da6f8-groupManagement] INFO  server.RaftServerConfigKeys (ConfUtils.java:logGet(46)) - raft.server.log.corruption.policy = EXCEPTION (default)
2023-06-02 20:40:34,942 [4daf1ed2-e43c-4bda-878b-63f1449da6f8-groupManagement] INFO  server.RaftServerConfigKeys (ConfUtils.java:logGet(46)) - raft.server.storage.free-space.min = 0MB (=0) (default)
2023-06-02 20:40:34,942 [4daf1ed2-e43c-4bda-878b-63f1449da6f8-groupManagement] INFO  server.RaftServerConfigKeys (ConfUtils.java:logGet(46)) - raft.server.notification.no-leader.timeout = 300s (custom)
2023-06-02 20:40:34,942 [4daf1ed2-e43c-4bda-878b-63f1449da6f8-groupManagement] INFO  server.RaftServerConfigKeys (ConfUtils.java:logGet(46)) - raft.server.read.timeout = 10s (default)
2023-06-02 20:40:34,943 [4daf1ed2-e43c-4bda-878b-63f1449da6f8-groupManagement] INFO  server.RaftServerConfigKeys (ConfUtils.java:logGet(46)) - raft.server.retrycache.expirytime = 600000ms (custom)
2023-06-02 20:40:34,943 [4daf1ed2-e43c-4bda-878b-63f1449da6f8-groupManagement] INFO  server.RaftServerConfigKeys (ConfUtils.java:logGet(46)) - raft.server.retrycache.statistics.expirytime = 100μs (default)
2023-06-02 20:40:34,943 [4daf1ed2-e43c-4bda-878b-63f1449da6f8-groupManagement] INFO  server.RaftServerConfigKeys (ConfUtils.java:logGet(46)) - raft.server.read.option = DEFAULT (default)
2023-06-02 20:40:34,944 [4daf1ed2-e43c-4bda-878b-63f1449da6f8-groupManagement] INFO  server.RaftServerConfigKeys (ConfUtils.java:logGet(46)) - raft.server.rpc.request.timeout = 60s (custom)
2023-06-02 20:40:34,944 [4daf1ed2-e43c-4bda-878b-63f1449da6f8-groupManagement] INFO  server.RaftServerConfigKeys (ConfUtils.java:logGet(46)) - raft.server.log.appender.install.snapshot.enabled = false (custom)
2023-06-02 20:40:34,944 [4daf1ed2-e43c-4bda-878b-63f1449da6f8-groupManagement] INFO  server.RaftServerConfigKeys (ConfUtils.java:logGet(46)) - raft.server.threadpool.server.cached = true (default)
2023-06-02 20:40:34,944 [4daf1ed2-e43c-4bda-878b-63f1449da6f8-groupManagement] INFO  server.RaftServerConfigKeys (ConfUtils.java:logGet(46)) - raft.server.threadpool.server.size = 0 (default)
2023-06-02 20:40:34,944 [4daf1ed2-e43c-4bda-878b-63f1449da6f8-groupManagement] INFO  server.RaftServerConfigKeys (ConfUtils.java:logGet(46)) - raft.server.threadpool.client.cached = true (default)
2023-06-02 20:40:34,944 [4daf1ed2-e43c-4bda-878b-63f1449da6f8-groupManagement] INFO  server.RaftServerConfigKeys (ConfUtils.java:logGet(46)) - raft.server.threadpool.client.size = 0 (default)
2023-06-02 20:40:34,945 [4daf1ed2-e43c-4bda-878b-63f1449da6f8-groupManagement] INFO  storage.RaftStorageDirectory (RaftStorageDirectoryImpl.java:analyzeStorage(137)) - The storage directory /home/runner/work/ozone/ozone/hadoop-ozone/integration-test/target/test-dir/MiniOzoneClusterImpl-5ac0c7d5-b38a-4534-ae70-3109b4fe19c6/datanode-3/data/ratis/94fc731c-42cc-4e4c-bf79-4f11ce293873 does not exist. Creating ...
2023-06-02 20:40:34,949 [4daf1ed2-e43c-4bda-878b-63f1449da6f8-groupManagement] INFO  storage.RaftStorageDirectory (RaftStorageDirectoryImpl.java:tryLock(231)) - Lock on /home/runner/work/ozone/ozone/hadoop-ozone/integration-test/target/test-dir/MiniOzoneClusterImpl-5ac0c7d5-b38a-4534-ae70-3109b4fe19c6/datanode-3/data/ratis/94fc731c-42cc-4e4c-bf79-4f11ce293873/in_use.lock acquired by nodename 65175@fv-az1239-288
2023-06-02 20:40:34,950 [4daf1ed2-e43c-4bda-878b-63f1449da6f8-groupManagement] INFO  storage.RaftStorage (RaftStorageImpl.java:format(96)) - Storage directory /home/runner/work/ozone/ozone/hadoop-ozone/integration-test/target/test-dir/MiniOzoneClusterImpl-5ac0c7d5-b38a-4534-ae70-3109b4fe19c6/datanode-3/data/ratis/94fc731c-42cc-4e4c-bf79-4f11ce293873 has been successfully formatted.
2023-06-02 20:40:34,964 [4daf1ed2-e43c-4bda-878b-63f1449da6f8-groupManagement] INFO  ratis.ContainerStateMachine (ContainerStateMachine.java:loadSnapshot(262)) - group-4F11CE293873: The snapshot info is null. Setting the last applied indexto:(t:0, i:~)
2023-06-02 20:40:34,964 [4daf1ed2-e43c-4bda-878b-63f1449da6f8-groupManagement] INFO  server.RaftServerConfigKeys (ConfUtils.java:logGet(46)) - raft.server.log.use.memory = false (default)
2023-06-02 20:40:34,964 [4daf1ed2-e43c-4bda-878b-63f1449da6f8-groupManagement] INFO  server.RaftServerConfigKeys (ConfUtils.java:logGet(46)) - raft.server.log.purge.gap = 1000000 (custom)
2023-06-02 20:40:34,964 [4daf1ed2-e43c-4bda-878b-63f1449da6f8-groupManagement] INFO  server.RaftServerConfigKeys (ConfUtils.java:logGet(46)) - raft.server.log.appender.buffer.byte-limit = 33554432 (custom)
2023-06-02 20:40:34,964 [4daf1ed2-e43c-4bda-878b-63f1449da6f8-groupManagement] INFO  server.RaftServerConfigKeys (ConfUtils.java:logGet(46)) - raft.server.log.statemachine.data.read.timeout = 1000ms (default)
2023-06-02 20:40:34,965 [4daf1ed2-e43c-4bda-878b-63f1449da6f8-groupManagement] INFO  server.RaftServerConfigKeys (ConfUtils.java:logGet(46)) - raft.server.log.purge.preservation.log.num = 0 (default)
2023-06-02 20:40:34,965 [4daf1ed2-e43c-4bda-878b-63f1449da6f8-groupManagement] INFO  server.RaftServerConfigKeys (ConfUtils.java:logGet(46)) - raft.server.log.segment.size.max = 1048576 (custom)
2023-06-02 20:40:34,965 [4daf1ed2-e43c-4bda-878b-63f1449da6f8-groupManagement] INFO  server.RaftServerConfigKeys (ConfUtils.java:logGet(46)) - raft.server.log.segment.cache.num.max = 2 (custom)
2023-06-02 20:40:34,965 [4daf1ed2-e43c-4bda-878b-63f1449da6f8-groupManagement] INFO  server.RaftServerConfigKeys (ConfUtils.java:logGet(46)) - raft.server.log.segment.cache.size.max = 200MB (=209715200) (default)
2023-06-02 20:40:34,965 [4daf1ed2-e43c-4bda-878b-63f1449da6f8-groupManagement] INFO  server.RaftServerConfigKeys (ConfUtils.java:logGet(46)) - raft.server.log.appender.buffer.byte-limit = 33554432 (custom)
2023-06-02 20:40:34,966 [4daf1ed2-e43c-4bda-878b-63f1449da6f8-groupManagement] INFO  segmented.SegmentedRaftLogWorker (SegmentedRaftLogWorker.java:<init>(188)) - new 4daf1ed2-e43c-4bda-878b-63f1449da6f8@group-4F11CE293873-SegmentedRaftLogWorker for RaftStorageImpl:Storage Directory /home/runner/work/ozone/ozone/hadoop-ozone/integration-test/target/test-dir/MiniOzoneClusterImpl-5ac0c7d5-b38a-4534-ae70-3109b4fe19c6/datanode-3/data/ratis/94fc731c-42cc-4e4c-bf79-4f11ce293873
2023-06-02 20:40:34,966 [4daf1ed2-e43c-4bda-878b-63f1449da6f8-groupManagement] INFO  server.RaftServerConfigKeys (ConfUtils.java:logGet(46)) - raft.server.log.queue.byte-limit = 4294967296 (custom)
2023-06-02 20:40:34,966 [4daf1ed2-e43c-4bda-878b-63f1449da6f8-groupManagement] INFO  server.RaftServerConfigKeys (ConfUtils.java:logGet(46)) - raft.server.log.queue.element-limit = 1024 (custom)
2023-06-02 20:40:34,966 [4daf1ed2-e43c-4bda-878b-63f1449da6f8-groupManagement] INFO  server.RaftServerConfigKeys (ConfUtils.java:logGet(46)) - raft.server.log.segment.size.max = 1048576 (custom)
2023-06-02 20:40:34,966 [4daf1ed2-e43c-4bda-878b-63f1449da6f8-groupManagement] INFO  server.RaftServerConfigKeys (ConfUtils.java:logGet(46)) - raft.server.log.preallocated.size = 16384 (custom)
2023-06-02 20:40:34,966 [4daf1ed2-e43c-4bda-878b-63f1449da6f8-groupManagement] INFO  server.RaftServerConfigKeys (ConfUtils.java:logGet(46)) - raft.server.log.force.sync.num = 128 (default)
2023-06-02 20:40:34,966 [4daf1ed2-e43c-4bda-878b-63f1449da6f8-groupManagement] INFO  server.RaftServerConfigKeys (ConfUtils.java:logGet(46)) - raft.server.log.statemachine.data.sync = true (default)
2023-06-02 20:40:34,967 [4daf1ed2-e43c-4bda-878b-63f1449da6f8-groupManagement] INFO  server.RaftServerConfigKeys (ConfUtils.java:logGet(46)) - raft.server.log.statemachine.data.sync.timeout = 10s (default)
2023-06-02 20:40:34,968 [4daf1ed2-e43c-4bda-878b-63f1449da6f8-groupManagement] INFO  server.RaftServerConfigKeys (ConfUtils.java:logGet(46)) - raft.server.log.statemachine.data.sync.timeout.retry = -1 (default)
2023-06-02 20:40:34,968 [IPC Server handler 16 on default port 15002] INFO  net.NetworkTopologyImpl (NetworkTopologyImpl.java:add(112)) - Added a new node: /default-rack/c0b96ab7-4e07-4f66-b608-d68f56bbc6df
2023-06-02 20:40:34,979 [IPC Server handler 16 on default port 15002] INFO  node.SCMNodeManager (SCMNodeManager.java:register(407)) - Registered Data node : c0b96ab7-4e07-4f66-b608-d68f56bbc6df{ip: 10.1.0.31, host: fv-az1239-288, ports: [HTTP=15099, CLIENT_RPC=15100, REPLICATION=15106, RATIS=15102, RATIS_ADMIN=15103, RATIS_SERVER=15104, RATIS_DATASTREAM=15105, STANDALONE=15101], networkLocation: /default-rack, certSerialId: null, persistedOpState: null, persistedOpStateExpiryEpochSec: 0}
2023-06-02 20:40:34,980 [EventQueue-NewNodeForNewNodeHandler] INFO  pipeline.BackgroundPipelineCreator (BackgroundPipelineCreator.java:notifyEventTriggered(276)) - trigger a one-shot run on RatisPipelineUtilsThread.
2023-06-02 20:40:34,971 [EventQueue-OpenPipelineForHealthyPipelineSafeModeRule] INFO  safemode.SCMSafeModeManager (HealthyPipelineSafeModeRule.java:process(137)) - SCM in safe mode. Healthy pipelines reported count is 0, required healthy pipeline reported count is 1
2023-06-02 20:40:34,969 [4daf1ed2-e43c-4bda-878b-63f1449da6f8-groupManagement] INFO  server.RaftServerConfigKeys (ConfUtils.java:logGet(46)) - raft.server.log.write.buffer.size = 1048576 (custom)
2023-06-02 20:40:34,981 [4daf1ed2-e43c-4bda-878b-63f1449da6f8-groupManagement] INFO  server.RaftServerConfigKeys (ConfUtils.java:logGet(46)) - raft.server.log.appender.buffer.byte-limit = 33554432 (custom)
2023-06-02 20:40:34,987 [4daf1ed2-e43c-4bda-878b-63f1449da6f8-groupManagement] INFO  server.RaftServerConfigKeys (ConfUtils.java:logGet(46)) - raft.server.log.unsafe-flush.enabled = false (default)
2023-06-02 20:40:34,987 [4daf1ed2-e43c-4bda-878b-63f1449da6f8-groupManagement] INFO  server.RaftServerConfigKeys (ConfUtils.java:logGet(46)) - raft.server.log.async-flush.enabled = false (default)
2023-06-02 20:40:34,987 [4daf1ed2-e43c-4bda-878b-63f1449da6f8-groupManagement] INFO  server.RaftServerConfigKeys (ConfUtils.java:logGet(46)) - raft.server.log.statemachine.data.caching.enabled = true (custom)
2023-06-02 20:40:34,993 [RatisPipelineUtilsThread - 0] INFO  pipeline.RatisPipelineProvider (RatisPipelineProvider.java:lambda$create$0(206)) - Sending CreatePipelineCommand for pipeline:PipelineID=31e557d6-4612-42be-b56f-eb6c5b0c6b43 to datanode:c0b96ab7-4e07-4f66-b608-d68f56bbc6df
2023-06-02 20:40:34,993 [RatisPipelineUtilsThread - 0] INFO  pipeline.PipelineStateManagerImpl (PipelineStateManagerImpl.java:addPipeline(103)) - Created pipeline Pipeline[ Id: 31e557d6-4612-42be-b56f-eb6c5b0c6b43, Nodes: c0b96ab7-4e07-4f66-b608-d68f56bbc6df(fv-az1239-288/10.1.0.31), ReplicationConfig: RATIS/ONE, State:ALLOCATED, leaderId:, CreationTimestamp2023-06-02T20:40:34.992Z[Etc/UTC]].
2023-06-02 20:40:34,994 [RatisPipelineUtilsThread - 0] WARN  pipeline.PipelinePlacementPolicy (PipelinePlacementPolicy.java:filterViableNodes(160)) - Pipeline creation failed due to no sufficient healthy datanodes. Required 3. Found 2. Excluded 9.
2023-06-02 20:40:34,997 [4daf1ed2-e43c-4bda-878b-63f1449da6f8-groupManagement] INFO  segmented.SegmentedRaftLogWorker (SegmentedRaftLogWorker.java:lambda$new$0(135)) - 4daf1ed2-e43c-4bda-878b-63f1449da6f8@group-4F11CE293873-SegmentedRaftLogWorker: flushIndex: setUnconditionally 0 -> -1
2023-06-02 20:40:35,009 [4daf1ed2-e43c-4bda-878b-63f1449da6f8-groupManagement] INFO  segmented.SegmentedRaftLogWorker (SegmentedRaftLogWorker.java:lambda$new$0(135)) - 4daf1ed2-e43c-4bda-878b-63f1449da6f8@group-4F11CE293873-SegmentedRaftLogWorker: safeCacheEvictIndex: setUnconditionally 0 -> -1
2023-06-02 20:40:35,016 [4daf1ed2-e43c-4bda-878b-63f1449da6f8-groupManagement] INFO  server.RaftServer$Division (RaftServerImpl.java:start(342)) - 4daf1ed2-e43c-4bda-878b-63f1449da6f8@group-4F11CE293873: start as a follower, conf=-1: peers:[f5d72e8c-7c96-4354-bf1f-55d48726708b|rpc:10.1.0.31:15059|admin:10.1.0.31:15058|client:10.1.0.31:15057|dataStream:10.1.0.31:15060|priority:0|startupRole:FOLLOWER, 0ec547f6-a501-4372-afcf-7dbe5c08d569|rpc:10.1.0.31:15050|admin:10.1.0.31:15049|client:10.1.0.31:15048|dataStream:10.1.0.31:15051|priority:1|startupRole:FOLLOWER, 4daf1ed2-e43c-4bda-878b-63f1449da6f8|rpc:10.1.0.31:15041|admin:10.1.0.31:15040|client:10.1.0.31:15039|dataStream:10.1.0.31:15042|priority:0|startupRole:FOLLOWER]|listeners:[], old=null
2023-06-02 20:40:35,016 [4daf1ed2-e43c-4bda-878b-63f1449da6f8-groupManagement] INFO  server.RaftServer$Division (RaftServerImpl.java:setRole(329)) - 4daf1ed2-e43c-4bda-878b-63f1449da6f8@group-4F11CE293873: changes role from      null to FOLLOWER at term 0 for startAsFollower
2023-06-02 20:40:35,016 [4daf1ed2-e43c-4bda-878b-63f1449da6f8-groupManagement] INFO  impl.RoleInfo (RoleInfo.java:updateAndGet(139)) - 4daf1ed2-e43c-4bda-878b-63f1449da6f8: start 4daf1ed2-e43c-4bda-878b-63f1449da6f8@group-4F11CE293873-FollowerState
2023-06-02 20:40:35,017 [4daf1ed2-e43c-4bda-878b-63f1449da6f8-groupManagement] INFO  util.JmxRegister (JmxRegister.java:tryRegister(44)) - Successfully registered JMX Bean with object name Ratis:service=RaftServer,group=group-4F11CE293873,id=4daf1ed2-e43c-4bda-878b-63f1449da6f8
2023-06-02 20:40:35,017 [4daf1ed2-e43c-4bda-878b-63f1449da6f8-groupManagement] INFO  server.RaftServerConfigKeys (ConfUtils.java:logGet(46)) - raft.server.snapshot.auto.trigger.enabled = true (custom)
2023-06-02 20:40:35,017 [4daf1ed2-e43c-4bda-878b-63f1449da6f8-groupManagement] INFO  server.RaftServerConfigKeys (ConfUtils.java:logGet(46)) - raft.server.snapshot.auto.trigger.threshold = 10000 (custom)
2023-06-02 20:40:35,017 [4daf1ed2-e43c-4bda-878b-63f1449da6f8-groupManagement] INFO  server.RaftServerConfigKeys (ConfUtils.java:logGet(46)) - raft.server.snapshot.retention.file.num = 5 (custom)
2023-06-02 20:40:35,017 [4daf1ed2-e43c-4bda-878b-63f1449da6f8-groupManagement] INFO  server.RaftServerConfigKeys (ConfUtils.java:logGet(46)) - raft.server.log.purge.upto.snapshot.index = false (default)
2023-06-02 20:40:35,018 [4daf1ed2-e43c-4bda-878b-63f1449da6f8@group-4F11CE293873-FollowerState] INFO  server.RaftServerConfigKeys (ConfUtils.java:logFallback(53)) - raft.server.rpc.first-election.timeout.min = 5s (fallback to raft.server.rpc.timeout.min)
2023-06-02 20:40:35,018 [PipelineCommandHandlerThread-0] INFO  ratis.XceiverServerRatis (XceiverServerRatis.java:addGroup(804)) - Created group PipelineID=94fc731c-42cc-4e4c-bf79-4f11ce293873
2023-06-02 20:40:35,025 [4daf1ed2-e43c-4bda-878b-63f1449da6f8@group-4F11CE293873-FollowerState] INFO  server.RaftServerConfigKeys (ConfUtils.java:logFallback(53)) - raft.server.rpc.first-election.timeout.max = 5200ms (fallback to raft.server.rpc.timeout.max)
2023-06-02 20:40:35,029 [PipelineCommandHandlerThread-0] INFO  commandhandler.CreatePipelineCommandHandler (CreatePipelineCommandHandler.java:lambda$handle$2(124)) - Created Pipeline RATIS THREE PipelineID=0f9eb3eb-db45-4e61-bc28-449f8745c131.
2023-06-02 20:40:35,064 [grpc-default-executor-1] INFO  server.RaftServer (RaftServerProxy.java:addNew(98)) - 0ec547f6-a501-4372-afcf-7dbe5c08d569: addNew group-4F11CE293873:[f5d72e8c-7c96-4354-bf1f-55d48726708b|rpc:10.1.0.31:15059|admin:10.1.0.31:15058|client:10.1.0.31:15057|dataStream:10.1.0.31:15060|priority:0|startupRole:FOLLOWER, 0ec547f6-a501-4372-afcf-7dbe5c08d569|rpc:10.1.0.31:15050|admin:10.1.0.31:15049|client:10.1.0.31:15048|dataStream:10.1.0.31:15051|priority:1|startupRole:FOLLOWER, 4daf1ed2-e43c-4bda-878b-63f1449da6f8|rpc:10.1.0.31:15041|admin:10.1.0.31:15040|client:10.1.0.31:15039|dataStream:10.1.0.31:15042|priority:0|startupRole:FOLLOWER] returns group-4F11CE293873:java.util.concurrent.CompletableFuture@ccc0f01[Not completed]
2023-06-02 20:40:35,065 [0ec547f6-a501-4372-afcf-7dbe5c08d569-groupManagement] INFO  server.RaftServer$Division (RaftServerImpl.java:<init>(198)) - 0ec547f6-a501-4372-afcf-7dbe5c08d569: new RaftServerImpl for group-4F11CE293873:[f5d72e8c-7c96-4354-bf1f-55d48726708b|rpc:10.1.0.31:15059|admin:10.1.0.31:15058|client:10.1.0.31:15057|dataStream:10.1.0.31:15060|priority:0|startupRole:FOLLOWER, 0ec547f6-a501-4372-afcf-7dbe5c08d569|rpc:10.1.0.31:15050|admin:10.1.0.31:15049|client:10.1.0.31:15048|dataStream:10.1.0.31:15051|priority:1|startupRole:FOLLOWER, 4daf1ed2-e43c-4bda-878b-63f1449da6f8|rpc:10.1.0.31:15041|admin:10.1.0.31:15040|client:10.1.0.31:15039|dataStream:10.1.0.31:15042|priority:0|startupRole:FOLLOWER] with ContainerStateMachine:uninitialized
2023-06-02 20:40:35,066 [0ec547f6-a501-4372-afcf-7dbe5c08d569-groupManagement] INFO  server.RaftServerConfigKeys (ConfUtils.java:logGet(46)) - raft.server.rpc.timeout.min = 5s (custom)
2023-06-02 20:40:35,066 [0ec547f6-a501-4372-afcf-7dbe5c08d569-groupManagement] INFO  server.RaftServerConfigKeys (ConfUtils.java:logGet(46)) - raft.server.rpc.timeout.max = 5200ms (custom)
2023-06-02 20:40:35,066 [0ec547f6-a501-4372-afcf-7dbe5c08d569-groupManagement] INFO  server.RaftServerConfigKeys (ConfUtils.java:logGet(46)) - raft.server.rpc.sleep.time = 25ms (default)
2023-06-02 20:40:35,066 [0ec547f6-a501-4372-afcf-7dbe5c08d569-groupManagement] INFO  server.RaftServerConfigKeys (ConfUtils.java:logGet(46)) - raft.server.rpc.slowness.timeout = 300s (custom)
2023-06-02 20:40:35,066 [0ec547f6-a501-4372-afcf-7dbe5c08d569-groupManagement] INFO  server.RaftServerConfigKeys (ConfUtils.java:logGet(46)) - raft.server.leaderelection.leader.step-down.wait-time = 10s (default)
2023-06-02 20:40:35,066 [0ec547f6-a501-4372-afcf-7dbe5c08d569-groupManagement] INFO  server.RaftServerConfigKeys (ConfUtils.java:logGet(46)) - raft.server.sleep.deviation.threshold = 300ms (default)
2023-06-02 20:40:35,066 [0ec547f6-a501-4372-afcf-7dbe5c08d569-groupManagement] INFO  server.RaftServer$Division (ServerState.java:<init>(120)) - 0ec547f6-a501-4372-afcf-7dbe5c08d569@group-4F11CE293873: ConfigurationManager, init=-1: peers:[f5d72e8c-7c96-4354-bf1f-55d48726708b|rpc:10.1.0.31:15059|admin:10.1.0.31:15058|client:10.1.0.31:15057|dataStream:10.1.0.31:15060|priority:0|startupRole:FOLLOWER, 0ec547f6-a501-4372-afcf-7dbe5c08d569|rpc:10.1.0.31:15050|admin:10.1.0.31:15049|client:10.1.0.31:15048|dataStream:10.1.0.31:15051|priority:1|startupRole:FOLLOWER, 4daf1ed2-e43c-4bda-878b-63f1449da6f8|rpc:10.1.0.31:15041|admin:10.1.0.31:15040|client:10.1.0.31:15039|dataStream:10.1.0.31:15042|priority:0|startupRole:FOLLOWER]|listeners:[], old=null, confs=<EMPTY_MAP>
2023-06-02 20:40:35,066 [0ec547f6-a501-4372-afcf-7dbe5c08d569-groupManagement] INFO  server.RaftServerConfigKeys (ConfUtils.java:logGet(46)) - raft.server.storage.dir = [/home/runner/work/ozone/ozone/hadoop-ozone/integration-test/target/test-dir/MiniOzoneClusterImpl-5ac0c7d5-b38a-4534-ae70-3109b4fe19c6/datanode-4/data/ratis] (custom)
2023-06-02 20:40:35,066 [0ec547f6-a501-4372-afcf-7dbe5c08d569-groupManagement] INFO  server.RaftServerConfigKeys (ConfUtils.java:logGet(46)) - raft.server.log.corruption.policy = EXCEPTION (default)
2023-06-02 20:40:35,066 [0ec547f6-a501-4372-afcf-7dbe5c08d569-groupManagement] INFO  server.RaftServerConfigKeys (ConfUtils.java:logGet(46)) - raft.server.storage.free-space.min = 0MB (=0) (default)
2023-06-02 20:40:35,067 [0ec547f6-a501-4372-afcf-7dbe5c08d569-groupManagement] INFO  server.RaftServerConfigKeys (ConfUtils.java:logGet(46)) - raft.server.notification.no-leader.timeout = 300s (custom)
2023-06-02 20:40:35,067 [0ec547f6-a501-4372-afcf-7dbe5c08d569-groupManagement] INFO  server.RaftServerConfigKeys (ConfUtils.java:logGet(46)) - raft.server.read.timeout = 10s (default)
2023-06-02 20:40:35,067 [0ec547f6-a501-4372-afcf-7dbe5c08d569-groupManagement] INFO  server.RaftServerConfigKeys (ConfUtils.java:logGet(46)) - raft.server.retrycache.expirytime = 600000ms (custom)
2023-06-02 20:40:35,067 [0ec547f6-a501-4372-afcf-7dbe5c08d569-groupManagement] INFO  server.RaftServerConfigKeys (ConfUtils.java:logGet(46)) - raft.server.retrycache.statistics.expirytime = 100μs (default)
2023-06-02 20:40:35,067 [0ec547f6-a501-4372-afcf-7dbe5c08d569-groupManagement] INFO  server.RaftServerConfigKeys (ConfUtils.java:logGet(46)) - raft.server.read.option = DEFAULT (default)
2023-06-02 20:40:35,069 [0ec547f6-a501-4372-afcf-7dbe5c08d569-groupManagement] INFO  server.RaftServerConfigKeys (ConfUtils.java:logGet(46)) - raft.server.rpc.request.timeout = 60s (custom)
2023-06-02 20:40:35,069 [0ec547f6-a501-4372-afcf-7dbe5c08d569-groupManagement] INFO  server.RaftServerConfigKeys (ConfUtils.java:logGet(46)) - raft.server.log.appender.install.snapshot.enabled = false (custom)
2023-06-02 20:40:35,069 [0ec547f6-a501-4372-afcf-7dbe5c08d569-groupManagement] INFO  server.RaftServerConfigKeys (ConfUtils.java:logGet(46)) - raft.server.threadpool.server.cached = true (default)
2023-06-02 20:40:35,069 [0ec547f6-a501-4372-afcf-7dbe5c08d569-groupManagement] INFO  server.RaftServerConfigKeys (ConfUtils.java:logGet(46)) - raft.server.threadpool.server.size = 0 (default)
2023-06-02 20:40:35,069 [0ec547f6-a501-4372-afcf-7dbe5c08d569-groupManagement] INFO  server.RaftServerConfigKeys (ConfUtils.java:logGet(46)) - raft.server.threadpool.client.cached = true (default)
2023-06-02 20:40:35,069 [0ec547f6-a501-4372-afcf-7dbe5c08d569-groupManagement] INFO  server.RaftServerConfigKeys (ConfUtils.java:logGet(46)) - raft.server.threadpool.client.size = 0 (default)
2023-06-02 20:40:35,069 [0ec547f6-a501-4372-afcf-7dbe5c08d569-groupManagement] INFO  storage.RaftStorageDirectory (RaftStorageDirectoryImpl.java:analyzeStorage(137)) - The storage directory /home/runner/work/ozone/ozone/hadoop-ozone/integration-test/target/test-dir/MiniOzoneClusterImpl-5ac0c7d5-b38a-4534-ae70-3109b4fe19c6/datanode-4/data/ratis/94fc731c-42cc-4e4c-bf79-4f11ce293873 does not exist. Creating ...
2023-06-02 20:40:35,074 [0ec547f6-a501-4372-afcf-7dbe5c08d569-groupManagement] INFO  storage.RaftStorageDirectory (RaftStorageDirectoryImpl.java:tryLock(231)) - Lock on /home/runner/work/ozone/ozone/hadoop-ozone/integration-test/target/test-dir/MiniOzoneClusterImpl-5ac0c7d5-b38a-4534-ae70-3109b4fe19c6/datanode-4/data/ratis/94fc731c-42cc-4e4c-bf79-4f11ce293873/in_use.lock acquired by nodename 65175@fv-az1239-288
2023-06-02 20:40:35,079 [0ec547f6-a501-4372-afcf-7dbe5c08d569-groupManagement] INFO  storage.RaftStorage (RaftStorageImpl.java:format(96)) - Storage directory /home/runner/work/ozone/ozone/hadoop-ozone/integration-test/target/test-dir/MiniOzoneClusterImpl-5ac0c7d5-b38a-4534-ae70-3109b4fe19c6/datanode-4/data/ratis/94fc731c-42cc-4e4c-bf79-4f11ce293873 has been successfully formatted.
2023-06-02 20:40:35,080 [PipelineCommandHandlerThread-0] INFO  commandhandler.CreatePipelineCommandHandler (CreatePipelineCommandHandler.java:lambda$handle$2(124)) - Created Pipeline RATIS THREE PipelineID=0f9eb3eb-db45-4e61-bc28-449f8745c131.
2023-06-02 20:40:35,086 [0ec547f6-a501-4372-afcf-7dbe5c08d569-groupManagement] INFO  ratis.ContainerStateMachine (ContainerStateMachine.java:loadSnapshot(262)) - group-4F11CE293873: The snapshot info is null. Setting the last applied indexto:(t:0, i:~)
2023-06-02 20:40:35,087 [0ec547f6-a501-4372-afcf-7dbe5c08d569-groupManagement] INFO  server.RaftServerConfigKeys (ConfUtils.java:logGet(46)) - raft.server.log.use.memory = false (default)
2023-06-02 20:40:35,087 [0ec547f6-a501-4372-afcf-7dbe5c08d569-groupManagement] INFO  server.RaftServerConfigKeys (ConfUtils.java:logGet(46)) - raft.server.log.purge.gap = 1000000 (custom)
2023-06-02 20:40:35,087 [0ec547f6-a501-4372-afcf-7dbe5c08d569-groupManagement] INFO  server.RaftServerConfigKeys (ConfUtils.java:logGet(46)) - raft.server.log.appender.buffer.byte-limit = 33554432 (custom)
2023-06-02 20:40:35,087 [0ec547f6-a501-4372-afcf-7dbe5c08d569-groupManagement] INFO  server.RaftServerConfigKeys (ConfUtils.java:logGet(46)) - raft.server.log.statemachine.data.read.timeout = 1000ms (default)
2023-06-02 20:40:35,087 [0ec547f6-a501-4372-afcf-7dbe5c08d569-groupManagement] INFO  server.RaftServerConfigKeys (ConfUtils.java:logGet(46)) - raft.server.log.purge.preservation.log.num = 0 (default)
2023-06-02 20:40:35,087 [0ec547f6-a501-4372-afcf-7dbe5c08d569-groupManagement] INFO  server.RaftServerConfigKeys (ConfUtils.java:logGet(46)) - raft.server.log.segment.size.max = 1048576 (custom)
2023-06-02 20:40:35,088 [0ec547f6-a501-4372-afcf-7dbe5c08d569-groupManagement] INFO  server.RaftServerConfigKeys (ConfUtils.java:logGet(46)) - raft.server.log.segment.cache.num.max = 2 (custom)
2023-06-02 20:40:35,088 [0ec547f6-a501-4372-afcf-7dbe5c08d569-groupManagement] INFO  server.RaftServerConfigKeys (ConfUtils.java:logGet(46)) - raft.server.log.segment.cache.size.max = 200MB (=209715200) (default)
2023-06-02 20:40:35,088 [0ec547f6-a501-4372-afcf-7dbe5c08d569-groupManagement] INFO  server.RaftServerConfigKeys (ConfUtils.java:logGet(46)) - raft.server.log.appender.buffer.byte-limit = 33554432 (custom)
2023-06-02 20:40:35,088 [0ec547f6-a501-4372-afcf-7dbe5c08d569-groupManagement] INFO  segmented.SegmentedRaftLogWorker (SegmentedRaftLogWorker.java:<init>(188)) - new 0ec547f6-a501-4372-afcf-7dbe5c08d569@group-4F11CE293873-SegmentedRaftLogWorker for RaftStorageImpl:Storage Directory /home/runner/work/ozone/ozone/hadoop-ozone/integration-test/target/test-dir/MiniOzoneClusterImpl-5ac0c7d5-b38a-4534-ae70-3109b4fe19c6/datanode-4/data/ratis/94fc731c-42cc-4e4c-bf79-4f11ce293873
2023-06-02 20:40:35,088 [0ec547f6-a501-4372-afcf-7dbe5c08d569-groupManagement] INFO  server.RaftServerConfigKeys (ConfUtils.java:logGet(46)) - raft.server.log.queue.byte-limit = 4294967296 (custom)
2023-06-02 20:40:35,088 [0ec547f6-a501-4372-afcf-7dbe5c08d569-groupManagement] INFO  server.RaftServerConfigKeys (ConfUtils.java:logGet(46)) - raft.server.log.queue.element-limit = 1024 (custom)
2023-06-02 20:40:35,088 [0ec547f6-a501-4372-afcf-7dbe5c08d569-groupManagement] INFO  server.RaftServerConfigKeys (ConfUtils.java:logGet(46)) - raft.server.log.segment.size.max = 1048576 (custom)
2023-06-02 20:40:35,088 [0ec547f6-a501-4372-afcf-7dbe5c08d569-groupManagement] INFO  server.RaftServerConfigKeys (ConfUtils.java:logGet(46)) - raft.server.log.preallocated.size = 16384 (custom)
2023-06-02 20:40:35,088 [0ec547f6-a501-4372-afcf-7dbe5c08d569-groupManagement] INFO  server.RaftServerConfigKeys (ConfUtils.java:logGet(46)) - raft.server.log.force.sync.num = 128 (default)
2023-06-02 20:40:35,088 [0ec547f6-a501-4372-afcf-7dbe5c08d569-groupManagement] INFO  server.RaftServerConfigKeys (ConfUtils.java:logGet(46)) - raft.server.log.statemachine.data.sync = true (default)
2023-06-02 20:40:35,088 [0ec547f6-a501-4372-afcf-7dbe5c08d569-groupManagement] INFO  server.RaftServerConfigKeys (ConfUtils.java:logGet(46)) - raft.server.log.statemachine.data.sync.timeout = 10s (default)
2023-06-02 20:40:35,089 [0ec547f6-a501-4372-afcf-7dbe5c08d569-groupManagement] INFO  server.RaftServerConfigKeys (ConfUtils.java:logGet(46)) - raft.server.log.statemachine.data.sync.timeout.retry = -1 (default)
2023-06-02 20:40:35,091 [0ec547f6-a501-4372-afcf-7dbe5c08d569-groupManagement] INFO  server.RaftServerConfigKeys (ConfUtils.java:logGet(46)) - raft.server.log.write.buffer.size = 1048576 (custom)
2023-06-02 20:40:35,092 [0ec547f6-a501-4372-afcf-7dbe5c08d569-groupManagement] INFO  server.RaftServerConfigKeys (ConfUtils.java:logGet(46)) - raft.server.log.appender.buffer.byte-limit = 33554432 (custom)
2023-06-02 20:40:35,099 [0ec547f6-a501-4372-afcf-7dbe5c08d569-groupManagement] INFO  server.RaftServerConfigKeys (ConfUtils.java:logGet(46)) - raft.server.log.unsafe-flush.enabled = false (default)
2023-06-02 20:40:35,099 [0ec547f6-a501-4372-afcf-7dbe5c08d569-groupManagement] INFO  server.RaftServerConfigKeys (ConfUtils.java:logGet(46)) - raft.server.log.async-flush.enabled = false (default)
2023-06-02 20:40:35,099 [0ec547f6-a501-4372-afcf-7dbe5c08d569-groupManagement] INFO  server.RaftServerConfigKeys (ConfUtils.java:logGet(46)) - raft.server.log.statemachine.data.caching.enabled = true (custom)
2023-06-02 20:40:35,101 [0ec547f6-a501-4372-afcf-7dbe5c08d569-groupManagement] INFO  segmented.SegmentedRaftLogWorker (SegmentedRaftLogWorker.java:lambda$new$0(135)) - 0ec547f6-a501-4372-afcf-7dbe5c08d569@group-4F11CE293873-SegmentedRaftLogWorker: flushIndex: setUnconditionally 0 -> -1
2023-06-02 20:40:35,101 [0ec547f6-a501-4372-afcf-7dbe5c08d569-groupManagement] INFO  segmented.SegmentedRaftLogWorker (SegmentedRaftLogWorker.java:lambda$new$0(135)) - 0ec547f6-a501-4372-afcf-7dbe5c08d569@group-4F11CE293873-SegmentedRaftLogWorker: safeCacheEvictIndex: setUnconditionally 0 -> -1
2023-06-02 20:40:35,110 [PipelineCommandHandlerThread-0] INFO  commandhandler.CreatePipelineCommandHandler (CreatePipelineCommandHandler.java:lambda$handle$2(124)) - Created Pipeline RATIS THREE PipelineID=0f9eb3eb-db45-4e61-bc28-449f8745c131.
2023-06-02 20:40:35,110 [0ec547f6-a501-4372-afcf-7dbe5c08d569-groupManagement] INFO  server.RaftServer$Division (RaftServerImpl.java:start(342)) - 0ec547f6-a501-4372-afcf-7dbe5c08d569@group-4F11CE293873: start as a follower, conf=-1: peers:[f5d72e8c-7c96-4354-bf1f-55d48726708b|rpc:10.1.0.31:15059|admin:10.1.0.31:15058|client:10.1.0.31:15057|dataStream:10.1.0.31:15060|priority:0|startupRole:FOLLOWER, 0ec547f6-a501-4372-afcf-7dbe5c08d569|rpc:10.1.0.31:15050|admin:10.1.0.31:15049|client:10.1.0.31:15048|dataStream:10.1.0.31:15051|priority:1|startupRole:FOLLOWER, 4daf1ed2-e43c-4bda-878b-63f1449da6f8|rpc:10.1.0.31:15041|admin:10.1.0.31:15040|client:10.1.0.31:15039|dataStream:10.1.0.31:15042|priority:0|startupRole:FOLLOWER]|listeners:[], old=null
2023-06-02 20:40:35,110 [0ec547f6-a501-4372-afcf-7dbe5c08d569-groupManagement] INFO  server.RaftServer$Division (RaftServerImpl.java:setRole(329)) - 0ec547f6-a501-4372-afcf-7dbe5c08d569@group-4F11CE293873: changes role from      null to FOLLOWER at term 0 for startAsFollower
2023-06-02 20:40:35,110 [0ec547f6-a501-4372-afcf-7dbe5c08d569-groupManagement] INFO  impl.RoleInfo (RoleInfo.java:updateAndGet(139)) - 0ec547f6-a501-4372-afcf-7dbe5c08d569: start 0ec547f6-a501-4372-afcf-7dbe5c08d569@group-4F11CE293873-FollowerState
2023-06-02 20:40:35,111 [0ec547f6-a501-4372-afcf-7dbe5c08d569-groupManagement] INFO  util.JmxRegister (JmxRegister.java:tryRegister(44)) - Successfully registered JMX Bean with object name Ratis:service=RaftServer,group=group-4F11CE293873,id=0ec547f6-a501-4372-afcf-7dbe5c08d569
2023-06-02 20:40:35,111 [0ec547f6-a501-4372-afcf-7dbe5c08d569-groupManagement] INFO  server.RaftServerConfigKeys (ConfUtils.java:logGet(46)) - raft.server.snapshot.auto.trigger.enabled = true (custom)
2023-06-02 20:40:35,111 [0ec547f6-a501-4372-afcf-7dbe5c08d569-groupManagement] INFO  server.RaftServerConfigKeys (ConfUtils.java:logGet(46)) - raft.server.snapshot.auto.trigger.threshold = 10000 (custom)
2023-06-02 20:40:35,111 [0ec547f6-a501-4372-afcf-7dbe5c08d569-groupManagement] INFO  server.RaftServerConfigKeys (ConfUtils.java:logGet(46)) - raft.server.snapshot.retention.file.num = 5 (custom)
2023-06-02 20:40:35,111 [0ec547f6-a501-4372-afcf-7dbe5c08d569-groupManagement] INFO  server.RaftServerConfigKeys (ConfUtils.java:logGet(46)) - raft.server.log.purge.upto.snapshot.index = false (default)
2023-06-02 20:40:35,112 [0ec547f6-a501-4372-afcf-7dbe5c08d569@group-4F11CE293873-FollowerState] INFO  server.RaftServerConfigKeys (ConfUtils.java:logFallback(53)) - raft.server.rpc.first-election.timeout.min = 5s (fallback to raft.server.rpc.timeout.min)
2023-06-02 20:40:35,116 [0ec547f6-a501-4372-afcf-7dbe5c08d569@group-4F11CE293873-FollowerState] INFO  server.RaftServerConfigKeys (ConfUtils.java:logFallback(53)) - raft.server.rpc.first-election.timeout.max = 5200ms (fallback to raft.server.rpc.timeout.max)
2023-06-02 20:40:35,151 [grpc-default-executor-0] INFO  server.RaftServer (RaftServerProxy.java:addNew(98)) - f5d72e8c-7c96-4354-bf1f-55d48726708b: addNew group-4F11CE293873:[f5d72e8c-7c96-4354-bf1f-55d48726708b|rpc:10.1.0.31:15059|admin:10.1.0.31:15058|client:10.1.0.31:15057|dataStream:10.1.0.31:15060|priority:0|startupRole:FOLLOWER, 0ec547f6-a501-4372-afcf-7dbe5c08d569|rpc:10.1.0.31:15050|admin:10.1.0.31:15049|client:10.1.0.31:15048|dataStream:10.1.0.31:15051|priority:1|startupRole:FOLLOWER, 4daf1ed2-e43c-4bda-878b-63f1449da6f8|rpc:10.1.0.31:15041|admin:10.1.0.31:15040|client:10.1.0.31:15039|dataStream:10.1.0.31:15042|priority:0|startupRole:FOLLOWER] returns group-4F11CE293873:java.util.concurrent.CompletableFuture@7735933[Not completed]
2023-06-02 20:40:35,153 [f5d72e8c-7c96-4354-bf1f-55d48726708b-groupManagement] INFO  server.RaftServer$Division (RaftServerImpl.java:<init>(198)) - f5d72e8c-7c96-4354-bf1f-55d48726708b: new RaftServerImpl for group-4F11CE293873:[f5d72e8c-7c96-4354-bf1f-55d48726708b|rpc:10.1.0.31:15059|admin:10.1.0.31:15058|client:10.1.0.31:15057|dataStream:10.1.0.31:15060|priority:0|startupRole:FOLLOWER, 0ec547f6-a501-4372-afcf-7dbe5c08d569|rpc:10.1.0.31:15050|admin:10.1.0.31:15049|client:10.1.0.31:15048|dataStream:10.1.0.31:15051|priority:1|startupRole:FOLLOWER, 4daf1ed2-e43c-4bda-878b-63f1449da6f8|rpc:10.1.0.31:15041|admin:10.1.0.31:15040|client:10.1.0.31:15039|dataStream:10.1.0.31:15042|priority:0|startupRole:FOLLOWER] with ContainerStateMachine:uninitialized
2023-06-02 20:40:35,153 [f5d72e8c-7c96-4354-bf1f-55d48726708b-groupManagement] INFO  server.RaftServerConfigKeys (ConfUtils.java:logGet(46)) - raft.server.rpc.timeout.min = 5s (custom)
2023-06-02 20:40:35,153 [f5d72e8c-7c96-4354-bf1f-55d48726708b-groupManagement] INFO  server.RaftServerConfigKeys (ConfUtils.java:logGet(46)) - raft.server.rpc.timeout.max = 5200ms (custom)
2023-06-02 20:40:35,153 [f5d72e8c-7c96-4354-bf1f-55d48726708b-groupManagement] INFO  server.RaftServerConfigKeys (ConfUtils.java:logGet(46)) - raft.server.rpc.sleep.time = 25ms (default)
2023-06-02 20:40:35,153 [f5d72e8c-7c96-4354-bf1f-55d48726708b-groupManagement] INFO  server.RaftServerConfigKeys (ConfUtils.java:logGet(46)) - raft.server.rpc.slowness.timeout = 300s (custom)
2023-06-02 20:40:35,153 [f5d72e8c-7c96-4354-bf1f-55d48726708b-groupManagement] INFO  server.RaftServerConfigKeys (ConfUtils.java:logGet(46)) - raft.server.leaderelection.leader.step-down.wait-time = 10s (default)
2023-06-02 20:40:35,153 [f5d72e8c-7c96-4354-bf1f-55d48726708b-groupManagement] INFO  server.RaftServerConfigKeys (ConfUtils.java:logGet(46)) - raft.server.sleep.deviation.threshold = 300ms (default)
2023-06-02 20:40:35,153 [f5d72e8c-7c96-4354-bf1f-55d48726708b-groupManagement] INFO  server.RaftServer$Division (ServerState.java:<init>(120)) - f5d72e8c-7c96-4354-bf1f-55d48726708b@group-4F11CE293873: ConfigurationManager, init=-1: peers:[f5d72e8c-7c96-4354-bf1f-55d48726708b|rpc:10.1.0.31:15059|admin:10.1.0.31:15058|client:10.1.0.31:15057|dataStream:10.1.0.31:15060|priority:0|startupRole:FOLLOWER, 0ec547f6-a501-4372-afcf-7dbe5c08d569|rpc:10.1.0.31:15050|admin:10.1.0.31:15049|client:10.1.0.31:15048|dataStream:10.1.0.31:15051|priority:1|startupRole:FOLLOWER, 4daf1ed2-e43c-4bda-878b-63f1449da6f8|rpc:10.1.0.31:15041|admin:10.1.0.31:15040|client:10.1.0.31:15039|dataStream:10.1.0.31:15042|priority:0|startupRole:FOLLOWER]|listeners:[], old=null, confs=<EMPTY_MAP>
2023-06-02 20:40:35,153 [f5d72e8c-7c96-4354-bf1f-55d48726708b-groupManagement] INFO  server.RaftServerConfigKeys (ConfUtils.java:logGet(46)) - raft.server.storage.dir = [/home/runner/work/ozone/ozone/hadoop-ozone/integration-test/target/test-dir/MiniOzoneClusterImpl-5ac0c7d5-b38a-4534-ae70-3109b4fe19c6/datanode-5/data/ratis] (custom)
2023-06-02 20:40:35,153 [f5d72e8c-7c96-4354-bf1f-55d48726708b-groupManagement] INFO  server.RaftServerConfigKeys (ConfUtils.java:logGet(46)) - raft.server.log.corruption.policy = EXCEPTION (default)
2023-06-02 20:40:35,153 [f5d72e8c-7c96-4354-bf1f-55d48726708b-groupManagement] INFO  server.RaftServerConfigKeys (ConfUtils.java:logGet(46)) - raft.server.storage.free-space.min = 0MB (=0) (default)
2023-06-02 20:40:35,154 [f5d72e8c-7c96-4354-bf1f-55d48726708b-groupManagement] INFO  server.RaftServerConfigKeys (ConfUtils.java:logGet(46)) - raft.server.notification.no-leader.timeout = 300s (custom)
2023-06-02 20:40:35,154 [f5d72e8c-7c96-4354-bf1f-55d48726708b-groupManagement] INFO  server.RaftServerConfigKeys (ConfUtils.java:logGet(46)) - raft.server.read.timeout = 10s (default)
2023-06-02 20:40:35,154 [f5d72e8c-7c96-4354-bf1f-55d48726708b-groupManagement] INFO  server.RaftServerConfigKeys (ConfUtils.java:logGet(46)) - raft.server.retrycache.expirytime = 600000ms (custom)
2023-06-02 20:40:35,154 [f5d72e8c-7c96-4354-bf1f-55d48726708b-groupManagement] INFO  server.RaftServerConfigKeys (ConfUtils.java:logGet(46)) - raft.server.retrycache.statistics.expirytime = 100μs (default)
2023-06-02 20:40:35,154 [f5d72e8c-7c96-4354-bf1f-55d48726708b-groupManagement] INFO  server.RaftServerConfigKeys (ConfUtils.java:logGet(46)) - raft.server.read.option = DEFAULT (default)
2023-06-02 20:40:35,160 [f5d72e8c-7c96-4354-bf1f-55d48726708b-groupManagement] INFO  server.RaftServerConfigKeys (ConfUtils.java:logGet(46)) - raft.server.rpc.request.timeout = 60s (custom)
2023-06-02 20:40:35,160 [f5d72e8c-7c96-4354-bf1f-55d48726708b-groupManagement] INFO  server.RaftServerConfigKeys (ConfUtils.java:logGet(46)) - raft.server.log.appender.install.snapshot.enabled = false (custom)
2023-06-02 20:40:35,160 [f5d72e8c-7c96-4354-bf1f-55d48726708b-groupManagement] INFO  server.RaftServerConfigKeys (ConfUtils.java:logGet(46)) - raft.server.threadpool.server.cached = true (default)
2023-06-02 20:40:35,160 [f5d72e8c-7c96-4354-bf1f-55d48726708b-groupManagement] INFO  server.RaftServerConfigKeys (ConfUtils.java:logGet(46)) - raft.server.threadpool.server.size = 0 (default)
2023-06-02 20:40:35,160 [f5d72e8c-7c96-4354-bf1f-55d48726708b-groupManagement] INFO  server.RaftServerConfigKeys (ConfUtils.java:logGet(46)) - raft.server.threadpool.client.cached = true (default)
2023-06-02 20:40:35,160 [f5d72e8c-7c96-4354-bf1f-55d48726708b-groupManagement] INFO  server.RaftServerConfigKeys (ConfUtils.java:logGet(46)) - raft.server.threadpool.client.size = 0 (default)
2023-06-02 20:40:35,161 [f5d72e8c-7c96-4354-bf1f-55d48726708b-groupManagement] INFO  storage.RaftStorageDirectory (RaftStorageDirectoryImpl.java:analyzeStorage(137)) - The storage directory /home/runner/work/ozone/ozone/hadoop-ozone/integration-test/target/test-dir/MiniOzoneClusterImpl-5ac0c7d5-b38a-4534-ae70-3109b4fe19c6/datanode-5/data/ratis/94fc731c-42cc-4e4c-bf79-4f11ce293873 does not exist. Creating ...
2023-06-02 20:40:35,162 [f5d72e8c-7c96-4354-bf1f-55d48726708b-groupManagement] INFO  storage.RaftStorageDirectory (RaftStorageDirectoryImpl.java:tryLock(231)) - Lock on /home/runner/work/ozone/ozone/hadoop-ozone/integration-test/target/test-dir/MiniOzoneClusterImpl-5ac0c7d5-b38a-4534-ae70-3109b4fe19c6/datanode-5/data/ratis/94fc731c-42cc-4e4c-bf79-4f11ce293873/in_use.lock acquired by nodename 65175@fv-az1239-288
2023-06-02 20:40:35,164 [f5d72e8c-7c96-4354-bf1f-55d48726708b-groupManagement] INFO  storage.RaftStorage (RaftStorageImpl.java:format(96)) - Storage directory /home/runner/work/ozone/ozone/hadoop-ozone/integration-test/target/test-dir/MiniOzoneClusterImpl-5ac0c7d5-b38a-4534-ae70-3109b4fe19c6/datanode-5/data/ratis/94fc731c-42cc-4e4c-bf79-4f11ce293873 has been successfully formatted.
2023-06-02 20:40:35,170 [f5d72e8c-7c96-4354-bf1f-55d48726708b-groupManagement] INFO  ratis.ContainerStateMachine (ContainerStateMachine.java:loadSnapshot(262)) - group-4F11CE293873: The snapshot info is null. Setting the last applied indexto:(t:0, i:~)
2023-06-02 20:40:35,170 [f5d72e8c-7c96-4354-bf1f-55d48726708b-groupManagement] INFO  server.RaftServerConfigKeys (ConfUtils.java:logGet(46)) - raft.server.log.use.memory = false (default)
2023-06-02 20:40:35,170 [f5d72e8c-7c96-4354-bf1f-55d48726708b-groupManagement] INFO  server.RaftServerConfigKeys (ConfUtils.java:logGet(46)) - raft.server.log.purge.gap = 1000000 (custom)
2023-06-02 20:40:35,170 [f5d72e8c-7c96-4354-bf1f-55d48726708b-groupManagement] INFO  server.RaftServerConfigKeys (ConfUtils.java:logGet(46)) - raft.server.log.appender.buffer.byte-limit = 33554432 (custom)
2023-06-02 20:40:35,170 [f5d72e8c-7c96-4354-bf1f-55d48726708b-groupManagement] INFO  server.RaftServerConfigKeys (ConfUtils.java:logGet(46)) - raft.server.log.statemachine.data.read.timeout = 1000ms (default)
2023-06-02 20:40:35,171 [f5d72e8c-7c96-4354-bf1f-55d48726708b-groupManagement] INFO  server.RaftServerConfigKeys (ConfUtils.java:logGet(46)) - raft.server.log.purge.preservation.log.num = 0 (default)
2023-06-02 20:40:35,171 [f5d72e8c-7c96-4354-bf1f-55d48726708b-groupManagement] INFO  server.RaftServerConfigKeys (ConfUtils.java:logGet(46)) - raft.server.log.segment.size.max = 1048576 (custom)
2023-06-02 20:40:35,171 [f5d72e8c-7c96-4354-bf1f-55d48726708b-groupManagement] INFO  server.RaftServerConfigKeys (ConfUtils.java:logGet(46)) - raft.server.log.segment.cache.num.max = 2 (custom)
2023-06-02 20:40:35,171 [f5d72e8c-7c96-4354-bf1f-55d48726708b-groupManagement] INFO  server.RaftServerConfigKeys (ConfUtils.java:logGet(46)) - raft.server.log.segment.cache.size.max = 200MB (=209715200) (default)
2023-06-02 20:40:35,172 [f5d72e8c-7c96-4354-bf1f-55d48726708b-groupManagement] INFO  server.RaftServerConfigKeys (ConfUtils.java:logGet(46)) - raft.server.log.appender.buffer.byte-limit = 33554432 (custom)
2023-06-02 20:40:35,172 [f5d72e8c-7c96-4354-bf1f-55d48726708b-groupManagement] INFO  segmented.SegmentedRaftLogWorker (SegmentedRaftLogWorker.java:<init>(188)) - new f5d72e8c-7c96-4354-bf1f-55d48726708b@group-4F11CE293873-SegmentedRaftLogWorker for RaftStorageImpl:Storage Directory /home/runner/work/ozone/ozone/hadoop-ozone/integration-test/target/test-dir/MiniOzoneClusterImpl-5ac0c7d5-b38a-4534-ae70-3109b4fe19c6/datanode-5/data/ratis/94fc731c-42cc-4e4c-bf79-4f11ce293873
2023-06-02 20:40:35,172 [f5d72e8c-7c96-4354-bf1f-55d48726708b-groupManagement] INFO  server.RaftServerConfigKeys (ConfUtils.java:logGet(46)) - raft.server.log.queue.byte-limit = 4294967296 (custom)
2023-06-02 20:40:35,172 [f5d72e8c-7c96-4354-bf1f-55d48726708b-groupManagement] INFO  server.RaftServerConfigKeys (ConfUtils.java:logGet(46)) - raft.server.log.queue.element-limit = 1024 (custom)
2023-06-02 20:40:35,172 [f5d72e8c-7c96-4354-bf1f-55d48726708b-groupManagement] INFO  server.RaftServerConfigKeys (ConfUtils.java:logGet(46)) - raft.server.log.segment.size.max = 1048576 (custom)
2023-06-02 20:40:35,172 [f5d72e8c-7c96-4354-bf1f-55d48726708b-groupManagement] INFO  server.RaftServerConfigKeys (ConfUtils.java:logGet(46)) - raft.server.log.preallocated.size = 16384 (custom)
2023-06-02 20:40:35,172 [f5d72e8c-7c96-4354-bf1f-55d48726708b-groupManagement] INFO  server.RaftServerConfigKeys (ConfUtils.java:logGet(46)) - raft.server.log.force.sync.num = 128 (default)
2023-06-02 20:40:35,172 [f5d72e8c-7c96-4354-bf1f-55d48726708b-groupManagement] INFO  server.RaftServerConfigKeys (ConfUtils.java:logGet(46)) - raft.server.log.statemachine.data.sync = true (default)
2023-06-02 20:40:35,172 [f5d72e8c-7c96-4354-bf1f-55d48726708b-groupManagement] INFO  server.RaftServerConfigKeys (ConfUtils.java:logGet(46)) - raft.server.log.statemachine.data.sync.timeout = 10s (default)
2023-06-02 20:40:35,172 [f5d72e8c-7c96-4354-bf1f-55d48726708b-groupManagement] INFO  server.RaftServerConfigKeys (ConfUtils.java:logGet(46)) - raft.server.log.statemachine.data.sync.timeout.retry = -1 (default)
2023-06-02 20:40:35,173 [f5d72e8c-7c96-4354-bf1f-55d48726708b-groupManagement] INFO  server.RaftServerConfigKeys (ConfUtils.java:logGet(46)) - raft.server.log.write.buffer.size = 1048576 (custom)
2023-06-02 20:40:35,174 [f5d72e8c-7c96-4354-bf1f-55d48726708b-groupManagement] INFO  server.RaftServerConfigKeys (ConfUtils.java:logGet(46)) - raft.server.log.appender.buffer.byte-limit = 33554432 (custom)
2023-06-02 20:40:35,180 [f5d72e8c-7c96-4354-bf1f-55d48726708b-groupManagement] INFO  server.RaftServerConfigKeys (ConfUtils.java:logGet(46)) - raft.server.log.unsafe-flush.enabled = false (default)
2023-06-02 20:40:35,180 [f5d72e8c-7c96-4354-bf1f-55d48726708b-groupManagement] INFO  server.RaftServerConfigKeys (ConfUtils.java:logGet(46)) - raft.server.log.async-flush.enabled = false (default)
2023-06-02 20:40:35,180 [f5d72e8c-7c96-4354-bf1f-55d48726708b-groupManagement] INFO  server.RaftServerConfigKeys (ConfUtils.java:logGet(46)) - raft.server.log.statemachine.data.caching.enabled = true (custom)
2023-06-02 20:40:35,180 [f5d72e8c-7c96-4354-bf1f-55d48726708b-groupManagement] INFO  segmented.SegmentedRaftLogWorker (SegmentedRaftLogWorker.java:lambda$new$0(135)) - f5d72e8c-7c96-4354-bf1f-55d48726708b@group-4F11CE293873-SegmentedRaftLogWorker: flushIndex: setUnconditionally 0 -> -1
2023-06-02 20:40:35,180 [f5d72e8c-7c96-4354-bf1f-55d48726708b-groupManagement] INFO  segmented.SegmentedRaftLogWorker (SegmentedRaftLogWorker.java:lambda$new$0(135)) - f5d72e8c-7c96-4354-bf1f-55d48726708b@group-4F11CE293873-SegmentedRaftLogWorker: safeCacheEvictIndex: setUnconditionally 0 -> -1
2023-06-02 20:40:35,181 [f5d72e8c-7c96-4354-bf1f-55d48726708b-groupManagement] INFO  server.RaftServer$Division (RaftServerImpl.java:start(342)) - f5d72e8c-7c96-4354-bf1f-55d48726708b@group-4F11CE293873: start as a follower, conf=-1: peers:[f5d72e8c-7c96-4354-bf1f-55d48726708b|rpc:10.1.0.31:15059|admin:10.1.0.31:15058|client:10.1.0.31:15057|dataStream:10.1.0.31:15060|priority:0|startupRole:FOLLOWER, 0ec547f6-a501-4372-afcf-7dbe5c08d569|rpc:10.1.0.31:15050|admin:10.1.0.31:15049|client:10.1.0.31:15048|dataStream:10.1.0.31:15051|priority:1|startupRole:FOLLOWER, 4daf1ed2-e43c-4bda-878b-63f1449da6f8|rpc:10.1.0.31:15041|admin:10.1.0.31:15040|client:10.1.0.31:15039|dataStream:10.1.0.31:15042|priority:0|startupRole:FOLLOWER]|listeners:[], old=null
2023-06-02 20:40:35,181 [f5d72e8c-7c96-4354-bf1f-55d48726708b-groupManagement] INFO  server.RaftServer$Division (RaftServerImpl.java:setRole(329)) - f5d72e8c-7c96-4354-bf1f-55d48726708b@group-4F11CE293873: changes role from      null to FOLLOWER at term 0 for startAsFollower
2023-06-02 20:40:35,181 [f5d72e8c-7c96-4354-bf1f-55d48726708b-groupManagement] INFO  impl.RoleInfo (RoleInfo.java:updateAndGet(139)) - f5d72e8c-7c96-4354-bf1f-55d48726708b: start f5d72e8c-7c96-4354-bf1f-55d48726708b@group-4F11CE293873-FollowerState
2023-06-02 20:40:35,181 [f5d72e8c-7c96-4354-bf1f-55d48726708b@group-4F11CE293873-FollowerState] INFO  server.RaftServerConfigKeys (ConfUtils.java:logFallback(53)) - raft.server.rpc.first-election.timeout.min = 5s (fallback to raft.server.rpc.timeout.min)
2023-06-02 20:40:35,181 [f5d72e8c-7c96-4354-bf1f-55d48726708b-groupManagement] INFO  util.JmxRegister (JmxRegister.java:tryRegister(44)) - Successfully registered JMX Bean with object name Ratis:service=RaftServer,group=group-4F11CE293873,id=f5d72e8c-7c96-4354-bf1f-55d48726708b
2023-06-02 20:40:35,183 [f5d72e8c-7c96-4354-bf1f-55d48726708b@group-4F11CE293873-FollowerState] INFO  server.RaftServerConfigKeys (ConfUtils.java:logFallback(53)) - raft.server.rpc.first-election.timeout.max = 5200ms (fallback to raft.server.rpc.timeout.max)
2023-06-02 20:40:35,185 [f5d72e8c-7c96-4354-bf1f-55d48726708b-groupManagement] INFO  server.RaftServerConfigKeys (ConfUtils.java:logGet(46)) - raft.server.snapshot.auto.trigger.enabled = true (custom)
2023-06-02 20:40:35,185 [f5d72e8c-7c96-4354-bf1f-55d48726708b-groupManagement] INFO  server.RaftServerConfigKeys (ConfUtils.java:logGet(46)) - raft.server.snapshot.auto.trigger.threshold = 10000 (custom)
2023-06-02 20:40:35,185 [f5d72e8c-7c96-4354-bf1f-55d48726708b-groupManagement] INFO  server.RaftServerConfigKeys (ConfUtils.java:logGet(46)) - raft.server.snapshot.retention.file.num = 5 (custom)
2023-06-02 20:40:35,185 [f5d72e8c-7c96-4354-bf1f-55d48726708b-groupManagement] INFO  server.RaftServerConfigKeys (ConfUtils.java:logGet(46)) - raft.server.log.purge.upto.snapshot.index = false (default)
2023-06-02 20:40:35,198 [PipelineCommandHandlerThread-0] INFO  commandhandler.CreatePipelineCommandHandler (CreatePipelineCommandHandler.java:lambda$handle$2(124)) - Created Pipeline RATIS THREE PipelineID=94fc731c-42cc-4e4c-bf79-4f11ce293873.
2023-06-02 20:40:35,199 [PipelineCommandHandlerThread-0] INFO  server.RaftServer (RaftServerProxy.java:addNew(98)) - 4daf1ed2-e43c-4bda-878b-63f1449da6f8: addNew group-E31964065D3F:[f5d72e8c-7c96-4354-bf1f-55d48726708b|rpc:10.1.0.31:15059|admin:10.1.0.31:15058|client:10.1.0.31:15057|dataStream:10.1.0.31:15060|priority:0|startupRole:FOLLOWER, 4daf1ed2-e43c-4bda-878b-63f1449da6f8|rpc:10.1.0.31:15041|admin:10.1.0.31:15040|client:10.1.0.31:15039|dataStream:10.1.0.31:15042|priority:1|startupRole:FOLLOWER, 0ec547f6-a501-4372-afcf-7dbe5c08d569|rpc:10.1.0.31:15050|admin:10.1.0.31:15049|client:10.1.0.31:15048|dataStream:10.1.0.31:15051|priority:0|startupRole:FOLLOWER] returns group-E31964065D3F:java.util.concurrent.CompletableFuture@115ad770[Not completed]
2023-06-02 20:40:35,200 [4daf1ed2-e43c-4bda-878b-63f1449da6f8-groupManagement] INFO  server.RaftServer$Division (RaftServerImpl.java:<init>(198)) - 4daf1ed2-e43c-4bda-878b-63f1449da6f8: new RaftServerImpl for group-E31964065D3F:[f5d72e8c-7c96-4354-bf1f-55d48726708b|rpc:10.1.0.31:15059|admin:10.1.0.31:15058|client:10.1.0.31:15057|dataStream:10.1.0.31:15060|priority:0|startupRole:FOLLOWER, 4daf1ed2-e43c-4bda-878b-63f1449da6f8|rpc:10.1.0.31:15041|admin:10.1.0.31:15040|client:10.1.0.31:15039|dataStream:10.1.0.31:15042|priority:1|startupRole:FOLLOWER, 0ec547f6-a501-4372-afcf-7dbe5c08d569|rpc:10.1.0.31:15050|admin:10.1.0.31:15049|client:10.1.0.31:15048|dataStream:10.1.0.31:15051|priority:0|startupRole:FOLLOWER] with ContainerStateMachine:uninitialized
2023-06-02 20:40:35,200 [4daf1ed2-e43c-4bda-878b-63f1449da6f8-groupManagement] INFO  server.RaftServerConfigKeys (ConfUtils.java:logGet(46)) - raft.server.rpc.timeout.min = 5s (custom)
2023-06-02 20:40:35,200 [4daf1ed2-e43c-4bda-878b-63f1449da6f8-groupManagement] INFO  server.RaftServerConfigKeys (ConfUtils.java:logGet(46)) - raft.server.rpc.timeout.max = 5200ms (custom)
2023-06-02 20:40:35,200 [4daf1ed2-e43c-4bda-878b-63f1449da6f8-groupManagement] INFO  server.RaftServerConfigKeys (ConfUtils.java:logGet(46)) - raft.server.rpc.sleep.time = 25ms (default)
2023-06-02 20:40:35,200 [4daf1ed2-e43c-4bda-878b-63f1449da6f8-groupManagement] INFO  server.RaftServerConfigKeys (ConfUtils.java:logGet(46)) - raft.server.rpc.slowness.timeout = 300s (custom)
2023-06-02 20:40:35,200 [4daf1ed2-e43c-4bda-878b-63f1449da6f8-groupManagement] INFO  server.RaftServerConfigKeys (ConfUtils.java:logGet(46)) - raft.server.leaderelection.leader.step-down.wait-time = 10s (default)
2023-06-02 20:40:35,200 [4daf1ed2-e43c-4bda-878b-63f1449da6f8-groupManagement] INFO  server.RaftServerConfigKeys (ConfUtils.java:logGet(46)) - raft.server.sleep.deviation.threshold = 300ms (default)
2023-06-02 20:40:35,200 [4daf1ed2-e43c-4bda-878b-63f1449da6f8-groupManagement] INFO  server.RaftServer$Division (ServerState.java:<init>(120)) - 4daf1ed2-e43c-4bda-878b-63f1449da6f8@group-E31964065D3F: ConfigurationManager, init=-1: peers:[f5d72e8c-7c96-4354-bf1f-55d48726708b|rpc:10.1.0.31:15059|admin:10.1.0.31:15058|client:10.1.0.31:15057|dataStream:10.1.0.31:15060|priority:0|startupRole:FOLLOWER, 4daf1ed2-e43c-4bda-878b-63f1449da6f8|rpc:10.1.0.31:15041|admin:10.1.0.31:15040|client:10.1.0.31:15039|dataStream:10.1.0.31:15042|priority:1|startupRole:FOLLOWER, 0ec547f6-a501-4372-afcf-7dbe5c08d569|rpc:10.1.0.31:15050|admin:10.1.0.31:15049|client:10.1.0.31:15048|dataStream:10.1.0.31:15051|priority:0|startupRole:FOLLOWER]|listeners:[], old=null, confs=<EMPTY_MAP>
2023-06-02 20:40:35,200 [4daf1ed2-e43c-4bda-878b-63f1449da6f8-groupManagement] INFO  server.RaftServerConfigKeys (ConfUtils.java:logGet(46)) - raft.server.storage.dir = [/home/runner/work/ozone/ozone/hadoop-ozone/integration-test/target/test-dir/MiniOzoneClusterImpl-5ac0c7d5-b38a-4534-ae70-3109b4fe19c6/datanode-3/data/ratis] (custom)
2023-06-02 20:40:35,200 [4daf1ed2-e43c-4bda-878b-63f1449da6f8-groupManagement] INFO  server.RaftServerConfigKeys (ConfUtils.java:logGet(46)) - raft.server.log.corruption.policy = EXCEPTION (default)
2023-06-02 20:40:35,201 [4daf1ed2-e43c-4bda-878b-63f1449da6f8-groupManagement] INFO  server.RaftServerConfigKeys (ConfUtils.java:logGet(46)) - raft.server.storage.free-space.min = 0MB (=0) (default)
2023-06-02 20:40:35,201 [4daf1ed2-e43c-4bda-878b-63f1449da6f8-groupManagement] INFO  server.RaftServerConfigKeys (ConfUtils.java:logGet(46)) - raft.server.notification.no-leader.timeout = 300s (custom)
2023-06-02 20:40:35,201 [4daf1ed2-e43c-4bda-878b-63f1449da6f8-groupManagement] INFO  server.RaftServerConfigKeys (ConfUtils.java:logGet(46)) - raft.server.read.timeout = 10s (default)
2023-06-02 20:40:35,201 [4daf1ed2-e43c-4bda-878b-63f1449da6f8-groupManagement] INFO  server.RaftServerConfigKeys (ConfUtils.java:logGet(46)) - raft.server.retrycache.expirytime = 600000ms (custom)
2023-06-02 20:40:35,201 [4daf1ed2-e43c-4bda-878b-63f1449da6f8-groupManagement] INFO  server.RaftServerConfigKeys (ConfUtils.java:logGet(46)) - raft.server.retrycache.statistics.expirytime = 100μs (default)
2023-06-02 20:40:35,201 [4daf1ed2-e43c-4bda-878b-63f1449da6f8-groupManagement] INFO  server.RaftServerConfigKeys (ConfUtils.java:logGet(46)) - raft.server.read.option = DEFAULT (default)
2023-06-02 20:40:35,202 [4daf1ed2-e43c-4bda-878b-63f1449da6f8-groupManagement] INFO  server.RaftServerConfigKeys (ConfUtils.java:logGet(46)) - raft.server.rpc.request.timeout = 60s (custom)
2023-06-02 20:40:35,202 [4daf1ed2-e43c-4bda-878b-63f1449da6f8-groupManagement] INFO  server.RaftServerConfigKeys (ConfUtils.java:logGet(46)) - raft.server.log.appender.install.snapshot.enabled = false (custom)
2023-06-02 20:40:35,202 [4daf1ed2-e43c-4bda-878b-63f1449da6f8-groupManagement] INFO  server.RaftServerConfigKeys (ConfUtils.java:logGet(46)) - raft.server.threadpool.server.cached = true (default)
2023-06-02 20:40:35,203 [4daf1ed2-e43c-4bda-878b-63f1449da6f8-groupManagement] INFO  server.RaftServerConfigKeys (ConfUtils.java:logGet(46)) - raft.server.threadpool.server.size = 0 (default)
2023-06-02 20:40:35,203 [4daf1ed2-e43c-4bda-878b-63f1449da6f8-groupManagement] INFO  server.RaftServerConfigKeys (ConfUtils.java:logGet(46)) - raft.server.threadpool.client.cached = true (default)
2023-06-02 20:40:35,203 [4daf1ed2-e43c-4bda-878b-63f1449da6f8-groupManagement] INFO  server.RaftServerConfigKeys (ConfUtils.java:logGet(46)) - raft.server.threadpool.client.size = 0 (default)
2023-06-02 20:40:35,203 [4daf1ed2-e43c-4bda-878b-63f1449da6f8-groupManagement] INFO  storage.RaftStorageDirectory (RaftStorageDirectoryImpl.java:analyzeStorage(137)) - The storage directory /home/runner/work/ozone/ozone/hadoop-ozone/integration-test/target/test-dir/MiniOzoneClusterImpl-5ac0c7d5-b38a-4534-ae70-3109b4fe19c6/datanode-3/data/ratis/2acec971-adf6-4f61-9e2e-e31964065d3f does not exist. Creating ...
2023-06-02 20:40:35,204 [4daf1ed2-e43c-4bda-878b-63f1449da6f8-groupManagement] INFO  storage.RaftStorageDirectory (RaftStorageDirectoryImpl.java:tryLock(231)) - Lock on /home/runner/work/ozone/ozone/hadoop-ozone/integration-test/target/test-dir/MiniOzoneClusterImpl-5ac0c7d5-b38a-4534-ae70-3109b4fe19c6/datanode-3/data/ratis/2acec971-adf6-4f61-9e2e-e31964065d3f/in_use.lock acquired by nodename 65175@fv-az1239-288
2023-06-02 20:40:35,206 [4daf1ed2-e43c-4bda-878b-63f1449da6f8-groupManagement] INFO  storage.RaftStorage (RaftStorageImpl.java:format(96)) - Storage directory /home/runner/work/ozone/ozone/hadoop-ozone/integration-test/target/test-dir/MiniOzoneClusterImpl-5ac0c7d5-b38a-4534-ae70-3109b4fe19c6/datanode-3/data/ratis/2acec971-adf6-4f61-9e2e-e31964065d3f has been successfully formatted.
2023-06-02 20:40:35,207 [4daf1ed2-e43c-4bda-878b-63f1449da6f8-groupManagement] INFO  ratis.ContainerStateMachine (ContainerStateMachine.java:loadSnapshot(262)) - group-E31964065D3F: The snapshot info is null. Setting the last applied indexto:(t:0, i:~)
2023-06-02 20:40:35,207 [4daf1ed2-e43c-4bda-878b-63f1449da6f8-groupManagement] INFO  server.RaftServerConfigKeys (ConfUtils.java:logGet(46)) - raft.server.log.use.memory = false (default)
2023-06-02 20:40:35,208 [4daf1ed2-e43c-4bda-878b-63f1449da6f8-groupManagement] INFO  server.RaftServerConfigKeys (ConfUtils.java:logGet(46)) - raft.server.log.purge.gap = 1000000 (custom)
2023-06-02 20:40:35,208 [4daf1ed2-e43c-4bda-878b-63f1449da6f8-groupManagement] INFO  server.RaftServerConfigKeys (ConfUtils.java:logGet(46)) - raft.server.log.appender.buffer.byte-limit = 33554432 (custom)
2023-06-02 20:40:35,208 [4daf1ed2-e43c-4bda-878b-63f1449da6f8-groupManagement] INFO  server.RaftServerConfigKeys (ConfUtils.java:logGet(46)) - raft.server.log.statemachine.data.read.timeout = 1000ms (default)
2023-06-02 20:40:35,208 [4daf1ed2-e43c-4bda-878b-63f1449da6f8-groupManagement] INFO  server.RaftServerConfigKeys (ConfUtils.java:logGet(46)) - raft.server.log.purge.preservation.log.num = 0 (default)
2023-06-02 20:40:35,208 [4daf1ed2-e43c-4bda-878b-63f1449da6f8-groupManagement] INFO  server.RaftServerConfigKeys (ConfUtils.java:logGet(46)) - raft.server.log.segment.size.max = 1048576 (custom)
2023-06-02 20:40:35,208 [EventQueue-OpenPipelineForHealthyPipelineSafeModeRule] INFO  safemode.SCMSafeModeManager (HealthyPipelineSafeModeRule.java:process(137)) - SCM in safe mode. Healthy pipelines reported count is 0, required healthy pipeline reported count is 1
2023-06-02 20:40:35,214 [0ec547f6-a501-4372-afcf-7dbe5c08d569-groupManagement] INFO  server.RaftServer$Division (RaftServerImpl.java:<init>(198)) - 0ec547f6-a501-4372-afcf-7dbe5c08d569: new RaftServerImpl for group-935DF1EE04AB:[0ec547f6-a501-4372-afcf-7dbe5c08d569|rpc:10.1.0.31:15050|admin:10.1.0.31:15049|client:10.1.0.31:15048|dataStream:10.1.0.31:15051|priority:1|startupRole:FOLLOWER] with ContainerStateMachine:uninitialized
2023-06-02 20:40:35,215 [0ec547f6-a501-4372-afcf-7dbe5c08d569-groupManagement] INFO  server.RaftServerConfigKeys (ConfUtils.java:logGet(46)) - raft.server.rpc.timeout.min = 5s (custom)
2023-06-02 20:40:35,215 [0ec547f6-a501-4372-afcf-7dbe5c08d569-groupManagement] INFO  server.RaftServerConfigKeys (ConfUtils.java:logGet(46)) - raft.server.rpc.timeout.max = 5200ms (custom)
2023-06-02 20:40:35,215 [0ec547f6-a501-4372-afcf-7dbe5c08d569-groupManagement] INFO  server.RaftServerConfigKeys (ConfUtils.java:logGet(46)) - raft.server.rpc.sleep.time = 25ms (default)
2023-06-02 20:40:35,215 [0ec547f6-a501-4372-afcf-7dbe5c08d569-groupManagement] INFO  server.RaftServerConfigKeys (ConfUtils.java:logGet(46)) - raft.server.rpc.slowness.timeout = 300s (custom)
2023-06-02 20:40:35,215 [0ec547f6-a501-4372-afcf-7dbe5c08d569-groupManagement] INFO  server.RaftServerConfigKeys (ConfUtils.java:logGet(46)) - raft.server.leaderelection.leader.step-down.wait-time = 10s (default)
2023-06-02 20:40:35,215 [0ec547f6-a501-4372-afcf-7dbe5c08d569-groupManagement] INFO  server.RaftServerConfigKeys (ConfUtils.java:logGet(46)) - raft.server.sleep.deviation.threshold = 300ms (default)
2023-06-02 20:40:35,215 [0ec547f6-a501-4372-afcf-7dbe5c08d569-groupManagement] INFO  server.RaftServer$Division (ServerState.java:<init>(120)) - 0ec547f6-a501-4372-afcf-7dbe5c08d569@group-935DF1EE04AB: ConfigurationManager, init=-1: peers:[0ec547f6-a501-4372-afcf-7dbe5c08d569|rpc:10.1.0.31:15050|admin:10.1.0.31:15049|client:10.1.0.31:15048|dataStream:10.1.0.31:15051|priority:1|startupRole:FOLLOWER]|listeners:[], old=null, confs=<EMPTY_MAP>
2023-06-02 20:40:35,215 [0ec547f6-a501-4372-afcf-7dbe5c08d569-groupManagement] INFO  server.RaftServerConfigKeys (ConfUtils.java:logGet(46)) - raft.server.storage.dir = [/home/runner/work/ozone/ozone/hadoop-ozone/integration-test/target/test-dir/MiniOzoneClusterImpl-5ac0c7d5-b38a-4534-ae70-3109b4fe19c6/datanode-4/data/ratis] (custom)
2023-06-02 20:40:35,215 [0ec547f6-a501-4372-afcf-7dbe5c08d569-groupManagement] INFO  server.RaftServerConfigKeys (ConfUtils.java:logGet(46)) - raft.server.log.corruption.policy = EXCEPTION (default)
2023-06-02 20:40:35,215 [0ec547f6-a501-4372-afcf-7dbe5c08d569-groupManagement] INFO  server.RaftServerConfigKeys (ConfUtils.java:logGet(46)) - raft.server.storage.free-space.min = 0MB (=0) (default)
2023-06-02 20:40:35,216 [0ec547f6-a501-4372-afcf-7dbe5c08d569-groupManagement] INFO  server.RaftServerConfigKeys (ConfUtils.java:logGet(46)) - raft.server.notification.no-leader.timeout = 300s (custom)
2023-06-02 20:40:35,216 [0ec547f6-a501-4372-afcf-7dbe5c08d569-groupManagement] INFO  server.RaftServerConfigKeys (ConfUtils.java:logGet(46)) - raft.server.read.timeout = 10s (default)
2023-06-02 20:40:35,216 [0ec547f6-a501-4372-afcf-7dbe5c08d569-groupManagement] INFO  server.RaftServerConfigKeys (ConfUtils.java:logGet(46)) - raft.server.retrycache.expirytime = 600000ms (custom)
2023-06-02 20:40:35,216 [4daf1ed2-e43c-4bda-878b-63f1449da6f8-groupManagement] INFO  server.RaftServerConfigKeys (ConfUtils.java:logGet(46)) - raft.server.log.segment.cache.num.max = 2 (custom)
2023-06-02 20:40:35,216 [PipelineCommandHandlerThread-0] INFO  server.RaftServer (RaftServerProxy.java:addNew(98)) - 0ec547f6-a501-4372-afcf-7dbe5c08d569: addNew group-935DF1EE04AB:[0ec547f6-a501-4372-afcf-7dbe5c08d569|rpc:10.1.0.31:15050|admin:10.1.0.31:15049|client:10.1.0.31:15048|dataStream:10.1.0.31:15051|priority:1|startupRole:FOLLOWER] returns group-935DF1EE04AB:java.util.concurrent.CompletableFuture@2ae4daf4[Not completed]
2023-06-02 20:40:35,216 [4daf1ed2-e43c-4bda-878b-63f1449da6f8-groupManagement] INFO  server.RaftServerConfigKeys (ConfUtils.java:logGet(46)) - raft.server.log.segment.cache.size.max = 200MB (=209715200) (default)
2023-06-02 20:40:35,216 [0ec547f6-a501-4372-afcf-7dbe5c08d569-groupManagement] INFO  server.RaftServerConfigKeys (ConfUtils.java:logGet(46)) - raft.server.retrycache.statistics.expirytime = 100μs (default)
2023-06-02 20:40:35,216 [0ec547f6-a501-4372-afcf-7dbe5c08d569-groupManagement] INFO  server.RaftServerConfigKeys (ConfUtils.java:logGet(46)) - raft.server.read.option = DEFAULT (default)
2023-06-02 20:40:35,218 [0ec547f6-a501-4372-afcf-7dbe5c08d569-groupManagement] INFO  server.RaftServerConfigKeys (ConfUtils.java:logGet(46)) - raft.server.rpc.request.timeout = 60s (custom)
2023-06-02 20:40:35,218 [0ec547f6-a501-4372-afcf-7dbe5c08d569-groupManagement] INFO  server.RaftServerConfigKeys (ConfUtils.java:logGet(46)) - raft.server.log.appender.install.snapshot.enabled = false (custom)
2023-06-02 20:40:35,218 [0ec547f6-a501-4372-afcf-7dbe5c08d569-groupManagement] INFO  server.RaftServerConfigKeys (ConfUtils.java:logGet(46)) - raft.server.threadpool.server.cached = true (default)
2023-06-02 20:40:35,218 [0ec547f6-a501-4372-afcf-7dbe5c08d569-groupManagement] INFO  server.RaftServerConfigKeys (ConfUtils.java:logGet(46)) - raft.server.threadpool.server.size = 0 (default)
2023-06-02 20:40:35,218 [0ec547f6-a501-4372-afcf-7dbe5c08d569-groupManagement] INFO  server.RaftServerConfigKeys (ConfUtils.java:logGet(46)) - raft.server.threadpool.client.cached = true (default)
2023-06-02 20:40:35,218 [0ec547f6-a501-4372-afcf-7dbe5c08d569-groupManagement] INFO  server.RaftServerConfigKeys (ConfUtils.java:logGet(46)) - raft.server.threadpool.client.size = 0 (default)
2023-06-02 20:40:35,218 [0ec547f6-a501-4372-afcf-7dbe5c08d569-groupManagement] INFO  storage.RaftStorageDirectory (RaftStorageDirectoryImpl.java:analyzeStorage(137)) - The storage directory /home/runner/work/ozone/ozone/hadoop-ozone/integration-test/target/test-dir/MiniOzoneClusterImpl-5ac0c7d5-b38a-4534-ae70-3109b4fe19c6/datanode-4/data/ratis/e5630298-d2ca-4eea-aa1f-935df1ee04ab does not exist. Creating ...
2023-06-02 20:40:35,219 [4daf1ed2-e43c-4bda-878b-63f1449da6f8-groupManagement] INFO  server.RaftServerConfigKeys (ConfUtils.java:logGet(46)) - raft.server.log.appender.buffer.byte-limit = 33554432 (custom)
2023-06-02 20:40:35,219 [4daf1ed2-e43c-4bda-878b-63f1449da6f8-groupManagement] INFO  segmented.SegmentedRaftLogWorker (SegmentedRaftLogWorker.java:<init>(188)) - new 4daf1ed2-e43c-4bda-878b-63f1449da6f8@group-E31964065D3F-SegmentedRaftLogWorker for RaftStorageImpl:Storage Directory /home/runner/work/ozone/ozone/hadoop-ozone/integration-test/target/test-dir/MiniOzoneClusterImpl-5ac0c7d5-b38a-4534-ae70-3109b4fe19c6/datanode-3/data/ratis/2acec971-adf6-4f61-9e2e-e31964065d3f
2023-06-02 20:40:35,219 [4daf1ed2-e43c-4bda-878b-63f1449da6f8-groupManagement] INFO  server.RaftServerConfigKeys (ConfUtils.java:logGet(46)) - raft.server.log.queue.byte-limit = 4294967296 (custom)
2023-06-02 20:40:35,219 [4daf1ed2-e43c-4bda-878b-63f1449da6f8-groupManagement] INFO  server.RaftServerConfigKeys (ConfUtils.java:logGet(46)) - raft.server.log.queue.element-limit = 1024 (custom)
2023-06-02 20:40:35,219 [4daf1ed2-e43c-4bda-878b-63f1449da6f8-groupManagement] INFO  server.RaftServerConfigKeys (ConfUtils.java:logGet(46)) - raft.server.log.segment.size.max = 1048576 (custom)
2023-06-02 20:40:35,219 [4daf1ed2-e43c-4bda-878b-63f1449da6f8-groupManagement] INFO  server.RaftServerConfigKeys (ConfUtils.java:logGet(46)) - raft.server.log.preallocated.size = 16384 (custom)
2023-06-02 20:40:35,219 [4daf1ed2-e43c-4bda-878b-63f1449da6f8-groupManagement] INFO  server.RaftServerConfigKeys (ConfUtils.java:logGet(46)) - raft.server.log.force.sync.num = 128 (default)
2023-06-02 20:40:35,219 [4daf1ed2-e43c-4bda-878b-63f1449da6f8-groupManagement] INFO  server.RaftServerConfigKeys (ConfUtils.java:logGet(46)) - raft.server.log.statemachine.data.sync = true (default)
2023-06-02 20:40:35,219 [4daf1ed2-e43c-4bda-878b-63f1449da6f8-groupManagement] INFO  server.RaftServerConfigKeys (ConfUtils.java:logGet(46)) - raft.server.log.statemachine.data.sync.timeout = 10s (default)
2023-06-02 20:40:35,219 [0ec547f6-a501-4372-afcf-7dbe5c08d569-groupManagement] INFO  storage.RaftStorageDirectory (RaftStorageDirectoryImpl.java:tryLock(231)) - Lock on /home/runner/work/ozone/ozone/hadoop-ozone/integration-test/target/test-dir/MiniOzoneClusterImpl-5ac0c7d5-b38a-4534-ae70-3109b4fe19c6/datanode-4/data/ratis/e5630298-d2ca-4eea-aa1f-935df1ee04ab/in_use.lock acquired by nodename 65175@fv-az1239-288
2023-06-02 20:40:35,220 [4daf1ed2-e43c-4bda-878b-63f1449da6f8-groupManagement] INFO  server.RaftServerConfigKeys (ConfUtils.java:logGet(46)) - raft.server.log.statemachine.data.sync.timeout.retry = -1 (default)
2023-06-02 20:40:35,221 [0ec547f6-a501-4372-afcf-7dbe5c08d569-groupManagement] INFO  storage.RaftStorage (RaftStorageImpl.java:format(96)) - Storage directory /home/runner/work/ozone/ozone/hadoop-ozone/integration-test/target/test-dir/MiniOzoneClusterImpl-5ac0c7d5-b38a-4534-ae70-3109b4fe19c6/datanode-4/data/ratis/e5630298-d2ca-4eea-aa1f-935df1ee04ab has been successfully formatted.
2023-06-02 20:40:35,221 [0ec547f6-a501-4372-afcf-7dbe5c08d569-groupManagement] INFO  ratis.ContainerStateMachine (ContainerStateMachine.java:loadSnapshot(262)) - group-935DF1EE04AB: The snapshot info is null. Setting the last applied indexto:(t:0, i:~)
2023-06-02 20:40:35,221 [0ec547f6-a501-4372-afcf-7dbe5c08d569-groupManagement] INFO  server.RaftServerConfigKeys (ConfUtils.java:logGet(46)) - raft.server.log.use.memory = false (default)
2023-06-02 20:40:35,221 [0ec547f6-a501-4372-afcf-7dbe5c08d569-groupManagement] INFO  server.RaftServerConfigKeys (ConfUtils.java:logGet(46)) - raft.server.log.purge.gap = 1000000 (custom)
2023-06-02 20:40:35,221 [0ec547f6-a501-4372-afcf-7dbe5c08d569-groupManagement] INFO  server.RaftServerConfigKeys (ConfUtils.java:logGet(46)) - raft.server.log.appender.buffer.byte-limit = 33554432 (custom)
2023-06-02 20:40:35,221 [0ec547f6-a501-4372-afcf-7dbe5c08d569-groupManagement] INFO  server.RaftServerConfigKeys (ConfUtils.java:logGet(46)) - raft.server.log.statemachine.data.read.timeout = 1000ms (default)
2023-06-02 20:40:35,221 [0ec547f6-a501-4372-afcf-7dbe5c08d569-groupManagement] INFO  server.RaftServerConfigKeys (ConfUtils.java:logGet(46)) - raft.server.log.purge.preservation.log.num = 0 (default)
2023-06-02 20:40:35,222 [0ec547f6-a501-4372-afcf-7dbe5c08d569-groupManagement] INFO  server.RaftServerConfigKeys (ConfUtils.java:logGet(46)) - raft.server.log.segment.size.max = 1048576 (custom)
2023-06-02 20:40:35,222 [0ec547f6-a501-4372-afcf-7dbe5c08d569-groupManagement] INFO  server.RaftServerConfigKeys (ConfUtils.java:logGet(46)) - raft.server.log.segment.cache.num.max = 2 (custom)
2023-06-02 20:40:35,222 [0ec547f6-a501-4372-afcf-7dbe5c08d569-groupManagement] INFO  server.RaftServerConfigKeys (ConfUtils.java:logGet(46)) - raft.server.log.segment.cache.size.max = 200MB (=209715200) (default)
2023-06-02 20:40:35,223 [0ec547f6-a501-4372-afcf-7dbe5c08d569-groupManagement] INFO  server.RaftServerConfigKeys (ConfUtils.java:logGet(46)) - raft.server.log.appender.buffer.byte-limit = 33554432 (custom)
2023-06-02 20:40:35,223 [0ec547f6-a501-4372-afcf-7dbe5c08d569-groupManagement] INFO  segmented.SegmentedRaftLogWorker (SegmentedRaftLogWorker.java:<init>(188)) - new 0ec547f6-a501-4372-afcf-7dbe5c08d569@group-935DF1EE04AB-SegmentedRaftLogWorker for RaftStorageImpl:Storage Directory /home/runner/work/ozone/ozone/hadoop-ozone/integration-test/target/test-dir/MiniOzoneClusterImpl-5ac0c7d5-b38a-4534-ae70-3109b4fe19c6/datanode-4/data/ratis/e5630298-d2ca-4eea-aa1f-935df1ee04ab
2023-06-02 20:40:35,223 [0ec547f6-a501-4372-afcf-7dbe5c08d569-groupManagement] INFO  server.RaftServerConfigKeys (ConfUtils.java:logGet(46)) - raft.server.log.queue.byte-limit = 4294967296 (custom)
2023-06-02 20:40:35,223 [0ec547f6-a501-4372-afcf-7dbe5c08d569-groupManagement] INFO  server.RaftServerConfigKeys (ConfUtils.java:logGet(46)) - raft.server.log.queue.element-limit = 1024 (custom)
2023-06-02 20:40:35,223 [0ec547f6-a501-4372-afcf-7dbe5c08d569-groupManagement] INFO  server.RaftServerConfigKeys (ConfUtils.java:logGet(46)) - raft.server.log.segment.size.max = 1048576 (custom)
2023-06-02 20:40:35,223 [0ec547f6-a501-4372-afcf-7dbe5c08d569-groupManagement] INFO  server.RaftServerConfigKeys (ConfUtils.java:logGet(46)) - raft.server.log.preallocated.size = 16384 (custom)
2023-06-02 20:40:35,223 [0ec547f6-a501-4372-afcf-7dbe5c08d569-groupManagement] INFO  server.RaftServerConfigKeys (ConfUtils.java:logGet(46)) - raft.server.log.force.sync.num = 128 (default)
2023-06-02 20:40:35,223 [0ec547f6-a501-4372-afcf-7dbe5c08d569-groupManagement] INFO  server.RaftServerConfigKeys (ConfUtils.java:logGet(46)) - raft.server.log.statemachine.data.sync = true (default)
2023-06-02 20:40:35,223 [0ec547f6-a501-4372-afcf-7dbe5c08d569-groupManagement] INFO  server.RaftServerConfigKeys (ConfUtils.java:logGet(46)) - raft.server.log.statemachine.data.sync.timeout = 10s (default)
2023-06-02 20:40:35,223 [EventQueue-PipelineReportForPipelineReportHandler] INFO  pipeline.PipelineManagerImpl (PipelineManagerImpl.java:openPipeline(367)) - Pipeline Pipeline[ Id: e5630298-d2ca-4eea-aa1f-935df1ee04ab, Nodes: 0ec547f6-a501-4372-afcf-7dbe5c08d569(fv-az1239-288/10.1.0.31), ReplicationConfig: RATIS/ONE, State:ALLOCATED, leaderId:0ec547f6-a501-4372-afcf-7dbe5c08d569, CreationTimestamp2023-06-02T20:40:32.221Z[Etc/UTC]] moved to OPEN state
2023-06-02 20:40:35,224 [EventQueue-OpenPipelineForHealthyPipelineSafeModeRule] INFO  safemode.SCMSafeModeManager (HealthyPipelineSafeModeRule.java:process(137)) - SCM in safe mode. Healthy pipelines reported count is 0, required healthy pipeline reported count is 1
2023-06-02 20:40:35,224 [0ec547f6-a501-4372-afcf-7dbe5c08d569-groupManagement] INFO  server.RaftServerConfigKeys (ConfUtils.java:logGet(46)) - raft.server.log.statemachine.data.sync.timeout.retry = -1 (default)
2023-06-02 20:40:35,226 [4daf1ed2-e43c-4bda-878b-63f1449da6f8-groupManagement] INFO  server.RaftServerConfigKeys (ConfUtils.java:logGet(46)) - raft.server.log.write.buffer.size = 1048576 (custom)
2023-06-02 20:40:35,227 [0ec547f6-a501-4372-afcf-7dbe5c08d569-groupManagement] INFO  server.RaftServerConfigKeys (ConfUtils.java:logGet(46)) - raft.server.log.write.buffer.size = 1048576 (custom)
2023-06-02 20:40:35,228 [0ec547f6-a501-4372-afcf-7dbe5c08d569-groupManagement] INFO  server.RaftServerConfigKeys (ConfUtils.java:logGet(46)) - raft.server.log.appender.buffer.byte-limit = 33554432 (custom)
2023-06-02 20:40:35,232 [4daf1ed2-e43c-4bda-878b-63f1449da6f8-groupManagement] INFO  server.RaftServerConfigKeys (ConfUtils.java:logGet(46)) - raft.server.log.appender.buffer.byte-limit = 33554432 (custom)
2023-06-02 20:40:35,238 [4daf1ed2-e43c-4bda-878b-63f1449da6f8-groupManagement] INFO  server.RaftServerConfigKeys (ConfUtils.java:logGet(46)) - raft.server.log.unsafe-flush.enabled = false (default)
2023-06-02 20:40:35,238 [4daf1ed2-e43c-4bda-878b-63f1449da6f8-groupManagement] INFO  server.RaftServerConfigKeys (ConfUtils.java:logGet(46)) - raft.server.log.async-flush.enabled = false (default)
2023-06-02 20:40:35,238 [4daf1ed2-e43c-4bda-878b-63f1449da6f8-groupManagement] INFO  server.RaftServerConfigKeys (ConfUtils.java:logGet(46)) - raft.server.log.statemachine.data.caching.enabled = true (custom)
2023-06-02 20:40:35,238 [4daf1ed2-e43c-4bda-878b-63f1449da6f8-groupManagement] INFO  segmented.SegmentedRaftLogWorker (SegmentedRaftLogWorker.java:lambda$new$0(135)) - 4daf1ed2-e43c-4bda-878b-63f1449da6f8@group-E31964065D3F-SegmentedRaftLogWorker: flushIndex: setUnconditionally 0 -> -1
2023-06-02 20:40:35,238 [4daf1ed2-e43c-4bda-878b-63f1449da6f8-groupManagement] INFO  segmented.SegmentedRaftLogWorker (SegmentedRaftLogWorker.java:lambda$new$0(135)) - 4daf1ed2-e43c-4bda-878b-63f1449da6f8@group-E31964065D3F-SegmentedRaftLogWorker: safeCacheEvictIndex: setUnconditionally 0 -> -1
2023-06-02 20:40:35,240 [0ec547f6-a501-4372-afcf-7dbe5c08d569-groupManagement] INFO  server.RaftServerConfigKeys (ConfUtils.java:logGet(46)) - raft.server.log.unsafe-flush.enabled = false (default)
2023-06-02 20:40:35,240 [0ec547f6-a501-4372-afcf-7dbe5c08d569-groupManagement] INFO  server.RaftServerConfigKeys (ConfUtils.java:logGet(46)) - raft.server.log.async-flush.enabled = false (default)
2023-06-02 20:40:35,240 [0ec547f6-a501-4372-afcf-7dbe5c08d569-groupManagement] INFO  server.RaftServerConfigKeys (ConfUtils.java:logGet(46)) - raft.server.log.statemachine.data.caching.enabled = true (custom)
2023-06-02 20:40:35,240 [0ec547f6-a501-4372-afcf-7dbe5c08d569-groupManagement] INFO  segmented.SegmentedRaftLogWorker (SegmentedRaftLogWorker.java:lambda$new$0(135)) - 0ec547f6-a501-4372-afcf-7dbe5c08d569@group-935DF1EE04AB-SegmentedRaftLogWorker: flushIndex: setUnconditionally 0 -> -1
2023-06-02 20:40:35,240 [0ec547f6-a501-4372-afcf-7dbe5c08d569-groupManagement] INFO  segmented.SegmentedRaftLogWorker (SegmentedRaftLogWorker.java:lambda$new$0(135)) - 0ec547f6-a501-4372-afcf-7dbe5c08d569@group-935DF1EE04AB-SegmentedRaftLogWorker: safeCacheEvictIndex: setUnconditionally 0 -> -1
2023-06-02 20:40:35,243 [4daf1ed2-e43c-4bda-878b-63f1449da6f8-groupManagement] INFO  server.RaftServer$Division (RaftServerImpl.java:start(342)) - 4daf1ed2-e43c-4bda-878b-63f1449da6f8@group-E31964065D3F: start as a follower, conf=-1: peers:[f5d72e8c-7c96-4354-bf1f-55d48726708b|rpc:10.1.0.31:15059|admin:10.1.0.31:15058|client:10.1.0.31:15057|dataStream:10.1.0.31:15060|priority:0|startupRole:FOLLOWER, 4daf1ed2-e43c-4bda-878b-63f1449da6f8|rpc:10.1.0.31:15041|admin:10.1.0.31:15040|client:10.1.0.31:15039|dataStream:10.1.0.31:15042|priority:1|startupRole:FOLLOWER, 0ec547f6-a501-4372-afcf-7dbe5c08d569|rpc:10.1.0.31:15050|admin:10.1.0.31:15049|client:10.1.0.31:15048|dataStream:10.1.0.31:15051|priority:0|startupRole:FOLLOWER]|listeners:[], old=null
2023-06-02 20:40:35,243 [4daf1ed2-e43c-4bda-878b-63f1449da6f8-groupManagement] INFO  server.RaftServer$Division (RaftServerImpl.java:setRole(329)) - 4daf1ed2-e43c-4bda-878b-63f1449da6f8@group-E31964065D3F: changes role from      null to FOLLOWER at term 0 for startAsFollower
2023-06-02 20:40:35,243 [4daf1ed2-e43c-4bda-878b-63f1449da6f8-groupManagement] INFO  impl.RoleInfo (RoleInfo.java:updateAndGet(139)) - 4daf1ed2-e43c-4bda-878b-63f1449da6f8: start 4daf1ed2-e43c-4bda-878b-63f1449da6f8@group-E31964065D3F-FollowerState
2023-06-02 20:40:35,244 [4daf1ed2-e43c-4bda-878b-63f1449da6f8-groupManagement] INFO  util.JmxRegister (JmxRegister.java:tryRegister(44)) - Successfully registered JMX Bean with object name Ratis:service=RaftServer,group=group-E31964065D3F,id=4daf1ed2-e43c-4bda-878b-63f1449da6f8
2023-06-02 20:40:35,244 [4daf1ed2-e43c-4bda-878b-63f1449da6f8-groupManagement] INFO  server.RaftServerConfigKeys (ConfUtils.java:logGet(46)) - raft.server.snapshot.auto.trigger.enabled = true (custom)
2023-06-02 20:40:35,244 [4daf1ed2-e43c-4bda-878b-63f1449da6f8-groupManagement] INFO  server.RaftServerConfigKeys (ConfUtils.java:logGet(46)) - raft.server.snapshot.auto.trigger.threshold = 10000 (custom)
2023-06-02 20:40:35,244 [4daf1ed2-e43c-4bda-878b-63f1449da6f8-groupManagement] INFO  server.RaftServerConfigKeys (ConfUtils.java:logGet(46)) - raft.server.snapshot.retention.file.num = 5 (custom)
2023-06-02 20:40:35,244 [4daf1ed2-e43c-4bda-878b-63f1449da6f8-groupManagement] INFO  server.RaftServerConfigKeys (ConfUtils.java:logGet(46)) - raft.server.log.purge.upto.snapshot.index = false (default)
2023-06-02 20:40:35,245 [4daf1ed2-e43c-4bda-878b-63f1449da6f8@group-E31964065D3F-FollowerState] INFO  server.RaftServerConfigKeys (ConfUtils.java:logFallback(53)) - raft.server.rpc.first-election.timeout.min = 5s (fallback to raft.server.rpc.timeout.min)
2023-06-02 20:40:35,247 [PipelineCommandHandlerThread-0] INFO  ratis.XceiverServerRatis (XceiverServerRatis.java:addGroup(804)) - Created group PipelineID=2acec971-adf6-4f61-9e2e-e31964065d3f
2023-06-02 20:40:35,245 [0ec547f6-a501-4372-afcf-7dbe5c08d569-groupManagement] INFO  server.RaftServer$Division (RaftServerImpl.java:start(342)) - 0ec547f6-a501-4372-afcf-7dbe5c08d569@group-935DF1EE04AB: start as a follower, conf=-1: peers:[0ec547f6-a501-4372-afcf-7dbe5c08d569|rpc:10.1.0.31:15050|admin:10.1.0.31:15049|client:10.1.0.31:15048|dataStream:10.1.0.31:15051|priority:1|startupRole:FOLLOWER]|listeners:[], old=null
2023-06-02 20:40:35,251 [0ec547f6-a501-4372-afcf-7dbe5c08d569-groupManagement] INFO  server.RaftServer$Division (RaftServerImpl.java:setRole(329)) - 0ec547f6-a501-4372-afcf-7dbe5c08d569@group-935DF1EE04AB: changes role from      null to FOLLOWER at term 0 for startAsFollower
2023-06-02 20:40:35,251 [0ec547f6-a501-4372-afcf-7dbe5c08d569-groupManagement] INFO  impl.RoleInfo (RoleInfo.java:updateAndGet(139)) - 0ec547f6-a501-4372-afcf-7dbe5c08d569: start 0ec547f6-a501-4372-afcf-7dbe5c08d569@group-935DF1EE04AB-FollowerState
2023-06-02 20:40:35,251 [4daf1ed2-e43c-4bda-878b-63f1449da6f8@group-E31964065D3F-FollowerState] INFO  server.RaftServerConfigKeys (ConfUtils.java:logFallback(53)) - raft.server.rpc.first-election.timeout.max = 5200ms (fallback to raft.server.rpc.timeout.max)
2023-06-02 20:40:35,254 [0ec547f6-a501-4372-afcf-7dbe5c08d569-groupManagement] INFO  util.JmxRegister (JmxRegister.java:tryRegister(44)) - Successfully registered JMX Bean with object name Ratis:service=RaftServer,group=group-935DF1EE04AB,id=0ec547f6-a501-4372-afcf-7dbe5c08d569
2023-06-02 20:40:35,254 [0ec547f6-a501-4372-afcf-7dbe5c08d569-groupManagement] INFO  server.RaftServerConfigKeys (ConfUtils.java:logGet(46)) - raft.server.snapshot.auto.trigger.enabled = true (custom)
2023-06-02 20:40:35,254 [0ec547f6-a501-4372-afcf-7dbe5c08d569-groupManagement] INFO  server.RaftServerConfigKeys (ConfUtils.java:logGet(46)) - raft.server.snapshot.auto.trigger.threshold = 10000 (custom)
2023-06-02 20:40:35,254 [0ec547f6-a501-4372-afcf-7dbe5c08d569-groupManagement] INFO  server.RaftServerConfigKeys (ConfUtils.java:logGet(46)) - raft.server.snapshot.retention.file.num = 5 (custom)
2023-06-02 20:40:35,254 [0ec547f6-a501-4372-afcf-7dbe5c08d569-groupManagement] INFO  server.RaftServerConfigKeys (ConfUtils.java:logGet(46)) - raft.server.log.purge.upto.snapshot.index = false (default)
2023-06-02 20:40:35,255 [0ec547f6-a501-4372-afcf-7dbe5c08d569@group-935DF1EE04AB-FollowerState] INFO  server.RaftServerConfigKeys (ConfUtils.java:logFallback(53)) - raft.server.rpc.first-election.timeout.min = 5s (fallback to raft.server.rpc.timeout.min)
2023-06-02 20:40:35,255 [0ec547f6-a501-4372-afcf-7dbe5c08d569@group-935DF1EE04AB-FollowerState] INFO  server.RaftServerConfigKeys (ConfUtils.java:logFallback(53)) - raft.server.rpc.first-election.timeout.max = 5200ms (fallback to raft.server.rpc.timeout.max)
2023-06-02 20:40:35,260 [PipelineCommandHandlerThread-0] INFO  ratis.XceiverServerRatis (XceiverServerRatis.java:addGroup(804)) - Created group PipelineID=e5630298-d2ca-4eea-aa1f-935df1ee04ab
2023-06-02 20:40:35,260 [PipelineCommandHandlerThread-0] INFO  commandhandler.CreatePipelineCommandHandler (CreatePipelineCommandHandler.java:lambda$handle$2(124)) - Created Pipeline RATIS ONE PipelineID=e5630298-d2ca-4eea-aa1f-935df1ee04ab.
2023-06-02 20:40:35,261 [PipelineCommandHandlerThread-0] INFO  server.RaftServer (RaftServerProxy.java:addNew(98)) - 0ec547f6-a501-4372-afcf-7dbe5c08d569: addNew group-E31964065D3F:[f5d72e8c-7c96-4354-bf1f-55d48726708b|rpc:10.1.0.31:15059|admin:10.1.0.31:15058|client:10.1.0.31:15057|dataStream:10.1.0.31:15060|priority:0|startupRole:FOLLOWER, 4daf1ed2-e43c-4bda-878b-63f1449da6f8|rpc:10.1.0.31:15041|admin:10.1.0.31:15040|client:10.1.0.31:15039|dataStream:10.1.0.31:15042|priority:1|startupRole:FOLLOWER, 0ec547f6-a501-4372-afcf-7dbe5c08d569|rpc:10.1.0.31:15050|admin:10.1.0.31:15049|client:10.1.0.31:15048|dataStream:10.1.0.31:15051|priority:0|startupRole:FOLLOWER] returns group-E31964065D3F:java.util.concurrent.CompletableFuture@242331d8[Not completed]
2023-06-02 20:40:35,262 [0ec547f6-a501-4372-afcf-7dbe5c08d569-groupManagement] INFO  server.RaftServer$Division (RaftServerImpl.java:<init>(198)) - 0ec547f6-a501-4372-afcf-7dbe5c08d569: new RaftServerImpl for group-E31964065D3F:[f5d72e8c-7c96-4354-bf1f-55d48726708b|rpc:10.1.0.31:15059|admin:10.1.0.31:15058|client:10.1.0.31:15057|dataStream:10.1.0.31:15060|priority:0|startupRole:FOLLOWER, 4daf1ed2-e43c-4bda-878b-63f1449da6f8|rpc:10.1.0.31:15041|admin:10.1.0.31:15040|client:10.1.0.31:15039|dataStream:10.1.0.31:15042|priority:1|startupRole:FOLLOWER, 0ec547f6-a501-4372-afcf-7dbe5c08d569|rpc:10.1.0.31:15050|admin:10.1.0.31:15049|client:10.1.0.31:15048|dataStream:10.1.0.31:15051|priority:0|startupRole:FOLLOWER] with ContainerStateMachine:uninitialized
2023-06-02 20:40:35,262 [0ec547f6-a501-4372-afcf-7dbe5c08d569-groupManagement] INFO  server.RaftServerConfigKeys (ConfUtils.java:logGet(46)) - raft.server.rpc.timeout.min = 5s (custom)
2023-06-02 20:40:35,262 [0ec547f6-a501-4372-afcf-7dbe5c08d569-groupManagement] INFO  server.RaftServerConfigKeys (ConfUtils.java:logGet(46)) - raft.server.rpc.timeout.max = 5200ms (custom)
2023-06-02 20:40:35,262 [0ec547f6-a501-4372-afcf-7dbe5c08d569-groupManagement] INFO  server.RaftServerConfigKeys (ConfUtils.java:logGet(46)) - raft.server.rpc.sleep.time = 25ms (default)
2023-06-02 20:40:35,262 [0ec547f6-a501-4372-afcf-7dbe5c08d569-groupManagement] INFO  server.RaftServerConfigKeys (ConfUtils.java:logGet(46)) - raft.server.rpc.slowness.timeout = 300s (custom)
2023-06-02 20:40:35,262 [0ec547f6-a501-4372-afcf-7dbe5c08d569-groupManagement] INFO  server.RaftServerConfigKeys (ConfUtils.java:logGet(46)) - raft.server.leaderelection.leader.step-down.wait-time = 10s (default)
2023-06-02 20:40:35,262 [0ec547f6-a501-4372-afcf-7dbe5c08d569-groupManagement] INFO  server.RaftServerConfigKeys (ConfUtils.java:logGet(46)) - raft.server.sleep.deviation.threshold = 300ms (default)
2023-06-02 20:40:35,262 [0ec547f6-a501-4372-afcf-7dbe5c08d569-groupManagement] INFO  server.RaftServer$Division (ServerState.java:<init>(120)) - 0ec547f6-a501-4372-afcf-7dbe5c08d569@group-E31964065D3F: ConfigurationManager, init=-1: peers:[f5d72e8c-7c96-4354-bf1f-55d48726708b|rpc:10.1.0.31:15059|admin:10.1.0.31:15058|client:10.1.0.31:15057|dataStream:10.1.0.31:15060|priority:0|startupRole:FOLLOWER, 4daf1ed2-e43c-4bda-878b-63f1449da6f8|rpc:10.1.0.31:15041|admin:10.1.0.31:15040|client:10.1.0.31:15039|dataStream:10.1.0.31:15042|priority:1|startupRole:FOLLOWER, 0ec547f6-a501-4372-afcf-7dbe5c08d569|rpc:10.1.0.31:15050|admin:10.1.0.31:15049|client:10.1.0.31:15048|dataStream:10.1.0.31:15051|priority:0|startupRole:FOLLOWER]|listeners:[], old=null, confs=<EMPTY_MAP>
2023-06-02 20:40:35,262 [0ec547f6-a501-4372-afcf-7dbe5c08d569-groupManagement] INFO  server.RaftServerConfigKeys (ConfUtils.java:logGet(46)) - raft.server.storage.dir = [/home/runner/work/ozone/ozone/hadoop-ozone/integration-test/target/test-dir/MiniOzoneClusterImpl-5ac0c7d5-b38a-4534-ae70-3109b4fe19c6/datanode-4/data/ratis] (custom)
2023-06-02 20:40:35,262 [0ec547f6-a501-4372-afcf-7dbe5c08d569-groupManagement] INFO  server.RaftServerConfigKeys (ConfUtils.java:logGet(46)) - raft.server.log.corruption.policy = EXCEPTION (default)
2023-06-02 20:40:35,262 [0ec547f6-a501-4372-afcf-7dbe5c08d569-groupManagement] INFO  server.RaftServerConfigKeys (ConfUtils.java:logGet(46)) - raft.server.storage.free-space.min = 0MB (=0) (default)
2023-06-02 20:40:35,263 [0ec547f6-a501-4372-afcf-7dbe5c08d569-groupManagement] INFO  server.RaftServerConfigKeys (ConfUtils.java:logGet(46)) - raft.server.notification.no-leader.timeout = 300s (custom)
2023-06-02 20:40:35,263 [0ec547f6-a501-4372-afcf-7dbe5c08d569-groupManagement] INFO  server.RaftServerConfigKeys (ConfUtils.java:logGet(46)) - raft.server.read.timeout = 10s (default)
2023-06-02 20:40:35,263 [0ec547f6-a501-4372-afcf-7dbe5c08d569-groupManagement] INFO  server.RaftServerConfigKeys (ConfUtils.java:logGet(46)) - raft.server.retrycache.expirytime = 600000ms (custom)
2023-06-02 20:40:35,263 [0ec547f6-a501-4372-afcf-7dbe5c08d569-groupManagement] INFO  server.RaftServerConfigKeys (ConfUtils.java:logGet(46)) - raft.server.retrycache.statistics.expirytime = 100μs (default)
2023-06-02 20:40:35,263 [0ec547f6-a501-4372-afcf-7dbe5c08d569-groupManagement] INFO  server.RaftServerConfigKeys (ConfUtils.java:logGet(46)) - raft.server.read.option = DEFAULT (default)
2023-06-02 20:40:35,264 [0ec547f6-a501-4372-afcf-7dbe5c08d569-groupManagement] INFO  server.RaftServerConfigKeys (ConfUtils.java:logGet(46)) - raft.server.rpc.request.timeout = 60s (custom)
2023-06-02 20:40:35,265 [0ec547f6-a501-4372-afcf-7dbe5c08d569-groupManagement] INFO  server.RaftServerConfigKeys (ConfUtils.java:logGet(46)) - raft.server.log.appender.install.snapshot.enabled = false (custom)
2023-06-02 20:40:35,265 [0ec547f6-a501-4372-afcf-7dbe5c08d569-groupManagement] INFO  server.RaftServerConfigKeys (ConfUtils.java:logGet(46)) - raft.server.threadpool.server.cached = true (default)
2023-06-02 20:40:35,265 [0ec547f6-a501-4372-afcf-7dbe5c08d569-groupManagement] INFO  server.RaftServerConfigKeys (ConfUtils.java:logGet(46)) - raft.server.threadpool.server.size = 0 (default)
2023-06-02 20:40:35,265 [0ec547f6-a501-4372-afcf-7dbe5c08d569-groupManagement] INFO  server.RaftServerConfigKeys (ConfUtils.java:logGet(46)) - raft.server.threadpool.client.cached = true (default)
2023-06-02 20:40:35,265 [0ec547f6-a501-4372-afcf-7dbe5c08d569-groupManagement] INFO  server.RaftServerConfigKeys (ConfUtils.java:logGet(46)) - raft.server.threadpool.client.size = 0 (default)
2023-06-02 20:40:35,265 [0ec547f6-a501-4372-afcf-7dbe5c08d569-groupManagement] INFO  storage.RaftStorageDirectory (RaftStorageDirectoryImpl.java:analyzeStorage(137)) - The storage directory /home/runner/work/ozone/ozone/hadoop-ozone/integration-test/target/test-dir/MiniOzoneClusterImpl-5ac0c7d5-b38a-4534-ae70-3109b4fe19c6/datanode-4/data/ratis/2acec971-adf6-4f61-9e2e-e31964065d3f does not exist. Creating ...
2023-06-02 20:40:35,274 [0ec547f6-a501-4372-afcf-7dbe5c08d569-groupManagement] INFO  storage.RaftStorageDirectory (RaftStorageDirectoryImpl.java:tryLock(231)) - Lock on /home/runner/work/ozone/ozone/hadoop-ozone/integration-test/target/test-dir/MiniOzoneClusterImpl-5ac0c7d5-b38a-4534-ae70-3109b4fe19c6/datanode-4/data/ratis/2acec971-adf6-4f61-9e2e-e31964065d3f/in_use.lock acquired by nodename 65175@fv-az1239-288
2023-06-02 20:40:35,276 [0ec547f6-a501-4372-afcf-7dbe5c08d569-groupManagement] INFO  storage.RaftStorage (RaftStorageImpl.java:format(96)) - Storage directory /home/runner/work/ozone/ozone/hadoop-ozone/integration-test/target/test-dir/MiniOzoneClusterImpl-5ac0c7d5-b38a-4534-ae70-3109b4fe19c6/datanode-4/data/ratis/2acec971-adf6-4f61-9e2e-e31964065d3f has been successfully formatted.
2023-06-02 20:40:35,276 [grpc-default-executor-0] INFO  server.RaftServer (RaftServerProxy.java:addNew(98)) - f5d72e8c-7c96-4354-bf1f-55d48726708b: addNew group-E31964065D3F:[f5d72e8c-7c96-4354-bf1f-55d48726708b|rpc:10.1.0.31:15059|admin:10.1.0.31:15058|client:10.1.0.31:15057|dataStream:10.1.0.31:15060|priority:0|startupRole:FOLLOWER, 4daf1ed2-e43c-4bda-878b-63f1449da6f8|rpc:10.1.0.31:15041|admin:10.1.0.31:15040|client:10.1.0.31:15039|dataStream:10.1.0.31:15042|priority:1|startupRole:FOLLOWER, 0ec547f6-a501-4372-afcf-7dbe5c08d569|rpc:10.1.0.31:15050|admin:10.1.0.31:15049|client:10.1.0.31:15048|dataStream:10.1.0.31:15051|priority:0|startupRole:FOLLOWER] returns group-E31964065D3F:java.util.concurrent.CompletableFuture@24384ada[Not completed]
2023-06-02 20:40:35,281 [0ec547f6-a501-4372-afcf-7dbe5c08d569-groupManagement] INFO  ratis.ContainerStateMachine (ContainerStateMachine.java:loadSnapshot(262)) - group-E31964065D3F: The snapshot info is null. Setting the last applied indexto:(t:0, i:~)
2023-06-02 20:40:35,281 [0ec547f6-a501-4372-afcf-7dbe5c08d569-groupManagement] INFO  server.RaftServerConfigKeys (ConfUtils.java:logGet(46)) - raft.server.log.use.memory = false (default)
2023-06-02 20:40:35,281 [0ec547f6-a501-4372-afcf-7dbe5c08d569-groupManagement] INFO  server.RaftServerConfigKeys (ConfUtils.java:logGet(46)) - raft.server.log.purge.gap = 1000000 (custom)
2023-06-02 20:40:35,281 [0ec547f6-a501-4372-afcf-7dbe5c08d569-groupManagement] INFO  server.RaftServerConfigKeys (ConfUtils.java:logGet(46)) - raft.server.log.appender.buffer.byte-limit = 33554432 (custom)
2023-06-02 20:40:35,281 [0ec547f6-a501-4372-afcf-7dbe5c08d569-groupManagement] INFO  server.RaftServerConfigKeys (ConfUtils.java:logGet(46)) - raft.server.log.statemachine.data.read.timeout = 1000ms (default)
2023-06-02 20:40:35,281 [0ec547f6-a501-4372-afcf-7dbe5c08d569-groupManagement] INFO  server.RaftServerConfigKeys (ConfUtils.java:logGet(46)) - raft.server.log.purge.preservation.log.num = 0 (default)
2023-06-02 20:40:35,282 [0ec547f6-a501-4372-afcf-7dbe5c08d569-groupManagement] INFO  server.RaftServerConfigKeys (ConfUtils.java:logGet(46)) - raft.server.log.segment.size.max = 1048576 (custom)
2023-06-02 20:40:35,282 [0ec547f6-a501-4372-afcf-7dbe5c08d569-groupManagement] INFO  server.RaftServerConfigKeys (ConfUtils.java:logGet(46)) - raft.server.log.segment.cache.num.max = 2 (custom)
2023-06-02 20:40:35,282 [0ec547f6-a501-4372-afcf-7dbe5c08d569-groupManagement] INFO  server.RaftServerConfigKeys (ConfUtils.java:logGet(46)) - raft.server.log.segment.cache.size.max = 200MB (=209715200) (default)
2023-06-02 20:40:35,282 [0ec547f6-a501-4372-afcf-7dbe5c08d569-groupManagement] INFO  server.RaftServerConfigKeys (ConfUtils.java:logGet(46)) - raft.server.log.appender.buffer.byte-limit = 33554432 (custom)
2023-06-02 20:40:35,282 [0ec547f6-a501-4372-afcf-7dbe5c08d569-groupManagement] INFO  segmented.SegmentedRaftLogWorker (SegmentedRaftLogWorker.java:<init>(188)) - new 0ec547f6-a501-4372-afcf-7dbe5c08d569@group-E31964065D3F-SegmentedRaftLogWorker for RaftStorageImpl:Storage Directory /home/runner/work/ozone/ozone/hadoop-ozone/integration-test/target/test-dir/MiniOzoneClusterImpl-5ac0c7d5-b38a-4534-ae70-3109b4fe19c6/datanode-4/data/ratis/2acec971-adf6-4f61-9e2e-e31964065d3f
2023-06-02 20:40:35,282 [0ec547f6-a501-4372-afcf-7dbe5c08d569-groupManagement] INFO  server.RaftServerConfigKeys (ConfUtils.java:logGet(46)) - raft.server.log.queue.byte-limit = 4294967296 (custom)
2023-06-02 20:40:35,283 [0ec547f6-a501-4372-afcf-7dbe5c08d569-groupManagement] INFO  server.RaftServerConfigKeys (ConfUtils.java:logGet(46)) - raft.server.log.queue.element-limit = 1024 (custom)
2023-06-02 20:40:35,283 [0ec547f6-a501-4372-afcf-7dbe5c08d569-groupManagement] INFO  server.RaftServerConfigKeys (ConfUtils.java:logGet(46)) - raft.server.log.segment.size.max = 1048576 (custom)
2023-06-02 20:40:35,283 [0ec547f6-a501-4372-afcf-7dbe5c08d569-groupManagement] INFO  server.RaftServerConfigKeys (ConfUtils.java:logGet(46)) - raft.server.log.preallocated.size = 16384 (custom)
2023-06-02 20:40:35,283 [0ec547f6-a501-4372-afcf-7dbe5c08d569-groupManagement] INFO  server.RaftServerConfigKeys (ConfUtils.java:logGet(46)) - raft.server.log.force.sync.num = 128 (default)
2023-06-02 20:40:35,283 [0ec547f6-a501-4372-afcf-7dbe5c08d569-groupManagement] INFO  server.RaftServerConfigKeys (ConfUtils.java:logGet(46)) - raft.server.log.statemachine.data.sync = true (default)
2023-06-02 20:40:35,284 [f5d72e8c-7c96-4354-bf1f-55d48726708b-groupManagement] INFO  server.RaftServer$Division (RaftServerImpl.java:<init>(198)) - f5d72e8c-7c96-4354-bf1f-55d48726708b: new RaftServerImpl for group-E31964065D3F:[f5d72e8c-7c96-4354-bf1f-55d48726708b|rpc:10.1.0.31:15059|admin:10.1.0.31:15058|client:10.1.0.31:15057|dataStream:10.1.0.31:15060|priority:0|startupRole:FOLLOWER, 4daf1ed2-e43c-4bda-878b-63f1449da6f8|rpc:10.1.0.31:15041|admin:10.1.0.31:15040|client:10.1.0.31:15039|dataStream:10.1.0.31:15042|priority:1|startupRole:FOLLOWER, 0ec547f6-a501-4372-afcf-7dbe5c08d569|rpc:10.1.0.31:15050|admin:10.1.0.31:15049|client:10.1.0.31:15048|dataStream:10.1.0.31:15051|priority:0|startupRole:FOLLOWER] with ContainerStateMachine:uninitialized
2023-06-02 20:40:35,284 [f5d72e8c-7c96-4354-bf1f-55d48726708b-groupManagement] INFO  server.RaftServerConfigKeys (ConfUtils.java:logGet(46)) - raft.server.rpc.timeout.min = 5s (custom)
2023-06-02 20:40:35,284 [f5d72e8c-7c96-4354-bf1f-55d48726708b-groupManagement] INFO  server.RaftServerConfigKeys (ConfUtils.java:logGet(46)) - raft.server.rpc.timeout.max = 5200ms (custom)
2023-06-02 20:40:35,284 [f5d72e8c-7c96-4354-bf1f-55d48726708b-groupManagement] INFO  server.RaftServerConfigKeys (ConfUtils.java:logGet(46)) - raft.server.rpc.sleep.time = 25ms (default)
2023-06-02 20:40:35,284 [f5d72e8c-7c96-4354-bf1f-55d48726708b-groupManagement] INFO  server.RaftServerConfigKeys (ConfUtils.java:logGet(46)) - raft.server.rpc.slowness.timeout = 300s (custom)
2023-06-02 20:40:35,284 [f5d72e8c-7c96-4354-bf1f-55d48726708b-groupManagement] INFO  server.RaftServerConfigKeys (ConfUtils.java:logGet(46)) - raft.server.leaderelection.leader.step-down.wait-time = 10s (default)
2023-06-02 20:40:35,284 [f5d72e8c-7c96-4354-bf1f-55d48726708b-groupManagement] INFO  server.RaftServerConfigKeys (ConfUtils.java:logGet(46)) - raft.server.sleep.deviation.threshold = 300ms (default)
2023-06-02 20:40:35,284 [f5d72e8c-7c96-4354-bf1f-55d48726708b-groupManagement] INFO  server.RaftServer$Division (ServerState.java:<init>(120)) - f5d72e8c-7c96-4354-bf1f-55d48726708b@group-E31964065D3F: ConfigurationManager, init=-1: peers:[f5d72e8c-7c96-4354-bf1f-55d48726708b|rpc:10.1.0.31:15059|admin:10.1.0.31:15058|client:10.1.0.31:15057|dataStream:10.1.0.31:15060|priority:0|startupRole:FOLLOWER, 4daf1ed2-e43c-4bda-878b-63f1449da6f8|rpc:10.1.0.31:15041|admin:10.1.0.31:15040|client:10.1.0.31:15039|dataStream:10.1.0.31:15042|priority:1|startupRole:FOLLOWER, 0ec547f6-a501-4372-afcf-7dbe5c08d569|rpc:10.1.0.31:15050|admin:10.1.0.31:15049|client:10.1.0.31:15048|dataStream:10.1.0.31:15051|priority:0|startupRole:FOLLOWER]|listeners:[], old=null, confs=<EMPTY_MAP>
2023-06-02 20:40:35,284 [f5d72e8c-7c96-4354-bf1f-55d48726708b-groupManagement] INFO  server.RaftServerConfigKeys (ConfUtils.java:logGet(46)) - raft.server.storage.dir = [/home/runner/work/ozone/ozone/hadoop-ozone/integration-test/target/test-dir/MiniOzoneClusterImpl-5ac0c7d5-b38a-4534-ae70-3109b4fe19c6/datanode-5/data/ratis] (custom)
2023-06-02 20:40:35,284 [f5d72e8c-7c96-4354-bf1f-55d48726708b-groupManagement] INFO  server.RaftServerConfigKeys (ConfUtils.java:logGet(46)) - raft.server.log.corruption.policy = EXCEPTION (default)
2023-06-02 20:40:35,284 [f5d72e8c-7c96-4354-bf1f-55d48726708b-groupManagement] INFO  server.RaftServerConfigKeys (ConfUtils.java:logGet(46)) - raft.server.storage.free-space.min = 0MB (=0) (default)
2023-06-02 20:40:35,285 [f5d72e8c-7c96-4354-bf1f-55d48726708b-groupManagement] INFO  server.RaftServerConfigKeys (ConfUtils.java:logGet(46)) - raft.server.notification.no-leader.timeout = 300s (custom)
2023-06-02 20:40:35,285 [f5d72e8c-7c96-4354-bf1f-55d48726708b-groupManagement] INFO  server.RaftServerConfigKeys (ConfUtils.java:logGet(46)) - raft.server.read.timeout = 10s (default)
2023-06-02 20:40:35,285 [f5d72e8c-7c96-4354-bf1f-55d48726708b-groupManagement] INFO  server.RaftServerConfigKeys (ConfUtils.java:logGet(46)) - raft.server.retrycache.expirytime = 600000ms (custom)
2023-06-02 20:40:35,285 [f5d72e8c-7c96-4354-bf1f-55d48726708b-groupManagement] INFO  server.RaftServerConfigKeys (ConfUtils.java:logGet(46)) - raft.server.retrycache.statistics.expirytime = 100μs (default)
2023-06-02 20:40:35,285 [f5d72e8c-7c96-4354-bf1f-55d48726708b-groupManagement] INFO  server.RaftServerConfigKeys (ConfUtils.java:logGet(46)) - raft.server.read.option = DEFAULT (default)
2023-06-02 20:40:35,285 [0ec547f6-a501-4372-afcf-7dbe5c08d569-groupManagement] INFO  server.RaftServerConfigKeys (ConfUtils.java:logGet(46)) - raft.server.log.statemachine.data.sync.timeout = 10s (default)
2023-06-02 20:40:35,285 [0ec547f6-a501-4372-afcf-7dbe5c08d569-groupManagement] INFO  server.RaftServerConfigKeys (ConfUtils.java:logGet(46)) - raft.server.log.statemachine.data.sync.timeout.retry = -1 (default)
2023-06-02 20:40:35,286 [EventQueue-OpenPipelineForHealthyPipelineSafeModeRule] INFO  safemode.SCMSafeModeManager (HealthyPipelineSafeModeRule.java:process(137)) - SCM in safe mode. Healthy pipelines reported count is 0, required healthy pipeline reported count is 1
2023-06-02 20:40:35,288 [f5d72e8c-7c96-4354-bf1f-55d48726708b-groupManagement] INFO  server.RaftServerConfigKeys (ConfUtils.java:logGet(46)) - raft.server.rpc.request.timeout = 60s (custom)
2023-06-02 20:40:35,288 [f5d72e8c-7c96-4354-bf1f-55d48726708b-groupManagement] INFO  server.RaftServerConfigKeys (ConfUtils.java:logGet(46)) - raft.server.log.appender.install.snapshot.enabled = false (custom)
2023-06-02 20:40:35,288 [f5d72e8c-7c96-4354-bf1f-55d48726708b-groupManagement] INFO  server.RaftServerConfigKeys (ConfUtils.java:logGet(46)) - raft.server.threadpool.server.cached = true (default)
2023-06-02 20:40:35,288 [f5d72e8c-7c96-4354-bf1f-55d48726708b-groupManagement] INFO  server.RaftServerConfigKeys (ConfUtils.java:logGet(46)) - raft.server.threadpool.server.size = 0 (default)
2023-06-02 20:40:35,288 [f5d72e8c-7c96-4354-bf1f-55d48726708b-groupManagement] INFO  server.RaftServerConfigKeys (ConfUtils.java:logGet(46)) - raft.server.threadpool.client.cached = true (default)
2023-06-02 20:40:35,288 [f5d72e8c-7c96-4354-bf1f-55d48726708b-groupManagement] INFO  server.RaftServerConfigKeys (ConfUtils.java:logGet(46)) - raft.server.threadpool.client.size = 0 (default)
2023-06-02 20:40:35,289 [0ec547f6-a501-4372-afcf-7dbe5c08d569-groupManagement] INFO  server.RaftServerConfigKeys (ConfUtils.java:logGet(46)) - raft.server.log.write.buffer.size = 1048576 (custom)
2023-06-02 20:40:35,289 [f5d72e8c-7c96-4354-bf1f-55d48726708b-groupManagement] INFO  storage.RaftStorageDirectory (RaftStorageDirectoryImpl.java:analyzeStorage(137)) - The storage directory /home/runner/work/ozone/ozone/hadoop-ozone/integration-test/target/test-dir/MiniOzoneClusterImpl-5ac0c7d5-b38a-4534-ae70-3109b4fe19c6/datanode-5/data/ratis/2acec971-adf6-4f61-9e2e-e31964065d3f does not exist. Creating ...
2023-06-02 20:40:35,290 [0ec547f6-a501-4372-afcf-7dbe5c08d569-groupManagement] INFO  server.RaftServerConfigKeys (ConfUtils.java:logGet(46)) - raft.server.log.appender.buffer.byte-limit = 33554432 (custom)
2023-06-02 20:40:35,291 [f5d72e8c-7c96-4354-bf1f-55d48726708b-groupManagement] INFO  storage.RaftStorageDirectory (RaftStorageDirectoryImpl.java:tryLock(231)) - Lock on /home/runner/work/ozone/ozone/hadoop-ozone/integration-test/target/test-dir/MiniOzoneClusterImpl-5ac0c7d5-b38a-4534-ae70-3109b4fe19c6/datanode-5/data/ratis/2acec971-adf6-4f61-9e2e-e31964065d3f/in_use.lock acquired by nodename 65175@fv-az1239-288
2023-06-02 20:40:35,293 [f5d72e8c-7c96-4354-bf1f-55d48726708b-groupManagement] INFO  storage.RaftStorage (RaftStorageImpl.java:format(96)) - Storage directory /home/runner/work/ozone/ozone/hadoop-ozone/integration-test/target/test-dir/MiniOzoneClusterImpl-5ac0c7d5-b38a-4534-ae70-3109b4fe19c6/datanode-5/data/ratis/2acec971-adf6-4f61-9e2e-e31964065d3f has been successfully formatted.
2023-06-02 20:40:35,294 [f5d72e8c-7c96-4354-bf1f-55d48726708b-groupManagement] INFO  ratis.ContainerStateMachine (ContainerStateMachine.java:loadSnapshot(262)) - group-E31964065D3F: The snapshot info is null. Setting the last applied indexto:(t:0, i:~)
2023-06-02 20:40:35,294 [f5d72e8c-7c96-4354-bf1f-55d48726708b-groupManagement] INFO  server.RaftServerConfigKeys (ConfUtils.java:logGet(46)) - raft.server.log.use.memory = false (default)
2023-06-02 20:40:35,294 [f5d72e8c-7c96-4354-bf1f-55d48726708b-groupManagement] INFO  server.RaftServerConfigKeys (ConfUtils.java:logGet(46)) - raft.server.log.purge.gap = 1000000 (custom)
2023-06-02 20:40:35,294 [f5d72e8c-7c96-4354-bf1f-55d48726708b-groupManagement] INFO  server.RaftServerConfigKeys (ConfUtils.java:logGet(46)) - raft.server.log.appender.buffer.byte-limit = 33554432 (custom)
2023-06-02 20:40:35,294 [f5d72e8c-7c96-4354-bf1f-55d48726708b-groupManagement] INFO  server.RaftServerConfigKeys (ConfUtils.java:logGet(46)) - raft.server.log.statemachine.data.read.timeout = 1000ms (default)
2023-06-02 20:40:35,294 [f5d72e8c-7c96-4354-bf1f-55d48726708b-groupManagement] INFO  server.RaftServerConfigKeys (ConfUtils.java:logGet(46)) - raft.server.log.purge.preservation.log.num = 0 (default)
2023-06-02 20:40:35,295 [f5d72e8c-7c96-4354-bf1f-55d48726708b-groupManagement] INFO  server.RaftServerConfigKeys (ConfUtils.java:logGet(46)) - raft.server.log.segment.size.max = 1048576 (custom)
2023-06-02 20:40:35,295 [f5d72e8c-7c96-4354-bf1f-55d48726708b-groupManagement] INFO  server.RaftServerConfigKeys (ConfUtils.java:logGet(46)) - raft.server.log.segment.cache.num.max = 2 (custom)
2023-06-02 20:40:35,295 [f5d72e8c-7c96-4354-bf1f-55d48726708b-groupManagement] INFO  server.RaftServerConfigKeys (ConfUtils.java:logGet(46)) - raft.server.log.segment.cache.size.max = 200MB (=209715200) (default)
2023-06-02 20:40:35,295 [f5d72e8c-7c96-4354-bf1f-55d48726708b-groupManagement] INFO  server.RaftServerConfigKeys (ConfUtils.java:logGet(46)) - raft.server.log.appender.buffer.byte-limit = 33554432 (custom)
2023-06-02 20:40:35,295 [f5d72e8c-7c96-4354-bf1f-55d48726708b-groupManagement] INFO  segmented.SegmentedRaftLogWorker (SegmentedRaftLogWorker.java:<init>(188)) - new f5d72e8c-7c96-4354-bf1f-55d48726708b@group-E31964065D3F-SegmentedRaftLogWorker for RaftStorageImpl:Storage Directory /home/runner/work/ozone/ozone/hadoop-ozone/integration-test/target/test-dir/MiniOzoneClusterImpl-5ac0c7d5-b38a-4534-ae70-3109b4fe19c6/datanode-5/data/ratis/2acec971-adf6-4f61-9e2e-e31964065d3f
2023-06-02 20:40:35,295 [f5d72e8c-7c96-4354-bf1f-55d48726708b-groupManagement] INFO  server.RaftServerConfigKeys (ConfUtils.java:logGet(46)) - raft.server.log.queue.byte-limit = 4294967296 (custom)
2023-06-02 20:40:35,296 [f5d72e8c-7c96-4354-bf1f-55d48726708b-groupManagement] INFO  server.RaftServerConfigKeys (ConfUtils.java:logGet(46)) - raft.server.log.queue.element-limit = 1024 (custom)
2023-06-02 20:40:35,296 [f5d72e8c-7c96-4354-bf1f-55d48726708b-groupManagement] INFO  server.RaftServerConfigKeys (ConfUtils.java:logGet(46)) - raft.server.log.segment.size.max = 1048576 (custom)
2023-06-02 20:40:35,296 [f5d72e8c-7c96-4354-bf1f-55d48726708b-groupManagement] INFO  server.RaftServerConfigKeys (ConfUtils.java:logGet(46)) - raft.server.log.preallocated.size = 16384 (custom)
2023-06-02 20:40:35,296 [f5d72e8c-7c96-4354-bf1f-55d48726708b-groupManagement] INFO  server.RaftServerConfigKeys (ConfUtils.java:logGet(46)) - raft.server.log.force.sync.num = 128 (default)
2023-06-02 20:40:35,296 [f5d72e8c-7c96-4354-bf1f-55d48726708b-groupManagement] INFO  server.RaftServerConfigKeys (ConfUtils.java:logGet(46)) - raft.server.log.statemachine.data.sync = true (default)
2023-06-02 20:40:35,296 [f5d72e8c-7c96-4354-bf1f-55d48726708b-groupManagement] INFO  server.RaftServerConfigKeys (ConfUtils.java:logGet(46)) - raft.server.log.statemachine.data.sync.timeout = 10s (default)
2023-06-02 20:40:35,296 [f5d72e8c-7c96-4354-bf1f-55d48726708b-groupManagement] INFO  server.RaftServerConfigKeys (ConfUtils.java:logGet(46)) - raft.server.log.statemachine.data.sync.timeout.retry = -1 (default)
2023-06-02 20:40:35,297 [f5d72e8c-7c96-4354-bf1f-55d48726708b-groupManagement] INFO  server.RaftServerConfigKeys (ConfUtils.java:logGet(46)) - raft.server.log.write.buffer.size = 1048576 (custom)
2023-06-02 20:40:35,299 [f5d72e8c-7c96-4354-bf1f-55d48726708b-groupManagement] INFO  server.RaftServerConfigKeys (ConfUtils.java:logGet(46)) - raft.server.log.appender.buffer.byte-limit = 33554432 (custom)
2023-06-02 20:40:35,299 [0ec547f6-a501-4372-afcf-7dbe5c08d569-groupManagement] INFO  server.RaftServerConfigKeys (ConfUtils.java:logGet(46)) - raft.server.log.unsafe-flush.enabled = false (default)
2023-06-02 20:40:35,731 [0ec547f6-a501-4372-afcf-7dbe5c08d569-groupManagement] INFO  server.RaftServerConfigKeys (ConfUtils.java:logGet(46)) - raft.server.log.async-flush.enabled = false (default)
2023-06-02 20:40:35,732 [0ec547f6-a501-4372-afcf-7dbe5c08d569-groupManagement] INFO  server.RaftServerConfigKeys (ConfUtils.java:logGet(46)) - raft.server.log.statemachine.data.caching.enabled = true (custom)
2023-06-02 20:40:35,732 [IPC Server handler 4 on default port 15002] INFO  net.NetworkTopologyImpl (NetworkTopologyImpl.java:add(112)) - Added a new node: /default-rack/de3fb769-0102-4a69-91ff-1ba1954f3f02
2023-06-02 20:40:35,732 [IPC Server handler 4 on default port 15002] INFO  node.SCMNodeManager (SCMNodeManager.java:register(407)) - Registered Data node : de3fb769-0102-4a69-91ff-1ba1954f3f02{ip: 10.1.0.31, host: fv-az1239-288, ports: [HTTP=15108, CLIENT_RPC=15109, REPLICATION=15115, RATIS=15111, RATIS_ADMIN=15112, RATIS_SERVER=15113, RATIS_DATASTREAM=15114, STANDALONE=15110], networkLocation: /default-rack, certSerialId: null, persistedOpState: null, persistedOpStateExpiryEpochSec: 0}
2023-06-02 20:40:35,732 [EventQueue-NewNodeForNewNodeHandler] INFO  pipeline.BackgroundPipelineCreator (BackgroundPipelineCreator.java:notifyEventTriggered(276)) - trigger a one-shot run on RatisPipelineUtilsThread.
2023-06-02 20:40:35,733 [RatisPipelineUtilsThread - 0] INFO  pipeline.RatisPipelineProvider (RatisPipelineProvider.java:lambda$create$0(206)) - Sending CreatePipelineCommand for pipeline:PipelineID=71fc64fe-542b-4b30-aa25-82a0191462dd to datanode:de3fb769-0102-4a69-91ff-1ba1954f3f02
2023-06-02 20:40:35,734 [RatisPipelineUtilsThread - 0] INFO  pipeline.PipelineStateManagerImpl (PipelineStateManagerImpl.java:addPipeline(103)) - Created pipeline Pipeline[ Id: 71fc64fe-542b-4b30-aa25-82a0191462dd, Nodes: de3fb769-0102-4a69-91ff-1ba1954f3f02(fv-az1239-288/10.1.0.31), ReplicationConfig: RATIS/ONE, State:ALLOCATED, leaderId:, CreationTimestamp2023-06-02T20:40:35.733Z[Etc/UTC]].
2023-06-02 20:40:35,734 [RatisPipelineUtilsThread - 0] INFO  pipeline.RatisPipelineProvider (RatisPipelineProvider.java:lambda$create$0(206)) - Sending CreatePipelineCommand for pipeline:PipelineID=471ff8af-04fc-438f-a52e-3c2b6dd44a69 to datanode:c0b96ab7-4e07-4f66-b608-d68f56bbc6df
2023-06-02 20:40:35,735 [RatisPipelineUtilsThread - 0] INFO  pipeline.RatisPipelineProvider (RatisPipelineProvider.java:lambda$create$0(206)) - Sending CreatePipelineCommand for pipeline:PipelineID=471ff8af-04fc-438f-a52e-3c2b6dd44a69 to datanode:de3fb769-0102-4a69-91ff-1ba1954f3f02
2023-06-02 20:40:35,735 [RatisPipelineUtilsThread - 0] INFO  pipeline.RatisPipelineProvider (RatisPipelineProvider.java:lambda$create$0(206)) - Sending CreatePipelineCommand for pipeline:PipelineID=471ff8af-04fc-438f-a52e-3c2b6dd44a69 to datanode:c911a996-2ad9-4932-9a2b-dd3b110c7bbf
2023-06-02 20:40:35,731 [JvmPauseMonitor15] WARN  util.JvmPauseMonitor (JvmPauseMonitor.java:detectPause(124)) - JvmPauseMonitor-e2046f02-5b0f-4721-8967-351bc4e74694: Detected pause in JVM or host machine approximately 0.430s with 0.419s GC time.
GC pool 'PS MarkSweep' had collection(s): count=1 time=290ms
GC pool 'PS Scavenge' had collection(s): count=1 time=129ms
2023-06-02 20:40:35,727 [JvmPauseMonitor13] WARN  util.JvmPauseMonitor (JvmPauseMonitor.java:detectPause(124)) - JvmPauseMonitor-de3fb769-0102-4a69-91ff-1ba1954f3f02: Detected pause in JVM or host machine approximately 0.125s with 0.419s GC time.
GC pool 'PS MarkSweep' had collection(s): count=1 time=290ms
GC pool 'PS Scavenge' had collection(s): count=1 time=129ms
2023-06-02 20:40:35,727 [JvmPauseMonitor0] WARN  util.JvmPauseMonitor (JvmPauseMonitor.java:detectPause(124)) - JvmPauseMonitor-8b785c12-0397-4459-b64e-acf15c75f203: Detected pause in JVM or host machine approximately 0.125s with 0.419s GC time.
GC pool 'PS MarkSweep' had collection(s): count=1 time=290ms
GC pool 'PS Scavenge' had collection(s): count=1 time=129ms
2023-06-02 20:40:35,725 [JvmPauseMonitor4] WARN  util.JvmPauseMonitor (JvmPauseMonitor.java:detectPause(124)) - JvmPauseMonitor-501c2811-31b4-4cb7-a883-304e4eecc84c: Detected pause in JVM or host machine approximately 0.111s with 0.419s GC time.
GC pool 'PS MarkSweep' had collection(s): count=1 time=290ms
GC pool 'PS Scavenge' had collection(s): count=1 time=129ms
2023-06-02 20:40:35,724 [JvmPauseMonitor12] WARN  util.JvmPauseMonitor (JvmPauseMonitor.java:detectPause(124)) - JvmPauseMonitor-c0b96ab7-4e07-4f66-b608-d68f56bbc6df: Detected pause in JVM or host machine approximately 0.111s with 0.419s GC time.
GC pool 'PS MarkSweep' had collection(s): count=1 time=290ms
GC pool 'PS Scavenge' had collection(s): count=1 time=129ms
2023-06-02 20:40:35,722 [main] INFO  ozone.MiniOzoneClusterImpl (MiniOzoneClusterImpl.java:lambda$waitForClusterToBeReady$0(222)) - Waiting for nodes to be ready. Got 11 of 14 DN Heartbeats.
2023-06-02 20:40:35,736 [main] INFO  ozone.MiniOzoneClusterImpl (MiniOzoneClusterImpl.java:lambda$waitForClusterToBeReady$0(225)) - Waiting for cluster to exit safe mode
2023-06-02 20:40:35,736 [main] INFO  ozone.MiniOzoneClusterImpl (MiniOzoneClusterImpl.java:lambda$waitForClusterToBeReady$0(227)) - SCM became leader
2023-06-02 20:40:35,732 [0ec547f6-a501-4372-afcf-7dbe5c08d569-groupManagement] INFO  segmented.SegmentedRaftLogWorker (SegmentedRaftLogWorker.java:lambda$new$0(135)) - 0ec547f6-a501-4372-afcf-7dbe5c08d569@group-E31964065D3F-SegmentedRaftLogWorker: flushIndex: setUnconditionally 0 -> -1
2023-06-02 20:40:35,736 [0ec547f6-a501-4372-afcf-7dbe5c08d569-groupManagement] INFO  segmented.SegmentedRaftLogWorker (SegmentedRaftLogWorker.java:lambda$new$0(135)) - 0ec547f6-a501-4372-afcf-7dbe5c08d569@group-E31964065D3F-SegmentedRaftLogWorker: safeCacheEvictIndex: setUnconditionally 0 -> -1
2023-06-02 20:40:35,736 [RatisPipelineUtilsThread - 0] INFO  pipeline.PipelineStateManagerImpl (PipelineStateManagerImpl.java:addPipeline(103)) - Created pipeline Pipeline[ Id: 471ff8af-04fc-438f-a52e-3c2b6dd44a69, Nodes: c0b96ab7-4e07-4f66-b608-d68f56bbc6df(fv-az1239-288/10.1.0.31)de3fb769-0102-4a69-91ff-1ba1954f3f02(fv-az1239-288/10.1.0.31)c911a996-2ad9-4932-9a2b-dd3b110c7bbf(fv-az1239-288/10.1.0.31), ReplicationConfig: RATIS/THREE, State:ALLOCATED, leaderId:, CreationTimestamp2023-06-02T20:40:35.734Z[Etc/UTC]].
2023-06-02 20:40:35,738 [RatisPipelineUtilsThread - 0] INFO  pipeline.RatisPipelineProvider (RatisPipelineProvider.java:lambda$create$0(206)) - Sending CreatePipelineCommand for pipeline:PipelineID=5b1b090f-7b14-433a-bef8-c4696e2f994e to datanode:de3fb769-0102-4a69-91ff-1ba1954f3f02
2023-06-02 20:40:35,739 [RatisPipelineUtilsThread - 0] INFO  pipeline.RatisPipelineProvider (RatisPipelineProvider.java:lambda$create$0(206)) - Sending CreatePipelineCommand for pipeline:PipelineID=5b1b090f-7b14-433a-bef8-c4696e2f994e to datanode:c911a996-2ad9-4932-9a2b-dd3b110c7bbf
2023-06-02 20:40:35,739 [RatisPipelineUtilsThread - 0] INFO  pipeline.RatisPipelineProvider (RatisPipelineProvider.java:lambda$create$0(206)) - Sending CreatePipelineCommand for pipeline:PipelineID=5b1b090f-7b14-433a-bef8-c4696e2f994e to datanode:c0b96ab7-4e07-4f66-b608-d68f56bbc6df
2023-06-02 20:40:35,741 [RatisPipelineUtilsThread - 0] INFO  pipeline.PipelineStateManagerImpl (PipelineStateManagerImpl.java:addPipeline(103)) - Created pipeline Pipeline[ Id: 5b1b090f-7b14-433a-bef8-c4696e2f994e, Nodes: de3fb769-0102-4a69-91ff-1ba1954f3f02(fv-az1239-288/10.1.0.31)c911a996-2ad9-4932-9a2b-dd3b110c7bbf(fv-az1239-288/10.1.0.31)c0b96ab7-4e07-4f66-b608-d68f56bbc6df(fv-az1239-288/10.1.0.31), ReplicationConfig: RATIS/THREE, State:ALLOCATED, leaderId:, CreationTimestamp2023-06-02T20:40:35.738Z[Etc/UTC]].
2023-06-02 20:40:35,741 [RatisPipelineUtilsThread - 0] INFO  pipeline.PipelineManagerImpl (PipelineManagerImpl.java:recordMetricsForPipeline(826)) - Pipeline: PipelineID=5b1b090f-7b14-433a-bef8-c4696e2f994e contains same datanodes as previous pipelines: PipelineID=471ff8af-04fc-438f-a52e-3c2b6dd44a69 nodeIds: de3fb769-0102-4a69-91ff-1ba1954f3f02, c911a996-2ad9-4932-9a2b-dd3b110c7bbf, c0b96ab7-4e07-4f66-b608-d68f56bbc6df
2023-06-02 20:40:35,742 [f5d72e8c-7c96-4354-bf1f-55d48726708b-groupManagement] INFO  server.RaftServerConfigKeys (ConfUtils.java:logGet(46)) - raft.server.log.unsafe-flush.enabled = false (default)
2023-06-02 20:40:35,742 [f5d72e8c-7c96-4354-bf1f-55d48726708b-groupManagement] INFO  server.RaftServerConfigKeys (ConfUtils.java:logGet(46)) - raft.server.log.async-flush.enabled = false (default)
2023-06-02 20:40:35,742 [f5d72e8c-7c96-4354-bf1f-55d48726708b-groupManagement] INFO  server.RaftServerConfigKeys (ConfUtils.java:logGet(46)) - raft.server.log.statemachine.data.caching.enabled = true (custom)
2023-06-02 20:40:35,742 [f5d72e8c-7c96-4354-bf1f-55d48726708b-groupManagement] INFO  segmented.SegmentedRaftLogWorker (SegmentedRaftLogWorker.java:lambda$new$0(135)) - f5d72e8c-7c96-4354-bf1f-55d48726708b@group-E31964065D3F-SegmentedRaftLogWorker: flushIndex: setUnconditionally 0 -> -1
2023-06-02 20:40:35,742 [f5d72e8c-7c96-4354-bf1f-55d48726708b-groupManagement] INFO  segmented.SegmentedRaftLogWorker (SegmentedRaftLogWorker.java:lambda$new$0(135)) - f5d72e8c-7c96-4354-bf1f-55d48726708b@group-E31964065D3F-SegmentedRaftLogWorker: safeCacheEvictIndex: setUnconditionally 0 -> -1
2023-06-02 20:40:35,743 [RatisPipelineUtilsThread - 0] WARN  pipeline.PipelinePlacementPolicy (PipelinePlacementPolicy.java:filterViableNodes(160)) - Pipeline creation failed due to no sufficient healthy datanodes. Required 3. Found 0. Excluded 12.
2023-06-02 20:40:35,745 [f5d72e8c-7c96-4354-bf1f-55d48726708b-groupManagement] INFO  server.RaftServer$Division (RaftServerImpl.java:start(342)) - f5d72e8c-7c96-4354-bf1f-55d48726708b@group-E31964065D3F: start as a follower, conf=-1: peers:[f5d72e8c-7c96-4354-bf1f-55d48726708b|rpc:10.1.0.31:15059|admin:10.1.0.31:15058|client:10.1.0.31:15057|dataStream:10.1.0.31:15060|priority:0|startupRole:FOLLOWER, 4daf1ed2-e43c-4bda-878b-63f1449da6f8|rpc:10.1.0.31:15041|admin:10.1.0.31:15040|client:10.1.0.31:15039|dataStream:10.1.0.31:15042|priority:1|startupRole:FOLLOWER, 0ec547f6-a501-4372-afcf-7dbe5c08d569|rpc:10.1.0.31:15050|admin:10.1.0.31:15049|client:10.1.0.31:15048|dataStream:10.1.0.31:15051|priority:0|startupRole:FOLLOWER]|listeners:[], old=null
2023-06-02 20:40:35,746 [f5d72e8c-7c96-4354-bf1f-55d48726708b-groupManagement] INFO  server.RaftServer$Division (RaftServerImpl.java:setRole(329)) - f5d72e8c-7c96-4354-bf1f-55d48726708b@group-E31964065D3F: changes role from      null to FOLLOWER at term 0 for startAsFollower
2023-06-02 20:40:35,746 [f5d72e8c-7c96-4354-bf1f-55d48726708b-groupManagement] INFO  impl.RoleInfo (RoleInfo.java:updateAndGet(139)) - f5d72e8c-7c96-4354-bf1f-55d48726708b: start f5d72e8c-7c96-4354-bf1f-55d48726708b@group-E31964065D3F-FollowerState
2023-06-02 20:40:35,746 [f5d72e8c-7c96-4354-bf1f-55d48726708b-groupManagement] INFO  util.JmxRegister (JmxRegister.java:tryRegister(44)) - Successfully registered JMX Bean with object name Ratis:service=RaftServer,group=group-E31964065D3F,id=f5d72e8c-7c96-4354-bf1f-55d48726708b
2023-06-02 20:40:35,746 [f5d72e8c-7c96-4354-bf1f-55d48726708b-groupManagement] INFO  server.RaftServerConfigKeys (ConfUtils.java:logGet(46)) - raft.server.snapshot.auto.trigger.enabled = true (custom)
2023-06-02 20:40:35,746 [f5d72e8c-7c96-4354-bf1f-55d48726708b-groupManagement] INFO  server.RaftServerConfigKeys (ConfUtils.java:logGet(46)) - raft.server.snapshot.auto.trigger.threshold = 10000 (custom)
2023-06-02 20:40:35,746 [f5d72e8c-7c96-4354-bf1f-55d48726708b-groupManagement] INFO  server.RaftServerConfigKeys (ConfUtils.java:logGet(46)) - raft.server.snapshot.retention.file.num = 5 (custom)
2023-06-02 20:40:35,746 [f5d72e8c-7c96-4354-bf1f-55d48726708b-groupManagement] INFO  server.RaftServerConfigKeys (ConfUtils.java:logGet(46)) - raft.server.log.purge.upto.snapshot.index = false (default)
2023-06-02 20:40:35,747 [f5d72e8c-7c96-4354-bf1f-55d48726708b@group-E31964065D3F-FollowerState] INFO  server.RaftServerConfigKeys (ConfUtils.java:logFallback(53)) - raft.server.rpc.first-election.timeout.min = 5s (fallback to raft.server.rpc.timeout.min)
2023-06-02 20:40:35,747 [f5d72e8c-7c96-4354-bf1f-55d48726708b@group-E31964065D3F-FollowerState] INFO  server.RaftServerConfigKeys (ConfUtils.java:logFallback(53)) - raft.server.rpc.first-election.timeout.max = 5200ms (fallback to raft.server.rpc.timeout.max)
2023-06-02 20:40:35,761 [0ec547f6-a501-4372-afcf-7dbe5c08d569-groupManagement] INFO  server.RaftServer$Division (RaftServerImpl.java:start(342)) - 0ec547f6-a501-4372-afcf-7dbe5c08d569@group-E31964065D3F: start as a follower, conf=-1: peers:[f5d72e8c-7c96-4354-bf1f-55d48726708b|rpc:10.1.0.31:15059|admin:10.1.0.31:15058|client:10.1.0.31:15057|dataStream:10.1.0.31:15060|priority:0|startupRole:FOLLOWER, 4daf1ed2-e43c-4bda-878b-63f1449da6f8|rpc:10.1.0.31:15041|admin:10.1.0.31:15040|client:10.1.0.31:15039|dataStream:10.1.0.31:15042|priority:1|startupRole:FOLLOWER, 0ec547f6-a501-4372-afcf-7dbe5c08d569|rpc:10.1.0.31:15050|admin:10.1.0.31:15049|client:10.1.0.31:15048|dataStream:10.1.0.31:15051|priority:0|startupRole:FOLLOWER]|listeners:[], old=null
2023-06-02 20:40:35,761 [0ec547f6-a501-4372-afcf-7dbe5c08d569-groupManagement] INFO  server.RaftServer$Division (RaftServerImpl.java:setRole(329)) - 0ec547f6-a501-4372-afcf-7dbe5c08d569@group-E31964065D3F: changes role from      null to FOLLOWER at term 0 for startAsFollower
2023-06-02 20:40:35,761 [0ec547f6-a501-4372-afcf-7dbe5c08d569-groupManagement] INFO  impl.RoleInfo (RoleInfo.java:updateAndGet(139)) - 0ec547f6-a501-4372-afcf-7dbe5c08d569: start 0ec547f6-a501-4372-afcf-7dbe5c08d569@group-E31964065D3F-FollowerState
2023-06-02 20:40:35,763 [0ec547f6-a501-4372-afcf-7dbe5c08d569-groupManagement] INFO  util.JmxRegister (JmxRegister.java:tryRegister(44)) - Successfully registered JMX Bean with object name Ratis:service=RaftServer,group=group-E31964065D3F,id=0ec547f6-a501-4372-afcf-7dbe5c08d569
2023-06-02 20:40:35,763 [0ec547f6-a501-4372-afcf-7dbe5c08d569-groupManagement] INFO  server.RaftServerConfigKeys (ConfUtils.java:logGet(46)) - raft.server.snapshot.auto.trigger.enabled = true (custom)
2023-06-02 20:40:35,763 [0ec547f6-a501-4372-afcf-7dbe5c08d569-groupManagement] INFO  server.RaftServerConfigKeys (ConfUtils.java:logGet(46)) - raft.server.snapshot.auto.trigger.threshold = 10000 (custom)
2023-06-02 20:40:35,763 [0ec547f6-a501-4372-afcf-7dbe5c08d569-groupManagement] INFO  server.RaftServerConfigKeys (ConfUtils.java:logGet(46)) - raft.server.snapshot.retention.file.num = 5 (custom)
2023-06-02 20:40:35,763 [0ec547f6-a501-4372-afcf-7dbe5c08d569-groupManagement] INFO  server.RaftServerConfigKeys (ConfUtils.java:logGet(46)) - raft.server.log.purge.upto.snapshot.index = false (default)
2023-06-02 20:40:35,764 [0ec547f6-a501-4372-afcf-7dbe5c08d569@group-E31964065D3F-FollowerState] INFO  server.RaftServerConfigKeys (ConfUtils.java:logFallback(53)) - raft.server.rpc.first-election.timeout.min = 5s (fallback to raft.server.rpc.timeout.min)
2023-06-02 20:40:35,764 [0ec547f6-a501-4372-afcf-7dbe5c08d569@group-E31964065D3F-FollowerState] INFO  server.RaftServerConfigKeys (ConfUtils.java:logFallback(53)) - raft.server.rpc.first-election.timeout.max = 5200ms (fallback to raft.server.rpc.timeout.max)
2023-06-02 20:40:35,764 [PipelineCommandHandlerThread-0] INFO  ratis.XceiverServerRatis (XceiverServerRatis.java:addGroup(804)) - Created group PipelineID=2acec971-adf6-4f61-9e2e-e31964065d3f
2023-06-02 20:40:35,804 [f5d72e8c-7c96-4354-bf1f-55d48726708b-groupManagement] INFO  server.RaftServer$Division (RaftServerImpl.java:<init>(198)) - f5d72e8c-7c96-4354-bf1f-55d48726708b: new RaftServerImpl for group-CB36F2D09563:[f5d72e8c-7c96-4354-bf1f-55d48726708b|rpc:10.1.0.31:15059|admin:10.1.0.31:15058|client:10.1.0.31:15057|dataStream:10.1.0.31:15060|priority:1|startupRole:FOLLOWER] with ContainerStateMachine:uninitialized
2023-06-02 20:40:35,805 [f5d72e8c-7c96-4354-bf1f-55d48726708b-groupManagement] INFO  server.RaftServerConfigKeys (ConfUtils.java:logGet(46)) - raft.server.rpc.timeout.min = 5s (custom)
2023-06-02 20:40:35,805 [f5d72e8c-7c96-4354-bf1f-55d48726708b-groupManagement] INFO  server.RaftServerConfigKeys (ConfUtils.java:logGet(46)) - raft.server.rpc.timeout.max = 5200ms (custom)
2023-06-02 20:40:35,805 [f5d72e8c-7c96-4354-bf1f-55d48726708b-groupManagement] INFO  server.RaftServerConfigKeys (ConfUtils.java:logGet(46)) - raft.server.rpc.sleep.time = 25ms (default)
2023-06-02 20:40:35,805 [f5d72e8c-7c96-4354-bf1f-55d48726708b-groupManagement] INFO  server.RaftServerConfigKeys (ConfUtils.java:logGet(46)) - raft.server.rpc.slowness.timeout = 300s (custom)
2023-06-02 20:40:35,805 [f5d72e8c-7c96-4354-bf1f-55d48726708b-groupManagement] INFO  server.RaftServerConfigKeys (ConfUtils.java:logGet(46)) - raft.server.leaderelection.leader.step-down.wait-time = 10s (default)
2023-06-02 20:40:35,805 [f5d72e8c-7c96-4354-bf1f-55d48726708b-groupManagement] INFO  server.RaftServerConfigKeys (ConfUtils.java:logGet(46)) - raft.server.sleep.deviation.threshold = 300ms (default)
2023-06-02 20:40:35,805 [f5d72e8c-7c96-4354-bf1f-55d48726708b-groupManagement] INFO  server.RaftServer$Division (ServerState.java:<init>(120)) - f5d72e8c-7c96-4354-bf1f-55d48726708b@group-CB36F2D09563: ConfigurationManager, init=-1: peers:[f5d72e8c-7c96-4354-bf1f-55d48726708b|rpc:10.1.0.31:15059|admin:10.1.0.31:15058|client:10.1.0.31:15057|dataStream:10.1.0.31:15060|priority:1|startupRole:FOLLOWER]|listeners:[], old=null, confs=<EMPTY_MAP>
2023-06-02 20:40:35,805 [f5d72e8c-7c96-4354-bf1f-55d48726708b-groupManagement] INFO  server.RaftServerConfigKeys (ConfUtils.java:logGet(46)) - raft.server.storage.dir = [/home/runner/work/ozone/ozone/hadoop-ozone/integration-test/target/test-dir/MiniOzoneClusterImpl-5ac0c7d5-b38a-4534-ae70-3109b4fe19c6/datanode-5/data/ratis] (custom)
2023-06-02 20:40:35,805 [f5d72e8c-7c96-4354-bf1f-55d48726708b-groupManagement] INFO  server.RaftServerConfigKeys (ConfUtils.java:logGet(46)) - raft.server.log.corruption.policy = EXCEPTION (default)
2023-06-02 20:40:35,805 [f5d72e8c-7c96-4354-bf1f-55d48726708b-groupManagement] INFO  server.RaftServerConfigKeys (ConfUtils.java:logGet(46)) - raft.server.storage.free-space.min = 0MB (=0) (default)
2023-06-02 20:40:35,805 [f5d72e8c-7c96-4354-bf1f-55d48726708b-groupManagement] INFO  server.RaftServerConfigKeys (ConfUtils.java:logGet(46)) - raft.server.notification.no-leader.timeout = 300s (custom)
2023-06-02 20:40:35,805 [f5d72e8c-7c96-4354-bf1f-55d48726708b-groupManagement] INFO  server.RaftServerConfigKeys (ConfUtils.java:logGet(46)) - raft.server.read.timeout = 10s (default)
2023-06-02 20:40:35,806 [f5d72e8c-7c96-4354-bf1f-55d48726708b-groupManagement] INFO  server.RaftServerConfigKeys (ConfUtils.java:logGet(46)) - raft.server.retrycache.expirytime = 600000ms (custom)
2023-06-02 20:40:35,806 [f5d72e8c-7c96-4354-bf1f-55d48726708b-groupManagement] INFO  server.RaftServerConfigKeys (ConfUtils.java:logGet(46)) - raft.server.retrycache.statistics.expirytime = 100μs (default)
2023-06-02 20:40:35,806 [f5d72e8c-7c96-4354-bf1f-55d48726708b-groupManagement] INFO  server.RaftServerConfigKeys (ConfUtils.java:logGet(46)) - raft.server.read.option = DEFAULT (default)
2023-06-02 20:40:35,807 [f5d72e8c-7c96-4354-bf1f-55d48726708b-groupManagement] INFO  server.RaftServerConfigKeys (ConfUtils.java:logGet(46)) - raft.server.rpc.request.timeout = 60s (custom)
2023-06-02 20:40:35,807 [f5d72e8c-7c96-4354-bf1f-55d48726708b-groupManagement] INFO  server.RaftServerConfigKeys (ConfUtils.java:logGet(46)) - raft.server.log.appender.install.snapshot.enabled = false (custom)
2023-06-02 20:40:35,807 [f5d72e8c-7c96-4354-bf1f-55d48726708b-groupManagement] INFO  server.RaftServerConfigKeys (ConfUtils.java:logGet(46)) - raft.server.threadpool.server.cached = true (default)
2023-06-02 20:40:35,807 [f5d72e8c-7c96-4354-bf1f-55d48726708b-groupManagement] INFO  server.RaftServerConfigKeys (ConfUtils.java:logGet(46)) - raft.server.threadpool.server.size = 0 (default)
2023-06-02 20:40:35,807 [f5d72e8c-7c96-4354-bf1f-55d48726708b-groupManagement] INFO  server.RaftServerConfigKeys (ConfUtils.java:logGet(46)) - raft.server.threadpool.client.cached = true (default)
2023-06-02 20:40:35,808 [f5d72e8c-7c96-4354-bf1f-55d48726708b-groupManagement] INFO  server.RaftServerConfigKeys (ConfUtils.java:logGet(46)) - raft.server.threadpool.client.size = 0 (default)
2023-06-02 20:40:35,812 [PipelineCommandHandlerThread-0] INFO  server.RaftServer (RaftServerProxy.java:addNew(98)) - f5d72e8c-7c96-4354-bf1f-55d48726708b: addNew group-CB36F2D09563:[f5d72e8c-7c96-4354-bf1f-55d48726708b|rpc:10.1.0.31:15059|admin:10.1.0.31:15058|client:10.1.0.31:15057|dataStream:10.1.0.31:15060|priority:1|startupRole:FOLLOWER] returns      null f5d72e8c-7c96-4354-bf1f-55d48726708b@group-CB36F2D09563:t0, leader=null, voted=null, raftlog=UNINITIALIZED, conf=-1: peers:[f5d72e8c-7c96-4354-bf1f-55d48726708b|rpc:10.1.0.31:15059|admin:10.1.0.31:15058|client:10.1.0.31:15057|dataStream:10.1.0.31:15060|priority:1|startupRole:FOLLOWER]|listeners:[], old=null NEW
2023-06-02 20:40:35,813 [f5d72e8c-7c96-4354-bf1f-55d48726708b-groupManagement] INFO  storage.RaftStorageDirectory (RaftStorageDirectoryImpl.java:analyzeStorage(137)) - The storage directory /home/runner/work/ozone/ozone/hadoop-ozone/integration-test/target/test-dir/MiniOzoneClusterImpl-5ac0c7d5-b38a-4534-ae70-3109b4fe19c6/datanode-5/data/ratis/e2758bfc-a0d8-4c02-9c43-cb36f2d09563 does not exist. Creating ...
2023-06-02 20:40:35,815 [f5d72e8c-7c96-4354-bf1f-55d48726708b-groupManagement] INFO  storage.RaftStorageDirectory (RaftStorageDirectoryImpl.java:tryLock(231)) - Lock on /home/runner/work/ozone/ozone/hadoop-ozone/integration-test/target/test-dir/MiniOzoneClusterImpl-5ac0c7d5-b38a-4534-ae70-3109b4fe19c6/datanode-5/data/ratis/e2758bfc-a0d8-4c02-9c43-cb36f2d09563/in_use.lock acquired by nodename 65175@fv-az1239-288
2023-06-02 20:40:35,818 [f5d72e8c-7c96-4354-bf1f-55d48726708b-groupManagement] INFO  storage.RaftStorage (RaftStorageImpl.java:format(96)) - Storage directory /home/runner/work/ozone/ozone/hadoop-ozone/integration-test/target/test-dir/MiniOzoneClusterImpl-5ac0c7d5-b38a-4534-ae70-3109b4fe19c6/datanode-5/data/ratis/e2758bfc-a0d8-4c02-9c43-cb36f2d09563 has been successfully formatted.
2023-06-02 20:40:35,819 [f5d72e8c-7c96-4354-bf1f-55d48726708b-groupManagement] INFO  ratis.ContainerStateMachine (ContainerStateMachine.java:loadSnapshot(262)) - group-CB36F2D09563: The snapshot info is null. Setting the last applied indexto:(t:0, i:~)
2023-06-02 20:40:35,819 [f5d72e8c-7c96-4354-bf1f-55d48726708b-groupManagement] INFO  server.RaftServerConfigKeys (ConfUtils.java:logGet(46)) - raft.server.log.use.memory = false (default)
2023-06-02 20:40:35,819 [f5d72e8c-7c96-4354-bf1f-55d48726708b-groupManagement] INFO  server.RaftServerConfigKeys (ConfUtils.java:logGet(46)) - raft.server.log.purge.gap = 1000000 (custom)
2023-06-02 20:40:35,819 [f5d72e8c-7c96-4354-bf1f-55d48726708b-groupManagement] INFO  server.RaftServerConfigKeys (ConfUtils.java:logGet(46)) - raft.server.log.appender.buffer.byte-limit = 33554432 (custom)
2023-06-02 20:40:35,819 [f5d72e8c-7c96-4354-bf1f-55d48726708b-groupManagement] INFO  server.RaftServerConfigKeys (ConfUtils.java:logGet(46)) - raft.server.log.statemachine.data.read.timeout = 1000ms (default)
2023-06-02 20:40:35,819 [f5d72e8c-7c96-4354-bf1f-55d48726708b-groupManagement] INFO  server.RaftServerConfigKeys (ConfUtils.java:logGet(46)) - raft.server.log.purge.preservation.log.num = 0 (default)
2023-06-02 20:40:35,819 [f5d72e8c-7c96-4354-bf1f-55d48726708b-groupManagement] INFO  server.RaftServerConfigKeys (ConfUtils.java:logGet(46)) - raft.server.log.segment.size.max = 1048576 (custom)
2023-06-02 20:40:35,820 [f5d72e8c-7c96-4354-bf1f-55d48726708b-groupManagement] INFO  server.RaftServerConfigKeys (ConfUtils.java:logGet(46)) - raft.server.log.segment.cache.num.max = 2 (custom)
2023-06-02 20:40:35,820 [f5d72e8c-7c96-4354-bf1f-55d48726708b-groupManagement] INFO  server.RaftServerConfigKeys (ConfUtils.java:logGet(46)) - raft.server.log.segment.cache.size.max = 200MB (=209715200) (default)
2023-06-02 20:40:35,820 [f5d72e8c-7c96-4354-bf1f-55d48726708b-groupManagement] INFO  server.RaftServerConfigKeys (ConfUtils.java:logGet(46)) - raft.server.log.appender.buffer.byte-limit = 33554432 (custom)
2023-06-02 20:40:35,820 [f5d72e8c-7c96-4354-bf1f-55d48726708b-groupManagement] INFO  segmented.SegmentedRaftLogWorker (SegmentedRaftLogWorker.java:<init>(188)) - new f5d72e8c-7c96-4354-bf1f-55d48726708b@group-CB36F2D09563-SegmentedRaftLogWorker for RaftStorageImpl:Storage Directory /home/runner/work/ozone/ozone/hadoop-ozone/integration-test/target/test-dir/MiniOzoneClusterImpl-5ac0c7d5-b38a-4534-ae70-3109b4fe19c6/datanode-5/data/ratis/e2758bfc-a0d8-4c02-9c43-cb36f2d09563
2023-06-02 20:40:35,820 [f5d72e8c-7c96-4354-bf1f-55d48726708b-groupManagement] INFO  server.RaftServerConfigKeys (ConfUtils.java:logGet(46)) - raft.server.log.queue.byte-limit = 4294967296 (custom)
2023-06-02 20:40:35,820 [f5d72e8c-7c96-4354-bf1f-55d48726708b-groupManagement] INFO  server.RaftServerConfigKeys (ConfUtils.java:logGet(46)) - raft.server.log.queue.element-limit = 1024 (custom)
2023-06-02 20:40:35,823 [EventQueue-PipelineReportForPipelineReportHandler] INFO  pipeline.PipelineManagerImpl (PipelineManagerImpl.java:openPipeline(367)) - Pipeline Pipeline[ Id: e2758bfc-a0d8-4c02-9c43-cb36f2d09563, Nodes: f5d72e8c-7c96-4354-bf1f-55d48726708b(fv-az1239-288/10.1.0.31), ReplicationConfig: RATIS/ONE, State:ALLOCATED, leaderId:f5d72e8c-7c96-4354-bf1f-55d48726708b, CreationTimestamp2023-06-02T20:40:32.801Z[Etc/UTC]] moved to OPEN state
2023-06-02 20:40:35,827 [f5d72e8c-7c96-4354-bf1f-55d48726708b-groupManagement] INFO  server.RaftServerConfigKeys (ConfUtils.java:logGet(46)) - raft.server.log.segment.size.max = 1048576 (custom)
2023-06-02 20:40:35,827 [f5d72e8c-7c96-4354-bf1f-55d48726708b-groupManagement] INFO  server.RaftServerConfigKeys (ConfUtils.java:logGet(46)) - raft.server.log.preallocated.size = 16384 (custom)
2023-06-02 20:40:35,827 [f5d72e8c-7c96-4354-bf1f-55d48726708b-groupManagement] INFO  server.RaftServerConfigKeys (ConfUtils.java:logGet(46)) - raft.server.log.force.sync.num = 128 (default)
2023-06-02 20:40:35,827 [f5d72e8c-7c96-4354-bf1f-55d48726708b-groupManagement] INFO  server.RaftServerConfigKeys (ConfUtils.java:logGet(46)) - raft.server.log.statemachine.data.sync = true (default)
2023-06-02 20:40:35,827 [f5d72e8c-7c96-4354-bf1f-55d48726708b-groupManagement] INFO  server.RaftServerConfigKeys (ConfUtils.java:logGet(46)) - raft.server.log.statemachine.data.sync.timeout = 10s (default)
2023-06-02 20:40:35,827 [f5d72e8c-7c96-4354-bf1f-55d48726708b-groupManagement] INFO  server.RaftServerConfigKeys (ConfUtils.java:logGet(46)) - raft.server.log.statemachine.data.sync.timeout.retry = -1 (default)
2023-06-02 20:40:35,829 [EventQueue-OpenPipelineForHealthyPipelineSafeModeRule] INFO  safemode.SCMSafeModeManager (HealthyPipelineSafeModeRule.java:process(137)) - SCM in safe mode. Healthy pipelines reported count is 0, required healthy pipeline reported count is 1
2023-06-02 20:40:35,840 [f5d72e8c-7c96-4354-bf1f-55d48726708b-groupManagement] INFO  server.RaftServerConfigKeys (ConfUtils.java:logGet(46)) - raft.server.log.write.buffer.size = 1048576 (custom)
2023-06-02 20:40:35,841 [f5d72e8c-7c96-4354-bf1f-55d48726708b-groupManagement] INFO  server.RaftServerConfigKeys (ConfUtils.java:logGet(46)) - raft.server.log.appender.buffer.byte-limit = 33554432 (custom)
2023-06-02 20:40:35,850 [f5d72e8c-7c96-4354-bf1f-55d48726708b-groupManagement] INFO  server.RaftServerConfigKeys (ConfUtils.java:logGet(46)) - raft.server.log.unsafe-flush.enabled = false (default)
2023-06-02 20:40:35,850 [f5d72e8c-7c96-4354-bf1f-55d48726708b-groupManagement] INFO  server.RaftServerConfigKeys (ConfUtils.java:logGet(46)) - raft.server.log.async-flush.enabled = false (default)
2023-06-02 20:40:35,850 [f5d72e8c-7c96-4354-bf1f-55d48726708b-groupManagement] INFO  server.RaftServerConfigKeys (ConfUtils.java:logGet(46)) - raft.server.log.statemachine.data.caching.enabled = true (custom)
2023-06-02 20:40:35,857 [f5d72e8c-7c96-4354-bf1f-55d48726708b-groupManagement] INFO  segmented.SegmentedRaftLogWorker (SegmentedRaftLogWorker.java:lambda$new$0(135)) - f5d72e8c-7c96-4354-bf1f-55d48726708b@group-CB36F2D09563-SegmentedRaftLogWorker: flushIndex: setUnconditionally 0 -> -1
2023-06-02 20:40:35,857 [f5d72e8c-7c96-4354-bf1f-55d48726708b-groupManagement] INFO  segmented.SegmentedRaftLogWorker (SegmentedRaftLogWorker.java:lambda$new$0(135)) - f5d72e8c-7c96-4354-bf1f-55d48726708b@group-CB36F2D09563-SegmentedRaftLogWorker: safeCacheEvictIndex: setUnconditionally 0 -> -1
2023-06-02 20:40:35,858 [f5d72e8c-7c96-4354-bf1f-55d48726708b-groupManagement] INFO  server.RaftServer$Division (RaftServerImpl.java:start(342)) - f5d72e8c-7c96-4354-bf1f-55d48726708b@group-CB36F2D09563: start as a follower, conf=-1: peers:[f5d72e8c-7c96-4354-bf1f-55d48726708b|rpc:10.1.0.31:15059|admin:10.1.0.31:15058|client:10.1.0.31:15057|dataStream:10.1.0.31:15060|priority:1|startupRole:FOLLOWER]|listeners:[], old=null
2023-06-02 20:40:35,858 [f5d72e8c-7c96-4354-bf1f-55d48726708b-groupManagement] INFO  server.RaftServer$Division (RaftServerImpl.java:setRole(329)) - f5d72e8c-7c96-4354-bf1f-55d48726708b@group-CB36F2D09563: changes role from      null to FOLLOWER at term 0 for startAsFollower
2023-06-02 20:40:35,858 [f5d72e8c-7c96-4354-bf1f-55d48726708b-groupManagement] INFO  impl.RoleInfo (RoleInfo.java:updateAndGet(139)) - f5d72e8c-7c96-4354-bf1f-55d48726708b: start f5d72e8c-7c96-4354-bf1f-55d48726708b@group-CB36F2D09563-FollowerState
2023-06-02 20:40:35,859 [f5d72e8c-7c96-4354-bf1f-55d48726708b-groupManagement] INFO  util.JmxRegister (JmxRegister.java:tryRegister(44)) - Successfully registered JMX Bean with object name Ratis:service=RaftServer,group=group-CB36F2D09563,id=f5d72e8c-7c96-4354-bf1f-55d48726708b
2023-06-02 20:40:35,859 [f5d72e8c-7c96-4354-bf1f-55d48726708b-groupManagement] INFO  server.RaftServerConfigKeys (ConfUtils.java:logGet(46)) - raft.server.snapshot.auto.trigger.enabled = true (custom)
2023-06-02 20:40:35,859 [f5d72e8c-7c96-4354-bf1f-55d48726708b-groupManagement] INFO  server.RaftServerConfigKeys (ConfUtils.java:logGet(46)) - raft.server.snapshot.auto.trigger.threshold = 10000 (custom)
2023-06-02 20:40:35,859 [f5d72e8c-7c96-4354-bf1f-55d48726708b-groupManagement] INFO  server.RaftServerConfigKeys (ConfUtils.java:logGet(46)) - raft.server.snapshot.retention.file.num = 5 (custom)
2023-06-02 20:40:35,859 [f5d72e8c-7c96-4354-bf1f-55d48726708b-groupManagement] INFO  server.RaftServerConfigKeys (ConfUtils.java:logGet(46)) - raft.server.log.purge.upto.snapshot.index = false (default)
2023-06-02 20:40:35,860 [f5d72e8c-7c96-4354-bf1f-55d48726708b@group-CB36F2D09563-FollowerState] INFO  server.RaftServerConfigKeys (ConfUtils.java:logFallback(53)) - raft.server.rpc.first-election.timeout.min = 5s (fallback to raft.server.rpc.timeout.min)
2023-06-02 20:40:35,860 [f5d72e8c-7c96-4354-bf1f-55d48726708b@group-CB36F2D09563-FollowerState] INFO  server.RaftServerConfigKeys (ConfUtils.java:logFallback(53)) - raft.server.rpc.first-election.timeout.max = 5200ms (fallback to raft.server.rpc.timeout.max)
2023-06-02 20:40:35,860 [PipelineCommandHandlerThread-0] INFO  ratis.XceiverServerRatis (XceiverServerRatis.java:addGroup(804)) - Created group PipelineID=e2758bfc-a0d8-4c02-9c43-cb36f2d09563
2023-06-02 20:40:35,860 [PipelineCommandHandlerThread-0] INFO  commandhandler.CreatePipelineCommandHandler (CreatePipelineCommandHandler.java:lambda$handle$2(124)) - Created Pipeline RATIS ONE PipelineID=e2758bfc-a0d8-4c02-9c43-cb36f2d09563.
2023-06-02 20:40:35,867 [PipelineCommandHandlerThread-0] INFO  commandhandler.CreatePipelineCommandHandler (CreatePipelineCommandHandler.java:lambda$handle$2(124)) - Created Pipeline RATIS THREE PipelineID=2acec971-adf6-4f61-9e2e-e31964065d3f.
2023-06-02 20:40:35,893 [PipelineCommandHandlerThread-0] INFO  commandhandler.CreatePipelineCommandHandler (CreatePipelineCommandHandler.java:lambda$handle$2(124)) - Created Pipeline RATIS THREE PipelineID=2acec971-adf6-4f61-9e2e-e31964065d3f.
2023-06-02 20:40:36,068 [IPC Server handler 1 on default port 15002] INFO  net.NetworkTopologyImpl (NetworkTopologyImpl.java:add(112)) - Added a new node: /default-rack/8f90378c-2071-462d-9a04-80510992f21c
2023-06-02 20:40:36,068 [IPC Server handler 1 on default port 15002] INFO  node.SCMNodeManager (SCMNodeManager.java:register(407)) - Registered Data node : 8f90378c-2071-462d-9a04-80510992f21c{ip: 10.1.0.31, host: fv-az1239-288, ports: [HTTP=15117, CLIENT_RPC=15118, REPLICATION=15124, RATIS=15120, RATIS_ADMIN=15121, RATIS_SERVER=15122, RATIS_DATASTREAM=15123, STANDALONE=15119], networkLocation: /default-rack, certSerialId: null, persistedOpState: null, persistedOpStateExpiryEpochSec: 0}
2023-06-02 20:40:36,071 [EventQueue-NewNodeForNewNodeHandler] INFO  pipeline.BackgroundPipelineCreator (BackgroundPipelineCreator.java:notifyEventTriggered(276)) - trigger a one-shot run on RatisPipelineUtilsThread.
2023-06-02 20:40:36,072 [RatisPipelineUtilsThread - 0] INFO  pipeline.RatisPipelineProvider (RatisPipelineProvider.java:lambda$create$0(206)) - Sending CreatePipelineCommand for pipeline:PipelineID=836a44ad-ec31-4e27-88b2-ec07c2c94afc to datanode:8f90378c-2071-462d-9a04-80510992f21c
2023-06-02 20:40:36,073 [RatisPipelineUtilsThread - 0] INFO  pipeline.PipelineStateManagerImpl (PipelineStateManagerImpl.java:addPipeline(103)) - Created pipeline Pipeline[ Id: 836a44ad-ec31-4e27-88b2-ec07c2c94afc, Nodes: 8f90378c-2071-462d-9a04-80510992f21c(fv-az1239-288/10.1.0.31), ReplicationConfig: RATIS/ONE, State:ALLOCATED, leaderId:, CreationTimestamp2023-06-02T20:40:36.072Z[Etc/UTC]].
2023-06-02 20:40:36,074 [RatisPipelineUtilsThread - 0] WARN  pipeline.PipelinePlacementPolicy (PipelinePlacementPolicy.java:filterViableNodes(160)) - Pipeline creation failed due to no sufficient healthy datanodes. Required 3. Found 1. Excluded 12.
2023-06-02 20:40:36,226 [PipelineCommandHandlerThread-0] INFO  server.RaftServer (RaftServerProxy.java:addNew(98)) - a629a011-13a9-410c-9234-b770ba2e8ba4: addNew group-F61194FB2638:[a629a011-13a9-410c-9234-b770ba2e8ba4|rpc:10.1.0.31:15068|admin:10.1.0.31:15067|client:10.1.0.31:15066|dataStream:10.1.0.31:15069|priority:1|startupRole:FOLLOWER] returns group-F61194FB2638:java.util.concurrent.CompletableFuture@2dbc6797[Not completed]
2023-06-02 20:40:36,229 [a629a011-13a9-410c-9234-b770ba2e8ba4-groupManagement] INFO  server.RaftServer$Division (RaftServerImpl.java:<init>(198)) - a629a011-13a9-410c-9234-b770ba2e8ba4: new RaftServerImpl for group-F61194FB2638:[a629a011-13a9-410c-9234-b770ba2e8ba4|rpc:10.1.0.31:15068|admin:10.1.0.31:15067|client:10.1.0.31:15066|dataStream:10.1.0.31:15069|priority:1|startupRole:FOLLOWER] with ContainerStateMachine:uninitialized
2023-06-02 20:40:36,229 [a629a011-13a9-410c-9234-b770ba2e8ba4-groupManagement] INFO  server.RaftServerConfigKeys (ConfUtils.java:logGet(46)) - raft.server.rpc.timeout.min = 5s (custom)
2023-06-02 20:40:36,229 [a629a011-13a9-410c-9234-b770ba2e8ba4-groupManagement] INFO  server.RaftServerConfigKeys (ConfUtils.java:logGet(46)) - raft.server.rpc.timeout.max = 5200ms (custom)
2023-06-02 20:40:36,230 [a629a011-13a9-410c-9234-b770ba2e8ba4-groupManagement] INFO  server.RaftServerConfigKeys (ConfUtils.java:logGet(46)) - raft.server.rpc.sleep.time = 25ms (default)
2023-06-02 20:40:36,230 [a629a011-13a9-410c-9234-b770ba2e8ba4-groupManagement] INFO  server.RaftServerConfigKeys (ConfUtils.java:logGet(46)) - raft.server.rpc.slowness.timeout = 300s (custom)
2023-06-02 20:40:36,230 [a629a011-13a9-410c-9234-b770ba2e8ba4-groupManagement] INFO  server.RaftServerConfigKeys (ConfUtils.java:logGet(46)) - raft.server.leaderelection.leader.step-down.wait-time = 10s (default)
2023-06-02 20:40:36,230 [a629a011-13a9-410c-9234-b770ba2e8ba4-groupManagement] INFO  server.RaftServerConfigKeys (ConfUtils.java:logGet(46)) - raft.server.sleep.deviation.threshold = 300ms (default)
2023-06-02 20:40:36,230 [a629a011-13a9-410c-9234-b770ba2e8ba4-groupManagement] INFO  server.RaftServer$Division (ServerState.java:<init>(120)) - a629a011-13a9-410c-9234-b770ba2e8ba4@group-F61194FB2638: ConfigurationManager, init=-1: peers:[a629a011-13a9-410c-9234-b770ba2e8ba4|rpc:10.1.0.31:15068|admin:10.1.0.31:15067|client:10.1.0.31:15066|dataStream:10.1.0.31:15069|priority:1|startupRole:FOLLOWER]|listeners:[], old=null, confs=<EMPTY_MAP>
2023-06-02 20:40:36,230 [a629a011-13a9-410c-9234-b770ba2e8ba4-groupManagement] INFO  server.RaftServerConfigKeys (ConfUtils.java:logGet(46)) - raft.server.storage.dir = [/home/runner/work/ozone/ozone/hadoop-ozone/integration-test/target/test-dir/MiniOzoneClusterImpl-5ac0c7d5-b38a-4534-ae70-3109b4fe19c6/datanode-6/data/ratis] (custom)
2023-06-02 20:40:36,231 [a629a011-13a9-410c-9234-b770ba2e8ba4-groupManagement] INFO  server.RaftServerConfigKeys (ConfUtils.java:logGet(46)) - raft.server.log.corruption.policy = EXCEPTION (default)
2023-06-02 20:40:36,231 [a629a011-13a9-410c-9234-b770ba2e8ba4-groupManagement] INFO  server.RaftServerConfigKeys (ConfUtils.java:logGet(46)) - raft.server.storage.free-space.min = 0MB (=0) (default)
2023-06-02 20:40:36,231 [a629a011-13a9-410c-9234-b770ba2e8ba4-groupManagement] INFO  server.RaftServerConfigKeys (ConfUtils.java:logGet(46)) - raft.server.notification.no-leader.timeout = 300s (custom)
2023-06-02 20:40:36,231 [a629a011-13a9-410c-9234-b770ba2e8ba4-groupManagement] INFO  server.RaftServerConfigKeys (ConfUtils.java:logGet(46)) - raft.server.read.timeout = 10s (default)
2023-06-02 20:40:36,231 [a629a011-13a9-410c-9234-b770ba2e8ba4-groupManagement] INFO  server.RaftServerConfigKeys (ConfUtils.java:logGet(46)) - raft.server.retrycache.expirytime = 600000ms (custom)
2023-06-02 20:40:36,231 [a629a011-13a9-410c-9234-b770ba2e8ba4-groupManagement] INFO  server.RaftServerConfigKeys (ConfUtils.java:logGet(46)) - raft.server.retrycache.statistics.expirytime = 100μs (default)
2023-06-02 20:40:36,231 [a629a011-13a9-410c-9234-b770ba2e8ba4-groupManagement] INFO  server.RaftServerConfigKeys (ConfUtils.java:logGet(46)) - raft.server.read.option = DEFAULT (default)
2023-06-02 20:40:36,233 [a629a011-13a9-410c-9234-b770ba2e8ba4-groupManagement] INFO  server.RaftServerConfigKeys (ConfUtils.java:logGet(46)) - raft.server.rpc.request.timeout = 60s (custom)
2023-06-02 20:40:36,233 [a629a011-13a9-410c-9234-b770ba2e8ba4-groupManagement] INFO  server.RaftServerConfigKeys (ConfUtils.java:logGet(46)) - raft.server.log.appender.install.snapshot.enabled = false (custom)
2023-06-02 20:40:36,233 [a629a011-13a9-410c-9234-b770ba2e8ba4-groupManagement] INFO  server.RaftServerConfigKeys (ConfUtils.java:logGet(46)) - raft.server.threadpool.server.cached = true (default)
2023-06-02 20:40:36,233 [a629a011-13a9-410c-9234-b770ba2e8ba4-groupManagement] INFO  server.RaftServerConfigKeys (ConfUtils.java:logGet(46)) - raft.server.threadpool.server.size = 0 (default)
2023-06-02 20:40:36,233 [a629a011-13a9-410c-9234-b770ba2e8ba4-groupManagement] INFO  server.RaftServerConfigKeys (ConfUtils.java:logGet(46)) - raft.server.threadpool.client.cached = true (default)
2023-06-02 20:40:36,233 [a629a011-13a9-410c-9234-b770ba2e8ba4-groupManagement] INFO  server.RaftServerConfigKeys (ConfUtils.java:logGet(46)) - raft.server.threadpool.client.size = 0 (default)
2023-06-02 20:40:36,233 [a629a011-13a9-410c-9234-b770ba2e8ba4-groupManagement] INFO  storage.RaftStorageDirectory (RaftStorageDirectoryImpl.java:analyzeStorage(137)) - The storage directory /home/runner/work/ozone/ozone/hadoop-ozone/integration-test/target/test-dir/MiniOzoneClusterImpl-5ac0c7d5-b38a-4534-ae70-3109b4fe19c6/datanode-6/data/ratis/d8e7dc96-fea2-4a23-96cf-f61194fb2638 does not exist. Creating ...
2023-06-02 20:40:36,235 [a629a011-13a9-410c-9234-b770ba2e8ba4-groupManagement] INFO  storage.RaftStorageDirectory (RaftStorageDirectoryImpl.java:tryLock(231)) - Lock on /home/runner/work/ozone/ozone/hadoop-ozone/integration-test/target/test-dir/MiniOzoneClusterImpl-5ac0c7d5-b38a-4534-ae70-3109b4fe19c6/datanode-6/data/ratis/d8e7dc96-fea2-4a23-96cf-f61194fb2638/in_use.lock acquired by nodename 65175@fv-az1239-288
2023-06-02 20:40:36,237 [a629a011-13a9-410c-9234-b770ba2e8ba4-groupManagement] INFO  storage.RaftStorage (RaftStorageImpl.java:format(96)) - Storage directory /home/runner/work/ozone/ozone/hadoop-ozone/integration-test/target/test-dir/MiniOzoneClusterImpl-5ac0c7d5-b38a-4534-ae70-3109b4fe19c6/datanode-6/data/ratis/d8e7dc96-fea2-4a23-96cf-f61194fb2638 has been successfully formatted.
2023-06-02 20:40:36,240 [a629a011-13a9-410c-9234-b770ba2e8ba4-groupManagement] INFO  ratis.ContainerStateMachine (ContainerStateMachine.java:loadSnapshot(262)) - group-F61194FB2638: The snapshot info is null. Setting the last applied indexto:(t:0, i:~)
2023-06-02 20:40:36,240 [a629a011-13a9-410c-9234-b770ba2e8ba4-groupManagement] INFO  server.RaftServerConfigKeys (ConfUtils.java:logGet(46)) - raft.server.log.use.memory = false (default)
2023-06-02 20:40:36,240 [a629a011-13a9-410c-9234-b770ba2e8ba4-groupManagement] INFO  server.RaftServerConfigKeys (ConfUtils.java:logGet(46)) - raft.server.log.purge.gap = 1000000 (custom)
2023-06-02 20:40:36,240 [a629a011-13a9-410c-9234-b770ba2e8ba4-groupManagement] INFO  server.RaftServerConfigKeys (ConfUtils.java:logGet(46)) - raft.server.log.appender.buffer.byte-limit = 33554432 (custom)
2023-06-02 20:40:36,241 [EventQueue-PipelineReportForPipelineReportHandler] INFO  pipeline.PipelineManagerImpl (PipelineManagerImpl.java:openPipeline(367)) - Pipeline Pipeline[ Id: d8e7dc96-fea2-4a23-96cf-f61194fb2638, Nodes: a629a011-13a9-410c-9234-b770ba2e8ba4(fv-az1239-288/10.1.0.31), ReplicationConfig: RATIS/ONE, State:ALLOCATED, leaderId:a629a011-13a9-410c-9234-b770ba2e8ba4, CreationTimestamp2023-06-02T20:40:33.233Z[Etc/UTC]] moved to OPEN state
2023-06-02 20:40:36,242 [EventQueue-OpenPipelineForHealthyPipelineSafeModeRule] INFO  safemode.SCMSafeModeManager (HealthyPipelineSafeModeRule.java:process(137)) - SCM in safe mode. Healthy pipelines reported count is 0, required healthy pipeline reported count is 1
2023-06-02 20:40:36,243 [a629a011-13a9-410c-9234-b770ba2e8ba4-groupManagement] INFO  server.RaftServerConfigKeys (ConfUtils.java:logGet(46)) - raft.server.log.statemachine.data.read.timeout = 1000ms (default)
2023-06-02 20:40:36,243 [a629a011-13a9-410c-9234-b770ba2e8ba4-groupManagement] INFO  server.RaftServerConfigKeys (ConfUtils.java:logGet(46)) - raft.server.log.purge.preservation.log.num = 0 (default)
2023-06-02 20:40:36,244 [a629a011-13a9-410c-9234-b770ba2e8ba4-groupManagement] INFO  server.RaftServerConfigKeys (ConfUtils.java:logGet(46)) - raft.server.log.segment.size.max = 1048576 (custom)
2023-06-02 20:40:36,246 [a629a011-13a9-410c-9234-b770ba2e8ba4-groupManagement] INFO  server.RaftServerConfigKeys (ConfUtils.java:logGet(46)) - raft.server.log.segment.cache.num.max = 2 (custom)
2023-06-02 20:40:36,246 [a629a011-13a9-410c-9234-b770ba2e8ba4-groupManagement] INFO  server.RaftServerConfigKeys (ConfUtils.java:logGet(46)) - raft.server.log.segment.cache.size.max = 200MB (=209715200) (default)
2023-06-02 20:40:36,246 [a629a011-13a9-410c-9234-b770ba2e8ba4-groupManagement] INFO  server.RaftServerConfigKeys (ConfUtils.java:logGet(46)) - raft.server.log.appender.buffer.byte-limit = 33554432 (custom)
2023-06-02 20:40:36,246 [a629a011-13a9-410c-9234-b770ba2e8ba4-groupManagement] INFO  segmented.SegmentedRaftLogWorker (SegmentedRaftLogWorker.java:<init>(188)) - new a629a011-13a9-410c-9234-b770ba2e8ba4@group-F61194FB2638-SegmentedRaftLogWorker for RaftStorageImpl:Storage Directory /home/runner/work/ozone/ozone/hadoop-ozone/integration-test/target/test-dir/MiniOzoneClusterImpl-5ac0c7d5-b38a-4534-ae70-3109b4fe19c6/datanode-6/data/ratis/d8e7dc96-fea2-4a23-96cf-f61194fb2638
2023-06-02 20:40:36,246 [a629a011-13a9-410c-9234-b770ba2e8ba4-groupManagement] INFO  server.RaftServerConfigKeys (ConfUtils.java:logGet(46)) - raft.server.log.queue.byte-limit = 4294967296 (custom)
2023-06-02 20:40:36,246 [a629a011-13a9-410c-9234-b770ba2e8ba4-groupManagement] INFO  server.RaftServerConfigKeys (ConfUtils.java:logGet(46)) - raft.server.log.queue.element-limit = 1024 (custom)
2023-06-02 20:40:36,246 [a629a011-13a9-410c-9234-b770ba2e8ba4-groupManagement] INFO  server.RaftServerConfigKeys (ConfUtils.java:logGet(46)) - raft.server.log.segment.size.max = 1048576 (custom)
2023-06-02 20:40:36,246 [a629a011-13a9-410c-9234-b770ba2e8ba4-groupManagement] INFO  server.RaftServerConfigKeys (ConfUtils.java:logGet(46)) - raft.server.log.preallocated.size = 16384 (custom)
2023-06-02 20:40:36,246 [a629a011-13a9-410c-9234-b770ba2e8ba4-groupManagement] INFO  server.RaftServerConfigKeys (ConfUtils.java:logGet(46)) - raft.server.log.force.sync.num = 128 (default)
2023-06-02 20:40:36,246 [a629a011-13a9-410c-9234-b770ba2e8ba4-groupManagement] INFO  server.RaftServerConfigKeys (ConfUtils.java:logGet(46)) - raft.server.log.statemachine.data.sync = true (default)
2023-06-02 20:40:36,246 [a629a011-13a9-410c-9234-b770ba2e8ba4-groupManagement] INFO  server.RaftServerConfigKeys (ConfUtils.java:logGet(46)) - raft.server.log.statemachine.data.sync.timeout = 10s (default)
2023-06-02 20:40:36,246 [a629a011-13a9-410c-9234-b770ba2e8ba4-groupManagement] INFO  server.RaftServerConfigKeys (ConfUtils.java:logGet(46)) - raft.server.log.statemachine.data.sync.timeout.retry = -1 (default)
2023-06-02 20:40:36,250 [a629a011-13a9-410c-9234-b770ba2e8ba4-groupManagement] INFO  server.RaftServerConfigKeys (ConfUtils.java:logGet(46)) - raft.server.log.write.buffer.size = 1048576 (custom)
2023-06-02 20:40:36,251 [a629a011-13a9-410c-9234-b770ba2e8ba4-groupManagement] INFO  server.RaftServerConfigKeys (ConfUtils.java:logGet(46)) - raft.server.log.appender.buffer.byte-limit = 33554432 (custom)
2023-06-02 20:40:36,256 [a629a011-13a9-410c-9234-b770ba2e8ba4-groupManagement] INFO  server.RaftServerConfigKeys (ConfUtils.java:logGet(46)) - raft.server.log.unsafe-flush.enabled = false (default)
2023-06-02 20:40:36,256 [a629a011-13a9-410c-9234-b770ba2e8ba4-groupManagement] INFO  server.RaftServerConfigKeys (ConfUtils.java:logGet(46)) - raft.server.log.async-flush.enabled = false (default)
2023-06-02 20:40:36,256 [a629a011-13a9-410c-9234-b770ba2e8ba4-groupManagement] INFO  server.RaftServerConfigKeys (ConfUtils.java:logGet(46)) - raft.server.log.statemachine.data.caching.enabled = true (custom)
2023-06-02 20:40:36,256 [a629a011-13a9-410c-9234-b770ba2e8ba4-groupManagement] INFO  segmented.SegmentedRaftLogWorker (SegmentedRaftLogWorker.java:lambda$new$0(135)) - a629a011-13a9-410c-9234-b770ba2e8ba4@group-F61194FB2638-SegmentedRaftLogWorker: flushIndex: setUnconditionally 0 -> -1
2023-06-02 20:40:36,257 [a629a011-13a9-410c-9234-b770ba2e8ba4-groupManagement] INFO  segmented.SegmentedRaftLogWorker (SegmentedRaftLogWorker.java:lambda$new$0(135)) - a629a011-13a9-410c-9234-b770ba2e8ba4@group-F61194FB2638-SegmentedRaftLogWorker: safeCacheEvictIndex: setUnconditionally 0 -> -1
2023-06-02 20:40:36,257 [a629a011-13a9-410c-9234-b770ba2e8ba4-groupManagement] INFO  server.RaftServer$Division (RaftServerImpl.java:start(342)) - a629a011-13a9-410c-9234-b770ba2e8ba4@group-F61194FB2638: start as a follower, conf=-1: peers:[a629a011-13a9-410c-9234-b770ba2e8ba4|rpc:10.1.0.31:15068|admin:10.1.0.31:15067|client:10.1.0.31:15066|dataStream:10.1.0.31:15069|priority:1|startupRole:FOLLOWER]|listeners:[], old=null
2023-06-02 20:40:36,257 [a629a011-13a9-410c-9234-b770ba2e8ba4-groupManagement] INFO  server.RaftServer$Division (RaftServerImpl.java:setRole(329)) - a629a011-13a9-410c-9234-b770ba2e8ba4@group-F61194FB2638: changes role from      null to FOLLOWER at term 0 for startAsFollower
2023-06-02 20:40:36,257 [a629a011-13a9-410c-9234-b770ba2e8ba4-groupManagement] INFO  impl.RoleInfo (RoleInfo.java:updateAndGet(139)) - a629a011-13a9-410c-9234-b770ba2e8ba4: start a629a011-13a9-410c-9234-b770ba2e8ba4@group-F61194FB2638-FollowerState
2023-06-02 20:40:36,263 [a629a011-13a9-410c-9234-b770ba2e8ba4@group-F61194FB2638-FollowerState] INFO  server.RaftServerConfigKeys (ConfUtils.java:logFallback(53)) - raft.server.rpc.first-election.timeout.min = 5s (fallback to raft.server.rpc.timeout.min)
2023-06-02 20:40:36,267 [a629a011-13a9-410c-9234-b770ba2e8ba4@group-F61194FB2638-FollowerState] INFO  server.RaftServerConfigKeys (ConfUtils.java:logFallback(53)) - raft.server.rpc.first-election.timeout.max = 5200ms (fallback to raft.server.rpc.timeout.max)
2023-06-02 20:40:36,270 [a629a011-13a9-410c-9234-b770ba2e8ba4-groupManagement] INFO  util.JmxRegister (JmxRegister.java:tryRegister(44)) - Successfully registered JMX Bean with object name Ratis:service=RaftServer,group=group-F61194FB2638,id=a629a011-13a9-410c-9234-b770ba2e8ba4
2023-06-02 20:40:36,270 [a629a011-13a9-410c-9234-b770ba2e8ba4-groupManagement] INFO  server.RaftServerConfigKeys (ConfUtils.java:logGet(46)) - raft.server.snapshot.auto.trigger.enabled = true (custom)
2023-06-02 20:40:36,270 [a629a011-13a9-410c-9234-b770ba2e8ba4-groupManagement] INFO  server.RaftServerConfigKeys (ConfUtils.java:logGet(46)) - raft.server.snapshot.auto.trigger.threshold = 10000 (custom)
2023-06-02 20:40:36,271 [a629a011-13a9-410c-9234-b770ba2e8ba4-groupManagement] INFO  server.RaftServerConfigKeys (ConfUtils.java:logGet(46)) - raft.server.snapshot.retention.file.num = 5 (custom)
2023-06-02 20:40:36,271 [a629a011-13a9-410c-9234-b770ba2e8ba4-groupManagement] INFO  server.RaftServerConfigKeys (ConfUtils.java:logGet(46)) - raft.server.log.purge.upto.snapshot.index = false (default)
2023-06-02 20:40:36,272 [PipelineCommandHandlerThread-0] INFO  ratis.XceiverServerRatis (XceiverServerRatis.java:addGroup(804)) - Created group PipelineID=d8e7dc96-fea2-4a23-96cf-f61194fb2638
2023-06-02 20:40:36,272 [PipelineCommandHandlerThread-0] INFO  commandhandler.CreatePipelineCommandHandler (CreatePipelineCommandHandler.java:lambda$handle$2(124)) - Created Pipeline RATIS ONE PipelineID=d8e7dc96-fea2-4a23-96cf-f61194fb2638.
2023-06-02 20:40:36,273 [PipelineCommandHandlerThread-0] INFO  server.RaftServer (RaftServerProxy.java:addNew(98)) - a629a011-13a9-410c-9234-b770ba2e8ba4: addNew group-25329DDABB2C:[c30a36da-1763-463f-9370-bf353ef860b0|rpc:10.1.0.31:15077|admin:10.1.0.31:15076|client:10.1.0.31:15075|dataStream:10.1.0.31:15078|priority:1|startupRole:FOLLOWER, a629a011-13a9-410c-9234-b770ba2e8ba4|rpc:10.1.0.31:15068|admin:10.1.0.31:15067|client:10.1.0.31:15066|dataStream:10.1.0.31:15069|priority:0|startupRole:FOLLOWER, b4411977-9720-4d4b-9a0b-907fa7158048|rpc:10.1.0.31:15086|admin:10.1.0.31:15085|client:10.1.0.31:15084|dataStream:10.1.0.31:15087|priority:0|startupRole:FOLLOWER] returns group-25329DDABB2C:java.util.concurrent.CompletableFuture@2983f6f8[Not completed]
2023-06-02 20:40:36,277 [a629a011-13a9-410c-9234-b770ba2e8ba4-groupManagement] INFO  server.RaftServer$Division (RaftServerImpl.java:<init>(198)) - a629a011-13a9-410c-9234-b770ba2e8ba4: new RaftServerImpl for group-25329DDABB2C:[c30a36da-1763-463f-9370-bf353ef860b0|rpc:10.1.0.31:15077|admin:10.1.0.31:15076|client:10.1.0.31:15075|dataStream:10.1.0.31:15078|priority:1|startupRole:FOLLOWER, a629a011-13a9-410c-9234-b770ba2e8ba4|rpc:10.1.0.31:15068|admin:10.1.0.31:15067|client:10.1.0.31:15066|dataStream:10.1.0.31:15069|priority:0|startupRole:FOLLOWER, b4411977-9720-4d4b-9a0b-907fa7158048|rpc:10.1.0.31:15086|admin:10.1.0.31:15085|client:10.1.0.31:15084|dataStream:10.1.0.31:15087|priority:0|startupRole:FOLLOWER] with ContainerStateMachine:uninitialized
2023-06-02 20:40:36,277 [a629a011-13a9-410c-9234-b770ba2e8ba4-groupManagement] INFO  server.RaftServerConfigKeys (ConfUtils.java:logGet(46)) - raft.server.rpc.timeout.min = 5s (custom)
2023-06-02 20:40:36,277 [a629a011-13a9-410c-9234-b770ba2e8ba4-groupManagement] INFO  server.RaftServerConfigKeys (ConfUtils.java:logGet(46)) - raft.server.rpc.timeout.max = 5200ms (custom)
2023-06-02 20:40:36,277 [a629a011-13a9-410c-9234-b770ba2e8ba4-groupManagement] INFO  server.RaftServerConfigKeys (ConfUtils.java:logGet(46)) - raft.server.rpc.sleep.time = 25ms (default)
2023-06-02 20:40:36,277 [a629a011-13a9-410c-9234-b770ba2e8ba4-groupManagement] INFO  server.RaftServerConfigKeys (ConfUtils.java:logGet(46)) - raft.server.rpc.slowness.timeout = 300s (custom)
2023-06-02 20:40:36,277 [a629a011-13a9-410c-9234-b770ba2e8ba4-groupManagement] INFO  server.RaftServerConfigKeys (ConfUtils.java:logGet(46)) - raft.server.leaderelection.leader.step-down.wait-time = 10s (default)
2023-06-02 20:40:36,277 [a629a011-13a9-410c-9234-b770ba2e8ba4-groupManagement] INFO  server.RaftServerConfigKeys (ConfUtils.java:logGet(46)) - raft.server.sleep.deviation.threshold = 300ms (default)
2023-06-02 20:40:36,277 [a629a011-13a9-410c-9234-b770ba2e8ba4-groupManagement] INFO  server.RaftServer$Division (ServerState.java:<init>(120)) - a629a011-13a9-410c-9234-b770ba2e8ba4@group-25329DDABB2C: ConfigurationManager, init=-1: peers:[c30a36da-1763-463f-9370-bf353ef860b0|rpc:10.1.0.31:15077|admin:10.1.0.31:15076|client:10.1.0.31:15075|dataStream:10.1.0.31:15078|priority:1|startupRole:FOLLOWER, a629a011-13a9-410c-9234-b770ba2e8ba4|rpc:10.1.0.31:15068|admin:10.1.0.31:15067|client:10.1.0.31:15066|dataStream:10.1.0.31:15069|priority:0|startupRole:FOLLOWER, b4411977-9720-4d4b-9a0b-907fa7158048|rpc:10.1.0.31:15086|admin:10.1.0.31:15085|client:10.1.0.31:15084|dataStream:10.1.0.31:15087|priority:0|startupRole:FOLLOWER]|listeners:[], old=null, confs=<EMPTY_MAP>
2023-06-02 20:40:36,278 [a629a011-13a9-410c-9234-b770ba2e8ba4-groupManagement] INFO  server.RaftServerConfigKeys (ConfUtils.java:logGet(46)) - raft.server.storage.dir = [/home/runner/work/ozone/ozone/hadoop-ozone/integration-test/target/test-dir/MiniOzoneClusterImpl-5ac0c7d5-b38a-4534-ae70-3109b4fe19c6/datanode-6/data/ratis] (custom)
2023-06-02 20:40:36,278 [a629a011-13a9-410c-9234-b770ba2e8ba4-groupManagement] INFO  server.RaftServerConfigKeys (ConfUtils.java:logGet(46)) - raft.server.log.corruption.policy = EXCEPTION (default)
2023-06-02 20:40:36,278 [a629a011-13a9-410c-9234-b770ba2e8ba4-groupManagement] INFO  server.RaftServerConfigKeys (ConfUtils.java:logGet(46)) - raft.server.storage.free-space.min = 0MB (=0) (default)
2023-06-02 20:40:36,278 [a629a011-13a9-410c-9234-b770ba2e8ba4-groupManagement] INFO  server.RaftServerConfigKeys (ConfUtils.java:logGet(46)) - raft.server.notification.no-leader.timeout = 300s (custom)
2023-06-02 20:40:36,278 [a629a011-13a9-410c-9234-b770ba2e8ba4-groupManagement] INFO  server.RaftServerConfigKeys (ConfUtils.java:logGet(46)) - raft.server.read.timeout = 10s (default)
2023-06-02 20:40:36,278 [a629a011-13a9-410c-9234-b770ba2e8ba4-groupManagement] INFO  server.RaftServerConfigKeys (ConfUtils.java:logGet(46)) - raft.server.retrycache.expirytime = 600000ms (custom)
2023-06-02 20:40:36,278 [a629a011-13a9-410c-9234-b770ba2e8ba4-groupManagement] INFO  server.RaftServerConfigKeys (ConfUtils.java:logGet(46)) - raft.server.retrycache.statistics.expirytime = 100μs (default)
2023-06-02 20:40:36,279 [a629a011-13a9-410c-9234-b770ba2e8ba4-groupManagement] INFO  server.RaftServerConfigKeys (ConfUtils.java:logGet(46)) - raft.server.read.option = DEFAULT (default)
2023-06-02 20:40:36,286 [a629a011-13a9-410c-9234-b770ba2e8ba4-groupManagement] INFO  server.RaftServerConfigKeys (ConfUtils.java:logGet(46)) - raft.server.rpc.request.timeout = 60s (custom)
2023-06-02 20:40:36,286 [a629a011-13a9-410c-9234-b770ba2e8ba4-groupManagement] INFO  server.RaftServerConfigKeys (ConfUtils.java:logGet(46)) - raft.server.log.appender.install.snapshot.enabled = false (custom)
2023-06-02 20:40:36,286 [a629a011-13a9-410c-9234-b770ba2e8ba4-groupManagement] INFO  server.RaftServerConfigKeys (ConfUtils.java:logGet(46)) - raft.server.threadpool.server.cached = true (default)
2023-06-02 20:40:36,286 [a629a011-13a9-410c-9234-b770ba2e8ba4-groupManagement] INFO  server.RaftServerConfigKeys (ConfUtils.java:logGet(46)) - raft.server.threadpool.server.size = 0 (default)
2023-06-02 20:40:36,287 [a629a011-13a9-410c-9234-b770ba2e8ba4-groupManagement] INFO  server.RaftServerConfigKeys (ConfUtils.java:logGet(46)) - raft.server.threadpool.client.cached = true (default)
2023-06-02 20:40:36,287 [a629a011-13a9-410c-9234-b770ba2e8ba4-groupManagement] INFO  server.RaftServerConfigKeys (ConfUtils.java:logGet(46)) - raft.server.threadpool.client.size = 0 (default)
2023-06-02 20:40:36,287 [a629a011-13a9-410c-9234-b770ba2e8ba4-groupManagement] INFO  storage.RaftStorageDirectory (RaftStorageDirectoryImpl.java:analyzeStorage(137)) - The storage directory /home/runner/work/ozone/ozone/hadoop-ozone/integration-test/target/test-dir/MiniOzoneClusterImpl-5ac0c7d5-b38a-4534-ae70-3109b4fe19c6/datanode-6/data/ratis/004e31c2-d5d8-4815-9813-25329ddabb2c does not exist. Creating ...
2023-06-02 20:40:36,289 [a629a011-13a9-410c-9234-b770ba2e8ba4-groupManagement] INFO  storage.RaftStorageDirectory (RaftStorageDirectoryImpl.java:tryLock(231)) - Lock on /home/runner/work/ozone/ozone/hadoop-ozone/integration-test/target/test-dir/MiniOzoneClusterImpl-5ac0c7d5-b38a-4534-ae70-3109b4fe19c6/datanode-6/data/ratis/004e31c2-d5d8-4815-9813-25329ddabb2c/in_use.lock acquired by nodename 65175@fv-az1239-288
2023-06-02 20:40:36,291 [a629a011-13a9-410c-9234-b770ba2e8ba4-groupManagement] INFO  storage.RaftStorage (RaftStorageImpl.java:format(96)) - Storage directory /home/runner/work/ozone/ozone/hadoop-ozone/integration-test/target/test-dir/MiniOzoneClusterImpl-5ac0c7d5-b38a-4534-ae70-3109b4fe19c6/datanode-6/data/ratis/004e31c2-d5d8-4815-9813-25329ddabb2c has been successfully formatted.
2023-06-02 20:40:36,293 [EventQueue-OpenPipelineForHealthyPipelineSafeModeRule] INFO  safemode.SCMSafeModeManager (HealthyPipelineSafeModeRule.java:process(137)) - SCM in safe mode. Healthy pipelines reported count is 0, required healthy pipeline reported count is 1
2023-06-02 20:40:36,295 [a629a011-13a9-410c-9234-b770ba2e8ba4-groupManagement] INFO  ratis.ContainerStateMachine (ContainerStateMachine.java:loadSnapshot(262)) - group-25329DDABB2C: The snapshot info is null. Setting the last applied indexto:(t:0, i:~)
2023-06-02 20:40:36,295 [a629a011-13a9-410c-9234-b770ba2e8ba4-groupManagement] INFO  server.RaftServerConfigKeys (ConfUtils.java:logGet(46)) - raft.server.log.use.memory = false (default)
2023-06-02 20:40:36,295 [a629a011-13a9-410c-9234-b770ba2e8ba4-groupManagement] INFO  server.RaftServerConfigKeys (ConfUtils.java:logGet(46)) - raft.server.log.purge.gap = 1000000 (custom)
2023-06-02 20:40:36,295 [a629a011-13a9-410c-9234-b770ba2e8ba4-groupManagement] INFO  server.RaftServerConfigKeys (ConfUtils.java:logGet(46)) - raft.server.log.appender.buffer.byte-limit = 33554432 (custom)
2023-06-02 20:40:36,295 [a629a011-13a9-410c-9234-b770ba2e8ba4-groupManagement] INFO  server.RaftServerConfigKeys (ConfUtils.java:logGet(46)) - raft.server.log.statemachine.data.read.timeout = 1000ms (default)
2023-06-02 20:40:36,295 [a629a011-13a9-410c-9234-b770ba2e8ba4-groupManagement] INFO  server.RaftServerConfigKeys (ConfUtils.java:logGet(46)) - raft.server.log.purge.preservation.log.num = 0 (default)
2023-06-02 20:40:36,295 [a629a011-13a9-410c-9234-b770ba2e8ba4-groupManagement] INFO  server.RaftServerConfigKeys (ConfUtils.java:logGet(46)) - raft.server.log.segment.size.max = 1048576 (custom)
2023-06-02 20:40:36,296 [a629a011-13a9-410c-9234-b770ba2e8ba4-groupManagement] INFO  server.RaftServerConfigKeys (ConfUtils.java:logGet(46)) - raft.server.log.segment.cache.num.max = 2 (custom)
2023-06-02 20:40:36,296 [a629a011-13a9-410c-9234-b770ba2e8ba4-groupManagement] INFO  server.RaftServerConfigKeys (ConfUtils.java:logGet(46)) - raft.server.log.segment.cache.size.max = 200MB (=209715200) (default)
2023-06-02 20:40:36,297 [a629a011-13a9-410c-9234-b770ba2e8ba4-groupManagement] INFO  server.RaftServerConfigKeys (ConfUtils.java:logGet(46)) - raft.server.log.appender.buffer.byte-limit = 33554432 (custom)
2023-06-02 20:40:36,297 [a629a011-13a9-410c-9234-b770ba2e8ba4-groupManagement] INFO  segmented.SegmentedRaftLogWorker (SegmentedRaftLogWorker.java:<init>(188)) - new a629a011-13a9-410c-9234-b770ba2e8ba4@group-25329DDABB2C-SegmentedRaftLogWorker for RaftStorageImpl:Storage Directory /home/runner/work/ozone/ozone/hadoop-ozone/integration-test/target/test-dir/MiniOzoneClusterImpl-5ac0c7d5-b38a-4534-ae70-3109b4fe19c6/datanode-6/data/ratis/004e31c2-d5d8-4815-9813-25329ddabb2c
2023-06-02 20:40:36,297 [a629a011-13a9-410c-9234-b770ba2e8ba4-groupManagement] INFO  server.RaftServerConfigKeys (ConfUtils.java:logGet(46)) - raft.server.log.queue.byte-limit = 4294967296 (custom)
2023-06-02 20:40:36,297 [a629a011-13a9-410c-9234-b770ba2e8ba4-groupManagement] INFO  server.RaftServerConfigKeys (ConfUtils.java:logGet(46)) - raft.server.log.queue.element-limit = 1024 (custom)
2023-06-02 20:40:36,297 [a629a011-13a9-410c-9234-b770ba2e8ba4-groupManagement] INFO  server.RaftServerConfigKeys (ConfUtils.java:logGet(46)) - raft.server.log.segment.size.max = 1048576 (custom)
2023-06-02 20:40:36,297 [a629a011-13a9-410c-9234-b770ba2e8ba4-groupManagement] INFO  server.RaftServerConfigKeys (ConfUtils.java:logGet(46)) - raft.server.log.preallocated.size = 16384 (custom)
2023-06-02 20:40:36,297 [a629a011-13a9-410c-9234-b770ba2e8ba4-groupManagement] INFO  server.RaftServerConfigKeys (ConfUtils.java:logGet(46)) - raft.server.log.force.sync.num = 128 (default)
2023-06-02 20:40:36,297 [a629a011-13a9-410c-9234-b770ba2e8ba4-groupManagement] INFO  server.RaftServerConfigKeys (ConfUtils.java:logGet(46)) - raft.server.log.statemachine.data.sync = true (default)
2023-06-02 20:40:36,297 [a629a011-13a9-410c-9234-b770ba2e8ba4-groupManagement] INFO  server.RaftServerConfigKeys (ConfUtils.java:logGet(46)) - raft.server.log.statemachine.data.sync.timeout = 10s (default)
2023-06-02 20:40:36,297 [a629a011-13a9-410c-9234-b770ba2e8ba4-groupManagement] INFO  server.RaftServerConfigKeys (ConfUtils.java:logGet(46)) - raft.server.log.statemachine.data.sync.timeout.retry = -1 (default)
2023-06-02 20:40:36,298 [a629a011-13a9-410c-9234-b770ba2e8ba4-groupManagement] INFO  server.RaftServerConfigKeys (ConfUtils.java:logGet(46)) - raft.server.log.write.buffer.size = 1048576 (custom)
2023-06-02 20:40:36,300 [a629a011-13a9-410c-9234-b770ba2e8ba4-groupManagement] INFO  server.RaftServerConfigKeys (ConfUtils.java:logGet(46)) - raft.server.log.appender.buffer.byte-limit = 33554432 (custom)
2023-06-02 20:40:36,305 [a629a011-13a9-410c-9234-b770ba2e8ba4-groupManagement] INFO  server.RaftServerConfigKeys (ConfUtils.java:logGet(46)) - raft.server.log.unsafe-flush.enabled = false (default)
2023-06-02 20:40:36,305 [a629a011-13a9-410c-9234-b770ba2e8ba4-groupManagement] INFO  server.RaftServerConfigKeys (ConfUtils.java:logGet(46)) - raft.server.log.async-flush.enabled = false (default)
2023-06-02 20:40:36,306 [a629a011-13a9-410c-9234-b770ba2e8ba4-groupManagement] INFO  server.RaftServerConfigKeys (ConfUtils.java:logGet(46)) - raft.server.log.statemachine.data.caching.enabled = true (custom)
2023-06-02 20:40:36,306 [a629a011-13a9-410c-9234-b770ba2e8ba4-groupManagement] INFO  segmented.SegmentedRaftLogWorker (SegmentedRaftLogWorker.java:lambda$new$0(135)) - a629a011-13a9-410c-9234-b770ba2e8ba4@group-25329DDABB2C-SegmentedRaftLogWorker: flushIndex: setUnconditionally 0 -> -1
2023-06-02 20:40:36,306 [a629a011-13a9-410c-9234-b770ba2e8ba4-groupManagement] INFO  segmented.SegmentedRaftLogWorker (SegmentedRaftLogWorker.java:lambda$new$0(135)) - a629a011-13a9-410c-9234-b770ba2e8ba4@group-25329DDABB2C-SegmentedRaftLogWorker: safeCacheEvictIndex: setUnconditionally 0 -> -1
2023-06-02 20:40:36,307 [a629a011-13a9-410c-9234-b770ba2e8ba4-groupManagement] INFO  server.RaftServer$Division (RaftServerImpl.java:start(342)) - a629a011-13a9-410c-9234-b770ba2e8ba4@group-25329DDABB2C: start as a follower, conf=-1: peers:[c30a36da-1763-463f-9370-bf353ef860b0|rpc:10.1.0.31:15077|admin:10.1.0.31:15076|client:10.1.0.31:15075|dataStream:10.1.0.31:15078|priority:1|startupRole:FOLLOWER, a629a011-13a9-410c-9234-b770ba2e8ba4|rpc:10.1.0.31:15068|admin:10.1.0.31:15067|client:10.1.0.31:15066|dataStream:10.1.0.31:15069|priority:0|startupRole:FOLLOWER, b4411977-9720-4d4b-9a0b-907fa7158048|rpc:10.1.0.31:15086|admin:10.1.0.31:15085|client:10.1.0.31:15084|dataStream:10.1.0.31:15087|priority:0|startupRole:FOLLOWER]|listeners:[], old=null
2023-06-02 20:40:36,307 [a629a011-13a9-410c-9234-b770ba2e8ba4-groupManagement] INFO  server.RaftServer$Division (RaftServerImpl.java:setRole(329)) - a629a011-13a9-410c-9234-b770ba2e8ba4@group-25329DDABB2C: changes role from      null to FOLLOWER at term 0 for startAsFollower
2023-06-02 20:40:36,307 [a629a011-13a9-410c-9234-b770ba2e8ba4-groupManagement] INFO  impl.RoleInfo (RoleInfo.java:updateAndGet(139)) - a629a011-13a9-410c-9234-b770ba2e8ba4: start a629a011-13a9-410c-9234-b770ba2e8ba4@group-25329DDABB2C-FollowerState
2023-06-02 20:40:36,310 [a629a011-13a9-410c-9234-b770ba2e8ba4-groupManagement] INFO  util.JmxRegister (JmxRegister.java:tryRegister(44)) - Successfully registered JMX Bean with object name Ratis:service=RaftServer,group=group-25329DDABB2C,id=a629a011-13a9-410c-9234-b770ba2e8ba4
2023-06-02 20:40:36,310 [a629a011-13a9-410c-9234-b770ba2e8ba4-groupManagement] INFO  server.RaftServerConfigKeys (ConfUtils.java:logGet(46)) - raft.server.snapshot.auto.trigger.enabled = true (custom)
2023-06-02 20:40:36,310 [a629a011-13a9-410c-9234-b770ba2e8ba4-groupManagement] INFO  server.RaftServerConfigKeys (ConfUtils.java:logGet(46)) - raft.server.snapshot.auto.trigger.threshold = 10000 (custom)
2023-06-02 20:40:36,310 [a629a011-13a9-410c-9234-b770ba2e8ba4-groupManagement] INFO  server.RaftServerConfigKeys (ConfUtils.java:logGet(46)) - raft.server.snapshot.retention.file.num = 5 (custom)
2023-06-02 20:40:36,310 [a629a011-13a9-410c-9234-b770ba2e8ba4-groupManagement] INFO  server.RaftServerConfigKeys (ConfUtils.java:logGet(46)) - raft.server.log.purge.upto.snapshot.index = false (default)
2023-06-02 20:40:36,311 [a629a011-13a9-410c-9234-b770ba2e8ba4@group-25329DDABB2C-FollowerState] INFO  server.RaftServerConfigKeys (ConfUtils.java:logFallback(53)) - raft.server.rpc.first-election.timeout.min = 5s (fallback to raft.server.rpc.timeout.min)
2023-06-02 20:40:36,311 [a629a011-13a9-410c-9234-b770ba2e8ba4@group-25329DDABB2C-FollowerState] INFO  server.RaftServerConfigKeys (ConfUtils.java:logFallback(53)) - raft.server.rpc.first-election.timeout.max = 5200ms (fallback to raft.server.rpc.timeout.max)
2023-06-02 20:40:36,311 [PipelineCommandHandlerThread-0] INFO  ratis.XceiverServerRatis (XceiverServerRatis.java:addGroup(804)) - Created group PipelineID=004e31c2-d5d8-4815-9813-25329ddabb2c
2023-06-02 20:40:36,328 [grpc-default-executor-0] INFO  server.RaftServer (RaftServerProxy.java:addNew(98)) - c30a36da-1763-463f-9370-bf353ef860b0: addNew group-25329DDABB2C:[c30a36da-1763-463f-9370-bf353ef860b0|rpc:10.1.0.31:15077|admin:10.1.0.31:15076|client:10.1.0.31:15075|dataStream:10.1.0.31:15078|priority:1|startupRole:FOLLOWER, a629a011-13a9-410c-9234-b770ba2e8ba4|rpc:10.1.0.31:15068|admin:10.1.0.31:15067|client:10.1.0.31:15066|dataStream:10.1.0.31:15069|priority:0|startupRole:FOLLOWER, b4411977-9720-4d4b-9a0b-907fa7158048|rpc:10.1.0.31:15086|admin:10.1.0.31:15085|client:10.1.0.31:15084|dataStream:10.1.0.31:15087|priority:0|startupRole:FOLLOWER] returns group-25329DDABB2C:java.util.concurrent.CompletableFuture@413ac7f2[Not completed]
2023-06-02 20:40:36,332 [c30a36da-1763-463f-9370-bf353ef860b0-groupManagement] INFO  server.RaftServer$Division (RaftServerImpl.java:<init>(198)) - c30a36da-1763-463f-9370-bf353ef860b0: new RaftServerImpl for group-25329DDABB2C:[c30a36da-1763-463f-9370-bf353ef860b0|rpc:10.1.0.31:15077|admin:10.1.0.31:15076|client:10.1.0.31:15075|dataStream:10.1.0.31:15078|priority:1|startupRole:FOLLOWER, a629a011-13a9-410c-9234-b770ba2e8ba4|rpc:10.1.0.31:15068|admin:10.1.0.31:15067|client:10.1.0.31:15066|dataStream:10.1.0.31:15069|priority:0|startupRole:FOLLOWER, b4411977-9720-4d4b-9a0b-907fa7158048|rpc:10.1.0.31:15086|admin:10.1.0.31:15085|client:10.1.0.31:15084|dataStream:10.1.0.31:15087|priority:0|startupRole:FOLLOWER] with ContainerStateMachine:uninitialized
2023-06-02 20:40:36,332 [c30a36da-1763-463f-9370-bf353ef860b0-groupManagement] INFO  server.RaftServerConfigKeys (ConfUtils.java:logGet(46)) - raft.server.rpc.timeout.min = 5s (custom)
2023-06-02 20:40:36,332 [c30a36da-1763-463f-9370-bf353ef860b0-groupManagement] INFO  server.RaftServerConfigKeys (ConfUtils.java:logGet(46)) - raft.server.rpc.timeout.max = 5200ms (custom)
2023-06-02 20:40:36,332 [c30a36da-1763-463f-9370-bf353ef860b0-groupManagement] INFO  server.RaftServerConfigKeys (ConfUtils.java:logGet(46)) - raft.server.rpc.sleep.time = 25ms (default)
2023-06-02 20:40:36,332 [c30a36da-1763-463f-9370-bf353ef860b0-groupManagement] INFO  server.RaftServerConfigKeys (ConfUtils.java:logGet(46)) - raft.server.rpc.slowness.timeout = 300s (custom)
2023-06-02 20:40:36,332 [c30a36da-1763-463f-9370-bf353ef860b0-groupManagement] INFO  server.RaftServerConfigKeys (ConfUtils.java:logGet(46)) - raft.server.leaderelection.leader.step-down.wait-time = 10s (default)
2023-06-02 20:40:36,332 [c30a36da-1763-463f-9370-bf353ef860b0-groupManagement] INFO  server.RaftServerConfigKeys (ConfUtils.java:logGet(46)) - raft.server.sleep.deviation.threshold = 300ms (default)
2023-06-02 20:40:36,332 [c30a36da-1763-463f-9370-bf353ef860b0-groupManagement] INFO  server.RaftServer$Division (ServerState.java:<init>(120)) - c30a36da-1763-463f-9370-bf353ef860b0@group-25329DDABB2C: ConfigurationManager, init=-1: peers:[c30a36da-1763-463f-9370-bf353ef860b0|rpc:10.1.0.31:15077|admin:10.1.0.31:15076|client:10.1.0.31:15075|dataStream:10.1.0.31:15078|priority:1|startupRole:FOLLOWER, a629a011-13a9-410c-9234-b770ba2e8ba4|rpc:10.1.0.31:15068|admin:10.1.0.31:15067|client:10.1.0.31:15066|dataStream:10.1.0.31:15069|priority:0|startupRole:FOLLOWER, b4411977-9720-4d4b-9a0b-907fa7158048|rpc:10.1.0.31:15086|admin:10.1.0.31:15085|client:10.1.0.31:15084|dataStream:10.1.0.31:15087|priority:0|startupRole:FOLLOWER]|listeners:[], old=null, confs=<EMPTY_MAP>
2023-06-02 20:40:36,332 [c30a36da-1763-463f-9370-bf353ef860b0-groupManagement] INFO  server.RaftServerConfigKeys (ConfUtils.java:logGet(46)) - raft.server.storage.dir = [/home/runner/work/ozone/ozone/hadoop-ozone/integration-test/target/test-dir/MiniOzoneClusterImpl-5ac0c7d5-b38a-4534-ae70-3109b4fe19c6/datanode-7/data/ratis] (custom)
2023-06-02 20:40:36,333 [c30a36da-1763-463f-9370-bf353ef860b0-groupManagement] INFO  server.RaftServerConfigKeys (ConfUtils.java:logGet(46)) - raft.server.log.corruption.policy = EXCEPTION (default)
2023-06-02 20:40:36,333 [c30a36da-1763-463f-9370-bf353ef860b0-groupManagement] INFO  server.RaftServerConfigKeys (ConfUtils.java:logGet(46)) - raft.server.storage.free-space.min = 0MB (=0) (default)
2023-06-02 20:40:36,333 [c30a36da-1763-463f-9370-bf353ef860b0-groupManagement] INFO  server.RaftServerConfigKeys (ConfUtils.java:logGet(46)) - raft.server.notification.no-leader.timeout = 300s (custom)
2023-06-02 20:40:36,333 [c30a36da-1763-463f-9370-bf353ef860b0-groupManagement] INFO  server.RaftServerConfigKeys (ConfUtils.java:logGet(46)) - raft.server.read.timeout = 10s (default)
2023-06-02 20:40:36,333 [c30a36da-1763-463f-9370-bf353ef860b0-groupManagement] INFO  server.RaftServerConfigKeys (ConfUtils.java:logGet(46)) - raft.server.retrycache.expirytime = 600000ms (custom)
2023-06-02 20:40:36,333 [c30a36da-1763-463f-9370-bf353ef860b0-groupManagement] INFO  server.RaftServerConfigKeys (ConfUtils.java:logGet(46)) - raft.server.retrycache.statistics.expirytime = 100μs (default)
2023-06-02 20:40:36,333 [c30a36da-1763-463f-9370-bf353ef860b0-groupManagement] INFO  server.RaftServerConfigKeys (ConfUtils.java:logGet(46)) - raft.server.read.option = DEFAULT (default)
2023-06-02 20:40:36,335 [c30a36da-1763-463f-9370-bf353ef860b0-groupManagement] INFO  server.RaftServerConfigKeys (ConfUtils.java:logGet(46)) - raft.server.rpc.request.timeout = 60s (custom)
2023-06-02 20:40:36,335 [c30a36da-1763-463f-9370-bf353ef860b0-groupManagement] INFO  server.RaftServerConfigKeys (ConfUtils.java:logGet(46)) - raft.server.log.appender.install.snapshot.enabled = false (custom)
2023-06-02 20:40:36,335 [c30a36da-1763-463f-9370-bf353ef860b0-groupManagement] INFO  server.RaftServerConfigKeys (ConfUtils.java:logGet(46)) - raft.server.threadpool.server.cached = true (default)
2023-06-02 20:40:36,336 [c30a36da-1763-463f-9370-bf353ef860b0-groupManagement] INFO  server.RaftServerConfigKeys (ConfUtils.java:logGet(46)) - raft.server.threadpool.server.size = 0 (default)
2023-06-02 20:40:36,336 [c30a36da-1763-463f-9370-bf353ef860b0-groupManagement] INFO  server.RaftServerConfigKeys (ConfUtils.java:logGet(46)) - raft.server.threadpool.client.cached = true (default)
2023-06-02 20:40:36,336 [c30a36da-1763-463f-9370-bf353ef860b0-groupManagement] INFO  server.RaftServerConfigKeys (ConfUtils.java:logGet(46)) - raft.server.threadpool.client.size = 0 (default)
2023-06-02 20:40:36,336 [c30a36da-1763-463f-9370-bf353ef860b0-groupManagement] INFO  storage.RaftStorageDirectory (RaftStorageDirectoryImpl.java:analyzeStorage(137)) - The storage directory /home/runner/work/ozone/ozone/hadoop-ozone/integration-test/target/test-dir/MiniOzoneClusterImpl-5ac0c7d5-b38a-4534-ae70-3109b4fe19c6/datanode-7/data/ratis/004e31c2-d5d8-4815-9813-25329ddabb2c does not exist. Creating ...
2023-06-02 20:40:36,338 [c30a36da-1763-463f-9370-bf353ef860b0-groupManagement] INFO  storage.RaftStorageDirectory (RaftStorageDirectoryImpl.java:tryLock(231)) - Lock on /home/runner/work/ozone/ozone/hadoop-ozone/integration-test/target/test-dir/MiniOzoneClusterImpl-5ac0c7d5-b38a-4534-ae70-3109b4fe19c6/datanode-7/data/ratis/004e31c2-d5d8-4815-9813-25329ddabb2c/in_use.lock acquired by nodename 65175@fv-az1239-288
2023-06-02 20:40:36,339 [c30a36da-1763-463f-9370-bf353ef860b0-groupManagement] INFO  storage.RaftStorage (RaftStorageImpl.java:format(96)) - Storage directory /home/runner/work/ozone/ozone/hadoop-ozone/integration-test/target/test-dir/MiniOzoneClusterImpl-5ac0c7d5-b38a-4534-ae70-3109b4fe19c6/datanode-7/data/ratis/004e31c2-d5d8-4815-9813-25329ddabb2c has been successfully formatted.
2023-06-02 20:40:36,345 [c30a36da-1763-463f-9370-bf353ef860b0-groupManagement] INFO  ratis.ContainerStateMachine (ContainerStateMachine.java:loadSnapshot(262)) - group-25329DDABB2C: The snapshot info is null. Setting the last applied indexto:(t:0, i:~)
2023-06-02 20:40:36,345 [c30a36da-1763-463f-9370-bf353ef860b0-groupManagement] INFO  server.RaftServerConfigKeys (ConfUtils.java:logGet(46)) - raft.server.log.use.memory = false (default)
2023-06-02 20:40:36,345 [c30a36da-1763-463f-9370-bf353ef860b0-groupManagement] INFO  server.RaftServerConfigKeys (ConfUtils.java:logGet(46)) - raft.server.log.purge.gap = 1000000 (custom)
2023-06-02 20:40:36,345 [c30a36da-1763-463f-9370-bf353ef860b0-groupManagement] INFO  server.RaftServerConfigKeys (ConfUtils.java:logGet(46)) - raft.server.log.appender.buffer.byte-limit = 33554432 (custom)
2023-06-02 20:40:36,345 [c30a36da-1763-463f-9370-bf353ef860b0-groupManagement] INFO  server.RaftServerConfigKeys (ConfUtils.java:logGet(46)) - raft.server.log.statemachine.data.read.timeout = 1000ms (default)
2023-06-02 20:40:36,346 [c30a36da-1763-463f-9370-bf353ef860b0-groupManagement] INFO  server.RaftServerConfigKeys (ConfUtils.java:logGet(46)) - raft.server.log.purge.preservation.log.num = 0 (default)
2023-06-02 20:40:36,346 [c30a36da-1763-463f-9370-bf353ef860b0-groupManagement] INFO  server.RaftServerConfigKeys (ConfUtils.java:logGet(46)) - raft.server.log.segment.size.max = 1048576 (custom)
2023-06-02 20:40:36,347 [c30a36da-1763-463f-9370-bf353ef860b0-groupManagement] INFO  server.RaftServerConfigKeys (ConfUtils.java:logGet(46)) - raft.server.log.segment.cache.num.max = 2 (custom)
2023-06-02 20:40:36,347 [c30a36da-1763-463f-9370-bf353ef860b0-groupManagement] INFO  server.RaftServerConfigKeys (ConfUtils.java:logGet(46)) - raft.server.log.segment.cache.size.max = 200MB (=209715200) (default)
2023-06-02 20:40:36,347 [c30a36da-1763-463f-9370-bf353ef860b0-groupManagement] INFO  server.RaftServerConfigKeys (ConfUtils.java:logGet(46)) - raft.server.log.appender.buffer.byte-limit = 33554432 (custom)
2023-06-02 20:40:36,347 [c30a36da-1763-463f-9370-bf353ef860b0-groupManagement] INFO  segmented.SegmentedRaftLogWorker (SegmentedRaftLogWorker.java:<init>(188)) - new c30a36da-1763-463f-9370-bf353ef860b0@group-25329DDABB2C-SegmentedRaftLogWorker for RaftStorageImpl:Storage Directory /home/runner/work/ozone/ozone/hadoop-ozone/integration-test/target/test-dir/MiniOzoneClusterImpl-5ac0c7d5-b38a-4534-ae70-3109b4fe19c6/datanode-7/data/ratis/004e31c2-d5d8-4815-9813-25329ddabb2c
2023-06-02 20:40:36,347 [c30a36da-1763-463f-9370-bf353ef860b0-groupManagement] INFO  server.RaftServerConfigKeys (ConfUtils.java:logGet(46)) - raft.server.log.queue.byte-limit = 4294967296 (custom)
2023-06-02 20:40:36,348 [c30a36da-1763-463f-9370-bf353ef860b0-groupManagement] INFO  server.RaftServerConfigKeys (ConfUtils.java:logGet(46)) - raft.server.log.queue.element-limit = 1024 (custom)
2023-06-02 20:40:36,348 [c30a36da-1763-463f-9370-bf353ef860b0-groupManagement] INFO  server.RaftServerConfigKeys (ConfUtils.java:logGet(46)) - raft.server.log.segment.size.max = 1048576 (custom)
2023-06-02 20:40:36,348 [c30a36da-1763-463f-9370-bf353ef860b0-groupManagement] INFO  server.RaftServerConfigKeys (ConfUtils.java:logGet(46)) - raft.server.log.preallocated.size = 16384 (custom)
2023-06-02 20:40:36,348 [c30a36da-1763-463f-9370-bf353ef860b0-groupManagement] INFO  server.RaftServerConfigKeys (ConfUtils.java:logGet(46)) - raft.server.log.force.sync.num = 128 (default)
2023-06-02 20:40:36,348 [c30a36da-1763-463f-9370-bf353ef860b0-groupManagement] INFO  server.RaftServerConfigKeys (ConfUtils.java:logGet(46)) - raft.server.log.statemachine.data.sync = true (default)
2023-06-02 20:40:36,348 [c30a36da-1763-463f-9370-bf353ef860b0-groupManagement] INFO  server.RaftServerConfigKeys (ConfUtils.java:logGet(46)) - raft.server.log.statemachine.data.sync.timeout = 10s (default)
2023-06-02 20:40:36,348 [c30a36da-1763-463f-9370-bf353ef860b0-groupManagement] INFO  server.RaftServerConfigKeys (ConfUtils.java:logGet(46)) - raft.server.log.statemachine.data.sync.timeout.retry = -1 (default)
2023-06-02 20:40:36,350 [c30a36da-1763-463f-9370-bf353ef860b0-groupManagement] INFO  server.RaftServerConfigKeys (ConfUtils.java:logGet(46)) - raft.server.log.write.buffer.size = 1048576 (custom)
2023-06-02 20:40:36,351 [c30a36da-1763-463f-9370-bf353ef860b0-groupManagement] INFO  server.RaftServerConfigKeys (ConfUtils.java:logGet(46)) - raft.server.log.appender.buffer.byte-limit = 33554432 (custom)
2023-06-02 20:40:36,359 [c30a36da-1763-463f-9370-bf353ef860b0-groupManagement] INFO  server.RaftServerConfigKeys (ConfUtils.java:logGet(46)) - raft.server.log.unsafe-flush.enabled = false (default)
2023-06-02 20:40:36,359 [c30a36da-1763-463f-9370-bf353ef860b0-groupManagement] INFO  server.RaftServerConfigKeys (ConfUtils.java:logGet(46)) - raft.server.log.async-flush.enabled = false (default)
2023-06-02 20:40:36,359 [c30a36da-1763-463f-9370-bf353ef860b0-groupManagement] INFO  server.RaftServerConfigKeys (ConfUtils.java:logGet(46)) - raft.server.log.statemachine.data.caching.enabled = true (custom)
2023-06-02 20:40:36,359 [c30a36da-1763-463f-9370-bf353ef860b0-groupManagement] INFO  segmented.SegmentedRaftLogWorker (SegmentedRaftLogWorker.java:lambda$new$0(135)) - c30a36da-1763-463f-9370-bf353ef860b0@group-25329DDABB2C-SegmentedRaftLogWorker: flushIndex: setUnconditionally 0 -> -1
2023-06-02 20:40:36,359 [c30a36da-1763-463f-9370-bf353ef860b0-groupManagement] INFO  segmented.SegmentedRaftLogWorker (SegmentedRaftLogWorker.java:lambda$new$0(135)) - c30a36da-1763-463f-9370-bf353ef860b0@group-25329DDABB2C-SegmentedRaftLogWorker: safeCacheEvictIndex: setUnconditionally 0 -> -1
2023-06-02 20:40:36,360 [c30a36da-1763-463f-9370-bf353ef860b0-groupManagement] INFO  server.RaftServer$Division (RaftServerImpl.java:start(342)) - c30a36da-1763-463f-9370-bf353ef860b0@group-25329DDABB2C: start as a follower, conf=-1: peers:[c30a36da-1763-463f-9370-bf353ef860b0|rpc:10.1.0.31:15077|admin:10.1.0.31:15076|client:10.1.0.31:15075|dataStream:10.1.0.31:15078|priority:1|startupRole:FOLLOWER, a629a011-13a9-410c-9234-b770ba2e8ba4|rpc:10.1.0.31:15068|admin:10.1.0.31:15067|client:10.1.0.31:15066|dataStream:10.1.0.31:15069|priority:0|startupRole:FOLLOWER, b4411977-9720-4d4b-9a0b-907fa7158048|rpc:10.1.0.31:15086|admin:10.1.0.31:15085|client:10.1.0.31:15084|dataStream:10.1.0.31:15087|priority:0|startupRole:FOLLOWER]|listeners:[], old=null
2023-06-02 20:40:36,360 [c30a36da-1763-463f-9370-bf353ef860b0-groupManagement] INFO  server.RaftServer$Division (RaftServerImpl.java:setRole(329)) - c30a36da-1763-463f-9370-bf353ef860b0@group-25329DDABB2C: changes role from      null to FOLLOWER at term 0 for startAsFollower
2023-06-02 20:40:36,360 [c30a36da-1763-463f-9370-bf353ef860b0-groupManagement] INFO  impl.RoleInfo (RoleInfo.java:updateAndGet(139)) - c30a36da-1763-463f-9370-bf353ef860b0: start c30a36da-1763-463f-9370-bf353ef860b0@group-25329DDABB2C-FollowerState
2023-06-02 20:40:36,363 [c30a36da-1763-463f-9370-bf353ef860b0-groupManagement] INFO  util.JmxRegister (JmxRegister.java:tryRegister(44)) - Successfully registered JMX Bean with object name Ratis:service=RaftServer,group=group-25329DDABB2C,id=c30a36da-1763-463f-9370-bf353ef860b0
2023-06-02 20:40:36,363 [c30a36da-1763-463f-9370-bf353ef860b0-groupManagement] INFO  server.RaftServerConfigKeys (ConfUtils.java:logGet(46)) - raft.server.snapshot.auto.trigger.enabled = true (custom)
2023-06-02 20:40:36,363 [c30a36da-1763-463f-9370-bf353ef860b0-groupManagement] INFO  server.RaftServerConfigKeys (ConfUtils.java:logGet(46)) - raft.server.snapshot.auto.trigger.threshold = 10000 (custom)
2023-06-02 20:40:36,363 [c30a36da-1763-463f-9370-bf353ef860b0-groupManagement] INFO  server.RaftServerConfigKeys (ConfUtils.java:logGet(46)) - raft.server.snapshot.retention.file.num = 5 (custom)
2023-06-02 20:40:36,363 [c30a36da-1763-463f-9370-bf353ef860b0-groupManagement] INFO  server.RaftServerConfigKeys (ConfUtils.java:logGet(46)) - raft.server.log.purge.upto.snapshot.index = false (default)
2023-06-02 20:40:36,364 [c30a36da-1763-463f-9370-bf353ef860b0@group-25329DDABB2C-FollowerState] INFO  server.RaftServerConfigKeys (ConfUtils.java:logFallback(53)) - raft.server.rpc.first-election.timeout.min = 5s (fallback to raft.server.rpc.timeout.min)
2023-06-02 20:40:36,364 [c30a36da-1763-463f-9370-bf353ef860b0@group-25329DDABB2C-FollowerState] INFO  server.RaftServerConfigKeys (ConfUtils.java:logFallback(53)) - raft.server.rpc.first-election.timeout.max = 5200ms (fallback to raft.server.rpc.timeout.max)
2023-06-02 20:40:36,403 [grpc-default-executor-0] INFO  server.RaftServer (RaftServerProxy.java:addNew(98)) - b4411977-9720-4d4b-9a0b-907fa7158048: addNew group-25329DDABB2C:[c30a36da-1763-463f-9370-bf353ef860b0|rpc:10.1.0.31:15077|admin:10.1.0.31:15076|client:10.1.0.31:15075|dataStream:10.1.0.31:15078|priority:1|startupRole:FOLLOWER, a629a011-13a9-410c-9234-b770ba2e8ba4|rpc:10.1.0.31:15068|admin:10.1.0.31:15067|client:10.1.0.31:15066|dataStream:10.1.0.31:15069|priority:0|startupRole:FOLLOWER, b4411977-9720-4d4b-9a0b-907fa7158048|rpc:10.1.0.31:15086|admin:10.1.0.31:15085|client:10.1.0.31:15084|dataStream:10.1.0.31:15087|priority:0|startupRole:FOLLOWER] returns group-25329DDABB2C:java.util.concurrent.CompletableFuture@48f51c57[Not completed]
2023-06-02 20:40:36,410 [b4411977-9720-4d4b-9a0b-907fa7158048-groupManagement] INFO  server.RaftServer$Division (RaftServerImpl.java:<init>(198)) - b4411977-9720-4d4b-9a0b-907fa7158048: new RaftServerImpl for group-25329DDABB2C:[c30a36da-1763-463f-9370-bf353ef860b0|rpc:10.1.0.31:15077|admin:10.1.0.31:15076|client:10.1.0.31:15075|dataStream:10.1.0.31:15078|priority:1|startupRole:FOLLOWER, a629a011-13a9-410c-9234-b770ba2e8ba4|rpc:10.1.0.31:15068|admin:10.1.0.31:15067|client:10.1.0.31:15066|dataStream:10.1.0.31:15069|priority:0|startupRole:FOLLOWER, b4411977-9720-4d4b-9a0b-907fa7158048|rpc:10.1.0.31:15086|admin:10.1.0.31:15085|client:10.1.0.31:15084|dataStream:10.1.0.31:15087|priority:0|startupRole:FOLLOWER] with ContainerStateMachine:uninitialized
2023-06-02 20:40:36,410 [b4411977-9720-4d4b-9a0b-907fa7158048-groupManagement] INFO  server.RaftServerConfigKeys (ConfUtils.java:logGet(46)) - raft.server.rpc.timeout.min = 5s (custom)
2023-06-02 20:40:36,411 [b4411977-9720-4d4b-9a0b-907fa7158048-groupManagement] INFO  server.RaftServerConfigKeys (ConfUtils.java:logGet(46)) - raft.server.rpc.timeout.max = 5200ms (custom)
2023-06-02 20:40:36,411 [b4411977-9720-4d4b-9a0b-907fa7158048-groupManagement] INFO  server.RaftServerConfigKeys (ConfUtils.java:logGet(46)) - raft.server.rpc.sleep.time = 25ms (default)
2023-06-02 20:40:36,411 [b4411977-9720-4d4b-9a0b-907fa7158048-groupManagement] INFO  server.RaftServerConfigKeys (ConfUtils.java:logGet(46)) - raft.server.rpc.slowness.timeout = 300s (custom)
2023-06-02 20:40:36,411 [b4411977-9720-4d4b-9a0b-907fa7158048-groupManagement] INFO  server.RaftServerConfigKeys (ConfUtils.java:logGet(46)) - raft.server.leaderelection.leader.step-down.wait-time = 10s (default)
2023-06-02 20:40:36,411 [b4411977-9720-4d4b-9a0b-907fa7158048-groupManagement] INFO  server.RaftServerConfigKeys (ConfUtils.java:logGet(46)) - raft.server.sleep.deviation.threshold = 300ms (default)
2023-06-02 20:40:36,411 [b4411977-9720-4d4b-9a0b-907fa7158048-groupManagement] INFO  server.RaftServer$Division (ServerState.java:<init>(120)) - b4411977-9720-4d4b-9a0b-907fa7158048@group-25329DDABB2C: ConfigurationManager, init=-1: peers:[c30a36da-1763-463f-9370-bf353ef860b0|rpc:10.1.0.31:15077|admin:10.1.0.31:15076|client:10.1.0.31:15075|dataStream:10.1.0.31:15078|priority:1|startupRole:FOLLOWER, a629a011-13a9-410c-9234-b770ba2e8ba4|rpc:10.1.0.31:15068|admin:10.1.0.31:15067|client:10.1.0.31:15066|dataStream:10.1.0.31:15069|priority:0|startupRole:FOLLOWER, b4411977-9720-4d4b-9a0b-907fa7158048|rpc:10.1.0.31:15086|admin:10.1.0.31:15085|client:10.1.0.31:15084|dataStream:10.1.0.31:15087|priority:0|startupRole:FOLLOWER]|listeners:[], old=null, confs=<EMPTY_MAP>
2023-06-02 20:40:36,411 [b4411977-9720-4d4b-9a0b-907fa7158048-groupManagement] INFO  server.RaftServerConfigKeys (ConfUtils.java:logGet(46)) - raft.server.storage.dir = [/home/runner/work/ozone/ozone/hadoop-ozone/integration-test/target/test-dir/MiniOzoneClusterImpl-5ac0c7d5-b38a-4534-ae70-3109b4fe19c6/datanode-8/data/ratis] (custom)
2023-06-02 20:40:36,411 [b4411977-9720-4d4b-9a0b-907fa7158048-groupManagement] INFO  server.RaftServerConfigKeys (ConfUtils.java:logGet(46)) - raft.server.log.corruption.policy = EXCEPTION (default)
2023-06-02 20:40:36,411 [b4411977-9720-4d4b-9a0b-907fa7158048-groupManagement] INFO  server.RaftServerConfigKeys (ConfUtils.java:logGet(46)) - raft.server.storage.free-space.min = 0MB (=0) (default)
2023-06-02 20:40:36,411 [b4411977-9720-4d4b-9a0b-907fa7158048-groupManagement] INFO  server.RaftServerConfigKeys (ConfUtils.java:logGet(46)) - raft.server.notification.no-leader.timeout = 300s (custom)
2023-06-02 20:40:36,411 [b4411977-9720-4d4b-9a0b-907fa7158048-groupManagement] INFO  server.RaftServerConfigKeys (ConfUtils.java:logGet(46)) - raft.server.read.timeout = 10s (default)
2023-06-02 20:40:36,412 [b4411977-9720-4d4b-9a0b-907fa7158048-groupManagement] INFO  server.RaftServerConfigKeys (ConfUtils.java:logGet(46)) - raft.server.retrycache.expirytime = 600000ms (custom)
2023-06-02 20:40:36,412 [b4411977-9720-4d4b-9a0b-907fa7158048-groupManagement] INFO  server.RaftServerConfigKeys (ConfUtils.java:logGet(46)) - raft.server.retrycache.statistics.expirytime = 100μs (default)
2023-06-02 20:40:36,412 [b4411977-9720-4d4b-9a0b-907fa7158048-groupManagement] INFO  server.RaftServerConfigKeys (ConfUtils.java:logGet(46)) - raft.server.read.option = DEFAULT (default)
2023-06-02 20:40:36,413 [b4411977-9720-4d4b-9a0b-907fa7158048-groupManagement] INFO  server.RaftServerConfigKeys (ConfUtils.java:logGet(46)) - raft.server.rpc.request.timeout = 60s (custom)
2023-06-02 20:40:36,413 [b4411977-9720-4d4b-9a0b-907fa7158048-groupManagement] INFO  server.RaftServerConfigKeys (ConfUtils.java:logGet(46)) - raft.server.log.appender.install.snapshot.enabled = false (custom)
2023-06-02 20:40:36,413 [b4411977-9720-4d4b-9a0b-907fa7158048-groupManagement] INFO  server.RaftServerConfigKeys (ConfUtils.java:logGet(46)) - raft.server.threadpool.server.cached = true (default)
2023-06-02 20:40:36,413 [b4411977-9720-4d4b-9a0b-907fa7158048-groupManagement] INFO  server.RaftServerConfigKeys (ConfUtils.java:logGet(46)) - raft.server.threadpool.server.size = 0 (default)
2023-06-02 20:40:36,414 [b4411977-9720-4d4b-9a0b-907fa7158048-groupManagement] INFO  server.RaftServerConfigKeys (ConfUtils.java:logGet(46)) - raft.server.threadpool.client.cached = true (default)
2023-06-02 20:40:36,414 [b4411977-9720-4d4b-9a0b-907fa7158048-groupManagement] INFO  server.RaftServerConfigKeys (ConfUtils.java:logGet(46)) - raft.server.threadpool.client.size = 0 (default)
2023-06-02 20:40:36,414 [b4411977-9720-4d4b-9a0b-907fa7158048-groupManagement] INFO  storage.RaftStorageDirectory (RaftStorageDirectoryImpl.java:analyzeStorage(137)) - The storage directory /home/runner/work/ozone/ozone/hadoop-ozone/integration-test/target/test-dir/MiniOzoneClusterImpl-5ac0c7d5-b38a-4534-ae70-3109b4fe19c6/datanode-8/data/ratis/004e31c2-d5d8-4815-9813-25329ddabb2c does not exist. Creating ...
2023-06-02 20:40:36,415 [b4411977-9720-4d4b-9a0b-907fa7158048-groupManagement] INFO  storage.RaftStorageDirectory (RaftStorageDirectoryImpl.java:tryLock(231)) - Lock on /home/runner/work/ozone/ozone/hadoop-ozone/integration-test/target/test-dir/MiniOzoneClusterImpl-5ac0c7d5-b38a-4534-ae70-3109b4fe19c6/datanode-8/data/ratis/004e31c2-d5d8-4815-9813-25329ddabb2c/in_use.lock acquired by nodename 65175@fv-az1239-288
2023-06-02 20:40:36,417 [b4411977-9720-4d4b-9a0b-907fa7158048-groupManagement] INFO  storage.RaftStorage (RaftStorageImpl.java:format(96)) - Storage directory /home/runner/work/ozone/ozone/hadoop-ozone/integration-test/target/test-dir/MiniOzoneClusterImpl-5ac0c7d5-b38a-4534-ae70-3109b4fe19c6/datanode-8/data/ratis/004e31c2-d5d8-4815-9813-25329ddabb2c has been successfully formatted.
2023-06-02 20:40:36,419 [b4411977-9720-4d4b-9a0b-907fa7158048-groupManagement] INFO  ratis.ContainerStateMachine (ContainerStateMachine.java:loadSnapshot(262)) - group-25329DDABB2C: The snapshot info is null. Setting the last applied indexto:(t:0, i:~)
2023-06-02 20:40:36,419 [b4411977-9720-4d4b-9a0b-907fa7158048-groupManagement] INFO  server.RaftServerConfigKeys (ConfUtils.java:logGet(46)) - raft.server.log.use.memory = false (default)
2023-06-02 20:40:36,420 [b4411977-9720-4d4b-9a0b-907fa7158048-groupManagement] INFO  server.RaftServerConfigKeys (ConfUtils.java:logGet(46)) - raft.server.log.purge.gap = 1000000 (custom)
2023-06-02 20:40:36,420 [b4411977-9720-4d4b-9a0b-907fa7158048-groupManagement] INFO  server.RaftServerConfigKeys (ConfUtils.java:logGet(46)) - raft.server.log.appender.buffer.byte-limit = 33554432 (custom)
2023-06-02 20:40:36,420 [b4411977-9720-4d4b-9a0b-907fa7158048-groupManagement] INFO  server.RaftServerConfigKeys (ConfUtils.java:logGet(46)) - raft.server.log.statemachine.data.read.timeout = 1000ms (default)
2023-06-02 20:40:36,420 [b4411977-9720-4d4b-9a0b-907fa7158048-groupManagement] INFO  server.RaftServerConfigKeys (ConfUtils.java:logGet(46)) - raft.server.log.purge.preservation.log.num = 0 (default)
2023-06-02 20:40:36,420 [b4411977-9720-4d4b-9a0b-907fa7158048-groupManagement] INFO  server.RaftServerConfigKeys (ConfUtils.java:logGet(46)) - raft.server.log.segment.size.max = 1048576 (custom)
2023-06-02 20:40:36,424 [b4411977-9720-4d4b-9a0b-907fa7158048-groupManagement] INFO  server.RaftServerConfigKeys (ConfUtils.java:logGet(46)) - raft.server.log.segment.cache.num.max = 2 (custom)
2023-06-02 20:40:36,424 [b4411977-9720-4d4b-9a0b-907fa7158048-groupManagement] INFO  server.RaftServerConfigKeys (ConfUtils.java:logGet(46)) - raft.server.log.segment.cache.size.max = 200MB (=209715200) (default)
2023-06-02 20:40:36,424 [b4411977-9720-4d4b-9a0b-907fa7158048-groupManagement] INFO  server.RaftServerConfigKeys (ConfUtils.java:logGet(46)) - raft.server.log.appender.buffer.byte-limit = 33554432 (custom)
2023-06-02 20:40:36,424 [b4411977-9720-4d4b-9a0b-907fa7158048-groupManagement] INFO  segmented.SegmentedRaftLogWorker (SegmentedRaftLogWorker.java:<init>(188)) - new b4411977-9720-4d4b-9a0b-907fa7158048@group-25329DDABB2C-SegmentedRaftLogWorker for RaftStorageImpl:Storage Directory /home/runner/work/ozone/ozone/hadoop-ozone/integration-test/target/test-dir/MiniOzoneClusterImpl-5ac0c7d5-b38a-4534-ae70-3109b4fe19c6/datanode-8/data/ratis/004e31c2-d5d8-4815-9813-25329ddabb2c
2023-06-02 20:40:36,424 [b4411977-9720-4d4b-9a0b-907fa7158048-groupManagement] INFO  server.RaftServerConfigKeys (ConfUtils.java:logGet(46)) - raft.server.log.queue.byte-limit = 4294967296 (custom)
2023-06-02 20:40:36,424 [b4411977-9720-4d4b-9a0b-907fa7158048-groupManagement] INFO  server.RaftServerConfigKeys (ConfUtils.java:logGet(46)) - raft.server.log.queue.element-limit = 1024 (custom)
2023-06-02 20:40:36,424 [b4411977-9720-4d4b-9a0b-907fa7158048-groupManagement] INFO  server.RaftServerConfigKeys (ConfUtils.java:logGet(46)) - raft.server.log.segment.size.max = 1048576 (custom)
2023-06-02 20:40:36,424 [b4411977-9720-4d4b-9a0b-907fa7158048-groupManagement] INFO  server.RaftServerConfigKeys (ConfUtils.java:logGet(46)) - raft.server.log.preallocated.size = 16384 (custom)
2023-06-02 20:40:36,424 [b4411977-9720-4d4b-9a0b-907fa7158048-groupManagement] INFO  server.RaftServerConfigKeys (ConfUtils.java:logGet(46)) - raft.server.log.force.sync.num = 128 (default)
2023-06-02 20:40:36,424 [b4411977-9720-4d4b-9a0b-907fa7158048-groupManagement] INFO  server.RaftServerConfigKeys (ConfUtils.java:logGet(46)) - raft.server.log.statemachine.data.sync = true (default)
2023-06-02 20:40:36,426 [b4411977-9720-4d4b-9a0b-907fa7158048-groupManagement] INFO  server.RaftServerConfigKeys (ConfUtils.java:logGet(46)) - raft.server.log.statemachine.data.sync.timeout = 10s (default)
2023-06-02 20:40:36,426 [b4411977-9720-4d4b-9a0b-907fa7158048-groupManagement] INFO  server.RaftServerConfigKeys (ConfUtils.java:logGet(46)) - raft.server.log.statemachine.data.sync.timeout.retry = -1 (default)
2023-06-02 20:40:36,428 [b4411977-9720-4d4b-9a0b-907fa7158048-groupManagement] INFO  server.RaftServerConfigKeys (ConfUtils.java:logGet(46)) - raft.server.log.write.buffer.size = 1048576 (custom)
2023-06-02 20:40:36,429 [b4411977-9720-4d4b-9a0b-907fa7158048-groupManagement] INFO  server.RaftServerConfigKeys (ConfUtils.java:logGet(46)) - raft.server.log.appender.buffer.byte-limit = 33554432 (custom)
2023-06-02 20:40:36,435 [b4411977-9720-4d4b-9a0b-907fa7158048-groupManagement] INFO  server.RaftServerConfigKeys (ConfUtils.java:logGet(46)) - raft.server.log.unsafe-flush.enabled = false (default)
2023-06-02 20:40:36,435 [b4411977-9720-4d4b-9a0b-907fa7158048-groupManagement] INFO  server.RaftServerConfigKeys (ConfUtils.java:logGet(46)) - raft.server.log.async-flush.enabled = false (default)
2023-06-02 20:40:36,435 [b4411977-9720-4d4b-9a0b-907fa7158048-groupManagement] INFO  server.RaftServerConfigKeys (ConfUtils.java:logGet(46)) - raft.server.log.statemachine.data.caching.enabled = true (custom)
2023-06-02 20:40:36,436 [b4411977-9720-4d4b-9a0b-907fa7158048-groupManagement] INFO  segmented.SegmentedRaftLogWorker (SegmentedRaftLogWorker.java:lambda$new$0(135)) - b4411977-9720-4d4b-9a0b-907fa7158048@group-25329DDABB2C-SegmentedRaftLogWorker: flushIndex: setUnconditionally 0 -> -1
2023-06-02 20:40:36,436 [b4411977-9720-4d4b-9a0b-907fa7158048-groupManagement] INFO  segmented.SegmentedRaftLogWorker (SegmentedRaftLogWorker.java:lambda$new$0(135)) - b4411977-9720-4d4b-9a0b-907fa7158048@group-25329DDABB2C-SegmentedRaftLogWorker: safeCacheEvictIndex: setUnconditionally 0 -> -1
2023-06-02 20:40:36,436 [b4411977-9720-4d4b-9a0b-907fa7158048-groupManagement] INFO  server.RaftServer$Division (RaftServerImpl.java:start(342)) - b4411977-9720-4d4b-9a0b-907fa7158048@group-25329DDABB2C: start as a follower, conf=-1: peers:[c30a36da-1763-463f-9370-bf353ef860b0|rpc:10.1.0.31:15077|admin:10.1.0.31:15076|client:10.1.0.31:15075|dataStream:10.1.0.31:15078|priority:1|startupRole:FOLLOWER, a629a011-13a9-410c-9234-b770ba2e8ba4|rpc:10.1.0.31:15068|admin:10.1.0.31:15067|client:10.1.0.31:15066|dataStream:10.1.0.31:15069|priority:0|startupRole:FOLLOWER, b4411977-9720-4d4b-9a0b-907fa7158048|rpc:10.1.0.31:15086|admin:10.1.0.31:15085|client:10.1.0.31:15084|dataStream:10.1.0.31:15087|priority:0|startupRole:FOLLOWER]|listeners:[], old=null
2023-06-02 20:40:36,436 [b4411977-9720-4d4b-9a0b-907fa7158048-groupManagement] INFO  server.RaftServer$Division (RaftServerImpl.java:setRole(329)) - b4411977-9720-4d4b-9a0b-907fa7158048@group-25329DDABB2C: changes role from      null to FOLLOWER at term 0 for startAsFollower
2023-06-02 20:40:36,436 [b4411977-9720-4d4b-9a0b-907fa7158048-groupManagement] INFO  impl.RoleInfo (RoleInfo.java:updateAndGet(139)) - b4411977-9720-4d4b-9a0b-907fa7158048: start b4411977-9720-4d4b-9a0b-907fa7158048@group-25329DDABB2C-FollowerState
2023-06-02 20:40:36,437 [b4411977-9720-4d4b-9a0b-907fa7158048-groupManagement] INFO  util.JmxRegister (JmxRegister.java:tryRegister(44)) - Successfully registered JMX Bean with object name Ratis:service=RaftServer,group=group-25329DDABB2C,id=b4411977-9720-4d4b-9a0b-907fa7158048
2023-06-02 20:40:36,437 [b4411977-9720-4d4b-9a0b-907fa7158048-groupManagement] INFO  server.RaftServerConfigKeys (ConfUtils.java:logGet(46)) - raft.server.snapshot.auto.trigger.enabled = true (custom)
2023-06-02 20:40:36,437 [b4411977-9720-4d4b-9a0b-907fa7158048-groupManagement] INFO  server.RaftServerConfigKeys (ConfUtils.java:logGet(46)) - raft.server.snapshot.auto.trigger.threshold = 10000 (custom)
2023-06-02 20:40:36,437 [b4411977-9720-4d4b-9a0b-907fa7158048-groupManagement] INFO  server.RaftServerConfigKeys (ConfUtils.java:logGet(46)) - raft.server.snapshot.retention.file.num = 5 (custom)
2023-06-02 20:40:36,437 [b4411977-9720-4d4b-9a0b-907fa7158048-groupManagement] INFO  server.RaftServerConfigKeys (ConfUtils.java:logGet(46)) - raft.server.log.purge.upto.snapshot.index = false (default)
2023-06-02 20:40:36,438 [b4411977-9720-4d4b-9a0b-907fa7158048@group-25329DDABB2C-FollowerState] INFO  server.RaftServerConfigKeys (ConfUtils.java:logFallback(53)) - raft.server.rpc.first-election.timeout.min = 5s (fallback to raft.server.rpc.timeout.min)
2023-06-02 20:40:36,438 [b4411977-9720-4d4b-9a0b-907fa7158048@group-25329DDABB2C-FollowerState] INFO  server.RaftServerConfigKeys (ConfUtils.java:logFallback(53)) - raft.server.rpc.first-election.timeout.max = 5200ms (fallback to raft.server.rpc.timeout.max)
2023-06-02 20:40:36,454 [PipelineCommandHandlerThread-0] INFO  commandhandler.CreatePipelineCommandHandler (CreatePipelineCommandHandler.java:lambda$handle$2(124)) - Created Pipeline RATIS THREE PipelineID=004e31c2-d5d8-4815-9813-25329ddabb2c.
2023-06-02 20:40:36,454 [PipelineCommandHandlerThread-0] INFO  server.RaftServer (RaftServerProxy.java:addNew(98)) - a629a011-13a9-410c-9234-b770ba2e8ba4: addNew group-2370E48C5EC3:[c30a36da-1763-463f-9370-bf353ef860b0|rpc:10.1.0.31:15077|admin:10.1.0.31:15076|client:10.1.0.31:15075|dataStream:10.1.0.31:15078|priority:0|startupRole:FOLLOWER, a629a011-13a9-410c-9234-b770ba2e8ba4|rpc:10.1.0.31:15068|admin:10.1.0.31:15067|client:10.1.0.31:15066|dataStream:10.1.0.31:15069|priority:1|startupRole:FOLLOWER, b4411977-9720-4d4b-9a0b-907fa7158048|rpc:10.1.0.31:15086|admin:10.1.0.31:15085|client:10.1.0.31:15084|dataStream:10.1.0.31:15087|priority:0|startupRole:FOLLOWER] returns group-2370E48C5EC3:java.util.concurrent.CompletableFuture@436816ac[Not completed]
2023-06-02 20:40:36,456 [a629a011-13a9-410c-9234-b770ba2e8ba4-groupManagement] INFO  server.RaftServer$Division (RaftServerImpl.java:<init>(198)) - a629a011-13a9-410c-9234-b770ba2e8ba4: new RaftServerImpl for group-2370E48C5EC3:[c30a36da-1763-463f-9370-bf353ef860b0|rpc:10.1.0.31:15077|admin:10.1.0.31:15076|client:10.1.0.31:15075|dataStream:10.1.0.31:15078|priority:0|startupRole:FOLLOWER, a629a011-13a9-410c-9234-b770ba2e8ba4|rpc:10.1.0.31:15068|admin:10.1.0.31:15067|client:10.1.0.31:15066|dataStream:10.1.0.31:15069|priority:1|startupRole:FOLLOWER, b4411977-9720-4d4b-9a0b-907fa7158048|rpc:10.1.0.31:15086|admin:10.1.0.31:15085|client:10.1.0.31:15084|dataStream:10.1.0.31:15087|priority:0|startupRole:FOLLOWER] with ContainerStateMachine:uninitialized
2023-06-02 20:40:36,456 [a629a011-13a9-410c-9234-b770ba2e8ba4-groupManagement] INFO  server.RaftServerConfigKeys (ConfUtils.java:logGet(46)) - raft.server.rpc.timeout.min = 5s (custom)
2023-06-02 20:40:36,456 [a629a011-13a9-410c-9234-b770ba2e8ba4-groupManagement] INFO  server.RaftServerConfigKeys (ConfUtils.java:logGet(46)) - raft.server.rpc.timeout.max = 5200ms (custom)
2023-06-02 20:40:36,456 [a629a011-13a9-410c-9234-b770ba2e8ba4-groupManagement] INFO  server.RaftServerConfigKeys (ConfUtils.java:logGet(46)) - raft.server.rpc.sleep.time = 25ms (default)
2023-06-02 20:40:36,456 [a629a011-13a9-410c-9234-b770ba2e8ba4-groupManagement] INFO  server.RaftServerConfigKeys (ConfUtils.java:logGet(46)) - raft.server.rpc.slowness.timeout = 300s (custom)
2023-06-02 20:40:36,456 [a629a011-13a9-410c-9234-b770ba2e8ba4-groupManagement] INFO  server.RaftServerConfigKeys (ConfUtils.java:logGet(46)) - raft.server.leaderelection.leader.step-down.wait-time = 10s (default)
2023-06-02 20:40:36,456 [a629a011-13a9-410c-9234-b770ba2e8ba4-groupManagement] INFO  server.RaftServerConfigKeys (ConfUtils.java:logGet(46)) - raft.server.sleep.deviation.threshold = 300ms (default)
2023-06-02 20:40:36,456 [a629a011-13a9-410c-9234-b770ba2e8ba4-groupManagement] INFO  server.RaftServer$Division (ServerState.java:<init>(120)) - a629a011-13a9-410c-9234-b770ba2e8ba4@group-2370E48C5EC3: ConfigurationManager, init=-1: peers:[c30a36da-1763-463f-9370-bf353ef860b0|rpc:10.1.0.31:15077|admin:10.1.0.31:15076|client:10.1.0.31:15075|dataStream:10.1.0.31:15078|priority:0|startupRole:FOLLOWER, a629a011-13a9-410c-9234-b770ba2e8ba4|rpc:10.1.0.31:15068|admin:10.1.0.31:15067|client:10.1.0.31:15066|dataStream:10.1.0.31:15069|priority:1|startupRole:FOLLOWER, b4411977-9720-4d4b-9a0b-907fa7158048|rpc:10.1.0.31:15086|admin:10.1.0.31:15085|client:10.1.0.31:15084|dataStream:10.1.0.31:15087|priority:0|startupRole:FOLLOWER]|listeners:[], old=null, confs=<EMPTY_MAP>
2023-06-02 20:40:36,456 [a629a011-13a9-410c-9234-b770ba2e8ba4-groupManagement] INFO  server.RaftServerConfigKeys (ConfUtils.java:logGet(46)) - raft.server.storage.dir = [/home/runner/work/ozone/ozone/hadoop-ozone/integration-test/target/test-dir/MiniOzoneClusterImpl-5ac0c7d5-b38a-4534-ae70-3109b4fe19c6/datanode-6/data/ratis] (custom)
2023-06-02 20:40:36,456 [a629a011-13a9-410c-9234-b770ba2e8ba4-groupManagement] INFO  server.RaftServerConfigKeys (ConfUtils.java:logGet(46)) - raft.server.log.corruption.policy = EXCEPTION (default)
2023-06-02 20:40:36,456 [a629a011-13a9-410c-9234-b770ba2e8ba4-groupManagement] INFO  server.RaftServerConfigKeys (ConfUtils.java:logGet(46)) - raft.server.storage.free-space.min = 0MB (=0) (default)
2023-06-02 20:40:36,457 [a629a011-13a9-410c-9234-b770ba2e8ba4-groupManagement] INFO  server.RaftServerConfigKeys (ConfUtils.java:logGet(46)) - raft.server.notification.no-leader.timeout = 300s (custom)
2023-06-02 20:40:36,457 [a629a011-13a9-410c-9234-b770ba2e8ba4-groupManagement] INFO  server.RaftServerConfigKeys (ConfUtils.java:logGet(46)) - raft.server.read.timeout = 10s (default)
2023-06-02 20:40:36,457 [a629a011-13a9-410c-9234-b770ba2e8ba4-groupManagement] INFO  server.RaftServerConfigKeys (ConfUtils.java:logGet(46)) - raft.server.retrycache.expirytime = 600000ms (custom)
2023-06-02 20:40:36,457 [a629a011-13a9-410c-9234-b770ba2e8ba4-groupManagement] INFO  server.RaftServerConfigKeys (ConfUtils.java:logGet(46)) - raft.server.retrycache.statistics.expirytime = 100μs (default)
2023-06-02 20:40:36,457 [a629a011-13a9-410c-9234-b770ba2e8ba4-groupManagement] INFO  server.RaftServerConfigKeys (ConfUtils.java:logGet(46)) - raft.server.read.option = DEFAULT (default)
2023-06-02 20:40:36,458 [a629a011-13a9-410c-9234-b770ba2e8ba4-groupManagement] INFO  server.RaftServerConfigKeys (ConfUtils.java:logGet(46)) - raft.server.rpc.request.timeout = 60s (custom)
2023-06-02 20:40:36,458 [a629a011-13a9-410c-9234-b770ba2e8ba4-groupManagement] INFO  server.RaftServerConfigKeys (ConfUtils.java:logGet(46)) - raft.server.log.appender.install.snapshot.enabled = false (custom)
2023-06-02 20:40:36,458 [a629a011-13a9-410c-9234-b770ba2e8ba4-groupManagement] INFO  server.RaftServerConfigKeys (ConfUtils.java:logGet(46)) - raft.server.threadpool.server.cached = true (default)
2023-06-02 20:40:36,458 [a629a011-13a9-410c-9234-b770ba2e8ba4-groupManagement] INFO  server.RaftServerConfigKeys (ConfUtils.java:logGet(46)) - raft.server.threadpool.server.size = 0 (default)
2023-06-02 20:40:36,458 [a629a011-13a9-410c-9234-b770ba2e8ba4-groupManagement] INFO  server.RaftServerConfigKeys (ConfUtils.java:logGet(46)) - raft.server.threadpool.client.cached = true (default)
2023-06-02 20:40:36,459 [a629a011-13a9-410c-9234-b770ba2e8ba4-groupManagement] INFO  server.RaftServerConfigKeys (ConfUtils.java:logGet(46)) - raft.server.threadpool.client.size = 0 (default)
2023-06-02 20:40:36,459 [a629a011-13a9-410c-9234-b770ba2e8ba4-groupManagement] INFO  storage.RaftStorageDirectory (RaftStorageDirectoryImpl.java:analyzeStorage(137)) - The storage directory /home/runner/work/ozone/ozone/hadoop-ozone/integration-test/target/test-dir/MiniOzoneClusterImpl-5ac0c7d5-b38a-4534-ae70-3109b4fe19c6/datanode-6/data/ratis/40d86c21-5060-4c2c-992b-2370e48c5ec3 does not exist. Creating ...
2023-06-02 20:40:36,461 [a629a011-13a9-410c-9234-b770ba2e8ba4-groupManagement] INFO  storage.RaftStorageDirectory (RaftStorageDirectoryImpl.java:tryLock(231)) - Lock on /home/runner/work/ozone/ozone/hadoop-ozone/integration-test/target/test-dir/MiniOzoneClusterImpl-5ac0c7d5-b38a-4534-ae70-3109b4fe19c6/datanode-6/data/ratis/40d86c21-5060-4c2c-992b-2370e48c5ec3/in_use.lock acquired by nodename 65175@fv-az1239-288
2023-06-02 20:40:36,462 [a629a011-13a9-410c-9234-b770ba2e8ba4-groupManagement] INFO  storage.RaftStorage (RaftStorageImpl.java:format(96)) - Storage directory /home/runner/work/ozone/ozone/hadoop-ozone/integration-test/target/test-dir/MiniOzoneClusterImpl-5ac0c7d5-b38a-4534-ae70-3109b4fe19c6/datanode-6/data/ratis/40d86c21-5060-4c2c-992b-2370e48c5ec3 has been successfully formatted.
2023-06-02 20:40:36,466 [EventQueue-OpenPipelineForHealthyPipelineSafeModeRule] INFO  safemode.SCMSafeModeManager (HealthyPipelineSafeModeRule.java:process(137)) - SCM in safe mode. Healthy pipelines reported count is 0, required healthy pipeline reported count is 1
2023-06-02 20:40:36,467 [a629a011-13a9-410c-9234-b770ba2e8ba4-groupManagement] INFO  ratis.ContainerStateMachine (ContainerStateMachine.java:loadSnapshot(262)) - group-2370E48C5EC3: The snapshot info is null. Setting the last applied indexto:(t:0, i:~)
2023-06-02 20:40:36,467 [a629a011-13a9-410c-9234-b770ba2e8ba4-groupManagement] INFO  server.RaftServerConfigKeys (ConfUtils.java:logGet(46)) - raft.server.log.use.memory = false (default)
2023-06-02 20:40:36,467 [a629a011-13a9-410c-9234-b770ba2e8ba4-groupManagement] INFO  server.RaftServerConfigKeys (ConfUtils.java:logGet(46)) - raft.server.log.purge.gap = 1000000 (custom)
2023-06-02 20:40:36,467 [a629a011-13a9-410c-9234-b770ba2e8ba4-groupManagement] INFO  server.RaftServerConfigKeys (ConfUtils.java:logGet(46)) - raft.server.log.appender.buffer.byte-limit = 33554432 (custom)
2023-06-02 20:40:36,467 [a629a011-13a9-410c-9234-b770ba2e8ba4-groupManagement] INFO  server.RaftServerConfigKeys (ConfUtils.java:logGet(46)) - raft.server.log.statemachine.data.read.timeout = 1000ms (default)
2023-06-02 20:40:36,468 [a629a011-13a9-410c-9234-b770ba2e8ba4-groupManagement] INFO  server.RaftServerConfigKeys (ConfUtils.java:logGet(46)) - raft.server.log.purge.preservation.log.num = 0 (default)
2023-06-02 20:40:36,468 [a629a011-13a9-410c-9234-b770ba2e8ba4-groupManagement] INFO  server.RaftServerConfigKeys (ConfUtils.java:logGet(46)) - raft.server.log.segment.size.max = 1048576 (custom)
2023-06-02 20:40:36,468 [a629a011-13a9-410c-9234-b770ba2e8ba4-groupManagement] INFO  server.RaftServerConfigKeys (ConfUtils.java:logGet(46)) - raft.server.log.segment.cache.num.max = 2 (custom)
2023-06-02 20:40:36,468 [a629a011-13a9-410c-9234-b770ba2e8ba4-groupManagement] INFO  server.RaftServerConfigKeys (ConfUtils.java:logGet(46)) - raft.server.log.segment.cache.size.max = 200MB (=209715200) (default)
2023-06-02 20:40:36,468 [a629a011-13a9-410c-9234-b770ba2e8ba4-groupManagement] INFO  server.RaftServerConfigKeys (ConfUtils.java:logGet(46)) - raft.server.log.appender.buffer.byte-limit = 33554432 (custom)
2023-06-02 20:40:36,468 [a629a011-13a9-410c-9234-b770ba2e8ba4-groupManagement] INFO  segmented.SegmentedRaftLogWorker (SegmentedRaftLogWorker.java:<init>(188)) - new a629a011-13a9-410c-9234-b770ba2e8ba4@group-2370E48C5EC3-SegmentedRaftLogWorker for RaftStorageImpl:Storage Directory /home/runner/work/ozone/ozone/hadoop-ozone/integration-test/target/test-dir/MiniOzoneClusterImpl-5ac0c7d5-b38a-4534-ae70-3109b4fe19c6/datanode-6/data/ratis/40d86c21-5060-4c2c-992b-2370e48c5ec3
2023-06-02 20:40:36,469 [a629a011-13a9-410c-9234-b770ba2e8ba4-groupManagement] INFO  server.RaftServerConfigKeys (ConfUtils.java:logGet(46)) - raft.server.log.queue.byte-limit = 4294967296 (custom)
2023-06-02 20:40:36,469 [a629a011-13a9-410c-9234-b770ba2e8ba4-groupManagement] INFO  server.RaftServerConfigKeys (ConfUtils.java:logGet(46)) - raft.server.log.queue.element-limit = 1024 (custom)
2023-06-02 20:40:36,469 [a629a011-13a9-410c-9234-b770ba2e8ba4-groupManagement] INFO  server.RaftServerConfigKeys (ConfUtils.java:logGet(46)) - raft.server.log.segment.size.max = 1048576 (custom)
2023-06-02 20:40:36,469 [a629a011-13a9-410c-9234-b770ba2e8ba4-groupManagement] INFO  server.RaftServerConfigKeys (ConfUtils.java:logGet(46)) - raft.server.log.preallocated.size = 16384 (custom)
2023-06-02 20:40:36,469 [a629a011-13a9-410c-9234-b770ba2e8ba4-groupManagement] INFO  server.RaftServerConfigKeys (ConfUtils.java:logGet(46)) - raft.server.log.force.sync.num = 128 (default)
2023-06-02 20:40:36,469 [a629a011-13a9-410c-9234-b770ba2e8ba4-groupManagement] INFO  server.RaftServerConfigKeys (ConfUtils.java:logGet(46)) - raft.server.log.statemachine.data.sync = true (default)
2023-06-02 20:40:36,469 [a629a011-13a9-410c-9234-b770ba2e8ba4-groupManagement] INFO  server.RaftServerConfigKeys (ConfUtils.java:logGet(46)) - raft.server.log.statemachine.data.sync.timeout = 10s (default)
2023-06-02 20:40:36,469 [a629a011-13a9-410c-9234-b770ba2e8ba4-groupManagement] INFO  server.RaftServerConfigKeys (ConfUtils.java:logGet(46)) - raft.server.log.statemachine.data.sync.timeout.retry = -1 (default)
2023-06-02 20:40:36,470 [a629a011-13a9-410c-9234-b770ba2e8ba4-groupManagement] INFO  server.RaftServerConfigKeys (ConfUtils.java:logGet(46)) - raft.server.log.write.buffer.size = 1048576 (custom)
2023-06-02 20:40:36,471 [a629a011-13a9-410c-9234-b770ba2e8ba4-groupManagement] INFO  server.RaftServerConfigKeys (ConfUtils.java:logGet(46)) - raft.server.log.appender.buffer.byte-limit = 33554432 (custom)
2023-06-02 20:40:36,476 [a629a011-13a9-410c-9234-b770ba2e8ba4-groupManagement] INFO  server.RaftServerConfigKeys (ConfUtils.java:logGet(46)) - raft.server.log.unsafe-flush.enabled = false (default)
2023-06-02 20:40:36,476 [a629a011-13a9-410c-9234-b770ba2e8ba4-groupManagement] INFO  server.RaftServerConfigKeys (ConfUtils.java:logGet(46)) - raft.server.log.async-flush.enabled = false (default)
2023-06-02 20:40:36,476 [a629a011-13a9-410c-9234-b770ba2e8ba4-groupManagement] INFO  server.RaftServerConfigKeys (ConfUtils.java:logGet(46)) - raft.server.log.statemachine.data.caching.enabled = true (custom)
2023-06-02 20:40:36,476 [a629a011-13a9-410c-9234-b770ba2e8ba4-groupManagement] INFO  segmented.SegmentedRaftLogWorker (SegmentedRaftLogWorker.java:lambda$new$0(135)) - a629a011-13a9-410c-9234-b770ba2e8ba4@group-2370E48C5EC3-SegmentedRaftLogWorker: flushIndex: setUnconditionally 0 -> -1
2023-06-02 20:40:36,477 [a629a011-13a9-410c-9234-b770ba2e8ba4-groupManagement] INFO  segmented.SegmentedRaftLogWorker (SegmentedRaftLogWorker.java:lambda$new$0(135)) - a629a011-13a9-410c-9234-b770ba2e8ba4@group-2370E48C5EC3-SegmentedRaftLogWorker: safeCacheEvictIndex: setUnconditionally 0 -> -1
2023-06-02 20:40:36,477 [a629a011-13a9-410c-9234-b770ba2e8ba4-groupManagement] INFO  server.RaftServer$Division (RaftServerImpl.java:start(342)) - a629a011-13a9-410c-9234-b770ba2e8ba4@group-2370E48C5EC3: start as a follower, conf=-1: peers:[c30a36da-1763-463f-9370-bf353ef860b0|rpc:10.1.0.31:15077|admin:10.1.0.31:15076|client:10.1.0.31:15075|dataStream:10.1.0.31:15078|priority:0|startupRole:FOLLOWER, a629a011-13a9-410c-9234-b770ba2e8ba4|rpc:10.1.0.31:15068|admin:10.1.0.31:15067|client:10.1.0.31:15066|dataStream:10.1.0.31:15069|priority:1|startupRole:FOLLOWER, b4411977-9720-4d4b-9a0b-907fa7158048|rpc:10.1.0.31:15086|admin:10.1.0.31:15085|client:10.1.0.31:15084|dataStream:10.1.0.31:15087|priority:0|startupRole:FOLLOWER]|listeners:[], old=null
2023-06-02 20:40:36,477 [a629a011-13a9-410c-9234-b770ba2e8ba4-groupManagement] INFO  server.RaftServer$Division (RaftServerImpl.java:setRole(329)) - a629a011-13a9-410c-9234-b770ba2e8ba4@group-2370E48C5EC3: changes role from      null to FOLLOWER at term 0 for startAsFollower
2023-06-02 20:40:36,477 [a629a011-13a9-410c-9234-b770ba2e8ba4-groupManagement] INFO  impl.RoleInfo (RoleInfo.java:updateAndGet(139)) - a629a011-13a9-410c-9234-b770ba2e8ba4: start a629a011-13a9-410c-9234-b770ba2e8ba4@group-2370E48C5EC3-FollowerState
2023-06-02 20:40:36,478 [a629a011-13a9-410c-9234-b770ba2e8ba4-groupManagement] INFO  util.JmxRegister (JmxRegister.java:tryRegister(44)) - Successfully registered JMX Bean with object name Ratis:service=RaftServer,group=group-2370E48C5EC3,id=a629a011-13a9-410c-9234-b770ba2e8ba4
2023-06-02 20:40:36,478 [a629a011-13a9-410c-9234-b770ba2e8ba4-groupManagement] INFO  server.RaftServerConfigKeys (ConfUtils.java:logGet(46)) - raft.server.snapshot.auto.trigger.enabled = true (custom)
2023-06-02 20:40:36,478 [a629a011-13a9-410c-9234-b770ba2e8ba4-groupManagement] INFO  server.RaftServerConfigKeys (ConfUtils.java:logGet(46)) - raft.server.snapshot.auto.trigger.threshold = 10000 (custom)
2023-06-02 20:40:36,478 [a629a011-13a9-410c-9234-b770ba2e8ba4-groupManagement] INFO  server.RaftServerConfigKeys (ConfUtils.java:logGet(46)) - raft.server.snapshot.retention.file.num = 5 (custom)
2023-06-02 20:40:36,478 [a629a011-13a9-410c-9234-b770ba2e8ba4-groupManagement] INFO  server.RaftServerConfigKeys (ConfUtils.java:logGet(46)) - raft.server.log.purge.upto.snapshot.index = false (default)
2023-06-02 20:40:36,479 [a629a011-13a9-410c-9234-b770ba2e8ba4@group-2370E48C5EC3-FollowerState] INFO  server.RaftServerConfigKeys (ConfUtils.java:logFallback(53)) - raft.server.rpc.first-election.timeout.min = 5s (fallback to raft.server.rpc.timeout.min)
2023-06-02 20:40:36,479 [a629a011-13a9-410c-9234-b770ba2e8ba4@group-2370E48C5EC3-FollowerState] INFO  server.RaftServerConfigKeys (ConfUtils.java:logFallback(53)) - raft.server.rpc.first-election.timeout.max = 5200ms (fallback to raft.server.rpc.timeout.max)
2023-06-02 20:40:36,479 [PipelineCommandHandlerThread-0] INFO  ratis.XceiverServerRatis (XceiverServerRatis.java:addGroup(804)) - Created group PipelineID=40d86c21-5060-4c2c-992b-2370e48c5ec3
2023-06-02 20:40:36,495 [grpc-default-executor-0] INFO  server.RaftServer (RaftServerProxy.java:addNew(98)) - b4411977-9720-4d4b-9a0b-907fa7158048: addNew group-2370E48C5EC3:[c30a36da-1763-463f-9370-bf353ef860b0|rpc:10.1.0.31:15077|admin:10.1.0.31:15076|client:10.1.0.31:15075|dataStream:10.1.0.31:15078|priority:0|startupRole:FOLLOWER, a629a011-13a9-410c-9234-b770ba2e8ba4|rpc:10.1.0.31:15068|admin:10.1.0.31:15067|client:10.1.0.31:15066|dataStream:10.1.0.31:15069|priority:1|startupRole:FOLLOWER, b4411977-9720-4d4b-9a0b-907fa7158048|rpc:10.1.0.31:15086|admin:10.1.0.31:15085|client:10.1.0.31:15084|dataStream:10.1.0.31:15087|priority:0|startupRole:FOLLOWER] returns group-2370E48C5EC3:java.util.concurrent.CompletableFuture@12976155[Not completed]
2023-06-02 20:40:36,496 [b4411977-9720-4d4b-9a0b-907fa7158048-groupManagement] INFO  server.RaftServer$Division (RaftServerImpl.java:<init>(198)) - b4411977-9720-4d4b-9a0b-907fa7158048: new RaftServerImpl for group-2370E48C5EC3:[c30a36da-1763-463f-9370-bf353ef860b0|rpc:10.1.0.31:15077|admin:10.1.0.31:15076|client:10.1.0.31:15075|dataStream:10.1.0.31:15078|priority:0|startupRole:FOLLOWER, a629a011-13a9-410c-9234-b770ba2e8ba4|rpc:10.1.0.31:15068|admin:10.1.0.31:15067|client:10.1.0.31:15066|dataStream:10.1.0.31:15069|priority:1|startupRole:FOLLOWER, b4411977-9720-4d4b-9a0b-907fa7158048|rpc:10.1.0.31:15086|admin:10.1.0.31:15085|client:10.1.0.31:15084|dataStream:10.1.0.31:15087|priority:0|startupRole:FOLLOWER] with ContainerStateMachine:uninitialized
2023-06-02 20:40:36,497 [b4411977-9720-4d4b-9a0b-907fa7158048-groupManagement] INFO  server.RaftServerConfigKeys (ConfUtils.java:logGet(46)) - raft.server.rpc.timeout.min = 5s (custom)
2023-06-02 20:40:36,497 [b4411977-9720-4d4b-9a0b-907fa7158048-groupManagement] INFO  server.RaftServerConfigKeys (ConfUtils.java:logGet(46)) - raft.server.rpc.timeout.max = 5200ms (custom)
2023-06-02 20:40:36,497 [b4411977-9720-4d4b-9a0b-907fa7158048-groupManagement] INFO  server.RaftServerConfigKeys (ConfUtils.java:logGet(46)) - raft.server.rpc.sleep.time = 25ms (default)
2023-06-02 20:40:36,497 [b4411977-9720-4d4b-9a0b-907fa7158048-groupManagement] INFO  server.RaftServerConfigKeys (ConfUtils.java:logGet(46)) - raft.server.rpc.slowness.timeout = 300s (custom)
2023-06-02 20:40:36,497 [b4411977-9720-4d4b-9a0b-907fa7158048-groupManagement] INFO  server.RaftServerConfigKeys (ConfUtils.java:logGet(46)) - raft.server.leaderelection.leader.step-down.wait-time = 10s (default)
2023-06-02 20:40:36,497 [b4411977-9720-4d4b-9a0b-907fa7158048-groupManagement] INFO  server.RaftServerConfigKeys (ConfUtils.java:logGet(46)) - raft.server.sleep.deviation.threshold = 300ms (default)
2023-06-02 20:40:36,497 [b4411977-9720-4d4b-9a0b-907fa7158048-groupManagement] INFO  server.RaftServer$Division (ServerState.java:<init>(120)) - b4411977-9720-4d4b-9a0b-907fa7158048@group-2370E48C5EC3: ConfigurationManager, init=-1: peers:[c30a36da-1763-463f-9370-bf353ef860b0|rpc:10.1.0.31:15077|admin:10.1.0.31:15076|client:10.1.0.31:15075|dataStream:10.1.0.31:15078|priority:0|startupRole:FOLLOWER, a629a011-13a9-410c-9234-b770ba2e8ba4|rpc:10.1.0.31:15068|admin:10.1.0.31:15067|client:10.1.0.31:15066|dataStream:10.1.0.31:15069|priority:1|startupRole:FOLLOWER, b4411977-9720-4d4b-9a0b-907fa7158048|rpc:10.1.0.31:15086|admin:10.1.0.31:15085|client:10.1.0.31:15084|dataStream:10.1.0.31:15087|priority:0|startupRole:FOLLOWER]|listeners:[], old=null, confs=<EMPTY_MAP>
2023-06-02 20:40:36,497 [b4411977-9720-4d4b-9a0b-907fa7158048-groupManagement] INFO  server.RaftServerConfigKeys (ConfUtils.java:logGet(46)) - raft.server.storage.dir = [/home/runner/work/ozone/ozone/hadoop-ozone/integration-test/target/test-dir/MiniOzoneClusterImpl-5ac0c7d5-b38a-4534-ae70-3109b4fe19c6/datanode-8/data/ratis] (custom)
2023-06-02 20:40:36,498 [b4411977-9720-4d4b-9a0b-907fa7158048-groupManagement] INFO  server.RaftServerConfigKeys (ConfUtils.java:logGet(46)) - raft.server.log.corruption.policy = EXCEPTION (default)
2023-06-02 20:40:36,498 [b4411977-9720-4d4b-9a0b-907fa7158048-groupManagement] INFO  server.RaftServerConfigKeys (ConfUtils.java:logGet(46)) - raft.server.storage.free-space.min = 0MB (=0) (default)
2023-06-02 20:40:36,498 [b4411977-9720-4d4b-9a0b-907fa7158048-groupManagement] INFO  server.RaftServerConfigKeys (ConfUtils.java:logGet(46)) - raft.server.notification.no-leader.timeout = 300s (custom)
2023-06-02 20:40:36,498 [b4411977-9720-4d4b-9a0b-907fa7158048-groupManagement] INFO  server.RaftServerConfigKeys (ConfUtils.java:logGet(46)) - raft.server.read.timeout = 10s (default)
2023-06-02 20:40:36,498 [b4411977-9720-4d4b-9a0b-907fa7158048-groupManagement] INFO  server.RaftServerConfigKeys (ConfUtils.java:logGet(46)) - raft.server.retrycache.expirytime = 600000ms (custom)
2023-06-02 20:40:36,498 [b4411977-9720-4d4b-9a0b-907fa7158048-groupManagement] INFO  server.RaftServerConfigKeys (ConfUtils.java:logGet(46)) - raft.server.retrycache.statistics.expirytime = 100μs (default)
2023-06-02 20:40:36,498 [b4411977-9720-4d4b-9a0b-907fa7158048-groupManagement] INFO  server.RaftServerConfigKeys (ConfUtils.java:logGet(46)) - raft.server.read.option = DEFAULT (default)
2023-06-02 20:40:36,500 [b4411977-9720-4d4b-9a0b-907fa7158048-groupManagement] INFO  server.RaftServerConfigKeys (ConfUtils.java:logGet(46)) - raft.server.rpc.request.timeout = 60s (custom)
2023-06-02 20:40:36,500 [b4411977-9720-4d4b-9a0b-907fa7158048-groupManagement] INFO  server.RaftServerConfigKeys (ConfUtils.java:logGet(46)) - raft.server.log.appender.install.snapshot.enabled = false (custom)
2023-06-02 20:40:36,500 [b4411977-9720-4d4b-9a0b-907fa7158048-groupManagement] INFO  server.RaftServerConfigKeys (ConfUtils.java:logGet(46)) - raft.server.threadpool.server.cached = true (default)
2023-06-02 20:40:36,500 [b4411977-9720-4d4b-9a0b-907fa7158048-groupManagement] INFO  server.RaftServerConfigKeys (ConfUtils.java:logGet(46)) - raft.server.threadpool.server.size = 0 (default)
2023-06-02 20:40:36,500 [b4411977-9720-4d4b-9a0b-907fa7158048-groupManagement] INFO  server.RaftServerConfigKeys (ConfUtils.java:logGet(46)) - raft.server.threadpool.client.cached = true (default)
2023-06-02 20:40:36,500 [b4411977-9720-4d4b-9a0b-907fa7158048-groupManagement] INFO  server.RaftServerConfigKeys (ConfUtils.java:logGet(46)) - raft.server.threadpool.client.size = 0 (default)
2023-06-02 20:40:36,500 [b4411977-9720-4d4b-9a0b-907fa7158048-groupManagement] INFO  storage.RaftStorageDirectory (RaftStorageDirectoryImpl.java:analyzeStorage(137)) - The storage directory /home/runner/work/ozone/ozone/hadoop-ozone/integration-test/target/test-dir/MiniOzoneClusterImpl-5ac0c7d5-b38a-4534-ae70-3109b4fe19c6/datanode-8/data/ratis/40d86c21-5060-4c2c-992b-2370e48c5ec3 does not exist. Creating ...
2023-06-02 20:40:36,502 [b4411977-9720-4d4b-9a0b-907fa7158048-groupManagement] INFO  storage.RaftStorageDirectory (RaftStorageDirectoryImpl.java:tryLock(231)) - Lock on /home/runner/work/ozone/ozone/hadoop-ozone/integration-test/target/test-dir/MiniOzoneClusterImpl-5ac0c7d5-b38a-4534-ae70-3109b4fe19c6/datanode-8/data/ratis/40d86c21-5060-4c2c-992b-2370e48c5ec3/in_use.lock acquired by nodename 65175@fv-az1239-288
2023-06-02 20:40:36,504 [b4411977-9720-4d4b-9a0b-907fa7158048-groupManagement] INFO  storage.RaftStorage (RaftStorageImpl.java:format(96)) - Storage directory /home/runner/work/ozone/ozone/hadoop-ozone/integration-test/target/test-dir/MiniOzoneClusterImpl-5ac0c7d5-b38a-4534-ae70-3109b4fe19c6/datanode-8/data/ratis/40d86c21-5060-4c2c-992b-2370e48c5ec3 has been successfully formatted.
2023-06-02 20:40:36,505 [b4411977-9720-4d4b-9a0b-907fa7158048-groupManagement] INFO  ratis.ContainerStateMachine (ContainerStateMachine.java:loadSnapshot(262)) - group-2370E48C5EC3: The snapshot info is null. Setting the last applied indexto:(t:0, i:~)
2023-06-02 20:40:36,505 [b4411977-9720-4d4b-9a0b-907fa7158048-groupManagement] INFO  server.RaftServerConfigKeys (ConfUtils.java:logGet(46)) - raft.server.log.use.memory = false (default)
2023-06-02 20:40:36,505 [b4411977-9720-4d4b-9a0b-907fa7158048-groupManagement] INFO  server.RaftServerConfigKeys (ConfUtils.java:logGet(46)) - raft.server.log.purge.gap = 1000000 (custom)
2023-06-02 20:40:36,505 [b4411977-9720-4d4b-9a0b-907fa7158048-groupManagement] INFO  server.RaftServerConfigKeys (ConfUtils.java:logGet(46)) - raft.server.log.appender.buffer.byte-limit = 33554432 (custom)
2023-06-02 20:40:36,505 [b4411977-9720-4d4b-9a0b-907fa7158048-groupManagement] INFO  server.RaftServerConfigKeys (ConfUtils.java:logGet(46)) - raft.server.log.statemachine.data.read.timeout = 1000ms (default)
2023-06-02 20:40:36,505 [b4411977-9720-4d4b-9a0b-907fa7158048-groupManagement] INFO  server.RaftServerConfigKeys (ConfUtils.java:logGet(46)) - raft.server.log.purge.preservation.log.num = 0 (default)
2023-06-02 20:40:36,507 [b4411977-9720-4d4b-9a0b-907fa7158048-groupManagement] INFO  server.RaftServerConfigKeys (ConfUtils.java:logGet(46)) - raft.server.log.segment.size.max = 1048576 (custom)
2023-06-02 20:40:36,507 [b4411977-9720-4d4b-9a0b-907fa7158048-groupManagement] INFO  server.RaftServerConfigKeys (ConfUtils.java:logGet(46)) - raft.server.log.segment.cache.num.max = 2 (custom)
2023-06-02 20:40:36,507 [b4411977-9720-4d4b-9a0b-907fa7158048-groupManagement] INFO  server.RaftServerConfigKeys (ConfUtils.java:logGet(46)) - raft.server.log.segment.cache.size.max = 200MB (=209715200) (default)
2023-06-02 20:40:36,507 [b4411977-9720-4d4b-9a0b-907fa7158048-groupManagement] INFO  server.RaftServerConfigKeys (ConfUtils.java:logGet(46)) - raft.server.log.appender.buffer.byte-limit = 33554432 (custom)
2023-06-02 20:40:36,508 [b4411977-9720-4d4b-9a0b-907fa7158048-groupManagement] INFO  segmented.SegmentedRaftLogWorker (SegmentedRaftLogWorker.java:<init>(188)) - new b4411977-9720-4d4b-9a0b-907fa7158048@group-2370E48C5EC3-SegmentedRaftLogWorker for RaftStorageImpl:Storage Directory /home/runner/work/ozone/ozone/hadoop-ozone/integration-test/target/test-dir/MiniOzoneClusterImpl-5ac0c7d5-b38a-4534-ae70-3109b4fe19c6/datanode-8/data/ratis/40d86c21-5060-4c2c-992b-2370e48c5ec3
2023-06-02 20:40:36,508 [b4411977-9720-4d4b-9a0b-907fa7158048-groupManagement] INFO  server.RaftServerConfigKeys (ConfUtils.java:logGet(46)) - raft.server.log.queue.byte-limit = 4294967296 (custom)
2023-06-02 20:40:36,508 [b4411977-9720-4d4b-9a0b-907fa7158048-groupManagement] INFO  server.RaftServerConfigKeys (ConfUtils.java:logGet(46)) - raft.server.log.queue.element-limit = 1024 (custom)
2023-06-02 20:40:36,508 [b4411977-9720-4d4b-9a0b-907fa7158048-groupManagement] INFO  server.RaftServerConfigKeys (ConfUtils.java:logGet(46)) - raft.server.log.segment.size.max = 1048576 (custom)
2023-06-02 20:40:36,508 [b4411977-9720-4d4b-9a0b-907fa7158048-groupManagement] INFO  server.RaftServerConfigKeys (ConfUtils.java:logGet(46)) - raft.server.log.preallocated.size = 16384 (custom)
2023-06-02 20:40:36,508 [b4411977-9720-4d4b-9a0b-907fa7158048-groupManagement] INFO  server.RaftServerConfigKeys (ConfUtils.java:logGet(46)) - raft.server.log.force.sync.num = 128 (default)
2023-06-02 20:40:36,508 [b4411977-9720-4d4b-9a0b-907fa7158048-groupManagement] INFO  server.RaftServerConfigKeys (ConfUtils.java:logGet(46)) - raft.server.log.statemachine.data.sync = true (default)
2023-06-02 20:40:36,508 [b4411977-9720-4d4b-9a0b-907fa7158048-groupManagement] INFO  server.RaftServerConfigKeys (ConfUtils.java:logGet(46)) - raft.server.log.statemachine.data.sync.timeout = 10s (default)
2023-06-02 20:40:36,508 [b4411977-9720-4d4b-9a0b-907fa7158048-groupManagement] INFO  server.RaftServerConfigKeys (ConfUtils.java:logGet(46)) - raft.server.log.statemachine.data.sync.timeout.retry = -1 (default)
2023-06-02 20:40:36,509 [b4411977-9720-4d4b-9a0b-907fa7158048-groupManagement] INFO  server.RaftServerConfigKeys (ConfUtils.java:logGet(46)) - raft.server.log.write.buffer.size = 1048576 (custom)
2023-06-02 20:40:36,510 [b4411977-9720-4d4b-9a0b-907fa7158048-groupManagement] INFO  server.RaftServerConfigKeys (ConfUtils.java:logGet(46)) - raft.server.log.appender.buffer.byte-limit = 33554432 (custom)
2023-06-02 20:40:36,518 [b4411977-9720-4d4b-9a0b-907fa7158048-groupManagement] INFO  server.RaftServerConfigKeys (ConfUtils.java:logGet(46)) - raft.server.log.unsafe-flush.enabled = false (default)
2023-06-02 20:40:36,518 [b4411977-9720-4d4b-9a0b-907fa7158048-groupManagement] INFO  server.RaftServerConfigKeys (ConfUtils.java:logGet(46)) - raft.server.log.async-flush.enabled = false (default)
2023-06-02 20:40:36,518 [b4411977-9720-4d4b-9a0b-907fa7158048-groupManagement] INFO  server.RaftServerConfigKeys (ConfUtils.java:logGet(46)) - raft.server.log.statemachine.data.caching.enabled = true (custom)
2023-06-02 20:40:36,519 [b4411977-9720-4d4b-9a0b-907fa7158048-groupManagement] INFO  segmented.SegmentedRaftLogWorker (SegmentedRaftLogWorker.java:lambda$new$0(135)) - b4411977-9720-4d4b-9a0b-907fa7158048@group-2370E48C5EC3-SegmentedRaftLogWorker: flushIndex: setUnconditionally 0 -> -1
2023-06-02 20:40:36,519 [b4411977-9720-4d4b-9a0b-907fa7158048-groupManagement] INFO  segmented.SegmentedRaftLogWorker (SegmentedRaftLogWorker.java:lambda$new$0(135)) - b4411977-9720-4d4b-9a0b-907fa7158048@group-2370E48C5EC3-SegmentedRaftLogWorker: safeCacheEvictIndex: setUnconditionally 0 -> -1
2023-06-02 20:40:36,519 [b4411977-9720-4d4b-9a0b-907fa7158048-groupManagement] INFO  server.RaftServer$Division (RaftServerImpl.java:start(342)) - b4411977-9720-4d4b-9a0b-907fa7158048@group-2370E48C5EC3: start as a follower, conf=-1: peers:[c30a36da-1763-463f-9370-bf353ef860b0|rpc:10.1.0.31:15077|admin:10.1.0.31:15076|client:10.1.0.31:15075|dataStream:10.1.0.31:15078|priority:0|startupRole:FOLLOWER, a629a011-13a9-410c-9234-b770ba2e8ba4|rpc:10.1.0.31:15068|admin:10.1.0.31:15067|client:10.1.0.31:15066|dataStream:10.1.0.31:15069|priority:1|startupRole:FOLLOWER, b4411977-9720-4d4b-9a0b-907fa7158048|rpc:10.1.0.31:15086|admin:10.1.0.31:15085|client:10.1.0.31:15084|dataStream:10.1.0.31:15087|priority:0|startupRole:FOLLOWER]|listeners:[], old=null
2023-06-02 20:40:36,519 [b4411977-9720-4d4b-9a0b-907fa7158048-groupManagement] INFO  server.RaftServer$Division (RaftServerImpl.java:setRole(329)) - b4411977-9720-4d4b-9a0b-907fa7158048@group-2370E48C5EC3: changes role from      null to FOLLOWER at term 0 for startAsFollower
2023-06-02 20:40:36,519 [b4411977-9720-4d4b-9a0b-907fa7158048-groupManagement] INFO  impl.RoleInfo (RoleInfo.java:updateAndGet(139)) - b4411977-9720-4d4b-9a0b-907fa7158048: start b4411977-9720-4d4b-9a0b-907fa7158048@group-2370E48C5EC3-FollowerState
2023-06-02 20:40:36,520 [b4411977-9720-4d4b-9a0b-907fa7158048-groupManagement] INFO  util.JmxRegister (JmxRegister.java:tryRegister(44)) - Successfully registered JMX Bean with object name Ratis:service=RaftServer,group=group-2370E48C5EC3,id=b4411977-9720-4d4b-9a0b-907fa7158048
2023-06-02 20:40:36,520 [b4411977-9720-4d4b-9a0b-907fa7158048-groupManagement] INFO  server.RaftServerConfigKeys (ConfUtils.java:logGet(46)) - raft.server.snapshot.auto.trigger.enabled = true (custom)
2023-06-02 20:40:36,520 [b4411977-9720-4d4b-9a0b-907fa7158048-groupManagement] INFO  server.RaftServerConfigKeys (ConfUtils.java:logGet(46)) - raft.server.snapshot.auto.trigger.threshold = 10000 (custom)
2023-06-02 20:40:36,520 [b4411977-9720-4d4b-9a0b-907fa7158048-groupManagement] INFO  server.RaftServerConfigKeys (ConfUtils.java:logGet(46)) - raft.server.snapshot.retention.file.num = 5 (custom)
2023-06-02 20:40:36,520 [b4411977-9720-4d4b-9a0b-907fa7158048-groupManagement] INFO  server.RaftServerConfigKeys (ConfUtils.java:logGet(46)) - raft.server.log.purge.upto.snapshot.index = false (default)
2023-06-02 20:40:36,521 [b4411977-9720-4d4b-9a0b-907fa7158048@group-2370E48C5EC3-FollowerState] INFO  server.RaftServerConfigKeys (ConfUtils.java:logFallback(53)) - raft.server.rpc.first-election.timeout.min = 5s (fallback to raft.server.rpc.timeout.min)
2023-06-02 20:40:36,521 [b4411977-9720-4d4b-9a0b-907fa7158048@group-2370E48C5EC3-FollowerState] INFO  server.RaftServerConfigKeys (ConfUtils.java:logFallback(53)) - raft.server.rpc.first-election.timeout.max = 5200ms (fallback to raft.server.rpc.timeout.max)
2023-06-02 20:40:36,551 [grpc-default-executor-0] INFO  server.RaftServer (RaftServerProxy.java:addNew(98)) - c30a36da-1763-463f-9370-bf353ef860b0: addNew group-2370E48C5EC3:[c30a36da-1763-463f-9370-bf353ef860b0|rpc:10.1.0.31:15077|admin:10.1.0.31:15076|client:10.1.0.31:15075|dataStream:10.1.0.31:15078|priority:0|startupRole:FOLLOWER, a629a011-13a9-410c-9234-b770ba2e8ba4|rpc:10.1.0.31:15068|admin:10.1.0.31:15067|client:10.1.0.31:15066|dataStream:10.1.0.31:15069|priority:1|startupRole:FOLLOWER, b4411977-9720-4d4b-9a0b-907fa7158048|rpc:10.1.0.31:15086|admin:10.1.0.31:15085|client:10.1.0.31:15084|dataStream:10.1.0.31:15087|priority:0|startupRole:FOLLOWER] returns group-2370E48C5EC3:java.util.concurrent.CompletableFuture@59d5f3da[Not completed]
2023-06-02 20:40:36,552 [c30a36da-1763-463f-9370-bf353ef860b0-groupManagement] INFO  server.RaftServer$Division (RaftServerImpl.java:<init>(198)) - c30a36da-1763-463f-9370-bf353ef860b0: new RaftServerImpl for group-2370E48C5EC3:[c30a36da-1763-463f-9370-bf353ef860b0|rpc:10.1.0.31:15077|admin:10.1.0.31:15076|client:10.1.0.31:15075|dataStream:10.1.0.31:15078|priority:0|startupRole:FOLLOWER, a629a011-13a9-410c-9234-b770ba2e8ba4|rpc:10.1.0.31:15068|admin:10.1.0.31:15067|client:10.1.0.31:15066|dataStream:10.1.0.31:15069|priority:1|startupRole:FOLLOWER, b4411977-9720-4d4b-9a0b-907fa7158048|rpc:10.1.0.31:15086|admin:10.1.0.31:15085|client:10.1.0.31:15084|dataStream:10.1.0.31:15087|priority:0|startupRole:FOLLOWER] with ContainerStateMachine:uninitialized
2023-06-02 20:40:36,552 [c30a36da-1763-463f-9370-bf353ef860b0-groupManagement] INFO  server.RaftServerConfigKeys (ConfUtils.java:logGet(46)) - raft.server.rpc.timeout.min = 5s (custom)
2023-06-02 20:40:36,553 [c30a36da-1763-463f-9370-bf353ef860b0-groupManagement] INFO  server.RaftServerConfigKeys (ConfUtils.java:logGet(46)) - raft.server.rpc.timeout.max = 5200ms (custom)
2023-06-02 20:40:36,553 [c30a36da-1763-463f-9370-bf353ef860b0-groupManagement] INFO  server.RaftServerConfigKeys (ConfUtils.java:logGet(46)) - raft.server.rpc.sleep.time = 25ms (default)
2023-06-02 20:40:36,553 [c30a36da-1763-463f-9370-bf353ef860b0-groupManagement] INFO  server.RaftServerConfigKeys (ConfUtils.java:logGet(46)) - raft.server.rpc.slowness.timeout = 300s (custom)
2023-06-02 20:40:36,553 [c30a36da-1763-463f-9370-bf353ef860b0-groupManagement] INFO  server.RaftServerConfigKeys (ConfUtils.java:logGet(46)) - raft.server.leaderelection.leader.step-down.wait-time = 10s (default)
2023-06-02 20:40:36,553 [c30a36da-1763-463f-9370-bf353ef860b0-groupManagement] INFO  server.RaftServerConfigKeys (ConfUtils.java:logGet(46)) - raft.server.sleep.deviation.threshold = 300ms (default)
2023-06-02 20:40:36,553 [c30a36da-1763-463f-9370-bf353ef860b0-groupManagement] INFO  server.RaftServer$Division (ServerState.java:<init>(120)) - c30a36da-1763-463f-9370-bf353ef860b0@group-2370E48C5EC3: ConfigurationManager, init=-1: peers:[c30a36da-1763-463f-9370-bf353ef860b0|rpc:10.1.0.31:15077|admin:10.1.0.31:15076|client:10.1.0.31:15075|dataStream:10.1.0.31:15078|priority:0|startupRole:FOLLOWER, a629a011-13a9-410c-9234-b770ba2e8ba4|rpc:10.1.0.31:15068|admin:10.1.0.31:15067|client:10.1.0.31:15066|dataStream:10.1.0.31:15069|priority:1|startupRole:FOLLOWER, b4411977-9720-4d4b-9a0b-907fa7158048|rpc:10.1.0.31:15086|admin:10.1.0.31:15085|client:10.1.0.31:15084|dataStream:10.1.0.31:15087|priority:0|startupRole:FOLLOWER]|listeners:[], old=null, confs=<EMPTY_MAP>
2023-06-02 20:40:36,553 [c30a36da-1763-463f-9370-bf353ef860b0-groupManagement] INFO  server.RaftServerConfigKeys (ConfUtils.java:logGet(46)) - raft.server.storage.dir = [/home/runner/work/ozone/ozone/hadoop-ozone/integration-test/target/test-dir/MiniOzoneClusterImpl-5ac0c7d5-b38a-4534-ae70-3109b4fe19c6/datanode-7/data/ratis] (custom)
2023-06-02 20:40:36,553 [c30a36da-1763-463f-9370-bf353ef860b0-groupManagement] INFO  server.RaftServerConfigKeys (ConfUtils.java:logGet(46)) - raft.server.log.corruption.policy = EXCEPTION (default)
2023-06-02 20:40:36,553 [c30a36da-1763-463f-9370-bf353ef860b0-groupManagement] INFO  server.RaftServerConfigKeys (ConfUtils.java:logGet(46)) - raft.server.storage.free-space.min = 0MB (=0) (default)
2023-06-02 20:40:36,553 [c30a36da-1763-463f-9370-bf353ef860b0-groupManagement] INFO  server.RaftServerConfigKeys (ConfUtils.java:logGet(46)) - raft.server.notification.no-leader.timeout = 300s (custom)
2023-06-02 20:40:36,553 [c30a36da-1763-463f-9370-bf353ef860b0-groupManagement] INFO  server.RaftServerConfigKeys (ConfUtils.java:logGet(46)) - raft.server.read.timeout = 10s (default)
2023-06-02 20:40:36,554 [c30a36da-1763-463f-9370-bf353ef860b0-groupManagement] INFO  server.RaftServerConfigKeys (ConfUtils.java:logGet(46)) - raft.server.retrycache.expirytime = 600000ms (custom)
2023-06-02 20:40:36,554 [c30a36da-1763-463f-9370-bf353ef860b0-groupManagement] INFO  server.RaftServerConfigKeys (ConfUtils.java:logGet(46)) - raft.server.retrycache.statistics.expirytime = 100μs (default)
2023-06-02 20:40:36,554 [c30a36da-1763-463f-9370-bf353ef860b0-groupManagement] INFO  server.RaftServerConfigKeys (ConfUtils.java:logGet(46)) - raft.server.read.option = DEFAULT (default)
2023-06-02 20:40:36,555 [c30a36da-1763-463f-9370-bf353ef860b0-groupManagement] INFO  server.RaftServerConfigKeys (ConfUtils.java:logGet(46)) - raft.server.rpc.request.timeout = 60s (custom)
2023-06-02 20:40:36,555 [c30a36da-1763-463f-9370-bf353ef860b0-groupManagement] INFO  server.RaftServerConfigKeys (ConfUtils.java:logGet(46)) - raft.server.log.appender.install.snapshot.enabled = false (custom)
2023-06-02 20:40:36,555 [c30a36da-1763-463f-9370-bf353ef860b0-groupManagement] INFO  server.RaftServerConfigKeys (ConfUtils.java:logGet(46)) - raft.server.threadpool.server.cached = true (default)
2023-06-02 20:40:36,555 [c30a36da-1763-463f-9370-bf353ef860b0-groupManagement] INFO  server.RaftServerConfigKeys (ConfUtils.java:logGet(46)) - raft.server.threadpool.server.size = 0 (default)
2023-06-02 20:40:36,555 [c30a36da-1763-463f-9370-bf353ef860b0-groupManagement] INFO  server.RaftServerConfigKeys (ConfUtils.java:logGet(46)) - raft.server.threadpool.client.cached = true (default)
2023-06-02 20:40:36,556 [c30a36da-1763-463f-9370-bf353ef860b0-groupManagement] INFO  server.RaftServerConfigKeys (ConfUtils.java:logGet(46)) - raft.server.threadpool.client.size = 0 (default)
2023-06-02 20:40:36,556 [c30a36da-1763-463f-9370-bf353ef860b0-groupManagement] INFO  storage.RaftStorageDirectory (RaftStorageDirectoryImpl.java:analyzeStorage(137)) - The storage directory /home/runner/work/ozone/ozone/hadoop-ozone/integration-test/target/test-dir/MiniOzoneClusterImpl-5ac0c7d5-b38a-4534-ae70-3109b4fe19c6/datanode-7/data/ratis/40d86c21-5060-4c2c-992b-2370e48c5ec3 does not exist. Creating ...
2023-06-02 20:40:36,558 [c30a36da-1763-463f-9370-bf353ef860b0-groupManagement] INFO  storage.RaftStorageDirectory (RaftStorageDirectoryImpl.java:tryLock(231)) - Lock on /home/runner/work/ozone/ozone/hadoop-ozone/integration-test/target/test-dir/MiniOzoneClusterImpl-5ac0c7d5-b38a-4534-ae70-3109b4fe19c6/datanode-7/data/ratis/40d86c21-5060-4c2c-992b-2370e48c5ec3/in_use.lock acquired by nodename 65175@fv-az1239-288
2023-06-02 20:40:36,560 [c30a36da-1763-463f-9370-bf353ef860b0-groupManagement] INFO  storage.RaftStorage (RaftStorageImpl.java:format(96)) - Storage directory /home/runner/work/ozone/ozone/hadoop-ozone/integration-test/target/test-dir/MiniOzoneClusterImpl-5ac0c7d5-b38a-4534-ae70-3109b4fe19c6/datanode-7/data/ratis/40d86c21-5060-4c2c-992b-2370e48c5ec3 has been successfully formatted.
2023-06-02 20:40:36,561 [c30a36da-1763-463f-9370-bf353ef860b0-groupManagement] INFO  ratis.ContainerStateMachine (ContainerStateMachine.java:loadSnapshot(262)) - group-2370E48C5EC3: The snapshot info is null. Setting the last applied indexto:(t:0, i:~)
2023-06-02 20:40:36,561 [c30a36da-1763-463f-9370-bf353ef860b0-groupManagement] INFO  server.RaftServerConfigKeys (ConfUtils.java:logGet(46)) - raft.server.log.use.memory = false (default)
2023-06-02 20:40:36,562 [c30a36da-1763-463f-9370-bf353ef860b0-groupManagement] INFO  server.RaftServerConfigKeys (ConfUtils.java:logGet(46)) - raft.server.log.purge.gap = 1000000 (custom)
2023-06-02 20:40:36,562 [c30a36da-1763-463f-9370-bf353ef860b0-groupManagement] INFO  server.RaftServerConfigKeys (ConfUtils.java:logGet(46)) - raft.server.log.appender.buffer.byte-limit = 33554432 (custom)
2023-06-02 20:40:36,562 [c30a36da-1763-463f-9370-bf353ef860b0-groupManagement] INFO  server.RaftServerConfigKeys (ConfUtils.java:logGet(46)) - raft.server.log.statemachine.data.read.timeout = 1000ms (default)
2023-06-02 20:40:36,562 [c30a36da-1763-463f-9370-bf353ef860b0-groupManagement] INFO  server.RaftServerConfigKeys (ConfUtils.java:logGet(46)) - raft.server.log.purge.preservation.log.num = 0 (default)
2023-06-02 20:40:36,562 [c30a36da-1763-463f-9370-bf353ef860b0-groupManagement] INFO  server.RaftServerConfigKeys (ConfUtils.java:logGet(46)) - raft.server.log.segment.size.max = 1048576 (custom)
2023-06-02 20:40:36,564 [c30a36da-1763-463f-9370-bf353ef860b0-groupManagement] INFO  server.RaftServerConfigKeys (ConfUtils.java:logGet(46)) - raft.server.log.segment.cache.num.max = 2 (custom)
2023-06-02 20:40:36,564 [c30a36da-1763-463f-9370-bf353ef860b0-groupManagement] INFO  server.RaftServerConfigKeys (ConfUtils.java:logGet(46)) - raft.server.log.segment.cache.size.max = 200MB (=209715200) (default)
2023-06-02 20:40:36,564 [c30a36da-1763-463f-9370-bf353ef860b0-groupManagement] INFO  server.RaftServerConfigKeys (ConfUtils.java:logGet(46)) - raft.server.log.appender.buffer.byte-limit = 33554432 (custom)
2023-06-02 20:40:36,564 [c30a36da-1763-463f-9370-bf353ef860b0-groupManagement] INFO  segmented.SegmentedRaftLogWorker (SegmentedRaftLogWorker.java:<init>(188)) - new c30a36da-1763-463f-9370-bf353ef860b0@group-2370E48C5EC3-SegmentedRaftLogWorker for RaftStorageImpl:Storage Directory /home/runner/work/ozone/ozone/hadoop-ozone/integration-test/target/test-dir/MiniOzoneClusterImpl-5ac0c7d5-b38a-4534-ae70-3109b4fe19c6/datanode-7/data/ratis/40d86c21-5060-4c2c-992b-2370e48c5ec3
2023-06-02 20:40:36,564 [c30a36da-1763-463f-9370-bf353ef860b0-groupManagement] INFO  server.RaftServerConfigKeys (ConfUtils.java:logGet(46)) - raft.server.log.queue.byte-limit = 4294967296 (custom)
2023-06-02 20:40:36,564 [c30a36da-1763-463f-9370-bf353ef860b0-groupManagement] INFO  server.RaftServerConfigKeys (ConfUtils.java:logGet(46)) - raft.server.log.queue.element-limit = 1024 (custom)
2023-06-02 20:40:36,564 [c30a36da-1763-463f-9370-bf353ef860b0-groupManagement] INFO  server.RaftServerConfigKeys (ConfUtils.java:logGet(46)) - raft.server.log.segment.size.max = 1048576 (custom)
2023-06-02 20:40:36,564 [c30a36da-1763-463f-9370-bf353ef860b0-groupManagement] INFO  server.RaftServerConfigKeys (ConfUtils.java:logGet(46)) - raft.server.log.preallocated.size = 16384 (custom)
2023-06-02 20:40:36,564 [c30a36da-1763-463f-9370-bf353ef860b0-groupManagement] INFO  server.RaftServerConfigKeys (ConfUtils.java:logGet(46)) - raft.server.log.force.sync.num = 128 (default)
2023-06-02 20:40:36,564 [c30a36da-1763-463f-9370-bf353ef860b0-groupManagement] INFO  server.RaftServerConfigKeys (ConfUtils.java:logGet(46)) - raft.server.log.statemachine.data.sync = true (default)
2023-06-02 20:40:36,564 [c30a36da-1763-463f-9370-bf353ef860b0-groupManagement] INFO  server.RaftServerConfigKeys (ConfUtils.java:logGet(46)) - raft.server.log.statemachine.data.sync.timeout = 10s (default)
2023-06-02 20:40:36,564 [c30a36da-1763-463f-9370-bf353ef860b0-groupManagement] INFO  server.RaftServerConfigKeys (ConfUtils.java:logGet(46)) - raft.server.log.statemachine.data.sync.timeout.retry = -1 (default)
2023-06-02 20:40:36,566 [c30a36da-1763-463f-9370-bf353ef860b0-groupManagement] INFO  server.RaftServerConfigKeys (ConfUtils.java:logGet(46)) - raft.server.log.write.buffer.size = 1048576 (custom)
2023-06-02 20:40:36,567 [c30a36da-1763-463f-9370-bf353ef860b0-groupManagement] INFO  server.RaftServerConfigKeys (ConfUtils.java:logGet(46)) - raft.server.log.appender.buffer.byte-limit = 33554432 (custom)
2023-06-02 20:40:36,578 [c30a36da-1763-463f-9370-bf353ef860b0-groupManagement] INFO  server.RaftServerConfigKeys (ConfUtils.java:logGet(46)) - raft.server.log.unsafe-flush.enabled = false (default)
2023-06-02 20:40:36,579 [c30a36da-1763-463f-9370-bf353ef860b0-groupManagement] INFO  server.RaftServerConfigKeys (ConfUtils.java:logGet(46)) - raft.server.log.async-flush.enabled = false (default)
2023-06-02 20:40:36,579 [c30a36da-1763-463f-9370-bf353ef860b0-groupManagement] INFO  server.RaftServerConfigKeys (ConfUtils.java:logGet(46)) - raft.server.log.statemachine.data.caching.enabled = true (custom)
2023-06-02 20:40:36,579 [c30a36da-1763-463f-9370-bf353ef860b0-groupManagement] INFO  segmented.SegmentedRaftLogWorker (SegmentedRaftLogWorker.java:lambda$new$0(135)) - c30a36da-1763-463f-9370-bf353ef860b0@group-2370E48C5EC3-SegmentedRaftLogWorker: flushIndex: setUnconditionally 0 -> -1
2023-06-02 20:40:36,579 [c30a36da-1763-463f-9370-bf353ef860b0-groupManagement] INFO  segmented.SegmentedRaftLogWorker (SegmentedRaftLogWorker.java:lambda$new$0(135)) - c30a36da-1763-463f-9370-bf353ef860b0@group-2370E48C5EC3-SegmentedRaftLogWorker: safeCacheEvictIndex: setUnconditionally 0 -> -1
2023-06-02 20:40:36,580 [c30a36da-1763-463f-9370-bf353ef860b0-groupManagement] INFO  server.RaftServer$Division (RaftServerImpl.java:start(342)) - c30a36da-1763-463f-9370-bf353ef860b0@group-2370E48C5EC3: start as a follower, conf=-1: peers:[c30a36da-1763-463f-9370-bf353ef860b0|rpc:10.1.0.31:15077|admin:10.1.0.31:15076|client:10.1.0.31:15075|dataStream:10.1.0.31:15078|priority:0|startupRole:FOLLOWER, a629a011-13a9-410c-9234-b770ba2e8ba4|rpc:10.1.0.31:15068|admin:10.1.0.31:15067|client:10.1.0.31:15066|dataStream:10.1.0.31:15069|priority:1|startupRole:FOLLOWER, b4411977-9720-4d4b-9a0b-907fa7158048|rpc:10.1.0.31:15086|admin:10.1.0.31:15085|client:10.1.0.31:15084|dataStream:10.1.0.31:15087|priority:0|startupRole:FOLLOWER]|listeners:[], old=null
2023-06-02 20:40:36,580 [c30a36da-1763-463f-9370-bf353ef860b0-groupManagement] INFO  server.RaftServer$Division (RaftServerImpl.java:setRole(329)) - c30a36da-1763-463f-9370-bf353ef860b0@group-2370E48C5EC3: changes role from      null to FOLLOWER at term 0 for startAsFollower
2023-06-02 20:40:36,580 [c30a36da-1763-463f-9370-bf353ef860b0-groupManagement] INFO  impl.RoleInfo (RoleInfo.java:updateAndGet(139)) - c30a36da-1763-463f-9370-bf353ef860b0: start c30a36da-1763-463f-9370-bf353ef860b0@group-2370E48C5EC3-FollowerState
2023-06-02 20:40:36,586 [c30a36da-1763-463f-9370-bf353ef860b0-groupManagement] INFO  util.JmxRegister (JmxRegister.java:tryRegister(44)) - Successfully registered JMX Bean with object name Ratis:service=RaftServer,group=group-2370E48C5EC3,id=c30a36da-1763-463f-9370-bf353ef860b0
2023-06-02 20:40:36,586 [c30a36da-1763-463f-9370-bf353ef860b0-groupManagement] INFO  server.RaftServerConfigKeys (ConfUtils.java:logGet(46)) - raft.server.snapshot.auto.trigger.enabled = true (custom)
2023-06-02 20:40:36,587 [c30a36da-1763-463f-9370-bf353ef860b0-groupManagement] INFO  server.RaftServerConfigKeys (ConfUtils.java:logGet(46)) - raft.server.snapshot.auto.trigger.threshold = 10000 (custom)
2023-06-02 20:40:36,587 [c30a36da-1763-463f-9370-bf353ef860b0-groupManagement] INFO  server.RaftServerConfigKeys (ConfUtils.java:logGet(46)) - raft.server.snapshot.retention.file.num = 5 (custom)
2023-06-02 20:40:36,587 [c30a36da-1763-463f-9370-bf353ef860b0-groupManagement] INFO  server.RaftServerConfigKeys (ConfUtils.java:logGet(46)) - raft.server.log.purge.upto.snapshot.index = false (default)
2023-06-02 20:40:36,587 [c30a36da-1763-463f-9370-bf353ef860b0@group-2370E48C5EC3-FollowerState] INFO  server.RaftServerConfigKeys (ConfUtils.java:logFallback(53)) - raft.server.rpc.first-election.timeout.min = 5s (fallback to raft.server.rpc.timeout.min)
2023-06-02 20:40:36,588 [c30a36da-1763-463f-9370-bf353ef860b0@group-2370E48C5EC3-FollowerState] INFO  server.RaftServerConfigKeys (ConfUtils.java:logFallback(53)) - raft.server.rpc.first-election.timeout.max = 5200ms (fallback to raft.server.rpc.timeout.max)
2023-06-02 20:40:36,603 [PipelineCommandHandlerThread-0] INFO  commandhandler.CreatePipelineCommandHandler (CreatePipelineCommandHandler.java:lambda$handle$2(124)) - Created Pipeline RATIS THREE PipelineID=40d86c21-5060-4c2c-992b-2370e48c5ec3.
2023-06-02 20:40:36,636 [c30a36da-1763-463f-9370-bf353ef860b0-groupManagement] INFO  server.RaftServer$Division (RaftServerImpl.java:<init>(198)) - c30a36da-1763-463f-9370-bf353ef860b0: new RaftServerImpl for group-56ABD2DB9182:[c30a36da-1763-463f-9370-bf353ef860b0|rpc:10.1.0.31:15077|admin:10.1.0.31:15076|client:10.1.0.31:15075|dataStream:10.1.0.31:15078|priority:1|startupRole:FOLLOWER] with ContainerStateMachine:uninitialized
2023-06-02 20:40:36,636 [c30a36da-1763-463f-9370-bf353ef860b0-groupManagement] INFO  server.RaftServerConfigKeys (ConfUtils.java:logGet(46)) - raft.server.rpc.timeout.min = 5s (custom)
2023-06-02 20:40:36,636 [c30a36da-1763-463f-9370-bf353ef860b0-groupManagement] INFO  server.RaftServerConfigKeys (ConfUtils.java:logGet(46)) - raft.server.rpc.timeout.max = 5200ms (custom)
2023-06-02 20:40:36,636 [c30a36da-1763-463f-9370-bf353ef860b0-groupManagement] INFO  server.RaftServerConfigKeys (ConfUtils.java:logGet(46)) - raft.server.rpc.sleep.time = 25ms (default)
2023-06-02 20:40:36,636 [c30a36da-1763-463f-9370-bf353ef860b0-groupManagement] INFO  server.RaftServerConfigKeys (ConfUtils.java:logGet(46)) - raft.server.rpc.slowness.timeout = 300s (custom)
2023-06-02 20:40:36,636 [c30a36da-1763-463f-9370-bf353ef860b0-groupManagement] INFO  server.RaftServerConfigKeys (ConfUtils.java:logGet(46)) - raft.server.leaderelection.leader.step-down.wait-time = 10s (default)
2023-06-02 20:40:36,636 [c30a36da-1763-463f-9370-bf353ef860b0-groupManagement] INFO  server.RaftServerConfigKeys (ConfUtils.java:logGet(46)) - raft.server.sleep.deviation.threshold = 300ms (default)
2023-06-02 20:40:36,636 [c30a36da-1763-463f-9370-bf353ef860b0-groupManagement] INFO  server.RaftServer$Division (ServerState.java:<init>(120)) - c30a36da-1763-463f-9370-bf353ef860b0@group-56ABD2DB9182: ConfigurationManager, init=-1: peers:[c30a36da-1763-463f-9370-bf353ef860b0|rpc:10.1.0.31:15077|admin:10.1.0.31:15076|client:10.1.0.31:15075|dataStream:10.1.0.31:15078|priority:1|startupRole:FOLLOWER]|listeners:[], old=null, confs=<EMPTY_MAP>
2023-06-02 20:40:36,636 [c30a36da-1763-463f-9370-bf353ef860b0-groupManagement] INFO  server.RaftServerConfigKeys (ConfUtils.java:logGet(46)) - raft.server.storage.dir = [/home/runner/work/ozone/ozone/hadoop-ozone/integration-test/target/test-dir/MiniOzoneClusterImpl-5ac0c7d5-b38a-4534-ae70-3109b4fe19c6/datanode-7/data/ratis] (custom)
2023-06-02 20:40:36,637 [c30a36da-1763-463f-9370-bf353ef860b0-groupManagement] INFO  server.RaftServerConfigKeys (ConfUtils.java:logGet(46)) - raft.server.log.corruption.policy = EXCEPTION (default)
2023-06-02 20:40:36,637 [c30a36da-1763-463f-9370-bf353ef860b0-groupManagement] INFO  server.RaftServerConfigKeys (ConfUtils.java:logGet(46)) - raft.server.storage.free-space.min = 0MB (=0) (default)
2023-06-02 20:40:36,637 [c30a36da-1763-463f-9370-bf353ef860b0-groupManagement] INFO  server.RaftServerConfigKeys (ConfUtils.java:logGet(46)) - raft.server.notification.no-leader.timeout = 300s (custom)
2023-06-02 20:40:36,637 [c30a36da-1763-463f-9370-bf353ef860b0-groupManagement] INFO  server.RaftServerConfigKeys (ConfUtils.java:logGet(46)) - raft.server.read.timeout = 10s (default)
2023-06-02 20:40:36,637 [c30a36da-1763-463f-9370-bf353ef860b0-groupManagement] INFO  server.RaftServerConfigKeys (ConfUtils.java:logGet(46)) - raft.server.retrycache.expirytime = 600000ms (custom)
2023-06-02 20:40:36,637 [c30a36da-1763-463f-9370-bf353ef860b0-groupManagement] INFO  server.RaftServerConfigKeys (ConfUtils.java:logGet(46)) - raft.server.retrycache.statistics.expirytime = 100μs (default)
2023-06-02 20:40:36,637 [c30a36da-1763-463f-9370-bf353ef860b0-groupManagement] INFO  server.RaftServerConfigKeys (ConfUtils.java:logGet(46)) - raft.server.read.option = DEFAULT (default)
2023-06-02 20:40:36,639 [c30a36da-1763-463f-9370-bf353ef860b0-groupManagement] INFO  server.RaftServerConfigKeys (ConfUtils.java:logGet(46)) - raft.server.rpc.request.timeout = 60s (custom)
2023-06-02 20:40:36,639 [c30a36da-1763-463f-9370-bf353ef860b0-groupManagement] INFO  server.RaftServerConfigKeys (ConfUtils.java:logGet(46)) - raft.server.log.appender.install.snapshot.enabled = false (custom)
2023-06-02 20:40:36,639 [c30a36da-1763-463f-9370-bf353ef860b0-groupManagement] INFO  server.RaftServerConfigKeys (ConfUtils.java:logGet(46)) - raft.server.threadpool.server.cached = true (default)
2023-06-02 20:40:36,639 [c30a36da-1763-463f-9370-bf353ef860b0-groupManagement] INFO  server.RaftServerConfigKeys (ConfUtils.java:logGet(46)) - raft.server.threadpool.server.size = 0 (default)
2023-06-02 20:40:36,639 [c30a36da-1763-463f-9370-bf353ef860b0-groupManagement] INFO  server.RaftServerConfigKeys (ConfUtils.java:logGet(46)) - raft.server.threadpool.client.cached = true (default)
2023-06-02 20:40:36,639 [c30a36da-1763-463f-9370-bf353ef860b0-groupManagement] INFO  server.RaftServerConfigKeys (ConfUtils.java:logGet(46)) - raft.server.threadpool.client.size = 0 (default)
2023-06-02 20:40:36,640 [PipelineCommandHandlerThread-0] INFO  server.RaftServer (RaftServerProxy.java:addNew(98)) - c30a36da-1763-463f-9370-bf353ef860b0: addNew group-56ABD2DB9182:[c30a36da-1763-463f-9370-bf353ef860b0|rpc:10.1.0.31:15077|admin:10.1.0.31:15076|client:10.1.0.31:15075|dataStream:10.1.0.31:15078|priority:1|startupRole:FOLLOWER] returns      null c30a36da-1763-463f-9370-bf353ef860b0@group-56ABD2DB9182:t0, leader=null, voted=null, raftlog=UNINITIALIZED, conf=-1: peers:[c30a36da-1763-463f-9370-bf353ef860b0|rpc:10.1.0.31:15077|admin:10.1.0.31:15076|client:10.1.0.31:15075|dataStream:10.1.0.31:15078|priority:1|startupRole:FOLLOWER]|listeners:[], old=null NEW
2023-06-02 20:40:36,640 [c30a36da-1763-463f-9370-bf353ef860b0-groupManagement] INFO  storage.RaftStorageDirectory (RaftStorageDirectoryImpl.java:analyzeStorage(137)) - The storage directory /home/runner/work/ozone/ozone/hadoop-ozone/integration-test/target/test-dir/MiniOzoneClusterImpl-5ac0c7d5-b38a-4534-ae70-3109b4fe19c6/datanode-7/data/ratis/f3fdc535-bf79-4a6d-a9fa-56abd2db9182 does not exist. Creating ...
2023-06-02 20:40:36,642 [c30a36da-1763-463f-9370-bf353ef860b0-groupManagement] INFO  storage.RaftStorageDirectory (RaftStorageDirectoryImpl.java:tryLock(231)) - Lock on /home/runner/work/ozone/ozone/hadoop-ozone/integration-test/target/test-dir/MiniOzoneClusterImpl-5ac0c7d5-b38a-4534-ae70-3109b4fe19c6/datanode-7/data/ratis/f3fdc535-bf79-4a6d-a9fa-56abd2db9182/in_use.lock acquired by nodename 65175@fv-az1239-288
2023-06-02 20:40:36,645 [c30a36da-1763-463f-9370-bf353ef860b0-groupManagement] INFO  storage.RaftStorage (RaftStorageImpl.java:format(96)) - Storage directory /home/runner/work/ozone/ozone/hadoop-ozone/integration-test/target/test-dir/MiniOzoneClusterImpl-5ac0c7d5-b38a-4534-ae70-3109b4fe19c6/datanode-7/data/ratis/f3fdc535-bf79-4a6d-a9fa-56abd2db9182 has been successfully formatted.
2023-06-02 20:40:36,647 [EventQueue-PipelineReportForPipelineReportHandler] INFO  pipeline.PipelineManagerImpl (PipelineManagerImpl.java:openPipeline(367)) - Pipeline Pipeline[ Id: f3fdc535-bf79-4a6d-a9fa-56abd2db9182, Nodes: c30a36da-1763-463f-9370-bf353ef860b0(fv-az1239-288/10.1.0.31), ReplicationConfig: RATIS/ONE, State:ALLOCATED, leaderId:c30a36da-1763-463f-9370-bf353ef860b0, CreationTimestamp2023-06-02T20:40:33.639Z[Etc/UTC]] moved to OPEN state
2023-06-02 20:40:36,648 [EventQueue-OpenPipelineForHealthyPipelineSafeModeRule] INFO  safemode.SCMSafeModeManager (HealthyPipelineSafeModeRule.java:process(137)) - SCM in safe mode. Healthy pipelines reported count is 0, required healthy pipeline reported count is 1
2023-06-02 20:40:36,651 [c30a36da-1763-463f-9370-bf353ef860b0-groupManagement] INFO  ratis.ContainerStateMachine (ContainerStateMachine.java:loadSnapshot(262)) - group-56ABD2DB9182: The snapshot info is null. Setting the last applied indexto:(t:0, i:~)
2023-06-02 20:40:36,651 [c30a36da-1763-463f-9370-bf353ef860b0-groupManagement] INFO  server.RaftServerConfigKeys (ConfUtils.java:logGet(46)) - raft.server.log.use.memory = false (default)
2023-06-02 20:40:36,651 [c30a36da-1763-463f-9370-bf353ef860b0-groupManagement] INFO  server.RaftServerConfigKeys (ConfUtils.java:logGet(46)) - raft.server.log.purge.gap = 1000000 (custom)
2023-06-02 20:40:36,651 [c30a36da-1763-463f-9370-bf353ef860b0-groupManagement] INFO  server.RaftServerConfigKeys (ConfUtils.java:logGet(46)) - raft.server.log.appender.buffer.byte-limit = 33554432 (custom)
2023-06-02 20:40:36,651 [c30a36da-1763-463f-9370-bf353ef860b0-groupManagement] INFO  server.RaftServerConfigKeys (ConfUtils.java:logGet(46)) - raft.server.log.statemachine.data.read.timeout = 1000ms (default)
2023-06-02 20:40:36,651 [c30a36da-1763-463f-9370-bf353ef860b0-groupManagement] INFO  server.RaftServerConfigKeys (ConfUtils.java:logGet(46)) - raft.server.log.purge.preservation.log.num = 0 (default)
2023-06-02 20:40:36,651 [c30a36da-1763-463f-9370-bf353ef860b0-groupManagement] INFO  server.RaftServerConfigKeys (ConfUtils.java:logGet(46)) - raft.server.log.segment.size.max = 1048576 (custom)
2023-06-02 20:40:36,652 [c30a36da-1763-463f-9370-bf353ef860b0-groupManagement] INFO  server.RaftServerConfigKeys (ConfUtils.java:logGet(46)) - raft.server.log.segment.cache.num.max = 2 (custom)
2023-06-02 20:40:36,652 [c30a36da-1763-463f-9370-bf353ef860b0-groupManagement] INFO  server.RaftServerConfigKeys (ConfUtils.java:logGet(46)) - raft.server.log.segment.cache.size.max = 200MB (=209715200) (default)
2023-06-02 20:40:36,652 [c30a36da-1763-463f-9370-bf353ef860b0-groupManagement] INFO  server.RaftServerConfigKeys (ConfUtils.java:logGet(46)) - raft.server.log.appender.buffer.byte-limit = 33554432 (custom)
2023-06-02 20:40:36,652 [c30a36da-1763-463f-9370-bf353ef860b0-groupManagement] INFO  segmented.SegmentedRaftLogWorker (SegmentedRaftLogWorker.java:<init>(188)) - new c30a36da-1763-463f-9370-bf353ef860b0@group-56ABD2DB9182-SegmentedRaftLogWorker for RaftStorageImpl:Storage Directory /home/runner/work/ozone/ozone/hadoop-ozone/integration-test/target/test-dir/MiniOzoneClusterImpl-5ac0c7d5-b38a-4534-ae70-3109b4fe19c6/datanode-7/data/ratis/f3fdc535-bf79-4a6d-a9fa-56abd2db9182
2023-06-02 20:40:36,652 [c30a36da-1763-463f-9370-bf353ef860b0-groupManagement] INFO  server.RaftServerConfigKeys (ConfUtils.java:logGet(46)) - raft.server.log.queue.byte-limit = 4294967296 (custom)
2023-06-02 20:40:36,652 [c30a36da-1763-463f-9370-bf353ef860b0-groupManagement] INFO  server.RaftServerConfigKeys (ConfUtils.java:logGet(46)) - raft.server.log.queue.element-limit = 1024 (custom)
2023-06-02 20:40:36,652 [c30a36da-1763-463f-9370-bf353ef860b0-groupManagement] INFO  server.RaftServerConfigKeys (ConfUtils.java:logGet(46)) - raft.server.log.segment.size.max = 1048576 (custom)
2023-06-02 20:40:36,652 [c30a36da-1763-463f-9370-bf353ef860b0-groupManagement] INFO  server.RaftServerConfigKeys (ConfUtils.java:logGet(46)) - raft.server.log.preallocated.size = 16384 (custom)
2023-06-02 20:40:36,653 [c30a36da-1763-463f-9370-bf353ef860b0-groupManagement] INFO  server.RaftServerConfigKeys (ConfUtils.java:logGet(46)) - raft.server.log.force.sync.num = 128 (default)
2023-06-02 20:40:36,653 [c30a36da-1763-463f-9370-bf353ef860b0-groupManagement] INFO  server.RaftServerConfigKeys (ConfUtils.java:logGet(46)) - raft.server.log.statemachine.data.sync = true (default)
2023-06-02 20:40:36,653 [c30a36da-1763-463f-9370-bf353ef860b0-groupManagement] INFO  server.RaftServerConfigKeys (ConfUtils.java:logGet(46)) - raft.server.log.statemachine.data.sync.timeout = 10s (default)
2023-06-02 20:40:36,653 [c30a36da-1763-463f-9370-bf353ef860b0-groupManagement] INFO  server.RaftServerConfigKeys (ConfUtils.java:logGet(46)) - raft.server.log.statemachine.data.sync.timeout.retry = -1 (default)
2023-06-02 20:40:36,655 [IPC Server handler 3 on default port 15002] INFO  net.NetworkTopologyImpl (NetworkTopologyImpl.java:add(112)) - Added a new node: /default-rack/e2046f02-5b0f-4721-8967-351bc4e74694
2023-06-02 20:40:36,655 [IPC Server handler 3 on default port 15002] INFO  node.SCMNodeManager (SCMNodeManager.java:register(407)) - Registered Data node : e2046f02-5b0f-4721-8967-351bc4e74694{ip: 10.1.0.31, host: fv-az1239-288, ports: [HTTP=15126, CLIENT_RPC=15127, REPLICATION=15133, RATIS=15129, RATIS_ADMIN=15130, RATIS_SERVER=15131, RATIS_DATASTREAM=15132, STANDALONE=15128], networkLocation: /default-rack, certSerialId: null, persistedOpState: null, persistedOpStateExpiryEpochSec: 0}
2023-06-02 20:40:36,656 [EventQueue-NewNodeForNewNodeHandler] INFO  pipeline.BackgroundPipelineCreator (BackgroundPipelineCreator.java:notifyEventTriggered(276)) - trigger a one-shot run on RatisPipelineUtilsThread.
2023-06-02 20:40:36,656 [RatisPipelineUtilsThread - 0] INFO  pipeline.RatisPipelineProvider (RatisPipelineProvider.java:lambda$create$0(206)) - Sending CreatePipelineCommand for pipeline:PipelineID=74d3c2fa-2030-4e37-886c-9ec81e10122d to datanode:e2046f02-5b0f-4721-8967-351bc4e74694
2023-06-02 20:40:36,657 [RatisPipelineUtilsThread - 0] INFO  pipeline.PipelineStateManagerImpl (PipelineStateManagerImpl.java:addPipeline(103)) - Created pipeline Pipeline[ Id: 74d3c2fa-2030-4e37-886c-9ec81e10122d, Nodes: e2046f02-5b0f-4721-8967-351bc4e74694(fv-az1239-288/10.1.0.31), ReplicationConfig: RATIS/ONE, State:ALLOCATED, leaderId:, CreationTimestamp2023-06-02T20:40:36.656Z[Etc/UTC]].
2023-06-02 20:40:36,658 [RatisPipelineUtilsThread - 0] WARN  pipeline.PipelinePlacementPolicy (PipelinePlacementPolicy.java:filterViableNodes(160)) - Pipeline creation failed due to no sufficient healthy datanodes. Required 3. Found 2. Excluded 12.
2023-06-02 20:40:36,659 [c30a36da-1763-463f-9370-bf353ef860b0-groupManagement] INFO  server.RaftServerConfigKeys (ConfUtils.java:logGet(46)) - raft.server.log.write.buffer.size = 1048576 (custom)
2023-06-02 20:40:36,660 [c30a36da-1763-463f-9370-bf353ef860b0-groupManagement] INFO  server.RaftServerConfigKeys (ConfUtils.java:logGet(46)) - raft.server.log.appender.buffer.byte-limit = 33554432 (custom)
2023-06-02 20:40:36,666 [c30a36da-1763-463f-9370-bf353ef860b0-groupManagement] INFO  server.RaftServerConfigKeys (ConfUtils.java:logGet(46)) - raft.server.log.unsafe-flush.enabled = false (default)
2023-06-02 20:40:36,666 [c30a36da-1763-463f-9370-bf353ef860b0-groupManagement] INFO  server.RaftServerConfigKeys (ConfUtils.java:logGet(46)) - raft.server.log.async-flush.enabled = false (default)
2023-06-02 20:40:36,666 [c30a36da-1763-463f-9370-bf353ef860b0-groupManagement] INFO  server.RaftServerConfigKeys (ConfUtils.java:logGet(46)) - raft.server.log.statemachine.data.caching.enabled = true (custom)
2023-06-02 20:40:36,666 [c30a36da-1763-463f-9370-bf353ef860b0-groupManagement] INFO  segmented.SegmentedRaftLogWorker (SegmentedRaftLogWorker.java:lambda$new$0(135)) - c30a36da-1763-463f-9370-bf353ef860b0@group-56ABD2DB9182-SegmentedRaftLogWorker: flushIndex: setUnconditionally 0 -> -1
2023-06-02 20:40:36,666 [c30a36da-1763-463f-9370-bf353ef860b0-groupManagement] INFO  segmented.SegmentedRaftLogWorker (SegmentedRaftLogWorker.java:lambda$new$0(135)) - c30a36da-1763-463f-9370-bf353ef860b0@group-56ABD2DB9182-SegmentedRaftLogWorker: safeCacheEvictIndex: setUnconditionally 0 -> -1
2023-06-02 20:40:36,666 [c30a36da-1763-463f-9370-bf353ef860b0-groupManagement] INFO  server.RaftServer$Division (RaftServerImpl.java:start(342)) - c30a36da-1763-463f-9370-bf353ef860b0@group-56ABD2DB9182: start as a follower, conf=-1: peers:[c30a36da-1763-463f-9370-bf353ef860b0|rpc:10.1.0.31:15077|admin:10.1.0.31:15076|client:10.1.0.31:15075|dataStream:10.1.0.31:15078|priority:1|startupRole:FOLLOWER]|listeners:[], old=null
2023-06-02 20:40:36,666 [c30a36da-1763-463f-9370-bf353ef860b0-groupManagement] INFO  server.RaftServer$Division (RaftServerImpl.java:setRole(329)) - c30a36da-1763-463f-9370-bf353ef860b0@group-56ABD2DB9182: changes role from      null to FOLLOWER at term 0 for startAsFollower
2023-06-02 20:40:36,667 [c30a36da-1763-463f-9370-bf353ef860b0-groupManagement] INFO  impl.RoleInfo (RoleInfo.java:updateAndGet(139)) - c30a36da-1763-463f-9370-bf353ef860b0: start c30a36da-1763-463f-9370-bf353ef860b0@group-56ABD2DB9182-FollowerState
2023-06-02 20:40:36,667 [c30a36da-1763-463f-9370-bf353ef860b0-groupManagement] INFO  util.JmxRegister (JmxRegister.java:tryRegister(44)) - Successfully registered JMX Bean with object name Ratis:service=RaftServer,group=group-56ABD2DB9182,id=c30a36da-1763-463f-9370-bf353ef860b0
2023-06-02 20:40:36,667 [c30a36da-1763-463f-9370-bf353ef860b0-groupManagement] INFO  server.RaftServerConfigKeys (ConfUtils.java:logGet(46)) - raft.server.snapshot.auto.trigger.enabled = true (custom)
2023-06-02 20:40:36,667 [c30a36da-1763-463f-9370-bf353ef860b0-groupManagement] INFO  server.RaftServerConfigKeys (ConfUtils.java:logGet(46)) - raft.server.snapshot.auto.trigger.threshold = 10000 (custom)
2023-06-02 20:40:36,667 [c30a36da-1763-463f-9370-bf353ef860b0-groupManagement] INFO  server.RaftServerConfigKeys (ConfUtils.java:logGet(46)) - raft.server.snapshot.retention.file.num = 5 (custom)
2023-06-02 20:40:36,667 [c30a36da-1763-463f-9370-bf353ef860b0-groupManagement] INFO  server.RaftServerConfigKeys (ConfUtils.java:logGet(46)) - raft.server.log.purge.upto.snapshot.index = false (default)
2023-06-02 20:40:36,668 [c30a36da-1763-463f-9370-bf353ef860b0@group-56ABD2DB9182-FollowerState] INFO  server.RaftServerConfigKeys (ConfUtils.java:logFallback(53)) - raft.server.rpc.first-election.timeout.min = 5s (fallback to raft.server.rpc.timeout.min)
2023-06-02 20:40:36,668 [c30a36da-1763-463f-9370-bf353ef860b0@group-56ABD2DB9182-FollowerState] INFO  server.RaftServerConfigKeys (ConfUtils.java:logFallback(53)) - raft.server.rpc.first-election.timeout.max = 5200ms (fallback to raft.server.rpc.timeout.max)
2023-06-02 20:40:36,669 [PipelineCommandHandlerThread-0] INFO  ratis.XceiverServerRatis (XceiverServerRatis.java:addGroup(804)) - Created group PipelineID=f3fdc535-bf79-4a6d-a9fa-56abd2db9182
2023-06-02 20:40:36,669 [PipelineCommandHandlerThread-0] INFO  commandhandler.CreatePipelineCommandHandler (CreatePipelineCommandHandler.java:lambda$handle$2(124)) - Created Pipeline RATIS ONE PipelineID=f3fdc535-bf79-4a6d-a9fa-56abd2db9182.
2023-06-02 20:40:36,736 [main] INFO  ozone.MiniOzoneClusterImpl (MiniOzoneClusterImpl.java:lambda$waitForClusterToBeReady$0(222)) - Nodes are ready. Got 14 of 14 DN Heartbeats.
2023-06-02 20:40:36,736 [main] INFO  ozone.MiniOzoneClusterImpl (MiniOzoneClusterImpl.java:lambda$waitForClusterToBeReady$0(225)) - Waiting for cluster to exit safe mode
2023-06-02 20:40:36,736 [main] INFO  ozone.MiniOzoneClusterImpl (MiniOzoneClusterImpl.java:lambda$waitForClusterToBeReady$0(227)) - SCM became leader
2023-06-02 20:40:37,063 [PipelineCommandHandlerThread-0] INFO  server.RaftServer (RaftServerProxy.java:addNew(98)) - b4411977-9720-4d4b-9a0b-907fa7158048: addNew group-66B879D2FCE9:[b4411977-9720-4d4b-9a0b-907fa7158048|rpc:10.1.0.31:15086|admin:10.1.0.31:15085|client:10.1.0.31:15084|dataStream:10.1.0.31:15087|priority:1|startupRole:FOLLOWER] returns group-66B879D2FCE9:java.util.concurrent.CompletableFuture@64aab35e[Not completed]
2023-06-02 20:40:37,064 [b4411977-9720-4d4b-9a0b-907fa7158048-groupManagement] INFO  server.RaftServer$Division (RaftServerImpl.java:<init>(198)) - b4411977-9720-4d4b-9a0b-907fa7158048: new RaftServerImpl for group-66B879D2FCE9:[b4411977-9720-4d4b-9a0b-907fa7158048|rpc:10.1.0.31:15086|admin:10.1.0.31:15085|client:10.1.0.31:15084|dataStream:10.1.0.31:15087|priority:1|startupRole:FOLLOWER] with ContainerStateMachine:uninitialized
2023-06-02 20:40:37,065 [b4411977-9720-4d4b-9a0b-907fa7158048-groupManagement] INFO  server.RaftServerConfigKeys (ConfUtils.java:logGet(46)) - raft.server.rpc.timeout.min = 5s (custom)
2023-06-02 20:40:37,065 [b4411977-9720-4d4b-9a0b-907fa7158048-groupManagement] INFO  server.RaftServerConfigKeys (ConfUtils.java:logGet(46)) - raft.server.rpc.timeout.max = 5200ms (custom)
2023-06-02 20:40:37,065 [b4411977-9720-4d4b-9a0b-907fa7158048-groupManagement] INFO  server.RaftServerConfigKeys (ConfUtils.java:logGet(46)) - raft.server.rpc.sleep.time = 25ms (default)
2023-06-02 20:40:37,065 [b4411977-9720-4d4b-9a0b-907fa7158048-groupManagement] INFO  server.RaftServerConfigKeys (ConfUtils.java:logGet(46)) - raft.server.rpc.slowness.timeout = 300s (custom)
2023-06-02 20:40:37,065 [b4411977-9720-4d4b-9a0b-907fa7158048-groupManagement] INFO  server.RaftServerConfigKeys (ConfUtils.java:logGet(46)) - raft.server.leaderelection.leader.step-down.wait-time = 10s (default)
2023-06-02 20:40:37,065 [b4411977-9720-4d4b-9a0b-907fa7158048-groupManagement] INFO  server.RaftServerConfigKeys (ConfUtils.java:logGet(46)) - raft.server.sleep.deviation.threshold = 300ms (default)
2023-06-02 20:40:37,065 [b4411977-9720-4d4b-9a0b-907fa7158048-groupManagement] INFO  server.RaftServer$Division (ServerState.java:<init>(120)) - b4411977-9720-4d4b-9a0b-907fa7158048@group-66B879D2FCE9: ConfigurationManager, init=-1: peers:[b4411977-9720-4d4b-9a0b-907fa7158048|rpc:10.1.0.31:15086|admin:10.1.0.31:15085|client:10.1.0.31:15084|dataStream:10.1.0.31:15087|priority:1|startupRole:FOLLOWER]|listeners:[], old=null, confs=<EMPTY_MAP>
2023-06-02 20:40:37,065 [b4411977-9720-4d4b-9a0b-907fa7158048-groupManagement] INFO  server.RaftServerConfigKeys (ConfUtils.java:logGet(46)) - raft.server.storage.dir = [/home/runner/work/ozone/ozone/hadoop-ozone/integration-test/target/test-dir/MiniOzoneClusterImpl-5ac0c7d5-b38a-4534-ae70-3109b4fe19c6/datanode-8/data/ratis] (custom)
2023-06-02 20:40:37,065 [b4411977-9720-4d4b-9a0b-907fa7158048-groupManagement] INFO  server.RaftServerConfigKeys (ConfUtils.java:logGet(46)) - raft.server.log.corruption.policy = EXCEPTION (default)
2023-06-02 20:40:37,066 [b4411977-9720-4d4b-9a0b-907fa7158048-groupManagement] INFO  server.RaftServerConfigKeys (ConfUtils.java:logGet(46)) - raft.server.storage.free-space.min = 0MB (=0) (default)
2023-06-02 20:40:37,066 [b4411977-9720-4d4b-9a0b-907fa7158048-groupManagement] INFO  server.RaftServerConfigKeys (ConfUtils.java:logGet(46)) - raft.server.notification.no-leader.timeout = 300s (custom)
2023-06-02 20:40:37,066 [b4411977-9720-4d4b-9a0b-907fa7158048-groupManagement] INFO  server.RaftServerConfigKeys (ConfUtils.java:logGet(46)) - raft.server.read.timeout = 10s (default)
2023-06-02 20:40:37,066 [b4411977-9720-4d4b-9a0b-907fa7158048-groupManagement] INFO  server.RaftServerConfigKeys (ConfUtils.java:logGet(46)) - raft.server.retrycache.expirytime = 600000ms (custom)
2023-06-02 20:40:37,066 [b4411977-9720-4d4b-9a0b-907fa7158048-groupManagement] INFO  server.RaftServerConfigKeys (ConfUtils.java:logGet(46)) - raft.server.retrycache.statistics.expirytime = 100μs (default)
2023-06-02 20:40:37,066 [b4411977-9720-4d4b-9a0b-907fa7158048-groupManagement] INFO  server.RaftServerConfigKeys (ConfUtils.java:logGet(46)) - raft.server.read.option = DEFAULT (default)
2023-06-02 20:40:37,067 [b4411977-9720-4d4b-9a0b-907fa7158048-groupManagement] INFO  server.RaftServerConfigKeys (ConfUtils.java:logGet(46)) - raft.server.rpc.request.timeout = 60s (custom)
2023-06-02 20:40:37,067 [b4411977-9720-4d4b-9a0b-907fa7158048-groupManagement] INFO  server.RaftServerConfigKeys (ConfUtils.java:logGet(46)) - raft.server.log.appender.install.snapshot.enabled = false (custom)
2023-06-02 20:40:37,067 [b4411977-9720-4d4b-9a0b-907fa7158048-groupManagement] INFO  server.RaftServerConfigKeys (ConfUtils.java:logGet(46)) - raft.server.threadpool.server.cached = true (default)
2023-06-02 20:40:37,067 [b4411977-9720-4d4b-9a0b-907fa7158048-groupManagement] INFO  server.RaftServerConfigKeys (ConfUtils.java:logGet(46)) - raft.server.threadpool.server.size = 0 (default)
2023-06-02 20:40:37,068 [b4411977-9720-4d4b-9a0b-907fa7158048-groupManagement] INFO  server.RaftServerConfigKeys (ConfUtils.java:logGet(46)) - raft.server.threadpool.client.cached = true (default)
2023-06-02 20:40:37,068 [b4411977-9720-4d4b-9a0b-907fa7158048-groupManagement] INFO  server.RaftServerConfigKeys (ConfUtils.java:logGet(46)) - raft.server.threadpool.client.size = 0 (default)
2023-06-02 20:40:37,068 [b4411977-9720-4d4b-9a0b-907fa7158048-groupManagement] INFO  storage.RaftStorageDirectory (RaftStorageDirectoryImpl.java:analyzeStorage(137)) - The storage directory /home/runner/work/ozone/ozone/hadoop-ozone/integration-test/target/test-dir/MiniOzoneClusterImpl-5ac0c7d5-b38a-4534-ae70-3109b4fe19c6/datanode-8/data/ratis/64603dce-ae49-4080-9625-66b879d2fce9 does not exist. Creating ...
2023-06-02 20:40:37,070 [b4411977-9720-4d4b-9a0b-907fa7158048-groupManagement] INFO  storage.RaftStorageDirectory (RaftStorageDirectoryImpl.java:tryLock(231)) - Lock on /home/runner/work/ozone/ozone/hadoop-ozone/integration-test/target/test-dir/MiniOzoneClusterImpl-5ac0c7d5-b38a-4534-ae70-3109b4fe19c6/datanode-8/data/ratis/64603dce-ae49-4080-9625-66b879d2fce9/in_use.lock acquired by nodename 65175@fv-az1239-288
2023-06-02 20:40:37,073 [b4411977-9720-4d4b-9a0b-907fa7158048-groupManagement] INFO  storage.RaftStorage (RaftStorageImpl.java:format(96)) - Storage directory /home/runner/work/ozone/ozone/hadoop-ozone/integration-test/target/test-dir/MiniOzoneClusterImpl-5ac0c7d5-b38a-4534-ae70-3109b4fe19c6/datanode-8/data/ratis/64603dce-ae49-4080-9625-66b879d2fce9 has been successfully formatted.
2023-06-02 20:40:37,074 [b4411977-9720-4d4b-9a0b-907fa7158048-groupManagement] INFO  ratis.ContainerStateMachine (ContainerStateMachine.java:loadSnapshot(262)) - group-66B879D2FCE9: The snapshot info is null. Setting the last applied indexto:(t:0, i:~)
2023-06-02 20:40:37,074 [b4411977-9720-4d4b-9a0b-907fa7158048-groupManagement] INFO  server.RaftServerConfigKeys (ConfUtils.java:logGet(46)) - raft.server.log.use.memory = false (default)
2023-06-02 20:40:37,074 [b4411977-9720-4d4b-9a0b-907fa7158048-groupManagement] INFO  server.RaftServerConfigKeys (ConfUtils.java:logGet(46)) - raft.server.log.purge.gap = 1000000 (custom)
2023-06-02 20:40:37,074 [b4411977-9720-4d4b-9a0b-907fa7158048-groupManagement] INFO  server.RaftServerConfigKeys (ConfUtils.java:logGet(46)) - raft.server.log.appender.buffer.byte-limit = 33554432 (custom)
2023-06-02 20:40:37,075 [EventQueue-PipelineReportForPipelineReportHandler] INFO  pipeline.PipelineManagerImpl (PipelineManagerImpl.java:openPipeline(367)) - Pipeline Pipeline[ Id: 64603dce-ae49-4080-9625-66b879d2fce9, Nodes: b4411977-9720-4d4b-9a0b-907fa7158048(fv-az1239-288/10.1.0.31), ReplicationConfig: RATIS/ONE, State:ALLOCATED, leaderId:b4411977-9720-4d4b-9a0b-907fa7158048, CreationTimestamp2023-06-02T20:40:34.098Z[Etc/UTC]] moved to OPEN state
2023-06-02 20:40:37,076 [EventQueue-OpenPipelineForHealthyPipelineSafeModeRule] INFO  safemode.SCMSafeModeManager (HealthyPipelineSafeModeRule.java:process(137)) - SCM in safe mode. Healthy pipelines reported count is 0, required healthy pipeline reported count is 1
2023-06-02 20:40:37,076 [b4411977-9720-4d4b-9a0b-907fa7158048-groupManagement] INFO  server.RaftServerConfigKeys (ConfUtils.java:logGet(46)) - raft.server.log.statemachine.data.read.timeout = 1000ms (default)
2023-06-02 20:40:37,076 [b4411977-9720-4d4b-9a0b-907fa7158048-groupManagement] INFO  server.RaftServerConfigKeys (ConfUtils.java:logGet(46)) - raft.server.log.purge.preservation.log.num = 0 (default)
2023-06-02 20:40:37,077 [b4411977-9720-4d4b-9a0b-907fa7158048-groupManagement] INFO  server.RaftServerConfigKeys (ConfUtils.java:logGet(46)) - raft.server.log.segment.size.max = 1048576 (custom)
2023-06-02 20:40:37,077 [b4411977-9720-4d4b-9a0b-907fa7158048-groupManagement] INFO  server.RaftServerConfigKeys (ConfUtils.java:logGet(46)) - raft.server.log.segment.cache.num.max = 2 (custom)
2023-06-02 20:40:37,077 [b4411977-9720-4d4b-9a0b-907fa7158048-groupManagement] INFO  server.RaftServerConfigKeys (ConfUtils.java:logGet(46)) - raft.server.log.segment.cache.size.max = 200MB (=209715200) (default)
2023-06-02 20:40:37,077 [b4411977-9720-4d4b-9a0b-907fa7158048-groupManagement] INFO  server.RaftServerConfigKeys (ConfUtils.java:logGet(46)) - raft.server.log.appender.buffer.byte-limit = 33554432 (custom)
2023-06-02 20:40:37,077 [b4411977-9720-4d4b-9a0b-907fa7158048-groupManagement] INFO  segmented.SegmentedRaftLogWorker (SegmentedRaftLogWorker.java:<init>(188)) - new b4411977-9720-4d4b-9a0b-907fa7158048@group-66B879D2FCE9-SegmentedRaftLogWorker for RaftStorageImpl:Storage Directory /home/runner/work/ozone/ozone/hadoop-ozone/integration-test/target/test-dir/MiniOzoneClusterImpl-5ac0c7d5-b38a-4534-ae70-3109b4fe19c6/datanode-8/data/ratis/64603dce-ae49-4080-9625-66b879d2fce9
2023-06-02 20:40:37,077 [b4411977-9720-4d4b-9a0b-907fa7158048-groupManagement] INFO  server.RaftServerConfigKeys (ConfUtils.java:logGet(46)) - raft.server.log.queue.byte-limit = 4294967296 (custom)
2023-06-02 20:40:37,078 [b4411977-9720-4d4b-9a0b-907fa7158048-groupManagement] INFO  server.RaftServerConfigKeys (ConfUtils.java:logGet(46)) - raft.server.log.queue.element-limit = 1024 (custom)
2023-06-02 20:40:37,078 [b4411977-9720-4d4b-9a0b-907fa7158048-groupManagement] INFO  server.RaftServerConfigKeys (ConfUtils.java:logGet(46)) - raft.server.log.segment.size.max = 1048576 (custom)
2023-06-02 20:40:37,078 [b4411977-9720-4d4b-9a0b-907fa7158048-groupManagement] INFO  server.RaftServerConfigKeys (ConfUtils.java:logGet(46)) - raft.server.log.preallocated.size = 16384 (custom)
2023-06-02 20:40:37,078 [b4411977-9720-4d4b-9a0b-907fa7158048-groupManagement] INFO  server.RaftServerConfigKeys (ConfUtils.java:logGet(46)) - raft.server.log.force.sync.num = 128 (default)
2023-06-02 20:40:37,078 [b4411977-9720-4d4b-9a0b-907fa7158048-groupManagement] INFO  server.RaftServerConfigKeys (ConfUtils.java:logGet(46)) - raft.server.log.statemachine.data.sync = true (default)
2023-06-02 20:40:37,078 [b4411977-9720-4d4b-9a0b-907fa7158048-groupManagement] INFO  server.RaftServerConfigKeys (ConfUtils.java:logGet(46)) - raft.server.log.statemachine.data.sync.timeout = 10s (default)
2023-06-02 20:40:37,078 [b4411977-9720-4d4b-9a0b-907fa7158048-groupManagement] INFO  server.RaftServerConfigKeys (ConfUtils.java:logGet(46)) - raft.server.log.statemachine.data.sync.timeout.retry = -1 (default)
2023-06-02 20:40:37,079 [b4411977-9720-4d4b-9a0b-907fa7158048-groupManagement] INFO  server.RaftServerConfigKeys (ConfUtils.java:logGet(46)) - raft.server.log.write.buffer.size = 1048576 (custom)
2023-06-02 20:40:37,081 [b4411977-9720-4d4b-9a0b-907fa7158048-groupManagement] INFO  server.RaftServerConfigKeys (ConfUtils.java:logGet(46)) - raft.server.log.appender.buffer.byte-limit = 33554432 (custom)
2023-06-02 20:40:37,088 [b4411977-9720-4d4b-9a0b-907fa7158048-groupManagement] INFO  server.RaftServerConfigKeys (ConfUtils.java:logGet(46)) - raft.server.log.unsafe-flush.enabled = false (default)
2023-06-02 20:40:37,088 [b4411977-9720-4d4b-9a0b-907fa7158048-groupManagement] INFO  server.RaftServerConfigKeys (ConfUtils.java:logGet(46)) - raft.server.log.async-flush.enabled = false (default)
2023-06-02 20:40:37,088 [b4411977-9720-4d4b-9a0b-907fa7158048-groupManagement] INFO  server.RaftServerConfigKeys (ConfUtils.java:logGet(46)) - raft.server.log.statemachine.data.caching.enabled = true (custom)
2023-06-02 20:40:37,088 [b4411977-9720-4d4b-9a0b-907fa7158048-groupManagement] INFO  segmented.SegmentedRaftLogWorker (SegmentedRaftLogWorker.java:lambda$new$0(135)) - b4411977-9720-4d4b-9a0b-907fa7158048@group-66B879D2FCE9-SegmentedRaftLogWorker: flushIndex: setUnconditionally 0 -> -1
2023-06-02 20:40:37,088 [b4411977-9720-4d4b-9a0b-907fa7158048-groupManagement] INFO  segmented.SegmentedRaftLogWorker (SegmentedRaftLogWorker.java:lambda$new$0(135)) - b4411977-9720-4d4b-9a0b-907fa7158048@group-66B879D2FCE9-SegmentedRaftLogWorker: safeCacheEvictIndex: setUnconditionally 0 -> -1
2023-06-02 20:40:37,091 [b4411977-9720-4d4b-9a0b-907fa7158048-groupManagement] INFO  server.RaftServer$Division (RaftServerImpl.java:start(342)) - b4411977-9720-4d4b-9a0b-907fa7158048@group-66B879D2FCE9: start as a follower, conf=-1: peers:[b4411977-9720-4d4b-9a0b-907fa7158048|rpc:10.1.0.31:15086|admin:10.1.0.31:15085|client:10.1.0.31:15084|dataStream:10.1.0.31:15087|priority:1|startupRole:FOLLOWER]|listeners:[], old=null
2023-06-02 20:40:37,091 [b4411977-9720-4d4b-9a0b-907fa7158048-groupManagement] INFO  server.RaftServer$Division (RaftServerImpl.java:setRole(329)) - b4411977-9720-4d4b-9a0b-907fa7158048@group-66B879D2FCE9: changes role from      null to FOLLOWER at term 0 for startAsFollower
2023-06-02 20:40:37,091 [b4411977-9720-4d4b-9a0b-907fa7158048-groupManagement] INFO  impl.RoleInfo (RoleInfo.java:updateAndGet(139)) - b4411977-9720-4d4b-9a0b-907fa7158048: start b4411977-9720-4d4b-9a0b-907fa7158048@group-66B879D2FCE9-FollowerState
2023-06-02 20:40:37,091 [b4411977-9720-4d4b-9a0b-907fa7158048-groupManagement] INFO  util.JmxRegister (JmxRegister.java:tryRegister(44)) - Successfully registered JMX Bean with object name Ratis:service=RaftServer,group=group-66B879D2FCE9,id=b4411977-9720-4d4b-9a0b-907fa7158048
2023-06-02 20:40:37,091 [b4411977-9720-4d4b-9a0b-907fa7158048-groupManagement] INFO  server.RaftServerConfigKeys (ConfUtils.java:logGet(46)) - raft.server.snapshot.auto.trigger.enabled = true (custom)
2023-06-02 20:40:37,091 [b4411977-9720-4d4b-9a0b-907fa7158048-groupManagement] INFO  server.RaftServerConfigKeys (ConfUtils.java:logGet(46)) - raft.server.snapshot.auto.trigger.threshold = 10000 (custom)
2023-06-02 20:40:37,092 [b4411977-9720-4d4b-9a0b-907fa7158048-groupManagement] INFO  server.RaftServerConfigKeys (ConfUtils.java:logGet(46)) - raft.server.snapshot.retention.file.num = 5 (custom)
2023-06-02 20:40:37,092 [b4411977-9720-4d4b-9a0b-907fa7158048-groupManagement] INFO  server.RaftServerConfigKeys (ConfUtils.java:logGet(46)) - raft.server.log.purge.upto.snapshot.index = false (default)
2023-06-02 20:40:37,092 [b4411977-9720-4d4b-9a0b-907fa7158048@group-66B879D2FCE9-FollowerState] INFO  server.RaftServerConfigKeys (ConfUtils.java:logFallback(53)) - raft.server.rpc.first-election.timeout.min = 5s (fallback to raft.server.rpc.timeout.min)
2023-06-02 20:40:37,092 [b4411977-9720-4d4b-9a0b-907fa7158048@group-66B879D2FCE9-FollowerState] INFO  server.RaftServerConfigKeys (ConfUtils.java:logFallback(53)) - raft.server.rpc.first-election.timeout.max = 5200ms (fallback to raft.server.rpc.timeout.max)
2023-06-02 20:40:37,093 [PipelineCommandHandlerThread-0] INFO  ratis.XceiverServerRatis (XceiverServerRatis.java:addGroup(804)) - Created group PipelineID=64603dce-ae49-4080-9625-66b879d2fce9
2023-06-02 20:40:37,093 [PipelineCommandHandlerThread-0] INFO  commandhandler.CreatePipelineCommandHandler (CreatePipelineCommandHandler.java:lambda$handle$2(124)) - Created Pipeline RATIS ONE PipelineID=64603dce-ae49-4080-9625-66b879d2fce9.
2023-06-02 20:40:37,616 [PipelineCommandHandlerThread-0] INFO  server.RaftServer (RaftServerProxy.java:addNew(98)) - c911a996-2ad9-4932-9a2b-dd3b110c7bbf: addNew group-B30ECF971149:[c911a996-2ad9-4932-9a2b-dd3b110c7bbf|rpc:10.1.0.31:15095|admin:10.1.0.31:15094|client:10.1.0.31:15093|dataStream:10.1.0.31:15096|priority:1|startupRole:FOLLOWER] returns group-B30ECF971149:java.util.concurrent.CompletableFuture@6e2d93b4[Not completed]
2023-06-02 20:40:37,618 [c911a996-2ad9-4932-9a2b-dd3b110c7bbf-groupManagement] INFO  server.RaftServer$Division (RaftServerImpl.java:<init>(198)) - c911a996-2ad9-4932-9a2b-dd3b110c7bbf: new RaftServerImpl for group-B30ECF971149:[c911a996-2ad9-4932-9a2b-dd3b110c7bbf|rpc:10.1.0.31:15095|admin:10.1.0.31:15094|client:10.1.0.31:15093|dataStream:10.1.0.31:15096|priority:1|startupRole:FOLLOWER] with ContainerStateMachine:uninitialized
2023-06-02 20:40:37,619 [c911a996-2ad9-4932-9a2b-dd3b110c7bbf-groupManagement] INFO  server.RaftServerConfigKeys (ConfUtils.java:logGet(46)) - raft.server.rpc.timeout.min = 5s (custom)
2023-06-02 20:40:37,619 [c911a996-2ad9-4932-9a2b-dd3b110c7bbf-groupManagement] INFO  server.RaftServerConfigKeys (ConfUtils.java:logGet(46)) - raft.server.rpc.timeout.max = 5200ms (custom)
2023-06-02 20:40:37,619 [c911a996-2ad9-4932-9a2b-dd3b110c7bbf-groupManagement] INFO  server.RaftServerConfigKeys (ConfUtils.java:logGet(46)) - raft.server.rpc.sleep.time = 25ms (default)
2023-06-02 20:40:37,619 [c911a996-2ad9-4932-9a2b-dd3b110c7bbf-groupManagement] INFO  server.RaftServerConfigKeys (ConfUtils.java:logGet(46)) - raft.server.rpc.slowness.timeout = 300s (custom)
2023-06-02 20:40:37,619 [c911a996-2ad9-4932-9a2b-dd3b110c7bbf-groupManagement] INFO  server.RaftServerConfigKeys (ConfUtils.java:logGet(46)) - raft.server.leaderelection.leader.step-down.wait-time = 10s (default)
2023-06-02 20:40:37,619 [c911a996-2ad9-4932-9a2b-dd3b110c7bbf-groupManagement] INFO  server.RaftServerConfigKeys (ConfUtils.java:logGet(46)) - raft.server.sleep.deviation.threshold = 300ms (default)
2023-06-02 20:40:37,619 [c911a996-2ad9-4932-9a2b-dd3b110c7bbf-groupManagement] INFO  server.RaftServer$Division (ServerState.java:<init>(120)) - c911a996-2ad9-4932-9a2b-dd3b110c7bbf@group-B30ECF971149: ConfigurationManager, init=-1: peers:[c911a996-2ad9-4932-9a2b-dd3b110c7bbf|rpc:10.1.0.31:15095|admin:10.1.0.31:15094|client:10.1.0.31:15093|dataStream:10.1.0.31:15096|priority:1|startupRole:FOLLOWER]|listeners:[], old=null, confs=<EMPTY_MAP>
2023-06-02 20:40:37,620 [c911a996-2ad9-4932-9a2b-dd3b110c7bbf-groupManagement] INFO  server.RaftServerConfigKeys (ConfUtils.java:logGet(46)) - raft.server.storage.dir = [/home/runner/work/ozone/ozone/hadoop-ozone/integration-test/target/test-dir/MiniOzoneClusterImpl-5ac0c7d5-b38a-4534-ae70-3109b4fe19c6/datanode-9/data/ratis] (custom)
2023-06-02 20:40:37,620 [c911a996-2ad9-4932-9a2b-dd3b110c7bbf-groupManagement] INFO  server.RaftServerConfigKeys (ConfUtils.java:logGet(46)) - raft.server.log.corruption.policy = EXCEPTION (default)
2023-06-02 20:40:37,620 [c911a996-2ad9-4932-9a2b-dd3b110c7bbf-groupManagement] INFO  server.RaftServerConfigKeys (ConfUtils.java:logGet(46)) - raft.server.storage.free-space.min = 0MB (=0) (default)
2023-06-02 20:40:37,620 [c911a996-2ad9-4932-9a2b-dd3b110c7bbf-groupManagement] INFO  server.RaftServerConfigKeys (ConfUtils.java:logGet(46)) - raft.server.notification.no-leader.timeout = 300s (custom)
2023-06-02 20:40:37,620 [c911a996-2ad9-4932-9a2b-dd3b110c7bbf-groupManagement] INFO  server.RaftServerConfigKeys (ConfUtils.java:logGet(46)) - raft.server.read.timeout = 10s (default)
2023-06-02 20:40:37,620 [c911a996-2ad9-4932-9a2b-dd3b110c7bbf-groupManagement] INFO  server.RaftServerConfigKeys (ConfUtils.java:logGet(46)) - raft.server.retrycache.expirytime = 600000ms (custom)
2023-06-02 20:40:37,620 [c911a996-2ad9-4932-9a2b-dd3b110c7bbf-groupManagement] INFO  server.RaftServerConfigKeys (ConfUtils.java:logGet(46)) - raft.server.retrycache.statistics.expirytime = 100μs (default)
2023-06-02 20:40:37,620 [c911a996-2ad9-4932-9a2b-dd3b110c7bbf-groupManagement] INFO  server.RaftServerConfigKeys (ConfUtils.java:logGet(46)) - raft.server.read.option = DEFAULT (default)
2023-06-02 20:40:37,621 [c911a996-2ad9-4932-9a2b-dd3b110c7bbf-groupManagement] INFO  server.RaftServerConfigKeys (ConfUtils.java:logGet(46)) - raft.server.rpc.request.timeout = 60s (custom)
2023-06-02 20:40:37,622 [c911a996-2ad9-4932-9a2b-dd3b110c7bbf-groupManagement] INFO  server.RaftServerConfigKeys (ConfUtils.java:logGet(46)) - raft.server.log.appender.install.snapshot.enabled = false (custom)
2023-06-02 20:40:37,622 [c911a996-2ad9-4932-9a2b-dd3b110c7bbf-groupManagement] INFO  server.RaftServerConfigKeys (ConfUtils.java:logGet(46)) - raft.server.threadpool.server.cached = true (default)
2023-06-02 20:40:37,622 [c911a996-2ad9-4932-9a2b-dd3b110c7bbf-groupManagement] INFO  server.RaftServerConfigKeys (ConfUtils.java:logGet(46)) - raft.server.threadpool.server.size = 0 (default)
2023-06-02 20:40:37,622 [c911a996-2ad9-4932-9a2b-dd3b110c7bbf-groupManagement] INFO  server.RaftServerConfigKeys (ConfUtils.java:logGet(46)) - raft.server.threadpool.client.cached = true (default)
2023-06-02 20:40:37,622 [c911a996-2ad9-4932-9a2b-dd3b110c7bbf-groupManagement] INFO  server.RaftServerConfigKeys (ConfUtils.java:logGet(46)) - raft.server.threadpool.client.size = 0 (default)
2023-06-02 20:40:37,622 [c911a996-2ad9-4932-9a2b-dd3b110c7bbf-groupManagement] INFO  storage.RaftStorageDirectory (RaftStorageDirectoryImpl.java:analyzeStorage(137)) - The storage directory /home/runner/work/ozone/ozone/hadoop-ozone/integration-test/target/test-dir/MiniOzoneClusterImpl-5ac0c7d5-b38a-4534-ae70-3109b4fe19c6/datanode-9/data/ratis/0e78e751-ee7d-4498-b3c7-b30ecf971149 does not exist. Creating ...
2023-06-02 20:40:37,624 [c911a996-2ad9-4932-9a2b-dd3b110c7bbf-groupManagement] INFO  storage.RaftStorageDirectory (RaftStorageDirectoryImpl.java:tryLock(231)) - Lock on /home/runner/work/ozone/ozone/hadoop-ozone/integration-test/target/test-dir/MiniOzoneClusterImpl-5ac0c7d5-b38a-4534-ae70-3109b4fe19c6/datanode-9/data/ratis/0e78e751-ee7d-4498-b3c7-b30ecf971149/in_use.lock acquired by nodename 65175@fv-az1239-288
2023-06-02 20:40:37,626 [c911a996-2ad9-4932-9a2b-dd3b110c7bbf-groupManagement] INFO  storage.RaftStorage (RaftStorageImpl.java:format(96)) - Storage directory /home/runner/work/ozone/ozone/hadoop-ozone/integration-test/target/test-dir/MiniOzoneClusterImpl-5ac0c7d5-b38a-4534-ae70-3109b4fe19c6/datanode-9/data/ratis/0e78e751-ee7d-4498-b3c7-b30ecf971149 has been successfully formatted.
2023-06-02 20:40:37,628 [c911a996-2ad9-4932-9a2b-dd3b110c7bbf-groupManagement] INFO  ratis.ContainerStateMachine (ContainerStateMachine.java:loadSnapshot(262)) - group-B30ECF971149: The snapshot info is null. Setting the last applied indexto:(t:0, i:~)
2023-06-02 20:40:37,628 [c911a996-2ad9-4932-9a2b-dd3b110c7bbf-groupManagement] INFO  server.RaftServerConfigKeys (ConfUtils.java:logGet(46)) - raft.server.log.use.memory = false (default)
2023-06-02 20:40:37,628 [c911a996-2ad9-4932-9a2b-dd3b110c7bbf-groupManagement] INFO  server.RaftServerConfigKeys (ConfUtils.java:logGet(46)) - raft.server.log.purge.gap = 1000000 (custom)
2023-06-02 20:40:37,628 [c911a996-2ad9-4932-9a2b-dd3b110c7bbf-groupManagement] INFO  server.RaftServerConfigKeys (ConfUtils.java:logGet(46)) - raft.server.log.appender.buffer.byte-limit = 33554432 (custom)
2023-06-02 20:40:37,628 [c911a996-2ad9-4932-9a2b-dd3b110c7bbf-groupManagement] INFO  server.RaftServerConfigKeys (ConfUtils.java:logGet(46)) - raft.server.log.statemachine.data.read.timeout = 1000ms (default)
2023-06-02 20:40:37,628 [c911a996-2ad9-4932-9a2b-dd3b110c7bbf-groupManagement] INFO  server.RaftServerConfigKeys (ConfUtils.java:logGet(46)) - raft.server.log.purge.preservation.log.num = 0 (default)
2023-06-02 20:40:37,629 [c911a996-2ad9-4932-9a2b-dd3b110c7bbf-groupManagement] INFO  server.RaftServerConfigKeys (ConfUtils.java:logGet(46)) - raft.server.log.segment.size.max = 1048576 (custom)
2023-06-02 20:40:37,630 [EventQueue-PipelineReportForPipelineReportHandler] INFO  pipeline.PipelineManagerImpl (PipelineManagerImpl.java:openPipeline(367)) - Pipeline Pipeline[ Id: 0e78e751-ee7d-4498-b3c7-b30ecf971149, Nodes: c911a996-2ad9-4932-9a2b-dd3b110c7bbf(fv-az1239-288/10.1.0.31), ReplicationConfig: RATIS/ONE, State:ALLOCATED, leaderId:c911a996-2ad9-4932-9a2b-dd3b110c7bbf, CreationTimestamp2023-06-02T20:40:34.639Z[Etc/UTC]] moved to OPEN state
2023-06-02 20:40:37,631 [EventQueue-OpenPipelineForHealthyPipelineSafeModeRule] INFO  safemode.SCMSafeModeManager (HealthyPipelineSafeModeRule.java:process(137)) - SCM in safe mode. Healthy pipelines reported count is 0, required healthy pipeline reported count is 1
2023-06-02 20:40:37,633 [c911a996-2ad9-4932-9a2b-dd3b110c7bbf-groupManagement] INFO  server.RaftServerConfigKeys (ConfUtils.java:logGet(46)) - raft.server.log.segment.cache.num.max = 2 (custom)
2023-06-02 20:40:37,633 [c911a996-2ad9-4932-9a2b-dd3b110c7bbf-groupManagement] INFO  server.RaftServerConfigKeys (ConfUtils.java:logGet(46)) - raft.server.log.segment.cache.size.max = 200MB (=209715200) (default)
2023-06-02 20:40:37,633 [c911a996-2ad9-4932-9a2b-dd3b110c7bbf-groupManagement] INFO  server.RaftServerConfigKeys (ConfUtils.java:logGet(46)) - raft.server.log.appender.buffer.byte-limit = 33554432 (custom)
2023-06-02 20:40:37,633 [c911a996-2ad9-4932-9a2b-dd3b110c7bbf-groupManagement] INFO  segmented.SegmentedRaftLogWorker (SegmentedRaftLogWorker.java:<init>(188)) - new c911a996-2ad9-4932-9a2b-dd3b110c7bbf@group-B30ECF971149-SegmentedRaftLogWorker for RaftStorageImpl:Storage Directory /home/runner/work/ozone/ozone/hadoop-ozone/integration-test/target/test-dir/MiniOzoneClusterImpl-5ac0c7d5-b38a-4534-ae70-3109b4fe19c6/datanode-9/data/ratis/0e78e751-ee7d-4498-b3c7-b30ecf971149
2023-06-02 20:40:37,634 [c911a996-2ad9-4932-9a2b-dd3b110c7bbf-groupManagement] INFO  server.RaftServerConfigKeys (ConfUtils.java:logGet(46)) - raft.server.log.queue.byte-limit = 4294967296 (custom)
2023-06-02 20:40:37,634 [c911a996-2ad9-4932-9a2b-dd3b110c7bbf-groupManagement] INFO  server.RaftServerConfigKeys (ConfUtils.java:logGet(46)) - raft.server.log.queue.element-limit = 1024 (custom)
2023-06-02 20:40:37,634 [c911a996-2ad9-4932-9a2b-dd3b110c7bbf-groupManagement] INFO  server.RaftServerConfigKeys (ConfUtils.java:logGet(46)) - raft.server.log.segment.size.max = 1048576 (custom)
2023-06-02 20:40:37,634 [c911a996-2ad9-4932-9a2b-dd3b110c7bbf-groupManagement] INFO  server.RaftServerConfigKeys (ConfUtils.java:logGet(46)) - raft.server.log.preallocated.size = 16384 (custom)
2023-06-02 20:40:37,634 [c911a996-2ad9-4932-9a2b-dd3b110c7bbf-groupManagement] INFO  server.RaftServerConfigKeys (ConfUtils.java:logGet(46)) - raft.server.log.force.sync.num = 128 (default)
2023-06-02 20:40:37,634 [c911a996-2ad9-4932-9a2b-dd3b110c7bbf-groupManagement] INFO  server.RaftServerConfigKeys (ConfUtils.java:logGet(46)) - raft.server.log.statemachine.data.sync = true (default)
2023-06-02 20:40:37,634 [c911a996-2ad9-4932-9a2b-dd3b110c7bbf-groupManagement] INFO  server.RaftServerConfigKeys (ConfUtils.java:logGet(46)) - raft.server.log.statemachine.data.sync.timeout = 10s (default)
2023-06-02 20:40:37,634 [c911a996-2ad9-4932-9a2b-dd3b110c7bbf-groupManagement] INFO  server.RaftServerConfigKeys (ConfUtils.java:logGet(46)) - raft.server.log.statemachine.data.sync.timeout.retry = -1 (default)
2023-06-02 20:40:37,641 [c911a996-2ad9-4932-9a2b-dd3b110c7bbf-groupManagement] INFO  server.RaftServerConfigKeys (ConfUtils.java:logGet(46)) - raft.server.log.write.buffer.size = 1048576 (custom)
2023-06-02 20:40:37,641 [c911a996-2ad9-4932-9a2b-dd3b110c7bbf-groupManagement] INFO  server.RaftServerConfigKeys (ConfUtils.java:logGet(46)) - raft.server.log.appender.buffer.byte-limit = 33554432 (custom)
2023-06-02 20:40:37,646 [c911a996-2ad9-4932-9a2b-dd3b110c7bbf-groupManagement] INFO  server.RaftServerConfigKeys (ConfUtils.java:logGet(46)) - raft.server.log.unsafe-flush.enabled = false (default)
2023-06-02 20:40:37,647 [c911a996-2ad9-4932-9a2b-dd3b110c7bbf-groupManagement] INFO  server.RaftServerConfigKeys (ConfUtils.java:logGet(46)) - raft.server.log.async-flush.enabled = false (default)
2023-06-02 20:40:37,647 [c911a996-2ad9-4932-9a2b-dd3b110c7bbf-groupManagement] INFO  server.RaftServerConfigKeys (ConfUtils.java:logGet(46)) - raft.server.log.statemachine.data.caching.enabled = true (custom)
2023-06-02 20:40:37,647 [c911a996-2ad9-4932-9a2b-dd3b110c7bbf-groupManagement] INFO  segmented.SegmentedRaftLogWorker (SegmentedRaftLogWorker.java:lambda$new$0(135)) - c911a996-2ad9-4932-9a2b-dd3b110c7bbf@group-B30ECF971149-SegmentedRaftLogWorker: flushIndex: setUnconditionally 0 -> -1
2023-06-02 20:40:37,647 [c911a996-2ad9-4932-9a2b-dd3b110c7bbf-groupManagement] INFO  segmented.SegmentedRaftLogWorker (SegmentedRaftLogWorker.java:lambda$new$0(135)) - c911a996-2ad9-4932-9a2b-dd3b110c7bbf@group-B30ECF971149-SegmentedRaftLogWorker: safeCacheEvictIndex: setUnconditionally 0 -> -1
2023-06-02 20:40:37,647 [c911a996-2ad9-4932-9a2b-dd3b110c7bbf-groupManagement] INFO  server.RaftServer$Division (RaftServerImpl.java:start(342)) - c911a996-2ad9-4932-9a2b-dd3b110c7bbf@group-B30ECF971149: start as a follower, conf=-1: peers:[c911a996-2ad9-4932-9a2b-dd3b110c7bbf|rpc:10.1.0.31:15095|admin:10.1.0.31:15094|client:10.1.0.31:15093|dataStream:10.1.0.31:15096|priority:1|startupRole:FOLLOWER]|listeners:[], old=null
2023-06-02 20:40:37,647 [c911a996-2ad9-4932-9a2b-dd3b110c7bbf-groupManagement] INFO  server.RaftServer$Division (RaftServerImpl.java:setRole(329)) - c911a996-2ad9-4932-9a2b-dd3b110c7bbf@group-B30ECF971149: changes role from      null to FOLLOWER at term 0 for startAsFollower
2023-06-02 20:40:37,647 [c911a996-2ad9-4932-9a2b-dd3b110c7bbf-groupManagement] INFO  impl.RoleInfo (RoleInfo.java:updateAndGet(139)) - c911a996-2ad9-4932-9a2b-dd3b110c7bbf: start c911a996-2ad9-4932-9a2b-dd3b110c7bbf@group-B30ECF971149-FollowerState
2023-06-02 20:40:37,651 [c911a996-2ad9-4932-9a2b-dd3b110c7bbf-groupManagement] INFO  util.JmxRegister (JmxRegister.java:tryRegister(44)) - Successfully registered JMX Bean with object name Ratis:service=RaftServer,group=group-B30ECF971149,id=c911a996-2ad9-4932-9a2b-dd3b110c7bbf
2023-06-02 20:40:37,651 [c911a996-2ad9-4932-9a2b-dd3b110c7bbf-groupManagement] INFO  server.RaftServerConfigKeys (ConfUtils.java:logGet(46)) - raft.server.snapshot.auto.trigger.enabled = true (custom)
2023-06-02 20:40:37,651 [c911a996-2ad9-4932-9a2b-dd3b110c7bbf-groupManagement] INFO  server.RaftServerConfigKeys (ConfUtils.java:logGet(46)) - raft.server.snapshot.auto.trigger.threshold = 10000 (custom)
2023-06-02 20:40:37,651 [c911a996-2ad9-4932-9a2b-dd3b110c7bbf-groupManagement] INFO  server.RaftServerConfigKeys (ConfUtils.java:logGet(46)) - raft.server.snapshot.retention.file.num = 5 (custom)
2023-06-02 20:40:37,651 [c911a996-2ad9-4932-9a2b-dd3b110c7bbf-groupManagement] INFO  server.RaftServerConfigKeys (ConfUtils.java:logGet(46)) - raft.server.log.purge.upto.snapshot.index = false (default)
2023-06-02 20:40:37,652 [c911a996-2ad9-4932-9a2b-dd3b110c7bbf@group-B30ECF971149-FollowerState] INFO  server.RaftServerConfigKeys (ConfUtils.java:logFallback(53)) - raft.server.rpc.first-election.timeout.min = 5s (fallback to raft.server.rpc.timeout.min)
2023-06-02 20:40:37,652 [c911a996-2ad9-4932-9a2b-dd3b110c7bbf@group-B30ECF971149-FollowerState] INFO  server.RaftServerConfigKeys (ConfUtils.java:logFallback(53)) - raft.server.rpc.first-election.timeout.max = 5200ms (fallback to raft.server.rpc.timeout.max)
2023-06-02 20:40:37,652 [PipelineCommandHandlerThread-0] INFO  ratis.XceiverServerRatis (XceiverServerRatis.java:addGroup(804)) - Created group PipelineID=0e78e751-ee7d-4498-b3c7-b30ecf971149
2023-06-02 20:40:37,652 [PipelineCommandHandlerThread-0] INFO  commandhandler.CreatePipelineCommandHandler (CreatePipelineCommandHandler.java:lambda$handle$2(124)) - Created Pipeline RATIS ONE PipelineID=0e78e751-ee7d-4498-b3c7-b30ecf971149.
2023-06-02 20:40:37,653 [PipelineCommandHandlerThread-0] INFO  server.RaftServer (RaftServerProxy.java:addNew(98)) - c911a996-2ad9-4932-9a2b-dd3b110c7bbf: addNew group-3C2B6DD44A69:[c911a996-2ad9-4932-9a2b-dd3b110c7bbf|rpc:10.1.0.31:15095|admin:10.1.0.31:15094|client:10.1.0.31:15093|dataStream:10.1.0.31:15096|priority:0|startupRole:FOLLOWER, c0b96ab7-4e07-4f66-b608-d68f56bbc6df|rpc:10.1.0.31:15104|admin:10.1.0.31:15103|client:10.1.0.31:15102|dataStream:10.1.0.31:15105|priority:1|startupRole:FOLLOWER, de3fb769-0102-4a69-91ff-1ba1954f3f02|rpc:10.1.0.31:15113|admin:10.1.0.31:15112|client:10.1.0.31:15111|dataStream:10.1.0.31:15114|priority:0|startupRole:FOLLOWER] returns group-3C2B6DD44A69:java.util.concurrent.CompletableFuture@6a120aa9[Not completed]
2023-06-02 20:40:37,654 [c911a996-2ad9-4932-9a2b-dd3b110c7bbf-groupManagement] INFO  server.RaftServer$Division (RaftServerImpl.java:<init>(198)) - c911a996-2ad9-4932-9a2b-dd3b110c7bbf: new RaftServerImpl for group-3C2B6DD44A69:[c911a996-2ad9-4932-9a2b-dd3b110c7bbf|rpc:10.1.0.31:15095|admin:10.1.0.31:15094|client:10.1.0.31:15093|dataStream:10.1.0.31:15096|priority:0|startupRole:FOLLOWER, c0b96ab7-4e07-4f66-b608-d68f56bbc6df|rpc:10.1.0.31:15104|admin:10.1.0.31:15103|client:10.1.0.31:15102|dataStream:10.1.0.31:15105|priority:1|startupRole:FOLLOWER, de3fb769-0102-4a69-91ff-1ba1954f3f02|rpc:10.1.0.31:15113|admin:10.1.0.31:15112|client:10.1.0.31:15111|dataStream:10.1.0.31:15114|priority:0|startupRole:FOLLOWER] with ContainerStateMachine:uninitialized
2023-06-02 20:40:37,654 [c911a996-2ad9-4932-9a2b-dd3b110c7bbf-groupManagement] INFO  server.RaftServerConfigKeys (ConfUtils.java:logGet(46)) - raft.server.rpc.timeout.min = 5s (custom)
2023-06-02 20:40:37,654 [c911a996-2ad9-4932-9a2b-dd3b110c7bbf-groupManagement] INFO  server.RaftServerConfigKeys (ConfUtils.java:logGet(46)) - raft.server.rpc.timeout.max = 5200ms (custom)
2023-06-02 20:40:37,654 [c911a996-2ad9-4932-9a2b-dd3b110c7bbf-groupManagement] INFO  server.RaftServerConfigKeys (ConfUtils.java:logGet(46)) - raft.server.rpc.sleep.time = 25ms (default)
2023-06-02 20:40:37,654 [c911a996-2ad9-4932-9a2b-dd3b110c7bbf-groupManagement] INFO  server.RaftServerConfigKeys (ConfUtils.java:logGet(46)) - raft.server.rpc.slowness.timeout = 300s (custom)
2023-06-02 20:40:37,654 [c911a996-2ad9-4932-9a2b-dd3b110c7bbf-groupManagement] INFO  server.RaftServerConfigKeys (ConfUtils.java:logGet(46)) - raft.server.leaderelection.leader.step-down.wait-time = 10s (default)
2023-06-02 20:40:37,654 [c911a996-2ad9-4932-9a2b-dd3b110c7bbf-groupManagement] INFO  server.RaftServerConfigKeys (ConfUtils.java:logGet(46)) - raft.server.sleep.deviation.threshold = 300ms (default)
2023-06-02 20:40:37,654 [c911a996-2ad9-4932-9a2b-dd3b110c7bbf-groupManagement] INFO  server.RaftServer$Division (ServerState.java:<init>(120)) - c911a996-2ad9-4932-9a2b-dd3b110c7bbf@group-3C2B6DD44A69: ConfigurationManager, init=-1: peers:[c911a996-2ad9-4932-9a2b-dd3b110c7bbf|rpc:10.1.0.31:15095|admin:10.1.0.31:15094|client:10.1.0.31:15093|dataStream:10.1.0.31:15096|priority:0|startupRole:FOLLOWER, c0b96ab7-4e07-4f66-b608-d68f56bbc6df|rpc:10.1.0.31:15104|admin:10.1.0.31:15103|client:10.1.0.31:15102|dataStream:10.1.0.31:15105|priority:1|startupRole:FOLLOWER, de3fb769-0102-4a69-91ff-1ba1954f3f02|rpc:10.1.0.31:15113|admin:10.1.0.31:15112|client:10.1.0.31:15111|dataStream:10.1.0.31:15114|priority:0|startupRole:FOLLOWER]|listeners:[], old=null, confs=<EMPTY_MAP>
2023-06-02 20:40:37,654 [c911a996-2ad9-4932-9a2b-dd3b110c7bbf-groupManagement] INFO  server.RaftServerConfigKeys (ConfUtils.java:logGet(46)) - raft.server.storage.dir = [/home/runner/work/ozone/ozone/hadoop-ozone/integration-test/target/test-dir/MiniOzoneClusterImpl-5ac0c7d5-b38a-4534-ae70-3109b4fe19c6/datanode-9/data/ratis] (custom)
2023-06-02 20:40:37,654 [c911a996-2ad9-4932-9a2b-dd3b110c7bbf-groupManagement] INFO  server.RaftServerConfigKeys (ConfUtils.java:logGet(46)) - raft.server.log.corruption.policy = EXCEPTION (default)
2023-06-02 20:40:37,655 [c911a996-2ad9-4932-9a2b-dd3b110c7bbf-groupManagement] INFO  server.RaftServerConfigKeys (ConfUtils.java:logGet(46)) - raft.server.storage.free-space.min = 0MB (=0) (default)
2023-06-02 20:40:37,655 [c911a996-2ad9-4932-9a2b-dd3b110c7bbf-groupManagement] INFO  server.RaftServerConfigKeys (ConfUtils.java:logGet(46)) - raft.server.notification.no-leader.timeout = 300s (custom)
2023-06-02 20:40:37,655 [c911a996-2ad9-4932-9a2b-dd3b110c7bbf-groupManagement] INFO  server.RaftServerConfigKeys (ConfUtils.java:logGet(46)) - raft.server.read.timeout = 10s (default)
2023-06-02 20:40:37,655 [c911a996-2ad9-4932-9a2b-dd3b110c7bbf-groupManagement] INFO  server.RaftServerConfigKeys (ConfUtils.java:logGet(46)) - raft.server.retrycache.expirytime = 600000ms (custom)
2023-06-02 20:40:37,655 [c911a996-2ad9-4932-9a2b-dd3b110c7bbf-groupManagement] INFO  server.RaftServerConfigKeys (ConfUtils.java:logGet(46)) - raft.server.retrycache.statistics.expirytime = 100μs (default)
2023-06-02 20:40:37,655 [c911a996-2ad9-4932-9a2b-dd3b110c7bbf-groupManagement] INFO  server.RaftServerConfigKeys (ConfUtils.java:logGet(46)) - raft.server.read.option = DEFAULT (default)
2023-06-02 20:40:37,656 [c911a996-2ad9-4932-9a2b-dd3b110c7bbf-groupManagement] INFO  server.RaftServerConfigKeys (ConfUtils.java:logGet(46)) - raft.server.rpc.request.timeout = 60s (custom)
2023-06-02 20:40:37,656 [c911a996-2ad9-4932-9a2b-dd3b110c7bbf-groupManagement] INFO  server.RaftServerConfigKeys (ConfUtils.java:logGet(46)) - raft.server.log.appender.install.snapshot.enabled = false (custom)
2023-06-02 20:40:37,656 [c911a996-2ad9-4932-9a2b-dd3b110c7bbf-groupManagement] INFO  server.RaftServerConfigKeys (ConfUtils.java:logGet(46)) - raft.server.threadpool.server.cached = true (default)
2023-06-02 20:40:37,656 [c911a996-2ad9-4932-9a2b-dd3b110c7bbf-groupManagement] INFO  server.RaftServerConfigKeys (ConfUtils.java:logGet(46)) - raft.server.threadpool.server.size = 0 (default)
2023-06-02 20:40:37,656 [c911a996-2ad9-4932-9a2b-dd3b110c7bbf-groupManagement] INFO  server.RaftServerConfigKeys (ConfUtils.java:logGet(46)) - raft.server.threadpool.client.cached = true (default)
2023-06-02 20:40:37,656 [c911a996-2ad9-4932-9a2b-dd3b110c7bbf-groupManagement] INFO  server.RaftServerConfigKeys (ConfUtils.java:logGet(46)) - raft.server.threadpool.client.size = 0 (default)
2023-06-02 20:40:37,656 [c911a996-2ad9-4932-9a2b-dd3b110c7bbf-groupManagement] INFO  storage.RaftStorageDirectory (RaftStorageDirectoryImpl.java:analyzeStorage(137)) - The storage directory /home/runner/work/ozone/ozone/hadoop-ozone/integration-test/target/test-dir/MiniOzoneClusterImpl-5ac0c7d5-b38a-4534-ae70-3109b4fe19c6/datanode-9/data/ratis/471ff8af-04fc-438f-a52e-3c2b6dd44a69 does not exist. Creating ...
2023-06-02 20:40:37,658 [c911a996-2ad9-4932-9a2b-dd3b110c7bbf-groupManagement] INFO  storage.RaftStorageDirectory (RaftStorageDirectoryImpl.java:tryLock(231)) - Lock on /home/runner/work/ozone/ozone/hadoop-ozone/integration-test/target/test-dir/MiniOzoneClusterImpl-5ac0c7d5-b38a-4534-ae70-3109b4fe19c6/datanode-9/data/ratis/471ff8af-04fc-438f-a52e-3c2b6dd44a69/in_use.lock acquired by nodename 65175@fv-az1239-288
2023-06-02 20:40:37,660 [c911a996-2ad9-4932-9a2b-dd3b110c7bbf-groupManagement] INFO  storage.RaftStorage (RaftStorageImpl.java:format(96)) - Storage directory /home/runner/work/ozone/ozone/hadoop-ozone/integration-test/target/test-dir/MiniOzoneClusterImpl-5ac0c7d5-b38a-4534-ae70-3109b4fe19c6/datanode-9/data/ratis/471ff8af-04fc-438f-a52e-3c2b6dd44a69 has been successfully formatted.
2023-06-02 20:40:37,660 [c911a996-2ad9-4932-9a2b-dd3b110c7bbf-groupManagement] INFO  ratis.ContainerStateMachine (ContainerStateMachine.java:loadSnapshot(262)) - group-3C2B6DD44A69: The snapshot info is null. Setting the last applied indexto:(t:0, i:~)
2023-06-02 20:40:37,660 [c911a996-2ad9-4932-9a2b-dd3b110c7bbf-groupManagement] INFO  server.RaftServerConfigKeys (ConfUtils.java:logGet(46)) - raft.server.log.use.memory = false (default)
2023-06-02 20:40:37,660 [c911a996-2ad9-4932-9a2b-dd3b110c7bbf-groupManagement] INFO  server.RaftServerConfigKeys (ConfUtils.java:logGet(46)) - raft.server.log.purge.gap = 1000000 (custom)
2023-06-02 20:40:37,660 [c911a996-2ad9-4932-9a2b-dd3b110c7bbf-groupManagement] INFO  server.RaftServerConfigKeys (ConfUtils.java:logGet(46)) - raft.server.log.appender.buffer.byte-limit = 33554432 (custom)
2023-06-02 20:40:37,660 [c911a996-2ad9-4932-9a2b-dd3b110c7bbf-groupManagement] INFO  server.RaftServerConfigKeys (ConfUtils.java:logGet(46)) - raft.server.log.statemachine.data.read.timeout = 1000ms (default)
2023-06-02 20:40:37,660 [c911a996-2ad9-4932-9a2b-dd3b110c7bbf-groupManagement] INFO  server.RaftServerConfigKeys (ConfUtils.java:logGet(46)) - raft.server.log.purge.preservation.log.num = 0 (default)
2023-06-02 20:40:37,661 [c911a996-2ad9-4932-9a2b-dd3b110c7bbf-groupManagement] INFO  server.RaftServerConfigKeys (ConfUtils.java:logGet(46)) - raft.server.log.segment.size.max = 1048576 (custom)
2023-06-02 20:40:37,662 [EventQueue-OpenPipelineForHealthyPipelineSafeModeRule] INFO  safemode.SCMSafeModeManager (HealthyPipelineSafeModeRule.java:process(137)) - SCM in safe mode. Healthy pipelines reported count is 0, required healthy pipeline reported count is 1
2023-06-02 20:40:37,662 [c911a996-2ad9-4932-9a2b-dd3b110c7bbf-groupManagement] INFO  server.RaftServerConfigKeys (ConfUtils.java:logGet(46)) - raft.server.log.segment.cache.num.max = 2 (custom)
2023-06-02 20:40:37,663 [c911a996-2ad9-4932-9a2b-dd3b110c7bbf-groupManagement] INFO  server.RaftServerConfigKeys (ConfUtils.java:logGet(46)) - raft.server.log.segment.cache.size.max = 200MB (=209715200) (default)
2023-06-02 20:40:37,663 [c911a996-2ad9-4932-9a2b-dd3b110c7bbf-groupManagement] INFO  server.RaftServerConfigKeys (ConfUtils.java:logGet(46)) - raft.server.log.appender.buffer.byte-limit = 33554432 (custom)
2023-06-02 20:40:37,663 [c911a996-2ad9-4932-9a2b-dd3b110c7bbf-groupManagement] INFO  segmented.SegmentedRaftLogWorker (SegmentedRaftLogWorker.java:<init>(188)) - new c911a996-2ad9-4932-9a2b-dd3b110c7bbf@group-3C2B6DD44A69-SegmentedRaftLogWorker for RaftStorageImpl:Storage Directory /home/runner/work/ozone/ozone/hadoop-ozone/integration-test/target/test-dir/MiniOzoneClusterImpl-5ac0c7d5-b38a-4534-ae70-3109b4fe19c6/datanode-9/data/ratis/471ff8af-04fc-438f-a52e-3c2b6dd44a69
2023-06-02 20:40:37,663 [c911a996-2ad9-4932-9a2b-dd3b110c7bbf-groupManagement] INFO  server.RaftServerConfigKeys (ConfUtils.java:logGet(46)) - raft.server.log.queue.byte-limit = 4294967296 (custom)
2023-06-02 20:40:37,663 [c911a996-2ad9-4932-9a2b-dd3b110c7bbf-groupManagement] INFO  server.RaftServerConfigKeys (ConfUtils.java:logGet(46)) - raft.server.log.queue.element-limit = 1024 (custom)
2023-06-02 20:40:37,663 [c911a996-2ad9-4932-9a2b-dd3b110c7bbf-groupManagement] INFO  server.RaftServerConfigKeys (ConfUtils.java:logGet(46)) - raft.server.log.segment.size.max = 1048576 (custom)
2023-06-02 20:40:37,663 [c911a996-2ad9-4932-9a2b-dd3b110c7bbf-groupManagement] INFO  server.RaftServerConfigKeys (ConfUtils.java:logGet(46)) - raft.server.log.preallocated.size = 16384 (custom)
2023-06-02 20:40:37,663 [c911a996-2ad9-4932-9a2b-dd3b110c7bbf-groupManagement] INFO  server.RaftServerConfigKeys (ConfUtils.java:logGet(46)) - raft.server.log.force.sync.num = 128 (default)
2023-06-02 20:40:37,663 [c911a996-2ad9-4932-9a2b-dd3b110c7bbf-groupManagement] INFO  server.RaftServerConfigKeys (ConfUtils.java:logGet(46)) - raft.server.log.statemachine.data.sync = true (default)
2023-06-02 20:40:37,663 [c911a996-2ad9-4932-9a2b-dd3b110c7bbf-groupManagement] INFO  server.RaftServerConfigKeys (ConfUtils.java:logGet(46)) - raft.server.log.statemachine.data.sync.timeout = 10s (default)
2023-06-02 20:40:37,663 [c911a996-2ad9-4932-9a2b-dd3b110c7bbf-groupManagement] INFO  server.RaftServerConfigKeys (ConfUtils.java:logGet(46)) - raft.server.log.statemachine.data.sync.timeout.retry = -1 (default)
2023-06-02 20:40:37,665 [c911a996-2ad9-4932-9a2b-dd3b110c7bbf-groupManagement] INFO  server.RaftServerConfigKeys (ConfUtils.java:logGet(46)) - raft.server.log.write.buffer.size = 1048576 (custom)
2023-06-02 20:40:37,666 [c911a996-2ad9-4932-9a2b-dd3b110c7bbf-groupManagement] INFO  server.RaftServerConfigKeys (ConfUtils.java:logGet(46)) - raft.server.log.appender.buffer.byte-limit = 33554432 (custom)
2023-06-02 20:40:38,159 [main] INFO  ozone.MiniOzoneClusterImpl (MiniOzoneClusterImpl.java:lambda$waitForClusterToBeReady$0(222)) - Nodes are ready. Got 14 of 14 DN Heartbeats.
2023-06-02 20:40:38,159 [main] INFO  ozone.MiniOzoneClusterImpl (MiniOzoneClusterImpl.java:lambda$waitForClusterToBeReady$0(225)) - Waiting for cluster to exit safe mode
2023-06-02 20:40:38,159 [main] INFO  ozone.MiniOzoneClusterImpl (MiniOzoneClusterImpl.java:lambda$waitForClusterToBeReady$0(227)) - SCM became leader
2023-06-02 20:40:38,160 [JvmPauseMonitor4] WARN  util.JvmPauseMonitor (JvmPauseMonitor.java:detectPause(124)) - JvmPauseMonitor-501c2811-31b4-4cb7-a883-304e4eecc84c: Detected pause in JVM or host machine approximately 0.424s with 0.484s GC time.
GC pool 'PS MarkSweep' had collection(s): count=1 time=320ms
GC pool 'PS Scavenge' had collection(s): count=1 time=164ms
2023-06-02 20:40:38,160 [JvmPauseMonitor15] WARN  util.JvmPauseMonitor (JvmPauseMonitor.java:detectPause(124)) - JvmPauseMonitor-e2046f02-5b0f-4721-8967-351bc4e74694: Detected pause in JVM or host machine approximately 0.424s with 0.484s GC time.
GC pool 'PS MarkSweep' had collection(s): count=1 time=320ms
GC pool 'PS Scavenge' had collection(s): count=1 time=164ms
2023-06-02 20:40:38,160 [JvmPauseMonitor0] WARN  util.JvmPauseMonitor (JvmPauseMonitor.java:detectPause(124)) - JvmPauseMonitor-8b785c12-0397-4459-b64e-acf15c75f203: Detected pause in JVM or host machine approximately 0.424s with 0.484s GC time.
GC pool 'PS MarkSweep' had collection(s): count=1 time=320ms
GC pool 'PS Scavenge' had collection(s): count=1 time=164ms
2023-06-02 20:40:38,160 [JvmPauseMonitor13] WARN  util.JvmPauseMonitor (JvmPauseMonitor.java:detectPause(124)) - JvmPauseMonitor-de3fb769-0102-4a69-91ff-1ba1954f3f02: Detected pause in JVM or host machine approximately 0.424s with 0.484s GC time.
GC pool 'PS MarkSweep' had collection(s): count=1 time=320ms
GC pool 'PS Scavenge' had collection(s): count=1 time=164ms
2023-06-02 20:40:38,160 [JvmPauseMonitor12] WARN  util.JvmPauseMonitor (JvmPauseMonitor.java:detectPause(124)) - JvmPauseMonitor-c0b96ab7-4e07-4f66-b608-d68f56bbc6df: Detected pause in JVM or host machine approximately 0.424s with 0.484s GC time.
GC pool 'PS MarkSweep' had collection(s): count=1 time=320ms
GC pool 'PS Scavenge' had collection(s): count=1 time=164ms
2023-06-02 20:40:38,161 [JvmPauseMonitor14] WARN  util.JvmPauseMonitor (JvmPauseMonitor.java:detectPause(124)) - JvmPauseMonitor-8f90378c-2071-462d-9a04-80510992f21c: Detected pause in JVM or host machine approximately 0.434s with 0.484s GC time.
GC pool 'PS MarkSweep' had collection(s): count=1 time=320ms
GC pool 'PS Scavenge' had collection(s): count=1 time=164ms
2023-06-02 20:40:38,164 [JvmPauseMonitor2] WARN  util.JvmPauseMonitor (JvmPauseMonitor.java:detectPause(124)) - JvmPauseMonitor-559beb36-7c11-4841-9a8b-e14375a607db: Detected pause in JVM or host machine approximately 0.441s with 0.484s GC time.
GC pool 'PS MarkSweep' had collection(s): count=1 time=320ms
GC pool 'PS Scavenge' had collection(s): count=1 time=164ms
2023-06-02 20:40:38,164 [JvmPauseMonitor9] WARN  util.JvmPauseMonitor (JvmPauseMonitor.java:detectPause(124)) - JvmPauseMonitor-c30a36da-1763-463f-9370-bf353ef860b0: Detected pause in JVM or host machine approximately 0.441s with 0.484s GC time.
GC pool 'PS MarkSweep' had collection(s): count=1 time=320ms
GC pool 'PS Scavenge' had collection(s): count=1 time=164ms
2023-06-02 20:40:38,164 [JvmPauseMonitor1] WARN  util.JvmPauseMonitor (JvmPauseMonitor.java:detectPause(124)) - JvmPauseMonitor-om1: Detected pause in JVM or host machine approximately 0.442s with 0.484s GC time.
GC pool 'PS MarkSweep' had collection(s): count=1 time=320ms
GC pool 'PS Scavenge' had collection(s): count=1 time=164ms
2023-06-02 20:40:38,164 [JvmPauseMonitor7] WARN  util.JvmPauseMonitor (JvmPauseMonitor.java:detectPause(124)) - JvmPauseMonitor-f5d72e8c-7c96-4354-bf1f-55d48726708b: Detected pause in JVM or host machine approximately 0.442s with 0.484s GC time.
GC pool 'PS MarkSweep' had collection(s): count=1 time=320ms
GC pool 'PS Scavenge' had collection(s): count=1 time=164ms
2023-06-02 20:40:38,165 [JvmPauseMonitor8] WARN  util.JvmPauseMonitor (JvmPauseMonitor.java:detectPause(124)) - JvmPauseMonitor-a629a011-13a9-410c-9234-b770ba2e8ba4: Detected pause in JVM or host machine approximately 0.442s with 0.484s GC time.
GC pool 'PS MarkSweep' had collection(s): count=1 time=320ms
GC pool 'PS Scavenge' had collection(s): count=1 time=164ms
2023-06-02 20:40:38,165 [JvmPauseMonitor5] WARN  util.JvmPauseMonitor (JvmPauseMonitor.java:detectPause(124)) - JvmPauseMonitor-4daf1ed2-e43c-4bda-878b-63f1449da6f8: Detected pause in JVM or host machine approximately 0.442s with 0.484s GC time.
GC pool 'PS MarkSweep' had collection(s): count=1 time=320ms
GC pool 'PS Scavenge' had collection(s): count=1 time=164ms
2023-06-02 20:40:38,165 [JvmPauseMonitor6] WARN  util.JvmPauseMonitor (JvmPauseMonitor.java:detectPause(124)) - JvmPauseMonitor-0ec547f6-a501-4372-afcf-7dbe5c08d569: Detected pause in JVM or host machine approximately 0.442s with 0.484s GC time.
GC pool 'PS MarkSweep' had collection(s): count=1 time=320ms
GC pool 'PS Scavenge' had collection(s): count=1 time=164ms
2023-06-02 20:40:38,165 [JvmPauseMonitor11] WARN  util.JvmPauseMonitor (JvmPauseMonitor.java:detectPause(124)) - JvmPauseMonitor-c911a996-2ad9-4932-9a2b-dd3b110c7bbf: Detected pause in JVM or host machine approximately 0.443s with 0.484s GC time.
GC pool 'PS MarkSweep' had collection(s): count=1 time=320ms
GC pool 'PS Scavenge' had collection(s): count=1 time=164ms
2023-06-02 20:40:38,165 [JvmPauseMonitor3] WARN  util.JvmPauseMonitor (JvmPauseMonitor.java:detectPause(124)) - JvmPauseMonitor-f3098061-e126-467d-ace5-c417dde623cb: Detected pause in JVM or host machine approximately 0.443s with 0.484s GC time.
GC pool 'PS MarkSweep' had collection(s): count=1 time=320ms
GC pool 'PS Scavenge' had collection(s): count=1 time=164ms
2023-06-02 20:40:38,165 [JvmPauseMonitor10] WARN  util.JvmPauseMonitor (JvmPauseMonitor.java:detectPause(124)) - JvmPauseMonitor-b4411977-9720-4d4b-9a0b-907fa7158048: Detected pause in JVM or host machine approximately 0.443s with 0.484s GC time.
GC pool 'PS MarkSweep' had collection(s): count=1 time=320ms
GC pool 'PS Scavenge' had collection(s): count=1 time=164ms
2023-06-02 20:40:38,172 [c911a996-2ad9-4932-9a2b-dd3b110c7bbf-groupManagement] INFO  server.RaftServerConfigKeys (ConfUtils.java:logGet(46)) - raft.server.log.unsafe-flush.enabled = false (default)
2023-06-02 20:40:38,172 [c911a996-2ad9-4932-9a2b-dd3b110c7bbf-groupManagement] INFO  server.RaftServerConfigKeys (ConfUtils.java:logGet(46)) - raft.server.log.async-flush.enabled = false (default)
2023-06-02 20:40:38,172 [c911a996-2ad9-4932-9a2b-dd3b110c7bbf-groupManagement] INFO  server.RaftServerConfigKeys (ConfUtils.java:logGet(46)) - raft.server.log.statemachine.data.caching.enabled = true (custom)
2023-06-02 20:40:38,173 [c911a996-2ad9-4932-9a2b-dd3b110c7bbf-groupManagement] INFO  segmented.SegmentedRaftLogWorker (SegmentedRaftLogWorker.java:lambda$new$0(135)) - c911a996-2ad9-4932-9a2b-dd3b110c7bbf@group-3C2B6DD44A69-SegmentedRaftLogWorker: flushIndex: setUnconditionally 0 -> -1
2023-06-02 20:40:38,173 [c911a996-2ad9-4932-9a2b-dd3b110c7bbf-groupManagement] INFO  segmented.SegmentedRaftLogWorker (SegmentedRaftLogWorker.java:lambda$new$0(135)) - c911a996-2ad9-4932-9a2b-dd3b110c7bbf@group-3C2B6DD44A69-SegmentedRaftLogWorker: safeCacheEvictIndex: setUnconditionally 0 -> -1
2023-06-02 20:40:38,173 [c911a996-2ad9-4932-9a2b-dd3b110c7bbf-groupManagement] INFO  server.RaftServer$Division (RaftServerImpl.java:start(342)) - c911a996-2ad9-4932-9a2b-dd3b110c7bbf@group-3C2B6DD44A69: start as a follower, conf=-1: peers:[c911a996-2ad9-4932-9a2b-dd3b110c7bbf|rpc:10.1.0.31:15095|admin:10.1.0.31:15094|client:10.1.0.31:15093|dataStream:10.1.0.31:15096|priority:0|startupRole:FOLLOWER, c0b96ab7-4e07-4f66-b608-d68f56bbc6df|rpc:10.1.0.31:15104|admin:10.1.0.31:15103|client:10.1.0.31:15102|dataStream:10.1.0.31:15105|priority:1|startupRole:FOLLOWER, de3fb769-0102-4a69-91ff-1ba1954f3f02|rpc:10.1.0.31:15113|admin:10.1.0.31:15112|client:10.1.0.31:15111|dataStream:10.1.0.31:15114|priority:0|startupRole:FOLLOWER]|listeners:[], old=null
2023-06-02 20:40:38,183 [c911a996-2ad9-4932-9a2b-dd3b110c7bbf-groupManagement] INFO  server.RaftServer$Division (RaftServerImpl.java:setRole(329)) - c911a996-2ad9-4932-9a2b-dd3b110c7bbf@group-3C2B6DD44A69: changes role from      null to FOLLOWER at term 0 for startAsFollower
2023-06-02 20:40:38,183 [c911a996-2ad9-4932-9a2b-dd3b110c7bbf-groupManagement] INFO  impl.RoleInfo (RoleInfo.java:updateAndGet(139)) - c911a996-2ad9-4932-9a2b-dd3b110c7bbf: start c911a996-2ad9-4932-9a2b-dd3b110c7bbf@group-3C2B6DD44A69-FollowerState
2023-06-02 20:40:38,183 [c911a996-2ad9-4932-9a2b-dd3b110c7bbf-groupManagement] INFO  util.JmxRegister (JmxRegister.java:tryRegister(44)) - Successfully registered JMX Bean with object name Ratis:service=RaftServer,group=group-3C2B6DD44A69,id=c911a996-2ad9-4932-9a2b-dd3b110c7bbf
2023-06-02 20:40:38,183 [c911a996-2ad9-4932-9a2b-dd3b110c7bbf-groupManagement] INFO  server.RaftServerConfigKeys (ConfUtils.java:logGet(46)) - raft.server.snapshot.auto.trigger.enabled = true (custom)
2023-06-02 20:40:38,183 [c911a996-2ad9-4932-9a2b-dd3b110c7bbf-groupManagement] INFO  server.RaftServerConfigKeys (ConfUtils.java:logGet(46)) - raft.server.snapshot.auto.trigger.threshold = 10000 (custom)
2023-06-02 20:40:38,183 [c911a996-2ad9-4932-9a2b-dd3b110c7bbf-groupManagement] INFO  server.RaftServerConfigKeys (ConfUtils.java:logGet(46)) - raft.server.snapshot.retention.file.num = 5 (custom)
2023-06-02 20:40:38,183 [c911a996-2ad9-4932-9a2b-dd3b110c7bbf-groupManagement] INFO  server.RaftServerConfigKeys (ConfUtils.java:logGet(46)) - raft.server.log.purge.upto.snapshot.index = false (default)
2023-06-02 20:40:38,184 [c911a996-2ad9-4932-9a2b-dd3b110c7bbf@group-3C2B6DD44A69-FollowerState] INFO  server.RaftServerConfigKeys (ConfUtils.java:logFallback(53)) - raft.server.rpc.first-election.timeout.min = 5s (fallback to raft.server.rpc.timeout.min)
2023-06-02 20:40:38,184 [c911a996-2ad9-4932-9a2b-dd3b110c7bbf@group-3C2B6DD44A69-FollowerState] INFO  server.RaftServerConfigKeys (ConfUtils.java:logFallback(53)) - raft.server.rpc.first-election.timeout.max = 5200ms (fallback to raft.server.rpc.timeout.max)
2023-06-02 20:40:38,184 [PipelineCommandHandlerThread-0] INFO  ratis.XceiverServerRatis (XceiverServerRatis.java:addGroup(804)) - Created group PipelineID=471ff8af-04fc-438f-a52e-3c2b6dd44a69
2023-06-02 20:40:38,200 [PipelineCommandHandlerThread-0] INFO  server.RaftServer (RaftServerProxy.java:addNew(98)) - c0b96ab7-4e07-4f66-b608-d68f56bbc6df: addNew group-EB6C5B0C6B43:[c0b96ab7-4e07-4f66-b608-d68f56bbc6df|rpc:10.1.0.31:15104|admin:10.1.0.31:15103|client:10.1.0.31:15102|dataStream:10.1.0.31:15105|priority:1|startupRole:FOLLOWER] returns group-EB6C5B0C6B43:java.util.concurrent.CompletableFuture@536d2bb2[Not completed]
2023-06-02 20:40:38,222 [c0b96ab7-4e07-4f66-b608-d68f56bbc6df-groupManagement] INFO  server.RaftServer$Division (RaftServerImpl.java:<init>(198)) - c0b96ab7-4e07-4f66-b608-d68f56bbc6df: new RaftServerImpl for group-EB6C5B0C6B43:[c0b96ab7-4e07-4f66-b608-d68f56bbc6df|rpc:10.1.0.31:15104|admin:10.1.0.31:15103|client:10.1.0.31:15102|dataStream:10.1.0.31:15105|priority:1|startupRole:FOLLOWER] with ContainerStateMachine:uninitialized
2023-06-02 20:40:38,222 [c0b96ab7-4e07-4f66-b608-d68f56bbc6df-groupManagement] INFO  server.RaftServerConfigKeys (ConfUtils.java:logGet(46)) - raft.server.rpc.timeout.min = 5s (custom)
2023-06-02 20:40:38,222 [c0b96ab7-4e07-4f66-b608-d68f56bbc6df-groupManagement] INFO  server.RaftServerConfigKeys (ConfUtils.java:logGet(46)) - raft.server.rpc.timeout.max = 5200ms (custom)
2023-06-02 20:40:38,222 [c0b96ab7-4e07-4f66-b608-d68f56bbc6df-groupManagement] INFO  server.RaftServerConfigKeys (ConfUtils.java:logGet(46)) - raft.server.rpc.sleep.time = 25ms (default)
2023-06-02 20:40:38,222 [c0b96ab7-4e07-4f66-b608-d68f56bbc6df-groupManagement] INFO  server.RaftServerConfigKeys (ConfUtils.java:logGet(46)) - raft.server.rpc.slowness.timeout = 300s (custom)
2023-06-02 20:40:38,222 [c0b96ab7-4e07-4f66-b608-d68f56bbc6df-groupManagement] INFO  server.RaftServerConfigKeys (ConfUtils.java:logGet(46)) - raft.server.leaderelection.leader.step-down.wait-time = 10s (default)
2023-06-02 20:40:38,222 [c0b96ab7-4e07-4f66-b608-d68f56bbc6df-groupManagement] INFO  server.RaftServerConfigKeys (ConfUtils.java:logGet(46)) - raft.server.sleep.deviation.threshold = 300ms (default)
2023-06-02 20:40:38,222 [c0b96ab7-4e07-4f66-b608-d68f56bbc6df-groupManagement] INFO  server.RaftServer$Division (ServerState.java:<init>(120)) - c0b96ab7-4e07-4f66-b608-d68f56bbc6df@group-EB6C5B0C6B43: ConfigurationManager, init=-1: peers:[c0b96ab7-4e07-4f66-b608-d68f56bbc6df|rpc:10.1.0.31:15104|admin:10.1.0.31:15103|client:10.1.0.31:15102|dataStream:10.1.0.31:15105|priority:1|startupRole:FOLLOWER]|listeners:[], old=null, confs=<EMPTY_MAP>
2023-06-02 20:40:38,222 [c0b96ab7-4e07-4f66-b608-d68f56bbc6df-groupManagement] INFO  server.RaftServerConfigKeys (ConfUtils.java:logGet(46)) - raft.server.storage.dir = [/home/runner/work/ozone/ozone/hadoop-ozone/integration-test/target/test-dir/MiniOzoneClusterImpl-5ac0c7d5-b38a-4534-ae70-3109b4fe19c6/datanode-10/data/ratis] (custom)
2023-06-02 20:40:38,222 [c0b96ab7-4e07-4f66-b608-d68f56bbc6df-groupManagement] INFO  server.RaftServerConfigKeys (ConfUtils.java:logGet(46)) - raft.server.log.corruption.policy = EXCEPTION (default)
2023-06-02 20:40:38,223 [c0b96ab7-4e07-4f66-b608-d68f56bbc6df-groupManagement] INFO  server.RaftServerConfigKeys (ConfUtils.java:logGet(46)) - raft.server.storage.free-space.min = 0MB (=0) (default)
2023-06-02 20:40:38,223 [c0b96ab7-4e07-4f66-b608-d68f56bbc6df-groupManagement] INFO  server.RaftServerConfigKeys (ConfUtils.java:logGet(46)) - raft.server.notification.no-leader.timeout = 300s (custom)
2023-06-02 20:40:38,223 [c0b96ab7-4e07-4f66-b608-d68f56bbc6df-groupManagement] INFO  server.RaftServerConfigKeys (ConfUtils.java:logGet(46)) - raft.server.read.timeout = 10s (default)
2023-06-02 20:40:38,223 [c0b96ab7-4e07-4f66-b608-d68f56bbc6df-groupManagement] INFO  server.RaftServerConfigKeys (ConfUtils.java:logGet(46)) - raft.server.retrycache.expirytime = 600000ms (custom)
2023-06-02 20:40:38,223 [c0b96ab7-4e07-4f66-b608-d68f56bbc6df-groupManagement] INFO  server.RaftServerConfigKeys (ConfUtils.java:logGet(46)) - raft.server.retrycache.statistics.expirytime = 100μs (default)
2023-06-02 20:40:38,223 [c0b96ab7-4e07-4f66-b608-d68f56bbc6df-groupManagement] INFO  server.RaftServerConfigKeys (ConfUtils.java:logGet(46)) - raft.server.read.option = DEFAULT (default)
2023-06-02 20:40:38,224 [c0b96ab7-4e07-4f66-b608-d68f56bbc6df-groupManagement] INFO  server.RaftServerConfigKeys (ConfUtils.java:logGet(46)) - raft.server.rpc.request.timeout = 60s (custom)
2023-06-02 20:40:38,224 [c0b96ab7-4e07-4f66-b608-d68f56bbc6df-groupManagement] INFO  server.RaftServerConfigKeys (ConfUtils.java:logGet(46)) - raft.server.log.appender.install.snapshot.enabled = false (custom)
2023-06-02 20:40:38,224 [c0b96ab7-4e07-4f66-b608-d68f56bbc6df-groupManagement] INFO  server.RaftServerConfigKeys (ConfUtils.java:logGet(46)) - raft.server.threadpool.server.cached = true (default)
2023-06-02 20:40:38,224 [c0b96ab7-4e07-4f66-b608-d68f56bbc6df-groupManagement] INFO  server.RaftServerConfigKeys (ConfUtils.java:logGet(46)) - raft.server.threadpool.server.size = 0 (default)
2023-06-02 20:40:38,224 [c0b96ab7-4e07-4f66-b608-d68f56bbc6df-groupManagement] INFO  server.RaftServerConfigKeys (ConfUtils.java:logGet(46)) - raft.server.threadpool.client.cached = true (default)
2023-06-02 20:40:38,224 [c0b96ab7-4e07-4f66-b608-d68f56bbc6df-groupManagement] INFO  server.RaftServerConfigKeys (ConfUtils.java:logGet(46)) - raft.server.threadpool.client.size = 0 (default)
2023-06-02 20:40:38,224 [c0b96ab7-4e07-4f66-b608-d68f56bbc6df-groupManagement] INFO  storage.RaftStorageDirectory (RaftStorageDirectoryImpl.java:analyzeStorage(137)) - The storage directory /home/runner/work/ozone/ozone/hadoop-ozone/integration-test/target/test-dir/MiniOzoneClusterImpl-5ac0c7d5-b38a-4534-ae70-3109b4fe19c6/datanode-10/data/ratis/31e557d6-4612-42be-b56f-eb6c5b0c6b43 does not exist. Creating ...
2023-06-02 20:40:38,232 [c0b96ab7-4e07-4f66-b608-d68f56bbc6df-groupManagement] INFO  storage.RaftStorageDirectory (RaftStorageDirectoryImpl.java:tryLock(231)) - Lock on /home/runner/work/ozone/ozone/hadoop-ozone/integration-test/target/test-dir/MiniOzoneClusterImpl-5ac0c7d5-b38a-4534-ae70-3109b4fe19c6/datanode-10/data/ratis/31e557d6-4612-42be-b56f-eb6c5b0c6b43/in_use.lock acquired by nodename 65175@fv-az1239-288
2023-06-02 20:40:38,236 [grpc-default-executor-0] INFO  server.RaftServer (RaftServerProxy.java:addNew(98)) - c0b96ab7-4e07-4f66-b608-d68f56bbc6df: addNew group-3C2B6DD44A69:[c911a996-2ad9-4932-9a2b-dd3b110c7bbf|rpc:10.1.0.31:15095|admin:10.1.0.31:15094|client:10.1.0.31:15093|dataStream:10.1.0.31:15096|priority:0|startupRole:FOLLOWER, c0b96ab7-4e07-4f66-b608-d68f56bbc6df|rpc:10.1.0.31:15104|admin:10.1.0.31:15103|client:10.1.0.31:15102|dataStream:10.1.0.31:15105|priority:1|startupRole:FOLLOWER, de3fb769-0102-4a69-91ff-1ba1954f3f02|rpc:10.1.0.31:15113|admin:10.1.0.31:15112|client:10.1.0.31:15111|dataStream:10.1.0.31:15114|priority:0|startupRole:FOLLOWER] returns group-3C2B6DD44A69:java.util.concurrent.CompletableFuture@44c80073[Not completed]
2023-06-02 20:40:38,237 [c0b96ab7-4e07-4f66-b608-d68f56bbc6df-groupManagement] INFO  storage.RaftStorage (RaftStorageImpl.java:format(96)) - Storage directory /home/runner/work/ozone/ozone/hadoop-ozone/integration-test/target/test-dir/MiniOzoneClusterImpl-5ac0c7d5-b38a-4534-ae70-3109b4fe19c6/datanode-10/data/ratis/31e557d6-4612-42be-b56f-eb6c5b0c6b43 has been successfully formatted.
2023-06-02 20:40:38,241 [c0b96ab7-4e07-4f66-b608-d68f56bbc6df-groupManagement] INFO  ratis.ContainerStateMachine (ContainerStateMachine.java:loadSnapshot(262)) - group-EB6C5B0C6B43: The snapshot info is null. Setting the last applied indexto:(t:0, i:~)
2023-06-02 20:40:38,241 [c0b96ab7-4e07-4f66-b608-d68f56bbc6df-groupManagement] INFO  server.RaftServerConfigKeys (ConfUtils.java:logGet(46)) - raft.server.log.use.memory = false (default)
2023-06-02 20:40:38,242 [c0b96ab7-4e07-4f66-b608-d68f56bbc6df-groupManagement] INFO  server.RaftServerConfigKeys (ConfUtils.java:logGet(46)) - raft.server.log.purge.gap = 1000000 (custom)
2023-06-02 20:40:38,242 [c0b96ab7-4e07-4f66-b608-d68f56bbc6df-groupManagement] INFO  server.RaftServerConfigKeys (ConfUtils.java:logGet(46)) - raft.server.log.appender.buffer.byte-limit = 33554432 (custom)
2023-06-02 20:40:38,242 [c0b96ab7-4e07-4f66-b608-d68f56bbc6df-groupManagement] INFO  server.RaftServerConfigKeys (ConfUtils.java:logGet(46)) - raft.server.log.statemachine.data.read.timeout = 1000ms (default)
2023-06-02 20:40:38,242 [c0b96ab7-4e07-4f66-b608-d68f56bbc6df-groupManagement] INFO  server.RaftServerConfigKeys (ConfUtils.java:logGet(46)) - raft.server.log.purge.preservation.log.num = 0 (default)
2023-06-02 20:40:38,242 [c0b96ab7-4e07-4f66-b608-d68f56bbc6df-groupManagement] INFO  server.RaftServerConfigKeys (ConfUtils.java:logGet(46)) - raft.server.log.segment.size.max = 1048576 (custom)
2023-06-02 20:40:38,242 [c0b96ab7-4e07-4f66-b608-d68f56bbc6df-groupManagement] INFO  server.RaftServerConfigKeys (ConfUtils.java:logGet(46)) - raft.server.log.segment.cache.num.max = 2 (custom)
2023-06-02 20:40:38,242 [c0b96ab7-4e07-4f66-b608-d68f56bbc6df-groupManagement] INFO  server.RaftServerConfigKeys (ConfUtils.java:logGet(46)) - raft.server.log.segment.cache.size.max = 200MB (=209715200) (default)
2023-06-02 20:40:38,243 [c0b96ab7-4e07-4f66-b608-d68f56bbc6df-groupManagement] INFO  server.RaftServerConfigKeys (ConfUtils.java:logGet(46)) - raft.server.log.appender.buffer.byte-limit = 33554432 (custom)
2023-06-02 20:40:38,243 [c0b96ab7-4e07-4f66-b608-d68f56bbc6df-groupManagement] INFO  segmented.SegmentedRaftLogWorker (SegmentedRaftLogWorker.java:<init>(188)) - new c0b96ab7-4e07-4f66-b608-d68f56bbc6df@group-EB6C5B0C6B43-SegmentedRaftLogWorker for RaftStorageImpl:Storage Directory /home/runner/work/ozone/ozone/hadoop-ozone/integration-test/target/test-dir/MiniOzoneClusterImpl-5ac0c7d5-b38a-4534-ae70-3109b4fe19c6/datanode-10/data/ratis/31e557d6-4612-42be-b56f-eb6c5b0c6b43
2023-06-02 20:40:38,243 [c0b96ab7-4e07-4f66-b608-d68f56bbc6df-groupManagement] INFO  server.RaftServerConfigKeys (ConfUtils.java:logGet(46)) - raft.server.log.queue.byte-limit = 4294967296 (custom)
2023-06-02 20:40:38,243 [c0b96ab7-4e07-4f66-b608-d68f56bbc6df-groupManagement] INFO  server.RaftServerConfigKeys (ConfUtils.java:logGet(46)) - raft.server.log.queue.element-limit = 1024 (custom)
2023-06-02 20:40:38,243 [c0b96ab7-4e07-4f66-b608-d68f56bbc6df-groupManagement] INFO  server.RaftServerConfigKeys (ConfUtils.java:logGet(46)) - raft.server.log.segment.size.max = 1048576 (custom)
2023-06-02 20:40:38,243 [c0b96ab7-4e07-4f66-b608-d68f56bbc6df-groupManagement] INFO  server.RaftServerConfigKeys (ConfUtils.java:logGet(46)) - raft.server.log.preallocated.size = 16384 (custom)
2023-06-02 20:40:38,243 [c0b96ab7-4e07-4f66-b608-d68f56bbc6df-groupManagement] INFO  server.RaftServerConfigKeys (ConfUtils.java:logGet(46)) - raft.server.log.force.sync.num = 128 (default)
2023-06-02 20:40:38,243 [c0b96ab7-4e07-4f66-b608-d68f56bbc6df-groupManagement] INFO  server.RaftServerConfigKeys (ConfUtils.java:logGet(46)) - raft.server.log.statemachine.data.sync = true (default)
2023-06-02 20:40:38,246 [c0b96ab7-4e07-4f66-b608-d68f56bbc6df-groupManagement] INFO  server.RaftServerConfigKeys (ConfUtils.java:logGet(46)) - raft.server.log.statemachine.data.sync.timeout = 10s (default)
2023-06-02 20:40:38,249 [c0b96ab7-4e07-4f66-b608-d68f56bbc6df-groupManagement] INFO  server.RaftServerConfigKeys (ConfUtils.java:logGet(46)) - raft.server.log.statemachine.data.sync.timeout.retry = -1 (default)
2023-06-02 20:40:38,253 [EventQueue-PipelineReportForPipelineReportHandler] INFO  pipeline.PipelineManagerImpl (PipelineManagerImpl.java:openPipeline(367)) - Pipeline Pipeline[ Id: 31e557d6-4612-42be-b56f-eb6c5b0c6b43, Nodes: c0b96ab7-4e07-4f66-b608-d68f56bbc6df(fv-az1239-288/10.1.0.31), ReplicationConfig: RATIS/ONE, State:ALLOCATED, leaderId:c0b96ab7-4e07-4f66-b608-d68f56bbc6df, CreationTimestamp2023-06-02T20:40:34.992Z[Etc/UTC]] moved to OPEN state
2023-06-02 20:40:38,254 [EventQueue-OpenPipelineForHealthyPipelineSafeModeRule] INFO  safemode.SCMSafeModeManager (HealthyPipelineSafeModeRule.java:process(137)) - SCM in safe mode. Healthy pipelines reported count is 0, required healthy pipeline reported count is 1
2023-06-02 20:40:38,254 [c0b96ab7-4e07-4f66-b608-d68f56bbc6df-groupManagement] INFO  server.RaftServerConfigKeys (ConfUtils.java:logGet(46)) - raft.server.log.write.buffer.size = 1048576 (custom)
2023-06-02 20:40:38,255 [c0b96ab7-4e07-4f66-b608-d68f56bbc6df-groupManagement] INFO  server.RaftServerConfigKeys (ConfUtils.java:logGet(46)) - raft.server.log.appender.buffer.byte-limit = 33554432 (custom)
2023-06-02 20:40:38,260 [c0b96ab7-4e07-4f66-b608-d68f56bbc6df-groupManagement] INFO  server.RaftServerConfigKeys (ConfUtils.java:logGet(46)) - raft.server.log.unsafe-flush.enabled = false (default)
2023-06-02 20:40:38,260 [c0b96ab7-4e07-4f66-b608-d68f56bbc6df-groupManagement] INFO  server.RaftServerConfigKeys (ConfUtils.java:logGet(46)) - raft.server.log.async-flush.enabled = false (default)
2023-06-02 20:40:38,260 [c0b96ab7-4e07-4f66-b608-d68f56bbc6df-groupManagement] INFO  server.RaftServerConfigKeys (ConfUtils.java:logGet(46)) - raft.server.log.statemachine.data.caching.enabled = true (custom)
2023-06-02 20:40:38,261 [c0b96ab7-4e07-4f66-b608-d68f56bbc6df-groupManagement] INFO  segmented.SegmentedRaftLogWorker (SegmentedRaftLogWorker.java:lambda$new$0(135)) - c0b96ab7-4e07-4f66-b608-d68f56bbc6df@group-EB6C5B0C6B43-SegmentedRaftLogWorker: flushIndex: setUnconditionally 0 -> -1
2023-06-02 20:40:38,261 [c0b96ab7-4e07-4f66-b608-d68f56bbc6df-groupManagement] INFO  segmented.SegmentedRaftLogWorker (SegmentedRaftLogWorker.java:lambda$new$0(135)) - c0b96ab7-4e07-4f66-b608-d68f56bbc6df@group-EB6C5B0C6B43-SegmentedRaftLogWorker: safeCacheEvictIndex: setUnconditionally 0 -> -1
2023-06-02 20:40:38,261 [c0b96ab7-4e07-4f66-b608-d68f56bbc6df-groupManagement] INFO  server.RaftServer$Division (RaftServerImpl.java:start(342)) - c0b96ab7-4e07-4f66-b608-d68f56bbc6df@group-EB6C5B0C6B43: start as a follower, conf=-1: peers:[c0b96ab7-4e07-4f66-b608-d68f56bbc6df|rpc:10.1.0.31:15104|admin:10.1.0.31:15103|client:10.1.0.31:15102|dataStream:10.1.0.31:15105|priority:1|startupRole:FOLLOWER]|listeners:[], old=null
2023-06-02 20:40:38,261 [c0b96ab7-4e07-4f66-b608-d68f56bbc6df-groupManagement] INFO  server.RaftServer$Division (RaftServerImpl.java:setRole(329)) - c0b96ab7-4e07-4f66-b608-d68f56bbc6df@group-EB6C5B0C6B43: changes role from      null to FOLLOWER at term 0 for startAsFollower
2023-06-02 20:40:38,261 [c0b96ab7-4e07-4f66-b608-d68f56bbc6df-groupManagement] INFO  impl.RoleInfo (RoleInfo.java:updateAndGet(139)) - c0b96ab7-4e07-4f66-b608-d68f56bbc6df: start c0b96ab7-4e07-4f66-b608-d68f56bbc6df@group-EB6C5B0C6B43-FollowerState
2023-06-02 20:40:38,262 [c0b96ab7-4e07-4f66-b608-d68f56bbc6df-groupManagement] INFO  util.JmxRegister (JmxRegister.java:tryRegister(44)) - Successfully registered JMX Bean with object name Ratis:service=RaftServer,group=group-EB6C5B0C6B43,id=c0b96ab7-4e07-4f66-b608-d68f56bbc6df
2023-06-02 20:40:38,262 [c0b96ab7-4e07-4f66-b608-d68f56bbc6df-groupManagement] INFO  server.RaftServerConfigKeys (ConfUtils.java:logGet(46)) - raft.server.snapshot.auto.trigger.enabled = true (custom)
2023-06-02 20:40:38,262 [c0b96ab7-4e07-4f66-b608-d68f56bbc6df-groupManagement] INFO  server.RaftServerConfigKeys (ConfUtils.java:logGet(46)) - raft.server.snapshot.auto.trigger.threshold = 10000 (custom)
2023-06-02 20:40:38,262 [c0b96ab7-4e07-4f66-b608-d68f56bbc6df-groupManagement] INFO  server.RaftServerConfigKeys (ConfUtils.java:logGet(46)) - raft.server.snapshot.retention.file.num = 5 (custom)
2023-06-02 20:40:38,262 [c0b96ab7-4e07-4f66-b608-d68f56bbc6df-groupManagement] INFO  server.RaftServerConfigKeys (ConfUtils.java:logGet(46)) - raft.server.log.purge.upto.snapshot.index = false (default)
2023-06-02 20:40:38,262 [c0b96ab7-4e07-4f66-b608-d68f56bbc6df@group-EB6C5B0C6B43-FollowerState] INFO  server.RaftServerConfigKeys (ConfUtils.java:logFallback(53)) - raft.server.rpc.first-election.timeout.min = 5s (fallback to raft.server.rpc.timeout.min)
2023-06-02 20:40:38,263 [c0b96ab7-4e07-4f66-b608-d68f56bbc6df@group-EB6C5B0C6B43-FollowerState] INFO  server.RaftServerConfigKeys (ConfUtils.java:logFallback(53)) - raft.server.rpc.first-election.timeout.max = 5200ms (fallback to raft.server.rpc.timeout.max)
2023-06-02 20:40:38,264 [c0b96ab7-4e07-4f66-b608-d68f56bbc6df-groupManagement] INFO  server.RaftServer$Division (RaftServerImpl.java:<init>(198)) - c0b96ab7-4e07-4f66-b608-d68f56bbc6df: new RaftServerImpl for group-3C2B6DD44A69:[c911a996-2ad9-4932-9a2b-dd3b110c7bbf|rpc:10.1.0.31:15095|admin:10.1.0.31:15094|client:10.1.0.31:15093|dataStream:10.1.0.31:15096|priority:0|startupRole:FOLLOWER, c0b96ab7-4e07-4f66-b608-d68f56bbc6df|rpc:10.1.0.31:15104|admin:10.1.0.31:15103|client:10.1.0.31:15102|dataStream:10.1.0.31:15105|priority:1|startupRole:FOLLOWER, de3fb769-0102-4a69-91ff-1ba1954f3f02|rpc:10.1.0.31:15113|admin:10.1.0.31:15112|client:10.1.0.31:15111|dataStream:10.1.0.31:15114|priority:0|startupRole:FOLLOWER] with ContainerStateMachine:uninitialized
2023-06-02 20:40:38,264 [c0b96ab7-4e07-4f66-b608-d68f56bbc6df-groupManagement] INFO  server.RaftServerConfigKeys (ConfUtils.java:logGet(46)) - raft.server.rpc.timeout.min = 5s (custom)
2023-06-02 20:40:38,264 [c0b96ab7-4e07-4f66-b608-d68f56bbc6df-groupManagement] INFO  server.RaftServerConfigKeys (ConfUtils.java:logGet(46)) - raft.server.rpc.timeout.max = 5200ms (custom)
2023-06-02 20:40:38,264 [c0b96ab7-4e07-4f66-b608-d68f56bbc6df-groupManagement] INFO  server.RaftServerConfigKeys (ConfUtils.java:logGet(46)) - raft.server.rpc.sleep.time = 25ms (default)
2023-06-02 20:40:38,264 [c0b96ab7-4e07-4f66-b608-d68f56bbc6df-groupManagement] INFO  server.RaftServerConfigKeys (ConfUtils.java:logGet(46)) - raft.server.rpc.slowness.timeout = 300s (custom)
2023-06-02 20:40:38,264 [c0b96ab7-4e07-4f66-b608-d68f56bbc6df-groupManagement] INFO  server.RaftServerConfigKeys (ConfUtils.java:logGet(46)) - raft.server.leaderelection.leader.step-down.wait-time = 10s (default)
2023-06-02 20:40:38,264 [c0b96ab7-4e07-4f66-b608-d68f56bbc6df-groupManagement] INFO  server.RaftServerConfigKeys (ConfUtils.java:logGet(46)) - raft.server.sleep.deviation.threshold = 300ms (default)
2023-06-02 20:40:38,264 [c0b96ab7-4e07-4f66-b608-d68f56bbc6df-groupManagement] INFO  server.RaftServer$Division (ServerState.java:<init>(120)) - c0b96ab7-4e07-4f66-b608-d68f56bbc6df@group-3C2B6DD44A69: ConfigurationManager, init=-1: peers:[c911a996-2ad9-4932-9a2b-dd3b110c7bbf|rpc:10.1.0.31:15095|admin:10.1.0.31:15094|client:10.1.0.31:15093|dataStream:10.1.0.31:15096|priority:0|startupRole:FOLLOWER, c0b96ab7-4e07-4f66-b608-d68f56bbc6df|rpc:10.1.0.31:15104|admin:10.1.0.31:15103|client:10.1.0.31:15102|dataStream:10.1.0.31:15105|priority:1|startupRole:FOLLOWER, de3fb769-0102-4a69-91ff-1ba1954f3f02|rpc:10.1.0.31:15113|admin:10.1.0.31:15112|client:10.1.0.31:15111|dataStream:10.1.0.31:15114|priority:0|startupRole:FOLLOWER]|listeners:[], old=null, confs=<EMPTY_MAP>
2023-06-02 20:40:38,264 [c0b96ab7-4e07-4f66-b608-d68f56bbc6df-groupManagement] INFO  server.RaftServerConfigKeys (ConfUtils.java:logGet(46)) - raft.server.storage.dir = [/home/runner/work/ozone/ozone/hadoop-ozone/integration-test/target/test-dir/MiniOzoneClusterImpl-5ac0c7d5-b38a-4534-ae70-3109b4fe19c6/datanode-10/data/ratis] (custom)
2023-06-02 20:40:38,264 [c0b96ab7-4e07-4f66-b608-d68f56bbc6df-groupManagement] INFO  server.RaftServerConfigKeys (ConfUtils.java:logGet(46)) - raft.server.log.corruption.policy = EXCEPTION (default)
2023-06-02 20:40:38,265 [c0b96ab7-4e07-4f66-b608-d68f56bbc6df-groupManagement] INFO  server.RaftServerConfigKeys (ConfUtils.java:logGet(46)) - raft.server.storage.free-space.min = 0MB (=0) (default)
2023-06-02 20:40:38,265 [c0b96ab7-4e07-4f66-b608-d68f56bbc6df-groupManagement] INFO  server.RaftServerConfigKeys (ConfUtils.java:logGet(46)) - raft.server.notification.no-leader.timeout = 300s (custom)
2023-06-02 20:40:38,265 [c0b96ab7-4e07-4f66-b608-d68f56bbc6df-groupManagement] INFO  server.RaftServerConfigKeys (ConfUtils.java:logGet(46)) - raft.server.read.timeout = 10s (default)
2023-06-02 20:40:38,265 [c0b96ab7-4e07-4f66-b608-d68f56bbc6df-groupManagement] INFO  server.RaftServerConfigKeys (ConfUtils.java:logGet(46)) - raft.server.retrycache.expirytime = 600000ms (custom)
2023-06-02 20:40:38,265 [c0b96ab7-4e07-4f66-b608-d68f56bbc6df-groupManagement] INFO  server.RaftServerConfigKeys (ConfUtils.java:logGet(46)) - raft.server.retrycache.statistics.expirytime = 100μs (default)
2023-06-02 20:40:38,265 [c0b96ab7-4e07-4f66-b608-d68f56bbc6df-groupManagement] INFO  server.RaftServerConfigKeys (ConfUtils.java:logGet(46)) - raft.server.read.option = DEFAULT (default)
2023-06-02 20:40:38,265 [PipelineCommandHandlerThread-0] INFO  ratis.XceiverServerRatis (XceiverServerRatis.java:addGroup(804)) - Created group PipelineID=31e557d6-4612-42be-b56f-eb6c5b0c6b43
2023-06-02 20:40:38,265 [PipelineCommandHandlerThread-0] INFO  commandhandler.CreatePipelineCommandHandler (CreatePipelineCommandHandler.java:lambda$handle$2(124)) - Created Pipeline RATIS ONE PipelineID=31e557d6-4612-42be-b56f-eb6c5b0c6b43.
2023-06-02 20:40:38,266 [PipelineCommandHandlerThread-0] INFO  server.RaftServer (RaftServerProxy.java:addNew(98)) - c0b96ab7-4e07-4f66-b608-d68f56bbc6df: addNew group-C4696E2F994E:[c911a996-2ad9-4932-9a2b-dd3b110c7bbf|rpc:10.1.0.31:15095|admin:10.1.0.31:15094|client:10.1.0.31:15093|dataStream:10.1.0.31:15096|priority:0|startupRole:FOLLOWER, c0b96ab7-4e07-4f66-b608-d68f56bbc6df|rpc:10.1.0.31:15104|admin:10.1.0.31:15103|client:10.1.0.31:15102|dataStream:10.1.0.31:15105|priority:0|startupRole:FOLLOWER, de3fb769-0102-4a69-91ff-1ba1954f3f02|rpc:10.1.0.31:15113|admin:10.1.0.31:15112|client:10.1.0.31:15111|dataStream:10.1.0.31:15114|priority:1|startupRole:FOLLOWER] returns group-C4696E2F994E:java.util.concurrent.CompletableFuture@5752b507[Not completed]
2023-06-02 20:40:38,267 [c0b96ab7-4e07-4f66-b608-d68f56bbc6df-groupManagement] INFO  server.RaftServerConfigKeys (ConfUtils.java:logGet(46)) - raft.server.rpc.request.timeout = 60s (custom)
2023-06-02 20:40:38,267 [c0b96ab7-4e07-4f66-b608-d68f56bbc6df-groupManagement] INFO  server.RaftServerConfigKeys (ConfUtils.java:logGet(46)) - raft.server.log.appender.install.snapshot.enabled = false (custom)
2023-06-02 20:40:38,267 [c0b96ab7-4e07-4f66-b608-d68f56bbc6df-groupManagement] INFO  server.RaftServerConfigKeys (ConfUtils.java:logGet(46)) - raft.server.threadpool.server.cached = true (default)
2023-06-02 20:40:38,267 [c0b96ab7-4e07-4f66-b608-d68f56bbc6df-groupManagement] INFO  server.RaftServerConfigKeys (ConfUtils.java:logGet(46)) - raft.server.threadpool.server.size = 0 (default)
2023-06-02 20:40:38,267 [c0b96ab7-4e07-4f66-b608-d68f56bbc6df-groupManagement] INFO  server.RaftServerConfigKeys (ConfUtils.java:logGet(46)) - raft.server.threadpool.client.cached = true (default)
2023-06-02 20:40:38,267 [c0b96ab7-4e07-4f66-b608-d68f56bbc6df-groupManagement] INFO  server.RaftServerConfigKeys (ConfUtils.java:logGet(46)) - raft.server.threadpool.client.size = 0 (default)
2023-06-02 20:40:38,268 [c0b96ab7-4e07-4f66-b608-d68f56bbc6df-groupManagement] INFO  server.RaftServer$Division (RaftServerImpl.java:<init>(198)) - c0b96ab7-4e07-4f66-b608-d68f56bbc6df: new RaftServerImpl for group-C4696E2F994E:[c911a996-2ad9-4932-9a2b-dd3b110c7bbf|rpc:10.1.0.31:15095|admin:10.1.0.31:15094|client:10.1.0.31:15093|dataStream:10.1.0.31:15096|priority:0|startupRole:FOLLOWER, c0b96ab7-4e07-4f66-b608-d68f56bbc6df|rpc:10.1.0.31:15104|admin:10.1.0.31:15103|client:10.1.0.31:15102|dataStream:10.1.0.31:15105|priority:0|startupRole:FOLLOWER, de3fb769-0102-4a69-91ff-1ba1954f3f02|rpc:10.1.0.31:15113|admin:10.1.0.31:15112|client:10.1.0.31:15111|dataStream:10.1.0.31:15114|priority:1|startupRole:FOLLOWER] with ContainerStateMachine:uninitialized
2023-06-02 20:40:38,268 [c0b96ab7-4e07-4f66-b608-d68f56bbc6df-groupManagement] INFO  server.RaftServerConfigKeys (ConfUtils.java:logGet(46)) - raft.server.rpc.timeout.min = 5s (custom)
2023-06-02 20:40:38,268 [c0b96ab7-4e07-4f66-b608-d68f56bbc6df-groupManagement] INFO  server.RaftServerConfigKeys (ConfUtils.java:logGet(46)) - raft.server.rpc.timeout.max = 5200ms (custom)
2023-06-02 20:40:38,268 [c0b96ab7-4e07-4f66-b608-d68f56bbc6df-groupManagement] INFO  server.RaftServerConfigKeys (ConfUtils.java:logGet(46)) - raft.server.rpc.sleep.time = 25ms (default)
2023-06-02 20:40:38,268 [c0b96ab7-4e07-4f66-b608-d68f56bbc6df-groupManagement] INFO  server.RaftServerConfigKeys (ConfUtils.java:logGet(46)) - raft.server.rpc.slowness.timeout = 300s (custom)
2023-06-02 20:40:38,268 [c0b96ab7-4e07-4f66-b608-d68f56bbc6df-groupManagement] INFO  server.RaftServerConfigKeys (ConfUtils.java:logGet(46)) - raft.server.leaderelection.leader.step-down.wait-time = 10s (default)
2023-06-02 20:40:38,268 [c0b96ab7-4e07-4f66-b608-d68f56bbc6df-groupManagement] INFO  server.RaftServerConfigKeys (ConfUtils.java:logGet(46)) - raft.server.sleep.deviation.threshold = 300ms (default)
2023-06-02 20:40:38,268 [c0b96ab7-4e07-4f66-b608-d68f56bbc6df-groupManagement] INFO  server.RaftServer$Division (ServerState.java:<init>(120)) - c0b96ab7-4e07-4f66-b608-d68f56bbc6df@group-C4696E2F994E: ConfigurationManager, init=-1: peers:[c911a996-2ad9-4932-9a2b-dd3b110c7bbf|rpc:10.1.0.31:15095|admin:10.1.0.31:15094|client:10.1.0.31:15093|dataStream:10.1.0.31:15096|priority:0|startupRole:FOLLOWER, c0b96ab7-4e07-4f66-b608-d68f56bbc6df|rpc:10.1.0.31:15104|admin:10.1.0.31:15103|client:10.1.0.31:15102|dataStream:10.1.0.31:15105|priority:0|startupRole:FOLLOWER, de3fb769-0102-4a69-91ff-1ba1954f3f02|rpc:10.1.0.31:15113|admin:10.1.0.31:15112|client:10.1.0.31:15111|dataStream:10.1.0.31:15114|priority:1|startupRole:FOLLOWER]|listeners:[], old=null, confs=<EMPTY_MAP>
2023-06-02 20:40:38,268 [c0b96ab7-4e07-4f66-b608-d68f56bbc6df-groupManagement] INFO  server.RaftServerConfigKeys (ConfUtils.java:logGet(46)) - raft.server.storage.dir = [/home/runner/work/ozone/ozone/hadoop-ozone/integration-test/target/test-dir/MiniOzoneClusterImpl-5ac0c7d5-b38a-4534-ae70-3109b4fe19c6/datanode-10/data/ratis] (custom)
2023-06-02 20:40:38,269 [c0b96ab7-4e07-4f66-b608-d68f56bbc6df-groupManagement] INFO  server.RaftServerConfigKeys (ConfUtils.java:logGet(46)) - raft.server.log.corruption.policy = EXCEPTION (default)
2023-06-02 20:40:38,269 [c0b96ab7-4e07-4f66-b608-d68f56bbc6df-groupManagement] INFO  server.RaftServerConfigKeys (ConfUtils.java:logGet(46)) - raft.server.storage.free-space.min = 0MB (=0) (default)
2023-06-02 20:40:38,269 [c0b96ab7-4e07-4f66-b608-d68f56bbc6df-groupManagement] INFO  server.RaftServerConfigKeys (ConfUtils.java:logGet(46)) - raft.server.notification.no-leader.timeout = 300s (custom)
2023-06-02 20:40:38,269 [c0b96ab7-4e07-4f66-b608-d68f56bbc6df-groupManagement] INFO  server.RaftServerConfigKeys (ConfUtils.java:logGet(46)) - raft.server.read.timeout = 10s (default)
2023-06-02 20:40:38,269 [c0b96ab7-4e07-4f66-b608-d68f56bbc6df-groupManagement] INFO  server.RaftServerConfigKeys (ConfUtils.java:logGet(46)) - raft.server.retrycache.expirytime = 600000ms (custom)
2023-06-02 20:40:38,269 [c0b96ab7-4e07-4f66-b608-d68f56bbc6df-groupManagement] INFO  server.RaftServerConfigKeys (ConfUtils.java:logGet(46)) - raft.server.retrycache.statistics.expirytime = 100μs (default)
2023-06-02 20:40:38,269 [c0b96ab7-4e07-4f66-b608-d68f56bbc6df-groupManagement] INFO  server.RaftServerConfigKeys (ConfUtils.java:logGet(46)) - raft.server.read.option = DEFAULT (default)
2023-06-02 20:40:38,270 [c0b96ab7-4e07-4f66-b608-d68f56bbc6df-groupManagement] INFO  server.RaftServerConfigKeys (ConfUtils.java:logGet(46)) - raft.server.rpc.request.timeout = 60s (custom)
2023-06-02 20:40:38,270 [c0b96ab7-4e07-4f66-b608-d68f56bbc6df-groupManagement] INFO  server.RaftServerConfigKeys (ConfUtils.java:logGet(46)) - raft.server.log.appender.install.snapshot.enabled = false (custom)
2023-06-02 20:40:38,270 [c0b96ab7-4e07-4f66-b608-d68f56bbc6df-groupManagement] INFO  server.RaftServerConfigKeys (ConfUtils.java:logGet(46)) - raft.server.threadpool.server.cached = true (default)
2023-06-02 20:40:38,270 [c0b96ab7-4e07-4f66-b608-d68f56bbc6df-groupManagement] INFO  server.RaftServerConfigKeys (ConfUtils.java:logGet(46)) - raft.server.threadpool.server.size = 0 (default)
2023-06-02 20:40:38,270 [c0b96ab7-4e07-4f66-b608-d68f56bbc6df-groupManagement] INFO  server.RaftServerConfigKeys (ConfUtils.java:logGet(46)) - raft.server.threadpool.client.cached = true (default)
2023-06-02 20:40:38,270 [c0b96ab7-4e07-4f66-b608-d68f56bbc6df-groupManagement] INFO  server.RaftServerConfigKeys (ConfUtils.java:logGet(46)) - raft.server.threadpool.client.size = 0 (default)
2023-06-02 20:40:38,271 [c0b96ab7-4e07-4f66-b608-d68f56bbc6df-groupManagement] INFO  storage.RaftStorageDirectory (RaftStorageDirectoryImpl.java:analyzeStorage(137)) - The storage directory /home/runner/work/ozone/ozone/hadoop-ozone/integration-test/target/test-dir/MiniOzoneClusterImpl-5ac0c7d5-b38a-4534-ae70-3109b4fe19c6/datanode-10/data/ratis/471ff8af-04fc-438f-a52e-3c2b6dd44a69 does not exist. Creating ...
2023-06-02 20:40:38,272 [c0b96ab7-4e07-4f66-b608-d68f56bbc6df-groupManagement] INFO  storage.RaftStorageDirectory (RaftStorageDirectoryImpl.java:tryLock(231)) - Lock on /home/runner/work/ozone/ozone/hadoop-ozone/integration-test/target/test-dir/MiniOzoneClusterImpl-5ac0c7d5-b38a-4534-ae70-3109b4fe19c6/datanode-10/data/ratis/471ff8af-04fc-438f-a52e-3c2b6dd44a69/in_use.lock acquired by nodename 65175@fv-az1239-288
2023-06-02 20:40:38,274 [c0b96ab7-4e07-4f66-b608-d68f56bbc6df-groupManagement] INFO  storage.RaftStorage (RaftStorageImpl.java:format(96)) - Storage directory /home/runner/work/ozone/ozone/hadoop-ozone/integration-test/target/test-dir/MiniOzoneClusterImpl-5ac0c7d5-b38a-4534-ae70-3109b4fe19c6/datanode-10/data/ratis/471ff8af-04fc-438f-a52e-3c2b6dd44a69 has been successfully formatted.
2023-06-02 20:40:38,274 [c0b96ab7-4e07-4f66-b608-d68f56bbc6df-groupManagement] INFO  ratis.ContainerStateMachine (ContainerStateMachine.java:loadSnapshot(262)) - group-3C2B6DD44A69: The snapshot info is null. Setting the last applied indexto:(t:0, i:~)
2023-06-02 20:40:38,274 [c0b96ab7-4e07-4f66-b608-d68f56bbc6df-groupManagement] INFO  server.RaftServerConfigKeys (ConfUtils.java:logGet(46)) - raft.server.log.use.memory = false (default)
2023-06-02 20:40:38,275 [c0b96ab7-4e07-4f66-b608-d68f56bbc6df-groupManagement] INFO  server.RaftServerConfigKeys (ConfUtils.java:logGet(46)) - raft.server.log.purge.gap = 1000000 (custom)
2023-06-02 20:40:38,275 [c0b96ab7-4e07-4f66-b608-d68f56bbc6df-groupManagement] INFO  server.RaftServerConfigKeys (ConfUtils.java:logGet(46)) - raft.server.log.appender.buffer.byte-limit = 33554432 (custom)
2023-06-02 20:40:38,275 [c0b96ab7-4e07-4f66-b608-d68f56bbc6df-groupManagement] INFO  server.RaftServerConfigKeys (ConfUtils.java:logGet(46)) - raft.server.log.statemachine.data.read.timeout = 1000ms (default)
2023-06-02 20:40:38,275 [c0b96ab7-4e07-4f66-b608-d68f56bbc6df-groupManagement] INFO  server.RaftServerConfigKeys (ConfUtils.java:logGet(46)) - raft.server.log.purge.preservation.log.num = 0 (default)
2023-06-02 20:40:38,275 [c0b96ab7-4e07-4f66-b608-d68f56bbc6df-groupManagement] INFO  server.RaftServerConfigKeys (ConfUtils.java:logGet(46)) - raft.server.log.segment.size.max = 1048576 (custom)
2023-06-02 20:40:38,275 [c0b96ab7-4e07-4f66-b608-d68f56bbc6df-groupManagement] INFO  server.RaftServerConfigKeys (ConfUtils.java:logGet(46)) - raft.server.log.segment.cache.num.max = 2 (custom)
2023-06-02 20:40:38,275 [c0b96ab7-4e07-4f66-b608-d68f56bbc6df-groupManagement] INFO  server.RaftServerConfigKeys (ConfUtils.java:logGet(46)) - raft.server.log.segment.cache.size.max = 200MB (=209715200) (default)
2023-06-02 20:40:38,275 [c0b96ab7-4e07-4f66-b608-d68f56bbc6df-groupManagement] INFO  server.RaftServerConfigKeys (ConfUtils.java:logGet(46)) - raft.server.log.appender.buffer.byte-limit = 33554432 (custom)
2023-06-02 20:40:38,276 [c0b96ab7-4e07-4f66-b608-d68f56bbc6df-groupManagement] INFO  segmented.SegmentedRaftLogWorker (SegmentedRaftLogWorker.java:<init>(188)) - new c0b96ab7-4e07-4f66-b608-d68f56bbc6df@group-3C2B6DD44A69-SegmentedRaftLogWorker for RaftStorageImpl:Storage Directory /home/runner/work/ozone/ozone/hadoop-ozone/integration-test/target/test-dir/MiniOzoneClusterImpl-5ac0c7d5-b38a-4534-ae70-3109b4fe19c6/datanode-10/data/ratis/471ff8af-04fc-438f-a52e-3c2b6dd44a69
2023-06-02 20:40:38,276 [c0b96ab7-4e07-4f66-b608-d68f56bbc6df-groupManagement] INFO  server.RaftServerConfigKeys (ConfUtils.java:logGet(46)) - raft.server.log.queue.byte-limit = 4294967296 (custom)
2023-06-02 20:40:38,276 [c0b96ab7-4e07-4f66-b608-d68f56bbc6df-groupManagement] INFO  server.RaftServerConfigKeys (ConfUtils.java:logGet(46)) - raft.server.log.queue.element-limit = 1024 (custom)
2023-06-02 20:40:38,277 [c0b96ab7-4e07-4f66-b608-d68f56bbc6df-groupManagement] INFO  server.RaftServerConfigKeys (ConfUtils.java:logGet(46)) - raft.server.log.segment.size.max = 1048576 (custom)
2023-06-02 20:40:38,277 [EventQueue-OpenPipelineForHealthyPipelineSafeModeRule] INFO  safemode.SCMSafeModeManager (HealthyPipelineSafeModeRule.java:process(137)) - SCM in safe mode. Healthy pipelines reported count is 0, required healthy pipeline reported count is 1
2023-06-02 20:40:38,277 [c0b96ab7-4e07-4f66-b608-d68f56bbc6df-groupManagement] INFO  server.RaftServerConfigKeys (ConfUtils.java:logGet(46)) - raft.server.log.preallocated.size = 16384 (custom)
2023-06-02 20:40:38,277 [c0b96ab7-4e07-4f66-b608-d68f56bbc6df-groupManagement] INFO  server.RaftServerConfigKeys (ConfUtils.java:logGet(46)) - raft.server.log.force.sync.num = 128 (default)
2023-06-02 20:40:38,277 [c0b96ab7-4e07-4f66-b608-d68f56bbc6df-groupManagement] INFO  server.RaftServerConfigKeys (ConfUtils.java:logGet(46)) - raft.server.log.statemachine.data.sync = true (default)
2023-06-02 20:40:38,277 [c0b96ab7-4e07-4f66-b608-d68f56bbc6df-groupManagement] INFO  server.RaftServerConfigKeys (ConfUtils.java:logGet(46)) - raft.server.log.statemachine.data.sync.timeout = 10s (default)
2023-06-02 20:40:38,277 [c0b96ab7-4e07-4f66-b608-d68f56bbc6df-groupManagement] INFO  server.RaftServerConfigKeys (ConfUtils.java:logGet(46)) - raft.server.log.statemachine.data.sync.timeout.retry = -1 (default)
2023-06-02 20:40:38,278 [c0b96ab7-4e07-4f66-b608-d68f56bbc6df-groupManagement] INFO  server.RaftServerConfigKeys (ConfUtils.java:logGet(46)) - raft.server.log.write.buffer.size = 1048576 (custom)
2023-06-02 20:40:38,278 [c0b96ab7-4e07-4f66-b608-d68f56bbc6df-groupManagement] INFO  server.RaftServerConfigKeys (ConfUtils.java:logGet(46)) - raft.server.log.appender.buffer.byte-limit = 33554432 (custom)
2023-06-02 20:40:38,284 [c0b96ab7-4e07-4f66-b608-d68f56bbc6df-groupManagement] INFO  server.RaftServerConfigKeys (ConfUtils.java:logGet(46)) - raft.server.log.unsafe-flush.enabled = false (default)
2023-06-02 20:40:38,284 [c0b96ab7-4e07-4f66-b608-d68f56bbc6df-groupManagement] INFO  server.RaftServerConfigKeys (ConfUtils.java:logGet(46)) - raft.server.log.async-flush.enabled = false (default)
2023-06-02 20:40:38,284 [c0b96ab7-4e07-4f66-b608-d68f56bbc6df-groupManagement] INFO  server.RaftServerConfigKeys (ConfUtils.java:logGet(46)) - raft.server.log.statemachine.data.caching.enabled = true (custom)
2023-06-02 20:40:38,284 [c0b96ab7-4e07-4f66-b608-d68f56bbc6df-groupManagement] INFO  segmented.SegmentedRaftLogWorker (SegmentedRaftLogWorker.java:lambda$new$0(135)) - c0b96ab7-4e07-4f66-b608-d68f56bbc6df@group-3C2B6DD44A69-SegmentedRaftLogWorker: flushIndex: setUnconditionally 0 -> -1
2023-06-02 20:40:38,284 [c0b96ab7-4e07-4f66-b608-d68f56bbc6df-groupManagement] INFO  segmented.SegmentedRaftLogWorker (SegmentedRaftLogWorker.java:lambda$new$0(135)) - c0b96ab7-4e07-4f66-b608-d68f56bbc6df@group-3C2B6DD44A69-SegmentedRaftLogWorker: safeCacheEvictIndex: setUnconditionally 0 -> -1
2023-06-02 20:40:38,284 [c0b96ab7-4e07-4f66-b608-d68f56bbc6df-groupManagement] INFO  server.RaftServer$Division (RaftServerImpl.java:start(342)) - c0b96ab7-4e07-4f66-b608-d68f56bbc6df@group-3C2B6DD44A69: start as a follower, conf=-1: peers:[c911a996-2ad9-4932-9a2b-dd3b110c7bbf|rpc:10.1.0.31:15095|admin:10.1.0.31:15094|client:10.1.0.31:15093|dataStream:10.1.0.31:15096|priority:0|startupRole:FOLLOWER, c0b96ab7-4e07-4f66-b608-d68f56bbc6df|rpc:10.1.0.31:15104|admin:10.1.0.31:15103|client:10.1.0.31:15102|dataStream:10.1.0.31:15105|priority:1|startupRole:FOLLOWER, de3fb769-0102-4a69-91ff-1ba1954f3f02|rpc:10.1.0.31:15113|admin:10.1.0.31:15112|client:10.1.0.31:15111|dataStream:10.1.0.31:15114|priority:0|startupRole:FOLLOWER]|listeners:[], old=null
2023-06-02 20:40:38,284 [c0b96ab7-4e07-4f66-b608-d68f56bbc6df-groupManagement] INFO  server.RaftServer$Division (RaftServerImpl.java:setRole(329)) - c0b96ab7-4e07-4f66-b608-d68f56bbc6df@group-3C2B6DD44A69: changes role from      null to FOLLOWER at term 0 for startAsFollower
2023-06-02 20:40:38,284 [c0b96ab7-4e07-4f66-b608-d68f56bbc6df-groupManagement] INFO  impl.RoleInfo (RoleInfo.java:updateAndGet(139)) - c0b96ab7-4e07-4f66-b608-d68f56bbc6df: start c0b96ab7-4e07-4f66-b608-d68f56bbc6df@group-3C2B6DD44A69-FollowerState
2023-06-02 20:40:38,285 [c0b96ab7-4e07-4f66-b608-d68f56bbc6df-groupManagement] INFO  util.JmxRegister (JmxRegister.java:tryRegister(44)) - Successfully registered JMX Bean with object name Ratis:service=RaftServer,group=group-3C2B6DD44A69,id=c0b96ab7-4e07-4f66-b608-d68f56bbc6df
2023-06-02 20:40:38,285 [c0b96ab7-4e07-4f66-b608-d68f56bbc6df-groupManagement] INFO  server.RaftServerConfigKeys (ConfUtils.java:logGet(46)) - raft.server.snapshot.auto.trigger.enabled = true (custom)
2023-06-02 20:40:38,285 [c0b96ab7-4e07-4f66-b608-d68f56bbc6df-groupManagement] INFO  server.RaftServerConfigKeys (ConfUtils.java:logGet(46)) - raft.server.snapshot.auto.trigger.threshold = 10000 (custom)
2023-06-02 20:40:38,285 [c0b96ab7-4e07-4f66-b608-d68f56bbc6df-groupManagement] INFO  server.RaftServerConfigKeys (ConfUtils.java:logGet(46)) - raft.server.snapshot.retention.file.num = 5 (custom)
2023-06-02 20:40:38,285 [c0b96ab7-4e07-4f66-b608-d68f56bbc6df-groupManagement] INFO  server.RaftServerConfigKeys (ConfUtils.java:logGet(46)) - raft.server.log.purge.upto.snapshot.index = false (default)
2023-06-02 20:40:38,286 [c0b96ab7-4e07-4f66-b608-d68f56bbc6df@group-3C2B6DD44A69-FollowerState] INFO  server.RaftServerConfigKeys (ConfUtils.java:logFallback(53)) - raft.server.rpc.first-election.timeout.min = 5s (fallback to raft.server.rpc.timeout.min)
2023-06-02 20:40:38,286 [c0b96ab7-4e07-4f66-b608-d68f56bbc6df@group-3C2B6DD44A69-FollowerState] INFO  server.RaftServerConfigKeys (ConfUtils.java:logFallback(53)) - raft.server.rpc.first-election.timeout.max = 5200ms (fallback to raft.server.rpc.timeout.max)
2023-06-02 20:40:38,286 [c0b96ab7-4e07-4f66-b608-d68f56bbc6df-groupManagement] INFO  storage.RaftStorageDirectory (RaftStorageDirectoryImpl.java:analyzeStorage(137)) - The storage directory /home/runner/work/ozone/ozone/hadoop-ozone/integration-test/target/test-dir/MiniOzoneClusterImpl-5ac0c7d5-b38a-4534-ae70-3109b4fe19c6/datanode-10/data/ratis/5b1b090f-7b14-433a-bef8-c4696e2f994e does not exist. Creating ...
2023-06-02 20:40:38,290 [c0b96ab7-4e07-4f66-b608-d68f56bbc6df-groupManagement] INFO  storage.RaftStorageDirectory (RaftStorageDirectoryImpl.java:tryLock(231)) - Lock on /home/runner/work/ozone/ozone/hadoop-ozone/integration-test/target/test-dir/MiniOzoneClusterImpl-5ac0c7d5-b38a-4534-ae70-3109b4fe19c6/datanode-10/data/ratis/5b1b090f-7b14-433a-bef8-c4696e2f994e/in_use.lock acquired by nodename 65175@fv-az1239-288
2023-06-02 20:40:38,291 [c0b96ab7-4e07-4f66-b608-d68f56bbc6df-groupManagement] INFO  storage.RaftStorage (RaftStorageImpl.java:format(96)) - Storage directory /home/runner/work/ozone/ozone/hadoop-ozone/integration-test/target/test-dir/MiniOzoneClusterImpl-5ac0c7d5-b38a-4534-ae70-3109b4fe19c6/datanode-10/data/ratis/5b1b090f-7b14-433a-bef8-c4696e2f994e has been successfully formatted.
2023-06-02 20:40:38,292 [c0b96ab7-4e07-4f66-b608-d68f56bbc6df-groupManagement] INFO  ratis.ContainerStateMachine (ContainerStateMachine.java:loadSnapshot(262)) - group-C4696E2F994E: The snapshot info is null. Setting the last applied indexto:(t:0, i:~)
2023-06-02 20:40:38,292 [c0b96ab7-4e07-4f66-b608-d68f56bbc6df-groupManagement] INFO  server.RaftServerConfigKeys (ConfUtils.java:logGet(46)) - raft.server.log.use.memory = false (default)
2023-06-02 20:40:38,292 [c0b96ab7-4e07-4f66-b608-d68f56bbc6df-groupManagement] INFO  server.RaftServerConfigKeys (ConfUtils.java:logGet(46)) - raft.server.log.purge.gap = 1000000 (custom)
2023-06-02 20:40:38,292 [c0b96ab7-4e07-4f66-b608-d68f56bbc6df-groupManagement] INFO  server.RaftServerConfigKeys (ConfUtils.java:logGet(46)) - raft.server.log.appender.buffer.byte-limit = 33554432 (custom)
2023-06-02 20:40:38,292 [c0b96ab7-4e07-4f66-b608-d68f56bbc6df-groupManagement] INFO  server.RaftServerConfigKeys (ConfUtils.java:logGet(46)) - raft.server.log.statemachine.data.read.timeout = 1000ms (default)
2023-06-02 20:40:38,292 [c0b96ab7-4e07-4f66-b608-d68f56bbc6df-groupManagement] INFO  server.RaftServerConfigKeys (ConfUtils.java:logGet(46)) - raft.server.log.purge.preservation.log.num = 0 (default)
2023-06-02 20:40:38,292 [c0b96ab7-4e07-4f66-b608-d68f56bbc6df-groupManagement] INFO  server.RaftServerConfigKeys (ConfUtils.java:logGet(46)) - raft.server.log.segment.size.max = 1048576 (custom)
2023-06-02 20:40:38,293 [c0b96ab7-4e07-4f66-b608-d68f56bbc6df-groupManagement] INFO  server.RaftServerConfigKeys (ConfUtils.java:logGet(46)) - raft.server.log.segment.cache.num.max = 2 (custom)
2023-06-02 20:40:38,293 [c0b96ab7-4e07-4f66-b608-d68f56bbc6df-groupManagement] INFO  server.RaftServerConfigKeys (ConfUtils.java:logGet(46)) - raft.server.log.segment.cache.size.max = 200MB (=209715200) (default)
2023-06-02 20:40:38,293 [c0b96ab7-4e07-4f66-b608-d68f56bbc6df-groupManagement] INFO  server.RaftServerConfigKeys (ConfUtils.java:logGet(46)) - raft.server.log.appender.buffer.byte-limit = 33554432 (custom)
2023-06-02 20:40:38,293 [c0b96ab7-4e07-4f66-b608-d68f56bbc6df-groupManagement] INFO  segmented.SegmentedRaftLogWorker (SegmentedRaftLogWorker.java:<init>(188)) - new c0b96ab7-4e07-4f66-b608-d68f56bbc6df@group-C4696E2F994E-SegmentedRaftLogWorker for RaftStorageImpl:Storage Directory /home/runner/work/ozone/ozone/hadoop-ozone/integration-test/target/test-dir/MiniOzoneClusterImpl-5ac0c7d5-b38a-4534-ae70-3109b4fe19c6/datanode-10/data/ratis/5b1b090f-7b14-433a-bef8-c4696e2f994e
2023-06-02 20:40:38,293 [c0b96ab7-4e07-4f66-b608-d68f56bbc6df-groupManagement] INFO  server.RaftServerConfigKeys (ConfUtils.java:logGet(46)) - raft.server.log.queue.byte-limit = 4294967296 (custom)
2023-06-02 20:40:38,293 [c0b96ab7-4e07-4f66-b608-d68f56bbc6df-groupManagement] INFO  server.RaftServerConfigKeys (ConfUtils.java:logGet(46)) - raft.server.log.queue.element-limit = 1024 (custom)
2023-06-02 20:40:38,293 [c0b96ab7-4e07-4f66-b608-d68f56bbc6df-groupManagement] INFO  server.RaftServerConfigKeys (ConfUtils.java:logGet(46)) - raft.server.log.segment.size.max = 1048576 (custom)
2023-06-02 20:40:38,293 [c0b96ab7-4e07-4f66-b608-d68f56bbc6df-groupManagement] INFO  server.RaftServerConfigKeys (ConfUtils.java:logGet(46)) - raft.server.log.preallocated.size = 16384 (custom)
2023-06-02 20:40:38,293 [c0b96ab7-4e07-4f66-b608-d68f56bbc6df-groupManagement] INFO  server.RaftServerConfigKeys (ConfUtils.java:logGet(46)) - raft.server.log.force.sync.num = 128 (default)
2023-06-02 20:40:38,293 [c0b96ab7-4e07-4f66-b608-d68f56bbc6df-groupManagement] INFO  server.RaftServerConfigKeys (ConfUtils.java:logGet(46)) - raft.server.log.statemachine.data.sync = true (default)
2023-06-02 20:40:38,293 [c0b96ab7-4e07-4f66-b608-d68f56bbc6df-groupManagement] INFO  server.RaftServerConfigKeys (ConfUtils.java:logGet(46)) - raft.server.log.statemachine.data.sync.timeout = 10s (default)
2023-06-02 20:40:38,293 [c0b96ab7-4e07-4f66-b608-d68f56bbc6df-groupManagement] INFO  server.RaftServerConfigKeys (ConfUtils.java:logGet(46)) - raft.server.log.statemachine.data.sync.timeout.retry = -1 (default)
2023-06-02 20:40:38,293 [EventQueue-OpenPipelineForHealthyPipelineSafeModeRule] INFO  safemode.SCMSafeModeManager (HealthyPipelineSafeModeRule.java:process(137)) - SCM in safe mode. Healthy pipelines reported count is 0, required healthy pipeline reported count is 1
2023-06-02 20:40:38,294 [c0b96ab7-4e07-4f66-b608-d68f56bbc6df-groupManagement] INFO  server.RaftServerConfigKeys (ConfUtils.java:logGet(46)) - raft.server.log.write.buffer.size = 1048576 (custom)
2023-06-02 20:40:38,294 [c0b96ab7-4e07-4f66-b608-d68f56bbc6df-groupManagement] INFO  server.RaftServerConfigKeys (ConfUtils.java:logGet(46)) - raft.server.log.appender.buffer.byte-limit = 33554432 (custom)
2023-06-02 20:40:38,301 [c0b96ab7-4e07-4f66-b608-d68f56bbc6df-groupManagement] INFO  server.RaftServerConfigKeys (ConfUtils.java:logGet(46)) - raft.server.log.unsafe-flush.enabled = false (default)
2023-06-02 20:40:38,301 [c0b96ab7-4e07-4f66-b608-d68f56bbc6df-groupManagement] INFO  server.RaftServerConfigKeys (ConfUtils.java:logGet(46)) - raft.server.log.async-flush.enabled = false (default)
2023-06-02 20:40:38,301 [c0b96ab7-4e07-4f66-b608-d68f56bbc6df-groupManagement] INFO  server.RaftServerConfigKeys (ConfUtils.java:logGet(46)) - raft.server.log.statemachine.data.caching.enabled = true (custom)
2023-06-02 20:40:38,301 [c0b96ab7-4e07-4f66-b608-d68f56bbc6df-groupManagement] INFO  segmented.SegmentedRaftLogWorker (SegmentedRaftLogWorker.java:lambda$new$0(135)) - c0b96ab7-4e07-4f66-b608-d68f56bbc6df@group-C4696E2F994E-SegmentedRaftLogWorker: flushIndex: setUnconditionally 0 -> -1
2023-06-02 20:40:38,301 [c0b96ab7-4e07-4f66-b608-d68f56bbc6df-groupManagement] INFO  segmented.SegmentedRaftLogWorker (SegmentedRaftLogWorker.java:lambda$new$0(135)) - c0b96ab7-4e07-4f66-b608-d68f56bbc6df@group-C4696E2F994E-SegmentedRaftLogWorker: safeCacheEvictIndex: setUnconditionally 0 -> -1
2023-06-02 20:40:38,303 [c0b96ab7-4e07-4f66-b608-d68f56bbc6df-groupManagement] INFO  server.RaftServer$Division (RaftServerImpl.java:start(342)) - c0b96ab7-4e07-4f66-b608-d68f56bbc6df@group-C4696E2F994E: start as a follower, conf=-1: peers:[c911a996-2ad9-4932-9a2b-dd3b110c7bbf|rpc:10.1.0.31:15095|admin:10.1.0.31:15094|client:10.1.0.31:15093|dataStream:10.1.0.31:15096|priority:0|startupRole:FOLLOWER, c0b96ab7-4e07-4f66-b608-d68f56bbc6df|rpc:10.1.0.31:15104|admin:10.1.0.31:15103|client:10.1.0.31:15102|dataStream:10.1.0.31:15105|priority:0|startupRole:FOLLOWER, de3fb769-0102-4a69-91ff-1ba1954f3f02|rpc:10.1.0.31:15113|admin:10.1.0.31:15112|client:10.1.0.31:15111|dataStream:10.1.0.31:15114|priority:1|startupRole:FOLLOWER]|listeners:[], old=null
2023-06-02 20:40:38,303 [c0b96ab7-4e07-4f66-b608-d68f56bbc6df-groupManagement] INFO  server.RaftServer$Division (RaftServerImpl.java:setRole(329)) - c0b96ab7-4e07-4f66-b608-d68f56bbc6df@group-C4696E2F994E: changes role from      null to FOLLOWER at term 0 for startAsFollower
2023-06-02 20:40:38,303 [c0b96ab7-4e07-4f66-b608-d68f56bbc6df-groupManagement] INFO  impl.RoleInfo (RoleInfo.java:updateAndGet(139)) - c0b96ab7-4e07-4f66-b608-d68f56bbc6df: start c0b96ab7-4e07-4f66-b608-d68f56bbc6df@group-C4696E2F994E-FollowerState
2023-06-02 20:40:38,304 [c0b96ab7-4e07-4f66-b608-d68f56bbc6df-groupManagement] INFO  util.JmxRegister (JmxRegister.java:tryRegister(44)) - Successfully registered JMX Bean with object name Ratis:service=RaftServer,group=group-C4696E2F994E,id=c0b96ab7-4e07-4f66-b608-d68f56bbc6df
2023-06-02 20:40:38,304 [c0b96ab7-4e07-4f66-b608-d68f56bbc6df-groupManagement] INFO  server.RaftServerConfigKeys (ConfUtils.java:logGet(46)) - raft.server.snapshot.auto.trigger.enabled = true (custom)
2023-06-02 20:40:38,304 [c0b96ab7-4e07-4f66-b608-d68f56bbc6df-groupManagement] INFO  server.RaftServerConfigKeys (ConfUtils.java:logGet(46)) - raft.server.snapshot.auto.trigger.threshold = 10000 (custom)
2023-06-02 20:40:38,304 [c0b96ab7-4e07-4f66-b608-d68f56bbc6df-groupManagement] INFO  server.RaftServerConfigKeys (ConfUtils.java:logGet(46)) - raft.server.snapshot.retention.file.num = 5 (custom)
2023-06-02 20:40:38,304 [c0b96ab7-4e07-4f66-b608-d68f56bbc6df-groupManagement] INFO  server.RaftServerConfigKeys (ConfUtils.java:logGet(46)) - raft.server.log.purge.upto.snapshot.index = false (default)
2023-06-02 20:40:38,307 [PipelineCommandHandlerThread-0] INFO  ratis.XceiverServerRatis (XceiverServerRatis.java:addGroup(804)) - Created group PipelineID=5b1b090f-7b14-433a-bef8-c4696e2f994e
2023-06-02 20:40:38,310 [c0b96ab7-4e07-4f66-b608-d68f56bbc6df@group-C4696E2F994E-FollowerState] INFO  server.RaftServerConfigKeys (ConfUtils.java:logFallback(53)) - raft.server.rpc.first-election.timeout.min = 5s (fallback to raft.server.rpc.timeout.min)
2023-06-02 20:40:38,312 [c0b96ab7-4e07-4f66-b608-d68f56bbc6df@group-C4696E2F994E-FollowerState] INFO  server.RaftServerConfigKeys (ConfUtils.java:logFallback(53)) - raft.server.rpc.first-election.timeout.max = 5200ms (fallback to raft.server.rpc.timeout.max)
2023-06-02 20:40:38,332 [grpc-default-executor-0] INFO  server.RaftServer (RaftServerProxy.java:addNew(98)) - de3fb769-0102-4a69-91ff-1ba1954f3f02: addNew group-C4696E2F994E:[c911a996-2ad9-4932-9a2b-dd3b110c7bbf|rpc:10.1.0.31:15095|admin:10.1.0.31:15094|client:10.1.0.31:15093|dataStream:10.1.0.31:15096|priority:0|startupRole:FOLLOWER, c0b96ab7-4e07-4f66-b608-d68f56bbc6df|rpc:10.1.0.31:15104|admin:10.1.0.31:15103|client:10.1.0.31:15102|dataStream:10.1.0.31:15105|priority:0|startupRole:FOLLOWER, de3fb769-0102-4a69-91ff-1ba1954f3f02|rpc:10.1.0.31:15113|admin:10.1.0.31:15112|client:10.1.0.31:15111|dataStream:10.1.0.31:15114|priority:1|startupRole:FOLLOWER] returns group-C4696E2F994E:java.util.concurrent.CompletableFuture@24ba83bc[Not completed]
2023-06-02 20:40:38,333 [de3fb769-0102-4a69-91ff-1ba1954f3f02-groupManagement] INFO  server.RaftServer$Division (RaftServerImpl.java:<init>(198)) - de3fb769-0102-4a69-91ff-1ba1954f3f02: new RaftServerImpl for group-C4696E2F994E:[c911a996-2ad9-4932-9a2b-dd3b110c7bbf|rpc:10.1.0.31:15095|admin:10.1.0.31:15094|client:10.1.0.31:15093|dataStream:10.1.0.31:15096|priority:0|startupRole:FOLLOWER, c0b96ab7-4e07-4f66-b608-d68f56bbc6df|rpc:10.1.0.31:15104|admin:10.1.0.31:15103|client:10.1.0.31:15102|dataStream:10.1.0.31:15105|priority:0|startupRole:FOLLOWER, de3fb769-0102-4a69-91ff-1ba1954f3f02|rpc:10.1.0.31:15113|admin:10.1.0.31:15112|client:10.1.0.31:15111|dataStream:10.1.0.31:15114|priority:1|startupRole:FOLLOWER] with ContainerStateMachine:uninitialized
2023-06-02 20:40:38,334 [de3fb769-0102-4a69-91ff-1ba1954f3f02-groupManagement] INFO  server.RaftServerConfigKeys (ConfUtils.java:logGet(46)) - raft.server.rpc.timeout.min = 5s (custom)
2023-06-02 20:40:38,334 [de3fb769-0102-4a69-91ff-1ba1954f3f02-groupManagement] INFO  server.RaftServerConfigKeys (ConfUtils.java:logGet(46)) - raft.server.rpc.timeout.max = 5200ms (custom)
2023-06-02 20:40:38,334 [de3fb769-0102-4a69-91ff-1ba1954f3f02-groupManagement] INFO  server.RaftServerConfigKeys (ConfUtils.java:logGet(46)) - raft.server.rpc.sleep.time = 25ms (default)
2023-06-02 20:40:38,334 [de3fb769-0102-4a69-91ff-1ba1954f3f02-groupManagement] INFO  server.RaftServerConfigKeys (ConfUtils.java:logGet(46)) - raft.server.rpc.slowness.timeout = 300s (custom)
2023-06-02 20:40:38,334 [de3fb769-0102-4a69-91ff-1ba1954f3f02-groupManagement] INFO  server.RaftServerConfigKeys (ConfUtils.java:logGet(46)) - raft.server.leaderelection.leader.step-down.wait-time = 10s (default)
2023-06-02 20:40:38,334 [de3fb769-0102-4a69-91ff-1ba1954f3f02-groupManagement] INFO  server.RaftServerConfigKeys (ConfUtils.java:logGet(46)) - raft.server.sleep.deviation.threshold = 300ms (default)
2023-06-02 20:40:38,334 [de3fb769-0102-4a69-91ff-1ba1954f3f02-groupManagement] INFO  server.RaftServer$Division (ServerState.java:<init>(120)) - de3fb769-0102-4a69-91ff-1ba1954f3f02@group-C4696E2F994E: ConfigurationManager, init=-1: peers:[c911a996-2ad9-4932-9a2b-dd3b110c7bbf|rpc:10.1.0.31:15095|admin:10.1.0.31:15094|client:10.1.0.31:15093|dataStream:10.1.0.31:15096|priority:0|startupRole:FOLLOWER, c0b96ab7-4e07-4f66-b608-d68f56bbc6df|rpc:10.1.0.31:15104|admin:10.1.0.31:15103|client:10.1.0.31:15102|dataStream:10.1.0.31:15105|priority:0|startupRole:FOLLOWER, de3fb769-0102-4a69-91ff-1ba1954f3f02|rpc:10.1.0.31:15113|admin:10.1.0.31:15112|client:10.1.0.31:15111|dataStream:10.1.0.31:15114|priority:1|startupRole:FOLLOWER]|listeners:[], old=null, confs=<EMPTY_MAP>
2023-06-02 20:40:38,334 [de3fb769-0102-4a69-91ff-1ba1954f3f02-groupManagement] INFO  server.RaftServerConfigKeys (ConfUtils.java:logGet(46)) - raft.server.storage.dir = [/home/runner/work/ozone/ozone/hadoop-ozone/integration-test/target/test-dir/MiniOzoneClusterImpl-5ac0c7d5-b38a-4534-ae70-3109b4fe19c6/datanode-11/data/ratis] (custom)
2023-06-02 20:40:38,334 [de3fb769-0102-4a69-91ff-1ba1954f3f02-groupManagement] INFO  server.RaftServerConfigKeys (ConfUtils.java:logGet(46)) - raft.server.log.corruption.policy = EXCEPTION (default)
2023-06-02 20:40:38,334 [de3fb769-0102-4a69-91ff-1ba1954f3f02-groupManagement] INFO  server.RaftServerConfigKeys (ConfUtils.java:logGet(46)) - raft.server.storage.free-space.min = 0MB (=0) (default)
2023-06-02 20:40:38,334 [de3fb769-0102-4a69-91ff-1ba1954f3f02-groupManagement] INFO  server.RaftServerConfigKeys (ConfUtils.java:logGet(46)) - raft.server.notification.no-leader.timeout = 300s (custom)
2023-06-02 20:40:38,334 [de3fb769-0102-4a69-91ff-1ba1954f3f02-groupManagement] INFO  server.RaftServerConfigKeys (ConfUtils.java:logGet(46)) - raft.server.read.timeout = 10s (default)
2023-06-02 20:40:38,335 [de3fb769-0102-4a69-91ff-1ba1954f3f02-groupManagement] INFO  server.RaftServerConfigKeys (ConfUtils.java:logGet(46)) - raft.server.retrycache.expirytime = 600000ms (custom)
2023-06-02 20:40:38,335 [de3fb769-0102-4a69-91ff-1ba1954f3f02-groupManagement] INFO  server.RaftServerConfigKeys (ConfUtils.java:logGet(46)) - raft.server.retrycache.statistics.expirytime = 100μs (default)
2023-06-02 20:40:38,335 [de3fb769-0102-4a69-91ff-1ba1954f3f02-groupManagement] INFO  server.RaftServerConfigKeys (ConfUtils.java:logGet(46)) - raft.server.read.option = DEFAULT (default)
2023-06-02 20:40:38,338 [grpc-default-executor-1] INFO  server.RaftServer (RaftServerProxy.java:addNew(98)) - de3fb769-0102-4a69-91ff-1ba1954f3f02: addNew group-3C2B6DD44A69:[c911a996-2ad9-4932-9a2b-dd3b110c7bbf|rpc:10.1.0.31:15095|admin:10.1.0.31:15094|client:10.1.0.31:15093|dataStream:10.1.0.31:15096|priority:0|startupRole:FOLLOWER, c0b96ab7-4e07-4f66-b608-d68f56bbc6df|rpc:10.1.0.31:15104|admin:10.1.0.31:15103|client:10.1.0.31:15102|dataStream:10.1.0.31:15105|priority:1|startupRole:FOLLOWER, de3fb769-0102-4a69-91ff-1ba1954f3f02|rpc:10.1.0.31:15113|admin:10.1.0.31:15112|client:10.1.0.31:15111|dataStream:10.1.0.31:15114|priority:0|startupRole:FOLLOWER] returns group-3C2B6DD44A69:java.util.concurrent.CompletableFuture@5f3c52c0[Not completed]
2023-06-02 20:40:38,339 [de3fb769-0102-4a69-91ff-1ba1954f3f02-groupManagement] INFO  server.RaftServerConfigKeys (ConfUtils.java:logGet(46)) - raft.server.rpc.request.timeout = 60s (custom)
2023-06-02 20:40:38,339 [de3fb769-0102-4a69-91ff-1ba1954f3f02-groupManagement] INFO  server.RaftServerConfigKeys (ConfUtils.java:logGet(46)) - raft.server.log.appender.install.snapshot.enabled = false (custom)
2023-06-02 20:40:38,339 [de3fb769-0102-4a69-91ff-1ba1954f3f02-groupManagement] INFO  server.RaftServerConfigKeys (ConfUtils.java:logGet(46)) - raft.server.threadpool.server.cached = true (default)
2023-06-02 20:40:38,340 [de3fb769-0102-4a69-91ff-1ba1954f3f02-groupManagement] INFO  server.RaftServerConfigKeys (ConfUtils.java:logGet(46)) - raft.server.threadpool.server.size = 0 (default)
2023-06-02 20:40:38,340 [de3fb769-0102-4a69-91ff-1ba1954f3f02-groupManagement] INFO  server.RaftServerConfigKeys (ConfUtils.java:logGet(46)) - raft.server.threadpool.client.cached = true (default)
2023-06-02 20:40:38,340 [de3fb769-0102-4a69-91ff-1ba1954f3f02-groupManagement] INFO  server.RaftServerConfigKeys (ConfUtils.java:logGet(46)) - raft.server.threadpool.client.size = 0 (default)
2023-06-02 20:40:38,341 [de3fb769-0102-4a69-91ff-1ba1954f3f02-groupManagement] INFO  server.RaftServer$Division (RaftServerImpl.java:<init>(198)) - de3fb769-0102-4a69-91ff-1ba1954f3f02: new RaftServerImpl for group-3C2B6DD44A69:[c911a996-2ad9-4932-9a2b-dd3b110c7bbf|rpc:10.1.0.31:15095|admin:10.1.0.31:15094|client:10.1.0.31:15093|dataStream:10.1.0.31:15096|priority:0|startupRole:FOLLOWER, c0b96ab7-4e07-4f66-b608-d68f56bbc6df|rpc:10.1.0.31:15104|admin:10.1.0.31:15103|client:10.1.0.31:15102|dataStream:10.1.0.31:15105|priority:1|startupRole:FOLLOWER, de3fb769-0102-4a69-91ff-1ba1954f3f02|rpc:10.1.0.31:15113|admin:10.1.0.31:15112|client:10.1.0.31:15111|dataStream:10.1.0.31:15114|priority:0|startupRole:FOLLOWER] with ContainerStateMachine:uninitialized
2023-06-02 20:40:38,341 [de3fb769-0102-4a69-91ff-1ba1954f3f02-groupManagement] INFO  server.RaftServerConfigKeys (ConfUtils.java:logGet(46)) - raft.server.rpc.timeout.min = 5s (custom)
2023-06-02 20:40:38,341 [de3fb769-0102-4a69-91ff-1ba1954f3f02-groupManagement] INFO  server.RaftServerConfigKeys (ConfUtils.java:logGet(46)) - raft.server.rpc.timeout.max = 5200ms (custom)
2023-06-02 20:40:38,341 [de3fb769-0102-4a69-91ff-1ba1954f3f02-groupManagement] INFO  server.RaftServerConfigKeys (ConfUtils.java:logGet(46)) - raft.server.rpc.sleep.time = 25ms (default)
2023-06-02 20:40:38,341 [de3fb769-0102-4a69-91ff-1ba1954f3f02-groupManagement] INFO  server.RaftServerConfigKeys (ConfUtils.java:logGet(46)) - raft.server.rpc.slowness.timeout = 300s (custom)
2023-06-02 20:40:38,341 [de3fb769-0102-4a69-91ff-1ba1954f3f02-groupManagement] INFO  server.RaftServerConfigKeys (ConfUtils.java:logGet(46)) - raft.server.leaderelection.leader.step-down.wait-time = 10s (default)
2023-06-02 20:40:38,341 [de3fb769-0102-4a69-91ff-1ba1954f3f02-groupManagement] INFO  server.RaftServerConfigKeys (ConfUtils.java:logGet(46)) - raft.server.sleep.deviation.threshold = 300ms (default)
2023-06-02 20:40:38,341 [de3fb769-0102-4a69-91ff-1ba1954f3f02-groupManagement] INFO  server.RaftServer$Division (ServerState.java:<init>(120)) - de3fb769-0102-4a69-91ff-1ba1954f3f02@group-3C2B6DD44A69: ConfigurationManager, init=-1: peers:[c911a996-2ad9-4932-9a2b-dd3b110c7bbf|rpc:10.1.0.31:15095|admin:10.1.0.31:15094|client:10.1.0.31:15093|dataStream:10.1.0.31:15096|priority:0|startupRole:FOLLOWER, c0b96ab7-4e07-4f66-b608-d68f56bbc6df|rpc:10.1.0.31:15104|admin:10.1.0.31:15103|client:10.1.0.31:15102|dataStream:10.1.0.31:15105|priority:1|startupRole:FOLLOWER, de3fb769-0102-4a69-91ff-1ba1954f3f02|rpc:10.1.0.31:15113|admin:10.1.0.31:15112|client:10.1.0.31:15111|dataStream:10.1.0.31:15114|priority:0|startupRole:FOLLOWER]|listeners:[], old=null, confs=<EMPTY_MAP>
2023-06-02 20:40:38,341 [de3fb769-0102-4a69-91ff-1ba1954f3f02-groupManagement] INFO  server.RaftServerConfigKeys (ConfUtils.java:logGet(46)) - raft.server.storage.dir = [/home/runner/work/ozone/ozone/hadoop-ozone/integration-test/target/test-dir/MiniOzoneClusterImpl-5ac0c7d5-b38a-4534-ae70-3109b4fe19c6/datanode-11/data/ratis] (custom)
2023-06-02 20:40:38,342 [de3fb769-0102-4a69-91ff-1ba1954f3f02-groupManagement] INFO  server.RaftServerConfigKeys (ConfUtils.java:logGet(46)) - raft.server.log.corruption.policy = EXCEPTION (default)
2023-06-02 20:40:38,342 [de3fb769-0102-4a69-91ff-1ba1954f3f02-groupManagement] INFO  server.RaftServerConfigKeys (ConfUtils.java:logGet(46)) - raft.server.storage.free-space.min = 0MB (=0) (default)
2023-06-02 20:40:38,342 [de3fb769-0102-4a69-91ff-1ba1954f3f02-groupManagement] INFO  server.RaftServerConfigKeys (ConfUtils.java:logGet(46)) - raft.server.notification.no-leader.timeout = 300s (custom)
2023-06-02 20:40:38,342 [de3fb769-0102-4a69-91ff-1ba1954f3f02-groupManagement] INFO  server.RaftServerConfigKeys (ConfUtils.java:logGet(46)) - raft.server.read.timeout = 10s (default)
2023-06-02 20:40:38,342 [de3fb769-0102-4a69-91ff-1ba1954f3f02-groupManagement] INFO  server.RaftServerConfigKeys (ConfUtils.java:logGet(46)) - raft.server.retrycache.expirytime = 600000ms (custom)
2023-06-02 20:40:38,342 [de3fb769-0102-4a69-91ff-1ba1954f3f02-groupManagement] INFO  server.RaftServerConfigKeys (ConfUtils.java:logGet(46)) - raft.server.retrycache.statistics.expirytime = 100μs (default)
2023-06-02 20:40:38,342 [de3fb769-0102-4a69-91ff-1ba1954f3f02-groupManagement] INFO  server.RaftServerConfigKeys (ConfUtils.java:logGet(46)) - raft.server.read.option = DEFAULT (default)
2023-06-02 20:40:38,343 [de3fb769-0102-4a69-91ff-1ba1954f3f02-groupManagement] INFO  server.RaftServerConfigKeys (ConfUtils.java:logGet(46)) - raft.server.rpc.request.timeout = 60s (custom)
2023-06-02 20:40:38,343 [de3fb769-0102-4a69-91ff-1ba1954f3f02-groupManagement] INFO  server.RaftServerConfigKeys (ConfUtils.java:logGet(46)) - raft.server.log.appender.install.snapshot.enabled = false (custom)
2023-06-02 20:40:38,343 [de3fb769-0102-4a69-91ff-1ba1954f3f02-groupManagement] INFO  server.RaftServerConfigKeys (ConfUtils.java:logGet(46)) - raft.server.threadpool.server.cached = true (default)
2023-06-02 20:40:38,343 [de3fb769-0102-4a69-91ff-1ba1954f3f02-groupManagement] INFO  server.RaftServerConfigKeys (ConfUtils.java:logGet(46)) - raft.server.threadpool.server.size = 0 (default)
2023-06-02 20:40:38,343 [de3fb769-0102-4a69-91ff-1ba1954f3f02-groupManagement] INFO  server.RaftServerConfigKeys (ConfUtils.java:logGet(46)) - raft.server.threadpool.client.cached = true (default)
2023-06-02 20:40:38,343 [de3fb769-0102-4a69-91ff-1ba1954f3f02-groupManagement] INFO  server.RaftServerConfigKeys (ConfUtils.java:logGet(46)) - raft.server.threadpool.client.size = 0 (default)
2023-06-02 20:40:38,344 [de3fb769-0102-4a69-91ff-1ba1954f3f02-groupManagement] INFO  storage.RaftStorageDirectory (RaftStorageDirectoryImpl.java:analyzeStorage(137)) - The storage directory /home/runner/work/ozone/ozone/hadoop-ozone/integration-test/target/test-dir/MiniOzoneClusterImpl-5ac0c7d5-b38a-4534-ae70-3109b4fe19c6/datanode-11/data/ratis/5b1b090f-7b14-433a-bef8-c4696e2f994e does not exist. Creating ...
2023-06-02 20:40:38,345 [de3fb769-0102-4a69-91ff-1ba1954f3f02-groupManagement] INFO  storage.RaftStorageDirectory (RaftStorageDirectoryImpl.java:tryLock(231)) - Lock on /home/runner/work/ozone/ozone/hadoop-ozone/integration-test/target/test-dir/MiniOzoneClusterImpl-5ac0c7d5-b38a-4534-ae70-3109b4fe19c6/datanode-11/data/ratis/5b1b090f-7b14-433a-bef8-c4696e2f994e/in_use.lock acquired by nodename 65175@fv-az1239-288
2023-06-02 20:40:38,347 [de3fb769-0102-4a69-91ff-1ba1954f3f02-groupManagement] INFO  storage.RaftStorage (RaftStorageImpl.java:format(96)) - Storage directory /home/runner/work/ozone/ozone/hadoop-ozone/integration-test/target/test-dir/MiniOzoneClusterImpl-5ac0c7d5-b38a-4534-ae70-3109b4fe19c6/datanode-11/data/ratis/5b1b090f-7b14-433a-bef8-c4696e2f994e has been successfully formatted.
2023-06-02 20:40:38,350 [de3fb769-0102-4a69-91ff-1ba1954f3f02-groupManagement] INFO  ratis.ContainerStateMachine (ContainerStateMachine.java:loadSnapshot(262)) - group-C4696E2F994E: The snapshot info is null. Setting the last applied indexto:(t:0, i:~)
2023-06-02 20:40:38,350 [de3fb769-0102-4a69-91ff-1ba1954f3f02-groupManagement] INFO  server.RaftServerConfigKeys (ConfUtils.java:logGet(46)) - raft.server.log.use.memory = false (default)
2023-06-02 20:40:38,351 [de3fb769-0102-4a69-91ff-1ba1954f3f02-groupManagement] INFO  server.RaftServerConfigKeys (ConfUtils.java:logGet(46)) - raft.server.log.purge.gap = 1000000 (custom)
2023-06-02 20:40:38,352 [de3fb769-0102-4a69-91ff-1ba1954f3f02-groupManagement] INFO  server.RaftServerConfigKeys (ConfUtils.java:logGet(46)) - raft.server.log.appender.buffer.byte-limit = 33554432 (custom)
2023-06-02 20:40:38,352 [de3fb769-0102-4a69-91ff-1ba1954f3f02-groupManagement] INFO  server.RaftServerConfigKeys (ConfUtils.java:logGet(46)) - raft.server.log.statemachine.data.read.timeout = 1000ms (default)
2023-06-02 20:40:38,352 [de3fb769-0102-4a69-91ff-1ba1954f3f02-groupManagement] INFO  server.RaftServerConfigKeys (ConfUtils.java:logGet(46)) - raft.server.log.purge.preservation.log.num = 0 (default)
2023-06-02 20:40:38,353 [de3fb769-0102-4a69-91ff-1ba1954f3f02-groupManagement] INFO  server.RaftServerConfigKeys (ConfUtils.java:logGet(46)) - raft.server.log.segment.size.max = 1048576 (custom)
2023-06-02 20:40:38,353 [de3fb769-0102-4a69-91ff-1ba1954f3f02-groupManagement] INFO  server.RaftServerConfigKeys (ConfUtils.java:logGet(46)) - raft.server.log.segment.cache.num.max = 2 (custom)
2023-06-02 20:40:38,353 [de3fb769-0102-4a69-91ff-1ba1954f3f02-groupManagement] INFO  server.RaftServerConfigKeys (ConfUtils.java:logGet(46)) - raft.server.log.segment.cache.size.max = 200MB (=209715200) (default)
2023-06-02 20:40:38,353 [de3fb769-0102-4a69-91ff-1ba1954f3f02-groupManagement] INFO  server.RaftServerConfigKeys (ConfUtils.java:logGet(46)) - raft.server.log.appender.buffer.byte-limit = 33554432 (custom)
2023-06-02 20:40:38,353 [de3fb769-0102-4a69-91ff-1ba1954f3f02-groupManagement] INFO  segmented.SegmentedRaftLogWorker (SegmentedRaftLogWorker.java:<init>(188)) - new de3fb769-0102-4a69-91ff-1ba1954f3f02@group-C4696E2F994E-SegmentedRaftLogWorker for RaftStorageImpl:Storage Directory /home/runner/work/ozone/ozone/hadoop-ozone/integration-test/target/test-dir/MiniOzoneClusterImpl-5ac0c7d5-b38a-4534-ae70-3109b4fe19c6/datanode-11/data/ratis/5b1b090f-7b14-433a-bef8-c4696e2f994e
2023-06-02 20:40:38,354 [de3fb769-0102-4a69-91ff-1ba1954f3f02-groupManagement] INFO  server.RaftServerConfigKeys (ConfUtils.java:logGet(46)) - raft.server.log.queue.byte-limit = 4294967296 (custom)
2023-06-02 20:40:38,355 [de3fb769-0102-4a69-91ff-1ba1954f3f02-groupManagement] INFO  server.RaftServerConfigKeys (ConfUtils.java:logGet(46)) - raft.server.log.queue.element-limit = 1024 (custom)
2023-06-02 20:40:38,355 [de3fb769-0102-4a69-91ff-1ba1954f3f02-groupManagement] INFO  server.RaftServerConfigKeys (ConfUtils.java:logGet(46)) - raft.server.log.segment.size.max = 1048576 (custom)
2023-06-02 20:40:38,355 [de3fb769-0102-4a69-91ff-1ba1954f3f02-groupManagement] INFO  server.RaftServerConfigKeys (ConfUtils.java:logGet(46)) - raft.server.log.preallocated.size = 16384 (custom)
2023-06-02 20:40:38,355 [de3fb769-0102-4a69-91ff-1ba1954f3f02-groupManagement] INFO  server.RaftServerConfigKeys (ConfUtils.java:logGet(46)) - raft.server.log.force.sync.num = 128 (default)
2023-06-02 20:40:38,355 [de3fb769-0102-4a69-91ff-1ba1954f3f02-groupManagement] INFO  server.RaftServerConfigKeys (ConfUtils.java:logGet(46)) - raft.server.log.statemachine.data.sync = true (default)
2023-06-02 20:40:38,355 [de3fb769-0102-4a69-91ff-1ba1954f3f02-groupManagement] INFO  server.RaftServerConfigKeys (ConfUtils.java:logGet(46)) - raft.server.log.statemachine.data.sync.timeout = 10s (default)
2023-06-02 20:40:38,355 [de3fb769-0102-4a69-91ff-1ba1954f3f02-groupManagement] INFO  server.RaftServerConfigKeys (ConfUtils.java:logGet(46)) - raft.server.log.statemachine.data.sync.timeout.retry = -1 (default)
2023-06-02 20:40:38,356 [de3fb769-0102-4a69-91ff-1ba1954f3f02-groupManagement] INFO  server.RaftServerConfigKeys (ConfUtils.java:logGet(46)) - raft.server.log.write.buffer.size = 1048576 (custom)
2023-06-02 20:40:38,357 [de3fb769-0102-4a69-91ff-1ba1954f3f02-groupManagement] INFO  server.RaftServerConfigKeys (ConfUtils.java:logGet(46)) - raft.server.log.appender.buffer.byte-limit = 33554432 (custom)
2023-06-02 20:40:38,363 [de3fb769-0102-4a69-91ff-1ba1954f3f02-groupManagement] INFO  server.RaftServerConfigKeys (ConfUtils.java:logGet(46)) - raft.server.log.unsafe-flush.enabled = false (default)
2023-06-02 20:40:38,363 [de3fb769-0102-4a69-91ff-1ba1954f3f02-groupManagement] INFO  server.RaftServerConfigKeys (ConfUtils.java:logGet(46)) - raft.server.log.async-flush.enabled = false (default)
2023-06-02 20:40:38,363 [de3fb769-0102-4a69-91ff-1ba1954f3f02-groupManagement] INFO  server.RaftServerConfigKeys (ConfUtils.java:logGet(46)) - raft.server.log.statemachine.data.caching.enabled = true (custom)
2023-06-02 20:40:38,364 [de3fb769-0102-4a69-91ff-1ba1954f3f02-groupManagement] INFO  segmented.SegmentedRaftLogWorker (SegmentedRaftLogWorker.java:lambda$new$0(135)) - de3fb769-0102-4a69-91ff-1ba1954f3f02@group-C4696E2F994E-SegmentedRaftLogWorker: flushIndex: setUnconditionally 0 -> -1
2023-06-02 20:40:38,364 [de3fb769-0102-4a69-91ff-1ba1954f3f02-groupManagement] INFO  segmented.SegmentedRaftLogWorker (SegmentedRaftLogWorker.java:lambda$new$0(135)) - de3fb769-0102-4a69-91ff-1ba1954f3f02@group-C4696E2F994E-SegmentedRaftLogWorker: safeCacheEvictIndex: setUnconditionally 0 -> -1
2023-06-02 20:40:38,364 [de3fb769-0102-4a69-91ff-1ba1954f3f02-groupManagement] INFO  server.RaftServer$Division (RaftServerImpl.java:start(342)) - de3fb769-0102-4a69-91ff-1ba1954f3f02@group-C4696E2F994E: start as a follower, conf=-1: peers:[c911a996-2ad9-4932-9a2b-dd3b110c7bbf|rpc:10.1.0.31:15095|admin:10.1.0.31:15094|client:10.1.0.31:15093|dataStream:10.1.0.31:15096|priority:0|startupRole:FOLLOWER, c0b96ab7-4e07-4f66-b608-d68f56bbc6df|rpc:10.1.0.31:15104|admin:10.1.0.31:15103|client:10.1.0.31:15102|dataStream:10.1.0.31:15105|priority:0|startupRole:FOLLOWER, de3fb769-0102-4a69-91ff-1ba1954f3f02|rpc:10.1.0.31:15113|admin:10.1.0.31:15112|client:10.1.0.31:15111|dataStream:10.1.0.31:15114|priority:1|startupRole:FOLLOWER]|listeners:[], old=null
2023-06-02 20:40:38,365 [de3fb769-0102-4a69-91ff-1ba1954f3f02-groupManagement] INFO  server.RaftServer$Division (RaftServerImpl.java:setRole(329)) - de3fb769-0102-4a69-91ff-1ba1954f3f02@group-C4696E2F994E: changes role from      null to FOLLOWER at term 0 for startAsFollower
2023-06-02 20:40:38,365 [de3fb769-0102-4a69-91ff-1ba1954f3f02-groupManagement] INFO  impl.RoleInfo (RoleInfo.java:updateAndGet(139)) - de3fb769-0102-4a69-91ff-1ba1954f3f02: start de3fb769-0102-4a69-91ff-1ba1954f3f02@group-C4696E2F994E-FollowerState
2023-06-02 20:40:38,367 [de3fb769-0102-4a69-91ff-1ba1954f3f02-groupManagement] INFO  util.JmxRegister (JmxRegister.java:tryRegister(44)) - Successfully registered JMX Bean with object name Ratis:service=RaftServer,group=group-C4696E2F994E,id=de3fb769-0102-4a69-91ff-1ba1954f3f02
2023-06-02 20:40:38,367 [de3fb769-0102-4a69-91ff-1ba1954f3f02-groupManagement] INFO  server.RaftServerConfigKeys (ConfUtils.java:logGet(46)) - raft.server.snapshot.auto.trigger.enabled = true (custom)
2023-06-02 20:40:38,367 [de3fb769-0102-4a69-91ff-1ba1954f3f02-groupManagement] INFO  server.RaftServerConfigKeys (ConfUtils.java:logGet(46)) - raft.server.snapshot.auto.trigger.threshold = 10000 (custom)
2023-06-02 20:40:38,367 [de3fb769-0102-4a69-91ff-1ba1954f3f02-groupManagement] INFO  server.RaftServerConfigKeys (ConfUtils.java:logGet(46)) - raft.server.snapshot.retention.file.num = 5 (custom)
2023-06-02 20:40:38,367 [de3fb769-0102-4a69-91ff-1ba1954f3f02-groupManagement] INFO  server.RaftServerConfigKeys (ConfUtils.java:logGet(46)) - raft.server.log.purge.upto.snapshot.index = false (default)
2023-06-02 20:40:38,368 [de3fb769-0102-4a69-91ff-1ba1954f3f02@group-C4696E2F994E-FollowerState] INFO  server.RaftServerConfigKeys (ConfUtils.java:logFallback(53)) - raft.server.rpc.first-election.timeout.min = 5s (fallback to raft.server.rpc.timeout.min)
2023-06-02 20:40:38,368 [de3fb769-0102-4a69-91ff-1ba1954f3f02@group-C4696E2F994E-FollowerState] INFO  server.RaftServerConfigKeys (ConfUtils.java:logFallback(53)) - raft.server.rpc.first-election.timeout.max = 5200ms (fallback to raft.server.rpc.timeout.max)
2023-06-02 20:40:38,371 [de3fb769-0102-4a69-91ff-1ba1954f3f02-groupManagement] INFO  storage.RaftStorageDirectory (RaftStorageDirectoryImpl.java:analyzeStorage(137)) - The storage directory /home/runner/work/ozone/ozone/hadoop-ozone/integration-test/target/test-dir/MiniOzoneClusterImpl-5ac0c7d5-b38a-4534-ae70-3109b4fe19c6/datanode-11/data/ratis/471ff8af-04fc-438f-a52e-3c2b6dd44a69 does not exist. Creating ...
2023-06-02 20:40:38,375 [de3fb769-0102-4a69-91ff-1ba1954f3f02-groupManagement] INFO  storage.RaftStorageDirectory (RaftStorageDirectoryImpl.java:tryLock(231)) - Lock on /home/runner/work/ozone/ozone/hadoop-ozone/integration-test/target/test-dir/MiniOzoneClusterImpl-5ac0c7d5-b38a-4534-ae70-3109b4fe19c6/datanode-11/data/ratis/471ff8af-04fc-438f-a52e-3c2b6dd44a69/in_use.lock acquired by nodename 65175@fv-az1239-288
2023-06-02 20:40:38,377 [de3fb769-0102-4a69-91ff-1ba1954f3f02-groupManagement] INFO  storage.RaftStorage (RaftStorageImpl.java:format(96)) - Storage directory /home/runner/work/ozone/ozone/hadoop-ozone/integration-test/target/test-dir/MiniOzoneClusterImpl-5ac0c7d5-b38a-4534-ae70-3109b4fe19c6/datanode-11/data/ratis/471ff8af-04fc-438f-a52e-3c2b6dd44a69 has been successfully formatted.
2023-06-02 20:40:38,378 [de3fb769-0102-4a69-91ff-1ba1954f3f02-groupManagement] INFO  ratis.ContainerStateMachine (ContainerStateMachine.java:loadSnapshot(262)) - group-3C2B6DD44A69: The snapshot info is null. Setting the last applied indexto:(t:0, i:~)
2023-06-02 20:40:38,378 [de3fb769-0102-4a69-91ff-1ba1954f3f02-groupManagement] INFO  server.RaftServerConfigKeys (ConfUtils.java:logGet(46)) - raft.server.log.use.memory = false (default)
2023-06-02 20:40:38,380 [de3fb769-0102-4a69-91ff-1ba1954f3f02-groupManagement] INFO  server.RaftServerConfigKeys (ConfUtils.java:logGet(46)) - raft.server.log.purge.gap = 1000000 (custom)
2023-06-02 20:40:38,380 [de3fb769-0102-4a69-91ff-1ba1954f3f02-groupManagement] INFO  server.RaftServerConfigKeys (ConfUtils.java:logGet(46)) - raft.server.log.appender.buffer.byte-limit = 33554432 (custom)
2023-06-02 20:40:38,380 [de3fb769-0102-4a69-91ff-1ba1954f3f02-groupManagement] INFO  server.RaftServerConfigKeys (ConfUtils.java:logGet(46)) - raft.server.log.statemachine.data.read.timeout = 1000ms (default)
2023-06-02 20:40:38,380 [de3fb769-0102-4a69-91ff-1ba1954f3f02-groupManagement] INFO  server.RaftServerConfigKeys (ConfUtils.java:logGet(46)) - raft.server.log.purge.preservation.log.num = 0 (default)
2023-06-02 20:40:38,381 [de3fb769-0102-4a69-91ff-1ba1954f3f02-groupManagement] INFO  server.RaftServerConfigKeys (ConfUtils.java:logGet(46)) - raft.server.log.segment.size.max = 1048576 (custom)
2023-06-02 20:40:38,381 [de3fb769-0102-4a69-91ff-1ba1954f3f02-groupManagement] INFO  server.RaftServerConfigKeys (ConfUtils.java:logGet(46)) - raft.server.log.segment.cache.num.max = 2 (custom)
2023-06-02 20:40:38,381 [de3fb769-0102-4a69-91ff-1ba1954f3f02-groupManagement] INFO  server.RaftServerConfigKeys (ConfUtils.java:logGet(46)) - raft.server.log.segment.cache.size.max = 200MB (=209715200) (default)
2023-06-02 20:40:38,381 [de3fb769-0102-4a69-91ff-1ba1954f3f02-groupManagement] INFO  server.RaftServerConfigKeys (ConfUtils.java:logGet(46)) - raft.server.log.appender.buffer.byte-limit = 33554432 (custom)
2023-06-02 20:40:38,381 [de3fb769-0102-4a69-91ff-1ba1954f3f02-groupManagement] INFO  segmented.SegmentedRaftLogWorker (SegmentedRaftLogWorker.java:<init>(188)) - new de3fb769-0102-4a69-91ff-1ba1954f3f02@group-3C2B6DD44A69-SegmentedRaftLogWorker for RaftStorageImpl:Storage Directory /home/runner/work/ozone/ozone/hadoop-ozone/integration-test/target/test-dir/MiniOzoneClusterImpl-5ac0c7d5-b38a-4534-ae70-3109b4fe19c6/datanode-11/data/ratis/471ff8af-04fc-438f-a52e-3c2b6dd44a69
2023-06-02 20:40:38,381 [de3fb769-0102-4a69-91ff-1ba1954f3f02-groupManagement] INFO  server.RaftServerConfigKeys (ConfUtils.java:logGet(46)) - raft.server.log.queue.byte-limit = 4294967296 (custom)
2023-06-02 20:40:38,381 [de3fb769-0102-4a69-91ff-1ba1954f3f02-groupManagement] INFO  server.RaftServerConfigKeys (ConfUtils.java:logGet(46)) - raft.server.log.queue.element-limit = 1024 (custom)
2023-06-02 20:40:38,381 [de3fb769-0102-4a69-91ff-1ba1954f3f02-groupManagement] INFO  server.RaftServerConfigKeys (ConfUtils.java:logGet(46)) - raft.server.log.segment.size.max = 1048576 (custom)
2023-06-02 20:40:38,381 [de3fb769-0102-4a69-91ff-1ba1954f3f02-groupManagement] INFO  server.RaftServerConfigKeys (ConfUtils.java:logGet(46)) - raft.server.log.preallocated.size = 16384 (custom)
2023-06-02 20:40:38,381 [de3fb769-0102-4a69-91ff-1ba1954f3f02-groupManagement] INFO  server.RaftServerConfigKeys (ConfUtils.java:logGet(46)) - raft.server.log.force.sync.num = 128 (default)
2023-06-02 20:40:38,382 [de3fb769-0102-4a69-91ff-1ba1954f3f02-groupManagement] INFO  server.RaftServerConfigKeys (ConfUtils.java:logGet(46)) - raft.server.log.statemachine.data.sync = true (default)
2023-06-02 20:40:38,382 [de3fb769-0102-4a69-91ff-1ba1954f3f02-groupManagement] INFO  server.RaftServerConfigKeys (ConfUtils.java:logGet(46)) - raft.server.log.statemachine.data.sync.timeout = 10s (default)
2023-06-02 20:40:38,382 [de3fb769-0102-4a69-91ff-1ba1954f3f02-groupManagement] INFO  server.RaftServerConfigKeys (ConfUtils.java:logGet(46)) - raft.server.log.statemachine.data.sync.timeout.retry = -1 (default)
2023-06-02 20:40:38,382 [de3fb769-0102-4a69-91ff-1ba1954f3f02-groupManagement] INFO  server.RaftServerConfigKeys (ConfUtils.java:logGet(46)) - raft.server.log.write.buffer.size = 1048576 (custom)
2023-06-02 20:40:38,383 [de3fb769-0102-4a69-91ff-1ba1954f3f02-groupManagement] INFO  server.RaftServerConfigKeys (ConfUtils.java:logGet(46)) - raft.server.log.appender.buffer.byte-limit = 33554432 (custom)
2023-06-02 20:40:38,396 [de3fb769-0102-4a69-91ff-1ba1954f3f02-groupManagement] INFO  server.RaftServerConfigKeys (ConfUtils.java:logGet(46)) - raft.server.log.unsafe-flush.enabled = false (default)
2023-06-02 20:40:38,396 [de3fb769-0102-4a69-91ff-1ba1954f3f02-groupManagement] INFO  server.RaftServerConfigKeys (ConfUtils.java:logGet(46)) - raft.server.log.async-flush.enabled = false (default)
2023-06-02 20:40:38,408 [de3fb769-0102-4a69-91ff-1ba1954f3f02-groupManagement] INFO  server.RaftServerConfigKeys (ConfUtils.java:logGet(46)) - raft.server.log.statemachine.data.caching.enabled = true (custom)
2023-06-02 20:40:38,411 [de3fb769-0102-4a69-91ff-1ba1954f3f02-groupManagement] INFO  segmented.SegmentedRaftLogWorker (SegmentedRaftLogWorker.java:lambda$new$0(135)) - de3fb769-0102-4a69-91ff-1ba1954f3f02@group-3C2B6DD44A69-SegmentedRaftLogWorker: flushIndex: setUnconditionally 0 -> -1
2023-06-02 20:40:38,411 [de3fb769-0102-4a69-91ff-1ba1954f3f02-groupManagement] INFO  segmented.SegmentedRaftLogWorker (SegmentedRaftLogWorker.java:lambda$new$0(135)) - de3fb769-0102-4a69-91ff-1ba1954f3f02@group-3C2B6DD44A69-SegmentedRaftLogWorker: safeCacheEvictIndex: setUnconditionally 0 -> -1
2023-06-02 20:40:38,416 [de3fb769-0102-4a69-91ff-1ba1954f3f02-groupManagement] INFO  server.RaftServer$Division (RaftServerImpl.java:start(342)) - de3fb769-0102-4a69-91ff-1ba1954f3f02@group-3C2B6DD44A69: start as a follower, conf=-1: peers:[c911a996-2ad9-4932-9a2b-dd3b110c7bbf|rpc:10.1.0.31:15095|admin:10.1.0.31:15094|client:10.1.0.31:15093|dataStream:10.1.0.31:15096|priority:0|startupRole:FOLLOWER, c0b96ab7-4e07-4f66-b608-d68f56bbc6df|rpc:10.1.0.31:15104|admin:10.1.0.31:15103|client:10.1.0.31:15102|dataStream:10.1.0.31:15105|priority:1|startupRole:FOLLOWER, de3fb769-0102-4a69-91ff-1ba1954f3f02|rpc:10.1.0.31:15113|admin:10.1.0.31:15112|client:10.1.0.31:15111|dataStream:10.1.0.31:15114|priority:0|startupRole:FOLLOWER]|listeners:[], old=null
2023-06-02 20:40:38,416 [de3fb769-0102-4a69-91ff-1ba1954f3f02-groupManagement] INFO  server.RaftServer$Division (RaftServerImpl.java:setRole(329)) - de3fb769-0102-4a69-91ff-1ba1954f3f02@group-3C2B6DD44A69: changes role from      null to FOLLOWER at term 0 for startAsFollower
2023-06-02 20:40:38,416 [de3fb769-0102-4a69-91ff-1ba1954f3f02-groupManagement] INFO  impl.RoleInfo (RoleInfo.java:updateAndGet(139)) - de3fb769-0102-4a69-91ff-1ba1954f3f02: start de3fb769-0102-4a69-91ff-1ba1954f3f02@group-3C2B6DD44A69-FollowerState
2023-06-02 20:40:38,416 [grpc-default-executor-1] INFO  server.RaftServer (RaftServerProxy.java:addNew(98)) - c911a996-2ad9-4932-9a2b-dd3b110c7bbf: addNew group-C4696E2F994E:[c911a996-2ad9-4932-9a2b-dd3b110c7bbf|rpc:10.1.0.31:15095|admin:10.1.0.31:15094|client:10.1.0.31:15093|dataStream:10.1.0.31:15096|priority:0|startupRole:FOLLOWER, c0b96ab7-4e07-4f66-b608-d68f56bbc6df|rpc:10.1.0.31:15104|admin:10.1.0.31:15103|client:10.1.0.31:15102|dataStream:10.1.0.31:15105|priority:0|startupRole:FOLLOWER, de3fb769-0102-4a69-91ff-1ba1954f3f02|rpc:10.1.0.31:15113|admin:10.1.0.31:15112|client:10.1.0.31:15111|dataStream:10.1.0.31:15114|priority:1|startupRole:FOLLOWER] returns group-C4696E2F994E:java.util.concurrent.CompletableFuture@4cef2ba0[Not completed]
2023-06-02 20:40:38,417 [de3fb769-0102-4a69-91ff-1ba1954f3f02-groupManagement] INFO  util.JmxRegister (JmxRegister.java:tryRegister(44)) - Successfully registered JMX Bean with object name Ratis:service=RaftServer,group=group-3C2B6DD44A69,id=de3fb769-0102-4a69-91ff-1ba1954f3f02
2023-06-02 20:40:38,417 [de3fb769-0102-4a69-91ff-1ba1954f3f02-groupManagement] INFO  server.RaftServerConfigKeys (ConfUtils.java:logGet(46)) - raft.server.snapshot.auto.trigger.enabled = true (custom)
2023-06-02 20:40:38,417 [de3fb769-0102-4a69-91ff-1ba1954f3f02-groupManagement] INFO  server.RaftServerConfigKeys (ConfUtils.java:logGet(46)) - raft.server.snapshot.auto.trigger.threshold = 10000 (custom)
2023-06-02 20:40:38,417 [de3fb769-0102-4a69-91ff-1ba1954f3f02-groupManagement] INFO  server.RaftServerConfigKeys (ConfUtils.java:logGet(46)) - raft.server.snapshot.retention.file.num = 5 (custom)
2023-06-02 20:40:38,417 [de3fb769-0102-4a69-91ff-1ba1954f3f02-groupManagement] INFO  server.RaftServerConfigKeys (ConfUtils.java:logGet(46)) - raft.server.log.purge.upto.snapshot.index = false (default)
2023-06-02 20:40:38,417 [c911a996-2ad9-4932-9a2b-dd3b110c7bbf-groupManagement] INFO  server.RaftServer$Division (RaftServerImpl.java:<init>(198)) - c911a996-2ad9-4932-9a2b-dd3b110c7bbf: new RaftServerImpl for group-C4696E2F994E:[c911a996-2ad9-4932-9a2b-dd3b110c7bbf|rpc:10.1.0.31:15095|admin:10.1.0.31:15094|client:10.1.0.31:15093|dataStream:10.1.0.31:15096|priority:0|startupRole:FOLLOWER, c0b96ab7-4e07-4f66-b608-d68f56bbc6df|rpc:10.1.0.31:15104|admin:10.1.0.31:15103|client:10.1.0.31:15102|dataStream:10.1.0.31:15105|priority:0|startupRole:FOLLOWER, de3fb769-0102-4a69-91ff-1ba1954f3f02|rpc:10.1.0.31:15113|admin:10.1.0.31:15112|client:10.1.0.31:15111|dataStream:10.1.0.31:15114|priority:1|startupRole:FOLLOWER] with ContainerStateMachine:uninitialized
2023-06-02 20:40:38,417 [c911a996-2ad9-4932-9a2b-dd3b110c7bbf-groupManagement] INFO  server.RaftServerConfigKeys (ConfUtils.java:logGet(46)) - raft.server.rpc.timeout.min = 5s (custom)
2023-06-02 20:40:38,417 [c911a996-2ad9-4932-9a2b-dd3b110c7bbf-groupManagement] INFO  server.RaftServerConfigKeys (ConfUtils.java:logGet(46)) - raft.server.rpc.timeout.max = 5200ms (custom)
2023-06-02 20:40:38,418 [de3fb769-0102-4a69-91ff-1ba1954f3f02@group-3C2B6DD44A69-FollowerState] INFO  server.RaftServerConfigKeys (ConfUtils.java:logFallback(53)) - raft.server.rpc.first-election.timeout.min = 5s (fallback to raft.server.rpc.timeout.min)
2023-06-02 20:40:38,418 [c911a996-2ad9-4932-9a2b-dd3b110c7bbf-groupManagement] INFO  server.RaftServerConfigKeys (ConfUtils.java:logGet(46)) - raft.server.rpc.sleep.time = 25ms (default)
2023-06-02 20:40:38,418 [c911a996-2ad9-4932-9a2b-dd3b110c7bbf-groupManagement] INFO  server.RaftServerConfigKeys (ConfUtils.java:logGet(46)) - raft.server.rpc.slowness.timeout = 300s (custom)
2023-06-02 20:40:38,418 [c911a996-2ad9-4932-9a2b-dd3b110c7bbf-groupManagement] INFO  server.RaftServerConfigKeys (ConfUtils.java:logGet(46)) - raft.server.leaderelection.leader.step-down.wait-time = 10s (default)
2023-06-02 20:40:38,418 [c911a996-2ad9-4932-9a2b-dd3b110c7bbf-groupManagement] INFO  server.RaftServerConfigKeys (ConfUtils.java:logGet(46)) - raft.server.sleep.deviation.threshold = 300ms (default)
2023-06-02 20:40:38,418 [c911a996-2ad9-4932-9a2b-dd3b110c7bbf-groupManagement] INFO  server.RaftServer$Division (ServerState.java:<init>(120)) - c911a996-2ad9-4932-9a2b-dd3b110c7bbf@group-C4696E2F994E: ConfigurationManager, init=-1: peers:[c911a996-2ad9-4932-9a2b-dd3b110c7bbf|rpc:10.1.0.31:15095|admin:10.1.0.31:15094|client:10.1.0.31:15093|dataStream:10.1.0.31:15096|priority:0|startupRole:FOLLOWER, c0b96ab7-4e07-4f66-b608-d68f56bbc6df|rpc:10.1.0.31:15104|admin:10.1.0.31:15103|client:10.1.0.31:15102|dataStream:10.1.0.31:15105|priority:0|startupRole:FOLLOWER, de3fb769-0102-4a69-91ff-1ba1954f3f02|rpc:10.1.0.31:15113|admin:10.1.0.31:15112|client:10.1.0.31:15111|dataStream:10.1.0.31:15114|priority:1|startupRole:FOLLOWER]|listeners:[], old=null, confs=<EMPTY_MAP>
2023-06-02 20:40:38,418 [c911a996-2ad9-4932-9a2b-dd3b110c7bbf-groupManagement] INFO  server.RaftServerConfigKeys (ConfUtils.java:logGet(46)) - raft.server.storage.dir = [/home/runner/work/ozone/ozone/hadoop-ozone/integration-test/target/test-dir/MiniOzoneClusterImpl-5ac0c7d5-b38a-4534-ae70-3109b4fe19c6/datanode-9/data/ratis] (custom)
2023-06-02 20:40:38,418 [c911a996-2ad9-4932-9a2b-dd3b110c7bbf-groupManagement] INFO  server.RaftServerConfigKeys (ConfUtils.java:logGet(46)) - raft.server.log.corruption.policy = EXCEPTION (default)
2023-06-02 20:40:38,418 [c911a996-2ad9-4932-9a2b-dd3b110c7bbf-groupManagement] INFO  server.RaftServerConfigKeys (ConfUtils.java:logGet(46)) - raft.server.storage.free-space.min = 0MB (=0) (default)
2023-06-02 20:40:38,418 [c911a996-2ad9-4932-9a2b-dd3b110c7bbf-groupManagement] INFO  server.RaftServerConfigKeys (ConfUtils.java:logGet(46)) - raft.server.notification.no-leader.timeout = 300s (custom)
2023-06-02 20:40:38,418 [c911a996-2ad9-4932-9a2b-dd3b110c7bbf-groupManagement] INFO  server.RaftServerConfigKeys (ConfUtils.java:logGet(46)) - raft.server.read.timeout = 10s (default)
2023-06-02 20:40:38,418 [c911a996-2ad9-4932-9a2b-dd3b110c7bbf-groupManagement] INFO  server.RaftServerConfigKeys (ConfUtils.java:logGet(46)) - raft.server.retrycache.expirytime = 600000ms (custom)
2023-06-02 20:40:38,418 [c911a996-2ad9-4932-9a2b-dd3b110c7bbf-groupManagement] INFO  server.RaftServerConfigKeys (ConfUtils.java:logGet(46)) - raft.server.retrycache.statistics.expirytime = 100μs (default)
2023-06-02 20:40:38,418 [c911a996-2ad9-4932-9a2b-dd3b110c7bbf-groupManagement] INFO  server.RaftServerConfigKeys (ConfUtils.java:logGet(46)) - raft.server.read.option = DEFAULT (default)
2023-06-02 20:40:38,419 [de3fb769-0102-4a69-91ff-1ba1954f3f02@group-3C2B6DD44A69-FollowerState] INFO  server.RaftServerConfigKeys (ConfUtils.java:logFallback(53)) - raft.server.rpc.first-election.timeout.max = 5200ms (fallback to raft.server.rpc.timeout.max)
2023-06-02 20:40:38,419 [c911a996-2ad9-4932-9a2b-dd3b110c7bbf-groupManagement] INFO  server.RaftServerConfigKeys (ConfUtils.java:logGet(46)) - raft.server.rpc.request.timeout = 60s (custom)
2023-06-02 20:40:38,420 [c911a996-2ad9-4932-9a2b-dd3b110c7bbf-groupManagement] INFO  server.RaftServerConfigKeys (ConfUtils.java:logGet(46)) - raft.server.log.appender.install.snapshot.enabled = false (custom)
2023-06-02 20:40:38,420 [c911a996-2ad9-4932-9a2b-dd3b110c7bbf-groupManagement] INFO  server.RaftServerConfigKeys (ConfUtils.java:logGet(46)) - raft.server.threadpool.server.cached = true (default)
2023-06-02 20:40:38,420 [c911a996-2ad9-4932-9a2b-dd3b110c7bbf-groupManagement] INFO  server.RaftServerConfigKeys (ConfUtils.java:logGet(46)) - raft.server.threadpool.server.size = 0 (default)
2023-06-02 20:40:38,420 [c911a996-2ad9-4932-9a2b-dd3b110c7bbf-groupManagement] INFO  server.RaftServerConfigKeys (ConfUtils.java:logGet(46)) - raft.server.threadpool.client.cached = true (default)
2023-06-02 20:40:38,420 [c911a996-2ad9-4932-9a2b-dd3b110c7bbf-groupManagement] INFO  server.RaftServerConfigKeys (ConfUtils.java:logGet(46)) - raft.server.threadpool.client.size = 0 (default)
2023-06-02 20:40:38,420 [c911a996-2ad9-4932-9a2b-dd3b110c7bbf-groupManagement] INFO  storage.RaftStorageDirectory (RaftStorageDirectoryImpl.java:analyzeStorage(137)) - The storage directory /home/runner/work/ozone/ozone/hadoop-ozone/integration-test/target/test-dir/MiniOzoneClusterImpl-5ac0c7d5-b38a-4534-ae70-3109b4fe19c6/datanode-9/data/ratis/5b1b090f-7b14-433a-bef8-c4696e2f994e does not exist. Creating ...
2023-06-02 20:40:38,421 [c911a996-2ad9-4932-9a2b-dd3b110c7bbf-groupManagement] INFO  storage.RaftStorageDirectory (RaftStorageDirectoryImpl.java:tryLock(231)) - Lock on /home/runner/work/ozone/ozone/hadoop-ozone/integration-test/target/test-dir/MiniOzoneClusterImpl-5ac0c7d5-b38a-4534-ae70-3109b4fe19c6/datanode-9/data/ratis/5b1b090f-7b14-433a-bef8-c4696e2f994e/in_use.lock acquired by nodename 65175@fv-az1239-288
2023-06-02 20:40:38,428 [c911a996-2ad9-4932-9a2b-dd3b110c7bbf-groupManagement] INFO  storage.RaftStorage (RaftStorageImpl.java:format(96)) - Storage directory /home/runner/work/ozone/ozone/hadoop-ozone/integration-test/target/test-dir/MiniOzoneClusterImpl-5ac0c7d5-b38a-4534-ae70-3109b4fe19c6/datanode-9/data/ratis/5b1b090f-7b14-433a-bef8-c4696e2f994e has been successfully formatted.
2023-06-02 20:40:38,429 [c911a996-2ad9-4932-9a2b-dd3b110c7bbf-groupManagement] INFO  ratis.ContainerStateMachine (ContainerStateMachine.java:loadSnapshot(262)) - group-C4696E2F994E: The snapshot info is null. Setting the last applied indexto:(t:0, i:~)
2023-06-02 20:40:38,429 [c911a996-2ad9-4932-9a2b-dd3b110c7bbf-groupManagement] INFO  server.RaftServerConfigKeys (ConfUtils.java:logGet(46)) - raft.server.log.use.memory = false (default)
2023-06-02 20:40:38,429 [c911a996-2ad9-4932-9a2b-dd3b110c7bbf-groupManagement] INFO  server.RaftServerConfigKeys (ConfUtils.java:logGet(46)) - raft.server.log.purge.gap = 1000000 (custom)
2023-06-02 20:40:38,429 [c911a996-2ad9-4932-9a2b-dd3b110c7bbf-groupManagement] INFO  server.RaftServerConfigKeys (ConfUtils.java:logGet(46)) - raft.server.log.appender.buffer.byte-limit = 33554432 (custom)
2023-06-02 20:40:38,429 [c911a996-2ad9-4932-9a2b-dd3b110c7bbf-groupManagement] INFO  server.RaftServerConfigKeys (ConfUtils.java:logGet(46)) - raft.server.log.statemachine.data.read.timeout = 1000ms (default)
2023-06-02 20:40:38,429 [c911a996-2ad9-4932-9a2b-dd3b110c7bbf-groupManagement] INFO  server.RaftServerConfigKeys (ConfUtils.java:logGet(46)) - raft.server.log.purge.preservation.log.num = 0 (default)
2023-06-02 20:40:38,430 [c911a996-2ad9-4932-9a2b-dd3b110c7bbf-groupManagement] INFO  server.RaftServerConfigKeys (ConfUtils.java:logGet(46)) - raft.server.log.segment.size.max = 1048576 (custom)
2023-06-02 20:40:38,431 [EventQueue-OpenPipelineForHealthyPipelineSafeModeRule] INFO  safemode.SCMSafeModeManager (HealthyPipelineSafeModeRule.java:process(137)) - SCM in safe mode. Healthy pipelines reported count is 0, required healthy pipeline reported count is 1
2023-06-02 20:40:38,433 [c911a996-2ad9-4932-9a2b-dd3b110c7bbf-groupManagement] INFO  server.RaftServerConfigKeys (ConfUtils.java:logGet(46)) - raft.server.log.segment.cache.num.max = 2 (custom)
2023-06-02 20:40:38,433 [c911a996-2ad9-4932-9a2b-dd3b110c7bbf-groupManagement] INFO  server.RaftServerConfigKeys (ConfUtils.java:logGet(46)) - raft.server.log.segment.cache.size.max = 200MB (=209715200) (default)
2023-06-02 20:40:38,433 [c911a996-2ad9-4932-9a2b-dd3b110c7bbf-groupManagement] INFO  server.RaftServerConfigKeys (ConfUtils.java:logGet(46)) - raft.server.log.appender.buffer.byte-limit = 33554432 (custom)
2023-06-02 20:40:38,433 [c911a996-2ad9-4932-9a2b-dd3b110c7bbf-groupManagement] INFO  segmented.SegmentedRaftLogWorker (SegmentedRaftLogWorker.java:<init>(188)) - new c911a996-2ad9-4932-9a2b-dd3b110c7bbf@group-C4696E2F994E-SegmentedRaftLogWorker for RaftStorageImpl:Storage Directory /home/runner/work/ozone/ozone/hadoop-ozone/integration-test/target/test-dir/MiniOzoneClusterImpl-5ac0c7d5-b38a-4534-ae70-3109b4fe19c6/datanode-9/data/ratis/5b1b090f-7b14-433a-bef8-c4696e2f994e
2023-06-02 20:40:38,433 [c911a996-2ad9-4932-9a2b-dd3b110c7bbf-groupManagement] INFO  server.RaftServerConfigKeys (ConfUtils.java:logGet(46)) - raft.server.log.queue.byte-limit = 4294967296 (custom)
2023-06-02 20:40:38,433 [c911a996-2ad9-4932-9a2b-dd3b110c7bbf-groupManagement] INFO  server.RaftServerConfigKeys (ConfUtils.java:logGet(46)) - raft.server.log.queue.element-limit = 1024 (custom)
2023-06-02 20:40:38,433 [c911a996-2ad9-4932-9a2b-dd3b110c7bbf-groupManagement] INFO  server.RaftServerConfigKeys (ConfUtils.java:logGet(46)) - raft.server.log.segment.size.max = 1048576 (custom)
2023-06-02 20:40:38,433 [c911a996-2ad9-4932-9a2b-dd3b110c7bbf-groupManagement] INFO  server.RaftServerConfigKeys (ConfUtils.java:logGet(46)) - raft.server.log.preallocated.size = 16384 (custom)
2023-06-02 20:40:38,433 [c911a996-2ad9-4932-9a2b-dd3b110c7bbf-groupManagement] INFO  server.RaftServerConfigKeys (ConfUtils.java:logGet(46)) - raft.server.log.force.sync.num = 128 (default)
2023-06-02 20:40:38,433 [c911a996-2ad9-4932-9a2b-dd3b110c7bbf-groupManagement] INFO  server.RaftServerConfigKeys (ConfUtils.java:logGet(46)) - raft.server.log.statemachine.data.sync = true (default)
2023-06-02 20:40:38,434 [c911a996-2ad9-4932-9a2b-dd3b110c7bbf-groupManagement] INFO  server.RaftServerConfigKeys (ConfUtils.java:logGet(46)) - raft.server.log.statemachine.data.sync.timeout = 10s (default)
2023-06-02 20:40:38,434 [c911a996-2ad9-4932-9a2b-dd3b110c7bbf-groupManagement] INFO  server.RaftServerConfigKeys (ConfUtils.java:logGet(46)) - raft.server.log.statemachine.data.sync.timeout.retry = -1 (default)
2023-06-02 20:40:38,439 [c911a996-2ad9-4932-9a2b-dd3b110c7bbf-groupManagement] INFO  server.RaftServerConfigKeys (ConfUtils.java:logGet(46)) - raft.server.log.write.buffer.size = 1048576 (custom)
2023-06-02 20:40:38,440 [c911a996-2ad9-4932-9a2b-dd3b110c7bbf-groupManagement] INFO  server.RaftServerConfigKeys (ConfUtils.java:logGet(46)) - raft.server.log.appender.buffer.byte-limit = 33554432 (custom)
2023-06-02 20:40:38,445 [c911a996-2ad9-4932-9a2b-dd3b110c7bbf-groupManagement] INFO  server.RaftServerConfigKeys (ConfUtils.java:logGet(46)) - raft.server.log.unsafe-flush.enabled = false (default)
2023-06-02 20:40:38,445 [c911a996-2ad9-4932-9a2b-dd3b110c7bbf-groupManagement] INFO  server.RaftServerConfigKeys (ConfUtils.java:logGet(46)) - raft.server.log.async-flush.enabled = false (default)
2023-06-02 20:40:38,445 [c911a996-2ad9-4932-9a2b-dd3b110c7bbf-groupManagement] INFO  server.RaftServerConfigKeys (ConfUtils.java:logGet(46)) - raft.server.log.statemachine.data.caching.enabled = true (custom)
2023-06-02 20:40:38,446 [c911a996-2ad9-4932-9a2b-dd3b110c7bbf-groupManagement] INFO  segmented.SegmentedRaftLogWorker (SegmentedRaftLogWorker.java:lambda$new$0(135)) - c911a996-2ad9-4932-9a2b-dd3b110c7bbf@group-C4696E2F994E-SegmentedRaftLogWorker: flushIndex: setUnconditionally 0 -> -1
2023-06-02 20:40:38,446 [c911a996-2ad9-4932-9a2b-dd3b110c7bbf-groupManagement] INFO  segmented.SegmentedRaftLogWorker (SegmentedRaftLogWorker.java:lambda$new$0(135)) - c911a996-2ad9-4932-9a2b-dd3b110c7bbf@group-C4696E2F994E-SegmentedRaftLogWorker: safeCacheEvictIndex: setUnconditionally 0 -> -1
2023-06-02 20:40:38,455 [c911a996-2ad9-4932-9a2b-dd3b110c7bbf-groupManagement] INFO  server.RaftServer$Division (RaftServerImpl.java:start(342)) - c911a996-2ad9-4932-9a2b-dd3b110c7bbf@group-C4696E2F994E: start as a follower, conf=-1: peers:[c911a996-2ad9-4932-9a2b-dd3b110c7bbf|rpc:10.1.0.31:15095|admin:10.1.0.31:15094|client:10.1.0.31:15093|dataStream:10.1.0.31:15096|priority:0|startupRole:FOLLOWER, c0b96ab7-4e07-4f66-b608-d68f56bbc6df|rpc:10.1.0.31:15104|admin:10.1.0.31:15103|client:10.1.0.31:15102|dataStream:10.1.0.31:15105|priority:0|startupRole:FOLLOWER, de3fb769-0102-4a69-91ff-1ba1954f3f02|rpc:10.1.0.31:15113|admin:10.1.0.31:15112|client:10.1.0.31:15111|dataStream:10.1.0.31:15114|priority:1|startupRole:FOLLOWER]|listeners:[], old=null
2023-06-02 20:40:38,455 [c911a996-2ad9-4932-9a2b-dd3b110c7bbf-groupManagement] INFO  server.RaftServer$Division (RaftServerImpl.java:setRole(329)) - c911a996-2ad9-4932-9a2b-dd3b110c7bbf@group-C4696E2F994E: changes role from      null to FOLLOWER at term 0 for startAsFollower
2023-06-02 20:40:38,455 [c911a996-2ad9-4932-9a2b-dd3b110c7bbf-groupManagement] INFO  impl.RoleInfo (RoleInfo.java:updateAndGet(139)) - c911a996-2ad9-4932-9a2b-dd3b110c7bbf: start c911a996-2ad9-4932-9a2b-dd3b110c7bbf@group-C4696E2F994E-FollowerState
2023-06-02 20:40:38,456 [PipelineCommandHandlerThread-0] INFO  commandhandler.CreatePipelineCommandHandler (CreatePipelineCommandHandler.java:lambda$handle$2(124)) - Created Pipeline RATIS THREE PipelineID=471ff8af-04fc-438f-a52e-3c2b6dd44a69.
2023-06-02 20:40:38,456 [c911a996-2ad9-4932-9a2b-dd3b110c7bbf-groupManagement] INFO  util.JmxRegister (JmxRegister.java:tryRegister(44)) - Successfully registered JMX Bean with object name Ratis:service=RaftServer,group=group-C4696E2F994E,id=c911a996-2ad9-4932-9a2b-dd3b110c7bbf
2023-06-02 20:40:38,456 [c911a996-2ad9-4932-9a2b-dd3b110c7bbf-groupManagement] INFO  server.RaftServerConfigKeys (ConfUtils.java:logGet(46)) - raft.server.snapshot.auto.trigger.enabled = true (custom)
2023-06-02 20:40:38,456 [c911a996-2ad9-4932-9a2b-dd3b110c7bbf-groupManagement] INFO  server.RaftServerConfigKeys (ConfUtils.java:logGet(46)) - raft.server.snapshot.auto.trigger.threshold = 10000 (custom)
2023-06-02 20:40:38,456 [c911a996-2ad9-4932-9a2b-dd3b110c7bbf-groupManagement] INFO  server.RaftServerConfigKeys (ConfUtils.java:logGet(46)) - raft.server.snapshot.retention.file.num = 5 (custom)
2023-06-02 20:40:38,457 [c911a996-2ad9-4932-9a2b-dd3b110c7bbf-groupManagement] INFO  server.RaftServerConfigKeys (ConfUtils.java:logGet(46)) - raft.server.log.purge.upto.snapshot.index = false (default)
2023-06-02 20:40:38,457 [c911a996-2ad9-4932-9a2b-dd3b110c7bbf@group-C4696E2F994E-FollowerState] INFO  server.RaftServerConfigKeys (ConfUtils.java:logFallback(53)) - raft.server.rpc.first-election.timeout.min = 5s (fallback to raft.server.rpc.timeout.min)
2023-06-02 20:40:38,458 [c911a996-2ad9-4932-9a2b-dd3b110c7bbf@group-C4696E2F994E-FollowerState] INFO  server.RaftServerConfigKeys (ConfUtils.java:logFallback(53)) - raft.server.rpc.first-election.timeout.max = 5200ms (fallback to raft.server.rpc.timeout.max)
2023-06-02 20:40:38,479 [PipelineCommandHandlerThread-0] INFO  commandhandler.CreatePipelineCommandHandler (CreatePipelineCommandHandler.java:lambda$handle$2(124)) - Created Pipeline RATIS THREE PipelineID=5b1b090f-7b14-433a-bef8-c4696e2f994e.
2023-06-02 20:40:38,516 [559beb36-7c11-4841-9a8b-e14375a607db@group-CF3D7B79287F-FollowerState] INFO  impl.FollowerState (FollowerState.java:run(143)) - 559beb36-7c11-4841-9a8b-e14375a607db@group-CF3D7B79287F-FollowerState: change to CANDIDATE, lastRpcElapsedTime:5094134019ns, electionTimeout:5085ms
2023-06-02 20:40:38,516 [559beb36-7c11-4841-9a8b-e14375a607db@group-CF3D7B79287F-FollowerState] INFO  impl.RoleInfo (RoleInfo.java:shutdownFollowerState(110)) - 559beb36-7c11-4841-9a8b-e14375a607db: shutdown 559beb36-7c11-4841-9a8b-e14375a607db@group-CF3D7B79287F-FollowerState
2023-06-02 20:40:38,516 [559beb36-7c11-4841-9a8b-e14375a607db@group-CF3D7B79287F-FollowerState] INFO  server.RaftServer$Division (RaftServerImpl.java:setRole(329)) - 559beb36-7c11-4841-9a8b-e14375a607db@group-CF3D7B79287F: changes role from  FOLLOWER to CANDIDATE at term 0 for changeToCandidate
2023-06-02 20:40:38,516 [559beb36-7c11-4841-9a8b-e14375a607db@group-CF3D7B79287F-FollowerState] INFO  server.RaftServerConfigKeys (ConfUtils.java:logGet(46)) - raft.server.leaderelection.pre-vote = true (default)
2023-06-02 20:40:38,516 [559beb36-7c11-4841-9a8b-e14375a607db@group-CF3D7B79287F-FollowerState] INFO  impl.RoleInfo (RoleInfo.java:updateAndGet(139)) - 559beb36-7c11-4841-9a8b-e14375a607db: start 559beb36-7c11-4841-9a8b-e14375a607db@group-CF3D7B79287F-LeaderElection2
2023-06-02 20:40:38,522 [559beb36-7c11-4841-9a8b-e14375a607db@group-CF3D7B79287F-LeaderElection2] INFO  impl.LeaderElection (LeaderElection.java:askForVotes(321)) - 559beb36-7c11-4841-9a8b-e14375a607db@group-CF3D7B79287F-LeaderElection2 PRE_VOTE round 0: submit vote requests at term 0 for -1: peers:[559beb36-7c11-4841-9a8b-e14375a607db|rpc:10.1.0.31:15014|admin:10.1.0.31:15013|client:10.1.0.31:15012|dataStream:10.1.0.31:15015|priority:1|startupRole:FOLLOWER]|listeners:[], old=null
2023-06-02 20:40:38,522 [559beb36-7c11-4841-9a8b-e14375a607db@group-CF3D7B79287F-LeaderElection2] INFO  impl.LeaderElection (LeaderElection.java:askForVotes(323)) - 559beb36-7c11-4841-9a8b-e14375a607db@group-CF3D7B79287F-LeaderElection2 PRE_VOTE round 0: result PASSED (term=0)
2023-06-02 20:40:38,524 [559beb36-7c11-4841-9a8b-e14375a607db@group-CF3D7B79287F-LeaderElection2] INFO  impl.LeaderElection (LeaderElection.java:askForVotes(321)) - 559beb36-7c11-4841-9a8b-e14375a607db@group-CF3D7B79287F-LeaderElection2 ELECTION round 0: submit vote requests at term 1 for -1: peers:[559beb36-7c11-4841-9a8b-e14375a607db|rpc:10.1.0.31:15014|admin:10.1.0.31:15013|client:10.1.0.31:15012|dataStream:10.1.0.31:15015|priority:1|startupRole:FOLLOWER]|listeners:[], old=null
2023-06-02 20:40:38,524 [559beb36-7c11-4841-9a8b-e14375a607db@group-CF3D7B79287F-LeaderElection2] INFO  impl.LeaderElection (LeaderElection.java:askForVotes(323)) - 559beb36-7c11-4841-9a8b-e14375a607db@group-CF3D7B79287F-LeaderElection2 ELECTION round 0: result PASSED (term=1)
2023-06-02 20:40:38,524 [559beb36-7c11-4841-9a8b-e14375a607db@group-CF3D7B79287F-LeaderElection2] INFO  impl.RoleInfo (RoleInfo.java:shutdownLeaderElection(130)) - 559beb36-7c11-4841-9a8b-e14375a607db: shutdown 559beb36-7c11-4841-9a8b-e14375a607db@group-CF3D7B79287F-LeaderElection2
2023-06-02 20:40:38,524 [559beb36-7c11-4841-9a8b-e14375a607db@group-CF3D7B79287F-LeaderElection2] INFO  server.RaftServer$Division (RaftServerImpl.java:setRole(329)) - 559beb36-7c11-4841-9a8b-e14375a607db@group-CF3D7B79287F: changes role from CANDIDATE to LEADER at term 1 for changeToLeader
2023-06-02 20:40:38,524 [559beb36-7c11-4841-9a8b-e14375a607db@group-CF3D7B79287F-LeaderElection2] INFO  ratis.XceiverServerRatis (XceiverServerRatis.java:handleLeaderChangedNotification(902)) - Leader change notification received for group: group-CF3D7B79287F with new leaderId: 559beb36-7c11-4841-9a8b-e14375a607db
2023-06-02 20:40:38,524 [559beb36-7c11-4841-9a8b-e14375a607db@group-CF3D7B79287F-LeaderElection2] INFO  server.RaftServer$Division (ServerState.java:setLeader(317)) - 559beb36-7c11-4841-9a8b-e14375a607db@group-CF3D7B79287F: change Leader from null to 559beb36-7c11-4841-9a8b-e14375a607db at term 1 for becomeLeader, leader elected after 5167ms
2023-06-02 20:40:38,525 [559beb36-7c11-4841-9a8b-e14375a607db@group-CF3D7B79287F-LeaderElection2] INFO  server.RaftServerConfigKeys (ConfUtils.java:logGet(46)) - raft.server.staging.catchup.gap = 1000 (default)
2023-06-02 20:40:38,526 [559beb36-7c11-4841-9a8b-e14375a607db@group-CF3D7B79287F-LeaderElection2] INFO  server.RaftServerConfigKeys (ConfUtils.java:logGet(46)) - raft.server.write.element-limit = 1024 (custom)
2023-06-02 20:40:38,526 [559beb36-7c11-4841-9a8b-e14375a607db@group-CF3D7B79287F-LeaderElection2] INFO  server.RaftServerConfigKeys (ConfUtils.java:logGet(46)) - raft.server.write.byte-limit = 1024 M (=1073741824) (custom)
2023-06-02 20:40:38,526 [559beb36-7c11-4841-9a8b-e14375a607db@group-CF3D7B79287F-LeaderElection2] INFO  server.RaftServerConfigKeys (ConfUtils.java:logGet(46)) - raft.server.watch.timeout = 180s (custom)
2023-06-02 20:40:38,526 [559beb36-7c11-4841-9a8b-e14375a607db@group-CF3D7B79287F-LeaderElection2] INFO  server.RaftServerConfigKeys (ConfUtils.java:logGet(46)) - raft.server.watch.timeout.denomination = 1s (default)
2023-06-02 20:40:38,526 [559beb36-7c11-4841-9a8b-e14375a607db@group-CF3D7B79287F-LeaderElection2] INFO  server.RaftServerConfigKeys (ConfUtils.java:logGet(46)) - raft.server.watch.element-limit = 65536 (default)
2023-06-02 20:40:38,526 [559beb36-7c11-4841-9a8b-e14375a607db@group-CF3D7B79287F-LeaderElection2] INFO  server.RaftServerConfigKeys (ConfUtils.java:logGet(46)) - raft.server.write.element-limit = 1024 (custom)
2023-06-02 20:40:38,526 [559beb36-7c11-4841-9a8b-e14375a607db@group-CF3D7B79287F-LeaderElection2] INFO  server.RaftServerConfigKeys (ConfUtils.java:logGet(46)) - raft.server.write.follower.gap.ratio.max = -1.0 (default)
2023-06-02 20:40:38,527 [559beb36-7c11-4841-9a8b-e14375a607db@group-CF3D7B79287F-LeaderElection2] INFO  impl.RoleInfo (RoleInfo.java:updateAndGet(139)) - 559beb36-7c11-4841-9a8b-e14375a607db: start 559beb36-7c11-4841-9a8b-e14375a607db@group-CF3D7B79287F-LeaderStateImpl
2023-06-02 20:40:38,527 [559beb36-7c11-4841-9a8b-e14375a607db@group-CF3D7B79287F-LeaderElection2] INFO  segmented.SegmentedRaftLogWorker (SegmentedRaftLogWorker.java:startLogSegment(447)) - 559beb36-7c11-4841-9a8b-e14375a607db@group-CF3D7B79287F-SegmentedRaftLogWorker: Starting segment from index:0
2023-06-02 20:40:38,532 [559beb36-7c11-4841-9a8b-e14375a607db@group-CF3D7B79287F-LeaderElection2] INFO  server.RaftServer$Division (ServerState.java:setRaftConf(434)) - 559beb36-7c11-4841-9a8b-e14375a607db@group-CF3D7B79287F: set configuration 0: peers:[559beb36-7c11-4841-9a8b-e14375a607db|rpc:10.1.0.31:15014|admin:10.1.0.31:15013|client:10.1.0.31:15012|dataStream:10.1.0.31:15015|priority:1|startupRole:FOLLOWER]|listeners:[], old=null
2023-06-02 20:40:38,534 [EventQueue-OpenPipelineForHealthyPipelineSafeModeRule] INFO  safemode.SCMSafeModeManager (HealthyPipelineSafeModeRule.java:process(137)) - SCM in safe mode. Healthy pipelines reported count is 0, required healthy pipeline reported count is 1
2023-06-02 20:40:38,536 [559beb36-7c11-4841-9a8b-e14375a607db@group-CF3D7B79287F-SegmentedRaftLogWorker] INFO  segmented.SegmentedRaftLogWorker (SegmentedRaftLogWorker.java:execute(651)) - 559beb36-7c11-4841-9a8b-e14375a607db@group-CF3D7B79287F-SegmentedRaftLogWorker: created new log segment /home/runner/work/ozone/ozone/hadoop-ozone/integration-test/target/test-dir/MiniOzoneClusterImpl-5ac0c7d5-b38a-4534-ae70-3109b4fe19c6/datanode-0/data/ratis/ecd7568a-3888-411c-bb65-cf3d7b79287f/current/log_inprogress_0
2023-06-02 20:40:38,580 [559beb36-7c11-4841-9a8b-e14375a607db@group-A560C19004D9-FollowerState] INFO  impl.FollowerState (FollowerState.java:run(143)) - 559beb36-7c11-4841-9a8b-e14375a607db@group-A560C19004D9-FollowerState: change to CANDIDATE, lastRpcElapsedTime:5096607604ns, electionTimeout:5093ms
2023-06-02 20:40:38,583 [559beb36-7c11-4841-9a8b-e14375a607db@group-A560C19004D9-FollowerState] INFO  impl.RoleInfo (RoleInfo.java:shutdownFollowerState(110)) - 559beb36-7c11-4841-9a8b-e14375a607db: shutdown 559beb36-7c11-4841-9a8b-e14375a607db@group-A560C19004D9-FollowerState
2023-06-02 20:40:38,583 [559beb36-7c11-4841-9a8b-e14375a607db@group-A560C19004D9-FollowerState] INFO  server.RaftServer$Division (RaftServerImpl.java:setRole(329)) - 559beb36-7c11-4841-9a8b-e14375a607db@group-A560C19004D9: changes role from  FOLLOWER to CANDIDATE at term 0 for changeToCandidate
2023-06-02 20:40:38,583 [559beb36-7c11-4841-9a8b-e14375a607db@group-A560C19004D9-FollowerState] INFO  server.RaftServerConfigKeys (ConfUtils.java:logGet(46)) - raft.server.leaderelection.pre-vote = true (default)
2023-06-02 20:40:38,583 [559beb36-7c11-4841-9a8b-e14375a607db@group-A560C19004D9-FollowerState] INFO  impl.RoleInfo (RoleInfo.java:updateAndGet(139)) - 559beb36-7c11-4841-9a8b-e14375a607db: start 559beb36-7c11-4841-9a8b-e14375a607db@group-A560C19004D9-LeaderElection3
2023-06-02 20:40:38,586 [559beb36-7c11-4841-9a8b-e14375a607db@group-A560C19004D9-LeaderElection3] INFO  impl.LeaderElection (LeaderElection.java:askForVotes(321)) - 559beb36-7c11-4841-9a8b-e14375a607db@group-A560C19004D9-LeaderElection3 PRE_VOTE round 0: submit vote requests at term 0 for -1: peers:[559beb36-7c11-4841-9a8b-e14375a607db|rpc:10.1.0.31:15014|admin:10.1.0.31:15013|client:10.1.0.31:15012|dataStream:10.1.0.31:15015|priority:0|startupRole:FOLLOWER, f3098061-e126-467d-ace5-c417dde623cb|rpc:10.1.0.31:15023|admin:10.1.0.31:15022|client:10.1.0.31:15021|dataStream:10.1.0.31:15024|priority:0|startupRole:FOLLOWER, 501c2811-31b4-4cb7-a883-304e4eecc84c|rpc:10.1.0.31:15032|admin:10.1.0.31:15031|client:10.1.0.31:15030|dataStream:10.1.0.31:15033|priority:1|startupRole:FOLLOWER]|listeners:[], old=null
2023-06-02 20:40:38,592 [559beb36-7c11-4841-9a8b-e14375a607db@group-A560C19004D9-LeaderElection3-1] INFO  server.GrpcServerProtocolClient (GrpcServerProtocolClient.java:<init>(65)) - Build channel for f3098061-e126-467d-ace5-c417dde623cb
2023-06-02 20:40:38,595 [559beb36-7c11-4841-9a8b-e14375a607db@group-A560C19004D9-LeaderElection3] INFO  server.RaftServerConfigKeys (ConfUtils.java:logFallback(53)) - raft.server.rpc.first-election.timeout.min = 5s (fallback to raft.server.rpc.timeout.min)
2023-06-02 20:40:38,595 [559beb36-7c11-4841-9a8b-e14375a607db@group-A560C19004D9-LeaderElection3] INFO  server.RaftServerConfigKeys (ConfUtils.java:logFallback(53)) - raft.server.rpc.first-election.timeout.max = 5200ms (fallback to raft.server.rpc.timeout.max)
2023-06-02 20:40:38,599 [559beb36-7c11-4841-9a8b-e14375a607db@group-A560C19004D9-LeaderElection3-2] INFO  server.GrpcServerProtocolClient (GrpcServerProtocolClient.java:<init>(65)) - Build channel for 501c2811-31b4-4cb7-a883-304e4eecc84c
2023-06-02 20:40:38,605 [grpc-default-executor-1] INFO  server.RaftServer$Division (RaftServerImpl.java:requestVote(1302)) - f3098061-e126-467d-ace5-c417dde623cb@group-A560C19004D9: receive requestVote(PRE_VOTE, 559beb36-7c11-4841-9a8b-e14375a607db, group-A560C19004D9, 0, (t:0, i:0))
2023-06-02 20:40:38,607 [grpc-default-executor-1] INFO  impl.VoteContext (VoteContext.java:log(49)) - f3098061-e126-467d-ace5-c417dde623cb@group-A560C19004D9-FOLLOWER: accept PRE_VOTE from 559beb36-7c11-4841-9a8b-e14375a607db: our priority 0 <= candidate's priority 0
2023-06-02 20:40:38,611 [grpc-default-executor-1] INFO  server.RaftServer$Division (RaftServerImpl.java:requestVote(1335)) - f3098061-e126-467d-ace5-c417dde623cb@group-A560C19004D9 replies to PRE_VOTE vote request: 559beb36-7c11-4841-9a8b-e14375a607db<-f3098061-e126-467d-ace5-c417dde623cb#0:OK-t0. Peer's state: f3098061-e126-467d-ace5-c417dde623cb@group-A560C19004D9:t0, leader=null, voted=, raftlog=Memoized:f3098061-e126-467d-ace5-c417dde623cb@group-A560C19004D9-SegmentedRaftLog:OPENED:c-1, conf=-1: peers:[559beb36-7c11-4841-9a8b-e14375a607db|rpc:10.1.0.31:15014|admin:10.1.0.31:15013|client:10.1.0.31:15012|dataStream:10.1.0.31:15015|priority:0|startupRole:FOLLOWER, f3098061-e126-467d-ace5-c417dde623cb|rpc:10.1.0.31:15023|admin:10.1.0.31:15022|client:10.1.0.31:15021|dataStream:10.1.0.31:15024|priority:0|startupRole:FOLLOWER, 501c2811-31b4-4cb7-a883-304e4eecc84c|rpc:10.1.0.31:15032|admin:10.1.0.31:15031|client:10.1.0.31:15030|dataStream:10.1.0.31:15033|priority:1|startupRole:FOLLOWER]|listeners:[], old=null
2023-06-02 20:40:38,623 [grpc-default-executor-1] INFO  server.RaftServer$Division (RaftServerImpl.java:requestVote(1302)) - 501c2811-31b4-4cb7-a883-304e4eecc84c@group-A560C19004D9: receive requestVote(PRE_VOTE, 559beb36-7c11-4841-9a8b-e14375a607db, group-A560C19004D9, 0, (t:0, i:0))
2023-06-02 20:40:38,623 [grpc-default-executor-1] INFO  impl.VoteContext (VoteContext.java:log(49)) - 501c2811-31b4-4cb7-a883-304e4eecc84c@group-A560C19004D9-FOLLOWER: reject PRE_VOTE from 559beb36-7c11-4841-9a8b-e14375a607db: our priority 1 > candidate's priority 0
2023-06-02 20:40:38,623 [grpc-default-executor-1] INFO  server.RaftServer$Division (RaftServerImpl.java:requestVote(1335)) - 501c2811-31b4-4cb7-a883-304e4eecc84c@group-A560C19004D9 replies to PRE_VOTE vote request: 559beb36-7c11-4841-9a8b-e14375a607db<-501c2811-31b4-4cb7-a883-304e4eecc84c#0:FAIL-t0. Peer's state: 501c2811-31b4-4cb7-a883-304e4eecc84c@group-A560C19004D9:t0, leader=null, voted=, raftlog=Memoized:501c2811-31b4-4cb7-a883-304e4eecc84c@group-A560C19004D9-SegmentedRaftLog:OPENED:c-1, conf=-1: peers:[559beb36-7c11-4841-9a8b-e14375a607db|rpc:10.1.0.31:15014|admin:10.1.0.31:15013|client:10.1.0.31:15012|dataStream:10.1.0.31:15015|priority:0|startupRole:FOLLOWER, f3098061-e126-467d-ace5-c417dde623cb|rpc:10.1.0.31:15023|admin:10.1.0.31:15022|client:10.1.0.31:15021|dataStream:10.1.0.31:15024|priority:0|startupRole:FOLLOWER, 501c2811-31b4-4cb7-a883-304e4eecc84c|rpc:10.1.0.31:15032|admin:10.1.0.31:15031|client:10.1.0.31:15030|dataStream:10.1.0.31:15033|priority:1|startupRole:FOLLOWER]|listeners:[], old=null
2023-06-02 20:40:38,625 [559beb36-7c11-4841-9a8b-e14375a607db@group-A560C19004D9-LeaderElection3] INFO  impl.LeaderElection (LeaderElection.java:logAndReturn(90)) - 559beb36-7c11-4841-9a8b-e14375a607db@group-A560C19004D9-LeaderElection3: PRE_VOTE REJECTED received 2 response(s) and 0 exception(s):
2023-06-02 20:40:38,625 [559beb36-7c11-4841-9a8b-e14375a607db@group-A560C19004D9-LeaderElection3] INFO  impl.LeaderElection (LeaderElection.java:logAndReturn(94)) -   Response 0: 559beb36-7c11-4841-9a8b-e14375a607db<-f3098061-e126-467d-ace5-c417dde623cb#0:OK-t0
2023-06-02 20:40:38,625 [559beb36-7c11-4841-9a8b-e14375a607db@group-A560C19004D9-LeaderElection3] INFO  impl.LeaderElection (LeaderElection.java:logAndReturn(94)) -   Response 1: 559beb36-7c11-4841-9a8b-e14375a607db<-501c2811-31b4-4cb7-a883-304e4eecc84c#0:FAIL-t0
2023-06-02 20:40:38,625 [559beb36-7c11-4841-9a8b-e14375a607db@group-A560C19004D9-LeaderElection3] INFO  impl.LeaderElection (LeaderElection.java:askForVotes(323)) - 559beb36-7c11-4841-9a8b-e14375a607db@group-A560C19004D9-LeaderElection3 PRE_VOTE round 0: result REJECTED
2023-06-02 20:40:38,626 [559beb36-7c11-4841-9a8b-e14375a607db@group-A560C19004D9-LeaderElection3] INFO  server.RaftServer$Division (RaftServerImpl.java:setRole(329)) - 559beb36-7c11-4841-9a8b-e14375a607db@group-A560C19004D9: changes role from CANDIDATE to FOLLOWER at term 0 for REJECTED
2023-06-02 20:40:38,627 [559beb36-7c11-4841-9a8b-e14375a607db@group-A560C19004D9-LeaderElection3] INFO  impl.RoleInfo (RoleInfo.java:shutdownLeaderElection(130)) - 559beb36-7c11-4841-9a8b-e14375a607db: shutdown 559beb36-7c11-4841-9a8b-e14375a607db@group-A560C19004D9-LeaderElection3
2023-06-02 20:40:38,627 [559beb36-7c11-4841-9a8b-e14375a607db@group-A560C19004D9-LeaderElection3] INFO  impl.RoleInfo (RoleInfo.java:updateAndGet(139)) - 559beb36-7c11-4841-9a8b-e14375a607db: start 559beb36-7c11-4841-9a8b-e14375a607db@group-A560C19004D9-FollowerState
2023-06-02 20:40:38,729 [PipelineCommandHandlerThread-0] INFO  server.RaftServer (RaftServerProxy.java:addNew(98)) - de3fb769-0102-4a69-91ff-1ba1954f3f02: addNew group-82A0191462DD:[de3fb769-0102-4a69-91ff-1ba1954f3f02|rpc:10.1.0.31:15113|admin:10.1.0.31:15112|client:10.1.0.31:15111|dataStream:10.1.0.31:15114|priority:1|startupRole:FOLLOWER] returns group-82A0191462DD:java.util.concurrent.CompletableFuture@874f97f[Not completed]
2023-06-02 20:40:38,730 [de3fb769-0102-4a69-91ff-1ba1954f3f02-groupManagement] INFO  server.RaftServer$Division (RaftServerImpl.java:<init>(198)) - de3fb769-0102-4a69-91ff-1ba1954f3f02: new RaftServerImpl for group-82A0191462DD:[de3fb769-0102-4a69-91ff-1ba1954f3f02|rpc:10.1.0.31:15113|admin:10.1.0.31:15112|client:10.1.0.31:15111|dataStream:10.1.0.31:15114|priority:1|startupRole:FOLLOWER] with ContainerStateMachine:uninitialized
2023-06-02 20:40:38,730 [de3fb769-0102-4a69-91ff-1ba1954f3f02-groupManagement] INFO  server.RaftServerConfigKeys (ConfUtils.java:logGet(46)) - raft.server.rpc.timeout.min = 5s (custom)
2023-06-02 20:40:38,730 [de3fb769-0102-4a69-91ff-1ba1954f3f02-groupManagement] INFO  server.RaftServerConfigKeys (ConfUtils.java:logGet(46)) - raft.server.rpc.timeout.max = 5200ms (custom)
2023-06-02 20:40:38,730 [de3fb769-0102-4a69-91ff-1ba1954f3f02-groupManagement] INFO  server.RaftServerConfigKeys (ConfUtils.java:logGet(46)) - raft.server.rpc.sleep.time = 25ms (default)
2023-06-02 20:40:38,730 [de3fb769-0102-4a69-91ff-1ba1954f3f02-groupManagement] INFO  server.RaftServerConfigKeys (ConfUtils.java:logGet(46)) - raft.server.rpc.slowness.timeout = 300s (custom)
2023-06-02 20:40:38,730 [de3fb769-0102-4a69-91ff-1ba1954f3f02-groupManagement] INFO  server.RaftServerConfigKeys (ConfUtils.java:logGet(46)) - raft.server.leaderelection.leader.step-down.wait-time = 10s (default)
2023-06-02 20:40:38,730 [de3fb769-0102-4a69-91ff-1ba1954f3f02-groupManagement] INFO  server.RaftServerConfigKeys (ConfUtils.java:logGet(46)) - raft.server.sleep.deviation.threshold = 300ms (default)
2023-06-02 20:40:38,730 [de3fb769-0102-4a69-91ff-1ba1954f3f02-groupManagement] INFO  server.RaftServer$Division (ServerState.java:<init>(120)) - de3fb769-0102-4a69-91ff-1ba1954f3f02@group-82A0191462DD: ConfigurationManager, init=-1: peers:[de3fb769-0102-4a69-91ff-1ba1954f3f02|rpc:10.1.0.31:15113|admin:10.1.0.31:15112|client:10.1.0.31:15111|dataStream:10.1.0.31:15114|priority:1|startupRole:FOLLOWER]|listeners:[], old=null, confs=<EMPTY_MAP>
2023-06-02 20:40:38,730 [de3fb769-0102-4a69-91ff-1ba1954f3f02-groupManagement] INFO  server.RaftServerConfigKeys (ConfUtils.java:logGet(46)) - raft.server.storage.dir = [/home/runner/work/ozone/ozone/hadoop-ozone/integration-test/target/test-dir/MiniOzoneClusterImpl-5ac0c7d5-b38a-4534-ae70-3109b4fe19c6/datanode-11/data/ratis] (custom)
2023-06-02 20:40:38,731 [de3fb769-0102-4a69-91ff-1ba1954f3f02-groupManagement] INFO  server.RaftServerConfigKeys (ConfUtils.java:logGet(46)) - raft.server.log.corruption.policy = EXCEPTION (default)
2023-06-02 20:40:38,731 [de3fb769-0102-4a69-91ff-1ba1954f3f02-groupManagement] INFO  server.RaftServerConfigKeys (ConfUtils.java:logGet(46)) - raft.server.storage.free-space.min = 0MB (=0) (default)
2023-06-02 20:40:38,731 [de3fb769-0102-4a69-91ff-1ba1954f3f02-groupManagement] INFO  server.RaftServerConfigKeys (ConfUtils.java:logGet(46)) - raft.server.notification.no-leader.timeout = 300s (custom)
2023-06-02 20:40:38,731 [de3fb769-0102-4a69-91ff-1ba1954f3f02-groupManagement] INFO  server.RaftServerConfigKeys (ConfUtils.java:logGet(46)) - raft.server.read.timeout = 10s (default)
2023-06-02 20:40:38,731 [de3fb769-0102-4a69-91ff-1ba1954f3f02-groupManagement] INFO  server.RaftServerConfigKeys (ConfUtils.java:logGet(46)) - raft.server.retrycache.expirytime = 600000ms (custom)
2023-06-02 20:40:38,731 [de3fb769-0102-4a69-91ff-1ba1954f3f02-groupManagement] INFO  server.RaftServerConfigKeys (ConfUtils.java:logGet(46)) - raft.server.retrycache.statistics.expirytime = 100μs (default)
2023-06-02 20:40:38,731 [de3fb769-0102-4a69-91ff-1ba1954f3f02-groupManagement] INFO  server.RaftServerConfigKeys (ConfUtils.java:logGet(46)) - raft.server.read.option = DEFAULT (default)
2023-06-02 20:40:38,732 [de3fb769-0102-4a69-91ff-1ba1954f3f02-groupManagement] INFO  server.RaftServerConfigKeys (ConfUtils.java:logGet(46)) - raft.server.rpc.request.timeout = 60s (custom)
2023-06-02 20:40:38,732 [de3fb769-0102-4a69-91ff-1ba1954f3f02-groupManagement] INFO  server.RaftServerConfigKeys (ConfUtils.java:logGet(46)) - raft.server.log.appender.install.snapshot.enabled = false (custom)
2023-06-02 20:40:38,732 [de3fb769-0102-4a69-91ff-1ba1954f3f02-groupManagement] INFO  server.RaftServerConfigKeys (ConfUtils.java:logGet(46)) - raft.server.threadpool.server.cached = true (default)
2023-06-02 20:40:38,732 [de3fb769-0102-4a69-91ff-1ba1954f3f02-groupManagement] INFO  server.RaftServerConfigKeys (ConfUtils.java:logGet(46)) - raft.server.threadpool.server.size = 0 (default)
2023-06-02 20:40:38,732 [de3fb769-0102-4a69-91ff-1ba1954f3f02-groupManagement] INFO  server.RaftServerConfigKeys (ConfUtils.java:logGet(46)) - raft.server.threadpool.client.cached = true (default)
2023-06-02 20:40:38,733 [de3fb769-0102-4a69-91ff-1ba1954f3f02-groupManagement] INFO  server.RaftServerConfigKeys (ConfUtils.java:logGet(46)) - raft.server.threadpool.client.size = 0 (default)
2023-06-02 20:40:38,733 [de3fb769-0102-4a69-91ff-1ba1954f3f02-groupManagement] INFO  storage.RaftStorageDirectory (RaftStorageDirectoryImpl.java:analyzeStorage(137)) - The storage directory /home/runner/work/ozone/ozone/hadoop-ozone/integration-test/target/test-dir/MiniOzoneClusterImpl-5ac0c7d5-b38a-4534-ae70-3109b4fe19c6/datanode-11/data/ratis/71fc64fe-542b-4b30-aa25-82a0191462dd does not exist. Creating ...
2023-06-02 20:40:38,735 [de3fb769-0102-4a69-91ff-1ba1954f3f02-groupManagement] INFO  storage.RaftStorageDirectory (RaftStorageDirectoryImpl.java:tryLock(231)) - Lock on /home/runner/work/ozone/ozone/hadoop-ozone/integration-test/target/test-dir/MiniOzoneClusterImpl-5ac0c7d5-b38a-4534-ae70-3109b4fe19c6/datanode-11/data/ratis/71fc64fe-542b-4b30-aa25-82a0191462dd/in_use.lock acquired by nodename 65175@fv-az1239-288
2023-06-02 20:40:38,736 [de3fb769-0102-4a69-91ff-1ba1954f3f02-groupManagement] INFO  storage.RaftStorage (RaftStorageImpl.java:format(96)) - Storage directory /home/runner/work/ozone/ozone/hadoop-ozone/integration-test/target/test-dir/MiniOzoneClusterImpl-5ac0c7d5-b38a-4534-ae70-3109b4fe19c6/datanode-11/data/ratis/71fc64fe-542b-4b30-aa25-82a0191462dd has been successfully formatted.
2023-06-02 20:40:38,738 [de3fb769-0102-4a69-91ff-1ba1954f3f02-groupManagement] INFO  ratis.ContainerStateMachine (ContainerStateMachine.java:loadSnapshot(262)) - group-82A0191462DD: The snapshot info is null. Setting the last applied indexto:(t:0, i:~)
2023-06-02 20:40:38,738 [de3fb769-0102-4a69-91ff-1ba1954f3f02-groupManagement] INFO  server.RaftServerConfigKeys (ConfUtils.java:logGet(46)) - raft.server.log.use.memory = false (default)
2023-06-02 20:40:38,738 [de3fb769-0102-4a69-91ff-1ba1954f3f02-groupManagement] INFO  server.RaftServerConfigKeys (ConfUtils.java:logGet(46)) - raft.server.log.purge.gap = 1000000 (custom)
2023-06-02 20:40:38,738 [de3fb769-0102-4a69-91ff-1ba1954f3f02-groupManagement] INFO  server.RaftServerConfigKeys (ConfUtils.java:logGet(46)) - raft.server.log.appender.buffer.byte-limit = 33554432 (custom)
2023-06-02 20:40:38,738 [de3fb769-0102-4a69-91ff-1ba1954f3f02-groupManagement] INFO  server.RaftServerConfigKeys (ConfUtils.java:logGet(46)) - raft.server.log.statemachine.data.read.timeout = 1000ms (default)
2023-06-02 20:40:38,738 [de3fb769-0102-4a69-91ff-1ba1954f3f02-groupManagement] INFO  server.RaftServerConfigKeys (ConfUtils.java:logGet(46)) - raft.server.log.purge.preservation.log.num = 0 (default)
2023-06-02 20:40:38,738 [de3fb769-0102-4a69-91ff-1ba1954f3f02-groupManagement] INFO  server.RaftServerConfigKeys (ConfUtils.java:logGet(46)) - raft.server.log.segment.size.max = 1048576 (custom)
2023-06-02 20:40:38,739 [de3fb769-0102-4a69-91ff-1ba1954f3f02-groupManagement] INFO  server.RaftServerConfigKeys (ConfUtils.java:logGet(46)) - raft.server.log.segment.cache.num.max = 2 (custom)
2023-06-02 20:40:38,739 [de3fb769-0102-4a69-91ff-1ba1954f3f02-groupManagement] INFO  server.RaftServerConfigKeys (ConfUtils.java:logGet(46)) - raft.server.log.segment.cache.size.max = 200MB (=209715200) (default)
2023-06-02 20:40:38,739 [de3fb769-0102-4a69-91ff-1ba1954f3f02-groupManagement] INFO  server.RaftServerConfigKeys (ConfUtils.java:logGet(46)) - raft.server.log.appender.buffer.byte-limit = 33554432 (custom)
2023-06-02 20:40:38,739 [de3fb769-0102-4a69-91ff-1ba1954f3f02-groupManagement] INFO  segmented.SegmentedRaftLogWorker (SegmentedRaftLogWorker.java:<init>(188)) - new de3fb769-0102-4a69-91ff-1ba1954f3f02@group-82A0191462DD-SegmentedRaftLogWorker for RaftStorageImpl:Storage Directory /home/runner/work/ozone/ozone/hadoop-ozone/integration-test/target/test-dir/MiniOzoneClusterImpl-5ac0c7d5-b38a-4534-ae70-3109b4fe19c6/datanode-11/data/ratis/71fc64fe-542b-4b30-aa25-82a0191462dd
2023-06-02 20:40:38,740 [EventQueue-PipelineReportForPipelineReportHandler] INFO  pipeline.PipelineManagerImpl (PipelineManagerImpl.java:openPipeline(367)) - Pipeline Pipeline[ Id: 71fc64fe-542b-4b30-aa25-82a0191462dd, Nodes: de3fb769-0102-4a69-91ff-1ba1954f3f02(fv-az1239-288/10.1.0.31), ReplicationConfig: RATIS/ONE, State:ALLOCATED, leaderId:de3fb769-0102-4a69-91ff-1ba1954f3f02, CreationTimestamp2023-06-02T20:40:35.733Z[Etc/UTC]] moved to OPEN state
2023-06-02 20:40:38,741 [EventQueue-OpenPipelineForHealthyPipelineSafeModeRule] INFO  safemode.SCMSafeModeManager (HealthyPipelineSafeModeRule.java:process(137)) - SCM in safe mode. Healthy pipelines reported count is 0, required healthy pipeline reported count is 1
2023-06-02 20:40:38,741 [de3fb769-0102-4a69-91ff-1ba1954f3f02-groupManagement] INFO  server.RaftServerConfigKeys (ConfUtils.java:logGet(46)) - raft.server.log.queue.byte-limit = 4294967296 (custom)
2023-06-02 20:40:38,741 [de3fb769-0102-4a69-91ff-1ba1954f3f02-groupManagement] INFO  server.RaftServerConfigKeys (ConfUtils.java:logGet(46)) - raft.server.log.queue.element-limit = 1024 (custom)
2023-06-02 20:40:38,741 [de3fb769-0102-4a69-91ff-1ba1954f3f02-groupManagement] INFO  server.RaftServerConfigKeys (ConfUtils.java:logGet(46)) - raft.server.log.segment.size.max = 1048576 (custom)
2023-06-02 20:40:38,741 [de3fb769-0102-4a69-91ff-1ba1954f3f02-groupManagement] INFO  server.RaftServerConfigKeys (ConfUtils.java:logGet(46)) - raft.server.log.preallocated.size = 16384 (custom)
2023-06-02 20:40:38,741 [de3fb769-0102-4a69-91ff-1ba1954f3f02-groupManagement] INFO  server.RaftServerConfigKeys (ConfUtils.java:logGet(46)) - raft.server.log.force.sync.num = 128 (default)
2023-06-02 20:40:38,741 [de3fb769-0102-4a69-91ff-1ba1954f3f02-groupManagement] INFO  server.RaftServerConfigKeys (ConfUtils.java:logGet(46)) - raft.server.log.statemachine.data.sync = true (default)
2023-06-02 20:40:38,741 [de3fb769-0102-4a69-91ff-1ba1954f3f02-groupManagement] INFO  server.RaftServerConfigKeys (ConfUtils.java:logGet(46)) - raft.server.log.statemachine.data.sync.timeout = 10s (default)
2023-06-02 20:40:38,742 [de3fb769-0102-4a69-91ff-1ba1954f3f02-groupManagement] INFO  server.RaftServerConfigKeys (ConfUtils.java:logGet(46)) - raft.server.log.statemachine.data.sync.timeout.retry = -1 (default)
2023-06-02 20:40:38,743 [de3fb769-0102-4a69-91ff-1ba1954f3f02-groupManagement] INFO  server.RaftServerConfigKeys (ConfUtils.java:logGet(46)) - raft.server.log.write.buffer.size = 1048576 (custom)
2023-06-02 20:40:38,744 [de3fb769-0102-4a69-91ff-1ba1954f3f02-groupManagement] INFO  server.RaftServerConfigKeys (ConfUtils.java:logGet(46)) - raft.server.log.appender.buffer.byte-limit = 33554432 (custom)
2023-06-02 20:40:38,749 [de3fb769-0102-4a69-91ff-1ba1954f3f02-groupManagement] INFO  server.RaftServerConfigKeys (ConfUtils.java:logGet(46)) - raft.server.log.unsafe-flush.enabled = false (default)
2023-06-02 20:40:38,749 [de3fb769-0102-4a69-91ff-1ba1954f3f02-groupManagement] INFO  server.RaftServerConfigKeys (ConfUtils.java:logGet(46)) - raft.server.log.async-flush.enabled = false (default)
2023-06-02 20:40:38,749 [de3fb769-0102-4a69-91ff-1ba1954f3f02-groupManagement] INFO  server.RaftServerConfigKeys (ConfUtils.java:logGet(46)) - raft.server.log.statemachine.data.caching.enabled = true (custom)
2023-06-02 20:40:38,750 [de3fb769-0102-4a69-91ff-1ba1954f3f02-groupManagement] INFO  segmented.SegmentedRaftLogWorker (SegmentedRaftLogWorker.java:lambda$new$0(135)) - de3fb769-0102-4a69-91ff-1ba1954f3f02@group-82A0191462DD-SegmentedRaftLogWorker: flushIndex: setUnconditionally 0 -> -1
2023-06-02 20:40:38,750 [de3fb769-0102-4a69-91ff-1ba1954f3f02-groupManagement] INFO  segmented.SegmentedRaftLogWorker (SegmentedRaftLogWorker.java:lambda$new$0(135)) - de3fb769-0102-4a69-91ff-1ba1954f3f02@group-82A0191462DD-SegmentedRaftLogWorker: safeCacheEvictIndex: setUnconditionally 0 -> -1
2023-06-02 20:40:38,750 [de3fb769-0102-4a69-91ff-1ba1954f3f02-groupManagement] INFO  server.RaftServer$Division (RaftServerImpl.java:start(342)) - de3fb769-0102-4a69-91ff-1ba1954f3f02@group-82A0191462DD: start as a follower, conf=-1: peers:[de3fb769-0102-4a69-91ff-1ba1954f3f02|rpc:10.1.0.31:15113|admin:10.1.0.31:15112|client:10.1.0.31:15111|dataStream:10.1.0.31:15114|priority:1|startupRole:FOLLOWER]|listeners:[], old=null
2023-06-02 20:40:38,750 [de3fb769-0102-4a69-91ff-1ba1954f3f02-groupManagement] INFO  server.RaftServer$Division (RaftServerImpl.java:setRole(329)) - de3fb769-0102-4a69-91ff-1ba1954f3f02@group-82A0191462DD: changes role from      null to FOLLOWER at term 0 for startAsFollower
2023-06-02 20:40:38,750 [de3fb769-0102-4a69-91ff-1ba1954f3f02-groupManagement] INFO  impl.RoleInfo (RoleInfo.java:updateAndGet(139)) - de3fb769-0102-4a69-91ff-1ba1954f3f02: start de3fb769-0102-4a69-91ff-1ba1954f3f02@group-82A0191462DD-FollowerState
2023-06-02 20:40:38,750 [de3fb769-0102-4a69-91ff-1ba1954f3f02-groupManagement] INFO  util.JmxRegister (JmxRegister.java:tryRegister(44)) - Successfully registered JMX Bean with object name Ratis:service=RaftServer,group=group-82A0191462DD,id=de3fb769-0102-4a69-91ff-1ba1954f3f02
2023-06-02 20:40:38,751 [de3fb769-0102-4a69-91ff-1ba1954f3f02-groupManagement] INFO  server.RaftServerConfigKeys (ConfUtils.java:logGet(46)) - raft.server.snapshot.auto.trigger.enabled = true (custom)
2023-06-02 20:40:38,751 [de3fb769-0102-4a69-91ff-1ba1954f3f02-groupManagement] INFO  server.RaftServerConfigKeys (ConfUtils.java:logGet(46)) - raft.server.snapshot.auto.trigger.threshold = 10000 (custom)
2023-06-02 20:40:38,751 [de3fb769-0102-4a69-91ff-1ba1954f3f02-groupManagement] INFO  server.RaftServerConfigKeys (ConfUtils.java:logGet(46)) - raft.server.snapshot.retention.file.num = 5 (custom)
2023-06-02 20:40:38,751 [de3fb769-0102-4a69-91ff-1ba1954f3f02-groupManagement] INFO  server.RaftServerConfigKeys (ConfUtils.java:logGet(46)) - raft.server.log.purge.upto.snapshot.index = false (default)
2023-06-02 20:40:38,751 [de3fb769-0102-4a69-91ff-1ba1954f3f02@group-82A0191462DD-FollowerState] INFO  server.RaftServerConfigKeys (ConfUtils.java:logFallback(53)) - raft.server.rpc.first-election.timeout.min = 5s (fallback to raft.server.rpc.timeout.min)
2023-06-02 20:40:38,751 [de3fb769-0102-4a69-91ff-1ba1954f3f02@group-82A0191462DD-FollowerState] INFO  server.RaftServerConfigKeys (ConfUtils.java:logFallback(53)) - raft.server.rpc.first-election.timeout.max = 5200ms (fallback to raft.server.rpc.timeout.max)
2023-06-02 20:40:38,753 [PipelineCommandHandlerThread-0] INFO  ratis.XceiverServerRatis (XceiverServerRatis.java:addGroup(804)) - Created group PipelineID=71fc64fe-542b-4b30-aa25-82a0191462dd
2023-06-02 20:40:38,754 [PipelineCommandHandlerThread-0] INFO  commandhandler.CreatePipelineCommandHandler (CreatePipelineCommandHandler.java:lambda$handle$2(124)) - Created Pipeline RATIS ONE PipelineID=71fc64fe-542b-4b30-aa25-82a0191462dd.
2023-06-02 20:40:39,067 [501c2811-31b4-4cb7-a883-304e4eecc84c@group-A560C19004D9-FollowerState] INFO  impl.FollowerState (FollowerState.java:run(143)) - 501c2811-31b4-4cb7-a883-304e4eecc84c@group-A560C19004D9-FollowerState: change to CANDIDATE, lastRpcElapsedTime:5073190049ns, electionTimeout:5057ms
2023-06-02 20:40:39,068 [501c2811-31b4-4cb7-a883-304e4eecc84c@group-A560C19004D9-FollowerState] INFO  impl.RoleInfo (RoleInfo.java:shutdownFollowerState(110)) - 501c2811-31b4-4cb7-a883-304e4eecc84c: shutdown 501c2811-31b4-4cb7-a883-304e4eecc84c@group-A560C19004D9-FollowerState
2023-06-02 20:40:39,068 [501c2811-31b4-4cb7-a883-304e4eecc84c@group-A560C19004D9-FollowerState] INFO  server.RaftServer$Division (RaftServerImpl.java:setRole(329)) - 501c2811-31b4-4cb7-a883-304e4eecc84c@group-A560C19004D9: changes role from  FOLLOWER to CANDIDATE at term 0 for changeToCandidate
2023-06-02 20:40:39,068 [501c2811-31b4-4cb7-a883-304e4eecc84c@group-A560C19004D9-FollowerState] INFO  server.RaftServerConfigKeys (ConfUtils.java:logGet(46)) - raft.server.leaderelection.pre-vote = true (default)
2023-06-02 20:40:39,068 [501c2811-31b4-4cb7-a883-304e4eecc84c@group-A560C19004D9-FollowerState] INFO  impl.RoleInfo (RoleInfo.java:updateAndGet(139)) - 501c2811-31b4-4cb7-a883-304e4eecc84c: start 501c2811-31b4-4cb7-a883-304e4eecc84c@group-A560C19004D9-LeaderElection4
2023-06-02 20:40:39,070 [PipelineCommandHandlerThread-0] INFO  server.RaftServer (RaftServerProxy.java:addNew(98)) - 8f90378c-2071-462d-9a04-80510992f21c: addNew group-EC07C2C94AFC:[8f90378c-2071-462d-9a04-80510992f21c|rpc:10.1.0.31:15122|admin:10.1.0.31:15121|client:10.1.0.31:15120|dataStream:10.1.0.31:15123|priority:1|startupRole:FOLLOWER] returns group-EC07C2C94AFC:java.util.concurrent.CompletableFuture@41482d97[Not completed]
2023-06-02 20:40:39,071 [501c2811-31b4-4cb7-a883-304e4eecc84c@group-A560C19004D9-LeaderElection4] INFO  impl.LeaderElection (LeaderElection.java:askForVotes(321)) - 501c2811-31b4-4cb7-a883-304e4eecc84c@group-A560C19004D9-LeaderElection4 PRE_VOTE round 0: submit vote requests at term 0 for -1: peers:[559beb36-7c11-4841-9a8b-e14375a607db|rpc:10.1.0.31:15014|admin:10.1.0.31:15013|client:10.1.0.31:15012|dataStream:10.1.0.31:15015|priority:0|startupRole:FOLLOWER, f3098061-e126-467d-ace5-c417dde623cb|rpc:10.1.0.31:15023|admin:10.1.0.31:15022|client:10.1.0.31:15021|dataStream:10.1.0.31:15024|priority:0|startupRole:FOLLOWER, 501c2811-31b4-4cb7-a883-304e4eecc84c|rpc:10.1.0.31:15032|admin:10.1.0.31:15031|client:10.1.0.31:15030|dataStream:10.1.0.31:15033|priority:1|startupRole:FOLLOWER]|listeners:[], old=null
2023-06-02 20:40:39,077 [501c2811-31b4-4cb7-a883-304e4eecc84c@group-A560C19004D9-LeaderElection4] INFO  server.RaftServerConfigKeys (ConfUtils.java:logFallback(53)) - raft.server.rpc.first-election.timeout.min = 5s (fallback to raft.server.rpc.timeout.min)
2023-06-02 20:40:39,077 [501c2811-31b4-4cb7-a883-304e4eecc84c@group-A560C19004D9-LeaderElection4] INFO  server.RaftServerConfigKeys (ConfUtils.java:logFallback(53)) - raft.server.rpc.first-election.timeout.max = 5200ms (fallback to raft.server.rpc.timeout.max)
2023-06-02 20:40:39,077 [501c2811-31b4-4cb7-a883-304e4eecc84c@group-A560C19004D9-LeaderElection4-1] INFO  server.GrpcServerProtocolClient (GrpcServerProtocolClient.java:<init>(65)) - Build channel for 559beb36-7c11-4841-9a8b-e14375a607db
2023-06-02 20:40:39,077 [501c2811-31b4-4cb7-a883-304e4eecc84c@group-A560C19004D9-LeaderElection4-2] INFO  server.GrpcServerProtocolClient (GrpcServerProtocolClient.java:<init>(65)) - Build channel for f3098061-e126-467d-ace5-c417dde623cb
2023-06-02 20:40:39,079 [8f90378c-2071-462d-9a04-80510992f21c-groupManagement] INFO  server.RaftServer$Division (RaftServerImpl.java:<init>(198)) - 8f90378c-2071-462d-9a04-80510992f21c: new RaftServerImpl for group-EC07C2C94AFC:[8f90378c-2071-462d-9a04-80510992f21c|rpc:10.1.0.31:15122|admin:10.1.0.31:15121|client:10.1.0.31:15120|dataStream:10.1.0.31:15123|priority:1|startupRole:FOLLOWER] with ContainerStateMachine:uninitialized
2023-06-02 20:40:39,080 [8f90378c-2071-462d-9a04-80510992f21c-groupManagement] INFO  server.RaftServerConfigKeys (ConfUtils.java:logGet(46)) - raft.server.rpc.timeout.min = 5s (custom)
2023-06-02 20:40:39,080 [8f90378c-2071-462d-9a04-80510992f21c-groupManagement] INFO  server.RaftServerConfigKeys (ConfUtils.java:logGet(46)) - raft.server.rpc.timeout.max = 5200ms (custom)
2023-06-02 20:40:39,080 [8f90378c-2071-462d-9a04-80510992f21c-groupManagement] INFO  server.RaftServerConfigKeys (ConfUtils.java:logGet(46)) - raft.server.rpc.sleep.time = 25ms (default)
2023-06-02 20:40:39,080 [8f90378c-2071-462d-9a04-80510992f21c-groupManagement] INFO  server.RaftServerConfigKeys (ConfUtils.java:logGet(46)) - raft.server.rpc.slowness.timeout = 300s (custom)
2023-06-02 20:40:39,080 [8f90378c-2071-462d-9a04-80510992f21c-groupManagement] INFO  server.RaftServerConfigKeys (ConfUtils.java:logGet(46)) - raft.server.leaderelection.leader.step-down.wait-time = 10s (default)
2023-06-02 20:40:39,080 [8f90378c-2071-462d-9a04-80510992f21c-groupManagement] INFO  server.RaftServerConfigKeys (ConfUtils.java:logGet(46)) - raft.server.sleep.deviation.threshold = 300ms (default)
2023-06-02 20:40:39,081 [8f90378c-2071-462d-9a04-80510992f21c-groupManagement] INFO  server.RaftServer$Division (ServerState.java:<init>(120)) - 8f90378c-2071-462d-9a04-80510992f21c@group-EC07C2C94AFC: ConfigurationManager, init=-1: peers:[8f90378c-2071-462d-9a04-80510992f21c|rpc:10.1.0.31:15122|admin:10.1.0.31:15121|client:10.1.0.31:15120|dataStream:10.1.0.31:15123|priority:1|startupRole:FOLLOWER]|listeners:[], old=null, confs=<EMPTY_MAP>
2023-06-02 20:40:39,081 [8f90378c-2071-462d-9a04-80510992f21c-groupManagement] INFO  server.RaftServerConfigKeys (ConfUtils.java:logGet(46)) - raft.server.storage.dir = [/home/runner/work/ozone/ozone/hadoop-ozone/integration-test/target/test-dir/MiniOzoneClusterImpl-5ac0c7d5-b38a-4534-ae70-3109b4fe19c6/datanode-12/data/ratis] (custom)
2023-06-02 20:40:39,081 [8f90378c-2071-462d-9a04-80510992f21c-groupManagement] INFO  server.RaftServerConfigKeys (ConfUtils.java:logGet(46)) - raft.server.log.corruption.policy = EXCEPTION (default)
2023-06-02 20:40:39,081 [8f90378c-2071-462d-9a04-80510992f21c-groupManagement] INFO  server.RaftServerConfigKeys (ConfUtils.java:logGet(46)) - raft.server.storage.free-space.min = 0MB (=0) (default)
2023-06-02 20:40:39,081 [8f90378c-2071-462d-9a04-80510992f21c-groupManagement] INFO  server.RaftServerConfigKeys (ConfUtils.java:logGet(46)) - raft.server.notification.no-leader.timeout = 300s (custom)
2023-06-02 20:40:39,082 [8f90378c-2071-462d-9a04-80510992f21c-groupManagement] INFO  server.RaftServerConfigKeys (ConfUtils.java:logGet(46)) - raft.server.read.timeout = 10s (default)
2023-06-02 20:40:39,082 [8f90378c-2071-462d-9a04-80510992f21c-groupManagement] INFO  server.RaftServerConfigKeys (ConfUtils.java:logGet(46)) - raft.server.retrycache.expirytime = 600000ms (custom)
2023-06-02 20:40:39,082 [8f90378c-2071-462d-9a04-80510992f21c-groupManagement] INFO  server.RaftServerConfigKeys (ConfUtils.java:logGet(46)) - raft.server.retrycache.statistics.expirytime = 100μs (default)
2023-06-02 20:40:39,082 [8f90378c-2071-462d-9a04-80510992f21c-groupManagement] INFO  server.RaftServerConfigKeys (ConfUtils.java:logGet(46)) - raft.server.read.option = DEFAULT (default)
2023-06-02 20:40:39,084 [8f90378c-2071-462d-9a04-80510992f21c-groupManagement] INFO  server.RaftServerConfigKeys (ConfUtils.java:logGet(46)) - raft.server.rpc.request.timeout = 60s (custom)
2023-06-02 20:40:39,084 [8f90378c-2071-462d-9a04-80510992f21c-groupManagement] INFO  server.RaftServerConfigKeys (ConfUtils.java:logGet(46)) - raft.server.log.appender.install.snapshot.enabled = false (custom)
2023-06-02 20:40:39,092 [8f90378c-2071-462d-9a04-80510992f21c-groupManagement] INFO  server.RaftServerConfigKeys (ConfUtils.java:logGet(46)) - raft.server.threadpool.server.cached = true (default)
2023-06-02 20:40:39,093 [8f90378c-2071-462d-9a04-80510992f21c-groupManagement] INFO  server.RaftServerConfigKeys (ConfUtils.java:logGet(46)) - raft.server.threadpool.server.size = 0 (default)
2023-06-02 20:40:39,093 [8f90378c-2071-462d-9a04-80510992f21c-groupManagement] INFO  server.RaftServerConfigKeys (ConfUtils.java:logGet(46)) - raft.server.threadpool.client.cached = true (default)
2023-06-02 20:40:39,093 [8f90378c-2071-462d-9a04-80510992f21c-groupManagement] INFO  server.RaftServerConfigKeys (ConfUtils.java:logGet(46)) - raft.server.threadpool.client.size = 0 (default)
2023-06-02 20:40:39,093 [8f90378c-2071-462d-9a04-80510992f21c-groupManagement] INFO  storage.RaftStorageDirectory (RaftStorageDirectoryImpl.java:analyzeStorage(137)) - The storage directory /home/runner/work/ozone/ozone/hadoop-ozone/integration-test/target/test-dir/MiniOzoneClusterImpl-5ac0c7d5-b38a-4534-ae70-3109b4fe19c6/datanode-12/data/ratis/836a44ad-ec31-4e27-88b2-ec07c2c94afc does not exist. Creating ...
2023-06-02 20:40:39,092 [grpc-default-executor-1] INFO  server.RaftServer$Division (RaftServerImpl.java:requestVote(1302)) - f3098061-e126-467d-ace5-c417dde623cb@group-A560C19004D9: receive requestVote(PRE_VOTE, 501c2811-31b4-4cb7-a883-304e4eecc84c, group-A560C19004D9, 0, (t:0, i:0))
2023-06-02 20:40:39,093 [grpc-default-executor-1] INFO  impl.VoteContext (VoteContext.java:log(49)) - f3098061-e126-467d-ace5-c417dde623cb@group-A560C19004D9-FOLLOWER: accept PRE_VOTE from 501c2811-31b4-4cb7-a883-304e4eecc84c: our priority 0 <= candidate's priority 1
2023-06-02 20:40:39,094 [grpc-default-executor-1] INFO  server.RaftServer$Division (RaftServerImpl.java:requestVote(1335)) - f3098061-e126-467d-ace5-c417dde623cb@group-A560C19004D9 replies to PRE_VOTE vote request: 501c2811-31b4-4cb7-a883-304e4eecc84c<-f3098061-e126-467d-ace5-c417dde623cb#0:OK-t0. Peer's state: f3098061-e126-467d-ace5-c417dde623cb@group-A560C19004D9:t0, leader=null, voted=, raftlog=Memoized:f3098061-e126-467d-ace5-c417dde623cb@group-A560C19004D9-SegmentedRaftLog:OPENED:c-1, conf=-1: peers:[559beb36-7c11-4841-9a8b-e14375a607db|rpc:10.1.0.31:15014|admin:10.1.0.31:15013|client:10.1.0.31:15012|dataStream:10.1.0.31:15015|priority:0|startupRole:FOLLOWER, f3098061-e126-467d-ace5-c417dde623cb|rpc:10.1.0.31:15023|admin:10.1.0.31:15022|client:10.1.0.31:15021|dataStream:10.1.0.31:15024|priority:0|startupRole:FOLLOWER, 501c2811-31b4-4cb7-a883-304e4eecc84c|rpc:10.1.0.31:15032|admin:10.1.0.31:15031|client:10.1.0.31:15030|dataStream:10.1.0.31:15033|priority:1|startupRole:FOLLOWER]|listeners:[], old=null
2023-06-02 20:40:39,098 [501c2811-31b4-4cb7-a883-304e4eecc84c@group-A560C19004D9-LeaderElection4] INFO  impl.LeaderElection (LeaderElection.java:logAndReturn(90)) - 501c2811-31b4-4cb7-a883-304e4eecc84c@group-A560C19004D9-LeaderElection4: PRE_VOTE PASSED received 1 response(s) and 0 exception(s):
2023-06-02 20:40:39,098 [501c2811-31b4-4cb7-a883-304e4eecc84c@group-A560C19004D9-LeaderElection4] INFO  impl.LeaderElection (LeaderElection.java:logAndReturn(94)) -   Response 0: 501c2811-31b4-4cb7-a883-304e4eecc84c<-f3098061-e126-467d-ace5-c417dde623cb#0:OK-t0
2023-06-02 20:40:39,098 [501c2811-31b4-4cb7-a883-304e4eecc84c@group-A560C19004D9-LeaderElection4] INFO  impl.LeaderElection (LeaderElection.java:askForVotes(323)) - 501c2811-31b4-4cb7-a883-304e4eecc84c@group-A560C19004D9-LeaderElection4 PRE_VOTE round 0: result PASSED
2023-06-02 20:40:39,098 [8f90378c-2071-462d-9a04-80510992f21c-groupManagement] INFO  storage.RaftStorageDirectory (RaftStorageDirectoryImpl.java:tryLock(231)) - Lock on /home/runner/work/ozone/ozone/hadoop-ozone/integration-test/target/test-dir/MiniOzoneClusterImpl-5ac0c7d5-b38a-4534-ae70-3109b4fe19c6/datanode-12/data/ratis/836a44ad-ec31-4e27-88b2-ec07c2c94afc/in_use.lock acquired by nodename 65175@fv-az1239-288
2023-06-02 20:40:39,103 [501c2811-31b4-4cb7-a883-304e4eecc84c@group-A560C19004D9-LeaderElection4] INFO  impl.LeaderElection (LeaderElection.java:askForVotes(321)) - 501c2811-31b4-4cb7-a883-304e4eecc84c@group-A560C19004D9-LeaderElection4 ELECTION round 0: submit vote requests at term 1 for -1: peers:[559beb36-7c11-4841-9a8b-e14375a607db|rpc:10.1.0.31:15014|admin:10.1.0.31:15013|client:10.1.0.31:15012|dataStream:10.1.0.31:15015|priority:0|startupRole:FOLLOWER, f3098061-e126-467d-ace5-c417dde623cb|rpc:10.1.0.31:15023|admin:10.1.0.31:15022|client:10.1.0.31:15021|dataStream:10.1.0.31:15024|priority:0|startupRole:FOLLOWER, 501c2811-31b4-4cb7-a883-304e4eecc84c|rpc:10.1.0.31:15032|admin:10.1.0.31:15031|client:10.1.0.31:15030|dataStream:10.1.0.31:15033|priority:1|startupRole:FOLLOWER]|listeners:[], old=null
2023-06-02 20:40:39,107 [8f90378c-2071-462d-9a04-80510992f21c-groupManagement] INFO  storage.RaftStorage (RaftStorageImpl.java:format(96)) - Storage directory /home/runner/work/ozone/ozone/hadoop-ozone/integration-test/target/test-dir/MiniOzoneClusterImpl-5ac0c7d5-b38a-4534-ae70-3109b4fe19c6/datanode-12/data/ratis/836a44ad-ec31-4e27-88b2-ec07c2c94afc has been successfully formatted.
2023-06-02 20:40:39,113 [grpc-default-executor-1] INFO  server.RaftServer$Division (RaftServerImpl.java:requestVote(1302)) - 559beb36-7c11-4841-9a8b-e14375a607db@group-A560C19004D9: receive requestVote(PRE_VOTE, 501c2811-31b4-4cb7-a883-304e4eecc84c, group-A560C19004D9, 0, (t:0, i:0))
2023-06-02 20:40:39,113 [grpc-default-executor-1] INFO  impl.VoteContext (VoteContext.java:log(49)) - 559beb36-7c11-4841-9a8b-e14375a607db@group-A560C19004D9-FOLLOWER: accept PRE_VOTE from 501c2811-31b4-4cb7-a883-304e4eecc84c: our priority 0 <= candidate's priority 1
2023-06-02 20:40:39,113 [grpc-default-executor-1] INFO  server.RaftServer$Division (RaftServerImpl.java:requestVote(1335)) - 559beb36-7c11-4841-9a8b-e14375a607db@group-A560C19004D9 replies to PRE_VOTE vote request: 501c2811-31b4-4cb7-a883-304e4eecc84c<-559beb36-7c11-4841-9a8b-e14375a607db#0:OK-t0. Peer's state: 559beb36-7c11-4841-9a8b-e14375a607db@group-A560C19004D9:t0, leader=null, voted=, raftlog=Memoized:559beb36-7c11-4841-9a8b-e14375a607db@group-A560C19004D9-SegmentedRaftLog:OPENED:c-1, conf=-1: peers:[559beb36-7c11-4841-9a8b-e14375a607db|rpc:10.1.0.31:15014|admin:10.1.0.31:15013|client:10.1.0.31:15012|dataStream:10.1.0.31:15015|priority:0|startupRole:FOLLOWER, f3098061-e126-467d-ace5-c417dde623cb|rpc:10.1.0.31:15023|admin:10.1.0.31:15022|client:10.1.0.31:15021|dataStream:10.1.0.31:15024|priority:0|startupRole:FOLLOWER, 501c2811-31b4-4cb7-a883-304e4eecc84c|rpc:10.1.0.31:15032|admin:10.1.0.31:15031|client:10.1.0.31:15030|dataStream:10.1.0.31:15033|priority:1|startupRole:FOLLOWER]|listeners:[], old=null
2023-06-02 20:40:39,114 [grpc-default-executor-0] INFO  server.RaftServer$Division (RaftServerImpl.java:requestVote(1302)) - 559beb36-7c11-4841-9a8b-e14375a607db@group-A560C19004D9: receive requestVote(ELECTION, 501c2811-31b4-4cb7-a883-304e4eecc84c, group-A560C19004D9, 1, (t:0, i:0))
2023-06-02 20:40:39,114 [501c2811-31b4-4cb7-a883-304e4eecc84c@group-A560C19004D9-LeaderElection4] INFO  server.RaftServerConfigKeys (ConfUtils.java:logFallback(53)) - raft.server.rpc.first-election.timeout.min = 5s (fallback to raft.server.rpc.timeout.min)
2023-06-02 20:40:39,115 [501c2811-31b4-4cb7-a883-304e4eecc84c@group-A560C19004D9-LeaderElection4] INFO  server.RaftServerConfigKeys (ConfUtils.java:logFallback(53)) - raft.server.rpc.first-election.timeout.max = 5200ms (fallback to raft.server.rpc.timeout.max)
2023-06-02 20:40:39,114 [grpc-default-executor-0] INFO  impl.VoteContext (VoteContext.java:log(49)) - 559beb36-7c11-4841-9a8b-e14375a607db@group-A560C19004D9-FOLLOWER: accept ELECTION from 501c2811-31b4-4cb7-a883-304e4eecc84c: our priority 0 <= candidate's priority 1
2023-06-02 20:40:39,117 [grpc-default-executor-0] INFO  server.RaftServer$Division (RaftServerImpl.java:setRole(329)) - 559beb36-7c11-4841-9a8b-e14375a607db@group-A560C19004D9: changes role from  FOLLOWER to FOLLOWER at term 1 for candidate:501c2811-31b4-4cb7-a883-304e4eecc84c
2023-06-02 20:40:39,117 [grpc-default-executor-0] INFO  impl.RoleInfo (RoleInfo.java:shutdownFollowerState(110)) - 559beb36-7c11-4841-9a8b-e14375a607db: shutdown 559beb36-7c11-4841-9a8b-e14375a607db@group-A560C19004D9-FollowerState
2023-06-02 20:40:39,123 [559beb36-7c11-4841-9a8b-e14375a607db@group-A560C19004D9-FollowerState] INFO  impl.FollowerState (FollowerState.java:run(152)) - 559beb36-7c11-4841-9a8b-e14375a607db@group-A560C19004D9-FollowerState was interrupted
2023-06-02 20:40:39,123 [grpc-default-executor-0] INFO  impl.RoleInfo (RoleInfo.java:updateAndGet(139)) - 559beb36-7c11-4841-9a8b-e14375a607db: start 559beb36-7c11-4841-9a8b-e14375a607db@group-A560C19004D9-FollowerState
2023-06-02 20:40:39,124 [EventQueue-PipelineReportForPipelineReportHandler] INFO  pipeline.PipelineManagerImpl (PipelineManagerImpl.java:openPipeline(367)) - Pipeline Pipeline[ Id: 836a44ad-ec31-4e27-88b2-ec07c2c94afc, Nodes: 8f90378c-2071-462d-9a04-80510992f21c(fv-az1239-288/10.1.0.31), ReplicationConfig: RATIS/ONE, State:ALLOCATED, leaderId:8f90378c-2071-462d-9a04-80510992f21c, CreationTimestamp2023-06-02T20:40:36.072Z[Etc/UTC]] moved to OPEN state
2023-06-02 20:40:39,125 [EventQueue-OpenPipelineForHealthyPipelineSafeModeRule] INFO  safemode.SCMSafeModeManager (HealthyPipelineSafeModeRule.java:process(137)) - SCM in safe mode. Healthy pipelines reported count is 0, required healthy pipeline reported count is 1
2023-06-02 20:40:39,125 [grpc-default-executor-0] INFO  server.RaftServer$Division (RaftServerImpl.java:requestVote(1335)) - 559beb36-7c11-4841-9a8b-e14375a607db@group-A560C19004D9 replies to ELECTION vote request: 501c2811-31b4-4cb7-a883-304e4eecc84c<-559beb36-7c11-4841-9a8b-e14375a607db#0:OK-t1. Peer's state: 559beb36-7c11-4841-9a8b-e14375a607db@group-A560C19004D9:t1, leader=null, voted=501c2811-31b4-4cb7-a883-304e4eecc84c, raftlog=Memoized:559beb36-7c11-4841-9a8b-e14375a607db@group-A560C19004D9-SegmentedRaftLog:OPENED:c-1, conf=-1: peers:[559beb36-7c11-4841-9a8b-e14375a607db|rpc:10.1.0.31:15014|admin:10.1.0.31:15013|client:10.1.0.31:15012|dataStream:10.1.0.31:15015|priority:0|startupRole:FOLLOWER, f3098061-e126-467d-ace5-c417dde623cb|rpc:10.1.0.31:15023|admin:10.1.0.31:15022|client:10.1.0.31:15021|dataStream:10.1.0.31:15024|priority:0|startupRole:FOLLOWER, 501c2811-31b4-4cb7-a883-304e4eecc84c|rpc:10.1.0.31:15032|admin:10.1.0.31:15031|client:10.1.0.31:15030|dataStream:10.1.0.31:15033|priority:1|startupRole:FOLLOWER]|listeners:[], old=null
2023-06-02 20:40:39,122 [8f90378c-2071-462d-9a04-80510992f21c-groupManagement] INFO  ratis.ContainerStateMachine (ContainerStateMachine.java:loadSnapshot(262)) - group-EC07C2C94AFC: The snapshot info is null. Setting the last applied indexto:(t:0, i:~)
2023-06-02 20:40:39,126 [8f90378c-2071-462d-9a04-80510992f21c-groupManagement] INFO  server.RaftServerConfigKeys (ConfUtils.java:logGet(46)) - raft.server.log.use.memory = false (default)
2023-06-02 20:40:39,126 [8f90378c-2071-462d-9a04-80510992f21c-groupManagement] INFO  server.RaftServerConfigKeys (ConfUtils.java:logGet(46)) - raft.server.log.purge.gap = 1000000 (custom)
2023-06-02 20:40:39,126 [8f90378c-2071-462d-9a04-80510992f21c-groupManagement] INFO  server.RaftServerConfigKeys (ConfUtils.java:logGet(46)) - raft.server.log.appender.buffer.byte-limit = 33554432 (custom)
2023-06-02 20:40:39,126 [8f90378c-2071-462d-9a04-80510992f21c-groupManagement] INFO  server.RaftServerConfigKeys (ConfUtils.java:logGet(46)) - raft.server.log.statemachine.data.read.timeout = 1000ms (default)
2023-06-02 20:40:39,126 [8f90378c-2071-462d-9a04-80510992f21c-groupManagement] INFO  server.RaftServerConfigKeys (ConfUtils.java:logGet(46)) - raft.server.log.purge.preservation.log.num = 0 (default)
2023-06-02 20:40:39,126 [8f90378c-2071-462d-9a04-80510992f21c-groupManagement] INFO  server.RaftServerConfigKeys (ConfUtils.java:logGet(46)) - raft.server.log.segment.size.max = 1048576 (custom)
2023-06-02 20:40:39,127 [8f90378c-2071-462d-9a04-80510992f21c-groupManagement] INFO  server.RaftServerConfigKeys (ConfUtils.java:logGet(46)) - raft.server.log.segment.cache.num.max = 2 (custom)
2023-06-02 20:40:39,127 [8f90378c-2071-462d-9a04-80510992f21c-groupManagement] INFO  server.RaftServerConfigKeys (ConfUtils.java:logGet(46)) - raft.server.log.segment.cache.size.max = 200MB (=209715200) (default)
2023-06-02 20:40:39,127 [8f90378c-2071-462d-9a04-80510992f21c-groupManagement] INFO  server.RaftServerConfigKeys (ConfUtils.java:logGet(46)) - raft.server.log.appender.buffer.byte-limit = 33554432 (custom)
2023-06-02 20:40:39,127 [8f90378c-2071-462d-9a04-80510992f21c-groupManagement] INFO  segmented.SegmentedRaftLogWorker (SegmentedRaftLogWorker.java:<init>(188)) - new 8f90378c-2071-462d-9a04-80510992f21c@group-EC07C2C94AFC-SegmentedRaftLogWorker for RaftStorageImpl:Storage Directory /home/runner/work/ozone/ozone/hadoop-ozone/integration-test/target/test-dir/MiniOzoneClusterImpl-5ac0c7d5-b38a-4534-ae70-3109b4fe19c6/datanode-12/data/ratis/836a44ad-ec31-4e27-88b2-ec07c2c94afc
2023-06-02 20:40:39,127 [8f90378c-2071-462d-9a04-80510992f21c-groupManagement] INFO  server.RaftServerConfigKeys (ConfUtils.java:logGet(46)) - raft.server.log.queue.byte-limit = 4294967296 (custom)
2023-06-02 20:40:39,127 [8f90378c-2071-462d-9a04-80510992f21c-groupManagement] INFO  server.RaftServerConfigKeys (ConfUtils.java:logGet(46)) - raft.server.log.queue.element-limit = 1024 (custom)
2023-06-02 20:40:39,127 [8f90378c-2071-462d-9a04-80510992f21c-groupManagement] INFO  server.RaftServerConfigKeys (ConfUtils.java:logGet(46)) - raft.server.log.segment.size.max = 1048576 (custom)
2023-06-02 20:40:39,127 [8f90378c-2071-462d-9a04-80510992f21c-groupManagement] INFO  server.RaftServerConfigKeys (ConfUtils.java:logGet(46)) - raft.server.log.preallocated.size = 16384 (custom)
2023-06-02 20:40:39,127 [8f90378c-2071-462d-9a04-80510992f21c-groupManagement] INFO  server.RaftServerConfigKeys (ConfUtils.java:logGet(46)) - raft.server.log.force.sync.num = 128 (default)
2023-06-02 20:40:39,127 [8f90378c-2071-462d-9a04-80510992f21c-groupManagement] INFO  server.RaftServerConfigKeys (ConfUtils.java:logGet(46)) - raft.server.log.statemachine.data.sync = true (default)
2023-06-02 20:40:39,127 [8f90378c-2071-462d-9a04-80510992f21c-groupManagement] INFO  server.RaftServerConfigKeys (ConfUtils.java:logGet(46)) - raft.server.log.statemachine.data.sync.timeout = 10s (default)
2023-06-02 20:40:39,127 [8f90378c-2071-462d-9a04-80510992f21c-groupManagement] INFO  server.RaftServerConfigKeys (ConfUtils.java:logGet(46)) - raft.server.log.statemachine.data.sync.timeout.retry = -1 (default)
2023-06-02 20:40:39,128 [8f90378c-2071-462d-9a04-80510992f21c-groupManagement] INFO  server.RaftServerConfigKeys (ConfUtils.java:logGet(46)) - raft.server.log.write.buffer.size = 1048576 (custom)
2023-06-02 20:40:39,128 [8f90378c-2071-462d-9a04-80510992f21c-groupManagement] INFO  server.RaftServerConfigKeys (ConfUtils.java:logGet(46)) - raft.server.log.appender.buffer.byte-limit = 33554432 (custom)
2023-06-02 20:40:39,127 [501c2811-31b4-4cb7-a883-304e4eecc84c@group-A560C19004D9-LeaderElection4] INFO  impl.LeaderElection (LeaderElection.java:logAndReturn(90)) - 501c2811-31b4-4cb7-a883-304e4eecc84c@group-A560C19004D9-LeaderElection4: ELECTION PASSED received 1 response(s) and 0 exception(s):
2023-06-02 20:40:39,131 [501c2811-31b4-4cb7-a883-304e4eecc84c@group-A560C19004D9-LeaderElection4] INFO  impl.LeaderElection (LeaderElection.java:logAndReturn(94)) -   Response 0: 501c2811-31b4-4cb7-a883-304e4eecc84c<-559beb36-7c11-4841-9a8b-e14375a607db#0:OK-t1
2023-06-02 20:40:39,131 [501c2811-31b4-4cb7-a883-304e4eecc84c@group-A560C19004D9-LeaderElection4] INFO  impl.LeaderElection (LeaderElection.java:askForVotes(323)) - 501c2811-31b4-4cb7-a883-304e4eecc84c@group-A560C19004D9-LeaderElection4 ELECTION round 0: result PASSED
2023-06-02 20:40:39,131 [501c2811-31b4-4cb7-a883-304e4eecc84c@group-A560C19004D9-LeaderElection4] INFO  impl.RoleInfo (RoleInfo.java:shutdownLeaderElection(130)) - 501c2811-31b4-4cb7-a883-304e4eecc84c: shutdown 501c2811-31b4-4cb7-a883-304e4eecc84c@group-A560C19004D9-LeaderElection4
2023-06-02 20:40:39,131 [501c2811-31b4-4cb7-a883-304e4eecc84c@group-A560C19004D9-LeaderElection4] INFO  server.RaftServer$Division (RaftServerImpl.java:setRole(329)) - 501c2811-31b4-4cb7-a883-304e4eecc84c@group-A560C19004D9: changes role from CANDIDATE to LEADER at term 1 for changeToLeader
2023-06-02 20:40:39,131 [501c2811-31b4-4cb7-a883-304e4eecc84c@group-A560C19004D9-LeaderElection4] INFO  ratis.XceiverServerRatis (XceiverServerRatis.java:handleLeaderChangedNotification(902)) - Leader change notification received for group: group-A560C19004D9 with new leaderId: 501c2811-31b4-4cb7-a883-304e4eecc84c
2023-06-02 20:40:39,131 [501c2811-31b4-4cb7-a883-304e4eecc84c@group-A560C19004D9-LeaderElection4] INFO  server.RaftServer$Division (ServerState.java:setLeader(317)) - 501c2811-31b4-4cb7-a883-304e4eecc84c@group-A560C19004D9: change Leader from null to 501c2811-31b4-4cb7-a883-304e4eecc84c at term 1 for becomeLeader, leader elected after 5161ms
2023-06-02 20:40:39,131 [501c2811-31b4-4cb7-a883-304e4eecc84c@group-A560C19004D9-LeaderElection4] INFO  server.RaftServerConfigKeys (ConfUtils.java:logGet(46)) - raft.server.staging.catchup.gap = 1000 (default)
2023-06-02 20:40:39,132 [501c2811-31b4-4cb7-a883-304e4eecc84c@group-A560C19004D9-LeaderElection4] INFO  server.RaftServerConfigKeys (ConfUtils.java:logGet(46)) - raft.server.write.element-limit = 1024 (custom)
2023-06-02 20:40:39,132 [501c2811-31b4-4cb7-a883-304e4eecc84c@group-A560C19004D9-LeaderElection4] INFO  server.RaftServerConfigKeys (ConfUtils.java:logGet(46)) - raft.server.write.byte-limit = 1024 M (=1073741824) (custom)
2023-06-02 20:40:39,132 [501c2811-31b4-4cb7-a883-304e4eecc84c@group-A560C19004D9-LeaderElection4] INFO  server.RaftServerConfigKeys (ConfUtils.java:logGet(46)) - raft.server.watch.timeout = 180s (custom)
2023-06-02 20:40:39,132 [501c2811-31b4-4cb7-a883-304e4eecc84c@group-A560C19004D9-LeaderElection4] INFO  server.RaftServerConfigKeys (ConfUtils.java:logGet(46)) - raft.server.watch.timeout.denomination = 1s (default)
2023-06-02 20:40:39,132 [501c2811-31b4-4cb7-a883-304e4eecc84c@group-A560C19004D9-LeaderElection4] INFO  server.RaftServerConfigKeys (ConfUtils.java:logGet(46)) - raft.server.watch.element-limit = 65536 (default)
2023-06-02 20:40:39,132 [501c2811-31b4-4cb7-a883-304e4eecc84c@group-A560C19004D9-LeaderElection4] INFO  server.RaftServerConfigKeys (ConfUtils.java:logGet(46)) - raft.server.write.element-limit = 1024 (custom)
2023-06-02 20:40:39,132 [501c2811-31b4-4cb7-a883-304e4eecc84c@group-A560C19004D9-LeaderElection4] INFO  server.RaftServerConfigKeys (ConfUtils.java:logGet(46)) - raft.server.write.follower.gap.ratio.max = -1.0 (default)
2023-06-02 20:40:39,139 [8f90378c-2071-462d-9a04-80510992f21c-groupManagement] INFO  server.RaftServerConfigKeys (ConfUtils.java:logGet(46)) - raft.server.log.unsafe-flush.enabled = false (default)
2023-06-02 20:40:39,139 [8f90378c-2071-462d-9a04-80510992f21c-groupManagement] INFO  server.RaftServerConfigKeys (ConfUtils.java:logGet(46)) - raft.server.log.async-flush.enabled = false (default)
2023-06-02 20:40:39,139 [grpc-default-executor-1] INFO  server.RaftServer$Division (RaftServerImpl.java:requestVote(1302)) - f3098061-e126-467d-ace5-c417dde623cb@group-A560C19004D9: receive requestVote(ELECTION, 501c2811-31b4-4cb7-a883-304e4eecc84c, group-A560C19004D9, 1, (t:0, i:0))
2023-06-02 20:40:39,139 [grpc-default-executor-1] INFO  impl.VoteContext (VoteContext.java:log(49)) - f3098061-e126-467d-ace5-c417dde623cb@group-A560C19004D9-FOLLOWER: accept ELECTION from 501c2811-31b4-4cb7-a883-304e4eecc84c: our priority 0 <= candidate's priority 1
2023-06-02 20:40:39,139 [grpc-default-executor-1] INFO  server.RaftServer$Division (RaftServerImpl.java:setRole(329)) - f3098061-e126-467d-ace5-c417dde623cb@group-A560C19004D9: changes role from  FOLLOWER to FOLLOWER at term 1 for candidate:501c2811-31b4-4cb7-a883-304e4eecc84c
2023-06-02 20:40:39,139 [grpc-default-executor-1] INFO  impl.RoleInfo (RoleInfo.java:shutdownFollowerState(110)) - f3098061-e126-467d-ace5-c417dde623cb: shutdown f3098061-e126-467d-ace5-c417dde623cb@group-A560C19004D9-FollowerState
2023-06-02 20:40:39,139 [grpc-default-executor-1] INFO  impl.RoleInfo (RoleInfo.java:updateAndGet(139)) - f3098061-e126-467d-ace5-c417dde623cb: start f3098061-e126-467d-ace5-c417dde623cb@group-A560C19004D9-FollowerState
2023-06-02 20:40:39,140 [f3098061-e126-467d-ace5-c417dde623cb@group-A560C19004D9-FollowerState] INFO  impl.FollowerState (FollowerState.java:run(152)) - f3098061-e126-467d-ace5-c417dde623cb@group-A560C19004D9-FollowerState was interrupted
2023-06-02 20:40:39,145 [EventQueue-OpenPipelineForHealthyPipelineSafeModeRule] INFO  safemode.SCMSafeModeManager (HealthyPipelineSafeModeRule.java:process(137)) - SCM in safe mode. Healthy pipelines reported count is 0, required healthy pipeline reported count is 1
2023-06-02 20:40:39,145 [grpc-default-executor-1] INFO  server.RaftServer$Division (RaftServerImpl.java:requestVote(1335)) - f3098061-e126-467d-ace5-c417dde623cb@group-A560C19004D9 replies to ELECTION vote request: 501c2811-31b4-4cb7-a883-304e4eecc84c<-f3098061-e126-467d-ace5-c417dde623cb#0:OK-t1. Peer's state: f3098061-e126-467d-ace5-c417dde623cb@group-A560C19004D9:t1, leader=null, voted=501c2811-31b4-4cb7-a883-304e4eecc84c, raftlog=Memoized:f3098061-e126-467d-ace5-c417dde623cb@group-A560C19004D9-SegmentedRaftLog:OPENED:c-1, conf=-1: peers:[559beb36-7c11-4841-9a8b-e14375a607db|rpc:10.1.0.31:15014|admin:10.1.0.31:15013|client:10.1.0.31:15012|dataStream:10.1.0.31:15015|priority:0|startupRole:FOLLOWER, f3098061-e126-467d-ace5-c417dde623cb|rpc:10.1.0.31:15023|admin:10.1.0.31:15022|client:10.1.0.31:15021|dataStream:10.1.0.31:15024|priority:0|startupRole:FOLLOWER, 501c2811-31b4-4cb7-a883-304e4eecc84c|rpc:10.1.0.31:15032|admin:10.1.0.31:15031|client:10.1.0.31:15030|dataStream:10.1.0.31:15033|priority:1|startupRole:FOLLOWER]|listeners:[], old=null
2023-06-02 20:40:39,145 [EventQueue-PipelineReportForPipelineReportHandler] INFO  pipeline.PipelineManagerImpl (PipelineManagerImpl.java:openPipeline(367)) - Pipeline Pipeline[ Id: f1770900-d3b3-46bd-b918-a560c19004d9, Nodes: 559beb36-7c11-4841-9a8b-e14375a607db(fv-az1239-288/10.1.0.31)501c2811-31b4-4cb7-a883-304e4eecc84c(fv-az1239-288/10.1.0.31)f3098061-e126-467d-ace5-c417dde623cb(fv-az1239-288/10.1.0.31), ReplicationConfig: RATIS/THREE, State:ALLOCATED, leaderId:501c2811-31b4-4cb7-a883-304e4eecc84c, CreationTimestamp2023-06-02T20:40:31.464Z[Etc/UTC]] moved to OPEN state
2023-06-02 20:40:39,151 [8f90378c-2071-462d-9a04-80510992f21c-groupManagement] INFO  server.RaftServerConfigKeys (ConfUtils.java:logGet(46)) - raft.server.log.statemachine.data.caching.enabled = true (custom)
2023-06-02 20:40:39,152 [EventQueue-OpenPipelineForHealthyPipelineSafeModeRule] INFO  safemode.SCMSafeModeManager (HealthyPipelineSafeModeRule.java:process(137)) - SCM in safe mode. Healthy pipelines reported count is 1, required healthy pipeline reported count is 1
2023-06-02 20:40:39,156 [EventQueue-OpenPipelineForHealthyPipelineSafeModeRule] INFO  safemode.SCMSafeModeManager (SCMSafeModeManager.java:validateSafeModeExitRules(200)) - HealthyPipelineSafeModeRule rule is successfully validated
2023-06-02 20:40:39,156 [EventQueue-OpenPipelineForHealthyPipelineSafeModeRule] INFO  safemode.SCMSafeModeManager (SCMSafeModeManager.java:validateSafeModeExitRules(215)) - ScmSafeModeManager, all rules are successfully validated
2023-06-02 20:40:39,156 [EventQueue-OpenPipelineForHealthyPipelineSafeModeRule] INFO  safemode.SCMSafeModeManager (SCMSafeModeManager.java:exitSafeMode(244)) - SCM exiting safe mode.
2023-06-02 20:40:39,156 [8f90378c-2071-462d-9a04-80510992f21c-groupManagement] INFO  segmented.SegmentedRaftLogWorker (SegmentedRaftLogWorker.java:lambda$new$0(135)) - 8f90378c-2071-462d-9a04-80510992f21c@group-EC07C2C94AFC-SegmentedRaftLogWorker: flushIndex: setUnconditionally 0 -> -1
2023-06-02 20:40:39,156 [EventQueue-OpenPipelineForHealthyPipelineSafeModeRule] INFO  ha.SCMContext (SCMContext.java:updateSafeModeStatus(228)) - Update SafeModeStatus from SafeModeStatus{safeModeStatus=true, preCheckPassed=true} to SafeModeStatus{safeModeStatus=false, preCheckPassed=true}.
2023-06-02 20:40:39,159 [EventQueue-OpenPipelineForHealthyPipelineSafeModeRule] INFO  pipeline.BackgroundPipelineCreator (BackgroundPipelineCreator.java:notifyStatusChanged(254)) - Service BackgroundPipelineCreator transitions to RUNNING.
2023-06-02 20:40:39,159 [EventQueue-OpenPipelineForHealthyPipelineSafeModeRule] INFO  BackgroundPipelineScrubber (BackgroundSCMService.java:notifyStatusChanged(82)) - Service BackgroundPipelineScrubber transitions to RUNNING.
2023-06-02 20:40:39,159 [EventQueue-OpenPipelineForHealthyPipelineSafeModeRule] INFO  ExpiredContainerReplicaOpScrubber (BackgroundSCMService.java:notifyStatusChanged(82)) - Service ExpiredContainerReplicaOpScrubber transitions to RUNNING.
2023-06-02 20:40:39,159 [EventQueue-OpenPipelineForHealthyPipelineSafeModeRule] INFO  replication.ReplicationManager (ReplicationManager.java:notifyStatusChanged(1369)) - Service ReplicationManager transitions to RUNNING.
2023-06-02 20:40:39,160 [main] INFO  ozone.MiniOzoneClusterImpl (MiniOzoneClusterImpl.java:lambda$waitForClusterToBeReady$0(222)) - Nodes are ready. Got 14 of 14 DN Heartbeats.
2023-06-02 20:40:39,160 [main] INFO  ozone.MiniOzoneClusterImpl (MiniOzoneClusterImpl.java:lambda$waitForClusterToBeReady$0(225)) - Cluster exits safe mode
2023-06-02 20:40:39,160 [main] INFO  ozone.MiniOzoneClusterImpl (MiniOzoneClusterImpl.java:lambda$waitForClusterToBeReady$0(227)) - SCM became leader
2023-06-02 20:40:39,164 [EventQueue-OpenPipelineForHealthyPipelineSafeModeRule] WARN  balancer.ContainerBalancer (ContainerBalancer.java:shouldRun(135)) - Could not find persisted configuration for ContainerBalancer when checking if ContainerBalancer should run. ContainerBalancer should not run now.
2023-06-02 20:40:39,164 [8f90378c-2071-462d-9a04-80510992f21c-groupManagement] INFO  segmented.SegmentedRaftLogWorker (SegmentedRaftLogWorker.java:lambda$new$0(135)) - 8f90378c-2071-462d-9a04-80510992f21c@group-EC07C2C94AFC-SegmentedRaftLogWorker: safeCacheEvictIndex: setUnconditionally 0 -> -1
2023-06-02 20:40:39,179 [8f90378c-2071-462d-9a04-80510992f21c-groupManagement] INFO  server.RaftServer$Division (RaftServerImpl.java:start(342)) - 8f90378c-2071-462d-9a04-80510992f21c@group-EC07C2C94AFC: start as a follower, conf=-1: peers:[8f90378c-2071-462d-9a04-80510992f21c|rpc:10.1.0.31:15122|admin:10.1.0.31:15121|client:10.1.0.31:15120|dataStream:10.1.0.31:15123|priority:1|startupRole:FOLLOWER]|listeners:[], old=null
2023-06-02 20:40:39,179 [8f90378c-2071-462d-9a04-80510992f21c-groupManagement] INFO  server.RaftServer$Division (RaftServerImpl.java:setRole(329)) - 8f90378c-2071-462d-9a04-80510992f21c@group-EC07C2C94AFC: changes role from      null to FOLLOWER at term 0 for startAsFollower
2023-06-02 20:40:39,179 [501c2811-31b4-4cb7-a883-304e4eecc84c@group-A560C19004D9-LeaderElection4] INFO  server.RaftServerConfigKeys (ConfUtils.java:logGet(46)) - raft.server.log.appender.snapshot.chunk.size.max = 16MB (=16777216) (default)
2023-06-02 20:40:39,180 [501c2811-31b4-4cb7-a883-304e4eecc84c@group-A560C19004D9-LeaderElection4] INFO  server.RaftServerConfigKeys (ConfUtils.java:logGet(46)) - raft.server.log.appender.buffer.byte-limit = 33554432 (custom)
2023-06-02 20:40:39,180 [501c2811-31b4-4cb7-a883-304e4eecc84c@group-A560C19004D9-LeaderElection4] INFO  server.RaftServerConfigKeys (ConfUtils.java:logGet(46)) - raft.server.log.appender.buffer.element-limit = 1 (custom)
2023-06-02 20:40:39,179 [8f90378c-2071-462d-9a04-80510992f21c-groupManagement] INFO  impl.RoleInfo (RoleInfo.java:updateAndGet(139)) - 8f90378c-2071-462d-9a04-80510992f21c: start 8f90378c-2071-462d-9a04-80510992f21c@group-EC07C2C94AFC-FollowerState
2023-06-02 20:40:39,188 [8f90378c-2071-462d-9a04-80510992f21c-groupManagement] INFO  util.JmxRegister (JmxRegister.java:tryRegister(44)) - Successfully registered JMX Bean with object name Ratis:service=RaftServer,group=group-EC07C2C94AFC,id=8f90378c-2071-462d-9a04-80510992f21c
2023-06-02 20:40:39,188 [8f90378c-2071-462d-9a04-80510992f21c-groupManagement] INFO  server.RaftServerConfigKeys (ConfUtils.java:logGet(46)) - raft.server.snapshot.auto.trigger.enabled = true (custom)
2023-06-02 20:40:39,188 [8f90378c-2071-462d-9a04-80510992f21c-groupManagement] INFO  server.RaftServerConfigKeys (ConfUtils.java:logGet(46)) - raft.server.snapshot.auto.trigger.threshold = 10000 (custom)
2023-06-02 20:40:39,188 [8f90378c-2071-462d-9a04-80510992f21c-groupManagement] INFO  server.RaftServerConfigKeys (ConfUtils.java:logGet(46)) - raft.server.snapshot.retention.file.num = 5 (custom)
2023-06-02 20:40:39,188 [8f90378c-2071-462d-9a04-80510992f21c-groupManagement] INFO  server.RaftServerConfigKeys (ConfUtils.java:logGet(46)) - raft.server.log.purge.upto.snapshot.index = false (default)
2023-06-02 20:40:39,189 [8f90378c-2071-462d-9a04-80510992f21c@group-EC07C2C94AFC-FollowerState] INFO  server.RaftServerConfigKeys (ConfUtils.java:logFallback(53)) - raft.server.rpc.first-election.timeout.min = 5s (fallback to raft.server.rpc.timeout.min)
2023-06-02 20:40:39,189 [8f90378c-2071-462d-9a04-80510992f21c@group-EC07C2C94AFC-FollowerState] INFO  server.RaftServerConfigKeys (ConfUtils.java:logFallback(53)) - raft.server.rpc.first-election.timeout.max = 5200ms (fallback to raft.server.rpc.timeout.max)
2023-06-02 20:40:39,195 [PipelineCommandHandlerThread-0] INFO  ratis.XceiverServerRatis (XceiverServerRatis.java:addGroup(804)) - Created group PipelineID=836a44ad-ec31-4e27-88b2-ec07c2c94afc
2023-06-02 20:40:39,195 [PipelineCommandHandlerThread-0] INFO  commandhandler.CreatePipelineCommandHandler (CreatePipelineCommandHandler.java:lambda$handle$2(124)) - Created Pipeline RATIS ONE PipelineID=836a44ad-ec31-4e27-88b2-ec07c2c94afc.
2023-06-02 20:40:39,195 [501c2811-31b4-4cb7-a883-304e4eecc84c@group-A560C19004D9-LeaderElection4] INFO  server.RaftServerConfigKeys (ConfUtils.java:logGet(46)) - raft.server.log.appender.wait-time.min = 10ms (default)
2023-06-02 20:40:39,196 [501c2811-31b4-4cb7-a883-304e4eecc84c@group-A560C19004D9-LeaderElection4] INFO  grpc.GrpcConfigKeys (ConfUtils.java:logGet(46)) - raft.grpc.server.leader.outstanding.appends.max = 128 (default)
2023-06-02 20:40:39,200 [501c2811-31b4-4cb7-a883-304e4eecc84c@group-A560C19004D9-LeaderElection4] INFO  server.RaftServerConfigKeys (ConfUtils.java:logGet(46)) - raft.server.rpc.request.timeout = 60s (custom)
2023-06-02 20:40:39,200 [501c2811-31b4-4cb7-a883-304e4eecc84c@group-A560C19004D9-LeaderElection4] INFO  grpc.GrpcConfigKeys (ConfUtils.java:logGet(46)) - raft.grpc.server.install_snapshot.request.element-limit = 8 (default)
2023-06-02 20:40:39,200 [501c2811-31b4-4cb7-a883-304e4eecc84c@group-A560C19004D9-LeaderElection4] INFO  grpc.GrpcConfigKeys (ConfUtils.java:logGet(46)) - raft.grpc.server.install_snapshot.request.timeout = 3000ms (default)
2023-06-02 20:40:39,200 [501c2811-31b4-4cb7-a883-304e4eecc84c@group-A560C19004D9-LeaderElection4] INFO  server.RaftServerConfigKeys (ConfUtils.java:logGet(46)) - raft.server.log.appender.install.snapshot.enabled = false (custom)
2023-06-02 20:40:39,200 [501c2811-31b4-4cb7-a883-304e4eecc84c@group-A560C19004D9-LeaderElection4] INFO  grpc.GrpcConfigKeys (ConfUtils.java:logGet(46)) - raft.grpc.server.heartbeat.channel = true (default)
2023-06-02 20:40:39,204 [501c2811-31b4-4cb7-a883-304e4eecc84c@group-A560C19004D9-LeaderElection4] INFO  server.RaftServerConfigKeys (ConfUtils.java:logGet(46)) - raft.server.log.appender.snapshot.chunk.size.max = 16MB (=16777216) (default)
2023-06-02 20:40:39,204 [501c2811-31b4-4cb7-a883-304e4eecc84c@group-A560C19004D9-LeaderElection4] INFO  server.RaftServerConfigKeys (ConfUtils.java:logGet(46)) - raft.server.log.appender.buffer.byte-limit = 33554432 (custom)
2023-06-02 20:40:39,204 [501c2811-31b4-4cb7-a883-304e4eecc84c@group-A560C19004D9-LeaderElection4] INFO  server.RaftServerConfigKeys (ConfUtils.java:logGet(46)) - raft.server.log.appender.buffer.element-limit = 1 (custom)
2023-06-02 20:40:39,204 [501c2811-31b4-4cb7-a883-304e4eecc84c@group-A560C19004D9-LeaderElection4] INFO  server.RaftServerConfigKeys (ConfUtils.java:logGet(46)) - raft.server.log.appender.wait-time.min = 10ms (default)
2023-06-02 20:40:39,204 [501c2811-31b4-4cb7-a883-304e4eecc84c@group-A560C19004D9-LeaderElection4] INFO  grpc.GrpcConfigKeys (ConfUtils.java:logGet(46)) - raft.grpc.server.leader.outstanding.appends.max = 128 (default)
2023-06-02 20:40:39,204 [501c2811-31b4-4cb7-a883-304e4eecc84c@group-A560C19004D9-LeaderElection4] INFO  server.RaftServerConfigKeys (ConfUtils.java:logGet(46)) - raft.server.rpc.request.timeout = 60s (custom)
2023-06-02 20:40:39,204 [501c2811-31b4-4cb7-a883-304e4eecc84c@group-A560C19004D9-LeaderElection4] INFO  grpc.GrpcConfigKeys (ConfUtils.java:logGet(46)) - raft.grpc.server.install_snapshot.request.element-limit = 8 (default)
2023-06-02 20:40:39,204 [501c2811-31b4-4cb7-a883-304e4eecc84c@group-A560C19004D9-LeaderElection4] INFO  grpc.GrpcConfigKeys (ConfUtils.java:logGet(46)) - raft.grpc.server.install_snapshot.request.timeout = 3000ms (default)
2023-06-02 20:40:39,204 [501c2811-31b4-4cb7-a883-304e4eecc84c@group-A560C19004D9-LeaderElection4] INFO  server.RaftServerConfigKeys (ConfUtils.java:logGet(46)) - raft.server.log.appender.install.snapshot.enabled = false (custom)
2023-06-02 20:40:39,204 [501c2811-31b4-4cb7-a883-304e4eecc84c@group-A560C19004D9-LeaderElection4] INFO  grpc.GrpcConfigKeys (ConfUtils.java:logGet(46)) - raft.grpc.server.heartbeat.channel = true (default)
2023-06-02 20:40:39,205 [501c2811-31b4-4cb7-a883-304e4eecc84c@group-A560C19004D9-LeaderElection4] INFO  impl.RoleInfo (RoleInfo.java:updateAndGet(139)) - 501c2811-31b4-4cb7-a883-304e4eecc84c: start 501c2811-31b4-4cb7-a883-304e4eecc84c@group-A560C19004D9-LeaderStateImpl
2023-06-02 20:40:39,206 [501c2811-31b4-4cb7-a883-304e4eecc84c@group-A560C19004D9-LeaderElection4] INFO  segmented.SegmentedRaftLogWorker (SegmentedRaftLogWorker.java:startLogSegment(447)) - 501c2811-31b4-4cb7-a883-304e4eecc84c@group-A560C19004D9-SegmentedRaftLogWorker: Starting segment from index:0
2023-06-02 20:40:39,208 [501c2811-31b4-4cb7-a883-304e4eecc84c@group-A560C19004D9-SegmentedRaftLogWorker] INFO  segmented.SegmentedRaftLogWorker (SegmentedRaftLogWorker.java:execute(651)) - 501c2811-31b4-4cb7-a883-304e4eecc84c@group-A560C19004D9-SegmentedRaftLogWorker: created new log segment /home/runner/work/ozone/ozone/hadoop-ozone/integration-test/target/test-dir/MiniOzoneClusterImpl-5ac0c7d5-b38a-4534-ae70-3109b4fe19c6/datanode-2/data/ratis/f1770900-d3b3-46bd-b918-a560c19004d9/current/log_inprogress_0
2023-06-02 20:40:39,216 [501c2811-31b4-4cb7-a883-304e4eecc84c@group-A560C19004D9-LeaderElection4] INFO  server.RaftServer$Division (ServerState.java:setRaftConf(434)) - 501c2811-31b4-4cb7-a883-304e4eecc84c@group-A560C19004D9: set configuration 0: peers:[559beb36-7c11-4841-9a8b-e14375a607db|rpc:10.1.0.31:15014|admin:10.1.0.31:15013|client:10.1.0.31:15012|dataStream:10.1.0.31:15015|priority:0|startupRole:FOLLOWER, f3098061-e126-467d-ace5-c417dde623cb|rpc:10.1.0.31:15023|admin:10.1.0.31:15022|client:10.1.0.31:15021|dataStream:10.1.0.31:15024|priority:0|startupRole:FOLLOWER, 501c2811-31b4-4cb7-a883-304e4eecc84c|rpc:10.1.0.31:15032|admin:10.1.0.31:15031|client:10.1.0.31:15030|dataStream:10.1.0.31:15033|priority:1|startupRole:FOLLOWER]|listeners:[], old=null
2023-06-02 20:40:39,292 [f3098061-e126-467d-ace5-c417dde623cb-server-thread1] INFO  ratis.XceiverServerRatis (XceiverServerRatis.java:handleLeaderChangedNotification(902)) - Leader change notification received for group: group-A560C19004D9 with new leaderId: 501c2811-31b4-4cb7-a883-304e4eecc84c
2023-06-02 20:40:39,292 [f3098061-e126-467d-ace5-c417dde623cb-server-thread1] INFO  server.RaftServer$Division (ServerState.java:setLeader(317)) - f3098061-e126-467d-ace5-c417dde623cb@group-A560C19004D9: change Leader from null to 501c2811-31b4-4cb7-a883-304e4eecc84c at term 1 for appendEntries, leader elected after 5170ms
2023-06-02 20:40:39,299 [559beb36-7c11-4841-9a8b-e14375a607db-server-thread2] INFO  ratis.XceiverServerRatis (XceiverServerRatis.java:handleLeaderChangedNotification(902)) - Leader change notification received for group: group-A560C19004D9 with new leaderId: 501c2811-31b4-4cb7-a883-304e4eecc84c
2023-06-02 20:40:39,299 [559beb36-7c11-4841-9a8b-e14375a607db-server-thread2] INFO  server.RaftServer$Division (ServerState.java:setLeader(317)) - 559beb36-7c11-4841-9a8b-e14375a607db@group-A560C19004D9: change Leader from null to 501c2811-31b4-4cb7-a883-304e4eecc84c at term 1 for appendEntries, leader elected after 5853ms
2023-06-02 20:40:39,314 [f3098061-e126-467d-ace5-c417dde623cb-server-thread2] INFO  server.RaftServer$Division (ServerState.java:setRaftConf(434)) - f3098061-e126-467d-ace5-c417dde623cb@group-A560C19004D9: set configuration 0: peers:[559beb36-7c11-4841-9a8b-e14375a607db|rpc:10.1.0.31:15014|admin:10.1.0.31:15013|client:10.1.0.31:15012|dataStream:10.1.0.31:15015|priority:0|startupRole:FOLLOWER, f3098061-e126-467d-ace5-c417dde623cb|rpc:10.1.0.31:15023|admin:10.1.0.31:15022|client:10.1.0.31:15021|dataStream:10.1.0.31:15024|priority:0|startupRole:FOLLOWER, 501c2811-31b4-4cb7-a883-304e4eecc84c|rpc:10.1.0.31:15032|admin:10.1.0.31:15031|client:10.1.0.31:15030|dataStream:10.1.0.31:15033|priority:1|startupRole:FOLLOWER]|listeners:[], old=null
2023-06-02 20:40:39,315 [f3098061-e126-467d-ace5-c417dde623cb-server-thread2] INFO  segmented.SegmentedRaftLogWorker (SegmentedRaftLogWorker.java:startLogSegment(447)) - f3098061-e126-467d-ace5-c417dde623cb@group-A560C19004D9-SegmentedRaftLogWorker: Starting segment from index:0
2023-06-02 20:40:39,315 [559beb36-7c11-4841-9a8b-e14375a607db-server-thread2] INFO  server.RaftServer$Division (ServerState.java:setRaftConf(434)) - 559beb36-7c11-4841-9a8b-e14375a607db@group-A560C19004D9: set configuration 0: peers:[559beb36-7c11-4841-9a8b-e14375a607db|rpc:10.1.0.31:15014|admin:10.1.0.31:15013|client:10.1.0.31:15012|dataStream:10.1.0.31:15015|priority:0|startupRole:FOLLOWER, f3098061-e126-467d-ace5-c417dde623cb|rpc:10.1.0.31:15023|admin:10.1.0.31:15022|client:10.1.0.31:15021|dataStream:10.1.0.31:15024|priority:0|startupRole:FOLLOWER, 501c2811-31b4-4cb7-a883-304e4eecc84c|rpc:10.1.0.31:15032|admin:10.1.0.31:15031|client:10.1.0.31:15030|dataStream:10.1.0.31:15033|priority:1|startupRole:FOLLOWER]|listeners:[], old=null
2023-06-02 20:40:39,316 [559beb36-7c11-4841-9a8b-e14375a607db-server-thread2] INFO  segmented.SegmentedRaftLogWorker (SegmentedRaftLogWorker.java:startLogSegment(447)) - 559beb36-7c11-4841-9a8b-e14375a607db@group-A560C19004D9-SegmentedRaftLogWorker: Starting segment from index:0
2023-06-02 20:40:39,320 [f3098061-e126-467d-ace5-c417dde623cb@group-A560C19004D9-SegmentedRaftLogWorker] INFO  segmented.SegmentedRaftLogWorker (SegmentedRaftLogWorker.java:execute(651)) - f3098061-e126-467d-ace5-c417dde623cb@group-A560C19004D9-SegmentedRaftLogWorker: created new log segment /home/runner/work/ozone/ozone/hadoop-ozone/integration-test/target/test-dir/MiniOzoneClusterImpl-5ac0c7d5-b38a-4534-ae70-3109b4fe19c6/datanode-1/data/ratis/f1770900-d3b3-46bd-b918-a560c19004d9/current/log_inprogress_0
2023-06-02 20:40:39,349 [559beb36-7c11-4841-9a8b-e14375a607db@group-A560C19004D9-SegmentedRaftLogWorker] INFO  segmented.SegmentedRaftLogWorker (SegmentedRaftLogWorker.java:execute(651)) - 559beb36-7c11-4841-9a8b-e14375a607db@group-A560C19004D9-SegmentedRaftLogWorker: created new log segment /home/runner/work/ozone/ozone/hadoop-ozone/integration-test/target/test-dir/MiniOzoneClusterImpl-5ac0c7d5-b38a-4534-ae70-3109b4fe19c6/datanode-0/data/ratis/f1770900-d3b3-46bd-b918-a560c19004d9/current/log_inprogress_0
2023-06-02 20:40:39,660 [PipelineCommandHandlerThread-0] INFO  server.RaftServer (RaftServerProxy.java:addNew(98)) - e2046f02-5b0f-4721-8967-351bc4e74694: addNew group-9EC81E10122D:[e2046f02-5b0f-4721-8967-351bc4e74694|rpc:10.1.0.31:15131|admin:10.1.0.31:15130|client:10.1.0.31:15129|dataStream:10.1.0.31:15132|priority:1|startupRole:FOLLOWER] returns group-9EC81E10122D:java.util.concurrent.CompletableFuture@e56c3a9[Not completed]
2023-06-02 20:40:39,664 [e2046f02-5b0f-4721-8967-351bc4e74694-groupManagement] INFO  server.RaftServer$Division (RaftServerImpl.java:<init>(198)) - e2046f02-5b0f-4721-8967-351bc4e74694: new RaftServerImpl for group-9EC81E10122D:[e2046f02-5b0f-4721-8967-351bc4e74694|rpc:10.1.0.31:15131|admin:10.1.0.31:15130|client:10.1.0.31:15129|dataStream:10.1.0.31:15132|priority:1|startupRole:FOLLOWER] with ContainerStateMachine:uninitialized
2023-06-02 20:40:39,664 [e2046f02-5b0f-4721-8967-351bc4e74694-groupManagement] INFO  server.RaftServerConfigKeys (ConfUtils.java:logGet(46)) - raft.server.rpc.timeout.min = 5s (custom)
2023-06-02 20:40:39,664 [e2046f02-5b0f-4721-8967-351bc4e74694-groupManagement] INFO  server.RaftServerConfigKeys (ConfUtils.java:logGet(46)) - raft.server.rpc.timeout.max = 5200ms (custom)
2023-06-02 20:40:39,664 [e2046f02-5b0f-4721-8967-351bc4e74694-groupManagement] INFO  server.RaftServerConfigKeys (ConfUtils.java:logGet(46)) - raft.server.rpc.sleep.time = 25ms (default)
2023-06-02 20:40:39,664 [e2046f02-5b0f-4721-8967-351bc4e74694-groupManagement] INFO  server.RaftServerConfigKeys (ConfUtils.java:logGet(46)) - raft.server.rpc.slowness.timeout = 300s (custom)
2023-06-02 20:40:39,664 [e2046f02-5b0f-4721-8967-351bc4e74694-groupManagement] INFO  server.RaftServerConfigKeys (ConfUtils.java:logGet(46)) - raft.server.leaderelection.leader.step-down.wait-time = 10s (default)
2023-06-02 20:40:39,664 [e2046f02-5b0f-4721-8967-351bc4e74694-groupManagement] INFO  server.RaftServerConfigKeys (ConfUtils.java:logGet(46)) - raft.server.sleep.deviation.threshold = 300ms (default)
2023-06-02 20:40:39,664 [e2046f02-5b0f-4721-8967-351bc4e74694-groupManagement] INFO  server.RaftServer$Division (ServerState.java:<init>(120)) - e2046f02-5b0f-4721-8967-351bc4e74694@group-9EC81E10122D: ConfigurationManager, init=-1: peers:[e2046f02-5b0f-4721-8967-351bc4e74694|rpc:10.1.0.31:15131|admin:10.1.0.31:15130|client:10.1.0.31:15129|dataStream:10.1.0.31:15132|priority:1|startupRole:FOLLOWER]|listeners:[], old=null, confs=<EMPTY_MAP>
2023-06-02 20:40:39,664 [e2046f02-5b0f-4721-8967-351bc4e74694-groupManagement] INFO  server.RaftServerConfigKeys (ConfUtils.java:logGet(46)) - raft.server.storage.dir = [/home/runner/work/ozone/ozone/hadoop-ozone/integration-test/target/test-dir/MiniOzoneClusterImpl-5ac0c7d5-b38a-4534-ae70-3109b4fe19c6/datanode-13/data/ratis] (custom)
2023-06-02 20:40:39,666 [e2046f02-5b0f-4721-8967-351bc4e74694-groupManagement] INFO  server.RaftServerConfigKeys (ConfUtils.java:logGet(46)) - raft.server.log.corruption.policy = EXCEPTION (default)
2023-06-02 20:40:39,666 [e2046f02-5b0f-4721-8967-351bc4e74694-groupManagement] INFO  server.RaftServerConfigKeys (ConfUtils.java:logGet(46)) - raft.server.storage.free-space.min = 0MB (=0) (default)
2023-06-02 20:40:39,667 [e2046f02-5b0f-4721-8967-351bc4e74694-groupManagement] INFO  server.RaftServerConfigKeys (ConfUtils.java:logGet(46)) - raft.server.notification.no-leader.timeout = 300s (custom)
2023-06-02 20:40:39,667 [e2046f02-5b0f-4721-8967-351bc4e74694-groupManagement] INFO  server.RaftServerConfigKeys (ConfUtils.java:logGet(46)) - raft.server.read.timeout = 10s (default)
2023-06-02 20:40:39,667 [e2046f02-5b0f-4721-8967-351bc4e74694-groupManagement] INFO  server.RaftServerConfigKeys (ConfUtils.java:logGet(46)) - raft.server.retrycache.expirytime = 600000ms (custom)
2023-06-02 20:40:39,667 [e2046f02-5b0f-4721-8967-351bc4e74694-groupManagement] INFO  server.RaftServerConfigKeys (ConfUtils.java:logGet(46)) - raft.server.retrycache.statistics.expirytime = 100μs (default)
2023-06-02 20:40:39,667 [e2046f02-5b0f-4721-8967-351bc4e74694-groupManagement] INFO  server.RaftServerConfigKeys (ConfUtils.java:logGet(46)) - raft.server.read.option = DEFAULT (default)
2023-06-02 20:40:39,672 [e2046f02-5b0f-4721-8967-351bc4e74694-groupManagement] INFO  server.RaftServerConfigKeys (ConfUtils.java:logGet(46)) - raft.server.rpc.request.timeout = 60s (custom)
2023-06-02 20:40:39,673 [e2046f02-5b0f-4721-8967-351bc4e74694-groupManagement] INFO  server.RaftServerConfigKeys (ConfUtils.java:logGet(46)) - raft.server.log.appender.install.snapshot.enabled = false (custom)
2023-06-02 20:40:39,673 [e2046f02-5b0f-4721-8967-351bc4e74694-groupManagement] INFO  server.RaftServerConfigKeys (ConfUtils.java:logGet(46)) - raft.server.threadpool.server.cached = true (default)
2023-06-02 20:40:39,673 [e2046f02-5b0f-4721-8967-351bc4e74694-groupManagement] INFO  server.RaftServerConfigKeys (ConfUtils.java:logGet(46)) - raft.server.threadpool.server.size = 0 (default)
2023-06-02 20:40:39,673 [e2046f02-5b0f-4721-8967-351bc4e74694-groupManagement] INFO  server.RaftServerConfigKeys (ConfUtils.java:logGet(46)) - raft.server.threadpool.client.cached = true (default)
2023-06-02 20:40:39,673 [e2046f02-5b0f-4721-8967-351bc4e74694-groupManagement] INFO  server.RaftServerConfigKeys (ConfUtils.java:logGet(46)) - raft.server.threadpool.client.size = 0 (default)
2023-06-02 20:40:39,673 [e2046f02-5b0f-4721-8967-351bc4e74694-groupManagement] INFO  storage.RaftStorageDirectory (RaftStorageDirectoryImpl.java:analyzeStorage(137)) - The storage directory /home/runner/work/ozone/ozone/hadoop-ozone/integration-test/target/test-dir/MiniOzoneClusterImpl-5ac0c7d5-b38a-4534-ae70-3109b4fe19c6/datanode-13/data/ratis/74d3c2fa-2030-4e37-886c-9ec81e10122d does not exist. Creating ...
2023-06-02 20:40:39,682 [e2046f02-5b0f-4721-8967-351bc4e74694-groupManagement] INFO  storage.RaftStorageDirectory (RaftStorageDirectoryImpl.java:tryLock(231)) - Lock on /home/runner/work/ozone/ozone/hadoop-ozone/integration-test/target/test-dir/MiniOzoneClusterImpl-5ac0c7d5-b38a-4534-ae70-3109b4fe19c6/datanode-13/data/ratis/74d3c2fa-2030-4e37-886c-9ec81e10122d/in_use.lock acquired by nodename 65175@fv-az1239-288
2023-06-02 20:40:39,684 [e2046f02-5b0f-4721-8967-351bc4e74694-groupManagement] INFO  storage.RaftStorage (RaftStorageImpl.java:format(96)) - Storage directory /home/runner/work/ozone/ozone/hadoop-ozone/integration-test/target/test-dir/MiniOzoneClusterImpl-5ac0c7d5-b38a-4534-ae70-3109b4fe19c6/datanode-13/data/ratis/74d3c2fa-2030-4e37-886c-9ec81e10122d has been successfully formatted.
2023-06-02 20:40:39,688 [e2046f02-5b0f-4721-8967-351bc4e74694-groupManagement] INFO  ratis.ContainerStateMachine (ContainerStateMachine.java:loadSnapshot(262)) - group-9EC81E10122D: The snapshot info is null. Setting the last applied indexto:(t:0, i:~)
2023-06-02 20:40:39,688 [e2046f02-5b0f-4721-8967-351bc4e74694-groupManagement] INFO  server.RaftServerConfigKeys (ConfUtils.java:logGet(46)) - raft.server.log.use.memory = false (default)
2023-06-02 20:40:39,688 [e2046f02-5b0f-4721-8967-351bc4e74694-groupManagement] INFO  server.RaftServerConfigKeys (ConfUtils.java:logGet(46)) - raft.server.log.purge.gap = 1000000 (custom)
2023-06-02 20:40:39,689 [e2046f02-5b0f-4721-8967-351bc4e74694-groupManagement] INFO  server.RaftServerConfigKeys (ConfUtils.java:logGet(46)) - raft.server.log.appender.buffer.byte-limit = 33554432 (custom)
2023-06-02 20:40:39,689 [e2046f02-5b0f-4721-8967-351bc4e74694-groupManagement] INFO  server.RaftServerConfigKeys (ConfUtils.java:logGet(46)) - raft.server.log.statemachine.data.read.timeout = 1000ms (default)
2023-06-02 20:40:39,689 [e2046f02-5b0f-4721-8967-351bc4e74694-groupManagement] INFO  server.RaftServerConfigKeys (ConfUtils.java:logGet(46)) - raft.server.log.purge.preservation.log.num = 0 (default)
2023-06-02 20:40:39,689 [e2046f02-5b0f-4721-8967-351bc4e74694-groupManagement] INFO  server.RaftServerConfigKeys (ConfUtils.java:logGet(46)) - raft.server.log.segment.size.max = 1048576 (custom)
2023-06-02 20:40:39,689 [e2046f02-5b0f-4721-8967-351bc4e74694-groupManagement] INFO  server.RaftServerConfigKeys (ConfUtils.java:logGet(46)) - raft.server.log.segment.cache.num.max = 2 (custom)
2023-06-02 20:40:39,689 [e2046f02-5b0f-4721-8967-351bc4e74694-groupManagement] INFO  server.RaftServerConfigKeys (ConfUtils.java:logGet(46)) - raft.server.log.segment.cache.size.max = 200MB (=209715200) (default)
2023-06-02 20:40:39,689 [e2046f02-5b0f-4721-8967-351bc4e74694-groupManagement] INFO  server.RaftServerConfigKeys (ConfUtils.java:logGet(46)) - raft.server.log.appender.buffer.byte-limit = 33554432 (custom)
2023-06-02 20:40:39,689 [e2046f02-5b0f-4721-8967-351bc4e74694-groupManagement] INFO  segmented.SegmentedRaftLogWorker (SegmentedRaftLogWorker.java:<init>(188)) - new e2046f02-5b0f-4721-8967-351bc4e74694@group-9EC81E10122D-SegmentedRaftLogWorker for RaftStorageImpl:Storage Directory /home/runner/work/ozone/ozone/hadoop-ozone/integration-test/target/test-dir/MiniOzoneClusterImpl-5ac0c7d5-b38a-4534-ae70-3109b4fe19c6/datanode-13/data/ratis/74d3c2fa-2030-4e37-886c-9ec81e10122d
2023-06-02 20:40:39,690 [e2046f02-5b0f-4721-8967-351bc4e74694-groupManagement] INFO  server.RaftServerConfigKeys (ConfUtils.java:logGet(46)) - raft.server.log.queue.byte-limit = 4294967296 (custom)
2023-06-02 20:40:39,690 [e2046f02-5b0f-4721-8967-351bc4e74694-groupManagement] INFO  server.RaftServerConfigKeys (ConfUtils.java:logGet(46)) - raft.server.log.queue.element-limit = 1024 (custom)
2023-06-02 20:40:39,690 [e2046f02-5b0f-4721-8967-351bc4e74694-groupManagement] INFO  server.RaftServerConfigKeys (ConfUtils.java:logGet(46)) - raft.server.log.segment.size.max = 1048576 (custom)
2023-06-02 20:40:39,690 [e2046f02-5b0f-4721-8967-351bc4e74694-groupManagement] INFO  server.RaftServerConfigKeys (ConfUtils.java:logGet(46)) - raft.server.log.preallocated.size = 16384 (custom)
2023-06-02 20:40:39,690 [e2046f02-5b0f-4721-8967-351bc4e74694-groupManagement] INFO  server.RaftServerConfigKeys (ConfUtils.java:logGet(46)) - raft.server.log.force.sync.num = 128 (default)
2023-06-02 20:40:39,690 [e2046f02-5b0f-4721-8967-351bc4e74694-groupManagement] INFO  server.RaftServerConfigKeys (ConfUtils.java:logGet(46)) - raft.server.log.statemachine.data.sync = true (default)
2023-06-02 20:40:39,690 [e2046f02-5b0f-4721-8967-351bc4e74694-groupManagement] INFO  server.RaftServerConfigKeys (ConfUtils.java:logGet(46)) - raft.server.log.statemachine.data.sync.timeout = 10s (default)
2023-06-02 20:40:39,690 [e2046f02-5b0f-4721-8967-351bc4e74694-groupManagement] INFO  server.RaftServerConfigKeys (ConfUtils.java:logGet(46)) - raft.server.log.statemachine.data.sync.timeout.retry = -1 (default)
2023-06-02 20:40:39,692 [EventQueue-PipelineReportForPipelineReportHandler] INFO  pipeline.PipelineManagerImpl (PipelineManagerImpl.java:openPipeline(367)) - Pipeline Pipeline[ Id: 74d3c2fa-2030-4e37-886c-9ec81e10122d, Nodes: e2046f02-5b0f-4721-8967-351bc4e74694(fv-az1239-288/10.1.0.31), ReplicationConfig: RATIS/ONE, State:ALLOCATED, leaderId:e2046f02-5b0f-4721-8967-351bc4e74694, CreationTimestamp2023-06-02T20:40:36.656Z[Etc/UTC]] moved to OPEN state
2023-06-02 20:40:39,693 [e2046f02-5b0f-4721-8967-351bc4e74694-groupManagement] INFO  server.RaftServerConfigKeys (ConfUtils.java:logGet(46)) - raft.server.log.write.buffer.size = 1048576 (custom)
2023-06-02 20:40:39,694 [e2046f02-5b0f-4721-8967-351bc4e74694-groupManagement] INFO  server.RaftServerConfigKeys (ConfUtils.java:logGet(46)) - raft.server.log.appender.buffer.byte-limit = 33554432 (custom)
2023-06-02 20:40:39,710 [e2046f02-5b0f-4721-8967-351bc4e74694-groupManagement] INFO  server.RaftServerConfigKeys (ConfUtils.java:logGet(46)) - raft.server.log.unsafe-flush.enabled = false (default)
2023-06-02 20:40:39,710 [e2046f02-5b0f-4721-8967-351bc4e74694-groupManagement] INFO  server.RaftServerConfigKeys (ConfUtils.java:logGet(46)) - raft.server.log.async-flush.enabled = false (default)
2023-06-02 20:40:39,710 [e2046f02-5b0f-4721-8967-351bc4e74694-groupManagement] INFO  server.RaftServerConfigKeys (ConfUtils.java:logGet(46)) - raft.server.log.statemachine.data.caching.enabled = true (custom)
2023-06-02 20:40:39,710 [e2046f02-5b0f-4721-8967-351bc4e74694-groupManagement] INFO  segmented.SegmentedRaftLogWorker (SegmentedRaftLogWorker.java:lambda$new$0(135)) - e2046f02-5b0f-4721-8967-351bc4e74694@group-9EC81E10122D-SegmentedRaftLogWorker: flushIndex: setUnconditionally 0 -> -1
2023-06-02 20:40:39,711 [e2046f02-5b0f-4721-8967-351bc4e74694-groupManagement] INFO  segmented.SegmentedRaftLogWorker (SegmentedRaftLogWorker.java:lambda$new$0(135)) - e2046f02-5b0f-4721-8967-351bc4e74694@group-9EC81E10122D-SegmentedRaftLogWorker: safeCacheEvictIndex: setUnconditionally 0 -> -1
2023-06-02 20:40:39,716 [e2046f02-5b0f-4721-8967-351bc4e74694-groupManagement] INFO  server.RaftServer$Division (RaftServerImpl.java:start(342)) - e2046f02-5b0f-4721-8967-351bc4e74694@group-9EC81E10122D: start as a follower, conf=-1: peers:[e2046f02-5b0f-4721-8967-351bc4e74694|rpc:10.1.0.31:15131|admin:10.1.0.31:15130|client:10.1.0.31:15129|dataStream:10.1.0.31:15132|priority:1|startupRole:FOLLOWER]|listeners:[], old=null
2023-06-02 20:40:39,716 [e2046f02-5b0f-4721-8967-351bc4e74694-groupManagement] INFO  server.RaftServer$Division (RaftServerImpl.java:setRole(329)) - e2046f02-5b0f-4721-8967-351bc4e74694@group-9EC81E10122D: changes role from      null to FOLLOWER at term 0 for startAsFollower
2023-06-02 20:40:39,716 [e2046f02-5b0f-4721-8967-351bc4e74694-groupManagement] INFO  impl.RoleInfo (RoleInfo.java:updateAndGet(139)) - e2046f02-5b0f-4721-8967-351bc4e74694: start e2046f02-5b0f-4721-8967-351bc4e74694@group-9EC81E10122D-FollowerState
2023-06-02 20:40:39,719 [e2046f02-5b0f-4721-8967-351bc4e74694-groupManagement] INFO  util.JmxRegister (JmxRegister.java:tryRegister(44)) - Successfully registered JMX Bean with object name Ratis:service=RaftServer,group=group-9EC81E10122D,id=e2046f02-5b0f-4721-8967-351bc4e74694
2023-06-02 20:40:39,719 [e2046f02-5b0f-4721-8967-351bc4e74694-groupManagement] INFO  server.RaftServerConfigKeys (ConfUtils.java:logGet(46)) - raft.server.snapshot.auto.trigger.enabled = true (custom)
2023-06-02 20:40:39,719 [e2046f02-5b0f-4721-8967-351bc4e74694-groupManagement] INFO  server.RaftServerConfigKeys (ConfUtils.java:logGet(46)) - raft.server.snapshot.auto.trigger.threshold = 10000 (custom)
2023-06-02 20:40:39,719 [e2046f02-5b0f-4721-8967-351bc4e74694-groupManagement] INFO  server.RaftServerConfigKeys (ConfUtils.java:logGet(46)) - raft.server.snapshot.retention.file.num = 5 (custom)
2023-06-02 20:40:39,719 [e2046f02-5b0f-4721-8967-351bc4e74694-groupManagement] INFO  server.RaftServerConfigKeys (ConfUtils.java:logGet(46)) - raft.server.log.purge.upto.snapshot.index = false (default)
2023-06-02 20:40:39,720 [e2046f02-5b0f-4721-8967-351bc4e74694@group-9EC81E10122D-FollowerState] INFO  server.RaftServerConfigKeys (ConfUtils.java:logFallback(53)) - raft.server.rpc.first-election.timeout.min = 5s (fallback to raft.server.rpc.timeout.min)
2023-06-02 20:40:39,720 [e2046f02-5b0f-4721-8967-351bc4e74694@group-9EC81E10122D-FollowerState] INFO  server.RaftServerConfigKeys (ConfUtils.java:logFallback(53)) - raft.server.rpc.first-election.timeout.max = 5200ms (fallback to raft.server.rpc.timeout.max)
2023-06-02 20:40:39,724 [PipelineCommandHandlerThread-0] INFO  ratis.XceiverServerRatis (XceiverServerRatis.java:addGroup(804)) - Created group PipelineID=74d3c2fa-2030-4e37-886c-9ec81e10122d
2023-06-02 20:40:39,724 [PipelineCommandHandlerThread-0] INFO  commandhandler.CreatePipelineCommandHandler (CreatePipelineCommandHandler.java:lambda$handle$2(124)) - Created Pipeline RATIS ONE PipelineID=74d3c2fa-2030-4e37-886c-9ec81e10122d.
2023-06-02 20:40:39,789 [559beb36-7c11-4841-9a8b-e14375a607db@group-449F8745C131-FollowerState] INFO  impl.FollowerState (FollowerState.java:run(143)) - 559beb36-7c11-4841-9a8b-e14375a607db@group-449F8745C131-FollowerState: change to CANDIDATE, lastRpcElapsedTime:5113680683ns, electionTimeout:5100ms
2023-06-02 20:40:39,790 [559beb36-7c11-4841-9a8b-e14375a607db@group-449F8745C131-FollowerState] INFO  impl.RoleInfo (RoleInfo.java:shutdownFollowerState(110)) - 559beb36-7c11-4841-9a8b-e14375a607db: shutdown 559beb36-7c11-4841-9a8b-e14375a607db@group-449F8745C131-FollowerState
2023-06-02 20:40:39,790 [559beb36-7c11-4841-9a8b-e14375a607db@group-449F8745C131-FollowerState] INFO  server.RaftServer$Division (RaftServerImpl.java:setRole(329)) - 559beb36-7c11-4841-9a8b-e14375a607db@group-449F8745C131: changes role from  FOLLOWER to CANDIDATE at term 0 for changeToCandidate
2023-06-02 20:40:39,790 [559beb36-7c11-4841-9a8b-e14375a607db@group-449F8745C131-FollowerState] INFO  server.RaftServerConfigKeys (ConfUtils.java:logGet(46)) - raft.server.leaderelection.pre-vote = true (default)
2023-06-02 20:40:39,790 [559beb36-7c11-4841-9a8b-e14375a607db@group-449F8745C131-FollowerState] INFO  impl.RoleInfo (RoleInfo.java:updateAndGet(139)) - 559beb36-7c11-4841-9a8b-e14375a607db: start 559beb36-7c11-4841-9a8b-e14375a607db@group-449F8745C131-LeaderElection5
2023-06-02 20:40:39,814 [559beb36-7c11-4841-9a8b-e14375a607db@group-449F8745C131-LeaderElection5] INFO  impl.LeaderElection (LeaderElection.java:askForVotes(321)) - 559beb36-7c11-4841-9a8b-e14375a607db@group-449F8745C131-LeaderElection5 PRE_VOTE round 0: submit vote requests at term 0 for -1: peers:[559beb36-7c11-4841-9a8b-e14375a607db|rpc:10.1.0.31:15014|admin:10.1.0.31:15013|client:10.1.0.31:15012|dataStream:10.1.0.31:15015|priority:1|startupRole:FOLLOWER, f3098061-e126-467d-ace5-c417dde623cb|rpc:10.1.0.31:15023|admin:10.1.0.31:15022|client:10.1.0.31:15021|dataStream:10.1.0.31:15024|priority:0|startupRole:FOLLOWER, 501c2811-31b4-4cb7-a883-304e4eecc84c|rpc:10.1.0.31:15032|admin:10.1.0.31:15031|client:10.1.0.31:15030|dataStream:10.1.0.31:15033|priority:0|startupRole:FOLLOWER]|listeners:[], old=null
2023-06-02 20:40:39,817 [f3098061-e126-467d-ace5-c417dde623cb@group-86A6C006EA27-FollowerState] INFO  impl.FollowerState (FollowerState.java:run(143)) - f3098061-e126-467d-ace5-c417dde623cb@group-86A6C006EA27-FollowerState: change to CANDIDATE, lastRpcElapsedTime:5146977979ns, electionTimeout:5145ms
2023-06-02 20:40:39,817 [f3098061-e126-467d-ace5-c417dde623cb@group-86A6C006EA27-FollowerState] INFO  impl.RoleInfo (RoleInfo.java:shutdownFollowerState(110)) - f3098061-e126-467d-ace5-c417dde623cb: shutdown f3098061-e126-467d-ace5-c417dde623cb@group-86A6C006EA27-FollowerState
2023-06-02 20:40:39,817 [f3098061-e126-467d-ace5-c417dde623cb@group-86A6C006EA27-FollowerState] INFO  server.RaftServer$Division (RaftServerImpl.java:setRole(329)) - f3098061-e126-467d-ace5-c417dde623cb@group-86A6C006EA27: changes role from  FOLLOWER to CANDIDATE at term 0 for changeToCandidate
2023-06-02 20:40:39,831 [559beb36-7c11-4841-9a8b-e14375a607db@group-449F8745C131-LeaderElection5] INFO  server.RaftServerConfigKeys (ConfUtils.java:logFallback(53)) - raft.server.rpc.first-election.timeout.min = 5s (fallback to raft.server.rpc.timeout.min)
2023-06-02 20:40:39,831 [559beb36-7c11-4841-9a8b-e14375a607db@group-449F8745C131-LeaderElection5] INFO  server.RaftServerConfigKeys (ConfUtils.java:logFallback(53)) - raft.server.rpc.first-election.timeout.max = 5200ms (fallback to raft.server.rpc.timeout.max)
2023-06-02 20:40:39,834 [grpc-default-executor-1] INFO  server.RaftServer$Division (RaftServerImpl.java:requestVote(1302)) - f3098061-e126-467d-ace5-c417dde623cb@group-449F8745C131: receive requestVote(PRE_VOTE, 559beb36-7c11-4841-9a8b-e14375a607db, group-449F8745C131, 0, (t:0, i:0))
2023-06-02 20:40:39,834 [grpc-default-executor-1] INFO  impl.VoteContext (VoteContext.java:log(49)) - f3098061-e126-467d-ace5-c417dde623cb@group-449F8745C131-FOLLOWER: accept PRE_VOTE from 559beb36-7c11-4841-9a8b-e14375a607db: our priority 0 <= candidate's priority 1
2023-06-02 20:40:39,834 [grpc-default-executor-1] INFO  server.RaftServer$Division (RaftServerImpl.java:requestVote(1335)) - f3098061-e126-467d-ace5-c417dde623cb@group-449F8745C131 replies to PRE_VOTE vote request: 559beb36-7c11-4841-9a8b-e14375a607db<-f3098061-e126-467d-ace5-c417dde623cb#0:OK-t0. Peer's state: f3098061-e126-467d-ace5-c417dde623cb@group-449F8745C131:t0, leader=null, voted=, raftlog=Memoized:f3098061-e126-467d-ace5-c417dde623cb@group-449F8745C131-SegmentedRaftLog:OPENED:c-1, conf=-1: peers:[559beb36-7c11-4841-9a8b-e14375a607db|rpc:10.1.0.31:15014|admin:10.1.0.31:15013|client:10.1.0.31:15012|dataStream:10.1.0.31:15015|priority:1|startupRole:FOLLOWER, f3098061-e126-467d-ace5-c417dde623cb|rpc:10.1.0.31:15023|admin:10.1.0.31:15022|client:10.1.0.31:15021|dataStream:10.1.0.31:15024|priority:0|startupRole:FOLLOWER, 501c2811-31b4-4cb7-a883-304e4eecc84c|rpc:10.1.0.31:15032|admin:10.1.0.31:15031|client:10.1.0.31:15030|dataStream:10.1.0.31:15033|priority:0|startupRole:FOLLOWER]|listeners:[], old=null
2023-06-02 20:40:39,834 [f3098061-e126-467d-ace5-c417dde623cb@group-86A6C006EA27-FollowerState] INFO  server.RaftServerConfigKeys (ConfUtils.java:logGet(46)) - raft.server.leaderelection.pre-vote = true (default)
2023-06-02 20:40:39,834 [f3098061-e126-467d-ace5-c417dde623cb@group-86A6C006EA27-FollowerState] INFO  impl.RoleInfo (RoleInfo.java:updateAndGet(139)) - f3098061-e126-467d-ace5-c417dde623cb: start f3098061-e126-467d-ace5-c417dde623cb@group-86A6C006EA27-LeaderElection6
2023-06-02 20:40:39,848 [559beb36-7c11-4841-9a8b-e14375a607db@group-449F8745C131-LeaderElection5] INFO  impl.LeaderElection (LeaderElection.java:logAndReturn(90)) - 559beb36-7c11-4841-9a8b-e14375a607db@group-449F8745C131-LeaderElection5: PRE_VOTE PASSED received 1 response(s) and 0 exception(s):
2023-06-02 20:40:39,848 [559beb36-7c11-4841-9a8b-e14375a607db@group-449F8745C131-LeaderElection5] INFO  impl.LeaderElection (LeaderElection.java:logAndReturn(94)) -   Response 0: 559beb36-7c11-4841-9a8b-e14375a607db<-f3098061-e126-467d-ace5-c417dde623cb#0:OK-t0
2023-06-02 20:40:39,848 [559beb36-7c11-4841-9a8b-e14375a607db@group-449F8745C131-LeaderElection5] INFO  impl.LeaderElection (LeaderElection.java:askForVotes(323)) - 559beb36-7c11-4841-9a8b-e14375a607db@group-449F8745C131-LeaderElection5 PRE_VOTE round 0: result PASSED
2023-06-02 20:40:39,852 [501c2811-31b4-4cb7-a883-304e4eecc84c@group-076B1011B0D7-FollowerState] INFO  impl.FollowerState (FollowerState.java:run(143)) - 501c2811-31b4-4cb7-a883-304e4eecc84c@group-076B1011B0D7-FollowerState: change to CANDIDATE, lastRpcElapsedTime:5162368433ns, electionTimeout:5109ms
2023-06-02 20:40:39,852 [501c2811-31b4-4cb7-a883-304e4eecc84c@group-076B1011B0D7-FollowerState] INFO  impl.RoleInfo (RoleInfo.java:shutdownFollowerState(110)) - 501c2811-31b4-4cb7-a883-304e4eecc84c: shutdown 501c2811-31b4-4cb7-a883-304e4eecc84c@group-076B1011B0D7-FollowerState
2023-06-02 20:40:39,852 [501c2811-31b4-4cb7-a883-304e4eecc84c@group-076B1011B0D7-FollowerState] INFO  server.RaftServer$Division (RaftServerImpl.java:setRole(329)) - 501c2811-31b4-4cb7-a883-304e4eecc84c@group-076B1011B0D7: changes role from  FOLLOWER to CANDIDATE at term 0 for changeToCandidate
2023-06-02 20:40:39,852 [501c2811-31b4-4cb7-a883-304e4eecc84c@group-076B1011B0D7-FollowerState] INFO  server.RaftServerConfigKeys (ConfUtils.java:logGet(46)) - raft.server.leaderelection.pre-vote = true (default)
2023-06-02 20:40:39,852 [501c2811-31b4-4cb7-a883-304e4eecc84c@group-076B1011B0D7-FollowerState] INFO  impl.RoleInfo (RoleInfo.java:updateAndGet(139)) - 501c2811-31b4-4cb7-a883-304e4eecc84c: start 501c2811-31b4-4cb7-a883-304e4eecc84c@group-076B1011B0D7-LeaderElection7
2023-06-02 20:40:39,853 [559beb36-7c11-4841-9a8b-e14375a607db@group-449F8745C131-LeaderElection5] INFO  impl.LeaderElection (LeaderElection.java:askForVotes(321)) - 559beb36-7c11-4841-9a8b-e14375a607db@group-449F8745C131-LeaderElection5 ELECTION round 0: submit vote requests at term 1 for -1: peers:[559beb36-7c11-4841-9a8b-e14375a607db|rpc:10.1.0.31:15014|admin:10.1.0.31:15013|client:10.1.0.31:15012|dataStream:10.1.0.31:15015|priority:1|startupRole:FOLLOWER, f3098061-e126-467d-ace5-c417dde623cb|rpc:10.1.0.31:15023|admin:10.1.0.31:15022|client:10.1.0.31:15021|dataStream:10.1.0.31:15024|priority:0|startupRole:FOLLOWER, 501c2811-31b4-4cb7-a883-304e4eecc84c|rpc:10.1.0.31:15032|admin:10.1.0.31:15031|client:10.1.0.31:15030|dataStream:10.1.0.31:15033|priority:0|startupRole:FOLLOWER]|listeners:[], old=null
2023-06-02 20:40:39,853 [grpc-default-executor-1] INFO  server.RaftServer$Division (RaftServerImpl.java:requestVote(1302)) - 501c2811-31b4-4cb7-a883-304e4eecc84c@group-449F8745C131: receive requestVote(PRE_VOTE, 559beb36-7c11-4841-9a8b-e14375a607db, group-449F8745C131, 0, (t:0, i:0))
2023-06-02 20:40:39,853 [f3098061-e126-467d-ace5-c417dde623cb@group-86A6C006EA27-LeaderElection6] INFO  impl.LeaderElection (LeaderElection.java:askForVotes(321)) - f3098061-e126-467d-ace5-c417dde623cb@group-86A6C006EA27-LeaderElection6 PRE_VOTE round 0: submit vote requests at term 0 for -1: peers:[f3098061-e126-467d-ace5-c417dde623cb|rpc:10.1.0.31:15023|admin:10.1.0.31:15022|client:10.1.0.31:15021|dataStream:10.1.0.31:15024|priority:1|startupRole:FOLLOWER]|listeners:[], old=null
2023-06-02 20:40:39,854 [f3098061-e126-467d-ace5-c417dde623cb@group-86A6C006EA27-LeaderElection6] INFO  impl.LeaderElection (LeaderElection.java:askForVotes(323)) - f3098061-e126-467d-ace5-c417dde623cb@group-86A6C006EA27-LeaderElection6 PRE_VOTE round 0: result PASSED (term=0)
2023-06-02 20:40:39,853 [grpc-default-executor-1] INFO  impl.VoteContext (VoteContext.java:log(49)) - 501c2811-31b4-4cb7-a883-304e4eecc84c@group-449F8745C131-FOLLOWER: accept PRE_VOTE from 559beb36-7c11-4841-9a8b-e14375a607db: our priority 0 <= candidate's priority 1
2023-06-02 20:40:39,854 [grpc-default-executor-1] INFO  server.RaftServer$Division (RaftServerImpl.java:requestVote(1335)) - 501c2811-31b4-4cb7-a883-304e4eecc84c@group-449F8745C131 replies to PRE_VOTE vote request: 559beb36-7c11-4841-9a8b-e14375a607db<-501c2811-31b4-4cb7-a883-304e4eecc84c#0:OK-t0. Peer's state: 501c2811-31b4-4cb7-a883-304e4eecc84c@group-449F8745C131:t0, leader=null, voted=, raftlog=Memoized:501c2811-31b4-4cb7-a883-304e4eecc84c@group-449F8745C131-SegmentedRaftLog:OPENED:c-1, conf=-1: peers:[559beb36-7c11-4841-9a8b-e14375a607db|rpc:10.1.0.31:15014|admin:10.1.0.31:15013|client:10.1.0.31:15012|dataStream:10.1.0.31:15015|priority:1|startupRole:FOLLOWER, f3098061-e126-467d-ace5-c417dde623cb|rpc:10.1.0.31:15023|admin:10.1.0.31:15022|client:10.1.0.31:15021|dataStream:10.1.0.31:15024|priority:0|startupRole:FOLLOWER, 501c2811-31b4-4cb7-a883-304e4eecc84c|rpc:10.1.0.31:15032|admin:10.1.0.31:15031|client:10.1.0.31:15030|dataStream:10.1.0.31:15033|priority:0|startupRole:FOLLOWER]|listeners:[], old=null
2023-06-02 20:40:39,856 [f3098061-e126-467d-ace5-c417dde623cb@group-86A6C006EA27-LeaderElection6] INFO  impl.LeaderElection (LeaderElection.java:askForVotes(321)) - f3098061-e126-467d-ace5-c417dde623cb@group-86A6C006EA27-LeaderElection6 ELECTION round 0: submit vote requests at term 1 for -1: peers:[f3098061-e126-467d-ace5-c417dde623cb|rpc:10.1.0.31:15023|admin:10.1.0.31:15022|client:10.1.0.31:15021|dataStream:10.1.0.31:15024|priority:1|startupRole:FOLLOWER]|listeners:[], old=null
2023-06-02 20:40:39,856 [f3098061-e126-467d-ace5-c417dde623cb@group-86A6C006EA27-LeaderElection6] INFO  impl.LeaderElection (LeaderElection.java:askForVotes(323)) - f3098061-e126-467d-ace5-c417dde623cb@group-86A6C006EA27-LeaderElection6 ELECTION round 0: result PASSED (term=1)
2023-06-02 20:40:39,856 [f3098061-e126-467d-ace5-c417dde623cb@group-86A6C006EA27-LeaderElection6] INFO  impl.RoleInfo (RoleInfo.java:shutdownLeaderElection(130)) - f3098061-e126-467d-ace5-c417dde623cb: shutdown f3098061-e126-467d-ace5-c417dde623cb@group-86A6C006EA27-LeaderElection6
2023-06-02 20:40:39,856 [f3098061-e126-467d-ace5-c417dde623cb@group-86A6C006EA27-LeaderElection6] INFO  server.RaftServer$Division (RaftServerImpl.java:setRole(329)) - f3098061-e126-467d-ace5-c417dde623cb@group-86A6C006EA27: changes role from CANDIDATE to LEADER at term 1 for changeToLeader
2023-06-02 20:40:39,856 [f3098061-e126-467d-ace5-c417dde623cb@group-86A6C006EA27-LeaderElection6] INFO  ratis.XceiverServerRatis (XceiverServerRatis.java:handleLeaderChangedNotification(902)) - Leader change notification received for group: group-86A6C006EA27 with new leaderId: f3098061-e126-467d-ace5-c417dde623cb
2023-06-02 20:40:39,865 [f3098061-e126-467d-ace5-c417dde623cb@group-86A6C006EA27-LeaderElection6] INFO  server.RaftServer$Division (ServerState.java:setLeader(317)) - f3098061-e126-467d-ace5-c417dde623cb@group-86A6C006EA27: change Leader from null to f3098061-e126-467d-ace5-c417dde623cb at term 1 for becomeLeader, leader elected after 5724ms
2023-06-02 20:40:39,865 [f3098061-e126-467d-ace5-c417dde623cb@group-86A6C006EA27-LeaderElection6] INFO  server.RaftServerConfigKeys (ConfUtils.java:logGet(46)) - raft.server.staging.catchup.gap = 1000 (default)
2023-06-02 20:40:39,865 [f3098061-e126-467d-ace5-c417dde623cb@group-86A6C006EA27-LeaderElection6] INFO  server.RaftServerConfigKeys (ConfUtils.java:logGet(46)) - raft.server.write.element-limit = 1024 (custom)
2023-06-02 20:40:39,865 [f3098061-e126-467d-ace5-c417dde623cb@group-86A6C006EA27-LeaderElection6] INFO  server.RaftServerConfigKeys (ConfUtils.java:logGet(46)) - raft.server.write.byte-limit = 1024 M (=1073741824) (custom)
2023-06-02 20:40:39,865 [f3098061-e126-467d-ace5-c417dde623cb@group-86A6C006EA27-LeaderElection6] INFO  server.RaftServerConfigKeys (ConfUtils.java:logGet(46)) - raft.server.watch.timeout = 180s (custom)
2023-06-02 20:40:39,865 [f3098061-e126-467d-ace5-c417dde623cb@group-86A6C006EA27-LeaderElection6] INFO  server.RaftServerConfigKeys (ConfUtils.java:logGet(46)) - raft.server.watch.timeout.denomination = 1s (default)
2023-06-02 20:40:39,865 [f3098061-e126-467d-ace5-c417dde623cb@group-86A6C006EA27-LeaderElection6] INFO  server.RaftServerConfigKeys (ConfUtils.java:logGet(46)) - raft.server.watch.element-limit = 65536 (default)
2023-06-02 20:40:39,865 [f3098061-e126-467d-ace5-c417dde623cb@group-86A6C006EA27-LeaderElection6] INFO  server.RaftServerConfigKeys (ConfUtils.java:logGet(46)) - raft.server.write.element-limit = 1024 (custom)
2023-06-02 20:40:39,866 [f3098061-e126-467d-ace5-c417dde623cb@group-86A6C006EA27-LeaderElection6] INFO  server.RaftServerConfigKeys (ConfUtils.java:logGet(46)) - raft.server.write.follower.gap.ratio.max = -1.0 (default)
2023-06-02 20:40:39,866 [f3098061-e126-467d-ace5-c417dde623cb@group-86A6C006EA27-LeaderElection6] INFO  impl.RoleInfo (RoleInfo.java:updateAndGet(139)) - f3098061-e126-467d-ace5-c417dde623cb: start f3098061-e126-467d-ace5-c417dde623cb@group-86A6C006EA27-LeaderStateImpl
2023-06-02 20:40:39,866 [f3098061-e126-467d-ace5-c417dde623cb@group-86A6C006EA27-LeaderElection6] INFO  segmented.SegmentedRaftLogWorker (SegmentedRaftLogWorker.java:startLogSegment(447)) - f3098061-e126-467d-ace5-c417dde623cb@group-86A6C006EA27-SegmentedRaftLogWorker: Starting segment from index:0
2023-06-02 20:40:39,868 [f3098061-e126-467d-ace5-c417dde623cb@group-86A6C006EA27-SegmentedRaftLogWorker] INFO  segmented.SegmentedRaftLogWorker (SegmentedRaftLogWorker.java:execute(651)) - f3098061-e126-467d-ace5-c417dde623cb@group-86A6C006EA27-SegmentedRaftLogWorker: created new log segment /home/runner/work/ozone/ozone/hadoop-ozone/integration-test/target/test-dir/MiniOzoneClusterImpl-5ac0c7d5-b38a-4534-ae70-3109b4fe19c6/datanode-1/data/ratis/ba2adb82-9e94-4de6-a7b3-86a6c006ea27/current/log_inprogress_0
2023-06-02 20:40:39,869 [501c2811-31b4-4cb7-a883-304e4eecc84c@group-076B1011B0D7-LeaderElection7] INFO  impl.LeaderElection (LeaderElection.java:askForVotes(321)) - 501c2811-31b4-4cb7-a883-304e4eecc84c@group-076B1011B0D7-LeaderElection7 PRE_VOTE round 0: submit vote requests at term 0 for -1: peers:[501c2811-31b4-4cb7-a883-304e4eecc84c|rpc:10.1.0.31:15032|admin:10.1.0.31:15031|client:10.1.0.31:15030|dataStream:10.1.0.31:15033|priority:1|startupRole:FOLLOWER]|listeners:[], old=null
2023-06-02 20:40:39,869 [501c2811-31b4-4cb7-a883-304e4eecc84c@group-076B1011B0D7-LeaderElection7] INFO  impl.LeaderElection (LeaderElection.java:askForVotes(323)) - 501c2811-31b4-4cb7-a883-304e4eecc84c@group-076B1011B0D7-LeaderElection7 PRE_VOTE round 0: result PASSED (term=0)
2023-06-02 20:40:39,871 [501c2811-31b4-4cb7-a883-304e4eecc84c@group-076B1011B0D7-LeaderElection7] INFO  impl.LeaderElection (LeaderElection.java:askForVotes(321)) - 501c2811-31b4-4cb7-a883-304e4eecc84c@group-076B1011B0D7-LeaderElection7 ELECTION round 0: submit vote requests at term 1 for -1: peers:[501c2811-31b4-4cb7-a883-304e4eecc84c|rpc:10.1.0.31:15032|admin:10.1.0.31:15031|client:10.1.0.31:15030|dataStream:10.1.0.31:15033|priority:1|startupRole:FOLLOWER]|listeners:[], old=null
2023-06-02 20:40:39,871 [501c2811-31b4-4cb7-a883-304e4eecc84c@group-076B1011B0D7-LeaderElection7] INFO  impl.LeaderElection (LeaderElection.java:askForVotes(323)) - 501c2811-31b4-4cb7-a883-304e4eecc84c@group-076B1011B0D7-LeaderElection7 ELECTION round 0: result PASSED (term=1)
2023-06-02 20:40:39,871 [501c2811-31b4-4cb7-a883-304e4eecc84c@group-076B1011B0D7-LeaderElection7] INFO  impl.RoleInfo (RoleInfo.java:shutdownLeaderElection(130)) - 501c2811-31b4-4cb7-a883-304e4eecc84c: shutdown 501c2811-31b4-4cb7-a883-304e4eecc84c@group-076B1011B0D7-LeaderElection7
2023-06-02 20:40:39,871 [501c2811-31b4-4cb7-a883-304e4eecc84c@group-076B1011B0D7-LeaderElection7] INFO  server.RaftServer$Division (RaftServerImpl.java:setRole(329)) - 501c2811-31b4-4cb7-a883-304e4eecc84c@group-076B1011B0D7: changes role from CANDIDATE to LEADER at term 1 for changeToLeader
2023-06-02 20:40:39,871 [501c2811-31b4-4cb7-a883-304e4eecc84c@group-076B1011B0D7-LeaderElection7] INFO  ratis.XceiverServerRatis (XceiverServerRatis.java:handleLeaderChangedNotification(902)) - Leader change notification received for group: group-076B1011B0D7 with new leaderId: 501c2811-31b4-4cb7-a883-304e4eecc84c
2023-06-02 20:40:39,876 [f3098061-e126-467d-ace5-c417dde623cb@group-86A6C006EA27-LeaderElection6] INFO  server.RaftServer$Division (ServerState.java:setRaftConf(434)) - f3098061-e126-467d-ace5-c417dde623cb@group-86A6C006EA27: set configuration 0: peers:[f3098061-e126-467d-ace5-c417dde623cb|rpc:10.1.0.31:15023|admin:10.1.0.31:15022|client:10.1.0.31:15021|dataStream:10.1.0.31:15024|priority:1|startupRole:FOLLOWER]|listeners:[], old=null
2023-06-02 20:40:39,877 [501c2811-31b4-4cb7-a883-304e4eecc84c@group-076B1011B0D7-LeaderElection7] INFO  server.RaftServer$Division (ServerState.java:setLeader(317)) - 501c2811-31b4-4cb7-a883-304e4eecc84c@group-076B1011B0D7: change Leader from null to 501c2811-31b4-4cb7-a883-304e4eecc84c at term 1 for becomeLeader, leader elected after 5242ms
2023-06-02 20:40:39,878 [501c2811-31b4-4cb7-a883-304e4eecc84c@group-076B1011B0D7-LeaderElection7] INFO  server.RaftServerConfigKeys (ConfUtils.java:logGet(46)) - raft.server.staging.catchup.gap = 1000 (default)
2023-06-02 20:40:39,878 [501c2811-31b4-4cb7-a883-304e4eecc84c@group-076B1011B0D7-LeaderElection7] INFO  server.RaftServerConfigKeys (ConfUtils.java:logGet(46)) - raft.server.write.element-limit = 1024 (custom)
2023-06-02 20:40:39,878 [501c2811-31b4-4cb7-a883-304e4eecc84c@group-076B1011B0D7-LeaderElection7] INFO  server.RaftServerConfigKeys (ConfUtils.java:logGet(46)) - raft.server.write.byte-limit = 1024 M (=1073741824) (custom)
2023-06-02 20:40:39,878 [501c2811-31b4-4cb7-a883-304e4eecc84c@group-076B1011B0D7-LeaderElection7] INFO  server.RaftServerConfigKeys (ConfUtils.java:logGet(46)) - raft.server.watch.timeout = 180s (custom)
2023-06-02 20:40:39,878 [501c2811-31b4-4cb7-a883-304e4eecc84c@group-076B1011B0D7-LeaderElection7] INFO  server.RaftServerConfigKeys (ConfUtils.java:logGet(46)) - raft.server.watch.timeout.denomination = 1s (default)
2023-06-02 20:40:39,878 [501c2811-31b4-4cb7-a883-304e4eecc84c@group-076B1011B0D7-LeaderElection7] INFO  server.RaftServerConfigKeys (ConfUtils.java:logGet(46)) - raft.server.watch.element-limit = 65536 (default)
2023-06-02 20:40:39,878 [501c2811-31b4-4cb7-a883-304e4eecc84c@group-076B1011B0D7-LeaderElection7] INFO  server.RaftServerConfigKeys (ConfUtils.java:logGet(46)) - raft.server.write.element-limit = 1024 (custom)
2023-06-02 20:40:39,878 [501c2811-31b4-4cb7-a883-304e4eecc84c@group-076B1011B0D7-LeaderElection7] INFO  server.RaftServerConfigKeys (ConfUtils.java:logGet(46)) - raft.server.write.follower.gap.ratio.max = -1.0 (default)
2023-06-02 20:40:39,878 [501c2811-31b4-4cb7-a883-304e4eecc84c@group-076B1011B0D7-LeaderElection7] INFO  impl.RoleInfo (RoleInfo.java:updateAndGet(139)) - 501c2811-31b4-4cb7-a883-304e4eecc84c: start 501c2811-31b4-4cb7-a883-304e4eecc84c@group-076B1011B0D7-LeaderStateImpl
2023-06-02 20:40:39,879 [501c2811-31b4-4cb7-a883-304e4eecc84c@group-076B1011B0D7-LeaderElection7] INFO  segmented.SegmentedRaftLogWorker (SegmentedRaftLogWorker.java:startLogSegment(447)) - 501c2811-31b4-4cb7-a883-304e4eecc84c@group-076B1011B0D7-SegmentedRaftLogWorker: Starting segment from index:0
2023-06-02 20:40:39,881 [501c2811-31b4-4cb7-a883-304e4eecc84c@group-076B1011B0D7-SegmentedRaftLogWorker] INFO  segmented.SegmentedRaftLogWorker (SegmentedRaftLogWorker.java:execute(651)) - 501c2811-31b4-4cb7-a883-304e4eecc84c@group-076B1011B0D7-SegmentedRaftLogWorker: created new log segment /home/runner/work/ozone/ozone/hadoop-ozone/integration-test/target/test-dir/MiniOzoneClusterImpl-5ac0c7d5-b38a-4534-ae70-3109b4fe19c6/datanode-2/data/ratis/c2d370b2-7c39-4127-9fb7-076b1011b0d7/current/log_inprogress_0
2023-06-02 20:40:39,883 [559beb36-7c11-4841-9a8b-e14375a607db@group-449F8745C131-LeaderElection5] INFO  server.RaftServerConfigKeys (ConfUtils.java:logFallback(53)) - raft.server.rpc.first-election.timeout.min = 5s (fallback to raft.server.rpc.timeout.min)
2023-06-02 20:40:39,883 [559beb36-7c11-4841-9a8b-e14375a607db@group-449F8745C131-LeaderElection5] INFO  server.RaftServerConfigKeys (ConfUtils.java:logFallback(53)) - raft.server.rpc.first-election.timeout.max = 5200ms (fallback to raft.server.rpc.timeout.max)
2023-06-02 20:40:39,885 [501c2811-31b4-4cb7-a883-304e4eecc84c@group-076B1011B0D7-LeaderElection7] INFO  server.RaftServer$Division (ServerState.java:setRaftConf(434)) - 501c2811-31b4-4cb7-a883-304e4eecc84c@group-076B1011B0D7: set configuration 0: peers:[501c2811-31b4-4cb7-a883-304e4eecc84c|rpc:10.1.0.31:15032|admin:10.1.0.31:15031|client:10.1.0.31:15030|dataStream:10.1.0.31:15033|priority:1|startupRole:FOLLOWER]|listeners:[], old=null
2023-06-02 20:40:39,922 [grpc-default-executor-1] INFO  server.RaftServer$Division (RaftServerImpl.java:requestVote(1302)) - f3098061-e126-467d-ace5-c417dde623cb@group-449F8745C131: receive requestVote(ELECTION, 559beb36-7c11-4841-9a8b-e14375a607db, group-449F8745C131, 1, (t:0, i:0))
2023-06-02 20:40:39,922 [grpc-default-executor-1] INFO  impl.VoteContext (VoteContext.java:log(49)) - f3098061-e126-467d-ace5-c417dde623cb@group-449F8745C131-FOLLOWER: accept ELECTION from 559beb36-7c11-4841-9a8b-e14375a607db: our priority 0 <= candidate's priority 1
2023-06-02 20:40:39,923 [grpc-default-executor-1] INFO  server.RaftServer$Division (RaftServerImpl.java:setRole(329)) - f3098061-e126-467d-ace5-c417dde623cb@group-449F8745C131: changes role from  FOLLOWER to FOLLOWER at term 1 for candidate:559beb36-7c11-4841-9a8b-e14375a607db
2023-06-02 20:40:39,923 [grpc-default-executor-1] INFO  impl.RoleInfo (RoleInfo.java:shutdownFollowerState(110)) - f3098061-e126-467d-ace5-c417dde623cb: shutdown f3098061-e126-467d-ace5-c417dde623cb@group-449F8745C131-FollowerState
2023-06-02 20:40:39,923 [grpc-default-executor-1] INFO  impl.RoleInfo (RoleInfo.java:updateAndGet(139)) - f3098061-e126-467d-ace5-c417dde623cb: start f3098061-e126-467d-ace5-c417dde623cb@group-449F8745C131-FollowerState
2023-06-02 20:40:39,923 [grpc-default-executor-2] INFO  server.RaftServer$Division (RaftServerImpl.java:requestVote(1302)) - 501c2811-31b4-4cb7-a883-304e4eecc84c@group-449F8745C131: receive requestVote(ELECTION, 559beb36-7c11-4841-9a8b-e14375a607db, group-449F8745C131, 1, (t:0, i:0))
2023-06-02 20:40:39,923 [grpc-default-executor-2] INFO  impl.VoteContext (VoteContext.java:log(49)) - 501c2811-31b4-4cb7-a883-304e4eecc84c@group-449F8745C131-FOLLOWER: accept ELECTION from 559beb36-7c11-4841-9a8b-e14375a607db: our priority 0 <= candidate's priority 1
2023-06-02 20:40:39,923 [grpc-default-executor-2] INFO  server.RaftServer$Division (RaftServerImpl.java:setRole(329)) - 501c2811-31b4-4cb7-a883-304e4eecc84c@group-449F8745C131: changes role from  FOLLOWER to FOLLOWER at term 1 for candidate:559beb36-7c11-4841-9a8b-e14375a607db
2023-06-02 20:40:39,923 [grpc-default-executor-2] INFO  impl.RoleInfo (RoleInfo.java:shutdownFollowerState(110)) - 501c2811-31b4-4cb7-a883-304e4eecc84c: shutdown 501c2811-31b4-4cb7-a883-304e4eecc84c@group-449F8745C131-FollowerState
2023-06-02 20:40:39,926 [f3098061-e126-467d-ace5-c417dde623cb@group-449F8745C131-FollowerState] INFO  impl.FollowerState (FollowerState.java:run(152)) - f3098061-e126-467d-ace5-c417dde623cb@group-449F8745C131-FollowerState was interrupted
2023-06-02 20:40:39,928 [grpc-default-executor-2] INFO  impl.RoleInfo (RoleInfo.java:updateAndGet(139)) - 501c2811-31b4-4cb7-a883-304e4eecc84c: start 501c2811-31b4-4cb7-a883-304e4eecc84c@group-449F8745C131-FollowerState
2023-06-02 20:40:39,939 [grpc-default-executor-2] INFO  server.RaftServer$Division (RaftServerImpl.java:requestVote(1335)) - 501c2811-31b4-4cb7-a883-304e4eecc84c@group-449F8745C131 replies to ELECTION vote request: 559beb36-7c11-4841-9a8b-e14375a607db<-501c2811-31b4-4cb7-a883-304e4eecc84c#0:OK-t1. Peer's state: 501c2811-31b4-4cb7-a883-304e4eecc84c@group-449F8745C131:t1, leader=null, voted=559beb36-7c11-4841-9a8b-e14375a607db, raftlog=Memoized:501c2811-31b4-4cb7-a883-304e4eecc84c@group-449F8745C131-SegmentedRaftLog:OPENED:c-1, conf=-1: peers:[559beb36-7c11-4841-9a8b-e14375a607db|rpc:10.1.0.31:15014|admin:10.1.0.31:15013|client:10.1.0.31:15012|dataStream:10.1.0.31:15015|priority:1|startupRole:FOLLOWER, f3098061-e126-467d-ace5-c417dde623cb|rpc:10.1.0.31:15023|admin:10.1.0.31:15022|client:10.1.0.31:15021|dataStream:10.1.0.31:15024|priority:0|startupRole:FOLLOWER, 501c2811-31b4-4cb7-a883-304e4eecc84c|rpc:10.1.0.31:15032|admin:10.1.0.31:15031|client:10.1.0.31:15030|dataStream:10.1.0.31:15033|priority:0|startupRole:FOLLOWER]|listeners:[], old=null
2023-06-02 20:40:39,940 [501c2811-31b4-4cb7-a883-304e4eecc84c@group-449F8745C131-FollowerState] INFO  impl.FollowerState (FollowerState.java:shouldRun(117)) - 501c2811-31b4-4cb7-a883-304e4eecc84c@group-449F8745C131-FollowerState: Stopping now (isRunning? false, role = FOLLOWER)
2023-06-02 20:40:39,939 [grpc-default-executor-1] INFO  server.RaftServer$Division (RaftServerImpl.java:requestVote(1335)) - f3098061-e126-467d-ace5-c417dde623cb@group-449F8745C131 replies to ELECTION vote request: 559beb36-7c11-4841-9a8b-e14375a607db<-f3098061-e126-467d-ace5-c417dde623cb#0:OK-t1. Peer's state: f3098061-e126-467d-ace5-c417dde623cb@group-449F8745C131:t1, leader=null, voted=559beb36-7c11-4841-9a8b-e14375a607db, raftlog=Memoized:f3098061-e126-467d-ace5-c417dde623cb@group-449F8745C131-SegmentedRaftLog:OPENED:c-1, conf=-1: peers:[559beb36-7c11-4841-9a8b-e14375a607db|rpc:10.1.0.31:15014|admin:10.1.0.31:15013|client:10.1.0.31:15012|dataStream:10.1.0.31:15015|priority:1|startupRole:FOLLOWER, f3098061-e126-467d-ace5-c417dde623cb|rpc:10.1.0.31:15023|admin:10.1.0.31:15022|client:10.1.0.31:15021|dataStream:10.1.0.31:15024|priority:0|startupRole:FOLLOWER, 501c2811-31b4-4cb7-a883-304e4eecc84c|rpc:10.1.0.31:15032|admin:10.1.0.31:15031|client:10.1.0.31:15030|dataStream:10.1.0.31:15033|priority:0|startupRole:FOLLOWER]|listeners:[], old=null
2023-06-02 20:40:39,943 [559beb36-7c11-4841-9a8b-e14375a607db@group-449F8745C131-LeaderElection5] INFO  impl.LeaderElection (LeaderElection.java:logAndReturn(90)) - 559beb36-7c11-4841-9a8b-e14375a607db@group-449F8745C131-LeaderElection5: ELECTION PASSED received 1 response(s) and 0 exception(s):
2023-06-02 20:40:39,943 [559beb36-7c11-4841-9a8b-e14375a607db@group-449F8745C131-LeaderElection5] INFO  impl.LeaderElection (LeaderElection.java:logAndReturn(94)) -   Response 0: 559beb36-7c11-4841-9a8b-e14375a607db<-501c2811-31b4-4cb7-a883-304e4eecc84c#0:OK-t1
2023-06-02 20:40:39,943 [559beb36-7c11-4841-9a8b-e14375a607db@group-449F8745C131-LeaderElection5] INFO  impl.LeaderElection (LeaderElection.java:askForVotes(323)) - 559beb36-7c11-4841-9a8b-e14375a607db@group-449F8745C131-LeaderElection5 ELECTION round 0: result PASSED
2023-06-02 20:40:39,943 [559beb36-7c11-4841-9a8b-e14375a607db@group-449F8745C131-LeaderElection5] INFO  impl.RoleInfo (RoleInfo.java:shutdownLeaderElection(130)) - 559beb36-7c11-4841-9a8b-e14375a607db: shutdown 559beb36-7c11-4841-9a8b-e14375a607db@group-449F8745C131-LeaderElection5
2023-06-02 20:40:39,943 [559beb36-7c11-4841-9a8b-e14375a607db@group-449F8745C131-LeaderElection5] INFO  server.RaftServer$Division (RaftServerImpl.java:setRole(329)) - 559beb36-7c11-4841-9a8b-e14375a607db@group-449F8745C131: changes role from CANDIDATE to LEADER at term 1 for changeToLeader
2023-06-02 20:40:39,943 [559beb36-7c11-4841-9a8b-e14375a607db@group-449F8745C131-LeaderElection5] INFO  ratis.XceiverServerRatis (XceiverServerRatis.java:handleLeaderChangedNotification(902)) - Leader change notification received for group: group-449F8745C131 with new leaderId: 559beb36-7c11-4841-9a8b-e14375a607db
2023-06-02 20:40:39,944 [559beb36-7c11-4841-9a8b-e14375a607db@group-449F8745C131-LeaderElection5] INFO  server.RaftServer$Division (ServerState.java:setLeader(317)) - 559beb36-7c11-4841-9a8b-e14375a607db@group-449F8745C131: change Leader from null to 559beb36-7c11-4841-9a8b-e14375a607db at term 1 for becomeLeader, leader elected after 5719ms
2023-06-02 20:40:39,944 [559beb36-7c11-4841-9a8b-e14375a607db@group-449F8745C131-LeaderElection5] INFO  server.RaftServerConfigKeys (ConfUtils.java:logGet(46)) - raft.server.staging.catchup.gap = 1000 (default)
2023-06-02 20:40:39,944 [559beb36-7c11-4841-9a8b-e14375a607db@group-449F8745C131-LeaderElection5] INFO  server.RaftServerConfigKeys (ConfUtils.java:logGet(46)) - raft.server.write.element-limit = 1024 (custom)
2023-06-02 20:40:39,944 [559beb36-7c11-4841-9a8b-e14375a607db@group-449F8745C131-LeaderElection5] INFO  server.RaftServerConfigKeys (ConfUtils.java:logGet(46)) - raft.server.write.byte-limit = 1024 M (=1073741824) (custom)
2023-06-02 20:40:39,944 [559beb36-7c11-4841-9a8b-e14375a607db@group-449F8745C131-LeaderElection5] INFO  server.RaftServerConfigKeys (ConfUtils.java:logGet(46)) - raft.server.watch.timeout = 180s (custom)
2023-06-02 20:40:39,944 [559beb36-7c11-4841-9a8b-e14375a607db@group-449F8745C131-LeaderElection5] INFO  server.RaftServerConfigKeys (ConfUtils.java:logGet(46)) - raft.server.watch.timeout.denomination = 1s (default)
2023-06-02 20:40:39,944 [559beb36-7c11-4841-9a8b-e14375a607db@group-449F8745C131-LeaderElection5] INFO  server.RaftServerConfigKeys (ConfUtils.java:logGet(46)) - raft.server.watch.element-limit = 65536 (default)
2023-06-02 20:40:39,944 [559beb36-7c11-4841-9a8b-e14375a607db@group-449F8745C131-LeaderElection5] INFO  server.RaftServerConfigKeys (ConfUtils.java:logGet(46)) - raft.server.write.element-limit = 1024 (custom)
2023-06-02 20:40:39,945 [559beb36-7c11-4841-9a8b-e14375a607db@group-449F8745C131-LeaderElection5] INFO  server.RaftServerConfigKeys (ConfUtils.java:logGet(46)) - raft.server.write.follower.gap.ratio.max = -1.0 (default)
2023-06-02 20:40:39,945 [559beb36-7c11-4841-9a8b-e14375a607db@group-449F8745C131-LeaderElection5] INFO  server.RaftServerConfigKeys (ConfUtils.java:logGet(46)) - raft.server.log.appender.snapshot.chunk.size.max = 16MB (=16777216) (default)
2023-06-02 20:40:39,945 [559beb36-7c11-4841-9a8b-e14375a607db@group-449F8745C131-LeaderElection5] INFO  server.RaftServerConfigKeys (ConfUtils.java:logGet(46)) - raft.server.log.appender.buffer.byte-limit = 33554432 (custom)
2023-06-02 20:40:39,945 [559beb36-7c11-4841-9a8b-e14375a607db@group-449F8745C131-LeaderElection5] INFO  server.RaftServerConfigKeys (ConfUtils.java:logGet(46)) - raft.server.log.appender.buffer.element-limit = 1 (custom)
2023-06-02 20:40:39,945 [559beb36-7c11-4841-9a8b-e14375a607db@group-449F8745C131-LeaderElection5] INFO  server.RaftServerConfigKeys (ConfUtils.java:logGet(46)) - raft.server.log.appender.wait-time.min = 10ms (default)
2023-06-02 20:40:39,946 [559beb36-7c11-4841-9a8b-e14375a607db@group-449F8745C131-LeaderElection5] INFO  grpc.GrpcConfigKeys (ConfUtils.java:logGet(46)) - raft.grpc.server.leader.outstanding.appends.max = 128 (default)
2023-06-02 20:40:39,946 [559beb36-7c11-4841-9a8b-e14375a607db@group-449F8745C131-LeaderElection5] INFO  server.RaftServerConfigKeys (ConfUtils.java:logGet(46)) - raft.server.rpc.request.timeout = 60s (custom)
2023-06-02 20:40:39,946 [559beb36-7c11-4841-9a8b-e14375a607db@group-449F8745C131-LeaderElection5] INFO  grpc.GrpcConfigKeys (ConfUtils.java:logGet(46)) - raft.grpc.server.install_snapshot.request.element-limit = 8 (default)
2023-06-02 20:40:39,946 [559beb36-7c11-4841-9a8b-e14375a607db@group-449F8745C131-LeaderElection5] INFO  grpc.GrpcConfigKeys (ConfUtils.java:logGet(46)) - raft.grpc.server.install_snapshot.request.timeout = 3000ms (default)
2023-06-02 20:40:39,946 [559beb36-7c11-4841-9a8b-e14375a607db@group-449F8745C131-LeaderElection5] INFO  server.RaftServerConfigKeys (ConfUtils.java:logGet(46)) - raft.server.log.appender.install.snapshot.enabled = false (custom)
2023-06-02 20:40:39,946 [559beb36-7c11-4841-9a8b-e14375a607db@group-449F8745C131-LeaderElection5] INFO  grpc.GrpcConfigKeys (ConfUtils.java:logGet(46)) - raft.grpc.server.heartbeat.channel = true (default)
2023-06-02 20:40:39,947 [559beb36-7c11-4841-9a8b-e14375a607db@group-449F8745C131-LeaderElection5] INFO  server.RaftServerConfigKeys (ConfUtils.java:logGet(46)) - raft.server.log.appender.snapshot.chunk.size.max = 16MB (=16777216) (default)
2023-06-02 20:40:39,947 [559beb36-7c11-4841-9a8b-e14375a607db@group-449F8745C131-LeaderElection5] INFO  server.RaftServerConfigKeys (ConfUtils.java:logGet(46)) - raft.server.log.appender.buffer.byte-limit = 33554432 (custom)
2023-06-02 20:40:39,956 [559beb36-7c11-4841-9a8b-e14375a607db@group-449F8745C131-LeaderElection5] INFO  server.RaftServerConfigKeys (ConfUtils.java:logGet(46)) - raft.server.log.appender.buffer.element-limit = 1 (custom)
2023-06-02 20:40:39,957 [559beb36-7c11-4841-9a8b-e14375a607db@group-449F8745C131-LeaderElection5] INFO  server.RaftServerConfigKeys (ConfUtils.java:logGet(46)) - raft.server.log.appender.wait-time.min = 10ms (default)
2023-06-02 20:40:39,957 [559beb36-7c11-4841-9a8b-e14375a607db@group-449F8745C131-LeaderElection5] INFO  grpc.GrpcConfigKeys (ConfUtils.java:logGet(46)) - raft.grpc.server.leader.outstanding.appends.max = 128 (default)
2023-06-02 20:40:39,957 [559beb36-7c11-4841-9a8b-e14375a607db@group-449F8745C131-LeaderElection5] INFO  server.RaftServerConfigKeys (ConfUtils.java:logGet(46)) - raft.server.rpc.request.timeout = 60s (custom)
2023-06-02 20:40:39,957 [559beb36-7c11-4841-9a8b-e14375a607db@group-449F8745C131-LeaderElection5] INFO  grpc.GrpcConfigKeys (ConfUtils.java:logGet(46)) - raft.grpc.server.install_snapshot.request.element-limit = 8 (default)
2023-06-02 20:40:39,957 [559beb36-7c11-4841-9a8b-e14375a607db@group-449F8745C131-LeaderElection5] INFO  grpc.GrpcConfigKeys (ConfUtils.java:logGet(46)) - raft.grpc.server.install_snapshot.request.timeout = 3000ms (default)
2023-06-02 20:40:39,957 [559beb36-7c11-4841-9a8b-e14375a607db@group-449F8745C131-LeaderElection5] INFO  server.RaftServerConfigKeys (ConfUtils.java:logGet(46)) - raft.server.log.appender.install.snapshot.enabled = false (custom)
2023-06-02 20:40:39,957 [559beb36-7c11-4841-9a8b-e14375a607db@group-449F8745C131-LeaderElection5] INFO  grpc.GrpcConfigKeys (ConfUtils.java:logGet(46)) - raft.grpc.server.heartbeat.channel = true (default)
2023-06-02 20:40:39,957 [559beb36-7c11-4841-9a8b-e14375a607db@group-449F8745C131-LeaderElection5] INFO  impl.RoleInfo (RoleInfo.java:updateAndGet(139)) - 559beb36-7c11-4841-9a8b-e14375a607db: start 559beb36-7c11-4841-9a8b-e14375a607db@group-449F8745C131-LeaderStateImpl
2023-06-02 20:40:39,958 [559beb36-7c11-4841-9a8b-e14375a607db@group-449F8745C131-LeaderElection5] INFO  segmented.SegmentedRaftLogWorker (SegmentedRaftLogWorker.java:startLogSegment(447)) - 559beb36-7c11-4841-9a8b-e14375a607db@group-449F8745C131-SegmentedRaftLogWorker: Starting segment from index:0
2023-06-02 20:40:39,960 [559beb36-7c11-4841-9a8b-e14375a607db@group-449F8745C131-SegmentedRaftLogWorker] INFO  segmented.SegmentedRaftLogWorker (SegmentedRaftLogWorker.java:execute(651)) - 559beb36-7c11-4841-9a8b-e14375a607db@group-449F8745C131-SegmentedRaftLogWorker: created new log segment /home/runner/work/ozone/ozone/hadoop-ozone/integration-test/target/test-dir/MiniOzoneClusterImpl-5ac0c7d5-b38a-4534-ae70-3109b4fe19c6/datanode-0/data/ratis/0f9eb3eb-db45-4e61-bc28-449f8745c131/current/log_inprogress_0
2023-06-02 20:40:39,973 [EventQueue-PipelineReportForPipelineReportHandler] INFO  pipeline.PipelineManagerImpl (PipelineManagerImpl.java:openPipeline(367)) - Pipeline Pipeline[ Id: 0f9eb3eb-db45-4e61-bc28-449f8745c131, Nodes: 559beb36-7c11-4841-9a8b-e14375a607db(fv-az1239-288/10.1.0.31)501c2811-31b4-4cb7-a883-304e4eecc84c(fv-az1239-288/10.1.0.31)f3098061-e126-467d-ace5-c417dde623cb(fv-az1239-288/10.1.0.31), ReplicationConfig: RATIS/THREE, State:ALLOCATED, leaderId:559beb36-7c11-4841-9a8b-e14375a607db, CreationTimestamp2023-06-02T20:40:31.466Z[Etc/UTC]] moved to OPEN state
2023-06-02 20:40:39,977 [4daf1ed2-e43c-4bda-878b-63f1449da6f8@group-5F6DC9BED5BC-FollowerState] INFO  impl.FollowerState (FollowerState.java:run(143)) - 4daf1ed2-e43c-4bda-878b-63f1449da6f8@group-5F6DC9BED5BC-FollowerState: change to CANDIDATE, lastRpcElapsedTime:5062508449ns, electionTimeout:5053ms
2023-06-02 20:40:39,977 [4daf1ed2-e43c-4bda-878b-63f1449da6f8@group-5F6DC9BED5BC-FollowerState] INFO  impl.RoleInfo (RoleInfo.java:shutdownFollowerState(110)) - 4daf1ed2-e43c-4bda-878b-63f1449da6f8: shutdown 4daf1ed2-e43c-4bda-878b-63f1449da6f8@group-5F6DC9BED5BC-FollowerState
2023-06-02 20:40:39,977 [4daf1ed2-e43c-4bda-878b-63f1449da6f8@group-5F6DC9BED5BC-FollowerState] INFO  server.RaftServer$Division (RaftServerImpl.java:setRole(329)) - 4daf1ed2-e43c-4bda-878b-63f1449da6f8@group-5F6DC9BED5BC: changes role from  FOLLOWER to CANDIDATE at term 0 for changeToCandidate
2023-06-02 20:40:39,997 [559beb36-7c11-4841-9a8b-e14375a607db@group-449F8745C131-LeaderElection5] INFO  server.RaftServer$Division (ServerState.java:setRaftConf(434)) - 559beb36-7c11-4841-9a8b-e14375a607db@group-449F8745C131: set configuration 0: peers:[559beb36-7c11-4841-9a8b-e14375a607db|rpc:10.1.0.31:15014|admin:10.1.0.31:15013|client:10.1.0.31:15012|dataStream:10.1.0.31:15015|priority:1|startupRole:FOLLOWER, f3098061-e126-467d-ace5-c417dde623cb|rpc:10.1.0.31:15023|admin:10.1.0.31:15022|client:10.1.0.31:15021|dataStream:10.1.0.31:15024|priority:0|startupRole:FOLLOWER, 501c2811-31b4-4cb7-a883-304e4eecc84c|rpc:10.1.0.31:15032|admin:10.1.0.31:15031|client:10.1.0.31:15030|dataStream:10.1.0.31:15033|priority:0|startupRole:FOLLOWER]|listeners:[], old=null
2023-06-02 20:40:40,006 [501c2811-31b4-4cb7-a883-304e4eecc84c-server-thread2] INFO  ratis.XceiverServerRatis (XceiverServerRatis.java:handleLeaderChangedNotification(902)) - Leader change notification received for group: group-449F8745C131 with new leaderId: 559beb36-7c11-4841-9a8b-e14375a607db
2023-06-02 20:40:40,006 [501c2811-31b4-4cb7-a883-304e4eecc84c-server-thread2] INFO  server.RaftServer$Division (ServerState.java:setLeader(317)) - 501c2811-31b4-4cb7-a883-304e4eecc84c@group-449F8745C131: change Leader from null to 559beb36-7c11-4841-9a8b-e14375a607db at term 1 for appendEntries, leader elected after 5253ms
2023-06-02 20:40:40,024 [4daf1ed2-e43c-4bda-878b-63f1449da6f8@group-5F6DC9BED5BC-FollowerState] INFO  server.RaftServerConfigKeys (ConfUtils.java:logGet(46)) - raft.server.leaderelection.pre-vote = true (default)
2023-06-02 20:40:40,024 [4daf1ed2-e43c-4bda-878b-63f1449da6f8@group-5F6DC9BED5BC-FollowerState] INFO  impl.RoleInfo (RoleInfo.java:updateAndGet(139)) - 4daf1ed2-e43c-4bda-878b-63f1449da6f8: start 4daf1ed2-e43c-4bda-878b-63f1449da6f8@group-5F6DC9BED5BC-LeaderElection8
2023-06-02 20:40:40,039 [f3098061-e126-467d-ace5-c417dde623cb-server-thread1] INFO  ratis.XceiverServerRatis (XceiverServerRatis.java:handleLeaderChangedNotification(902)) - Leader change notification received for group: group-449F8745C131 with new leaderId: 559beb36-7c11-4841-9a8b-e14375a607db
2023-06-02 20:40:40,039 [f3098061-e126-467d-ace5-c417dde623cb-server-thread1] INFO  server.RaftServer$Division (ServerState.java:setLeader(317)) - f3098061-e126-467d-ace5-c417dde623cb@group-449F8745C131: change Leader from null to 559beb36-7c11-4841-9a8b-e14375a607db at term 1 for appendEntries, leader elected after 5311ms
2023-06-02 20:40:40,040 [501c2811-31b4-4cb7-a883-304e4eecc84c-server-thread1] INFO  server.RaftServer$Division (ServerState.java:setRaftConf(434)) - 501c2811-31b4-4cb7-a883-304e4eecc84c@group-449F8745C131: set configuration 0: peers:[559beb36-7c11-4841-9a8b-e14375a607db|rpc:10.1.0.31:15014|admin:10.1.0.31:15013|client:10.1.0.31:15012|dataStream:10.1.0.31:15015|priority:1|startupRole:FOLLOWER, f3098061-e126-467d-ace5-c417dde623cb|rpc:10.1.0.31:15023|admin:10.1.0.31:15022|client:10.1.0.31:15021|dataStream:10.1.0.31:15024|priority:0|startupRole:FOLLOWER, 501c2811-31b4-4cb7-a883-304e4eecc84c|rpc:10.1.0.31:15032|admin:10.1.0.31:15031|client:10.1.0.31:15030|dataStream:10.1.0.31:15033|priority:0|startupRole:FOLLOWER]|listeners:[], old=null
2023-06-02 20:40:40,040 [501c2811-31b4-4cb7-a883-304e4eecc84c-server-thread1] INFO  segmented.SegmentedRaftLogWorker (SegmentedRaftLogWorker.java:startLogSegment(447)) - 501c2811-31b4-4cb7-a883-304e4eecc84c@group-449F8745C131-SegmentedRaftLogWorker: Starting segment from index:0
2023-06-02 20:40:40,055 [f3098061-e126-467d-ace5-c417dde623cb-server-thread2] INFO  server.RaftServer$Division (ServerState.java:setRaftConf(434)) - f3098061-e126-467d-ace5-c417dde623cb@group-449F8745C131: set configuration 0: peers:[559beb36-7c11-4841-9a8b-e14375a607db|rpc:10.1.0.31:15014|admin:10.1.0.31:15013|client:10.1.0.31:15012|dataStream:10.1.0.31:15015|priority:1|startupRole:FOLLOWER, f3098061-e126-467d-ace5-c417dde623cb|rpc:10.1.0.31:15023|admin:10.1.0.31:15022|client:10.1.0.31:15021|dataStream:10.1.0.31:15024|priority:0|startupRole:FOLLOWER, 501c2811-31b4-4cb7-a883-304e4eecc84c|rpc:10.1.0.31:15032|admin:10.1.0.31:15031|client:10.1.0.31:15030|dataStream:10.1.0.31:15033|priority:0|startupRole:FOLLOWER]|listeners:[], old=null
2023-06-02 20:40:40,059 [f3098061-e126-467d-ace5-c417dde623cb-server-thread2] INFO  segmented.SegmentedRaftLogWorker (SegmentedRaftLogWorker.java:startLogSegment(447)) - f3098061-e126-467d-ace5-c417dde623cb@group-449F8745C131-SegmentedRaftLogWorker: Starting segment from index:0
2023-06-02 20:40:40,059 [501c2811-31b4-4cb7-a883-304e4eecc84c@group-449F8745C131-SegmentedRaftLogWorker] INFO  segmented.SegmentedRaftLogWorker (SegmentedRaftLogWorker.java:execute(651)) - 501c2811-31b4-4cb7-a883-304e4eecc84c@group-449F8745C131-SegmentedRaftLogWorker: created new log segment /home/runner/work/ozone/ozone/hadoop-ozone/integration-test/target/test-dir/MiniOzoneClusterImpl-5ac0c7d5-b38a-4534-ae70-3109b4fe19c6/datanode-2/data/ratis/0f9eb3eb-db45-4e61-bc28-449f8745c131/current/log_inprogress_0
2023-06-02 20:40:40,062 [f3098061-e126-467d-ace5-c417dde623cb@group-449F8745C131-SegmentedRaftLogWorker] INFO  segmented.SegmentedRaftLogWorker (SegmentedRaftLogWorker.java:execute(651)) - f3098061-e126-467d-ace5-c417dde623cb@group-449F8745C131-SegmentedRaftLogWorker: created new log segment /home/runner/work/ozone/ozone/hadoop-ozone/integration-test/target/test-dir/MiniOzoneClusterImpl-5ac0c7d5-b38a-4534-ae70-3109b4fe19c6/datanode-1/data/ratis/0f9eb3eb-db45-4e61-bc28-449f8745c131/current/log_inprogress_0
2023-06-02 20:40:40,069 [4daf1ed2-e43c-4bda-878b-63f1449da6f8@group-5F6DC9BED5BC-LeaderElection8] INFO  impl.LeaderElection (LeaderElection.java:askForVotes(321)) - 4daf1ed2-e43c-4bda-878b-63f1449da6f8@group-5F6DC9BED5BC-LeaderElection8 PRE_VOTE round 0: submit vote requests at term 0 for -1: peers:[4daf1ed2-e43c-4bda-878b-63f1449da6f8|rpc:10.1.0.31:15041|admin:10.1.0.31:15040|client:10.1.0.31:15039|dataStream:10.1.0.31:15042|priority:1|startupRole:FOLLOWER]|listeners:[], old=null
2023-06-02 20:40:40,069 [4daf1ed2-e43c-4bda-878b-63f1449da6f8@group-5F6DC9BED5BC-LeaderElection8] INFO  impl.LeaderElection (LeaderElection.java:askForVotes(323)) - 4daf1ed2-e43c-4bda-878b-63f1449da6f8@group-5F6DC9BED5BC-LeaderElection8 PRE_VOTE round 0: result PASSED (term=0)
2023-06-02 20:40:40,073 [4daf1ed2-e43c-4bda-878b-63f1449da6f8@group-5F6DC9BED5BC-LeaderElection8] INFO  impl.LeaderElection (LeaderElection.java:askForVotes(321)) - 4daf1ed2-e43c-4bda-878b-63f1449da6f8@group-5F6DC9BED5BC-LeaderElection8 ELECTION round 0: submit vote requests at term 1 for -1: peers:[4daf1ed2-e43c-4bda-878b-63f1449da6f8|rpc:10.1.0.31:15041|admin:10.1.0.31:15040|client:10.1.0.31:15039|dataStream:10.1.0.31:15042|priority:1|startupRole:FOLLOWER]|listeners:[], old=null
2023-06-02 20:40:40,073 [4daf1ed2-e43c-4bda-878b-63f1449da6f8@group-5F6DC9BED5BC-LeaderElection8] INFO  impl.LeaderElection (LeaderElection.java:askForVotes(323)) - 4daf1ed2-e43c-4bda-878b-63f1449da6f8@group-5F6DC9BED5BC-LeaderElection8 ELECTION round 0: result PASSED (term=1)
2023-06-02 20:40:40,073 [4daf1ed2-e43c-4bda-878b-63f1449da6f8@group-5F6DC9BED5BC-LeaderElection8] INFO  impl.RoleInfo (RoleInfo.java:shutdownLeaderElection(130)) - 4daf1ed2-e43c-4bda-878b-63f1449da6f8: shutdown 4daf1ed2-e43c-4bda-878b-63f1449da6f8@group-5F6DC9BED5BC-LeaderElection8
2023-06-02 20:40:40,073 [4daf1ed2-e43c-4bda-878b-63f1449da6f8@group-5F6DC9BED5BC-LeaderElection8] INFO  server.RaftServer$Division (RaftServerImpl.java:setRole(329)) - 4daf1ed2-e43c-4bda-878b-63f1449da6f8@group-5F6DC9BED5BC: changes role from CANDIDATE to LEADER at term 1 for changeToLeader
2023-06-02 20:40:40,073 [4daf1ed2-e43c-4bda-878b-63f1449da6f8@group-5F6DC9BED5BC-LeaderElection8] INFO  ratis.XceiverServerRatis (XceiverServerRatis.java:handleLeaderChangedNotification(902)) - Leader change notification received for group: group-5F6DC9BED5BC with new leaderId: 4daf1ed2-e43c-4bda-878b-63f1449da6f8
2023-06-02 20:40:40,074 [4daf1ed2-e43c-4bda-878b-63f1449da6f8@group-5F6DC9BED5BC-LeaderElection8] INFO  server.RaftServer$Division (ServerState.java:setLeader(317)) - 4daf1ed2-e43c-4bda-878b-63f1449da6f8@group-5F6DC9BED5BC: change Leader from null to 4daf1ed2-e43c-4bda-878b-63f1449da6f8 at term 1 for becomeLeader, leader elected after 5209ms
2023-06-02 20:40:40,074 [4daf1ed2-e43c-4bda-878b-63f1449da6f8@group-5F6DC9BED5BC-LeaderElection8] INFO  server.RaftServerConfigKeys (ConfUtils.java:logGet(46)) - raft.server.staging.catchup.gap = 1000 (default)
2023-06-02 20:40:40,075 [4daf1ed2-e43c-4bda-878b-63f1449da6f8@group-5F6DC9BED5BC-LeaderElection8] INFO  server.RaftServerConfigKeys (ConfUtils.java:logGet(46)) - raft.server.write.element-limit = 1024 (custom)
2023-06-02 20:40:40,075 [4daf1ed2-e43c-4bda-878b-63f1449da6f8@group-5F6DC9BED5BC-LeaderElection8] INFO  server.RaftServerConfigKeys (ConfUtils.java:logGet(46)) - raft.server.write.byte-limit = 1024 M (=1073741824) (custom)
2023-06-02 20:40:40,077 [4daf1ed2-e43c-4bda-878b-63f1449da6f8@group-5F6DC9BED5BC-LeaderElection8] INFO  server.RaftServerConfigKeys (ConfUtils.java:logGet(46)) - raft.server.watch.timeout = 180s (custom)
2023-06-02 20:40:40,077 [4daf1ed2-e43c-4bda-878b-63f1449da6f8@group-5F6DC9BED5BC-LeaderElection8] INFO  server.RaftServerConfigKeys (ConfUtils.java:logGet(46)) - raft.server.watch.timeout.denomination = 1s (default)
2023-06-02 20:40:40,077 [4daf1ed2-e43c-4bda-878b-63f1449da6f8@group-5F6DC9BED5BC-LeaderElection8] INFO  server.RaftServerConfigKeys (ConfUtils.java:logGet(46)) - raft.server.watch.element-limit = 65536 (default)
2023-06-02 20:40:40,077 [4daf1ed2-e43c-4bda-878b-63f1449da6f8@group-5F6DC9BED5BC-LeaderElection8] INFO  server.RaftServerConfigKeys (ConfUtils.java:logGet(46)) - raft.server.write.element-limit = 1024 (custom)
2023-06-02 20:40:40,077 [4daf1ed2-e43c-4bda-878b-63f1449da6f8@group-5F6DC9BED5BC-LeaderElection8] INFO  server.RaftServerConfigKeys (ConfUtils.java:logGet(46)) - raft.server.write.follower.gap.ratio.max = -1.0 (default)
2023-06-02 20:40:40,077 [4daf1ed2-e43c-4bda-878b-63f1449da6f8@group-5F6DC9BED5BC-LeaderElection8] INFO  impl.RoleInfo (RoleInfo.java:updateAndGet(139)) - 4daf1ed2-e43c-4bda-878b-63f1449da6f8: start 4daf1ed2-e43c-4bda-878b-63f1449da6f8@group-5F6DC9BED5BC-LeaderStateImpl
2023-06-02 20:40:40,077 [4daf1ed2-e43c-4bda-878b-63f1449da6f8@group-5F6DC9BED5BC-LeaderElection8] INFO  segmented.SegmentedRaftLogWorker (SegmentedRaftLogWorker.java:startLogSegment(447)) - 4daf1ed2-e43c-4bda-878b-63f1449da6f8@group-5F6DC9BED5BC-SegmentedRaftLogWorker: Starting segment from index:0
2023-06-02 20:40:40,081 [4daf1ed2-e43c-4bda-878b-63f1449da6f8@group-5F6DC9BED5BC-SegmentedRaftLogWorker] INFO  segmented.SegmentedRaftLogWorker (SegmentedRaftLogWorker.java:execute(651)) - 4daf1ed2-e43c-4bda-878b-63f1449da6f8@group-5F6DC9BED5BC-SegmentedRaftLogWorker: created new log segment /home/runner/work/ozone/ozone/hadoop-ozone/integration-test/target/test-dir/MiniOzoneClusterImpl-5ac0c7d5-b38a-4534-ae70-3109b4fe19c6/datanode-3/data/ratis/362dd4a8-6fc9-4f6b-be91-5f6dc9bed5bc/current/log_inprogress_0
2023-06-02 20:40:40,089 [4daf1ed2-e43c-4bda-878b-63f1449da6f8@group-5F6DC9BED5BC-LeaderElection8] INFO  server.RaftServer$Division (ServerState.java:setRaftConf(434)) - 4daf1ed2-e43c-4bda-878b-63f1449da6f8@group-5F6DC9BED5BC: set configuration 0: peers:[4daf1ed2-e43c-4bda-878b-63f1449da6f8|rpc:10.1.0.31:15041|admin:10.1.0.31:15040|client:10.1.0.31:15039|dataStream:10.1.0.31:15042|priority:1|startupRole:FOLLOWER]|listeners:[], old=null
2023-06-02 20:40:40,146 [main] INFO  rpc.RpcClient (RpcClient.java:createVolume(459)) - Creating Volume: 32026faf-b6a5-46b7-92d7-e04752c99507, with runner as owner and space quota set to -1 bytes, counts quota set to -1
2023-06-02 20:40:40,194 [4daf1ed2-e43c-4bda-878b-63f1449da6f8@group-4F11CE293873-FollowerState] INFO  impl.FollowerState (FollowerState.java:run(143)) - 4daf1ed2-e43c-4bda-878b-63f1449da6f8@group-4F11CE293873-FollowerState: change to CANDIDATE, lastRpcElapsedTime:5177963303ns, electionTimeout:5168ms
2023-06-02 20:40:40,195 [4daf1ed2-e43c-4bda-878b-63f1449da6f8@group-4F11CE293873-FollowerState] INFO  impl.RoleInfo (RoleInfo.java:shutdownFollowerState(110)) - 4daf1ed2-e43c-4bda-878b-63f1449da6f8: shutdown 4daf1ed2-e43c-4bda-878b-63f1449da6f8@group-4F11CE293873-FollowerState
2023-06-02 20:40:40,195 [4daf1ed2-e43c-4bda-878b-63f1449da6f8@group-4F11CE293873-FollowerState] INFO  server.RaftServer$Division (RaftServerImpl.java:setRole(329)) - 4daf1ed2-e43c-4bda-878b-63f1449da6f8@group-4F11CE293873: changes role from  FOLLOWER to CANDIDATE at term 0 for changeToCandidate
2023-06-02 20:40:40,195 [4daf1ed2-e43c-4bda-878b-63f1449da6f8@group-4F11CE293873-FollowerState] INFO  server.RaftServerConfigKeys (ConfUtils.java:logGet(46)) - raft.server.leaderelection.pre-vote = true (default)
2023-06-02 20:40:40,195 [4daf1ed2-e43c-4bda-878b-63f1449da6f8@group-4F11CE293873-FollowerState] INFO  impl.RoleInfo (RoleInfo.java:updateAndGet(139)) - 4daf1ed2-e43c-4bda-878b-63f1449da6f8: start 4daf1ed2-e43c-4bda-878b-63f1449da6f8@group-4F11CE293873-LeaderElection9
2023-06-02 20:40:40,195 [0ec547f6-a501-4372-afcf-7dbe5c08d569@group-4F11CE293873-FollowerState] INFO  impl.FollowerState (FollowerState.java:run(143)) - 0ec547f6-a501-4372-afcf-7dbe5c08d569@group-4F11CE293873-FollowerState: change to CANDIDATE, lastRpcElapsedTime:5084772017ns, electionTimeout:5077ms
2023-06-02 20:40:40,195 [0ec547f6-a501-4372-afcf-7dbe5c08d569@group-4F11CE293873-FollowerState] INFO  impl.RoleInfo (RoleInfo.java:shutdownFollowerState(110)) - 0ec547f6-a501-4372-afcf-7dbe5c08d569: shutdown 0ec547f6-a501-4372-afcf-7dbe5c08d569@group-4F11CE293873-FollowerState
2023-06-02 20:40:40,195 [0ec547f6-a501-4372-afcf-7dbe5c08d569@group-4F11CE293873-FollowerState] INFO  server.RaftServer$Division (RaftServerImpl.java:setRole(329)) - 0ec547f6-a501-4372-afcf-7dbe5c08d569@group-4F11CE293873: changes role from  FOLLOWER to CANDIDATE at term 0 for changeToCandidate
2023-06-02 20:40:40,196 [0ec547f6-a501-4372-afcf-7dbe5c08d569@group-4F11CE293873-FollowerState] INFO  server.RaftServerConfigKeys (ConfUtils.java:logGet(46)) - raft.server.leaderelection.pre-vote = true (default)
2023-06-02 20:40:40,196 [0ec547f6-a501-4372-afcf-7dbe5c08d569@group-4F11CE293873-FollowerState] INFO  impl.RoleInfo (RoleInfo.java:updateAndGet(139)) - 0ec547f6-a501-4372-afcf-7dbe5c08d569: start 0ec547f6-a501-4372-afcf-7dbe5c08d569@group-4F11CE293873-LeaderElection10
2023-06-02 20:40:40,205 [4daf1ed2-e43c-4bda-878b-63f1449da6f8@group-4F11CE293873-LeaderElection9] INFO  impl.LeaderElection (LeaderElection.java:askForVotes(321)) - 4daf1ed2-e43c-4bda-878b-63f1449da6f8@group-4F11CE293873-LeaderElection9 PRE_VOTE round 0: submit vote requests at term 0 for -1: peers:[f5d72e8c-7c96-4354-bf1f-55d48726708b|rpc:10.1.0.31:15059|admin:10.1.0.31:15058|client:10.1.0.31:15057|dataStream:10.1.0.31:15060|priority:0|startupRole:FOLLOWER, 0ec547f6-a501-4372-afcf-7dbe5c08d569|rpc:10.1.0.31:15050|admin:10.1.0.31:15049|client:10.1.0.31:15048|dataStream:10.1.0.31:15051|priority:1|startupRole:FOLLOWER, 4daf1ed2-e43c-4bda-878b-63f1449da6f8|rpc:10.1.0.31:15041|admin:10.1.0.31:15040|client:10.1.0.31:15039|dataStream:10.1.0.31:15042|priority:0|startupRole:FOLLOWER]|listeners:[], old=null
2023-06-02 20:40:40,208 [4daf1ed2-e43c-4bda-878b-63f1449da6f8@group-4F11CE293873-LeaderElection9-1] INFO  server.GrpcServerProtocolClient (GrpcServerProtocolClient.java:<init>(65)) - Build channel for f5d72e8c-7c96-4354-bf1f-55d48726708b
2023-06-02 20:40:40,212 [4daf1ed2-e43c-4bda-878b-63f1449da6f8@group-4F11CE293873-LeaderElection9] INFO  server.RaftServerConfigKeys (ConfUtils.java:logFallback(53)) - raft.server.rpc.first-election.timeout.min = 5s (fallback to raft.server.rpc.timeout.min)
2023-06-02 20:40:40,212 [4daf1ed2-e43c-4bda-878b-63f1449da6f8@group-4F11CE293873-LeaderElection9] INFO  server.RaftServerConfigKeys (ConfUtils.java:logFallback(53)) - raft.server.rpc.first-election.timeout.max = 5200ms (fallback to raft.server.rpc.timeout.max)
2023-06-02 20:40:40,214 [0ec547f6-a501-4372-afcf-7dbe5c08d569@group-4F11CE293873-LeaderElection10] INFO  impl.LeaderElection (LeaderElection.java:askForVotes(321)) - 0ec547f6-a501-4372-afcf-7dbe5c08d569@group-4F11CE293873-LeaderElection10 PRE_VOTE round 0: submit vote requests at term 0 for -1: peers:[f5d72e8c-7c96-4354-bf1f-55d48726708b|rpc:10.1.0.31:15059|admin:10.1.0.31:15058|client:10.1.0.31:15057|dataStream:10.1.0.31:15060|priority:0|startupRole:FOLLOWER, 0ec547f6-a501-4372-afcf-7dbe5c08d569|rpc:10.1.0.31:15050|admin:10.1.0.31:15049|client:10.1.0.31:15048|dataStream:10.1.0.31:15051|priority:1|startupRole:FOLLOWER, 4daf1ed2-e43c-4bda-878b-63f1449da6f8|rpc:10.1.0.31:15041|admin:10.1.0.31:15040|client:10.1.0.31:15039|dataStream:10.1.0.31:15042|priority:0|startupRole:FOLLOWER]|listeners:[], old=null
2023-06-02 20:40:40,215 [0ec547f6-a501-4372-afcf-7dbe5c08d569@group-4F11CE293873-LeaderElection10-1] INFO  server.GrpcServerProtocolClient (GrpcServerProtocolClient.java:<init>(65)) - Build channel for f5d72e8c-7c96-4354-bf1f-55d48726708b
2023-06-02 20:40:40,219 [0ec547f6-a501-4372-afcf-7dbe5c08d569@group-4F11CE293873-LeaderElection10] INFO  server.RaftServerConfigKeys (ConfUtils.java:logFallback(53)) - raft.server.rpc.first-election.timeout.min = 5s (fallback to raft.server.rpc.timeout.min)
2023-06-02 20:40:40,219 [0ec547f6-a501-4372-afcf-7dbe5c08d569@group-4F11CE293873-LeaderElection10] INFO  server.RaftServerConfigKeys (ConfUtils.java:logFallback(53)) - raft.server.rpc.first-election.timeout.max = 5200ms (fallback to raft.server.rpc.timeout.max)
2023-06-02 20:40:40,219 [4daf1ed2-e43c-4bda-878b-63f1449da6f8@group-4F11CE293873-LeaderElection9-2] INFO  server.GrpcServerProtocolClient (GrpcServerProtocolClient.java:<init>(65)) - Build channel for 0ec547f6-a501-4372-afcf-7dbe5c08d569
2023-06-02 20:40:40,219 [0ec547f6-a501-4372-afcf-7dbe5c08d569@group-4F11CE293873-LeaderElection10-2] INFO  server.GrpcServerProtocolClient (GrpcServerProtocolClient.java:<init>(65)) - Build channel for 4daf1ed2-e43c-4bda-878b-63f1449da6f8
2023-06-02 20:40:40,240 [grpc-default-executor-4] INFO  server.RaftServer$Division (RaftServerImpl.java:requestVote(1302)) - 0ec547f6-a501-4372-afcf-7dbe5c08d569@group-4F11CE293873: receive requestVote(PRE_VOTE, 4daf1ed2-e43c-4bda-878b-63f1449da6f8, group-4F11CE293873, 0, (t:0, i:0))
2023-06-02 20:40:40,240 [grpc-default-executor-4] INFO  impl.VoteContext (VoteContext.java:log(49)) - 0ec547f6-a501-4372-afcf-7dbe5c08d569@group-4F11CE293873-CANDIDATE: reject PRE_VOTE from 4daf1ed2-e43c-4bda-878b-63f1449da6f8: our priority 1 > candidate's priority 0
2023-06-02 20:40:40,240 [grpc-default-executor-4] INFO  server.RaftServer$Division (RaftServerImpl.java:requestVote(1335)) - 0ec547f6-a501-4372-afcf-7dbe5c08d569@group-4F11CE293873 replies to PRE_VOTE vote request: 4daf1ed2-e43c-4bda-878b-63f1449da6f8<-0ec547f6-a501-4372-afcf-7dbe5c08d569#0:FAIL-t0. Peer's state: 0ec547f6-a501-4372-afcf-7dbe5c08d569@group-4F11CE293873:t0, leader=null, voted=, raftlog=Memoized:0ec547f6-a501-4372-afcf-7dbe5c08d569@group-4F11CE293873-SegmentedRaftLog:OPENED:c-1, conf=-1: peers:[f5d72e8c-7c96-4354-bf1f-55d48726708b|rpc:10.1.0.31:15059|admin:10.1.0.31:15058|client:10.1.0.31:15057|dataStream:10.1.0.31:15060|priority:0|startupRole:FOLLOWER, 0ec547f6-a501-4372-afcf-7dbe5c08d569|rpc:10.1.0.31:15050|admin:10.1.0.31:15049|client:10.1.0.31:15048|dataStream:10.1.0.31:15051|priority:1|startupRole:FOLLOWER, 4daf1ed2-e43c-4bda-878b-63f1449da6f8|rpc:10.1.0.31:15041|admin:10.1.0.31:15040|client:10.1.0.31:15039|dataStream:10.1.0.31:15042|priority:0|startupRole:FOLLOWER]|listeners:[], old=null
2023-06-02 20:40:40,241 [grpc-default-executor-2] INFO  server.RaftServer$Division (RaftServerImpl.java:requestVote(1302)) - 4daf1ed2-e43c-4bda-878b-63f1449da6f8@group-4F11CE293873: receive requestVote(PRE_VOTE, 0ec547f6-a501-4372-afcf-7dbe5c08d569, group-4F11CE293873, 0, (t:0, i:0))
2023-06-02 20:40:40,241 [grpc-default-executor-2] INFO  impl.VoteContext (VoteContext.java:log(49)) - 4daf1ed2-e43c-4bda-878b-63f1449da6f8@group-4F11CE293873-CANDIDATE: accept PRE_VOTE from 0ec547f6-a501-4372-afcf-7dbe5c08d569: our priority 0 <= candidate's priority 1
2023-06-02 20:40:40,241 [grpc-default-executor-2] INFO  server.RaftServer$Division (RaftServerImpl.java:requestVote(1335)) - 4daf1ed2-e43c-4bda-878b-63f1449da6f8@group-4F11CE293873 replies to PRE_VOTE vote request: 0ec547f6-a501-4372-afcf-7dbe5c08d569<-4daf1ed2-e43c-4bda-878b-63f1449da6f8#0:OK-t0. Peer's state: 4daf1ed2-e43c-4bda-878b-63f1449da6f8@group-4F11CE293873:t0, leader=null, voted=, raftlog=Memoized:4daf1ed2-e43c-4bda-878b-63f1449da6f8@group-4F11CE293873-SegmentedRaftLog:OPENED:c-1, conf=-1: peers:[f5d72e8c-7c96-4354-bf1f-55d48726708b|rpc:10.1.0.31:15059|admin:10.1.0.31:15058|client:10.1.0.31:15057|dataStream:10.1.0.31:15060|priority:0|startupRole:FOLLOWER, 0ec547f6-a501-4372-afcf-7dbe5c08d569|rpc:10.1.0.31:15050|admin:10.1.0.31:15049|client:10.1.0.31:15048|dataStream:10.1.0.31:15051|priority:1|startupRole:FOLLOWER, 4daf1ed2-e43c-4bda-878b-63f1449da6f8|rpc:10.1.0.31:15041|admin:10.1.0.31:15040|client:10.1.0.31:15039|dataStream:10.1.0.31:15042|priority:0|startupRole:FOLLOWER]|listeners:[], old=null
2023-06-02 20:40:40,241 [grpc-default-executor-5] INFO  server.RaftServer$Division (RaftServerImpl.java:requestVote(1302)) - f5d72e8c-7c96-4354-bf1f-55d48726708b@group-4F11CE293873: receive requestVote(PRE_VOTE, 0ec547f6-a501-4372-afcf-7dbe5c08d569, group-4F11CE293873, 0, (t:0, i:0))
2023-06-02 20:40:40,242 [grpc-default-executor-5] INFO  impl.VoteContext (VoteContext.java:log(49)) - f5d72e8c-7c96-4354-bf1f-55d48726708b@group-4F11CE293873-FOLLOWER: accept PRE_VOTE from 0ec547f6-a501-4372-afcf-7dbe5c08d569: our priority 0 <= candidate's priority 1
2023-06-02 20:40:40,242 [grpc-default-executor-5] INFO  server.RaftServer$Division (RaftServerImpl.java:requestVote(1335)) - f5d72e8c-7c96-4354-bf1f-55d48726708b@group-4F11CE293873 replies to PRE_VOTE vote request: 0ec547f6-a501-4372-afcf-7dbe5c08d569<-f5d72e8c-7c96-4354-bf1f-55d48726708b#0:OK-t0. Peer's state: f5d72e8c-7c96-4354-bf1f-55d48726708b@group-4F11CE293873:t0, leader=null, voted=, raftlog=Memoized:f5d72e8c-7c96-4354-bf1f-55d48726708b@group-4F11CE293873-SegmentedRaftLog:OPENED:c-1, conf=-1: peers:[f5d72e8c-7c96-4354-bf1f-55d48726708b|rpc:10.1.0.31:15059|admin:10.1.0.31:15058|client:10.1.0.31:15057|dataStream:10.1.0.31:15060|priority:0|startupRole:FOLLOWER, 0ec547f6-a501-4372-afcf-7dbe5c08d569|rpc:10.1.0.31:15050|admin:10.1.0.31:15049|client:10.1.0.31:15048|dataStream:10.1.0.31:15051|priority:1|startupRole:FOLLOWER, 4daf1ed2-e43c-4bda-878b-63f1449da6f8|rpc:10.1.0.31:15041|admin:10.1.0.31:15040|client:10.1.0.31:15039|dataStream:10.1.0.31:15042|priority:0|startupRole:FOLLOWER]|listeners:[], old=null
2023-06-02 20:40:40,249 [4daf1ed2-e43c-4bda-878b-63f1449da6f8@group-4F11CE293873-LeaderElection9] INFO  impl.LeaderElection (LeaderElection.java:logAndReturn(90)) - 4daf1ed2-e43c-4bda-878b-63f1449da6f8@group-4F11CE293873-LeaderElection9: PRE_VOTE REJECTED received 1 response(s) and 0 exception(s):
2023-06-02 20:40:40,249 [4daf1ed2-e43c-4bda-878b-63f1449da6f8@group-4F11CE293873-LeaderElection9] INFO  impl.LeaderElection (LeaderElection.java:logAndReturn(94)) -   Response 0: 4daf1ed2-e43c-4bda-878b-63f1449da6f8<-0ec547f6-a501-4372-afcf-7dbe5c08d569#0:FAIL-t0
2023-06-02 20:40:40,249 [4daf1ed2-e43c-4bda-878b-63f1449da6f8@group-4F11CE293873-LeaderElection9] INFO  impl.LeaderElection (LeaderElection.java:askForVotes(323)) - 4daf1ed2-e43c-4bda-878b-63f1449da6f8@group-4F11CE293873-LeaderElection9 PRE_VOTE round 0: result REJECTED
2023-06-02 20:40:40,249 [4daf1ed2-e43c-4bda-878b-63f1449da6f8@group-4F11CE293873-LeaderElection9] INFO  server.RaftServer$Division (RaftServerImpl.java:setRole(329)) - 4daf1ed2-e43c-4bda-878b-63f1449da6f8@group-4F11CE293873: changes role from CANDIDATE to FOLLOWER at term 0 for REJECTED
2023-06-02 20:40:40,249 [4daf1ed2-e43c-4bda-878b-63f1449da6f8@group-4F11CE293873-LeaderElection9] INFO  impl.RoleInfo (RoleInfo.java:shutdownLeaderElection(130)) - 4daf1ed2-e43c-4bda-878b-63f1449da6f8: shutdown 4daf1ed2-e43c-4bda-878b-63f1449da6f8@group-4F11CE293873-LeaderElection9
2023-06-02 20:40:40,249 [4daf1ed2-e43c-4bda-878b-63f1449da6f8@group-4F11CE293873-LeaderElection9] INFO  impl.RoleInfo (RoleInfo.java:updateAndGet(139)) - 4daf1ed2-e43c-4bda-878b-63f1449da6f8: start 4daf1ed2-e43c-4bda-878b-63f1449da6f8@group-4F11CE293873-FollowerState
2023-06-02 20:40:40,261 [0ec547f6-a501-4372-afcf-7dbe5c08d569@group-4F11CE293873-LeaderElection10] INFO  impl.LeaderElection (LeaderElection.java:logAndReturn(90)) - 0ec547f6-a501-4372-afcf-7dbe5c08d569@group-4F11CE293873-LeaderElection10: PRE_VOTE PASSED received 1 response(s) and 0 exception(s):
2023-06-02 20:40:40,261 [0ec547f6-a501-4372-afcf-7dbe5c08d569@group-4F11CE293873-LeaderElection10] INFO  impl.LeaderElection (LeaderElection.java:logAndReturn(94)) -   Response 0: 0ec547f6-a501-4372-afcf-7dbe5c08d569<-f5d72e8c-7c96-4354-bf1f-55d48726708b#0:OK-t0
2023-06-02 20:40:40,261 [0ec547f6-a501-4372-afcf-7dbe5c08d569@group-4F11CE293873-LeaderElection10] INFO  impl.LeaderElection (LeaderElection.java:askForVotes(323)) - 0ec547f6-a501-4372-afcf-7dbe5c08d569@group-4F11CE293873-LeaderElection10 PRE_VOTE round 0: result PASSED
2023-06-02 20:40:40,262 [grpc-default-executor-5] INFO  server.RaftServer$Division (RaftServerImpl.java:requestVote(1302)) - f5d72e8c-7c96-4354-bf1f-55d48726708b@group-4F11CE293873: receive requestVote(PRE_VOTE, 4daf1ed2-e43c-4bda-878b-63f1449da6f8, group-4F11CE293873, 0, (t:0, i:0))
2023-06-02 20:40:40,262 [grpc-default-executor-5] INFO  impl.VoteContext (VoteContext.java:log(49)) - f5d72e8c-7c96-4354-bf1f-55d48726708b@group-4F11CE293873-FOLLOWER: accept PRE_VOTE from 4daf1ed2-e43c-4bda-878b-63f1449da6f8: our priority 0 <= candidate's priority 0
2023-06-02 20:40:40,262 [grpc-default-executor-5] INFO  server.RaftServer$Division (RaftServerImpl.java:requestVote(1335)) - f5d72e8c-7c96-4354-bf1f-55d48726708b@group-4F11CE293873 replies to PRE_VOTE vote request: 4daf1ed2-e43c-4bda-878b-63f1449da6f8<-f5d72e8c-7c96-4354-bf1f-55d48726708b#0:OK-t0. Peer's state: f5d72e8c-7c96-4354-bf1f-55d48726708b@group-4F11CE293873:t0, leader=null, voted=, raftlog=Memoized:f5d72e8c-7c96-4354-bf1f-55d48726708b@group-4F11CE293873-SegmentedRaftLog:OPENED:c-1, conf=-1: peers:[f5d72e8c-7c96-4354-bf1f-55d48726708b|rpc:10.1.0.31:15059|admin:10.1.0.31:15058|client:10.1.0.31:15057|dataStream:10.1.0.31:15060|priority:0|startupRole:FOLLOWER, 0ec547f6-a501-4372-afcf-7dbe5c08d569|rpc:10.1.0.31:15050|admin:10.1.0.31:15049|client:10.1.0.31:15048|dataStream:10.1.0.31:15051|priority:1|startupRole:FOLLOWER, 4daf1ed2-e43c-4bda-878b-63f1449da6f8|rpc:10.1.0.31:15041|admin:10.1.0.31:15040|client:10.1.0.31:15039|dataStream:10.1.0.31:15042|priority:0|startupRole:FOLLOWER]|listeners:[], old=null
2023-06-02 20:40:40,263 [0ec547f6-a501-4372-afcf-7dbe5c08d569@group-4F11CE293873-LeaderElection10] INFO  impl.LeaderElection (LeaderElection.java:askForVotes(321)) - 0ec547f6-a501-4372-afcf-7dbe5c08d569@group-4F11CE293873-LeaderElection10 ELECTION round 0: submit vote requests at term 1 for -1: peers:[f5d72e8c-7c96-4354-bf1f-55d48726708b|rpc:10.1.0.31:15059|admin:10.1.0.31:15058|client:10.1.0.31:15057|dataStream:10.1.0.31:15060|priority:0|startupRole:FOLLOWER, 0ec547f6-a501-4372-afcf-7dbe5c08d569|rpc:10.1.0.31:15050|admin:10.1.0.31:15049|client:10.1.0.31:15048|dataStream:10.1.0.31:15051|priority:1|startupRole:FOLLOWER, 4daf1ed2-e43c-4bda-878b-63f1449da6f8|rpc:10.1.0.31:15041|admin:10.1.0.31:15040|client:10.1.0.31:15039|dataStream:10.1.0.31:15042|priority:0|startupRole:FOLLOWER]|listeners:[], old=null
2023-06-02 20:40:40,269 [0ec547f6-a501-4372-afcf-7dbe5c08d569@group-4F11CE293873-LeaderElection10] INFO  server.RaftServerConfigKeys (ConfUtils.java:logFallback(53)) - raft.server.rpc.first-election.timeout.min = 5s (fallback to raft.server.rpc.timeout.min)
2023-06-02 20:40:40,269 [0ec547f6-a501-4372-afcf-7dbe5c08d569@group-4F11CE293873-LeaderElection10] INFO  server.RaftServerConfigKeys (ConfUtils.java:logFallback(53)) - raft.server.rpc.first-election.timeout.max = 5200ms (fallback to raft.server.rpc.timeout.max)
2023-06-02 20:40:40,271 [grpc-default-executor-5] INFO  server.RaftServer$Division (RaftServerImpl.java:requestVote(1302)) - f5d72e8c-7c96-4354-bf1f-55d48726708b@group-4F11CE293873: receive requestVote(ELECTION, 0ec547f6-a501-4372-afcf-7dbe5c08d569, group-4F11CE293873, 1, (t:0, i:0))
2023-06-02 20:40:40,271 [grpc-default-executor-5] INFO  impl.VoteContext (VoteContext.java:log(49)) - f5d72e8c-7c96-4354-bf1f-55d48726708b@group-4F11CE293873-FOLLOWER: accept ELECTION from 0ec547f6-a501-4372-afcf-7dbe5c08d569: our priority 0 <= candidate's priority 1
2023-06-02 20:40:40,272 [grpc-default-executor-5] INFO  server.RaftServer$Division (RaftServerImpl.java:setRole(329)) - f5d72e8c-7c96-4354-bf1f-55d48726708b@group-4F11CE293873: changes role from  FOLLOWER to FOLLOWER at term 1 for candidate:0ec547f6-a501-4372-afcf-7dbe5c08d569
2023-06-02 20:40:40,272 [grpc-default-executor-5] INFO  impl.RoleInfo (RoleInfo.java:shutdownFollowerState(110)) - f5d72e8c-7c96-4354-bf1f-55d48726708b: shutdown f5d72e8c-7c96-4354-bf1f-55d48726708b@group-4F11CE293873-FollowerState
2023-06-02 20:40:40,272 [grpc-default-executor-5] INFO  impl.RoleInfo (RoleInfo.java:updateAndGet(139)) - f5d72e8c-7c96-4354-bf1f-55d48726708b: start f5d72e8c-7c96-4354-bf1f-55d48726708b@group-4F11CE293873-FollowerState
2023-06-02 20:40:40,272 [f5d72e8c-7c96-4354-bf1f-55d48726708b@group-4F11CE293873-FollowerState] INFO  impl.FollowerState (FollowerState.java:run(152)) - f5d72e8c-7c96-4354-bf1f-55d48726708b@group-4F11CE293873-FollowerState was interrupted
2023-06-02 20:40:40,275 [grpc-default-executor-5] INFO  server.RaftServer$Division (RaftServerImpl.java:requestVote(1335)) - f5d72e8c-7c96-4354-bf1f-55d48726708b@group-4F11CE293873 replies to ELECTION vote request: 0ec547f6-a501-4372-afcf-7dbe5c08d569<-f5d72e8c-7c96-4354-bf1f-55d48726708b#0:OK-t1. Peer's state: f5d72e8c-7c96-4354-bf1f-55d48726708b@group-4F11CE293873:t1, leader=null, voted=0ec547f6-a501-4372-afcf-7dbe5c08d569, raftlog=Memoized:f5d72e8c-7c96-4354-bf1f-55d48726708b@group-4F11CE293873-SegmentedRaftLog:OPENED:c-1, conf=-1: peers:[f5d72e8c-7c96-4354-bf1f-55d48726708b|rpc:10.1.0.31:15059|admin:10.1.0.31:15058|client:10.1.0.31:15057|dataStream:10.1.0.31:15060|priority:0|startupRole:FOLLOWER, 0ec547f6-a501-4372-afcf-7dbe5c08d569|rpc:10.1.0.31:15050|admin:10.1.0.31:15049|client:10.1.0.31:15048|dataStream:10.1.0.31:15051|priority:1|startupRole:FOLLOWER, 4daf1ed2-e43c-4bda-878b-63f1449da6f8|rpc:10.1.0.31:15041|admin:10.1.0.31:15040|client:10.1.0.31:15039|dataStream:10.1.0.31:15042|priority:0|startupRole:FOLLOWER]|listeners:[], old=null
2023-06-02 20:40:40,276 [grpc-default-executor-2] INFO  server.RaftServer$Division (RaftServerImpl.java:requestVote(1302)) - 4daf1ed2-e43c-4bda-878b-63f1449da6f8@group-4F11CE293873: receive requestVote(ELECTION, 0ec547f6-a501-4372-afcf-7dbe5c08d569, group-4F11CE293873, 1, (t:0, i:0))
2023-06-02 20:40:40,277 [grpc-default-executor-2] INFO  impl.VoteContext (VoteContext.java:log(49)) - 4daf1ed2-e43c-4bda-878b-63f1449da6f8@group-4F11CE293873-FOLLOWER: accept ELECTION from 0ec547f6-a501-4372-afcf-7dbe5c08d569: our priority 0 <= candidate's priority 1
2023-06-02 20:40:40,277 [grpc-default-executor-2] INFO  server.RaftServer$Division (RaftServerImpl.java:setRole(329)) - 4daf1ed2-e43c-4bda-878b-63f1449da6f8@group-4F11CE293873: changes role from  FOLLOWER to FOLLOWER at term 1 for candidate:0ec547f6-a501-4372-afcf-7dbe5c08d569
2023-06-02 20:40:40,277 [grpc-default-executor-2] INFO  impl.RoleInfo (RoleInfo.java:shutdownFollowerState(110)) - 4daf1ed2-e43c-4bda-878b-63f1449da6f8: shutdown 4daf1ed2-e43c-4bda-878b-63f1449da6f8@group-4F11CE293873-FollowerState
2023-06-02 20:40:40,277 [grpc-default-executor-2] INFO  impl.RoleInfo (RoleInfo.java:updateAndGet(139)) - 4daf1ed2-e43c-4bda-878b-63f1449da6f8: start 4daf1ed2-e43c-4bda-878b-63f1449da6f8@group-4F11CE293873-FollowerState
2023-06-02 20:40:40,277 [4daf1ed2-e43c-4bda-878b-63f1449da6f8@group-4F11CE293873-FollowerState] INFO  impl.FollowerState (FollowerState.java:run(152)) - 4daf1ed2-e43c-4bda-878b-63f1449da6f8@group-4F11CE293873-FollowerState was interrupted
2023-06-02 20:40:40,277 [0ec547f6-a501-4372-afcf-7dbe5c08d569@group-4F11CE293873-LeaderElection10] INFO  impl.LeaderElection (LeaderElection.java:logAndReturn(90)) - 0ec547f6-a501-4372-afcf-7dbe5c08d569@group-4F11CE293873-LeaderElection10: ELECTION PASSED received 1 response(s) and 0 exception(s):
2023-06-02 20:40:40,277 [0ec547f6-a501-4372-afcf-7dbe5c08d569@group-4F11CE293873-LeaderElection10] INFO  impl.LeaderElection (LeaderElection.java:logAndReturn(94)) -   Response 0: 0ec547f6-a501-4372-afcf-7dbe5c08d569<-f5d72e8c-7c96-4354-bf1f-55d48726708b#0:OK-t1
2023-06-02 20:40:40,284 [0ec547f6-a501-4372-afcf-7dbe5c08d569@group-4F11CE293873-LeaderElection10] INFO  impl.LeaderElection (LeaderElection.java:askForVotes(323)) - 0ec547f6-a501-4372-afcf-7dbe5c08d569@group-4F11CE293873-LeaderElection10 ELECTION round 0: result PASSED
2023-06-02 20:40:40,284 [0ec547f6-a501-4372-afcf-7dbe5c08d569@group-4F11CE293873-LeaderElection10] INFO  impl.RoleInfo (RoleInfo.java:shutdownLeaderElection(130)) - 0ec547f6-a501-4372-afcf-7dbe5c08d569: shutdown 0ec547f6-a501-4372-afcf-7dbe5c08d569@group-4F11CE293873-LeaderElection10
2023-06-02 20:40:40,286 [0ec547f6-a501-4372-afcf-7dbe5c08d569@group-4F11CE293873-LeaderElection10] INFO  server.RaftServer$Division (RaftServerImpl.java:setRole(329)) - 0ec547f6-a501-4372-afcf-7dbe5c08d569@group-4F11CE293873: changes role from CANDIDATE to LEADER at term 1 for changeToLeader
2023-06-02 20:40:40,286 [0ec547f6-a501-4372-afcf-7dbe5c08d569@group-4F11CE293873-LeaderElection10] INFO  ratis.XceiverServerRatis (XceiverServerRatis.java:handleLeaderChangedNotification(902)) - Leader change notification received for group: group-4F11CE293873 with new leaderId: 0ec547f6-a501-4372-afcf-7dbe5c08d569
2023-06-02 20:40:40,286 [0ec547f6-a501-4372-afcf-7dbe5c08d569@group-4F11CE293873-LeaderElection10] INFO  server.RaftServer$Division (ServerState.java:setLeader(317)) - 0ec547f6-a501-4372-afcf-7dbe5c08d569@group-4F11CE293873: change Leader from null to 0ec547f6-a501-4372-afcf-7dbe5c08d569 at term 1 for becomeLeader, leader elected after 5219ms
2023-06-02 20:40:40,288 [0ec547f6-a501-4372-afcf-7dbe5c08d569@group-4F11CE293873-LeaderElection10] INFO  server.RaftServerConfigKeys (ConfUtils.java:logGet(46)) - raft.server.staging.catchup.gap = 1000 (default)
2023-06-02 20:40:40,289 [0ec547f6-a501-4372-afcf-7dbe5c08d569@group-4F11CE293873-LeaderElection10] INFO  server.RaftServerConfigKeys (ConfUtils.java:logGet(46)) - raft.server.write.element-limit = 1024 (custom)
2023-06-02 20:40:40,289 [0ec547f6-a501-4372-afcf-7dbe5c08d569@group-4F11CE293873-LeaderElection10] INFO  server.RaftServerConfigKeys (ConfUtils.java:logGet(46)) - raft.server.write.byte-limit = 1024 M (=1073741824) (custom)
2023-06-02 20:40:40,289 [0ec547f6-a501-4372-afcf-7dbe5c08d569@group-4F11CE293873-LeaderElection10] INFO  server.RaftServerConfigKeys (ConfUtils.java:logGet(46)) - raft.server.watch.timeout = 180s (custom)
2023-06-02 20:40:40,289 [0ec547f6-a501-4372-afcf-7dbe5c08d569@group-4F11CE293873-LeaderElection10] INFO  server.RaftServerConfigKeys (ConfUtils.java:logGet(46)) - raft.server.watch.timeout.denomination = 1s (default)
2023-06-02 20:40:40,289 [0ec547f6-a501-4372-afcf-7dbe5c08d569@group-4F11CE293873-LeaderElection10] INFO  server.RaftServerConfigKeys (ConfUtils.java:logGet(46)) - raft.server.watch.element-limit = 65536 (default)
2023-06-02 20:40:40,289 [0ec547f6-a501-4372-afcf-7dbe5c08d569@group-4F11CE293873-LeaderElection10] INFO  server.RaftServerConfigKeys (ConfUtils.java:logGet(46)) - raft.server.write.element-limit = 1024 (custom)
2023-06-02 20:40:40,289 [0ec547f6-a501-4372-afcf-7dbe5c08d569@group-4F11CE293873-LeaderElection10] INFO  server.RaftServerConfigKeys (ConfUtils.java:logGet(46)) - raft.server.write.follower.gap.ratio.max = -1.0 (default)
2023-06-02 20:40:40,290 [0ec547f6-a501-4372-afcf-7dbe5c08d569@group-4F11CE293873-LeaderElection10] INFO  server.RaftServerConfigKeys (ConfUtils.java:logGet(46)) - raft.server.log.appender.snapshot.chunk.size.max = 16MB (=16777216) (default)
2023-06-02 20:40:40,290 [0ec547f6-a501-4372-afcf-7dbe5c08d569@group-4F11CE293873-LeaderElection10] INFO  server.RaftServerConfigKeys (ConfUtils.java:logGet(46)) - raft.server.log.appender.buffer.byte-limit = 33554432 (custom)
2023-06-02 20:40:40,290 [0ec547f6-a501-4372-afcf-7dbe5c08d569@group-4F11CE293873-LeaderElection10] INFO  server.RaftServerConfigKeys (ConfUtils.java:logGet(46)) - raft.server.log.appender.buffer.element-limit = 1 (custom)
2023-06-02 20:40:40,290 [0ec547f6-a501-4372-afcf-7dbe5c08d569@group-4F11CE293873-LeaderElection10] INFO  server.RaftServerConfigKeys (ConfUtils.java:logGet(46)) - raft.server.log.appender.wait-time.min = 10ms (default)
2023-06-02 20:40:40,290 [0ec547f6-a501-4372-afcf-7dbe5c08d569@group-4F11CE293873-LeaderElection10] INFO  grpc.GrpcConfigKeys (ConfUtils.java:logGet(46)) - raft.grpc.server.leader.outstanding.appends.max = 128 (default)
2023-06-02 20:40:40,290 [0ec547f6-a501-4372-afcf-7dbe5c08d569@group-4F11CE293873-LeaderElection10] INFO  server.RaftServerConfigKeys (ConfUtils.java:logGet(46)) - raft.server.rpc.request.timeout = 60s (custom)
2023-06-02 20:40:40,290 [0ec547f6-a501-4372-afcf-7dbe5c08d569@group-4F11CE293873-LeaderElection10] INFO  grpc.GrpcConfigKeys (ConfUtils.java:logGet(46)) - raft.grpc.server.install_snapshot.request.element-limit = 8 (default)
2023-06-02 20:40:40,290 [0ec547f6-a501-4372-afcf-7dbe5c08d569@group-4F11CE293873-LeaderElection10] INFO  grpc.GrpcConfigKeys (ConfUtils.java:logGet(46)) - raft.grpc.server.install_snapshot.request.timeout = 3000ms (default)
2023-06-02 20:40:40,290 [0ec547f6-a501-4372-afcf-7dbe5c08d569@group-4F11CE293873-LeaderElection10] INFO  server.RaftServerConfigKeys (ConfUtils.java:logGet(46)) - raft.server.log.appender.install.snapshot.enabled = false (custom)
2023-06-02 20:40:40,290 [0ec547f6-a501-4372-afcf-7dbe5c08d569@group-4F11CE293873-LeaderElection10] INFO  grpc.GrpcConfigKeys (ConfUtils.java:logGet(46)) - raft.grpc.server.heartbeat.channel = true (default)
2023-06-02 20:40:40,292 [OM StateMachine ApplyTransaction Thread - 0] INFO  volume.OMVolumeCreateRequest (OMVolumeCreateRequest.java:validateAndUpdateCache(196)) - created volume:32026faf-b6a5-46b7-92d7-e04752c99507 for user:runner
2023-06-02 20:40:40,299 [grpc-default-executor-2] INFO  server.RaftServer$Division (RaftServerImpl.java:requestVote(1335)) - 4daf1ed2-e43c-4bda-878b-63f1449da6f8@group-4F11CE293873 replies to ELECTION vote request: 0ec547f6-a501-4372-afcf-7dbe5c08d569<-4daf1ed2-e43c-4bda-878b-63f1449da6f8#0:OK-t1. Peer's state: 4daf1ed2-e43c-4bda-878b-63f1449da6f8@group-4F11CE293873:t1, leader=null, voted=0ec547f6-a501-4372-afcf-7dbe5c08d569, raftlog=Memoized:4daf1ed2-e43c-4bda-878b-63f1449da6f8@group-4F11CE293873-SegmentedRaftLog:OPENED:c-1, conf=-1: peers:[f5d72e8c-7c96-4354-bf1f-55d48726708b|rpc:10.1.0.31:15059|admin:10.1.0.31:15058|client:10.1.0.31:15057|dataStream:10.1.0.31:15060|priority:0|startupRole:FOLLOWER, 0ec547f6-a501-4372-afcf-7dbe5c08d569|rpc:10.1.0.31:15050|admin:10.1.0.31:15049|client:10.1.0.31:15048|dataStream:10.1.0.31:15051|priority:1|startupRole:FOLLOWER, 4daf1ed2-e43c-4bda-878b-63f1449da6f8|rpc:10.1.0.31:15041|admin:10.1.0.31:15040|client:10.1.0.31:15039|dataStream:10.1.0.31:15042|priority:0|startupRole:FOLLOWER]|listeners:[], old=null
2023-06-02 20:40:40,301 [EventQueue-PipelineReportForPipelineReportHandler] INFO  pipeline.PipelineManagerImpl (PipelineManagerImpl.java:openPipeline(367)) - Pipeline Pipeline[ Id: 94fc731c-42cc-4e4c-bf79-4f11ce293873, Nodes: 0ec547f6-a501-4372-afcf-7dbe5c08d569(fv-az1239-288/10.1.0.31)f5d72e8c-7c96-4354-bf1f-55d48726708b(fv-az1239-288/10.1.0.31)4daf1ed2-e43c-4bda-878b-63f1449da6f8(fv-az1239-288/10.1.0.31), ReplicationConfig: RATIS/THREE, State:ALLOCATED, leaderId:0ec547f6-a501-4372-afcf-7dbe5c08d569, CreationTimestamp2023-06-02T20:40:32.803Z[Etc/UTC]] moved to OPEN state
2023-06-02 20:40:40,302 [0ec547f6-a501-4372-afcf-7dbe5c08d569@group-4F11CE293873-LeaderElection10] INFO  server.RaftServerConfigKeys (ConfUtils.java:logGet(46)) - raft.server.log.appender.snapshot.chunk.size.max = 16MB (=16777216) (default)
2023-06-02 20:40:40,302 [0ec547f6-a501-4372-afcf-7dbe5c08d569@group-4F11CE293873-LeaderElection10] INFO  server.RaftServerConfigKeys (ConfUtils.java:logGet(46)) - raft.server.log.appender.buffer.byte-limit = 33554432 (custom)
2023-06-02 20:40:40,302 [0ec547f6-a501-4372-afcf-7dbe5c08d569@group-4F11CE293873-LeaderElection10] INFO  server.RaftServerConfigKeys (ConfUtils.java:logGet(46)) - raft.server.log.appender.buffer.element-limit = 1 (custom)
2023-06-02 20:40:40,302 [0ec547f6-a501-4372-afcf-7dbe5c08d569@group-4F11CE293873-LeaderElection10] INFO  server.RaftServerConfigKeys (ConfUtils.java:logGet(46)) - raft.server.log.appender.wait-time.min = 10ms (default)
2023-06-02 20:40:40,302 [0ec547f6-a501-4372-afcf-7dbe5c08d569@group-4F11CE293873-LeaderElection10] INFO  grpc.GrpcConfigKeys (ConfUtils.java:logGet(46)) - raft.grpc.server.leader.outstanding.appends.max = 128 (default)
2023-06-02 20:40:40,303 [0ec547f6-a501-4372-afcf-7dbe5c08d569@group-4F11CE293873-LeaderElection10] INFO  server.RaftServerConfigKeys (ConfUtils.java:logGet(46)) - raft.server.rpc.request.timeout = 60s (custom)
2023-06-02 20:40:40,303 [0ec547f6-a501-4372-afcf-7dbe5c08d569@group-4F11CE293873-LeaderElection10] INFO  grpc.GrpcConfigKeys (ConfUtils.java:logGet(46)) - raft.grpc.server.install_snapshot.request.element-limit = 8 (default)
2023-06-02 20:40:40,303 [0ec547f6-a501-4372-afcf-7dbe5c08d569@group-4F11CE293873-LeaderElection10] INFO  grpc.GrpcConfigKeys (ConfUtils.java:logGet(46)) - raft.grpc.server.install_snapshot.request.timeout = 3000ms (default)
2023-06-02 20:40:40,303 [0ec547f6-a501-4372-afcf-7dbe5c08d569@group-4F11CE293873-LeaderElection10] INFO  server.RaftServerConfigKeys (ConfUtils.java:logGet(46)) - raft.server.log.appender.install.snapshot.enabled = false (custom)
2023-06-02 20:40:40,303 [0ec547f6-a501-4372-afcf-7dbe5c08d569@group-4F11CE293873-LeaderElection10] INFO  grpc.GrpcConfigKeys (ConfUtils.java:logGet(46)) - raft.grpc.server.heartbeat.channel = true (default)
2023-06-02 20:40:40,303 [0ec547f6-a501-4372-afcf-7dbe5c08d569@group-4F11CE293873-LeaderElection10] INFO  impl.RoleInfo (RoleInfo.java:updateAndGet(139)) - 0ec547f6-a501-4372-afcf-7dbe5c08d569: start 0ec547f6-a501-4372-afcf-7dbe5c08d569@group-4F11CE293873-LeaderStateImpl
2023-06-02 20:40:40,303 [0ec547f6-a501-4372-afcf-7dbe5c08d569@group-4F11CE293873-LeaderElection10] INFO  segmented.SegmentedRaftLogWorker (SegmentedRaftLogWorker.java:startLogSegment(447)) - 0ec547f6-a501-4372-afcf-7dbe5c08d569@group-4F11CE293873-SegmentedRaftLogWorker: Starting segment from index:0
2023-06-02 20:40:40,307 [0ec547f6-a501-4372-afcf-7dbe5c08d569@group-4F11CE293873-SegmentedRaftLogWorker] INFO  segmented.SegmentedRaftLogWorker (SegmentedRaftLogWorker.java:execute(651)) - 0ec547f6-a501-4372-afcf-7dbe5c08d569@group-4F11CE293873-SegmentedRaftLogWorker: created new log segment /home/runner/work/ozone/ozone/hadoop-ozone/integration-test/target/test-dir/MiniOzoneClusterImpl-5ac0c7d5-b38a-4534-ae70-3109b4fe19c6/datanode-4/data/ratis/94fc731c-42cc-4e4c-bf79-4f11ce293873/current/log_inprogress_0
2023-06-02 20:40:40,334 [0ec547f6-a501-4372-afcf-7dbe5c08d569@group-4F11CE293873-LeaderElection10] INFO  server.RaftServer$Division (ServerState.java:setRaftConf(434)) - 0ec547f6-a501-4372-afcf-7dbe5c08d569@group-4F11CE293873: set configuration 0: peers:[f5d72e8c-7c96-4354-bf1f-55d48726708b|rpc:10.1.0.31:15059|admin:10.1.0.31:15058|client:10.1.0.31:15057|dataStream:10.1.0.31:15060|priority:0|startupRole:FOLLOWER, 0ec547f6-a501-4372-afcf-7dbe5c08d569|rpc:10.1.0.31:15050|admin:10.1.0.31:15049|client:10.1.0.31:15048|dataStream:10.1.0.31:15051|priority:1|startupRole:FOLLOWER, 4daf1ed2-e43c-4bda-878b-63f1449da6f8|rpc:10.1.0.31:15041|admin:10.1.0.31:15040|client:10.1.0.31:15039|dataStream:10.1.0.31:15042|priority:0|startupRole:FOLLOWER]|listeners:[], old=null
2023-06-02 20:40:40,344 [4daf1ed2-e43c-4bda-878b-63f1449da6f8-server-thread2] INFO  ratis.XceiverServerRatis (XceiverServerRatis.java:handleLeaderChangedNotification(902)) - Leader change notification received for group: group-4F11CE293873 with new leaderId: 0ec547f6-a501-4372-afcf-7dbe5c08d569
2023-06-02 20:40:40,345 [4daf1ed2-e43c-4bda-878b-63f1449da6f8-server-thread2] INFO  server.RaftServer$Division (ServerState.java:setLeader(317)) - 4daf1ed2-e43c-4bda-878b-63f1449da6f8@group-4F11CE293873: change Leader from null to 0ec547f6-a501-4372-afcf-7dbe5c08d569 at term 1 for appendEntries, leader elected after 5402ms
2023-06-02 20:40:40,346 [4daf1ed2-e43c-4bda-878b-63f1449da6f8-server-thread2] INFO  server.RaftServer$Division (ServerState.java:setRaftConf(434)) - 4daf1ed2-e43c-4bda-878b-63f1449da6f8@group-4F11CE293873: set configuration 0: peers:[f5d72e8c-7c96-4354-bf1f-55d48726708b|rpc:10.1.0.31:15059|admin:10.1.0.31:15058|client:10.1.0.31:15057|dataStream:10.1.0.31:15060|priority:0|startupRole:FOLLOWER, 0ec547f6-a501-4372-afcf-7dbe5c08d569|rpc:10.1.0.31:15050|admin:10.1.0.31:15049|client:10.1.0.31:15048|dataStream:10.1.0.31:15051|priority:1|startupRole:FOLLOWER, 4daf1ed2-e43c-4bda-878b-63f1449da6f8|rpc:10.1.0.31:15041|admin:10.1.0.31:15040|client:10.1.0.31:15039|dataStream:10.1.0.31:15042|priority:0|startupRole:FOLLOWER]|listeners:[], old=null
2023-06-02 20:40:40,347 [4daf1ed2-e43c-4bda-878b-63f1449da6f8-server-thread2] INFO  segmented.SegmentedRaftLogWorker (SegmentedRaftLogWorker.java:startLogSegment(447)) - 4daf1ed2-e43c-4bda-878b-63f1449da6f8@group-4F11CE293873-SegmentedRaftLogWorker: Starting segment from index:0
2023-06-02 20:40:40,353 [4daf1ed2-e43c-4bda-878b-63f1449da6f8@group-4F11CE293873-SegmentedRaftLogWorker] INFO  segmented.SegmentedRaftLogWorker (SegmentedRaftLogWorker.java:execute(651)) - 4daf1ed2-e43c-4bda-878b-63f1449da6f8@group-4F11CE293873-SegmentedRaftLogWorker: created new log segment /home/runner/work/ozone/ozone/hadoop-ozone/integration-test/target/test-dir/MiniOzoneClusterImpl-5ac0c7d5-b38a-4534-ae70-3109b4fe19c6/datanode-3/data/ratis/94fc731c-42cc-4e4c-bf79-4f11ce293873/current/log_inprogress_0
2023-06-02 20:40:40,353 [main] INFO  rpc.RpcClient (RpcClient.java:createBucket(686)) - Creating Bucket: 32026faf-b6a5-46b7-92d7-e04752c99507/259c8375-25b5-41cf-8bc2-f039a011fee7, with bucket layout OBJECT_STORE, runner as owner, Versioning true, Storage Type set to DISK and Encryption set to false, Replication Type set to server-side default replication type, Namespace Quota set to -1, Space Quota set to -1 
2023-06-02 20:40:40,364 [f5d72e8c-7c96-4354-bf1f-55d48726708b-server-thread1] INFO  ratis.XceiverServerRatis (XceiverServerRatis.java:handleLeaderChangedNotification(902)) - Leader change notification received for group: group-4F11CE293873 with new leaderId: 0ec547f6-a501-4372-afcf-7dbe5c08d569
2023-06-02 20:40:40,364 [f5d72e8c-7c96-4354-bf1f-55d48726708b-server-thread1] INFO  server.RaftServer$Division (ServerState.java:setLeader(317)) - f5d72e8c-7c96-4354-bf1f-55d48726708b@group-4F11CE293873: change Leader from null to 0ec547f6-a501-4372-afcf-7dbe5c08d569 at term 1 for appendEntries, leader elected after 5210ms
2023-06-02 20:40:40,366 [f5d72e8c-7c96-4354-bf1f-55d48726708b-server-thread1] INFO  server.RaftServer$Division (ServerState.java:setRaftConf(434)) - f5d72e8c-7c96-4354-bf1f-55d48726708b@group-4F11CE293873: set configuration 0: peers:[f5d72e8c-7c96-4354-bf1f-55d48726708b|rpc:10.1.0.31:15059|admin:10.1.0.31:15058|client:10.1.0.31:15057|dataStream:10.1.0.31:15060|priority:0|startupRole:FOLLOWER, 0ec547f6-a501-4372-afcf-7dbe5c08d569|rpc:10.1.0.31:15050|admin:10.1.0.31:15049|client:10.1.0.31:15048|dataStream:10.1.0.31:15051|priority:1|startupRole:FOLLOWER, 4daf1ed2-e43c-4bda-878b-63f1449da6f8|rpc:10.1.0.31:15041|admin:10.1.0.31:15040|client:10.1.0.31:15039|dataStream:10.1.0.31:15042|priority:0|startupRole:FOLLOWER]|listeners:[], old=null
2023-06-02 20:40:40,367 [f5d72e8c-7c96-4354-bf1f-55d48726708b-server-thread1] INFO  segmented.SegmentedRaftLogWorker (SegmentedRaftLogWorker.java:startLogSegment(447)) - f5d72e8c-7c96-4354-bf1f-55d48726708b@group-4F11CE293873-SegmentedRaftLogWorker: Starting segment from index:0
2023-06-02 20:40:40,369 [f5d72e8c-7c96-4354-bf1f-55d48726708b@group-4F11CE293873-SegmentedRaftLogWorker] INFO  segmented.SegmentedRaftLogWorker (SegmentedRaftLogWorker.java:execute(651)) - f5d72e8c-7c96-4354-bf1f-55d48726708b@group-4F11CE293873-SegmentedRaftLogWorker: created new log segment /home/runner/work/ozone/ozone/hadoop-ozone/integration-test/target/test-dir/MiniOzoneClusterImpl-5ac0c7d5-b38a-4534-ae70-3109b4fe19c6/datanode-5/data/ratis/94fc731c-42cc-4e4c-bf79-4f11ce293873/current/log_inprogress_0
2023-06-02 20:40:40,402 [OM StateMachine ApplyTransaction Thread - 0] INFO  bucket.OMBucketCreateRequest (OMBucketCreateRequest.java:validateAndUpdateCache(270)) - created bucket: 259c8375-25b5-41cf-8bc2-f039a011fee7 of layout OBJECT_STORE in volume: 32026faf-b6a5-46b7-92d7-e04752c99507
2023-06-02 20:40:40,413 [0ec547f6-a501-4372-afcf-7dbe5c08d569@group-935DF1EE04AB-FollowerState] INFO  impl.FollowerState (FollowerState.java:run(143)) - 0ec547f6-a501-4372-afcf-7dbe5c08d569@group-935DF1EE04AB-FollowerState: change to CANDIDATE, lastRpcElapsedTime:5162269226ns, electionTimeout:5158ms
2023-06-02 20:40:40,413 [0ec547f6-a501-4372-afcf-7dbe5c08d569@group-935DF1EE04AB-FollowerState] INFO  impl.RoleInfo (RoleInfo.java:shutdownFollowerState(110)) - 0ec547f6-a501-4372-afcf-7dbe5c08d569: shutdown 0ec547f6-a501-4372-afcf-7dbe5c08d569@group-935DF1EE04AB-FollowerState
2023-06-02 20:40:40,413 [0ec547f6-a501-4372-afcf-7dbe5c08d569@group-935DF1EE04AB-FollowerState] INFO  server.RaftServer$Division (RaftServerImpl.java:setRole(329)) - 0ec547f6-a501-4372-afcf-7dbe5c08d569@group-935DF1EE04AB: changes role from  FOLLOWER to CANDIDATE at term 0 for changeToCandidate
2023-06-02 20:40:40,414 [0ec547f6-a501-4372-afcf-7dbe5c08d569@group-935DF1EE04AB-FollowerState] INFO  server.RaftServerConfigKeys (ConfUtils.java:logGet(46)) - raft.server.leaderelection.pre-vote = true (default)
2023-06-02 20:40:40,414 [0ec547f6-a501-4372-afcf-7dbe5c08d569@group-935DF1EE04AB-FollowerState] INFO  impl.RoleInfo (RoleInfo.java:updateAndGet(139)) - 0ec547f6-a501-4372-afcf-7dbe5c08d569: start 0ec547f6-a501-4372-afcf-7dbe5c08d569@group-935DF1EE04AB-LeaderElection11
2023-06-02 20:40:40,418 [0ec547f6-a501-4372-afcf-7dbe5c08d569@group-935DF1EE04AB-LeaderElection11] INFO  impl.LeaderElection (LeaderElection.java:askForVotes(321)) - 0ec547f6-a501-4372-afcf-7dbe5c08d569@group-935DF1EE04AB-LeaderElection11 PRE_VOTE round 0: submit vote requests at term 0 for -1: peers:[0ec547f6-a501-4372-afcf-7dbe5c08d569|rpc:10.1.0.31:15050|admin:10.1.0.31:15049|client:10.1.0.31:15048|dataStream:10.1.0.31:15051|priority:1|startupRole:FOLLOWER]|listeners:[], old=null
2023-06-02 20:40:40,418 [0ec547f6-a501-4372-afcf-7dbe5c08d569@group-935DF1EE04AB-LeaderElection11] INFO  impl.LeaderElection (LeaderElection.java:askForVotes(323)) - 0ec547f6-a501-4372-afcf-7dbe5c08d569@group-935DF1EE04AB-LeaderElection11 PRE_VOTE round 0: result PASSED (term=0)
2023-06-02 20:40:40,420 [0ec547f6-a501-4372-afcf-7dbe5c08d569@group-935DF1EE04AB-LeaderElection11] INFO  impl.LeaderElection (LeaderElection.java:askForVotes(321)) - 0ec547f6-a501-4372-afcf-7dbe5c08d569@group-935DF1EE04AB-LeaderElection11 ELECTION round 0: submit vote requests at term 1 for -1: peers:[0ec547f6-a501-4372-afcf-7dbe5c08d569|rpc:10.1.0.31:15050|admin:10.1.0.31:15049|client:10.1.0.31:15048|dataStream:10.1.0.31:15051|priority:1|startupRole:FOLLOWER]|listeners:[], old=null
2023-06-02 20:40:40,420 [0ec547f6-a501-4372-afcf-7dbe5c08d569@group-935DF1EE04AB-LeaderElection11] INFO  impl.LeaderElection (LeaderElection.java:askForVotes(323)) - 0ec547f6-a501-4372-afcf-7dbe5c08d569@group-935DF1EE04AB-LeaderElection11 ELECTION round 0: result PASSED (term=1)
2023-06-02 20:40:40,420 [0ec547f6-a501-4372-afcf-7dbe5c08d569@group-935DF1EE04AB-LeaderElection11] INFO  impl.RoleInfo (RoleInfo.java:shutdownLeaderElection(130)) - 0ec547f6-a501-4372-afcf-7dbe5c08d569: shutdown 0ec547f6-a501-4372-afcf-7dbe5c08d569@group-935DF1EE04AB-LeaderElection11
2023-06-02 20:40:40,420 [0ec547f6-a501-4372-afcf-7dbe5c08d569@group-935DF1EE04AB-LeaderElection11] INFO  server.RaftServer$Division (RaftServerImpl.java:setRole(329)) - 0ec547f6-a501-4372-afcf-7dbe5c08d569@group-935DF1EE04AB: changes role from CANDIDATE to LEADER at term 1 for changeToLeader
2023-06-02 20:40:40,420 [0ec547f6-a501-4372-afcf-7dbe5c08d569@group-935DF1EE04AB-LeaderElection11] INFO  ratis.XceiverServerRatis (XceiverServerRatis.java:handleLeaderChangedNotification(902)) - Leader change notification received for group: group-935DF1EE04AB with new leaderId: 0ec547f6-a501-4372-afcf-7dbe5c08d569
2023-06-02 20:40:40,421 [0ec547f6-a501-4372-afcf-7dbe5c08d569@group-935DF1EE04AB-LeaderElection11] INFO  server.RaftServer$Division (ServerState.java:setLeader(317)) - 0ec547f6-a501-4372-afcf-7dbe5c08d569@group-935DF1EE04AB: change Leader from null to 0ec547f6-a501-4372-afcf-7dbe5c08d569 at term 1 for becomeLeader, leader elected after 5204ms
2023-06-02 20:40:40,421 [0ec547f6-a501-4372-afcf-7dbe5c08d569@group-935DF1EE04AB-LeaderElection11] INFO  server.RaftServerConfigKeys (ConfUtils.java:logGet(46)) - raft.server.staging.catchup.gap = 1000 (default)
2023-06-02 20:40:40,422 [0ec547f6-a501-4372-afcf-7dbe5c08d569@group-935DF1EE04AB-LeaderElection11] INFO  server.RaftServerConfigKeys (ConfUtils.java:logGet(46)) - raft.server.write.element-limit = 1024 (custom)
2023-06-02 20:40:40,422 [0ec547f6-a501-4372-afcf-7dbe5c08d569@group-935DF1EE04AB-LeaderElection11] INFO  server.RaftServerConfigKeys (ConfUtils.java:logGet(46)) - raft.server.write.byte-limit = 1024 M (=1073741824) (custom)
2023-06-02 20:40:40,423 [0ec547f6-a501-4372-afcf-7dbe5c08d569@group-935DF1EE04AB-LeaderElection11] INFO  server.RaftServerConfigKeys (ConfUtils.java:logGet(46)) - raft.server.watch.timeout = 180s (custom)
2023-06-02 20:40:40,425 [0ec547f6-a501-4372-afcf-7dbe5c08d569@group-935DF1EE04AB-LeaderElection11] INFO  server.RaftServerConfigKeys (ConfUtils.java:logGet(46)) - raft.server.watch.timeout.denomination = 1s (default)
2023-06-02 20:40:40,425 [0ec547f6-a501-4372-afcf-7dbe5c08d569@group-935DF1EE04AB-LeaderElection11] INFO  server.RaftServerConfigKeys (ConfUtils.java:logGet(46)) - raft.server.watch.element-limit = 65536 (default)
2023-06-02 20:40:40,425 [0ec547f6-a501-4372-afcf-7dbe5c08d569@group-935DF1EE04AB-LeaderElection11] INFO  server.RaftServerConfigKeys (ConfUtils.java:logGet(46)) - raft.server.write.element-limit = 1024 (custom)
2023-06-02 20:40:40,426 [0ec547f6-a501-4372-afcf-7dbe5c08d569@group-935DF1EE04AB-LeaderElection11] INFO  server.RaftServerConfigKeys (ConfUtils.java:logGet(46)) - raft.server.write.follower.gap.ratio.max = -1.0 (default)
2023-06-02 20:40:40,426 [0ec547f6-a501-4372-afcf-7dbe5c08d569@group-935DF1EE04AB-LeaderElection11] INFO  impl.RoleInfo (RoleInfo.java:updateAndGet(139)) - 0ec547f6-a501-4372-afcf-7dbe5c08d569: start 0ec547f6-a501-4372-afcf-7dbe5c08d569@group-935DF1EE04AB-LeaderStateImpl
2023-06-02 20:40:40,427 [0ec547f6-a501-4372-afcf-7dbe5c08d569@group-935DF1EE04AB-LeaderElection11] INFO  segmented.SegmentedRaftLogWorker (SegmentedRaftLogWorker.java:startLogSegment(447)) - 0ec547f6-a501-4372-afcf-7dbe5c08d569@group-935DF1EE04AB-SegmentedRaftLogWorker: Starting segment from index:0
2023-06-02 20:40:40,429 [0ec547f6-a501-4372-afcf-7dbe5c08d569@group-935DF1EE04AB-SegmentedRaftLogWorker] INFO  segmented.SegmentedRaftLogWorker (SegmentedRaftLogWorker.java:execute(651)) - 0ec547f6-a501-4372-afcf-7dbe5c08d569@group-935DF1EE04AB-SegmentedRaftLogWorker: created new log segment /home/runner/work/ozone/ozone/hadoop-ozone/integration-test/target/test-dir/MiniOzoneClusterImpl-5ac0c7d5-b38a-4534-ae70-3109b4fe19c6/datanode-4/data/ratis/e5630298-d2ca-4eea-aa1f-935df1ee04ab/current/log_inprogress_0
2023-06-02 20:40:40,436 [0ec547f6-a501-4372-afcf-7dbe5c08d569@group-935DF1EE04AB-LeaderElection11] INFO  server.RaftServer$Division (ServerState.java:setRaftConf(434)) - 0ec547f6-a501-4372-afcf-7dbe5c08d569@group-935DF1EE04AB: set configuration 0: peers:[0ec547f6-a501-4372-afcf-7dbe5c08d569|rpc:10.1.0.31:15050|admin:10.1.0.31:15049|client:10.1.0.31:15048|dataStream:10.1.0.31:15051|priority:1|startupRole:FOLLOWER]|listeners:[], old=null
2023-06-02 20:40:40,445 [4daf1ed2-e43c-4bda-878b-63f1449da6f8@group-E31964065D3F-FollowerState] INFO  impl.FollowerState (FollowerState.java:run(143)) - 4daf1ed2-e43c-4bda-878b-63f1449da6f8@group-E31964065D3F-FollowerState: change to CANDIDATE, lastRpcElapsedTime:5202311527ns, electionTimeout:5194ms
2023-06-02 20:40:40,446 [4daf1ed2-e43c-4bda-878b-63f1449da6f8@group-E31964065D3F-FollowerState] INFO  impl.RoleInfo (RoleInfo.java:shutdownFollowerState(110)) - 4daf1ed2-e43c-4bda-878b-63f1449da6f8: shutdown 4daf1ed2-e43c-4bda-878b-63f1449da6f8@group-E31964065D3F-FollowerState
2023-06-02 20:40:40,446 [4daf1ed2-e43c-4bda-878b-63f1449da6f8@group-E31964065D3F-FollowerState] INFO  server.RaftServer$Division (RaftServerImpl.java:setRole(329)) - 4daf1ed2-e43c-4bda-878b-63f1449da6f8@group-E31964065D3F: changes role from  FOLLOWER to CANDIDATE at term 0 for changeToCandidate
2023-06-02 20:40:40,446 [4daf1ed2-e43c-4bda-878b-63f1449da6f8@group-E31964065D3F-FollowerState] INFO  server.RaftServerConfigKeys (ConfUtils.java:logGet(46)) - raft.server.leaderelection.pre-vote = true (default)
2023-06-02 20:40:40,446 [4daf1ed2-e43c-4bda-878b-63f1449da6f8@group-E31964065D3F-FollowerState] INFO  impl.RoleInfo (RoleInfo.java:updateAndGet(139)) - 4daf1ed2-e43c-4bda-878b-63f1449da6f8: start 4daf1ed2-e43c-4bda-878b-63f1449da6f8@group-E31964065D3F-LeaderElection12
2023-06-02 20:40:40,457 [4daf1ed2-e43c-4bda-878b-63f1449da6f8@group-E31964065D3F-LeaderElection12] INFO  impl.LeaderElection (LeaderElection.java:askForVotes(321)) - 4daf1ed2-e43c-4bda-878b-63f1449da6f8@group-E31964065D3F-LeaderElection12 PRE_VOTE round 0: submit vote requests at term 0 for -1: peers:[f5d72e8c-7c96-4354-bf1f-55d48726708b|rpc:10.1.0.31:15059|admin:10.1.0.31:15058|client:10.1.0.31:15057|dataStream:10.1.0.31:15060|priority:0|startupRole:FOLLOWER, 4daf1ed2-e43c-4bda-878b-63f1449da6f8|rpc:10.1.0.31:15041|admin:10.1.0.31:15040|client:10.1.0.31:15039|dataStream:10.1.0.31:15042|priority:1|startupRole:FOLLOWER, 0ec547f6-a501-4372-afcf-7dbe5c08d569|rpc:10.1.0.31:15050|admin:10.1.0.31:15049|client:10.1.0.31:15048|dataStream:10.1.0.31:15051|priority:0|startupRole:FOLLOWER]|listeners:[], old=null
2023-06-02 20:40:41,112 [JvmPauseMonitor10] WARN  util.JvmPauseMonitor (JvmPauseMonitor.java:detectPause(124)) - JvmPauseMonitor-b4411977-9720-4d4b-9a0b-907fa7158048: Detected pause in JVM or host machine approximately 0.445s with 0.631s GC time.
GC pool 'PS MarkSweep' had collection(s): count=1 time=484ms
GC pool 'PS Scavenge' had collection(s): count=1 time=147ms
2023-06-02 20:40:41,112 [JvmPauseMonitor3] WARN  util.JvmPauseMonitor (JvmPauseMonitor.java:detectPause(124)) - JvmPauseMonitor-f3098061-e126-467d-ace5-c417dde623cb: Detected pause in JVM or host machine approximately 0.447s with 0.631s GC time.
GC pool 'PS MarkSweep' had collection(s): count=1 time=484ms
GC pool 'PS Scavenge' had collection(s): count=1 time=147ms
2023-06-02 20:40:41,112 [JvmPauseMonitor6] WARN  util.JvmPauseMonitor (JvmPauseMonitor.java:detectPause(124)) - JvmPauseMonitor-0ec547f6-a501-4372-afcf-7dbe5c08d569: Detected pause in JVM or host machine approximately 0.447s with 0.631s GC time.
GC pool 'PS MarkSweep' had collection(s): count=1 time=484ms
GC pool 'PS Scavenge' had collection(s): count=1 time=147ms
2023-06-02 20:40:41,112 [JvmPauseMonitor5] WARN  util.JvmPauseMonitor (JvmPauseMonitor.java:detectPause(124)) - JvmPauseMonitor-4daf1ed2-e43c-4bda-878b-63f1449da6f8: Detected pause in JVM or host machine approximately 0.447s with 0.631s GC time.
GC pool 'PS MarkSweep' had collection(s): count=1 time=484ms
GC pool 'PS Scavenge' had collection(s): count=1 time=147ms
2023-06-02 20:40:41,112 [JvmPauseMonitor11] WARN  util.JvmPauseMonitor (JvmPauseMonitor.java:detectPause(124)) - JvmPauseMonitor-c911a996-2ad9-4932-9a2b-dd3b110c7bbf: Detected pause in JVM or host machine approximately 0.447s with 0.631s GC time.
GC pool 'PS MarkSweep' had collection(s): count=1 time=484ms
GC pool 'PS Scavenge' had collection(s): count=1 time=147ms
2023-06-02 20:40:41,113 [JvmPauseMonitor8] WARN  util.JvmPauseMonitor (JvmPauseMonitor.java:detectPause(124)) - JvmPauseMonitor-a629a011-13a9-410c-9234-b770ba2e8ba4: Detected pause in JVM or host machine approximately 0.448s with 0.631s GC time.
GC pool 'PS MarkSweep' had collection(s): count=1 time=484ms
GC pool 'PS Scavenge' had collection(s): count=1 time=147ms
2023-06-02 20:40:41,113 [JvmPauseMonitor7] WARN  util.JvmPauseMonitor (JvmPauseMonitor.java:detectPause(124)) - JvmPauseMonitor-f5d72e8c-7c96-4354-bf1f-55d48726708b: Detected pause in JVM or host machine approximately 0.448s with 0.631s GC time.
GC pool 'PS MarkSweep' had collection(s): count=1 time=484ms
GC pool 'PS Scavenge' had collection(s): count=1 time=147ms
2023-06-02 20:40:41,113 [JvmPauseMonitor1] WARN  util.JvmPauseMonitor (JvmPauseMonitor.java:detectPause(124)) - JvmPauseMonitor-om1: Detected pause in JVM or host machine approximately 0.448s with 0.631s GC time.
GC pool 'PS MarkSweep' had collection(s): count=1 time=484ms
GC pool 'PS Scavenge' had collection(s): count=1 time=147ms
2023-06-02 20:40:41,113 [JvmPauseMonitor9] WARN  util.JvmPauseMonitor (JvmPauseMonitor.java:detectPause(124)) - JvmPauseMonitor-c30a36da-1763-463f-9370-bf353ef860b0: Detected pause in JVM or host machine approximately 0.449s with 0.631s GC time.
GC pool 'PS MarkSweep' had collection(s): count=1 time=484ms
GC pool 'PS Scavenge' had collection(s): count=1 time=147ms
2023-06-02 20:40:41,113 [JvmPauseMonitor2] WARN  util.JvmPauseMonitor (JvmPauseMonitor.java:detectPause(124)) - JvmPauseMonitor-559beb36-7c11-4841-9a8b-e14375a607db: Detected pause in JVM or host machine approximately 0.449s with 0.631s GC time.
GC pool 'PS MarkSweep' had collection(s): count=1 time=484ms
GC pool 'PS Scavenge' had collection(s): count=1 time=147ms
2023-06-02 20:40:41,114 [JvmPauseMonitor4] WARN  util.JvmPauseMonitor (JvmPauseMonitor.java:detectPause(124)) - JvmPauseMonitor-501c2811-31b4-4cb7-a883-304e4eecc84c: Detected pause in JVM or host machine approximately 0.451s with 0.631s GC time.
GC pool 'PS MarkSweep' had collection(s): count=1 time=484ms
GC pool 'PS Scavenge' had collection(s): count=1 time=147ms
2023-06-02 20:40:41,114 [JvmPauseMonitor0] WARN  util.JvmPauseMonitor (JvmPauseMonitor.java:detectPause(124)) - JvmPauseMonitor-8b785c12-0397-4459-b64e-acf15c75f203: Detected pause in JVM or host machine approximately 0.452s with 0.631s GC time.
GC pool 'PS MarkSweep' had collection(s): count=1 time=484ms
GC pool 'PS Scavenge' had collection(s): count=1 time=147ms
2023-06-02 20:40:41,114 [JvmPauseMonitor13] WARN  util.JvmPauseMonitor (JvmPauseMonitor.java:detectPause(124)) - JvmPauseMonitor-de3fb769-0102-4a69-91ff-1ba1954f3f02: Detected pause in JVM or host machine approximately 0.452s with 0.631s GC time.
GC pool 'PS MarkSweep' had collection(s): count=1 time=484ms
GC pool 'PS Scavenge' had collection(s): count=1 time=147ms
2023-06-02 20:40:41,114 [JvmPauseMonitor12] WARN  util.JvmPauseMonitor (JvmPauseMonitor.java:detectPause(124)) - JvmPauseMonitor-c0b96ab7-4e07-4f66-b608-d68f56bbc6df: Detected pause in JVM or host machine approximately 0.452s with 0.631s GC time.
GC pool 'PS MarkSweep' had collection(s): count=1 time=484ms
GC pool 'PS Scavenge' had collection(s): count=1 time=147ms
2023-06-02 20:40:41,114 [JvmPauseMonitor14] WARN  util.JvmPauseMonitor (JvmPauseMonitor.java:detectPause(124)) - JvmPauseMonitor-8f90378c-2071-462d-9a04-80510992f21c: Detected pause in JVM or host machine approximately 0.452s with 0.631s GC time.
GC pool 'PS MarkSweep' had collection(s): count=1 time=484ms
GC pool 'PS Scavenge' had collection(s): count=1 time=147ms
2023-06-02 20:40:41,114 [JvmPauseMonitor15] WARN  util.JvmPauseMonitor (JvmPauseMonitor.java:detectPause(124)) - JvmPauseMonitor-e2046f02-5b0f-4721-8967-351bc4e74694: Detected pause in JVM or host machine approximately 0.452s with 0.631s GC time.
GC pool 'PS MarkSweep' had collection(s): count=1 time=484ms
GC pool 'PS Scavenge' had collection(s): count=1 time=147ms
2023-06-02 20:40:41,125 [4daf1ed2-e43c-4bda-878b-63f1449da6f8@group-E31964065D3F-LeaderElection12] INFO  server.RaftServerConfigKeys (ConfUtils.java:logFallback(53)) - raft.server.rpc.first-election.timeout.min = 5s (fallback to raft.server.rpc.timeout.min)
2023-06-02 20:40:41,125 [4daf1ed2-e43c-4bda-878b-63f1449da6f8@group-E31964065D3F-LeaderElection12] INFO  server.RaftServerConfigKeys (ConfUtils.java:logFallback(53)) - raft.server.rpc.first-election.timeout.max = 5200ms (fallback to raft.server.rpc.timeout.max)
2023-06-02 20:40:41,127 [0ec547f6-a501-4372-afcf-7dbe5c08d569@group-E31964065D3F-FollowerState] INFO  impl.FollowerState (FollowerState.java:run(143)) - 0ec547f6-a501-4372-afcf-7dbe5c08d569@group-E31964065D3F-FollowerState: change to CANDIDATE, lastRpcElapsedTime:5343575757ns, electionTimeout:5064ms
2023-06-02 20:40:41,127 [0ec547f6-a501-4372-afcf-7dbe5c08d569@group-E31964065D3F-FollowerState] INFO  impl.RoleInfo (RoleInfo.java:shutdownFollowerState(110)) - 0ec547f6-a501-4372-afcf-7dbe5c08d569: shutdown 0ec547f6-a501-4372-afcf-7dbe5c08d569@group-E31964065D3F-FollowerState
2023-06-02 20:40:41,127 [0ec547f6-a501-4372-afcf-7dbe5c08d569@group-E31964065D3F-FollowerState] INFO  server.RaftServer$Division (RaftServerImpl.java:setRole(329)) - 0ec547f6-a501-4372-afcf-7dbe5c08d569@group-E31964065D3F: changes role from  FOLLOWER to CANDIDATE at term 0 for changeToCandidate
2023-06-02 20:40:41,127 [0ec547f6-a501-4372-afcf-7dbe5c08d569@group-E31964065D3F-FollowerState] INFO  server.RaftServerConfigKeys (ConfUtils.java:logGet(46)) - raft.server.leaderelection.pre-vote = true (default)
2023-06-02 20:40:41,127 [0ec547f6-a501-4372-afcf-7dbe5c08d569@group-E31964065D3F-FollowerState] INFO  impl.RoleInfo (RoleInfo.java:updateAndGet(139)) - 0ec547f6-a501-4372-afcf-7dbe5c08d569: start 0ec547f6-a501-4372-afcf-7dbe5c08d569@group-E31964065D3F-LeaderElection13
2023-06-02 20:40:41,133 [f5d72e8c-7c96-4354-bf1f-55d48726708b@group-E31964065D3F-FollowerState] INFO  impl.FollowerState (FollowerState.java:run(143)) - f5d72e8c-7c96-4354-bf1f-55d48726708b@group-E31964065D3F-FollowerState: change to CANDIDATE, lastRpcElapsedTime:5387723440ns, electionTimeout:5104ms
2023-06-02 20:40:41,134 [f5d72e8c-7c96-4354-bf1f-55d48726708b@group-CB36F2D09563-FollowerState] INFO  impl.FollowerState (FollowerState.java:run(143)) - f5d72e8c-7c96-4354-bf1f-55d48726708b@group-CB36F2D09563-FollowerState: change to CANDIDATE, lastRpcElapsedTime:5275570234ns, electionTimeout:5034ms
2023-06-02 20:40:41,140 [grpc-default-executor-4] INFO  server.RaftServer$Division (RaftServerImpl.java:requestVote(1302)) - f5d72e8c-7c96-4354-bf1f-55d48726708b@group-E31964065D3F: receive requestVote(PRE_VOTE, 4daf1ed2-e43c-4bda-878b-63f1449da6f8, group-E31964065D3F, 0, (t:0, i:0))
2023-06-02 20:40:41,144 [0ec547f6-a501-4372-afcf-7dbe5c08d569@group-E31964065D3F-LeaderElection13] INFO  impl.LeaderElection (LeaderElection.java:askForVotes(321)) - 0ec547f6-a501-4372-afcf-7dbe5c08d569@group-E31964065D3F-LeaderElection13 PRE_VOTE round 0: submit vote requests at term 0 for -1: peers:[f5d72e8c-7c96-4354-bf1f-55d48726708b|rpc:10.1.0.31:15059|admin:10.1.0.31:15058|client:10.1.0.31:15057|dataStream:10.1.0.31:15060|priority:0|startupRole:FOLLOWER, 4daf1ed2-e43c-4bda-878b-63f1449da6f8|rpc:10.1.0.31:15041|admin:10.1.0.31:15040|client:10.1.0.31:15039|dataStream:10.1.0.31:15042|priority:1|startupRole:FOLLOWER, 0ec547f6-a501-4372-afcf-7dbe5c08d569|rpc:10.1.0.31:15050|admin:10.1.0.31:15049|client:10.1.0.31:15048|dataStream:10.1.0.31:15051|priority:0|startupRole:FOLLOWER]|listeners:[], old=null
2023-06-02 20:40:41,145 [f5d72e8c-7c96-4354-bf1f-55d48726708b@group-CB36F2D09563-FollowerState] INFO  impl.RoleInfo (RoleInfo.java:shutdownFollowerState(110)) - f5d72e8c-7c96-4354-bf1f-55d48726708b: shutdown f5d72e8c-7c96-4354-bf1f-55d48726708b@group-CB36F2D09563-FollowerState
2023-06-02 20:40:41,146 [f5d72e8c-7c96-4354-bf1f-55d48726708b@group-CB36F2D09563-FollowerState] INFO  server.RaftServer$Division (RaftServerImpl.java:setRole(329)) - f5d72e8c-7c96-4354-bf1f-55d48726708b@group-CB36F2D09563: changes role from  FOLLOWER to CANDIDATE at term 0 for changeToCandidate
2023-06-02 20:40:41,146 [f5d72e8c-7c96-4354-bf1f-55d48726708b@group-CB36F2D09563-FollowerState] INFO  server.RaftServerConfigKeys (ConfUtils.java:logGet(46)) - raft.server.leaderelection.pre-vote = true (default)
2023-06-02 20:40:41,146 [f5d72e8c-7c96-4354-bf1f-55d48726708b@group-CB36F2D09563-FollowerState] INFO  impl.RoleInfo (RoleInfo.java:updateAndGet(139)) - f5d72e8c-7c96-4354-bf1f-55d48726708b: start f5d72e8c-7c96-4354-bf1f-55d48726708b@group-CB36F2D09563-LeaderElection14
2023-06-02 20:40:41,151 [f5d72e8c-7c96-4354-bf1f-55d48726708b@group-E31964065D3F-FollowerState] INFO  impl.RoleInfo (RoleInfo.java:shutdownFollowerState(110)) - f5d72e8c-7c96-4354-bf1f-55d48726708b: shutdown f5d72e8c-7c96-4354-bf1f-55d48726708b@group-E31964065D3F-FollowerState
2023-06-02 20:40:41,151 [f5d72e8c-7c96-4354-bf1f-55d48726708b@group-E31964065D3F-FollowerState] INFO  server.RaftServer$Division (RaftServerImpl.java:setRole(329)) - f5d72e8c-7c96-4354-bf1f-55d48726708b@group-E31964065D3F: changes role from  FOLLOWER to CANDIDATE at term 0 for changeToCandidate
2023-06-02 20:40:41,151 [f5d72e8c-7c96-4354-bf1f-55d48726708b@group-E31964065D3F-FollowerState] INFO  server.RaftServerConfigKeys (ConfUtils.java:logGet(46)) - raft.server.leaderelection.pre-vote = true (default)
2023-06-02 20:40:41,151 [f5d72e8c-7c96-4354-bf1f-55d48726708b@group-E31964065D3F-FollowerState] INFO  impl.RoleInfo (RoleInfo.java:updateAndGet(139)) - f5d72e8c-7c96-4354-bf1f-55d48726708b: start f5d72e8c-7c96-4354-bf1f-55d48726708b@group-E31964065D3F-LeaderElection15
2023-06-02 20:40:41,152 [grpc-default-executor-4] INFO  impl.VoteContext (VoteContext.java:log(49)) - f5d72e8c-7c96-4354-bf1f-55d48726708b@group-E31964065D3F-CANDIDATE: accept PRE_VOTE from 4daf1ed2-e43c-4bda-878b-63f1449da6f8: our priority 0 <= candidate's priority 1
2023-06-02 20:40:41,152 [grpc-default-executor-4] INFO  server.RaftServer$Division (RaftServerImpl.java:requestVote(1335)) - f5d72e8c-7c96-4354-bf1f-55d48726708b@group-E31964065D3F replies to PRE_VOTE vote request: 4daf1ed2-e43c-4bda-878b-63f1449da6f8<-f5d72e8c-7c96-4354-bf1f-55d48726708b#0:OK-t0. Peer's state: f5d72e8c-7c96-4354-bf1f-55d48726708b@group-E31964065D3F:t0, leader=null, voted=, raftlog=Memoized:f5d72e8c-7c96-4354-bf1f-55d48726708b@group-E31964065D3F-SegmentedRaftLog:OPENED:c-1, conf=-1: peers:[f5d72e8c-7c96-4354-bf1f-55d48726708b|rpc:10.1.0.31:15059|admin:10.1.0.31:15058|client:10.1.0.31:15057|dataStream:10.1.0.31:15060|priority:0|startupRole:FOLLOWER, 4daf1ed2-e43c-4bda-878b-63f1449da6f8|rpc:10.1.0.31:15041|admin:10.1.0.31:15040|client:10.1.0.31:15039|dataStream:10.1.0.31:15042|priority:1|startupRole:FOLLOWER, 0ec547f6-a501-4372-afcf-7dbe5c08d569|rpc:10.1.0.31:15050|admin:10.1.0.31:15049|client:10.1.0.31:15048|dataStream:10.1.0.31:15051|priority:0|startupRole:FOLLOWER]|listeners:[], old=null
2023-06-02 20:40:41,152 [f5d72e8c-7c96-4354-bf1f-55d48726708b@group-E31964065D3F-LeaderElection15] INFO  impl.LeaderElection (LeaderElection.java:askForVotes(321)) - f5d72e8c-7c96-4354-bf1f-55d48726708b@group-E31964065D3F-LeaderElection15 PRE_VOTE round 0: submit vote requests at term 0 for -1: peers:[f5d72e8c-7c96-4354-bf1f-55d48726708b|rpc:10.1.0.31:15059|admin:10.1.0.31:15058|client:10.1.0.31:15057|dataStream:10.1.0.31:15060|priority:0|startupRole:FOLLOWER, 4daf1ed2-e43c-4bda-878b-63f1449da6f8|rpc:10.1.0.31:15041|admin:10.1.0.31:15040|client:10.1.0.31:15039|dataStream:10.1.0.31:15042|priority:1|startupRole:FOLLOWER, 0ec547f6-a501-4372-afcf-7dbe5c08d569|rpc:10.1.0.31:15050|admin:10.1.0.31:15049|client:10.1.0.31:15048|dataStream:10.1.0.31:15051|priority:0|startupRole:FOLLOWER]|listeners:[], old=null
2023-06-02 20:40:41,153 [f5d72e8c-7c96-4354-bf1f-55d48726708b@group-E31964065D3F-LeaderElection15-1] INFO  server.GrpcServerProtocolClient (GrpcServerProtocolClient.java:<init>(65)) - Build channel for 4daf1ed2-e43c-4bda-878b-63f1449da6f8
2023-06-02 20:40:41,157 [f5d72e8c-7c96-4354-bf1f-55d48726708b@group-E31964065D3F-LeaderElection15] INFO  server.RaftServerConfigKeys (ConfUtils.java:logFallback(53)) - raft.server.rpc.first-election.timeout.min = 5s (fallback to raft.server.rpc.timeout.min)
2023-06-02 20:40:41,157 [f5d72e8c-7c96-4354-bf1f-55d48726708b@group-E31964065D3F-LeaderElection15] INFO  server.RaftServerConfigKeys (ConfUtils.java:logFallback(53)) - raft.server.rpc.first-election.timeout.max = 5200ms (fallback to raft.server.rpc.timeout.max)
2023-06-02 20:40:41,166 [f5d72e8c-7c96-4354-bf1f-55d48726708b@group-CB36F2D09563-LeaderElection14] INFO  impl.LeaderElection (LeaderElection.java:askForVotes(321)) - f5d72e8c-7c96-4354-bf1f-55d48726708b@group-CB36F2D09563-LeaderElection14 PRE_VOTE round 0: submit vote requests at term 0 for -1: peers:[f5d72e8c-7c96-4354-bf1f-55d48726708b|rpc:10.1.0.31:15059|admin:10.1.0.31:15058|client:10.1.0.31:15057|dataStream:10.1.0.31:15060|priority:1|startupRole:FOLLOWER]|listeners:[], old=null
2023-06-02 20:40:41,166 [f5d72e8c-7c96-4354-bf1f-55d48726708b@group-CB36F2D09563-LeaderElection14] INFO  impl.LeaderElection (LeaderElection.java:askForVotes(323)) - f5d72e8c-7c96-4354-bf1f-55d48726708b@group-CB36F2D09563-LeaderElection14 PRE_VOTE round 0: result PASSED (term=0)
2023-06-02 20:40:41,167 [0ec547f6-a501-4372-afcf-7dbe5c08d569@group-E31964065D3F-LeaderElection13] INFO  server.RaftServerConfigKeys (ConfUtils.java:logFallback(53)) - raft.server.rpc.first-election.timeout.min = 5s (fallback to raft.server.rpc.timeout.min)
2023-06-02 20:40:41,167 [0ec547f6-a501-4372-afcf-7dbe5c08d569@group-E31964065D3F-LeaderElection13] INFO  server.RaftServerConfigKeys (ConfUtils.java:logFallback(53)) - raft.server.rpc.first-election.timeout.max = 5200ms (fallback to raft.server.rpc.timeout.max)
2023-06-02 20:40:41,168 [f5d72e8c-7c96-4354-bf1f-55d48726708b@group-E31964065D3F-LeaderElection15-2] INFO  server.GrpcServerProtocolClient (GrpcServerProtocolClient.java:<init>(65)) - Build channel for 0ec547f6-a501-4372-afcf-7dbe5c08d569
2023-06-02 20:40:41,175 [4daf1ed2-e43c-4bda-878b-63f1449da6f8@group-E31964065D3F-LeaderElection12] INFO  impl.LeaderElection (LeaderElection.java:logAndReturn(90)) - 4daf1ed2-e43c-4bda-878b-63f1449da6f8@group-E31964065D3F-LeaderElection12: PRE_VOTE PASSED received 1 response(s) and 0 exception(s):
2023-06-02 20:40:41,175 [4daf1ed2-e43c-4bda-878b-63f1449da6f8@group-E31964065D3F-LeaderElection12] INFO  impl.LeaderElection (LeaderElection.java:logAndReturn(94)) -   Response 0: 4daf1ed2-e43c-4bda-878b-63f1449da6f8<-f5d72e8c-7c96-4354-bf1f-55d48726708b#0:OK-t0
2023-06-02 20:40:41,175 [4daf1ed2-e43c-4bda-878b-63f1449da6f8@group-E31964065D3F-LeaderElection12] INFO  impl.LeaderElection (LeaderElection.java:askForVotes(323)) - 4daf1ed2-e43c-4bda-878b-63f1449da6f8@group-E31964065D3F-LeaderElection12 PRE_VOTE round 0: result PASSED
2023-06-02 20:40:41,181 [4daf1ed2-e43c-4bda-878b-63f1449da6f8@group-E31964065D3F-LeaderElection12] INFO  impl.LeaderElection (LeaderElection.java:askForVotes(321)) - 4daf1ed2-e43c-4bda-878b-63f1449da6f8@group-E31964065D3F-LeaderElection12 ELECTION round 0: submit vote requests at term 1 for -1: peers:[f5d72e8c-7c96-4354-bf1f-55d48726708b|rpc:10.1.0.31:15059|admin:10.1.0.31:15058|client:10.1.0.31:15057|dataStream:10.1.0.31:15060|priority:0|startupRole:FOLLOWER, 4daf1ed2-e43c-4bda-878b-63f1449da6f8|rpc:10.1.0.31:15041|admin:10.1.0.31:15040|client:10.1.0.31:15039|dataStream:10.1.0.31:15042|priority:1|startupRole:FOLLOWER, 0ec547f6-a501-4372-afcf-7dbe5c08d569|rpc:10.1.0.31:15050|admin:10.1.0.31:15049|client:10.1.0.31:15048|dataStream:10.1.0.31:15051|priority:0|startupRole:FOLLOWER]|listeners:[], old=null
2023-06-02 20:40:41,181 [f5d72e8c-7c96-4354-bf1f-55d48726708b@group-CB36F2D09563-LeaderElection14] INFO  impl.LeaderElection (LeaderElection.java:askForVotes(321)) - f5d72e8c-7c96-4354-bf1f-55d48726708b@group-CB36F2D09563-LeaderElection14 ELECTION round 0: submit vote requests at term 1 for -1: peers:[f5d72e8c-7c96-4354-bf1f-55d48726708b|rpc:10.1.0.31:15059|admin:10.1.0.31:15058|client:10.1.0.31:15057|dataStream:10.1.0.31:15060|priority:1|startupRole:FOLLOWER]|listeners:[], old=null
2023-06-02 20:40:41,181 [f5d72e8c-7c96-4354-bf1f-55d48726708b@group-CB36F2D09563-LeaderElection14] INFO  impl.LeaderElection (LeaderElection.java:askForVotes(323)) - f5d72e8c-7c96-4354-bf1f-55d48726708b@group-CB36F2D09563-LeaderElection14 ELECTION round 0: result PASSED (term=1)
2023-06-02 20:40:41,181 [f5d72e8c-7c96-4354-bf1f-55d48726708b@group-CB36F2D09563-LeaderElection14] INFO  impl.RoleInfo (RoleInfo.java:shutdownLeaderElection(130)) - f5d72e8c-7c96-4354-bf1f-55d48726708b: shutdown f5d72e8c-7c96-4354-bf1f-55d48726708b@group-CB36F2D09563-LeaderElection14
2023-06-02 20:40:41,181 [f5d72e8c-7c96-4354-bf1f-55d48726708b@group-CB36F2D09563-LeaderElection14] INFO  server.RaftServer$Division (RaftServerImpl.java:setRole(329)) - f5d72e8c-7c96-4354-bf1f-55d48726708b@group-CB36F2D09563: changes role from CANDIDATE to LEADER at term 1 for changeToLeader
2023-06-02 20:40:41,181 [f5d72e8c-7c96-4354-bf1f-55d48726708b@group-CB36F2D09563-LeaderElection14] INFO  ratis.XceiverServerRatis (XceiverServerRatis.java:handleLeaderChangedNotification(902)) - Leader change notification received for group: group-CB36F2D09563 with new leaderId: f5d72e8c-7c96-4354-bf1f-55d48726708b
2023-06-02 20:40:41,182 [4daf1ed2-e43c-4bda-878b-63f1449da6f8@group-E31964065D3F-LeaderElection12] INFO  server.RaftServerConfigKeys (ConfUtils.java:logFallback(53)) - raft.server.rpc.first-election.timeout.min = 5s (fallback to raft.server.rpc.timeout.min)
2023-06-02 20:40:41,182 [4daf1ed2-e43c-4bda-878b-63f1449da6f8@group-E31964065D3F-LeaderElection12] INFO  server.RaftServerConfigKeys (ConfUtils.java:logFallback(53)) - raft.server.rpc.first-election.timeout.max = 5200ms (fallback to raft.server.rpc.timeout.max)
2023-06-02 20:40:41,183 [f5d72e8c-7c96-4354-bf1f-55d48726708b@group-CB36F2D09563-LeaderElection14] INFO  server.RaftServer$Division (ServerState.java:setLeader(317)) - f5d72e8c-7c96-4354-bf1f-55d48726708b@group-CB36F2D09563: change Leader from null to f5d72e8c-7c96-4354-bf1f-55d48726708b at term 1 for becomeLeader, leader elected after 5375ms
2023-06-02 20:40:41,186 [grpc-default-executor-5] INFO  server.RaftServer$Division (RaftServerImpl.java:requestVote(1302)) - 0ec547f6-a501-4372-afcf-7dbe5c08d569@group-E31964065D3F: receive requestVote(PRE_VOTE, 4daf1ed2-e43c-4bda-878b-63f1449da6f8, group-E31964065D3F, 0, (t:0, i:0))
2023-06-02 20:40:41,186 [grpc-default-executor-5] INFO  impl.VoteContext (VoteContext.java:log(49)) - 0ec547f6-a501-4372-afcf-7dbe5c08d569@group-E31964065D3F-CANDIDATE: accept PRE_VOTE from 4daf1ed2-e43c-4bda-878b-63f1449da6f8: our priority 0 <= candidate's priority 1
2023-06-02 20:40:41,186 [grpc-default-executor-5] INFO  server.RaftServer$Division (RaftServerImpl.java:requestVote(1335)) - 0ec547f6-a501-4372-afcf-7dbe5c08d569@group-E31964065D3F replies to PRE_VOTE vote request: 4daf1ed2-e43c-4bda-878b-63f1449da6f8<-0ec547f6-a501-4372-afcf-7dbe5c08d569#0:OK-t0. Peer's state: 0ec547f6-a501-4372-afcf-7dbe5c08d569@group-E31964065D3F:t0, leader=null, voted=, raftlog=Memoized:0ec547f6-a501-4372-afcf-7dbe5c08d569@group-E31964065D3F-SegmentedRaftLog:OPENED:c-1, conf=-1: peers:[f5d72e8c-7c96-4354-bf1f-55d48726708b|rpc:10.1.0.31:15059|admin:10.1.0.31:15058|client:10.1.0.31:15057|dataStream:10.1.0.31:15060|priority:0|startupRole:FOLLOWER, 4daf1ed2-e43c-4bda-878b-63f1449da6f8|rpc:10.1.0.31:15041|admin:10.1.0.31:15040|client:10.1.0.31:15039|dataStream:10.1.0.31:15042|priority:1|startupRole:FOLLOWER, 0ec547f6-a501-4372-afcf-7dbe5c08d569|rpc:10.1.0.31:15050|admin:10.1.0.31:15049|client:10.1.0.31:15048|dataStream:10.1.0.31:15051|priority:0|startupRole:FOLLOWER]|listeners:[], old=null
2023-06-02 20:40:41,187 [grpc-default-executor-5] INFO  server.RaftServer$Division (RaftServerImpl.java:requestVote(1302)) - 4daf1ed2-e43c-4bda-878b-63f1449da6f8@group-E31964065D3F: receive requestVote(PRE_VOTE, 0ec547f6-a501-4372-afcf-7dbe5c08d569, group-E31964065D3F, 0, (t:0, i:0))
2023-06-02 20:40:41,187 [grpc-default-executor-5] INFO  impl.VoteContext (VoteContext.java:log(49)) - 4daf1ed2-e43c-4bda-878b-63f1449da6f8@group-E31964065D3F-CANDIDATE: reject PRE_VOTE from 0ec547f6-a501-4372-afcf-7dbe5c08d569: our priority 1 > candidate's priority 0
2023-06-02 20:40:41,187 [grpc-default-executor-5] INFO  server.RaftServer$Division (RaftServerImpl.java:requestVote(1335)) - 4daf1ed2-e43c-4bda-878b-63f1449da6f8@group-E31964065D3F replies to PRE_VOTE vote request: 0ec547f6-a501-4372-afcf-7dbe5c08d569<-4daf1ed2-e43c-4bda-878b-63f1449da6f8#0:FAIL-t1. Peer's state: 4daf1ed2-e43c-4bda-878b-63f1449da6f8@group-E31964065D3F:t1, leader=null, voted=4daf1ed2-e43c-4bda-878b-63f1449da6f8, raftlog=Memoized:4daf1ed2-e43c-4bda-878b-63f1449da6f8@group-E31964065D3F-SegmentedRaftLog:OPENED:c-1, conf=-1: peers:[f5d72e8c-7c96-4354-bf1f-55d48726708b|rpc:10.1.0.31:15059|admin:10.1.0.31:15058|client:10.1.0.31:15057|dataStream:10.1.0.31:15060|priority:0|startupRole:FOLLOWER, 4daf1ed2-e43c-4bda-878b-63f1449da6f8|rpc:10.1.0.31:15041|admin:10.1.0.31:15040|client:10.1.0.31:15039|dataStream:10.1.0.31:15042|priority:1|startupRole:FOLLOWER, 0ec547f6-a501-4372-afcf-7dbe5c08d569|rpc:10.1.0.31:15050|admin:10.1.0.31:15049|client:10.1.0.31:15048|dataStream:10.1.0.31:15051|priority:0|startupRole:FOLLOWER]|listeners:[], old=null
2023-06-02 20:40:41,187 [grpc-default-executor-4] INFO  server.RaftServer$Division (RaftServerImpl.java:requestVote(1302)) - f5d72e8c-7c96-4354-bf1f-55d48726708b@group-E31964065D3F: receive requestVote(PRE_VOTE, 0ec547f6-a501-4372-afcf-7dbe5c08d569, group-E31964065D3F, 0, (t:0, i:0))
2023-06-02 20:40:41,188 [grpc-default-executor-4] INFO  impl.VoteContext (VoteContext.java:log(49)) - f5d72e8c-7c96-4354-bf1f-55d48726708b@group-E31964065D3F-CANDIDATE: accept PRE_VOTE from 0ec547f6-a501-4372-afcf-7dbe5c08d569: our priority 0 <= candidate's priority 0
2023-06-02 20:40:41,188 [grpc-default-executor-4] INFO  server.RaftServer$Division (RaftServerImpl.java:requestVote(1335)) - f5d72e8c-7c96-4354-bf1f-55d48726708b@group-E31964065D3F replies to PRE_VOTE vote request: 0ec547f6-a501-4372-afcf-7dbe5c08d569<-f5d72e8c-7c96-4354-bf1f-55d48726708b#0:OK-t0. Peer's state: f5d72e8c-7c96-4354-bf1f-55d48726708b@group-E31964065D3F:t0, leader=null, voted=, raftlog=Memoized:f5d72e8c-7c96-4354-bf1f-55d48726708b@group-E31964065D3F-SegmentedRaftLog:OPENED:c-1, conf=-1: peers:[f5d72e8c-7c96-4354-bf1f-55d48726708b|rpc:10.1.0.31:15059|admin:10.1.0.31:15058|client:10.1.0.31:15057|dataStream:10.1.0.31:15060|priority:0|startupRole:FOLLOWER, 4daf1ed2-e43c-4bda-878b-63f1449da6f8|rpc:10.1.0.31:15041|admin:10.1.0.31:15040|client:10.1.0.31:15039|dataStream:10.1.0.31:15042|priority:1|startupRole:FOLLOWER, 0ec547f6-a501-4372-afcf-7dbe5c08d569|rpc:10.1.0.31:15050|admin:10.1.0.31:15049|client:10.1.0.31:15048|dataStream:10.1.0.31:15051|priority:0|startupRole:FOLLOWER]|listeners:[], old=null
2023-06-02 20:40:41,188 [grpc-default-executor-4] INFO  server.RaftServer$Division (RaftServerImpl.java:requestVote(1302)) - f5d72e8c-7c96-4354-bf1f-55d48726708b@group-E31964065D3F: receive requestVote(ELECTION, 4daf1ed2-e43c-4bda-878b-63f1449da6f8, group-E31964065D3F, 1, (t:0, i:0))
2023-06-02 20:40:41,188 [grpc-default-executor-4] INFO  impl.VoteContext (VoteContext.java:log(49)) - f5d72e8c-7c96-4354-bf1f-55d48726708b@group-E31964065D3F-CANDIDATE: accept ELECTION from 4daf1ed2-e43c-4bda-878b-63f1449da6f8: our priority 0 <= candidate's priority 1
2023-06-02 20:40:41,188 [grpc-default-executor-4] INFO  server.RaftServer$Division (RaftServerImpl.java:setRole(329)) - f5d72e8c-7c96-4354-bf1f-55d48726708b@group-E31964065D3F: changes role from CANDIDATE to FOLLOWER at term 1 for candidate:4daf1ed2-e43c-4bda-878b-63f1449da6f8
2023-06-02 20:40:41,188 [grpc-default-executor-4] INFO  impl.RoleInfo (RoleInfo.java:shutdownLeaderElection(130)) - f5d72e8c-7c96-4354-bf1f-55d48726708b: shutdown f5d72e8c-7c96-4354-bf1f-55d48726708b@group-E31964065D3F-LeaderElection15
2023-06-02 20:40:41,188 [grpc-default-executor-4] INFO  impl.RoleInfo (RoleInfo.java:updateAndGet(139)) - f5d72e8c-7c96-4354-bf1f-55d48726708b: start f5d72e8c-7c96-4354-bf1f-55d48726708b@group-E31964065D3F-FollowerState
2023-06-02 20:40:41,190 [f5d72e8c-7c96-4354-bf1f-55d48726708b@group-CB36F2D09563-LeaderElection14] INFO  server.RaftServerConfigKeys (ConfUtils.java:logGet(46)) - raft.server.staging.catchup.gap = 1000 (default)
2023-06-02 20:40:41,190 [grpc-default-executor-5] INFO  server.RaftServer$Division (RaftServerImpl.java:requestVote(1302)) - 0ec547f6-a501-4372-afcf-7dbe5c08d569@group-E31964065D3F: receive requestVote(ELECTION, 4daf1ed2-e43c-4bda-878b-63f1449da6f8, group-E31964065D3F, 1, (t:0, i:0))
2023-06-02 20:40:41,190 [0ec547f6-a501-4372-afcf-7dbe5c08d569@group-E31964065D3F-LeaderElection13] INFO  impl.LeaderElection (LeaderElection.java:logAndReturn(90)) - 0ec547f6-a501-4372-afcf-7dbe5c08d569@group-E31964065D3F-LeaderElection13: PRE_VOTE DISCOVERED_A_NEW_TERM (term=1) received 1 response(s) and 0 exception(s):
2023-06-02 20:40:41,190 [grpc-default-executor-5] INFO  impl.VoteContext (VoteContext.java:log(49)) - 0ec547f6-a501-4372-afcf-7dbe5c08d569@group-E31964065D3F-CANDIDATE: accept ELECTION from 4daf1ed2-e43c-4bda-878b-63f1449da6f8: our priority 0 <= candidate's priority 1
2023-06-02 20:40:41,191 [grpc-default-executor-5] INFO  server.RaftServer$Division (RaftServerImpl.java:setRole(329)) - 0ec547f6-a501-4372-afcf-7dbe5c08d569@group-E31964065D3F: changes role from CANDIDATE to FOLLOWER at term 1 for candidate:4daf1ed2-e43c-4bda-878b-63f1449da6f8
2023-06-02 20:40:41,191 [grpc-default-executor-5] INFO  impl.RoleInfo (RoleInfo.java:shutdownLeaderElection(130)) - 0ec547f6-a501-4372-afcf-7dbe5c08d569: shutdown 0ec547f6-a501-4372-afcf-7dbe5c08d569@group-E31964065D3F-LeaderElection13
2023-06-02 20:40:41,190 [0ec547f6-a501-4372-afcf-7dbe5c08d569@group-E31964065D3F-LeaderElection13] INFO  impl.LeaderElection (LeaderElection.java:logAndReturn(94)) -   Response 0: 0ec547f6-a501-4372-afcf-7dbe5c08d569<-4daf1ed2-e43c-4bda-878b-63f1449da6f8#0:FAIL-t1
2023-06-02 20:40:41,199 [0ec547f6-a501-4372-afcf-7dbe5c08d569@group-E31964065D3F-LeaderElection13] INFO  impl.LeaderElection (LeaderElection.java:askForVotes(323)) - 0ec547f6-a501-4372-afcf-7dbe5c08d569@group-E31964065D3F-LeaderElection13 PRE_VOTE round 0: result DISCOVERED_A_NEW_TERM (term=1)
2023-06-02 20:40:41,198 [f5d72e8c-7c96-4354-bf1f-55d48726708b@group-CB36F2D09563-LeaderElection14] INFO  server.RaftServerConfigKeys (ConfUtils.java:logGet(46)) - raft.server.write.element-limit = 1024 (custom)
2023-06-02 20:40:41,197 [grpc-default-executor-4] INFO  server.RaftServer$Division (RaftServerImpl.java:requestVote(1335)) - f5d72e8c-7c96-4354-bf1f-55d48726708b@group-E31964065D3F replies to ELECTION vote request: 4daf1ed2-e43c-4bda-878b-63f1449da6f8<-f5d72e8c-7c96-4354-bf1f-55d48726708b#0:OK-t1. Peer's state: f5d72e8c-7c96-4354-bf1f-55d48726708b@group-E31964065D3F:t1, leader=null, voted=4daf1ed2-e43c-4bda-878b-63f1449da6f8, raftlog=Memoized:f5d72e8c-7c96-4354-bf1f-55d48726708b@group-E31964065D3F-SegmentedRaftLog:OPENED:c-1, conf=-1: peers:[f5d72e8c-7c96-4354-bf1f-55d48726708b|rpc:10.1.0.31:15059|admin:10.1.0.31:15058|client:10.1.0.31:15057|dataStream:10.1.0.31:15060|priority:0|startupRole:FOLLOWER, 4daf1ed2-e43c-4bda-878b-63f1449da6f8|rpc:10.1.0.31:15041|admin:10.1.0.31:15040|client:10.1.0.31:15039|dataStream:10.1.0.31:15042|priority:1|startupRole:FOLLOWER, 0ec547f6-a501-4372-afcf-7dbe5c08d569|rpc:10.1.0.31:15050|admin:10.1.0.31:15049|client:10.1.0.31:15048|dataStream:10.1.0.31:15051|priority:0|startupRole:FOLLOWER]|listeners:[], old=null
2023-06-02 20:40:41,197 [grpc-default-executor-3] INFO  server.RaftServer$Division (RaftServerImpl.java:requestVote(1302)) - 0ec547f6-a501-4372-afcf-7dbe5c08d569@group-E31964065D3F: receive requestVote(PRE_VOTE, f5d72e8c-7c96-4354-bf1f-55d48726708b, group-E31964065D3F, 0, (t:0, i:0))
2023-06-02 20:40:41,197 [grpc-default-executor-2] INFO  server.RaftServer$Division (RaftServerImpl.java:requestVote(1302)) - 4daf1ed2-e43c-4bda-878b-63f1449da6f8@group-E31964065D3F: receive requestVote(PRE_VOTE, f5d72e8c-7c96-4354-bf1f-55d48726708b, group-E31964065D3F, 0, (t:0, i:0))
2023-06-02 20:40:41,203 [grpc-default-executor-2] INFO  impl.VoteContext (VoteContext.java:log(49)) - 4daf1ed2-e43c-4bda-878b-63f1449da6f8@group-E31964065D3F-CANDIDATE: reject PRE_VOTE from f5d72e8c-7c96-4354-bf1f-55d48726708b: our priority 1 > candidate's priority 0
2023-06-02 20:40:41,203 [grpc-default-executor-2] INFO  server.RaftServer$Division (RaftServerImpl.java:requestVote(1335)) - 4daf1ed2-e43c-4bda-878b-63f1449da6f8@group-E31964065D3F replies to PRE_VOTE vote request: f5d72e8c-7c96-4354-bf1f-55d48726708b<-4daf1ed2-e43c-4bda-878b-63f1449da6f8#0:FAIL-t1. Peer's state: 4daf1ed2-e43c-4bda-878b-63f1449da6f8@group-E31964065D3F:t1, leader=null, voted=4daf1ed2-e43c-4bda-878b-63f1449da6f8, raftlog=Memoized:4daf1ed2-e43c-4bda-878b-63f1449da6f8@group-E31964065D3F-SegmentedRaftLog:OPENED:c-1, conf=-1: peers:[f5d72e8c-7c96-4354-bf1f-55d48726708b|rpc:10.1.0.31:15059|admin:10.1.0.31:15058|client:10.1.0.31:15057|dataStream:10.1.0.31:15060|priority:0|startupRole:FOLLOWER, 4daf1ed2-e43c-4bda-878b-63f1449da6f8|rpc:10.1.0.31:15041|admin:10.1.0.31:15040|client:10.1.0.31:15039|dataStream:10.1.0.31:15042|priority:1|startupRole:FOLLOWER, 0ec547f6-a501-4372-afcf-7dbe5c08d569|rpc:10.1.0.31:15050|admin:10.1.0.31:15049|client:10.1.0.31:15048|dataStream:10.1.0.31:15051|priority:0|startupRole:FOLLOWER]|listeners:[], old=null
2023-06-02 20:40:41,197 [grpc-default-executor-5] INFO  impl.RoleInfo (RoleInfo.java:updateAndGet(139)) - 0ec547f6-a501-4372-afcf-7dbe5c08d569: start 0ec547f6-a501-4372-afcf-7dbe5c08d569@group-E31964065D3F-FollowerState
2023-06-02 20:40:41,204 [f5d72e8c-7c96-4354-bf1f-55d48726708b@group-CB36F2D09563-LeaderElection14] INFO  server.RaftServerConfigKeys (ConfUtils.java:logGet(46)) - raft.server.write.byte-limit = 1024 M (=1073741824) (custom)
2023-06-02 20:40:41,204 [f5d72e8c-7c96-4354-bf1f-55d48726708b@group-CB36F2D09563-LeaderElection14] INFO  server.RaftServerConfigKeys (ConfUtils.java:logGet(46)) - raft.server.watch.timeout = 180s (custom)
2023-06-02 20:40:41,204 [f5d72e8c-7c96-4354-bf1f-55d48726708b@group-CB36F2D09563-LeaderElection14] INFO  server.RaftServerConfigKeys (ConfUtils.java:logGet(46)) - raft.server.watch.timeout.denomination = 1s (default)
2023-06-02 20:40:41,204 [f5d72e8c-7c96-4354-bf1f-55d48726708b@group-CB36F2D09563-LeaderElection14] INFO  server.RaftServerConfigKeys (ConfUtils.java:logGet(46)) - raft.server.watch.element-limit = 65536 (default)
2023-06-02 20:40:41,204 [f5d72e8c-7c96-4354-bf1f-55d48726708b@group-CB36F2D09563-LeaderElection14] INFO  server.RaftServerConfigKeys (ConfUtils.java:logGet(46)) - raft.server.write.element-limit = 1024 (custom)
2023-06-02 20:40:41,204 [f5d72e8c-7c96-4354-bf1f-55d48726708b@group-CB36F2D09563-LeaderElection14] INFO  server.RaftServerConfigKeys (ConfUtils.java:logGet(46)) - raft.server.write.follower.gap.ratio.max = -1.0 (default)
2023-06-02 20:40:41,204 [f5d72e8c-7c96-4354-bf1f-55d48726708b@group-CB36F2D09563-LeaderElection14] INFO  impl.RoleInfo (RoleInfo.java:updateAndGet(139)) - f5d72e8c-7c96-4354-bf1f-55d48726708b: start f5d72e8c-7c96-4354-bf1f-55d48726708b@group-CB36F2D09563-LeaderStateImpl
2023-06-02 20:40:41,205 [f5d72e8c-7c96-4354-bf1f-55d48726708b@group-CB36F2D09563-LeaderElection14] INFO  segmented.SegmentedRaftLogWorker (SegmentedRaftLogWorker.java:startLogSegment(447)) - f5d72e8c-7c96-4354-bf1f-55d48726708b@group-CB36F2D09563-SegmentedRaftLogWorker: Starting segment from index:0
2023-06-02 20:40:41,207 [4daf1ed2-e43c-4bda-878b-63f1449da6f8@group-E31964065D3F-LeaderElection12] INFO  impl.LeaderElection (LeaderElection.java:logAndReturn(90)) - 4daf1ed2-e43c-4bda-878b-63f1449da6f8@group-E31964065D3F-LeaderElection12: ELECTION PASSED received 1 response(s) and 0 exception(s):
2023-06-02 20:40:41,207 [4daf1ed2-e43c-4bda-878b-63f1449da6f8@group-E31964065D3F-LeaderElection12] INFO  impl.LeaderElection (LeaderElection.java:logAndReturn(94)) -   Response 0: 4daf1ed2-e43c-4bda-878b-63f1449da6f8<-f5d72e8c-7c96-4354-bf1f-55d48726708b#0:OK-t1
2023-06-02 20:40:41,207 [4daf1ed2-e43c-4bda-878b-63f1449da6f8@group-E31964065D3F-LeaderElection12] INFO  impl.LeaderElection (LeaderElection.java:askForVotes(323)) - 4daf1ed2-e43c-4bda-878b-63f1449da6f8@group-E31964065D3F-LeaderElection12 ELECTION round 0: result PASSED
2023-06-02 20:40:41,207 [4daf1ed2-e43c-4bda-878b-63f1449da6f8@group-E31964065D3F-LeaderElection12] INFO  impl.RoleInfo (RoleInfo.java:shutdownLeaderElection(130)) - 4daf1ed2-e43c-4bda-878b-63f1449da6f8: shutdown 4daf1ed2-e43c-4bda-878b-63f1449da6f8@group-E31964065D3F-LeaderElection12
2023-06-02 20:40:41,207 [4daf1ed2-e43c-4bda-878b-63f1449da6f8@group-E31964065D3F-LeaderElection12] INFO  server.RaftServer$Division (RaftServerImpl.java:setRole(329)) - 4daf1ed2-e43c-4bda-878b-63f1449da6f8@group-E31964065D3F: changes role from CANDIDATE to LEADER at term 1 for changeToLeader
2023-06-02 20:40:41,207 [4daf1ed2-e43c-4bda-878b-63f1449da6f8@group-E31964065D3F-LeaderElection12] INFO  ratis.XceiverServerRatis (XceiverServerRatis.java:handleLeaderChangedNotification(902)) - Leader change notification received for group: group-E31964065D3F with new leaderId: 4daf1ed2-e43c-4bda-878b-63f1449da6f8
2023-06-02 20:40:41,207 [4daf1ed2-e43c-4bda-878b-63f1449da6f8@group-E31964065D3F-LeaderElection12] INFO  server.RaftServer$Division (ServerState.java:setLeader(317)) - 4daf1ed2-e43c-4bda-878b-63f1449da6f8@group-E31964065D3F: change Leader from null to 4daf1ed2-e43c-4bda-878b-63f1449da6f8 at term 1 for becomeLeader, leader elected after 6006ms
2023-06-02 20:40:41,207 [4daf1ed2-e43c-4bda-878b-63f1449da6f8@group-E31964065D3F-LeaderElection12] INFO  server.RaftServerConfigKeys (ConfUtils.java:logGet(46)) - raft.server.staging.catchup.gap = 1000 (default)
2023-06-02 20:40:41,207 [4daf1ed2-e43c-4bda-878b-63f1449da6f8@group-E31964065D3F-LeaderElection12] INFO  server.RaftServerConfigKeys (ConfUtils.java:logGet(46)) - raft.server.write.element-limit = 1024 (custom)
2023-06-02 20:40:41,207 [4daf1ed2-e43c-4bda-878b-63f1449da6f8@group-E31964065D3F-LeaderElection12] INFO  server.RaftServerConfigKeys (ConfUtils.java:logGet(46)) - raft.server.write.byte-limit = 1024 M (=1073741824) (custom)
2023-06-02 20:40:41,208 [4daf1ed2-e43c-4bda-878b-63f1449da6f8@group-E31964065D3F-LeaderElection12] INFO  server.RaftServerConfigKeys (ConfUtils.java:logGet(46)) - raft.server.watch.timeout = 180s (custom)
2023-06-02 20:40:41,208 [4daf1ed2-e43c-4bda-878b-63f1449da6f8@group-E31964065D3F-LeaderElection12] INFO  server.RaftServerConfigKeys (ConfUtils.java:logGet(46)) - raft.server.watch.timeout.denomination = 1s (default)
2023-06-02 20:40:41,208 [4daf1ed2-e43c-4bda-878b-63f1449da6f8@group-E31964065D3F-LeaderElection12] INFO  server.RaftServerConfigKeys (ConfUtils.java:logGet(46)) - raft.server.watch.element-limit = 65536 (default)
2023-06-02 20:40:41,208 [4daf1ed2-e43c-4bda-878b-63f1449da6f8@group-E31964065D3F-LeaderElection12] INFO  server.RaftServerConfigKeys (ConfUtils.java:logGet(46)) - raft.server.write.element-limit = 1024 (custom)
2023-06-02 20:40:41,208 [4daf1ed2-e43c-4bda-878b-63f1449da6f8@group-E31964065D3F-LeaderElection12] INFO  server.RaftServerConfigKeys (ConfUtils.java:logGet(46)) - raft.server.write.follower.gap.ratio.max = -1.0 (default)
2023-06-02 20:40:41,208 [4daf1ed2-e43c-4bda-878b-63f1449da6f8@group-E31964065D3F-LeaderElection12] INFO  server.RaftServerConfigKeys (ConfUtils.java:logGet(46)) - raft.server.log.appender.snapshot.chunk.size.max = 16MB (=16777216) (default)
2023-06-02 20:40:41,209 [4daf1ed2-e43c-4bda-878b-63f1449da6f8@group-E31964065D3F-LeaderElection12] INFO  server.RaftServerConfigKeys (ConfUtils.java:logGet(46)) - raft.server.log.appender.buffer.byte-limit = 33554432 (custom)
2023-06-02 20:40:41,209 [4daf1ed2-e43c-4bda-878b-63f1449da6f8@group-E31964065D3F-LeaderElection12] INFO  server.RaftServerConfigKeys (ConfUtils.java:logGet(46)) - raft.server.log.appender.buffer.element-limit = 1 (custom)
2023-06-02 20:40:41,209 [4daf1ed2-e43c-4bda-878b-63f1449da6f8@group-E31964065D3F-LeaderElection12] INFO  server.RaftServerConfigKeys (ConfUtils.java:logGet(46)) - raft.server.log.appender.wait-time.min = 10ms (default)
2023-06-02 20:40:41,209 [4daf1ed2-e43c-4bda-878b-63f1449da6f8@group-E31964065D3F-LeaderElection12] INFO  grpc.GrpcConfigKeys (ConfUtils.java:logGet(46)) - raft.grpc.server.leader.outstanding.appends.max = 128 (default)
2023-06-02 20:40:41,209 [4daf1ed2-e43c-4bda-878b-63f1449da6f8@group-E31964065D3F-LeaderElection12] INFO  server.RaftServerConfigKeys (ConfUtils.java:logGet(46)) - raft.server.rpc.request.timeout = 60s (custom)
2023-06-02 20:40:41,209 [4daf1ed2-e43c-4bda-878b-63f1449da6f8@group-E31964065D3F-LeaderElection12] INFO  grpc.GrpcConfigKeys (ConfUtils.java:logGet(46)) - raft.grpc.server.install_snapshot.request.element-limit = 8 (default)
2023-06-02 20:40:41,209 [4daf1ed2-e43c-4bda-878b-63f1449da6f8@group-E31964065D3F-LeaderElection12] INFO  grpc.GrpcConfigKeys (ConfUtils.java:logGet(46)) - raft.grpc.server.install_snapshot.request.timeout = 3000ms (default)
2023-06-02 20:40:41,209 [4daf1ed2-e43c-4bda-878b-63f1449da6f8@group-E31964065D3F-LeaderElection12] INFO  server.RaftServerConfigKeys (ConfUtils.java:logGet(46)) - raft.server.log.appender.install.snapshot.enabled = false (custom)
2023-06-02 20:40:41,209 [4daf1ed2-e43c-4bda-878b-63f1449da6f8@group-E31964065D3F-LeaderElection12] INFO  grpc.GrpcConfigKeys (ConfUtils.java:logGet(46)) - raft.grpc.server.heartbeat.channel = true (default)
2023-06-02 20:40:41,210 [4daf1ed2-e43c-4bda-878b-63f1449da6f8@group-E31964065D3F-LeaderElection12] INFO  server.RaftServerConfigKeys (ConfUtils.java:logGet(46)) - raft.server.log.appender.snapshot.chunk.size.max = 16MB (=16777216) (default)
2023-06-02 20:40:41,214 [grpc-default-executor-5] INFO  server.RaftServer$Division (RaftServerImpl.java:requestVote(1335)) - 0ec547f6-a501-4372-afcf-7dbe5c08d569@group-E31964065D3F replies to ELECTION vote request: 4daf1ed2-e43c-4bda-878b-63f1449da6f8<-0ec547f6-a501-4372-afcf-7dbe5c08d569#0:OK-t1. Peer's state: 0ec547f6-a501-4372-afcf-7dbe5c08d569@group-E31964065D3F:t1, leader=null, voted=4daf1ed2-e43c-4bda-878b-63f1449da6f8, raftlog=Memoized:0ec547f6-a501-4372-afcf-7dbe5c08d569@group-E31964065D3F-SegmentedRaftLog:OPENED:c-1, conf=-1: peers:[f5d72e8c-7c96-4354-bf1f-55d48726708b|rpc:10.1.0.31:15059|admin:10.1.0.31:15058|client:10.1.0.31:15057|dataStream:10.1.0.31:15060|priority:0|startupRole:FOLLOWER, 4daf1ed2-e43c-4bda-878b-63f1449da6f8|rpc:10.1.0.31:15041|admin:10.1.0.31:15040|client:10.1.0.31:15039|dataStream:10.1.0.31:15042|priority:1|startupRole:FOLLOWER, 0ec547f6-a501-4372-afcf-7dbe5c08d569|rpc:10.1.0.31:15050|admin:10.1.0.31:15049|client:10.1.0.31:15048|dataStream:10.1.0.31:15051|priority:0|startupRole:FOLLOWER]|listeners:[], old=null
2023-06-02 20:40:41,212 [EventQueue-PipelineReportForPipelineReportHandler] INFO  pipeline.PipelineManagerImpl (PipelineManagerImpl.java:openPipeline(367)) - Pipeline Pipeline[ Id: 2acec971-adf6-4f61-9e2e-e31964065d3f, Nodes: f5d72e8c-7c96-4354-bf1f-55d48726708b(fv-az1239-288/10.1.0.31)4daf1ed2-e43c-4bda-878b-63f1449da6f8(fv-az1239-288/10.1.0.31)0ec547f6-a501-4372-afcf-7dbe5c08d569(fv-az1239-288/10.1.0.31), ReplicationConfig: RATIS/THREE, State:ALLOCATED, leaderId:4daf1ed2-e43c-4bda-878b-63f1449da6f8, CreationTimestamp2023-06-02T20:40:32.805Z[Etc/UTC]] moved to OPEN state
2023-06-02 20:40:41,214 [grpc-default-executor-3] INFO  impl.VoteContext (VoteContext.java:log(49)) - 0ec547f6-a501-4372-afcf-7dbe5c08d569@group-E31964065D3F-FOLLOWER: accept PRE_VOTE from f5d72e8c-7c96-4354-bf1f-55d48726708b: our priority 0 <= candidate's priority 0
2023-06-02 20:40:41,214 [grpc-default-executor-3] INFO  server.RaftServer$Division (RaftServerImpl.java:requestVote(1335)) - 0ec547f6-a501-4372-afcf-7dbe5c08d569@group-E31964065D3F replies to PRE_VOTE vote request: f5d72e8c-7c96-4354-bf1f-55d48726708b<-0ec547f6-a501-4372-afcf-7dbe5c08d569#0:OK-t1. Peer's state: 0ec547f6-a501-4372-afcf-7dbe5c08d569@group-E31964065D3F:t1, leader=null, voted=4daf1ed2-e43c-4bda-878b-63f1449da6f8, raftlog=Memoized:0ec547f6-a501-4372-afcf-7dbe5c08d569@group-E31964065D3F-SegmentedRaftLog:OPENED:c-1, conf=-1: peers:[f5d72e8c-7c96-4354-bf1f-55d48726708b|rpc:10.1.0.31:15059|admin:10.1.0.31:15058|client:10.1.0.31:15057|dataStream:10.1.0.31:15060|priority:0|startupRole:FOLLOWER, 4daf1ed2-e43c-4bda-878b-63f1449da6f8|rpc:10.1.0.31:15041|admin:10.1.0.31:15040|client:10.1.0.31:15039|dataStream:10.1.0.31:15042|priority:1|startupRole:FOLLOWER, 0ec547f6-a501-4372-afcf-7dbe5c08d569|rpc:10.1.0.31:15050|admin:10.1.0.31:15049|client:10.1.0.31:15048|dataStream:10.1.0.31:15051|priority:0|startupRole:FOLLOWER]|listeners:[], old=null
2023-06-02 20:40:41,215 [4daf1ed2-e43c-4bda-878b-63f1449da6f8@group-E31964065D3F-LeaderElection12] INFO  server.RaftServerConfigKeys (ConfUtils.java:logGet(46)) - raft.server.log.appender.buffer.byte-limit = 33554432 (custom)
2023-06-02 20:40:41,215 [4daf1ed2-e43c-4bda-878b-63f1449da6f8@group-E31964065D3F-LeaderElection12] INFO  server.RaftServerConfigKeys (ConfUtils.java:logGet(46)) - raft.server.log.appender.buffer.element-limit = 1 (custom)
2023-06-02 20:40:41,211 [f5d72e8c-7c96-4354-bf1f-55d48726708b@group-CB36F2D09563-SegmentedRaftLogWorker] INFO  segmented.SegmentedRaftLogWorker (SegmentedRaftLogWorker.java:execute(651)) - f5d72e8c-7c96-4354-bf1f-55d48726708b@group-CB36F2D09563-SegmentedRaftLogWorker: created new log segment /home/runner/work/ozone/ozone/hadoop-ozone/integration-test/target/test-dir/MiniOzoneClusterImpl-5ac0c7d5-b38a-4534-ae70-3109b4fe19c6/datanode-5/data/ratis/e2758bfc-a0d8-4c02-9c43-cb36f2d09563/current/log_inprogress_0
2023-06-02 20:40:41,221 [4daf1ed2-e43c-4bda-878b-63f1449da6f8@group-E31964065D3F-LeaderElection12] INFO  server.RaftServerConfigKeys (ConfUtils.java:logGet(46)) - raft.server.log.appender.wait-time.min = 10ms (default)
2023-06-02 20:40:41,221 [4daf1ed2-e43c-4bda-878b-63f1449da6f8@group-E31964065D3F-LeaderElection12] INFO  grpc.GrpcConfigKeys (ConfUtils.java:logGet(46)) - raft.grpc.server.leader.outstanding.appends.max = 128 (default)
2023-06-02 20:40:41,221 [4daf1ed2-e43c-4bda-878b-63f1449da6f8@group-E31964065D3F-LeaderElection12] INFO  server.RaftServerConfigKeys (ConfUtils.java:logGet(46)) - raft.server.rpc.request.timeout = 60s (custom)
2023-06-02 20:40:41,221 [4daf1ed2-e43c-4bda-878b-63f1449da6f8@group-E31964065D3F-LeaderElection12] INFO  grpc.GrpcConfigKeys (ConfUtils.java:logGet(46)) - raft.grpc.server.install_snapshot.request.element-limit = 8 (default)
2023-06-02 20:40:41,221 [4daf1ed2-e43c-4bda-878b-63f1449da6f8@group-E31964065D3F-LeaderElection12] INFO  grpc.GrpcConfigKeys (ConfUtils.java:logGet(46)) - raft.grpc.server.install_snapshot.request.timeout = 3000ms (default)
2023-06-02 20:40:41,221 [4daf1ed2-e43c-4bda-878b-63f1449da6f8@group-E31964065D3F-LeaderElection12] INFO  server.RaftServerConfigKeys (ConfUtils.java:logGet(46)) - raft.server.log.appender.install.snapshot.enabled = false (custom)
2023-06-02 20:40:41,221 [4daf1ed2-e43c-4bda-878b-63f1449da6f8@group-E31964065D3F-LeaderElection12] INFO  grpc.GrpcConfigKeys (ConfUtils.java:logGet(46)) - raft.grpc.server.heartbeat.channel = true (default)
2023-06-02 20:40:41,221 [4daf1ed2-e43c-4bda-878b-63f1449da6f8@group-E31964065D3F-LeaderElection12] INFO  impl.RoleInfo (RoleInfo.java:updateAndGet(139)) - 4daf1ed2-e43c-4bda-878b-63f1449da6f8: start 4daf1ed2-e43c-4bda-878b-63f1449da6f8@group-E31964065D3F-LeaderStateImpl
2023-06-02 20:40:41,222 [4daf1ed2-e43c-4bda-878b-63f1449da6f8@group-E31964065D3F-LeaderElection12] INFO  segmented.SegmentedRaftLogWorker (SegmentedRaftLogWorker.java:startLogSegment(447)) - 4daf1ed2-e43c-4bda-878b-63f1449da6f8@group-E31964065D3F-SegmentedRaftLogWorker: Starting segment from index:0
2023-06-02 20:40:41,224 [4daf1ed2-e43c-4bda-878b-63f1449da6f8@group-E31964065D3F-SegmentedRaftLogWorker] INFO  segmented.SegmentedRaftLogWorker (SegmentedRaftLogWorker.java:execute(651)) - 4daf1ed2-e43c-4bda-878b-63f1449da6f8@group-E31964065D3F-SegmentedRaftLogWorker: created new log segment /home/runner/work/ozone/ozone/hadoop-ozone/integration-test/target/test-dir/MiniOzoneClusterImpl-5ac0c7d5-b38a-4534-ae70-3109b4fe19c6/datanode-3/data/ratis/2acec971-adf6-4f61-9e2e-e31964065d3f/current/log_inprogress_0
2023-06-02 20:40:41,232 [f5d72e8c-7c96-4354-bf1f-55d48726708b@group-CB36F2D09563-LeaderElection14] INFO  server.RaftServer$Division (ServerState.java:setRaftConf(434)) - f5d72e8c-7c96-4354-bf1f-55d48726708b@group-CB36F2D09563: set configuration 0: peers:[f5d72e8c-7c96-4354-bf1f-55d48726708b|rpc:10.1.0.31:15059|admin:10.1.0.31:15058|client:10.1.0.31:15057|dataStream:10.1.0.31:15060|priority:1|startupRole:FOLLOWER]|listeners:[], old=null
2023-06-02 20:40:41,229 [4daf1ed2-e43c-4bda-878b-63f1449da6f8@group-E31964065D3F-LeaderElection12] INFO  server.RaftServer$Division (ServerState.java:setRaftConf(434)) - 4daf1ed2-e43c-4bda-878b-63f1449da6f8@group-E31964065D3F: set configuration 0: peers:[f5d72e8c-7c96-4354-bf1f-55d48726708b|rpc:10.1.0.31:15059|admin:10.1.0.31:15058|client:10.1.0.31:15057|dataStream:10.1.0.31:15060|priority:0|startupRole:FOLLOWER, 4daf1ed2-e43c-4bda-878b-63f1449da6f8|rpc:10.1.0.31:15041|admin:10.1.0.31:15040|client:10.1.0.31:15039|dataStream:10.1.0.31:15042|priority:1|startupRole:FOLLOWER, 0ec547f6-a501-4372-afcf-7dbe5c08d569|rpc:10.1.0.31:15050|admin:10.1.0.31:15049|client:10.1.0.31:15048|dataStream:10.1.0.31:15051|priority:0|startupRole:FOLLOWER]|listeners:[], old=null
2023-06-02 20:40:41,229 [f5d72e8c-7c96-4354-bf1f-55d48726708b@group-E31964065D3F-LeaderElection15] INFO  impl.LeaderElection (LeaderElection.java:logAndReturn(90)) - f5d72e8c-7c96-4354-bf1f-55d48726708b@group-E31964065D3F-LeaderElection15: PRE_VOTE DISCOVERED_A_NEW_TERM (term=1) received 1 response(s) and 0 exception(s):
2023-06-02 20:40:41,238 [f5d72e8c-7c96-4354-bf1f-55d48726708b@group-E31964065D3F-LeaderElection15] INFO  impl.LeaderElection (LeaderElection.java:logAndReturn(94)) -   Response 0: f5d72e8c-7c96-4354-bf1f-55d48726708b<-4daf1ed2-e43c-4bda-878b-63f1449da6f8#0:FAIL-t1
2023-06-02 20:40:41,239 [f5d72e8c-7c96-4354-bf1f-55d48726708b@group-E31964065D3F-LeaderElection15] INFO  impl.LeaderElection (LeaderElection.java:askForVotes(323)) - f5d72e8c-7c96-4354-bf1f-55d48726708b@group-E31964065D3F-LeaderElection15 PRE_VOTE round 0: result DISCOVERED_A_NEW_TERM (term=1)
2023-06-02 20:40:41,260 [f5d72e8c-7c96-4354-bf1f-55d48726708b-server-thread1] INFO  ratis.XceiverServerRatis (XceiverServerRatis.java:handleLeaderChangedNotification(902)) - Leader change notification received for group: group-E31964065D3F with new leaderId: 4daf1ed2-e43c-4bda-878b-63f1449da6f8
2023-06-02 20:40:41,260 [f5d72e8c-7c96-4354-bf1f-55d48726708b-server-thread1] INFO  server.RaftServer$Division (ServerState.java:setLeader(317)) - f5d72e8c-7c96-4354-bf1f-55d48726708b@group-E31964065D3F: change Leader from null to 4daf1ed2-e43c-4bda-878b-63f1449da6f8 at term 1 for appendEntries, leader elected after 5975ms
2023-06-02 20:40:41,266 [0ec547f6-a501-4372-afcf-7dbe5c08d569-server-thread1] INFO  ratis.XceiverServerRatis (XceiverServerRatis.java:handleLeaderChangedNotification(902)) - Leader change notification received for group: group-E31964065D3F with new leaderId: 4daf1ed2-e43c-4bda-878b-63f1449da6f8
2023-06-02 20:40:41,266 [0ec547f6-a501-4372-afcf-7dbe5c08d569-server-thread1] INFO  server.RaftServer$Division (ServerState.java:setLeader(317)) - 0ec547f6-a501-4372-afcf-7dbe5c08d569@group-E31964065D3F: change Leader from null to 4daf1ed2-e43c-4bda-878b-63f1449da6f8 at term 1 for appendEntries, leader elected after 6003ms
2023-06-02 20:40:41,269 [f5d72e8c-7c96-4354-bf1f-55d48726708b-server-thread2] INFO  server.RaftServer$Division (ServerState.java:setRaftConf(434)) - f5d72e8c-7c96-4354-bf1f-55d48726708b@group-E31964065D3F: set configuration 0: peers:[f5d72e8c-7c96-4354-bf1f-55d48726708b|rpc:10.1.0.31:15059|admin:10.1.0.31:15058|client:10.1.0.31:15057|dataStream:10.1.0.31:15060|priority:0|startupRole:FOLLOWER, 4daf1ed2-e43c-4bda-878b-63f1449da6f8|rpc:10.1.0.31:15041|admin:10.1.0.31:15040|client:10.1.0.31:15039|dataStream:10.1.0.31:15042|priority:1|startupRole:FOLLOWER, 0ec547f6-a501-4372-afcf-7dbe5c08d569|rpc:10.1.0.31:15050|admin:10.1.0.31:15049|client:10.1.0.31:15048|dataStream:10.1.0.31:15051|priority:0|startupRole:FOLLOWER]|listeners:[], old=null
2023-06-02 20:40:41,269 [f5d72e8c-7c96-4354-bf1f-55d48726708b-server-thread2] INFO  segmented.SegmentedRaftLogWorker (SegmentedRaftLogWorker.java:startLogSegment(447)) - f5d72e8c-7c96-4354-bf1f-55d48726708b@group-E31964065D3F-SegmentedRaftLogWorker: Starting segment from index:0
2023-06-02 20:40:41,272 [f5d72e8c-7c96-4354-bf1f-55d48726708b@group-E31964065D3F-SegmentedRaftLogWorker] INFO  segmented.SegmentedRaftLogWorker (SegmentedRaftLogWorker.java:execute(651)) - f5d72e8c-7c96-4354-bf1f-55d48726708b@group-E31964065D3F-SegmentedRaftLogWorker: created new log segment /home/runner/work/ozone/ozone/hadoop-ozone/integration-test/target/test-dir/MiniOzoneClusterImpl-5ac0c7d5-b38a-4534-ae70-3109b4fe19c6/datanode-5/data/ratis/2acec971-adf6-4f61-9e2e-e31964065d3f/current/log_inprogress_0
2023-06-02 20:40:41,298 [0ec547f6-a501-4372-afcf-7dbe5c08d569-server-thread2] INFO  server.RaftServer$Division (ServerState.java:setRaftConf(434)) - 0ec547f6-a501-4372-afcf-7dbe5c08d569@group-E31964065D3F: set configuration 0: peers:[f5d72e8c-7c96-4354-bf1f-55d48726708b|rpc:10.1.0.31:15059|admin:10.1.0.31:15058|client:10.1.0.31:15057|dataStream:10.1.0.31:15060|priority:0|startupRole:FOLLOWER, 4daf1ed2-e43c-4bda-878b-63f1449da6f8|rpc:10.1.0.31:15041|admin:10.1.0.31:15040|client:10.1.0.31:15039|dataStream:10.1.0.31:15042|priority:1|startupRole:FOLLOWER, 0ec547f6-a501-4372-afcf-7dbe5c08d569|rpc:10.1.0.31:15050|admin:10.1.0.31:15049|client:10.1.0.31:15048|dataStream:10.1.0.31:15051|priority:0|startupRole:FOLLOWER]|listeners:[], old=null
2023-06-02 20:40:41,298 [0ec547f6-a501-4372-afcf-7dbe5c08d569-server-thread2] INFO  segmented.SegmentedRaftLogWorker (SegmentedRaftLogWorker.java:startLogSegment(447)) - 0ec547f6-a501-4372-afcf-7dbe5c08d569@group-E31964065D3F-SegmentedRaftLogWorker: Starting segment from index:0
2023-06-02 20:40:41,301 [0ec547f6-a501-4372-afcf-7dbe5c08d569@group-E31964065D3F-SegmentedRaftLogWorker] INFO  segmented.SegmentedRaftLogWorker (SegmentedRaftLogWorker.java:execute(651)) - 0ec547f6-a501-4372-afcf-7dbe5c08d569@group-E31964065D3F-SegmentedRaftLogWorker: created new log segment /home/runner/work/ozone/ozone/hadoop-ozone/integration-test/target/test-dir/MiniOzoneClusterImpl-5ac0c7d5-b38a-4534-ae70-3109b4fe19c6/datanode-4/data/ratis/2acec971-adf6-4f61-9e2e-e31964065d3f/current/log_inprogress_0
2023-06-02 20:40:41,373 [IPC Server handler 13 on default port 15001] INFO  ha.SequenceIdGenerator (SequenceIdGenerator.java:getNextId(128)) - Allocate a batch for containerId, change lastId from 0 to 1000.
2023-06-02 20:40:41,387 [a629a011-13a9-410c-9234-b770ba2e8ba4@group-F61194FB2638-FollowerState] INFO  impl.FollowerState (FollowerState.java:run(143)) - a629a011-13a9-410c-9234-b770ba2e8ba4@group-F61194FB2638-FollowerState: change to CANDIDATE, lastRpcElapsedTime:5129921685ns, electionTimeout:5118ms
2023-06-02 20:40:41,387 [a629a011-13a9-410c-9234-b770ba2e8ba4@group-F61194FB2638-FollowerState] INFO  impl.RoleInfo (RoleInfo.java:shutdownFollowerState(110)) - a629a011-13a9-410c-9234-b770ba2e8ba4: shutdown a629a011-13a9-410c-9234-b770ba2e8ba4@group-F61194FB2638-FollowerState
2023-06-02 20:40:41,387 [a629a011-13a9-410c-9234-b770ba2e8ba4@group-F61194FB2638-FollowerState] INFO  server.RaftServer$Division (RaftServerImpl.java:setRole(329)) - a629a011-13a9-410c-9234-b770ba2e8ba4@group-F61194FB2638: changes role from  FOLLOWER to CANDIDATE at term 0 for changeToCandidate
2023-06-02 20:40:41,387 [a629a011-13a9-410c-9234-b770ba2e8ba4@group-F61194FB2638-FollowerState] INFO  server.RaftServerConfigKeys (ConfUtils.java:logGet(46)) - raft.server.leaderelection.pre-vote = true (default)
2023-06-02 20:40:41,387 [a629a011-13a9-410c-9234-b770ba2e8ba4@group-F61194FB2638-FollowerState] INFO  impl.RoleInfo (RoleInfo.java:updateAndGet(139)) - a629a011-13a9-410c-9234-b770ba2e8ba4: start a629a011-13a9-410c-9234-b770ba2e8ba4@group-F61194FB2638-LeaderElection16
2023-06-02 20:40:41,389 [IPC Server handler 13 on default port 15001] WARN  ha.SequenceIdGenerator (SequenceIdGenerator.java:allocateBatch(237)) - Failed to allocate a batch for localId, expected lastId is 0, actual lastId is 111677748019200000.
2023-06-02 20:40:41,395 [IPC Server handler 13 on default port 15001] INFO  ha.SequenceIdGenerator (SequenceIdGenerator.java:getNextId(128)) - Allocate a batch for localId, change lastId from 111677748019200000 to 111677748019201000.
2023-06-02 20:40:41,400 [a629a011-13a9-410c-9234-b770ba2e8ba4@group-F61194FB2638-LeaderElection16] INFO  impl.LeaderElection (LeaderElection.java:askForVotes(321)) - a629a011-13a9-410c-9234-b770ba2e8ba4@group-F61194FB2638-LeaderElection16 PRE_VOTE round 0: submit vote requests at term 0 for -1: peers:[a629a011-13a9-410c-9234-b770ba2e8ba4|rpc:10.1.0.31:15068|admin:10.1.0.31:15067|client:10.1.0.31:15066|dataStream:10.1.0.31:15069|priority:1|startupRole:FOLLOWER]|listeners:[], old=null
2023-06-02 20:40:41,401 [a629a011-13a9-410c-9234-b770ba2e8ba4@group-F61194FB2638-LeaderElection16] INFO  impl.LeaderElection (LeaderElection.java:askForVotes(323)) - a629a011-13a9-410c-9234-b770ba2e8ba4@group-F61194FB2638-LeaderElection16 PRE_VOTE round 0: result PASSED (term=0)
2023-06-02 20:40:41,404 [a629a011-13a9-410c-9234-b770ba2e8ba4@group-F61194FB2638-LeaderElection16] INFO  impl.LeaderElection (LeaderElection.java:askForVotes(321)) - a629a011-13a9-410c-9234-b770ba2e8ba4@group-F61194FB2638-LeaderElection16 ELECTION round 0: submit vote requests at term 1 for -1: peers:[a629a011-13a9-410c-9234-b770ba2e8ba4|rpc:10.1.0.31:15068|admin:10.1.0.31:15067|client:10.1.0.31:15066|dataStream:10.1.0.31:15069|priority:1|startupRole:FOLLOWER]|listeners:[], old=null
2023-06-02 20:40:41,405 [a629a011-13a9-410c-9234-b770ba2e8ba4@group-F61194FB2638-LeaderElection16] INFO  impl.LeaderElection (LeaderElection.java:askForVotes(323)) - a629a011-13a9-410c-9234-b770ba2e8ba4@group-F61194FB2638-LeaderElection16 ELECTION round 0: result PASSED (term=1)
2023-06-02 20:40:41,405 [a629a011-13a9-410c-9234-b770ba2e8ba4@group-F61194FB2638-LeaderElection16] INFO  impl.RoleInfo (RoleInfo.java:shutdownLeaderElection(130)) - a629a011-13a9-410c-9234-b770ba2e8ba4: shutdown a629a011-13a9-410c-9234-b770ba2e8ba4@group-F61194FB2638-LeaderElection16
2023-06-02 20:40:41,405 [a629a011-13a9-410c-9234-b770ba2e8ba4@group-F61194FB2638-LeaderElection16] INFO  server.RaftServer$Division (RaftServerImpl.java:setRole(329)) - a629a011-13a9-410c-9234-b770ba2e8ba4@group-F61194FB2638: changes role from CANDIDATE to LEADER at term 1 for changeToLeader
2023-06-02 20:40:41,405 [a629a011-13a9-410c-9234-b770ba2e8ba4@group-F61194FB2638-LeaderElection16] INFO  ratis.XceiverServerRatis (XceiverServerRatis.java:handleLeaderChangedNotification(902)) - Leader change notification received for group: group-F61194FB2638 with new leaderId: a629a011-13a9-410c-9234-b770ba2e8ba4
2023-06-02 20:40:41,405 [a629a011-13a9-410c-9234-b770ba2e8ba4@group-F61194FB2638-LeaderElection16] INFO  server.RaftServer$Division (ServerState.java:setLeader(317)) - a629a011-13a9-410c-9234-b770ba2e8ba4@group-F61194FB2638: change Leader from null to a629a011-13a9-410c-9234-b770ba2e8ba4 at term 1 for becomeLeader, leader elected after 5174ms
2023-06-02 20:40:41,405 [a629a011-13a9-410c-9234-b770ba2e8ba4@group-F61194FB2638-LeaderElection16] INFO  server.RaftServerConfigKeys (ConfUtils.java:logGet(46)) - raft.server.staging.catchup.gap = 1000 (default)
2023-06-02 20:40:41,405 [a629a011-13a9-410c-9234-b770ba2e8ba4@group-F61194FB2638-LeaderElection16] INFO  server.RaftServerConfigKeys (ConfUtils.java:logGet(46)) - raft.server.write.element-limit = 1024 (custom)
2023-06-02 20:40:41,405 [a629a011-13a9-410c-9234-b770ba2e8ba4@group-F61194FB2638-LeaderElection16] INFO  server.RaftServerConfigKeys (ConfUtils.java:logGet(46)) - raft.server.write.byte-limit = 1024 M (=1073741824) (custom)
2023-06-02 20:40:41,406 [a629a011-13a9-410c-9234-b770ba2e8ba4@group-F61194FB2638-LeaderElection16] INFO  server.RaftServerConfigKeys (ConfUtils.java:logGet(46)) - raft.server.watch.timeout = 180s (custom)
2023-06-02 20:40:41,406 [a629a011-13a9-410c-9234-b770ba2e8ba4@group-F61194FB2638-LeaderElection16] INFO  server.RaftServerConfigKeys (ConfUtils.java:logGet(46)) - raft.server.watch.timeout.denomination = 1s (default)
2023-06-02 20:40:41,406 [a629a011-13a9-410c-9234-b770ba2e8ba4@group-F61194FB2638-LeaderElection16] INFO  server.RaftServerConfigKeys (ConfUtils.java:logGet(46)) - raft.server.watch.element-limit = 65536 (default)
2023-06-02 20:40:41,406 [a629a011-13a9-410c-9234-b770ba2e8ba4@group-F61194FB2638-LeaderElection16] INFO  server.RaftServerConfigKeys (ConfUtils.java:logGet(46)) - raft.server.write.element-limit = 1024 (custom)
2023-06-02 20:40:41,406 [a629a011-13a9-410c-9234-b770ba2e8ba4@group-F61194FB2638-LeaderElection16] INFO  server.RaftServerConfigKeys (ConfUtils.java:logGet(46)) - raft.server.write.follower.gap.ratio.max = -1.0 (default)
2023-06-02 20:40:41,406 [a629a011-13a9-410c-9234-b770ba2e8ba4@group-F61194FB2638-LeaderElection16] INFO  impl.RoleInfo (RoleInfo.java:updateAndGet(139)) - a629a011-13a9-410c-9234-b770ba2e8ba4: start a629a011-13a9-410c-9234-b770ba2e8ba4@group-F61194FB2638-LeaderStateImpl
2023-06-02 20:40:41,406 [a629a011-13a9-410c-9234-b770ba2e8ba4@group-F61194FB2638-LeaderElection16] INFO  segmented.SegmentedRaftLogWorker (SegmentedRaftLogWorker.java:startLogSegment(447)) - a629a011-13a9-410c-9234-b770ba2e8ba4@group-F61194FB2638-SegmentedRaftLogWorker: Starting segment from index:0
2023-06-02 20:40:41,409 [a629a011-13a9-410c-9234-b770ba2e8ba4@group-F61194FB2638-SegmentedRaftLogWorker] INFO  segmented.SegmentedRaftLogWorker (SegmentedRaftLogWorker.java:execute(651)) - a629a011-13a9-410c-9234-b770ba2e8ba4@group-F61194FB2638-SegmentedRaftLogWorker: created new log segment /home/runner/work/ozone/ozone/hadoop-ozone/integration-test/target/test-dir/MiniOzoneClusterImpl-5ac0c7d5-b38a-4534-ae70-3109b4fe19c6/datanode-6/data/ratis/d8e7dc96-fea2-4a23-96cf-f61194fb2638/current/log_inprogress_0
2023-06-02 20:40:41,441 [a629a011-13a9-410c-9234-b770ba2e8ba4@group-F61194FB2638-LeaderElection16] INFO  server.RaftServer$Division (ServerState.java:setRaftConf(434)) - a629a011-13a9-410c-9234-b770ba2e8ba4@group-F61194FB2638: set configuration 0: peers:[a629a011-13a9-410c-9234-b770ba2e8ba4|rpc:10.1.0.31:15068|admin:10.1.0.31:15067|client:10.1.0.31:15066|dataStream:10.1.0.31:15069|priority:1|startupRole:FOLLOWER]|listeners:[], old=null
2023-06-02 20:40:41,485 [b4411977-9720-4d4b-9a0b-907fa7158048@group-25329DDABB2C-FollowerState] INFO  impl.FollowerState (FollowerState.java:run(143)) - b4411977-9720-4d4b-9a0b-907fa7158048@group-25329DDABB2C-FollowerState: change to CANDIDATE, lastRpcElapsedTime:5048757712ns, electionTimeout:5047ms
2023-06-02 20:40:41,485 [b4411977-9720-4d4b-9a0b-907fa7158048@group-25329DDABB2C-FollowerState] INFO  impl.RoleInfo (RoleInfo.java:shutdownFollowerState(110)) - b4411977-9720-4d4b-9a0b-907fa7158048: shutdown b4411977-9720-4d4b-9a0b-907fa7158048@group-25329DDABB2C-FollowerState
2023-06-02 20:40:41,485 [b4411977-9720-4d4b-9a0b-907fa7158048@group-25329DDABB2C-FollowerState] INFO  server.RaftServer$Division (RaftServerImpl.java:setRole(329)) - b4411977-9720-4d4b-9a0b-907fa7158048@group-25329DDABB2C: changes role from  FOLLOWER to CANDIDATE at term 0 for changeToCandidate
2023-06-02 20:40:41,485 [b4411977-9720-4d4b-9a0b-907fa7158048@group-25329DDABB2C-FollowerState] INFO  server.RaftServerConfigKeys (ConfUtils.java:logGet(46)) - raft.server.leaderelection.pre-vote = true (default)
2023-06-02 20:40:41,485 [b4411977-9720-4d4b-9a0b-907fa7158048@group-25329DDABB2C-FollowerState] INFO  impl.RoleInfo (RoleInfo.java:updateAndGet(139)) - b4411977-9720-4d4b-9a0b-907fa7158048: start b4411977-9720-4d4b-9a0b-907fa7158048@group-25329DDABB2C-LeaderElection17
2023-06-02 20:40:41,489 [c30a36da-1763-463f-9370-bf353ef860b0@group-25329DDABB2C-FollowerState] INFO  impl.FollowerState (FollowerState.java:run(143)) - c30a36da-1763-463f-9370-bf353ef860b0@group-25329DDABB2C-FollowerState: change to CANDIDATE, lastRpcElapsedTime:5129375650ns, electionTimeout:5125ms
2023-06-02 20:40:41,490 [c30a36da-1763-463f-9370-bf353ef860b0@group-25329DDABB2C-FollowerState] INFO  impl.RoleInfo (RoleInfo.java:shutdownFollowerState(110)) - c30a36da-1763-463f-9370-bf353ef860b0: shutdown c30a36da-1763-463f-9370-bf353ef860b0@group-25329DDABB2C-FollowerState
2023-06-02 20:40:41,490 [c30a36da-1763-463f-9370-bf353ef860b0@group-25329DDABB2C-FollowerState] INFO  server.RaftServer$Division (RaftServerImpl.java:setRole(329)) - c30a36da-1763-463f-9370-bf353ef860b0@group-25329DDABB2C: changes role from  FOLLOWER to CANDIDATE at term 0 for changeToCandidate
2023-06-02 20:40:41,495 [c30a36da-1763-463f-9370-bf353ef860b0@group-25329DDABB2C-FollowerState] INFO  server.RaftServerConfigKeys (ConfUtils.java:logGet(46)) - raft.server.leaderelection.pre-vote = true (default)
2023-06-02 20:40:41,495 [c30a36da-1763-463f-9370-bf353ef860b0@group-25329DDABB2C-FollowerState] INFO  impl.RoleInfo (RoleInfo.java:updateAndGet(139)) - c30a36da-1763-463f-9370-bf353ef860b0: start c30a36da-1763-463f-9370-bf353ef860b0@group-25329DDABB2C-LeaderElection18
2023-06-02 20:40:41,501 [b4411977-9720-4d4b-9a0b-907fa7158048@group-25329DDABB2C-LeaderElection17] INFO  impl.LeaderElection (LeaderElection.java:askForVotes(321)) - b4411977-9720-4d4b-9a0b-907fa7158048@group-25329DDABB2C-LeaderElection17 PRE_VOTE round 0: submit vote requests at term 0 for -1: peers:[c30a36da-1763-463f-9370-bf353ef860b0|rpc:10.1.0.31:15077|admin:10.1.0.31:15076|client:10.1.0.31:15075|dataStream:10.1.0.31:15078|priority:1|startupRole:FOLLOWER, a629a011-13a9-410c-9234-b770ba2e8ba4|rpc:10.1.0.31:15068|admin:10.1.0.31:15067|client:10.1.0.31:15066|dataStream:10.1.0.31:15069|priority:0|startupRole:FOLLOWER, b4411977-9720-4d4b-9a0b-907fa7158048|rpc:10.1.0.31:15086|admin:10.1.0.31:15085|client:10.1.0.31:15084|dataStream:10.1.0.31:15087|priority:0|startupRole:FOLLOWER]|listeners:[], old=null
2023-06-02 20:40:41,501 [b4411977-9720-4d4b-9a0b-907fa7158048@group-25329DDABB2C-LeaderElection17-1] INFO  server.GrpcServerProtocolClient (GrpcServerProtocolClient.java:<init>(65)) - Build channel for c30a36da-1763-463f-9370-bf353ef860b0
2023-06-02 20:40:41,504 [b4411977-9720-4d4b-9a0b-907fa7158048@group-25329DDABB2C-LeaderElection17] INFO  server.RaftServerConfigKeys (ConfUtils.java:logFallback(53)) - raft.server.rpc.first-election.timeout.min = 5s (fallback to raft.server.rpc.timeout.min)
2023-06-02 20:40:41,504 [b4411977-9720-4d4b-9a0b-907fa7158048@group-25329DDABB2C-LeaderElection17] INFO  server.RaftServerConfigKeys (ConfUtils.java:logFallback(53)) - raft.server.rpc.first-election.timeout.max = 5200ms (fallback to raft.server.rpc.timeout.max)
2023-06-02 20:40:41,505 [b4411977-9720-4d4b-9a0b-907fa7158048@group-25329DDABB2C-LeaderElection17-2] INFO  server.GrpcServerProtocolClient (GrpcServerProtocolClient.java:<init>(65)) - Build channel for a629a011-13a9-410c-9234-b770ba2e8ba4
2023-06-02 20:40:41,507 [a629a011-13a9-410c-9234-b770ba2e8ba4@group-25329DDABB2C-FollowerState] INFO  impl.FollowerState (FollowerState.java:run(143)) - a629a011-13a9-410c-9234-b770ba2e8ba4@group-25329DDABB2C-FollowerState: change to CANDIDATE, lastRpcElapsedTime:5199625800ns, electionTimeout:5195ms
2023-06-02 20:40:41,507 [a629a011-13a9-410c-9234-b770ba2e8ba4@group-25329DDABB2C-FollowerState] INFO  impl.RoleInfo (RoleInfo.java:shutdownFollowerState(110)) - a629a011-13a9-410c-9234-b770ba2e8ba4: shutdown a629a011-13a9-410c-9234-b770ba2e8ba4@group-25329DDABB2C-FollowerState
2023-06-02 20:40:41,507 [a629a011-13a9-410c-9234-b770ba2e8ba4@group-25329DDABB2C-FollowerState] INFO  server.RaftServer$Division (RaftServerImpl.java:setRole(329)) - a629a011-13a9-410c-9234-b770ba2e8ba4@group-25329DDABB2C: changes role from  FOLLOWER to CANDIDATE at term 0 for changeToCandidate
2023-06-02 20:40:41,507 [a629a011-13a9-410c-9234-b770ba2e8ba4@group-25329DDABB2C-FollowerState] INFO  server.RaftServerConfigKeys (ConfUtils.java:logGet(46)) - raft.server.leaderelection.pre-vote = true (default)
2023-06-02 20:40:41,507 [a629a011-13a9-410c-9234-b770ba2e8ba4@group-25329DDABB2C-FollowerState] INFO  impl.RoleInfo (RoleInfo.java:updateAndGet(139)) - a629a011-13a9-410c-9234-b770ba2e8ba4: start a629a011-13a9-410c-9234-b770ba2e8ba4@group-25329DDABB2C-LeaderElection19
2023-06-02 20:40:41,530 [grpc-default-executor-2] INFO  server.RaftServer$Division (RaftServerImpl.java:requestVote(1302)) - c30a36da-1763-463f-9370-bf353ef860b0@group-25329DDABB2C: receive requestVote(PRE_VOTE, b4411977-9720-4d4b-9a0b-907fa7158048, group-25329DDABB2C, 0, (t:0, i:0))
2023-06-02 20:40:41,530 [grpc-default-executor-4] INFO  server.RaftServer$Division (RaftServerImpl.java:requestVote(1302)) - a629a011-13a9-410c-9234-b770ba2e8ba4@group-25329DDABB2C: receive requestVote(PRE_VOTE, b4411977-9720-4d4b-9a0b-907fa7158048, group-25329DDABB2C, 0, (t:0, i:0))
2023-06-02 20:40:41,531 [grpc-default-executor-4] INFO  impl.VoteContext (VoteContext.java:log(49)) - a629a011-13a9-410c-9234-b770ba2e8ba4@group-25329DDABB2C-CANDIDATE: accept PRE_VOTE from b4411977-9720-4d4b-9a0b-907fa7158048: our priority 0 <= candidate's priority 0
2023-06-02 20:40:41,531 [grpc-default-executor-4] INFO  server.RaftServer$Division (RaftServerImpl.java:requestVote(1335)) - a629a011-13a9-410c-9234-b770ba2e8ba4@group-25329DDABB2C replies to PRE_VOTE vote request: b4411977-9720-4d4b-9a0b-907fa7158048<-a629a011-13a9-410c-9234-b770ba2e8ba4#0:OK-t0. Peer's state: a629a011-13a9-410c-9234-b770ba2e8ba4@group-25329DDABB2C:t0, leader=null, voted=, raftlog=Memoized:a629a011-13a9-410c-9234-b770ba2e8ba4@group-25329DDABB2C-SegmentedRaftLog:OPENED:c-1, conf=-1: peers:[c30a36da-1763-463f-9370-bf353ef860b0|rpc:10.1.0.31:15077|admin:10.1.0.31:15076|client:10.1.0.31:15075|dataStream:10.1.0.31:15078|priority:1|startupRole:FOLLOWER, a629a011-13a9-410c-9234-b770ba2e8ba4|rpc:10.1.0.31:15068|admin:10.1.0.31:15067|client:10.1.0.31:15066|dataStream:10.1.0.31:15069|priority:0|startupRole:FOLLOWER, b4411977-9720-4d4b-9a0b-907fa7158048|rpc:10.1.0.31:15086|admin:10.1.0.31:15085|client:10.1.0.31:15084|dataStream:10.1.0.31:15087|priority:0|startupRole:FOLLOWER]|listeners:[], old=null
2023-06-02 20:40:41,547 [a629a011-13a9-410c-9234-b770ba2e8ba4@group-25329DDABB2C-LeaderElection19] INFO  impl.LeaderElection (LeaderElection.java:askForVotes(321)) - a629a011-13a9-410c-9234-b770ba2e8ba4@group-25329DDABB2C-LeaderElection19 PRE_VOTE round 0: submit vote requests at term 0 for -1: peers:[c30a36da-1763-463f-9370-bf353ef860b0|rpc:10.1.0.31:15077|admin:10.1.0.31:15076|client:10.1.0.31:15075|dataStream:10.1.0.31:15078|priority:1|startupRole:FOLLOWER, a629a011-13a9-410c-9234-b770ba2e8ba4|rpc:10.1.0.31:15068|admin:10.1.0.31:15067|client:10.1.0.31:15066|dataStream:10.1.0.31:15069|priority:0|startupRole:FOLLOWER, b4411977-9720-4d4b-9a0b-907fa7158048|rpc:10.1.0.31:15086|admin:10.1.0.31:15085|client:10.1.0.31:15084|dataStream:10.1.0.31:15087|priority:0|startupRole:FOLLOWER]|listeners:[], old=null
2023-06-02 20:40:41,548 [grpc-default-executor-2] INFO  impl.VoteContext (VoteContext.java:log(49)) - c30a36da-1763-463f-9370-bf353ef860b0@group-25329DDABB2C-CANDIDATE: reject PRE_VOTE from b4411977-9720-4d4b-9a0b-907fa7158048: our priority 1 > candidate's priority 0
2023-06-02 20:40:41,548 [grpc-default-executor-2] INFO  server.RaftServer$Division (RaftServerImpl.java:requestVote(1335)) - c30a36da-1763-463f-9370-bf353ef860b0@group-25329DDABB2C replies to PRE_VOTE vote request: b4411977-9720-4d4b-9a0b-907fa7158048<-c30a36da-1763-463f-9370-bf353ef860b0#0:FAIL-t0. Peer's state: c30a36da-1763-463f-9370-bf353ef860b0@group-25329DDABB2C:t0, leader=null, voted=, raftlog=Memoized:c30a36da-1763-463f-9370-bf353ef860b0@group-25329DDABB2C-SegmentedRaftLog:OPENED:c-1, conf=-1: peers:[c30a36da-1763-463f-9370-bf353ef860b0|rpc:10.1.0.31:15077|admin:10.1.0.31:15076|client:10.1.0.31:15075|dataStream:10.1.0.31:15078|priority:1|startupRole:FOLLOWER, a629a011-13a9-410c-9234-b770ba2e8ba4|rpc:10.1.0.31:15068|admin:10.1.0.31:15067|client:10.1.0.31:15066|dataStream:10.1.0.31:15069|priority:0|startupRole:FOLLOWER, b4411977-9720-4d4b-9a0b-907fa7158048|rpc:10.1.0.31:15086|admin:10.1.0.31:15085|client:10.1.0.31:15084|dataStream:10.1.0.31:15087|priority:0|startupRole:FOLLOWER]|listeners:[], old=null
2023-06-02 20:40:41,548 [c30a36da-1763-463f-9370-bf353ef860b0@group-25329DDABB2C-LeaderElection18] INFO  impl.LeaderElection (LeaderElection.java:askForVotes(321)) - c30a36da-1763-463f-9370-bf353ef860b0@group-25329DDABB2C-LeaderElection18 PRE_VOTE round 0: submit vote requests at term 0 for -1: peers:[c30a36da-1763-463f-9370-bf353ef860b0|rpc:10.1.0.31:15077|admin:10.1.0.31:15076|client:10.1.0.31:15075|dataStream:10.1.0.31:15078|priority:1|startupRole:FOLLOWER, a629a011-13a9-410c-9234-b770ba2e8ba4|rpc:10.1.0.31:15068|admin:10.1.0.31:15067|client:10.1.0.31:15066|dataStream:10.1.0.31:15069|priority:0|startupRole:FOLLOWER, b4411977-9720-4d4b-9a0b-907fa7158048|rpc:10.1.0.31:15086|admin:10.1.0.31:15085|client:10.1.0.31:15084|dataStream:10.1.0.31:15087|priority:0|startupRole:FOLLOWER]|listeners:[], old=null
2023-06-02 20:40:41,559 [a629a011-13a9-410c-9234-b770ba2e8ba4@group-25329DDABB2C-LeaderElection19-1] INFO  server.GrpcServerProtocolClient (GrpcServerProtocolClient.java:<init>(65)) - Build channel for c30a36da-1763-463f-9370-bf353ef860b0
2023-06-02 20:40:41,569 [a629a011-13a9-410c-9234-b770ba2e8ba4@group-25329DDABB2C-LeaderElection19] INFO  server.RaftServerConfigKeys (ConfUtils.java:logFallback(53)) - raft.server.rpc.first-election.timeout.min = 5s (fallback to raft.server.rpc.timeout.min)
2023-06-02 20:40:41,574 [b4411977-9720-4d4b-9a0b-907fa7158048@group-25329DDABB2C-LeaderElection17] INFO  impl.LeaderElection (LeaderElection.java:logAndReturn(90)) - b4411977-9720-4d4b-9a0b-907fa7158048@group-25329DDABB2C-LeaderElection17: PRE_VOTE REJECTED received 2 response(s) and 0 exception(s):
2023-06-02 20:40:41,574 [b4411977-9720-4d4b-9a0b-907fa7158048@group-25329DDABB2C-LeaderElection17] INFO  impl.LeaderElection (LeaderElection.java:logAndReturn(94)) -   Response 0: b4411977-9720-4d4b-9a0b-907fa7158048<-c30a36da-1763-463f-9370-bf353ef860b0#0:FAIL-t0
2023-06-02 20:40:41,574 [b4411977-9720-4d4b-9a0b-907fa7158048@group-25329DDABB2C-LeaderElection17] INFO  impl.LeaderElection (LeaderElection.java:logAndReturn(94)) -   Response 1: b4411977-9720-4d4b-9a0b-907fa7158048<-a629a011-13a9-410c-9234-b770ba2e8ba4#0:OK-t0
2023-06-02 20:40:41,574 [b4411977-9720-4d4b-9a0b-907fa7158048@group-25329DDABB2C-LeaderElection17] INFO  impl.LeaderElection (LeaderElection.java:askForVotes(323)) - b4411977-9720-4d4b-9a0b-907fa7158048@group-25329DDABB2C-LeaderElection17 PRE_VOTE round 0: result REJECTED
2023-06-02 20:40:41,574 [b4411977-9720-4d4b-9a0b-907fa7158048@group-25329DDABB2C-LeaderElection17] INFO  server.RaftServer$Division (RaftServerImpl.java:setRole(329)) - b4411977-9720-4d4b-9a0b-907fa7158048@group-25329DDABB2C: changes role from CANDIDATE to FOLLOWER at term 0 for REJECTED
2023-06-02 20:40:41,574 [b4411977-9720-4d4b-9a0b-907fa7158048@group-25329DDABB2C-LeaderElection17] INFO  impl.RoleInfo (RoleInfo.java:shutdownLeaderElection(130)) - b4411977-9720-4d4b-9a0b-907fa7158048: shutdown b4411977-9720-4d4b-9a0b-907fa7158048@group-25329DDABB2C-LeaderElection17
2023-06-02 20:40:41,574 [b4411977-9720-4d4b-9a0b-907fa7158048@group-25329DDABB2C-LeaderElection17] INFO  impl.RoleInfo (RoleInfo.java:updateAndGet(139)) - b4411977-9720-4d4b-9a0b-907fa7158048: start b4411977-9720-4d4b-9a0b-907fa7158048@group-25329DDABB2C-FollowerState
2023-06-02 20:40:41,574 [c30a36da-1763-463f-9370-bf353ef860b0@group-25329DDABB2C-LeaderElection18] INFO  server.RaftServerConfigKeys (ConfUtils.java:logFallback(53)) - raft.server.rpc.first-election.timeout.min = 5s (fallback to raft.server.rpc.timeout.min)
2023-06-02 20:40:41,574 [c30a36da-1763-463f-9370-bf353ef860b0@group-25329DDABB2C-LeaderElection18] INFO  server.RaftServerConfigKeys (ConfUtils.java:logFallback(53)) - raft.server.rpc.first-election.timeout.max = 5200ms (fallback to raft.server.rpc.timeout.max)
2023-06-02 20:40:41,573 [c30a36da-1763-463f-9370-bf353ef860b0@group-25329DDABB2C-LeaderElection18-1] INFO  server.GrpcServerProtocolClient (GrpcServerProtocolClient.java:<init>(65)) - Build channel for a629a011-13a9-410c-9234-b770ba2e8ba4
2023-06-02 20:40:41,574 [a629a011-13a9-410c-9234-b770ba2e8ba4@group-25329DDABB2C-LeaderElection19] INFO  server.RaftServerConfigKeys (ConfUtils.java:logFallback(53)) - raft.server.rpc.first-election.timeout.max = 5200ms (fallback to raft.server.rpc.timeout.max)
2023-06-02 20:40:41,582 [c30a36da-1763-463f-9370-bf353ef860b0@group-25329DDABB2C-LeaderElection18-2] INFO  server.GrpcServerProtocolClient (GrpcServerProtocolClient.java:<init>(65)) - Build channel for b4411977-9720-4d4b-9a0b-907fa7158048
2023-06-02 20:40:41,589 [a629a011-13a9-410c-9234-b770ba2e8ba4@group-25329DDABB2C-LeaderElection19-2] INFO  server.GrpcServerProtocolClient (GrpcServerProtocolClient.java:<init>(65)) - Build channel for b4411977-9720-4d4b-9a0b-907fa7158048
2023-06-02 20:40:41,613 [a629a011-13a9-410c-9234-b770ba2e8ba4@group-2370E48C5EC3-FollowerState] INFO  impl.FollowerState (FollowerState.java:run(143)) - a629a011-13a9-410c-9234-b770ba2e8ba4@group-2370E48C5EC3-FollowerState: change to CANDIDATE, lastRpcElapsedTime:5135611705ns, electionTimeout:5134ms
2023-06-02 20:40:41,613 [a629a011-13a9-410c-9234-b770ba2e8ba4@group-2370E48C5EC3-FollowerState] INFO  impl.RoleInfo (RoleInfo.java:shutdownFollowerState(110)) - a629a011-13a9-410c-9234-b770ba2e8ba4: shutdown a629a011-13a9-410c-9234-b770ba2e8ba4@group-2370E48C5EC3-FollowerState
2023-06-02 20:40:41,613 [a629a011-13a9-410c-9234-b770ba2e8ba4@group-2370E48C5EC3-FollowerState] INFO  server.RaftServer$Division (RaftServerImpl.java:setRole(329)) - a629a011-13a9-410c-9234-b770ba2e8ba4@group-2370E48C5EC3: changes role from  FOLLOWER to CANDIDATE at term 0 for changeToCandidate
2023-06-02 20:40:41,613 [a629a011-13a9-410c-9234-b770ba2e8ba4@group-2370E48C5EC3-FollowerState] INFO  server.RaftServerConfigKeys (ConfUtils.java:logGet(46)) - raft.server.leaderelection.pre-vote = true (default)
2023-06-02 20:40:41,613 [a629a011-13a9-410c-9234-b770ba2e8ba4@group-2370E48C5EC3-FollowerState] INFO  impl.RoleInfo (RoleInfo.java:updateAndGet(139)) - a629a011-13a9-410c-9234-b770ba2e8ba4: start a629a011-13a9-410c-9234-b770ba2e8ba4@group-2370E48C5EC3-LeaderElection20
2023-06-02 20:40:41,627 [grpc-default-executor-2] INFO  server.RaftServer$Division (RaftServerImpl.java:requestVote(1302)) - b4411977-9720-4d4b-9a0b-907fa7158048@group-25329DDABB2C: receive requestVote(PRE_VOTE, c30a36da-1763-463f-9370-bf353ef860b0, group-25329DDABB2C, 0, (t:0, i:0))
2023-06-02 20:40:41,627 [grpc-default-executor-2] INFO  impl.VoteContext (VoteContext.java:log(49)) - b4411977-9720-4d4b-9a0b-907fa7158048@group-25329DDABB2C-FOLLOWER: accept PRE_VOTE from c30a36da-1763-463f-9370-bf353ef860b0: our priority 0 <= candidate's priority 1
2023-06-02 20:40:41,628 [grpc-default-executor-2] INFO  server.RaftServer$Division (RaftServerImpl.java:requestVote(1335)) - b4411977-9720-4d4b-9a0b-907fa7158048@group-25329DDABB2C replies to PRE_VOTE vote request: c30a36da-1763-463f-9370-bf353ef860b0<-b4411977-9720-4d4b-9a0b-907fa7158048#0:OK-t0. Peer's state: b4411977-9720-4d4b-9a0b-907fa7158048@group-25329DDABB2C:t0, leader=null, voted=, raftlog=Memoized:b4411977-9720-4d4b-9a0b-907fa7158048@group-25329DDABB2C-SegmentedRaftLog:OPENED:c-1, conf=-1: peers:[c30a36da-1763-463f-9370-bf353ef860b0|rpc:10.1.0.31:15077|admin:10.1.0.31:15076|client:10.1.0.31:15075|dataStream:10.1.0.31:15078|priority:1|startupRole:FOLLOWER, a629a011-13a9-410c-9234-b770ba2e8ba4|rpc:10.1.0.31:15068|admin:10.1.0.31:15067|client:10.1.0.31:15066|dataStream:10.1.0.31:15069|priority:0|startupRole:FOLLOWER, b4411977-9720-4d4b-9a0b-907fa7158048|rpc:10.1.0.31:15086|admin:10.1.0.31:15085|client:10.1.0.31:15084|dataStream:10.1.0.31:15087|priority:0|startupRole:FOLLOWER]|listeners:[], old=null
2023-06-02 20:40:41,628 [a629a011-13a9-410c-9234-b770ba2e8ba4@group-2370E48C5EC3-LeaderElection20] INFO  impl.LeaderElection (LeaderElection.java:askForVotes(321)) - a629a011-13a9-410c-9234-b770ba2e8ba4@group-2370E48C5EC3-LeaderElection20 PRE_VOTE round 0: submit vote requests at term 0 for -1: peers:[c30a36da-1763-463f-9370-bf353ef860b0|rpc:10.1.0.31:15077|admin:10.1.0.31:15076|client:10.1.0.31:15075|dataStream:10.1.0.31:15078|priority:0|startupRole:FOLLOWER, a629a011-13a9-410c-9234-b770ba2e8ba4|rpc:10.1.0.31:15068|admin:10.1.0.31:15067|client:10.1.0.31:15066|dataStream:10.1.0.31:15069|priority:1|startupRole:FOLLOWER, b4411977-9720-4d4b-9a0b-907fa7158048|rpc:10.1.0.31:15086|admin:10.1.0.31:15085|client:10.1.0.31:15084|dataStream:10.1.0.31:15087|priority:0|startupRole:FOLLOWER]|listeners:[], old=null
2023-06-02 20:40:41,628 [grpc-default-executor-4] INFO  server.RaftServer$Division (RaftServerImpl.java:requestVote(1302)) - a629a011-13a9-410c-9234-b770ba2e8ba4@group-25329DDABB2C: receive requestVote(PRE_VOTE, c30a36da-1763-463f-9370-bf353ef860b0, group-25329DDABB2C, 0, (t:0, i:0))
2023-06-02 20:40:41,629 [grpc-default-executor-4] INFO  impl.VoteContext (VoteContext.java:log(49)) - a629a011-13a9-410c-9234-b770ba2e8ba4@group-25329DDABB2C-CANDIDATE: accept PRE_VOTE from c30a36da-1763-463f-9370-bf353ef860b0: our priority 0 <= candidate's priority 1
2023-06-02 20:40:41,629 [grpc-default-executor-4] INFO  server.RaftServer$Division (RaftServerImpl.java:requestVote(1335)) - a629a011-13a9-410c-9234-b770ba2e8ba4@group-25329DDABB2C replies to PRE_VOTE vote request: c30a36da-1763-463f-9370-bf353ef860b0<-a629a011-13a9-410c-9234-b770ba2e8ba4#0:OK-t0. Peer's state: a629a011-13a9-410c-9234-b770ba2e8ba4@group-25329DDABB2C:t0, leader=null, voted=, raftlog=Memoized:a629a011-13a9-410c-9234-b770ba2e8ba4@group-25329DDABB2C-SegmentedRaftLog:OPENED:c-1, conf=-1: peers:[c30a36da-1763-463f-9370-bf353ef860b0|rpc:10.1.0.31:15077|admin:10.1.0.31:15076|client:10.1.0.31:15075|dataStream:10.1.0.31:15078|priority:1|startupRole:FOLLOWER, a629a011-13a9-410c-9234-b770ba2e8ba4|rpc:10.1.0.31:15068|admin:10.1.0.31:15067|client:10.1.0.31:15066|dataStream:10.1.0.31:15069|priority:0|startupRole:FOLLOWER, b4411977-9720-4d4b-9a0b-907fa7158048|rpc:10.1.0.31:15086|admin:10.1.0.31:15085|client:10.1.0.31:15084|dataStream:10.1.0.31:15087|priority:0|startupRole:FOLLOWER]|listeners:[], old=null
2023-06-02 20:40:41,639 [a629a011-13a9-410c-9234-b770ba2e8ba4@group-2370E48C5EC3-LeaderElection20] INFO  server.RaftServerConfigKeys (ConfUtils.java:logFallback(53)) - raft.server.rpc.first-election.timeout.min = 5s (fallback to raft.server.rpc.timeout.min)
2023-06-02 20:40:41,639 [a629a011-13a9-410c-9234-b770ba2e8ba4@group-2370E48C5EC3-LeaderElection20] INFO  server.RaftServerConfigKeys (ConfUtils.java:logFallback(53)) - raft.server.rpc.first-election.timeout.max = 5200ms (fallback to raft.server.rpc.timeout.max)
2023-06-02 20:40:41,651 [b4411977-9720-4d4b-9a0b-907fa7158048@group-2370E48C5EC3-FollowerState] INFO  impl.FollowerState (FollowerState.java:run(143)) - b4411977-9720-4d4b-9a0b-907fa7158048@group-2370E48C5EC3-FollowerState: change to CANDIDATE, lastRpcElapsedTime:5131926794ns, electionTimeout:5130ms
2023-06-02 20:40:41,651 [b4411977-9720-4d4b-9a0b-907fa7158048@group-2370E48C5EC3-FollowerState] INFO  impl.RoleInfo (RoleInfo.java:shutdownFollowerState(110)) - b4411977-9720-4d4b-9a0b-907fa7158048: shutdown b4411977-9720-4d4b-9a0b-907fa7158048@group-2370E48C5EC3-FollowerState
2023-06-02 20:40:41,651 [b4411977-9720-4d4b-9a0b-907fa7158048@group-2370E48C5EC3-FollowerState] INFO  server.RaftServer$Division (RaftServerImpl.java:setRole(329)) - b4411977-9720-4d4b-9a0b-907fa7158048@group-2370E48C5EC3: changes role from  FOLLOWER to CANDIDATE at term 0 for changeToCandidate
2023-06-02 20:40:41,654 [b4411977-9720-4d4b-9a0b-907fa7158048@group-2370E48C5EC3-FollowerState] INFO  server.RaftServerConfigKeys (ConfUtils.java:logGet(46)) - raft.server.leaderelection.pre-vote = true (default)
2023-06-02 20:40:41,654 [b4411977-9720-4d4b-9a0b-907fa7158048@group-2370E48C5EC3-FollowerState] INFO  impl.RoleInfo (RoleInfo.java:updateAndGet(139)) - b4411977-9720-4d4b-9a0b-907fa7158048: start b4411977-9720-4d4b-9a0b-907fa7158048@group-2370E48C5EC3-LeaderElection21
2023-06-02 20:40:41,658 [c30a36da-1763-463f-9370-bf353ef860b0@group-2370E48C5EC3-FollowerState] INFO  impl.FollowerState (FollowerState.java:run(143)) - c30a36da-1763-463f-9370-bf353ef860b0@group-2370E48C5EC3-FollowerState: change to CANDIDATE, lastRpcElapsedTime:5078174158ns, electionTimeout:5070ms
2023-06-02 20:40:41,658 [c30a36da-1763-463f-9370-bf353ef860b0@group-2370E48C5EC3-FollowerState] INFO  impl.RoleInfo (RoleInfo.java:shutdownFollowerState(110)) - c30a36da-1763-463f-9370-bf353ef860b0: shutdown c30a36da-1763-463f-9370-bf353ef860b0@group-2370E48C5EC3-FollowerState
2023-06-02 20:40:41,658 [c30a36da-1763-463f-9370-bf353ef860b0@group-2370E48C5EC3-FollowerState] INFO  server.RaftServer$Division (RaftServerImpl.java:setRole(329)) - c30a36da-1763-463f-9370-bf353ef860b0@group-2370E48C5EC3: changes role from  FOLLOWER to CANDIDATE at term 0 for changeToCandidate
2023-06-02 20:40:41,679 [c30a36da-1763-463f-9370-bf353ef860b0@group-2370E48C5EC3-FollowerState] INFO  server.RaftServerConfigKeys (ConfUtils.java:logGet(46)) - raft.server.leaderelection.pre-vote = true (default)
2023-06-02 20:40:41,679 [c30a36da-1763-463f-9370-bf353ef860b0@group-2370E48C5EC3-FollowerState] INFO  impl.RoleInfo (RoleInfo.java:updateAndGet(139)) - c30a36da-1763-463f-9370-bf353ef860b0: start c30a36da-1763-463f-9370-bf353ef860b0@group-2370E48C5EC3-LeaderElection22
2023-06-02 20:40:41,683 [grpc-default-executor-4] INFO  server.RaftServer$Division (RaftServerImpl.java:requestVote(1302)) - b4411977-9720-4d4b-9a0b-907fa7158048@group-2370E48C5EC3: receive requestVote(PRE_VOTE, a629a011-13a9-410c-9234-b770ba2e8ba4, group-2370E48C5EC3, 0, (t:0, i:0))
2023-06-02 20:40:41,683 [grpc-default-executor-5] INFO  server.RaftServer$Division (RaftServerImpl.java:requestVote(1302)) - b4411977-9720-4d4b-9a0b-907fa7158048@group-25329DDABB2C: receive requestVote(PRE_VOTE, a629a011-13a9-410c-9234-b770ba2e8ba4, group-25329DDABB2C, 0, (t:0, i:0))
2023-06-02 20:40:41,683 [grpc-default-executor-5] INFO  impl.VoteContext (VoteContext.java:log(49)) - b4411977-9720-4d4b-9a0b-907fa7158048@group-25329DDABB2C-FOLLOWER: accept PRE_VOTE from a629a011-13a9-410c-9234-b770ba2e8ba4: our priority 0 <= candidate's priority 0
2023-06-02 20:40:41,683 [grpc-default-executor-5] INFO  server.RaftServer$Division (RaftServerImpl.java:requestVote(1335)) - b4411977-9720-4d4b-9a0b-907fa7158048@group-25329DDABB2C replies to PRE_VOTE vote request: a629a011-13a9-410c-9234-b770ba2e8ba4<-b4411977-9720-4d4b-9a0b-907fa7158048#0:OK-t0. Peer's state: b4411977-9720-4d4b-9a0b-907fa7158048@group-25329DDABB2C:t0, leader=null, voted=, raftlog=Memoized:b4411977-9720-4d4b-9a0b-907fa7158048@group-25329DDABB2C-SegmentedRaftLog:OPENED:c-1, conf=-1: peers:[c30a36da-1763-463f-9370-bf353ef860b0|rpc:10.1.0.31:15077|admin:10.1.0.31:15076|client:10.1.0.31:15075|dataStream:10.1.0.31:15078|priority:1|startupRole:FOLLOWER, a629a011-13a9-410c-9234-b770ba2e8ba4|rpc:10.1.0.31:15068|admin:10.1.0.31:15067|client:10.1.0.31:15066|dataStream:10.1.0.31:15069|priority:0|startupRole:FOLLOWER, b4411977-9720-4d4b-9a0b-907fa7158048|rpc:10.1.0.31:15086|admin:10.1.0.31:15085|client:10.1.0.31:15084|dataStream:10.1.0.31:15087|priority:0|startupRole:FOLLOWER]|listeners:[], old=null
2023-06-02 20:40:41,684 [grpc-default-executor-2] INFO  server.RaftServer$Division (RaftServerImpl.java:requestVote(1302)) - c30a36da-1763-463f-9370-bf353ef860b0@group-25329DDABB2C: receive requestVote(PRE_VOTE, a629a011-13a9-410c-9234-b770ba2e8ba4, group-25329DDABB2C, 0, (t:0, i:0))
2023-06-02 20:40:41,684 [grpc-default-executor-2] INFO  impl.VoteContext (VoteContext.java:log(49)) - c30a36da-1763-463f-9370-bf353ef860b0@group-25329DDABB2C-CANDIDATE: reject PRE_VOTE from a629a011-13a9-410c-9234-b770ba2e8ba4: our priority 1 > candidate's priority 0
2023-06-02 20:40:41,684 [grpc-default-executor-2] INFO  server.RaftServer$Division (RaftServerImpl.java:requestVote(1335)) - c30a36da-1763-463f-9370-bf353ef860b0@group-25329DDABB2C replies to PRE_VOTE vote request: a629a011-13a9-410c-9234-b770ba2e8ba4<-c30a36da-1763-463f-9370-bf353ef860b0#0:FAIL-t0. Peer's state: c30a36da-1763-463f-9370-bf353ef860b0@group-25329DDABB2C:t0, leader=null, voted=, raftlog=Memoized:c30a36da-1763-463f-9370-bf353ef860b0@group-25329DDABB2C-SegmentedRaftLog:OPENED:c-1, conf=-1: peers:[c30a36da-1763-463f-9370-bf353ef860b0|rpc:10.1.0.31:15077|admin:10.1.0.31:15076|client:10.1.0.31:15075|dataStream:10.1.0.31:15078|priority:1|startupRole:FOLLOWER, a629a011-13a9-410c-9234-b770ba2e8ba4|rpc:10.1.0.31:15068|admin:10.1.0.31:15067|client:10.1.0.31:15066|dataStream:10.1.0.31:15069|priority:0|startupRole:FOLLOWER, b4411977-9720-4d4b-9a0b-907fa7158048|rpc:10.1.0.31:15086|admin:10.1.0.31:15085|client:10.1.0.31:15084|dataStream:10.1.0.31:15087|priority:0|startupRole:FOLLOWER]|listeners:[], old=null
2023-06-02 20:40:41,709 [c30a36da-1763-463f-9370-bf353ef860b0@group-25329DDABB2C-LeaderElection18] INFO  impl.LeaderElection (LeaderElection.java:logAndReturn(90)) - c30a36da-1763-463f-9370-bf353ef860b0@group-25329DDABB2C-LeaderElection18: PRE_VOTE PASSED received 1 response(s) and 0 exception(s):
2023-06-02 20:40:41,709 [c30a36da-1763-463f-9370-bf353ef860b0@group-25329DDABB2C-LeaderElection18] INFO  impl.LeaderElection (LeaderElection.java:logAndReturn(94)) -   Response 0: c30a36da-1763-463f-9370-bf353ef860b0<-a629a011-13a9-410c-9234-b770ba2e8ba4#0:OK-t0
2023-06-02 20:40:41,709 [c30a36da-1763-463f-9370-bf353ef860b0@group-25329DDABB2C-LeaderElection18] INFO  impl.LeaderElection (LeaderElection.java:askForVotes(323)) - c30a36da-1763-463f-9370-bf353ef860b0@group-25329DDABB2C-LeaderElection18 PRE_VOTE round 0: result PASSED
2023-06-02 20:40:41,718 [b4411977-9720-4d4b-9a0b-907fa7158048@group-2370E48C5EC3-LeaderElection21] INFO  impl.LeaderElection (LeaderElection.java:askForVotes(321)) - b4411977-9720-4d4b-9a0b-907fa7158048@group-2370E48C5EC3-LeaderElection21 PRE_VOTE round 0: submit vote requests at term 0 for -1: peers:[c30a36da-1763-463f-9370-bf353ef860b0|rpc:10.1.0.31:15077|admin:10.1.0.31:15076|client:10.1.0.31:15075|dataStream:10.1.0.31:15078|priority:0|startupRole:FOLLOWER, a629a011-13a9-410c-9234-b770ba2e8ba4|rpc:10.1.0.31:15068|admin:10.1.0.31:15067|client:10.1.0.31:15066|dataStream:10.1.0.31:15069|priority:1|startupRole:FOLLOWER, b4411977-9720-4d4b-9a0b-907fa7158048|rpc:10.1.0.31:15086|admin:10.1.0.31:15085|client:10.1.0.31:15084|dataStream:10.1.0.31:15087|priority:0|startupRole:FOLLOWER]|listeners:[], old=null
2023-06-02 20:40:41,719 [grpc-default-executor-4] INFO  impl.VoteContext (VoteContext.java:log(49)) - b4411977-9720-4d4b-9a0b-907fa7158048@group-2370E48C5EC3-CANDIDATE: accept PRE_VOTE from a629a011-13a9-410c-9234-b770ba2e8ba4: our priority 0 <= candidate's priority 1
2023-06-02 20:40:41,719 [grpc-default-executor-4] INFO  server.RaftServer$Division (RaftServerImpl.java:requestVote(1335)) - b4411977-9720-4d4b-9a0b-907fa7158048@group-2370E48C5EC3 replies to PRE_VOTE vote request: a629a011-13a9-410c-9234-b770ba2e8ba4<-b4411977-9720-4d4b-9a0b-907fa7158048#0:OK-t0. Peer's state: b4411977-9720-4d4b-9a0b-907fa7158048@group-2370E48C5EC3:t0, leader=null, voted=, raftlog=Memoized:b4411977-9720-4d4b-9a0b-907fa7158048@group-2370E48C5EC3-SegmentedRaftLog:OPENED:c-1, conf=-1: peers:[c30a36da-1763-463f-9370-bf353ef860b0|rpc:10.1.0.31:15077|admin:10.1.0.31:15076|client:10.1.0.31:15075|dataStream:10.1.0.31:15078|priority:0|startupRole:FOLLOWER, a629a011-13a9-410c-9234-b770ba2e8ba4|rpc:10.1.0.31:15068|admin:10.1.0.31:15067|client:10.1.0.31:15066|dataStream:10.1.0.31:15069|priority:1|startupRole:FOLLOWER, b4411977-9720-4d4b-9a0b-907fa7158048|rpc:10.1.0.31:15086|admin:10.1.0.31:15085|client:10.1.0.31:15084|dataStream:10.1.0.31:15087|priority:0|startupRole:FOLLOWER]|listeners:[], old=null
2023-06-02 20:40:41,731 [c30a36da-1763-463f-9370-bf353ef860b0@group-2370E48C5EC3-LeaderElection22] INFO  impl.LeaderElection (LeaderElection.java:askForVotes(321)) - c30a36da-1763-463f-9370-bf353ef860b0@group-2370E48C5EC3-LeaderElection22 PRE_VOTE round 0: submit vote requests at term 0 for -1: peers:[c30a36da-1763-463f-9370-bf353ef860b0|rpc:10.1.0.31:15077|admin:10.1.0.31:15076|client:10.1.0.31:15075|dataStream:10.1.0.31:15078|priority:0|startupRole:FOLLOWER, a629a011-13a9-410c-9234-b770ba2e8ba4|rpc:10.1.0.31:15068|admin:10.1.0.31:15067|client:10.1.0.31:15066|dataStream:10.1.0.31:15069|priority:1|startupRole:FOLLOWER, b4411977-9720-4d4b-9a0b-907fa7158048|rpc:10.1.0.31:15086|admin:10.1.0.31:15085|client:10.1.0.31:15084|dataStream:10.1.0.31:15087|priority:0|startupRole:FOLLOWER]|listeners:[], old=null
2023-06-02 20:40:41,732 [c30a36da-1763-463f-9370-bf353ef860b0@group-2370E48C5EC3-LeaderElection22] INFO  server.RaftServerConfigKeys (ConfUtils.java:logFallback(53)) - raft.server.rpc.first-election.timeout.min = 5s (fallback to raft.server.rpc.timeout.min)
2023-06-02 20:40:41,732 [c30a36da-1763-463f-9370-bf353ef860b0@group-2370E48C5EC3-LeaderElection22] INFO  server.RaftServerConfigKeys (ConfUtils.java:logFallback(53)) - raft.server.rpc.first-election.timeout.max = 5200ms (fallback to raft.server.rpc.timeout.max)
2023-06-02 20:40:41,733 [b4411977-9720-4d4b-9a0b-907fa7158048@group-2370E48C5EC3-LeaderElection21] INFO  server.RaftServerConfigKeys (ConfUtils.java:logFallback(53)) - raft.server.rpc.first-election.timeout.min = 5s (fallback to raft.server.rpc.timeout.min)
2023-06-02 20:40:41,733 [b4411977-9720-4d4b-9a0b-907fa7158048@group-2370E48C5EC3-LeaderElection21] INFO  server.RaftServerConfigKeys (ConfUtils.java:logFallback(53)) - raft.server.rpc.first-election.timeout.max = 5200ms (fallback to raft.server.rpc.timeout.max)
2023-06-02 20:40:41,750 [grpc-default-executor-4] INFO  server.RaftServer$Division (RaftServerImpl.java:requestVote(1302)) - c30a36da-1763-463f-9370-bf353ef860b0@group-2370E48C5EC3: receive requestVote(PRE_VOTE, a629a011-13a9-410c-9234-b770ba2e8ba4, group-2370E48C5EC3, 0, (t:0, i:0))
2023-06-02 20:40:41,750 [a629a011-13a9-410c-9234-b770ba2e8ba4@group-25329DDABB2C-LeaderElection19] INFO  impl.LeaderElection (LeaderElection.java:logAndReturn(90)) - a629a011-13a9-410c-9234-b770ba2e8ba4@group-25329DDABB2C-LeaderElection19: PRE_VOTE REJECTED received 2 response(s) and 0 exception(s):
2023-06-02 20:40:41,750 [a629a011-13a9-410c-9234-b770ba2e8ba4@group-25329DDABB2C-LeaderElection19] INFO  impl.LeaderElection (LeaderElection.java:logAndReturn(94)) -   Response 0: a629a011-13a9-410c-9234-b770ba2e8ba4<-c30a36da-1763-463f-9370-bf353ef860b0#0:FAIL-t0
2023-06-02 20:40:41,750 [a629a011-13a9-410c-9234-b770ba2e8ba4@group-25329DDABB2C-LeaderElection19] INFO  impl.LeaderElection (LeaderElection.java:logAndReturn(94)) -   Response 1: a629a011-13a9-410c-9234-b770ba2e8ba4<-b4411977-9720-4d4b-9a0b-907fa7158048#0:OK-t0
2023-06-02 20:40:41,750 [grpc-default-executor-2] INFO  server.RaftServer$Division (RaftServerImpl.java:requestVote(1302)) - a629a011-13a9-410c-9234-b770ba2e8ba4@group-2370E48C5EC3: receive requestVote(PRE_VOTE, c30a36da-1763-463f-9370-bf353ef860b0, group-2370E48C5EC3, 0, (t:0, i:0))
2023-06-02 20:40:41,750 [a629a011-13a9-410c-9234-b770ba2e8ba4@group-25329DDABB2C-LeaderElection19] INFO  impl.LeaderElection (LeaderElection.java:askForVotes(323)) - a629a011-13a9-410c-9234-b770ba2e8ba4@group-25329DDABB2C-LeaderElection19 PRE_VOTE round 0: result REJECTED
2023-06-02 20:40:41,751 [grpc-default-executor-2] INFO  impl.VoteContext (VoteContext.java:log(49)) - a629a011-13a9-410c-9234-b770ba2e8ba4@group-2370E48C5EC3-CANDIDATE: reject PRE_VOTE from c30a36da-1763-463f-9370-bf353ef860b0: our priority 1 > candidate's priority 0
2023-06-02 20:40:41,751 [a629a011-13a9-410c-9234-b770ba2e8ba4@group-25329DDABB2C-LeaderElection19] INFO  server.RaftServer$Division (RaftServerImpl.java:setRole(329)) - a629a011-13a9-410c-9234-b770ba2e8ba4@group-25329DDABB2C: changes role from CANDIDATE to FOLLOWER at term 0 for REJECTED
2023-06-02 20:40:41,751 [grpc-default-executor-2] INFO  server.RaftServer$Division (RaftServerImpl.java:requestVote(1335)) - a629a011-13a9-410c-9234-b770ba2e8ba4@group-2370E48C5EC3 replies to PRE_VOTE vote request: c30a36da-1763-463f-9370-bf353ef860b0<-a629a011-13a9-410c-9234-b770ba2e8ba4#0:FAIL-t0. Peer's state: a629a011-13a9-410c-9234-b770ba2e8ba4@group-2370E48C5EC3:t0, leader=null, voted=, raftlog=Memoized:a629a011-13a9-410c-9234-b770ba2e8ba4@group-2370E48C5EC3-SegmentedRaftLog:OPENED:c-1, conf=-1: peers:[c30a36da-1763-463f-9370-bf353ef860b0|rpc:10.1.0.31:15077|admin:10.1.0.31:15076|client:10.1.0.31:15075|dataStream:10.1.0.31:15078|priority:0|startupRole:FOLLOWER, a629a011-13a9-410c-9234-b770ba2e8ba4|rpc:10.1.0.31:15068|admin:10.1.0.31:15067|client:10.1.0.31:15066|dataStream:10.1.0.31:15069|priority:1|startupRole:FOLLOWER, b4411977-9720-4d4b-9a0b-907fa7158048|rpc:10.1.0.31:15086|admin:10.1.0.31:15085|client:10.1.0.31:15084|dataStream:10.1.0.31:15087|priority:0|startupRole:FOLLOWER]|listeners:[], old=null
2023-06-02 20:40:41,751 [grpc-default-executor-4] INFO  impl.VoteContext (VoteContext.java:log(49)) - c30a36da-1763-463f-9370-bf353ef860b0@group-2370E48C5EC3-CANDIDATE: accept PRE_VOTE from a629a011-13a9-410c-9234-b770ba2e8ba4: our priority 0 <= candidate's priority 1
2023-06-02 20:40:41,751 [grpc-default-executor-4] INFO  server.RaftServer$Division (RaftServerImpl.java:requestVote(1335)) - c30a36da-1763-463f-9370-bf353ef860b0@group-2370E48C5EC3 replies to PRE_VOTE vote request: a629a011-13a9-410c-9234-b770ba2e8ba4<-c30a36da-1763-463f-9370-bf353ef860b0#0:OK-t0. Peer's state: c30a36da-1763-463f-9370-bf353ef860b0@group-2370E48C5EC3:t0, leader=null, voted=, raftlog=Memoized:c30a36da-1763-463f-9370-bf353ef860b0@group-2370E48C5EC3-SegmentedRaftLog:OPENED:c-1, conf=-1: peers:[c30a36da-1763-463f-9370-bf353ef860b0|rpc:10.1.0.31:15077|admin:10.1.0.31:15076|client:10.1.0.31:15075|dataStream:10.1.0.31:15078|priority:0|startupRole:FOLLOWER, a629a011-13a9-410c-9234-b770ba2e8ba4|rpc:10.1.0.31:15068|admin:10.1.0.31:15067|client:10.1.0.31:15066|dataStream:10.1.0.31:15069|priority:1|startupRole:FOLLOWER, b4411977-9720-4d4b-9a0b-907fa7158048|rpc:10.1.0.31:15086|admin:10.1.0.31:15085|client:10.1.0.31:15084|dataStream:10.1.0.31:15087|priority:0|startupRole:FOLLOWER]|listeners:[], old=null
2023-06-02 20:40:41,751 [a629a011-13a9-410c-9234-b770ba2e8ba4@group-25329DDABB2C-LeaderElection19] INFO  impl.RoleInfo (RoleInfo.java:shutdownLeaderElection(130)) - a629a011-13a9-410c-9234-b770ba2e8ba4: shutdown a629a011-13a9-410c-9234-b770ba2e8ba4@group-25329DDABB2C-LeaderElection19
2023-06-02 20:40:41,752 [a629a011-13a9-410c-9234-b770ba2e8ba4@group-25329DDABB2C-LeaderElection19] INFO  impl.RoleInfo (RoleInfo.java:updateAndGet(139)) - a629a011-13a9-410c-9234-b770ba2e8ba4: start a629a011-13a9-410c-9234-b770ba2e8ba4@group-25329DDABB2C-FollowerState
2023-06-02 20:40:41,756 [c30a36da-1763-463f-9370-bf353ef860b0@group-25329DDABB2C-LeaderElection18] INFO  impl.LeaderElection (LeaderElection.java:askForVotes(321)) - c30a36da-1763-463f-9370-bf353ef860b0@group-25329DDABB2C-LeaderElection18 ELECTION round 0: submit vote requests at term 1 for -1: peers:[c30a36da-1763-463f-9370-bf353ef860b0|rpc:10.1.0.31:15077|admin:10.1.0.31:15076|client:10.1.0.31:15075|dataStream:10.1.0.31:15078|priority:1|startupRole:FOLLOWER, a629a011-13a9-410c-9234-b770ba2e8ba4|rpc:10.1.0.31:15068|admin:10.1.0.31:15067|client:10.1.0.31:15066|dataStream:10.1.0.31:15069|priority:0|startupRole:FOLLOWER, b4411977-9720-4d4b-9a0b-907fa7158048|rpc:10.1.0.31:15086|admin:10.1.0.31:15085|client:10.1.0.31:15084|dataStream:10.1.0.31:15087|priority:0|startupRole:FOLLOWER]|listeners:[], old=null
2023-06-02 20:40:41,760 [grpc-default-executor-4] INFO  server.RaftServer$Division (RaftServerImpl.java:requestVote(1302)) - c30a36da-1763-463f-9370-bf353ef860b0@group-2370E48C5EC3: receive requestVote(PRE_VOTE, b4411977-9720-4d4b-9a0b-907fa7158048, group-2370E48C5EC3, 0, (t:0, i:0))
2023-06-02 20:40:41,760 [grpc-default-executor-4] INFO  impl.VoteContext (VoteContext.java:log(49)) - c30a36da-1763-463f-9370-bf353ef860b0@group-2370E48C5EC3-CANDIDATE: accept PRE_VOTE from b4411977-9720-4d4b-9a0b-907fa7158048: our priority 0 <= candidate's priority 0
2023-06-02 20:40:41,760 [grpc-default-executor-4] INFO  server.RaftServer$Division (RaftServerImpl.java:requestVote(1335)) - c30a36da-1763-463f-9370-bf353ef860b0@group-2370E48C5EC3 replies to PRE_VOTE vote request: b4411977-9720-4d4b-9a0b-907fa7158048<-c30a36da-1763-463f-9370-bf353ef860b0#0:OK-t0. Peer's state: c30a36da-1763-463f-9370-bf353ef860b0@group-2370E48C5EC3:t0, leader=null, voted=, raftlog=Memoized:c30a36da-1763-463f-9370-bf353ef860b0@group-2370E48C5EC3-SegmentedRaftLog:OPENED:c-1, conf=-1: peers:[c30a36da-1763-463f-9370-bf353ef860b0|rpc:10.1.0.31:15077|admin:10.1.0.31:15076|client:10.1.0.31:15075|dataStream:10.1.0.31:15078|priority:0|startupRole:FOLLOWER, a629a011-13a9-410c-9234-b770ba2e8ba4|rpc:10.1.0.31:15068|admin:10.1.0.31:15067|client:10.1.0.31:15066|dataStream:10.1.0.31:15069|priority:1|startupRole:FOLLOWER, b4411977-9720-4d4b-9a0b-907fa7158048|rpc:10.1.0.31:15086|admin:10.1.0.31:15085|client:10.1.0.31:15084|dataStream:10.1.0.31:15087|priority:0|startupRole:FOLLOWER]|listeners:[], old=null
2023-06-02 20:40:41,763 [c30a36da-1763-463f-9370-bf353ef860b0@group-25329DDABB2C-LeaderElection18] INFO  server.RaftServerConfigKeys (ConfUtils.java:logFallback(53)) - raft.server.rpc.first-election.timeout.min = 5s (fallback to raft.server.rpc.timeout.min)
2023-06-02 20:40:41,763 [c30a36da-1763-463f-9370-bf353ef860b0@group-25329DDABB2C-LeaderElection18] INFO  server.RaftServerConfigKeys (ConfUtils.java:logFallback(53)) - raft.server.rpc.first-election.timeout.max = 5200ms (fallback to raft.server.rpc.timeout.max)
2023-06-02 20:40:41,766 [a629a011-13a9-410c-9234-b770ba2e8ba4@group-2370E48C5EC3-LeaderElection20] INFO  impl.LeaderElection (LeaderElection.java:logAndReturn(90)) - a629a011-13a9-410c-9234-b770ba2e8ba4@group-2370E48C5EC3-LeaderElection20: PRE_VOTE PASSED received 1 response(s) and 0 exception(s):
2023-06-02 20:40:41,766 [a629a011-13a9-410c-9234-b770ba2e8ba4@group-2370E48C5EC3-LeaderElection20] INFO  impl.LeaderElection (LeaderElection.java:logAndReturn(94)) -   Response 0: a629a011-13a9-410c-9234-b770ba2e8ba4<-b4411977-9720-4d4b-9a0b-907fa7158048#0:OK-t0
2023-06-02 20:40:41,767 [a629a011-13a9-410c-9234-b770ba2e8ba4@group-2370E48C5EC3-LeaderElection20] INFO  impl.LeaderElection (LeaderElection.java:askForVotes(323)) - a629a011-13a9-410c-9234-b770ba2e8ba4@group-2370E48C5EC3-LeaderElection20 PRE_VOTE round 0: result PASSED
2023-06-02 20:40:41,768 [c30a36da-1763-463f-9370-bf353ef860b0@group-2370E48C5EC3-LeaderElection22] INFO  impl.LeaderElection (LeaderElection.java:logAndReturn(90)) - c30a36da-1763-463f-9370-bf353ef860b0@group-2370E48C5EC3-LeaderElection22: PRE_VOTE REJECTED received 1 response(s) and 0 exception(s):
2023-06-02 20:40:41,768 [c30a36da-1763-463f-9370-bf353ef860b0@group-2370E48C5EC3-LeaderElection22] INFO  impl.LeaderElection (LeaderElection.java:logAndReturn(94)) -   Response 0: c30a36da-1763-463f-9370-bf353ef860b0<-a629a011-13a9-410c-9234-b770ba2e8ba4#0:FAIL-t0
2023-06-02 20:40:41,768 [c30a36da-1763-463f-9370-bf353ef860b0@group-2370E48C5EC3-LeaderElection22] INFO  impl.LeaderElection (LeaderElection.java:askForVotes(323)) - c30a36da-1763-463f-9370-bf353ef860b0@group-2370E48C5EC3-LeaderElection22 PRE_VOTE round 0: result REJECTED
2023-06-02 20:40:41,768 [c30a36da-1763-463f-9370-bf353ef860b0@group-2370E48C5EC3-LeaderElection22] INFO  server.RaftServer$Division (RaftServerImpl.java:setRole(329)) - c30a36da-1763-463f-9370-bf353ef860b0@group-2370E48C5EC3: changes role from CANDIDATE to FOLLOWER at term 0 for REJECTED
2023-06-02 20:40:41,768 [c30a36da-1763-463f-9370-bf353ef860b0@group-2370E48C5EC3-LeaderElection22] INFO  impl.RoleInfo (RoleInfo.java:shutdownLeaderElection(130)) - c30a36da-1763-463f-9370-bf353ef860b0: shutdown c30a36da-1763-463f-9370-bf353ef860b0@group-2370E48C5EC3-LeaderElection22
2023-06-02 20:40:41,768 [c30a36da-1763-463f-9370-bf353ef860b0@group-2370E48C5EC3-LeaderElection22] INFO  impl.RoleInfo (RoleInfo.java:updateAndGet(139)) - c30a36da-1763-463f-9370-bf353ef860b0: start c30a36da-1763-463f-9370-bf353ef860b0@group-2370E48C5EC3-FollowerState
2023-06-02 20:40:41,782 [main] INFO  impl.MetricsSystemImpl (MetricsSystemImpl.java:init(158)) - XceiverClientMetrics metrics system started (again)
2023-06-02 20:40:41,787 [grpc-default-executor-5] INFO  server.RaftServer$Division (RaftServerImpl.java:requestVote(1302)) - b4411977-9720-4d4b-9a0b-907fa7158048@group-25329DDABB2C: receive requestVote(ELECTION, c30a36da-1763-463f-9370-bf353ef860b0, group-25329DDABB2C, 1, (t:0, i:0))
2023-06-02 20:40:41,792 [grpc-default-executor-5] INFO  impl.VoteContext (VoteContext.java:log(49)) - b4411977-9720-4d4b-9a0b-907fa7158048@group-25329DDABB2C-FOLLOWER: accept ELECTION from c30a36da-1763-463f-9370-bf353ef860b0: our priority 0 <= candidate's priority 1
2023-06-02 20:40:41,792 [grpc-default-executor-5] INFO  server.RaftServer$Division (RaftServerImpl.java:setRole(329)) - b4411977-9720-4d4b-9a0b-907fa7158048@group-25329DDABB2C: changes role from  FOLLOWER to FOLLOWER at term 1 for candidate:c30a36da-1763-463f-9370-bf353ef860b0
2023-06-02 20:40:41,792 [grpc-default-executor-5] INFO  impl.RoleInfo (RoleInfo.java:shutdownFollowerState(110)) - b4411977-9720-4d4b-9a0b-907fa7158048: shutdown b4411977-9720-4d4b-9a0b-907fa7158048@group-25329DDABB2C-FollowerState
2023-06-02 20:40:41,792 [grpc-default-executor-5] INFO  impl.RoleInfo (RoleInfo.java:updateAndGet(139)) - b4411977-9720-4d4b-9a0b-907fa7158048: start b4411977-9720-4d4b-9a0b-907fa7158048@group-25329DDABB2C-FollowerState
2023-06-02 20:40:41,787 [grpc-default-executor-3] INFO  server.RaftServer$Division (RaftServerImpl.java:requestVote(1302)) - a629a011-13a9-410c-9234-b770ba2e8ba4@group-25329DDABB2C: receive requestVote(ELECTION, c30a36da-1763-463f-9370-bf353ef860b0, group-25329DDABB2C, 1, (t:0, i:0))
2023-06-02 20:40:41,792 [grpc-default-executor-3] INFO  impl.VoteContext (VoteContext.java:log(49)) - a629a011-13a9-410c-9234-b770ba2e8ba4@group-25329DDABB2C-FOLLOWER: accept ELECTION from c30a36da-1763-463f-9370-bf353ef860b0: our priority 0 <= candidate's priority 1
2023-06-02 20:40:41,792 [grpc-default-executor-3] INFO  server.RaftServer$Division (RaftServerImpl.java:setRole(329)) - a629a011-13a9-410c-9234-b770ba2e8ba4@group-25329DDABB2C: changes role from  FOLLOWER to FOLLOWER at term 1 for candidate:c30a36da-1763-463f-9370-bf353ef860b0
2023-06-02 20:40:41,792 [grpc-default-executor-3] INFO  impl.RoleInfo (RoleInfo.java:shutdownFollowerState(110)) - a629a011-13a9-410c-9234-b770ba2e8ba4: shutdown a629a011-13a9-410c-9234-b770ba2e8ba4@group-25329DDABB2C-FollowerState
2023-06-02 20:40:41,786 [grpc-default-executor-2] INFO  server.RaftServer$Division (RaftServerImpl.java:requestVote(1302)) - a629a011-13a9-410c-9234-b770ba2e8ba4@group-2370E48C5EC3: receive requestVote(PRE_VOTE, b4411977-9720-4d4b-9a0b-907fa7158048, group-2370E48C5EC3, 0, (t:0, i:0))
2023-06-02 20:40:41,786 [grpc-default-executor-4] INFO  server.RaftServer$Division (RaftServerImpl.java:requestVote(1302)) - b4411977-9720-4d4b-9a0b-907fa7158048@group-2370E48C5EC3: receive requestVote(PRE_VOTE, c30a36da-1763-463f-9370-bf353ef860b0, group-2370E48C5EC3, 0, (t:0, i:0))
2023-06-02 20:40:41,792 [b4411977-9720-4d4b-9a0b-907fa7158048@group-25329DDABB2C-FollowerState] INFO  impl.FollowerState (FollowerState.java:run(152)) - b4411977-9720-4d4b-9a0b-907fa7158048@group-25329DDABB2C-FollowerState was interrupted
2023-06-02 20:40:41,793 [grpc-default-executor-4] INFO  impl.VoteContext (VoteContext.java:log(49)) - b4411977-9720-4d4b-9a0b-907fa7158048@group-2370E48C5EC3-CANDIDATE: accept PRE_VOTE from c30a36da-1763-463f-9370-bf353ef860b0: our priority 0 <= candidate's priority 0
2023-06-02 20:40:41,793 [grpc-default-executor-4] INFO  server.RaftServer$Division (RaftServerImpl.java:requestVote(1335)) - b4411977-9720-4d4b-9a0b-907fa7158048@group-2370E48C5EC3 replies to PRE_VOTE vote request: c30a36da-1763-463f-9370-bf353ef860b0<-b4411977-9720-4d4b-9a0b-907fa7158048#0:OK-t0. Peer's state: b4411977-9720-4d4b-9a0b-907fa7158048@group-2370E48C5EC3:t0, leader=null, voted=, raftlog=Memoized:b4411977-9720-4d4b-9a0b-907fa7158048@group-2370E48C5EC3-SegmentedRaftLog:OPENED:c-1, conf=-1: peers:[c30a36da-1763-463f-9370-bf353ef860b0|rpc:10.1.0.31:15077|admin:10.1.0.31:15076|client:10.1.0.31:15075|dataStream:10.1.0.31:15078|priority:0|startupRole:FOLLOWER, a629a011-13a9-410c-9234-b770ba2e8ba4|rpc:10.1.0.31:15068|admin:10.1.0.31:15067|client:10.1.0.31:15066|dataStream:10.1.0.31:15069|priority:1|startupRole:FOLLOWER, b4411977-9720-4d4b-9a0b-907fa7158048|rpc:10.1.0.31:15086|admin:10.1.0.31:15085|client:10.1.0.31:15084|dataStream:10.1.0.31:15087|priority:0|startupRole:FOLLOWER]|listeners:[], old=null
2023-06-02 20:40:41,794 [main] INFO  lib.Interns (Interns.java:removeEldestEntry(50)) - Metrics intern cache overflow at 2011 for MetricsSystem={MetricsSystem=MetricsInfoImpl{name=MetricsSystem, description=MetricsSystem}, MetricsSystem record=MetricsInfoImpl{name=MetricsSystem, description=MetricsSystem record}}
2023-06-02 20:40:41,797 [grpc-default-executor-3] INFO  impl.RoleInfo (RoleInfo.java:updateAndGet(139)) - a629a011-13a9-410c-9234-b770ba2e8ba4: start a629a011-13a9-410c-9234-b770ba2e8ba4@group-25329DDABB2C-FollowerState
2023-06-02 20:40:41,797 [a629a011-13a9-410c-9234-b770ba2e8ba4@group-25329DDABB2C-FollowerState] INFO  impl.FollowerState (FollowerState.java:run(152)) - a629a011-13a9-410c-9234-b770ba2e8ba4@group-25329DDABB2C-FollowerState was interrupted
2023-06-02 20:40:41,813 [c30a36da-1763-463f-9370-bf353ef860b0@group-56ABD2DB9182-FollowerState] INFO  impl.FollowerState (FollowerState.java:run(143)) - c30a36da-1763-463f-9370-bf353ef860b0@group-56ABD2DB9182-FollowerState: change to CANDIDATE, lastRpcElapsedTime:5146005801ns, electionTimeout:5144ms
2023-06-02 20:40:41,813 [c30a36da-1763-463f-9370-bf353ef860b0@group-56ABD2DB9182-FollowerState] INFO  impl.RoleInfo (RoleInfo.java:shutdownFollowerState(110)) - c30a36da-1763-463f-9370-bf353ef860b0: shutdown c30a36da-1763-463f-9370-bf353ef860b0@group-56ABD2DB9182-FollowerState
2023-06-02 20:40:41,813 [c30a36da-1763-463f-9370-bf353ef860b0@group-56ABD2DB9182-FollowerState] INFO  server.RaftServer$Division (RaftServerImpl.java:setRole(329)) - c30a36da-1763-463f-9370-bf353ef860b0@group-56ABD2DB9182: changes role from  FOLLOWER to CANDIDATE at term 0 for changeToCandidate
2023-06-02 20:40:41,813 [c30a36da-1763-463f-9370-bf353ef860b0@group-56ABD2DB9182-FollowerState] INFO  server.RaftServerConfigKeys (ConfUtils.java:logGet(46)) - raft.server.leaderelection.pre-vote = true (default)
2023-06-02 20:40:41,813 [c30a36da-1763-463f-9370-bf353ef860b0@group-56ABD2DB9182-FollowerState] INFO  impl.RoleInfo (RoleInfo.java:updateAndGet(139)) - c30a36da-1763-463f-9370-bf353ef860b0: start c30a36da-1763-463f-9370-bf353ef860b0@group-56ABD2DB9182-LeaderElection23
2023-06-02 20:40:41,813 [a629a011-13a9-410c-9234-b770ba2e8ba4@group-2370E48C5EC3-LeaderElection20] INFO  impl.LeaderElection (LeaderElection.java:askForVotes(321)) - a629a011-13a9-410c-9234-b770ba2e8ba4@group-2370E48C5EC3-LeaderElection20 ELECTION round 0: submit vote requests at term 1 for -1: peers:[c30a36da-1763-463f-9370-bf353ef860b0|rpc:10.1.0.31:15077|admin:10.1.0.31:15076|client:10.1.0.31:15075|dataStream:10.1.0.31:15078|priority:0|startupRole:FOLLOWER, a629a011-13a9-410c-9234-b770ba2e8ba4|rpc:10.1.0.31:15068|admin:10.1.0.31:15067|client:10.1.0.31:15066|dataStream:10.1.0.31:15069|priority:1|startupRole:FOLLOWER, b4411977-9720-4d4b-9a0b-907fa7158048|rpc:10.1.0.31:15086|admin:10.1.0.31:15085|client:10.1.0.31:15084|dataStream:10.1.0.31:15087|priority:0|startupRole:FOLLOWER]|listeners:[], old=null
2023-06-02 20:40:41,814 [grpc-default-executor-2] INFO  impl.VoteContext (VoteContext.java:log(49)) - a629a011-13a9-410c-9234-b770ba2e8ba4@group-2370E48C5EC3-CANDIDATE: reject PRE_VOTE from b4411977-9720-4d4b-9a0b-907fa7158048: our priority 1 > candidate's priority 0
2023-06-02 20:40:41,814 [grpc-default-executor-2] INFO  server.RaftServer$Division (RaftServerImpl.java:requestVote(1335)) - a629a011-13a9-410c-9234-b770ba2e8ba4@group-2370E48C5EC3 replies to PRE_VOTE vote request: b4411977-9720-4d4b-9a0b-907fa7158048<-a629a011-13a9-410c-9234-b770ba2e8ba4#0:FAIL-t1. Peer's state: a629a011-13a9-410c-9234-b770ba2e8ba4@group-2370E48C5EC3:t1, leader=null, voted=a629a011-13a9-410c-9234-b770ba2e8ba4, raftlog=Memoized:a629a011-13a9-410c-9234-b770ba2e8ba4@group-2370E48C5EC3-SegmentedRaftLog:OPENED:c-1, conf=-1: peers:[c30a36da-1763-463f-9370-bf353ef860b0|rpc:10.1.0.31:15077|admin:10.1.0.31:15076|client:10.1.0.31:15075|dataStream:10.1.0.31:15078|priority:0|startupRole:FOLLOWER, a629a011-13a9-410c-9234-b770ba2e8ba4|rpc:10.1.0.31:15068|admin:10.1.0.31:15067|client:10.1.0.31:15066|dataStream:10.1.0.31:15069|priority:1|startupRole:FOLLOWER, b4411977-9720-4d4b-9a0b-907fa7158048|rpc:10.1.0.31:15086|admin:10.1.0.31:15085|client:10.1.0.31:15084|dataStream:10.1.0.31:15087|priority:0|startupRole:FOLLOWER]|listeners:[], old=null
2023-06-02 20:40:41,814 [grpc-default-executor-5] INFO  server.RaftServer$Division (RaftServerImpl.java:requestVote(1335)) - b4411977-9720-4d4b-9a0b-907fa7158048@group-25329DDABB2C replies to ELECTION vote request: c30a36da-1763-463f-9370-bf353ef860b0<-b4411977-9720-4d4b-9a0b-907fa7158048#0:OK-t1. Peer's state: b4411977-9720-4d4b-9a0b-907fa7158048@group-25329DDABB2C:t1, leader=null, voted=c30a36da-1763-463f-9370-bf353ef860b0, raftlog=Memoized:b4411977-9720-4d4b-9a0b-907fa7158048@group-25329DDABB2C-SegmentedRaftLog:OPENED:c-1, conf=-1: peers:[c30a36da-1763-463f-9370-bf353ef860b0|rpc:10.1.0.31:15077|admin:10.1.0.31:15076|client:10.1.0.31:15075|dataStream:10.1.0.31:15078|priority:1|startupRole:FOLLOWER, a629a011-13a9-410c-9234-b770ba2e8ba4|rpc:10.1.0.31:15068|admin:10.1.0.31:15067|client:10.1.0.31:15066|dataStream:10.1.0.31:15069|priority:0|startupRole:FOLLOWER, b4411977-9720-4d4b-9a0b-907fa7158048|rpc:10.1.0.31:15086|admin:10.1.0.31:15085|client:10.1.0.31:15084|dataStream:10.1.0.31:15087|priority:0|startupRole:FOLLOWER]|listeners:[], old=null
2023-06-02 20:40:41,815 [grpc-default-executor-3] INFO  server.RaftServer$Division (RaftServerImpl.java:requestVote(1335)) - a629a011-13a9-410c-9234-b770ba2e8ba4@group-25329DDABB2C replies to ELECTION vote request: c30a36da-1763-463f-9370-bf353ef860b0<-a629a011-13a9-410c-9234-b770ba2e8ba4#0:OK-t1. Peer's state: a629a011-13a9-410c-9234-b770ba2e8ba4@group-25329DDABB2C:t1, leader=null, voted=c30a36da-1763-463f-9370-bf353ef860b0, raftlog=Memoized:a629a011-13a9-410c-9234-b770ba2e8ba4@group-25329DDABB2C-SegmentedRaftLog:OPENED:c-1, conf=-1: peers:[c30a36da-1763-463f-9370-bf353ef860b0|rpc:10.1.0.31:15077|admin:10.1.0.31:15076|client:10.1.0.31:15075|dataStream:10.1.0.31:15078|priority:1|startupRole:FOLLOWER, a629a011-13a9-410c-9234-b770ba2e8ba4|rpc:10.1.0.31:15068|admin:10.1.0.31:15067|client:10.1.0.31:15066|dataStream:10.1.0.31:15069|priority:0|startupRole:FOLLOWER, b4411977-9720-4d4b-9a0b-907fa7158048|rpc:10.1.0.31:15086|admin:10.1.0.31:15085|client:10.1.0.31:15084|dataStream:10.1.0.31:15087|priority:0|startupRole:FOLLOWER]|listeners:[], old=null
2023-06-02 20:40:41,819 [b4411977-9720-4d4b-9a0b-907fa7158048@group-2370E48C5EC3-LeaderElection21] INFO  impl.LeaderElection (LeaderElection.java:logAndReturn(90)) - b4411977-9720-4d4b-9a0b-907fa7158048@group-2370E48C5EC3-LeaderElection21: PRE_VOTE DISCOVERED_A_NEW_TERM (term=1) received 2 response(s) and 0 exception(s):
2023-06-02 20:40:41,819 [b4411977-9720-4d4b-9a0b-907fa7158048@group-2370E48C5EC3-LeaderElection21] INFO  impl.LeaderElection (LeaderElection.java:logAndReturn(94)) -   Response 0: b4411977-9720-4d4b-9a0b-907fa7158048<-c30a36da-1763-463f-9370-bf353ef860b0#0:OK-t0
2023-06-02 20:40:41,819 [b4411977-9720-4d4b-9a0b-907fa7158048@group-2370E48C5EC3-LeaderElection21] INFO  impl.LeaderElection (LeaderElection.java:logAndReturn(94)) -   Response 1: b4411977-9720-4d4b-9a0b-907fa7158048<-a629a011-13a9-410c-9234-b770ba2e8ba4#0:FAIL-t1
2023-06-02 20:40:41,825 [a629a011-13a9-410c-9234-b770ba2e8ba4@group-2370E48C5EC3-LeaderElection20] INFO  server.RaftServerConfigKeys (ConfUtils.java:logFallback(53)) - raft.server.rpc.first-election.timeout.min = 5s (fallback to raft.server.rpc.timeout.min)
2023-06-02 20:40:41,825 [a629a011-13a9-410c-9234-b770ba2e8ba4@group-2370E48C5EC3-LeaderElection20] INFO  server.RaftServerConfigKeys (ConfUtils.java:logFallback(53)) - raft.server.rpc.first-election.timeout.max = 5200ms (fallback to raft.server.rpc.timeout.max)
2023-06-02 20:40:41,829 [c30a36da-1763-463f-9370-bf353ef860b0@group-56ABD2DB9182-LeaderElection23] INFO  impl.LeaderElection (LeaderElection.java:askForVotes(321)) - c30a36da-1763-463f-9370-bf353ef860b0@group-56ABD2DB9182-LeaderElection23 PRE_VOTE round 0: submit vote requests at term 0 for -1: peers:[c30a36da-1763-463f-9370-bf353ef860b0|rpc:10.1.0.31:15077|admin:10.1.0.31:15076|client:10.1.0.31:15075|dataStream:10.1.0.31:15078|priority:1|startupRole:FOLLOWER]|listeners:[], old=null
2023-06-02 20:40:41,829 [c30a36da-1763-463f-9370-bf353ef860b0@group-56ABD2DB9182-LeaderElection23] INFO  impl.LeaderElection (LeaderElection.java:askForVotes(323)) - c30a36da-1763-463f-9370-bf353ef860b0@group-56ABD2DB9182-LeaderElection23 PRE_VOTE round 0: result PASSED (term=0)
2023-06-02 20:40:41,829 [c30a36da-1763-463f-9370-bf353ef860b0@group-25329DDABB2C-LeaderElection18] INFO  impl.LeaderElection (LeaderElection.java:logAndReturn(90)) - c30a36da-1763-463f-9370-bf353ef860b0@group-25329DDABB2C-LeaderElection18: ELECTION PASSED received 1 response(s) and 0 exception(s):
2023-06-02 20:40:41,830 [c30a36da-1763-463f-9370-bf353ef860b0@group-25329DDABB2C-LeaderElection18] INFO  impl.LeaderElection (LeaderElection.java:logAndReturn(94)) -   Response 0: c30a36da-1763-463f-9370-bf353ef860b0<-a629a011-13a9-410c-9234-b770ba2e8ba4#0:OK-t1
2023-06-02 20:40:41,830 [c30a36da-1763-463f-9370-bf353ef860b0@group-25329DDABB2C-LeaderElection18] INFO  impl.LeaderElection (LeaderElection.java:askForVotes(323)) - c30a36da-1763-463f-9370-bf353ef860b0@group-25329DDABB2C-LeaderElection18 ELECTION round 0: result PASSED
2023-06-02 20:40:41,830 [c30a36da-1763-463f-9370-bf353ef860b0@group-25329DDABB2C-LeaderElection18] INFO  impl.RoleInfo (RoleInfo.java:shutdownLeaderElection(130)) - c30a36da-1763-463f-9370-bf353ef860b0: shutdown c30a36da-1763-463f-9370-bf353ef860b0@group-25329DDABB2C-LeaderElection18
2023-06-02 20:40:41,830 [c30a36da-1763-463f-9370-bf353ef860b0@group-25329DDABB2C-LeaderElection18] INFO  server.RaftServer$Division (RaftServerImpl.java:setRole(329)) - c30a36da-1763-463f-9370-bf353ef860b0@group-25329DDABB2C: changes role from CANDIDATE to LEADER at term 1 for changeToLeader
2023-06-02 20:40:41,830 [c30a36da-1763-463f-9370-bf353ef860b0@group-25329DDABB2C-LeaderElection18] INFO  ratis.XceiverServerRatis (XceiverServerRatis.java:handleLeaderChangedNotification(902)) - Leader change notification received for group: group-25329DDABB2C with new leaderId: c30a36da-1763-463f-9370-bf353ef860b0
2023-06-02 20:40:41,830 [c30a36da-1763-463f-9370-bf353ef860b0@group-25329DDABB2C-LeaderElection18] INFO  server.RaftServer$Division (ServerState.java:setLeader(317)) - c30a36da-1763-463f-9370-bf353ef860b0@group-25329DDABB2C: change Leader from null to c30a36da-1763-463f-9370-bf353ef860b0 at term 1 for becomeLeader, leader elected after 5497ms
2023-06-02 20:40:41,829 [b4411977-9720-4d4b-9a0b-907fa7158048@group-2370E48C5EC3-LeaderElection21] INFO  impl.LeaderElection (LeaderElection.java:askForVotes(323)) - b4411977-9720-4d4b-9a0b-907fa7158048@group-2370E48C5EC3-LeaderElection21 PRE_VOTE round 0: result DISCOVERED_A_NEW_TERM (term=1)
2023-06-02 20:40:41,830 [b4411977-9720-4d4b-9a0b-907fa7158048@group-2370E48C5EC3-LeaderElection21] INFO  server.RaftServer$Division (RaftServerImpl.java:setRole(329)) - b4411977-9720-4d4b-9a0b-907fa7158048@group-2370E48C5EC3: changes role from CANDIDATE to FOLLOWER at term 1 for DISCOVERED_A_NEW_TERM (term=1)
2023-06-02 20:40:41,830 [b4411977-9720-4d4b-9a0b-907fa7158048@group-2370E48C5EC3-LeaderElection21] INFO  impl.RoleInfo (RoleInfo.java:shutdownLeaderElection(130)) - b4411977-9720-4d4b-9a0b-907fa7158048: shutdown b4411977-9720-4d4b-9a0b-907fa7158048@group-2370E48C5EC3-LeaderElection21
2023-06-02 20:40:41,830 [b4411977-9720-4d4b-9a0b-907fa7158048@group-2370E48C5EC3-LeaderElection21] INFO  impl.RoleInfo (RoleInfo.java:updateAndGet(139)) - b4411977-9720-4d4b-9a0b-907fa7158048: start b4411977-9720-4d4b-9a0b-907fa7158048@group-2370E48C5EC3-FollowerState
2023-06-02 20:40:41,830 [c30a36da-1763-463f-9370-bf353ef860b0@group-25329DDABB2C-LeaderElection18] INFO  server.RaftServerConfigKeys (ConfUtils.java:logGet(46)) - raft.server.staging.catchup.gap = 1000 (default)
2023-06-02 20:40:41,831 [grpc-default-executor-2] INFO  server.RaftServer$Division (RaftServerImpl.java:requestVote(1302)) - c30a36da-1763-463f-9370-bf353ef860b0@group-2370E48C5EC3: receive requestVote(ELECTION, a629a011-13a9-410c-9234-b770ba2e8ba4, group-2370E48C5EC3, 1, (t:0, i:0))
2023-06-02 20:40:41,832 [c30a36da-1763-463f-9370-bf353ef860b0@group-56ABD2DB9182-LeaderElection23] INFO  impl.LeaderElection (LeaderElection.java:askForVotes(321)) - c30a36da-1763-463f-9370-bf353ef860b0@group-56ABD2DB9182-LeaderElection23 ELECTION round 0: submit vote requests at term 1 for -1: peers:[c30a36da-1763-463f-9370-bf353ef860b0|rpc:10.1.0.31:15077|admin:10.1.0.31:15076|client:10.1.0.31:15075|dataStream:10.1.0.31:15078|priority:1|startupRole:FOLLOWER]|listeners:[], old=null
2023-06-02 20:40:41,832 [grpc-default-executor-2] INFO  impl.VoteContext (VoteContext.java:log(49)) - c30a36da-1763-463f-9370-bf353ef860b0@group-2370E48C5EC3-FOLLOWER: accept ELECTION from a629a011-13a9-410c-9234-b770ba2e8ba4: our priority 0 <= candidate's priority 1
2023-06-02 20:40:41,832 [c30a36da-1763-463f-9370-bf353ef860b0@group-56ABD2DB9182-LeaderElection23] INFO  impl.LeaderElection (LeaderElection.java:askForVotes(323)) - c30a36da-1763-463f-9370-bf353ef860b0@group-56ABD2DB9182-LeaderElection23 ELECTION round 0: result PASSED (term=1)
2023-06-02 20:40:41,832 [c30a36da-1763-463f-9370-bf353ef860b0@group-56ABD2DB9182-LeaderElection23] INFO  impl.RoleInfo (RoleInfo.java:shutdownLeaderElection(130)) - c30a36da-1763-463f-9370-bf353ef860b0: shutdown c30a36da-1763-463f-9370-bf353ef860b0@group-56ABD2DB9182-LeaderElection23
2023-06-02 20:40:41,832 [c30a36da-1763-463f-9370-bf353ef860b0@group-56ABD2DB9182-LeaderElection23] INFO  server.RaftServer$Division (RaftServerImpl.java:setRole(329)) - c30a36da-1763-463f-9370-bf353ef860b0@group-56ABD2DB9182: changes role from CANDIDATE to LEADER at term 1 for changeToLeader
2023-06-02 20:40:41,832 [c30a36da-1763-463f-9370-bf353ef860b0@group-56ABD2DB9182-LeaderElection23] INFO  ratis.XceiverServerRatis (XceiverServerRatis.java:handleLeaderChangedNotification(902)) - Leader change notification received for group: group-56ABD2DB9182 with new leaderId: c30a36da-1763-463f-9370-bf353ef860b0
2023-06-02 20:40:41,832 [c30a36da-1763-463f-9370-bf353ef860b0@group-56ABD2DB9182-LeaderElection23] INFO  server.RaftServer$Division (ServerState.java:setLeader(317)) - c30a36da-1763-463f-9370-bf353ef860b0@group-56ABD2DB9182: change Leader from null to c30a36da-1763-463f-9370-bf353ef860b0 at term 1 for becomeLeader, leader elected after 5195ms
2023-06-02 20:40:41,832 [c30a36da-1763-463f-9370-bf353ef860b0@group-56ABD2DB9182-LeaderElection23] INFO  server.RaftServerConfigKeys (ConfUtils.java:logGet(46)) - raft.server.staging.catchup.gap = 1000 (default)
2023-06-02 20:40:41,833 [EventQueue-PipelineReportForPipelineReportHandler] INFO  pipeline.PipelineManagerImpl (PipelineManagerImpl.java:openPipeline(367)) - Pipeline Pipeline[ Id: 004e31c2-d5d8-4815-9813-25329ddabb2c, Nodes: a629a011-13a9-410c-9234-b770ba2e8ba4(fv-az1239-288/10.1.0.31)c30a36da-1763-463f-9370-bf353ef860b0(fv-az1239-288/10.1.0.31)b4411977-9720-4d4b-9a0b-907fa7158048(fv-az1239-288/10.1.0.31), ReplicationConfig: RATIS/THREE, State:ALLOCATED, leaderId:c30a36da-1763-463f-9370-bf353ef860b0, CreationTimestamp2023-06-02T20:40:34.108Z[Etc/UTC]] moved to OPEN state
2023-06-02 20:40:41,833 [c30a36da-1763-463f-9370-bf353ef860b0@group-56ABD2DB9182-LeaderElection23] INFO  server.RaftServerConfigKeys (ConfUtils.java:logGet(46)) - raft.server.write.element-limit = 1024 (custom)
2023-06-02 20:40:41,833 [c30a36da-1763-463f-9370-bf353ef860b0@group-56ABD2DB9182-LeaderElection23] INFO  server.RaftServerConfigKeys (ConfUtils.java:logGet(46)) - raft.server.write.byte-limit = 1024 M (=1073741824) (custom)
2023-06-02 20:40:41,833 [c30a36da-1763-463f-9370-bf353ef860b0@group-56ABD2DB9182-LeaderElection23] INFO  server.RaftServerConfigKeys (ConfUtils.java:logGet(46)) - raft.server.watch.timeout = 180s (custom)
2023-06-02 20:40:41,833 [c30a36da-1763-463f-9370-bf353ef860b0@group-56ABD2DB9182-LeaderElection23] INFO  server.RaftServerConfigKeys (ConfUtils.java:logGet(46)) - raft.server.watch.timeout.denomination = 1s (default)
2023-06-02 20:40:41,834 [c30a36da-1763-463f-9370-bf353ef860b0@group-56ABD2DB9182-LeaderElection23] INFO  server.RaftServerConfigKeys (ConfUtils.java:logGet(46)) - raft.server.watch.element-limit = 65536 (default)
2023-06-02 20:40:41,834 [c30a36da-1763-463f-9370-bf353ef860b0@group-56ABD2DB9182-LeaderElection23] INFO  server.RaftServerConfigKeys (ConfUtils.java:logGet(46)) - raft.server.write.element-limit = 1024 (custom)
2023-06-02 20:40:41,834 [c30a36da-1763-463f-9370-bf353ef860b0@group-56ABD2DB9182-LeaderElection23] INFO  server.RaftServerConfigKeys (ConfUtils.java:logGet(46)) - raft.server.write.follower.gap.ratio.max = -1.0 (default)
2023-06-02 20:40:41,834 [c30a36da-1763-463f-9370-bf353ef860b0@group-56ABD2DB9182-LeaderElection23] INFO  impl.RoleInfo (RoleInfo.java:updateAndGet(139)) - c30a36da-1763-463f-9370-bf353ef860b0: start c30a36da-1763-463f-9370-bf353ef860b0@group-56ABD2DB9182-LeaderStateImpl
2023-06-02 20:40:41,834 [c30a36da-1763-463f-9370-bf353ef860b0@group-56ABD2DB9182-LeaderElection23] INFO  segmented.SegmentedRaftLogWorker (SegmentedRaftLogWorker.java:startLogSegment(447)) - c30a36da-1763-463f-9370-bf353ef860b0@group-56ABD2DB9182-SegmentedRaftLogWorker: Starting segment from index:0
2023-06-02 20:40:41,832 [grpc-default-executor-2] INFO  server.RaftServer$Division (RaftServerImpl.java:setRole(329)) - c30a36da-1763-463f-9370-bf353ef860b0@group-2370E48C5EC3: changes role from  FOLLOWER to FOLLOWER at term 1 for candidate:a629a011-13a9-410c-9234-b770ba2e8ba4
2023-06-02 20:40:41,834 [grpc-default-executor-2] INFO  impl.RoleInfo (RoleInfo.java:shutdownFollowerState(110)) - c30a36da-1763-463f-9370-bf353ef860b0: shutdown c30a36da-1763-463f-9370-bf353ef860b0@group-2370E48C5EC3-FollowerState
2023-06-02 20:40:41,835 [c30a36da-1763-463f-9370-bf353ef860b0@group-56ABD2DB9182-LeaderElection23] INFO  server.RaftServer$Division (ServerState.java:setRaftConf(434)) - c30a36da-1763-463f-9370-bf353ef860b0@group-56ABD2DB9182: set configuration 0: peers:[c30a36da-1763-463f-9370-bf353ef860b0|rpc:10.1.0.31:15077|admin:10.1.0.31:15076|client:10.1.0.31:15075|dataStream:10.1.0.31:15078|priority:1|startupRole:FOLLOWER]|listeners:[], old=null
2023-06-02 20:40:41,836 [grpc-default-executor-2] INFO  impl.RoleInfo (RoleInfo.java:updateAndGet(139)) - c30a36da-1763-463f-9370-bf353ef860b0: start c30a36da-1763-463f-9370-bf353ef860b0@group-2370E48C5EC3-FollowerState
2023-06-02 20:40:41,836 [c30a36da-1763-463f-9370-bf353ef860b0@group-2370E48C5EC3-FollowerState] INFO  impl.FollowerState (FollowerState.java:run(152)) - c30a36da-1763-463f-9370-bf353ef860b0@group-2370E48C5EC3-FollowerState was interrupted
2023-06-02 20:40:41,836 [c30a36da-1763-463f-9370-bf353ef860b0@group-25329DDABB2C-LeaderElection18] INFO  server.RaftServerConfigKeys (ConfUtils.java:logGet(46)) - raft.server.write.element-limit = 1024 (custom)
2023-06-02 20:40:41,836 [c30a36da-1763-463f-9370-bf353ef860b0@group-25329DDABB2C-LeaderElection18] INFO  server.RaftServerConfigKeys (ConfUtils.java:logGet(46)) - raft.server.write.byte-limit = 1024 M (=1073741824) (custom)
2023-06-02 20:40:41,836 [c30a36da-1763-463f-9370-bf353ef860b0@group-25329DDABB2C-LeaderElection18] INFO  server.RaftServerConfigKeys (ConfUtils.java:logGet(46)) - raft.server.watch.timeout = 180s (custom)
2023-06-02 20:40:41,837 [c30a36da-1763-463f-9370-bf353ef860b0@group-25329DDABB2C-LeaderElection18] INFO  server.RaftServerConfigKeys (ConfUtils.java:logGet(46)) - raft.server.watch.timeout.denomination = 1s (default)
2023-06-02 20:40:41,837 [c30a36da-1763-463f-9370-bf353ef860b0@group-25329DDABB2C-LeaderElection18] INFO  server.RaftServerConfigKeys (ConfUtils.java:logGet(46)) - raft.server.watch.element-limit = 65536 (default)
2023-06-02 20:40:41,837 [c30a36da-1763-463f-9370-bf353ef860b0@group-25329DDABB2C-LeaderElection18] INFO  server.RaftServerConfigKeys (ConfUtils.java:logGet(46)) - raft.server.write.element-limit = 1024 (custom)
2023-06-02 20:40:41,837 [c30a36da-1763-463f-9370-bf353ef860b0@group-25329DDABB2C-LeaderElection18] INFO  server.RaftServerConfigKeys (ConfUtils.java:logGet(46)) - raft.server.write.follower.gap.ratio.max = -1.0 (default)
2023-06-02 20:40:41,838 [c30a36da-1763-463f-9370-bf353ef860b0@group-25329DDABB2C-LeaderElection18] INFO  server.RaftServerConfigKeys (ConfUtils.java:logGet(46)) - raft.server.log.appender.snapshot.chunk.size.max = 16MB (=16777216) (default)
2023-06-02 20:40:41,838 [c30a36da-1763-463f-9370-bf353ef860b0@group-25329DDABB2C-LeaderElection18] INFO  server.RaftServerConfigKeys (ConfUtils.java:logGet(46)) - raft.server.log.appender.buffer.byte-limit = 33554432 (custom)
2023-06-02 20:40:41,838 [c30a36da-1763-463f-9370-bf353ef860b0@group-25329DDABB2C-LeaderElection18] INFO  server.RaftServerConfigKeys (ConfUtils.java:logGet(46)) - raft.server.log.appender.buffer.element-limit = 1 (custom)
2023-06-02 20:40:41,837 [c30a36da-1763-463f-9370-bf353ef860b0@group-56ABD2DB9182-SegmentedRaftLogWorker] INFO  segmented.SegmentedRaftLogWorker (SegmentedRaftLogWorker.java:execute(651)) - c30a36da-1763-463f-9370-bf353ef860b0@group-56ABD2DB9182-SegmentedRaftLogWorker: created new log segment /home/runner/work/ozone/ozone/hadoop-ozone/integration-test/target/test-dir/MiniOzoneClusterImpl-5ac0c7d5-b38a-4534-ae70-3109b4fe19c6/datanode-7/data/ratis/f3fdc535-bf79-4a6d-a9fa-56abd2db9182/current/log_inprogress_0
2023-06-02 20:40:41,841 [grpc-default-executor-3] INFO  server.RaftServer$Division (RaftServerImpl.java:requestVote(1302)) - b4411977-9720-4d4b-9a0b-907fa7158048@group-2370E48C5EC3: receive requestVote(ELECTION, a629a011-13a9-410c-9234-b770ba2e8ba4, group-2370E48C5EC3, 1, (t:0, i:0))
2023-06-02 20:40:41,841 [grpc-default-executor-3] INFO  impl.VoteContext (VoteContext.java:log(49)) - b4411977-9720-4d4b-9a0b-907fa7158048@group-2370E48C5EC3-FOLLOWER: accept ELECTION from a629a011-13a9-410c-9234-b770ba2e8ba4: our priority 0 <= candidate's priority 1
2023-06-02 20:40:41,841 [grpc-default-executor-3] INFO  server.RaftServer$Division (RaftServerImpl.java:setRole(329)) - b4411977-9720-4d4b-9a0b-907fa7158048@group-2370E48C5EC3: changes role from  FOLLOWER to FOLLOWER at term 1 for candidate:a629a011-13a9-410c-9234-b770ba2e8ba4
2023-06-02 20:40:41,841 [grpc-default-executor-3] INFO  impl.RoleInfo (RoleInfo.java:shutdownFollowerState(110)) - b4411977-9720-4d4b-9a0b-907fa7158048: shutdown b4411977-9720-4d4b-9a0b-907fa7158048@group-2370E48C5EC3-FollowerState
2023-06-02 20:40:41,845 [grpc-default-executor-3] INFO  impl.RoleInfo (RoleInfo.java:updateAndGet(139)) - b4411977-9720-4d4b-9a0b-907fa7158048: start b4411977-9720-4d4b-9a0b-907fa7158048@group-2370E48C5EC3-FollowerState
2023-06-02 20:40:41,847 [grpc-default-executor-2] INFO  server.RaftServer$Division (RaftServerImpl.java:requestVote(1335)) - c30a36da-1763-463f-9370-bf353ef860b0@group-2370E48C5EC3 replies to ELECTION vote request: a629a011-13a9-410c-9234-b770ba2e8ba4<-c30a36da-1763-463f-9370-bf353ef860b0#0:OK-t1. Peer's state: c30a36da-1763-463f-9370-bf353ef860b0@group-2370E48C5EC3:t1, leader=null, voted=a629a011-13a9-410c-9234-b770ba2e8ba4, raftlog=Memoized:c30a36da-1763-463f-9370-bf353ef860b0@group-2370E48C5EC3-SegmentedRaftLog:OPENED:c-1, conf=-1: peers:[c30a36da-1763-463f-9370-bf353ef860b0|rpc:10.1.0.31:15077|admin:10.1.0.31:15076|client:10.1.0.31:15075|dataStream:10.1.0.31:15078|priority:0|startupRole:FOLLOWER, a629a011-13a9-410c-9234-b770ba2e8ba4|rpc:10.1.0.31:15068|admin:10.1.0.31:15067|client:10.1.0.31:15066|dataStream:10.1.0.31:15069|priority:1|startupRole:FOLLOWER, b4411977-9720-4d4b-9a0b-907fa7158048|rpc:10.1.0.31:15086|admin:10.1.0.31:15085|client:10.1.0.31:15084|dataStream:10.1.0.31:15087|priority:0|startupRole:FOLLOWER]|listeners:[], old=null
2023-06-02 20:40:41,848 [a629a011-13a9-410c-9234-b770ba2e8ba4@group-2370E48C5EC3-LeaderElection20] INFO  impl.LeaderElection (LeaderElection.java:logAndReturn(90)) - a629a011-13a9-410c-9234-b770ba2e8ba4@group-2370E48C5EC3-LeaderElection20: ELECTION PASSED received 1 response(s) and 0 exception(s):
2023-06-02 20:40:41,848 [a629a011-13a9-410c-9234-b770ba2e8ba4@group-2370E48C5EC3-LeaderElection20] INFO  impl.LeaderElection (LeaderElection.java:logAndReturn(94)) -   Response 0: a629a011-13a9-410c-9234-b770ba2e8ba4<-c30a36da-1763-463f-9370-bf353ef860b0#0:OK-t1
2023-06-02 20:40:41,851 [a629a011-13a9-410c-9234-b770ba2e8ba4@group-2370E48C5EC3-LeaderElection20] INFO  impl.LeaderElection (LeaderElection.java:askForVotes(323)) - a629a011-13a9-410c-9234-b770ba2e8ba4@group-2370E48C5EC3-LeaderElection20 ELECTION round 0: result PASSED
2023-06-02 20:40:41,851 [a629a011-13a9-410c-9234-b770ba2e8ba4@group-2370E48C5EC3-LeaderElection20] INFO  impl.RoleInfo (RoleInfo.java:shutdownLeaderElection(130)) - a629a011-13a9-410c-9234-b770ba2e8ba4: shutdown a629a011-13a9-410c-9234-b770ba2e8ba4@group-2370E48C5EC3-LeaderElection20
2023-06-02 20:40:41,851 [a629a011-13a9-410c-9234-b770ba2e8ba4@group-2370E48C5EC3-LeaderElection20] INFO  server.RaftServer$Division (RaftServerImpl.java:setRole(329)) - a629a011-13a9-410c-9234-b770ba2e8ba4@group-2370E48C5EC3: changes role from CANDIDATE to LEADER at term 1 for changeToLeader
2023-06-02 20:40:41,851 [a629a011-13a9-410c-9234-b770ba2e8ba4@group-2370E48C5EC3-LeaderElection20] INFO  ratis.XceiverServerRatis (XceiverServerRatis.java:handleLeaderChangedNotification(902)) - Leader change notification received for group: group-2370E48C5EC3 with new leaderId: a629a011-13a9-410c-9234-b770ba2e8ba4
2023-06-02 20:40:41,852 [a629a011-13a9-410c-9234-b770ba2e8ba4@group-2370E48C5EC3-LeaderElection20] INFO  server.RaftServer$Division (ServerState.java:setLeader(317)) - a629a011-13a9-410c-9234-b770ba2e8ba4@group-2370E48C5EC3: change Leader from null to a629a011-13a9-410c-9234-b770ba2e8ba4 at term 1 for becomeLeader, leader elected after 5394ms
2023-06-02 20:40:41,851 [grpc-default-executor-3] INFO  server.RaftServer$Division (RaftServerImpl.java:requestVote(1335)) - b4411977-9720-4d4b-9a0b-907fa7158048@group-2370E48C5EC3 replies to ELECTION vote request: a629a011-13a9-410c-9234-b770ba2e8ba4<-b4411977-9720-4d4b-9a0b-907fa7158048#0:OK-t1. Peer's state: b4411977-9720-4d4b-9a0b-907fa7158048@group-2370E48C5EC3:t1, leader=null, voted=a629a011-13a9-410c-9234-b770ba2e8ba4, raftlog=Memoized:b4411977-9720-4d4b-9a0b-907fa7158048@group-2370E48C5EC3-SegmentedRaftLog:OPENED:c-1, conf=-1: peers:[c30a36da-1763-463f-9370-bf353ef860b0|rpc:10.1.0.31:15077|admin:10.1.0.31:15076|client:10.1.0.31:15075|dataStream:10.1.0.31:15078|priority:0|startupRole:FOLLOWER, a629a011-13a9-410c-9234-b770ba2e8ba4|rpc:10.1.0.31:15068|admin:10.1.0.31:15067|client:10.1.0.31:15066|dataStream:10.1.0.31:15069|priority:1|startupRole:FOLLOWER, b4411977-9720-4d4b-9a0b-907fa7158048|rpc:10.1.0.31:15086|admin:10.1.0.31:15085|client:10.1.0.31:15084|dataStream:10.1.0.31:15087|priority:0|startupRole:FOLLOWER]|listeners:[], old=null
2023-06-02 20:40:41,853 [b4411977-9720-4d4b-9a0b-907fa7158048@group-2370E48C5EC3-FollowerState] INFO  impl.FollowerState (FollowerState.java:run(152)) - b4411977-9720-4d4b-9a0b-907fa7158048@group-2370E48C5EC3-FollowerState was interrupted
2023-06-02 20:40:41,853 [EventQueue-PipelineReportForPipelineReportHandler] INFO  pipeline.PipelineManagerImpl (PipelineManagerImpl.java:openPipeline(367)) - Pipeline Pipeline[ Id: 40d86c21-5060-4c2c-992b-2370e48c5ec3, Nodes: b4411977-9720-4d4b-9a0b-907fa7158048(fv-az1239-288/10.1.0.31)c30a36da-1763-463f-9370-bf353ef860b0(fv-az1239-288/10.1.0.31)a629a011-13a9-410c-9234-b770ba2e8ba4(fv-az1239-288/10.1.0.31), ReplicationConfig: RATIS/THREE, State:ALLOCATED, leaderId:a629a011-13a9-410c-9234-b770ba2e8ba4, CreationTimestamp2023-06-02T20:40:34.112Z[Etc/UTC]] moved to OPEN state
2023-06-02 20:40:41,848 [c30a36da-1763-463f-9370-bf353ef860b0@group-25329DDABB2C-LeaderElection18] INFO  server.RaftServerConfigKeys (ConfUtils.java:logGet(46)) - raft.server.log.appender.wait-time.min = 10ms (default)
2023-06-02 20:40:41,854 [c30a36da-1763-463f-9370-bf353ef860b0@group-25329DDABB2C-LeaderElection18] INFO  grpc.GrpcConfigKeys (ConfUtils.java:logGet(46)) - raft.grpc.server.leader.outstanding.appends.max = 128 (default)
2023-06-02 20:40:41,854 [c30a36da-1763-463f-9370-bf353ef860b0@group-25329DDABB2C-LeaderElection18] INFO  server.RaftServerConfigKeys (ConfUtils.java:logGet(46)) - raft.server.rpc.request.timeout = 60s (custom)
2023-06-02 20:40:41,854 [c30a36da-1763-463f-9370-bf353ef860b0@group-25329DDABB2C-LeaderElection18] INFO  grpc.GrpcConfigKeys (ConfUtils.java:logGet(46)) - raft.grpc.server.install_snapshot.request.element-limit = 8 (default)
2023-06-02 20:40:41,854 [c30a36da-1763-463f-9370-bf353ef860b0@group-25329DDABB2C-LeaderElection18] INFO  grpc.GrpcConfigKeys (ConfUtils.java:logGet(46)) - raft.grpc.server.install_snapshot.request.timeout = 3000ms (default)
2023-06-02 20:40:41,855 [c30a36da-1763-463f-9370-bf353ef860b0@group-25329DDABB2C-LeaderElection18] INFO  server.RaftServerConfigKeys (ConfUtils.java:logGet(46)) - raft.server.log.appender.install.snapshot.enabled = false (custom)
2023-06-02 20:40:41,855 [c30a36da-1763-463f-9370-bf353ef860b0@group-25329DDABB2C-LeaderElection18] INFO  grpc.GrpcConfigKeys (ConfUtils.java:logGet(46)) - raft.grpc.server.heartbeat.channel = true (default)
2023-06-02 20:40:41,856 [c30a36da-1763-463f-9370-bf353ef860b0@group-25329DDABB2C-LeaderElection18] INFO  server.RaftServerConfigKeys (ConfUtils.java:logGet(46)) - raft.server.log.appender.snapshot.chunk.size.max = 16MB (=16777216) (default)
2023-06-02 20:40:41,856 [c30a36da-1763-463f-9370-bf353ef860b0@group-25329DDABB2C-LeaderElection18] INFO  server.RaftServerConfigKeys (ConfUtils.java:logGet(46)) - raft.server.log.appender.buffer.byte-limit = 33554432 (custom)
2023-06-02 20:40:41,856 [c30a36da-1763-463f-9370-bf353ef860b0@group-25329DDABB2C-LeaderElection18] INFO  server.RaftServerConfigKeys (ConfUtils.java:logGet(46)) - raft.server.log.appender.buffer.element-limit = 1 (custom)
2023-06-02 20:40:41,856 [c30a36da-1763-463f-9370-bf353ef860b0@group-25329DDABB2C-LeaderElection18] INFO  server.RaftServerConfigKeys (ConfUtils.java:logGet(46)) - raft.server.log.appender.wait-time.min = 10ms (default)
2023-06-02 20:40:41,856 [c30a36da-1763-463f-9370-bf353ef860b0@group-25329DDABB2C-LeaderElection18] INFO  grpc.GrpcConfigKeys (ConfUtils.java:logGet(46)) - raft.grpc.server.leader.outstanding.appends.max = 128 (default)
2023-06-02 20:40:41,856 [c30a36da-1763-463f-9370-bf353ef860b0@group-25329DDABB2C-LeaderElection18] INFO  server.RaftServerConfigKeys (ConfUtils.java:logGet(46)) - raft.server.rpc.request.timeout = 60s (custom)
2023-06-02 20:40:41,856 [c30a36da-1763-463f-9370-bf353ef860b0@group-25329DDABB2C-LeaderElection18] INFO  grpc.GrpcConfigKeys (ConfUtils.java:logGet(46)) - raft.grpc.server.install_snapshot.request.element-limit = 8 (default)
2023-06-02 20:40:41,859 [c30a36da-1763-463f-9370-bf353ef860b0@group-25329DDABB2C-LeaderElection18] INFO  grpc.GrpcConfigKeys (ConfUtils.java:logGet(46)) - raft.grpc.server.install_snapshot.request.timeout = 3000ms (default)
2023-06-02 20:40:41,859 [c30a36da-1763-463f-9370-bf353ef860b0@group-25329DDABB2C-LeaderElection18] INFO  server.RaftServerConfigKeys (ConfUtils.java:logGet(46)) - raft.server.log.appender.install.snapshot.enabled = false (custom)
2023-06-02 20:40:41,859 [c30a36da-1763-463f-9370-bf353ef860b0@group-25329DDABB2C-LeaderElection18] INFO  grpc.GrpcConfigKeys (ConfUtils.java:logGet(46)) - raft.grpc.server.heartbeat.channel = true (default)
2023-06-02 20:40:41,859 [c30a36da-1763-463f-9370-bf353ef860b0@group-25329DDABB2C-LeaderElection18] INFO  impl.RoleInfo (RoleInfo.java:updateAndGet(139)) - c30a36da-1763-463f-9370-bf353ef860b0: start c30a36da-1763-463f-9370-bf353ef860b0@group-25329DDABB2C-LeaderStateImpl
2023-06-02 20:40:41,860 [c30a36da-1763-463f-9370-bf353ef860b0@group-25329DDABB2C-LeaderElection18] INFO  segmented.SegmentedRaftLogWorker (SegmentedRaftLogWorker.java:startLogSegment(447)) - c30a36da-1763-463f-9370-bf353ef860b0@group-25329DDABB2C-SegmentedRaftLogWorker: Starting segment from index:0
2023-06-02 20:40:41,852 [a629a011-13a9-410c-9234-b770ba2e8ba4@group-2370E48C5EC3-LeaderElection20] INFO  server.RaftServerConfigKeys (ConfUtils.java:logGet(46)) - raft.server.staging.catchup.gap = 1000 (default)
2023-06-02 20:40:41,860 [a629a011-13a9-410c-9234-b770ba2e8ba4@group-2370E48C5EC3-LeaderElection20] INFO  server.RaftServerConfigKeys (ConfUtils.java:logGet(46)) - raft.server.write.element-limit = 1024 (custom)
2023-06-02 20:40:41,860 [a629a011-13a9-410c-9234-b770ba2e8ba4@group-2370E48C5EC3-LeaderElection20] INFO  server.RaftServerConfigKeys (ConfUtils.java:logGet(46)) - raft.server.write.byte-limit = 1024 M (=1073741824) (custom)
2023-06-02 20:40:41,860 [a629a011-13a9-410c-9234-b770ba2e8ba4@group-2370E48C5EC3-LeaderElection20] INFO  server.RaftServerConfigKeys (ConfUtils.java:logGet(46)) - raft.server.watch.timeout = 180s (custom)
2023-06-02 20:40:41,860 [a629a011-13a9-410c-9234-b770ba2e8ba4@group-2370E48C5EC3-LeaderElection20] INFO  server.RaftServerConfigKeys (ConfUtils.java:logGet(46)) - raft.server.watch.timeout.denomination = 1s (default)
2023-06-02 20:40:41,860 [a629a011-13a9-410c-9234-b770ba2e8ba4@group-2370E48C5EC3-LeaderElection20] INFO  server.RaftServerConfigKeys (ConfUtils.java:logGet(46)) - raft.server.watch.element-limit = 65536 (default)
2023-06-02 20:40:41,861 [a629a011-13a9-410c-9234-b770ba2e8ba4@group-2370E48C5EC3-LeaderElection20] INFO  server.RaftServerConfigKeys (ConfUtils.java:logGet(46)) - raft.server.write.element-limit = 1024 (custom)
2023-06-02 20:40:41,861 [a629a011-13a9-410c-9234-b770ba2e8ba4@group-2370E48C5EC3-LeaderElection20] INFO  server.RaftServerConfigKeys (ConfUtils.java:logGet(46)) - raft.server.write.follower.gap.ratio.max = -1.0 (default)
2023-06-02 20:40:41,861 [a629a011-13a9-410c-9234-b770ba2e8ba4@group-2370E48C5EC3-LeaderElection20] INFO  server.RaftServerConfigKeys (ConfUtils.java:logGet(46)) - raft.server.log.appender.snapshot.chunk.size.max = 16MB (=16777216) (default)
2023-06-02 20:40:41,861 [a629a011-13a9-410c-9234-b770ba2e8ba4@group-2370E48C5EC3-LeaderElection20] INFO  server.RaftServerConfigKeys (ConfUtils.java:logGet(46)) - raft.server.log.appender.buffer.byte-limit = 33554432 (custom)
2023-06-02 20:40:41,861 [a629a011-13a9-410c-9234-b770ba2e8ba4@group-2370E48C5EC3-LeaderElection20] INFO  server.RaftServerConfigKeys (ConfUtils.java:logGet(46)) - raft.server.log.appender.buffer.element-limit = 1 (custom)
2023-06-02 20:40:41,861 [a629a011-13a9-410c-9234-b770ba2e8ba4@group-2370E48C5EC3-LeaderElection20] INFO  server.RaftServerConfigKeys (ConfUtils.java:logGet(46)) - raft.server.log.appender.wait-time.min = 10ms (default)
2023-06-02 20:40:41,861 [a629a011-13a9-410c-9234-b770ba2e8ba4@group-2370E48C5EC3-LeaderElection20] INFO  grpc.GrpcConfigKeys (ConfUtils.java:logGet(46)) - raft.grpc.server.leader.outstanding.appends.max = 128 (default)
2023-06-02 20:40:41,861 [a629a011-13a9-410c-9234-b770ba2e8ba4@group-2370E48C5EC3-LeaderElection20] INFO  server.RaftServerConfigKeys (ConfUtils.java:logGet(46)) - raft.server.rpc.request.timeout = 60s (custom)
2023-06-02 20:40:41,862 [a629a011-13a9-410c-9234-b770ba2e8ba4@group-2370E48C5EC3-LeaderElection20] INFO  grpc.GrpcConfigKeys (ConfUtils.java:logGet(46)) - raft.grpc.server.install_snapshot.request.element-limit = 8 (default)
2023-06-02 20:40:41,862 [a629a011-13a9-410c-9234-b770ba2e8ba4@group-2370E48C5EC3-LeaderElection20] INFO  grpc.GrpcConfigKeys (ConfUtils.java:logGet(46)) - raft.grpc.server.install_snapshot.request.timeout = 3000ms (default)
2023-06-02 20:40:41,862 [a629a011-13a9-410c-9234-b770ba2e8ba4@group-2370E48C5EC3-LeaderElection20] INFO  server.RaftServerConfigKeys (ConfUtils.java:logGet(46)) - raft.server.log.appender.install.snapshot.enabled = false (custom)
2023-06-02 20:40:41,862 [a629a011-13a9-410c-9234-b770ba2e8ba4@group-2370E48C5EC3-LeaderElection20] INFO  grpc.GrpcConfigKeys (ConfUtils.java:logGet(46)) - raft.grpc.server.heartbeat.channel = true (default)
2023-06-02 20:40:41,863 [a629a011-13a9-410c-9234-b770ba2e8ba4@group-2370E48C5EC3-LeaderElection20] INFO  server.RaftServerConfigKeys (ConfUtils.java:logGet(46)) - raft.server.log.appender.snapshot.chunk.size.max = 16MB (=16777216) (default)
2023-06-02 20:40:41,863 [a629a011-13a9-410c-9234-b770ba2e8ba4@group-2370E48C5EC3-LeaderElection20] INFO  server.RaftServerConfigKeys (ConfUtils.java:logGet(46)) - raft.server.log.appender.buffer.byte-limit = 33554432 (custom)
2023-06-02 20:40:41,863 [a629a011-13a9-410c-9234-b770ba2e8ba4@group-2370E48C5EC3-LeaderElection20] INFO  server.RaftServerConfigKeys (ConfUtils.java:logGet(46)) - raft.server.log.appender.buffer.element-limit = 1 (custom)
2023-06-02 20:40:41,863 [a629a011-13a9-410c-9234-b770ba2e8ba4@group-2370E48C5EC3-LeaderElection20] INFO  server.RaftServerConfigKeys (ConfUtils.java:logGet(46)) - raft.server.log.appender.wait-time.min = 10ms (default)
2023-06-02 20:40:41,863 [a629a011-13a9-410c-9234-b770ba2e8ba4@group-2370E48C5EC3-LeaderElection20] INFO  grpc.GrpcConfigKeys (ConfUtils.java:logGet(46)) - raft.grpc.server.leader.outstanding.appends.max = 128 (default)
2023-06-02 20:40:41,863 [a629a011-13a9-410c-9234-b770ba2e8ba4@group-2370E48C5EC3-LeaderElection20] INFO  server.RaftServerConfigKeys (ConfUtils.java:logGet(46)) - raft.server.rpc.request.timeout = 60s (custom)
2023-06-02 20:40:41,863 [a629a011-13a9-410c-9234-b770ba2e8ba4@group-2370E48C5EC3-LeaderElection20] INFO  grpc.GrpcConfigKeys (ConfUtils.java:logGet(46)) - raft.grpc.server.install_snapshot.request.element-limit = 8 (default)
2023-06-02 20:40:41,863 [a629a011-13a9-410c-9234-b770ba2e8ba4@group-2370E48C5EC3-LeaderElection20] INFO  grpc.GrpcConfigKeys (ConfUtils.java:logGet(46)) - raft.grpc.server.install_snapshot.request.timeout = 3000ms (default)
2023-06-02 20:40:41,863 [a629a011-13a9-410c-9234-b770ba2e8ba4@group-2370E48C5EC3-LeaderElection20] INFO  server.RaftServerConfigKeys (ConfUtils.java:logGet(46)) - raft.server.log.appender.install.snapshot.enabled = false (custom)
2023-06-02 20:40:41,863 [a629a011-13a9-410c-9234-b770ba2e8ba4@group-2370E48C5EC3-LeaderElection20] INFO  grpc.GrpcConfigKeys (ConfUtils.java:logGet(46)) - raft.grpc.server.heartbeat.channel = true (default)
2023-06-02 20:40:41,864 [a629a011-13a9-410c-9234-b770ba2e8ba4@group-2370E48C5EC3-LeaderElection20] INFO  impl.RoleInfo (RoleInfo.java:updateAndGet(139)) - a629a011-13a9-410c-9234-b770ba2e8ba4: start a629a011-13a9-410c-9234-b770ba2e8ba4@group-2370E48C5EC3-LeaderStateImpl
2023-06-02 20:40:41,864 [a629a011-13a9-410c-9234-b770ba2e8ba4@group-2370E48C5EC3-LeaderElection20] INFO  segmented.SegmentedRaftLogWorker (SegmentedRaftLogWorker.java:startLogSegment(447)) - a629a011-13a9-410c-9234-b770ba2e8ba4@group-2370E48C5EC3-SegmentedRaftLogWorker: Starting segment from index:0
2023-06-02 20:40:41,873 [c30a36da-1763-463f-9370-bf353ef860b0@group-25329DDABB2C-LeaderElection18] INFO  server.RaftServer$Division (ServerState.java:setRaftConf(434)) - c30a36da-1763-463f-9370-bf353ef860b0@group-25329DDABB2C: set configuration 0: peers:[c30a36da-1763-463f-9370-bf353ef860b0|rpc:10.1.0.31:15077|admin:10.1.0.31:15076|client:10.1.0.31:15075|dataStream:10.1.0.31:15078|priority:1|startupRole:FOLLOWER, a629a011-13a9-410c-9234-b770ba2e8ba4|rpc:10.1.0.31:15068|admin:10.1.0.31:15067|client:10.1.0.31:15066|dataStream:10.1.0.31:15069|priority:0|startupRole:FOLLOWER, b4411977-9720-4d4b-9a0b-907fa7158048|rpc:10.1.0.31:15086|admin:10.1.0.31:15085|client:10.1.0.31:15084|dataStream:10.1.0.31:15087|priority:0|startupRole:FOLLOWER]|listeners:[], old=null
2023-06-02 20:40:41,886 [a629a011-13a9-410c-9234-b770ba2e8ba4@group-2370E48C5EC3-LeaderElection20] INFO  server.RaftServer$Division (ServerState.java:setRaftConf(434)) - a629a011-13a9-410c-9234-b770ba2e8ba4@group-2370E48C5EC3: set configuration 0: peers:[c30a36da-1763-463f-9370-bf353ef860b0|rpc:10.1.0.31:15077|admin:10.1.0.31:15076|client:10.1.0.31:15075|dataStream:10.1.0.31:15078|priority:0|startupRole:FOLLOWER, a629a011-13a9-410c-9234-b770ba2e8ba4|rpc:10.1.0.31:15068|admin:10.1.0.31:15067|client:10.1.0.31:15066|dataStream:10.1.0.31:15069|priority:1|startupRole:FOLLOWER, b4411977-9720-4d4b-9a0b-907fa7158048|rpc:10.1.0.31:15086|admin:10.1.0.31:15085|client:10.1.0.31:15084|dataStream:10.1.0.31:15087|priority:0|startupRole:FOLLOWER]|listeners:[], old=null
2023-06-02 20:40:41,893 [a629a011-13a9-410c-9234-b770ba2e8ba4@group-2370E48C5EC3-SegmentedRaftLogWorker] INFO  segmented.SegmentedRaftLogWorker (SegmentedRaftLogWorker.java:execute(651)) - a629a011-13a9-410c-9234-b770ba2e8ba4@group-2370E48C5EC3-SegmentedRaftLogWorker: created new log segment /home/runner/work/ozone/ozone/hadoop-ozone/integration-test/target/test-dir/MiniOzoneClusterImpl-5ac0c7d5-b38a-4534-ae70-3109b4fe19c6/datanode-6/data/ratis/40d86c21-5060-4c2c-992b-2370e48c5ec3/current/log_inprogress_0
2023-06-02 20:40:41,893 [c30a36da-1763-463f-9370-bf353ef860b0@group-25329DDABB2C-SegmentedRaftLogWorker] INFO  segmented.SegmentedRaftLogWorker (SegmentedRaftLogWorker.java:execute(651)) - c30a36da-1763-463f-9370-bf353ef860b0@group-25329DDABB2C-SegmentedRaftLogWorker: created new log segment /home/runner/work/ozone/ozone/hadoop-ozone/integration-test/target/test-dir/MiniOzoneClusterImpl-5ac0c7d5-b38a-4534-ae70-3109b4fe19c6/datanode-7/data/ratis/004e31c2-d5d8-4815-9813-25329ddabb2c/current/log_inprogress_0
2023-06-02 20:40:41,925 [b4411977-9720-4d4b-9a0b-907fa7158048-server-thread1] INFO  ratis.XceiverServerRatis (XceiverServerRatis.java:handleLeaderChangedNotification(902)) - Leader change notification received for group: group-25329DDABB2C with new leaderId: c30a36da-1763-463f-9370-bf353ef860b0
2023-06-02 20:40:41,925 [b4411977-9720-4d4b-9a0b-907fa7158048-server-thread1] INFO  server.RaftServer$Division (ServerState.java:setLeader(317)) - b4411977-9720-4d4b-9a0b-907fa7158048@group-25329DDABB2C: change Leader from null to c30a36da-1763-463f-9370-bf353ef860b0 at term 1 for appendEntries, leader elected after 5513ms
2023-06-02 20:40:41,926 [c30a36da-1763-463f-9370-bf353ef860b0-server-thread1] INFO  ratis.XceiverServerRatis (XceiverServerRatis.java:handleLeaderChangedNotification(902)) - Leader change notification received for group: group-2370E48C5EC3 with new leaderId: a629a011-13a9-410c-9234-b770ba2e8ba4
2023-06-02 20:40:41,926 [c30a36da-1763-463f-9370-bf353ef860b0-server-thread1] INFO  server.RaftServer$Division (ServerState.java:setLeader(317)) - c30a36da-1763-463f-9370-bf353ef860b0@group-2370E48C5EC3: change Leader from null to a629a011-13a9-410c-9234-b770ba2e8ba4 at term 1 for appendEntries, leader elected after 5372ms
2023-06-02 20:40:41,927 [a629a011-13a9-410c-9234-b770ba2e8ba4-server-thread1] INFO  ratis.XceiverServerRatis (XceiverServerRatis.java:handleLeaderChangedNotification(902)) - Leader change notification received for group: group-25329DDABB2C with new leaderId: c30a36da-1763-463f-9370-bf353ef860b0
2023-06-02 20:40:41,927 [a629a011-13a9-410c-9234-b770ba2e8ba4-server-thread1] INFO  server.RaftServer$Division (ServerState.java:setLeader(317)) - a629a011-13a9-410c-9234-b770ba2e8ba4@group-25329DDABB2C: change Leader from null to c30a36da-1763-463f-9370-bf353ef860b0 at term 1 for appendEntries, leader elected after 5648ms
2023-06-02 20:40:41,944 [b4411977-9720-4d4b-9a0b-907fa7158048-server-thread3] INFO  server.RaftServer$Division (ServerState.java:setRaftConf(434)) - b4411977-9720-4d4b-9a0b-907fa7158048@group-25329DDABB2C: set configuration 0: peers:[c30a36da-1763-463f-9370-bf353ef860b0|rpc:10.1.0.31:15077|admin:10.1.0.31:15076|client:10.1.0.31:15075|dataStream:10.1.0.31:15078|priority:1|startupRole:FOLLOWER, a629a011-13a9-410c-9234-b770ba2e8ba4|rpc:10.1.0.31:15068|admin:10.1.0.31:15067|client:10.1.0.31:15066|dataStream:10.1.0.31:15069|priority:0|startupRole:FOLLOWER, b4411977-9720-4d4b-9a0b-907fa7158048|rpc:10.1.0.31:15086|admin:10.1.0.31:15085|client:10.1.0.31:15084|dataStream:10.1.0.31:15087|priority:0|startupRole:FOLLOWER]|listeners:[], old=null
2023-06-02 20:40:41,944 [b4411977-9720-4d4b-9a0b-907fa7158048-server-thread3] INFO  segmented.SegmentedRaftLogWorker (SegmentedRaftLogWorker.java:startLogSegment(447)) - b4411977-9720-4d4b-9a0b-907fa7158048@group-25329DDABB2C-SegmentedRaftLogWorker: Starting segment from index:0
2023-06-02 20:40:41,947 [c30a36da-1763-463f-9370-bf353ef860b0-server-thread3] INFO  server.RaftServer$Division (ServerState.java:setRaftConf(434)) - c30a36da-1763-463f-9370-bf353ef860b0@group-2370E48C5EC3: set configuration 0: peers:[c30a36da-1763-463f-9370-bf353ef860b0|rpc:10.1.0.31:15077|admin:10.1.0.31:15076|client:10.1.0.31:15075|dataStream:10.1.0.31:15078|priority:0|startupRole:FOLLOWER, a629a011-13a9-410c-9234-b770ba2e8ba4|rpc:10.1.0.31:15068|admin:10.1.0.31:15067|client:10.1.0.31:15066|dataStream:10.1.0.31:15069|priority:1|startupRole:FOLLOWER, b4411977-9720-4d4b-9a0b-907fa7158048|rpc:10.1.0.31:15086|admin:10.1.0.31:15085|client:10.1.0.31:15084|dataStream:10.1.0.31:15087|priority:0|startupRole:FOLLOWER]|listeners:[], old=null
2023-06-02 20:40:41,947 [c30a36da-1763-463f-9370-bf353ef860b0-server-thread3] INFO  segmented.SegmentedRaftLogWorker (SegmentedRaftLogWorker.java:startLogSegment(447)) - c30a36da-1763-463f-9370-bf353ef860b0@group-2370E48C5EC3-SegmentedRaftLogWorker: Starting segment from index:0
2023-06-02 20:40:41,953 [a629a011-13a9-410c-9234-b770ba2e8ba4-server-thread2] INFO  server.RaftServer$Division (ServerState.java:setRaftConf(434)) - a629a011-13a9-410c-9234-b770ba2e8ba4@group-25329DDABB2C: set configuration 0: peers:[c30a36da-1763-463f-9370-bf353ef860b0|rpc:10.1.0.31:15077|admin:10.1.0.31:15076|client:10.1.0.31:15075|dataStream:10.1.0.31:15078|priority:1|startupRole:FOLLOWER, a629a011-13a9-410c-9234-b770ba2e8ba4|rpc:10.1.0.31:15068|admin:10.1.0.31:15067|client:10.1.0.31:15066|dataStream:10.1.0.31:15069|priority:0|startupRole:FOLLOWER, b4411977-9720-4d4b-9a0b-907fa7158048|rpc:10.1.0.31:15086|admin:10.1.0.31:15085|client:10.1.0.31:15084|dataStream:10.1.0.31:15087|priority:0|startupRole:FOLLOWER]|listeners:[], old=null
2023-06-02 20:40:41,953 [a629a011-13a9-410c-9234-b770ba2e8ba4-server-thread2] INFO  segmented.SegmentedRaftLogWorker (SegmentedRaftLogWorker.java:startLogSegment(447)) - a629a011-13a9-410c-9234-b770ba2e8ba4@group-25329DDABB2C-SegmentedRaftLogWorker: Starting segment from index:0
2023-06-02 20:40:41,954 [b4411977-9720-4d4b-9a0b-907fa7158048@group-25329DDABB2C-SegmentedRaftLogWorker] INFO  segmented.SegmentedRaftLogWorker (SegmentedRaftLogWorker.java:execute(651)) - b4411977-9720-4d4b-9a0b-907fa7158048@group-25329DDABB2C-SegmentedRaftLogWorker: created new log segment /home/runner/work/ozone/ozone/hadoop-ozone/integration-test/target/test-dir/MiniOzoneClusterImpl-5ac0c7d5-b38a-4534-ae70-3109b4fe19c6/datanode-8/data/ratis/004e31c2-d5d8-4815-9813-25329ddabb2c/current/log_inprogress_0
2023-06-02 20:40:41,957 [a629a011-13a9-410c-9234-b770ba2e8ba4@group-25329DDABB2C-SegmentedRaftLogWorker] INFO  segmented.SegmentedRaftLogWorker (SegmentedRaftLogWorker.java:execute(651)) - a629a011-13a9-410c-9234-b770ba2e8ba4@group-25329DDABB2C-SegmentedRaftLogWorker: created new log segment /home/runner/work/ozone/ozone/hadoop-ozone/integration-test/target/test-dir/MiniOzoneClusterImpl-5ac0c7d5-b38a-4534-ae70-3109b4fe19c6/datanode-6/data/ratis/004e31c2-d5d8-4815-9813-25329ddabb2c/current/log_inprogress_0
2023-06-02 20:40:41,959 [b4411977-9720-4d4b-9a0b-907fa7158048-server-thread1] INFO  ratis.XceiverServerRatis (XceiverServerRatis.java:handleLeaderChangedNotification(902)) - Leader change notification received for group: group-2370E48C5EC3 with new leaderId: a629a011-13a9-410c-9234-b770ba2e8ba4
2023-06-02 20:40:41,959 [b4411977-9720-4d4b-9a0b-907fa7158048-server-thread1] INFO  server.RaftServer$Division (ServerState.java:setLeader(317)) - b4411977-9720-4d4b-9a0b-907fa7158048@group-2370E48C5EC3: change Leader from null to a629a011-13a9-410c-9234-b770ba2e8ba4 at term 1 for appendEntries, leader elected after 5460ms
2023-06-02 20:40:41,961 [b4411977-9720-4d4b-9a0b-907fa7158048-server-thread1] INFO  server.RaftServer$Division (ServerState.java:setRaftConf(434)) - b4411977-9720-4d4b-9a0b-907fa7158048@group-2370E48C5EC3: set configuration 0: peers:[c30a36da-1763-463f-9370-bf353ef860b0|rpc:10.1.0.31:15077|admin:10.1.0.31:15076|client:10.1.0.31:15075|dataStream:10.1.0.31:15078|priority:0|startupRole:FOLLOWER, a629a011-13a9-410c-9234-b770ba2e8ba4|rpc:10.1.0.31:15068|admin:10.1.0.31:15067|client:10.1.0.31:15066|dataStream:10.1.0.31:15069|priority:1|startupRole:FOLLOWER, b4411977-9720-4d4b-9a0b-907fa7158048|rpc:10.1.0.31:15086|admin:10.1.0.31:15085|client:10.1.0.31:15084|dataStream:10.1.0.31:15087|priority:0|startupRole:FOLLOWER]|listeners:[], old=null
2023-06-02 20:40:41,961 [b4411977-9720-4d4b-9a0b-907fa7158048-server-thread1] INFO  segmented.SegmentedRaftLogWorker (SegmentedRaftLogWorker.java:startLogSegment(447)) - b4411977-9720-4d4b-9a0b-907fa7158048@group-2370E48C5EC3-SegmentedRaftLogWorker: Starting segment from index:0
2023-06-02 20:40:41,961 [c30a36da-1763-463f-9370-bf353ef860b0@group-2370E48C5EC3-SegmentedRaftLogWorker] INFO  segmented.SegmentedRaftLogWorker (SegmentedRaftLogWorker.java:execute(651)) - c30a36da-1763-463f-9370-bf353ef860b0@group-2370E48C5EC3-SegmentedRaftLogWorker: created new log segment /home/runner/work/ozone/ozone/hadoop-ozone/integration-test/target/test-dir/MiniOzoneClusterImpl-5ac0c7d5-b38a-4534-ae70-3109b4fe19c6/datanode-7/data/ratis/40d86c21-5060-4c2c-992b-2370e48c5ec3/current/log_inprogress_0
2023-06-02 20:40:41,964 [b4411977-9720-4d4b-9a0b-907fa7158048@group-2370E48C5EC3-SegmentedRaftLogWorker] INFO  segmented.SegmentedRaftLogWorker (SegmentedRaftLogWorker.java:execute(651)) - b4411977-9720-4d4b-9a0b-907fa7158048@group-2370E48C5EC3-SegmentedRaftLogWorker: created new log segment /home/runner/work/ozone/ozone/hadoop-ozone/integration-test/target/test-dir/MiniOzoneClusterImpl-5ac0c7d5-b38a-4534-ae70-3109b4fe19c6/datanode-8/data/ratis/40d86c21-5060-4c2c-992b-2370e48c5ec3/current/log_inprogress_0
2023-06-02 20:40:42,174 [b4411977-9720-4d4b-9a0b-907fa7158048@group-66B879D2FCE9-FollowerState] INFO  impl.FollowerState (FollowerState.java:run(143)) - b4411977-9720-4d4b-9a0b-907fa7158048@group-66B879D2FCE9-FollowerState: change to CANDIDATE, lastRpcElapsedTime:5082594618ns, electionTimeout:5081ms
2023-06-02 20:40:42,174 [b4411977-9720-4d4b-9a0b-907fa7158048@group-66B879D2FCE9-FollowerState] INFO  impl.RoleInfo (RoleInfo.java:shutdownFollowerState(110)) - b4411977-9720-4d4b-9a0b-907fa7158048: shutdown b4411977-9720-4d4b-9a0b-907fa7158048@group-66B879D2FCE9-FollowerState
2023-06-02 20:40:42,174 [b4411977-9720-4d4b-9a0b-907fa7158048@group-66B879D2FCE9-FollowerState] INFO  server.RaftServer$Division (RaftServerImpl.java:setRole(329)) - b4411977-9720-4d4b-9a0b-907fa7158048@group-66B879D2FCE9: changes role from  FOLLOWER to CANDIDATE at term 0 for changeToCandidate
2023-06-02 20:40:42,174 [b4411977-9720-4d4b-9a0b-907fa7158048@group-66B879D2FCE9-FollowerState] INFO  server.RaftServerConfigKeys (ConfUtils.java:logGet(46)) - raft.server.leaderelection.pre-vote = true (default)
2023-06-02 20:40:42,174 [b4411977-9720-4d4b-9a0b-907fa7158048@group-66B879D2FCE9-FollowerState] INFO  impl.RoleInfo (RoleInfo.java:updateAndGet(139)) - b4411977-9720-4d4b-9a0b-907fa7158048: start b4411977-9720-4d4b-9a0b-907fa7158048@group-66B879D2FCE9-LeaderElection24
2023-06-02 20:40:42,177 [b4411977-9720-4d4b-9a0b-907fa7158048@group-66B879D2FCE9-LeaderElection24] INFO  impl.LeaderElection (LeaderElection.java:askForVotes(321)) - b4411977-9720-4d4b-9a0b-907fa7158048@group-66B879D2FCE9-LeaderElection24 PRE_VOTE round 0: submit vote requests at term 0 for -1: peers:[b4411977-9720-4d4b-9a0b-907fa7158048|rpc:10.1.0.31:15086|admin:10.1.0.31:15085|client:10.1.0.31:15084|dataStream:10.1.0.31:15087|priority:1|startupRole:FOLLOWER]|listeners:[], old=null
2023-06-02 20:40:42,178 [b4411977-9720-4d4b-9a0b-907fa7158048@group-66B879D2FCE9-LeaderElection24] INFO  impl.LeaderElection (LeaderElection.java:askForVotes(323)) - b4411977-9720-4d4b-9a0b-907fa7158048@group-66B879D2FCE9-LeaderElection24 PRE_VOTE round 0: result PASSED (term=0)
2023-06-02 20:40:42,180 [b4411977-9720-4d4b-9a0b-907fa7158048@group-66B879D2FCE9-LeaderElection24] INFO  impl.LeaderElection (LeaderElection.java:askForVotes(321)) - b4411977-9720-4d4b-9a0b-907fa7158048@group-66B879D2FCE9-LeaderElection24 ELECTION round 0: submit vote requests at term 1 for -1: peers:[b4411977-9720-4d4b-9a0b-907fa7158048|rpc:10.1.0.31:15086|admin:10.1.0.31:15085|client:10.1.0.31:15084|dataStream:10.1.0.31:15087|priority:1|startupRole:FOLLOWER]|listeners:[], old=null
2023-06-02 20:40:42,180 [b4411977-9720-4d4b-9a0b-907fa7158048@group-66B879D2FCE9-LeaderElection24] INFO  impl.LeaderElection (LeaderElection.java:askForVotes(323)) - b4411977-9720-4d4b-9a0b-907fa7158048@group-66B879D2FCE9-LeaderElection24 ELECTION round 0: result PASSED (term=1)
2023-06-02 20:40:42,180 [b4411977-9720-4d4b-9a0b-907fa7158048@group-66B879D2FCE9-LeaderElection24] INFO  impl.RoleInfo (RoleInfo.java:shutdownLeaderElection(130)) - b4411977-9720-4d4b-9a0b-907fa7158048: shutdown b4411977-9720-4d4b-9a0b-907fa7158048@group-66B879D2FCE9-LeaderElection24
2023-06-02 20:40:42,180 [b4411977-9720-4d4b-9a0b-907fa7158048@group-66B879D2FCE9-LeaderElection24] INFO  server.RaftServer$Division (RaftServerImpl.java:setRole(329)) - b4411977-9720-4d4b-9a0b-907fa7158048@group-66B879D2FCE9: changes role from CANDIDATE to LEADER at term 1 for changeToLeader
2023-06-02 20:40:42,180 [b4411977-9720-4d4b-9a0b-907fa7158048@group-66B879D2FCE9-LeaderElection24] INFO  ratis.XceiverServerRatis (XceiverServerRatis.java:handleLeaderChangedNotification(902)) - Leader change notification received for group: group-66B879D2FCE9 with new leaderId: b4411977-9720-4d4b-9a0b-907fa7158048
2023-06-02 20:40:42,181 [b4411977-9720-4d4b-9a0b-907fa7158048@group-66B879D2FCE9-LeaderElection24] INFO  server.RaftServer$Division (ServerState.java:setLeader(317)) - b4411977-9720-4d4b-9a0b-907fa7158048@group-66B879D2FCE9: change Leader from null to b4411977-9720-4d4b-9a0b-907fa7158048 at term 1 for becomeLeader, leader elected after 5114ms
2023-06-02 20:40:42,181 [b4411977-9720-4d4b-9a0b-907fa7158048@group-66B879D2FCE9-LeaderElection24] INFO  server.RaftServerConfigKeys (ConfUtils.java:logGet(46)) - raft.server.staging.catchup.gap = 1000 (default)
2023-06-02 20:40:42,181 [b4411977-9720-4d4b-9a0b-907fa7158048@group-66B879D2FCE9-LeaderElection24] INFO  server.RaftServerConfigKeys (ConfUtils.java:logGet(46)) - raft.server.write.element-limit = 1024 (custom)
2023-06-02 20:40:42,181 [b4411977-9720-4d4b-9a0b-907fa7158048@group-66B879D2FCE9-LeaderElection24] INFO  server.RaftServerConfigKeys (ConfUtils.java:logGet(46)) - raft.server.write.byte-limit = 1024 M (=1073741824) (custom)
2023-06-02 20:40:42,183 [b4411977-9720-4d4b-9a0b-907fa7158048@group-66B879D2FCE9-LeaderElection24] INFO  server.RaftServerConfigKeys (ConfUtils.java:logGet(46)) - raft.server.watch.timeout = 180s (custom)
2023-06-02 20:40:42,185 [b4411977-9720-4d4b-9a0b-907fa7158048@group-66B879D2FCE9-LeaderElection24] INFO  server.RaftServerConfigKeys (ConfUtils.java:logGet(46)) - raft.server.watch.timeout.denomination = 1s (default)
2023-06-02 20:40:42,185 [b4411977-9720-4d4b-9a0b-907fa7158048@group-66B879D2FCE9-LeaderElection24] INFO  server.RaftServerConfigKeys (ConfUtils.java:logGet(46)) - raft.server.watch.element-limit = 65536 (default)
2023-06-02 20:40:42,185 [b4411977-9720-4d4b-9a0b-907fa7158048@group-66B879D2FCE9-LeaderElection24] INFO  server.RaftServerConfigKeys (ConfUtils.java:logGet(46)) - raft.server.write.element-limit = 1024 (custom)
2023-06-02 20:40:42,185 [b4411977-9720-4d4b-9a0b-907fa7158048@group-66B879D2FCE9-LeaderElection24] INFO  server.RaftServerConfigKeys (ConfUtils.java:logGet(46)) - raft.server.write.follower.gap.ratio.max = -1.0 (default)
2023-06-02 20:40:42,185 [b4411977-9720-4d4b-9a0b-907fa7158048@group-66B879D2FCE9-LeaderElection24] INFO  impl.RoleInfo (RoleInfo.java:updateAndGet(139)) - b4411977-9720-4d4b-9a0b-907fa7158048: start b4411977-9720-4d4b-9a0b-907fa7158048@group-66B879D2FCE9-LeaderStateImpl
2023-06-02 20:40:42,185 [b4411977-9720-4d4b-9a0b-907fa7158048@group-66B879D2FCE9-LeaderElection24] INFO  segmented.SegmentedRaftLogWorker (SegmentedRaftLogWorker.java:startLogSegment(447)) - b4411977-9720-4d4b-9a0b-907fa7158048@group-66B879D2FCE9-SegmentedRaftLogWorker: Starting segment from index:0
2023-06-02 20:40:42,187 [b4411977-9720-4d4b-9a0b-907fa7158048@group-66B879D2FCE9-LeaderElection24] INFO  server.RaftServer$Division (ServerState.java:setRaftConf(434)) - b4411977-9720-4d4b-9a0b-907fa7158048@group-66B879D2FCE9: set configuration 0: peers:[b4411977-9720-4d4b-9a0b-907fa7158048|rpc:10.1.0.31:15086|admin:10.1.0.31:15085|client:10.1.0.31:15084|dataStream:10.1.0.31:15087|priority:1|startupRole:FOLLOWER]|listeners:[], old=null
2023-06-02 20:40:42,188 [b4411977-9720-4d4b-9a0b-907fa7158048@group-66B879D2FCE9-SegmentedRaftLogWorker] INFO  segmented.SegmentedRaftLogWorker (SegmentedRaftLogWorker.java:execute(651)) - b4411977-9720-4d4b-9a0b-907fa7158048@group-66B879D2FCE9-SegmentedRaftLogWorker: created new log segment /home/runner/work/ozone/ozone/hadoop-ozone/integration-test/target/test-dir/MiniOzoneClusterImpl-5ac0c7d5-b38a-4534-ae70-3109b4fe19c6/datanode-8/data/ratis/64603dce-ae49-4080-9625-66b879d2fce9/current/log_inprogress_0
2023-06-02 20:40:42,810 [c911a996-2ad9-4932-9a2b-dd3b110c7bbf@group-B30ECF971149-FollowerState] INFO  impl.FollowerState (FollowerState.java:run(143)) - c911a996-2ad9-4932-9a2b-dd3b110c7bbf@group-B30ECF971149-FollowerState: change to CANDIDATE, lastRpcElapsedTime:5162850450ns, electionTimeout:5158ms
2023-06-02 20:40:42,811 [c911a996-2ad9-4932-9a2b-dd3b110c7bbf@group-B30ECF971149-FollowerState] INFO  impl.RoleInfo (RoleInfo.java:shutdownFollowerState(110)) - c911a996-2ad9-4932-9a2b-dd3b110c7bbf: shutdown c911a996-2ad9-4932-9a2b-dd3b110c7bbf@group-B30ECF971149-FollowerState
2023-06-02 20:40:42,811 [c911a996-2ad9-4932-9a2b-dd3b110c7bbf@group-B30ECF971149-FollowerState] INFO  server.RaftServer$Division (RaftServerImpl.java:setRole(329)) - c911a996-2ad9-4932-9a2b-dd3b110c7bbf@group-B30ECF971149: changes role from  FOLLOWER to CANDIDATE at term 0 for changeToCandidate
2023-06-02 20:40:42,811 [c911a996-2ad9-4932-9a2b-dd3b110c7bbf@group-B30ECF971149-FollowerState] INFO  server.RaftServerConfigKeys (ConfUtils.java:logGet(46)) - raft.server.leaderelection.pre-vote = true (default)
2023-06-02 20:40:42,811 [c911a996-2ad9-4932-9a2b-dd3b110c7bbf@group-B30ECF971149-FollowerState] INFO  impl.RoleInfo (RoleInfo.java:updateAndGet(139)) - c911a996-2ad9-4932-9a2b-dd3b110c7bbf: start c911a996-2ad9-4932-9a2b-dd3b110c7bbf@group-B30ECF971149-LeaderElection25
2023-06-02 20:40:42,814 [c911a996-2ad9-4932-9a2b-dd3b110c7bbf@group-B30ECF971149-LeaderElection25] INFO  impl.LeaderElection (LeaderElection.java:askForVotes(321)) - c911a996-2ad9-4932-9a2b-dd3b110c7bbf@group-B30ECF971149-LeaderElection25 PRE_VOTE round 0: submit vote requests at term 0 for -1: peers:[c911a996-2ad9-4932-9a2b-dd3b110c7bbf|rpc:10.1.0.31:15095|admin:10.1.0.31:15094|client:10.1.0.31:15093|dataStream:10.1.0.31:15096|priority:1|startupRole:FOLLOWER]|listeners:[], old=null
2023-06-02 20:40:42,814 [c911a996-2ad9-4932-9a2b-dd3b110c7bbf@group-B30ECF971149-LeaderElection25] INFO  impl.LeaderElection (LeaderElection.java:askForVotes(323)) - c911a996-2ad9-4932-9a2b-dd3b110c7bbf@group-B30ECF971149-LeaderElection25 PRE_VOTE round 0: result PASSED (term=0)
2023-06-02 20:40:42,816 [c911a996-2ad9-4932-9a2b-dd3b110c7bbf@group-B30ECF971149-LeaderElection25] INFO  impl.LeaderElection (LeaderElection.java:askForVotes(321)) - c911a996-2ad9-4932-9a2b-dd3b110c7bbf@group-B30ECF971149-LeaderElection25 ELECTION round 0: submit vote requests at term 1 for -1: peers:[c911a996-2ad9-4932-9a2b-dd3b110c7bbf|rpc:10.1.0.31:15095|admin:10.1.0.31:15094|client:10.1.0.31:15093|dataStream:10.1.0.31:15096|priority:1|startupRole:FOLLOWER]|listeners:[], old=null
2023-06-02 20:40:42,816 [c911a996-2ad9-4932-9a2b-dd3b110c7bbf@group-B30ECF971149-LeaderElection25] INFO  impl.LeaderElection (LeaderElection.java:askForVotes(323)) - c911a996-2ad9-4932-9a2b-dd3b110c7bbf@group-B30ECF971149-LeaderElection25 ELECTION round 0: result PASSED (term=1)
2023-06-02 20:40:42,816 [c911a996-2ad9-4932-9a2b-dd3b110c7bbf@group-B30ECF971149-LeaderElection25] INFO  impl.RoleInfo (RoleInfo.java:shutdownLeaderElection(130)) - c911a996-2ad9-4932-9a2b-dd3b110c7bbf: shutdown c911a996-2ad9-4932-9a2b-dd3b110c7bbf@group-B30ECF971149-LeaderElection25
2023-06-02 20:40:42,816 [c911a996-2ad9-4932-9a2b-dd3b110c7bbf@group-B30ECF971149-LeaderElection25] INFO  server.RaftServer$Division (RaftServerImpl.java:setRole(329)) - c911a996-2ad9-4932-9a2b-dd3b110c7bbf@group-B30ECF971149: changes role from CANDIDATE to LEADER at term 1 for changeToLeader
2023-06-02 20:40:42,817 [c911a996-2ad9-4932-9a2b-dd3b110c7bbf@group-B30ECF971149-LeaderElection25] INFO  ratis.XceiverServerRatis (XceiverServerRatis.java:handleLeaderChangedNotification(902)) - Leader change notification received for group: group-B30ECF971149 with new leaderId: c911a996-2ad9-4932-9a2b-dd3b110c7bbf
2023-06-02 20:40:42,817 [c911a996-2ad9-4932-9a2b-dd3b110c7bbf@group-B30ECF971149-LeaderElection25] INFO  server.RaftServer$Division (ServerState.java:setLeader(317)) - c911a996-2ad9-4932-9a2b-dd3b110c7bbf@group-B30ECF971149: change Leader from null to c911a996-2ad9-4932-9a2b-dd3b110c7bbf at term 1 for becomeLeader, leader elected after 5196ms
2023-06-02 20:40:42,817 [c911a996-2ad9-4932-9a2b-dd3b110c7bbf@group-B30ECF971149-LeaderElection25] INFO  server.RaftServerConfigKeys (ConfUtils.java:logGet(46)) - raft.server.staging.catchup.gap = 1000 (default)
2023-06-02 20:40:42,817 [c911a996-2ad9-4932-9a2b-dd3b110c7bbf@group-B30ECF971149-LeaderElection25] INFO  server.RaftServerConfigKeys (ConfUtils.java:logGet(46)) - raft.server.write.element-limit = 1024 (custom)
2023-06-02 20:40:42,817 [c911a996-2ad9-4932-9a2b-dd3b110c7bbf@group-B30ECF971149-LeaderElection25] INFO  server.RaftServerConfigKeys (ConfUtils.java:logGet(46)) - raft.server.write.byte-limit = 1024 M (=1073741824) (custom)
2023-06-02 20:40:42,818 [c911a996-2ad9-4932-9a2b-dd3b110c7bbf@group-B30ECF971149-LeaderElection25] INFO  server.RaftServerConfigKeys (ConfUtils.java:logGet(46)) - raft.server.watch.timeout = 180s (custom)
2023-06-02 20:40:42,818 [c911a996-2ad9-4932-9a2b-dd3b110c7bbf@group-B30ECF971149-LeaderElection25] INFO  server.RaftServerConfigKeys (ConfUtils.java:logGet(46)) - raft.server.watch.timeout.denomination = 1s (default)
2023-06-02 20:40:42,818 [c911a996-2ad9-4932-9a2b-dd3b110c7bbf@group-B30ECF971149-LeaderElection25] INFO  server.RaftServerConfigKeys (ConfUtils.java:logGet(46)) - raft.server.watch.element-limit = 65536 (default)
2023-06-02 20:40:42,818 [c911a996-2ad9-4932-9a2b-dd3b110c7bbf@group-B30ECF971149-LeaderElection25] INFO  server.RaftServerConfigKeys (ConfUtils.java:logGet(46)) - raft.server.write.element-limit = 1024 (custom)
2023-06-02 20:40:42,818 [c911a996-2ad9-4932-9a2b-dd3b110c7bbf@group-B30ECF971149-LeaderElection25] INFO  server.RaftServerConfigKeys (ConfUtils.java:logGet(46)) - raft.server.write.follower.gap.ratio.max = -1.0 (default)
2023-06-02 20:40:42,818 [c911a996-2ad9-4932-9a2b-dd3b110c7bbf@group-B30ECF971149-LeaderElection25] INFO  impl.RoleInfo (RoleInfo.java:updateAndGet(139)) - c911a996-2ad9-4932-9a2b-dd3b110c7bbf: start c911a996-2ad9-4932-9a2b-dd3b110c7bbf@group-B30ECF971149-LeaderStateImpl
2023-06-02 20:40:42,818 [c911a996-2ad9-4932-9a2b-dd3b110c7bbf@group-B30ECF971149-LeaderElection25] INFO  segmented.SegmentedRaftLogWorker (SegmentedRaftLogWorker.java:startLogSegment(447)) - c911a996-2ad9-4932-9a2b-dd3b110c7bbf@group-B30ECF971149-SegmentedRaftLogWorker: Starting segment from index:0
2023-06-02 20:40:42,819 [c911a996-2ad9-4932-9a2b-dd3b110c7bbf@group-B30ECF971149-LeaderElection25] INFO  server.RaftServer$Division (ServerState.java:setRaftConf(434)) - c911a996-2ad9-4932-9a2b-dd3b110c7bbf@group-B30ECF971149: set configuration 0: peers:[c911a996-2ad9-4932-9a2b-dd3b110c7bbf|rpc:10.1.0.31:15095|admin:10.1.0.31:15094|client:10.1.0.31:15093|dataStream:10.1.0.31:15096|priority:1|startupRole:FOLLOWER]|listeners:[], old=null
2023-06-02 20:40:42,820 [c911a996-2ad9-4932-9a2b-dd3b110c7bbf@group-B30ECF971149-SegmentedRaftLogWorker] INFO  segmented.SegmentedRaftLogWorker (SegmentedRaftLogWorker.java:execute(651)) - c911a996-2ad9-4932-9a2b-dd3b110c7bbf@group-B30ECF971149-SegmentedRaftLogWorker: created new log segment /home/runner/work/ozone/ozone/hadoop-ozone/integration-test/target/test-dir/MiniOzoneClusterImpl-5ac0c7d5-b38a-4534-ae70-3109b4fe19c6/datanode-9/data/ratis/0e78e751-ee7d-4498-b3c7-b30ecf971149/current/log_inprogress_0
2023-06-02 20:40:43,204 [c911a996-2ad9-4932-9a2b-dd3b110c7bbf@group-3C2B6DD44A69-FollowerState] INFO  impl.FollowerState (FollowerState.java:run(143)) - c911a996-2ad9-4932-9a2b-dd3b110c7bbf@group-3C2B6DD44A69-FollowerState: change to CANDIDATE, lastRpcElapsedTime:5021645106ns, electionTimeout:5020ms
2023-06-02 20:40:43,205 [c911a996-2ad9-4932-9a2b-dd3b110c7bbf@group-3C2B6DD44A69-FollowerState] INFO  impl.RoleInfo (RoleInfo.java:shutdownFollowerState(110)) - c911a996-2ad9-4932-9a2b-dd3b110c7bbf: shutdown c911a996-2ad9-4932-9a2b-dd3b110c7bbf@group-3C2B6DD44A69-FollowerState
2023-06-02 20:40:43,205 [c911a996-2ad9-4932-9a2b-dd3b110c7bbf@group-3C2B6DD44A69-FollowerState] INFO  server.RaftServer$Division (RaftServerImpl.java:setRole(329)) - c911a996-2ad9-4932-9a2b-dd3b110c7bbf@group-3C2B6DD44A69: changes role from  FOLLOWER to CANDIDATE at term 0 for changeToCandidate
2023-06-02 20:40:43,205 [c911a996-2ad9-4932-9a2b-dd3b110c7bbf@group-3C2B6DD44A69-FollowerState] INFO  server.RaftServerConfigKeys (ConfUtils.java:logGet(46)) - raft.server.leaderelection.pre-vote = true (default)
2023-06-02 20:40:43,205 [c911a996-2ad9-4932-9a2b-dd3b110c7bbf@group-3C2B6DD44A69-FollowerState] INFO  impl.RoleInfo (RoleInfo.java:updateAndGet(139)) - c911a996-2ad9-4932-9a2b-dd3b110c7bbf: start c911a996-2ad9-4932-9a2b-dd3b110c7bbf@group-3C2B6DD44A69-LeaderElection26
2023-06-02 20:40:43,208 [c911a996-2ad9-4932-9a2b-dd3b110c7bbf@group-3C2B6DD44A69-LeaderElection26] INFO  impl.LeaderElection (LeaderElection.java:askForVotes(321)) - c911a996-2ad9-4932-9a2b-dd3b110c7bbf@group-3C2B6DD44A69-LeaderElection26 PRE_VOTE round 0: submit vote requests at term 0 for -1: peers:[c911a996-2ad9-4932-9a2b-dd3b110c7bbf|rpc:10.1.0.31:15095|admin:10.1.0.31:15094|client:10.1.0.31:15093|dataStream:10.1.0.31:15096|priority:0|startupRole:FOLLOWER, c0b96ab7-4e07-4f66-b608-d68f56bbc6df|rpc:10.1.0.31:15104|admin:10.1.0.31:15103|client:10.1.0.31:15102|dataStream:10.1.0.31:15105|priority:1|startupRole:FOLLOWER, de3fb769-0102-4a69-91ff-1ba1954f3f02|rpc:10.1.0.31:15113|admin:10.1.0.31:15112|client:10.1.0.31:15111|dataStream:10.1.0.31:15114|priority:0|startupRole:FOLLOWER]|listeners:[], old=null
2023-06-02 20:40:43,209 [c911a996-2ad9-4932-9a2b-dd3b110c7bbf@group-3C2B6DD44A69-LeaderElection26-1] INFO  server.GrpcServerProtocolClient (GrpcServerProtocolClient.java:<init>(65)) - Build channel for c0b96ab7-4e07-4f66-b608-d68f56bbc6df
2023-06-02 20:40:43,211 [c911a996-2ad9-4932-9a2b-dd3b110c7bbf@group-3C2B6DD44A69-LeaderElection26] INFO  server.RaftServerConfigKeys (ConfUtils.java:logFallback(53)) - raft.server.rpc.first-election.timeout.min = 5s (fallback to raft.server.rpc.timeout.min)
2023-06-02 20:40:43,211 [c911a996-2ad9-4932-9a2b-dd3b110c7bbf@group-3C2B6DD44A69-LeaderElection26-2] INFO  server.GrpcServerProtocolClient (GrpcServerProtocolClient.java:<init>(65)) - Build channel for de3fb769-0102-4a69-91ff-1ba1954f3f02
2023-06-02 20:40:43,211 [c911a996-2ad9-4932-9a2b-dd3b110c7bbf@group-3C2B6DD44A69-LeaderElection26] INFO  server.RaftServerConfigKeys (ConfUtils.java:logFallback(53)) - raft.server.rpc.first-election.timeout.max = 5200ms (fallback to raft.server.rpc.timeout.max)
2023-06-02 20:40:43,224 [grpc-default-executor-6] INFO  server.RaftServer$Division (RaftServerImpl.java:requestVote(1302)) - de3fb769-0102-4a69-91ff-1ba1954f3f02@group-3C2B6DD44A69: receive requestVote(PRE_VOTE, c911a996-2ad9-4932-9a2b-dd3b110c7bbf, group-3C2B6DD44A69, 0, (t:0, i:0))
2023-06-02 20:40:43,224 [grpc-default-executor-6] INFO  impl.VoteContext (VoteContext.java:log(49)) - de3fb769-0102-4a69-91ff-1ba1954f3f02@group-3C2B6DD44A69-FOLLOWER: accept PRE_VOTE from c911a996-2ad9-4932-9a2b-dd3b110c7bbf: our priority 0 <= candidate's priority 0
2023-06-02 20:40:43,224 [grpc-default-executor-6] INFO  server.RaftServer$Division (RaftServerImpl.java:requestVote(1335)) - de3fb769-0102-4a69-91ff-1ba1954f3f02@group-3C2B6DD44A69 replies to PRE_VOTE vote request: c911a996-2ad9-4932-9a2b-dd3b110c7bbf<-de3fb769-0102-4a69-91ff-1ba1954f3f02#0:OK-t0. Peer's state: de3fb769-0102-4a69-91ff-1ba1954f3f02@group-3C2B6DD44A69:t0, leader=null, voted=, raftlog=Memoized:de3fb769-0102-4a69-91ff-1ba1954f3f02@group-3C2B6DD44A69-SegmentedRaftLog:OPENED:c-1, conf=-1: peers:[c911a996-2ad9-4932-9a2b-dd3b110c7bbf|rpc:10.1.0.31:15095|admin:10.1.0.31:15094|client:10.1.0.31:15093|dataStream:10.1.0.31:15096|priority:0|startupRole:FOLLOWER, c0b96ab7-4e07-4f66-b608-d68f56bbc6df|rpc:10.1.0.31:15104|admin:10.1.0.31:15103|client:10.1.0.31:15102|dataStream:10.1.0.31:15105|priority:1|startupRole:FOLLOWER, de3fb769-0102-4a69-91ff-1ba1954f3f02|rpc:10.1.0.31:15113|admin:10.1.0.31:15112|client:10.1.0.31:15111|dataStream:10.1.0.31:15114|priority:0|startupRole:FOLLOWER]|listeners:[], old=null
2023-06-02 20:40:43,227 [grpc-default-executor-6] INFO  server.RaftServer$Division (RaftServerImpl.java:requestVote(1302)) - c0b96ab7-4e07-4f66-b608-d68f56bbc6df@group-3C2B6DD44A69: receive requestVote(PRE_VOTE, c911a996-2ad9-4932-9a2b-dd3b110c7bbf, group-3C2B6DD44A69, 0, (t:0, i:0))
2023-06-02 20:40:43,227 [grpc-default-executor-6] INFO  impl.VoteContext (VoteContext.java:log(49)) - c0b96ab7-4e07-4f66-b608-d68f56bbc6df@group-3C2B6DD44A69-FOLLOWER: reject PRE_VOTE from c911a996-2ad9-4932-9a2b-dd3b110c7bbf: our priority 1 > candidate's priority 0
2023-06-02 20:40:43,227 [grpc-default-executor-6] INFO  server.RaftServer$Division (RaftServerImpl.java:requestVote(1335)) - c0b96ab7-4e07-4f66-b608-d68f56bbc6df@group-3C2B6DD44A69 replies to PRE_VOTE vote request: c911a996-2ad9-4932-9a2b-dd3b110c7bbf<-c0b96ab7-4e07-4f66-b608-d68f56bbc6df#0:FAIL-t0. Peer's state: c0b96ab7-4e07-4f66-b608-d68f56bbc6df@group-3C2B6DD44A69:t0, leader=null, voted=, raftlog=Memoized:c0b96ab7-4e07-4f66-b608-d68f56bbc6df@group-3C2B6DD44A69-SegmentedRaftLog:OPENED:c-1, conf=-1: peers:[c911a996-2ad9-4932-9a2b-dd3b110c7bbf|rpc:10.1.0.31:15095|admin:10.1.0.31:15094|client:10.1.0.31:15093|dataStream:10.1.0.31:15096|priority:0|startupRole:FOLLOWER, c0b96ab7-4e07-4f66-b608-d68f56bbc6df|rpc:10.1.0.31:15104|admin:10.1.0.31:15103|client:10.1.0.31:15102|dataStream:10.1.0.31:15105|priority:1|startupRole:FOLLOWER, de3fb769-0102-4a69-91ff-1ba1954f3f02|rpc:10.1.0.31:15113|admin:10.1.0.31:15112|client:10.1.0.31:15111|dataStream:10.1.0.31:15114|priority:0|startupRole:FOLLOWER]|listeners:[], old=null
2023-06-02 20:40:43,229 [c911a996-2ad9-4932-9a2b-dd3b110c7bbf@group-3C2B6DD44A69-LeaderElection26] INFO  impl.LeaderElection (LeaderElection.java:logAndReturn(90)) - c911a996-2ad9-4932-9a2b-dd3b110c7bbf@group-3C2B6DD44A69-LeaderElection26: PRE_VOTE REJECTED received 2 response(s) and 0 exception(s):
2023-06-02 20:40:43,229 [c911a996-2ad9-4932-9a2b-dd3b110c7bbf@group-3C2B6DD44A69-LeaderElection26] INFO  impl.LeaderElection (LeaderElection.java:logAndReturn(94)) -   Response 0: c911a996-2ad9-4932-9a2b-dd3b110c7bbf<-c0b96ab7-4e07-4f66-b608-d68f56bbc6df#0:FAIL-t0
2023-06-02 20:40:43,229 [c911a996-2ad9-4932-9a2b-dd3b110c7bbf@group-3C2B6DD44A69-LeaderElection26] INFO  impl.LeaderElection (LeaderElection.java:logAndReturn(94)) -   Response 1: c911a996-2ad9-4932-9a2b-dd3b110c7bbf<-de3fb769-0102-4a69-91ff-1ba1954f3f02#0:OK-t0
2023-06-02 20:40:43,229 [c911a996-2ad9-4932-9a2b-dd3b110c7bbf@group-3C2B6DD44A69-LeaderElection26] INFO  impl.LeaderElection (LeaderElection.java:askForVotes(323)) - c911a996-2ad9-4932-9a2b-dd3b110c7bbf@group-3C2B6DD44A69-LeaderElection26 PRE_VOTE round 0: result REJECTED
2023-06-02 20:40:43,229 [c911a996-2ad9-4932-9a2b-dd3b110c7bbf@group-3C2B6DD44A69-LeaderElection26] INFO  server.RaftServer$Division (RaftServerImpl.java:setRole(329)) - c911a996-2ad9-4932-9a2b-dd3b110c7bbf@group-3C2B6DD44A69: changes role from CANDIDATE to FOLLOWER at term 0 for REJECTED
2023-06-02 20:40:43,229 [c911a996-2ad9-4932-9a2b-dd3b110c7bbf@group-3C2B6DD44A69-LeaderElection26] INFO  impl.RoleInfo (RoleInfo.java:shutdownLeaderElection(130)) - c911a996-2ad9-4932-9a2b-dd3b110c7bbf: shutdown c911a996-2ad9-4932-9a2b-dd3b110c7bbf@group-3C2B6DD44A69-LeaderElection26
2023-06-02 20:40:43,229 [c911a996-2ad9-4932-9a2b-dd3b110c7bbf@group-3C2B6DD44A69-LeaderElection26] INFO  impl.RoleInfo (RoleInfo.java:updateAndGet(139)) - c911a996-2ad9-4932-9a2b-dd3b110c7bbf: start c911a996-2ad9-4932-9a2b-dd3b110c7bbf@group-3C2B6DD44A69-FollowerState
2023-06-02 20:40:43,335 [c0b96ab7-4e07-4f66-b608-d68f56bbc6df@group-3C2B6DD44A69-FollowerState] INFO  impl.FollowerState (FollowerState.java:run(143)) - c0b96ab7-4e07-4f66-b608-d68f56bbc6df@group-3C2B6DD44A69-FollowerState: change to CANDIDATE, lastRpcElapsedTime:5050305135ns, electionTimeout:5046ms
2023-06-02 20:40:43,335 [c0b96ab7-4e07-4f66-b608-d68f56bbc6df@group-3C2B6DD44A69-FollowerState] INFO  impl.RoleInfo (RoleInfo.java:shutdownFollowerState(110)) - c0b96ab7-4e07-4f66-b608-d68f56bbc6df: shutdown c0b96ab7-4e07-4f66-b608-d68f56bbc6df@group-3C2B6DD44A69-FollowerState
2023-06-02 20:40:43,335 [c0b96ab7-4e07-4f66-b608-d68f56bbc6df@group-3C2B6DD44A69-FollowerState] INFO  server.RaftServer$Division (RaftServerImpl.java:setRole(329)) - c0b96ab7-4e07-4f66-b608-d68f56bbc6df@group-3C2B6DD44A69: changes role from  FOLLOWER to CANDIDATE at term 0 for changeToCandidate
2023-06-02 20:40:43,335 [c0b96ab7-4e07-4f66-b608-d68f56bbc6df@group-3C2B6DD44A69-FollowerState] INFO  server.RaftServerConfigKeys (ConfUtils.java:logGet(46)) - raft.server.leaderelection.pre-vote = true (default)
2023-06-02 20:40:43,335 [c0b96ab7-4e07-4f66-b608-d68f56bbc6df@group-3C2B6DD44A69-FollowerState] INFO  impl.RoleInfo (RoleInfo.java:updateAndGet(139)) - c0b96ab7-4e07-4f66-b608-d68f56bbc6df: start c0b96ab7-4e07-4f66-b608-d68f56bbc6df@group-3C2B6DD44A69-LeaderElection27
2023-06-02 20:40:43,336 [c0b96ab7-4e07-4f66-b608-d68f56bbc6df@group-3C2B6DD44A69-LeaderElection27] INFO  impl.LeaderElection (LeaderElection.java:askForVotes(321)) - c0b96ab7-4e07-4f66-b608-d68f56bbc6df@group-3C2B6DD44A69-LeaderElection27 PRE_VOTE round 0: submit vote requests at term 0 for -1: peers:[c911a996-2ad9-4932-9a2b-dd3b110c7bbf|rpc:10.1.0.31:15095|admin:10.1.0.31:15094|client:10.1.0.31:15093|dataStream:10.1.0.31:15096|priority:0|startupRole:FOLLOWER, c0b96ab7-4e07-4f66-b608-d68f56bbc6df|rpc:10.1.0.31:15104|admin:10.1.0.31:15103|client:10.1.0.31:15102|dataStream:10.1.0.31:15105|priority:1|startupRole:FOLLOWER, de3fb769-0102-4a69-91ff-1ba1954f3f02|rpc:10.1.0.31:15113|admin:10.1.0.31:15112|client:10.1.0.31:15111|dataStream:10.1.0.31:15114|priority:0|startupRole:FOLLOWER]|listeners:[], old=null
2023-06-02 20:40:43,337 [c0b96ab7-4e07-4f66-b608-d68f56bbc6df@group-3C2B6DD44A69-LeaderElection27] INFO  server.RaftServerConfigKeys (ConfUtils.java:logFallback(53)) - raft.server.rpc.first-election.timeout.min = 5s (fallback to raft.server.rpc.timeout.min)
2023-06-02 20:40:43,337 [c0b96ab7-4e07-4f66-b608-d68f56bbc6df@group-3C2B6DD44A69-LeaderElection27-1] INFO  server.GrpcServerProtocolClient (GrpcServerProtocolClient.java:<init>(65)) - Build channel for c911a996-2ad9-4932-9a2b-dd3b110c7bbf
2023-06-02 20:40:43,337 [c0b96ab7-4e07-4f66-b608-d68f56bbc6df@group-3C2B6DD44A69-LeaderElection27] INFO  server.RaftServerConfigKeys (ConfUtils.java:logFallback(53)) - raft.server.rpc.first-election.timeout.max = 5200ms (fallback to raft.server.rpc.timeout.max)
2023-06-02 20:40:43,337 [c0b96ab7-4e07-4f66-b608-d68f56bbc6df@group-3C2B6DD44A69-LeaderElection27-2] INFO  server.GrpcServerProtocolClient (GrpcServerProtocolClient.java:<init>(65)) - Build channel for de3fb769-0102-4a69-91ff-1ba1954f3f02
2023-06-02 20:40:43,341 [c0b96ab7-4e07-4f66-b608-d68f56bbc6df@group-EB6C5B0C6B43-FollowerState] INFO  impl.FollowerState (FollowerState.java:run(143)) - c0b96ab7-4e07-4f66-b608-d68f56bbc6df@group-EB6C5B0C6B43-FollowerState: change to CANDIDATE, lastRpcElapsedTime:5079518318ns, electionTimeout:5078ms
2023-06-02 20:40:43,341 [c0b96ab7-4e07-4f66-b608-d68f56bbc6df@group-EB6C5B0C6B43-FollowerState] INFO  impl.RoleInfo (RoleInfo.java:shutdownFollowerState(110)) - c0b96ab7-4e07-4f66-b608-d68f56bbc6df: shutdown c0b96ab7-4e07-4f66-b608-d68f56bbc6df@group-EB6C5B0C6B43-FollowerState
2023-06-02 20:40:43,341 [c0b96ab7-4e07-4f66-b608-d68f56bbc6df@group-EB6C5B0C6B43-FollowerState] INFO  server.RaftServer$Division (RaftServerImpl.java:setRole(329)) - c0b96ab7-4e07-4f66-b608-d68f56bbc6df@group-EB6C5B0C6B43: changes role from  FOLLOWER to CANDIDATE at term 0 for changeToCandidate
2023-06-02 20:40:43,341 [c0b96ab7-4e07-4f66-b608-d68f56bbc6df@group-EB6C5B0C6B43-FollowerState] INFO  server.RaftServerConfigKeys (ConfUtils.java:logGet(46)) - raft.server.leaderelection.pre-vote = true (default)
2023-06-02 20:40:43,341 [c0b96ab7-4e07-4f66-b608-d68f56bbc6df@group-EB6C5B0C6B43-FollowerState] INFO  impl.RoleInfo (RoleInfo.java:updateAndGet(139)) - c0b96ab7-4e07-4f66-b608-d68f56bbc6df: start c0b96ab7-4e07-4f66-b608-d68f56bbc6df@group-EB6C5B0C6B43-LeaderElection28
2023-06-02 20:40:43,343 [c0b96ab7-4e07-4f66-b608-d68f56bbc6df@group-EB6C5B0C6B43-LeaderElection28] INFO  impl.LeaderElection (LeaderElection.java:askForVotes(321)) - c0b96ab7-4e07-4f66-b608-d68f56bbc6df@group-EB6C5B0C6B43-LeaderElection28 PRE_VOTE round 0: submit vote requests at term 0 for -1: peers:[c0b96ab7-4e07-4f66-b608-d68f56bbc6df|rpc:10.1.0.31:15104|admin:10.1.0.31:15103|client:10.1.0.31:15102|dataStream:10.1.0.31:15105|priority:1|startupRole:FOLLOWER]|listeners:[], old=null
2023-06-02 20:40:43,344 [c0b96ab7-4e07-4f66-b608-d68f56bbc6df@group-EB6C5B0C6B43-LeaderElection28] INFO  impl.LeaderElection (LeaderElection.java:askForVotes(323)) - c0b96ab7-4e07-4f66-b608-d68f56bbc6df@group-EB6C5B0C6B43-LeaderElection28 PRE_VOTE round 0: result PASSED (term=0)
2023-06-02 20:40:43,348 [c0b96ab7-4e07-4f66-b608-d68f56bbc6df@group-EB6C5B0C6B43-LeaderElection28] INFO  impl.LeaderElection (LeaderElection.java:askForVotes(321)) - c0b96ab7-4e07-4f66-b608-d68f56bbc6df@group-EB6C5B0C6B43-LeaderElection28 ELECTION round 0: submit vote requests at term 1 for -1: peers:[c0b96ab7-4e07-4f66-b608-d68f56bbc6df|rpc:10.1.0.31:15104|admin:10.1.0.31:15103|client:10.1.0.31:15102|dataStream:10.1.0.31:15105|priority:1|startupRole:FOLLOWER]|listeners:[], old=null
2023-06-02 20:40:43,349 [c0b96ab7-4e07-4f66-b608-d68f56bbc6df@group-EB6C5B0C6B43-LeaderElection28] INFO  impl.LeaderElection (LeaderElection.java:askForVotes(323)) - c0b96ab7-4e07-4f66-b608-d68f56bbc6df@group-EB6C5B0C6B43-LeaderElection28 ELECTION round 0: result PASSED (term=1)
2023-06-02 20:40:43,349 [c0b96ab7-4e07-4f66-b608-d68f56bbc6df@group-EB6C5B0C6B43-LeaderElection28] INFO  impl.RoleInfo (RoleInfo.java:shutdownLeaderElection(130)) - c0b96ab7-4e07-4f66-b608-d68f56bbc6df: shutdown c0b96ab7-4e07-4f66-b608-d68f56bbc6df@group-EB6C5B0C6B43-LeaderElection28
2023-06-02 20:40:43,349 [c0b96ab7-4e07-4f66-b608-d68f56bbc6df@group-EB6C5B0C6B43-LeaderElection28] INFO  server.RaftServer$Division (RaftServerImpl.java:setRole(329)) - c0b96ab7-4e07-4f66-b608-d68f56bbc6df@group-EB6C5B0C6B43: changes role from CANDIDATE to LEADER at term 1 for changeToLeader
2023-06-02 20:40:43,349 [c0b96ab7-4e07-4f66-b608-d68f56bbc6df@group-EB6C5B0C6B43-LeaderElection28] INFO  ratis.XceiverServerRatis (XceiverServerRatis.java:handleLeaderChangedNotification(902)) - Leader change notification received for group: group-EB6C5B0C6B43 with new leaderId: c0b96ab7-4e07-4f66-b608-d68f56bbc6df
2023-06-02 20:40:43,349 [c0b96ab7-4e07-4f66-b608-d68f56bbc6df@group-EB6C5B0C6B43-LeaderElection28] INFO  server.RaftServer$Division (ServerState.java:setLeader(317)) - c0b96ab7-4e07-4f66-b608-d68f56bbc6df@group-EB6C5B0C6B43: change Leader from null to c0b96ab7-4e07-4f66-b608-d68f56bbc6df at term 1 for becomeLeader, leader elected after 5126ms
2023-06-02 20:40:43,349 [c0b96ab7-4e07-4f66-b608-d68f56bbc6df@group-EB6C5B0C6B43-LeaderElection28] INFO  server.RaftServerConfigKeys (ConfUtils.java:logGet(46)) - raft.server.staging.catchup.gap = 1000 (default)
2023-06-02 20:40:43,349 [c0b96ab7-4e07-4f66-b608-d68f56bbc6df@group-EB6C5B0C6B43-LeaderElection28] INFO  server.RaftServerConfigKeys (ConfUtils.java:logGet(46)) - raft.server.write.element-limit = 1024 (custom)
2023-06-02 20:40:43,349 [c0b96ab7-4e07-4f66-b608-d68f56bbc6df@group-EB6C5B0C6B43-LeaderElection28] INFO  server.RaftServerConfigKeys (ConfUtils.java:logGet(46)) - raft.server.write.byte-limit = 1024 M (=1073741824) (custom)
2023-06-02 20:40:43,351 [c0b96ab7-4e07-4f66-b608-d68f56bbc6df@group-EB6C5B0C6B43-LeaderElection28] INFO  server.RaftServerConfigKeys (ConfUtils.java:logGet(46)) - raft.server.watch.timeout = 180s (custom)
2023-06-02 20:40:43,351 [c0b96ab7-4e07-4f66-b608-d68f56bbc6df@group-EB6C5B0C6B43-LeaderElection28] INFO  server.RaftServerConfigKeys (ConfUtils.java:logGet(46)) - raft.server.watch.timeout.denomination = 1s (default)
2023-06-02 20:40:43,351 [c0b96ab7-4e07-4f66-b608-d68f56bbc6df@group-EB6C5B0C6B43-LeaderElection28] INFO  server.RaftServerConfigKeys (ConfUtils.java:logGet(46)) - raft.server.watch.element-limit = 65536 (default)
2023-06-02 20:40:43,351 [c0b96ab7-4e07-4f66-b608-d68f56bbc6df@group-EB6C5B0C6B43-LeaderElection28] INFO  server.RaftServerConfigKeys (ConfUtils.java:logGet(46)) - raft.server.write.element-limit = 1024 (custom)
2023-06-02 20:40:43,359 [c0b96ab7-4e07-4f66-b608-d68f56bbc6df@group-EB6C5B0C6B43-LeaderElection28] INFO  server.RaftServerConfigKeys (ConfUtils.java:logGet(46)) - raft.server.write.follower.gap.ratio.max = -1.0 (default)
2023-06-02 20:40:43,359 [c0b96ab7-4e07-4f66-b608-d68f56bbc6df@group-EB6C5B0C6B43-LeaderElection28] INFO  impl.RoleInfo (RoleInfo.java:updateAndGet(139)) - c0b96ab7-4e07-4f66-b608-d68f56bbc6df: start c0b96ab7-4e07-4f66-b608-d68f56bbc6df@group-EB6C5B0C6B43-LeaderStateImpl
2023-06-02 20:40:43,359 [c0b96ab7-4e07-4f66-b608-d68f56bbc6df@group-EB6C5B0C6B43-LeaderElection28] INFO  segmented.SegmentedRaftLogWorker (SegmentedRaftLogWorker.java:startLogSegment(447)) - c0b96ab7-4e07-4f66-b608-d68f56bbc6df@group-EB6C5B0C6B43-SegmentedRaftLogWorker: Starting segment from index:0
2023-06-02 20:40:43,360 [c0b96ab7-4e07-4f66-b608-d68f56bbc6df@group-EB6C5B0C6B43-LeaderElection28] INFO  server.RaftServer$Division (ServerState.java:setRaftConf(434)) - c0b96ab7-4e07-4f66-b608-d68f56bbc6df@group-EB6C5B0C6B43: set configuration 0: peers:[c0b96ab7-4e07-4f66-b608-d68f56bbc6df|rpc:10.1.0.31:15104|admin:10.1.0.31:15103|client:10.1.0.31:15102|dataStream:10.1.0.31:15105|priority:1|startupRole:FOLLOWER]|listeners:[], old=null
2023-06-02 20:40:43,361 [c0b96ab7-4e07-4f66-b608-d68f56bbc6df@group-EB6C5B0C6B43-SegmentedRaftLogWorker] INFO  segmented.SegmentedRaftLogWorker (SegmentedRaftLogWorker.java:execute(651)) - c0b96ab7-4e07-4f66-b608-d68f56bbc6df@group-EB6C5B0C6B43-SegmentedRaftLogWorker: created new log segment /home/runner/work/ozone/ozone/hadoop-ozone/integration-test/target/test-dir/MiniOzoneClusterImpl-5ac0c7d5-b38a-4534-ae70-3109b4fe19c6/datanode-10/data/ratis/31e557d6-4612-42be-b56f-eb6c5b0c6b43/current/log_inprogress_0
2023-06-02 20:40:43,363 [grpc-default-executor-6] INFO  server.RaftServer$Division (RaftServerImpl.java:requestVote(1302)) - c911a996-2ad9-4932-9a2b-dd3b110c7bbf@group-3C2B6DD44A69: receive requestVote(PRE_VOTE, c0b96ab7-4e07-4f66-b608-d68f56bbc6df, group-3C2B6DD44A69, 0, (t:0, i:0))
2023-06-02 20:40:43,363 [grpc-default-executor-6] INFO  impl.VoteContext (VoteContext.java:log(49)) - c911a996-2ad9-4932-9a2b-dd3b110c7bbf@group-3C2B6DD44A69-FOLLOWER: accept PRE_VOTE from c0b96ab7-4e07-4f66-b608-d68f56bbc6df: our priority 0 <= candidate's priority 1
2023-06-02 20:40:43,364 [grpc-default-executor-6] INFO  server.RaftServer$Division (RaftServerImpl.java:requestVote(1335)) - c911a996-2ad9-4932-9a2b-dd3b110c7bbf@group-3C2B6DD44A69 replies to PRE_VOTE vote request: c0b96ab7-4e07-4f66-b608-d68f56bbc6df<-c911a996-2ad9-4932-9a2b-dd3b110c7bbf#0:OK-t0. Peer's state: c911a996-2ad9-4932-9a2b-dd3b110c7bbf@group-3C2B6DD44A69:t0, leader=null, voted=, raftlog=Memoized:c911a996-2ad9-4932-9a2b-dd3b110c7bbf@group-3C2B6DD44A69-SegmentedRaftLog:OPENED:c-1, conf=-1: peers:[c911a996-2ad9-4932-9a2b-dd3b110c7bbf|rpc:10.1.0.31:15095|admin:10.1.0.31:15094|client:10.1.0.31:15093|dataStream:10.1.0.31:15096|priority:0|startupRole:FOLLOWER, c0b96ab7-4e07-4f66-b608-d68f56bbc6df|rpc:10.1.0.31:15104|admin:10.1.0.31:15103|client:10.1.0.31:15102|dataStream:10.1.0.31:15105|priority:1|startupRole:FOLLOWER, de3fb769-0102-4a69-91ff-1ba1954f3f02|rpc:10.1.0.31:15113|admin:10.1.0.31:15112|client:10.1.0.31:15111|dataStream:10.1.0.31:15114|priority:0|startupRole:FOLLOWER]|listeners:[], old=null
2023-06-02 20:40:43,365 [c0b96ab7-4e07-4f66-b608-d68f56bbc6df@group-3C2B6DD44A69-LeaderElection27] INFO  impl.LeaderElection (LeaderElection.java:logAndReturn(90)) - c0b96ab7-4e07-4f66-b608-d68f56bbc6df@group-3C2B6DD44A69-LeaderElection27: PRE_VOTE PASSED received 1 response(s) and 0 exception(s):
2023-06-02 20:40:43,365 [c0b96ab7-4e07-4f66-b608-d68f56bbc6df@group-3C2B6DD44A69-LeaderElection27] INFO  impl.LeaderElection (LeaderElection.java:logAndReturn(94)) -   Response 0: c0b96ab7-4e07-4f66-b608-d68f56bbc6df<-c911a996-2ad9-4932-9a2b-dd3b110c7bbf#0:OK-t0
2023-06-02 20:40:43,365 [c0b96ab7-4e07-4f66-b608-d68f56bbc6df@group-3C2B6DD44A69-LeaderElection27] INFO  impl.LeaderElection (LeaderElection.java:askForVotes(323)) - c0b96ab7-4e07-4f66-b608-d68f56bbc6df@group-3C2B6DD44A69-LeaderElection27 PRE_VOTE round 0: result PASSED
2023-06-02 20:40:43,366 [c0b96ab7-4e07-4f66-b608-d68f56bbc6df@group-3C2B6DD44A69-LeaderElection27] INFO  impl.LeaderElection (LeaderElection.java:askForVotes(321)) - c0b96ab7-4e07-4f66-b608-d68f56bbc6df@group-3C2B6DD44A69-LeaderElection27 ELECTION round 0: submit vote requests at term 1 for -1: peers:[c911a996-2ad9-4932-9a2b-dd3b110c7bbf|rpc:10.1.0.31:15095|admin:10.1.0.31:15094|client:10.1.0.31:15093|dataStream:10.1.0.31:15096|priority:0|startupRole:FOLLOWER, c0b96ab7-4e07-4f66-b608-d68f56bbc6df|rpc:10.1.0.31:15104|admin:10.1.0.31:15103|client:10.1.0.31:15102|dataStream:10.1.0.31:15105|priority:1|startupRole:FOLLOWER, de3fb769-0102-4a69-91ff-1ba1954f3f02|rpc:10.1.0.31:15113|admin:10.1.0.31:15112|client:10.1.0.31:15111|dataStream:10.1.0.31:15114|priority:0|startupRole:FOLLOWER]|listeners:[], old=null
2023-06-02 20:40:43,368 [grpc-default-executor-3] INFO  server.RaftServer$Division (RaftServerImpl.java:requestVote(1302)) - c911a996-2ad9-4932-9a2b-dd3b110c7bbf@group-3C2B6DD44A69: receive requestVote(ELECTION, c0b96ab7-4e07-4f66-b608-d68f56bbc6df, group-3C2B6DD44A69, 1, (t:0, i:0))
2023-06-02 20:40:43,368 [grpc-default-executor-6] INFO  server.RaftServer$Division (RaftServerImpl.java:requestVote(1302)) - de3fb769-0102-4a69-91ff-1ba1954f3f02@group-3C2B6DD44A69: receive requestVote(PRE_VOTE, c0b96ab7-4e07-4f66-b608-d68f56bbc6df, group-3C2B6DD44A69, 0, (t:0, i:0))
2023-06-02 20:40:43,368 [grpc-default-executor-3] INFO  impl.VoteContext (VoteContext.java:log(49)) - c911a996-2ad9-4932-9a2b-dd3b110c7bbf@group-3C2B6DD44A69-FOLLOWER: accept ELECTION from c0b96ab7-4e07-4f66-b608-d68f56bbc6df: our priority 0 <= candidate's priority 1
2023-06-02 20:40:43,368 [grpc-default-executor-6] INFO  impl.VoteContext (VoteContext.java:log(49)) - de3fb769-0102-4a69-91ff-1ba1954f3f02@group-3C2B6DD44A69-FOLLOWER: accept PRE_VOTE from c0b96ab7-4e07-4f66-b608-d68f56bbc6df: our priority 0 <= candidate's priority 1
2023-06-02 20:40:43,368 [grpc-default-executor-3] INFO  server.RaftServer$Division (RaftServerImpl.java:setRole(329)) - c911a996-2ad9-4932-9a2b-dd3b110c7bbf@group-3C2B6DD44A69: changes role from  FOLLOWER to FOLLOWER at term 1 for candidate:c0b96ab7-4e07-4f66-b608-d68f56bbc6df
2023-06-02 20:40:43,368 [c0b96ab7-4e07-4f66-b608-d68f56bbc6df@group-3C2B6DD44A69-LeaderElection27] INFO  server.RaftServerConfigKeys (ConfUtils.java:logFallback(53)) - raft.server.rpc.first-election.timeout.min = 5s (fallback to raft.server.rpc.timeout.min)
2023-06-02 20:40:43,369 [grpc-default-executor-6] INFO  server.RaftServer$Division (RaftServerImpl.java:requestVote(1335)) - de3fb769-0102-4a69-91ff-1ba1954f3f02@group-3C2B6DD44A69 replies to PRE_VOTE vote request: c0b96ab7-4e07-4f66-b608-d68f56bbc6df<-de3fb769-0102-4a69-91ff-1ba1954f3f02#0:OK-t0. Peer's state: de3fb769-0102-4a69-91ff-1ba1954f3f02@group-3C2B6DD44A69:t0, leader=null, voted=, raftlog=Memoized:de3fb769-0102-4a69-91ff-1ba1954f3f02@group-3C2B6DD44A69-SegmentedRaftLog:OPENED:c-1, conf=-1: peers:[c911a996-2ad9-4932-9a2b-dd3b110c7bbf|rpc:10.1.0.31:15095|admin:10.1.0.31:15094|client:10.1.0.31:15093|dataStream:10.1.0.31:15096|priority:0|startupRole:FOLLOWER, c0b96ab7-4e07-4f66-b608-d68f56bbc6df|rpc:10.1.0.31:15104|admin:10.1.0.31:15103|client:10.1.0.31:15102|dataStream:10.1.0.31:15105|priority:1|startupRole:FOLLOWER, de3fb769-0102-4a69-91ff-1ba1954f3f02|rpc:10.1.0.31:15113|admin:10.1.0.31:15112|client:10.1.0.31:15111|dataStream:10.1.0.31:15114|priority:0|startupRole:FOLLOWER]|listeners:[], old=null
2023-06-02 20:40:43,369 [c0b96ab7-4e07-4f66-b608-d68f56bbc6df@group-3C2B6DD44A69-LeaderElection27] INFO  server.RaftServerConfigKeys (ConfUtils.java:logFallback(53)) - raft.server.rpc.first-election.timeout.max = 5200ms (fallback to raft.server.rpc.timeout.max)
2023-06-02 20:40:43,368 [grpc-default-executor-3] INFO  impl.RoleInfo (RoleInfo.java:shutdownFollowerState(110)) - c911a996-2ad9-4932-9a2b-dd3b110c7bbf: shutdown c911a996-2ad9-4932-9a2b-dd3b110c7bbf@group-3C2B6DD44A69-FollowerState
2023-06-02 20:40:43,369 [grpc-default-executor-3] INFO  impl.RoleInfo (RoleInfo.java:updateAndGet(139)) - c911a996-2ad9-4932-9a2b-dd3b110c7bbf: start c911a996-2ad9-4932-9a2b-dd3b110c7bbf@group-3C2B6DD44A69-FollowerState
2023-06-02 20:40:43,369 [c911a996-2ad9-4932-9a2b-dd3b110c7bbf@group-3C2B6DD44A69-FollowerState] INFO  impl.FollowerState (FollowerState.java:run(152)) - c911a996-2ad9-4932-9a2b-dd3b110c7bbf@group-3C2B6DD44A69-FollowerState was interrupted
2023-06-02 20:40:43,373 [grpc-default-executor-6] INFO  server.RaftServer$Division (RaftServerImpl.java:requestVote(1302)) - de3fb769-0102-4a69-91ff-1ba1954f3f02@group-3C2B6DD44A69: receive requestVote(ELECTION, c0b96ab7-4e07-4f66-b608-d68f56bbc6df, group-3C2B6DD44A69, 1, (t:0, i:0))
2023-06-02 20:40:43,373 [grpc-default-executor-6] INFO  impl.VoteContext (VoteContext.java:log(49)) - de3fb769-0102-4a69-91ff-1ba1954f3f02@group-3C2B6DD44A69-FOLLOWER: accept ELECTION from c0b96ab7-4e07-4f66-b608-d68f56bbc6df: our priority 0 <= candidate's priority 1
2023-06-02 20:40:43,373 [grpc-default-executor-6] INFO  server.RaftServer$Division (RaftServerImpl.java:setRole(329)) - de3fb769-0102-4a69-91ff-1ba1954f3f02@group-3C2B6DD44A69: changes role from  FOLLOWER to FOLLOWER at term 1 for candidate:c0b96ab7-4e07-4f66-b608-d68f56bbc6df
2023-06-02 20:40:43,373 [grpc-default-executor-6] INFO  impl.RoleInfo (RoleInfo.java:shutdownFollowerState(110)) - de3fb769-0102-4a69-91ff-1ba1954f3f02: shutdown de3fb769-0102-4a69-91ff-1ba1954f3f02@group-3C2B6DD44A69-FollowerState
2023-06-02 20:40:43,373 [grpc-default-executor-6] INFO  impl.RoleInfo (RoleInfo.java:updateAndGet(139)) - de3fb769-0102-4a69-91ff-1ba1954f3f02: start de3fb769-0102-4a69-91ff-1ba1954f3f02@group-3C2B6DD44A69-FollowerState
2023-06-02 20:40:43,373 [de3fb769-0102-4a69-91ff-1ba1954f3f02@group-3C2B6DD44A69-FollowerState] INFO  impl.FollowerState (FollowerState.java:run(152)) - de3fb769-0102-4a69-91ff-1ba1954f3f02@group-3C2B6DD44A69-FollowerState was interrupted
2023-06-02 20:40:43,376 [grpc-default-executor-6] INFO  server.RaftServer$Division (RaftServerImpl.java:requestVote(1335)) - de3fb769-0102-4a69-91ff-1ba1954f3f02@group-3C2B6DD44A69 replies to ELECTION vote request: c0b96ab7-4e07-4f66-b608-d68f56bbc6df<-de3fb769-0102-4a69-91ff-1ba1954f3f02#0:OK-t1. Peer's state: de3fb769-0102-4a69-91ff-1ba1954f3f02@group-3C2B6DD44A69:t1, leader=null, voted=c0b96ab7-4e07-4f66-b608-d68f56bbc6df, raftlog=Memoized:de3fb769-0102-4a69-91ff-1ba1954f3f02@group-3C2B6DD44A69-SegmentedRaftLog:OPENED:c-1, conf=-1: peers:[c911a996-2ad9-4932-9a2b-dd3b110c7bbf|rpc:10.1.0.31:15095|admin:10.1.0.31:15094|client:10.1.0.31:15093|dataStream:10.1.0.31:15096|priority:0|startupRole:FOLLOWER, c0b96ab7-4e07-4f66-b608-d68f56bbc6df|rpc:10.1.0.31:15104|admin:10.1.0.31:15103|client:10.1.0.31:15102|dataStream:10.1.0.31:15105|priority:1|startupRole:FOLLOWER, de3fb769-0102-4a69-91ff-1ba1954f3f02|rpc:10.1.0.31:15113|admin:10.1.0.31:15112|client:10.1.0.31:15111|dataStream:10.1.0.31:15114|priority:0|startupRole:FOLLOWER]|listeners:[], old=null
2023-06-02 20:40:43,377 [c0b96ab7-4e07-4f66-b608-d68f56bbc6df@group-3C2B6DD44A69-LeaderElection27] INFO  impl.LeaderElection (LeaderElection.java:logAndReturn(90)) - c0b96ab7-4e07-4f66-b608-d68f56bbc6df@group-3C2B6DD44A69-LeaderElection27: ELECTION PASSED received 1 response(s) and 0 exception(s):
2023-06-02 20:40:43,377 [c0b96ab7-4e07-4f66-b608-d68f56bbc6df@group-3C2B6DD44A69-LeaderElection27] INFO  impl.LeaderElection (LeaderElection.java:logAndReturn(94)) -   Response 0: c0b96ab7-4e07-4f66-b608-d68f56bbc6df<-de3fb769-0102-4a69-91ff-1ba1954f3f02#0:OK-t1
2023-06-02 20:40:43,377 [c0b96ab7-4e07-4f66-b608-d68f56bbc6df@group-3C2B6DD44A69-LeaderElection27] INFO  impl.LeaderElection (LeaderElection.java:askForVotes(323)) - c0b96ab7-4e07-4f66-b608-d68f56bbc6df@group-3C2B6DD44A69-LeaderElection27 ELECTION round 0: result PASSED
2023-06-02 20:40:43,377 [c0b96ab7-4e07-4f66-b608-d68f56bbc6df@group-3C2B6DD44A69-LeaderElection27] INFO  impl.RoleInfo (RoleInfo.java:shutdownLeaderElection(130)) - c0b96ab7-4e07-4f66-b608-d68f56bbc6df: shutdown c0b96ab7-4e07-4f66-b608-d68f56bbc6df@group-3C2B6DD44A69-LeaderElection27
2023-06-02 20:40:43,377 [c0b96ab7-4e07-4f66-b608-d68f56bbc6df@group-3C2B6DD44A69-LeaderElection27] INFO  server.RaftServer$Division (RaftServerImpl.java:setRole(329)) - c0b96ab7-4e07-4f66-b608-d68f56bbc6df@group-3C2B6DD44A69: changes role from CANDIDATE to LEADER at term 1 for changeToLeader
2023-06-02 20:40:43,377 [c0b96ab7-4e07-4f66-b608-d68f56bbc6df@group-3C2B6DD44A69-LeaderElection27] INFO  ratis.XceiverServerRatis (XceiverServerRatis.java:handleLeaderChangedNotification(902)) - Leader change notification received for group: group-3C2B6DD44A69 with new leaderId: c0b96ab7-4e07-4f66-b608-d68f56bbc6df
2023-06-02 20:40:43,377 [c0b96ab7-4e07-4f66-b608-d68f56bbc6df@group-3C2B6DD44A69-LeaderElection27] INFO  server.RaftServer$Division (ServerState.java:setLeader(317)) - c0b96ab7-4e07-4f66-b608-d68f56bbc6df@group-3C2B6DD44A69: change Leader from null to c0b96ab7-4e07-4f66-b608-d68f56bbc6df at term 1 for becomeLeader, leader elected after 5112ms
2023-06-02 20:40:43,377 [c0b96ab7-4e07-4f66-b608-d68f56bbc6df@group-3C2B6DD44A69-LeaderElection27] INFO  server.RaftServerConfigKeys (ConfUtils.java:logGet(46)) - raft.server.staging.catchup.gap = 1000 (default)
2023-06-02 20:40:43,378 [c0b96ab7-4e07-4f66-b608-d68f56bbc6df@group-3C2B6DD44A69-LeaderElection27] INFO  server.RaftServerConfigKeys (ConfUtils.java:logGet(46)) - raft.server.write.element-limit = 1024 (custom)
2023-06-02 20:40:43,378 [c0b96ab7-4e07-4f66-b608-d68f56bbc6df@group-3C2B6DD44A69-LeaderElection27] INFO  server.RaftServerConfigKeys (ConfUtils.java:logGet(46)) - raft.server.write.byte-limit = 1024 M (=1073741824) (custom)
2023-06-02 20:40:43,378 [c0b96ab7-4e07-4f66-b608-d68f56bbc6df@group-3C2B6DD44A69-LeaderElection27] INFO  server.RaftServerConfigKeys (ConfUtils.java:logGet(46)) - raft.server.watch.timeout = 180s (custom)
2023-06-02 20:40:43,378 [c0b96ab7-4e07-4f66-b608-d68f56bbc6df@group-3C2B6DD44A69-LeaderElection27] INFO  server.RaftServerConfigKeys (ConfUtils.java:logGet(46)) - raft.server.watch.timeout.denomination = 1s (default)
2023-06-02 20:40:43,378 [c0b96ab7-4e07-4f66-b608-d68f56bbc6df@group-3C2B6DD44A69-LeaderElection27] INFO  server.RaftServerConfigKeys (ConfUtils.java:logGet(46)) - raft.server.watch.element-limit = 65536 (default)
2023-06-02 20:40:43,378 [c0b96ab7-4e07-4f66-b608-d68f56bbc6df@group-3C2B6DD44A69-LeaderElection27] INFO  server.RaftServerConfigKeys (ConfUtils.java:logGet(46)) - raft.server.write.element-limit = 1024 (custom)
2023-06-02 20:40:43,378 [c0b96ab7-4e07-4f66-b608-d68f56bbc6df@group-3C2B6DD44A69-LeaderElection27] INFO  server.RaftServerConfigKeys (ConfUtils.java:logGet(46)) - raft.server.write.follower.gap.ratio.max = -1.0 (default)
2023-06-02 20:40:43,380 [grpc-default-executor-3] INFO  server.RaftServer$Division (RaftServerImpl.java:requestVote(1335)) - c911a996-2ad9-4932-9a2b-dd3b110c7bbf@group-3C2B6DD44A69 replies to ELECTION vote request: c0b96ab7-4e07-4f66-b608-d68f56bbc6df<-c911a996-2ad9-4932-9a2b-dd3b110c7bbf#0:OK-t1. Peer's state: c911a996-2ad9-4932-9a2b-dd3b110c7bbf@group-3C2B6DD44A69:t1, leader=null, voted=c0b96ab7-4e07-4f66-b608-d68f56bbc6df, raftlog=Memoized:c911a996-2ad9-4932-9a2b-dd3b110c7bbf@group-3C2B6DD44A69-SegmentedRaftLog:OPENED:c-1, conf=-1: peers:[c911a996-2ad9-4932-9a2b-dd3b110c7bbf|rpc:10.1.0.31:15095|admin:10.1.0.31:15094|client:10.1.0.31:15093|dataStream:10.1.0.31:15096|priority:0|startupRole:FOLLOWER, c0b96ab7-4e07-4f66-b608-d68f56bbc6df|rpc:10.1.0.31:15104|admin:10.1.0.31:15103|client:10.1.0.31:15102|dataStream:10.1.0.31:15105|priority:1|startupRole:FOLLOWER, de3fb769-0102-4a69-91ff-1ba1954f3f02|rpc:10.1.0.31:15113|admin:10.1.0.31:15112|client:10.1.0.31:15111|dataStream:10.1.0.31:15114|priority:0|startupRole:FOLLOWER]|listeners:[], old=null
2023-06-02 20:40:43,380 [c0b96ab7-4e07-4f66-b608-d68f56bbc6df@group-3C2B6DD44A69-LeaderElection27] INFO  server.RaftServerConfigKeys (ConfUtils.java:logGet(46)) - raft.server.log.appender.snapshot.chunk.size.max = 16MB (=16777216) (default)
2023-06-02 20:40:43,380 [c0b96ab7-4e07-4f66-b608-d68f56bbc6df@group-3C2B6DD44A69-LeaderElection27] INFO  server.RaftServerConfigKeys (ConfUtils.java:logGet(46)) - raft.server.log.appender.buffer.byte-limit = 33554432 (custom)
2023-06-02 20:40:43,380 [c0b96ab7-4e07-4f66-b608-d68f56bbc6df@group-3C2B6DD44A69-LeaderElection27] INFO  server.RaftServerConfigKeys (ConfUtils.java:logGet(46)) - raft.server.log.appender.buffer.element-limit = 1 (custom)
2023-06-02 20:40:43,380 [c0b96ab7-4e07-4f66-b608-d68f56bbc6df@group-3C2B6DD44A69-LeaderElection27] INFO  server.RaftServerConfigKeys (ConfUtils.java:logGet(46)) - raft.server.log.appender.wait-time.min = 10ms (default)
2023-06-02 20:40:43,380 [c0b96ab7-4e07-4f66-b608-d68f56bbc6df@group-3C2B6DD44A69-LeaderElection27] INFO  grpc.GrpcConfigKeys (ConfUtils.java:logGet(46)) - raft.grpc.server.leader.outstanding.appends.max = 128 (default)
2023-06-02 20:40:43,380 [c0b96ab7-4e07-4f66-b608-d68f56bbc6df@group-3C2B6DD44A69-LeaderElection27] INFO  server.RaftServerConfigKeys (ConfUtils.java:logGet(46)) - raft.server.rpc.request.timeout = 60s (custom)
2023-06-02 20:40:43,380 [c0b96ab7-4e07-4f66-b608-d68f56bbc6df@group-3C2B6DD44A69-LeaderElection27] INFO  grpc.GrpcConfigKeys (ConfUtils.java:logGet(46)) - raft.grpc.server.install_snapshot.request.element-limit = 8 (default)
2023-06-02 20:40:43,380 [c0b96ab7-4e07-4f66-b608-d68f56bbc6df@group-3C2B6DD44A69-LeaderElection27] INFO  grpc.GrpcConfigKeys (ConfUtils.java:logGet(46)) - raft.grpc.server.install_snapshot.request.timeout = 3000ms (default)
2023-06-02 20:40:43,380 [c0b96ab7-4e07-4f66-b608-d68f56bbc6df@group-3C2B6DD44A69-LeaderElection27] INFO  server.RaftServerConfigKeys (ConfUtils.java:logGet(46)) - raft.server.log.appender.install.snapshot.enabled = false (custom)
2023-06-02 20:40:43,380 [c0b96ab7-4e07-4f66-b608-d68f56bbc6df@group-3C2B6DD44A69-LeaderElection27] INFO  grpc.GrpcConfigKeys (ConfUtils.java:logGet(46)) - raft.grpc.server.heartbeat.channel = true (default)
2023-06-02 20:40:43,381 [EventQueue-PipelineReportForPipelineReportHandler] INFO  pipeline.PipelineManagerImpl (PipelineManagerImpl.java:openPipeline(367)) - Pipeline Pipeline[ Id: 471ff8af-04fc-438f-a52e-3c2b6dd44a69, Nodes: c0b96ab7-4e07-4f66-b608-d68f56bbc6df(fv-az1239-288/10.1.0.31)de3fb769-0102-4a69-91ff-1ba1954f3f02(fv-az1239-288/10.1.0.31)c911a996-2ad9-4932-9a2b-dd3b110c7bbf(fv-az1239-288/10.1.0.31), ReplicationConfig: RATIS/THREE, State:ALLOCATED, leaderId:c0b96ab7-4e07-4f66-b608-d68f56bbc6df, CreationTimestamp2023-06-02T20:40:35.734Z[Etc/UTC]] moved to OPEN state
2023-06-02 20:40:43,382 [c0b96ab7-4e07-4f66-b608-d68f56bbc6df@group-3C2B6DD44A69-LeaderElection27] INFO  server.RaftServerConfigKeys (ConfUtils.java:logGet(46)) - raft.server.log.appender.snapshot.chunk.size.max = 16MB (=16777216) (default)
2023-06-02 20:40:43,382 [c0b96ab7-4e07-4f66-b608-d68f56bbc6df@group-3C2B6DD44A69-LeaderElection27] INFO  server.RaftServerConfigKeys (ConfUtils.java:logGet(46)) - raft.server.log.appender.buffer.byte-limit = 33554432 (custom)
2023-06-02 20:40:43,382 [c0b96ab7-4e07-4f66-b608-d68f56bbc6df@group-3C2B6DD44A69-LeaderElection27] INFO  server.RaftServerConfigKeys (ConfUtils.java:logGet(46)) - raft.server.log.appender.buffer.element-limit = 1 (custom)
2023-06-02 20:40:43,382 [c0b96ab7-4e07-4f66-b608-d68f56bbc6df@group-3C2B6DD44A69-LeaderElection27] INFO  server.RaftServerConfigKeys (ConfUtils.java:logGet(46)) - raft.server.log.appender.wait-time.min = 10ms (default)
2023-06-02 20:40:43,382 [c0b96ab7-4e07-4f66-b608-d68f56bbc6df@group-3C2B6DD44A69-LeaderElection27] INFO  grpc.GrpcConfigKeys (ConfUtils.java:logGet(46)) - raft.grpc.server.leader.outstanding.appends.max = 128 (default)
2023-06-02 20:40:43,382 [c0b96ab7-4e07-4f66-b608-d68f56bbc6df@group-3C2B6DD44A69-LeaderElection27] INFO  server.RaftServerConfigKeys (ConfUtils.java:logGet(46)) - raft.server.rpc.request.timeout = 60s (custom)
2023-06-02 20:40:43,382 [c0b96ab7-4e07-4f66-b608-d68f56bbc6df@group-3C2B6DD44A69-LeaderElection27] INFO  grpc.GrpcConfigKeys (ConfUtils.java:logGet(46)) - raft.grpc.server.install_snapshot.request.element-limit = 8 (default)
2023-06-02 20:40:43,382 [c0b96ab7-4e07-4f66-b608-d68f56bbc6df@group-3C2B6DD44A69-LeaderElection27] INFO  grpc.GrpcConfigKeys (ConfUtils.java:logGet(46)) - raft.grpc.server.install_snapshot.request.timeout = 3000ms (default)
2023-06-02 20:40:43,382 [c0b96ab7-4e07-4f66-b608-d68f56bbc6df@group-3C2B6DD44A69-LeaderElection27] INFO  server.RaftServerConfigKeys (ConfUtils.java:logGet(46)) - raft.server.log.appender.install.snapshot.enabled = false (custom)
2023-06-02 20:40:43,383 [c0b96ab7-4e07-4f66-b608-d68f56bbc6df@group-3C2B6DD44A69-LeaderElection27] INFO  grpc.GrpcConfigKeys (ConfUtils.java:logGet(46)) - raft.grpc.server.heartbeat.channel = true (default)
2023-06-02 20:40:43,383 [c0b96ab7-4e07-4f66-b608-d68f56bbc6df@group-3C2B6DD44A69-LeaderElection27] INFO  impl.RoleInfo (RoleInfo.java:updateAndGet(139)) - c0b96ab7-4e07-4f66-b608-d68f56bbc6df: start c0b96ab7-4e07-4f66-b608-d68f56bbc6df@group-3C2B6DD44A69-LeaderStateImpl
2023-06-02 20:40:43,383 [c0b96ab7-4e07-4f66-b608-d68f56bbc6df@group-3C2B6DD44A69-LeaderElection27] INFO  segmented.SegmentedRaftLogWorker (SegmentedRaftLogWorker.java:startLogSegment(447)) - c0b96ab7-4e07-4f66-b608-d68f56bbc6df@group-3C2B6DD44A69-SegmentedRaftLogWorker: Starting segment from index:0
2023-06-02 20:40:43,385 [c0b96ab7-4e07-4f66-b608-d68f56bbc6df@group-3C2B6DD44A69-LeaderElection27] INFO  server.RaftServer$Division (ServerState.java:setRaftConf(434)) - c0b96ab7-4e07-4f66-b608-d68f56bbc6df@group-3C2B6DD44A69: set configuration 0: peers:[c911a996-2ad9-4932-9a2b-dd3b110c7bbf|rpc:10.1.0.31:15095|admin:10.1.0.31:15094|client:10.1.0.31:15093|dataStream:10.1.0.31:15096|priority:0|startupRole:FOLLOWER, c0b96ab7-4e07-4f66-b608-d68f56bbc6df|rpc:10.1.0.31:15104|admin:10.1.0.31:15103|client:10.1.0.31:15102|dataStream:10.1.0.31:15105|priority:1|startupRole:FOLLOWER, de3fb769-0102-4a69-91ff-1ba1954f3f02|rpc:10.1.0.31:15113|admin:10.1.0.31:15112|client:10.1.0.31:15111|dataStream:10.1.0.31:15114|priority:0|startupRole:FOLLOWER]|listeners:[], old=null
2023-06-02 20:40:43,386 [c0b96ab7-4e07-4f66-b608-d68f56bbc6df@group-3C2B6DD44A69-SegmentedRaftLogWorker] INFO  segmented.SegmentedRaftLogWorker (SegmentedRaftLogWorker.java:execute(651)) - c0b96ab7-4e07-4f66-b608-d68f56bbc6df@group-3C2B6DD44A69-SegmentedRaftLogWorker: created new log segment /home/runner/work/ozone/ozone/hadoop-ozone/integration-test/target/test-dir/MiniOzoneClusterImpl-5ac0c7d5-b38a-4534-ae70-3109b4fe19c6/datanode-10/data/ratis/471ff8af-04fc-438f-a52e-3c2b6dd44a69/current/log_inprogress_0
2023-06-02 20:40:43,402 [c911a996-2ad9-4932-9a2b-dd3b110c7bbf-server-thread1] INFO  ratis.XceiverServerRatis (XceiverServerRatis.java:handleLeaderChangedNotification(902)) - Leader change notification received for group: group-3C2B6DD44A69 with new leaderId: c0b96ab7-4e07-4f66-b608-d68f56bbc6df
2023-06-02 20:40:43,402 [c911a996-2ad9-4932-9a2b-dd3b110c7bbf-server-thread1] INFO  server.RaftServer$Division (ServerState.java:setLeader(317)) - c911a996-2ad9-4932-9a2b-dd3b110c7bbf@group-3C2B6DD44A69: change Leader from null to c0b96ab7-4e07-4f66-b608-d68f56bbc6df at term 1 for appendEntries, leader elected after 5747ms
2023-06-02 20:40:43,413 [de3fb769-0102-4a69-91ff-1ba1954f3f02-server-thread2] INFO  ratis.XceiverServerRatis (XceiverServerRatis.java:handleLeaderChangedNotification(902)) - Leader change notification received for group: group-3C2B6DD44A69 with new leaderId: c0b96ab7-4e07-4f66-b608-d68f56bbc6df
2023-06-02 20:40:43,413 [de3fb769-0102-4a69-91ff-1ba1954f3f02-server-thread2] INFO  server.RaftServer$Division (ServerState.java:setLeader(317)) - de3fb769-0102-4a69-91ff-1ba1954f3f02@group-3C2B6DD44A69: change Leader from null to c0b96ab7-4e07-4f66-b608-d68f56bbc6df at term 1 for appendEntries, leader elected after 5070ms
2023-06-02 20:40:43,413 [de3fb769-0102-4a69-91ff-1ba1954f3f02-server-thread2] INFO  server.RaftServer$Division (ServerState.java:setRaftConf(434)) - de3fb769-0102-4a69-91ff-1ba1954f3f02@group-3C2B6DD44A69: set configuration 0: peers:[c911a996-2ad9-4932-9a2b-dd3b110c7bbf|rpc:10.1.0.31:15095|admin:10.1.0.31:15094|client:10.1.0.31:15093|dataStream:10.1.0.31:15096|priority:0|startupRole:FOLLOWER, c0b96ab7-4e07-4f66-b608-d68f56bbc6df|rpc:10.1.0.31:15104|admin:10.1.0.31:15103|client:10.1.0.31:15102|dataStream:10.1.0.31:15105|priority:1|startupRole:FOLLOWER, de3fb769-0102-4a69-91ff-1ba1954f3f02|rpc:10.1.0.31:15113|admin:10.1.0.31:15112|client:10.1.0.31:15111|dataStream:10.1.0.31:15114|priority:0|startupRole:FOLLOWER]|listeners:[], old=null
2023-06-02 20:40:43,413 [de3fb769-0102-4a69-91ff-1ba1954f3f02-server-thread2] INFO  segmented.SegmentedRaftLogWorker (SegmentedRaftLogWorker.java:startLogSegment(447)) - de3fb769-0102-4a69-91ff-1ba1954f3f02@group-3C2B6DD44A69-SegmentedRaftLogWorker: Starting segment from index:0
2023-06-02 20:40:43,420 [c911a996-2ad9-4932-9a2b-dd3b110c7bbf-server-thread2] INFO  server.RaftServer$Division (ServerState.java:setRaftConf(434)) - c911a996-2ad9-4932-9a2b-dd3b110c7bbf@group-3C2B6DD44A69: set configuration 0: peers:[c911a996-2ad9-4932-9a2b-dd3b110c7bbf|rpc:10.1.0.31:15095|admin:10.1.0.31:15094|client:10.1.0.31:15093|dataStream:10.1.0.31:15096|priority:0|startupRole:FOLLOWER, c0b96ab7-4e07-4f66-b608-d68f56bbc6df|rpc:10.1.0.31:15104|admin:10.1.0.31:15103|client:10.1.0.31:15102|dataStream:10.1.0.31:15105|priority:1|startupRole:FOLLOWER, de3fb769-0102-4a69-91ff-1ba1954f3f02|rpc:10.1.0.31:15113|admin:10.1.0.31:15112|client:10.1.0.31:15111|dataStream:10.1.0.31:15114|priority:0|startupRole:FOLLOWER]|listeners:[], old=null
2023-06-02 20:40:43,420 [c911a996-2ad9-4932-9a2b-dd3b110c7bbf-server-thread2] INFO  segmented.SegmentedRaftLogWorker (SegmentedRaftLogWorker.java:startLogSegment(447)) - c911a996-2ad9-4932-9a2b-dd3b110c7bbf@group-3C2B6DD44A69-SegmentedRaftLogWorker: Starting segment from index:0
2023-06-02 20:40:43,423 [de3fb769-0102-4a69-91ff-1ba1954f3f02@group-3C2B6DD44A69-SegmentedRaftLogWorker] INFO  segmented.SegmentedRaftLogWorker (SegmentedRaftLogWorker.java:execute(651)) - de3fb769-0102-4a69-91ff-1ba1954f3f02@group-3C2B6DD44A69-SegmentedRaftLogWorker: created new log segment /home/runner/work/ozone/ozone/hadoop-ozone/integration-test/target/test-dir/MiniOzoneClusterImpl-5ac0c7d5-b38a-4534-ae70-3109b4fe19c6/datanode-11/data/ratis/471ff8af-04fc-438f-a52e-3c2b6dd44a69/current/log_inprogress_0
2023-06-02 20:40:43,423 [de3fb769-0102-4a69-91ff-1ba1954f3f02@group-C4696E2F994E-FollowerState] INFO  impl.FollowerState (FollowerState.java:run(143)) - de3fb769-0102-4a69-91ff-1ba1954f3f02@group-C4696E2F994E-FollowerState: change to CANDIDATE, lastRpcElapsedTime:5058542971ns, electionTimeout:5055ms
2023-06-02 20:40:43,423 [de3fb769-0102-4a69-91ff-1ba1954f3f02@group-C4696E2F994E-FollowerState] INFO  impl.RoleInfo (RoleInfo.java:shutdownFollowerState(110)) - de3fb769-0102-4a69-91ff-1ba1954f3f02: shutdown de3fb769-0102-4a69-91ff-1ba1954f3f02@group-C4696E2F994E-FollowerState
2023-06-02 20:40:43,423 [de3fb769-0102-4a69-91ff-1ba1954f3f02@group-C4696E2F994E-FollowerState] INFO  server.RaftServer$Division (RaftServerImpl.java:setRole(329)) - de3fb769-0102-4a69-91ff-1ba1954f3f02@group-C4696E2F994E: changes role from  FOLLOWER to CANDIDATE at term 0 for changeToCandidate
2023-06-02 20:40:43,424 [de3fb769-0102-4a69-91ff-1ba1954f3f02@group-C4696E2F994E-FollowerState] INFO  server.RaftServerConfigKeys (ConfUtils.java:logGet(46)) - raft.server.leaderelection.pre-vote = true (default)
2023-06-02 20:40:43,424 [de3fb769-0102-4a69-91ff-1ba1954f3f02@group-C4696E2F994E-FollowerState] INFO  impl.RoleInfo (RoleInfo.java:updateAndGet(139)) - de3fb769-0102-4a69-91ff-1ba1954f3f02: start de3fb769-0102-4a69-91ff-1ba1954f3f02@group-C4696E2F994E-LeaderElection29
2023-06-02 20:40:43,424 [c911a996-2ad9-4932-9a2b-dd3b110c7bbf@group-3C2B6DD44A69-SegmentedRaftLogWorker] INFO  segmented.SegmentedRaftLogWorker (SegmentedRaftLogWorker.java:execute(651)) - c911a996-2ad9-4932-9a2b-dd3b110c7bbf@group-3C2B6DD44A69-SegmentedRaftLogWorker: created new log segment /home/runner/work/ozone/ozone/hadoop-ozone/integration-test/target/test-dir/MiniOzoneClusterImpl-5ac0c7d5-b38a-4534-ae70-3109b4fe19c6/datanode-9/data/ratis/471ff8af-04fc-438f-a52e-3c2b6dd44a69/current/log_inprogress_0
2023-06-02 20:40:43,427 [c0b96ab7-4e07-4f66-b608-d68f56bbc6df@group-C4696E2F994E-FollowerState] INFO  impl.FollowerState (FollowerState.java:run(143)) - c0b96ab7-4e07-4f66-b608-d68f56bbc6df@group-C4696E2F994E-FollowerState: change to CANDIDATE, lastRpcElapsedTime:5123445832ns, electionTimeout:5115ms
2023-06-02 20:40:43,427 [c0b96ab7-4e07-4f66-b608-d68f56bbc6df@group-C4696E2F994E-FollowerState] INFO  impl.RoleInfo (RoleInfo.java:shutdownFollowerState(110)) - c0b96ab7-4e07-4f66-b608-d68f56bbc6df: shutdown c0b96ab7-4e07-4f66-b608-d68f56bbc6df@group-C4696E2F994E-FollowerState
2023-06-02 20:40:43,427 [c0b96ab7-4e07-4f66-b608-d68f56bbc6df@group-C4696E2F994E-FollowerState] INFO  server.RaftServer$Division (RaftServerImpl.java:setRole(329)) - c0b96ab7-4e07-4f66-b608-d68f56bbc6df@group-C4696E2F994E: changes role from  FOLLOWER to CANDIDATE at term 0 for changeToCandidate
2023-06-02 20:40:43,427 [c0b96ab7-4e07-4f66-b608-d68f56bbc6df@group-C4696E2F994E-FollowerState] INFO  server.RaftServerConfigKeys (ConfUtils.java:logGet(46)) - raft.server.leaderelection.pre-vote = true (default)
2023-06-02 20:40:43,427 [c0b96ab7-4e07-4f66-b608-d68f56bbc6df@group-C4696E2F994E-FollowerState] INFO  impl.RoleInfo (RoleInfo.java:updateAndGet(139)) - c0b96ab7-4e07-4f66-b608-d68f56bbc6df: start c0b96ab7-4e07-4f66-b608-d68f56bbc6df@group-C4696E2F994E-LeaderElection30
2023-06-02 20:40:43,437 [de3fb769-0102-4a69-91ff-1ba1954f3f02@group-C4696E2F994E-LeaderElection29] INFO  impl.LeaderElection (LeaderElection.java:askForVotes(321)) - de3fb769-0102-4a69-91ff-1ba1954f3f02@group-C4696E2F994E-LeaderElection29 PRE_VOTE round 0: submit vote requests at term 0 for -1: peers:[c911a996-2ad9-4932-9a2b-dd3b110c7bbf|rpc:10.1.0.31:15095|admin:10.1.0.31:15094|client:10.1.0.31:15093|dataStream:10.1.0.31:15096|priority:0|startupRole:FOLLOWER, c0b96ab7-4e07-4f66-b608-d68f56bbc6df|rpc:10.1.0.31:15104|admin:10.1.0.31:15103|client:10.1.0.31:15102|dataStream:10.1.0.31:15105|priority:0|startupRole:FOLLOWER, de3fb769-0102-4a69-91ff-1ba1954f3f02|rpc:10.1.0.31:15113|admin:10.1.0.31:15112|client:10.1.0.31:15111|dataStream:10.1.0.31:15114|priority:1|startupRole:FOLLOWER]|listeners:[], old=null
2023-06-02 20:40:43,438 [de3fb769-0102-4a69-91ff-1ba1954f3f02@group-C4696E2F994E-LeaderElection29] INFO  server.RaftServerConfigKeys (ConfUtils.java:logFallback(53)) - raft.server.rpc.first-election.timeout.min = 5s (fallback to raft.server.rpc.timeout.min)
2023-06-02 20:40:43,438 [de3fb769-0102-4a69-91ff-1ba1954f3f02@group-C4696E2F994E-LeaderElection29] INFO  server.RaftServerConfigKeys (ConfUtils.java:logFallback(53)) - raft.server.rpc.first-election.timeout.max = 5200ms (fallback to raft.server.rpc.timeout.max)
2023-06-02 20:40:43,439 [de3fb769-0102-4a69-91ff-1ba1954f3f02@group-C4696E2F994E-LeaderElection29-1] INFO  server.GrpcServerProtocolClient (GrpcServerProtocolClient.java:<init>(65)) - Build channel for c911a996-2ad9-4932-9a2b-dd3b110c7bbf
2023-06-02 20:40:43,439 [de3fb769-0102-4a69-91ff-1ba1954f3f02@group-C4696E2F994E-LeaderElection29-2] INFO  server.GrpcServerProtocolClient (GrpcServerProtocolClient.java:<init>(65)) - Build channel for c0b96ab7-4e07-4f66-b608-d68f56bbc6df
2023-06-02 20:40:43,443 [c0b96ab7-4e07-4f66-b608-d68f56bbc6df@group-C4696E2F994E-LeaderElection30] INFO  impl.LeaderElection (LeaderElection.java:askForVotes(321)) - c0b96ab7-4e07-4f66-b608-d68f56bbc6df@group-C4696E2F994E-LeaderElection30 PRE_VOTE round 0: submit vote requests at term 0 for -1: peers:[c911a996-2ad9-4932-9a2b-dd3b110c7bbf|rpc:10.1.0.31:15095|admin:10.1.0.31:15094|client:10.1.0.31:15093|dataStream:10.1.0.31:15096|priority:0|startupRole:FOLLOWER, c0b96ab7-4e07-4f66-b608-d68f56bbc6df|rpc:10.1.0.31:15104|admin:10.1.0.31:15103|client:10.1.0.31:15102|dataStream:10.1.0.31:15105|priority:0|startupRole:FOLLOWER, de3fb769-0102-4a69-91ff-1ba1954f3f02|rpc:10.1.0.31:15113|admin:10.1.0.31:15112|client:10.1.0.31:15111|dataStream:10.1.0.31:15114|priority:1|startupRole:FOLLOWER]|listeners:[], old=null
2023-06-02 20:40:43,445 [grpc-default-executor-0] INFO  server.RaftServer$Division (RaftServerImpl.java:requestVote(1302)) - c911a996-2ad9-4932-9a2b-dd3b110c7bbf@group-C4696E2F994E: receive requestVote(PRE_VOTE, c0b96ab7-4e07-4f66-b608-d68f56bbc6df, group-C4696E2F994E, 0, (t:0, i:0))
2023-06-02 20:40:43,446 [grpc-default-executor-0] INFO  impl.VoteContext (VoteContext.java:log(49)) - c911a996-2ad9-4932-9a2b-dd3b110c7bbf@group-C4696E2F994E-FOLLOWER: accept PRE_VOTE from c0b96ab7-4e07-4f66-b608-d68f56bbc6df: our priority 0 <= candidate's priority 0
2023-06-02 20:40:43,446 [grpc-default-executor-0] INFO  server.RaftServer$Division (RaftServerImpl.java:requestVote(1335)) - c911a996-2ad9-4932-9a2b-dd3b110c7bbf@group-C4696E2F994E replies to PRE_VOTE vote request: c0b96ab7-4e07-4f66-b608-d68f56bbc6df<-c911a996-2ad9-4932-9a2b-dd3b110c7bbf#0:OK-t0. Peer's state: c911a996-2ad9-4932-9a2b-dd3b110c7bbf@group-C4696E2F994E:t0, leader=null, voted=, raftlog=Memoized:c911a996-2ad9-4932-9a2b-dd3b110c7bbf@group-C4696E2F994E-SegmentedRaftLog:OPENED:c-1, conf=-1: peers:[c911a996-2ad9-4932-9a2b-dd3b110c7bbf|rpc:10.1.0.31:15095|admin:10.1.0.31:15094|client:10.1.0.31:15093|dataStream:10.1.0.31:15096|priority:0|startupRole:FOLLOWER, c0b96ab7-4e07-4f66-b608-d68f56bbc6df|rpc:10.1.0.31:15104|admin:10.1.0.31:15103|client:10.1.0.31:15102|dataStream:10.1.0.31:15105|priority:0|startupRole:FOLLOWER, de3fb769-0102-4a69-91ff-1ba1954f3f02|rpc:10.1.0.31:15113|admin:10.1.0.31:15112|client:10.1.0.31:15111|dataStream:10.1.0.31:15114|priority:1|startupRole:FOLLOWER]|listeners:[], old=null
2023-06-02 20:40:43,447 [c0b96ab7-4e07-4f66-b608-d68f56bbc6df@group-C4696E2F994E-LeaderElection30] INFO  server.RaftServerConfigKeys (ConfUtils.java:logFallback(53)) - raft.server.rpc.first-election.timeout.min = 5s (fallback to raft.server.rpc.timeout.min)
2023-06-02 20:40:43,447 [c0b96ab7-4e07-4f66-b608-d68f56bbc6df@group-C4696E2F994E-LeaderElection30] INFO  server.RaftServerConfigKeys (ConfUtils.java:logFallback(53)) - raft.server.rpc.first-election.timeout.max = 5200ms (fallback to raft.server.rpc.timeout.max)
2023-06-02 20:40:43,452 [grpc-default-executor-0] INFO  server.RaftServer$Division (RaftServerImpl.java:requestVote(1302)) - de3fb769-0102-4a69-91ff-1ba1954f3f02@group-C4696E2F994E: receive requestVote(PRE_VOTE, c0b96ab7-4e07-4f66-b608-d68f56bbc6df, group-C4696E2F994E, 0, (t:0, i:0))
2023-06-02 20:40:43,452 [grpc-default-executor-0] INFO  impl.VoteContext (VoteContext.java:log(49)) - de3fb769-0102-4a69-91ff-1ba1954f3f02@group-C4696E2F994E-CANDIDATE: reject PRE_VOTE from c0b96ab7-4e07-4f66-b608-d68f56bbc6df: our priority 1 > candidate's priority 0
2023-06-02 20:40:43,452 [grpc-default-executor-0] INFO  server.RaftServer$Division (RaftServerImpl.java:requestVote(1335)) - de3fb769-0102-4a69-91ff-1ba1954f3f02@group-C4696E2F994E replies to PRE_VOTE vote request: c0b96ab7-4e07-4f66-b608-d68f56bbc6df<-de3fb769-0102-4a69-91ff-1ba1954f3f02#0:FAIL-t0. Peer's state: de3fb769-0102-4a69-91ff-1ba1954f3f02@group-C4696E2F994E:t0, leader=null, voted=, raftlog=Memoized:de3fb769-0102-4a69-91ff-1ba1954f3f02@group-C4696E2F994E-SegmentedRaftLog:OPENED:c-1, conf=-1: peers:[c911a996-2ad9-4932-9a2b-dd3b110c7bbf|rpc:10.1.0.31:15095|admin:10.1.0.31:15094|client:10.1.0.31:15093|dataStream:10.1.0.31:15096|priority:0|startupRole:FOLLOWER, c0b96ab7-4e07-4f66-b608-d68f56bbc6df|rpc:10.1.0.31:15104|admin:10.1.0.31:15103|client:10.1.0.31:15102|dataStream:10.1.0.31:15105|priority:0|startupRole:FOLLOWER, de3fb769-0102-4a69-91ff-1ba1954f3f02|rpc:10.1.0.31:15113|admin:10.1.0.31:15112|client:10.1.0.31:15111|dataStream:10.1.0.31:15114|priority:1|startupRole:FOLLOWER]|listeners:[], old=null
2023-06-02 20:40:43,454 [c0b96ab7-4e07-4f66-b608-d68f56bbc6df@group-C4696E2F994E-LeaderElection30] INFO  impl.LeaderElection (LeaderElection.java:logAndReturn(90)) - c0b96ab7-4e07-4f66-b608-d68f56bbc6df@group-C4696E2F994E-LeaderElection30: PRE_VOTE REJECTED received 2 response(s) and 0 exception(s):
2023-06-02 20:40:43,454 [c0b96ab7-4e07-4f66-b608-d68f56bbc6df@group-C4696E2F994E-LeaderElection30] INFO  impl.LeaderElection (LeaderElection.java:logAndReturn(94)) -   Response 0: c0b96ab7-4e07-4f66-b608-d68f56bbc6df<-c911a996-2ad9-4932-9a2b-dd3b110c7bbf#0:OK-t0
2023-06-02 20:40:43,454 [c0b96ab7-4e07-4f66-b608-d68f56bbc6df@group-C4696E2F994E-LeaderElection30] INFO  impl.LeaderElection (LeaderElection.java:logAndReturn(94)) -   Response 1: c0b96ab7-4e07-4f66-b608-d68f56bbc6df<-de3fb769-0102-4a69-91ff-1ba1954f3f02#0:FAIL-t0
2023-06-02 20:40:43,454 [c0b96ab7-4e07-4f66-b608-d68f56bbc6df@group-C4696E2F994E-LeaderElection30] INFO  impl.LeaderElection (LeaderElection.java:askForVotes(323)) - c0b96ab7-4e07-4f66-b608-d68f56bbc6df@group-C4696E2F994E-LeaderElection30 PRE_VOTE round 0: result REJECTED
2023-06-02 20:40:43,455 [c0b96ab7-4e07-4f66-b608-d68f56bbc6df@group-C4696E2F994E-LeaderElection30] INFO  server.RaftServer$Division (RaftServerImpl.java:setRole(329)) - c0b96ab7-4e07-4f66-b608-d68f56bbc6df@group-C4696E2F994E: changes role from CANDIDATE to FOLLOWER at term 0 for REJECTED
2023-06-02 20:40:43,455 [c0b96ab7-4e07-4f66-b608-d68f56bbc6df@group-C4696E2F994E-LeaderElection30] INFO  impl.RoleInfo (RoleInfo.java:shutdownLeaderElection(130)) - c0b96ab7-4e07-4f66-b608-d68f56bbc6df: shutdown c0b96ab7-4e07-4f66-b608-d68f56bbc6df@group-C4696E2F994E-LeaderElection30
2023-06-02 20:40:43,455 [c0b96ab7-4e07-4f66-b608-d68f56bbc6df@group-C4696E2F994E-LeaderElection30] INFO  impl.RoleInfo (RoleInfo.java:updateAndGet(139)) - c0b96ab7-4e07-4f66-b608-d68f56bbc6df: start c0b96ab7-4e07-4f66-b608-d68f56bbc6df@group-C4696E2F994E-FollowerState
2023-06-02 20:40:43,461 [grpc-default-executor-4] INFO  server.RaftServer$Division (RaftServerImpl.java:requestVote(1302)) - c0b96ab7-4e07-4f66-b608-d68f56bbc6df@group-C4696E2F994E: receive requestVote(PRE_VOTE, de3fb769-0102-4a69-91ff-1ba1954f3f02, group-C4696E2F994E, 0, (t:0, i:0))
2023-06-02 20:40:43,462 [grpc-default-executor-4] INFO  impl.VoteContext (VoteContext.java:log(49)) - c0b96ab7-4e07-4f66-b608-d68f56bbc6df@group-C4696E2F994E-FOLLOWER: accept PRE_VOTE from de3fb769-0102-4a69-91ff-1ba1954f3f02: our priority 0 <= candidate's priority 1
2023-06-02 20:40:43,462 [grpc-default-executor-4] INFO  server.RaftServer$Division (RaftServerImpl.java:requestVote(1335)) - c0b96ab7-4e07-4f66-b608-d68f56bbc6df@group-C4696E2F994E replies to PRE_VOTE vote request: de3fb769-0102-4a69-91ff-1ba1954f3f02<-c0b96ab7-4e07-4f66-b608-d68f56bbc6df#0:OK-t0. Peer's state: c0b96ab7-4e07-4f66-b608-d68f56bbc6df@group-C4696E2F994E:t0, leader=null, voted=, raftlog=Memoized:c0b96ab7-4e07-4f66-b608-d68f56bbc6df@group-C4696E2F994E-SegmentedRaftLog:OPENED:c-1, conf=-1: peers:[c911a996-2ad9-4932-9a2b-dd3b110c7bbf|rpc:10.1.0.31:15095|admin:10.1.0.31:15094|client:10.1.0.31:15093|dataStream:10.1.0.31:15096|priority:0|startupRole:FOLLOWER, c0b96ab7-4e07-4f66-b608-d68f56bbc6df|rpc:10.1.0.31:15104|admin:10.1.0.31:15103|client:10.1.0.31:15102|dataStream:10.1.0.31:15105|priority:0|startupRole:FOLLOWER, de3fb769-0102-4a69-91ff-1ba1954f3f02|rpc:10.1.0.31:15113|admin:10.1.0.31:15112|client:10.1.0.31:15111|dataStream:10.1.0.31:15114|priority:1|startupRole:FOLLOWER]|listeners:[], old=null
2023-06-02 20:40:43,464 [grpc-default-executor-4] INFO  server.RaftServer$Division (RaftServerImpl.java:requestVote(1302)) - c911a996-2ad9-4932-9a2b-dd3b110c7bbf@group-C4696E2F994E: receive requestVote(PRE_VOTE, de3fb769-0102-4a69-91ff-1ba1954f3f02, group-C4696E2F994E, 0, (t:0, i:0))
2023-06-02 20:40:43,470 [grpc-default-executor-4] INFO  impl.VoteContext (VoteContext.java:log(49)) - c911a996-2ad9-4932-9a2b-dd3b110c7bbf@group-C4696E2F994E-FOLLOWER: accept PRE_VOTE from de3fb769-0102-4a69-91ff-1ba1954f3f02: our priority 0 <= candidate's priority 1
2023-06-02 20:40:43,470 [grpc-default-executor-4] INFO  server.RaftServer$Division (RaftServerImpl.java:requestVote(1335)) - c911a996-2ad9-4932-9a2b-dd3b110c7bbf@group-C4696E2F994E replies to PRE_VOTE vote request: de3fb769-0102-4a69-91ff-1ba1954f3f02<-c911a996-2ad9-4932-9a2b-dd3b110c7bbf#0:OK-t0. Peer's state: c911a996-2ad9-4932-9a2b-dd3b110c7bbf@group-C4696E2F994E:t0, leader=null, voted=, raftlog=Memoized:c911a996-2ad9-4932-9a2b-dd3b110c7bbf@group-C4696E2F994E-SegmentedRaftLog:OPENED:c-1, conf=-1: peers:[c911a996-2ad9-4932-9a2b-dd3b110c7bbf|rpc:10.1.0.31:15095|admin:10.1.0.31:15094|client:10.1.0.31:15093|dataStream:10.1.0.31:15096|priority:0|startupRole:FOLLOWER, c0b96ab7-4e07-4f66-b608-d68f56bbc6df|rpc:10.1.0.31:15104|admin:10.1.0.31:15103|client:10.1.0.31:15102|dataStream:10.1.0.31:15105|priority:0|startupRole:FOLLOWER, de3fb769-0102-4a69-91ff-1ba1954f3f02|rpc:10.1.0.31:15113|admin:10.1.0.31:15112|client:10.1.0.31:15111|dataStream:10.1.0.31:15114|priority:1|startupRole:FOLLOWER]|listeners:[], old=null
2023-06-02 20:40:43,471 [de3fb769-0102-4a69-91ff-1ba1954f3f02@group-C4696E2F994E-LeaderElection29] INFO  impl.LeaderElection (LeaderElection.java:logAndReturn(90)) - de3fb769-0102-4a69-91ff-1ba1954f3f02@group-C4696E2F994E-LeaderElection29: PRE_VOTE PASSED received 1 response(s) and 0 exception(s):
2023-06-02 20:40:43,471 [de3fb769-0102-4a69-91ff-1ba1954f3f02@group-C4696E2F994E-LeaderElection29] INFO  impl.LeaderElection (LeaderElection.java:logAndReturn(94)) -   Response 0: de3fb769-0102-4a69-91ff-1ba1954f3f02<-c0b96ab7-4e07-4f66-b608-d68f56bbc6df#0:OK-t0
2023-06-02 20:40:43,471 [de3fb769-0102-4a69-91ff-1ba1954f3f02@group-C4696E2F994E-LeaderElection29] INFO  impl.LeaderElection (LeaderElection.java:askForVotes(323)) - de3fb769-0102-4a69-91ff-1ba1954f3f02@group-C4696E2F994E-LeaderElection29 PRE_VOTE round 0: result PASSED
2023-06-02 20:40:43,474 [de3fb769-0102-4a69-91ff-1ba1954f3f02@group-C4696E2F994E-LeaderElection29] INFO  impl.LeaderElection (LeaderElection.java:askForVotes(321)) - de3fb769-0102-4a69-91ff-1ba1954f3f02@group-C4696E2F994E-LeaderElection29 ELECTION round 0: submit vote requests at term 1 for -1: peers:[c911a996-2ad9-4932-9a2b-dd3b110c7bbf|rpc:10.1.0.31:15095|admin:10.1.0.31:15094|client:10.1.0.31:15093|dataStream:10.1.0.31:15096|priority:0|startupRole:FOLLOWER, c0b96ab7-4e07-4f66-b608-d68f56bbc6df|rpc:10.1.0.31:15104|admin:10.1.0.31:15103|client:10.1.0.31:15102|dataStream:10.1.0.31:15105|priority:0|startupRole:FOLLOWER, de3fb769-0102-4a69-91ff-1ba1954f3f02|rpc:10.1.0.31:15113|admin:10.1.0.31:15112|client:10.1.0.31:15111|dataStream:10.1.0.31:15114|priority:1|startupRole:FOLLOWER]|listeners:[], old=null
2023-06-02 20:40:43,475 [de3fb769-0102-4a69-91ff-1ba1954f3f02@group-C4696E2F994E-LeaderElection29] INFO  server.RaftServerConfigKeys (ConfUtils.java:logFallback(53)) - raft.server.rpc.first-election.timeout.min = 5s (fallback to raft.server.rpc.timeout.min)
2023-06-02 20:40:43,475 [de3fb769-0102-4a69-91ff-1ba1954f3f02@group-C4696E2F994E-LeaderElection29] INFO  server.RaftServerConfigKeys (ConfUtils.java:logFallback(53)) - raft.server.rpc.first-election.timeout.max = 5200ms (fallback to raft.server.rpc.timeout.max)
2023-06-02 20:40:43,476 [grpc-default-executor-4] INFO  server.RaftServer$Division (RaftServerImpl.java:requestVote(1302)) - c911a996-2ad9-4932-9a2b-dd3b110c7bbf@group-C4696E2F994E: receive requestVote(ELECTION, de3fb769-0102-4a69-91ff-1ba1954f3f02, group-C4696E2F994E, 1, (t:0, i:0))
2023-06-02 20:40:43,476 [grpc-default-executor-4] INFO  impl.VoteContext (VoteContext.java:log(49)) - c911a996-2ad9-4932-9a2b-dd3b110c7bbf@group-C4696E2F994E-FOLLOWER: accept ELECTION from de3fb769-0102-4a69-91ff-1ba1954f3f02: our priority 0 <= candidate's priority 1
2023-06-02 20:40:43,476 [grpc-default-executor-4] INFO  server.RaftServer$Division (RaftServerImpl.java:setRole(329)) - c911a996-2ad9-4932-9a2b-dd3b110c7bbf@group-C4696E2F994E: changes role from  FOLLOWER to FOLLOWER at term 1 for candidate:de3fb769-0102-4a69-91ff-1ba1954f3f02
2023-06-02 20:40:43,476 [grpc-default-executor-4] INFO  impl.RoleInfo (RoleInfo.java:shutdownFollowerState(110)) - c911a996-2ad9-4932-9a2b-dd3b110c7bbf: shutdown c911a996-2ad9-4932-9a2b-dd3b110c7bbf@group-C4696E2F994E-FollowerState
2023-06-02 20:40:43,476 [grpc-default-executor-4] INFO  impl.RoleInfo (RoleInfo.java:updateAndGet(139)) - c911a996-2ad9-4932-9a2b-dd3b110c7bbf: start c911a996-2ad9-4932-9a2b-dd3b110c7bbf@group-C4696E2F994E-FollowerState
2023-06-02 20:40:43,476 [c911a996-2ad9-4932-9a2b-dd3b110c7bbf@group-C4696E2F994E-FollowerState] INFO  impl.FollowerState (FollowerState.java:run(152)) - c911a996-2ad9-4932-9a2b-dd3b110c7bbf@group-C4696E2F994E-FollowerState was interrupted
2023-06-02 20:40:43,479 [grpc-default-executor-0] INFO  server.RaftServer$Division (RaftServerImpl.java:requestVote(1302)) - c0b96ab7-4e07-4f66-b608-d68f56bbc6df@group-C4696E2F994E: receive requestVote(ELECTION, de3fb769-0102-4a69-91ff-1ba1954f3f02, group-C4696E2F994E, 1, (t:0, i:0))
2023-06-02 20:40:43,479 [grpc-default-executor-0] INFO  impl.VoteContext (VoteContext.java:log(49)) - c0b96ab7-4e07-4f66-b608-d68f56bbc6df@group-C4696E2F994E-FOLLOWER: accept ELECTION from de3fb769-0102-4a69-91ff-1ba1954f3f02: our priority 0 <= candidate's priority 1
2023-06-02 20:40:43,479 [grpc-default-executor-0] INFO  server.RaftServer$Division (RaftServerImpl.java:setRole(329)) - c0b96ab7-4e07-4f66-b608-d68f56bbc6df@group-C4696E2F994E: changes role from  FOLLOWER to FOLLOWER at term 1 for candidate:de3fb769-0102-4a69-91ff-1ba1954f3f02
2023-06-02 20:40:43,479 [grpc-default-executor-0] INFO  impl.RoleInfo (RoleInfo.java:shutdownFollowerState(110)) - c0b96ab7-4e07-4f66-b608-d68f56bbc6df: shutdown c0b96ab7-4e07-4f66-b608-d68f56bbc6df@group-C4696E2F994E-FollowerState
2023-06-02 20:40:43,479 [grpc-default-executor-0] INFO  impl.RoleInfo (RoleInfo.java:updateAndGet(139)) - c0b96ab7-4e07-4f66-b608-d68f56bbc6df: start c0b96ab7-4e07-4f66-b608-d68f56bbc6df@group-C4696E2F994E-FollowerState
2023-06-02 20:40:43,479 [c0b96ab7-4e07-4f66-b608-d68f56bbc6df@group-C4696E2F994E-FollowerState] INFO  impl.FollowerState (FollowerState.java:run(152)) - c0b96ab7-4e07-4f66-b608-d68f56bbc6df@group-C4696E2F994E-FollowerState was interrupted
2023-06-02 20:40:43,484 [grpc-default-executor-4] INFO  server.RaftServer$Division (RaftServerImpl.java:requestVote(1335)) - c911a996-2ad9-4932-9a2b-dd3b110c7bbf@group-C4696E2F994E replies to ELECTION vote request: de3fb769-0102-4a69-91ff-1ba1954f3f02<-c911a996-2ad9-4932-9a2b-dd3b110c7bbf#0:OK-t1. Peer's state: c911a996-2ad9-4932-9a2b-dd3b110c7bbf@group-C4696E2F994E:t1, leader=null, voted=de3fb769-0102-4a69-91ff-1ba1954f3f02, raftlog=Memoized:c911a996-2ad9-4932-9a2b-dd3b110c7bbf@group-C4696E2F994E-SegmentedRaftLog:OPENED:c-1, conf=-1: peers:[c911a996-2ad9-4932-9a2b-dd3b110c7bbf|rpc:10.1.0.31:15095|admin:10.1.0.31:15094|client:10.1.0.31:15093|dataStream:10.1.0.31:15096|priority:0|startupRole:FOLLOWER, c0b96ab7-4e07-4f66-b608-d68f56bbc6df|rpc:10.1.0.31:15104|admin:10.1.0.31:15103|client:10.1.0.31:15102|dataStream:10.1.0.31:15105|priority:0|startupRole:FOLLOWER, de3fb769-0102-4a69-91ff-1ba1954f3f02|rpc:10.1.0.31:15113|admin:10.1.0.31:15112|client:10.1.0.31:15111|dataStream:10.1.0.31:15114|priority:1|startupRole:FOLLOWER]|listeners:[], old=null
2023-06-02 20:40:43,486 [de3fb769-0102-4a69-91ff-1ba1954f3f02@group-C4696E2F994E-LeaderElection29] INFO  impl.LeaderElection (LeaderElection.java:logAndReturn(90)) - de3fb769-0102-4a69-91ff-1ba1954f3f02@group-C4696E2F994E-LeaderElection29: ELECTION PASSED received 1 response(s) and 0 exception(s):
2023-06-02 20:40:43,486 [de3fb769-0102-4a69-91ff-1ba1954f3f02@group-C4696E2F994E-LeaderElection29] INFO  impl.LeaderElection (LeaderElection.java:logAndReturn(94)) -   Response 0: de3fb769-0102-4a69-91ff-1ba1954f3f02<-c911a996-2ad9-4932-9a2b-dd3b110c7bbf#0:OK-t1
2023-06-02 20:40:43,486 [de3fb769-0102-4a69-91ff-1ba1954f3f02@group-C4696E2F994E-LeaderElection29] INFO  impl.LeaderElection (LeaderElection.java:askForVotes(323)) - de3fb769-0102-4a69-91ff-1ba1954f3f02@group-C4696E2F994E-LeaderElection29 ELECTION round 0: result PASSED
2023-06-02 20:40:43,486 [de3fb769-0102-4a69-91ff-1ba1954f3f02@group-C4696E2F994E-LeaderElection29] INFO  impl.RoleInfo (RoleInfo.java:shutdownLeaderElection(130)) - de3fb769-0102-4a69-91ff-1ba1954f3f02: shutdown de3fb769-0102-4a69-91ff-1ba1954f3f02@group-C4696E2F994E-LeaderElection29
2023-06-02 20:40:43,486 [de3fb769-0102-4a69-91ff-1ba1954f3f02@group-C4696E2F994E-LeaderElection29] INFO  server.RaftServer$Division (RaftServerImpl.java:setRole(329)) - de3fb769-0102-4a69-91ff-1ba1954f3f02@group-C4696E2F994E: changes role from CANDIDATE to LEADER at term 1 for changeToLeader
2023-06-02 20:40:43,486 [de3fb769-0102-4a69-91ff-1ba1954f3f02@group-C4696E2F994E-LeaderElection29] INFO  ratis.XceiverServerRatis (XceiverServerRatis.java:handleLeaderChangedNotification(902)) - Leader change notification received for group: group-C4696E2F994E with new leaderId: de3fb769-0102-4a69-91ff-1ba1954f3f02
2023-06-02 20:40:43,487 [de3fb769-0102-4a69-91ff-1ba1954f3f02@group-C4696E2F994E-LeaderElection29] INFO  server.RaftServer$Division (ServerState.java:setLeader(317)) - de3fb769-0102-4a69-91ff-1ba1954f3f02@group-C4696E2F994E: change Leader from null to de3fb769-0102-4a69-91ff-1ba1954f3f02 at term 1 for becomeLeader, leader elected after 5151ms
2023-06-02 20:40:43,487 [de3fb769-0102-4a69-91ff-1ba1954f3f02@group-C4696E2F994E-LeaderElection29] INFO  server.RaftServerConfigKeys (ConfUtils.java:logGet(46)) - raft.server.staging.catchup.gap = 1000 (default)
2023-06-02 20:40:43,487 [de3fb769-0102-4a69-91ff-1ba1954f3f02@group-C4696E2F994E-LeaderElection29] INFO  server.RaftServerConfigKeys (ConfUtils.java:logGet(46)) - raft.server.write.element-limit = 1024 (custom)
2023-06-02 20:40:43,487 [de3fb769-0102-4a69-91ff-1ba1954f3f02@group-C4696E2F994E-LeaderElection29] INFO  server.RaftServerConfigKeys (ConfUtils.java:logGet(46)) - raft.server.write.byte-limit = 1024 M (=1073741824) (custom)
2023-06-02 20:40:43,487 [de3fb769-0102-4a69-91ff-1ba1954f3f02@group-C4696E2F994E-LeaderElection29] INFO  server.RaftServerConfigKeys (ConfUtils.java:logGet(46)) - raft.server.watch.timeout = 180s (custom)
2023-06-02 20:40:43,487 [de3fb769-0102-4a69-91ff-1ba1954f3f02@group-C4696E2F994E-LeaderElection29] INFO  server.RaftServerConfigKeys (ConfUtils.java:logGet(46)) - raft.server.watch.timeout.denomination = 1s (default)
2023-06-02 20:40:43,487 [de3fb769-0102-4a69-91ff-1ba1954f3f02@group-C4696E2F994E-LeaderElection29] INFO  server.RaftServerConfigKeys (ConfUtils.java:logGet(46)) - raft.server.watch.element-limit = 65536 (default)
2023-06-02 20:40:43,487 [de3fb769-0102-4a69-91ff-1ba1954f3f02@group-C4696E2F994E-LeaderElection29] INFO  server.RaftServerConfigKeys (ConfUtils.java:logGet(46)) - raft.server.write.element-limit = 1024 (custom)
2023-06-02 20:40:43,488 [de3fb769-0102-4a69-91ff-1ba1954f3f02@group-C4696E2F994E-LeaderElection29] INFO  server.RaftServerConfigKeys (ConfUtils.java:logGet(46)) - raft.server.write.follower.gap.ratio.max = -1.0 (default)
2023-06-02 20:40:43,488 [grpc-default-executor-0] INFO  server.RaftServer$Division (RaftServerImpl.java:requestVote(1335)) - c0b96ab7-4e07-4f66-b608-d68f56bbc6df@group-C4696E2F994E replies to ELECTION vote request: de3fb769-0102-4a69-91ff-1ba1954f3f02<-c0b96ab7-4e07-4f66-b608-d68f56bbc6df#0:OK-t1. Peer's state: c0b96ab7-4e07-4f66-b608-d68f56bbc6df@group-C4696E2F994E:t1, leader=null, voted=de3fb769-0102-4a69-91ff-1ba1954f3f02, raftlog=Memoized:c0b96ab7-4e07-4f66-b608-d68f56bbc6df@group-C4696E2F994E-SegmentedRaftLog:OPENED:c-1, conf=-1: peers:[c911a996-2ad9-4932-9a2b-dd3b110c7bbf|rpc:10.1.0.31:15095|admin:10.1.0.31:15094|client:10.1.0.31:15093|dataStream:10.1.0.31:15096|priority:0|startupRole:FOLLOWER, c0b96ab7-4e07-4f66-b608-d68f56bbc6df|rpc:10.1.0.31:15104|admin:10.1.0.31:15103|client:10.1.0.31:15102|dataStream:10.1.0.31:15105|priority:0|startupRole:FOLLOWER, de3fb769-0102-4a69-91ff-1ba1954f3f02|rpc:10.1.0.31:15113|admin:10.1.0.31:15112|client:10.1.0.31:15111|dataStream:10.1.0.31:15114|priority:1|startupRole:FOLLOWER]|listeners:[], old=null
2023-06-02 20:40:43,488 [de3fb769-0102-4a69-91ff-1ba1954f3f02@group-C4696E2F994E-LeaderElection29] INFO  server.RaftServerConfigKeys (ConfUtils.java:logGet(46)) - raft.server.log.appender.snapshot.chunk.size.max = 16MB (=16777216) (default)
2023-06-02 20:40:43,488 [de3fb769-0102-4a69-91ff-1ba1954f3f02@group-C4696E2F994E-LeaderElection29] INFO  server.RaftServerConfigKeys (ConfUtils.java:logGet(46)) - raft.server.log.appender.buffer.byte-limit = 33554432 (custom)
2023-06-02 20:40:43,488 [de3fb769-0102-4a69-91ff-1ba1954f3f02@group-C4696E2F994E-LeaderElection29] INFO  server.RaftServerConfigKeys (ConfUtils.java:logGet(46)) - raft.server.log.appender.buffer.element-limit = 1 (custom)
2023-06-02 20:40:43,488 [de3fb769-0102-4a69-91ff-1ba1954f3f02@group-C4696E2F994E-LeaderElection29] INFO  server.RaftServerConfigKeys (ConfUtils.java:logGet(46)) - raft.server.log.appender.wait-time.min = 10ms (default)
2023-06-02 20:40:43,489 [de3fb769-0102-4a69-91ff-1ba1954f3f02@group-C4696E2F994E-LeaderElection29] INFO  grpc.GrpcConfigKeys (ConfUtils.java:logGet(46)) - raft.grpc.server.leader.outstanding.appends.max = 128 (default)
2023-06-02 20:40:43,489 [de3fb769-0102-4a69-91ff-1ba1954f3f02@group-C4696E2F994E-LeaderElection29] INFO  server.RaftServerConfigKeys (ConfUtils.java:logGet(46)) - raft.server.rpc.request.timeout = 60s (custom)
2023-06-02 20:40:43,489 [de3fb769-0102-4a69-91ff-1ba1954f3f02@group-C4696E2F994E-LeaderElection29] INFO  grpc.GrpcConfigKeys (ConfUtils.java:logGet(46)) - raft.grpc.server.install_snapshot.request.element-limit = 8 (default)
2023-06-02 20:40:43,489 [de3fb769-0102-4a69-91ff-1ba1954f3f02@group-C4696E2F994E-LeaderElection29] INFO  grpc.GrpcConfigKeys (ConfUtils.java:logGet(46)) - raft.grpc.server.install_snapshot.request.timeout = 3000ms (default)
2023-06-02 20:40:43,489 [de3fb769-0102-4a69-91ff-1ba1954f3f02@group-C4696E2F994E-LeaderElection29] INFO  server.RaftServerConfigKeys (ConfUtils.java:logGet(46)) - raft.server.log.appender.install.snapshot.enabled = false (custom)
2023-06-02 20:40:43,489 [de3fb769-0102-4a69-91ff-1ba1954f3f02@group-C4696E2F994E-LeaderElection29] INFO  grpc.GrpcConfigKeys (ConfUtils.java:logGet(46)) - raft.grpc.server.heartbeat.channel = true (default)
2023-06-02 20:40:43,490 [de3fb769-0102-4a69-91ff-1ba1954f3f02@group-C4696E2F994E-LeaderElection29] INFO  server.RaftServerConfigKeys (ConfUtils.java:logGet(46)) - raft.server.log.appender.snapshot.chunk.size.max = 16MB (=16777216) (default)
2023-06-02 20:40:43,490 [de3fb769-0102-4a69-91ff-1ba1954f3f02@group-C4696E2F994E-LeaderElection29] INFO  server.RaftServerConfigKeys (ConfUtils.java:logGet(46)) - raft.server.log.appender.buffer.byte-limit = 33554432 (custom)
2023-06-02 20:40:43,490 [de3fb769-0102-4a69-91ff-1ba1954f3f02@group-C4696E2F994E-LeaderElection29] INFO  server.RaftServerConfigKeys (ConfUtils.java:logGet(46)) - raft.server.log.appender.buffer.element-limit = 1 (custom)
2023-06-02 20:40:43,490 [de3fb769-0102-4a69-91ff-1ba1954f3f02@group-C4696E2F994E-LeaderElection29] INFO  server.RaftServerConfigKeys (ConfUtils.java:logGet(46)) - raft.server.log.appender.wait-time.min = 10ms (default)
2023-06-02 20:40:43,490 [de3fb769-0102-4a69-91ff-1ba1954f3f02@group-C4696E2F994E-LeaderElection29] INFO  grpc.GrpcConfigKeys (ConfUtils.java:logGet(46)) - raft.grpc.server.leader.outstanding.appends.max = 128 (default)
2023-06-02 20:40:43,490 [de3fb769-0102-4a69-91ff-1ba1954f3f02@group-C4696E2F994E-LeaderElection29] INFO  server.RaftServerConfigKeys (ConfUtils.java:logGet(46)) - raft.server.rpc.request.timeout = 60s (custom)
2023-06-02 20:40:43,490 [de3fb769-0102-4a69-91ff-1ba1954f3f02@group-C4696E2F994E-LeaderElection29] INFO  grpc.GrpcConfigKeys (ConfUtils.java:logGet(46)) - raft.grpc.server.install_snapshot.request.element-limit = 8 (default)
2023-06-02 20:40:43,490 [de3fb769-0102-4a69-91ff-1ba1954f3f02@group-C4696E2F994E-LeaderElection29] INFO  grpc.GrpcConfigKeys (ConfUtils.java:logGet(46)) - raft.grpc.server.install_snapshot.request.timeout = 3000ms (default)
2023-06-02 20:40:43,490 [de3fb769-0102-4a69-91ff-1ba1954f3f02@group-C4696E2F994E-LeaderElection29] INFO  server.RaftServerConfigKeys (ConfUtils.java:logGet(46)) - raft.server.log.appender.install.snapshot.enabled = false (custom)
2023-06-02 20:40:43,490 [de3fb769-0102-4a69-91ff-1ba1954f3f02@group-C4696E2F994E-LeaderElection29] INFO  grpc.GrpcConfigKeys (ConfUtils.java:logGet(46)) - raft.grpc.server.heartbeat.channel = true (default)
2023-06-02 20:40:43,490 [de3fb769-0102-4a69-91ff-1ba1954f3f02@group-C4696E2F994E-LeaderElection29] INFO  impl.RoleInfo (RoleInfo.java:updateAndGet(139)) - de3fb769-0102-4a69-91ff-1ba1954f3f02: start de3fb769-0102-4a69-91ff-1ba1954f3f02@group-C4696E2F994E-LeaderStateImpl
2023-06-02 20:40:43,491 [de3fb769-0102-4a69-91ff-1ba1954f3f02@group-C4696E2F994E-LeaderElection29] INFO  segmented.SegmentedRaftLogWorker (SegmentedRaftLogWorker.java:startLogSegment(447)) - de3fb769-0102-4a69-91ff-1ba1954f3f02@group-C4696E2F994E-SegmentedRaftLogWorker: Starting segment from index:0
2023-06-02 20:40:43,493 [de3fb769-0102-4a69-91ff-1ba1954f3f02@group-C4696E2F994E-SegmentedRaftLogWorker] INFO  segmented.SegmentedRaftLogWorker (SegmentedRaftLogWorker.java:execute(651)) - de3fb769-0102-4a69-91ff-1ba1954f3f02@group-C4696E2F994E-SegmentedRaftLogWorker: created new log segment /home/runner/work/ozone/ozone/hadoop-ozone/integration-test/target/test-dir/MiniOzoneClusterImpl-5ac0c7d5-b38a-4534-ae70-3109b4fe19c6/datanode-11/data/ratis/5b1b090f-7b14-433a-bef8-c4696e2f994e/current/log_inprogress_0
2023-06-02 20:40:43,493 [EventQueue-PipelineReportForPipelineReportHandler] INFO  pipeline.PipelineManagerImpl (PipelineManagerImpl.java:openPipeline(367)) - Pipeline Pipeline[ Id: 5b1b090f-7b14-433a-bef8-c4696e2f994e, Nodes: de3fb769-0102-4a69-91ff-1ba1954f3f02(fv-az1239-288/10.1.0.31)c911a996-2ad9-4932-9a2b-dd3b110c7bbf(fv-az1239-288/10.1.0.31)c0b96ab7-4e07-4f66-b608-d68f56bbc6df(fv-az1239-288/10.1.0.31), ReplicationConfig: RATIS/THREE, State:ALLOCATED, leaderId:de3fb769-0102-4a69-91ff-1ba1954f3f02, CreationTimestamp2023-06-02T20:40:35.738Z[Etc/UTC]] moved to OPEN state
2023-06-02 20:40:43,494 [de3fb769-0102-4a69-91ff-1ba1954f3f02@group-C4696E2F994E-LeaderElection29] INFO  server.RaftServer$Division (ServerState.java:setRaftConf(434)) - de3fb769-0102-4a69-91ff-1ba1954f3f02@group-C4696E2F994E: set configuration 0: peers:[c911a996-2ad9-4932-9a2b-dd3b110c7bbf|rpc:10.1.0.31:15095|admin:10.1.0.31:15094|client:10.1.0.31:15093|dataStream:10.1.0.31:15096|priority:0|startupRole:FOLLOWER, c0b96ab7-4e07-4f66-b608-d68f56bbc6df|rpc:10.1.0.31:15104|admin:10.1.0.31:15103|client:10.1.0.31:15102|dataStream:10.1.0.31:15105|priority:0|startupRole:FOLLOWER, de3fb769-0102-4a69-91ff-1ba1954f3f02|rpc:10.1.0.31:15113|admin:10.1.0.31:15112|client:10.1.0.31:15111|dataStream:10.1.0.31:15114|priority:1|startupRole:FOLLOWER]|listeners:[], old=null
2023-06-02 20:40:43,508 [c0b96ab7-4e07-4f66-b608-d68f56bbc6df-server-thread1] INFO  ratis.XceiverServerRatis (XceiverServerRatis.java:handleLeaderChangedNotification(902)) - Leader change notification received for group: group-C4696E2F994E with new leaderId: de3fb769-0102-4a69-91ff-1ba1954f3f02
2023-06-02 20:40:43,508 [c0b96ab7-4e07-4f66-b608-d68f56bbc6df-server-thread1] INFO  server.RaftServer$Division (ServerState.java:setLeader(317)) - c0b96ab7-4e07-4f66-b608-d68f56bbc6df@group-C4696E2F994E: change Leader from null to de3fb769-0102-4a69-91ff-1ba1954f3f02 at term 1 for appendEntries, leader elected after 5239ms
2023-06-02 20:40:43,512 [c911a996-2ad9-4932-9a2b-dd3b110c7bbf-server-thread2] INFO  ratis.XceiverServerRatis (XceiverServerRatis.java:handleLeaderChangedNotification(902)) - Leader change notification received for group: group-C4696E2F994E with new leaderId: de3fb769-0102-4a69-91ff-1ba1954f3f02
2023-06-02 20:40:43,512 [c911a996-2ad9-4932-9a2b-dd3b110c7bbf-server-thread2] INFO  server.RaftServer$Division (ServerState.java:setLeader(317)) - c911a996-2ad9-4932-9a2b-dd3b110c7bbf@group-C4696E2F994E: change Leader from null to de3fb769-0102-4a69-91ff-1ba1954f3f02 at term 1 for appendEntries, leader elected after 5093ms
2023-06-02 20:40:43,512 [c911a996-2ad9-4932-9a2b-dd3b110c7bbf-server-thread2] INFO  server.RaftServer$Division (ServerState.java:setRaftConf(434)) - c911a996-2ad9-4932-9a2b-dd3b110c7bbf@group-C4696E2F994E: set configuration 0: peers:[c911a996-2ad9-4932-9a2b-dd3b110c7bbf|rpc:10.1.0.31:15095|admin:10.1.0.31:15094|client:10.1.0.31:15093|dataStream:10.1.0.31:15096|priority:0|startupRole:FOLLOWER, c0b96ab7-4e07-4f66-b608-d68f56bbc6df|rpc:10.1.0.31:15104|admin:10.1.0.31:15103|client:10.1.0.31:15102|dataStream:10.1.0.31:15105|priority:0|startupRole:FOLLOWER, de3fb769-0102-4a69-91ff-1ba1954f3f02|rpc:10.1.0.31:15113|admin:10.1.0.31:15112|client:10.1.0.31:15111|dataStream:10.1.0.31:15114|priority:1|startupRole:FOLLOWER]|listeners:[], old=null
2023-06-02 20:40:43,513 [c911a996-2ad9-4932-9a2b-dd3b110c7bbf-server-thread2] INFO  segmented.SegmentedRaftLogWorker (SegmentedRaftLogWorker.java:startLogSegment(447)) - c911a996-2ad9-4932-9a2b-dd3b110c7bbf@group-C4696E2F994E-SegmentedRaftLogWorker: Starting segment from index:0
2023-06-02 20:40:43,514 [c0b96ab7-4e07-4f66-b608-d68f56bbc6df-server-thread2] INFO  server.RaftServer$Division (ServerState.java:setRaftConf(434)) - c0b96ab7-4e07-4f66-b608-d68f56bbc6df@group-C4696E2F994E: set configuration 0: peers:[c911a996-2ad9-4932-9a2b-dd3b110c7bbf|rpc:10.1.0.31:15095|admin:10.1.0.31:15094|client:10.1.0.31:15093|dataStream:10.1.0.31:15096|priority:0|startupRole:FOLLOWER, c0b96ab7-4e07-4f66-b608-d68f56bbc6df|rpc:10.1.0.31:15104|admin:10.1.0.31:15103|client:10.1.0.31:15102|dataStream:10.1.0.31:15105|priority:0|startupRole:FOLLOWER, de3fb769-0102-4a69-91ff-1ba1954f3f02|rpc:10.1.0.31:15113|admin:10.1.0.31:15112|client:10.1.0.31:15111|dataStream:10.1.0.31:15114|priority:1|startupRole:FOLLOWER]|listeners:[], old=null
2023-06-02 20:40:43,514 [c0b96ab7-4e07-4f66-b608-d68f56bbc6df-server-thread2] INFO  segmented.SegmentedRaftLogWorker (SegmentedRaftLogWorker.java:startLogSegment(447)) - c0b96ab7-4e07-4f66-b608-d68f56bbc6df@group-C4696E2F994E-SegmentedRaftLogWorker: Starting segment from index:0
2023-06-02 20:40:43,517 [c911a996-2ad9-4932-9a2b-dd3b110c7bbf@group-C4696E2F994E-SegmentedRaftLogWorker] INFO  segmented.SegmentedRaftLogWorker (SegmentedRaftLogWorker.java:execute(651)) - c911a996-2ad9-4932-9a2b-dd3b110c7bbf@group-C4696E2F994E-SegmentedRaftLogWorker: created new log segment /home/runner/work/ozone/ozone/hadoop-ozone/integration-test/target/test-dir/MiniOzoneClusterImpl-5ac0c7d5-b38a-4534-ae70-3109b4fe19c6/datanode-9/data/ratis/5b1b090f-7b14-433a-bef8-c4696e2f994e/current/log_inprogress_0
2023-06-02 20:40:43,519 [c0b96ab7-4e07-4f66-b608-d68f56bbc6df@group-C4696E2F994E-SegmentedRaftLogWorker] INFO  segmented.SegmentedRaftLogWorker (SegmentedRaftLogWorker.java:execute(651)) - c0b96ab7-4e07-4f66-b608-d68f56bbc6df@group-C4696E2F994E-SegmentedRaftLogWorker: created new log segment /home/runner/work/ozone/ozone/hadoop-ozone/integration-test/target/test-dir/MiniOzoneClusterImpl-5ac0c7d5-b38a-4534-ae70-3109b4fe19c6/datanode-10/data/ratis/5b1b090f-7b14-433a-bef8-c4696e2f994e/current/log_inprogress_0
2023-06-02 20:40:43,938 [de3fb769-0102-4a69-91ff-1ba1954f3f02@group-82A0191462DD-FollowerState] INFO  impl.FollowerState (FollowerState.java:run(143)) - de3fb769-0102-4a69-91ff-1ba1954f3f02@group-82A0191462DD-FollowerState: change to CANDIDATE, lastRpcElapsedTime:5187444061ns, electionTimeout:5186ms
2023-06-02 20:40:43,938 [de3fb769-0102-4a69-91ff-1ba1954f3f02@group-82A0191462DD-FollowerState] INFO  impl.RoleInfo (RoleInfo.java:shutdownFollowerState(110)) - de3fb769-0102-4a69-91ff-1ba1954f3f02: shutdown de3fb769-0102-4a69-91ff-1ba1954f3f02@group-82A0191462DD-FollowerState
2023-06-02 20:40:43,938 [de3fb769-0102-4a69-91ff-1ba1954f3f02@group-82A0191462DD-FollowerState] INFO  server.RaftServer$Division (RaftServerImpl.java:setRole(329)) - de3fb769-0102-4a69-91ff-1ba1954f3f02@group-82A0191462DD: changes role from  FOLLOWER to CANDIDATE at term 0 for changeToCandidate
2023-06-02 20:40:43,938 [de3fb769-0102-4a69-91ff-1ba1954f3f02@group-82A0191462DD-FollowerState] INFO  server.RaftServerConfigKeys (ConfUtils.java:logGet(46)) - raft.server.leaderelection.pre-vote = true (default)
2023-06-02 20:40:43,938 [de3fb769-0102-4a69-91ff-1ba1954f3f02@group-82A0191462DD-FollowerState] INFO  impl.RoleInfo (RoleInfo.java:updateAndGet(139)) - de3fb769-0102-4a69-91ff-1ba1954f3f02: start de3fb769-0102-4a69-91ff-1ba1954f3f02@group-82A0191462DD-LeaderElection31
2023-06-02 20:40:43,939 [de3fb769-0102-4a69-91ff-1ba1954f3f02@group-82A0191462DD-LeaderElection31] INFO  impl.LeaderElection (LeaderElection.java:askForVotes(321)) - de3fb769-0102-4a69-91ff-1ba1954f3f02@group-82A0191462DD-LeaderElection31 PRE_VOTE round 0: submit vote requests at term 0 for -1: peers:[de3fb769-0102-4a69-91ff-1ba1954f3f02|rpc:10.1.0.31:15113|admin:10.1.0.31:15112|client:10.1.0.31:15111|dataStream:10.1.0.31:15114|priority:1|startupRole:FOLLOWER]|listeners:[], old=null
2023-06-02 20:40:43,939 [de3fb769-0102-4a69-91ff-1ba1954f3f02@group-82A0191462DD-LeaderElection31] INFO  impl.LeaderElection (LeaderElection.java:askForVotes(323)) - de3fb769-0102-4a69-91ff-1ba1954f3f02@group-82A0191462DD-LeaderElection31 PRE_VOTE round 0: result PASSED (term=0)
2023-06-02 20:40:43,941 [de3fb769-0102-4a69-91ff-1ba1954f3f02@group-82A0191462DD-LeaderElection31] INFO  impl.LeaderElection (LeaderElection.java:askForVotes(321)) - de3fb769-0102-4a69-91ff-1ba1954f3f02@group-82A0191462DD-LeaderElection31 ELECTION round 0: submit vote requests at term 1 for -1: peers:[de3fb769-0102-4a69-91ff-1ba1954f3f02|rpc:10.1.0.31:15113|admin:10.1.0.31:15112|client:10.1.0.31:15111|dataStream:10.1.0.31:15114|priority:1|startupRole:FOLLOWER]|listeners:[], old=null
2023-06-02 20:40:43,941 [de3fb769-0102-4a69-91ff-1ba1954f3f02@group-82A0191462DD-LeaderElection31] INFO  impl.LeaderElection (LeaderElection.java:askForVotes(323)) - de3fb769-0102-4a69-91ff-1ba1954f3f02@group-82A0191462DD-LeaderElection31 ELECTION round 0: result PASSED (term=1)
2023-06-02 20:40:43,941 [de3fb769-0102-4a69-91ff-1ba1954f3f02@group-82A0191462DD-LeaderElection31] INFO  impl.RoleInfo (RoleInfo.java:shutdownLeaderElection(130)) - de3fb769-0102-4a69-91ff-1ba1954f3f02: shutdown de3fb769-0102-4a69-91ff-1ba1954f3f02@group-82A0191462DD-LeaderElection31
2023-06-02 20:40:43,941 [de3fb769-0102-4a69-91ff-1ba1954f3f02@group-82A0191462DD-LeaderElection31] INFO  server.RaftServer$Division (RaftServerImpl.java:setRole(329)) - de3fb769-0102-4a69-91ff-1ba1954f3f02@group-82A0191462DD: changes role from CANDIDATE to LEADER at term 1 for changeToLeader
2023-06-02 20:40:43,941 [de3fb769-0102-4a69-91ff-1ba1954f3f02@group-82A0191462DD-LeaderElection31] INFO  ratis.XceiverServerRatis (XceiverServerRatis.java:handleLeaderChangedNotification(902)) - Leader change notification received for group: group-82A0191462DD with new leaderId: de3fb769-0102-4a69-91ff-1ba1954f3f02
2023-06-02 20:40:43,941 [de3fb769-0102-4a69-91ff-1ba1954f3f02@group-82A0191462DD-LeaderElection31] INFO  server.RaftServer$Division (ServerState.java:setLeader(317)) - de3fb769-0102-4a69-91ff-1ba1954f3f02@group-82A0191462DD: change Leader from null to de3fb769-0102-4a69-91ff-1ba1954f3f02 at term 1 for becomeLeader, leader elected after 5210ms
2023-06-02 20:40:43,942 [de3fb769-0102-4a69-91ff-1ba1954f3f02@group-82A0191462DD-LeaderElection31] INFO  server.RaftServerConfigKeys (ConfUtils.java:logGet(46)) - raft.server.staging.catchup.gap = 1000 (default)
2023-06-02 20:40:43,942 [de3fb769-0102-4a69-91ff-1ba1954f3f02@group-82A0191462DD-LeaderElection31] INFO  server.RaftServerConfigKeys (ConfUtils.java:logGet(46)) - raft.server.write.element-limit = 1024 (custom)
2023-06-02 20:40:43,942 [de3fb769-0102-4a69-91ff-1ba1954f3f02@group-82A0191462DD-LeaderElection31] INFO  server.RaftServerConfigKeys (ConfUtils.java:logGet(46)) - raft.server.write.byte-limit = 1024 M (=1073741824) (custom)
2023-06-02 20:40:43,943 [de3fb769-0102-4a69-91ff-1ba1954f3f02@group-82A0191462DD-LeaderElection31] INFO  server.RaftServerConfigKeys (ConfUtils.java:logGet(46)) - raft.server.watch.timeout = 180s (custom)
2023-06-02 20:40:43,943 [de3fb769-0102-4a69-91ff-1ba1954f3f02@group-82A0191462DD-LeaderElection31] INFO  server.RaftServerConfigKeys (ConfUtils.java:logGet(46)) - raft.server.watch.timeout.denomination = 1s (default)
2023-06-02 20:40:43,943 [de3fb769-0102-4a69-91ff-1ba1954f3f02@group-82A0191462DD-LeaderElection31] INFO  server.RaftServerConfigKeys (ConfUtils.java:logGet(46)) - raft.server.watch.element-limit = 65536 (default)
2023-06-02 20:40:43,943 [de3fb769-0102-4a69-91ff-1ba1954f3f02@group-82A0191462DD-LeaderElection31] INFO  server.RaftServerConfigKeys (ConfUtils.java:logGet(46)) - raft.server.write.element-limit = 1024 (custom)
2023-06-02 20:40:43,944 [de3fb769-0102-4a69-91ff-1ba1954f3f02@group-82A0191462DD-LeaderElection31] INFO  server.RaftServerConfigKeys (ConfUtils.java:logGet(46)) - raft.server.write.follower.gap.ratio.max = -1.0 (default)
2023-06-02 20:40:43,944 [de3fb769-0102-4a69-91ff-1ba1954f3f02@group-82A0191462DD-LeaderElection31] INFO  impl.RoleInfo (RoleInfo.java:updateAndGet(139)) - de3fb769-0102-4a69-91ff-1ba1954f3f02: start de3fb769-0102-4a69-91ff-1ba1954f3f02@group-82A0191462DD-LeaderStateImpl
2023-06-02 20:40:43,946 [de3fb769-0102-4a69-91ff-1ba1954f3f02@group-82A0191462DD-LeaderElection31] INFO  segmented.SegmentedRaftLogWorker (SegmentedRaftLogWorker.java:startLogSegment(447)) - de3fb769-0102-4a69-91ff-1ba1954f3f02@group-82A0191462DD-SegmentedRaftLogWorker: Starting segment from index:0
2023-06-02 20:40:43,946 [de3fb769-0102-4a69-91ff-1ba1954f3f02@group-82A0191462DD-LeaderElection31] INFO  server.RaftServer$Division (ServerState.java:setRaftConf(434)) - de3fb769-0102-4a69-91ff-1ba1954f3f02@group-82A0191462DD: set configuration 0: peers:[de3fb769-0102-4a69-91ff-1ba1954f3f02|rpc:10.1.0.31:15113|admin:10.1.0.31:15112|client:10.1.0.31:15111|dataStream:10.1.0.31:15114|priority:1|startupRole:FOLLOWER]|listeners:[], old=null
2023-06-02 20:40:43,948 [de3fb769-0102-4a69-91ff-1ba1954f3f02@group-82A0191462DD-SegmentedRaftLogWorker] INFO  segmented.SegmentedRaftLogWorker (SegmentedRaftLogWorker.java:execute(651)) - de3fb769-0102-4a69-91ff-1ba1954f3f02@group-82A0191462DD-SegmentedRaftLogWorker: created new log segment /home/runner/work/ozone/ozone/hadoop-ozone/integration-test/target/test-dir/MiniOzoneClusterImpl-5ac0c7d5-b38a-4534-ae70-3109b4fe19c6/datanode-11/data/ratis/71fc64fe-542b-4b30-aa25-82a0191462dd/current/log_inprogress_0
2023-06-02 20:40:44,319 [8f90378c-2071-462d-9a04-80510992f21c@group-EC07C2C94AFC-FollowerState] INFO  impl.FollowerState (FollowerState.java:run(143)) - 8f90378c-2071-462d-9a04-80510992f21c@group-EC07C2C94AFC-FollowerState: change to CANDIDATE, lastRpcElapsedTime:5139034484ns, electionTimeout:5129ms
2023-06-02 20:40:44,319 [8f90378c-2071-462d-9a04-80510992f21c@group-EC07C2C94AFC-FollowerState] INFO  impl.RoleInfo (RoleInfo.java:shutdownFollowerState(110)) - 8f90378c-2071-462d-9a04-80510992f21c: shutdown 8f90378c-2071-462d-9a04-80510992f21c@group-EC07C2C94AFC-FollowerState
2023-06-02 20:40:44,319 [8f90378c-2071-462d-9a04-80510992f21c@group-EC07C2C94AFC-FollowerState] INFO  server.RaftServer$Division (RaftServerImpl.java:setRole(329)) - 8f90378c-2071-462d-9a04-80510992f21c@group-EC07C2C94AFC: changes role from  FOLLOWER to CANDIDATE at term 0 for changeToCandidate
2023-06-02 20:40:44,319 [8f90378c-2071-462d-9a04-80510992f21c@group-EC07C2C94AFC-FollowerState] INFO  server.RaftServerConfigKeys (ConfUtils.java:logGet(46)) - raft.server.leaderelection.pre-vote = true (default)
2023-06-02 20:40:44,319 [8f90378c-2071-462d-9a04-80510992f21c@group-EC07C2C94AFC-FollowerState] INFO  impl.RoleInfo (RoleInfo.java:updateAndGet(139)) - 8f90378c-2071-462d-9a04-80510992f21c: start 8f90378c-2071-462d-9a04-80510992f21c@group-EC07C2C94AFC-LeaderElection32
2023-06-02 20:40:44,320 [8f90378c-2071-462d-9a04-80510992f21c@group-EC07C2C94AFC-LeaderElection32] INFO  impl.LeaderElection (LeaderElection.java:askForVotes(321)) - 8f90378c-2071-462d-9a04-80510992f21c@group-EC07C2C94AFC-LeaderElection32 PRE_VOTE round 0: submit vote requests at term 0 for -1: peers:[8f90378c-2071-462d-9a04-80510992f21c|rpc:10.1.0.31:15122|admin:10.1.0.31:15121|client:10.1.0.31:15120|dataStream:10.1.0.31:15123|priority:1|startupRole:FOLLOWER]|listeners:[], old=null
2023-06-02 20:40:44,320 [8f90378c-2071-462d-9a04-80510992f21c@group-EC07C2C94AFC-LeaderElection32] INFO  impl.LeaderElection (LeaderElection.java:askForVotes(323)) - 8f90378c-2071-462d-9a04-80510992f21c@group-EC07C2C94AFC-LeaderElection32 PRE_VOTE round 0: result PASSED (term=0)
2023-06-02 20:40:44,323 [8f90378c-2071-462d-9a04-80510992f21c@group-EC07C2C94AFC-LeaderElection32] INFO  impl.LeaderElection (LeaderElection.java:askForVotes(321)) - 8f90378c-2071-462d-9a04-80510992f21c@group-EC07C2C94AFC-LeaderElection32 ELECTION round 0: submit vote requests at term 1 for -1: peers:[8f90378c-2071-462d-9a04-80510992f21c|rpc:10.1.0.31:15122|admin:10.1.0.31:15121|client:10.1.0.31:15120|dataStream:10.1.0.31:15123|priority:1|startupRole:FOLLOWER]|listeners:[], old=null
2023-06-02 20:40:44,323 [8f90378c-2071-462d-9a04-80510992f21c@group-EC07C2C94AFC-LeaderElection32] INFO  impl.LeaderElection (LeaderElection.java:askForVotes(323)) - 8f90378c-2071-462d-9a04-80510992f21c@group-EC07C2C94AFC-LeaderElection32 ELECTION round 0: result PASSED (term=1)
2023-06-02 20:40:44,324 [8f90378c-2071-462d-9a04-80510992f21c@group-EC07C2C94AFC-LeaderElection32] INFO  impl.RoleInfo (RoleInfo.java:shutdownLeaderElection(130)) - 8f90378c-2071-462d-9a04-80510992f21c: shutdown 8f90378c-2071-462d-9a04-80510992f21c@group-EC07C2C94AFC-LeaderElection32
2023-06-02 20:40:44,324 [8f90378c-2071-462d-9a04-80510992f21c@group-EC07C2C94AFC-LeaderElection32] INFO  server.RaftServer$Division (RaftServerImpl.java:setRole(329)) - 8f90378c-2071-462d-9a04-80510992f21c@group-EC07C2C94AFC: changes role from CANDIDATE to LEADER at term 1 for changeToLeader
2023-06-02 20:40:44,324 [8f90378c-2071-462d-9a04-80510992f21c@group-EC07C2C94AFC-LeaderElection32] INFO  ratis.XceiverServerRatis (XceiverServerRatis.java:handleLeaderChangedNotification(902)) - Leader change notification received for group: group-EC07C2C94AFC with new leaderId: 8f90378c-2071-462d-9a04-80510992f21c
2023-06-02 20:40:44,324 [8f90378c-2071-462d-9a04-80510992f21c@group-EC07C2C94AFC-LeaderElection32] INFO  server.RaftServer$Division (ServerState.java:setLeader(317)) - 8f90378c-2071-462d-9a04-80510992f21c@group-EC07C2C94AFC: change Leader from null to 8f90378c-2071-462d-9a04-80510992f21c at term 1 for becomeLeader, leader elected after 5242ms
2023-06-02 20:40:44,324 [8f90378c-2071-462d-9a04-80510992f21c@group-EC07C2C94AFC-LeaderElection32] INFO  server.RaftServerConfigKeys (ConfUtils.java:logGet(46)) - raft.server.staging.catchup.gap = 1000 (default)
2023-06-02 20:40:44,324 [8f90378c-2071-462d-9a04-80510992f21c@group-EC07C2C94AFC-LeaderElection32] INFO  server.RaftServerConfigKeys (ConfUtils.java:logGet(46)) - raft.server.write.element-limit = 1024 (custom)
2023-06-02 20:40:44,324 [8f90378c-2071-462d-9a04-80510992f21c@group-EC07C2C94AFC-LeaderElection32] INFO  server.RaftServerConfigKeys (ConfUtils.java:logGet(46)) - raft.server.write.byte-limit = 1024 M (=1073741824) (custom)
2023-06-02 20:40:44,327 [8f90378c-2071-462d-9a04-80510992f21c@group-EC07C2C94AFC-LeaderElection32] INFO  server.RaftServerConfigKeys (ConfUtils.java:logGet(46)) - raft.server.watch.timeout = 180s (custom)
2023-06-02 20:40:44,327 [8f90378c-2071-462d-9a04-80510992f21c@group-EC07C2C94AFC-LeaderElection32] INFO  server.RaftServerConfigKeys (ConfUtils.java:logGet(46)) - raft.server.watch.timeout.denomination = 1s (default)
2023-06-02 20:40:44,327 [8f90378c-2071-462d-9a04-80510992f21c@group-EC07C2C94AFC-LeaderElection32] INFO  server.RaftServerConfigKeys (ConfUtils.java:logGet(46)) - raft.server.watch.element-limit = 65536 (default)
2023-06-02 20:40:44,327 [8f90378c-2071-462d-9a04-80510992f21c@group-EC07C2C94AFC-LeaderElection32] INFO  server.RaftServerConfigKeys (ConfUtils.java:logGet(46)) - raft.server.write.element-limit = 1024 (custom)
2023-06-02 20:40:44,327 [8f90378c-2071-462d-9a04-80510992f21c@group-EC07C2C94AFC-LeaderElection32] INFO  server.RaftServerConfigKeys (ConfUtils.java:logGet(46)) - raft.server.write.follower.gap.ratio.max = -1.0 (default)
2023-06-02 20:40:44,327 [8f90378c-2071-462d-9a04-80510992f21c@group-EC07C2C94AFC-LeaderElection32] INFO  impl.RoleInfo (RoleInfo.java:updateAndGet(139)) - 8f90378c-2071-462d-9a04-80510992f21c: start 8f90378c-2071-462d-9a04-80510992f21c@group-EC07C2C94AFC-LeaderStateImpl
2023-06-02 20:40:44,328 [8f90378c-2071-462d-9a04-80510992f21c@group-EC07C2C94AFC-LeaderElection32] INFO  segmented.SegmentedRaftLogWorker (SegmentedRaftLogWorker.java:startLogSegment(447)) - 8f90378c-2071-462d-9a04-80510992f21c@group-EC07C2C94AFC-SegmentedRaftLogWorker: Starting segment from index:0
2023-06-02 20:40:44,328 [8f90378c-2071-462d-9a04-80510992f21c@group-EC07C2C94AFC-LeaderElection32] INFO  server.RaftServer$Division (ServerState.java:setRaftConf(434)) - 8f90378c-2071-462d-9a04-80510992f21c@group-EC07C2C94AFC: set configuration 0: peers:[8f90378c-2071-462d-9a04-80510992f21c|rpc:10.1.0.31:15122|admin:10.1.0.31:15121|client:10.1.0.31:15120|dataStream:10.1.0.31:15123|priority:1|startupRole:FOLLOWER]|listeners:[], old=null
2023-06-02 20:40:44,330 [8f90378c-2071-462d-9a04-80510992f21c@group-EC07C2C94AFC-SegmentedRaftLogWorker] INFO  segmented.SegmentedRaftLogWorker (SegmentedRaftLogWorker.java:execute(651)) - 8f90378c-2071-462d-9a04-80510992f21c@group-EC07C2C94AFC-SegmentedRaftLogWorker: created new log segment /home/runner/work/ozone/ozone/hadoop-ozone/integration-test/target/test-dir/MiniOzoneClusterImpl-5ac0c7d5-b38a-4534-ae70-3109b4fe19c6/datanode-12/data/ratis/836a44ad-ec31-4e27-88b2-ec07c2c94afc/current/log_inprogress_0
2023-06-02 20:40:44,728 [e2046f02-5b0f-4721-8967-351bc4e74694@group-9EC81E10122D-FollowerState] INFO  impl.FollowerState (FollowerState.java:run(143)) - e2046f02-5b0f-4721-8967-351bc4e74694@group-9EC81E10122D-FollowerState: change to CANDIDATE, lastRpcElapsedTime:5012350813ns, electionTimeout:5008ms
2023-06-02 20:40:44,729 [e2046f02-5b0f-4721-8967-351bc4e74694@group-9EC81E10122D-FollowerState] INFO  impl.RoleInfo (RoleInfo.java:shutdownFollowerState(110)) - e2046f02-5b0f-4721-8967-351bc4e74694: shutdown e2046f02-5b0f-4721-8967-351bc4e74694@group-9EC81E10122D-FollowerState
2023-06-02 20:40:44,729 [e2046f02-5b0f-4721-8967-351bc4e74694@group-9EC81E10122D-FollowerState] INFO  server.RaftServer$Division (RaftServerImpl.java:setRole(329)) - e2046f02-5b0f-4721-8967-351bc4e74694@group-9EC81E10122D: changes role from  FOLLOWER to CANDIDATE at term 0 for changeToCandidate
2023-06-02 20:40:44,729 [e2046f02-5b0f-4721-8967-351bc4e74694@group-9EC81E10122D-FollowerState] INFO  server.RaftServerConfigKeys (ConfUtils.java:logGet(46)) - raft.server.leaderelection.pre-vote = true (default)
2023-06-02 20:40:44,729 [e2046f02-5b0f-4721-8967-351bc4e74694@group-9EC81E10122D-FollowerState] INFO  impl.RoleInfo (RoleInfo.java:updateAndGet(139)) - e2046f02-5b0f-4721-8967-351bc4e74694: start e2046f02-5b0f-4721-8967-351bc4e74694@group-9EC81E10122D-LeaderElection33
2023-06-02 20:40:44,730 [e2046f02-5b0f-4721-8967-351bc4e74694@group-9EC81E10122D-LeaderElection33] INFO  impl.LeaderElection (LeaderElection.java:askForVotes(321)) - e2046f02-5b0f-4721-8967-351bc4e74694@group-9EC81E10122D-LeaderElection33 PRE_VOTE round 0: submit vote requests at term 0 for -1: peers:[e2046f02-5b0f-4721-8967-351bc4e74694|rpc:10.1.0.31:15131|admin:10.1.0.31:15130|client:10.1.0.31:15129|dataStream:10.1.0.31:15132|priority:1|startupRole:FOLLOWER]|listeners:[], old=null
2023-06-02 20:40:44,730 [e2046f02-5b0f-4721-8967-351bc4e74694@group-9EC81E10122D-LeaderElection33] INFO  impl.LeaderElection (LeaderElection.java:askForVotes(323)) - e2046f02-5b0f-4721-8967-351bc4e74694@group-9EC81E10122D-LeaderElection33 PRE_VOTE round 0: result PASSED (term=0)
2023-06-02 20:40:44,732 [e2046f02-5b0f-4721-8967-351bc4e74694@group-9EC81E10122D-LeaderElection33] INFO  impl.LeaderElection (LeaderElection.java:askForVotes(321)) - e2046f02-5b0f-4721-8967-351bc4e74694@group-9EC81E10122D-LeaderElection33 ELECTION round 0: submit vote requests at term 1 for -1: peers:[e2046f02-5b0f-4721-8967-351bc4e74694|rpc:10.1.0.31:15131|admin:10.1.0.31:15130|client:10.1.0.31:15129|dataStream:10.1.0.31:15132|priority:1|startupRole:FOLLOWER]|listeners:[], old=null
2023-06-02 20:40:44,732 [e2046f02-5b0f-4721-8967-351bc4e74694@group-9EC81E10122D-LeaderElection33] INFO  impl.LeaderElection (LeaderElection.java:askForVotes(323)) - e2046f02-5b0f-4721-8967-351bc4e74694@group-9EC81E10122D-LeaderElection33 ELECTION round 0: result PASSED (term=1)
2023-06-02 20:40:44,732 [e2046f02-5b0f-4721-8967-351bc4e74694@group-9EC81E10122D-LeaderElection33] INFO  impl.RoleInfo (RoleInfo.java:shutdownLeaderElection(130)) - e2046f02-5b0f-4721-8967-351bc4e74694: shutdown e2046f02-5b0f-4721-8967-351bc4e74694@group-9EC81E10122D-LeaderElection33
2023-06-02 20:40:44,732 [e2046f02-5b0f-4721-8967-351bc4e74694@group-9EC81E10122D-LeaderElection33] INFO  server.RaftServer$Division (RaftServerImpl.java:setRole(329)) - e2046f02-5b0f-4721-8967-351bc4e74694@group-9EC81E10122D: changes role from CANDIDATE to LEADER at term 1 for changeToLeader
2023-06-02 20:40:44,732 [e2046f02-5b0f-4721-8967-351bc4e74694@group-9EC81E10122D-LeaderElection33] INFO  ratis.XceiverServerRatis (XceiverServerRatis.java:handleLeaderChangedNotification(902)) - Leader change notification received for group: group-9EC81E10122D with new leaderId: e2046f02-5b0f-4721-8967-351bc4e74694
2023-06-02 20:40:44,732 [e2046f02-5b0f-4721-8967-351bc4e74694@group-9EC81E10122D-LeaderElection33] INFO  server.RaftServer$Division (ServerState.java:setLeader(317)) - e2046f02-5b0f-4721-8967-351bc4e74694@group-9EC81E10122D: change Leader from null to e2046f02-5b0f-4721-8967-351bc4e74694 at term 1 for becomeLeader, leader elected after 5065ms
2023-06-02 20:40:44,733 [e2046f02-5b0f-4721-8967-351bc4e74694@group-9EC81E10122D-LeaderElection33] INFO  server.RaftServerConfigKeys (ConfUtils.java:logGet(46)) - raft.server.staging.catchup.gap = 1000 (default)
2023-06-02 20:40:44,733 [e2046f02-5b0f-4721-8967-351bc4e74694@group-9EC81E10122D-LeaderElection33] INFO  server.RaftServerConfigKeys (ConfUtils.java:logGet(46)) - raft.server.write.element-limit = 1024 (custom)
2023-06-02 20:40:44,733 [e2046f02-5b0f-4721-8967-351bc4e74694@group-9EC81E10122D-LeaderElection33] INFO  server.RaftServerConfigKeys (ConfUtils.java:logGet(46)) - raft.server.write.byte-limit = 1024 M (=1073741824) (custom)
2023-06-02 20:40:44,733 [e2046f02-5b0f-4721-8967-351bc4e74694@group-9EC81E10122D-LeaderElection33] INFO  server.RaftServerConfigKeys (ConfUtils.java:logGet(46)) - raft.server.watch.timeout = 180s (custom)
2023-06-02 20:40:44,733 [e2046f02-5b0f-4721-8967-351bc4e74694@group-9EC81E10122D-LeaderElection33] INFO  server.RaftServerConfigKeys (ConfUtils.java:logGet(46)) - raft.server.watch.timeout.denomination = 1s (default)
2023-06-02 20:40:44,733 [e2046f02-5b0f-4721-8967-351bc4e74694@group-9EC81E10122D-LeaderElection33] INFO  server.RaftServerConfigKeys (ConfUtils.java:logGet(46)) - raft.server.watch.element-limit = 65536 (default)
2023-06-02 20:40:44,734 [e2046f02-5b0f-4721-8967-351bc4e74694@group-9EC81E10122D-LeaderElection33] INFO  server.RaftServerConfigKeys (ConfUtils.java:logGet(46)) - raft.server.write.element-limit = 1024 (custom)
2023-06-02 20:40:44,735 [e2046f02-5b0f-4721-8967-351bc4e74694@group-9EC81E10122D-LeaderElection33] INFO  server.RaftServerConfigKeys (ConfUtils.java:logGet(46)) - raft.server.write.follower.gap.ratio.max = -1.0 (default)
2023-06-02 20:40:44,735 [e2046f02-5b0f-4721-8967-351bc4e74694@group-9EC81E10122D-LeaderElection33] INFO  impl.RoleInfo (RoleInfo.java:updateAndGet(139)) - e2046f02-5b0f-4721-8967-351bc4e74694: start e2046f02-5b0f-4721-8967-351bc4e74694@group-9EC81E10122D-LeaderStateImpl
2023-06-02 20:40:44,735 [e2046f02-5b0f-4721-8967-351bc4e74694@group-9EC81E10122D-LeaderElection33] INFO  segmented.SegmentedRaftLogWorker (SegmentedRaftLogWorker.java:startLogSegment(447)) - e2046f02-5b0f-4721-8967-351bc4e74694@group-9EC81E10122D-SegmentedRaftLogWorker: Starting segment from index:0
2023-06-02 20:40:44,736 [e2046f02-5b0f-4721-8967-351bc4e74694@group-9EC81E10122D-LeaderElection33] INFO  server.RaftServer$Division (ServerState.java:setRaftConf(434)) - e2046f02-5b0f-4721-8967-351bc4e74694@group-9EC81E10122D: set configuration 0: peers:[e2046f02-5b0f-4721-8967-351bc4e74694|rpc:10.1.0.31:15131|admin:10.1.0.31:15130|client:10.1.0.31:15129|dataStream:10.1.0.31:15132|priority:1|startupRole:FOLLOWER]|listeners:[], old=null
2023-06-02 20:40:44,737 [e2046f02-5b0f-4721-8967-351bc4e74694@group-9EC81E10122D-SegmentedRaftLogWorker] INFO  segmented.SegmentedRaftLogWorker (SegmentedRaftLogWorker.java:execute(651)) - e2046f02-5b0f-4721-8967-351bc4e74694@group-9EC81E10122D-SegmentedRaftLogWorker: created new log segment /home/runner/work/ozone/ozone/hadoop-ozone/integration-test/target/test-dir/MiniOzoneClusterImpl-5ac0c7d5-b38a-4534-ae70-3109b4fe19c6/datanode-13/data/ratis/74d3c2fa-2030-4e37-886c-9ec81e10122d/current/log_inprogress_0
]]></system-out>
  </testcase>
  <testcase name="bucketUsedBytesOverWrite(BucketLayout)[2]" classname="org.apache.hadoop.ozone.client.rpc.TestSecureOzoneRpcClient" time="0.175">
    <system-out><![CDATA[2023-06-02 20:40:53,812 [main] INFO  rpc.RpcClient (RpcClient.java:createVolume(459)) - Creating Volume: 078fa05a-46d9-4539-b658-bf5728fdb209, with runner as owner and space quota set to -1 bytes, counts quota set to -1
2023-06-02 20:40:53,817 [OM StateMachine ApplyTransaction Thread - 0] INFO  volume.OMVolumeCreateRequest (OMVolumeCreateRequest.java:validateAndUpdateCache(196)) - created volume:078fa05a-46d9-4539-b658-bf5728fdb209 for user:runner
2023-06-02 20:40:53,824 [main] INFO  rpc.RpcClient (RpcClient.java:createBucket(686)) - Creating Bucket: 078fa05a-46d9-4539-b658-bf5728fdb209/53f87515-5c19-459a-99e7-70fad38ecc6a, with bucket layout LEGACY, runner as owner, Versioning true, Storage Type set to DISK and Encryption set to false, Replication Type set to server-side default replication type, Namespace Quota set to -1, Space Quota set to -1 
2023-06-02 20:40:53,829 [OM StateMachine ApplyTransaction Thread - 0] INFO  bucket.OMBucketCreateRequest (OMBucketCreateRequest.java:validateAndUpdateCache(270)) - created bucket: 53f87515-5c19-459a-99e7-70fad38ecc6a of layout LEGACY in volume: 078fa05a-46d9-4539-b658-bf5728fdb209
]]></system-out>
  </testcase>
  <testcase name="bucketUsedBytesOverWrite(BucketLayout)[3]" classname="org.apache.hadoop.ozone.client.rpc.TestSecureOzoneRpcClient" time="0.236">
    <system-out><![CDATA[2023-06-02 20:40:53,985 [main] INFO  rpc.RpcClient (RpcClient.java:createVolume(459)) - Creating Volume: 86b2d145-29b8-4196-aad0-c927a1070325, with runner as owner and space quota set to -1 bytes, counts quota set to -1
2023-06-02 20:40:53,991 [OM StateMachine ApplyTransaction Thread - 0] INFO  volume.OMVolumeCreateRequest (OMVolumeCreateRequest.java:validateAndUpdateCache(196)) - created volume:86b2d145-29b8-4196-aad0-c927a1070325 for user:runner
2023-06-02 20:40:53,995 [main] INFO  rpc.RpcClient (RpcClient.java:createBucket(686)) - Creating Bucket: 86b2d145-29b8-4196-aad0-c927a1070325/167a9430-957d-4046-8eb3-3058a8ffc61a, with bucket layout FILE_SYSTEM_OPTIMIZED, runner as owner, Versioning true, Storage Type set to DISK and Encryption set to false, Replication Type set to server-side default replication type, Namespace Quota set to -1, Space Quota set to -1 
2023-06-02 20:40:54,000 [OM StateMachine ApplyTransaction Thread - 0] INFO  bucket.OMBucketCreateRequest (OMBucketCreateRequest.java:validateAndUpdateCache(270)) - created bucket: 167a9430-957d-4046-8eb3-3058a8ffc61a of layout FILE_SYSTEM_OPTIMIZED in volume: 86b2d145-29b8-4196-aad0-c927a1070325
]]></system-out>
  </testcase>
  <testcase name="testAbortUploadFail" classname="org.apache.hadoop.ozone.client.rpc.TestSecureOzoneRpcClient" time="0.048">
    <system-out><![CDATA[2023-06-02 20:40:54,224 [main] INFO  rpc.RpcClient (RpcClient.java:createVolume(459)) - Creating Volume: adf881c5-902e-42cc-b316-b46a771ad913, with runner as owner and space quota set to -1 bytes, counts quota set to -1
2023-06-02 20:40:54,227 [OM StateMachine ApplyTransaction Thread - 0] INFO  volume.OMVolumeCreateRequest (OMVolumeCreateRequest.java:validateAndUpdateCache(196)) - created volume:adf881c5-902e-42cc-b316-b46a771ad913 for user:runner
2023-06-02 20:40:54,230 [main] INFO  rpc.RpcClient (RpcClient.java:createBucket(686)) - Creating Bucket: adf881c5-902e-42cc-b316-b46a771ad913/5edde29f-30a3-424e-9b99-2db59beebf23, with server-side default bucket layout, runner as owner, Versioning false, Storage Type set to DISK and Encryption set to false, Replication Type set to server-side default replication type, Namespace Quota set to -1, Space Quota set to -1 
2023-06-02 20:40:54,234 [OM StateMachine ApplyTransaction Thread - 0] INFO  bucket.OMBucketCreateRequest (OMBucketCreateRequest.java:validateAndUpdateCache(270)) - created bucket: 5edde29f-30a3-424e-9b99-2db59beebf23 of layout OBJECT_STORE in volume: adf881c5-902e-42cc-b316-b46a771ad913
20:40:54.250 [OM StateMachine ApplyTransaction Thread - 0] ERROR OMAudit - user=runner | ip=127.0.0.1 | op=ABORT_MULTIPART_UPLOAD {volume=adf881c5-902e-42cc-b316-b46a771ad913, bucket=5edde29f-30a3-424e-9b99-2db59beebf23, key=39b39b4c-fb39-40a2-b4e0-efa8274e65e6, dataSize=0, replicationType=NONE, replicationFactor=ZERO} | ret=FAILURE
org.apache.hadoop.ozone.om.exceptions.OMException: Abort Multipart Upload Failed: volume: adf881c5-902e-42cc-b316-b46a771ad913bucket: 5edde29f-30a3-424e-9b99-2db59beebf23key: 39b39b4c-fb39-40a2-b4e0-efa8274e65e6
	at org.apache.hadoop.ozone.om.request.s3.multipart.S3MultipartUploadAbortRequest.validateAndUpdateCache(S3MultipartUploadAbortRequest.java:159) ~[ozone-manager-1.4.0-SNAPSHOT.jar:?]
	at org.apache.hadoop.ozone.protocolPB.OzoneManagerRequestHandler.handleWriteRequest(OzoneManagerRequestHandler.java:338) ~[ozone-manager-1.4.0-SNAPSHOT.jar:?]
	at org.apache.hadoop.ozone.om.ratis.OzoneManagerStateMachine.runCommand(OzoneManagerStateMachine.java:567) ~[ozone-manager-1.4.0-SNAPSHOT.jar:?]
	at org.apache.hadoop.ozone.om.ratis.OzoneManagerStateMachine.lambda$1(OzoneManagerStateMachine.java:358) ~[ozone-manager-1.4.0-SNAPSHOT.jar:?]
	at java.util.concurrent.CompletableFuture$AsyncSupply.run(CompletableFuture.java:1604) [?:1.8.0_372]
	at java.util.concurrent.ThreadPoolExecutor.runWorker(ThreadPoolExecutor.java:1149) [?:1.8.0_372]
	at java.util.concurrent.ThreadPoolExecutor$Worker.run(ThreadPoolExecutor.java:624) [?:1.8.0_372]
	at java.lang.Thread.run(Thread.java:750) [?:1.8.0_372]
2023-06-02 20:40:54,268 [OM StateMachine ApplyTransaction Thread - 0] ERROR multipart.S3MultipartUploadAbortRequest (S3MultipartUploadAbortRequest.java:validateAndUpdateCache(218)) - Abort Multipart request is failed for KeyName 39b39b4c-fb39-40a2-b4e0-efa8274e65e6 in VolumeName/Bucket adf881c5-902e-42cc-b316-b46a771ad913/5edde29f-30a3-424e-9b99-2db59beebf23
NO_SUCH_MULTIPART_UPLOAD_ERROR org.apache.hadoop.ozone.om.exceptions.OMException: Abort Multipart Upload Failed: volume: adf881c5-902e-42cc-b316-b46a771ad913bucket: 5edde29f-30a3-424e-9b99-2db59beebf23key: 39b39b4c-fb39-40a2-b4e0-efa8274e65e6
	at org.apache.hadoop.ozone.om.request.s3.multipart.S3MultipartUploadAbortRequest.validateAndUpdateCache(S3MultipartUploadAbortRequest.java:159)
	at org.apache.hadoop.ozone.protocolPB.OzoneManagerRequestHandler.handleWriteRequest(OzoneManagerRequestHandler.java:338)
	at org.apache.hadoop.ozone.om.ratis.OzoneManagerStateMachine.runCommand(OzoneManagerStateMachine.java:567)
	at org.apache.hadoop.ozone.om.ratis.OzoneManagerStateMachine.lambda$1(OzoneManagerStateMachine.java:358)
	at java.util.concurrent.CompletableFuture$AsyncSupply.run(CompletableFuture.java:1604)
	at java.util.concurrent.ThreadPoolExecutor.runWorker(ThreadPoolExecutor.java:1149)
	at java.util.concurrent.ThreadPoolExecutor$Worker.run(ThreadPoolExecutor.java:624)
	at java.lang.Thread.run(Thread.java:750)
]]></system-out>
  </testcase>
  <testcase name="testAbortUploadFailWithInProgressPartUpload" classname="org.apache.hadoop.ozone.client.rpc.TestSecureOzoneRpcClient" time="0.106">
    <system-out><![CDATA[2023-06-02 20:40:54,273 [main] INFO  rpc.RpcClient (RpcClient.java:createVolume(459)) - Creating Volume: 66983cb8-7ed7-42b1-b0c0-5d1dc83ea376, with runner as owner and space quota set to -1 bytes, counts quota set to -1
2023-06-02 20:40:54,278 [OM StateMachine ApplyTransaction Thread - 0] INFO  volume.OMVolumeCreateRequest (OMVolumeCreateRequest.java:validateAndUpdateCache(196)) - created volume:66983cb8-7ed7-42b1-b0c0-5d1dc83ea376 for user:runner
2023-06-02 20:40:54,281 [main] INFO  rpc.RpcClient (RpcClient.java:createBucket(686)) - Creating Bucket: 66983cb8-7ed7-42b1-b0c0-5d1dc83ea376/7656414f-2ef7-4b18-bab8-33a653992344, with server-side default bucket layout, runner as owner, Versioning false, Storage Type set to DISK and Encryption set to false, Replication Type set to server-side default replication type, Namespace Quota set to -1, Space Quota set to -1 
2023-06-02 20:40:54,284 [OM StateMachine ApplyTransaction Thread - 0] INFO  bucket.OMBucketCreateRequest (OMBucketCreateRequest.java:validateAndUpdateCache(270)) - created bucket: 7656414f-2ef7-4b18-bab8-33a653992344 of layout OBJECT_STORE in volume: 66983cb8-7ed7-42b1-b0c0-5d1dc83ea376
20:40:54.375 [OM StateMachine ApplyTransaction Thread - 0] ERROR OMAudit - user=runner | ip=127.0.0.1 | op=COMMIT_MULTIPART_UPLOAD_PARTKEY {volume=66983cb8-7ed7-42b1-b0c0-5d1dc83ea376, bucket=7656414f-2ef7-4b18-bab8-33a653992344, key=91fa8a27-53ec-40e9-b955-ba8f7a0c9ff0, dataSize=4, replicationType=NONE, replicationFactor=ZERO, partNumber=1, partName=/66983cb8-7ed7-42b1-b0c0-5d1dc83ea376/7656414f-2ef7-4b18-bab8-33a653992344/91fa8a27-53ec-40e9-b955-ba8f7a0c9ff0-fe0fbf76-900c-4ab0-b08c-735425f7309d-110476555340808199-1} | ret=FAILURE
org.apache.hadoop.ozone.om.exceptions.OMException: No such Multipart upload is with specified uploadId fe0fbf76-900c-4ab0-b08c-735425f7309d-110476555340808199
	at org.apache.hadoop.ozone.om.request.s3.multipart.S3MultipartUploadCommitPartRequest.validateAndUpdateCache(S3MultipartUploadCommitPartRequest.java:188) ~[ozone-manager-1.4.0-SNAPSHOT.jar:?]
	at org.apache.hadoop.ozone.protocolPB.OzoneManagerRequestHandler.handleWriteRequest(OzoneManagerRequestHandler.java:338) ~[ozone-manager-1.4.0-SNAPSHOT.jar:?]
	at org.apache.hadoop.ozone.om.ratis.OzoneManagerStateMachine.runCommand(OzoneManagerStateMachine.java:567) ~[ozone-manager-1.4.0-SNAPSHOT.jar:?]
	at org.apache.hadoop.ozone.om.ratis.OzoneManagerStateMachine.lambda$1(OzoneManagerStateMachine.java:358) ~[ozone-manager-1.4.0-SNAPSHOT.jar:?]
	at java.util.concurrent.CompletableFuture$AsyncSupply.run(CompletableFuture.java:1604) [?:1.8.0_372]
	at java.util.concurrent.ThreadPoolExecutor.runWorker(ThreadPoolExecutor.java:1149) [?:1.8.0_372]
	at java.util.concurrent.ThreadPoolExecutor$Worker.run(ThreadPoolExecutor.java:624) [?:1.8.0_372]
	at java.lang.Thread.run(Thread.java:750) [?:1.8.0_372]
2023-06-02 20:40:54,376 [OM StateMachine ApplyTransaction Thread - 0] ERROR multipart.S3MultipartUploadCommitPartRequest (S3MultipartUploadCommitPartRequest.java:logResult(327)) - MultipartUpload Commit is failed for Key:91fa8a27-53ec-40e9-b955-ba8f7a0c9ff0 in Volume/Bucket 66983cb8-7ed7-42b1-b0c0-5d1dc83ea376/7656414f-2ef7-4b18-bab8-33a653992344
NO_SUCH_MULTIPART_UPLOAD_ERROR org.apache.hadoop.ozone.om.exceptions.OMException: No such Multipart upload is with specified uploadId fe0fbf76-900c-4ab0-b08c-735425f7309d-110476555340808199
	at org.apache.hadoop.ozone.om.request.s3.multipart.S3MultipartUploadCommitPartRequest.validateAndUpdateCache(S3MultipartUploadCommitPartRequest.java:188)
	at org.apache.hadoop.ozone.protocolPB.OzoneManagerRequestHandler.handleWriteRequest(OzoneManagerRequestHandler.java:338)
	at org.apache.hadoop.ozone.om.ratis.OzoneManagerStateMachine.runCommand(OzoneManagerStateMachine.java:567)
	at org.apache.hadoop.ozone.om.ratis.OzoneManagerStateMachine.lambda$1(OzoneManagerStateMachine.java:358)
	at java.util.concurrent.CompletableFuture$AsyncSupply.run(CompletableFuture.java:1604)
	at java.util.concurrent.ThreadPoolExecutor.runWorker(ThreadPoolExecutor.java:1149)
	at java.util.concurrent.ThreadPoolExecutor$Worker.run(ThreadPoolExecutor.java:624)
	at java.lang.Thread.run(Thread.java:750)
]]></system-out>
  </testcase>
  <testcase name="testAbortUploadSuccessWithOutAnyParts" classname="org.apache.hadoop.ozone.client.rpc.TestSecureOzoneRpcClient" time="0.024">
    <system-out><![CDATA[2023-06-02 20:40:54,380 [main] INFO  rpc.RpcClient (RpcClient.java:createVolume(459)) - Creating Volume: 8e4bf8f2-907e-40aa-8d20-1ae39804ab88, with runner as owner and space quota set to -1 bytes, counts quota set to -1
2023-06-02 20:40:54,386 [OM StateMachine ApplyTransaction Thread - 0] INFO  volume.OMVolumeCreateRequest (OMVolumeCreateRequest.java:validateAndUpdateCache(196)) - created volume:8e4bf8f2-907e-40aa-8d20-1ae39804ab88 for user:runner
2023-06-02 20:40:54,389 [main] INFO  rpc.RpcClient (RpcClient.java:createBucket(686)) - Creating Bucket: 8e4bf8f2-907e-40aa-8d20-1ae39804ab88/bad8ffd9-9314-4e54-beb9-e00c9aa44bdd, with server-side default bucket layout, runner as owner, Versioning false, Storage Type set to DISK and Encryption set to false, Replication Type set to server-side default replication type, Namespace Quota set to -1, Space Quota set to -1 
2023-06-02 20:40:54,392 [OM StateMachine ApplyTransaction Thread - 0] INFO  bucket.OMBucketCreateRequest (OMBucketCreateRequest.java:validateAndUpdateCache(270)) - created bucket: bad8ffd9-9314-4e54-beb9-e00c9aa44bdd of layout OBJECT_STORE in volume: 8e4bf8f2-907e-40aa-8d20-1ae39804ab88
]]></system-out>
  </testcase>
  <testcase name="testAbortUploadSuccessWithParts" classname="org.apache.hadoop.ozone.client.rpc.TestSecureOzoneRpcClient" time="0.106">
    <system-out><![CDATA[2023-06-02 20:40:54,405 [main] INFO  rpc.RpcClient (RpcClient.java:createVolume(459)) - Creating Volume: 488ea1eb-e97b-404b-a268-968bad344ff2, with runner as owner and space quota set to -1 bytes, counts quota set to -1
2023-06-02 20:40:54,408 [OM StateMachine ApplyTransaction Thread - 0] INFO  volume.OMVolumeCreateRequest (OMVolumeCreateRequest.java:validateAndUpdateCache(196)) - created volume:488ea1eb-e97b-404b-a268-968bad344ff2 for user:runner
2023-06-02 20:40:54,410 [main] INFO  rpc.RpcClient (RpcClient.java:createBucket(686)) - Creating Bucket: 488ea1eb-e97b-404b-a268-968bad344ff2/650225de-cd6e-4a2f-9d0a-77ade20bff13, with server-side default bucket layout, runner as owner, Versioning false, Storage Type set to DISK and Encryption set to false, Replication Type set to server-side default replication type, Namespace Quota set to -1, Space Quota set to -1 
2023-06-02 20:40:54,413 [OM StateMachine ApplyTransaction Thread - 0] INFO  bucket.OMBucketCreateRequest (OMBucketCreateRequest.java:validateAndUpdateCache(270)) - created bucket: 650225de-cd6e-4a2f-9d0a-77ade20bff13 of layout OBJECT_STORE in volume: 488ea1eb-e97b-404b-a268-968bad344ff2
]]></system-out>
  </testcase>
  <testcase name="testAclsAfterCallingSetBucketProperty" classname="org.apache.hadoop.ozone.client.rpc.TestSecureOzoneRpcClient" time="0.054">
    <system-out><![CDATA[2023-06-02 20:40:54,512 [main] INFO  rpc.RpcClient (RpcClient.java:createVolume(459)) - Creating Volume: f829af63-09b5-4d7e-ba75-89b9cf3ef579, with runner as owner and space quota set to -1 bytes, counts quota set to -1
2023-06-02 20:40:54,516 [OM StateMachine ApplyTransaction Thread - 0] INFO  volume.OMVolumeCreateRequest (OMVolumeCreateRequest.java:validateAndUpdateCache(196)) - created volume:f829af63-09b5-4d7e-ba75-89b9cf3ef579 for user:runner
2023-06-02 20:40:54,518 [main] INFO  rpc.RpcClient (RpcClient.java:createBucket(686)) - Creating Bucket: f829af63-09b5-4d7e-ba75-89b9cf3ef579/07866b4f-ea89-4bfd-ad8f-9112de102675, with server-side default bucket layout, runner as owner, Versioning false, Storage Type set to DISK and Encryption set to false, Replication Type set to server-side default replication type, Namespace Quota set to -1, Space Quota set to -1 
2023-06-02 20:40:54,525 [OM StateMachine ApplyTransaction Thread - 0] INFO  bucket.OMBucketCreateRequest (OMBucketCreateRequest.java:validateAndUpdateCache(270)) - created bucket: 07866b4f-ea89-4bfd-ad8f-9112de102675 of layout OBJECT_STORE in volume: f829af63-09b5-4d7e-ba75-89b9cf3ef579
]]></system-out>
  </testcase>
  <testcase name="testAddBucketAcl" classname="org.apache.hadoop.ozone.client.rpc.TestSecureOzoneRpcClient" time="0.037">
    <system-out><![CDATA[2023-06-02 20:40:54,568 [main] INFO  rpc.RpcClient (RpcClient.java:createVolume(459)) - Creating Volume: 75cde4f7-7d15-4be0-8aa4-820f7271f60b, with runner as owner and space quota set to -1 bytes, counts quota set to -1
2023-06-02 20:40:54,572 [OM StateMachine ApplyTransaction Thread - 0] INFO  volume.OMVolumeCreateRequest (OMVolumeCreateRequest.java:validateAndUpdateCache(196)) - created volume:75cde4f7-7d15-4be0-8aa4-820f7271f60b for user:runner
2023-06-02 20:40:54,577 [main] INFO  rpc.RpcClient (RpcClient.java:createBucket(686)) - Creating Bucket: 75cde4f7-7d15-4be0-8aa4-820f7271f60b/4f575780-7214-4f5a-b1a1-0edf8cfadfc8, with server-side default bucket layout, runner as owner, Versioning false, Storage Type set to DISK and Encryption set to false, Replication Type set to server-side default replication type, Namespace Quota set to -1, Space Quota set to -1 
2023-06-02 20:40:54,580 [OM StateMachine ApplyTransaction Thread - 0] INFO  bucket.OMBucketCreateRequest (OMBucketCreateRequest.java:validateAndUpdateCache(270)) - created bucket: 4f575780-7214-4f5a-b1a1-0edf8cfadfc8 of layout OBJECT_STORE in volume: 75cde4f7-7d15-4be0-8aa4-820f7271f60b
]]></system-out>
  </testcase>
  <testcase name="testBucketQuota(ReplicationConfig)[1]" classname="org.apache.hadoop.ozone.client.rpc.TestSecureOzoneRpcClient" time="0.879">
    <system-out><![CDATA[2023-06-02 20:40:54,607 [main] INFO  rpc.RpcClient (RpcClient.java:createVolume(459)) - Creating Volume: a109e345-ed48-4e4c-9182-3eb2d147acd4, with runner as owner and space quota set to -1 bytes, counts quota set to -1
2023-06-02 20:40:54,613 [OM StateMachine ApplyTransaction Thread - 0] INFO  volume.OMVolumeCreateRequest (OMVolumeCreateRequest.java:validateAndUpdateCache(196)) - created volume:a109e345-ed48-4e4c-9182-3eb2d147acd4 for user:runner
2023-06-02 20:40:54,616 [main] INFO  rpc.RpcClient (RpcClient.java:createBucket(686)) - Creating Bucket: a109e345-ed48-4e4c-9182-3eb2d147acd4/d280a174-061d-4500-9b9d-daf20cd36817, with server-side default bucket layout, runner as owner, Versioning false, Storage Type set to DISK and Encryption set to false, Replication Type set to server-side default replication type, Namespace Quota set to -1, Space Quota set to -1 
2023-06-02 20:40:54,619 [OM StateMachine ApplyTransaction Thread - 0] INFO  bucket.OMBucketCreateRequest (OMBucketCreateRequest.java:validateAndUpdateCache(270)) - created bucket: d280a174-061d-4500-9b9d-daf20cd36817 of layout OBJECT_STORE in volume: a109e345-ed48-4e4c-9182-3eb2d147acd4
2023-06-02 20:40:54,685 [main] INFO  rpc.RpcClient (RpcClient.java:createVolume(459)) - Creating Volume: d50f514f-26ed-4dbf-94d7-dca7c1422278, with runner as owner and space quota set to -1 bytes, counts quota set to -1
2023-06-02 20:40:54,689 [OM StateMachine ApplyTransaction Thread - 0] INFO  volume.OMVolumeCreateRequest (OMVolumeCreateRequest.java:validateAndUpdateCache(196)) - created volume:d50f514f-26ed-4dbf-94d7-dca7c1422278 for user:runner
2023-06-02 20:40:54,691 [main] INFO  rpc.RpcClient (RpcClient.java:createBucket(686)) - Creating Bucket: d50f514f-26ed-4dbf-94d7-dca7c1422278/51ad172f-1c22-45db-9130-9abab85d30a2, with server-side default bucket layout, runner as owner, Versioning false, Storage Type set to DISK and Encryption set to false, Replication Type set to server-side default replication type, Namespace Quota set to -1, Space Quota set to -1 
2023-06-02 20:40:54,695 [OM StateMachine ApplyTransaction Thread - 0] INFO  bucket.OMBucketCreateRequest (OMBucketCreateRequest.java:validateAndUpdateCache(270)) - created bucket: 51ad172f-1c22-45db-9130-9abab85d30a2 of layout OBJECT_STORE in volume: d50f514f-26ed-4dbf-94d7-dca7c1422278
2023-06-02 20:40:54,857 [main] INFO  rpc.RpcClient (RpcClient.java:createVolume(459)) - Creating Volume: a5bcda55-6e18-4b78-b4cc-1e3181151576, with runner as owner and space quota set to -1 bytes, counts quota set to -1
2023-06-02 20:40:54,860 [OM StateMachine ApplyTransaction Thread - 0] INFO  volume.OMVolumeCreateRequest (OMVolumeCreateRequest.java:validateAndUpdateCache(196)) - created volume:a5bcda55-6e18-4b78-b4cc-1e3181151576 for user:runner
2023-06-02 20:40:54,862 [main] INFO  rpc.RpcClient (RpcClient.java:createBucket(686)) - Creating Bucket: a5bcda55-6e18-4b78-b4cc-1e3181151576/6bc690f3-2c18-42d4-89a0-721bb80cc847, with server-side default bucket layout, runner as owner, Versioning false, Storage Type set to DISK and Encryption set to false, Replication Type set to server-side default replication type, Namespace Quota set to -1, Space Quota set to -1 
2023-06-02 20:40:54,865 [OM StateMachine ApplyTransaction Thread - 0] INFO  bucket.OMBucketCreateRequest (OMBucketCreateRequest.java:validateAndUpdateCache(270)) - created bucket: 6bc690f3-2c18-42d4-89a0-721bb80cc847 of layout OBJECT_STORE in volume: a5bcda55-6e18-4b78-b4cc-1e3181151576
2023-06-02 20:40:55,149 [main] INFO  rpc.RpcClient (RpcClient.java:createVolume(459)) - Creating Volume: a9d2f619-442a-4938-84ca-23a881e981be, with runner as owner and space quota set to -1 bytes, counts quota set to -1
2023-06-02 20:40:55,152 [OM StateMachine ApplyTransaction Thread - 0] INFO  volume.OMVolumeCreateRequest (OMVolumeCreateRequest.java:validateAndUpdateCache(196)) - created volume:a9d2f619-442a-4938-84ca-23a881e981be for user:runner
2023-06-02 20:40:55,154 [main] INFO  rpc.RpcClient (RpcClient.java:createBucket(686)) - Creating Bucket: a9d2f619-442a-4938-84ca-23a881e981be/a5a1352c-9a85-4a67-8008-7c9afd2703f4, with server-side default bucket layout, runner as owner, Versioning false, Storage Type set to DISK and Encryption set to false, Replication Type set to server-side default replication type, Namespace Quota set to -1, Space Quota set to -1 
2023-06-02 20:40:55,157 [OM StateMachine ApplyTransaction Thread - 0] INFO  bucket.OMBucketCreateRequest (OMBucketCreateRequest.java:validateAndUpdateCache(270)) - created bucket: a5a1352c-9a85-4a67-8008-7c9afd2703f4 of layout OBJECT_STORE in volume: a9d2f619-442a-4938-84ca-23a881e981be
]]></system-out>
  </testcase>
  <testcase name="testBucketQuota(ReplicationConfig)[2]" classname="org.apache.hadoop.ozone.client.rpc.TestSecureOzoneRpcClient" time="6.552">
    <system-out><![CDATA[2023-06-02 20:40:55,488 [main] INFO  rpc.RpcClient (RpcClient.java:createVolume(459)) - Creating Volume: 668e6abb-7588-496c-860d-e38baa926ef0, with runner as owner and space quota set to -1 bytes, counts quota set to -1
2023-06-02 20:40:55,491 [OM StateMachine ApplyTransaction Thread - 0] INFO  volume.OMVolumeCreateRequest (OMVolumeCreateRequest.java:validateAndUpdateCache(196)) - created volume:668e6abb-7588-496c-860d-e38baa926ef0 for user:runner
2023-06-02 20:40:55,494 [main] INFO  rpc.RpcClient (RpcClient.java:createBucket(686)) - Creating Bucket: 668e6abb-7588-496c-860d-e38baa926ef0/4dbc09f1-9a6a-4640-8c96-96a6725cf24b, with server-side default bucket layout, runner as owner, Versioning false, Storage Type set to DISK and Encryption set to false, Replication Type set to server-side default replication type, Namespace Quota set to -1, Space Quota set to -1 
2023-06-02 20:40:55,496 [OM StateMachine ApplyTransaction Thread - 0] INFO  bucket.OMBucketCreateRequest (OMBucketCreateRequest.java:validateAndUpdateCache(270)) - created bucket: 4dbc09f1-9a6a-4640-8c96-96a6725cf24b of layout OBJECT_STORE in volume: 668e6abb-7588-496c-860d-e38baa926ef0
2023-06-02 20:40:55,547 [main] INFO  rpc.RpcClient (RpcClient.java:createVolume(459)) - Creating Volume: 20ea4c20-ffea-4b68-a5cb-9da5e9e9b2f0, with runner as owner and space quota set to -1 bytes, counts quota set to -1
2023-06-02 20:40:55,550 [OM StateMachine ApplyTransaction Thread - 0] INFO  volume.OMVolumeCreateRequest (OMVolumeCreateRequest.java:validateAndUpdateCache(196)) - created volume:20ea4c20-ffea-4b68-a5cb-9da5e9e9b2f0 for user:runner
2023-06-02 20:40:55,552 [main] INFO  rpc.RpcClient (RpcClient.java:createBucket(686)) - Creating Bucket: 20ea4c20-ffea-4b68-a5cb-9da5e9e9b2f0/0bbf4e12-89cb-4e55-80ea-a03b579213c5, with server-side default bucket layout, runner as owner, Versioning false, Storage Type set to DISK and Encryption set to false, Replication Type set to server-side default replication type, Namespace Quota set to -1, Space Quota set to -1 
2023-06-02 20:40:55,555 [OM StateMachine ApplyTransaction Thread - 0] INFO  bucket.OMBucketCreateRequest (OMBucketCreateRequest.java:validateAndUpdateCache(270)) - created bucket: 0bbf4e12-89cb-4e55-80ea-a03b579213c5 of layout OBJECT_STORE in volume: 20ea4c20-ffea-4b68-a5cb-9da5e9e9b2f0
2023-06-02 20:40:55,818 [main] INFO  rpc.RpcClient (RpcClient.java:createVolume(459)) - Creating Volume: b8522d98-41b0-4cc0-adeb-973fc28a2d50, with runner as owner and space quota set to -1 bytes, counts quota set to -1
2023-06-02 20:40:55,821 [OM StateMachine ApplyTransaction Thread - 0] INFO  volume.OMVolumeCreateRequest (OMVolumeCreateRequest.java:validateAndUpdateCache(196)) - created volume:b8522d98-41b0-4cc0-adeb-973fc28a2d50 for user:runner
2023-06-02 20:40:55,823 [main] INFO  rpc.RpcClient (RpcClient.java:createBucket(686)) - Creating Bucket: b8522d98-41b0-4cc0-adeb-973fc28a2d50/fdcd1a9a-dafb-43bd-b5bb-3083e1beee37, with server-side default bucket layout, runner as owner, Versioning false, Storage Type set to DISK and Encryption set to false, Replication Type set to server-side default replication type, Namespace Quota set to -1, Space Quota set to -1 
2023-06-02 20:40:55,827 [OM StateMachine ApplyTransaction Thread - 0] INFO  bucket.OMBucketCreateRequest (OMBucketCreateRequest.java:validateAndUpdateCache(270)) - created bucket: fdcd1a9a-dafb-43bd-b5bb-3083e1beee37 of layout OBJECT_STORE in volume: b8522d98-41b0-4cc0-adeb-973fc28a2d50
2023-06-02 20:40:56,503 [main] INFO  rpc.RpcClient (RpcClient.java:createVolume(459)) - Creating Volume: 51db56d6-5ecd-4e98-a822-e913f7476b0f, with runner as owner and space quota set to -1 bytes, counts quota set to -1
2023-06-02 20:40:56,507 [OM StateMachine ApplyTransaction Thread - 0] INFO  volume.OMVolumeCreateRequest (OMVolumeCreateRequest.java:validateAndUpdateCache(196)) - created volume:51db56d6-5ecd-4e98-a822-e913f7476b0f for user:runner
2023-06-02 20:40:56,510 [main] INFO  rpc.RpcClient (RpcClient.java:createBucket(686)) - Creating Bucket: 51db56d6-5ecd-4e98-a822-e913f7476b0f/bedac037-7253-44fd-92ed-8f26ff0034fc, with server-side default bucket layout, runner as owner, Versioning false, Storage Type set to DISK and Encryption set to false, Replication Type set to server-side default replication type, Namespace Quota set to -1, Space Quota set to -1 
2023-06-02 20:40:56,513 [OM StateMachine ApplyTransaction Thread - 0] INFO  bucket.OMBucketCreateRequest (OMBucketCreateRequest.java:validateAndUpdateCache(270)) - created bucket: bedac037-7253-44fd-92ed-8f26ff0034fc of layout OBJECT_STORE in volume: 51db56d6-5ecd-4e98-a822-e913f7476b0f
2023-06-02 20:40:57,146 [main] INFO  rpc.RpcClient (RpcClient.java:createVolume(459)) - Creating Volume: 1889e829-c726-4305-aa2d-bfb15d3609fc, with runner as owner and space quota set to -1 bytes, counts quota set to -1
2023-06-02 20:40:57,149 [OM StateMachine ApplyTransaction Thread - 0] INFO  volume.OMVolumeCreateRequest (OMVolumeCreateRequest.java:validateAndUpdateCache(196)) - created volume:1889e829-c726-4305-aa2d-bfb15d3609fc for user:runner
2023-06-02 20:40:57,151 [main] INFO  rpc.RpcClient (RpcClient.java:createBucket(686)) - Creating Bucket: 1889e829-c726-4305-aa2d-bfb15d3609fc/2ae15f7d-24da-459b-b223-96631eab9261, with server-side default bucket layout, runner as owner, Versioning false, Storage Type set to DISK and Encryption set to false, Replication Type set to server-side default replication type, Namespace Quota set to -1, Space Quota set to -1 
2023-06-02 20:40:57,154 [OM StateMachine ApplyTransaction Thread - 0] INFO  bucket.OMBucketCreateRequest (OMBucketCreateRequest.java:validateAndUpdateCache(270)) - created bucket: 2ae15f7d-24da-459b-b223-96631eab9261 of layout OBJECT_STORE in volume: 1889e829-c726-4305-aa2d-bfb15d3609fc
2023-06-02 20:40:58,143 [main] INFO  rpc.RpcClient (RpcClient.java:createVolume(459)) - Creating Volume: 5d108bc6-0b76-4d04-8fe6-62e14f588d4a, with runner as owner and space quota set to -1 bytes, counts quota set to -1
2023-06-02 20:40:58,146 [OM StateMachine ApplyTransaction Thread - 0] INFO  volume.OMVolumeCreateRequest (OMVolumeCreateRequest.java:validateAndUpdateCache(196)) - created volume:5d108bc6-0b76-4d04-8fe6-62e14f588d4a for user:runner
2023-06-02 20:40:58,148 [main] INFO  rpc.RpcClient (RpcClient.java:createBucket(686)) - Creating Bucket: 5d108bc6-0b76-4d04-8fe6-62e14f588d4a/2c558ad8-977c-4f26-abd0-c53b3eb1bd93, with server-side default bucket layout, runner as owner, Versioning false, Storage Type set to DISK and Encryption set to false, Replication Type set to server-side default replication type, Namespace Quota set to -1, Space Quota set to -1 
2023-06-02 20:40:58,151 [OM StateMachine ApplyTransaction Thread - 0] INFO  bucket.OMBucketCreateRequest (OMBucketCreateRequest.java:validateAndUpdateCache(270)) - created bucket: 2c558ad8-977c-4f26-abd0-c53b3eb1bd93 of layout OBJECT_STORE in volume: 5d108bc6-0b76-4d04-8fe6-62e14f588d4a
2023-06-02 20:40:59,090 [main] INFO  rpc.RpcClient (RpcClient.java:createVolume(459)) - Creating Volume: eaee2cd1-a404-4692-8d98-c291f0c8b875, with runner as owner and space quota set to -1 bytes, counts quota set to -1
2023-06-02 20:40:59,094 [OM StateMachine ApplyTransaction Thread - 0] INFO  volume.OMVolumeCreateRequest (OMVolumeCreateRequest.java:validateAndUpdateCache(196)) - created volume:eaee2cd1-a404-4692-8d98-c291f0c8b875 for user:runner
2023-06-02 20:40:59,096 [main] INFO  rpc.RpcClient (RpcClient.java:createBucket(686)) - Creating Bucket: eaee2cd1-a404-4692-8d98-c291f0c8b875/c0aa9eee-1a16-4b83-827d-1d47e7479ac6, with server-side default bucket layout, runner as owner, Versioning false, Storage Type set to DISK and Encryption set to false, Replication Type set to server-side default replication type, Namespace Quota set to -1, Space Quota set to -1 
2023-06-02 20:40:59,099 [OM StateMachine ApplyTransaction Thread - 0] INFO  bucket.OMBucketCreateRequest (OMBucketCreateRequest.java:validateAndUpdateCache(270)) - created bucket: c0aa9eee-1a16-4b83-827d-1d47e7479ac6 of layout OBJECT_STORE in volume: eaee2cd1-a404-4692-8d98-c291f0c8b875
2023-06-02 20:41:00,760 [main] INFO  rpc.RpcClient (RpcClient.java:createVolume(459)) - Creating Volume: 22137024-2cca-40fa-a5e8-61ddba2a01b0, with runner as owner and space quota set to -1 bytes, counts quota set to -1
2023-06-02 20:41:00,763 [OM StateMachine ApplyTransaction Thread - 0] INFO  volume.OMVolumeCreateRequest (OMVolumeCreateRequest.java:validateAndUpdateCache(196)) - created volume:22137024-2cca-40fa-a5e8-61ddba2a01b0 for user:runner
2023-06-02 20:41:00,765 [main] INFO  rpc.RpcClient (RpcClient.java:createBucket(686)) - Creating Bucket: 22137024-2cca-40fa-a5e8-61ddba2a01b0/9edcfcc4-91dd-4cf3-a36e-ed1af82615a5, with server-side default bucket layout, runner as owner, Versioning false, Storage Type set to DISK and Encryption set to false, Replication Type set to server-side default replication type, Namespace Quota set to -1, Space Quota set to -1 
2023-06-02 20:41:00,768 [OM StateMachine ApplyTransaction Thread - 0] INFO  bucket.OMBucketCreateRequest (OMBucketCreateRequest.java:validateAndUpdateCache(270)) - created bucket: 9edcfcc4-91dd-4cf3-a36e-ed1af82615a5 of layout OBJECT_STORE in volume: 22137024-2cca-40fa-a5e8-61ddba2a01b0
]]></system-out>
  </testcase>
  <testcase name="testBucketQuota(ReplicationConfig)[3]" classname="org.apache.hadoop.ozone.client.rpc.TestSecureOzoneRpcClient" time="6.781">
    <system-out><![CDATA[2023-06-02 20:41:02,041 [main] INFO  rpc.RpcClient (RpcClient.java:createVolume(459)) - Creating Volume: 4be58c91-c992-4ff0-814b-8ad923910bb0, with runner as owner and space quota set to -1 bytes, counts quota set to -1
2023-06-02 20:41:02,045 [OM StateMachine ApplyTransaction Thread - 0] INFO  volume.OMVolumeCreateRequest (OMVolumeCreateRequest.java:validateAndUpdateCache(196)) - created volume:4be58c91-c992-4ff0-814b-8ad923910bb0 for user:runner
2023-06-02 20:41:02,047 [main] INFO  rpc.RpcClient (RpcClient.java:createBucket(686)) - Creating Bucket: 4be58c91-c992-4ff0-814b-8ad923910bb0/6d9536b5-6809-4cbb-8733-51401068ed44, with server-side default bucket layout, runner as owner, Versioning false, Storage Type set to DISK and Encryption set to false, Replication Type set to server-side default replication type, Namespace Quota set to -1, Space Quota set to -1 
2023-06-02 20:41:02,049 [OM StateMachine ApplyTransaction Thread - 0] INFO  bucket.OMBucketCreateRequest (OMBucketCreateRequest.java:validateAndUpdateCache(270)) - created bucket: 6d9536b5-6809-4cbb-8733-51401068ed44 of layout OBJECT_STORE in volume: 4be58c91-c992-4ff0-814b-8ad923910bb0
2023-06-02 20:41:02,065 [IPC Server handler 4 on default port 15001] INFO  pipeline.PipelineStateManagerImpl (PipelineStateManagerImpl.java:addPipeline(103)) - Created pipeline Pipeline[ Id: 9604c273-9715-48de-9795-c5d55829e923, Nodes: f3098061-e126-467d-ace5-c417dde623cb(fv-az1239-288/10.1.0.31)8f90378c-2071-462d-9a04-80510992f21c(fv-az1239-288/10.1.0.31)0ec547f6-a501-4372-afcf-7dbe5c08d569(fv-az1239-288/10.1.0.31)b4411977-9720-4d4b-9a0b-907fa7158048(fv-az1239-288/10.1.0.31)501c2811-31b4-4cb7-a883-304e4eecc84c(fv-az1239-288/10.1.0.31), ReplicationConfig: EC{rs-3-2-1024k}, State:ALLOCATED, leaderId:, CreationTimestamp2023-06-02T20:41:02.061Z[Etc/UTC]].
2023-06-02 20:41:02,069 [IPC Server handler 4 on default port 15001] INFO  pipeline.PipelineManagerImpl (PipelineManagerImpl.java:openPipeline(367)) - Pipeline Pipeline[ Id: 9604c273-9715-48de-9795-c5d55829e923, Nodes: f3098061-e126-467d-ace5-c417dde623cb(fv-az1239-288/10.1.0.31)8f90378c-2071-462d-9a04-80510992f21c(fv-az1239-288/10.1.0.31)0ec547f6-a501-4372-afcf-7dbe5c08d569(fv-az1239-288/10.1.0.31)b4411977-9720-4d4b-9a0b-907fa7158048(fv-az1239-288/10.1.0.31)501c2811-31b4-4cb7-a883-304e4eecc84c(fv-az1239-288/10.1.0.31), ReplicationConfig: EC{rs-3-2-1024k}, State:ALLOCATED, leaderId:, CreationTimestamp2023-06-02T20:41:02.061Z[Etc/UTC]] moved to OPEN state
2023-06-02 20:41:02,139 [main] WARN  erasurecode.ErasureCodeNative (ErasureCodeNative.java:<clinit>(55)) - ISA-L support is not available in your platform... using builtin-java codec where applicable
2023-06-02 20:41:02,278 [IPC Server handler 2 on default port 15001] INFO  pipeline.PipelineStateManagerImpl (PipelineStateManagerImpl.java:addPipeline(103)) - Created pipeline Pipeline[ Id: 742bdeee-541e-424a-88bb-ee7a8960fee2, Nodes: a629a011-13a9-410c-9234-b770ba2e8ba4(fv-az1239-288/10.1.0.31)f5d72e8c-7c96-4354-bf1f-55d48726708b(fv-az1239-288/10.1.0.31)e2046f02-5b0f-4721-8967-351bc4e74694(fv-az1239-288/10.1.0.31)b4411977-9720-4d4b-9a0b-907fa7158048(fv-az1239-288/10.1.0.31)de3fb769-0102-4a69-91ff-1ba1954f3f02(fv-az1239-288/10.1.0.31), ReplicationConfig: EC{rs-3-2-1024k}, State:ALLOCATED, leaderId:, CreationTimestamp2023-06-02T20:41:02.277Z[Etc/UTC]].
2023-06-02 20:41:02,279 [IPC Server handler 2 on default port 15001] INFO  pipeline.PipelineManagerImpl (PipelineManagerImpl.java:openPipeline(367)) - Pipeline Pipeline[ Id: 742bdeee-541e-424a-88bb-ee7a8960fee2, Nodes: a629a011-13a9-410c-9234-b770ba2e8ba4(fv-az1239-288/10.1.0.31)f5d72e8c-7c96-4354-bf1f-55d48726708b(fv-az1239-288/10.1.0.31)e2046f02-5b0f-4721-8967-351bc4e74694(fv-az1239-288/10.1.0.31)b4411977-9720-4d4b-9a0b-907fa7158048(fv-az1239-288/10.1.0.31)de3fb769-0102-4a69-91ff-1ba1954f3f02(fv-az1239-288/10.1.0.31), ReplicationConfig: EC{rs-3-2-1024k}, State:ALLOCATED, leaderId:, CreationTimestamp2023-06-02T20:41:02.277Z[Etc/UTC]] moved to OPEN state
2023-06-02 20:41:02,328 [main] INFO  rpc.RpcClient (RpcClient.java:createVolume(459)) - Creating Volume: 941f0336-9fff-47e3-bddd-4102a7a829fe, with runner as owner and space quota set to -1 bytes, counts quota set to -1
2023-06-02 20:41:02,330 [OM StateMachine ApplyTransaction Thread - 0] INFO  volume.OMVolumeCreateRequest (OMVolumeCreateRequest.java:validateAndUpdateCache(196)) - created volume:941f0336-9fff-47e3-bddd-4102a7a829fe for user:runner
2023-06-02 20:41:02,332 [main] INFO  rpc.RpcClient (RpcClient.java:createBucket(686)) - Creating Bucket: 941f0336-9fff-47e3-bddd-4102a7a829fe/d59fdf36-0719-4352-a409-200d1a89b4a8, with server-side default bucket layout, runner as owner, Versioning false, Storage Type set to DISK and Encryption set to false, Replication Type set to server-side default replication type, Namespace Quota set to -1, Space Quota set to -1 
2023-06-02 20:41:02,335 [OM StateMachine ApplyTransaction Thread - 0] INFO  bucket.OMBucketCreateRequest (OMBucketCreateRequest.java:validateAndUpdateCache(270)) - created bucket: d59fdf36-0719-4352-a409-200d1a89b4a8 of layout OBJECT_STORE in volume: 941f0336-9fff-47e3-bddd-4102a7a829fe
2023-06-02 20:41:02,340 [IPC Server handler 16 on default port 15001] INFO  pipeline.PipelineStateManagerImpl (PipelineStateManagerImpl.java:addPipeline(103)) - Created pipeline Pipeline[ Id: 3103506a-4fa9-488b-8115-8b8acc9254a0, Nodes: b4411977-9720-4d4b-9a0b-907fa7158048(fv-az1239-288/10.1.0.31)f5d72e8c-7c96-4354-bf1f-55d48726708b(fv-az1239-288/10.1.0.31)c30a36da-1763-463f-9370-bf353ef860b0(fv-az1239-288/10.1.0.31)c911a996-2ad9-4932-9a2b-dd3b110c7bbf(fv-az1239-288/10.1.0.31)a629a011-13a9-410c-9234-b770ba2e8ba4(fv-az1239-288/10.1.0.31), ReplicationConfig: EC{rs-3-2-1024k}, State:ALLOCATED, leaderId:, CreationTimestamp2023-06-02T20:41:02.339Z[Etc/UTC]].
2023-06-02 20:41:02,340 [IPC Server handler 16 on default port 15001] INFO  pipeline.PipelineManagerImpl (PipelineManagerImpl.java:openPipeline(367)) - Pipeline Pipeline[ Id: 3103506a-4fa9-488b-8115-8b8acc9254a0, Nodes: b4411977-9720-4d4b-9a0b-907fa7158048(fv-az1239-288/10.1.0.31)f5d72e8c-7c96-4354-bf1f-55d48726708b(fv-az1239-288/10.1.0.31)c30a36da-1763-463f-9370-bf353ef860b0(fv-az1239-288/10.1.0.31)c911a996-2ad9-4932-9a2b-dd3b110c7bbf(fv-az1239-288/10.1.0.31)a629a011-13a9-410c-9234-b770ba2e8ba4(fv-az1239-288/10.1.0.31), ReplicationConfig: EC{rs-3-2-1024k}, State:ALLOCATED, leaderId:, CreationTimestamp2023-06-02T20:41:02.339Z[Etc/UTC]] moved to OPEN state
2023-06-02 20:41:02,502 [IPC Server handler 15 on default port 15001] INFO  pipeline.PipelineStateManagerImpl (PipelineStateManagerImpl.java:addPipeline(103)) - Created pipeline Pipeline[ Id: 19dab2a7-4f7c-4551-ade4-d36daec7a39a, Nodes: f3098061-e126-467d-ace5-c417dde623cb(fv-az1239-288/10.1.0.31)de3fb769-0102-4a69-91ff-1ba1954f3f02(fv-az1239-288/10.1.0.31)4daf1ed2-e43c-4bda-878b-63f1449da6f8(fv-az1239-288/10.1.0.31)c30a36da-1763-463f-9370-bf353ef860b0(fv-az1239-288/10.1.0.31)559beb36-7c11-4841-9a8b-e14375a607db(fv-az1239-288/10.1.0.31), ReplicationConfig: EC{rs-3-2-1024k}, State:ALLOCATED, leaderId:, CreationTimestamp2023-06-02T20:41:02.502Z[Etc/UTC]].
2023-06-02 20:41:02,504 [IPC Server handler 15 on default port 15001] INFO  pipeline.PipelineManagerImpl (PipelineManagerImpl.java:openPipeline(367)) - Pipeline Pipeline[ Id: 19dab2a7-4f7c-4551-ade4-d36daec7a39a, Nodes: f3098061-e126-467d-ace5-c417dde623cb(fv-az1239-288/10.1.0.31)de3fb769-0102-4a69-91ff-1ba1954f3f02(fv-az1239-288/10.1.0.31)4daf1ed2-e43c-4bda-878b-63f1449da6f8(fv-az1239-288/10.1.0.31)c30a36da-1763-463f-9370-bf353ef860b0(fv-az1239-288/10.1.0.31)559beb36-7c11-4841-9a8b-e14375a607db(fv-az1239-288/10.1.0.31), ReplicationConfig: EC{rs-3-2-1024k}, State:ALLOCATED, leaderId:, CreationTimestamp2023-06-02T20:41:02.502Z[Etc/UTC]] moved to OPEN state
2023-06-02 20:41:02,667 [main] INFO  rpc.RpcClient (RpcClient.java:createVolume(459)) - Creating Volume: aba904bc-39c1-4062-8177-82f9d9c4d117, with runner as owner and space quota set to -1 bytes, counts quota set to -1
2023-06-02 20:41:02,669 [OM StateMachine ApplyTransaction Thread - 0] INFO  volume.OMVolumeCreateRequest (OMVolumeCreateRequest.java:validateAndUpdateCache(196)) - created volume:aba904bc-39c1-4062-8177-82f9d9c4d117 for user:runner
2023-06-02 20:41:02,672 [main] INFO  rpc.RpcClient (RpcClient.java:createBucket(686)) - Creating Bucket: aba904bc-39c1-4062-8177-82f9d9c4d117/c1719aaa-e1b4-4f1f-8d2f-d55614c7ee07, with server-side default bucket layout, runner as owner, Versioning false, Storage Type set to DISK and Encryption set to false, Replication Type set to server-side default replication type, Namespace Quota set to -1, Space Quota set to -1 
2023-06-02 20:41:02,674 [OM StateMachine ApplyTransaction Thread - 0] INFO  bucket.OMBucketCreateRequest (OMBucketCreateRequest.java:validateAndUpdateCache(270)) - created bucket: c1719aaa-e1b4-4f1f-8d2f-d55614c7ee07 of layout OBJECT_STORE in volume: aba904bc-39c1-4062-8177-82f9d9c4d117
2023-06-02 20:41:02,680 [IPC Server handler 19 on default port 15001] INFO  pipeline.PipelineStateManagerImpl (PipelineStateManagerImpl.java:addPipeline(103)) - Created pipeline Pipeline[ Id: e03f449e-da67-432c-9e91-f9a18222f6f9, Nodes: c30a36da-1763-463f-9370-bf353ef860b0(fv-az1239-288/10.1.0.31)b4411977-9720-4d4b-9a0b-907fa7158048(fv-az1239-288/10.1.0.31)de3fb769-0102-4a69-91ff-1ba1954f3f02(fv-az1239-288/10.1.0.31)e2046f02-5b0f-4721-8967-351bc4e74694(fv-az1239-288/10.1.0.31)c0b96ab7-4e07-4f66-b608-d68f56bbc6df(fv-az1239-288/10.1.0.31), ReplicationConfig: EC{rs-3-2-1024k}, State:ALLOCATED, leaderId:, CreationTimestamp2023-06-02T20:41:02.679Z[Etc/UTC]].
2023-06-02 20:41:02,681 [IPC Server handler 19 on default port 15001] INFO  pipeline.PipelineManagerImpl (PipelineManagerImpl.java:openPipeline(367)) - Pipeline Pipeline[ Id: e03f449e-da67-432c-9e91-f9a18222f6f9, Nodes: c30a36da-1763-463f-9370-bf353ef860b0(fv-az1239-288/10.1.0.31)b4411977-9720-4d4b-9a0b-907fa7158048(fv-az1239-288/10.1.0.31)de3fb769-0102-4a69-91ff-1ba1954f3f02(fv-az1239-288/10.1.0.31)e2046f02-5b0f-4721-8967-351bc4e74694(fv-az1239-288/10.1.0.31)c0b96ab7-4e07-4f66-b608-d68f56bbc6df(fv-az1239-288/10.1.0.31), ReplicationConfig: EC{rs-3-2-1024k}, State:ALLOCATED, leaderId:, CreationTimestamp2023-06-02T20:41:02.679Z[Etc/UTC]] moved to OPEN state
2023-06-02 20:41:03,189 [main] INFO  rpc.RpcClient (RpcClient.java:createVolume(459)) - Creating Volume: df1f6544-d74c-4e2a-b54d-c2753ac7c0f3, with runner as owner and space quota set to -1 bytes, counts quota set to -1
2023-06-02 20:41:03,192 [OM StateMachine ApplyTransaction Thread - 0] INFO  volume.OMVolumeCreateRequest (OMVolumeCreateRequest.java:validateAndUpdateCache(196)) - created volume:df1f6544-d74c-4e2a-b54d-c2753ac7c0f3 for user:runner
2023-06-02 20:41:03,194 [main] INFO  rpc.RpcClient (RpcClient.java:createBucket(686)) - Creating Bucket: df1f6544-d74c-4e2a-b54d-c2753ac7c0f3/7745b524-8e27-4dc2-b814-1eb9f11f06c6, with server-side default bucket layout, runner as owner, Versioning false, Storage Type set to DISK and Encryption set to false, Replication Type set to server-side default replication type, Namespace Quota set to -1, Space Quota set to -1 
2023-06-02 20:41:03,197 [OM StateMachine ApplyTransaction Thread - 0] INFO  bucket.OMBucketCreateRequest (OMBucketCreateRequest.java:validateAndUpdateCache(270)) - created bucket: 7745b524-8e27-4dc2-b814-1eb9f11f06c6 of layout OBJECT_STORE in volume: df1f6544-d74c-4e2a-b54d-c2753ac7c0f3
2023-06-02 20:41:03,623 [main] INFO  rpc.RpcClient (RpcClient.java:createVolume(459)) - Creating Volume: 3302ac48-a77c-4b9a-ac44-34cadc101fdd, with runner as owner and space quota set to -1 bytes, counts quota set to -1
2023-06-02 20:41:03,625 [OM StateMachine ApplyTransaction Thread - 0] INFO  volume.OMVolumeCreateRequest (OMVolumeCreateRequest.java:validateAndUpdateCache(196)) - created volume:3302ac48-a77c-4b9a-ac44-34cadc101fdd for user:runner
2023-06-02 20:41:03,627 [main] INFO  rpc.RpcClient (RpcClient.java:createBucket(686)) - Creating Bucket: 3302ac48-a77c-4b9a-ac44-34cadc101fdd/01f5544d-c90b-41d3-a852-af1bbc84bf54, with server-side default bucket layout, runner as owner, Versioning false, Storage Type set to DISK and Encryption set to false, Replication Type set to server-side default replication type, Namespace Quota set to -1, Space Quota set to -1 
2023-06-02 20:41:03,629 [OM StateMachine ApplyTransaction Thread - 0] INFO  bucket.OMBucketCreateRequest (OMBucketCreateRequest.java:validateAndUpdateCache(270)) - created bucket: 01f5544d-c90b-41d3-a852-af1bbc84bf54 of layout OBJECT_STORE in volume: 3302ac48-a77c-4b9a-ac44-34cadc101fdd
2023-06-02 20:41:04,237 [main] INFO  rpc.RpcClient (RpcClient.java:createVolume(459)) - Creating Volume: d9cc1aef-d079-484f-ac73-c45a487b2270, with runner as owner and space quota set to -1 bytes, counts quota set to -1
2023-06-02 20:41:04,240 [OM StateMachine ApplyTransaction Thread - 0] INFO  volume.OMVolumeCreateRequest (OMVolumeCreateRequest.java:validateAndUpdateCache(196)) - created volume:d9cc1aef-d079-484f-ac73-c45a487b2270 for user:runner
2023-06-02 20:41:04,242 [main] INFO  rpc.RpcClient (RpcClient.java:createBucket(686)) - Creating Bucket: d9cc1aef-d079-484f-ac73-c45a487b2270/359e8ec8-f2b2-44ac-823f-5c56b160c74c, with server-side default bucket layout, runner as owner, Versioning false, Storage Type set to DISK and Encryption set to false, Replication Type set to server-side default replication type, Namespace Quota set to -1, Space Quota set to -1 
2023-06-02 20:41:04,245 [OM StateMachine ApplyTransaction Thread - 0] INFO  bucket.OMBucketCreateRequest (OMBucketCreateRequest.java:validateAndUpdateCache(270)) - created bucket: 359e8ec8-f2b2-44ac-823f-5c56b160c74c of layout OBJECT_STORE in volume: d9cc1aef-d079-484f-ac73-c45a487b2270
2023-06-02 20:41:04,646 [main] INFO  rpc.RpcClient (RpcClient.java:createVolume(459)) - Creating Volume: 9793981a-952b-4185-a125-43f79f725474, with runner as owner and space quota set to -1 bytes, counts quota set to -1
2023-06-02 20:41:04,648 [OM StateMachine ApplyTransaction Thread - 0] INFO  volume.OMVolumeCreateRequest (OMVolumeCreateRequest.java:validateAndUpdateCache(196)) - created volume:9793981a-952b-4185-a125-43f79f725474 for user:runner
2023-06-02 20:41:04,650 [main] INFO  rpc.RpcClient (RpcClient.java:createBucket(686)) - Creating Bucket: 9793981a-952b-4185-a125-43f79f725474/ff993116-7f6d-4438-8d68-f98ef2da388c, with server-side default bucket layout, runner as owner, Versioning false, Storage Type set to DISK and Encryption set to false, Replication Type set to server-side default replication type, Namespace Quota set to -1, Space Quota set to -1 
2023-06-02 20:41:04,653 [OM StateMachine ApplyTransaction Thread - 0] INFO  bucket.OMBucketCreateRequest (OMBucketCreateRequest.java:validateAndUpdateCache(270)) - created bucket: ff993116-7f6d-4438-8d68-f98ef2da388c of layout OBJECT_STORE in volume: 9793981a-952b-4185-a125-43f79f725474
2023-06-02 20:41:05,587 [main] INFO  rpc.RpcClient (RpcClient.java:createVolume(459)) - Creating Volume: 88662daa-7c57-47a5-b57d-dee1393515f4, with runner as owner and space quota set to -1 bytes, counts quota set to -1
2023-06-02 20:41:05,590 [OM StateMachine ApplyTransaction Thread - 0] INFO  volume.OMVolumeCreateRequest (OMVolumeCreateRequest.java:validateAndUpdateCache(196)) - created volume:88662daa-7c57-47a5-b57d-dee1393515f4 for user:runner
2023-06-02 20:41:05,592 [main] INFO  rpc.RpcClient (RpcClient.java:createBucket(686)) - Creating Bucket: 88662daa-7c57-47a5-b57d-dee1393515f4/c7095f0c-45d9-4257-ae6f-0815f7f64ee1, with server-side default bucket layout, runner as owner, Versioning false, Storage Type set to DISK and Encryption set to false, Replication Type set to server-side default replication type, Namespace Quota set to -1, Space Quota set to -1 
2023-06-02 20:41:05,595 [OM StateMachine ApplyTransaction Thread - 0] INFO  bucket.OMBucketCreateRequest (OMBucketCreateRequest.java:validateAndUpdateCache(270)) - created bucket: c7095f0c-45d9-4257-ae6f-0815f7f64ee1 of layout OBJECT_STORE in volume: 88662daa-7c57-47a5-b57d-dee1393515f4
2023-06-02 20:41:06,067 [main] INFO  rpc.RpcClient (RpcClient.java:createVolume(459)) - Creating Volume: ebced9bd-696e-4a2e-8b9a-4e8023bdcc3a, with runner as owner and space quota set to -1 bytes, counts quota set to -1
2023-06-02 20:41:06,069 [OM StateMachine ApplyTransaction Thread - 0] INFO  volume.OMVolumeCreateRequest (OMVolumeCreateRequest.java:validateAndUpdateCache(196)) - created volume:ebced9bd-696e-4a2e-8b9a-4e8023bdcc3a for user:runner
2023-06-02 20:41:06,071 [main] INFO  rpc.RpcClient (RpcClient.java:createBucket(686)) - Creating Bucket: ebced9bd-696e-4a2e-8b9a-4e8023bdcc3a/cd64d234-0ca4-4ae2-89a1-71b3ddbdeabd, with server-side default bucket layout, runner as owner, Versioning false, Storage Type set to DISK and Encryption set to false, Replication Type set to server-side default replication type, Namespace Quota set to -1, Space Quota set to -1 
2023-06-02 20:41:06,074 [OM StateMachine ApplyTransaction Thread - 0] INFO  bucket.OMBucketCreateRequest (OMBucketCreateRequest.java:validateAndUpdateCache(270)) - created bucket: cd64d234-0ca4-4ae2-89a1-71b3ddbdeabd of layout OBJECT_STORE in volume: ebced9bd-696e-4a2e-8b9a-4e8023bdcc3a
2023-06-02 20:41:06,597 [main] INFO  rpc.RpcClient (RpcClient.java:createVolume(459)) - Creating Volume: 84c486bf-eb1d-4189-85da-708fddbe9bb7, with runner as owner and space quota set to -1 bytes, counts quota set to -1
2023-06-02 20:41:06,599 [OM StateMachine ApplyTransaction Thread - 0] INFO  volume.OMVolumeCreateRequest (OMVolumeCreateRequest.java:validateAndUpdateCache(196)) - created volume:84c486bf-eb1d-4189-85da-708fddbe9bb7 for user:runner
2023-06-02 20:41:06,601 [main] INFO  rpc.RpcClient (RpcClient.java:createBucket(686)) - Creating Bucket: 84c486bf-eb1d-4189-85da-708fddbe9bb7/7824ce49-26dc-4a5e-aa14-c969d51c00b6, with server-side default bucket layout, runner as owner, Versioning false, Storage Type set to DISK and Encryption set to false, Replication Type set to server-side default replication type, Namespace Quota set to -1, Space Quota set to -1 
2023-06-02 20:41:06,604 [OM StateMachine ApplyTransaction Thread - 0] INFO  bucket.OMBucketCreateRequest (OMBucketCreateRequest.java:validateAndUpdateCache(270)) - created bucket: 7824ce49-26dc-4a5e-aa14-c969d51c00b6 of layout OBJECT_STORE in volume: 84c486bf-eb1d-4189-85da-708fddbe9bb7
2023-06-02 20:41:07,170 [main] INFO  rpc.RpcClient (RpcClient.java:createVolume(459)) - Creating Volume: 5f3c0034-1121-431c-9f48-bf4b559bd59b, with runner as owner and space quota set to -1 bytes, counts quota set to -1
2023-06-02 20:41:07,175 [OM StateMachine ApplyTransaction Thread - 0] INFO  volume.OMVolumeCreateRequest (OMVolumeCreateRequest.java:validateAndUpdateCache(196)) - created volume:5f3c0034-1121-431c-9f48-bf4b559bd59b for user:runner
2023-06-02 20:41:07,178 [main] INFO  rpc.RpcClient (RpcClient.java:createBucket(686)) - Creating Bucket: 5f3c0034-1121-431c-9f48-bf4b559bd59b/51fefeb8-8956-480b-82d9-33860fa6fe82, with server-side default bucket layout, runner as owner, Versioning false, Storage Type set to DISK and Encryption set to false, Replication Type set to server-side default replication type, Namespace Quota set to -1, Space Quota set to -1 
2023-06-02 20:41:07,183 [OM StateMachine ApplyTransaction Thread - 0] INFO  bucket.OMBucketCreateRequest (OMBucketCreateRequest.java:validateAndUpdateCache(270)) - created bucket: 51fefeb8-8956-480b-82d9-33860fa6fe82 of layout OBJECT_STORE in volume: 5f3c0034-1121-431c-9f48-bf4b559bd59b
2023-06-02 20:41:08,202 [main] INFO  rpc.RpcClient (RpcClient.java:createVolume(459)) - Creating Volume: 46856594-b78b-4b9c-8f7c-2ded91ee8453, with runner as owner and space quota set to -1 bytes, counts quota set to -1
2023-06-02 20:41:08,205 [OM StateMachine ApplyTransaction Thread - 0] INFO  volume.OMVolumeCreateRequest (OMVolumeCreateRequest.java:validateAndUpdateCache(196)) - created volume:46856594-b78b-4b9c-8f7c-2ded91ee8453 for user:runner
2023-06-02 20:41:08,207 [main] INFO  rpc.RpcClient (RpcClient.java:createBucket(686)) - Creating Bucket: 46856594-b78b-4b9c-8f7c-2ded91ee8453/6174a5c7-35a6-4f00-a86d-983b4d5ae164, with server-side default bucket layout, runner as owner, Versioning false, Storage Type set to DISK and Encryption set to false, Replication Type set to server-side default replication type, Namespace Quota set to -1, Space Quota set to -1 
2023-06-02 20:41:08,209 [OM StateMachine ApplyTransaction Thread - 0] INFO  bucket.OMBucketCreateRequest (OMBucketCreateRequest.java:validateAndUpdateCache(270)) - created bucket: 6174a5c7-35a6-4f00-a86d-983b4d5ae164 of layout OBJECT_STORE in volume: 46856594-b78b-4b9c-8f7c-2ded91ee8453
]]></system-out>
  </testcase>
  <testcase name="testBucketQuotaInNamespace" classname="org.apache.hadoop.ozone.client.rpc.TestSecureOzoneRpcClient" time="0.313">
    <system-out><![CDATA[2023-06-02 20:41:08,824 [main] INFO  rpc.RpcClient (RpcClient.java:createVolume(459)) - Creating Volume: c597aac6-5054-46e2-aa26-c58223808d3d, with runner as owner and space quota set to -1 bytes, counts quota set to -1
2023-06-02 20:41:08,826 [OM StateMachine ApplyTransaction Thread - 0] INFO  volume.OMVolumeCreateRequest (OMVolumeCreateRequest.java:validateAndUpdateCache(196)) - created volume:c597aac6-5054-46e2-aa26-c58223808d3d for user:runner
2023-06-02 20:41:08,828 [main] INFO  rpc.RpcClient (RpcClient.java:createBucket(686)) - Creating Bucket: c597aac6-5054-46e2-aa26-c58223808d3d/3a0a8bde-2a56-4022-aedd-40d368fdc6a4, with server-side default bucket layout, runner as owner, Versioning false, Storage Type set to DISK and Encryption set to false, Replication Type set to server-side default replication type, Namespace Quota set to -1, Space Quota set to -1 
2023-06-02 20:41:08,830 [OM StateMachine ApplyTransaction Thread - 0] INFO  bucket.OMBucketCreateRequest (OMBucketCreateRequest.java:validateAndUpdateCache(270)) - created bucket: 3a0a8bde-2a56-4022-aedd-40d368fdc6a4 of layout OBJECT_STORE in volume: c597aac6-5054-46e2-aa26-c58223808d3d
20:41:09.115 [OM StateMachine ApplyTransaction Thread - 0] ERROR OMAudit - user=runner | ip=127.0.0.1 | op=ALLOCATE_KEY {volume=c597aac6-5054-46e2-aa26-c58223808d3d, bucket=3a0a8bde-2a56-4022-aedd-40d368fdc6a4, key=333ec518-8449-4596-81fc-1f1fdb42d746, dataSize=12, replicationType=RATIS, replicationFactor=ONE} | ret=FAILURE
org.apache.hadoop.ozone.om.exceptions.OMException: The namespace quota of Bucket:3a0a8bde-2a56-4022-aedd-40d368fdc6a4 exceeded: quotaInNamespace: 2 but namespace consumed: 3.
	at org.apache.hadoop.ozone.om.request.key.OMKeyRequest.checkBucketQuotaInNamespace(OMKeyRequest.java:555) ~[ozone-manager-1.4.0-SNAPSHOT.jar:?]
	at org.apache.hadoop.ozone.om.request.key.OMKeyCreateRequest.validateAndUpdateCache(OMKeyCreateRequest.java:308) ~[ozone-manager-1.4.0-SNAPSHOT.jar:?]
	at org.apache.hadoop.ozone.protocolPB.OzoneManagerRequestHandler.handleWriteRequest(OzoneManagerRequestHandler.java:338) ~[ozone-manager-1.4.0-SNAPSHOT.jar:?]
	at org.apache.hadoop.ozone.om.ratis.OzoneManagerStateMachine.runCommand(OzoneManagerStateMachine.java:567) ~[ozone-manager-1.4.0-SNAPSHOT.jar:?]
	at org.apache.hadoop.ozone.om.ratis.OzoneManagerStateMachine.lambda$1(OzoneManagerStateMachine.java:358) ~[ozone-manager-1.4.0-SNAPSHOT.jar:?]
	at java.util.concurrent.CompletableFuture$AsyncSupply.run(CompletableFuture.java:1604) [?:1.8.0_372]
	at java.util.concurrent.ThreadPoolExecutor.runWorker(ThreadPoolExecutor.java:1149) [?:1.8.0_372]
	at java.util.concurrent.ThreadPoolExecutor$Worker.run(ThreadPoolExecutor.java:624) [?:1.8.0_372]
	at java.lang.Thread.run(Thread.java:750) [?:1.8.0_372]
2023-06-02 20:41:09,116 [OM StateMachine ApplyTransaction Thread - 0] ERROR key.OMKeyCreateRequest (OMKeyCreateRequest.java:logResult(380)) - Key creation failed. Volume:c597aac6-5054-46e2-aa26-c58223808d3d, Bucket:3a0a8bde-2a56-4022-aedd-40d368fdc6a4, Key:333ec518-8449-4596-81fc-1f1fdb42d746. 
QUOTA_EXCEEDED org.apache.hadoop.ozone.om.exceptions.OMException: The namespace quota of Bucket:3a0a8bde-2a56-4022-aedd-40d368fdc6a4 exceeded: quotaInNamespace: 2 but namespace consumed: 3.
	at org.apache.hadoop.ozone.om.request.key.OMKeyRequest.checkBucketQuotaInNamespace(OMKeyRequest.java:555)
	at org.apache.hadoop.ozone.om.request.key.OMKeyCreateRequest.validateAndUpdateCache(OMKeyCreateRequest.java:308)
	at org.apache.hadoop.ozone.protocolPB.OzoneManagerRequestHandler.handleWriteRequest(OzoneManagerRequestHandler.java:338)
	at org.apache.hadoop.ozone.om.ratis.OzoneManagerStateMachine.runCommand(OzoneManagerStateMachine.java:567)
	at org.apache.hadoop.ozone.om.ratis.OzoneManagerStateMachine.lambda$1(OzoneManagerStateMachine.java:358)
	at java.util.concurrent.CompletableFuture$AsyncSupply.run(CompletableFuture.java:1604)
	at java.util.concurrent.ThreadPoolExecutor.runWorker(ThreadPoolExecutor.java:1149)
	at java.util.concurrent.ThreadPoolExecutor$Worker.run(ThreadPoolExecutor.java:624)
	at java.lang.Thread.run(Thread.java:750)
]]></system-out>
  </testcase>
  <testcase name="testBucketSetOwner" classname="org.apache.hadoop.ozone.client.rpc.TestSecureOzoneRpcClient" time="0.051">
    <system-out><![CDATA[2023-06-02 20:41:09,138 [main] INFO  rpc.RpcClient (RpcClient.java:createVolume(459)) - Creating Volume: c0d49566-d56b-45a3-b0c6-88fab06b650b, with runner as owner and space quota set to -1 bytes, counts quota set to -1
2023-06-02 20:41:09,145 [OM StateMachine ApplyTransaction Thread - 0] INFO  volume.OMVolumeCreateRequest (OMVolumeCreateRequest.java:validateAndUpdateCache(196)) - created volume:c0d49566-d56b-45a3-b0c6-88fab06b650b for user:runner
2023-06-02 20:41:09,147 [main] INFO  rpc.RpcClient (RpcClient.java:createBucket(686)) - Creating Bucket: c0d49566-d56b-45a3-b0c6-88fab06b650b/1fdc3aa9-a1b4-4fc1-a586-b14e4a473b4d, with server-side default bucket layout, runner as owner, Versioning false, Storage Type set to DISK and Encryption set to false, Replication Type set to server-side default replication type, Namespace Quota set to -1, Space Quota set to -1 
2023-06-02 20:41:09,149 [OM StateMachine ApplyTransaction Thread - 0] INFO  bucket.OMBucketCreateRequest (OMBucketCreateRequest.java:validateAndUpdateCache(270)) - created bucket: 1fdc3aa9-a1b4-4fc1-a586-b14e4a473b4d of layout OBJECT_STORE in volume: c0d49566-d56b-45a3-b0c6-88fab06b650b
]]></system-out>
  </testcase>
  <testcase name="testBucketUsedBytes" classname="org.apache.hadoop.ozone.client.rpc.TestSecureOzoneRpcClient" time="0.239">
    <system-out><![CDATA[2023-06-02 20:41:09,189 [main] INFO  rpc.RpcClient (RpcClient.java:createVolume(459)) - Creating Volume: ac212a30-fe28-495e-acc8-53b427dd5f1d, with runner as owner and space quota set to -1 bytes, counts quota set to -1
2023-06-02 20:41:09,192 [OM StateMachine ApplyTransaction Thread - 0] INFO  volume.OMVolumeCreateRequest (OMVolumeCreateRequest.java:validateAndUpdateCache(196)) - created volume:ac212a30-fe28-495e-acc8-53b427dd5f1d for user:runner
2023-06-02 20:41:09,195 [main] INFO  rpc.RpcClient (RpcClient.java:createBucket(686)) - Creating Bucket: ac212a30-fe28-495e-acc8-53b427dd5f1d/b1d9a624-a403-424d-8f7d-90887046f257, with bucket layout OBJECT_STORE, runner as owner, Versioning false, Storage Type set to DISK and Encryption set to false, Replication Type set to server-side default replication type, Namespace Quota set to -1, Space Quota set to -1 
2023-06-02 20:41:09,197 [OM StateMachine ApplyTransaction Thread - 0] INFO  bucket.OMBucketCreateRequest (OMBucketCreateRequest.java:validateAndUpdateCache(270)) - created bucket: b1d9a624-a403-424d-8f7d-90887046f257 of layout OBJECT_STORE in volume: ac212a30-fe28-495e-acc8-53b427dd5f1d
]]></system-out>
  </testcase>
  <testcase name="testBucketUsedNamespace(BucketLayout)[1]" classname="org.apache.hadoop.ozone.client.rpc.TestSecureOzoneRpcClient" time="0.182">
    <system-out><![CDATA[2023-06-02 20:41:09,430 [main] INFO  rpc.RpcClient (RpcClient.java:createVolume(459)) - Creating Volume: fe6eb09d-560c-4538-8cd5-90af93d4648d, with runner as owner and space quota set to -1 bytes, counts quota set to -1
2023-06-02 20:41:09,433 [OM StateMachine ApplyTransaction Thread - 0] INFO  volume.OMVolumeCreateRequest (OMVolumeCreateRequest.java:validateAndUpdateCache(196)) - created volume:fe6eb09d-560c-4538-8cd5-90af93d4648d for user:runner
2023-06-02 20:41:09,435 [main] INFO  rpc.RpcClient (RpcClient.java:createBucket(686)) - Creating Bucket: fe6eb09d-560c-4538-8cd5-90af93d4648d/925369e3-3cf1-4dc0-bc1c-3e670517610e, with bucket layout OBJECT_STORE, runner as owner, Versioning false, Storage Type set to DISK and Encryption set to false, Replication Type set to server-side default replication type, Namespace Quota set to -1, Space Quota set to -1 
2023-06-02 20:41:09,437 [OM StateMachine ApplyTransaction Thread - 0] INFO  bucket.OMBucketCreateRequest (OMBucketCreateRequest.java:validateAndUpdateCache(270)) - created bucket: 925369e3-3cf1-4dc0-bc1c-3e670517610e of layout OBJECT_STORE in volume: fe6eb09d-560c-4538-8cd5-90af93d4648d
]]></system-out>
  </testcase>
  <testcase name="testBucketUsedNamespace(BucketLayout)[2]" classname="org.apache.hadoop.ozone.client.rpc.TestSecureOzoneRpcClient" time="0.238">
    <system-out><![CDATA[2023-06-02 20:41:09,615 [main] INFO  rpc.RpcClient (RpcClient.java:createVolume(459)) - Creating Volume: 951d060a-0760-46e5-88d5-354540f3adfc, with runner as owner and space quota set to -1 bytes, counts quota set to -1
2023-06-02 20:41:09,618 [OM StateMachine ApplyTransaction Thread - 0] INFO  volume.OMVolumeCreateRequest (OMVolumeCreateRequest.java:validateAndUpdateCache(196)) - created volume:951d060a-0760-46e5-88d5-354540f3adfc for user:runner
2023-06-02 20:41:09,621 [main] INFO  rpc.RpcClient (RpcClient.java:createBucket(686)) - Creating Bucket: 951d060a-0760-46e5-88d5-354540f3adfc/141076a5-e04e-447b-8f68-43fe199ea86d, with bucket layout LEGACY, runner as owner, Versioning false, Storage Type set to DISK and Encryption set to false, Replication Type set to server-side default replication type, Namespace Quota set to -1, Space Quota set to -1 
2023-06-02 20:41:09,623 [OM StateMachine ApplyTransaction Thread - 0] INFO  bucket.OMBucketCreateRequest (OMBucketCreateRequest.java:validateAndUpdateCache(270)) - created bucket: 141076a5-e04e-447b-8f68-43fe199ea86d of layout LEGACY in volume: 951d060a-0760-46e5-88d5-354540f3adfc
]]></system-out>
  </testcase>
  <testcase name="testBucketUsedNamespace(BucketLayout)[3]" classname="org.apache.hadoop.ozone.client.rpc.TestSecureOzoneRpcClient" time="0.28">
    <system-out><![CDATA[2023-06-02 20:41:09,853 [main] INFO  rpc.RpcClient (RpcClient.java:createVolume(459)) - Creating Volume: b8d78c09-7eb7-4f33-9f3a-fa6c0aef840e, with runner as owner and space quota set to -1 bytes, counts quota set to -1
2023-06-02 20:41:09,856 [OM StateMachine ApplyTransaction Thread - 0] INFO  volume.OMVolumeCreateRequest (OMVolumeCreateRequest.java:validateAndUpdateCache(196)) - created volume:b8d78c09-7eb7-4f33-9f3a-fa6c0aef840e for user:runner
2023-06-02 20:41:09,857 [main] INFO  rpc.RpcClient (RpcClient.java:createBucket(686)) - Creating Bucket: b8d78c09-7eb7-4f33-9f3a-fa6c0aef840e/c27cf350-ce63-4645-8746-a13e1dd36e13, with bucket layout FILE_SYSTEM_OPTIMIZED, runner as owner, Versioning false, Storage Type set to DISK and Encryption set to false, Replication Type set to server-side default replication type, Namespace Quota set to -1, Space Quota set to -1 
2023-06-02 20:41:09,860 [OM StateMachine ApplyTransaction Thread - 0] INFO  bucket.OMBucketCreateRequest (OMBucketCreateRequest.java:validateAndUpdateCache(270)) - created bucket: c27cf350-ce63-4645-8746-a13e1dd36e13 of layout FILE_SYSTEM_OPTIMIZED in volume: b8d78c09-7eb7-4f33-9f3a-fa6c0aef840e
]]></system-out>
  </testcase>
  <testcase name="testCheckUsedBytesQuota" classname="org.apache.hadoop.ozone.client.rpc.TestSecureOzoneRpcClient" time="0.898">
    <system-out><![CDATA[2023-06-02 20:41:10,133 [main] INFO  rpc.RpcClient (RpcClient.java:createVolume(459)) - Creating Volume: 141e7254-eeb3-4820-8ed7-9a98ad3b74a1, with runner as owner and space quota set to -1 bytes, counts quota set to -1
2023-06-02 20:41:10,138 [OM StateMachine ApplyTransaction Thread - 0] INFO  volume.OMVolumeCreateRequest (OMVolumeCreateRequest.java:validateAndUpdateCache(196)) - created volume:141e7254-eeb3-4820-8ed7-9a98ad3b74a1 for user:runner
2023-06-02 20:41:10,140 [main] INFO  rpc.RpcClient (RpcClient.java:createBucket(686)) - Creating Bucket: 141e7254-eeb3-4820-8ed7-9a98ad3b74a1/53a11096-007b-4558-92ac-eaa125002a8d, with server-side default bucket layout, runner as owner, Versioning false, Storage Type set to DISK and Encryption set to false, Replication Type set to server-side default replication type, Namespace Quota set to -1, Space Quota set to -1 
2023-06-02 20:41:10,142 [OM StateMachine ApplyTransaction Thread - 0] INFO  bucket.OMBucketCreateRequest (OMBucketCreateRequest.java:validateAndUpdateCache(270)) - created bucket: 53a11096-007b-4558-92ac-eaa125002a8d of layout OBJECT_STORE in volume: 141e7254-eeb3-4820-8ed7-9a98ad3b74a1
2023-06-02 20:41:10,149 [main] INFO  rpc.RpcClient (RpcClient.java:createBucket(686)) - Creating Bucket: 141e7254-eeb3-4820-8ed7-9a98ad3b74a1/4643e7df-242e-47a8-9387-7f203acdcc8d, with server-side default bucket layout, runner as owner, Versioning false, Storage Type set to DISK and Encryption set to false, Replication Type set to server-side default replication type, Namespace Quota set to -1, Space Quota set to -1 
2023-06-02 20:41:10,152 [OM StateMachine ApplyTransaction Thread - 0] INFO  bucket.OMBucketCreateRequest (OMBucketCreateRequest.java:validateAndUpdateCache(270)) - created bucket: 4643e7df-242e-47a8-9387-7f203acdcc8d of layout OBJECT_STORE in volume: 141e7254-eeb3-4820-8ed7-9a98ad3b74a1
20:41:10.178 [OM StateMachine ApplyTransaction Thread - 0] ERROR OMAudit - user=runner | ip=127.0.0.1 | op=ALLOCATE_KEY {volume=141e7254-eeb3-4820-8ed7-9a98ad3b74a1, bucket=4643e7df-242e-47a8-9387-7f203acdcc8d, key=498a8dc2-73c1-4a20-8256-274106ea6e74, dataSize=12, replicationType=RATIS, replicationFactor=ONE} | ret=FAILURE
org.apache.hadoop.ozone.om.exceptions.OMException: The DiskSpace quota of bucket:4643e7df-242e-47a8-9387-7f203acdcc8d exceeded quotaInBytes: 1 Bytes but diskspace consumed: 4194304 Bytes.
	at org.apache.hadoop.ozone.om.request.key.OMKeyRequest.checkBucketQuotaInBytes(OMKeyRequest.java:536) ~[ozone-manager-1.4.0-SNAPSHOT.jar:?]
	at org.apache.hadoop.ozone.om.request.key.OMKeyCreateRequest.validateAndUpdateCache(OMKeyCreateRequest.java:306) ~[ozone-manager-1.4.0-SNAPSHOT.jar:?]
	at org.apache.hadoop.ozone.protocolPB.OzoneManagerRequestHandler.handleWriteRequest(OzoneManagerRequestHandler.java:338) ~[ozone-manager-1.4.0-SNAPSHOT.jar:?]
	at org.apache.hadoop.ozone.om.ratis.OzoneManagerStateMachine.runCommand(OzoneManagerStateMachine.java:567) ~[ozone-manager-1.4.0-SNAPSHOT.jar:?]
	at org.apache.hadoop.ozone.om.ratis.OzoneManagerStateMachine.lambda$1(OzoneManagerStateMachine.java:358) ~[ozone-manager-1.4.0-SNAPSHOT.jar:?]
	at java.util.concurrent.CompletableFuture$AsyncSupply.run(CompletableFuture.java:1604) [?:1.8.0_372]
	at java.util.concurrent.ThreadPoolExecutor.runWorker(ThreadPoolExecutor.java:1149) [?:1.8.0_372]
	at java.util.concurrent.ThreadPoolExecutor$Worker.run(ThreadPoolExecutor.java:624) [?:1.8.0_372]
	at java.lang.Thread.run(Thread.java:750) [?:1.8.0_372]
2023-06-02 20:41:10,179 [OM StateMachine ApplyTransaction Thread - 0] ERROR key.OMKeyCreateRequest (OMKeyCreateRequest.java:logResult(380)) - Key creation failed. Volume:141e7254-eeb3-4820-8ed7-9a98ad3b74a1, Bucket:4643e7df-242e-47a8-9387-7f203acdcc8d, Key:498a8dc2-73c1-4a20-8256-274106ea6e74. 
QUOTA_EXCEEDED org.apache.hadoop.ozone.om.exceptions.OMException: The DiskSpace quota of bucket:4643e7df-242e-47a8-9387-7f203acdcc8d exceeded quotaInBytes: 1 Bytes but diskspace consumed: 4194304 Bytes.
	at org.apache.hadoop.ozone.om.request.key.OMKeyRequest.checkBucketQuotaInBytes(OMKeyRequest.java:536)
	at org.apache.hadoop.ozone.om.request.key.OMKeyCreateRequest.validateAndUpdateCache(OMKeyCreateRequest.java:306)
	at org.apache.hadoop.ozone.protocolPB.OzoneManagerRequestHandler.handleWriteRequest(OzoneManagerRequestHandler.java:338)
	at org.apache.hadoop.ozone.om.ratis.OzoneManagerStateMachine.runCommand(OzoneManagerStateMachine.java:567)
	at org.apache.hadoop.ozone.om.ratis.OzoneManagerStateMachine.lambda$1(OzoneManagerStateMachine.java:358)
	at java.util.concurrent.CompletableFuture$AsyncSupply.run(CompletableFuture.java:1604)
	at java.util.concurrent.ThreadPoolExecutor.runWorker(ThreadPoolExecutor.java:1149)
	at java.util.concurrent.ThreadPoolExecutor$Worker.run(ThreadPoolExecutor.java:624)
	at java.lang.Thread.run(Thread.java:750)
20:41:10.198 [OM StateMachine ApplyTransaction Thread - 0] ERROR OMAudit - user=runner | ip=127.0.0.1 | op=CREATE_FILE {volume=141e7254-eeb3-4820-8ed7-9a98ad3b74a1, bucket=4643e7df-242e-47a8-9387-7f203acdcc8d, key=18b53240-83d3-410b-99ee-07a595eed0d3, dataSize=4194304, replicationType=RATIS, replicationFactor=ONE} | ret=FAILURE
org.apache.hadoop.ozone.om.exceptions.OMException: The DiskSpace quota of bucket:4643e7df-242e-47a8-9387-7f203acdcc8d exceeded quotaInBytes: 1 Bytes but diskspace consumed: 4194304 Bytes.
	at org.apache.hadoop.ozone.om.request.key.OMKeyRequest.checkBucketQuotaInBytes(OMKeyRequest.java:536) ~[ozone-manager-1.4.0-SNAPSHOT.jar:?]
	at org.apache.hadoop.ozone.om.request.file.OMFileCreateRequest.validateAndUpdateCache(OMFileCreateRequest.java:278) ~[ozone-manager-1.4.0-SNAPSHOT.jar:?]
	at org.apache.hadoop.ozone.protocolPB.OzoneManagerRequestHandler.handleWriteRequest(OzoneManagerRequestHandler.java:338) ~[ozone-manager-1.4.0-SNAPSHOT.jar:?]
	at org.apache.hadoop.ozone.om.ratis.OzoneManagerStateMachine.runCommand(OzoneManagerStateMachine.java:567) ~[ozone-manager-1.4.0-SNAPSHOT.jar:?]
	at org.apache.hadoop.ozone.om.ratis.OzoneManagerStateMachine.lambda$1(OzoneManagerStateMachine.java:358) ~[ozone-manager-1.4.0-SNAPSHOT.jar:?]
	at java.util.concurrent.CompletableFuture$AsyncSupply.run(CompletableFuture.java:1604) [?:1.8.0_372]
	at java.util.concurrent.ThreadPoolExecutor.runWorker(ThreadPoolExecutor.java:1149) [?:1.8.0_372]
	at java.util.concurrent.ThreadPoolExecutor$Worker.run(ThreadPoolExecutor.java:624) [?:1.8.0_372]
	at java.lang.Thread.run(Thread.java:750) [?:1.8.0_372]
2023-06-02 20:41:10,199 [OM StateMachine ApplyTransaction Thread - 0] ERROR file.OMFileCreateRequest (OMFileCreateRequest.java:validateAndUpdateCache(337)) - File create failed. Volume:141e7254-eeb3-4820-8ed7-9a98ad3b74a1, Bucket:4643e7df-242e-47a8-9387-7f203acdcc8d, Key18b53240-83d3-410b-99ee-07a595eed0d3.
QUOTA_EXCEEDED org.apache.hadoop.ozone.om.exceptions.OMException: The DiskSpace quota of bucket:4643e7df-242e-47a8-9387-7f203acdcc8d exceeded quotaInBytes: 1 Bytes but diskspace consumed: 4194304 Bytes.
	at org.apache.hadoop.ozone.om.request.key.OMKeyRequest.checkBucketQuotaInBytes(OMKeyRequest.java:536)
	at org.apache.hadoop.ozone.om.request.file.OMFileCreateRequest.validateAndUpdateCache(OMFileCreateRequest.java:278)
	at org.apache.hadoop.ozone.protocolPB.OzoneManagerRequestHandler.handleWriteRequest(OzoneManagerRequestHandler.java:338)
	at org.apache.hadoop.ozone.om.ratis.OzoneManagerStateMachine.runCommand(OzoneManagerStateMachine.java:567)
	at org.apache.hadoop.ozone.om.ratis.OzoneManagerStateMachine.lambda$1(OzoneManagerStateMachine.java:358)
	at java.util.concurrent.CompletableFuture$AsyncSupply.run(CompletableFuture.java:1604)
	at java.util.concurrent.ThreadPoolExecutor.runWorker(ThreadPoolExecutor.java:1149)
	at java.util.concurrent.ThreadPoolExecutor$Worker.run(ThreadPoolExecutor.java:624)
	at java.lang.Thread.run(Thread.java:750)
2023-06-02 20:41:10,969 [OM StateMachine ApplyTransaction Thread - 0] ERROR key.OMAllocateBlockRequest (OMAllocateBlockRequest.java:validateAndUpdateCache(252)) - Allocate Block failed. Volume:141e7254-eeb3-4820-8ed7-9a98ad3b74a1, Bucket:4643e7df-242e-47a8-9387-7f203acdcc8d, OpenKey:/141e7254-eeb3-4820-8ed7-9a98ad3b74a1/4643e7df-242e-47a8-9387-7f203acdcc8d/13f4f32d-9ddb-4d8a-a235-3b9cc8070224/110476556383682637. Exception:{}
QUOTA_EXCEEDED org.apache.hadoop.ozone.om.exceptions.OMException: The DiskSpace quota of bucket:4643e7df-242e-47a8-9387-7f203acdcc8d exceeded quotaInBytes: 16777216 Bytes but diskspace consumed: 20971520 Bytes.
	at org.apache.hadoop.ozone.om.request.key.OMKeyRequest.checkBucketQuotaInBytes(OMKeyRequest.java:536)
	at org.apache.hadoop.ozone.om.request.key.OMAllocateBlockRequest.validateAndUpdateCache(OMAllocateBlockRequest.java:224)
	at org.apache.hadoop.ozone.protocolPB.OzoneManagerRequestHandler.handleWriteRequest(OzoneManagerRequestHandler.java:338)
	at org.apache.hadoop.ozone.om.ratis.OzoneManagerStateMachine.runCommand(OzoneManagerStateMachine.java:567)
	at org.apache.hadoop.ozone.om.ratis.OzoneManagerStateMachine.lambda$1(OzoneManagerStateMachine.java:358)
	at java.util.concurrent.CompletableFuture$AsyncSupply.run(CompletableFuture.java:1604)
	at java.util.concurrent.ThreadPoolExecutor.runWorker(ThreadPoolExecutor.java:1149)
	at java.util.concurrent.ThreadPoolExecutor$Worker.run(ThreadPoolExecutor.java:624)
	at java.lang.Thread.run(Thread.java:750)
20:41:10.969 [OM StateMachine ApplyTransaction Thread - 0] ERROR OMAudit - user=runner | ip=127.0.0.1 | op=ALLOCATE_BLOCK {volume=141e7254-eeb3-4820-8ed7-9a98ad3b74a1, bucket=4643e7df-242e-47a8-9387-7f203acdcc8d, key=13f4f32d-9ddb-4d8a-a235-3b9cc8070224, dataSize=12, replicationType=RATIS, replicationFactor=ONE, clientID=110476556383682637} | ret=FAILURE
org.apache.hadoop.ozone.om.exceptions.OMException: The DiskSpace quota of bucket:4643e7df-242e-47a8-9387-7f203acdcc8d exceeded quotaInBytes: 16777216 Bytes but diskspace consumed: 20971520 Bytes.
	at org.apache.hadoop.ozone.om.request.key.OMKeyRequest.checkBucketQuotaInBytes(OMKeyRequest.java:536) ~[ozone-manager-1.4.0-SNAPSHOT.jar:?]
	at org.apache.hadoop.ozone.om.request.key.OMAllocateBlockRequest.validateAndUpdateCache(OMAllocateBlockRequest.java:224) ~[ozone-manager-1.4.0-SNAPSHOT.jar:?]
	at org.apache.hadoop.ozone.protocolPB.OzoneManagerRequestHandler.handleWriteRequest(OzoneManagerRequestHandler.java:338) ~[ozone-manager-1.4.0-SNAPSHOT.jar:?]
	at org.apache.hadoop.ozone.om.ratis.OzoneManagerStateMachine.runCommand(OzoneManagerStateMachine.java:567) ~[ozone-manager-1.4.0-SNAPSHOT.jar:?]
	at org.apache.hadoop.ozone.om.ratis.OzoneManagerStateMachine.lambda$1(OzoneManagerStateMachine.java:358) ~[ozone-manager-1.4.0-SNAPSHOT.jar:?]
	at java.util.concurrent.CompletableFuture$AsyncSupply.run(CompletableFuture.java:1604) [?:1.8.0_372]
	at java.util.concurrent.ThreadPoolExecutor.runWorker(ThreadPoolExecutor.java:1149) [?:1.8.0_372]
	at java.util.concurrent.ThreadPoolExecutor$Worker.run(ThreadPoolExecutor.java:624) [?:1.8.0_372]
	at java.lang.Thread.run(Thread.java:750) [?:1.8.0_372]
]]></system-out>
  </testcase>
  <testcase name="testCommitPartAfterCompleteUpload" classname="org.apache.hadoop.ozone.client.rpc.TestSecureOzoneRpcClient" time="0.641">
    <system-out><![CDATA[2023-06-02 20:41:11,031 [main] INFO  rpc.RpcClient (RpcClient.java:createVolume(459)) - Creating Volume: 85fd48a9-96a2-4585-943b-0b1b65fbee2d, with runner as owner and space quota set to -1 bytes, counts quota set to -1
2023-06-02 20:41:11,033 [OM StateMachine ApplyTransaction Thread - 0] INFO  volume.OMVolumeCreateRequest (OMVolumeCreateRequest.java:validateAndUpdateCache(196)) - created volume:85fd48a9-96a2-4585-943b-0b1b65fbee2d for user:runner
2023-06-02 20:41:11,035 [main] INFO  rpc.RpcClient (RpcClient.java:createBucket(686)) - Creating Bucket: 85fd48a9-96a2-4585-943b-0b1b65fbee2d/dc77b557-d959-4b1c-b2d4-2bae358eccca, with server-side default bucket layout, runner as owner, Versioning false, Storage Type set to DISK and Encryption set to false, Replication Type set to server-side default replication type, Namespace Quota set to -1, Space Quota set to -1 
2023-06-02 20:41:11,037 [OM StateMachine ApplyTransaction Thread - 0] INFO  bucket.OMBucketCreateRequest (OMBucketCreateRequest.java:validateAndUpdateCache(270)) - created bucket: dc77b557-d959-4b1c-b2d4-2bae358eccca of layout OBJECT_STORE in volume: 85fd48a9-96a2-4585-943b-0b1b65fbee2d
2023-06-02 20:41:11,476 [IPC Server handler 19 on default port 15001] WARN  node.SCMNodeManager (SCMNodeManager.java:getNodesByAddress(1381)) - Cannot find node for address 127.0.0.1
2023-06-02 20:41:11,478 [IPC Server handler 3 on default port 15001] WARN  node.SCMNodeManager (SCMNodeManager.java:getNodesByAddress(1381)) - Cannot find node for address 127.0.0.1
20:41:11.670 [OM StateMachine ApplyTransaction Thread - 0] ERROR OMAudit - user=runner | ip=127.0.0.1 | op=COMMIT_MULTIPART_UPLOAD_PARTKEY {volume=85fd48a9-96a2-4585-943b-0b1b65fbee2d, bucket=dc77b557-d959-4b1c-b2d4-2bae358eccca, key=7d572d09-e727-405b-9225-ed18b7dade61, dataSize=5242880, replicationType=NONE, replicationFactor=ZERO, partNumber=2, partName=/85fd48a9-96a2-4585-943b-0b1b65fbee2d/dc77b557-d959-4b1c-b2d4-2bae358eccca/7d572d09-e727-405b-9225-ed18b7dade61-2091478e-9f4f-4716-87e3-9baf99159ae3-110476556438143056-2} | ret=FAILURE
org.apache.hadoop.ozone.om.exceptions.OMException: No such Multipart upload is with specified uploadId 2091478e-9f4f-4716-87e3-9baf99159ae3-110476556438143056
	at org.apache.hadoop.ozone.om.request.s3.multipart.S3MultipartUploadCommitPartRequest.validateAndUpdateCache(S3MultipartUploadCommitPartRequest.java:188) ~[ozone-manager-1.4.0-SNAPSHOT.jar:?]
	at org.apache.hadoop.ozone.protocolPB.OzoneManagerRequestHandler.handleWriteRequest(OzoneManagerRequestHandler.java:338) ~[ozone-manager-1.4.0-SNAPSHOT.jar:?]
	at org.apache.hadoop.ozone.om.ratis.OzoneManagerStateMachine.runCommand(OzoneManagerStateMachine.java:567) ~[ozone-manager-1.4.0-SNAPSHOT.jar:?]
	at org.apache.hadoop.ozone.om.ratis.OzoneManagerStateMachine.lambda$1(OzoneManagerStateMachine.java:358) ~[ozone-manager-1.4.0-SNAPSHOT.jar:?]
	at java.util.concurrent.CompletableFuture$AsyncSupply.run(CompletableFuture.java:1604) [?:1.8.0_372]
	at java.util.concurrent.ThreadPoolExecutor.runWorker(ThreadPoolExecutor.java:1149) [?:1.8.0_372]
	at java.util.concurrent.ThreadPoolExecutor$Worker.run(ThreadPoolExecutor.java:624) [?:1.8.0_372]
	at java.lang.Thread.run(Thread.java:750) [?:1.8.0_372]
2023-06-02 20:41:11,670 [OM StateMachine ApplyTransaction Thread - 0] ERROR multipart.S3MultipartUploadCommitPartRequest (S3MultipartUploadCommitPartRequest.java:logResult(327)) - MultipartUpload Commit is failed for Key:7d572d09-e727-405b-9225-ed18b7dade61 in Volume/Bucket 85fd48a9-96a2-4585-943b-0b1b65fbee2d/dc77b557-d959-4b1c-b2d4-2bae358eccca
NO_SUCH_MULTIPART_UPLOAD_ERROR org.apache.hadoop.ozone.om.exceptions.OMException: No such Multipart upload is with specified uploadId 2091478e-9f4f-4716-87e3-9baf99159ae3-110476556438143056
	at org.apache.hadoop.ozone.om.request.s3.multipart.S3MultipartUploadCommitPartRequest.validateAndUpdateCache(S3MultipartUploadCommitPartRequest.java:188)
	at org.apache.hadoop.ozone.protocolPB.OzoneManagerRequestHandler.handleWriteRequest(OzoneManagerRequestHandler.java:338)
	at org.apache.hadoop.ozone.om.ratis.OzoneManagerStateMachine.runCommand(OzoneManagerStateMachine.java:567)
	at org.apache.hadoop.ozone.om.ratis.OzoneManagerStateMachine.lambda$1(OzoneManagerStateMachine.java:358)
	at java.util.concurrent.CompletableFuture$AsyncSupply.run(CompletableFuture.java:1604)
	at java.util.concurrent.ThreadPoolExecutor.runWorker(ThreadPoolExecutor.java:1149)
	at java.util.concurrent.ThreadPoolExecutor$Worker.run(ThreadPoolExecutor.java:624)
	at java.lang.Thread.run(Thread.java:750)
]]></system-out>
  </testcase>
  <testcase name="testCreateBucket" classname="org.apache.hadoop.ozone.client.rpc.TestSecureOzoneRpcClient" time="0.016">
    <system-out><![CDATA[2023-06-02 20:41:11,674 [main] INFO  rpc.RpcClient (RpcClient.java:createVolume(459)) - Creating Volume: 2ef450b2-17fa-4b36-9590-20be1fb3dcd1, with runner as owner and space quota set to -1 bytes, counts quota set to -1
2023-06-02 20:41:11,676 [OM StateMachine ApplyTransaction Thread - 0] INFO  volume.OMVolumeCreateRequest (OMVolumeCreateRequest.java:validateAndUpdateCache(196)) - created volume:2ef450b2-17fa-4b36-9590-20be1fb3dcd1 for user:runner
2023-06-02 20:41:11,681 [main] INFO  rpc.RpcClient (RpcClient.java:createBucket(686)) - Creating Bucket: 2ef450b2-17fa-4b36-9590-20be1fb3dcd1/c915f33d-bf33-4f79-abd1-9d6016cae329, with server-side default bucket layout, runner as owner, Versioning false, Storage Type set to DISK and Encryption set to false, Replication Type set to server-side default replication type, Namespace Quota set to -1, Space Quota set to -1 
2023-06-02 20:41:11,683 [OM StateMachine ApplyTransaction Thread - 0] INFO  bucket.OMBucketCreateRequest (OMBucketCreateRequest.java:validateAndUpdateCache(270)) - created bucket: c915f33d-bf33-4f79-abd1-9d6016cae329 of layout OBJECT_STORE in volume: 2ef450b2-17fa-4b36-9590-20be1fb3dcd1
]]></system-out>
  </testcase>
  <testcase name="testCreateBucketWithAcls" classname="org.apache.hadoop.ozone.client.rpc.TestSecureOzoneRpcClient" time="0.012">
    <system-out><![CDATA[2023-06-02 20:41:11,691 [main] INFO  rpc.RpcClient (RpcClient.java:createVolume(459)) - Creating Volume: 6641863d-049f-4c7e-90cf-8205bec46227, with runner as owner and space quota set to -1 bytes, counts quota set to -1
2023-06-02 20:41:11,695 [OM StateMachine ApplyTransaction Thread - 0] INFO  volume.OMVolumeCreateRequest (OMVolumeCreateRequest.java:validateAndUpdateCache(196)) - created volume:6641863d-049f-4c7e-90cf-8205bec46227 for user:runner
2023-06-02 20:41:11,696 [main] INFO  rpc.RpcClient (RpcClient.java:createBucket(686)) - Creating Bucket: 6641863d-049f-4c7e-90cf-8205bec46227/b14371bf-fcdc-4932-971f-1b09c3230954, with server-side default bucket layout, runner as owner, Versioning false, Storage Type set to DISK and Encryption set to false, Replication Type set to server-side default replication type, Namespace Quota set to -1, Space Quota set to -1 
2023-06-02 20:41:11,698 [OM StateMachine ApplyTransaction Thread - 0] INFO  bucket.OMBucketCreateRequest (OMBucketCreateRequest.java:validateAndUpdateCache(270)) - created bucket: b14371bf-fcdc-4932-971f-1b09c3230954 of layout OBJECT_STORE in volume: 6641863d-049f-4c7e-90cf-8205bec46227
]]></system-out>
  </testcase>
  <testcase name="testCreateBucketWithAllArgument" classname="org.apache.hadoop.ozone.client.rpc.TestSecureOzoneRpcClient" time="0.018">
    <system-out><![CDATA[2023-06-02 20:41:11,703 [main] INFO  rpc.RpcClient (RpcClient.java:createVolume(459)) - Creating Volume: 4d25a8ad-bd67-4bcb-b722-09df91c043f0, with runner as owner and space quota set to -1 bytes, counts quota set to -1
2023-06-02 20:41:11,705 [OM StateMachine ApplyTransaction Thread - 0] INFO  volume.OMVolumeCreateRequest (OMVolumeCreateRequest.java:validateAndUpdateCache(196)) - created volume:4d25a8ad-bd67-4bcb-b722-09df91c043f0 for user:runner
2023-06-02 20:41:11,709 [main] INFO  rpc.RpcClient (RpcClient.java:createBucket(686)) - Creating Bucket: 4d25a8ad-bd67-4bcb-b722-09df91c043f0/e1cb079e-3544-407f-b1d0-adf52d64e8f8, with server-side default bucket layout, runner as owner, Versioning true, Storage Type set to SSD and Encryption set to false, Replication Type set to EC, Namespace Quota set to -1, Space Quota set to -1 
2023-06-02 20:41:11,714 [OM StateMachine ApplyTransaction Thread - 0] INFO  bucket.OMBucketCreateRequest (OMBucketCreateRequest.java:validateAndUpdateCache(270)) - created bucket: e1cb079e-3544-407f-b1d0-adf52d64e8f8 of layout OBJECT_STORE in volume: 4d25a8ad-bd67-4bcb-b722-09df91c043f0
]]></system-out>
  </testcase>
  <testcase name="testCreateBucketWithMetadata" classname="org.apache.hadoop.ozone.client.rpc.TestSecureOzoneRpcClient" time="0.013">
    <system-out><![CDATA[2023-06-02 20:41:11,722 [main] INFO  rpc.RpcClient (RpcClient.java:createVolume(459)) - Creating Volume: 77d594c2-0c4d-406f-ab6c-1863a2f36981, with runner as owner and space quota set to -1 bytes, counts quota set to -1
2023-06-02 20:41:11,727 [OM StateMachine ApplyTransaction Thread - 0] INFO  volume.OMVolumeCreateRequest (OMVolumeCreateRequest.java:validateAndUpdateCache(196)) - created volume:77d594c2-0c4d-406f-ab6c-1863a2f36981 for user:runner
2023-06-02 20:41:11,728 [main] INFO  rpc.RpcClient (RpcClient.java:createBucket(686)) - Creating Bucket: 77d594c2-0c4d-406f-ab6c-1863a2f36981/8a18987b-772d-4501-93f8-3c476461bf06, with server-side default bucket layout, runner as owner, Versioning false, Storage Type set to DISK and Encryption set to false, Replication Type set to server-side default replication type, Namespace Quota set to -1, Space Quota set to -1 
2023-06-02 20:41:11,731 [OM StateMachine ApplyTransaction Thread - 0] INFO  bucket.OMBucketCreateRequest (OMBucketCreateRequest.java:validateAndUpdateCache(270)) - created bucket: 8a18987b-772d-4501-93f8-3c476461bf06 of layout OBJECT_STORE in volume: 77d594c2-0c4d-406f-ab6c-1863a2f36981
]]></system-out>
  </testcase>
  <testcase name="testCreateBucketWithReplicationConfig" classname="org.apache.hadoop.ozone.client.rpc.TestSecureOzoneRpcClient" time="0.012">
    <system-out><![CDATA[2023-06-02 20:41:11,735 [main] INFO  rpc.RpcClient (RpcClient.java:createVolume(459)) - Creating Volume: 0263084a-7ca5-4685-b52e-9bcf0defae3c, with runner as owner and space quota set to -1 bytes, counts quota set to -1
2023-06-02 20:41:11,738 [OM StateMachine ApplyTransaction Thread - 0] INFO  volume.OMVolumeCreateRequest (OMVolumeCreateRequest.java:validateAndUpdateCache(196)) - created volume:0263084a-7ca5-4685-b52e-9bcf0defae3c for user:runner
2023-06-02 20:41:11,740 [main] INFO  rpc.RpcClient (RpcClient.java:createBucket(686)) - Creating Bucket: 0263084a-7ca5-4685-b52e-9bcf0defae3c/16639004-897e-4e4e-8da4-4954123a2698, with server-side default bucket layout, runner as owner, Versioning false, Storage Type set to DISK and Encryption set to false, Replication Type set to EC, Namespace Quota set to -1, Space Quota set to -1 
2023-06-02 20:41:11,742 [OM StateMachine ApplyTransaction Thread - 0] INFO  bucket.OMBucketCreateRequest (OMBucketCreateRequest.java:validateAndUpdateCache(270)) - created bucket: 16639004-897e-4e4e-8da4-4954123a2698 of layout OBJECT_STORE in volume: 0263084a-7ca5-4685-b52e-9bcf0defae3c
]]></system-out>
  </testcase>
  <testcase name="testCreateBucketWithStorageType" classname="org.apache.hadoop.ozone.client.rpc.TestSecureOzoneRpcClient" time="0.01">
    <system-out><![CDATA[2023-06-02 20:41:11,748 [main] INFO  rpc.RpcClient (RpcClient.java:createVolume(459)) - Creating Volume: de45e3d2-cb15-47e9-b1dc-4f6731039e54, with runner as owner and space quota set to -1 bytes, counts quota set to -1
2023-06-02 20:41:11,750 [OM StateMachine ApplyTransaction Thread - 0] INFO  volume.OMVolumeCreateRequest (OMVolumeCreateRequest.java:validateAndUpdateCache(196)) - created volume:de45e3d2-cb15-47e9-b1dc-4f6731039e54 for user:runner
2023-06-02 20:41:11,753 [main] INFO  rpc.RpcClient (RpcClient.java:createBucket(686)) - Creating Bucket: de45e3d2-cb15-47e9-b1dc-4f6731039e54/c46452a8-e2fa-40a1-aad9-bcee160571e6, with server-side default bucket layout, runner as owner, Versioning false, Storage Type set to SSD and Encryption set to false, Replication Type set to server-side default replication type, Namespace Quota set to -1, Space Quota set to -1 
2023-06-02 20:41:11,755 [OM StateMachine ApplyTransaction Thread - 0] INFO  bucket.OMBucketCreateRequest (OMBucketCreateRequest.java:validateAndUpdateCache(270)) - created bucket: c46452a8-e2fa-40a1-aad9-bcee160571e6 of layout OBJECT_STORE in volume: de45e3d2-cb15-47e9-b1dc-4f6731039e54
]]></system-out>
  </testcase>
  <testcase name="testCreateBucketWithVersioning" classname="org.apache.hadoop.ozone.client.rpc.TestSecureOzoneRpcClient" time="0.008">
    <system-out><![CDATA[2023-06-02 20:41:11,758 [main] INFO  rpc.RpcClient (RpcClient.java:createVolume(459)) - Creating Volume: c67f5bf0-d1cc-479c-a09f-0dcd9e3282a5, with runner as owner and space quota set to -1 bytes, counts quota set to -1
2023-06-02 20:41:11,760 [OM StateMachine ApplyTransaction Thread - 0] INFO  volume.OMVolumeCreateRequest (OMVolumeCreateRequest.java:validateAndUpdateCache(196)) - created volume:c67f5bf0-d1cc-479c-a09f-0dcd9e3282a5 for user:runner
2023-06-02 20:41:11,762 [main] INFO  rpc.RpcClient (RpcClient.java:createBucket(686)) - Creating Bucket: c67f5bf0-d1cc-479c-a09f-0dcd9e3282a5/e8bbd5e7-adf1-4f76-913b-e7914ca21099, with server-side default bucket layout, runner as owner, Versioning true, Storage Type set to DISK and Encryption set to false, Replication Type set to server-side default replication type, Namespace Quota set to -1, Space Quota set to -1 
2023-06-02 20:41:11,764 [OM StateMachine ApplyTransaction Thread - 0] INFO  bucket.OMBucketCreateRequest (OMBucketCreateRequest.java:validateAndUpdateCache(270)) - created bucket: e8bbd5e7-adf1-4f76-913b-e7914ca21099 of layout OBJECT_STORE in volume: c67f5bf0-d1cc-479c-a09f-0dcd9e3282a5
]]></system-out>
  </testcase>
  <testcase name="testCreateS3Bucket" classname="org.apache.hadoop.ozone.client.rpc.TestSecureOzoneRpcClient" time="0.013">
    <system-out><![CDATA[2023-06-02 20:41:11,775 [main] INFO  rpc.RpcClient (RpcClient.java:createBucket(686)) - Creating Bucket: s3v/c5e1a3d9-25a1-46f2-b3d8-9e0d829590d1, with bucket layout OBJECT_STORE, runner as owner, Versioning false, Storage Type set to DISK and Encryption set to false, Replication Type set to server-side default replication type, Namespace Quota set to -1, Space Quota set to -1 
2023-06-02 20:41:11,777 [OM StateMachine ApplyTransaction Thread - 0] INFO  bucket.OMBucketCreateRequest (OMBucketCreateRequest.java:validateAndUpdateCache(270)) - created bucket: c5e1a3d9-25a1-46f2-b3d8-9e0d829590d1 of layout OBJECT_STORE in volume: s3v
]]></system-out>
  </testcase>
  <testcase name="testCreateVolumeWithMetadata" classname="org.apache.hadoop.ozone.client.rpc.TestSecureOzoneRpcClient" time="0.004">
    <system-out><![CDATA[2023-06-02 20:41:11,781 [main] INFO  rpc.RpcClient (RpcClient.java:createVolume(459)) - Creating Volume: 56a8d2c7-61b8-4329-83ee-f31165fe4b23, with runner as owner and space quota set to -1 bytes, counts quota set to -1
2023-06-02 20:41:11,784 [OM StateMachine ApplyTransaction Thread - 0] INFO  volume.OMVolumeCreateRequest (OMVolumeCreateRequest.java:validateAndUpdateCache(196)) - created volume:56a8d2c7-61b8-4329-83ee-f31165fe4b23 for user:runner
]]></system-out>
  </testcase>
  <testcase name="testDefaultS3GVolumeExists" classname="org.apache.hadoop.ozone.client.rpc.TestSecureOzoneRpcClient" time="0.001"/>
  <testcase name="testDeleteBucket" classname="org.apache.hadoop.ozone.client.rpc.TestSecureOzoneRpcClient" time="0.027">
    <system-out><![CDATA[2023-06-02 20:41:11,789 [main] INFO  rpc.RpcClient (RpcClient.java:createVolume(459)) - Creating Volume: c8a8d243-9101-41dc-be98-7c2b2590d7b2, with runner as owner and space quota set to -1 bytes, counts quota set to -1
2023-06-02 20:41:11,791 [OM StateMachine ApplyTransaction Thread - 0] INFO  volume.OMVolumeCreateRequest (OMVolumeCreateRequest.java:validateAndUpdateCache(196)) - created volume:c8a8d243-9101-41dc-be98-7c2b2590d7b2 for user:runner
2023-06-02 20:41:11,793 [main] INFO  rpc.RpcClient (RpcClient.java:createBucket(686)) - Creating Bucket: c8a8d243-9101-41dc-be98-7c2b2590d7b2/c755d98d-5f00-4b36-a4c9-77c7e149cfe1, with server-side default bucket layout, runner as owner, Versioning false, Storage Type set to DISK and Encryption set to false, Replication Type set to server-side default replication type, Namespace Quota set to -1, Space Quota set to -1 
2023-06-02 20:41:11,806 [OM StateMachine ApplyTransaction Thread - 0] INFO  bucket.OMBucketCreateRequest (OMBucketCreateRequest.java:validateAndUpdateCache(270)) - created bucket: c755d98d-5f00-4b36-a4c9-77c7e149cfe1 of layout OBJECT_STORE in volume: c8a8d243-9101-41dc-be98-7c2b2590d7b2
20:41:11.814 [IPC Server handler 3 on default port 15004] ERROR OMAudit - user=runner | ip=127.0.0.1 | op=READ_BUCKET {volume=c8a8d243-9101-41dc-be98-7c2b2590d7b2, bucket=c755d98d-5f00-4b36-a4c9-77c7e149cfe1} | ret=FAILURE
org.apache.hadoop.ozone.om.exceptions.OMException: Bucket not found
	at org.apache.hadoop.ozone.om.OzoneManager.getBucketOwner(OzoneManager.java:2498) ~[ozone-manager-1.4.0-SNAPSHOT.jar:?]
	at org.apache.hadoop.ozone.om.OzoneManager.getBucketOwner(OzoneManager.java:2468) ~[ozone-manager-1.4.0-SNAPSHOT.jar:?]
	at org.apache.hadoop.ozone.om.OmMetadataReader.checkAcls(OmMetadataReader.java:444) ~[ozone-manager-1.4.0-SNAPSHOT.jar:?]
	at org.apache.hadoop.ozone.om.OzoneManager.getBucketInfo(OzoneManager.java:2758) ~[ozone-manager-1.4.0-SNAPSHOT.jar:?]
	at org.apache.hadoop.ozone.protocolPB.OzoneManagerRequestHandler.infoBucket(OzoneManagerRequestHandler.java:510) ~[ozone-manager-1.4.0-SNAPSHOT.jar:?]
	at org.apache.hadoop.ozone.protocolPB.OzoneManagerRequestHandler.handleReadRequest(OzoneManagerRequestHandler.java:189) ~[ozone-manager-1.4.0-SNAPSHOT.jar:?]
	at org.apache.hadoop.ozone.protocolPB.OzoneManagerProtocolServerSideTranslatorPB.submitReadRequestToOM(OzoneManagerProtocolServerSideTranslatorPB.java:223) ~[ozone-manager-1.4.0-SNAPSHOT.jar:?]
	at org.apache.hadoop.ozone.protocolPB.OzoneManagerProtocolServerSideTranslatorPB.processRequest(OzoneManagerProtocolServerSideTranslatorPB.java:177) ~[ozone-manager-1.4.0-SNAPSHOT.jar:?]
	at org.apache.hadoop.hdds.server.OzoneProtocolMessageDispatcher.processRequest(OzoneProtocolMessageDispatcher.java:87) [hdds-server-framework-1.4.0-SNAPSHOT.jar:?]
	at org.apache.hadoop.ozone.protocolPB.OzoneManagerProtocolServerSideTranslatorPB.submitRequest(OzoneManagerProtocolServerSideTranslatorPB.java:147) [ozone-manager-1.4.0-SNAPSHOT.jar:?]
	at org.apache.hadoop.ozone.protocol.proto.OzoneManagerProtocolProtos$OzoneManagerService$2.callBlockingMethod(OzoneManagerProtocolProtos.java) [ozone-interface-client-1.4.0-SNAPSHOT.jar:?]
	at org.apache.hadoop.ipc.ProtobufRpcEngine$Server.processCall(ProtobufRpcEngine.java:484) [hadoop-common-3.3.5.jar:?]
	at org.apache.hadoop.ipc.ProtobufRpcEngine2$Server$ProtoBufRpcInvoker.call(ProtobufRpcEngine2.java:595) [hadoop-common-3.3.5.jar:?]
	at org.apache.hadoop.ipc.ProtobufRpcEngine2$Server$ProtoBufRpcInvoker.call(ProtobufRpcEngine2.java:573) [hadoop-common-3.3.5.jar:?]
	at org.apache.hadoop.ipc.RPC$Server.call(RPC.java:1213) [hadoop-common-3.3.5.jar:?]
	at org.apache.hadoop.ipc.Server$RpcCall.run(Server.java:1089) [hadoop-common-3.3.5.jar:?]
	at org.apache.hadoop.ipc.Server$RpcCall.run(Server.java:1012) [hadoop-common-3.3.5.jar:?]
	at java.security.AccessController.doPrivileged(Native Method) ~[?:1.8.0_372]
	at javax.security.auth.Subject.doAs(Subject.java:422) [?:1.8.0_372]
	at org.apache.hadoop.security.UserGroupInformation.doAs(UserGroupInformation.java:1899) [hadoop-common-3.3.5.jar:?]
	at org.apache.hadoop.ipc.Server$Handler.run(Server.java:3026) [hadoop-common-3.3.5.jar:?]
]]></system-out>
  </testcase>
  <testcase name="testDeleteBucketWithTheSamePrefix(BucketLayout)[1]" classname="org.apache.hadoop.ozone.client.rpc.TestSecureOzoneRpcClient" time="0.029">
    <system-out><![CDATA[2023-06-02 20:41:11,818 [main] INFO  rpc.RpcClient (RpcClient.java:createVolume(459)) - Creating Volume: 6b66c318-1aa3-41f7-90f0-3ecde2db841d, with runner as owner and space quota set to -1 bytes, counts quota set to -1
2023-06-02 20:41:11,820 [OM StateMachine ApplyTransaction Thread - 0] INFO  volume.OMVolumeCreateRequest (OMVolumeCreateRequest.java:validateAndUpdateCache(196)) - created volume:6b66c318-1aa3-41f7-90f0-3ecde2db841d for user:runner
2023-06-02 20:41:11,822 [main] INFO  rpc.RpcClient (RpcClient.java:createBucket(686)) - Creating Bucket: 6b66c318-1aa3-41f7-90f0-3ecde2db841d/bucket1, with bucket layout OBJECT_STORE, runner as owner, Versioning false, Storage Type set to DISK and Encryption set to false, Replication Type set to server-side default replication type, Namespace Quota set to -1, Space Quota set to -1 
2023-06-02 20:41:11,825 [OM StateMachine ApplyTransaction Thread - 0] INFO  bucket.OMBucketCreateRequest (OMBucketCreateRequest.java:validateAndUpdateCache(270)) - created bucket: bucket1 of layout OBJECT_STORE in volume: 6b66c318-1aa3-41f7-90f0-3ecde2db841d
2023-06-02 20:41:11,826 [main] INFO  rpc.RpcClient (RpcClient.java:createBucket(686)) - Creating Bucket: 6b66c318-1aa3-41f7-90f0-3ecde2db841d/bucket11, with bucket layout OBJECT_STORE, runner as owner, Versioning false, Storage Type set to DISK and Encryption set to false, Replication Type set to server-side default replication type, Namespace Quota set to -1, Space Quota set to -1 
2023-06-02 20:41:11,827 [OM StateMachine ApplyTransaction Thread - 0] INFO  bucket.OMBucketCreateRequest (OMBucketCreateRequest.java:validateAndUpdateCache(270)) - created bucket: bucket11 of layout OBJECT_STORE in volume: 6b66c318-1aa3-41f7-90f0-3ecde2db841d
20:41:11.845 [IPC Server handler 18 on default port 15004] ERROR OMAudit - user=runner | ip=127.0.0.1 | op=READ_BUCKET {volume=6b66c318-1aa3-41f7-90f0-3ecde2db841d, bucket=bucket1} | ret=FAILURE
org.apache.hadoop.ozone.om.exceptions.OMException: Bucket not found
	at org.apache.hadoop.ozone.om.OzoneManager.getBucketOwner(OzoneManager.java:2498) ~[ozone-manager-1.4.0-SNAPSHOT.jar:?]
	at org.apache.hadoop.ozone.om.OzoneManager.getBucketOwner(OzoneManager.java:2468) ~[ozone-manager-1.4.0-SNAPSHOT.jar:?]
	at org.apache.hadoop.ozone.om.OmMetadataReader.checkAcls(OmMetadataReader.java:444) ~[ozone-manager-1.4.0-SNAPSHOT.jar:?]
	at org.apache.hadoop.ozone.om.OzoneManager.getBucketInfo(OzoneManager.java:2758) ~[ozone-manager-1.4.0-SNAPSHOT.jar:?]
	at org.apache.hadoop.ozone.protocolPB.OzoneManagerRequestHandler.infoBucket(OzoneManagerRequestHandler.java:510) ~[ozone-manager-1.4.0-SNAPSHOT.jar:?]
	at org.apache.hadoop.ozone.protocolPB.OzoneManagerRequestHandler.handleReadRequest(OzoneManagerRequestHandler.java:189) ~[ozone-manager-1.4.0-SNAPSHOT.jar:?]
	at org.apache.hadoop.ozone.protocolPB.OzoneManagerProtocolServerSideTranslatorPB.submitReadRequestToOM(OzoneManagerProtocolServerSideTranslatorPB.java:223) ~[ozone-manager-1.4.0-SNAPSHOT.jar:?]
	at org.apache.hadoop.ozone.protocolPB.OzoneManagerProtocolServerSideTranslatorPB.processRequest(OzoneManagerProtocolServerSideTranslatorPB.java:177) ~[ozone-manager-1.4.0-SNAPSHOT.jar:?]
	at org.apache.hadoop.hdds.server.OzoneProtocolMessageDispatcher.processRequest(OzoneProtocolMessageDispatcher.java:87) [hdds-server-framework-1.4.0-SNAPSHOT.jar:?]
	at org.apache.hadoop.ozone.protocolPB.OzoneManagerProtocolServerSideTranslatorPB.submitRequest(OzoneManagerProtocolServerSideTranslatorPB.java:147) [ozone-manager-1.4.0-SNAPSHOT.jar:?]
	at org.apache.hadoop.ozone.protocol.proto.OzoneManagerProtocolProtos$OzoneManagerService$2.callBlockingMethod(OzoneManagerProtocolProtos.java) [ozone-interface-client-1.4.0-SNAPSHOT.jar:?]
	at org.apache.hadoop.ipc.ProtobufRpcEngine$Server.processCall(ProtobufRpcEngine.java:484) [hadoop-common-3.3.5.jar:?]
	at org.apache.hadoop.ipc.ProtobufRpcEngine2$Server$ProtoBufRpcInvoker.call(ProtobufRpcEngine2.java:595) [hadoop-common-3.3.5.jar:?]
	at org.apache.hadoop.ipc.ProtobufRpcEngine2$Server$ProtoBufRpcInvoker.call(ProtobufRpcEngine2.java:573) [hadoop-common-3.3.5.jar:?]
	at org.apache.hadoop.ipc.RPC$Server.call(RPC.java:1213) [hadoop-common-3.3.5.jar:?]
	at org.apache.hadoop.ipc.Server$RpcCall.run(Server.java:1089) [hadoop-common-3.3.5.jar:?]
	at org.apache.hadoop.ipc.Server$RpcCall.run(Server.java:1012) [hadoop-common-3.3.5.jar:?]
	at java.security.AccessController.doPrivileged(Native Method) ~[?:1.8.0_372]
	at javax.security.auth.Subject.doAs(Subject.java:422) [?:1.8.0_372]
	at org.apache.hadoop.security.UserGroupInformation.doAs(UserGroupInformation.java:1899) [hadoop-common-3.3.5.jar:?]
	at org.apache.hadoop.ipc.Server$Handler.run(Server.java:3026) [hadoop-common-3.3.5.jar:?]
]]></system-out>
  </testcase>
  <testcase name="testDeleteBucketWithTheSamePrefix(BucketLayout)[2]" classname="org.apache.hadoop.ozone.client.rpc.TestSecureOzoneRpcClient" time="0.027">
    <system-out><![CDATA[2023-06-02 20:41:11,848 [main] INFO  rpc.RpcClient (RpcClient.java:createVolume(459)) - Creating Volume: b5efc40f-06de-48d2-a658-28c8c21ed37d, with runner as owner and space quota set to -1 bytes, counts quota set to -1
2023-06-02 20:41:11,851 [OM StateMachine ApplyTransaction Thread - 0] INFO  volume.OMVolumeCreateRequest (OMVolumeCreateRequest.java:validateAndUpdateCache(196)) - created volume:b5efc40f-06de-48d2-a658-28c8c21ed37d for user:runner
2023-06-02 20:41:11,852 [main] INFO  rpc.RpcClient (RpcClient.java:createBucket(686)) - Creating Bucket: b5efc40f-06de-48d2-a658-28c8c21ed37d/bucket1, with bucket layout LEGACY, runner as owner, Versioning false, Storage Type set to DISK and Encryption set to false, Replication Type set to server-side default replication type, Namespace Quota set to -1, Space Quota set to -1 
2023-06-02 20:41:11,854 [OM StateMachine ApplyTransaction Thread - 0] INFO  bucket.OMBucketCreateRequest (OMBucketCreateRequest.java:validateAndUpdateCache(270)) - created bucket: bucket1 of layout LEGACY in volume: b5efc40f-06de-48d2-a658-28c8c21ed37d
2023-06-02 20:41:11,855 [main] INFO  rpc.RpcClient (RpcClient.java:createBucket(686)) - Creating Bucket: b5efc40f-06de-48d2-a658-28c8c21ed37d/bucket11, with bucket layout LEGACY, runner as owner, Versioning false, Storage Type set to DISK and Encryption set to false, Replication Type set to server-side default replication type, Namespace Quota set to -1, Space Quota set to -1 
2023-06-02 20:41:11,857 [OM StateMachine ApplyTransaction Thread - 0] INFO  bucket.OMBucketCreateRequest (OMBucketCreateRequest.java:validateAndUpdateCache(270)) - created bucket: bucket11 of layout LEGACY in volume: b5efc40f-06de-48d2-a658-28c8c21ed37d
20:41:11.873 [IPC Server handler 4 on default port 15004] ERROR OMAudit - user=runner | ip=127.0.0.1 | op=READ_BUCKET {volume=b5efc40f-06de-48d2-a658-28c8c21ed37d, bucket=bucket1} | ret=FAILURE
org.apache.hadoop.ozone.om.exceptions.OMException: Bucket not found
	at org.apache.hadoop.ozone.om.OzoneManager.getBucketOwner(OzoneManager.java:2498) ~[ozone-manager-1.4.0-SNAPSHOT.jar:?]
	at org.apache.hadoop.ozone.om.OzoneManager.getBucketOwner(OzoneManager.java:2468) ~[ozone-manager-1.4.0-SNAPSHOT.jar:?]
	at org.apache.hadoop.ozone.om.OmMetadataReader.checkAcls(OmMetadataReader.java:444) ~[ozone-manager-1.4.0-SNAPSHOT.jar:?]
	at org.apache.hadoop.ozone.om.OzoneManager.getBucketInfo(OzoneManager.java:2758) ~[ozone-manager-1.4.0-SNAPSHOT.jar:?]
	at org.apache.hadoop.ozone.protocolPB.OzoneManagerRequestHandler.infoBucket(OzoneManagerRequestHandler.java:510) ~[ozone-manager-1.4.0-SNAPSHOT.jar:?]
	at org.apache.hadoop.ozone.protocolPB.OzoneManagerRequestHandler.handleReadRequest(OzoneManagerRequestHandler.java:189) ~[ozone-manager-1.4.0-SNAPSHOT.jar:?]
	at org.apache.hadoop.ozone.protocolPB.OzoneManagerProtocolServerSideTranslatorPB.submitReadRequestToOM(OzoneManagerProtocolServerSideTranslatorPB.java:223) ~[ozone-manager-1.4.0-SNAPSHOT.jar:?]
	at org.apache.hadoop.ozone.protocolPB.OzoneManagerProtocolServerSideTranslatorPB.processRequest(OzoneManagerProtocolServerSideTranslatorPB.java:177) ~[ozone-manager-1.4.0-SNAPSHOT.jar:?]
	at org.apache.hadoop.hdds.server.OzoneProtocolMessageDispatcher.processRequest(OzoneProtocolMessageDispatcher.java:87) [hdds-server-framework-1.4.0-SNAPSHOT.jar:?]
	at org.apache.hadoop.ozone.protocolPB.OzoneManagerProtocolServerSideTranslatorPB.submitRequest(OzoneManagerProtocolServerSideTranslatorPB.java:147) [ozone-manager-1.4.0-SNAPSHOT.jar:?]
	at org.apache.hadoop.ozone.protocol.proto.OzoneManagerProtocolProtos$OzoneManagerService$2.callBlockingMethod(OzoneManagerProtocolProtos.java) [ozone-interface-client-1.4.0-SNAPSHOT.jar:?]
	at org.apache.hadoop.ipc.ProtobufRpcEngine$Server.processCall(ProtobufRpcEngine.java:484) [hadoop-common-3.3.5.jar:?]
	at org.apache.hadoop.ipc.ProtobufRpcEngine2$Server$ProtoBufRpcInvoker.call(ProtobufRpcEngine2.java:595) [hadoop-common-3.3.5.jar:?]
	at org.apache.hadoop.ipc.ProtobufRpcEngine2$Server$ProtoBufRpcInvoker.call(ProtobufRpcEngine2.java:573) [hadoop-common-3.3.5.jar:?]
	at org.apache.hadoop.ipc.RPC$Server.call(RPC.java:1213) [hadoop-common-3.3.5.jar:?]
	at org.apache.hadoop.ipc.Server$RpcCall.run(Server.java:1089) [hadoop-common-3.3.5.jar:?]
	at org.apache.hadoop.ipc.Server$RpcCall.run(Server.java:1012) [hadoop-common-3.3.5.jar:?]
	at java.security.AccessController.doPrivileged(Native Method) ~[?:1.8.0_372]
	at javax.security.auth.Subject.doAs(Subject.java:422) [?:1.8.0_372]
	at org.apache.hadoop.security.UserGroupInformation.doAs(UserGroupInformation.java:1899) [hadoop-common-3.3.5.jar:?]
	at org.apache.hadoop.ipc.Server$Handler.run(Server.java:3026) [hadoop-common-3.3.5.jar:?]
]]></system-out>
  </testcase>
  <testcase name="testDeleteBucketWithTheSamePrefix(BucketLayout)[3]" classname="org.apache.hadoop.ozone.client.rpc.TestSecureOzoneRpcClient" time="0.026">
    <system-out><![CDATA[2023-06-02 20:41:11,875 [main] INFO  rpc.RpcClient (RpcClient.java:createVolume(459)) - Creating Volume: 6d4a0667-2cf4-4a43-b625-0d594931e7f7, with runner as owner and space quota set to -1 bytes, counts quota set to -1
2023-06-02 20:41:11,877 [OM StateMachine ApplyTransaction Thread - 0] INFO  volume.OMVolumeCreateRequest (OMVolumeCreateRequest.java:validateAndUpdateCache(196)) - created volume:6d4a0667-2cf4-4a43-b625-0d594931e7f7 for user:runner
2023-06-02 20:41:11,879 [main] INFO  rpc.RpcClient (RpcClient.java:createBucket(686)) - Creating Bucket: 6d4a0667-2cf4-4a43-b625-0d594931e7f7/bucket1, with bucket layout FILE_SYSTEM_OPTIMIZED, runner as owner, Versioning false, Storage Type set to DISK and Encryption set to false, Replication Type set to server-side default replication type, Namespace Quota set to -1, Space Quota set to -1 
2023-06-02 20:41:11,881 [OM StateMachine ApplyTransaction Thread - 0] INFO  bucket.OMBucketCreateRequest (OMBucketCreateRequest.java:validateAndUpdateCache(270)) - created bucket: bucket1 of layout FILE_SYSTEM_OPTIMIZED in volume: 6d4a0667-2cf4-4a43-b625-0d594931e7f7
2023-06-02 20:41:11,882 [main] INFO  rpc.RpcClient (RpcClient.java:createBucket(686)) - Creating Bucket: 6d4a0667-2cf4-4a43-b625-0d594931e7f7/bucket11, with bucket layout FILE_SYSTEM_OPTIMIZED, runner as owner, Versioning false, Storage Type set to DISK and Encryption set to false, Replication Type set to server-side default replication type, Namespace Quota set to -1, Space Quota set to -1 
2023-06-02 20:41:11,884 [OM StateMachine ApplyTransaction Thread - 0] INFO  bucket.OMBucketCreateRequest (OMBucketCreateRequest.java:validateAndUpdateCache(270)) - created bucket: bucket11 of layout FILE_SYSTEM_OPTIMIZED in volume: 6d4a0667-2cf4-4a43-b625-0d594931e7f7
20:41:11.899 [IPC Server handler 6 on default port 15004] ERROR OMAudit - user=runner | ip=127.0.0.1 | op=READ_BUCKET {volume=6d4a0667-2cf4-4a43-b625-0d594931e7f7, bucket=bucket1} | ret=FAILURE
org.apache.hadoop.ozone.om.exceptions.OMException: Bucket not found
	at org.apache.hadoop.ozone.om.OzoneManager.getBucketOwner(OzoneManager.java:2498) ~[ozone-manager-1.4.0-SNAPSHOT.jar:?]
	at org.apache.hadoop.ozone.om.OzoneManager.getBucketOwner(OzoneManager.java:2468) ~[ozone-manager-1.4.0-SNAPSHOT.jar:?]
	at org.apache.hadoop.ozone.om.OmMetadataReader.checkAcls(OmMetadataReader.java:444) ~[ozone-manager-1.4.0-SNAPSHOT.jar:?]
	at org.apache.hadoop.ozone.om.OzoneManager.getBucketInfo(OzoneManager.java:2758) ~[ozone-manager-1.4.0-SNAPSHOT.jar:?]
	at org.apache.hadoop.ozone.protocolPB.OzoneManagerRequestHandler.infoBucket(OzoneManagerRequestHandler.java:510) ~[ozone-manager-1.4.0-SNAPSHOT.jar:?]
	at org.apache.hadoop.ozone.protocolPB.OzoneManagerRequestHandler.handleReadRequest(OzoneManagerRequestHandler.java:189) ~[ozone-manager-1.4.0-SNAPSHOT.jar:?]
	at org.apache.hadoop.ozone.protocolPB.OzoneManagerProtocolServerSideTranslatorPB.submitReadRequestToOM(OzoneManagerProtocolServerSideTranslatorPB.java:223) ~[ozone-manager-1.4.0-SNAPSHOT.jar:?]
	at org.apache.hadoop.ozone.protocolPB.OzoneManagerProtocolServerSideTranslatorPB.processRequest(OzoneManagerProtocolServerSideTranslatorPB.java:177) ~[ozone-manager-1.4.0-SNAPSHOT.jar:?]
	at org.apache.hadoop.hdds.server.OzoneProtocolMessageDispatcher.processRequest(OzoneProtocolMessageDispatcher.java:87) [hdds-server-framework-1.4.0-SNAPSHOT.jar:?]
	at org.apache.hadoop.ozone.protocolPB.OzoneManagerProtocolServerSideTranslatorPB.submitRequest(OzoneManagerProtocolServerSideTranslatorPB.java:147) [ozone-manager-1.4.0-SNAPSHOT.jar:?]
	at org.apache.hadoop.ozone.protocol.proto.OzoneManagerProtocolProtos$OzoneManagerService$2.callBlockingMethod(OzoneManagerProtocolProtos.java) [ozone-interface-client-1.4.0-SNAPSHOT.jar:?]
	at org.apache.hadoop.ipc.ProtobufRpcEngine$Server.processCall(ProtobufRpcEngine.java:484) [hadoop-common-3.3.5.jar:?]
	at org.apache.hadoop.ipc.ProtobufRpcEngine2$Server$ProtoBufRpcInvoker.call(ProtobufRpcEngine2.java:595) [hadoop-common-3.3.5.jar:?]
	at org.apache.hadoop.ipc.ProtobufRpcEngine2$Server$ProtoBufRpcInvoker.call(ProtobufRpcEngine2.java:573) [hadoop-common-3.3.5.jar:?]
	at org.apache.hadoop.ipc.RPC$Server.call(RPC.java:1213) [hadoop-common-3.3.5.jar:?]
	at org.apache.hadoop.ipc.Server$RpcCall.run(Server.java:1089) [hadoop-common-3.3.5.jar:?]
	at org.apache.hadoop.ipc.Server$RpcCall.run(Server.java:1012) [hadoop-common-3.3.5.jar:?]
	at java.security.AccessController.doPrivileged(Native Method) ~[?:1.8.0_372]
	at javax.security.auth.Subject.doAs(Subject.java:422) [?:1.8.0_372]
	at org.apache.hadoop.security.UserGroupInformation.doAs(UserGroupInformation.java:1899) [hadoop-common-3.3.5.jar:?]
	at org.apache.hadoop.ipc.Server$Handler.run(Server.java:3026) [hadoop-common-3.3.5.jar:?]
]]></system-out>
  </testcase>
  <testcase name="testDeleteKey" classname="org.apache.hadoop.ozone.client.rpc.TestSecureOzoneRpcClient" time="0.053">
    <system-out><![CDATA[2023-06-02 20:41:11,901 [main] INFO  rpc.RpcClient (RpcClient.java:createVolume(459)) - Creating Volume: df233fb8-b48b-460c-8139-94e8971a4877, with runner as owner and space quota set to -1 bytes, counts quota set to -1
2023-06-02 20:41:11,903 [OM StateMachine ApplyTransaction Thread - 0] INFO  volume.OMVolumeCreateRequest (OMVolumeCreateRequest.java:validateAndUpdateCache(196)) - created volume:df233fb8-b48b-460c-8139-94e8971a4877 for user:runner
2023-06-02 20:41:11,905 [main] INFO  rpc.RpcClient (RpcClient.java:createBucket(686)) - Creating Bucket: df233fb8-b48b-460c-8139-94e8971a4877/8485eb5f-dd60-43a2-a475-77e6916d72a7, with server-side default bucket layout, runner as owner, Versioning false, Storage Type set to DISK and Encryption set to false, Replication Type set to server-side default replication type, Namespace Quota set to -1, Space Quota set to -1 
2023-06-02 20:41:11,906 [OM StateMachine ApplyTransaction Thread - 0] INFO  bucket.OMBucketCreateRequest (OMBucketCreateRequest.java:validateAndUpdateCache(270)) - created bucket: 8485eb5f-dd60-43a2-a475-77e6916d72a7 of layout OBJECT_STORE in volume: df233fb8-b48b-460c-8139-94e8971a4877
2023-06-02 20:41:11,945 [IPC Server handler 9 on default port 15001] WARN  node.SCMNodeManager (SCMNodeManager.java:getNodesByAddress(1381)) - Cannot find node for address 127.0.0.1
20:41:11.953 [IPC Server handler 13 on default port 15004] ERROR OMAudit - user=runner | ip=127.0.0.1 | op=READ_KEY {volume=df233fb8-b48b-460c-8139-94e8971a4877, bucket=8485eb5f-dd60-43a2-a475-77e6916d72a7, key=039fafbd-47a7-4951-a2c9-98d84087fcbf, dataSize=0, replicationConfig=null} | ret=FAILURE
org.apache.hadoop.ozone.om.exceptions.OMException: Key:039fafbd-47a7-4951-a2c9-98d84087fcbf not found
	at org.apache.hadoop.ozone.om.KeyManagerImpl.readKeyInfo(KeyManagerImpl.java:437) ~[ozone-manager-1.4.0-SNAPSHOT.jar:?]
	at org.apache.hadoop.ozone.om.KeyManagerImpl.lambda$9(KeyManagerImpl.java:1930) ~[ozone-manager-1.4.0-SNAPSHOT.jar:?]
	at org.apache.hadoop.util.MetricUtil.captureLatencyNs(MetricUtil.java:39) ~[hdds-common-1.4.0-SNAPSHOT.jar:?]
	at org.apache.hadoop.ozone.om.KeyManagerImpl.getKeyInfo(KeyManagerImpl.java:1928) ~[ozone-manager-1.4.0-SNAPSHOT.jar:?]
	at org.apache.hadoop.ozone.om.OmMetadataReader.getKeyInfo(OmMetadataReader.java:210) ~[ozone-manager-1.4.0-SNAPSHOT.jar:?]
	at org.apache.hadoop.ozone.om.OzoneManager.getKeyInfo(OzoneManager.java:2793) ~[ozone-manager-1.4.0-SNAPSHOT.jar:?]
	at org.apache.hadoop.ozone.protocolPB.OzoneManagerRequestHandler.getKeyInfo(OzoneManagerRequestHandler.java:550) ~[ozone-manager-1.4.0-SNAPSHOT.jar:?]
	at org.apache.hadoop.ozone.protocolPB.OzoneManagerRequestHandler.handleReadRequest(OzoneManagerRequestHandler.java:293) ~[ozone-manager-1.4.0-SNAPSHOT.jar:?]
	at org.apache.hadoop.ozone.protocolPB.OzoneManagerProtocolServerSideTranslatorPB.submitReadRequestToOM(OzoneManagerProtocolServerSideTranslatorPB.java:223) ~[ozone-manager-1.4.0-SNAPSHOT.jar:?]
	at org.apache.hadoop.ozone.protocolPB.OzoneManagerProtocolServerSideTranslatorPB.processRequest(OzoneManagerProtocolServerSideTranslatorPB.java:177) ~[ozone-manager-1.4.0-SNAPSHOT.jar:?]
	at org.apache.hadoop.hdds.server.OzoneProtocolMessageDispatcher.processRequest(OzoneProtocolMessageDispatcher.java:87) [hdds-server-framework-1.4.0-SNAPSHOT.jar:?]
	at org.apache.hadoop.ozone.protocolPB.OzoneManagerProtocolServerSideTranslatorPB.submitRequest(OzoneManagerProtocolServerSideTranslatorPB.java:147) [ozone-manager-1.4.0-SNAPSHOT.jar:?]
	at org.apache.hadoop.ozone.protocol.proto.OzoneManagerProtocolProtos$OzoneManagerService$2.callBlockingMethod(OzoneManagerProtocolProtos.java) [ozone-interface-client-1.4.0-SNAPSHOT.jar:?]
	at org.apache.hadoop.ipc.ProtobufRpcEngine$Server.processCall(ProtobufRpcEngine.java:484) [hadoop-common-3.3.5.jar:?]
	at org.apache.hadoop.ipc.ProtobufRpcEngine2$Server$ProtoBufRpcInvoker.call(ProtobufRpcEngine2.java:595) [hadoop-common-3.3.5.jar:?]
	at org.apache.hadoop.ipc.ProtobufRpcEngine2$Server$ProtoBufRpcInvoker.call(ProtobufRpcEngine2.java:573) [hadoop-common-3.3.5.jar:?]
	at org.apache.hadoop.ipc.RPC$Server.call(RPC.java:1213) [hadoop-common-3.3.5.jar:?]
	at org.apache.hadoop.ipc.Server$RpcCall.run(Server.java:1089) [hadoop-common-3.3.5.jar:?]
	at org.apache.hadoop.ipc.Server$RpcCall.run(Server.java:1012) [hadoop-common-3.3.5.jar:?]
	at java.security.AccessController.doPrivileged(Native Method) ~[?:1.8.0_372]
	at javax.security.auth.Subject.doAs(Subject.java:422) [?:1.8.0_372]
	at org.apache.hadoop.security.UserGroupInformation.doAs(UserGroupInformation.java:1899) [hadoop-common-3.3.5.jar:?]
	at org.apache.hadoop.ipc.Server$Handler.run(Server.java:3026) [hadoop-common-3.3.5.jar:?]
]]></system-out>
  </testcase>
  <testcase name="testDeleteS3Bucket" classname="org.apache.hadoop.ozone.client.rpc.TestSecureOzoneRpcClient" time="0.012">
    <system-out><![CDATA[2023-06-02 20:41:11,956 [main] INFO  rpc.RpcClient (RpcClient.java:createBucket(686)) - Creating Bucket: s3v/62a40693-2565-4479-b815-644bb8e4c155, with bucket layout OBJECT_STORE, runner as owner, Versioning false, Storage Type set to DISK and Encryption set to false, Replication Type set to server-side default replication type, Namespace Quota set to -1, Space Quota set to -1 
2023-06-02 20:41:11,958 [OM StateMachine ApplyTransaction Thread - 0] INFO  bucket.OMBucketCreateRequest (OMBucketCreateRequest.java:validateAndUpdateCache(270)) - created bucket: 62a40693-2565-4479-b815-644bb8e4c155 of layout OBJECT_STORE in volume: s3v
20:41:11.966 [IPC Server handler 8 on default port 15004] ERROR OMAudit - user=runner | ip=127.0.0.1 | op=READ_BUCKET {volume=s3v, bucket=62a40693-2565-4479-b815-644bb8e4c155} | ret=FAILURE
org.apache.hadoop.ozone.om.exceptions.OMException: Bucket not found
	at org.apache.hadoop.ozone.om.OzoneManager.getBucketOwner(OzoneManager.java:2498) ~[ozone-manager-1.4.0-SNAPSHOT.jar:?]
	at org.apache.hadoop.ozone.om.OzoneManager.getBucketOwner(OzoneManager.java:2468) ~[ozone-manager-1.4.0-SNAPSHOT.jar:?]
	at org.apache.hadoop.ozone.om.OmMetadataReader.checkAcls(OmMetadataReader.java:444) ~[ozone-manager-1.4.0-SNAPSHOT.jar:?]
	at org.apache.hadoop.ozone.om.OzoneManager.getBucketInfo(OzoneManager.java:2758) ~[ozone-manager-1.4.0-SNAPSHOT.jar:?]
	at org.apache.hadoop.ozone.protocolPB.OzoneManagerRequestHandler.infoBucket(OzoneManagerRequestHandler.java:510) ~[ozone-manager-1.4.0-SNAPSHOT.jar:?]
	at org.apache.hadoop.ozone.protocolPB.OzoneManagerRequestHandler.handleReadRequest(OzoneManagerRequestHandler.java:189) ~[ozone-manager-1.4.0-SNAPSHOT.jar:?]
	at org.apache.hadoop.ozone.protocolPB.OzoneManagerProtocolServerSideTranslatorPB.submitReadRequestToOM(OzoneManagerProtocolServerSideTranslatorPB.java:223) ~[ozone-manager-1.4.0-SNAPSHOT.jar:?]
	at org.apache.hadoop.ozone.protocolPB.OzoneManagerProtocolServerSideTranslatorPB.processRequest(OzoneManagerProtocolServerSideTranslatorPB.java:177) ~[ozone-manager-1.4.0-SNAPSHOT.jar:?]
	at org.apache.hadoop.hdds.server.OzoneProtocolMessageDispatcher.processRequest(OzoneProtocolMessageDispatcher.java:87) [hdds-server-framework-1.4.0-SNAPSHOT.jar:?]
	at org.apache.hadoop.ozone.protocolPB.OzoneManagerProtocolServerSideTranslatorPB.submitRequest(OzoneManagerProtocolServerSideTranslatorPB.java:147) [ozone-manager-1.4.0-SNAPSHOT.jar:?]
	at org.apache.hadoop.ozone.protocol.proto.OzoneManagerProtocolProtos$OzoneManagerService$2.callBlockingMethod(OzoneManagerProtocolProtos.java) [ozone-interface-client-1.4.0-SNAPSHOT.jar:?]
	at org.apache.hadoop.ipc.ProtobufRpcEngine$Server.processCall(ProtobufRpcEngine.java:484) [hadoop-common-3.3.5.jar:?]
	at org.apache.hadoop.ipc.ProtobufRpcEngine2$Server$ProtoBufRpcInvoker.call(ProtobufRpcEngine2.java:595) [hadoop-common-3.3.5.jar:?]
	at org.apache.hadoop.ipc.ProtobufRpcEngine2$Server$ProtoBufRpcInvoker.call(ProtobufRpcEngine2.java:573) [hadoop-common-3.3.5.jar:?]
	at org.apache.hadoop.ipc.RPC$Server.call(RPC.java:1213) [hadoop-common-3.3.5.jar:?]
	at org.apache.hadoop.ipc.Server$RpcCall.run(Server.java:1089) [hadoop-common-3.3.5.jar:?]
	at org.apache.hadoop.ipc.Server$RpcCall.run(Server.java:1012) [hadoop-common-3.3.5.jar:?]
	at java.security.AccessController.doPrivileged(Native Method) ~[?:1.8.0_372]
	at javax.security.auth.Subject.doAs(Subject.java:422) [?:1.8.0_372]
	at org.apache.hadoop.security.UserGroupInformation.doAs(UserGroupInformation.java:1899) [hadoop-common-3.3.5.jar:?]
	at org.apache.hadoop.ipc.Server$Handler.run(Server.java:3026) [hadoop-common-3.3.5.jar:?]
]]></system-out>
  </testcase>
  <testcase name="testDeleteS3NonExistingBucket" classname="org.apache.hadoop.ozone.client.rpc.TestSecureOzoneRpcClient" time="0.004">
    <system-out><![CDATA[20:41:11.970 [OM StateMachine ApplyTransaction Thread - 0] ERROR OMAudit - user=runner | ip=127.0.0.1 | op=DELETE_BUCKET {volume=s3v, bucket=1232a3b7-2a00-4ef8-89af-856d6a5d24b4} | ret=FAILURE
org.apache.hadoop.ozone.om.exceptions.OMException: Bucket not found
	at org.apache.hadoop.ozone.om.OzoneManager.getBucketOwner(OzoneManager.java:2498) ~[ozone-manager-1.4.0-SNAPSHOT.jar:?]
	at org.apache.hadoop.ozone.om.OzoneManager.getBucketOwner(OzoneManager.java:2468) ~[ozone-manager-1.4.0-SNAPSHOT.jar:?]
	at org.apache.hadoop.ozone.om.request.OMClientRequest.checkAcls(OMClientRequest.java:217) ~[ozone-manager-1.4.0-SNAPSHOT.jar:?]
	at org.apache.hadoop.ozone.om.request.bucket.OMBucketDeleteRequest.validateAndUpdateCache(OMBucketDeleteRequest.java:112) ~[ozone-manager-1.4.0-SNAPSHOT.jar:?]
	at org.apache.hadoop.ozone.protocolPB.OzoneManagerRequestHandler.handleWriteRequest(OzoneManagerRequestHandler.java:338) ~[ozone-manager-1.4.0-SNAPSHOT.jar:?]
	at org.apache.hadoop.ozone.om.ratis.OzoneManagerStateMachine.runCommand(OzoneManagerStateMachine.java:567) ~[ozone-manager-1.4.0-SNAPSHOT.jar:?]
	at org.apache.hadoop.ozone.om.ratis.OzoneManagerStateMachine.lambda$1(OzoneManagerStateMachine.java:358) ~[ozone-manager-1.4.0-SNAPSHOT.jar:?]
	at java.util.concurrent.CompletableFuture$AsyncSupply.run(CompletableFuture.java:1604) [?:1.8.0_372]
	at java.util.concurrent.ThreadPoolExecutor.runWorker(ThreadPoolExecutor.java:1149) [?:1.8.0_372]
	at java.util.concurrent.ThreadPoolExecutor$Worker.run(ThreadPoolExecutor.java:624) [?:1.8.0_372]
	at java.lang.Thread.run(Thread.java:750) [?:1.8.0_372]
2023-06-02 20:41:11,970 [OM StateMachine ApplyTransaction Thread - 0] ERROR bucket.OMBucketDeleteRequest (OMBucketDeleteRequest.java:validateAndUpdateCache(212)) - Delete bucket failed for bucket:1232a3b7-2a00-4ef8-89af-856d6a5d24b4 in volume:s3v
BUCKET_NOT_FOUND org.apache.hadoop.ozone.om.exceptions.OMException: Bucket not found
	at org.apache.hadoop.ozone.om.OzoneManager.getBucketOwner(OzoneManager.java:2498)
	at org.apache.hadoop.ozone.om.OzoneManager.getBucketOwner(OzoneManager.java:2468)
	at org.apache.hadoop.ozone.om.request.OMClientRequest.checkAcls(OMClientRequest.java:217)
	at org.apache.hadoop.ozone.om.request.bucket.OMBucketDeleteRequest.validateAndUpdateCache(OMBucketDeleteRequest.java:112)
	at org.apache.hadoop.ozone.protocolPB.OzoneManagerRequestHandler.handleWriteRequest(OzoneManagerRequestHandler.java:338)
	at org.apache.hadoop.ozone.om.ratis.OzoneManagerStateMachine.runCommand(OzoneManagerStateMachine.java:567)
	at org.apache.hadoop.ozone.om.ratis.OzoneManagerStateMachine.lambda$1(OzoneManagerStateMachine.java:358)
	at java.util.concurrent.CompletableFuture$AsyncSupply.run(CompletableFuture.java:1604)
	at java.util.concurrent.ThreadPoolExecutor.runWorker(ThreadPoolExecutor.java:1149)
	at java.util.concurrent.ThreadPoolExecutor$Worker.run(ThreadPoolExecutor.java:624)
	at java.lang.Thread.run(Thread.java:750)
]]></system-out>
  </testcase>
  <testcase name="testDeleteVolume" classname="org.apache.hadoop.ozone.client.rpc.TestSecureOzoneRpcClient" time="0.009">
    <system-out><![CDATA[2023-06-02 20:41:11,972 [main] INFO  rpc.RpcClient (RpcClient.java:createVolume(459)) - Creating Volume: 0100b087-6957-4500-a9b2-404068ea420e, with runner as owner and space quota set to -1 bytes, counts quota set to -1
2023-06-02 20:41:11,974 [OM StateMachine ApplyTransaction Thread - 0] INFO  volume.OMVolumeCreateRequest (OMVolumeCreateRequest.java:validateAndUpdateCache(196)) - created volume:0100b087-6957-4500-a9b2-404068ea420e for user:runner
20:41:11.980 [IPC Server handler 15 on default port 15004] ERROR OMAudit - user=runner | ip=127.0.0.1 | op=READ_VOLUME {volume=0100b087-6957-4500-a9b2-404068ea420e} | ret=FAILURE
org.apache.hadoop.ozone.om.exceptions.OMException: Volume 0100b087-6957-4500-a9b2-404068ea420e is not found
	at org.apache.hadoop.ozone.om.OzoneManager.getVolumeOwner(OzoneManager.java:2453) ~[ozone-manager-1.4.0-SNAPSHOT.jar:?]
	at org.apache.hadoop.ozone.om.OzoneManager.getVolumeOwner(OzoneManager.java:2426) ~[ozone-manager-1.4.0-SNAPSHOT.jar:?]
	at org.apache.hadoop.ozone.om.OmMetadataReader.checkAcls(OmMetadataReader.java:443) ~[ozone-manager-1.4.0-SNAPSHOT.jar:?]
	at org.apache.hadoop.ozone.om.OzoneManager.getVolumeInfo(OzoneManager.java:2573) ~[ozone-manager-1.4.0-SNAPSHOT.jar:?]
	at org.apache.hadoop.ozone.protocolPB.OzoneManagerRequestHandler.infoVolume(OzoneManagerRequestHandler.java:436) ~[ozone-manager-1.4.0-SNAPSHOT.jar:?]
	at org.apache.hadoop.ozone.protocolPB.OzoneManagerRequestHandler.handleReadRequest(OzoneManagerRequestHandler.java:179) ~[ozone-manager-1.4.0-SNAPSHOT.jar:?]
	at org.apache.hadoop.ozone.protocolPB.OzoneManagerProtocolServerSideTranslatorPB.submitReadRequestToOM(OzoneManagerProtocolServerSideTranslatorPB.java:223) ~[ozone-manager-1.4.0-SNAPSHOT.jar:?]
	at org.apache.hadoop.ozone.protocolPB.OzoneManagerProtocolServerSideTranslatorPB.processRequest(OzoneManagerProtocolServerSideTranslatorPB.java:177) ~[ozone-manager-1.4.0-SNAPSHOT.jar:?]
	at org.apache.hadoop.hdds.server.OzoneProtocolMessageDispatcher.processRequest(OzoneProtocolMessageDispatcher.java:87) [hdds-server-framework-1.4.0-SNAPSHOT.jar:?]
	at org.apache.hadoop.ozone.protocolPB.OzoneManagerProtocolServerSideTranslatorPB.submitRequest(OzoneManagerProtocolServerSideTranslatorPB.java:147) [ozone-manager-1.4.0-SNAPSHOT.jar:?]
	at org.apache.hadoop.ozone.protocol.proto.OzoneManagerProtocolProtos$OzoneManagerService$2.callBlockingMethod(OzoneManagerProtocolProtos.java) [ozone-interface-client-1.4.0-SNAPSHOT.jar:?]
	at org.apache.hadoop.ipc.ProtobufRpcEngine$Server.processCall(ProtobufRpcEngine.java:484) [hadoop-common-3.3.5.jar:?]
	at org.apache.hadoop.ipc.ProtobufRpcEngine2$Server$ProtoBufRpcInvoker.call(ProtobufRpcEngine2.java:595) [hadoop-common-3.3.5.jar:?]
	at org.apache.hadoop.ipc.ProtobufRpcEngine2$Server$ProtoBufRpcInvoker.call(ProtobufRpcEngine2.java:573) [hadoop-common-3.3.5.jar:?]
	at org.apache.hadoop.ipc.RPC$Server.call(RPC.java:1213) [hadoop-common-3.3.5.jar:?]
	at org.apache.hadoop.ipc.Server$RpcCall.run(Server.java:1089) [hadoop-common-3.3.5.jar:?]
	at org.apache.hadoop.ipc.Server$RpcCall.run(Server.java:1012) [hadoop-common-3.3.5.jar:?]
	at java.security.AccessController.doPrivileged(Native Method) ~[?:1.8.0_372]
	at javax.security.auth.Subject.doAs(Subject.java:422) [?:1.8.0_372]
	at org.apache.hadoop.security.UserGroupInformation.doAs(UserGroupInformation.java:1899) [hadoop-common-3.3.5.jar:?]
	at org.apache.hadoop.ipc.Server$Handler.run(Server.java:3026) [hadoop-common-3.3.5.jar:?]
]]></system-out>
  </testcase>
  <testcase name="testDeletedKeyForGDPR" classname="org.apache.hadoop.ozone.client.rpc.TestSecureOzoneRpcClient" time="0.238">
    <system-out><![CDATA[2023-06-02 20:41:11,982 [main] INFO  rpc.RpcClient (RpcClient.java:createVolume(459)) - Creating Volume: 602fb747-dd74-4b58-9f5a-e9992d9bbbf1, with runner as owner and space quota set to -1 bytes, counts quota set to -1
2023-06-02 20:41:11,984 [OM StateMachine ApplyTransaction Thread - 0] INFO  volume.OMVolumeCreateRequest (OMVolumeCreateRequest.java:validateAndUpdateCache(196)) - created volume:602fb747-dd74-4b58-9f5a-e9992d9bbbf1 for user:runner
2023-06-02 20:41:11,985 [main] INFO  rpc.RpcClient (RpcClient.java:createBucket(686)) - Creating Bucket: 602fb747-dd74-4b58-9f5a-e9992d9bbbf1/eb3a23d5-f693-4619-9ec2-937da331d44c, with server-side default bucket layout, runner as owner, Versioning false, Storage Type set to DISK and Encryption set to false, Replication Type set to server-side default replication type, Namespace Quota set to -1, Space Quota set to -1 
2023-06-02 20:41:11,987 [OM StateMachine ApplyTransaction Thread - 0] INFO  bucket.OMBucketCreateRequest (OMBucketCreateRequest.java:validateAndUpdateCache(270)) - created bucket: eb3a23d5-f693-4619-9ec2-937da331d44c of layout OBJECT_STORE in volume: 602fb747-dd74-4b58-9f5a-e9992d9bbbf1
2023-06-02 20:41:12,140 [IPC Server handler 13 on default port 15001] WARN  node.SCMNodeManager (SCMNodeManager.java:getNodesByAddress(1381)) - Cannot find node for address 127.0.0.1
2023-06-02 20:41:12,145 [IPC Server handler 2 on default port 15001] WARN  node.SCMNodeManager (SCMNodeManager.java:getNodesByAddress(1381)) - Cannot find node for address 127.0.0.1
]]></system-out>
  </testcase>
  <testcase name="testFSOBucketUsedBytes" classname="org.apache.hadoop.ozone.client.rpc.TestSecureOzoneRpcClient" time="0.099">
    <system-out><![CDATA[2023-06-02 20:41:12,221 [main] INFO  rpc.RpcClient (RpcClient.java:createVolume(459)) - Creating Volume: 06ae2256-60cf-44eb-957e-809cfc308715, with runner as owner and space quota set to -1 bytes, counts quota set to -1
2023-06-02 20:41:12,225 [OM StateMachine ApplyTransaction Thread - 0] INFO  volume.OMVolumeCreateRequest (OMVolumeCreateRequest.java:validateAndUpdateCache(196)) - created volume:06ae2256-60cf-44eb-957e-809cfc308715 for user:runner
2023-06-02 20:41:12,227 [main] INFO  rpc.RpcClient (RpcClient.java:createBucket(686)) - Creating Bucket: 06ae2256-60cf-44eb-957e-809cfc308715/9f9522c5-e527-40a2-aca1-210469cf088f, with bucket layout FILE_SYSTEM_OPTIMIZED, runner as owner, Versioning false, Storage Type set to DISK and Encryption set to false, Replication Type set to server-side default replication type, Namespace Quota set to -1, Space Quota set to -1 
2023-06-02 20:41:12,229 [OM StateMachine ApplyTransaction Thread - 0] INFO  bucket.OMBucketCreateRequest (OMBucketCreateRequest.java:validateAndUpdateCache(270)) - created bucket: 9f9522c5-e527-40a2-aca1-210469cf088f of layout FILE_SYSTEM_OPTIMIZED in volume: 06ae2256-60cf-44eb-957e-809cfc308715
]]></system-out>
  </testcase>
  <testcase name="testGetKeyDetails" classname="org.apache.hadoop.ozone.client.rpc.TestSecureOzoneRpcClient" time="0.053">
    <system-out><![CDATA[2023-06-02 20:41:12,323 [main] INFO  rpc.RpcClient (RpcClient.java:createVolume(459)) - Creating Volume: 7d06bee5-95e2-454a-bd1e-de62e67b8129, with runner as owner and space quota set to -1 bytes, counts quota set to -1
2023-06-02 20:41:12,325 [OM StateMachine ApplyTransaction Thread - 0] INFO  volume.OMVolumeCreateRequest (OMVolumeCreateRequest.java:validateAndUpdateCache(196)) - created volume:7d06bee5-95e2-454a-bd1e-de62e67b8129 for user:runner
2023-06-02 20:41:12,327 [main] INFO  rpc.RpcClient (RpcClient.java:createBucket(686)) - Creating Bucket: 7d06bee5-95e2-454a-bd1e-de62e67b8129/82fbd569-9ae2-4bab-8257-5ceb8e09fa23, with server-side default bucket layout, runner as owner, Versioning false, Storage Type set to DISK and Encryption set to false, Replication Type set to server-side default replication type, Namespace Quota set to -1, Space Quota set to -1 
2023-06-02 20:41:12,330 [OM StateMachine ApplyTransaction Thread - 0] INFO  bucket.OMBucketCreateRequest (OMBucketCreateRequest.java:validateAndUpdateCache(270)) - created bucket: 82fbd569-9ae2-4bab-8257-5ceb8e09fa23 of layout OBJECT_STORE in volume: 7d06bee5-95e2-454a-bd1e-de62e67b8129
2023-06-02 20:41:12,362 [IPC Server handler 3 on default port 15001] WARN  node.SCMNodeManager (SCMNodeManager.java:getNodesByAddress(1381)) - Cannot find node for address 127.0.0.1
]]></system-out>
  </testcase>
  <testcase name="testHeadObject" classname="org.apache.hadoop.ozone.client.rpc.TestSecureOzoneRpcClient" time="0.094">
    <system-out><![CDATA[2023-06-02 20:41:12,379 [main] INFO  rpc.RpcClient (RpcClient.java:createVolume(459)) - Creating Volume: 1d4e74d3-2c23-4d6f-b6c2-3838177845eb, with runner as owner and space quota set to -1 bytes, counts quota set to -1
2023-06-02 20:41:12,383 [OM StateMachine ApplyTransaction Thread - 0] INFO  volume.OMVolumeCreateRequest (OMVolumeCreateRequest.java:validateAndUpdateCache(196)) - created volume:1d4e74d3-2c23-4d6f-b6c2-3838177845eb for user:runner
2023-06-02 20:41:12,385 [main] INFO  rpc.RpcClient (RpcClient.java:createBucket(686)) - Creating Bucket: 1d4e74d3-2c23-4d6f-b6c2-3838177845eb/3a83f771-b29c-482b-9462-d398149287fe, with server-side default bucket layout, runner as owner, Versioning false, Storage Type set to DISK and Encryption set to false, Replication Type set to server-side default replication type, Namespace Quota set to -1, Space Quota set to -1 
2023-06-02 20:41:12,388 [OM StateMachine ApplyTransaction Thread - 0] INFO  bucket.OMBucketCreateRequest (OMBucketCreateRequest.java:validateAndUpdateCache(270)) - created bucket: 3a83f771-b29c-482b-9462-d398149287fe of layout OBJECT_STORE in volume: 1d4e74d3-2c23-4d6f-b6c2-3838177845eb
20:41:12.468 [IPC Server handler 9 on default port 15004] ERROR OMAudit - user=runner | ip=127.0.0.1 | op=READ_KEY {volume=1d4e74d3-2c23-4d6f-b6c2-3838177845eb, bucket=3a83f771-b29c-482b-9462-d398149287fe, key=92075fdb-ba4b-47c1-b49e-85c53fbf23f9, dataSize=0, replicationConfig=null} | ret=FAILURE
org.apache.hadoop.ozone.om.exceptions.OMException: Key:92075fdb-ba4b-47c1-b49e-85c53fbf23f9 not found
	at org.apache.hadoop.ozone.om.KeyManagerImpl.readKeyInfo(KeyManagerImpl.java:437) ~[ozone-manager-1.4.0-SNAPSHOT.jar:?]
	at org.apache.hadoop.ozone.om.KeyManagerImpl.lambda$9(KeyManagerImpl.java:1930) ~[ozone-manager-1.4.0-SNAPSHOT.jar:?]
	at org.apache.hadoop.util.MetricUtil.captureLatencyNs(MetricUtil.java:39) ~[hdds-common-1.4.0-SNAPSHOT.jar:?]
	at org.apache.hadoop.ozone.om.KeyManagerImpl.getKeyInfo(KeyManagerImpl.java:1928) ~[ozone-manager-1.4.0-SNAPSHOT.jar:?]
	at org.apache.hadoop.ozone.om.OmMetadataReader.getKeyInfo(OmMetadataReader.java:210) ~[ozone-manager-1.4.0-SNAPSHOT.jar:?]
	at org.apache.hadoop.ozone.om.OzoneManager.getKeyInfo(OzoneManager.java:2793) ~[ozone-manager-1.4.0-SNAPSHOT.jar:?]
	at org.apache.hadoop.ozone.protocolPB.OzoneManagerRequestHandler.getKeyInfo(OzoneManagerRequestHandler.java:550) ~[ozone-manager-1.4.0-SNAPSHOT.jar:?]
	at org.apache.hadoop.ozone.protocolPB.OzoneManagerRequestHandler.handleReadRequest(OzoneManagerRequestHandler.java:293) ~[ozone-manager-1.4.0-SNAPSHOT.jar:?]
	at org.apache.hadoop.ozone.protocolPB.OzoneManagerProtocolServerSideTranslatorPB.submitReadRequestToOM(OzoneManagerProtocolServerSideTranslatorPB.java:223) ~[ozone-manager-1.4.0-SNAPSHOT.jar:?]
	at org.apache.hadoop.ozone.protocolPB.OzoneManagerProtocolServerSideTranslatorPB.processRequest(OzoneManagerProtocolServerSideTranslatorPB.java:177) ~[ozone-manager-1.4.0-SNAPSHOT.jar:?]
	at org.apache.hadoop.hdds.server.OzoneProtocolMessageDispatcher.processRequest(OzoneProtocolMessageDispatcher.java:87) [hdds-server-framework-1.4.0-SNAPSHOT.jar:?]
	at org.apache.hadoop.ozone.protocolPB.OzoneManagerProtocolServerSideTranslatorPB.submitRequest(OzoneManagerProtocolServerSideTranslatorPB.java:147) [ozone-manager-1.4.0-SNAPSHOT.jar:?]
	at org.apache.hadoop.ozone.protocol.proto.OzoneManagerProtocolProtos$OzoneManagerService$2.callBlockingMethod(OzoneManagerProtocolProtos.java) [ozone-interface-client-1.4.0-SNAPSHOT.jar:?]
	at org.apache.hadoop.ipc.ProtobufRpcEngine$Server.processCall(ProtobufRpcEngine.java:484) [hadoop-common-3.3.5.jar:?]
	at org.apache.hadoop.ipc.ProtobufRpcEngine2$Server$ProtoBufRpcInvoker.call(ProtobufRpcEngine2.java:595) [hadoop-common-3.3.5.jar:?]
	at org.apache.hadoop.ipc.ProtobufRpcEngine2$Server$ProtoBufRpcInvoker.call(ProtobufRpcEngine2.java:573) [hadoop-common-3.3.5.jar:?]
	at org.apache.hadoop.ipc.RPC$Server.call(RPC.java:1213) [hadoop-common-3.3.5.jar:?]
	at org.apache.hadoop.ipc.Server$RpcCall.run(Server.java:1089) [hadoop-common-3.3.5.jar:?]
	at org.apache.hadoop.ipc.Server$RpcCall.run(Server.java:1012) [hadoop-common-3.3.5.jar:?]
	at java.security.AccessController.doPrivileged(Native Method) ~[?:1.8.0_372]
	at javax.security.auth.Subject.doAs(Subject.java:422) [?:1.8.0_372]
	at org.apache.hadoop.security.UserGroupInformation.doAs(UserGroupInformation.java:1899) [hadoop-common-3.3.5.jar:?]
	at org.apache.hadoop.ipc.Server$Handler.run(Server.java:3026) [hadoop-common-3.3.5.jar:?]
]]></system-out>
  </testcase>
  <testcase name="testInitiateMultipartUpload(ReplicationConfig)[1]" classname="org.apache.hadoop.ozone.client.rpc.TestSecureOzoneRpcClient" time="0.019">
    <system-out><![CDATA[2023-06-02 20:41:12,471 [main] INFO  rpc.RpcClient (RpcClient.java:createVolume(459)) - Creating Volume: 3ba9aa0d-097c-4fbc-bb01-191243d9b589, with runner as owner and space quota set to -1 bytes, counts quota set to -1
2023-06-02 20:41:12,474 [OM StateMachine ApplyTransaction Thread - 0] INFO  volume.OMVolumeCreateRequest (OMVolumeCreateRequest.java:validateAndUpdateCache(196)) - created volume:3ba9aa0d-097c-4fbc-bb01-191243d9b589 for user:runner
2023-06-02 20:41:12,480 [main] INFO  rpc.RpcClient (RpcClient.java:createBucket(686)) - Creating Bucket: 3ba9aa0d-097c-4fbc-bb01-191243d9b589/12c3eada-ee92-4f2d-a0ed-ba51c4e7306c, with server-side default bucket layout, runner as owner, Versioning false, Storage Type set to DISK and Encryption set to false, Replication Type set to server-side default replication type, Namespace Quota set to -1, Space Quota set to -1 
2023-06-02 20:41:12,482 [OM StateMachine ApplyTransaction Thread - 0] INFO  bucket.OMBucketCreateRequest (OMBucketCreateRequest.java:validateAndUpdateCache(270)) - created bucket: 12c3eada-ee92-4f2d-a0ed-ba51c4e7306c of layout OBJECT_STORE in volume: 3ba9aa0d-097c-4fbc-bb01-191243d9b589
]]></system-out>
  </testcase>
  <testcase name="testInitiateMultipartUpload(ReplicationConfig)[2]" classname="org.apache.hadoop.ozone.client.rpc.TestSecureOzoneRpcClient" time="0.014">
    <system-out><![CDATA[2023-06-02 20:41:12,492 [main] INFO  rpc.RpcClient (RpcClient.java:createVolume(459)) - Creating Volume: 46e4e3f3-c082-4a9b-b1ce-3e56f76a32b5, with runner as owner and space quota set to -1 bytes, counts quota set to -1
2023-06-02 20:41:12,494 [OM StateMachine ApplyTransaction Thread - 0] INFO  volume.OMVolumeCreateRequest (OMVolumeCreateRequest.java:validateAndUpdateCache(196)) - created volume:46e4e3f3-c082-4a9b-b1ce-3e56f76a32b5 for user:runner
2023-06-02 20:41:12,495 [main] INFO  rpc.RpcClient (RpcClient.java:createBucket(686)) - Creating Bucket: 46e4e3f3-c082-4a9b-b1ce-3e56f76a32b5/63fa8211-668f-4a57-b30c-83af4680c1e9, with server-side default bucket layout, runner as owner, Versioning false, Storage Type set to DISK and Encryption set to false, Replication Type set to server-side default replication type, Namespace Quota set to -1, Space Quota set to -1 
2023-06-02 20:41:12,497 [OM StateMachine ApplyTransaction Thread - 0] INFO  bucket.OMBucketCreateRequest (OMBucketCreateRequest.java:validateAndUpdateCache(270)) - created bucket: 63fa8211-668f-4a57-b30c-83af4680c1e9 of layout OBJECT_STORE in volume: 46e4e3f3-c082-4a9b-b1ce-3e56f76a32b5
]]></system-out>
  </testcase>
  <testcase name="testInitiateMultipartUpload(ReplicationConfig)[3]" classname="org.apache.hadoop.ozone.client.rpc.TestSecureOzoneRpcClient" time="0.013">
    <system-out><![CDATA[2023-06-02 20:41:12,506 [main] INFO  rpc.RpcClient (RpcClient.java:createVolume(459)) - Creating Volume: 8d908e4a-621e-499e-97d9-1363cb7c8097, with runner as owner and space quota set to -1 bytes, counts quota set to -1
2023-06-02 20:41:12,508 [OM StateMachine ApplyTransaction Thread - 0] INFO  volume.OMVolumeCreateRequest (OMVolumeCreateRequest.java:validateAndUpdateCache(196)) - created volume:8d908e4a-621e-499e-97d9-1363cb7c8097 for user:runner
2023-06-02 20:41:12,510 [main] INFO  rpc.RpcClient (RpcClient.java:createBucket(686)) - Creating Bucket: 8d908e4a-621e-499e-97d9-1363cb7c8097/8f37cfb2-68a4-4d3d-841c-c32f4591c480, with server-side default bucket layout, runner as owner, Versioning false, Storage Type set to DISK and Encryption set to false, Replication Type set to server-side default replication type, Namespace Quota set to -1, Space Quota set to -1 
2023-06-02 20:41:12,512 [OM StateMachine ApplyTransaction Thread - 0] INFO  bucket.OMBucketCreateRequest (OMBucketCreateRequest.java:validateAndUpdateCache(270)) - created bucket: 8f37cfb2-68a4-4d3d-841c-c32f4591c480 of layout OBJECT_STORE in volume: 8d908e4a-621e-499e-97d9-1363cb7c8097
]]></system-out>
  </testcase>
  <testcase name="testInitiateMultipartUploadWithDefaultReplication" classname="org.apache.hadoop.ozone.client.rpc.TestSecureOzoneRpcClient" time="0.022">
    <system-out><![CDATA[2023-06-02 20:41:12,520 [main] INFO  rpc.RpcClient (RpcClient.java:createVolume(459)) - Creating Volume: c8642145-8bcf-4ffb-aff6-09907a791b0b, with runner as owner and space quota set to -1 bytes, counts quota set to -1
2023-06-02 20:41:12,522 [OM StateMachine ApplyTransaction Thread - 0] INFO  volume.OMVolumeCreateRequest (OMVolumeCreateRequest.java:validateAndUpdateCache(196)) - created volume:c8642145-8bcf-4ffb-aff6-09907a791b0b for user:runner
2023-06-02 20:41:12,524 [main] INFO  rpc.RpcClient (RpcClient.java:createBucket(686)) - Creating Bucket: c8642145-8bcf-4ffb-aff6-09907a791b0b/fc101a1d-0483-4b91-b571-2b7d81fa1426, with server-side default bucket layout, runner as owner, Versioning false, Storage Type set to DISK and Encryption set to false, Replication Type set to server-side default replication type, Namespace Quota set to -1, Space Quota set to -1 
2023-06-02 20:41:12,534 [OM StateMachine ApplyTransaction Thread - 0] INFO  bucket.OMBucketCreateRequest (OMBucketCreateRequest.java:validateAndUpdateCache(270)) - created bucket: fc101a1d-0483-4b91-b571-2b7d81fa1426 of layout OBJECT_STORE in volume: c8642145-8bcf-4ffb-aff6-09907a791b0b
]]></system-out>
  </testcase>
  <testcase name="testInvalidBucketCreation" classname="org.apache.hadoop.ozone.client.rpc.TestSecureOzoneRpcClient" time="0.008">
    <system-out><![CDATA[2023-06-02 20:41:12,543 [main] INFO  rpc.RpcClient (RpcClient.java:createVolume(459)) - Creating Volume: c74072b8-f138-4957-bb7a-645c0fd91953, with runner as owner and space quota set to -1 bytes, counts quota set to -1
2023-06-02 20:41:12,545 [OM StateMachine ApplyTransaction Thread - 0] INFO  volume.OMVolumeCreateRequest (OMVolumeCreateRequest.java:validateAndUpdateCache(196)) - created volume:c74072b8-f138-4957-bb7a-645c0fd91953 for user:runner
]]></system-out>
  </testcase>
  <testcase name="testKeyOpFailureWithoutBlockToken" classname="org.apache.hadoop.ozone.client.rpc.TestSecureOzoneRpcClient" time="0">
    <skipped message="Needs to be moved out of this class as  client setup is static"/>
  </testcase>
  <testcase name="testKeyReadWriteForGDPR" classname="org.apache.hadoop.ozone.client.rpc.TestSecureOzoneRpcClient" time="0.107">
    <system-out><![CDATA[2023-06-02 20:41:12,552 [main] INFO  rpc.RpcClient (RpcClient.java:createVolume(459)) - Creating Volume: 507cdb41-a0a3-4c81-8466-3e62118902e3, with runner as owner and space quota set to -1 bytes, counts quota set to -1
2023-06-02 20:41:12,554 [OM StateMachine ApplyTransaction Thread - 0] INFO  volume.OMVolumeCreateRequest (OMVolumeCreateRequest.java:validateAndUpdateCache(196)) - created volume:507cdb41-a0a3-4c81-8466-3e62118902e3 for user:runner
2023-06-02 20:41:12,556 [main] INFO  rpc.RpcClient (RpcClient.java:createBucket(686)) - Creating Bucket: 507cdb41-a0a3-4c81-8466-3e62118902e3/a207f7a7-7744-4535-8e4e-fd0dd6db3fdf, with bucket layout OBJECT_STORE, runner as owner, Versioning false, Storage Type set to DISK and Encryption set to false, Replication Type set to server-side default replication type, Namespace Quota set to -1, Space Quota set to -1 
2023-06-02 20:41:12,558 [OM StateMachine ApplyTransaction Thread - 0] INFO  bucket.OMBucketCreateRequest (OMBucketCreateRequest.java:validateAndUpdateCache(270)) - created bucket: a207f7a7-7744-4535-8e4e-fd0dd6db3fdf of layout OBJECT_STORE in volume: 507cdb41-a0a3-4c81-8466-3e62118902e3
2023-06-02 20:41:12,615 [IPC Server handler 5 on default port 15001] WARN  node.SCMNodeManager (SCMNodeManager.java:getNodesByAddress(1381)) - Cannot find node for address 127.0.0.1
2023-06-02 20:41:12,621 [IPC Server handler 6 on default port 15001] WARN  node.SCMNodeManager (SCMNodeManager.java:getNodesByAddress(1381)) - Cannot find node for address 127.0.0.1
2023-06-02 20:41:12,647 [IPC Server handler 0 on default port 15001] WARN  node.SCMNodeManager (SCMNodeManager.java:getNodesByAddress(1381)) - Cannot find node for address 127.0.0.1
2023-06-02 20:41:12,653 [IPC Server handler 12 on default port 15001] WARN  node.SCMNodeManager (SCMNodeManager.java:getNodesByAddress(1381)) - Cannot find node for address 127.0.0.1
]]></system-out>
  </testcase>
  <testcase name="testKeysRename" classname="org.apache.hadoop.ozone.client.rpc.TestSecureOzoneRpcClient" time="0.094">
    <system-out><![CDATA[2023-06-02 20:41:12,660 [main] INFO  rpc.RpcClient (RpcClient.java:createVolume(459)) - Creating Volume: 630940b2-4d91-4ddf-8862-6f1c29b902be, with runner as owner and space quota set to -1 bytes, counts quota set to -1
2023-06-02 20:41:12,663 [OM StateMachine ApplyTransaction Thread - 0] INFO  volume.OMVolumeCreateRequest (OMVolumeCreateRequest.java:validateAndUpdateCache(196)) - created volume:630940b2-4d91-4ddf-8862-6f1c29b902be for user:runner
2023-06-02 20:41:12,665 [main] INFO  rpc.RpcClient (RpcClient.java:createBucket(686)) - Creating Bucket: 630940b2-4d91-4ddf-8862-6f1c29b902be/dd7c701b-8957-495a-900b-e31701aa341f, with bucket layout OBJECT_STORE, runner as owner, Versioning false, Storage Type set to DISK and Encryption set to false, Replication Type set to server-side default replication type, Namespace Quota set to -1, Space Quota set to -1 
2023-06-02 20:41:12,666 [OM StateMachine ApplyTransaction Thread - 0] INFO  bucket.OMBucketCreateRequest (OMBucketCreateRequest.java:validateAndUpdateCache(270)) - created bucket: dd7c701b-8957-495a-900b-e31701aa341f of layout OBJECT_STORE in volume: 630940b2-4d91-4ddf-8862-6f1c29b902be
2023-06-02 20:41:12,690 [IPC Server handler 7 on default port 15001] WARN  node.SCMNodeManager (SCMNodeManager.java:getNodesByAddress(1381)) - Cannot find node for address 127.0.0.1
2023-06-02 20:41:12,723 [IPC Server handler 11 on default port 15001] WARN  node.SCMNodeManager (SCMNodeManager.java:getNodesByAddress(1381)) - Cannot find node for address 127.0.0.1
2023-06-02 20:41:12,745 [IPC Server handler 18 on default port 15001] WARN  node.SCMNodeManager (SCMNodeManager.java:getNodesByAddress(1381)) - Cannot find node for address 127.0.0.1
2023-06-02 20:41:12,750 [IPC Server handler 13 on default port 15001] WARN  node.SCMNodeManager (SCMNodeManager.java:getNodesByAddress(1381)) - Cannot find node for address 127.0.0.1
20:41:12.752 [IPC Server handler 1 on default port 15004] ERROR OMAudit - user=runner | ip=127.0.0.1 | op=READ_KEY {volume=630940b2-4d91-4ddf-8862-6f1c29b902be, bucket=dd7c701b-8957-495a-900b-e31701aa341f, key=dir/file1, dataSize=0, replicationConfig=null} | ret=FAILURE
org.apache.hadoop.ozone.om.exceptions.OMException: Key:dir/file1 not found
	at org.apache.hadoop.ozone.om.KeyManagerImpl.readKeyInfo(KeyManagerImpl.java:437) ~[ozone-manager-1.4.0-SNAPSHOT.jar:?]
	at org.apache.hadoop.ozone.om.KeyManagerImpl.lambda$9(KeyManagerImpl.java:1930) ~[ozone-manager-1.4.0-SNAPSHOT.jar:?]
	at org.apache.hadoop.util.MetricUtil.captureLatencyNs(MetricUtil.java:39) ~[hdds-common-1.4.0-SNAPSHOT.jar:?]
	at org.apache.hadoop.ozone.om.KeyManagerImpl.getKeyInfo(KeyManagerImpl.java:1928) ~[ozone-manager-1.4.0-SNAPSHOT.jar:?]
	at org.apache.hadoop.ozone.om.OmMetadataReader.getKeyInfo(OmMetadataReader.java:210) ~[ozone-manager-1.4.0-SNAPSHOT.jar:?]
	at org.apache.hadoop.ozone.om.OzoneManager.getKeyInfo(OzoneManager.java:2793) ~[ozone-manager-1.4.0-SNAPSHOT.jar:?]
	at org.apache.hadoop.ozone.protocolPB.OzoneManagerRequestHandler.getKeyInfo(OzoneManagerRequestHandler.java:550) ~[ozone-manager-1.4.0-SNAPSHOT.jar:?]
	at org.apache.hadoop.ozone.protocolPB.OzoneManagerRequestHandler.handleReadRequest(OzoneManagerRequestHandler.java:293) ~[ozone-manager-1.4.0-SNAPSHOT.jar:?]
	at org.apache.hadoop.ozone.protocolPB.OzoneManagerProtocolServerSideTranslatorPB.submitReadRequestToOM(OzoneManagerProtocolServerSideTranslatorPB.java:223) ~[ozone-manager-1.4.0-SNAPSHOT.jar:?]
	at org.apache.hadoop.ozone.protocolPB.OzoneManagerProtocolServerSideTranslatorPB.processRequest(OzoneManagerProtocolServerSideTranslatorPB.java:177) ~[ozone-manager-1.4.0-SNAPSHOT.jar:?]
	at org.apache.hadoop.hdds.server.OzoneProtocolMessageDispatcher.processRequest(OzoneProtocolMessageDispatcher.java:87) [hdds-server-framework-1.4.0-SNAPSHOT.jar:?]
	at org.apache.hadoop.ozone.protocolPB.OzoneManagerProtocolServerSideTranslatorPB.submitRequest(OzoneManagerProtocolServerSideTranslatorPB.java:147) [ozone-manager-1.4.0-SNAPSHOT.jar:?]
	at org.apache.hadoop.ozone.protocol.proto.OzoneManagerProtocolProtos$OzoneManagerService$2.callBlockingMethod(OzoneManagerProtocolProtos.java) [ozone-interface-client-1.4.0-SNAPSHOT.jar:?]
	at org.apache.hadoop.ipc.ProtobufRpcEngine$Server.processCall(ProtobufRpcEngine.java:484) [hadoop-common-3.3.5.jar:?]
	at org.apache.hadoop.ipc.ProtobufRpcEngine2$Server$ProtoBufRpcInvoker.call(ProtobufRpcEngine2.java:595) [hadoop-common-3.3.5.jar:?]
	at org.apache.hadoop.ipc.ProtobufRpcEngine2$Server$ProtoBufRpcInvoker.call(ProtobufRpcEngine2.java:573) [hadoop-common-3.3.5.jar:?]
	at org.apache.hadoop.ipc.RPC$Server.call(RPC.java:1213) [hadoop-common-3.3.5.jar:?]
	at org.apache.hadoop.ipc.Server$RpcCall.run(Server.java:1089) [hadoop-common-3.3.5.jar:?]
	at org.apache.hadoop.ipc.Server$RpcCall.run(Server.java:1012) [hadoop-common-3.3.5.jar:?]
	at java.security.AccessController.doPrivileged(Native Method) ~[?:1.8.0_372]
	at javax.security.auth.Subject.doAs(Subject.java:422) [?:1.8.0_372]
	at org.apache.hadoop.security.UserGroupInformation.doAs(UserGroupInformation.java:1899) [hadoop-common-3.3.5.jar:?]
	at org.apache.hadoop.ipc.Server$Handler.run(Server.java:3026) [hadoop-common-3.3.5.jar:?]
20:41:12.753 [IPC Server handler 8 on default port 15004] ERROR OMAudit - user=runner | ip=127.0.0.1 | op=READ_KEY {volume=630940b2-4d91-4ddf-8862-6f1c29b902be, bucket=dd7c701b-8957-495a-900b-e31701aa341f, key=dir/file2, dataSize=0, replicationConfig=null} | ret=FAILURE
org.apache.hadoop.ozone.om.exceptions.OMException: Key:dir/file2 not found
	at org.apache.hadoop.ozone.om.KeyManagerImpl.readKeyInfo(KeyManagerImpl.java:437) ~[ozone-manager-1.4.0-SNAPSHOT.jar:?]
	at org.apache.hadoop.ozone.om.KeyManagerImpl.lambda$9(KeyManagerImpl.java:1930) ~[ozone-manager-1.4.0-SNAPSHOT.jar:?]
	at org.apache.hadoop.util.MetricUtil.captureLatencyNs(MetricUtil.java:39) ~[hdds-common-1.4.0-SNAPSHOT.jar:?]
	at org.apache.hadoop.ozone.om.KeyManagerImpl.getKeyInfo(KeyManagerImpl.java:1928) ~[ozone-manager-1.4.0-SNAPSHOT.jar:?]
	at org.apache.hadoop.ozone.om.OmMetadataReader.getKeyInfo(OmMetadataReader.java:210) ~[ozone-manager-1.4.0-SNAPSHOT.jar:?]
	at org.apache.hadoop.ozone.om.OzoneManager.getKeyInfo(OzoneManager.java:2793) ~[ozone-manager-1.4.0-SNAPSHOT.jar:?]
	at org.apache.hadoop.ozone.protocolPB.OzoneManagerRequestHandler.getKeyInfo(OzoneManagerRequestHandler.java:550) ~[ozone-manager-1.4.0-SNAPSHOT.jar:?]
	at org.apache.hadoop.ozone.protocolPB.OzoneManagerRequestHandler.handleReadRequest(OzoneManagerRequestHandler.java:293) ~[ozone-manager-1.4.0-SNAPSHOT.jar:?]
	at org.apache.hadoop.ozone.protocolPB.OzoneManagerProtocolServerSideTranslatorPB.submitReadRequestToOM(OzoneManagerProtocolServerSideTranslatorPB.java:223) ~[ozone-manager-1.4.0-SNAPSHOT.jar:?]
	at org.apache.hadoop.ozone.protocolPB.OzoneManagerProtocolServerSideTranslatorPB.processRequest(OzoneManagerProtocolServerSideTranslatorPB.java:177) ~[ozone-manager-1.4.0-SNAPSHOT.jar:?]
	at org.apache.hadoop.hdds.server.OzoneProtocolMessageDispatcher.processRequest(OzoneProtocolMessageDispatcher.java:87) [hdds-server-framework-1.4.0-SNAPSHOT.jar:?]
	at org.apache.hadoop.ozone.protocolPB.OzoneManagerProtocolServerSideTranslatorPB.submitRequest(OzoneManagerProtocolServerSideTranslatorPB.java:147) [ozone-manager-1.4.0-SNAPSHOT.jar:?]
	at org.apache.hadoop.ozone.protocol.proto.OzoneManagerProtocolProtos$OzoneManagerService$2.callBlockingMethod(OzoneManagerProtocolProtos.java) [ozone-interface-client-1.4.0-SNAPSHOT.jar:?]
	at org.apache.hadoop.ipc.ProtobufRpcEngine$Server.processCall(ProtobufRpcEngine.java:484) [hadoop-common-3.3.5.jar:?]
	at org.apache.hadoop.ipc.ProtobufRpcEngine2$Server$ProtoBufRpcInvoker.call(ProtobufRpcEngine2.java:595) [hadoop-common-3.3.5.jar:?]
	at org.apache.hadoop.ipc.ProtobufRpcEngine2$Server$ProtoBufRpcInvoker.call(ProtobufRpcEngine2.java:573) [hadoop-common-3.3.5.jar:?]
	at org.apache.hadoop.ipc.RPC$Server.call(RPC.java:1213) [hadoop-common-3.3.5.jar:?]
	at org.apache.hadoop.ipc.Server$RpcCall.run(Server.java:1089) [hadoop-common-3.3.5.jar:?]
	at org.apache.hadoop.ipc.Server$RpcCall.run(Server.java:1012) [hadoop-common-3.3.5.jar:?]
	at java.security.AccessController.doPrivileged(Native Method) ~[?:1.8.0_372]
	at javax.security.auth.Subject.doAs(Subject.java:422) [?:1.8.0_372]
	at org.apache.hadoop.security.UserGroupInformation.doAs(UserGroupInformation.java:1899) [hadoop-common-3.3.5.jar:?]
	at org.apache.hadoop.ipc.Server$Handler.run(Server.java:3026) [hadoop-common-3.3.5.jar:?]
]]></system-out>
  </testcase>
  <testcase name="testKeysRenameFail" classname="org.apache.hadoop.ozone.client.rpc.TestSecureOzoneRpcClient" time="0.047">
    <system-out><![CDATA[2023-06-02 20:41:12,755 [main] INFO  rpc.RpcClient (RpcClient.java:createVolume(459)) - Creating Volume: 60e22de4-cf83-4b7a-a2f9-6458a7b0896e, with runner as owner and space quota set to -1 bytes, counts quota set to -1
2023-06-02 20:41:12,757 [OM StateMachine ApplyTransaction Thread - 0] INFO  volume.OMVolumeCreateRequest (OMVolumeCreateRequest.java:validateAndUpdateCache(196)) - created volume:60e22de4-cf83-4b7a-a2f9-6458a7b0896e for user:runner
2023-06-02 20:41:12,759 [main] INFO  rpc.RpcClient (RpcClient.java:createBucket(686)) - Creating Bucket: 60e22de4-cf83-4b7a-a2f9-6458a7b0896e/cc24ee7a-f47b-4e9c-9aae-50e5c3e6a270, with bucket layout OBJECT_STORE, runner as owner, Versioning false, Storage Type set to DISK and Encryption set to false, Replication Type set to server-side default replication type, Namespace Quota set to -1, Space Quota set to -1 
2023-06-02 20:41:12,761 [OM StateMachine ApplyTransaction Thread - 0] INFO  bucket.OMBucketCreateRequest (OMBucketCreateRequest.java:validateAndUpdateCache(270)) - created bucket: cc24ee7a-f47b-4e9c-9aae-50e5c3e6a270 of layout OBJECT_STORE in volume: 60e22de4-cf83-4b7a-a2f9-6458a7b0896e
2023-06-02 20:41:12,791 [IPC Server handler 16 on default port 15001] WARN  node.SCMNodeManager (SCMNodeManager.java:getNodesByAddress(1381)) - Cannot find node for address 127.0.0.1
2023-06-02 20:41:12,794 [OM StateMachine ApplyTransaction Thread - 0] ERROR key.OMKeysRenameRequest (OMKeysRenameRequest.java:validateAndUpdateCache(190)) - Received a request to rename a Key does not exist /60e22de4-cf83-4b7a-a2f9-6458a7b0896e/cc24ee7a-f47b-4e9c-9aae-50e5c3e6a270/dir/file2
2023-06-02 20:41:12,799 [IPC Server handler 15 on default port 15001] WARN  node.SCMNodeManager (SCMNodeManager.java:getNodesByAddress(1381)) - Cannot find node for address 127.0.0.1
20:41:12.801 [IPC Server handler 5 on default port 15004] ERROR OMAudit - user=runner | ip=127.0.0.1 | op=READ_KEY {volume=60e22de4-cf83-4b7a-a2f9-6458a7b0896e, bucket=cc24ee7a-f47b-4e9c-9aae-50e5c3e6a270, key=dir/file2, dataSize=0, replicationConfig=null} | ret=FAILURE
org.apache.hadoop.ozone.om.exceptions.OMException: Key:dir/file2 not found
	at org.apache.hadoop.ozone.om.KeyManagerImpl.readKeyInfo(KeyManagerImpl.java:437) ~[ozone-manager-1.4.0-SNAPSHOT.jar:?]
	at org.apache.hadoop.ozone.om.KeyManagerImpl.lambda$9(KeyManagerImpl.java:1930) ~[ozone-manager-1.4.0-SNAPSHOT.jar:?]
	at org.apache.hadoop.util.MetricUtil.captureLatencyNs(MetricUtil.java:39) ~[hdds-common-1.4.0-SNAPSHOT.jar:?]
	at org.apache.hadoop.ozone.om.KeyManagerImpl.getKeyInfo(KeyManagerImpl.java:1928) ~[ozone-manager-1.4.0-SNAPSHOT.jar:?]
	at org.apache.hadoop.ozone.om.OmMetadataReader.getKeyInfo(OmMetadataReader.java:210) ~[ozone-manager-1.4.0-SNAPSHOT.jar:?]
	at org.apache.hadoop.ozone.om.OzoneManager.getKeyInfo(OzoneManager.java:2793) ~[ozone-manager-1.4.0-SNAPSHOT.jar:?]
	at org.apache.hadoop.ozone.protocolPB.OzoneManagerRequestHandler.getKeyInfo(OzoneManagerRequestHandler.java:550) ~[ozone-manager-1.4.0-SNAPSHOT.jar:?]
	at org.apache.hadoop.ozone.protocolPB.OzoneManagerRequestHandler.handleReadRequest(OzoneManagerRequestHandler.java:293) ~[ozone-manager-1.4.0-SNAPSHOT.jar:?]
	at org.apache.hadoop.ozone.protocolPB.OzoneManagerProtocolServerSideTranslatorPB.submitReadRequestToOM(OzoneManagerProtocolServerSideTranslatorPB.java:223) ~[ozone-manager-1.4.0-SNAPSHOT.jar:?]
	at org.apache.hadoop.ozone.protocolPB.OzoneManagerProtocolServerSideTranslatorPB.processRequest(OzoneManagerProtocolServerSideTranslatorPB.java:177) ~[ozone-manager-1.4.0-SNAPSHOT.jar:?]
	at org.apache.hadoop.hdds.server.OzoneProtocolMessageDispatcher.processRequest(OzoneProtocolMessageDispatcher.java:87) [hdds-server-framework-1.4.0-SNAPSHOT.jar:?]
	at org.apache.hadoop.ozone.protocolPB.OzoneManagerProtocolServerSideTranslatorPB.submitRequest(OzoneManagerProtocolServerSideTranslatorPB.java:147) [ozone-manager-1.4.0-SNAPSHOT.jar:?]
	at org.apache.hadoop.ozone.protocol.proto.OzoneManagerProtocolProtos$OzoneManagerService$2.callBlockingMethod(OzoneManagerProtocolProtos.java) [ozone-interface-client-1.4.0-SNAPSHOT.jar:?]
	at org.apache.hadoop.ipc.ProtobufRpcEngine$Server.processCall(ProtobufRpcEngine.java:484) [hadoop-common-3.3.5.jar:?]
	at org.apache.hadoop.ipc.ProtobufRpcEngine2$Server$ProtoBufRpcInvoker.call(ProtobufRpcEngine2.java:595) [hadoop-common-3.3.5.jar:?]
	at org.apache.hadoop.ipc.ProtobufRpcEngine2$Server$ProtoBufRpcInvoker.call(ProtobufRpcEngine2.java:573) [hadoop-common-3.3.5.jar:?]
	at org.apache.hadoop.ipc.RPC$Server.call(RPC.java:1213) [hadoop-common-3.3.5.jar:?]
	at org.apache.hadoop.ipc.Server$RpcCall.run(Server.java:1089) [hadoop-common-3.3.5.jar:?]
	at org.apache.hadoop.ipc.Server$RpcCall.run(Server.java:1012) [hadoop-common-3.3.5.jar:?]
	at java.security.AccessController.doPrivileged(Native Method) ~[?:1.8.0_372]
	at javax.security.auth.Subject.doAs(Subject.java:422) [?:1.8.0_372]
	at org.apache.hadoop.security.UserGroupInformation.doAs(UserGroupInformation.java:1899) [hadoop-common-3.3.5.jar:?]
	at org.apache.hadoop.ipc.Server$Handler.run(Server.java:3026) [hadoop-common-3.3.5.jar:?]
]]></system-out>
  </testcase>
  <testcase name="testListBucket" classname="org.apache.hadoop.ozone.client.rpc.TestSecureOzoneRpcClient" time="0.35">
    <system-out><![CDATA[2023-06-02 20:41:12,803 [main] INFO  rpc.RpcClient (RpcClient.java:createVolume(459)) - Creating Volume: vol-a-46124, with runner as owner and space quota set to -1 bytes, counts quota set to -1
2023-06-02 20:41:12,805 [OM StateMachine ApplyTransaction Thread - 0] INFO  volume.OMVolumeCreateRequest (OMVolumeCreateRequest.java:validateAndUpdateCache(196)) - created volume:vol-a-46124 for user:runner
2023-06-02 20:41:12,806 [main] INFO  rpc.RpcClient (RpcClient.java:createVolume(459)) - Creating Volume: vol-b-30040, with runner as owner and space quota set to -1 bytes, counts quota set to -1
2023-06-02 20:41:12,808 [OM StateMachine ApplyTransaction Thread - 0] INFO  volume.OMVolumeCreateRequest (OMVolumeCreateRequest.java:validateAndUpdateCache(196)) - created volume:vol-b-30040 for user:runner
2023-06-02 20:41:12,811 [main] INFO  rpc.RpcClient (RpcClient.java:createBucket(686)) - Creating Bucket: vol-a-46124/bucket-a-0-31491, with server-side default bucket layout, runner as owner, Versioning false, Storage Type set to DISK and Encryption set to false, Replication Type set to server-side default replication type, Namespace Quota set to -1, Space Quota set to -1 
2023-06-02 20:41:12,813 [OM StateMachine ApplyTransaction Thread - 0] INFO  bucket.OMBucketCreateRequest (OMBucketCreateRequest.java:validateAndUpdateCache(270)) - created bucket: bucket-a-0-31491 of layout OBJECT_STORE in volume: vol-a-46124
2023-06-02 20:41:12,842 [OM StateMachine ApplyTransaction Thread - 0] INFO  snapshot.OMSnapshotCreateRequest (OMSnapshotCreateRequest.java:validateAndUpdateCache(231)) - Created snapshot 's20230602-204112.829' under path 'vol-a-46124/bucket-a-0-31491'
2023-06-02 20:41:12,843 [main] INFO  rpc.RpcClient (RpcClient.java:createBucket(686)) - Creating Bucket: vol-b-30040/bucket-a-0-15534, with server-side default bucket layout, runner as owner, Versioning false, Storage Type set to DISK and Encryption set to false, Replication Type set to server-side default replication type, Namespace Quota set to -1, Space Quota set to -1 
2023-06-02 20:41:12,851 [OM StateMachine ApplyTransaction Thread - 0] INFO  bucket.OMBucketCreateRequest (OMBucketCreateRequest.java:validateAndUpdateCache(270)) - created bucket: bucket-a-0-15534 of layout OBJECT_STORE in volume: vol-b-30040
2023-06-02 20:41:12,860 [OM StateMachine ApplyTransaction Thread - 0] INFO  snapshot.OMSnapshotCreateRequest (OMSnapshotCreateRequest.java:validateAndUpdateCache(231)) - Created snapshot 's20230602-204112.852' under path 'vol-b-30040/bucket-a-0-15534'
2023-06-02 20:41:12,862 [main] INFO  rpc.RpcClient (RpcClient.java:createBucket(686)) - Creating Bucket: vol-a-46124/bucket-a-1-37289, with server-side default bucket layout, runner as owner, Versioning false, Storage Type set to DISK and Encryption set to false, Replication Type set to server-side default replication type, Namespace Quota set to -1, Space Quota set to -1 
2023-06-02 20:41:12,865 [OM StateMachine ApplyTransaction Thread - 0] INFO  bucket.OMBucketCreateRequest (OMBucketCreateRequest.java:validateAndUpdateCache(270)) - created bucket: bucket-a-1-37289 of layout OBJECT_STORE in volume: vol-a-46124
2023-06-02 20:41:12,868 [OM StateMachine ApplyTransaction Thread - 0] INFO  snapshot.OMSnapshotCreateRequest (OMSnapshotCreateRequest.java:validateAndUpdateCache(231)) - Created snapshot 's20230602-204112.867' under path 'vol-a-46124/bucket-a-1-37289'
2023-06-02 20:41:12,869 [main] INFO  rpc.RpcClient (RpcClient.java:createBucket(686)) - Creating Bucket: vol-b-30040/bucket-a-1-00811, with server-side default bucket layout, runner as owner, Versioning false, Storage Type set to DISK and Encryption set to false, Replication Type set to server-side default replication type, Namespace Quota set to -1, Space Quota set to -1 
2023-06-02 20:41:12,872 [OM StateMachine ApplyTransaction Thread - 0] INFO  bucket.OMBucketCreateRequest (OMBucketCreateRequest.java:validateAndUpdateCache(270)) - created bucket: bucket-a-1-00811 of layout OBJECT_STORE in volume: vol-b-30040
2023-06-02 20:41:12,875 [OM StateMachine ApplyTransaction Thread - 0] INFO  snapshot.OMSnapshotCreateRequest (OMSnapshotCreateRequest.java:validateAndUpdateCache(231)) - Created snapshot 's20230602-204112.874' under path 'vol-b-30040/bucket-a-1-00811'
2023-06-02 20:41:12,876 [main] INFO  rpc.RpcClient (RpcClient.java:createBucket(686)) - Creating Bucket: vol-a-46124/bucket-a-2-92233, with server-side default bucket layout, runner as owner, Versioning false, Storage Type set to DISK and Encryption set to false, Replication Type set to server-side default replication type, Namespace Quota set to -1, Space Quota set to -1 
2023-06-02 20:41:12,879 [OM StateMachine ApplyTransaction Thread - 0] INFO  bucket.OMBucketCreateRequest (OMBucketCreateRequest.java:validateAndUpdateCache(270)) - created bucket: bucket-a-2-92233 of layout OBJECT_STORE in volume: vol-a-46124
2023-06-02 20:41:12,882 [OM StateMachine ApplyTransaction Thread - 0] INFO  snapshot.OMSnapshotCreateRequest (OMSnapshotCreateRequest.java:validateAndUpdateCache(231)) - Created snapshot 's20230602-204112.880' under path 'vol-a-46124/bucket-a-2-92233'
2023-06-02 20:41:12,883 [main] INFO  rpc.RpcClient (RpcClient.java:createBucket(686)) - Creating Bucket: vol-b-30040/bucket-a-2-55661, with server-side default bucket layout, runner as owner, Versioning false, Storage Type set to DISK and Encryption set to false, Replication Type set to server-side default replication type, Namespace Quota set to -1, Space Quota set to -1 
2023-06-02 20:41:12,886 [OM StateMachine ApplyTransaction Thread - 0] INFO  bucket.OMBucketCreateRequest (OMBucketCreateRequest.java:validateAndUpdateCache(270)) - created bucket: bucket-a-2-55661 of layout OBJECT_STORE in volume: vol-b-30040
2023-06-02 20:41:12,889 [OM StateMachine ApplyTransaction Thread - 0] INFO  snapshot.OMSnapshotCreateRequest (OMSnapshotCreateRequest.java:validateAndUpdateCache(231)) - Created snapshot 's20230602-204112.887' under path 'vol-b-30040/bucket-a-2-55661'
2023-06-02 20:41:12,890 [main] INFO  rpc.RpcClient (RpcClient.java:createBucket(686)) - Creating Bucket: vol-a-46124/bucket-a-3-75463, with server-side default bucket layout, runner as owner, Versioning false, Storage Type set to DISK and Encryption set to false, Replication Type set to server-side default replication type, Namespace Quota set to -1, Space Quota set to -1 
2023-06-02 20:41:12,892 [OM StateMachine ApplyTransaction Thread - 0] INFO  bucket.OMBucketCreateRequest (OMBucketCreateRequest.java:validateAndUpdateCache(270)) - created bucket: bucket-a-3-75463 of layout OBJECT_STORE in volume: vol-a-46124
2023-06-02 20:41:12,894 [OM StateMachine ApplyTransaction Thread - 0] INFO  snapshot.OMSnapshotCreateRequest (OMSnapshotCreateRequest.java:validateAndUpdateCache(231)) - Created snapshot 's20230602-204112.893' under path 'vol-a-46124/bucket-a-3-75463'
2023-06-02 20:41:12,895 [main] INFO  rpc.RpcClient (RpcClient.java:createBucket(686)) - Creating Bucket: vol-b-30040/bucket-a-3-03552, with server-side default bucket layout, runner as owner, Versioning false, Storage Type set to DISK and Encryption set to false, Replication Type set to server-side default replication type, Namespace Quota set to -1, Space Quota set to -1 
2023-06-02 20:41:12,897 [OM StateMachine ApplyTransaction Thread - 0] INFO  bucket.OMBucketCreateRequest (OMBucketCreateRequest.java:validateAndUpdateCache(270)) - created bucket: bucket-a-3-03552 of layout OBJECT_STORE in volume: vol-b-30040
2023-06-02 20:41:12,899 [OM StateMachine ApplyTransaction Thread - 0] INFO  snapshot.OMSnapshotCreateRequest (OMSnapshotCreateRequest.java:validateAndUpdateCache(231)) - Created snapshot 's20230602-204112.898' under path 'vol-b-30040/bucket-a-3-03552'
2023-06-02 20:41:12,900 [main] INFO  rpc.RpcClient (RpcClient.java:createBucket(686)) - Creating Bucket: vol-a-46124/bucket-a-4-57927, with server-side default bucket layout, runner as owner, Versioning false, Storage Type set to DISK and Encryption set to false, Replication Type set to server-side default replication type, Namespace Quota set to -1, Space Quota set to -1 
2023-06-02 20:41:12,901 [OM StateMachine ApplyTransaction Thread - 0] INFO  bucket.OMBucketCreateRequest (OMBucketCreateRequest.java:validateAndUpdateCache(270)) - created bucket: bucket-a-4-57927 of layout OBJECT_STORE in volume: vol-a-46124
2023-06-02 20:41:12,904 [OM StateMachine ApplyTransaction Thread - 0] INFO  snapshot.OMSnapshotCreateRequest (OMSnapshotCreateRequest.java:validateAndUpdateCache(231)) - Created snapshot 's20230602-204112.903' under path 'vol-a-46124/bucket-a-4-57927'
2023-06-02 20:41:12,904 [main] INFO  rpc.RpcClient (RpcClient.java:createBucket(686)) - Creating Bucket: vol-b-30040/bucket-a-4-67416, with server-side default bucket layout, runner as owner, Versioning false, Storage Type set to DISK and Encryption set to false, Replication Type set to server-side default replication type, Namespace Quota set to -1, Space Quota set to -1 
2023-06-02 20:41:12,907 [OM StateMachine ApplyTransaction Thread - 0] INFO  bucket.OMBucketCreateRequest (OMBucketCreateRequest.java:validateAndUpdateCache(270)) - created bucket: bucket-a-4-67416 of layout OBJECT_STORE in volume: vol-b-30040
2023-06-02 20:41:12,910 [OM StateMachine ApplyTransaction Thread - 0] INFO  snapshot.OMSnapshotCreateRequest (OMSnapshotCreateRequest.java:validateAndUpdateCache(231)) - Created snapshot 's20230602-204112.908' under path 'vol-b-30040/bucket-a-4-67416'
2023-06-02 20:41:12,910 [main] INFO  rpc.RpcClient (RpcClient.java:createBucket(686)) - Creating Bucket: vol-a-46124/bucket-a-5-16791, with server-side default bucket layout, runner as owner, Versioning false, Storage Type set to DISK and Encryption set to false, Replication Type set to server-side default replication type, Namespace Quota set to -1, Space Quota set to -1 
2023-06-02 20:41:12,912 [OM StateMachine ApplyTransaction Thread - 0] INFO  bucket.OMBucketCreateRequest (OMBucketCreateRequest.java:validateAndUpdateCache(270)) - created bucket: bucket-a-5-16791 of layout OBJECT_STORE in volume: vol-a-46124
2023-06-02 20:41:12,915 [OM StateMachine ApplyTransaction Thread - 0] INFO  snapshot.OMSnapshotCreateRequest (OMSnapshotCreateRequest.java:validateAndUpdateCache(231)) - Created snapshot 's20230602-204112.914' under path 'vol-a-46124/bucket-a-5-16791'
2023-06-02 20:41:12,915 [main] INFO  rpc.RpcClient (RpcClient.java:createBucket(686)) - Creating Bucket: vol-b-30040/bucket-a-5-37021, with server-side default bucket layout, runner as owner, Versioning false, Storage Type set to DISK and Encryption set to false, Replication Type set to server-side default replication type, Namespace Quota set to -1, Space Quota set to -1 
2023-06-02 20:41:12,917 [OM StateMachine ApplyTransaction Thread - 0] INFO  bucket.OMBucketCreateRequest (OMBucketCreateRequest.java:validateAndUpdateCache(270)) - created bucket: bucket-a-5-37021 of layout OBJECT_STORE in volume: vol-b-30040
2023-06-02 20:41:12,920 [OM StateMachine ApplyTransaction Thread - 0] INFO  snapshot.OMSnapshotCreateRequest (OMSnapshotCreateRequest.java:validateAndUpdateCache(231)) - Created snapshot 's20230602-204112.919' under path 'vol-b-30040/bucket-a-5-37021'
2023-06-02 20:41:12,920 [main] INFO  rpc.RpcClient (RpcClient.java:createBucket(686)) - Creating Bucket: vol-a-46124/bucket-a-6-81751, with server-side default bucket layout, runner as owner, Versioning false, Storage Type set to DISK and Encryption set to false, Replication Type set to server-side default replication type, Namespace Quota set to -1, Space Quota set to -1 
2023-06-02 20:41:12,922 [OM StateMachine ApplyTransaction Thread - 0] INFO  bucket.OMBucketCreateRequest (OMBucketCreateRequest.java:validateAndUpdateCache(270)) - created bucket: bucket-a-6-81751 of layout OBJECT_STORE in volume: vol-a-46124
2023-06-02 20:41:12,925 [OM StateMachine ApplyTransaction Thread - 0] INFO  snapshot.OMSnapshotCreateRequest (OMSnapshotCreateRequest.java:validateAndUpdateCache(231)) - Created snapshot 's20230602-204112.924' under path 'vol-a-46124/bucket-a-6-81751'
2023-06-02 20:41:12,925 [main] INFO  rpc.RpcClient (RpcClient.java:createBucket(686)) - Creating Bucket: vol-b-30040/bucket-a-6-62868, with server-side default bucket layout, runner as owner, Versioning false, Storage Type set to DISK and Encryption set to false, Replication Type set to server-side default replication type, Namespace Quota set to -1, Space Quota set to -1 
2023-06-02 20:41:12,927 [OM StateMachine ApplyTransaction Thread - 0] INFO  bucket.OMBucketCreateRequest (OMBucketCreateRequest.java:validateAndUpdateCache(270)) - created bucket: bucket-a-6-62868 of layout OBJECT_STORE in volume: vol-b-30040
2023-06-02 20:41:12,984 [OM StateMachine ApplyTransaction Thread - 0] INFO  snapshot.OMSnapshotCreateRequest (OMSnapshotCreateRequest.java:validateAndUpdateCache(231)) - Created snapshot 's20230602-204112.934' under path 'vol-b-30040/bucket-a-6-62868'
2023-06-02 20:41:12,985 [main] INFO  rpc.RpcClient (RpcClient.java:createBucket(686)) - Creating Bucket: vol-a-46124/bucket-a-7-21321, with server-side default bucket layout, runner as owner, Versioning false, Storage Type set to DISK and Encryption set to false, Replication Type set to server-side default replication type, Namespace Quota set to -1, Space Quota set to -1 
2023-06-02 20:41:12,987 [OM StateMachine ApplyTransaction Thread - 0] INFO  bucket.OMBucketCreateRequest (OMBucketCreateRequest.java:validateAndUpdateCache(270)) - created bucket: bucket-a-7-21321 of layout OBJECT_STORE in volume: vol-a-46124
2023-06-02 20:41:12,990 [OM StateMachine ApplyTransaction Thread - 0] INFO  snapshot.OMSnapshotCreateRequest (OMSnapshotCreateRequest.java:validateAndUpdateCache(231)) - Created snapshot 's20230602-204112.988' under path 'vol-a-46124/bucket-a-7-21321'
2023-06-02 20:41:12,991 [main] INFO  rpc.RpcClient (RpcClient.java:createBucket(686)) - Creating Bucket: vol-b-30040/bucket-a-7-13604, with server-side default bucket layout, runner as owner, Versioning false, Storage Type set to DISK and Encryption set to false, Replication Type set to server-side default replication type, Namespace Quota set to -1, Space Quota set to -1 
2023-06-02 20:41:12,993 [OM StateMachine ApplyTransaction Thread - 0] INFO  bucket.OMBucketCreateRequest (OMBucketCreateRequest.java:validateAndUpdateCache(270)) - created bucket: bucket-a-7-13604 of layout OBJECT_STORE in volume: vol-b-30040
2023-06-02 20:41:12,993 [OMDoubleBufferFlushThread] INFO  db.RDBCheckpointManager (RDBCheckpointManager.java:createCheckpoint(89)) - Created checkpoint in rocksDB at /home/runner/work/ozone/ozone/hadoop-ozone/integration-test/target/test-dir/MiniOzoneClusterImpl-5ac0c7d5-b38a-4534-ae70-3109b4fe19c6/ozone-meta/db.snapshots/checkpointState/om.db-adb15ec3-81fc-460c-81d4-ed61fb89f4d2 in 151 milliseconds
2023-06-02 20:41:12,997 [OM StateMachine ApplyTransaction Thread - 0] INFO  snapshot.OMSnapshotCreateRequest (OMSnapshotCreateRequest.java:validateAndUpdateCache(231)) - Created snapshot 's20230602-204112.996' under path 'vol-b-30040/bucket-a-7-13604'
2023-06-02 20:41:12,998 [main] INFO  rpc.RpcClient (RpcClient.java:createBucket(686)) - Creating Bucket: vol-a-46124/bucket-a-8-73399, with server-side default bucket layout, runner as owner, Versioning false, Storage Type set to DISK and Encryption set to false, Replication Type set to server-side default replication type, Namespace Quota set to -1, Space Quota set to -1 
2023-06-02 20:41:13,000 [OM StateMachine ApplyTransaction Thread - 0] INFO  bucket.OMBucketCreateRequest (OMBucketCreateRequest.java:validateAndUpdateCache(270)) - created bucket: bucket-a-8-73399 of layout OBJECT_STORE in volume: vol-a-46124
2023-06-02 20:41:13,002 [OM StateMachine ApplyTransaction Thread - 0] INFO  snapshot.OMSnapshotCreateRequest (OMSnapshotCreateRequest.java:validateAndUpdateCache(231)) - Created snapshot 's20230602-204113.001' under path 'vol-a-46124/bucket-a-8-73399'
2023-06-02 20:41:13,003 [main] INFO  rpc.RpcClient (RpcClient.java:createBucket(686)) - Creating Bucket: vol-b-30040/bucket-a-8-45966, with server-side default bucket layout, runner as owner, Versioning false, Storage Type set to DISK and Encryption set to false, Replication Type set to server-side default replication type, Namespace Quota set to -1, Space Quota set to -1 
2023-06-02 20:41:13,005 [OM StateMachine ApplyTransaction Thread - 0] INFO  bucket.OMBucketCreateRequest (OMBucketCreateRequest.java:validateAndUpdateCache(270)) - created bucket: bucket-a-8-45966 of layout OBJECT_STORE in volume: vol-b-30040
2023-06-02 20:41:13,008 [OM StateMachine ApplyTransaction Thread - 0] INFO  snapshot.OMSnapshotCreateRequest (OMSnapshotCreateRequest.java:validateAndUpdateCache(231)) - Created snapshot 's20230602-204113.006' under path 'vol-b-30040/bucket-a-8-45966'
2023-06-02 20:41:13,008 [main] INFO  rpc.RpcClient (RpcClient.java:createBucket(686)) - Creating Bucket: vol-a-46124/bucket-a-9-69784, with server-side default bucket layout, runner as owner, Versioning false, Storage Type set to DISK and Encryption set to false, Replication Type set to server-side default replication type, Namespace Quota set to -1, Space Quota set to -1 
2023-06-02 20:41:13,010 [OM StateMachine ApplyTransaction Thread - 0] INFO  bucket.OMBucketCreateRequest (OMBucketCreateRequest.java:validateAndUpdateCache(270)) - created bucket: bucket-a-9-69784 of layout OBJECT_STORE in volume: vol-a-46124
2023-06-02 20:41:13,012 [OM StateMachine ApplyTransaction Thread - 0] INFO  snapshot.OMSnapshotCreateRequest (OMSnapshotCreateRequest.java:validateAndUpdateCache(231)) - Created snapshot 's20230602-204113.011' under path 'vol-a-46124/bucket-a-9-69784'
2023-06-02 20:41:13,013 [main] INFO  rpc.RpcClient (RpcClient.java:createBucket(686)) - Creating Bucket: vol-b-30040/bucket-a-9-09562, with server-side default bucket layout, runner as owner, Versioning false, Storage Type set to DISK and Encryption set to false, Replication Type set to server-side default replication type, Namespace Quota set to -1, Space Quota set to -1 
2023-06-02 20:41:13,015 [OM StateMachine ApplyTransaction Thread - 0] INFO  bucket.OMBucketCreateRequest (OMBucketCreateRequest.java:validateAndUpdateCache(270)) - created bucket: bucket-a-9-09562 of layout OBJECT_STORE in volume: vol-b-30040
2023-06-02 20:41:13,017 [OM StateMachine ApplyTransaction Thread - 0] INFO  snapshot.OMSnapshotCreateRequest (OMSnapshotCreateRequest.java:validateAndUpdateCache(231)) - Created snapshot 's20230602-204113.016' under path 'vol-b-30040/bucket-a-9-09562'
2023-06-02 20:41:13,018 [main] INFO  rpc.RpcClient (RpcClient.java:createBucket(686)) - Creating Bucket: vol-a-46124/bucket-b-0-37888, with server-side default bucket layout, runner as owner, Versioning false, Storage Type set to DISK and Encryption set to false, Replication Type set to server-side default replication type, Namespace Quota set to -1, Space Quota set to -1 
2023-06-02 20:41:13,020 [OM StateMachine ApplyTransaction Thread - 0] INFO  bucket.OMBucketCreateRequest (OMBucketCreateRequest.java:validateAndUpdateCache(270)) - created bucket: bucket-b-0-37888 of layout OBJECT_STORE in volume: vol-a-46124
2023-06-02 20:41:13,022 [OM StateMachine ApplyTransaction Thread - 0] INFO  snapshot.OMSnapshotCreateRequest (OMSnapshotCreateRequest.java:validateAndUpdateCache(231)) - Created snapshot 's20230602-204113.021' under path 'vol-a-46124/bucket-b-0-37888'
2023-06-02 20:41:13,023 [main] INFO  rpc.RpcClient (RpcClient.java:createBucket(686)) - Creating Bucket: vol-b-30040/bucket-b-0-35024, with server-side default bucket layout, runner as owner, Versioning false, Storage Type set to DISK and Encryption set to false, Replication Type set to server-side default replication type, Namespace Quota set to -1, Space Quota set to -1 
2023-06-02 20:41:13,025 [OM StateMachine ApplyTransaction Thread - 0] INFO  bucket.OMBucketCreateRequest (OMBucketCreateRequest.java:validateAndUpdateCache(270)) - created bucket: bucket-b-0-35024 of layout OBJECT_STORE in volume: vol-b-30040
2023-06-02 20:41:13,025 [main] INFO  rpc.RpcClient (RpcClient.java:createBucket(686)) - Creating Bucket: vol-a-46124/bucket-b-1-40501, with server-side default bucket layout, runner as owner, Versioning false, Storage Type set to DISK and Encryption set to false, Replication Type set to server-side default replication type, Namespace Quota set to -1, Space Quota set to -1 
2023-06-02 20:41:13,027 [OM StateMachine ApplyTransaction Thread - 0] INFO  bucket.OMBucketCreateRequest (OMBucketCreateRequest.java:validateAndUpdateCache(270)) - created bucket: bucket-b-1-40501 of layout OBJECT_STORE in volume: vol-a-46124
2023-06-02 20:41:13,030 [OM StateMachine ApplyTransaction Thread - 0] INFO  snapshot.OMSnapshotCreateRequest (OMSnapshotCreateRequest.java:validateAndUpdateCache(231)) - Created snapshot 's20230602-204113.028' under path 'vol-a-46124/bucket-b-1-40501'
2023-06-02 20:41:13,030 [main] INFO  rpc.RpcClient (RpcClient.java:createBucket(686)) - Creating Bucket: vol-b-30040/bucket-b-1-09133, with server-side default bucket layout, runner as owner, Versioning false, Storage Type set to DISK and Encryption set to false, Replication Type set to server-side default replication type, Namespace Quota set to -1, Space Quota set to -1 
2023-06-02 20:41:13,032 [OM StateMachine ApplyTransaction Thread - 0] INFO  bucket.OMBucketCreateRequest (OMBucketCreateRequest.java:validateAndUpdateCache(270)) - created bucket: bucket-b-1-09133 of layout OBJECT_STORE in volume: vol-b-30040
2023-06-02 20:41:13,033 [main] INFO  rpc.RpcClient (RpcClient.java:createBucket(686)) - Creating Bucket: vol-a-46124/bucket-b-2-82687, with server-side default bucket layout, runner as owner, Versioning false, Storage Type set to DISK and Encryption set to false, Replication Type set to server-side default replication type, Namespace Quota set to -1, Space Quota set to -1 
2023-06-02 20:41:13,035 [OM StateMachine ApplyTransaction Thread - 0] INFO  bucket.OMBucketCreateRequest (OMBucketCreateRequest.java:validateAndUpdateCache(270)) - created bucket: bucket-b-2-82687 of layout OBJECT_STORE in volume: vol-a-46124
2023-06-02 20:41:13,037 [OM StateMachine ApplyTransaction Thread - 0] INFO  snapshot.OMSnapshotCreateRequest (OMSnapshotCreateRequest.java:validateAndUpdateCache(231)) - Created snapshot 's20230602-204113.036' under path 'vol-a-46124/bucket-b-2-82687'
2023-06-02 20:41:13,038 [main] INFO  rpc.RpcClient (RpcClient.java:createBucket(686)) - Creating Bucket: vol-b-30040/bucket-b-2-43195, with server-side default bucket layout, runner as owner, Versioning false, Storage Type set to DISK and Encryption set to false, Replication Type set to server-side default replication type, Namespace Quota set to -1, Space Quota set to -1 
2023-06-02 20:41:13,040 [OM StateMachine ApplyTransaction Thread - 0] INFO  bucket.OMBucketCreateRequest (OMBucketCreateRequest.java:validateAndUpdateCache(270)) - created bucket: bucket-b-2-43195 of layout OBJECT_STORE in volume: vol-b-30040
2023-06-02 20:41:13,040 [main] INFO  rpc.RpcClient (RpcClient.java:createBucket(686)) - Creating Bucket: vol-a-46124/bucket-b-3-91596, with server-side default bucket layout, runner as owner, Versioning false, Storage Type set to DISK and Encryption set to false, Replication Type set to server-side default replication type, Namespace Quota set to -1, Space Quota set to -1 
2023-06-02 20:41:13,042 [OM StateMachine ApplyTransaction Thread - 0] INFO  bucket.OMBucketCreateRequest (OMBucketCreateRequest.java:validateAndUpdateCache(270)) - created bucket: bucket-b-3-91596 of layout OBJECT_STORE in volume: vol-a-46124
2023-06-02 20:41:13,046 [OM StateMachine ApplyTransaction Thread - 0] INFO  snapshot.OMSnapshotCreateRequest (OMSnapshotCreateRequest.java:validateAndUpdateCache(231)) - Created snapshot 's20230602-204113.043' under path 'vol-a-46124/bucket-b-3-91596'
2023-06-02 20:41:13,046 [main] INFO  rpc.RpcClient (RpcClient.java:createBucket(686)) - Creating Bucket: vol-b-30040/bucket-b-3-82923, with server-side default bucket layout, runner as owner, Versioning false, Storage Type set to DISK and Encryption set to false, Replication Type set to server-side default replication type, Namespace Quota set to -1, Space Quota set to -1 
2023-06-02 20:41:13,049 [OM StateMachine ApplyTransaction Thread - 0] INFO  bucket.OMBucketCreateRequest (OMBucketCreateRequest.java:validateAndUpdateCache(270)) - created bucket: bucket-b-3-82923 of layout OBJECT_STORE in volume: vol-b-30040
2023-06-02 20:41:13,049 [main] INFO  rpc.RpcClient (RpcClient.java:createBucket(686)) - Creating Bucket: vol-a-46124/bucket-b-4-40275, with server-side default bucket layout, runner as owner, Versioning false, Storage Type set to DISK and Encryption set to false, Replication Type set to server-side default replication type, Namespace Quota set to -1, Space Quota set to -1 
2023-06-02 20:41:13,051 [OM StateMachine ApplyTransaction Thread - 0] INFO  bucket.OMBucketCreateRequest (OMBucketCreateRequest.java:validateAndUpdateCache(270)) - created bucket: bucket-b-4-40275 of layout OBJECT_STORE in volume: vol-a-46124
2023-06-02 20:41:13,053 [OMDoubleBufferFlushThread] INFO  db.RDBCheckpointUtils (RDBCheckpointUtils.java:waitForCheckpointDirectoryExist(59)) - Waited for 58 milliseconds for checkpoint directory /home/runner/work/ozone/ozone/hadoop-ozone/integration-test/target/test-dir/MiniOzoneClusterImpl-5ac0c7d5-b38a-4534-ae70-3109b4fe19c6/ozone-meta/db.snapshots/checkpointState/om.db-adb15ec3-81fc-460c-81d4-ed61fb89f4d2 availability.
2023-06-02 20:41:13,055 [OMDoubleBufferFlushThread] INFO  om.OmSnapshotManager (OmSnapshotManager.java:createOmSnapshotCheckpoint(409)) - Created checkpoint : /home/runner/work/ozone/ozone/hadoop-ozone/integration-test/target/test-dir/MiniOzoneClusterImpl-5ac0c7d5-b38a-4534-ae70-3109b4fe19c6/ozone-meta/db.snapshots/checkpointState/om.db-adb15ec3-81fc-460c-81d4-ed61fb89f4d2 for snapshot s20230602-204112.829
2023-06-02 20:41:13,060 [OM StateMachine ApplyTransaction Thread - 0] INFO  snapshot.OMSnapshotCreateRequest (OMSnapshotCreateRequest.java:validateAndUpdateCache(231)) - Created snapshot 's20230602-204113.052' under path 'vol-a-46124/bucket-b-4-40275'
2023-06-02 20:41:13,060 [main] INFO  rpc.RpcClient (RpcClient.java:createBucket(686)) - Creating Bucket: vol-b-30040/bucket-b-4-42741, with server-side default bucket layout, runner as owner, Versioning false, Storage Type set to DISK and Encryption set to false, Replication Type set to server-side default replication type, Namespace Quota set to -1, Space Quota set to -1 
2023-06-02 20:41:13,063 [OM StateMachine ApplyTransaction Thread - 0] INFO  bucket.OMBucketCreateRequest (OMBucketCreateRequest.java:validateAndUpdateCache(270)) - created bucket: bucket-b-4-42741 of layout OBJECT_STORE in volume: vol-b-30040
2023-06-02 20:41:13,063 [main] INFO  rpc.RpcClient (RpcClient.java:createBucket(686)) - Creating Bucket: vol-a-46124/bucket-b-5-40333, with server-side default bucket layout, runner as owner, Versioning false, Storage Type set to DISK and Encryption set to false, Replication Type set to server-side default replication type, Namespace Quota set to -1, Space Quota set to -1 
2023-06-02 20:41:13,065 [OM StateMachine ApplyTransaction Thread - 0] INFO  bucket.OMBucketCreateRequest (OMBucketCreateRequest.java:validateAndUpdateCache(270)) - created bucket: bucket-b-5-40333 of layout OBJECT_STORE in volume: vol-a-46124
2023-06-02 20:41:13,068 [OM StateMachine ApplyTransaction Thread - 0] INFO  snapshot.OMSnapshotCreateRequest (OMSnapshotCreateRequest.java:validateAndUpdateCache(231)) - Created snapshot 's20230602-204113.066' under path 'vol-a-46124/bucket-b-5-40333'
2023-06-02 20:41:13,068 [main] INFO  rpc.RpcClient (RpcClient.java:createBucket(686)) - Creating Bucket: vol-b-30040/bucket-b-5-14351, with server-side default bucket layout, runner as owner, Versioning false, Storage Type set to DISK and Encryption set to false, Replication Type set to server-side default replication type, Namespace Quota set to -1, Space Quota set to -1 
2023-06-02 20:41:13,072 [OM StateMachine ApplyTransaction Thread - 0] INFO  bucket.OMBucketCreateRequest (OMBucketCreateRequest.java:validateAndUpdateCache(270)) - created bucket: bucket-b-5-14351 of layout OBJECT_STORE in volume: vol-b-30040
2023-06-02 20:41:13,072 [main] INFO  rpc.RpcClient (RpcClient.java:createBucket(686)) - Creating Bucket: vol-a-46124/bucket-b-6-94944, with server-side default bucket layout, runner as owner, Versioning false, Storage Type set to DISK and Encryption set to false, Replication Type set to server-side default replication type, Namespace Quota set to -1, Space Quota set to -1 
2023-06-02 20:41:13,074 [OM StateMachine ApplyTransaction Thread - 0] INFO  bucket.OMBucketCreateRequest (OMBucketCreateRequest.java:validateAndUpdateCache(270)) - created bucket: bucket-b-6-94944 of layout OBJECT_STORE in volume: vol-a-46124
2023-06-02 20:41:13,077 [OM StateMachine ApplyTransaction Thread - 0] INFO  snapshot.OMSnapshotCreateRequest (OMSnapshotCreateRequest.java:validateAndUpdateCache(231)) - Created snapshot 's20230602-204113.076' under path 'vol-a-46124/bucket-b-6-94944'
2023-06-02 20:41:13,078 [main] INFO  rpc.RpcClient (RpcClient.java:createBucket(686)) - Creating Bucket: vol-b-30040/bucket-b-6-06490, with server-side default bucket layout, runner as owner, Versioning false, Storage Type set to DISK and Encryption set to false, Replication Type set to server-side default replication type, Namespace Quota set to -1, Space Quota set to -1 
2023-06-02 20:41:13,081 [OM StateMachine ApplyTransaction Thread - 0] INFO  bucket.OMBucketCreateRequest (OMBucketCreateRequest.java:validateAndUpdateCache(270)) - created bucket: bucket-b-6-06490 of layout OBJECT_STORE in volume: vol-b-30040
2023-06-02 20:41:13,082 [main] INFO  rpc.RpcClient (RpcClient.java:createBucket(686)) - Creating Bucket: vol-a-46124/bucket-b-7-34549, with server-side default bucket layout, runner as owner, Versioning false, Storage Type set to DISK and Encryption set to false, Replication Type set to server-side default replication type, Namespace Quota set to -1, Space Quota set to -1 
2023-06-02 20:41:13,085 [OM StateMachine ApplyTransaction Thread - 0] INFO  bucket.OMBucketCreateRequest (OMBucketCreateRequest.java:validateAndUpdateCache(270)) - created bucket: bucket-b-7-34549 of layout OBJECT_STORE in volume: vol-a-46124
2023-06-02 20:41:13,088 [OM StateMachine ApplyTransaction Thread - 0] INFO  snapshot.OMSnapshotCreateRequest (OMSnapshotCreateRequest.java:validateAndUpdateCache(231)) - Created snapshot 's20230602-204113.086' under path 'vol-a-46124/bucket-b-7-34549'
2023-06-02 20:41:13,089 [main] INFO  rpc.RpcClient (RpcClient.java:createBucket(686)) - Creating Bucket: vol-b-30040/bucket-b-7-29379, with server-side default bucket layout, runner as owner, Versioning false, Storage Type set to DISK and Encryption set to false, Replication Type set to server-side default replication type, Namespace Quota set to -1, Space Quota set to -1 
2023-06-02 20:41:13,091 [OM StateMachine ApplyTransaction Thread - 0] INFO  bucket.OMBucketCreateRequest (OMBucketCreateRequest.java:validateAndUpdateCache(270)) - created bucket: bucket-b-7-29379 of layout OBJECT_STORE in volume: vol-b-30040
2023-06-02 20:41:13,091 [main] INFO  rpc.RpcClient (RpcClient.java:createBucket(686)) - Creating Bucket: vol-a-46124/bucket-b-8-02602, with server-side default bucket layout, runner as owner, Versioning false, Storage Type set to DISK and Encryption set to false, Replication Type set to server-side default replication type, Namespace Quota set to -1, Space Quota set to -1 
2023-06-02 20:41:13,092 [OMDoubleBufferFlushThread] INFO  db.RDBCheckpointManager (RDBCheckpointManager.java:createCheckpoint(89)) - Created checkpoint in rocksDB at /home/runner/work/ozone/ozone/hadoop-ozone/integration-test/target/test-dir/MiniOzoneClusterImpl-5ac0c7d5-b38a-4534-ae70-3109b4fe19c6/ozone-meta/db.snapshots/checkpointState/om.db-a0e550bf-790a-495a-9113-0eadeb539377 in 30 milliseconds
2023-06-02 20:41:13,094 [OM StateMachine ApplyTransaction Thread - 0] INFO  bucket.OMBucketCreateRequest (OMBucketCreateRequest.java:validateAndUpdateCache(270)) - created bucket: bucket-b-8-02602 of layout OBJECT_STORE in volume: vol-a-46124
2023-06-02 20:41:13,096 [OM StateMachine ApplyTransaction Thread - 0] INFO  snapshot.OMSnapshotCreateRequest (OMSnapshotCreateRequest.java:validateAndUpdateCache(231)) - Created snapshot 's20230602-204113.095' under path 'vol-a-46124/bucket-b-8-02602'
2023-06-02 20:41:13,097 [main] INFO  rpc.RpcClient (RpcClient.java:createBucket(686)) - Creating Bucket: vol-b-30040/bucket-b-8-58018, with server-side default bucket layout, runner as owner, Versioning false, Storage Type set to DISK and Encryption set to false, Replication Type set to server-side default replication type, Namespace Quota set to -1, Space Quota set to -1 
2023-06-02 20:41:13,099 [OM StateMachine ApplyTransaction Thread - 0] INFO  bucket.OMBucketCreateRequest (OMBucketCreateRequest.java:validateAndUpdateCache(270)) - created bucket: bucket-b-8-58018 of layout OBJECT_STORE in volume: vol-b-30040
2023-06-02 20:41:13,099 [main] INFO  rpc.RpcClient (RpcClient.java:createBucket(686)) - Creating Bucket: vol-a-46124/bucket-b-9-27891, with server-side default bucket layout, runner as owner, Versioning false, Storage Type set to DISK and Encryption set to false, Replication Type set to server-side default replication type, Namespace Quota set to -1, Space Quota set to -1 
2023-06-02 20:41:13,101 [OM StateMachine ApplyTransaction Thread - 0] INFO  bucket.OMBucketCreateRequest (OMBucketCreateRequest.java:validateAndUpdateCache(270)) - created bucket: bucket-b-9-27891 of layout OBJECT_STORE in volume: vol-a-46124
2023-06-02 20:41:13,104 [OM StateMachine ApplyTransaction Thread - 0] INFO  snapshot.OMSnapshotCreateRequest (OMSnapshotCreateRequest.java:validateAndUpdateCache(231)) - Created snapshot 's20230602-204113.102' under path 'vol-a-46124/bucket-b-9-27891'
2023-06-02 20:41:13,104 [main] INFO  rpc.RpcClient (RpcClient.java:createBucket(686)) - Creating Bucket: vol-b-30040/bucket-b-9-50023, with server-side default bucket layout, runner as owner, Versioning false, Storage Type set to DISK and Encryption set to false, Replication Type set to server-side default replication type, Namespace Quota set to -1, Space Quota set to -1 
2023-06-02 20:41:13,106 [OMDoubleBufferFlushThread] INFO  db.RDBCheckpointUtils (RDBCheckpointUtils.java:waitForCheckpointDirectoryExist(59)) - Waited for 13 milliseconds for checkpoint directory /home/runner/work/ozone/ozone/hadoop-ozone/integration-test/target/test-dir/MiniOzoneClusterImpl-5ac0c7d5-b38a-4534-ae70-3109b4fe19c6/ozone-meta/db.snapshots/checkpointState/om.db-a0e550bf-790a-495a-9113-0eadeb539377 availability.
2023-06-02 20:41:13,106 [OM StateMachine ApplyTransaction Thread - 0] INFO  bucket.OMBucketCreateRequest (OMBucketCreateRequest.java:validateAndUpdateCache(270)) - created bucket: bucket-b-9-50023 of layout OBJECT_STORE in volume: vol-b-30040
2023-06-02 20:41:13,107 [OMDoubleBufferFlushThread] INFO  om.OmSnapshotManager (OmSnapshotManager.java:createOmSnapshotCheckpoint(409)) - Created checkpoint : /home/runner/work/ozone/ozone/hadoop-ozone/integration-test/target/test-dir/MiniOzoneClusterImpl-5ac0c7d5-b38a-4534-ae70-3109b4fe19c6/ozone-meta/db.snapshots/checkpointState/om.db-a0e550bf-790a-495a-9113-0eadeb539377 for snapshot s20230602-204112.852
2023-06-02 20:41:13,107 [OMDoubleBufferFlushThread] WARN  rocksdiff.RocksDBCheckpointDiffer (RocksDBCheckpointDiffer.java:setCurrentCompactionLog(312)) - Compaction log exists: /home/runner/work/ozone/ozone/hadoop-ozone/integration-test/target/test-dir/MiniOzoneClusterImpl-5ac0c7d5-b38a-4534-ae70-3109b4fe19c6/ozone-meta/db.snapshots/diffState/compaction-log/0000000000000001330.log. Will append
2023-06-02 20:41:13,141 [OMDoubleBufferFlushThread] INFO  db.RDBCheckpointManager (RDBCheckpointManager.java:createCheckpoint(89)) - Created checkpoint in rocksDB at /home/runner/work/ozone/ozone/hadoop-ozone/integration-test/target/test-dir/MiniOzoneClusterImpl-5ac0c7d5-b38a-4534-ae70-3109b4fe19c6/ozone-meta/db.snapshots/checkpointState/om.db-d6583f12-e465-4c38-a646-3edcc58a1dbe in 32 milliseconds
2023-06-02 20:41:13,150 [OMDoubleBufferFlushThread] INFO  db.RDBCheckpointUtils (RDBCheckpointUtils.java:waitForCheckpointDirectoryExist(59)) - Waited for 9 milliseconds for checkpoint directory /home/runner/work/ozone/ozone/hadoop-ozone/integration-test/target/test-dir/MiniOzoneClusterImpl-5ac0c7d5-b38a-4534-ae70-3109b4fe19c6/ozone-meta/db.snapshots/checkpointState/om.db-d6583f12-e465-4c38-a646-3edcc58a1dbe availability.
2023-06-02 20:41:13,151 [OMDoubleBufferFlushThread] INFO  om.OmSnapshotManager (OmSnapshotManager.java:createOmSnapshotCheckpoint(409)) - Created checkpoint : /home/runner/work/ozone/ozone/hadoop-ozone/integration-test/target/test-dir/MiniOzoneClusterImpl-5ac0c7d5-b38a-4534-ae70-3109b4fe19c6/ozone-meta/db.snapshots/checkpointState/om.db-d6583f12-e465-4c38-a646-3edcc58a1dbe for snapshot s20230602-204112.867
2023-06-02 20:41:13,151 [OMDoubleBufferFlushThread] WARN  rocksdiff.RocksDBCheckpointDiffer (RocksDBCheckpointDiffer.java:setCurrentCompactionLog(312)) - Compaction log exists: /home/runner/work/ozone/ozone/hadoop-ozone/integration-test/target/test-dir/MiniOzoneClusterImpl-5ac0c7d5-b38a-4534-ae70-3109b4fe19c6/ozone-meta/db.snapshots/diffState/compaction-log/0000000000000001330.log. Will append
]]></system-out>
  </testcase>
  <testcase name="testListBucketsOnEmptyVolume" classname="org.apache.hadoop.ozone.client.rpc.TestSecureOzoneRpcClient" time="0.015">
    <system-out><![CDATA[2023-06-02 20:41:13,156 [main] INFO  rpc.RpcClient (RpcClient.java:createVolume(459)) - Creating Volume: vol-empty, with runner as owner and space quota set to -1 bytes, counts quota set to -1
2023-06-02 20:41:13,162 [OM StateMachine ApplyTransaction Thread - 0] INFO  volume.OMVolumeCreateRequest (OMVolumeCreateRequest.java:validateAndUpdateCache(196)) - created volume:vol-empty for user:runner
2023-06-02 20:41:13,163 [Thread-1261] INFO  rocksdiff.RocksDBCheckpointDiffer (RocksDBCheckpointDiffer.java:onCompactionCompleted(527)) - Skipped the compaction entry. Compaction input files: [/home/runner/work/ozone/ozone/hadoop-ozone/integration-test/target/test-dir/MiniOzoneClusterImpl-5ac0c7d5-b38a-4534-ae70-3109b4fe19c6/ozone-meta/om.db/000053.sst] and output files: [/home/runner/work/ozone/ozone/hadoop-ozone/integration-test/target/test-dir/MiniOzoneClusterImpl-5ac0c7d5-b38a-4534-ae70-3109b4fe19c6/ozone-meta/om.db/000053.sst] are same.
]]></system-out>
  </testcase>
  <testcase name="testListBucketsReplicationConfig" classname="org.apache.hadoop.ozone.client.rpc.TestSecureOzoneRpcClient" time="0.042">
    <system-out><![CDATA[2023-06-02 20:41:13,179 [main] INFO  rpc.RpcClient (RpcClient.java:createVolume(459)) - Creating Volume: 350d63b6-8b76-4943-8137-56d8c008a113, with runner as owner and space quota set to -1 bytes, counts quota set to -1
2023-06-02 20:41:13,183 [OM StateMachine ApplyTransaction Thread - 0] INFO  volume.OMVolumeCreateRequest (OMVolumeCreateRequest.java:validateAndUpdateCache(196)) - created volume:350d63b6-8b76-4943-8137-56d8c008a113 for user:runner
2023-06-02 20:41:13,185 [main] INFO  rpc.RpcClient (RpcClient.java:createBucket(686)) - Creating Bucket: 350d63b6-8b76-4943-8137-56d8c008a113/2b76c2b3-36a1-4d1d-8c0f-d4803bc5c4a1, with server-side default bucket layout, runner as owner, Versioning false, Storage Type set to DISK and Encryption set to false, Replication Type set to server-side default replication type, Namespace Quota set to -1, Space Quota set to -1 
2023-06-02 20:41:13,191 [OM StateMachine ApplyTransaction Thread - 0] INFO  bucket.OMBucketCreateRequest (OMBucketCreateRequest.java:validateAndUpdateCache(270)) - created bucket: 2b76c2b3-36a1-4d1d-8c0f-d4803bc5c4a1 of layout OBJECT_STORE in volume: 350d63b6-8b76-4943-8137-56d8c008a113
2023-06-02 20:41:13,194 [main] INFO  rpc.RpcClient (RpcClient.java:createBucket(686)) - Creating Bucket: 350d63b6-8b76-4943-8137-56d8c008a113/fef1e502-da5e-40b5-a735-093db8c74578, with server-side default bucket layout, runner as owner, Versioning false, Storage Type set to DISK and Encryption set to false, Replication Type set to EC, Namespace Quota set to -1, Space Quota set to -1 
2023-06-02 20:41:13,196 [OMDoubleBufferFlushThread] INFO  db.RDBCheckpointManager (RDBCheckpointManager.java:createCheckpoint(89)) - Created checkpoint in rocksDB at /home/runner/work/ozone/ozone/hadoop-ozone/integration-test/target/test-dir/MiniOzoneClusterImpl-5ac0c7d5-b38a-4534-ae70-3109b4fe19c6/ozone-meta/db.snapshots/checkpointState/om.db-29817504-65c2-4c7f-9597-a362b3df2569 in 43 milliseconds
2023-06-02 20:41:13,201 [OMDoubleBufferFlushThread] INFO  db.RDBCheckpointUtils (RDBCheckpointUtils.java:waitForCheckpointDirectoryExist(59)) - Waited for 1 milliseconds for checkpoint directory /home/runner/work/ozone/ozone/hadoop-ozone/integration-test/target/test-dir/MiniOzoneClusterImpl-5ac0c7d5-b38a-4534-ae70-3109b4fe19c6/ozone-meta/db.snapshots/checkpointState/om.db-29817504-65c2-4c7f-9597-a362b3df2569 availability.
2023-06-02 20:41:13,202 [OM StateMachine ApplyTransaction Thread - 0] INFO  bucket.OMBucketCreateRequest (OMBucketCreateRequest.java:validateAndUpdateCache(270)) - created bucket: fef1e502-da5e-40b5-a735-093db8c74578 of layout OBJECT_STORE in volume: 350d63b6-8b76-4943-8137-56d8c008a113
2023-06-02 20:41:13,202 [OMDoubleBufferFlushThread] INFO  om.OmSnapshotManager (OmSnapshotManager.java:createOmSnapshotCheckpoint(409)) - Created checkpoint : /home/runner/work/ozone/ozone/hadoop-ozone/integration-test/target/test-dir/MiniOzoneClusterImpl-5ac0c7d5-b38a-4534-ae70-3109b4fe19c6/ozone-meta/db.snapshots/checkpointState/om.db-29817504-65c2-4c7f-9597-a362b3df2569 for snapshot s20230602-204112.874
2023-06-02 20:41:13,202 [OMDoubleBufferFlushThread] WARN  rocksdiff.RocksDBCheckpointDiffer (RocksDBCheckpointDiffer.java:setCurrentCompactionLog(312)) - Compaction log exists: /home/runner/work/ozone/ozone/hadoop-ozone/integration-test/target/test-dir/MiniOzoneClusterImpl-5ac0c7d5-b38a-4534-ae70-3109b4fe19c6/ozone-meta/db.snapshots/diffState/compaction-log/0000000000000001330.log. Will append
2023-06-02 20:41:13,203 [Thread-1307] INFO  rocksdiff.RocksDBCheckpointDiffer (RocksDBCheckpointDiffer.java:onCompactionCompleted(527)) - Skipped the compaction entry. Compaction input files: [/home/runner/work/ozone/ozone/hadoop-ozone/integration-test/target/test-dir/MiniOzoneClusterImpl-5ac0c7d5-b38a-4534-ae70-3109b4fe19c6/ozone-meta/om.db/000079.sst, /home/runner/work/ozone/ozone/hadoop-ozone/integration-test/target/test-dir/MiniOzoneClusterImpl-5ac0c7d5-b38a-4534-ae70-3109b4fe19c6/ozone-meta/om.db/000074.sst, /home/runner/work/ozone/ozone/hadoop-ozone/integration-test/target/test-dir/MiniOzoneClusterImpl-5ac0c7d5-b38a-4534-ae70-3109b4fe19c6/ozone-meta/om.db/000068.sst, /home/runner/work/ozone/ozone/hadoop-ozone/integration-test/target/test-dir/MiniOzoneClusterImpl-5ac0c7d5-b38a-4534-ae70-3109b4fe19c6/ozone-meta/om.db/000055.sst] and output files: [/home/runner/work/ozone/ozone/hadoop-ozone/integration-test/target/test-dir/MiniOzoneClusterImpl-5ac0c7d5-b38a-4534-ae70-3109b4fe19c6/ozone-meta/om.db/000079.sst, /home/runner/work/ozone/ozone/hadoop-ozone/integration-test/target/test-dir/MiniOzoneClusterImpl-5ac0c7d5-b38a-4534-ae70-3109b4fe19c6/ozone-meta/om.db/000074.sst, /home/runner/work/ozone/ozone/hadoop-ozone/integration-test/target/test-dir/MiniOzoneClusterImpl-5ac0c7d5-b38a-4534-ae70-3109b4fe19c6/ozone-meta/om.db/000068.sst, /home/runner/work/ozone/ozone/hadoop-ozone/integration-test/target/test-dir/MiniOzoneClusterImpl-5ac0c7d5-b38a-4534-ae70-3109b4fe19c6/ozone-meta/om.db/000055.sst] are same.
2023-06-02 20:41:13,206 [main] INFO  rpc.RpcClient (RpcClient.java:createBucket(686)) - Creating Bucket: 350d63b6-8b76-4943-8137-56d8c008a113/1f0d6250-f600-4d8a-8ec5-839b77be0668, with server-side default bucket layout, runner as owner, Versioning false, Storage Type set to DISK and Encryption set to false, Replication Type set to RATIS, Namespace Quota set to -1, Space Quota set to -1 
2023-06-02 20:41:13,211 [OM StateMachine ApplyTransaction Thread - 0] INFO  bucket.OMBucketCreateRequest (OMBucketCreateRequest.java:validateAndUpdateCache(270)) - created bucket: 1f0d6250-f600-4d8a-8ec5-839b77be0668 of layout OBJECT_STORE in volume: 350d63b6-8b76-4943-8137-56d8c008a113
]]></system-out>
  </testcase>
  <testcase name="testListKey" classname="org.apache.hadoop.ozone.client.rpc.TestSecureOzoneRpcClient" time="1.86">
    <system-out><![CDATA[2023-06-02 20:41:13,218 [Thread-1329] INFO  rocksdiff.RocksDBCheckpointDiffer (RocksDBCheckpointDiffer.java:onCompactionCompleted(527)) - Skipped the compaction entry. Compaction input files: [/home/runner/work/ozone/ozone/hadoop-ozone/integration-test/target/test-dir/MiniOzoneClusterImpl-5ac0c7d5-b38a-4534-ae70-3109b4fe19c6/ozone-meta/om.db/000071.sst, /home/runner/work/ozone/ozone/hadoop-ozone/integration-test/target/test-dir/MiniOzoneClusterImpl-5ac0c7d5-b38a-4534-ae70-3109b4fe19c6/ozone-meta/om.db/000065.sst, /home/runner/work/ozone/ozone/hadoop-ozone/integration-test/target/test-dir/MiniOzoneClusterImpl-5ac0c7d5-b38a-4534-ae70-3109b4fe19c6/ozone-meta/om.db/000076.sst] and output files: [/home/runner/work/ozone/ozone/hadoop-ozone/integration-test/target/test-dir/MiniOzoneClusterImpl-5ac0c7d5-b38a-4534-ae70-3109b4fe19c6/ozone-meta/om.db/000071.sst, /home/runner/work/ozone/ozone/hadoop-ozone/integration-test/target/test-dir/MiniOzoneClusterImpl-5ac0c7d5-b38a-4534-ae70-3109b4fe19c6/ozone-meta/om.db/000065.sst, /home/runner/work/ozone/ozone/hadoop-ozone/integration-test/target/test-dir/MiniOzoneClusterImpl-5ac0c7d5-b38a-4534-ae70-3109b4fe19c6/ozone-meta/om.db/000076.sst] are same.
2023-06-02 20:41:13,219 [main] INFO  rpc.RpcClient (RpcClient.java:createVolume(459)) - Creating Volume: vol-a-94907, with runner as owner and space quota set to -1 bytes, counts quota set to -1
2023-06-02 20:41:13,222 [OM StateMachine ApplyTransaction Thread - 0] INFO  volume.OMVolumeCreateRequest (OMVolumeCreateRequest.java:validateAndUpdateCache(196)) - created volume:vol-a-94907 for user:runner
2023-06-02 20:41:13,222 [Thread-1345] INFO  rocksdiff.RocksDBCheckpointDiffer (RocksDBCheckpointDiffer.java:onCompactionCompleted(527)) - Skipped the compaction entry. Compaction input files: [/home/runner/work/ozone/ozone/hadoop-ozone/integration-test/target/test-dir/MiniOzoneClusterImpl-5ac0c7d5-b38a-4534-ae70-3109b4fe19c6/ozone-meta/om.db/000066.sst] and output files: [/home/runner/work/ozone/ozone/hadoop-ozone/integration-test/target/test-dir/MiniOzoneClusterImpl-5ac0c7d5-b38a-4534-ae70-3109b4fe19c6/ozone-meta/om.db/000066.sst] are same.
2023-06-02 20:41:13,223 [main] INFO  rpc.RpcClient (RpcClient.java:createVolume(459)) - Creating Volume: vol-b-26160, with runner as owner and space quota set to -1 bytes, counts quota set to -1
2023-06-02 20:41:13,225 [OM StateMachine ApplyTransaction Thread - 0] INFO  volume.OMVolumeCreateRequest (OMVolumeCreateRequest.java:validateAndUpdateCache(196)) - created volume:vol-b-26160 for user:runner
2023-06-02 20:41:13,228 [main] INFO  rpc.RpcClient (RpcClient.java:createBucket(686)) - Creating Bucket: vol-a-94907/buc-a-60936, with server-side default bucket layout, runner as owner, Versioning false, Storage Type set to DISK and Encryption set to false, Replication Type set to server-side default replication type, Namespace Quota set to -1, Space Quota set to -1 
2023-06-02 20:41:13,230 [OM StateMachine ApplyTransaction Thread - 0] INFO  bucket.OMBucketCreateRequest (OMBucketCreateRequest.java:validateAndUpdateCache(270)) - created bucket: buc-a-60936 of layout OBJECT_STORE in volume: vol-a-94907
2023-06-02 20:41:13,231 [main] INFO  rpc.RpcClient (RpcClient.java:createBucket(686)) - Creating Bucket: vol-a-94907/buc-b-08846, with server-side default bucket layout, runner as owner, Versioning false, Storage Type set to DISK and Encryption set to false, Replication Type set to server-side default replication type, Namespace Quota set to -1, Space Quota set to -1 
2023-06-02 20:41:13,233 [OM StateMachine ApplyTransaction Thread - 0] INFO  bucket.OMBucketCreateRequest (OMBucketCreateRequest.java:validateAndUpdateCache(270)) - created bucket: buc-b-08846 of layout OBJECT_STORE in volume: vol-a-94907
2023-06-02 20:41:13,234 [main] INFO  rpc.RpcClient (RpcClient.java:createBucket(686)) - Creating Bucket: vol-b-26160/buc-a-60936, with server-side default bucket layout, runner as owner, Versioning false, Storage Type set to DISK and Encryption set to false, Replication Type set to server-side default replication type, Namespace Quota set to -1, Space Quota set to -1 
2023-06-02 20:41:13,234 [OMDoubleBufferFlushThread] INFO  db.RDBCheckpointManager (RDBCheckpointManager.java:createCheckpoint(89)) - Created checkpoint in rocksDB at /home/runner/work/ozone/ozone/hadoop-ozone/integration-test/target/test-dir/MiniOzoneClusterImpl-5ac0c7d5-b38a-4534-ae70-3109b4fe19c6/ozone-meta/db.snapshots/checkpointState/om.db-b03c5c08-ba48-4623-b6b4-d05e98b44bea in 24 milliseconds
2023-06-02 20:41:13,236 [OM StateMachine ApplyTransaction Thread - 0] INFO  bucket.OMBucketCreateRequest (OMBucketCreateRequest.java:validateAndUpdateCache(270)) - created bucket: buc-a-60936 of layout OBJECT_STORE in volume: vol-b-26160
2023-06-02 20:41:13,237 [main] INFO  rpc.RpcClient (RpcClient.java:createBucket(686)) - Creating Bucket: vol-b-26160/buc-b-08846, with server-side default bucket layout, runner as owner, Versioning false, Storage Type set to DISK and Encryption set to false, Replication Type set to server-side default replication type, Namespace Quota set to -1, Space Quota set to -1 
2023-06-02 20:41:13,239 [OM StateMachine ApplyTransaction Thread - 0] INFO  bucket.OMBucketCreateRequest (OMBucketCreateRequest.java:validateAndUpdateCache(270)) - created bucket: buc-b-08846 of layout OBJECT_STORE in volume: vol-b-26160
2023-06-02 20:41:13,241 [OMDoubleBufferFlushThread] INFO  db.RDBCheckpointUtils (RDBCheckpointUtils.java:waitForCheckpointDirectoryExist(59)) - Waited for 6 milliseconds for checkpoint directory /home/runner/work/ozone/ozone/hadoop-ozone/integration-test/target/test-dir/MiniOzoneClusterImpl-5ac0c7d5-b38a-4534-ae70-3109b4fe19c6/ozone-meta/db.snapshots/checkpointState/om.db-b03c5c08-ba48-4623-b6b4-d05e98b44bea availability.
2023-06-02 20:41:13,242 [OMDoubleBufferFlushThread] INFO  om.OmSnapshotManager (OmSnapshotManager.java:createOmSnapshotCheckpoint(409)) - Created checkpoint : /home/runner/work/ozone/ozone/hadoop-ozone/integration-test/target/test-dir/MiniOzoneClusterImpl-5ac0c7d5-b38a-4534-ae70-3109b4fe19c6/ozone-meta/db.snapshots/checkpointState/om.db-b03c5c08-ba48-4623-b6b4-d05e98b44bea for snapshot s20230602-204112.880
2023-06-02 20:41:13,242 [OMDoubleBufferFlushThread] WARN  rocksdiff.RocksDBCheckpointDiffer (RocksDBCheckpointDiffer.java:setCurrentCompactionLog(312)) - Compaction log exists: /home/runner/work/ozone/ozone/hadoop-ozone/integration-test/target/test-dir/MiniOzoneClusterImpl-5ac0c7d5-b38a-4534-ae70-3109b4fe19c6/ozone-meta/db.snapshots/diffState/compaction-log/0000000000000001330.log. Will append
2023-06-02 20:41:13,258 [Thread-1397] INFO  rocksdiff.RocksDBCheckpointDiffer (RocksDBCheckpointDiffer.java:onCompactionCompleted(527)) - Skipped the compaction entry. Compaction input files: [/home/runner/work/ozone/ozone/hadoop-ozone/integration-test/target/test-dir/MiniOzoneClusterImpl-5ac0c7d5-b38a-4534-ae70-3109b4fe19c6/ozone-meta/om.db/000077.sst, /home/runner/work/ozone/ozone/hadoop-ozone/integration-test/target/test-dir/MiniOzoneClusterImpl-5ac0c7d5-b38a-4534-ae70-3109b4fe19c6/ozone-meta/om.db/000072.sst, /home/runner/work/ozone/ozone/hadoop-ozone/integration-test/target/test-dir/MiniOzoneClusterImpl-5ac0c7d5-b38a-4534-ae70-3109b4fe19c6/ozone-meta/om.db/000083.sst] and output files: [/home/runner/work/ozone/ozone/hadoop-ozone/integration-test/target/test-dir/MiniOzoneClusterImpl-5ac0c7d5-b38a-4534-ae70-3109b4fe19c6/ozone-meta/om.db/000077.sst, /home/runner/work/ozone/ozone/hadoop-ozone/integration-test/target/test-dir/MiniOzoneClusterImpl-5ac0c7d5-b38a-4534-ae70-3109b4fe19c6/ozone-meta/om.db/000072.sst, /home/runner/work/ozone/ozone/hadoop-ozone/integration-test/target/test-dir/MiniOzoneClusterImpl-5ac0c7d5-b38a-4534-ae70-3109b4fe19c6/ozone-meta/om.db/000083.sst] are same.
2023-06-02 20:41:13,267 [OMDoubleBufferFlushThread] INFO  db.RDBCheckpointManager (RDBCheckpointManager.java:createCheckpoint(89)) - Created checkpoint in rocksDB at /home/runner/work/ozone/ozone/hadoop-ozone/integration-test/target/test-dir/MiniOzoneClusterImpl-5ac0c7d5-b38a-4534-ae70-3109b4fe19c6/ozone-meta/db.snapshots/checkpointState/om.db-0f0383a3-daaa-4bb6-af3c-baa60a9bba3c in 22 milliseconds
2023-06-02 20:41:13,270 [OMDoubleBufferFlushThread] INFO  db.RDBCheckpointUtils (RDBCheckpointUtils.java:waitForCheckpointDirectoryExist(59)) - Waited for 2 milliseconds for checkpoint directory /home/runner/work/ozone/ozone/hadoop-ozone/integration-test/target/test-dir/MiniOzoneClusterImpl-5ac0c7d5-b38a-4534-ae70-3109b4fe19c6/ozone-meta/db.snapshots/checkpointState/om.db-0f0383a3-daaa-4bb6-af3c-baa60a9bba3c availability.
2023-06-02 20:41:13,271 [OMDoubleBufferFlushThread] INFO  om.OmSnapshotManager (OmSnapshotManager.java:createOmSnapshotCheckpoint(409)) - Created checkpoint : /home/runner/work/ozone/ozone/hadoop-ozone/integration-test/target/test-dir/MiniOzoneClusterImpl-5ac0c7d5-b38a-4534-ae70-3109b4fe19c6/ozone-meta/db.snapshots/checkpointState/om.db-0f0383a3-daaa-4bb6-af3c-baa60a9bba3c for snapshot s20230602-204112.887
2023-06-02 20:41:13,271 [OMDoubleBufferFlushThread] WARN  rocksdiff.RocksDBCheckpointDiffer (RocksDBCheckpointDiffer.java:setCurrentCompactionLog(312)) - Compaction log exists: /home/runner/work/ozone/ozone/hadoop-ozone/integration-test/target/test-dir/MiniOzoneClusterImpl-5ac0c7d5-b38a-4534-ae70-3109b4fe19c6/ozone-meta/db.snapshots/diffState/compaction-log/0000000000000001330.log. Will append
2023-06-02 20:41:13,302 [OMDoubleBufferFlushThread] INFO  db.RDBCheckpointManager (RDBCheckpointManager.java:createCheckpoint(89)) - Created checkpoint in rocksDB at /home/runner/work/ozone/ozone/hadoop-ozone/integration-test/target/test-dir/MiniOzoneClusterImpl-5ac0c7d5-b38a-4534-ae70-3109b4fe19c6/ozone-meta/db.snapshots/checkpointState/om.db-0ff4a2b4-50b1-4726-ac19-06c1e00606d3 in 28 milliseconds
2023-06-02 20:41:13,302 [OMDoubleBufferFlushThread] INFO  db.RDBCheckpointUtils (RDBCheckpointUtils.java:waitForCheckpointDirectoryExist(59)) - Waited for 0 milliseconds for checkpoint directory /home/runner/work/ozone/ozone/hadoop-ozone/integration-test/target/test-dir/MiniOzoneClusterImpl-5ac0c7d5-b38a-4534-ae70-3109b4fe19c6/ozone-meta/db.snapshots/checkpointState/om.db-0ff4a2b4-50b1-4726-ac19-06c1e00606d3 availability.
2023-06-02 20:41:13,303 [OMDoubleBufferFlushThread] INFO  om.OmSnapshotManager (OmSnapshotManager.java:createOmSnapshotCheckpoint(409)) - Created checkpoint : /home/runner/work/ozone/ozone/hadoop-ozone/integration-test/target/test-dir/MiniOzoneClusterImpl-5ac0c7d5-b38a-4534-ae70-3109b4fe19c6/ozone-meta/db.snapshots/checkpointState/om.db-0ff4a2b4-50b1-4726-ac19-06c1e00606d3 for snapshot s20230602-204112.893
2023-06-02 20:41:13,303 [OMDoubleBufferFlushThread] WARN  rocksdiff.RocksDBCheckpointDiffer (RocksDBCheckpointDiffer.java:setCurrentCompactionLog(312)) - Compaction log exists: /home/runner/work/ozone/ozone/hadoop-ozone/integration-test/target/test-dir/MiniOzoneClusterImpl-5ac0c7d5-b38a-4534-ae70-3109b4fe19c6/ozone-meta/db.snapshots/diffState/compaction-log/0000000000000001330.log. Will append
2023-06-02 20:41:13,318 [Thread-1479] INFO  rocksdiff.RocksDBCheckpointDiffer (RocksDBCheckpointDiffer.java:onCompactionCompleted(527)) - Skipped the compaction entry. Compaction input files: [/home/runner/work/ozone/ozone/hadoop-ozone/integration-test/target/test-dir/MiniOzoneClusterImpl-5ac0c7d5-b38a-4534-ae70-3109b4fe19c6/ozone-meta/om.db/000082.sst] and output files: [/home/runner/work/ozone/ozone/hadoop-ozone/integration-test/target/test-dir/MiniOzoneClusterImpl-5ac0c7d5-b38a-4534-ae70-3109b4fe19c6/ozone-meta/om.db/000082.sst] are same.
2023-06-02 20:41:13,353 [OMDoubleBufferFlushThread] INFO  db.RDBCheckpointManager (RDBCheckpointManager.java:createCheckpoint(89)) - Created checkpoint in rocksDB at /home/runner/work/ozone/ozone/hadoop-ozone/integration-test/target/test-dir/MiniOzoneClusterImpl-5ac0c7d5-b38a-4534-ae70-3109b4fe19c6/ozone-meta/db.snapshots/checkpointState/om.db-16e62140-ae18-4ec2-b1bd-75eef19cd71a in 48 milliseconds
2023-06-02 20:41:13,353 [OMDoubleBufferFlushThread] INFO  db.RDBCheckpointUtils (RDBCheckpointUtils.java:waitForCheckpointDirectoryExist(59)) - Waited for 0 milliseconds for checkpoint directory /home/runner/work/ozone/ozone/hadoop-ozone/integration-test/target/test-dir/MiniOzoneClusterImpl-5ac0c7d5-b38a-4534-ae70-3109b4fe19c6/ozone-meta/db.snapshots/checkpointState/om.db-16e62140-ae18-4ec2-b1bd-75eef19cd71a availability.
2023-06-02 20:41:13,354 [OMDoubleBufferFlushThread] INFO  om.OmSnapshotManager (OmSnapshotManager.java:createOmSnapshotCheckpoint(409)) - Created checkpoint : /home/runner/work/ozone/ozone/hadoop-ozone/integration-test/target/test-dir/MiniOzoneClusterImpl-5ac0c7d5-b38a-4534-ae70-3109b4fe19c6/ozone-meta/db.snapshots/checkpointState/om.db-16e62140-ae18-4ec2-b1bd-75eef19cd71a for snapshot s20230602-204112.898
2023-06-02 20:41:13,354 [OMDoubleBufferFlushThread] WARN  rocksdiff.RocksDBCheckpointDiffer (RocksDBCheckpointDiffer.java:setCurrentCompactionLog(312)) - Compaction log exists: /home/runner/work/ozone/ozone/hadoop-ozone/integration-test/target/test-dir/MiniOzoneClusterImpl-5ac0c7d5-b38a-4534-ae70-3109b4fe19c6/ozone-meta/db.snapshots/diffState/compaction-log/0000000000000001330.log. Will append
2023-06-02 20:41:13,385 [OMDoubleBufferFlushThread] INFO  db.RDBCheckpointManager (RDBCheckpointManager.java:createCheckpoint(89)) - Created checkpoint in rocksDB at /home/runner/work/ozone/ozone/hadoop-ozone/integration-test/target/test-dir/MiniOzoneClusterImpl-5ac0c7d5-b38a-4534-ae70-3109b4fe19c6/ozone-meta/db.snapshots/checkpointState/om.db-9e1a3d93-634d-4b65-9098-603fe328511b in 29 milliseconds
2023-06-02 20:41:13,386 [OMDoubleBufferFlushThread] INFO  db.RDBCheckpointUtils (RDBCheckpointUtils.java:waitForCheckpointDirectoryExist(59)) - Waited for 1 milliseconds for checkpoint directory /home/runner/work/ozone/ozone/hadoop-ozone/integration-test/target/test-dir/MiniOzoneClusterImpl-5ac0c7d5-b38a-4534-ae70-3109b4fe19c6/ozone-meta/db.snapshots/checkpointState/om.db-9e1a3d93-634d-4b65-9098-603fe328511b availability.
2023-06-02 20:41:13,386 [OMDoubleBufferFlushThread] INFO  om.OmSnapshotManager (OmSnapshotManager.java:createOmSnapshotCheckpoint(409)) - Created checkpoint : /home/runner/work/ozone/ozone/hadoop-ozone/integration-test/target/test-dir/MiniOzoneClusterImpl-5ac0c7d5-b38a-4534-ae70-3109b4fe19c6/ozone-meta/db.snapshots/checkpointState/om.db-9e1a3d93-634d-4b65-9098-603fe328511b for snapshot s20230602-204112.903
2023-06-02 20:41:13,387 [OMDoubleBufferFlushThread] WARN  rocksdiff.RocksDBCheckpointDiffer (RocksDBCheckpointDiffer.java:setCurrentCompactionLog(312)) - Compaction log exists: /home/runner/work/ozone/ozone/hadoop-ozone/integration-test/target/test-dir/MiniOzoneClusterImpl-5ac0c7d5-b38a-4534-ae70-3109b4fe19c6/ozone-meta/db.snapshots/diffState/compaction-log/0000000000000001330.log. Will append
2023-06-02 20:41:13,401 [Thread-1639] INFO  rocksdiff.RocksDBCheckpointDiffer (RocksDBCheckpointDiffer.java:onCompactionCompleted(527)) - Skipped the compaction entry. Compaction input files: [/home/runner/work/ozone/ozone/hadoop-ozone/integration-test/target/test-dir/MiniOzoneClusterImpl-5ac0c7d5-b38a-4534-ae70-3109b4fe19c6/ozone-meta/om.db/000087.sst] and output files: [/home/runner/work/ozone/ozone/hadoop-ozone/integration-test/target/test-dir/MiniOzoneClusterImpl-5ac0c7d5-b38a-4534-ae70-3109b4fe19c6/ozone-meta/om.db/000087.sst] are same.
2023-06-02 20:41:13,409 [Thread-1655] INFO  rocksdiff.RocksDBCheckpointDiffer (RocksDBCheckpointDiffer.java:onCompactionCompleted(527)) - Skipped the compaction entry. Compaction input files: [/home/runner/work/ozone/ozone/hadoop-ozone/integration-test/target/test-dir/MiniOzoneClusterImpl-5ac0c7d5-b38a-4534-ae70-3109b4fe19c6/ozone-meta/om.db/000088.sst] and output files: [/home/runner/work/ozone/ozone/hadoop-ozone/integration-test/target/test-dir/MiniOzoneClusterImpl-5ac0c7d5-b38a-4534-ae70-3109b4fe19c6/ozone-meta/om.db/000088.sst] are same.
2023-06-02 20:41:13,414 [Thread-1671] INFO  rocksdiff.RocksDBCheckpointDiffer (RocksDBCheckpointDiffer.java:onCompactionCompleted(527)) - Skipped the compaction entry. Compaction input files: [/home/runner/work/ozone/ozone/hadoop-ozone/integration-test/target/test-dir/MiniOzoneClusterImpl-5ac0c7d5-b38a-4534-ae70-3109b4fe19c6/ozone-meta/om.db/000092.sst] and output files: [/home/runner/work/ozone/ozone/hadoop-ozone/integration-test/target/test-dir/MiniOzoneClusterImpl-5ac0c7d5-b38a-4534-ae70-3109b4fe19c6/ozone-meta/om.db/000092.sst] are same.
2023-06-02 20:41:13,418 [OMDoubleBufferFlushThread] INFO  db.RDBCheckpointManager (RDBCheckpointManager.java:createCheckpoint(89)) - Created checkpoint in rocksDB at /home/runner/work/ozone/ozone/hadoop-ozone/integration-test/target/test-dir/MiniOzoneClusterImpl-5ac0c7d5-b38a-4534-ae70-3109b4fe19c6/ozone-meta/db.snapshots/checkpointState/om.db-f7a4bf3c-20a4-466c-93cb-ded5905a90df in 29 milliseconds
2023-06-02 20:41:13,419 [OMDoubleBufferFlushThread] INFO  db.RDBCheckpointUtils (RDBCheckpointUtils.java:waitForCheckpointDirectoryExist(59)) - Waited for 1 milliseconds for checkpoint directory /home/runner/work/ozone/ozone/hadoop-ozone/integration-test/target/test-dir/MiniOzoneClusterImpl-5ac0c7d5-b38a-4534-ae70-3109b4fe19c6/ozone-meta/db.snapshots/checkpointState/om.db-f7a4bf3c-20a4-466c-93cb-ded5905a90df availability.
2023-06-02 20:41:13,419 [OMDoubleBufferFlushThread] INFO  om.OmSnapshotManager (OmSnapshotManager.java:createOmSnapshotCheckpoint(409)) - Created checkpoint : /home/runner/work/ozone/ozone/hadoop-ozone/integration-test/target/test-dir/MiniOzoneClusterImpl-5ac0c7d5-b38a-4534-ae70-3109b4fe19c6/ozone-meta/db.snapshots/checkpointState/om.db-f7a4bf3c-20a4-466c-93cb-ded5905a90df for snapshot s20230602-204112.908
2023-06-02 20:41:13,420 [OMDoubleBufferFlushThread] WARN  rocksdiff.RocksDBCheckpointDiffer (RocksDBCheckpointDiffer.java:setCurrentCompactionLog(312)) - Compaction log exists: /home/runner/work/ozone/ozone/hadoop-ozone/integration-test/target/test-dir/MiniOzoneClusterImpl-5ac0c7d5-b38a-4534-ae70-3109b4fe19c6/ozone-meta/db.snapshots/diffState/compaction-log/0000000000000001330.log. Will append
2023-06-02 20:41:13,420 [Thread-1677] INFO  rocksdiff.RocksDBCheckpointDiffer (RocksDBCheckpointDiffer.java:onCompactionCompleted(527)) - Skipped the compaction entry. Compaction input files: [/home/runner/work/ozone/ozone/hadoop-ozone/integration-test/target/test-dir/MiniOzoneClusterImpl-5ac0c7d5-b38a-4534-ae70-3109b4fe19c6/ozone-meta/om.db/000093.sst] and output files: [/home/runner/work/ozone/ozone/hadoop-ozone/integration-test/target/test-dir/MiniOzoneClusterImpl-5ac0c7d5-b38a-4534-ae70-3109b4fe19c6/ozone-meta/om.db/000093.sst] are same.
2023-06-02 20:41:13,434 [Thread-1699] INFO  rocksdiff.RocksDBCheckpointDiffer (RocksDBCheckpointDiffer.java:onCompactionCompleted(527)) - Skipped the compaction entry. Compaction input files: [/home/runner/work/ozone/ozone/hadoop-ozone/integration-test/target/test-dir/MiniOzoneClusterImpl-5ac0c7d5-b38a-4534-ae70-3109b4fe19c6/ozone-meta/om.db/000097.sst] and output files: [/home/runner/work/ozone/ozone/hadoop-ozone/integration-test/target/test-dir/MiniOzoneClusterImpl-5ac0c7d5-b38a-4534-ae70-3109b4fe19c6/ozone-meta/om.db/000097.sst] are same.
2023-06-02 20:41:13,439 [Thread-1715] INFO  rocksdiff.RocksDBCheckpointDiffer (RocksDBCheckpointDiffer.java:onCompactionCompleted(527)) - Skipped the compaction entry. Compaction input files: [/home/runner/work/ozone/ozone/hadoop-ozone/integration-test/target/test-dir/MiniOzoneClusterImpl-5ac0c7d5-b38a-4534-ae70-3109b4fe19c6/ozone-meta/om.db/000098.sst] and output files: [/home/runner/work/ozone/ozone/hadoop-ozone/integration-test/target/test-dir/MiniOzoneClusterImpl-5ac0c7d5-b38a-4534-ae70-3109b4fe19c6/ozone-meta/om.db/000098.sst] are same.
2023-06-02 20:41:13,452 [OMDoubleBufferFlushThread] INFO  db.RDBCheckpointManager (RDBCheckpointManager.java:createCheckpoint(89)) - Created checkpoint in rocksDB at /home/runner/work/ozone/ozone/hadoop-ozone/integration-test/target/test-dir/MiniOzoneClusterImpl-5ac0c7d5-b38a-4534-ae70-3109b4fe19c6/ozone-meta/db.snapshots/checkpointState/om.db-ca86cc23-7bab-4eb0-8125-d894018276e7 in 30 milliseconds
2023-06-02 20:41:13,458 [OMDoubleBufferFlushThread] INFO  db.RDBCheckpointUtils (RDBCheckpointUtils.java:waitForCheckpointDirectoryExist(59)) - Waited for 6 milliseconds for checkpoint directory /home/runner/work/ozone/ozone/hadoop-ozone/integration-test/target/test-dir/MiniOzoneClusterImpl-5ac0c7d5-b38a-4534-ae70-3109b4fe19c6/ozone-meta/db.snapshots/checkpointState/om.db-ca86cc23-7bab-4eb0-8125-d894018276e7 availability.
2023-06-02 20:41:13,459 [OMDoubleBufferFlushThread] INFO  om.OmSnapshotManager (OmSnapshotManager.java:createOmSnapshotCheckpoint(409)) - Created checkpoint : /home/runner/work/ozone/ozone/hadoop-ozone/integration-test/target/test-dir/MiniOzoneClusterImpl-5ac0c7d5-b38a-4534-ae70-3109b4fe19c6/ozone-meta/db.snapshots/checkpointState/om.db-ca86cc23-7bab-4eb0-8125-d894018276e7 for snapshot s20230602-204112.914
2023-06-02 20:41:13,460 [OMDoubleBufferFlushThread] WARN  rocksdiff.RocksDBCheckpointDiffer (RocksDBCheckpointDiffer.java:setCurrentCompactionLog(312)) - Compaction log exists: /home/runner/work/ozone/ozone/hadoop-ozone/integration-test/target/test-dir/MiniOzoneClusterImpl-5ac0c7d5-b38a-4534-ae70-3109b4fe19c6/ozone-meta/db.snapshots/diffState/compaction-log/0000000000000001330.log. Will append
2023-06-02 20:41:13,475 [Thread-1755] INFO  rocksdiff.RocksDBCheckpointDiffer (RocksDBCheckpointDiffer.java:onCompactionCompleted(527)) - Skipped the compaction entry. Compaction input files: [/home/runner/work/ozone/ozone/hadoop-ozone/integration-test/target/test-dir/MiniOzoneClusterImpl-5ac0c7d5-b38a-4534-ae70-3109b4fe19c6/ozone-meta/om.db/000103.sst] and output files: [/home/runner/work/ozone/ozone/hadoop-ozone/integration-test/target/test-dir/MiniOzoneClusterImpl-5ac0c7d5-b38a-4534-ae70-3109b4fe19c6/ozone-meta/om.db/000103.sst] are same.
2023-06-02 20:41:13,482 [Thread-1770] INFO  rocksdiff.RocksDBCheckpointDiffer (RocksDBCheckpointDiffer.java:onCompactionCompleted(527)) - Skipped the compaction entry. Compaction input files: [/home/runner/work/ozone/ozone/hadoop-ozone/integration-test/target/test-dir/MiniOzoneClusterImpl-5ac0c7d5-b38a-4534-ae70-3109b4fe19c6/ozone-meta/om.db/000105.sst] and output files: [/home/runner/work/ozone/ozone/hadoop-ozone/integration-test/target/test-dir/MiniOzoneClusterImpl-5ac0c7d5-b38a-4534-ae70-3109b4fe19c6/ozone-meta/om.db/000105.sst] are same.
2023-06-02 20:41:13,514 [OMDoubleBufferFlushThread] INFO  db.RDBCheckpointManager (RDBCheckpointManager.java:createCheckpoint(89)) - Created checkpoint in rocksDB at /home/runner/work/ozone/ozone/hadoop-ozone/integration-test/target/test-dir/MiniOzoneClusterImpl-5ac0c7d5-b38a-4534-ae70-3109b4fe19c6/ozone-meta/db.snapshots/checkpointState/om.db-611c47e1-7b3a-4995-874b-37f17606b1d0 in 50 milliseconds
2023-06-02 20:41:13,520 [OMDoubleBufferFlushThread] INFO  db.RDBCheckpointUtils (RDBCheckpointUtils.java:waitForCheckpointDirectoryExist(59)) - Waited for 6 milliseconds for checkpoint directory /home/runner/work/ozone/ozone/hadoop-ozone/integration-test/target/test-dir/MiniOzoneClusterImpl-5ac0c7d5-b38a-4534-ae70-3109b4fe19c6/ozone-meta/db.snapshots/checkpointState/om.db-611c47e1-7b3a-4995-874b-37f17606b1d0 availability.
2023-06-02 20:41:13,521 [OMDoubleBufferFlushThread] INFO  om.OmSnapshotManager (OmSnapshotManager.java:createOmSnapshotCheckpoint(409)) - Created checkpoint : /home/runner/work/ozone/ozone/hadoop-ozone/integration-test/target/test-dir/MiniOzoneClusterImpl-5ac0c7d5-b38a-4534-ae70-3109b4fe19c6/ozone-meta/db.snapshots/checkpointState/om.db-611c47e1-7b3a-4995-874b-37f17606b1d0 for snapshot s20230602-204112.919
2023-06-02 20:41:13,521 [OMDoubleBufferFlushThread] WARN  rocksdiff.RocksDBCheckpointDiffer (RocksDBCheckpointDiffer.java:setCurrentCompactionLog(312)) - Compaction log exists: /home/runner/work/ozone/ozone/hadoop-ozone/integration-test/target/test-dir/MiniOzoneClusterImpl-5ac0c7d5-b38a-4534-ae70-3109b4fe19c6/ozone-meta/db.snapshots/diffState/compaction-log/0000000000000001330.log. Will append
2023-06-02 20:41:13,536 [Thread-1851] INFO  rocksdiff.RocksDBCheckpointDiffer (RocksDBCheckpointDiffer.java:onCompactionCompleted(527)) - Skipped the compaction entry. Compaction input files: [/home/runner/work/ozone/ozone/hadoop-ozone/integration-test/target/test-dir/MiniOzoneClusterImpl-5ac0c7d5-b38a-4534-ae70-3109b4fe19c6/ozone-meta/om.db/000109.sst] and output files: [/home/runner/work/ozone/ozone/hadoop-ozone/integration-test/target/test-dir/MiniOzoneClusterImpl-5ac0c7d5-b38a-4534-ae70-3109b4fe19c6/ozone-meta/om.db/000109.sst] are same.
2023-06-02 20:41:13,544 [Thread-1871] INFO  rocksdiff.RocksDBCheckpointDiffer (RocksDBCheckpointDiffer.java:onCompactionCompleted(527)) - Skipped the compaction entry. Compaction input files: [/home/runner/work/ozone/ozone/hadoop-ozone/integration-test/target/test-dir/MiniOzoneClusterImpl-5ac0c7d5-b38a-4534-ae70-3109b4fe19c6/ozone-meta/om.db/000110.sst] and output files: [/home/runner/work/ozone/ozone/hadoop-ozone/integration-test/target/test-dir/MiniOzoneClusterImpl-5ac0c7d5-b38a-4534-ae70-3109b4fe19c6/ozone-meta/om.db/000110.sst] are same.
2023-06-02 20:41:13,553 [OMDoubleBufferFlushThread] INFO  db.RDBCheckpointManager (RDBCheckpointManager.java:createCheckpoint(89)) - Created checkpoint in rocksDB at /home/runner/work/ozone/ozone/hadoop-ozone/integration-test/target/test-dir/MiniOzoneClusterImpl-5ac0c7d5-b38a-4534-ae70-3109b4fe19c6/ozone-meta/db.snapshots/checkpointState/om.db-e70a77c1-9e64-454d-96d5-c35b09cba0d8 in 27 milliseconds
2023-06-02 20:41:13,560 [OMDoubleBufferFlushThread] INFO  db.RDBCheckpointUtils (RDBCheckpointUtils.java:waitForCheckpointDirectoryExist(59)) - Waited for 6 milliseconds for checkpoint directory /home/runner/work/ozone/ozone/hadoop-ozone/integration-test/target/test-dir/MiniOzoneClusterImpl-5ac0c7d5-b38a-4534-ae70-3109b4fe19c6/ozone-meta/db.snapshots/checkpointState/om.db-e70a77c1-9e64-454d-96d5-c35b09cba0d8 availability.
2023-06-02 20:41:13,560 [OMDoubleBufferFlushThread] INFO  om.OmSnapshotManager (OmSnapshotManager.java:createOmSnapshotCheckpoint(409)) - Created checkpoint : /home/runner/work/ozone/ozone/hadoop-ozone/integration-test/target/test-dir/MiniOzoneClusterImpl-5ac0c7d5-b38a-4534-ae70-3109b4fe19c6/ozone-meta/db.snapshots/checkpointState/om.db-e70a77c1-9e64-454d-96d5-c35b09cba0d8 for snapshot s20230602-204112.924
2023-06-02 20:41:13,560 [OMDoubleBufferFlushThread] WARN  rocksdiff.RocksDBCheckpointDiffer (RocksDBCheckpointDiffer.java:setCurrentCompactionLog(312)) - Compaction log exists: /home/runner/work/ozone/ozone/hadoop-ozone/integration-test/target/test-dir/MiniOzoneClusterImpl-5ac0c7d5-b38a-4534-ae70-3109b4fe19c6/ozone-meta/db.snapshots/diffState/compaction-log/0000000000000001330.log. Will append
2023-06-02 20:41:13,572 [Thread-1911] INFO  rocksdiff.RocksDBCheckpointDiffer (RocksDBCheckpointDiffer.java:onCompactionCompleted(527)) - Skipped the compaction entry. Compaction input files: [/home/runner/work/ozone/ozone/hadoop-ozone/integration-test/target/test-dir/MiniOzoneClusterImpl-5ac0c7d5-b38a-4534-ae70-3109b4fe19c6/ozone-meta/om.db/000114.sst] and output files: [/home/runner/work/ozone/ozone/hadoop-ozone/integration-test/target/test-dir/MiniOzoneClusterImpl-5ac0c7d5-b38a-4534-ae70-3109b4fe19c6/ozone-meta/om.db/000114.sst] are same.
2023-06-02 20:41:13,578 [Thread-1927] INFO  rocksdiff.RocksDBCheckpointDiffer (RocksDBCheckpointDiffer.java:onCompactionCompleted(527)) - Skipped the compaction entry. Compaction input files: [/home/runner/work/ozone/ozone/hadoop-ozone/integration-test/target/test-dir/MiniOzoneClusterImpl-5ac0c7d5-b38a-4534-ae70-3109b4fe19c6/ozone-meta/om.db/000115.sst] and output files: [/home/runner/work/ozone/ozone/hadoop-ozone/integration-test/target/test-dir/MiniOzoneClusterImpl-5ac0c7d5-b38a-4534-ae70-3109b4fe19c6/ozone-meta/om.db/000115.sst] are same.
2023-06-02 20:41:13,592 [OMDoubleBufferFlushThread] INFO  db.RDBCheckpointManager (RDBCheckpointManager.java:createCheckpoint(89)) - Created checkpoint in rocksDB at /home/runner/work/ozone/ozone/hadoop-ozone/integration-test/target/test-dir/MiniOzoneClusterImpl-5ac0c7d5-b38a-4534-ae70-3109b4fe19c6/ozone-meta/db.snapshots/checkpointState/om.db-de09506f-364c-4672-8ddf-38bc1934e312 in 28 milliseconds
2023-06-02 20:41:13,594 [OMDoubleBufferFlushThread] INFO  db.RDBCheckpointUtils (RDBCheckpointUtils.java:waitForCheckpointDirectoryExist(59)) - Waited for 1 milliseconds for checkpoint directory /home/runner/work/ozone/ozone/hadoop-ozone/integration-test/target/test-dir/MiniOzoneClusterImpl-5ac0c7d5-b38a-4534-ae70-3109b4fe19c6/ozone-meta/db.snapshots/checkpointState/om.db-de09506f-364c-4672-8ddf-38bc1934e312 availability.
2023-06-02 20:41:13,594 [OMDoubleBufferFlushThread] INFO  om.OmSnapshotManager (OmSnapshotManager.java:createOmSnapshotCheckpoint(409)) - Created checkpoint : /home/runner/work/ozone/ozone/hadoop-ozone/integration-test/target/test-dir/MiniOzoneClusterImpl-5ac0c7d5-b38a-4534-ae70-3109b4fe19c6/ozone-meta/db.snapshots/checkpointState/om.db-de09506f-364c-4672-8ddf-38bc1934e312 for snapshot s20230602-204112.934
2023-06-02 20:41:13,595 [OMDoubleBufferFlushThread] WARN  rocksdiff.RocksDBCheckpointDiffer (RocksDBCheckpointDiffer.java:setCurrentCompactionLog(312)) - Compaction log exists: /home/runner/work/ozone/ozone/hadoop-ozone/integration-test/target/test-dir/MiniOzoneClusterImpl-5ac0c7d5-b38a-4534-ae70-3109b4fe19c6/ozone-meta/db.snapshots/diffState/compaction-log/0000000000000001330.log. Will append
2023-06-02 20:41:13,608 [Thread-1967] INFO  rocksdiff.RocksDBCheckpointDiffer (RocksDBCheckpointDiffer.java:onCompactionCompleted(527)) - Skipped the compaction entry. Compaction input files: [/home/runner/work/ozone/ozone/hadoop-ozone/integration-test/target/test-dir/MiniOzoneClusterImpl-5ac0c7d5-b38a-4534-ae70-3109b4fe19c6/ozone-meta/om.db/000119.sst] and output files: [/home/runner/work/ozone/ozone/hadoop-ozone/integration-test/target/test-dir/MiniOzoneClusterImpl-5ac0c7d5-b38a-4534-ae70-3109b4fe19c6/ozone-meta/om.db/000119.sst] are same.
2023-06-02 20:41:13,620 [Thread-1979] INFO  rocksdiff.RocksDBCheckpointDiffer (RocksDBCheckpointDiffer.java:onCompactionCompleted(527)) - Skipped the compaction entry. Compaction input files: [/home/runner/work/ozone/ozone/hadoop-ozone/integration-test/target/test-dir/MiniOzoneClusterImpl-5ac0c7d5-b38a-4534-ae70-3109b4fe19c6/ozone-meta/om.db/000120.sst] and output files: [/home/runner/work/ozone/ozone/hadoop-ozone/integration-test/target/test-dir/MiniOzoneClusterImpl-5ac0c7d5-b38a-4534-ae70-3109b4fe19c6/ozone-meta/om.db/000120.sst] are same.
2023-06-02 20:41:13,642 [OMDoubleBufferFlushThread] INFO  db.RDBCheckpointManager (RDBCheckpointManager.java:createCheckpoint(89)) - Created checkpoint in rocksDB at /home/runner/work/ozone/ozone/hadoop-ozone/integration-test/target/test-dir/MiniOzoneClusterImpl-5ac0c7d5-b38a-4534-ae70-3109b4fe19c6/ozone-meta/db.snapshots/checkpointState/om.db-9a584bd1-1748-4c69-ad5e-6f6faf79d414 in 45 milliseconds
2023-06-02 20:41:13,644 [OMDoubleBufferFlushThread] INFO  db.RDBCheckpointUtils (RDBCheckpointUtils.java:waitForCheckpointDirectoryExist(59)) - Waited for 2 milliseconds for checkpoint directory /home/runner/work/ozone/ozone/hadoop-ozone/integration-test/target/test-dir/MiniOzoneClusterImpl-5ac0c7d5-b38a-4534-ae70-3109b4fe19c6/ozone-meta/db.snapshots/checkpointState/om.db-9a584bd1-1748-4c69-ad5e-6f6faf79d414 availability.
2023-06-02 20:41:13,645 [OMDoubleBufferFlushThread] INFO  om.OmSnapshotManager (OmSnapshotManager.java:createOmSnapshotCheckpoint(409)) - Created checkpoint : /home/runner/work/ozone/ozone/hadoop-ozone/integration-test/target/test-dir/MiniOzoneClusterImpl-5ac0c7d5-b38a-4534-ae70-3109b4fe19c6/ozone-meta/db.snapshots/checkpointState/om.db-9a584bd1-1748-4c69-ad5e-6f6faf79d414 for snapshot s20230602-204112.988
2023-06-02 20:41:13,645 [OMDoubleBufferFlushThread] WARN  rocksdiff.RocksDBCheckpointDiffer (RocksDBCheckpointDiffer.java:setCurrentCompactionLog(312)) - Compaction log exists: /home/runner/work/ozone/ozone/hadoop-ozone/integration-test/target/test-dir/MiniOzoneClusterImpl-5ac0c7d5-b38a-4534-ae70-3109b4fe19c6/ozone-meta/db.snapshots/diffState/compaction-log/0000000000000001330.log. Will append
2023-06-02 20:41:13,663 [Thread-2021] INFO  rocksdiff.RocksDBCheckpointDiffer (RocksDBCheckpointDiffer.java:onCompactionCompleted(527)) - Skipped the compaction entry. Compaction input files: [/home/runner/work/ozone/ozone/hadoop-ozone/integration-test/target/test-dir/MiniOzoneClusterImpl-5ac0c7d5-b38a-4534-ae70-3109b4fe19c6/ozone-meta/om.db/000126.sst] and output files: [/home/runner/work/ozone/ozone/hadoop-ozone/integration-test/target/test-dir/MiniOzoneClusterImpl-5ac0c7d5-b38a-4534-ae70-3109b4fe19c6/ozone-meta/om.db/000126.sst] are same.
2023-06-02 20:41:13,670 [Thread-2039] INFO  rocksdiff.RocksDBCheckpointDiffer (RocksDBCheckpointDiffer.java:onCompactionCompleted(527)) - Skipped the compaction entry. Compaction input files: [/home/runner/work/ozone/ozone/hadoop-ozone/integration-test/target/test-dir/MiniOzoneClusterImpl-5ac0c7d5-b38a-4534-ae70-3109b4fe19c6/ozone-meta/om.db/000127.sst] and output files: [/home/runner/work/ozone/ozone/hadoop-ozone/integration-test/target/test-dir/MiniOzoneClusterImpl-5ac0c7d5-b38a-4534-ae70-3109b4fe19c6/ozone-meta/om.db/000127.sst] are same.
2023-06-02 20:41:13,690 [OMDoubleBufferFlushThread] INFO  db.RDBCheckpointManager (RDBCheckpointManager.java:createCheckpoint(89)) - Created checkpoint in rocksDB at /home/runner/work/ozone/ozone/hadoop-ozone/integration-test/target/test-dir/MiniOzoneClusterImpl-5ac0c7d5-b38a-4534-ae70-3109b4fe19c6/ozone-meta/db.snapshots/checkpointState/om.db-e7f9122b-d8ce-4974-a226-da0ea62f7531 in 43 milliseconds
2023-06-02 20:41:13,695 [OMDoubleBufferFlushThread] INFO  db.RDBCheckpointUtils (RDBCheckpointUtils.java:waitForCheckpointDirectoryExist(59)) - Waited for 4 milliseconds for checkpoint directory /home/runner/work/ozone/ozone/hadoop-ozone/integration-test/target/test-dir/MiniOzoneClusterImpl-5ac0c7d5-b38a-4534-ae70-3109b4fe19c6/ozone-meta/db.snapshots/checkpointState/om.db-e7f9122b-d8ce-4974-a226-da0ea62f7531 availability.
2023-06-02 20:41:13,695 [OMDoubleBufferFlushThread] INFO  om.OmSnapshotManager (OmSnapshotManager.java:createOmSnapshotCheckpoint(409)) - Created checkpoint : /home/runner/work/ozone/ozone/hadoop-ozone/integration-test/target/test-dir/MiniOzoneClusterImpl-5ac0c7d5-b38a-4534-ae70-3109b4fe19c6/ozone-meta/db.snapshots/checkpointState/om.db-e7f9122b-d8ce-4974-a226-da0ea62f7531 for snapshot s20230602-204112.996
2023-06-02 20:41:13,696 [OMDoubleBufferFlushThread] WARN  rocksdiff.RocksDBCheckpointDiffer (RocksDBCheckpointDiffer.java:setCurrentCompactionLog(312)) - Compaction log exists: /home/runner/work/ozone/ozone/hadoop-ozone/integration-test/target/test-dir/MiniOzoneClusterImpl-5ac0c7d5-b38a-4534-ae70-3109b4fe19c6/ozone-meta/db.snapshots/diffState/compaction-log/0000000000000001330.log. Will append
2023-06-02 20:41:13,713 [Thread-2127] INFO  rocksdiff.RocksDBCheckpointDiffer (RocksDBCheckpointDiffer.java:onCompactionCompleted(527)) - Skipped the compaction entry. Compaction input files: [/home/runner/work/ozone/ozone/hadoop-ozone/integration-test/target/test-dir/MiniOzoneClusterImpl-5ac0c7d5-b38a-4534-ae70-3109b4fe19c6/ozone-meta/om.db/000131.sst] and output files: [/home/runner/work/ozone/ozone/hadoop-ozone/integration-test/target/test-dir/MiniOzoneClusterImpl-5ac0c7d5-b38a-4534-ae70-3109b4fe19c6/ozone-meta/om.db/000131.sst] are same.
2023-06-02 20:41:13,718 [Thread-2141] INFO  rocksdiff.RocksDBCheckpointDiffer (RocksDBCheckpointDiffer.java:onCompactionCompleted(527)) - Skipped the compaction entry. Compaction input files: [/home/runner/work/ozone/ozone/hadoop-ozone/integration-test/target/test-dir/MiniOzoneClusterImpl-5ac0c7d5-b38a-4534-ae70-3109b4fe19c6/ozone-meta/om.db/000132.sst] and output files: [/home/runner/work/ozone/ozone/hadoop-ozone/integration-test/target/test-dir/MiniOzoneClusterImpl-5ac0c7d5-b38a-4534-ae70-3109b4fe19c6/ozone-meta/om.db/000132.sst] are same.
2023-06-02 20:41:13,729 [OMDoubleBufferFlushThread] INFO  db.RDBCheckpointManager (RDBCheckpointManager.java:createCheckpoint(89)) - Created checkpoint in rocksDB at /home/runner/work/ozone/ozone/hadoop-ozone/integration-test/target/test-dir/MiniOzoneClusterImpl-5ac0c7d5-b38a-4534-ae70-3109b4fe19c6/ozone-meta/db.snapshots/checkpointState/om.db-c03cddf0-aa6d-4cbc-97a8-89eccee1e25b in 28 milliseconds
2023-06-02 20:41:13,735 [OMDoubleBufferFlushThread] INFO  db.RDBCheckpointUtils (RDBCheckpointUtils.java:waitForCheckpointDirectoryExist(59)) - Waited for 6 milliseconds for checkpoint directory /home/runner/work/ozone/ozone/hadoop-ozone/integration-test/target/test-dir/MiniOzoneClusterImpl-5ac0c7d5-b38a-4534-ae70-3109b4fe19c6/ozone-meta/db.snapshots/checkpointState/om.db-c03cddf0-aa6d-4cbc-97a8-89eccee1e25b availability.
2023-06-02 20:41:13,736 [OMDoubleBufferFlushThread] INFO  om.OmSnapshotManager (OmSnapshotManager.java:createOmSnapshotCheckpoint(409)) - Created checkpoint : /home/runner/work/ozone/ozone/hadoop-ozone/integration-test/target/test-dir/MiniOzoneClusterImpl-5ac0c7d5-b38a-4534-ae70-3109b4fe19c6/ozone-meta/db.snapshots/checkpointState/om.db-c03cddf0-aa6d-4cbc-97a8-89eccee1e25b for snapshot s20230602-204113.001
2023-06-02 20:41:13,736 [OMDoubleBufferFlushThread] WARN  rocksdiff.RocksDBCheckpointDiffer (RocksDBCheckpointDiffer.java:setCurrentCompactionLog(312)) - Compaction log exists: /home/runner/work/ozone/ozone/hadoop-ozone/integration-test/target/test-dir/MiniOzoneClusterImpl-5ac0c7d5-b38a-4534-ae70-3109b4fe19c6/ozone-meta/db.snapshots/diffState/compaction-log/0000000000000001330.log. Will append
2023-06-02 20:41:13,753 [Thread-2180] INFO  rocksdiff.RocksDBCheckpointDiffer (RocksDBCheckpointDiffer.java:onCompactionCompleted(527)) - Skipped the compaction entry. Compaction input files: [/home/runner/work/ozone/ozone/hadoop-ozone/integration-test/target/test-dir/MiniOzoneClusterImpl-5ac0c7d5-b38a-4534-ae70-3109b4fe19c6/ozone-meta/om.db/000136.sst] and output files: [/home/runner/work/ozone/ozone/hadoop-ozone/integration-test/target/test-dir/MiniOzoneClusterImpl-5ac0c7d5-b38a-4534-ae70-3109b4fe19c6/ozone-meta/om.db/000136.sst] are same.
2023-06-02 20:41:13,783 [Thread-2201] INFO  rocksdiff.RocksDBCheckpointDiffer (RocksDBCheckpointDiffer.java:onCompactionCompleted(527)) - Skipped the compaction entry. Compaction input files: [/home/runner/work/ozone/ozone/hadoop-ozone/integration-test/target/test-dir/MiniOzoneClusterImpl-5ac0c7d5-b38a-4534-ae70-3109b4fe19c6/ozone-meta/om.db/000137.sst] and output files: [/home/runner/work/ozone/ozone/hadoop-ozone/integration-test/target/test-dir/MiniOzoneClusterImpl-5ac0c7d5-b38a-4534-ae70-3109b4fe19c6/ozone-meta/om.db/000137.sst] are same.
2023-06-02 20:41:13,800 [OMDoubleBufferFlushThread] INFO  db.RDBCheckpointManager (RDBCheckpointManager.java:createCheckpoint(89)) - Created checkpoint in rocksDB at /home/runner/work/ozone/ozone/hadoop-ozone/integration-test/target/test-dir/MiniOzoneClusterImpl-5ac0c7d5-b38a-4534-ae70-3109b4fe19c6/ozone-meta/db.snapshots/checkpointState/om.db-e463bc45-21a6-4917-951e-697300ee5d3c in 62 milliseconds
2023-06-02 20:41:13,811 [OMDoubleBufferFlushThread] INFO  db.RDBCheckpointUtils (RDBCheckpointUtils.java:waitForCheckpointDirectoryExist(59)) - Waited for 11 milliseconds for checkpoint directory /home/runner/work/ozone/ozone/hadoop-ozone/integration-test/target/test-dir/MiniOzoneClusterImpl-5ac0c7d5-b38a-4534-ae70-3109b4fe19c6/ozone-meta/db.snapshots/checkpointState/om.db-e463bc45-21a6-4917-951e-697300ee5d3c availability.
2023-06-02 20:41:13,812 [OMDoubleBufferFlushThread] INFO  om.OmSnapshotManager (OmSnapshotManager.java:createOmSnapshotCheckpoint(409)) - Created checkpoint : /home/runner/work/ozone/ozone/hadoop-ozone/integration-test/target/test-dir/MiniOzoneClusterImpl-5ac0c7d5-b38a-4534-ae70-3109b4fe19c6/ozone-meta/db.snapshots/checkpointState/om.db-e463bc45-21a6-4917-951e-697300ee5d3c for snapshot s20230602-204113.006
2023-06-02 20:41:13,812 [OMDoubleBufferFlushThread] WARN  rocksdiff.RocksDBCheckpointDiffer (RocksDBCheckpointDiffer.java:setCurrentCompactionLog(312)) - Compaction log exists: /home/runner/work/ozone/ozone/hadoop-ozone/integration-test/target/test-dir/MiniOzoneClusterImpl-5ac0c7d5-b38a-4534-ae70-3109b4fe19c6/ozone-meta/db.snapshots/diffState/compaction-log/0000000000000001330.log. Will append
2023-06-02 20:41:13,831 [Thread-2237] INFO  rocksdiff.RocksDBCheckpointDiffer (RocksDBCheckpointDiffer.java:onCompactionCompleted(527)) - Skipped the compaction entry. Compaction input files: [/home/runner/work/ozone/ozone/hadoop-ozone/integration-test/target/test-dir/MiniOzoneClusterImpl-5ac0c7d5-b38a-4534-ae70-3109b4fe19c6/ozone-meta/om.db/000141.sst] and output files: [/home/runner/work/ozone/ozone/hadoop-ozone/integration-test/target/test-dir/MiniOzoneClusterImpl-5ac0c7d5-b38a-4534-ae70-3109b4fe19c6/ozone-meta/om.db/000141.sst] are same.
2023-06-02 20:41:13,838 [Thread-2253] INFO  rocksdiff.RocksDBCheckpointDiffer (RocksDBCheckpointDiffer.java:onCompactionCompleted(527)) - Skipped the compaction entry. Compaction input files: [/home/runner/work/ozone/ozone/hadoop-ozone/integration-test/target/test-dir/MiniOzoneClusterImpl-5ac0c7d5-b38a-4534-ae70-3109b4fe19c6/ozone-meta/om.db/000142.sst] and output files: [/home/runner/work/ozone/ozone/hadoop-ozone/integration-test/target/test-dir/MiniOzoneClusterImpl-5ac0c7d5-b38a-4534-ae70-3109b4fe19c6/ozone-meta/om.db/000142.sst] are same.
2023-06-02 20:41:13,871 [OMDoubleBufferFlushThread] INFO  db.RDBCheckpointManager (RDBCheckpointManager.java:createCheckpoint(89)) - Created checkpoint in rocksDB at /home/runner/work/ozone/ozone/hadoop-ozone/integration-test/target/test-dir/MiniOzoneClusterImpl-5ac0c7d5-b38a-4534-ae70-3109b4fe19c6/ozone-meta/db.snapshots/checkpointState/om.db-6d9e1f1f-340b-4ffb-a0ce-5905be5f6991 in 55 milliseconds
2023-06-02 20:41:13,875 [OMDoubleBufferFlushThread] INFO  db.RDBCheckpointUtils (RDBCheckpointUtils.java:waitForCheckpointDirectoryExist(59)) - Waited for 4 milliseconds for checkpoint directory /home/runner/work/ozone/ozone/hadoop-ozone/integration-test/target/test-dir/MiniOzoneClusterImpl-5ac0c7d5-b38a-4534-ae70-3109b4fe19c6/ozone-meta/db.snapshots/checkpointState/om.db-6d9e1f1f-340b-4ffb-a0ce-5905be5f6991 availability.
2023-06-02 20:41:13,876 [OMDoubleBufferFlushThread] INFO  om.OmSnapshotManager (OmSnapshotManager.java:createOmSnapshotCheckpoint(409)) - Created checkpoint : /home/runner/work/ozone/ozone/hadoop-ozone/integration-test/target/test-dir/MiniOzoneClusterImpl-5ac0c7d5-b38a-4534-ae70-3109b4fe19c6/ozone-meta/db.snapshots/checkpointState/om.db-6d9e1f1f-340b-4ffb-a0ce-5905be5f6991 for snapshot s20230602-204113.011
2023-06-02 20:41:13,876 [OMDoubleBufferFlushThread] WARN  rocksdiff.RocksDBCheckpointDiffer (RocksDBCheckpointDiffer.java:setCurrentCompactionLog(312)) - Compaction log exists: /home/runner/work/ozone/ozone/hadoop-ozone/integration-test/target/test-dir/MiniOzoneClusterImpl-5ac0c7d5-b38a-4534-ae70-3109b4fe19c6/ozone-meta/db.snapshots/diffState/compaction-log/0000000000000001330.log. Will append
2023-06-02 20:41:13,896 [Thread-2293] INFO  rocksdiff.RocksDBCheckpointDiffer (RocksDBCheckpointDiffer.java:onCompactionCompleted(527)) - Skipped the compaction entry. Compaction input files: [/home/runner/work/ozone/ozone/hadoop-ozone/integration-test/target/test-dir/MiniOzoneClusterImpl-5ac0c7d5-b38a-4534-ae70-3109b4fe19c6/ozone-meta/om.db/000148.sst] and output files: [/home/runner/work/ozone/ozone/hadoop-ozone/integration-test/target/test-dir/MiniOzoneClusterImpl-5ac0c7d5-b38a-4534-ae70-3109b4fe19c6/ozone-meta/om.db/000148.sst] are same.
2023-06-02 20:41:13,904 [Thread-2309] INFO  rocksdiff.RocksDBCheckpointDiffer (RocksDBCheckpointDiffer.java:onCompactionCompleted(527)) - Skipped the compaction entry. Compaction input files: [/home/runner/work/ozone/ozone/hadoop-ozone/integration-test/target/test-dir/MiniOzoneClusterImpl-5ac0c7d5-b38a-4534-ae70-3109b4fe19c6/ozone-meta/om.db/000149.sst] and output files: [/home/runner/work/ozone/ozone/hadoop-ozone/integration-test/target/test-dir/MiniOzoneClusterImpl-5ac0c7d5-b38a-4534-ae70-3109b4fe19c6/ozone-meta/om.db/000149.sst] are same.
2023-06-02 20:41:13,932 [OMDoubleBufferFlushThread] INFO  db.RDBCheckpointManager (RDBCheckpointManager.java:createCheckpoint(89)) - Created checkpoint in rocksDB at /home/runner/work/ozone/ozone/hadoop-ozone/integration-test/target/test-dir/MiniOzoneClusterImpl-5ac0c7d5-b38a-4534-ae70-3109b4fe19c6/ozone-meta/db.snapshots/checkpointState/om.db-8952930b-baa6-4efd-b992-2aa82425d5bd in 46 milliseconds
2023-06-02 20:41:13,945 [OMDoubleBufferFlushThread] INFO  db.RDBCheckpointUtils (RDBCheckpointUtils.java:waitForCheckpointDirectoryExist(59)) - Waited for 13 milliseconds for checkpoint directory /home/runner/work/ozone/ozone/hadoop-ozone/integration-test/target/test-dir/MiniOzoneClusterImpl-5ac0c7d5-b38a-4534-ae70-3109b4fe19c6/ozone-meta/db.snapshots/checkpointState/om.db-8952930b-baa6-4efd-b992-2aa82425d5bd availability.
2023-06-02 20:41:13,946 [OMDoubleBufferFlushThread] INFO  om.OmSnapshotManager (OmSnapshotManager.java:createOmSnapshotCheckpoint(409)) - Created checkpoint : /home/runner/work/ozone/ozone/hadoop-ozone/integration-test/target/test-dir/MiniOzoneClusterImpl-5ac0c7d5-b38a-4534-ae70-3109b4fe19c6/ozone-meta/db.snapshots/checkpointState/om.db-8952930b-baa6-4efd-b992-2aa82425d5bd for snapshot s20230602-204113.016
2023-06-02 20:41:13,946 [OMDoubleBufferFlushThread] WARN  rocksdiff.RocksDBCheckpointDiffer (RocksDBCheckpointDiffer.java:setCurrentCompactionLog(312)) - Compaction log exists: /home/runner/work/ozone/ozone/hadoop-ozone/integration-test/target/test-dir/MiniOzoneClusterImpl-5ac0c7d5-b38a-4534-ae70-3109b4fe19c6/ozone-meta/db.snapshots/diffState/compaction-log/0000000000000001330.log. Will append
2023-06-02 20:41:13,960 [Thread-2383] INFO  rocksdiff.RocksDBCheckpointDiffer (RocksDBCheckpointDiffer.java:onCompactionCompleted(527)) - Skipped the compaction entry. Compaction input files: [/home/runner/work/ozone/ozone/hadoop-ozone/integration-test/target/test-dir/MiniOzoneClusterImpl-5ac0c7d5-b38a-4534-ae70-3109b4fe19c6/ozone-meta/om.db/000153.sst] and output files: [/home/runner/work/ozone/ozone/hadoop-ozone/integration-test/target/test-dir/MiniOzoneClusterImpl-5ac0c7d5-b38a-4534-ae70-3109b4fe19c6/ozone-meta/om.db/000153.sst] are same.
2023-06-02 20:41:13,969 [Thread-2401] INFO  rocksdiff.RocksDBCheckpointDiffer (RocksDBCheckpointDiffer.java:onCompactionCompleted(527)) - Skipped the compaction entry. Compaction input files: [/home/runner/work/ozone/ozone/hadoop-ozone/integration-test/target/test-dir/MiniOzoneClusterImpl-5ac0c7d5-b38a-4534-ae70-3109b4fe19c6/ozone-meta/om.db/000154.sst] and output files: [/home/runner/work/ozone/ozone/hadoop-ozone/integration-test/target/test-dir/MiniOzoneClusterImpl-5ac0c7d5-b38a-4534-ae70-3109b4fe19c6/ozone-meta/om.db/000154.sst] are same.
2023-06-02 20:41:13,984 [OMDoubleBufferFlushThread] INFO  db.RDBCheckpointManager (RDBCheckpointManager.java:createCheckpoint(89)) - Created checkpoint in rocksDB at /home/runner/work/ozone/ozone/hadoop-ozone/integration-test/target/test-dir/MiniOzoneClusterImpl-5ac0c7d5-b38a-4534-ae70-3109b4fe19c6/ozone-meta/db.snapshots/checkpointState/om.db-df4566ab-5c39-449a-bec7-ebee6f727a9f in 34 milliseconds
2023-06-02 20:41:13,993 [OMDoubleBufferFlushThread] INFO  db.RDBCheckpointUtils (RDBCheckpointUtils.java:waitForCheckpointDirectoryExist(59)) - Waited for 8 milliseconds for checkpoint directory /home/runner/work/ozone/ozone/hadoop-ozone/integration-test/target/test-dir/MiniOzoneClusterImpl-5ac0c7d5-b38a-4534-ae70-3109b4fe19c6/ozone-meta/db.snapshots/checkpointState/om.db-df4566ab-5c39-449a-bec7-ebee6f727a9f availability.
2023-06-02 20:41:13,994 [OMDoubleBufferFlushThread] INFO  om.OmSnapshotManager (OmSnapshotManager.java:createOmSnapshotCheckpoint(409)) - Created checkpoint : /home/runner/work/ozone/ozone/hadoop-ozone/integration-test/target/test-dir/MiniOzoneClusterImpl-5ac0c7d5-b38a-4534-ae70-3109b4fe19c6/ozone-meta/db.snapshots/checkpointState/om.db-df4566ab-5c39-449a-bec7-ebee6f727a9f for snapshot s20230602-204113.021
2023-06-02 20:41:13,994 [OMDoubleBufferFlushThread] WARN  rocksdiff.RocksDBCheckpointDiffer (RocksDBCheckpointDiffer.java:setCurrentCompactionLog(312)) - Compaction log exists: /home/runner/work/ozone/ozone/hadoop-ozone/integration-test/target/test-dir/MiniOzoneClusterImpl-5ac0c7d5-b38a-4534-ae70-3109b4fe19c6/ozone-meta/db.snapshots/diffState/compaction-log/0000000000000001330.log. Will append
2023-06-02 20:41:14,011 [Thread-2439] INFO  rocksdiff.RocksDBCheckpointDiffer (RocksDBCheckpointDiffer.java:onCompactionCompleted(527)) - Skipped the compaction entry. Compaction input files: [/home/runner/work/ozone/ozone/hadoop-ozone/integration-test/target/test-dir/MiniOzoneClusterImpl-5ac0c7d5-b38a-4534-ae70-3109b4fe19c6/ozone-meta/om.db/000158.sst] and output files: [/home/runner/work/ozone/ozone/hadoop-ozone/integration-test/target/test-dir/MiniOzoneClusterImpl-5ac0c7d5-b38a-4534-ae70-3109b4fe19c6/ozone-meta/om.db/000158.sst] are same.
2023-06-02 20:41:14,020 [Thread-2455] INFO  rocksdiff.RocksDBCheckpointDiffer (RocksDBCheckpointDiffer.java:onCompactionCompleted(527)) - Skipped the compaction entry. Compaction input files: [/home/runner/work/ozone/ozone/hadoop-ozone/integration-test/target/test-dir/MiniOzoneClusterImpl-5ac0c7d5-b38a-4534-ae70-3109b4fe19c6/ozone-meta/om.db/000159.sst] and output files: [/home/runner/work/ozone/ozone/hadoop-ozone/integration-test/target/test-dir/MiniOzoneClusterImpl-5ac0c7d5-b38a-4534-ae70-3109b4fe19c6/ozone-meta/om.db/000159.sst] are same.
2023-06-02 20:41:14,039 [OMDoubleBufferFlushThread] INFO  db.RDBCheckpointManager (RDBCheckpointManager.java:createCheckpoint(89)) - Created checkpoint in rocksDB at /home/runner/work/ozone/ozone/hadoop-ozone/integration-test/target/test-dir/MiniOzoneClusterImpl-5ac0c7d5-b38a-4534-ae70-3109b4fe19c6/ozone-meta/db.snapshots/checkpointState/om.db-07cc4021-a517-4ad0-b434-dcdb3e6a2dbd in 40 milliseconds
2023-06-02 20:41:14,043 [OMDoubleBufferFlushThread] INFO  db.RDBCheckpointUtils (RDBCheckpointUtils.java:waitForCheckpointDirectoryExist(59)) - Waited for 4 milliseconds for checkpoint directory /home/runner/work/ozone/ozone/hadoop-ozone/integration-test/target/test-dir/MiniOzoneClusterImpl-5ac0c7d5-b38a-4534-ae70-3109b4fe19c6/ozone-meta/db.snapshots/checkpointState/om.db-07cc4021-a517-4ad0-b434-dcdb3e6a2dbd availability.
2023-06-02 20:41:14,044 [OMDoubleBufferFlushThread] INFO  om.OmSnapshotManager (OmSnapshotManager.java:createOmSnapshotCheckpoint(409)) - Created checkpoint : /home/runner/work/ozone/ozone/hadoop-ozone/integration-test/target/test-dir/MiniOzoneClusterImpl-5ac0c7d5-b38a-4534-ae70-3109b4fe19c6/ozone-meta/db.snapshots/checkpointState/om.db-07cc4021-a517-4ad0-b434-dcdb3e6a2dbd for snapshot s20230602-204113.028
2023-06-02 20:41:14,044 [OMDoubleBufferFlushThread] WARN  rocksdiff.RocksDBCheckpointDiffer (RocksDBCheckpointDiffer.java:setCurrentCompactionLog(312)) - Compaction log exists: /home/runner/work/ozone/ozone/hadoop-ozone/integration-test/target/test-dir/MiniOzoneClusterImpl-5ac0c7d5-b38a-4534-ae70-3109b4fe19c6/ozone-meta/db.snapshots/diffState/compaction-log/0000000000000001330.log. Will append
2023-06-02 20:41:14,055 [Thread-2495] INFO  rocksdiff.RocksDBCheckpointDiffer (RocksDBCheckpointDiffer.java:onCompactionCompleted(527)) - Skipped the compaction entry. Compaction input files: [/home/runner/work/ozone/ozone/hadoop-ozone/integration-test/target/test-dir/MiniOzoneClusterImpl-5ac0c7d5-b38a-4534-ae70-3109b4fe19c6/ozone-meta/om.db/000163.sst] and output files: [/home/runner/work/ozone/ozone/hadoop-ozone/integration-test/target/test-dir/MiniOzoneClusterImpl-5ac0c7d5-b38a-4534-ae70-3109b4fe19c6/ozone-meta/om.db/000163.sst] are same.
2023-06-02 20:41:14,069 [Thread-2511] INFO  rocksdiff.RocksDBCheckpointDiffer (RocksDBCheckpointDiffer.java:onCompactionCompleted(527)) - Skipped the compaction entry. Compaction input files: [/home/runner/work/ozone/ozone/hadoop-ozone/integration-test/target/test-dir/MiniOzoneClusterImpl-5ac0c7d5-b38a-4534-ae70-3109b4fe19c6/ozone-meta/om.db/000164.sst] and output files: [/home/runner/work/ozone/ozone/hadoop-ozone/integration-test/target/test-dir/MiniOzoneClusterImpl-5ac0c7d5-b38a-4534-ae70-3109b4fe19c6/ozone-meta/om.db/000164.sst] are same.
2023-06-02 20:41:14,086 [OMDoubleBufferFlushThread] INFO  db.RDBCheckpointManager (RDBCheckpointManager.java:createCheckpoint(89)) - Created checkpoint in rocksDB at /home/runner/work/ozone/ozone/hadoop-ozone/integration-test/target/test-dir/MiniOzoneClusterImpl-5ac0c7d5-b38a-4534-ae70-3109b4fe19c6/ozone-meta/db.snapshots/checkpointState/om.db-9b2bc11e-6ad7-46a0-bf05-279930a0787b in 37 milliseconds
2023-06-02 20:41:14,088 [OMDoubleBufferFlushThread] INFO  db.RDBCheckpointUtils (RDBCheckpointUtils.java:waitForCheckpointDirectoryExist(59)) - Waited for 2 milliseconds for checkpoint directory /home/runner/work/ozone/ozone/hadoop-ozone/integration-test/target/test-dir/MiniOzoneClusterImpl-5ac0c7d5-b38a-4534-ae70-3109b4fe19c6/ozone-meta/db.snapshots/checkpointState/om.db-9b2bc11e-6ad7-46a0-bf05-279930a0787b availability.
2023-06-02 20:41:14,089 [OMDoubleBufferFlushThread] INFO  om.OmSnapshotManager (OmSnapshotManager.java:createOmSnapshotCheckpoint(409)) - Created checkpoint : /home/runner/work/ozone/ozone/hadoop-ozone/integration-test/target/test-dir/MiniOzoneClusterImpl-5ac0c7d5-b38a-4534-ae70-3109b4fe19c6/ozone-meta/db.snapshots/checkpointState/om.db-9b2bc11e-6ad7-46a0-bf05-279930a0787b for snapshot s20230602-204113.036
2023-06-02 20:41:14,089 [OMDoubleBufferFlushThread] WARN  rocksdiff.RocksDBCheckpointDiffer (RocksDBCheckpointDiffer.java:setCurrentCompactionLog(312)) - Compaction log exists: /home/runner/work/ozone/ozone/hadoop-ozone/integration-test/target/test-dir/MiniOzoneClusterImpl-5ac0c7d5-b38a-4534-ae70-3109b4fe19c6/ozone-meta/db.snapshots/diffState/compaction-log/0000000000000001330.log. Will append
2023-06-02 20:41:14,105 [Thread-2545] INFO  rocksdiff.RocksDBCheckpointDiffer (RocksDBCheckpointDiffer.java:onCompactionCompleted(527)) - Skipped the compaction entry. Compaction input files: [/home/runner/work/ozone/ozone/hadoop-ozone/integration-test/target/test-dir/MiniOzoneClusterImpl-5ac0c7d5-b38a-4534-ae70-3109b4fe19c6/ozone-meta/om.db/000170.sst] and output files: [/home/runner/work/ozone/ozone/hadoop-ozone/integration-test/target/test-dir/MiniOzoneClusterImpl-5ac0c7d5-b38a-4534-ae70-3109b4fe19c6/ozone-meta/om.db/000170.sst] are same.
2023-06-02 20:41:14,115 [Thread-2567] INFO  rocksdiff.RocksDBCheckpointDiffer (RocksDBCheckpointDiffer.java:onCompactionCompleted(527)) - Skipped the compaction entry. Compaction input files: [/home/runner/work/ozone/ozone/hadoop-ozone/integration-test/target/test-dir/MiniOzoneClusterImpl-5ac0c7d5-b38a-4534-ae70-3109b4fe19c6/ozone-meta/om.db/000171.sst] and output files: [/home/runner/work/ozone/ozone/hadoop-ozone/integration-test/target/test-dir/MiniOzoneClusterImpl-5ac0c7d5-b38a-4534-ae70-3109b4fe19c6/ozone-meta/om.db/000171.sst] are same.
2023-06-02 20:41:14,140 [OMDoubleBufferFlushThread] INFO  db.RDBCheckpointManager (RDBCheckpointManager.java:createCheckpoint(89)) - Created checkpoint in rocksDB at /home/runner/work/ozone/ozone/hadoop-ozone/integration-test/target/test-dir/MiniOzoneClusterImpl-5ac0c7d5-b38a-4534-ae70-3109b4fe19c6/ozone-meta/db.snapshots/checkpointState/om.db-528101c1-0efa-4b5a-8cae-49c8e0224b49 in 47 milliseconds
2023-06-02 20:41:14,140 [OMDoubleBufferFlushThread] INFO  db.RDBCheckpointUtils (RDBCheckpointUtils.java:waitForCheckpointDirectoryExist(59)) - Waited for 0 milliseconds for checkpoint directory /home/runner/work/ozone/ozone/hadoop-ozone/integration-test/target/test-dir/MiniOzoneClusterImpl-5ac0c7d5-b38a-4534-ae70-3109b4fe19c6/ozone-meta/db.snapshots/checkpointState/om.db-528101c1-0efa-4b5a-8cae-49c8e0224b49 availability.
2023-06-02 20:41:14,141 [OMDoubleBufferFlushThread] INFO  om.OmSnapshotManager (OmSnapshotManager.java:createOmSnapshotCheckpoint(409)) - Created checkpoint : /home/runner/work/ozone/ozone/hadoop-ozone/integration-test/target/test-dir/MiniOzoneClusterImpl-5ac0c7d5-b38a-4534-ae70-3109b4fe19c6/ozone-meta/db.snapshots/checkpointState/om.db-528101c1-0efa-4b5a-8cae-49c8e0224b49 for snapshot s20230602-204113.043
2023-06-02 20:41:14,141 [OMDoubleBufferFlushThread] WARN  rocksdiff.RocksDBCheckpointDiffer (RocksDBCheckpointDiffer.java:setCurrentCompactionLog(312)) - Compaction log exists: /home/runner/work/ozone/ozone/hadoop-ozone/integration-test/target/test-dir/MiniOzoneClusterImpl-5ac0c7d5-b38a-4534-ae70-3109b4fe19c6/ozone-meta/db.snapshots/diffState/compaction-log/0000000000000001330.log. Will append
2023-06-02 20:41:14,177 [Thread-2709] INFO  rocksdiff.RocksDBCheckpointDiffer (RocksDBCheckpointDiffer.java:onCompactionCompleted(527)) - Skipped the compaction entry. Compaction input files: [/home/runner/work/ozone/ozone/hadoop-ozone/integration-test/target/test-dir/MiniOzoneClusterImpl-5ac0c7d5-b38a-4534-ae70-3109b4fe19c6/ozone-meta/om.db/000176.sst, /home/runner/work/ozone/ozone/hadoop-ozone/integration-test/target/test-dir/MiniOzoneClusterImpl-5ac0c7d5-b38a-4534-ae70-3109b4fe19c6/ozone-meta/om.db/000181.sst, /home/runner/work/ozone/ozone/hadoop-ozone/integration-test/target/test-dir/MiniOzoneClusterImpl-5ac0c7d5-b38a-4534-ae70-3109b4fe19c6/ozone-meta/om.db/000186.sst, /home/runner/work/ozone/ozone/hadoop-ozone/integration-test/target/test-dir/MiniOzoneClusterImpl-5ac0c7d5-b38a-4534-ae70-3109b4fe19c6/ozone-meta/om.db/000194.sst] and output files: [/home/runner/work/ozone/ozone/hadoop-ozone/integration-test/target/test-dir/MiniOzoneClusterImpl-5ac0c7d5-b38a-4534-ae70-3109b4fe19c6/ozone-meta/om.db/000176.sst, /home/runner/work/ozone/ozone/hadoop-ozone/integration-test/target/test-dir/MiniOzoneClusterImpl-5ac0c7d5-b38a-4534-ae70-3109b4fe19c6/ozone-meta/om.db/000181.sst, /home/runner/work/ozone/ozone/hadoop-ozone/integration-test/target/test-dir/MiniOzoneClusterImpl-5ac0c7d5-b38a-4534-ae70-3109b4fe19c6/ozone-meta/om.db/000186.sst, /home/runner/work/ozone/ozone/hadoop-ozone/integration-test/target/test-dir/MiniOzoneClusterImpl-5ac0c7d5-b38a-4534-ae70-3109b4fe19c6/ozone-meta/om.db/000194.sst] are same.
2023-06-02 20:41:14,188 [OMDoubleBufferFlushThread] INFO  db.RDBCheckpointManager (RDBCheckpointManager.java:createCheckpoint(89)) - Created checkpoint in rocksDB at /home/runner/work/ozone/ozone/hadoop-ozone/integration-test/target/test-dir/MiniOzoneClusterImpl-5ac0c7d5-b38a-4534-ae70-3109b4fe19c6/ozone-meta/db.snapshots/checkpointState/om.db-3fe2478b-6e39-4b32-aca9-0b54d1d38579 in 45 milliseconds
2023-06-02 20:41:14,189 [OMDoubleBufferFlushThread] INFO  db.RDBCheckpointUtils (RDBCheckpointUtils.java:waitForCheckpointDirectoryExist(59)) - Waited for 1 milliseconds for checkpoint directory /home/runner/work/ozone/ozone/hadoop-ozone/integration-test/target/test-dir/MiniOzoneClusterImpl-5ac0c7d5-b38a-4534-ae70-3109b4fe19c6/ozone-meta/db.snapshots/checkpointState/om.db-3fe2478b-6e39-4b32-aca9-0b54d1d38579 availability.
2023-06-02 20:41:14,189 [OMDoubleBufferFlushThread] INFO  om.OmSnapshotManager (OmSnapshotManager.java:createOmSnapshotCheckpoint(409)) - Created checkpoint : /home/runner/work/ozone/ozone/hadoop-ozone/integration-test/target/test-dir/MiniOzoneClusterImpl-5ac0c7d5-b38a-4534-ae70-3109b4fe19c6/ozone-meta/db.snapshots/checkpointState/om.db-3fe2478b-6e39-4b32-aca9-0b54d1d38579 for snapshot s20230602-204113.052
2023-06-02 20:41:14,227 [OMDoubleBufferFlushThread] INFO  db.RDBCheckpointManager (RDBCheckpointManager.java:createCheckpoint(89)) - Created checkpoint in rocksDB at /home/runner/work/ozone/ozone/hadoop-ozone/integration-test/target/test-dir/MiniOzoneClusterImpl-5ac0c7d5-b38a-4534-ae70-3109b4fe19c6/ozone-meta/db.snapshots/checkpointState/om.db-1b0c0920-c040-4081-8b50-433aafba39b7 in 35 milliseconds
2023-06-02 20:41:14,234 [OMDoubleBufferFlushThread] INFO  db.RDBCheckpointUtils (RDBCheckpointUtils.java:waitForCheckpointDirectoryExist(59)) - Waited for 7 milliseconds for checkpoint directory /home/runner/work/ozone/ozone/hadoop-ozone/integration-test/target/test-dir/MiniOzoneClusterImpl-5ac0c7d5-b38a-4534-ae70-3109b4fe19c6/ozone-meta/db.snapshots/checkpointState/om.db-1b0c0920-c040-4081-8b50-433aafba39b7 availability.
2023-06-02 20:41:14,234 [OMDoubleBufferFlushThread] INFO  om.OmSnapshotManager (OmSnapshotManager.java:createOmSnapshotCheckpoint(409)) - Created checkpoint : /home/runner/work/ozone/ozone/hadoop-ozone/integration-test/target/test-dir/MiniOzoneClusterImpl-5ac0c7d5-b38a-4534-ae70-3109b4fe19c6/ozone-meta/db.snapshots/checkpointState/om.db-1b0c0920-c040-4081-8b50-433aafba39b7 for snapshot s20230602-204113.066
2023-06-02 20:41:14,274 [OMDoubleBufferFlushThread] INFO  db.RDBCheckpointManager (RDBCheckpointManager.java:createCheckpoint(89)) - Created checkpoint in rocksDB at /home/runner/work/ozone/ozone/hadoop-ozone/integration-test/target/test-dir/MiniOzoneClusterImpl-5ac0c7d5-b38a-4534-ae70-3109b4fe19c6/ozone-meta/db.snapshots/checkpointState/om.db-a32cdaec-7605-4aae-8034-2ff39471298f in 36 milliseconds
2023-06-02 20:41:14,275 [OMDoubleBufferFlushThread] INFO  db.RDBCheckpointUtils (RDBCheckpointUtils.java:waitForCheckpointDirectoryExist(59)) - Waited for 1 milliseconds for checkpoint directory /home/runner/work/ozone/ozone/hadoop-ozone/integration-test/target/test-dir/MiniOzoneClusterImpl-5ac0c7d5-b38a-4534-ae70-3109b4fe19c6/ozone-meta/db.snapshots/checkpointState/om.db-a32cdaec-7605-4aae-8034-2ff39471298f availability.
2023-06-02 20:41:14,275 [OMDoubleBufferFlushThread] INFO  om.OmSnapshotManager (OmSnapshotManager.java:createOmSnapshotCheckpoint(409)) - Created checkpoint : /home/runner/work/ozone/ozone/hadoop-ozone/integration-test/target/test-dir/MiniOzoneClusterImpl-5ac0c7d5-b38a-4534-ae70-3109b4fe19c6/ozone-meta/db.snapshots/checkpointState/om.db-a32cdaec-7605-4aae-8034-2ff39471298f for snapshot s20230602-204113.076
2023-06-02 20:41:14,276 [OMDoubleBufferFlushThread] WARN  rocksdiff.RocksDBCheckpointDiffer (RocksDBCheckpointDiffer.java:setCurrentCompactionLog(312)) - Compaction log exists: /home/runner/work/ozone/ozone/hadoop-ozone/integration-test/target/test-dir/MiniOzoneClusterImpl-5ac0c7d5-b38a-4534-ae70-3109b4fe19c6/ozone-meta/db.snapshots/diffState/compaction-log/0000000000000001337.log. Will append
2023-06-02 20:41:14,330 [OMDoubleBufferFlushThread] INFO  db.RDBCheckpointManager (RDBCheckpointManager.java:createCheckpoint(89)) - Created checkpoint in rocksDB at /home/runner/work/ozone/ozone/hadoop-ozone/integration-test/target/test-dir/MiniOzoneClusterImpl-5ac0c7d5-b38a-4534-ae70-3109b4fe19c6/ozone-meta/db.snapshots/checkpointState/om.db-7a2e3c6e-5983-4fff-a2d9-da22ffdf01ef in 48 milliseconds
2023-06-02 20:41:14,330 [OMDoubleBufferFlushThread] INFO  db.RDBCheckpointUtils (RDBCheckpointUtils.java:waitForCheckpointDirectoryExist(59)) - Waited for 0 milliseconds for checkpoint directory /home/runner/work/ozone/ozone/hadoop-ozone/integration-test/target/test-dir/MiniOzoneClusterImpl-5ac0c7d5-b38a-4534-ae70-3109b4fe19c6/ozone-meta/db.snapshots/checkpointState/om.db-7a2e3c6e-5983-4fff-a2d9-da22ffdf01ef availability.
2023-06-02 20:41:14,331 [OMDoubleBufferFlushThread] INFO  om.OmSnapshotManager (OmSnapshotManager.java:createOmSnapshotCheckpoint(409)) - Created checkpoint : /home/runner/work/ozone/ozone/hadoop-ozone/integration-test/target/test-dir/MiniOzoneClusterImpl-5ac0c7d5-b38a-4534-ae70-3109b4fe19c6/ozone-meta/db.snapshots/checkpointState/om.db-7a2e3c6e-5983-4fff-a2d9-da22ffdf01ef for snapshot s20230602-204113.086
2023-06-02 20:41:14,331 [OMDoubleBufferFlushThread] WARN  rocksdiff.RocksDBCheckpointDiffer (RocksDBCheckpointDiffer.java:setCurrentCompactionLog(312)) - Compaction log exists: /home/runner/work/ozone/ozone/hadoop-ozone/integration-test/target/test-dir/MiniOzoneClusterImpl-5ac0c7d5-b38a-4534-ae70-3109b4fe19c6/ozone-meta/db.snapshots/diffState/compaction-log/0000000000000001337.log. Will append
2023-06-02 20:41:14,372 [Thread-2963] INFO  rocksdiff.RocksDBCheckpointDiffer (RocksDBCheckpointDiffer.java:onCompactionCompleted(527)) - Skipped the compaction entry. Compaction input files: [/home/runner/work/ozone/ozone/hadoop-ozone/integration-test/target/test-dir/MiniOzoneClusterImpl-5ac0c7d5-b38a-4534-ae70-3109b4fe19c6/ozone-meta/om.db/000199.sst, /home/runner/work/ozone/ozone/hadoop-ozone/integration-test/target/test-dir/MiniOzoneClusterImpl-5ac0c7d5-b38a-4534-ae70-3109b4fe19c6/ozone-meta/om.db/000204.sst, /home/runner/work/ozone/ozone/hadoop-ozone/integration-test/target/test-dir/MiniOzoneClusterImpl-5ac0c7d5-b38a-4534-ae70-3109b4fe19c6/ozone-meta/om.db/000209.sst, /home/runner/work/ozone/ozone/hadoop-ozone/integration-test/target/test-dir/MiniOzoneClusterImpl-5ac0c7d5-b38a-4534-ae70-3109b4fe19c6/ozone-meta/om.db/000216.sst] and output files: [/home/runner/work/ozone/ozone/hadoop-ozone/integration-test/target/test-dir/MiniOzoneClusterImpl-5ac0c7d5-b38a-4534-ae70-3109b4fe19c6/ozone-meta/om.db/000199.sst, /home/runner/work/ozone/ozone/hadoop-ozone/integration-test/target/test-dir/MiniOzoneClusterImpl-5ac0c7d5-b38a-4534-ae70-3109b4fe19c6/ozone-meta/om.db/000204.sst, /home/runner/work/ozone/ozone/hadoop-ozone/integration-test/target/test-dir/MiniOzoneClusterImpl-5ac0c7d5-b38a-4534-ae70-3109b4fe19c6/ozone-meta/om.db/000209.sst, /home/runner/work/ozone/ozone/hadoop-ozone/integration-test/target/test-dir/MiniOzoneClusterImpl-5ac0c7d5-b38a-4534-ae70-3109b4fe19c6/ozone-meta/om.db/000216.sst] are same.
2023-06-02 20:41:14,376 [OMDoubleBufferFlushThread] INFO  db.RDBCheckpointManager (RDBCheckpointManager.java:createCheckpoint(89)) - Created checkpoint in rocksDB at /home/runner/work/ozone/ozone/hadoop-ozone/integration-test/target/test-dir/MiniOzoneClusterImpl-5ac0c7d5-b38a-4534-ae70-3109b4fe19c6/ozone-meta/db.snapshots/checkpointState/om.db-ff8de7aa-e8f8-4433-b827-8d5968a56571 in 42 milliseconds
2023-06-02 20:41:14,377 [OMDoubleBufferFlushThread] INFO  db.RDBCheckpointUtils (RDBCheckpointUtils.java:waitForCheckpointDirectoryExist(59)) - Waited for 1 milliseconds for checkpoint directory /home/runner/work/ozone/ozone/hadoop-ozone/integration-test/target/test-dir/MiniOzoneClusterImpl-5ac0c7d5-b38a-4534-ae70-3109b4fe19c6/ozone-meta/db.snapshots/checkpointState/om.db-ff8de7aa-e8f8-4433-b827-8d5968a56571 availability.
2023-06-02 20:41:14,378 [OMDoubleBufferFlushThread] INFO  om.OmSnapshotManager (OmSnapshotManager.java:createOmSnapshotCheckpoint(409)) - Created checkpoint : /home/runner/work/ozone/ozone/hadoop-ozone/integration-test/target/test-dir/MiniOzoneClusterImpl-5ac0c7d5-b38a-4534-ae70-3109b4fe19c6/ozone-meta/db.snapshots/checkpointState/om.db-ff8de7aa-e8f8-4433-b827-8d5968a56571 for snapshot s20230602-204113.095
2023-06-02 20:41:14,378 [OMDoubleBufferFlushThread] WARN  rocksdiff.RocksDBCheckpointDiffer (RocksDBCheckpointDiffer.java:setCurrentCompactionLog(312)) - Compaction log exists: /home/runner/work/ozone/ozone/hadoop-ozone/integration-test/target/test-dir/MiniOzoneClusterImpl-5ac0c7d5-b38a-4534-ae70-3109b4fe19c6/ozone-meta/db.snapshots/diffState/compaction-log/0000000000000001337.log. Will append
2023-06-02 20:41:14,414 [OMDoubleBufferFlushThread] INFO  db.RDBCheckpointManager (RDBCheckpointManager.java:createCheckpoint(89)) - Created checkpoint in rocksDB at /home/runner/work/ozone/ozone/hadoop-ozone/integration-test/target/test-dir/MiniOzoneClusterImpl-5ac0c7d5-b38a-4534-ae70-3109b4fe19c6/ozone-meta/db.snapshots/checkpointState/om.db-51e63be5-6826-46fd-aec9-d064ff958468 in 33 milliseconds
2023-06-02 20:41:14,415 [OMDoubleBufferFlushThread] INFO  db.RDBCheckpointUtils (RDBCheckpointUtils.java:waitForCheckpointDirectoryExist(59)) - Waited for 1 milliseconds for checkpoint directory /home/runner/work/ozone/ozone/hadoop-ozone/integration-test/target/test-dir/MiniOzoneClusterImpl-5ac0c7d5-b38a-4534-ae70-3109b4fe19c6/ozone-meta/db.snapshots/checkpointState/om.db-51e63be5-6826-46fd-aec9-d064ff958468 availability.
2023-06-02 20:41:14,416 [OMDoubleBufferFlushThread] INFO  om.OmSnapshotManager (OmSnapshotManager.java:createOmSnapshotCheckpoint(409)) - Created checkpoint : /home/runner/work/ozone/ozone/hadoop-ozone/integration-test/target/test-dir/MiniOzoneClusterImpl-5ac0c7d5-b38a-4534-ae70-3109b4fe19c6/ozone-meta/db.snapshots/checkpointState/om.db-51e63be5-6826-46fd-aec9-d064ff958468 for snapshot s20230602-204113.102
2023-06-02 20:41:14,416 [OMDoubleBufferFlushThread] WARN  rocksdiff.RocksDBCheckpointDiffer (RocksDBCheckpointDiffer.java:setCurrentCompactionLog(312)) - Compaction log exists: /home/runner/work/ozone/ozone/hadoop-ozone/integration-test/target/test-dir/MiniOzoneClusterImpl-5ac0c7d5-b38a-4534-ae70-3109b4fe19c6/ozone-meta/db.snapshots/diffState/compaction-log/0000000000000001337.log. Will append
]]></system-out>
  </testcase>
  <testcase name="testListKeyOnEmptyBucket" classname="org.apache.hadoop.ozone.client.rpc.TestSecureOzoneRpcClient" time="0.01">
    <system-out><![CDATA[2023-06-02 20:41:15,078 [main] INFO  rpc.RpcClient (RpcClient.java:createVolume(459)) - Creating Volume: vol-64466, with runner as owner and space quota set to -1 bytes, counts quota set to -1
2023-06-02 20:41:15,080 [OM StateMachine ApplyTransaction Thread - 0] INFO  volume.OMVolumeCreateRequest (OMVolumeCreateRequest.java:validateAndUpdateCache(196)) - created volume:vol-64466 for user:runner
2023-06-02 20:41:15,082 [main] INFO  rpc.RpcClient (RpcClient.java:createBucket(686)) - Creating Bucket: vol-64466/buc-62429, with server-side default bucket layout, runner as owner, Versioning false, Storage Type set to DISK and Encryption set to false, Replication Type set to server-side default replication type, Namespace Quota set to -1, Space Quota set to -1 
2023-06-02 20:41:15,084 [OM StateMachine ApplyTransaction Thread - 0] INFO  bucket.OMBucketCreateRequest (OMBucketCreateRequest.java:validateAndUpdateCache(270)) - created bucket: buc-62429 of layout OBJECT_STORE in volume: vol-64466
]]></system-out>
  </testcase>
  <testcase name="testListMultipartUploadParts(ReplicationConfig)[1]" classname="org.apache.hadoop.ozone.client.rpc.TestSecureOzoneRpcClient" time="0.232">
    <system-out><![CDATA[2023-06-02 20:41:15,089 [main] INFO  rpc.RpcClient (RpcClient.java:createVolume(459)) - Creating Volume: ac255ecc-0e56-457e-af04-e6168b838a33, with runner as owner and space quota set to -1 bytes, counts quota set to -1
2023-06-02 20:41:15,091 [OM StateMachine ApplyTransaction Thread - 0] INFO  volume.OMVolumeCreateRequest (OMVolumeCreateRequest.java:validateAndUpdateCache(196)) - created volume:ac255ecc-0e56-457e-af04-e6168b838a33 for user:runner
2023-06-02 20:41:15,093 [main] INFO  rpc.RpcClient (RpcClient.java:createBucket(686)) - Creating Bucket: ac255ecc-0e56-457e-af04-e6168b838a33/3bacf213-f41b-4d88-97ef-e190a13dae3f, with server-side default bucket layout, runner as owner, Versioning false, Storage Type set to DISK and Encryption set to false, Replication Type set to server-side default replication type, Namespace Quota set to -1, Space Quota set to -1 
2023-06-02 20:41:15,095 [OM StateMachine ApplyTransaction Thread - 0] INFO  bucket.OMBucketCreateRequest (OMBucketCreateRequest.java:validateAndUpdateCache(270)) - created bucket: 3bacf213-f41b-4d88-97ef-e190a13dae3f of layout OBJECT_STORE in volume: ac255ecc-0e56-457e-af04-e6168b838a33
]]></system-out>
  </testcase>
  <testcase name="testListMultipartUploadParts(ReplicationConfig)[2]" classname="org.apache.hadoop.ozone.client.rpc.TestSecureOzoneRpcClient" time="0.915">
    <system-out><![CDATA[2023-06-02 20:41:15,324 [main] INFO  rpc.RpcClient (RpcClient.java:createVolume(459)) - Creating Volume: a4577963-26dc-447d-b0c2-c1b3049a5ec6, with runner as owner and space quota set to -1 bytes, counts quota set to -1
2023-06-02 20:41:15,328 [OM StateMachine ApplyTransaction Thread - 0] INFO  volume.OMVolumeCreateRequest (OMVolumeCreateRequest.java:validateAndUpdateCache(196)) - created volume:a4577963-26dc-447d-b0c2-c1b3049a5ec6 for user:runner
2023-06-02 20:41:15,331 [main] INFO  rpc.RpcClient (RpcClient.java:createBucket(686)) - Creating Bucket: a4577963-26dc-447d-b0c2-c1b3049a5ec6/6c51f33e-be59-433f-bb67-5bf56c1c2d5d, with server-side default bucket layout, runner as owner, Versioning false, Storage Type set to DISK and Encryption set to false, Replication Type set to server-side default replication type, Namespace Quota set to -1, Space Quota set to -1 
2023-06-02 20:41:15,333 [OM StateMachine ApplyTransaction Thread - 0] INFO  bucket.OMBucketCreateRequest (OMBucketCreateRequest.java:validateAndUpdateCache(270)) - created bucket: 6c51f33e-be59-433f-bb67-5bf56c1c2d5d of layout OBJECT_STORE in volume: a4577963-26dc-447d-b0c2-c1b3049a5ec6
]]></system-out>
  </testcase>
  <testcase name="testListMultipartUploadParts(ReplicationConfig)[3]" classname="org.apache.hadoop.ozone.client.rpc.TestSecureOzoneRpcClient" time="0.477">
    <system-out><![CDATA[2023-06-02 20:41:16,238 [main] INFO  rpc.RpcClient (RpcClient.java:createVolume(459)) - Creating Volume: 5bb9e4d0-58fa-479f-809f-ebe47723934e, with runner as owner and space quota set to -1 bytes, counts quota set to -1
2023-06-02 20:41:16,245 [OM StateMachine ApplyTransaction Thread - 0] INFO  volume.OMVolumeCreateRequest (OMVolumeCreateRequest.java:validateAndUpdateCache(196)) - created volume:5bb9e4d0-58fa-479f-809f-ebe47723934e for user:runner
2023-06-02 20:41:16,249 [main] INFO  rpc.RpcClient (RpcClient.java:createBucket(686)) - Creating Bucket: 5bb9e4d0-58fa-479f-809f-ebe47723934e/25ee07da-2520-45e4-8959-19f5c5b697cb, with server-side default bucket layout, runner as owner, Versioning false, Storage Type set to DISK and Encryption set to false, Replication Type set to server-side default replication type, Namespace Quota set to -1, Space Quota set to -1 
2023-06-02 20:41:16,262 [OM StateMachine ApplyTransaction Thread - 0] INFO  bucket.OMBucketCreateRequest (OMBucketCreateRequest.java:validateAndUpdateCache(270)) - created bucket: 25ee07da-2520-45e4-8959-19f5c5b697cb of layout OBJECT_STORE in volume: 5bb9e4d0-58fa-479f-809f-ebe47723934e
]]></system-out>
  </testcase>
  <testcase name="testListMultipartUploadPartsWithContinuation(ReplicationConfig)[1]" classname="org.apache.hadoop.ozone.client.rpc.TestSecureOzoneRpcClient" time="0.744">
    <system-out><![CDATA[2023-06-02 20:41:16,717 [main] INFO  rpc.RpcClient (RpcClient.java:createVolume(459)) - Creating Volume: e22a936c-4856-4a38-9886-66105bc5e7fc, with runner as owner and space quota set to -1 bytes, counts quota set to -1
2023-06-02 20:41:17,242 [OM StateMachine ApplyTransaction Thread - 0] INFO  volume.OMVolumeCreateRequest (OMVolumeCreateRequest.java:validateAndUpdateCache(196)) - created volume:e22a936c-4856-4a38-9886-66105bc5e7fc for user:runner
2023-06-02 20:41:17,245 [main] INFO  rpc.RpcClient (RpcClient.java:createBucket(686)) - Creating Bucket: e22a936c-4856-4a38-9886-66105bc5e7fc/5f6bca7b-2098-4fac-89bd-4b967f497568, with server-side default bucket layout, runner as owner, Versioning false, Storage Type set to DISK and Encryption set to false, Replication Type set to server-side default replication type, Namespace Quota set to -1, Space Quota set to -1 
2023-06-02 20:41:17,247 [OM StateMachine ApplyTransaction Thread - 0] INFO  bucket.OMBucketCreateRequest (OMBucketCreateRequest.java:validateAndUpdateCache(270)) - created bucket: 5f6bca7b-2098-4fac-89bd-4b967f497568 of layout OBJECT_STORE in volume: e22a936c-4856-4a38-9886-66105bc5e7fc
]]></system-out>
  </testcase>
  <testcase name="testListMultipartUploadPartsWithContinuation(ReplicationConfig)[2]" classname="org.apache.hadoop.ozone.client.rpc.TestSecureOzoneRpcClient" time="0.775">
    <system-out><![CDATA[2023-06-02 20:41:17,461 [main] INFO  rpc.RpcClient (RpcClient.java:createVolume(459)) - Creating Volume: 771a101e-9d7f-4e52-82dc-0021004d96bf, with runner as owner and space quota set to -1 bytes, counts quota set to -1
2023-06-02 20:41:17,464 [OM StateMachine ApplyTransaction Thread - 0] INFO  volume.OMVolumeCreateRequest (OMVolumeCreateRequest.java:validateAndUpdateCache(196)) - created volume:771a101e-9d7f-4e52-82dc-0021004d96bf for user:runner
2023-06-02 20:41:17,465 [main] INFO  rpc.RpcClient (RpcClient.java:createBucket(686)) - Creating Bucket: 771a101e-9d7f-4e52-82dc-0021004d96bf/eb8284de-a1d2-4aa8-8f72-4085e18868e7, with server-side default bucket layout, runner as owner, Versioning false, Storage Type set to DISK and Encryption set to false, Replication Type set to server-side default replication type, Namespace Quota set to -1, Space Quota set to -1 
2023-06-02 20:41:17,467 [OM StateMachine ApplyTransaction Thread - 0] INFO  bucket.OMBucketCreateRequest (OMBucketCreateRequest.java:validateAndUpdateCache(270)) - created bucket: eb8284de-a1d2-4aa8-8f72-4085e18868e7 of layout OBJECT_STORE in volume: 771a101e-9d7f-4e52-82dc-0021004d96bf
]]></system-out>
  </testcase>
  <testcase name="testListMultipartUploadPartsWithContinuation(ReplicationConfig)[3]" classname="org.apache.hadoop.ozone.client.rpc.TestSecureOzoneRpcClient" time="0.455">
    <system-out><![CDATA[2023-06-02 20:41:18,236 [main] INFO  rpc.RpcClient (RpcClient.java:createVolume(459)) - Creating Volume: 774a9fb2-aefd-4580-9eb4-8cebc2f8f6c6, with runner as owner and space quota set to -1 bytes, counts quota set to -1
2023-06-02 20:41:18,240 [OM StateMachine ApplyTransaction Thread - 0] INFO  volume.OMVolumeCreateRequest (OMVolumeCreateRequest.java:validateAndUpdateCache(196)) - created volume:774a9fb2-aefd-4580-9eb4-8cebc2f8f6c6 for user:runner
2023-06-02 20:41:18,243 [main] INFO  rpc.RpcClient (RpcClient.java:createBucket(686)) - Creating Bucket: 774a9fb2-aefd-4580-9eb4-8cebc2f8f6c6/92ee0bad-f4ed-4de0-984f-cb84d38c2804, with server-side default bucket layout, runner as owner, Versioning false, Storage Type set to DISK and Encryption set to false, Replication Type set to server-side default replication type, Namespace Quota set to -1, Space Quota set to -1 
2023-06-02 20:41:18,251 [OM StateMachine ApplyTransaction Thread - 0] INFO  bucket.OMBucketCreateRequest (OMBucketCreateRequest.java:validateAndUpdateCache(270)) - created bucket: 92ee0bad-f4ed-4de0-984f-cb84d38c2804 of layout OBJECT_STORE in volume: 774a9fb2-aefd-4580-9eb4-8cebc2f8f6c6
]]></system-out>
  </testcase>
  <testcase name="testListPartsInvalidMaxParts" classname="org.apache.hadoop.ozone.client.rpc.TestSecureOzoneRpcClient" time="0.01">
    <system-out><![CDATA[2023-06-02 20:41:18,692 [main] INFO  rpc.RpcClient (RpcClient.java:createVolume(459)) - Creating Volume: 5d811be8-8ead-469d-923d-bfe3a7754ba7, with runner as owner and space quota set to -1 bytes, counts quota set to -1
2023-06-02 20:41:18,694 [OM StateMachine ApplyTransaction Thread - 0] INFO  volume.OMVolumeCreateRequest (OMVolumeCreateRequest.java:validateAndUpdateCache(196)) - created volume:5d811be8-8ead-469d-923d-bfe3a7754ba7 for user:runner
2023-06-02 20:41:18,696 [main] INFO  rpc.RpcClient (RpcClient.java:createBucket(686)) - Creating Bucket: 5d811be8-8ead-469d-923d-bfe3a7754ba7/7e69af74-0976-4aad-9358-de32a747520c, with server-side default bucket layout, runner as owner, Versioning false, Storage Type set to DISK and Encryption set to false, Replication Type set to server-side default replication type, Namespace Quota set to -1, Space Quota set to -1 
2023-06-02 20:41:18,699 [OM StateMachine ApplyTransaction Thread - 0] INFO  bucket.OMBucketCreateRequest (OMBucketCreateRequest.java:validateAndUpdateCache(270)) - created bucket: 7e69af74-0976-4aad-9358-de32a747520c of layout OBJECT_STORE in volume: 5d811be8-8ead-469d-923d-bfe3a7754ba7
]]></system-out>
  </testcase>
  <testcase name="testListPartsInvalidPartMarker" classname="org.apache.hadoop.ozone.client.rpc.TestSecureOzoneRpcClient" time="0.009">
    <system-out><![CDATA[2023-06-02 20:41:18,702 [main] INFO  rpc.RpcClient (RpcClient.java:createVolume(459)) - Creating Volume: 91fc4dcf-07b4-465d-bc8b-f72150754022, with runner as owner and space quota set to -1 bytes, counts quota set to -1
2023-06-02 20:41:18,704 [OM StateMachine ApplyTransaction Thread - 0] INFO  volume.OMVolumeCreateRequest (OMVolumeCreateRequest.java:validateAndUpdateCache(196)) - created volume:91fc4dcf-07b4-465d-bc8b-f72150754022 for user:runner
2023-06-02 20:41:18,706 [main] INFO  rpc.RpcClient (RpcClient.java:createBucket(686)) - Creating Bucket: 91fc4dcf-07b4-465d-bc8b-f72150754022/1571dbe8-457b-474c-8963-7ab9b052c822, with server-side default bucket layout, runner as owner, Versioning false, Storage Type set to DISK and Encryption set to false, Replication Type set to server-side default replication type, Namespace Quota set to -1, Space Quota set to -1 
2023-06-02 20:41:18,708 [OM StateMachine ApplyTransaction Thread - 0] INFO  bucket.OMBucketCreateRequest (OMBucketCreateRequest.java:validateAndUpdateCache(270)) - created bucket: 1571dbe8-457b-474c-8963-7ab9b052c822 of layout OBJECT_STORE in volume: 91fc4dcf-07b4-465d-bc8b-f72150754022
]]></system-out>
  </testcase>
  <testcase name="testListPartsWithInvalidUploadID" classname="org.apache.hadoop.ozone.client.rpc.TestSecureOzoneRpcClient" time="0.01">
    <system-out><![CDATA[2023-06-02 20:41:18,711 [main] INFO  rpc.RpcClient (RpcClient.java:createVolume(459)) - Creating Volume: c539203a-348c-4391-93ce-6e1b9ad107fa, with runner as owner and space quota set to -1 bytes, counts quota set to -1
2023-06-02 20:41:18,713 [OM StateMachine ApplyTransaction Thread - 0] INFO  volume.OMVolumeCreateRequest (OMVolumeCreateRequest.java:validateAndUpdateCache(196)) - created volume:c539203a-348c-4391-93ce-6e1b9ad107fa for user:runner
2023-06-02 20:41:18,715 [main] INFO  rpc.RpcClient (RpcClient.java:createBucket(686)) - Creating Bucket: c539203a-348c-4391-93ce-6e1b9ad107fa/504f1821-b5a5-4733-9acf-47c494cf7148, with server-side default bucket layout, runner as owner, Versioning false, Storage Type set to DISK and Encryption set to false, Replication Type set to server-side default replication type, Namespace Quota set to -1, Space Quota set to -1 
2023-06-02 20:41:18,717 [OM StateMachine ApplyTransaction Thread - 0] INFO  bucket.OMBucketCreateRequest (OMBucketCreateRequest.java:validateAndUpdateCache(270)) - created bucket: 504f1821-b5a5-4733-9acf-47c494cf7148 of layout OBJECT_STORE in volume: c539203a-348c-4391-93ce-6e1b9ad107fa
20:41:18.719 [IPC Server handler 9 on default port 15004] ERROR OMAudit - user=runner | ip=127.0.0.1 | op=LIST_MULTIPART_UPLOAD_PARTS {volume=c539203a-348c-4391-93ce-6e1b9ad107fa, bucket=504f1821-b5a5-4733-9acf-47c494cf7148, key=91b035db-20c8-4928-8172-74915ed71739, uploadID=random, partNumberMarker=100, maxParts=2} | ret=FAILURE
org.apache.hadoop.ozone.om.exceptions.OMException: No Such Multipart upload exists for this key.
	at org.apache.hadoop.ozone.om.KeyManagerImpl.listParts(KeyManagerImpl.java:732) ~[ozone-manager-1.4.0-SNAPSHOT.jar:?]
	at org.apache.hadoop.ozone.om.OzoneManager.listParts(OzoneManager.java:3444) ~[ozone-manager-1.4.0-SNAPSHOT.jar:?]
	at org.apache.hadoop.ozone.protocolPB.OzoneManagerRequestHandler.listParts(OzoneManagerRequestHandler.java:848) ~[ozone-manager-1.4.0-SNAPSHOT.jar:?]
	at org.apache.hadoop.ozone.protocolPB.OzoneManagerRequestHandler.handleReadRequest(OzoneManagerRequestHandler.java:215) ~[ozone-manager-1.4.0-SNAPSHOT.jar:?]
	at org.apache.hadoop.ozone.protocolPB.OzoneManagerProtocolServerSideTranslatorPB.submitReadRequestToOM(OzoneManagerProtocolServerSideTranslatorPB.java:223) ~[ozone-manager-1.4.0-SNAPSHOT.jar:?]
	at org.apache.hadoop.ozone.protocolPB.OzoneManagerProtocolServerSideTranslatorPB.processRequest(OzoneManagerProtocolServerSideTranslatorPB.java:177) ~[ozone-manager-1.4.0-SNAPSHOT.jar:?]
	at org.apache.hadoop.hdds.server.OzoneProtocolMessageDispatcher.processRequest(OzoneProtocolMessageDispatcher.java:87) [hdds-server-framework-1.4.0-SNAPSHOT.jar:?]
	at org.apache.hadoop.ozone.protocolPB.OzoneManagerProtocolServerSideTranslatorPB.submitRequest(OzoneManagerProtocolServerSideTranslatorPB.java:147) [ozone-manager-1.4.0-SNAPSHOT.jar:?]
	at org.apache.hadoop.ozone.protocol.proto.OzoneManagerProtocolProtos$OzoneManagerService$2.callBlockingMethod(OzoneManagerProtocolProtos.java) [ozone-interface-client-1.4.0-SNAPSHOT.jar:?]
	at org.apache.hadoop.ipc.ProtobufRpcEngine$Server.processCall(ProtobufRpcEngine.java:484) [hadoop-common-3.3.5.jar:?]
	at org.apache.hadoop.ipc.ProtobufRpcEngine2$Server$ProtoBufRpcInvoker.call(ProtobufRpcEngine2.java:595) [hadoop-common-3.3.5.jar:?]
	at org.apache.hadoop.ipc.ProtobufRpcEngine2$Server$ProtoBufRpcInvoker.call(ProtobufRpcEngine2.java:573) [hadoop-common-3.3.5.jar:?]
	at org.apache.hadoop.ipc.RPC$Server.call(RPC.java:1213) [hadoop-common-3.3.5.jar:?]
	at org.apache.hadoop.ipc.Server$RpcCall.run(Server.java:1089) [hadoop-common-3.3.5.jar:?]
	at org.apache.hadoop.ipc.Server$RpcCall.run(Server.java:1012) [hadoop-common-3.3.5.jar:?]
	at java.security.AccessController.doPrivileged(Native Method) ~[?:1.8.0_372]
	at javax.security.auth.Subject.doAs(Subject.java:422) [?:1.8.0_372]
	at org.apache.hadoop.security.UserGroupInformation.doAs(UserGroupInformation.java:1899) [hadoop-common-3.3.5.jar:?]
	at org.apache.hadoop.ipc.Server$Handler.run(Server.java:3026) [hadoop-common-3.3.5.jar:?]
]]></system-out>
  </testcase>
  <testcase name="testListPartsWithPartMarkerGreaterThanPartCount" classname="org.apache.hadoop.ozone.client.rpc.TestSecureOzoneRpcClient" time="0.086">
    <system-out><![CDATA[2023-06-02 20:41:18,721 [main] INFO  rpc.RpcClient (RpcClient.java:createVolume(459)) - Creating Volume: c37e9c57-3e93-414e-9f87-8d2c0bd1ccd1, with runner as owner and space quota set to -1 bytes, counts quota set to -1
2023-06-02 20:41:18,723 [OM StateMachine ApplyTransaction Thread - 0] INFO  volume.OMVolumeCreateRequest (OMVolumeCreateRequest.java:validateAndUpdateCache(196)) - created volume:c37e9c57-3e93-414e-9f87-8d2c0bd1ccd1 for user:runner
2023-06-02 20:41:18,724 [main] INFO  rpc.RpcClient (RpcClient.java:createBucket(686)) - Creating Bucket: c37e9c57-3e93-414e-9f87-8d2c0bd1ccd1/daf8fa0f-bb17-4f80-9282-41952dd8ce0a, with server-side default bucket layout, runner as owner, Versioning false, Storage Type set to DISK and Encryption set to false, Replication Type set to server-side default replication type, Namespace Quota set to -1, Space Quota set to -1 
2023-06-02 20:41:18,727 [OM StateMachine ApplyTransaction Thread - 0] INFO  bucket.OMBucketCreateRequest (OMBucketCreateRequest.java:validateAndUpdateCache(270)) - created bucket: daf8fa0f-bb17-4f80-9282-41952dd8ce0a of layout OBJECT_STORE in volume: c37e9c57-3e93-414e-9f87-8d2c0bd1ccd1
]]></system-out>
  </testcase>
  <testcase name="testListVolume" classname="org.apache.hadoop.ozone.client.rpc.TestSecureOzoneRpcClient" time="0.091">
    <system-out><![CDATA[2023-06-02 20:41:18,813 [main] INFO  rpc.RpcClient (RpcClient.java:createVolume(459)) - Creating Volume: vol-list-a-0-14135, with runner as owner and space quota set to -1 bytes, counts quota set to -1
2023-06-02 20:41:18,816 [OM StateMachine ApplyTransaction Thread - 0] INFO  volume.OMVolumeCreateRequest (OMVolumeCreateRequest.java:validateAndUpdateCache(196)) - created volume:vol-list-a-0-14135 for user:runner
2023-06-02 20:41:18,817 [main] INFO  rpc.RpcClient (RpcClient.java:createVolume(459)) - Creating Volume: vol-list-a-1-46764, with runner as owner and space quota set to -1 bytes, counts quota set to -1
2023-06-02 20:41:18,819 [OM StateMachine ApplyTransaction Thread - 0] INFO  volume.OMVolumeCreateRequest (OMVolumeCreateRequest.java:validateAndUpdateCache(196)) - created volume:vol-list-a-1-46764 for user:runner
2023-06-02 20:41:18,820 [main] INFO  rpc.RpcClient (RpcClient.java:createVolume(459)) - Creating Volume: vol-list-a-2-43063, with runner as owner and space quota set to -1 bytes, counts quota set to -1
2023-06-02 20:41:18,822 [OM StateMachine ApplyTransaction Thread - 0] INFO  volume.OMVolumeCreateRequest (OMVolumeCreateRequest.java:validateAndUpdateCache(196)) - created volume:vol-list-a-2-43063 for user:runner
2023-06-02 20:41:18,823 [main] INFO  rpc.RpcClient (RpcClient.java:createVolume(459)) - Creating Volume: vol-list-a-3-81153, with runner as owner and space quota set to -1 bytes, counts quota set to -1
2023-06-02 20:41:18,825 [OM StateMachine ApplyTransaction Thread - 0] INFO  volume.OMVolumeCreateRequest (OMVolumeCreateRequest.java:validateAndUpdateCache(196)) - created volume:vol-list-a-3-81153 for user:runner
2023-06-02 20:41:18,826 [main] INFO  rpc.RpcClient (RpcClient.java:createVolume(459)) - Creating Volume: vol-list-a-4-97173, with runner as owner and space quota set to -1 bytes, counts quota set to -1
2023-06-02 20:41:18,828 [OM StateMachine ApplyTransaction Thread - 0] INFO  volume.OMVolumeCreateRequest (OMVolumeCreateRequest.java:validateAndUpdateCache(196)) - created volume:vol-list-a-4-97173 for user:runner
2023-06-02 20:41:18,828 [main] INFO  rpc.RpcClient (RpcClient.java:createVolume(459)) - Creating Volume: vol-list-a-5-30996, with runner as owner and space quota set to -1 bytes, counts quota set to -1
2023-06-02 20:41:18,830 [OM StateMachine ApplyTransaction Thread - 0] INFO  volume.OMVolumeCreateRequest (OMVolumeCreateRequest.java:validateAndUpdateCache(196)) - created volume:vol-list-a-5-30996 for user:runner
2023-06-02 20:41:18,831 [main] INFO  rpc.RpcClient (RpcClient.java:createVolume(459)) - Creating Volume: vol-list-a-6-23487, with runner as owner and space quota set to -1 bytes, counts quota set to -1
2023-06-02 20:41:18,833 [OM StateMachine ApplyTransaction Thread - 0] INFO  volume.OMVolumeCreateRequest (OMVolumeCreateRequest.java:validateAndUpdateCache(196)) - created volume:vol-list-a-6-23487 for user:runner
2023-06-02 20:41:18,834 [main] INFO  rpc.RpcClient (RpcClient.java:createVolume(459)) - Creating Volume: vol-list-a-7-35183, with runner as owner and space quota set to -1 bytes, counts quota set to -1
2023-06-02 20:41:18,837 [OM StateMachine ApplyTransaction Thread - 0] INFO  volume.OMVolumeCreateRequest (OMVolumeCreateRequest.java:validateAndUpdateCache(196)) - created volume:vol-list-a-7-35183 for user:runner
2023-06-02 20:41:18,838 [main] INFO  rpc.RpcClient (RpcClient.java:createVolume(459)) - Creating Volume: vol-list-a-8-47406, with runner as owner and space quota set to -1 bytes, counts quota set to -1
2023-06-02 20:41:18,840 [OM StateMachine ApplyTransaction Thread - 0] INFO  volume.OMVolumeCreateRequest (OMVolumeCreateRequest.java:validateAndUpdateCache(196)) - created volume:vol-list-a-8-47406 for user:runner
2023-06-02 20:41:18,846 [main] INFO  rpc.RpcClient (RpcClient.java:createVolume(459)) - Creating Volume: vol-list-a-9-17345, with runner as owner and space quota set to -1 bytes, counts quota set to -1
2023-06-02 20:41:18,849 [OM StateMachine ApplyTransaction Thread - 0] INFO  volume.OMVolumeCreateRequest (OMVolumeCreateRequest.java:validateAndUpdateCache(196)) - created volume:vol-list-a-9-17345 for user:runner
2023-06-02 20:41:18,850 [main] INFO  rpc.RpcClient (RpcClient.java:createVolume(459)) - Creating Volume: vol-list-b-0-02642, with runner as owner and space quota set to -1 bytes, counts quota set to -1
2023-06-02 20:41:18,852 [OM StateMachine ApplyTransaction Thread - 0] INFO  volume.OMVolumeCreateRequest (OMVolumeCreateRequest.java:validateAndUpdateCache(196)) - created volume:vol-list-b-0-02642 for user:runner
2023-06-02 20:41:18,853 [main] INFO  rpc.RpcClient (RpcClient.java:createVolume(459)) - Creating Volume: vol-list-b-1-60735, with runner as owner and space quota set to -1 bytes, counts quota set to -1
2023-06-02 20:41:18,854 [OM StateMachine ApplyTransaction Thread - 0] INFO  volume.OMVolumeCreateRequest (OMVolumeCreateRequest.java:validateAndUpdateCache(196)) - created volume:vol-list-b-1-60735 for user:runner
2023-06-02 20:41:18,855 [main] INFO  rpc.RpcClient (RpcClient.java:createVolume(459)) - Creating Volume: vol-list-b-2-92065, with runner as owner and space quota set to -1 bytes, counts quota set to -1
2023-06-02 20:41:18,858 [OM StateMachine ApplyTransaction Thread - 0] INFO  volume.OMVolumeCreateRequest (OMVolumeCreateRequest.java:validateAndUpdateCache(196)) - created volume:vol-list-b-2-92065 for user:runner
2023-06-02 20:41:18,858 [main] INFO  rpc.RpcClient (RpcClient.java:createVolume(459)) - Creating Volume: vol-list-b-3-68319, with runner as owner and space quota set to -1 bytes, counts quota set to -1
2023-06-02 20:41:18,860 [OM StateMachine ApplyTransaction Thread - 0] INFO  volume.OMVolumeCreateRequest (OMVolumeCreateRequest.java:validateAndUpdateCache(196)) - created volume:vol-list-b-3-68319 for user:runner
2023-06-02 20:41:18,861 [main] INFO  rpc.RpcClient (RpcClient.java:createVolume(459)) - Creating Volume: vol-list-b-4-35285, with runner as owner and space quota set to -1 bytes, counts quota set to -1
2023-06-02 20:41:18,870 [OM StateMachine ApplyTransaction Thread - 0] INFO  volume.OMVolumeCreateRequest (OMVolumeCreateRequest.java:validateAndUpdateCache(196)) - created volume:vol-list-b-4-35285 for user:runner
2023-06-02 20:41:18,872 [main] INFO  rpc.RpcClient (RpcClient.java:createVolume(459)) - Creating Volume: vol-list-b-5-98182, with runner as owner and space quota set to -1 bytes, counts quota set to -1
2023-06-02 20:41:18,873 [OM StateMachine ApplyTransaction Thread - 0] INFO  volume.OMVolumeCreateRequest (OMVolumeCreateRequest.java:validateAndUpdateCache(196)) - created volume:vol-list-b-5-98182 for user:runner
2023-06-02 20:41:18,874 [main] INFO  rpc.RpcClient (RpcClient.java:createVolume(459)) - Creating Volume: vol-list-b-6-59454, with runner as owner and space quota set to -1 bytes, counts quota set to -1
2023-06-02 20:41:18,876 [OM StateMachine ApplyTransaction Thread - 0] INFO  volume.OMVolumeCreateRequest (OMVolumeCreateRequest.java:validateAndUpdateCache(196)) - created volume:vol-list-b-6-59454 for user:runner
2023-06-02 20:41:18,877 [main] INFO  rpc.RpcClient (RpcClient.java:createVolume(459)) - Creating Volume: vol-list-b-7-00238, with runner as owner and space quota set to -1 bytes, counts quota set to -1
2023-06-02 20:41:18,878 [OM StateMachine ApplyTransaction Thread - 0] INFO  volume.OMVolumeCreateRequest (OMVolumeCreateRequest.java:validateAndUpdateCache(196)) - created volume:vol-list-b-7-00238 for user:runner
2023-06-02 20:41:18,879 [main] INFO  rpc.RpcClient (RpcClient.java:createVolume(459)) - Creating Volume: vol-list-b-8-04935, with runner as owner and space quota set to -1 bytes, counts quota set to -1
2023-06-02 20:41:18,881 [OM StateMachine ApplyTransaction Thread - 0] INFO  volume.OMVolumeCreateRequest (OMVolumeCreateRequest.java:validateAndUpdateCache(196)) - created volume:vol-list-b-8-04935 for user:runner
2023-06-02 20:41:18,881 [main] INFO  rpc.RpcClient (RpcClient.java:createVolume(459)) - Creating Volume: vol-list-b-9-19231, with runner as owner and space quota set to -1 bytes, counts quota set to -1
2023-06-02 20:41:18,883 [OM StateMachine ApplyTransaction Thread - 0] INFO  volume.OMVolumeCreateRequest (OMVolumeCreateRequest.java:validateAndUpdateCache(196)) - created volume:vol-list-b-9-19231 for user:runner
]]></system-out>
  </testcase>
  <testcase name="testMissingParentBucketUsedNamespace(BucketLayout)[1]" classname="org.apache.hadoop.ozone.client.rpc.TestSecureOzoneRpcClient" time="0.029">
    <system-out><![CDATA[2023-06-02 20:41:18,902 [main] INFO  rpc.RpcClient (RpcClient.java:createVolume(459)) - Creating Volume: bef3da1e-1ba2-4ba5-95a9-ebfe35333a00, with runner as owner and space quota set to -1 bytes, counts quota set to -1
2023-06-02 20:41:18,905 [OM StateMachine ApplyTransaction Thread - 0] INFO  volume.OMVolumeCreateRequest (OMVolumeCreateRequest.java:validateAndUpdateCache(196)) - created volume:bef3da1e-1ba2-4ba5-95a9-ebfe35333a00 for user:runner
2023-06-02 20:41:18,906 [main] INFO  rpc.RpcClient (RpcClient.java:createBucket(686)) - Creating Bucket: bef3da1e-1ba2-4ba5-95a9-ebfe35333a00/331dcd5b-f757-4feb-8b68-31d71661a9a8, with bucket layout OBJECT_STORE, runner as owner, Versioning false, Storage Type set to DISK and Encryption set to false, Replication Type set to server-side default replication type, Namespace Quota set to -1, Space Quota set to -1 
2023-06-02 20:41:18,908 [OM StateMachine ApplyTransaction Thread - 0] INFO  bucket.OMBucketCreateRequest (OMBucketCreateRequest.java:validateAndUpdateCache(270)) - created bucket: 331dcd5b-f757-4feb-8b68-31d71661a9a8 of layout OBJECT_STORE in volume: bef3da1e-1ba2-4ba5-95a9-ebfe35333a00
]]></system-out>
  </testcase>
  <testcase name="testMissingParentBucketUsedNamespace(BucketLayout)[2]" classname="org.apache.hadoop.ozone.client.rpc.TestSecureOzoneRpcClient" time="0.031">
    <system-out><![CDATA[2023-06-02 20:41:18,933 [main] INFO  rpc.RpcClient (RpcClient.java:createVolume(459)) - Creating Volume: db7c4e3d-0596-4a85-9b97-772d9c209848, with runner as owner and space quota set to -1 bytes, counts quota set to -1
2023-06-02 20:41:18,936 [OM StateMachine ApplyTransaction Thread - 0] INFO  volume.OMVolumeCreateRequest (OMVolumeCreateRequest.java:validateAndUpdateCache(196)) - created volume:db7c4e3d-0596-4a85-9b97-772d9c209848 for user:runner
2023-06-02 20:41:18,938 [main] INFO  rpc.RpcClient (RpcClient.java:createBucket(686)) - Creating Bucket: db7c4e3d-0596-4a85-9b97-772d9c209848/00b5d040-aa76-4270-b8d6-7c627d783b7d, with bucket layout LEGACY, runner as owner, Versioning false, Storage Type set to DISK and Encryption set to false, Replication Type set to server-side default replication type, Namespace Quota set to -1, Space Quota set to -1 
2023-06-02 20:41:18,940 [OM StateMachine ApplyTransaction Thread - 0] INFO  bucket.OMBucketCreateRequest (OMBucketCreateRequest.java:validateAndUpdateCache(270)) - created bucket: 00b5d040-aa76-4270-b8d6-7c627d783b7d of layout LEGACY in volume: db7c4e3d-0596-4a85-9b97-772d9c209848
]]></system-out>
  </testcase>
  <testcase name="testMissingParentBucketUsedNamespace(BucketLayout)[3]" classname="org.apache.hadoop.ozone.client.rpc.TestSecureOzoneRpcClient" time="0.031">
    <system-out><![CDATA[2023-06-02 20:41:18,965 [main] INFO  rpc.RpcClient (RpcClient.java:createVolume(459)) - Creating Volume: da35e064-691b-465b-a48a-46453b8b6c95, with runner as owner and space quota set to -1 bytes, counts quota set to -1
2023-06-02 20:41:18,968 [OM StateMachine ApplyTransaction Thread - 0] INFO  volume.OMVolumeCreateRequest (OMVolumeCreateRequest.java:validateAndUpdateCache(196)) - created volume:da35e064-691b-465b-a48a-46453b8b6c95 for user:runner
2023-06-02 20:41:18,970 [main] INFO  rpc.RpcClient (RpcClient.java:createBucket(686)) - Creating Bucket: da35e064-691b-465b-a48a-46453b8b6c95/2ce4d834-bf90-4a56-a8e9-67b8532f393e, with bucket layout FILE_SYSTEM_OPTIMIZED, runner as owner, Versioning false, Storage Type set to DISK and Encryption set to false, Replication Type set to server-side default replication type, Namespace Quota set to -1, Space Quota set to -1 
2023-06-02 20:41:18,972 [OM StateMachine ApplyTransaction Thread - 0] INFO  bucket.OMBucketCreateRequest (OMBucketCreateRequest.java:validateAndUpdateCache(270)) - created bucket: 2ce4d834-bf90-4a56-a8e9-67b8532f393e of layout FILE_SYSTEM_OPTIMIZED in volume: da35e064-691b-465b-a48a-46453b8b6c95
]]></system-out>
  </testcase>
  <testcase name="testMultipartUploadOverride(ReplicationConfig)[1]" classname="org.apache.hadoop.ozone.client.rpc.TestSecureOzoneRpcClient" time="0.772">
    <system-out><![CDATA[2023-06-02 20:41:19,000 [main] INFO  rpc.RpcClient (RpcClient.java:createVolume(459)) - Creating Volume: 4976580c-3ad3-4fcb-914b-eecec3cbff72, with runner as owner and space quota set to -1 bytes, counts quota set to -1
2023-06-02 20:41:19,003 [OM StateMachine ApplyTransaction Thread - 0] INFO  volume.OMVolumeCreateRequest (OMVolumeCreateRequest.java:validateAndUpdateCache(196)) - created volume:4976580c-3ad3-4fcb-914b-eecec3cbff72 for user:runner
2023-06-02 20:41:19,006 [main] INFO  rpc.RpcClient (RpcClient.java:createBucket(686)) - Creating Bucket: 4976580c-3ad3-4fcb-914b-eecec3cbff72/96402f2e-f0ab-457d-9f83-0bd63282aff2, with server-side default bucket layout, runner as owner, Versioning false, Storage Type set to DISK and Encryption set to false, Replication Type set to server-side default replication type, Namespace Quota set to -1, Space Quota set to -1 
2023-06-02 20:41:19,008 [OM StateMachine ApplyTransaction Thread - 0] INFO  bucket.OMBucketCreateRequest (OMBucketCreateRequest.java:validateAndUpdateCache(270)) - created bucket: 96402f2e-f0ab-457d-9f83-0bd63282aff2 of layout OBJECT_STORE in volume: 4976580c-3ad3-4fcb-914b-eecec3cbff72
2023-06-02 20:41:19,194 [IPC Server handler 4 on default port 15001] WARN  node.SCMNodeManager (SCMNodeManager.java:getNodesByAddress(1381)) - Cannot find node for address 127.0.0.1
2023-06-02 20:41:19,196 [IPC Server handler 10 on default port 15001] WARN  node.SCMNodeManager (SCMNodeManager.java:getNodesByAddress(1381)) - Cannot find node for address 127.0.0.1
2023-06-02 20:41:19,197 [IPC Server handler 5 on default port 15001] WARN  node.SCMNodeManager (SCMNodeManager.java:getNodesByAddress(1381)) - Cannot find node for address 127.0.0.1
2023-06-02 20:41:19,198 [IPC Server handler 6 on default port 15001] WARN  node.SCMNodeManager (SCMNodeManager.java:getNodesByAddress(1381)) - Cannot find node for address 127.0.0.1
2023-06-02 20:41:19,532 [IPC Server handler 18 on default port 15001] WARN  node.SCMNodeManager (SCMNodeManager.java:getNodesByAddress(1381)) - Cannot find node for address 127.0.0.1
2023-06-02 20:41:19,533 [IPC Server handler 13 on default port 15001] WARN  node.SCMNodeManager (SCMNodeManager.java:getNodesByAddress(1381)) - Cannot find node for address 127.0.0.1
2023-06-02 20:41:19,533 [IPC Server handler 2 on default port 15001] WARN  node.SCMNodeManager (SCMNodeManager.java:getNodesByAddress(1381)) - Cannot find node for address 127.0.0.1
]]></system-out>
  </testcase>
  <testcase name="testMultipartUploadOverride(ReplicationConfig)[2]" classname="org.apache.hadoop.ozone.client.rpc.TestSecureOzoneRpcClient" time="1.645">
    <system-out><![CDATA[2023-06-02 20:41:19,773 [main] INFO  rpc.RpcClient (RpcClient.java:createVolume(459)) - Creating Volume: 0f7a7877-8082-4320-85f9-ee74716de391, with runner as owner and space quota set to -1 bytes, counts quota set to -1
2023-06-02 20:41:19,777 [OM StateMachine ApplyTransaction Thread - 0] INFO  volume.OMVolumeCreateRequest (OMVolumeCreateRequest.java:validateAndUpdateCache(196)) - created volume:0f7a7877-8082-4320-85f9-ee74716de391 for user:runner
2023-06-02 20:41:19,779 [main] INFO  rpc.RpcClient (RpcClient.java:createBucket(686)) - Creating Bucket: 0f7a7877-8082-4320-85f9-ee74716de391/b48117b5-fb24-434c-a89e-23de2ef0e03f, with server-side default bucket layout, runner as owner, Versioning false, Storage Type set to DISK and Encryption set to false, Replication Type set to server-side default replication type, Namespace Quota set to -1, Space Quota set to -1 
2023-06-02 20:41:19,781 [OM StateMachine ApplyTransaction Thread - 0] INFO  bucket.OMBucketCreateRequest (OMBucketCreateRequest.java:validateAndUpdateCache(270)) - created bucket: b48117b5-fb24-434c-a89e-23de2ef0e03f of layout OBJECT_STORE in volume: 0f7a7877-8082-4320-85f9-ee74716de391
2023-06-02 20:41:20,434 [IPC Server handler 7 on default port 15001] WARN  node.SCMNodeManager (SCMNodeManager.java:getNodesByAddress(1381)) - Cannot find node for address 127.0.0.1
2023-06-02 20:41:20,436 [IPC Server handler 8 on default port 15001] WARN  node.SCMNodeManager (SCMNodeManager.java:getNodesByAddress(1381)) - Cannot find node for address 127.0.0.1
2023-06-02 20:41:20,438 [IPC Server handler 11 on default port 15001] WARN  node.SCMNodeManager (SCMNodeManager.java:getNodesByAddress(1381)) - Cannot find node for address 127.0.0.1
2023-06-02 20:41:21,195 [IPC Server handler 4 on default port 15001] WARN  node.SCMNodeManager (SCMNodeManager.java:getNodesByAddress(1381)) - Cannot find node for address 127.0.0.1
2023-06-02 20:41:21,196 [IPC Server handler 10 on default port 15001] WARN  node.SCMNodeManager (SCMNodeManager.java:getNodesByAddress(1381)) - Cannot find node for address 127.0.0.1
2023-06-02 20:41:21,197 [IPC Server handler 5 on default port 15001] WARN  node.SCMNodeManager (SCMNodeManager.java:getNodesByAddress(1381)) - Cannot find node for address 127.0.0.1
]]></system-out>
  </testcase>
  <testcase name="testMultipartUploadOverride(ReplicationConfig)[3]" classname="org.apache.hadoop.ozone.client.rpc.TestSecureOzoneRpcClient" time="1.567">
    <system-out><![CDATA[2023-06-02 20:41:21,420 [main] INFO  rpc.RpcClient (RpcClient.java:createVolume(459)) - Creating Volume: 32223255-00ce-4551-a55f-1ca1d578902b, with runner as owner and space quota set to -1 bytes, counts quota set to -1
2023-06-02 20:41:21,422 [OM StateMachine ApplyTransaction Thread - 0] INFO  volume.OMVolumeCreateRequest (OMVolumeCreateRequest.java:validateAndUpdateCache(196)) - created volume:32223255-00ce-4551-a55f-1ca1d578902b for user:runner
2023-06-02 20:41:21,424 [main] INFO  rpc.RpcClient (RpcClient.java:createBucket(686)) - Creating Bucket: 32223255-00ce-4551-a55f-1ca1d578902b/85b048c1-397a-419b-a041-2608e8bfe700, with server-side default bucket layout, runner as owner, Versioning false, Storage Type set to DISK and Encryption set to false, Replication Type set to server-side default replication type, Namespace Quota set to -1, Space Quota set to -1 
2023-06-02 20:41:21,427 [OM StateMachine ApplyTransaction Thread - 0] INFO  bucket.OMBucketCreateRequest (OMBucketCreateRequest.java:validateAndUpdateCache(270)) - created bucket: 85b048c1-397a-419b-a041-2608e8bfe700 of layout OBJECT_STORE in volume: 32223255-00ce-4551-a55f-1ca1d578902b
2023-06-02 20:41:21,757 [IPC Server handler 17 on default port 15001] WARN  node.SCMNodeManager (SCMNodeManager.java:getNodesByAddress(1381)) - Cannot find node for address 127.0.0.1
2023-06-02 20:41:21,758 [IPC Server handler 14 on default port 15001] WARN  node.SCMNodeManager (SCMNodeManager.java:getNodesByAddress(1381)) - Cannot find node for address 127.0.0.1
2023-06-02 20:41:22,796 [IPC Server handler 1 on default port 15001] WARN  node.SCMNodeManager (SCMNodeManager.java:getNodesByAddress(1381)) - Cannot find node for address 127.0.0.1
]]></system-out>
  </testcase>
  <testcase name="testMultipartUploadWithACL" classname="org.apache.hadoop.ozone.client.rpc.TestSecureOzoneRpcClient" time="0.519">
    <system-out><![CDATA[2023-06-02 20:41:22,989 [main] INFO  rpc.RpcClient (RpcClient.java:createVolume(459)) - Creating Volume: d90cb22a-96b6-456d-91cd-8d7a3883acec, with runner as owner and space quota set to -1 bytes, counts quota set to -1
2023-06-02 20:41:22,991 [OM StateMachine ApplyTransaction Thread - 0] INFO  volume.OMVolumeCreateRequest (OMVolumeCreateRequest.java:validateAndUpdateCache(196)) - created volume:d90cb22a-96b6-456d-91cd-8d7a3883acec for user:runner
2023-06-02 20:41:22,993 [main] INFO  rpc.RpcClient (RpcClient.java:createBucket(686)) - Creating Bucket: d90cb22a-96b6-456d-91cd-8d7a3883acec/d5537838-d7fe-40ac-a1e9-d36ced019ee2, with bucket layout OBJECT_STORE, runner as owner, Versioning false, Storage Type set to DISK and Encryption set to false, Replication Type set to server-side default replication type, Namespace Quota set to -1, Space Quota set to -1 
2023-06-02 20:41:22,995 [OM StateMachine ApplyTransaction Thread - 0] INFO  bucket.OMBucketCreateRequest (OMBucketCreateRequest.java:validateAndUpdateCache(270)) - created bucket: d5537838-d7fe-40ac-a1e9-d36ced019ee2 of layout OBJECT_STORE in volume: d90cb22a-96b6-456d-91cd-8d7a3883acec
2023-06-02 20:41:23,187 [IPC Server handler 6 on default port 15001] WARN  node.SCMNodeManager (SCMNodeManager.java:getNodesByAddress(1381)) - Cannot find node for address 127.0.0.1
2023-06-02 20:41:23,188 [IPC Server handler 0 on default port 15001] WARN  node.SCMNodeManager (SCMNodeManager.java:getNodesByAddress(1381)) - Cannot find node for address 127.0.0.1
2023-06-02 20:41:23,189 [IPC Server handler 12 on default port 15001] WARN  node.SCMNodeManager (SCMNodeManager.java:getNodesByAddress(1381)) - Cannot find node for address 127.0.0.1
2023-06-02 20:41:23,189 [IPC Server handler 9 on default port 15001] WARN  node.SCMNodeManager (SCMNodeManager.java:getNodesByAddress(1381)) - Cannot find node for address 127.0.0.1
2023-06-02 20:41:23,190 [IPC Server handler 7 on default port 15001] WARN  node.SCMNodeManager (SCMNodeManager.java:getNodesByAddress(1381)) - Cannot find node for address 127.0.0.1
2023-06-02 20:41:23,409 [OM StateMachine ApplyTransaction Thread - 0] WARN  om.OzoneManager (OmMetadataReader.java:checkAcls(506)) - User test-user doesn't have CREATE permission to access key Volume:d90cb22a-96b6-456d-91cd-8d7a3883acec Bucket:d5537838-d7fe-40ac-a1e9-d36ced019ee2 Key:bc3ca6dd-ef4e-42a5-ba4d-0ed03665874d
20:41:23.410 [OM StateMachine ApplyTransaction Thread - 0] ERROR OMAudit - user=test-user | ip=127.0.0.1 | op=INITIATE_MULTIPART_UPLOAD {volume=d90cb22a-96b6-456d-91cd-8d7a3883acec, bucket=d5537838-d7fe-40ac-a1e9-d36ced019ee2, key=bc3ca6dd-ef4e-42a5-ba4d-0ed03665874d, dataSize=0, replicationType=RATIS, replicationFactor=ONE} | ret=FAILURE
org.apache.hadoop.ozone.om.exceptions.OMException: User test-user doesn't have CREATE permission to access key Volume:d90cb22a-96b6-456d-91cd-8d7a3883acec Bucket:d5537838-d7fe-40ac-a1e9-d36ced019ee2 Key:bc3ca6dd-ef4e-42a5-ba4d-0ed03665874d
	at org.apache.hadoop.ozone.om.OmMetadataReader.checkAcls(OmMetadataReader.java:509) ~[ozone-manager-1.4.0-SNAPSHOT.jar:?]
	at org.apache.hadoop.ozone.om.OmMetadataReader.checkAcls(OmMetadataReader.java:484) ~[ozone-manager-1.4.0-SNAPSHOT.jar:?]
	at org.apache.hadoop.ozone.om.OzoneAclUtils.checkAllAcls(OzoneAclUtils.java:121) ~[ozone-manager-1.4.0-SNAPSHOT.jar:?]
	at org.apache.hadoop.ozone.om.request.OMClientRequest.checkAcls(OMClientRequest.java:364) ~[ozone-manager-1.4.0-SNAPSHOT.jar:?]
	at org.apache.hadoop.ozone.om.request.OMClientRequest.checkAcls(OMClientRequest.java:215) ~[ozone-manager-1.4.0-SNAPSHOT.jar:?]
	at org.apache.hadoop.ozone.om.request.key.OMKeyRequest.checkKeyAcls(OMKeyRequest.java:343) ~[ozone-manager-1.4.0-SNAPSHOT.jar:?]
	at org.apache.hadoop.ozone.om.request.s3.multipart.S3InitiateMultipartUploadRequest.validateAndUpdateCache(S3InitiateMultipartUploadRequest.java:146) ~[ozone-manager-1.4.0-SNAPSHOT.jar:?]
	at org.apache.hadoop.ozone.protocolPB.OzoneManagerRequestHandler.handleWriteRequest(OzoneManagerRequestHandler.java:338) ~[ozone-manager-1.4.0-SNAPSHOT.jar:?]
	at org.apache.hadoop.ozone.om.ratis.OzoneManagerStateMachine.runCommand(OzoneManagerStateMachine.java:567) ~[ozone-manager-1.4.0-SNAPSHOT.jar:?]
	at org.apache.hadoop.ozone.om.ratis.OzoneManagerStateMachine.lambda$1(OzoneManagerStateMachine.java:358) ~[ozone-manager-1.4.0-SNAPSHOT.jar:?]
	at java.util.concurrent.CompletableFuture$AsyncSupply.run(CompletableFuture.java:1604) [?:1.8.0_372]
	at java.util.concurrent.ThreadPoolExecutor.runWorker(ThreadPoolExecutor.java:1149) [?:1.8.0_372]
	at java.util.concurrent.ThreadPoolExecutor$Worker.run(ThreadPoolExecutor.java:624) [?:1.8.0_372]
	at java.lang.Thread.run(Thread.java:750) [?:1.8.0_372]
2023-06-02 20:41:23,410 [OM StateMachine ApplyTransaction Thread - 0] ERROR multipart.S3InitiateMultipartUploadRequest (S3InitiateMultipartUploadRequest.java:logResult(269)) - S3 InitiateMultipart Upload request for Key bc3ca6dd-ef4e-42a5-ba4d-0ed03665874d in Volume/Bucket d90cb22a-96b6-456d-91cd-8d7a3883acec/d5537838-d7fe-40ac-a1e9-d36ced019ee2 is failed
PERMISSION_DENIED org.apache.hadoop.ozone.om.exceptions.OMException: User test-user doesn't have CREATE permission to access key Volume:d90cb22a-96b6-456d-91cd-8d7a3883acec Bucket:d5537838-d7fe-40ac-a1e9-d36ced019ee2 Key:bc3ca6dd-ef4e-42a5-ba4d-0ed03665874d
	at org.apache.hadoop.ozone.om.OmMetadataReader.checkAcls(OmMetadataReader.java:509)
	at org.apache.hadoop.ozone.om.OmMetadataReader.checkAcls(OmMetadataReader.java:484)
	at org.apache.hadoop.ozone.om.OzoneAclUtils.checkAllAcls(OzoneAclUtils.java:121)
	at org.apache.hadoop.ozone.om.request.OMClientRequest.checkAcls(OMClientRequest.java:364)
	at org.apache.hadoop.ozone.om.request.OMClientRequest.checkAcls(OMClientRequest.java:215)
	at org.apache.hadoop.ozone.om.request.key.OMKeyRequest.checkKeyAcls(OMKeyRequest.java:343)
	at org.apache.hadoop.ozone.om.request.s3.multipart.S3InitiateMultipartUploadRequest.validateAndUpdateCache(S3InitiateMultipartUploadRequest.java:146)
	at org.apache.hadoop.ozone.protocolPB.OzoneManagerRequestHandler.handleWriteRequest(OzoneManagerRequestHandler.java:338)
	at org.apache.hadoop.ozone.om.ratis.OzoneManagerStateMachine.runCommand(OzoneManagerStateMachine.java:567)
	at org.apache.hadoop.ozone.om.ratis.OzoneManagerStateMachine.lambda$1(OzoneManagerStateMachine.java:358)
	at java.util.concurrent.CompletableFuture$AsyncSupply.run(CompletableFuture.java:1604)
	at java.util.concurrent.ThreadPoolExecutor.runWorker(ThreadPoolExecutor.java:1149)
	at java.util.concurrent.ThreadPoolExecutor$Worker.run(ThreadPoolExecutor.java:624)
	at java.lang.Thread.run(Thread.java:750)
2023-06-02 20:41:23,503 [IPC Server handler 12 on default port 15004] WARN  om.OzoneManager (OmMetadataReader.java:checkAcls(506)) - User test-user doesn't have READ permission to access key Volume:d90cb22a-96b6-456d-91cd-8d7a3883acec Bucket:d5537838-d7fe-40ac-a1e9-d36ced019ee2 Key:2995b106-bd60-448e-aaa4-d7866c88e5b1
20:41:23.504 [IPC Server handler 12 on default port 15004] ERROR OMAudit - user=test-user | ip=127.0.0.1 | op=READ_KEY {volume=d90cb22a-96b6-456d-91cd-8d7a3883acec, bucket=d5537838-d7fe-40ac-a1e9-d36ced019ee2, key=2995b106-bd60-448e-aaa4-d7866c88e5b1, dataSize=0, replicationConfig=null} | ret=FAILURE
org.apache.hadoop.ozone.om.exceptions.OMException: User test-user doesn't have READ permission to access key Volume:d90cb22a-96b6-456d-91cd-8d7a3883acec Bucket:d5537838-d7fe-40ac-a1e9-d36ced019ee2 Key:2995b106-bd60-448e-aaa4-d7866c88e5b1
	at org.apache.hadoop.ozone.om.OmMetadataReader.checkAcls(OmMetadataReader.java:509) ~[ozone-manager-1.4.0-SNAPSHOT.jar:?]
	at org.apache.hadoop.ozone.om.OmMetadataReader.checkAcls(OmMetadataReader.java:484) ~[ozone-manager-1.4.0-SNAPSHOT.jar:?]
	at org.apache.hadoop.ozone.om.OzoneAclUtils.checkAllAcls(OzoneAclUtils.java:121) ~[ozone-manager-1.4.0-SNAPSHOT.jar:?]
	at org.apache.hadoop.ozone.om.OmMetadataReader.checkAcls(OmMetadataReader.java:446) ~[ozone-manager-1.4.0-SNAPSHOT.jar:?]
	at org.apache.hadoop.ozone.om.OmMetadataReader.lambda$3(OmMetadataReader.java:202) ~[ozone-manager-1.4.0-SNAPSHOT.jar:?]
	at org.apache.hadoop.util.MetricUtil.captureLatencyNs(MetricUtil.java:50) ~[hdds-common-1.4.0-SNAPSHOT.jar:?]
	at org.apache.hadoop.ozone.om.OmMetadataReader.getKeyInfo(OmMetadataReader.java:201) ~[ozone-manager-1.4.0-SNAPSHOT.jar:?]
	at org.apache.hadoop.ozone.om.OzoneManager.getKeyInfo(OzoneManager.java:2793) ~[ozone-manager-1.4.0-SNAPSHOT.jar:?]
	at org.apache.hadoop.ozone.protocolPB.OzoneManagerRequestHandler.getKeyInfo(OzoneManagerRequestHandler.java:550) ~[ozone-manager-1.4.0-SNAPSHOT.jar:?]
	at org.apache.hadoop.ozone.protocolPB.OzoneManagerRequestHandler.handleReadRequest(OzoneManagerRequestHandler.java:293) ~[ozone-manager-1.4.0-SNAPSHOT.jar:?]
	at org.apache.hadoop.ozone.protocolPB.OzoneManagerProtocolServerSideTranslatorPB.submitReadRequestToOM(OzoneManagerProtocolServerSideTranslatorPB.java:223) ~[ozone-manager-1.4.0-SNAPSHOT.jar:?]
	at org.apache.hadoop.ozone.protocolPB.OzoneManagerProtocolServerSideTranslatorPB.processRequest(OzoneManagerProtocolServerSideTranslatorPB.java:177) ~[ozone-manager-1.4.0-SNAPSHOT.jar:?]
	at org.apache.hadoop.hdds.server.OzoneProtocolMessageDispatcher.processRequest(OzoneProtocolMessageDispatcher.java:87) [hdds-server-framework-1.4.0-SNAPSHOT.jar:?]
	at org.apache.hadoop.ozone.protocolPB.OzoneManagerProtocolServerSideTranslatorPB.submitRequest(OzoneManagerProtocolServerSideTranslatorPB.java:147) [ozone-manager-1.4.0-SNAPSHOT.jar:?]
	at org.apache.hadoop.ozone.protocol.proto.OzoneManagerProtocolProtos$OzoneManagerService$2.callBlockingMethod(OzoneManagerProtocolProtos.java) [ozone-interface-client-1.4.0-SNAPSHOT.jar:?]
	at org.apache.hadoop.ipc.ProtobufRpcEngine$Server.processCall(ProtobufRpcEngine.java:484) [hadoop-common-3.3.5.jar:?]
	at org.apache.hadoop.ipc.ProtobufRpcEngine2$Server$ProtoBufRpcInvoker.call(ProtobufRpcEngine2.java:595) [hadoop-common-3.3.5.jar:?]
	at org.apache.hadoop.ipc.ProtobufRpcEngine2$Server$ProtoBufRpcInvoker.call(ProtobufRpcEngine2.java:573) [hadoop-common-3.3.5.jar:?]
	at org.apache.hadoop.ipc.RPC$Server.call(RPC.java:1213) [hadoop-common-3.3.5.jar:?]
	at org.apache.hadoop.ipc.Server$RpcCall.run(Server.java:1089) [hadoop-common-3.3.5.jar:?]
	at org.apache.hadoop.ipc.Server$RpcCall.run(Server.java:1012) [hadoop-common-3.3.5.jar:?]
	at java.security.AccessController.doPrivileged(Native Method) ~[?:1.8.0_372]
	at javax.security.auth.Subject.doAs(Subject.java:422) [?:1.8.0_372]
	at org.apache.hadoop.security.UserGroupInformation.doAs(UserGroupInformation.java:1899) [hadoop-common-3.3.5.jar:?]
	at org.apache.hadoop.ipc.Server$Handler.run(Server.java:3026) [hadoop-common-3.3.5.jar:?]
]]></system-out>
  </testcase>
  <testcase name="testMultipartUploadWithMissingParts" classname="org.apache.hadoop.ozone.client.rpc.TestSecureOzoneRpcClient" time="0.033">
    <system-out><![CDATA[2023-06-02 20:41:23,505 [main] INFO  rpc.RpcClient (RpcClient.java:createVolume(459)) - Creating Volume: 6b8be5a3-b336-497b-9d95-ee862a54dc49, with runner as owner and space quota set to -1 bytes, counts quota set to -1
2023-06-02 20:41:23,508 [OM StateMachine ApplyTransaction Thread - 0] INFO  volume.OMVolumeCreateRequest (OMVolumeCreateRequest.java:validateAndUpdateCache(196)) - created volume:6b8be5a3-b336-497b-9d95-ee862a54dc49 for user:runner
2023-06-02 20:41:23,510 [main] INFO  rpc.RpcClient (RpcClient.java:createBucket(686)) - Creating Bucket: 6b8be5a3-b336-497b-9d95-ee862a54dc49/cd4baeb1-a822-47ef-92db-9268903c996d, with server-side default bucket layout, runner as owner, Versioning false, Storage Type set to DISK and Encryption set to false, Replication Type set to server-side default replication type, Namespace Quota set to -1, Space Quota set to -1 
2023-06-02 20:41:23,512 [OM StateMachine ApplyTransaction Thread - 0] INFO  bucket.OMBucketCreateRequest (OMBucketCreateRequest.java:validateAndUpdateCache(270)) - created bucket: cd4baeb1-a822-47ef-92db-9268903c996d of layout OBJECT_STORE in volume: 6b8be5a3-b336-497b-9d95-ee862a54dc49
20:41:23.537 [OM StateMachine ApplyTransaction Thread - 0] ERROR OMAudit - user=runner | ip=127.0.0.1 | op=COMPLETE_MULTIPART_UPLOAD {volume=6b8be5a3-b336-497b-9d95-ee862a54dc49, bucket=cd4baeb1-a822-47ef-92db-9268903c996d, key=c3b2f949-88ef-4568-a658-73a79b70d264, dataSize=0, replicationType=NONE, replicationFactor=ZERO, multipartList=[partNumber: 3 partName: "random" ]} | ret=FAILURE
org.apache.hadoop.ozone.om.exceptions.OMException: Complete Multipart Upload Failed: volume: 6b8be5a3-b336-497b-9d95-ee862a54dc49 bucket: cd4baeb1-a822-47ef-92db-9268903c996d key: c3b2f949-88ef-4568-a658-73a79b70d264. Provided Part info is { random, 3}, whereas OM has partName null
	at org.apache.hadoop.ozone.om.request.s3.multipart.S3MultipartUploadCompleteRequest.getMultipartDataSize(S3MultipartUploadCompleteRequest.java:502) ~[ozone-manager-1.4.0-SNAPSHOT.jar:?]
	at org.apache.hadoop.ozone.om.request.s3.multipart.S3MultipartUploadCompleteRequest.validateAndUpdateCache(S3MultipartUploadCompleteRequest.java:195) ~[ozone-manager-1.4.0-SNAPSHOT.jar:?]
	at org.apache.hadoop.ozone.protocolPB.OzoneManagerRequestHandler.handleWriteRequest(OzoneManagerRequestHandler.java:338) ~[ozone-manager-1.4.0-SNAPSHOT.jar:?]
	at org.apache.hadoop.ozone.om.ratis.OzoneManagerStateMachine.runCommand(OzoneManagerStateMachine.java:567) ~[ozone-manager-1.4.0-SNAPSHOT.jar:?]
	at org.apache.hadoop.ozone.om.ratis.OzoneManagerStateMachine.lambda$1(OzoneManagerStateMachine.java:358) ~[ozone-manager-1.4.0-SNAPSHOT.jar:?]
	at java.util.concurrent.CompletableFuture$AsyncSupply.run(CompletableFuture.java:1604) [?:1.8.0_372]
	at java.util.concurrent.ThreadPoolExecutor.runWorker(ThreadPoolExecutor.java:1149) [?:1.8.0_372]
	at java.util.concurrent.ThreadPoolExecutor$Worker.run(ThreadPoolExecutor.java:624) [?:1.8.0_372]
	at java.lang.Thread.run(Thread.java:750) [?:1.8.0_372]
2023-06-02 20:41:23,537 [OM StateMachine ApplyTransaction Thread - 0] ERROR multipart.S3MultipartUploadCompleteRequest (S3MultipartUploadCompleteRequest.java:logResult(346)) - MultipartUpload Complete request failed for Key: c3b2f949-88ef-4568-a658-73a79b70d264 in Volume/Bucket 6b8be5a3-b336-497b-9d95-ee862a54dc49/cd4baeb1-a822-47ef-92db-9268903c996d
INVALID_PART org.apache.hadoop.ozone.om.exceptions.OMException: Complete Multipart Upload Failed: volume: 6b8be5a3-b336-497b-9d95-ee862a54dc49 bucket: cd4baeb1-a822-47ef-92db-9268903c996d key: c3b2f949-88ef-4568-a658-73a79b70d264. Provided Part info is { random, 3}, whereas OM has partName null
	at org.apache.hadoop.ozone.om.request.s3.multipart.S3MultipartUploadCompleteRequest.getMultipartDataSize(S3MultipartUploadCompleteRequest.java:502)
	at org.apache.hadoop.ozone.om.request.s3.multipart.S3MultipartUploadCompleteRequest.validateAndUpdateCache(S3MultipartUploadCompleteRequest.java:195)
	at org.apache.hadoop.ozone.protocolPB.OzoneManagerRequestHandler.handleWriteRequest(OzoneManagerRequestHandler.java:338)
	at org.apache.hadoop.ozone.om.ratis.OzoneManagerStateMachine.runCommand(OzoneManagerStateMachine.java:567)
	at org.apache.hadoop.ozone.om.ratis.OzoneManagerStateMachine.lambda$1(OzoneManagerStateMachine.java:358)
	at java.util.concurrent.CompletableFuture$AsyncSupply.run(CompletableFuture.java:1604)
	at java.util.concurrent.ThreadPoolExecutor.runWorker(ThreadPoolExecutor.java:1149)
	at java.util.concurrent.ThreadPoolExecutor$Worker.run(ThreadPoolExecutor.java:624)
	at java.lang.Thread.run(Thread.java:750)
]]></system-out>
  </testcase>
  <testcase name="testMultipartUploadWithPartsLessThanMinSize" classname="org.apache.hadoop.ozone.client.rpc.TestSecureOzoneRpcClient" time="0.053">
    <system-out><![CDATA[2023-06-02 20:41:23,539 [main] INFO  rpc.RpcClient (RpcClient.java:createVolume(459)) - Creating Volume: 87aca03e-918e-4925-add6-92ea683860f4, with runner as owner and space quota set to -1 bytes, counts quota set to -1
2023-06-02 20:41:23,541 [OM StateMachine ApplyTransaction Thread - 0] INFO  volume.OMVolumeCreateRequest (OMVolumeCreateRequest.java:validateAndUpdateCache(196)) - created volume:87aca03e-918e-4925-add6-92ea683860f4 for user:runner
2023-06-02 20:41:23,543 [main] INFO  rpc.RpcClient (RpcClient.java:createBucket(686)) - Creating Bucket: 87aca03e-918e-4925-add6-92ea683860f4/308cf076-b667-4477-96f0-ded7ebec0aad, with server-side default bucket layout, runner as owner, Versioning false, Storage Type set to DISK and Encryption set to false, Replication Type set to server-side default replication type, Namespace Quota set to -1, Space Quota set to -1 
2023-06-02 20:41:23,545 [OM StateMachine ApplyTransaction Thread - 0] INFO  bucket.OMBucketCreateRequest (OMBucketCreateRequest.java:validateAndUpdateCache(270)) - created bucket: 308cf076-b667-4477-96f0-ded7ebec0aad of layout OBJECT_STORE in volume: 87aca03e-918e-4925-add6-92ea683860f4
2023-06-02 20:41:23,589 [OM StateMachine ApplyTransaction Thread - 0] ERROR multipart.S3MultipartUploadCompleteRequest (S3MultipartUploadCompleteRequest.java:getMultipartDataSize(521)) - MultipartUpload: /87aca03e-918e-4925-add6-92ea683860f4/308cf076-b667-4477-96f0-ded7ebec0aad/73c1980f-f194-42cc-9e1b-16175c481445 Part number: 1 size 4  is less than minimum part size 5242880
20:41:23.589 [OM StateMachine ApplyTransaction Thread - 0] ERROR OMAudit - user=runner | ip=127.0.0.1 | op=COMPLETE_MULTIPART_UPLOAD {volume=87aca03e-918e-4925-add6-92ea683860f4, bucket=308cf076-b667-4477-96f0-ded7ebec0aad, key=73c1980f-f194-42cc-9e1b-16175c481445, dataSize=0, replicationType=NONE, replicationFactor=ZERO, multipartList=[partNumber: 1 partName: "/87aca03e-918e-4925-add6-92ea683860f4/308cf076-b667-4477-96f0-ded7ebec0aad/73c1980f-f194-42cc-9e1b-16175c481445-bc6c553c-3cf5-4fa0-b156-63260b8de741-110476557257736439-1" , partNumber: 2 partName: "/87aca03e-918e-4925-add6-92ea683860f4/308cf076-b667-4477-96f0-ded7ebec0aad/73c1980f-f194-42cc-9e1b-16175c481445-bc6c553c-3cf5-4fa0-b156-63260b8de741-110476557257736439-2" ]} | ret=FAILURE
org.apache.hadoop.ozone.om.exceptions.OMException: Complete Multipart Upload Failed: volume: 87aca03e-918e-4925-add6-92ea683860f4 bucket: 308cf076-b667-4477-96f0-ded7ebec0aad key: 73c1980f-f194-42cc-9e1b-16175c481445. Entity too small.
	at org.apache.hadoop.ozone.om.request.s3.multipart.S3MultipartUploadCompleteRequest.getMultipartDataSize(S3MultipartUploadCompleteRequest.java:525) ~[ozone-manager-1.4.0-SNAPSHOT.jar:?]
	at org.apache.hadoop.ozone.om.request.s3.multipart.S3MultipartUploadCompleteRequest.validateAndUpdateCache(S3MultipartUploadCompleteRequest.java:195) ~[ozone-manager-1.4.0-SNAPSHOT.jar:?]
	at org.apache.hadoop.ozone.protocolPB.OzoneManagerRequestHandler.handleWriteRequest(OzoneManagerRequestHandler.java:338) ~[ozone-manager-1.4.0-SNAPSHOT.jar:?]
	at org.apache.hadoop.ozone.om.ratis.OzoneManagerStateMachine.runCommand(OzoneManagerStateMachine.java:567) ~[ozone-manager-1.4.0-SNAPSHOT.jar:?]
	at org.apache.hadoop.ozone.om.ratis.OzoneManagerStateMachine.lambda$1(OzoneManagerStateMachine.java:358) ~[ozone-manager-1.4.0-SNAPSHOT.jar:?]
	at java.util.concurrent.CompletableFuture$AsyncSupply.run(CompletableFuture.java:1604) [?:1.8.0_372]
	at java.util.concurrent.ThreadPoolExecutor.runWorker(ThreadPoolExecutor.java:1149) [?:1.8.0_372]
	at java.util.concurrent.ThreadPoolExecutor$Worker.run(ThreadPoolExecutor.java:624) [?:1.8.0_372]
	at java.lang.Thread.run(Thread.java:750) [?:1.8.0_372]
2023-06-02 20:41:23,590 [OM StateMachine ApplyTransaction Thread - 0] ERROR multipart.S3MultipartUploadCompleteRequest (S3MultipartUploadCompleteRequest.java:logResult(346)) - MultipartUpload Complete request failed for Key: 73c1980f-f194-42cc-9e1b-16175c481445 in Volume/Bucket 87aca03e-918e-4925-add6-92ea683860f4/308cf076-b667-4477-96f0-ded7ebec0aad
ENTITY_TOO_SMALL org.apache.hadoop.ozone.om.exceptions.OMException: Complete Multipart Upload Failed: volume: 87aca03e-918e-4925-add6-92ea683860f4 bucket: 308cf076-b667-4477-96f0-ded7ebec0aad key: 73c1980f-f194-42cc-9e1b-16175c481445. Entity too small.
	at org.apache.hadoop.ozone.om.request.s3.multipart.S3MultipartUploadCompleteRequest.getMultipartDataSize(S3MultipartUploadCompleteRequest.java:525)
	at org.apache.hadoop.ozone.om.request.s3.multipart.S3MultipartUploadCompleteRequest.validateAndUpdateCache(S3MultipartUploadCompleteRequest.java:195)
	at org.apache.hadoop.ozone.protocolPB.OzoneManagerRequestHandler.handleWriteRequest(OzoneManagerRequestHandler.java:338)
	at org.apache.hadoop.ozone.om.ratis.OzoneManagerStateMachine.runCommand(OzoneManagerStateMachine.java:567)
	at org.apache.hadoop.ozone.om.ratis.OzoneManagerStateMachine.lambda$1(OzoneManagerStateMachine.java:358)
	at java.util.concurrent.CompletableFuture$AsyncSupply.run(CompletableFuture.java:1604)
	at java.util.concurrent.ThreadPoolExecutor.runWorker(ThreadPoolExecutor.java:1149)
	at java.util.concurrent.ThreadPoolExecutor$Worker.run(ThreadPoolExecutor.java:624)
	at java.lang.Thread.run(Thread.java:750)
]]></system-out>
  </testcase>
  <testcase name="testMultipartUploadWithPartsMisMatchWithIncorrectPartName" classname="org.apache.hadoop.ozone.client.rpc.TestSecureOzoneRpcClient" time="0.032">
    <system-out><![CDATA[2023-06-02 20:41:23,592 [main] INFO  rpc.RpcClient (RpcClient.java:createVolume(459)) - Creating Volume: 66d2b3fd-a438-4596-bb10-bc1bb5b7a15f, with runner as owner and space quota set to -1 bytes, counts quota set to -1
2023-06-02 20:41:23,594 [OM StateMachine ApplyTransaction Thread - 0] INFO  volume.OMVolumeCreateRequest (OMVolumeCreateRequest.java:validateAndUpdateCache(196)) - created volume:66d2b3fd-a438-4596-bb10-bc1bb5b7a15f for user:runner
2023-06-02 20:41:23,595 [main] INFO  rpc.RpcClient (RpcClient.java:createBucket(686)) - Creating Bucket: 66d2b3fd-a438-4596-bb10-bc1bb5b7a15f/5167ce87-6d95-4221-86bd-3f582d0eaf10, with server-side default bucket layout, runner as owner, Versioning false, Storage Type set to DISK and Encryption set to false, Replication Type set to server-side default replication type, Namespace Quota set to -1, Space Quota set to -1 
2023-06-02 20:41:23,597 [OM StateMachine ApplyTransaction Thread - 0] INFO  bucket.OMBucketCreateRequest (OMBucketCreateRequest.java:validateAndUpdateCache(270)) - created bucket: 5167ce87-6d95-4221-86bd-3f582d0eaf10 of layout OBJECT_STORE in volume: 66d2b3fd-a438-4596-bb10-bc1bb5b7a15f
20:41:23.621 [OM StateMachine ApplyTransaction Thread - 0] ERROR OMAudit - user=runner | ip=127.0.0.1 | op=COMPLETE_MULTIPART_UPLOAD {volume=66d2b3fd-a438-4596-bb10-bc1bb5b7a15f, bucket=5167ce87-6d95-4221-86bd-3f582d0eaf10, key=a5b3577c-755a-4c6f-9d9f-005da025e9a2, dataSize=0, replicationType=NONE, replicationFactor=ZERO, multipartList=[partNumber: 1 partName: "c99b1c3c-4b74-4837-b2cf-51d576f5e1da" ]} | ret=FAILURE
org.apache.hadoop.ozone.om.exceptions.OMException: Complete Multipart Upload Failed: volume: 66d2b3fd-a438-4596-bb10-bc1bb5b7a15f bucket: 5167ce87-6d95-4221-86bd-3f582d0eaf10 key: a5b3577c-755a-4c6f-9d9f-005da025e9a2. Provided Part info is { c99b1c3c-4b74-4837-b2cf-51d576f5e1da, 1}, whereas OM has partName /66d2b3fd-a438-4596-bb10-bc1bb5b7a15f/5167ce87-6d95-4221-86bd-3f582d0eaf10/a5b3577c-755a-4c6f-9d9f-005da025e9a2-8da5b2ab-d91d-431a-8175-000a4b4bbb55-110476557261144314-1
	at org.apache.hadoop.ozone.om.request.s3.multipart.S3MultipartUploadCompleteRequest.getMultipartDataSize(S3MultipartUploadCompleteRequest.java:502) ~[ozone-manager-1.4.0-SNAPSHOT.jar:?]
	at org.apache.hadoop.ozone.om.request.s3.multipart.S3MultipartUploadCompleteRequest.validateAndUpdateCache(S3MultipartUploadCompleteRequest.java:195) ~[ozone-manager-1.4.0-SNAPSHOT.jar:?]
	at org.apache.hadoop.ozone.protocolPB.OzoneManagerRequestHandler.handleWriteRequest(OzoneManagerRequestHandler.java:338) ~[ozone-manager-1.4.0-SNAPSHOT.jar:?]
	at org.apache.hadoop.ozone.om.ratis.OzoneManagerStateMachine.runCommand(OzoneManagerStateMachine.java:567) ~[ozone-manager-1.4.0-SNAPSHOT.jar:?]
	at org.apache.hadoop.ozone.om.ratis.OzoneManagerStateMachine.lambda$1(OzoneManagerStateMachine.java:358) ~[ozone-manager-1.4.0-SNAPSHOT.jar:?]
	at java.util.concurrent.CompletableFuture$AsyncSupply.run(CompletableFuture.java:1604) [?:1.8.0_372]
	at java.util.concurrent.ThreadPoolExecutor.runWorker(ThreadPoolExecutor.java:1149) [?:1.8.0_372]
	at java.util.concurrent.ThreadPoolExecutor$Worker.run(ThreadPoolExecutor.java:624) [?:1.8.0_372]
	at java.lang.Thread.run(Thread.java:750) [?:1.8.0_372]
2023-06-02 20:41:23,622 [OM StateMachine ApplyTransaction Thread - 0] ERROR multipart.S3MultipartUploadCompleteRequest (S3MultipartUploadCompleteRequest.java:logResult(346)) - MultipartUpload Complete request failed for Key: a5b3577c-755a-4c6f-9d9f-005da025e9a2 in Volume/Bucket 66d2b3fd-a438-4596-bb10-bc1bb5b7a15f/5167ce87-6d95-4221-86bd-3f582d0eaf10
INVALID_PART org.apache.hadoop.ozone.om.exceptions.OMException: Complete Multipart Upload Failed: volume: 66d2b3fd-a438-4596-bb10-bc1bb5b7a15f bucket: 5167ce87-6d95-4221-86bd-3f582d0eaf10 key: a5b3577c-755a-4c6f-9d9f-005da025e9a2. Provided Part info is { c99b1c3c-4b74-4837-b2cf-51d576f5e1da, 1}, whereas OM has partName /66d2b3fd-a438-4596-bb10-bc1bb5b7a15f/5167ce87-6d95-4221-86bd-3f582d0eaf10/a5b3577c-755a-4c6f-9d9f-005da025e9a2-8da5b2ab-d91d-431a-8175-000a4b4bbb55-110476557261144314-1
	at org.apache.hadoop.ozone.om.request.s3.multipart.S3MultipartUploadCompleteRequest.getMultipartDataSize(S3MultipartUploadCompleteRequest.java:502)
	at org.apache.hadoop.ozone.om.request.s3.multipart.S3MultipartUploadCompleteRequest.validateAndUpdateCache(S3MultipartUploadCompleteRequest.java:195)
	at org.apache.hadoop.ozone.protocolPB.OzoneManagerRequestHandler.handleWriteRequest(OzoneManagerRequestHandler.java:338)
	at org.apache.hadoop.ozone.om.ratis.OzoneManagerStateMachine.runCommand(OzoneManagerStateMachine.java:567)
	at org.apache.hadoop.ozone.om.ratis.OzoneManagerStateMachine.lambda$1(OzoneManagerStateMachine.java:358)
	at java.util.concurrent.CompletableFuture$AsyncSupply.run(CompletableFuture.java:1604)
	at java.util.concurrent.ThreadPoolExecutor.runWorker(ThreadPoolExecutor.java:1149)
	at java.util.concurrent.ThreadPoolExecutor$Worker.run(ThreadPoolExecutor.java:624)
	at java.lang.Thread.run(Thread.java:750)
]]></system-out>
  </testcase>
  <testcase name="testMultipartUploadWithPartsMisMatchWithListSizeDifferent" classname="org.apache.hadoop.ozone.client.rpc.TestSecureOzoneRpcClient" time="0.013">
    <system-out><![CDATA[2023-06-02 20:41:23,624 [main] INFO  rpc.RpcClient (RpcClient.java:createVolume(459)) - Creating Volume: 8b1f343d-7891-418e-a31d-3074aaab18be, with runner as owner and space quota set to -1 bytes, counts quota set to -1
2023-06-02 20:41:23,626 [OM StateMachine ApplyTransaction Thread - 0] INFO  volume.OMVolumeCreateRequest (OMVolumeCreateRequest.java:validateAndUpdateCache(196)) - created volume:8b1f343d-7891-418e-a31d-3074aaab18be for user:runner
2023-06-02 20:41:23,627 [main] INFO  rpc.RpcClient (RpcClient.java:createBucket(686)) - Creating Bucket: 8b1f343d-7891-418e-a31d-3074aaab18be/4a02cb6f-ad1f-4483-aac6-5b956a179ffc, with server-side default bucket layout, runner as owner, Versioning false, Storage Type set to DISK and Encryption set to false, Replication Type set to server-side default replication type, Namespace Quota set to -1, Space Quota set to -1 
2023-06-02 20:41:23,629 [OM StateMachine ApplyTransaction Thread - 0] INFO  bucket.OMBucketCreateRequest (OMBucketCreateRequest.java:validateAndUpdateCache(270)) - created bucket: 4a02cb6f-ad1f-4483-aac6-5b956a179ffc of layout OBJECT_STORE in volume: 8b1f343d-7891-418e-a31d-3074aaab18be
2023-06-02 20:41:23,635 [OM StateMachine ApplyTransaction Thread - 0] ERROR multipart.S3MultipartUploadCompleteRequest (S3MultipartUploadCompleteRequest.java:validateAndUpdateCache(181)) - Complete MultipartUpload failed for key /8b1f343d-7891-418e-a31d-3074aaab18be/4a02cb6f-ad1f-4483-aac6-5b956a179ffc/3ebff416-f092-4978-8e50-de0d7f14c757 , MPU Key has no parts in OM, parts given to upload are [partNumber: 1
partName: "1dffa5c0-734b-4662-a3a6-e7da1a1b0fb3"
]
20:41:23.635 [OM StateMachine ApplyTransaction Thread - 0] ERROR OMAudit - user=runner | ip=127.0.0.1 | op=COMPLETE_MULTIPART_UPLOAD {volume=8b1f343d-7891-418e-a31d-3074aaab18be, bucket=4a02cb6f-ad1f-4483-aac6-5b956a179ffc, key=3ebff416-f092-4978-8e50-de0d7f14c757, dataSize=0, replicationType=NONE, replicationFactor=ZERO, multipartList=[partNumber: 1 partName: "1dffa5c0-734b-4662-a3a6-e7da1a1b0fb3" ]} | ret=FAILURE
org.apache.hadoop.ozone.om.exceptions.OMException: Complete Multipart Upload Failed: volume: 8b1f343d-7891-418e-a31d-3074aaab18be bucket: 4a02cb6f-ad1f-4483-aac6-5b956a179ffc key: 3ebff416-f092-4978-8e50-de0d7f14c757
	at org.apache.hadoop.ozone.om.request.s3.multipart.S3MultipartUploadCompleteRequest.validateAndUpdateCache(S3MultipartUploadCompleteRequest.java:184) ~[ozone-manager-1.4.0-SNAPSHOT.jar:?]
	at org.apache.hadoop.ozone.protocolPB.OzoneManagerRequestHandler.handleWriteRequest(OzoneManagerRequestHandler.java:338) ~[ozone-manager-1.4.0-SNAPSHOT.jar:?]
	at org.apache.hadoop.ozone.om.ratis.OzoneManagerStateMachine.runCommand(OzoneManagerStateMachine.java:567) ~[ozone-manager-1.4.0-SNAPSHOT.jar:?]
	at org.apache.hadoop.ozone.om.ratis.OzoneManagerStateMachine.lambda$1(OzoneManagerStateMachine.java:358) ~[ozone-manager-1.4.0-SNAPSHOT.jar:?]
	at java.util.concurrent.CompletableFuture$AsyncSupply.run(CompletableFuture.java:1604) [?:1.8.0_372]
	at java.util.concurrent.ThreadPoolExecutor.runWorker(ThreadPoolExecutor.java:1149) [?:1.8.0_372]
	at java.util.concurrent.ThreadPoolExecutor$Worker.run(ThreadPoolExecutor.java:624) [?:1.8.0_372]
	at java.lang.Thread.run(Thread.java:750) [?:1.8.0_372]
2023-06-02 20:41:23,636 [OM StateMachine ApplyTransaction Thread - 0] ERROR multipart.S3MultipartUploadCompleteRequest (S3MultipartUploadCompleteRequest.java:logResult(346)) - MultipartUpload Complete request failed for Key: 3ebff416-f092-4978-8e50-de0d7f14c757 in Volume/Bucket 8b1f343d-7891-418e-a31d-3074aaab18be/4a02cb6f-ad1f-4483-aac6-5b956a179ffc
INVALID_PART org.apache.hadoop.ozone.om.exceptions.OMException: Complete Multipart Upload Failed: volume: 8b1f343d-7891-418e-a31d-3074aaab18be bucket: 4a02cb6f-ad1f-4483-aac6-5b956a179ffc key: 3ebff416-f092-4978-8e50-de0d7f14c757
	at org.apache.hadoop.ozone.om.request.s3.multipart.S3MultipartUploadCompleteRequest.validateAndUpdateCache(S3MultipartUploadCompleteRequest.java:184)
	at org.apache.hadoop.ozone.protocolPB.OzoneManagerRequestHandler.handleWriteRequest(OzoneManagerRequestHandler.java:338)
	at org.apache.hadoop.ozone.om.ratis.OzoneManagerStateMachine.runCommand(OzoneManagerStateMachine.java:567)
	at org.apache.hadoop.ozone.om.ratis.OzoneManagerStateMachine.lambda$1(OzoneManagerStateMachine.java:358)
	at java.util.concurrent.CompletableFuture$AsyncSupply.run(CompletableFuture.java:1604)
	at java.util.concurrent.ThreadPoolExecutor.runWorker(ThreadPoolExecutor.java:1149)
	at java.util.concurrent.ThreadPoolExecutor$Worker.run(ThreadPoolExecutor.java:624)
	at java.lang.Thread.run(Thread.java:750)
]]></system-out>
  </testcase>
  <testcase name="testNativeAclsForBucket" classname="org.apache.hadoop.ozone.client.rpc.TestSecureOzoneRpcClient" time="0.103">
    <system-out><![CDATA[2023-06-02 20:41:23,637 [main] INFO  rpc.RpcClient (RpcClient.java:createVolume(459)) - Creating Volume: 15e7c715-d12e-4610-9761-cb2a7b0f39a8, with runner as owner and space quota set to -1 bytes, counts quota set to -1
2023-06-02 20:41:23,639 [OM StateMachine ApplyTransaction Thread - 0] INFO  volume.OMVolumeCreateRequest (OMVolumeCreateRequest.java:validateAndUpdateCache(196)) - created volume:15e7c715-d12e-4610-9761-cb2a7b0f39a8 for user:runner
2023-06-02 20:41:23,640 [main] INFO  rpc.RpcClient (RpcClient.java:createBucket(686)) - Creating Bucket: 15e7c715-d12e-4610-9761-cb2a7b0f39a8/d3c5f4e4-3747-4c87-b5c4-7c6da8b43d1b, with server-side default bucket layout, runner as owner, Versioning false, Storage Type set to DISK and Encryption set to false, Replication Type set to server-side default replication type, Namespace Quota set to -1, Space Quota set to -1 
2023-06-02 20:41:23,643 [OM StateMachine ApplyTransaction Thread - 0] INFO  bucket.OMBucketCreateRequest (OMBucketCreateRequest.java:validateAndUpdateCache(270)) - created bucket: d3c5f4e4-3747-4c87-b5c4-7c6da8b43d1b of layout OBJECT_STORE in volume: 15e7c715-d12e-4610-9761-cb2a7b0f39a8
2023-06-02 20:41:23,736 [main] INFO  rpc.RpcClient (RpcClient.java:createBucket(686)) - Creating Bucket: 15e7c715-d12e-4610-9761-cb2a7b0f39a8/d3c5f4e4-3747-4c87-b5c4-7c6da8b43d1b, with server-side default bucket layout, runner as owner, Versioning false, Storage Type set to DISK and Encryption set to false, Replication Type set to server-side default replication type, Namespace Quota set to -1, Space Quota set to -1 
2023-06-02 20:41:23,738 [OM StateMachine ApplyTransaction Thread - 0] INFO  bucket.OMBucketCreateRequest (OMBucketCreateRequest.java:validateAndUpdateCache(270)) - created bucket: d3c5f4e4-3747-4c87-b5c4-7c6da8b43d1b of layout OBJECT_STORE in volume: 15e7c715-d12e-4610-9761-cb2a7b0f39a8
]]></system-out>
  </testcase>
  <testcase name="testNativeAclsForKey" classname="org.apache.hadoop.ozone.client.rpc.TestSecureOzoneRpcClient" time="0.237">
    <system-out><![CDATA[2023-06-02 20:41:23,741 [main] INFO  rpc.RpcClient (RpcClient.java:createVolume(459)) - Creating Volume: 9be962b5-952c-45f6-9c80-461826069ba3, with runner as owner and space quota set to -1 bytes, counts quota set to -1
2023-06-02 20:41:23,743 [OM StateMachine ApplyTransaction Thread - 0] INFO  volume.OMVolumeCreateRequest (OMVolumeCreateRequest.java:validateAndUpdateCache(196)) - created volume:9be962b5-952c-45f6-9c80-461826069ba3 for user:runner
2023-06-02 20:41:23,744 [main] INFO  rpc.RpcClient (RpcClient.java:createBucket(686)) - Creating Bucket: 9be962b5-952c-45f6-9c80-461826069ba3/81fe0a00-2552-451e-a991-26116b182a83, with server-side default bucket layout, runner as owner, Versioning false, Storage Type set to DISK and Encryption set to false, Replication Type set to server-side default replication type, Namespace Quota set to -1, Space Quota set to -1 
2023-06-02 20:41:23,746 [OM StateMachine ApplyTransaction Thread - 0] INFO  bucket.OMBucketCreateRequest (OMBucketCreateRequest.java:validateAndUpdateCache(270)) - created bucket: 81fe0a00-2552-451e-a991-26116b182a83 of layout OBJECT_STORE in volume: 9be962b5-952c-45f6-9c80-461826069ba3
]]></system-out>
  </testcase>
  <testcase name="testNativeAclsForPrefix" classname="org.apache.hadoop.ozone.client.rpc.TestSecureOzoneRpcClient" time="0.125">
    <system-out><![CDATA[2023-06-02 20:41:23,979 [main] INFO  rpc.RpcClient (RpcClient.java:createVolume(459)) - Creating Volume: f9cc613a-1e56-4677-9919-aac73dfacf40, with runner as owner and space quota set to -1 bytes, counts quota set to -1
2023-06-02 20:41:23,981 [OM StateMachine ApplyTransaction Thread - 0] INFO  volume.OMVolumeCreateRequest (OMVolumeCreateRequest.java:validateAndUpdateCache(196)) - created volume:f9cc613a-1e56-4677-9919-aac73dfacf40 for user:runner
2023-06-02 20:41:23,982 [main] INFO  rpc.RpcClient (RpcClient.java:createBucket(686)) - Creating Bucket: f9cc613a-1e56-4677-9919-aac73dfacf40/5f2ad0f7-1723-4bb2-bd4c-bcb5f7e37e2b, with server-side default bucket layout, runner as owner, Versioning false, Storage Type set to DISK and Encryption set to false, Replication Type set to server-side default replication type, Namespace Quota set to -1, Space Quota set to -1 
2023-06-02 20:41:23,985 [OM StateMachine ApplyTransaction Thread - 0] INFO  bucket.OMBucketCreateRequest (OMBucketCreateRequest.java:validateAndUpdateCache(270)) - created bucket: 5f2ad0f7-1723-4bb2-bd4c-bcb5f7e37e2b of layout OBJECT_STORE in volume: f9cc613a-1e56-4677-9919-aac73dfacf40
]]></system-out>
  </testcase>
  <testcase name="testNativeAclsForVolume" classname="org.apache.hadoop.ozone.client.rpc.TestSecureOzoneRpcClient" time="0.071">
    <system-out><![CDATA[2023-06-02 20:41:24,104 [main] INFO  rpc.RpcClient (RpcClient.java:createVolume(459)) - Creating Volume: 384d7289-9732-4abb-bcc2-fda9514550d0, with runner as owner and space quota set to -1 bytes, counts quota set to -1
2023-06-02 20:41:24,106 [OM StateMachine ApplyTransaction Thread - 0] INFO  volume.OMVolumeCreateRequest (OMVolumeCreateRequest.java:validateAndUpdateCache(196)) - created volume:384d7289-9732-4abb-bcc2-fda9514550d0 for user:runner
]]></system-out>
  </testcase>
  <testcase name="testNoSuchUploadError" classname="org.apache.hadoop.ozone.client.rpc.TestSecureOzoneRpcClient" time="0.011">
    <system-out><![CDATA[2023-06-02 20:41:24,175 [main] INFO  rpc.RpcClient (RpcClient.java:createVolume(459)) - Creating Volume: 236b7649-7ff8-4754-a32c-9bec3744d23c, with runner as owner and space quota set to -1 bytes, counts quota set to -1
2023-06-02 20:41:24,177 [OM StateMachine ApplyTransaction Thread - 0] INFO  volume.OMVolumeCreateRequest (OMVolumeCreateRequest.java:validateAndUpdateCache(196)) - created volume:236b7649-7ff8-4754-a32c-9bec3744d23c for user:runner
2023-06-02 20:41:24,178 [main] INFO  rpc.RpcClient (RpcClient.java:createBucket(686)) - Creating Bucket: 236b7649-7ff8-4754-a32c-9bec3744d23c/aca4f80d-9871-4ffb-a6c6-13d313c40dfe, with server-side default bucket layout, runner as owner, Versioning false, Storage Type set to DISK and Encryption set to false, Replication Type set to server-side default replication type, Namespace Quota set to -1, Space Quota set to -1 
2023-06-02 20:41:24,180 [OM StateMachine ApplyTransaction Thread - 0] INFO  bucket.OMBucketCreateRequest (OMBucketCreateRequest.java:validateAndUpdateCache(270)) - created bucket: aca4f80d-9871-4ffb-a6c6-13d313c40dfe of layout OBJECT_STORE in volume: 236b7649-7ff8-4754-a32c-9bec3744d23c
20:41:24.184 [OM StateMachine ApplyTransaction Thread - 0] ERROR OMAudit - user=runner | ip=127.0.0.1 | op=ALLOCATE_KEY {volume=236b7649-7ff8-4754-a32c-9bec3744d23c, bucket=aca4f80d-9871-4ffb-a6c6-13d313c40dfe, key=bf3b04f8-b0b8-413c-bda3-88d2373b85f7, dataSize=12, replicationType=NONE, replicationFactor=ZERO} | ret=FAILURE
org.apache.hadoop.ozone.om.exceptions.OMException: No such Multipart upload is with specified uploadId random
	at org.apache.hadoop.ozone.om.request.key.OMKeyRequest.prepareMultipartFileInfo(OMKeyRequest.java:765) ~[ozone-manager-1.4.0-SNAPSHOT.jar:?]
	at org.apache.hadoop.ozone.om.request.key.OMKeyRequest.prepareFileInfo(OMKeyRequest.java:652) ~[ozone-manager-1.4.0-SNAPSHOT.jar:?]
	at org.apache.hadoop.ozone.om.request.key.OMKeyRequest.prepareKeyInfo(OMKeyRequest.java:629) ~[ozone-manager-1.4.0-SNAPSHOT.jar:?]
	at org.apache.hadoop.ozone.om.request.key.OMKeyCreateRequest.validateAndUpdateCache(OMKeyCreateRequest.java:277) ~[ozone-manager-1.4.0-SNAPSHOT.jar:?]
	at org.apache.hadoop.ozone.protocolPB.OzoneManagerRequestHandler.handleWriteRequest(OzoneManagerRequestHandler.java:338) ~[ozone-manager-1.4.0-SNAPSHOT.jar:?]
	at org.apache.hadoop.ozone.om.ratis.OzoneManagerStateMachine.runCommand(OzoneManagerStateMachine.java:567) ~[ozone-manager-1.4.0-SNAPSHOT.jar:?]
	at org.apache.hadoop.ozone.om.ratis.OzoneManagerStateMachine.lambda$1(OzoneManagerStateMachine.java:358) ~[ozone-manager-1.4.0-SNAPSHOT.jar:?]
	at java.util.concurrent.CompletableFuture$AsyncSupply.run(CompletableFuture.java:1604) [?:1.8.0_372]
	at java.util.concurrent.ThreadPoolExecutor.runWorker(ThreadPoolExecutor.java:1149) [?:1.8.0_372]
	at java.util.concurrent.ThreadPoolExecutor$Worker.run(ThreadPoolExecutor.java:624) [?:1.8.0_372]
	at java.lang.Thread.run(Thread.java:750) [?:1.8.0_372]
2023-06-02 20:41:24,185 [OM StateMachine ApplyTransaction Thread - 0] ERROR key.OMKeyCreateRequest (OMKeyCreateRequest.java:logResult(380)) - Key creation failed. Volume:236b7649-7ff8-4754-a32c-9bec3744d23c, Bucket:aca4f80d-9871-4ffb-a6c6-13d313c40dfe, Key:bf3b04f8-b0b8-413c-bda3-88d2373b85f7. 
NO_SUCH_MULTIPART_UPLOAD_ERROR org.apache.hadoop.ozone.om.exceptions.OMException: No such Multipart upload is with specified uploadId random
	at org.apache.hadoop.ozone.om.request.key.OMKeyRequest.prepareMultipartFileInfo(OMKeyRequest.java:765)
	at org.apache.hadoop.ozone.om.request.key.OMKeyRequest.prepareFileInfo(OMKeyRequest.java:652)
	at org.apache.hadoop.ozone.om.request.key.OMKeyRequest.prepareKeyInfo(OMKeyRequest.java:629)
	at org.apache.hadoop.ozone.om.request.key.OMKeyCreateRequest.validateAndUpdateCache(OMKeyCreateRequest.java:277)
	at org.apache.hadoop.ozone.protocolPB.OzoneManagerRequestHandler.handleWriteRequest(OzoneManagerRequestHandler.java:338)
	at org.apache.hadoop.ozone.om.ratis.OzoneManagerStateMachine.runCommand(OzoneManagerStateMachine.java:567)
	at org.apache.hadoop.ozone.om.ratis.OzoneManagerStateMachine.lambda$1(OzoneManagerStateMachine.java:358)
	at java.util.concurrent.CompletableFuture$AsyncSupply.run(CompletableFuture.java:1604)
	at java.util.concurrent.ThreadPoolExecutor.runWorker(ThreadPoolExecutor.java:1149)
	at java.util.concurrent.ThreadPoolExecutor$Worker.run(ThreadPoolExecutor.java:624)
	at java.lang.Thread.run(Thread.java:750)
]]></system-out>
  </testcase>
  <testcase name="testOMClientProxyProvider" classname="org.apache.hadoop.ozone.client.rpc.TestSecureOzoneRpcClient" time="0.002"/>
  <testcase name="testOverWriteKeyWithAndWithOutVersioning" classname="org.apache.hadoop.ozone.client.rpc.TestSecureOzoneRpcClient" time="0.817">
    <failure type="java.lang.AssertionError"><![CDATA[java.lang.AssertionError
	at org.junit.Assert.fail(Assert.java:87)
	at org.junit.Assert.assertTrue(Assert.java:42)
	at org.junit.Assert.assertTrue(Assert.java:53)
	at org.apache.hadoop.ozone.client.rpc.TestOzoneRpcClientAbstract.checkExceptedResultForVersioningTest(TestOzoneRpcClientAbstract.java:4060)
	at org.apache.hadoop.ozone.client.rpc.TestOzoneRpcClientAbstract.testOverWriteKeyWithAndWithOutVersioning(TestOzoneRpcClientAbstract.java:4083)
	at sun.reflect.NativeMethodAccessorImpl.invoke0(Native Method)
	at sun.reflect.NativeMethodAccessorImpl.invoke(NativeMethodAccessorImpl.java:62)
	at sun.reflect.DelegatingMethodAccessorImpl.invoke(DelegatingMethodAccessorImpl.java:43)
	at java.lang.reflect.Method.invoke(Method.java:498)
	at org.junit.platform.commons.util.ReflectionUtils.invokeMethod(ReflectionUtils.java:725)
	at org.junit.jupiter.engine.execution.MethodInvocation.proceed(MethodInvocation.java:60)
	at org.junit.jupiter.engine.execution.InvocationInterceptorChain$ValidatingInvocation.proceed(InvocationInterceptorChain.java:131)
	at org.junit.jupiter.engine.extension.TimeoutInvocation.proceed(TimeoutInvocation.java:46)
	at org.junit.jupiter.engine.extension.TimeoutExtension.intercept(TimeoutExtension.java:149)
	at org.junit.jupiter.engine.extension.TimeoutExtension.interceptTestableMethod(TimeoutExtension.java:140)
	at org.junit.jupiter.engine.extension.TimeoutExtension.interceptTestMethod(TimeoutExtension.java:84)
	at org.junit.jupiter.engine.execution.ExecutableInvoker$ReflectiveInterceptorCall.lambda$ofVoidMethod$0(ExecutableInvoker.java:115)
	at org.junit.jupiter.engine.execution.ExecutableInvoker.lambda$invoke$0(ExecutableInvoker.java:105)
	at org.junit.jupiter.engine.execution.InvocationInterceptorChain$InterceptedInvocation.proceed(InvocationInterceptorChain.java:106)
	at org.junit.jupiter.engine.execution.InvocationInterceptorChain.proceed(InvocationInterceptorChain.java:64)
	at org.junit.jupiter.engine.execution.InvocationInterceptorChain.chainAndInvoke(InvocationInterceptorChain.java:45)
	at org.junit.jupiter.engine.execution.InvocationInterceptorChain.invoke(InvocationInterceptorChain.java:37)
	at org.junit.jupiter.engine.execution.ExecutableInvoker.invoke(ExecutableInvoker.java:104)
	at org.junit.jupiter.engine.execution.ExecutableInvoker.invoke(ExecutableInvoker.java:98)
	at org.junit.jupiter.engine.descriptor.TestMethodTestDescriptor.lambda$invokeTestMethod$7(TestMethodTestDescriptor.java:214)
	at org.junit.platform.engine.support.hierarchical.ThrowableCollector.execute(ThrowableCollector.java:73)
	at org.junit.jupiter.engine.descriptor.TestMethodTestDescriptor.invokeTestMethod(TestMethodTestDescriptor.java:210)
	at org.junit.jupiter.engine.descriptor.TestMethodTestDescriptor.execute(TestMethodTestDescriptor.java:135)
	at org.junit.jupiter.engine.descriptor.TestMethodTestDescriptor.execute(TestMethodTestDescriptor.java:66)
	at org.junit.platform.engine.support.hierarchical.NodeTestTask.lambda$executeRecursively$6(NodeTestTask.java:151)
	at org.junit.platform.engine.support.hierarchical.ThrowableCollector.execute(ThrowableCollector.java:73)
	at org.junit.platform.engine.support.hierarchical.NodeTestTask.lambda$executeRecursively$8(NodeTestTask.java:141)
	at org.junit.platform.engine.support.hierarchical.Node.around(Node.java:137)
	at org.junit.platform.engine.support.hierarchical.NodeTestTask.lambda$executeRecursively$9(NodeTestTask.java:139)
	at org.junit.platform.engine.support.hierarchical.ThrowableCollector.execute(ThrowableCollector.java:73)
	at org.junit.platform.engine.support.hierarchical.NodeTestTask.executeRecursively(NodeTestTask.java:138)
	at org.junit.platform.engine.support.hierarchical.NodeTestTask.execute(NodeTestTask.java:95)
	at java.util.ArrayList.forEach(ArrayList.java:1259)
	at org.junit.platform.engine.support.hierarchical.SameThreadHierarchicalTestExecutorService.invokeAll(SameThreadHierarchicalTestExecutorService.java:41)
	at org.junit.platform.engine.support.hierarchical.NodeTestTask.lambda$executeRecursively$6(NodeTestTask.java:155)
	at org.junit.platform.engine.support.hierarchical.ThrowableCollector.execute(ThrowableCollector.java:73)
	at org.junit.platform.engine.support.hierarchical.NodeTestTask.lambda$executeRecursively$8(NodeTestTask.java:141)
	at org.junit.platform.engine.support.hierarchical.Node.around(Node.java:137)
	at org.junit.platform.engine.support.hierarchical.NodeTestTask.lambda$executeRecursively$9(NodeTestTask.java:139)
	at org.junit.platform.engine.support.hierarchical.ThrowableCollector.execute(ThrowableCollector.java:73)
	at org.junit.platform.engine.support.hierarchical.NodeTestTask.executeRecursively(NodeTestTask.java:138)
	at org.junit.platform.engine.support.hierarchical.NodeTestTask.execute(NodeTestTask.java:95)
	at java.util.ArrayList.forEach(ArrayList.java:1259)
	at org.junit.platform.engine.support.hierarchical.SameThreadHierarchicalTestExecutorService.invokeAll(SameThreadHierarchicalTestExecutorService.java:41)
	at org.junit.platform.engine.support.hierarchical.NodeTestTask.lambda$executeRecursively$6(NodeTestTask.java:155)
	at org.junit.platform.engine.support.hierarchical.ThrowableCollector.execute(ThrowableCollector.java:73)
	at org.junit.platform.engine.support.hierarchical.NodeTestTask.lambda$executeRecursively$8(NodeTestTask.java:141)
	at org.junit.platform.engine.support.hierarchical.Node.around(Node.java:137)
	at org.junit.platform.engine.support.hierarchical.NodeTestTask.lambda$executeRecursively$9(NodeTestTask.java:139)
	at org.junit.platform.engine.support.hierarchical.ThrowableCollector.execute(ThrowableCollector.java:73)
	at org.junit.platform.engine.support.hierarchical.NodeTestTask.executeRecursively(NodeTestTask.java:138)
	at org.junit.platform.engine.support.hierarchical.NodeTestTask.execute(NodeTestTask.java:95)
	at org.junit.platform.engine.support.hierarchical.SameThreadHierarchicalTestExecutorService.submit(SameThreadHierarchicalTestExecutorService.java:35)
	at org.junit.platform.engine.support.hierarchical.HierarchicalTestExecutor.execute(HierarchicalTestExecutor.java:57)
	at org.junit.platform.engine.support.hierarchical.HierarchicalTestEngine.execute(HierarchicalTestEngine.java:54)
	at org.junit.platform.launcher.core.EngineExecutionOrchestrator.execute(EngineExecutionOrchestrator.java:107)
	at org.junit.platform.launcher.core.EngineExecutionOrchestrator.execute(EngineExecutionOrchestrator.java:88)
	at org.junit.platform.launcher.core.EngineExecutionOrchestrator.lambda$execute$0(EngineExecutionOrchestrator.java:54)
	at org.junit.platform.launcher.core.EngineExecutionOrchestrator.withInterceptedStreams(EngineExecutionOrchestrator.java:67)
	at org.junit.platform.launcher.core.EngineExecutionOrchestrator.execute(EngineExecutionOrchestrator.java:52)
	at org.junit.platform.launcher.core.DefaultLauncher.execute(DefaultLauncher.java:114)
	at org.junit.platform.launcher.core.DefaultLauncher.execute(DefaultLauncher.java:86)
	at org.junit.platform.launcher.core.DefaultLauncherSession$DelegatingLauncher.execute(DefaultLauncherSession.java:86)
	at org.junit.platform.launcher.core.SessionPerRequestLauncher.execute(SessionPerRequestLauncher.java:53)
	at org.apache.maven.surefire.junitplatform.JUnitPlatformProvider.execute(JUnitPlatformProvider.java:188)
	at org.apache.maven.surefire.junitplatform.JUnitPlatformProvider.invokeAllTests(JUnitPlatformProvider.java:154)
	at org.apache.maven.surefire.junitplatform.JUnitPlatformProvider.invoke(JUnitPlatformProvider.java:124)
	at org.apache.maven.surefire.booter.ForkedBooter.runSuitesInProcess(ForkedBooter.java:428)
	at org.apache.maven.surefire.booter.ForkedBooter.execute(ForkedBooter.java:162)
	at org.apache.maven.surefire.booter.ForkedBooter.run(ForkedBooter.java:562)
	at org.apache.maven.surefire.booter.ForkedBooter.main(ForkedBooter.java:548)
]]></failure>
    <system-out><![CDATA[2023-06-02 20:41:24,188 [main] INFO  rpc.RpcClient (RpcClient.java:createVolume(459)) - Creating Volume: dd26f734-0622-40ba-819d-eedcbee2eeb5, with runner as owner and space quota set to -1 bytes, counts quota set to -1
2023-06-02 20:41:24,195 [OM StateMachine ApplyTransaction Thread - 0] INFO  volume.OMVolumeCreateRequest (OMVolumeCreateRequest.java:validateAndUpdateCache(196)) - created volume:dd26f734-0622-40ba-819d-eedcbee2eeb5 for user:runner
2023-06-02 20:41:24,197 [main] INFO  rpc.RpcClient (RpcClient.java:createBucket(686)) - Creating Bucket: dd26f734-0622-40ba-819d-eedcbee2eeb5/b87b02fd-63e6-422f-a04f-ccff7d244a35, with bucket layout OBJECT_STORE, runner as owner, Versioning false, Storage Type set to DISK and Encryption set to false, Replication Type set to server-side default replication type, Namespace Quota set to -1, Space Quota set to -1 
2023-06-02 20:41:24,199 [OM StateMachine ApplyTransaction Thread - 0] INFO  bucket.OMBucketCreateRequest (OMBucketCreateRequest.java:validateAndUpdateCache(270)) - created bucket: b87b02fd-63e6-422f-a04f-ccff7d244a35 of layout OBJECT_STORE in volume: dd26f734-0622-40ba-819d-eedcbee2eeb5
2023-06-02 20:41:24,948 [SstFilteringService#0] WARN  server.ServerUtils (ServerUtils.java:getDBPath(311)) - ozone.om.db.dirs is not configured. We recommend adding this setting. Falling back to ozone.metadata.dirs instead.
2023-06-02 20:41:24,949 [SstFilteringService#0] INFO  helpers.OmKeyInfo (OmKeyInfo.java:getCodec(71)) - OmKeyInfo.getCodec ignorePipeline = true
2023-06-02 20:41:24,955 [IPC Server handler 3 on default port 15001] INFO  ha.SequenceIdGenerator (SequenceIdGenerator.java:getNextId(128)) - Allocate a batch for delTxnId, change lastId from 0 to 1000.
]]></system-out>
  </testcase>
  <testcase name="testPutKey" classname="org.apache.hadoop.ozone.client.rpc.TestSecureOzoneRpcClient" time="0.427">
    <system-out><![CDATA[2023-06-02 20:41:25,015 [main] INFO  rpc.RpcClient (RpcClient.java:createVolume(459)) - Creating Volume: 9476542e-4990-45c5-8cd5-1d0de78e2eda, with runner as owner and space quota set to -1 bytes, counts quota set to -1
2023-06-02 20:41:25,018 [OM StateMachine ApplyTransaction Thread - 0] INFO  volume.OMVolumeCreateRequest (OMVolumeCreateRequest.java:validateAndUpdateCache(196)) - created volume:9476542e-4990-45c5-8cd5-1d0de78e2eda for user:runner
2023-06-02 20:41:25,020 [main] INFO  rpc.RpcClient (RpcClient.java:createBucket(686)) - Creating Bucket: 9476542e-4990-45c5-8cd5-1d0de78e2eda/845bcb9d-54e9-444e-8853-50ca5a3872ee, with server-side default bucket layout, runner as owner, Versioning false, Storage Type set to DISK and Encryption set to false, Replication Type set to server-side default replication type, Namespace Quota set to -1, Space Quota set to -1 
2023-06-02 20:41:25,023 [OM StateMachine ApplyTransaction Thread - 0] INFO  bucket.OMBucketCreateRequest (OMBucketCreateRequest.java:validateAndUpdateCache(270)) - created bucket: 845bcb9d-54e9-444e-8853-50ca5a3872ee of layout OBJECT_STORE in volume: 9476542e-4990-45c5-8cd5-1d0de78e2eda
2023-06-02 20:41:25,048 [IPC Server handler 6 on default port 15001] WARN  node.SCMNodeManager (SCMNodeManager.java:getNodesByAddress(1381)) - Cannot find node for address 127.0.0.1
2023-06-02 20:41:25,052 [IPC Server handler 0 on default port 15001] WARN  node.SCMNodeManager (SCMNodeManager.java:getNodesByAddress(1381)) - Cannot find node for address 127.0.0.1
2023-06-02 20:41:25,100 [SstFilteringService#0] WARN  server.ServerUtils (ServerUtils.java:getDBPath(311)) - ozone.om.db.dirs is not configured. We recommend adding this setting. Falling back to ozone.metadata.dirs instead.
2023-06-02 20:41:25,102 [IPC Server handler 9 on default port 15001] WARN  node.SCMNodeManager (SCMNodeManager.java:getNodesByAddress(1381)) - Cannot find node for address 127.0.0.1
2023-06-02 20:41:25,102 [SstFilteringService#0] INFO  helpers.OmKeyInfo (OmKeyInfo.java:getCodec(71)) - OmKeyInfo.getCodec ignorePipeline = true
2023-06-02 20:41:25,106 [IPC Server handler 12 on default port 15001] WARN  node.SCMNodeManager (SCMNodeManager.java:getNodesByAddress(1381)) - Cannot find node for address 127.0.0.1
2023-06-02 20:41:25,137 [IPC Server handler 11 on default port 15001] WARN  node.SCMNodeManager (SCMNodeManager.java:getNodesByAddress(1381)) - Cannot find node for address 127.0.0.1
2023-06-02 20:41:25,142 [IPC Server handler 18 on default port 15001] WARN  node.SCMNodeManager (SCMNodeManager.java:getNodesByAddress(1381)) - Cannot find node for address 127.0.0.1
2023-06-02 20:41:25,185 [IPC Server handler 2 on default port 15001] WARN  node.SCMNodeManager (SCMNodeManager.java:getNodesByAddress(1381)) - Cannot find node for address 127.0.0.1
2023-06-02 20:41:25,190 [IPC Server handler 16 on default port 15001] WARN  node.SCMNodeManager (SCMNodeManager.java:getNodesByAddress(1381)) - Cannot find node for address 127.0.0.1
2023-06-02 20:41:25,236 [IPC Server handler 17 on default port 15001] WARN  node.SCMNodeManager (SCMNodeManager.java:getNodesByAddress(1381)) - Cannot find node for address 127.0.0.1
2023-06-02 20:41:25,240 [IPC Server handler 14 on default port 15001] WARN  node.SCMNodeManager (SCMNodeManager.java:getNodesByAddress(1381)) - Cannot find node for address 127.0.0.1
2023-06-02 20:41:25,268 [IPC Server handler 19 on default port 15001] WARN  node.SCMNodeManager (SCMNodeManager.java:getNodesByAddress(1381)) - Cannot find node for address 127.0.0.1
2023-06-02 20:41:25,274 [IPC Server handler 3 on default port 15001] WARN  node.SCMNodeManager (SCMNodeManager.java:getNodesByAddress(1381)) - Cannot find node for address 127.0.0.1
2023-06-02 20:41:25,308 [IPC Server handler 10 on default port 15001] WARN  node.SCMNodeManager (SCMNodeManager.java:getNodesByAddress(1381)) - Cannot find node for address 127.0.0.1
2023-06-02 20:41:25,313 [IPC Server handler 5 on default port 15001] WARN  node.SCMNodeManager (SCMNodeManager.java:getNodesByAddress(1381)) - Cannot find node for address 127.0.0.1
2023-06-02 20:41:25,344 [IPC Server handler 0 on default port 15001] WARN  node.SCMNodeManager (SCMNodeManager.java:getNodesByAddress(1381)) - Cannot find node for address 127.0.0.1
2023-06-02 20:41:25,348 [IPC Server handler 7 on default port 15001] WARN  node.SCMNodeManager (SCMNodeManager.java:getNodesByAddress(1381)) - Cannot find node for address 127.0.0.1
2023-06-02 20:41:25,384 [IPC Server handler 12 on default port 15001] WARN  node.SCMNodeManager (SCMNodeManager.java:getNodesByAddress(1381)) - Cannot find node for address 127.0.0.1
2023-06-02 20:41:25,390 [IPC Server handler 8 on default port 15001] WARN  node.SCMNodeManager (SCMNodeManager.java:getNodesByAddress(1381)) - Cannot find node for address 127.0.0.1
2023-06-02 20:41:25,428 [IPC Server handler 18 on default port 15001] WARN  node.SCMNodeManager (SCMNodeManager.java:getNodesByAddress(1381)) - Cannot find node for address 127.0.0.1
2023-06-02 20:41:25,432 [IPC Server handler 13 on default port 15001] WARN  node.SCMNodeManager (SCMNodeManager.java:getNodesByAddress(1381)) - Cannot find node for address 127.0.0.1
]]></system-out>
  </testcase>
  <testcase name="testPutKeyRatisOneNode" classname="org.apache.hadoop.ozone.client.rpc.TestSecureOzoneRpcClient" time="0.387">
    <system-out><![CDATA[2023-06-02 20:41:25,444 [main] INFO  rpc.RpcClient (RpcClient.java:createVolume(459)) - Creating Volume: 589fcccd-8ebb-4bae-9955-6cec442938d8, with runner as owner and space quota set to -1 bytes, counts quota set to -1
2023-06-02 20:41:25,449 [OM StateMachine ApplyTransaction Thread - 0] INFO  volume.OMVolumeCreateRequest (OMVolumeCreateRequest.java:validateAndUpdateCache(196)) - created volume:589fcccd-8ebb-4bae-9955-6cec442938d8 for user:runner
2023-06-02 20:41:25,452 [main] INFO  rpc.RpcClient (RpcClient.java:createBucket(686)) - Creating Bucket: 589fcccd-8ebb-4bae-9955-6cec442938d8/303e2067-e981-4c0d-8ce8-6995e582ee7d, with server-side default bucket layout, runner as owner, Versioning false, Storage Type set to DISK and Encryption set to false, Replication Type set to server-side default replication type, Namespace Quota set to -1, Space Quota set to -1 
2023-06-02 20:41:25,454 [OM StateMachine ApplyTransaction Thread - 0] INFO  bucket.OMBucketCreateRequest (OMBucketCreateRequest.java:validateAndUpdateCache(270)) - created bucket: 303e2067-e981-4c0d-8ce8-6995e582ee7d of layout OBJECT_STORE in volume: 589fcccd-8ebb-4bae-9955-6cec442938d8
2023-06-02 20:41:25,474 [IPC Server handler 16 on default port 15001] WARN  node.SCMNodeManager (SCMNodeManager.java:getNodesByAddress(1381)) - Cannot find node for address 127.0.0.1
2023-06-02 20:41:25,478 [IPC Server handler 15 on default port 15001] WARN  node.SCMNodeManager (SCMNodeManager.java:getNodesByAddress(1381)) - Cannot find node for address 127.0.0.1
2023-06-02 20:41:25,512 [IPC Server handler 14 on default port 15001] WARN  node.SCMNodeManager (SCMNodeManager.java:getNodesByAddress(1381)) - Cannot find node for address 127.0.0.1
2023-06-02 20:41:25,517 [IPC Server handler 1 on default port 15001] WARN  node.SCMNodeManager (SCMNodeManager.java:getNodesByAddress(1381)) - Cannot find node for address 127.0.0.1
2023-06-02 20:41:25,548 [IPC Server handler 3 on default port 15001] WARN  node.SCMNodeManager (SCMNodeManager.java:getNodesByAddress(1381)) - Cannot find node for address 127.0.0.1
2023-06-02 20:41:25,552 [IPC Server handler 4 on default port 15001] WARN  node.SCMNodeManager (SCMNodeManager.java:getNodesByAddress(1381)) - Cannot find node for address 127.0.0.1
2023-06-02 20:41:25,581 [IPC Server handler 5 on default port 15001] WARN  node.SCMNodeManager (SCMNodeManager.java:getNodesByAddress(1381)) - Cannot find node for address 127.0.0.1
2023-06-02 20:41:25,585 [IPC Server handler 6 on default port 15001] WARN  node.SCMNodeManager (SCMNodeManager.java:getNodesByAddress(1381)) - Cannot find node for address 127.0.0.1
2023-06-02 20:41:25,621 [IPC Server handler 7 on default port 15001] WARN  node.SCMNodeManager (SCMNodeManager.java:getNodesByAddress(1381)) - Cannot find node for address 127.0.0.1
2023-06-02 20:41:25,626 [IPC Server handler 9 on default port 15001] WARN  node.SCMNodeManager (SCMNodeManager.java:getNodesByAddress(1381)) - Cannot find node for address 127.0.0.1
2023-06-02 20:41:25,653 [IPC Server handler 8 on default port 15001] WARN  node.SCMNodeManager (SCMNodeManager.java:getNodesByAddress(1381)) - Cannot find node for address 127.0.0.1
2023-06-02 20:41:25,657 [IPC Server handler 11 on default port 15001] WARN  node.SCMNodeManager (SCMNodeManager.java:getNodesByAddress(1381)) - Cannot find node for address 127.0.0.1
2023-06-02 20:41:25,690 [IPC Server handler 13 on default port 15001] WARN  node.SCMNodeManager (SCMNodeManager.java:getNodesByAddress(1381)) - Cannot find node for address 127.0.0.1
2023-06-02 20:41:25,694 [IPC Server handler 2 on default port 15001] WARN  node.SCMNodeManager (SCMNodeManager.java:getNodesByAddress(1381)) - Cannot find node for address 127.0.0.1
2023-06-02 20:41:25,723 [IPC Server handler 15 on default port 15001] WARN  node.SCMNodeManager (SCMNodeManager.java:getNodesByAddress(1381)) - Cannot find node for address 127.0.0.1
2023-06-02 20:41:25,728 [IPC Server handler 17 on default port 15001] WARN  node.SCMNodeManager (SCMNodeManager.java:getNodesByAddress(1381)) - Cannot find node for address 127.0.0.1
2023-06-02 20:41:25,762 [IPC Server handler 1 on default port 15001] WARN  node.SCMNodeManager (SCMNodeManager.java:getNodesByAddress(1381)) - Cannot find node for address 127.0.0.1
2023-06-02 20:41:25,771 [IPC Server handler 19 on default port 15001] WARN  node.SCMNodeManager (SCMNodeManager.java:getNodesByAddress(1381)) - Cannot find node for address 127.0.0.1
2023-06-02 20:41:25,805 [IPC Server handler 4 on default port 15001] WARN  node.SCMNodeManager (SCMNodeManager.java:getNodesByAddress(1381)) - Cannot find node for address 127.0.0.1
2023-06-02 20:41:25,809 [IPC Server handler 10 on default port 15001] WARN  node.SCMNodeManager (SCMNodeManager.java:getNodesByAddress(1381)) - Cannot find node for address 127.0.0.1
]]></system-out>
  </testcase>
  <testcase name="testPutKeyRatisThreeNodes" classname="org.apache.hadoop.ozone.client.rpc.TestSecureOzoneRpcClient" time="0.655">
    <system-out><![CDATA[2023-06-02 20:41:25,832 [main] INFO  rpc.RpcClient (RpcClient.java:createVolume(459)) - Creating Volume: 8412fe2e-0292-473e-afca-f9b7cdc727f4, with runner as owner and space quota set to -1 bytes, counts quota set to -1
2023-06-02 20:41:25,834 [OM StateMachine ApplyTransaction Thread - 0] INFO  volume.OMVolumeCreateRequest (OMVolumeCreateRequest.java:validateAndUpdateCache(196)) - created volume:8412fe2e-0292-473e-afca-f9b7cdc727f4 for user:runner
2023-06-02 20:41:25,836 [main] INFO  rpc.RpcClient (RpcClient.java:createBucket(686)) - Creating Bucket: 8412fe2e-0292-473e-afca-f9b7cdc727f4/5497d9eb-ea08-48f5-997c-b9bc12730c8f, with server-side default bucket layout, runner as owner, Versioning false, Storage Type set to DISK and Encryption set to false, Replication Type set to server-side default replication type, Namespace Quota set to -1, Space Quota set to -1 
2023-06-02 20:41:25,838 [OM StateMachine ApplyTransaction Thread - 0] INFO  bucket.OMBucketCreateRequest (OMBucketCreateRequest.java:validateAndUpdateCache(270)) - created bucket: 5497d9eb-ea08-48f5-997c-b9bc12730c8f of layout OBJECT_STORE in volume: 8412fe2e-0292-473e-afca-f9b7cdc727f4
2023-06-02 20:41:25,890 [IPC Server handler 6 on default port 15001] WARN  node.SCMNodeManager (SCMNodeManager.java:getNodesByAddress(1381)) - Cannot find node for address 127.0.0.1
2023-06-02 20:41:25,895 [IPC Server handler 0 on default port 15001] WARN  node.SCMNodeManager (SCMNodeManager.java:getNodesByAddress(1381)) - Cannot find node for address 127.0.0.1
2023-06-02 20:41:25,946 [IPC Server handler 9 on default port 15001] WARN  node.SCMNodeManager (SCMNodeManager.java:getNodesByAddress(1381)) - Cannot find node for address 127.0.0.1
2023-06-02 20:41:25,951 [IPC Server handler 12 on default port 15001] WARN  node.SCMNodeManager (SCMNodeManager.java:getNodesByAddress(1381)) - Cannot find node for address 127.0.0.1
2023-06-02 20:41:26,002 [IPC Server handler 11 on default port 15001] WARN  node.SCMNodeManager (SCMNodeManager.java:getNodesByAddress(1381)) - Cannot find node for address 127.0.0.1
2023-06-02 20:41:26,009 [IPC Server handler 18 on default port 15001] WARN  node.SCMNodeManager (SCMNodeManager.java:getNodesByAddress(1381)) - Cannot find node for address 127.0.0.1
2023-06-02 20:41:26,072 [IPC Server handler 2 on default port 15001] WARN  node.SCMNodeManager (SCMNodeManager.java:getNodesByAddress(1381)) - Cannot find node for address 127.0.0.1
2023-06-02 20:41:26,077 [IPC Server handler 16 on default port 15001] WARN  node.SCMNodeManager (SCMNodeManager.java:getNodesByAddress(1381)) - Cannot find node for address 127.0.0.1
2023-06-02 20:41:26,138 [IPC Server handler 17 on default port 15001] WARN  node.SCMNodeManager (SCMNodeManager.java:getNodesByAddress(1381)) - Cannot find node for address 127.0.0.1
2023-06-02 20:41:26,142 [IPC Server handler 14 on default port 15001] WARN  node.SCMNodeManager (SCMNodeManager.java:getNodesByAddress(1381)) - Cannot find node for address 127.0.0.1
2023-06-02 20:41:26,215 [IPC Server handler 19 on default port 15001] WARN  node.SCMNodeManager (SCMNodeManager.java:getNodesByAddress(1381)) - Cannot find node for address 127.0.0.1
2023-06-02 20:41:26,219 [IPC Server handler 3 on default port 15001] WARN  node.SCMNodeManager (SCMNodeManager.java:getNodesByAddress(1381)) - Cannot find node for address 127.0.0.1
2023-06-02 20:41:26,278 [IPC Server handler 10 on default port 15001] WARN  node.SCMNodeManager (SCMNodeManager.java:getNodesByAddress(1381)) - Cannot find node for address 127.0.0.1
2023-06-02 20:41:26,283 [IPC Server handler 5 on default port 15001] WARN  node.SCMNodeManager (SCMNodeManager.java:getNodesByAddress(1381)) - Cannot find node for address 127.0.0.1
2023-06-02 20:41:26,350 [IPC Server handler 0 on default port 15001] WARN  node.SCMNodeManager (SCMNodeManager.java:getNodesByAddress(1381)) - Cannot find node for address 127.0.0.1
2023-06-02 20:41:26,355 [IPC Server handler 7 on default port 15001] WARN  node.SCMNodeManager (SCMNodeManager.java:getNodesByAddress(1381)) - Cannot find node for address 127.0.0.1
2023-06-02 20:41:26,413 [IPC Server handler 12 on default port 15001] WARN  node.SCMNodeManager (SCMNodeManager.java:getNodesByAddress(1381)) - Cannot find node for address 127.0.0.1
2023-06-02 20:41:26,417 [IPC Server handler 8 on default port 15001] WARN  node.SCMNodeManager (SCMNodeManager.java:getNodesByAddress(1381)) - Cannot find node for address 127.0.0.1
2023-06-02 20:41:26,467 [IPC Server handler 18 on default port 15001] WARN  node.SCMNodeManager (SCMNodeManager.java:getNodesByAddress(1381)) - Cannot find node for address 127.0.0.1
2023-06-02 20:41:26,474 [IPC Server handler 13 on default port 15001] WARN  node.SCMNodeManager (SCMNodeManager.java:getNodesByAddress(1381)) - Cannot find node for address 127.0.0.1
]]></system-out>
  </testcase>
  <testcase name="testPutKeyRatisThreeNodesParallel" classname="org.apache.hadoop.ozone.client.rpc.TestSecureOzoneRpcClient" time="7.95">
    <system-out><![CDATA[2023-06-02 20:41:26,488 [main] INFO  rpc.RpcClient (RpcClient.java:createVolume(459)) - Creating Volume: 8076e00b-d6a6-40c3-84b6-834f8e9dcaef, with runner as owner and space quota set to -1 bytes, counts quota set to -1
2023-06-02 20:41:26,490 [OM StateMachine ApplyTransaction Thread - 0] INFO  volume.OMVolumeCreateRequest (OMVolumeCreateRequest.java:validateAndUpdateCache(196)) - created volume:8076e00b-d6a6-40c3-84b6-834f8e9dcaef for user:runner
2023-06-02 20:41:26,492 [main] INFO  rpc.RpcClient (RpcClient.java:createBucket(686)) - Creating Bucket: 8076e00b-d6a6-40c3-84b6-834f8e9dcaef/5069a0b6-c233-4ba5-98cc-49f020e9b12a, with server-side default bucket layout, runner as owner, Versioning false, Storage Type set to DISK and Encryption set to false, Replication Type set to server-side default replication type, Namespace Quota set to -1, Space Quota set to -1 
2023-06-02 20:41:26,495 [OM StateMachine ApplyTransaction Thread - 0] INFO  bucket.OMBucketCreateRequest (OMBucketCreateRequest.java:validateAndUpdateCache(270)) - created bucket: 5069a0b6-c233-4ba5-98cc-49f020e9b12a of layout OBJECT_STORE in volume: 8076e00b-d6a6-40c3-84b6-834f8e9dcaef
2023-06-02 20:41:27,669 [IPC Server handler 2 on default port 15001] WARN  node.SCMNodeManager (SCMNodeManager.java:getNodesByAddress(1381)) - Cannot find node for address 127.0.0.1
2023-06-02 20:41:27,670 [IPC Server handler 16 on default port 15001] WARN  node.SCMNodeManager (SCMNodeManager.java:getNodesByAddress(1381)) - Cannot find node for address 127.0.0.1
2023-06-02 20:41:27,685 [IPC Server handler 15 on default port 15001] WARN  node.SCMNodeManager (SCMNodeManager.java:getNodesByAddress(1381)) - Cannot find node for address 127.0.0.1
2023-06-02 20:41:27,686 [IPC Server handler 17 on default port 15001] WARN  node.SCMNodeManager (SCMNodeManager.java:getNodesByAddress(1381)) - Cannot find node for address 127.0.0.1
2023-06-02 20:41:27,751 [IPC Server handler 14 on default port 15001] WARN  node.SCMNodeManager (SCMNodeManager.java:getNodesByAddress(1381)) - Cannot find node for address 127.0.0.1
2023-06-02 20:41:27,754 [IPC Server handler 1 on default port 15001] WARN  node.SCMNodeManager (SCMNodeManager.java:getNodesByAddress(1381)) - Cannot find node for address 127.0.0.1
2023-06-02 20:41:27,755 [IPC Server handler 19 on default port 15001] WARN  node.SCMNodeManager (SCMNodeManager.java:getNodesByAddress(1381)) - Cannot find node for address 127.0.0.1
2023-06-02 20:41:27,775 [IPC Server handler 3 on default port 15001] WARN  node.SCMNodeManager (SCMNodeManager.java:getNodesByAddress(1381)) - Cannot find node for address 127.0.0.1
2023-06-02 20:41:27,776 [IPC Server handler 4 on default port 15001] WARN  node.SCMNodeManager (SCMNodeManager.java:getNodesByAddress(1381)) - Cannot find node for address 127.0.0.1
2023-06-02 20:41:27,781 [IPC Server handler 10 on default port 15001] WARN  node.SCMNodeManager (SCMNodeManager.java:getNodesByAddress(1381)) - Cannot find node for address 127.0.0.1
2023-06-02 20:41:28,650 [BlockDeletingService#0] INFO  interfaces.ContainerDeletionChoosingPolicyTemplate (ContainerDeletionChoosingPolicyTemplate.java:chooseContainerForBlockDeletion(83)) - Chosen 0/5000 blocks from 0 candidate containers.
2023-06-02 20:41:29,164 [BlockDeletingService#0] INFO  interfaces.ContainerDeletionChoosingPolicyTemplate (ContainerDeletionChoosingPolicyTemplate.java:chooseContainerForBlockDeletion(83)) - Chosen 0/5000 blocks from 0 candidate containers.
2023-06-02 20:41:29,417 [IPC Server handler 8 on default port 15001] WARN  node.SCMNodeManager (SCMNodeManager.java:getNodesByAddress(1381)) - Cannot find node for address 127.0.0.1
2023-06-02 20:41:29,418 [IPC Server handler 11 on default port 15001] WARN  node.SCMNodeManager (SCMNodeManager.java:getNodesByAddress(1381)) - Cannot find node for address 127.0.0.1
2023-06-02 20:41:29,419 [IPC Server handler 18 on default port 15001] WARN  node.SCMNodeManager (SCMNodeManager.java:getNodesByAddress(1381)) - Cannot find node for address 127.0.0.1
2023-06-02 20:41:29,432 [IPC Server handler 13 on default port 15001] WARN  node.SCMNodeManager (SCMNodeManager.java:getNodesByAddress(1381)) - Cannot find node for address 127.0.0.1
2023-06-02 20:41:29,436 [IPC Server handler 2 on default port 15001] WARN  node.SCMNodeManager (SCMNodeManager.java:getNodesByAddress(1381)) - Cannot find node for address 127.0.0.1
2023-06-02 20:41:29,437 [IPC Server handler 16 on default port 15001] WARN  node.SCMNodeManager (SCMNodeManager.java:getNodesByAddress(1381)) - Cannot find node for address 127.0.0.1
2023-06-02 20:41:29,544 [BlockDeletingService#0] INFO  interfaces.ContainerDeletionChoosingPolicyTemplate (ContainerDeletionChoosingPolicyTemplate.java:chooseContainerForBlockDeletion(83)) - Chosen 0/5000 blocks from 0 candidate containers.
2023-06-02 20:41:29,563 [IPC Server handler 15 on default port 15001] WARN  node.SCMNodeManager (SCMNodeManager.java:getNodesByAddress(1381)) - Cannot find node for address 127.0.0.1
2023-06-02 20:41:29,567 [IPC Server handler 17 on default port 15001] WARN  node.SCMNodeManager (SCMNodeManager.java:getNodesByAddress(1381)) - Cannot find node for address 127.0.0.1
2023-06-02 20:41:29,617 [IPC Server handler 14 on default port 15001] WARN  node.SCMNodeManager (SCMNodeManager.java:getNodesByAddress(1381)) - Cannot find node for address 127.0.0.1
2023-06-02 20:41:29,619 [IPC Server handler 1 on default port 15001] WARN  node.SCMNodeManager (SCMNodeManager.java:getNodesByAddress(1381)) - Cannot find node for address 127.0.0.1
2023-06-02 20:41:29,931 [BlockDeletingService#0] INFO  interfaces.ContainerDeletionChoosingPolicyTemplate (ContainerDeletionChoosingPolicyTemplate.java:chooseContainerForBlockDeletion(83)) - Chosen 0/5000 blocks from 0 candidate containers.
2023-06-02 20:41:30,332 [BlockDeletingService#0] INFO  interfaces.ContainerDeletionChoosingPolicyTemplate (ContainerDeletionChoosingPolicyTemplate.java:chooseContainerForBlockDeletion(83)) - Chosen 0/5000 blocks from 0 candidate containers.
2023-06-02 20:41:30,750 [IPC Server handler 19 on default port 15001] WARN  node.SCMNodeManager (SCMNodeManager.java:getNodesByAddress(1381)) - Cannot find node for address 127.0.0.1
2023-06-02 20:41:30,751 [IPC Server handler 3 on default port 15001] WARN  node.SCMNodeManager (SCMNodeManager.java:getNodesByAddress(1381)) - Cannot find node for address 127.0.0.1
2023-06-02 20:41:30,775 [IPC Server handler 4 on default port 15001] WARN  node.SCMNodeManager (SCMNodeManager.java:getNodesByAddress(1381)) - Cannot find node for address 127.0.0.1
2023-06-02 20:41:30,776 [IPC Server handler 10 on default port 15001] WARN  node.SCMNodeManager (SCMNodeManager.java:getNodesByAddress(1381)) - Cannot find node for address 127.0.0.1
2023-06-02 20:41:30,878 [IPC Server handler 5 on default port 15001] WARN  node.SCMNodeManager (SCMNodeManager.java:getNodesByAddress(1381)) - Cannot find node for address 127.0.0.1
2023-06-02 20:41:30,879 [IPC Server handler 6 on default port 15001] WARN  node.SCMNodeManager (SCMNodeManager.java:getNodesByAddress(1381)) - Cannot find node for address 127.0.0.1
2023-06-02 20:41:30,881 [IPC Server handler 0 on default port 15001] WARN  node.SCMNodeManager (SCMNodeManager.java:getNodesByAddress(1381)) - Cannot find node for address 127.0.0.1
2023-06-02 20:41:30,912 [BlockDeletingService#0] INFO  interfaces.ContainerDeletionChoosingPolicyTemplate (ContainerDeletionChoosingPolicyTemplate.java:chooseContainerForBlockDeletion(83)) - Chosen 0/5000 blocks from 0 candidate containers.
2023-06-02 20:41:30,923 [IPC Server handler 7 on default port 15001] WARN  node.SCMNodeManager (SCMNodeManager.java:getNodesByAddress(1381)) - Cannot find node for address 127.0.0.1
2023-06-02 20:41:30,924 [IPC Server handler 9 on default port 15001] WARN  node.SCMNodeManager (SCMNodeManager.java:getNodesByAddress(1381)) - Cannot find node for address 127.0.0.1
2023-06-02 20:41:30,925 [IPC Server handler 12 on default port 15001] WARN  node.SCMNodeManager (SCMNodeManager.java:getNodesByAddress(1381)) - Cannot find node for address 127.0.0.1
2023-06-02 20:41:31,485 [BlockDeletingService#0] INFO  interfaces.ContainerDeletionChoosingPolicyTemplate (ContainerDeletionChoosingPolicyTemplate.java:chooseContainerForBlockDeletion(83)) - Chosen 0/5000 blocks from 0 candidate containers.
2023-06-02 20:41:31,756 [BlockDeletingService#0] INFO  interfaces.ContainerDeletionChoosingPolicyTemplate (ContainerDeletionChoosingPolicyTemplate.java:chooseContainerForBlockDeletion(83)) - Chosen 0/5000 blocks from 0 candidate containers.
2023-06-02 20:41:32,164 [BlockDeletingService#0] INFO  interfaces.ContainerDeletionChoosingPolicyTemplate (ContainerDeletionChoosingPolicyTemplate.java:chooseContainerForBlockDeletion(83)) - Chosen 0/5000 blocks from 0 candidate containers.
2023-06-02 20:41:32,519 [IPC Server handler 15 on default port 15001] WARN  node.SCMNodeManager (SCMNodeManager.java:getNodesByAddress(1381)) - Cannot find node for address 127.0.0.1
2023-06-02 20:41:32,520 [IPC Server handler 17 on default port 15001] WARN  node.SCMNodeManager (SCMNodeManager.java:getNodesByAddress(1381)) - Cannot find node for address 127.0.0.1
2023-06-02 20:41:32,555 [IPC Server handler 14 on default port 15001] WARN  node.SCMNodeManager (SCMNodeManager.java:getNodesByAddress(1381)) - Cannot find node for address 127.0.0.1
2023-06-02 20:41:32,556 [IPC Server handler 1 on default port 15001] WARN  node.SCMNodeManager (SCMNodeManager.java:getNodesByAddress(1381)) - Cannot find node for address 127.0.0.1
2023-06-02 20:41:32,685 [BlockDeletingService#0] INFO  interfaces.ContainerDeletionChoosingPolicyTemplate (ContainerDeletionChoosingPolicyTemplate.java:chooseContainerForBlockDeletion(83)) - Chosen 0/5000 blocks from 0 candidate containers.
2023-06-02 20:41:32,696 [IPC Server handler 19 on default port 15001] WARN  node.SCMNodeManager (SCMNodeManager.java:getNodesByAddress(1381)) - Cannot find node for address 127.0.0.1
2023-06-02 20:41:32,697 [IPC Server handler 3 on default port 15001] WARN  node.SCMNodeManager (SCMNodeManager.java:getNodesByAddress(1381)) - Cannot find node for address 127.0.0.1
2023-06-02 20:41:32,699 [IPC Server handler 4 on default port 15001] WARN  node.SCMNodeManager (SCMNodeManager.java:getNodesByAddress(1381)) - Cannot find node for address 127.0.0.1
2023-06-02 20:41:32,719 [IPC Server handler 10 on default port 15001] WARN  node.SCMNodeManager (SCMNodeManager.java:getNodesByAddress(1381)) - Cannot find node for address 127.0.0.1
2023-06-02 20:41:32,721 [IPC Server handler 5 on default port 15001] WARN  node.SCMNodeManager (SCMNodeManager.java:getNodesByAddress(1381)) - Cannot find node for address 127.0.0.1
2023-06-02 20:41:32,722 [IPC Server handler 6 on default port 15001] WARN  node.SCMNodeManager (SCMNodeManager.java:getNodesByAddress(1381)) - Cannot find node for address 127.0.0.1
2023-06-02 20:41:33,036 [BlockDeletingService#0] INFO  interfaces.ContainerDeletionChoosingPolicyTemplate (ContainerDeletionChoosingPolicyTemplate.java:chooseContainerForBlockDeletion(83)) - Chosen 0/5000 blocks from 0 candidate containers.
2023-06-02 20:41:33,590 [BlockDeletingService#0] INFO  interfaces.ContainerDeletionChoosingPolicyTemplate (ContainerDeletionChoosingPolicyTemplate.java:chooseContainerForBlockDeletion(83)) - Chosen 0/5000 blocks from 0 candidate containers.
2023-06-02 20:41:33,908 [IPC Server handler 7 on default port 15001] WARN  node.SCMNodeManager (SCMNodeManager.java:getNodesByAddress(1381)) - Cannot find node for address 127.0.0.1
2023-06-02 20:41:33,908 [IPC Server handler 12 on default port 15001] WARN  node.SCMNodeManager (SCMNodeManager.java:getNodesByAddress(1381)) - Cannot find node for address 127.0.0.1
2023-06-02 20:41:33,909 [IPC Server handler 9 on default port 15001] WARN  node.SCMNodeManager (SCMNodeManager.java:getNodesByAddress(1381)) - Cannot find node for address 127.0.0.1
2023-06-02 20:41:33,919 [IPC Server handler 0 on default port 15001] WARN  node.SCMNodeManager (SCMNodeManager.java:getNodesByAddress(1381)) - Cannot find node for address 127.0.0.1
2023-06-02 20:41:33,920 [IPC Server handler 8 on default port 15001] WARN  node.SCMNodeManager (SCMNodeManager.java:getNodesByAddress(1381)) - Cannot find node for address 127.0.0.1
2023-06-02 20:41:33,921 [IPC Server handler 11 on default port 15001] WARN  node.SCMNodeManager (SCMNodeManager.java:getNodesByAddress(1381)) - Cannot find node for address 127.0.0.1
2023-06-02 20:41:33,943 [IPC Server handler 18 on default port 15001] WARN  node.SCMNodeManager (SCMNodeManager.java:getNodesByAddress(1381)) - Cannot find node for address 127.0.0.1
2023-06-02 20:41:33,944 [IPC Server handler 13 on default port 15001] WARN  node.SCMNodeManager (SCMNodeManager.java:getNodesByAddress(1381)) - Cannot find node for address 127.0.0.1
2023-06-02 20:41:33,945 [IPC Server handler 2 on default port 15001] WARN  node.SCMNodeManager (SCMNodeManager.java:getNodesByAddress(1381)) - Cannot find node for address 127.0.0.1
2023-06-02 20:41:33,957 [IPC Server handler 16 on default port 15001] WARN  node.SCMNodeManager (SCMNodeManager.java:getNodesByAddress(1381)) - Cannot find node for address 127.0.0.1
2023-06-02 20:41:33,967 [IPC Server handler 15 on default port 15001] WARN  node.SCMNodeManager (SCMNodeManager.java:getNodesByAddress(1381)) - Cannot find node for address 127.0.0.1
2023-06-02 20:41:33,967 [IPC Server handler 17 on default port 15001] WARN  node.SCMNodeManager (SCMNodeManager.java:getNodesByAddress(1381)) - Cannot find node for address 127.0.0.1
2023-06-02 20:41:34,218 [BlockDeletingService#0] INFO  interfaces.ContainerDeletionChoosingPolicyTemplate (ContainerDeletionChoosingPolicyTemplate.java:chooseContainerForBlockDeletion(83)) - Chosen 0/5000 blocks from 0 candidate containers.
]]></system-out>
  </testcase>
  <testcase name="testPutKeySuccessWithBlockToken" classname="org.apache.hadoop.ozone.client.rpc.TestSecureOzoneRpcClient" time="0.853">
    <system-out><![CDATA[2023-06-02 20:41:34,438 [main] INFO  rpc.RpcClient (RpcClient.java:createVolume(459)) - Creating Volume: 3755430a-f081-411b-900d-f574cf33e28b, with runner as owner and space quota set to -1 bytes, counts quota set to -1
2023-06-02 20:41:34,442 [OM StateMachine ApplyTransaction Thread - 0] INFO  volume.OMVolumeCreateRequest (OMVolumeCreateRequest.java:validateAndUpdateCache(196)) - created volume:3755430a-f081-411b-900d-f574cf33e28b for user:runner
2023-06-02 20:41:34,445 [main] INFO  rpc.RpcClient (RpcClient.java:createBucket(686)) - Creating Bucket: 3755430a-f081-411b-900d-f574cf33e28b/10b10c0a-ad10-4896-a352-870b1f45aa3a, with bucket layout OBJECT_STORE, runner as owner, Versioning false, Storage Type set to DISK and Encryption set to false, Replication Type set to server-side default replication type, Namespace Quota set to -1, Space Quota set to -1 
2023-06-02 20:41:34,447 [OM StateMachine ApplyTransaction Thread - 0] INFO  bucket.OMBucketCreateRequest (OMBucketCreateRequest.java:validateAndUpdateCache(270)) - created bucket: 10b10c0a-ad10-4896-a352-870b1f45aa3a of layout OBJECT_STORE in volume: 3755430a-f081-411b-900d-f574cf33e28b
2023-06-02 20:41:34,467 [IPC Server handler 1 on default port 15001] WARN  node.SCMNodeManager (SCMNodeManager.java:getNodesByAddress(1381)) - Cannot find node for address 127.0.0.1
2023-06-02 20:41:34,471 [IPC Server handler 19 on default port 15001] WARN  node.SCMNodeManager (SCMNodeManager.java:getNodesByAddress(1381)) - Cannot find node for address 127.0.0.1
2023-06-02 20:41:34,536 [IPC Server handler 4 on default port 15001] WARN  node.SCMNodeManager (SCMNodeManager.java:getNodesByAddress(1381)) - Cannot find node for address 127.0.0.1
2023-06-02 20:41:34,541 [IPC Server handler 10 on default port 15001] WARN  node.SCMNodeManager (SCMNodeManager.java:getNodesByAddress(1381)) - Cannot find node for address 127.0.0.1
2023-06-02 20:41:34,638 [IPC Server handler 6 on default port 15001] WARN  node.SCMNodeManager (SCMNodeManager.java:getNodesByAddress(1381)) - Cannot find node for address 127.0.0.1
2023-06-02 20:41:34,643 [IPC Server handler 7 on default port 15001] WARN  node.SCMNodeManager (SCMNodeManager.java:getNodesByAddress(1381)) - Cannot find node for address 127.0.0.1
2023-06-02 20:41:34,677 [IPC Server handler 9 on default port 15001] WARN  node.SCMNodeManager (SCMNodeManager.java:getNodesByAddress(1381)) - Cannot find node for address 127.0.0.1
2023-06-02 20:41:34,681 [IPC Server handler 0 on default port 15001] WARN  node.SCMNodeManager (SCMNodeManager.java:getNodesByAddress(1381)) - Cannot find node for address 127.0.0.1
2023-06-02 20:41:34,711 [IPC Server handler 11 on default port 15001] WARN  node.SCMNodeManager (SCMNodeManager.java:getNodesByAddress(1381)) - Cannot find node for address 127.0.0.1
2023-06-02 20:41:34,715 [IPC Server handler 18 on default port 15001] WARN  node.SCMNodeManager (SCMNodeManager.java:getNodesByAddress(1381)) - Cannot find node for address 127.0.0.1
2023-06-02 20:41:34,744 [IPC Server handler 2 on default port 15001] WARN  node.SCMNodeManager (SCMNodeManager.java:getNodesByAddress(1381)) - Cannot find node for address 127.0.0.1
2023-06-02 20:41:34,748 [IPC Server handler 16 on default port 15001] WARN  node.SCMNodeManager (SCMNodeManager.java:getNodesByAddress(1381)) - Cannot find node for address 127.0.0.1
2023-06-02 20:41:34,776 [IPC Server handler 17 on default port 15001] WARN  node.SCMNodeManager (SCMNodeManager.java:getNodesByAddress(1381)) - Cannot find node for address 127.0.0.1
2023-06-02 20:41:34,781 [IPC Server handler 14 on default port 15001] WARN  node.SCMNodeManager (SCMNodeManager.java:getNodesByAddress(1381)) - Cannot find node for address 127.0.0.1
2023-06-02 20:41:34,803 [BlockDeletingService#0] INFO  interfaces.ContainerDeletionChoosingPolicyTemplate (ContainerDeletionChoosingPolicyTemplate.java:chooseContainerForBlockDeletion(83)) - Chosen 0/5000 blocks from 0 candidate containers.
2023-06-02 20:41:34,812 [IPC Server handler 19 on default port 15001] WARN  node.SCMNodeManager (SCMNodeManager.java:getNodesByAddress(1381)) - Cannot find node for address 127.0.0.1
2023-06-02 20:41:34,816 [IPC Server handler 3 on default port 15001] WARN  node.SCMNodeManager (SCMNodeManager.java:getNodesByAddress(1381)) - Cannot find node for address 127.0.0.1
2023-06-02 20:41:34,852 [IPC Server handler 10 on default port 15001] WARN  node.SCMNodeManager (SCMNodeManager.java:getNodesByAddress(1381)) - Cannot find node for address 127.0.0.1
2023-06-02 20:41:34,856 [IPC Server handler 5 on default port 15001] WARN  node.SCMNodeManager (SCMNodeManager.java:getNodesByAddress(1381)) - Cannot find node for address 127.0.0.1
2023-06-02 20:41:34,890 [IPC Server handler 7 on default port 15001] WARN  node.SCMNodeManager (SCMNodeManager.java:getNodesByAddress(1381)) - Cannot find node for address 127.0.0.1
2023-06-02 20:41:34,895 [IPC Server handler 12 on default port 15001] WARN  node.SCMNodeManager (SCMNodeManager.java:getNodesByAddress(1381)) - Cannot find node for address 127.0.0.1
2023-06-02 20:41:34,912 [main] INFO  rpc.RpcClient (RpcClient.java:createVolume(459)) - Creating Volume: 424b4de1-0924-42af-a5b9-fb6566f18f65, with runner as owner and space quota set to -1 bytes, counts quota set to -1
2023-06-02 20:41:34,915 [OM StateMachine ApplyTransaction Thread - 0] INFO  volume.OMVolumeCreateRequest (OMVolumeCreateRequest.java:validateAndUpdateCache(196)) - created volume:424b4de1-0924-42af-a5b9-fb6566f18f65 for user:runner
2023-06-02 20:41:34,916 [main] INFO  rpc.RpcClient (RpcClient.java:createBucket(686)) - Creating Bucket: 424b4de1-0924-42af-a5b9-fb6566f18f65/cbeeaee2-aa55-4cc7-a2f2-39cea7adb48b, with bucket layout FILE_SYSTEM_OPTIMIZED, runner as owner, Versioning false, Storage Type set to DISK and Encryption set to false, Replication Type set to server-side default replication type, Namespace Quota set to -1, Space Quota set to -1 
2023-06-02 20:41:34,918 [OM StateMachine ApplyTransaction Thread - 0] INFO  bucket.OMBucketCreateRequest (OMBucketCreateRequest.java:validateAndUpdateCache(270)) - created bucket: cbeeaee2-aa55-4cc7-a2f2-39cea7adb48b of layout FILE_SYSTEM_OPTIMIZED in volume: 424b4de1-0924-42af-a5b9-fb6566f18f65
2023-06-02 20:41:34,950 [IPC Server handler 0 on default port 15001] WARN  node.SCMNodeManager (SCMNodeManager.java:getNodesByAddress(1381)) - Cannot find node for address 127.0.0.1
2023-06-02 20:41:34,954 [IPC Server handler 8 on default port 15001] WARN  node.SCMNodeManager (SCMNodeManager.java:getNodesByAddress(1381)) - Cannot find node for address 127.0.0.1
2023-06-02 20:41:35,004 [IPC Server handler 18 on default port 15001] WARN  node.SCMNodeManager (SCMNodeManager.java:getNodesByAddress(1381)) - Cannot find node for address 127.0.0.1
2023-06-02 20:41:35,008 [IPC Server handler 13 on default port 15001] WARN  node.SCMNodeManager (SCMNodeManager.java:getNodesByAddress(1381)) - Cannot find node for address 127.0.0.1
2023-06-02 20:41:35,038 [IPC Server handler 16 on default port 15001] WARN  node.SCMNodeManager (SCMNodeManager.java:getNodesByAddress(1381)) - Cannot find node for address 127.0.0.1
2023-06-02 20:41:35,043 [IPC Server handler 15 on default port 15001] WARN  node.SCMNodeManager (SCMNodeManager.java:getNodesByAddress(1381)) - Cannot find node for address 127.0.0.1
2023-06-02 20:41:35,072 [IPC Server handler 14 on default port 15001] WARN  node.SCMNodeManager (SCMNodeManager.java:getNodesByAddress(1381)) - Cannot find node for address 127.0.0.1
2023-06-02 20:41:35,076 [IPC Server handler 1 on default port 15001] WARN  node.SCMNodeManager (SCMNodeManager.java:getNodesByAddress(1381)) - Cannot find node for address 127.0.0.1
2023-06-02 20:41:35,108 [IPC Server handler 3 on default port 15001] WARN  node.SCMNodeManager (SCMNodeManager.java:getNodesByAddress(1381)) - Cannot find node for address 127.0.0.1
2023-06-02 20:41:35,112 [IPC Server handler 4 on default port 15001] WARN  node.SCMNodeManager (SCMNodeManager.java:getNodesByAddress(1381)) - Cannot find node for address 127.0.0.1
2023-06-02 20:41:35,141 [IPC Server handler 5 on default port 15001] WARN  node.SCMNodeManager (SCMNodeManager.java:getNodesByAddress(1381)) - Cannot find node for address 127.0.0.1
2023-06-02 20:41:35,145 [IPC Server handler 6 on default port 15001] WARN  node.SCMNodeManager (SCMNodeManager.java:getNodesByAddress(1381)) - Cannot find node for address 127.0.0.1
2023-06-02 20:41:35,172 [IPC Server handler 12 on default port 15001] WARN  node.SCMNodeManager (SCMNodeManager.java:getNodesByAddress(1381)) - Cannot find node for address 127.0.0.1
2023-06-02 20:41:35,175 [IPC Server handler 9 on default port 15001] WARN  node.SCMNodeManager (SCMNodeManager.java:getNodesByAddress(1381)) - Cannot find node for address 127.0.0.1
2023-06-02 20:41:35,204 [IPC Server handler 8 on default port 15001] WARN  node.SCMNodeManager (SCMNodeManager.java:getNodesByAddress(1381)) - Cannot find node for address 127.0.0.1
2023-06-02 20:41:35,208 [IPC Server handler 11 on default port 15001] WARN  node.SCMNodeManager (SCMNodeManager.java:getNodesByAddress(1381)) - Cannot find node for address 127.0.0.1
2023-06-02 20:41:35,242 [IPC Server handler 13 on default port 15001] WARN  node.SCMNodeManager (SCMNodeManager.java:getNodesByAddress(1381)) - Cannot find node for address 127.0.0.1
2023-06-02 20:41:35,246 [IPC Server handler 2 on default port 15001] WARN  node.SCMNodeManager (SCMNodeManager.java:getNodesByAddress(1381)) - Cannot find node for address 127.0.0.1
2023-06-02 20:41:35,277 [IPC Server handler 15 on default port 15001] WARN  node.SCMNodeManager (SCMNodeManager.java:getNodesByAddress(1381)) - Cannot find node for address 127.0.0.1
2023-06-02 20:41:35,281 [IPC Server handler 17 on default port 15001] WARN  node.SCMNodeManager (SCMNodeManager.java:getNodesByAddress(1381)) - Cannot find node for address 127.0.0.1
]]></system-out>
  </testcase>
  <testcase name="testPutKeyWithReplicationConfig(String, boolean)[1]" classname="org.apache.hadoop.ozone.client.rpc.TestSecureOzoneRpcClient" time="0.014">
    <system-out><![CDATA[2023-06-02 20:41:35,335 [main] INFO  rpc.RpcClient (RpcClient.java:createVolume(459)) - Creating Volume: 0628ae9c-ad48-410e-ade4-f417e471be7e, with runner as owner and space quota set to -1 bytes, counts quota set to -1
2023-06-02 20:41:35,338 [OM StateMachine ApplyTransaction Thread - 0] INFO  volume.OMVolumeCreateRequest (OMVolumeCreateRequest.java:validateAndUpdateCache(196)) - created volume:0628ae9c-ad48-410e-ade4-f417e471be7e for user:runner
2023-06-02 20:41:35,340 [main] INFO  rpc.RpcClient (RpcClient.java:createBucket(686)) - Creating Bucket: 0628ae9c-ad48-410e-ade4-f417e471be7e/008871c5-ccc6-453b-a1ca-4d9c1cbc2573, with server-side default bucket layout, runner as owner, Versioning false, Storage Type set to DISK and Encryption set to false, Replication Type set to server-side default replication type, Namespace Quota set to -1, Space Quota set to -1 
2023-06-02 20:41:35,342 [OM StateMachine ApplyTransaction Thread - 0] INFO  bucket.OMBucketCreateRequest (OMBucketCreateRequest.java:validateAndUpdateCache(270)) - created bucket: 008871c5-ccc6-453b-a1ca-4d9c1cbc2573 of layout OBJECT_STORE in volume: 0628ae9c-ad48-410e-ade4-f417e471be7e
]]></system-out>
  </testcase>
  <testcase name="testPutKeyWithReplicationConfig(String, boolean)[2]" classname="org.apache.hadoop.ozone.client.rpc.TestSecureOzoneRpcClient" time="0.012">
    <system-out><![CDATA[2023-06-02 20:41:35,351 [main] INFO  rpc.RpcClient (RpcClient.java:createVolume(459)) - Creating Volume: ffad4a1b-cfb8-41a2-be53-84f2eb1d94c3, with runner as owner and space quota set to -1 bytes, counts quota set to -1
2023-06-02 20:41:35,354 [OM StateMachine ApplyTransaction Thread - 0] INFO  volume.OMVolumeCreateRequest (OMVolumeCreateRequest.java:validateAndUpdateCache(196)) - created volume:ffad4a1b-cfb8-41a2-be53-84f2eb1d94c3 for user:runner
2023-06-02 20:41:35,358 [main] INFO  rpc.RpcClient (RpcClient.java:createBucket(686)) - Creating Bucket: ffad4a1b-cfb8-41a2-be53-84f2eb1d94c3/0de2b3aa-be4e-4b9e-a2a5-916784057deb, with server-side default bucket layout, runner as owner, Versioning false, Storage Type set to DISK and Encryption set to false, Replication Type set to server-side default replication type, Namespace Quota set to -1, Space Quota set to -1 
2023-06-02 20:41:35,360 [OM StateMachine ApplyTransaction Thread - 0] INFO  bucket.OMBucketCreateRequest (OMBucketCreateRequest.java:validateAndUpdateCache(270)) - created bucket: 0de2b3aa-be4e-4b9e-a2a5-916784057deb of layout OBJECT_STORE in volume: ffad4a1b-cfb8-41a2-be53-84f2eb1d94c3
]]></system-out>
  </testcase>
  <testcase name="testPutKeyWithReplicationConfig(String, boolean)[3]" classname="org.apache.hadoop.ozone.client.rpc.TestSecureOzoneRpcClient" time="0.144">
    <system-out><![CDATA[2023-06-02 20:41:35,366 [main] INFO  rpc.RpcClient (RpcClient.java:createVolume(459)) - Creating Volume: bd20e446-a1ec-4fef-b8dd-3752e749f751, with runner as owner and space quota set to -1 bytes, counts quota set to -1
2023-06-02 20:41:35,369 [OM StateMachine ApplyTransaction Thread - 0] INFO  volume.OMVolumeCreateRequest (OMVolumeCreateRequest.java:validateAndUpdateCache(196)) - created volume:bd20e446-a1ec-4fef-b8dd-3752e749f751 for user:runner
2023-06-02 20:41:35,371 [main] INFO  rpc.RpcClient (RpcClient.java:createBucket(686)) - Creating Bucket: bd20e446-a1ec-4fef-b8dd-3752e749f751/27b889c0-243f-4118-9c62-5ac5e3058888, with server-side default bucket layout, runner as owner, Versioning false, Storage Type set to DISK and Encryption set to false, Replication Type set to server-side default replication type, Namespace Quota set to -1, Space Quota set to -1 
2023-06-02 20:41:35,372 [OM StateMachine ApplyTransaction Thread - 0] INFO  bucket.OMBucketCreateRequest (OMBucketCreateRequest.java:validateAndUpdateCache(270)) - created bucket: 27b889c0-243f-4118-9c62-5ac5e3058888 of layout OBJECT_STORE in volume: bd20e446-a1ec-4fef-b8dd-3752e749f751
2023-06-02 20:41:35,487 [IPC Server handler 1 on default port 15001] WARN  node.SCMNodeManager (SCMNodeManager.java:getNodesByAddress(1381)) - Cannot find node for address 127.0.0.1
2023-06-02 20:41:35,493 [IPC Server handler 19 on default port 15001] WARN  node.SCMNodeManager (SCMNodeManager.java:getNodesByAddress(1381)) - Cannot find node for address 127.0.0.1
]]></system-out>
  </testcase>
  <testcase name="testPutKeyWithReplicationConfig(String, boolean)[4]" classname="org.apache.hadoop.ozone.client.rpc.TestSecureOzoneRpcClient" time="0.173">
    <system-out><![CDATA[2023-06-02 20:41:35,510 [main] INFO  rpc.RpcClient (RpcClient.java:createVolume(459)) - Creating Volume: 83dc41ef-9244-4a48-9068-99a06ac2778e, with runner as owner and space quota set to -1 bytes, counts quota set to -1
2023-06-02 20:41:35,513 [OM StateMachine ApplyTransaction Thread - 0] INFO  volume.OMVolumeCreateRequest (OMVolumeCreateRequest.java:validateAndUpdateCache(196)) - created volume:83dc41ef-9244-4a48-9068-99a06ac2778e for user:runner
2023-06-02 20:41:35,514 [main] INFO  rpc.RpcClient (RpcClient.java:createBucket(686)) - Creating Bucket: 83dc41ef-9244-4a48-9068-99a06ac2778e/e602439e-14d4-450f-b983-592a7865cf04, with server-side default bucket layout, runner as owner, Versioning false, Storage Type set to DISK and Encryption set to false, Replication Type set to server-side default replication type, Namespace Quota set to -1, Space Quota set to -1 
2023-06-02 20:41:35,516 [OM StateMachine ApplyTransaction Thread - 0] INFO  bucket.OMBucketCreateRequest (OMBucketCreateRequest.java:validateAndUpdateCache(270)) - created bucket: e602439e-14d4-450f-b983-592a7865cf04 of layout OBJECT_STORE in volume: 83dc41ef-9244-4a48-9068-99a06ac2778e
2023-06-02 20:41:35,520 [IPC Server handler 3 on default port 15001] INFO  pipeline.PipelineStateManagerImpl (PipelineStateManagerImpl.java:addPipeline(103)) - Created pipeline Pipeline[ Id: c9478059-bf5d-4d88-9d75-de385b8f16a6, Nodes: 4daf1ed2-e43c-4bda-878b-63f1449da6f8(fv-az1239-288/10.1.0.31)c0b96ab7-4e07-4f66-b608-d68f56bbc6df(fv-az1239-288/10.1.0.31)b4411977-9720-4d4b-9a0b-907fa7158048(fv-az1239-288/10.1.0.31)c30a36da-1763-463f-9370-bf353ef860b0(fv-az1239-288/10.1.0.31)c911a996-2ad9-4932-9a2b-dd3b110c7bbf(fv-az1239-288/10.1.0.31)0ec547f6-a501-4372-afcf-7dbe5c08d569(fv-az1239-288/10.1.0.31)f5d72e8c-7c96-4354-bf1f-55d48726708b(fv-az1239-288/10.1.0.31)e2046f02-5b0f-4721-8967-351bc4e74694(fv-az1239-288/10.1.0.31)559beb36-7c11-4841-9a8b-e14375a607db(fv-az1239-288/10.1.0.31), ReplicationConfig: EC{rs-6-3-1024k}, State:ALLOCATED, leaderId:, CreationTimestamp2023-06-02T20:41:35.520Z[Etc/UTC]].
2023-06-02 20:41:35,521 [IPC Server handler 3 on default port 15001] INFO  pipeline.PipelineManagerImpl (PipelineManagerImpl.java:openPipeline(367)) - Pipeline Pipeline[ Id: c9478059-bf5d-4d88-9d75-de385b8f16a6, Nodes: 4daf1ed2-e43c-4bda-878b-63f1449da6f8(fv-az1239-288/10.1.0.31)c0b96ab7-4e07-4f66-b608-d68f56bbc6df(fv-az1239-288/10.1.0.31)b4411977-9720-4d4b-9a0b-907fa7158048(fv-az1239-288/10.1.0.31)c30a36da-1763-463f-9370-bf353ef860b0(fv-az1239-288/10.1.0.31)c911a996-2ad9-4932-9a2b-dd3b110c7bbf(fv-az1239-288/10.1.0.31)0ec547f6-a501-4372-afcf-7dbe5c08d569(fv-az1239-288/10.1.0.31)f5d72e8c-7c96-4354-bf1f-55d48726708b(fv-az1239-288/10.1.0.31)e2046f02-5b0f-4721-8967-351bc4e74694(fv-az1239-288/10.1.0.31)559beb36-7c11-4841-9a8b-e14375a607db(fv-az1239-288/10.1.0.31), ReplicationConfig: EC{rs-6-3-1024k}, State:ALLOCATED, leaderId:, CreationTimestamp2023-06-02T20:41:35.520Z[Etc/UTC]] moved to OPEN state
2023-06-02 20:41:35,670 [IPC Server handler 4 on default port 15001] WARN  node.SCMNodeManager (SCMNodeManager.java:getNodesByAddress(1381)) - Cannot find node for address 127.0.0.1
2023-06-02 20:41:35,675 [IPC Server handler 10 on default port 15001] WARN  node.SCMNodeManager (SCMNodeManager.java:getNodesByAddress(1381)) - Cannot find node for address 127.0.0.1
]]></system-out>
  </testcase>
  <testcase name="testPutKeyWithReplicationConfig(String, boolean)[5]" classname="org.apache.hadoop.ozone.client.rpc.TestSecureOzoneRpcClient" time="0.182">
    <system-out><![CDATA[2023-06-02 20:41:35,684 [main] INFO  rpc.RpcClient (RpcClient.java:createVolume(459)) - Creating Volume: 0cfd0c1b-428b-4305-9a4a-59cc9bbe3cd1, with runner as owner and space quota set to -1 bytes, counts quota set to -1
2023-06-02 20:41:35,687 [OM StateMachine ApplyTransaction Thread - 0] INFO  volume.OMVolumeCreateRequest (OMVolumeCreateRequest.java:validateAndUpdateCache(196)) - created volume:0cfd0c1b-428b-4305-9a4a-59cc9bbe3cd1 for user:runner
2023-06-02 20:41:35,689 [main] INFO  rpc.RpcClient (RpcClient.java:createBucket(686)) - Creating Bucket: 0cfd0c1b-428b-4305-9a4a-59cc9bbe3cd1/de09171f-68bd-48d6-adf6-7fcba8f244b1, with server-side default bucket layout, runner as owner, Versioning false, Storage Type set to DISK and Encryption set to false, Replication Type set to server-side default replication type, Namespace Quota set to -1, Space Quota set to -1 
2023-06-02 20:41:35,691 [OM StateMachine ApplyTransaction Thread - 0] INFO  bucket.OMBucketCreateRequest (OMBucketCreateRequest.java:validateAndUpdateCache(270)) - created bucket: de09171f-68bd-48d6-adf6-7fcba8f244b1 of layout OBJECT_STORE in volume: 0cfd0c1b-428b-4305-9a4a-59cc9bbe3cd1
2023-06-02 20:41:35,696 [IPC Server handler 5 on default port 15001] INFO  pipeline.PipelineStateManagerImpl (PipelineStateManagerImpl.java:addPipeline(103)) - Created pipeline Pipeline[ Id: 6ae50d55-135e-4cd7-9f7d-596de5d25347, Nodes: c30a36da-1763-463f-9370-bf353ef860b0(fv-az1239-288/10.1.0.31)de3fb769-0102-4a69-91ff-1ba1954f3f02(fv-az1239-288/10.1.0.31)559beb36-7c11-4841-9a8b-e14375a607db(fv-az1239-288/10.1.0.31)0ec547f6-a501-4372-afcf-7dbe5c08d569(fv-az1239-288/10.1.0.31)f5d72e8c-7c96-4354-bf1f-55d48726708b(fv-az1239-288/10.1.0.31)c0b96ab7-4e07-4f66-b608-d68f56bbc6df(fv-az1239-288/10.1.0.31)8f90378c-2071-462d-9a04-80510992f21c(fv-az1239-288/10.1.0.31)b4411977-9720-4d4b-9a0b-907fa7158048(fv-az1239-288/10.1.0.31)4daf1ed2-e43c-4bda-878b-63f1449da6f8(fv-az1239-288/10.1.0.31)c911a996-2ad9-4932-9a2b-dd3b110c7bbf(fv-az1239-288/10.1.0.31)e2046f02-5b0f-4721-8967-351bc4e74694(fv-az1239-288/10.1.0.31)501c2811-31b4-4cb7-a883-304e4eecc84c(fv-az1239-288/10.1.0.31)f3098061-e126-467d-ace5-c417dde623cb(fv-az1239-288/10.1.0.31)a629a011-13a9-410c-9234-b770ba2e8ba4(fv-az1239-288/10.1.0.31), ReplicationConfig: EC{rs-10-4-1024k}, State:ALLOCATED, leaderId:, CreationTimestamp2023-06-02T20:41:35.695Z[Etc/UTC]].
2023-06-02 20:41:35,696 [IPC Server handler 5 on default port 15001] INFO  pipeline.PipelineManagerImpl (PipelineManagerImpl.java:openPipeline(367)) - Pipeline Pipeline[ Id: 6ae50d55-135e-4cd7-9f7d-596de5d25347, Nodes: c30a36da-1763-463f-9370-bf353ef860b0(fv-az1239-288/10.1.0.31)de3fb769-0102-4a69-91ff-1ba1954f3f02(fv-az1239-288/10.1.0.31)559beb36-7c11-4841-9a8b-e14375a607db(fv-az1239-288/10.1.0.31)0ec547f6-a501-4372-afcf-7dbe5c08d569(fv-az1239-288/10.1.0.31)f5d72e8c-7c96-4354-bf1f-55d48726708b(fv-az1239-288/10.1.0.31)c0b96ab7-4e07-4f66-b608-d68f56bbc6df(fv-az1239-288/10.1.0.31)8f90378c-2071-462d-9a04-80510992f21c(fv-az1239-288/10.1.0.31)b4411977-9720-4d4b-9a0b-907fa7158048(fv-az1239-288/10.1.0.31)4daf1ed2-e43c-4bda-878b-63f1449da6f8(fv-az1239-288/10.1.0.31)c911a996-2ad9-4932-9a2b-dd3b110c7bbf(fv-az1239-288/10.1.0.31)e2046f02-5b0f-4721-8967-351bc4e74694(fv-az1239-288/10.1.0.31)501c2811-31b4-4cb7-a883-304e4eecc84c(fv-az1239-288/10.1.0.31)f3098061-e126-467d-ace5-c417dde623cb(fv-az1239-288/10.1.0.31)a629a011-13a9-410c-9234-b770ba2e8ba4(fv-az1239-288/10.1.0.31), ReplicationConfig: EC{rs-10-4-1024k}, State:ALLOCATED, leaderId:, CreationTimestamp2023-06-02T20:41:35.695Z[Etc/UTC]] moved to OPEN state
2023-06-02 20:41:35,854 [IPC Server handler 6 on default port 15001] WARN  node.SCMNodeManager (SCMNodeManager.java:getNodesByAddress(1381)) - Cannot find node for address 127.0.0.1
2023-06-02 20:41:35,858 [IPC Server handler 7 on default port 15001] WARN  node.SCMNodeManager (SCMNodeManager.java:getNodesByAddress(1381)) - Cannot find node for address 127.0.0.1
]]></system-out>
  </testcase>
  <testcase name="testReadKeyWithCorruptedData" classname="org.apache.hadoop.ozone.client.rpc.TestSecureOzoneRpcClient" time="0.069">
    <system-out><![CDATA[2023-06-02 20:41:35,868 [main] INFO  rpc.RpcClient (RpcClient.java:createVolume(459)) - Creating Volume: f2d3b039-86bc-4a7d-8c06-05c0a8386e34, with runner as owner and space quota set to -1 bytes, counts quota set to -1
2023-06-02 20:41:35,870 [OM StateMachine ApplyTransaction Thread - 0] INFO  volume.OMVolumeCreateRequest (OMVolumeCreateRequest.java:validateAndUpdateCache(196)) - created volume:f2d3b039-86bc-4a7d-8c06-05c0a8386e34 for user:runner
2023-06-02 20:41:35,872 [main] INFO  rpc.RpcClient (RpcClient.java:createBucket(686)) - Creating Bucket: f2d3b039-86bc-4a7d-8c06-05c0a8386e34/109f6066-4fd5-44f4-9887-b3e664218ed6, with server-side default bucket layout, runner as owner, Versioning false, Storage Type set to DISK and Encryption set to false, Replication Type set to server-side default replication type, Namespace Quota set to -1, Space Quota set to -1 
2023-06-02 20:41:35,876 [OM StateMachine ApplyTransaction Thread - 0] INFO  bucket.OMBucketCreateRequest (OMBucketCreateRequest.java:validateAndUpdateCache(270)) - created bucket: 109f6066-4fd5-44f4-9887-b3e664218ed6 of layout OBJECT_STORE in volume: f2d3b039-86bc-4a7d-8c06-05c0a8386e34
2023-06-02 20:41:35,902 [IPC Server handler 9 on default port 15001] WARN  node.SCMNodeManager (SCMNodeManager.java:getNodesByAddress(1381)) - Cannot find node for address 127.0.0.1
2023-06-02 20:41:35,925 [IPC Server handler 0 on default port 15001] WARN  node.SCMNodeManager (SCMNodeManager.java:getNodesByAddress(1381)) - Cannot find node for address 127.0.0.1
2023-06-02 20:41:35,930 [main] ERROR scm.XceiverClientGrpc (XceiverClientGrpc.java:sendCommandWithRetry(453)) - Failed to execute command ReadChunk on the pipeline Pipeline[ Id: e2758bfc-a0d8-4c02-9c43-cb36f2d09563, Nodes: f5d72e8c-7c96-4354-bf1f-55d48726708b(fv-az1239-288/10.1.0.31), ReplicationConfig: STANDALONE/ONE, State:OPEN, leaderId:f5d72e8c-7c96-4354-bf1f-55d48726708b, CreationTimestamp2023-06-02T20:40:32.801Z[Etc/UTC]].
2023-06-02 20:41:35,934 [main] ERROR scm.XceiverClientGrpc (XceiverClientGrpc.java:sendCommandWithRetry(453)) - Failed to execute command ReadChunk on the pipeline Pipeline[ Id: e2758bfc-a0d8-4c02-9c43-cb36f2d09563, Nodes: f5d72e8c-7c96-4354-bf1f-55d48726708b(fv-az1239-288/10.1.0.31), ReplicationConfig: STANDALONE/ONE, State:OPEN, leaderId:f5d72e8c-7c96-4354-bf1f-55d48726708b, CreationTimestamp2023-06-02T20:40:32.801Z[Etc/UTC]].
2023-06-02 20:41:35,936 [main] ERROR scm.XceiverClientGrpc (XceiverClientGrpc.java:sendCommandWithRetry(453)) - Failed to execute command ReadChunk on the pipeline Pipeline[ Id: e2758bfc-a0d8-4c02-9c43-cb36f2d09563, Nodes: f5d72e8c-7c96-4354-bf1f-55d48726708b(fv-az1239-288/10.1.0.31), ReplicationConfig: STANDALONE/ONE, State:OPEN, leaderId:f5d72e8c-7c96-4354-bf1f-55d48726708b, CreationTimestamp2023-06-02T20:40:32.801Z[Etc/UTC]].
]]></system-out>
  </testcase>
  <testcase name="testReadKeyWithCorruptedDataWithMutiNodes" classname="org.apache.hadoop.ozone.client.rpc.TestSecureOzoneRpcClient" time="0.178">
    <system-out><![CDATA[2023-06-02 20:41:35,939 [main] INFO  rpc.RpcClient (RpcClient.java:createVolume(459)) - Creating Volume: 6f39be14-6d3d-4759-bc70-d59c787da549, with runner as owner and space quota set to -1 bytes, counts quota set to -1
2023-06-02 20:41:35,942 [OM StateMachine ApplyTransaction Thread - 0] INFO  volume.OMVolumeCreateRequest (OMVolumeCreateRequest.java:validateAndUpdateCache(196)) - created volume:6f39be14-6d3d-4759-bc70-d59c787da549 for user:runner
2023-06-02 20:41:35,944 [main] INFO  rpc.RpcClient (RpcClient.java:createBucket(686)) - Creating Bucket: 6f39be14-6d3d-4759-bc70-d59c787da549/df1bf1c7-b7b0-4ea3-83b0-207025efdaa4, with server-side default bucket layout, runner as owner, Versioning false, Storage Type set to DISK and Encryption set to false, Replication Type set to server-side default replication type, Namespace Quota set to -1, Space Quota set to -1 
2023-06-02 20:41:35,946 [OM StateMachine ApplyTransaction Thread - 0] INFO  bucket.OMBucketCreateRequest (OMBucketCreateRequest.java:validateAndUpdateCache(270)) - created bucket: df1bf1c7-b7b0-4ea3-83b0-207025efdaa4 of layout OBJECT_STORE in volume: 6f39be14-6d3d-4759-bc70-d59c787da549
2023-06-02 20:41:35,992 [IPC Server handler 11 on default port 15001] WARN  node.SCMNodeManager (SCMNodeManager.java:getNodesByAddress(1381)) - Cannot find node for address 127.0.0.1
2023-06-02 20:41:36,003 [IPC Server handler 18 on default port 15001] WARN  node.SCMNodeManager (SCMNodeManager.java:getNodesByAddress(1381)) - Cannot find node for address 127.0.0.1
2023-06-02 20:41:36,029 [IPC Server handler 13 on default port 15001] WARN  node.SCMNodeManager (SCMNodeManager.java:getNodesByAddress(1381)) - Cannot find node for address 127.0.0.1
2023-06-02 20:41:36,046 [IPC Server handler 2 on default port 15001] WARN  node.SCMNodeManager (SCMNodeManager.java:getNodesByAddress(1381)) - Cannot find node for address 127.0.0.1
2023-06-02 20:41:36,053 [main] ERROR scm.XceiverClientGrpc (XceiverClientGrpc.java:sendCommandWithRetry(453)) - Failed to execute command ReadChunk on the pipeline Pipeline[ Id: 40d86c21-5060-4c2c-992b-2370e48c5ec3, Nodes: b4411977-9720-4d4b-9a0b-907fa7158048(fv-az1239-288/10.1.0.31)c30a36da-1763-463f-9370-bf353ef860b0(fv-az1239-288/10.1.0.31)a629a011-13a9-410c-9234-b770ba2e8ba4(fv-az1239-288/10.1.0.31), ReplicationConfig: STANDALONE/THREE, State:OPEN, leaderId:a629a011-13a9-410c-9234-b770ba2e8ba4, CreationTimestamp2023-06-02T20:40:34.112Z[Etc/UTC]].
2023-06-02 20:41:36,053 [main] WARN  storage.ContainerProtocolCalls (ContainerProtocolCalls.java:tryEachDatanode(150)) - Failed to read chunk 111677748019200387_chunk_1 (len=12) conID: 17 locID: 111677748019200387 bcsId: 118 from a629a011-13a9-410c-9234-b770ba2e8ba4(fv-az1239-288/10.1.0.31); will try another datanode.
org.apache.hadoop.ozone.common.OzoneChecksumException: Checksum mismatch at index 0
	at org.apache.hadoop.ozone.common.ChecksumData.verifyChecksumDataMatches(ChecksumData.java:139)
	at org.apache.hadoop.ozone.common.Checksum.verifyChecksum(Checksum.java:295)
	at org.apache.hadoop.hdds.scm.storage.ChunkInputStream.lambda$new$0(ChunkInputStream.java:491)
	at org.apache.hadoop.hdds.scm.XceiverClientGrpc.sendCommandWithRetry(XceiverClientGrpc.java:410)
	at org.apache.hadoop.hdds.scm.XceiverClientGrpc.lambda$sendCommandWithTraceIDAndRetry$0(XceiverClientGrpc.java:349)
	at org.apache.hadoop.hdds.tracing.TracingUtil.executeInSpan(TracingUtil.java:196)
	at org.apache.hadoop.hdds.tracing.TracingUtil.executeInNewSpan(TracingUtil.java:170)
	at org.apache.hadoop.hdds.scm.XceiverClientGrpc.sendCommandWithTraceIDAndRetry(XceiverClientGrpc.java:343)
	at org.apache.hadoop.hdds.scm.XceiverClientGrpc.sendCommand(XceiverClientGrpc.java:324)
	at org.apache.hadoop.hdds.scm.storage.ContainerProtocolCalls.readChunk(ContainerProtocolCalls.java:356)
	at org.apache.hadoop.hdds.scm.storage.ContainerProtocolCalls.lambda$readChunk$2(ContainerProtocolCalls.java:343)
	at org.apache.hadoop.hdds.scm.storage.ContainerProtocolCalls.tryEachDatanode(ContainerProtocolCalls.java:146)
	at org.apache.hadoop.hdds.scm.storage.ContainerProtocolCalls.readChunk(ContainerProtocolCalls.java:342)
	at org.apache.hadoop.hdds.scm.storage.ChunkInputStream.readChunk(ChunkInputStream.java:430)
	at org.apache.hadoop.hdds.scm.storage.ChunkInputStream.readChunkDataIntoBuffers(ChunkInputStream.java:404)
	at org.apache.hadoop.hdds.scm.storage.ChunkInputStream.readChunkFromContainer(ChunkInputStream.java:389)
	at org.apache.hadoop.hdds.scm.storage.ChunkInputStream.prepareRead(ChunkInputStream.java:331)
	at org.apache.hadoop.hdds.scm.storage.ChunkInputStream.read(ChunkInputStream.java:175)
	at org.apache.hadoop.hdds.scm.storage.ByteArrayReader.readFromBlock(ByteArrayReader.java:57)
	at org.apache.hadoop.hdds.scm.storage.BlockInputStream.readWithStrategy(BlockInputStream.java:328)
	at org.apache.hadoop.hdds.scm.storage.ExtendedInputStream.read(ExtendedInputStream.java:56)
	at org.apache.hadoop.hdds.scm.storage.ByteArrayReader.readFromBlock(ByteArrayReader.java:57)
	at org.apache.hadoop.hdds.scm.storage.MultipartInputStream.readWithStrategy(MultipartInputStream.java:96)
	at org.apache.hadoop.hdds.scm.storage.ExtendedInputStream.read(ExtendedInputStream.java:56)
	at org.apache.hadoop.ozone.client.io.OzoneInputStream.read(OzoneInputStream.java:56)
	at java.io.InputStream.read(InputStream.java:101)
	at org.apache.hadoop.ozone.client.rpc.TestOzoneRpcClientAbstract.testReadKeyWithCorruptedDataWithMutiNodes(TestOzoneRpcClientAbstract.java:2044)
	at sun.reflect.NativeMethodAccessorImpl.invoke0(Native Method)
	at sun.reflect.NativeMethodAccessorImpl.invoke(NativeMethodAccessorImpl.java:62)
	at sun.reflect.DelegatingMethodAccessorImpl.invoke(DelegatingMethodAccessorImpl.java:43)
	at java.lang.reflect.Method.invoke(Method.java:498)
	at org.junit.platform.commons.util.ReflectionUtils.invokeMethod(ReflectionUtils.java:725)
	at org.junit.jupiter.engine.execution.MethodInvocation.proceed(MethodInvocation.java:60)
	at org.junit.jupiter.engine.execution.InvocationInterceptorChain$ValidatingInvocation.proceed(InvocationInterceptorChain.java:131)
	at org.junit.jupiter.engine.extension.TimeoutInvocation.proceed(TimeoutInvocation.java:46)
	at org.junit.jupiter.engine.extension.TimeoutExtension.intercept(TimeoutExtension.java:149)
	at org.junit.jupiter.engine.extension.TimeoutExtension.interceptTestableMethod(TimeoutExtension.java:140)
	at org.junit.jupiter.engine.extension.TimeoutExtension.interceptTestMethod(TimeoutExtension.java:84)
	at org.junit.jupiter.engine.execution.ExecutableInvoker$ReflectiveInterceptorCall.lambda$ofVoidMethod$0(ExecutableInvoker.java:115)
	at org.junit.jupiter.engine.execution.ExecutableInvoker.lambda$invoke$0(ExecutableInvoker.java:105)
	at org.junit.jupiter.engine.execution.InvocationInterceptorChain$InterceptedInvocation.proceed(InvocationInterceptorChain.java:106)
	at org.junit.jupiter.engine.execution.InvocationInterceptorChain.proceed(InvocationInterceptorChain.java:64)
	at org.junit.jupiter.engine.execution.InvocationInterceptorChain.chainAndInvoke(InvocationInterceptorChain.java:45)
	at org.junit.jupiter.engine.execution.InvocationInterceptorChain.invoke(InvocationInterceptorChain.java:37)
	at org.junit.jupiter.engine.execution.ExecutableInvoker.invoke(ExecutableInvoker.java:104)
	at org.junit.jupiter.engine.execution.ExecutableInvoker.invoke(ExecutableInvoker.java:98)
	at org.junit.jupiter.engine.descriptor.TestMethodTestDescriptor.lambda$invokeTestMethod$7(TestMethodTestDescriptor.java:214)
	at org.junit.platform.engine.support.hierarchical.ThrowableCollector.execute(ThrowableCollector.java:73)
	at org.junit.jupiter.engine.descriptor.TestMethodTestDescriptor.invokeTestMethod(TestMethodTestDescriptor.java:210)
	at org.junit.jupiter.engine.descriptor.TestMethodTestDescriptor.execute(TestMethodTestDescriptor.java:135)
	at org.junit.jupiter.engine.descriptor.TestMethodTestDescriptor.execute(TestMethodTestDescriptor.java:66)
	at org.junit.platform.engine.support.hierarchical.NodeTestTask.lambda$executeRecursively$6(NodeTestTask.java:151)
	at org.junit.platform.engine.support.hierarchical.ThrowableCollector.execute(ThrowableCollector.java:73)
	at org.junit.platform.engine.support.hierarchical.NodeTestTask.lambda$executeRecursively$8(NodeTestTask.java:141)
	at org.junit.platform.engine.support.hierarchical.Node.around(Node.java:137)
	at org.junit.platform.engine.support.hierarchical.NodeTestTask.lambda$executeRecursively$9(NodeTestTask.java:139)
	at org.junit.platform.engine.support.hierarchical.ThrowableCollector.execute(ThrowableCollector.java:73)
	at org.junit.platform.engine.support.hierarchical.NodeTestTask.executeRecursively(NodeTestTask.java:138)
	at org.junit.platform.engine.support.hierarchical.NodeTestTask.execute(NodeTestTask.java:95)
	at java.util.ArrayList.forEach(ArrayList.java:1259)
	at org.junit.platform.engine.support.hierarchical.SameThreadHierarchicalTestExecutorService.invokeAll(SameThreadHierarchicalTestExecutorService.java:41)
	at org.junit.platform.engine.support.hierarchical.NodeTestTask.lambda$executeRecursively$6(NodeTestTask.java:155)
	at org.junit.platform.engine.support.hierarchical.ThrowableCollector.execute(ThrowableCollector.java:73)
	at org.junit.platform.engine.support.hierarchical.NodeTestTask.lambda$executeRecursively$8(NodeTestTask.java:141)
	at org.junit.platform.engine.support.hierarchical.Node.around(Node.java:137)
	at org.junit.platform.engine.support.hierarchical.NodeTestTask.lambda$executeRecursively$9(NodeTestTask.java:139)
	at org.junit.platform.engine.support.hierarchical.ThrowableCollector.execute(ThrowableCollector.java:73)
	at org.junit.platform.engine.support.hierarchical.NodeTestTask.executeRecursively(NodeTestTask.java:138)
	at org.junit.platform.engine.support.hierarchical.NodeTestTask.execute(NodeTestTask.java:95)
	at java.util.ArrayList.forEach(ArrayList.java:1259)
	at org.junit.platform.engine.support.hierarchical.SameThreadHierarchicalTestExecutorService.invokeAll(SameThreadHierarchicalTestExecutorService.java:41)
	at org.junit.platform.engine.support.hierarchical.NodeTestTask.lambda$executeRecursively$6(NodeTestTask.java:155)
	at org.junit.platform.engine.support.hierarchical.ThrowableCollector.execute(ThrowableCollector.java:73)
	at org.junit.platform.engine.support.hierarchical.NodeTestTask.lambda$executeRecursively$8(NodeTestTask.java:141)
	at org.junit.platform.engine.support.hierarchical.Node.around(Node.java:137)
	at org.junit.platform.engine.support.hierarchical.NodeTestTask.lambda$executeRecursively$9(NodeTestTask.java:139)
	at org.junit.platform.engine.support.hierarchical.ThrowableCollector.execute(ThrowableCollector.java:73)
	at org.junit.platform.engine.support.hierarchical.NodeTestTask.executeRecursively(NodeTestTask.java:138)
	at org.junit.platform.engine.support.hierarchical.NodeTestTask.execute(NodeTestTask.java:95)
	at org.junit.platform.engine.support.hierarchical.SameThreadHierarchicalTestExecutorService.submit(SameThreadHierarchicalTestExecutorService.java:35)
	at org.junit.platform.engine.support.hierarchical.HierarchicalTestExecutor.execute(HierarchicalTestExecutor.java:57)
	at org.junit.platform.engine.support.hierarchical.HierarchicalTestEngine.execute(HierarchicalTestEngine.java:54)
	at org.junit.platform.launcher.core.EngineExecutionOrchestrator.execute(EngineExecutionOrchestrator.java:107)
	at org.junit.platform.launcher.core.EngineExecutionOrchestrator.execute(EngineExecutionOrchestrator.java:88)
	at org.junit.platform.launcher.core.EngineExecutionOrchestrator.lambda$execute$0(EngineExecutionOrchestrator.java:54)
	at org.junit.platform.launcher.core.EngineExecutionOrchestrator.withInterceptedStreams(EngineExecutionOrchestrator.java:67)
	at org.junit.platform.launcher.core.EngineExecutionOrchestrator.execute(EngineExecutionOrchestrator.java:52)
	at org.junit.platform.launcher.core.DefaultLauncher.execute(DefaultLauncher.java:114)
	at org.junit.platform.launcher.core.DefaultLauncher.execute(DefaultLauncher.java:86)
	at org.junit.platform.launcher.core.DefaultLauncherSession$DelegatingLauncher.execute(DefaultLauncherSession.java:86)
	at org.junit.platform.launcher.core.SessionPerRequestLauncher.execute(SessionPerRequestLauncher.java:53)
	at org.apache.maven.surefire.junitplatform.JUnitPlatformProvider.execute(JUnitPlatformProvider.java:188)
	at org.apache.maven.surefire.junitplatform.JUnitPlatformProvider.invokeAllTests(JUnitPlatformProvider.java:154)
	at org.apache.maven.surefire.junitplatform.JUnitPlatformProvider.invoke(JUnitPlatformProvider.java:124)
	at org.apache.maven.surefire.booter.ForkedBooter.runSuitesInProcess(ForkedBooter.java:428)
	at org.apache.maven.surefire.booter.ForkedBooter.execute(ForkedBooter.java:162)
	at org.apache.maven.surefire.booter.ForkedBooter.run(ForkedBooter.java:562)
	at org.apache.maven.surefire.booter.ForkedBooter.main(ForkedBooter.java:548)
2023-06-02 20:41:36,062 [main] ERROR scm.XceiverClientGrpc (XceiverClientGrpc.java:sendCommandWithRetry(453)) - Failed to execute command ReadChunk on the pipeline Pipeline[ Id: 40d86c21-5060-4c2c-992b-2370e48c5ec3, Nodes: b4411977-9720-4d4b-9a0b-907fa7158048(fv-az1239-288/10.1.0.31)c30a36da-1763-463f-9370-bf353ef860b0(fv-az1239-288/10.1.0.31)a629a011-13a9-410c-9234-b770ba2e8ba4(fv-az1239-288/10.1.0.31), ReplicationConfig: STANDALONE/THREE, State:OPEN, leaderId:a629a011-13a9-410c-9234-b770ba2e8ba4, CreationTimestamp2023-06-02T20:40:34.112Z[Etc/UTC]].
2023-06-02 20:41:36,063 [main] WARN  storage.ContainerProtocolCalls (ContainerProtocolCalls.java:tryEachDatanode(150)) - Failed to read chunk 111677748019200387_chunk_1 (len=12) conID: 17 locID: 111677748019200387 bcsId: 118 from c30a36da-1763-463f-9370-bf353ef860b0(fv-az1239-288/10.1.0.31); will try another datanode.
org.apache.hadoop.ozone.common.OzoneChecksumException: Checksum mismatch at index 0
	at org.apache.hadoop.ozone.common.ChecksumData.verifyChecksumDataMatches(ChecksumData.java:139)
	at org.apache.hadoop.ozone.common.Checksum.verifyChecksum(Checksum.java:295)
	at org.apache.hadoop.hdds.scm.storage.ChunkInputStream.lambda$new$0(ChunkInputStream.java:491)
	at org.apache.hadoop.hdds.scm.XceiverClientGrpc.sendCommandWithRetry(XceiverClientGrpc.java:410)
	at org.apache.hadoop.hdds.scm.XceiverClientGrpc.lambda$sendCommandWithTraceIDAndRetry$0(XceiverClientGrpc.java:349)
	at org.apache.hadoop.hdds.tracing.TracingUtil.executeInSpan(TracingUtil.java:196)
	at org.apache.hadoop.hdds.tracing.TracingUtil.executeInNewSpan(TracingUtil.java:170)
	at org.apache.hadoop.hdds.scm.XceiverClientGrpc.sendCommandWithTraceIDAndRetry(XceiverClientGrpc.java:343)
	at org.apache.hadoop.hdds.scm.XceiverClientGrpc.sendCommand(XceiverClientGrpc.java:324)
	at org.apache.hadoop.hdds.scm.storage.ContainerProtocolCalls.readChunk(ContainerProtocolCalls.java:356)
	at org.apache.hadoop.hdds.scm.storage.ContainerProtocolCalls.lambda$readChunk$2(ContainerProtocolCalls.java:343)
	at org.apache.hadoop.hdds.scm.storage.ContainerProtocolCalls.tryEachDatanode(ContainerProtocolCalls.java:146)
	at org.apache.hadoop.hdds.scm.storage.ContainerProtocolCalls.readChunk(ContainerProtocolCalls.java:342)
	at org.apache.hadoop.hdds.scm.storage.ChunkInputStream.readChunk(ChunkInputStream.java:430)
	at org.apache.hadoop.hdds.scm.storage.ChunkInputStream.readChunkDataIntoBuffers(ChunkInputStream.java:404)
	at org.apache.hadoop.hdds.scm.storage.ChunkInputStream.readChunkFromContainer(ChunkInputStream.java:389)
	at org.apache.hadoop.hdds.scm.storage.ChunkInputStream.prepareRead(ChunkInputStream.java:331)
	at org.apache.hadoop.hdds.scm.storage.ChunkInputStream.read(ChunkInputStream.java:175)
	at org.apache.hadoop.hdds.scm.storage.ByteArrayReader.readFromBlock(ByteArrayReader.java:57)
	at org.apache.hadoop.hdds.scm.storage.BlockInputStream.readWithStrategy(BlockInputStream.java:328)
	at org.apache.hadoop.hdds.scm.storage.ExtendedInputStream.read(ExtendedInputStream.java:56)
	at org.apache.hadoop.hdds.scm.storage.ByteArrayReader.readFromBlock(ByteArrayReader.java:57)
	at org.apache.hadoop.hdds.scm.storage.MultipartInputStream.readWithStrategy(MultipartInputStream.java:96)
	at org.apache.hadoop.hdds.scm.storage.ExtendedInputStream.read(ExtendedInputStream.java:56)
	at org.apache.hadoop.ozone.client.io.OzoneInputStream.read(OzoneInputStream.java:56)
	at java.io.InputStream.read(InputStream.java:101)
	at org.apache.hadoop.ozone.client.rpc.TestOzoneRpcClientAbstract.testReadKeyWithCorruptedDataWithMutiNodes(TestOzoneRpcClientAbstract.java:2044)
	at sun.reflect.NativeMethodAccessorImpl.invoke0(Native Method)
	at sun.reflect.NativeMethodAccessorImpl.invoke(NativeMethodAccessorImpl.java:62)
	at sun.reflect.DelegatingMethodAccessorImpl.invoke(DelegatingMethodAccessorImpl.java:43)
	at java.lang.reflect.Method.invoke(Method.java:498)
	at org.junit.platform.commons.util.ReflectionUtils.invokeMethod(ReflectionUtils.java:725)
	at org.junit.jupiter.engine.execution.MethodInvocation.proceed(MethodInvocation.java:60)
	at org.junit.jupiter.engine.execution.InvocationInterceptorChain$ValidatingInvocation.proceed(InvocationInterceptorChain.java:131)
	at org.junit.jupiter.engine.extension.TimeoutInvocation.proceed(TimeoutInvocation.java:46)
	at org.junit.jupiter.engine.extension.TimeoutExtension.intercept(TimeoutExtension.java:149)
	at org.junit.jupiter.engine.extension.TimeoutExtension.interceptTestableMethod(TimeoutExtension.java:140)
	at org.junit.jupiter.engine.extension.TimeoutExtension.interceptTestMethod(TimeoutExtension.java:84)
	at org.junit.jupiter.engine.execution.ExecutableInvoker$ReflectiveInterceptorCall.lambda$ofVoidMethod$0(ExecutableInvoker.java:115)
	at org.junit.jupiter.engine.execution.ExecutableInvoker.lambda$invoke$0(ExecutableInvoker.java:105)
	at org.junit.jupiter.engine.execution.InvocationInterceptorChain$InterceptedInvocation.proceed(InvocationInterceptorChain.java:106)
	at org.junit.jupiter.engine.execution.InvocationInterceptorChain.proceed(InvocationInterceptorChain.java:64)
	at org.junit.jupiter.engine.execution.InvocationInterceptorChain.chainAndInvoke(InvocationInterceptorChain.java:45)
	at org.junit.jupiter.engine.execution.InvocationInterceptorChain.invoke(InvocationInterceptorChain.java:37)
	at org.junit.jupiter.engine.execution.ExecutableInvoker.invoke(ExecutableInvoker.java:104)
	at org.junit.jupiter.engine.execution.ExecutableInvoker.invoke(ExecutableInvoker.java:98)
	at org.junit.jupiter.engine.descriptor.TestMethodTestDescriptor.lambda$invokeTestMethod$7(TestMethodTestDescriptor.java:214)
	at org.junit.platform.engine.support.hierarchical.ThrowableCollector.execute(ThrowableCollector.java:73)
	at org.junit.jupiter.engine.descriptor.TestMethodTestDescriptor.invokeTestMethod(TestMethodTestDescriptor.java:210)
	at org.junit.jupiter.engine.descriptor.TestMethodTestDescriptor.execute(TestMethodTestDescriptor.java:135)
	at org.junit.jupiter.engine.descriptor.TestMethodTestDescriptor.execute(TestMethodTestDescriptor.java:66)
	at org.junit.platform.engine.support.hierarchical.NodeTestTask.lambda$executeRecursively$6(NodeTestTask.java:151)
	at org.junit.platform.engine.support.hierarchical.ThrowableCollector.execute(ThrowableCollector.java:73)
	at org.junit.platform.engine.support.hierarchical.NodeTestTask.lambda$executeRecursively$8(NodeTestTask.java:141)
	at org.junit.platform.engine.support.hierarchical.Node.around(Node.java:137)
	at org.junit.platform.engine.support.hierarchical.NodeTestTask.lambda$executeRecursively$9(NodeTestTask.java:139)
	at org.junit.platform.engine.support.hierarchical.ThrowableCollector.execute(ThrowableCollector.java:73)
	at org.junit.platform.engine.support.hierarchical.NodeTestTask.executeRecursively(NodeTestTask.java:138)
	at org.junit.platform.engine.support.hierarchical.NodeTestTask.execute(NodeTestTask.java:95)
	at java.util.ArrayList.forEach(ArrayList.java:1259)
	at org.junit.platform.engine.support.hierarchical.SameThreadHierarchicalTestExecutorService.invokeAll(SameThreadHierarchicalTestExecutorService.java:41)
	at org.junit.platform.engine.support.hierarchical.NodeTestTask.lambda$executeRecursively$6(NodeTestTask.java:155)
	at org.junit.platform.engine.support.hierarchical.ThrowableCollector.execute(ThrowableCollector.java:73)
	at org.junit.platform.engine.support.hierarchical.NodeTestTask.lambda$executeRecursively$8(NodeTestTask.java:141)
	at org.junit.platform.engine.support.hierarchical.Node.around(Node.java:137)
	at org.junit.platform.engine.support.hierarchical.NodeTestTask.lambda$executeRecursively$9(NodeTestTask.java:139)
	at org.junit.platform.engine.support.hierarchical.ThrowableCollector.execute(ThrowableCollector.java:73)
	at org.junit.platform.engine.support.hierarchical.NodeTestTask.executeRecursively(NodeTestTask.java:138)
	at org.junit.platform.engine.support.hierarchical.NodeTestTask.execute(NodeTestTask.java:95)
	at java.util.ArrayList.forEach(ArrayList.java:1259)
	at org.junit.platform.engine.support.hierarchical.SameThreadHierarchicalTestExecutorService.invokeAll(SameThreadHierarchicalTestExecutorService.java:41)
	at org.junit.platform.engine.support.hierarchical.NodeTestTask.lambda$executeRecursively$6(NodeTestTask.java:155)
	at org.junit.platform.engine.support.hierarchical.ThrowableCollector.execute(ThrowableCollector.java:73)
	at org.junit.platform.engine.support.hierarchical.NodeTestTask.lambda$executeRecursively$8(NodeTestTask.java:141)
	at org.junit.platform.engine.support.hierarchical.Node.around(Node.java:137)
	at org.junit.platform.engine.support.hierarchical.NodeTestTask.lambda$executeRecursively$9(NodeTestTask.java:139)
	at org.junit.platform.engine.support.hierarchical.ThrowableCollector.execute(ThrowableCollector.java:73)
	at org.junit.platform.engine.support.hierarchical.NodeTestTask.executeRecursively(NodeTestTask.java:138)
	at org.junit.platform.engine.support.hierarchical.NodeTestTask.execute(NodeTestTask.java:95)
	at org.junit.platform.engine.support.hierarchical.SameThreadHierarchicalTestExecutorService.submit(SameThreadHierarchicalTestExecutorService.java:35)
	at org.junit.platform.engine.support.hierarchical.HierarchicalTestExecutor.execute(HierarchicalTestExecutor.java:57)
	at org.junit.platform.engine.support.hierarchical.HierarchicalTestEngine.execute(HierarchicalTestEngine.java:54)
	at org.junit.platform.launcher.core.EngineExecutionOrchestrator.execute(EngineExecutionOrchestrator.java:107)
	at org.junit.platform.launcher.core.EngineExecutionOrchestrator.execute(EngineExecutionOrchestrator.java:88)
	at org.junit.platform.launcher.core.EngineExecutionOrchestrator.lambda$execute$0(EngineExecutionOrchestrator.java:54)
	at org.junit.platform.launcher.core.EngineExecutionOrchestrator.withInterceptedStreams(EngineExecutionOrchestrator.java:67)
	at org.junit.platform.launcher.core.EngineExecutionOrchestrator.execute(EngineExecutionOrchestrator.java:52)
	at org.junit.platform.launcher.core.DefaultLauncher.execute(DefaultLauncher.java:114)
	at org.junit.platform.launcher.core.DefaultLauncher.execute(DefaultLauncher.java:86)
	at org.junit.platform.launcher.core.DefaultLauncherSession$DelegatingLauncher.execute(DefaultLauncherSession.java:86)
	at org.junit.platform.launcher.core.SessionPerRequestLauncher.execute(SessionPerRequestLauncher.java:53)
	at org.apache.maven.surefire.junitplatform.JUnitPlatformProvider.execute(JUnitPlatformProvider.java:188)
	at org.apache.maven.surefire.junitplatform.JUnitPlatformProvider.invokeAllTests(JUnitPlatformProvider.java:154)
	at org.apache.maven.surefire.junitplatform.JUnitPlatformProvider.invoke(JUnitPlatformProvider.java:124)
	at org.apache.maven.surefire.booter.ForkedBooter.runSuitesInProcess(ForkedBooter.java:428)
	at org.apache.maven.surefire.booter.ForkedBooter.execute(ForkedBooter.java:162)
	at org.apache.maven.surefire.booter.ForkedBooter.run(ForkedBooter.java:562)
	at org.apache.maven.surefire.booter.ForkedBooter.main(ForkedBooter.java:548)
2023-06-02 20:41:36,071 [main] ERROR scm.XceiverClientGrpc (XceiverClientGrpc.java:sendCommandWithRetry(453)) - Failed to execute command ReadChunk on the pipeline Pipeline[ Id: 40d86c21-5060-4c2c-992b-2370e48c5ec3, Nodes: b4411977-9720-4d4b-9a0b-907fa7158048(fv-az1239-288/10.1.0.31)c30a36da-1763-463f-9370-bf353ef860b0(fv-az1239-288/10.1.0.31)a629a011-13a9-410c-9234-b770ba2e8ba4(fv-az1239-288/10.1.0.31), ReplicationConfig: STANDALONE/THREE, State:OPEN, leaderId:a629a011-13a9-410c-9234-b770ba2e8ba4, CreationTimestamp2023-06-02T20:40:34.112Z[Etc/UTC]].
2023-06-02 20:41:36,076 [main] ERROR scm.XceiverClientGrpc (XceiverClientGrpc.java:sendCommandWithRetry(453)) - Failed to execute command ReadChunk on the pipeline Pipeline[ Id: 40d86c21-5060-4c2c-992b-2370e48c5ec3, Nodes: b4411977-9720-4d4b-9a0b-907fa7158048(fv-az1239-288/10.1.0.31)c30a36da-1763-463f-9370-bf353ef860b0(fv-az1239-288/10.1.0.31)a629a011-13a9-410c-9234-b770ba2e8ba4(fv-az1239-288/10.1.0.31), ReplicationConfig: STANDALONE/THREE, State:OPEN, leaderId:a629a011-13a9-410c-9234-b770ba2e8ba4, CreationTimestamp2023-06-02T20:40:34.112Z[Etc/UTC]].
2023-06-02 20:41:36,076 [main] WARN  storage.ContainerProtocolCalls (ContainerProtocolCalls.java:tryEachDatanode(150)) - Failed to read chunk 111677748019200387_chunk_1 (len=12) conID: 17 locID: 111677748019200387 bcsId: 118 from a629a011-13a9-410c-9234-b770ba2e8ba4(fv-az1239-288/10.1.0.31); will try another datanode.
org.apache.hadoop.ozone.common.OzoneChecksumException: Checksum mismatch at index 0
	at org.apache.hadoop.ozone.common.ChecksumData.verifyChecksumDataMatches(ChecksumData.java:139)
	at org.apache.hadoop.ozone.common.Checksum.verifyChecksum(Checksum.java:295)
	at org.apache.hadoop.hdds.scm.storage.ChunkInputStream.lambda$new$0(ChunkInputStream.java:491)
	at org.apache.hadoop.hdds.scm.XceiverClientGrpc.sendCommandWithRetry(XceiverClientGrpc.java:410)
	at org.apache.hadoop.hdds.scm.XceiverClientGrpc.lambda$sendCommandWithTraceIDAndRetry$0(XceiverClientGrpc.java:349)
	at org.apache.hadoop.hdds.tracing.TracingUtil.executeInSpan(TracingUtil.java:196)
	at org.apache.hadoop.hdds.tracing.TracingUtil.executeInNewSpan(TracingUtil.java:170)
	at org.apache.hadoop.hdds.scm.XceiverClientGrpc.sendCommandWithTraceIDAndRetry(XceiverClientGrpc.java:343)
	at org.apache.hadoop.hdds.scm.XceiverClientGrpc.sendCommand(XceiverClientGrpc.java:324)
	at org.apache.hadoop.hdds.scm.storage.ContainerProtocolCalls.readChunk(ContainerProtocolCalls.java:356)
	at org.apache.hadoop.hdds.scm.storage.ContainerProtocolCalls.lambda$readChunk$2(ContainerProtocolCalls.java:343)
	at org.apache.hadoop.hdds.scm.storage.ContainerProtocolCalls.tryEachDatanode(ContainerProtocolCalls.java:146)
	at org.apache.hadoop.hdds.scm.storage.ContainerProtocolCalls.readChunk(ContainerProtocolCalls.java:342)
	at org.apache.hadoop.hdds.scm.storage.ChunkInputStream.readChunk(ChunkInputStream.java:430)
	at org.apache.hadoop.hdds.scm.storage.ChunkInputStream.readChunkDataIntoBuffers(ChunkInputStream.java:404)
	at org.apache.hadoop.hdds.scm.storage.ChunkInputStream.readChunkFromContainer(ChunkInputStream.java:389)
	at org.apache.hadoop.hdds.scm.storage.ChunkInputStream.prepareRead(ChunkInputStream.java:321)
	at org.apache.hadoop.hdds.scm.storage.ChunkInputStream.read(ChunkInputStream.java:175)
	at org.apache.hadoop.hdds.scm.storage.ByteArrayReader.readFromBlock(ByteArrayReader.java:57)
	at org.apache.hadoop.hdds.scm.storage.BlockInputStream.readWithStrategy(BlockInputStream.java:328)
	at org.apache.hadoop.hdds.scm.storage.ExtendedInputStream.read(ExtendedInputStream.java:56)
	at org.apache.hadoop.hdds.scm.storage.ByteArrayReader.readFromBlock(ByteArrayReader.java:57)
	at org.apache.hadoop.hdds.scm.storage.MultipartInputStream.readWithStrategy(MultipartInputStream.java:96)
	at org.apache.hadoop.hdds.scm.storage.ExtendedInputStream.read(ExtendedInputStream.java:56)
	at org.apache.hadoop.ozone.client.io.OzoneInputStream.read(OzoneInputStream.java:56)
	at java.io.InputStream.read(InputStream.java:101)
	at org.apache.hadoop.ozone.client.rpc.TestOzoneRpcClientAbstract.testReadKeyWithCorruptedDataWithMutiNodes(TestOzoneRpcClientAbstract.java:2044)
	at sun.reflect.NativeMethodAccessorImpl.invoke0(Native Method)
	at sun.reflect.NativeMethodAccessorImpl.invoke(NativeMethodAccessorImpl.java:62)
	at sun.reflect.DelegatingMethodAccessorImpl.invoke(DelegatingMethodAccessorImpl.java:43)
	at java.lang.reflect.Method.invoke(Method.java:498)
	at org.junit.platform.commons.util.ReflectionUtils.invokeMethod(ReflectionUtils.java:725)
	at org.junit.jupiter.engine.execution.MethodInvocation.proceed(MethodInvocation.java:60)
	at org.junit.jupiter.engine.execution.InvocationInterceptorChain$ValidatingInvocation.proceed(InvocationInterceptorChain.java:131)
	at org.junit.jupiter.engine.extension.TimeoutInvocation.proceed(TimeoutInvocation.java:46)
	at org.junit.jupiter.engine.extension.TimeoutExtension.intercept(TimeoutExtension.java:149)
	at org.junit.jupiter.engine.extension.TimeoutExtension.interceptTestableMethod(TimeoutExtension.java:140)
	at org.junit.jupiter.engine.extension.TimeoutExtension.interceptTestMethod(TimeoutExtension.java:84)
	at org.junit.jupiter.engine.execution.ExecutableInvoker$ReflectiveInterceptorCall.lambda$ofVoidMethod$0(ExecutableInvoker.java:115)
	at org.junit.jupiter.engine.execution.ExecutableInvoker.lambda$invoke$0(ExecutableInvoker.java:105)
	at org.junit.jupiter.engine.execution.InvocationInterceptorChain$InterceptedInvocation.proceed(InvocationInterceptorChain.java:106)
	at org.junit.jupiter.engine.execution.InvocationInterceptorChain.proceed(InvocationInterceptorChain.java:64)
	at org.junit.jupiter.engine.execution.InvocationInterceptorChain.chainAndInvoke(InvocationInterceptorChain.java:45)
	at org.junit.jupiter.engine.execution.InvocationInterceptorChain.invoke(InvocationInterceptorChain.java:37)
	at org.junit.jupiter.engine.execution.ExecutableInvoker.invoke(ExecutableInvoker.java:104)
	at org.junit.jupiter.engine.execution.ExecutableInvoker.invoke(ExecutableInvoker.java:98)
	at org.junit.jupiter.engine.descriptor.TestMethodTestDescriptor.lambda$invokeTestMethod$7(TestMethodTestDescriptor.java:214)
	at org.junit.platform.engine.support.hierarchical.ThrowableCollector.execute(ThrowableCollector.java:73)
	at org.junit.jupiter.engine.descriptor.TestMethodTestDescriptor.invokeTestMethod(TestMethodTestDescriptor.java:210)
	at org.junit.jupiter.engine.descriptor.TestMethodTestDescriptor.execute(TestMethodTestDescriptor.java:135)
	at org.junit.jupiter.engine.descriptor.TestMethodTestDescriptor.execute(TestMethodTestDescriptor.java:66)
	at org.junit.platform.engine.support.hierarchical.NodeTestTask.lambda$executeRecursively$6(NodeTestTask.java:151)
	at org.junit.platform.engine.support.hierarchical.ThrowableCollector.execute(ThrowableCollector.java:73)
	at org.junit.platform.engine.support.hierarchical.NodeTestTask.lambda$executeRecursively$8(NodeTestTask.java:141)
	at org.junit.platform.engine.support.hierarchical.Node.around(Node.java:137)
	at org.junit.platform.engine.support.hierarchical.NodeTestTask.lambda$executeRecursively$9(NodeTestTask.java:139)
	at org.junit.platform.engine.support.hierarchical.ThrowableCollector.execute(ThrowableCollector.java:73)
	at org.junit.platform.engine.support.hierarchical.NodeTestTask.executeRecursively(NodeTestTask.java:138)
	at org.junit.platform.engine.support.hierarchical.NodeTestTask.execute(NodeTestTask.java:95)
	at java.util.ArrayList.forEach(ArrayList.java:1259)
	at org.junit.platform.engine.support.hierarchical.SameThreadHierarchicalTestExecutorService.invokeAll(SameThreadHierarchicalTestExecutorService.java:41)
	at org.junit.platform.engine.support.hierarchical.NodeTestTask.lambda$executeRecursively$6(NodeTestTask.java:155)
	at org.junit.platform.engine.support.hierarchical.ThrowableCollector.execute(ThrowableCollector.java:73)
	at org.junit.platform.engine.support.hierarchical.NodeTestTask.lambda$executeRecursively$8(NodeTestTask.java:141)
	at org.junit.platform.engine.support.hierarchical.Node.around(Node.java:137)
	at org.junit.platform.engine.support.hierarchical.NodeTestTask.lambda$executeRecursively$9(NodeTestTask.java:139)
	at org.junit.platform.engine.support.hierarchical.ThrowableCollector.execute(ThrowableCollector.java:73)
	at org.junit.platform.engine.support.hierarchical.NodeTestTask.executeRecursively(NodeTestTask.java:138)
	at org.junit.platform.engine.support.hierarchical.NodeTestTask.execute(NodeTestTask.java:95)
	at java.util.ArrayList.forEach(ArrayList.java:1259)
	at org.junit.platform.engine.support.hierarchical.SameThreadHierarchicalTestExecutorService.invokeAll(SameThreadHierarchicalTestExecutorService.java:41)
	at org.junit.platform.engine.support.hierarchical.NodeTestTask.lambda$executeRecursively$6(NodeTestTask.java:155)
	at org.junit.platform.engine.support.hierarchical.ThrowableCollector.execute(ThrowableCollector.java:73)
	at org.junit.platform.engine.support.hierarchical.NodeTestTask.lambda$executeRecursively$8(NodeTestTask.java:141)
	at org.junit.platform.engine.support.hierarchical.Node.around(Node.java:137)
	at org.junit.platform.engine.support.hierarchical.NodeTestTask.lambda$executeRecursively$9(NodeTestTask.java:139)
	at org.junit.platform.engine.support.hierarchical.ThrowableCollector.execute(ThrowableCollector.java:73)
	at org.junit.platform.engine.support.hierarchical.NodeTestTask.executeRecursively(NodeTestTask.java:138)
	at org.junit.platform.engine.support.hierarchical.NodeTestTask.execute(NodeTestTask.java:95)
	at org.junit.platform.engine.support.hierarchical.SameThreadHierarchicalTestExecutorService.submit(SameThreadHierarchicalTestExecutorService.java:35)
	at org.junit.platform.engine.support.hierarchical.HierarchicalTestExecutor.execute(HierarchicalTestExecutor.java:57)
	at org.junit.platform.engine.support.hierarchical.HierarchicalTestEngine.execute(HierarchicalTestEngine.java:54)
	at org.junit.platform.launcher.core.EngineExecutionOrchestrator.execute(EngineExecutionOrchestrator.java:107)
	at org.junit.platform.launcher.core.EngineExecutionOrchestrator.execute(EngineExecutionOrchestrator.java:88)
	at org.junit.platform.launcher.core.EngineExecutionOrchestrator.lambda$execute$0(EngineExecutionOrchestrator.java:54)
	at org.junit.platform.launcher.core.EngineExecutionOrchestrator.withInterceptedStreams(EngineExecutionOrchestrator.java:67)
	at org.junit.platform.launcher.core.EngineExecutionOrchestrator.execute(EngineExecutionOrchestrator.java:52)
	at org.junit.platform.launcher.core.DefaultLauncher.execute(DefaultLauncher.java:114)
	at org.junit.platform.launcher.core.DefaultLauncher.execute(DefaultLauncher.java:86)
	at org.junit.platform.launcher.core.DefaultLauncherSession$DelegatingLauncher.execute(DefaultLauncherSession.java:86)
	at org.junit.platform.launcher.core.SessionPerRequestLauncher.execute(SessionPerRequestLauncher.java:53)
	at org.apache.maven.surefire.junitplatform.JUnitPlatformProvider.execute(JUnitPlatformProvider.java:188)
	at org.apache.maven.surefire.junitplatform.JUnitPlatformProvider.invokeAllTests(JUnitPlatformProvider.java:154)
	at org.apache.maven.surefire.junitplatform.JUnitPlatformProvider.invoke(JUnitPlatformProvider.java:124)
	at org.apache.maven.surefire.booter.ForkedBooter.runSuitesInProcess(ForkedBooter.java:428)
	at org.apache.maven.surefire.booter.ForkedBooter.execute(ForkedBooter.java:162)
	at org.apache.maven.surefire.booter.ForkedBooter.run(ForkedBooter.java:562)
	at org.apache.maven.surefire.booter.ForkedBooter.main(ForkedBooter.java:548)
2023-06-02 20:41:36,081 [main] ERROR scm.XceiverClientGrpc (XceiverClientGrpc.java:sendCommandWithRetry(453)) - Failed to execute command ReadChunk on the pipeline Pipeline[ Id: 40d86c21-5060-4c2c-992b-2370e48c5ec3, Nodes: b4411977-9720-4d4b-9a0b-907fa7158048(fv-az1239-288/10.1.0.31)c30a36da-1763-463f-9370-bf353ef860b0(fv-az1239-288/10.1.0.31)a629a011-13a9-410c-9234-b770ba2e8ba4(fv-az1239-288/10.1.0.31), ReplicationConfig: STANDALONE/THREE, State:OPEN, leaderId:a629a011-13a9-410c-9234-b770ba2e8ba4, CreationTimestamp2023-06-02T20:40:34.112Z[Etc/UTC]].
2023-06-02 20:41:36,081 [main] WARN  storage.ContainerProtocolCalls (ContainerProtocolCalls.java:tryEachDatanode(150)) - Failed to read chunk 111677748019200387_chunk_1 (len=12) conID: 17 locID: 111677748019200387 bcsId: 118 from c30a36da-1763-463f-9370-bf353ef860b0(fv-az1239-288/10.1.0.31); will try another datanode.
org.apache.hadoop.ozone.common.OzoneChecksumException: Checksum mismatch at index 0
	at org.apache.hadoop.ozone.common.ChecksumData.verifyChecksumDataMatches(ChecksumData.java:139)
	at org.apache.hadoop.ozone.common.Checksum.verifyChecksum(Checksum.java:295)
	at org.apache.hadoop.hdds.scm.storage.ChunkInputStream.lambda$new$0(ChunkInputStream.java:491)
	at org.apache.hadoop.hdds.scm.XceiverClientGrpc.sendCommandWithRetry(XceiverClientGrpc.java:410)
	at org.apache.hadoop.hdds.scm.XceiverClientGrpc.lambda$sendCommandWithTraceIDAndRetry$0(XceiverClientGrpc.java:349)
	at org.apache.hadoop.hdds.tracing.TracingUtil.executeInSpan(TracingUtil.java:196)
	at org.apache.hadoop.hdds.tracing.TracingUtil.executeInNewSpan(TracingUtil.java:170)
	at org.apache.hadoop.hdds.scm.XceiverClientGrpc.sendCommandWithTraceIDAndRetry(XceiverClientGrpc.java:343)
	at org.apache.hadoop.hdds.scm.XceiverClientGrpc.sendCommand(XceiverClientGrpc.java:324)
	at org.apache.hadoop.hdds.scm.storage.ContainerProtocolCalls.readChunk(ContainerProtocolCalls.java:356)
	at org.apache.hadoop.hdds.scm.storage.ContainerProtocolCalls.lambda$readChunk$2(ContainerProtocolCalls.java:343)
	at org.apache.hadoop.hdds.scm.storage.ContainerProtocolCalls.tryEachDatanode(ContainerProtocolCalls.java:146)
	at org.apache.hadoop.hdds.scm.storage.ContainerProtocolCalls.readChunk(ContainerProtocolCalls.java:342)
	at org.apache.hadoop.hdds.scm.storage.ChunkInputStream.readChunk(ChunkInputStream.java:430)
	at org.apache.hadoop.hdds.scm.storage.ChunkInputStream.readChunkDataIntoBuffers(ChunkInputStream.java:404)
	at org.apache.hadoop.hdds.scm.storage.ChunkInputStream.readChunkFromContainer(ChunkInputStream.java:389)
	at org.apache.hadoop.hdds.scm.storage.ChunkInputStream.prepareRead(ChunkInputStream.java:321)
	at org.apache.hadoop.hdds.scm.storage.ChunkInputStream.read(ChunkInputStream.java:175)
	at org.apache.hadoop.hdds.scm.storage.ByteArrayReader.readFromBlock(ByteArrayReader.java:57)
	at org.apache.hadoop.hdds.scm.storage.BlockInputStream.readWithStrategy(BlockInputStream.java:328)
	at org.apache.hadoop.hdds.scm.storage.ExtendedInputStream.read(ExtendedInputStream.java:56)
	at org.apache.hadoop.hdds.scm.storage.ByteArrayReader.readFromBlock(ByteArrayReader.java:57)
	at org.apache.hadoop.hdds.scm.storage.MultipartInputStream.readWithStrategy(MultipartInputStream.java:96)
	at org.apache.hadoop.hdds.scm.storage.ExtendedInputStream.read(ExtendedInputStream.java:56)
	at org.apache.hadoop.ozone.client.io.OzoneInputStream.read(OzoneInputStream.java:56)
	at java.io.InputStream.read(InputStream.java:101)
	at org.apache.hadoop.ozone.client.rpc.TestOzoneRpcClientAbstract.testReadKeyWithCorruptedDataWithMutiNodes(TestOzoneRpcClientAbstract.java:2044)
	at sun.reflect.NativeMethodAccessorImpl.invoke0(Native Method)
	at sun.reflect.NativeMethodAccessorImpl.invoke(NativeMethodAccessorImpl.java:62)
	at sun.reflect.DelegatingMethodAccessorImpl.invoke(DelegatingMethodAccessorImpl.java:43)
	at java.lang.reflect.Method.invoke(Method.java:498)
	at org.junit.platform.commons.util.ReflectionUtils.invokeMethod(ReflectionUtils.java:725)
	at org.junit.jupiter.engine.execution.MethodInvocation.proceed(MethodInvocation.java:60)
	at org.junit.jupiter.engine.execution.InvocationInterceptorChain$ValidatingInvocation.proceed(InvocationInterceptorChain.java:131)
	at org.junit.jupiter.engine.extension.TimeoutInvocation.proceed(TimeoutInvocation.java:46)
	at org.junit.jupiter.engine.extension.TimeoutExtension.intercept(TimeoutExtension.java:149)
	at org.junit.jupiter.engine.extension.TimeoutExtension.interceptTestableMethod(TimeoutExtension.java:140)
	at org.junit.jupiter.engine.extension.TimeoutExtension.interceptTestMethod(TimeoutExtension.java:84)
	at org.junit.jupiter.engine.execution.ExecutableInvoker$ReflectiveInterceptorCall.lambda$ofVoidMethod$0(ExecutableInvoker.java:115)
	at org.junit.jupiter.engine.execution.ExecutableInvoker.lambda$invoke$0(ExecutableInvoker.java:105)
	at org.junit.jupiter.engine.execution.InvocationInterceptorChain$InterceptedInvocation.proceed(InvocationInterceptorChain.java:106)
	at org.junit.jupiter.engine.execution.InvocationInterceptorChain.proceed(InvocationInterceptorChain.java:64)
	at org.junit.jupiter.engine.execution.InvocationInterceptorChain.chainAndInvoke(InvocationInterceptorChain.java:45)
	at org.junit.jupiter.engine.execution.InvocationInterceptorChain.invoke(InvocationInterceptorChain.java:37)
	at org.junit.jupiter.engine.execution.ExecutableInvoker.invoke(ExecutableInvoker.java:104)
	at org.junit.jupiter.engine.execution.ExecutableInvoker.invoke(ExecutableInvoker.java:98)
	at org.junit.jupiter.engine.descriptor.TestMethodTestDescriptor.lambda$invokeTestMethod$7(TestMethodTestDescriptor.java:214)
	at org.junit.platform.engine.support.hierarchical.ThrowableCollector.execute(ThrowableCollector.java:73)
	at org.junit.jupiter.engine.descriptor.TestMethodTestDescriptor.invokeTestMethod(TestMethodTestDescriptor.java:210)
	at org.junit.jupiter.engine.descriptor.TestMethodTestDescriptor.execute(TestMethodTestDescriptor.java:135)
	at org.junit.jupiter.engine.descriptor.TestMethodTestDescriptor.execute(TestMethodTestDescriptor.java:66)
	at org.junit.platform.engine.support.hierarchical.NodeTestTask.lambda$executeRecursively$6(NodeTestTask.java:151)
	at org.junit.platform.engine.support.hierarchical.ThrowableCollector.execute(ThrowableCollector.java:73)
	at org.junit.platform.engine.support.hierarchical.NodeTestTask.lambda$executeRecursively$8(NodeTestTask.java:141)
	at org.junit.platform.engine.support.hierarchical.Node.around(Node.java:137)
	at org.junit.platform.engine.support.hierarchical.NodeTestTask.lambda$executeRecursively$9(NodeTestTask.java:139)
	at org.junit.platform.engine.support.hierarchical.ThrowableCollector.execute(ThrowableCollector.java:73)
	at org.junit.platform.engine.support.hierarchical.NodeTestTask.executeRecursively(NodeTestTask.java:138)
	at org.junit.platform.engine.support.hierarchical.NodeTestTask.execute(NodeTestTask.java:95)
	at java.util.ArrayList.forEach(ArrayList.java:1259)
	at org.junit.platform.engine.support.hierarchical.SameThreadHierarchicalTestExecutorService.invokeAll(SameThreadHierarchicalTestExecutorService.java:41)
	at org.junit.platform.engine.support.hierarchical.NodeTestTask.lambda$executeRecursively$6(NodeTestTask.java:155)
	at org.junit.platform.engine.support.hierarchical.ThrowableCollector.execute(ThrowableCollector.java:73)
	at org.junit.platform.engine.support.hierarchical.NodeTestTask.lambda$executeRecursively$8(NodeTestTask.java:141)
	at org.junit.platform.engine.support.hierarchical.Node.around(Node.java:137)
	at org.junit.platform.engine.support.hierarchical.NodeTestTask.lambda$executeRecursively$9(NodeTestTask.java:139)
	at org.junit.platform.engine.support.hierarchical.ThrowableCollector.execute(ThrowableCollector.java:73)
	at org.junit.platform.engine.support.hierarchical.NodeTestTask.executeRecursively(NodeTestTask.java:138)
	at org.junit.platform.engine.support.hierarchical.NodeTestTask.execute(NodeTestTask.java:95)
	at java.util.ArrayList.forEach(ArrayList.java:1259)
	at org.junit.platform.engine.support.hierarchical.SameThreadHierarchicalTestExecutorService.invokeAll(SameThreadHierarchicalTestExecutorService.java:41)
	at org.junit.platform.engine.support.hierarchical.NodeTestTask.lambda$executeRecursively$6(NodeTestTask.java:155)
	at org.junit.platform.engine.support.hierarchical.ThrowableCollector.execute(ThrowableCollector.java:73)
	at org.junit.platform.engine.support.hierarchical.NodeTestTask.lambda$executeRecursively$8(NodeTestTask.java:141)
	at org.junit.platform.engine.support.hierarchical.Node.around(Node.java:137)
	at org.junit.platform.engine.support.hierarchical.NodeTestTask.lambda$executeRecursively$9(NodeTestTask.java:139)
	at org.junit.platform.engine.support.hierarchical.ThrowableCollector.execute(ThrowableCollector.java:73)
	at org.junit.platform.engine.support.hierarchical.NodeTestTask.executeRecursively(NodeTestTask.java:138)
	at org.junit.platform.engine.support.hierarchical.NodeTestTask.execute(NodeTestTask.java:95)
	at org.junit.platform.engine.support.hierarchical.SameThreadHierarchicalTestExecutorService.submit(SameThreadHierarchicalTestExecutorService.java:35)
	at org.junit.platform.engine.support.hierarchical.HierarchicalTestExecutor.execute(HierarchicalTestExecutor.java:57)
	at org.junit.platform.engine.support.hierarchical.HierarchicalTestEngine.execute(HierarchicalTestEngine.java:54)
	at org.junit.platform.launcher.core.EngineExecutionOrchestrator.execute(EngineExecutionOrchestrator.java:107)
	at org.junit.platform.launcher.core.EngineExecutionOrchestrator.execute(EngineExecutionOrchestrator.java:88)
	at org.junit.platform.launcher.core.EngineExecutionOrchestrator.lambda$execute$0(EngineExecutionOrchestrator.java:54)
	at org.junit.platform.launcher.core.EngineExecutionOrchestrator.withInterceptedStreams(EngineExecutionOrchestrator.java:67)
	at org.junit.platform.launcher.core.EngineExecutionOrchestrator.execute(EngineExecutionOrchestrator.java:52)
	at org.junit.platform.launcher.core.DefaultLauncher.execute(DefaultLauncher.java:114)
	at org.junit.platform.launcher.core.DefaultLauncher.execute(DefaultLauncher.java:86)
	at org.junit.platform.launcher.core.DefaultLauncherSession$DelegatingLauncher.execute(DefaultLauncherSession.java:86)
	at org.junit.platform.launcher.core.SessionPerRequestLauncher.execute(SessionPerRequestLauncher.java:53)
	at org.apache.maven.surefire.junitplatform.JUnitPlatformProvider.execute(JUnitPlatformProvider.java:188)
	at org.apache.maven.surefire.junitplatform.JUnitPlatformProvider.invokeAllTests(JUnitPlatformProvider.java:154)
	at org.apache.maven.surefire.junitplatform.JUnitPlatformProvider.invoke(JUnitPlatformProvider.java:124)
	at org.apache.maven.surefire.booter.ForkedBooter.runSuitesInProcess(ForkedBooter.java:428)
	at org.apache.maven.surefire.booter.ForkedBooter.execute(ForkedBooter.java:162)
	at org.apache.maven.surefire.booter.ForkedBooter.run(ForkedBooter.java:562)
	at org.apache.maven.surefire.booter.ForkedBooter.main(ForkedBooter.java:548)
2023-06-02 20:41:36,087 [main] ERROR scm.XceiverClientGrpc (XceiverClientGrpc.java:sendCommandWithRetry(453)) - Failed to execute command ReadChunk on the pipeline Pipeline[ Id: 40d86c21-5060-4c2c-992b-2370e48c5ec3, Nodes: b4411977-9720-4d4b-9a0b-907fa7158048(fv-az1239-288/10.1.0.31)c30a36da-1763-463f-9370-bf353ef860b0(fv-az1239-288/10.1.0.31)a629a011-13a9-410c-9234-b770ba2e8ba4(fv-az1239-288/10.1.0.31), ReplicationConfig: STANDALONE/THREE, State:OPEN, leaderId:a629a011-13a9-410c-9234-b770ba2e8ba4, CreationTimestamp2023-06-02T20:40:34.112Z[Etc/UTC]].
2023-06-02 20:41:36,100 [main] ERROR scm.XceiverClientGrpc (XceiverClientGrpc.java:sendCommandWithRetry(453)) - Failed to execute command ReadChunk on the pipeline Pipeline[ Id: 40d86c21-5060-4c2c-992b-2370e48c5ec3, Nodes: b4411977-9720-4d4b-9a0b-907fa7158048(fv-az1239-288/10.1.0.31)c30a36da-1763-463f-9370-bf353ef860b0(fv-az1239-288/10.1.0.31)a629a011-13a9-410c-9234-b770ba2e8ba4(fv-az1239-288/10.1.0.31), ReplicationConfig: STANDALONE/THREE, State:OPEN, leaderId:a629a011-13a9-410c-9234-b770ba2e8ba4, CreationTimestamp2023-06-02T20:40:34.112Z[Etc/UTC]].
2023-06-02 20:41:36,100 [main] WARN  storage.ContainerProtocolCalls (ContainerProtocolCalls.java:tryEachDatanode(150)) - Failed to read chunk 111677748019200387_chunk_1 (len=12) conID: 17 locID: 111677748019200387 bcsId: 118 from a629a011-13a9-410c-9234-b770ba2e8ba4(fv-az1239-288/10.1.0.31); will try another datanode.
org.apache.hadoop.ozone.common.OzoneChecksumException: Checksum mismatch at index 0
	at org.apache.hadoop.ozone.common.ChecksumData.verifyChecksumDataMatches(ChecksumData.java:139)
	at org.apache.hadoop.ozone.common.Checksum.verifyChecksum(Checksum.java:295)
	at org.apache.hadoop.hdds.scm.storage.ChunkInputStream.lambda$new$0(ChunkInputStream.java:491)
	at org.apache.hadoop.hdds.scm.XceiverClientGrpc.sendCommandWithRetry(XceiverClientGrpc.java:410)
	at org.apache.hadoop.hdds.scm.XceiverClientGrpc.lambda$sendCommandWithTraceIDAndRetry$0(XceiverClientGrpc.java:349)
	at org.apache.hadoop.hdds.tracing.TracingUtil.executeInSpan(TracingUtil.java:196)
	at org.apache.hadoop.hdds.tracing.TracingUtil.executeInNewSpan(TracingUtil.java:170)
	at org.apache.hadoop.hdds.scm.XceiverClientGrpc.sendCommandWithTraceIDAndRetry(XceiverClientGrpc.java:343)
	at org.apache.hadoop.hdds.scm.XceiverClientGrpc.sendCommand(XceiverClientGrpc.java:324)
	at org.apache.hadoop.hdds.scm.storage.ContainerProtocolCalls.readChunk(ContainerProtocolCalls.java:356)
	at org.apache.hadoop.hdds.scm.storage.ContainerProtocolCalls.lambda$readChunk$2(ContainerProtocolCalls.java:343)
	at org.apache.hadoop.hdds.scm.storage.ContainerProtocolCalls.tryEachDatanode(ContainerProtocolCalls.java:146)
	at org.apache.hadoop.hdds.scm.storage.ContainerProtocolCalls.readChunk(ContainerProtocolCalls.java:342)
	at org.apache.hadoop.hdds.scm.storage.ChunkInputStream.readChunk(ChunkInputStream.java:430)
	at org.apache.hadoop.hdds.scm.storage.ChunkInputStream.readChunkDataIntoBuffers(ChunkInputStream.java:404)
	at org.apache.hadoop.hdds.scm.storage.ChunkInputStream.readChunkFromContainer(ChunkInputStream.java:389)
	at org.apache.hadoop.hdds.scm.storage.ChunkInputStream.prepareRead(ChunkInputStream.java:321)
	at org.apache.hadoop.hdds.scm.storage.ChunkInputStream.read(ChunkInputStream.java:175)
	at org.apache.hadoop.hdds.scm.storage.ByteArrayReader.readFromBlock(ByteArrayReader.java:57)
	at org.apache.hadoop.hdds.scm.storage.BlockInputStream.readWithStrategy(BlockInputStream.java:328)
	at org.apache.hadoop.hdds.scm.storage.ExtendedInputStream.read(ExtendedInputStream.java:56)
	at org.apache.hadoop.hdds.scm.storage.ByteArrayReader.readFromBlock(ByteArrayReader.java:57)
	at org.apache.hadoop.hdds.scm.storage.MultipartInputStream.readWithStrategy(MultipartInputStream.java:96)
	at org.apache.hadoop.hdds.scm.storage.ExtendedInputStream.read(ExtendedInputStream.java:56)
	at org.apache.hadoop.ozone.client.io.OzoneInputStream.read(OzoneInputStream.java:56)
	at java.io.InputStream.read(InputStream.java:101)
	at org.apache.hadoop.ozone.client.rpc.TestOzoneRpcClientAbstract.testReadKeyWithCorruptedDataWithMutiNodes(TestOzoneRpcClientAbstract.java:2044)
	at sun.reflect.NativeMethodAccessorImpl.invoke0(Native Method)
	at sun.reflect.NativeMethodAccessorImpl.invoke(NativeMethodAccessorImpl.java:62)
	at sun.reflect.DelegatingMethodAccessorImpl.invoke(DelegatingMethodAccessorImpl.java:43)
	at java.lang.reflect.Method.invoke(Method.java:498)
	at org.junit.platform.commons.util.ReflectionUtils.invokeMethod(ReflectionUtils.java:725)
	at org.junit.jupiter.engine.execution.MethodInvocation.proceed(MethodInvocation.java:60)
	at org.junit.jupiter.engine.execution.InvocationInterceptorChain$ValidatingInvocation.proceed(InvocationInterceptorChain.java:131)
	at org.junit.jupiter.engine.extension.TimeoutInvocation.proceed(TimeoutInvocation.java:46)
	at org.junit.jupiter.engine.extension.TimeoutExtension.intercept(TimeoutExtension.java:149)
	at org.junit.jupiter.engine.extension.TimeoutExtension.interceptTestableMethod(TimeoutExtension.java:140)
	at org.junit.jupiter.engine.extension.TimeoutExtension.interceptTestMethod(TimeoutExtension.java:84)
	at org.junit.jupiter.engine.execution.ExecutableInvoker$ReflectiveInterceptorCall.lambda$ofVoidMethod$0(ExecutableInvoker.java:115)
	at org.junit.jupiter.engine.execution.ExecutableInvoker.lambda$invoke$0(ExecutableInvoker.java:105)
	at org.junit.jupiter.engine.execution.InvocationInterceptorChain$InterceptedInvocation.proceed(InvocationInterceptorChain.java:106)
	at org.junit.jupiter.engine.execution.InvocationInterceptorChain.proceed(InvocationInterceptorChain.java:64)
	at org.junit.jupiter.engine.execution.InvocationInterceptorChain.chainAndInvoke(InvocationInterceptorChain.java:45)
	at org.junit.jupiter.engine.execution.InvocationInterceptorChain.invoke(InvocationInterceptorChain.java:37)
	at org.junit.jupiter.engine.execution.ExecutableInvoker.invoke(ExecutableInvoker.java:104)
	at org.junit.jupiter.engine.execution.ExecutableInvoker.invoke(ExecutableInvoker.java:98)
	at org.junit.jupiter.engine.descriptor.TestMethodTestDescriptor.lambda$invokeTestMethod$7(TestMethodTestDescriptor.java:214)
	at org.junit.platform.engine.support.hierarchical.ThrowableCollector.execute(ThrowableCollector.java:73)
	at org.junit.jupiter.engine.descriptor.TestMethodTestDescriptor.invokeTestMethod(TestMethodTestDescriptor.java:210)
	at org.junit.jupiter.engine.descriptor.TestMethodTestDescriptor.execute(TestMethodTestDescriptor.java:135)
	at org.junit.jupiter.engine.descriptor.TestMethodTestDescriptor.execute(TestMethodTestDescriptor.java:66)
	at org.junit.platform.engine.support.hierarchical.NodeTestTask.lambda$executeRecursively$6(NodeTestTask.java:151)
	at org.junit.platform.engine.support.hierarchical.ThrowableCollector.execute(ThrowableCollector.java:73)
	at org.junit.platform.engine.support.hierarchical.NodeTestTask.lambda$executeRecursively$8(NodeTestTask.java:141)
	at org.junit.platform.engine.support.hierarchical.Node.around(Node.java:137)
	at org.junit.platform.engine.support.hierarchical.NodeTestTask.lambda$executeRecursively$9(NodeTestTask.java:139)
	at org.junit.platform.engine.support.hierarchical.ThrowableCollector.execute(ThrowableCollector.java:73)
	at org.junit.platform.engine.support.hierarchical.NodeTestTask.executeRecursively(NodeTestTask.java:138)
	at org.junit.platform.engine.support.hierarchical.NodeTestTask.execute(NodeTestTask.java:95)
	at java.util.ArrayList.forEach(ArrayList.java:1259)
	at org.junit.platform.engine.support.hierarchical.SameThreadHierarchicalTestExecutorService.invokeAll(SameThreadHierarchicalTestExecutorService.java:41)
	at org.junit.platform.engine.support.hierarchical.NodeTestTask.lambda$executeRecursively$6(NodeTestTask.java:155)
	at org.junit.platform.engine.support.hierarchical.ThrowableCollector.execute(ThrowableCollector.java:73)
	at org.junit.platform.engine.support.hierarchical.NodeTestTask.lambda$executeRecursively$8(NodeTestTask.java:141)
	at org.junit.platform.engine.support.hierarchical.Node.around(Node.java:137)
	at org.junit.platform.engine.support.hierarchical.NodeTestTask.lambda$executeRecursively$9(NodeTestTask.java:139)
	at org.junit.platform.engine.support.hierarchical.ThrowableCollector.execute(ThrowableCollector.java:73)
	at org.junit.platform.engine.support.hierarchical.NodeTestTask.executeRecursively(NodeTestTask.java:138)
	at org.junit.platform.engine.support.hierarchical.NodeTestTask.execute(NodeTestTask.java:95)
	at java.util.ArrayList.forEach(ArrayList.java:1259)
	at org.junit.platform.engine.support.hierarchical.SameThreadHierarchicalTestExecutorService.invokeAll(SameThreadHierarchicalTestExecutorService.java:41)
	at org.junit.platform.engine.support.hierarchical.NodeTestTask.lambda$executeRecursively$6(NodeTestTask.java:155)
	at org.junit.platform.engine.support.hierarchical.ThrowableCollector.execute(ThrowableCollector.java:73)
	at org.junit.platform.engine.support.hierarchical.NodeTestTask.lambda$executeRecursively$8(NodeTestTask.java:141)
	at org.junit.platform.engine.support.hierarchical.Node.around(Node.java:137)
	at org.junit.platform.engine.support.hierarchical.NodeTestTask.lambda$executeRecursively$9(NodeTestTask.java:139)
	at org.junit.platform.engine.support.hierarchical.ThrowableCollector.execute(ThrowableCollector.java:73)
	at org.junit.platform.engine.support.hierarchical.NodeTestTask.executeRecursively(NodeTestTask.java:138)
	at org.junit.platform.engine.support.hierarchical.NodeTestTask.execute(NodeTestTask.java:95)
	at org.junit.platform.engine.support.hierarchical.SameThreadHierarchicalTestExecutorService.submit(SameThreadHierarchicalTestExecutorService.java:35)
	at org.junit.platform.engine.support.hierarchical.HierarchicalTestExecutor.execute(HierarchicalTestExecutor.java:57)
	at org.junit.platform.engine.support.hierarchical.HierarchicalTestEngine.execute(HierarchicalTestEngine.java:54)
	at org.junit.platform.launcher.core.EngineExecutionOrchestrator.execute(EngineExecutionOrchestrator.java:107)
	at org.junit.platform.launcher.core.EngineExecutionOrchestrator.execute(EngineExecutionOrchestrator.java:88)
	at org.junit.platform.launcher.core.EngineExecutionOrchestrator.lambda$execute$0(EngineExecutionOrchestrator.java:54)
	at org.junit.platform.launcher.core.EngineExecutionOrchestrator.withInterceptedStreams(EngineExecutionOrchestrator.java:67)
	at org.junit.platform.launcher.core.EngineExecutionOrchestrator.execute(EngineExecutionOrchestrator.java:52)
	at org.junit.platform.launcher.core.DefaultLauncher.execute(DefaultLauncher.java:114)
	at org.junit.platform.launcher.core.DefaultLauncher.execute(DefaultLauncher.java:86)
	at org.junit.platform.launcher.core.DefaultLauncherSession$DelegatingLauncher.execute(DefaultLauncherSession.java:86)
	at org.junit.platform.launcher.core.SessionPerRequestLauncher.execute(SessionPerRequestLauncher.java:53)
	at org.apache.maven.surefire.junitplatform.JUnitPlatformProvider.execute(JUnitPlatformProvider.java:188)
	at org.apache.maven.surefire.junitplatform.JUnitPlatformProvider.invokeAllTests(JUnitPlatformProvider.java:154)
	at org.apache.maven.surefire.junitplatform.JUnitPlatformProvider.invoke(JUnitPlatformProvider.java:124)
	at org.apache.maven.surefire.booter.ForkedBooter.runSuitesInProcess(ForkedBooter.java:428)
	at org.apache.maven.surefire.booter.ForkedBooter.execute(ForkedBooter.java:162)
	at org.apache.maven.surefire.booter.ForkedBooter.run(ForkedBooter.java:562)
	at org.apache.maven.surefire.booter.ForkedBooter.main(ForkedBooter.java:548)
2023-06-02 20:41:36,108 [main] ERROR scm.XceiverClientGrpc (XceiverClientGrpc.java:sendCommandWithRetry(453)) - Failed to execute command ReadChunk on the pipeline Pipeline[ Id: 40d86c21-5060-4c2c-992b-2370e48c5ec3, Nodes: b4411977-9720-4d4b-9a0b-907fa7158048(fv-az1239-288/10.1.0.31)c30a36da-1763-463f-9370-bf353ef860b0(fv-az1239-288/10.1.0.31)a629a011-13a9-410c-9234-b770ba2e8ba4(fv-az1239-288/10.1.0.31), ReplicationConfig: STANDALONE/THREE, State:OPEN, leaderId:a629a011-13a9-410c-9234-b770ba2e8ba4, CreationTimestamp2023-06-02T20:40:34.112Z[Etc/UTC]].
2023-06-02 20:41:36,109 [main] WARN  storage.ContainerProtocolCalls (ContainerProtocolCalls.java:tryEachDatanode(150)) - Failed to read chunk 111677748019200387_chunk_1 (len=12) conID: 17 locID: 111677748019200387 bcsId: 118 from c30a36da-1763-463f-9370-bf353ef860b0(fv-az1239-288/10.1.0.31); will try another datanode.
org.apache.hadoop.ozone.common.OzoneChecksumException: Checksum mismatch at index 0
	at org.apache.hadoop.ozone.common.ChecksumData.verifyChecksumDataMatches(ChecksumData.java:139)
	at org.apache.hadoop.ozone.common.Checksum.verifyChecksum(Checksum.java:295)
	at org.apache.hadoop.hdds.scm.storage.ChunkInputStream.lambda$new$0(ChunkInputStream.java:491)
	at org.apache.hadoop.hdds.scm.XceiverClientGrpc.sendCommandWithRetry(XceiverClientGrpc.java:410)
	at org.apache.hadoop.hdds.scm.XceiverClientGrpc.lambda$sendCommandWithTraceIDAndRetry$0(XceiverClientGrpc.java:349)
	at org.apache.hadoop.hdds.tracing.TracingUtil.executeInSpan(TracingUtil.java:196)
	at org.apache.hadoop.hdds.tracing.TracingUtil.executeInNewSpan(TracingUtil.java:170)
	at org.apache.hadoop.hdds.scm.XceiverClientGrpc.sendCommandWithTraceIDAndRetry(XceiverClientGrpc.java:343)
	at org.apache.hadoop.hdds.scm.XceiverClientGrpc.sendCommand(XceiverClientGrpc.java:324)
	at org.apache.hadoop.hdds.scm.storage.ContainerProtocolCalls.readChunk(ContainerProtocolCalls.java:356)
	at org.apache.hadoop.hdds.scm.storage.ContainerProtocolCalls.lambda$readChunk$2(ContainerProtocolCalls.java:343)
	at org.apache.hadoop.hdds.scm.storage.ContainerProtocolCalls.tryEachDatanode(ContainerProtocolCalls.java:146)
	at org.apache.hadoop.hdds.scm.storage.ContainerProtocolCalls.readChunk(ContainerProtocolCalls.java:342)
	at org.apache.hadoop.hdds.scm.storage.ChunkInputStream.readChunk(ChunkInputStream.java:430)
	at org.apache.hadoop.hdds.scm.storage.ChunkInputStream.readChunkDataIntoBuffers(ChunkInputStream.java:404)
	at org.apache.hadoop.hdds.scm.storage.ChunkInputStream.readChunkFromContainer(ChunkInputStream.java:389)
	at org.apache.hadoop.hdds.scm.storage.ChunkInputStream.prepareRead(ChunkInputStream.java:321)
	at org.apache.hadoop.hdds.scm.storage.ChunkInputStream.read(ChunkInputStream.java:175)
	at org.apache.hadoop.hdds.scm.storage.ByteArrayReader.readFromBlock(ByteArrayReader.java:57)
	at org.apache.hadoop.hdds.scm.storage.BlockInputStream.readWithStrategy(BlockInputStream.java:328)
	at org.apache.hadoop.hdds.scm.storage.ExtendedInputStream.read(ExtendedInputStream.java:56)
	at org.apache.hadoop.hdds.scm.storage.ByteArrayReader.readFromBlock(ByteArrayReader.java:57)
	at org.apache.hadoop.hdds.scm.storage.MultipartInputStream.readWithStrategy(MultipartInputStream.java:96)
	at org.apache.hadoop.hdds.scm.storage.ExtendedInputStream.read(ExtendedInputStream.java:56)
	at org.apache.hadoop.ozone.client.io.OzoneInputStream.read(OzoneInputStream.java:56)
	at java.io.InputStream.read(InputStream.java:101)
	at org.apache.hadoop.ozone.client.rpc.TestOzoneRpcClientAbstract.testReadKeyWithCorruptedDataWithMutiNodes(TestOzoneRpcClientAbstract.java:2044)
	at sun.reflect.NativeMethodAccessorImpl.invoke0(Native Method)
	at sun.reflect.NativeMethodAccessorImpl.invoke(NativeMethodAccessorImpl.java:62)
	at sun.reflect.DelegatingMethodAccessorImpl.invoke(DelegatingMethodAccessorImpl.java:43)
	at java.lang.reflect.Method.invoke(Method.java:498)
	at org.junit.platform.commons.util.ReflectionUtils.invokeMethod(ReflectionUtils.java:725)
	at org.junit.jupiter.engine.execution.MethodInvocation.proceed(MethodInvocation.java:60)
	at org.junit.jupiter.engine.execution.InvocationInterceptorChain$ValidatingInvocation.proceed(InvocationInterceptorChain.java:131)
	at org.junit.jupiter.engine.extension.TimeoutInvocation.proceed(TimeoutInvocation.java:46)
	at org.junit.jupiter.engine.extension.TimeoutExtension.intercept(TimeoutExtension.java:149)
	at org.junit.jupiter.engine.extension.TimeoutExtension.interceptTestableMethod(TimeoutExtension.java:140)
	at org.junit.jupiter.engine.extension.TimeoutExtension.interceptTestMethod(TimeoutExtension.java:84)
	at org.junit.jupiter.engine.execution.ExecutableInvoker$ReflectiveInterceptorCall.lambda$ofVoidMethod$0(ExecutableInvoker.java:115)
	at org.junit.jupiter.engine.execution.ExecutableInvoker.lambda$invoke$0(ExecutableInvoker.java:105)
	at org.junit.jupiter.engine.execution.InvocationInterceptorChain$InterceptedInvocation.proceed(InvocationInterceptorChain.java:106)
	at org.junit.jupiter.engine.execution.InvocationInterceptorChain.proceed(InvocationInterceptorChain.java:64)
	at org.junit.jupiter.engine.execution.InvocationInterceptorChain.chainAndInvoke(InvocationInterceptorChain.java:45)
	at org.junit.jupiter.engine.execution.InvocationInterceptorChain.invoke(InvocationInterceptorChain.java:37)
	at org.junit.jupiter.engine.execution.ExecutableInvoker.invoke(ExecutableInvoker.java:104)
	at org.junit.jupiter.engine.execution.ExecutableInvoker.invoke(ExecutableInvoker.java:98)
	at org.junit.jupiter.engine.descriptor.TestMethodTestDescriptor.lambda$invokeTestMethod$7(TestMethodTestDescriptor.java:214)
	at org.junit.platform.engine.support.hierarchical.ThrowableCollector.execute(ThrowableCollector.java:73)
	at org.junit.jupiter.engine.descriptor.TestMethodTestDescriptor.invokeTestMethod(TestMethodTestDescriptor.java:210)
	at org.junit.jupiter.engine.descriptor.TestMethodTestDescriptor.execute(TestMethodTestDescriptor.java:135)
	at org.junit.jupiter.engine.descriptor.TestMethodTestDescriptor.execute(TestMethodTestDescriptor.java:66)
	at org.junit.platform.engine.support.hierarchical.NodeTestTask.lambda$executeRecursively$6(NodeTestTask.java:151)
	at org.junit.platform.engine.support.hierarchical.ThrowableCollector.execute(ThrowableCollector.java:73)
	at org.junit.platform.engine.support.hierarchical.NodeTestTask.lambda$executeRecursively$8(NodeTestTask.java:141)
	at org.junit.platform.engine.support.hierarchical.Node.around(Node.java:137)
	at org.junit.platform.engine.support.hierarchical.NodeTestTask.lambda$executeRecursively$9(NodeTestTask.java:139)
	at org.junit.platform.engine.support.hierarchical.ThrowableCollector.execute(ThrowableCollector.java:73)
	at org.junit.platform.engine.support.hierarchical.NodeTestTask.executeRecursively(NodeTestTask.java:138)
	at org.junit.platform.engine.support.hierarchical.NodeTestTask.execute(NodeTestTask.java:95)
	at java.util.ArrayList.forEach(ArrayList.java:1259)
	at org.junit.platform.engine.support.hierarchical.SameThreadHierarchicalTestExecutorService.invokeAll(SameThreadHierarchicalTestExecutorService.java:41)
	at org.junit.platform.engine.support.hierarchical.NodeTestTask.lambda$executeRecursively$6(NodeTestTask.java:155)
	at org.junit.platform.engine.support.hierarchical.ThrowableCollector.execute(ThrowableCollector.java:73)
	at org.junit.platform.engine.support.hierarchical.NodeTestTask.lambda$executeRecursively$8(NodeTestTask.java:141)
	at org.junit.platform.engine.support.hierarchical.Node.around(Node.java:137)
	at org.junit.platform.engine.support.hierarchical.NodeTestTask.lambda$executeRecursively$9(NodeTestTask.java:139)
	at org.junit.platform.engine.support.hierarchical.ThrowableCollector.execute(ThrowableCollector.java:73)
	at org.junit.platform.engine.support.hierarchical.NodeTestTask.executeRecursively(NodeTestTask.java:138)
	at org.junit.platform.engine.support.hierarchical.NodeTestTask.execute(NodeTestTask.java:95)
	at java.util.ArrayList.forEach(ArrayList.java:1259)
	at org.junit.platform.engine.support.hierarchical.SameThreadHierarchicalTestExecutorService.invokeAll(SameThreadHierarchicalTestExecutorService.java:41)
	at org.junit.platform.engine.support.hierarchical.NodeTestTask.lambda$executeRecursively$6(NodeTestTask.java:155)
	at org.junit.platform.engine.support.hierarchical.ThrowableCollector.execute(ThrowableCollector.java:73)
	at org.junit.platform.engine.support.hierarchical.NodeTestTask.lambda$executeRecursively$8(NodeTestTask.java:141)
	at org.junit.platform.engine.support.hierarchical.Node.around(Node.java:137)
	at org.junit.platform.engine.support.hierarchical.NodeTestTask.lambda$executeRecursively$9(NodeTestTask.java:139)
	at org.junit.platform.engine.support.hierarchical.ThrowableCollector.execute(ThrowableCollector.java:73)
	at org.junit.platform.engine.support.hierarchical.NodeTestTask.executeRecursively(NodeTestTask.java:138)
	at org.junit.platform.engine.support.hierarchical.NodeTestTask.execute(NodeTestTask.java:95)
	at org.junit.platform.engine.support.hierarchical.SameThreadHierarchicalTestExecutorService.submit(SameThreadHierarchicalTestExecutorService.java:35)
	at org.junit.platform.engine.support.hierarchical.HierarchicalTestExecutor.execute(HierarchicalTestExecutor.java:57)
	at org.junit.platform.engine.support.hierarchical.HierarchicalTestEngine.execute(HierarchicalTestEngine.java:54)
	at org.junit.platform.launcher.core.EngineExecutionOrchestrator.execute(EngineExecutionOrchestrator.java:107)
	at org.junit.platform.launcher.core.EngineExecutionOrchestrator.execute(EngineExecutionOrchestrator.java:88)
	at org.junit.platform.launcher.core.EngineExecutionOrchestrator.lambda$execute$0(EngineExecutionOrchestrator.java:54)
	at org.junit.platform.launcher.core.EngineExecutionOrchestrator.withInterceptedStreams(EngineExecutionOrchestrator.java:67)
	at org.junit.platform.launcher.core.EngineExecutionOrchestrator.execute(EngineExecutionOrchestrator.java:52)
	at org.junit.platform.launcher.core.DefaultLauncher.execute(DefaultLauncher.java:114)
	at org.junit.platform.launcher.core.DefaultLauncher.execute(DefaultLauncher.java:86)
	at org.junit.platform.launcher.core.DefaultLauncherSession$DelegatingLauncher.execute(DefaultLauncherSession.java:86)
	at org.junit.platform.launcher.core.SessionPerRequestLauncher.execute(SessionPerRequestLauncher.java:53)
	at org.apache.maven.surefire.junitplatform.JUnitPlatformProvider.execute(JUnitPlatformProvider.java:188)
	at org.apache.maven.surefire.junitplatform.JUnitPlatformProvider.invokeAllTests(JUnitPlatformProvider.java:154)
	at org.apache.maven.surefire.junitplatform.JUnitPlatformProvider.invoke(JUnitPlatformProvider.java:124)
	at org.apache.maven.surefire.booter.ForkedBooter.runSuitesInProcess(ForkedBooter.java:428)
	at org.apache.maven.surefire.booter.ForkedBooter.execute(ForkedBooter.java:162)
	at org.apache.maven.surefire.booter.ForkedBooter.run(ForkedBooter.java:562)
	at org.apache.maven.surefire.booter.ForkedBooter.main(ForkedBooter.java:548)
2023-06-02 20:41:36,114 [main] ERROR scm.XceiverClientGrpc (XceiverClientGrpc.java:sendCommandWithRetry(453)) - Failed to execute command ReadChunk on the pipeline Pipeline[ Id: 40d86c21-5060-4c2c-992b-2370e48c5ec3, Nodes: b4411977-9720-4d4b-9a0b-907fa7158048(fv-az1239-288/10.1.0.31)c30a36da-1763-463f-9370-bf353ef860b0(fv-az1239-288/10.1.0.31)a629a011-13a9-410c-9234-b770ba2e8ba4(fv-az1239-288/10.1.0.31), ReplicationConfig: STANDALONE/THREE, State:OPEN, leaderId:a629a011-13a9-410c-9234-b770ba2e8ba4, CreationTimestamp2023-06-02T20:40:34.112Z[Etc/UTC]].
]]></system-out>
  </testcase>
  <testcase name="testReadKeyWithVerifyChecksumFlagDisable" classname="org.apache.hadoop.ozone.client.rpc.TestSecureOzoneRpcClient" time="0.071">
    <system-out><![CDATA[2023-06-02 20:41:36,116 [main] INFO  rpc.RpcClient (RpcClient.java:createVolume(459)) - Creating Volume: 3b4066e6-b8db-403a-aed0-e4825ca4adb9, with runner as owner and space quota set to -1 bytes, counts quota set to -1
2023-06-02 20:41:36,119 [OM StateMachine ApplyTransaction Thread - 0] INFO  volume.OMVolumeCreateRequest (OMVolumeCreateRequest.java:validateAndUpdateCache(196)) - created volume:3b4066e6-b8db-403a-aed0-e4825ca4adb9 for user:runner
2023-06-02 20:41:36,121 [main] INFO  rpc.RpcClient (RpcClient.java:createBucket(686)) - Creating Bucket: 3b4066e6-b8db-403a-aed0-e4825ca4adb9/9d1ecc7a-3b6f-4038-b5d1-e9b623793df9, with server-side default bucket layout, runner as owner, Versioning false, Storage Type set to DISK and Encryption set to false, Replication Type set to server-side default replication type, Namespace Quota set to -1, Space Quota set to -1 
2023-06-02 20:41:36,123 [OM StateMachine ApplyTransaction Thread - 0] INFO  bucket.OMBucketCreateRequest (OMBucketCreateRequest.java:validateAndUpdateCache(270)) - created bucket: 9d1ecc7a-3b6f-4038-b5d1-e9b623793df9 of layout OBJECT_STORE in volume: 3b4066e6-b8db-403a-aed0-e4825ca4adb9
2023-06-02 20:41:36,153 [IPC Server handler 15 on default port 15001] WARN  node.SCMNodeManager (SCMNodeManager.java:getNodesByAddress(1381)) - Cannot find node for address 127.0.0.1
2023-06-02 20:41:36,171 [IPC Server handler 17 on default port 15001] WARN  node.SCMNodeManager (SCMNodeManager.java:getNodesByAddress(1381)) - Cannot find node for address 127.0.0.1
]]></system-out>
  </testcase>
  <testcase name="testReadKeyWithVerifyChecksumFlagEnable" classname="org.apache.hadoop.ozone.client.rpc.TestSecureOzoneRpcClient" time="0.084">
    <system-out><![CDATA[2023-06-02 20:41:36,187 [main] INFO  rpc.RpcClient (RpcClient.java:createVolume(459)) - Creating Volume: bb1e1789-4e7f-482f-806d-2abf27504d1a, with runner as owner and space quota set to -1 bytes, counts quota set to -1
2023-06-02 20:41:36,190 [OM StateMachine ApplyTransaction Thread - 0] INFO  volume.OMVolumeCreateRequest (OMVolumeCreateRequest.java:validateAndUpdateCache(196)) - created volume:bb1e1789-4e7f-482f-806d-2abf27504d1a for user:runner
2023-06-02 20:41:36,192 [main] INFO  rpc.RpcClient (RpcClient.java:createBucket(686)) - Creating Bucket: bb1e1789-4e7f-482f-806d-2abf27504d1a/b6a842fe-5093-4521-8bfe-c0fc4e8d2e1b, with server-side default bucket layout, runner as owner, Versioning false, Storage Type set to DISK and Encryption set to false, Replication Type set to server-side default replication type, Namespace Quota set to -1, Space Quota set to -1 
2023-06-02 20:41:36,194 [OM StateMachine ApplyTransaction Thread - 0] INFO  bucket.OMBucketCreateRequest (OMBucketCreateRequest.java:validateAndUpdateCache(270)) - created bucket: b6a842fe-5093-4521-8bfe-c0fc4e8d2e1b of layout OBJECT_STORE in volume: bb1e1789-4e7f-482f-806d-2abf27504d1a
2023-06-02 20:41:36,223 [IPC Server handler 1 on default port 15001] WARN  node.SCMNodeManager (SCMNodeManager.java:getNodesByAddress(1381)) - Cannot find node for address 127.0.0.1
2023-06-02 20:41:36,243 [IPC Server handler 19 on default port 15001] WARN  node.SCMNodeManager (SCMNodeManager.java:getNodesByAddress(1381)) - Cannot find node for address 127.0.0.1
2023-06-02 20:41:36,263 [main] ERROR scm.XceiverClientGrpc (XceiverClientGrpc.java:sendCommandWithRetry(453)) - Failed to execute command ReadChunk on the pipeline Pipeline[ Id: ecd7568a-3888-411c-bb65-cf3d7b79287f, Nodes: 559beb36-7c11-4841-9a8b-e14375a607db(fv-az1239-288/10.1.0.31), ReplicationConfig: STANDALONE/ONE, State:OPEN, leaderId:559beb36-7c11-4841-9a8b-e14375a607db, CreationTimestamp2023-06-02T20:40:30.412Z[Etc/UTC]].
2023-06-02 20:41:36,265 [main] ERROR scm.XceiverClientGrpc (XceiverClientGrpc.java:sendCommandWithRetry(453)) - Failed to execute command ReadChunk on the pipeline Pipeline[ Id: ecd7568a-3888-411c-bb65-cf3d7b79287f, Nodes: 559beb36-7c11-4841-9a8b-e14375a607db(fv-az1239-288/10.1.0.31), ReplicationConfig: STANDALONE/ONE, State:OPEN, leaderId:559beb36-7c11-4841-9a8b-e14375a607db, CreationTimestamp2023-06-02T20:40:30.412Z[Etc/UTC]].
2023-06-02 20:41:36,269 [main] ERROR scm.XceiverClientGrpc (XceiverClientGrpc.java:sendCommandWithRetry(453)) - Failed to execute command ReadChunk on the pipeline Pipeline[ Id: ecd7568a-3888-411c-bb65-cf3d7b79287f, Nodes: 559beb36-7c11-4841-9a8b-e14375a607db(fv-az1239-288/10.1.0.31), ReplicationConfig: STANDALONE/ONE, State:OPEN, leaderId:559beb36-7c11-4841-9a8b-e14375a607db, CreationTimestamp2023-06-02T20:40:30.412Z[Etc/UTC]].
]]></system-out>
  </testcase>
  <testcase name="testRemoveBucketAcl" classname="org.apache.hadoop.ozone.client.rpc.TestSecureOzoneRpcClient" time="0.013">
    <system-out><![CDATA[2023-06-02 20:41:36,272 [main] INFO  rpc.RpcClient (RpcClient.java:createVolume(459)) - Creating Volume: cc93615d-9e2a-4338-a304-21552e6dba83, with runner as owner and space quota set to -1 bytes, counts quota set to -1
2023-06-02 20:41:36,274 [OM StateMachine ApplyTransaction Thread - 0] INFO  volume.OMVolumeCreateRequest (OMVolumeCreateRequest.java:validateAndUpdateCache(196)) - created volume:cc93615d-9e2a-4338-a304-21552e6dba83 for user:runner
2023-06-02 20:41:36,276 [main] INFO  rpc.RpcClient (RpcClient.java:createBucket(686)) - Creating Bucket: cc93615d-9e2a-4338-a304-21552e6dba83/3ccdeeb9-57c5-4cdd-9f8d-6898c5cfedeb, with server-side default bucket layout, runner as owner, Versioning false, Storage Type set to DISK and Encryption set to false, Replication Type set to server-side default replication type, Namespace Quota set to -1, Space Quota set to -1 
2023-06-02 20:41:36,278 [OM StateMachine ApplyTransaction Thread - 0] INFO  bucket.OMBucketCreateRequest (OMBucketCreateRequest.java:validateAndUpdateCache(270)) - created bucket: 3ccdeeb9-57c5-4cdd-9f8d-6898c5cfedeb of layout OBJECT_STORE in volume: cc93615d-9e2a-4338-a304-21552e6dba83
]]></system-out>
  </testcase>
  <testcase name="testRemoveBucketAclUsingRpcClientRemoveAcl" classname="org.apache.hadoop.ozone.client.rpc.TestSecureOzoneRpcClient" time="0.014">
    <system-out><![CDATA[2023-06-02 20:41:36,286 [main] INFO  rpc.RpcClient (RpcClient.java:createVolume(459)) - Creating Volume: 71861a20-d397-4d84-ac10-8a2f4b64c8df, with runner as owner and space quota set to -1 bytes, counts quota set to -1
2023-06-02 20:41:36,288 [OM StateMachine ApplyTransaction Thread - 0] INFO  volume.OMVolumeCreateRequest (OMVolumeCreateRequest.java:validateAndUpdateCache(196)) - created volume:71861a20-d397-4d84-ac10-8a2f4b64c8df for user:runner
2023-06-02 20:41:36,290 [main] INFO  rpc.RpcClient (RpcClient.java:createBucket(686)) - Creating Bucket: 71861a20-d397-4d84-ac10-8a2f4b64c8df/19f15567-39cb-40ae-90d7-74944dbcdc11, with server-side default bucket layout, runner as owner, Versioning false, Storage Type set to DISK and Encryption set to false, Replication Type set to server-side default replication type, Namespace Quota set to -1, Space Quota set to -1 
2023-06-02 20:41:36,291 [OM StateMachine ApplyTransaction Thread - 0] INFO  bucket.OMBucketCreateRequest (OMBucketCreateRequest.java:validateAndUpdateCache(270)) - created bucket: 19f15567-39cb-40ae-90d7-74944dbcdc11 of layout OBJECT_STORE in volume: 71861a20-d397-4d84-ac10-8a2f4b64c8df
]]></system-out>
  </testcase>
  <testcase name="testRenameKey" classname="org.apache.hadoop.ozone.client.rpc.TestSecureOzoneRpcClient" time="0.059">
    <system-out><![CDATA[2023-06-02 20:41:36,303 [main] INFO  rpc.RpcClient (RpcClient.java:createVolume(459)) - Creating Volume: fe641945-df43-49c3-b6ea-63c0cfc2d73b, with runner as owner and space quota set to -1 bytes, counts quota set to -1
2023-06-02 20:41:36,305 [OM StateMachine ApplyTransaction Thread - 0] INFO  volume.OMVolumeCreateRequest (OMVolumeCreateRequest.java:validateAndUpdateCache(196)) - created volume:fe641945-df43-49c3-b6ea-63c0cfc2d73b for user:runner
2023-06-02 20:41:36,306 [main] INFO  rpc.RpcClient (RpcClient.java:createBucket(686)) - Creating Bucket: fe641945-df43-49c3-b6ea-63c0cfc2d73b/8f2e2078-472e-472f-a488-19e247be8771, with server-side default bucket layout, runner as owner, Versioning false, Storage Type set to DISK and Encryption set to false, Replication Type set to server-side default replication type, Namespace Quota set to -1, Space Quota set to -1 
2023-06-02 20:41:36,308 [OM StateMachine ApplyTransaction Thread - 0] INFO  bucket.OMBucketCreateRequest (OMBucketCreateRequest.java:validateAndUpdateCache(270)) - created bucket: 8f2e2078-472e-472f-a488-19e247be8771 of layout OBJECT_STORE in volume: fe641945-df43-49c3-b6ea-63c0cfc2d73b
2023-06-02 20:41:36,334 [IPC Server handler 4 on default port 15001] WARN  node.SCMNodeManager (SCMNodeManager.java:getNodesByAddress(1381)) - Cannot find node for address 127.0.0.1
20:41:36.340 [OM StateMachine ApplyTransaction Thread - 0] ERROR OMAudit - user=runner | ip=127.0.0.1 | op=RENAME_KEY {volume=fe641945-df43-49c3-b6ea-63c0cfc2d73b, bucket=8f2e2078-472e-472f-a488-19e247be8771, dataSize=0, replicationType=NONE, replicationFactor=ZERO, srcKey=b5a975a9-2fde-4b80-8a30-ac73653d438a, dstKey=} | ret=FAILURE
org.apache.hadoop.ozone.om.exceptions.OMException: Key name is empty
	at org.apache.hadoop.ozone.om.request.key.OMKeyRenameRequest.validateAndUpdateCache(OMKeyRenameRequest.java:142) ~[ozone-manager-1.4.0-SNAPSHOT.jar:?]
	at org.apache.hadoop.ozone.protocolPB.OzoneManagerRequestHandler.handleWriteRequest(OzoneManagerRequestHandler.java:338) ~[ozone-manager-1.4.0-SNAPSHOT.jar:?]
	at org.apache.hadoop.ozone.om.ratis.OzoneManagerStateMachine.runCommand(OzoneManagerStateMachine.java:567) ~[ozone-manager-1.4.0-SNAPSHOT.jar:?]
	at org.apache.hadoop.ozone.om.ratis.OzoneManagerStateMachine.lambda$1(OzoneManagerStateMachine.java:358) ~[ozone-manager-1.4.0-SNAPSHOT.jar:?]
	at java.util.concurrent.CompletableFuture$AsyncSupply.run(CompletableFuture.java:1604) [?:1.8.0_372]
	at java.util.concurrent.ThreadPoolExecutor.runWorker(ThreadPoolExecutor.java:1149) [?:1.8.0_372]
	at java.util.concurrent.ThreadPoolExecutor$Worker.run(ThreadPoolExecutor.java:624) [?:1.8.0_372]
	at java.lang.Thread.run(Thread.java:750) [?:1.8.0_372]
2023-06-02 20:41:36,341 [OM StateMachine ApplyTransaction Thread - 0] ERROR key.OMKeyRenameRequest (OMKeyRenameRequest.java:validateAndUpdateCache(232)) - Rename key failed for volume:fe641945-df43-49c3-b6ea-63c0cfc2d73b bucket:8f2e2078-472e-472f-a488-19e247be8771 fromKey:b5a975a9-2fde-4b80-8a30-ac73653d438a toKey:. Exception: Key name is empty.
20:41:36.352 [IPC Server handler 3 on default port 15004] ERROR OMAudit - user=runner | ip=127.0.0.1 | op=READ_KEY {volume=fe641945-df43-49c3-b6ea-63c0cfc2d73b, bucket=8f2e2078-472e-472f-a488-19e247be8771, key=b5a975a9-2fde-4b80-8a30-ac73653d438a, dataSize=0, replicationConfig=null} | ret=FAILURE
org.apache.hadoop.ozone.om.exceptions.OMException: Key:b5a975a9-2fde-4b80-8a30-ac73653d438a not found
	at org.apache.hadoop.ozone.om.KeyManagerImpl.readKeyInfo(KeyManagerImpl.java:437) ~[ozone-manager-1.4.0-SNAPSHOT.jar:?]
	at org.apache.hadoop.ozone.om.KeyManagerImpl.lambda$9(KeyManagerImpl.java:1930) ~[ozone-manager-1.4.0-SNAPSHOT.jar:?]
	at org.apache.hadoop.util.MetricUtil.captureLatencyNs(MetricUtil.java:39) ~[hdds-common-1.4.0-SNAPSHOT.jar:?]
	at org.apache.hadoop.ozone.om.KeyManagerImpl.getKeyInfo(KeyManagerImpl.java:1928) ~[ozone-manager-1.4.0-SNAPSHOT.jar:?]
	at org.apache.hadoop.ozone.om.OmMetadataReader.getKeyInfo(OmMetadataReader.java:210) ~[ozone-manager-1.4.0-SNAPSHOT.jar:?]
	at org.apache.hadoop.ozone.om.OzoneManager.getKeyInfo(OzoneManager.java:2793) ~[ozone-manager-1.4.0-SNAPSHOT.jar:?]
	at org.apache.hadoop.ozone.protocolPB.OzoneManagerRequestHandler.getKeyInfo(OzoneManagerRequestHandler.java:550) ~[ozone-manager-1.4.0-SNAPSHOT.jar:?]
	at org.apache.hadoop.ozone.protocolPB.OzoneManagerRequestHandler.handleReadRequest(OzoneManagerRequestHandler.java:293) ~[ozone-manager-1.4.0-SNAPSHOT.jar:?]
	at org.apache.hadoop.ozone.protocolPB.OzoneManagerProtocolServerSideTranslatorPB.submitReadRequestToOM(OzoneManagerProtocolServerSideTranslatorPB.java:223) ~[ozone-manager-1.4.0-SNAPSHOT.jar:?]
	at org.apache.hadoop.ozone.protocolPB.OzoneManagerProtocolServerSideTranslatorPB.processRequest(OzoneManagerProtocolServerSideTranslatorPB.java:177) ~[ozone-manager-1.4.0-SNAPSHOT.jar:?]
	at org.apache.hadoop.hdds.server.OzoneProtocolMessageDispatcher.processRequest(OzoneProtocolMessageDispatcher.java:87) [hdds-server-framework-1.4.0-SNAPSHOT.jar:?]
	at org.apache.hadoop.ozone.protocolPB.OzoneManagerProtocolServerSideTranslatorPB.submitRequest(OzoneManagerProtocolServerSideTranslatorPB.java:147) [ozone-manager-1.4.0-SNAPSHOT.jar:?]
	at org.apache.hadoop.ozone.protocol.proto.OzoneManagerProtocolProtos$OzoneManagerService$2.callBlockingMethod(OzoneManagerProtocolProtos.java) [ozone-interface-client-1.4.0-SNAPSHOT.jar:?]
	at org.apache.hadoop.ipc.ProtobufRpcEngine$Server.processCall(ProtobufRpcEngine.java:484) [hadoop-common-3.3.5.jar:?]
	at org.apache.hadoop.ipc.ProtobufRpcEngine2$Server$ProtoBufRpcInvoker.call(ProtobufRpcEngine2.java:595) [hadoop-common-3.3.5.jar:?]
	at org.apache.hadoop.ipc.ProtobufRpcEngine2$Server$ProtoBufRpcInvoker.call(ProtobufRpcEngine2.java:573) [hadoop-common-3.3.5.jar:?]
	at org.apache.hadoop.ipc.RPC$Server.call(RPC.java:1213) [hadoop-common-3.3.5.jar:?]
	at org.apache.hadoop.ipc.Server$RpcCall.run(Server.java:1089) [hadoop-common-3.3.5.jar:?]
	at org.apache.hadoop.ipc.Server$RpcCall.run(Server.java:1012) [hadoop-common-3.3.5.jar:?]
	at java.security.AccessController.doPrivileged(Native Method) ~[?:1.8.0_372]
	at javax.security.auth.Subject.doAs(Subject.java:422) [?:1.8.0_372]
	at org.apache.hadoop.security.UserGroupInformation.doAs(UserGroupInformation.java:1899) [hadoop-common-3.3.5.jar:?]
	at org.apache.hadoop.ipc.Server$Handler.run(Server.java:3026) [hadoop-common-3.3.5.jar:?]
2023-06-02 20:41:36,358 [IPC Server handler 10 on default port 15001] WARN  node.SCMNodeManager (SCMNodeManager.java:getNodesByAddress(1381)) - Cannot find node for address 127.0.0.1
]]></system-out>
  </testcase>
  <testcase name="testS3Auth" classname="org.apache.hadoop.ozone.client.rpc.TestSecureOzoneRpcClient" time="0.03">
    <system-out><![CDATA[2023-06-02 20:41:36,377 [OM StateMachine ApplyTransaction Thread - 0] INFO  volume.OMVolumeCreateRequest (OMVolumeCreateRequest.java:validateAndUpdateCache(196)) - created volume:13a00114-b494-4959-b8ee-54adf6d20624 for user:runner
2023-06-02 20:41:36,379 [main] ERROR protocolPB.OzoneManagerProtocolServerSideTranslatorPB (S3SecurityUtil.java:validateS3Credential(70)) - signatures do NOT match for S3 identifier:OzoneToken owner=runner, renewer=, realUser=, issueDate=1970-01-01T00:00:00Z, maxDate=1970-01-01T00:00:00Z, sequenceNumber=0, masterKeyId=0, strToSign=AWS4-HMAC-SHA256
20150830T123600Z
20150830/us-east-1/iam/aws4_request
f536975d06c0309214f805bb90ccff089219ecd68b2577efef23edd43b7e1a59, signature=5d672d79c15b13162d9279b0855cfba6789a8edb4c82c400e06b5924a6f2b5d7, awsAccessKeyId=runner, omServiceId=null, omCertSerialId=null
org.apache.hadoop.security.token.SecretManager$InvalidToken: Invalid S3 identifier:OzoneToken owner=runner, renewer=, realUser=, issueDate=1970-01-01T00:00:00Z, maxDate=1970-01-01T00:00:00Z, sequenceNumber=0, masterKeyId=0, strToSign=AWS4-HMAC-SHA256
20150830T123600Z
20150830/us-east-1/iam/aws4_request
f536975d06c0309214f805bb90ccff089219ecd68b2577efef23edd43b7e1a59, signature=5d672d79c15b13162d9279b0855cfba6789a8edb4c82c400e06b5924a6f2b5d7, awsAccessKeyId=runner, omServiceId=null, omCertSerialId=null
	at org.apache.hadoop.ozone.security.OzoneDelegationTokenSecretManager.validateS3AuthInfo(OzoneDelegationTokenSecretManager.java:523)
	at org.apache.hadoop.ozone.security.OzoneDelegationTokenSecretManager.retrievePassword(OzoneDelegationTokenSecretManager.java:419)
	at org.apache.hadoop.ozone.security.S3SecurityUtil.validateS3Credential(S3SecurityUtil.java:61)
	at org.apache.hadoop.ozone.protocolPB.OzoneManagerProtocolServerSideTranslatorPB.processRequest(OzoneManagerProtocolServerSideTranslatorPB.java:166)
	at org.apache.hadoop.hdds.server.OzoneProtocolMessageDispatcher.processRequest(OzoneProtocolMessageDispatcher.java:87)
	at org.apache.hadoop.ozone.protocolPB.OzoneManagerProtocolServerSideTranslatorPB.submitRequest(OzoneManagerProtocolServerSideTranslatorPB.java:147)
	at org.apache.hadoop.ozone.client.rpc.TestSecureOzoneRpcClient.testS3Auth(TestSecureOzoneRpcClient.java:358)
	at sun.reflect.NativeMethodAccessorImpl.invoke0(Native Method)
	at sun.reflect.NativeMethodAccessorImpl.invoke(NativeMethodAccessorImpl.java:62)
	at sun.reflect.DelegatingMethodAccessorImpl.invoke(DelegatingMethodAccessorImpl.java:43)
	at java.lang.reflect.Method.invoke(Method.java:498)
	at org.junit.platform.commons.util.ReflectionUtils.invokeMethod(ReflectionUtils.java:725)
	at org.junit.jupiter.engine.execution.MethodInvocation.proceed(MethodInvocation.java:60)
	at org.junit.jupiter.engine.execution.InvocationInterceptorChain$ValidatingInvocation.proceed(InvocationInterceptorChain.java:131)
	at org.junit.jupiter.engine.extension.TimeoutInvocation.proceed(TimeoutInvocation.java:46)
	at org.junit.jupiter.engine.extension.TimeoutExtension.intercept(TimeoutExtension.java:149)
	at org.junit.jupiter.engine.extension.TimeoutExtension.interceptTestableMethod(TimeoutExtension.java:140)
	at org.junit.jupiter.engine.extension.TimeoutExtension.interceptTestMethod(TimeoutExtension.java:84)
	at org.junit.jupiter.engine.execution.ExecutableInvoker$ReflectiveInterceptorCall.lambda$ofVoidMethod$0(ExecutableInvoker.java:115)
	at org.junit.jupiter.engine.execution.ExecutableInvoker.lambda$invoke$0(ExecutableInvoker.java:105)
	at org.junit.jupiter.engine.execution.InvocationInterceptorChain$InterceptedInvocation.proceed(InvocationInterceptorChain.java:106)
	at org.junit.jupiter.engine.execution.InvocationInterceptorChain.proceed(InvocationInterceptorChain.java:64)
	at org.junit.jupiter.engine.execution.InvocationInterceptorChain.chainAndInvoke(InvocationInterceptorChain.java:45)
	at org.junit.jupiter.engine.execution.InvocationInterceptorChain.invoke(InvocationInterceptorChain.java:37)
	at org.junit.jupiter.engine.execution.ExecutableInvoker.invoke(ExecutableInvoker.java:104)
	at org.junit.jupiter.engine.execution.ExecutableInvoker.invoke(ExecutableInvoker.java:98)
	at org.junit.jupiter.engine.descriptor.TestMethodTestDescriptor.lambda$invokeTestMethod$7(TestMethodTestDescriptor.java:214)
	at org.junit.platform.engine.support.hierarchical.ThrowableCollector.execute(ThrowableCollector.java:73)
	at org.junit.jupiter.engine.descriptor.TestMethodTestDescriptor.invokeTestMethod(TestMethodTestDescriptor.java:210)
	at org.junit.jupiter.engine.descriptor.TestMethodTestDescriptor.execute(TestMethodTestDescriptor.java:135)
	at org.junit.jupiter.engine.descriptor.TestMethodTestDescriptor.execute(TestMethodTestDescriptor.java:66)
	at org.junit.platform.engine.support.hierarchical.NodeTestTask.lambda$executeRecursively$6(NodeTestTask.java:151)
	at org.junit.platform.engine.support.hierarchical.ThrowableCollector.execute(ThrowableCollector.java:73)
	at org.junit.platform.engine.support.hierarchical.NodeTestTask.lambda$executeRecursively$8(NodeTestTask.java:141)
	at org.junit.platform.engine.support.hierarchical.Node.around(Node.java:137)
	at org.junit.platform.engine.support.hierarchical.NodeTestTask.lambda$executeRecursively$9(NodeTestTask.java:139)
	at org.junit.platform.engine.support.hierarchical.ThrowableCollector.execute(ThrowableCollector.java:73)
	at org.junit.platform.engine.support.hierarchical.NodeTestTask.executeRecursively(NodeTestTask.java:138)
	at org.junit.platform.engine.support.hierarchical.NodeTestTask.execute(NodeTestTask.java:95)
	at java.util.ArrayList.forEach(ArrayList.java:1259)
	at org.junit.platform.engine.support.hierarchical.SameThreadHierarchicalTestExecutorService.invokeAll(SameThreadHierarchicalTestExecutorService.java:41)
	at org.junit.platform.engine.support.hierarchical.NodeTestTask.lambda$executeRecursively$6(NodeTestTask.java:155)
	at org.junit.platform.engine.support.hierarchical.ThrowableCollector.execute(ThrowableCollector.java:73)
	at org.junit.platform.engine.support.hierarchical.NodeTestTask.lambda$executeRecursively$8(NodeTestTask.java:141)
	at org.junit.platform.engine.support.hierarchical.Node.around(Node.java:137)
	at org.junit.platform.engine.support.hierarchical.NodeTestTask.lambda$executeRecursively$9(NodeTestTask.java:139)
	at org.junit.platform.engine.support.hierarchical.ThrowableCollector.execute(ThrowableCollector.java:73)
	at org.junit.platform.engine.support.hierarchical.NodeTestTask.executeRecursively(NodeTestTask.java:138)
	at org.junit.platform.engine.support.hierarchical.NodeTestTask.execute(NodeTestTask.java:95)
	at java.util.ArrayList.forEach(ArrayList.java:1259)
	at org.junit.platform.engine.support.hierarchical.SameThreadHierarchicalTestExecutorService.invokeAll(SameThreadHierarchicalTestExecutorService.java:41)
	at org.junit.platform.engine.support.hierarchical.NodeTestTask.lambda$executeRecursively$6(NodeTestTask.java:155)
	at org.junit.platform.engine.support.hierarchical.ThrowableCollector.execute(ThrowableCollector.java:73)
	at org.junit.platform.engine.support.hierarchical.NodeTestTask.lambda$executeRecursively$8(NodeTestTask.java:141)
	at org.junit.platform.engine.support.hierarchical.Node.around(Node.java:137)
	at org.junit.platform.engine.support.hierarchical.NodeTestTask.lambda$executeRecursively$9(NodeTestTask.java:139)
	at org.junit.platform.engine.support.hierarchical.ThrowableCollector.execute(ThrowableCollector.java:73)
	at org.junit.platform.engine.support.hierarchical.NodeTestTask.executeRecursively(NodeTestTask.java:138)
	at org.junit.platform.engine.support.hierarchical.NodeTestTask.execute(NodeTestTask.java:95)
	at org.junit.platform.engine.support.hierarchical.SameThreadHierarchicalTestExecutorService.submit(SameThreadHierarchicalTestExecutorService.java:35)
	at org.junit.platform.engine.support.hierarchical.HierarchicalTestExecutor.execute(HierarchicalTestExecutor.java:57)
	at org.junit.platform.engine.support.hierarchical.HierarchicalTestEngine.execute(HierarchicalTestEngine.java:54)
	at org.junit.platform.launcher.core.EngineExecutionOrchestrator.execute(EngineExecutionOrchestrator.java:107)
	at org.junit.platform.launcher.core.EngineExecutionOrchestrator.execute(EngineExecutionOrchestrator.java:88)
	at org.junit.platform.launcher.core.EngineExecutionOrchestrator.lambda$execute$0(EngineExecutionOrchestrator.java:54)
	at org.junit.platform.launcher.core.EngineExecutionOrchestrator.withInterceptedStreams(EngineExecutionOrchestrator.java:67)
	at org.junit.platform.launcher.core.EngineExecutionOrchestrator.execute(EngineExecutionOrchestrator.java:52)
	at org.junit.platform.launcher.core.DefaultLauncher.execute(DefaultLauncher.java:114)
	at org.junit.platform.launcher.core.DefaultLauncher.execute(DefaultLauncher.java:86)
	at org.junit.platform.launcher.core.DefaultLauncherSession$DelegatingLauncher.execute(DefaultLauncherSession.java:86)
	at org.junit.platform.launcher.core.SessionPerRequestLauncher.execute(SessionPerRequestLauncher.java:53)
	at org.apache.maven.surefire.junitplatform.JUnitPlatformProvider.execute(JUnitPlatformProvider.java:188)
	at org.apache.maven.surefire.junitplatform.JUnitPlatformProvider.invokeAllTests(JUnitPlatformProvider.java:154)
	at org.apache.maven.surefire.junitplatform.JUnitPlatformProvider.invoke(JUnitPlatformProvider.java:124)
	at org.apache.maven.surefire.booter.ForkedBooter.runSuitesInProcess(ForkedBooter.java:428)
	at org.apache.maven.surefire.booter.ForkedBooter.execute(ForkedBooter.java:162)
	at org.apache.maven.surefire.booter.ForkedBooter.run(ForkedBooter.java:562)
	at org.apache.maven.surefire.booter.ForkedBooter.main(ForkedBooter.java:548)
2023-06-02 20:41:36,385 [main] ERROR protocolPB.OzoneManagerProtocolServerSideTranslatorPB (S3SecurityUtil.java:validateS3Credential(70)) - signatures do NOT match for S3 identifier:OzoneToken owner=runner, renewer=, realUser=, issueDate=1970-01-01T00:00:00Z, maxDate=1970-01-01T00:00:00Z, sequenceNumber=0, masterKeyId=0, strToSign=AWS4-HMAC-SHA256
20150830T123600Z
20150830/us-east-1/iam/aws4_request
f536975d06c0309214f805bb90ccff089219ecd68b2577efef23edd43b7e1a59, signature=5d672d79c15b13162d9279b0855cfba6789a8edb4c82c400e06b5924a6f2b5d7, awsAccessKeyId=runner, omServiceId=null, omCertSerialId=null
org.apache.hadoop.security.token.SecretManager$InvalidToken: Invalid S3 identifier:OzoneToken owner=runner, renewer=, realUser=, issueDate=1970-01-01T00:00:00Z, maxDate=1970-01-01T00:00:00Z, sequenceNumber=0, masterKeyId=0, strToSign=AWS4-HMAC-SHA256
20150830T123600Z
20150830/us-east-1/iam/aws4_request
f536975d06c0309214f805bb90ccff089219ecd68b2577efef23edd43b7e1a59, signature=5d672d79c15b13162d9279b0855cfba6789a8edb4c82c400e06b5924a6f2b5d7, awsAccessKeyId=runner, omServiceId=null, omCertSerialId=null
	at org.apache.hadoop.ozone.security.OzoneDelegationTokenSecretManager.validateS3AuthInfo(OzoneDelegationTokenSecretManager.java:523)
	at org.apache.hadoop.ozone.security.OzoneDelegationTokenSecretManager.retrievePassword(OzoneDelegationTokenSecretManager.java:419)
	at org.apache.hadoop.ozone.security.S3SecurityUtil.validateS3Credential(S3SecurityUtil.java:61)
	at org.apache.hadoop.ozone.protocolPB.OzoneManagerProtocolServerSideTranslatorPB.processRequest(OzoneManagerProtocolServerSideTranslatorPB.java:166)
	at org.apache.hadoop.hdds.server.OzoneProtocolMessageDispatcher.processRequest(OzoneProtocolMessageDispatcher.java:87)
	at org.apache.hadoop.ozone.protocolPB.OzoneManagerProtocolServerSideTranslatorPB.submitRequest(OzoneManagerProtocolServerSideTranslatorPB.java:147)
	at org.apache.hadoop.ozone.client.rpc.TestSecureOzoneRpcClient.testS3Auth(TestSecureOzoneRpcClient.java:363)
	at sun.reflect.NativeMethodAccessorImpl.invoke0(Native Method)
	at sun.reflect.NativeMethodAccessorImpl.invoke(NativeMethodAccessorImpl.java:62)
	at sun.reflect.DelegatingMethodAccessorImpl.invoke(DelegatingMethodAccessorImpl.java:43)
	at java.lang.reflect.Method.invoke(Method.java:498)
	at org.junit.platform.commons.util.ReflectionUtils.invokeMethod(ReflectionUtils.java:725)
	at org.junit.jupiter.engine.execution.MethodInvocation.proceed(MethodInvocation.java:60)
	at org.junit.jupiter.engine.execution.InvocationInterceptorChain$ValidatingInvocation.proceed(InvocationInterceptorChain.java:131)
	at org.junit.jupiter.engine.extension.TimeoutInvocation.proceed(TimeoutInvocation.java:46)
	at org.junit.jupiter.engine.extension.TimeoutExtension.intercept(TimeoutExtension.java:149)
	at org.junit.jupiter.engine.extension.TimeoutExtension.interceptTestableMethod(TimeoutExtension.java:140)
	at org.junit.jupiter.engine.extension.TimeoutExtension.interceptTestMethod(TimeoutExtension.java:84)
	at org.junit.jupiter.engine.execution.ExecutableInvoker$ReflectiveInterceptorCall.lambda$ofVoidMethod$0(ExecutableInvoker.java:115)
	at org.junit.jupiter.engine.execution.ExecutableInvoker.lambda$invoke$0(ExecutableInvoker.java:105)
	at org.junit.jupiter.engine.execution.InvocationInterceptorChain$InterceptedInvocation.proceed(InvocationInterceptorChain.java:106)
	at org.junit.jupiter.engine.execution.InvocationInterceptorChain.proceed(InvocationInterceptorChain.java:64)
	at org.junit.jupiter.engine.execution.InvocationInterceptorChain.chainAndInvoke(InvocationInterceptorChain.java:45)
	at org.junit.jupiter.engine.execution.InvocationInterceptorChain.invoke(InvocationInterceptorChain.java:37)
	at org.junit.jupiter.engine.execution.ExecutableInvoker.invoke(ExecutableInvoker.java:104)
	at org.junit.jupiter.engine.execution.ExecutableInvoker.invoke(ExecutableInvoker.java:98)
	at org.junit.jupiter.engine.descriptor.TestMethodTestDescriptor.lambda$invokeTestMethod$7(TestMethodTestDescriptor.java:214)
	at org.junit.platform.engine.support.hierarchical.ThrowableCollector.execute(ThrowableCollector.java:73)
	at org.junit.jupiter.engine.descriptor.TestMethodTestDescriptor.invokeTestMethod(TestMethodTestDescriptor.java:210)
	at org.junit.jupiter.engine.descriptor.TestMethodTestDescriptor.execute(TestMethodTestDescriptor.java:135)
	at org.junit.jupiter.engine.descriptor.TestMethodTestDescriptor.execute(TestMethodTestDescriptor.java:66)
	at org.junit.platform.engine.support.hierarchical.NodeTestTask.lambda$executeRecursively$6(NodeTestTask.java:151)
	at org.junit.platform.engine.support.hierarchical.ThrowableCollector.execute(ThrowableCollector.java:73)
	at org.junit.platform.engine.support.hierarchical.NodeTestTask.lambda$executeRecursively$8(NodeTestTask.java:141)
	at org.junit.platform.engine.support.hierarchical.Node.around(Node.java:137)
	at org.junit.platform.engine.support.hierarchical.NodeTestTask.lambda$executeRecursively$9(NodeTestTask.java:139)
	at org.junit.platform.engine.support.hierarchical.ThrowableCollector.execute(ThrowableCollector.java:73)
	at org.junit.platform.engine.support.hierarchical.NodeTestTask.executeRecursively(NodeTestTask.java:138)
	at org.junit.platform.engine.support.hierarchical.NodeTestTask.execute(NodeTestTask.java:95)
	at java.util.ArrayList.forEach(ArrayList.java:1259)
	at org.junit.platform.engine.support.hierarchical.SameThreadHierarchicalTestExecutorService.invokeAll(SameThreadHierarchicalTestExecutorService.java:41)
	at org.junit.platform.engine.support.hierarchical.NodeTestTask.lambda$executeRecursively$6(NodeTestTask.java:155)
	at org.junit.platform.engine.support.hierarchical.ThrowableCollector.execute(ThrowableCollector.java:73)
	at org.junit.platform.engine.support.hierarchical.NodeTestTask.lambda$executeRecursively$8(NodeTestTask.java:141)
	at org.junit.platform.engine.support.hierarchical.Node.around(Node.java:137)
	at org.junit.platform.engine.support.hierarchical.NodeTestTask.lambda$executeRecursively$9(NodeTestTask.java:139)
	at org.junit.platform.engine.support.hierarchical.ThrowableCollector.execute(ThrowableCollector.java:73)
	at org.junit.platform.engine.support.hierarchical.NodeTestTask.executeRecursively(NodeTestTask.java:138)
	at org.junit.platform.engine.support.hierarchical.NodeTestTask.execute(NodeTestTask.java:95)
	at java.util.ArrayList.forEach(ArrayList.java:1259)
	at org.junit.platform.engine.support.hierarchical.SameThreadHierarchicalTestExecutorService.invokeAll(SameThreadHierarchicalTestExecutorService.java:41)
	at org.junit.platform.engine.support.hierarchical.NodeTestTask.lambda$executeRecursively$6(NodeTestTask.java:155)
	at org.junit.platform.engine.support.hierarchical.ThrowableCollector.execute(ThrowableCollector.java:73)
	at org.junit.platform.engine.support.hierarchical.NodeTestTask.lambda$executeRecursively$8(NodeTestTask.java:141)
	at org.junit.platform.engine.support.hierarchical.Node.around(Node.java:137)
	at org.junit.platform.engine.support.hierarchical.NodeTestTask.lambda$executeRecursively$9(NodeTestTask.java:139)
	at org.junit.platform.engine.support.hierarchical.ThrowableCollector.execute(ThrowableCollector.java:73)
	at org.junit.platform.engine.support.hierarchical.NodeTestTask.executeRecursively(NodeTestTask.java:138)
	at org.junit.platform.engine.support.hierarchical.NodeTestTask.execute(NodeTestTask.java:95)
	at org.junit.platform.engine.support.hierarchical.SameThreadHierarchicalTestExecutorService.submit(SameThreadHierarchicalTestExecutorService.java:35)
	at org.junit.platform.engine.support.hierarchical.HierarchicalTestExecutor.execute(HierarchicalTestExecutor.java:57)
	at org.junit.platform.engine.support.hierarchical.HierarchicalTestEngine.execute(HierarchicalTestEngine.java:54)
	at org.junit.platform.launcher.core.EngineExecutionOrchestrator.execute(EngineExecutionOrchestrator.java:107)
	at org.junit.platform.launcher.core.EngineExecutionOrchestrator.execute(EngineExecutionOrchestrator.java:88)
	at org.junit.platform.launcher.core.EngineExecutionOrchestrator.lambda$execute$0(EngineExecutionOrchestrator.java:54)
	at org.junit.platform.launcher.core.EngineExecutionOrchestrator.withInterceptedStreams(EngineExecutionOrchestrator.java:67)
	at org.junit.platform.launcher.core.EngineExecutionOrchestrator.execute(EngineExecutionOrchestrator.java:52)
	at org.junit.platform.launcher.core.DefaultLauncher.execute(DefaultLauncher.java:114)
	at org.junit.platform.launcher.core.DefaultLauncher.execute(DefaultLauncher.java:86)
	at org.junit.platform.launcher.core.DefaultLauncherSession$DelegatingLauncher.execute(DefaultLauncherSession.java:86)
	at org.junit.platform.launcher.core.SessionPerRequestLauncher.execute(SessionPerRequestLauncher.java:53)
	at org.apache.maven.surefire.junitplatform.JUnitPlatformProvider.execute(JUnitPlatformProvider.java:188)
	at org.apache.maven.surefire.junitplatform.JUnitPlatformProvider.invokeAllTests(JUnitPlatformProvider.java:154)
	at org.apache.maven.surefire.junitplatform.JUnitPlatformProvider.invoke(JUnitPlatformProvider.java:124)
	at org.apache.maven.surefire.booter.ForkedBooter.runSuitesInProcess(ForkedBooter.java:428)
	at org.apache.maven.surefire.booter.ForkedBooter.execute(ForkedBooter.java:162)
	at org.apache.maven.surefire.booter.ForkedBooter.run(ForkedBooter.java:562)
	at org.apache.maven.surefire.booter.ForkedBooter.main(ForkedBooter.java:548)
]]></system-out>
  </testcase>
  <testcase name="testSetAndClrQuota" classname="org.apache.hadoop.ozone.client.rpc.TestSecureOzoneRpcClient" time="0.096">
    <system-out><![CDATA[2023-06-02 20:41:36,391 [main] INFO  rpc.RpcClient (RpcClient.java:createVolume(459)) - Creating Volume: 43a63c9e-8757-49e7-8a8c-7772b63de59e, with runner as owner and space quota set to -1 bytes, counts quota set to -1
2023-06-02 20:41:36,395 [OM StateMachine ApplyTransaction Thread - 0] INFO  volume.OMVolumeCreateRequest (OMVolumeCreateRequest.java:validateAndUpdateCache(196)) - created volume:43a63c9e-8757-49e7-8a8c-7772b63de59e for user:runner
2023-06-02 20:41:36,398 [main] INFO  rpc.RpcClient (RpcClient.java:createBucket(686)) - Creating Bucket: 43a63c9e-8757-49e7-8a8c-7772b63de59e/e50572bf-84aa-4cae-9a63-7c38f0bce96d, with server-side default bucket layout, runner as owner, Versioning false, Storage Type set to DISK and Encryption set to false, Replication Type set to server-side default replication type, Namespace Quota set to -1, Space Quota set to -1 
2023-06-02 20:41:36,400 [OM StateMachine ApplyTransaction Thread - 0] INFO  bucket.OMBucketCreateRequest (OMBucketCreateRequest.java:validateAndUpdateCache(270)) - created bucket: e50572bf-84aa-4cae-9a63-7c38f0bce96d of layout OBJECT_STORE in volume: 43a63c9e-8757-49e7-8a8c-7772b63de59e
2023-06-02 20:41:36,410 [main] INFO  rpc.RpcClient (RpcClient.java:createBucket(686)) - Creating Bucket: 43a63c9e-8757-49e7-8a8c-7772b63de59e/1e6fbb30-d0ee-4e78-ab55-f59a214150ee, with server-side default bucket layout, runner as owner, Versioning false, Storage Type set to DISK and Encryption set to false, Replication Type set to server-side default replication type, Namespace Quota set to -1, Space Quota set to -1 
2023-06-02 20:41:36,416 [OM StateMachine ApplyTransaction Thread - 0] INFO  bucket.OMBucketCreateRequest (OMBucketCreateRequest.java:validateAndUpdateCache(270)) - created bucket: 1e6fbb30-d0ee-4e78-ab55-f59a214150ee of layout OBJECT_STORE in volume: 43a63c9e-8757-49e7-8a8c-7772b63de59e
20:41:36.434 [OM StateMachine ApplyTransaction Thread - 0] ERROR OMAudit - user=runner | ip=127.0.0.1 | op=UPDATE_BUCKET {volume=43a63c9e-8757-49e7-8a8c-7772b63de59e, bucket=e50572bf-84aa-4cae-9a63-7c38f0bce96d, gdprEnabled=null, isVersionEnabled=null} | ret=FAILURE
org.apache.hadoop.ozone.om.exceptions.OMException: Can not clear bucket spaceQuota because volume spaceQuota is not cleared.
	at org.apache.hadoop.ozone.om.request.bucket.OMBucketSetPropertyRequest.checkQuotaBytesValid(OMBucketSetPropertyRequest.java:303) ~[ozone-manager-1.4.0-SNAPSHOT.jar:?]
	at org.apache.hadoop.ozone.om.request.bucket.OMBucketSetPropertyRequest.validateAndUpdateCache(OMBucketSetPropertyRequest.java:184) ~[ozone-manager-1.4.0-SNAPSHOT.jar:?]
	at org.apache.hadoop.ozone.protocolPB.OzoneManagerRequestHandler.handleWriteRequest(OzoneManagerRequestHandler.java:338) ~[ozone-manager-1.4.0-SNAPSHOT.jar:?]
	at org.apache.hadoop.ozone.om.ratis.OzoneManagerStateMachine.runCommand(OzoneManagerStateMachine.java:567) ~[ozone-manager-1.4.0-SNAPSHOT.jar:?]
	at org.apache.hadoop.ozone.om.ratis.OzoneManagerStateMachine.lambda$1(OzoneManagerStateMachine.java:358) ~[ozone-manager-1.4.0-SNAPSHOT.jar:?]
	at java.util.concurrent.CompletableFuture$AsyncSupply.run(CompletableFuture.java:1604) [?:1.8.0_372]
	at java.util.concurrent.ThreadPoolExecutor.runWorker(ThreadPoolExecutor.java:1149) [?:1.8.0_372]
	at java.util.concurrent.ThreadPoolExecutor$Worker.run(ThreadPoolExecutor.java:624) [?:1.8.0_372]
	at java.lang.Thread.run(Thread.java:750) [?:1.8.0_372]
2023-06-02 20:41:36,434 [OM StateMachine ApplyTransaction Thread - 0] ERROR bucket.OMBucketSetPropertyRequest (OMBucketSetPropertyRequest.java:validateAndUpdateCache(263)) - Setting bucket property failed for bucket:e50572bf-84aa-4cae-9a63-7c38f0bce96d in volume:43a63c9e-8757-49e7-8a8c-7772b63de59e
QUOTA_ERROR org.apache.hadoop.ozone.om.exceptions.OMException: Can not clear bucket spaceQuota because volume spaceQuota is not cleared.
	at org.apache.hadoop.ozone.om.request.bucket.OMBucketSetPropertyRequest.checkQuotaBytesValid(OMBucketSetPropertyRequest.java:303)
	at org.apache.hadoop.ozone.om.request.bucket.OMBucketSetPropertyRequest.validateAndUpdateCache(OMBucketSetPropertyRequest.java:184)
	at org.apache.hadoop.ozone.protocolPB.OzoneManagerRequestHandler.handleWriteRequest(OzoneManagerRequestHandler.java:338)
	at org.apache.hadoop.ozone.om.ratis.OzoneManagerStateMachine.runCommand(OzoneManagerStateMachine.java:567)
	at org.apache.hadoop.ozone.om.ratis.OzoneManagerStateMachine.lambda$1(OzoneManagerStateMachine.java:358)
	at java.util.concurrent.CompletableFuture$AsyncSupply.run(CompletableFuture.java:1604)
	at java.util.concurrent.ThreadPoolExecutor.runWorker(ThreadPoolExecutor.java:1149)
	at java.util.concurrent.ThreadPoolExecutor$Worker.run(ThreadPoolExecutor.java:624)
	at java.lang.Thread.run(Thread.java:750)
]]></system-out>
  </testcase>
  <testcase name="testSetBucketQuotaIllegal" classname="org.apache.hadoop.ozone.client.rpc.TestSecureOzoneRpcClient" time="0.023">
    <system-out><![CDATA[2023-06-02 20:41:36,488 [main] INFO  rpc.RpcClient (RpcClient.java:createVolume(459)) - Creating Volume: 22e8ba07-c7f5-46a6-903d-e34286c1d5c0, with runner as owner and space quota set to -1 bytes, counts quota set to -1
2023-06-02 20:41:36,490 [OM StateMachine ApplyTransaction Thread - 0] INFO  volume.OMVolumeCreateRequest (OMVolumeCreateRequest.java:validateAndUpdateCache(196)) - created volume:22e8ba07-c7f5-46a6-903d-e34286c1d5c0 for user:runner
2023-06-02 20:41:36,496 [main] INFO  rpc.RpcClient (RpcClient.java:createBucket(686)) - Creating Bucket: 22e8ba07-c7f5-46a6-903d-e34286c1d5c0/b6ba4427-e294-497b-bc7f-36fa8cf32dc8, with server-side default bucket layout, runner as owner, Versioning false, Storage Type set to DISK and Encryption set to false, Replication Type set to server-side default replication type, Namespace Quota set to -1, Space Quota set to -1 
2023-06-02 20:41:36,498 [OM StateMachine ApplyTransaction Thread - 0] INFO  bucket.OMBucketCreateRequest (OMBucketCreateRequest.java:validateAndUpdateCache(270)) - created bucket: b6ba4427-e294-497b-bc7f-36fa8cf32dc8 of layout OBJECT_STORE in volume: 22e8ba07-c7f5-46a6-903d-e34286c1d5c0
]]></system-out>
  </testcase>
  <testcase name="testSetBucketStorageType" classname="org.apache.hadoop.ozone.client.rpc.TestSecureOzoneRpcClient" time="0.011">
    <system-out><![CDATA[2023-06-02 20:41:36,511 [main] INFO  rpc.RpcClient (RpcClient.java:createVolume(459)) - Creating Volume: 22558b3a-e14b-4985-b96e-5b90c42301c9, with runner as owner and space quota set to -1 bytes, counts quota set to -1
2023-06-02 20:41:36,514 [OM StateMachine ApplyTransaction Thread - 0] INFO  volume.OMVolumeCreateRequest (OMVolumeCreateRequest.java:validateAndUpdateCache(196)) - created volume:22558b3a-e14b-4985-b96e-5b90c42301c9 for user:runner
2023-06-02 20:41:36,516 [main] INFO  rpc.RpcClient (RpcClient.java:createBucket(686)) - Creating Bucket: 22558b3a-e14b-4985-b96e-5b90c42301c9/6b55830f-3593-4fd5-a91f-b0b59487480f, with server-side default bucket layout, runner as owner, Versioning false, Storage Type set to DISK and Encryption set to false, Replication Type set to server-side default replication type, Namespace Quota set to -1, Space Quota set to -1 
2023-06-02 20:41:36,518 [OM StateMachine ApplyTransaction Thread - 0] INFO  bucket.OMBucketCreateRequest (OMBucketCreateRequest.java:validateAndUpdateCache(270)) - created bucket: 6b55830f-3593-4fd5-a91f-b0b59487480f of layout OBJECT_STORE in volume: 22558b3a-e14b-4985-b96e-5b90c42301c9
]]></system-out>
  </testcase>
  <testcase name="testSetBucketVersioning" classname="org.apache.hadoop.ozone.client.rpc.TestSecureOzoneRpcClient" time="0.01">
    <system-out><![CDATA[2023-06-02 20:41:36,523 [main] INFO  rpc.RpcClient (RpcClient.java:createVolume(459)) - Creating Volume: d8982a47-a59f-4beb-9c88-b606cf09f262, with runner as owner and space quota set to -1 bytes, counts quota set to -1
2023-06-02 20:41:36,525 [OM StateMachine ApplyTransaction Thread - 0] INFO  volume.OMVolumeCreateRequest (OMVolumeCreateRequest.java:validateAndUpdateCache(196)) - created volume:d8982a47-a59f-4beb-9c88-b606cf09f262 for user:runner
2023-06-02 20:41:36,527 [main] INFO  rpc.RpcClient (RpcClient.java:createBucket(686)) - Creating Bucket: d8982a47-a59f-4beb-9c88-b606cf09f262/972ad9f2-5fd4-4a3d-9cd6-08d4c9cac363, with server-side default bucket layout, runner as owner, Versioning false, Storage Type set to DISK and Encryption set to false, Replication Type set to server-side default replication type, Namespace Quota set to -1, Space Quota set to -1 
2023-06-02 20:41:36,529 [OM StateMachine ApplyTransaction Thread - 0] INFO  bucket.OMBucketCreateRequest (OMBucketCreateRequest.java:validateAndUpdateCache(270)) - created bucket: 972ad9f2-5fd4-4a3d-9cd6-08d4c9cac363 of layout OBJECT_STORE in volume: d8982a47-a59f-4beb-9c88-b606cf09f262
]]></system-out>
  </testcase>
  <testcase name="testSetECReplicationConfigOnBucket" classname="org.apache.hadoop.ozone.client.rpc.TestSecureOzoneRpcClient" time="0.018">
    <system-out><![CDATA[2023-06-02 20:41:36,533 [main] INFO  rpc.RpcClient (RpcClient.java:createVolume(459)) - Creating Volume: 08624e38-2635-4daf-8bf8-ae6da489588b, with runner as owner and space quota set to -1 bytes, counts quota set to -1
2023-06-02 20:41:36,535 [OM StateMachine ApplyTransaction Thread - 0] INFO  volume.OMVolumeCreateRequest (OMVolumeCreateRequest.java:validateAndUpdateCache(196)) - created volume:08624e38-2635-4daf-8bf8-ae6da489588b for user:runner
2023-06-02 20:41:36,537 [main] INFO  rpc.RpcClient (RpcClient.java:createBucket(686)) - Creating Bucket: 08624e38-2635-4daf-8bf8-ae6da489588b/b36dd6b3-a3b3-4637-8b9e-1793e95a0270, with server-side default bucket layout, runner as owner, Versioning true, Storage Type set to DISK and Encryption set to false, Replication Type set to STAND_ALONE, Namespace Quota set to -1, Space Quota set to -1 
2023-06-02 20:41:36,538 [OM StateMachine ApplyTransaction Thread - 0] INFO  bucket.OMBucketCreateRequest (OMBucketCreateRequest.java:validateAndUpdateCache(270)) - created bucket: b36dd6b3-a3b3-4637-8b9e-1793e95a0270 of layout OBJECT_STORE in volume: 08624e38-2635-4daf-8bf8-ae6da489588b
]]></system-out>
  </testcase>
  <testcase name="testSetS3VolumeAcl" classname="org.apache.hadoop.ozone.client.rpc.TestSecureOzoneRpcClient" time="0.004"/>
  <testcase name="testSetVolumeQuota" classname="org.apache.hadoop.ozone.client.rpc.TestSecureOzoneRpcClient" time="0.009">
    <system-out><![CDATA[2023-06-02 20:41:36,556 [main] INFO  rpc.RpcClient (RpcClient.java:createVolume(459)) - Creating Volume: b80b1e61-e255-42e3-8954-0536fdca2405, with runner as owner and space quota set to -1 bytes, counts quota set to -1
2023-06-02 20:41:36,557 [OM StateMachine ApplyTransaction Thread - 0] INFO  volume.OMVolumeCreateRequest (OMVolumeCreateRequest.java:validateAndUpdateCache(196)) - created volume:b80b1e61-e255-42e3-8954-0536fdca2405 for user:runner
]]></system-out>
  </testcase>
  <testcase name="testSetVolumeQuotaIllegal" classname="org.apache.hadoop.ozone.client.rpc.TestSecureOzoneRpcClient" time="0.009">
    <system-out><![CDATA[2023-06-02 20:41:36,565 [main] INFO  rpc.RpcClient (RpcClient.java:createVolume(459)) - Creating Volume: 57b4b9e7-8460-4236-a0b5-c0e75ee1a581, with runner as owner and space quota set to -1 bytes, counts quota set to -1
2023-06-02 20:41:36,567 [OM StateMachine ApplyTransaction Thread - 0] INFO  volume.OMVolumeCreateRequest (OMVolumeCreateRequest.java:validateAndUpdateCache(196)) - created volume:57b4b9e7-8460-4236-a0b5-c0e75ee1a581 for user:runner
]]></system-out>
  </testcase>
  <testcase name="testUploadPartOverride(ReplicationConfig)[1]" classname="org.apache.hadoop.ozone.client.rpc.TestSecureOzoneRpcClient" time="0.047">
    <system-out><![CDATA[2023-06-02 20:41:36,576 [main] INFO  rpc.RpcClient (RpcClient.java:createVolume(459)) - Creating Volume: 0e76e2c6-745b-4479-aa91-7d828594691a, with runner as owner and space quota set to -1 bytes, counts quota set to -1
2023-06-02 20:41:36,578 [OM StateMachine ApplyTransaction Thread - 0] INFO  volume.OMVolumeCreateRequest (OMVolumeCreateRequest.java:validateAndUpdateCache(196)) - created volume:0e76e2c6-745b-4479-aa91-7d828594691a for user:runner
2023-06-02 20:41:36,580 [main] INFO  rpc.RpcClient (RpcClient.java:createBucket(686)) - Creating Bucket: 0e76e2c6-745b-4479-aa91-7d828594691a/ca9ae969-bcb8-416f-8a04-6427b90166a1, with server-side default bucket layout, runner as owner, Versioning false, Storage Type set to DISK and Encryption set to false, Replication Type set to server-side default replication type, Namespace Quota set to -1, Space Quota set to -1 
2023-06-02 20:41:36,582 [OM StateMachine ApplyTransaction Thread - 0] INFO  bucket.OMBucketCreateRequest (OMBucketCreateRequest.java:validateAndUpdateCache(270)) - created bucket: ca9ae969-bcb8-416f-8a04-6427b90166a1 of layout OBJECT_STORE in volume: 0e76e2c6-745b-4479-aa91-7d828594691a
]]></system-out>
  </testcase>
  <testcase name="testUploadPartOverride(ReplicationConfig)[2]" classname="org.apache.hadoop.ozone.client.rpc.TestSecureOzoneRpcClient" time="0.114">
    <system-out><![CDATA[2023-06-02 20:41:36,623 [main] INFO  rpc.RpcClient (RpcClient.java:createVolume(459)) - Creating Volume: 1a9ab411-4ddc-4630-b552-0183167e9db1, with runner as owner and space quota set to -1 bytes, counts quota set to -1
2023-06-02 20:41:36,628 [OM StateMachine ApplyTransaction Thread - 0] INFO  volume.OMVolumeCreateRequest (OMVolumeCreateRequest.java:validateAndUpdateCache(196)) - created volume:1a9ab411-4ddc-4630-b552-0183167e9db1 for user:runner
2023-06-02 20:41:36,630 [main] INFO  rpc.RpcClient (RpcClient.java:createBucket(686)) - Creating Bucket: 1a9ab411-4ddc-4630-b552-0183167e9db1/cca7bdef-b790-44ad-8376-4663cc10a839, with server-side default bucket layout, runner as owner, Versioning false, Storage Type set to DISK and Encryption set to false, Replication Type set to server-side default replication type, Namespace Quota set to -1, Space Quota set to -1 
2023-06-02 20:41:36,632 [OM StateMachine ApplyTransaction Thread - 0] INFO  bucket.OMBucketCreateRequest (OMBucketCreateRequest.java:validateAndUpdateCache(270)) - created bucket: cca7bdef-b790-44ad-8376-4663cc10a839 of layout OBJECT_STORE in volume: 1a9ab411-4ddc-4630-b552-0183167e9db1
]]></system-out>
  </testcase>
  <testcase name="testUploadPartOverride(ReplicationConfig)[3]" classname="org.apache.hadoop.ozone.client.rpc.TestSecureOzoneRpcClient" time="0.187">
    <system-out><![CDATA[2023-06-02 20:41:36,738 [main] INFO  rpc.RpcClient (RpcClient.java:createVolume(459)) - Creating Volume: 67217208-6ff9-4814-ae40-72357f21c124, with runner as owner and space quota set to -1 bytes, counts quota set to -1
2023-06-02 20:41:36,740 [OM StateMachine ApplyTransaction Thread - 0] INFO  volume.OMVolumeCreateRequest (OMVolumeCreateRequest.java:validateAndUpdateCache(196)) - created volume:67217208-6ff9-4814-ae40-72357f21c124 for user:runner
2023-06-02 20:41:36,742 [main] INFO  rpc.RpcClient (RpcClient.java:createBucket(686)) - Creating Bucket: 67217208-6ff9-4814-ae40-72357f21c124/28477067-1358-4e97-86a6-9d0e9fb41a32, with server-side default bucket layout, runner as owner, Versioning false, Storage Type set to DISK and Encryption set to false, Replication Type set to server-side default replication type, Namespace Quota set to -1, Space Quota set to -1 
2023-06-02 20:41:36,744 [OM StateMachine ApplyTransaction Thread - 0] INFO  bucket.OMBucketCreateRequest (OMBucketCreateRequest.java:validateAndUpdateCache(270)) - created bucket: 28477067-1358-4e97-86a6-9d0e9fb41a32 of layout OBJECT_STORE in volume: 67217208-6ff9-4814-ae40-72357f21c124
]]></system-out>
  </testcase>
  <testcase name="testUploadPartWithNoOverride(ReplicationConfig)[1]" classname="org.apache.hadoop.ozone.client.rpc.TestSecureOzoneRpcClient" time="0.028">
    <system-out><![CDATA[2023-06-02 20:41:36,926 [main] INFO  rpc.RpcClient (RpcClient.java:createVolume(459)) - Creating Volume: a368036e-9817-43a0-8050-569d946b7e82, with runner as owner and space quota set to -1 bytes, counts quota set to -1
2023-06-02 20:41:36,928 [OM StateMachine ApplyTransaction Thread - 0] INFO  volume.OMVolumeCreateRequest (OMVolumeCreateRequest.java:validateAndUpdateCache(196)) - created volume:a368036e-9817-43a0-8050-569d946b7e82 for user:runner
2023-06-02 20:41:36,930 [main] INFO  rpc.RpcClient (RpcClient.java:createBucket(686)) - Creating Bucket: a368036e-9817-43a0-8050-569d946b7e82/c5c9bece-bcd4-4d3f-8ac2-2435568b667b, with server-side default bucket layout, runner as owner, Versioning false, Storage Type set to DISK and Encryption set to false, Replication Type set to server-side default replication type, Namespace Quota set to -1, Space Quota set to -1 
2023-06-02 20:41:36,932 [OM StateMachine ApplyTransaction Thread - 0] INFO  bucket.OMBucketCreateRequest (OMBucketCreateRequest.java:validateAndUpdateCache(270)) - created bucket: c5c9bece-bcd4-4d3f-8ac2-2435568b667b of layout OBJECT_STORE in volume: a368036e-9817-43a0-8050-569d946b7e82
]]></system-out>
  </testcase>
  <testcase name="testUploadPartWithNoOverride(ReplicationConfig)[2]" classname="org.apache.hadoop.ozone.client.rpc.TestSecureOzoneRpcClient" time="0.061">
    <system-out><![CDATA[2023-06-02 20:41:36,954 [main] INFO  rpc.RpcClient (RpcClient.java:createVolume(459)) - Creating Volume: 3c97dd92-1a11-4583-aee5-c0fe7ed2b272, with runner as owner and space quota set to -1 bytes, counts quota set to -1
2023-06-02 20:41:36,956 [OM StateMachine ApplyTransaction Thread - 0] INFO  volume.OMVolumeCreateRequest (OMVolumeCreateRequest.java:validateAndUpdateCache(196)) - created volume:3c97dd92-1a11-4583-aee5-c0fe7ed2b272 for user:runner
2023-06-02 20:41:36,957 [main] INFO  rpc.RpcClient (RpcClient.java:createBucket(686)) - Creating Bucket: 3c97dd92-1a11-4583-aee5-c0fe7ed2b272/c0d05b36-1c87-424d-9d7e-582f2613381f, with server-side default bucket layout, runner as owner, Versioning false, Storage Type set to DISK and Encryption set to false, Replication Type set to server-side default replication type, Namespace Quota set to -1, Space Quota set to -1 
2023-06-02 20:41:36,959 [OM StateMachine ApplyTransaction Thread - 0] INFO  bucket.OMBucketCreateRequest (OMBucketCreateRequest.java:validateAndUpdateCache(270)) - created bucket: c0d05b36-1c87-424d-9d7e-582f2613381f of layout OBJECT_STORE in volume: 3c97dd92-1a11-4583-aee5-c0fe7ed2b272
]]></system-out>
  </testcase>
  <testcase name="testUploadPartWithNoOverride(ReplicationConfig)[3]" classname="org.apache.hadoop.ozone.client.rpc.TestSecureOzoneRpcClient" time="0.07">
    <system-out><![CDATA[2023-06-02 20:41:37,015 [main] INFO  rpc.RpcClient (RpcClient.java:createVolume(459)) - Creating Volume: bf475557-1aa1-495b-91a7-50e7ce9ec246, with runner as owner and space quota set to -1 bytes, counts quota set to -1
2023-06-02 20:41:37,018 [OM StateMachine ApplyTransaction Thread - 0] INFO  volume.OMVolumeCreateRequest (OMVolumeCreateRequest.java:validateAndUpdateCache(196)) - created volume:bf475557-1aa1-495b-91a7-50e7ce9ec246 for user:runner
2023-06-02 20:41:37,020 [main] INFO  rpc.RpcClient (RpcClient.java:createBucket(686)) - Creating Bucket: bf475557-1aa1-495b-91a7-50e7ce9ec246/b6511839-79d9-4a16-986d-5afc72056a64, with server-side default bucket layout, runner as owner, Versioning false, Storage Type set to DISK and Encryption set to false, Replication Type set to server-side default replication type, Namespace Quota set to -1, Space Quota set to -1 
2023-06-02 20:41:37,022 [OM StateMachine ApplyTransaction Thread - 0] INFO  bucket.OMBucketCreateRequest (OMBucketCreateRequest.java:validateAndUpdateCache(270)) - created bucket: b6511839-79d9-4a16-986d-5afc72056a64 of layout OBJECT_STORE in volume: bf475557-1aa1-495b-91a7-50e7ce9ec246
]]></system-out>
  </testcase>
  <testcase name="testUsedBytesWithUploadPart" classname="org.apache.hadoop.ozone.client.rpc.TestSecureOzoneRpcClient" time="0.306">
    <system-out><![CDATA[2023-06-02 20:41:37,200 [main] INFO  rpc.RpcClient (RpcClient.java:createVolume(459)) - Creating Volume: 4f1958de-fa64-422d-86f6-b8679db180a5, with runner as owner and space quota set to -1 bytes, counts quota set to -1
2023-06-02 20:41:37,204 [OM StateMachine ApplyTransaction Thread - 0] INFO  volume.OMVolumeCreateRequest (OMVolumeCreateRequest.java:validateAndUpdateCache(196)) - created volume:4f1958de-fa64-422d-86f6-b8679db180a5 for user:runner
2023-06-02 20:41:37,205 [main] INFO  rpc.RpcClient (RpcClient.java:createBucket(686)) - Creating Bucket: 4f1958de-fa64-422d-86f6-b8679db180a5/64b737fe-78c8-4587-8111-f621f738dc6a, with server-side default bucket layout, runner as owner, Versioning false, Storage Type set to DISK and Encryption set to false, Replication Type set to server-side default replication type, Namespace Quota set to -1, Space Quota set to -1 
2023-06-02 20:41:37,207 [OM StateMachine ApplyTransaction Thread - 0] INFO  bucket.OMBucketCreateRequest (OMBucketCreateRequest.java:validateAndUpdateCache(270)) - created bucket: 64b737fe-78c8-4587-8111-f621f738dc6a of layout OBJECT_STORE in volume: 4f1958de-fa64-422d-86f6-b8679db180a5
]]></system-out>
  </testcase>
  <testcase name="testValidateBlockLengthWithCommitKey" classname="org.apache.hadoop.ozone.client.rpc.TestSecureOzoneRpcClient" time="0.028">
    <system-out><![CDATA[2023-06-02 20:41:37,394 [main] INFO  rpc.RpcClient (RpcClient.java:createVolume(459)) - Creating Volume: 48a2915e-0c1b-4978-ae15-23f37f293621, with runner as owner and space quota set to -1 bytes, counts quota set to -1
2023-06-02 20:41:37,396 [OM StateMachine ApplyTransaction Thread - 0] INFO  volume.OMVolumeCreateRequest (OMVolumeCreateRequest.java:validateAndUpdateCache(196)) - created volume:48a2915e-0c1b-4978-ae15-23f37f293621 for user:runner
2023-06-02 20:41:37,398 [main] INFO  rpc.RpcClient (RpcClient.java:createBucket(686)) - Creating Bucket: 48a2915e-0c1b-4978-ae15-23f37f293621/8528d7b5-89c2-419c-8105-439a0b8c646b, with server-side default bucket layout, runner as owner, Versioning false, Storage Type set to DISK and Encryption set to false, Replication Type set to server-side default replication type, Namespace Quota set to -1, Space Quota set to -1 
2023-06-02 20:41:37,400 [OM StateMachine ApplyTransaction Thread - 0] INFO  bucket.OMBucketCreateRequest (OMBucketCreateRequest.java:validateAndUpdateCache(270)) - created bucket: 8528d7b5-89c2-419c-8105-439a0b8c646b of layout OBJECT_STORE in volume: 48a2915e-0c1b-4978-ae15-23f37f293621
]]></system-out>
  </testcase>
  <testcase name="testVolumeSetOwner" classname="org.apache.hadoop.ozone.client.rpc.TestSecureOzoneRpcClient" time="0.018">
    <system-out><![CDATA[2023-06-02 20:41:37,423 [main] INFO  rpc.RpcClient (RpcClient.java:createVolume(459)) - Creating Volume: a3f46778-a8b3-4b3a-a248-714184b0ebe9, with runner as owner and space quota set to -1 bytes, counts quota set to -1
2023-06-02 20:41:37,432 [OM StateMachine ApplyTransaction Thread - 0] INFO  volume.OMVolumeCreateRequest (OMVolumeCreateRequest.java:validateAndUpdateCache(196)) - created volume:a3f46778-a8b3-4b3a-a248-714184b0ebe9 for user:runner
2023-06-02 20:41:37,439 [OM StateMachine ApplyTransaction Thread - 0] WARN  volume.OMVolumeSetOwnerRequest (OMVolumeSetOwnerRequest.java:validateAndUpdateCache(132)) - Volume 'a3f46778-a8b3-4b3a-a248-714184b0ebe9' owner is already user 'someRandomUser1'.
]]></system-out>
  </testcase>
  <testcase name="testVolumeUsedNamespace" classname="org.apache.hadoop.ozone.client.rpc.TestSecureOzoneRpcClient" time="0.026">
    <system-out><![CDATA[2023-06-02 20:41:37,441 [main] INFO  rpc.RpcClient (RpcClient.java:createVolume(459)) - Creating Volume: 9321ad12-e4bc-4afb-82fd-cc0bedfa2f9f, with runner as owner and space quota set to -1 bytes, counts quota set to 1
2023-06-02 20:41:37,443 [OM StateMachine ApplyTransaction Thread - 0] INFO  volume.OMVolumeCreateRequest (OMVolumeCreateRequest.java:validateAndUpdateCache(196)) - created volume:9321ad12-e4bc-4afb-82fd-cc0bedfa2f9f for user:runner
2023-06-02 20:41:37,445 [main] INFO  rpc.RpcClient (RpcClient.java:createBucket(686)) - Creating Bucket: 9321ad12-e4bc-4afb-82fd-cc0bedfa2f9f/794d2a92-60fb-48d0-a155-fc2b32da000a, with server-side default bucket layout, runner as owner, Versioning false, Storage Type set to DISK and Encryption set to false, Replication Type set to server-side default replication type, Namespace Quota set to -1, Space Quota set to -1 
2023-06-02 20:41:37,447 [OM StateMachine ApplyTransaction Thread - 0] INFO  bucket.OMBucketCreateRequest (OMBucketCreateRequest.java:validateAndUpdateCache(270)) - created bucket: 794d2a92-60fb-48d0-a155-fc2b32da000a of layout OBJECT_STORE in volume: 9321ad12-e4bc-4afb-82fd-cc0bedfa2f9f
2023-06-02 20:41:37,449 [main] INFO  rpc.RpcClient (RpcClient.java:createBucket(686)) - Creating Bucket: 9321ad12-e4bc-4afb-82fd-cc0bedfa2f9f/17c27dec-355c-4bba-a015-b0e6aa9ba3ef, with server-side default bucket layout, runner as owner, Versioning false, Storage Type set to DISK and Encryption set to false, Replication Type set to server-side default replication type, Namespace Quota set to -1, Space Quota set to -1 
20:41:37.451 [OM StateMachine ApplyTransaction Thread - 0] ERROR OMAudit - user=runner | ip=127.0.0.1 | op=CREATE_BUCKET {volume=9321ad12-e4bc-4afb-82fd-cc0bedfa2f9f, bucket=17c27dec-355c-4bba-a015-b0e6aa9ba3ef, bucketLayout=OBJECT_STORE, gdprEnabled=null, acls=[user:runner:a[ACCESS], group:docker:a[ACCESS], group:adm:a[ACCESS], group:systemd-journal:a[ACCESS]], isVersionEnabled=false, storageType=DISK, creationTime=1685738497450, bucketEncryptionKey=null, modificationTime=1685738497450, usedBytes=0, usedNamespace=0} | ret=FAILURE
org.apache.hadoop.ozone.om.exceptions.OMException: The namespace quota of Volume:9321ad12-e4bc-4afb-82fd-cc0bedfa2f9f exceeded: quotaInNamespace: 1 but namespace consumed: 2.
	at org.apache.hadoop.ozone.om.request.bucket.OMBucketCreateRequest.checkQuotaInNamespace(OMBucketCreateRequest.java:357) ~[ozone-manager-1.4.0-SNAPSHOT.jar:?]
	at org.apache.hadoop.ozone.om.request.bucket.OMBucketCreateRequest.validateAndUpdateCache(OMBucketCreateRequest.java:233) ~[ozone-manager-1.4.0-SNAPSHOT.jar:?]
	at org.apache.hadoop.ozone.protocolPB.OzoneManagerRequestHandler.handleWriteRequest(OzoneManagerRequestHandler.java:338) ~[ozone-manager-1.4.0-SNAPSHOT.jar:?]
	at org.apache.hadoop.ozone.om.ratis.OzoneManagerStateMachine.runCommand(OzoneManagerStateMachine.java:567) ~[ozone-manager-1.4.0-SNAPSHOT.jar:?]
	at org.apache.hadoop.ozone.om.ratis.OzoneManagerStateMachine.lambda$1(OzoneManagerStateMachine.java:358) ~[ozone-manager-1.4.0-SNAPSHOT.jar:?]
	at java.util.concurrent.CompletableFuture$AsyncSupply.run(CompletableFuture.java:1604) [?:1.8.0_372]
	at java.util.concurrent.ThreadPoolExecutor.runWorker(ThreadPoolExecutor.java:1149) [?:1.8.0_372]
	at java.util.concurrent.ThreadPoolExecutor$Worker.run(ThreadPoolExecutor.java:624) [?:1.8.0_372]
	at java.lang.Thread.run(Thread.java:750) [?:1.8.0_372]
2023-06-02 20:41:37,451 [OM StateMachine ApplyTransaction Thread - 0] ERROR bucket.OMBucketCreateRequest (OMBucketCreateRequest.java:validateAndUpdateCache(282)) - Bucket creation failed for bucket:17c27dec-355c-4bba-a015-b0e6aa9ba3ef in volume:9321ad12-e4bc-4afb-82fd-cc0bedfa2f9f
QUOTA_EXCEEDED org.apache.hadoop.ozone.om.exceptions.OMException: The namespace quota of Volume:9321ad12-e4bc-4afb-82fd-cc0bedfa2f9f exceeded: quotaInNamespace: 1 but namespace consumed: 2.
	at org.apache.hadoop.ozone.om.request.bucket.OMBucketCreateRequest.checkQuotaInNamespace(OMBucketCreateRequest.java:357)
	at org.apache.hadoop.ozone.om.request.bucket.OMBucketCreateRequest.validateAndUpdateCache(OMBucketCreateRequest.java:233)
	at org.apache.hadoop.ozone.protocolPB.OzoneManagerRequestHandler.handleWriteRequest(OzoneManagerRequestHandler.java:338)
	at org.apache.hadoop.ozone.om.ratis.OzoneManagerStateMachine.runCommand(OzoneManagerStateMachine.java:567)
	at org.apache.hadoop.ozone.om.ratis.OzoneManagerStateMachine.lambda$1(OzoneManagerStateMachine.java:358)
	at java.util.concurrent.CompletableFuture$AsyncSupply.run(CompletableFuture.java:1604)
	at java.util.concurrent.ThreadPoolExecutor.runWorker(ThreadPoolExecutor.java:1149)
	at java.util.concurrent.ThreadPoolExecutor$Worker.run(ThreadPoolExecutor.java:624)
	at java.lang.Thread.run(Thread.java:750)
2023-06-02 20:41:37,452 [main] INFO  rpc.RpcClient (RpcClient.java:createVolume(459)) - Creating Volume: e1aa6d64-0178-425c-adbf-ab18fa23702b, with runner as owner and space quota set to -1 bytes, counts quota set to -1
2023-06-02 20:41:37,453 [OM StateMachine ApplyTransaction Thread - 0] INFO  volume.OMVolumeCreateRequest (OMVolumeCreateRequest.java:validateAndUpdateCache(196)) - created volume:e1aa6d64-0178-425c-adbf-ab18fa23702b for user:runner
2023-06-02 20:41:37,455 [main] INFO  rpc.RpcClient (RpcClient.java:createBucket(686)) - Creating Bucket: e1aa6d64-0178-425c-adbf-ab18fa23702b/892c2d62-7014-41ae-9c95-5164c480ad9a, with server-side default bucket layout, runner as owner, Versioning false, Storage Type set to DISK and Encryption set to false, Replication Type set to server-side default replication type, Namespace Quota set to -1, Space Quota set to -1 
2023-06-02 20:41:37,457 [OM StateMachine ApplyTransaction Thread - 0] INFO  bucket.OMBucketCreateRequest (OMBucketCreateRequest.java:validateAndUpdateCache(270)) - created bucket: 892c2d62-7014-41ae-9c95-5164c480ad9a of layout OBJECT_STORE in volume: e1aa6d64-0178-425c-adbf-ab18fa23702b
]]></system-out>
  </testcase>
  <testcase name="testZReadKeyWithUnhealthyContainerReplica" classname="org.apache.hadoop.ozone.client.rpc.TestSecureOzoneRpcClient" time="0.001"/>
</testsuite>