<?xml version="1.0" encoding="UTF-8"?>
<testsuite xmlns:xsi="http://www.w3.org/2001/XMLSchema-instance" xsi:noNamespaceSchemaLocation="https://maven.apache.org/surefire/maven-surefire-plugin/xsd/surefire-test-report.xsd" name="org.apache.hadoop.hdds.scm.pipeline.TestSCMRestart" time="32.053" tests="1" errors="0" skipped="0" failures="1">
  <properties>
    <property name="awt.toolkit" value="sun.awt.X11.XToolkit"/>
    <property name="file.encoding.pkg" value="sun.io"/>
    <property name="java.specification.version" value="1.8"/>
    <property name="sun.cpu.isalist" value=""/>
    <property name="sun.jnu.encoding" value="ANSI_X3.4-1968"/>
    <property name="java.class.path" value="/github/workspace/mnt/ozone/hadoop-ozone/integration-test/target/test-classes:/github/workspace/mnt/ozone/hadoop-ozone/integration-test/target/classes:/home/user/.m2/repository/org/apache/hadoop/hadoop-ozone-common/1.1.0-SNAPSHOT/hadoop-ozone-common-1.1.0-SNAPSHOT.jar:/home/user/.m2/repository/org/apache/commons/commons-compress/1.4.1/commons-compress-1.4.1.jar:/home/user/.m2/repository/org/tukaani/xz/1.0/xz-1.0.jar:/home/user/.m2/repository/org/apache/hadoop/hadoop-hdds-common/1.1.0-SNAPSHOT/hadoop-hdds-common-1.1.0-SNAPSHOT.jar:/home/user/.m2/repository/org/apache/hadoop/hadoop-hdds-client/1.1.0-SNAPSHOT/hadoop-hdds-client-1.1.0-SNAPSHOT.jar:/home/user/.m2/repository/org/apache/hadoop/hadoop-ozone-interface-client/1.1.0-SNAPSHOT/hadoop-ozone-interface-client-1.1.0-SNAPSHOT.jar:/home/user/.m2/repository/org/apache/hadoop/hadoop-hdds-test-utils/1.1.0-SNAPSHOT/hadoop-hdds-test-utils-1.1.0-SNAPSHOT.jar:/home/user/.m2/repository/com/google/guava/guava/28.2-jre/guava-28.2-jre.jar:/home/user/.m2/repository/com/google/guava/failureaccess/1.0.1/failureaccess-1.0.1.jar:/home/user/.m2/repository/com/google/guava/listenablefuture/9999.0-empty-to-avoid-conflict-with-guava/listenablefuture-9999.0-empty-to-avoid-conflict-with-guava.jar:/home/user/.m2/repository/com/google/code/findbugs/jsr305/3.0.0/jsr305-3.0.0.jar:/home/user/.m2/repository/org/checkerframework/checker-qual/2.10.0/checker-qual-2.10.0.jar:/home/user/.m2/repository/com/google/errorprone/error_prone_annotations/2.2.0/error_prone_annotations-2.2.0.jar:/home/user/.m2/repository/com/google/j2objc/j2objc-annotations/1.3/j2objc-annotations-1.3.jar:/home/user/.m2/repository/commons-io/commons-io/2.5/commons-io-2.5.jar:/home/user/.m2/repository/commons-logging/commons-logging/1.2/commons-logging-1.2.jar:/home/user/.m2/repository/log4j/log4j/1.2.17/log4j-1.2.17.jar:/home/user/.m2/repository/org/slf4j/slf4j-api/1.7.30/slf4j-api-1.7.30.jar:/home/user/.m2/repository/org/apache/hadoop/hadoop-hdds-server-scm/1.1.0-SNAPSHOT/hadoop-hdds-server-scm-1.1.0-SNAPSHOT.jar:/home/user/.m2/repository/org/apache/hadoop/hadoop-hdds-container-service/1.1.0-SNAPSHOT/hadoop-hdds-container-service-1.1.0-SNAPSHOT.jar:/home/user/.m2/repository/org/apache/hadoop/hadoop-hdds-hadoop-dependency-server/1.1.0-SNAPSHOT/hadoop-hdds-hadoop-dependency-server-1.1.0-SNAPSHOT.jar:/home/user/.m2/repository/org/apache/hadoop/hadoop-hdfs/3.2.1/hadoop-hdfs-3.2.1.jar:/home/user/.m2/repository/org/apache/hadoop/hadoop-hdds-server-framework/1.1.0-SNAPSHOT/hadoop-hdds-server-framework-1.1.0-SNAPSHOT.jar:/home/user/.m2/repository/org/apache/hadoop/hadoop-hdds-interface-server/1.1.0-SNAPSHOT/hadoop-hdds-interface-server-1.1.0-SNAPSHOT.jar:/home/user/.m2/repository/org/apache/hadoop/hadoop-hdds-interface-admin/1.1.0-SNAPSHOT/hadoop-hdds-interface-admin-1.1.0-SNAPSHOT.jar:/home/user/.m2/repository/org/eclipse/jetty/jetty-servlet/9.4.34.v20201102/jetty-servlet-9.4.34.v20201102.jar:/home/user/.m2/repository/org/eclipse/jetty/jetty-security/9.4.34.v20201102/jetty-security-9.4.34.v20201102.jar:/home/user/.m2/repository/org/rocksdb/rocksdbjni/6.8.1/rocksdbjni-6.8.1.jar:/home/user/.m2/repository/io/prometheus/simpleclient_dropwizard/0.7.0/simpleclient_dropwizard-0.7.0.jar:/home/user/.m2/repository/io/prometheus/simpleclient/0.7.0/simpleclient-0.7.0.jar:/home/user/.m2/repository/io/prometheus/simpleclient_common/0.7.0/simpleclient_common-0.7.0.jar:/home/user/.m2/repository/com/fasterxml/jackson/datatype/jackson-datatype-jsr310/2.10.3/jackson-datatype-jsr310-2.10.3.jar:/home/user/.m2/repository/io/dropwizard/metrics/metrics-core/3.2.4/metrics-core-3.2.4.jar:/home/user/.m2/repository/org/apache/hadoop/hadoop-hdfs-client/3.2.1/hadoop-hdfs-client-3.2.1.jar:/home/user/.m2/repository/org/bouncycastle/bcprov-jdk15on/1.67/bcprov-jdk15on-1.67.jar:/home/user/.m2/repository/org/apache/hadoop/hadoop-ozone-ozone-manager/1.1.0-SNAPSHOT/hadoop-ozone-ozone-manager-1.1.0-SNAPSHOT.jar:/home/user/.m2/repository/org/apache/hadoop/hadoop-hdds-interface-client/1.1.0-SNAPSHOT/hadoop-hdds-interface-client-1.1.0-SNAPSHOT.jar:/home/user/.m2/repository/org/apache/ratis/ratis-thirdparty-misc/0.6.0-SNAPSHOT/ratis-thirdparty-misc-0.6.0-SNAPSHOT.jar:/home/user/.m2/repository/org/apache/hadoop/hadoop-ozone-interface-storage/1.1.0-SNAPSHOT/hadoop-ozone-interface-storage-1.1.0-SNAPSHOT.jar:/home/user/.m2/repository/org/apache/hadoop/hadoop-minikdc/3.2.1/hadoop-minikdc-3.2.1.jar:/home/user/.m2/repository/org/apache/kerby/kerb-simplekdc/1.0.1/kerb-simplekdc-1.0.1.jar:/home/user/.m2/repository/org/apache/kerby/kerb-client/1.0.1/kerb-client-1.0.1.jar:/home/user/.m2/repository/org/apache/kerby/kerby-config/1.0.1/kerby-config-1.0.1.jar:/home/user/.m2/repository/org/apache/kerby/kerb-core/1.0.1/kerb-core-1.0.1.jar:/home/user/.m2/repository/org/apache/kerby/kerby-pkix/1.0.1/kerby-pkix-1.0.1.jar:/home/user/.m2/repository/org/apache/kerby/kerby-asn1/1.0.1/kerby-asn1-1.0.1.jar:/home/user/.m2/repository/org/apache/kerby/kerby-util/1.0.1/kerby-util-1.0.1.jar:/home/user/.m2/repository/org/apache/kerby/kerb-common/1.0.1/kerb-common-1.0.1.jar:/home/user/.m2/repository/org/apache/kerby/kerb-crypto/1.0.1/kerb-crypto-1.0.1.jar:/home/user/.m2/repository/org/apache/kerby/kerb-util/1.0.1/kerb-util-1.0.1.jar:/home/user/.m2/repository/org/apache/kerby/token-provider/1.0.1/token-provider-1.0.1.jar:/home/user/.m2/repository/org/apache/kerby/kerb-admin/1.0.1/kerb-admin-1.0.1.jar:/home/user/.m2/repository/org/apache/kerby/kerb-server/1.0.1/kerb-server-1.0.1.jar:/home/user/.m2/repository/org/apache/kerby/kerb-identity/1.0.1/kerb-identity-1.0.1.jar:/home/user/.m2/repository/org/apache/kerby/kerby-xdr/1.0.1/kerby-xdr-1.0.1.jar:/home/user/.m2/repository/org/slf4j/slf4j-log4j12/1.7.30/slf4j-log4j12-1.7.30.jar:/home/user/.m2/repository/org/apache/hadoop/hadoop-ozone-s3gateway/1.1.0-SNAPSHOT/hadoop-ozone-s3gateway-1.1.0-SNAPSHOT.jar:/home/user/.m2/repository/org/jboss/weld/servlet/weld-servlet/2.4.7.Final/weld-servlet-2.4.7.Final.jar:/home/user/.m2/repository/org/glassfish/jersey/containers/jersey-container-servlet-core/2.27/jersey-container-servlet-core-2.27.jar:/home/user/.m2/repository/org/glassfish/hk2/external/javax.inject/2.5.0-b42/javax.inject-2.5.0-b42.jar:/home/user/.m2/repository/org/glassfish/jersey/core/jersey-common/2.27/jersey-common-2.27.jar:/home/user/.m2/repository/org/glassfish/hk2/osgi-resource-locator/1.0.1/osgi-resource-locator-1.0.1.jar:/home/user/.m2/repository/javax/ws/rs/javax.ws.rs-api/2.1/javax.ws.rs-api-2.1.jar:/home/user/.m2/repository/org/glassfish/jersey/ext/cdi/jersey-cdi1x/2.27/jersey-cdi1x-2.27.jar:/home/user/.m2/repository/org/glassfish/jersey/inject/jersey-hk2/2.27/jersey-hk2-2.27.jar:/home/user/.m2/repository/org/glassfish/hk2/hk2-locator/2.5.0-b42/hk2-locator-2.5.0-b42.jar:/home/user/.m2/repository/org/javassist/javassist/3.22.0-CR2/javassist-3.22.0-CR2.jar:/home/user/.m2/repository/org/glassfish/hk2/hk2-api/2.5.0/hk2-api-2.5.0.jar:/home/user/.m2/repository/org/glassfish/hk2/external/jakarta.inject/2.5.0/jakarta.inject-2.5.0.jar:/home/user/.m2/repository/org/glassfish/hk2/hk2-utils/2.5.0/hk2-utils-2.5.0.jar:/home/user/.m2/repository/jakarta/annotation/jakarta.annotation-api/1.3.4/jakarta.annotation-api-1.3.4.jar:/home/user/.m2/repository/org/glassfish/hk2/external/aopalliance-repackaged/2.5.0/aopalliance-repackaged-2.5.0.jar:/home/user/.m2/repository/com/fasterxml/jackson/dataformat/jackson-dataformat-xml/2.10.3/jackson-dataformat-xml-2.10.3.jar:/home/user/.m2/repository/com/fasterxml/jackson/core/jackson-core/2.10.3/jackson-core-2.10.3.jar:/home/user/.m2/repository/com/fasterxml/jackson/module/jackson-module-jaxb-annotations/2.10.3/jackson-module-jaxb-annotations-2.10.3.jar:/home/user/.m2/repository/jakarta/xml/bind/jakarta.xml.bind-api/2.3.2/jakarta.xml.bind-api-2.3.2.jar:/home/user/.m2/repository/jakarta/activation/jakarta.activation-api/1.2.1/jakarta.activation-api-1.2.1.jar:/home/user/.m2/repository/org/codehaus/woodstox/stax2-api/3.1.4/stax2-api-3.1.4.jar:/home/user/.m2/repository/com/fasterxml/woodstox/woodstox-core/5.0.3/woodstox-core-5.0.3.jar:/home/user/.m2/repository/javax/enterprise/cdi-api/1.2/cdi-api-1.2.jar:/home/user/.m2/repository/javax/el/javax.el-api/3.0.0/javax.el-api-3.0.0.jar:/home/user/.m2/repository/javax/interceptor/javax.interceptor-api/1.2/javax.interceptor-api-1.2.jar:/home/user/.m2/repository/javax/inject/javax.inject/1/javax.inject-1.jar:/home/user/.m2/repository/com/sun/xml/bind/jaxb-impl/2.3.0.1/jaxb-impl-2.3.0.1.jar:/home/user/.m2/repository/com/sun/xml/bind/jaxb-core/2.3.0.1/jaxb-core-2.3.0.1.jar:/home/user/.m2/repository/javax/xml/bind/jaxb-api/2.3.0/jaxb-api-2.3.0.jar:/home/user/.m2/repository/javax/activation/activation/1.1.1/activation-1.1.1.jar:/home/user/.m2/repository/org/apache/hadoop/hadoop-ozone-csi/1.1.0-SNAPSHOT/hadoop-ozone-csi-1.1.0-SNAPSHOT.jar:/home/user/.m2/repository/com/google/protobuf/protobuf-java-util/3.11.0/protobuf-java-util-3.11.0.jar:/home/user/.m2/repository/com/google/code/gson/gson/2.2.4/gson-2.2.4.jar:/home/user/.m2/repository/org/apache/hadoop/hadoop-hdds-config/1.1.0-SNAPSHOT/hadoop-hdds-config-1.1.0-SNAPSHOT.jar:/home/user/.m2/repository/com/google/protobuf/protobuf-java/2.5.0/protobuf-java-2.5.0.jar:/home/user/.m2/repository/io/grpc/grpc-netty/1.29.0/grpc-netty-1.29.0.jar:/home/user/.m2/repository/io/grpc/grpc-core/1.29.0/grpc-core-1.29.0.jar:/home/user/.m2/repository/com/google/android/annotations/4.1.1.4/annotations-4.1.1.4.jar:/home/user/.m2/repository/io/perfmark/perfmark-api/0.19.0/perfmark-api-0.19.0.jar:/home/user/.m2/repository/io/netty/netty-codec-http2/4.1.48.Final/netty-codec-http2-4.1.48.Final.jar:/home/user/.m2/repository/io/netty/netty-codec/4.1.48.Final/netty-codec-4.1.48.Final.jar:/home/user/.m2/repository/io/netty/netty-handler/4.1.48.Final/netty-handler-4.1.48.Final.jar:/home/user/.m2/repository/io/netty/netty-codec-http/4.1.48.Final/netty-codec-http-4.1.48.Final.jar:/home/user/.m2/repository/io/netty/netty-handler-proxy/4.1.48.Final/netty-handler-proxy-4.1.48.Final.jar:/home/user/.m2/repository/io/netty/netty-codec-socks/4.1.48.Final/netty-codec-socks-4.1.48.Final.jar:/home/user/.m2/repository/io/netty/netty-transport-native-epoll/4.1.48.Final/netty-transport-native-epoll-4.1.48.Final.jar:/home/user/.m2/repository/io/netty/netty-common/4.1.48.Final/netty-common-4.1.48.Final.jar:/home/user/.m2/repository/io/netty/netty-buffer/4.1.48.Final/netty-buffer-4.1.48.Final.jar:/home/user/.m2/repository/io/netty/netty-transport/4.1.48.Final/netty-transport-4.1.48.Final.jar:/home/user/.m2/repository/io/netty/netty-resolver/4.1.48.Final/netty-resolver-4.1.48.Final.jar:/home/user/.m2/repository/io/netty/netty-transport-native-unix-common/4.1.48.Final/netty-transport-native-unix-common-4.1.48.Final.jar:/home/user/.m2/repository/io/grpc/grpc-protobuf/1.29.0/grpc-protobuf-1.29.0.jar:/home/user/.m2/repository/io/grpc/grpc-api/1.29.0/grpc-api-1.29.0.jar:/home/user/.m2/repository/io/grpc/grpc-context/1.29.0/grpc-context-1.29.0.jar:/home/user/.m2/repository/org/codehaus/mojo/animal-sniffer-annotations/1.18/animal-sniffer-annotations-1.18.jar:/home/user/.m2/repository/com/google/api/grpc/proto-google-common-protos/1.17.0/proto-google-common-protos-1.17.0.jar:/home/user/.m2/repository/io/grpc/grpc-protobuf-lite/1.29.0/grpc-protobuf-lite-1.29.0.jar:/home/user/.m2/repository/io/grpc/grpc-stub/1.29.0/grpc-stub-1.29.0.jar:/home/user/.m2/repository/org/apache/hadoop/hadoop-ozone-recon/1.1.0-SNAPSHOT/hadoop-ozone-recon-1.1.0-SNAPSHOT.jar:/home/user/.m2/repository/org/apache/hadoop/hadoop-ozone-reconcodegen/1.1.0-SNAPSHOT/hadoop-ozone-reconcodegen-1.1.0-SNAPSHOT.jar:/home/user/.m2/repository/com/google/inject/extensions/guice-multibindings/4.0/guice-multibindings-4.0.jar:/home/user/.m2/repository/com/google/inject/guice/4.0/guice-4.0.jar:/home/user/.m2/repository/aopalliance/aopalliance/1.0/aopalliance-1.0.jar:/home/user/.m2/repository/com/google/inject/extensions/guice-assistedinject/4.0/guice-assistedinject-4.0.jar:/home/user/.m2/repository/com/google/inject/extensions/guice-servlet/4.0/guice-servlet-4.0.jar:/home/user/.m2/repository/org/glassfish/jersey/containers/jersey-container-servlet/2.27/jersey-container-servlet-2.27.jar:/home/user/.m2/repository/org/glassfish/hk2/guice-bridge/2.5.0/guice-bridge-2.5.0.jar:/home/user/.m2/repository/org/glassfish/jersey/core/jersey-server/2.27/jersey-server-2.27.jar:/home/user/.m2/repository/org/glassfish/jersey/core/jersey-client/2.27/jersey-client-2.27.jar:/home/user/.m2/repository/org/glassfish/jersey/media/jersey-media-jaxb/2.27/jersey-media-jaxb-2.27.jar:/home/user/.m2/repository/javax/validation/validation-api/1.1.0.Final/validation-api-1.1.0.Final.jar:/home/user/.m2/repository/org/glassfish/jersey/media/jersey-media-json-jackson/2.27/jersey-media-json-jackson-2.27.jar:/home/user/.m2/repository/org/glassfish/jersey/ext/jersey-entity-filtering/2.27/jersey-entity-filtering-2.27.jar:/home/user/.m2/repository/org/jooq/jooq/3.11.10/jooq-3.11.10.jar:/home/user/.m2/repository/org/jooq/jooq-meta/3.11.10/jooq-meta-3.11.10.jar:/home/user/.m2/repository/org/jooq/jooq-codegen/3.11.10/jooq-codegen-3.11.10.jar:/home/user/.m2/repository/com/jolbox/bonecp/0.8.0.RELEASE/bonecp-0.8.0.RELEASE.jar:/home/user/.m2/repository/org/apache/derby/derby/10.14.2.0/derby-10.14.2.0.jar:/home/user/.m2/repository/org/xerial/sqlite-jdbc/3.25.2/sqlite-jdbc-3.25.2.jar:/home/user/.m2/repository/org/springframework/spring-jdbc/5.2.11.RELEASE/spring-jdbc-5.2.11.RELEASE.jar:/home/user/.m2/repository/org/springframework/spring-beans/5.2.11.RELEASE/spring-beans-5.2.11.RELEASE.jar:/home/user/.m2/repository/org/springframework/spring-core/5.2.11.RELEASE/spring-core-5.2.11.RELEASE.jar:/home/user/.m2/repository/org/springframework/spring-jcl/5.2.11.RELEASE/spring-jcl-5.2.11.RELEASE.jar:/home/user/.m2/repository/org/springframework/spring-tx/5.2.11.RELEASE/spring-tx-5.2.11.RELEASE.jar:/home/user/.m2/repository/org/apache/hadoop/hadoop-ozone-client/1.1.0-SNAPSHOT/hadoop-ozone-client-1.1.0-SNAPSHOT.jar:/home/user/.m2/repository/org/apache/hadoop/hadoop-ozone-filesystem/1.1.0-SNAPSHOT/hadoop-ozone-filesystem-1.1.0-SNAPSHOT.jar:/home/user/.m2/repository/org/apache/hadoop/hadoop-ozone-filesystem-common/1.1.0-SNAPSHOT/hadoop-ozone-filesystem-common-1.1.0-SNAPSHOT.jar:/home/user/.m2/repository/org/apache/hadoop/hadoop-ozone-tools/1.1.0-SNAPSHOT/hadoop-ozone-tools-1.1.0-SNAPSHOT.jar:/home/user/.m2/repository/org/apache/ratis/ratis-tools/1.1.0-35f17fa-SNAPSHOT/ratis-tools-1.1.0-35f17fa-SNAPSHOT.jar:/home/user/.m2/repository/org/apache/ratis/ratis-proto/1.1.0-35f17fa-SNAPSHOT/ratis-proto-1.1.0-35f17fa-SNAPSHOT.jar:/home/user/.m2/repository/org/apache/ratis/ratis-common/1.1.0-35f17fa-SNAPSHOT/ratis-common-1.1.0-35f17fa-SNAPSHOT.jar:/home/user/.m2/repository/com/amazonaws/aws-java-sdk-core/1.11.901/aws-java-sdk-core-1.11.901.jar:/home/user/.m2/repository/org/apache/httpcomponents/httpclient/4.5.13/httpclient-4.5.13.jar:/home/user/.m2/repository/org/apache/httpcomponents/httpcore/4.4.13/httpcore-4.4.13.jar:/home/user/.m2/repository/software/amazon/ion/ion-java/1.0.2/ion-java-1.0.2.jar:/home/user/.m2/repository/com/fasterxml/jackson/dataformat/jackson-dataformat-cbor/2.10.3/jackson-dataformat-cbor-2.10.3.jar:/home/user/.m2/repository/joda-time/joda-time/2.8.1/joda-time-2.8.1.jar:/home/user/.m2/repository/com/amazonaws/aws-java-sdk-s3/1.11.901/aws-java-sdk-s3-1.11.901.jar:/home/user/.m2/repository/com/amazonaws/aws-java-sdk-kms/1.11.901/aws-java-sdk-kms-1.11.901.jar:/home/user/.m2/repository/com/amazonaws/jmespath-java/1.11.901/jmespath-java-1.11.901.jar:/home/user/.m2/repository/org/kohsuke/metainf-services/metainf-services/1.8/metainf-services-1.8.jar:/home/user/.m2/repository/org/apache/hadoop/hadoop-hdds-tools/1.1.0-SNAPSHOT/hadoop-hdds-tools-1.1.0-SNAPSHOT.jar:/home/user/.m2/repository/commons-cli/commons-cli/1.2/commons-cli-1.2.jar:/home/user/.m2/repository/org/apache/commons/commons-lang3/3.7/commons-lang3-3.7.jar:/home/user/.m2/repository/org/apache/hadoop/hadoop-ozone-ozone-manager/1.1.0-SNAPSHOT/hadoop-ozone-ozone-manager-1.1.0-SNAPSHOT-tests.jar:/home/user/.m2/repository/org/apache/hadoop/hadoop-hdds-common/1.1.0-SNAPSHOT/hadoop-hdds-common-1.1.0-SNAPSHOT-tests.jar:/home/user/.m2/repository/org/apache/hadoop/hadoop-hdds-hadoop-dependency-client/1.1.0-SNAPSHOT/hadoop-hdds-hadoop-dependency-client-1.1.0-SNAPSHOT.jar:/home/user/.m2/repository/info/picocli/picocli/4.4.0/picocli-4.4.0.jar:/home/user/.m2/repository/com/fasterxml/jackson/core/jackson-annotations/2.10.3/jackson-annotations-2.10.3.jar:/home/user/.m2/repository/javax/annotation/javax.annotation-api/1.2/javax.annotation-api-1.2.jar:/home/user/.m2/repository/org/fusesource/leveldbjni/leveldbjni-all/1.8/leveldbjni-all-1.8.jar:/home/user/.m2/repository/org/apache/ratis/ratis-server/1.1.0-35f17fa-SNAPSHOT/ratis-server-1.1.0-35f17fa-SNAPSHOT.jar:/home/user/.m2/repository/org/apache/ratis/ratis-client/1.1.0-35f17fa-SNAPSHOT/ratis-client-1.1.0-35f17fa-SNAPSHOT.jar:/home/user/.m2/repository/org/apache/ratis/ratis-server-api/1.1.0-35f17fa-SNAPSHOT/ratis-server-api-1.1.0-35f17fa-SNAPSHOT.jar:/home/user/.m2/repository/org/apache/ratis/ratis-metrics/1.1.0-35f17fa-SNAPSHOT/ratis-metrics-1.1.0-35f17fa-SNAPSHOT.jar:/home/user/.m2/repository/org/apache/ratis/ratis-netty/1.1.0-35f17fa-SNAPSHOT/ratis-netty-1.1.0-35f17fa-SNAPSHOT.jar:/home/user/.m2/repository/org/apache/ratis/ratis-grpc/1.1.0-35f17fa-SNAPSHOT/ratis-grpc-1.1.0-35f17fa-SNAPSHOT.jar:/home/user/.m2/repository/org/apache/logging/log4j/log4j-api/2.13.3/log4j-api-2.13.3.jar:/home/user/.m2/repository/org/apache/logging/log4j/log4j-core/2.13.3/log4j-core-2.13.3.jar:/home/user/.m2/repository/com/lmax/disruptor/3.4.2/disruptor-3.4.2.jar:/home/user/.m2/repository/org/apache/commons/commons-pool2/2.6.0/commons-pool2-2.6.0.jar:/home/user/.m2/repository/org/bouncycastle/bcpkix-jdk15on/1.67/bcpkix-jdk15on-1.67.jar:/home/user/.m2/repository/commons-validator/commons-validator/1.6/commons-validator-1.6.jar:/home/user/.m2/repository/commons-beanutils/commons-beanutils/1.9.4/commons-beanutils-1.9.4.jar:/home/user/.m2/repository/commons-digester/commons-digester/1.8.1/commons-digester-1.8.1.jar:/home/user/.m2/repository/commons-collections/commons-collections/3.2.2/commons-collections-3.2.2.jar:/home/user/.m2/repository/io/jaegertracing/jaeger-client/1.2.0/jaeger-client-1.2.0.jar:/home/user/.m2/repository/io/jaegertracing/jaeger-thrift/1.2.0/jaeger-thrift-1.2.0.jar:/home/user/.m2/repository/org/apache/thrift/libthrift/0.13.0/libthrift-0.13.0.jar:/home/user/.m2/repository/com/squareup/okhttp3/okhttp/4.2.2/okhttp-4.2.2.jar:/home/user/.m2/repository/com/squareup/okio/okio/2.2.2/okio-2.2.2.jar:/home/user/.m2/repository/org/jetbrains/kotlin/kotlin-stdlib/1.3.50/kotlin-stdlib-1.3.50.jar:/home/user/.m2/repository/org/jetbrains/kotlin/kotlin-stdlib-common/1.3.50/kotlin-stdlib-common-1.3.50.jar:/home/user/.m2/repository/org/jetbrains/annotations/13.0/annotations-13.0.jar:/home/user/.m2/repository/io/jaegertracing/jaeger-core/1.2.0/jaeger-core-1.2.0.jar:/home/user/.m2/repository/io/jaegertracing/jaeger-tracerresolver/1.2.0/jaeger-tracerresolver-1.2.0.jar:/home/user/.m2/repository/io/opentracing/contrib/opentracing-tracerresolver/0.1.8/opentracing-tracerresolver-0.1.8.jar:/home/user/.m2/repository/io/opentracing/opentracing-util/0.33.0/opentracing-util-0.33.0.jar:/home/user/.m2/repository/io/opentracing/opentracing-api/0.33.0/opentracing-api-0.33.0.jar:/home/user/.m2/repository/io/opentracing/opentracing-noop/0.33.0/opentracing-noop-0.33.0.jar:/home/user/.m2/repository/org/yaml/snakeyaml/1.26/snakeyaml-1.26.jar:/home/user/.m2/repository/junit/junit/4.11/junit-4.11.jar:/home/user/.m2/repository/org/hamcrest/hamcrest-core/1.3/hamcrest-core-1.3.jar:/home/user/.m2/repository/org/openjdk/jmh/jmh-core/1.19/jmh-core-1.19.jar:/home/user/.m2/repository/net/sf/jopt-simple/jopt-simple/4.6/jopt-simple-4.6.jar:/home/user/.m2/repository/org/apache/commons/commons-math3/3.1.1/commons-math3-3.1.1.jar:/home/user/.m2/repository/org/openjdk/jmh/jmh-generator-annprocess/1.19/jmh-generator-annprocess-1.19.jar:/home/user/.m2/repository/org/mockito/mockito-all/1.8.5/mockito-all-1.8.5.jar:/home/user/.m2/repository/org/apache/hadoop/hadoop-kms/3.2.1/hadoop-kms-3.2.1.jar:/home/user/.m2/repository/org/apache/hadoop/hadoop-auth/3.2.1/hadoop-auth-3.2.1.jar:/home/user/.m2/repository/com/nimbusds/nimbus-jose-jwt/7.9/nimbus-jose-jwt-7.9.jar:/home/user/.m2/repository/com/github/stephenc/jcip/jcip-annotations/1.0-1/jcip-annotations-1.0-1.jar:/home/user/.m2/repository/net/minidev/json-smart/2.3/json-smart-2.3.jar:/home/user/.m2/repository/net/minidev/accessors-smart/1.2/accessors-smart-1.2.jar:/home/user/.m2/repository/org/ow2/asm/asm/5.0.4/asm-5.0.4.jar:/home/user/.m2/repository/org/apache/zookeeper/zookeeper/3.4.13/zookeeper-3.4.13.jar:/home/user/.m2/repository/org/apache/yetus/audience-annotations/0.5.0/audience-annotations-0.5.0.jar:/home/user/.m2/repository/org/apache/curator/curator-framework/2.13.0/curator-framework-2.13.0.jar:/home/user/.m2/repository/com/sun/jersey/jersey-core/1.19/jersey-core-1.19.jar:/home/user/.m2/repository/javax/ws/rs/jsr311-api/1.1.1/jsr311-api-1.1.1.jar:/home/user/.m2/repository/com/sun/jersey/jersey-server/1.19/jersey-server-1.19.jar:/home/user/.m2/repository/javax/servlet/javax.servlet-api/3.1.0/javax.servlet-api-3.1.0.jar:/home/user/.m2/repository/org/eclipse/jetty/jetty-server/9.4.34.v20201102/jetty-server-9.4.34.v20201102.jar:/home/user/.m2/repository/org/eclipse/jetty/jetty-http/9.4.34.v20201102/jetty-http-9.4.34.v20201102.jar:/home/user/.m2/repository/org/eclipse/jetty/jetty-io/9.4.34.v20201102/jetty-io-9.4.34.v20201102.jar:/home/user/.m2/repository/org/eclipse/jetty/jetty-webapp/9.4.34.v20201102/jetty-webapp-9.4.34.v20201102.jar:/home/user/.m2/repository/org/eclipse/jetty/jetty-xml/9.4.34.v20201102/jetty-xml-9.4.34.v20201102.jar:/home/user/.m2/repository/org/apache/hadoop/hadoop-common/3.2.1/hadoop-common-3.2.1.jar:/home/user/.m2/repository/commons-net/commons-net/3.6/commons-net-3.6.jar:/home/user/.m2/repository/com/sun/jersey/jersey-servlet/1.19/jersey-servlet-1.19.jar:/home/user/.m2/repository/com/sun/jersey/jersey-json/1.19/jersey-json-1.19.jar:/home/user/.m2/repository/org/codehaus/jettison/jettison/1.1/jettison-1.1.jar:/home/user/.m2/repository/org/codehaus/jackson/jackson-jaxrs/1.9.2/jackson-jaxrs-1.9.2.jar:/home/user/.m2/repository/org/codehaus/jackson/jackson-xc/1.9.2/jackson-xc-1.9.2.jar:/home/user/.m2/repository/org/apache/commons/commons-configuration2/2.1.1/commons-configuration2-2.1.1.jar:/home/user/.m2/repository/org/apache/commons/commons-text/1.4/commons-text-1.4.jar:/home/user/.m2/repository/com/google/re2j/re2j/1.1/re2j-1.1.jar:/home/user/.m2/repository/com/jcraft/jsch/0.1.54/jsch-0.1.54.jar:/home/user/.m2/repository/org/apache/curator/curator-client/2.13.0/curator-client-2.13.0.jar:/home/user/.m2/repository/org/apache/curator/curator-recipes/2.13.0/curator-recipes-2.13.0.jar:/home/user/.m2/repository/dnsjava/dnsjava/2.1.7/dnsjava-2.1.7.jar:/home/user/.m2/repository/org/slf4j/jul-to-slf4j/1.7.30/jul-to-slf4j-1.7.30.jar:/home/user/.m2/repository/org/eclipse/jetty/jetty-util/9.4.34.v20201102/jetty-util-9.4.34.v20201102.jar:/home/user/.m2/repository/com/fasterxml/jackson/core/jackson-databind/2.10.3/jackson-databind-2.10.3.jar:/home/user/.m2/repository/org/apache/hadoop/hadoop-kms/3.2.1/hadoop-kms-3.2.1-tests.jar:/home/user/.m2/repository/org/apache/hadoop/hadoop-hdds-server-scm/1.1.0-SNAPSHOT/hadoop-hdds-server-scm-1.1.0-SNAPSHOT-tests.jar:/home/user/.m2/repository/org/apache/hadoop/hadoop-hdds-container-service/1.1.0-SNAPSHOT/hadoop-hdds-container-service-1.1.0-SNAPSHOT-tests.jar:/home/user/.m2/repository/commons-codec/commons-codec/1.11/commons-codec-1.11.jar:/home/user/.m2/repository/org/apache/hadoop/hadoop-hdds-hadoop-dependency-test/1.1.0-SNAPSHOT/hadoop-hdds-hadoop-dependency-test-1.1.0-SNAPSHOT.jar:/home/user/.m2/repository/org/apache/hadoop/hadoop-common/3.2.1/hadoop-common-3.2.1-tests.jar:/home/user/.m2/repository/org/apache/hadoop/hadoop-hdfs/3.2.1/hadoop-hdfs-3.2.1-tests.jar:/home/user/.m2/repository/org/eclipse/jetty/jetty-util-ajax/9.4.34.v20201102/jetty-util-ajax-9.4.34.v20201102.jar:/home/user/.m2/repository/commons-daemon/commons-daemon/1.0.13/commons-daemon-1.0.13.jar:/home/user/.m2/repository/io/netty/netty/3.10.5.Final/netty-3.10.5.Final.jar:/home/user/.m2/repository/io/netty/netty-all/4.1.48.Final/netty-all-4.1.48.Final.jar:/home/user/.m2/repository/org/apache/htrace/htrace-core4/4.1.0-incubating/htrace-core4-4.1.0-incubating.jar:/home/user/.m2/repository/org/apache/hadoop/hadoop-distcp/3.2.1/hadoop-distcp-3.2.1.jar:/home/user/.m2/repository/org/apache/hadoop/hadoop-mapreduce-client-jobclient/3.2.1/hadoop-mapreduce-client-jobclient-3.2.1.jar:/home/user/.m2/repository/org/apache/hadoop/hadoop-mapreduce-client-common/3.2.1/hadoop-mapreduce-client-common-3.2.1.jar:/home/user/.m2/repository/org/apache/hadoop/hadoop-yarn-common/3.2.1/hadoop-yarn-common-3.2.1.jar:/home/user/.m2/repository/org/apache/hadoop/hadoop-yarn-api/3.2.1/hadoop-yarn-api-3.2.1.jar:/home/user/.m2/repository/com/sun/jersey/jersey-client/1.19/jersey-client-1.19.jar:/home/user/.m2/repository/com/sun/jersey/contribs/jersey-guice/1.19/jersey-guice-1.19.jar:/home/user/.m2/repository/com/fasterxml/jackson/jaxrs/jackson-jaxrs-json-provider/2.10.3/jackson-jaxrs-json-provider-2.10.3.jar:/home/user/.m2/repository/com/fasterxml/jackson/jaxrs/jackson-jaxrs-base/2.10.3/jackson-jaxrs-base-2.10.3.jar:/home/user/.m2/repository/org/apache/hadoop/hadoop-yarn-client/3.2.1/hadoop-yarn-client-3.2.1.jar:/home/user/.m2/repository/org/apache/hadoop/hadoop-mapreduce-client-core/3.2.1/hadoop-mapreduce-client-core-3.2.1.jar:/home/user/.m2/repository/org/apache/avro/avro/1.7.7/avro-1.7.7.jar:/home/user/.m2/repository/org/codehaus/jackson/jackson-core-asl/1.9.13/jackson-core-asl-1.9.13.jar:/home/user/.m2/repository/org/codehaus/jackson/jackson-mapper-asl/1.9.13/jackson-mapper-asl-1.9.13.jar:/home/user/.m2/repository/com/thoughtworks/paranamer/paranamer/2.3/paranamer-2.3.jar:/home/user/.m2/repository/org/xerial/snappy/snappy-java/1.0.5/snappy-java-1.0.5.jar:/home/user/.m2/repository/org/apache/hadoop/hadoop-annotations/3.2.1/hadoop-annotations-3.2.1.jar:/usr/lib/jvm/java-1.8.0-openjdk-1.8.0.232.b09-0.el7_7.x86_64/jre/../lib/tools.jar:/home/user/.m2/repository/org/apache/hadoop/hadoop-distcp/3.2.1/hadoop-distcp-3.2.1-tests.jar:"/>
    <property name="java.vm.vendor" value="Oracle Corporation"/>
    <property name="sun.arch.data.model" value="64"/>
    <property name="test.build.dir" value="/github/workspace/mnt/ozone/hadoop-ozone/integration-test/target/test-dir"/>
    <property name="test.cache.data" value=""/>
    <property name="java.vendor.url" value="http://java.oracle.com/"/>
    <property name="user.timezone" value=""/>
    <property name="java.vm.specification.version" value="1.8"/>
    <property name="os.name" value="Linux"/>
    <property name="test.build.data" value="/github/workspace/mnt/ozone/hadoop-ozone/integration-test/target/test-dir"/>
    <property name="user.country" value="US"/>
    <property name="sun.java.launcher" value="SUN_STANDARD"/>
    <property name="sun.boot.library.path" value="/usr/lib/jvm/java-1.8.0-openjdk-1.8.0.232.b09-0.el7_7.x86_64/jre/lib/amd64"/>
    <property name="sun.java.command" value="/github/workspace/mnt/ozone/hadoop-ozone/integration-test/target/surefire/surefirebooter4577142341090568130.jar /github/workspace/mnt/ozone/hadoop-ozone/integration-test/target/surefire 2021-01-11T13-36-31_758-jvmRun1 surefire2865534183404956258tmp surefire_6634099006257024214tmp"/>
    <property name="surefire.test.class.path" value="/github/workspace/mnt/ozone/hadoop-ozone/integration-test/target/test-classes:/github/workspace/mnt/ozone/hadoop-ozone/integration-test/target/classes:/home/user/.m2/repository/org/apache/hadoop/hadoop-ozone-common/1.1.0-SNAPSHOT/hadoop-ozone-common-1.1.0-SNAPSHOT.jar:/home/user/.m2/repository/org/apache/commons/commons-compress/1.4.1/commons-compress-1.4.1.jar:/home/user/.m2/repository/org/tukaani/xz/1.0/xz-1.0.jar:/home/user/.m2/repository/org/apache/hadoop/hadoop-hdds-common/1.1.0-SNAPSHOT/hadoop-hdds-common-1.1.0-SNAPSHOT.jar:/home/user/.m2/repository/org/apache/hadoop/hadoop-hdds-client/1.1.0-SNAPSHOT/hadoop-hdds-client-1.1.0-SNAPSHOT.jar:/home/user/.m2/repository/org/apache/hadoop/hadoop-ozone-interface-client/1.1.0-SNAPSHOT/hadoop-ozone-interface-client-1.1.0-SNAPSHOT.jar:/home/user/.m2/repository/org/apache/hadoop/hadoop-hdds-test-utils/1.1.0-SNAPSHOT/hadoop-hdds-test-utils-1.1.0-SNAPSHOT.jar:/home/user/.m2/repository/com/google/guava/guava/28.2-jre/guava-28.2-jre.jar:/home/user/.m2/repository/com/google/guava/failureaccess/1.0.1/failureaccess-1.0.1.jar:/home/user/.m2/repository/com/google/guava/listenablefuture/9999.0-empty-to-avoid-conflict-with-guava/listenablefuture-9999.0-empty-to-avoid-conflict-with-guava.jar:/home/user/.m2/repository/com/google/code/findbugs/jsr305/3.0.0/jsr305-3.0.0.jar:/home/user/.m2/repository/org/checkerframework/checker-qual/2.10.0/checker-qual-2.10.0.jar:/home/user/.m2/repository/com/google/errorprone/error_prone_annotations/2.2.0/error_prone_annotations-2.2.0.jar:/home/user/.m2/repository/com/google/j2objc/j2objc-annotations/1.3/j2objc-annotations-1.3.jar:/home/user/.m2/repository/commons-io/commons-io/2.5/commons-io-2.5.jar:/home/user/.m2/repository/commons-logging/commons-logging/1.2/commons-logging-1.2.jar:/home/user/.m2/repository/log4j/log4j/1.2.17/log4j-1.2.17.jar:/home/user/.m2/repository/org/slf4j/slf4j-api/1.7.30/slf4j-api-1.7.30.jar:/home/user/.m2/repository/org/apache/hadoop/hadoop-hdds-server-scm/1.1.0-SNAPSHOT/hadoop-hdds-server-scm-1.1.0-SNAPSHOT.jar:/home/user/.m2/repository/org/apache/hadoop/hadoop-hdds-container-service/1.1.0-SNAPSHOT/hadoop-hdds-container-service-1.1.0-SNAPSHOT.jar:/home/user/.m2/repository/org/apache/hadoop/hadoop-hdds-hadoop-dependency-server/1.1.0-SNAPSHOT/hadoop-hdds-hadoop-dependency-server-1.1.0-SNAPSHOT.jar:/home/user/.m2/repository/org/apache/hadoop/hadoop-hdfs/3.2.1/hadoop-hdfs-3.2.1.jar:/home/user/.m2/repository/org/apache/hadoop/hadoop-hdds-server-framework/1.1.0-SNAPSHOT/hadoop-hdds-server-framework-1.1.0-SNAPSHOT.jar:/home/user/.m2/repository/org/apache/hadoop/hadoop-hdds-interface-server/1.1.0-SNAPSHOT/hadoop-hdds-interface-server-1.1.0-SNAPSHOT.jar:/home/user/.m2/repository/org/apache/hadoop/hadoop-hdds-interface-admin/1.1.0-SNAPSHOT/hadoop-hdds-interface-admin-1.1.0-SNAPSHOT.jar:/home/user/.m2/repository/org/eclipse/jetty/jetty-servlet/9.4.34.v20201102/jetty-servlet-9.4.34.v20201102.jar:/home/user/.m2/repository/org/eclipse/jetty/jetty-security/9.4.34.v20201102/jetty-security-9.4.34.v20201102.jar:/home/user/.m2/repository/org/rocksdb/rocksdbjni/6.8.1/rocksdbjni-6.8.1.jar:/home/user/.m2/repository/io/prometheus/simpleclient_dropwizard/0.7.0/simpleclient_dropwizard-0.7.0.jar:/home/user/.m2/repository/io/prometheus/simpleclient/0.7.0/simpleclient-0.7.0.jar:/home/user/.m2/repository/io/prometheus/simpleclient_common/0.7.0/simpleclient_common-0.7.0.jar:/home/user/.m2/repository/com/fasterxml/jackson/datatype/jackson-datatype-jsr310/2.10.3/jackson-datatype-jsr310-2.10.3.jar:/home/user/.m2/repository/io/dropwizard/metrics/metrics-core/3.2.4/metrics-core-3.2.4.jar:/home/user/.m2/repository/org/apache/hadoop/hadoop-hdfs-client/3.2.1/hadoop-hdfs-client-3.2.1.jar:/home/user/.m2/repository/org/bouncycastle/bcprov-jdk15on/1.67/bcprov-jdk15on-1.67.jar:/home/user/.m2/repository/org/apache/hadoop/hadoop-ozone-ozone-manager/1.1.0-SNAPSHOT/hadoop-ozone-ozone-manager-1.1.0-SNAPSHOT.jar:/home/user/.m2/repository/org/apache/hadoop/hadoop-hdds-interface-client/1.1.0-SNAPSHOT/hadoop-hdds-interface-client-1.1.0-SNAPSHOT.jar:/home/user/.m2/repository/org/apache/ratis/ratis-thirdparty-misc/0.6.0-SNAPSHOT/ratis-thirdparty-misc-0.6.0-SNAPSHOT.jar:/home/user/.m2/repository/org/apache/hadoop/hadoop-ozone-interface-storage/1.1.0-SNAPSHOT/hadoop-ozone-interface-storage-1.1.0-SNAPSHOT.jar:/home/user/.m2/repository/org/apache/hadoop/hadoop-minikdc/3.2.1/hadoop-minikdc-3.2.1.jar:/home/user/.m2/repository/org/apache/kerby/kerb-simplekdc/1.0.1/kerb-simplekdc-1.0.1.jar:/home/user/.m2/repository/org/apache/kerby/kerb-client/1.0.1/kerb-client-1.0.1.jar:/home/user/.m2/repository/org/apache/kerby/kerby-config/1.0.1/kerby-config-1.0.1.jar:/home/user/.m2/repository/org/apache/kerby/kerb-core/1.0.1/kerb-core-1.0.1.jar:/home/user/.m2/repository/org/apache/kerby/kerby-pkix/1.0.1/kerby-pkix-1.0.1.jar:/home/user/.m2/repository/org/apache/kerby/kerby-asn1/1.0.1/kerby-asn1-1.0.1.jar:/home/user/.m2/repository/org/apache/kerby/kerby-util/1.0.1/kerby-util-1.0.1.jar:/home/user/.m2/repository/org/apache/kerby/kerb-common/1.0.1/kerb-common-1.0.1.jar:/home/user/.m2/repository/org/apache/kerby/kerb-crypto/1.0.1/kerb-crypto-1.0.1.jar:/home/user/.m2/repository/org/apache/kerby/kerb-util/1.0.1/kerb-util-1.0.1.jar:/home/user/.m2/repository/org/apache/kerby/token-provider/1.0.1/token-provider-1.0.1.jar:/home/user/.m2/repository/org/apache/kerby/kerb-admin/1.0.1/kerb-admin-1.0.1.jar:/home/user/.m2/repository/org/apache/kerby/kerb-server/1.0.1/kerb-server-1.0.1.jar:/home/user/.m2/repository/org/apache/kerby/kerb-identity/1.0.1/kerb-identity-1.0.1.jar:/home/user/.m2/repository/org/apache/kerby/kerby-xdr/1.0.1/kerby-xdr-1.0.1.jar:/home/user/.m2/repository/org/slf4j/slf4j-log4j12/1.7.30/slf4j-log4j12-1.7.30.jar:/home/user/.m2/repository/org/apache/hadoop/hadoop-ozone-s3gateway/1.1.0-SNAPSHOT/hadoop-ozone-s3gateway-1.1.0-SNAPSHOT.jar:/home/user/.m2/repository/org/jboss/weld/servlet/weld-servlet/2.4.7.Final/weld-servlet-2.4.7.Final.jar:/home/user/.m2/repository/org/glassfish/jersey/containers/jersey-container-servlet-core/2.27/jersey-container-servlet-core-2.27.jar:/home/user/.m2/repository/org/glassfish/hk2/external/javax.inject/2.5.0-b42/javax.inject-2.5.0-b42.jar:/home/user/.m2/repository/org/glassfish/jersey/core/jersey-common/2.27/jersey-common-2.27.jar:/home/user/.m2/repository/org/glassfish/hk2/osgi-resource-locator/1.0.1/osgi-resource-locator-1.0.1.jar:/home/user/.m2/repository/javax/ws/rs/javax.ws.rs-api/2.1/javax.ws.rs-api-2.1.jar:/home/user/.m2/repository/org/glassfish/jersey/ext/cdi/jersey-cdi1x/2.27/jersey-cdi1x-2.27.jar:/home/user/.m2/repository/org/glassfish/jersey/inject/jersey-hk2/2.27/jersey-hk2-2.27.jar:/home/user/.m2/repository/org/glassfish/hk2/hk2-locator/2.5.0-b42/hk2-locator-2.5.0-b42.jar:/home/user/.m2/repository/org/javassist/javassist/3.22.0-CR2/javassist-3.22.0-CR2.jar:/home/user/.m2/repository/org/glassfish/hk2/hk2-api/2.5.0/hk2-api-2.5.0.jar:/home/user/.m2/repository/org/glassfish/hk2/external/jakarta.inject/2.5.0/jakarta.inject-2.5.0.jar:/home/user/.m2/repository/org/glassfish/hk2/hk2-utils/2.5.0/hk2-utils-2.5.0.jar:/home/user/.m2/repository/jakarta/annotation/jakarta.annotation-api/1.3.4/jakarta.annotation-api-1.3.4.jar:/home/user/.m2/repository/org/glassfish/hk2/external/aopalliance-repackaged/2.5.0/aopalliance-repackaged-2.5.0.jar:/home/user/.m2/repository/com/fasterxml/jackson/dataformat/jackson-dataformat-xml/2.10.3/jackson-dataformat-xml-2.10.3.jar:/home/user/.m2/repository/com/fasterxml/jackson/core/jackson-core/2.10.3/jackson-core-2.10.3.jar:/home/user/.m2/repository/com/fasterxml/jackson/module/jackson-module-jaxb-annotations/2.10.3/jackson-module-jaxb-annotations-2.10.3.jar:/home/user/.m2/repository/jakarta/xml/bind/jakarta.xml.bind-api/2.3.2/jakarta.xml.bind-api-2.3.2.jar:/home/user/.m2/repository/jakarta/activation/jakarta.activation-api/1.2.1/jakarta.activation-api-1.2.1.jar:/home/user/.m2/repository/org/codehaus/woodstox/stax2-api/3.1.4/stax2-api-3.1.4.jar:/home/user/.m2/repository/com/fasterxml/woodstox/woodstox-core/5.0.3/woodstox-core-5.0.3.jar:/home/user/.m2/repository/javax/enterprise/cdi-api/1.2/cdi-api-1.2.jar:/home/user/.m2/repository/javax/el/javax.el-api/3.0.0/javax.el-api-3.0.0.jar:/home/user/.m2/repository/javax/interceptor/javax.interceptor-api/1.2/javax.interceptor-api-1.2.jar:/home/user/.m2/repository/javax/inject/javax.inject/1/javax.inject-1.jar:/home/user/.m2/repository/com/sun/xml/bind/jaxb-impl/2.3.0.1/jaxb-impl-2.3.0.1.jar:/home/user/.m2/repository/com/sun/xml/bind/jaxb-core/2.3.0.1/jaxb-core-2.3.0.1.jar:/home/user/.m2/repository/javax/xml/bind/jaxb-api/2.3.0/jaxb-api-2.3.0.jar:/home/user/.m2/repository/javax/activation/activation/1.1.1/activation-1.1.1.jar:/home/user/.m2/repository/org/apache/hadoop/hadoop-ozone-csi/1.1.0-SNAPSHOT/hadoop-ozone-csi-1.1.0-SNAPSHOT.jar:/home/user/.m2/repository/com/google/protobuf/protobuf-java-util/3.11.0/protobuf-java-util-3.11.0.jar:/home/user/.m2/repository/com/google/code/gson/gson/2.2.4/gson-2.2.4.jar:/home/user/.m2/repository/org/apache/hadoop/hadoop-hdds-config/1.1.0-SNAPSHOT/hadoop-hdds-config-1.1.0-SNAPSHOT.jar:/home/user/.m2/repository/com/google/protobuf/protobuf-java/2.5.0/protobuf-java-2.5.0.jar:/home/user/.m2/repository/io/grpc/grpc-netty/1.29.0/grpc-netty-1.29.0.jar:/home/user/.m2/repository/io/grpc/grpc-core/1.29.0/grpc-core-1.29.0.jar:/home/user/.m2/repository/com/google/android/annotations/4.1.1.4/annotations-4.1.1.4.jar:/home/user/.m2/repository/io/perfmark/perfmark-api/0.19.0/perfmark-api-0.19.0.jar:/home/user/.m2/repository/io/netty/netty-codec-http2/4.1.48.Final/netty-codec-http2-4.1.48.Final.jar:/home/user/.m2/repository/io/netty/netty-codec/4.1.48.Final/netty-codec-4.1.48.Final.jar:/home/user/.m2/repository/io/netty/netty-handler/4.1.48.Final/netty-handler-4.1.48.Final.jar:/home/user/.m2/repository/io/netty/netty-codec-http/4.1.48.Final/netty-codec-http-4.1.48.Final.jar:/home/user/.m2/repository/io/netty/netty-handler-proxy/4.1.48.Final/netty-handler-proxy-4.1.48.Final.jar:/home/user/.m2/repository/io/netty/netty-codec-socks/4.1.48.Final/netty-codec-socks-4.1.48.Final.jar:/home/user/.m2/repository/io/netty/netty-transport-native-epoll/4.1.48.Final/netty-transport-native-epoll-4.1.48.Final.jar:/home/user/.m2/repository/io/netty/netty-common/4.1.48.Final/netty-common-4.1.48.Final.jar:/home/user/.m2/repository/io/netty/netty-buffer/4.1.48.Final/netty-buffer-4.1.48.Final.jar:/home/user/.m2/repository/io/netty/netty-transport/4.1.48.Final/netty-transport-4.1.48.Final.jar:/home/user/.m2/repository/io/netty/netty-resolver/4.1.48.Final/netty-resolver-4.1.48.Final.jar:/home/user/.m2/repository/io/netty/netty-transport-native-unix-common/4.1.48.Final/netty-transport-native-unix-common-4.1.48.Final.jar:/home/user/.m2/repository/io/grpc/grpc-protobuf/1.29.0/grpc-protobuf-1.29.0.jar:/home/user/.m2/repository/io/grpc/grpc-api/1.29.0/grpc-api-1.29.0.jar:/home/user/.m2/repository/io/grpc/grpc-context/1.29.0/grpc-context-1.29.0.jar:/home/user/.m2/repository/org/codehaus/mojo/animal-sniffer-annotations/1.18/animal-sniffer-annotations-1.18.jar:/home/user/.m2/repository/com/google/api/grpc/proto-google-common-protos/1.17.0/proto-google-common-protos-1.17.0.jar:/home/user/.m2/repository/io/grpc/grpc-protobuf-lite/1.29.0/grpc-protobuf-lite-1.29.0.jar:/home/user/.m2/repository/io/grpc/grpc-stub/1.29.0/grpc-stub-1.29.0.jar:/home/user/.m2/repository/org/apache/hadoop/hadoop-ozone-recon/1.1.0-SNAPSHOT/hadoop-ozone-recon-1.1.0-SNAPSHOT.jar:/home/user/.m2/repository/org/apache/hadoop/hadoop-ozone-reconcodegen/1.1.0-SNAPSHOT/hadoop-ozone-reconcodegen-1.1.0-SNAPSHOT.jar:/home/user/.m2/repository/com/google/inject/extensions/guice-multibindings/4.0/guice-multibindings-4.0.jar:/home/user/.m2/repository/com/google/inject/guice/4.0/guice-4.0.jar:/home/user/.m2/repository/aopalliance/aopalliance/1.0/aopalliance-1.0.jar:/home/user/.m2/repository/com/google/inject/extensions/guice-assistedinject/4.0/guice-assistedinject-4.0.jar:/home/user/.m2/repository/com/google/inject/extensions/guice-servlet/4.0/guice-servlet-4.0.jar:/home/user/.m2/repository/org/glassfish/jersey/containers/jersey-container-servlet/2.27/jersey-container-servlet-2.27.jar:/home/user/.m2/repository/org/glassfish/hk2/guice-bridge/2.5.0/guice-bridge-2.5.0.jar:/home/user/.m2/repository/org/glassfish/jersey/core/jersey-server/2.27/jersey-server-2.27.jar:/home/user/.m2/repository/org/glassfish/jersey/core/jersey-client/2.27/jersey-client-2.27.jar:/home/user/.m2/repository/org/glassfish/jersey/media/jersey-media-jaxb/2.27/jersey-media-jaxb-2.27.jar:/home/user/.m2/repository/javax/validation/validation-api/1.1.0.Final/validation-api-1.1.0.Final.jar:/home/user/.m2/repository/org/glassfish/jersey/media/jersey-media-json-jackson/2.27/jersey-media-json-jackson-2.27.jar:/home/user/.m2/repository/org/glassfish/jersey/ext/jersey-entity-filtering/2.27/jersey-entity-filtering-2.27.jar:/home/user/.m2/repository/org/jooq/jooq/3.11.10/jooq-3.11.10.jar:/home/user/.m2/repository/org/jooq/jooq-meta/3.11.10/jooq-meta-3.11.10.jar:/home/user/.m2/repository/org/jooq/jooq-codegen/3.11.10/jooq-codegen-3.11.10.jar:/home/user/.m2/repository/com/jolbox/bonecp/0.8.0.RELEASE/bonecp-0.8.0.RELEASE.jar:/home/user/.m2/repository/org/apache/derby/derby/10.14.2.0/derby-10.14.2.0.jar:/home/user/.m2/repository/org/xerial/sqlite-jdbc/3.25.2/sqlite-jdbc-3.25.2.jar:/home/user/.m2/repository/org/springframework/spring-jdbc/5.2.11.RELEASE/spring-jdbc-5.2.11.RELEASE.jar:/home/user/.m2/repository/org/springframework/spring-beans/5.2.11.RELEASE/spring-beans-5.2.11.RELEASE.jar:/home/user/.m2/repository/org/springframework/spring-core/5.2.11.RELEASE/spring-core-5.2.11.RELEASE.jar:/home/user/.m2/repository/org/springframework/spring-jcl/5.2.11.RELEASE/spring-jcl-5.2.11.RELEASE.jar:/home/user/.m2/repository/org/springframework/spring-tx/5.2.11.RELEASE/spring-tx-5.2.11.RELEASE.jar:/home/user/.m2/repository/org/apache/hadoop/hadoop-ozone-client/1.1.0-SNAPSHOT/hadoop-ozone-client-1.1.0-SNAPSHOT.jar:/home/user/.m2/repository/org/apache/hadoop/hadoop-ozone-filesystem/1.1.0-SNAPSHOT/hadoop-ozone-filesystem-1.1.0-SNAPSHOT.jar:/home/user/.m2/repository/org/apache/hadoop/hadoop-ozone-filesystem-common/1.1.0-SNAPSHOT/hadoop-ozone-filesystem-common-1.1.0-SNAPSHOT.jar:/home/user/.m2/repository/org/apache/hadoop/hadoop-ozone-tools/1.1.0-SNAPSHOT/hadoop-ozone-tools-1.1.0-SNAPSHOT.jar:/home/user/.m2/repository/org/apache/ratis/ratis-tools/1.1.0-35f17fa-SNAPSHOT/ratis-tools-1.1.0-35f17fa-SNAPSHOT.jar:/home/user/.m2/repository/org/apache/ratis/ratis-proto/1.1.0-35f17fa-SNAPSHOT/ratis-proto-1.1.0-35f17fa-SNAPSHOT.jar:/home/user/.m2/repository/org/apache/ratis/ratis-common/1.1.0-35f17fa-SNAPSHOT/ratis-common-1.1.0-35f17fa-SNAPSHOT.jar:/home/user/.m2/repository/com/amazonaws/aws-java-sdk-core/1.11.901/aws-java-sdk-core-1.11.901.jar:/home/user/.m2/repository/org/apache/httpcomponents/httpclient/4.5.13/httpclient-4.5.13.jar:/home/user/.m2/repository/org/apache/httpcomponents/httpcore/4.4.13/httpcore-4.4.13.jar:/home/user/.m2/repository/software/amazon/ion/ion-java/1.0.2/ion-java-1.0.2.jar:/home/user/.m2/repository/com/fasterxml/jackson/dataformat/jackson-dataformat-cbor/2.10.3/jackson-dataformat-cbor-2.10.3.jar:/home/user/.m2/repository/joda-time/joda-time/2.8.1/joda-time-2.8.1.jar:/home/user/.m2/repository/com/amazonaws/aws-java-sdk-s3/1.11.901/aws-java-sdk-s3-1.11.901.jar:/home/user/.m2/repository/com/amazonaws/aws-java-sdk-kms/1.11.901/aws-java-sdk-kms-1.11.901.jar:/home/user/.m2/repository/com/amazonaws/jmespath-java/1.11.901/jmespath-java-1.11.901.jar:/home/user/.m2/repository/org/kohsuke/metainf-services/metainf-services/1.8/metainf-services-1.8.jar:/home/user/.m2/repository/org/apache/hadoop/hadoop-hdds-tools/1.1.0-SNAPSHOT/hadoop-hdds-tools-1.1.0-SNAPSHOT.jar:/home/user/.m2/repository/commons-cli/commons-cli/1.2/commons-cli-1.2.jar:/home/user/.m2/repository/org/apache/commons/commons-lang3/3.7/commons-lang3-3.7.jar:/home/user/.m2/repository/org/apache/hadoop/hadoop-ozone-ozone-manager/1.1.0-SNAPSHOT/hadoop-ozone-ozone-manager-1.1.0-SNAPSHOT-tests.jar:/home/user/.m2/repository/org/apache/hadoop/hadoop-hdds-common/1.1.0-SNAPSHOT/hadoop-hdds-common-1.1.0-SNAPSHOT-tests.jar:/home/user/.m2/repository/org/apache/hadoop/hadoop-hdds-hadoop-dependency-client/1.1.0-SNAPSHOT/hadoop-hdds-hadoop-dependency-client-1.1.0-SNAPSHOT.jar:/home/user/.m2/repository/info/picocli/picocli/4.4.0/picocli-4.4.0.jar:/home/user/.m2/repository/com/fasterxml/jackson/core/jackson-annotations/2.10.3/jackson-annotations-2.10.3.jar:/home/user/.m2/repository/javax/annotation/javax.annotation-api/1.2/javax.annotation-api-1.2.jar:/home/user/.m2/repository/org/fusesource/leveldbjni/leveldbjni-all/1.8/leveldbjni-all-1.8.jar:/home/user/.m2/repository/org/apache/ratis/ratis-server/1.1.0-35f17fa-SNAPSHOT/ratis-server-1.1.0-35f17fa-SNAPSHOT.jar:/home/user/.m2/repository/org/apache/ratis/ratis-client/1.1.0-35f17fa-SNAPSHOT/ratis-client-1.1.0-35f17fa-SNAPSHOT.jar:/home/user/.m2/repository/org/apache/ratis/ratis-server-api/1.1.0-35f17fa-SNAPSHOT/ratis-server-api-1.1.0-35f17fa-SNAPSHOT.jar:/home/user/.m2/repository/org/apache/ratis/ratis-metrics/1.1.0-35f17fa-SNAPSHOT/ratis-metrics-1.1.0-35f17fa-SNAPSHOT.jar:/home/user/.m2/repository/org/apache/ratis/ratis-netty/1.1.0-35f17fa-SNAPSHOT/ratis-netty-1.1.0-35f17fa-SNAPSHOT.jar:/home/user/.m2/repository/org/apache/ratis/ratis-grpc/1.1.0-35f17fa-SNAPSHOT/ratis-grpc-1.1.0-35f17fa-SNAPSHOT.jar:/home/user/.m2/repository/org/apache/logging/log4j/log4j-api/2.13.3/log4j-api-2.13.3.jar:/home/user/.m2/repository/org/apache/logging/log4j/log4j-core/2.13.3/log4j-core-2.13.3.jar:/home/user/.m2/repository/com/lmax/disruptor/3.4.2/disruptor-3.4.2.jar:/home/user/.m2/repository/org/apache/commons/commons-pool2/2.6.0/commons-pool2-2.6.0.jar:/home/user/.m2/repository/org/bouncycastle/bcpkix-jdk15on/1.67/bcpkix-jdk15on-1.67.jar:/home/user/.m2/repository/commons-validator/commons-validator/1.6/commons-validator-1.6.jar:/home/user/.m2/repository/commons-beanutils/commons-beanutils/1.9.4/commons-beanutils-1.9.4.jar:/home/user/.m2/repository/commons-digester/commons-digester/1.8.1/commons-digester-1.8.1.jar:/home/user/.m2/repository/commons-collections/commons-collections/3.2.2/commons-collections-3.2.2.jar:/home/user/.m2/repository/io/jaegertracing/jaeger-client/1.2.0/jaeger-client-1.2.0.jar:/home/user/.m2/repository/io/jaegertracing/jaeger-thrift/1.2.0/jaeger-thrift-1.2.0.jar:/home/user/.m2/repository/org/apache/thrift/libthrift/0.13.0/libthrift-0.13.0.jar:/home/user/.m2/repository/com/squareup/okhttp3/okhttp/4.2.2/okhttp-4.2.2.jar:/home/user/.m2/repository/com/squareup/okio/okio/2.2.2/okio-2.2.2.jar:/home/user/.m2/repository/org/jetbrains/kotlin/kotlin-stdlib/1.3.50/kotlin-stdlib-1.3.50.jar:/home/user/.m2/repository/org/jetbrains/kotlin/kotlin-stdlib-common/1.3.50/kotlin-stdlib-common-1.3.50.jar:/home/user/.m2/repository/org/jetbrains/annotations/13.0/annotations-13.0.jar:/home/user/.m2/repository/io/jaegertracing/jaeger-core/1.2.0/jaeger-core-1.2.0.jar:/home/user/.m2/repository/io/jaegertracing/jaeger-tracerresolver/1.2.0/jaeger-tracerresolver-1.2.0.jar:/home/user/.m2/repository/io/opentracing/contrib/opentracing-tracerresolver/0.1.8/opentracing-tracerresolver-0.1.8.jar:/home/user/.m2/repository/io/opentracing/opentracing-util/0.33.0/opentracing-util-0.33.0.jar:/home/user/.m2/repository/io/opentracing/opentracing-api/0.33.0/opentracing-api-0.33.0.jar:/home/user/.m2/repository/io/opentracing/opentracing-noop/0.33.0/opentracing-noop-0.33.0.jar:/home/user/.m2/repository/org/yaml/snakeyaml/1.26/snakeyaml-1.26.jar:/home/user/.m2/repository/junit/junit/4.11/junit-4.11.jar:/home/user/.m2/repository/org/hamcrest/hamcrest-core/1.3/hamcrest-core-1.3.jar:/home/user/.m2/repository/org/openjdk/jmh/jmh-core/1.19/jmh-core-1.19.jar:/home/user/.m2/repository/net/sf/jopt-simple/jopt-simple/4.6/jopt-simple-4.6.jar:/home/user/.m2/repository/org/apache/commons/commons-math3/3.1.1/commons-math3-3.1.1.jar:/home/user/.m2/repository/org/openjdk/jmh/jmh-generator-annprocess/1.19/jmh-generator-annprocess-1.19.jar:/home/user/.m2/repository/org/mockito/mockito-all/1.8.5/mockito-all-1.8.5.jar:/home/user/.m2/repository/org/apache/hadoop/hadoop-kms/3.2.1/hadoop-kms-3.2.1.jar:/home/user/.m2/repository/org/apache/hadoop/hadoop-auth/3.2.1/hadoop-auth-3.2.1.jar:/home/user/.m2/repository/com/nimbusds/nimbus-jose-jwt/7.9/nimbus-jose-jwt-7.9.jar:/home/user/.m2/repository/com/github/stephenc/jcip/jcip-annotations/1.0-1/jcip-annotations-1.0-1.jar:/home/user/.m2/repository/net/minidev/json-smart/2.3/json-smart-2.3.jar:/home/user/.m2/repository/net/minidev/accessors-smart/1.2/accessors-smart-1.2.jar:/home/user/.m2/repository/org/ow2/asm/asm/5.0.4/asm-5.0.4.jar:/home/user/.m2/repository/org/apache/zookeeper/zookeeper/3.4.13/zookeeper-3.4.13.jar:/home/user/.m2/repository/org/apache/yetus/audience-annotations/0.5.0/audience-annotations-0.5.0.jar:/home/user/.m2/repository/org/apache/curator/curator-framework/2.13.0/curator-framework-2.13.0.jar:/home/user/.m2/repository/com/sun/jersey/jersey-core/1.19/jersey-core-1.19.jar:/home/user/.m2/repository/javax/ws/rs/jsr311-api/1.1.1/jsr311-api-1.1.1.jar:/home/user/.m2/repository/com/sun/jersey/jersey-server/1.19/jersey-server-1.19.jar:/home/user/.m2/repository/javax/servlet/javax.servlet-api/3.1.0/javax.servlet-api-3.1.0.jar:/home/user/.m2/repository/org/eclipse/jetty/jetty-server/9.4.34.v20201102/jetty-server-9.4.34.v20201102.jar:/home/user/.m2/repository/org/eclipse/jetty/jetty-http/9.4.34.v20201102/jetty-http-9.4.34.v20201102.jar:/home/user/.m2/repository/org/eclipse/jetty/jetty-io/9.4.34.v20201102/jetty-io-9.4.34.v20201102.jar:/home/user/.m2/repository/org/eclipse/jetty/jetty-webapp/9.4.34.v20201102/jetty-webapp-9.4.34.v20201102.jar:/home/user/.m2/repository/org/eclipse/jetty/jetty-xml/9.4.34.v20201102/jetty-xml-9.4.34.v20201102.jar:/home/user/.m2/repository/org/apache/hadoop/hadoop-common/3.2.1/hadoop-common-3.2.1.jar:/home/user/.m2/repository/commons-net/commons-net/3.6/commons-net-3.6.jar:/home/user/.m2/repository/com/sun/jersey/jersey-servlet/1.19/jersey-servlet-1.19.jar:/home/user/.m2/repository/com/sun/jersey/jersey-json/1.19/jersey-json-1.19.jar:/home/user/.m2/repository/org/codehaus/jettison/jettison/1.1/jettison-1.1.jar:/home/user/.m2/repository/org/codehaus/jackson/jackson-jaxrs/1.9.2/jackson-jaxrs-1.9.2.jar:/home/user/.m2/repository/org/codehaus/jackson/jackson-xc/1.9.2/jackson-xc-1.9.2.jar:/home/user/.m2/repository/org/apache/commons/commons-configuration2/2.1.1/commons-configuration2-2.1.1.jar:/home/user/.m2/repository/org/apache/commons/commons-text/1.4/commons-text-1.4.jar:/home/user/.m2/repository/com/google/re2j/re2j/1.1/re2j-1.1.jar:/home/user/.m2/repository/com/jcraft/jsch/0.1.54/jsch-0.1.54.jar:/home/user/.m2/repository/org/apache/curator/curator-client/2.13.0/curator-client-2.13.0.jar:/home/user/.m2/repository/org/apache/curator/curator-recipes/2.13.0/curator-recipes-2.13.0.jar:/home/user/.m2/repository/dnsjava/dnsjava/2.1.7/dnsjava-2.1.7.jar:/home/user/.m2/repository/org/slf4j/jul-to-slf4j/1.7.30/jul-to-slf4j-1.7.30.jar:/home/user/.m2/repository/org/eclipse/jetty/jetty-util/9.4.34.v20201102/jetty-util-9.4.34.v20201102.jar:/home/user/.m2/repository/com/fasterxml/jackson/core/jackson-databind/2.10.3/jackson-databind-2.10.3.jar:/home/user/.m2/repository/org/apache/hadoop/hadoop-kms/3.2.1/hadoop-kms-3.2.1-tests.jar:/home/user/.m2/repository/org/apache/hadoop/hadoop-hdds-server-scm/1.1.0-SNAPSHOT/hadoop-hdds-server-scm-1.1.0-SNAPSHOT-tests.jar:/home/user/.m2/repository/org/apache/hadoop/hadoop-hdds-container-service/1.1.0-SNAPSHOT/hadoop-hdds-container-service-1.1.0-SNAPSHOT-tests.jar:/home/user/.m2/repository/commons-codec/commons-codec/1.11/commons-codec-1.11.jar:/home/user/.m2/repository/org/apache/hadoop/hadoop-hdds-hadoop-dependency-test/1.1.0-SNAPSHOT/hadoop-hdds-hadoop-dependency-test-1.1.0-SNAPSHOT.jar:/home/user/.m2/repository/org/apache/hadoop/hadoop-common/3.2.1/hadoop-common-3.2.1-tests.jar:/home/user/.m2/repository/org/apache/hadoop/hadoop-hdfs/3.2.1/hadoop-hdfs-3.2.1-tests.jar:/home/user/.m2/repository/org/eclipse/jetty/jetty-util-ajax/9.4.34.v20201102/jetty-util-ajax-9.4.34.v20201102.jar:/home/user/.m2/repository/commons-daemon/commons-daemon/1.0.13/commons-daemon-1.0.13.jar:/home/user/.m2/repository/io/netty/netty/3.10.5.Final/netty-3.10.5.Final.jar:/home/user/.m2/repository/io/netty/netty-all/4.1.48.Final/netty-all-4.1.48.Final.jar:/home/user/.m2/repository/org/apache/htrace/htrace-core4/4.1.0-incubating/htrace-core4-4.1.0-incubating.jar:/home/user/.m2/repository/org/apache/hadoop/hadoop-distcp/3.2.1/hadoop-distcp-3.2.1.jar:/home/user/.m2/repository/org/apache/hadoop/hadoop-mapreduce-client-jobclient/3.2.1/hadoop-mapreduce-client-jobclient-3.2.1.jar:/home/user/.m2/repository/org/apache/hadoop/hadoop-mapreduce-client-common/3.2.1/hadoop-mapreduce-client-common-3.2.1.jar:/home/user/.m2/repository/org/apache/hadoop/hadoop-yarn-common/3.2.1/hadoop-yarn-common-3.2.1.jar:/home/user/.m2/repository/org/apache/hadoop/hadoop-yarn-api/3.2.1/hadoop-yarn-api-3.2.1.jar:/home/user/.m2/repository/com/sun/jersey/jersey-client/1.19/jersey-client-1.19.jar:/home/user/.m2/repository/com/sun/jersey/contribs/jersey-guice/1.19/jersey-guice-1.19.jar:/home/user/.m2/repository/com/fasterxml/jackson/jaxrs/jackson-jaxrs-json-provider/2.10.3/jackson-jaxrs-json-provider-2.10.3.jar:/home/user/.m2/repository/com/fasterxml/jackson/jaxrs/jackson-jaxrs-base/2.10.3/jackson-jaxrs-base-2.10.3.jar:/home/user/.m2/repository/org/apache/hadoop/hadoop-yarn-client/3.2.1/hadoop-yarn-client-3.2.1.jar:/home/user/.m2/repository/org/apache/hadoop/hadoop-mapreduce-client-core/3.2.1/hadoop-mapreduce-client-core-3.2.1.jar:/home/user/.m2/repository/org/apache/avro/avro/1.7.7/avro-1.7.7.jar:/home/user/.m2/repository/org/codehaus/jackson/jackson-core-asl/1.9.13/jackson-core-asl-1.9.13.jar:/home/user/.m2/repository/org/codehaus/jackson/jackson-mapper-asl/1.9.13/jackson-mapper-asl-1.9.13.jar:/home/user/.m2/repository/com/thoughtworks/paranamer/paranamer/2.3/paranamer-2.3.jar:/home/user/.m2/repository/org/xerial/snappy/snappy-java/1.0.5/snappy-java-1.0.5.jar:/home/user/.m2/repository/org/apache/hadoop/hadoop-annotations/3.2.1/hadoop-annotations-3.2.1.jar:/usr/lib/jvm/java-1.8.0-openjdk-1.8.0.232.b09-0.el7_7.x86_64/jre/../lib/tools.jar:/home/user/.m2/repository/org/apache/hadoop/hadoop-distcp/3.2.1/hadoop-distcp-3.2.1-tests.jar:"/>
    <property name="sun.cpu.endian" value="little"/>
    <property name="user.home" value="/home/user"/>
    <property name="user.language" value="en"/>
    <property name="java.specification.vendor" value="Oracle Corporation"/>
    <property name="java.home" value="/usr/lib/jvm/java-1.8.0-openjdk-1.8.0.232.b09-0.el7_7.x86_64/jre"/>
    <property name="java.security.krb5.conf" value="/github/workspace/mnt/ozone/hadoop-ozone/integration-test/target/test-classes/krb5.conf"/>
    <property name="basedir" value="/github/workspace/mnt/ozone/hadoop-ozone/integration-test"/>
    <property name="file.separator" value="/"/>
    <property name="line.separator" value="&#10;"/>
    <property name="java.vm.specification.vendor" value="Oracle Corporation"/>
    <property name="java.specification.name" value="Java Platform API Specification"/>
    <property name="java.awt.graphicsenv" value="sun.awt.X11GraphicsEnvironment"/>
    <property name="skip.installnpx" value="true"/>
    <property name="surefire.real.class.path" value="/github/workspace/mnt/ozone/hadoop-ozone/integration-test/target/surefire/surefirebooter4577142341090568130.jar:/home/user/.m2/repository/org/jacoco/org.jacoco.agent/0.8.5/org.jacoco.agent-0.8.5-runtime.jar"/>
    <property name="hadoop.log.dir" value="/github/workspace/mnt/ozone/hadoop-ozone/integration-test/target/log"/>
    <property name="sun.boot.class.path" value="/usr/lib/jvm/java-1.8.0-openjdk-1.8.0.232.b09-0.el7_7.x86_64/jre/lib/resources.jar:/usr/lib/jvm/java-1.8.0-openjdk-1.8.0.232.b09-0.el7_7.x86_64/jre/lib/rt.jar:/usr/lib/jvm/java-1.8.0-openjdk-1.8.0.232.b09-0.el7_7.x86_64/jre/lib/sunrsasign.jar:/usr/lib/jvm/java-1.8.0-openjdk-1.8.0.232.b09-0.el7_7.x86_64/jre/lib/jsse.jar:/usr/lib/jvm/java-1.8.0-openjdk-1.8.0.232.b09-0.el7_7.x86_64/jre/lib/jce.jar:/usr/lib/jvm/java-1.8.0-openjdk-1.8.0.232.b09-0.el7_7.x86_64/jre/lib/charsets.jar:/usr/lib/jvm/java-1.8.0-openjdk-1.8.0.232.b09-0.el7_7.x86_64/jre/lib/jfr.jar:/usr/lib/jvm/java-1.8.0-openjdk-1.8.0.232.b09-0.el7_7.x86_64/jre/classes"/>
    <property name="sun.management.compiler" value="HotSpot 64-Bit Tiered Compilers"/>
    <property name="skip.npx" value="true"/>
    <property name="java.runtime.version" value="1.8.0_232-b09"/>
    <property name="java.net.preferIPv4Stack" value="true"/>
    <property name="user.name" value="jenkins1001"/>
    <property name="path.separator" value=":"/>
    <property name="java.security.egd" value="file:///dev/urandom"/>
    <property name="os.version" value="5.4.0-1032-azure"/>
    <property name="java.endorsed.dirs" value="/usr/lib/jvm/java-1.8.0-openjdk-1.8.0.232.b09-0.el7_7.x86_64/jre/lib/endorsed"/>
    <property name="java.runtime.name" value="OpenJDK Runtime Environment"/>
    <property name="file.encoding" value="ANSI_X3.4-1968"/>
    <property name="java.vm.name" value="OpenJDK 64-Bit Server VM"/>
    <property name="test.build.webapps" value=""/>
    <property name="localRepository" value="/home/user/.m2/repository"/>
    <property name="java.vendor.url.bug" value="http://bugreport.sun.com/bugreport/"/>
    <property name="java.io.tmpdir" value="/tmp"/>
    <property name="require.test.libhadoop" value=""/>
    <property name="java.version" value="1.8.0_232"/>
    <property name="user.dir" value="/github/workspace/mnt/ozone/hadoop-ozone/integration-test"/>
    <property name="os.arch" value="amd64"/>
    <property name="java.vm.specification.name" value="Java Virtual Machine Specification"/>
    <property name="test.build.classes" value="/github/workspace/mnt/ozone/hadoop-ozone/integration-test/target/test-classes"/>
    <property name="java.awt.printerjob" value="sun.print.PSPrinterJob"/>
    <property name="sun.os.patch.level" value="unknown"/>
    <property name="hadoop.tmp.dir" value="/github/workspace/mnt/ozone/hadoop-ozone/integration-test/target/tmp"/>
    <property name="java.library.path" value="/usr/lib:/usr/java/packages/lib/amd64:/usr/lib64:/lib64:/lib:/usr/lib"/>
    <property name="java.vm.info" value="mixed mode"/>
    <property name="java.vendor" value="Oracle Corporation"/>
    <property name="java.vm.version" value="25.232-b09"/>
    <property name="java.ext.dirs" value="/usr/lib/jvm/java-1.8.0-openjdk-1.8.0.232.b09-0.el7_7.x86_64/jre/lib/ext:/usr/java/packages/lib/ext"/>
    <property name="sun.io.unicode.encoding" value="UnicodeLittle"/>
    <property name="java.class.version" value="52.0"/>
  </properties>
  <testcase name="testPipelineWithScmRestart" classname="org.apache.hadoop.hdds.scm.pipeline.TestSCMRestart" time="0.01">
    <failure message="expected:&lt;PipelineID=71e87fc3-34b8-433d-a92c-61ccab411ad3&gt; but was:&lt;PipelineID=d75988d3-7752-4da2-89be-b22e4b49b34a&gt;" type="java.lang.AssertionError"><![CDATA[java.lang.AssertionError: expected:<PipelineID=71e87fc3-34b8-433d-a92c-61ccab411ad3> but was:<PipelineID=d75988d3-7752-4da2-89be-b22e4b49b34a>
	at org.junit.Assert.fail(Assert.java:88)
	at org.junit.Assert.failNotEquals(Assert.java:743)
	at org.junit.Assert.assertEquals(Assert.java:118)
	at org.junit.Assert.assertEquals(Assert.java:144)
	at org.apache.hadoop.hdds.scm.pipeline.TestSCMRestart.testPipelineWithScmRestart(TestSCMRestart.java:127)
	at sun.reflect.NativeMethodAccessorImpl.invoke0(Native Method)
	at sun.reflect.NativeMethodAccessorImpl.invoke(NativeMethodAccessorImpl.java:62)
	at sun.reflect.DelegatingMethodAccessorImpl.invoke(DelegatingMethodAccessorImpl.java:43)
	at java.lang.reflect.Method.invoke(Method.java:498)
	at org.junit.runners.model.FrameworkMethod$1.runReflectiveCall(FrameworkMethod.java:47)
	at org.junit.internal.runners.model.ReflectiveCallable.run(ReflectiveCallable.java:12)
	at org.junit.runners.model.FrameworkMethod.invokeExplosively(FrameworkMethod.java:44)
	at org.junit.internal.runners.statements.InvokeMethod.evaluate(InvokeMethod.java:17)
	at org.junit.internal.runners.statements.FailOnTimeout$StatementThread.run(FailOnTimeout.java:74)
]]></failure>
    <system-out><![CDATA[2021-01-11 13:39:08,633 [main] WARN  server.ServerUtils (ServerUtils.java:getScmDbDir(148)) - ozone.scm.db.dirs is not configured. We recommend adding this setting. Falling back to ozone.metadata.dirs instead.
2021-01-11 13:39:08,715 [main] WARN  server.ServerUtils (ServerUtils.java:getScmDbDir(148)) - ozone.scm.db.dirs is not configured. We recommend adding this setting. Falling back to ozone.metadata.dirs instead.
2021-01-11 13:39:08,880 [main] WARN  db.DBStoreBuilder (DBStoreBuilder.java:applyDBDefinition(145)) - ozone.scm.db.dirs is not configured. We recommend adding this setting. Falling back to ozone.metadata.dirs instead.
2021-01-11 13:39:08,987 [main] INFO  net.NodeSchemaLoader (NodeSchemaLoader.java:loadSchemaFromFile(126)) - Loading file from sun.misc.CompoundEnumeration@773cbf4f
2021-01-11 13:39:08,989 [main] INFO  net.NodeSchemaLoader (NodeSchemaLoader.java:loadSchema(172)) - Loading network topology layer schema file
2021-01-11 13:39:09,059 [main] INFO  node.SCMNodeManager (SCMNodeManager.java:<init>(123)) - Entering startup safe mode.
2021-01-11 13:39:09,205 [main] INFO  algorithms.ContainerPlacementPolicyFactory (ContainerPlacementPolicyFactory.java:getPolicy(60)) - Create container placement policy of type org.apache.hadoop.hdds.scm.container.placement.algorithms.SCMContainerPlacementRandom
2021-01-11 13:39:09,246 [main] INFO  algorithms.LeaderChoosePolicyFactory (LeaderChoosePolicyFactory.java:getPolicy(57)) - Create leader choose policy of type org.apache.hadoop.hdds.scm.pipeline.leader.choose.algorithms.MinLeaderCountChoosePolicy
2021-01-11 13:39:09,247 [main] INFO  pipeline.SCMPipelineManager (SCMPipelineManager.java:initializePipelineState(161)) - No pipeline exists in current db
2021-01-11 13:39:09,272 [main] INFO  algorithms.PipelineChoosePolicyFactory (PipelineChoosePolicyFactory.java:createPipelineChoosePolicyFromClass(75)) - Create pipeline choose policy of type org.apache.hadoop.hdds.scm.pipeline.choose.algorithms.RandomPipelineChoosePolicy
2021-01-11 13:39:09,355 [main] INFO  safemode.HealthyPipelineSafeModeRule (HealthyPipelineSafeModeRule.java:<init>(89)) - Total pipeline count is 0, healthy pipeline threshold count is 0
2021-01-11 13:39:09,359 [main] INFO  safemode.OneReplicaPipelineSafeModeRule (OneReplicaPipelineSafeModeRule.java:<init>(85)) - Total pipeline count is 0, pipeline's with at least one datanode reported threshold count is 0
2021-01-11 13:39:09,851 [main] INFO  ipc.CallQueueManager (CallQueueManager.java:<init>(84)) - Using callQueue: class java.util.concurrent.LinkedBlockingQueue, queueCapacity: 2000, scheduler: class org.apache.hadoop.ipc.DefaultRpcScheduler, ipcBackoff: false.
2021-01-11 13:39:09,875 [Socket Reader #1 for port 0] INFO  ipc.Server (Server.java:run(1219)) - Starting Socket Reader #1 for port 0
2021-01-11 13:39:09,917 [Listener at 0.0.0.0/44121] INFO  ipc.CallQueueManager (CallQueueManager.java:<init>(84)) - Using callQueue: class java.util.concurrent.LinkedBlockingQueue, queueCapacity: 2000, scheduler: class org.apache.hadoop.ipc.DefaultRpcScheduler, ipcBackoff: false.
2021-01-11 13:39:09,919 [Socket Reader #1 for port 0] INFO  ipc.Server (Server.java:run(1219)) - Starting Socket Reader #1 for port 0
2021-01-11 13:39:09,935 [Listener at 0.0.0.0/36569] INFO  ipc.CallQueueManager (CallQueueManager.java:<init>(84)) - Using callQueue: class java.util.concurrent.LinkedBlockingQueue, queueCapacity: 2000, scheduler: class org.apache.hadoop.ipc.DefaultRpcScheduler, ipcBackoff: false.
2021-01-11 13:39:09,937 [Socket Reader #1 for port 0] INFO  ipc.Server (Server.java:run(1219)) - Starting Socket Reader #1 for port 0
2021-01-11 13:39:09,960 [Listener at 0.0.0.0/35411] INFO  http.BaseHttpServer (BaseHttpServer.java:newHttpServer2BuilderForOzone(207)) - Starting Web-server for scm at: http://0.0.0.0:0
2021-01-11 13:39:09,960 [Listener at 0.0.0.0/35411] INFO  http.BaseHttpServer (BaseHttpServer.java:<init>(106)) - Hadoop Security Enabled: false Ozone Security Enabled: false Ozone HTTP Security Enabled: false 
2021-01-11 13:39:09,990 [Listener at 0.0.0.0/35411] INFO  util.log (Log.java:initialized(169)) - Logging initialized @2508ms to org.eclipse.jetty.util.log.Slf4jLog
2021-01-11 13:39:10,144 [Listener at 0.0.0.0/35411] INFO  server.AuthenticationFilter (AuthenticationFilter.java:constructSecretProvider(240)) - Unable to initialize FileSignerSecretProvider, falling back to use random secrets.
2021-01-11 13:39:10,158 [Listener at 0.0.0.0/35411] WARN  http.HttpRequestLog (HttpRequestLog.java:getRequestLog(103)) - Jetty request log can only be enabled using Log4j
2021-01-11 13:39:10,167 [Listener at 0.0.0.0/35411] INFO  http.HttpServer2 (HttpServer2.java:addGlobalFilter(1020)) - Added global filter 'safety' (class=org.apache.hadoop.hdds.server.http.HttpServer2$QuotingInputFilter)
2021-01-11 13:39:10,172 [Listener at 0.0.0.0/35411] INFO  http.HttpServer2 (HttpServer2.java:addFilter(996)) - Added filter static_user_filter (class=org.apache.hadoop.http.lib.StaticUserWebFilter$StaticUserFilter) to context scm
2021-01-11 13:39:10,173 [Listener at 0.0.0.0/35411] INFO  http.HttpServer2 (HttpServer2.java:addFilter(1004)) - Added filter static_user_filter (class=org.apache.hadoop.http.lib.StaticUserWebFilter$StaticUserFilter) to context static
2021-01-11 13:39:10,173 [Listener at 0.0.0.0/35411] INFO  http.HttpServer2 (HttpServer2.java:addFilter(1004)) - Added filter static_user_filter (class=org.apache.hadoop.http.lib.StaticUserWebFilter$StaticUserFilter) to context logs
2021-01-11 13:39:10,239 [Listener at 0.0.0.0/35411] INFO  server.StorageContainerManager (StorageContainerManager.java:start(789)) - StorageContainerLocationProtocol RPC server is listening at /0.0.0.0:35411
2021-01-11 13:39:10,303 [Listener at 0.0.0.0/35411] WARN  impl.MetricsConfig (MetricsConfig.java:loadFirst(134)) - Cannot locate configuration: tried hadoop-metrics2-storagecontainermanager.properties,hadoop-metrics2.properties
2021-01-11 13:39:10,317 [Listener at 0.0.0.0/35411] INFO  impl.MetricsSystemImpl (MetricsSystemImpl.java:startTimer(374)) - Scheduled Metric snapshot period at 10 second(s).
2021-01-11 13:39:10,317 [Listener at 0.0.0.0/35411] INFO  impl.MetricsSystemImpl (MetricsSystemImpl.java:start(191)) - StorageContainerManager metrics system started
2021-01-11 13:39:10,551 [Listener at 0.0.0.0/35411] INFO  server.SCMClientProtocolServer (SCMClientProtocolServer.java:start(159)) - RPC server for Client  is listening at /0.0.0.0:35411
2021-01-11 13:39:10,553 [IPC Server Responder] INFO  ipc.Server (Server.java:run(1460)) - IPC Server Responder: starting
2021-01-11 13:39:10,554 [IPC Server listener on 0] INFO  ipc.Server (Server.java:run(1298)) - IPC Server listener on 0: starting
2021-01-11 13:39:10,559 [Listener at 0.0.0.0/35411] INFO  server.StorageContainerManager (StorageContainerManager.java:start(801)) - ScmBlockLocationProtocol RPC server is listening at /0.0.0.0:36569
2021-01-11 13:39:10,560 [Listener at 0.0.0.0/35411] INFO  server.SCMBlockProtocolServer (SCMBlockProtocolServer.java:start(150)) - RPC server for Block Protocol is listening at /0.0.0.0:36569
2021-01-11 13:39:10,560 [IPC Server Responder] INFO  ipc.Server (Server.java:run(1460)) - IPC Server Responder: starting
2021-01-11 13:39:10,561 [IPC Server listener on 0] INFO  ipc.Server (Server.java:run(1298)) - IPC Server listener on 0: starting
2021-01-11 13:39:10,564 [Listener at 0.0.0.0/35411] INFO  server.StorageContainerManager (StorageContainerManager.java:start(807)) - ScmDatanodeProtocl RPC server is listening at /0.0.0.0:44121
2021-01-11 13:39:10,564 [Listener at 0.0.0.0/35411] INFO  server.SCMDatanodeProtocolServer (SCMDatanodeProtocolServer.java:start(174)) - RPC server for DataNodes is listening at /0.0.0.0:44121
2021-01-11 13:39:10,565 [IPC Server Responder] INFO  ipc.Server (Server.java:run(1460)) - IPC Server Responder: starting
2021-01-11 13:39:10,565 [IPC Server listener on 0] INFO  ipc.Server (Server.java:run(1298)) - IPC Server listener on 0: starting
2021-01-11 13:39:10,570 [Listener at 0.0.0.0/35411] INFO  http.HttpServer2 (HttpServer2.java:bindListener(1238)) - Jetty bound to port 38883
2021-01-11 13:39:10,571 [Listener at 0.0.0.0/35411] INFO  server.Server (Server.java:doStart(375)) - jetty-9.4.34.v20201102; built: 2020-11-02T14:15:39.302Z; git: e46af88704a893fc12cb0e3bf46e2c7b48a009e7; jvm 1.8.0_232-b09
2021-01-11 13:39:10,606 [Listener at 0.0.0.0/35411] INFO  server.session (DefaultSessionIdManager.java:doStart(334)) - DefaultSessionIdManager workerName=node0
2021-01-11 13:39:10,611 [Listener at 0.0.0.0/35411] INFO  server.session (DefaultSessionIdManager.java:doStart(339)) - No SessionScavenger set, using defaults
2021-01-11 13:39:10,613 [Listener at 0.0.0.0/35411] INFO  server.session (HouseKeeper.java:startScavenging(132)) - node0 Scavenging every 660000ms
2021-01-11 13:39:10,630 [Listener at 0.0.0.0/35411] INFO  handler.ContextHandler (ContextHandler.java:doStart(916)) - Started o.e.j.s.ServletContextHandler@28279a49{logs,/logs,file:///github/workspace/mnt/ozone/hadoop-ozone/integration-test/target/log,AVAILABLE}
2021-01-11 13:39:10,632 [Listener at 0.0.0.0/35411] INFO  handler.ContextHandler (ContextHandler.java:doStart(916)) - Started o.e.j.s.ServletContextHandler@2da81754{static,/static,file:///github/workspace/mnt/ozone/hadoop-ozone/integration-test/target/test-classes/webapps/static,AVAILABLE}
2021-01-11 13:39:10,691 [Listener at 0.0.0.0/35411] INFO  handler.ContextHandler (ContextHandler.java:doStart(916)) - Started o.e.j.w.WebAppContext@2506b881{scm,/,file:///github/workspace/mnt/ozone/hadoop-ozone/integration-test/target/test-classes/webapps/scm/,AVAILABLE}{file:/github/workspace/mnt/ozone/hadoop-ozone/integration-test/target/test-classes/webapps/scm}
2021-01-11 13:39:10,702 [Listener at 0.0.0.0/35411] INFO  server.AbstractConnector (AbstractConnector.java:doStart(331)) - Started ServerConnector@2c26ba07{HTTP/1.1, (http/1.1)}{0.0.0.0:38883}
2021-01-11 13:39:10,702 [Listener at 0.0.0.0/35411] INFO  server.Server (Server.java:doStart(415)) - Started @3220ms
2021-01-11 13:39:10,704 [Listener at 0.0.0.0/35411] INFO  impl.MetricsSinkAdapter (MetricsSinkAdapter.java:start(204)) - Sink prometheus started
2021-01-11 13:39:10,704 [Listener at 0.0.0.0/35411] INFO  impl.MetricsSystemImpl (MetricsSystemImpl.java:registerSink(301)) - Registered sink prometheus
2021-01-11 13:39:10,719 [Listener at 0.0.0.0/35411] INFO  http.BaseHttpServer (BaseHttpServer.java:updateConnectorAddress(327)) - HTTP server of scm listening at http://0.0.0.0:38883
2021-01-11 13:39:10,731 [Listener at 0.0.0.0/35411] WARN  server.ServerUtils (ServerUtils.java:getDBPath(225)) - ozone.om.db.dirs is not configured. We recommend adding this setting. Falling back to ozone.metadata.dirs instead.
2021-01-11 13:39:10,731 [org.apache.hadoop.util.JvmPauseMonitor$Monitor@6c835217] INFO  util.JvmPauseMonitor (JvmPauseMonitor.java:run(188)) - Starting JVM pause monitor
2021-01-11 13:39:10,835 [Listener at 0.0.0.0/35411] INFO  ha.OMHANodeDetails (OMHANodeDetails.java:loadOMHAConfig(104)) - ozone.om.internal.service.id is not defined, falling back to ozone.om.service.ids to find serviceID for OzoneManager if it is HA enabled cluster
2021-01-11 13:39:10,839 [Listener at 0.0.0.0/35411] INFO  ha.OMHANodeDetails (OMHANodeDetails.java:loadOMHAConfig(210)) - Configuration either no ozone.om.address set. Falling back to the default OM address /127.0.0.1:0
2021-01-11 13:39:10,840 [Listener at 0.0.0.0/35411] INFO  ha.OMHANodeDetails (OMHANodeDetails.java:getOMNodeDetails(238)) - OM Service ID is not set. Setting it to the default ID: omServiceIdDefault
2021-01-11 13:39:10,844 [Listener at 0.0.0.0/35411] WARN  server.ServerUtils (ServerUtils.java:getDBPath(225)) - ozone.om.db.dirs is not configured. We recommend adding this setting. Falling back to ozone.metadata.dirs instead.
2021-01-11 13:39:10,845 [Listener at 0.0.0.0/35411] WARN  server.ServerUtils (ServerUtils.java:getDBPath(225)) - ozone.om.db.dirs is not configured. We recommend adding this setting. Falling back to ozone.metadata.dirs instead.
2021-01-11 13:39:11,590 [Listener at 0.0.0.0/35411] WARN  server.ServerUtils (ServerUtils.java:getDBPath(225)) - ozone.om.db.dirs is not configured. We recommend adding this setting. Falling back to ozone.metadata.dirs instead.
2021-01-11 13:39:11,597 [Listener at 0.0.0.0/35411] INFO  codec.OmKeyInfoCodec (OmKeyInfoCodec.java:<init>(41)) - OmKeyInfoCodec ignorePipeline = true
2021-01-11 13:39:11,598 [Listener at 0.0.0.0/35411] INFO  codec.RepeatedOmKeyInfoCodec (RepeatedOmKeyInfoCodec.java:<init>(40)) - RepeatedOmKeyInfoCodec ignorePipeline = true
2021-01-11 13:39:11,740 [Listener at 0.0.0.0/35411] INFO  om.OzoneManager (OzoneManager.java:addS3GVolumeToDB(3738)) - Created Volume s3v With Owner jenkins1001 required for S3Gateway operations.
2021-01-11 13:39:11,775 [Listener at 0.0.0.0/35411] INFO  ipc.CallQueueManager (CallQueueManager.java:<init>(84)) - Using callQueue: class java.util.concurrent.LinkedBlockingQueue, queueCapacity: 2000, scheduler: class org.apache.hadoop.ipc.DefaultRpcScheduler, ipcBackoff: false.
2021-01-11 13:39:11,777 [Socket Reader #1 for port 0] INFO  ipc.Server (Server.java:run(1219)) - Starting Socket Reader #1 for port 0
2021-01-11 13:39:11,806 [Listener at 127.0.0.1/44133] INFO  impl.MetricsSystemImpl (MetricsSystemImpl.java:init(158)) - OzoneManager metrics system started (again)
2021-01-11 13:39:11,808 [Listener at 127.0.0.1/44133] INFO  om.OzoneManager (OzoneManager.java:start(1160)) - OzoneManager RPC server is listening at localhost/127.0.0.1:44133
2021-01-11 13:39:11,843 [Listener at 127.0.0.1/44133] INFO  http.BaseHttpServer (BaseHttpServer.java:newHttpServer2BuilderForOzone(207)) - Starting Web-server for ozoneManager at: http://0.0.0.0:0
2021-01-11 13:39:11,843 [Listener at 127.0.0.1/44133] INFO  http.BaseHttpServer (BaseHttpServer.java:<init>(106)) - Hadoop Security Enabled: false Ozone Security Enabled: false Ozone HTTP Security Enabled: false 
2021-01-11 13:39:11,845 [Listener at 127.0.0.1/44133] INFO  server.AuthenticationFilter (AuthenticationFilter.java:constructSecretProvider(240)) - Unable to initialize FileSignerSecretProvider, falling back to use random secrets.
2021-01-11 13:39:11,845 [Listener at 127.0.0.1/44133] WARN  http.HttpRequestLog (HttpRequestLog.java:getRequestLog(103)) - Jetty request log can only be enabled using Log4j
2021-01-11 13:39:11,846 [Listener at 127.0.0.1/44133] INFO  http.HttpServer2 (HttpServer2.java:addGlobalFilter(1020)) - Added global filter 'safety' (class=org.apache.hadoop.hdds.server.http.HttpServer2$QuotingInputFilter)
2021-01-11 13:39:11,847 [Listener at 127.0.0.1/44133] INFO  http.HttpServer2 (HttpServer2.java:addFilter(996)) - Added filter static_user_filter (class=org.apache.hadoop.http.lib.StaticUserWebFilter$StaticUserFilter) to context ozoneManager
2021-01-11 13:39:11,848 [Listener at 127.0.0.1/44133] INFO  http.HttpServer2 (HttpServer2.java:addFilter(1004)) - Added filter static_user_filter (class=org.apache.hadoop.http.lib.StaticUserWebFilter$StaticUserFilter) to context logs
2021-01-11 13:39:11,848 [Listener at 127.0.0.1/44133] INFO  http.HttpServer2 (HttpServer2.java:addFilter(1004)) - Added filter static_user_filter (class=org.apache.hadoop.http.lib.StaticUserWebFilter$StaticUserFilter) to context static
2021-01-11 13:39:11,851 [Listener at 127.0.0.1/44133] INFO  http.HttpServer2 (HttpServer2.java:bindListener(1238)) - Jetty bound to port 32921
2021-01-11 13:39:11,852 [Listener at 127.0.0.1/44133] INFO  server.Server (Server.java:doStart(375)) - jetty-9.4.34.v20201102; built: 2020-11-02T14:15:39.302Z; git: e46af88704a893fc12cb0e3bf46e2c7b48a009e7; jvm 1.8.0_232-b09
2021-01-11 13:39:11,853 [Listener at 127.0.0.1/44133] INFO  server.session (DefaultSessionIdManager.java:doStart(334)) - DefaultSessionIdManager workerName=node0
2021-01-11 13:39:11,854 [Listener at 127.0.0.1/44133] INFO  server.session (DefaultSessionIdManager.java:doStart(339)) - No SessionScavenger set, using defaults
2021-01-11 13:39:11,854 [Listener at 127.0.0.1/44133] INFO  server.session (HouseKeeper.java:startScavenging(132)) - node0 Scavenging every 660000ms
2021-01-11 13:39:11,855 [Listener at 127.0.0.1/44133] INFO  handler.ContextHandler (ContextHandler.java:doStart(916)) - Started o.e.j.s.ServletContextHandler@7f57a7a4{logs,/logs,file:///github/workspace/mnt/ozone/hadoop-ozone/integration-test/target/log,AVAILABLE}
2021-01-11 13:39:11,855 [Listener at 127.0.0.1/44133] INFO  handler.ContextHandler (ContextHandler.java:doStart(916)) - Started o.e.j.s.ServletContextHandler@45ac973{static,/static,file:///github/workspace/mnt/ozone/hadoop-ozone/integration-test/target/test-classes/webapps/static,AVAILABLE}
2021-01-11 13:39:11,861 [Listener at 127.0.0.1/44133] INFO  handler.ContextHandler (ContextHandler.java:doStart(916)) - Started o.e.j.w.WebAppContext@642d971f{ozoneManager,/,file:///github/workspace/mnt/ozone/hadoop-ozone/integration-test/target/test-classes/webapps/ozoneManager/,AVAILABLE}{file:/github/workspace/mnt/ozone/hadoop-ozone/integration-test/target/test-classes/webapps/ozoneManager}
2021-01-11 13:39:11,863 [Listener at 127.0.0.1/44133] INFO  server.AbstractConnector (AbstractConnector.java:doStart(331)) - Started ServerConnector@19d0d1ab{HTTP/1.1, (http/1.1)}{0.0.0.0:32921}
2021-01-11 13:39:11,863 [Listener at 127.0.0.1/44133] INFO  server.Server (Server.java:doStart(415)) - Started @4380ms
2021-01-11 13:39:11,863 [Listener at 127.0.0.1/44133] WARN  impl.MetricsSystemImpl (MetricsSystemImpl.java:register(276)) - Sink prometheus already exists!
2021-01-11 13:39:11,869 [Listener at 127.0.0.1/44133] INFO  http.BaseHttpServer (BaseHttpServer.java:updateConnectorAddress(327)) - HTTP server of ozoneManager listening at http://0.0.0.0:32921
2021-01-11 13:39:11,870 [IPC Server Responder] INFO  ipc.Server (Server.java:run(1460)) - IPC Server Responder: starting
2021-01-11 13:39:11,870 [IPC Server listener on 0] INFO  ipc.Server (Server.java:run(1298)) - IPC Server listener on 0: starting
2021-01-11 13:39:11,874 [Listener at 127.0.0.1/44133] INFO  om.OzoneManager (OzoneManager.java:startTrashEmptier(1281)) - Trash Interval set to 0. Files deleted will not move to trash
2021-01-11 13:39:11,883 [org.apache.hadoop.util.JvmPauseMonitor$Monitor@65b1693c] INFO  util.JvmPauseMonitor (JvmPauseMonitor.java:run(188)) - Starting JVM pause monitor
2021-01-11 13:39:12,037 [Listener at 127.0.0.1/44133] INFO  metrics.MetricRegistries (MetricRegistriesLoader.java:load(64)) - Loaded MetricRegistries class org.apache.ratis.metrics.impl.MetricRegistriesImpl
2021-01-11 13:39:12,039 [Listener at 127.0.0.1/44133] INFO  impl.MetricsSystemImpl (MetricsSystemImpl.java:init(158)) - HddsDatanode metrics system started (again)
2021-01-11 13:39:12,043 [Listener at 127.0.0.1/44133] INFO  ozone.HddsDatanodeService (HddsDatanodeService.java:start(215)) - HddsDatanodeService host:baadf3146833 ip:172.17.0.2
2021-01-11 13:39:12,108 [Listener at 127.0.0.1/44133] INFO  volume.HddsVolume (HddsVolume.java:<init>(176)) - Creating Volume: /github/workspace/mnt/ozone/hadoop-ozone/integration-test/target/test-dir/MiniOzoneClusterImpl-264a93b1-c4bd-4819-8d38-c175a3498c4d/datanode-0/data-0/containers/hdds of storage type : DISK and capacity : 9223372036854775807
2021-01-11 13:39:12,111 [Listener at 127.0.0.1/44133] INFO  volume.MutableVolumeSet (MutableVolumeSet.java:initializeVolumeSet(179)) - Added Volume : /github/workspace/mnt/ozone/hadoop-ozone/integration-test/target/test-dir/MiniOzoneClusterImpl-264a93b1-c4bd-4819-8d38-c175a3498c4d/datanode-0/data-0/containers/hdds to VolumeSet
2021-01-11 13:39:12,112 [Listener at 127.0.0.1/44133] INFO  volume.ThrottledAsyncChecker (ThrottledAsyncChecker.java:schedule(141)) - Scheduling a check for /github/workspace/mnt/ozone/hadoop-ozone/integration-test/target/test-dir/MiniOzoneClusterImpl-264a93b1-c4bd-4819-8d38-c175a3498c4d/datanode-0/data-0/containers/hdds
2021-01-11 13:39:12,136 [Listener at 127.0.0.1/44133] INFO  volume.HddsVolumeChecker (HddsVolumeChecker.java:checkAllVolumes(200)) - Scheduled health check for volume /github/workspace/mnt/ozone/hadoop-ozone/integration-test/target/test-dir/MiniOzoneClusterImpl-264a93b1-c4bd-4819-8d38-c175a3498c4d/datanode-0/data-0/containers/hdds
2021-01-11 13:39:12,173 [Thread-128] INFO  ozoneimpl.ContainerReader (ContainerReader.java:readVolume(123)) - Start to verify containers on volume /github/workspace/mnt/ozone/hadoop-ozone/integration-test/target/test-dir/MiniOzoneClusterImpl-264a93b1-c4bd-4819-8d38-c175a3498c4d/datanode-0/data-0/containers/hdds
2021-01-11 13:39:12,174 [Thread-128] INFO  ozoneimpl.ContainerReader (ContainerReader.java:readVolume(148)) - Finish verifying containers on volume /github/workspace/mnt/ozone/hadoop-ozone/integration-test/target/test-dir/MiniOzoneClusterImpl-264a93b1-c4bd-4819-8d38-c175a3498c4d/datanode-0/data-0/containers/hdds
2021-01-11 13:39:12,175 [Listener at 127.0.0.1/44133] INFO  ozoneimpl.OzoneContainer (OzoneContainer.java:buildContainerSet(206)) - Build ContainerSet costs 0s
2021-01-11 13:39:12,339 [Listener at 127.0.0.1/44133] INFO  server.RaftServer (ConfUtils.java:logGet(44)) - raft.rpc.type = GRPC (default)
2021-01-11 13:39:12,394 [Listener at 127.0.0.1/44133] INFO  grpc.GrpcFactory (GrpcFactory.java:checkPooledByteBufAllocatorUseCacheForAllThreads(48)) - PERFORMANCE WARNING: useCacheForAllThreads is true that may cause Netty to create a lot garbage objects and, as a result, trigger GC.
	It is recommended to disable useCacheForAllThreads by setting -Dorg.apache.ratis.thirdparty.io.netty.allocator.useCacheForAllThreads=false in command line.
2021-01-11 13:39:12,399 [Listener at 127.0.0.1/44133] INFO  grpc.GrpcConfigKeys (ConfUtils.java:logGet(44)) - raft.grpc.server.port = 0 (default)
2021-01-11 13:39:12,400 [Listener at 127.0.0.1/44133] INFO  server.GrpcService (ConfUtils.java:logGet(44)) - raft.grpc.message.size.max = 32MB (=33554432) (custom)
2021-01-11 13:39:12,401 [Listener at 127.0.0.1/44133] INFO  server.RaftServerConfigKeys (ConfUtils.java:logGet(44)) - raft.server.log.appender.buffer.byte-limit = 33554432 (custom)
2021-01-11 13:39:12,401 [Listener at 127.0.0.1/44133] INFO  server.GrpcService (ConfUtils.java:logGet(44)) - raft.grpc.flow.control.window = 5MB (=5242880) (custom)
2021-01-11 13:39:12,402 [Listener at 127.0.0.1/44133] INFO  server.RaftServerConfigKeys (ConfUtils.java:logGet(44)) - raft.server.rpc.request.timeout = 60s (custom)
2021-01-11 13:39:12,566 [Listener at 127.0.0.1/44133] INFO  impl.DataStreamServerImpl (ConfUtils.java:logGet(44)) - raft.datastream.type = DISABLED (default)
2021-01-11 13:39:12,569 [Listener at 127.0.0.1/44133] INFO  server.RaftServerConfigKeys (ConfUtils.java:logGet(44)) - raft.server.rpc.slowness.timeout = 300s (custom)
2021-01-11 13:39:12,570 [Listener at 127.0.0.1/44133] INFO  server.RaftServerConfigKeys (ConfUtils.java:logGet(44)) - raft.server.leaderelection.leader.step-down.wait-time = 10s (default)
2021-01-11 13:39:12,582 [Listener at 127.0.0.1/44133] INFO  server.RaftServerConfigKeys (ConfUtils.java:logGet(44)) - raft.server.storage.dir = [/github/workspace/mnt/ozone/hadoop-ozone/integration-test/target/test-dir/MiniOzoneClusterImpl-264a93b1-c4bd-4819-8d38-c175a3498c4d/datanode-0/data/ratis] (custom)
2021-01-11 13:39:12,650 [Listener at 127.0.0.1/44133] INFO  http.BaseHttpServer (BaseHttpServer.java:newHttpServer2BuilderForOzone(207)) - Starting Web-server for hddsDatanode at: http://0.0.0.0:0
2021-01-11 13:39:12,650 [Listener at 127.0.0.1/44133] INFO  http.BaseHttpServer (BaseHttpServer.java:<init>(106)) - Hadoop Security Enabled: false Ozone Security Enabled: false Ozone HTTP Security Enabled: false 
2021-01-11 13:39:12,651 [Listener at 127.0.0.1/44133] INFO  server.AuthenticationFilter (AuthenticationFilter.java:constructSecretProvider(240)) - Unable to initialize FileSignerSecretProvider, falling back to use random secrets.
2021-01-11 13:39:12,652 [Listener at 127.0.0.1/44133] WARN  http.HttpRequestLog (HttpRequestLog.java:getRequestLog(103)) - Jetty request log can only be enabled using Log4j
2021-01-11 13:39:12,653 [Listener at 127.0.0.1/44133] INFO  http.HttpServer2 (HttpServer2.java:addGlobalFilter(1020)) - Added global filter 'safety' (class=org.apache.hadoop.hdds.server.http.HttpServer2$QuotingInputFilter)
2021-01-11 13:39:12,654 [Listener at 127.0.0.1/44133] INFO  http.HttpServer2 (HttpServer2.java:addFilter(996)) - Added filter static_user_filter (class=org.apache.hadoop.http.lib.StaticUserWebFilter$StaticUserFilter) to context hddsDatanode
2021-01-11 13:39:12,654 [Listener at 127.0.0.1/44133] INFO  http.HttpServer2 (HttpServer2.java:addFilter(1004)) - Added filter static_user_filter (class=org.apache.hadoop.http.lib.StaticUserWebFilter$StaticUserFilter) to context logs
2021-01-11 13:39:12,654 [Listener at 127.0.0.1/44133] INFO  http.HttpServer2 (HttpServer2.java:addFilter(1004)) - Added filter static_user_filter (class=org.apache.hadoop.http.lib.StaticUserWebFilter$StaticUserFilter) to context static
2021-01-11 13:39:12,655 [Listener at 127.0.0.1/44133] INFO  http.HttpServer2 (HttpServer2.java:bindListener(1238)) - Jetty bound to port 34509
2021-01-11 13:39:12,655 [Listener at 127.0.0.1/44133] INFO  server.Server (Server.java:doStart(375)) - jetty-9.4.34.v20201102; built: 2020-11-02T14:15:39.302Z; git: e46af88704a893fc12cb0e3bf46e2c7b48a009e7; jvm 1.8.0_232-b09
2021-01-11 13:39:12,659 [Listener at 127.0.0.1/44133] INFO  server.session (DefaultSessionIdManager.java:doStart(334)) - DefaultSessionIdManager workerName=node0
2021-01-11 13:39:12,659 [Listener at 127.0.0.1/44133] INFO  server.session (DefaultSessionIdManager.java:doStart(339)) - No SessionScavenger set, using defaults
2021-01-11 13:39:12,659 [Listener at 127.0.0.1/44133] INFO  server.session (HouseKeeper.java:startScavenging(132)) - node0 Scavenging every 600000ms
2021-01-11 13:39:12,661 [Listener at 127.0.0.1/44133] INFO  handler.ContextHandler (ContextHandler.java:doStart(916)) - Started o.e.j.s.ServletContextHandler@75af5f2a{logs,/logs,file:///github/workspace/mnt/ozone/hadoop-ozone/integration-test/target/log,AVAILABLE}
2021-01-11 13:39:12,661 [Listener at 127.0.0.1/44133] INFO  handler.ContextHandler (ContextHandler.java:doStart(916)) - Started o.e.j.s.ServletContextHandler@728cf276{static,/static,jar:file:/home/user/.m2/repository/org/apache/hadoop/hadoop-hdds-container-service/1.1.0-SNAPSHOT/hadoop-hdds-container-service-1.1.0-SNAPSHOT.jar!/webapps/static,AVAILABLE}
2021-01-11 13:39:12,844 [Listener at 127.0.0.1/44133] INFO  handler.ContextHandler (ContextHandler.java:doStart(916)) - Started o.e.j.w.WebAppContext@29244152{hddsDatanode,/,file:///tmp/jetty-0_0_0_0-34509-hadoop-hdds-container-service-1_1_0-SNAPSHOT_jar-_-any-7436783253839716274/webapp/,AVAILABLE}{jar:file:/home/user/.m2/repository/org/apache/hadoop/hadoop-hdds-container-service/1.1.0-SNAPSHOT/hadoop-hdds-container-service-1.1.0-SNAPSHOT.jar!/webapps/hddsDatanode}
2021-01-11 13:39:12,846 [Listener at 127.0.0.1/44133] INFO  server.AbstractConnector (AbstractConnector.java:doStart(331)) - Started ServerConnector@5392c0a7{HTTP/1.1, (http/1.1)}{0.0.0.0:34509}
2021-01-11 13:39:12,846 [Listener at 127.0.0.1/44133] INFO  server.Server (Server.java:doStart(415)) - Started @5363ms
2021-01-11 13:39:12,846 [Listener at 127.0.0.1/44133] WARN  impl.MetricsSystemImpl (MetricsSystemImpl.java:register(276)) - Sink prometheus already exists!
2021-01-11 13:39:12,852 [Listener at 127.0.0.1/44133] INFO  http.BaseHttpServer (BaseHttpServer.java:updateConnectorAddress(327)) - HTTP server of hddsDatanode listening at http://0.0.0.0:34509
2021-01-11 13:39:12,854 [Listener at 127.0.0.1/44133] INFO  impl.MetricsSystemImpl (MetricsSystemImpl.java:init(158)) - HddsDatanode metrics system started (again)
2021-01-11 13:39:12,856 [Listener at 127.0.0.1/44133] INFO  ozone.HddsDatanodeService (HddsDatanodeService.java:start(215)) - HddsDatanodeService host:baadf3146833 ip:172.17.0.2
2021-01-11 13:39:12,858 [Listener at 127.0.0.1/44133] INFO  volume.HddsVolume (HddsVolume.java:<init>(176)) - Creating Volume: /github/workspace/mnt/ozone/hadoop-ozone/integration-test/target/test-dir/MiniOzoneClusterImpl-264a93b1-c4bd-4819-8d38-c175a3498c4d/datanode-1/data-0/containers/hdds of storage type : DISK and capacity : 9223372036854775807
2021-01-11 13:39:12,858 [Listener at 127.0.0.1/44133] INFO  volume.MutableVolumeSet (MutableVolumeSet.java:initializeVolumeSet(179)) - Added Volume : /github/workspace/mnt/ozone/hadoop-ozone/integration-test/target/test-dir/MiniOzoneClusterImpl-264a93b1-c4bd-4819-8d38-c175a3498c4d/datanode-1/data-0/containers/hdds to VolumeSet
2021-01-11 13:39:12,858 [Listener at 127.0.0.1/44133] INFO  volume.ThrottledAsyncChecker (ThrottledAsyncChecker.java:schedule(141)) - Scheduling a check for /github/workspace/mnt/ozone/hadoop-ozone/integration-test/target/test-dir/MiniOzoneClusterImpl-264a93b1-c4bd-4819-8d38-c175a3498c4d/datanode-1/data-0/containers/hdds
2021-01-11 13:39:12,860 [Listener at 127.0.0.1/44133] INFO  volume.HddsVolumeChecker (HddsVolumeChecker.java:checkAllVolumes(200)) - Scheduled health check for volume /github/workspace/mnt/ozone/hadoop-ozone/integration-test/target/test-dir/MiniOzoneClusterImpl-264a93b1-c4bd-4819-8d38-c175a3498c4d/datanode-1/data-0/containers/hdds
2021-01-11 13:39:12,884 [org.apache.hadoop.util.JvmPauseMonitor$Monitor@3181c557] INFO  util.JvmPauseMonitor (JvmPauseMonitor.java:run(188)) - Starting JVM pause monitor
2021-01-11 13:39:12,892 [Thread-139] INFO  ozoneimpl.ContainerReader (ContainerReader.java:readVolume(123)) - Start to verify containers on volume /github/workspace/mnt/ozone/hadoop-ozone/integration-test/target/test-dir/MiniOzoneClusterImpl-264a93b1-c4bd-4819-8d38-c175a3498c4d/datanode-1/data-0/containers/hdds
2021-01-11 13:39:12,894 [Thread-139] INFO  ozoneimpl.ContainerReader (ContainerReader.java:readVolume(148)) - Finish verifying containers on volume /github/workspace/mnt/ozone/hadoop-ozone/integration-test/target/test-dir/MiniOzoneClusterImpl-264a93b1-c4bd-4819-8d38-c175a3498c4d/datanode-1/data-0/containers/hdds
2021-01-11 13:39:12,894 [Listener at 127.0.0.1/44133] INFO  ozoneimpl.OzoneContainer (OzoneContainer.java:buildContainerSet(206)) - Build ContainerSet costs 0s
2021-01-11 13:39:12,897 [Listener at 127.0.0.1/44133] INFO  server.RaftServer (ConfUtils.java:logGet(44)) - raft.rpc.type = GRPC (default)
2021-01-11 13:39:12,897 [Listener at 127.0.0.1/44133] INFO  grpc.GrpcFactory (GrpcFactory.java:checkPooledByteBufAllocatorUseCacheForAllThreads(48)) - PERFORMANCE WARNING: useCacheForAllThreads is true that may cause Netty to create a lot garbage objects and, as a result, trigger GC.
	It is recommended to disable useCacheForAllThreads by setting -Dorg.apache.ratis.thirdparty.io.netty.allocator.useCacheForAllThreads=false in command line.
2021-01-11 13:39:12,897 [Listener at 127.0.0.1/44133] INFO  grpc.GrpcConfigKeys (ConfUtils.java:logGet(44)) - raft.grpc.server.port = 0 (default)
2021-01-11 13:39:12,898 [Listener at 127.0.0.1/44133] INFO  server.GrpcService (ConfUtils.java:logGet(44)) - raft.grpc.message.size.max = 32MB (=33554432) (custom)
2021-01-11 13:39:12,898 [Listener at 127.0.0.1/44133] INFO  server.RaftServerConfigKeys (ConfUtils.java:logGet(44)) - raft.server.log.appender.buffer.byte-limit = 33554432 (custom)
2021-01-11 13:39:12,898 [Listener at 127.0.0.1/44133] INFO  server.GrpcService (ConfUtils.java:logGet(44)) - raft.grpc.flow.control.window = 5MB (=5242880) (custom)
2021-01-11 13:39:12,898 [Listener at 127.0.0.1/44133] INFO  server.RaftServerConfigKeys (ConfUtils.java:logGet(44)) - raft.server.rpc.request.timeout = 60s (custom)
2021-01-11 13:39:12,899 [Listener at 127.0.0.1/44133] INFO  impl.DataStreamServerImpl (ConfUtils.java:logGet(44)) - raft.datastream.type = DISABLED (default)
2021-01-11 13:39:12,900 [Listener at 127.0.0.1/44133] INFO  server.RaftServerConfigKeys (ConfUtils.java:logGet(44)) - raft.server.rpc.slowness.timeout = 300s (custom)
2021-01-11 13:39:12,900 [Listener at 127.0.0.1/44133] INFO  server.RaftServerConfigKeys (ConfUtils.java:logGet(44)) - raft.server.leaderelection.leader.step-down.wait-time = 10s (default)
2021-01-11 13:39:12,900 [Listener at 127.0.0.1/44133] INFO  server.RaftServerConfigKeys (ConfUtils.java:logGet(44)) - raft.server.storage.dir = [/github/workspace/mnt/ozone/hadoop-ozone/integration-test/target/test-dir/MiniOzoneClusterImpl-264a93b1-c4bd-4819-8d38-c175a3498c4d/datanode-1/data/ratis] (custom)
2021-01-11 13:39:12,917 [Listener at 127.0.0.1/44133] INFO  http.BaseHttpServer (BaseHttpServer.java:newHttpServer2BuilderForOzone(207)) - Starting Web-server for hddsDatanode at: http://0.0.0.0:0
2021-01-11 13:39:12,917 [Listener at 127.0.0.1/44133] INFO  http.BaseHttpServer (BaseHttpServer.java:<init>(106)) - Hadoop Security Enabled: false Ozone Security Enabled: false Ozone HTTP Security Enabled: false 
2021-01-11 13:39:12,919 [Listener at 127.0.0.1/44133] INFO  server.AuthenticationFilter (AuthenticationFilter.java:constructSecretProvider(240)) - Unable to initialize FileSignerSecretProvider, falling back to use random secrets.
2021-01-11 13:39:12,926 [Listener at 127.0.0.1/44133] WARN  http.HttpRequestLog (HttpRequestLog.java:getRequestLog(103)) - Jetty request log can only be enabled using Log4j
2021-01-11 13:39:12,927 [Listener at 127.0.0.1/44133] INFO  http.HttpServer2 (HttpServer2.java:addGlobalFilter(1020)) - Added global filter 'safety' (class=org.apache.hadoop.hdds.server.http.HttpServer2$QuotingInputFilter)
2021-01-11 13:39:12,928 [Listener at 127.0.0.1/44133] INFO  http.HttpServer2 (HttpServer2.java:addFilter(996)) - Added filter static_user_filter (class=org.apache.hadoop.http.lib.StaticUserWebFilter$StaticUserFilter) to context hddsDatanode
2021-01-11 13:39:12,928 [Listener at 127.0.0.1/44133] INFO  http.HttpServer2 (HttpServer2.java:addFilter(1004)) - Added filter static_user_filter (class=org.apache.hadoop.http.lib.StaticUserWebFilter$StaticUserFilter) to context static
2021-01-11 13:39:12,928 [Listener at 127.0.0.1/44133] INFO  http.HttpServer2 (HttpServer2.java:addFilter(1004)) - Added filter static_user_filter (class=org.apache.hadoop.http.lib.StaticUserWebFilter$StaticUserFilter) to context logs
2021-01-11 13:39:12,929 [Listener at 127.0.0.1/44133] INFO  http.HttpServer2 (HttpServer2.java:bindListener(1238)) - Jetty bound to port 37057
2021-01-11 13:39:12,929 [Listener at 127.0.0.1/44133] INFO  server.Server (Server.java:doStart(375)) - jetty-9.4.34.v20201102; built: 2020-11-02T14:15:39.302Z; git: e46af88704a893fc12cb0e3bf46e2c7b48a009e7; jvm 1.8.0_232-b09
2021-01-11 13:39:12,946 [Listener at 127.0.0.1/44133] INFO  server.session (DefaultSessionIdManager.java:doStart(334)) - DefaultSessionIdManager workerName=node0
2021-01-11 13:39:12,946 [Listener at 127.0.0.1/44133] INFO  server.session (DefaultSessionIdManager.java:doStart(339)) - No SessionScavenger set, using defaults
2021-01-11 13:39:12,946 [Listener at 127.0.0.1/44133] INFO  server.session (HouseKeeper.java:startScavenging(132)) - node0 Scavenging every 660000ms
2021-01-11 13:39:12,950 [Listener at 127.0.0.1/44133] INFO  handler.ContextHandler (ContextHandler.java:doStart(916)) - Started o.e.j.s.ServletContextHandler@15c0a8ad{logs,/logs,file:///github/workspace/mnt/ozone/hadoop-ozone/integration-test/target/log,AVAILABLE}
2021-01-11 13:39:12,951 [Listener at 127.0.0.1/44133] INFO  handler.ContextHandler (ContextHandler.java:doStart(916)) - Started o.e.j.s.ServletContextHandler@14c06f50{static,/static,jar:file:/home/user/.m2/repository/org/apache/hadoop/hadoop-hdds-container-service/1.1.0-SNAPSHOT/hadoop-hdds-container-service-1.1.0-SNAPSHOT.jar!/webapps/static,AVAILABLE}
2021-01-11 13:39:13,035 [Datanode State Machine Task Thread - 0] INFO  datanode.InitDatanodeState (InitDatanodeState.java:persistContainerDatanodeDetails(145)) - DatanodeDetails is persisted to /github/workspace/mnt/ozone/hadoop-ozone/integration-test/target/test-dir/MiniOzoneClusterImpl-264a93b1-c4bd-4819-8d38-c175a3498c4d/datanode-0/meta/datanode.id
2021-01-11 13:39:13,158 [Listener at 127.0.0.1/44133] INFO  handler.ContextHandler (ContextHandler.java:doStart(916)) - Started o.e.j.w.WebAppContext@37b04a2a{hddsDatanode,/,file:///tmp/jetty-0_0_0_0-37057-hadoop-hdds-container-service-1_1_0-SNAPSHOT_jar-_-any-1804233208889808293/webapp/,AVAILABLE}{jar:file:/home/user/.m2/repository/org/apache/hadoop/hadoop-hdds-container-service/1.1.0-SNAPSHOT/hadoop-hdds-container-service-1.1.0-SNAPSHOT.jar!/webapps/hddsDatanode}
2021-01-11 13:39:13,161 [Listener at 127.0.0.1/44133] INFO  server.AbstractConnector (AbstractConnector.java:doStart(331)) - Started ServerConnector@36b4cbb8{HTTP/1.1, (http/1.1)}{0.0.0.0:37057}
2021-01-11 13:39:13,162 [Listener at 127.0.0.1/44133] INFO  server.Server (Server.java:doStart(415)) - Started @5679ms
2021-01-11 13:39:13,162 [Listener at 127.0.0.1/44133] WARN  impl.MetricsSystemImpl (MetricsSystemImpl.java:register(276)) - Sink prometheus already exists!
2021-01-11 13:39:13,168 [Listener at 127.0.0.1/44133] INFO  http.BaseHttpServer (BaseHttpServer.java:updateConnectorAddress(327)) - HTTP server of hddsDatanode listening at http://0.0.0.0:37057
2021-01-11 13:39:13,168 [Listener at 127.0.0.1/44133] INFO  impl.MetricsSystemImpl (MetricsSystemImpl.java:init(158)) - HddsDatanode metrics system started (again)
2021-01-11 13:39:13,170 [Listener at 127.0.0.1/44133] INFO  ozone.HddsDatanodeService (HddsDatanodeService.java:start(215)) - HddsDatanodeService host:baadf3146833 ip:172.17.0.2
2021-01-11 13:39:13,172 [Listener at 127.0.0.1/44133] INFO  volume.HddsVolume (HddsVolume.java:<init>(176)) - Creating Volume: /github/workspace/mnt/ozone/hadoop-ozone/integration-test/target/test-dir/MiniOzoneClusterImpl-264a93b1-c4bd-4819-8d38-c175a3498c4d/datanode-2/data-0/containers/hdds of storage type : DISK and capacity : 9223372036854775807
2021-01-11 13:39:13,172 [Listener at 127.0.0.1/44133] INFO  volume.MutableVolumeSet (MutableVolumeSet.java:initializeVolumeSet(179)) - Added Volume : /github/workspace/mnt/ozone/hadoop-ozone/integration-test/target/test-dir/MiniOzoneClusterImpl-264a93b1-c4bd-4819-8d38-c175a3498c4d/datanode-2/data-0/containers/hdds to VolumeSet
2021-01-11 13:39:13,172 [Listener at 127.0.0.1/44133] INFO  volume.ThrottledAsyncChecker (ThrottledAsyncChecker.java:schedule(141)) - Scheduling a check for /github/workspace/mnt/ozone/hadoop-ozone/integration-test/target/test-dir/MiniOzoneClusterImpl-264a93b1-c4bd-4819-8d38-c175a3498c4d/datanode-2/data-0/containers/hdds
2021-01-11 13:39:13,173 [Listener at 127.0.0.1/44133] INFO  volume.HddsVolumeChecker (HddsVolumeChecker.java:checkAllVolumes(200)) - Scheduled health check for volume /github/workspace/mnt/ozone/hadoop-ozone/integration-test/target/test-dir/MiniOzoneClusterImpl-264a93b1-c4bd-4819-8d38-c175a3498c4d/datanode-2/data-0/containers/hdds
2021-01-11 13:39:13,190 [org.apache.hadoop.util.JvmPauseMonitor$Monitor@56ef9618] INFO  util.JvmPauseMonitor (JvmPauseMonitor.java:run(188)) - Starting JVM pause monitor
2021-01-11 13:39:13,214 [Datanode State Machine Task Thread - 0] INFO  datanode.InitDatanodeState (InitDatanodeState.java:persistContainerDatanodeDetails(145)) - DatanodeDetails is persisted to /github/workspace/mnt/ozone/hadoop-ozone/integration-test/target/test-dir/MiniOzoneClusterImpl-264a93b1-c4bd-4819-8d38-c175a3498c4d/datanode-1/meta/datanode.id
2021-01-11 13:39:13,215 [Thread-150] INFO  ozoneimpl.ContainerReader (ContainerReader.java:readVolume(123)) - Start to verify containers on volume /github/workspace/mnt/ozone/hadoop-ozone/integration-test/target/test-dir/MiniOzoneClusterImpl-264a93b1-c4bd-4819-8d38-c175a3498c4d/datanode-2/data-0/containers/hdds
2021-01-11 13:39:13,215 [Thread-150] INFO  ozoneimpl.ContainerReader (ContainerReader.java:readVolume(148)) - Finish verifying containers on volume /github/workspace/mnt/ozone/hadoop-ozone/integration-test/target/test-dir/MiniOzoneClusterImpl-264a93b1-c4bd-4819-8d38-c175a3498c4d/datanode-2/data-0/containers/hdds
2021-01-11 13:39:13,220 [Listener at 127.0.0.1/44133] INFO  ozoneimpl.OzoneContainer (OzoneContainer.java:buildContainerSet(206)) - Build ContainerSet costs 0s
2021-01-11 13:39:13,224 [Listener at 127.0.0.1/44133] INFO  server.RaftServer (ConfUtils.java:logGet(44)) - raft.rpc.type = GRPC (default)
2021-01-11 13:39:13,224 [Listener at 127.0.0.1/44133] INFO  grpc.GrpcFactory (GrpcFactory.java:checkPooledByteBufAllocatorUseCacheForAllThreads(48)) - PERFORMANCE WARNING: useCacheForAllThreads is true that may cause Netty to create a lot garbage objects and, as a result, trigger GC.
	It is recommended to disable useCacheForAllThreads by setting -Dorg.apache.ratis.thirdparty.io.netty.allocator.useCacheForAllThreads=false in command line.
2021-01-11 13:39:13,224 [Listener at 127.0.0.1/44133] INFO  grpc.GrpcConfigKeys (ConfUtils.java:logGet(44)) - raft.grpc.server.port = 0 (default)
2021-01-11 13:39:13,225 [Listener at 127.0.0.1/44133] INFO  server.GrpcService (ConfUtils.java:logGet(44)) - raft.grpc.message.size.max = 32MB (=33554432) (custom)
2021-01-11 13:39:13,225 [Listener at 127.0.0.1/44133] INFO  server.RaftServerConfigKeys (ConfUtils.java:logGet(44)) - raft.server.log.appender.buffer.byte-limit = 33554432 (custom)
2021-01-11 13:39:13,225 [Listener at 127.0.0.1/44133] INFO  server.GrpcService (ConfUtils.java:logGet(44)) - raft.grpc.flow.control.window = 5MB (=5242880) (custom)
2021-01-11 13:39:13,225 [Listener at 127.0.0.1/44133] INFO  server.RaftServerConfigKeys (ConfUtils.java:logGet(44)) - raft.server.rpc.request.timeout = 60s (custom)
2021-01-11 13:39:13,228 [Listener at 127.0.0.1/44133] INFO  impl.DataStreamServerImpl (ConfUtils.java:logGet(44)) - raft.datastream.type = DISABLED (default)
2021-01-11 13:39:13,229 [Listener at 127.0.0.1/44133] INFO  server.RaftServerConfigKeys (ConfUtils.java:logGet(44)) - raft.server.rpc.slowness.timeout = 300s (custom)
2021-01-11 13:39:13,229 [Listener at 127.0.0.1/44133] INFO  server.RaftServerConfigKeys (ConfUtils.java:logGet(44)) - raft.server.leaderelection.leader.step-down.wait-time = 10s (default)
2021-01-11 13:39:13,229 [Listener at 127.0.0.1/44133] INFO  server.RaftServerConfigKeys (ConfUtils.java:logGet(44)) - raft.server.storage.dir = [/github/workspace/mnt/ozone/hadoop-ozone/integration-test/target/test-dir/MiniOzoneClusterImpl-264a93b1-c4bd-4819-8d38-c175a3498c4d/datanode-2/data/ratis] (custom)
2021-01-11 13:39:13,237 [Listener at 127.0.0.1/44133] INFO  http.BaseHttpServer (BaseHttpServer.java:newHttpServer2BuilderForOzone(207)) - Starting Web-server for hddsDatanode at: http://0.0.0.0:0
2021-01-11 13:39:13,237 [Listener at 127.0.0.1/44133] INFO  http.BaseHttpServer (BaseHttpServer.java:<init>(106)) - Hadoop Security Enabled: false Ozone Security Enabled: false Ozone HTTP Security Enabled: false 
2021-01-11 13:39:13,239 [Listener at 127.0.0.1/44133] INFO  server.AuthenticationFilter (AuthenticationFilter.java:constructSecretProvider(240)) - Unable to initialize FileSignerSecretProvider, falling back to use random secrets.
2021-01-11 13:39:13,240 [Listener at 127.0.0.1/44133] WARN  http.HttpRequestLog (HttpRequestLog.java:getRequestLog(103)) - Jetty request log can only be enabled using Log4j
2021-01-11 13:39:13,241 [Listener at 127.0.0.1/44133] INFO  http.HttpServer2 (HttpServer2.java:addGlobalFilter(1020)) - Added global filter 'safety' (class=org.apache.hadoop.hdds.server.http.HttpServer2$QuotingInputFilter)
2021-01-11 13:39:13,242 [Listener at 127.0.0.1/44133] INFO  http.HttpServer2 (HttpServer2.java:addFilter(996)) - Added filter static_user_filter (class=org.apache.hadoop.http.lib.StaticUserWebFilter$StaticUserFilter) to context hddsDatanode
2021-01-11 13:39:13,242 [Listener at 127.0.0.1/44133] INFO  http.HttpServer2 (HttpServer2.java:addFilter(1004)) - Added filter static_user_filter (class=org.apache.hadoop.http.lib.StaticUserWebFilter$StaticUserFilter) to context logs
2021-01-11 13:39:13,242 [Listener at 127.0.0.1/44133] INFO  http.HttpServer2 (HttpServer2.java:addFilter(1004)) - Added filter static_user_filter (class=org.apache.hadoop.http.lib.StaticUserWebFilter$StaticUserFilter) to context static
2021-01-11 13:39:13,243 [Listener at 127.0.0.1/44133] INFO  http.HttpServer2 (HttpServer2.java:bindListener(1238)) - Jetty bound to port 43009
2021-01-11 13:39:13,243 [Listener at 127.0.0.1/44133] INFO  server.Server (Server.java:doStart(375)) - jetty-9.4.34.v20201102; built: 2020-11-02T14:15:39.302Z; git: e46af88704a893fc12cb0e3bf46e2c7b48a009e7; jvm 1.8.0_232-b09
2021-01-11 13:39:13,244 [Listener at 127.0.0.1/44133] INFO  server.session (DefaultSessionIdManager.java:doStart(334)) - DefaultSessionIdManager workerName=node0
2021-01-11 13:39:13,245 [Listener at 127.0.0.1/44133] INFO  server.session (DefaultSessionIdManager.java:doStart(339)) - No SessionScavenger set, using defaults
2021-01-11 13:39:13,245 [Listener at 127.0.0.1/44133] INFO  server.session (HouseKeeper.java:startScavenging(132)) - node0 Scavenging every 600000ms
2021-01-11 13:39:13,246 [Listener at 127.0.0.1/44133] INFO  handler.ContextHandler (ContextHandler.java:doStart(916)) - Started o.e.j.s.ServletContextHandler@d436e51{logs,/logs,file:///github/workspace/mnt/ozone/hadoop-ozone/integration-test/target/log,AVAILABLE}
2021-01-11 13:39:13,247 [Listener at 127.0.0.1/44133] INFO  handler.ContextHandler (ContextHandler.java:doStart(916)) - Started o.e.j.s.ServletContextHandler@466a5b80{static,/static,jar:file:/home/user/.m2/repository/org/apache/hadoop/hadoop-hdds-container-service/1.1.0-SNAPSHOT/hadoop-hdds-container-service-1.1.0-SNAPSHOT.jar!/webapps/static,AVAILABLE}
2021-01-11 13:39:13,402 [Listener at 127.0.0.1/44133] INFO  handler.ContextHandler (ContextHandler.java:doStart(916)) - Started o.e.j.w.WebAppContext@1c5c0d2a{hddsDatanode,/,file:///tmp/jetty-0_0_0_0-43009-hadoop-hdds-container-service-1_1_0-SNAPSHOT_jar-_-any-3875887038163811848/webapp/,AVAILABLE}{jar:file:/home/user/.m2/repository/org/apache/hadoop/hadoop-hdds-container-service/1.1.0-SNAPSHOT/hadoop-hdds-container-service-1.1.0-SNAPSHOT.jar!/webapps/hddsDatanode}
2021-01-11 13:39:13,404 [Listener at 127.0.0.1/44133] INFO  server.AbstractConnector (AbstractConnector.java:doStart(331)) - Started ServerConnector@72117fc0{HTTP/1.1, (http/1.1)}{0.0.0.0:43009}
2021-01-11 13:39:13,405 [Listener at 127.0.0.1/44133] INFO  server.Server (Server.java:doStart(415)) - Started @5922ms
2021-01-11 13:39:13,405 [Listener at 127.0.0.1/44133] WARN  impl.MetricsSystemImpl (MetricsSystemImpl.java:register(276)) - Sink prometheus already exists!
2021-01-11 13:39:13,546 [Listener at 127.0.0.1/44133] INFO  http.BaseHttpServer (BaseHttpServer.java:updateConnectorAddress(327)) - HTTP server of hddsDatanode listening at http://0.0.0.0:43009
2021-01-11 13:39:13,548 [Listener at 127.0.0.1/44133] INFO  impl.MetricsSystemImpl (MetricsSystemImpl.java:init(158)) - HddsDatanode metrics system started (again)
2021-01-11 13:39:13,551 [org.apache.hadoop.util.JvmPauseMonitor$Monitor@6e639bbb] INFO  util.JvmPauseMonitor (JvmPauseMonitor.java:run(188)) - Starting JVM pause monitor
2021-01-11 13:39:13,551 [Listener at 127.0.0.1/44133] INFO  ozone.HddsDatanodeService (HddsDatanodeService.java:start(215)) - HddsDatanodeService host:baadf3146833 ip:172.17.0.2
2021-01-11 13:39:13,554 [Datanode State Machine Task Thread - 0] INFO  datanode.InitDatanodeState (InitDatanodeState.java:persistContainerDatanodeDetails(145)) - DatanodeDetails is persisted to /github/workspace/mnt/ozone/hadoop-ozone/integration-test/target/test-dir/MiniOzoneClusterImpl-264a93b1-c4bd-4819-8d38-c175a3498c4d/datanode-2/meta/datanode.id
2021-01-11 13:39:13,556 [Listener at 127.0.0.1/44133] INFO  volume.HddsVolume (HddsVolume.java:<init>(176)) - Creating Volume: /github/workspace/mnt/ozone/hadoop-ozone/integration-test/target/test-dir/MiniOzoneClusterImpl-264a93b1-c4bd-4819-8d38-c175a3498c4d/datanode-3/data-0/containers/hdds of storage type : DISK and capacity : 9223372036854775807
2021-01-11 13:39:13,556 [Listener at 127.0.0.1/44133] INFO  volume.MutableVolumeSet (MutableVolumeSet.java:initializeVolumeSet(179)) - Added Volume : /github/workspace/mnt/ozone/hadoop-ozone/integration-test/target/test-dir/MiniOzoneClusterImpl-264a93b1-c4bd-4819-8d38-c175a3498c4d/datanode-3/data-0/containers/hdds to VolumeSet
2021-01-11 13:39:13,556 [Listener at 127.0.0.1/44133] INFO  volume.ThrottledAsyncChecker (ThrottledAsyncChecker.java:schedule(141)) - Scheduling a check for /github/workspace/mnt/ozone/hadoop-ozone/integration-test/target/test-dir/MiniOzoneClusterImpl-264a93b1-c4bd-4819-8d38-c175a3498c4d/datanode-3/data-0/containers/hdds
2021-01-11 13:39:13,563 [Listener at 127.0.0.1/44133] INFO  volume.HddsVolumeChecker (HddsVolumeChecker.java:checkAllVolumes(200)) - Scheduled health check for volume /github/workspace/mnt/ozone/hadoop-ozone/integration-test/target/test-dir/MiniOzoneClusterImpl-264a93b1-c4bd-4819-8d38-c175a3498c4d/datanode-3/data-0/containers/hdds
2021-01-11 13:39:13,586 [Thread-161] INFO  ozoneimpl.ContainerReader (ContainerReader.java:readVolume(123)) - Start to verify containers on volume /github/workspace/mnt/ozone/hadoop-ozone/integration-test/target/test-dir/MiniOzoneClusterImpl-264a93b1-c4bd-4819-8d38-c175a3498c4d/datanode-3/data-0/containers/hdds
2021-01-11 13:39:13,586 [Thread-161] INFO  ozoneimpl.ContainerReader (ContainerReader.java:readVolume(148)) - Finish verifying containers on volume /github/workspace/mnt/ozone/hadoop-ozone/integration-test/target/test-dir/MiniOzoneClusterImpl-264a93b1-c4bd-4819-8d38-c175a3498c4d/datanode-3/data-0/containers/hdds
2021-01-11 13:39:13,586 [Listener at 127.0.0.1/44133] INFO  ozoneimpl.OzoneContainer (OzoneContainer.java:buildContainerSet(206)) - Build ContainerSet costs 0s
2021-01-11 13:39:13,592 [Listener at 127.0.0.1/44133] INFO  server.RaftServer (ConfUtils.java:logGet(44)) - raft.rpc.type = GRPC (default)
2021-01-11 13:39:13,592 [Listener at 127.0.0.1/44133] INFO  grpc.GrpcFactory (GrpcFactory.java:checkPooledByteBufAllocatorUseCacheForAllThreads(48)) - PERFORMANCE WARNING: useCacheForAllThreads is true that may cause Netty to create a lot garbage objects and, as a result, trigger GC.
	It is recommended to disable useCacheForAllThreads by setting -Dorg.apache.ratis.thirdparty.io.netty.allocator.useCacheForAllThreads=false in command line.
2021-01-11 13:39:13,593 [Listener at 127.0.0.1/44133] INFO  grpc.GrpcConfigKeys (ConfUtils.java:logGet(44)) - raft.grpc.server.port = 0 (default)
2021-01-11 13:39:13,593 [Listener at 127.0.0.1/44133] INFO  server.GrpcService (ConfUtils.java:logGet(44)) - raft.grpc.message.size.max = 32MB (=33554432) (custom)
2021-01-11 13:39:13,593 [Listener at 127.0.0.1/44133] INFO  server.RaftServerConfigKeys (ConfUtils.java:logGet(44)) - raft.server.log.appender.buffer.byte-limit = 33554432 (custom)
2021-01-11 13:39:13,593 [Listener at 127.0.0.1/44133] INFO  server.GrpcService (ConfUtils.java:logGet(44)) - raft.grpc.flow.control.window = 5MB (=5242880) (custom)
2021-01-11 13:39:13,593 [Listener at 127.0.0.1/44133] INFO  server.RaftServerConfigKeys (ConfUtils.java:logGet(44)) - raft.server.rpc.request.timeout = 60s (custom)
2021-01-11 13:39:13,595 [Listener at 127.0.0.1/44133] INFO  impl.DataStreamServerImpl (ConfUtils.java:logGet(44)) - raft.datastream.type = DISABLED (default)
2021-01-11 13:39:13,595 [Listener at 127.0.0.1/44133] INFO  server.RaftServerConfigKeys (ConfUtils.java:logGet(44)) - raft.server.rpc.slowness.timeout = 300s (custom)
2021-01-11 13:39:13,595 [Listener at 127.0.0.1/44133] INFO  server.RaftServerConfigKeys (ConfUtils.java:logGet(44)) - raft.server.leaderelection.leader.step-down.wait-time = 10s (default)
2021-01-11 13:39:13,599 [Listener at 127.0.0.1/44133] INFO  server.RaftServerConfigKeys (ConfUtils.java:logGet(44)) - raft.server.storage.dir = [/github/workspace/mnt/ozone/hadoop-ozone/integration-test/target/test-dir/MiniOzoneClusterImpl-264a93b1-c4bd-4819-8d38-c175a3498c4d/datanode-3/data/ratis] (custom)
2021-01-11 13:39:13,608 [Listener at 127.0.0.1/44133] INFO  http.BaseHttpServer (BaseHttpServer.java:newHttpServer2BuilderForOzone(207)) - Starting Web-server for hddsDatanode at: http://0.0.0.0:0
2021-01-11 13:39:13,608 [Listener at 127.0.0.1/44133] INFO  http.BaseHttpServer (BaseHttpServer.java:<init>(106)) - Hadoop Security Enabled: false Ozone Security Enabled: false Ozone HTTP Security Enabled: false 
2021-01-11 13:39:13,609 [Listener at 127.0.0.1/44133] INFO  server.AuthenticationFilter (AuthenticationFilter.java:constructSecretProvider(240)) - Unable to initialize FileSignerSecretProvider, falling back to use random secrets.
2021-01-11 13:39:13,610 [Listener at 127.0.0.1/44133] WARN  http.HttpRequestLog (HttpRequestLog.java:getRequestLog(103)) - Jetty request log can only be enabled using Log4j
2021-01-11 13:39:13,610 [Listener at 127.0.0.1/44133] INFO  http.HttpServer2 (HttpServer2.java:addGlobalFilter(1020)) - Added global filter 'safety' (class=org.apache.hadoop.hdds.server.http.HttpServer2$QuotingInputFilter)
2021-01-11 13:39:13,611 [Listener at 127.0.0.1/44133] INFO  http.HttpServer2 (HttpServer2.java:addFilter(996)) - Added filter static_user_filter (class=org.apache.hadoop.http.lib.StaticUserWebFilter$StaticUserFilter) to context hddsDatanode
2021-01-11 13:39:13,611 [Listener at 127.0.0.1/44133] INFO  http.HttpServer2 (HttpServer2.java:addFilter(1004)) - Added filter static_user_filter (class=org.apache.hadoop.http.lib.StaticUserWebFilter$StaticUserFilter) to context logs
2021-01-11 13:39:13,612 [Listener at 127.0.0.1/44133] INFO  http.HttpServer2 (HttpServer2.java:addFilter(1004)) - Added filter static_user_filter (class=org.apache.hadoop.http.lib.StaticUserWebFilter$StaticUserFilter) to context static
2021-01-11 13:39:13,612 [Listener at 127.0.0.1/44133] INFO  http.HttpServer2 (HttpServer2.java:bindListener(1238)) - Jetty bound to port 36177
2021-01-11 13:39:13,612 [Listener at 127.0.0.1/44133] INFO  server.Server (Server.java:doStart(375)) - jetty-9.4.34.v20201102; built: 2020-11-02T14:15:39.302Z; git: e46af88704a893fc12cb0e3bf46e2c7b48a009e7; jvm 1.8.0_232-b09
2021-01-11 13:39:13,619 [Listener at 127.0.0.1/44133] INFO  server.session (DefaultSessionIdManager.java:doStart(334)) - DefaultSessionIdManager workerName=node0
2021-01-11 13:39:13,619 [Listener at 127.0.0.1/44133] INFO  server.session (DefaultSessionIdManager.java:doStart(339)) - No SessionScavenger set, using defaults
2021-01-11 13:39:13,620 [Listener at 127.0.0.1/44133] INFO  server.session (HouseKeeper.java:startScavenging(132)) - node0 Scavenging every 600000ms
2021-01-11 13:39:13,620 [Listener at 127.0.0.1/44133] INFO  handler.ContextHandler (ContextHandler.java:doStart(916)) - Started o.e.j.s.ServletContextHandler@12d76643{logs,/logs,file:///github/workspace/mnt/ozone/hadoop-ozone/integration-test/target/log,AVAILABLE}
2021-01-11 13:39:13,621 [Listener at 127.0.0.1/44133] INFO  handler.ContextHandler (ContextHandler.java:doStart(916)) - Started o.e.j.s.ServletContextHandler@19266ca3{static,/static,jar:file:/home/user/.m2/repository/org/apache/hadoop/hadoop-hdds-container-service/1.1.0-SNAPSHOT/hadoop-hdds-container-service-1.1.0-SNAPSHOT.jar!/webapps/static,AVAILABLE}
2021-01-11 13:39:13,779 [Listener at 127.0.0.1/44133] INFO  handler.ContextHandler (ContextHandler.java:doStart(916)) - Started o.e.j.w.WebAppContext@43815bc{hddsDatanode,/,file:///tmp/jetty-0_0_0_0-36177-hadoop-hdds-container-service-1_1_0-SNAPSHOT_jar-_-any-8043618846334912261/webapp/,AVAILABLE}{jar:file:/home/user/.m2/repository/org/apache/hadoop/hadoop-hdds-container-service/1.1.0-SNAPSHOT/hadoop-hdds-container-service-1.1.0-SNAPSHOT.jar!/webapps/hddsDatanode}
2021-01-11 13:39:13,781 [Listener at 127.0.0.1/44133] INFO  server.AbstractConnector (AbstractConnector.java:doStart(331)) - Started ServerConnector@fc9313d{HTTP/1.1, (http/1.1)}{0.0.0.0:36177}
2021-01-11 13:39:13,781 [Listener at 127.0.0.1/44133] INFO  server.Server (Server.java:doStart(415)) - Started @6299ms
2021-01-11 13:39:13,782 [Listener at 127.0.0.1/44133] WARN  impl.MetricsSystemImpl (MetricsSystemImpl.java:register(276)) - Sink prometheus already exists!
2021-01-11 13:39:13,788 [Listener at 127.0.0.1/44133] INFO  http.BaseHttpServer (BaseHttpServer.java:updateConnectorAddress(327)) - HTTP server of hddsDatanode listening at http://0.0.0.0:36177
2021-01-11 13:39:13,790 [Listener at 127.0.0.1/44133] INFO  ozone.MiniOzoneClusterImpl (MiniOzoneClusterImpl.java:lambda$waitForClusterToBeReady$0(179)) - Waiting for nodes to be ready. Got 0 of 4 DN Heartbeats.
2021-01-11 13:39:13,790 [Listener at 127.0.0.1/44133] INFO  ozone.MiniOzoneClusterImpl (MiniOzoneClusterImpl.java:lambda$waitForClusterToBeReady$0(182)) - Waiting for cluster to exit safe mode
2021-01-11 13:39:13,794 [org.apache.hadoop.util.JvmPauseMonitor$Monitor@438b857a] INFO  util.JvmPauseMonitor (JvmPauseMonitor.java:run(188)) - Starting JVM pause monitor
2021-01-11 13:39:13,796 [Datanode State Machine Task Thread - 0] INFO  datanode.InitDatanodeState (InitDatanodeState.java:persistContainerDatanodeDetails(145)) - DatanodeDetails is persisted to /github/workspace/mnt/ozone/hadoop-ozone/integration-test/target/test-dir/MiniOzoneClusterImpl-264a93b1-c4bd-4819-8d38-c175a3498c4d/datanode-3/meta/datanode.id
2021-01-11 13:39:14,791 [Listener at 127.0.0.1/44133] INFO  ozone.MiniOzoneClusterImpl (MiniOzoneClusterImpl.java:lambda$waitForClusterToBeReady$0(179)) - Waiting for nodes to be ready. Got 0 of 4 DN Heartbeats.
2021-01-11 13:39:14,791 [Listener at 127.0.0.1/44133] INFO  ozone.MiniOzoneClusterImpl (MiniOzoneClusterImpl.java:lambda$waitForClusterToBeReady$0(182)) - Waiting for cluster to exit safe mode
2021-01-11 13:39:14,983 [EndpointStateMachine task thread for /0.0.0.0:44121 - 0 ] INFO  ozoneimpl.OzoneContainer (OzoneContainer.java:start(255)) - Attempting to start container services.
2021-01-11 13:39:14,985 [EndpointStateMachine task thread for /0.0.0.0:44121 - 0 ] INFO  ozoneimpl.OzoneContainer (OzoneContainer.java:startContainerScrub(219)) - Background container scanner has been disabled.
2021-01-11 13:39:15,039 [EndpointStateMachine task thread for /0.0.0.0:44121 - 0 ] INFO  replication.ReplicationServer (ReplicationServer.java:start(111)) - ReplicationServer is started using port 38149
2021-01-11 13:39:15,041 [EndpointStateMachine task thread for /0.0.0.0:44121 - 0 ] INFO  ratis.XceiverServerRatis (XceiverServerRatis.java:start(455)) - Starting XceiverServerRatis d78992b3-602b-478e-9e7d-48696c788850 at port 0
2021-01-11 13:39:15,064 [EndpointStateMachine task thread for /0.0.0.0:44121 - 0 ] INFO  server.RaftServer (RaftServerProxy.java:lambda$start$5(372)) - d78992b3-602b-478e-9e7d-48696c788850: start RPC server
2021-01-11 13:39:15,067 [EndpointStateMachine task thread for /0.0.0.0:44121 - 0 ] INFO  server.GrpcService (GrpcService.java:startImpl(176)) - d78992b3-602b-478e-9e7d-48696c788850: GrpcService started, listening on 0.0.0.0/0.0.0.0:45881
2021-01-11 13:39:15,070 [EndpointStateMachine task thread for /0.0.0.0:44121 - 0 ] INFO  ratis.XceiverServerRatis (XceiverServerRatis.java:start(467)) - XceiverServerRatis d78992b3-602b-478e-9e7d-48696c788850 is started using port 45881
2021-01-11 13:39:15,077 [EndpointStateMachine task thread for /0.0.0.0:44121 - 0 ] INFO  server.XceiverServerGrpc (XceiverServerGrpc.java:start(139)) - XceiverServerGrpc d78992b3-602b-478e-9e7d-48696c788850 is started using port 39559
2021-01-11 13:39:15,082 [org.apache.ratis.util.JvmPauseMonitor$$Lambda$222/1559180744@204a91a3] INFO  util.JvmPauseMonitor (JvmPauseMonitor.java:run(103)) - JvmPauseMonitor-d78992b3-602b-478e-9e7d-48696c788850: Started
2021-01-11 13:39:15,196 [EndpointStateMachine task thread for /0.0.0.0:44121 - 0 ] INFO  ozoneimpl.OzoneContainer (OzoneContainer.java:start(255)) - Attempting to start container services.
2021-01-11 13:39:15,199 [EndpointStateMachine task thread for /0.0.0.0:44121 - 0 ] INFO  ozoneimpl.OzoneContainer (OzoneContainer.java:startContainerScrub(219)) - Background container scanner has been disabled.
2021-01-11 13:39:15,204 [EndpointStateMachine task thread for /0.0.0.0:44121 - 0 ] INFO  replication.ReplicationServer (ReplicationServer.java:start(111)) - ReplicationServer is started using port 33547
2021-01-11 13:39:15,204 [EndpointStateMachine task thread for /0.0.0.0:44121 - 0 ] INFO  ratis.XceiverServerRatis (XceiverServerRatis.java:start(455)) - Starting XceiverServerRatis 3a92afea-e9db-48b3-aba3-1f3ecfd1b353 at port 0
2021-01-11 13:39:15,213 [EndpointStateMachine task thread for /0.0.0.0:44121 - 0 ] INFO  server.RaftServer (RaftServerProxy.java:lambda$start$5(372)) - 3a92afea-e9db-48b3-aba3-1f3ecfd1b353: start RPC server
2021-01-11 13:39:15,215 [EndpointStateMachine task thread for /0.0.0.0:44121 - 0 ] INFO  server.GrpcService (GrpcService.java:startImpl(176)) - 3a92afea-e9db-48b3-aba3-1f3ecfd1b353: GrpcService started, listening on 0.0.0.0/0.0.0.0:44909
2021-01-11 13:39:15,215 [EndpointStateMachine task thread for /0.0.0.0:44121 - 0 ] INFO  ratis.XceiverServerRatis (XceiverServerRatis.java:start(467)) - XceiverServerRatis 3a92afea-e9db-48b3-aba3-1f3ecfd1b353 is started using port 44909
2021-01-11 13:39:15,220 [org.apache.ratis.util.JvmPauseMonitor$$Lambda$222/1559180744@28946067] INFO  util.JvmPauseMonitor (JvmPauseMonitor.java:run(103)) - JvmPauseMonitor-3a92afea-e9db-48b3-aba3-1f3ecfd1b353: Started
2021-01-11 13:39:15,221 [EndpointStateMachine task thread for /0.0.0.0:44121 - 0 ] INFO  server.XceiverServerGrpc (XceiverServerGrpc.java:start(139)) - XceiverServerGrpc 3a92afea-e9db-48b3-aba3-1f3ecfd1b353 is started using port 45547
2021-01-11 13:39:15,555 [EndpointStateMachine task thread for /0.0.0.0:44121 - 0 ] INFO  ozoneimpl.OzoneContainer (OzoneContainer.java:start(255)) - Attempting to start container services.
2021-01-11 13:39:15,555 [EndpointStateMachine task thread for /0.0.0.0:44121 - 0 ] INFO  ozoneimpl.OzoneContainer (OzoneContainer.java:startContainerScrub(219)) - Background container scanner has been disabled.
2021-01-11 13:39:15,562 [EndpointStateMachine task thread for /0.0.0.0:44121 - 0 ] INFO  replication.ReplicationServer (ReplicationServer.java:start(111)) - ReplicationServer is started using port 39103
2021-01-11 13:39:15,562 [EndpointStateMachine task thread for /0.0.0.0:44121 - 0 ] INFO  ratis.XceiverServerRatis (XceiverServerRatis.java:start(455)) - Starting XceiverServerRatis b04214a4-18bc-401b-ac78-706e463fcaca at port 0
2021-01-11 13:39:15,564 [EndpointStateMachine task thread for /0.0.0.0:44121 - 0 ] INFO  server.RaftServer (RaftServerProxy.java:lambda$start$5(372)) - b04214a4-18bc-401b-ac78-706e463fcaca: start RPC server
2021-01-11 13:39:15,565 [EndpointStateMachine task thread for /0.0.0.0:44121 - 0 ] INFO  server.GrpcService (GrpcService.java:startImpl(176)) - b04214a4-18bc-401b-ac78-706e463fcaca: GrpcService started, listening on 0.0.0.0/0.0.0.0:37587
2021-01-11 13:39:15,565 [EndpointStateMachine task thread for /0.0.0.0:44121 - 0 ] INFO  ratis.XceiverServerRatis (XceiverServerRatis.java:start(467)) - XceiverServerRatis b04214a4-18bc-401b-ac78-706e463fcaca is started using port 37587
2021-01-11 13:39:15,566 [org.apache.ratis.util.JvmPauseMonitor$$Lambda$222/1559180744@617e512b] INFO  util.JvmPauseMonitor (JvmPauseMonitor.java:run(103)) - JvmPauseMonitor-b04214a4-18bc-401b-ac78-706e463fcaca: Started
2021-01-11 13:39:15,568 [EndpointStateMachine task thread for /0.0.0.0:44121 - 0 ] INFO  server.XceiverServerGrpc (XceiverServerGrpc.java:start(139)) - XceiverServerGrpc b04214a4-18bc-401b-ac78-706e463fcaca is started using port 43137
2021-01-11 13:39:15,791 [Listener at 127.0.0.1/44133] INFO  ozone.MiniOzoneClusterImpl (MiniOzoneClusterImpl.java:lambda$waitForClusterToBeReady$0(179)) - Waiting for nodes to be ready. Got 0 of 4 DN Heartbeats.
2021-01-11 13:39:15,792 [Listener at 127.0.0.1/44133] INFO  ozone.MiniOzoneClusterImpl (MiniOzoneClusterImpl.java:lambda$waitForClusterToBeReady$0(182)) - Waiting for cluster to exit safe mode
2021-01-11 13:39:15,798 [EndpointStateMachine task thread for /0.0.0.0:44121 - 0 ] INFO  ozoneimpl.OzoneContainer (OzoneContainer.java:start(255)) - Attempting to start container services.
2021-01-11 13:39:15,799 [EndpointStateMachine task thread for /0.0.0.0:44121 - 0 ] INFO  ozoneimpl.OzoneContainer (OzoneContainer.java:startContainerScrub(219)) - Background container scanner has been disabled.
2021-01-11 13:39:15,802 [EndpointStateMachine task thread for /0.0.0.0:44121 - 0 ] INFO  replication.ReplicationServer (ReplicationServer.java:start(111)) - ReplicationServer is started using port 35701
2021-01-11 13:39:15,803 [EndpointStateMachine task thread for /0.0.0.0:44121 - 0 ] INFO  ratis.XceiverServerRatis (XceiverServerRatis.java:start(455)) - Starting XceiverServerRatis 48977efb-d0ee-4139-b5da-00a22fa75fe3 at port 0
2021-01-11 13:39:15,820 [EndpointStateMachine task thread for /0.0.0.0:44121 - 0 ] INFO  server.RaftServer (RaftServerProxy.java:lambda$start$5(372)) - 48977efb-d0ee-4139-b5da-00a22fa75fe3: start RPC server
2021-01-11 13:39:15,821 [EndpointStateMachine task thread for /0.0.0.0:44121 - 0 ] INFO  server.GrpcService (GrpcService.java:startImpl(176)) - 48977efb-d0ee-4139-b5da-00a22fa75fe3: GrpcService started, listening on 0.0.0.0/0.0.0.0:40649
2021-01-11 13:39:15,822 [EndpointStateMachine task thread for /0.0.0.0:44121 - 0 ] INFO  ratis.XceiverServerRatis (XceiverServerRatis.java:start(467)) - XceiverServerRatis 48977efb-d0ee-4139-b5da-00a22fa75fe3 is started using port 40649
2021-01-11 13:39:15,822 [org.apache.ratis.util.JvmPauseMonitor$$Lambda$222/1559180744@22795b5a] INFO  util.JvmPauseMonitor (JvmPauseMonitor.java:run(103)) - JvmPauseMonitor-48977efb-d0ee-4139-b5da-00a22fa75fe3: Started
2021-01-11 13:39:15,823 [EndpointStateMachine task thread for /0.0.0.0:44121 - 0 ] INFO  server.XceiverServerGrpc (XceiverServerGrpc.java:start(139)) - XceiverServerGrpc 48977efb-d0ee-4139-b5da-00a22fa75fe3 is started using port 45461
2021-01-11 13:39:16,792 [Listener at 127.0.0.1/44133] INFO  ozone.MiniOzoneClusterImpl (MiniOzoneClusterImpl.java:lambda$waitForClusterToBeReady$0(179)) - Waiting for nodes to be ready. Got 0 of 4 DN Heartbeats.
2021-01-11 13:39:16,793 [Listener at 127.0.0.1/44133] INFO  ozone.MiniOzoneClusterImpl (MiniOzoneClusterImpl.java:lambda$waitForClusterToBeReady$0(182)) - Waiting for cluster to exit safe mode
2021-01-11 13:39:16,915 [IPC Server handler 1 on default port 44121] INFO  net.NetworkTopologyImpl (NetworkTopologyImpl.java:add(111)) - Added a new node: /default-rack/d78992b3-602b-478e-9e7d-48696c788850
2021-01-11 13:39:16,920 [IPC Server handler 1 on default port 44121] INFO  node.SCMNodeManager (SCMNodeManager.java:register(341)) - Registered Data node : d78992b3-602b-478e-9e7d-48696c788850{ip: 172.17.0.2, host: baadf3146833, networkLocation: /default-rack, certSerialId: null, persistedOpState: IN_SERVICE, persistedOpStateExpiryEpochSec: 0}
2021-01-11 13:39:16,927 [RatisPipelineUtilsThread] INFO  pipeline.RatisPipelineProvider (RatisPipelineProvider.java:lambda$create$0(161)) - Sending CreatePipelineCommand for pipeline:PipelineID=f5335cf3-7092-4145-92e1-8a8965f74491 to datanode:d78992b3-602b-478e-9e7d-48696c788850
2021-01-11 13:39:16,931 [EventQueue-NodeRegistrationContainerReportForContainerSafeModeRule] INFO  safemode.SCMSafeModeManager (SCMSafeModeManager.java:validateSafeModeExitRules(214)) - ContainerSafeModeRule rule is successfully validated
2021-01-11 13:39:16,931 [EventQueue-NodeRegistrationContainerReportForDataNodeSafeModeRule] INFO  safemode.SCMSafeModeManager (DataNodeSafeModeRule.java:process(71)) - SCM in safe mode. 1 DataNodes registered, 1 required.
2021-01-11 13:39:16,931 [EventQueue-NodeRegistrationContainerReportForDataNodeSafeModeRule] INFO  safemode.SCMSafeModeManager (SCMSafeModeManager.java:validateSafeModeExitRules(214)) - DataNodeSafeModeRule rule is successfully validated
2021-01-11 13:39:16,931 [EventQueue-NodeRegistrationContainerReportForDataNodeSafeModeRule] INFO  safemode.SCMSafeModeManager (SCMSafeModeManager.java:completePreCheck(242)) - All SCM safe mode pre check rules have passed
2021-01-11 13:39:16,942 [EventQueue-PipelineReportForOneReplicaPipelineSafeModeRule] INFO  safemode.SCMSafeModeManager (SCMSafeModeManager.java:validateSafeModeExitRules(214)) - AtleastOneDatanodeReportedRule rule is successfully validated
2021-01-11 13:39:16,948 [RatisPipelineUtilsThread] INFO  pipeline.PipelineStateManager (PipelineStateManager.java:addPipeline(54)) - Created pipeline Pipeline[ Id: f5335cf3-7092-4145-92e1-8a8965f74491, Nodes: d78992b3-602b-478e-9e7d-48696c788850{ip: 172.17.0.2, host: baadf3146833, networkLocation: /default-rack, certSerialId: null, persistedOpState: IN_SERVICE, persistedOpStateExpiryEpochSec: 0}, Type:RATIS, Factor:ONE, State:ALLOCATED, leaderId:, CreationTimestamp2021-01-11T13:39:16.924Z]
2021-01-11 13:39:16,951 [RatisPipelineUtilsThread] WARN  pipeline.PipelinePlacementPolicy (PipelinePlacementPolicy.java:filterViableNodes(142)) - Pipeline creation failed due to no sufficient healthy datanodes. Required 3. Found 1.
2021-01-11 13:39:17,193 [IPC Server handler 2 on default port 44121] INFO  net.NetworkTopologyImpl (NetworkTopologyImpl.java:add(111)) - Added a new node: /default-rack/3a92afea-e9db-48b3-aba3-1f3ecfd1b353
2021-01-11 13:39:17,193 [IPC Server handler 2 on default port 44121] INFO  node.SCMNodeManager (SCMNodeManager.java:register(341)) - Registered Data node : 3a92afea-e9db-48b3-aba3-1f3ecfd1b353{ip: 172.17.0.2, host: baadf3146833, networkLocation: /default-rack, certSerialId: null, persistedOpState: IN_SERVICE, persistedOpStateExpiryEpochSec: 0}
2021-01-11 13:39:17,194 [EventQueue-NodeRegistrationContainerReportForContainerSafeModeRule] INFO  safemode.SCMSafeModeManager (SCMSafeModeManager.java:validateSafeModeExitRules(214)) - ContainerSafeModeRule rule is successfully validated
2021-01-11 13:39:17,194 [EventQueue-NodeRegistrationContainerReportForDataNodeSafeModeRule] INFO  safemode.SCMSafeModeManager (SCMSafeModeManager.java:validateSafeModeExitRules(214)) - DataNodeSafeModeRule rule is successfully validated
2021-01-11 13:39:17,194 [EventQueue-PipelineReportForOneReplicaPipelineSafeModeRule] INFO  safemode.SCMSafeModeManager (SCMSafeModeManager.java:validateSafeModeExitRules(214)) - AtleastOneDatanodeReportedRule rule is successfully validated
2021-01-11 13:39:17,197 [RatisPipelineUtilsThread] INFO  pipeline.RatisPipelineProvider (RatisPipelineProvider.java:lambda$create$0(161)) - Sending CreatePipelineCommand for pipeline:PipelineID=87b78622-db21-44ef-a193-ebbb6508d112 to datanode:3a92afea-e9db-48b3-aba3-1f3ecfd1b353
2021-01-11 13:39:17,198 [RatisPipelineUtilsThread] INFO  pipeline.PipelineStateManager (PipelineStateManager.java:addPipeline(54)) - Created pipeline Pipeline[ Id: 87b78622-db21-44ef-a193-ebbb6508d112, Nodes: 3a92afea-e9db-48b3-aba3-1f3ecfd1b353{ip: 172.17.0.2, host: baadf3146833, networkLocation: /default-rack, certSerialId: null, persistedOpState: IN_SERVICE, persistedOpStateExpiryEpochSec: 0}, Type:RATIS, Factor:ONE, State:ALLOCATED, leaderId:, CreationTimestamp2021-01-11T13:39:17.197Z]
2021-01-11 13:39:17,199 [RatisPipelineUtilsThread] WARN  pipeline.PipelinePlacementPolicy (PipelinePlacementPolicy.java:filterViableNodes(142)) - Pipeline creation failed due to no sufficient healthy datanodes. Required 3. Found 2.
2021-01-11 13:39:17,554 [IPC Server handler 5 on default port 44121] INFO  net.NetworkTopologyImpl (NetworkTopologyImpl.java:add(111)) - Added a new node: /default-rack/b04214a4-18bc-401b-ac78-706e463fcaca
2021-01-11 13:39:17,554 [IPC Server handler 5 on default port 44121] INFO  node.SCMNodeManager (SCMNodeManager.java:register(341)) - Registered Data node : b04214a4-18bc-401b-ac78-706e463fcaca{ip: 172.17.0.2, host: baadf3146833, networkLocation: /default-rack, certSerialId: null, persistedOpState: IN_SERVICE, persistedOpStateExpiryEpochSec: 0}
2021-01-11 13:39:17,555 [EventQueue-NodeRegistrationContainerReportForContainerSafeModeRule] INFO  safemode.SCMSafeModeManager (SCMSafeModeManager.java:validateSafeModeExitRules(214)) - ContainerSafeModeRule rule is successfully validated
2021-01-11 13:39:17,555 [EventQueue-NodeRegistrationContainerReportForDataNodeSafeModeRule] INFO  safemode.SCMSafeModeManager (SCMSafeModeManager.java:validateSafeModeExitRules(214)) - DataNodeSafeModeRule rule is successfully validated
2021-01-11 13:39:17,555 [EventQueue-PipelineReportForOneReplicaPipelineSafeModeRule] INFO  safemode.SCMSafeModeManager (SCMSafeModeManager.java:validateSafeModeExitRules(214)) - AtleastOneDatanodeReportedRule rule is successfully validated
2021-01-11 13:39:17,556 [RatisPipelineUtilsThread] INFO  pipeline.RatisPipelineProvider (RatisPipelineProvider.java:lambda$create$0(161)) - Sending CreatePipelineCommand for pipeline:PipelineID=7c941d16-df04-4c50-b023-2b843e4abae5 to datanode:b04214a4-18bc-401b-ac78-706e463fcaca
2021-01-11 13:39:17,557 [RatisPipelineUtilsThread] INFO  pipeline.PipelineStateManager (PipelineStateManager.java:addPipeline(54)) - Created pipeline Pipeline[ Id: 7c941d16-df04-4c50-b023-2b843e4abae5, Nodes: b04214a4-18bc-401b-ac78-706e463fcaca{ip: 172.17.0.2, host: baadf3146833, networkLocation: /default-rack, certSerialId: null, persistedOpState: IN_SERVICE, persistedOpStateExpiryEpochSec: 0}, Type:RATIS, Factor:ONE, State:ALLOCATED, leaderId:, CreationTimestamp2021-01-11T13:39:17.556Z]
2021-01-11 13:39:17,564 [RatisPipelineUtilsThread] INFO  pipeline.RatisPipelineProvider (RatisPipelineProvider.java:lambda$create$0(161)) - Sending CreatePipelineCommand for pipeline:PipelineID=d75988d3-7752-4da2-89be-b22e4b49b34a to datanode:b04214a4-18bc-401b-ac78-706e463fcaca
2021-01-11 13:39:17,565 [RatisPipelineUtilsThread] INFO  pipeline.RatisPipelineProvider (RatisPipelineProvider.java:lambda$create$0(161)) - Sending CreatePipelineCommand for pipeline:PipelineID=d75988d3-7752-4da2-89be-b22e4b49b34a to datanode:d78992b3-602b-478e-9e7d-48696c788850
2021-01-11 13:39:17,565 [RatisPipelineUtilsThread] INFO  pipeline.RatisPipelineProvider (RatisPipelineProvider.java:lambda$create$0(161)) - Sending CreatePipelineCommand for pipeline:PipelineID=d75988d3-7752-4da2-89be-b22e4b49b34a to datanode:3a92afea-e9db-48b3-aba3-1f3ecfd1b353
2021-01-11 13:39:17,567 [RatisPipelineUtilsThread] INFO  pipeline.PipelineStateManager (PipelineStateManager.java:addPipeline(54)) - Created pipeline Pipeline[ Id: d75988d3-7752-4da2-89be-b22e4b49b34a, Nodes: b04214a4-18bc-401b-ac78-706e463fcaca{ip: 172.17.0.2, host: baadf3146833, networkLocation: /default-rack, certSerialId: null, persistedOpState: IN_SERVICE, persistedOpStateExpiryEpochSec: 0}d78992b3-602b-478e-9e7d-48696c788850{ip: 172.17.0.2, host: baadf3146833, networkLocation: /default-rack, certSerialId: null, persistedOpState: IN_SERVICE, persistedOpStateExpiryEpochSec: 0}3a92afea-e9db-48b3-aba3-1f3ecfd1b353{ip: 172.17.0.2, host: baadf3146833, networkLocation: /default-rack, certSerialId: null, persistedOpState: IN_SERVICE, persistedOpStateExpiryEpochSec: 0}, Type:RATIS, Factor:THREE, State:ALLOCATED, leaderId:, CreationTimestamp2021-01-11T13:39:17.564Z]
2021-01-11 13:39:17,569 [RatisPipelineUtilsThread] INFO  pipeline.RatisPipelineProvider (RatisPipelineProvider.java:lambda$create$0(161)) - Sending CreatePipelineCommand for pipeline:PipelineID=71e87fc3-34b8-433d-a92c-61ccab411ad3 to datanode:b04214a4-18bc-401b-ac78-706e463fcaca
2021-01-11 13:39:17,572 [RatisPipelineUtilsThread] INFO  pipeline.RatisPipelineProvider (RatisPipelineProvider.java:lambda$create$0(161)) - Sending CreatePipelineCommand for pipeline:PipelineID=71e87fc3-34b8-433d-a92c-61ccab411ad3 to datanode:d78992b3-602b-478e-9e7d-48696c788850
2021-01-11 13:39:17,572 [RatisPipelineUtilsThread] INFO  pipeline.RatisPipelineProvider (RatisPipelineProvider.java:lambda$create$0(161)) - Sending CreatePipelineCommand for pipeline:PipelineID=71e87fc3-34b8-433d-a92c-61ccab411ad3 to datanode:3a92afea-e9db-48b3-aba3-1f3ecfd1b353
2021-01-11 13:39:17,572 [RatisPipelineUtilsThread] INFO  pipeline.PipelineStateManager (PipelineStateManager.java:addPipeline(54)) - Created pipeline Pipeline[ Id: 71e87fc3-34b8-433d-a92c-61ccab411ad3, Nodes: b04214a4-18bc-401b-ac78-706e463fcaca{ip: 172.17.0.2, host: baadf3146833, networkLocation: /default-rack, certSerialId: null, persistedOpState: IN_SERVICE, persistedOpStateExpiryEpochSec: 0}d78992b3-602b-478e-9e7d-48696c788850{ip: 172.17.0.2, host: baadf3146833, networkLocation: /default-rack, certSerialId: null, persistedOpState: IN_SERVICE, persistedOpStateExpiryEpochSec: 0}3a92afea-e9db-48b3-aba3-1f3ecfd1b353{ip: 172.17.0.2, host: baadf3146833, networkLocation: /default-rack, certSerialId: null, persistedOpState: IN_SERVICE, persistedOpStateExpiryEpochSec: 0}, Type:RATIS, Factor:THREE, State:ALLOCATED, leaderId:, CreationTimestamp2021-01-11T13:39:17.569Z]
2021-01-11 13:39:17,573 [RatisPipelineUtilsThread] INFO  pipeline.SCMPipelineManager (SCMPipelineManager.java:recordMetricsForPipeline(243)) - Pipeline: PipelineID=71e87fc3-34b8-433d-a92c-61ccab411ad3 contains same datanodes as previous pipelines: PipelineID=d75988d3-7752-4da2-89be-b22e4b49b34a nodeIds: b04214a4-18bc-401b-ac78-706e463fcaca, d78992b3-602b-478e-9e7d-48696c788850, 3a92afea-e9db-48b3-aba3-1f3ecfd1b353
2021-01-11 13:39:17,793 [Listener at 127.0.0.1/44133] INFO  ozone.MiniOzoneClusterImpl (MiniOzoneClusterImpl.java:lambda$waitForClusterToBeReady$0(179)) - Waiting for nodes to be ready. Got 3 of 4 DN Heartbeats.
2021-01-11 13:39:17,794 [Listener at 127.0.0.1/44133] INFO  ozone.MiniOzoneClusterImpl (MiniOzoneClusterImpl.java:lambda$waitForClusterToBeReady$0(182)) - Waiting for cluster to exit safe mode
2021-01-11 13:39:17,796 [IPC Server handler 0 on default port 44121] INFO  net.NetworkTopologyImpl (NetworkTopologyImpl.java:add(111)) - Added a new node: /default-rack/48977efb-d0ee-4139-b5da-00a22fa75fe3
2021-01-11 13:39:17,797 [IPC Server handler 0 on default port 44121] INFO  node.SCMNodeManager (SCMNodeManager.java:register(341)) - Registered Data node : 48977efb-d0ee-4139-b5da-00a22fa75fe3{ip: 172.17.0.2, host: baadf3146833, networkLocation: /default-rack, certSerialId: null, persistedOpState: IN_SERVICE, persistedOpStateExpiryEpochSec: 0}
2021-01-11 13:39:17,797 [RatisPipelineUtilsThread] INFO  pipeline.RatisPipelineProvider (RatisPipelineProvider.java:lambda$create$0(161)) - Sending CreatePipelineCommand for pipeline:PipelineID=2c673d75-bae7-401c-b3f1-b962fb059a71 to datanode:48977efb-d0ee-4139-b5da-00a22fa75fe3
2021-01-11 13:39:17,797 [EventQueue-NodeRegistrationContainerReportForContainerSafeModeRule] INFO  safemode.SCMSafeModeManager (SCMSafeModeManager.java:validateSafeModeExitRules(214)) - ContainerSafeModeRule rule is successfully validated
2021-01-11 13:39:17,798 [EventQueue-PipelineReportForOneReplicaPipelineSafeModeRule] INFO  safemode.SCMSafeModeManager (SCMSafeModeManager.java:validateSafeModeExitRules(214)) - AtleastOneDatanodeReportedRule rule is successfully validated
2021-01-11 13:39:17,798 [EventQueue-NodeRegistrationContainerReportForDataNodeSafeModeRule] INFO  safemode.SCMSafeModeManager (SCMSafeModeManager.java:validateSafeModeExitRules(214)) - DataNodeSafeModeRule rule is successfully validated
2021-01-11 13:39:17,799 [RatisPipelineUtilsThread] INFO  pipeline.PipelineStateManager (PipelineStateManager.java:addPipeline(54)) - Created pipeline Pipeline[ Id: 2c673d75-bae7-401c-b3f1-b962fb059a71, Nodes: 48977efb-d0ee-4139-b5da-00a22fa75fe3{ip: 172.17.0.2, host: baadf3146833, networkLocation: /default-rack, certSerialId: null, persistedOpState: IN_SERVICE, persistedOpStateExpiryEpochSec: 0}, Type:RATIS, Factor:ONE, State:ALLOCATED, leaderId:, CreationTimestamp2021-01-11T13:39:17.797Z]
2021-01-11 13:39:18,795 [Listener at 127.0.0.1/44133] INFO  ozone.MiniOzoneClusterImpl (MiniOzoneClusterImpl.java:lambda$waitForClusterToBeReady$0(179)) - Nodes are ready. Got 4 of 4 DN Heartbeats.
2021-01-11 13:39:18,795 [Listener at 127.0.0.1/44133] INFO  ozone.MiniOzoneClusterImpl (MiniOzoneClusterImpl.java:lambda$waitForClusterToBeReady$0(182)) - Waiting for cluster to exit safe mode
2021-01-11 13:39:18,915 [EventQueue-PipelineReportForOneReplicaPipelineSafeModeRule] INFO  safemode.SCMSafeModeManager (SCMSafeModeManager.java:validateSafeModeExitRules(214)) - AtleastOneDatanodeReportedRule rule is successfully validated
2021-01-11 13:39:19,194 [EventQueue-PipelineReportForOneReplicaPipelineSafeModeRule] INFO  safemode.SCMSafeModeManager (SCMSafeModeManager.java:validateSafeModeExitRules(214)) - AtleastOneDatanodeReportedRule rule is successfully validated
2021-01-11 13:39:19,556 [EventQueue-PipelineReportForOneReplicaPipelineSafeModeRule] INFO  safemode.SCMSafeModeManager (SCMSafeModeManager.java:validateSafeModeExitRules(214)) - AtleastOneDatanodeReportedRule rule is successfully validated
2021-01-11 13:39:19,795 [Listener at 127.0.0.1/44133] INFO  ozone.MiniOzoneClusterImpl (MiniOzoneClusterImpl.java:lambda$waitForClusterToBeReady$0(179)) - Nodes are ready. Got 4 of 4 DN Heartbeats.
2021-01-11 13:39:19,796 [Listener at 127.0.0.1/44133] INFO  ozone.MiniOzoneClusterImpl (MiniOzoneClusterImpl.java:lambda$waitForClusterToBeReady$0(182)) - Waiting for cluster to exit safe mode
2021-01-11 13:39:19,799 [EventQueue-PipelineReportForOneReplicaPipelineSafeModeRule] INFO  safemode.SCMSafeModeManager (SCMSafeModeManager.java:validateSafeModeExitRules(214)) - AtleastOneDatanodeReportedRule rule is successfully validated
2021-01-11 13:39:19,885 [EventQueue-PipelineReportForOneReplicaPipelineSafeModeRule] INFO  safemode.SCMSafeModeManager (SCMSafeModeManager.java:validateSafeModeExitRules(214)) - AtleastOneDatanodeReportedRule rule is successfully validated
2021-01-11 13:39:19,910 [Command processor thread] INFO  server.RaftServer (RaftServerProxy.java:addNew(95)) - d78992b3-602b-478e-9e7d-48696c788850: addNew group-8A8965F74491:[d78992b3-602b-478e-9e7d-48696c788850|rpc:172.17.0.2:45881|priority:1] returns group-8A8965F74491:java.util.concurrent.CompletableFuture@55fa2fcd[Not completed]
2021-01-11 13:39:19,941 [pool-34-thread-1] INFO  server.RaftServer$Division (RaftServerImpl.java:<init>(179)) - d78992b3-602b-478e-9e7d-48696c788850: new RaftServerImpl for group-8A8965F74491:[d78992b3-602b-478e-9e7d-48696c788850|rpc:172.17.0.2:45881|priority:1] with ContainerStateMachine:uninitialized
2021-01-11 13:39:19,943 [pool-34-thread-1] INFO  server.RaftServerConfigKeys (ConfUtils.java:logGet(44)) - raft.server.rpc.timeout.min = 5s (custom)
2021-01-11 13:39:19,944 [pool-34-thread-1] INFO  server.RaftServerConfigKeys (ConfUtils.java:logGet(44)) - raft.server.rpc.timeout.max = 5200ms (custom)
2021-01-11 13:39:19,944 [pool-34-thread-1] INFO  server.RaftServerConfigKeys (ConfUtils.java:logGet(44)) - raft.server.rpc.sleep.time = 25ms (default)
2021-01-11 13:39:19,944 [pool-34-thread-1] INFO  server.RaftServerConfigKeys (ConfUtils.java:logGet(44)) - raft.server.rpc.slowness.timeout = 300s (custom)
2021-01-11 13:39:19,945 [pool-34-thread-1] INFO  server.RaftServerConfigKeys (ConfUtils.java:logGet(44)) - raft.server.leaderelection.leader.step-down.wait-time = 10s (default)
2021-01-11 13:39:19,946 [pool-34-thread-1] INFO  server.RaftServerConfigKeys (ConfUtils.java:logGet(44)) - raft.server.sleep.deviation.threshold = 300ms (default)
2021-01-11 13:39:19,946 [pool-34-thread-1] INFO  server.RaftServerConfigKeys (ConfUtils.java:logGet(44)) - raft.server.log.appender.install.snapshot.enabled = false (custom)
2021-01-11 13:39:19,952 [pool-34-thread-1] INFO  server.RaftServer$Division (ServerState.java:<init>(103)) - d78992b3-602b-478e-9e7d-48696c788850@group-8A8965F74491: ConfigurationManager, init=-1: [d78992b3-602b-478e-9e7d-48696c788850|rpc:172.17.0.2:45881|priority:1], old=null, confs=<EMPTY_MAP>
2021-01-11 13:39:19,953 [pool-34-thread-1] INFO  server.RaftServerConfigKeys (ConfUtils.java:logGet(44)) - raft.server.storage.dir = [/github/workspace/mnt/ozone/hadoop-ozone/integration-test/target/test-dir/MiniOzoneClusterImpl-264a93b1-c4bd-4819-8d38-c175a3498c4d/datanode-0/data/ratis] (custom)
2021-01-11 13:39:19,965 [pool-34-thread-1] INFO  server.RaftServerConfigKeys (ConfUtils.java:logGet(44)) - raft.server.log.corruption.policy = EXCEPTION (default)
2021-01-11 13:39:19,966 [pool-34-thread-1] INFO  storage.RaftStorageDirectory (RaftStorageDirectoryImpl.java:analyzeStorage(132)) - The storage directory /github/workspace/mnt/ozone/hadoop-ozone/integration-test/target/test-dir/MiniOzoneClusterImpl-264a93b1-c4bd-4819-8d38-c175a3498c4d/datanode-0/data/ratis/f5335cf3-7092-4145-92e1-8a8965f74491 does not exist. Creating ...
2021-01-11 13:39:19,973 [pool-34-thread-1] INFO  storage.RaftStorageDirectory (RaftStorageDirectoryImpl.java:tryLock(215)) - Lock on /github/workspace/mnt/ozone/hadoop-ozone/integration-test/target/test-dir/MiniOzoneClusterImpl-264a93b1-c4bd-4819-8d38-c175a3498c4d/datanode-0/data/ratis/f5335cf3-7092-4145-92e1-8a8965f74491/in_use.lock acquired by nodename 2815@baadf3146833
2021-01-11 13:39:19,981 [pool-34-thread-1] INFO  storage.RaftStorage (RaftStorageImpl.java:format(87)) - Storage directory /github/workspace/mnt/ozone/hadoop-ozone/integration-test/target/test-dir/MiniOzoneClusterImpl-264a93b1-c4bd-4819-8d38-c175a3498c4d/datanode-0/data/ratis/f5335cf3-7092-4145-92e1-8a8965f74491 has been successfully formatted.
2021-01-11 13:39:19,986 [EventQueue-PipelineReportForPipelineReportHandler] INFO  pipeline.PipelineStateManager (PipelineStateManager.java:openPipeline(132)) - Pipeline Pipeline[ Id: f5335cf3-7092-4145-92e1-8a8965f74491, Nodes: d78992b3-602b-478e-9e7d-48696c788850{ip: 172.17.0.2, host: baadf3146833, networkLocation: /default-rack, certSerialId: null, persistedOpState: IN_SERVICE, persistedOpStateExpiryEpochSec: 0}, Type:RATIS, Factor:ONE, State:ALLOCATED, leaderId:d78992b3-602b-478e-9e7d-48696c788850, CreationTimestamp2021-01-11T13:39:16.924Z] moved to OPEN state
2021-01-11 13:39:19,987 [EventQueue-PipelineReportForOneReplicaPipelineSafeModeRule] INFO  safemode.SCMSafeModeManager (SCMSafeModeManager.java:validateSafeModeExitRules(214)) - AtleastOneDatanodeReportedRule rule is successfully validated
2021-01-11 13:39:19,994 [pool-34-thread-1] INFO  ratis.ContainerStateMachine (ContainerStateMachine.java:loadSnapshot(223)) - group-8A8965F74491: The snapshot info is null. Setting the last applied indexto:(t:0, i:~)
2021-01-11 13:39:19,995 [EventQueue-OpenPipelineForHealthyPipelineSafeModeRule] INFO  safemode.SCMSafeModeManager (HealthyPipelineSafeModeRule.java:process(128)) - SCM in safe mode. Healthy pipelines reported count is 0, required healthy pipeline reported count is 1
2021-01-11 13:39:19,995 [pool-34-thread-1] ERROR storage.RaftStorage (RaftStorageImpl.java:readRaftConfiguration(147)) - Failed reading configuration from file:/github/workspace/mnt/ozone/hadoop-ozone/integration-test/target/test-dir/MiniOzoneClusterImpl-264a93b1-c4bd-4819-8d38-c175a3498c4d/datanode-0/data/ratis/f5335cf3-7092-4145-92e1-8a8965f74491/current/raft-meta.conf
java.io.FileNotFoundException: /github/workspace/mnt/ozone/hadoop-ozone/integration-test/target/test-dir/MiniOzoneClusterImpl-264a93b1-c4bd-4819-8d38-c175a3498c4d/datanode-0/data/ratis/f5335cf3-7092-4145-92e1-8a8965f74491/current/raft-meta.conf (No such file or directory)
	at java.io.FileInputStream.open0(Native Method)
	at java.io.FileInputStream.open(FileInputStream.java:195)
	at java.io.FileInputStream.<init>(FileInputStream.java:138)
	at org.apache.ratis.server.storage.RaftStorageImpl.readRaftConfiguration(RaftStorageImpl.java:143)
	at org.apache.ratis.server.impl.ServerState.<init>(ServerState.java:113)
	at org.apache.ratis.server.impl.RaftServerImpl.<init>(RaftServerImpl.java:192)
	at org.apache.ratis.server.impl.RaftServerProxy.lambda$newRaftServerImpl$4(RaftServerProxy.java:266)
	at java.util.concurrent.CompletableFuture$AsyncSupply.run(CompletableFuture.java:1604)
	at java.util.concurrent.ThreadPoolExecutor.runWorker(ThreadPoolExecutor.java:1149)
	at java.util.concurrent.ThreadPoolExecutor$Worker.run(ThreadPoolExecutor.java:624)
	at java.lang.Thread.run(Thread.java:748)
2021-01-11 13:39:19,999 [pool-34-thread-1] INFO  server.RaftServerConfigKeys (ConfUtils.java:logGet(44)) - raft.server.notification.no-leader.timeout = 300s (custom)
2021-01-11 13:39:20,002 [pool-34-thread-1] INFO  server.RaftServerConfigKeys (ConfUtils.java:logGet(44)) - raft.server.log.use.memory = false (default)
2021-01-11 13:39:20,013 [pool-34-thread-1] INFO  server.RaftServerConfigKeys (ConfUtils.java:logGet(44)) - raft.server.log.purge.gap = 1000000 (custom)
2021-01-11 13:39:20,014 [pool-34-thread-1] INFO  server.RaftServerConfigKeys (ConfUtils.java:logGet(44)) - raft.server.log.appender.buffer.byte-limit = 33554432 (custom)
2021-01-11 13:39:20,019 [pool-34-thread-1] INFO  metrics.RatisMetrics (RatisMetrics.java:lambda$create$0(36)) - Creating Metrics Registry : ratis.log_worker.d78992b3-602b-478e-9e7d-48696c788850@group-8A8965F74491
2021-01-11 13:39:20,041 [pool-34-thread-1] INFO  server.RaftServerConfigKeys (ConfUtils.java:logGet(44)) - raft.server.log.segment.size.max = 1048576 (custom)
2021-01-11 13:39:20,049 [pool-34-thread-1] INFO  server.RaftServerConfigKeys (ConfUtils.java:logGet(44)) - raft.server.log.segment.cache.num.max = 2 (custom)
2021-01-11 13:39:20,050 [pool-34-thread-1] INFO  server.RaftServerConfigKeys (ConfUtils.java:logGet(44)) - raft.server.log.segment.cache.size.max = 200MB (=209715200) (default)
2021-01-11 13:39:20,056 [pool-34-thread-1] INFO  segmented.SegmentedRaftLogWorker (SegmentedRaftLogWorker.java:<init>(181)) - new d78992b3-602b-478e-9e7d-48696c788850@group-8A8965F74491-SegmentedRaftLogWorker for RaftStorageImpl:Storage Directory /github/workspace/mnt/ozone/hadoop-ozone/integration-test/target/test-dir/MiniOzoneClusterImpl-264a93b1-c4bd-4819-8d38-c175a3498c4d/datanode-0/data/ratis/f5335cf3-7092-4145-92e1-8a8965f74491
2021-01-11 13:39:20,057 [pool-34-thread-1] INFO  server.RaftServerConfigKeys (ConfUtils.java:logGet(44)) - raft.server.log.queue.byte-limit = 2147483647 (custom)
2021-01-11 13:39:20,057 [pool-34-thread-1] INFO  server.RaftServerConfigKeys (ConfUtils.java:logGet(44)) - raft.server.log.queue.element-limit = 1024 (custom)
2021-01-11 13:39:20,058 [pool-34-thread-1] INFO  server.RaftServerConfigKeys (ConfUtils.java:logGet(44)) - raft.server.log.segment.size.max = 1048576 (custom)
2021-01-11 13:39:20,059 [pool-34-thread-1] INFO  server.RaftServerConfigKeys (ConfUtils.java:logGet(44)) - raft.server.log.preallocated.size = 16384 (custom)
2021-01-11 13:39:20,060 [pool-34-thread-1] INFO  server.RaftServerConfigKeys (ConfUtils.java:logGet(44)) - raft.server.log.force.sync.num = 128 (default)
2021-01-11 13:39:20,061 [pool-34-thread-1] INFO  server.RaftServerConfigKeys (ConfUtils.java:logGet(44)) - raft.server.log.statemachine.data.sync = true (default)
2021-01-11 13:39:20,061 [pool-34-thread-1] INFO  server.RaftServerConfigKeys (ConfUtils.java:logGet(44)) - raft.server.log.statemachine.data.sync.timeout = 10s (default)
2021-01-11 13:39:20,062 [pool-34-thread-1] INFO  server.RaftServerConfigKeys (ConfUtils.java:logGet(44)) - raft.server.log.statemachine.data.sync.timeout.retry = -1 (default)
2021-01-11 13:39:20,076 [pool-34-thread-1] INFO  server.RaftServerConfigKeys (ConfUtils.java:logGet(44)) - raft.server.log.write.buffer.size = 1048576 (custom)
2021-01-11 13:39:20,076 [pool-34-thread-1] INFO  server.RaftServerConfigKeys (ConfUtils.java:logGet(44)) - raft.server.log.statemachine.data.caching.enabled = true (custom)
2021-01-11 13:39:20,083 [pool-34-thread-1] INFO  segmented.SegmentedRaftLogWorker (SegmentedRaftLogWorker.java:lambda$new$0(132)) - d78992b3-602b-478e-9e7d-48696c788850@group-8A8965F74491-SegmentedRaftLogWorker: flushIndex: setUnconditionally 0 -> -1
2021-01-11 13:39:20,083 [pool-34-thread-1] INFO  segmented.SegmentedRaftLogWorker (SegmentedRaftLogWorker.java:lambda$new$0(132)) - d78992b3-602b-478e-9e7d-48696c788850@group-8A8965F74491-SegmentedRaftLogWorker: safeCacheEvictIndex: setUnconditionally 0 -> -1
2021-01-11 13:39:20,087 [pool-34-thread-1] INFO  server.RaftServerConfigKeys (ConfUtils.java:logGet(44)) - raft.server.snapshot.auto.trigger.enabled = true (custom)
2021-01-11 13:39:20,088 [pool-34-thread-1] INFO  server.RaftServerConfigKeys (ConfUtils.java:logGet(44)) - raft.server.snapshot.auto.trigger.threshold = 10000 (custom)
2021-01-11 13:39:20,088 [pool-34-thread-1] INFO  server.RaftServerConfigKeys (ConfUtils.java:logGet(44)) - raft.server.snapshot.retention.file.num = 5 (custom)
2021-01-11 13:39:20,089 [pool-34-thread-1] INFO  server.RaftServerConfigKeys (ConfUtils.java:logGet(44)) - raft.server.log.purge.upto.snapshot.index = false (default)
2021-01-11 13:39:20,090 [pool-34-thread-1] INFO  server.RaftServerConfigKeys (ConfUtils.java:logGet(44)) - raft.server.retrycache.expirytime = 600000ms (custom)
2021-01-11 13:39:20,090 [pool-34-thread-1] INFO  server.RaftServerConfigKeys (ConfUtils.java:logGet(44)) - raft.server.retrycache.statistics.expirytime = 100?s (default)
2021-01-11 13:39:20,110 [pool-34-thread-1] INFO  metrics.RatisMetrics (RatisMetrics.java:lambda$create$0(36)) - Creating Metrics Registry : ratis.leader_election.d78992b3-602b-478e-9e7d-48696c788850@group-8A8965F74491
2021-01-11 13:39:20,114 [pool-34-thread-1] INFO  metrics.RatisMetrics (RatisMetrics.java:lambda$create$0(36)) - Creating Metrics Registry : ratis.server.d78992b3-602b-478e-9e7d-48696c788850@group-8A8965F74491
2021-01-11 13:39:20,121 [pool-34-thread-1] INFO  server.RaftServer$Division (RaftServerImpl.java:start(294)) - d78992b3-602b-478e-9e7d-48696c788850@group-8A8965F74491: start as a follower, conf=-1: [d78992b3-602b-478e-9e7d-48696c788850|rpc:172.17.0.2:45881|priority:1], old=null
2021-01-11 13:39:20,122 [pool-34-thread-1] INFO  server.RaftServer$Division (RaftServerImpl.java:setRole(283)) - d78992b3-602b-478e-9e7d-48696c788850@group-8A8965F74491: changes role from      null to FOLLOWER at term 0 for startAsFollower
2021-01-11 13:39:20,124 [pool-34-thread-1] INFO  impl.RoleInfo (RoleInfo.java:updateAndGet(130)) - d78992b3-602b-478e-9e7d-48696c788850: start d78992b3-602b-478e-9e7d-48696c788850@group-8A8965F74491-FollowerState
2021-01-11 13:39:20,125 [pool-34-thread-1] INFO  util.JmxRegister (JmxRegister.java:tryRegister(44)) - Successfully registered JMX Bean with object name Ratis:service=RaftServer,group=group-8A8965F74491,id=d78992b3-602b-478e-9e7d-48696c788850
2021-01-11 13:39:20,126 [pool-34-thread-1] INFO  metrics.RatisMetrics (RatisMetrics.java:lambda$create$0(36)) - Creating Metrics Registry : ratis.state_machine.d78992b3-602b-478e-9e7d-48696c788850@group-8A8965F74491
2021-01-11 13:39:20,140 [Command processor thread] INFO  commandhandler.CreatePipelineCommandHandler (CreatePipelineCommandHandler.java:handle(106)) - Created Pipeline RATIS ONE PipelineID=f5335cf3-7092-4145-92e1-8a8965f74491.
2021-01-11 13:39:20,140 [Command processor thread] INFO  server.RaftServer (RaftServerProxy.java:addNew(95)) - d78992b3-602b-478e-9e7d-48696c788850: addNew group-B22E4B49B34A:[b04214a4-18bc-401b-ac78-706e463fcaca|rpc:172.17.0.2:37587|priority:1, d78992b3-602b-478e-9e7d-48696c788850|rpc:172.17.0.2:45881|priority:0, 3a92afea-e9db-48b3-aba3-1f3ecfd1b353|rpc:172.17.0.2:44909|priority:0] returns group-B22E4B49B34A:java.util.concurrent.CompletableFuture@16db2608[Not completed]
2021-01-11 13:39:20,148 [pool-34-thread-1] INFO  server.RaftServer$Division (RaftServerImpl.java:<init>(179)) - d78992b3-602b-478e-9e7d-48696c788850: new RaftServerImpl for group-B22E4B49B34A:[b04214a4-18bc-401b-ac78-706e463fcaca|rpc:172.17.0.2:37587|priority:1, d78992b3-602b-478e-9e7d-48696c788850|rpc:172.17.0.2:45881|priority:0, 3a92afea-e9db-48b3-aba3-1f3ecfd1b353|rpc:172.17.0.2:44909|priority:0] with ContainerStateMachine:uninitialized
2021-01-11 13:39:20,149 [pool-34-thread-1] INFO  server.RaftServerConfigKeys (ConfUtils.java:logGet(44)) - raft.server.rpc.timeout.min = 5s (custom)
2021-01-11 13:39:20,149 [pool-34-thread-1] INFO  server.RaftServerConfigKeys (ConfUtils.java:logGet(44)) - raft.server.rpc.timeout.max = 5200ms (custom)
2021-01-11 13:39:20,149 [pool-34-thread-1] INFO  server.RaftServerConfigKeys (ConfUtils.java:logGet(44)) - raft.server.rpc.sleep.time = 25ms (default)
2021-01-11 13:39:20,149 [pool-34-thread-1] INFO  server.RaftServerConfigKeys (ConfUtils.java:logGet(44)) - raft.server.rpc.slowness.timeout = 300s (custom)
2021-01-11 13:39:20,150 [pool-34-thread-1] INFO  server.RaftServerConfigKeys (ConfUtils.java:logGet(44)) - raft.server.leaderelection.leader.step-down.wait-time = 10s (default)
2021-01-11 13:39:20,150 [pool-34-thread-1] INFO  server.RaftServerConfigKeys (ConfUtils.java:logGet(44)) - raft.server.sleep.deviation.threshold = 300ms (default)
2021-01-11 13:39:20,150 [pool-34-thread-1] INFO  server.RaftServerConfigKeys (ConfUtils.java:logGet(44)) - raft.server.log.appender.install.snapshot.enabled = false (custom)
2021-01-11 13:39:20,150 [pool-34-thread-1] INFO  server.RaftServer$Division (ServerState.java:<init>(103)) - d78992b3-602b-478e-9e7d-48696c788850@group-B22E4B49B34A: ConfigurationManager, init=-1: [b04214a4-18bc-401b-ac78-706e463fcaca|rpc:172.17.0.2:37587|priority:1, d78992b3-602b-478e-9e7d-48696c788850|rpc:172.17.0.2:45881|priority:0, 3a92afea-e9db-48b3-aba3-1f3ecfd1b353|rpc:172.17.0.2:44909|priority:0], old=null, confs=<EMPTY_MAP>
2021-01-11 13:39:20,150 [pool-34-thread-1] INFO  server.RaftServerConfigKeys (ConfUtils.java:logGet(44)) - raft.server.storage.dir = [/github/workspace/mnt/ozone/hadoop-ozone/integration-test/target/test-dir/MiniOzoneClusterImpl-264a93b1-c4bd-4819-8d38-c175a3498c4d/datanode-0/data/ratis] (custom)
2021-01-11 13:39:20,150 [pool-34-thread-1] INFO  server.RaftServerConfigKeys (ConfUtils.java:logGet(44)) - raft.server.log.corruption.policy = EXCEPTION (default)
2021-01-11 13:39:20,150 [pool-34-thread-1] INFO  storage.RaftStorageDirectory (RaftStorageDirectoryImpl.java:analyzeStorage(132)) - The storage directory /github/workspace/mnt/ozone/hadoop-ozone/integration-test/target/test-dir/MiniOzoneClusterImpl-264a93b1-c4bd-4819-8d38-c175a3498c4d/datanode-0/data/ratis/d75988d3-7752-4da2-89be-b22e4b49b34a does not exist. Creating ...
2021-01-11 13:39:20,152 [pool-34-thread-1] INFO  storage.RaftStorageDirectory (RaftStorageDirectoryImpl.java:tryLock(215)) - Lock on /github/workspace/mnt/ozone/hadoop-ozone/integration-test/target/test-dir/MiniOzoneClusterImpl-264a93b1-c4bd-4819-8d38-c175a3498c4d/datanode-0/data/ratis/d75988d3-7752-4da2-89be-b22e4b49b34a/in_use.lock acquired by nodename 2815@baadf3146833
2021-01-11 13:39:20,154 [pool-34-thread-1] INFO  storage.RaftStorage (RaftStorageImpl.java:format(87)) - Storage directory /github/workspace/mnt/ozone/hadoop-ozone/integration-test/target/test-dir/MiniOzoneClusterImpl-264a93b1-c4bd-4819-8d38-c175a3498c4d/datanode-0/data/ratis/d75988d3-7752-4da2-89be-b22e4b49b34a has been successfully formatted.
2021-01-11 13:39:20,158 [EventQueue-PipelineReportForOneReplicaPipelineSafeModeRule] INFO  safemode.SCMSafeModeManager (SCMSafeModeManager.java:validateSafeModeExitRules(214)) - AtleastOneDatanodeReportedRule rule is successfully validated
2021-01-11 13:39:20,159 [pool-34-thread-1] INFO  ratis.ContainerStateMachine (ContainerStateMachine.java:loadSnapshot(223)) - group-B22E4B49B34A: The snapshot info is null. Setting the last applied indexto:(t:0, i:~)
2021-01-11 13:39:20,159 [EventQueue-OpenPipelineForHealthyPipelineSafeModeRule] INFO  safemode.SCMSafeModeManager (HealthyPipelineSafeModeRule.java:process(128)) - SCM in safe mode. Healthy pipelines reported count is 0, required healthy pipeline reported count is 1
2021-01-11 13:39:20,160 [pool-34-thread-1] ERROR storage.RaftStorage (RaftStorageImpl.java:readRaftConfiguration(147)) - Failed reading configuration from file:/github/workspace/mnt/ozone/hadoop-ozone/integration-test/target/test-dir/MiniOzoneClusterImpl-264a93b1-c4bd-4819-8d38-c175a3498c4d/datanode-0/data/ratis/d75988d3-7752-4da2-89be-b22e4b49b34a/current/raft-meta.conf
java.io.FileNotFoundException: /github/workspace/mnt/ozone/hadoop-ozone/integration-test/target/test-dir/MiniOzoneClusterImpl-264a93b1-c4bd-4819-8d38-c175a3498c4d/datanode-0/data/ratis/d75988d3-7752-4da2-89be-b22e4b49b34a/current/raft-meta.conf (No such file or directory)
	at java.io.FileInputStream.open0(Native Method)
	at java.io.FileInputStream.open(FileInputStream.java:195)
	at java.io.FileInputStream.<init>(FileInputStream.java:138)
	at org.apache.ratis.server.storage.RaftStorageImpl.readRaftConfiguration(RaftStorageImpl.java:143)
	at org.apache.ratis.server.impl.ServerState.<init>(ServerState.java:113)
	at org.apache.ratis.server.impl.RaftServerImpl.<init>(RaftServerImpl.java:192)
	at org.apache.ratis.server.impl.RaftServerProxy.lambda$newRaftServerImpl$4(RaftServerProxy.java:266)
	at java.util.concurrent.CompletableFuture$AsyncSupply.run(CompletableFuture.java:1604)
	at java.util.concurrent.ThreadPoolExecutor.runWorker(ThreadPoolExecutor.java:1149)
	at java.util.concurrent.ThreadPoolExecutor$Worker.run(ThreadPoolExecutor.java:624)
	at java.lang.Thread.run(Thread.java:748)
2021-01-11 13:39:20,161 [pool-34-thread-1] INFO  server.RaftServerConfigKeys (ConfUtils.java:logGet(44)) - raft.server.notification.no-leader.timeout = 300s (custom)
2021-01-11 13:39:20,161 [pool-34-thread-1] INFO  server.RaftServerConfigKeys (ConfUtils.java:logGet(44)) - raft.server.log.use.memory = false (default)
2021-01-11 13:39:20,161 [pool-34-thread-1] INFO  server.RaftServerConfigKeys (ConfUtils.java:logGet(44)) - raft.server.log.purge.gap = 1000000 (custom)
2021-01-11 13:39:20,161 [pool-34-thread-1] INFO  server.RaftServerConfigKeys (ConfUtils.java:logGet(44)) - raft.server.log.appender.buffer.byte-limit = 33554432 (custom)
2021-01-11 13:39:20,161 [pool-34-thread-1] INFO  metrics.RatisMetrics (RatisMetrics.java:lambda$create$0(36)) - Creating Metrics Registry : ratis.log_worker.d78992b3-602b-478e-9e7d-48696c788850@group-B22E4B49B34A
2021-01-11 13:39:20,161 [pool-34-thread-1] INFO  server.RaftServerConfigKeys (ConfUtils.java:logGet(44)) - raft.server.log.segment.size.max = 1048576 (custom)
2021-01-11 13:39:20,164 [pool-34-thread-1] INFO  server.RaftServerConfigKeys (ConfUtils.java:logGet(44)) - raft.server.log.segment.cache.num.max = 2 (custom)
2021-01-11 13:39:20,164 [pool-34-thread-1] INFO  server.RaftServerConfigKeys (ConfUtils.java:logGet(44)) - raft.server.log.segment.cache.size.max = 200MB (=209715200) (default)
2021-01-11 13:39:20,164 [pool-34-thread-1] INFO  segmented.SegmentedRaftLogWorker (SegmentedRaftLogWorker.java:<init>(181)) - new d78992b3-602b-478e-9e7d-48696c788850@group-B22E4B49B34A-SegmentedRaftLogWorker for RaftStorageImpl:Storage Directory /github/workspace/mnt/ozone/hadoop-ozone/integration-test/target/test-dir/MiniOzoneClusterImpl-264a93b1-c4bd-4819-8d38-c175a3498c4d/datanode-0/data/ratis/d75988d3-7752-4da2-89be-b22e4b49b34a
2021-01-11 13:39:20,164 [pool-34-thread-1] INFO  server.RaftServerConfigKeys (ConfUtils.java:logGet(44)) - raft.server.log.queue.byte-limit = 2147483647 (custom)
2021-01-11 13:39:20,166 [pool-34-thread-1] INFO  server.RaftServerConfigKeys (ConfUtils.java:logGet(44)) - raft.server.log.queue.element-limit = 1024 (custom)
2021-01-11 13:39:20,166 [pool-34-thread-1] INFO  server.RaftServerConfigKeys (ConfUtils.java:logGet(44)) - raft.server.log.segment.size.max = 1048576 (custom)
2021-01-11 13:39:20,166 [pool-34-thread-1] INFO  server.RaftServerConfigKeys (ConfUtils.java:logGet(44)) - raft.server.log.preallocated.size = 16384 (custom)
2021-01-11 13:39:20,166 [pool-34-thread-1] INFO  server.RaftServerConfigKeys (ConfUtils.java:logGet(44)) - raft.server.log.force.sync.num = 128 (default)
2021-01-11 13:39:20,166 [pool-34-thread-1] INFO  server.RaftServerConfigKeys (ConfUtils.java:logGet(44)) - raft.server.log.statemachine.data.sync = true (default)
2021-01-11 13:39:20,166 [pool-34-thread-1] INFO  server.RaftServerConfigKeys (ConfUtils.java:logGet(44)) - raft.server.log.statemachine.data.sync.timeout = 10s (default)
2021-01-11 13:39:20,166 [pool-34-thread-1] INFO  server.RaftServerConfigKeys (ConfUtils.java:logGet(44)) - raft.server.log.statemachine.data.sync.timeout.retry = -1 (default)
2021-01-11 13:39:20,168 [pool-34-thread-1] INFO  server.RaftServerConfigKeys (ConfUtils.java:logGet(44)) - raft.server.log.write.buffer.size = 1048576 (custom)
2021-01-11 13:39:20,170 [pool-34-thread-1] INFO  server.RaftServerConfigKeys (ConfUtils.java:logGet(44)) - raft.server.log.statemachine.data.caching.enabled = true (custom)
2021-01-11 13:39:20,170 [pool-34-thread-1] INFO  segmented.SegmentedRaftLogWorker (SegmentedRaftLogWorker.java:lambda$new$0(132)) - d78992b3-602b-478e-9e7d-48696c788850@group-B22E4B49B34A-SegmentedRaftLogWorker: flushIndex: setUnconditionally 0 -> -1
2021-01-11 13:39:20,170 [pool-34-thread-1] INFO  segmented.SegmentedRaftLogWorker (SegmentedRaftLogWorker.java:lambda$new$0(132)) - d78992b3-602b-478e-9e7d-48696c788850@group-B22E4B49B34A-SegmentedRaftLogWorker: safeCacheEvictIndex: setUnconditionally 0 -> -1
2021-01-11 13:39:20,174 [pool-34-thread-1] INFO  server.RaftServerConfigKeys (ConfUtils.java:logGet(44)) - raft.server.snapshot.auto.trigger.enabled = true (custom)
2021-01-11 13:39:20,174 [pool-34-thread-1] INFO  server.RaftServerConfigKeys (ConfUtils.java:logGet(44)) - raft.server.snapshot.auto.trigger.threshold = 10000 (custom)
2021-01-11 13:39:20,174 [pool-34-thread-1] INFO  server.RaftServerConfigKeys (ConfUtils.java:logGet(44)) - raft.server.snapshot.retention.file.num = 5 (custom)
2021-01-11 13:39:20,174 [pool-34-thread-1] INFO  server.RaftServerConfigKeys (ConfUtils.java:logGet(44)) - raft.server.log.purge.upto.snapshot.index = false (default)
2021-01-11 13:39:20,174 [pool-34-thread-1] INFO  server.RaftServerConfigKeys (ConfUtils.java:logGet(44)) - raft.server.retrycache.expirytime = 600000ms (custom)
2021-01-11 13:39:20,174 [pool-34-thread-1] INFO  server.RaftServerConfigKeys (ConfUtils.java:logGet(44)) - raft.server.retrycache.statistics.expirytime = 100?s (default)
2021-01-11 13:39:20,174 [pool-34-thread-1] INFO  metrics.RatisMetrics (RatisMetrics.java:lambda$create$0(36)) - Creating Metrics Registry : ratis.leader_election.d78992b3-602b-478e-9e7d-48696c788850@group-B22E4B49B34A
2021-01-11 13:39:20,175 [pool-34-thread-1] INFO  metrics.RatisMetrics (RatisMetrics.java:lambda$create$0(36)) - Creating Metrics Registry : ratis.server.d78992b3-602b-478e-9e7d-48696c788850@group-B22E4B49B34A
2021-01-11 13:39:20,176 [pool-34-thread-1] INFO  server.RaftServer$Division (RaftServerImpl.java:start(294)) - d78992b3-602b-478e-9e7d-48696c788850@group-B22E4B49B34A: start as a follower, conf=-1: [b04214a4-18bc-401b-ac78-706e463fcaca|rpc:172.17.0.2:37587|priority:1, d78992b3-602b-478e-9e7d-48696c788850|rpc:172.17.0.2:45881|priority:0, 3a92afea-e9db-48b3-aba3-1f3ecfd1b353|rpc:172.17.0.2:44909|priority:0], old=null
2021-01-11 13:39:20,176 [pool-34-thread-1] INFO  server.RaftServer$Division (RaftServerImpl.java:setRole(283)) - d78992b3-602b-478e-9e7d-48696c788850@group-B22E4B49B34A: changes role from      null to FOLLOWER at term 0 for startAsFollower
2021-01-11 13:39:20,176 [pool-34-thread-1] INFO  impl.RoleInfo (RoleInfo.java:updateAndGet(130)) - d78992b3-602b-478e-9e7d-48696c788850: start d78992b3-602b-478e-9e7d-48696c788850@group-B22E4B49B34A-FollowerState
2021-01-11 13:39:20,182 [pool-34-thread-1] INFO  util.JmxRegister (JmxRegister.java:tryRegister(44)) - Successfully registered JMX Bean with object name Ratis:service=RaftServer,group=group-B22E4B49B34A,id=d78992b3-602b-478e-9e7d-48696c788850
2021-01-11 13:39:20,182 [pool-34-thread-1] INFO  metrics.RatisMetrics (RatisMetrics.java:lambda$create$0(36)) - Creating Metrics Registry : ratis.state_machine.d78992b3-602b-478e-9e7d-48696c788850@group-B22E4B49B34A
2021-01-11 13:39:20,194 [Command processor thread] INFO  server.RaftServer (RaftServerProxy.java:addNew(95)) - 3a92afea-e9db-48b3-aba3-1f3ecfd1b353: addNew group-EBBB6508D112:[3a92afea-e9db-48b3-aba3-1f3ecfd1b353|rpc:172.17.0.2:44909|priority:1] returns group-EBBB6508D112:java.util.concurrent.CompletableFuture@1c13eed9[Not completed]
2021-01-11 13:39:20,200 [EventQueue-PipelineReportForOneReplicaPipelineSafeModeRule] INFO  safemode.SCMSafeModeManager (SCMSafeModeManager.java:validateSafeModeExitRules(214)) - AtleastOneDatanodeReportedRule rule is successfully validated
2021-01-11 13:39:20,209 [pool-49-thread-1] INFO  server.RaftServer$Division (RaftServerImpl.java:<init>(179)) - 3a92afea-e9db-48b3-aba3-1f3ecfd1b353: new RaftServerImpl for group-EBBB6508D112:[3a92afea-e9db-48b3-aba3-1f3ecfd1b353|rpc:172.17.0.2:44909|priority:1] with ContainerStateMachine:uninitialized
2021-01-11 13:39:20,210 [pool-49-thread-1] INFO  server.RaftServerConfigKeys (ConfUtils.java:logGet(44)) - raft.server.rpc.timeout.min = 5s (custom)
2021-01-11 13:39:20,210 [pool-49-thread-1] INFO  server.RaftServerConfigKeys (ConfUtils.java:logGet(44)) - raft.server.rpc.timeout.max = 5200ms (custom)
2021-01-11 13:39:20,210 [pool-49-thread-1] INFO  server.RaftServerConfigKeys (ConfUtils.java:logGet(44)) - raft.server.rpc.sleep.time = 25ms (default)
2021-01-11 13:39:20,211 [pool-49-thread-1] INFO  server.RaftServerConfigKeys (ConfUtils.java:logGet(44)) - raft.server.rpc.slowness.timeout = 300s (custom)
2021-01-11 13:39:20,211 [pool-49-thread-1] INFO  server.RaftServerConfigKeys (ConfUtils.java:logGet(44)) - raft.server.leaderelection.leader.step-down.wait-time = 10s (default)
2021-01-11 13:39:20,211 [pool-49-thread-1] INFO  server.RaftServerConfigKeys (ConfUtils.java:logGet(44)) - raft.server.sleep.deviation.threshold = 300ms (default)
2021-01-11 13:39:20,211 [pool-49-thread-1] INFO  server.RaftServerConfigKeys (ConfUtils.java:logGet(44)) - raft.server.log.appender.install.snapshot.enabled = false (custom)
2021-01-11 13:39:20,211 [pool-49-thread-1] INFO  server.RaftServer$Division (ServerState.java:<init>(103)) - 3a92afea-e9db-48b3-aba3-1f3ecfd1b353@group-EBBB6508D112: ConfigurationManager, init=-1: [3a92afea-e9db-48b3-aba3-1f3ecfd1b353|rpc:172.17.0.2:44909|priority:1], old=null, confs=<EMPTY_MAP>
2021-01-11 13:39:20,211 [pool-49-thread-1] INFO  server.RaftServerConfigKeys (ConfUtils.java:logGet(44)) - raft.server.storage.dir = [/github/workspace/mnt/ozone/hadoop-ozone/integration-test/target/test-dir/MiniOzoneClusterImpl-264a93b1-c4bd-4819-8d38-c175a3498c4d/datanode-1/data/ratis] (custom)
2021-01-11 13:39:20,211 [pool-49-thread-1] INFO  server.RaftServerConfigKeys (ConfUtils.java:logGet(44)) - raft.server.log.corruption.policy = EXCEPTION (default)
2021-01-11 13:39:20,211 [pool-49-thread-1] INFO  storage.RaftStorageDirectory (RaftStorageDirectoryImpl.java:analyzeStorage(132)) - The storage directory /github/workspace/mnt/ozone/hadoop-ozone/integration-test/target/test-dir/MiniOzoneClusterImpl-264a93b1-c4bd-4819-8d38-c175a3498c4d/datanode-1/data/ratis/87b78622-db21-44ef-a193-ebbb6508d112 does not exist. Creating ...
2021-01-11 13:39:20,214 [pool-49-thread-1] INFO  storage.RaftStorageDirectory (RaftStorageDirectoryImpl.java:tryLock(215)) - Lock on /github/workspace/mnt/ozone/hadoop-ozone/integration-test/target/test-dir/MiniOzoneClusterImpl-264a93b1-c4bd-4819-8d38-c175a3498c4d/datanode-1/data/ratis/87b78622-db21-44ef-a193-ebbb6508d112/in_use.lock acquired by nodename 2815@baadf3146833
2021-01-11 13:39:20,216 [pool-49-thread-1] INFO  storage.RaftStorage (RaftStorageImpl.java:format(87)) - Storage directory /github/workspace/mnt/ozone/hadoop-ozone/integration-test/target/test-dir/MiniOzoneClusterImpl-264a93b1-c4bd-4819-8d38-c175a3498c4d/datanode-1/data/ratis/87b78622-db21-44ef-a193-ebbb6508d112 has been successfully formatted.
2021-01-11 13:39:20,217 [pool-49-thread-1] INFO  ratis.ContainerStateMachine (ContainerStateMachine.java:loadSnapshot(223)) - group-EBBB6508D112: The snapshot info is null. Setting the last applied indexto:(t:0, i:~)
2021-01-11 13:39:20,218 [pool-49-thread-1] ERROR storage.RaftStorage (RaftStorageImpl.java:readRaftConfiguration(147)) - Failed reading configuration from file:/github/workspace/mnt/ozone/hadoop-ozone/integration-test/target/test-dir/MiniOzoneClusterImpl-264a93b1-c4bd-4819-8d38-c175a3498c4d/datanode-1/data/ratis/87b78622-db21-44ef-a193-ebbb6508d112/current/raft-meta.conf
java.io.FileNotFoundException: /github/workspace/mnt/ozone/hadoop-ozone/integration-test/target/test-dir/MiniOzoneClusterImpl-264a93b1-c4bd-4819-8d38-c175a3498c4d/datanode-1/data/ratis/87b78622-db21-44ef-a193-ebbb6508d112/current/raft-meta.conf (No such file or directory)
	at java.io.FileInputStream.open0(Native Method)
	at java.io.FileInputStream.open(FileInputStream.java:195)
	at java.io.FileInputStream.<init>(FileInputStream.java:138)
	at org.apache.ratis.server.storage.RaftStorageImpl.readRaftConfiguration(RaftStorageImpl.java:143)
	at org.apache.ratis.server.impl.ServerState.<init>(ServerState.java:113)
	at org.apache.ratis.server.impl.RaftServerImpl.<init>(RaftServerImpl.java:192)
	at org.apache.ratis.server.impl.RaftServerProxy.lambda$newRaftServerImpl$4(RaftServerProxy.java:266)
	at java.util.concurrent.CompletableFuture$AsyncSupply.run(CompletableFuture.java:1604)
	at java.util.concurrent.ThreadPoolExecutor.runWorker(ThreadPoolExecutor.java:1149)
	at java.util.concurrent.ThreadPoolExecutor$Worker.run(ThreadPoolExecutor.java:624)
	at java.lang.Thread.run(Thread.java:748)
2021-01-11 13:39:20,219 [pool-49-thread-1] INFO  server.RaftServerConfigKeys (ConfUtils.java:logGet(44)) - raft.server.notification.no-leader.timeout = 300s (custom)
2021-01-11 13:39:20,221 [EventQueue-PipelineReportForOneReplicaPipelineSafeModeRule] INFO  safemode.SCMSafeModeManager (SCMSafeModeManager.java:validateSafeModeExitRules(214)) - AtleastOneDatanodeReportedRule rule is successfully validated
2021-01-11 13:39:20,221 [pool-49-thread-1] INFO  server.RaftServerConfigKeys (ConfUtils.java:logGet(44)) - raft.server.log.use.memory = false (default)
2021-01-11 13:39:20,221 [EventQueue-PipelineReportForPipelineReportHandler] INFO  pipeline.PipelineStateManager (PipelineStateManager.java:openPipeline(132)) - Pipeline Pipeline[ Id: 87b78622-db21-44ef-a193-ebbb6508d112, Nodes: 3a92afea-e9db-48b3-aba3-1f3ecfd1b353{ip: 172.17.0.2, host: baadf3146833, networkLocation: /default-rack, certSerialId: null, persistedOpState: IN_SERVICE, persistedOpStateExpiryEpochSec: 0}, Type:RATIS, Factor:ONE, State:ALLOCATED, leaderId:3a92afea-e9db-48b3-aba3-1f3ecfd1b353, CreationTimestamp2021-01-11T13:39:17.197Z] moved to OPEN state
2021-01-11 13:39:20,222 [EventQueue-OpenPipelineForHealthyPipelineSafeModeRule] INFO  safemode.SCMSafeModeManager (HealthyPipelineSafeModeRule.java:process(128)) - SCM in safe mode. Healthy pipelines reported count is 0, required healthy pipeline reported count is 1
2021-01-11 13:39:20,223 [pool-49-thread-1] INFO  server.RaftServerConfigKeys (ConfUtils.java:logGet(44)) - raft.server.log.purge.gap = 1000000 (custom)
2021-01-11 13:39:20,223 [pool-49-thread-1] INFO  server.RaftServerConfigKeys (ConfUtils.java:logGet(44)) - raft.server.log.appender.buffer.byte-limit = 33554432 (custom)
2021-01-11 13:39:20,223 [pool-49-thread-1] INFO  metrics.RatisMetrics (RatisMetrics.java:lambda$create$0(36)) - Creating Metrics Registry : ratis.log_worker.3a92afea-e9db-48b3-aba3-1f3ecfd1b353@group-EBBB6508D112
2021-01-11 13:39:20,224 [pool-49-thread-1] INFO  server.RaftServerConfigKeys (ConfUtils.java:logGet(44)) - raft.server.log.segment.size.max = 1048576 (custom)
2021-01-11 13:39:20,224 [pool-49-thread-1] INFO  server.RaftServerConfigKeys (ConfUtils.java:logGet(44)) - raft.server.log.segment.cache.num.max = 2 (custom)
2021-01-11 13:39:20,224 [pool-49-thread-1] INFO  server.RaftServerConfigKeys (ConfUtils.java:logGet(44)) - raft.server.log.segment.cache.size.max = 200MB (=209715200) (default)
2021-01-11 13:39:20,224 [pool-49-thread-1] INFO  segmented.SegmentedRaftLogWorker (SegmentedRaftLogWorker.java:<init>(181)) - new 3a92afea-e9db-48b3-aba3-1f3ecfd1b353@group-EBBB6508D112-SegmentedRaftLogWorker for RaftStorageImpl:Storage Directory /github/workspace/mnt/ozone/hadoop-ozone/integration-test/target/test-dir/MiniOzoneClusterImpl-264a93b1-c4bd-4819-8d38-c175a3498c4d/datanode-1/data/ratis/87b78622-db21-44ef-a193-ebbb6508d112
2021-01-11 13:39:20,225 [pool-49-thread-1] INFO  server.RaftServerConfigKeys (ConfUtils.java:logGet(44)) - raft.server.log.queue.byte-limit = 2147483647 (custom)
2021-01-11 13:39:20,225 [pool-49-thread-1] INFO  server.RaftServerConfigKeys (ConfUtils.java:logGet(44)) - raft.server.log.queue.element-limit = 1024 (custom)
2021-01-11 13:39:20,225 [pool-49-thread-1] INFO  server.RaftServerConfigKeys (ConfUtils.java:logGet(44)) - raft.server.log.segment.size.max = 1048576 (custom)
2021-01-11 13:39:20,225 [pool-49-thread-1] INFO  server.RaftServerConfigKeys (ConfUtils.java:logGet(44)) - raft.server.log.preallocated.size = 16384 (custom)
2021-01-11 13:39:20,225 [pool-49-thread-1] INFO  server.RaftServerConfigKeys (ConfUtils.java:logGet(44)) - raft.server.log.force.sync.num = 128 (default)
2021-01-11 13:39:20,225 [pool-49-thread-1] INFO  server.RaftServerConfigKeys (ConfUtils.java:logGet(44)) - raft.server.log.statemachine.data.sync = true (default)
2021-01-11 13:39:20,225 [pool-49-thread-1] INFO  server.RaftServerConfigKeys (ConfUtils.java:logGet(44)) - raft.server.log.statemachine.data.sync.timeout = 10s (default)
2021-01-11 13:39:20,225 [pool-49-thread-1] INFO  server.RaftServerConfigKeys (ConfUtils.java:logGet(44)) - raft.server.log.statemachine.data.sync.timeout.retry = -1 (default)
2021-01-11 13:39:20,235 [pool-49-thread-1] INFO  server.RaftServerConfigKeys (ConfUtils.java:logGet(44)) - raft.server.log.write.buffer.size = 1048576 (custom)
2021-01-11 13:39:20,235 [pool-49-thread-1] INFO  server.RaftServerConfigKeys (ConfUtils.java:logGet(44)) - raft.server.log.statemachine.data.caching.enabled = true (custom)
2021-01-11 13:39:20,235 [pool-49-thread-1] INFO  segmented.SegmentedRaftLogWorker (SegmentedRaftLogWorker.java:lambda$new$0(132)) - 3a92afea-e9db-48b3-aba3-1f3ecfd1b353@group-EBBB6508D112-SegmentedRaftLogWorker: flushIndex: setUnconditionally 0 -> -1
2021-01-11 13:39:20,235 [pool-49-thread-1] INFO  segmented.SegmentedRaftLogWorker (SegmentedRaftLogWorker.java:lambda$new$0(132)) - 3a92afea-e9db-48b3-aba3-1f3ecfd1b353@group-EBBB6508D112-SegmentedRaftLogWorker: safeCacheEvictIndex: setUnconditionally 0 -> -1
2021-01-11 13:39:20,242 [pool-49-thread-1] INFO  server.RaftServerConfigKeys (ConfUtils.java:logGet(44)) - raft.server.snapshot.auto.trigger.enabled = true (custom)
2021-01-11 13:39:20,242 [pool-49-thread-1] INFO  server.RaftServerConfigKeys (ConfUtils.java:logGet(44)) - raft.server.snapshot.auto.trigger.threshold = 10000 (custom)
2021-01-11 13:39:20,242 [pool-49-thread-1] INFO  server.RaftServerConfigKeys (ConfUtils.java:logGet(44)) - raft.server.snapshot.retention.file.num = 5 (custom)
2021-01-11 13:39:20,242 [pool-49-thread-1] INFO  server.RaftServerConfigKeys (ConfUtils.java:logGet(44)) - raft.server.log.purge.upto.snapshot.index = false (default)
2021-01-11 13:39:20,242 [pool-49-thread-1] INFO  server.RaftServerConfigKeys (ConfUtils.java:logGet(44)) - raft.server.retrycache.expirytime = 600000ms (custom)
2021-01-11 13:39:20,242 [pool-49-thread-1] INFO  server.RaftServerConfigKeys (ConfUtils.java:logGet(44)) - raft.server.retrycache.statistics.expirytime = 100?s (default)
2021-01-11 13:39:20,243 [pool-49-thread-1] INFO  metrics.RatisMetrics (RatisMetrics.java:lambda$create$0(36)) - Creating Metrics Registry : ratis.leader_election.3a92afea-e9db-48b3-aba3-1f3ecfd1b353@group-EBBB6508D112
2021-01-11 13:39:20,243 [pool-49-thread-1] INFO  metrics.RatisMetrics (RatisMetrics.java:lambda$create$0(36)) - Creating Metrics Registry : ratis.server.3a92afea-e9db-48b3-aba3-1f3ecfd1b353@group-EBBB6508D112
2021-01-11 13:39:20,244 [pool-49-thread-1] INFO  server.RaftServer$Division (RaftServerImpl.java:start(294)) - 3a92afea-e9db-48b3-aba3-1f3ecfd1b353@group-EBBB6508D112: start as a follower, conf=-1: [3a92afea-e9db-48b3-aba3-1f3ecfd1b353|rpc:172.17.0.2:44909|priority:1], old=null
2021-01-11 13:39:20,244 [pool-49-thread-1] INFO  server.RaftServer$Division (RaftServerImpl.java:setRole(283)) - 3a92afea-e9db-48b3-aba3-1f3ecfd1b353@group-EBBB6508D112: changes role from      null to FOLLOWER at term 0 for startAsFollower
2021-01-11 13:39:20,244 [pool-49-thread-1] INFO  impl.RoleInfo (RoleInfo.java:updateAndGet(130)) - 3a92afea-e9db-48b3-aba3-1f3ecfd1b353: start 3a92afea-e9db-48b3-aba3-1f3ecfd1b353@group-EBBB6508D112-FollowerState
2021-01-11 13:39:20,258 [pool-49-thread-1] INFO  util.JmxRegister (JmxRegister.java:tryRegister(44)) - Successfully registered JMX Bean with object name Ratis:service=RaftServer,group=group-EBBB6508D112,id=3a92afea-e9db-48b3-aba3-1f3ecfd1b353
2021-01-11 13:39:20,262 [pool-49-thread-1] INFO  metrics.RatisMetrics (RatisMetrics.java:lambda$create$0(36)) - Creating Metrics Registry : ratis.state_machine.3a92afea-e9db-48b3-aba3-1f3ecfd1b353@group-EBBB6508D112
2021-01-11 13:39:20,263 [Command processor thread] INFO  commandhandler.CreatePipelineCommandHandler (CreatePipelineCommandHandler.java:handle(106)) - Created Pipeline RATIS ONE PipelineID=87b78622-db21-44ef-a193-ebbb6508d112.
2021-01-11 13:39:20,266 [Command processor thread] INFO  server.RaftServer (RaftServerProxy.java:addNew(95)) - 3a92afea-e9db-48b3-aba3-1f3ecfd1b353: addNew group-B22E4B49B34A:[b04214a4-18bc-401b-ac78-706e463fcaca|rpc:172.17.0.2:37587|priority:1, d78992b3-602b-478e-9e7d-48696c788850|rpc:172.17.0.2:45881|priority:0, 3a92afea-e9db-48b3-aba3-1f3ecfd1b353|rpc:172.17.0.2:44909|priority:0] returns group-B22E4B49B34A:java.util.concurrent.CompletableFuture@182c6983[Not completed]
2021-01-11 13:39:20,267 [pool-49-thread-1] INFO  server.RaftServer$Division (RaftServerImpl.java:<init>(179)) - 3a92afea-e9db-48b3-aba3-1f3ecfd1b353: new RaftServerImpl for group-B22E4B49B34A:[b04214a4-18bc-401b-ac78-706e463fcaca|rpc:172.17.0.2:37587|priority:1, d78992b3-602b-478e-9e7d-48696c788850|rpc:172.17.0.2:45881|priority:0, 3a92afea-e9db-48b3-aba3-1f3ecfd1b353|rpc:172.17.0.2:44909|priority:0] with ContainerStateMachine:uninitialized
2021-01-11 13:39:20,267 [pool-49-thread-1] INFO  server.RaftServerConfigKeys (ConfUtils.java:logGet(44)) - raft.server.rpc.timeout.min = 5s (custom)
2021-01-11 13:39:20,267 [pool-49-thread-1] INFO  server.RaftServerConfigKeys (ConfUtils.java:logGet(44)) - raft.server.rpc.timeout.max = 5200ms (custom)
2021-01-11 13:39:20,267 [pool-49-thread-1] INFO  server.RaftServerConfigKeys (ConfUtils.java:logGet(44)) - raft.server.rpc.sleep.time = 25ms (default)
2021-01-11 13:39:20,267 [pool-49-thread-1] INFO  server.RaftServerConfigKeys (ConfUtils.java:logGet(44)) - raft.server.rpc.slowness.timeout = 300s (custom)
2021-01-11 13:39:20,267 [pool-49-thread-1] INFO  server.RaftServerConfigKeys (ConfUtils.java:logGet(44)) - raft.server.leaderelection.leader.step-down.wait-time = 10s (default)
2021-01-11 13:39:20,267 [pool-49-thread-1] INFO  server.RaftServerConfigKeys (ConfUtils.java:logGet(44)) - raft.server.sleep.deviation.threshold = 300ms (default)
2021-01-11 13:39:20,268 [pool-49-thread-1] INFO  server.RaftServerConfigKeys (ConfUtils.java:logGet(44)) - raft.server.log.appender.install.snapshot.enabled = false (custom)
2021-01-11 13:39:20,268 [pool-49-thread-1] INFO  server.RaftServer$Division (ServerState.java:<init>(103)) - 3a92afea-e9db-48b3-aba3-1f3ecfd1b353@group-B22E4B49B34A: ConfigurationManager, init=-1: [b04214a4-18bc-401b-ac78-706e463fcaca|rpc:172.17.0.2:37587|priority:1, d78992b3-602b-478e-9e7d-48696c788850|rpc:172.17.0.2:45881|priority:0, 3a92afea-e9db-48b3-aba3-1f3ecfd1b353|rpc:172.17.0.2:44909|priority:0], old=null, confs=<EMPTY_MAP>
2021-01-11 13:39:20,268 [pool-49-thread-1] INFO  server.RaftServerConfigKeys (ConfUtils.java:logGet(44)) - raft.server.storage.dir = [/github/workspace/mnt/ozone/hadoop-ozone/integration-test/target/test-dir/MiniOzoneClusterImpl-264a93b1-c4bd-4819-8d38-c175a3498c4d/datanode-1/data/ratis] (custom)
2021-01-11 13:39:20,268 [pool-49-thread-1] INFO  server.RaftServerConfigKeys (ConfUtils.java:logGet(44)) - raft.server.log.corruption.policy = EXCEPTION (default)
2021-01-11 13:39:20,268 [pool-49-thread-1] INFO  storage.RaftStorageDirectory (RaftStorageDirectoryImpl.java:analyzeStorage(132)) - The storage directory /github/workspace/mnt/ozone/hadoop-ozone/integration-test/target/test-dir/MiniOzoneClusterImpl-264a93b1-c4bd-4819-8d38-c175a3498c4d/datanode-1/data/ratis/d75988d3-7752-4da2-89be-b22e4b49b34a does not exist. Creating ...
2021-01-11 13:39:20,270 [pool-49-thread-1] INFO  storage.RaftStorageDirectory (RaftStorageDirectoryImpl.java:tryLock(215)) - Lock on /github/workspace/mnt/ozone/hadoop-ozone/integration-test/target/test-dir/MiniOzoneClusterImpl-264a93b1-c4bd-4819-8d38-c175a3498c4d/datanode-1/data/ratis/d75988d3-7752-4da2-89be-b22e4b49b34a/in_use.lock acquired by nodename 2815@baadf3146833
2021-01-11 13:39:20,271 [pool-49-thread-1] INFO  storage.RaftStorage (RaftStorageImpl.java:format(87)) - Storage directory /github/workspace/mnt/ozone/hadoop-ozone/integration-test/target/test-dir/MiniOzoneClusterImpl-264a93b1-c4bd-4819-8d38-c175a3498c4d/datanode-1/data/ratis/d75988d3-7752-4da2-89be-b22e4b49b34a has been successfully formatted.
2021-01-11 13:39:20,272 [pool-49-thread-1] INFO  ratis.ContainerStateMachine (ContainerStateMachine.java:loadSnapshot(223)) - group-B22E4B49B34A: The snapshot info is null. Setting the last applied indexto:(t:0, i:~)
2021-01-11 13:39:20,272 [pool-49-thread-1] ERROR storage.RaftStorage (RaftStorageImpl.java:readRaftConfiguration(147)) - Failed reading configuration from file:/github/workspace/mnt/ozone/hadoop-ozone/integration-test/target/test-dir/MiniOzoneClusterImpl-264a93b1-c4bd-4819-8d38-c175a3498c4d/datanode-1/data/ratis/d75988d3-7752-4da2-89be-b22e4b49b34a/current/raft-meta.conf
java.io.FileNotFoundException: /github/workspace/mnt/ozone/hadoop-ozone/integration-test/target/test-dir/MiniOzoneClusterImpl-264a93b1-c4bd-4819-8d38-c175a3498c4d/datanode-1/data/ratis/d75988d3-7752-4da2-89be-b22e4b49b34a/current/raft-meta.conf (No such file or directory)
	at java.io.FileInputStream.open0(Native Method)
	at java.io.FileInputStream.open(FileInputStream.java:195)
	at java.io.FileInputStream.<init>(FileInputStream.java:138)
	at org.apache.ratis.server.storage.RaftStorageImpl.readRaftConfiguration(RaftStorageImpl.java:143)
	at org.apache.ratis.server.impl.ServerState.<init>(ServerState.java:113)
	at org.apache.ratis.server.impl.RaftServerImpl.<init>(RaftServerImpl.java:192)
	at org.apache.ratis.server.impl.RaftServerProxy.lambda$newRaftServerImpl$4(RaftServerProxy.java:266)
	at java.util.concurrent.CompletableFuture$AsyncSupply.run(CompletableFuture.java:1604)
	at java.util.concurrent.ThreadPoolExecutor.runWorker(ThreadPoolExecutor.java:1149)
	at java.util.concurrent.ThreadPoolExecutor$Worker.run(ThreadPoolExecutor.java:624)
	at java.lang.Thread.run(Thread.java:748)
2021-01-11 13:39:20,274 [pool-49-thread-1] INFO  server.RaftServerConfigKeys (ConfUtils.java:logGet(44)) - raft.server.notification.no-leader.timeout = 300s (custom)
2021-01-11 13:39:20,274 [EventQueue-OpenPipelineForHealthyPipelineSafeModeRule] INFO  safemode.SCMSafeModeManager (HealthyPipelineSafeModeRule.java:process(128)) - SCM in safe mode. Healthy pipelines reported count is 0, required healthy pipeline reported count is 1
2021-01-11 13:39:20,274 [EventQueue-PipelineReportForOneReplicaPipelineSafeModeRule] INFO  safemode.SCMSafeModeManager (SCMSafeModeManager.java:validateSafeModeExitRules(214)) - AtleastOneDatanodeReportedRule rule is successfully validated
2021-01-11 13:39:20,275 [pool-49-thread-1] INFO  server.RaftServerConfigKeys (ConfUtils.java:logGet(44)) - raft.server.log.use.memory = false (default)
2021-01-11 13:39:20,275 [pool-49-thread-1] INFO  server.RaftServerConfigKeys (ConfUtils.java:logGet(44)) - raft.server.log.purge.gap = 1000000 (custom)
2021-01-11 13:39:20,275 [pool-49-thread-1] INFO  server.RaftServerConfigKeys (ConfUtils.java:logGet(44)) - raft.server.log.appender.buffer.byte-limit = 33554432 (custom)
2021-01-11 13:39:20,275 [pool-49-thread-1] INFO  metrics.RatisMetrics (RatisMetrics.java:lambda$create$0(36)) - Creating Metrics Registry : ratis.log_worker.3a92afea-e9db-48b3-aba3-1f3ecfd1b353@group-B22E4B49B34A
2021-01-11 13:39:20,276 [pool-49-thread-1] INFO  server.RaftServerConfigKeys (ConfUtils.java:logGet(44)) - raft.server.log.segment.size.max = 1048576 (custom)
2021-01-11 13:39:20,276 [pool-49-thread-1] INFO  server.RaftServerConfigKeys (ConfUtils.java:logGet(44)) - raft.server.log.segment.cache.num.max = 2 (custom)
2021-01-11 13:39:20,277 [pool-49-thread-1] INFO  server.RaftServerConfigKeys (ConfUtils.java:logGet(44)) - raft.server.log.segment.cache.size.max = 200MB (=209715200) (default)
2021-01-11 13:39:20,277 [pool-49-thread-1] INFO  segmented.SegmentedRaftLogWorker (SegmentedRaftLogWorker.java:<init>(181)) - new 3a92afea-e9db-48b3-aba3-1f3ecfd1b353@group-B22E4B49B34A-SegmentedRaftLogWorker for RaftStorageImpl:Storage Directory /github/workspace/mnt/ozone/hadoop-ozone/integration-test/target/test-dir/MiniOzoneClusterImpl-264a93b1-c4bd-4819-8d38-c175a3498c4d/datanode-1/data/ratis/d75988d3-7752-4da2-89be-b22e4b49b34a
2021-01-11 13:39:20,278 [pool-49-thread-1] INFO  server.RaftServerConfigKeys (ConfUtils.java:logGet(44)) - raft.server.log.queue.byte-limit = 2147483647 (custom)
2021-01-11 13:39:20,278 [pool-49-thread-1] INFO  server.RaftServerConfigKeys (ConfUtils.java:logGet(44)) - raft.server.log.queue.element-limit = 1024 (custom)
2021-01-11 13:39:20,278 [pool-49-thread-1] INFO  server.RaftServerConfigKeys (ConfUtils.java:logGet(44)) - raft.server.log.segment.size.max = 1048576 (custom)
2021-01-11 13:39:20,278 [pool-49-thread-1] INFO  server.RaftServerConfigKeys (ConfUtils.java:logGet(44)) - raft.server.log.preallocated.size = 16384 (custom)
2021-01-11 13:39:20,278 [pool-49-thread-1] INFO  server.RaftServerConfigKeys (ConfUtils.java:logGet(44)) - raft.server.log.force.sync.num = 128 (default)
2021-01-11 13:39:20,278 [pool-49-thread-1] INFO  server.RaftServerConfigKeys (ConfUtils.java:logGet(44)) - raft.server.log.statemachine.data.sync = true (default)
2021-01-11 13:39:20,278 [pool-49-thread-1] INFO  server.RaftServerConfigKeys (ConfUtils.java:logGet(44)) - raft.server.log.statemachine.data.sync.timeout = 10s (default)
2021-01-11 13:39:20,278 [pool-49-thread-1] INFO  server.RaftServerConfigKeys (ConfUtils.java:logGet(44)) - raft.server.log.statemachine.data.sync.timeout.retry = -1 (default)
2021-01-11 13:39:20,281 [pool-49-thread-1] INFO  server.RaftServerConfigKeys (ConfUtils.java:logGet(44)) - raft.server.log.write.buffer.size = 1048576 (custom)
2021-01-11 13:39:20,282 [pool-49-thread-1] INFO  server.RaftServerConfigKeys (ConfUtils.java:logGet(44)) - raft.server.log.statemachine.data.caching.enabled = true (custom)
2021-01-11 13:39:20,283 [pool-49-thread-1] INFO  segmented.SegmentedRaftLogWorker (SegmentedRaftLogWorker.java:lambda$new$0(132)) - 3a92afea-e9db-48b3-aba3-1f3ecfd1b353@group-B22E4B49B34A-SegmentedRaftLogWorker: flushIndex: setUnconditionally 0 -> -1
2021-01-11 13:39:20,283 [pool-49-thread-1] INFO  segmented.SegmentedRaftLogWorker (SegmentedRaftLogWorker.java:lambda$new$0(132)) - 3a92afea-e9db-48b3-aba3-1f3ecfd1b353@group-B22E4B49B34A-SegmentedRaftLogWorker: safeCacheEvictIndex: setUnconditionally 0 -> -1
2021-01-11 13:39:20,288 [pool-49-thread-1] INFO  server.RaftServerConfigKeys (ConfUtils.java:logGet(44)) - raft.server.snapshot.auto.trigger.enabled = true (custom)
2021-01-11 13:39:20,288 [pool-49-thread-1] INFO  server.RaftServerConfigKeys (ConfUtils.java:logGet(44)) - raft.server.snapshot.auto.trigger.threshold = 10000 (custom)
2021-01-11 13:39:20,288 [pool-49-thread-1] INFO  server.RaftServerConfigKeys (ConfUtils.java:logGet(44)) - raft.server.snapshot.retention.file.num = 5 (custom)
2021-01-11 13:39:20,288 [pool-49-thread-1] INFO  server.RaftServerConfigKeys (ConfUtils.java:logGet(44)) - raft.server.log.purge.upto.snapshot.index = false (default)
2021-01-11 13:39:20,288 [pool-49-thread-1] INFO  server.RaftServerConfigKeys (ConfUtils.java:logGet(44)) - raft.server.retrycache.expirytime = 600000ms (custom)
2021-01-11 13:39:20,289 [pool-49-thread-1] INFO  server.RaftServerConfigKeys (ConfUtils.java:logGet(44)) - raft.server.retrycache.statistics.expirytime = 100?s (default)
2021-01-11 13:39:20,289 [pool-49-thread-1] INFO  metrics.RatisMetrics (RatisMetrics.java:lambda$create$0(36)) - Creating Metrics Registry : ratis.leader_election.3a92afea-e9db-48b3-aba3-1f3ecfd1b353@group-B22E4B49B34A
2021-01-11 13:39:20,289 [pool-49-thread-1] INFO  metrics.RatisMetrics (RatisMetrics.java:lambda$create$0(36)) - Creating Metrics Registry : ratis.server.3a92afea-e9db-48b3-aba3-1f3ecfd1b353@group-B22E4B49B34A
2021-01-11 13:39:20,290 [pool-49-thread-1] INFO  server.RaftServer$Division (RaftServerImpl.java:start(294)) - 3a92afea-e9db-48b3-aba3-1f3ecfd1b353@group-B22E4B49B34A: start as a follower, conf=-1: [b04214a4-18bc-401b-ac78-706e463fcaca|rpc:172.17.0.2:37587|priority:1, d78992b3-602b-478e-9e7d-48696c788850|rpc:172.17.0.2:45881|priority:0, 3a92afea-e9db-48b3-aba3-1f3ecfd1b353|rpc:172.17.0.2:44909|priority:0], old=null
2021-01-11 13:39:20,290 [pool-49-thread-1] INFO  server.RaftServer$Division (RaftServerImpl.java:setRole(283)) - 3a92afea-e9db-48b3-aba3-1f3ecfd1b353@group-B22E4B49B34A: changes role from      null to FOLLOWER at term 0 for startAsFollower
2021-01-11 13:39:20,291 [pool-49-thread-1] INFO  impl.RoleInfo (RoleInfo.java:updateAndGet(130)) - 3a92afea-e9db-48b3-aba3-1f3ecfd1b353: start 3a92afea-e9db-48b3-aba3-1f3ecfd1b353@group-B22E4B49B34A-FollowerState
2021-01-11 13:39:20,292 [pool-49-thread-1] INFO  util.JmxRegister (JmxRegister.java:tryRegister(44)) - Successfully registered JMX Bean with object name Ratis:service=RaftServer,group=group-B22E4B49B34A,id=3a92afea-e9db-48b3-aba3-1f3ecfd1b353
2021-01-11 13:39:20,292 [pool-49-thread-1] INFO  metrics.RatisMetrics (RatisMetrics.java:lambda$create$0(36)) - Creating Metrics Registry : ratis.state_machine.3a92afea-e9db-48b3-aba3-1f3ecfd1b353@group-B22E4B49B34A
2021-01-11 13:39:20,299 [Command processor thread] INFO  metrics.RatisMetrics (RatisMetrics.java:lambda$create$0(36)) - Creating Metrics Registry : ratis.client_message_metrics.client-AEE96089ED4B->b04214a4-18bc-401b-ac78-706e463fcaca
2021-01-11 13:39:20,299 [Command processor thread] INFO  metrics.RatisMetrics (RatisMetrics.java:lambda$create$0(36)) - Creating Metrics Registry : ratis.client_message_metrics.client-A2A9DC7A649D->b04214a4-18bc-401b-ac78-706e463fcaca
2021-01-11 13:39:20,572 [Command processor thread] INFO  server.RaftServer (RaftServerProxy.java:addNew(95)) - b04214a4-18bc-401b-ac78-706e463fcaca: addNew group-2B843E4ABAE5:[b04214a4-18bc-401b-ac78-706e463fcaca|rpc:172.17.0.2:37587|priority:1] returns group-2B843E4ABAE5:java.util.concurrent.CompletableFuture@5396228[Not completed]
2021-01-11 13:39:20,572 [EventQueue-PipelineReportForOneReplicaPipelineSafeModeRule] INFO  safemode.SCMSafeModeManager (SCMSafeModeManager.java:validateSafeModeExitRules(214)) - AtleastOneDatanodeReportedRule rule is successfully validated
2021-01-11 13:39:20,596 [pool-66-thread-1] INFO  server.RaftServer$Division (RaftServerImpl.java:<init>(179)) - b04214a4-18bc-401b-ac78-706e463fcaca: new RaftServerImpl for group-2B843E4ABAE5:[b04214a4-18bc-401b-ac78-706e463fcaca|rpc:172.17.0.2:37587|priority:1] with ContainerStateMachine:uninitialized
2021-01-11 13:39:20,606 [pool-66-thread-1] INFO  server.RaftServerConfigKeys (ConfUtils.java:logGet(44)) - raft.server.rpc.timeout.min = 5s (custom)
2021-01-11 13:39:20,607 [pool-66-thread-1] INFO  server.RaftServerConfigKeys (ConfUtils.java:logGet(44)) - raft.server.rpc.timeout.max = 5200ms (custom)
2021-01-11 13:39:20,607 [pool-66-thread-1] INFO  server.RaftServerConfigKeys (ConfUtils.java:logGet(44)) - raft.server.rpc.sleep.time = 25ms (default)
2021-01-11 13:39:20,607 [pool-66-thread-1] INFO  server.RaftServerConfigKeys (ConfUtils.java:logGet(44)) - raft.server.rpc.slowness.timeout = 300s (custom)
2021-01-11 13:39:20,607 [pool-66-thread-1] INFO  server.RaftServerConfigKeys (ConfUtils.java:logGet(44)) - raft.server.leaderelection.leader.step-down.wait-time = 10s (default)
2021-01-11 13:39:20,607 [pool-66-thread-1] INFO  server.RaftServerConfigKeys (ConfUtils.java:logGet(44)) - raft.server.sleep.deviation.threshold = 300ms (default)
2021-01-11 13:39:20,607 [pool-66-thread-1] INFO  server.RaftServerConfigKeys (ConfUtils.java:logGet(44)) - raft.server.log.appender.install.snapshot.enabled = false (custom)
2021-01-11 13:39:20,607 [pool-66-thread-1] INFO  server.RaftServer$Division (ServerState.java:<init>(103)) - b04214a4-18bc-401b-ac78-706e463fcaca@group-2B843E4ABAE5: ConfigurationManager, init=-1: [b04214a4-18bc-401b-ac78-706e463fcaca|rpc:172.17.0.2:37587|priority:1], old=null, confs=<EMPTY_MAP>
2021-01-11 13:39:20,607 [pool-66-thread-1] INFO  server.RaftServerConfigKeys (ConfUtils.java:logGet(44)) - raft.server.storage.dir = [/github/workspace/mnt/ozone/hadoop-ozone/integration-test/target/test-dir/MiniOzoneClusterImpl-264a93b1-c4bd-4819-8d38-c175a3498c4d/datanode-2/data/ratis] (custom)
2021-01-11 13:39:20,607 [pool-66-thread-1] INFO  server.RaftServerConfigKeys (ConfUtils.java:logGet(44)) - raft.server.log.corruption.policy = EXCEPTION (default)
2021-01-11 13:39:20,607 [pool-66-thread-1] INFO  storage.RaftStorageDirectory (RaftStorageDirectoryImpl.java:analyzeStorage(132)) - The storage directory /github/workspace/mnt/ozone/hadoop-ozone/integration-test/target/test-dir/MiniOzoneClusterImpl-264a93b1-c4bd-4819-8d38-c175a3498c4d/datanode-2/data/ratis/7c941d16-df04-4c50-b023-2b843e4abae5 does not exist. Creating ...
2021-01-11 13:39:20,609 [pool-66-thread-1] INFO  storage.RaftStorageDirectory (RaftStorageDirectoryImpl.java:tryLock(215)) - Lock on /github/workspace/mnt/ozone/hadoop-ozone/integration-test/target/test-dir/MiniOzoneClusterImpl-264a93b1-c4bd-4819-8d38-c175a3498c4d/datanode-2/data/ratis/7c941d16-df04-4c50-b023-2b843e4abae5/in_use.lock acquired by nodename 2815@baadf3146833
2021-01-11 13:39:20,610 [pool-66-thread-1] INFO  storage.RaftStorage (RaftStorageImpl.java:format(87)) - Storage directory /github/workspace/mnt/ozone/hadoop-ozone/integration-test/target/test-dir/MiniOzoneClusterImpl-264a93b1-c4bd-4819-8d38-c175a3498c4d/datanode-2/data/ratis/7c941d16-df04-4c50-b023-2b843e4abae5 has been successfully formatted.
2021-01-11 13:39:20,611 [pool-66-thread-1] INFO  ratis.ContainerStateMachine (ContainerStateMachine.java:loadSnapshot(223)) - group-2B843E4ABAE5: The snapshot info is null. Setting the last applied indexto:(t:0, i:~)
2021-01-11 13:39:20,611 [pool-66-thread-1] ERROR storage.RaftStorage (RaftStorageImpl.java:readRaftConfiguration(147)) - Failed reading configuration from file:/github/workspace/mnt/ozone/hadoop-ozone/integration-test/target/test-dir/MiniOzoneClusterImpl-264a93b1-c4bd-4819-8d38-c175a3498c4d/datanode-2/data/ratis/7c941d16-df04-4c50-b023-2b843e4abae5/current/raft-meta.conf
java.io.FileNotFoundException: /github/workspace/mnt/ozone/hadoop-ozone/integration-test/target/test-dir/MiniOzoneClusterImpl-264a93b1-c4bd-4819-8d38-c175a3498c4d/datanode-2/data/ratis/7c941d16-df04-4c50-b023-2b843e4abae5/current/raft-meta.conf (No such file or directory)
	at java.io.FileInputStream.open0(Native Method)
	at java.io.FileInputStream.open(FileInputStream.java:195)
	at java.io.FileInputStream.<init>(FileInputStream.java:138)
	at org.apache.ratis.server.storage.RaftStorageImpl.readRaftConfiguration(RaftStorageImpl.java:143)
	at org.apache.ratis.server.impl.ServerState.<init>(ServerState.java:113)
	at org.apache.ratis.server.impl.RaftServerImpl.<init>(RaftServerImpl.java:192)
	at org.apache.ratis.server.impl.RaftServerProxy.lambda$newRaftServerImpl$4(RaftServerProxy.java:266)
	at java.util.concurrent.CompletableFuture$AsyncSupply.run(CompletableFuture.java:1604)
	at java.util.concurrent.ThreadPoolExecutor.runWorker(ThreadPoolExecutor.java:1149)
	at java.util.concurrent.ThreadPoolExecutor$Worker.run(ThreadPoolExecutor.java:624)
	at java.lang.Thread.run(Thread.java:748)
2021-01-11 13:39:20,611 [pool-66-thread-1] INFO  server.RaftServerConfigKeys (ConfUtils.java:logGet(44)) - raft.server.notification.no-leader.timeout = 300s (custom)
2021-01-11 13:39:20,611 [pool-66-thread-1] INFO  server.RaftServerConfigKeys (ConfUtils.java:logGet(44)) - raft.server.log.use.memory = false (default)
2021-01-11 13:39:20,611 [pool-66-thread-1] INFO  server.RaftServerConfigKeys (ConfUtils.java:logGet(44)) - raft.server.log.purge.gap = 1000000 (custom)
2021-01-11 13:39:20,611 [pool-66-thread-1] INFO  server.RaftServerConfigKeys (ConfUtils.java:logGet(44)) - raft.server.log.appender.buffer.byte-limit = 33554432 (custom)
2021-01-11 13:39:20,611 [pool-66-thread-1] INFO  metrics.RatisMetrics (RatisMetrics.java:lambda$create$0(36)) - Creating Metrics Registry : ratis.log_worker.b04214a4-18bc-401b-ac78-706e463fcaca@group-2B843E4ABAE5
2021-01-11 13:39:20,612 [pool-66-thread-1] INFO  server.RaftServerConfigKeys (ConfUtils.java:logGet(44)) - raft.server.log.segment.size.max = 1048576 (custom)
2021-01-11 13:39:20,613 [pool-66-thread-1] INFO  server.RaftServerConfigKeys (ConfUtils.java:logGet(44)) - raft.server.log.segment.cache.num.max = 2 (custom)
2021-01-11 13:39:20,613 [pool-66-thread-1] INFO  server.RaftServerConfigKeys (ConfUtils.java:logGet(44)) - raft.server.log.segment.cache.size.max = 200MB (=209715200) (default)
2021-01-11 13:39:20,613 [pool-66-thread-1] INFO  segmented.SegmentedRaftLogWorker (SegmentedRaftLogWorker.java:<init>(181)) - new b04214a4-18bc-401b-ac78-706e463fcaca@group-2B843E4ABAE5-SegmentedRaftLogWorker for RaftStorageImpl:Storage Directory /github/workspace/mnt/ozone/hadoop-ozone/integration-test/target/test-dir/MiniOzoneClusterImpl-264a93b1-c4bd-4819-8d38-c175a3498c4d/datanode-2/data/ratis/7c941d16-df04-4c50-b023-2b843e4abae5
2021-01-11 13:39:20,613 [pool-66-thread-1] INFO  server.RaftServerConfigKeys (ConfUtils.java:logGet(44)) - raft.server.log.queue.byte-limit = 2147483647 (custom)
2021-01-11 13:39:20,613 [pool-66-thread-1] INFO  server.RaftServerConfigKeys (ConfUtils.java:logGet(44)) - raft.server.log.queue.element-limit = 1024 (custom)
2021-01-11 13:39:20,613 [pool-66-thread-1] INFO  server.RaftServerConfigKeys (ConfUtils.java:logGet(44)) - raft.server.log.segment.size.max = 1048576 (custom)
2021-01-11 13:39:20,613 [pool-66-thread-1] INFO  server.RaftServerConfigKeys (ConfUtils.java:logGet(44)) - raft.server.log.preallocated.size = 16384 (custom)
2021-01-11 13:39:20,613 [pool-66-thread-1] INFO  server.RaftServerConfigKeys (ConfUtils.java:logGet(44)) - raft.server.log.force.sync.num = 128 (default)
2021-01-11 13:39:20,613 [pool-66-thread-1] INFO  server.RaftServerConfigKeys (ConfUtils.java:logGet(44)) - raft.server.log.statemachine.data.sync = true (default)
2021-01-11 13:39:20,613 [pool-66-thread-1] INFO  server.RaftServerConfigKeys (ConfUtils.java:logGet(44)) - raft.server.log.statemachine.data.sync.timeout = 10s (default)
2021-01-11 13:39:20,613 [pool-66-thread-1] INFO  server.RaftServerConfigKeys (ConfUtils.java:logGet(44)) - raft.server.log.statemachine.data.sync.timeout.retry = -1 (default)
2021-01-11 13:39:20,615 [pool-66-thread-1] INFO  server.RaftServerConfigKeys (ConfUtils.java:logGet(44)) - raft.server.log.write.buffer.size = 1048576 (custom)
2021-01-11 13:39:20,615 [pool-66-thread-1] INFO  server.RaftServerConfigKeys (ConfUtils.java:logGet(44)) - raft.server.log.statemachine.data.caching.enabled = true (custom)
2021-01-11 13:39:20,616 [pool-66-thread-1] INFO  segmented.SegmentedRaftLogWorker (SegmentedRaftLogWorker.java:lambda$new$0(132)) - b04214a4-18bc-401b-ac78-706e463fcaca@group-2B843E4ABAE5-SegmentedRaftLogWorker: flushIndex: setUnconditionally 0 -> -1
2021-01-11 13:39:20,616 [pool-66-thread-1] INFO  segmented.SegmentedRaftLogWorker (SegmentedRaftLogWorker.java:lambda$new$0(132)) - b04214a4-18bc-401b-ac78-706e463fcaca@group-2B843E4ABAE5-SegmentedRaftLogWorker: safeCacheEvictIndex: setUnconditionally 0 -> -1
2021-01-11 13:39:20,627 [pool-66-thread-1] INFO  server.RaftServerConfigKeys (ConfUtils.java:logGet(44)) - raft.server.snapshot.auto.trigger.enabled = true (custom)
2021-01-11 13:39:20,627 [pool-66-thread-1] INFO  server.RaftServerConfigKeys (ConfUtils.java:logGet(44)) - raft.server.snapshot.auto.trigger.threshold = 10000 (custom)
2021-01-11 13:39:20,627 [pool-66-thread-1] INFO  server.RaftServerConfigKeys (ConfUtils.java:logGet(44)) - raft.server.snapshot.retention.file.num = 5 (custom)
2021-01-11 13:39:20,627 [pool-66-thread-1] INFO  server.RaftServerConfigKeys (ConfUtils.java:logGet(44)) - raft.server.log.purge.upto.snapshot.index = false (default)
2021-01-11 13:39:20,627 [pool-66-thread-1] INFO  server.RaftServerConfigKeys (ConfUtils.java:logGet(44)) - raft.server.retrycache.expirytime = 600000ms (custom)
2021-01-11 13:39:20,628 [pool-66-thread-1] INFO  server.RaftServerConfigKeys (ConfUtils.java:logGet(44)) - raft.server.retrycache.statistics.expirytime = 100?s (default)
2021-01-11 13:39:20,628 [pool-66-thread-1] INFO  metrics.RatisMetrics (RatisMetrics.java:lambda$create$0(36)) - Creating Metrics Registry : ratis.leader_election.b04214a4-18bc-401b-ac78-706e463fcaca@group-2B843E4ABAE5
2021-01-11 13:39:20,628 [pool-66-thread-1] INFO  metrics.RatisMetrics (RatisMetrics.java:lambda$create$0(36)) - Creating Metrics Registry : ratis.server.b04214a4-18bc-401b-ac78-706e463fcaca@group-2B843E4ABAE5
2021-01-11 13:39:20,630 [EventQueue-PipelineReportForOneReplicaPipelineSafeModeRule] INFO  safemode.SCMSafeModeManager (SCMSafeModeManager.java:validateSafeModeExitRules(214)) - AtleastOneDatanodeReportedRule rule is successfully validated
2021-01-11 13:39:20,630 [pool-66-thread-1] INFO  server.RaftServer$Division (RaftServerImpl.java:start(294)) - b04214a4-18bc-401b-ac78-706e463fcaca@group-2B843E4ABAE5: start as a follower, conf=-1: [b04214a4-18bc-401b-ac78-706e463fcaca|rpc:172.17.0.2:37587|priority:1], old=null
2021-01-11 13:39:20,630 [pool-66-thread-1] INFO  server.RaftServer$Division (RaftServerImpl.java:setRole(283)) - b04214a4-18bc-401b-ac78-706e463fcaca@group-2B843E4ABAE5: changes role from      null to FOLLOWER at term 0 for startAsFollower
2021-01-11 13:39:20,630 [EventQueue-PipelineReportForPipelineReportHandler] INFO  pipeline.PipelineStateManager (PipelineStateManager.java:openPipeline(132)) - Pipeline Pipeline[ Id: 7c941d16-df04-4c50-b023-2b843e4abae5, Nodes: b04214a4-18bc-401b-ac78-706e463fcaca{ip: 172.17.0.2, host: baadf3146833, networkLocation: /default-rack, certSerialId: null, persistedOpState: IN_SERVICE, persistedOpStateExpiryEpochSec: 0}, Type:RATIS, Factor:ONE, State:ALLOCATED, leaderId:b04214a4-18bc-401b-ac78-706e463fcaca, CreationTimestamp2021-01-11T13:39:17.556Z] moved to OPEN state
2021-01-11 13:39:20,630 [EventQueue-OpenPipelineForHealthyPipelineSafeModeRule] INFO  safemode.SCMSafeModeManager (HealthyPipelineSafeModeRule.java:process(128)) - SCM in safe mode. Healthy pipelines reported count is 0, required healthy pipeline reported count is 1
2021-01-11 13:39:20,630 [pool-66-thread-1] INFO  impl.RoleInfo (RoleInfo.java:updateAndGet(130)) - b04214a4-18bc-401b-ac78-706e463fcaca: start b04214a4-18bc-401b-ac78-706e463fcaca@group-2B843E4ABAE5-FollowerState
2021-01-11 13:39:20,645 [pool-66-thread-1] INFO  util.JmxRegister (JmxRegister.java:tryRegister(44)) - Successfully registered JMX Bean with object name Ratis:service=RaftServer,group=group-2B843E4ABAE5,id=b04214a4-18bc-401b-ac78-706e463fcaca
2021-01-11 13:39:20,645 [pool-66-thread-1] INFO  metrics.RatisMetrics (RatisMetrics.java:lambda$create$0(36)) - Creating Metrics Registry : ratis.state_machine.b04214a4-18bc-401b-ac78-706e463fcaca@group-2B843E4ABAE5
2021-01-11 13:39:20,658 [Command processor thread] INFO  commandhandler.CreatePipelineCommandHandler (CreatePipelineCommandHandler.java:handle(106)) - Created Pipeline RATIS ONE PipelineID=7c941d16-df04-4c50-b023-2b843e4abae5.
2021-01-11 13:39:20,659 [Command processor thread] INFO  server.RaftServer (RaftServerProxy.java:addNew(95)) - b04214a4-18bc-401b-ac78-706e463fcaca: addNew group-B22E4B49B34A:[b04214a4-18bc-401b-ac78-706e463fcaca|rpc:172.17.0.2:37587|priority:1, d78992b3-602b-478e-9e7d-48696c788850|rpc:172.17.0.2:45881|priority:0, 3a92afea-e9db-48b3-aba3-1f3ecfd1b353|rpc:172.17.0.2:44909|priority:0] returns group-B22E4B49B34A:java.util.concurrent.CompletableFuture@106f657[Not completed]
2021-01-11 13:39:20,660 [pool-66-thread-1] INFO  server.RaftServer$Division (RaftServerImpl.java:<init>(179)) - b04214a4-18bc-401b-ac78-706e463fcaca: new RaftServerImpl for group-B22E4B49B34A:[b04214a4-18bc-401b-ac78-706e463fcaca|rpc:172.17.0.2:37587|priority:1, d78992b3-602b-478e-9e7d-48696c788850|rpc:172.17.0.2:45881|priority:0, 3a92afea-e9db-48b3-aba3-1f3ecfd1b353|rpc:172.17.0.2:44909|priority:0] with ContainerStateMachine:uninitialized
2021-01-11 13:39:20,660 [pool-66-thread-1] INFO  server.RaftServerConfigKeys (ConfUtils.java:logGet(44)) - raft.server.rpc.timeout.min = 5s (custom)
2021-01-11 13:39:20,660 [pool-66-thread-1] INFO  server.RaftServerConfigKeys (ConfUtils.java:logGet(44)) - raft.server.rpc.timeout.max = 5200ms (custom)
2021-01-11 13:39:20,660 [pool-66-thread-1] INFO  server.RaftServerConfigKeys (ConfUtils.java:logGet(44)) - raft.server.rpc.sleep.time = 25ms (default)
2021-01-11 13:39:20,660 [pool-66-thread-1] INFO  server.RaftServerConfigKeys (ConfUtils.java:logGet(44)) - raft.server.rpc.slowness.timeout = 300s (custom)
2021-01-11 13:39:20,661 [pool-66-thread-1] INFO  server.RaftServerConfigKeys (ConfUtils.java:logGet(44)) - raft.server.leaderelection.leader.step-down.wait-time = 10s (default)
2021-01-11 13:39:20,661 [pool-66-thread-1] INFO  server.RaftServerConfigKeys (ConfUtils.java:logGet(44)) - raft.server.sleep.deviation.threshold = 300ms (default)
2021-01-11 13:39:20,661 [pool-66-thread-1] INFO  server.RaftServerConfigKeys (ConfUtils.java:logGet(44)) - raft.server.log.appender.install.snapshot.enabled = false (custom)
2021-01-11 13:39:20,661 [pool-66-thread-1] INFO  server.RaftServer$Division (ServerState.java:<init>(103)) - b04214a4-18bc-401b-ac78-706e463fcaca@group-B22E4B49B34A: ConfigurationManager, init=-1: [b04214a4-18bc-401b-ac78-706e463fcaca|rpc:172.17.0.2:37587|priority:1, d78992b3-602b-478e-9e7d-48696c788850|rpc:172.17.0.2:45881|priority:0, 3a92afea-e9db-48b3-aba3-1f3ecfd1b353|rpc:172.17.0.2:44909|priority:0], old=null, confs=<EMPTY_MAP>
2021-01-11 13:39:20,661 [pool-66-thread-1] INFO  server.RaftServerConfigKeys (ConfUtils.java:logGet(44)) - raft.server.storage.dir = [/github/workspace/mnt/ozone/hadoop-ozone/integration-test/target/test-dir/MiniOzoneClusterImpl-264a93b1-c4bd-4819-8d38-c175a3498c4d/datanode-2/data/ratis] (custom)
2021-01-11 13:39:20,661 [pool-66-thread-1] INFO  server.RaftServerConfigKeys (ConfUtils.java:logGet(44)) - raft.server.log.corruption.policy = EXCEPTION (default)
2021-01-11 13:39:20,661 [pool-66-thread-1] INFO  storage.RaftStorageDirectory (RaftStorageDirectoryImpl.java:analyzeStorage(132)) - The storage directory /github/workspace/mnt/ozone/hadoop-ozone/integration-test/target/test-dir/MiniOzoneClusterImpl-264a93b1-c4bd-4819-8d38-c175a3498c4d/datanode-2/data/ratis/d75988d3-7752-4da2-89be-b22e4b49b34a does not exist. Creating ...
2021-01-11 13:39:20,664 [pool-66-thread-1] INFO  storage.RaftStorageDirectory (RaftStorageDirectoryImpl.java:tryLock(215)) - Lock on /github/workspace/mnt/ozone/hadoop-ozone/integration-test/target/test-dir/MiniOzoneClusterImpl-264a93b1-c4bd-4819-8d38-c175a3498c4d/datanode-2/data/ratis/d75988d3-7752-4da2-89be-b22e4b49b34a/in_use.lock acquired by nodename 2815@baadf3146833
2021-01-11 13:39:20,666 [pool-66-thread-1] INFO  storage.RaftStorage (RaftStorageImpl.java:format(87)) - Storage directory /github/workspace/mnt/ozone/hadoop-ozone/integration-test/target/test-dir/MiniOzoneClusterImpl-264a93b1-c4bd-4819-8d38-c175a3498c4d/datanode-2/data/ratis/d75988d3-7752-4da2-89be-b22e4b49b34a has been successfully formatted.
2021-01-11 13:39:20,666 [pool-66-thread-1] INFO  ratis.ContainerStateMachine (ContainerStateMachine.java:loadSnapshot(223)) - group-B22E4B49B34A: The snapshot info is null. Setting the last applied indexto:(t:0, i:~)
2021-01-11 13:39:20,667 [pool-66-thread-1] ERROR storage.RaftStorage (RaftStorageImpl.java:readRaftConfiguration(147)) - Failed reading configuration from file:/github/workspace/mnt/ozone/hadoop-ozone/integration-test/target/test-dir/MiniOzoneClusterImpl-264a93b1-c4bd-4819-8d38-c175a3498c4d/datanode-2/data/ratis/d75988d3-7752-4da2-89be-b22e4b49b34a/current/raft-meta.conf
java.io.FileNotFoundException: /github/workspace/mnt/ozone/hadoop-ozone/integration-test/target/test-dir/MiniOzoneClusterImpl-264a93b1-c4bd-4819-8d38-c175a3498c4d/datanode-2/data/ratis/d75988d3-7752-4da2-89be-b22e4b49b34a/current/raft-meta.conf (No such file or directory)
	at java.io.FileInputStream.open0(Native Method)
	at java.io.FileInputStream.open(FileInputStream.java:195)
	at java.io.FileInputStream.<init>(FileInputStream.java:138)
	at org.apache.ratis.server.storage.RaftStorageImpl.readRaftConfiguration(RaftStorageImpl.java:143)
	at org.apache.ratis.server.impl.ServerState.<init>(ServerState.java:113)
	at org.apache.ratis.server.impl.RaftServerImpl.<init>(RaftServerImpl.java:192)
	at org.apache.ratis.server.impl.RaftServerProxy.lambda$newRaftServerImpl$4(RaftServerProxy.java:266)
	at java.util.concurrent.CompletableFuture$AsyncSupply.run(CompletableFuture.java:1604)
	at java.util.concurrent.ThreadPoolExecutor.runWorker(ThreadPoolExecutor.java:1149)
	at java.util.concurrent.ThreadPoolExecutor$Worker.run(ThreadPoolExecutor.java:624)
	at java.lang.Thread.run(Thread.java:748)
2021-01-11 13:39:20,667 [pool-66-thread-1] INFO  server.RaftServerConfigKeys (ConfUtils.java:logGet(44)) - raft.server.notification.no-leader.timeout = 300s (custom)
2021-01-11 13:39:20,667 [pool-66-thread-1] INFO  server.RaftServerConfigKeys (ConfUtils.java:logGet(44)) - raft.server.log.use.memory = false (default)
2021-01-11 13:39:20,667 [pool-66-thread-1] INFO  server.RaftServerConfigKeys (ConfUtils.java:logGet(44)) - raft.server.log.purge.gap = 1000000 (custom)
2021-01-11 13:39:20,667 [pool-66-thread-1] INFO  server.RaftServerConfigKeys (ConfUtils.java:logGet(44)) - raft.server.log.appender.buffer.byte-limit = 33554432 (custom)
2021-01-11 13:39:20,667 [pool-66-thread-1] INFO  metrics.RatisMetrics (RatisMetrics.java:lambda$create$0(36)) - Creating Metrics Registry : ratis.log_worker.b04214a4-18bc-401b-ac78-706e463fcaca@group-B22E4B49B34A
2021-01-11 13:39:20,668 [pool-66-thread-1] INFO  server.RaftServerConfigKeys (ConfUtils.java:logGet(44)) - raft.server.log.segment.size.max = 1048576 (custom)
2021-01-11 13:39:20,670 [EventQueue-OpenPipelineForHealthyPipelineSafeModeRule] INFO  safemode.SCMSafeModeManager (HealthyPipelineSafeModeRule.java:process(128)) - SCM in safe mode. Healthy pipelines reported count is 0, required healthy pipeline reported count is 1
2021-01-11 13:39:20,670 [EventQueue-PipelineReportForOneReplicaPipelineSafeModeRule] INFO  safemode.SCMSafeModeManager (SCMSafeModeManager.java:validateSafeModeExitRules(214)) - AtleastOneDatanodeReportedRule rule is successfully validated
2021-01-11 13:39:20,671 [pool-66-thread-1] INFO  server.RaftServerConfigKeys (ConfUtils.java:logGet(44)) - raft.server.log.segment.cache.num.max = 2 (custom)
2021-01-11 13:39:20,671 [pool-66-thread-1] INFO  server.RaftServerConfigKeys (ConfUtils.java:logGet(44)) - raft.server.log.segment.cache.size.max = 200MB (=209715200) (default)
2021-01-11 13:39:20,671 [pool-66-thread-1] INFO  segmented.SegmentedRaftLogWorker (SegmentedRaftLogWorker.java:<init>(181)) - new b04214a4-18bc-401b-ac78-706e463fcaca@group-B22E4B49B34A-SegmentedRaftLogWorker for RaftStorageImpl:Storage Directory /github/workspace/mnt/ozone/hadoop-ozone/integration-test/target/test-dir/MiniOzoneClusterImpl-264a93b1-c4bd-4819-8d38-c175a3498c4d/datanode-2/data/ratis/d75988d3-7752-4da2-89be-b22e4b49b34a
2021-01-11 13:39:20,671 [pool-66-thread-1] INFO  server.RaftServerConfigKeys (ConfUtils.java:logGet(44)) - raft.server.log.queue.byte-limit = 2147483647 (custom)
2021-01-11 13:39:20,671 [pool-66-thread-1] INFO  server.RaftServerConfigKeys (ConfUtils.java:logGet(44)) - raft.server.log.queue.element-limit = 1024 (custom)
2021-01-11 13:39:20,671 [pool-66-thread-1] INFO  server.RaftServerConfigKeys (ConfUtils.java:logGet(44)) - raft.server.log.segment.size.max = 1048576 (custom)
2021-01-11 13:39:20,671 [pool-66-thread-1] INFO  server.RaftServerConfigKeys (ConfUtils.java:logGet(44)) - raft.server.log.preallocated.size = 16384 (custom)
2021-01-11 13:39:20,671 [pool-66-thread-1] INFO  server.RaftServerConfigKeys (ConfUtils.java:logGet(44)) - raft.server.log.force.sync.num = 128 (default)
2021-01-11 13:39:20,671 [pool-66-thread-1] INFO  server.RaftServerConfigKeys (ConfUtils.java:logGet(44)) - raft.server.log.statemachine.data.sync = true (default)
2021-01-11 13:39:20,672 [pool-66-thread-1] INFO  server.RaftServerConfigKeys (ConfUtils.java:logGet(44)) - raft.server.log.statemachine.data.sync.timeout = 10s (default)
2021-01-11 13:39:20,672 [pool-66-thread-1] INFO  server.RaftServerConfigKeys (ConfUtils.java:logGet(44)) - raft.server.log.statemachine.data.sync.timeout.retry = -1 (default)
2021-01-11 13:39:20,674 [pool-66-thread-1] INFO  server.RaftServerConfigKeys (ConfUtils.java:logGet(44)) - raft.server.log.write.buffer.size = 1048576 (custom)
2021-01-11 13:39:20,674 [pool-66-thread-1] INFO  server.RaftServerConfigKeys (ConfUtils.java:logGet(44)) - raft.server.log.statemachine.data.caching.enabled = true (custom)
2021-01-11 13:39:20,678 [pool-66-thread-1] INFO  segmented.SegmentedRaftLogWorker (SegmentedRaftLogWorker.java:lambda$new$0(132)) - b04214a4-18bc-401b-ac78-706e463fcaca@group-B22E4B49B34A-SegmentedRaftLogWorker: flushIndex: setUnconditionally 0 -> -1
2021-01-11 13:39:20,678 [pool-66-thread-1] INFO  segmented.SegmentedRaftLogWorker (SegmentedRaftLogWorker.java:lambda$new$0(132)) - b04214a4-18bc-401b-ac78-706e463fcaca@group-B22E4B49B34A-SegmentedRaftLogWorker: safeCacheEvictIndex: setUnconditionally 0 -> -1
2021-01-11 13:39:20,694 [pool-66-thread-1] INFO  server.RaftServerConfigKeys (ConfUtils.java:logGet(44)) - raft.server.snapshot.auto.trigger.enabled = true (custom)
2021-01-11 13:39:20,694 [pool-66-thread-1] INFO  server.RaftServerConfigKeys (ConfUtils.java:logGet(44)) - raft.server.snapshot.auto.trigger.threshold = 10000 (custom)
2021-01-11 13:39:20,694 [pool-66-thread-1] INFO  server.RaftServerConfigKeys (ConfUtils.java:logGet(44)) - raft.server.snapshot.retention.file.num = 5 (custom)
2021-01-11 13:39:20,694 [pool-66-thread-1] INFO  server.RaftServerConfigKeys (ConfUtils.java:logGet(44)) - raft.server.log.purge.upto.snapshot.index = false (default)
2021-01-11 13:39:20,694 [pool-66-thread-1] INFO  server.RaftServerConfigKeys (ConfUtils.java:logGet(44)) - raft.server.retrycache.expirytime = 600000ms (custom)
2021-01-11 13:39:20,695 [pool-66-thread-1] INFO  server.RaftServerConfigKeys (ConfUtils.java:logGet(44)) - raft.server.retrycache.statistics.expirytime = 100?s (default)
2021-01-11 13:39:20,695 [pool-66-thread-1] INFO  metrics.RatisMetrics (RatisMetrics.java:lambda$create$0(36)) - Creating Metrics Registry : ratis.leader_election.b04214a4-18bc-401b-ac78-706e463fcaca@group-B22E4B49B34A
2021-01-11 13:39:20,695 [pool-66-thread-1] INFO  metrics.RatisMetrics (RatisMetrics.java:lambda$create$0(36)) - Creating Metrics Registry : ratis.server.b04214a4-18bc-401b-ac78-706e463fcaca@group-B22E4B49B34A
2021-01-11 13:39:20,696 [pool-66-thread-1] INFO  server.RaftServer$Division (RaftServerImpl.java:start(294)) - b04214a4-18bc-401b-ac78-706e463fcaca@group-B22E4B49B34A: start as a follower, conf=-1: [b04214a4-18bc-401b-ac78-706e463fcaca|rpc:172.17.0.2:37587|priority:1, d78992b3-602b-478e-9e7d-48696c788850|rpc:172.17.0.2:45881|priority:0, 3a92afea-e9db-48b3-aba3-1f3ecfd1b353|rpc:172.17.0.2:44909|priority:0], old=null
2021-01-11 13:39:20,696 [pool-66-thread-1] INFO  server.RaftServer$Division (RaftServerImpl.java:setRole(283)) - b04214a4-18bc-401b-ac78-706e463fcaca@group-B22E4B49B34A: changes role from      null to FOLLOWER at term 0 for startAsFollower
2021-01-11 13:39:20,696 [pool-66-thread-1] INFO  impl.RoleInfo (RoleInfo.java:updateAndGet(130)) - b04214a4-18bc-401b-ac78-706e463fcaca: start b04214a4-18bc-401b-ac78-706e463fcaca@group-B22E4B49B34A-FollowerState
2021-01-11 13:39:20,706 [pool-66-thread-1] INFO  util.JmxRegister (JmxRegister.java:tryRegister(44)) - Successfully registered JMX Bean with object name Ratis:service=RaftServer,group=group-B22E4B49B34A,id=b04214a4-18bc-401b-ac78-706e463fcaca
2021-01-11 13:39:20,706 [pool-66-thread-1] INFO  metrics.RatisMetrics (RatisMetrics.java:lambda$create$0(36)) - Creating Metrics Registry : ratis.state_machine.b04214a4-18bc-401b-ac78-706e463fcaca@group-B22E4B49B34A
2021-01-11 13:39:20,720 [Command processor thread] INFO  metrics.RatisMetrics (RatisMetrics.java:lambda$create$0(36)) - Creating Metrics Registry : ratis.client_message_metrics.client-8FBF86F783CE->d78992b3-602b-478e-9e7d-48696c788850
2021-01-11 13:39:20,731 [grpc-default-executor-0] INFO  metrics.RatisMetrics (RatisMetrics.java:lambda$create$0(36)) - Creating Metrics Registry : ratis.server_message_metrics.b04214a4-18bc-401b-ac78-706e463fcaca
2021-01-11 13:39:20,763 [grpc-default-executor-2] INFO  metrics.RatisMetrics (RatisMetrics.java:lambda$create$0(36)) - Creating Metrics Registry : ratis.server_message_metrics.d78992b3-602b-478e-9e7d-48696c788850
2021-01-11 13:39:20,799 [Listener at 127.0.0.1/44133] INFO  ozone.MiniOzoneClusterImpl (MiniOzoneClusterImpl.java:lambda$waitForClusterToBeReady$0(179)) - Nodes are ready. Got 4 of 4 DN Heartbeats.
2021-01-11 13:39:20,799 [Listener at 127.0.0.1/44133] INFO  ozone.MiniOzoneClusterImpl (MiniOzoneClusterImpl.java:lambda$waitForClusterToBeReady$0(182)) - Waiting for cluster to exit safe mode
2021-01-11 13:39:20,800 [Command processor thread] INFO  server.RaftServer (RaftServerProxy.java:addNew(95)) - 48977efb-d0ee-4139-b5da-00a22fa75fe3: addNew group-B962FB059A71:[48977efb-d0ee-4139-b5da-00a22fa75fe3|rpc:172.17.0.2:40649|priority:1] returns group-B962FB059A71:java.util.concurrent.CompletableFuture@78309cd0[Not completed]
2021-01-11 13:39:20,809 [pool-82-thread-1] INFO  server.RaftServer$Division (RaftServerImpl.java:<init>(179)) - 48977efb-d0ee-4139-b5da-00a22fa75fe3: new RaftServerImpl for group-B962FB059A71:[48977efb-d0ee-4139-b5da-00a22fa75fe3|rpc:172.17.0.2:40649|priority:1] with ContainerStateMachine:uninitialized
2021-01-11 13:39:20,812 [EventQueue-PipelineReportForOneReplicaPipelineSafeModeRule] INFO  safemode.SCMSafeModeManager (SCMSafeModeManager.java:validateSafeModeExitRules(214)) - AtleastOneDatanodeReportedRule rule is successfully validated
2021-01-11 13:39:20,813 [pool-82-thread-1] INFO  server.RaftServerConfigKeys (ConfUtils.java:logGet(44)) - raft.server.rpc.timeout.min = 5s (custom)
2021-01-11 13:39:20,814 [pool-82-thread-1] INFO  server.RaftServerConfigKeys (ConfUtils.java:logGet(44)) - raft.server.rpc.timeout.max = 5200ms (custom)
2021-01-11 13:39:20,814 [pool-82-thread-1] INFO  server.RaftServerConfigKeys (ConfUtils.java:logGet(44)) - raft.server.rpc.sleep.time = 25ms (default)
2021-01-11 13:39:20,814 [pool-82-thread-1] INFO  server.RaftServerConfigKeys (ConfUtils.java:logGet(44)) - raft.server.rpc.slowness.timeout = 300s (custom)
2021-01-11 13:39:20,814 [pool-82-thread-1] INFO  server.RaftServerConfigKeys (ConfUtils.java:logGet(44)) - raft.server.leaderelection.leader.step-down.wait-time = 10s (default)
2021-01-11 13:39:20,814 [pool-82-thread-1] INFO  server.RaftServerConfigKeys (ConfUtils.java:logGet(44)) - raft.server.sleep.deviation.threshold = 300ms (default)
2021-01-11 13:39:20,814 [pool-82-thread-1] INFO  server.RaftServerConfigKeys (ConfUtils.java:logGet(44)) - raft.server.log.appender.install.snapshot.enabled = false (custom)
2021-01-11 13:39:20,814 [pool-82-thread-1] INFO  server.RaftServer$Division (ServerState.java:<init>(103)) - 48977efb-d0ee-4139-b5da-00a22fa75fe3@group-B962FB059A71: ConfigurationManager, init=-1: [48977efb-d0ee-4139-b5da-00a22fa75fe3|rpc:172.17.0.2:40649|priority:1], old=null, confs=<EMPTY_MAP>
2021-01-11 13:39:20,814 [pool-82-thread-1] INFO  server.RaftServerConfigKeys (ConfUtils.java:logGet(44)) - raft.server.storage.dir = [/github/workspace/mnt/ozone/hadoop-ozone/integration-test/target/test-dir/MiniOzoneClusterImpl-264a93b1-c4bd-4819-8d38-c175a3498c4d/datanode-3/data/ratis] (custom)
2021-01-11 13:39:20,814 [pool-82-thread-1] INFO  server.RaftServerConfigKeys (ConfUtils.java:logGet(44)) - raft.server.log.corruption.policy = EXCEPTION (default)
2021-01-11 13:39:20,815 [pool-82-thread-1] INFO  storage.RaftStorageDirectory (RaftStorageDirectoryImpl.java:analyzeStorage(132)) - The storage directory /github/workspace/mnt/ozone/hadoop-ozone/integration-test/target/test-dir/MiniOzoneClusterImpl-264a93b1-c4bd-4819-8d38-c175a3498c4d/datanode-3/data/ratis/2c673d75-bae7-401c-b3f1-b962fb059a71 does not exist. Creating ...
2021-01-11 13:39:21,008 [pool-82-thread-1] INFO  storage.RaftStorageDirectory (RaftStorageDirectoryImpl.java:tryLock(215)) - Lock on /github/workspace/mnt/ozone/hadoop-ozone/integration-test/target/test-dir/MiniOzoneClusterImpl-264a93b1-c4bd-4819-8d38-c175a3498c4d/datanode-3/data/ratis/2c673d75-bae7-401c-b3f1-b962fb059a71/in_use.lock acquired by nodename 2815@baadf3146833
2021-01-11 13:39:21,011 [org.apache.ratis.util.JvmPauseMonitor$$Lambda$222/1559180744@22795b5a] WARN  util.JvmPauseMonitor (JvmPauseMonitor.java:detectPause(124)) - JvmPauseMonitor-48977efb-d0ee-4139-b5da-00a22fa75fe3: Detected pause in JVM or host machine (eg GC): pause of approximately 184267533ns

GC pool 'PS MarkSweep' had collection(s): count=1 time=170ms
GC pool 'PS Scavenge' had collection(s): count=1 time=22ms
2021-01-11 13:39:21,012 [pool-82-thread-1] INFO  storage.RaftStorage (RaftStorageImpl.java:format(87)) - Storage directory /github/workspace/mnt/ozone/hadoop-ozone/integration-test/target/test-dir/MiniOzoneClusterImpl-264a93b1-c4bd-4819-8d38-c175a3498c4d/datanode-3/data/ratis/2c673d75-bae7-401c-b3f1-b962fb059a71 has been successfully formatted.
2021-01-11 13:39:21,013 [pool-82-thread-1] INFO  ratis.ContainerStateMachine (ContainerStateMachine.java:loadSnapshot(223)) - group-B962FB059A71: The snapshot info is null. Setting the last applied indexto:(t:0, i:~)
2021-01-11 13:39:21,013 [pool-82-thread-1] ERROR storage.RaftStorage (RaftStorageImpl.java:readRaftConfiguration(147)) - Failed reading configuration from file:/github/workspace/mnt/ozone/hadoop-ozone/integration-test/target/test-dir/MiniOzoneClusterImpl-264a93b1-c4bd-4819-8d38-c175a3498c4d/datanode-3/data/ratis/2c673d75-bae7-401c-b3f1-b962fb059a71/current/raft-meta.conf
java.io.FileNotFoundException: /github/workspace/mnt/ozone/hadoop-ozone/integration-test/target/test-dir/MiniOzoneClusterImpl-264a93b1-c4bd-4819-8d38-c175a3498c4d/datanode-3/data/ratis/2c673d75-bae7-401c-b3f1-b962fb059a71/current/raft-meta.conf (No such file or directory)
	at java.io.FileInputStream.open0(Native Method)
	at java.io.FileInputStream.open(FileInputStream.java:195)
	at java.io.FileInputStream.<init>(FileInputStream.java:138)
	at org.apache.ratis.server.storage.RaftStorageImpl.readRaftConfiguration(RaftStorageImpl.java:143)
	at org.apache.ratis.server.impl.ServerState.<init>(ServerState.java:113)
	at org.apache.ratis.server.impl.RaftServerImpl.<init>(RaftServerImpl.java:192)
	at org.apache.ratis.server.impl.RaftServerProxy.lambda$newRaftServerImpl$4(RaftServerProxy.java:266)
	at java.util.concurrent.CompletableFuture$AsyncSupply.run(CompletableFuture.java:1604)
	at java.util.concurrent.ThreadPoolExecutor.runWorker(ThreadPoolExecutor.java:1149)
	at java.util.concurrent.ThreadPoolExecutor$Worker.run(ThreadPoolExecutor.java:624)
	at java.lang.Thread.run(Thread.java:748)
2021-01-11 13:39:21,013 [pool-82-thread-1] INFO  server.RaftServerConfigKeys (ConfUtils.java:logGet(44)) - raft.server.notification.no-leader.timeout = 300s (custom)
2021-01-11 13:39:21,013 [pool-82-thread-1] INFO  server.RaftServerConfigKeys (ConfUtils.java:logGet(44)) - raft.server.log.use.memory = false (default)
2021-01-11 13:39:21,013 [pool-82-thread-1] INFO  server.RaftServerConfigKeys (ConfUtils.java:logGet(44)) - raft.server.log.purge.gap = 1000000 (custom)
2021-01-11 13:39:21,013 [pool-82-thread-1] INFO  server.RaftServerConfigKeys (ConfUtils.java:logGet(44)) - raft.server.log.appender.buffer.byte-limit = 33554432 (custom)
2021-01-11 13:39:21,014 [pool-82-thread-1] INFO  metrics.RatisMetrics (RatisMetrics.java:lambda$create$0(36)) - Creating Metrics Registry : ratis.log_worker.48977efb-d0ee-4139-b5da-00a22fa75fe3@group-B962FB059A71
2021-01-11 13:39:21,015 [pool-82-thread-1] INFO  server.RaftServerConfigKeys (ConfUtils.java:logGet(44)) - raft.server.log.segment.size.max = 1048576 (custom)
2021-01-11 13:39:21,024 [pool-82-thread-1] INFO  server.RaftServerConfigKeys (ConfUtils.java:logGet(44)) - raft.server.log.segment.cache.num.max = 2 (custom)
2021-01-11 13:39:21,024 [pool-82-thread-1] INFO  server.RaftServerConfigKeys (ConfUtils.java:logGet(44)) - raft.server.log.segment.cache.size.max = 200MB (=209715200) (default)
2021-01-11 13:39:21,024 [pool-82-thread-1] INFO  segmented.SegmentedRaftLogWorker (SegmentedRaftLogWorker.java:<init>(181)) - new 48977efb-d0ee-4139-b5da-00a22fa75fe3@group-B962FB059A71-SegmentedRaftLogWorker for RaftStorageImpl:Storage Directory /github/workspace/mnt/ozone/hadoop-ozone/integration-test/target/test-dir/MiniOzoneClusterImpl-264a93b1-c4bd-4819-8d38-c175a3498c4d/datanode-3/data/ratis/2c673d75-bae7-401c-b3f1-b962fb059a71
2021-01-11 13:39:21,024 [pool-82-thread-1] INFO  server.RaftServerConfigKeys (ConfUtils.java:logGet(44)) - raft.server.log.queue.byte-limit = 2147483647 (custom)
2021-01-11 13:39:21,024 [pool-82-thread-1] INFO  server.RaftServerConfigKeys (ConfUtils.java:logGet(44)) - raft.server.log.queue.element-limit = 1024 (custom)
2021-01-11 13:39:21,024 [pool-82-thread-1] INFO  server.RaftServerConfigKeys (ConfUtils.java:logGet(44)) - raft.server.log.segment.size.max = 1048576 (custom)
2021-01-11 13:39:21,025 [pool-82-thread-1] INFO  server.RaftServerConfigKeys (ConfUtils.java:logGet(44)) - raft.server.log.preallocated.size = 16384 (custom)
2021-01-11 13:39:21,025 [pool-82-thread-1] INFO  server.RaftServerConfigKeys (ConfUtils.java:logGet(44)) - raft.server.log.force.sync.num = 128 (default)
2021-01-11 13:39:21,025 [pool-82-thread-1] INFO  server.RaftServerConfigKeys (ConfUtils.java:logGet(44)) - raft.server.log.statemachine.data.sync = true (default)
2021-01-11 13:39:21,025 [pool-82-thread-1] INFO  server.RaftServerConfigKeys (ConfUtils.java:logGet(44)) - raft.server.log.statemachine.data.sync.timeout = 10s (default)
2021-01-11 13:39:21,025 [pool-82-thread-1] INFO  server.RaftServerConfigKeys (ConfUtils.java:logGet(44)) - raft.server.log.statemachine.data.sync.timeout.retry = -1 (default)
2021-01-11 13:39:21,026 [pool-82-thread-1] INFO  server.RaftServerConfigKeys (ConfUtils.java:logGet(44)) - raft.server.log.write.buffer.size = 1048576 (custom)
2021-01-11 13:39:21,038 [EventQueue-PipelineReportForOneReplicaPipelineSafeModeRule] INFO  safemode.SCMSafeModeManager (SCMSafeModeManager.java:validateSafeModeExitRules(214)) - AtleastOneDatanodeReportedRule rule is successfully validated
2021-01-11 13:39:21,038 [EventQueue-PipelineReportForPipelineReportHandler] INFO  pipeline.PipelineStateManager (PipelineStateManager.java:openPipeline(132)) - Pipeline Pipeline[ Id: 2c673d75-bae7-401c-b3f1-b962fb059a71, Nodes: 48977efb-d0ee-4139-b5da-00a22fa75fe3{ip: 172.17.0.2, host: baadf3146833, networkLocation: /default-rack, certSerialId: null, persistedOpState: IN_SERVICE, persistedOpStateExpiryEpochSec: 0}, Type:RATIS, Factor:ONE, State:ALLOCATED, leaderId:48977efb-d0ee-4139-b5da-00a22fa75fe3, CreationTimestamp2021-01-11T13:39:17.797Z] moved to OPEN state
2021-01-11 13:39:21,042 [EventQueue-OpenPipelineForHealthyPipelineSafeModeRule] INFO  safemode.SCMSafeModeManager (HealthyPipelineSafeModeRule.java:process(128)) - SCM in safe mode. Healthy pipelines reported count is 0, required healthy pipeline reported count is 1
2021-01-11 13:39:21,042 [pool-82-thread-1] INFO  server.RaftServerConfigKeys (ConfUtils.java:logGet(44)) - raft.server.log.statemachine.data.caching.enabled = true (custom)
2021-01-11 13:39:21,048 [pool-82-thread-1] INFO  segmented.SegmentedRaftLogWorker (SegmentedRaftLogWorker.java:lambda$new$0(132)) - 48977efb-d0ee-4139-b5da-00a22fa75fe3@group-B962FB059A71-SegmentedRaftLogWorker: flushIndex: setUnconditionally 0 -> -1
2021-01-11 13:39:21,048 [pool-82-thread-1] INFO  segmented.SegmentedRaftLogWorker (SegmentedRaftLogWorker.java:lambda$new$0(132)) - 48977efb-d0ee-4139-b5da-00a22fa75fe3@group-B962FB059A71-SegmentedRaftLogWorker: safeCacheEvictIndex: setUnconditionally 0 -> -1
2021-01-11 13:39:21,049 [Command processor thread] INFO  metrics.RatisMetrics (RatisMetrics.java:lambda$create$0(36)) - Creating Metrics Registry : ratis.client_message_metrics.client-CD13FB4ACAF6->3a92afea-e9db-48b3-aba3-1f3ecfd1b353
2021-01-11 13:39:21,054 [pool-82-thread-1] INFO  server.RaftServerConfigKeys (ConfUtils.java:logGet(44)) - raft.server.snapshot.auto.trigger.enabled = true (custom)
2021-01-11 13:39:21,054 [pool-82-thread-1] INFO  server.RaftServerConfigKeys (ConfUtils.java:logGet(44)) - raft.server.snapshot.auto.trigger.threshold = 10000 (custom)
2021-01-11 13:39:21,054 [pool-82-thread-1] INFO  server.RaftServerConfigKeys (ConfUtils.java:logGet(44)) - raft.server.snapshot.retention.file.num = 5 (custom)
2021-01-11 13:39:21,054 [pool-82-thread-1] INFO  server.RaftServerConfigKeys (ConfUtils.java:logGet(44)) - raft.server.log.purge.upto.snapshot.index = false (default)
2021-01-11 13:39:21,054 [pool-82-thread-1] INFO  server.RaftServerConfigKeys (ConfUtils.java:logGet(44)) - raft.server.retrycache.expirytime = 600000ms (custom)
2021-01-11 13:39:21,055 [pool-82-thread-1] INFO  server.RaftServerConfigKeys (ConfUtils.java:logGet(44)) - raft.server.retrycache.statistics.expirytime = 100?s (default)
2021-01-11 13:39:21,055 [pool-82-thread-1] INFO  metrics.RatisMetrics (RatisMetrics.java:lambda$create$0(36)) - Creating Metrics Registry : ratis.leader_election.48977efb-d0ee-4139-b5da-00a22fa75fe3@group-B962FB059A71
2021-01-11 13:39:21,055 [pool-82-thread-1] INFO  metrics.RatisMetrics (RatisMetrics.java:lambda$create$0(36)) - Creating Metrics Registry : ratis.server.48977efb-d0ee-4139-b5da-00a22fa75fe3@group-B962FB059A71
2021-01-11 13:39:21,056 [pool-82-thread-1] INFO  server.RaftServer$Division (RaftServerImpl.java:start(294)) - 48977efb-d0ee-4139-b5da-00a22fa75fe3@group-B962FB059A71: start as a follower, conf=-1: [48977efb-d0ee-4139-b5da-00a22fa75fe3|rpc:172.17.0.2:40649|priority:1], old=null
2021-01-11 13:39:21,056 [pool-82-thread-1] INFO  server.RaftServer$Division (RaftServerImpl.java:setRole(283)) - 48977efb-d0ee-4139-b5da-00a22fa75fe3@group-B962FB059A71: changes role from      null to FOLLOWER at term 0 for startAsFollower
2021-01-11 13:39:21,056 [pool-82-thread-1] INFO  impl.RoleInfo (RoleInfo.java:updateAndGet(130)) - 48977efb-d0ee-4139-b5da-00a22fa75fe3: start 48977efb-d0ee-4139-b5da-00a22fa75fe3@group-B962FB059A71-FollowerState
2021-01-11 13:39:21,058 [pool-82-thread-1] INFO  util.JmxRegister (JmxRegister.java:tryRegister(44)) - Successfully registered JMX Bean with object name Ratis:service=RaftServer,group=group-B962FB059A71,id=48977efb-d0ee-4139-b5da-00a22fa75fe3
2021-01-11 13:39:21,058 [pool-82-thread-1] INFO  metrics.RatisMetrics (RatisMetrics.java:lambda$create$0(36)) - Creating Metrics Registry : ratis.state_machine.48977efb-d0ee-4139-b5da-00a22fa75fe3@group-B962FB059A71
2021-01-11 13:39:21,061 [Command processor thread] INFO  commandhandler.CreatePipelineCommandHandler (CreatePipelineCommandHandler.java:handle(106)) - Created Pipeline RATIS ONE PipelineID=2c673d75-bae7-401c-b3f1-b962fb059a71.
2021-01-11 13:39:21,064 [Command processor thread] INFO  metrics.RatisMetrics (RatisMetrics.java:lambda$create$0(36)) - Creating Metrics Registry : ratis.client_message_metrics.client-F62DFB3DCA7E->3a92afea-e9db-48b3-aba3-1f3ecfd1b353
2021-01-11 13:39:21,076 [Command processor thread] INFO  metrics.RatisMetrics (RatisMetrics.java:lambda$create$0(36)) - Creating Metrics Registry : ratis.client_message_metrics.client-CC84A1FCB137->d78992b3-602b-478e-9e7d-48696c788850
2021-01-11 13:39:21,085 [grpc-default-executor-0] INFO  metrics.RatisMetrics (RatisMetrics.java:lambda$create$0(36)) - Creating Metrics Registry : ratis.server_message_metrics.3a92afea-e9db-48b3-aba3-1f3ecfd1b353
2021-01-11 13:39:21,118 [Command processor thread] INFO  commandhandler.CreatePipelineCommandHandler (CreatePipelineCommandHandler.java:handle(106)) - Created Pipeline RATIS THREE PipelineID=d75988d3-7752-4da2-89be-b22e4b49b34a.
2021-01-11 13:39:21,118 [Command processor thread] INFO  server.RaftServer (RaftServerProxy.java:addNew(95)) - d78992b3-602b-478e-9e7d-48696c788850: addNew group-61CCAB411AD3:[b04214a4-18bc-401b-ac78-706e463fcaca|rpc:172.17.0.2:37587|priority:0, d78992b3-602b-478e-9e7d-48696c788850|rpc:172.17.0.2:45881|priority:1, 3a92afea-e9db-48b3-aba3-1f3ecfd1b353|rpc:172.17.0.2:44909|priority:0] returns group-61CCAB411AD3:java.util.concurrent.CompletableFuture@401b104e[Not completed]
2021-01-11 13:39:21,122 [pool-34-thread-1] INFO  server.RaftServer$Division (RaftServerImpl.java:<init>(179)) - d78992b3-602b-478e-9e7d-48696c788850: new RaftServerImpl for group-61CCAB411AD3:[b04214a4-18bc-401b-ac78-706e463fcaca|rpc:172.17.0.2:37587|priority:0, d78992b3-602b-478e-9e7d-48696c788850|rpc:172.17.0.2:45881|priority:1, 3a92afea-e9db-48b3-aba3-1f3ecfd1b353|rpc:172.17.0.2:44909|priority:0] with ContainerStateMachine:uninitialized
2021-01-11 13:39:21,122 [pool-34-thread-1] INFO  server.RaftServerConfigKeys (ConfUtils.java:logGet(44)) - raft.server.rpc.timeout.min = 5s (custom)
2021-01-11 13:39:21,122 [pool-34-thread-1] INFO  server.RaftServerConfigKeys (ConfUtils.java:logGet(44)) - raft.server.rpc.timeout.max = 5200ms (custom)
2021-01-11 13:39:21,122 [pool-34-thread-1] INFO  server.RaftServerConfigKeys (ConfUtils.java:logGet(44)) - raft.server.rpc.sleep.time = 25ms (default)
2021-01-11 13:39:21,122 [pool-34-thread-1] INFO  server.RaftServerConfigKeys (ConfUtils.java:logGet(44)) - raft.server.rpc.slowness.timeout = 300s (custom)
2021-01-11 13:39:21,122 [pool-34-thread-1] INFO  server.RaftServerConfigKeys (ConfUtils.java:logGet(44)) - raft.server.leaderelection.leader.step-down.wait-time = 10s (default)
2021-01-11 13:39:21,123 [pool-34-thread-1] INFO  server.RaftServerConfigKeys (ConfUtils.java:logGet(44)) - raft.server.sleep.deviation.threshold = 300ms (default)
2021-01-11 13:39:21,123 [pool-34-thread-1] INFO  server.RaftServerConfigKeys (ConfUtils.java:logGet(44)) - raft.server.log.appender.install.snapshot.enabled = false (custom)
2021-01-11 13:39:21,123 [pool-34-thread-1] INFO  server.RaftServer$Division (ServerState.java:<init>(103)) - d78992b3-602b-478e-9e7d-48696c788850@group-61CCAB411AD3: ConfigurationManager, init=-1: [b04214a4-18bc-401b-ac78-706e463fcaca|rpc:172.17.0.2:37587|priority:0, d78992b3-602b-478e-9e7d-48696c788850|rpc:172.17.0.2:45881|priority:1, 3a92afea-e9db-48b3-aba3-1f3ecfd1b353|rpc:172.17.0.2:44909|priority:0], old=null, confs=<EMPTY_MAP>
2021-01-11 13:39:21,123 [pool-34-thread-1] INFO  server.RaftServerConfigKeys (ConfUtils.java:logGet(44)) - raft.server.storage.dir = [/github/workspace/mnt/ozone/hadoop-ozone/integration-test/target/test-dir/MiniOzoneClusterImpl-264a93b1-c4bd-4819-8d38-c175a3498c4d/datanode-0/data/ratis] (custom)
2021-01-11 13:39:21,123 [pool-34-thread-1] INFO  server.RaftServerConfigKeys (ConfUtils.java:logGet(44)) - raft.server.log.corruption.policy = EXCEPTION (default)
2021-01-11 13:39:21,123 [pool-34-thread-1] INFO  storage.RaftStorageDirectory (RaftStorageDirectoryImpl.java:analyzeStorage(132)) - The storage directory /github/workspace/mnt/ozone/hadoop-ozone/integration-test/target/test-dir/MiniOzoneClusterImpl-264a93b1-c4bd-4819-8d38-c175a3498c4d/datanode-0/data/ratis/71e87fc3-34b8-433d-a92c-61ccab411ad3 does not exist. Creating ...
2021-01-11 13:39:21,127 [pool-34-thread-1] INFO  storage.RaftStorageDirectory (RaftStorageDirectoryImpl.java:tryLock(215)) - Lock on /github/workspace/mnt/ozone/hadoop-ozone/integration-test/target/test-dir/MiniOzoneClusterImpl-264a93b1-c4bd-4819-8d38-c175a3498c4d/datanode-0/data/ratis/71e87fc3-34b8-433d-a92c-61ccab411ad3/in_use.lock acquired by nodename 2815@baadf3146833
2021-01-11 13:39:21,130 [pool-34-thread-1] INFO  storage.RaftStorage (RaftStorageImpl.java:format(87)) - Storage directory /github/workspace/mnt/ozone/hadoop-ozone/integration-test/target/test-dir/MiniOzoneClusterImpl-264a93b1-c4bd-4819-8d38-c175a3498c4d/datanode-0/data/ratis/71e87fc3-34b8-433d-a92c-61ccab411ad3 has been successfully formatted.
2021-01-11 13:39:21,131 [Command processor thread] INFO  commandhandler.CreatePipelineCommandHandler (CreatePipelineCommandHandler.java:handle(106)) - Created Pipeline RATIS THREE PipelineID=d75988d3-7752-4da2-89be-b22e4b49b34a.
2021-01-11 13:39:21,132 [Command processor thread] INFO  server.RaftServer (RaftServerProxy.java:addNew(95)) - b04214a4-18bc-401b-ac78-706e463fcaca: addNew group-61CCAB411AD3:[b04214a4-18bc-401b-ac78-706e463fcaca|rpc:172.17.0.2:37587|priority:0, d78992b3-602b-478e-9e7d-48696c788850|rpc:172.17.0.2:45881|priority:1, 3a92afea-e9db-48b3-aba3-1f3ecfd1b353|rpc:172.17.0.2:44909|priority:0] returns group-61CCAB411AD3:java.util.concurrent.CompletableFuture@46ad7550[Not completed]
2021-01-11 13:39:21,133 [pool-66-thread-1] INFO  server.RaftServer$Division (RaftServerImpl.java:<init>(179)) - b04214a4-18bc-401b-ac78-706e463fcaca: new RaftServerImpl for group-61CCAB411AD3:[b04214a4-18bc-401b-ac78-706e463fcaca|rpc:172.17.0.2:37587|priority:0, d78992b3-602b-478e-9e7d-48696c788850|rpc:172.17.0.2:45881|priority:1, 3a92afea-e9db-48b3-aba3-1f3ecfd1b353|rpc:172.17.0.2:44909|priority:0] with ContainerStateMachine:uninitialized
2021-01-11 13:39:21,133 [pool-66-thread-1] INFO  server.RaftServerConfigKeys (ConfUtils.java:logGet(44)) - raft.server.rpc.timeout.min = 5s (custom)
2021-01-11 13:39:21,133 [pool-66-thread-1] INFO  server.RaftServerConfigKeys (ConfUtils.java:logGet(44)) - raft.server.rpc.timeout.max = 5200ms (custom)
2021-01-11 13:39:21,133 [pool-66-thread-1] INFO  server.RaftServerConfigKeys (ConfUtils.java:logGet(44)) - raft.server.rpc.sleep.time = 25ms (default)
2021-01-11 13:39:21,133 [pool-66-thread-1] INFO  server.RaftServerConfigKeys (ConfUtils.java:logGet(44)) - raft.server.rpc.slowness.timeout = 300s (custom)
2021-01-11 13:39:21,133 [pool-66-thread-1] INFO  server.RaftServerConfigKeys (ConfUtils.java:logGet(44)) - raft.server.leaderelection.leader.step-down.wait-time = 10s (default)
2021-01-11 13:39:21,133 [pool-66-thread-1] INFO  server.RaftServerConfigKeys (ConfUtils.java:logGet(44)) - raft.server.sleep.deviation.threshold = 300ms (default)
2021-01-11 13:39:21,134 [pool-66-thread-1] INFO  server.RaftServerConfigKeys (ConfUtils.java:logGet(44)) - raft.server.log.appender.install.snapshot.enabled = false (custom)
2021-01-11 13:39:21,134 [pool-66-thread-1] INFO  server.RaftServer$Division (ServerState.java:<init>(103)) - b04214a4-18bc-401b-ac78-706e463fcaca@group-61CCAB411AD3: ConfigurationManager, init=-1: [b04214a4-18bc-401b-ac78-706e463fcaca|rpc:172.17.0.2:37587|priority:0, d78992b3-602b-478e-9e7d-48696c788850|rpc:172.17.0.2:45881|priority:1, 3a92afea-e9db-48b3-aba3-1f3ecfd1b353|rpc:172.17.0.2:44909|priority:0], old=null, confs=<EMPTY_MAP>
2021-01-11 13:39:21,134 [pool-66-thread-1] INFO  server.RaftServerConfigKeys (ConfUtils.java:logGet(44)) - raft.server.storage.dir = [/github/workspace/mnt/ozone/hadoop-ozone/integration-test/target/test-dir/MiniOzoneClusterImpl-264a93b1-c4bd-4819-8d38-c175a3498c4d/datanode-2/data/ratis] (custom)
2021-01-11 13:39:21,130 [Command processor thread] INFO  commandhandler.CreatePipelineCommandHandler (CreatePipelineCommandHandler.java:handle(106)) - Created Pipeline RATIS THREE PipelineID=d75988d3-7752-4da2-89be-b22e4b49b34a.
2021-01-11 13:39:21,134 [pool-66-thread-1] INFO  server.RaftServerConfigKeys (ConfUtils.java:logGet(44)) - raft.server.log.corruption.policy = EXCEPTION (default)
2021-01-11 13:39:21,134 [Command processor thread] INFO  server.RaftServer (RaftServerProxy.java:addNew(95)) - 3a92afea-e9db-48b3-aba3-1f3ecfd1b353: addNew group-61CCAB411AD3:[b04214a4-18bc-401b-ac78-706e463fcaca|rpc:172.17.0.2:37587|priority:0, d78992b3-602b-478e-9e7d-48696c788850|rpc:172.17.0.2:45881|priority:1, 3a92afea-e9db-48b3-aba3-1f3ecfd1b353|rpc:172.17.0.2:44909|priority:0] returns group-61CCAB411AD3:java.util.concurrent.CompletableFuture@7604fc05[Not completed]
2021-01-11 13:39:21,135 [pool-49-thread-1] INFO  server.RaftServer$Division (RaftServerImpl.java:<init>(179)) - 3a92afea-e9db-48b3-aba3-1f3ecfd1b353: new RaftServerImpl for group-61CCAB411AD3:[b04214a4-18bc-401b-ac78-706e463fcaca|rpc:172.17.0.2:37587|priority:0, d78992b3-602b-478e-9e7d-48696c788850|rpc:172.17.0.2:45881|priority:1, 3a92afea-e9db-48b3-aba3-1f3ecfd1b353|rpc:172.17.0.2:44909|priority:0] with ContainerStateMachine:uninitialized
2021-01-11 13:39:21,135 [pool-49-thread-1] INFO  server.RaftServerConfigKeys (ConfUtils.java:logGet(44)) - raft.server.rpc.timeout.min = 5s (custom)
2021-01-11 13:39:21,135 [pool-49-thread-1] INFO  server.RaftServerConfigKeys (ConfUtils.java:logGet(44)) - raft.server.rpc.timeout.max = 5200ms (custom)
2021-01-11 13:39:21,135 [pool-49-thread-1] INFO  server.RaftServerConfigKeys (ConfUtils.java:logGet(44)) - raft.server.rpc.sleep.time = 25ms (default)
2021-01-11 13:39:21,136 [pool-49-thread-1] INFO  server.RaftServerConfigKeys (ConfUtils.java:logGet(44)) - raft.server.rpc.slowness.timeout = 300s (custom)
2021-01-11 13:39:21,136 [pool-49-thread-1] INFO  server.RaftServerConfigKeys (ConfUtils.java:logGet(44)) - raft.server.leaderelection.leader.step-down.wait-time = 10s (default)
2021-01-11 13:39:21,136 [pool-49-thread-1] INFO  server.RaftServerConfigKeys (ConfUtils.java:logGet(44)) - raft.server.sleep.deviation.threshold = 300ms (default)
2021-01-11 13:39:21,136 [pool-49-thread-1] INFO  server.RaftServerConfigKeys (ConfUtils.java:logGet(44)) - raft.server.log.appender.install.snapshot.enabled = false (custom)
2021-01-11 13:39:21,136 [pool-49-thread-1] INFO  server.RaftServer$Division (ServerState.java:<init>(103)) - 3a92afea-e9db-48b3-aba3-1f3ecfd1b353@group-61CCAB411AD3: ConfigurationManager, init=-1: [b04214a4-18bc-401b-ac78-706e463fcaca|rpc:172.17.0.2:37587|priority:0, d78992b3-602b-478e-9e7d-48696c788850|rpc:172.17.0.2:45881|priority:1, 3a92afea-e9db-48b3-aba3-1f3ecfd1b353|rpc:172.17.0.2:44909|priority:0], old=null, confs=<EMPTY_MAP>
2021-01-11 13:39:21,136 [pool-49-thread-1] INFO  server.RaftServerConfigKeys (ConfUtils.java:logGet(44)) - raft.server.storage.dir = [/github/workspace/mnt/ozone/hadoop-ozone/integration-test/target/test-dir/MiniOzoneClusterImpl-264a93b1-c4bd-4819-8d38-c175a3498c4d/datanode-1/data/ratis] (custom)
2021-01-11 13:39:21,136 [pool-49-thread-1] INFO  server.RaftServerConfigKeys (ConfUtils.java:logGet(44)) - raft.server.log.corruption.policy = EXCEPTION (default)
2021-01-11 13:39:21,136 [pool-49-thread-1] INFO  storage.RaftStorageDirectory (RaftStorageDirectoryImpl.java:analyzeStorage(132)) - The storage directory /github/workspace/mnt/ozone/hadoop-ozone/integration-test/target/test-dir/MiniOzoneClusterImpl-264a93b1-c4bd-4819-8d38-c175a3498c4d/datanode-1/data/ratis/71e87fc3-34b8-433d-a92c-61ccab411ad3 does not exist. Creating ...
2021-01-11 13:39:21,134 [pool-66-thread-1] INFO  storage.RaftStorageDirectory (RaftStorageDirectoryImpl.java:analyzeStorage(132)) - The storage directory /github/workspace/mnt/ozone/hadoop-ozone/integration-test/target/test-dir/MiniOzoneClusterImpl-264a93b1-c4bd-4819-8d38-c175a3498c4d/datanode-2/data/ratis/71e87fc3-34b8-433d-a92c-61ccab411ad3 does not exist. Creating ...
2021-01-11 13:39:21,138 [EventQueue-OpenPipelineForHealthyPipelineSafeModeRule] INFO  safemode.SCMSafeModeManager (HealthyPipelineSafeModeRule.java:process(128)) - SCM in safe mode. Healthy pipelines reported count is 0, required healthy pipeline reported count is 1
2021-01-11 13:39:21,138 [EventQueue-PipelineReportForOneReplicaPipelineSafeModeRule] INFO  safemode.SCMSafeModeManager (SCMSafeModeManager.java:validateSafeModeExitRules(214)) - AtleastOneDatanodeReportedRule rule is successfully validated
2021-01-11 13:39:21,137 [pool-49-thread-1] INFO  storage.RaftStorageDirectory (RaftStorageDirectoryImpl.java:tryLock(215)) - Lock on /github/workspace/mnt/ozone/hadoop-ozone/integration-test/target/test-dir/MiniOzoneClusterImpl-264a93b1-c4bd-4819-8d38-c175a3498c4d/datanode-1/data/ratis/71e87fc3-34b8-433d-a92c-61ccab411ad3/in_use.lock acquired by nodename 2815@baadf3146833
2021-01-11 13:39:21,135 [pool-34-thread-1] INFO  ratis.ContainerStateMachine (ContainerStateMachine.java:loadSnapshot(223)) - group-61CCAB411AD3: The snapshot info is null. Setting the last applied indexto:(t:0, i:~)
2021-01-11 13:39:21,139 [pool-66-thread-1] INFO  storage.RaftStorageDirectory (RaftStorageDirectoryImpl.java:tryLock(215)) - Lock on /github/workspace/mnt/ozone/hadoop-ozone/integration-test/target/test-dir/MiniOzoneClusterImpl-264a93b1-c4bd-4819-8d38-c175a3498c4d/datanode-2/data/ratis/71e87fc3-34b8-433d-a92c-61ccab411ad3/in_use.lock acquired by nodename 2815@baadf3146833
2021-01-11 13:39:21,139 [pool-34-thread-1] ERROR storage.RaftStorage (RaftStorageImpl.java:readRaftConfiguration(147)) - Failed reading configuration from file:/github/workspace/mnt/ozone/hadoop-ozone/integration-test/target/test-dir/MiniOzoneClusterImpl-264a93b1-c4bd-4819-8d38-c175a3498c4d/datanode-0/data/ratis/71e87fc3-34b8-433d-a92c-61ccab411ad3/current/raft-meta.conf
java.io.FileNotFoundException: /github/workspace/mnt/ozone/hadoop-ozone/integration-test/target/test-dir/MiniOzoneClusterImpl-264a93b1-c4bd-4819-8d38-c175a3498c4d/datanode-0/data/ratis/71e87fc3-34b8-433d-a92c-61ccab411ad3/current/raft-meta.conf (No such file or directory)
	at java.io.FileInputStream.open0(Native Method)
	at java.io.FileInputStream.open(FileInputStream.java:195)
	at java.io.FileInputStream.<init>(FileInputStream.java:138)
	at org.apache.ratis.server.storage.RaftStorageImpl.readRaftConfiguration(RaftStorageImpl.java:143)
	at org.apache.ratis.server.impl.ServerState.<init>(ServerState.java:113)
	at org.apache.ratis.server.impl.RaftServerImpl.<init>(RaftServerImpl.java:192)
	at org.apache.ratis.server.impl.RaftServerProxy.lambda$newRaftServerImpl$4(RaftServerProxy.java:266)
	at java.util.concurrent.CompletableFuture$AsyncSupply.run(CompletableFuture.java:1604)
	at java.util.concurrent.ThreadPoolExecutor.runWorker(ThreadPoolExecutor.java:1149)
	at java.util.concurrent.ThreadPoolExecutor$Worker.run(ThreadPoolExecutor.java:624)
	at java.lang.Thread.run(Thread.java:748)
2021-01-11 13:39:21,139 [pool-34-thread-1] INFO  server.RaftServerConfigKeys (ConfUtils.java:logGet(44)) - raft.server.notification.no-leader.timeout = 300s (custom)
2021-01-11 13:39:21,139 [pool-34-thread-1] INFO  server.RaftServerConfigKeys (ConfUtils.java:logGet(44)) - raft.server.log.use.memory = false (default)
2021-01-11 13:39:21,139 [pool-34-thread-1] INFO  server.RaftServerConfigKeys (ConfUtils.java:logGet(44)) - raft.server.log.purge.gap = 1000000 (custom)
2021-01-11 13:39:21,139 [pool-34-thread-1] INFO  server.RaftServerConfigKeys (ConfUtils.java:logGet(44)) - raft.server.log.appender.buffer.byte-limit = 33554432 (custom)
2021-01-11 13:39:21,139 [pool-34-thread-1] INFO  metrics.RatisMetrics (RatisMetrics.java:lambda$create$0(36)) - Creating Metrics Registry : ratis.log_worker.d78992b3-602b-478e-9e7d-48696c788850@group-61CCAB411AD3
2021-01-11 13:39:21,140 [pool-34-thread-1] INFO  server.RaftServerConfigKeys (ConfUtils.java:logGet(44)) - raft.server.log.segment.size.max = 1048576 (custom)
2021-01-11 13:39:21,140 [pool-66-thread-1] INFO  storage.RaftStorage (RaftStorageImpl.java:format(87)) - Storage directory /github/workspace/mnt/ozone/hadoop-ozone/integration-test/target/test-dir/MiniOzoneClusterImpl-264a93b1-c4bd-4819-8d38-c175a3498c4d/datanode-2/data/ratis/71e87fc3-34b8-433d-a92c-61ccab411ad3 has been successfully formatted.
2021-01-11 13:39:21,140 [pool-34-thread-1] INFO  server.RaftServerConfigKeys (ConfUtils.java:logGet(44)) - raft.server.log.segment.cache.num.max = 2 (custom)
2021-01-11 13:39:21,140 [pool-34-thread-1] INFO  server.RaftServerConfigKeys (ConfUtils.java:logGet(44)) - raft.server.log.segment.cache.size.max = 200MB (=209715200) (default)
2021-01-11 13:39:21,140 [pool-34-thread-1] INFO  segmented.SegmentedRaftLogWorker (SegmentedRaftLogWorker.java:<init>(181)) - new d78992b3-602b-478e-9e7d-48696c788850@group-61CCAB411AD3-SegmentedRaftLogWorker for RaftStorageImpl:Storage Directory /github/workspace/mnt/ozone/hadoop-ozone/integration-test/target/test-dir/MiniOzoneClusterImpl-264a93b1-c4bd-4819-8d38-c175a3498c4d/datanode-0/data/ratis/71e87fc3-34b8-433d-a92c-61ccab411ad3
2021-01-11 13:39:21,140 [pool-34-thread-1] INFO  server.RaftServerConfigKeys (ConfUtils.java:logGet(44)) - raft.server.log.queue.byte-limit = 2147483647 (custom)
2021-01-11 13:39:21,141 [pool-34-thread-1] INFO  server.RaftServerConfigKeys (ConfUtils.java:logGet(44)) - raft.server.log.queue.element-limit = 1024 (custom)
2021-01-11 13:39:21,142 [pool-34-thread-1] INFO  server.RaftServerConfigKeys (ConfUtils.java:logGet(44)) - raft.server.log.segment.size.max = 1048576 (custom)
2021-01-11 13:39:21,142 [pool-34-thread-1] INFO  server.RaftServerConfigKeys (ConfUtils.java:logGet(44)) - raft.server.log.preallocated.size = 16384 (custom)
2021-01-11 13:39:21,142 [pool-34-thread-1] INFO  server.RaftServerConfigKeys (ConfUtils.java:logGet(44)) - raft.server.log.force.sync.num = 128 (default)
2021-01-11 13:39:21,142 [pool-34-thread-1] INFO  server.RaftServerConfigKeys (ConfUtils.java:logGet(44)) - raft.server.log.statemachine.data.sync = true (default)
2021-01-11 13:39:21,142 [pool-34-thread-1] INFO  server.RaftServerConfigKeys (ConfUtils.java:logGet(44)) - raft.server.log.statemachine.data.sync.timeout = 10s (default)
2021-01-11 13:39:21,142 [pool-34-thread-1] INFO  server.RaftServerConfigKeys (ConfUtils.java:logGet(44)) - raft.server.log.statemachine.data.sync.timeout.retry = -1 (default)
2021-01-11 13:39:21,143 [pool-34-thread-1] INFO  server.RaftServerConfigKeys (ConfUtils.java:logGet(44)) - raft.server.log.write.buffer.size = 1048576 (custom)
2021-01-11 13:39:21,143 [pool-34-thread-1] INFO  server.RaftServerConfigKeys (ConfUtils.java:logGet(44)) - raft.server.log.statemachine.data.caching.enabled = true (custom)
2021-01-11 13:39:21,143 [pool-34-thread-1] INFO  segmented.SegmentedRaftLogWorker (SegmentedRaftLogWorker.java:lambda$new$0(132)) - d78992b3-602b-478e-9e7d-48696c788850@group-61CCAB411AD3-SegmentedRaftLogWorker: flushIndex: setUnconditionally 0 -> -1
2021-01-11 13:39:21,144 [pool-34-thread-1] INFO  segmented.SegmentedRaftLogWorker (SegmentedRaftLogWorker.java:lambda$new$0(132)) - d78992b3-602b-478e-9e7d-48696c788850@group-61CCAB411AD3-SegmentedRaftLogWorker: safeCacheEvictIndex: setUnconditionally 0 -> -1
2021-01-11 13:39:21,140 [pool-49-thread-1] INFO  storage.RaftStorage (RaftStorageImpl.java:format(87)) - Storage directory /github/workspace/mnt/ozone/hadoop-ozone/integration-test/target/test-dir/MiniOzoneClusterImpl-264a93b1-c4bd-4819-8d38-c175a3498c4d/datanode-1/data/ratis/71e87fc3-34b8-433d-a92c-61ccab411ad3 has been successfully formatted.
2021-01-11 13:39:21,140 [pool-66-thread-1] INFO  ratis.ContainerStateMachine (ContainerStateMachine.java:loadSnapshot(223)) - group-61CCAB411AD3: The snapshot info is null. Setting the last applied indexto:(t:0, i:~)
2021-01-11 13:39:21,144 [pool-66-thread-1] ERROR storage.RaftStorage (RaftStorageImpl.java:readRaftConfiguration(147)) - Failed reading configuration from file:/github/workspace/mnt/ozone/hadoop-ozone/integration-test/target/test-dir/MiniOzoneClusterImpl-264a93b1-c4bd-4819-8d38-c175a3498c4d/datanode-2/data/ratis/71e87fc3-34b8-433d-a92c-61ccab411ad3/current/raft-meta.conf
java.io.FileNotFoundException: /github/workspace/mnt/ozone/hadoop-ozone/integration-test/target/test-dir/MiniOzoneClusterImpl-264a93b1-c4bd-4819-8d38-c175a3498c4d/datanode-2/data/ratis/71e87fc3-34b8-433d-a92c-61ccab411ad3/current/raft-meta.conf (No such file or directory)
	at java.io.FileInputStream.open0(Native Method)
	at java.io.FileInputStream.open(FileInputStream.java:195)
	at java.io.FileInputStream.<init>(FileInputStream.java:138)
	at org.apache.ratis.server.storage.RaftStorageImpl.readRaftConfiguration(RaftStorageImpl.java:143)
	at org.apache.ratis.server.impl.ServerState.<init>(ServerState.java:113)
	at org.apache.ratis.server.impl.RaftServerImpl.<init>(RaftServerImpl.java:192)
	at org.apache.ratis.server.impl.RaftServerProxy.lambda$newRaftServerImpl$4(RaftServerProxy.java:266)
	at java.util.concurrent.CompletableFuture$AsyncSupply.run(CompletableFuture.java:1604)
	at java.util.concurrent.ThreadPoolExecutor.runWorker(ThreadPoolExecutor.java:1149)
	at java.util.concurrent.ThreadPoolExecutor$Worker.run(ThreadPoolExecutor.java:624)
	at java.lang.Thread.run(Thread.java:748)
2021-01-11 13:39:21,144 [pool-66-thread-1] INFO  server.RaftServerConfigKeys (ConfUtils.java:logGet(44)) - raft.server.notification.no-leader.timeout = 300s (custom)
2021-01-11 13:39:21,144 [pool-66-thread-1] INFO  server.RaftServerConfigKeys (ConfUtils.java:logGet(44)) - raft.server.log.use.memory = false (default)
2021-01-11 13:39:21,144 [pool-66-thread-1] INFO  server.RaftServerConfigKeys (ConfUtils.java:logGet(44)) - raft.server.log.purge.gap = 1000000 (custom)
2021-01-11 13:39:21,145 [pool-66-thread-1] INFO  server.RaftServerConfigKeys (ConfUtils.java:logGet(44)) - raft.server.log.appender.buffer.byte-limit = 33554432 (custom)
2021-01-11 13:39:21,145 [pool-66-thread-1] INFO  metrics.RatisMetrics (RatisMetrics.java:lambda$create$0(36)) - Creating Metrics Registry : ratis.log_worker.b04214a4-18bc-401b-ac78-706e463fcaca@group-61CCAB411AD3
2021-01-11 13:39:21,145 [pool-66-thread-1] INFO  server.RaftServerConfigKeys (ConfUtils.java:logGet(44)) - raft.server.log.segment.size.max = 1048576 (custom)
2021-01-11 13:39:21,145 [pool-66-thread-1] INFO  server.RaftServerConfigKeys (ConfUtils.java:logGet(44)) - raft.server.log.segment.cache.num.max = 2 (custom)
2021-01-11 13:39:21,145 [pool-66-thread-1] INFO  server.RaftServerConfigKeys (ConfUtils.java:logGet(44)) - raft.server.log.segment.cache.size.max = 200MB (=209715200) (default)
2021-01-11 13:39:21,145 [pool-66-thread-1] INFO  segmented.SegmentedRaftLogWorker (SegmentedRaftLogWorker.java:<init>(181)) - new b04214a4-18bc-401b-ac78-706e463fcaca@group-61CCAB411AD3-SegmentedRaftLogWorker for RaftStorageImpl:Storage Directory /github/workspace/mnt/ozone/hadoop-ozone/integration-test/target/test-dir/MiniOzoneClusterImpl-264a93b1-c4bd-4819-8d38-c175a3498c4d/datanode-2/data/ratis/71e87fc3-34b8-433d-a92c-61ccab411ad3
2021-01-11 13:39:21,145 [pool-66-thread-1] INFO  server.RaftServerConfigKeys (ConfUtils.java:logGet(44)) - raft.server.log.queue.byte-limit = 2147483647 (custom)
2021-01-11 13:39:21,145 [pool-66-thread-1] INFO  server.RaftServerConfigKeys (ConfUtils.java:logGet(44)) - raft.server.log.queue.element-limit = 1024 (custom)
2021-01-11 13:39:21,145 [pool-66-thread-1] INFO  server.RaftServerConfigKeys (ConfUtils.java:logGet(44)) - raft.server.log.segment.size.max = 1048576 (custom)
2021-01-11 13:39:21,145 [pool-66-thread-1] INFO  server.RaftServerConfigKeys (ConfUtils.java:logGet(44)) - raft.server.log.preallocated.size = 16384 (custom)
2021-01-11 13:39:21,146 [pool-66-thread-1] INFO  server.RaftServerConfigKeys (ConfUtils.java:logGet(44)) - raft.server.log.force.sync.num = 128 (default)
2021-01-11 13:39:21,146 [pool-66-thread-1] INFO  server.RaftServerConfigKeys (ConfUtils.java:logGet(44)) - raft.server.log.statemachine.data.sync = true (default)
2021-01-11 13:39:21,146 [pool-66-thread-1] INFO  server.RaftServerConfigKeys (ConfUtils.java:logGet(44)) - raft.server.log.statemachine.data.sync.timeout = 10s (default)
2021-01-11 13:39:21,146 [pool-66-thread-1] INFO  server.RaftServerConfigKeys (ConfUtils.java:logGet(44)) - raft.server.log.statemachine.data.sync.timeout.retry = -1 (default)
2021-01-11 13:39:21,142 [EventQueue-OpenPipelineForHealthyPipelineSafeModeRule] INFO  safemode.SCMSafeModeManager (HealthyPipelineSafeModeRule.java:process(128)) - SCM in safe mode. Healthy pipelines reported count is 0, required healthy pipeline reported count is 1
2021-01-11 13:39:21,142 [EventQueue-PipelineReportForOneReplicaPipelineSafeModeRule] INFO  safemode.SCMSafeModeManager (SCMSafeModeManager.java:validateSafeModeExitRules(214)) - AtleastOneDatanodeReportedRule rule is successfully validated
2021-01-11 13:39:21,148 [pool-34-thread-1] INFO  server.RaftServerConfigKeys (ConfUtils.java:logGet(44)) - raft.server.snapshot.auto.trigger.enabled = true (custom)
2021-01-11 13:39:21,149 [pool-34-thread-1] INFO  server.RaftServerConfigKeys (ConfUtils.java:logGet(44)) - raft.server.snapshot.auto.trigger.threshold = 10000 (custom)
2021-01-11 13:39:21,149 [pool-34-thread-1] INFO  server.RaftServerConfigKeys (ConfUtils.java:logGet(44)) - raft.server.snapshot.retention.file.num = 5 (custom)
2021-01-11 13:39:21,149 [pool-34-thread-1] INFO  server.RaftServerConfigKeys (ConfUtils.java:logGet(44)) - raft.server.log.purge.upto.snapshot.index = false (default)
2021-01-11 13:39:21,149 [pool-66-thread-1] INFO  server.RaftServerConfigKeys (ConfUtils.java:logGet(44)) - raft.server.log.write.buffer.size = 1048576 (custom)
2021-01-11 13:39:21,149 [pool-34-thread-1] INFO  server.RaftServerConfigKeys (ConfUtils.java:logGet(44)) - raft.server.retrycache.expirytime = 600000ms (custom)
2021-01-11 13:39:21,149 [pool-34-thread-1] INFO  server.RaftServerConfigKeys (ConfUtils.java:logGet(44)) - raft.server.retrycache.statistics.expirytime = 100?s (default)
2021-01-11 13:39:21,149 [pool-34-thread-1] INFO  metrics.RatisMetrics (RatisMetrics.java:lambda$create$0(36)) - Creating Metrics Registry : ratis.leader_election.d78992b3-602b-478e-9e7d-48696c788850@group-61CCAB411AD3
2021-01-11 13:39:21,150 [pool-34-thread-1] INFO  metrics.RatisMetrics (RatisMetrics.java:lambda$create$0(36)) - Creating Metrics Registry : ratis.server.d78992b3-602b-478e-9e7d-48696c788850@group-61CCAB411AD3
2021-01-11 13:39:21,150 [pool-49-thread-1] INFO  ratis.ContainerStateMachine (ContainerStateMachine.java:loadSnapshot(223)) - group-61CCAB411AD3: The snapshot info is null. Setting the last applied indexto:(t:0, i:~)
2021-01-11 13:39:21,150 [pool-49-thread-1] ERROR storage.RaftStorage (RaftStorageImpl.java:readRaftConfiguration(147)) - Failed reading configuration from file:/github/workspace/mnt/ozone/hadoop-ozone/integration-test/target/test-dir/MiniOzoneClusterImpl-264a93b1-c4bd-4819-8d38-c175a3498c4d/datanode-1/data/ratis/71e87fc3-34b8-433d-a92c-61ccab411ad3/current/raft-meta.conf
java.io.FileNotFoundException: /github/workspace/mnt/ozone/hadoop-ozone/integration-test/target/test-dir/MiniOzoneClusterImpl-264a93b1-c4bd-4819-8d38-c175a3498c4d/datanode-1/data/ratis/71e87fc3-34b8-433d-a92c-61ccab411ad3/current/raft-meta.conf (No such file or directory)
	at java.io.FileInputStream.open0(Native Method)
	at java.io.FileInputStream.open(FileInputStream.java:195)
	at java.io.FileInputStream.<init>(FileInputStream.java:138)
	at org.apache.ratis.server.storage.RaftStorageImpl.readRaftConfiguration(RaftStorageImpl.java:143)
	at org.apache.ratis.server.impl.ServerState.<init>(ServerState.java:113)
	at org.apache.ratis.server.impl.RaftServerImpl.<init>(RaftServerImpl.java:192)
	at org.apache.ratis.server.impl.RaftServerProxy.lambda$newRaftServerImpl$4(RaftServerProxy.java:266)
	at java.util.concurrent.CompletableFuture$AsyncSupply.run(CompletableFuture.java:1604)
	at java.util.concurrent.ThreadPoolExecutor.runWorker(ThreadPoolExecutor.java:1149)
	at java.util.concurrent.ThreadPoolExecutor$Worker.run(ThreadPoolExecutor.java:624)
	at java.lang.Thread.run(Thread.java:748)
2021-01-11 13:39:21,150 [pool-49-thread-1] INFO  server.RaftServerConfigKeys (ConfUtils.java:logGet(44)) - raft.server.notification.no-leader.timeout = 300s (custom)
2021-01-11 13:39:21,150 [pool-49-thread-1] INFO  server.RaftServerConfigKeys (ConfUtils.java:logGet(44)) - raft.server.log.use.memory = false (default)
2021-01-11 13:39:21,150 [pool-49-thread-1] INFO  server.RaftServerConfigKeys (ConfUtils.java:logGet(44)) - raft.server.log.purge.gap = 1000000 (custom)
2021-01-11 13:39:21,150 [pool-49-thread-1] INFO  server.RaftServerConfigKeys (ConfUtils.java:logGet(44)) - raft.server.log.appender.buffer.byte-limit = 33554432 (custom)
2021-01-11 13:39:21,150 [pool-49-thread-1] INFO  metrics.RatisMetrics (RatisMetrics.java:lambda$create$0(36)) - Creating Metrics Registry : ratis.log_worker.3a92afea-e9db-48b3-aba3-1f3ecfd1b353@group-61CCAB411AD3
2021-01-11 13:39:21,150 [pool-49-thread-1] INFO  server.RaftServerConfigKeys (ConfUtils.java:logGet(44)) - raft.server.log.segment.size.max = 1048576 (custom)
2021-01-11 13:39:21,151 [pool-49-thread-1] INFO  server.RaftServerConfigKeys (ConfUtils.java:logGet(44)) - raft.server.log.segment.cache.num.max = 2 (custom)
2021-01-11 13:39:21,151 [pool-49-thread-1] INFO  server.RaftServerConfigKeys (ConfUtils.java:logGet(44)) - raft.server.log.segment.cache.size.max = 200MB (=209715200) (default)
2021-01-11 13:39:21,151 [pool-49-thread-1] INFO  segmented.SegmentedRaftLogWorker (SegmentedRaftLogWorker.java:<init>(181)) - new 3a92afea-e9db-48b3-aba3-1f3ecfd1b353@group-61CCAB411AD3-SegmentedRaftLogWorker for RaftStorageImpl:Storage Directory /github/workspace/mnt/ozone/hadoop-ozone/integration-test/target/test-dir/MiniOzoneClusterImpl-264a93b1-c4bd-4819-8d38-c175a3498c4d/datanode-1/data/ratis/71e87fc3-34b8-433d-a92c-61ccab411ad3
2021-01-11 13:39:21,151 [pool-49-thread-1] INFO  server.RaftServerConfigKeys (ConfUtils.java:logGet(44)) - raft.server.log.queue.byte-limit = 2147483647 (custom)
2021-01-11 13:39:21,151 [pool-49-thread-1] INFO  server.RaftServerConfigKeys (ConfUtils.java:logGet(44)) - raft.server.log.queue.element-limit = 1024 (custom)
2021-01-11 13:39:21,151 [pool-49-thread-1] INFO  server.RaftServerConfigKeys (ConfUtils.java:logGet(44)) - raft.server.log.segment.size.max = 1048576 (custom)
2021-01-11 13:39:21,151 [pool-49-thread-1] INFO  server.RaftServerConfigKeys (ConfUtils.java:logGet(44)) - raft.server.log.preallocated.size = 16384 (custom)
2021-01-11 13:39:21,151 [pool-49-thread-1] INFO  server.RaftServerConfigKeys (ConfUtils.java:logGet(44)) - raft.server.log.force.sync.num = 128 (default)
2021-01-11 13:39:21,151 [pool-49-thread-1] INFO  server.RaftServerConfigKeys (ConfUtils.java:logGet(44)) - raft.server.log.statemachine.data.sync = true (default)
2021-01-11 13:39:21,151 [pool-49-thread-1] INFO  server.RaftServerConfigKeys (ConfUtils.java:logGet(44)) - raft.server.log.statemachine.data.sync.timeout = 10s (default)
2021-01-11 13:39:21,151 [pool-49-thread-1] INFO  server.RaftServerConfigKeys (ConfUtils.java:logGet(44)) - raft.server.log.statemachine.data.sync.timeout.retry = -1 (default)
2021-01-11 13:39:21,152 [pool-49-thread-1] INFO  server.RaftServerConfigKeys (ConfUtils.java:logGet(44)) - raft.server.log.write.buffer.size = 1048576 (custom)
2021-01-11 13:39:21,152 [pool-49-thread-1] INFO  server.RaftServerConfigKeys (ConfUtils.java:logGet(44)) - raft.server.log.statemachine.data.caching.enabled = true (custom)
2021-01-11 13:39:21,152 [pool-49-thread-1] INFO  segmented.SegmentedRaftLogWorker (SegmentedRaftLogWorker.java:lambda$new$0(132)) - 3a92afea-e9db-48b3-aba3-1f3ecfd1b353@group-61CCAB411AD3-SegmentedRaftLogWorker: flushIndex: setUnconditionally 0 -> -1
2021-01-11 13:39:21,152 [pool-49-thread-1] INFO  segmented.SegmentedRaftLogWorker (SegmentedRaftLogWorker.java:lambda$new$0(132)) - 3a92afea-e9db-48b3-aba3-1f3ecfd1b353@group-61CCAB411AD3-SegmentedRaftLogWorker: safeCacheEvictIndex: setUnconditionally 0 -> -1
2021-01-11 13:39:21,150 [pool-66-thread-1] INFO  server.RaftServerConfigKeys (ConfUtils.java:logGet(44)) - raft.server.log.statemachine.data.caching.enabled = true (custom)
2021-01-11 13:39:21,150 [pool-34-thread-1] INFO  server.RaftServer$Division (RaftServerImpl.java:start(294)) - d78992b3-602b-478e-9e7d-48696c788850@group-61CCAB411AD3: start as a follower, conf=-1: [b04214a4-18bc-401b-ac78-706e463fcaca|rpc:172.17.0.2:37587|priority:0, d78992b3-602b-478e-9e7d-48696c788850|rpc:172.17.0.2:45881|priority:1, 3a92afea-e9db-48b3-aba3-1f3ecfd1b353|rpc:172.17.0.2:44909|priority:0], old=null
2021-01-11 13:39:21,153 [pool-66-thread-1] INFO  segmented.SegmentedRaftLogWorker (SegmentedRaftLogWorker.java:lambda$new$0(132)) - b04214a4-18bc-401b-ac78-706e463fcaca@group-61CCAB411AD3-SegmentedRaftLogWorker: flushIndex: setUnconditionally 0 -> -1
2021-01-11 13:39:21,153 [pool-66-thread-1] INFO  segmented.SegmentedRaftLogWorker (SegmentedRaftLogWorker.java:lambda$new$0(132)) - b04214a4-18bc-401b-ac78-706e463fcaca@group-61CCAB411AD3-SegmentedRaftLogWorker: safeCacheEvictIndex: setUnconditionally 0 -> -1
2021-01-11 13:39:21,153 [pool-34-thread-1] INFO  server.RaftServer$Division (RaftServerImpl.java:setRole(283)) - d78992b3-602b-478e-9e7d-48696c788850@group-61CCAB411AD3: changes role from      null to FOLLOWER at term 0 for startAsFollower
2021-01-11 13:39:21,154 [pool-34-thread-1] INFO  impl.RoleInfo (RoleInfo.java:updateAndGet(130)) - d78992b3-602b-478e-9e7d-48696c788850: start d78992b3-602b-478e-9e7d-48696c788850@group-61CCAB411AD3-FollowerState
2021-01-11 13:39:21,154 [pool-49-thread-1] INFO  server.RaftServerConfigKeys (ConfUtils.java:logGet(44)) - raft.server.snapshot.auto.trigger.enabled = true (custom)
2021-01-11 13:39:21,154 [pool-49-thread-1] INFO  server.RaftServerConfigKeys (ConfUtils.java:logGet(44)) - raft.server.snapshot.auto.trigger.threshold = 10000 (custom)
2021-01-11 13:39:21,154 [pool-49-thread-1] INFO  server.RaftServerConfigKeys (ConfUtils.java:logGet(44)) - raft.server.snapshot.retention.file.num = 5 (custom)
2021-01-11 13:39:21,154 [pool-49-thread-1] INFO  server.RaftServerConfigKeys (ConfUtils.java:logGet(44)) - raft.server.log.purge.upto.snapshot.index = false (default)
2021-01-11 13:39:21,159 [pool-66-thread-1] INFO  server.RaftServerConfigKeys (ConfUtils.java:logGet(44)) - raft.server.snapshot.auto.trigger.enabled = true (custom)
2021-01-11 13:39:21,159 [pool-66-thread-1] INFO  server.RaftServerConfigKeys (ConfUtils.java:logGet(44)) - raft.server.snapshot.auto.trigger.threshold = 10000 (custom)
2021-01-11 13:39:21,159 [pool-66-thread-1] INFO  server.RaftServerConfigKeys (ConfUtils.java:logGet(44)) - raft.server.snapshot.retention.file.num = 5 (custom)
2021-01-11 13:39:21,159 [pool-66-thread-1] INFO  server.RaftServerConfigKeys (ConfUtils.java:logGet(44)) - raft.server.log.purge.upto.snapshot.index = false (default)
2021-01-11 13:39:21,159 [pool-66-thread-1] INFO  server.RaftServerConfigKeys (ConfUtils.java:logGet(44)) - raft.server.retrycache.expirytime = 600000ms (custom)
2021-01-11 13:39:21,159 [pool-66-thread-1] INFO  server.RaftServerConfigKeys (ConfUtils.java:logGet(44)) - raft.server.retrycache.statistics.expirytime = 100?s (default)
2021-01-11 13:39:21,159 [pool-66-thread-1] INFO  metrics.RatisMetrics (RatisMetrics.java:lambda$create$0(36)) - Creating Metrics Registry : ratis.leader_election.b04214a4-18bc-401b-ac78-706e463fcaca@group-61CCAB411AD3
2021-01-11 13:39:21,160 [pool-66-thread-1] INFO  metrics.RatisMetrics (RatisMetrics.java:lambda$create$0(36)) - Creating Metrics Registry : ratis.server.b04214a4-18bc-401b-ac78-706e463fcaca@group-61CCAB411AD3
2021-01-11 13:39:21,160 [pool-66-thread-1] INFO  server.RaftServer$Division (RaftServerImpl.java:start(294)) - b04214a4-18bc-401b-ac78-706e463fcaca@group-61CCAB411AD3: start as a follower, conf=-1: [b04214a4-18bc-401b-ac78-706e463fcaca|rpc:172.17.0.2:37587|priority:0, d78992b3-602b-478e-9e7d-48696c788850|rpc:172.17.0.2:45881|priority:1, 3a92afea-e9db-48b3-aba3-1f3ecfd1b353|rpc:172.17.0.2:44909|priority:0], old=null
2021-01-11 13:39:21,160 [pool-66-thread-1] INFO  server.RaftServer$Division (RaftServerImpl.java:setRole(283)) - b04214a4-18bc-401b-ac78-706e463fcaca@group-61CCAB411AD3: changes role from      null to FOLLOWER at term 0 for startAsFollower
2021-01-11 13:39:21,160 [pool-66-thread-1] INFO  impl.RoleInfo (RoleInfo.java:updateAndGet(130)) - b04214a4-18bc-401b-ac78-706e463fcaca: start b04214a4-18bc-401b-ac78-706e463fcaca@group-61CCAB411AD3-FollowerState
2021-01-11 13:39:21,162 [pool-66-thread-1] INFO  util.JmxRegister (JmxRegister.java:tryRegister(44)) - Successfully registered JMX Bean with object name Ratis:service=RaftServer,group=group-61CCAB411AD3,id=b04214a4-18bc-401b-ac78-706e463fcaca
2021-01-11 13:39:21,162 [pool-66-thread-1] INFO  metrics.RatisMetrics (RatisMetrics.java:lambda$create$0(36)) - Creating Metrics Registry : ratis.state_machine.b04214a4-18bc-401b-ac78-706e463fcaca@group-61CCAB411AD3
2021-01-11 13:39:21,174 [EventQueue-PipelineReportForOneReplicaPipelineSafeModeRule] INFO  safemode.SCMSafeModeManager (SCMSafeModeManager.java:validateSafeModeExitRules(214)) - AtleastOneDatanodeReportedRule rule is successfully validated
2021-01-11 13:39:21,175 [EventQueue-OpenPipelineForHealthyPipelineSafeModeRule] INFO  safemode.SCMSafeModeManager (HealthyPipelineSafeModeRule.java:process(128)) - SCM in safe mode. Healthy pipelines reported count is 0, required healthy pipeline reported count is 1
2021-01-11 13:39:21,175 [Command processor thread] INFO  metrics.RatisMetrics (RatisMetrics.java:lambda$create$0(36)) - Creating Metrics Registry : ratis.client_message_metrics.client-A04C0208EA83->d78992b3-602b-478e-9e7d-48696c788850
2021-01-11 13:39:21,178 [pool-49-thread-1] INFO  server.RaftServerConfigKeys (ConfUtils.java:logGet(44)) - raft.server.retrycache.expirytime = 600000ms (custom)
2021-01-11 13:39:21,178 [pool-49-thread-1] INFO  server.RaftServerConfigKeys (ConfUtils.java:logGet(44)) - raft.server.retrycache.statistics.expirytime = 100?s (default)
2021-01-11 13:39:21,179 [pool-49-thread-1] INFO  metrics.RatisMetrics (RatisMetrics.java:lambda$create$0(36)) - Creating Metrics Registry : ratis.leader_election.3a92afea-e9db-48b3-aba3-1f3ecfd1b353@group-61CCAB411AD3
2021-01-11 13:39:21,179 [pool-49-thread-1] INFO  metrics.RatisMetrics (RatisMetrics.java:lambda$create$0(36)) - Creating Metrics Registry : ratis.server.3a92afea-e9db-48b3-aba3-1f3ecfd1b353@group-61CCAB411AD3
2021-01-11 13:39:21,179 [pool-49-thread-1] INFO  server.RaftServer$Division (RaftServerImpl.java:start(294)) - 3a92afea-e9db-48b3-aba3-1f3ecfd1b353@group-61CCAB411AD3: start as a follower, conf=-1: [b04214a4-18bc-401b-ac78-706e463fcaca|rpc:172.17.0.2:37587|priority:0, d78992b3-602b-478e-9e7d-48696c788850|rpc:172.17.0.2:45881|priority:1, 3a92afea-e9db-48b3-aba3-1f3ecfd1b353|rpc:172.17.0.2:44909|priority:0], old=null
2021-01-11 13:39:21,179 [pool-49-thread-1] INFO  server.RaftServer$Division (RaftServerImpl.java:setRole(283)) - 3a92afea-e9db-48b3-aba3-1f3ecfd1b353@group-61CCAB411AD3: changes role from      null to FOLLOWER at term 0 for startAsFollower
2021-01-11 13:39:21,182 [pool-49-thread-1] INFO  impl.RoleInfo (RoleInfo.java:updateAndGet(130)) - 3a92afea-e9db-48b3-aba3-1f3ecfd1b353: start 3a92afea-e9db-48b3-aba3-1f3ecfd1b353@group-61CCAB411AD3-FollowerState
2021-01-11 13:39:21,182 [pool-34-thread-1] INFO  util.JmxRegister (JmxRegister.java:tryRegister(44)) - Successfully registered JMX Bean with object name Ratis:service=RaftServer,group=group-61CCAB411AD3,id=d78992b3-602b-478e-9e7d-48696c788850
2021-01-11 13:39:21,182 [pool-34-thread-1] INFO  metrics.RatisMetrics (RatisMetrics.java:lambda$create$0(36)) - Creating Metrics Registry : ratis.state_machine.d78992b3-602b-478e-9e7d-48696c788850@group-61CCAB411AD3
2021-01-11 13:39:21,186 [pool-49-thread-1] INFO  util.JmxRegister (JmxRegister.java:tryRegister(44)) - Successfully registered JMX Bean with object name Ratis:service=RaftServer,group=group-61CCAB411AD3,id=3a92afea-e9db-48b3-aba3-1f3ecfd1b353
2021-01-11 13:39:21,186 [pool-49-thread-1] INFO  metrics.RatisMetrics (RatisMetrics.java:lambda$create$0(36)) - Creating Metrics Registry : ratis.state_machine.3a92afea-e9db-48b3-aba3-1f3ecfd1b353@group-61CCAB411AD3
2021-01-11 13:39:21,191 [Command processor thread] INFO  metrics.RatisMetrics (RatisMetrics.java:lambda$create$0(36)) - Creating Metrics Registry : ratis.client_message_metrics.client-D25BB472721B->b04214a4-18bc-401b-ac78-706e463fcaca
2021-01-11 13:39:21,200 [Command processor thread] INFO  metrics.RatisMetrics (RatisMetrics.java:lambda$create$0(36)) - Creating Metrics Registry : ratis.client_message_metrics.client-447866C92C68->b04214a4-18bc-401b-ac78-706e463fcaca
2021-01-11 13:39:21,238 [Command processor thread] INFO  metrics.RatisMetrics (RatisMetrics.java:lambda$create$0(36)) - Creating Metrics Registry : ratis.client_message_metrics.client-58DC17946FED->3a92afea-e9db-48b3-aba3-1f3ecfd1b353
2021-01-11 13:39:21,240 [Command processor thread] INFO  metrics.RatisMetrics (RatisMetrics.java:lambda$create$0(36)) - Creating Metrics Registry : ratis.client_message_metrics.client-56084075B059->d78992b3-602b-478e-9e7d-48696c788850
2021-01-11 13:39:21,250 [Command processor thread] INFO  metrics.RatisMetrics (RatisMetrics.java:lambda$create$0(36)) - Creating Metrics Registry : ratis.client_message_metrics.client-C4EF62CEED25->3a92afea-e9db-48b3-aba3-1f3ecfd1b353
2021-01-11 13:39:21,284 [Command processor thread] INFO  commandhandler.CreatePipelineCommandHandler (CreatePipelineCommandHandler.java:handle(106)) - Created Pipeline RATIS THREE PipelineID=71e87fc3-34b8-433d-a92c-61ccab411ad3.
2021-01-11 13:39:21,288 [Command processor thread] INFO  commandhandler.CreatePipelineCommandHandler (CreatePipelineCommandHandler.java:handle(106)) - Created Pipeline RATIS THREE PipelineID=71e87fc3-34b8-433d-a92c-61ccab411ad3.
2021-01-11 13:39:21,289 [Command processor thread] INFO  commandhandler.CreatePipelineCommandHandler (CreatePipelineCommandHandler.java:handle(106)) - Created Pipeline RATIS THREE PipelineID=71e87fc3-34b8-433d-a92c-61ccab411ad3.
2021-01-11 13:39:21,800 [Listener at 127.0.0.1/44133] INFO  ozone.MiniOzoneClusterImpl (MiniOzoneClusterImpl.java:lambda$waitForClusterToBeReady$0(179)) - Nodes are ready. Got 4 of 4 DN Heartbeats.
2021-01-11 13:39:21,800 [Listener at 127.0.0.1/44133] INFO  ozone.MiniOzoneClusterImpl (MiniOzoneClusterImpl.java:lambda$waitForClusterToBeReady$0(182)) - Waiting for cluster to exit safe mode
2021-01-11 13:39:22,015 [EventQueue-PipelineReportForOneReplicaPipelineSafeModeRule] INFO  safemode.SCMSafeModeManager (SCMSafeModeManager.java:validateSafeModeExitRules(214)) - AtleastOneDatanodeReportedRule rule is successfully validated
2021-01-11 13:39:22,015 [EventQueue-OpenPipelineForHealthyPipelineSafeModeRule] INFO  safemode.SCMSafeModeManager (HealthyPipelineSafeModeRule.java:process(128)) - SCM in safe mode. Healthy pipelines reported count is 0, required healthy pipeline reported count is 1
2021-01-11 13:39:22,137 [EventQueue-PipelineReportForOneReplicaPipelineSafeModeRule] INFO  safemode.SCMSafeModeManager (SCMSafeModeManager.java:validateSafeModeExitRules(214)) - AtleastOneDatanodeReportedRule rule is successfully validated
2021-01-11 13:39:22,137 [EventQueue-OpenPipelineForHealthyPipelineSafeModeRule] INFO  safemode.SCMSafeModeManager (HealthyPipelineSafeModeRule.java:process(128)) - SCM in safe mode. Healthy pipelines reported count is 0, required healthy pipeline reported count is 1
2021-01-11 13:39:22,142 [EventQueue-PipelineReportForOneReplicaPipelineSafeModeRule] INFO  safemode.SCMSafeModeManager (SCMSafeModeManager.java:validateSafeModeExitRules(214)) - AtleastOneDatanodeReportedRule rule is successfully validated
2021-01-11 13:39:22,142 [EventQueue-OpenPipelineForHealthyPipelineSafeModeRule] INFO  safemode.SCMSafeModeManager (HealthyPipelineSafeModeRule.java:process(128)) - SCM in safe mode. Healthy pipelines reported count is 0, required healthy pipeline reported count is 1
2021-01-11 13:39:22,154 [EventQueue-PipelineReportForOneReplicaPipelineSafeModeRule] INFO  safemode.SCMSafeModeManager (SCMSafeModeManager.java:validateSafeModeExitRules(214)) - AtleastOneDatanodeReportedRule rule is successfully validated
2021-01-11 13:39:22,155 [EventQueue-OpenPipelineForHealthyPipelineSafeModeRule] INFO  safemode.SCMSafeModeManager (HealthyPipelineSafeModeRule.java:process(128)) - SCM in safe mode. Healthy pipelines reported count is 0, required healthy pipeline reported count is 1
2021-01-11 13:39:22,800 [Listener at 127.0.0.1/44133] INFO  ozone.MiniOzoneClusterImpl (MiniOzoneClusterImpl.java:lambda$waitForClusterToBeReady$0(179)) - Nodes are ready. Got 4 of 4 DN Heartbeats.
2021-01-11 13:39:22,801 [Listener at 127.0.0.1/44133] INFO  ozone.MiniOzoneClusterImpl (MiniOzoneClusterImpl.java:lambda$waitForClusterToBeReady$0(182)) - Waiting for cluster to exit safe mode
2021-01-11 13:39:23,018 [EventQueue-PipelineReportForOneReplicaPipelineSafeModeRule] INFO  safemode.SCMSafeModeManager (SCMSafeModeManager.java:validateSafeModeExitRules(214)) - AtleastOneDatanodeReportedRule rule is successfully validated
2021-01-11 13:39:23,018 [EventQueue-OpenPipelineForHealthyPipelineSafeModeRule] INFO  safemode.SCMSafeModeManager (HealthyPipelineSafeModeRule.java:process(128)) - SCM in safe mode. Healthy pipelines reported count is 0, required healthy pipeline reported count is 1
2021-01-11 13:39:23,137 [EventQueue-PipelineReportForOneReplicaPipelineSafeModeRule] INFO  safemode.SCMSafeModeManager (SCMSafeModeManager.java:validateSafeModeExitRules(214)) - AtleastOneDatanodeReportedRule rule is successfully validated
2021-01-11 13:39:23,137 [EventQueue-OpenPipelineForHealthyPipelineSafeModeRule] INFO  safemode.SCMSafeModeManager (HealthyPipelineSafeModeRule.java:process(128)) - SCM in safe mode. Healthy pipelines reported count is 0, required healthy pipeline reported count is 1
2021-01-11 13:39:23,143 [EventQueue-PipelineReportForOneReplicaPipelineSafeModeRule] INFO  safemode.SCMSafeModeManager (SCMSafeModeManager.java:validateSafeModeExitRules(214)) - AtleastOneDatanodeReportedRule rule is successfully validated
2021-01-11 13:39:23,143 [EventQueue-OpenPipelineForHealthyPipelineSafeModeRule] INFO  safemode.SCMSafeModeManager (HealthyPipelineSafeModeRule.java:process(128)) - SCM in safe mode. Healthy pipelines reported count is 0, required healthy pipeline reported count is 1
2021-01-11 13:39:23,154 [EventQueue-OpenPipelineForHealthyPipelineSafeModeRule] INFO  safemode.SCMSafeModeManager (HealthyPipelineSafeModeRule.java:process(128)) - SCM in safe mode. Healthy pipelines reported count is 0, required healthy pipeline reported count is 1
2021-01-11 13:39:23,154 [EventQueue-PipelineReportForOneReplicaPipelineSafeModeRule] INFO  safemode.SCMSafeModeManager (SCMSafeModeManager.java:validateSafeModeExitRules(214)) - AtleastOneDatanodeReportedRule rule is successfully validated
2021-01-11 13:39:23,806 [Listener at 127.0.0.1/44133] INFO  ozone.MiniOzoneClusterImpl (MiniOzoneClusterImpl.java:lambda$waitForClusterToBeReady$0(179)) - Nodes are ready. Got 4 of 4 DN Heartbeats.
2021-01-11 13:39:23,806 [Listener at 127.0.0.1/44133] INFO  ozone.MiniOzoneClusterImpl (MiniOzoneClusterImpl.java:lambda$waitForClusterToBeReady$0(182)) - Waiting for cluster to exit safe mode
2021-01-11 13:39:24,018 [EventQueue-PipelineReportForOneReplicaPipelineSafeModeRule] INFO  safemode.SCMSafeModeManager (SCMSafeModeManager.java:validateSafeModeExitRules(214)) - AtleastOneDatanodeReportedRule rule is successfully validated
2021-01-11 13:39:24,018 [EventQueue-OpenPipelineForHealthyPipelineSafeModeRule] INFO  safemode.SCMSafeModeManager (HealthyPipelineSafeModeRule.java:process(128)) - SCM in safe mode. Healthy pipelines reported count is 0, required healthy pipeline reported count is 1
2021-01-11 13:39:24,139 [EventQueue-PipelineReportForOneReplicaPipelineSafeModeRule] INFO  safemode.SCMSafeModeManager (SCMSafeModeManager.java:validateSafeModeExitRules(214)) - AtleastOneDatanodeReportedRule rule is successfully validated
2021-01-11 13:39:24,139 [EventQueue-OpenPipelineForHealthyPipelineSafeModeRule] INFO  safemode.SCMSafeModeManager (HealthyPipelineSafeModeRule.java:process(128)) - SCM in safe mode. Healthy pipelines reported count is 0, required healthy pipeline reported count is 1
2021-01-11 13:39:24,143 [EventQueue-OpenPipelineForHealthyPipelineSafeModeRule] INFO  safemode.SCMSafeModeManager (HealthyPipelineSafeModeRule.java:process(128)) - SCM in safe mode. Healthy pipelines reported count is 0, required healthy pipeline reported count is 1
2021-01-11 13:39:24,143 [EventQueue-PipelineReportForOneReplicaPipelineSafeModeRule] INFO  safemode.SCMSafeModeManager (SCMSafeModeManager.java:validateSafeModeExitRules(214)) - AtleastOneDatanodeReportedRule rule is successfully validated
2021-01-11 13:39:24,155 [EventQueue-PipelineReportForOneReplicaPipelineSafeModeRule] INFO  safemode.SCMSafeModeManager (SCMSafeModeManager.java:validateSafeModeExitRules(214)) - AtleastOneDatanodeReportedRule rule is successfully validated
2021-01-11 13:39:24,155 [EventQueue-OpenPipelineForHealthyPipelineSafeModeRule] INFO  safemode.SCMSafeModeManager (HealthyPipelineSafeModeRule.java:process(128)) - SCM in safe mode. Healthy pipelines reported count is 0, required healthy pipeline reported count is 1
2021-01-11 13:39:24,806 [Listener at 127.0.0.1/44133] INFO  ozone.MiniOzoneClusterImpl (MiniOzoneClusterImpl.java:lambda$waitForClusterToBeReady$0(179)) - Nodes are ready. Got 4 of 4 DN Heartbeats.
2021-01-11 13:39:24,807 [Listener at 127.0.0.1/44133] INFO  ozone.MiniOzoneClusterImpl (MiniOzoneClusterImpl.java:lambda$waitForClusterToBeReady$0(182)) - Waiting for cluster to exit safe mode
2021-01-11 13:39:25,018 [EventQueue-PipelineReportForOneReplicaPipelineSafeModeRule] INFO  safemode.SCMSafeModeManager (SCMSafeModeManager.java:validateSafeModeExitRules(214)) - AtleastOneDatanodeReportedRule rule is successfully validated
2021-01-11 13:39:25,018 [EventQueue-OpenPipelineForHealthyPipelineSafeModeRule] INFO  safemode.SCMSafeModeManager (HealthyPipelineSafeModeRule.java:process(128)) - SCM in safe mode. Healthy pipelines reported count is 0, required healthy pipeline reported count is 1
2021-01-11 13:39:25,139 [EventQueue-PipelineReportForOneReplicaPipelineSafeModeRule] INFO  safemode.SCMSafeModeManager (SCMSafeModeManager.java:validateSafeModeExitRules(214)) - AtleastOneDatanodeReportedRule rule is successfully validated
2021-01-11 13:39:25,139 [EventQueue-OpenPipelineForHealthyPipelineSafeModeRule] INFO  safemode.SCMSafeModeManager (HealthyPipelineSafeModeRule.java:process(128)) - SCM in safe mode. Healthy pipelines reported count is 0, required healthy pipeline reported count is 1
2021-01-11 13:39:25,144 [EventQueue-OpenPipelineForHealthyPipelineSafeModeRule] INFO  safemode.SCMSafeModeManager (HealthyPipelineSafeModeRule.java:process(128)) - SCM in safe mode. Healthy pipelines reported count is 0, required healthy pipeline reported count is 1
2021-01-11 13:39:25,144 [EventQueue-PipelineReportForOneReplicaPipelineSafeModeRule] INFO  safemode.SCMSafeModeManager (SCMSafeModeManager.java:validateSafeModeExitRules(214)) - AtleastOneDatanodeReportedRule rule is successfully validated
2021-01-11 13:39:25,154 [EventQueue-PipelineReportForOneReplicaPipelineSafeModeRule] INFO  safemode.SCMSafeModeManager (SCMSafeModeManager.java:validateSafeModeExitRules(214)) - AtleastOneDatanodeReportedRule rule is successfully validated
2021-01-11 13:39:25,154 [EventQueue-OpenPipelineForHealthyPipelineSafeModeRule] INFO  safemode.SCMSafeModeManager (HealthyPipelineSafeModeRule.java:process(128)) - SCM in safe mode. Healthy pipelines reported count is 0, required healthy pipeline reported count is 1
2021-01-11 13:39:25,156 [Thread-194] INFO  impl.FollowerState (FollowerState.java:run(133)) - d78992b3-602b-478e-9e7d-48696c788850@group-8A8965F74491-FollowerState: change to CANDIDATE, lastRpcElapsedTime:5032649219ns, electionTimeout:5027ms
2021-01-11 13:39:25,156 [Thread-194] INFO  impl.RoleInfo (RoleInfo.java:shutdownFollowerState(108)) - d78992b3-602b-478e-9e7d-48696c788850: shutdown d78992b3-602b-478e-9e7d-48696c788850@group-8A8965F74491-FollowerState
2021-01-11 13:39:25,156 [Thread-194] INFO  server.RaftServer$Division (RaftServerImpl.java:setRole(283)) - d78992b3-602b-478e-9e7d-48696c788850@group-8A8965F74491: changes role from  FOLLOWER to CANDIDATE at term 0 for changeToCandidate
2021-01-11 13:39:25,159 [Thread-194] INFO  impl.RoleInfo (RoleInfo.java:updateAndGet(130)) - d78992b3-602b-478e-9e7d-48696c788850: start d78992b3-602b-478e-9e7d-48696c788850@group-8A8965F74491-LeaderElection1
2021-01-11 13:39:25,161 [d78992b3-602b-478e-9e7d-48696c788850@group-8A8965F74491-LeaderElection1] INFO  impl.LeaderElection (LeaderElection.java:askForPreVotes(259)) - d78992b3-602b-478e-9e7d-48696c788850@group-8A8965F74491-LeaderElection1: begin a pre-vote at term 0 for -1: [d78992b3-602b-478e-9e7d-48696c788850|rpc:172.17.0.2:45881|priority:1], old=null
2021-01-11 13:39:25,162 [d78992b3-602b-478e-9e7d-48696c788850@group-8A8965F74491-LeaderElection1] INFO  impl.LeaderElection (LeaderElection.java:askForPreVotes(261)) - d78992b3-602b-478e-9e7d-48696c788850@group-8A8965F74491-LeaderElection1 pre-vote result is PASSED.
2021-01-11 13:39:25,163 [d78992b3-602b-478e-9e7d-48696c788850@group-8A8965F74491-LeaderElection1] INFO  impl.LeaderElection (LeaderElection.java:askForVotes(308)) - d78992b3-602b-478e-9e7d-48696c788850@group-8A8965F74491-LeaderElection1: begin an election at term 1 for -1: [d78992b3-602b-478e-9e7d-48696c788850|rpc:172.17.0.2:45881|priority:1], old=null
2021-01-11 13:39:25,164 [d78992b3-602b-478e-9e7d-48696c788850@group-8A8965F74491-LeaderElection1] INFO  impl.RoleInfo (RoleInfo.java:shutdownLeaderElection(121)) - d78992b3-602b-478e-9e7d-48696c788850: shutdown d78992b3-602b-478e-9e7d-48696c788850@group-8A8965F74491-LeaderElection1
2021-01-11 13:39:25,164 [d78992b3-602b-478e-9e7d-48696c788850@group-8A8965F74491-LeaderElection1] INFO  server.RaftServer$Division (RaftServerImpl.java:setRole(283)) - d78992b3-602b-478e-9e7d-48696c788850@group-8A8965F74491: changes role from CANDIDATE to LEADER at term 1 for changeToLeader
2021-01-11 13:39:25,164 [d78992b3-602b-478e-9e7d-48696c788850@group-8A8965F74491-LeaderElection1] INFO  ratis.XceiverServerRatis (XceiverServerRatis.java:handleLeaderChangedNotification(868)) - Leader change notification received for group: group-8A8965F74491 with new leaderId: d78992b3-602b-478e-9e7d-48696c788850
2021-01-11 13:39:25,165 [d78992b3-602b-478e-9e7d-48696c788850@group-8A8965F74491-LeaderElection1] INFO  server.RaftServer$Division (ServerState.java:setLeader(249)) - d78992b3-602b-478e-9e7d-48696c788850@group-8A8965F74491: change Leader from null to d78992b3-602b-478e-9e7d-48696c788850 at term 1 for becomeLeader, leader elected after 5165ms
2021-01-11 13:39:25,170 [d78992b3-602b-478e-9e7d-48696c788850@group-8A8965F74491-LeaderElection1] INFO  server.RaftServerConfigKeys (ConfUtils.java:logGet(44)) - raft.server.staging.catchup.gap = 1000 (default)
2021-01-11 13:39:25,170 [EventQueue-PipelineReportForOneReplicaPipelineSafeModeRule] INFO  safemode.SCMSafeModeManager (SCMSafeModeManager.java:validateSafeModeExitRules(214)) - AtleastOneDatanodeReportedRule rule is successfully validated
2021-01-11 13:39:25,171 [EventQueue-OpenPipelineForHealthyPipelineSafeModeRule] INFO  safemode.SCMSafeModeManager (HealthyPipelineSafeModeRule.java:process(128)) - SCM in safe mode. Healthy pipelines reported count is 0, required healthy pipeline reported count is 1
2021-01-11 13:39:25,173 [d78992b3-602b-478e-9e7d-48696c788850@group-8A8965F74491-LeaderElection1] INFO  metrics.RatisMetrics (RatisMetrics.java:lambda$create$0(36)) - Creating Metrics Registry : ratis.log_appender.d78992b3-602b-478e-9e7d-48696c788850@group-8A8965F74491
2021-01-11 13:39:25,175 [d78992b3-602b-478e-9e7d-48696c788850@group-8A8965F74491-LeaderElection1] INFO  server.RaftServerConfigKeys (ConfUtils.java:logGet(44)) - raft.server.write.element-limit = 1024 (custom)
2021-01-11 13:39:25,175 [d78992b3-602b-478e-9e7d-48696c788850@group-8A8965F74491-LeaderElection1] INFO  server.RaftServerConfigKeys (ConfUtils.java:logGet(44)) - raft.server.write.byte-limit = 1073741824 (custom)
2021-01-11 13:39:25,180 [d78992b3-602b-478e-9e7d-48696c788850@group-8A8965F74491-LeaderElection1] INFO  server.RaftServerConfigKeys (ConfUtils.java:logGet(44)) - raft.server.watch.timeout = 180s (custom)
2021-01-11 13:39:25,181 [d78992b3-602b-478e-9e7d-48696c788850@group-8A8965F74491-LeaderElection1] INFO  server.RaftServerConfigKeys (ConfUtils.java:logGet(44)) - raft.server.watch.timeout.denomination = 1s (default)
2021-01-11 13:39:25,181 [d78992b3-602b-478e-9e7d-48696c788850@group-8A8965F74491-LeaderElection1] INFO  server.RaftServerConfigKeys (ConfUtils.java:logGet(44)) - raft.server.watch.element-limit = 65536 (default)
2021-01-11 13:39:25,188 [d78992b3-602b-478e-9e7d-48696c788850@group-8A8965F74491-LeaderElection1] INFO  impl.RoleInfo (RoleInfo.java:updateAndGet(130)) - d78992b3-602b-478e-9e7d-48696c788850: start d78992b3-602b-478e-9e7d-48696c788850@group-8A8965F74491-LeaderStateImpl
2021-01-11 13:39:25,201 [d78992b3-602b-478e-9e7d-48696c788850@group-8A8965F74491-LeaderElection1] INFO  segmented.SegmentedRaftLogWorker (SegmentedRaftLogWorker.java:startLogSegment(392)) - d78992b3-602b-478e-9e7d-48696c788850@group-8A8965F74491-SegmentedRaftLogWorker: Starting segment from index:0
2021-01-11 13:39:25,219 [d78992b3-602b-478e-9e7d-48696c788850@group-8A8965F74491-LeaderElection1] INFO  server.RaftServer$Division (ServerState.java:setRaftConf(368)) - d78992b3-602b-478e-9e7d-48696c788850@group-8A8965F74491: set configuration 0: [d78992b3-602b-478e-9e7d-48696c788850|rpc:172.17.0.2:45881|dataStream:|priority:1], old=null
2021-01-11 13:39:25,249 [Thread-196] INFO  impl.FollowerState (FollowerState.java:run(133)) - d78992b3-602b-478e-9e7d-48696c788850@group-B22E4B49B34A-FollowerState: change to CANDIDATE, lastRpcElapsedTime:5072666524ns, electionTimeout:5066ms
2021-01-11 13:39:25,257 [Thread-196] INFO  impl.RoleInfo (RoleInfo.java:shutdownFollowerState(108)) - d78992b3-602b-478e-9e7d-48696c788850: shutdown d78992b3-602b-478e-9e7d-48696c788850@group-B22E4B49B34A-FollowerState
2021-01-11 13:39:25,257 [Thread-196] INFO  server.RaftServer$Division (RaftServerImpl.java:setRole(283)) - d78992b3-602b-478e-9e7d-48696c788850@group-B22E4B49B34A: changes role from  FOLLOWER to CANDIDATE at term 0 for changeToCandidate
2021-01-11 13:39:25,257 [Thread-196] INFO  impl.RoleInfo (RoleInfo.java:updateAndGet(130)) - d78992b3-602b-478e-9e7d-48696c788850: start d78992b3-602b-478e-9e7d-48696c788850@group-B22E4B49B34A-LeaderElection2
2021-01-11 13:39:25,259 [d78992b3-602b-478e-9e7d-48696c788850@group-B22E4B49B34A-LeaderElection2] INFO  impl.LeaderElection (LeaderElection.java:askForPreVotes(259)) - d78992b3-602b-478e-9e7d-48696c788850@group-B22E4B49B34A-LeaderElection2: begin a pre-vote at term 0 for -1: [b04214a4-18bc-401b-ac78-706e463fcaca|rpc:172.17.0.2:37587|priority:1, d78992b3-602b-478e-9e7d-48696c788850|rpc:172.17.0.2:45881|priority:0, 3a92afea-e9db-48b3-aba3-1f3ecfd1b353|rpc:172.17.0.2:44909|priority:0], old=null
2021-01-11 13:39:25,288 [grpc-default-executor-0] INFO  server.RaftServer$Division (RaftServerImpl.java:requestPreVote(1060)) - b04214a4-18bc-401b-ac78-706e463fcaca@group-B22E4B49B34A: receive preVote(d78992b3-602b-478e-9e7d-48696c788850, group-B22E4B49B34A, 0, (t:0, i:0))
2021-01-11 13:39:25,288 [grpc-default-executor-0] INFO  server.RaftServer$Division (RaftServerImpl.java:requestPreVote(1083)) - b04214a4-18bc-401b-ac78-706e463fcaca@group-B22E4B49B34A role: FOLLOWER reject pre-vote from:d78992b3-602b-478e-9e7d-48696c788850 because compare:0 isCurrentLeaderValid:false
2021-01-11 13:39:25,297 [grpc-default-executor-1] INFO  server.RaftServer$Division (RaftServerImpl.java:requestPreVote(1060)) - 3a92afea-e9db-48b3-aba3-1f3ecfd1b353@group-B22E4B49B34A: receive preVote(d78992b3-602b-478e-9e7d-48696c788850, group-B22E4B49B34A, 0, (t:0, i:0))
2021-01-11 13:39:25,297 [grpc-default-executor-1] INFO  server.RaftServer$Division (RaftServerImpl.java:requestPreVote(1081)) - 3a92afea-e9db-48b3-aba3-1f3ecfd1b353@group-B22E4B49B34A role: FOLLOWER allow pre-vote from:d78992b3-602b-478e-9e7d-48696c788850
2021-01-11 13:39:25,301 [grpc-default-executor-1] INFO  server.RaftServer$Division (RaftServerImpl.java:requestPreVote(1099)) - 3a92afea-e9db-48b3-aba3-1f3ecfd1b353@group-B22E4B49B34A replies to pre-vote request: d78992b3-602b-478e-9e7d-48696c788850<-3a92afea-e9db-48b3-aba3-1f3ecfd1b353#0:OK-t0. Peer's state: 3a92afea-e9db-48b3-aba3-1f3ecfd1b353@group-B22E4B49B34A:t0, leader=null, voted=, raftlog=3a92afea-e9db-48b3-aba3-1f3ecfd1b353@group-B22E4B49B34A-SegmentedRaftLog:OPENED:c-1,f-1,i0, conf=-1: [b04214a4-18bc-401b-ac78-706e463fcaca|rpc:172.17.0.2:37587|priority:1, d78992b3-602b-478e-9e7d-48696c788850|rpc:172.17.0.2:45881|priority:0, 3a92afea-e9db-48b3-aba3-1f3ecfd1b353|rpc:172.17.0.2:44909|priority:0], old=null
2021-01-11 13:39:25,312 [grpc-default-executor-0] INFO  server.RaftServer$Division (RaftServerImpl.java:requestPreVote(1099)) - b04214a4-18bc-401b-ac78-706e463fcaca@group-B22E4B49B34A replies to pre-vote request: d78992b3-602b-478e-9e7d-48696c788850<-b04214a4-18bc-401b-ac78-706e463fcaca#0:FAIL-t0. Peer's state: b04214a4-18bc-401b-ac78-706e463fcaca@group-B22E4B49B34A:t0, leader=null, voted=, raftlog=b04214a4-18bc-401b-ac78-706e463fcaca@group-B22E4B49B34A-SegmentedRaftLog:OPENED:c-1,f-1,i0, conf=-1: [b04214a4-18bc-401b-ac78-706e463fcaca|rpc:172.17.0.2:37587|priority:1, d78992b3-602b-478e-9e7d-48696c788850|rpc:172.17.0.2:45881|priority:0, 3a92afea-e9db-48b3-aba3-1f3ecfd1b353|rpc:172.17.0.2:44909|priority:0], old=null
2021-01-11 13:39:25,316 [d78992b3-602b-478e-9e7d-48696c788850@group-B22E4B49B34A-LeaderElection2] INFO  impl.LeaderElection (LeaderElection.java:logAndReturn(68)) - d78992b3-602b-478e-9e7d-48696c788850@group-B22E4B49B34A-LeaderElection2: Pre-vote  REJECTED received 1 response(s):[d78992b3-602b-478e-9e7d-48696c788850<-b04214a4-18bc-401b-ac78-706e463fcaca#0:FAIL-t0]
2021-01-11 13:39:25,317 [d78992b3-602b-478e-9e7d-48696c788850@group-B22E4B49B34A-LeaderElection2] INFO  impl.LeaderElection (LeaderElection.java:askForPreVotes(261)) - d78992b3-602b-478e-9e7d-48696c788850@group-B22E4B49B34A-LeaderElection2 pre-vote result is REJECTED.
2021-01-11 13:39:25,318 [d78992b3-602b-478e-9e7d-48696c788850@group-B22E4B49B34A-LeaderElection2] INFO  server.RaftServer$Division (RaftServerImpl.java:setRole(283)) - d78992b3-602b-478e-9e7d-48696c788850@group-B22E4B49B34A: changes role from CANDIDATE to FOLLOWER at term 0 for REJECTED
2021-01-11 13:39:25,318 [d78992b3-602b-478e-9e7d-48696c788850@group-B22E4B49B34A-LeaderElection2] INFO  impl.RoleInfo (RoleInfo.java:shutdownLeaderElection(121)) - d78992b3-602b-478e-9e7d-48696c788850: shutdown d78992b3-602b-478e-9e7d-48696c788850@group-B22E4B49B34A-LeaderElection2
2021-01-11 13:39:25,318 [d78992b3-602b-478e-9e7d-48696c788850@group-B22E4B49B34A-LeaderElection2] INFO  impl.RoleInfo (RoleInfo.java:updateAndGet(130)) - d78992b3-602b-478e-9e7d-48696c788850: start d78992b3-602b-478e-9e7d-48696c788850@group-B22E4B49B34A-FollowerState
2021-01-11 13:39:25,344 [d78992b3-602b-478e-9e7d-48696c788850@group-8A8965F74491-SegmentedRaftLogWorker] INFO  segmented.SegmentedRaftLogWorker (SegmentedRaftLogWorker.java:execute(599)) - d78992b3-602b-478e-9e7d-48696c788850@group-8A8965F74491-SegmentedRaftLogWorker: created new log segment /github/workspace/mnt/ozone/hadoop-ozone/integration-test/target/test-dir/MiniOzoneClusterImpl-264a93b1-c4bd-4819-8d38-c175a3498c4d/datanode-0/data/ratis/f5335cf3-7092-4145-92e1-8a8965f74491/current/log_inprogress_0
2021-01-11 13:39:25,363 [Thread-198] INFO  impl.FollowerState (FollowerState.java:run(133)) - 3a92afea-e9db-48b3-aba3-1f3ecfd1b353@group-EBBB6508D112-FollowerState: change to CANDIDATE, lastRpcElapsedTime:5118268613ns, electionTimeout:5097ms
2021-01-11 13:39:25,363 [Thread-198] INFO  impl.RoleInfo (RoleInfo.java:shutdownFollowerState(108)) - 3a92afea-e9db-48b3-aba3-1f3ecfd1b353: shutdown 3a92afea-e9db-48b3-aba3-1f3ecfd1b353@group-EBBB6508D112-FollowerState
2021-01-11 13:39:25,364 [Thread-198] INFO  server.RaftServer$Division (RaftServerImpl.java:setRole(283)) - 3a92afea-e9db-48b3-aba3-1f3ecfd1b353@group-EBBB6508D112: changes role from  FOLLOWER to CANDIDATE at term 0 for changeToCandidate
2021-01-11 13:39:25,364 [Thread-198] INFO  impl.RoleInfo (RoleInfo.java:updateAndGet(130)) - 3a92afea-e9db-48b3-aba3-1f3ecfd1b353: start 3a92afea-e9db-48b3-aba3-1f3ecfd1b353@group-EBBB6508D112-LeaderElection3
2021-01-11 13:39:25,365 [3a92afea-e9db-48b3-aba3-1f3ecfd1b353@group-EBBB6508D112-LeaderElection3] INFO  impl.LeaderElection (LeaderElection.java:askForPreVotes(259)) - 3a92afea-e9db-48b3-aba3-1f3ecfd1b353@group-EBBB6508D112-LeaderElection3: begin a pre-vote at term 0 for -1: [3a92afea-e9db-48b3-aba3-1f3ecfd1b353|rpc:172.17.0.2:44909|priority:1], old=null
2021-01-11 13:39:25,365 [3a92afea-e9db-48b3-aba3-1f3ecfd1b353@group-EBBB6508D112-LeaderElection3] INFO  impl.LeaderElection (LeaderElection.java:askForPreVotes(261)) - 3a92afea-e9db-48b3-aba3-1f3ecfd1b353@group-EBBB6508D112-LeaderElection3 pre-vote result is PASSED.
2021-01-11 13:39:25,366 [3a92afea-e9db-48b3-aba3-1f3ecfd1b353@group-EBBB6508D112-LeaderElection3] INFO  impl.LeaderElection (LeaderElection.java:askForVotes(308)) - 3a92afea-e9db-48b3-aba3-1f3ecfd1b353@group-EBBB6508D112-LeaderElection3: begin an election at term 1 for -1: [3a92afea-e9db-48b3-aba3-1f3ecfd1b353|rpc:172.17.0.2:44909|priority:1], old=null
2021-01-11 13:39:25,367 [3a92afea-e9db-48b3-aba3-1f3ecfd1b353@group-EBBB6508D112-LeaderElection3] INFO  impl.RoleInfo (RoleInfo.java:shutdownLeaderElection(121)) - 3a92afea-e9db-48b3-aba3-1f3ecfd1b353: shutdown 3a92afea-e9db-48b3-aba3-1f3ecfd1b353@group-EBBB6508D112-LeaderElection3
2021-01-11 13:39:25,367 [3a92afea-e9db-48b3-aba3-1f3ecfd1b353@group-EBBB6508D112-LeaderElection3] INFO  server.RaftServer$Division (RaftServerImpl.java:setRole(283)) - 3a92afea-e9db-48b3-aba3-1f3ecfd1b353@group-EBBB6508D112: changes role from CANDIDATE to LEADER at term 1 for changeToLeader
2021-01-11 13:39:25,367 [3a92afea-e9db-48b3-aba3-1f3ecfd1b353@group-EBBB6508D112-LeaderElection3] INFO  ratis.XceiverServerRatis (XceiverServerRatis.java:handleLeaderChangedNotification(868)) - Leader change notification received for group: group-EBBB6508D112 with new leaderId: 3a92afea-e9db-48b3-aba3-1f3ecfd1b353
2021-01-11 13:39:25,367 [3a92afea-e9db-48b3-aba3-1f3ecfd1b353@group-EBBB6508D112-LeaderElection3] INFO  server.RaftServer$Division (ServerState.java:setLeader(249)) - 3a92afea-e9db-48b3-aba3-1f3ecfd1b353@group-EBBB6508D112: change Leader from null to 3a92afea-e9db-48b3-aba3-1f3ecfd1b353 at term 1 for becomeLeader, leader elected after 5147ms
2021-01-11 13:39:25,367 [3a92afea-e9db-48b3-aba3-1f3ecfd1b353@group-EBBB6508D112-LeaderElection3] INFO  server.RaftServerConfigKeys (ConfUtils.java:logGet(44)) - raft.server.staging.catchup.gap = 1000 (default)
2021-01-11 13:39:25,367 [3a92afea-e9db-48b3-aba3-1f3ecfd1b353@group-EBBB6508D112-LeaderElection3] INFO  metrics.RatisMetrics (RatisMetrics.java:lambda$create$0(36)) - Creating Metrics Registry : ratis.log_appender.3a92afea-e9db-48b3-aba3-1f3ecfd1b353@group-EBBB6508D112
2021-01-11 13:39:25,369 [3a92afea-e9db-48b3-aba3-1f3ecfd1b353@group-EBBB6508D112-LeaderElection3] INFO  server.RaftServerConfigKeys (ConfUtils.java:logGet(44)) - raft.server.write.element-limit = 1024 (custom)
2021-01-11 13:39:25,369 [3a92afea-e9db-48b3-aba3-1f3ecfd1b353@group-EBBB6508D112-LeaderElection3] INFO  server.RaftServerConfigKeys (ConfUtils.java:logGet(44)) - raft.server.write.byte-limit = 1073741824 (custom)
2021-01-11 13:39:25,370 [EventQueue-PipelineReportForOneReplicaPipelineSafeModeRule] INFO  safemode.SCMSafeModeManager (SCMSafeModeManager.java:validateSafeModeExitRules(214)) - AtleastOneDatanodeReportedRule rule is successfully validated
2021-01-11 13:39:25,370 [3a92afea-e9db-48b3-aba3-1f3ecfd1b353@group-EBBB6508D112-LeaderElection3] INFO  server.RaftServerConfigKeys (ConfUtils.java:logGet(44)) - raft.server.watch.timeout = 180s (custom)
2021-01-11 13:39:25,370 [3a92afea-e9db-48b3-aba3-1f3ecfd1b353@group-EBBB6508D112-LeaderElection3] INFO  server.RaftServerConfigKeys (ConfUtils.java:logGet(44)) - raft.server.watch.timeout.denomination = 1s (default)
2021-01-11 13:39:25,370 [3a92afea-e9db-48b3-aba3-1f3ecfd1b353@group-EBBB6508D112-LeaderElection3] INFO  server.RaftServerConfigKeys (ConfUtils.java:logGet(44)) - raft.server.watch.element-limit = 65536 (default)
2021-01-11 13:39:25,370 [EventQueue-OpenPipelineForHealthyPipelineSafeModeRule] INFO  safemode.SCMSafeModeManager (HealthyPipelineSafeModeRule.java:process(128)) - SCM in safe mode. Healthy pipelines reported count is 0, required healthy pipeline reported count is 1
2021-01-11 13:39:25,370 [3a92afea-e9db-48b3-aba3-1f3ecfd1b353@group-EBBB6508D112-LeaderElection3] INFO  impl.RoleInfo (RoleInfo.java:updateAndGet(130)) - 3a92afea-e9db-48b3-aba3-1f3ecfd1b353: start 3a92afea-e9db-48b3-aba3-1f3ecfd1b353@group-EBBB6508D112-LeaderStateImpl
2021-01-11 13:39:25,370 [3a92afea-e9db-48b3-aba3-1f3ecfd1b353@group-EBBB6508D112-LeaderElection3] INFO  segmented.SegmentedRaftLogWorker (SegmentedRaftLogWorker.java:startLogSegment(392)) - 3a92afea-e9db-48b3-aba3-1f3ecfd1b353@group-EBBB6508D112-SegmentedRaftLogWorker: Starting segment from index:0
2021-01-11 13:39:25,372 [3a92afea-e9db-48b3-aba3-1f3ecfd1b353@group-EBBB6508D112-SegmentedRaftLogWorker] INFO  segmented.SegmentedRaftLogWorker (SegmentedRaftLogWorker.java:execute(599)) - 3a92afea-e9db-48b3-aba3-1f3ecfd1b353@group-EBBB6508D112-SegmentedRaftLogWorker: created new log segment /github/workspace/mnt/ozone/hadoop-ozone/integration-test/target/test-dir/MiniOzoneClusterImpl-264a93b1-c4bd-4819-8d38-c175a3498c4d/datanode-1/data/ratis/87b78622-db21-44ef-a193-ebbb6508d112/current/log_inprogress_0
2021-01-11 13:39:25,377 [3a92afea-e9db-48b3-aba3-1f3ecfd1b353@group-EBBB6508D112-LeaderElection3] INFO  server.RaftServer$Division (ServerState.java:setRaftConf(368)) - 3a92afea-e9db-48b3-aba3-1f3ecfd1b353@group-EBBB6508D112: set configuration 0: [3a92afea-e9db-48b3-aba3-1f3ecfd1b353|rpc:172.17.0.2:44909|dataStream:|priority:1], old=null
2021-01-11 13:39:25,693 [Thread-202] INFO  impl.FollowerState (FollowerState.java:run(133)) - b04214a4-18bc-401b-ac78-706e463fcaca@group-2B843E4ABAE5-FollowerState: change to CANDIDATE, lastRpcElapsedTime:5062671347ns, electionTimeout:5048ms
2021-01-11 13:39:25,693 [Thread-202] INFO  impl.RoleInfo (RoleInfo.java:shutdownFollowerState(108)) - b04214a4-18bc-401b-ac78-706e463fcaca: shutdown b04214a4-18bc-401b-ac78-706e463fcaca@group-2B843E4ABAE5-FollowerState
2021-01-11 13:39:25,693 [Thread-202] INFO  server.RaftServer$Division (RaftServerImpl.java:setRole(283)) - b04214a4-18bc-401b-ac78-706e463fcaca@group-2B843E4ABAE5: changes role from  FOLLOWER to CANDIDATE at term 0 for changeToCandidate
2021-01-11 13:39:25,693 [Thread-202] INFO  impl.RoleInfo (RoleInfo.java:updateAndGet(130)) - b04214a4-18bc-401b-ac78-706e463fcaca: start b04214a4-18bc-401b-ac78-706e463fcaca@group-2B843E4ABAE5-LeaderElection4
2021-01-11 13:39:25,695 [b04214a4-18bc-401b-ac78-706e463fcaca@group-2B843E4ABAE5-LeaderElection4] INFO  impl.LeaderElection (LeaderElection.java:askForPreVotes(259)) - b04214a4-18bc-401b-ac78-706e463fcaca@group-2B843E4ABAE5-LeaderElection4: begin a pre-vote at term 0 for -1: [b04214a4-18bc-401b-ac78-706e463fcaca|rpc:172.17.0.2:37587|priority:1], old=null
2021-01-11 13:39:25,695 [b04214a4-18bc-401b-ac78-706e463fcaca@group-2B843E4ABAE5-LeaderElection4] INFO  impl.LeaderElection (LeaderElection.java:askForPreVotes(261)) - b04214a4-18bc-401b-ac78-706e463fcaca@group-2B843E4ABAE5-LeaderElection4 pre-vote result is PASSED.
2021-01-11 13:39:25,697 [b04214a4-18bc-401b-ac78-706e463fcaca@group-2B843E4ABAE5-LeaderElection4] INFO  impl.LeaderElection (LeaderElection.java:askForVotes(308)) - b04214a4-18bc-401b-ac78-706e463fcaca@group-2B843E4ABAE5-LeaderElection4: begin an election at term 1 for -1: [b04214a4-18bc-401b-ac78-706e463fcaca|rpc:172.17.0.2:37587|priority:1], old=null
2021-01-11 13:39:25,697 [b04214a4-18bc-401b-ac78-706e463fcaca@group-2B843E4ABAE5-LeaderElection4] INFO  impl.RoleInfo (RoleInfo.java:shutdownLeaderElection(121)) - b04214a4-18bc-401b-ac78-706e463fcaca: shutdown b04214a4-18bc-401b-ac78-706e463fcaca@group-2B843E4ABAE5-LeaderElection4
2021-01-11 13:39:25,697 [b04214a4-18bc-401b-ac78-706e463fcaca@group-2B843E4ABAE5-LeaderElection4] INFO  server.RaftServer$Division (RaftServerImpl.java:setRole(283)) - b04214a4-18bc-401b-ac78-706e463fcaca@group-2B843E4ABAE5: changes role from CANDIDATE to LEADER at term 1 for changeToLeader
2021-01-11 13:39:25,697 [b04214a4-18bc-401b-ac78-706e463fcaca@group-2B843E4ABAE5-LeaderElection4] INFO  ratis.XceiverServerRatis (XceiverServerRatis.java:handleLeaderChangedNotification(868)) - Leader change notification received for group: group-2B843E4ABAE5 with new leaderId: b04214a4-18bc-401b-ac78-706e463fcaca
2021-01-11 13:39:25,698 [b04214a4-18bc-401b-ac78-706e463fcaca@group-2B843E4ABAE5-LeaderElection4] INFO  server.RaftServer$Division (ServerState.java:setLeader(249)) - b04214a4-18bc-401b-ac78-706e463fcaca@group-2B843E4ABAE5: change Leader from null to b04214a4-18bc-401b-ac78-706e463fcaca at term 1 for becomeLeader, leader elected after 5086ms
2021-01-11 13:39:25,698 [b04214a4-18bc-401b-ac78-706e463fcaca@group-2B843E4ABAE5-LeaderElection4] INFO  server.RaftServerConfigKeys (ConfUtils.java:logGet(44)) - raft.server.staging.catchup.gap = 1000 (default)
2021-01-11 13:39:25,698 [b04214a4-18bc-401b-ac78-706e463fcaca@group-2B843E4ABAE5-LeaderElection4] INFO  metrics.RatisMetrics (RatisMetrics.java:lambda$create$0(36)) - Creating Metrics Registry : ratis.log_appender.b04214a4-18bc-401b-ac78-706e463fcaca@group-2B843E4ABAE5
2021-01-11 13:39:25,698 [b04214a4-18bc-401b-ac78-706e463fcaca@group-2B843E4ABAE5-LeaderElection4] INFO  server.RaftServerConfigKeys (ConfUtils.java:logGet(44)) - raft.server.write.element-limit = 1024 (custom)
2021-01-11 13:39:25,698 [b04214a4-18bc-401b-ac78-706e463fcaca@group-2B843E4ABAE5-LeaderElection4] INFO  server.RaftServerConfigKeys (ConfUtils.java:logGet(44)) - raft.server.write.byte-limit = 1073741824 (custom)
2021-01-11 13:39:25,699 [b04214a4-18bc-401b-ac78-706e463fcaca@group-2B843E4ABAE5-LeaderElection4] INFO  server.RaftServerConfigKeys (ConfUtils.java:logGet(44)) - raft.server.watch.timeout = 180s (custom)
2021-01-11 13:39:25,700 [EventQueue-OpenPipelineForHealthyPipelineSafeModeRule] INFO  safemode.SCMSafeModeManager (HealthyPipelineSafeModeRule.java:process(128)) - SCM in safe mode. Healthy pipelines reported count is 0, required healthy pipeline reported count is 1
2021-01-11 13:39:25,700 [EventQueue-PipelineReportForOneReplicaPipelineSafeModeRule] INFO  safemode.SCMSafeModeManager (SCMSafeModeManager.java:validateSafeModeExitRules(214)) - AtleastOneDatanodeReportedRule rule is successfully validated
2021-01-11 13:39:25,700 [b04214a4-18bc-401b-ac78-706e463fcaca@group-2B843E4ABAE5-LeaderElection4] INFO  server.RaftServerConfigKeys (ConfUtils.java:logGet(44)) - raft.server.watch.timeout.denomination = 1s (default)
2021-01-11 13:39:25,701 [b04214a4-18bc-401b-ac78-706e463fcaca@group-2B843E4ABAE5-LeaderElection4] INFO  server.RaftServerConfigKeys (ConfUtils.java:logGet(44)) - raft.server.watch.element-limit = 65536 (default)
2021-01-11 13:39:25,701 [b04214a4-18bc-401b-ac78-706e463fcaca@group-2B843E4ABAE5-LeaderElection4] INFO  impl.RoleInfo (RoleInfo.java:updateAndGet(130)) - b04214a4-18bc-401b-ac78-706e463fcaca: start b04214a4-18bc-401b-ac78-706e463fcaca@group-2B843E4ABAE5-LeaderStateImpl
2021-01-11 13:39:25,701 [b04214a4-18bc-401b-ac78-706e463fcaca@group-2B843E4ABAE5-LeaderElection4] INFO  segmented.SegmentedRaftLogWorker (SegmentedRaftLogWorker.java:startLogSegment(392)) - b04214a4-18bc-401b-ac78-706e463fcaca@group-2B843E4ABAE5-SegmentedRaftLogWorker: Starting segment from index:0
2021-01-11 13:39:25,706 [b04214a4-18bc-401b-ac78-706e463fcaca@group-2B843E4ABAE5-LeaderElection4] INFO  server.RaftServer$Division (ServerState.java:setRaftConf(368)) - b04214a4-18bc-401b-ac78-706e463fcaca@group-2B843E4ABAE5: set configuration 0: [b04214a4-18bc-401b-ac78-706e463fcaca|rpc:172.17.0.2:37587|dataStream:|priority:1], old=null
2021-01-11 13:39:25,708 [b04214a4-18bc-401b-ac78-706e463fcaca@group-2B843E4ABAE5-SegmentedRaftLogWorker] INFO  segmented.SegmentedRaftLogWorker (SegmentedRaftLogWorker.java:execute(599)) - b04214a4-18bc-401b-ac78-706e463fcaca@group-2B843E4ABAE5-SegmentedRaftLogWorker: created new log segment /github/workspace/mnt/ozone/hadoop-ozone/integration-test/target/test-dir/MiniOzoneClusterImpl-264a93b1-c4bd-4819-8d38-c175a3498c4d/datanode-2/data/ratis/7c941d16-df04-4c50-b023-2b843e4abae5/current/log_inprogress_0
2021-01-11 13:39:25,793 [Thread-204] INFO  impl.FollowerState (FollowerState.java:run(133)) - b04214a4-18bc-401b-ac78-706e463fcaca@group-B22E4B49B34A-FollowerState: change to CANDIDATE, lastRpcElapsedTime:5096795462ns, electionTimeout:5085ms
2021-01-11 13:39:25,793 [Thread-204] INFO  impl.RoleInfo (RoleInfo.java:shutdownFollowerState(108)) - b04214a4-18bc-401b-ac78-706e463fcaca: shutdown b04214a4-18bc-401b-ac78-706e463fcaca@group-B22E4B49B34A-FollowerState
2021-01-11 13:39:25,793 [Thread-204] INFO  server.RaftServer$Division (RaftServerImpl.java:setRole(283)) - b04214a4-18bc-401b-ac78-706e463fcaca@group-B22E4B49B34A: changes role from  FOLLOWER to CANDIDATE at term 0 for changeToCandidate
2021-01-11 13:39:25,794 [Thread-204] INFO  impl.RoleInfo (RoleInfo.java:updateAndGet(130)) - b04214a4-18bc-401b-ac78-706e463fcaca: start b04214a4-18bc-401b-ac78-706e463fcaca@group-B22E4B49B34A-LeaderElection5
2021-01-11 13:39:25,795 [b04214a4-18bc-401b-ac78-706e463fcaca@group-B22E4B49B34A-LeaderElection5] INFO  impl.LeaderElection (LeaderElection.java:askForPreVotes(259)) - b04214a4-18bc-401b-ac78-706e463fcaca@group-B22E4B49B34A-LeaderElection5: begin a pre-vote at term 0 for -1: [b04214a4-18bc-401b-ac78-706e463fcaca|rpc:172.17.0.2:37587|priority:1, d78992b3-602b-478e-9e7d-48696c788850|rpc:172.17.0.2:45881|priority:0, 3a92afea-e9db-48b3-aba3-1f3ecfd1b353|rpc:172.17.0.2:44909|priority:0], old=null
2021-01-11 13:39:25,804 [grpc-default-executor-0] INFO  server.RaftServer$Division (RaftServerImpl.java:requestPreVote(1060)) - d78992b3-602b-478e-9e7d-48696c788850@group-B22E4B49B34A: receive preVote(b04214a4-18bc-401b-ac78-706e463fcaca, group-B22E4B49B34A, 0, (t:0, i:0))
2021-01-11 13:39:25,804 [grpc-default-executor-0] INFO  server.RaftServer$Division (RaftServerImpl.java:requestPreVote(1081)) - d78992b3-602b-478e-9e7d-48696c788850@group-B22E4B49B34A role: FOLLOWER allow pre-vote from:b04214a4-18bc-401b-ac78-706e463fcaca
2021-01-11 13:39:25,804 [grpc-default-executor-0] INFO  server.RaftServer$Division (RaftServerImpl.java:requestPreVote(1099)) - d78992b3-602b-478e-9e7d-48696c788850@group-B22E4B49B34A replies to pre-vote request: b04214a4-18bc-401b-ac78-706e463fcaca<-d78992b3-602b-478e-9e7d-48696c788850#0:OK-t0. Peer's state: d78992b3-602b-478e-9e7d-48696c788850@group-B22E4B49B34A:t0, leader=null, voted=, raftlog=d78992b3-602b-478e-9e7d-48696c788850@group-B22E4B49B34A-SegmentedRaftLog:OPENED:c-1,f-1,i0, conf=-1: [b04214a4-18bc-401b-ac78-706e463fcaca|rpc:172.17.0.2:37587|priority:1, d78992b3-602b-478e-9e7d-48696c788850|rpc:172.17.0.2:45881|priority:0, 3a92afea-e9db-48b3-aba3-1f3ecfd1b353|rpc:172.17.0.2:44909|priority:0], old=null
2021-01-11 13:39:25,807 [Listener at 127.0.0.1/44133] INFO  ozone.MiniOzoneClusterImpl (MiniOzoneClusterImpl.java:lambda$waitForClusterToBeReady$0(179)) - Nodes are ready. Got 4 of 4 DN Heartbeats.
2021-01-11 13:39:25,807 [Listener at 127.0.0.1/44133] INFO  ozone.MiniOzoneClusterImpl (MiniOzoneClusterImpl.java:lambda$waitForClusterToBeReady$0(182)) - Waiting for cluster to exit safe mode
2021-01-11 13:39:25,807 [b04214a4-18bc-401b-ac78-706e463fcaca@group-B22E4B49B34A-LeaderElection5] INFO  impl.LeaderElection (LeaderElection.java:logAndReturn(68)) - b04214a4-18bc-401b-ac78-706e463fcaca@group-B22E4B49B34A-LeaderElection5: Pre-vote  PASSED received 1 response(s):[b04214a4-18bc-401b-ac78-706e463fcaca<-d78992b3-602b-478e-9e7d-48696c788850#0:OK-t0]
2021-01-11 13:39:25,808 [b04214a4-18bc-401b-ac78-706e463fcaca@group-B22E4B49B34A-LeaderElection5] INFO  impl.LeaderElection (LeaderElection.java:askForPreVotes(261)) - b04214a4-18bc-401b-ac78-706e463fcaca@group-B22E4B49B34A-LeaderElection5 pre-vote result is PASSED.
2021-01-11 13:39:25,809 [b04214a4-18bc-401b-ac78-706e463fcaca@group-B22E4B49B34A-LeaderElection5] INFO  impl.LeaderElection (LeaderElection.java:askForVotes(308)) - b04214a4-18bc-401b-ac78-706e463fcaca@group-B22E4B49B34A-LeaderElection5: begin an election at term 1 for -1: [b04214a4-18bc-401b-ac78-706e463fcaca|rpc:172.17.0.2:37587|priority:1, d78992b3-602b-478e-9e7d-48696c788850|rpc:172.17.0.2:45881|priority:0, 3a92afea-e9db-48b3-aba3-1f3ecfd1b353|rpc:172.17.0.2:44909|priority:0], old=null
2021-01-11 13:39:25,819 [grpc-default-executor-0] INFO  server.RaftServer$Division (RaftServerImpl.java:setRole(283)) - d78992b3-602b-478e-9e7d-48696c788850@group-B22E4B49B34A: changes role from  FOLLOWER to FOLLOWER at term 1 for recognizeCandidate:b04214a4-18bc-401b-ac78-706e463fcaca
2021-01-11 13:39:25,819 [grpc-default-executor-0] INFO  impl.RoleInfo (RoleInfo.java:shutdownFollowerState(108)) - d78992b3-602b-478e-9e7d-48696c788850: shutdown d78992b3-602b-478e-9e7d-48696c788850@group-B22E4B49B34A-FollowerState
2021-01-11 13:39:25,819 [grpc-default-executor-0] INFO  impl.RoleInfo (RoleInfo.java:updateAndGet(130)) - d78992b3-602b-478e-9e7d-48696c788850: start d78992b3-602b-478e-9e7d-48696c788850@group-B22E4B49B34A-FollowerState
2021-01-11 13:39:25,819 [Thread-230] INFO  impl.FollowerState (FollowerState.java:run(142)) - d78992b3-602b-478e-9e7d-48696c788850@group-B22E4B49B34A-FollowerState was interrupted: {}
java.lang.InterruptedException: sleep interrupted
	at java.lang.Thread.sleep(Native Method)
	at java.lang.Thread.sleep(Thread.java:340)
	at java.util.concurrent.TimeUnit.sleep(TimeUnit.java:386)
	at org.apache.ratis.util.TimeDuration.sleep(TimeDuration.java:324)
	at org.apache.ratis.util.TimeDuration.sleep(TimeDuration.java:309)
	at org.apache.ratis.server.impl.FollowerState.run(FollowerState.java:117)
2021-01-11 13:39:25,819 [grpc-default-executor-1] INFO  server.RaftServer$Division (RaftServerImpl.java:requestPreVote(1060)) - 3a92afea-e9db-48b3-aba3-1f3ecfd1b353@group-B22E4B49B34A: receive preVote(b04214a4-18bc-401b-ac78-706e463fcaca, group-B22E4B49B34A, 0, (t:0, i:0))
2021-01-11 13:39:25,819 [grpc-default-executor-1] INFO  server.RaftServer$Division (RaftServerImpl.java:requestPreVote(1081)) - 3a92afea-e9db-48b3-aba3-1f3ecfd1b353@group-B22E4B49B34A role: FOLLOWER allow pre-vote from:b04214a4-18bc-401b-ac78-706e463fcaca
2021-01-11 13:39:25,820 [grpc-default-executor-1] INFO  server.RaftServer$Division (RaftServerImpl.java:requestPreVote(1099)) - 3a92afea-e9db-48b3-aba3-1f3ecfd1b353@group-B22E4B49B34A replies to pre-vote request: b04214a4-18bc-401b-ac78-706e463fcaca<-3a92afea-e9db-48b3-aba3-1f3ecfd1b353#0:OK-t0. Peer's state: 3a92afea-e9db-48b3-aba3-1f3ecfd1b353@group-B22E4B49B34A:t0, leader=null, voted=, raftlog=3a92afea-e9db-48b3-aba3-1f3ecfd1b353@group-B22E4B49B34A-SegmentedRaftLog:OPENED:c-1,f-1,i0, conf=-1: [b04214a4-18bc-401b-ac78-706e463fcaca|rpc:172.17.0.2:37587|priority:1, d78992b3-602b-478e-9e7d-48696c788850|rpc:172.17.0.2:45881|priority:0, 3a92afea-e9db-48b3-aba3-1f3ecfd1b353|rpc:172.17.0.2:44909|priority:0], old=null
2021-01-11 13:39:25,820 [grpc-default-executor-2] INFO  server.RaftServer$Division (RaftServerImpl.java:setRole(283)) - 3a92afea-e9db-48b3-aba3-1f3ecfd1b353@group-B22E4B49B34A: changes role from  FOLLOWER to FOLLOWER at term 1 for recognizeCandidate:b04214a4-18bc-401b-ac78-706e463fcaca
2021-01-11 13:39:25,820 [grpc-default-executor-2] INFO  impl.RoleInfo (RoleInfo.java:shutdownFollowerState(108)) - 3a92afea-e9db-48b3-aba3-1f3ecfd1b353: shutdown 3a92afea-e9db-48b3-aba3-1f3ecfd1b353@group-B22E4B49B34A-FollowerState
2021-01-11 13:39:25,822 [grpc-default-executor-0] INFO  server.RaftServer$Division (RaftServerImpl.java:requestVote(1137)) -  FOLLOWER d78992b3-602b-478e-9e7d-48696c788850@group-B22E4B49B34A:t1, leader=null, voted=null, raftlog=d78992b3-602b-478e-9e7d-48696c788850@group-B22E4B49B34A-SegmentedRaftLog:OPENED:c-1,f-1,i0, conf=-1: [b04214a4-18bc-401b-ac78-706e463fcaca|rpc:172.17.0.2:37587|priority:1, d78992b3-602b-478e-9e7d-48696c788850|rpc:172.17.0.2:45881|priority:0, 3a92afea-e9db-48b3-aba3-1f3ecfd1b353|rpc:172.17.0.2:44909|priority:0], old=null RUNNING priority:0 candidate:b04214a4-18bc-401b-ac78-706e463fcaca|rpc:172.17.0.2:37587|priority:1 candidatePriority:1 compare:0
2021-01-11 13:39:25,826 [Thread-200] INFO  impl.FollowerState (FollowerState.java:run(142)) - 3a92afea-e9db-48b3-aba3-1f3ecfd1b353@group-B22E4B49B34A-FollowerState was interrupted: {}
java.lang.InterruptedException: sleep interrupted
	at java.lang.Thread.sleep(Native Method)
	at java.lang.Thread.sleep(Thread.java:340)
	at java.util.concurrent.TimeUnit.sleep(TimeUnit.java:386)
	at org.apache.ratis.util.TimeDuration.sleep(TimeDuration.java:324)
	at org.apache.ratis.util.TimeDuration.sleep(TimeDuration.java:309)
	at org.apache.ratis.server.impl.FollowerState.run(FollowerState.java:117)
2021-01-11 13:39:25,826 [grpc-default-executor-2] INFO  impl.RoleInfo (RoleInfo.java:updateAndGet(130)) - 3a92afea-e9db-48b3-aba3-1f3ecfd1b353: start 3a92afea-e9db-48b3-aba3-1f3ecfd1b353@group-B22E4B49B34A-FollowerState
2021-01-11 13:39:25,828 [grpc-default-executor-2] INFO  server.RaftServer$Division (RaftServerImpl.java:requestVote(1137)) -  FOLLOWER 3a92afea-e9db-48b3-aba3-1f3ecfd1b353@group-B22E4B49B34A:t1, leader=null, voted=null, raftlog=3a92afea-e9db-48b3-aba3-1f3ecfd1b353@group-B22E4B49B34A-SegmentedRaftLog:OPENED:c-1,f-1,i0, conf=-1: [b04214a4-18bc-401b-ac78-706e463fcaca|rpc:172.17.0.2:37587|priority:1, d78992b3-602b-478e-9e7d-48696c788850|rpc:172.17.0.2:45881|priority:0, 3a92afea-e9db-48b3-aba3-1f3ecfd1b353|rpc:172.17.0.2:44909|priority:0], old=null RUNNING priority:0 candidate:b04214a4-18bc-401b-ac78-706e463fcaca|rpc:172.17.0.2:37587|priority:1 candidatePriority:1 compare:0
2021-01-11 13:39:25,829 [b04214a4-18bc-401b-ac78-706e463fcaca@group-B22E4B49B34A-LeaderElection5] INFO  impl.LeaderElection (LeaderElection.java:logAndReturn(68)) - b04214a4-18bc-401b-ac78-706e463fcaca@group-B22E4B49B34A-LeaderElection5: Election  PASSED received 1 response(s):[b04214a4-18bc-401b-ac78-706e463fcaca<-d78992b3-602b-478e-9e7d-48696c788850#0:OK-t1]
2021-01-11 13:39:25,830 [b04214a4-18bc-401b-ac78-706e463fcaca@group-B22E4B49B34A-LeaderElection5] INFO  impl.RoleInfo (RoleInfo.java:shutdownLeaderElection(121)) - b04214a4-18bc-401b-ac78-706e463fcaca: shutdown b04214a4-18bc-401b-ac78-706e463fcaca@group-B22E4B49B34A-LeaderElection5
2021-01-11 13:39:25,830 [b04214a4-18bc-401b-ac78-706e463fcaca@group-B22E4B49B34A-LeaderElection5] INFO  server.RaftServer$Division (RaftServerImpl.java:setRole(283)) - b04214a4-18bc-401b-ac78-706e463fcaca@group-B22E4B49B34A: changes role from CANDIDATE to LEADER at term 1 for changeToLeader
2021-01-11 13:39:25,830 [b04214a4-18bc-401b-ac78-706e463fcaca@group-B22E4B49B34A-LeaderElection5] INFO  ratis.XceiverServerRatis (XceiverServerRatis.java:handleLeaderChangedNotification(868)) - Leader change notification received for group: group-B22E4B49B34A with new leaderId: b04214a4-18bc-401b-ac78-706e463fcaca
2021-01-11 13:39:25,830 [b04214a4-18bc-401b-ac78-706e463fcaca@group-B22E4B49B34A-LeaderElection5] INFO  server.RaftServer$Division (ServerState.java:setLeader(249)) - b04214a4-18bc-401b-ac78-706e463fcaca@group-B22E4B49B34A: change Leader from null to b04214a4-18bc-401b-ac78-706e463fcaca at term 1 for becomeLeader, leader elected after 5162ms
2021-01-11 13:39:25,830 [b04214a4-18bc-401b-ac78-706e463fcaca@group-B22E4B49B34A-LeaderElection5] INFO  server.RaftServerConfigKeys (ConfUtils.java:logGet(44)) - raft.server.staging.catchup.gap = 1000 (default)
2021-01-11 13:39:25,830 [b04214a4-18bc-401b-ac78-706e463fcaca@group-B22E4B49B34A-LeaderElection5] INFO  metrics.RatisMetrics (RatisMetrics.java:lambda$create$0(36)) - Creating Metrics Registry : ratis.log_appender.b04214a4-18bc-401b-ac78-706e463fcaca@group-B22E4B49B34A
2021-01-11 13:39:25,830 [b04214a4-18bc-401b-ac78-706e463fcaca@group-B22E4B49B34A-LeaderElection5] INFO  server.RaftServerConfigKeys (ConfUtils.java:logGet(44)) - raft.server.write.element-limit = 1024 (custom)
2021-01-11 13:39:25,830 [b04214a4-18bc-401b-ac78-706e463fcaca@group-B22E4B49B34A-LeaderElection5] INFO  server.RaftServerConfigKeys (ConfUtils.java:logGet(44)) - raft.server.write.byte-limit = 1073741824 (custom)
2021-01-11 13:39:25,831 [b04214a4-18bc-401b-ac78-706e463fcaca@group-B22E4B49B34A-LeaderElection5] INFO  server.RaftServerConfigKeys (ConfUtils.java:logGet(44)) - raft.server.watch.timeout = 180s (custom)
2021-01-11 13:39:25,831 [b04214a4-18bc-401b-ac78-706e463fcaca@group-B22E4B49B34A-LeaderElection5] INFO  server.RaftServerConfigKeys (ConfUtils.java:logGet(44)) - raft.server.watch.timeout.denomination = 1s (default)
2021-01-11 13:39:25,831 [b04214a4-18bc-401b-ac78-706e463fcaca@group-B22E4B49B34A-LeaderElection5] INFO  server.RaftServerConfigKeys (ConfUtils.java:logGet(44)) - raft.server.watch.element-limit = 65536 (default)
2021-01-11 13:39:25,832 [EventQueue-PipelineReportForPipelineReportHandler] INFO  pipeline.PipelineStateManager (PipelineStateManager.java:openPipeline(132)) - Pipeline Pipeline[ Id: d75988d3-7752-4da2-89be-b22e4b49b34a, Nodes: b04214a4-18bc-401b-ac78-706e463fcaca{ip: 172.17.0.2, host: baadf3146833, networkLocation: /default-rack, certSerialId: null, persistedOpState: IN_SERVICE, persistedOpStateExpiryEpochSec: 0}d78992b3-602b-478e-9e7d-48696c788850{ip: 172.17.0.2, host: baadf3146833, networkLocation: /default-rack, certSerialId: null, persistedOpState: IN_SERVICE, persistedOpStateExpiryEpochSec: 0}3a92afea-e9db-48b3-aba3-1f3ecfd1b353{ip: 172.17.0.2, host: baadf3146833, networkLocation: /default-rack, certSerialId: null, persistedOpState: IN_SERVICE, persistedOpStateExpiryEpochSec: 0}, Type:RATIS, Factor:THREE, State:ALLOCATED, leaderId:b04214a4-18bc-401b-ac78-706e463fcaca, CreationTimestamp2021-01-11T13:39:17.564Z] moved to OPEN state
2021-01-11 13:39:25,832 [EventQueue-PipelineReportForOneReplicaPipelineSafeModeRule] INFO  safemode.SCMSafeModeManager (SCMSafeModeManager.java:validateSafeModeExitRules(214)) - AtleastOneDatanodeReportedRule rule is successfully validated
2021-01-11 13:39:25,833 [EventQueue-OpenPipelineForHealthyPipelineSafeModeRule] INFO  safemode.SCMSafeModeManager (HealthyPipelineSafeModeRule.java:process(128)) - SCM in safe mode. Healthy pipelines reported count is 1, required healthy pipeline reported count is 1
2021-01-11 13:39:25,833 [EventQueue-OpenPipelineForHealthyPipelineSafeModeRule] INFO  safemode.SCMSafeModeManager (SCMSafeModeManager.java:validateSafeModeExitRules(214)) - HealthyPipelineSafeModeRule rule is successfully validated
2021-01-11 13:39:25,834 [EventQueue-OpenPipelineForHealthyPipelineSafeModeRule] INFO  safemode.SCMSafeModeManager (SCMSafeModeManager.java:validateSafeModeExitRules(228)) - ScmSafeModeManager, all rules are successfully validated
2021-01-11 13:39:25,834 [EventQueue-OpenPipelineForHealthyPipelineSafeModeRule] INFO  safemode.SCMSafeModeManager (SCMSafeModeManager.java:exitSafeMode(257)) - SCM exiting safe mode.
2021-01-11 13:39:25,842 [b04214a4-18bc-401b-ac78-706e463fcaca@group-B22E4B49B34A-LeaderElection5] INFO  server.RaftServerConfigKeys (ConfUtils.java:logGet(44)) - raft.server.log.appender.snapshot.chunk.size.max = 16MB (=16777216) (default)
2021-01-11 13:39:25,843 [b04214a4-18bc-401b-ac78-706e463fcaca@group-B22E4B49B34A-LeaderElection5] INFO  server.RaftServerConfigKeys (ConfUtils.java:logGet(44)) - raft.server.log.appender.buffer.byte-limit = 33554432 (custom)
2021-01-11 13:39:25,843 [b04214a4-18bc-401b-ac78-706e463fcaca@group-B22E4B49B34A-LeaderElection5] INFO  server.RaftServerConfigKeys (ConfUtils.java:logGet(44)) - raft.server.log.appender.buffer.element-limit = 1 (custom)
2021-01-11 13:39:25,846 [b04214a4-18bc-401b-ac78-706e463fcaca@group-B22E4B49B34A-LeaderElection5] INFO  grpc.GrpcConfigKeys (ConfUtils.java:logGet(44)) - raft.grpc.server.leader.outstanding.appends.max = 128 (default)
2021-01-11 13:39:25,846 [b04214a4-18bc-401b-ac78-706e463fcaca@group-B22E4B49B34A-LeaderElection5] INFO  server.RaftServerConfigKeys (ConfUtils.java:logGet(44)) - raft.server.rpc.request.timeout = 60s (custom)
2021-01-11 13:39:25,846 [b04214a4-18bc-401b-ac78-706e463fcaca@group-B22E4B49B34A-LeaderElection5] INFO  server.RaftServerConfigKeys (ConfUtils.java:logGet(44)) - raft.server.log.appender.install.snapshot.enabled = false (custom)
2021-01-11 13:39:25,847 [b04214a4-18bc-401b-ac78-706e463fcaca@group-B22E4B49B34A-LeaderElection5] INFO  metrics.RatisMetrics (RatisMetrics.java:lambda$create$0(36)) - Creating Metrics Registry : ratis_grpc.log_appender.b04214a4-18bc-401b-ac78-706e463fcaca@group-B22E4B49B34A
2021-01-11 13:39:25,850 [b04214a4-18bc-401b-ac78-706e463fcaca@group-B22E4B49B34A-LeaderElection5] INFO  server.RaftServerConfigKeys (ConfUtils.java:logGet(44)) - raft.server.log.appender.snapshot.chunk.size.max = 16MB (=16777216) (default)
2021-01-11 13:39:25,850 [b04214a4-18bc-401b-ac78-706e463fcaca@group-B22E4B49B34A-LeaderElection5] INFO  server.RaftServerConfigKeys (ConfUtils.java:logGet(44)) - raft.server.log.appender.buffer.byte-limit = 33554432 (custom)
2021-01-11 13:39:25,850 [b04214a4-18bc-401b-ac78-706e463fcaca@group-B22E4B49B34A-LeaderElection5] INFO  server.RaftServerConfigKeys (ConfUtils.java:logGet(44)) - raft.server.log.appender.buffer.element-limit = 1 (custom)
2021-01-11 13:39:25,850 [b04214a4-18bc-401b-ac78-706e463fcaca@group-B22E4B49B34A-LeaderElection5] INFO  grpc.GrpcConfigKeys (ConfUtils.java:logGet(44)) - raft.grpc.server.leader.outstanding.appends.max = 128 (default)
2021-01-11 13:39:25,850 [b04214a4-18bc-401b-ac78-706e463fcaca@group-B22E4B49B34A-LeaderElection5] INFO  server.RaftServerConfigKeys (ConfUtils.java:logGet(44)) - raft.server.rpc.request.timeout = 60s (custom)
2021-01-11 13:39:25,850 [b04214a4-18bc-401b-ac78-706e463fcaca@group-B22E4B49B34A-LeaderElection5] INFO  server.RaftServerConfigKeys (ConfUtils.java:logGet(44)) - raft.server.log.appender.install.snapshot.enabled = false (custom)
2021-01-11 13:39:25,852 [b04214a4-18bc-401b-ac78-706e463fcaca@group-B22E4B49B34A-LeaderElection5] INFO  impl.RoleInfo (RoleInfo.java:updateAndGet(130)) - b04214a4-18bc-401b-ac78-706e463fcaca: start b04214a4-18bc-401b-ac78-706e463fcaca@group-B22E4B49B34A-LeaderStateImpl
2021-01-11 13:39:25,852 [b04214a4-18bc-401b-ac78-706e463fcaca@group-B22E4B49B34A-LeaderElection5] INFO  segmented.SegmentedRaftLogWorker (SegmentedRaftLogWorker.java:startLogSegment(392)) - b04214a4-18bc-401b-ac78-706e463fcaca@group-B22E4B49B34A-SegmentedRaftLogWorker: Starting segment from index:0
2021-01-11 13:39:25,853 [b04214a4-18bc-401b-ac78-706e463fcaca@group-B22E4B49B34A-SegmentedRaftLogWorker] INFO  segmented.SegmentedRaftLogWorker (SegmentedRaftLogWorker.java:execute(599)) - b04214a4-18bc-401b-ac78-706e463fcaca@group-B22E4B49B34A-SegmentedRaftLogWorker: created new log segment /github/workspace/mnt/ozone/hadoop-ozone/integration-test/target/test-dir/MiniOzoneClusterImpl-264a93b1-c4bd-4819-8d38-c175a3498c4d/datanode-2/data/ratis/d75988d3-7752-4da2-89be-b22e4b49b34a/current/log_inprogress_0
2021-01-11 13:39:25,858 [b04214a4-18bc-401b-ac78-706e463fcaca@group-B22E4B49B34A-LeaderElection5] INFO  server.RaftServer$Division (ServerState.java:setRaftConf(368)) - b04214a4-18bc-401b-ac78-706e463fcaca@group-B22E4B49B34A: set configuration 0: [b04214a4-18bc-401b-ac78-706e463fcaca|rpc:172.17.0.2:37587|dataStream:|priority:1, d78992b3-602b-478e-9e7d-48696c788850|rpc:172.17.0.2:45881|dataStream:|priority:0, 3a92afea-e9db-48b3-aba3-1f3ecfd1b353|rpc:172.17.0.2:44909|dataStream:|priority:0], old=null
2021-01-11 13:39:25,877 [grpc-default-executor-0] INFO  ratis.XceiverServerRatis (XceiverServerRatis.java:handleLeaderChangedNotification(868)) - Leader change notification received for group: group-B22E4B49B34A with new leaderId: b04214a4-18bc-401b-ac78-706e463fcaca
2021-01-11 13:39:25,877 [grpc-default-executor-0] INFO  server.RaftServer$Division (ServerState.java:setLeader(249)) - d78992b3-602b-478e-9e7d-48696c788850@group-B22E4B49B34A: change Leader from null to b04214a4-18bc-401b-ac78-706e463fcaca at term 1 for appendEntries, leader elected after 5715ms
2021-01-11 13:39:25,879 [grpc-default-executor-2] INFO  ratis.XceiverServerRatis (XceiverServerRatis.java:handleLeaderChangedNotification(868)) - Leader change notification received for group: group-B22E4B49B34A with new leaderId: b04214a4-18bc-401b-ac78-706e463fcaca
2021-01-11 13:39:25,879 [grpc-default-executor-2] INFO  server.RaftServer$Division (ServerState.java:setLeader(249)) - 3a92afea-e9db-48b3-aba3-1f3ecfd1b353@group-B22E4B49B34A: change Leader from null to b04214a4-18bc-401b-ac78-706e463fcaca at term 1 for appendEntries, leader elected after 5604ms
2021-01-11 13:39:25,899 [grpc-default-executor-0] INFO  server.RaftServer$Division (ServerState.java:setRaftConf(368)) - d78992b3-602b-478e-9e7d-48696c788850@group-B22E4B49B34A: set configuration 0: [b04214a4-18bc-401b-ac78-706e463fcaca|rpc:172.17.0.2:37587|dataStream:|priority:1, d78992b3-602b-478e-9e7d-48696c788850|rpc:172.17.0.2:45881|dataStream:|priority:0, 3a92afea-e9db-48b3-aba3-1f3ecfd1b353|rpc:172.17.0.2:44909|dataStream:|priority:0], old=null
2021-01-11 13:39:25,902 [grpc-default-executor-2] INFO  server.RaftServer$Division (ServerState.java:setRaftConf(368)) - 3a92afea-e9db-48b3-aba3-1f3ecfd1b353@group-B22E4B49B34A: set configuration 0: [b04214a4-18bc-401b-ac78-706e463fcaca|rpc:172.17.0.2:37587|dataStream:|priority:1, d78992b3-602b-478e-9e7d-48696c788850|rpc:172.17.0.2:45881|dataStream:|priority:0, 3a92afea-e9db-48b3-aba3-1f3ecfd1b353|rpc:172.17.0.2:44909|dataStream:|priority:0], old=null
2021-01-11 13:39:25,903 [grpc-default-executor-2] INFO  segmented.SegmentedRaftLogWorker (SegmentedRaftLogWorker.java:startLogSegment(392)) - 3a92afea-e9db-48b3-aba3-1f3ecfd1b353@group-B22E4B49B34A-SegmentedRaftLogWorker: Starting segment from index:0
2021-01-11 13:39:25,904 [grpc-default-executor-0] INFO  segmented.SegmentedRaftLogWorker (SegmentedRaftLogWorker.java:startLogSegment(392)) - d78992b3-602b-478e-9e7d-48696c788850@group-B22E4B49B34A-SegmentedRaftLogWorker: Starting segment from index:0
2021-01-11 13:39:25,904 [3a92afea-e9db-48b3-aba3-1f3ecfd1b353@group-B22E4B49B34A-SegmentedRaftLogWorker] INFO  segmented.SegmentedRaftLogWorker (SegmentedRaftLogWorker.java:execute(599)) - 3a92afea-e9db-48b3-aba3-1f3ecfd1b353@group-B22E4B49B34A-SegmentedRaftLogWorker: created new log segment /github/workspace/mnt/ozone/hadoop-ozone/integration-test/target/test-dir/MiniOzoneClusterImpl-264a93b1-c4bd-4819-8d38-c175a3498c4d/datanode-1/data/ratis/d75988d3-7752-4da2-89be-b22e4b49b34a/current/log_inprogress_0
2021-01-11 13:39:25,905 [d78992b3-602b-478e-9e7d-48696c788850@group-B22E4B49B34A-SegmentedRaftLogWorker] INFO  segmented.SegmentedRaftLogWorker (SegmentedRaftLogWorker.java:execute(599)) - d78992b3-602b-478e-9e7d-48696c788850@group-B22E4B49B34A-SegmentedRaftLogWorker: created new log segment /github/workspace/mnt/ozone/hadoop-ozone/integration-test/target/test-dir/MiniOzoneClusterImpl-264a93b1-c4bd-4819-8d38-c175a3498c4d/datanode-0/data/ratis/d75988d3-7752-4da2-89be-b22e4b49b34a/current/log_inprogress_0
2021-01-11 13:39:26,185 [Thread-209] INFO  impl.FollowerState (FollowerState.java:run(133)) - 48977efb-d0ee-4139-b5da-00a22fa75fe3@group-B962FB059A71-FollowerState: change to CANDIDATE, lastRpcElapsedTime:5128780927ns, electionTimeout:5126ms
2021-01-11 13:39:26,185 [Thread-209] INFO  impl.RoleInfo (RoleInfo.java:shutdownFollowerState(108)) - 48977efb-d0ee-4139-b5da-00a22fa75fe3: shutdown 48977efb-d0ee-4139-b5da-00a22fa75fe3@group-B962FB059A71-FollowerState
2021-01-11 13:39:26,185 [Thread-209] INFO  server.RaftServer$Division (RaftServerImpl.java:setRole(283)) - 48977efb-d0ee-4139-b5da-00a22fa75fe3@group-B962FB059A71: changes role from  FOLLOWER to CANDIDATE at term 0 for changeToCandidate
2021-01-11 13:39:26,185 [Thread-209] INFO  impl.RoleInfo (RoleInfo.java:updateAndGet(130)) - 48977efb-d0ee-4139-b5da-00a22fa75fe3: start 48977efb-d0ee-4139-b5da-00a22fa75fe3@group-B962FB059A71-LeaderElection6
2021-01-11 13:39:26,187 [48977efb-d0ee-4139-b5da-00a22fa75fe3@group-B962FB059A71-LeaderElection6] INFO  impl.LeaderElection (LeaderElection.java:askForPreVotes(259)) - 48977efb-d0ee-4139-b5da-00a22fa75fe3@group-B962FB059A71-LeaderElection6: begin a pre-vote at term 0 for -1: [48977efb-d0ee-4139-b5da-00a22fa75fe3|rpc:172.17.0.2:40649|priority:1], old=null
2021-01-11 13:39:26,187 [48977efb-d0ee-4139-b5da-00a22fa75fe3@group-B962FB059A71-LeaderElection6] INFO  impl.LeaderElection (LeaderElection.java:askForPreVotes(261)) - 48977efb-d0ee-4139-b5da-00a22fa75fe3@group-B962FB059A71-LeaderElection6 pre-vote result is PASSED.
2021-01-11 13:39:26,188 [48977efb-d0ee-4139-b5da-00a22fa75fe3@group-B962FB059A71-LeaderElection6] INFO  impl.LeaderElection (LeaderElection.java:askForVotes(308)) - 48977efb-d0ee-4139-b5da-00a22fa75fe3@group-B962FB059A71-LeaderElection6: begin an election at term 1 for -1: [48977efb-d0ee-4139-b5da-00a22fa75fe3|rpc:172.17.0.2:40649|priority:1], old=null
2021-01-11 13:39:26,188 [48977efb-d0ee-4139-b5da-00a22fa75fe3@group-B962FB059A71-LeaderElection6] INFO  impl.RoleInfo (RoleInfo.java:shutdownLeaderElection(121)) - 48977efb-d0ee-4139-b5da-00a22fa75fe3: shutdown 48977efb-d0ee-4139-b5da-00a22fa75fe3@group-B962FB059A71-LeaderElection6
2021-01-11 13:39:26,188 [48977efb-d0ee-4139-b5da-00a22fa75fe3@group-B962FB059A71-LeaderElection6] INFO  server.RaftServer$Division (RaftServerImpl.java:setRole(283)) - 48977efb-d0ee-4139-b5da-00a22fa75fe3@group-B962FB059A71: changes role from CANDIDATE to LEADER at term 1 for changeToLeader
2021-01-11 13:39:26,188 [48977efb-d0ee-4139-b5da-00a22fa75fe3@group-B962FB059A71-LeaderElection6] INFO  ratis.XceiverServerRatis (XceiverServerRatis.java:handleLeaderChangedNotification(868)) - Leader change notification received for group: group-B962FB059A71 with new leaderId: 48977efb-d0ee-4139-b5da-00a22fa75fe3
2021-01-11 13:39:26,189 [48977efb-d0ee-4139-b5da-00a22fa75fe3@group-B962FB059A71-LeaderElection6] INFO  server.RaftServer$Division (ServerState.java:setLeader(249)) - 48977efb-d0ee-4139-b5da-00a22fa75fe3@group-B962FB059A71: change Leader from null to 48977efb-d0ee-4139-b5da-00a22fa75fe3 at term 1 for becomeLeader, leader elected after 5175ms
2021-01-11 13:39:26,189 [48977efb-d0ee-4139-b5da-00a22fa75fe3@group-B962FB059A71-LeaderElection6] INFO  server.RaftServerConfigKeys (ConfUtils.java:logGet(44)) - raft.server.staging.catchup.gap = 1000 (default)
2021-01-11 13:39:26,189 [48977efb-d0ee-4139-b5da-00a22fa75fe3@group-B962FB059A71-LeaderElection6] INFO  metrics.RatisMetrics (RatisMetrics.java:lambda$create$0(36)) - Creating Metrics Registry : ratis.log_appender.48977efb-d0ee-4139-b5da-00a22fa75fe3@group-B962FB059A71
2021-01-11 13:39:26,189 [48977efb-d0ee-4139-b5da-00a22fa75fe3@group-B962FB059A71-LeaderElection6] INFO  server.RaftServerConfigKeys (ConfUtils.java:logGet(44)) - raft.server.write.element-limit = 1024 (custom)
2021-01-11 13:39:26,189 [48977efb-d0ee-4139-b5da-00a22fa75fe3@group-B962FB059A71-LeaderElection6] INFO  server.RaftServerConfigKeys (ConfUtils.java:logGet(44)) - raft.server.write.byte-limit = 1073741824 (custom)
2021-01-11 13:39:26,190 [48977efb-d0ee-4139-b5da-00a22fa75fe3@group-B962FB059A71-LeaderElection6] INFO  server.RaftServerConfigKeys (ConfUtils.java:logGet(44)) - raft.server.watch.timeout = 180s (custom)
2021-01-11 13:39:26,190 [48977efb-d0ee-4139-b5da-00a22fa75fe3@group-B962FB059A71-LeaderElection6] INFO  server.RaftServerConfigKeys (ConfUtils.java:logGet(44)) - raft.server.watch.timeout.denomination = 1s (default)
2021-01-11 13:39:26,190 [48977efb-d0ee-4139-b5da-00a22fa75fe3@group-B962FB059A71-LeaderElection6] INFO  server.RaftServerConfigKeys (ConfUtils.java:logGet(44)) - raft.server.watch.element-limit = 65536 (default)
2021-01-11 13:39:26,190 [48977efb-d0ee-4139-b5da-00a22fa75fe3@group-B962FB059A71-LeaderElection6] INFO  impl.RoleInfo (RoleInfo.java:updateAndGet(130)) - 48977efb-d0ee-4139-b5da-00a22fa75fe3: start 48977efb-d0ee-4139-b5da-00a22fa75fe3@group-B962FB059A71-LeaderStateImpl
2021-01-11 13:39:26,191 [48977efb-d0ee-4139-b5da-00a22fa75fe3@group-B962FB059A71-LeaderElection6] INFO  segmented.SegmentedRaftLogWorker (SegmentedRaftLogWorker.java:startLogSegment(392)) - 48977efb-d0ee-4139-b5da-00a22fa75fe3@group-B962FB059A71-SegmentedRaftLogWorker: Starting segment from index:0
2021-01-11 13:39:26,192 [48977efb-d0ee-4139-b5da-00a22fa75fe3@group-B962FB059A71-LeaderElection6] INFO  server.RaftServer$Division (ServerState.java:setRaftConf(368)) - 48977efb-d0ee-4139-b5da-00a22fa75fe3@group-B962FB059A71: set configuration 0: [48977efb-d0ee-4139-b5da-00a22fa75fe3|rpc:172.17.0.2:40649|dataStream:|priority:1], old=null
2021-01-11 13:39:26,192 [48977efb-d0ee-4139-b5da-00a22fa75fe3@group-B962FB059A71-SegmentedRaftLogWorker] INFO  segmented.SegmentedRaftLogWorker (SegmentedRaftLogWorker.java:execute(599)) - 48977efb-d0ee-4139-b5da-00a22fa75fe3@group-B962FB059A71-SegmentedRaftLogWorker: created new log segment /github/workspace/mnt/ozone/hadoop-ozone/integration-test/target/test-dir/MiniOzoneClusterImpl-264a93b1-c4bd-4819-8d38-c175a3498c4d/datanode-3/data/ratis/2c673d75-bae7-401c-b3f1-b962fb059a71/current/log_inprogress_0
2021-01-11 13:39:26,237 [Thread-218] INFO  impl.FollowerState (FollowerState.java:run(133)) - 3a92afea-e9db-48b3-aba3-1f3ecfd1b353@group-61CCAB411AD3-FollowerState: change to CANDIDATE, lastRpcElapsedTime:5055121702ns, electionTimeout:5050ms
2021-01-11 13:39:26,237 [Thread-218] INFO  impl.RoleInfo (RoleInfo.java:shutdownFollowerState(108)) - 3a92afea-e9db-48b3-aba3-1f3ecfd1b353: shutdown 3a92afea-e9db-48b3-aba3-1f3ecfd1b353@group-61CCAB411AD3-FollowerState
2021-01-11 13:39:26,237 [Thread-218] INFO  server.RaftServer$Division (RaftServerImpl.java:setRole(283)) - 3a92afea-e9db-48b3-aba3-1f3ecfd1b353@group-61CCAB411AD3: changes role from  FOLLOWER to CANDIDATE at term 0 for changeToCandidate
2021-01-11 13:39:26,238 [Thread-218] INFO  impl.RoleInfo (RoleInfo.java:updateAndGet(130)) - 3a92afea-e9db-48b3-aba3-1f3ecfd1b353: start 3a92afea-e9db-48b3-aba3-1f3ecfd1b353@group-61CCAB411AD3-LeaderElection7
2021-01-11 13:39:26,240 [3a92afea-e9db-48b3-aba3-1f3ecfd1b353@group-61CCAB411AD3-LeaderElection7] INFO  impl.LeaderElection (LeaderElection.java:askForPreVotes(259)) - 3a92afea-e9db-48b3-aba3-1f3ecfd1b353@group-61CCAB411AD3-LeaderElection7: begin a pre-vote at term 0 for -1: [b04214a4-18bc-401b-ac78-706e463fcaca|rpc:172.17.0.2:37587|priority:0, d78992b3-602b-478e-9e7d-48696c788850|rpc:172.17.0.2:45881|priority:1, 3a92afea-e9db-48b3-aba3-1f3ecfd1b353|rpc:172.17.0.2:44909|priority:0], old=null
2021-01-11 13:39:26,252 [grpc-default-executor-0] INFO  server.RaftServer$Division (RaftServerImpl.java:requestPreVote(1060)) - b04214a4-18bc-401b-ac78-706e463fcaca@group-61CCAB411AD3: receive preVote(3a92afea-e9db-48b3-aba3-1f3ecfd1b353, group-61CCAB411AD3, 0, (t:0, i:0))
2021-01-11 13:39:26,253 [grpc-default-executor-0] INFO  server.RaftServer$Division (RaftServerImpl.java:requestPreVote(1081)) - b04214a4-18bc-401b-ac78-706e463fcaca@group-61CCAB411AD3 role: FOLLOWER allow pre-vote from:3a92afea-e9db-48b3-aba3-1f3ecfd1b353
2021-01-11 13:39:26,253 [grpc-default-executor-0] INFO  server.RaftServer$Division (RaftServerImpl.java:requestPreVote(1099)) - b04214a4-18bc-401b-ac78-706e463fcaca@group-61CCAB411AD3 replies to pre-vote request: 3a92afea-e9db-48b3-aba3-1f3ecfd1b353<-b04214a4-18bc-401b-ac78-706e463fcaca#0:OK-t0. Peer's state: b04214a4-18bc-401b-ac78-706e463fcaca@group-61CCAB411AD3:t0, leader=null, voted=, raftlog=b04214a4-18bc-401b-ac78-706e463fcaca@group-61CCAB411AD3-SegmentedRaftLog:OPENED:c-1,f-1,i0, conf=-1: [b04214a4-18bc-401b-ac78-706e463fcaca|rpc:172.17.0.2:37587|priority:0, d78992b3-602b-478e-9e7d-48696c788850|rpc:172.17.0.2:45881|priority:1, 3a92afea-e9db-48b3-aba3-1f3ecfd1b353|rpc:172.17.0.2:44909|priority:0], old=null
2021-01-11 13:39:26,253 [grpc-default-executor-2] INFO  server.RaftServer$Division (RaftServerImpl.java:requestPreVote(1060)) - d78992b3-602b-478e-9e7d-48696c788850@group-61CCAB411AD3: receive preVote(3a92afea-e9db-48b3-aba3-1f3ecfd1b353, group-61CCAB411AD3, 0, (t:0, i:0))
2021-01-11 13:39:26,253 [grpc-default-executor-2] INFO  server.RaftServer$Division (RaftServerImpl.java:requestPreVote(1083)) - d78992b3-602b-478e-9e7d-48696c788850@group-61CCAB411AD3 role: FOLLOWER reject pre-vote from:3a92afea-e9db-48b3-aba3-1f3ecfd1b353 because compare:0 isCurrentLeaderValid:false
2021-01-11 13:39:26,254 [grpc-default-executor-2] INFO  server.RaftServer$Division (RaftServerImpl.java:requestPreVote(1099)) - d78992b3-602b-478e-9e7d-48696c788850@group-61CCAB411AD3 replies to pre-vote request: 3a92afea-e9db-48b3-aba3-1f3ecfd1b353<-d78992b3-602b-478e-9e7d-48696c788850#0:FAIL-t0. Peer's state: d78992b3-602b-478e-9e7d-48696c788850@group-61CCAB411AD3:t0, leader=null, voted=, raftlog=d78992b3-602b-478e-9e7d-48696c788850@group-61CCAB411AD3-SegmentedRaftLog:OPENED:c-1,f-1,i0, conf=-1: [b04214a4-18bc-401b-ac78-706e463fcaca|rpc:172.17.0.2:37587|priority:0, d78992b3-602b-478e-9e7d-48696c788850|rpc:172.17.0.2:45881|priority:1, 3a92afea-e9db-48b3-aba3-1f3ecfd1b353|rpc:172.17.0.2:44909|priority:0], old=null
2021-01-11 13:39:26,257 [3a92afea-e9db-48b3-aba3-1f3ecfd1b353@group-61CCAB411AD3-LeaderElection7] INFO  impl.LeaderElection (LeaderElection.java:logAndReturn(68)) - 3a92afea-e9db-48b3-aba3-1f3ecfd1b353@group-61CCAB411AD3-LeaderElection7: Pre-vote  REJECTED received 2 response(s):[3a92afea-e9db-48b3-aba3-1f3ecfd1b353<-b04214a4-18bc-401b-ac78-706e463fcaca#0:OK-t0, 3a92afea-e9db-48b3-aba3-1f3ecfd1b353<-d78992b3-602b-478e-9e7d-48696c788850#0:FAIL-t0]
2021-01-11 13:39:26,262 [3a92afea-e9db-48b3-aba3-1f3ecfd1b353@group-61CCAB411AD3-LeaderElection7] INFO  impl.LeaderElection (LeaderElection.java:askForPreVotes(261)) - 3a92afea-e9db-48b3-aba3-1f3ecfd1b353@group-61CCAB411AD3-LeaderElection7 pre-vote result is REJECTED.
2021-01-11 13:39:26,262 [3a92afea-e9db-48b3-aba3-1f3ecfd1b353@group-61CCAB411AD3-LeaderElection7] INFO  server.RaftServer$Division (RaftServerImpl.java:setRole(283)) - 3a92afea-e9db-48b3-aba3-1f3ecfd1b353@group-61CCAB411AD3: changes role from CANDIDATE to FOLLOWER at term 0 for REJECTED
2021-01-11 13:39:26,263 [3a92afea-e9db-48b3-aba3-1f3ecfd1b353@group-61CCAB411AD3-LeaderElection7] INFO  impl.RoleInfo (RoleInfo.java:shutdownLeaderElection(121)) - 3a92afea-e9db-48b3-aba3-1f3ecfd1b353: shutdown 3a92afea-e9db-48b3-aba3-1f3ecfd1b353@group-61CCAB411AD3-LeaderElection7
2021-01-11 13:39:26,263 [3a92afea-e9db-48b3-aba3-1f3ecfd1b353@group-61CCAB411AD3-LeaderElection7] INFO  impl.RoleInfo (RoleInfo.java:updateAndGet(130)) - 3a92afea-e9db-48b3-aba3-1f3ecfd1b353: start 3a92afea-e9db-48b3-aba3-1f3ecfd1b353@group-61CCAB411AD3-FollowerState
2021-01-11 13:39:26,276 [Thread-214] INFO  impl.FollowerState (FollowerState.java:run(133)) - d78992b3-602b-478e-9e7d-48696c788850@group-61CCAB411AD3-FollowerState: change to CANDIDATE, lastRpcElapsedTime:5121625313ns, electionTimeout:5093ms
2021-01-11 13:39:26,276 [Thread-214] INFO  impl.RoleInfo (RoleInfo.java:shutdownFollowerState(108)) - d78992b3-602b-478e-9e7d-48696c788850: shutdown d78992b3-602b-478e-9e7d-48696c788850@group-61CCAB411AD3-FollowerState
2021-01-11 13:39:26,276 [Thread-214] INFO  server.RaftServer$Division (RaftServerImpl.java:setRole(283)) - d78992b3-602b-478e-9e7d-48696c788850@group-61CCAB411AD3: changes role from  FOLLOWER to CANDIDATE at term 0 for changeToCandidate
2021-01-11 13:39:26,276 [Thread-214] INFO  impl.RoleInfo (RoleInfo.java:updateAndGet(130)) - d78992b3-602b-478e-9e7d-48696c788850: start d78992b3-602b-478e-9e7d-48696c788850@group-61CCAB411AD3-LeaderElection8
2021-01-11 13:39:26,277 [d78992b3-602b-478e-9e7d-48696c788850@group-61CCAB411AD3-LeaderElection8] INFO  impl.LeaderElection (LeaderElection.java:askForPreVotes(259)) - d78992b3-602b-478e-9e7d-48696c788850@group-61CCAB411AD3-LeaderElection8: begin a pre-vote at term 0 for -1: [b04214a4-18bc-401b-ac78-706e463fcaca|rpc:172.17.0.2:37587|priority:0, d78992b3-602b-478e-9e7d-48696c788850|rpc:172.17.0.2:45881|priority:1, 3a92afea-e9db-48b3-aba3-1f3ecfd1b353|rpc:172.17.0.2:44909|priority:0], old=null
2021-01-11 13:39:26,280 [grpc-default-executor-0] INFO  server.RaftServer$Division (RaftServerImpl.java:requestPreVote(1060)) - 3a92afea-e9db-48b3-aba3-1f3ecfd1b353@group-61CCAB411AD3: receive preVote(d78992b3-602b-478e-9e7d-48696c788850, group-61CCAB411AD3, 0, (t:0, i:0))
2021-01-11 13:39:26,280 [grpc-default-executor-0] INFO  server.RaftServer$Division (RaftServerImpl.java:requestPreVote(1081)) - 3a92afea-e9db-48b3-aba3-1f3ecfd1b353@group-61CCAB411AD3 role: FOLLOWER allow pre-vote from:d78992b3-602b-478e-9e7d-48696c788850
2021-01-11 13:39:26,280 [grpc-default-executor-0] INFO  server.RaftServer$Division (RaftServerImpl.java:requestPreVote(1099)) - 3a92afea-e9db-48b3-aba3-1f3ecfd1b353@group-61CCAB411AD3 replies to pre-vote request: d78992b3-602b-478e-9e7d-48696c788850<-3a92afea-e9db-48b3-aba3-1f3ecfd1b353#0:OK-t0. Peer's state: 3a92afea-e9db-48b3-aba3-1f3ecfd1b353@group-61CCAB411AD3:t0, leader=null, voted=, raftlog=3a92afea-e9db-48b3-aba3-1f3ecfd1b353@group-61CCAB411AD3-SegmentedRaftLog:OPENED:c-1,f-1,i0, conf=-1: [b04214a4-18bc-401b-ac78-706e463fcaca|rpc:172.17.0.2:37587|priority:0, d78992b3-602b-478e-9e7d-48696c788850|rpc:172.17.0.2:45881|priority:1, 3a92afea-e9db-48b3-aba3-1f3ecfd1b353|rpc:172.17.0.2:44909|priority:0], old=null
2021-01-11 13:39:26,281 [grpc-default-executor-2] INFO  server.RaftServer$Division (RaftServerImpl.java:requestPreVote(1060)) - b04214a4-18bc-401b-ac78-706e463fcaca@group-61CCAB411AD3: receive preVote(d78992b3-602b-478e-9e7d-48696c788850, group-61CCAB411AD3, 0, (t:0, i:0))
2021-01-11 13:39:26,281 [grpc-default-executor-2] INFO  server.RaftServer$Division (RaftServerImpl.java:requestPreVote(1081)) - b04214a4-18bc-401b-ac78-706e463fcaca@group-61CCAB411AD3 role: FOLLOWER allow pre-vote from:d78992b3-602b-478e-9e7d-48696c788850
2021-01-11 13:39:26,281 [grpc-default-executor-2] INFO  server.RaftServer$Division (RaftServerImpl.java:requestPreVote(1099)) - b04214a4-18bc-401b-ac78-706e463fcaca@group-61CCAB411AD3 replies to pre-vote request: d78992b3-602b-478e-9e7d-48696c788850<-b04214a4-18bc-401b-ac78-706e463fcaca#0:OK-t0. Peer's state: b04214a4-18bc-401b-ac78-706e463fcaca@group-61CCAB411AD3:t0, leader=null, voted=, raftlog=b04214a4-18bc-401b-ac78-706e463fcaca@group-61CCAB411AD3-SegmentedRaftLog:OPENED:c-1,f-1,i0, conf=-1: [b04214a4-18bc-401b-ac78-706e463fcaca|rpc:172.17.0.2:37587|priority:0, d78992b3-602b-478e-9e7d-48696c788850|rpc:172.17.0.2:45881|priority:1, 3a92afea-e9db-48b3-aba3-1f3ecfd1b353|rpc:172.17.0.2:44909|priority:0], old=null
2021-01-11 13:39:26,282 [d78992b3-602b-478e-9e7d-48696c788850@group-61CCAB411AD3-LeaderElection8] INFO  impl.LeaderElection (LeaderElection.java:logAndReturn(68)) - d78992b3-602b-478e-9e7d-48696c788850@group-61CCAB411AD3-LeaderElection8: Pre-vote  PASSED received 1 response(s):[d78992b3-602b-478e-9e7d-48696c788850<-b04214a4-18bc-401b-ac78-706e463fcaca#0:OK-t0]
2021-01-11 13:39:26,283 [d78992b3-602b-478e-9e7d-48696c788850@group-61CCAB411AD3-LeaderElection8] INFO  impl.LeaderElection (LeaderElection.java:askForPreVotes(261)) - d78992b3-602b-478e-9e7d-48696c788850@group-61CCAB411AD3-LeaderElection8 pre-vote result is PASSED.
2021-01-11 13:39:26,284 [d78992b3-602b-478e-9e7d-48696c788850@group-61CCAB411AD3-LeaderElection8] INFO  impl.LeaderElection (LeaderElection.java:askForVotes(308)) - d78992b3-602b-478e-9e7d-48696c788850@group-61CCAB411AD3-LeaderElection8: begin an election at term 1 for -1: [b04214a4-18bc-401b-ac78-706e463fcaca|rpc:172.17.0.2:37587|priority:0, d78992b3-602b-478e-9e7d-48696c788850|rpc:172.17.0.2:45881|priority:1, 3a92afea-e9db-48b3-aba3-1f3ecfd1b353|rpc:172.17.0.2:44909|priority:0], old=null
2021-01-11 13:39:26,290 [grpc-default-executor-2] INFO  server.RaftServer$Division (RaftServerImpl.java:setRole(283)) - b04214a4-18bc-401b-ac78-706e463fcaca@group-61CCAB411AD3: changes role from  FOLLOWER to FOLLOWER at term 1 for recognizeCandidate:d78992b3-602b-478e-9e7d-48696c788850
2021-01-11 13:39:26,291 [grpc-default-executor-2] INFO  impl.RoleInfo (RoleInfo.java:shutdownFollowerState(108)) - b04214a4-18bc-401b-ac78-706e463fcaca: shutdown b04214a4-18bc-401b-ac78-706e463fcaca@group-61CCAB411AD3-FollowerState
2021-01-11 13:39:26,291 [grpc-default-executor-2] INFO  impl.RoleInfo (RoleInfo.java:updateAndGet(130)) - b04214a4-18bc-401b-ac78-706e463fcaca: start b04214a4-18bc-401b-ac78-706e463fcaca@group-61CCAB411AD3-FollowerState
2021-01-11 13:39:26,291 [Thread-217] INFO  impl.FollowerState (FollowerState.java:run(142)) - b04214a4-18bc-401b-ac78-706e463fcaca@group-61CCAB411AD3-FollowerState was interrupted: {}
java.lang.InterruptedException: sleep interrupted
	at java.lang.Thread.sleep(Native Method)
	at java.lang.Thread.sleep(Thread.java:340)
	at java.util.concurrent.TimeUnit.sleep(TimeUnit.java:386)
	at org.apache.ratis.util.TimeDuration.sleep(TimeDuration.java:324)
	at org.apache.ratis.util.TimeDuration.sleep(TimeDuration.java:309)
	at org.apache.ratis.server.impl.FollowerState.run(FollowerState.java:117)
2021-01-11 13:39:26,291 [grpc-default-executor-2] INFO  server.RaftServer$Division (RaftServerImpl.java:requestVote(1137)) -  FOLLOWER b04214a4-18bc-401b-ac78-706e463fcaca@group-61CCAB411AD3:t1, leader=null, voted=null, raftlog=b04214a4-18bc-401b-ac78-706e463fcaca@group-61CCAB411AD3-SegmentedRaftLog:OPENED:c-1,f-1,i0, conf=-1: [b04214a4-18bc-401b-ac78-706e463fcaca|rpc:172.17.0.2:37587|priority:0, d78992b3-602b-478e-9e7d-48696c788850|rpc:172.17.0.2:45881|priority:1, 3a92afea-e9db-48b3-aba3-1f3ecfd1b353|rpc:172.17.0.2:44909|priority:0], old=null RUNNING priority:0 candidate:d78992b3-602b-478e-9e7d-48696c788850|rpc:172.17.0.2:45881|priority:1 candidatePriority:1 compare:0
2021-01-11 13:39:26,296 [d78992b3-602b-478e-9e7d-48696c788850@group-61CCAB411AD3-LeaderElection8] INFO  impl.LeaderElection (LeaderElection.java:logAndReturn(68)) - d78992b3-602b-478e-9e7d-48696c788850@group-61CCAB411AD3-LeaderElection8: Election  PASSED received 1 response(s):[d78992b3-602b-478e-9e7d-48696c788850<-b04214a4-18bc-401b-ac78-706e463fcaca#0:OK-t1]
2021-01-11 13:39:26,296 [d78992b3-602b-478e-9e7d-48696c788850@group-61CCAB411AD3-LeaderElection8] INFO  impl.RoleInfo (RoleInfo.java:shutdownLeaderElection(121)) - d78992b3-602b-478e-9e7d-48696c788850: shutdown d78992b3-602b-478e-9e7d-48696c788850@group-61CCAB411AD3-LeaderElection8
2021-01-11 13:39:26,296 [d78992b3-602b-478e-9e7d-48696c788850@group-61CCAB411AD3-LeaderElection8] INFO  server.RaftServer$Division (RaftServerImpl.java:setRole(283)) - d78992b3-602b-478e-9e7d-48696c788850@group-61CCAB411AD3: changes role from CANDIDATE to LEADER at term 1 for changeToLeader
2021-01-11 13:39:26,296 [d78992b3-602b-478e-9e7d-48696c788850@group-61CCAB411AD3-LeaderElection8] INFO  ratis.XceiverServerRatis (XceiverServerRatis.java:handleLeaderChangedNotification(868)) - Leader change notification received for group: group-61CCAB411AD3 with new leaderId: d78992b3-602b-478e-9e7d-48696c788850
2021-01-11 13:39:26,297 [d78992b3-602b-478e-9e7d-48696c788850@group-61CCAB411AD3-LeaderElection8] INFO  server.RaftServer$Division (ServerState.java:setLeader(249)) - d78992b3-602b-478e-9e7d-48696c788850@group-61CCAB411AD3: change Leader from null to d78992b3-602b-478e-9e7d-48696c788850 at term 1 for becomeLeader, leader elected after 5157ms
2021-01-11 13:39:26,297 [d78992b3-602b-478e-9e7d-48696c788850@group-61CCAB411AD3-LeaderElection8] INFO  server.RaftServerConfigKeys (ConfUtils.java:logGet(44)) - raft.server.staging.catchup.gap = 1000 (default)
2021-01-11 13:39:26,297 [d78992b3-602b-478e-9e7d-48696c788850@group-61CCAB411AD3-LeaderElection8] INFO  metrics.RatisMetrics (RatisMetrics.java:lambda$create$0(36)) - Creating Metrics Registry : ratis.log_appender.d78992b3-602b-478e-9e7d-48696c788850@group-61CCAB411AD3
2021-01-11 13:39:26,297 [d78992b3-602b-478e-9e7d-48696c788850@group-61CCAB411AD3-LeaderElection8] INFO  server.RaftServerConfigKeys (ConfUtils.java:logGet(44)) - raft.server.write.element-limit = 1024 (custom)
2021-01-11 13:39:26,297 [d78992b3-602b-478e-9e7d-48696c788850@group-61CCAB411AD3-LeaderElection8] INFO  server.RaftServerConfigKeys (ConfUtils.java:logGet(44)) - raft.server.write.byte-limit = 1073741824 (custom)
2021-01-11 13:39:26,297 [d78992b3-602b-478e-9e7d-48696c788850@group-61CCAB411AD3-LeaderElection8] INFO  server.RaftServerConfigKeys (ConfUtils.java:logGet(44)) - raft.server.watch.timeout = 180s (custom)
2021-01-11 13:39:26,297 [d78992b3-602b-478e-9e7d-48696c788850@group-61CCAB411AD3-LeaderElection8] INFO  server.RaftServerConfigKeys (ConfUtils.java:logGet(44)) - raft.server.watch.timeout.denomination = 1s (default)
2021-01-11 13:39:26,297 [d78992b3-602b-478e-9e7d-48696c788850@group-61CCAB411AD3-LeaderElection8] INFO  server.RaftServerConfigKeys (ConfUtils.java:logGet(44)) - raft.server.watch.element-limit = 65536 (default)
2021-01-11 13:39:26,298 [d78992b3-602b-478e-9e7d-48696c788850@group-61CCAB411AD3-LeaderElection8] INFO  server.RaftServerConfigKeys (ConfUtils.java:logGet(44)) - raft.server.log.appender.snapshot.chunk.size.max = 16MB (=16777216) (default)
2021-01-11 13:39:26,298 [d78992b3-602b-478e-9e7d-48696c788850@group-61CCAB411AD3-LeaderElection8] INFO  server.RaftServerConfigKeys (ConfUtils.java:logGet(44)) - raft.server.log.appender.buffer.byte-limit = 33554432 (custom)
2021-01-11 13:39:26,298 [d78992b3-602b-478e-9e7d-48696c788850@group-61CCAB411AD3-LeaderElection8] INFO  server.RaftServerConfigKeys (ConfUtils.java:logGet(44)) - raft.server.log.appender.buffer.element-limit = 1 (custom)
2021-01-11 13:39:26,298 [grpc-default-executor-0] INFO  server.RaftServer$Division (RaftServerImpl.java:setRole(283)) - 3a92afea-e9db-48b3-aba3-1f3ecfd1b353@group-61CCAB411AD3: changes role from  FOLLOWER to FOLLOWER at term 1 for recognizeCandidate:d78992b3-602b-478e-9e7d-48696c788850
2021-01-11 13:39:26,300 [grpc-default-executor-0] INFO  impl.RoleInfo (RoleInfo.java:shutdownFollowerState(108)) - 3a92afea-e9db-48b3-aba3-1f3ecfd1b353: shutdown 3a92afea-e9db-48b3-aba3-1f3ecfd1b353@group-61CCAB411AD3-FollowerState
2021-01-11 13:39:26,300 [grpc-default-executor-0] INFO  impl.RoleInfo (RoleInfo.java:updateAndGet(130)) - 3a92afea-e9db-48b3-aba3-1f3ecfd1b353: start 3a92afea-e9db-48b3-aba3-1f3ecfd1b353@group-61CCAB411AD3-FollowerState
2021-01-11 13:39:26,300 [Thread-256] INFO  impl.FollowerState (FollowerState.java:run(142)) - 3a92afea-e9db-48b3-aba3-1f3ecfd1b353@group-61CCAB411AD3-FollowerState was interrupted: {}
java.lang.InterruptedException: sleep interrupted
	at java.lang.Thread.sleep(Native Method)
	at java.lang.Thread.sleep(Thread.java:340)
	at java.util.concurrent.TimeUnit.sleep(TimeUnit.java:386)
	at org.apache.ratis.util.TimeDuration.sleep(TimeDuration.java:324)
	at org.apache.ratis.util.TimeDuration.sleep(TimeDuration.java:309)
	at org.apache.ratis.server.impl.FollowerState.run(FollowerState.java:117)
2021-01-11 13:39:26,298 [d78992b3-602b-478e-9e7d-48696c788850@group-61CCAB411AD3-LeaderElection8] INFO  grpc.GrpcConfigKeys (ConfUtils.java:logGet(44)) - raft.grpc.server.leader.outstanding.appends.max = 128 (default)
2021-01-11 13:39:26,300 [EventQueue-PipelineReportForPipelineReportHandler] INFO  pipeline.PipelineStateManager (PipelineStateManager.java:openPipeline(132)) - Pipeline Pipeline[ Id: 71e87fc3-34b8-433d-a92c-61ccab411ad3, Nodes: b04214a4-18bc-401b-ac78-706e463fcaca{ip: 172.17.0.2, host: baadf3146833, networkLocation: /default-rack, certSerialId: null, persistedOpState: IN_SERVICE, persistedOpStateExpiryEpochSec: 0}d78992b3-602b-478e-9e7d-48696c788850{ip: 172.17.0.2, host: baadf3146833, networkLocation: /default-rack, certSerialId: null, persistedOpState: IN_SERVICE, persistedOpStateExpiryEpochSec: 0}3a92afea-e9db-48b3-aba3-1f3ecfd1b353{ip: 172.17.0.2, host: baadf3146833, networkLocation: /default-rack, certSerialId: null, persistedOpState: IN_SERVICE, persistedOpStateExpiryEpochSec: 0}, Type:RATIS, Factor:THREE, State:ALLOCATED, leaderId:d78992b3-602b-478e-9e7d-48696c788850, CreationTimestamp2021-01-11T13:39:17.569Z] moved to OPEN state
2021-01-11 13:39:26,300 [d78992b3-602b-478e-9e7d-48696c788850@group-61CCAB411AD3-LeaderElection8] INFO  server.RaftServerConfigKeys (ConfUtils.java:logGet(44)) - raft.server.rpc.request.timeout = 60s (custom)
2021-01-11 13:39:26,301 [d78992b3-602b-478e-9e7d-48696c788850@group-61CCAB411AD3-LeaderElection8] INFO  server.RaftServerConfigKeys (ConfUtils.java:logGet(44)) - raft.server.log.appender.install.snapshot.enabled = false (custom)
2021-01-11 13:39:26,301 [d78992b3-602b-478e-9e7d-48696c788850@group-61CCAB411AD3-LeaderElection8] INFO  metrics.RatisMetrics (RatisMetrics.java:lambda$create$0(36)) - Creating Metrics Registry : ratis_grpc.log_appender.d78992b3-602b-478e-9e7d-48696c788850@group-61CCAB411AD3
2021-01-11 13:39:26,301 [d78992b3-602b-478e-9e7d-48696c788850@group-61CCAB411AD3-LeaderElection8] INFO  server.RaftServerConfigKeys (ConfUtils.java:logGet(44)) - raft.server.log.appender.snapshot.chunk.size.max = 16MB (=16777216) (default)
2021-01-11 13:39:26,301 [d78992b3-602b-478e-9e7d-48696c788850@group-61CCAB411AD3-LeaderElection8] INFO  server.RaftServerConfigKeys (ConfUtils.java:logGet(44)) - raft.server.log.appender.buffer.byte-limit = 33554432 (custom)
2021-01-11 13:39:26,302 [d78992b3-602b-478e-9e7d-48696c788850@group-61CCAB411AD3-LeaderElection8] INFO  server.RaftServerConfigKeys (ConfUtils.java:logGet(44)) - raft.server.log.appender.buffer.element-limit = 1 (custom)
2021-01-11 13:39:26,306 [grpc-default-executor-0] INFO  server.RaftServer$Division (RaftServerImpl.java:requestVote(1137)) -  FOLLOWER 3a92afea-e9db-48b3-aba3-1f3ecfd1b353@group-61CCAB411AD3:t1, leader=null, voted=null, raftlog=3a92afea-e9db-48b3-aba3-1f3ecfd1b353@group-61CCAB411AD3-SegmentedRaftLog:OPENED:c-1,f-1,i0, conf=-1: [b04214a4-18bc-401b-ac78-706e463fcaca|rpc:172.17.0.2:37587|priority:0, d78992b3-602b-478e-9e7d-48696c788850|rpc:172.17.0.2:45881|priority:1, 3a92afea-e9db-48b3-aba3-1f3ecfd1b353|rpc:172.17.0.2:44909|priority:0], old=null RUNNING priority:0 candidate:d78992b3-602b-478e-9e7d-48696c788850|rpc:172.17.0.2:45881|priority:1 candidatePriority:1 compare:0
2021-01-11 13:39:26,307 [d78992b3-602b-478e-9e7d-48696c788850@group-61CCAB411AD3-LeaderElection8] INFO  grpc.GrpcConfigKeys (ConfUtils.java:logGet(44)) - raft.grpc.server.leader.outstanding.appends.max = 128 (default)
2021-01-11 13:39:26,307 [d78992b3-602b-478e-9e7d-48696c788850@group-61CCAB411AD3-LeaderElection8] INFO  server.RaftServerConfigKeys (ConfUtils.java:logGet(44)) - raft.server.rpc.request.timeout = 60s (custom)
2021-01-11 13:39:26,307 [d78992b3-602b-478e-9e7d-48696c788850@group-61CCAB411AD3-LeaderElection8] INFO  server.RaftServerConfigKeys (ConfUtils.java:logGet(44)) - raft.server.log.appender.install.snapshot.enabled = false (custom)
2021-01-11 13:39:26,308 [d78992b3-602b-478e-9e7d-48696c788850@group-61CCAB411AD3-LeaderElection8] INFO  impl.RoleInfo (RoleInfo.java:updateAndGet(130)) - d78992b3-602b-478e-9e7d-48696c788850: start d78992b3-602b-478e-9e7d-48696c788850@group-61CCAB411AD3-LeaderStateImpl
2021-01-11 13:39:26,309 [d78992b3-602b-478e-9e7d-48696c788850@group-61CCAB411AD3-LeaderElection8] INFO  segmented.SegmentedRaftLogWorker (SegmentedRaftLogWorker.java:startLogSegment(392)) - d78992b3-602b-478e-9e7d-48696c788850@group-61CCAB411AD3-SegmentedRaftLogWorker: Starting segment from index:0
2021-01-11 13:39:26,310 [d78992b3-602b-478e-9e7d-48696c788850@group-61CCAB411AD3-SegmentedRaftLogWorker] INFO  segmented.SegmentedRaftLogWorker (SegmentedRaftLogWorker.java:execute(599)) - d78992b3-602b-478e-9e7d-48696c788850@group-61CCAB411AD3-SegmentedRaftLogWorker: created new log segment /github/workspace/mnt/ozone/hadoop-ozone/integration-test/target/test-dir/MiniOzoneClusterImpl-264a93b1-c4bd-4819-8d38-c175a3498c4d/datanode-0/data/ratis/71e87fc3-34b8-433d-a92c-61ccab411ad3/current/log_inprogress_0
2021-01-11 13:39:26,314 [grpc-default-executor-2] INFO  ratis.XceiverServerRatis (XceiverServerRatis.java:handleLeaderChangedNotification(868)) - Leader change notification received for group: group-61CCAB411AD3 with new leaderId: d78992b3-602b-478e-9e7d-48696c788850
2021-01-11 13:39:26,314 [grpc-default-executor-2] INFO  server.RaftServer$Division (ServerState.java:setLeader(249)) - b04214a4-18bc-401b-ac78-706e463fcaca@group-61CCAB411AD3: change Leader from null to d78992b3-602b-478e-9e7d-48696c788850 at term 1 for appendEntries, leader elected after 5170ms
2021-01-11 13:39:26,315 [d78992b3-602b-478e-9e7d-48696c788850@group-61CCAB411AD3-LeaderElection8] INFO  server.RaftServer$Division (ServerState.java:setRaftConf(368)) - d78992b3-602b-478e-9e7d-48696c788850@group-61CCAB411AD3: set configuration 0: [b04214a4-18bc-401b-ac78-706e463fcaca|rpc:172.17.0.2:37587|dataStream:|priority:0, d78992b3-602b-478e-9e7d-48696c788850|rpc:172.17.0.2:45881|dataStream:|priority:1, 3a92afea-e9db-48b3-aba3-1f3ecfd1b353|rpc:172.17.0.2:44909|dataStream:|priority:0], old=null
2021-01-11 13:39:26,317 [grpc-default-executor-0] INFO  ratis.XceiverServerRatis (XceiverServerRatis.java:handleLeaderChangedNotification(868)) - Leader change notification received for group: group-61CCAB411AD3 with new leaderId: d78992b3-602b-478e-9e7d-48696c788850
2021-01-11 13:39:26,317 [grpc-default-executor-0] INFO  server.RaftServer$Division (ServerState.java:setLeader(249)) - 3a92afea-e9db-48b3-aba3-1f3ecfd1b353@group-61CCAB411AD3: change Leader from null to d78992b3-602b-478e-9e7d-48696c788850 at term 1 for appendEntries, leader elected after 5167ms
2021-01-11 13:39:26,327 [grpc-default-executor-0] INFO  server.RaftServer$Division (ServerState.java:setRaftConf(368)) - b04214a4-18bc-401b-ac78-706e463fcaca@group-61CCAB411AD3: set configuration 0: [b04214a4-18bc-401b-ac78-706e463fcaca|rpc:172.17.0.2:37587|dataStream:|priority:0, d78992b3-602b-478e-9e7d-48696c788850|rpc:172.17.0.2:45881|dataStream:|priority:1, 3a92afea-e9db-48b3-aba3-1f3ecfd1b353|rpc:172.17.0.2:44909|dataStream:|priority:0], old=null
2021-01-11 13:39:26,327 [grpc-default-executor-0] INFO  segmented.SegmentedRaftLogWorker (SegmentedRaftLogWorker.java:startLogSegment(392)) - b04214a4-18bc-401b-ac78-706e463fcaca@group-61CCAB411AD3-SegmentedRaftLogWorker: Starting segment from index:0
2021-01-11 13:39:26,328 [grpc-default-executor-2] INFO  server.RaftServer$Division (ServerState.java:setRaftConf(368)) - 3a92afea-e9db-48b3-aba3-1f3ecfd1b353@group-61CCAB411AD3: set configuration 0: [b04214a4-18bc-401b-ac78-706e463fcaca|rpc:172.17.0.2:37587|dataStream:|priority:0, d78992b3-602b-478e-9e7d-48696c788850|rpc:172.17.0.2:45881|dataStream:|priority:1, 3a92afea-e9db-48b3-aba3-1f3ecfd1b353|rpc:172.17.0.2:44909|dataStream:|priority:0], old=null
2021-01-11 13:39:26,329 [grpc-default-executor-2] INFO  segmented.SegmentedRaftLogWorker (SegmentedRaftLogWorker.java:startLogSegment(392)) - 3a92afea-e9db-48b3-aba3-1f3ecfd1b353@group-61CCAB411AD3-SegmentedRaftLogWorker: Starting segment from index:0
2021-01-11 13:39:26,329 [b04214a4-18bc-401b-ac78-706e463fcaca@group-61CCAB411AD3-SegmentedRaftLogWorker] INFO  segmented.SegmentedRaftLogWorker (SegmentedRaftLogWorker.java:execute(599)) - b04214a4-18bc-401b-ac78-706e463fcaca@group-61CCAB411AD3-SegmentedRaftLogWorker: created new log segment /github/workspace/mnt/ozone/hadoop-ozone/integration-test/target/test-dir/MiniOzoneClusterImpl-264a93b1-c4bd-4819-8d38-c175a3498c4d/datanode-2/data/ratis/71e87fc3-34b8-433d-a92c-61ccab411ad3/current/log_inprogress_0
2021-01-11 13:39:26,330 [3a92afea-e9db-48b3-aba3-1f3ecfd1b353@group-61CCAB411AD3-SegmentedRaftLogWorker] INFO  segmented.SegmentedRaftLogWorker (SegmentedRaftLogWorker.java:execute(599)) - 3a92afea-e9db-48b3-aba3-1f3ecfd1b353@group-61CCAB411AD3-SegmentedRaftLogWorker: created new log segment /github/workspace/mnt/ozone/hadoop-ozone/integration-test/target/test-dir/MiniOzoneClusterImpl-264a93b1-c4bd-4819-8d38-c175a3498c4d/datanode-1/data/ratis/71e87fc3-34b8-433d-a92c-61ccab411ad3/current/log_inprogress_0
2021-01-11 13:39:26,807 [Listener at 127.0.0.1/44133] INFO  ozone.MiniOzoneClusterImpl (MiniOzoneClusterImpl.java:lambda$waitForClusterToBeReady$0(179)) - Nodes are ready. Got 4 of 4 DN Heartbeats.
2021-01-11 13:39:26,808 [Listener at 127.0.0.1/44133] INFO  ozone.MiniOzoneClusterImpl (MiniOzoneClusterImpl.java:lambda$waitForClusterToBeReady$0(182)) - Cluster exits safe mode
2021-01-11 13:39:26,822 [Listener at 127.0.0.1/44133] INFO  server.StorageContainerManager (StorageContainerManager.java:stop(832)) - Stopping Replication Manager Service.
2021-01-11 13:39:26,822 [Listener at 127.0.0.1/44133] INFO  container.ReplicationManager (ReplicationManager.java:stop(234)) - Replication Monitor Thread is not running.
2021-01-11 13:39:26,822 [Listener at 127.0.0.1/44133] INFO  server.StorageContainerManager (StorageContainerManager.java:stop(839)) - Stopping the Datanode Admin Monitor.
2021-01-11 13:39:26,830 [Listener at 127.0.0.1/44133] INFO  server.StorageContainerManager (StorageContainerManager.java:stop(846)) - Stopping Lease Manager of the command watchers
2021-01-11 13:39:26,830 [Listener at 127.0.0.1/44133] INFO  server.StorageContainerManager (StorageContainerManager.java:stop(853)) - Stopping datanode service RPC server
2021-01-11 13:39:26,830 [Listener at 127.0.0.1/44133] INFO  server.SCMDatanodeProtocolServer (SCMDatanodeProtocolServer.java:stop(369)) - Stopping the RPC server for DataNodes
2021-01-11 13:39:26,830 [Listener at 127.0.0.1/44133] INFO  ipc.Server (Server.java:stop(3359)) - Stopping server on 44121
2021-01-11 13:39:26,832 [IPC Server Responder] INFO  ipc.Server (Server.java:run(1465)) - Stopping IPC Server Responder
2021-01-11 13:39:26,832 [IPC Server listener on 0] INFO  ipc.Server (Server.java:run(1330)) - Stopping IPC Server listener on 0
2021-01-11 13:39:26,838 [EndpointStateMachine task thread for /0.0.0.0:44121 - 0 ] WARN  statemachine.EndpointStateMachine (EndpointStateMachine.java:logIfNeeded(233)) - Unable to communicate to SCM server at 0.0.0.0:44121 for past 0 seconds.
java.io.EOFException: End of File Exception between local host is: "baadf3146833/172.17.0.2"; destination host is: "0.0.0.0":44121; : java.io.EOFException; For more details see:  http://wiki.apache.org/hadoop/EOFException
	at sun.reflect.NativeConstructorAccessorImpl.newInstance0(Native Method)
	at sun.reflect.NativeConstructorAccessorImpl.newInstance(NativeConstructorAccessorImpl.java:62)
	at sun.reflect.DelegatingConstructorAccessorImpl.newInstance(DelegatingConstructorAccessorImpl.java:45)
	at java.lang.reflect.Constructor.newInstance(Constructor.java:423)
	at org.apache.hadoop.net.NetUtils.wrapWithMessage(NetUtils.java:833)
	at org.apache.hadoop.net.NetUtils.wrapException(NetUtils.java:791)
	at org.apache.hadoop.ipc.Client.getRpcResponse(Client.java:1549)
	at org.apache.hadoop.ipc.Client.call(Client.java:1491)
	at org.apache.hadoop.ipc.Client.call(Client.java:1388)
	at org.apache.hadoop.ipc.ProtobufRpcEngine$Invoker.invoke(ProtobufRpcEngine.java:233)
	at org.apache.hadoop.ipc.ProtobufRpcEngine$Invoker.invoke(ProtobufRpcEngine.java:118)
	at com.sun.proxy.$Proxy34.submitRequest(Unknown Source)
	at org.apache.hadoop.ozone.protocolPB.StorageContainerDatanodeProtocolClientSideTranslatorPB.submitRequest(StorageContainerDatanodeProtocolClientSideTranslatorPB.java:117)
	at org.apache.hadoop.ozone.protocolPB.StorageContainerDatanodeProtocolClientSideTranslatorPB.sendHeartbeat(StorageContainerDatanodeProtocolClientSideTranslatorPB.java:149)
	at org.apache.hadoop.ozone.container.common.states.endpoint.HeartbeatEndpointTask.call(HeartbeatEndpointTask.java:146)
	at org.apache.hadoop.ozone.container.common.states.endpoint.HeartbeatEndpointTask.call(HeartbeatEndpointTask.java:77)
	at java.util.concurrent.FutureTask.run(FutureTask.java:266)
	at java.util.concurrent.ThreadPoolExecutor.runWorker(ThreadPoolExecutor.java:1149)
	at java.util.concurrent.ThreadPoolExecutor$Worker.run(ThreadPoolExecutor.java:624)
	at java.lang.Thread.run(Thread.java:748)
Caused by: java.io.EOFException
	at java.io.DataInputStream.readInt(DataInputStream.java:392)
	at org.apache.hadoop.ipc.Client$IpcStreams.readResponse(Client.java:1850)
	at org.apache.hadoop.ipc.Client$Connection.receiveRpcResponse(Client.java:1183)
	at org.apache.hadoop.ipc.Client$Connection.run(Client.java:1079)
2021-01-11 13:39:27,065 [SCM Heartbeat Processing Thread - 0] WARN  node.NodeStateManager (NodeStateManager.java:scheduleNextHealthCheck(688)) - Current Thread is interrupted, shutting down HB processing thread for Node Manager.
2021-01-11 13:39:27,066 [Listener at 127.0.0.1/44133] INFO  server.StorageContainerManager (StorageContainerManager.java:stop(861)) - Stopping block service RPC server
2021-01-11 13:39:27,066 [Listener at 127.0.0.1/44133] INFO  server.SCMBlockProtocolServer (SCMBlockProtocolServer.java:stop(159)) - Stopping the RPC server for Block Protocol
2021-01-11 13:39:27,066 [Listener at 127.0.0.1/44133] INFO  ipc.Server (Server.java:stop(3359)) - Stopping server on 36569
2021-01-11 13:39:27,068 [Listener at 127.0.0.1/44133] INFO  server.StorageContainerManager (StorageContainerManager.java:stop(868)) - Stopping the StorageContainerLocationProtocol RPC server
2021-01-11 13:39:27,068 [Listener at 127.0.0.1/44133] INFO  server.SCMClientProtocolServer (SCMClientProtocolServer.java:stop(168)) - Stopping the RPC server for Client Protocol
2021-01-11 13:39:27,068 [Listener at 127.0.0.1/44133] INFO  ipc.Server (Server.java:stop(3359)) - Stopping server on 35411
2021-01-11 13:39:27,068 [IPC Server Responder] INFO  ipc.Server (Server.java:run(1465)) - Stopping IPC Server Responder
2021-01-11 13:39:27,070 [IPC Server listener on 0] INFO  ipc.Server (Server.java:run(1330)) - Stopping IPC Server listener on 0
2021-01-11 13:39:27,073 [IPC Server listener on 0] INFO  ipc.Server (Server.java:run(1330)) - Stopping IPC Server listener on 0
2021-01-11 13:39:27,073 [Listener at 127.0.0.1/44133] INFO  server.StorageContainerManager (StorageContainerManager.java:stop(875)) - Stopping Storage Container Manager HTTP server.
2021-01-11 13:39:27,075 [Listener at 127.0.0.1/44133] INFO  handler.ContextHandler (ContextHandler.java:doStop(1154)) - Stopped o.e.j.w.WebAppContext@2506b881{scm,/,null,STOPPED}{file:/github/workspace/mnt/ozone/hadoop-ozone/integration-test/target/test-classes/webapps/scm}
2021-01-11 13:39:27,077 [IPC Server Responder] INFO  ipc.Server (Server.java:run(1465)) - Stopping IPC Server Responder
2021-01-11 13:39:27,079 [Listener at 127.0.0.1/44133] INFO  server.AbstractConnector (AbstractConnector.java:doStop(381)) - Stopped ServerConnector@2c26ba07{HTTP/1.1, (http/1.1)}{0.0.0.0:0}
2021-01-11 13:39:27,079 [Listener at 127.0.0.1/44133] INFO  server.session (HouseKeeper.java:stopScavenging(149)) - node0 Stopped scavenging
2021-01-11 13:39:27,080 [Listener at 127.0.0.1/44133] INFO  handler.ContextHandler (ContextHandler.java:doStop(1154)) - Stopped o.e.j.s.ServletContextHandler@2da81754{static,/static,file:///github/workspace/mnt/ozone/hadoop-ozone/integration-test/target/test-classes/webapps/static,STOPPED}
2021-01-11 13:39:27,080 [Listener at 127.0.0.1/44133] INFO  handler.ContextHandler (ContextHandler.java:doStop(1154)) - Stopped o.e.j.s.ServletContextHandler@28279a49{logs,/logs,file:///github/workspace/mnt/ozone/hadoop-ozone/integration-test/target/log,STOPPED}
2021-01-11 13:39:27,081 [Listener at 127.0.0.1/44133] INFO  server.StorageContainerManager (StorageContainerManager.java:stop(886)) - Stopping Block Manager Service.
2021-01-11 13:39:27,081 [Listener at 127.0.0.1/44133] INFO  utils.BackgroundService (BackgroundService.java:shutdown(132)) - Shutting down service SCMBlockDeletingService
2021-01-11 13:39:27,081 [Listener at 127.0.0.1/44133] INFO  utils.BackgroundService (BackgroundService.java:shutdown(132)) - Shutting down service SCMBlockDeletingService
2021-01-11 13:39:27,081 [Listener at 127.0.0.1/44133] INFO  server.StorageContainerManager (StorageContainerManager.java:stop(911)) - Stopping SCM Event Queue.
2021-01-11 13:39:27,085 [Listener at 127.0.0.1/44133] INFO  impl.MetricsSystemImpl (MetricsSystemImpl.java:stop(210)) - Stopping HddsDatanode metrics system...
2021-01-11 13:39:27,090 [prometheus] INFO  impl.MetricsSinkAdapter (MetricsSinkAdapter.java:publishMetricsFromQueue(141)) - prometheus thread interrupted.
2021-01-11 13:39:27,090 [Listener at 127.0.0.1/44133] INFO  impl.MetricsSystemImpl (MetricsSystemImpl.java:stop(216)) - HddsDatanode metrics system stopped.
2021-01-11 13:39:27,090 [Listener at 127.0.0.1/44133] WARN  server.ServerUtils (ServerUtils.java:getScmDbDir(148)) - ozone.scm.db.dirs is not configured. We recommend adding this setting. Falling back to ozone.metadata.dirs instead.
2021-01-11 13:39:27,091 [Listener at 127.0.0.1/44133] WARN  db.DBStoreBuilder (DBStoreBuilder.java:applyDBDefinition(145)) - ozone.scm.db.dirs is not configured. We recommend adding this setting. Falling back to ozone.metadata.dirs instead.
2021-01-11 13:39:27,112 [Listener at 127.0.0.1/44133] INFO  net.NodeSchemaLoader (NodeSchemaLoader.java:loadSchemaFromFile(126)) - Loading file from sun.misc.CompoundEnumeration@340ef431
2021-01-11 13:39:27,112 [Listener at 127.0.0.1/44133] INFO  net.NodeSchemaLoader (NodeSchemaLoader.java:loadSchema(172)) - Loading network topology layer schema file
2021-01-11 13:39:27,124 [Listener at 127.0.0.1/44133] INFO  node.SCMNodeManager (SCMNodeManager.java:<init>(123)) - Entering startup safe mode.
2021-01-11 13:39:27,125 [Listener at 127.0.0.1/44133] INFO  algorithms.ContainerPlacementPolicyFactory (ContainerPlacementPolicyFactory.java:getPolicy(60)) - Create container placement policy of type org.apache.hadoop.hdds.scm.container.placement.algorithms.SCMContainerPlacementRandom
2021-01-11 13:39:27,125 [Listener at 127.0.0.1/44133] INFO  algorithms.LeaderChoosePolicyFactory (LeaderChoosePolicyFactory.java:getPolicy(57)) - Create leader choose policy of type org.apache.hadoop.hdds.scm.pipeline.leader.choose.algorithms.MinLeaderCountChoosePolicy
2021-01-11 13:39:27,126 [Listener at 127.0.0.1/44133] INFO  pipeline.PipelineStateManager (PipelineStateManager.java:addPipeline(54)) - Created pipeline Pipeline[ Id: 2c673d75-bae7-401c-b3f1-b962fb059a71, Nodes: 48977efb-d0ee-4139-b5da-00a22fa75fe3{ip: 172.17.0.2, host: baadf3146833, networkLocation: /default-rack, certSerialId: null, persistedOpState: IN_SERVICE, persistedOpStateExpiryEpochSec: 0}, Type:RATIS, Factor:ONE, State:OPEN, leaderId:48977efb-d0ee-4139-b5da-00a22fa75fe3, CreationTimestamp2021-01-11T13:39:27.126Z]
2021-01-11 13:39:27,127 [Listener at 127.0.0.1/44133] INFO  pipeline.PipelineStateManager (PipelineStateManager.java:addPipeline(54)) - Created pipeline Pipeline[ Id: 71e87fc3-34b8-433d-a92c-61ccab411ad3, Nodes: b04214a4-18bc-401b-ac78-706e463fcaca{ip: 172.17.0.2, host: baadf3146833, networkLocation: /default-rack, certSerialId: null, persistedOpState: IN_SERVICE, persistedOpStateExpiryEpochSec: 0}d78992b3-602b-478e-9e7d-48696c788850{ip: 172.17.0.2, host: baadf3146833, networkLocation: /default-rack, certSerialId: null, persistedOpState: IN_SERVICE, persistedOpStateExpiryEpochSec: 0}3a92afea-e9db-48b3-aba3-1f3ecfd1b353{ip: 172.17.0.2, host: baadf3146833, networkLocation: /default-rack, certSerialId: null, persistedOpState: IN_SERVICE, persistedOpStateExpiryEpochSec: 0}, Type:RATIS, Factor:THREE, State:OPEN, leaderId:d78992b3-602b-478e-9e7d-48696c788850, CreationTimestamp2021-01-11T13:39:27.127Z]
2021-01-11 13:39:27,127 [Listener at 127.0.0.1/44133] INFO  pipeline.PipelineStateManager (PipelineStateManager.java:addPipeline(54)) - Created pipeline Pipeline[ Id: 7c941d16-df04-4c50-b023-2b843e4abae5, Nodes: b04214a4-18bc-401b-ac78-706e463fcaca{ip: 172.17.0.2, host: baadf3146833, networkLocation: /default-rack, certSerialId: null, persistedOpState: IN_SERVICE, persistedOpStateExpiryEpochSec: 0}, Type:RATIS, Factor:ONE, State:OPEN, leaderId:b04214a4-18bc-401b-ac78-706e463fcaca, CreationTimestamp2021-01-11T13:39:27.127Z]
2021-01-11 13:39:27,129 [Listener at 127.0.0.1/44133] INFO  pipeline.PipelineStateManager (PipelineStateManager.java:addPipeline(54)) - Created pipeline Pipeline[ Id: 87b78622-db21-44ef-a193-ebbb6508d112, Nodes: 3a92afea-e9db-48b3-aba3-1f3ecfd1b353{ip: 172.17.0.2, host: baadf3146833, networkLocation: /default-rack, certSerialId: null, persistedOpState: IN_SERVICE, persistedOpStateExpiryEpochSec: 0}, Type:RATIS, Factor:ONE, State:OPEN, leaderId:3a92afea-e9db-48b3-aba3-1f3ecfd1b353, CreationTimestamp2021-01-11T13:39:27.129Z]
2021-01-11 13:39:27,129 [Listener at 127.0.0.1/44133] INFO  pipeline.PipelineStateManager (PipelineStateManager.java:addPipeline(54)) - Created pipeline Pipeline[ Id: d75988d3-7752-4da2-89be-b22e4b49b34a, Nodes: b04214a4-18bc-401b-ac78-706e463fcaca{ip: 172.17.0.2, host: baadf3146833, networkLocation: /default-rack, certSerialId: null, persistedOpState: IN_SERVICE, persistedOpStateExpiryEpochSec: 0}d78992b3-602b-478e-9e7d-48696c788850{ip: 172.17.0.2, host: baadf3146833, networkLocation: /default-rack, certSerialId: null, persistedOpState: IN_SERVICE, persistedOpStateExpiryEpochSec: 0}3a92afea-e9db-48b3-aba3-1f3ecfd1b353{ip: 172.17.0.2, host: baadf3146833, networkLocation: /default-rack, certSerialId: null, persistedOpState: IN_SERVICE, persistedOpStateExpiryEpochSec: 0}, Type:RATIS, Factor:THREE, State:OPEN, leaderId:b04214a4-18bc-401b-ac78-706e463fcaca, CreationTimestamp2021-01-11T13:39:27.129Z]
2021-01-11 13:39:27,130 [Listener at 127.0.0.1/44133] INFO  pipeline.PipelineStateManager (PipelineStateManager.java:addPipeline(54)) - Created pipeline Pipeline[ Id: f5335cf3-7092-4145-92e1-8a8965f74491, Nodes: d78992b3-602b-478e-9e7d-48696c788850{ip: 172.17.0.2, host: baadf3146833, networkLocation: /default-rack, certSerialId: null, persistedOpState: IN_SERVICE, persistedOpStateExpiryEpochSec: 0}, Type:RATIS, Factor:ONE, State:OPEN, leaderId:d78992b3-602b-478e-9e7d-48696c788850, CreationTimestamp2021-01-11T13:39:27.130Z]
2021-01-11 13:39:27,131 [Listener at 127.0.0.1/44133] INFO  algorithms.PipelineChoosePolicyFactory (PipelineChoosePolicyFactory.java:createPipelineChoosePolicyFromClass(75)) - Create pipeline choose policy of type org.apache.hadoop.hdds.scm.pipeline.choose.algorithms.RandomPipelineChoosePolicy
2021-01-11 13:39:27,135 [Listener at 127.0.0.1/44133] INFO  safemode.HealthyPipelineSafeModeRule (HealthyPipelineSafeModeRule.java:<init>(89)) - Total pipeline count is 2, healthy pipeline threshold count is 1
2021-01-11 13:39:27,136 [Listener at 127.0.0.1/44133] INFO  safemode.OneReplicaPipelineSafeModeRule (OneReplicaPipelineSafeModeRule.java:<init>(85)) - Total pipeline count is 2, pipeline's with at least one datanode reported threshold count is 2
2021-01-11 13:39:27,138 [Listener at 127.0.0.1/44133] INFO  ipc.CallQueueManager (CallQueueManager.java:<init>(84)) - Using callQueue: class java.util.concurrent.LinkedBlockingQueue, queueCapacity: 2000, scheduler: class org.apache.hadoop.ipc.DefaultRpcScheduler, ipcBackoff: false.
2021-01-11 13:39:27,139 [Socket Reader #1 for port 44121] INFO  ipc.Server (Server.java:run(1219)) - Starting Socket Reader #1 for port 44121
2021-01-11 13:39:27,140 [Listener at 0.0.0.0/44121] INFO  ipc.CallQueueManager (CallQueueManager.java:<init>(84)) - Using callQueue: class java.util.concurrent.LinkedBlockingQueue, queueCapacity: 2000, scheduler: class org.apache.hadoop.ipc.DefaultRpcScheduler, ipcBackoff: false.
2021-01-11 13:39:27,150 [Socket Reader #1 for port 36569] INFO  ipc.Server (Server.java:run(1219)) - Starting Socket Reader #1 for port 36569
2021-01-11 13:39:27,153 [Listener at 0.0.0.0/36569] INFO  ipc.CallQueueManager (CallQueueManager.java:<init>(84)) - Using callQueue: class java.util.concurrent.LinkedBlockingQueue, queueCapacity: 2000, scheduler: class org.apache.hadoop.ipc.DefaultRpcScheduler, ipcBackoff: false.
2021-01-11 13:39:27,154 [Socket Reader #1 for port 35411] INFO  ipc.Server (Server.java:run(1219)) - Starting Socket Reader #1 for port 35411
2021-01-11 13:39:27,160 [Listener at 0.0.0.0/35411] INFO  http.BaseHttpServer (BaseHttpServer.java:newHttpServer2BuilderForOzone(207)) - Starting Web-server for scm at: http://0.0.0.0:38883
2021-01-11 13:39:27,160 [Listener at 0.0.0.0/35411] INFO  http.BaseHttpServer (BaseHttpServer.java:<init>(106)) - Hadoop Security Enabled: false Ozone Security Enabled: false Ozone HTTP Security Enabled: false 
2021-01-11 13:39:27,161 [Listener at 0.0.0.0/35411] INFO  server.AuthenticationFilter (AuthenticationFilter.java:constructSecretProvider(240)) - Unable to initialize FileSignerSecretProvider, falling back to use random secrets.
2021-01-11 13:39:27,162 [Listener at 0.0.0.0/35411] WARN  http.HttpRequestLog (HttpRequestLog.java:getRequestLog(103)) - Jetty request log can only be enabled using Log4j
2021-01-11 13:39:27,163 [Listener at 0.0.0.0/35411] INFO  http.HttpServer2 (HttpServer2.java:addGlobalFilter(1020)) - Added global filter 'safety' (class=org.apache.hadoop.hdds.server.http.HttpServer2$QuotingInputFilter)
2021-01-11 13:39:27,164 [Listener at 0.0.0.0/35411] INFO  http.HttpServer2 (HttpServer2.java:addFilter(996)) - Added filter static_user_filter (class=org.apache.hadoop.http.lib.StaticUserWebFilter$StaticUserFilter) to context scm
2021-01-11 13:39:27,164 [Listener at 0.0.0.0/35411] INFO  http.HttpServer2 (HttpServer2.java:addFilter(1004)) - Added filter static_user_filter (class=org.apache.hadoop.http.lib.StaticUserWebFilter$StaticUserFilter) to context static
2021-01-11 13:39:27,164 [Listener at 0.0.0.0/35411] INFO  http.HttpServer2 (HttpServer2.java:addFilter(1004)) - Added filter static_user_filter (class=org.apache.hadoop.http.lib.StaticUserWebFilter$StaticUserFilter) to context logs
2021-01-11 13:39:27,166 [Listener at 0.0.0.0/35411] INFO  server.StorageContainerManager (StorageContainerManager.java:start(789)) - StorageContainerLocationProtocol RPC server is listening at /0.0.0.0:35411
2021-01-11 13:39:27,167 [Listener at 0.0.0.0/35411] WARN  impl.MetricsConfig (MetricsConfig.java:loadFirst(134)) - Cannot locate configuration: tried hadoop-metrics2-storagecontainermanager.properties,hadoop-metrics2.properties
2021-01-11 13:39:27,168 [Listener at 0.0.0.0/35411] INFO  impl.MetricsSystemImpl (MetricsSystemImpl.java:startTimer(374)) - Scheduled Metric snapshot period at 10 second(s).
2021-01-11 13:39:27,168 [Listener at 0.0.0.0/35411] INFO  impl.MetricsSystemImpl (MetricsSystemImpl.java:start(191)) - StorageContainerManager metrics system started
2021-01-11 13:39:27,185 [Listener at 0.0.0.0/35411] WARN  impl.MetricsSystemImpl (MetricsSystemImpl.java:register(276)) - Sink prometheus already exists!
2021-01-11 13:39:27,210 [Listener at 0.0.0.0/35411] INFO  server.SCMClientProtocolServer (SCMClientProtocolServer.java:start(159)) - RPC server for Client  is listening at /0.0.0.0:35411
2021-01-11 13:39:27,210 [IPC Server Responder] INFO  ipc.Server (Server.java:run(1460)) - IPC Server Responder: starting
2021-01-11 13:39:27,210 [IPC Server listener on 35411] INFO  ipc.Server (Server.java:run(1298)) - IPC Server listener on 35411: starting
2021-01-11 13:39:27,218 [Listener at 0.0.0.0/35411] INFO  server.StorageContainerManager (StorageContainerManager.java:start(801)) - ScmBlockLocationProtocol RPC server is listening at /0.0.0.0:36569
2021-01-11 13:39:27,219 [Listener at 0.0.0.0/35411] INFO  server.SCMBlockProtocolServer (SCMBlockProtocolServer.java:start(150)) - RPC server for Block Protocol is listening at /0.0.0.0:36569
2021-01-11 13:39:27,219 [IPC Server Responder] INFO  ipc.Server (Server.java:run(1460)) - IPC Server Responder: starting
2021-01-11 13:39:27,219 [IPC Server listener on 36569] INFO  ipc.Server (Server.java:run(1298)) - IPC Server listener on 36569: starting
2021-01-11 13:39:27,230 [Listener at 0.0.0.0/35411] INFO  server.StorageContainerManager (StorageContainerManager.java:start(807)) - ScmDatanodeProtocl RPC server is listening at /0.0.0.0:44121
2021-01-11 13:39:27,230 [Listener at 0.0.0.0/35411] INFO  server.SCMDatanodeProtocolServer (SCMDatanodeProtocolServer.java:start(174)) - RPC server for DataNodes is listening at /0.0.0.0:44121
2021-01-11 13:39:27,230 [IPC Server Responder] INFO  ipc.Server (Server.java:run(1460)) - IPC Server Responder: starting
2021-01-11 13:39:27,231 [IPC Server listener on 44121] INFO  ipc.Server (Server.java:run(1298)) - IPC Server listener on 44121: starting
2021-01-11 13:39:27,239 [IPC Server handler 4 on default port 44121] INFO  server.SCMDatanodeHeartbeatDispatcher (SCMDatanodeHeartbeatDispatcher.java:dispatch(96)) - SCM received heartbeat from an unregistered datanode 48977efb-d0ee-4139-b5da-00a22fa75fe3{ip: 172.17.0.2, host: baadf3146833, networkLocation: /default-rack, certSerialId: null, persistedOpState: null, persistedOpStateExpiryEpochSec: 0}. Asking datanode to re-register.
2021-01-11 13:39:27,242 [Listener at 0.0.0.0/35411] INFO  http.HttpServer2 (HttpServer2.java:bindListener(1238)) - Jetty bound to port 38883
2021-01-11 13:39:27,243 [Listener at 0.0.0.0/35411] INFO  server.Server (Server.java:doStart(375)) - jetty-9.4.34.v20201102; built: 2020-11-02T14:15:39.302Z; git: e46af88704a893fc12cb0e3bf46e2c7b48a009e7; jvm 1.8.0_232-b09
2021-01-11 13:39:27,244 [Listener at 0.0.0.0/35411] INFO  server.session (DefaultSessionIdManager.java:doStart(334)) - DefaultSessionIdManager workerName=node0
2021-01-11 13:39:27,244 [Listener at 0.0.0.0/35411] INFO  server.session (DefaultSessionIdManager.java:doStart(339)) - No SessionScavenger set, using defaults
2021-01-11 13:39:27,244 [Listener at 0.0.0.0/35411] INFO  server.session (HouseKeeper.java:startScavenging(132)) - node0 Scavenging every 660000ms
2021-01-11 13:39:27,245 [Listener at 0.0.0.0/35411] INFO  handler.ContextHandler (ContextHandler.java:doStart(916)) - Started o.e.j.s.ServletContextHandler@785ba20d{logs,/logs,file:///github/workspace/mnt/ozone/hadoop-ozone/integration-test/target/log,AVAILABLE}
2021-01-11 13:39:27,245 [Listener at 0.0.0.0/35411] INFO  handler.ContextHandler (ContextHandler.java:doStart(916)) - Started o.e.j.s.ServletContextHandler@1a262e93{static,/static,file:///github/workspace/mnt/ozone/hadoop-ozone/integration-test/target/test-classes/webapps/static,AVAILABLE}
2021-01-11 13:39:27,251 [Listener at 0.0.0.0/35411] INFO  handler.ContextHandler (ContextHandler.java:doStart(916)) - Started o.e.j.w.WebAppContext@bcde468{scm,/,file:///github/workspace/mnt/ozone/hadoop-ozone/integration-test/target/test-classes/webapps/scm/,AVAILABLE}{file:/github/workspace/mnt/ozone/hadoop-ozone/integration-test/target/test-classes/webapps/scm}
2021-01-11 13:39:27,252 [Listener at 0.0.0.0/35411] INFO  server.AbstractConnector (AbstractConnector.java:doStart(331)) - Started ServerConnector@1979d616{HTTP/1.1, (http/1.1)}{0.0.0.0:38883}
2021-01-11 13:39:27,252 [Listener at 0.0.0.0/35411] INFO  server.Server (Server.java:doStart(415)) - Started @19769ms
2021-01-11 13:39:27,252 [Listener at 0.0.0.0/35411] WARN  impl.MetricsSystemImpl (MetricsSystemImpl.java:register(276)) - Sink prometheus already exists!
2021-01-11 13:39:27,258 [Listener at 0.0.0.0/35411] INFO  http.BaseHttpServer (BaseHttpServer.java:updateConnectorAddress(327)) - HTTP server of scm listening at http://0.0.0.0:38883
2021-01-11 13:39:27,259 [Listener at 0.0.0.0/35411] INFO  ozone.MiniOzoneClusterImpl (MiniOzoneClusterImpl.java:lambda$waitForClusterToBeReady$0(179)) - Waiting for nodes to be ready. Got 0 of 4 DN Heartbeats.
2021-01-11 13:39:27,259 [Listener at 0.0.0.0/35411] INFO  ozone.MiniOzoneClusterImpl (MiniOzoneClusterImpl.java:lambda$waitForClusterToBeReady$0(182)) - Waiting for cluster to exit safe mode
2021-01-11 13:39:27,259 [org.apache.hadoop.util.JvmPauseMonitor$Monitor@7cfb255] INFO  util.JvmPauseMonitor (JvmPauseMonitor.java:run(188)) - Starting JVM pause monitor
2021-01-11 13:39:27,300 [IPC Server handler 1 on default port 44121] INFO  server.SCMDatanodeHeartbeatDispatcher (SCMDatanodeHeartbeatDispatcher.java:dispatch(96)) - SCM received heartbeat from an unregistered datanode d78992b3-602b-478e-9e7d-48696c788850{ip: 172.17.0.2, host: baadf3146833, networkLocation: /default-rack, certSerialId: null, persistedOpState: null, persistedOpStateExpiryEpochSec: 0}. Asking datanode to re-register.
2021-01-11 13:39:27,368 [IPC Server handler 2 on default port 44121] INFO  server.SCMDatanodeHeartbeatDispatcher (SCMDatanodeHeartbeatDispatcher.java:dispatch(96)) - SCM received heartbeat from an unregistered datanode 3a92afea-e9db-48b3-aba3-1f3ecfd1b353{ip: 172.17.0.2, host: baadf3146833, networkLocation: /default-rack, certSerialId: null, persistedOpState: null, persistedOpStateExpiryEpochSec: 0}. Asking datanode to re-register.
2021-01-11 13:39:27,833 [IPC Server handler 4 on default port 44121] INFO  server.SCMDatanodeHeartbeatDispatcher (SCMDatanodeHeartbeatDispatcher.java:dispatch(96)) - SCM received heartbeat from an unregistered datanode b04214a4-18bc-401b-ac78-706e463fcaca{ip: 172.17.0.2, host: baadf3146833, networkLocation: /default-rack, certSerialId: null, persistedOpState: null, persistedOpStateExpiryEpochSec: 0}. Asking datanode to re-register.
2021-01-11 13:39:28,191 [IPC Server handler 3 on default port 44121] INFO  net.NetworkTopologyImpl (NetworkTopologyImpl.java:add(111)) - Added a new node: /default-rack/48977efb-d0ee-4139-b5da-00a22fa75fe3
2021-01-11 13:39:28,192 [IPC Server handler 3 on default port 44121] INFO  node.SCMNodeManager (SCMNodeManager.java:register(341)) - Registered Data node : 48977efb-d0ee-4139-b5da-00a22fa75fe3{ip: 172.17.0.2, host: baadf3146833, networkLocation: /default-rack, certSerialId: null, persistedOpState: IN_SERVICE, persistedOpStateExpiryEpochSec: 0}
2021-01-11 13:39:28,194 [EventQueue-NodeRegistrationContainerReportForContainerSafeModeRule] INFO  safemode.SCMSafeModeManager (SCMSafeModeManager.java:validateSafeModeExitRules(214)) - ContainerSafeModeRule rule is successfully validated
2021-01-11 13:39:28,195 [EventQueue-NodeRegistrationContainerReportForDataNodeSafeModeRule] INFO  safemode.SCMSafeModeManager (DataNodeSafeModeRule.java:process(71)) - SCM in safe mode. 1 DataNodes registered, 1 required.
2021-01-11 13:39:28,202 [EventQueue-NodeRegistrationContainerReportForDataNodeSafeModeRule] INFO  safemode.SCMSafeModeManager (SCMSafeModeManager.java:validateSafeModeExitRules(214)) - DataNodeSafeModeRule rule is successfully validated
2021-01-11 13:39:28,203 [EventQueue-NodeRegistrationContainerReportForDataNodeSafeModeRule] INFO  safemode.SCMSafeModeManager (SCMSafeModeManager.java:completePreCheck(242)) - All SCM safe mode pre check rules have passed
2021-01-11 13:39:28,203 [EventQueue-PipelineReportForOneReplicaPipelineSafeModeRule] INFO  safemode.SCMSafeModeManager (OneReplicaPipelineSafeModeRule.java:process(128)) - SCM in safe mode. Pipelines with at least one datanode reported count is 0, required at least one datanode reported per pipeline count is 2
2021-01-11 13:39:28,205 [EventQueue-OpenPipelineForHealthyPipelineSafeModeRule] INFO  safemode.SCMSafeModeManager (HealthyPipelineSafeModeRule.java:process(128)) - SCM in safe mode. Healthy pipelines reported count is 0, required healthy pipeline reported count is 1
2021-01-11 13:39:28,259 [Listener at 0.0.0.0/35411] INFO  ozone.MiniOzoneClusterImpl (MiniOzoneClusterImpl.java:lambda$waitForClusterToBeReady$0(179)) - Waiting for nodes to be ready. Got 1 of 4 DN Heartbeats.
2021-01-11 13:39:28,259 [Listener at 0.0.0.0/35411] INFO  ozone.MiniOzoneClusterImpl (MiniOzoneClusterImpl.java:lambda$waitForClusterToBeReady$0(182)) - Waiting for cluster to exit safe mode
2021-01-11 13:39:28,300 [IPC Server handler 1 on default port 44121] INFO  net.NetworkTopologyImpl (NetworkTopologyImpl.java:add(111)) - Added a new node: /default-rack/d78992b3-602b-478e-9e7d-48696c788850
2021-01-11 13:39:28,301 [IPC Server handler 1 on default port 44121] INFO  node.SCMNodeManager (SCMNodeManager.java:register(341)) - Registered Data node : d78992b3-602b-478e-9e7d-48696c788850{ip: 172.17.0.2, host: baadf3146833, networkLocation: /default-rack, certSerialId: null, persistedOpState: IN_SERVICE, persistedOpStateExpiryEpochSec: 0}
2021-01-11 13:39:28,301 [EventQueue-NodeRegistrationContainerReportForContainerSafeModeRule] INFO  safemode.SCMSafeModeManager (SCMSafeModeManager.java:validateSafeModeExitRules(214)) - ContainerSafeModeRule rule is successfully validated
2021-01-11 13:39:28,301 [EventQueue-NodeRegistrationContainerReportForDataNodeSafeModeRule] INFO  safemode.SCMSafeModeManager (SCMSafeModeManager.java:validateSafeModeExitRules(214)) - DataNodeSafeModeRule rule is successfully validated
2021-01-11 13:39:28,303 [EventQueue-PipelineReportForOneReplicaPipelineSafeModeRule] INFO  safemode.SCMSafeModeManager (OneReplicaPipelineSafeModeRule.java:process(128)) - SCM in safe mode. Pipelines with at least one datanode reported count is 2, required at least one datanode reported per pipeline count is 2
2021-01-11 13:39:28,303 [EventQueue-PipelineReportForOneReplicaPipelineSafeModeRule] INFO  safemode.SCMSafeModeManager (SCMSafeModeManager.java:validateSafeModeExitRules(214)) - AtleastOneDatanodeReportedRule rule is successfully validated
2021-01-11 13:39:28,303 [EventQueue-OpenPipelineForHealthyPipelineSafeModeRule] INFO  safemode.SCMSafeModeManager (HealthyPipelineSafeModeRule.java:process(128)) - SCM in safe mode. Healthy pipelines reported count is 0, required healthy pipeline reported count is 1
2021-01-11 13:39:28,370 [IPC Server handler 2 on default port 44121] INFO  net.NetworkTopologyImpl (NetworkTopologyImpl.java:add(111)) - Added a new node: /default-rack/3a92afea-e9db-48b3-aba3-1f3ecfd1b353
2021-01-11 13:39:28,370 [IPC Server handler 2 on default port 44121] INFO  node.SCMNodeManager (SCMNodeManager.java:register(341)) - Registered Data node : 3a92afea-e9db-48b3-aba3-1f3ecfd1b353{ip: 172.17.0.2, host: baadf3146833, networkLocation: /default-rack, certSerialId: null, persistedOpState: IN_SERVICE, persistedOpStateExpiryEpochSec: 0}
2021-01-11 13:39:28,371 [EventQueue-NodeRegistrationContainerReportForContainerSafeModeRule] INFO  safemode.SCMSafeModeManager (SCMSafeModeManager.java:validateSafeModeExitRules(214)) - ContainerSafeModeRule rule is successfully validated
2021-01-11 13:39:28,371 [EventQueue-NodeRegistrationContainerReportForDataNodeSafeModeRule] INFO  safemode.SCMSafeModeManager (SCMSafeModeManager.java:validateSafeModeExitRules(214)) - DataNodeSafeModeRule rule is successfully validated
2021-01-11 13:39:28,371 [EventQueue-PipelineReportForOneReplicaPipelineSafeModeRule] INFO  safemode.SCMSafeModeManager (SCMSafeModeManager.java:validateSafeModeExitRules(214)) - AtleastOneDatanodeReportedRule rule is successfully validated
2021-01-11 13:39:28,372 [EventQueue-OpenPipelineForHealthyPipelineSafeModeRule] INFO  safemode.SCMSafeModeManager (HealthyPipelineSafeModeRule.java:process(128)) - SCM in safe mode. Healthy pipelines reported count is 0, required healthy pipeline reported count is 1
2021-01-11 13:39:28,833 [IPC Server handler 4 on default port 44121] INFO  net.NetworkTopologyImpl (NetworkTopologyImpl.java:add(111)) - Added a new node: /default-rack/b04214a4-18bc-401b-ac78-706e463fcaca
2021-01-11 13:39:28,833 [IPC Server handler 4 on default port 44121] INFO  node.SCMNodeManager (SCMNodeManager.java:register(341)) - Registered Data node : b04214a4-18bc-401b-ac78-706e463fcaca{ip: 172.17.0.2, host: baadf3146833, networkLocation: /default-rack, certSerialId: null, persistedOpState: IN_SERVICE, persistedOpStateExpiryEpochSec: 0}
2021-01-11 13:39:28,834 [EventQueue-NodeRegistrationContainerReportForContainerSafeModeRule] INFO  safemode.SCMSafeModeManager (SCMSafeModeManager.java:validateSafeModeExitRules(214)) - ContainerSafeModeRule rule is successfully validated
2021-01-11 13:39:28,834 [EventQueue-NodeRegistrationContainerReportForDataNodeSafeModeRule] INFO  safemode.SCMSafeModeManager (SCMSafeModeManager.java:validateSafeModeExitRules(214)) - DataNodeSafeModeRule rule is successfully validated
2021-01-11 13:39:28,834 [EventQueue-PipelineReportForOneReplicaPipelineSafeModeRule] INFO  safemode.SCMSafeModeManager (SCMSafeModeManager.java:validateSafeModeExitRules(214)) - AtleastOneDatanodeReportedRule rule is successfully validated
2021-01-11 13:39:28,835 [EventQueue-OpenPipelineForHealthyPipelineSafeModeRule] INFO  safemode.SCMSafeModeManager (HealthyPipelineSafeModeRule.java:process(128)) - SCM in safe mode. Healthy pipelines reported count is 1, required healthy pipeline reported count is 1
2021-01-11 13:39:28,835 [EventQueue-OpenPipelineForHealthyPipelineSafeModeRule] INFO  safemode.SCMSafeModeManager (SCMSafeModeManager.java:validateSafeModeExitRules(214)) - HealthyPipelineSafeModeRule rule is successfully validated
2021-01-11 13:39:28,835 [EventQueue-OpenPipelineForHealthyPipelineSafeModeRule] INFO  safemode.SCMSafeModeManager (SCMSafeModeManager.java:validateSafeModeExitRules(228)) - ScmSafeModeManager, all rules are successfully validated
2021-01-11 13:39:28,835 [EventQueue-OpenPipelineForHealthyPipelineSafeModeRule] INFO  safemode.SCMSafeModeManager (SCMSafeModeManager.java:exitSafeMode(257)) - SCM exiting safe mode.
2021-01-11 13:39:28,842 [Thread-243] WARN  events.EventQueue (EventQueue.java:fireEvent(150)) - Processing of TypedEvent{payloadType=SafeModeStatus, name='Delayed safe mode status'} is skipped, EventQueue is not running
2021-01-11 13:39:29,260 [Listener at 0.0.0.0/35411] INFO  ozone.MiniOzoneClusterImpl (MiniOzoneClusterImpl.java:lambda$waitForClusterToBeReady$0(179)) - Nodes are ready. Got 4 of 4 DN Heartbeats.
2021-01-11 13:39:29,260 [Listener at 0.0.0.0/35411] INFO  ozone.MiniOzoneClusterImpl (MiniOzoneClusterImpl.java:lambda$waitForClusterToBeReady$0(182)) - Cluster exits safe mode
]]></system-out>
  </testcase>
</testsuite>