<?xml version="1.0" encoding="UTF-8"?>
<testsuite xmlns:xsi="http://www.w3.org/2001/XMLSchema-instance" xsi:noNamespaceSchemaLocation="https://maven.apache.org/surefire/maven-surefire-plugin/xsd/surefire-test-report-3.0.xsd" version="3.0" name="org.apache.hadoop.ozone.client.rpc.TestOzoneAtRestEncryption" time="65.632" tests="22" errors="1" skipped="0" failures="0">
  <properties>
    <property name="awt.toolkit" value="sun.awt.X11.XToolkit"/>
    <property name="log4j.configuration" value="kms-log4j.properties"/>
    <property name="java.specification.version" value="1.8"/>
    <property name="file.encoding.pkg" value="sun.io"/>
    <property name="sun.cpu.isalist" value=""/>
    <property name="sun.jnu.encoding" value="UTF-8"/>
    <property name="java.class.path" value="/home/runner/work/ozone/ozone/hadoop-ozone/integration-test/target/test-classes:/home/runner/work/ozone/ozone/hadoop-ozone/integration-test/target/classes:/home/runner/.m2/repository/org/apache/ozone/ozone-common/1.4.0-SNAPSHOT/ozone-common-1.4.0-SNAPSHOT.jar:/home/runner/.m2/repository/io/grpc/grpc-netty/1.51.1/grpc-netty-1.51.1.jar:/home/runner/.m2/repository/io/grpc/grpc-core/1.51.1/grpc-core-1.51.1.jar:/home/runner/.m2/repository/com/google/android/annotations/4.1.1.4/annotations-4.1.1.4.jar:/home/runner/.m2/repository/org/codehaus/mojo/animal-sniffer-annotations/1.21/animal-sniffer-annotations-1.21.jar:/home/runner/.m2/repository/com/google/errorprone/error_prone_annotations/2.2.0/error_prone_annotations-2.2.0.jar:/home/runner/.m2/repository/io/perfmark/perfmark-api/0.25.0/perfmark-api-0.25.0.jar:/home/runner/.m2/repository/io/netty/netty-codec-http2/4.1.86.Final/netty-codec-http2-4.1.86.Final.jar:/home/runner/.m2/repository/io/netty/netty-common/4.1.86.Final/netty-common-4.1.86.Final.jar:/home/runner/.m2/repository/io/netty/netty-buffer/4.1.86.Final/netty-buffer-4.1.86.Final.jar:/home/runner/.m2/repository/io/netty/netty-codec-http/4.1.86.Final/netty-codec-http-4.1.86.Final.jar:/home/runner/.m2/repository/io/netty/netty-handler-proxy/4.1.86.Final/netty-handler-proxy-4.1.86.Final.jar:/home/runner/.m2/repository/io/netty/netty-codec-socks/4.1.86.Final/netty-codec-socks-4.1.86.Final.jar:/home/runner/.m2/repository/io/netty/netty-tcnative-boringssl-static/2.0.54.Final/netty-tcnative-boringssl-static-2.0.54.Final.jar:/home/runner/.m2/repository/io/netty/netty-tcnative-classes/2.0.54.Final/netty-tcnative-classes-2.0.54.Final.jar:/home/runner/.m2/repository/io/netty/netty-tcnative-boringssl-static/2.0.54.Final/netty-tcnative-boringssl-static-2.0.54.Final-linux-x86_64.jar:/home/runner/.m2/repository/io/netty/netty-tcnative-boringssl-static/2.0.54.Final/netty-tcnative-boringssl-static-2.0.54.Final-linux-aarch_64.jar:/home/runner/.m2/repository/io/netty/netty-tcnative-boringssl-static/2.0.54.Final/netty-tcnative-boringssl-static-2.0.54.Final-osx-x86_64.jar:/home/runner/.m2/repository/io/netty/netty-tcnative-boringssl-static/2.0.54.Final/netty-tcnative-boringssl-static-2.0.54.Final-osx-aarch_64.jar:/home/runner/.m2/repository/io/netty/netty-tcnative-boringssl-static/2.0.54.Final/netty-tcnative-boringssl-static-2.0.54.Final-windows-x86_64.jar:/home/runner/.m2/repository/org/apache/commons/commons-compress/1.21/commons-compress-1.21.jar:/home/runner/.m2/repository/org/apache/ozone/hdds-common/1.4.0-SNAPSHOT/hdds-common-1.4.0-SNAPSHOT.jar:/home/runner/.m2/repository/org/apache/ozone/hdds-client/1.4.0-SNAPSHOT/hdds-client-1.4.0-SNAPSHOT.jar:/home/runner/.m2/repository/org/apache/ozone/ozone-interface-client/1.4.0-SNAPSHOT/ozone-interface-client-1.4.0-SNAPSHOT.jar:/home/runner/.m2/repository/org/apache/hadoop/hadoop-hdfs-client/3.3.5/hadoop-hdfs-client-3.3.5.jar:/home/runner/.m2/repository/com/squareup/okhttp3/okhttp/4.9.3/okhttp-4.9.3.jar:/home/runner/.m2/repository/com/squareup/okio/okio/2.8.0/okio-2.8.0.jar:/home/runner/.m2/repository/org/jetbrains/kotlin/kotlin-stdlib-common/1.6.21/kotlin-stdlib-common-1.6.21.jar:/home/runner/.m2/repository/org/apache/ozone/hdds-test-utils/1.4.0-SNAPSHOT/hdds-test-utils-1.4.0-SNAPSHOT.jar:/home/runner/.m2/repository/com/google/guava/guava/32.0.0-jre/guava-32.0.0-jre.jar:/home/runner/.m2/repository/com/google/guava/failureaccess/1.0.1/failureaccess-1.0.1.jar:/home/runner/.m2/repository/com/google/guava/listenablefuture/9999.0-empty-to-avoid-conflict-with-guava/listenablefuture-9999.0-empty-to-avoid-conflict-with-guava.jar:/home/runner/.m2/repository/com/google/code/findbugs/jsr305/3.0.0/jsr305-3.0.0.jar:/home/runner/.m2/repository/org/checkerframework/checker-qual/3.33.0/checker-qual-3.33.0.jar:/home/runner/.m2/repository/com/google/j2objc/j2objc-annotations/2.8/j2objc-annotations-2.8.jar:/home/runner/.m2/repository/commons-io/commons-io/2.11.0/commons-io-2.11.0.jar:/home/runner/.m2/repository/commons-logging/commons-logging/1.2/commons-logging-1.2.jar:/home/runner/.m2/repository/ch/qos/reload4j/reload4j/1.2.22/reload4j-1.2.22.jar:/home/runner/.m2/repository/org/slf4j/slf4j-api/1.7.36/slf4j-api-1.7.36.jar:/home/runner/.m2/repository/org/apache/ozone/hdds-server-scm/1.4.0-SNAPSHOT/hdds-server-scm-1.4.0-SNAPSHOT.jar:/home/runner/.m2/repository/org/apache/ozone/hdds-container-service/1.4.0-SNAPSHOT/hdds-container-service-1.4.0-SNAPSHOT.jar:/home/runner/.m2/repository/org/apache/ozone/hdds-hadoop-dependency-server/1.4.0-SNAPSHOT/hdds-hadoop-dependency-server-1.4.0-SNAPSHOT.jar:/home/runner/.m2/repository/org/apache/hadoop/hadoop-hdfs/3.3.5/hadoop-hdfs-3.3.5.jar:/home/runner/.m2/repository/commons-daemon/commons-daemon/1.0.13/commons-daemon-1.0.13.jar:/home/runner/.m2/repository/org/apache/ozone/hdds-server-framework/1.4.0-SNAPSHOT/hdds-server-framework-1.4.0-SNAPSHOT.jar:/home/runner/.m2/repository/io/dropwizard/metrics/metrics-core/3.2.4/metrics-core-3.2.4.jar:/home/runner/.m2/repository/org/apache/commons/commons-text/1.10.0/commons-text-1.10.0.jar:/home/runner/.m2/repository/org/bouncycastle/bcprov-jdk15on/1.67/bcprov-jdk15on-1.67.jar:/home/runner/.m2/repository/com/google/protobuf/protobuf-java/2.5.0/protobuf-java-2.5.0.jar:/home/runner/.m2/repository/org/apache/ozone/hdds-server-framework/1.4.0-SNAPSHOT/hdds-server-framework-1.4.0-SNAPSHOT-tests.jar:/home/runner/.m2/repository/org/apache/ozone/hdds-interface-server/1.4.0-SNAPSHOT/hdds-interface-server-1.4.0-SNAPSHOT.jar:/home/runner/.m2/repository/org/apache/ozone/hdds-interface-admin/1.4.0-SNAPSHOT/hdds-interface-admin-1.4.0-SNAPSHOT.jar:/home/runner/.m2/repository/org/apache/ozone/hdds-managed-rocksdb/1.4.0-SNAPSHOT/hdds-managed-rocksdb-1.4.0-SNAPSHOT.jar:/home/runner/.m2/repository/org/rocksdb/rocksdbjni/7.7.3/rocksdbjni-7.7.3.jar:/home/runner/.m2/repository/org/slf4j/slf4j-reload4j/1.7.36/slf4j-reload4j-1.7.36.jar:/home/runner/.m2/repository/org/apache/commons/commons-configuration2/2.1.1/commons-configuration2-2.1.1.jar:/home/runner/.m2/repository/commons-fileupload/commons-fileupload/1.5/commons-fileupload-1.5.jar:/home/runner/.m2/repository/org/apache/logging/log4j/log4j-core/2.17.1/log4j-core-2.17.1.jar:/home/runner/.m2/repository/com/lmax/disruptor/3.4.2/disruptor-3.4.2.jar:/home/runner/.m2/repository/org/eclipse/jetty/jetty-util/9.4.51.v20230217/jetty-util-9.4.51.v20230217.jar:/home/runner/.m2/repository/org/eclipse/jetty/jetty-server/9.4.51.v20230217/jetty-server-9.4.51.v20230217.jar:/home/runner/.m2/repository/org/eclipse/jetty/jetty-http/9.4.51.v20230217/jetty-http-9.4.51.v20230217.jar:/home/runner/.m2/repository/org/eclipse/jetty/jetty-io/9.4.51.v20230217/jetty-io-9.4.51.v20230217.jar:/home/runner/.m2/repository/org/eclipse/jetty/jetty-servlet/9.4.51.v20230217/jetty-servlet-9.4.51.v20230217.jar:/home/runner/.m2/repository/org/eclipse/jetty/jetty-security/9.4.51.v20230217/jetty-security-9.4.51.v20230217.jar:/home/runner/.m2/repository/org/eclipse/jetty/jetty-util-ajax/9.4.51.v20230217/jetty-util-ajax-9.4.51.v20230217.jar:/home/runner/.m2/repository/org/eclipse/jetty/jetty-webapp/9.4.51.v20230217/jetty-webapp-9.4.51.v20230217.jar:/home/runner/.m2/repository/org/eclipse/jetty/jetty-xml/9.4.51.v20230217/jetty-xml-9.4.51.v20230217.jar:/home/runner/.m2/repository/org/apache/ratis/ratis-server/2.5.1/ratis-server-2.5.1.jar:/home/runner/.m2/repository/org/apache/ratis/ratis-thirdparty-misc/1.0.4/ratis-thirdparty-misc-1.0.4.jar:/home/runner/.m2/repository/org/apache/ratis/ratis-proto/2.5.1/ratis-proto-2.5.1.jar:/home/runner/.m2/repository/org/apache/ratis/ratis-common/2.5.1/ratis-common-2.5.1.jar:/home/runner/.m2/repository/org/apache/ratis/ratis-client/2.5.1/ratis-client-2.5.1.jar:/home/runner/.m2/repository/org/apache/ratis/ratis-server-api/2.5.1/ratis-server-api-2.5.1.jar:/home/runner/.m2/repository/org/apache/ratis/ratis-metrics/2.5.1/ratis-metrics-2.5.1.jar:/home/runner/.m2/repository/io/prometheus/simpleclient_dropwizard/0.7.0/simpleclient_dropwizard-0.7.0.jar:/home/runner/.m2/repository/io/prometheus/simpleclient/0.7.0/simpleclient-0.7.0.jar:/home/runner/.m2/repository/io/prometheus/simpleclient_common/0.7.0/simpleclient_common-0.7.0.jar:/home/runner/.m2/repository/com/fasterxml/jackson/datatype/jackson-datatype-jsr310/2.13.4/jackson-datatype-jsr310-2.13.4.jar:/home/runner/.m2/repository/com/fasterxml/jackson/core/jackson-core/2.13.4/jackson-core-2.13.4.jar:/home/runner/.m2/repository/com/github/spotbugs/spotbugs-annotations/3.1.12/spotbugs-annotations-3.1.12.jar:/home/runner/.m2/repository/org/apache/ozone/rocksdb-checkpoint-differ/1.4.0-SNAPSHOT/rocksdb-checkpoint-differ-1.4.0-SNAPSHOT.jar:/home/runner/.m2/repository/org/awaitility/awaitility/4.2.0/awaitility-4.2.0.jar:/home/runner/.m2/repository/org/hamcrest/hamcrest/2.1/hamcrest-2.1.jar:/home/runner/.m2/repository/org/apache/ozone/ozone-manager/1.4.0-SNAPSHOT/ozone-manager-1.4.0-SNAPSHOT.jar:/home/runner/.m2/repository/org/aspectj/aspectjrt/1.9.7/aspectjrt-1.9.7.jar:/home/runner/.m2/repository/org/aspectj/aspectjweaver/1.9.7/aspectjweaver-1.9.7.jar:/home/runner/.m2/repository/org/apache/ozone/hdds-interface-client/1.4.0-SNAPSHOT/hdds-interface-client-1.4.0-SNAPSHOT.jar:/home/runner/.m2/repository/org/apache/hadoop/thirdparty/hadoop-shaded-protobuf_3_7/1.1.1/hadoop-shaded-protobuf_3_7-1.1.1.jar:/home/runner/.m2/repository/org/apache/ozone/ozone-interface-storage/1.4.0-SNAPSHOT/ozone-interface-storage-1.4.0-SNAPSHOT.jar:/home/runner/.m2/repository/org/reflections/reflections/0.9.11/reflections-0.9.11.jar:/home/runner/.m2/repository/com/sun/jersey/jersey-client/1.19/jersey-client-1.19.jar:/home/runner/.m2/repository/org/codehaus/jackson/jackson-core-asl/1.9.13/jackson-core-asl-1.9.13.jar:/home/runner/.m2/repository/org/codehaus/jackson/jackson-mapper-asl/1.9.13/jackson-mapper-asl-1.9.13.jar:/home/runner/.m2/repository/org/codehaus/jackson/jackson-jaxrs/1.9.13/jackson-jaxrs-1.9.13.jar:/home/runner/.m2/repository/org/apache/ranger/ranger-intg/2.3.0/ranger-intg-2.3.0.jar:/home/runner/.m2/repository/org/apache/ranger/ranger-plugins-common/2.3.0/ranger-plugins-common-2.3.0.jar:/home/runner/.m2/repository/commons-lang/commons-lang/2.6/commons-lang-2.6.jar:/home/runner/.m2/repository/org/apache/ranger/ranger-plugins-cred/2.3.0/ranger-plugins-cred-2.3.0.jar:/home/runner/.m2/repository/org/apache/ranger/ranger-plugins-audit/2.3.0/ranger-plugins-audit-2.3.0.jar:/home/runner/.m2/repository/org/eclipse/jetty/jetty-client/9.4.51.v20230217/jetty-client-9.4.51.v20230217.jar:/home/runner/.m2/repository/org/apache/httpcomponents/httpmime/4.5.6/httpmime-4.5.6.jar:/home/runner/.m2/repository/org/apache/httpcomponents/httpcore-nio/4.4.13/httpcore-nio-4.4.13.jar:/home/runner/.m2/repository/org/apache/httpcomponents/httpasyncclient/4.1.3/httpasyncclient-4.1.3.jar:/home/runner/.m2/repository/com/carrotsearch/hppc/0.8.0/hppc-0.8.0.jar:/home/runner/.m2/repository/org/apache/orc/orc-core/1.5.8/orc-core-1.5.8.jar:/home/runner/.m2/repository/net/java/dev/jna/jna/5.2.0/jna-5.2.0.jar:/home/runner/.m2/repository/net/java/dev/jna/jna-platform/5.2.0/jna-platform-5.2.0.jar:/home/runner/.m2/repository/com/kstruct/gethostname4j/0.0.2/gethostname4j-0.0.2.jar:/home/runner/.m2/repository/org/apache/ranger/ranger-plugin-classloader/2.3.0/ranger-plugin-classloader-2.3.0.jar:/home/runner/.m2/repository/org/apache/ozone/hdds-rocks-native/1.4.0-SNAPSHOT/hdds-rocks-native-1.4.0-SNAPSHOT.jar:/home/runner/.m2/repository/org/apache/hadoop/hadoop-minikdc/3.3.5/hadoop-minikdc-3.3.5.jar:/home/runner/.m2/repository/org/apache/kerby/kerb-simplekdc/1.0.1/kerb-simplekdc-1.0.1.jar:/home/runner/.m2/repository/org/apache/kerby/kerb-client/1.0.1/kerb-client-1.0.1.jar:/home/runner/.m2/repository/org/apache/kerby/kerby-config/1.0.1/kerby-config-1.0.1.jar:/home/runner/.m2/repository/org/apache/kerby/kerb-common/1.0.1/kerb-common-1.0.1.jar:/home/runner/.m2/repository/org/apache/kerby/kerb-crypto/1.0.1/kerb-crypto-1.0.1.jar:/home/runner/.m2/repository/org/apache/kerby/kerb-util/1.0.1/kerb-util-1.0.1.jar:/home/runner/.m2/repository/org/apache/kerby/token-provider/1.0.1/token-provider-1.0.1.jar:/home/runner/.m2/repository/org/apache/kerby/kerb-admin/1.0.1/kerb-admin-1.0.1.jar:/home/runner/.m2/repository/org/apache/kerby/kerb-server/1.0.1/kerb-server-1.0.1.jar:/home/runner/.m2/repository/org/apache/kerby/kerb-identity/1.0.1/kerb-identity-1.0.1.jar:/home/runner/.m2/repository/org/apache/kerby/kerby-xdr/1.0.1/kerby-xdr-1.0.1.jar:/home/runner/.m2/repository/org/apache/ozone/ozone-s3gateway/1.4.0-SNAPSHOT/ozone-s3gateway-1.4.0-SNAPSHOT.jar:/home/runner/.m2/repository/org/javassist/javassist/3.21.0-GA/javassist-3.21.0-GA.jar:/home/runner/.m2/repository/org/jboss/weld/servlet/weld-servlet-shaded/3.1.9.Final/weld-servlet-shaded-3.1.9.Final.jar:/home/runner/.m2/repository/org/glassfish/jersey/containers/jersey-container-servlet-core/2.34/jersey-container-servlet-core-2.34.jar:/home/runner/.m2/repository/org/glassfish/hk2/external/jakarta.inject/2.6.1/jakarta.inject-2.6.1.jar:/home/runner/.m2/repository/org/glassfish/jersey/core/jersey-common/2.34/jersey-common-2.34.jar:/home/runner/.m2/repository/jakarta/ws/rs/jakarta.ws.rs-api/2.1.6/jakarta.ws.rs-api-2.1.6.jar:/home/runner/.m2/repository/org/glassfish/jersey/ext/cdi/jersey-cdi1x/2.34/jersey-cdi1x-2.34.jar:/home/runner/.m2/repository/org/glassfish/jersey/inject/jersey-hk2/2.34/jersey-hk2-2.34.jar:/home/runner/.m2/repository/org/glassfish/hk2/hk2-locator/2.6.1/hk2-locator-2.6.1.jar:/home/runner/.m2/repository/org/glassfish/jersey/media/jersey-media-jaxb/2.34/jersey-media-jaxb-2.34.jar:/home/runner/.m2/repository/org/glassfish/hk2/osgi-resource-locator/1.0.3/osgi-resource-locator-1.0.3.jar:/home/runner/.m2/repository/org/glassfish/hk2/hk2-api/2.5.0/hk2-api-2.5.0.jar:/home/runner/.m2/repository/org/glassfish/hk2/hk2-utils/2.5.0/hk2-utils-2.5.0.jar:/home/runner/.m2/repository/org/glassfish/hk2/external/aopalliance-repackaged/2.5.0/aopalliance-repackaged-2.5.0.jar:/home/runner/.m2/repository/com/fasterxml/jackson/dataformat/jackson-dataformat-xml/2.13.4/jackson-dataformat-xml-2.13.4.jar:/home/runner/.m2/repository/org/codehaus/woodstox/stax2-api/4.2.1/stax2-api-4.2.1.jar:/home/runner/.m2/repository/com/fasterxml/woodstox/woodstox-core/5.4.0/woodstox-core-5.4.0.jar:/home/runner/.m2/repository/com/fasterxml/jackson/module/jackson-module-jaxb-annotations/2.13.4/jackson-module-jaxb-annotations-2.13.4.jar:/home/runner/.m2/repository/jakarta/xml/bind/jakarta.xml.bind-api/2.3.3/jakarta.xml.bind-api-2.3.3.jar:/home/runner/.m2/repository/jakarta/activation/jakarta.activation-api/1.2.2/jakarta.activation-api-1.2.2.jar:/home/runner/.m2/repository/javax/enterprise/cdi-api/2.0/cdi-api-2.0.jar:/home/runner/.m2/repository/javax/el/javax.el-api/3.0.0/javax.el-api-3.0.0.jar:/home/runner/.m2/repository/javax/interceptor/javax.interceptor-api/1.2/javax.interceptor-api-1.2.jar:/home/runner/.m2/repository/javax/inject/javax.inject/1/javax.inject-1.jar:/home/runner/.m2/repository/javax/xml/bind/jaxb-api/2.3.0/jaxb-api-2.3.0.jar:/home/runner/.m2/repository/org/glassfish/jaxb/jaxb-runtime/2.3.0.1/jaxb-runtime-2.3.0.1.jar:/home/runner/.m2/repository/org/glassfish/jaxb/jaxb-core/2.3.0.1/jaxb-core-2.3.0.1.jar:/home/runner/.m2/repository/org/glassfish/jaxb/txw2/2.3.0.1/txw2-2.3.0.1.jar:/home/runner/.m2/repository/com/sun/istack/istack-commons-runtime/3.0.5/istack-commons-runtime-3.0.5.jar:/home/runner/.m2/repository/org/jvnet/staxex/stax-ex/1.7.8/stax-ex-1.7.8.jar:/home/runner/.m2/repository/com/sun/xml/fastinfoset/FastInfoset/1.2.13/FastInfoset-1.2.13.jar:/home/runner/.m2/repository/javax/activation/activation/1.1.1/activation-1.1.1.jar:/home/runner/.m2/repository/io/grpc/grpc-protobuf/1.51.1/grpc-protobuf-1.51.1.jar:/home/runner/.m2/repository/com/google/api/grpc/proto-google-common-protos/2.9.0/proto-google-common-protos-2.9.0.jar:/home/runner/.m2/repository/io/grpc/grpc-protobuf-lite/1.51.1/grpc-protobuf-lite-1.51.1.jar:/home/runner/.m2/repository/io/grpc/grpc-stub/1.51.1/grpc-stub-1.51.1.jar:/home/runner/.m2/repository/io/netty/netty-transport/4.1.86.Final/netty-transport-4.1.86.Final.jar:/home/runner/.m2/repository/io/netty/netty-resolver/4.1.86.Final/netty-resolver-4.1.86.Final.jar:/home/runner/.m2/repository/org/apache/ozone/ozone-csi/1.4.0-SNAPSHOT/ozone-csi-1.4.0-SNAPSHOT.jar:/home/runner/.m2/repository/com/google/protobuf/protobuf-java-util/3.19.6/protobuf-java-util-3.19.6.jar:/home/runner/.m2/repository/com/google/code/gson/gson/2.9.0/gson-2.9.0.jar:/home/runner/.m2/repository/org/apache/ozone/hdds-config/1.4.0-SNAPSHOT/hdds-config-1.4.0-SNAPSHOT.jar:/home/runner/.m2/repository/io/netty/netty-transport-native-epoll/4.1.86.Final/netty-transport-native-epoll-4.1.86.Final-linux-x86_64.jar:/home/runner/.m2/repository/io/netty/netty-transport-classes-epoll/4.1.86.Final/netty-transport-classes-epoll-4.1.86.Final.jar:/home/runner/.m2/repository/io/netty/netty-transport-native-unix-common/4.1.86.Final/netty-transport-native-unix-common-4.1.86.Final.jar:/home/runner/.m2/repository/org/apache/ozone/ozone-recon/1.4.0-SNAPSHOT/ozone-recon-1.4.0-SNAPSHOT.jar:/home/runner/.m2/repository/org/apache/ozone/ozone-reconcodegen/1.4.0-SNAPSHOT/ozone-reconcodegen-1.4.0-SNAPSHOT.jar:/home/runner/.m2/repository/com/google/inject/guice/5.1.0/guice-5.1.0.jar:/home/runner/.m2/repository/aopalliance/aopalliance/1.0/aopalliance-1.0.jar:/home/runner/.m2/repository/com/google/inject/extensions/guice-assistedinject/5.1.0/guice-assistedinject-5.1.0.jar:/home/runner/.m2/repository/com/google/inject/extensions/guice-servlet/5.1.0/guice-servlet-5.1.0.jar:/home/runner/.m2/repository/org/glassfish/jersey/containers/jersey-container-servlet/2.34/jersey-container-servlet-2.34.jar:/home/runner/.m2/repository/org/glassfish/hk2/guice-bridge/2.5.0/guice-bridge-2.5.0.jar:/home/runner/.m2/repository/org/glassfish/jersey/core/jersey-server/2.34/jersey-server-2.34.jar:/home/runner/.m2/repository/org/glassfish/jersey/core/jersey-client/2.34/jersey-client-2.34.jar:/home/runner/.m2/repository/jakarta/annotation/jakarta.annotation-api/1.3.5/jakarta.annotation-api-1.3.5.jar:/home/runner/.m2/repository/jakarta/validation/jakarta.validation-api/2.0.2/jakarta.validation-api-2.0.2.jar:/home/runner/.m2/repository/org/glassfish/jersey/media/jersey-media-json-jackson/2.34/jersey-media-json-jackson-2.34.jar:/home/runner/.m2/repository/org/glassfish/jersey/ext/jersey-entity-filtering/2.34/jersey-entity-filtering-2.34.jar:/home/runner/.m2/repository/org/jooq/jooq/3.11.10/jooq-3.11.10.jar:/home/runner/.m2/repository/org/jooq/jooq-meta/3.11.10/jooq-meta-3.11.10.jar:/home/runner/.m2/repository/org/jooq/jooq-codegen/3.11.10/jooq-codegen-3.11.10.jar:/home/runner/.m2/repository/com/jolbox/bonecp/0.8.0.RELEASE/bonecp-0.8.0.RELEASE.jar:/home/runner/.m2/repository/org/apache/derby/derby/10.14.2.0/derby-10.14.2.0.jar:/home/runner/.m2/repository/org/xerial/sqlite-jdbc/3.41.2.2/sqlite-jdbc-3.41.2.2.jar:/home/runner/.m2/repository/org/springframework/spring-jdbc/5.3.27/spring-jdbc-5.3.27.jar:/home/runner/.m2/repository/org/springframework/spring-beans/5.3.27/spring-beans-5.3.27.jar:/home/runner/.m2/repository/org/springframework/spring-core/5.3.27/spring-core-5.3.27.jar:/home/runner/.m2/repository/org/springframework/spring-tx/5.3.27/spring-tx-5.3.27.jar:/home/runner/.m2/repository/org/apache/ozone/ozone-client/1.4.0-SNAPSHOT/ozone-client-1.4.0-SNAPSHOT.jar:/home/runner/.m2/repository/org/apache/ozone/hdds-erasurecode/1.4.0-SNAPSHOT/hdds-erasurecode-1.4.0-SNAPSHOT.jar:/home/runner/.m2/repository/org/apache/ozone/ozone-filesystem/1.4.0-SNAPSHOT/ozone-filesystem-1.4.0-SNAPSHOT.jar:/home/runner/.m2/repository/org/apache/ozone/ozone-filesystem-common/1.4.0-SNAPSHOT/ozone-filesystem-common-1.4.0-SNAPSHOT.jar:/home/runner/.m2/repository/org/apache/ozone/ozone-tools/1.4.0-SNAPSHOT/ozone-tools-1.4.0-SNAPSHOT.jar:/home/runner/.m2/repository/com/amazonaws/aws-java-sdk-core/1.12.261/aws-java-sdk-core-1.12.261.jar:/home/runner/.m2/repository/org/apache/httpcomponents/httpclient/4.5.13/httpclient-4.5.13.jar:/home/runner/.m2/repository/org/apache/httpcomponents/httpcore/4.4.13/httpcore-4.4.13.jar:/home/runner/.m2/repository/software/amazon/ion/ion-java/1.0.2/ion-java-1.0.2.jar:/home/runner/.m2/repository/com/fasterxml/jackson/dataformat/jackson-dataformat-cbor/2.13.4/jackson-dataformat-cbor-2.13.4.jar:/home/runner/.m2/repository/joda-time/joda-time/2.10.6/joda-time-2.10.6.jar:/home/runner/.m2/repository/com/amazonaws/aws-java-sdk-s3/1.12.261/aws-java-sdk-s3-1.12.261.jar:/home/runner/.m2/repository/com/amazonaws/aws-java-sdk-kms/1.12.261/aws-java-sdk-kms-1.12.261.jar:/home/runner/.m2/repository/com/amazonaws/jmespath-java/1.12.261/jmespath-java-1.12.261.jar:/home/runner/.m2/repository/org/kohsuke/metainf-services/metainf-services/1.8/metainf-services-1.8.jar:/home/runner/.m2/repository/org/apache/ozone/hdds-tools/1.4.0-SNAPSHOT/hdds-tools-1.4.0-SNAPSHOT.jar:/home/runner/.m2/repository/org/apache/ratis/ratis-tools/2.5.1/ratis-tools-2.5.1.jar:/home/runner/.m2/repository/commons-cli/commons-cli/1.2/commons-cli-1.2.jar:/home/runner/.m2/repository/org/apache/commons/commons-lang3/3.7/commons-lang3-3.7.jar:/home/runner/.m2/repository/org/apache/ozone/ozone-manager/1.4.0-SNAPSHOT/ozone-manager-1.4.0-SNAPSHOT-tests.jar:/home/runner/.m2/repository/org/apache/ozone/hdds-common/1.4.0-SNAPSHOT/hdds-common-1.4.0-SNAPSHOT-tests.jar:/home/runner/.m2/repository/org/apache/ozone/hdds-hadoop-dependency-client/1.4.0-SNAPSHOT/hdds-hadoop-dependency-client-1.4.0-SNAPSHOT.jar:/home/runner/.m2/repository/info/picocli/picocli/4.6.1/picocli-4.6.1.jar:/home/runner/.m2/repository/com/fasterxml/jackson/core/jackson-annotations/2.13.4/jackson-annotations-2.13.4.jar:/home/runner/.m2/repository/org/apache/ozone/hdds-annotation-processing/1.4.0-SNAPSHOT/hdds-annotation-processing-1.4.0-SNAPSHOT.jar:/home/runner/.m2/repository/javax/annotation/javax.annotation-api/1.2/javax.annotation-api-1.2.jar:/home/runner/.m2/repository/org/apache/ratis/ratis-netty/2.5.1/ratis-netty-2.5.1.jar:/home/runner/.m2/repository/org/apache/ratis/ratis-grpc/2.5.1/ratis-grpc-2.5.1.jar:/home/runner/.m2/repository/org/apache/logging/log4j/log4j-api/2.17.1/log4j-api-2.17.1.jar:/home/runner/.m2/repository/org/apache/commons/commons-pool2/2.6.0/commons-pool2-2.6.0.jar:/home/runner/.m2/repository/org/bouncycastle/bcpkix-jdk15on/1.67/bcpkix-jdk15on-1.67.jar:/home/runner/.m2/repository/commons-validator/commons-validator/1.6/commons-validator-1.6.jar:/home/runner/.m2/repository/commons-beanutils/commons-beanutils/1.9.4/commons-beanutils-1.9.4.jar:/home/runner/.m2/repository/commons-digester/commons-digester/1.8.1/commons-digester-1.8.1.jar:/home/runner/.m2/repository/commons-collections/commons-collections/3.2.2/commons-collections-3.2.2.jar:/home/runner/.m2/repository/io/jaegertracing/jaeger-client/1.6.0/jaeger-client-1.6.0.jar:/home/runner/.m2/repository/io/jaegertracing/jaeger-thrift/1.6.0/jaeger-thrift-1.6.0.jar:/home/runner/.m2/repository/org/apache/thrift/libthrift/0.14.1/libthrift-0.14.1.jar:/home/runner/.m2/repository/io/jaegertracing/jaeger-core/1.6.0/jaeger-core-1.6.0.jar:/home/runner/.m2/repository/io/jaegertracing/jaeger-tracerresolver/1.6.0/jaeger-tracerresolver-1.6.0.jar:/home/runner/.m2/repository/io/opentracing/contrib/opentracing-tracerresolver/0.1.8/opentracing-tracerresolver-0.1.8.jar:/home/runner/.m2/repository/org/jetbrains/kotlin/kotlin-stdlib/1.6.21/kotlin-stdlib-1.6.21.jar:/home/runner/.m2/repository/org/jetbrains/annotations/13.0/annotations-13.0.jar:/home/runner/.m2/repository/io/opentracing/opentracing-util/0.33.0/opentracing-util-0.33.0.jar:/home/runner/.m2/repository/io/opentracing/opentracing-api/0.33.0/opentracing-api-0.33.0.jar:/home/runner/.m2/repository/io/opentracing/opentracing-noop/0.33.0/opentracing-noop-0.33.0.jar:/home/runner/.m2/repository/org/yaml/snakeyaml/2.0/snakeyaml-2.0.jar:/home/runner/.m2/repository/io/grpc/grpc-api/1.51.1/grpc-api-1.51.1.jar:/home/runner/.m2/repository/io/grpc/grpc-context/1.51.1/grpc-context-1.51.1.jar:/home/runner/.m2/repository/junit/junit/4.13.1/junit-4.13.1.jar:/home/runner/.m2/repository/org/hamcrest/hamcrest-core/1.3/hamcrest-core-1.3.jar:/home/runner/.m2/repository/org/junit/jupiter/junit-jupiter-api/5.8.2/junit-jupiter-api-5.8.2.jar:/home/runner/.m2/repository/org/opentest4j/opentest4j/1.2.0/opentest4j-1.2.0.jar:/home/runner/.m2/repository/org/junit/platform/junit-platform-commons/1.8.2/junit-platform-commons-1.8.2.jar:/home/runner/.m2/repository/org/apiguardian/apiguardian-api/1.1.2/apiguardian-api-1.1.2.jar:/home/runner/.m2/repository/org/junit/jupiter/junit-jupiter-params/5.8.2/junit-jupiter-params-5.8.2.jar:/home/runner/.m2/repository/org/junit/jupiter/junit-jupiter-migrationsupport/5.8.2/junit-jupiter-migrationsupport-5.8.2.jar:/home/runner/.m2/repository/org/junit/jupiter/junit-jupiter-engine/5.8.2/junit-jupiter-engine-5.8.2.jar:/home/runner/.m2/repository/org/junit/platform/junit-platform-engine/1.8.2/junit-platform-engine-1.8.2.jar:/home/runner/.m2/repository/org/junit/vintage/junit-vintage-engine/5.8.2/junit-vintage-engine-5.8.2.jar:/home/runner/.m2/repository/org/junit/platform/junit-platform-launcher/1.8.2/junit-platform-launcher-1.8.2.jar:/home/runner/.m2/repository/org/mockito/mockito-core/3.5.9/mockito-core-3.5.9.jar:/home/runner/.m2/repository/net/bytebuddy/byte-buddy/1.10.13/byte-buddy-1.10.13.jar:/home/runner/.m2/repository/net/bytebuddy/byte-buddy-agent/1.10.13/byte-buddy-agent-1.10.13.jar:/home/runner/.m2/repository/org/objenesis/objenesis/1.0/objenesis-1.0.jar:/home/runner/.m2/repository/org/apache/hadoop/hadoop-kms/3.3.5/hadoop-kms-3.3.5.jar:/home/runner/.m2/repository/org/apache/hadoop/hadoop-auth/3.3.5/hadoop-auth-3.3.5.jar:/home/runner/.m2/repository/com/nimbusds/nimbus-jose-jwt/9.8.1/nimbus-jose-jwt-9.8.1.jar:/home/runner/.m2/repository/com/github/stephenc/jcip/jcip-annotations/1.0-1/jcip-annotations-1.0-1.jar:/home/runner/.m2/repository/net/minidev/json-smart/2.4.7/json-smart-2.4.7.jar:/home/runner/.m2/repository/net/minidev/accessors-smart/2.4.7/accessors-smart-2.4.7.jar:/home/runner/.m2/repository/org/ow2/asm/asm/5.0.4/asm-5.0.4.jar:/home/runner/.m2/repository/org/apache/zookeeper/zookeeper/3.5.6/zookeeper-3.5.6.jar:/home/runner/.m2/repository/org/apache/zookeeper/zookeeper-jute/3.5.6/zookeeper-jute-3.5.6.jar:/home/runner/.m2/repository/org/apache/yetus/audience-annotations/0.5.0/audience-annotations-0.5.0.jar:/home/runner/.m2/repository/org/apache/curator/curator-framework/4.2.0/curator-framework-4.2.0.jar:/home/runner/.m2/repository/org/apache/hadoop/thirdparty/hadoop-shaded-guava/1.1.1/hadoop-shaded-guava-1.1.1.jar:/home/runner/.m2/repository/com/sun/jersey/jersey-core/1.19/jersey-core-1.19.jar:/home/runner/.m2/repository/javax/ws/rs/jsr311-api/1.1.1/jsr311-api-1.1.1.jar:/home/runner/.m2/repository/com/sun/jersey/jersey-server/1.19/jersey-server-1.19.jar:/home/runner/.m2/repository/javax/servlet/javax.servlet-api/3.1.0/javax.servlet-api-3.1.0.jar:/home/runner/.m2/repository/org/apache/hadoop/hadoop-common/3.3.5/hadoop-common-3.3.5.jar:/home/runner/.m2/repository/org/apache/commons/commons-math3/3.1.1/commons-math3-3.1.1.jar:/home/runner/.m2/repository/commons-net/commons-net/3.9.0/commons-net-3.9.0.jar:/home/runner/.m2/repository/com/sun/jersey/jersey-servlet/1.19/jersey-servlet-1.19.jar:/home/runner/.m2/repository/com/github/pjfanning/jersey-json/1.20/jersey-json-1.20.jar:/home/runner/.m2/repository/org/codehaus/jettison/jettison/1.1/jettison-1.1.jar:/home/runner/.m2/repository/com/sun/xml/bind/jaxb-impl/2.2.3-1/jaxb-impl-2.2.3-1.jar:/home/runner/.m2/repository/com/google/re2j/re2j/1.1/re2j-1.1.jar:/home/runner/.m2/repository/com/jcraft/jsch/0.1.54/jsch-0.1.54.jar:/home/runner/.m2/repository/org/apache/curator/curator-client/4.2.0/curator-client-4.2.0.jar:/home/runner/.m2/repository/org/apache/curator/curator-recipes/4.2.0/curator-recipes-4.2.0.jar:/home/runner/.m2/repository/org/apache/kerby/kerb-core/1.0.1/kerb-core-1.0.1.jar:/home/runner/.m2/repository/org/apache/kerby/kerby-pkix/1.0.1/kerby-pkix-1.0.1.jar:/home/runner/.m2/repository/org/apache/kerby/kerby-asn1/1.0.1/kerby-asn1-1.0.1.jar:/home/runner/.m2/repository/org/apache/kerby/kerby-util/1.0.1/kerby-util-1.0.1.jar:/home/runner/.m2/repository/dnsjava/dnsjava/2.1.7/dnsjava-2.1.7.jar:/home/runner/.m2/repository/org/xerial/snappy/snappy-java/1.1.8.2/snappy-java-1.1.8.2.jar:/home/runner/.m2/repository/com/fasterxml/jackson/core/jackson-databind/2.13.4.2/jackson-databind-2.13.4.2.jar:/home/runner/.m2/repository/org/apache/hadoop/hadoop-kms/3.3.5/hadoop-kms-3.3.5-tests.jar:/home/runner/.m2/repository/org/apache/ozone/hdds-server-scm/1.4.0-SNAPSHOT/hdds-server-scm-1.4.0-SNAPSHOT-tests.jar:/home/runner/.m2/repository/org/apache/ozone/hdds-container-service/1.4.0-SNAPSHOT/hdds-container-service-1.4.0-SNAPSHOT-tests.jar:/home/runner/.m2/repository/com/github/luben/zstd-jni/1.5.2-5/zstd-jni-1.5.2-5.jar:/home/runner/.m2/repository/commons-codec/commons-codec/1.15/commons-codec-1.15.jar:/home/runner/.m2/repository/io/netty/netty-codec/4.1.86.Final/netty-codec-4.1.86.Final.jar:/home/runner/.m2/repository/io/netty/netty-handler/4.1.86.Final/netty-handler-4.1.86.Final.jar:/home/runner/.m2/repository/org/apache/ozone/hdds-hadoop-dependency-test/1.4.0-SNAPSHOT/hdds-hadoop-dependency-test-1.4.0-SNAPSHOT.jar:/home/runner/.m2/repository/org/apache/hadoop/hadoop-common/3.3.5/hadoop-common-3.3.5-tests.jar:/home/runner/.m2/repository/org/apache/hadoop/hadoop-hdfs/3.3.5/hadoop-hdfs-3.3.5-tests.jar:/home/runner/.m2/repository/org/assertj/assertj-core/3.12.2/assertj-core-3.12.2.jar:/home/runner/.m2/repository/org/apache/hadoop/hadoop-distcp/3.3.5/hadoop-distcp-3.3.5.jar:/home/runner/.m2/repository/org/apache/hadoop/hadoop-mapreduce-client-jobclient/3.3.5/hadoop-mapreduce-client-jobclient-3.3.5.jar:/home/runner/.m2/repository/org/apache/hadoop/hadoop-mapreduce-client-common/3.3.5/hadoop-mapreduce-client-common-3.3.5.jar:/home/runner/.m2/repository/org/apache/hadoop/hadoop-yarn-common/3.3.5/hadoop-yarn-common-3.3.5.jar:/home/runner/.m2/repository/org/apache/hadoop/hadoop-yarn-api/3.3.5/hadoop-yarn-api-3.3.5.jar:/home/runner/.m2/repository/com/sun/jersey/contribs/jersey-guice/1.19/jersey-guice-1.19.jar:/home/runner/.m2/repository/com/fasterxml/jackson/jaxrs/jackson-jaxrs-json-provider/2.13.4/jackson-jaxrs-json-provider-2.13.4.jar:/home/runner/.m2/repository/com/fasterxml/jackson/jaxrs/jackson-jaxrs-base/2.13.4/jackson-jaxrs-base-2.13.4.jar:/home/runner/.m2/repository/org/apache/hadoop/hadoop-yarn-client/3.3.5/hadoop-yarn-client-3.3.5.jar:/home/runner/.m2/repository/org/eclipse/jetty/websocket/websocket-client/9.4.48.v20220622/websocket-client-9.4.48.v20220622.jar:/home/runner/.m2/repository/org/eclipse/jetty/websocket/websocket-common/9.4.48.v20220622/websocket-common-9.4.48.v20220622.jar:/home/runner/.m2/repository/org/eclipse/jetty/websocket/websocket-api/9.4.48.v20220622/websocket-api-9.4.48.v20220622.jar:/home/runner/.m2/repository/org/jline/jline/3.9.0/jline-3.9.0.jar:/home/runner/.m2/repository/org/apache/hadoop/hadoop-mapreduce-client-core/3.3.5/hadoop-mapreduce-client-core-3.3.5.jar:/home/runner/.m2/repository/org/apache/avro/avro/1.7.7/avro-1.7.7.jar:/home/runner/.m2/repository/com/thoughtworks/paranamer/paranamer/2.3/paranamer-2.3.jar:/home/runner/.m2/repository/org/apache/hadoop/hadoop-annotations/3.3.5/hadoop-annotations-3.3.5.jar:/usr/lib/jvm/temurin-8-jdk-amd64/jre/../lib/tools.jar:/home/runner/.m2/repository/io/netty/netty/3.10.6.Final/netty-3.10.6.Final.jar:/home/runner/.m2/repository/org/apache/hadoop/hadoop-distcp/3.3.5/hadoop-distcp-3.3.5-tests.jar:/home/runner/.m2/repository/org/slf4j/jul-to-slf4j/1.7.36/jul-to-slf4j-1.7.36.jar:"/>
    <property name="java.vm.vendor" value="Temurin"/>
    <property name="sun.arch.data.model" value="64"/>
    <property name="jceks.key.serialFilter" value="java.lang.Enum;java.security.KeyRep;java.security.KeyRep$Type;javax.crypto.spec.SecretKeySpec;org.apache.hadoop.crypto.key.JavaKeyStoreProvider$KeyMetadata;!*"/>
    <property name="test.build.dir" value="/home/runner/work/ozone/ozone/hadoop-ozone/integration-test/target/test-dir"/>
    <property name="test.cache.data" value=""/>
    <property name="java.vendor.url" value="https://adoptium.net/"/>
    <property name="user.timezone" value="Etc/UTC"/>
    <property name="os.name" value="Linux"/>
    <property name="java.vm.specification.version" value="1.8"/>
    <property name="test.build.data" value="/home/runner/work/ozone/ozone/hadoop-ozone/integration-test/target/test-dir"/>
    <property name="sun.java.launcher" value="SUN_STANDARD"/>
    <property name="sun.boot.library.path" value="/usr/lib/jvm/temurin-8-jdk-amd64/jre/lib/amd64"/>
    <property name="sun.java.command" value="/home/runner/work/ozone/ozone/hadoop-ozone/integration-test/target/surefire/surefirebooter6092556794177094422.jar /home/runner/work/ozone/ozone/hadoop-ozone/integration-test/target/surefire 2023-06-23T00-22-06_886-jvmRun1 surefire6441951685157483510tmp surefire_1478760383184714517tmp"/>
    <property name="native.lib.tmp.dir" value="/tmp"/>
    <property name="surefire.test.class.path" value="/home/runner/work/ozone/ozone/hadoop-ozone/integration-test/target/test-classes:/home/runner/work/ozone/ozone/hadoop-ozone/integration-test/target/classes:/home/runner/.m2/repository/org/apache/ozone/ozone-common/1.4.0-SNAPSHOT/ozone-common-1.4.0-SNAPSHOT.jar:/home/runner/.m2/repository/io/grpc/grpc-netty/1.51.1/grpc-netty-1.51.1.jar:/home/runner/.m2/repository/io/grpc/grpc-core/1.51.1/grpc-core-1.51.1.jar:/home/runner/.m2/repository/com/google/android/annotations/4.1.1.4/annotations-4.1.1.4.jar:/home/runner/.m2/repository/org/codehaus/mojo/animal-sniffer-annotations/1.21/animal-sniffer-annotations-1.21.jar:/home/runner/.m2/repository/com/google/errorprone/error_prone_annotations/2.2.0/error_prone_annotations-2.2.0.jar:/home/runner/.m2/repository/io/perfmark/perfmark-api/0.25.0/perfmark-api-0.25.0.jar:/home/runner/.m2/repository/io/netty/netty-codec-http2/4.1.86.Final/netty-codec-http2-4.1.86.Final.jar:/home/runner/.m2/repository/io/netty/netty-common/4.1.86.Final/netty-common-4.1.86.Final.jar:/home/runner/.m2/repository/io/netty/netty-buffer/4.1.86.Final/netty-buffer-4.1.86.Final.jar:/home/runner/.m2/repository/io/netty/netty-codec-http/4.1.86.Final/netty-codec-http-4.1.86.Final.jar:/home/runner/.m2/repository/io/netty/netty-handler-proxy/4.1.86.Final/netty-handler-proxy-4.1.86.Final.jar:/home/runner/.m2/repository/io/netty/netty-codec-socks/4.1.86.Final/netty-codec-socks-4.1.86.Final.jar:/home/runner/.m2/repository/io/netty/netty-tcnative-boringssl-static/2.0.54.Final/netty-tcnative-boringssl-static-2.0.54.Final.jar:/home/runner/.m2/repository/io/netty/netty-tcnative-classes/2.0.54.Final/netty-tcnative-classes-2.0.54.Final.jar:/home/runner/.m2/repository/io/netty/netty-tcnative-boringssl-static/2.0.54.Final/netty-tcnative-boringssl-static-2.0.54.Final-linux-x86_64.jar:/home/runner/.m2/repository/io/netty/netty-tcnative-boringssl-static/2.0.54.Final/netty-tcnative-boringssl-static-2.0.54.Final-linux-aarch_64.jar:/home/runner/.m2/repository/io/netty/netty-tcnative-boringssl-static/2.0.54.Final/netty-tcnative-boringssl-static-2.0.54.Final-osx-x86_64.jar:/home/runner/.m2/repository/io/netty/netty-tcnative-boringssl-static/2.0.54.Final/netty-tcnative-boringssl-static-2.0.54.Final-osx-aarch_64.jar:/home/runner/.m2/repository/io/netty/netty-tcnative-boringssl-static/2.0.54.Final/netty-tcnative-boringssl-static-2.0.54.Final-windows-x86_64.jar:/home/runner/.m2/repository/org/apache/commons/commons-compress/1.21/commons-compress-1.21.jar:/home/runner/.m2/repository/org/apache/ozone/hdds-common/1.4.0-SNAPSHOT/hdds-common-1.4.0-SNAPSHOT.jar:/home/runner/.m2/repository/org/apache/ozone/hdds-client/1.4.0-SNAPSHOT/hdds-client-1.4.0-SNAPSHOT.jar:/home/runner/.m2/repository/org/apache/ozone/ozone-interface-client/1.4.0-SNAPSHOT/ozone-interface-client-1.4.0-SNAPSHOT.jar:/home/runner/.m2/repository/org/apache/hadoop/hadoop-hdfs-client/3.3.5/hadoop-hdfs-client-3.3.5.jar:/home/runner/.m2/repository/com/squareup/okhttp3/okhttp/4.9.3/okhttp-4.9.3.jar:/home/runner/.m2/repository/com/squareup/okio/okio/2.8.0/okio-2.8.0.jar:/home/runner/.m2/repository/org/jetbrains/kotlin/kotlin-stdlib-common/1.6.21/kotlin-stdlib-common-1.6.21.jar:/home/runner/.m2/repository/org/apache/ozone/hdds-test-utils/1.4.0-SNAPSHOT/hdds-test-utils-1.4.0-SNAPSHOT.jar:/home/runner/.m2/repository/com/google/guava/guava/32.0.0-jre/guava-32.0.0-jre.jar:/home/runner/.m2/repository/com/google/guava/failureaccess/1.0.1/failureaccess-1.0.1.jar:/home/runner/.m2/repository/com/google/guava/listenablefuture/9999.0-empty-to-avoid-conflict-with-guava/listenablefuture-9999.0-empty-to-avoid-conflict-with-guava.jar:/home/runner/.m2/repository/com/google/code/findbugs/jsr305/3.0.0/jsr305-3.0.0.jar:/home/runner/.m2/repository/org/checkerframework/checker-qual/3.33.0/checker-qual-3.33.0.jar:/home/runner/.m2/repository/com/google/j2objc/j2objc-annotations/2.8/j2objc-annotations-2.8.jar:/home/runner/.m2/repository/commons-io/commons-io/2.11.0/commons-io-2.11.0.jar:/home/runner/.m2/repository/commons-logging/commons-logging/1.2/commons-logging-1.2.jar:/home/runner/.m2/repository/ch/qos/reload4j/reload4j/1.2.22/reload4j-1.2.22.jar:/home/runner/.m2/repository/org/slf4j/slf4j-api/1.7.36/slf4j-api-1.7.36.jar:/home/runner/.m2/repository/org/apache/ozone/hdds-server-scm/1.4.0-SNAPSHOT/hdds-server-scm-1.4.0-SNAPSHOT.jar:/home/runner/.m2/repository/org/apache/ozone/hdds-container-service/1.4.0-SNAPSHOT/hdds-container-service-1.4.0-SNAPSHOT.jar:/home/runner/.m2/repository/org/apache/ozone/hdds-hadoop-dependency-server/1.4.0-SNAPSHOT/hdds-hadoop-dependency-server-1.4.0-SNAPSHOT.jar:/home/runner/.m2/repository/org/apache/hadoop/hadoop-hdfs/3.3.5/hadoop-hdfs-3.3.5.jar:/home/runner/.m2/repository/commons-daemon/commons-daemon/1.0.13/commons-daemon-1.0.13.jar:/home/runner/.m2/repository/org/apache/ozone/hdds-server-framework/1.4.0-SNAPSHOT/hdds-server-framework-1.4.0-SNAPSHOT.jar:/home/runner/.m2/repository/io/dropwizard/metrics/metrics-core/3.2.4/metrics-core-3.2.4.jar:/home/runner/.m2/repository/org/apache/commons/commons-text/1.10.0/commons-text-1.10.0.jar:/home/runner/.m2/repository/org/bouncycastle/bcprov-jdk15on/1.67/bcprov-jdk15on-1.67.jar:/home/runner/.m2/repository/com/google/protobuf/protobuf-java/2.5.0/protobuf-java-2.5.0.jar:/home/runner/.m2/repository/org/apache/ozone/hdds-server-framework/1.4.0-SNAPSHOT/hdds-server-framework-1.4.0-SNAPSHOT-tests.jar:/home/runner/.m2/repository/org/apache/ozone/hdds-interface-server/1.4.0-SNAPSHOT/hdds-interface-server-1.4.0-SNAPSHOT.jar:/home/runner/.m2/repository/org/apache/ozone/hdds-interface-admin/1.4.0-SNAPSHOT/hdds-interface-admin-1.4.0-SNAPSHOT.jar:/home/runner/.m2/repository/org/apache/ozone/hdds-managed-rocksdb/1.4.0-SNAPSHOT/hdds-managed-rocksdb-1.4.0-SNAPSHOT.jar:/home/runner/.m2/repository/org/rocksdb/rocksdbjni/7.7.3/rocksdbjni-7.7.3.jar:/home/runner/.m2/repository/org/slf4j/slf4j-reload4j/1.7.36/slf4j-reload4j-1.7.36.jar:/home/runner/.m2/repository/org/apache/commons/commons-configuration2/2.1.1/commons-configuration2-2.1.1.jar:/home/runner/.m2/repository/commons-fileupload/commons-fileupload/1.5/commons-fileupload-1.5.jar:/home/runner/.m2/repository/org/apache/logging/log4j/log4j-core/2.17.1/log4j-core-2.17.1.jar:/home/runner/.m2/repository/com/lmax/disruptor/3.4.2/disruptor-3.4.2.jar:/home/runner/.m2/repository/org/eclipse/jetty/jetty-util/9.4.51.v20230217/jetty-util-9.4.51.v20230217.jar:/home/runner/.m2/repository/org/eclipse/jetty/jetty-server/9.4.51.v20230217/jetty-server-9.4.51.v20230217.jar:/home/runner/.m2/repository/org/eclipse/jetty/jetty-http/9.4.51.v20230217/jetty-http-9.4.51.v20230217.jar:/home/runner/.m2/repository/org/eclipse/jetty/jetty-io/9.4.51.v20230217/jetty-io-9.4.51.v20230217.jar:/home/runner/.m2/repository/org/eclipse/jetty/jetty-servlet/9.4.51.v20230217/jetty-servlet-9.4.51.v20230217.jar:/home/runner/.m2/repository/org/eclipse/jetty/jetty-security/9.4.51.v20230217/jetty-security-9.4.51.v20230217.jar:/home/runner/.m2/repository/org/eclipse/jetty/jetty-util-ajax/9.4.51.v20230217/jetty-util-ajax-9.4.51.v20230217.jar:/home/runner/.m2/repository/org/eclipse/jetty/jetty-webapp/9.4.51.v20230217/jetty-webapp-9.4.51.v20230217.jar:/home/runner/.m2/repository/org/eclipse/jetty/jetty-xml/9.4.51.v20230217/jetty-xml-9.4.51.v20230217.jar:/home/runner/.m2/repository/org/apache/ratis/ratis-server/2.5.1/ratis-server-2.5.1.jar:/home/runner/.m2/repository/org/apache/ratis/ratis-thirdparty-misc/1.0.4/ratis-thirdparty-misc-1.0.4.jar:/home/runner/.m2/repository/org/apache/ratis/ratis-proto/2.5.1/ratis-proto-2.5.1.jar:/home/runner/.m2/repository/org/apache/ratis/ratis-common/2.5.1/ratis-common-2.5.1.jar:/home/runner/.m2/repository/org/apache/ratis/ratis-client/2.5.1/ratis-client-2.5.1.jar:/home/runner/.m2/repository/org/apache/ratis/ratis-server-api/2.5.1/ratis-server-api-2.5.1.jar:/home/runner/.m2/repository/org/apache/ratis/ratis-metrics/2.5.1/ratis-metrics-2.5.1.jar:/home/runner/.m2/repository/io/prometheus/simpleclient_dropwizard/0.7.0/simpleclient_dropwizard-0.7.0.jar:/home/runner/.m2/repository/io/prometheus/simpleclient/0.7.0/simpleclient-0.7.0.jar:/home/runner/.m2/repository/io/prometheus/simpleclient_common/0.7.0/simpleclient_common-0.7.0.jar:/home/runner/.m2/repository/com/fasterxml/jackson/datatype/jackson-datatype-jsr310/2.13.4/jackson-datatype-jsr310-2.13.4.jar:/home/runner/.m2/repository/com/fasterxml/jackson/core/jackson-core/2.13.4/jackson-core-2.13.4.jar:/home/runner/.m2/repository/com/github/spotbugs/spotbugs-annotations/3.1.12/spotbugs-annotations-3.1.12.jar:/home/runner/.m2/repository/org/apache/ozone/rocksdb-checkpoint-differ/1.4.0-SNAPSHOT/rocksdb-checkpoint-differ-1.4.0-SNAPSHOT.jar:/home/runner/.m2/repository/org/awaitility/awaitility/4.2.0/awaitility-4.2.0.jar:/home/runner/.m2/repository/org/hamcrest/hamcrest/2.1/hamcrest-2.1.jar:/home/runner/.m2/repository/org/apache/ozone/ozone-manager/1.4.0-SNAPSHOT/ozone-manager-1.4.0-SNAPSHOT.jar:/home/runner/.m2/repository/org/aspectj/aspectjrt/1.9.7/aspectjrt-1.9.7.jar:/home/runner/.m2/repository/org/aspectj/aspectjweaver/1.9.7/aspectjweaver-1.9.7.jar:/home/runner/.m2/repository/org/apache/ozone/hdds-interface-client/1.4.0-SNAPSHOT/hdds-interface-client-1.4.0-SNAPSHOT.jar:/home/runner/.m2/repository/org/apache/hadoop/thirdparty/hadoop-shaded-protobuf_3_7/1.1.1/hadoop-shaded-protobuf_3_7-1.1.1.jar:/home/runner/.m2/repository/org/apache/ozone/ozone-interface-storage/1.4.0-SNAPSHOT/ozone-interface-storage-1.4.0-SNAPSHOT.jar:/home/runner/.m2/repository/org/reflections/reflections/0.9.11/reflections-0.9.11.jar:/home/runner/.m2/repository/com/sun/jersey/jersey-client/1.19/jersey-client-1.19.jar:/home/runner/.m2/repository/org/codehaus/jackson/jackson-core-asl/1.9.13/jackson-core-asl-1.9.13.jar:/home/runner/.m2/repository/org/codehaus/jackson/jackson-mapper-asl/1.9.13/jackson-mapper-asl-1.9.13.jar:/home/runner/.m2/repository/org/codehaus/jackson/jackson-jaxrs/1.9.13/jackson-jaxrs-1.9.13.jar:/home/runner/.m2/repository/org/apache/ranger/ranger-intg/2.3.0/ranger-intg-2.3.0.jar:/home/runner/.m2/repository/org/apache/ranger/ranger-plugins-common/2.3.0/ranger-plugins-common-2.3.0.jar:/home/runner/.m2/repository/commons-lang/commons-lang/2.6/commons-lang-2.6.jar:/home/runner/.m2/repository/org/apache/ranger/ranger-plugins-cred/2.3.0/ranger-plugins-cred-2.3.0.jar:/home/runner/.m2/repository/org/apache/ranger/ranger-plugins-audit/2.3.0/ranger-plugins-audit-2.3.0.jar:/home/runner/.m2/repository/org/eclipse/jetty/jetty-client/9.4.51.v20230217/jetty-client-9.4.51.v20230217.jar:/home/runner/.m2/repository/org/apache/httpcomponents/httpmime/4.5.6/httpmime-4.5.6.jar:/home/runner/.m2/repository/org/apache/httpcomponents/httpcore-nio/4.4.13/httpcore-nio-4.4.13.jar:/home/runner/.m2/repository/org/apache/httpcomponents/httpasyncclient/4.1.3/httpasyncclient-4.1.3.jar:/home/runner/.m2/repository/com/carrotsearch/hppc/0.8.0/hppc-0.8.0.jar:/home/runner/.m2/repository/org/apache/orc/orc-core/1.5.8/orc-core-1.5.8.jar:/home/runner/.m2/repository/net/java/dev/jna/jna/5.2.0/jna-5.2.0.jar:/home/runner/.m2/repository/net/java/dev/jna/jna-platform/5.2.0/jna-platform-5.2.0.jar:/home/runner/.m2/repository/com/kstruct/gethostname4j/0.0.2/gethostname4j-0.0.2.jar:/home/runner/.m2/repository/org/apache/ranger/ranger-plugin-classloader/2.3.0/ranger-plugin-classloader-2.3.0.jar:/home/runner/.m2/repository/org/apache/ozone/hdds-rocks-native/1.4.0-SNAPSHOT/hdds-rocks-native-1.4.0-SNAPSHOT.jar:/home/runner/.m2/repository/org/apache/hadoop/hadoop-minikdc/3.3.5/hadoop-minikdc-3.3.5.jar:/home/runner/.m2/repository/org/apache/kerby/kerb-simplekdc/1.0.1/kerb-simplekdc-1.0.1.jar:/home/runner/.m2/repository/org/apache/kerby/kerb-client/1.0.1/kerb-client-1.0.1.jar:/home/runner/.m2/repository/org/apache/kerby/kerby-config/1.0.1/kerby-config-1.0.1.jar:/home/runner/.m2/repository/org/apache/kerby/kerb-common/1.0.1/kerb-common-1.0.1.jar:/home/runner/.m2/repository/org/apache/kerby/kerb-crypto/1.0.1/kerb-crypto-1.0.1.jar:/home/runner/.m2/repository/org/apache/kerby/kerb-util/1.0.1/kerb-util-1.0.1.jar:/home/runner/.m2/repository/org/apache/kerby/token-provider/1.0.1/token-provider-1.0.1.jar:/home/runner/.m2/repository/org/apache/kerby/kerb-admin/1.0.1/kerb-admin-1.0.1.jar:/home/runner/.m2/repository/org/apache/kerby/kerb-server/1.0.1/kerb-server-1.0.1.jar:/home/runner/.m2/repository/org/apache/kerby/kerb-identity/1.0.1/kerb-identity-1.0.1.jar:/home/runner/.m2/repository/org/apache/kerby/kerby-xdr/1.0.1/kerby-xdr-1.0.1.jar:/home/runner/.m2/repository/org/apache/ozone/ozone-s3gateway/1.4.0-SNAPSHOT/ozone-s3gateway-1.4.0-SNAPSHOT.jar:/home/runner/.m2/repository/org/javassist/javassist/3.21.0-GA/javassist-3.21.0-GA.jar:/home/runner/.m2/repository/org/jboss/weld/servlet/weld-servlet-shaded/3.1.9.Final/weld-servlet-shaded-3.1.9.Final.jar:/home/runner/.m2/repository/org/glassfish/jersey/containers/jersey-container-servlet-core/2.34/jersey-container-servlet-core-2.34.jar:/home/runner/.m2/repository/org/glassfish/hk2/external/jakarta.inject/2.6.1/jakarta.inject-2.6.1.jar:/home/runner/.m2/repository/org/glassfish/jersey/core/jersey-common/2.34/jersey-common-2.34.jar:/home/runner/.m2/repository/jakarta/ws/rs/jakarta.ws.rs-api/2.1.6/jakarta.ws.rs-api-2.1.6.jar:/home/runner/.m2/repository/org/glassfish/jersey/ext/cdi/jersey-cdi1x/2.34/jersey-cdi1x-2.34.jar:/home/runner/.m2/repository/org/glassfish/jersey/inject/jersey-hk2/2.34/jersey-hk2-2.34.jar:/home/runner/.m2/repository/org/glassfish/hk2/hk2-locator/2.6.1/hk2-locator-2.6.1.jar:/home/runner/.m2/repository/org/glassfish/jersey/media/jersey-media-jaxb/2.34/jersey-media-jaxb-2.34.jar:/home/runner/.m2/repository/org/glassfish/hk2/osgi-resource-locator/1.0.3/osgi-resource-locator-1.0.3.jar:/home/runner/.m2/repository/org/glassfish/hk2/hk2-api/2.5.0/hk2-api-2.5.0.jar:/home/runner/.m2/repository/org/glassfish/hk2/hk2-utils/2.5.0/hk2-utils-2.5.0.jar:/home/runner/.m2/repository/org/glassfish/hk2/external/aopalliance-repackaged/2.5.0/aopalliance-repackaged-2.5.0.jar:/home/runner/.m2/repository/com/fasterxml/jackson/dataformat/jackson-dataformat-xml/2.13.4/jackson-dataformat-xml-2.13.4.jar:/home/runner/.m2/repository/org/codehaus/woodstox/stax2-api/4.2.1/stax2-api-4.2.1.jar:/home/runner/.m2/repository/com/fasterxml/woodstox/woodstox-core/5.4.0/woodstox-core-5.4.0.jar:/home/runner/.m2/repository/com/fasterxml/jackson/module/jackson-module-jaxb-annotations/2.13.4/jackson-module-jaxb-annotations-2.13.4.jar:/home/runner/.m2/repository/jakarta/xml/bind/jakarta.xml.bind-api/2.3.3/jakarta.xml.bind-api-2.3.3.jar:/home/runner/.m2/repository/jakarta/activation/jakarta.activation-api/1.2.2/jakarta.activation-api-1.2.2.jar:/home/runner/.m2/repository/javax/enterprise/cdi-api/2.0/cdi-api-2.0.jar:/home/runner/.m2/repository/javax/el/javax.el-api/3.0.0/javax.el-api-3.0.0.jar:/home/runner/.m2/repository/javax/interceptor/javax.interceptor-api/1.2/javax.interceptor-api-1.2.jar:/home/runner/.m2/repository/javax/inject/javax.inject/1/javax.inject-1.jar:/home/runner/.m2/repository/javax/xml/bind/jaxb-api/2.3.0/jaxb-api-2.3.0.jar:/home/runner/.m2/repository/org/glassfish/jaxb/jaxb-runtime/2.3.0.1/jaxb-runtime-2.3.0.1.jar:/home/runner/.m2/repository/org/glassfish/jaxb/jaxb-core/2.3.0.1/jaxb-core-2.3.0.1.jar:/home/runner/.m2/repository/org/glassfish/jaxb/txw2/2.3.0.1/txw2-2.3.0.1.jar:/home/runner/.m2/repository/com/sun/istack/istack-commons-runtime/3.0.5/istack-commons-runtime-3.0.5.jar:/home/runner/.m2/repository/org/jvnet/staxex/stax-ex/1.7.8/stax-ex-1.7.8.jar:/home/runner/.m2/repository/com/sun/xml/fastinfoset/FastInfoset/1.2.13/FastInfoset-1.2.13.jar:/home/runner/.m2/repository/javax/activation/activation/1.1.1/activation-1.1.1.jar:/home/runner/.m2/repository/io/grpc/grpc-protobuf/1.51.1/grpc-protobuf-1.51.1.jar:/home/runner/.m2/repository/com/google/api/grpc/proto-google-common-protos/2.9.0/proto-google-common-protos-2.9.0.jar:/home/runner/.m2/repository/io/grpc/grpc-protobuf-lite/1.51.1/grpc-protobuf-lite-1.51.1.jar:/home/runner/.m2/repository/io/grpc/grpc-stub/1.51.1/grpc-stub-1.51.1.jar:/home/runner/.m2/repository/io/netty/netty-transport/4.1.86.Final/netty-transport-4.1.86.Final.jar:/home/runner/.m2/repository/io/netty/netty-resolver/4.1.86.Final/netty-resolver-4.1.86.Final.jar:/home/runner/.m2/repository/org/apache/ozone/ozone-csi/1.4.0-SNAPSHOT/ozone-csi-1.4.0-SNAPSHOT.jar:/home/runner/.m2/repository/com/google/protobuf/protobuf-java-util/3.19.6/protobuf-java-util-3.19.6.jar:/home/runner/.m2/repository/com/google/code/gson/gson/2.9.0/gson-2.9.0.jar:/home/runner/.m2/repository/org/apache/ozone/hdds-config/1.4.0-SNAPSHOT/hdds-config-1.4.0-SNAPSHOT.jar:/home/runner/.m2/repository/io/netty/netty-transport-native-epoll/4.1.86.Final/netty-transport-native-epoll-4.1.86.Final-linux-x86_64.jar:/home/runner/.m2/repository/io/netty/netty-transport-classes-epoll/4.1.86.Final/netty-transport-classes-epoll-4.1.86.Final.jar:/home/runner/.m2/repository/io/netty/netty-transport-native-unix-common/4.1.86.Final/netty-transport-native-unix-common-4.1.86.Final.jar:/home/runner/.m2/repository/org/apache/ozone/ozone-recon/1.4.0-SNAPSHOT/ozone-recon-1.4.0-SNAPSHOT.jar:/home/runner/.m2/repository/org/apache/ozone/ozone-reconcodegen/1.4.0-SNAPSHOT/ozone-reconcodegen-1.4.0-SNAPSHOT.jar:/home/runner/.m2/repository/com/google/inject/guice/5.1.0/guice-5.1.0.jar:/home/runner/.m2/repository/aopalliance/aopalliance/1.0/aopalliance-1.0.jar:/home/runner/.m2/repository/com/google/inject/extensions/guice-assistedinject/5.1.0/guice-assistedinject-5.1.0.jar:/home/runner/.m2/repository/com/google/inject/extensions/guice-servlet/5.1.0/guice-servlet-5.1.0.jar:/home/runner/.m2/repository/org/glassfish/jersey/containers/jersey-container-servlet/2.34/jersey-container-servlet-2.34.jar:/home/runner/.m2/repository/org/glassfish/hk2/guice-bridge/2.5.0/guice-bridge-2.5.0.jar:/home/runner/.m2/repository/org/glassfish/jersey/core/jersey-server/2.34/jersey-server-2.34.jar:/home/runner/.m2/repository/org/glassfish/jersey/core/jersey-client/2.34/jersey-client-2.34.jar:/home/runner/.m2/repository/jakarta/annotation/jakarta.annotation-api/1.3.5/jakarta.annotation-api-1.3.5.jar:/home/runner/.m2/repository/jakarta/validation/jakarta.validation-api/2.0.2/jakarta.validation-api-2.0.2.jar:/home/runner/.m2/repository/org/glassfish/jersey/media/jersey-media-json-jackson/2.34/jersey-media-json-jackson-2.34.jar:/home/runner/.m2/repository/org/glassfish/jersey/ext/jersey-entity-filtering/2.34/jersey-entity-filtering-2.34.jar:/home/runner/.m2/repository/org/jooq/jooq/3.11.10/jooq-3.11.10.jar:/home/runner/.m2/repository/org/jooq/jooq-meta/3.11.10/jooq-meta-3.11.10.jar:/home/runner/.m2/repository/org/jooq/jooq-codegen/3.11.10/jooq-codegen-3.11.10.jar:/home/runner/.m2/repository/com/jolbox/bonecp/0.8.0.RELEASE/bonecp-0.8.0.RELEASE.jar:/home/runner/.m2/repository/org/apache/derby/derby/10.14.2.0/derby-10.14.2.0.jar:/home/runner/.m2/repository/org/xerial/sqlite-jdbc/3.41.2.2/sqlite-jdbc-3.41.2.2.jar:/home/runner/.m2/repository/org/springframework/spring-jdbc/5.3.27/spring-jdbc-5.3.27.jar:/home/runner/.m2/repository/org/springframework/spring-beans/5.3.27/spring-beans-5.3.27.jar:/home/runner/.m2/repository/org/springframework/spring-core/5.3.27/spring-core-5.3.27.jar:/home/runner/.m2/repository/org/springframework/spring-tx/5.3.27/spring-tx-5.3.27.jar:/home/runner/.m2/repository/org/apache/ozone/ozone-client/1.4.0-SNAPSHOT/ozone-client-1.4.0-SNAPSHOT.jar:/home/runner/.m2/repository/org/apache/ozone/hdds-erasurecode/1.4.0-SNAPSHOT/hdds-erasurecode-1.4.0-SNAPSHOT.jar:/home/runner/.m2/repository/org/apache/ozone/ozone-filesystem/1.4.0-SNAPSHOT/ozone-filesystem-1.4.0-SNAPSHOT.jar:/home/runner/.m2/repository/org/apache/ozone/ozone-filesystem-common/1.4.0-SNAPSHOT/ozone-filesystem-common-1.4.0-SNAPSHOT.jar:/home/runner/.m2/repository/org/apache/ozone/ozone-tools/1.4.0-SNAPSHOT/ozone-tools-1.4.0-SNAPSHOT.jar:/home/runner/.m2/repository/com/amazonaws/aws-java-sdk-core/1.12.261/aws-java-sdk-core-1.12.261.jar:/home/runner/.m2/repository/org/apache/httpcomponents/httpclient/4.5.13/httpclient-4.5.13.jar:/home/runner/.m2/repository/org/apache/httpcomponents/httpcore/4.4.13/httpcore-4.4.13.jar:/home/runner/.m2/repository/software/amazon/ion/ion-java/1.0.2/ion-java-1.0.2.jar:/home/runner/.m2/repository/com/fasterxml/jackson/dataformat/jackson-dataformat-cbor/2.13.4/jackson-dataformat-cbor-2.13.4.jar:/home/runner/.m2/repository/joda-time/joda-time/2.10.6/joda-time-2.10.6.jar:/home/runner/.m2/repository/com/amazonaws/aws-java-sdk-s3/1.12.261/aws-java-sdk-s3-1.12.261.jar:/home/runner/.m2/repository/com/amazonaws/aws-java-sdk-kms/1.12.261/aws-java-sdk-kms-1.12.261.jar:/home/runner/.m2/repository/com/amazonaws/jmespath-java/1.12.261/jmespath-java-1.12.261.jar:/home/runner/.m2/repository/org/kohsuke/metainf-services/metainf-services/1.8/metainf-services-1.8.jar:/home/runner/.m2/repository/org/apache/ozone/hdds-tools/1.4.0-SNAPSHOT/hdds-tools-1.4.0-SNAPSHOT.jar:/home/runner/.m2/repository/org/apache/ratis/ratis-tools/2.5.1/ratis-tools-2.5.1.jar:/home/runner/.m2/repository/commons-cli/commons-cli/1.2/commons-cli-1.2.jar:/home/runner/.m2/repository/org/apache/commons/commons-lang3/3.7/commons-lang3-3.7.jar:/home/runner/.m2/repository/org/apache/ozone/ozone-manager/1.4.0-SNAPSHOT/ozone-manager-1.4.0-SNAPSHOT-tests.jar:/home/runner/.m2/repository/org/apache/ozone/hdds-common/1.4.0-SNAPSHOT/hdds-common-1.4.0-SNAPSHOT-tests.jar:/home/runner/.m2/repository/org/apache/ozone/hdds-hadoop-dependency-client/1.4.0-SNAPSHOT/hdds-hadoop-dependency-client-1.4.0-SNAPSHOT.jar:/home/runner/.m2/repository/info/picocli/picocli/4.6.1/picocli-4.6.1.jar:/home/runner/.m2/repository/com/fasterxml/jackson/core/jackson-annotations/2.13.4/jackson-annotations-2.13.4.jar:/home/runner/.m2/repository/org/apache/ozone/hdds-annotation-processing/1.4.0-SNAPSHOT/hdds-annotation-processing-1.4.0-SNAPSHOT.jar:/home/runner/.m2/repository/javax/annotation/javax.annotation-api/1.2/javax.annotation-api-1.2.jar:/home/runner/.m2/repository/org/apache/ratis/ratis-netty/2.5.1/ratis-netty-2.5.1.jar:/home/runner/.m2/repository/org/apache/ratis/ratis-grpc/2.5.1/ratis-grpc-2.5.1.jar:/home/runner/.m2/repository/org/apache/logging/log4j/log4j-api/2.17.1/log4j-api-2.17.1.jar:/home/runner/.m2/repository/org/apache/commons/commons-pool2/2.6.0/commons-pool2-2.6.0.jar:/home/runner/.m2/repository/org/bouncycastle/bcpkix-jdk15on/1.67/bcpkix-jdk15on-1.67.jar:/home/runner/.m2/repository/commons-validator/commons-validator/1.6/commons-validator-1.6.jar:/home/runner/.m2/repository/commons-beanutils/commons-beanutils/1.9.4/commons-beanutils-1.9.4.jar:/home/runner/.m2/repository/commons-digester/commons-digester/1.8.1/commons-digester-1.8.1.jar:/home/runner/.m2/repository/commons-collections/commons-collections/3.2.2/commons-collections-3.2.2.jar:/home/runner/.m2/repository/io/jaegertracing/jaeger-client/1.6.0/jaeger-client-1.6.0.jar:/home/runner/.m2/repository/io/jaegertracing/jaeger-thrift/1.6.0/jaeger-thrift-1.6.0.jar:/home/runner/.m2/repository/org/apache/thrift/libthrift/0.14.1/libthrift-0.14.1.jar:/home/runner/.m2/repository/io/jaegertracing/jaeger-core/1.6.0/jaeger-core-1.6.0.jar:/home/runner/.m2/repository/io/jaegertracing/jaeger-tracerresolver/1.6.0/jaeger-tracerresolver-1.6.0.jar:/home/runner/.m2/repository/io/opentracing/contrib/opentracing-tracerresolver/0.1.8/opentracing-tracerresolver-0.1.8.jar:/home/runner/.m2/repository/org/jetbrains/kotlin/kotlin-stdlib/1.6.21/kotlin-stdlib-1.6.21.jar:/home/runner/.m2/repository/org/jetbrains/annotations/13.0/annotations-13.0.jar:/home/runner/.m2/repository/io/opentracing/opentracing-util/0.33.0/opentracing-util-0.33.0.jar:/home/runner/.m2/repository/io/opentracing/opentracing-api/0.33.0/opentracing-api-0.33.0.jar:/home/runner/.m2/repository/io/opentracing/opentracing-noop/0.33.0/opentracing-noop-0.33.0.jar:/home/runner/.m2/repository/org/yaml/snakeyaml/2.0/snakeyaml-2.0.jar:/home/runner/.m2/repository/io/grpc/grpc-api/1.51.1/grpc-api-1.51.1.jar:/home/runner/.m2/repository/io/grpc/grpc-context/1.51.1/grpc-context-1.51.1.jar:/home/runner/.m2/repository/junit/junit/4.13.1/junit-4.13.1.jar:/home/runner/.m2/repository/org/hamcrest/hamcrest-core/1.3/hamcrest-core-1.3.jar:/home/runner/.m2/repository/org/junit/jupiter/junit-jupiter-api/5.8.2/junit-jupiter-api-5.8.2.jar:/home/runner/.m2/repository/org/opentest4j/opentest4j/1.2.0/opentest4j-1.2.0.jar:/home/runner/.m2/repository/org/junit/platform/junit-platform-commons/1.8.2/junit-platform-commons-1.8.2.jar:/home/runner/.m2/repository/org/apiguardian/apiguardian-api/1.1.2/apiguardian-api-1.1.2.jar:/home/runner/.m2/repository/org/junit/jupiter/junit-jupiter-params/5.8.2/junit-jupiter-params-5.8.2.jar:/home/runner/.m2/repository/org/junit/jupiter/junit-jupiter-migrationsupport/5.8.2/junit-jupiter-migrationsupport-5.8.2.jar:/home/runner/.m2/repository/org/junit/jupiter/junit-jupiter-engine/5.8.2/junit-jupiter-engine-5.8.2.jar:/home/runner/.m2/repository/org/junit/platform/junit-platform-engine/1.8.2/junit-platform-engine-1.8.2.jar:/home/runner/.m2/repository/org/junit/vintage/junit-vintage-engine/5.8.2/junit-vintage-engine-5.8.2.jar:/home/runner/.m2/repository/org/junit/platform/junit-platform-launcher/1.8.2/junit-platform-launcher-1.8.2.jar:/home/runner/.m2/repository/org/mockito/mockito-core/3.5.9/mockito-core-3.5.9.jar:/home/runner/.m2/repository/net/bytebuddy/byte-buddy/1.10.13/byte-buddy-1.10.13.jar:/home/runner/.m2/repository/net/bytebuddy/byte-buddy-agent/1.10.13/byte-buddy-agent-1.10.13.jar:/home/runner/.m2/repository/org/objenesis/objenesis/1.0/objenesis-1.0.jar:/home/runner/.m2/repository/org/apache/hadoop/hadoop-kms/3.3.5/hadoop-kms-3.3.5.jar:/home/runner/.m2/repository/org/apache/hadoop/hadoop-auth/3.3.5/hadoop-auth-3.3.5.jar:/home/runner/.m2/repository/com/nimbusds/nimbus-jose-jwt/9.8.1/nimbus-jose-jwt-9.8.1.jar:/home/runner/.m2/repository/com/github/stephenc/jcip/jcip-annotations/1.0-1/jcip-annotations-1.0-1.jar:/home/runner/.m2/repository/net/minidev/json-smart/2.4.7/json-smart-2.4.7.jar:/home/runner/.m2/repository/net/minidev/accessors-smart/2.4.7/accessors-smart-2.4.7.jar:/home/runner/.m2/repository/org/ow2/asm/asm/5.0.4/asm-5.0.4.jar:/home/runner/.m2/repository/org/apache/zookeeper/zookeeper/3.5.6/zookeeper-3.5.6.jar:/home/runner/.m2/repository/org/apache/zookeeper/zookeeper-jute/3.5.6/zookeeper-jute-3.5.6.jar:/home/runner/.m2/repository/org/apache/yetus/audience-annotations/0.5.0/audience-annotations-0.5.0.jar:/home/runner/.m2/repository/org/apache/curator/curator-framework/4.2.0/curator-framework-4.2.0.jar:/home/runner/.m2/repository/org/apache/hadoop/thirdparty/hadoop-shaded-guava/1.1.1/hadoop-shaded-guava-1.1.1.jar:/home/runner/.m2/repository/com/sun/jersey/jersey-core/1.19/jersey-core-1.19.jar:/home/runner/.m2/repository/javax/ws/rs/jsr311-api/1.1.1/jsr311-api-1.1.1.jar:/home/runner/.m2/repository/com/sun/jersey/jersey-server/1.19/jersey-server-1.19.jar:/home/runner/.m2/repository/javax/servlet/javax.servlet-api/3.1.0/javax.servlet-api-3.1.0.jar:/home/runner/.m2/repository/org/apache/hadoop/hadoop-common/3.3.5/hadoop-common-3.3.5.jar:/home/runner/.m2/repository/org/apache/commons/commons-math3/3.1.1/commons-math3-3.1.1.jar:/home/runner/.m2/repository/commons-net/commons-net/3.9.0/commons-net-3.9.0.jar:/home/runner/.m2/repository/com/sun/jersey/jersey-servlet/1.19/jersey-servlet-1.19.jar:/home/runner/.m2/repository/com/github/pjfanning/jersey-json/1.20/jersey-json-1.20.jar:/home/runner/.m2/repository/org/codehaus/jettison/jettison/1.1/jettison-1.1.jar:/home/runner/.m2/repository/com/sun/xml/bind/jaxb-impl/2.2.3-1/jaxb-impl-2.2.3-1.jar:/home/runner/.m2/repository/com/google/re2j/re2j/1.1/re2j-1.1.jar:/home/runner/.m2/repository/com/jcraft/jsch/0.1.54/jsch-0.1.54.jar:/home/runner/.m2/repository/org/apache/curator/curator-client/4.2.0/curator-client-4.2.0.jar:/home/runner/.m2/repository/org/apache/curator/curator-recipes/4.2.0/curator-recipes-4.2.0.jar:/home/runner/.m2/repository/org/apache/kerby/kerb-core/1.0.1/kerb-core-1.0.1.jar:/home/runner/.m2/repository/org/apache/kerby/kerby-pkix/1.0.1/kerby-pkix-1.0.1.jar:/home/runner/.m2/repository/org/apache/kerby/kerby-asn1/1.0.1/kerby-asn1-1.0.1.jar:/home/runner/.m2/repository/org/apache/kerby/kerby-util/1.0.1/kerby-util-1.0.1.jar:/home/runner/.m2/repository/dnsjava/dnsjava/2.1.7/dnsjava-2.1.7.jar:/home/runner/.m2/repository/org/xerial/snappy/snappy-java/1.1.8.2/snappy-java-1.1.8.2.jar:/home/runner/.m2/repository/com/fasterxml/jackson/core/jackson-databind/2.13.4.2/jackson-databind-2.13.4.2.jar:/home/runner/.m2/repository/org/apache/hadoop/hadoop-kms/3.3.5/hadoop-kms-3.3.5-tests.jar:/home/runner/.m2/repository/org/apache/ozone/hdds-server-scm/1.4.0-SNAPSHOT/hdds-server-scm-1.4.0-SNAPSHOT-tests.jar:/home/runner/.m2/repository/org/apache/ozone/hdds-container-service/1.4.0-SNAPSHOT/hdds-container-service-1.4.0-SNAPSHOT-tests.jar:/home/runner/.m2/repository/com/github/luben/zstd-jni/1.5.2-5/zstd-jni-1.5.2-5.jar:/home/runner/.m2/repository/commons-codec/commons-codec/1.15/commons-codec-1.15.jar:/home/runner/.m2/repository/io/netty/netty-codec/4.1.86.Final/netty-codec-4.1.86.Final.jar:/home/runner/.m2/repository/io/netty/netty-handler/4.1.86.Final/netty-handler-4.1.86.Final.jar:/home/runner/.m2/repository/org/apache/ozone/hdds-hadoop-dependency-test/1.4.0-SNAPSHOT/hdds-hadoop-dependency-test-1.4.0-SNAPSHOT.jar:/home/runner/.m2/repository/org/apache/hadoop/hadoop-common/3.3.5/hadoop-common-3.3.5-tests.jar:/home/runner/.m2/repository/org/apache/hadoop/hadoop-hdfs/3.3.5/hadoop-hdfs-3.3.5-tests.jar:/home/runner/.m2/repository/org/assertj/assertj-core/3.12.2/assertj-core-3.12.2.jar:/home/runner/.m2/repository/org/apache/hadoop/hadoop-distcp/3.3.5/hadoop-distcp-3.3.5.jar:/home/runner/.m2/repository/org/apache/hadoop/hadoop-mapreduce-client-jobclient/3.3.5/hadoop-mapreduce-client-jobclient-3.3.5.jar:/home/runner/.m2/repository/org/apache/hadoop/hadoop-mapreduce-client-common/3.3.5/hadoop-mapreduce-client-common-3.3.5.jar:/home/runner/.m2/repository/org/apache/hadoop/hadoop-yarn-common/3.3.5/hadoop-yarn-common-3.3.5.jar:/home/runner/.m2/repository/org/apache/hadoop/hadoop-yarn-api/3.3.5/hadoop-yarn-api-3.3.5.jar:/home/runner/.m2/repository/com/sun/jersey/contribs/jersey-guice/1.19/jersey-guice-1.19.jar:/home/runner/.m2/repository/com/fasterxml/jackson/jaxrs/jackson-jaxrs-json-provider/2.13.4/jackson-jaxrs-json-provider-2.13.4.jar:/home/runner/.m2/repository/com/fasterxml/jackson/jaxrs/jackson-jaxrs-base/2.13.4/jackson-jaxrs-base-2.13.4.jar:/home/runner/.m2/repository/org/apache/hadoop/hadoop-yarn-client/3.3.5/hadoop-yarn-client-3.3.5.jar:/home/runner/.m2/repository/org/eclipse/jetty/websocket/websocket-client/9.4.48.v20220622/websocket-client-9.4.48.v20220622.jar:/home/runner/.m2/repository/org/eclipse/jetty/websocket/websocket-common/9.4.48.v20220622/websocket-common-9.4.48.v20220622.jar:/home/runner/.m2/repository/org/eclipse/jetty/websocket/websocket-api/9.4.48.v20220622/websocket-api-9.4.48.v20220622.jar:/home/runner/.m2/repository/org/jline/jline/3.9.0/jline-3.9.0.jar:/home/runner/.m2/repository/org/apache/hadoop/hadoop-mapreduce-client-core/3.3.5/hadoop-mapreduce-client-core-3.3.5.jar:/home/runner/.m2/repository/org/apache/avro/avro/1.7.7/avro-1.7.7.jar:/home/runner/.m2/repository/com/thoughtworks/paranamer/paranamer/2.3/paranamer-2.3.jar:/home/runner/.m2/repository/org/apache/hadoop/hadoop-annotations/3.3.5/hadoop-annotations-3.3.5.jar:/usr/lib/jvm/temurin-8-jdk-amd64/jre/../lib/tools.jar:/home/runner/.m2/repository/io/netty/netty/3.10.6.Final/netty-3.10.6.Final.jar:/home/runner/.m2/repository/org/apache/hadoop/hadoop-distcp/3.3.5/hadoop-distcp-3.3.5-tests.jar:/home/runner/.m2/repository/org/slf4j/jul-to-slf4j/1.7.36/jul-to-slf4j-1.7.36.jar:"/>
    <property name="sun.cpu.endian" value="little"/>
    <property name="user.home" value="/home/runner"/>
    <property name="user.language" value="en"/>
    <property name="java.specification.vendor" value="Oracle Corporation"/>
    <property name="java.home" value="/usr/lib/jvm/temurin-8-jdk-amd64/jre"/>
    <property name="java.security.krb5.conf" value="/home/runner/work/ozone/ozone/hadoop-ozone/integration-test/target/test-classes/krb5.conf"/>
    <property name="file.separator" value="/"/>
    <property name="basedir" value="/home/runner/work/ozone/ozone/hadoop-ozone/integration-test"/>
    <property name="line.separator" value="&#10;"/>
    <property name="java.vm.specification.vendor" value="Oracle Corporation"/>
    <property name="java.specification.name" value="Java Platform API Specification"/>
    <property name="skip.installnpx" value="true"/>
    <property name="java.awt.graphicsenv" value="sun.awt.X11GraphicsEnvironment"/>
    <property name="surefire.real.class.path" value="/home/runner/work/ozone/ozone/hadoop-ozone/integration-test/target/surefire/surefirebooter6092556794177094422.jar:/home/runner/.m2/repository/org/jacoco/org.jacoco.agent/0.8.5/org.jacoco.agent-0.8.5-runtime.jar"/>
    <property name="sun.boot.class.path" value="/usr/lib/jvm/temurin-8-jdk-amd64/jre/lib/resources.jar:/usr/lib/jvm/temurin-8-jdk-amd64/jre/lib/rt.jar:/usr/lib/jvm/temurin-8-jdk-amd64/jre/lib/sunrsasign.jar:/usr/lib/jvm/temurin-8-jdk-amd64/jre/lib/jsse.jar:/usr/lib/jvm/temurin-8-jdk-amd64/jre/lib/jce.jar:/usr/lib/jvm/temurin-8-jdk-amd64/jre/lib/charsets.jar:/usr/lib/jvm/temurin-8-jdk-amd64/jre/lib/jfr.jar:/usr/lib/jvm/temurin-8-jdk-amd64/jre/classes"/>
    <property name="hadoop.log.dir" value="/home/runner/work/ozone/ozone/hadoop-ozone/integration-test/target/log"/>
    <property name="sun.management.compiler" value="HotSpot 64-Bit Tiered Compilers"/>
    <property name="java.runtime.version" value="1.8.0_372-b07"/>
    <property name="skip.npx" value="true"/>
    <property name="user.name" value="runner"/>
    <property name="java.net.preferIPv4Stack" value="true"/>
    <property name="path.separator" value=":"/>
    <property name="java.security.egd" value="file:///dev/urandom"/>
    <property name="os.version" value="5.15.0-1040-azure"/>
    <property name="java.endorsed.dirs" value="/usr/lib/jvm/temurin-8-jdk-amd64/jre/lib/endorsed"/>
    <property name="java.runtime.name" value="OpenJDK Runtime Environment"/>
    <property name="file.encoding" value="UTF-8"/>
    <property name="java.vm.name" value="OpenJDK 64-Bit Server VM"/>
    <property name="test.build.webapps" value=""/>
    <property name="log4j1.compatibility" value="true"/>
    <property name="localRepository" value="/home/runner/.m2/repository"/>
    <property name="jetty.git.hash" value="b45c405e4544384de066f814ed42ae3dceacdd49"/>
    <property name="java.vendor.url.bug" value="https://github.com/adoptium/adoptium-support/issues"/>
    <property name="require.test.libhadoop" value=""/>
    <property name="java.io.tmpdir" value="/tmp"/>
    <property name="java.version" value="1.8.0_372"/>
    <property name="user.dir" value="/home/runner/work/ozone/ozone/hadoop-ozone/integration-test"/>
    <property name="os.arch" value="amd64"/>
    <property name="test.build.classes" value="/home/runner/work/ozone/ozone/hadoop-ozone/integration-test/target/test-classes"/>
    <property name="java.vm.specification.name" value="Java Virtual Machine Specification"/>
    <property name="java.awt.printerjob" value="sun.print.PSPrinterJob"/>
    <property name="sun.os.patch.level" value="unknown"/>
    <property name="org.apache.ratis.thirdparty.io.netty.allocator.useCacheForAllThreads" value="false"/>
    <property name="hadoop.tmp.dir" value="/home/runner/work/ozone/ozone/hadoop-ozone/integration-test/target/tmp"/>
    <property name="java.library.path" value="/usr/java/packages/lib/amd64:/usr/lib64:/lib64:/lib:/usr/lib"/>
    <property name="java.vendor" value="Temurin"/>
    <property name="java.vm.info" value="mixed mode"/>
    <property name="java.vm.version" value="25.372-b07"/>
    <property name="java.specification.maintenance.version" value="4"/>
    <property name="sun.io.unicode.encoding" value="UnicodeLittle"/>
    <property name="java.ext.dirs" value="/usr/lib/jvm/temurin-8-jdk-amd64/jre/lib/ext:/usr/java/packages/lib/ext"/>
    <property name="java.class.version" value="52.0"/>
    <property name="kms.config.dir" value="/home/runner/work/ozone/ozone/hadoop-ozone/integration-test/target/test-dir/TestSecureOzoneRpcClient/cfeffbe1-c800-47e6-b51b-ccd7bea260ce"/>
  </properties>
  <testcase name="testPutKeyWithEncryption" classname="TestOzoneAtRestEncryption" time="1.652">
    <system-out><![CDATA[2023-06-23 00:37:16,788 [main] INFO  util.log (Log.java:initialized(170)) - Logging initialized @1663ms to org.eclipse.jetty.util.log.Slf4jLog
2023-06-23 00:37:16,935 [main] INFO  http.HttpRequestLog (HttpRequestLog.java:getRequestLog(82)) - Http request log for http.requests.kms is not defined
2023-06-23 00:37:16,986 [main] INFO  http.HttpServer2 (HttpServer2.java:addGlobalFilter(1124)) - Added global filter 'safety' (class=org.apache.hadoop.http.HttpServer2$QuotingInputFilter)
2023-06-23 00:37:16,989 [main] INFO  http.HttpServer2 (HttpServer2.java:addFilter(1097)) - Added filter static_user_filter (class=org.apache.hadoop.http.lib.StaticUserWebFilter$StaticUserFilter) to context kms
2023-06-23 00:37:16,989 [main] INFO  http.HttpServer2 (HttpServer2.java:addFilter(1107)) - Added filter static_user_filter (class=org.apache.hadoop.http.lib.StaticUserWebFilter$StaticUserFilter) to context static
2023-06-23 00:37:16,989 [main] INFO  http.HttpServer2 (HttpServer2.java:addFilter(1107)) - Added filter static_user_filter (class=org.apache.hadoop.http.lib.StaticUserWebFilter$StaticUserFilter) to context logs
2023-06-23 00:37:17,025 [main] INFO  http.HttpServer2 (HttpServer2.java:bindListener(1357)) - Jetty bound to port 37261
2023-06-23 00:37:17,027 [main] INFO  server.Server (Server.java:doStart(375)) - jetty-9.4.51.v20230217; built: 2023-02-17T08:19:37.309Z; git: b45c405e4544384de066f814ed42ae3dceacdd49; jvm 1.8.0_372-b07
2023-06-23 00:37:17,050 [main] INFO  server.session (DefaultSessionIdManager.java:doStart(334)) - DefaultSessionIdManager workerName=node0
2023-06-23 00:37:17,050 [main] INFO  server.session (DefaultSessionIdManager.java:doStart(339)) - No SessionScavenger set, using defaults
2023-06-23 00:37:17,052 [main] INFO  server.session (HouseKeeper.java:startScavenging(132)) - node0 Scavenging every 600000ms
2023-06-23 00:37:17,066 [main] INFO  handler.ContextHandler (ContextHandler.java:doStart(921)) - Started o.e.j.s.ServletContextHandler@abff8b7{logs,/logs,file:///home/runner/work/ozone/ozone/hadoop-ozone/integration-test/target/log,AVAILABLE}
2023-06-23 00:37:17,067 [main] INFO  handler.ContextHandler (ContextHandler.java:doStart(921)) - Started o.e.j.s.ServletContextHandler@b0fc838{static,/static,jar:file:/home/runner/.m2/repository/org/apache/hadoop/hadoop-kms/3.3.5/hadoop-kms-3.3.5.jar!/webapps/static,AVAILABLE}
2023-06-23 00:37:17,149 [main] INFO  server.KMSWebApp (KMSWebApp.java:contextInitialized(94)) - -------------------------------------------------------------
2023-06-23 00:37:17,149 [main] INFO  server.KMSWebApp (KMSWebApp.java:contextInitialized(95)) -   Java runtime version : 1.8.0_372-b07
2023-06-23 00:37:17,149 [main] INFO  server.KMSWebApp (KMSWebApp.java:contextInitialized(97)) -   User: runner
2023-06-23 00:37:17,152 [main] INFO  server.KMSWebApp (KMSWebApp.java:contextInitialized(98)) -   KMS Hadoop Version: 3.3.5
2023-06-23 00:37:17,152 [main] INFO  server.KMSWebApp (KMSWebApp.java:contextInitialized(99)) - -------------------------------------------------------------
2023-06-23 00:37:17,160 [main] INFO  server.KMSACLs (KMSACLs.java:setKMSACLs(107)) - 'CREATE' ACL '*'
2023-06-23 00:37:17,160 [main] INFO  server.KMSACLs (KMSACLs.java:setKMSACLs(107)) - 'DELETE' ACL '*'
2023-06-23 00:37:17,160 [main] INFO  server.KMSACLs (KMSACLs.java:setKMSACLs(107)) - 'ROLLOVER' ACL '*'
2023-06-23 00:37:17,160 [main] INFO  server.KMSACLs (KMSACLs.java:setKMSACLs(107)) - 'GET' ACL '*'
2023-06-23 00:37:17,161 [main] INFO  server.KMSACLs (KMSACLs.java:setKMSACLs(107)) - 'GET_KEYS' ACL '*'
2023-06-23 00:37:17,161 [main] INFO  server.KMSACLs (KMSACLs.java:setKMSACLs(107)) - 'GET_METADATA' ACL '*'
2023-06-23 00:37:17,161 [main] INFO  server.KMSACLs (KMSACLs.java:setKMSACLs(107)) - 'SET_KEY_MATERIAL' ACL '*'
2023-06-23 00:37:17,161 [main] INFO  server.KMSACLs (KMSACLs.java:setKMSACLs(107)) - 'GENERATE_EEK' ACL '*'
2023-06-23 00:37:17,161 [main] INFO  server.KMSACLs (KMSACLs.java:setKMSACLs(107)) - 'DECRYPT_EEK' ACL '*'
2023-06-23 00:37:17,162 [main] INFO  server.KMSACLs (KMSACLs.java:parseAclsWithPrefix(185)) - default.key.acl. for KEY_OP 'READ' is set to '*'
2023-06-23 00:37:17,162 [main] INFO  server.KMSACLs (KMSACLs.java:parseAclsWithPrefix(185)) - default.key.acl. for KEY_OP 'MANAGEMENT' is set to '*'
2023-06-23 00:37:17,162 [main] INFO  server.KMSACLs (KMSACLs.java:parseAclsWithPrefix(185)) - default.key.acl. for KEY_OP 'GENERATE_EEK' is set to '*'
2023-06-23 00:37:17,162 [main] INFO  server.KMSACLs (KMSACLs.java:parseAclsWithPrefix(185)) - default.key.acl. for KEY_OP 'DECRYPT_EEK' is set to '*'
2023-06-23 00:37:17,215 [main] INFO  server.KMSAudit (KMSAudit.java:initializeAuditLoggers(157)) - Initializing audit logger class org.apache.hadoop.crypto.key.kms.server.SimpleKMSAuditLogger
2023-06-23 00:37:17,388 [main] INFO  server.KMSWebApp (KMSWebApp.java:contextInitialized(149)) - Initialized KeyProvider CachingKeyProvider: jceks://file@/home/runner/work/ozone/ozone/hadoop-ozone/integration-test/target/test-dir/TestSecureOzoneRpcClient/cfeffbe1-c800-47e6-b51b-ccd7bea260ce/kms.keystore
2023-06-23 00:37:17,396 [main] INFO  server.KMSWebApp (KMSWebApp.java:contextInitialized(163)) - Initialized KeyProviderCryptoExtension org.apache.hadoop.crypto.key.kms.server.KeyAuthorizationKeyProvider: EagerKeyGeneratorKeyProviderCryptoExtension: KeyProviderCryptoExtension: CachingKeyProvider: jceks://file@/home/runner/work/ozone/ozone/hadoop-ozone/integration-test/target/test-dir/TestSecureOzoneRpcClient/cfeffbe1-c800-47e6-b51b-ccd7bea260ce/kms.keystore
2023-06-23 00:37:17,396 [main] INFO  server.KMSWebApp (KMSWebApp.java:contextInitialized(168)) - Default key bitlength is 128
2023-06-23 00:37:17,396 [main] INFO  server.KMSWebApp (KMSWebApp.java:contextInitialized(169)) - KMS Started
2023-06-23 00:37:17,437 [main] INFO  delegation.AbstractDelegationTokenSecretManager (AbstractDelegationTokenSecretManager.java:updateCurrentKey(411)) - Updating the current master key for generating delegation tokens
2023-06-23 00:37:17,451 [Thread[Thread-14,5,main]] INFO  delegation.AbstractDelegationTokenSecretManager (AbstractDelegationTokenSecretManager.java:run(763)) - Starting expired delegation token remover thread, tokenRemoverScanInterval=60 min(s)
2023-06-23 00:37:17,451 [Thread[Thread-14,5,main]] INFO  delegation.AbstractDelegationTokenSecretManager (AbstractDelegationTokenSecretManager.java:updateCurrentKey(411)) - Updating the current master key for generating delegation tokens
2023-06-23 00:37:17,495 [main] INFO  core.PackagesResourceConfig (PackagesResourceConfig.java:init(101)) - Scanning for root resource and provider classes in the packages:
  org.apache.hadoop.crypto.key.kms.server
2023-06-23 00:37:17,538 [main] INFO  core.ScanningResourceConfig (ScanningResourceConfig.java:logClasses(153)) - Root resource classes found:
  class org.apache.hadoop.crypto.key.kms.server.KMS
2023-06-23 00:37:17,539 [main] INFO  core.ScanningResourceConfig (ScanningResourceConfig.java:logClasses(153)) - Provider classes found:
  class org.apache.hadoop.crypto.key.kms.server.KMSJSONWriter
  class org.apache.hadoop.crypto.key.kms.server.KMSExceptionsProvider
  class org.apache.hadoop.crypto.key.kms.server.KMSJSONReader
2023-06-23 00:37:17,666 [main] INFO  application.WebApplicationImpl (WebApplicationImpl.java:_initiate(815)) - Initiating Jersey application, version 'Jersey: 1.19 02/11/2015 03:25 AM'
2023-06-23 00:37:18,514 [main] INFO  handler.ContextHandler (ContextHandler.java:doStart(921)) - Started o.e.j.w.WebAppContext@47a4eee2{kms,/,file:///home/runner/work/ozone/ozone/hadoop-ozone/integration-test/target/tmp/kms/webapp/,AVAILABLE}{jar:file:/home/runner/.m2/repository/org/apache/hadoop/hadoop-kms/3.3.5/hadoop-kms-3.3.5.jar!/webapps/kms}
2023-06-23 00:37:18,526 [main] INFO  server.AbstractConnector (AbstractConnector.java:doStart(333)) - Started ServerConnector@70f822e{HTTP/1.1, (http/1.1)}{localhost:37261}
2023-06-23 00:37:18,527 [main] INFO  server.Server (Server.java:doStart(415)) - Started @3403ms
2023-06-23 00:37:18,590 [main] WARN  impl.MetricsConfig (MetricsConfig.java:loadFirst(136)) - Cannot locate configuration: tried hadoop-metrics2-kms.properties,hadoop-metrics2.properties
2023-06-23 00:37:18,602 [main] INFO  impl.MetricsSystemImpl (MetricsSystemImpl.java:startTimer(378)) - Scheduled Metric snapshot period at 10 second(s).
2023-06-23 00:37:18,602 [main] INFO  impl.MetricsSystemImpl (MetricsSystemImpl.java:start(191)) - KMS metrics system started
2023-06-23 00:37:18,687 [org.apache.hadoop.util.JvmPauseMonitor$Monitor@6d5f4900] INFO  util.JvmPauseMonitor (JvmPauseMonitor.java:run(188)) - Starting JVM pause monitor
2023-06-23 00:37:18,908 [main] INFO  audit.AuditLogger (AuditLogger.java:refreshDebugCmdSet(126)) - Refresh DebugCmdSet for OMAudit to [].
2023-06-23 00:37:19,816 [main] INFO  utils.SelfSignedCertificate (SelfSignedCertificate.java:generateCertificate(157)) - Certificate 1 is issued by CN=rootCA@localhost,OU=scm1,O=cluster1 to CN=rootCA@localhost,OU=scm1,O=cluster1, valid from Fri Jun 23 00:37:19 UTC 2023 to Mon Jul 31 00:37:19 UTC 2028
2023-06-23 00:37:19,915 [main] WARN  server.ServerUtils (ServerUtils.java:getScmDbDir(155)) - ozone.scm.db.dirs is not configured. We recommend adding this setting. Falling back to ozone.metadata.dirs instead.
2023-06-23 00:37:20,053 [main] INFO  reflections.Reflections (Reflections.java:scan(232)) - Reflections took 107 ms to scan 7 urls, producing 159 keys and 372 values 
2023-06-23 00:37:20,149 [main] WARN  server.ServerUtils (ServerUtils.java:getScmDbDir(155)) - ozone.scm.db.dirs is not configured. We recommend adding this setting. Falling back to ozone.metadata.dirs instead.
2023-06-23 00:37:20,152 [main] INFO  ha.SCMHANodeDetails (SCMHANodeDetails.java:loadSCMHAConfig(210)) - ServiceID for StorageContainerManager is null
2023-06-23 00:37:20,160 [main] WARN  ha.SCMHANodeDetails (SCMHANodeDetails.java:validateSCMHAConfig(183)) - Invalid config ozone.scm.ratis.enable. The config was not specified, but the default value true conflicts with the expected config value false. Falling back to the expected value. Current State of SCM: SCM is running in Non-HA without Ratis Ratis SCM -> Non Ratis SCM or Non HA SCM -> HA SCM is not supported
2023-06-23 00:37:20,161 [main] INFO  ha.SCMHANodeDetails (SCMHANodeDetails.java:loadSCMHAConfig(215)) - ozone.scm.default.service.id is not defined, falling back to ozone.scm.service.ids to find serviceID for StorageContainerManager if it is HA enabled cluster
2023-06-23 00:37:20,340 [main] WARN  utils.HAUtils (HAUtils.java:getMetaDir(339)) - ozone.scm.db.dirs is not configured. We recommend adding this setting. Falling back to ozone.metadata.dirs instead.
2023-06-23 00:37:20,483 [main] WARN  db.DBStoreBuilder (DBStoreBuilder.java:applyDBDefinition(166)) - ozone.scm.db.dirs is not configured. We recommend adding this setting. Falling back to ozone.metadata.dirs instead.
2023-06-23 00:37:20,705 [main] INFO  net.NodeSchemaLoader (NodeSchemaLoader.java:loadSchemaFromFile(129)) - Loading schema from [jar:file:/home/runner/.m2/repository/org/apache/ozone/hdds-common/1.4.0-SNAPSHOT/hdds-common-1.4.0-SNAPSHOT.jar!/network-topology-default.xml]
2023-06-23 00:37:20,707 [main] INFO  net.NodeSchemaLoader (NodeSchemaLoader.java:loadSchema(176)) - Loading network topology layer schema file
2023-06-23 00:37:20,742 [main] INFO  metrics.MetricRegistries (MetricRegistriesLoader.java:load(64)) - Loaded MetricRegistries class org.apache.ratis.metrics.impl.MetricRegistriesImpl
2023-06-23 00:37:20,758 [main] INFO  upgrade.AbstractLayoutVersionManager (AbstractLayoutVersionManager.java:init(83)) - Initializing Layout version manager with metadata layout = HADOOP_PRC_PORTS_IN_DATANODEDETAILS (version = 7), software layout = HADOOP_PRC_PORTS_IN_DATANODEDETAILS (version = 7)
2023-06-23 00:37:20,883 [main] INFO  ha.SequenceIdGenerator (SequenceIdGenerator.java:upgradeToSequenceId(349)) - upgrade localId to 111677748019200000
2023-06-23 00:37:20,884 [main] INFO  ha.SequenceIdGenerator (SequenceIdGenerator.java:upgradeToSequenceId(359)) - upgrade delTxnId to 0
2023-06-23 00:37:20,891 [main] INFO  ha.SequenceIdGenerator (SequenceIdGenerator.java:upgradeToSequenceId(376)) - upgrade containerId to 0
2023-06-23 00:37:20,893 [main] INFO  ha.SequenceIdGenerator (SequenceIdGenerator.java:<init>(220)) - Init the HA SequenceIdGenerator.
2023-06-23 00:37:20,943 [main] WARN  server.ServerUtils (ServerUtils.java:sanitizeUserArgs(80)) - ozone.scm.stale.node.interval value = 300000 is larger than max = 100000 based on the key value of ozone.scm.heartbeat.thread.interval, reset to the max value 100000.
2023-06-23 00:37:20,943 [main] WARN  server.ServerUtils (ServerUtils.java:sanitizeUserArgs(80)) - ozone.scm.stale.node.interval value = 300000 is larger than max = 100000 based on the key value of ozone.scm.heartbeat.thread.interval, reset to the max value 100000.
2023-06-23 00:37:20,947 [main] INFO  node.SCMNodeManager (SCMNodeManager.java:<init>(158)) - Entering startup safe mode.
2023-06-23 00:37:20,964 [main] INFO  algorithms.ContainerPlacementPolicyFactory (ContainerPlacementPolicyFactory.java:getPolicyInternal(86)) - Create container placement policy of type org.apache.hadoop.hdds.scm.container.placement.algorithms.SCMContainerPlacementRackAware
2023-06-23 00:37:20,967 [main] INFO  algorithms.ContainerPlacementPolicyFactory (ContainerPlacementPolicyFactory.java:getPolicyInternal(86)) - Create container placement policy of type org.apache.hadoop.hdds.scm.container.placement.algorithms.SCMContainerPlacementRackScatter
2023-06-23 00:37:20,975 [main] INFO  pipeline.PipelineStateManagerImpl (PipelineStateManagerImpl.java:initialize(78)) - No pipeline exists in current db
2023-06-23 00:37:20,988 [main] INFO  algorithms.LeaderChoosePolicyFactory (LeaderChoosePolicyFactory.java:getPolicy(57)) - Create leader choose policy of type org.apache.hadoop.hdds.scm.pipeline.leader.choose.algorithms.MinLeaderCountChoosePolicy
2023-06-23 00:37:20,989 [main] INFO  algorithms.ContainerPlacementPolicyFactory (ContainerPlacementPolicyFactory.java:getPolicyInternal(86)) - Create container placement policy of type org.apache.hadoop.hdds.scm.container.placement.algorithms.SCMContainerPlacementRackScatter
2023-06-23 00:37:20,995 [main] INFO  ha.SCMServiceManager (SCMServiceManager.java:register(42)) - Registering service BackgroundPipelineCreator.
2023-06-23 00:37:20,995 [main] INFO  pipeline.BackgroundPipelineCreator (BackgroundPipelineCreator.java:start(124)) - Starting RatisPipelineUtilsThread.
2023-06-23 00:37:21,000 [main] INFO  BackgroundPipelineScrubber (BackgroundSCMService.java:start(68)) - Starting BackgroundPipelineScrubber Service.
2023-06-23 00:37:21,001 [main] INFO  ha.SCMServiceManager (SCMServiceManager.java:register(42)) - Registering service BackgroundPipelineScrubber.
2023-06-23 00:37:21,007 [main] INFO  ExpiredContainerReplicaOpScrubber (BackgroundSCMService.java:start(68)) - Starting ExpiredContainerReplicaOpScrubber Service.
2023-06-23 00:37:21,008 [main] INFO  ha.SCMServiceManager (SCMServiceManager.java:register(42)) - Registering service ExpiredContainerReplicaOpScrubber.
2023-06-23 00:37:21,040 [main] INFO  algorithms.PipelineChoosePolicyFactory (PipelineChoosePolicyFactory.java:createPipelineChoosePolicyFromClass(73)) - Create pipeline choose policy of type org.apache.hadoop.hdds.scm.pipeline.choose.algorithms.RandomPipelineChoosePolicy
2023-06-23 00:37:21,059 [main] INFO  ha.SCMServiceManager (SCMServiceManager.java:register(42)) - Registering service SCMBlockDeletingService.
2023-06-23 00:37:21,113 [main] INFO  replication.ReplicationManager (ReplicationManager.java:start(286)) - Starting Replication Monitor Thread.
2023-06-23 00:37:21,122 [main] INFO  ha.SCMServiceManager (SCMServiceManager.java:register(42)) - Registering service ReplicationManager.
2023-06-23 00:37:21,126 [ReplicationMonitor] INFO  replication.ReplicationManager (ReplicationManager.java:processAll(361)) - Replication Manager is not ready to run until 3000ms after safemode exit
2023-06-23 00:37:21,131 [main] INFO  safemode.ContainerSafeModeRule (ContainerSafeModeRule.java:<init>(89)) - containers with one replica threshold count 0
2023-06-23 00:37:21,135 [main] INFO  safemode.HealthyPipelineSafeModeRule (HealthyPipelineSafeModeRule.java:initializeRule(169)) - Total pipeline count is 0, healthy pipeline threshold count is 1
2023-06-23 00:37:21,137 [main] INFO  safemode.OneReplicaPipelineSafeModeRule (OneReplicaPipelineSafeModeRule.java:initializeRule(180)) - Total pipeline count is 0, pipeline's with at least one datanode reported threshold count is 0
2023-06-23 00:37:21,149 [main] INFO  server.StorageContainerManager (StorageContainerManager.java:<init>(420)) - SCM start with adminUsers: [runner]
2023-06-23 00:37:21,173 [main] INFO  audit.AuditLogger (AuditLogger.java:refreshDebugCmdSet(126)) - Refresh DebugCmdSet for SCMAudit to [].
2023-06-23 00:37:21,202 [main] INFO  ipc.CallQueueManager (CallQueueManager.java:<init>(90)) - Using callQueue: class java.util.concurrent.LinkedBlockingQueue, queueCapacity: 2000, scheduler: class org.apache.hadoop.ipc.DefaultRpcScheduler, ipcBackoff: false.
2023-06-23 00:37:21,236 [Socket Reader #1 for port 15002] INFO  ipc.Server (Server.java:run(1319)) - Starting Socket Reader #1 for port 15002
2023-06-23 00:37:21,280 [Listener at 0.0.0.0/15002] INFO  hdds.HddsUtils (HddsUtils.java:preserveThreadName(848)) - Restoring thread name: main
2023-06-23 00:37:21,302 [main] INFO  audit.AuditLogger (AuditLogger.java:refreshDebugCmdSet(126)) - Refresh DebugCmdSet for SCMAudit to [].
2023-06-23 00:37:21,307 [main] INFO  ipc.CallQueueManager (CallQueueManager.java:<init>(90)) - Using callQueue: class java.util.concurrent.LinkedBlockingQueue, queueCapacity: 2000, scheduler: class org.apache.hadoop.ipc.DefaultRpcScheduler, ipcBackoff: false.
2023-06-23 00:37:21,308 [Socket Reader #1 for port 15001] INFO  ipc.Server (Server.java:run(1319)) - Starting Socket Reader #1 for port 15001
2023-06-23 00:37:21,312 [Listener at 0.0.0.0/15001] INFO  hdds.HddsUtils (HddsUtils.java:preserveThreadName(848)) - Restoring thread name: main
2023-06-23 00:37:21,339 [main] INFO  audit.AuditLogger (AuditLogger.java:refreshDebugCmdSet(126)) - Refresh DebugCmdSet for SCMAudit to [].
2023-06-23 00:37:21,350 [main] INFO  ipc.CallQueueManager (CallQueueManager.java:<init>(90)) - Using callQueue: class java.util.concurrent.LinkedBlockingQueue, queueCapacity: 2000, scheduler: class org.apache.hadoop.ipc.DefaultRpcScheduler, ipcBackoff: false.
2023-06-23 00:37:21,351 [Socket Reader #1 for port 15000] INFO  ipc.Server (Server.java:run(1319)) - Starting Socket Reader #1 for port 15000
2023-06-23 00:37:21,356 [Listener at 0.0.0.0/15000] INFO  hdds.HddsUtils (HddsUtils.java:preserveThreadName(848)) - Restoring thread name: main
2023-06-23 00:37:21,405 [main] INFO  ha.SCMServiceManager (SCMServiceManager.java:register(42)) - Registering service ContainerBalancer.
2023-06-23 00:37:21,405 [main] INFO  server.StorageContainerManager (StorageContainerManager.java:<init>(433)) - 
Container Balancer status:
Key                            Value
Running                        false
Container Balancer Configuration values:
Key                                                Value
Threshold                                          10
Max Datanodes to Involve per Iteration(percent)    20
Max Size to Move per Iteration                     500GB
Max Size Entering Target per Iteration             26GB
Max Size Leaving Source per Iteration              26GB

2023-06-23 00:37:21,406 [main] INFO  ha.SCMContext (SCMContext.java:updateSafeModeStatus(228)) - Update SafeModeStatus from SafeModeStatus{safeModeStatus=true, preCheckPassed=false} to SafeModeStatus{safeModeStatus=true, preCheckPassed=false}.
2023-06-23 00:37:21,409 [main] INFO  server.StorageContainerManager (StorageContainerManager.java:start(1487)) - StorageContainerLocationProtocol RPC server is listening at /0.0.0.0:15000
2023-06-23 00:37:21,409 [main] INFO  impl.MetricsSystemImpl (MetricsSystemImpl.java:init(158)) - StorageContainerManager metrics system started (again)
2023-06-23 00:37:21,429 [main] INFO  server.SCMClientProtocolServer (SCMClientProtocolServer.java:start(201)) - RPC server for Client  is listening at /0.0.0.0:15000
2023-06-23 00:37:21,429 [IPC Server Responder] INFO  ipc.Server (Server.java:run(1558)) - IPC Server Responder: starting
2023-06-23 00:37:21,436 [IPC Server listener on 15000] INFO  ipc.Server (Server.java:run(1398)) - IPC Server listener on 15000: starting
2023-06-23 00:37:21,446 [main] INFO  server.StorageContainerManager (StorageContainerManager.java:start(1500)) - ScmBlockLocationProtocol RPC server is listening at /0.0.0.0:15001
2023-06-23 00:37:21,447 [main] INFO  server.SCMBlockProtocolServer (SCMBlockProtocolServer.java:start(152)) - RPC server for Block Protocol is listening at /0.0.0.0:15001
2023-06-23 00:37:21,447 [IPC Server Responder] INFO  ipc.Server (Server.java:run(1558)) - IPC Server Responder: starting
2023-06-23 00:37:21,448 [IPC Server listener on 15001] INFO  ipc.Server (Server.java:run(1398)) - IPC Server listener on 15001: starting
2023-06-23 00:37:21,451 [main] INFO  server.SCMDatanodeProtocolServer (SCMDatanodeProtocolServer.java:start(193)) - ScmDatanodeProtocol RPC server for DataNodes is listening at /0.0.0.0:15002
2023-06-23 00:37:21,489 [IPC Server listener on 15002] INFO  ipc.Server (Server.java:run(1398)) - IPC Server listener on 15002: starting
2023-06-23 00:37:21,489 [IPC Server Responder] INFO  ipc.Server (Server.java:run(1558)) - IPC Server Responder: starting
2023-06-23 00:37:21,489 [main] INFO  http.BaseHttpServer (BaseHttpServer.java:newHttpServer2BuilderForOzone(224)) - Starting Web-server for scm at: http://0.0.0.0:15003
2023-06-23 00:37:21,497 [main] INFO  http.BaseHttpServer (BaseHttpServer.java:<init>(111)) - Hadoop Security Enabled: false Ozone Security Enabled: false Ozone HTTP Security Enabled: false 
2023-06-23 00:37:21,494 [JvmPauseMonitor0] INFO  util.JvmPauseMonitor (JvmPauseMonitor.java:run(103)) - JvmPauseMonitor-d422b4de-b1ad-40a9-9d33-0c3db83132e3: Started
2023-06-23 00:37:21,528 [main] WARN  server.AuthenticationFilter (AuthenticationFilter.java:constructSecretProvider(240)) - Unable to initialize FileSignerSecretProvider, falling back to use random secrets. Reason: Could not read signature secret file: /home/runner/hadoop-http-auth-signature-secret
2023-06-23 00:37:21,532 [main] INFO  http.HttpRequestLog (HttpRequestLog.java:getRequestLog(86)) - Http request log for http.requests.scm is not defined
2023-06-23 00:37:21,540 [main] INFO  http.HttpServer2 (HttpServer2.java:addGlobalFilter(1031)) - Added global filter 'safety' (class=org.apache.hadoop.hdds.server.http.HttpServer2$QuotingInputFilter)
2023-06-23 00:37:21,541 [main] INFO  http.HttpServer2 (HttpServer2.java:addFilter(1007)) - Added filter static_user_filter (class=org.apache.hadoop.http.lib.StaticUserWebFilter$StaticUserFilter) to context scm
2023-06-23 00:37:21,542 [main] INFO  http.HttpServer2 (HttpServer2.java:addFilter(1015)) - Added filter static_user_filter (class=org.apache.hadoop.http.lib.StaticUserWebFilter$StaticUserFilter) to context logs
2023-06-23 00:37:21,542 [main] INFO  http.HttpServer2 (HttpServer2.java:addFilter(1015)) - Added filter static_user_filter (class=org.apache.hadoop.http.lib.StaticUserWebFilter$StaticUserFilter) to context static
2023-06-23 00:37:21,548 [main] INFO  http.BaseHttpServer (BaseHttpServer.java:<init>(190)) - HTTP server of scm uses base directory /home/runner/work/ozone/ozone/hadoop-ozone/integration-test/target/test-dir/MiniOzoneClusterImpl-3c3985d8-3248-4f19-a32f-4442bec32466/ozone-meta/webserver
2023-06-23 00:37:21,550 [main] INFO  http.HttpServer2 (HttpServer2.java:bindListener(1250)) - Jetty bound to port 15003
2023-06-23 00:37:21,550 [main] INFO  server.Server (Server.java:doStart(375)) - jetty-9.4.51.v20230217; built: 2023-02-17T08:19:37.309Z; git: b45c405e4544384de066f814ed42ae3dceacdd49; jvm 1.8.0_372-b07
2023-06-23 00:37:21,557 [main] INFO  server.session (DefaultSessionIdManager.java:doStart(334)) - DefaultSessionIdManager workerName=node0
2023-06-23 00:37:21,557 [main] INFO  server.session (DefaultSessionIdManager.java:doStart(339)) - No SessionScavenger set, using defaults
2023-06-23 00:37:21,557 [main] INFO  server.session (HouseKeeper.java:startScavenging(132)) - node0 Scavenging every 600000ms
2023-06-23 00:37:21,560 [main] INFO  handler.ContextHandler (ContextHandler.java:doStart(921)) - Started o.e.j.s.ServletContextHandler@ac51234{logs,/logs,file:///home/runner/work/ozone/ozone/hadoop-ozone/integration-test/target/log,AVAILABLE}
2023-06-23 00:37:21,560 [main] INFO  handler.ContextHandler (ContextHandler.java:doStart(921)) - Started o.e.j.s.ServletContextHandler@6068e9d9{static,/static,file:///home/runner/work/ozone/ozone/hadoop-ozone/integration-test/target/test-classes/webapps/static,AVAILABLE}
2023-06-23 00:37:21,566 [main] INFO  handler.ContextHandler (ContextHandler.java:doStart(921)) - Started o.e.j.w.WebAppContext@3f5fd883{scm,/,file:///home/runner/work/ozone/ozone/hadoop-ozone/integration-test/target/test-classes/webapps/scm/,AVAILABLE}{file:/home/runner/work/ozone/ozone/hadoop-ozone/integration-test/target/test-classes/webapps/scm}
2023-06-23 00:37:21,568 [main] INFO  server.AbstractConnector (AbstractConnector.java:doStart(333)) - Started ServerConnector@ba6907f{HTTP/1.1, (http/1.1)}{0.0.0.0:15003}
2023-06-23 00:37:21,568 [main] INFO  server.Server (Server.java:doStart(415)) - Started @6445ms
2023-06-23 00:37:21,572 [main] INFO  impl.MetricsSinkAdapter (MetricsSinkAdapter.java:start(204)) - Sink prometheus started
2023-06-23 00:37:21,572 [main] INFO  impl.MetricsSystemImpl (MetricsSystemImpl.java:registerSink(305)) - Registered sink prometheus
2023-06-23 00:37:21,573 [main] INFO  http.BaseHttpServer (BaseHttpServer.java:updateConnectorAddress(344)) - HTTP server of scm listening at http://0.0.0.0:15003
2023-06-23 00:37:21,576 [main] WARN  server.ServerUtils (ServerUtils.java:getDBPath(311)) - ozone.om.db.dirs is not configured. We recommend adding this setting. Falling back to ozone.metadata.dirs instead.
2023-06-23 00:37:21,585 [main] INFO  ha.OMHANodeDetails (OMHANodeDetails.java:loadOMHAConfig(115)) - ozone.om.internal.service.id is not defined, falling back to ozone.om.service.ids to find serviceID for OzoneManager if it is HA enabled cluster
2023-06-23 00:37:21,589 [main] INFO  ha.OMHANodeDetails (OMHANodeDetails.java:loadOMHAConfig(226)) - Configuration does not have ozone.om.address set. Falling back to the default OM address /127.0.0.1:15004
2023-06-23 00:37:21,589 [main] INFO  ha.OMHANodeDetails (OMHANodeDetails.java:getOMNodeDetailsForNonHA(254)) - OM Service ID is not set. Setting it to the default ID: omServiceIdDefault
2023-06-23 00:37:21,589 [main] INFO  ha.OMHANodeDetails (OMHANodeDetails.java:getOMNodeDetailsForNonHA(261)) - OM Node ID is not set. Setting it to the default ID: om1
2023-06-23 00:37:21,592 [main] WARN  server.ServerUtils (ServerUtils.java:getDBPath(311)) - ozone.om.db.dirs is not configured. We recommend adding this setting. Falling back to ozone.metadata.dirs instead.
2023-06-23 00:37:21,596 [main] INFO  upgrade.AbstractLayoutVersionManager (AbstractLayoutVersionManager.java:init(83)) - Initializing Layout version manager with metadata layout = QUOTA (version = 6), software layout = QUOTA (version = 6)
2023-06-23 00:37:21,687 [main] INFO  reflections.Reflections (Reflections.java:scan(232)) - Reflections took 88 ms to scan 2 urls, producing 184 keys and 505 values [using 2 cores]
2023-06-23 00:37:21,694 [main] INFO  upgrade.OMLayoutVersionManager (OMLayoutVersionManager.java:lambda$0(115)) - Skipping Upgrade Action QuotaRepairUpgradeAction since it has been finalized.
2023-06-23 00:37:21,696 [main] INFO  upgrade.OMLayoutVersionManager (OMLayoutVersionManager.java:lambda$0(115)) - Skipping Upgrade Action MockOmUpgradeAction since it has been finalized.
2023-06-23 00:37:21,698 [main] WARN  server.ServerUtils (ServerUtils.java:getDBPath(311)) - ozone.om.db.dirs is not configured. We recommend adding this setting. Falling back to ozone.metadata.dirs instead.
2023-06-23 00:37:21,846 [main] INFO  proxy.SCMBlockLocationFailoverProxyProvider (SCMBlockLocationFailoverProxyProvider.java:<init>(114)) - Created block location fail-over proxy with 1 nodes: [nodeId=scmNodeId,nodeAddress=/0.0.0.0:15001]
2023-06-23 00:37:21,905 [main] INFO  om.OzoneManager (OzoneManager.java:<init>(654)) - OM start with adminUsers: [runner]
2023-06-23 00:37:21,918 [main] WARN  server.ServerUtils (ServerUtils.java:getDBPath(311)) - ozone.om.db.dirs is not configured. We recommend adding this setting. Falling back to ozone.metadata.dirs instead.
2023-06-23 00:37:21,945 [main] INFO  helpers.OmKeyInfo (OmKeyInfo.java:getCodec(71)) - OmKeyInfo.getCodec ignorePipeline = true
2023-06-23 00:37:22,182 [JvmPauseMonitor0] WARN  util.JvmPauseMonitor (JvmPauseMonitor.java:detectPause(124)) - JvmPauseMonitor-d422b4de-b1ad-40a9-9d33-0c3db83132e3: Detected pause in JVM or host machine approximately 0.136s with 0.145s GC time.
GC pool 'PS MarkSweep' had collection(s): count=1 time=123ms
GC pool 'PS Scavenge' had collection(s): count=1 time=22ms
2023-06-23 00:37:22,373 [main] INFO  om.OzoneManager (OzoneManager.java:instantiateServices(783)) - S3 Multi-Tenancy is disabled
2023-06-23 00:37:22,384 [main] INFO  security.OzoneSecretStore (OzoneSecretStore.java:loadState(69)) - Loaded 0 tokens
2023-06-23 00:37:22,385 [main] INFO  security.OzoneDelegationTokenSecretManager (OzoneDelegationTokenSecretManager.java:loadTokenSecretState(530)) - Loading token state into token manager.
2023-06-23 00:37:22,407 [main] INFO  om.OmSnapshotManager (OmSnapshotManager.java:<init>(177)) - Ozone filesystem snapshot feature is enabled.
2023-06-23 00:37:22,416 [main] WARN  server.ServerUtils (ServerUtils.java:getDBPath(311)) - ozone.om.snapshot.diff.db.dir is not configured. We recommend adding this setting. Falling back to ozone.metadata.dirs instead.
2023-06-23 00:37:22,452 [main] INFO  utils.NativeLibraryLoader (NativeLibraryLoader.java:loadLibrary(105)) - Loading Library: ozone_rocksdb_tools
2023-06-23 00:37:22,453 [main] INFO  snapshot.SnapshotDiffManager (SnapshotDiffManager.java:closeExecutorService(1599)) - Shutting down executorService: 'SstDumpToolExecutor'
2023-06-23 00:37:22,532 [main] INFO  om.OzoneManager (OzoneManager.java:addS3GVolumeToDB(4258)) - Created Volume s3v With Owner runner required for S3Gateway operations.
2023-06-23 00:37:22,593 [main] WARN  server.ServerUtils (ServerUtils.java:getDefaultRatisDirectory(323)) - Storage directory for Ratis is not configured. It is a good idea to map this to an SSD disk. Falling back to ozone.metadata.dirs
2023-06-23 00:37:22,593 [main] WARN  utils.OzoneManagerRatisUtils (OzoneManagerRatisUtils.java:getOMRatisSnapshotDirectory(461)) - ozone.om.ratis.snapshot.dir is not configured. Falling back to ozone.metadata.dirs config
2023-06-23 00:37:22,607 [main] WARN  server.ServerUtils (ServerUtils.java:getDefaultRatisDirectory(323)) - Storage directory for Ratis is not configured. It is a good idea to map this to an SSD disk. Falling back to ozone.metadata.dirs
2023-06-23 00:37:22,630 [main] INFO  ratis.OzoneManagerRatisServer (OzoneManagerRatisServer.java:<init>(163)) - Instantiating OM Ratis server with groupID: omServiceIdDefault and peers: localhost:15007
2023-06-23 00:37:22,642 [main] INFO  ratis.OzoneManagerStateMachine (OzoneManagerStateMachine.java:loadSnapshotInfoFromDB(670)) - LastAppliedIndex is set from TransactionInfo from OM DB as (t:0, i:~)
2023-06-23 00:37:22,702 [main] INFO  server.RaftServer (ConfUtils.java:logGet(46)) - raft.rpc.type = GRPC (default)
2023-06-23 00:37:22,712 [main] INFO  grpc.GrpcConfigKeys (ConfUtils.java:logFallback(53)) - raft.grpc.admin.host = null (fallback to raft.grpc.server.host)
2023-06-23 00:37:22,713 [main] INFO  grpc.GrpcConfigKeys (ConfUtils.java:logFallback(53)) - raft.grpc.admin.port = 15007 (fallback to raft.grpc.server.port)
2023-06-23 00:37:22,714 [main] INFO  grpc.GrpcConfigKeys (ConfUtils.java:logFallback(53)) - raft.grpc.client.host = null (fallback to raft.grpc.server.host)
2023-06-23 00:37:22,714 [main] INFO  grpc.GrpcConfigKeys (ConfUtils.java:logFallback(53)) - raft.grpc.client.port = 15007 (fallback to raft.grpc.server.port)
2023-06-23 00:37:22,714 [main] INFO  grpc.GrpcConfigKeys (ConfUtils.java:logGet(46)) - raft.grpc.server.host = null (default)
2023-06-23 00:37:22,714 [main] INFO  grpc.GrpcConfigKeys (ConfUtils.java:logGet(46)) - raft.grpc.server.port = 15007 (custom)
2023-06-23 00:37:22,715 [main] INFO  server.GrpcService (ConfUtils.java:logGet(46)) - raft.grpc.message.size.max = 33554432 (custom)
2023-06-23 00:37:22,718 [main] INFO  server.RaftServerConfigKeys (ConfUtils.java:logGet(46)) - raft.server.log.appender.buffer.byte-limit = 33554432 (custom)
2023-06-23 00:37:22,718 [main] INFO  server.GrpcService (ConfUtils.java:logGet(46)) - raft.grpc.flow.control.window = 1MB (=1048576) (default)
2023-06-23 00:37:22,719 [main] INFO  server.RaftServerConfigKeys (ConfUtils.java:logGet(46)) - raft.server.rpc.request.timeout = 3000ms (default)
2023-06-23 00:37:22,720 [main] INFO  grpc.GrpcConfigKeys (ConfUtils.java:logGet(46)) - raft.grpc.server.heartbeat.channel = true (default)
2023-06-23 00:37:22,723 [main] INFO  grpc.GrpcConfigKeys (ConfUtils.java:logGet(46)) - raft.grpc.server.async.request.thread.pool.cached = true (default)
2023-06-23 00:37:22,723 [main] INFO  grpc.GrpcConfigKeys (ConfUtils.java:logGet(46)) - raft.grpc.server.async.request.thread.pool.size = 32 (default)
2023-06-23 00:37:22,929 [main] INFO  impl.DataStreamServerImpl (ConfUtils.java:logGet(46)) - raft.datastream.type = DISABLED (default)
2023-06-23 00:37:22,933 [main] INFO  server.RaftServerConfigKeys (ConfUtils.java:logGet(46)) - raft.server.threadpool.proxy.cached = true (default)
2023-06-23 00:37:22,933 [main] INFO  server.RaftServerConfigKeys (ConfUtils.java:logGet(46)) - raft.server.threadpool.proxy.size = 0 (default)
2023-06-23 00:37:22,933 [main] INFO  server.RaftServerConfigKeys (ConfUtils.java:logGet(46)) - raft.server.rpc.slowness.timeout = 120s (custom)
2023-06-23 00:37:22,933 [main] INFO  server.RaftServerConfigKeys (ConfUtils.java:logGet(46)) - raft.server.leaderelection.leader.step-down.wait-time = 10s (default)
2023-06-23 00:37:22,938 [main] INFO  server.RaftServerConfigKeys (ConfUtils.java:logGet(46)) - raft.server.storage.dir = [/home/runner/work/ozone/ozone/hadoop-ozone/integration-test/target/test-dir/MiniOzoneClusterImpl-3c3985d8-3248-4f19-a32f-4442bec32466/ozone-meta/ratis] (custom)
2023-06-23 00:37:22,947 [main] INFO  server.RaftServer (RaftServerProxy.java:addNew(98)) - om1: addNew group-C5BA1605619E:[om1|rpc:localhost:15007|priority:0|startupRole:FOLLOWER] returns group-C5BA1605619E:java.util.concurrent.CompletableFuture@57336465[Not completed]
2023-06-23 00:37:22,947 [main] INFO  om.OzoneManager (OzoneManager.java:initializeRatisServer(2128)) - OzoneManager Ratis server initialized at port 15007
2023-06-23 00:37:22,950 [main] INFO  om.OzoneManager (OzoneManager.java:getRpcServer(1176)) - Creating RPC Server
2023-06-23 00:37:22,969 [om1-groupManagement] INFO  server.RaftServer$Division (RaftServerImpl.java:<init>(198)) - om1: new RaftServerImpl for group-C5BA1605619E:[om1|rpc:localhost:15007|priority:0|startupRole:FOLLOWER] with OzoneManagerStateMachine:uninitialized
2023-06-23 00:37:22,971 [om1-groupManagement] INFO  server.RaftServerConfigKeys (ConfUtils.java:logGet(46)) - raft.server.rpc.timeout.min = 1s (custom)
2023-06-23 00:37:22,971 [om1-groupManagement] INFO  server.RaftServerConfigKeys (ConfUtils.java:logGet(46)) - raft.server.rpc.timeout.max = 1200ms (custom)
2023-06-23 00:37:22,971 [om1-groupManagement] INFO  server.RaftServerConfigKeys (ConfUtils.java:logGet(46)) - raft.server.rpc.sleep.time = 25ms (default)
2023-06-23 00:37:22,971 [om1-groupManagement] INFO  server.RaftServerConfigKeys (ConfUtils.java:logGet(46)) - raft.server.rpc.slowness.timeout = 120s (custom)
2023-06-23 00:37:22,972 [om1-groupManagement] INFO  server.RaftServerConfigKeys (ConfUtils.java:logGet(46)) - raft.server.leaderelection.leader.step-down.wait-time = 10s (default)
2023-06-23 00:37:22,975 [om1-groupManagement] INFO  server.RaftServerConfigKeys (ConfUtils.java:logGet(46)) - raft.server.sleep.deviation.threshold = 300ms (default)
2023-06-23 00:37:22,983 [om1-groupManagement] INFO  server.RaftServer$Division (ServerState.java:<init>(120)) - om1@group-C5BA1605619E: ConfigurationManager, init=-1: peers:[om1|rpc:localhost:15007|priority:0|startupRole:FOLLOWER]|listeners:[], old=null, confs=<EMPTY_MAP>
2023-06-23 00:37:22,984 [om1-groupManagement] INFO  server.RaftServerConfigKeys (ConfUtils.java:logGet(46)) - raft.server.storage.dir = [/home/runner/work/ozone/ozone/hadoop-ozone/integration-test/target/test-dir/MiniOzoneClusterImpl-3c3985d8-3248-4f19-a32f-4442bec32466/ozone-meta/ratis] (custom)
2023-06-23 00:37:22,990 [om1-groupManagement] INFO  server.RaftServerConfigKeys (ConfUtils.java:logGet(46)) - raft.server.log.corruption.policy = EXCEPTION (default)
2023-06-23 00:37:22,990 [om1-groupManagement] INFO  server.RaftServerConfigKeys (ConfUtils.java:logGet(46)) - raft.server.storage.free-space.min = 0MB (=0) (default)
2023-06-23 00:37:23,000 [om1-groupManagement] INFO  server.RaftServerConfigKeys (ConfUtils.java:logGet(46)) - raft.server.notification.no-leader.timeout = 120s (custom)
2023-06-23 00:37:23,004 [om1-groupManagement] INFO  server.RaftServerConfigKeys (ConfUtils.java:logGet(46)) - raft.server.read.timeout = 10s (default)
2023-06-23 00:37:23,008 [om1-groupManagement] INFO  server.RaftServerConfigKeys (ConfUtils.java:logGet(46)) - raft.server.retrycache.expirytime = 300s (custom)
2023-06-23 00:37:23,008 [om1-groupManagement] INFO  server.RaftServerConfigKeys (ConfUtils.java:logGet(46)) - raft.server.retrycache.statistics.expirytime = 100μs (default)
2023-06-23 00:37:23,037 [om1-groupManagement] INFO  server.RaftServerConfigKeys (ConfUtils.java:logGet(46)) - raft.server.read.option = DEFAULT (default)
2023-06-23 00:37:23,107 [om1-groupManagement] INFO  server.RaftServerConfigKeys (ConfUtils.java:logGet(46)) - raft.server.rpc.request.timeout = 3000ms (default)
2023-06-23 00:37:23,109 [om1-groupManagement] INFO  server.RaftServerConfigKeys (ConfUtils.java:logGet(46)) - raft.server.log.appender.install.snapshot.enabled = false (custom)
2023-06-23 00:37:23,110 [om1-groupManagement] INFO  server.RaftServerConfigKeys (ConfUtils.java:logGet(46)) - raft.server.threadpool.server.cached = true (default)
2023-06-23 00:37:23,110 [om1-groupManagement] INFO  server.RaftServerConfigKeys (ConfUtils.java:logGet(46)) - raft.server.threadpool.server.size = 0 (default)
2023-06-23 00:37:23,110 [om1-groupManagement] INFO  server.RaftServerConfigKeys (ConfUtils.java:logGet(46)) - raft.server.threadpool.client.cached = true (default)
2023-06-23 00:37:23,111 [om1-groupManagement] INFO  server.RaftServerConfigKeys (ConfUtils.java:logGet(46)) - raft.server.threadpool.client.size = 0 (default)
2023-06-23 00:37:23,677 [main] INFO  reflections.Reflections (Reflections.java:scan(232)) - Reflections took 650 ms to scan 19 urls, producing 69 keys and 5410 values [using 2 cores]
2023-06-23 00:37:23,856 [main] INFO  ipc.CallQueueManager (CallQueueManager.java:<init>(90)) - Using callQueue: class java.util.concurrent.LinkedBlockingQueue, queueCapacity: 2000, scheduler: class org.apache.hadoop.ipc.DefaultRpcScheduler, ipcBackoff: false.
2023-06-23 00:37:23,863 [Socket Reader #1 for port 15004] INFO  ipc.Server (Server.java:run(1319)) - Starting Socket Reader #1 for port 15004
2023-06-23 00:37:23,889 [Listener at 127.0.0.1/15004] INFO  hdds.HddsUtils (HddsUtils.java:preserveThreadName(848)) - Restoring thread name: main
2023-06-23 00:37:23,935 [main] INFO  impl.MetricsSystemImpl (MetricsSystemImpl.java:init(158)) - OzoneManager metrics system started (again)
2023-06-23 00:37:23,962 [main] INFO  om.OzoneManager (OzoneManager.java:start(1606)) - OzoneManager RPC server is listening at localhost/127.0.0.1:15004
2023-06-23 00:37:23,962 [main] INFO  ratis.OzoneManagerRatisServer (OzoneManagerRatisServer.java:start(558)) - Starting OzoneManagerRatisServer om1 at port 15007
2023-06-23 00:37:23,968 [om1-impl-thread1] INFO  storage.RaftStorageDirectory (RaftStorageDirectoryImpl.java:analyzeStorage(137)) - The storage directory /home/runner/work/ozone/ozone/hadoop-ozone/integration-test/target/test-dir/MiniOzoneClusterImpl-3c3985d8-3248-4f19-a32f-4442bec32466/ozone-meta/ratis/bf265839-605b-3f16-9796-c5ba1605619e does not exist. Creating ...
2023-06-23 00:37:23,972 [om1-impl-thread1] INFO  storage.RaftStorageDirectory (RaftStorageDirectoryImpl.java:tryLock(231)) - Lock on /home/runner/work/ozone/ozone/hadoop-ozone/integration-test/target/test-dir/MiniOzoneClusterImpl-3c3985d8-3248-4f19-a32f-4442bec32466/ozone-meta/ratis/bf265839-605b-3f16-9796-c5ba1605619e/in_use.lock acquired by nodename 61456@fv-az570-151
2023-06-23 00:37:23,981 [om1-impl-thread1] INFO  storage.RaftStorage (RaftStorageImpl.java:format(96)) - Storage directory /home/runner/work/ozone/ozone/hadoop-ozone/integration-test/target/test-dir/MiniOzoneClusterImpl-3c3985d8-3248-4f19-a32f-4442bec32466/ozone-meta/ratis/bf265839-605b-3f16-9796-c5ba1605619e has been successfully formatted.
2023-06-23 00:37:23,984 [om1-impl-thread1] INFO  server.RaftServerConfigKeys (ConfUtils.java:logGet(46)) - raft.server.log.use.memory = false (default)
2023-06-23 00:37:23,997 [om1-impl-thread1] INFO  server.RaftServerConfigKeys (ConfUtils.java:logGet(46)) - raft.server.log.purge.gap = 1000000 (custom)
2023-06-23 00:37:23,997 [om1-impl-thread1] INFO  server.RaftServerConfigKeys (ConfUtils.java:logGet(46)) - raft.server.log.appender.buffer.byte-limit = 33554432 (custom)
2023-06-23 00:37:24,008 [om1-impl-thread1] INFO  server.RaftServerConfigKeys (ConfUtils.java:logGet(46)) - raft.server.log.statemachine.data.read.timeout = 1000ms (default)
2023-06-23 00:37:24,011 [om1-impl-thread1] INFO  server.RaftServerConfigKeys (ConfUtils.java:logGet(46)) - raft.server.log.purge.preservation.log.num = 0 (default)
2023-06-23 00:37:24,013 [om1-impl-thread1] INFO  server.RaftServerConfigKeys (ConfUtils.java:logGet(46)) - raft.server.log.segment.size.max = 4194304 (custom)
2023-06-23 00:37:24,019 [om1-impl-thread1] INFO  server.RaftServerConfigKeys (ConfUtils.java:logGet(46)) - raft.server.log.segment.cache.num.max = 2 (custom)
2023-06-23 00:37:24,019 [om1-impl-thread1] INFO  server.RaftServerConfigKeys (ConfUtils.java:logGet(46)) - raft.server.log.segment.cache.size.max = 200MB (=209715200) (default)
2023-06-23 00:37:24,019 [om1-impl-thread1] INFO  server.RaftServerConfigKeys (ConfUtils.java:logGet(46)) - raft.server.log.appender.buffer.byte-limit = 33554432 (custom)
2023-06-23 00:37:24,026 [om1-impl-thread1] INFO  segmented.SegmentedRaftLogWorker (SegmentedRaftLogWorker.java:<init>(188)) - new om1@group-C5BA1605619E-SegmentedRaftLogWorker for RaftStorageImpl:Storage Directory /home/runner/work/ozone/ozone/hadoop-ozone/integration-test/target/test-dir/MiniOzoneClusterImpl-3c3985d8-3248-4f19-a32f-4442bec32466/ozone-meta/ratis/bf265839-605b-3f16-9796-c5ba1605619e
2023-06-23 00:37:24,026 [om1-impl-thread1] INFO  server.RaftServerConfigKeys (ConfUtils.java:logGet(46)) - raft.server.log.queue.byte-limit = 64MB (=67108864) (default)
2023-06-23 00:37:24,027 [om1-impl-thread1] INFO  server.RaftServerConfigKeys (ConfUtils.java:logGet(46)) - raft.server.log.queue.element-limit = 4096 (default)
2023-06-23 00:37:24,028 [om1-impl-thread1] INFO  server.RaftServerConfigKeys (ConfUtils.java:logGet(46)) - raft.server.log.segment.size.max = 4194304 (custom)
2023-06-23 00:37:24,028 [om1-impl-thread1] INFO  server.RaftServerConfigKeys (ConfUtils.java:logGet(46)) - raft.server.log.preallocated.size = 4194304 (custom)
2023-06-23 00:37:24,029 [om1-impl-thread1] INFO  server.RaftServerConfigKeys (ConfUtils.java:logGet(46)) - raft.server.log.force.sync.num = 128 (default)
2023-06-23 00:37:24,030 [om1-impl-thread1] INFO  server.RaftServerConfigKeys (ConfUtils.java:logGet(46)) - raft.server.log.statemachine.data.sync = true (default)
2023-06-23 00:37:24,030 [om1-impl-thread1] INFO  server.RaftServerConfigKeys (ConfUtils.java:logGet(46)) - raft.server.log.statemachine.data.sync.timeout = 10s (default)
2023-06-23 00:37:24,033 [om1-impl-thread1] INFO  server.RaftServerConfigKeys (ConfUtils.java:logGet(46)) - raft.server.log.statemachine.data.sync.timeout.retry = -1 (default)
2023-06-23 00:37:24,040 [om1-impl-thread1] INFO  server.RaftServerConfigKeys (ConfUtils.java:logGet(46)) - raft.server.log.write.buffer.size = 64KB (=65536) (default)
2023-06-23 00:37:24,041 [om1-impl-thread1] INFO  server.RaftServerConfigKeys (ConfUtils.java:logGet(46)) - raft.server.log.appender.buffer.byte-limit = 33554432 (custom)
2023-06-23 00:37:24,048 [om1-impl-thread1] INFO  server.RaftServerConfigKeys (ConfUtils.java:logGet(46)) - raft.server.log.unsafe-flush.enabled = false (default)
2023-06-23 00:37:24,050 [om1-impl-thread1] INFO  server.RaftServerConfigKeys (ConfUtils.java:logGet(46)) - raft.server.log.async-flush.enabled = false (default)
2023-06-23 00:37:24,050 [om1-impl-thread1] INFO  server.RaftServerConfigKeys (ConfUtils.java:logGet(46)) - raft.server.log.statemachine.data.caching.enabled = false (default)
2023-06-23 00:37:24,056 [om1-impl-thread1] INFO  segmented.SegmentedRaftLogWorker (SegmentedRaftLogWorker.java:lambda$new$0(135)) - om1@group-C5BA1605619E-SegmentedRaftLogWorker: flushIndex: setUnconditionally 0 -> -1
2023-06-23 00:37:24,057 [om1-impl-thread1] INFO  segmented.SegmentedRaftLogWorker (SegmentedRaftLogWorker.java:lambda$new$0(135)) - om1@group-C5BA1605619E-SegmentedRaftLogWorker: safeCacheEvictIndex: setUnconditionally 0 -> -1
2023-06-23 00:37:24,058 [om1-impl-thread1] INFO  server.RaftServer$Division (RaftServerImpl.java:start(342)) - om1@group-C5BA1605619E: start as a follower, conf=-1: peers:[om1|rpc:localhost:15007|priority:0|startupRole:FOLLOWER]|listeners:[], old=null
2023-06-23 00:37:24,062 [om1-impl-thread1] INFO  server.RaftServer$Division (RaftServerImpl.java:setRole(329)) - om1@group-C5BA1605619E: changes role from      null to FOLLOWER at term 0 for startAsFollower
2023-06-23 00:37:24,064 [om1-impl-thread1] INFO  impl.RoleInfo (RoleInfo.java:updateAndGet(139)) - om1: start om1@group-C5BA1605619E-FollowerState
2023-06-23 00:37:24,066 [om1-impl-thread1] INFO  util.JmxRegister (JmxRegister.java:tryRegister(44)) - Successfully registered JMX Bean with object name Ratis:service=RaftServer,group=group-C5BA1605619E,id=om1
2023-06-23 00:37:24,068 [om1-impl-thread1] INFO  server.RaftServerConfigKeys (ConfUtils.java:logGet(46)) - raft.server.snapshot.auto.trigger.enabled = true (custom)
2023-06-23 00:37:24,068 [om1-impl-thread1] INFO  server.RaftServerConfigKeys (ConfUtils.java:logGet(46)) - raft.server.snapshot.auto.trigger.threshold = 400000 (default)
2023-06-23 00:37:24,068 [om1-impl-thread1] INFO  server.RaftServerConfigKeys (ConfUtils.java:logGet(46)) - raft.server.snapshot.retention.file.num = -1 (default)
2023-06-23 00:37:24,069 [om1-impl-thread1] INFO  server.RaftServerConfigKeys (ConfUtils.java:logGet(46)) - raft.server.log.purge.upto.snapshot.index = true (custom)
2023-06-23 00:37:24,073 [om1@group-C5BA1605619E-FollowerState] INFO  server.RaftServerConfigKeys (ConfUtils.java:logFallback(53)) - raft.server.rpc.first-election.timeout.min = 1s (fallback to raft.server.rpc.timeout.min)
2023-06-23 00:37:24,073 [om1@group-C5BA1605619E-FollowerState] INFO  server.RaftServerConfigKeys (ConfUtils.java:logFallback(53)) - raft.server.rpc.first-election.timeout.max = 1200ms (fallback to raft.server.rpc.timeout.max)
2023-06-23 00:37:24,074 [main] INFO  server.RaftServer (RaftServerProxy.java:startImpl(400)) - om1: start RPC server
2023-06-23 00:37:24,118 [main] INFO  server.GrpcService (GrpcService.java:startImpl(302)) - om1: GrpcService started, listening on 15007
2023-06-23 00:37:24,119 [main] INFO  om.OzoneManager (OzoneManager.java:start(1622)) - Version File has different layout version (6) than OM DB (null). That is expected if this OM has never been finalized to a newer layout version.
2023-06-23 00:37:24,127 [JvmPauseMonitor1] INFO  util.JvmPauseMonitor (JvmPauseMonitor.java:run(103)) - JvmPauseMonitor-om1: Started
2023-06-23 00:37:24,167 [main] INFO  http.BaseHttpServer (BaseHttpServer.java:newHttpServer2BuilderForOzone(224)) - Starting Web-server for ozoneManager at: http://0.0.0.0:15005
2023-06-23 00:37:24,168 [main] INFO  http.BaseHttpServer (BaseHttpServer.java:<init>(111)) - Hadoop Security Enabled: false Ozone Security Enabled: false Ozone HTTP Security Enabled: false 
2023-06-23 00:37:24,170 [main] WARN  server.AuthenticationFilter (AuthenticationFilter.java:constructSecretProvider(240)) - Unable to initialize FileSignerSecretProvider, falling back to use random secrets. Reason: Could not read signature secret file: /home/runner/hadoop-http-auth-signature-secret
2023-06-23 00:37:24,175 [main] INFO  http.HttpRequestLog (HttpRequestLog.java:getRequestLog(86)) - Http request log for http.requests.ozoneManager is not defined
2023-06-23 00:37:24,177 [main] INFO  http.HttpServer2 (HttpServer2.java:addGlobalFilter(1031)) - Added global filter 'safety' (class=org.apache.hadoop.hdds.server.http.HttpServer2$QuotingInputFilter)
2023-06-23 00:37:24,178 [main] INFO  http.HttpServer2 (HttpServer2.java:addFilter(1007)) - Added filter static_user_filter (class=org.apache.hadoop.http.lib.StaticUserWebFilter$StaticUserFilter) to context ozoneManager
2023-06-23 00:37:24,178 [main] INFO  http.HttpServer2 (HttpServer2.java:addFilter(1015)) - Added filter static_user_filter (class=org.apache.hadoop.http.lib.StaticUserWebFilter$StaticUserFilter) to context static
2023-06-23 00:37:24,178 [main] INFO  http.HttpServer2 (HttpServer2.java:addFilter(1015)) - Added filter static_user_filter (class=org.apache.hadoop.http.lib.StaticUserWebFilter$StaticUserFilter) to context logs
2023-06-23 00:37:24,179 [main] INFO  http.BaseHttpServer (BaseHttpServer.java:<init>(190)) - HTTP server of ozoneManager uses base directory /home/runner/work/ozone/ozone/hadoop-ozone/integration-test/target/test-dir/MiniOzoneClusterImpl-3c3985d8-3248-4f19-a32f-4442bec32466/ozone-meta/webserver
2023-06-23 00:37:24,181 [main] INFO  http.HttpServer2 (HttpServer2.java:bindListener(1250)) - Jetty bound to port 15005
2023-06-23 00:37:24,181 [main] INFO  server.Server (Server.java:doStart(375)) - jetty-9.4.51.v20230217; built: 2023-02-17T08:19:37.309Z; git: b45c405e4544384de066f814ed42ae3dceacdd49; jvm 1.8.0_372-b07
2023-06-23 00:37:24,192 [main] INFO  server.session (DefaultSessionIdManager.java:doStart(334)) - DefaultSessionIdManager workerName=node0
2023-06-23 00:37:24,192 [main] INFO  server.session (DefaultSessionIdManager.java:doStart(339)) - No SessionScavenger set, using defaults
2023-06-23 00:37:24,192 [main] INFO  server.session (HouseKeeper.java:startScavenging(132)) - node0 Scavenging every 660000ms
2023-06-23 00:37:24,193 [main] INFO  handler.ContextHandler (ContextHandler.java:doStart(921)) - Started o.e.j.s.ServletContextHandler@1c60b49c{logs,/logs,file:///home/runner/work/ozone/ozone/hadoop-ozone/integration-test/target/log,AVAILABLE}
2023-06-23 00:37:24,194 [main] INFO  handler.ContextHandler (ContextHandler.java:doStart(921)) - Started o.e.j.s.ServletContextHandler@5ac79bd5{static,/static,file:///home/runner/work/ozone/ozone/hadoop-ozone/integration-test/target/test-classes/webapps/static,AVAILABLE}
2023-06-23 00:37:24,197 [main] INFO  handler.ContextHandler (ContextHandler.java:doStart(921)) - Started o.e.j.w.WebAppContext@4af4d738{ozoneManager,/,file:///home/runner/work/ozone/ozone/hadoop-ozone/integration-test/target/test-classes/webapps/ozoneManager/,AVAILABLE}{file:/home/runner/work/ozone/ozone/hadoop-ozone/integration-test/target/test-classes/webapps/ozoneManager}
2023-06-23 00:37:24,202 [main] INFO  server.AbstractConnector (AbstractConnector.java:doStart(333)) - Started ServerConnector@1c2b6664{HTTP/1.1, (http/1.1)}{0.0.0.0:15005}
2023-06-23 00:37:24,202 [main] INFO  server.Server (Server.java:doStart(415)) - Started @9079ms
2023-06-23 00:37:24,203 [main] WARN  impl.MetricsSystemImpl (MetricsSystemImpl.java:register(279)) - Sink prometheus already exists!
2023-06-23 00:37:24,203 [main] INFO  http.BaseHttpServer (BaseHttpServer.java:updateConnectorAddress(344)) - HTTP server of ozoneManager listening at http://0.0.0.0:15005
2023-06-23 00:37:24,204 [IPC Server Responder] INFO  ipc.Server (Server.java:run(1558)) - IPC Server Responder: starting
2023-06-23 00:37:24,212 [main] INFO  om.OzoneManager (OzoneManager.java:startTrashEmptier(2081)) - Trash Interval set to 0. Files deleted won't move to trash
2023-06-23 00:37:24,214 [IPC Server listener on 15004] INFO  ipc.Server (Server.java:run(1398)) - IPC Server listener on 15004: starting
2023-06-23 00:37:24,355 [main] WARN  impl.MetricRegistriesImpl (MetricRegistriesImpl.java:addReporterRegistration(111)) - New reporters are added after registries were created. Some metrics will be missing from the reporter. Please add reporter before adding any new registry.
2023-06-23 00:37:24,355 [main] WARN  impl.MetricRegistriesImpl (MetricRegistriesImpl.java:addReporterRegistration(111)) - New reporters are added after registries were created. Some metrics will be missing from the reporter. Please add reporter before adding any new registry.
2023-06-23 00:37:24,355 [main] INFO  impl.MetricsSystemImpl (MetricsSystemImpl.java:init(158)) - HddsDatanode metrics system started (again)
2023-06-23 00:37:24,381 [main] INFO  ozone.HddsDatanodeService (HddsDatanodeService.java:start(257)) - HddsDatanodeService host:fv-az570-151.srgqcr2moziuvm0qev4lajleyh.dx.internal.cloudapp.net ip:10.1.0.47
2023-06-23 00:37:24,412 [main] INFO  upgrade.AbstractLayoutVersionManager (AbstractLayoutVersionManager.java:init(83)) - Initializing Layout version manager with metadata layout = HADOOP_PRC_PORTS_IN_DATANODEDETAILS (version = 7), software layout = HADOOP_PRC_PORTS_IN_DATANODEDETAILS (version = 7)
2023-06-23 00:37:24,414 [main] INFO  statemachine.DatanodeStateMachine (DatanodeStateMachine.java:getEndPointTaskThreadPoolSize(279)) - Datanode State Machine Task Thread Pool size 2
2023-06-23 00:37:24,527 [main] INFO  volume.HddsVolume (HddsVolume.java:<init>(130)) - Creating HddsVolume: /home/runner/work/ozone/ozone/hadoop-ozone/integration-test/target/test-dir/MiniOzoneClusterImpl-3c3985d8-3248-4f19-a32f-4442bec32466/datanode-0/data-0/containers/hdds of storage type : DISK capacity : 9223372036854775807
2023-06-23 00:37:24,529 [main] INFO  volume.MutableVolumeSet (MutableVolumeSet.java:initializeVolumeSet(175)) - Added Volume : /home/runner/work/ozone/ozone/hadoop-ozone/integration-test/target/test-dir/MiniOzoneClusterImpl-3c3985d8-3248-4f19-a32f-4442bec32466/datanode-0/data-0/containers/hdds to VolumeSet
2023-06-23 00:37:24,530 [main] INFO  volume.ThrottledAsyncChecker (ThrottledAsyncChecker.java:schedule(141)) - Scheduling a check for /home/runner/work/ozone/ozone/hadoop-ozone/integration-test/target/test-dir/MiniOzoneClusterImpl-3c3985d8-3248-4f19-a32f-4442bec32466/datanode-0/data-0/containers/hdds
2023-06-23 00:37:24,709 [main] INFO  volume.StorageVolumeChecker (StorageVolumeChecker.java:checkAllVolumes(202)) - Scheduled health check for volume /home/runner/work/ozone/ozone/hadoop-ozone/integration-test/target/test-dir/MiniOzoneClusterImpl-3c3985d8-3248-4f19-a32f-4442bec32466/datanode-0/data-0/containers/hdds
2023-06-23 00:37:24,726 [main] INFO  volume.MutableVolumeSet (MutableVolumeSet.java:initializeVolumeSet(175)) - Added Volume : /home/runner/work/ozone/ozone/hadoop-ozone/integration-test/target/test-dir/MiniOzoneClusterImpl-3c3985d8-3248-4f19-a32f-4442bec32466/datanode-0/data/ratis to VolumeSet
2023-06-23 00:37:24,726 [main] INFO  volume.ThrottledAsyncChecker (ThrottledAsyncChecker.java:schedule(141)) - Scheduling a check for /home/runner/work/ozone/ozone/hadoop-ozone/integration-test/target/test-dir/MiniOzoneClusterImpl-3c3985d8-3248-4f19-a32f-4442bec32466/datanode-0/data/ratis
2023-06-23 00:37:24,726 [main] INFO  volume.StorageVolumeChecker (StorageVolumeChecker.java:checkAllVolumes(202)) - Scheduled health check for volume /home/runner/work/ozone/ozone/hadoop-ozone/integration-test/target/test-dir/MiniOzoneClusterImpl-3c3985d8-3248-4f19-a32f-4442bec32466/datanode-0/data/ratis
2023-06-23 00:37:24,750 [Thread-151] INFO  ozoneimpl.ContainerReader (ContainerReader.java:readVolume(175)) - Finish verifying containers on volume /home/runner/work/ozone/ozone/hadoop-ozone/integration-test/target/test-dir/MiniOzoneClusterImpl-3c3985d8-3248-4f19-a32f-4442bec32466/datanode-0/data-0/containers/hdds
2023-06-23 00:37:24,750 [main] INFO  ozoneimpl.OzoneContainer (OzoneContainer.java:buildContainerSet(316)) - Build ContainerSet costs 0s
2023-06-23 00:37:24,807 [main] INFO  audit.AuditLogger (AuditLogger.java:refreshDebugCmdSet(126)) - Refresh DebugCmdSet for DNAudit to [].
2023-06-23 00:37:24,836 [main] INFO  server.RaftServer (ConfUtils.java:logGet(46)) - raft.rpc.type = GRPC (default)
2023-06-23 00:37:24,837 [main] INFO  grpc.GrpcConfigKeys (ConfUtils.java:logFallback(53)) - raft.grpc.admin.host = null (fallback to raft.grpc.server.host)
2023-06-23 00:37:24,837 [main] INFO  grpc.GrpcConfigKeys (ConfUtils.java:logGet(46)) - raft.grpc.admin.port = 15013 (custom)
2023-06-23 00:37:24,837 [main] INFO  grpc.GrpcConfigKeys (ConfUtils.java:logFallback(53)) - raft.grpc.client.host = null (fallback to raft.grpc.server.host)
2023-06-23 00:37:24,837 [main] INFO  grpc.GrpcConfigKeys (ConfUtils.java:logGet(46)) - raft.grpc.client.port = 15012 (custom)
2023-06-23 00:37:24,837 [main] INFO  grpc.GrpcConfigKeys (ConfUtils.java:logGet(46)) - raft.grpc.server.host = null (default)
2023-06-23 00:37:24,837 [main] INFO  grpc.GrpcConfigKeys (ConfUtils.java:logGet(46)) - raft.grpc.server.port = 15014 (custom)
2023-06-23 00:37:24,837 [main] INFO  server.GrpcService (ConfUtils.java:logGet(46)) - raft.grpc.message.size.max = 32MB (=33554432) (custom)
2023-06-23 00:37:24,837 [main] INFO  server.RaftServerConfigKeys (ConfUtils.java:logGet(46)) - raft.server.log.appender.buffer.byte-limit = 33554432 (custom)
2023-06-23 00:37:24,838 [main] INFO  server.GrpcService (ConfUtils.java:logGet(46)) - raft.grpc.flow.control.window = 5MB (=5242880) (custom)
2023-06-23 00:37:24,838 [main] INFO  server.RaftServerConfigKeys (ConfUtils.java:logGet(46)) - raft.server.rpc.request.timeout = 60s (custom)
2023-06-23 00:37:24,838 [main] INFO  grpc.GrpcConfigKeys (ConfUtils.java:logGet(46)) - raft.grpc.server.heartbeat.channel = true (default)
2023-06-23 00:37:24,838 [main] INFO  grpc.GrpcConfigKeys (ConfUtils.java:logGet(46)) - raft.grpc.server.async.request.thread.pool.cached = true (default)
2023-06-23 00:37:24,838 [main] INFO  grpc.GrpcConfigKeys (ConfUtils.java:logGet(46)) - raft.grpc.server.async.request.thread.pool.size = 32 (default)
2023-06-23 00:37:24,840 [main] INFO  impl.DataStreamServerImpl (ConfUtils.java:logGet(46)) - raft.datastream.type = NETTY (custom)
2023-06-23 00:37:24,849 [main] INFO  server.RaftServerConfigKeys (ConfUtils.java:logGet(46)) - raft.server.data-stream.async.request.thread.pool.cached = false (default)
2023-06-23 00:37:24,849 [main] INFO  server.RaftServerConfigKeys (ConfUtils.java:logGet(46)) - raft.server.data-stream.async.request.thread.pool.size = 20 (custom)
2023-06-23 00:37:24,850 [main] INFO  server.RaftServerConfigKeys (ConfUtils.java:logGet(46)) - raft.server.data-stream.async.write.thread.pool.size = 16 (default)
2023-06-23 00:37:24,851 [main] INFO  server.RaftServerConfigKeys (ConfUtils.java:logGet(46)) - raft.server.data-stream.client.pool.size = 10 (default)
2023-06-23 00:37:24,853 [main] INFO  netty.NettyConfigKeys$DataStream (ConfUtils.java:logGet(46)) - raft.netty.dataStream.server.use-epoll = false (default)
2023-06-23 00:37:24,854 [main] INFO  netty.NettyConfigKeys$DataStream (ConfUtils.java:logGet(46)) - raft.netty.dataStream.server.boss-group.size = 0 (default)
2023-06-23 00:37:24,860 [main] INFO  netty.NettyConfigKeys$DataStream (ConfUtils.java:logGet(46)) - raft.netty.dataStream.server.worker-group.size = 0 (default)
2023-06-23 00:37:24,861 [main] INFO  netty.NettyConfigKeys$DataStream (ConfUtils.java:logGet(46)) - raft.netty.dataStream.server.tls.conf = null (default)
2023-06-23 00:37:24,862 [main] INFO  netty.NettyConfigKeys$DataStream (ConfUtils.java:logGet(46)) - raft.netty.dataStream.host = null (default)
2023-06-23 00:37:24,863 [main] INFO  netty.NettyConfigKeys$DataStream (ConfUtils.java:logGet(46)) - raft.netty.dataStream.port = 15015 (custom)
2023-06-23 00:37:24,875 [main] INFO  server.RaftServerConfigKeys (ConfUtils.java:logGet(46)) - raft.server.threadpool.proxy.cached = true (default)
2023-06-23 00:37:24,875 [main] INFO  server.RaftServerConfigKeys (ConfUtils.java:logGet(46)) - raft.server.threadpool.proxy.size = 0 (default)
2023-06-23 00:37:24,875 [main] INFO  server.RaftServerConfigKeys (ConfUtils.java:logGet(46)) - raft.server.rpc.slowness.timeout = 300s (custom)
2023-06-23 00:37:24,875 [main] INFO  server.RaftServerConfigKeys (ConfUtils.java:logGet(46)) - raft.server.leaderelection.leader.step-down.wait-time = 10s (default)
2023-06-23 00:37:24,876 [main] INFO  server.RaftServerConfigKeys (ConfUtils.java:logGet(46)) - raft.server.storage.dir = [/home/runner/work/ozone/ozone/hadoop-ozone/integration-test/target/test-dir/MiniOzoneClusterImpl-3c3985d8-3248-4f19-a32f-4442bec32466/datanode-0/data/ratis] (custom)
2023-06-23 00:37:24,890 [0748a88e-a458-4efc-a02e-125962a69d19-NettyServerStreamRpc-bossGroup--thread1] INFO  logging.LoggingHandler (AbstractInternalLogger.java:log(148)) - [id: 0x7073b8fc] REGISTERED
2023-06-23 00:37:24,891 [0748a88e-a458-4efc-a02e-125962a69d19-NettyServerStreamRpc-bossGroup--thread1] INFO  logging.LoggingHandler (AbstractInternalLogger.java:log(148)) - [id: 0x7073b8fc] BIND: 0.0.0.0/0.0.0.0:15015
2023-06-23 00:37:24,894 [0748a88e-a458-4efc-a02e-125962a69d19-NettyServerStreamRpc-bossGroup--thread1] INFO  logging.LoggingHandler (AbstractInternalLogger.java:log(148)) - [id: 0x7073b8fc, L:/0:0:0:0:0:0:0:0:15015] ACTIVE
2023-06-23 00:37:24,907 [main] INFO  server.XceiverServerGrpc (XceiverServerGrpc.java:<init>(132)) - GrpcServer channel type EpollServerSocketChannel
2023-06-23 00:37:24,937 [main] INFO  replication.ReplicationSupervisor (ReplicationSupervisor.java:nodeStateUpdated(305)) - Node state updated to IN_SERVICE, scaling executor pool size to 10
2023-06-23 00:37:24,995 [main] INFO  http.BaseHttpServer (BaseHttpServer.java:newHttpServer2BuilderForOzone(224)) - Starting Web-server for hddsDatanode at: http://0.0.0.0:15009
2023-06-23 00:37:24,995 [main] INFO  http.BaseHttpServer (BaseHttpServer.java:<init>(111)) - Hadoop Security Enabled: false Ozone Security Enabled: false Ozone HTTP Security Enabled: false 
2023-06-23 00:37:24,996 [main] WARN  server.AuthenticationFilter (AuthenticationFilter.java:constructSecretProvider(240)) - Unable to initialize FileSignerSecretProvider, falling back to use random secrets. Reason: Could not read signature secret file: /home/runner/hadoop-http-auth-signature-secret
2023-06-23 00:37:24,997 [main] INFO  http.HttpRequestLog (HttpRequestLog.java:getRequestLog(86)) - Http request log for http.requests.hddsDatanode is not defined
2023-06-23 00:37:24,998 [main] INFO  http.HttpServer2 (HttpServer2.java:addGlobalFilter(1031)) - Added global filter 'safety' (class=org.apache.hadoop.hdds.server.http.HttpServer2$QuotingInputFilter)
2023-06-23 00:37:24,999 [main] INFO  http.HttpServer2 (HttpServer2.java:addFilter(1007)) - Added filter static_user_filter (class=org.apache.hadoop.http.lib.StaticUserWebFilter$StaticUserFilter) to context hddsDatanode
2023-06-23 00:37:24,999 [main] INFO  http.HttpServer2 (HttpServer2.java:addFilter(1015)) - Added filter static_user_filter (class=org.apache.hadoop.http.lib.StaticUserWebFilter$StaticUserFilter) to context logs
2023-06-23 00:37:24,999 [main] INFO  http.HttpServer2 (HttpServer2.java:addFilter(1015)) - Added filter static_user_filter (class=org.apache.hadoop.http.lib.StaticUserWebFilter$StaticUserFilter) to context static
2023-06-23 00:37:25,000 [main] INFO  http.BaseHttpServer (BaseHttpServer.java:<init>(190)) - HTTP server of hddsDatanode uses base directory /home/runner/work/ozone/ozone/hadoop-ozone/integration-test/target/test-dir/MiniOzoneClusterImpl-3c3985d8-3248-4f19-a32f-4442bec32466/datanode-0/meta/webserver
2023-06-23 00:37:25,000 [main] INFO  http.HttpServer2 (HttpServer2.java:bindListener(1250)) - Jetty bound to port 15009
2023-06-23 00:37:25,000 [main] INFO  server.Server (Server.java:doStart(375)) - jetty-9.4.51.v20230217; built: 2023-02-17T08:19:37.309Z; git: b45c405e4544384de066f814ed42ae3dceacdd49; jvm 1.8.0_372-b07
2023-06-23 00:37:25,002 [main] INFO  server.session (DefaultSessionIdManager.java:doStart(334)) - DefaultSessionIdManager workerName=node0
2023-06-23 00:37:25,002 [main] INFO  server.session (DefaultSessionIdManager.java:doStart(339)) - No SessionScavenger set, using defaults
2023-06-23 00:37:25,002 [main] INFO  server.session (HouseKeeper.java:startScavenging(132)) - node0 Scavenging every 660000ms
2023-06-23 00:37:25,003 [main] INFO  handler.ContextHandler (ContextHandler.java:doStart(921)) - Started o.e.j.s.ServletContextHandler@6ca73ab2{logs,/logs,file:///home/runner/work/ozone/ozone/hadoop-ozone/integration-test/target/log,AVAILABLE}
2023-06-23 00:37:25,004 [main] INFO  handler.ContextHandler (ContextHandler.java:doStart(921)) - Started o.e.j.s.ServletContextHandler@6a52927d{static,/static,jar:file:/home/runner/.m2/repository/org/apache/ozone/hdds-container-service/1.4.0-SNAPSHOT/hdds-container-service-1.4.0-SNAPSHOT.jar!/webapps/static,AVAILABLE}
2023-06-23 00:37:25,143 [om1@group-C5BA1605619E-FollowerState] INFO  impl.FollowerState (FollowerState.java:run(143)) - om1@group-C5BA1605619E-FollowerState: change to CANDIDATE, lastRpcElapsedTime:1079918103ns, electionTimeout:1068ms
2023-06-23 00:37:25,144 [om1@group-C5BA1605619E-FollowerState] INFO  impl.RoleInfo (RoleInfo.java:shutdownFollowerState(110)) - om1: shutdown om1@group-C5BA1605619E-FollowerState
2023-06-23 00:37:25,145 [om1@group-C5BA1605619E-FollowerState] INFO  server.RaftServer$Division (RaftServerImpl.java:setRole(329)) - om1@group-C5BA1605619E: changes role from  FOLLOWER to CANDIDATE at term 0 for changeToCandidate
2023-06-23 00:37:25,148 [om1@group-C5BA1605619E-FollowerState] INFO  server.RaftServerConfigKeys (ConfUtils.java:logGet(46)) - raft.server.leaderelection.pre-vote = true (default)
2023-06-23 00:37:25,149 [om1@group-C5BA1605619E-FollowerState] INFO  impl.RoleInfo (RoleInfo.java:updateAndGet(139)) - om1: start om1@group-C5BA1605619E-LeaderElection1
2023-06-23 00:37:25,157 [om1@group-C5BA1605619E-LeaderElection1] INFO  impl.LeaderElection (LeaderElection.java:askForVotes(321)) - om1@group-C5BA1605619E-LeaderElection1 PRE_VOTE round 0: submit vote requests at term 0 for -1: peers:[om1|rpc:localhost:15007|priority:0|startupRole:FOLLOWER]|listeners:[], old=null
2023-06-23 00:37:25,158 [om1@group-C5BA1605619E-LeaderElection1] INFO  impl.LeaderElection (LeaderElection.java:askForVotes(323)) - om1@group-C5BA1605619E-LeaderElection1 PRE_VOTE round 0: result PASSED (term=0)
2023-06-23 00:37:25,163 [om1@group-C5BA1605619E-LeaderElection1] INFO  impl.LeaderElection (LeaderElection.java:askForVotes(321)) - om1@group-C5BA1605619E-LeaderElection1 ELECTION round 0: submit vote requests at term 1 for -1: peers:[om1|rpc:localhost:15007|priority:0|startupRole:FOLLOWER]|listeners:[], old=null
2023-06-23 00:37:25,163 [om1@group-C5BA1605619E-LeaderElection1] INFO  impl.LeaderElection (LeaderElection.java:askForVotes(323)) - om1@group-C5BA1605619E-LeaderElection1 ELECTION round 0: result PASSED (term=1)
2023-06-23 00:37:25,163 [om1@group-C5BA1605619E-LeaderElection1] INFO  impl.RoleInfo (RoleInfo.java:shutdownLeaderElection(130)) - om1: shutdown om1@group-C5BA1605619E-LeaderElection1
2023-06-23 00:37:25,163 [om1@group-C5BA1605619E-LeaderElection1] INFO  server.RaftServer$Division (RaftServerImpl.java:setRole(329)) - om1@group-C5BA1605619E: changes role from CANDIDATE to LEADER at term 1 for changeToLeader
2023-06-23 00:37:25,166 [om1@group-C5BA1605619E-LeaderElection1] INFO  server.RaftServer$Division (ServerState.java:setLeader(317)) - om1@group-C5BA1605619E: change Leader from null to om1 at term 1 for becomeLeader, leader elected after 2164ms
2023-06-23 00:37:25,177 [om1@group-C5BA1605619E-LeaderElection1] INFO  server.RaftServerConfigKeys (ConfUtils.java:logGet(46)) - raft.server.staging.catchup.gap = 1000 (default)
2023-06-23 00:37:25,181 [om1@group-C5BA1605619E-LeaderElection1] INFO  server.RaftServerConfigKeys (ConfUtils.java:logGet(46)) - raft.server.write.element-limit = 4096 (default)
2023-06-23 00:37:25,182 [om1@group-C5BA1605619E-LeaderElection1] INFO  server.RaftServerConfigKeys (ConfUtils.java:logGet(46)) - raft.server.write.byte-limit = 64MB (=67108864) (default)
2023-06-23 00:37:25,186 [om1@group-C5BA1605619E-LeaderElection1] INFO  server.RaftServerConfigKeys (ConfUtils.java:logGet(46)) - raft.server.watch.timeout = 10s (default)
2023-06-23 00:37:25,186 [om1@group-C5BA1605619E-LeaderElection1] INFO  server.RaftServerConfigKeys (ConfUtils.java:logGet(46)) - raft.server.watch.timeout.denomination = 1s (default)
2023-06-23 00:37:25,186 [om1@group-C5BA1605619E-LeaderElection1] INFO  server.RaftServerConfigKeys (ConfUtils.java:logGet(46)) - raft.server.watch.element-limit = 65536 (default)
2023-06-23 00:37:25,191 [om1@group-C5BA1605619E-LeaderElection1] INFO  server.RaftServerConfigKeys (ConfUtils.java:logGet(46)) - raft.server.write.element-limit = 4096 (default)
2023-06-23 00:37:25,193 [om1@group-C5BA1605619E-LeaderElection1] INFO  server.RaftServerConfigKeys (ConfUtils.java:logGet(46)) - raft.server.write.follower.gap.ratio.max = -1.0 (default)
2023-06-23 00:37:25,196 [om1@group-C5BA1605619E-LeaderElection1] INFO  impl.RoleInfo (RoleInfo.java:updateAndGet(139)) - om1: start om1@group-C5BA1605619E-LeaderStateImpl
2023-06-23 00:37:25,218 [om1@group-C5BA1605619E-LeaderElection1] INFO  segmented.SegmentedRaftLogWorker (SegmentedRaftLogWorker.java:startLogSegment(447)) - om1@group-C5BA1605619E-SegmentedRaftLogWorker: Starting segment from index:0
2023-06-23 00:37:25,259 [om1@group-C5BA1605619E-LeaderElection1] INFO  server.RaftServer$Division (ServerState.java:setRaftConf(434)) - om1@group-C5BA1605619E: set configuration 0: peers:[om1|rpc:localhost:15007|admin:|client:|dataStream:|priority:0|startupRole:FOLLOWER]|listeners:[], old=null
2023-06-23 00:37:25,268 [main] INFO  handler.ContextHandler (ContextHandler.java:doStart(921)) - Started o.e.j.w.WebAppContext@542fa0b{hddsDatanode,/,file:///home/runner/work/ozone/ozone/hadoop-ozone/integration-test/target/tmp/kms/webapp/,AVAILABLE}{jar:file:/home/runner/.m2/repository/org/apache/ozone/hdds-container-service/1.4.0-SNAPSHOT/hdds-container-service-1.4.0-SNAPSHOT.jar!/webapps/hddsDatanode}
2023-06-23 00:37:25,270 [main] INFO  server.AbstractConnector (AbstractConnector.java:doStart(333)) - Started ServerConnector@7517a6b5{HTTP/1.1, (http/1.1)}{0.0.0.0:15009}
2023-06-23 00:37:25,270 [main] INFO  server.Server (Server.java:doStart(415)) - Started @10147ms
2023-06-23 00:37:25,271 [main] WARN  impl.MetricsSystemImpl (MetricsSystemImpl.java:register(279)) - Sink prometheus already exists!
2023-06-23 00:37:25,275 [main] INFO  http.BaseHttpServer (BaseHttpServer.java:updateConnectorAddress(344)) - HTTP server of hddsDatanode listening at http://0.0.0.0:15009
2023-06-23 00:37:25,279 [main] INFO  ipc.CallQueueManager (CallQueueManager.java:<init>(90)) - Using callQueue: class java.util.concurrent.LinkedBlockingQueue, queueCapacity: 100, scheduler: class org.apache.hadoop.ipc.DefaultRpcScheduler, ipcBackoff: false.
2023-06-23 00:37:25,286 [Socket Reader #1 for port 15010] INFO  ipc.Server (Server.java:run(1319)) - Starting Socket Reader #1 for port 15010
2023-06-23 00:37:25,290 [Listener at 0.0.0.0/15010] INFO  hdds.HddsUtils (HddsUtils.java:preserveThreadName(848)) - Restoring thread name: main
2023-06-23 00:37:25,290 [main] INFO  ozone.HddsDatanodeService (HddsDatanodeService.java:start(335)) - Datanode start with admins: [runner]
2023-06-23 00:37:25,290 [main] INFO  ozone.HddsDatanodeClientProtocolServer (HddsDatanodeClientProtocolServer.java:start(72)) - RPC server for Client /0.0.0.0:15010
2023-06-23 00:37:25,296 [IPC Server Responder] INFO  ipc.Server (Server.java:run(1558)) - IPC Server Responder: starting
2023-06-23 00:37:25,296 [IPC Server listener on 15010] INFO  ipc.Server (Server.java:run(1398)) - IPC Server listener on 15010: starting
2023-06-23 00:37:25,301 [main] WARN  impl.MetricRegistriesImpl (MetricRegistriesImpl.java:addReporterRegistration(111)) - New reporters are added after registries were created. Some metrics will be missing from the reporter. Please add reporter before adding any new registry.
2023-06-23 00:37:25,301 [main] WARN  impl.MetricRegistriesImpl (MetricRegistriesImpl.java:addReporterRegistration(111)) - New reporters are added after registries were created. Some metrics will be missing from the reporter. Please add reporter before adding any new registry.
2023-06-23 00:37:25,302 [main] INFO  impl.MetricsSystemImpl (MetricsSystemImpl.java:init(158)) - HddsDatanode metrics system started (again)
2023-06-23 00:37:25,302 [Datanode State Machine Daemon Thread] INFO  statemachine.DatanodeStateMachine (DatanodeStateMachine.java:lambda$startDaemon$0(531)) - Ozone container server started.
2023-06-23 00:37:25,316 [om1@group-C5BA1605619E-SegmentedRaftLogWorker] INFO  segmented.SegmentedRaftLogWorker (SegmentedRaftLogWorker.java:execute(651)) - om1@group-C5BA1605619E-SegmentedRaftLogWorker: created new log segment /home/runner/work/ozone/ozone/hadoop-ozone/integration-test/target/test-dir/MiniOzoneClusterImpl-3c3985d8-3248-4f19-a32f-4442bec32466/ozone-meta/ratis/bf265839-605b-3f16-9796-c5ba1605619e/current/log_inprogress_0
2023-06-23 00:37:25,328 [main] INFO  ozone.HddsDatanodeService (HddsDatanodeService.java:start(257)) - HddsDatanodeService host:fv-az570-151.srgqcr2moziuvm0qev4lajleyh.dx.internal.cloudapp.net ip:10.1.0.47
2023-06-23 00:37:25,384 [main] INFO  upgrade.AbstractLayoutVersionManager (AbstractLayoutVersionManager.java:init(83)) - Initializing Layout version manager with metadata layout = HADOOP_PRC_PORTS_IN_DATANODEDETAILS (version = 7), software layout = HADOOP_PRC_PORTS_IN_DATANODEDETAILS (version = 7)
2023-06-23 00:37:25,385 [main] INFO  statemachine.DatanodeStateMachine (DatanodeStateMachine.java:getEndPointTaskThreadPoolSize(279)) - Datanode State Machine Task Thread Pool size 2
2023-06-23 00:37:25,393 [main] INFO  volume.HddsVolume (HddsVolume.java:<init>(130)) - Creating HddsVolume: /home/runner/work/ozone/ozone/hadoop-ozone/integration-test/target/test-dir/MiniOzoneClusterImpl-3c3985d8-3248-4f19-a32f-4442bec32466/datanode-1/data-0/containers/hdds of storage type : DISK capacity : 9223372036854775807
2023-06-23 00:37:25,393 [main] INFO  volume.MutableVolumeSet (MutableVolumeSet.java:initializeVolumeSet(175)) - Added Volume : /home/runner/work/ozone/ozone/hadoop-ozone/integration-test/target/test-dir/MiniOzoneClusterImpl-3c3985d8-3248-4f19-a32f-4442bec32466/datanode-1/data-0/containers/hdds to VolumeSet
2023-06-23 00:37:25,393 [main] INFO  volume.ThrottledAsyncChecker (ThrottledAsyncChecker.java:schedule(141)) - Scheduling a check for /home/runner/work/ozone/ozone/hadoop-ozone/integration-test/target/test-dir/MiniOzoneClusterImpl-3c3985d8-3248-4f19-a32f-4442bec32466/datanode-1/data-0/containers/hdds
2023-06-23 00:37:25,403 [main] INFO  volume.StorageVolumeChecker (StorageVolumeChecker.java:checkAllVolumes(202)) - Scheduled health check for volume /home/runner/work/ozone/ozone/hadoop-ozone/integration-test/target/test-dir/MiniOzoneClusterImpl-3c3985d8-3248-4f19-a32f-4442bec32466/datanode-1/data-0/containers/hdds
2023-06-23 00:37:25,438 [main] INFO  volume.MutableVolumeSet (MutableVolumeSet.java:initializeVolumeSet(175)) - Added Volume : /home/runner/work/ozone/ozone/hadoop-ozone/integration-test/target/test-dir/MiniOzoneClusterImpl-3c3985d8-3248-4f19-a32f-4442bec32466/datanode-1/data/ratis to VolumeSet
2023-06-23 00:37:25,438 [main] INFO  volume.ThrottledAsyncChecker (ThrottledAsyncChecker.java:schedule(141)) - Scheduling a check for /home/runner/work/ozone/ozone/hadoop-ozone/integration-test/target/test-dir/MiniOzoneClusterImpl-3c3985d8-3248-4f19-a32f-4442bec32466/datanode-1/data/ratis
2023-06-23 00:37:25,438 [main] INFO  volume.StorageVolumeChecker (StorageVolumeChecker.java:checkAllVolumes(202)) - Scheduled health check for volume /home/runner/work/ozone/ozone/hadoop-ozone/integration-test/target/test-dir/MiniOzoneClusterImpl-3c3985d8-3248-4f19-a32f-4442bec32466/datanode-1/data/ratis
2023-06-23 00:37:25,479 [Thread-170] INFO  ozoneimpl.ContainerReader (ContainerReader.java:readVolume(175)) - Finish verifying containers on volume /home/runner/work/ozone/ozone/hadoop-ozone/integration-test/target/test-dir/MiniOzoneClusterImpl-3c3985d8-3248-4f19-a32f-4442bec32466/datanode-1/data-0/containers/hdds
2023-06-23 00:37:25,483 [main] INFO  ozoneimpl.OzoneContainer (OzoneContainer.java:buildContainerSet(316)) - Build ContainerSet costs 0s
2023-06-23 00:37:25,487 [main] INFO  server.RaftServer (ConfUtils.java:logGet(46)) - raft.rpc.type = GRPC (default)
2023-06-23 00:37:25,487 [main] INFO  grpc.GrpcConfigKeys (ConfUtils.java:logFallback(53)) - raft.grpc.admin.host = null (fallback to raft.grpc.server.host)
2023-06-23 00:37:25,488 [main] INFO  grpc.GrpcConfigKeys (ConfUtils.java:logGet(46)) - raft.grpc.admin.port = 15022 (custom)
2023-06-23 00:37:25,488 [main] INFO  grpc.GrpcConfigKeys (ConfUtils.java:logFallback(53)) - raft.grpc.client.host = null (fallback to raft.grpc.server.host)
2023-06-23 00:37:25,488 [main] INFO  grpc.GrpcConfigKeys (ConfUtils.java:logGet(46)) - raft.grpc.client.port = 15021 (custom)
2023-06-23 00:37:25,488 [main] INFO  grpc.GrpcConfigKeys (ConfUtils.java:logGet(46)) - raft.grpc.server.host = null (default)
2023-06-23 00:37:25,488 [main] INFO  grpc.GrpcConfigKeys (ConfUtils.java:logGet(46)) - raft.grpc.server.port = 15023 (custom)
2023-06-23 00:37:25,488 [main] INFO  server.GrpcService (ConfUtils.java:logGet(46)) - raft.grpc.message.size.max = 32MB (=33554432) (custom)
2023-06-23 00:37:25,488 [main] INFO  server.RaftServerConfigKeys (ConfUtils.java:logGet(46)) - raft.server.log.appender.buffer.byte-limit = 33554432 (custom)
2023-06-23 00:37:25,488 [main] INFO  server.GrpcService (ConfUtils.java:logGet(46)) - raft.grpc.flow.control.window = 5MB (=5242880) (custom)
2023-06-23 00:37:25,488 [main] INFO  server.RaftServerConfigKeys (ConfUtils.java:logGet(46)) - raft.server.rpc.request.timeout = 60s (custom)
2023-06-23 00:37:25,488 [main] INFO  grpc.GrpcConfigKeys (ConfUtils.java:logGet(46)) - raft.grpc.server.heartbeat.channel = true (default)
2023-06-23 00:37:25,489 [main] INFO  grpc.GrpcConfigKeys (ConfUtils.java:logGet(46)) - raft.grpc.server.async.request.thread.pool.cached = true (default)
2023-06-23 00:37:25,489 [main] INFO  grpc.GrpcConfigKeys (ConfUtils.java:logGet(46)) - raft.grpc.server.async.request.thread.pool.size = 32 (default)
2023-06-23 00:37:25,498 [main] INFO  impl.DataStreamServerImpl (ConfUtils.java:logGet(46)) - raft.datastream.type = NETTY (custom)
2023-06-23 00:37:25,499 [main] INFO  server.RaftServerConfigKeys (ConfUtils.java:logGet(46)) - raft.server.data-stream.async.request.thread.pool.cached = false (default)
2023-06-23 00:37:25,506 [main] INFO  server.RaftServerConfigKeys (ConfUtils.java:logGet(46)) - raft.server.data-stream.async.request.thread.pool.size = 20 (custom)
2023-06-23 00:37:25,509 [main] INFO  server.RaftServerConfigKeys (ConfUtils.java:logGet(46)) - raft.server.data-stream.async.write.thread.pool.size = 16 (default)
2023-06-23 00:37:25,509 [main] INFO  server.RaftServerConfigKeys (ConfUtils.java:logGet(46)) - raft.server.data-stream.client.pool.size = 10 (default)
2023-06-23 00:37:25,509 [main] INFO  netty.NettyConfigKeys$DataStream (ConfUtils.java:logGet(46)) - raft.netty.dataStream.server.use-epoll = false (default)
2023-06-23 00:37:25,509 [main] INFO  netty.NettyConfigKeys$DataStream (ConfUtils.java:logGet(46)) - raft.netty.dataStream.server.boss-group.size = 0 (default)
2023-06-23 00:37:25,510 [main] INFO  netty.NettyConfigKeys$DataStream (ConfUtils.java:logGet(46)) - raft.netty.dataStream.server.worker-group.size = 0 (default)
2023-06-23 00:37:25,510 [main] INFO  netty.NettyConfigKeys$DataStream (ConfUtils.java:logGet(46)) - raft.netty.dataStream.server.tls.conf = null (default)
2023-06-23 00:37:25,510 [main] INFO  netty.NettyConfigKeys$DataStream (ConfUtils.java:logGet(46)) - raft.netty.dataStream.host = null (default)
2023-06-23 00:37:25,510 [main] INFO  netty.NettyConfigKeys$DataStream (ConfUtils.java:logGet(46)) - raft.netty.dataStream.port = 15024 (custom)
2023-06-23 00:37:25,534 [main] INFO  server.RaftServerConfigKeys (ConfUtils.java:logGet(46)) - raft.server.threadpool.proxy.cached = true (default)
2023-06-23 00:37:25,534 [main] INFO  server.RaftServerConfigKeys (ConfUtils.java:logGet(46)) - raft.server.threadpool.proxy.size = 0 (default)
2023-06-23 00:37:25,535 [main] INFO  server.RaftServerConfigKeys (ConfUtils.java:logGet(46)) - raft.server.rpc.slowness.timeout = 300s (custom)
2023-06-23 00:37:25,535 [main] INFO  server.RaftServerConfigKeys (ConfUtils.java:logGet(46)) - raft.server.leaderelection.leader.step-down.wait-time = 10s (default)
2023-06-23 00:37:25,535 [main] INFO  server.RaftServerConfigKeys (ConfUtils.java:logGet(46)) - raft.server.storage.dir = [/home/runner/work/ozone/ozone/hadoop-ozone/integration-test/target/test-dir/MiniOzoneClusterImpl-3c3985d8-3248-4f19-a32f-4442bec32466/datanode-1/data/ratis] (custom)
2023-06-23 00:37:25,536 [Datanode State Machine Task Thread - 0] INFO  datanode.InitDatanodeState (InitDatanodeState.java:persistContainerDatanodeDetails(138)) - DatanodeDetails is persisted to /home/runner/work/ozone/ozone/hadoop-ozone/integration-test/target/test-dir/MiniOzoneClusterImpl-3c3985d8-3248-4f19-a32f-4442bec32466/datanode-0/meta/datanode.id
2023-06-23 00:37:25,540 [main] INFO  server.XceiverServerGrpc (XceiverServerGrpc.java:<init>(132)) - GrpcServer channel type EpollServerSocketChannel
2023-06-23 00:37:25,542 [main] INFO  replication.ReplicationSupervisor (ReplicationSupervisor.java:nodeStateUpdated(305)) - Node state updated to IN_SERVICE, scaling executor pool size to 10
2023-06-23 00:37:25,542 [om1@group-C5BA1605619E-StateMachineUpdater] INFO  ratis.OzoneManagerStateMachine (OzoneManagerStateMachine.java:notifyConfigurationChanged(201)) - Received Configuration change notification from Ratis. New Peer list:
[id: "om1"
address: "localhost:15007"
startupRole: FOLLOWER
]
2023-06-23 00:37:25,558 [59e05457-4658-4a4f-b6c2-3fec945af00c-NettyServerStreamRpc-bossGroup--thread1] INFO  logging.LoggingHandler (AbstractInternalLogger.java:log(148)) - [id: 0x8d0a8cb0] REGISTERED
2023-06-23 00:37:25,559 [59e05457-4658-4a4f-b6c2-3fec945af00c-NettyServerStreamRpc-bossGroup--thread1] INFO  logging.LoggingHandler (AbstractInternalLogger.java:log(148)) - [id: 0x8d0a8cb0] BIND: 0.0.0.0/0.0.0.0:15024
2023-06-23 00:37:25,559 [59e05457-4658-4a4f-b6c2-3fec945af00c-NettyServerStreamRpc-bossGroup--thread1] INFO  logging.LoggingHandler (AbstractInternalLogger.java:log(148)) - [id: 0x8d0a8cb0, L:/0:0:0:0:0:0:0:0:15024] ACTIVE
2023-06-23 00:37:25,559 [main] INFO  http.BaseHttpServer (BaseHttpServer.java:newHttpServer2BuilderForOzone(224)) - Starting Web-server for hddsDatanode at: http://0.0.0.0:15018
2023-06-23 00:37:25,559 [main] INFO  http.BaseHttpServer (BaseHttpServer.java:<init>(111)) - Hadoop Security Enabled: false Ozone Security Enabled: false Ozone HTTP Security Enabled: false 
2023-06-23 00:37:25,561 [main] WARN  server.AuthenticationFilter (AuthenticationFilter.java:constructSecretProvider(240)) - Unable to initialize FileSignerSecretProvider, falling back to use random secrets. Reason: Could not read signature secret file: /home/runner/hadoop-http-auth-signature-secret
2023-06-23 00:37:25,563 [main] INFO  http.HttpRequestLog (HttpRequestLog.java:getRequestLog(86)) - Http request log for http.requests.hddsDatanode is not defined
2023-06-23 00:37:25,565 [main] INFO  http.HttpServer2 (HttpServer2.java:addGlobalFilter(1031)) - Added global filter 'safety' (class=org.apache.hadoop.hdds.server.http.HttpServer2$QuotingInputFilter)
2023-06-23 00:37:25,566 [main] INFO  http.HttpServer2 (HttpServer2.java:addFilter(1007)) - Added filter static_user_filter (class=org.apache.hadoop.http.lib.StaticUserWebFilter$StaticUserFilter) to context hddsDatanode
2023-06-23 00:37:25,566 [main] INFO  http.HttpServer2 (HttpServer2.java:addFilter(1015)) - Added filter static_user_filter (class=org.apache.hadoop.http.lib.StaticUserWebFilter$StaticUserFilter) to context logs
2023-06-23 00:37:25,566 [main] INFO  http.HttpServer2 (HttpServer2.java:addFilter(1015)) - Added filter static_user_filter (class=org.apache.hadoop.http.lib.StaticUserWebFilter$StaticUserFilter) to context static
2023-06-23 00:37:25,567 [main] INFO  http.BaseHttpServer (BaseHttpServer.java:<init>(190)) - HTTP server of hddsDatanode uses base directory /home/runner/work/ozone/ozone/hadoop-ozone/integration-test/target/test-dir/MiniOzoneClusterImpl-3c3985d8-3248-4f19-a32f-4442bec32466/datanode-1/meta/webserver
2023-06-23 00:37:25,567 [main] INFO  http.HttpServer2 (HttpServer2.java:bindListener(1250)) - Jetty bound to port 15018
2023-06-23 00:37:25,567 [main] INFO  server.Server (Server.java:doStart(375)) - jetty-9.4.51.v20230217; built: 2023-02-17T08:19:37.309Z; git: b45c405e4544384de066f814ed42ae3dceacdd49; jvm 1.8.0_372-b07
2023-06-23 00:37:25,578 [main] INFO  server.session (DefaultSessionIdManager.java:doStart(334)) - DefaultSessionIdManager workerName=node0
2023-06-23 00:37:25,579 [main] INFO  server.session (DefaultSessionIdManager.java:doStart(339)) - No SessionScavenger set, using defaults
2023-06-23 00:37:25,579 [main] INFO  server.session (HouseKeeper.java:startScavenging(132)) - node0 Scavenging every 600000ms
2023-06-23 00:37:25,579 [main] INFO  handler.ContextHandler (ContextHandler.java:doStart(921)) - Started o.e.j.s.ServletContextHandler@4d867d58{logs,/logs,file:///home/runner/work/ozone/ozone/hadoop-ozone/integration-test/target/log,AVAILABLE}
2023-06-23 00:37:25,580 [main] INFO  handler.ContextHandler (ContextHandler.java:doStart(921)) - Started o.e.j.s.ServletContextHandler@5c9fa9f1{static,/static,jar:file:/home/runner/.m2/repository/org/apache/ozone/hdds-container-service/1.4.0-SNAPSHOT/hdds-container-service-1.4.0-SNAPSHOT.jar!/webapps/static,AVAILABLE}
2023-06-23 00:37:25,791 [main] INFO  handler.ContextHandler (ContextHandler.java:doStart(921)) - Started o.e.j.w.WebAppContext@7491aef5{hddsDatanode,/,file:///home/runner/work/ozone/ozone/hadoop-ozone/integration-test/target/tmp/kms/webapp/,AVAILABLE}{jar:file:/home/runner/.m2/repository/org/apache/ozone/hdds-container-service/1.4.0-SNAPSHOT/hdds-container-service-1.4.0-SNAPSHOT.jar!/webapps/hddsDatanode}
2023-06-23 00:37:25,793 [main] INFO  server.AbstractConnector (AbstractConnector.java:doStart(333)) - Started ServerConnector@7214489{HTTP/1.1, (http/1.1)}{0.0.0.0:15018}
2023-06-23 00:37:25,793 [main] INFO  server.Server (Server.java:doStart(415)) - Started @10670ms
2023-06-23 00:37:25,793 [main] WARN  impl.MetricsSystemImpl (MetricsSystemImpl.java:register(279)) - Sink prometheus already exists!
2023-06-23 00:37:25,794 [main] INFO  http.BaseHttpServer (BaseHttpServer.java:updateConnectorAddress(344)) - HTTP server of hddsDatanode listening at http://0.0.0.0:15018
2023-06-23 00:37:25,795 [main] INFO  ipc.CallQueueManager (CallQueueManager.java:<init>(90)) - Using callQueue: class java.util.concurrent.LinkedBlockingQueue, queueCapacity: 100, scheduler: class org.apache.hadoop.ipc.DefaultRpcScheduler, ipcBackoff: false.
2023-06-23 00:37:25,796 [Socket Reader #1 for port 15019] INFO  ipc.Server (Server.java:run(1319)) - Starting Socket Reader #1 for port 15019
2023-06-23 00:37:25,801 [Listener at 0.0.0.0/15019] INFO  hdds.HddsUtils (HddsUtils.java:preserveThreadName(848)) - Restoring thread name: main
2023-06-23 00:37:25,801 [main] INFO  ozone.HddsDatanodeService (HddsDatanodeService.java:start(335)) - Datanode start with admins: [runner]
2023-06-23 00:37:25,801 [main] INFO  ozone.HddsDatanodeClientProtocolServer (HddsDatanodeClientProtocolServer.java:start(72)) - RPC server for Client /0.0.0.0:15019
2023-06-23 00:37:25,801 [IPC Server Responder] INFO  ipc.Server (Server.java:run(1558)) - IPC Server Responder: starting
2023-06-23 00:37:25,801 [IPC Server listener on 15019] INFO  ipc.Server (Server.java:run(1398)) - IPC Server listener on 15019: starting
2023-06-23 00:37:25,803 [main] WARN  impl.MetricRegistriesImpl (MetricRegistriesImpl.java:addReporterRegistration(111)) - New reporters are added after registries were created. Some metrics will be missing from the reporter. Please add reporter before adding any new registry.
2023-06-23 00:37:25,803 [main] WARN  impl.MetricRegistriesImpl (MetricRegistriesImpl.java:addReporterRegistration(111)) - New reporters are added after registries were created. Some metrics will be missing from the reporter. Please add reporter before adding any new registry.
2023-06-23 00:37:25,803 [main] INFO  impl.MetricsSystemImpl (MetricsSystemImpl.java:init(158)) - HddsDatanode metrics system started (again)
2023-06-23 00:37:25,812 [Datanode State Machine Daemon Thread] INFO  statemachine.DatanodeStateMachine (DatanodeStateMachine.java:lambda$startDaemon$0(531)) - Ozone container server started.
2023-06-23 00:37:25,821 [main] INFO  ozone.HddsDatanodeService (HddsDatanodeService.java:start(257)) - HddsDatanodeService host:fv-az570-151.srgqcr2moziuvm0qev4lajleyh.dx.internal.cloudapp.net ip:10.1.0.47
2023-06-23 00:37:25,845 [main] INFO  upgrade.AbstractLayoutVersionManager (AbstractLayoutVersionManager.java:init(83)) - Initializing Layout version manager with metadata layout = HADOOP_PRC_PORTS_IN_DATANODEDETAILS (version = 7), software layout = HADOOP_PRC_PORTS_IN_DATANODEDETAILS (version = 7)
2023-06-23 00:37:25,846 [main] INFO  statemachine.DatanodeStateMachine (DatanodeStateMachine.java:getEndPointTaskThreadPoolSize(279)) - Datanode State Machine Task Thread Pool size 2
2023-06-23 00:37:25,848 [main] INFO  volume.HddsVolume (HddsVolume.java:<init>(130)) - Creating HddsVolume: /home/runner/work/ozone/ozone/hadoop-ozone/integration-test/target/test-dir/MiniOzoneClusterImpl-3c3985d8-3248-4f19-a32f-4442bec32466/datanode-2/data-0/containers/hdds of storage type : DISK capacity : 9223372036854775807
2023-06-23 00:37:25,848 [main] INFO  volume.MutableVolumeSet (MutableVolumeSet.java:initializeVolumeSet(175)) - Added Volume : /home/runner/work/ozone/ozone/hadoop-ozone/integration-test/target/test-dir/MiniOzoneClusterImpl-3c3985d8-3248-4f19-a32f-4442bec32466/datanode-2/data-0/containers/hdds to VolumeSet
2023-06-23 00:37:25,848 [main] INFO  volume.ThrottledAsyncChecker (ThrottledAsyncChecker.java:schedule(141)) - Scheduling a check for /home/runner/work/ozone/ozone/hadoop-ozone/integration-test/target/test-dir/MiniOzoneClusterImpl-3c3985d8-3248-4f19-a32f-4442bec32466/datanode-2/data-0/containers/hdds
2023-06-23 00:37:25,850 [main] INFO  volume.StorageVolumeChecker (StorageVolumeChecker.java:checkAllVolumes(202)) - Scheduled health check for volume /home/runner/work/ozone/ozone/hadoop-ozone/integration-test/target/test-dir/MiniOzoneClusterImpl-3c3985d8-3248-4f19-a32f-4442bec32466/datanode-2/data-0/containers/hdds
2023-06-23 00:37:25,852 [Datanode State Machine Task Thread - 0] INFO  datanode.InitDatanodeState (InitDatanodeState.java:persistContainerDatanodeDetails(138)) - DatanodeDetails is persisted to /home/runner/work/ozone/ozone/hadoop-ozone/integration-test/target/test-dir/MiniOzoneClusterImpl-3c3985d8-3248-4f19-a32f-4442bec32466/datanode-1/meta/datanode.id
2023-06-23 00:37:25,863 [main] INFO  volume.MutableVolumeSet (MutableVolumeSet.java:initializeVolumeSet(175)) - Added Volume : /home/runner/work/ozone/ozone/hadoop-ozone/integration-test/target/test-dir/MiniOzoneClusterImpl-3c3985d8-3248-4f19-a32f-4442bec32466/datanode-2/data/ratis to VolumeSet
2023-06-23 00:37:25,863 [main] INFO  volume.ThrottledAsyncChecker (ThrottledAsyncChecker.java:schedule(141)) - Scheduling a check for /home/runner/work/ozone/ozone/hadoop-ozone/integration-test/target/test-dir/MiniOzoneClusterImpl-3c3985d8-3248-4f19-a32f-4442bec32466/datanode-2/data/ratis
2023-06-23 00:37:25,864 [main] INFO  volume.StorageVolumeChecker (StorageVolumeChecker.java:checkAllVolumes(202)) - Scheduled health check for volume /home/runner/work/ozone/ozone/hadoop-ozone/integration-test/target/test-dir/MiniOzoneClusterImpl-3c3985d8-3248-4f19-a32f-4442bec32466/datanode-2/data/ratis
2023-06-23 00:37:25,875 [Thread-187] INFO  ozoneimpl.ContainerReader (ContainerReader.java:readVolume(175)) - Finish verifying containers on volume /home/runner/work/ozone/ozone/hadoop-ozone/integration-test/target/test-dir/MiniOzoneClusterImpl-3c3985d8-3248-4f19-a32f-4442bec32466/datanode-2/data-0/containers/hdds
2023-06-23 00:37:25,876 [main] INFO  ozoneimpl.OzoneContainer (OzoneContainer.java:buildContainerSet(316)) - Build ContainerSet costs 0s
2023-06-23 00:37:25,879 [main] INFO  server.RaftServer (ConfUtils.java:logGet(46)) - raft.rpc.type = GRPC (default)
2023-06-23 00:37:25,879 [main] INFO  grpc.GrpcConfigKeys (ConfUtils.java:logFallback(53)) - raft.grpc.admin.host = null (fallback to raft.grpc.server.host)
2023-06-23 00:37:25,879 [main] INFO  grpc.GrpcConfigKeys (ConfUtils.java:logGet(46)) - raft.grpc.admin.port = 15031 (custom)
2023-06-23 00:37:25,879 [main] INFO  grpc.GrpcConfigKeys (ConfUtils.java:logFallback(53)) - raft.grpc.client.host = null (fallback to raft.grpc.server.host)
2023-06-23 00:37:25,879 [main] INFO  grpc.GrpcConfigKeys (ConfUtils.java:logGet(46)) - raft.grpc.client.port = 15030 (custom)
2023-06-23 00:37:25,879 [main] INFO  grpc.GrpcConfigKeys (ConfUtils.java:logGet(46)) - raft.grpc.server.host = null (default)
2023-06-23 00:37:25,879 [main] INFO  grpc.GrpcConfigKeys (ConfUtils.java:logGet(46)) - raft.grpc.server.port = 15032 (custom)
2023-06-23 00:37:25,880 [main] INFO  server.GrpcService (ConfUtils.java:logGet(46)) - raft.grpc.message.size.max = 32MB (=33554432) (custom)
2023-06-23 00:37:25,880 [main] INFO  server.RaftServerConfigKeys (ConfUtils.java:logGet(46)) - raft.server.log.appender.buffer.byte-limit = 33554432 (custom)
2023-06-23 00:37:25,880 [main] INFO  server.GrpcService (ConfUtils.java:logGet(46)) - raft.grpc.flow.control.window = 5MB (=5242880) (custom)
2023-06-23 00:37:25,880 [main] INFO  server.RaftServerConfigKeys (ConfUtils.java:logGet(46)) - raft.server.rpc.request.timeout = 60s (custom)
2023-06-23 00:37:25,880 [main] INFO  grpc.GrpcConfigKeys (ConfUtils.java:logGet(46)) - raft.grpc.server.heartbeat.channel = true (default)
2023-06-23 00:37:25,880 [main] INFO  grpc.GrpcConfigKeys (ConfUtils.java:logGet(46)) - raft.grpc.server.async.request.thread.pool.cached = true (default)
2023-06-23 00:37:25,880 [main] INFO  grpc.GrpcConfigKeys (ConfUtils.java:logGet(46)) - raft.grpc.server.async.request.thread.pool.size = 32 (default)
2023-06-23 00:37:25,882 [main] INFO  impl.DataStreamServerImpl (ConfUtils.java:logGet(46)) - raft.datastream.type = NETTY (custom)
2023-06-23 00:37:25,883 [main] INFO  server.RaftServerConfigKeys (ConfUtils.java:logGet(46)) - raft.server.data-stream.async.request.thread.pool.cached = false (default)
2023-06-23 00:37:25,883 [main] INFO  server.RaftServerConfigKeys (ConfUtils.java:logGet(46)) - raft.server.data-stream.async.request.thread.pool.size = 20 (custom)
2023-06-23 00:37:25,883 [main] INFO  server.RaftServerConfigKeys (ConfUtils.java:logGet(46)) - raft.server.data-stream.async.write.thread.pool.size = 16 (default)
2023-06-23 00:37:25,883 [main] INFO  server.RaftServerConfigKeys (ConfUtils.java:logGet(46)) - raft.server.data-stream.client.pool.size = 10 (default)
2023-06-23 00:37:25,883 [main] INFO  netty.NettyConfigKeys$DataStream (ConfUtils.java:logGet(46)) - raft.netty.dataStream.server.use-epoll = false (default)
2023-06-23 00:37:25,883 [main] INFO  netty.NettyConfigKeys$DataStream (ConfUtils.java:logGet(46)) - raft.netty.dataStream.server.boss-group.size = 0 (default)
2023-06-23 00:37:25,884 [main] INFO  netty.NettyConfigKeys$DataStream (ConfUtils.java:logGet(46)) - raft.netty.dataStream.server.worker-group.size = 0 (default)
2023-06-23 00:37:25,884 [main] INFO  netty.NettyConfigKeys$DataStream (ConfUtils.java:logGet(46)) - raft.netty.dataStream.server.tls.conf = null (default)
2023-06-23 00:37:25,884 [main] INFO  netty.NettyConfigKeys$DataStream (ConfUtils.java:logGet(46)) - raft.netty.dataStream.host = null (default)
2023-06-23 00:37:25,884 [main] INFO  netty.NettyConfigKeys$DataStream (ConfUtils.java:logGet(46)) - raft.netty.dataStream.port = 15033 (custom)
2023-06-23 00:37:25,885 [main] INFO  server.RaftServerConfigKeys (ConfUtils.java:logGet(46)) - raft.server.threadpool.proxy.cached = true (default)
2023-06-23 00:37:25,885 [main] INFO  server.RaftServerConfigKeys (ConfUtils.java:logGet(46)) - raft.server.threadpool.proxy.size = 0 (default)
2023-06-23 00:37:25,885 [main] INFO  server.RaftServerConfigKeys (ConfUtils.java:logGet(46)) - raft.server.rpc.slowness.timeout = 300s (custom)
2023-06-23 00:37:25,885 [main] INFO  server.RaftServerConfigKeys (ConfUtils.java:logGet(46)) - raft.server.leaderelection.leader.step-down.wait-time = 10s (default)
2023-06-23 00:37:25,885 [main] INFO  server.RaftServerConfigKeys (ConfUtils.java:logGet(46)) - raft.server.storage.dir = [/home/runner/work/ozone/ozone/hadoop-ozone/integration-test/target/test-dir/MiniOzoneClusterImpl-3c3985d8-3248-4f19-a32f-4442bec32466/datanode-2/data/ratis] (custom)
2023-06-23 00:37:25,887 [b858c729-efcc-4161-8033-8241e78cf6c6-NettyServerStreamRpc-bossGroup--thread1] INFO  logging.LoggingHandler (AbstractInternalLogger.java:log(148)) - [id: 0x1fc52b9e] REGISTERED
2023-06-23 00:37:25,887 [b858c729-efcc-4161-8033-8241e78cf6c6-NettyServerStreamRpc-bossGroup--thread1] INFO  logging.LoggingHandler (AbstractInternalLogger.java:log(148)) - [id: 0x1fc52b9e] BIND: 0.0.0.0/0.0.0.0:15033
2023-06-23 00:37:25,887 [b858c729-efcc-4161-8033-8241e78cf6c6-NettyServerStreamRpc-bossGroup--thread1] INFO  logging.LoggingHandler (AbstractInternalLogger.java:log(148)) - [id: 0x1fc52b9e, L:/0:0:0:0:0:0:0:0:15033] ACTIVE
2023-06-23 00:37:25,888 [main] INFO  server.XceiverServerGrpc (XceiverServerGrpc.java:<init>(132)) - GrpcServer channel type EpollServerSocketChannel
2023-06-23 00:37:25,890 [main] INFO  replication.ReplicationSupervisor (ReplicationSupervisor.java:nodeStateUpdated(305)) - Node state updated to IN_SERVICE, scaling executor pool size to 10
2023-06-23 00:37:25,895 [main] INFO  http.BaseHttpServer (BaseHttpServer.java:newHttpServer2BuilderForOzone(224)) - Starting Web-server for hddsDatanode at: http://0.0.0.0:15027
2023-06-23 00:37:25,896 [main] INFO  http.BaseHttpServer (BaseHttpServer.java:<init>(111)) - Hadoop Security Enabled: false Ozone Security Enabled: false Ozone HTTP Security Enabled: false 
2023-06-23 00:37:25,897 [main] WARN  server.AuthenticationFilter (AuthenticationFilter.java:constructSecretProvider(240)) - Unable to initialize FileSignerSecretProvider, falling back to use random secrets. Reason: Could not read signature secret file: /home/runner/hadoop-http-auth-signature-secret
2023-06-23 00:37:25,902 [main] INFO  http.HttpRequestLog (HttpRequestLog.java:getRequestLog(86)) - Http request log for http.requests.hddsDatanode is not defined
2023-06-23 00:37:25,903 [main] INFO  http.HttpServer2 (HttpServer2.java:addGlobalFilter(1031)) - Added global filter 'safety' (class=org.apache.hadoop.hdds.server.http.HttpServer2$QuotingInputFilter)
2023-06-23 00:37:25,904 [main] INFO  http.HttpServer2 (HttpServer2.java:addFilter(1007)) - Added filter static_user_filter (class=org.apache.hadoop.http.lib.StaticUserWebFilter$StaticUserFilter) to context hddsDatanode
2023-06-23 00:37:25,904 [main] INFO  http.HttpServer2 (HttpServer2.java:addFilter(1015)) - Added filter static_user_filter (class=org.apache.hadoop.http.lib.StaticUserWebFilter$StaticUserFilter) to context logs
2023-06-23 00:37:25,904 [main] INFO  http.HttpServer2 (HttpServer2.java:addFilter(1015)) - Added filter static_user_filter (class=org.apache.hadoop.http.lib.StaticUserWebFilter$StaticUserFilter) to context static
2023-06-23 00:37:25,905 [main] INFO  http.BaseHttpServer (BaseHttpServer.java:<init>(190)) - HTTP server of hddsDatanode uses base directory /home/runner/work/ozone/ozone/hadoop-ozone/integration-test/target/test-dir/MiniOzoneClusterImpl-3c3985d8-3248-4f19-a32f-4442bec32466/datanode-2/meta/webserver
2023-06-23 00:37:25,905 [main] INFO  http.HttpServer2 (HttpServer2.java:bindListener(1250)) - Jetty bound to port 15027
2023-06-23 00:37:25,905 [main] INFO  server.Server (Server.java:doStart(375)) - jetty-9.4.51.v20230217; built: 2023-02-17T08:19:37.309Z; git: b45c405e4544384de066f814ed42ae3dceacdd49; jvm 1.8.0_372-b07
2023-06-23 00:37:25,908 [main] INFO  server.session (DefaultSessionIdManager.java:doStart(334)) - DefaultSessionIdManager workerName=node0
2023-06-23 00:37:25,908 [main] INFO  server.session (DefaultSessionIdManager.java:doStart(339)) - No SessionScavenger set, using defaults
2023-06-23 00:37:25,908 [main] INFO  server.session (HouseKeeper.java:startScavenging(132)) - node0 Scavenging every 660000ms
2023-06-23 00:37:25,912 [main] INFO  handler.ContextHandler (ContextHandler.java:doStart(921)) - Started o.e.j.s.ServletContextHandler@6c4aa7da{logs,/logs,file:///home/runner/work/ozone/ozone/hadoop-ozone/integration-test/target/log,AVAILABLE}
2023-06-23 00:37:25,912 [main] INFO  handler.ContextHandler (ContextHandler.java:doStart(921)) - Started o.e.j.s.ServletContextHandler@aaf94b{static,/static,jar:file:/home/runner/.m2/repository/org/apache/ozone/hdds-container-service/1.4.0-SNAPSHOT/hdds-container-service-1.4.0-SNAPSHOT.jar!/webapps/static,AVAILABLE}
2023-06-23 00:37:26,120 [main] INFO  handler.ContextHandler (ContextHandler.java:doStart(921)) - Started o.e.j.w.WebAppContext@34bac450{hddsDatanode,/,file:///home/runner/work/ozone/ozone/hadoop-ozone/integration-test/target/tmp/kms/webapp/,AVAILABLE}{jar:file:/home/runner/.m2/repository/org/apache/ozone/hdds-container-service/1.4.0-SNAPSHOT/hdds-container-service-1.4.0-SNAPSHOT.jar!/webapps/hddsDatanode}
2023-06-23 00:37:26,122 [main] INFO  server.AbstractConnector (AbstractConnector.java:doStart(333)) - Started ServerConnector@69915595{HTTP/1.1, (http/1.1)}{0.0.0.0:15027}
2023-06-23 00:37:26,122 [main] INFO  server.Server (Server.java:doStart(415)) - Started @10999ms
2023-06-23 00:37:26,122 [main] WARN  impl.MetricsSystemImpl (MetricsSystemImpl.java:register(279)) - Sink prometheus already exists!
2023-06-23 00:37:26,123 [main] INFO  http.BaseHttpServer (BaseHttpServer.java:updateConnectorAddress(344)) - HTTP server of hddsDatanode listening at http://0.0.0.0:15027
2023-06-23 00:37:26,123 [main] INFO  ipc.CallQueueManager (CallQueueManager.java:<init>(90)) - Using callQueue: class java.util.concurrent.LinkedBlockingQueue, queueCapacity: 100, scheduler: class org.apache.hadoop.ipc.DefaultRpcScheduler, ipcBackoff: false.
2023-06-23 00:37:26,124 [Socket Reader #1 for port 15028] INFO  ipc.Server (Server.java:run(1319)) - Starting Socket Reader #1 for port 15028
2023-06-23 00:37:26,130 [Listener at 0.0.0.0/15028] INFO  hdds.HddsUtils (HddsUtils.java:preserveThreadName(848)) - Restoring thread name: main
2023-06-23 00:37:26,130 [main] INFO  ozone.HddsDatanodeService (HddsDatanodeService.java:start(335)) - Datanode start with admins: [runner]
2023-06-23 00:37:26,130 [main] INFO  ozone.HddsDatanodeClientProtocolServer (HddsDatanodeClientProtocolServer.java:start(72)) - RPC server for Client /0.0.0.0:15028
2023-06-23 00:37:26,130 [IPC Server Responder] INFO  ipc.Server (Server.java:run(1558)) - IPC Server Responder: starting
2023-06-23 00:37:26,135 [Datanode State Machine Daemon Thread] INFO  statemachine.DatanodeStateMachine (DatanodeStateMachine.java:lambda$startDaemon$0(531)) - Ozone container server started.
2023-06-23 00:37:26,138 [IPC Server listener on 15028] INFO  ipc.Server (Server.java:run(1398)) - IPC Server listener on 15028: starting
2023-06-23 00:37:26,139 [main] WARN  impl.MetricRegistriesImpl (MetricRegistriesImpl.java:addReporterRegistration(111)) - New reporters are added after registries were created. Some metrics will be missing from the reporter. Please add reporter before adding any new registry.
2023-06-23 00:37:26,139 [main] WARN  impl.MetricRegistriesImpl (MetricRegistriesImpl.java:addReporterRegistration(111)) - New reporters are added after registries were created. Some metrics will be missing from the reporter. Please add reporter before adding any new registry.
2023-06-23 00:37:26,142 [main] INFO  impl.MetricsSystemImpl (MetricsSystemImpl.java:init(158)) - HddsDatanode metrics system started (again)
2023-06-23 00:37:26,160 [Datanode State Machine Task Thread - 0] INFO  datanode.InitDatanodeState (InitDatanodeState.java:persistContainerDatanodeDetails(138)) - DatanodeDetails is persisted to /home/runner/work/ozone/ozone/hadoop-ozone/integration-test/target/test-dir/MiniOzoneClusterImpl-3c3985d8-3248-4f19-a32f-4442bec32466/datanode-2/meta/datanode.id
2023-06-23 00:37:26,161 [main] INFO  ozone.HddsDatanodeService (HddsDatanodeService.java:start(257)) - HddsDatanodeService host:fv-az570-151.srgqcr2moziuvm0qev4lajleyh.dx.internal.cloudapp.net ip:10.1.0.47
2023-06-23 00:37:26,183 [main] INFO  upgrade.AbstractLayoutVersionManager (AbstractLayoutVersionManager.java:init(83)) - Initializing Layout version manager with metadata layout = HADOOP_PRC_PORTS_IN_DATANODEDETAILS (version = 7), software layout = HADOOP_PRC_PORTS_IN_DATANODEDETAILS (version = 7)
2023-06-23 00:37:26,185 [main] INFO  statemachine.DatanodeStateMachine (DatanodeStateMachine.java:getEndPointTaskThreadPoolSize(279)) - Datanode State Machine Task Thread Pool size 2
2023-06-23 00:37:26,187 [main] INFO  volume.HddsVolume (HddsVolume.java:<init>(130)) - Creating HddsVolume: /home/runner/work/ozone/ozone/hadoop-ozone/integration-test/target/test-dir/MiniOzoneClusterImpl-3c3985d8-3248-4f19-a32f-4442bec32466/datanode-3/data-0/containers/hdds of storage type : DISK capacity : 9223372036854775807
2023-06-23 00:37:26,188 [main] INFO  volume.MutableVolumeSet (MutableVolumeSet.java:initializeVolumeSet(175)) - Added Volume : /home/runner/work/ozone/ozone/hadoop-ozone/integration-test/target/test-dir/MiniOzoneClusterImpl-3c3985d8-3248-4f19-a32f-4442bec32466/datanode-3/data-0/containers/hdds to VolumeSet
2023-06-23 00:37:26,188 [main] INFO  volume.ThrottledAsyncChecker (ThrottledAsyncChecker.java:schedule(141)) - Scheduling a check for /home/runner/work/ozone/ozone/hadoop-ozone/integration-test/target/test-dir/MiniOzoneClusterImpl-3c3985d8-3248-4f19-a32f-4442bec32466/datanode-3/data-0/containers/hdds
2023-06-23 00:37:26,189 [main] INFO  volume.StorageVolumeChecker (StorageVolumeChecker.java:checkAllVolumes(202)) - Scheduled health check for volume /home/runner/work/ozone/ozone/hadoop-ozone/integration-test/target/test-dir/MiniOzoneClusterImpl-3c3985d8-3248-4f19-a32f-4442bec32466/datanode-3/data-0/containers/hdds
2023-06-23 00:37:26,202 [main] INFO  volume.MutableVolumeSet (MutableVolumeSet.java:initializeVolumeSet(175)) - Added Volume : /home/runner/work/ozone/ozone/hadoop-ozone/integration-test/target/test-dir/MiniOzoneClusterImpl-3c3985d8-3248-4f19-a32f-4442bec32466/datanode-3/data/ratis to VolumeSet
2023-06-23 00:37:26,203 [main] INFO  volume.ThrottledAsyncChecker (ThrottledAsyncChecker.java:schedule(141)) - Scheduling a check for /home/runner/work/ozone/ozone/hadoop-ozone/integration-test/target/test-dir/MiniOzoneClusterImpl-3c3985d8-3248-4f19-a32f-4442bec32466/datanode-3/data/ratis
2023-06-23 00:37:26,203 [main] INFO  volume.StorageVolumeChecker (StorageVolumeChecker.java:checkAllVolumes(202)) - Scheduled health check for volume /home/runner/work/ozone/ozone/hadoop-ozone/integration-test/target/test-dir/MiniOzoneClusterImpl-3c3985d8-3248-4f19-a32f-4442bec32466/datanode-3/data/ratis
2023-06-23 00:37:26,217 [Thread-204] INFO  ozoneimpl.ContainerReader (ContainerReader.java:readVolume(175)) - Finish verifying containers on volume /home/runner/work/ozone/ozone/hadoop-ozone/integration-test/target/test-dir/MiniOzoneClusterImpl-3c3985d8-3248-4f19-a32f-4442bec32466/datanode-3/data-0/containers/hdds
2023-06-23 00:37:26,218 [main] INFO  ozoneimpl.OzoneContainer (OzoneContainer.java:buildContainerSet(316)) - Build ContainerSet costs 0s
2023-06-23 00:37:26,221 [main] INFO  server.RaftServer (ConfUtils.java:logGet(46)) - raft.rpc.type = GRPC (default)
2023-06-23 00:37:26,221 [main] INFO  grpc.GrpcConfigKeys (ConfUtils.java:logFallback(53)) - raft.grpc.admin.host = null (fallback to raft.grpc.server.host)
2023-06-23 00:37:26,221 [main] INFO  grpc.GrpcConfigKeys (ConfUtils.java:logGet(46)) - raft.grpc.admin.port = 15040 (custom)
2023-06-23 00:37:26,221 [main] INFO  grpc.GrpcConfigKeys (ConfUtils.java:logFallback(53)) - raft.grpc.client.host = null (fallback to raft.grpc.server.host)
2023-06-23 00:37:26,221 [main] INFO  grpc.GrpcConfigKeys (ConfUtils.java:logGet(46)) - raft.grpc.client.port = 15039 (custom)
2023-06-23 00:37:26,221 [main] INFO  grpc.GrpcConfigKeys (ConfUtils.java:logGet(46)) - raft.grpc.server.host = null (default)
2023-06-23 00:37:26,221 [main] INFO  grpc.GrpcConfigKeys (ConfUtils.java:logGet(46)) - raft.grpc.server.port = 15041 (custom)
2023-06-23 00:37:26,221 [main] INFO  server.GrpcService (ConfUtils.java:logGet(46)) - raft.grpc.message.size.max = 32MB (=33554432) (custom)
2023-06-23 00:37:26,221 [main] INFO  server.RaftServerConfigKeys (ConfUtils.java:logGet(46)) - raft.server.log.appender.buffer.byte-limit = 33554432 (custom)
2023-06-23 00:37:26,222 [main] INFO  server.GrpcService (ConfUtils.java:logGet(46)) - raft.grpc.flow.control.window = 5MB (=5242880) (custom)
2023-06-23 00:37:26,222 [main] INFO  server.RaftServerConfigKeys (ConfUtils.java:logGet(46)) - raft.server.rpc.request.timeout = 60s (custom)
2023-06-23 00:37:26,222 [main] INFO  grpc.GrpcConfigKeys (ConfUtils.java:logGet(46)) - raft.grpc.server.heartbeat.channel = true (default)
2023-06-23 00:37:26,222 [main] INFO  grpc.GrpcConfigKeys (ConfUtils.java:logGet(46)) - raft.grpc.server.async.request.thread.pool.cached = true (default)
2023-06-23 00:37:26,222 [main] INFO  grpc.GrpcConfigKeys (ConfUtils.java:logGet(46)) - raft.grpc.server.async.request.thread.pool.size = 32 (default)
2023-06-23 00:37:26,226 [main] INFO  impl.DataStreamServerImpl (ConfUtils.java:logGet(46)) - raft.datastream.type = NETTY (custom)
2023-06-23 00:37:26,226 [main] INFO  server.RaftServerConfigKeys (ConfUtils.java:logGet(46)) - raft.server.data-stream.async.request.thread.pool.cached = false (default)
2023-06-23 00:37:26,226 [main] INFO  server.RaftServerConfigKeys (ConfUtils.java:logGet(46)) - raft.server.data-stream.async.request.thread.pool.size = 20 (custom)
2023-06-23 00:37:26,226 [main] INFO  server.RaftServerConfigKeys (ConfUtils.java:logGet(46)) - raft.server.data-stream.async.write.thread.pool.size = 16 (default)
2023-06-23 00:37:26,227 [main] INFO  server.RaftServerConfigKeys (ConfUtils.java:logGet(46)) - raft.server.data-stream.client.pool.size = 10 (default)
2023-06-23 00:37:26,227 [main] INFO  netty.NettyConfigKeys$DataStream (ConfUtils.java:logGet(46)) - raft.netty.dataStream.server.use-epoll = false (default)
2023-06-23 00:37:26,227 [main] INFO  netty.NettyConfigKeys$DataStream (ConfUtils.java:logGet(46)) - raft.netty.dataStream.server.boss-group.size = 0 (default)
2023-06-23 00:37:26,228 [main] INFO  netty.NettyConfigKeys$DataStream (ConfUtils.java:logGet(46)) - raft.netty.dataStream.server.worker-group.size = 0 (default)
2023-06-23 00:37:26,228 [main] INFO  netty.NettyConfigKeys$DataStream (ConfUtils.java:logGet(46)) - raft.netty.dataStream.server.tls.conf = null (default)
2023-06-23 00:37:26,228 [main] INFO  netty.NettyConfigKeys$DataStream (ConfUtils.java:logGet(46)) - raft.netty.dataStream.host = null (default)
2023-06-23 00:37:26,228 [main] INFO  netty.NettyConfigKeys$DataStream (ConfUtils.java:logGet(46)) - raft.netty.dataStream.port = 15042 (custom)
2023-06-23 00:37:26,229 [main] INFO  server.RaftServerConfigKeys (ConfUtils.java:logGet(46)) - raft.server.threadpool.proxy.cached = true (default)
2023-06-23 00:37:26,231 [main] INFO  server.RaftServerConfigKeys (ConfUtils.java:logGet(46)) - raft.server.threadpool.proxy.size = 0 (default)
2023-06-23 00:37:26,231 [4e705eda-d59c-4e65-825a-8cd43ac70c00-NettyServerStreamRpc-bossGroup--thread1] INFO  logging.LoggingHandler (AbstractInternalLogger.java:log(148)) - [id: 0x704a8e74] REGISTERED
2023-06-23 00:37:26,231 [main] INFO  server.RaftServerConfigKeys (ConfUtils.java:logGet(46)) - raft.server.rpc.slowness.timeout = 300s (custom)
2023-06-23 00:37:26,231 [4e705eda-d59c-4e65-825a-8cd43ac70c00-NettyServerStreamRpc-bossGroup--thread1] INFO  logging.LoggingHandler (AbstractInternalLogger.java:log(148)) - [id: 0x704a8e74] BIND: 0.0.0.0/0.0.0.0:15042
2023-06-23 00:37:26,231 [main] INFO  server.RaftServerConfigKeys (ConfUtils.java:logGet(46)) - raft.server.leaderelection.leader.step-down.wait-time = 10s (default)
2023-06-23 00:37:26,232 [4e705eda-d59c-4e65-825a-8cd43ac70c00-NettyServerStreamRpc-bossGroup--thread1] INFO  logging.LoggingHandler (AbstractInternalLogger.java:log(148)) - [id: 0x704a8e74, L:/0:0:0:0:0:0:0:0:15042] ACTIVE
2023-06-23 00:37:26,232 [main] INFO  server.RaftServerConfigKeys (ConfUtils.java:logGet(46)) - raft.server.storage.dir = [/home/runner/work/ozone/ozone/hadoop-ozone/integration-test/target/test-dir/MiniOzoneClusterImpl-3c3985d8-3248-4f19-a32f-4442bec32466/datanode-3/data/ratis] (custom)
2023-06-23 00:37:26,233 [main] INFO  server.XceiverServerGrpc (XceiverServerGrpc.java:<init>(132)) - GrpcServer channel type EpollServerSocketChannel
2023-06-23 00:37:26,237 [main] INFO  replication.ReplicationSupervisor (ReplicationSupervisor.java:nodeStateUpdated(305)) - Node state updated to IN_SERVICE, scaling executor pool size to 10
2023-06-23 00:37:26,239 [main] INFO  http.BaseHttpServer (BaseHttpServer.java:newHttpServer2BuilderForOzone(224)) - Starting Web-server for hddsDatanode at: http://0.0.0.0:15036
2023-06-23 00:37:26,240 [main] INFO  http.BaseHttpServer (BaseHttpServer.java:<init>(111)) - Hadoop Security Enabled: false Ozone Security Enabled: false Ozone HTTP Security Enabled: false 
2023-06-23 00:37:26,241 [main] WARN  server.AuthenticationFilter (AuthenticationFilter.java:constructSecretProvider(240)) - Unable to initialize FileSignerSecretProvider, falling back to use random secrets. Reason: Could not read signature secret file: /home/runner/hadoop-http-auth-signature-secret
2023-06-23 00:37:26,241 [main] INFO  http.HttpRequestLog (HttpRequestLog.java:getRequestLog(86)) - Http request log for http.requests.hddsDatanode is not defined
2023-06-23 00:37:26,246 [main] INFO  http.HttpServer2 (HttpServer2.java:addGlobalFilter(1031)) - Added global filter 'safety' (class=org.apache.hadoop.hdds.server.http.HttpServer2$QuotingInputFilter)
2023-06-23 00:37:26,247 [main] INFO  http.HttpServer2 (HttpServer2.java:addFilter(1007)) - Added filter static_user_filter (class=org.apache.hadoop.http.lib.StaticUserWebFilter$StaticUserFilter) to context hddsDatanode
2023-06-23 00:37:26,247 [main] INFO  http.HttpServer2 (HttpServer2.java:addFilter(1015)) - Added filter static_user_filter (class=org.apache.hadoop.http.lib.StaticUserWebFilter$StaticUserFilter) to context static
2023-06-23 00:37:26,247 [main] INFO  http.HttpServer2 (HttpServer2.java:addFilter(1015)) - Added filter static_user_filter (class=org.apache.hadoop.http.lib.StaticUserWebFilter$StaticUserFilter) to context logs
2023-06-23 00:37:26,249 [main] INFO  http.BaseHttpServer (BaseHttpServer.java:<init>(190)) - HTTP server of hddsDatanode uses base directory /home/runner/work/ozone/ozone/hadoop-ozone/integration-test/target/test-dir/MiniOzoneClusterImpl-3c3985d8-3248-4f19-a32f-4442bec32466/datanode-3/meta/webserver
2023-06-23 00:37:26,249 [main] INFO  http.HttpServer2 (HttpServer2.java:bindListener(1250)) - Jetty bound to port 15036
2023-06-23 00:37:26,249 [main] INFO  server.Server (Server.java:doStart(375)) - jetty-9.4.51.v20230217; built: 2023-02-17T08:19:37.309Z; git: b45c405e4544384de066f814ed42ae3dceacdd49; jvm 1.8.0_372-b07
2023-06-23 00:37:26,250 [main] INFO  server.session (DefaultSessionIdManager.java:doStart(334)) - DefaultSessionIdManager workerName=node0
2023-06-23 00:37:26,250 [main] INFO  server.session (DefaultSessionIdManager.java:doStart(339)) - No SessionScavenger set, using defaults
2023-06-23 00:37:26,251 [main] INFO  server.session (HouseKeeper.java:startScavenging(132)) - node0 Scavenging every 600000ms
2023-06-23 00:37:26,252 [main] INFO  handler.ContextHandler (ContextHandler.java:doStart(921)) - Started o.e.j.s.ServletContextHandler@1489e6a4{logs,/logs,file:///home/runner/work/ozone/ozone/hadoop-ozone/integration-test/target/log,AVAILABLE}
2023-06-23 00:37:26,252 [main] INFO  handler.ContextHandler (ContextHandler.java:doStart(921)) - Started o.e.j.s.ServletContextHandler@1d3004d1{static,/static,jar:file:/home/runner/.m2/repository/org/apache/ozone/hdds-container-service/1.4.0-SNAPSHOT/hdds-container-service-1.4.0-SNAPSHOT.jar!/webapps/static,AVAILABLE}
2023-06-23 00:37:26,452 [main] INFO  handler.ContextHandler (ContextHandler.java:doStart(921)) - Started o.e.j.w.WebAppContext@1f234f84{hddsDatanode,/,file:///home/runner/work/ozone/ozone/hadoop-ozone/integration-test/target/tmp/kms/webapp/,AVAILABLE}{jar:file:/home/runner/.m2/repository/org/apache/ozone/hdds-container-service/1.4.0-SNAPSHOT/hdds-container-service-1.4.0-SNAPSHOT.jar!/webapps/hddsDatanode}
2023-06-23 00:37:26,455 [main] INFO  server.AbstractConnector (AbstractConnector.java:doStart(333)) - Started ServerConnector@34346f5a{HTTP/1.1, (http/1.1)}{0.0.0.0:15036}
2023-06-23 00:37:26,455 [main] INFO  server.Server (Server.java:doStart(415)) - Started @11331ms
2023-06-23 00:37:26,455 [main] WARN  impl.MetricsSystemImpl (MetricsSystemImpl.java:register(279)) - Sink prometheus already exists!
2023-06-23 00:37:26,455 [main] INFO  http.BaseHttpServer (BaseHttpServer.java:updateConnectorAddress(344)) - HTTP server of hddsDatanode listening at http://0.0.0.0:15036
2023-06-23 00:37:26,456 [main] INFO  ipc.CallQueueManager (CallQueueManager.java:<init>(90)) - Using callQueue: class java.util.concurrent.LinkedBlockingQueue, queueCapacity: 100, scheduler: class org.apache.hadoop.ipc.DefaultRpcScheduler, ipcBackoff: false.
2023-06-23 00:37:26,456 [Socket Reader #1 for port 15037] INFO  ipc.Server (Server.java:run(1319)) - Starting Socket Reader #1 for port 15037
2023-06-23 00:37:26,461 [Listener at 0.0.0.0/15037] INFO  hdds.HddsUtils (HddsUtils.java:preserveThreadName(848)) - Restoring thread name: main
2023-06-23 00:37:26,461 [main] INFO  ozone.HddsDatanodeService (HddsDatanodeService.java:start(335)) - Datanode start with admins: [runner]
2023-06-23 00:37:26,461 [main] INFO  ozone.HddsDatanodeClientProtocolServer (HddsDatanodeClientProtocolServer.java:start(72)) - RPC server for Client /0.0.0.0:15037
2023-06-23 00:37:26,462 [IPC Server Responder] INFO  ipc.Server (Server.java:run(1558)) - IPC Server Responder: starting
2023-06-23 00:37:26,467 [IPC Server listener on 15037] INFO  ipc.Server (Server.java:run(1398)) - IPC Server listener on 15037: starting
2023-06-23 00:37:26,468 [Datanode State Machine Daemon Thread] INFO  statemachine.DatanodeStateMachine (DatanodeStateMachine.java:lambda$startDaemon$0(531)) - Ozone container server started.
2023-06-23 00:37:26,468 [main] WARN  impl.MetricRegistriesImpl (MetricRegistriesImpl.java:addReporterRegistration(111)) - New reporters are added after registries were created. Some metrics will be missing from the reporter. Please add reporter before adding any new registry.
2023-06-23 00:37:26,468 [main] WARN  impl.MetricRegistriesImpl (MetricRegistriesImpl.java:addReporterRegistration(111)) - New reporters are added after registries were created. Some metrics will be missing from the reporter. Please add reporter before adding any new registry.
2023-06-23 00:37:26,468 [main] INFO  impl.MetricsSystemImpl (MetricsSystemImpl.java:init(158)) - HddsDatanode metrics system started (again)
2023-06-23 00:37:26,483 [main] INFO  ozone.HddsDatanodeService (HddsDatanodeService.java:start(257)) - HddsDatanodeService host:fv-az570-151.srgqcr2moziuvm0qev4lajleyh.dx.internal.cloudapp.net ip:10.1.0.47
2023-06-23 00:37:26,488 [Datanode State Machine Task Thread - 0] INFO  datanode.InitDatanodeState (InitDatanodeState.java:persistContainerDatanodeDetails(138)) - DatanodeDetails is persisted to /home/runner/work/ozone/ozone/hadoop-ozone/integration-test/target/test-dir/MiniOzoneClusterImpl-3c3985d8-3248-4f19-a32f-4442bec32466/datanode-3/meta/datanode.id
2023-06-23 00:37:26,505 [main] INFO  upgrade.AbstractLayoutVersionManager (AbstractLayoutVersionManager.java:init(83)) - Initializing Layout version manager with metadata layout = HADOOP_PRC_PORTS_IN_DATANODEDETAILS (version = 7), software layout = HADOOP_PRC_PORTS_IN_DATANODEDETAILS (version = 7)
2023-06-23 00:37:26,506 [main] INFO  statemachine.DatanodeStateMachine (DatanodeStateMachine.java:getEndPointTaskThreadPoolSize(279)) - Datanode State Machine Task Thread Pool size 2
2023-06-23 00:37:26,510 [main] INFO  volume.HddsVolume (HddsVolume.java:<init>(130)) - Creating HddsVolume: /home/runner/work/ozone/ozone/hadoop-ozone/integration-test/target/test-dir/MiniOzoneClusterImpl-3c3985d8-3248-4f19-a32f-4442bec32466/datanode-4/data-0/containers/hdds of storage type : DISK capacity : 9223372036854775807
2023-06-23 00:37:26,510 [main] INFO  volume.MutableVolumeSet (MutableVolumeSet.java:initializeVolumeSet(175)) - Added Volume : /home/runner/work/ozone/ozone/hadoop-ozone/integration-test/target/test-dir/MiniOzoneClusterImpl-3c3985d8-3248-4f19-a32f-4442bec32466/datanode-4/data-0/containers/hdds to VolumeSet
2023-06-23 00:37:26,510 [main] INFO  volume.ThrottledAsyncChecker (ThrottledAsyncChecker.java:schedule(141)) - Scheduling a check for /home/runner/work/ozone/ozone/hadoop-ozone/integration-test/target/test-dir/MiniOzoneClusterImpl-3c3985d8-3248-4f19-a32f-4442bec32466/datanode-4/data-0/containers/hdds
2023-06-23 00:37:26,511 [main] INFO  volume.StorageVolumeChecker (StorageVolumeChecker.java:checkAllVolumes(202)) - Scheduled health check for volume /home/runner/work/ozone/ozone/hadoop-ozone/integration-test/target/test-dir/MiniOzoneClusterImpl-3c3985d8-3248-4f19-a32f-4442bec32466/datanode-4/data-0/containers/hdds
2023-06-23 00:37:26,523 [main] INFO  volume.MutableVolumeSet (MutableVolumeSet.java:initializeVolumeSet(175)) - Added Volume : /home/runner/work/ozone/ozone/hadoop-ozone/integration-test/target/test-dir/MiniOzoneClusterImpl-3c3985d8-3248-4f19-a32f-4442bec32466/datanode-4/data/ratis to VolumeSet
2023-06-23 00:37:26,523 [main] INFO  volume.ThrottledAsyncChecker (ThrottledAsyncChecker.java:schedule(141)) - Scheduling a check for /home/runner/work/ozone/ozone/hadoop-ozone/integration-test/target/test-dir/MiniOzoneClusterImpl-3c3985d8-3248-4f19-a32f-4442bec32466/datanode-4/data/ratis
2023-06-23 00:37:26,523 [main] INFO  volume.StorageVolumeChecker (StorageVolumeChecker.java:checkAllVolumes(202)) - Scheduled health check for volume /home/runner/work/ozone/ozone/hadoop-ozone/integration-test/target/test-dir/MiniOzoneClusterImpl-3c3985d8-3248-4f19-a32f-4442bec32466/datanode-4/data/ratis
2023-06-23 00:37:26,535 [Thread-221] INFO  ozoneimpl.ContainerReader (ContainerReader.java:readVolume(175)) - Finish verifying containers on volume /home/runner/work/ozone/ozone/hadoop-ozone/integration-test/target/test-dir/MiniOzoneClusterImpl-3c3985d8-3248-4f19-a32f-4442bec32466/datanode-4/data-0/containers/hdds
2023-06-23 00:37:26,535 [main] INFO  ozoneimpl.OzoneContainer (OzoneContainer.java:buildContainerSet(316)) - Build ContainerSet costs 0s
2023-06-23 00:37:26,538 [main] INFO  server.RaftServer (ConfUtils.java:logGet(46)) - raft.rpc.type = GRPC (default)
2023-06-23 00:37:26,538 [main] INFO  grpc.GrpcConfigKeys (ConfUtils.java:logFallback(53)) - raft.grpc.admin.host = null (fallback to raft.grpc.server.host)
2023-06-23 00:37:26,538 [main] INFO  grpc.GrpcConfigKeys (ConfUtils.java:logGet(46)) - raft.grpc.admin.port = 15049 (custom)
2023-06-23 00:37:26,538 [main] INFO  grpc.GrpcConfigKeys (ConfUtils.java:logFallback(53)) - raft.grpc.client.host = null (fallback to raft.grpc.server.host)
2023-06-23 00:37:26,538 [main] INFO  grpc.GrpcConfigKeys (ConfUtils.java:logGet(46)) - raft.grpc.client.port = 15048 (custom)
2023-06-23 00:37:26,538 [main] INFO  grpc.GrpcConfigKeys (ConfUtils.java:logGet(46)) - raft.grpc.server.host = null (default)
2023-06-23 00:37:26,538 [main] INFO  grpc.GrpcConfigKeys (ConfUtils.java:logGet(46)) - raft.grpc.server.port = 15050 (custom)
2023-06-23 00:37:26,538 [main] INFO  server.GrpcService (ConfUtils.java:logGet(46)) - raft.grpc.message.size.max = 32MB (=33554432) (custom)
2023-06-23 00:37:26,538 [main] INFO  server.RaftServerConfigKeys (ConfUtils.java:logGet(46)) - raft.server.log.appender.buffer.byte-limit = 33554432 (custom)
2023-06-23 00:37:26,538 [main] INFO  server.GrpcService (ConfUtils.java:logGet(46)) - raft.grpc.flow.control.window = 5MB (=5242880) (custom)
2023-06-23 00:37:26,539 [main] INFO  server.RaftServerConfigKeys (ConfUtils.java:logGet(46)) - raft.server.rpc.request.timeout = 60s (custom)
2023-06-23 00:37:26,539 [main] INFO  grpc.GrpcConfigKeys (ConfUtils.java:logGet(46)) - raft.grpc.server.heartbeat.channel = true (default)
2023-06-23 00:37:26,539 [main] INFO  grpc.GrpcConfigKeys (ConfUtils.java:logGet(46)) - raft.grpc.server.async.request.thread.pool.cached = true (default)
2023-06-23 00:37:26,539 [main] INFO  grpc.GrpcConfigKeys (ConfUtils.java:logGet(46)) - raft.grpc.server.async.request.thread.pool.size = 32 (default)
2023-06-23 00:37:26,541 [main] INFO  impl.DataStreamServerImpl (ConfUtils.java:logGet(46)) - raft.datastream.type = NETTY (custom)
2023-06-23 00:37:26,541 [main] INFO  server.RaftServerConfigKeys (ConfUtils.java:logGet(46)) - raft.server.data-stream.async.request.thread.pool.cached = false (default)
2023-06-23 00:37:26,541 [main] INFO  server.RaftServerConfigKeys (ConfUtils.java:logGet(46)) - raft.server.data-stream.async.request.thread.pool.size = 20 (custom)
2023-06-23 00:37:26,542 [main] INFO  server.RaftServerConfigKeys (ConfUtils.java:logGet(46)) - raft.server.data-stream.async.write.thread.pool.size = 16 (default)
2023-06-23 00:37:26,542 [main] INFO  server.RaftServerConfigKeys (ConfUtils.java:logGet(46)) - raft.server.data-stream.client.pool.size = 10 (default)
2023-06-23 00:37:26,542 [main] INFO  netty.NettyConfigKeys$DataStream (ConfUtils.java:logGet(46)) - raft.netty.dataStream.server.use-epoll = false (default)
2023-06-23 00:37:26,542 [main] INFO  netty.NettyConfigKeys$DataStream (ConfUtils.java:logGet(46)) - raft.netty.dataStream.server.boss-group.size = 0 (default)
2023-06-23 00:37:26,542 [main] INFO  netty.NettyConfigKeys$DataStream (ConfUtils.java:logGet(46)) - raft.netty.dataStream.server.worker-group.size = 0 (default)
2023-06-23 00:37:26,543 [main] INFO  netty.NettyConfigKeys$DataStream (ConfUtils.java:logGet(46)) - raft.netty.dataStream.server.tls.conf = null (default)
2023-06-23 00:37:26,543 [main] INFO  netty.NettyConfigKeys$DataStream (ConfUtils.java:logGet(46)) - raft.netty.dataStream.host = null (default)
2023-06-23 00:37:26,543 [main] INFO  netty.NettyConfigKeys$DataStream (ConfUtils.java:logGet(46)) - raft.netty.dataStream.port = 15051 (custom)
2023-06-23 00:37:26,543 [main] INFO  server.RaftServerConfigKeys (ConfUtils.java:logGet(46)) - raft.server.threadpool.proxy.cached = true (default)
2023-06-23 00:37:26,543 [main] INFO  server.RaftServerConfigKeys (ConfUtils.java:logGet(46)) - raft.server.threadpool.proxy.size = 0 (default)
2023-06-23 00:37:26,543 [main] INFO  server.RaftServerConfigKeys (ConfUtils.java:logGet(46)) - raft.server.rpc.slowness.timeout = 300s (custom)
2023-06-23 00:37:26,544 [main] INFO  server.RaftServerConfigKeys (ConfUtils.java:logGet(46)) - raft.server.leaderelection.leader.step-down.wait-time = 10s (default)
2023-06-23 00:37:26,544 [main] INFO  server.RaftServerConfigKeys (ConfUtils.java:logGet(46)) - raft.server.storage.dir = [/home/runner/work/ozone/ozone/hadoop-ozone/integration-test/target/test-dir/MiniOzoneClusterImpl-3c3985d8-3248-4f19-a32f-4442bec32466/datanode-4/data/ratis] (custom)
2023-06-23 00:37:26,547 [a135c5de-80e1-4aab-81ec-fcc917b89996-NettyServerStreamRpc-bossGroup--thread1] INFO  logging.LoggingHandler (AbstractInternalLogger.java:log(148)) - [id: 0x4e7e9292] REGISTERED
2023-06-23 00:37:26,547 [a135c5de-80e1-4aab-81ec-fcc917b89996-NettyServerStreamRpc-bossGroup--thread1] INFO  logging.LoggingHandler (AbstractInternalLogger.java:log(148)) - [id: 0x4e7e9292] BIND: 0.0.0.0/0.0.0.0:15051
2023-06-23 00:37:26,548 [a135c5de-80e1-4aab-81ec-fcc917b89996-NettyServerStreamRpc-bossGroup--thread1] INFO  logging.LoggingHandler (AbstractInternalLogger.java:log(148)) - [id: 0x4e7e9292, L:/0:0:0:0:0:0:0:0:15051] ACTIVE
2023-06-23 00:37:26,549 [main] INFO  server.XceiverServerGrpc (XceiverServerGrpc.java:<init>(132)) - GrpcServer channel type EpollServerSocketChannel
2023-06-23 00:37:26,551 [main] INFO  replication.ReplicationSupervisor (ReplicationSupervisor.java:nodeStateUpdated(305)) - Node state updated to IN_SERVICE, scaling executor pool size to 10
2023-06-23 00:37:26,555 [main] INFO  http.BaseHttpServer (BaseHttpServer.java:newHttpServer2BuilderForOzone(224)) - Starting Web-server for hddsDatanode at: http://0.0.0.0:15045
2023-06-23 00:37:26,555 [main] INFO  http.BaseHttpServer (BaseHttpServer.java:<init>(111)) - Hadoop Security Enabled: false Ozone Security Enabled: false Ozone HTTP Security Enabled: false 
2023-06-23 00:37:26,557 [main] WARN  server.AuthenticationFilter (AuthenticationFilter.java:constructSecretProvider(240)) - Unable to initialize FileSignerSecretProvider, falling back to use random secrets. Reason: Could not read signature secret file: /home/runner/hadoop-http-auth-signature-secret
2023-06-23 00:37:26,558 [main] INFO  http.HttpRequestLog (HttpRequestLog.java:getRequestLog(86)) - Http request log for http.requests.hddsDatanode is not defined
2023-06-23 00:37:26,560 [main] INFO  http.HttpServer2 (HttpServer2.java:addGlobalFilter(1031)) - Added global filter 'safety' (class=org.apache.hadoop.hdds.server.http.HttpServer2$QuotingInputFilter)
2023-06-23 00:37:26,561 [main] INFO  http.HttpServer2 (HttpServer2.java:addFilter(1007)) - Added filter static_user_filter (class=org.apache.hadoop.http.lib.StaticUserWebFilter$StaticUserFilter) to context hddsDatanode
2023-06-23 00:37:26,561 [main] INFO  http.HttpServer2 (HttpServer2.java:addFilter(1015)) - Added filter static_user_filter (class=org.apache.hadoop.http.lib.StaticUserWebFilter$StaticUserFilter) to context logs
2023-06-23 00:37:26,561 [main] INFO  http.HttpServer2 (HttpServer2.java:addFilter(1015)) - Added filter static_user_filter (class=org.apache.hadoop.http.lib.StaticUserWebFilter$StaticUserFilter) to context static
2023-06-23 00:37:26,561 [main] INFO  http.BaseHttpServer (BaseHttpServer.java:<init>(190)) - HTTP server of hddsDatanode uses base directory /home/runner/work/ozone/ozone/hadoop-ozone/integration-test/target/test-dir/MiniOzoneClusterImpl-3c3985d8-3248-4f19-a32f-4442bec32466/datanode-4/meta/webserver
2023-06-23 00:37:26,562 [main] INFO  http.HttpServer2 (HttpServer2.java:bindListener(1250)) - Jetty bound to port 15045
2023-06-23 00:37:26,562 [main] INFO  server.Server (Server.java:doStart(375)) - jetty-9.4.51.v20230217; built: 2023-02-17T08:19:37.309Z; git: b45c405e4544384de066f814ed42ae3dceacdd49; jvm 1.8.0_372-b07
2023-06-23 00:37:26,563 [main] INFO  server.session (DefaultSessionIdManager.java:doStart(334)) - DefaultSessionIdManager workerName=node0
2023-06-23 00:37:26,564 [main] INFO  server.session (DefaultSessionIdManager.java:doStart(339)) - No SessionScavenger set, using defaults
2023-06-23 00:37:26,564 [main] INFO  server.session (HouseKeeper.java:startScavenging(132)) - node0 Scavenging every 660000ms
2023-06-23 00:37:26,564 [main] INFO  handler.ContextHandler (ContextHandler.java:doStart(921)) - Started o.e.j.s.ServletContextHandler@376a3c2b{logs,/logs,file:///home/runner/work/ozone/ozone/hadoop-ozone/integration-test/target/log,AVAILABLE}
2023-06-23 00:37:26,565 [main] INFO  handler.ContextHandler (ContextHandler.java:doStart(921)) - Started o.e.j.s.ServletContextHandler@58e97141{static,/static,jar:file:/home/runner/.m2/repository/org/apache/ozone/hdds-container-service/1.4.0-SNAPSHOT/hdds-container-service-1.4.0-SNAPSHOT.jar!/webapps/static,AVAILABLE}
2023-06-23 00:37:26,764 [main] INFO  handler.ContextHandler (ContextHandler.java:doStart(921)) - Started o.e.j.w.WebAppContext@76ab49b5{hddsDatanode,/,file:///home/runner/work/ozone/ozone/hadoop-ozone/integration-test/target/tmp/kms/webapp/,AVAILABLE}{jar:file:/home/runner/.m2/repository/org/apache/ozone/hdds-container-service/1.4.0-SNAPSHOT/hdds-container-service-1.4.0-SNAPSHOT.jar!/webapps/hddsDatanode}
2023-06-23 00:37:26,765 [main] INFO  server.AbstractConnector (AbstractConnector.java:doStart(333)) - Started ServerConnector@469011df{HTTP/1.1, (http/1.1)}{0.0.0.0:15045}
2023-06-23 00:37:26,765 [main] INFO  server.Server (Server.java:doStart(415)) - Started @11642ms
2023-06-23 00:37:26,765 [main] WARN  impl.MetricsSystemImpl (MetricsSystemImpl.java:register(279)) - Sink prometheus already exists!
2023-06-23 00:37:26,766 [main] INFO  http.BaseHttpServer (BaseHttpServer.java:updateConnectorAddress(344)) - HTTP server of hddsDatanode listening at http://0.0.0.0:15045
2023-06-23 00:37:26,766 [main] INFO  ipc.CallQueueManager (CallQueueManager.java:<init>(90)) - Using callQueue: class java.util.concurrent.LinkedBlockingQueue, queueCapacity: 100, scheduler: class org.apache.hadoop.ipc.DefaultRpcScheduler, ipcBackoff: false.
2023-06-23 00:37:26,767 [Socket Reader #1 for port 15046] INFO  ipc.Server (Server.java:run(1319)) - Starting Socket Reader #1 for port 15046
2023-06-23 00:37:26,772 [Listener at 0.0.0.0/15046] INFO  hdds.HddsUtils (HddsUtils.java:preserveThreadName(848)) - Restoring thread name: main
2023-06-23 00:37:26,772 [main] INFO  ozone.HddsDatanodeService (HddsDatanodeService.java:start(335)) - Datanode start with admins: [runner]
2023-06-23 00:37:26,772 [main] INFO  ozone.HddsDatanodeClientProtocolServer (HddsDatanodeClientProtocolServer.java:start(72)) - RPC server for Client /0.0.0.0:15046
2023-06-23 00:37:26,773 [IPC Server Responder] INFO  ipc.Server (Server.java:run(1558)) - IPC Server Responder: starting
2023-06-23 00:37:26,773 [IPC Server listener on 15046] INFO  ipc.Server (Server.java:run(1398)) - IPC Server listener on 15046: starting
2023-06-23 00:37:26,773 [main] WARN  impl.MetricRegistriesImpl (MetricRegistriesImpl.java:addReporterRegistration(111)) - New reporters are added after registries were created. Some metrics will be missing from the reporter. Please add reporter before adding any new registry.
2023-06-23 00:37:26,773 [main] WARN  impl.MetricRegistriesImpl (MetricRegistriesImpl.java:addReporterRegistration(111)) - New reporters are added after registries were created. Some metrics will be missing from the reporter. Please add reporter before adding any new registry.
2023-06-23 00:37:26,773 [main] INFO  impl.MetricsSystemImpl (MetricsSystemImpl.java:init(158)) - HddsDatanode metrics system started (again)
2023-06-23 00:37:26,774 [Datanode State Machine Daemon Thread] INFO  statemachine.DatanodeStateMachine (DatanodeStateMachine.java:lambda$startDaemon$0(531)) - Ozone container server started.
2023-06-23 00:37:26,791 [main] INFO  ozone.HddsDatanodeService (HddsDatanodeService.java:start(257)) - HddsDatanodeService host:fv-az570-151.srgqcr2moziuvm0qev4lajleyh.dx.internal.cloudapp.net ip:10.1.0.47
2023-06-23 00:37:26,792 [Datanode State Machine Task Thread - 0] INFO  datanode.InitDatanodeState (InitDatanodeState.java:persistContainerDatanodeDetails(138)) - DatanodeDetails is persisted to /home/runner/work/ozone/ozone/hadoop-ozone/integration-test/target/test-dir/MiniOzoneClusterImpl-3c3985d8-3248-4f19-a32f-4442bec32466/datanode-4/meta/datanode.id
2023-06-23 00:37:26,812 [main] INFO  upgrade.AbstractLayoutVersionManager (AbstractLayoutVersionManager.java:init(83)) - Initializing Layout version manager with metadata layout = HADOOP_PRC_PORTS_IN_DATANODEDETAILS (version = 7), software layout = HADOOP_PRC_PORTS_IN_DATANODEDETAILS (version = 7)
2023-06-23 00:37:26,813 [main] INFO  statemachine.DatanodeStateMachine (DatanodeStateMachine.java:getEndPointTaskThreadPoolSize(279)) - Datanode State Machine Task Thread Pool size 2
2023-06-23 00:37:26,818 [main] INFO  volume.HddsVolume (HddsVolume.java:<init>(130)) - Creating HddsVolume: /home/runner/work/ozone/ozone/hadoop-ozone/integration-test/target/test-dir/MiniOzoneClusterImpl-3c3985d8-3248-4f19-a32f-4442bec32466/datanode-5/data-0/containers/hdds of storage type : DISK capacity : 9223372036854775807
2023-06-23 00:37:26,819 [main] INFO  volume.MutableVolumeSet (MutableVolumeSet.java:initializeVolumeSet(175)) - Added Volume : /home/runner/work/ozone/ozone/hadoop-ozone/integration-test/target/test-dir/MiniOzoneClusterImpl-3c3985d8-3248-4f19-a32f-4442bec32466/datanode-5/data-0/containers/hdds to VolumeSet
2023-06-23 00:37:26,819 [main] INFO  volume.ThrottledAsyncChecker (ThrottledAsyncChecker.java:schedule(141)) - Scheduling a check for /home/runner/work/ozone/ozone/hadoop-ozone/integration-test/target/test-dir/MiniOzoneClusterImpl-3c3985d8-3248-4f19-a32f-4442bec32466/datanode-5/data-0/containers/hdds
2023-06-23 00:37:26,819 [main] INFO  volume.StorageVolumeChecker (StorageVolumeChecker.java:checkAllVolumes(202)) - Scheduled health check for volume /home/runner/work/ozone/ozone/hadoop-ozone/integration-test/target/test-dir/MiniOzoneClusterImpl-3c3985d8-3248-4f19-a32f-4442bec32466/datanode-5/data-0/containers/hdds
2023-06-23 00:37:26,831 [main] INFO  volume.MutableVolumeSet (MutableVolumeSet.java:initializeVolumeSet(175)) - Added Volume : /home/runner/work/ozone/ozone/hadoop-ozone/integration-test/target/test-dir/MiniOzoneClusterImpl-3c3985d8-3248-4f19-a32f-4442bec32466/datanode-5/data/ratis to VolumeSet
2023-06-23 00:37:26,831 [main] INFO  volume.ThrottledAsyncChecker (ThrottledAsyncChecker.java:schedule(141)) - Scheduling a check for /home/runner/work/ozone/ozone/hadoop-ozone/integration-test/target/test-dir/MiniOzoneClusterImpl-3c3985d8-3248-4f19-a32f-4442bec32466/datanode-5/data/ratis
2023-06-23 00:37:26,831 [main] INFO  volume.StorageVolumeChecker (StorageVolumeChecker.java:checkAllVolumes(202)) - Scheduled health check for volume /home/runner/work/ozone/ozone/hadoop-ozone/integration-test/target/test-dir/MiniOzoneClusterImpl-3c3985d8-3248-4f19-a32f-4442bec32466/datanode-5/data/ratis
2023-06-23 00:37:26,842 [Thread-238] INFO  ozoneimpl.ContainerReader (ContainerReader.java:readVolume(175)) - Finish verifying containers on volume /home/runner/work/ozone/ozone/hadoop-ozone/integration-test/target/test-dir/MiniOzoneClusterImpl-3c3985d8-3248-4f19-a32f-4442bec32466/datanode-5/data-0/containers/hdds
2023-06-23 00:37:26,842 [main] INFO  ozoneimpl.OzoneContainer (OzoneContainer.java:buildContainerSet(316)) - Build ContainerSet costs 0s
2023-06-23 00:37:26,845 [main] INFO  server.RaftServer (ConfUtils.java:logGet(46)) - raft.rpc.type = GRPC (default)
2023-06-23 00:37:26,845 [main] INFO  grpc.GrpcConfigKeys (ConfUtils.java:logFallback(53)) - raft.grpc.admin.host = null (fallback to raft.grpc.server.host)
2023-06-23 00:37:26,846 [main] INFO  grpc.GrpcConfigKeys (ConfUtils.java:logGet(46)) - raft.grpc.admin.port = 15058 (custom)
2023-06-23 00:37:26,846 [main] INFO  grpc.GrpcConfigKeys (ConfUtils.java:logFallback(53)) - raft.grpc.client.host = null (fallback to raft.grpc.server.host)
2023-06-23 00:37:26,846 [main] INFO  grpc.GrpcConfigKeys (ConfUtils.java:logGet(46)) - raft.grpc.client.port = 15057 (custom)
2023-06-23 00:37:26,846 [main] INFO  grpc.GrpcConfigKeys (ConfUtils.java:logGet(46)) - raft.grpc.server.host = null (default)
2023-06-23 00:37:26,846 [main] INFO  grpc.GrpcConfigKeys (ConfUtils.java:logGet(46)) - raft.grpc.server.port = 15059 (custom)
2023-06-23 00:37:26,846 [main] INFO  server.GrpcService (ConfUtils.java:logGet(46)) - raft.grpc.message.size.max = 32MB (=33554432) (custom)
2023-06-23 00:37:26,846 [main] INFO  server.RaftServerConfigKeys (ConfUtils.java:logGet(46)) - raft.server.log.appender.buffer.byte-limit = 33554432 (custom)
2023-06-23 00:37:26,846 [main] INFO  server.GrpcService (ConfUtils.java:logGet(46)) - raft.grpc.flow.control.window = 5MB (=5242880) (custom)
2023-06-23 00:37:26,846 [main] INFO  server.RaftServerConfigKeys (ConfUtils.java:logGet(46)) - raft.server.rpc.request.timeout = 60s (custom)
2023-06-23 00:37:26,846 [main] INFO  grpc.GrpcConfigKeys (ConfUtils.java:logGet(46)) - raft.grpc.server.heartbeat.channel = true (default)
2023-06-23 00:37:26,847 [main] INFO  grpc.GrpcConfigKeys (ConfUtils.java:logGet(46)) - raft.grpc.server.async.request.thread.pool.cached = true (default)
2023-06-23 00:37:26,847 [main] INFO  grpc.GrpcConfigKeys (ConfUtils.java:logGet(46)) - raft.grpc.server.async.request.thread.pool.size = 32 (default)
2023-06-23 00:37:26,849 [main] INFO  impl.DataStreamServerImpl (ConfUtils.java:logGet(46)) - raft.datastream.type = NETTY (custom)
2023-06-23 00:37:26,849 [main] INFO  server.RaftServerConfigKeys (ConfUtils.java:logGet(46)) - raft.server.data-stream.async.request.thread.pool.cached = false (default)
2023-06-23 00:37:26,849 [main] INFO  server.RaftServerConfigKeys (ConfUtils.java:logGet(46)) - raft.server.data-stream.async.request.thread.pool.size = 20 (custom)
2023-06-23 00:37:26,849 [main] INFO  server.RaftServerConfigKeys (ConfUtils.java:logGet(46)) - raft.server.data-stream.async.write.thread.pool.size = 16 (default)
2023-06-23 00:37:26,849 [main] INFO  server.RaftServerConfigKeys (ConfUtils.java:logGet(46)) - raft.server.data-stream.client.pool.size = 10 (default)
2023-06-23 00:37:26,849 [main] INFO  netty.NettyConfigKeys$DataStream (ConfUtils.java:logGet(46)) - raft.netty.dataStream.server.use-epoll = false (default)
2023-06-23 00:37:26,849 [main] INFO  netty.NettyConfigKeys$DataStream (ConfUtils.java:logGet(46)) - raft.netty.dataStream.server.boss-group.size = 0 (default)
2023-06-23 00:37:26,850 [main] INFO  netty.NettyConfigKeys$DataStream (ConfUtils.java:logGet(46)) - raft.netty.dataStream.server.worker-group.size = 0 (default)
2023-06-23 00:37:26,850 [main] INFO  netty.NettyConfigKeys$DataStream (ConfUtils.java:logGet(46)) - raft.netty.dataStream.server.tls.conf = null (default)
2023-06-23 00:37:26,850 [main] INFO  netty.NettyConfigKeys$DataStream (ConfUtils.java:logGet(46)) - raft.netty.dataStream.host = null (default)
2023-06-23 00:37:26,850 [main] INFO  netty.NettyConfigKeys$DataStream (ConfUtils.java:logGet(46)) - raft.netty.dataStream.port = 15060 (custom)
2023-06-23 00:37:26,851 [main] INFO  server.RaftServerConfigKeys (ConfUtils.java:logGet(46)) - raft.server.threadpool.proxy.cached = true (default)
2023-06-23 00:37:26,851 [main] INFO  server.RaftServerConfigKeys (ConfUtils.java:logGet(46)) - raft.server.threadpool.proxy.size = 0 (default)
2023-06-23 00:37:26,851 [main] INFO  server.RaftServerConfigKeys (ConfUtils.java:logGet(46)) - raft.server.rpc.slowness.timeout = 300s (custom)
2023-06-23 00:37:26,851 [main] INFO  server.RaftServerConfigKeys (ConfUtils.java:logGet(46)) - raft.server.leaderelection.leader.step-down.wait-time = 10s (default)
2023-06-23 00:37:26,851 [main] INFO  server.RaftServerConfigKeys (ConfUtils.java:logGet(46)) - raft.server.storage.dir = [/home/runner/work/ozone/ozone/hadoop-ozone/integration-test/target/test-dir/MiniOzoneClusterImpl-3c3985d8-3248-4f19-a32f-4442bec32466/datanode-5/data/ratis] (custom)
2023-06-23 00:37:26,853 [6a1a42da-c2df-4fd1-96ac-c2667a6b2780-NettyServerStreamRpc-bossGroup--thread1] INFO  logging.LoggingHandler (AbstractInternalLogger.java:log(148)) - [id: 0x650af773] REGISTERED
2023-06-23 00:37:26,853 [6a1a42da-c2df-4fd1-96ac-c2667a6b2780-NettyServerStreamRpc-bossGroup--thread1] INFO  logging.LoggingHandler (AbstractInternalLogger.java:log(148)) - [id: 0x650af773] BIND: 0.0.0.0/0.0.0.0:15060
2023-06-23 00:37:26,853 [6a1a42da-c2df-4fd1-96ac-c2667a6b2780-NettyServerStreamRpc-bossGroup--thread1] INFO  logging.LoggingHandler (AbstractInternalLogger.java:log(148)) - [id: 0x650af773, L:/0:0:0:0:0:0:0:0:15060] ACTIVE
2023-06-23 00:37:26,855 [main] INFO  server.XceiverServerGrpc (XceiverServerGrpc.java:<init>(132)) - GrpcServer channel type EpollServerSocketChannel
2023-06-23 00:37:26,856 [main] INFO  replication.ReplicationSupervisor (ReplicationSupervisor.java:nodeStateUpdated(305)) - Node state updated to IN_SERVICE, scaling executor pool size to 10
2023-06-23 00:37:26,863 [main] INFO  http.BaseHttpServer (BaseHttpServer.java:newHttpServer2BuilderForOzone(224)) - Starting Web-server for hddsDatanode at: http://0.0.0.0:15054
2023-06-23 00:37:26,863 [main] INFO  http.BaseHttpServer (BaseHttpServer.java:<init>(111)) - Hadoop Security Enabled: false Ozone Security Enabled: false Ozone HTTP Security Enabled: false 
2023-06-23 00:37:26,864 [main] WARN  server.AuthenticationFilter (AuthenticationFilter.java:constructSecretProvider(240)) - Unable to initialize FileSignerSecretProvider, falling back to use random secrets. Reason: Could not read signature secret file: /home/runner/hadoop-http-auth-signature-secret
2023-06-23 00:37:26,865 [main] INFO  http.HttpRequestLog (HttpRequestLog.java:getRequestLog(86)) - Http request log for http.requests.hddsDatanode is not defined
2023-06-23 00:37:26,866 [main] INFO  http.HttpServer2 (HttpServer2.java:addGlobalFilter(1031)) - Added global filter 'safety' (class=org.apache.hadoop.hdds.server.http.HttpServer2$QuotingInputFilter)
2023-06-23 00:37:26,867 [main] INFO  http.HttpServer2 (HttpServer2.java:addFilter(1007)) - Added filter static_user_filter (class=org.apache.hadoop.http.lib.StaticUserWebFilter$StaticUserFilter) to context hddsDatanode
2023-06-23 00:37:26,867 [main] INFO  http.HttpServer2 (HttpServer2.java:addFilter(1015)) - Added filter static_user_filter (class=org.apache.hadoop.http.lib.StaticUserWebFilter$StaticUserFilter) to context static
2023-06-23 00:37:26,867 [main] INFO  http.HttpServer2 (HttpServer2.java:addFilter(1015)) - Added filter static_user_filter (class=org.apache.hadoop.http.lib.StaticUserWebFilter$StaticUserFilter) to context logs
2023-06-23 00:37:26,867 [main] INFO  http.BaseHttpServer (BaseHttpServer.java:<init>(190)) - HTTP server of hddsDatanode uses base directory /home/runner/work/ozone/ozone/hadoop-ozone/integration-test/target/test-dir/MiniOzoneClusterImpl-3c3985d8-3248-4f19-a32f-4442bec32466/datanode-5/meta/webserver
2023-06-23 00:37:26,867 [main] INFO  http.HttpServer2 (HttpServer2.java:bindListener(1250)) - Jetty bound to port 15054
2023-06-23 00:37:26,868 [main] INFO  server.Server (Server.java:doStart(375)) - jetty-9.4.51.v20230217; built: 2023-02-17T08:19:37.309Z; git: b45c405e4544384de066f814ed42ae3dceacdd49; jvm 1.8.0_372-b07
2023-06-23 00:37:26,869 [main] INFO  server.session (DefaultSessionIdManager.java:doStart(334)) - DefaultSessionIdManager workerName=node0
2023-06-23 00:37:26,869 [main] INFO  server.session (DefaultSessionIdManager.java:doStart(339)) - No SessionScavenger set, using defaults
2023-06-23 00:37:26,869 [main] INFO  server.session (HouseKeeper.java:startScavenging(132)) - node0 Scavenging every 600000ms
2023-06-23 00:37:26,870 [main] INFO  handler.ContextHandler (ContextHandler.java:doStart(921)) - Started o.e.j.s.ServletContextHandler@4481c0a7{logs,/logs,file:///home/runner/work/ozone/ozone/hadoop-ozone/integration-test/target/log,AVAILABLE}
2023-06-23 00:37:26,870 [main] INFO  handler.ContextHandler (ContextHandler.java:doStart(921)) - Started o.e.j.s.ServletContextHandler@22624c80{static,/static,jar:file:/home/runner/.m2/repository/org/apache/ozone/hdds-container-service/1.4.0-SNAPSHOT/hdds-container-service-1.4.0-SNAPSHOT.jar!/webapps/static,AVAILABLE}
2023-06-23 00:37:27,071 [main] INFO  handler.ContextHandler (ContextHandler.java:doStart(921)) - Started o.e.j.w.WebAppContext@2eb78c9c{hddsDatanode,/,file:///home/runner/work/ozone/ozone/hadoop-ozone/integration-test/target/tmp/kms/webapp/,AVAILABLE}{jar:file:/home/runner/.m2/repository/org/apache/ozone/hdds-container-service/1.4.0-SNAPSHOT/hdds-container-service-1.4.0-SNAPSHOT.jar!/webapps/hddsDatanode}
2023-06-23 00:37:27,073 [main] INFO  server.AbstractConnector (AbstractConnector.java:doStart(333)) - Started ServerConnector@1cd922f{HTTP/1.1, (http/1.1)}{0.0.0.0:15054}
2023-06-23 00:37:27,073 [main] INFO  server.Server (Server.java:doStart(415)) - Started @11950ms
2023-06-23 00:37:27,073 [main] WARN  impl.MetricsSystemImpl (MetricsSystemImpl.java:register(279)) - Sink prometheus already exists!
2023-06-23 00:37:27,074 [main] INFO  http.BaseHttpServer (BaseHttpServer.java:updateConnectorAddress(344)) - HTTP server of hddsDatanode listening at http://0.0.0.0:15054
2023-06-23 00:37:27,074 [main] INFO  ipc.CallQueueManager (CallQueueManager.java:<init>(90)) - Using callQueue: class java.util.concurrent.LinkedBlockingQueue, queueCapacity: 100, scheduler: class org.apache.hadoop.ipc.DefaultRpcScheduler, ipcBackoff: false.
2023-06-23 00:37:27,075 [Socket Reader #1 for port 15055] INFO  ipc.Server (Server.java:run(1319)) - Starting Socket Reader #1 for port 15055
2023-06-23 00:37:27,083 [Listener at 0.0.0.0/15055] INFO  hdds.HddsUtils (HddsUtils.java:preserveThreadName(848)) - Restoring thread name: main
2023-06-23 00:37:27,083 [main] INFO  ozone.HddsDatanodeService (HddsDatanodeService.java:start(335)) - Datanode start with admins: [runner]
2023-06-23 00:37:27,084 [main] INFO  ozone.HddsDatanodeClientProtocolServer (HddsDatanodeClientProtocolServer.java:start(72)) - RPC server for Client /0.0.0.0:15055
2023-06-23 00:37:27,084 [IPC Server Responder] INFO  ipc.Server (Server.java:run(1558)) - IPC Server Responder: starting
2023-06-23 00:37:27,084 [IPC Server listener on 15055] INFO  ipc.Server (Server.java:run(1398)) - IPC Server listener on 15055: starting
2023-06-23 00:37:27,085 [main] WARN  impl.MetricRegistriesImpl (MetricRegistriesImpl.java:addReporterRegistration(111)) - New reporters are added after registries were created. Some metrics will be missing from the reporter. Please add reporter before adding any new registry.
2023-06-23 00:37:27,085 [main] WARN  impl.MetricRegistriesImpl (MetricRegistriesImpl.java:addReporterRegistration(111)) - New reporters are added after registries were created. Some metrics will be missing from the reporter. Please add reporter before adding any new registry.
2023-06-23 00:37:27,085 [main] INFO  impl.MetricsSystemImpl (MetricsSystemImpl.java:init(158)) - HddsDatanode metrics system started (again)
2023-06-23 00:37:27,097 [Datanode State Machine Daemon Thread] INFO  statemachine.DatanodeStateMachine (DatanodeStateMachine.java:lambda$startDaemon$0(531)) - Ozone container server started.
2023-06-23 00:37:27,102 [Datanode State Machine Task Thread - 0] INFO  datanode.InitDatanodeState (InitDatanodeState.java:persistContainerDatanodeDetails(138)) - DatanodeDetails is persisted to /home/runner/work/ozone/ozone/hadoop-ozone/integration-test/target/test-dir/MiniOzoneClusterImpl-3c3985d8-3248-4f19-a32f-4442bec32466/datanode-5/meta/datanode.id
2023-06-23 00:37:27,112 [main] INFO  ozone.HddsDatanodeService (HddsDatanodeService.java:start(257)) - HddsDatanodeService host:fv-az570-151.srgqcr2moziuvm0qev4lajleyh.dx.internal.cloudapp.net ip:10.1.0.47
2023-06-23 00:37:27,133 [main] INFO  upgrade.AbstractLayoutVersionManager (AbstractLayoutVersionManager.java:init(83)) - Initializing Layout version manager with metadata layout = HADOOP_PRC_PORTS_IN_DATANODEDETAILS (version = 7), software layout = HADOOP_PRC_PORTS_IN_DATANODEDETAILS (version = 7)
2023-06-23 00:37:27,135 [main] INFO  statemachine.DatanodeStateMachine (DatanodeStateMachine.java:getEndPointTaskThreadPoolSize(279)) - Datanode State Machine Task Thread Pool size 2
2023-06-23 00:37:27,138 [main] INFO  volume.HddsVolume (HddsVolume.java:<init>(130)) - Creating HddsVolume: /home/runner/work/ozone/ozone/hadoop-ozone/integration-test/target/test-dir/MiniOzoneClusterImpl-3c3985d8-3248-4f19-a32f-4442bec32466/datanode-6/data-0/containers/hdds of storage type : DISK capacity : 9223372036854775807
2023-06-23 00:37:27,138 [main] INFO  volume.MutableVolumeSet (MutableVolumeSet.java:initializeVolumeSet(175)) - Added Volume : /home/runner/work/ozone/ozone/hadoop-ozone/integration-test/target/test-dir/MiniOzoneClusterImpl-3c3985d8-3248-4f19-a32f-4442bec32466/datanode-6/data-0/containers/hdds to VolumeSet
2023-06-23 00:37:27,138 [main] INFO  volume.ThrottledAsyncChecker (ThrottledAsyncChecker.java:schedule(141)) - Scheduling a check for /home/runner/work/ozone/ozone/hadoop-ozone/integration-test/target/test-dir/MiniOzoneClusterImpl-3c3985d8-3248-4f19-a32f-4442bec32466/datanode-6/data-0/containers/hdds
2023-06-23 00:37:27,140 [main] INFO  volume.StorageVolumeChecker (StorageVolumeChecker.java:checkAllVolumes(202)) - Scheduled health check for volume /home/runner/work/ozone/ozone/hadoop-ozone/integration-test/target/test-dir/MiniOzoneClusterImpl-3c3985d8-3248-4f19-a32f-4442bec32466/datanode-6/data-0/containers/hdds
2023-06-23 00:37:27,156 [main] INFO  volume.MutableVolumeSet (MutableVolumeSet.java:initializeVolumeSet(175)) - Added Volume : /home/runner/work/ozone/ozone/hadoop-ozone/integration-test/target/test-dir/MiniOzoneClusterImpl-3c3985d8-3248-4f19-a32f-4442bec32466/datanode-6/data/ratis to VolumeSet
2023-06-23 00:37:27,156 [main] INFO  volume.ThrottledAsyncChecker (ThrottledAsyncChecker.java:schedule(141)) - Scheduling a check for /home/runner/work/ozone/ozone/hadoop-ozone/integration-test/target/test-dir/MiniOzoneClusterImpl-3c3985d8-3248-4f19-a32f-4442bec32466/datanode-6/data/ratis
2023-06-23 00:37:27,157 [main] INFO  volume.StorageVolumeChecker (StorageVolumeChecker.java:checkAllVolumes(202)) - Scheduled health check for volume /home/runner/work/ozone/ozone/hadoop-ozone/integration-test/target/test-dir/MiniOzoneClusterImpl-3c3985d8-3248-4f19-a32f-4442bec32466/datanode-6/data/ratis
2023-06-23 00:37:27,170 [Thread-255] INFO  ozoneimpl.ContainerReader (ContainerReader.java:readVolume(175)) - Finish verifying containers on volume /home/runner/work/ozone/ozone/hadoop-ozone/integration-test/target/test-dir/MiniOzoneClusterImpl-3c3985d8-3248-4f19-a32f-4442bec32466/datanode-6/data-0/containers/hdds
2023-06-23 00:37:27,170 [main] INFO  ozoneimpl.OzoneContainer (OzoneContainer.java:buildContainerSet(316)) - Build ContainerSet costs 0s
2023-06-23 00:37:27,176 [main] INFO  server.RaftServer (ConfUtils.java:logGet(46)) - raft.rpc.type = GRPC (default)
2023-06-23 00:37:27,176 [main] INFO  grpc.GrpcConfigKeys (ConfUtils.java:logFallback(53)) - raft.grpc.admin.host = null (fallback to raft.grpc.server.host)
2023-06-23 00:37:27,176 [main] INFO  grpc.GrpcConfigKeys (ConfUtils.java:logGet(46)) - raft.grpc.admin.port = 15067 (custom)
2023-06-23 00:37:27,177 [main] INFO  grpc.GrpcConfigKeys (ConfUtils.java:logFallback(53)) - raft.grpc.client.host = null (fallback to raft.grpc.server.host)
2023-06-23 00:37:27,177 [main] INFO  grpc.GrpcConfigKeys (ConfUtils.java:logGet(46)) - raft.grpc.client.port = 15066 (custom)
2023-06-23 00:37:27,177 [main] INFO  grpc.GrpcConfigKeys (ConfUtils.java:logGet(46)) - raft.grpc.server.host = null (default)
2023-06-23 00:37:27,177 [main] INFO  grpc.GrpcConfigKeys (ConfUtils.java:logGet(46)) - raft.grpc.server.port = 15068 (custom)
2023-06-23 00:37:27,177 [main] INFO  server.GrpcService (ConfUtils.java:logGet(46)) - raft.grpc.message.size.max = 32MB (=33554432) (custom)
2023-06-23 00:37:27,177 [main] INFO  server.RaftServerConfigKeys (ConfUtils.java:logGet(46)) - raft.server.log.appender.buffer.byte-limit = 33554432 (custom)
2023-06-23 00:37:27,177 [main] INFO  server.GrpcService (ConfUtils.java:logGet(46)) - raft.grpc.flow.control.window = 5MB (=5242880) (custom)
2023-06-23 00:37:27,177 [main] INFO  server.RaftServerConfigKeys (ConfUtils.java:logGet(46)) - raft.server.rpc.request.timeout = 60s (custom)
2023-06-23 00:37:27,177 [main] INFO  grpc.GrpcConfigKeys (ConfUtils.java:logGet(46)) - raft.grpc.server.heartbeat.channel = true (default)
2023-06-23 00:37:27,177 [main] INFO  grpc.GrpcConfigKeys (ConfUtils.java:logGet(46)) - raft.grpc.server.async.request.thread.pool.cached = true (default)
2023-06-23 00:37:27,179 [main] INFO  grpc.GrpcConfigKeys (ConfUtils.java:logGet(46)) - raft.grpc.server.async.request.thread.pool.size = 32 (default)
2023-06-23 00:37:27,181 [main] INFO  impl.DataStreamServerImpl (ConfUtils.java:logGet(46)) - raft.datastream.type = NETTY (custom)
2023-06-23 00:37:27,182 [main] INFO  server.RaftServerConfigKeys (ConfUtils.java:logGet(46)) - raft.server.data-stream.async.request.thread.pool.cached = false (default)
2023-06-23 00:37:27,182 [main] INFO  server.RaftServerConfigKeys (ConfUtils.java:logGet(46)) - raft.server.data-stream.async.request.thread.pool.size = 20 (custom)
2023-06-23 00:37:27,183 [main] INFO  server.RaftServerConfigKeys (ConfUtils.java:logGet(46)) - raft.server.data-stream.async.write.thread.pool.size = 16 (default)
2023-06-23 00:37:27,183 [main] INFO  server.RaftServerConfigKeys (ConfUtils.java:logGet(46)) - raft.server.data-stream.client.pool.size = 10 (default)
2023-06-23 00:37:27,183 [main] INFO  netty.NettyConfigKeys$DataStream (ConfUtils.java:logGet(46)) - raft.netty.dataStream.server.use-epoll = false (default)
2023-06-23 00:37:27,183 [main] INFO  netty.NettyConfigKeys$DataStream (ConfUtils.java:logGet(46)) - raft.netty.dataStream.server.boss-group.size = 0 (default)
2023-06-23 00:37:27,183 [main] INFO  netty.NettyConfigKeys$DataStream (ConfUtils.java:logGet(46)) - raft.netty.dataStream.server.worker-group.size = 0 (default)
2023-06-23 00:37:27,184 [main] INFO  netty.NettyConfigKeys$DataStream (ConfUtils.java:logGet(46)) - raft.netty.dataStream.server.tls.conf = null (default)
2023-06-23 00:37:27,184 [main] INFO  netty.NettyConfigKeys$DataStream (ConfUtils.java:logGet(46)) - raft.netty.dataStream.host = null (default)
2023-06-23 00:37:27,184 [main] INFO  netty.NettyConfigKeys$DataStream (ConfUtils.java:logGet(46)) - raft.netty.dataStream.port = 15069 (custom)
2023-06-23 00:37:27,185 [main] INFO  server.RaftServerConfigKeys (ConfUtils.java:logGet(46)) - raft.server.threadpool.proxy.cached = true (default)
2023-06-23 00:37:27,187 [main] INFO  server.RaftServerConfigKeys (ConfUtils.java:logGet(46)) - raft.server.threadpool.proxy.size = 0 (default)
2023-06-23 00:37:27,188 [main] INFO  server.RaftServerConfigKeys (ConfUtils.java:logGet(46)) - raft.server.rpc.slowness.timeout = 300s (custom)
2023-06-23 00:37:27,188 [main] INFO  server.RaftServerConfigKeys (ConfUtils.java:logGet(46)) - raft.server.leaderelection.leader.step-down.wait-time = 10s (default)
2023-06-23 00:37:27,188 [main] INFO  server.RaftServerConfigKeys (ConfUtils.java:logGet(46)) - raft.server.storage.dir = [/home/runner/work/ozone/ozone/hadoop-ozone/integration-test/target/test-dir/MiniOzoneClusterImpl-3c3985d8-3248-4f19-a32f-4442bec32466/datanode-6/data/ratis] (custom)
2023-06-23 00:37:27,188 [c45f7b2b-079b-4ce1-93e8-334248332cec-NettyServerStreamRpc-bossGroup--thread1] INFO  logging.LoggingHandler (AbstractInternalLogger.java:log(148)) - [id: 0x80eeacba] REGISTERED
2023-06-23 00:37:27,188 [c45f7b2b-079b-4ce1-93e8-334248332cec-NettyServerStreamRpc-bossGroup--thread1] INFO  logging.LoggingHandler (AbstractInternalLogger.java:log(148)) - [id: 0x80eeacba] BIND: 0.0.0.0/0.0.0.0:15069
2023-06-23 00:37:27,189 [c45f7b2b-079b-4ce1-93e8-334248332cec-NettyServerStreamRpc-bossGroup--thread1] INFO  logging.LoggingHandler (AbstractInternalLogger.java:log(148)) - [id: 0x80eeacba, L:/0:0:0:0:0:0:0:0:15069] ACTIVE
2023-06-23 00:37:27,192 [main] INFO  server.XceiverServerGrpc (XceiverServerGrpc.java:<init>(132)) - GrpcServer channel type EpollServerSocketChannel
2023-06-23 00:37:27,201 [main] INFO  replication.ReplicationSupervisor (ReplicationSupervisor.java:nodeStateUpdated(305)) - Node state updated to IN_SERVICE, scaling executor pool size to 10
2023-06-23 00:37:27,207 [main] INFO  http.BaseHttpServer (BaseHttpServer.java:newHttpServer2BuilderForOzone(224)) - Starting Web-server for hddsDatanode at: http://0.0.0.0:15063
2023-06-23 00:37:27,207 [main] INFO  http.BaseHttpServer (BaseHttpServer.java:<init>(111)) - Hadoop Security Enabled: false Ozone Security Enabled: false Ozone HTTP Security Enabled: false 
2023-06-23 00:37:27,209 [main] WARN  server.AuthenticationFilter (AuthenticationFilter.java:constructSecretProvider(240)) - Unable to initialize FileSignerSecretProvider, falling back to use random secrets. Reason: Could not read signature secret file: /home/runner/hadoop-http-auth-signature-secret
2023-06-23 00:37:27,211 [main] INFO  http.HttpRequestLog (HttpRequestLog.java:getRequestLog(86)) - Http request log for http.requests.hddsDatanode is not defined
2023-06-23 00:37:27,215 [main] INFO  http.HttpServer2 (HttpServer2.java:addGlobalFilter(1031)) - Added global filter 'safety' (class=org.apache.hadoop.hdds.server.http.HttpServer2$QuotingInputFilter)
2023-06-23 00:37:27,216 [main] INFO  http.HttpServer2 (HttpServer2.java:addFilter(1007)) - Added filter static_user_filter (class=org.apache.hadoop.http.lib.StaticUserWebFilter$StaticUserFilter) to context hddsDatanode
2023-06-23 00:37:27,216 [main] INFO  http.HttpServer2 (HttpServer2.java:addFilter(1015)) - Added filter static_user_filter (class=org.apache.hadoop.http.lib.StaticUserWebFilter$StaticUserFilter) to context logs
2023-06-23 00:37:27,216 [main] INFO  http.HttpServer2 (HttpServer2.java:addFilter(1015)) - Added filter static_user_filter (class=org.apache.hadoop.http.lib.StaticUserWebFilter$StaticUserFilter) to context static
2023-06-23 00:37:27,217 [main] INFO  http.BaseHttpServer (BaseHttpServer.java:<init>(190)) - HTTP server of hddsDatanode uses base directory /home/runner/work/ozone/ozone/hadoop-ozone/integration-test/target/test-dir/MiniOzoneClusterImpl-3c3985d8-3248-4f19-a32f-4442bec32466/datanode-6/meta/webserver
2023-06-23 00:37:27,217 [main] INFO  http.HttpServer2 (HttpServer2.java:bindListener(1250)) - Jetty bound to port 15063
2023-06-23 00:37:27,218 [main] INFO  server.Server (Server.java:doStart(375)) - jetty-9.4.51.v20230217; built: 2023-02-17T08:19:37.309Z; git: b45c405e4544384de066f814ed42ae3dceacdd49; jvm 1.8.0_372-b07
2023-06-23 00:37:27,220 [main] INFO  server.session (DefaultSessionIdManager.java:doStart(334)) - DefaultSessionIdManager workerName=node0
2023-06-23 00:37:27,220 [main] INFO  server.session (DefaultSessionIdManager.java:doStart(339)) - No SessionScavenger set, using defaults
2023-06-23 00:37:27,221 [main] INFO  server.session (HouseKeeper.java:startScavenging(132)) - node0 Scavenging every 660000ms
2023-06-23 00:37:27,221 [main] INFO  handler.ContextHandler (ContextHandler.java:doStart(921)) - Started o.e.j.s.ServletContextHandler@446df579{logs,/logs,file:///home/runner/work/ozone/ozone/hadoop-ozone/integration-test/target/log,AVAILABLE}
2023-06-23 00:37:27,222 [main] INFO  handler.ContextHandler (ContextHandler.java:doStart(921)) - Started o.e.j.s.ServletContextHandler@4355a192{static,/static,jar:file:/home/runner/.m2/repository/org/apache/ozone/hdds-container-service/1.4.0-SNAPSHOT/hdds-container-service-1.4.0-SNAPSHOT.jar!/webapps/static,AVAILABLE}
2023-06-23 00:37:27,432 [main] INFO  handler.ContextHandler (ContextHandler.java:doStart(921)) - Started o.e.j.w.WebAppContext@442abccd{hddsDatanode,/,file:///home/runner/work/ozone/ozone/hadoop-ozone/integration-test/target/tmp/kms/webapp/,AVAILABLE}{jar:file:/home/runner/.m2/repository/org/apache/ozone/hdds-container-service/1.4.0-SNAPSHOT/hdds-container-service-1.4.0-SNAPSHOT.jar!/webapps/hddsDatanode}
2023-06-23 00:37:27,434 [main] INFO  server.AbstractConnector (AbstractConnector.java:doStart(333)) - Started ServerConnector@53c4af1f{HTTP/1.1, (http/1.1)}{0.0.0.0:15063}
2023-06-23 00:37:27,434 [main] INFO  server.Server (Server.java:doStart(415)) - Started @12311ms
2023-06-23 00:37:27,434 [main] WARN  impl.MetricsSystemImpl (MetricsSystemImpl.java:register(279)) - Sink prometheus already exists!
2023-06-23 00:37:27,435 [main] INFO  http.BaseHttpServer (BaseHttpServer.java:updateConnectorAddress(344)) - HTTP server of hddsDatanode listening at http://0.0.0.0:15063
2023-06-23 00:37:27,435 [main] INFO  ipc.CallQueueManager (CallQueueManager.java:<init>(90)) - Using callQueue: class java.util.concurrent.LinkedBlockingQueue, queueCapacity: 100, scheduler: class org.apache.hadoop.ipc.DefaultRpcScheduler, ipcBackoff: false.
2023-06-23 00:37:27,436 [Socket Reader #1 for port 15064] INFO  ipc.Server (Server.java:run(1319)) - Starting Socket Reader #1 for port 15064
2023-06-23 00:37:27,437 [Listener at 0.0.0.0/15064] INFO  hdds.HddsUtils (HddsUtils.java:preserveThreadName(848)) - Restoring thread name: main
2023-06-23 00:37:27,437 [main] INFO  ozone.HddsDatanodeService (HddsDatanodeService.java:start(335)) - Datanode start with admins: [runner]
2023-06-23 00:37:27,437 [main] INFO  ozone.HddsDatanodeClientProtocolServer (HddsDatanodeClientProtocolServer.java:start(72)) - RPC server for Client /0.0.0.0:15064
2023-06-23 00:37:27,438 [IPC Server Responder] INFO  ipc.Server (Server.java:run(1558)) - IPC Server Responder: starting
2023-06-23 00:37:27,438 [IPC Server listener on 15064] INFO  ipc.Server (Server.java:run(1398)) - IPC Server listener on 15064: starting
2023-06-23 00:37:27,439 [main] WARN  impl.MetricRegistriesImpl (MetricRegistriesImpl.java:addReporterRegistration(111)) - New reporters are added after registries were created. Some metrics will be missing from the reporter. Please add reporter before adding any new registry.
2023-06-23 00:37:27,439 [main] WARN  impl.MetricRegistriesImpl (MetricRegistriesImpl.java:addReporterRegistration(111)) - New reporters are added after registries were created. Some metrics will be missing from the reporter. Please add reporter before adding any new registry.
2023-06-23 00:37:27,439 [main] INFO  impl.MetricsSystemImpl (MetricsSystemImpl.java:init(158)) - HddsDatanode metrics system started (again)
2023-06-23 00:37:27,447 [Datanode State Machine Daemon Thread] INFO  statemachine.DatanodeStateMachine (DatanodeStateMachine.java:lambda$startDaemon$0(531)) - Ozone container server started.
2023-06-23 00:37:27,460 [main] INFO  ozone.HddsDatanodeService (HddsDatanodeService.java:start(257)) - HddsDatanodeService host:fv-az570-151.srgqcr2moziuvm0qev4lajleyh.dx.internal.cloudapp.net ip:10.1.0.47
2023-06-23 00:37:27,492 [Datanode State Machine Task Thread - 0] INFO  datanode.InitDatanodeState (InitDatanodeState.java:persistContainerDatanodeDetails(138)) - DatanodeDetails is persisted to /home/runner/work/ozone/ozone/hadoop-ozone/integration-test/target/test-dir/MiniOzoneClusterImpl-3c3985d8-3248-4f19-a32f-4442bec32466/datanode-6/meta/datanode.id
2023-06-23 00:37:27,515 [main] INFO  upgrade.AbstractLayoutVersionManager (AbstractLayoutVersionManager.java:init(83)) - Initializing Layout version manager with metadata layout = HADOOP_PRC_PORTS_IN_DATANODEDETAILS (version = 7), software layout = HADOOP_PRC_PORTS_IN_DATANODEDETAILS (version = 7)
2023-06-23 00:37:27,516 [main] INFO  statemachine.DatanodeStateMachine (DatanodeStateMachine.java:getEndPointTaskThreadPoolSize(279)) - Datanode State Machine Task Thread Pool size 2
2023-06-23 00:37:27,524 [main] INFO  volume.HddsVolume (HddsVolume.java:<init>(130)) - Creating HddsVolume: /home/runner/work/ozone/ozone/hadoop-ozone/integration-test/target/test-dir/MiniOzoneClusterImpl-3c3985d8-3248-4f19-a32f-4442bec32466/datanode-7/data-0/containers/hdds of storage type : DISK capacity : 9223372036854775807
2023-06-23 00:37:27,524 [main] INFO  volume.MutableVolumeSet (MutableVolumeSet.java:initializeVolumeSet(175)) - Added Volume : /home/runner/work/ozone/ozone/hadoop-ozone/integration-test/target/test-dir/MiniOzoneClusterImpl-3c3985d8-3248-4f19-a32f-4442bec32466/datanode-7/data-0/containers/hdds to VolumeSet
2023-06-23 00:37:27,525 [main] INFO  volume.ThrottledAsyncChecker (ThrottledAsyncChecker.java:schedule(141)) - Scheduling a check for /home/runner/work/ozone/ozone/hadoop-ozone/integration-test/target/test-dir/MiniOzoneClusterImpl-3c3985d8-3248-4f19-a32f-4442bec32466/datanode-7/data-0/containers/hdds
2023-06-23 00:37:27,533 [main] INFO  volume.StorageVolumeChecker (StorageVolumeChecker.java:checkAllVolumes(202)) - Scheduled health check for volume /home/runner/work/ozone/ozone/hadoop-ozone/integration-test/target/test-dir/MiniOzoneClusterImpl-3c3985d8-3248-4f19-a32f-4442bec32466/datanode-7/data-0/containers/hdds
2023-06-23 00:37:27,558 [main] INFO  volume.MutableVolumeSet (MutableVolumeSet.java:initializeVolumeSet(175)) - Added Volume : /home/runner/work/ozone/ozone/hadoop-ozone/integration-test/target/test-dir/MiniOzoneClusterImpl-3c3985d8-3248-4f19-a32f-4442bec32466/datanode-7/data/ratis to VolumeSet
2023-06-23 00:37:27,558 [main] INFO  volume.ThrottledAsyncChecker (ThrottledAsyncChecker.java:schedule(141)) - Scheduling a check for /home/runner/work/ozone/ozone/hadoop-ozone/integration-test/target/test-dir/MiniOzoneClusterImpl-3c3985d8-3248-4f19-a32f-4442bec32466/datanode-7/data/ratis
2023-06-23 00:37:27,558 [main] INFO  volume.StorageVolumeChecker (StorageVolumeChecker.java:checkAllVolumes(202)) - Scheduled health check for volume /home/runner/work/ozone/ozone/hadoop-ozone/integration-test/target/test-dir/MiniOzoneClusterImpl-3c3985d8-3248-4f19-a32f-4442bec32466/datanode-7/data/ratis
2023-06-23 00:37:27,576 [Thread-273] INFO  ozoneimpl.ContainerReader (ContainerReader.java:readVolume(175)) - Finish verifying containers on volume /home/runner/work/ozone/ozone/hadoop-ozone/integration-test/target/test-dir/MiniOzoneClusterImpl-3c3985d8-3248-4f19-a32f-4442bec32466/datanode-7/data-0/containers/hdds
2023-06-23 00:37:27,576 [main] INFO  ozoneimpl.OzoneContainer (OzoneContainer.java:buildContainerSet(316)) - Build ContainerSet costs 0s
2023-06-23 00:37:27,581 [main] INFO  server.RaftServer (ConfUtils.java:logGet(46)) - raft.rpc.type = GRPC (default)
2023-06-23 00:37:27,581 [main] INFO  grpc.GrpcConfigKeys (ConfUtils.java:logFallback(53)) - raft.grpc.admin.host = null (fallback to raft.grpc.server.host)
2023-06-23 00:37:27,582 [main] INFO  grpc.GrpcConfigKeys (ConfUtils.java:logGet(46)) - raft.grpc.admin.port = 15076 (custom)
2023-06-23 00:37:27,582 [main] INFO  grpc.GrpcConfigKeys (ConfUtils.java:logFallback(53)) - raft.grpc.client.host = null (fallback to raft.grpc.server.host)
2023-06-23 00:37:27,582 [main] INFO  grpc.GrpcConfigKeys (ConfUtils.java:logGet(46)) - raft.grpc.client.port = 15075 (custom)
2023-06-23 00:37:27,582 [main] INFO  grpc.GrpcConfigKeys (ConfUtils.java:logGet(46)) - raft.grpc.server.host = null (default)
2023-06-23 00:37:27,582 [main] INFO  grpc.GrpcConfigKeys (ConfUtils.java:logGet(46)) - raft.grpc.server.port = 15077 (custom)
2023-06-23 00:37:27,582 [main] INFO  server.GrpcService (ConfUtils.java:logGet(46)) - raft.grpc.message.size.max = 32MB (=33554432) (custom)
2023-06-23 00:37:27,582 [main] INFO  server.RaftServerConfigKeys (ConfUtils.java:logGet(46)) - raft.server.log.appender.buffer.byte-limit = 33554432 (custom)
2023-06-23 00:37:27,583 [main] INFO  server.GrpcService (ConfUtils.java:logGet(46)) - raft.grpc.flow.control.window = 5MB (=5242880) (custom)
2023-06-23 00:37:27,583 [main] INFO  server.RaftServerConfigKeys (ConfUtils.java:logGet(46)) - raft.server.rpc.request.timeout = 60s (custom)
2023-06-23 00:37:27,583 [main] INFO  grpc.GrpcConfigKeys (ConfUtils.java:logGet(46)) - raft.grpc.server.heartbeat.channel = true (default)
2023-06-23 00:37:27,583 [main] INFO  grpc.GrpcConfigKeys (ConfUtils.java:logGet(46)) - raft.grpc.server.async.request.thread.pool.cached = true (default)
2023-06-23 00:37:27,583 [main] INFO  grpc.GrpcConfigKeys (ConfUtils.java:logGet(46)) - raft.grpc.server.async.request.thread.pool.size = 32 (default)
2023-06-23 00:37:27,586 [main] INFO  impl.DataStreamServerImpl (ConfUtils.java:logGet(46)) - raft.datastream.type = NETTY (custom)
2023-06-23 00:37:27,586 [main] INFO  server.RaftServerConfigKeys (ConfUtils.java:logGet(46)) - raft.server.data-stream.async.request.thread.pool.cached = false (default)
2023-06-23 00:37:27,587 [main] INFO  server.RaftServerConfigKeys (ConfUtils.java:logGet(46)) - raft.server.data-stream.async.request.thread.pool.size = 20 (custom)
2023-06-23 00:37:27,587 [main] INFO  server.RaftServerConfigKeys (ConfUtils.java:logGet(46)) - raft.server.data-stream.async.write.thread.pool.size = 16 (default)
2023-06-23 00:37:27,587 [main] INFO  server.RaftServerConfigKeys (ConfUtils.java:logGet(46)) - raft.server.data-stream.client.pool.size = 10 (default)
2023-06-23 00:37:27,587 [main] INFO  netty.NettyConfigKeys$DataStream (ConfUtils.java:logGet(46)) - raft.netty.dataStream.server.use-epoll = false (default)
2023-06-23 00:37:27,587 [main] INFO  netty.NettyConfigKeys$DataStream (ConfUtils.java:logGet(46)) - raft.netty.dataStream.server.boss-group.size = 0 (default)
2023-06-23 00:37:27,588 [main] INFO  netty.NettyConfigKeys$DataStream (ConfUtils.java:logGet(46)) - raft.netty.dataStream.server.worker-group.size = 0 (default)
2023-06-23 00:37:27,588 [main] INFO  netty.NettyConfigKeys$DataStream (ConfUtils.java:logGet(46)) - raft.netty.dataStream.server.tls.conf = null (default)
2023-06-23 00:37:27,588 [main] INFO  netty.NettyConfigKeys$DataStream (ConfUtils.java:logGet(46)) - raft.netty.dataStream.host = null (default)
2023-06-23 00:37:27,589 [main] INFO  netty.NettyConfigKeys$DataStream (ConfUtils.java:logGet(46)) - raft.netty.dataStream.port = 15078 (custom)
2023-06-23 00:37:27,590 [main] INFO  server.RaftServerConfigKeys (ConfUtils.java:logGet(46)) - raft.server.threadpool.proxy.cached = true (default)
2023-06-23 00:37:27,590 [main] INFO  server.RaftServerConfigKeys (ConfUtils.java:logGet(46)) - raft.server.threadpool.proxy.size = 0 (default)
2023-06-23 00:37:27,591 [main] INFO  server.RaftServerConfigKeys (ConfUtils.java:logGet(46)) - raft.server.rpc.slowness.timeout = 300s (custom)
2023-06-23 00:37:27,591 [main] INFO  server.RaftServerConfigKeys (ConfUtils.java:logGet(46)) - raft.server.leaderelection.leader.step-down.wait-time = 10s (default)
2023-06-23 00:37:27,591 [main] INFO  server.RaftServerConfigKeys (ConfUtils.java:logGet(46)) - raft.server.storage.dir = [/home/runner/work/ozone/ozone/hadoop-ozone/integration-test/target/test-dir/MiniOzoneClusterImpl-3c3985d8-3248-4f19-a32f-4442bec32466/datanode-7/data/ratis] (custom)
2023-06-23 00:37:27,605 [main] INFO  server.XceiverServerGrpc (XceiverServerGrpc.java:<init>(132)) - GrpcServer channel type EpollServerSocketChannel
2023-06-23 00:37:27,607 [main] INFO  replication.ReplicationSupervisor (ReplicationSupervisor.java:nodeStateUpdated(305)) - Node state updated to IN_SERVICE, scaling executor pool size to 10
2023-06-23 00:37:27,609 [cdb7ea93-9969-4a2d-8fff-2d6ab6bce964-NettyServerStreamRpc-bossGroup--thread1] INFO  logging.LoggingHandler (AbstractInternalLogger.java:log(148)) - [id: 0x706bee01] REGISTERED
2023-06-23 00:37:27,609 [cdb7ea93-9969-4a2d-8fff-2d6ab6bce964-NettyServerStreamRpc-bossGroup--thread1] INFO  logging.LoggingHandler (AbstractInternalLogger.java:log(148)) - [id: 0x706bee01] BIND: 0.0.0.0/0.0.0.0:15078
2023-06-23 00:37:27,609 [cdb7ea93-9969-4a2d-8fff-2d6ab6bce964-NettyServerStreamRpc-bossGroup--thread1] INFO  logging.LoggingHandler (AbstractInternalLogger.java:log(148)) - [id: 0x706bee01, L:/0:0:0:0:0:0:0:0:15078] ACTIVE
2023-06-23 00:37:27,617 [main] INFO  http.BaseHttpServer (BaseHttpServer.java:newHttpServer2BuilderForOzone(224)) - Starting Web-server for hddsDatanode at: http://0.0.0.0:15072
2023-06-23 00:37:27,617 [main] INFO  http.BaseHttpServer (BaseHttpServer.java:<init>(111)) - Hadoop Security Enabled: false Ozone Security Enabled: false Ozone HTTP Security Enabled: false 
2023-06-23 00:37:27,619 [main] WARN  server.AuthenticationFilter (AuthenticationFilter.java:constructSecretProvider(240)) - Unable to initialize FileSignerSecretProvider, falling back to use random secrets. Reason: Could not read signature secret file: /home/runner/hadoop-http-auth-signature-secret
2023-06-23 00:37:27,619 [main] INFO  http.HttpRequestLog (HttpRequestLog.java:getRequestLog(86)) - Http request log for http.requests.hddsDatanode is not defined
2023-06-23 00:37:27,620 [main] INFO  http.HttpServer2 (HttpServer2.java:addGlobalFilter(1031)) - Added global filter 'safety' (class=org.apache.hadoop.hdds.server.http.HttpServer2$QuotingInputFilter)
2023-06-23 00:37:27,621 [main] INFO  http.HttpServer2 (HttpServer2.java:addFilter(1007)) - Added filter static_user_filter (class=org.apache.hadoop.http.lib.StaticUserWebFilter$StaticUserFilter) to context hddsDatanode
2023-06-23 00:37:27,621 [main] INFO  http.HttpServer2 (HttpServer2.java:addFilter(1015)) - Added filter static_user_filter (class=org.apache.hadoop.http.lib.StaticUserWebFilter$StaticUserFilter) to context logs
2023-06-23 00:37:27,621 [main] INFO  http.HttpServer2 (HttpServer2.java:addFilter(1015)) - Added filter static_user_filter (class=org.apache.hadoop.http.lib.StaticUserWebFilter$StaticUserFilter) to context static
2023-06-23 00:37:27,622 [main] INFO  http.BaseHttpServer (BaseHttpServer.java:<init>(190)) - HTTP server of hddsDatanode uses base directory /home/runner/work/ozone/ozone/hadoop-ozone/integration-test/target/test-dir/MiniOzoneClusterImpl-3c3985d8-3248-4f19-a32f-4442bec32466/datanode-7/meta/webserver
2023-06-23 00:37:27,622 [main] INFO  http.HttpServer2 (HttpServer2.java:bindListener(1250)) - Jetty bound to port 15072
2023-06-23 00:37:27,623 [main] INFO  server.Server (Server.java:doStart(375)) - jetty-9.4.51.v20230217; built: 2023-02-17T08:19:37.309Z; git: b45c405e4544384de066f814ed42ae3dceacdd49; jvm 1.8.0_372-b07
2023-06-23 00:37:27,625 [main] INFO  server.session (DefaultSessionIdManager.java:doStart(334)) - DefaultSessionIdManager workerName=node0
2023-06-23 00:37:27,625 [main] INFO  server.session (DefaultSessionIdManager.java:doStart(339)) - No SessionScavenger set, using defaults
2023-06-23 00:37:27,626 [main] INFO  server.session (HouseKeeper.java:startScavenging(132)) - node0 Scavenging every 600000ms
2023-06-23 00:37:27,627 [main] INFO  handler.ContextHandler (ContextHandler.java:doStart(921)) - Started o.e.j.s.ServletContextHandler@6368836a{logs,/logs,file:///home/runner/work/ozone/ozone/hadoop-ozone/integration-test/target/log,AVAILABLE}
2023-06-23 00:37:27,628 [main] INFO  handler.ContextHandler (ContextHandler.java:doStart(921)) - Started o.e.j.s.ServletContextHandler@627b5a5d{static,/static,jar:file:/home/runner/.m2/repository/org/apache/ozone/hdds-container-service/1.4.0-SNAPSHOT/hdds-container-service-1.4.0-SNAPSHOT.jar!/webapps/static,AVAILABLE}
2023-06-23 00:37:27,661 [EndpointStateMachine task thread for /0.0.0.0:15002 - 0 ] INFO  utils.DatanodeStoreCache (DatanodeStoreCache.java:addDB(66)) - Added db /home/runner/work/ozone/ozone/hadoop-ozone/integration-test/target/test-dir/MiniOzoneClusterImpl-3c3985d8-3248-4f19-a32f-4442bec32466/datanode-0/data-0/containers/hdds/3c3985d8-3248-4f19-a32f-4442bec32466/DS-09ce5c3c-4296-40e2-aaeb-be3e62a3f9a4/container.db to cache
2023-06-23 00:37:27,661 [EndpointStateMachine task thread for /0.0.0.0:15002 - 0 ] INFO  volume.HddsVolume (HddsVolume.java:createDbStore(350)) - SchemaV3 db is created and loaded at /home/runner/work/ozone/ozone/hadoop-ozone/integration-test/target/test-dir/MiniOzoneClusterImpl-3c3985d8-3248-4f19-a32f-4442bec32466/datanode-0/data-0/containers/hdds/3c3985d8-3248-4f19-a32f-4442bec32466/DS-09ce5c3c-4296-40e2-aaeb-be3e62a3f9a4/container.db for volume DS-09ce5c3c-4296-40e2-aaeb-be3e62a3f9a4
2023-06-23 00:37:27,663 [EndpointStateMachine task thread for /0.0.0.0:15002 - 0 ] INFO  ozoneimpl.OzoneContainer (OzoneContainer.java:start(411)) - Attempting to start container services.
2023-06-23 00:37:27,665 [EndpointStateMachine task thread for /0.0.0.0:15002 - 0 ] INFO  ozoneimpl.OzoneContainer (OzoneContainer.java:startContainerScrub(327)) - Scheduled background container scanners and the on-demand container scanner have been disabled.
2023-06-23 00:37:27,668 [EndpointStateMachine task thread for /0.0.0.0:15002 - 0 ] INFO  replication.ReplicationServer (ReplicationServer.java:start(128)) - ReplicationServer is started using port 15016
2023-06-23 00:37:27,668 [EndpointStateMachine task thread for /0.0.0.0:15002 - 0 ] INFO  ratis.XceiverServerRatis (XceiverServerRatis.java:start(517)) - Starting XceiverServerRatis 0748a88e-a458-4efc-a02e-125962a69d19
2023-06-23 00:37:27,668 [EndpointStateMachine task thread for /0.0.0.0:15002 - 0 ] INFO  server.RaftServer (RaftServerProxy.java:startImpl(400)) - 0748a88e-a458-4efc-a02e-125962a69d19: start RPC server
2023-06-23 00:37:27,672 [EndpointStateMachine task thread for /0.0.0.0:15002 - 0 ] INFO  server.GrpcService (GrpcService.java:startImpl(302)) - 0748a88e-a458-4efc-a02e-125962a69d19: GrpcService started, listening on 15012
2023-06-23 00:37:27,674 [EndpointStateMachine task thread for /0.0.0.0:15002 - 0 ] INFO  server.GrpcService (GrpcService.java:startImpl(302)) - 0748a88e-a458-4efc-a02e-125962a69d19: GrpcService started, listening on 15014
2023-06-23 00:37:27,677 [EndpointStateMachine task thread for /0.0.0.0:15002 - 0 ] INFO  server.GrpcService (GrpcService.java:startImpl(302)) - 0748a88e-a458-4efc-a02e-125962a69d19: GrpcService started, listening on 15013
2023-06-23 00:37:27,682 [EndpointStateMachine task thread for /0.0.0.0:15002 - 0 ] INFO  ratis.XceiverServerRatis (XceiverServerRatis.java:getRealPort(543)) - XceiverServerRatis 0748a88e-a458-4efc-a02e-125962a69d19 is started using port 15012 for RATIS
2023-06-23 00:37:27,682 [JvmPauseMonitor2] INFO  util.JvmPauseMonitor (JvmPauseMonitor.java:run(103)) - JvmPauseMonitor-0748a88e-a458-4efc-a02e-125962a69d19: Started
2023-06-23 00:37:27,682 [EndpointStateMachine task thread for /0.0.0.0:15002 - 0 ] INFO  ratis.XceiverServerRatis (XceiverServerRatis.java:getRealPort(543)) - XceiverServerRatis 0748a88e-a458-4efc-a02e-125962a69d19 is started using port 15013 for RATIS_ADMIN
2023-06-23 00:37:27,686 [EndpointStateMachine task thread for /0.0.0.0:15002 - 0 ] INFO  ratis.XceiverServerRatis (XceiverServerRatis.java:getRealPort(543)) - XceiverServerRatis 0748a88e-a458-4efc-a02e-125962a69d19 is started using port 15014 for RATIS_SERVER
2023-06-23 00:37:27,686 [EndpointStateMachine task thread for /0.0.0.0:15002 - 0 ] INFO  ratis.XceiverServerRatis (XceiverServerRatis.java:getRealPort(543)) - XceiverServerRatis 0748a88e-a458-4efc-a02e-125962a69d19 is started using port 15015 for RATIS_DATASTREAM
2023-06-23 00:37:27,717 [BlockDeletingService#0] INFO  interfaces.ContainerDeletionChoosingPolicyTemplate (ContainerDeletionChoosingPolicyTemplate.java:chooseContainerForBlockDeletion(83)) - Chosen 0/5000 blocks from 0 candidate containers.
2023-06-23 00:37:27,902 [main] INFO  handler.ContextHandler (ContextHandler.java:doStart(921)) - Started o.e.j.w.WebAppContext@5a458c94{hddsDatanode,/,file:///home/runner/work/ozone/ozone/hadoop-ozone/integration-test/target/tmp/kms/webapp/,AVAILABLE}{jar:file:/home/runner/.m2/repository/org/apache/ozone/hdds-container-service/1.4.0-SNAPSHOT/hdds-container-service-1.4.0-SNAPSHOT.jar!/webapps/hddsDatanode}
2023-06-23 00:37:27,904 [main] INFO  server.AbstractConnector (AbstractConnector.java:doStart(333)) - Started ServerConnector@2fd3256e{HTTP/1.1, (http/1.1)}{0.0.0.0:15072}
2023-06-23 00:37:27,904 [main] INFO  server.Server (Server.java:doStart(415)) - Started @12781ms
2023-06-23 00:37:27,904 [main] WARN  impl.MetricsSystemImpl (MetricsSystemImpl.java:register(279)) - Sink prometheus already exists!
2023-06-23 00:37:27,905 [main] INFO  http.BaseHttpServer (BaseHttpServer.java:updateConnectorAddress(344)) - HTTP server of hddsDatanode listening at http://0.0.0.0:15072
2023-06-23 00:37:27,905 [main] INFO  ipc.CallQueueManager (CallQueueManager.java:<init>(90)) - Using callQueue: class java.util.concurrent.LinkedBlockingQueue, queueCapacity: 100, scheduler: class org.apache.hadoop.ipc.DefaultRpcScheduler, ipcBackoff: false.
2023-06-23 00:37:27,906 [Socket Reader #1 for port 15073] INFO  ipc.Server (Server.java:run(1319)) - Starting Socket Reader #1 for port 15073
2023-06-23 00:37:27,918 [Listener at 0.0.0.0/15073] INFO  hdds.HddsUtils (HddsUtils.java:preserveThreadName(848)) - Restoring thread name: main
2023-06-23 00:37:27,918 [main] INFO  ozone.HddsDatanodeService (HddsDatanodeService.java:start(335)) - Datanode start with admins: [runner]
2023-06-23 00:37:27,919 [main] INFO  ozone.HddsDatanodeClientProtocolServer (HddsDatanodeClientProtocolServer.java:start(72)) - RPC server for Client /0.0.0.0:15073
2023-06-23 00:37:27,922 [IPC Server Responder] INFO  ipc.Server (Server.java:run(1558)) - IPC Server Responder: starting
2023-06-23 00:37:27,924 [IPC Server listener on 15073] INFO  ipc.Server (Server.java:run(1398)) - IPC Server listener on 15073: starting
2023-06-23 00:37:27,926 [main] WARN  impl.MetricRegistriesImpl (MetricRegistriesImpl.java:addReporterRegistration(111)) - New reporters are added after registries were created. Some metrics will be missing from the reporter. Please add reporter before adding any new registry.
2023-06-23 00:37:27,927 [main] WARN  impl.MetricRegistriesImpl (MetricRegistriesImpl.java:addReporterRegistration(111)) - New reporters are added after registries were created. Some metrics will be missing from the reporter. Please add reporter before adding any new registry.
2023-06-23 00:37:27,927 [main] INFO  impl.MetricsSystemImpl (MetricsSystemImpl.java:init(158)) - HddsDatanode metrics system started (again)
2023-06-23 00:37:27,941 [Datanode State Machine Daemon Thread] INFO  statemachine.DatanodeStateMachine (DatanodeStateMachine.java:lambda$startDaemon$0(531)) - Ozone container server started.
2023-06-23 00:37:27,924 [EndpointStateMachine task thread for /0.0.0.0:15002 - 0 ] INFO  utils.DatanodeStoreCache (DatanodeStoreCache.java:addDB(66)) - Added db /home/runner/work/ozone/ozone/hadoop-ozone/integration-test/target/test-dir/MiniOzoneClusterImpl-3c3985d8-3248-4f19-a32f-4442bec32466/datanode-1/data-0/containers/hdds/3c3985d8-3248-4f19-a32f-4442bec32466/DS-b46f2804-996b-4c5b-b89b-5d0e2b349447/container.db to cache
2023-06-23 00:37:27,945 [EndpointStateMachine task thread for /0.0.0.0:15002 - 0 ] INFO  volume.HddsVolume (HddsVolume.java:createDbStore(350)) - SchemaV3 db is created and loaded at /home/runner/work/ozone/ozone/hadoop-ozone/integration-test/target/test-dir/MiniOzoneClusterImpl-3c3985d8-3248-4f19-a32f-4442bec32466/datanode-1/data-0/containers/hdds/3c3985d8-3248-4f19-a32f-4442bec32466/DS-b46f2804-996b-4c5b-b89b-5d0e2b349447/container.db for volume DS-b46f2804-996b-4c5b-b89b-5d0e2b349447
2023-06-23 00:37:27,949 [EndpointStateMachine task thread for /0.0.0.0:15002 - 0 ] INFO  ozoneimpl.OzoneContainer (OzoneContainer.java:start(411)) - Attempting to start container services.
2023-06-23 00:37:27,949 [EndpointStateMachine task thread for /0.0.0.0:15002 - 0 ] INFO  ozoneimpl.OzoneContainer (OzoneContainer.java:startContainerScrub(327)) - Scheduled background container scanners and the on-demand container scanner have been disabled.
2023-06-23 00:37:27,979 [main] INFO  ozone.HddsDatanodeService (HddsDatanodeService.java:start(257)) - HddsDatanodeService host:fv-az570-151.srgqcr2moziuvm0qev4lajleyh.dx.internal.cloudapp.net ip:10.1.0.47
2023-06-23 00:37:27,987 [EndpointStateMachine task thread for /0.0.0.0:15002 - 0 ] INFO  replication.ReplicationServer (ReplicationServer.java:start(128)) - ReplicationServer is started using port 15025
2023-06-23 00:37:27,988 [EndpointStateMachine task thread for /0.0.0.0:15002 - 0 ] INFO  ratis.XceiverServerRatis (XceiverServerRatis.java:start(517)) - Starting XceiverServerRatis 59e05457-4658-4a4f-b6c2-3fec945af00c
2023-06-23 00:37:27,999 [EndpointStateMachine task thread for /0.0.0.0:15002 - 0 ] INFO  server.RaftServer (RaftServerProxy.java:startImpl(400)) - 59e05457-4658-4a4f-b6c2-3fec945af00c: start RPC server
2023-06-23 00:37:28,005 [Datanode State Machine Task Thread - 0] INFO  datanode.InitDatanodeState (InitDatanodeState.java:persistContainerDatanodeDetails(138)) - DatanodeDetails is persisted to /home/runner/work/ozone/ozone/hadoop-ozone/integration-test/target/test-dir/MiniOzoneClusterImpl-3c3985d8-3248-4f19-a32f-4442bec32466/datanode-7/meta/datanode.id
2023-06-23 00:37:28,006 [EndpointStateMachine task thread for /0.0.0.0:15002 - 0 ] INFO  server.GrpcService (GrpcService.java:startImpl(302)) - 59e05457-4658-4a4f-b6c2-3fec945af00c: GrpcService started, listening on 15021
2023-06-23 00:37:28,009 [EndpointStateMachine task thread for /0.0.0.0:15002 - 0 ] INFO  server.GrpcService (GrpcService.java:startImpl(302)) - 59e05457-4658-4a4f-b6c2-3fec945af00c: GrpcService started, listening on 15023
2023-06-23 00:37:28,011 [EndpointStateMachine task thread for /0.0.0.0:15002 - 0 ] INFO  server.GrpcService (GrpcService.java:startImpl(302)) - 59e05457-4658-4a4f-b6c2-3fec945af00c: GrpcService started, listening on 15022
2023-06-23 00:37:28,012 [EndpointStateMachine task thread for /0.0.0.0:15002 - 0 ] INFO  ratis.XceiverServerRatis (XceiverServerRatis.java:getRealPort(543)) - XceiverServerRatis 59e05457-4658-4a4f-b6c2-3fec945af00c is started using port 15021 for RATIS
2023-06-23 00:37:28,012 [JvmPauseMonitor3] INFO  util.JvmPauseMonitor (JvmPauseMonitor.java:run(103)) - JvmPauseMonitor-59e05457-4658-4a4f-b6c2-3fec945af00c: Started
2023-06-23 00:37:28,012 [EndpointStateMachine task thread for /0.0.0.0:15002 - 0 ] INFO  ratis.XceiverServerRatis (XceiverServerRatis.java:getRealPort(543)) - XceiverServerRatis 59e05457-4658-4a4f-b6c2-3fec945af00c is started using port 15022 for RATIS_ADMIN
2023-06-23 00:37:28,012 [EndpointStateMachine task thread for /0.0.0.0:15002 - 0 ] INFO  ratis.XceiverServerRatis (XceiverServerRatis.java:getRealPort(543)) - XceiverServerRatis 59e05457-4658-4a4f-b6c2-3fec945af00c is started using port 15023 for RATIS_SERVER
2023-06-23 00:37:28,012 [EndpointStateMachine task thread for /0.0.0.0:15002 - 0 ] INFO  ratis.XceiverServerRatis (XceiverServerRatis.java:getRealPort(543)) - XceiverServerRatis 59e05457-4658-4a4f-b6c2-3fec945af00c is started using port 15024 for RATIS_DATASTREAM
2023-06-23 00:37:28,013 [main] INFO  upgrade.AbstractLayoutVersionManager (AbstractLayoutVersionManager.java:init(83)) - Initializing Layout version manager with metadata layout = HADOOP_PRC_PORTS_IN_DATANODEDETAILS (version = 7), software layout = HADOOP_PRC_PORTS_IN_DATANODEDETAILS (version = 7)
2023-06-23 00:37:28,014 [main] INFO  statemachine.DatanodeStateMachine (DatanodeStateMachine.java:getEndPointTaskThreadPoolSize(279)) - Datanode State Machine Task Thread Pool size 2
2023-06-23 00:37:28,019 [main] INFO  volume.HddsVolume (HddsVolume.java:<init>(130)) - Creating HddsVolume: /home/runner/work/ozone/ozone/hadoop-ozone/integration-test/target/test-dir/MiniOzoneClusterImpl-3c3985d8-3248-4f19-a32f-4442bec32466/datanode-8/data-0/containers/hdds of storage type : DISK capacity : 9223372036854775807
2023-06-23 00:37:28,020 [main] INFO  volume.MutableVolumeSet (MutableVolumeSet.java:initializeVolumeSet(175)) - Added Volume : /home/runner/work/ozone/ozone/hadoop-ozone/integration-test/target/test-dir/MiniOzoneClusterImpl-3c3985d8-3248-4f19-a32f-4442bec32466/datanode-8/data-0/containers/hdds to VolumeSet
2023-06-23 00:37:28,020 [main] INFO  volume.ThrottledAsyncChecker (ThrottledAsyncChecker.java:schedule(141)) - Scheduling a check for /home/runner/work/ozone/ozone/hadoop-ozone/integration-test/target/test-dir/MiniOzoneClusterImpl-3c3985d8-3248-4f19-a32f-4442bec32466/datanode-8/data-0/containers/hdds
2023-06-23 00:37:28,021 [main] INFO  volume.StorageVolumeChecker (StorageVolumeChecker.java:checkAllVolumes(202)) - Scheduled health check for volume /home/runner/work/ozone/ozone/hadoop-ozone/integration-test/target/test-dir/MiniOzoneClusterImpl-3c3985d8-3248-4f19-a32f-4442bec32466/datanode-8/data-0/containers/hdds
2023-06-23 00:37:28,030 [BlockDeletingService#0] INFO  interfaces.ContainerDeletionChoosingPolicyTemplate (ContainerDeletionChoosingPolicyTemplate.java:chooseContainerForBlockDeletion(83)) - Chosen 0/5000 blocks from 0 candidate containers.
2023-06-23 00:37:28,042 [main] INFO  volume.MutableVolumeSet (MutableVolumeSet.java:initializeVolumeSet(175)) - Added Volume : /home/runner/work/ozone/ozone/hadoop-ozone/integration-test/target/test-dir/MiniOzoneClusterImpl-3c3985d8-3248-4f19-a32f-4442bec32466/datanode-8/data/ratis to VolumeSet
2023-06-23 00:37:28,043 [main] INFO  volume.ThrottledAsyncChecker (ThrottledAsyncChecker.java:schedule(141)) - Scheduling a check for /home/runner/work/ozone/ozone/hadoop-ozone/integration-test/target/test-dir/MiniOzoneClusterImpl-3c3985d8-3248-4f19-a32f-4442bec32466/datanode-8/data/ratis
2023-06-23 00:37:28,043 [main] INFO  volume.StorageVolumeChecker (StorageVolumeChecker.java:checkAllVolumes(202)) - Scheduled health check for volume /home/runner/work/ozone/ozone/hadoop-ozone/integration-test/target/test-dir/MiniOzoneClusterImpl-3c3985d8-3248-4f19-a32f-4442bec32466/datanode-8/data/ratis
2023-06-23 00:37:28,056 [Thread-300] INFO  ozoneimpl.ContainerReader (ContainerReader.java:readVolume(175)) - Finish verifying containers on volume /home/runner/work/ozone/ozone/hadoop-ozone/integration-test/target/test-dir/MiniOzoneClusterImpl-3c3985d8-3248-4f19-a32f-4442bec32466/datanode-8/data-0/containers/hdds
2023-06-23 00:37:28,056 [main] INFO  ozoneimpl.OzoneContainer (OzoneContainer.java:buildContainerSet(316)) - Build ContainerSet costs 0s
2023-06-23 00:37:28,062 [main] INFO  server.RaftServer (ConfUtils.java:logGet(46)) - raft.rpc.type = GRPC (default)
2023-06-23 00:37:28,062 [main] INFO  grpc.GrpcConfigKeys (ConfUtils.java:logFallback(53)) - raft.grpc.admin.host = null (fallback to raft.grpc.server.host)
2023-06-23 00:37:28,063 [main] INFO  grpc.GrpcConfigKeys (ConfUtils.java:logGet(46)) - raft.grpc.admin.port = 15085 (custom)
2023-06-23 00:37:28,063 [main] INFO  grpc.GrpcConfigKeys (ConfUtils.java:logFallback(53)) - raft.grpc.client.host = null (fallback to raft.grpc.server.host)
2023-06-23 00:37:28,063 [main] INFO  grpc.GrpcConfigKeys (ConfUtils.java:logGet(46)) - raft.grpc.client.port = 15084 (custom)
2023-06-23 00:37:28,063 [main] INFO  grpc.GrpcConfigKeys (ConfUtils.java:logGet(46)) - raft.grpc.server.host = null (default)
2023-06-23 00:37:28,063 [main] INFO  grpc.GrpcConfigKeys (ConfUtils.java:logGet(46)) - raft.grpc.server.port = 15086 (custom)
2023-06-23 00:37:28,063 [main] INFO  server.GrpcService (ConfUtils.java:logGet(46)) - raft.grpc.message.size.max = 32MB (=33554432) (custom)
2023-06-23 00:37:28,063 [main] INFO  server.RaftServerConfigKeys (ConfUtils.java:logGet(46)) - raft.server.log.appender.buffer.byte-limit = 33554432 (custom)
2023-06-23 00:37:28,063 [main] INFO  server.GrpcService (ConfUtils.java:logGet(46)) - raft.grpc.flow.control.window = 5MB (=5242880) (custom)
2023-06-23 00:37:28,063 [main] INFO  server.RaftServerConfigKeys (ConfUtils.java:logGet(46)) - raft.server.rpc.request.timeout = 60s (custom)
2023-06-23 00:37:28,064 [main] INFO  grpc.GrpcConfigKeys (ConfUtils.java:logGet(46)) - raft.grpc.server.heartbeat.channel = true (default)
2023-06-23 00:37:28,064 [main] INFO  grpc.GrpcConfigKeys (ConfUtils.java:logGet(46)) - raft.grpc.server.async.request.thread.pool.cached = true (default)
2023-06-23 00:37:28,064 [main] INFO  grpc.GrpcConfigKeys (ConfUtils.java:logGet(46)) - raft.grpc.server.async.request.thread.pool.size = 32 (default)
2023-06-23 00:37:28,068 [main] INFO  impl.DataStreamServerImpl (ConfUtils.java:logGet(46)) - raft.datastream.type = NETTY (custom)
2023-06-23 00:37:28,069 [main] INFO  server.RaftServerConfigKeys (ConfUtils.java:logGet(46)) - raft.server.data-stream.async.request.thread.pool.cached = false (default)
2023-06-23 00:37:28,069 [main] INFO  server.RaftServerConfigKeys (ConfUtils.java:logGet(46)) - raft.server.data-stream.async.request.thread.pool.size = 20 (custom)
2023-06-23 00:37:28,069 [main] INFO  server.RaftServerConfigKeys (ConfUtils.java:logGet(46)) - raft.server.data-stream.async.write.thread.pool.size = 16 (default)
2023-06-23 00:37:28,069 [main] INFO  server.RaftServerConfigKeys (ConfUtils.java:logGet(46)) - raft.server.data-stream.client.pool.size = 10 (default)
2023-06-23 00:37:28,069 [main] INFO  netty.NettyConfigKeys$DataStream (ConfUtils.java:logGet(46)) - raft.netty.dataStream.server.use-epoll = false (default)
2023-06-23 00:37:28,069 [main] INFO  netty.NettyConfigKeys$DataStream (ConfUtils.java:logGet(46)) - raft.netty.dataStream.server.boss-group.size = 0 (default)
2023-06-23 00:37:28,071 [main] INFO  netty.NettyConfigKeys$DataStream (ConfUtils.java:logGet(46)) - raft.netty.dataStream.server.worker-group.size = 0 (default)
2023-06-23 00:37:28,072 [main] INFO  netty.NettyConfigKeys$DataStream (ConfUtils.java:logGet(46)) - raft.netty.dataStream.server.tls.conf = null (default)
2023-06-23 00:37:28,072 [main] INFO  netty.NettyConfigKeys$DataStream (ConfUtils.java:logGet(46)) - raft.netty.dataStream.host = null (default)
2023-06-23 00:37:28,072 [main] INFO  netty.NettyConfigKeys$DataStream (ConfUtils.java:logGet(46)) - raft.netty.dataStream.port = 15087 (custom)
2023-06-23 00:37:28,074 [main] INFO  server.RaftServerConfigKeys (ConfUtils.java:logGet(46)) - raft.server.threadpool.proxy.cached = true (default)
2023-06-23 00:37:28,074 [main] INFO  server.RaftServerConfigKeys (ConfUtils.java:logGet(46)) - raft.server.threadpool.proxy.size = 0 (default)
2023-06-23 00:37:28,074 [main] INFO  server.RaftServerConfigKeys (ConfUtils.java:logGet(46)) - raft.server.rpc.slowness.timeout = 300s (custom)
2023-06-23 00:37:28,074 [main] INFO  server.RaftServerConfigKeys (ConfUtils.java:logGet(46)) - raft.server.leaderelection.leader.step-down.wait-time = 10s (default)
2023-06-23 00:37:28,075 [main] INFO  server.RaftServerConfigKeys (ConfUtils.java:logGet(46)) - raft.server.storage.dir = [/home/runner/work/ozone/ozone/hadoop-ozone/integration-test/target/test-dir/MiniOzoneClusterImpl-3c3985d8-3248-4f19-a32f-4442bec32466/datanode-8/data/ratis] (custom)
2023-06-23 00:37:28,087 [main] INFO  server.XceiverServerGrpc (XceiverServerGrpc.java:<init>(132)) - GrpcServer channel type EpollServerSocketChannel
2023-06-23 00:37:28,089 [main] INFO  replication.ReplicationSupervisor (ReplicationSupervisor.java:nodeStateUpdated(305)) - Node state updated to IN_SERVICE, scaling executor pool size to 10
2023-06-23 00:37:28,093 [main] INFO  http.BaseHttpServer (BaseHttpServer.java:newHttpServer2BuilderForOzone(224)) - Starting Web-server for hddsDatanode at: http://0.0.0.0:15081
2023-06-23 00:37:28,093 [main] INFO  http.BaseHttpServer (BaseHttpServer.java:<init>(111)) - Hadoop Security Enabled: false Ozone Security Enabled: false Ozone HTTP Security Enabled: false 
2023-06-23 00:37:28,103 [f07173a4-652e-46dc-b7ae-8cd05d01b793-NettyServerStreamRpc-bossGroup--thread1] INFO  logging.LoggingHandler (AbstractInternalLogger.java:log(148)) - [id: 0x66afd667] REGISTERED
2023-06-23 00:37:28,103 [f07173a4-652e-46dc-b7ae-8cd05d01b793-NettyServerStreamRpc-bossGroup--thread1] INFO  logging.LoggingHandler (AbstractInternalLogger.java:log(148)) - [id: 0x66afd667] BIND: 0.0.0.0/0.0.0.0:15087
2023-06-23 00:37:28,103 [f07173a4-652e-46dc-b7ae-8cd05d01b793-NettyServerStreamRpc-bossGroup--thread1] INFO  logging.LoggingHandler (AbstractInternalLogger.java:log(148)) - [id: 0x66afd667, L:/0:0:0:0:0:0:0:0:15087] ACTIVE
2023-06-23 00:37:28,104 [main] WARN  server.AuthenticationFilter (AuthenticationFilter.java:constructSecretProvider(240)) - Unable to initialize FileSignerSecretProvider, falling back to use random secrets. Reason: Could not read signature secret file: /home/runner/hadoop-http-auth-signature-secret
2023-06-23 00:37:28,105 [main] INFO  http.HttpRequestLog (HttpRequestLog.java:getRequestLog(86)) - Http request log for http.requests.hddsDatanode is not defined
2023-06-23 00:37:28,106 [main] INFO  http.HttpServer2 (HttpServer2.java:addGlobalFilter(1031)) - Added global filter 'safety' (class=org.apache.hadoop.hdds.server.http.HttpServer2$QuotingInputFilter)
2023-06-23 00:37:28,107 [main] INFO  http.HttpServer2 (HttpServer2.java:addFilter(1007)) - Added filter static_user_filter (class=org.apache.hadoop.http.lib.StaticUserWebFilter$StaticUserFilter) to context hddsDatanode
2023-06-23 00:37:28,107 [main] INFO  http.HttpServer2 (HttpServer2.java:addFilter(1015)) - Added filter static_user_filter (class=org.apache.hadoop.http.lib.StaticUserWebFilter$StaticUserFilter) to context logs
2023-06-23 00:37:28,107 [main] INFO  http.HttpServer2 (HttpServer2.java:addFilter(1015)) - Added filter static_user_filter (class=org.apache.hadoop.http.lib.StaticUserWebFilter$StaticUserFilter) to context static
2023-06-23 00:37:28,108 [main] INFO  http.BaseHttpServer (BaseHttpServer.java:<init>(190)) - HTTP server of hddsDatanode uses base directory /home/runner/work/ozone/ozone/hadoop-ozone/integration-test/target/test-dir/MiniOzoneClusterImpl-3c3985d8-3248-4f19-a32f-4442bec32466/datanode-8/meta/webserver
2023-06-23 00:37:28,108 [main] INFO  http.HttpServer2 (HttpServer2.java:bindListener(1250)) - Jetty bound to port 15081
2023-06-23 00:37:28,108 [main] INFO  server.Server (Server.java:doStart(375)) - jetty-9.4.51.v20230217; built: 2023-02-17T08:19:37.309Z; git: b45c405e4544384de066f814ed42ae3dceacdd49; jvm 1.8.0_372-b07
2023-06-23 00:37:28,112 [main] INFO  server.session (DefaultSessionIdManager.java:doStart(334)) - DefaultSessionIdManager workerName=node0
2023-06-23 00:37:28,113 [main] INFO  server.session (DefaultSessionIdManager.java:doStart(339)) - No SessionScavenger set, using defaults
2023-06-23 00:37:28,113 [main] INFO  server.session (HouseKeeper.java:startScavenging(132)) - node0 Scavenging every 600000ms
2023-06-23 00:37:28,113 [main] INFO  handler.ContextHandler (ContextHandler.java:doStart(921)) - Started o.e.j.s.ServletContextHandler@53884783{logs,/logs,file:///home/runner/work/ozone/ozone/hadoop-ozone/integration-test/target/log,AVAILABLE}
2023-06-23 00:37:28,114 [main] INFO  handler.ContextHandler (ContextHandler.java:doStart(921)) - Started o.e.j.s.ServletContextHandler@63c6a639{static,/static,jar:file:/home/runner/.m2/repository/org/apache/ozone/hdds-container-service/1.4.0-SNAPSHOT/hdds-container-service-1.4.0-SNAPSHOT.jar!/webapps/static,AVAILABLE}
2023-06-23 00:37:28,199 [EndpointStateMachine task thread for /0.0.0.0:15002 - 0 ] INFO  utils.DatanodeStoreCache (DatanodeStoreCache.java:addDB(66)) - Added db /home/runner/work/ozone/ozone/hadoop-ozone/integration-test/target/test-dir/MiniOzoneClusterImpl-3c3985d8-3248-4f19-a32f-4442bec32466/datanode-2/data-0/containers/hdds/3c3985d8-3248-4f19-a32f-4442bec32466/DS-6c643cf2-9c91-4f73-8647-73cd04496ba7/container.db to cache
2023-06-23 00:37:28,199 [EndpointStateMachine task thread for /0.0.0.0:15002 - 0 ] INFO  volume.HddsVolume (HddsVolume.java:createDbStore(350)) - SchemaV3 db is created and loaded at /home/runner/work/ozone/ozone/hadoop-ozone/integration-test/target/test-dir/MiniOzoneClusterImpl-3c3985d8-3248-4f19-a32f-4442bec32466/datanode-2/data-0/containers/hdds/3c3985d8-3248-4f19-a32f-4442bec32466/DS-6c643cf2-9c91-4f73-8647-73cd04496ba7/container.db for volume DS-6c643cf2-9c91-4f73-8647-73cd04496ba7
2023-06-23 00:37:28,199 [EndpointStateMachine task thread for /0.0.0.0:15002 - 0 ] INFO  ozoneimpl.OzoneContainer (OzoneContainer.java:start(411)) - Attempting to start container services.
2023-06-23 00:37:28,199 [EndpointStateMachine task thread for /0.0.0.0:15002 - 0 ] INFO  ozoneimpl.OzoneContainer (OzoneContainer.java:startContainerScrub(327)) - Scheduled background container scanners and the on-demand container scanner have been disabled.
2023-06-23 00:37:28,202 [EndpointStateMachine task thread for /0.0.0.0:15002 - 0 ] INFO  replication.ReplicationServer (ReplicationServer.java:start(128)) - ReplicationServer is started using port 15034
2023-06-23 00:37:28,202 [EndpointStateMachine task thread for /0.0.0.0:15002 - 0 ] INFO  ratis.XceiverServerRatis (XceiverServerRatis.java:start(517)) - Starting XceiverServerRatis b858c729-efcc-4161-8033-8241e78cf6c6
2023-06-23 00:37:28,214 [EndpointStateMachine task thread for /0.0.0.0:15002 - 0 ] INFO  server.RaftServer (RaftServerProxy.java:startImpl(400)) - b858c729-efcc-4161-8033-8241e78cf6c6: start RPC server
2023-06-23 00:37:28,216 [EndpointStateMachine task thread for /0.0.0.0:15002 - 0 ] INFO  server.GrpcService (GrpcService.java:startImpl(302)) - b858c729-efcc-4161-8033-8241e78cf6c6: GrpcService started, listening on 15030
2023-06-23 00:37:28,218 [EndpointStateMachine task thread for /0.0.0.0:15002 - 0 ] INFO  server.GrpcService (GrpcService.java:startImpl(302)) - b858c729-efcc-4161-8033-8241e78cf6c6: GrpcService started, listening on 15032
2023-06-23 00:37:28,221 [EndpointStateMachine task thread for /0.0.0.0:15002 - 0 ] INFO  server.GrpcService (GrpcService.java:startImpl(302)) - b858c729-efcc-4161-8033-8241e78cf6c6: GrpcService started, listening on 15031
2023-06-23 00:37:28,222 [EndpointStateMachine task thread for /0.0.0.0:15002 - 0 ] INFO  ratis.XceiverServerRatis (XceiverServerRatis.java:getRealPort(543)) - XceiverServerRatis b858c729-efcc-4161-8033-8241e78cf6c6 is started using port 15030 for RATIS
2023-06-23 00:37:28,222 [EndpointStateMachine task thread for /0.0.0.0:15002 - 0 ] INFO  ratis.XceiverServerRatis (XceiverServerRatis.java:getRealPort(543)) - XceiverServerRatis b858c729-efcc-4161-8033-8241e78cf6c6 is started using port 15031 for RATIS_ADMIN
2023-06-23 00:37:28,222 [EndpointStateMachine task thread for /0.0.0.0:15002 - 0 ] INFO  ratis.XceiverServerRatis (XceiverServerRatis.java:getRealPort(543)) - XceiverServerRatis b858c729-efcc-4161-8033-8241e78cf6c6 is started using port 15032 for RATIS_SERVER
2023-06-23 00:37:28,222 [EndpointStateMachine task thread for /0.0.0.0:15002 - 0 ] INFO  ratis.XceiverServerRatis (XceiverServerRatis.java:getRealPort(543)) - XceiverServerRatis b858c729-efcc-4161-8033-8241e78cf6c6 is started using port 15033 for RATIS_DATASTREAM
2023-06-23 00:37:28,222 [JvmPauseMonitor4] INFO  util.JvmPauseMonitor (JvmPauseMonitor.java:run(103)) - JvmPauseMonitor-b858c729-efcc-4161-8033-8241e78cf6c6: Started
2023-06-23 00:37:28,239 [BlockDeletingService#0] INFO  interfaces.ContainerDeletionChoosingPolicyTemplate (ContainerDeletionChoosingPolicyTemplate.java:chooseContainerForBlockDeletion(83)) - Chosen 0/5000 blocks from 0 candidate containers.
2023-06-23 00:37:28,343 [main] INFO  handler.ContextHandler (ContextHandler.java:doStart(921)) - Started o.e.j.w.WebAppContext@502d9495{hddsDatanode,/,file:///home/runner/work/ozone/ozone/hadoop-ozone/integration-test/target/tmp/kms/webapp/,AVAILABLE}{jar:file:/home/runner/.m2/repository/org/apache/ozone/hdds-container-service/1.4.0-SNAPSHOT/hdds-container-service-1.4.0-SNAPSHOT.jar!/webapps/hddsDatanode}
2023-06-23 00:37:28,345 [main] INFO  server.AbstractConnector (AbstractConnector.java:doStart(333)) - Started ServerConnector@69a1186c{HTTP/1.1, (http/1.1)}{0.0.0.0:15081}
2023-06-23 00:37:28,345 [main] INFO  server.Server (Server.java:doStart(415)) - Started @13222ms
2023-06-23 00:37:28,345 [main] WARN  impl.MetricsSystemImpl (MetricsSystemImpl.java:register(279)) - Sink prometheus already exists!
2023-06-23 00:37:28,346 [main] INFO  http.BaseHttpServer (BaseHttpServer.java:updateConnectorAddress(344)) - HTTP server of hddsDatanode listening at http://0.0.0.0:15081
2023-06-23 00:37:28,346 [main] INFO  ipc.CallQueueManager (CallQueueManager.java:<init>(90)) - Using callQueue: class java.util.concurrent.LinkedBlockingQueue, queueCapacity: 100, scheduler: class org.apache.hadoop.ipc.DefaultRpcScheduler, ipcBackoff: false.
2023-06-23 00:37:28,347 [Socket Reader #1 for port 15082] INFO  ipc.Server (Server.java:run(1319)) - Starting Socket Reader #1 for port 15082
2023-06-23 00:37:28,353 [Listener at 0.0.0.0/15082] INFO  hdds.HddsUtils (HddsUtils.java:preserveThreadName(848)) - Restoring thread name: main
2023-06-23 00:37:28,354 [main] INFO  ozone.HddsDatanodeService (HddsDatanodeService.java:start(335)) - Datanode start with admins: [runner]
2023-06-23 00:37:28,354 [main] INFO  ozone.HddsDatanodeClientProtocolServer (HddsDatanodeClientProtocolServer.java:start(72)) - RPC server for Client /0.0.0.0:15082
2023-06-23 00:37:28,354 [IPC Server Responder] INFO  ipc.Server (Server.java:run(1558)) - IPC Server Responder: starting
2023-06-23 00:37:28,354 [IPC Server listener on 15082] INFO  ipc.Server (Server.java:run(1398)) - IPC Server listener on 15082: starting
2023-06-23 00:37:28,355 [main] WARN  impl.MetricRegistriesImpl (MetricRegistriesImpl.java:addReporterRegistration(111)) - New reporters are added after registries were created. Some metrics will be missing from the reporter. Please add reporter before adding any new registry.
2023-06-23 00:37:28,355 [main] WARN  impl.MetricRegistriesImpl (MetricRegistriesImpl.java:addReporterRegistration(111)) - New reporters are added after registries were created. Some metrics will be missing from the reporter. Please add reporter before adding any new registry.
2023-06-23 00:37:28,356 [main] INFO  impl.MetricsSystemImpl (MetricsSystemImpl.java:init(158)) - HddsDatanode metrics system started (again)
2023-06-23 00:37:28,363 [Datanode State Machine Daemon Thread] INFO  statemachine.DatanodeStateMachine (DatanodeStateMachine.java:lambda$startDaemon$0(531)) - Ozone container server started.
2023-06-23 00:37:28,376 [main] INFO  ozone.HddsDatanodeService (HddsDatanodeService.java:start(257)) - HddsDatanodeService host:fv-az570-151.srgqcr2moziuvm0qev4lajleyh.dx.internal.cloudapp.net ip:10.1.0.47
2023-06-23 00:37:28,394 [Datanode State Machine Task Thread - 0] INFO  datanode.InitDatanodeState (InitDatanodeState.java:persistContainerDatanodeDetails(138)) - DatanodeDetails is persisted to /home/runner/work/ozone/ozone/hadoop-ozone/integration-test/target/test-dir/MiniOzoneClusterImpl-3c3985d8-3248-4f19-a32f-4442bec32466/datanode-8/meta/datanode.id
2023-06-23 00:37:28,403 [main] INFO  upgrade.AbstractLayoutVersionManager (AbstractLayoutVersionManager.java:init(83)) - Initializing Layout version manager with metadata layout = HADOOP_PRC_PORTS_IN_DATANODEDETAILS (version = 7), software layout = HADOOP_PRC_PORTS_IN_DATANODEDETAILS (version = 7)
2023-06-23 00:37:28,403 [main] INFO  statemachine.DatanodeStateMachine (DatanodeStateMachine.java:getEndPointTaskThreadPoolSize(279)) - Datanode State Machine Task Thread Pool size 2
2023-06-23 00:37:28,405 [main] INFO  volume.HddsVolume (HddsVolume.java:<init>(130)) - Creating HddsVolume: /home/runner/work/ozone/ozone/hadoop-ozone/integration-test/target/test-dir/MiniOzoneClusterImpl-3c3985d8-3248-4f19-a32f-4442bec32466/datanode-9/data-0/containers/hdds of storage type : DISK capacity : 9223372036854775807
2023-06-23 00:37:28,405 [main] INFO  volume.MutableVolumeSet (MutableVolumeSet.java:initializeVolumeSet(175)) - Added Volume : /home/runner/work/ozone/ozone/hadoop-ozone/integration-test/target/test-dir/MiniOzoneClusterImpl-3c3985d8-3248-4f19-a32f-4442bec32466/datanode-9/data-0/containers/hdds to VolumeSet
2023-06-23 00:37:28,405 [main] INFO  volume.ThrottledAsyncChecker (ThrottledAsyncChecker.java:schedule(141)) - Scheduling a check for /home/runner/work/ozone/ozone/hadoop-ozone/integration-test/target/test-dir/MiniOzoneClusterImpl-3c3985d8-3248-4f19-a32f-4442bec32466/datanode-9/data-0/containers/hdds
2023-06-23 00:37:28,406 [main] INFO  volume.StorageVolumeChecker (StorageVolumeChecker.java:checkAllVolumes(202)) - Scheduled health check for volume /home/runner/work/ozone/ozone/hadoop-ozone/integration-test/target/test-dir/MiniOzoneClusterImpl-3c3985d8-3248-4f19-a32f-4442bec32466/datanode-9/data-0/containers/hdds
2023-06-23 00:37:28,418 [main] INFO  volume.MutableVolumeSet (MutableVolumeSet.java:initializeVolumeSet(175)) - Added Volume : /home/runner/work/ozone/ozone/hadoop-ozone/integration-test/target/test-dir/MiniOzoneClusterImpl-3c3985d8-3248-4f19-a32f-4442bec32466/datanode-9/data/ratis to VolumeSet
2023-06-23 00:37:28,418 [main] INFO  volume.ThrottledAsyncChecker (ThrottledAsyncChecker.java:schedule(141)) - Scheduling a check for /home/runner/work/ozone/ozone/hadoop-ozone/integration-test/target/test-dir/MiniOzoneClusterImpl-3c3985d8-3248-4f19-a32f-4442bec32466/datanode-9/data/ratis
2023-06-23 00:37:28,419 [main] INFO  volume.StorageVolumeChecker (StorageVolumeChecker.java:checkAllVolumes(202)) - Scheduled health check for volume /home/runner/work/ozone/ozone/hadoop-ozone/integration-test/target/test-dir/MiniOzoneClusterImpl-3c3985d8-3248-4f19-a32f-4442bec32466/datanode-9/data/ratis
2023-06-23 00:37:28,430 [Thread-322] INFO  ozoneimpl.ContainerReader (ContainerReader.java:readVolume(175)) - Finish verifying containers on volume /home/runner/work/ozone/ozone/hadoop-ozone/integration-test/target/test-dir/MiniOzoneClusterImpl-3c3985d8-3248-4f19-a32f-4442bec32466/datanode-9/data-0/containers/hdds
2023-06-23 00:37:28,430 [main] INFO  ozoneimpl.OzoneContainer (OzoneContainer.java:buildContainerSet(316)) - Build ContainerSet costs 0s
2023-06-23 00:37:28,432 [main] INFO  server.RaftServer (ConfUtils.java:logGet(46)) - raft.rpc.type = GRPC (default)
2023-06-23 00:37:28,433 [main] INFO  grpc.GrpcConfigKeys (ConfUtils.java:logFallback(53)) - raft.grpc.admin.host = null (fallback to raft.grpc.server.host)
2023-06-23 00:37:28,433 [main] INFO  grpc.GrpcConfigKeys (ConfUtils.java:logGet(46)) - raft.grpc.admin.port = 15094 (custom)
2023-06-23 00:37:28,433 [main] INFO  grpc.GrpcConfigKeys (ConfUtils.java:logFallback(53)) - raft.grpc.client.host = null (fallback to raft.grpc.server.host)
2023-06-23 00:37:28,433 [main] INFO  grpc.GrpcConfigKeys (ConfUtils.java:logGet(46)) - raft.grpc.client.port = 15093 (custom)
2023-06-23 00:37:28,433 [main] INFO  grpc.GrpcConfigKeys (ConfUtils.java:logGet(46)) - raft.grpc.server.host = null (default)
2023-06-23 00:37:28,433 [main] INFO  grpc.GrpcConfigKeys (ConfUtils.java:logGet(46)) - raft.grpc.server.port = 15095 (custom)
2023-06-23 00:37:28,433 [main] INFO  server.GrpcService (ConfUtils.java:logGet(46)) - raft.grpc.message.size.max = 32MB (=33554432) (custom)
2023-06-23 00:37:28,433 [main] INFO  server.RaftServerConfigKeys (ConfUtils.java:logGet(46)) - raft.server.log.appender.buffer.byte-limit = 33554432 (custom)
2023-06-23 00:37:28,433 [main] INFO  server.GrpcService (ConfUtils.java:logGet(46)) - raft.grpc.flow.control.window = 5MB (=5242880) (custom)
2023-06-23 00:37:28,433 [main] INFO  server.RaftServerConfigKeys (ConfUtils.java:logGet(46)) - raft.server.rpc.request.timeout = 60s (custom)
2023-06-23 00:37:28,434 [main] INFO  grpc.GrpcConfigKeys (ConfUtils.java:logGet(46)) - raft.grpc.server.heartbeat.channel = true (default)
2023-06-23 00:37:28,434 [main] INFO  grpc.GrpcConfigKeys (ConfUtils.java:logGet(46)) - raft.grpc.server.async.request.thread.pool.cached = true (default)
2023-06-23 00:37:28,434 [main] INFO  grpc.GrpcConfigKeys (ConfUtils.java:logGet(46)) - raft.grpc.server.async.request.thread.pool.size = 32 (default)
2023-06-23 00:37:28,436 [main] INFO  impl.DataStreamServerImpl (ConfUtils.java:logGet(46)) - raft.datastream.type = NETTY (custom)
2023-06-23 00:37:28,436 [main] INFO  server.RaftServerConfigKeys (ConfUtils.java:logGet(46)) - raft.server.data-stream.async.request.thread.pool.cached = false (default)
2023-06-23 00:37:28,437 [main] INFO  server.RaftServerConfigKeys (ConfUtils.java:logGet(46)) - raft.server.data-stream.async.request.thread.pool.size = 20 (custom)
2023-06-23 00:37:28,437 [main] INFO  server.RaftServerConfigKeys (ConfUtils.java:logGet(46)) - raft.server.data-stream.async.write.thread.pool.size = 16 (default)
2023-06-23 00:37:28,437 [main] INFO  server.RaftServerConfigKeys (ConfUtils.java:logGet(46)) - raft.server.data-stream.client.pool.size = 10 (default)
2023-06-23 00:37:28,437 [main] INFO  netty.NettyConfigKeys$DataStream (ConfUtils.java:logGet(46)) - raft.netty.dataStream.server.use-epoll = false (default)
2023-06-23 00:37:28,437 [main] INFO  netty.NettyConfigKeys$DataStream (ConfUtils.java:logGet(46)) - raft.netty.dataStream.server.boss-group.size = 0 (default)
2023-06-23 00:37:28,437 [main] INFO  netty.NettyConfigKeys$DataStream (ConfUtils.java:logGet(46)) - raft.netty.dataStream.server.worker-group.size = 0 (default)
2023-06-23 00:37:28,438 [main] INFO  netty.NettyConfigKeys$DataStream (ConfUtils.java:logGet(46)) - raft.netty.dataStream.server.tls.conf = null (default)
2023-06-23 00:37:28,438 [main] INFO  netty.NettyConfigKeys$DataStream (ConfUtils.java:logGet(46)) - raft.netty.dataStream.host = null (default)
2023-06-23 00:37:28,438 [main] INFO  netty.NettyConfigKeys$DataStream (ConfUtils.java:logGet(46)) - raft.netty.dataStream.port = 15096 (custom)
2023-06-23 00:37:28,440 [main] INFO  server.RaftServerConfigKeys (ConfUtils.java:logGet(46)) - raft.server.threadpool.proxy.cached = true (default)
2023-06-23 00:37:28,440 [main] INFO  server.RaftServerConfigKeys (ConfUtils.java:logGet(46)) - raft.server.threadpool.proxy.size = 0 (default)
2023-06-23 00:37:28,440 [main] INFO  server.RaftServerConfigKeys (ConfUtils.java:logGet(46)) - raft.server.rpc.slowness.timeout = 300s (custom)
2023-06-23 00:37:28,440 [main] INFO  server.RaftServerConfigKeys (ConfUtils.java:logGet(46)) - raft.server.leaderelection.leader.step-down.wait-time = 10s (default)
2023-06-23 00:37:28,440 [main] INFO  server.RaftServerConfigKeys (ConfUtils.java:logGet(46)) - raft.server.storage.dir = [/home/runner/work/ozone/ozone/hadoop-ozone/integration-test/target/test-dir/MiniOzoneClusterImpl-3c3985d8-3248-4f19-a32f-4442bec32466/datanode-9/data/ratis] (custom)
2023-06-23 00:37:28,444 [4cfb2fd8-05c8-4994-9a43-484107cbe362-NettyServerStreamRpc-bossGroup--thread1] INFO  logging.LoggingHandler (AbstractInternalLogger.java:log(148)) - [id: 0xb8f397e0] REGISTERED
2023-06-23 00:37:28,445 [4cfb2fd8-05c8-4994-9a43-484107cbe362-NettyServerStreamRpc-bossGroup--thread1] INFO  logging.LoggingHandler (AbstractInternalLogger.java:log(148)) - [id: 0xb8f397e0] BIND: 0.0.0.0/0.0.0.0:15096
2023-06-23 00:37:28,445 [4cfb2fd8-05c8-4994-9a43-484107cbe362-NettyServerStreamRpc-bossGroup--thread1] INFO  logging.LoggingHandler (AbstractInternalLogger.java:log(148)) - [id: 0xb8f397e0, L:/0:0:0:0:0:0:0:0:15096] ACTIVE
2023-06-23 00:37:28,446 [main] INFO  server.XceiverServerGrpc (XceiverServerGrpc.java:<init>(132)) - GrpcServer channel type EpollServerSocketChannel
2023-06-23 00:37:28,448 [main] INFO  replication.ReplicationSupervisor (ReplicationSupervisor.java:nodeStateUpdated(305)) - Node state updated to IN_SERVICE, scaling executor pool size to 10
2023-06-23 00:37:28,450 [main] INFO  http.BaseHttpServer (BaseHttpServer.java:newHttpServer2BuilderForOzone(224)) - Starting Web-server for hddsDatanode at: http://0.0.0.0:15090
2023-06-23 00:37:28,450 [main] INFO  http.BaseHttpServer (BaseHttpServer.java:<init>(111)) - Hadoop Security Enabled: false Ozone Security Enabled: false Ozone HTTP Security Enabled: false 
2023-06-23 00:37:28,451 [main] WARN  server.AuthenticationFilter (AuthenticationFilter.java:constructSecretProvider(240)) - Unable to initialize FileSignerSecretProvider, falling back to use random secrets. Reason: Could not read signature secret file: /home/runner/hadoop-http-auth-signature-secret
2023-06-23 00:37:28,455 [main] INFO  http.HttpRequestLog (HttpRequestLog.java:getRequestLog(86)) - Http request log for http.requests.hddsDatanode is not defined
2023-06-23 00:37:28,457 [main] INFO  http.HttpServer2 (HttpServer2.java:addGlobalFilter(1031)) - Added global filter 'safety' (class=org.apache.hadoop.hdds.server.http.HttpServer2$QuotingInputFilter)
2023-06-23 00:37:28,457 [main] INFO  http.HttpServer2 (HttpServer2.java:addFilter(1007)) - Added filter static_user_filter (class=org.apache.hadoop.http.lib.StaticUserWebFilter$StaticUserFilter) to context hddsDatanode
2023-06-23 00:37:28,458 [main] INFO  http.HttpServer2 (HttpServer2.java:addFilter(1015)) - Added filter static_user_filter (class=org.apache.hadoop.http.lib.StaticUserWebFilter$StaticUserFilter) to context static
2023-06-23 00:37:28,458 [main] INFO  http.HttpServer2 (HttpServer2.java:addFilter(1015)) - Added filter static_user_filter (class=org.apache.hadoop.http.lib.StaticUserWebFilter$StaticUserFilter) to context logs
2023-06-23 00:37:28,458 [main] INFO  http.BaseHttpServer (BaseHttpServer.java:<init>(190)) - HTTP server of hddsDatanode uses base directory /home/runner/work/ozone/ozone/hadoop-ozone/integration-test/target/test-dir/MiniOzoneClusterImpl-3c3985d8-3248-4f19-a32f-4442bec32466/datanode-9/meta/webserver
2023-06-23 00:37:28,458 [main] INFO  http.HttpServer2 (HttpServer2.java:bindListener(1250)) - Jetty bound to port 15090
2023-06-23 00:37:28,458 [main] INFO  server.Server (Server.java:doStart(375)) - jetty-9.4.51.v20230217; built: 2023-02-17T08:19:37.309Z; git: b45c405e4544384de066f814ed42ae3dceacdd49; jvm 1.8.0_372-b07
2023-06-23 00:37:28,461 [main] INFO  server.session (DefaultSessionIdManager.java:doStart(334)) - DefaultSessionIdManager workerName=node0
2023-06-23 00:37:28,461 [main] INFO  server.session (DefaultSessionIdManager.java:doStart(339)) - No SessionScavenger set, using defaults
2023-06-23 00:37:28,461 [main] INFO  server.session (HouseKeeper.java:startScavenging(132)) - node0 Scavenging every 600000ms
2023-06-23 00:37:28,462 [main] INFO  handler.ContextHandler (ContextHandler.java:doStart(921)) - Started o.e.j.s.ServletContextHandler@6333048b{logs,/logs,file:///home/runner/work/ozone/ozone/hadoop-ozone/integration-test/target/log,AVAILABLE}
2023-06-23 00:37:28,462 [main] INFO  handler.ContextHandler (ContextHandler.java:doStart(921)) - Started o.e.j.s.ServletContextHandler@1d0e0179{static,/static,jar:file:/home/runner/.m2/repository/org/apache/ozone/hdds-container-service/1.4.0-SNAPSHOT/hdds-container-service-1.4.0-SNAPSHOT.jar!/webapps/static,AVAILABLE}
2023-06-23 00:37:28,534 [EndpointStateMachine task thread for /0.0.0.0:15002 - 0 ] INFO  utils.DatanodeStoreCache (DatanodeStoreCache.java:addDB(66)) - Added db /home/runner/work/ozone/ozone/hadoop-ozone/integration-test/target/test-dir/MiniOzoneClusterImpl-3c3985d8-3248-4f19-a32f-4442bec32466/datanode-3/data-0/containers/hdds/3c3985d8-3248-4f19-a32f-4442bec32466/DS-9adeca6c-df52-48c9-aa07-8f46b650908e/container.db to cache
2023-06-23 00:37:28,534 [EndpointStateMachine task thread for /0.0.0.0:15002 - 0 ] INFO  volume.HddsVolume (HddsVolume.java:createDbStore(350)) - SchemaV3 db is created and loaded at /home/runner/work/ozone/ozone/hadoop-ozone/integration-test/target/test-dir/MiniOzoneClusterImpl-3c3985d8-3248-4f19-a32f-4442bec32466/datanode-3/data-0/containers/hdds/3c3985d8-3248-4f19-a32f-4442bec32466/DS-9adeca6c-df52-48c9-aa07-8f46b650908e/container.db for volume DS-9adeca6c-df52-48c9-aa07-8f46b650908e
2023-06-23 00:37:28,535 [EndpointStateMachine task thread for /0.0.0.0:15002 - 0 ] INFO  ozoneimpl.OzoneContainer (OzoneContainer.java:start(411)) - Attempting to start container services.
2023-06-23 00:37:28,535 [EndpointStateMachine task thread for /0.0.0.0:15002 - 0 ] INFO  ozoneimpl.OzoneContainer (OzoneContainer.java:startContainerScrub(327)) - Scheduled background container scanners and the on-demand container scanner have been disabled.
2023-06-23 00:37:28,538 [EndpointStateMachine task thread for /0.0.0.0:15002 - 0 ] INFO  replication.ReplicationServer (ReplicationServer.java:start(128)) - ReplicationServer is started using port 15043
2023-06-23 00:37:28,538 [EndpointStateMachine task thread for /0.0.0.0:15002 - 0 ] INFO  ratis.XceiverServerRatis (XceiverServerRatis.java:start(517)) - Starting XceiverServerRatis 4e705eda-d59c-4e65-825a-8cd43ac70c00
2023-06-23 00:37:28,542 [EndpointStateMachine task thread for /0.0.0.0:15002 - 0 ] INFO  server.RaftServer (RaftServerProxy.java:startImpl(400)) - 4e705eda-d59c-4e65-825a-8cd43ac70c00: start RPC server
2023-06-23 00:37:28,545 [EndpointStateMachine task thread for /0.0.0.0:15002 - 0 ] INFO  server.GrpcService (GrpcService.java:startImpl(302)) - 4e705eda-d59c-4e65-825a-8cd43ac70c00: GrpcService started, listening on 15039
2023-06-23 00:37:28,547 [EndpointStateMachine task thread for /0.0.0.0:15002 - 0 ] INFO  server.GrpcService (GrpcService.java:startImpl(302)) - 4e705eda-d59c-4e65-825a-8cd43ac70c00: GrpcService started, listening on 15041
2023-06-23 00:37:28,552 [EndpointStateMachine task thread for /0.0.0.0:15002 - 0 ] INFO  server.GrpcService (GrpcService.java:startImpl(302)) - 4e705eda-d59c-4e65-825a-8cd43ac70c00: GrpcService started, listening on 15040
2023-06-23 00:37:28,556 [EndpointStateMachine task thread for /0.0.0.0:15002 - 0 ] INFO  ratis.XceiverServerRatis (XceiverServerRatis.java:getRealPort(543)) - XceiverServerRatis 4e705eda-d59c-4e65-825a-8cd43ac70c00 is started using port 15039 for RATIS
2023-06-23 00:37:28,557 [EndpointStateMachine task thread for /0.0.0.0:15002 - 0 ] INFO  ratis.XceiverServerRatis (XceiverServerRatis.java:getRealPort(543)) - XceiverServerRatis 4e705eda-d59c-4e65-825a-8cd43ac70c00 is started using port 15040 for RATIS_ADMIN
2023-06-23 00:37:28,557 [EndpointStateMachine task thread for /0.0.0.0:15002 - 0 ] INFO  ratis.XceiverServerRatis (XceiverServerRatis.java:getRealPort(543)) - XceiverServerRatis 4e705eda-d59c-4e65-825a-8cd43ac70c00 is started using port 15041 for RATIS_SERVER
2023-06-23 00:37:28,557 [EndpointStateMachine task thread for /0.0.0.0:15002 - 0 ] INFO  ratis.XceiverServerRatis (XceiverServerRatis.java:getRealPort(543)) - XceiverServerRatis 4e705eda-d59c-4e65-825a-8cd43ac70c00 is started using port 15042 for RATIS_DATASTREAM
2023-06-23 00:37:28,557 [JvmPauseMonitor5] INFO  util.JvmPauseMonitor (JvmPauseMonitor.java:run(103)) - JvmPauseMonitor-4e705eda-d59c-4e65-825a-8cd43ac70c00: Started
2023-06-23 00:37:28,566 [BlockDeletingService#0] INFO  interfaces.ContainerDeletionChoosingPolicyTemplate (ContainerDeletionChoosingPolicyTemplate.java:chooseContainerForBlockDeletion(83)) - Chosen 0/5000 blocks from 0 candidate containers.
2023-06-23 00:37:28,843 [main] INFO  handler.ContextHandler (ContextHandler.java:doStart(921)) - Started o.e.j.w.WebAppContext@663f13db{hddsDatanode,/,file:///home/runner/work/ozone/ozone/hadoop-ozone/integration-test/target/tmp/kms/webapp/,AVAILABLE}{jar:file:/home/runner/.m2/repository/org/apache/ozone/hdds-container-service/1.4.0-SNAPSHOT/hdds-container-service-1.4.0-SNAPSHOT.jar!/webapps/hddsDatanode}
2023-06-23 00:37:28,845 [main] INFO  server.AbstractConnector (AbstractConnector.java:doStart(333)) - Started ServerConnector@512146ca{HTTP/1.1, (http/1.1)}{0.0.0.0:15090}
2023-06-23 00:37:28,845 [main] INFO  server.Server (Server.java:doStart(415)) - Started @13722ms
2023-06-23 00:37:28,845 [main] WARN  impl.MetricsSystemImpl (MetricsSystemImpl.java:register(279)) - Sink prometheus already exists!
2023-06-23 00:37:28,846 [main] INFO  http.BaseHttpServer (BaseHttpServer.java:updateConnectorAddress(344)) - HTTP server of hddsDatanode listening at http://0.0.0.0:15090
2023-06-23 00:37:28,846 [main] INFO  ipc.CallQueueManager (CallQueueManager.java:<init>(90)) - Using callQueue: class java.util.concurrent.LinkedBlockingQueue, queueCapacity: 100, scheduler: class org.apache.hadoop.ipc.DefaultRpcScheduler, ipcBackoff: false.
2023-06-23 00:37:28,847 [Socket Reader #1 for port 15091] INFO  ipc.Server (Server.java:run(1319)) - Starting Socket Reader #1 for port 15091
2023-06-23 00:37:28,850 [Listener at 0.0.0.0/15091] INFO  hdds.HddsUtils (HddsUtils.java:preserveThreadName(848)) - Restoring thread name: main
2023-06-23 00:37:28,850 [main] INFO  ozone.HddsDatanodeService (HddsDatanodeService.java:start(335)) - Datanode start with admins: [runner]
2023-06-23 00:37:28,851 [main] INFO  ozone.HddsDatanodeClientProtocolServer (HddsDatanodeClientProtocolServer.java:start(72)) - RPC server for Client /0.0.0.0:15091
2023-06-23 00:37:28,851 [IPC Server Responder] INFO  ipc.Server (Server.java:run(1558)) - IPC Server Responder: starting
2023-06-23 00:37:28,855 [IPC Server listener on 15091] INFO  ipc.Server (Server.java:run(1398)) - IPC Server listener on 15091: starting
2023-06-23 00:37:28,861 [main] INFO  om.OzoneManager (OzoneManager.java:startSecretManager(1076)) - Starting secret key client.
2023-06-23 00:37:28,862 [main] INFO  om.OzoneManager (OzoneManager.java:startSecretManager(1087)) - Starting OM delegation token secret manager
2023-06-23 00:37:28,862 [main] INFO  security.OzoneDelegationTokenSecretManager (OzoneSecretManager.java:updateCurrentKey(175)) - Updating current master key for generating tokens. Cert id 1917595419214
2023-06-23 00:37:28,865 [EndpointStateMachine task thread for /0.0.0.0:15002 - 0 ] INFO  utils.DatanodeStoreCache (DatanodeStoreCache.java:addDB(66)) - Added db /home/runner/work/ozone/ozone/hadoop-ozone/integration-test/target/test-dir/MiniOzoneClusterImpl-3c3985d8-3248-4f19-a32f-4442bec32466/datanode-4/data-0/containers/hdds/3c3985d8-3248-4f19-a32f-4442bec32466/DS-6c1238dc-da2d-43ca-91e1-ea3ca179a4d9/container.db to cache
2023-06-23 00:37:28,865 [EndpointStateMachine task thread for /0.0.0.0:15002 - 0 ] INFO  volume.HddsVolume (HddsVolume.java:createDbStore(350)) - SchemaV3 db is created and loaded at /home/runner/work/ozone/ozone/hadoop-ozone/integration-test/target/test-dir/MiniOzoneClusterImpl-3c3985d8-3248-4f19-a32f-4442bec32466/datanode-4/data-0/containers/hdds/3c3985d8-3248-4f19-a32f-4442bec32466/DS-6c1238dc-da2d-43ca-91e1-ea3ca179a4d9/container.db for volume DS-6c1238dc-da2d-43ca-91e1-ea3ca179a4d9
2023-06-23 00:37:28,866 [EndpointStateMachine task thread for /0.0.0.0:15002 - 0 ] INFO  ozoneimpl.OzoneContainer (OzoneContainer.java:start(411)) - Attempting to start container services.
2023-06-23 00:37:28,866 [EndpointStateMachine task thread for /0.0.0.0:15002 - 0 ] INFO  ozoneimpl.OzoneContainer (OzoneContainer.java:startContainerScrub(327)) - Scheduled background container scanners and the on-demand container scanner have been disabled.
2023-06-23 00:37:28,867 [Datanode State Machine Daemon Thread] INFO  statemachine.DatanodeStateMachine (DatanodeStateMachine.java:lambda$startDaemon$0(531)) - Ozone container server started.
2023-06-23 00:37:28,868 [main] INFO  ozone.MiniOzoneClusterImpl (MiniOzoneClusterImpl.java:lambda$waitForClusterToBeReady$0(224)) - Waiting for nodes to be ready. Got 0 of 10 DN Heartbeats.
2023-06-23 00:37:28,868 [main] INFO  ozone.MiniOzoneClusterImpl (MiniOzoneClusterImpl.java:lambda$waitForClusterToBeReady$0(227)) - Waiting for cluster to exit safe mode
2023-06-23 00:37:28,868 [main] INFO  ozone.MiniOzoneClusterImpl (MiniOzoneClusterImpl.java:lambda$waitForClusterToBeReady$0(229)) - SCM became leader
2023-06-23 00:37:28,876 [EndpointStateMachine task thread for /0.0.0.0:15002 - 0 ] INFO  replication.ReplicationServer (ReplicationServer.java:start(128)) - ReplicationServer is started using port 15052
2023-06-23 00:37:28,876 [EndpointStateMachine task thread for /0.0.0.0:15002 - 0 ] INFO  ratis.XceiverServerRatis (XceiverServerRatis.java:start(517)) - Starting XceiverServerRatis a135c5de-80e1-4aab-81ec-fcc917b89996
2023-06-23 00:37:28,880 [EndpointStateMachine task thread for /0.0.0.0:15002 - 0 ] INFO  server.RaftServer (RaftServerProxy.java:startImpl(400)) - a135c5de-80e1-4aab-81ec-fcc917b89996: start RPC server
2023-06-23 00:37:28,876 [Thread[Thread-343,5,main]] INFO  security.OzoneDelegationTokenSecretManager (OzoneDelegationTokenSecretManager.java:run(636)) - Starting expired delegation token remover thread, tokenRemoverScanInterval=60 min(s)
2023-06-23 00:37:28,891 [EndpointStateMachine task thread for /0.0.0.0:15002 - 0 ] INFO  server.GrpcService (GrpcService.java:startImpl(302)) - a135c5de-80e1-4aab-81ec-fcc917b89996: GrpcService started, listening on 15048
2023-06-23 00:37:28,892 [EndpointStateMachine task thread for /0.0.0.0:15002 - 0 ] INFO  server.GrpcService (GrpcService.java:startImpl(302)) - a135c5de-80e1-4aab-81ec-fcc917b89996: GrpcService started, listening on 15050
2023-06-23 00:37:28,900 [EndpointStateMachine task thread for /0.0.0.0:15002 - 0 ] INFO  server.GrpcService (GrpcService.java:startImpl(302)) - a135c5de-80e1-4aab-81ec-fcc917b89996: GrpcService started, listening on 15049
2023-06-23 00:37:28,900 [EndpointStateMachine task thread for /0.0.0.0:15002 - 0 ] INFO  ratis.XceiverServerRatis (XceiverServerRatis.java:getRealPort(543)) - XceiverServerRatis a135c5de-80e1-4aab-81ec-fcc917b89996 is started using port 15048 for RATIS
2023-06-23 00:37:28,900 [EndpointStateMachine task thread for /0.0.0.0:15002 - 0 ] INFO  ratis.XceiverServerRatis (XceiverServerRatis.java:getRealPort(543)) - XceiverServerRatis a135c5de-80e1-4aab-81ec-fcc917b89996 is started using port 15049 for RATIS_ADMIN
2023-06-23 00:37:28,900 [EndpointStateMachine task thread for /0.0.0.0:15002 - 0 ] INFO  ratis.XceiverServerRatis (XceiverServerRatis.java:getRealPort(543)) - XceiverServerRatis a135c5de-80e1-4aab-81ec-fcc917b89996 is started using port 15050 for RATIS_SERVER
2023-06-23 00:37:28,900 [EndpointStateMachine task thread for /0.0.0.0:15002 - 0 ] INFO  ratis.XceiverServerRatis (XceiverServerRatis.java:getRealPort(543)) - XceiverServerRatis a135c5de-80e1-4aab-81ec-fcc917b89996 is started using port 15051 for RATIS_DATASTREAM
2023-06-23 00:37:28,900 [JvmPauseMonitor6] INFO  util.JvmPauseMonitor (JvmPauseMonitor.java:run(103)) - JvmPauseMonitor-a135c5de-80e1-4aab-81ec-fcc917b89996: Started
2023-06-23 00:37:28,905 [Datanode State Machine Task Thread - 0] INFO  datanode.InitDatanodeState (InitDatanodeState.java:persistContainerDatanodeDetails(138)) - DatanodeDetails is persisted to /home/runner/work/ozone/ozone/hadoop-ozone/integration-test/target/test-dir/MiniOzoneClusterImpl-3c3985d8-3248-4f19-a32f-4442bec32466/datanode-9/meta/datanode.id
2023-06-23 00:37:28,906 [BlockDeletingService#0] INFO  interfaces.ContainerDeletionChoosingPolicyTemplate (ContainerDeletionChoosingPolicyTemplate.java:chooseContainerForBlockDeletion(83)) - Chosen 0/5000 blocks from 0 candidate containers.
2023-06-23 00:37:29,134 [EndpointStateMachine task thread for /0.0.0.0:15002 - 0 ] INFO  utils.DatanodeStoreCache (DatanodeStoreCache.java:addDB(66)) - Added db /home/runner/work/ozone/ozone/hadoop-ozone/integration-test/target/test-dir/MiniOzoneClusterImpl-3c3985d8-3248-4f19-a32f-4442bec32466/datanode-5/data-0/containers/hdds/3c3985d8-3248-4f19-a32f-4442bec32466/DS-011164da-b493-48d9-bb98-bf79bd46a9d2/container.db to cache
2023-06-23 00:37:29,134 [EndpointStateMachine task thread for /0.0.0.0:15002 - 0 ] INFO  volume.HddsVolume (HddsVolume.java:createDbStore(350)) - SchemaV3 db is created and loaded at /home/runner/work/ozone/ozone/hadoop-ozone/integration-test/target/test-dir/MiniOzoneClusterImpl-3c3985d8-3248-4f19-a32f-4442bec32466/datanode-5/data-0/containers/hdds/3c3985d8-3248-4f19-a32f-4442bec32466/DS-011164da-b493-48d9-bb98-bf79bd46a9d2/container.db for volume DS-011164da-b493-48d9-bb98-bf79bd46a9d2
2023-06-23 00:37:29,134 [EndpointStateMachine task thread for /0.0.0.0:15002 - 0 ] INFO  ozoneimpl.OzoneContainer (OzoneContainer.java:start(411)) - Attempting to start container services.
2023-06-23 00:37:29,134 [EndpointStateMachine task thread for /0.0.0.0:15002 - 0 ] INFO  ozoneimpl.OzoneContainer (OzoneContainer.java:startContainerScrub(327)) - Scheduled background container scanners and the on-demand container scanner have been disabled.
2023-06-23 00:37:29,136 [EndpointStateMachine task thread for /0.0.0.0:15002 - 0 ] INFO  replication.ReplicationServer (ReplicationServer.java:start(128)) - ReplicationServer is started using port 15061
2023-06-23 00:37:29,136 [EndpointStateMachine task thread for /0.0.0.0:15002 - 0 ] INFO  ratis.XceiverServerRatis (XceiverServerRatis.java:start(517)) - Starting XceiverServerRatis 6a1a42da-c2df-4fd1-96ac-c2667a6b2780
2023-06-23 00:37:29,137 [EndpointStateMachine task thread for /0.0.0.0:15002 - 0 ] INFO  server.RaftServer (RaftServerProxy.java:startImpl(400)) - 6a1a42da-c2df-4fd1-96ac-c2667a6b2780: start RPC server
2023-06-23 00:37:29,138 [EndpointStateMachine task thread for /0.0.0.0:15002 - 0 ] INFO  server.GrpcService (GrpcService.java:startImpl(302)) - 6a1a42da-c2df-4fd1-96ac-c2667a6b2780: GrpcService started, listening on 15057
2023-06-23 00:37:29,139 [EndpointStateMachine task thread for /0.0.0.0:15002 - 0 ] INFO  server.GrpcService (GrpcService.java:startImpl(302)) - 6a1a42da-c2df-4fd1-96ac-c2667a6b2780: GrpcService started, listening on 15059
2023-06-23 00:37:29,140 [EndpointStateMachine task thread for /0.0.0.0:15002 - 0 ] INFO  server.GrpcService (GrpcService.java:startImpl(302)) - 6a1a42da-c2df-4fd1-96ac-c2667a6b2780: GrpcService started, listening on 15058
2023-06-23 00:37:29,140 [EndpointStateMachine task thread for /0.0.0.0:15002 - 0 ] INFO  ratis.XceiverServerRatis (XceiverServerRatis.java:getRealPort(543)) - XceiverServerRatis 6a1a42da-c2df-4fd1-96ac-c2667a6b2780 is started using port 15057 for RATIS
2023-06-23 00:37:29,140 [JvmPauseMonitor7] INFO  util.JvmPauseMonitor (JvmPauseMonitor.java:run(103)) - JvmPauseMonitor-6a1a42da-c2df-4fd1-96ac-c2667a6b2780: Started
2023-06-23 00:37:29,140 [EndpointStateMachine task thread for /0.0.0.0:15002 - 0 ] INFO  ratis.XceiverServerRatis (XceiverServerRatis.java:getRealPort(543)) - XceiverServerRatis 6a1a42da-c2df-4fd1-96ac-c2667a6b2780 is started using port 15058 for RATIS_ADMIN
2023-06-23 00:37:29,140 [EndpointStateMachine task thread for /0.0.0.0:15002 - 0 ] INFO  ratis.XceiverServerRatis (XceiverServerRatis.java:getRealPort(543)) - XceiverServerRatis 6a1a42da-c2df-4fd1-96ac-c2667a6b2780 is started using port 15059 for RATIS_SERVER
2023-06-23 00:37:29,140 [EndpointStateMachine task thread for /0.0.0.0:15002 - 0 ] INFO  ratis.XceiverServerRatis (XceiverServerRatis.java:getRealPort(543)) - XceiverServerRatis 6a1a42da-c2df-4fd1-96ac-c2667a6b2780 is started using port 15060 for RATIS_DATASTREAM
2023-06-23 00:37:29,144 [BlockDeletingService#0] INFO  interfaces.ContainerDeletionChoosingPolicyTemplate (ContainerDeletionChoosingPolicyTemplate.java:chooseContainerForBlockDeletion(83)) - Chosen 0/5000 blocks from 0 candidate containers.
2023-06-23 00:37:29,363 [IPC Server handler 6 on default port 15002] INFO  net.NetworkTopologyImpl (NetworkTopologyImpl.java:add(112)) - Added a new node: /default-rack/0748a88e-a458-4efc-a02e-125962a69d19
2023-06-23 00:37:29,365 [IPC Server handler 6 on default port 15002] INFO  node.SCMNodeManager (SCMNodeManager.java:register(406)) - Registered Data node : 0748a88e-a458-4efc-a02e-125962a69d19{ip: 10.1.0.47, host: fv-az570-151.srgqcr2moziuvm0qev4lajleyh.dx.internal.cloudapp.net, ports: [HTTP=15009, CLIENT_RPC=15010, REPLICATION=15016, RATIS=15012, RATIS_ADMIN=15013, RATIS_SERVER=15014, RATIS_DATASTREAM=15015, STANDALONE=15011], networkLocation: /default-rack, certSerialId: null, persistedOpState: null, persistedOpStateExpiryEpochSec: 0}
2023-06-23 00:37:29,372 [EventQueue-NewNodeForNewNodeHandler] INFO  pipeline.BackgroundPipelineCreator (BackgroundPipelineCreator.java:notifyEventTriggered(276)) - trigger a one-shot run on RatisPipelineUtilsThread.
2023-06-23 00:37:29,378 [RatisPipelineUtilsThread - 0] INFO  pipeline.RatisPipelineProvider (RatisPipelineProvider.java:lambda$create$0(206)) - Sending CreatePipelineCommand for pipeline:PipelineID=b6d2f952-61cc-4440-8ea5-9713468b702f to datanode:0748a88e-a458-4efc-a02e-125962a69d19
2023-06-23 00:37:29,387 [EventQueue-NodeRegistrationContainerReportForContainerSafeModeRule] INFO  safemode.SCMSafeModeManager (SCMSafeModeManager.java:validateSafeModeExitRules(200)) - ContainerSafeModeRule rule is successfully validated
2023-06-23 00:37:29,391 [EventQueue-NodeRegistrationContainerReportForDataNodeSafeModeRule] INFO  safemode.SCMSafeModeManager (DataNodeSafeModeRule.java:process(71)) - SCM in safe mode. 1 DataNodes registered, 3 required.
2023-06-23 00:37:29,400 [EventQueue-PipelineReportForOneReplicaPipelineSafeModeRule] INFO  safemode.SCMSafeModeManager (SCMSafeModeManager.java:validateSafeModeExitRules(200)) - AtleastOneDatanodeReportedRule rule is successfully validated
2023-06-23 00:37:29,403 [RatisPipelineUtilsThread - 0] INFO  pipeline.PipelineStateManagerImpl (PipelineStateManagerImpl.java:addPipeline(103)) - Created pipeline Pipeline[ Id: b6d2f952-61cc-4440-8ea5-9713468b702f, Nodes: 0748a88e-a458-4efc-a02e-125962a69d19(fv-az570-151.srgqcr2moziuvm0qev4lajleyh.dx.internal.cloudapp.net/10.1.0.47), ReplicationConfig: RATIS/ONE, State:ALLOCATED, leaderId:, CreationTimestamp2023-06-23T00:37:29.377Z[Etc/UTC]].
2023-06-23 00:37:29,503 [EndpointStateMachine task thread for /0.0.0.0:15002 - 0 ] INFO  utils.DatanodeStoreCache (DatanodeStoreCache.java:addDB(66)) - Added db /home/runner/work/ozone/ozone/hadoop-ozone/integration-test/target/test-dir/MiniOzoneClusterImpl-3c3985d8-3248-4f19-a32f-4442bec32466/datanode-6/data-0/containers/hdds/3c3985d8-3248-4f19-a32f-4442bec32466/DS-4c61765d-dc5b-49a8-b729-33b80d7dfcb4/container.db to cache
2023-06-23 00:37:29,503 [EndpointStateMachine task thread for /0.0.0.0:15002 - 0 ] INFO  volume.HddsVolume (HddsVolume.java:createDbStore(350)) - SchemaV3 db is created and loaded at /home/runner/work/ozone/ozone/hadoop-ozone/integration-test/target/test-dir/MiniOzoneClusterImpl-3c3985d8-3248-4f19-a32f-4442bec32466/datanode-6/data-0/containers/hdds/3c3985d8-3248-4f19-a32f-4442bec32466/DS-4c61765d-dc5b-49a8-b729-33b80d7dfcb4/container.db for volume DS-4c61765d-dc5b-49a8-b729-33b80d7dfcb4
2023-06-23 00:37:29,504 [EndpointStateMachine task thread for /0.0.0.0:15002 - 0 ] INFO  ozoneimpl.OzoneContainer (OzoneContainer.java:start(411)) - Attempting to start container services.
2023-06-23 00:37:29,504 [EndpointStateMachine task thread for /0.0.0.0:15002 - 0 ] INFO  ozoneimpl.OzoneContainer (OzoneContainer.java:startContainerScrub(327)) - Scheduled background container scanners and the on-demand container scanner have been disabled.
2023-06-23 00:37:29,506 [EndpointStateMachine task thread for /0.0.0.0:15002 - 0 ] INFO  replication.ReplicationServer (ReplicationServer.java:start(128)) - ReplicationServer is started using port 15070
2023-06-23 00:37:29,506 [EndpointStateMachine task thread for /0.0.0.0:15002 - 0 ] INFO  ratis.XceiverServerRatis (XceiverServerRatis.java:start(517)) - Starting XceiverServerRatis c45f7b2b-079b-4ce1-93e8-334248332cec
2023-06-23 00:37:29,508 [EndpointStateMachine task thread for /0.0.0.0:15002 - 0 ] INFO  server.RaftServer (RaftServerProxy.java:startImpl(400)) - c45f7b2b-079b-4ce1-93e8-334248332cec: start RPC server
2023-06-23 00:37:29,509 [EndpointStateMachine task thread for /0.0.0.0:15002 - 0 ] INFO  server.GrpcService (GrpcService.java:startImpl(302)) - c45f7b2b-079b-4ce1-93e8-334248332cec: GrpcService started, listening on 15066
2023-06-23 00:37:29,511 [EndpointStateMachine task thread for /0.0.0.0:15002 - 0 ] INFO  server.GrpcService (GrpcService.java:startImpl(302)) - c45f7b2b-079b-4ce1-93e8-334248332cec: GrpcService started, listening on 15068
2023-06-23 00:37:29,512 [EndpointStateMachine task thread for /0.0.0.0:15002 - 0 ] INFO  server.GrpcService (GrpcService.java:startImpl(302)) - c45f7b2b-079b-4ce1-93e8-334248332cec: GrpcService started, listening on 15067
2023-06-23 00:37:29,512 [EndpointStateMachine task thread for /0.0.0.0:15002 - 0 ] INFO  ratis.XceiverServerRatis (XceiverServerRatis.java:getRealPort(543)) - XceiverServerRatis c45f7b2b-079b-4ce1-93e8-334248332cec is started using port 15066 for RATIS
2023-06-23 00:37:29,512 [JvmPauseMonitor8] INFO  util.JvmPauseMonitor (JvmPauseMonitor.java:run(103)) - JvmPauseMonitor-c45f7b2b-079b-4ce1-93e8-334248332cec: Started
2023-06-23 00:37:29,512 [EndpointStateMachine task thread for /0.0.0.0:15002 - 0 ] INFO  ratis.XceiverServerRatis (XceiverServerRatis.java:getRealPort(543)) - XceiverServerRatis c45f7b2b-079b-4ce1-93e8-334248332cec is started using port 15067 for RATIS_ADMIN
2023-06-23 00:37:29,512 [EndpointStateMachine task thread for /0.0.0.0:15002 - 0 ] INFO  ratis.XceiverServerRatis (XceiverServerRatis.java:getRealPort(543)) - XceiverServerRatis c45f7b2b-079b-4ce1-93e8-334248332cec is started using port 15068 for RATIS_SERVER
2023-06-23 00:37:29,512 [EndpointStateMachine task thread for /0.0.0.0:15002 - 0 ] INFO  ratis.XceiverServerRatis (XceiverServerRatis.java:getRealPort(543)) - XceiverServerRatis c45f7b2b-079b-4ce1-93e8-334248332cec is started using port 15069 for RATIS_DATASTREAM
2023-06-23 00:37:29,523 [BlockDeletingService#0] INFO  interfaces.ContainerDeletionChoosingPolicyTemplate (ContainerDeletionChoosingPolicyTemplate.java:chooseContainerForBlockDeletion(83)) - Chosen 0/5000 blocks from 0 candidate containers.
2023-06-23 00:37:29,837 [IPC Server handler 3 on default port 15002] INFO  net.NetworkTopologyImpl (NetworkTopologyImpl.java:add(112)) - Added a new node: /default-rack/59e05457-4658-4a4f-b6c2-3fec945af00c
2023-06-23 00:37:29,838 [IPC Server handler 3 on default port 15002] INFO  node.SCMNodeManager (SCMNodeManager.java:register(406)) - Registered Data node : 59e05457-4658-4a4f-b6c2-3fec945af00c{ip: 10.1.0.47, host: fv-az570-151.srgqcr2moziuvm0qev4lajleyh.dx.internal.cloudapp.net, ports: [HTTP=15018, CLIENT_RPC=15019, REPLICATION=15025, RATIS=15021, RATIS_ADMIN=15022, RATIS_SERVER=15023, RATIS_DATASTREAM=15024, STANDALONE=15020], networkLocation: /default-rack, certSerialId: null, persistedOpState: null, persistedOpStateExpiryEpochSec: 0}
2023-06-23 00:37:29,839 [EventQueue-NewNodeForNewNodeHandler] INFO  pipeline.BackgroundPipelineCreator (BackgroundPipelineCreator.java:notifyEventTriggered(276)) - trigger a one-shot run on RatisPipelineUtilsThread.
2023-06-23 00:37:29,840 [EventQueue-NodeRegistrationContainerReportForDataNodeSafeModeRule] INFO  safemode.SCMSafeModeManager (DataNodeSafeModeRule.java:process(71)) - SCM in safe mode. 2 DataNodes registered, 3 required.
2023-06-23 00:37:29,841 [RatisPipelineUtilsThread - 0] INFO  pipeline.RatisPipelineProvider (RatisPipelineProvider.java:lambda$create$0(206)) - Sending CreatePipelineCommand for pipeline:PipelineID=edcf6d27-be2e-4d0d-8813-251caf3f91ca to datanode:59e05457-4658-4a4f-b6c2-3fec945af00c
2023-06-23 00:37:29,843 [RatisPipelineUtilsThread - 0] INFO  pipeline.PipelineStateManagerImpl (PipelineStateManagerImpl.java:addPipeline(103)) - Created pipeline Pipeline[ Id: edcf6d27-be2e-4d0d-8813-251caf3f91ca, Nodes: 59e05457-4658-4a4f-b6c2-3fec945af00c(fv-az570-151.srgqcr2moziuvm0qev4lajleyh.dx.internal.cloudapp.net/10.1.0.47), ReplicationConfig: RATIS/ONE, State:ALLOCATED, leaderId:, CreationTimestamp2023-06-23T00:37:29.841Z[Etc/UTC]].
2023-06-23 00:37:29,868 [main] INFO  ozone.MiniOzoneClusterImpl (MiniOzoneClusterImpl.java:lambda$waitForClusterToBeReady$0(224)) - Waiting for nodes to be ready. Got 2 of 10 DN Heartbeats.
2023-06-23 00:37:29,869 [main] INFO  ozone.MiniOzoneClusterImpl (MiniOzoneClusterImpl.java:lambda$waitForClusterToBeReady$0(227)) - Waiting for cluster to exit safe mode
2023-06-23 00:37:29,869 [main] INFO  ozone.MiniOzoneClusterImpl (MiniOzoneClusterImpl.java:lambda$waitForClusterToBeReady$0(229)) - SCM became leader
2023-06-23 00:37:30,014 [EndpointStateMachine task thread for /0.0.0.0:15002 - 0 ] INFO  utils.DatanodeStoreCache (DatanodeStoreCache.java:addDB(66)) - Added db /home/runner/work/ozone/ozone/hadoop-ozone/integration-test/target/test-dir/MiniOzoneClusterImpl-3c3985d8-3248-4f19-a32f-4442bec32466/datanode-7/data-0/containers/hdds/3c3985d8-3248-4f19-a32f-4442bec32466/DS-804f61de-eef5-457a-bb40-4065c40ece6d/container.db to cache
2023-06-23 00:37:30,015 [EndpointStateMachine task thread for /0.0.0.0:15002 - 0 ] INFO  volume.HddsVolume (HddsVolume.java:createDbStore(350)) - SchemaV3 db is created and loaded at /home/runner/work/ozone/ozone/hadoop-ozone/integration-test/target/test-dir/MiniOzoneClusterImpl-3c3985d8-3248-4f19-a32f-4442bec32466/datanode-7/data-0/containers/hdds/3c3985d8-3248-4f19-a32f-4442bec32466/DS-804f61de-eef5-457a-bb40-4065c40ece6d/container.db for volume DS-804f61de-eef5-457a-bb40-4065c40ece6d
2023-06-23 00:37:30,015 [EndpointStateMachine task thread for /0.0.0.0:15002 - 0 ] INFO  ozoneimpl.OzoneContainer (OzoneContainer.java:start(411)) - Attempting to start container services.
2023-06-23 00:37:30,015 [EndpointStateMachine task thread for /0.0.0.0:15002 - 0 ] INFO  ozoneimpl.OzoneContainer (OzoneContainer.java:startContainerScrub(327)) - Scheduled background container scanners and the on-demand container scanner have been disabled.
2023-06-23 00:37:30,017 [EndpointStateMachine task thread for /0.0.0.0:15002 - 0 ] INFO  replication.ReplicationServer (ReplicationServer.java:start(128)) - ReplicationServer is started using port 15079
2023-06-23 00:37:30,017 [EndpointStateMachine task thread for /0.0.0.0:15002 - 0 ] INFO  ratis.XceiverServerRatis (XceiverServerRatis.java:start(517)) - Starting XceiverServerRatis cdb7ea93-9969-4a2d-8fff-2d6ab6bce964
2023-06-23 00:37:30,017 [EndpointStateMachine task thread for /0.0.0.0:15002 - 0 ] INFO  server.RaftServer (RaftServerProxy.java:startImpl(400)) - cdb7ea93-9969-4a2d-8fff-2d6ab6bce964: start RPC server
2023-06-23 00:37:30,019 [EndpointStateMachine task thread for /0.0.0.0:15002 - 0 ] INFO  server.GrpcService (GrpcService.java:startImpl(302)) - cdb7ea93-9969-4a2d-8fff-2d6ab6bce964: GrpcService started, listening on 15075
2023-06-23 00:37:30,020 [EndpointStateMachine task thread for /0.0.0.0:15002 - 0 ] INFO  server.GrpcService (GrpcService.java:startImpl(302)) - cdb7ea93-9969-4a2d-8fff-2d6ab6bce964: GrpcService started, listening on 15077
2023-06-23 00:37:30,022 [EndpointStateMachine task thread for /0.0.0.0:15002 - 0 ] INFO  server.GrpcService (GrpcService.java:startImpl(302)) - cdb7ea93-9969-4a2d-8fff-2d6ab6bce964: GrpcService started, listening on 15076
2023-06-23 00:37:30,023 [EndpointStateMachine task thread for /0.0.0.0:15002 - 0 ] INFO  ratis.XceiverServerRatis (XceiverServerRatis.java:getRealPort(543)) - XceiverServerRatis cdb7ea93-9969-4a2d-8fff-2d6ab6bce964 is started using port 15075 for RATIS
2023-06-23 00:37:30,023 [JvmPauseMonitor9] INFO  util.JvmPauseMonitor (JvmPauseMonitor.java:run(103)) - JvmPauseMonitor-cdb7ea93-9969-4a2d-8fff-2d6ab6bce964: Started
2023-06-23 00:37:30,023 [EndpointStateMachine task thread for /0.0.0.0:15002 - 0 ] INFO  ratis.XceiverServerRatis (XceiverServerRatis.java:getRealPort(543)) - XceiverServerRatis cdb7ea93-9969-4a2d-8fff-2d6ab6bce964 is started using port 15076 for RATIS_ADMIN
2023-06-23 00:37:30,023 [EndpointStateMachine task thread for /0.0.0.0:15002 - 0 ] INFO  ratis.XceiverServerRatis (XceiverServerRatis.java:getRealPort(543)) - XceiverServerRatis cdb7ea93-9969-4a2d-8fff-2d6ab6bce964 is started using port 15077 for RATIS_SERVER
2023-06-23 00:37:30,023 [EndpointStateMachine task thread for /0.0.0.0:15002 - 0 ] INFO  ratis.XceiverServerRatis (XceiverServerRatis.java:getRealPort(543)) - XceiverServerRatis cdb7ea93-9969-4a2d-8fff-2d6ab6bce964 is started using port 15078 for RATIS_DATASTREAM
2023-06-23 00:37:30,027 [BlockDeletingService#0] INFO  interfaces.ContainerDeletionChoosingPolicyTemplate (ContainerDeletionChoosingPolicyTemplate.java:chooseContainerForBlockDeletion(83)) - Chosen 0/5000 blocks from 0 candidate containers.
2023-06-23 00:37:30,158 [IPC Server handler 9 on default port 15002] INFO  net.NetworkTopologyImpl (NetworkTopologyImpl.java:add(112)) - Added a new node: /default-rack/b858c729-efcc-4161-8033-8241e78cf6c6
2023-06-23 00:37:30,158 [IPC Server handler 9 on default port 15002] INFO  node.SCMNodeManager (SCMNodeManager.java:register(406)) - Registered Data node : b858c729-efcc-4161-8033-8241e78cf6c6{ip: 10.1.0.47, host: fv-az570-151.srgqcr2moziuvm0qev4lajleyh.dx.internal.cloudapp.net, ports: [HTTP=15027, CLIENT_RPC=15028, REPLICATION=15034, RATIS=15030, RATIS_ADMIN=15031, RATIS_SERVER=15032, RATIS_DATASTREAM=15033, STANDALONE=15029], networkLocation: /default-rack, certSerialId: null, persistedOpState: null, persistedOpStateExpiryEpochSec: 0}
2023-06-23 00:37:30,158 [EventQueue-NewNodeForNewNodeHandler] INFO  pipeline.BackgroundPipelineCreator (BackgroundPipelineCreator.java:notifyEventTriggered(276)) - trigger a one-shot run on RatisPipelineUtilsThread.
2023-06-23 00:37:30,159 [RatisPipelineUtilsThread - 0] INFO  pipeline.RatisPipelineProvider (RatisPipelineProvider.java:lambda$create$0(206)) - Sending CreatePipelineCommand for pipeline:PipelineID=66adc964-cde5-4fc9-a2ac-3b62be7c1b2a to datanode:b858c729-efcc-4161-8033-8241e78cf6c6
2023-06-23 00:37:30,161 [RatisPipelineUtilsThread - 0] INFO  pipeline.PipelineStateManagerImpl (PipelineStateManagerImpl.java:addPipeline(103)) - Created pipeline Pipeline[ Id: 66adc964-cde5-4fc9-a2ac-3b62be7c1b2a, Nodes: b858c729-efcc-4161-8033-8241e78cf6c6(fv-az570-151.srgqcr2moziuvm0qev4lajleyh.dx.internal.cloudapp.net/10.1.0.47), ReplicationConfig: RATIS/ONE, State:ALLOCATED, leaderId:, CreationTimestamp2023-06-23T00:37:30.159Z[Etc/UTC]].
2023-06-23 00:37:30,160 [EventQueue-NodeRegistrationContainerReportForDataNodeSafeModeRule] INFO  safemode.SCMSafeModeManager (DataNodeSafeModeRule.java:process(71)) - SCM in safe mode. 3 DataNodes registered, 3 required.
2023-06-23 00:37:30,162 [EventQueue-NodeRegistrationContainerReportForDataNodeSafeModeRule] INFO  safemode.SCMSafeModeManager (SCMSafeModeManager.java:validateSafeModeExitRules(200)) - DataNodeSafeModeRule rule is successfully validated
2023-06-23 00:37:30,162 [EventQueue-NodeRegistrationContainerReportForDataNodeSafeModeRule] INFO  safemode.SCMSafeModeManager (SCMSafeModeManager.java:completePreCheck(229)) - All SCM safe mode pre check rules have passed
2023-06-23 00:37:30,162 [EventQueue-NodeRegistrationContainerReportForDataNodeSafeModeRule] INFO  ha.SCMContext (SCMContext.java:updateSafeModeStatus(228)) - Update SafeModeStatus from SafeModeStatus{safeModeStatus=true, preCheckPassed=false} to SafeModeStatus{safeModeStatus=true, preCheckPassed=true}.
2023-06-23 00:37:30,162 [EventQueue-NodeRegistrationContainerReportForDataNodeSafeModeRule] INFO  pipeline.BackgroundPipelineCreator (BackgroundPipelineCreator.java:notifyEventTriggered(276)) - trigger a one-shot run on RatisPipelineUtilsThread.
2023-06-23 00:37:30,167 [RatisPipelineUtilsThread - 0] INFO  pipeline.RatisPipelineProvider (RatisPipelineProvider.java:lambda$create$0(206)) - Sending CreatePipelineCommand for pipeline:PipelineID=4ba6b6c0-3b37-41b9-b67d-8bfadaf7e580 to datanode:59e05457-4658-4a4f-b6c2-3fec945af00c
2023-06-23 00:37:30,168 [RatisPipelineUtilsThread - 0] INFO  pipeline.RatisPipelineProvider (RatisPipelineProvider.java:lambda$create$0(206)) - Sending CreatePipelineCommand for pipeline:PipelineID=4ba6b6c0-3b37-41b9-b67d-8bfadaf7e580 to datanode:b858c729-efcc-4161-8033-8241e78cf6c6
2023-06-23 00:37:30,168 [RatisPipelineUtilsThread - 0] INFO  pipeline.RatisPipelineProvider (RatisPipelineProvider.java:lambda$create$0(206)) - Sending CreatePipelineCommand for pipeline:PipelineID=4ba6b6c0-3b37-41b9-b67d-8bfadaf7e580 to datanode:0748a88e-a458-4efc-a02e-125962a69d19
2023-06-23 00:37:30,169 [RatisPipelineUtilsThread - 0] INFO  pipeline.PipelineStateManagerImpl (PipelineStateManagerImpl.java:addPipeline(103)) - Created pipeline Pipeline[ Id: 4ba6b6c0-3b37-41b9-b67d-8bfadaf7e580, Nodes: 59e05457-4658-4a4f-b6c2-3fec945af00c(fv-az570-151.srgqcr2moziuvm0qev4lajleyh.dx.internal.cloudapp.net/10.1.0.47)b858c729-efcc-4161-8033-8241e78cf6c6(fv-az570-151.srgqcr2moziuvm0qev4lajleyh.dx.internal.cloudapp.net/10.1.0.47)0748a88e-a458-4efc-a02e-125962a69d19(fv-az570-151.srgqcr2moziuvm0qev4lajleyh.dx.internal.cloudapp.net/10.1.0.47), ReplicationConfig: RATIS/THREE, State:ALLOCATED, leaderId:, CreationTimestamp2023-06-23T00:37:30.167Z[Etc/UTC]].
2023-06-23 00:37:30,170 [RatisPipelineUtilsThread - 0] INFO  pipeline.RatisPipelineProvider (RatisPipelineProvider.java:lambda$create$0(206)) - Sending CreatePipelineCommand for pipeline:PipelineID=bd067623-fb3e-4d6b-ae7a-62fe52930499 to datanode:b858c729-efcc-4161-8033-8241e78cf6c6
2023-06-23 00:37:30,170 [RatisPipelineUtilsThread - 0] INFO  pipeline.RatisPipelineProvider (RatisPipelineProvider.java:lambda$create$0(206)) - Sending CreatePipelineCommand for pipeline:PipelineID=bd067623-fb3e-4d6b-ae7a-62fe52930499 to datanode:59e05457-4658-4a4f-b6c2-3fec945af00c
2023-06-23 00:37:30,170 [RatisPipelineUtilsThread - 0] INFO  pipeline.RatisPipelineProvider (RatisPipelineProvider.java:lambda$create$0(206)) - Sending CreatePipelineCommand for pipeline:PipelineID=bd067623-fb3e-4d6b-ae7a-62fe52930499 to datanode:0748a88e-a458-4efc-a02e-125962a69d19
2023-06-23 00:37:30,171 [RatisPipelineUtilsThread - 0] INFO  pipeline.PipelineStateManagerImpl (PipelineStateManagerImpl.java:addPipeline(103)) - Created pipeline Pipeline[ Id: bd067623-fb3e-4d6b-ae7a-62fe52930499, Nodes: b858c729-efcc-4161-8033-8241e78cf6c6(fv-az570-151.srgqcr2moziuvm0qev4lajleyh.dx.internal.cloudapp.net/10.1.0.47)59e05457-4658-4a4f-b6c2-3fec945af00c(fv-az570-151.srgqcr2moziuvm0qev4lajleyh.dx.internal.cloudapp.net/10.1.0.47)0748a88e-a458-4efc-a02e-125962a69d19(fv-az570-151.srgqcr2moziuvm0qev4lajleyh.dx.internal.cloudapp.net/10.1.0.47), ReplicationConfig: RATIS/THREE, State:ALLOCATED, leaderId:, CreationTimestamp2023-06-23T00:37:30.169Z[Etc/UTC]].
2023-06-23 00:37:30,171 [RatisPipelineUtilsThread - 0] INFO  pipeline.PipelineManagerImpl (PipelineManagerImpl.java:recordMetricsForPipeline(826)) - Pipeline: PipelineID=bd067623-fb3e-4d6b-ae7a-62fe52930499 contains same datanodes as previous pipelines: PipelineID=4ba6b6c0-3b37-41b9-b67d-8bfadaf7e580 nodeIds: b858c729-efcc-4161-8033-8241e78cf6c6, 59e05457-4658-4a4f-b6c2-3fec945af00c, 0748a88e-a458-4efc-a02e-125962a69d19
2023-06-23 00:37:30,171 [RatisPipelineUtilsThread - 0] WARN  pipeline.PipelinePlacementPolicy (PipelinePlacementPolicy.java:filterViableNodes(166)) - Pipeline creation failed due to no sufficient healthy datanodes. Required 3. Found 0. Excluded 3.
2023-06-23 00:37:30,417 [EndpointStateMachine task thread for /0.0.0.0:15002 - 0 ] INFO  utils.DatanodeStoreCache (DatanodeStoreCache.java:addDB(66)) - Added db /home/runner/work/ozone/ozone/hadoop-ozone/integration-test/target/test-dir/MiniOzoneClusterImpl-3c3985d8-3248-4f19-a32f-4442bec32466/datanode-8/data-0/containers/hdds/3c3985d8-3248-4f19-a32f-4442bec32466/DS-433213f6-c0eb-4ded-8eab-1a18c40038ba/container.db to cache
2023-06-23 00:37:30,418 [EndpointStateMachine task thread for /0.0.0.0:15002 - 0 ] INFO  volume.HddsVolume (HddsVolume.java:createDbStore(350)) - SchemaV3 db is created and loaded at /home/runner/work/ozone/ozone/hadoop-ozone/integration-test/target/test-dir/MiniOzoneClusterImpl-3c3985d8-3248-4f19-a32f-4442bec32466/datanode-8/data-0/containers/hdds/3c3985d8-3248-4f19-a32f-4442bec32466/DS-433213f6-c0eb-4ded-8eab-1a18c40038ba/container.db for volume DS-433213f6-c0eb-4ded-8eab-1a18c40038ba
2023-06-23 00:37:30,418 [EndpointStateMachine task thread for /0.0.0.0:15002 - 0 ] INFO  ozoneimpl.OzoneContainer (OzoneContainer.java:start(411)) - Attempting to start container services.
2023-06-23 00:37:30,418 [EndpointStateMachine task thread for /0.0.0.0:15002 - 0 ] INFO  ozoneimpl.OzoneContainer (OzoneContainer.java:startContainerScrub(327)) - Scheduled background container scanners and the on-demand container scanner have been disabled.
2023-06-23 00:37:30,419 [EndpointStateMachine task thread for /0.0.0.0:15002 - 0 ] INFO  replication.ReplicationServer (ReplicationServer.java:start(128)) - ReplicationServer is started using port 15088
2023-06-23 00:37:30,419 [EndpointStateMachine task thread for /0.0.0.0:15002 - 0 ] INFO  ratis.XceiverServerRatis (XceiverServerRatis.java:start(517)) - Starting XceiverServerRatis f07173a4-652e-46dc-b7ae-8cd05d01b793
2023-06-23 00:37:30,419 [EndpointStateMachine task thread for /0.0.0.0:15002 - 0 ] INFO  server.RaftServer (RaftServerProxy.java:startImpl(400)) - f07173a4-652e-46dc-b7ae-8cd05d01b793: start RPC server
2023-06-23 00:37:30,420 [EndpointStateMachine task thread for /0.0.0.0:15002 - 0 ] INFO  server.GrpcService (GrpcService.java:startImpl(302)) - f07173a4-652e-46dc-b7ae-8cd05d01b793: GrpcService started, listening on 15084
2023-06-23 00:37:30,423 [EndpointStateMachine task thread for /0.0.0.0:15002 - 0 ] INFO  server.GrpcService (GrpcService.java:startImpl(302)) - f07173a4-652e-46dc-b7ae-8cd05d01b793: GrpcService started, listening on 15086
2023-06-23 00:37:30,423 [EndpointStateMachine task thread for /0.0.0.0:15002 - 0 ] INFO  server.GrpcService (GrpcService.java:startImpl(302)) - f07173a4-652e-46dc-b7ae-8cd05d01b793: GrpcService started, listening on 15085
2023-06-23 00:37:30,424 [EndpointStateMachine task thread for /0.0.0.0:15002 - 0 ] INFO  ratis.XceiverServerRatis (XceiverServerRatis.java:getRealPort(543)) - XceiverServerRatis f07173a4-652e-46dc-b7ae-8cd05d01b793 is started using port 15084 for RATIS
2023-06-23 00:37:30,424 [EndpointStateMachine task thread for /0.0.0.0:15002 - 0 ] INFO  ratis.XceiverServerRatis (XceiverServerRatis.java:getRealPort(543)) - XceiverServerRatis f07173a4-652e-46dc-b7ae-8cd05d01b793 is started using port 15085 for RATIS_ADMIN
2023-06-23 00:37:30,424 [EndpointStateMachine task thread for /0.0.0.0:15002 - 0 ] INFO  ratis.XceiverServerRatis (XceiverServerRatis.java:getRealPort(543)) - XceiverServerRatis f07173a4-652e-46dc-b7ae-8cd05d01b793 is started using port 15086 for RATIS_SERVER
2023-06-23 00:37:30,424 [EndpointStateMachine task thread for /0.0.0.0:15002 - 0 ] INFO  ratis.XceiverServerRatis (XceiverServerRatis.java:getRealPort(543)) - XceiverServerRatis f07173a4-652e-46dc-b7ae-8cd05d01b793 is started using port 15087 for RATIS_DATASTREAM
2023-06-23 00:37:30,424 [JvmPauseMonitor10] INFO  util.JvmPauseMonitor (JvmPauseMonitor.java:run(103)) - JvmPauseMonitor-f07173a4-652e-46dc-b7ae-8cd05d01b793: Started
2023-06-23 00:37:30,431 [BlockDeletingService#0] INFO  interfaces.ContainerDeletionChoosingPolicyTemplate (ContainerDeletionChoosingPolicyTemplate.java:chooseContainerForBlockDeletion(83)) - Chosen 0/5000 blocks from 0 candidate containers.
2023-06-23 00:37:30,485 [IPC Server handler 12 on default port 15002] INFO  net.NetworkTopologyImpl (NetworkTopologyImpl.java:add(112)) - Added a new node: /default-rack/4e705eda-d59c-4e65-825a-8cd43ac70c00
2023-06-23 00:37:30,486 [IPC Server handler 12 on default port 15002] INFO  node.SCMNodeManager (SCMNodeManager.java:register(406)) - Registered Data node : 4e705eda-d59c-4e65-825a-8cd43ac70c00{ip: 10.1.0.47, host: fv-az570-151.srgqcr2moziuvm0qev4lajleyh.dx.internal.cloudapp.net, ports: [HTTP=15036, CLIENT_RPC=15037, REPLICATION=15043, RATIS=15039, RATIS_ADMIN=15040, RATIS_SERVER=15041, RATIS_DATASTREAM=15042, STANDALONE=15038], networkLocation: /default-rack, certSerialId: null, persistedOpState: null, persistedOpStateExpiryEpochSec: 0}
2023-06-23 00:37:30,487 [EventQueue-NewNodeForNewNodeHandler] INFO  pipeline.BackgroundPipelineCreator (BackgroundPipelineCreator.java:notifyEventTriggered(276)) - trigger a one-shot run on RatisPipelineUtilsThread.
2023-06-23 00:37:30,488 [RatisPipelineUtilsThread - 0] INFO  pipeline.RatisPipelineProvider (RatisPipelineProvider.java:lambda$create$0(206)) - Sending CreatePipelineCommand for pipeline:PipelineID=51925fc5-52f4-4d13-9d43-baa759264337 to datanode:4e705eda-d59c-4e65-825a-8cd43ac70c00
2023-06-23 00:37:30,490 [RatisPipelineUtilsThread - 0] INFO  pipeline.PipelineStateManagerImpl (PipelineStateManagerImpl.java:addPipeline(103)) - Created pipeline Pipeline[ Id: 51925fc5-52f4-4d13-9d43-baa759264337, Nodes: 4e705eda-d59c-4e65-825a-8cd43ac70c00(fv-az570-151.srgqcr2moziuvm0qev4lajleyh.dx.internal.cloudapp.net/10.1.0.47), ReplicationConfig: RATIS/ONE, State:ALLOCATED, leaderId:, CreationTimestamp2023-06-23T00:37:30.488Z[Etc/UTC]].
2023-06-23 00:37:30,490 [RatisPipelineUtilsThread - 0] WARN  pipeline.PipelinePlacementPolicy (PipelinePlacementPolicy.java:filterViableNodes(166)) - Pipeline creation failed due to no sufficient healthy datanodes. Required 3. Found 1. Excluded 3.
2023-06-23 00:37:30,788 [IPC Server handler 5 on default port 15002] INFO  net.NetworkTopologyImpl (NetworkTopologyImpl.java:add(112)) - Added a new node: /default-rack/a135c5de-80e1-4aab-81ec-fcc917b89996
2023-06-23 00:37:30,788 [IPC Server handler 5 on default port 15002] INFO  node.SCMNodeManager (SCMNodeManager.java:register(406)) - Registered Data node : a135c5de-80e1-4aab-81ec-fcc917b89996{ip: 10.1.0.47, host: fv-az570-151.srgqcr2moziuvm0qev4lajleyh.dx.internal.cloudapp.net, ports: [HTTP=15045, CLIENT_RPC=15046, REPLICATION=15052, RATIS=15048, RATIS_ADMIN=15049, RATIS_SERVER=15050, RATIS_DATASTREAM=15051, STANDALONE=15047], networkLocation: /default-rack, certSerialId: null, persistedOpState: null, persistedOpStateExpiryEpochSec: 0}
2023-06-23 00:37:30,789 [EventQueue-NewNodeForNewNodeHandler] INFO  pipeline.BackgroundPipelineCreator (BackgroundPipelineCreator.java:notifyEventTriggered(276)) - trigger a one-shot run on RatisPipelineUtilsThread.
2023-06-23 00:37:30,792 [RatisPipelineUtilsThread - 0] INFO  pipeline.RatisPipelineProvider (RatisPipelineProvider.java:lambda$create$0(206)) - Sending CreatePipelineCommand for pipeline:PipelineID=8d3ffcfd-f421-412a-aa1f-3734f7f717dd to datanode:a135c5de-80e1-4aab-81ec-fcc917b89996
2023-06-23 00:37:30,794 [RatisPipelineUtilsThread - 0] INFO  pipeline.PipelineStateManagerImpl (PipelineStateManagerImpl.java:addPipeline(103)) - Created pipeline Pipeline[ Id: 8d3ffcfd-f421-412a-aa1f-3734f7f717dd, Nodes: a135c5de-80e1-4aab-81ec-fcc917b89996(fv-az570-151.srgqcr2moziuvm0qev4lajleyh.dx.internal.cloudapp.net/10.1.0.47), ReplicationConfig: RATIS/ONE, State:ALLOCATED, leaderId:, CreationTimestamp2023-06-23T00:37:30.792Z[Etc/UTC]].
2023-06-23 00:37:30,795 [RatisPipelineUtilsThread - 0] WARN  pipeline.PipelinePlacementPolicy (PipelinePlacementPolicy.java:filterViableNodes(166)) - Pipeline creation failed due to no sufficient healthy datanodes. Required 3. Found 2. Excluded 3.
2023-06-23 00:37:30,869 [main] INFO  ozone.MiniOzoneClusterImpl (MiniOzoneClusterImpl.java:lambda$waitForClusterToBeReady$0(224)) - Waiting for nodes to be ready. Got 5 of 10 DN Heartbeats.
2023-06-23 00:37:30,869 [main] INFO  ozone.MiniOzoneClusterImpl (MiniOzoneClusterImpl.java:lambda$waitForClusterToBeReady$0(227)) - Waiting for cluster to exit safe mode
2023-06-23 00:37:30,869 [main] INFO  ozone.MiniOzoneClusterImpl (MiniOzoneClusterImpl.java:lambda$waitForClusterToBeReady$0(229)) - SCM became leader
2023-06-23 00:37:30,926 [EndpointStateMachine task thread for /0.0.0.0:15002 - 0 ] INFO  utils.DatanodeStoreCache (DatanodeStoreCache.java:addDB(66)) - Added db /home/runner/work/ozone/ozone/hadoop-ozone/integration-test/target/test-dir/MiniOzoneClusterImpl-3c3985d8-3248-4f19-a32f-4442bec32466/datanode-9/data-0/containers/hdds/3c3985d8-3248-4f19-a32f-4442bec32466/DS-7adf265b-a039-4dd9-9ef4-fd61ada30e51/container.db to cache
2023-06-23 00:37:30,926 [EndpointStateMachine task thread for /0.0.0.0:15002 - 0 ] INFO  volume.HddsVolume (HddsVolume.java:createDbStore(350)) - SchemaV3 db is created and loaded at /home/runner/work/ozone/ozone/hadoop-ozone/integration-test/target/test-dir/MiniOzoneClusterImpl-3c3985d8-3248-4f19-a32f-4442bec32466/datanode-9/data-0/containers/hdds/3c3985d8-3248-4f19-a32f-4442bec32466/DS-7adf265b-a039-4dd9-9ef4-fd61ada30e51/container.db for volume DS-7adf265b-a039-4dd9-9ef4-fd61ada30e51
2023-06-23 00:37:30,926 [EndpointStateMachine task thread for /0.0.0.0:15002 - 0 ] INFO  ozoneimpl.OzoneContainer (OzoneContainer.java:start(411)) - Attempting to start container services.
2023-06-23 00:37:30,926 [EndpointStateMachine task thread for /0.0.0.0:15002 - 0 ] INFO  ozoneimpl.OzoneContainer (OzoneContainer.java:startContainerScrub(327)) - Scheduled background container scanners and the on-demand container scanner have been disabled.
2023-06-23 00:37:30,927 [EndpointStateMachine task thread for /0.0.0.0:15002 - 0 ] INFO  replication.ReplicationServer (ReplicationServer.java:start(128)) - ReplicationServer is started using port 15097
2023-06-23 00:37:30,927 [EndpointStateMachine task thread for /0.0.0.0:15002 - 0 ] INFO  ratis.XceiverServerRatis (XceiverServerRatis.java:start(517)) - Starting XceiverServerRatis 4cfb2fd8-05c8-4994-9a43-484107cbe362
2023-06-23 00:37:30,931 [EndpointStateMachine task thread for /0.0.0.0:15002 - 0 ] INFO  server.RaftServer (RaftServerProxy.java:startImpl(400)) - 4cfb2fd8-05c8-4994-9a43-484107cbe362: start RPC server
2023-06-23 00:37:30,932 [EndpointStateMachine task thread for /0.0.0.0:15002 - 0 ] INFO  server.GrpcService (GrpcService.java:startImpl(302)) - 4cfb2fd8-05c8-4994-9a43-484107cbe362: GrpcService started, listening on 15093
2023-06-23 00:37:30,932 [EndpointStateMachine task thread for /0.0.0.0:15002 - 0 ] INFO  server.GrpcService (GrpcService.java:startImpl(302)) - 4cfb2fd8-05c8-4994-9a43-484107cbe362: GrpcService started, listening on 15095
2023-06-23 00:37:30,932 [EndpointStateMachine task thread for /0.0.0.0:15002 - 0 ] INFO  server.GrpcService (GrpcService.java:startImpl(302)) - 4cfb2fd8-05c8-4994-9a43-484107cbe362: GrpcService started, listening on 15094
2023-06-23 00:37:30,933 [EndpointStateMachine task thread for /0.0.0.0:15002 - 0 ] INFO  ratis.XceiverServerRatis (XceiverServerRatis.java:getRealPort(543)) - XceiverServerRatis 4cfb2fd8-05c8-4994-9a43-484107cbe362 is started using port 15093 for RATIS
2023-06-23 00:37:30,933 [EndpointStateMachine task thread for /0.0.0.0:15002 - 0 ] INFO  ratis.XceiverServerRatis (XceiverServerRatis.java:getRealPort(543)) - XceiverServerRatis 4cfb2fd8-05c8-4994-9a43-484107cbe362 is started using port 15094 for RATIS_ADMIN
2023-06-23 00:37:30,933 [EndpointStateMachine task thread for /0.0.0.0:15002 - 0 ] INFO  ratis.XceiverServerRatis (XceiverServerRatis.java:getRealPort(543)) - XceiverServerRatis 4cfb2fd8-05c8-4994-9a43-484107cbe362 is started using port 15095 for RATIS_SERVER
2023-06-23 00:37:30,933 [EndpointStateMachine task thread for /0.0.0.0:15002 - 0 ] INFO  ratis.XceiverServerRatis (XceiverServerRatis.java:getRealPort(543)) - XceiverServerRatis 4cfb2fd8-05c8-4994-9a43-484107cbe362 is started using port 15096 for RATIS_DATASTREAM
2023-06-23 00:37:30,933 [JvmPauseMonitor11] INFO  util.JvmPauseMonitor (JvmPauseMonitor.java:run(103)) - JvmPauseMonitor-4cfb2fd8-05c8-4994-9a43-484107cbe362: Started
2023-06-23 00:37:30,940 [BlockDeletingService#0] INFO  interfaces.ContainerDeletionChoosingPolicyTemplate (ContainerDeletionChoosingPolicyTemplate.java:chooseContainerForBlockDeletion(83)) - Chosen 0/5000 blocks from 0 candidate containers.
2023-06-23 00:37:31,103 [IPC Server handler 9 on default port 15002] INFO  net.NetworkTopologyImpl (NetworkTopologyImpl.java:add(112)) - Added a new node: /default-rack/6a1a42da-c2df-4fd1-96ac-c2667a6b2780
2023-06-23 00:37:31,104 [IPC Server handler 9 on default port 15002] INFO  node.SCMNodeManager (SCMNodeManager.java:register(406)) - Registered Data node : 6a1a42da-c2df-4fd1-96ac-c2667a6b2780{ip: 10.1.0.47, host: fv-az570-151.srgqcr2moziuvm0qev4lajleyh.dx.internal.cloudapp.net, ports: [HTTP=15054, CLIENT_RPC=15055, REPLICATION=15061, RATIS=15057, RATIS_ADMIN=15058, RATIS_SERVER=15059, RATIS_DATASTREAM=15060, STANDALONE=15056], networkLocation: /default-rack, certSerialId: null, persistedOpState: null, persistedOpStateExpiryEpochSec: 0}
2023-06-23 00:37:31,104 [EventQueue-NewNodeForNewNodeHandler] INFO  pipeline.BackgroundPipelineCreator (BackgroundPipelineCreator.java:notifyEventTriggered(276)) - trigger a one-shot run on RatisPipelineUtilsThread.
2023-06-23 00:37:31,106 [RatisPipelineUtilsThread - 0] INFO  pipeline.RatisPipelineProvider (RatisPipelineProvider.java:lambda$create$0(206)) - Sending CreatePipelineCommand for pipeline:PipelineID=3d92aee1-dcb0-4fde-88db-fa7f949a36c9 to datanode:6a1a42da-c2df-4fd1-96ac-c2667a6b2780
2023-06-23 00:37:31,108 [RatisPipelineUtilsThread - 0] INFO  pipeline.PipelineStateManagerImpl (PipelineStateManagerImpl.java:addPipeline(103)) - Created pipeline Pipeline[ Id: 3d92aee1-dcb0-4fde-88db-fa7f949a36c9, Nodes: 6a1a42da-c2df-4fd1-96ac-c2667a6b2780(fv-az570-151.srgqcr2moziuvm0qev4lajleyh.dx.internal.cloudapp.net/10.1.0.47), ReplicationConfig: RATIS/ONE, State:ALLOCATED, leaderId:, CreationTimestamp2023-06-23T00:37:31.106Z[Etc/UTC]].
2023-06-23 00:37:31,109 [RatisPipelineUtilsThread - 0] INFO  pipeline.RatisPipelineProvider (RatisPipelineProvider.java:lambda$create$0(206)) - Sending CreatePipelineCommand for pipeline:PipelineID=46c40a94-8571-45b1-a2a4-221bc075ad82 to datanode:6a1a42da-c2df-4fd1-96ac-c2667a6b2780
2023-06-23 00:37:31,109 [RatisPipelineUtilsThread - 0] INFO  pipeline.RatisPipelineProvider (RatisPipelineProvider.java:lambda$create$0(206)) - Sending CreatePipelineCommand for pipeline:PipelineID=46c40a94-8571-45b1-a2a4-221bc075ad82 to datanode:a135c5de-80e1-4aab-81ec-fcc917b89996
2023-06-23 00:37:31,109 [RatisPipelineUtilsThread - 0] INFO  pipeline.RatisPipelineProvider (RatisPipelineProvider.java:lambda$create$0(206)) - Sending CreatePipelineCommand for pipeline:PipelineID=46c40a94-8571-45b1-a2a4-221bc075ad82 to datanode:4e705eda-d59c-4e65-825a-8cd43ac70c00
2023-06-23 00:37:31,110 [RatisPipelineUtilsThread - 0] INFO  pipeline.PipelineStateManagerImpl (PipelineStateManagerImpl.java:addPipeline(103)) - Created pipeline Pipeline[ Id: 46c40a94-8571-45b1-a2a4-221bc075ad82, Nodes: 6a1a42da-c2df-4fd1-96ac-c2667a6b2780(fv-az570-151.srgqcr2moziuvm0qev4lajleyh.dx.internal.cloudapp.net/10.1.0.47)a135c5de-80e1-4aab-81ec-fcc917b89996(fv-az570-151.srgqcr2moziuvm0qev4lajleyh.dx.internal.cloudapp.net/10.1.0.47)4e705eda-d59c-4e65-825a-8cd43ac70c00(fv-az570-151.srgqcr2moziuvm0qev4lajleyh.dx.internal.cloudapp.net/10.1.0.47), ReplicationConfig: RATIS/THREE, State:ALLOCATED, leaderId:, CreationTimestamp2023-06-23T00:37:31.109Z[Etc/UTC]].
2023-06-23 00:37:31,111 [RatisPipelineUtilsThread - 0] INFO  pipeline.RatisPipelineProvider (RatisPipelineProvider.java:lambda$create$0(206)) - Sending CreatePipelineCommand for pipeline:PipelineID=deb4cad3-4441-494f-95e5-04d9684641e1 to datanode:a135c5de-80e1-4aab-81ec-fcc917b89996
2023-06-23 00:37:31,111 [RatisPipelineUtilsThread - 0] INFO  pipeline.RatisPipelineProvider (RatisPipelineProvider.java:lambda$create$0(206)) - Sending CreatePipelineCommand for pipeline:PipelineID=deb4cad3-4441-494f-95e5-04d9684641e1 to datanode:6a1a42da-c2df-4fd1-96ac-c2667a6b2780
2023-06-23 00:37:31,111 [RatisPipelineUtilsThread - 0] INFO  pipeline.RatisPipelineProvider (RatisPipelineProvider.java:lambda$create$0(206)) - Sending CreatePipelineCommand for pipeline:PipelineID=deb4cad3-4441-494f-95e5-04d9684641e1 to datanode:4e705eda-d59c-4e65-825a-8cd43ac70c00
2023-06-23 00:37:31,112 [RatisPipelineUtilsThread - 0] INFO  pipeline.PipelineStateManagerImpl (PipelineStateManagerImpl.java:addPipeline(103)) - Created pipeline Pipeline[ Id: deb4cad3-4441-494f-95e5-04d9684641e1, Nodes: a135c5de-80e1-4aab-81ec-fcc917b89996(fv-az570-151.srgqcr2moziuvm0qev4lajleyh.dx.internal.cloudapp.net/10.1.0.47)6a1a42da-c2df-4fd1-96ac-c2667a6b2780(fv-az570-151.srgqcr2moziuvm0qev4lajleyh.dx.internal.cloudapp.net/10.1.0.47)4e705eda-d59c-4e65-825a-8cd43ac70c00(fv-az570-151.srgqcr2moziuvm0qev4lajleyh.dx.internal.cloudapp.net/10.1.0.47), ReplicationConfig: RATIS/THREE, State:ALLOCATED, leaderId:, CreationTimestamp2023-06-23T00:37:31.111Z[Etc/UTC]].
2023-06-23 00:37:31,112 [RatisPipelineUtilsThread - 0] INFO  pipeline.PipelineManagerImpl (PipelineManagerImpl.java:recordMetricsForPipeline(826)) - Pipeline: PipelineID=deb4cad3-4441-494f-95e5-04d9684641e1 contains same datanodes as previous pipelines: PipelineID=46c40a94-8571-45b1-a2a4-221bc075ad82 nodeIds: a135c5de-80e1-4aab-81ec-fcc917b89996, 6a1a42da-c2df-4fd1-96ac-c2667a6b2780, 4e705eda-d59c-4e65-825a-8cd43ac70c00
2023-06-23 00:37:31,113 [RatisPipelineUtilsThread - 0] WARN  pipeline.PipelinePlacementPolicy (PipelinePlacementPolicy.java:filterViableNodes(166)) - Pipeline creation failed due to no sufficient healthy datanodes. Required 3. Found 0. Excluded 6.
2023-06-23 00:37:31,473 [IPC Server handler 12 on default port 15002] INFO  net.NetworkTopologyImpl (NetworkTopologyImpl.java:add(112)) - Added a new node: /default-rack/c45f7b2b-079b-4ce1-93e8-334248332cec
2023-06-23 00:37:31,475 [IPC Server handler 12 on default port 15002] INFO  node.SCMNodeManager (SCMNodeManager.java:register(406)) - Registered Data node : c45f7b2b-079b-4ce1-93e8-334248332cec{ip: 10.1.0.47, host: fv-az570-151.srgqcr2moziuvm0qev4lajleyh.dx.internal.cloudapp.net, ports: [HTTP=15063, CLIENT_RPC=15064, REPLICATION=15070, RATIS=15066, RATIS_ADMIN=15067, RATIS_SERVER=15068, RATIS_DATASTREAM=15069, STANDALONE=15065], networkLocation: /default-rack, certSerialId: null, persistedOpState: null, persistedOpStateExpiryEpochSec: 0}
2023-06-23 00:37:31,475 [EventQueue-NewNodeForNewNodeHandler] INFO  pipeline.BackgroundPipelineCreator (BackgroundPipelineCreator.java:notifyEventTriggered(276)) - trigger a one-shot run on RatisPipelineUtilsThread.
2023-06-23 00:37:31,475 [RatisPipelineUtilsThread - 0] INFO  pipeline.RatisPipelineProvider (RatisPipelineProvider.java:lambda$create$0(206)) - Sending CreatePipelineCommand for pipeline:PipelineID=983534e4-f3bd-4b6d-83b2-242d44b37e0a to datanode:c45f7b2b-079b-4ce1-93e8-334248332cec
2023-06-23 00:37:31,477 [RatisPipelineUtilsThread - 0] INFO  pipeline.PipelineStateManagerImpl (PipelineStateManagerImpl.java:addPipeline(103)) - Created pipeline Pipeline[ Id: 983534e4-f3bd-4b6d-83b2-242d44b37e0a, Nodes: c45f7b2b-079b-4ce1-93e8-334248332cec(fv-az570-151.srgqcr2moziuvm0qev4lajleyh.dx.internal.cloudapp.net/10.1.0.47), ReplicationConfig: RATIS/ONE, State:ALLOCATED, leaderId:, CreationTimestamp2023-06-23T00:37:31.475Z[Etc/UTC]].
2023-06-23 00:37:31,478 [RatisPipelineUtilsThread - 0] WARN  pipeline.PipelinePlacementPolicy (PipelinePlacementPolicy.java:filterViableNodes(166)) - Pipeline creation failed due to no sufficient healthy datanodes. Required 3. Found 1. Excluded 6.
2023-06-23 00:37:31,870 [main] INFO  ozone.MiniOzoneClusterImpl (MiniOzoneClusterImpl.java:lambda$waitForClusterToBeReady$0(224)) - Waiting for nodes to be ready. Got 7 of 10 DN Heartbeats.
2023-06-23 00:37:31,870 [main] INFO  ozone.MiniOzoneClusterImpl (MiniOzoneClusterImpl.java:lambda$waitForClusterToBeReady$0(227)) - Waiting for cluster to exit safe mode
2023-06-23 00:37:31,870 [main] INFO  ozone.MiniOzoneClusterImpl (MiniOzoneClusterImpl.java:lambda$waitForClusterToBeReady$0(229)) - SCM became leader
2023-06-23 00:37:31,990 [IPC Server handler 9 on default port 15002] INFO  net.NetworkTopologyImpl (NetworkTopologyImpl.java:add(112)) - Added a new node: /default-rack/cdb7ea93-9969-4a2d-8fff-2d6ab6bce964
2023-06-23 00:37:31,990 [IPC Server handler 9 on default port 15002] INFO  node.SCMNodeManager (SCMNodeManager.java:register(406)) - Registered Data node : cdb7ea93-9969-4a2d-8fff-2d6ab6bce964{ip: 10.1.0.47, host: fv-az570-151.srgqcr2moziuvm0qev4lajleyh.dx.internal.cloudapp.net, ports: [HTTP=15072, CLIENT_RPC=15073, REPLICATION=15079, RATIS=15075, RATIS_ADMIN=15076, RATIS_SERVER=15077, RATIS_DATASTREAM=15078, STANDALONE=15074], networkLocation: /default-rack, certSerialId: null, persistedOpState: null, persistedOpStateExpiryEpochSec: 0}
2023-06-23 00:37:31,991 [EventQueue-NewNodeForNewNodeHandler] INFO  pipeline.BackgroundPipelineCreator (BackgroundPipelineCreator.java:notifyEventTriggered(276)) - trigger a one-shot run on RatisPipelineUtilsThread.
2023-06-23 00:37:31,991 [RatisPipelineUtilsThread - 0] INFO  pipeline.RatisPipelineProvider (RatisPipelineProvider.java:lambda$create$0(206)) - Sending CreatePipelineCommand for pipeline:PipelineID=b9f80ebc-a812-4ffe-bf2e-3061db033648 to datanode:cdb7ea93-9969-4a2d-8fff-2d6ab6bce964
2023-06-23 00:37:31,993 [RatisPipelineUtilsThread - 0] INFO  pipeline.PipelineStateManagerImpl (PipelineStateManagerImpl.java:addPipeline(103)) - Created pipeline Pipeline[ Id: b9f80ebc-a812-4ffe-bf2e-3061db033648, Nodes: cdb7ea93-9969-4a2d-8fff-2d6ab6bce964(fv-az570-151.srgqcr2moziuvm0qev4lajleyh.dx.internal.cloudapp.net/10.1.0.47), ReplicationConfig: RATIS/ONE, State:ALLOCATED, leaderId:, CreationTimestamp2023-06-23T00:37:31.991Z[Etc/UTC]].
2023-06-23 00:37:31,993 [RatisPipelineUtilsThread - 0] WARN  pipeline.PipelinePlacementPolicy (PipelinePlacementPolicy.java:filterViableNodes(166)) - Pipeline creation failed due to no sufficient healthy datanodes. Required 3. Found 2. Excluded 6.
2023-06-23 00:37:32,362 [PipelineCommandHandlerThread-0] INFO  server.RaftServer (RaftServerProxy.java:addNew(98)) - 0748a88e-a458-4efc-a02e-125962a69d19: addNew group-9713468B702F:[0748a88e-a458-4efc-a02e-125962a69d19|rpc:10.1.0.47:15014|admin:10.1.0.47:15013|client:10.1.0.47:15012|dataStream:10.1.0.47:15015|priority:1|startupRole:FOLLOWER] returns group-9713468B702F:java.util.concurrent.CompletableFuture@25988754[Not completed]
2023-06-23 00:37:32,371 [0748a88e-a458-4efc-a02e-125962a69d19-groupManagement] INFO  server.RaftServer$Division (RaftServerImpl.java:<init>(198)) - 0748a88e-a458-4efc-a02e-125962a69d19: new RaftServerImpl for group-9713468B702F:[0748a88e-a458-4efc-a02e-125962a69d19|rpc:10.1.0.47:15014|admin:10.1.0.47:15013|client:10.1.0.47:15012|dataStream:10.1.0.47:15015|priority:1|startupRole:FOLLOWER] with ContainerStateMachine:uninitialized
2023-06-23 00:37:32,371 [0748a88e-a458-4efc-a02e-125962a69d19-groupManagement] INFO  server.RaftServerConfigKeys (ConfUtils.java:logGet(46)) - raft.server.rpc.timeout.min = 5s (custom)
2023-06-23 00:37:32,371 [0748a88e-a458-4efc-a02e-125962a69d19-groupManagement] INFO  server.RaftServerConfigKeys (ConfUtils.java:logGet(46)) - raft.server.rpc.timeout.max = 5200ms (custom)
2023-06-23 00:37:32,371 [0748a88e-a458-4efc-a02e-125962a69d19-groupManagement] INFO  server.RaftServerConfigKeys (ConfUtils.java:logGet(46)) - raft.server.rpc.sleep.time = 25ms (default)
2023-06-23 00:37:32,371 [0748a88e-a458-4efc-a02e-125962a69d19-groupManagement] INFO  server.RaftServerConfigKeys (ConfUtils.java:logGet(46)) - raft.server.rpc.slowness.timeout = 300s (custom)
2023-06-23 00:37:32,371 [0748a88e-a458-4efc-a02e-125962a69d19-groupManagement] INFO  server.RaftServerConfigKeys (ConfUtils.java:logGet(46)) - raft.server.leaderelection.leader.step-down.wait-time = 10s (default)
2023-06-23 00:37:32,371 [0748a88e-a458-4efc-a02e-125962a69d19-groupManagement] INFO  server.RaftServerConfigKeys (ConfUtils.java:logGet(46)) - raft.server.sleep.deviation.threshold = 300ms (default)
2023-06-23 00:37:32,371 [0748a88e-a458-4efc-a02e-125962a69d19-groupManagement] INFO  server.RaftServer$Division (ServerState.java:<init>(120)) - 0748a88e-a458-4efc-a02e-125962a69d19@group-9713468B702F: ConfigurationManager, init=-1: peers:[0748a88e-a458-4efc-a02e-125962a69d19|rpc:10.1.0.47:15014|admin:10.1.0.47:15013|client:10.1.0.47:15012|dataStream:10.1.0.47:15015|priority:1|startupRole:FOLLOWER]|listeners:[], old=null, confs=<EMPTY_MAP>
2023-06-23 00:37:32,371 [0748a88e-a458-4efc-a02e-125962a69d19-groupManagement] INFO  server.RaftServerConfigKeys (ConfUtils.java:logGet(46)) - raft.server.storage.dir = [/home/runner/work/ozone/ozone/hadoop-ozone/integration-test/target/test-dir/MiniOzoneClusterImpl-3c3985d8-3248-4f19-a32f-4442bec32466/datanode-0/data/ratis] (custom)
2023-06-23 00:37:32,371 [0748a88e-a458-4efc-a02e-125962a69d19-groupManagement] INFO  server.RaftServerConfigKeys (ConfUtils.java:logGet(46)) - raft.server.log.corruption.policy = EXCEPTION (default)
2023-06-23 00:37:32,371 [0748a88e-a458-4efc-a02e-125962a69d19-groupManagement] INFO  server.RaftServerConfigKeys (ConfUtils.java:logGet(46)) - raft.server.storage.free-space.min = 0MB (=0) (default)
2023-06-23 00:37:32,372 [0748a88e-a458-4efc-a02e-125962a69d19-groupManagement] INFO  server.RaftServerConfigKeys (ConfUtils.java:logGet(46)) - raft.server.notification.no-leader.timeout = 300s (custom)
2023-06-23 00:37:32,372 [0748a88e-a458-4efc-a02e-125962a69d19-groupManagement] INFO  server.RaftServerConfigKeys (ConfUtils.java:logGet(46)) - raft.server.read.timeout = 10s (default)
2023-06-23 00:37:32,374 [0748a88e-a458-4efc-a02e-125962a69d19-groupManagement] INFO  server.RaftServerConfigKeys (ConfUtils.java:logGet(46)) - raft.server.retrycache.expirytime = 600000ms (custom)
2023-06-23 00:37:32,374 [0748a88e-a458-4efc-a02e-125962a69d19-groupManagement] INFO  server.RaftServerConfigKeys (ConfUtils.java:logGet(46)) - raft.server.retrycache.statistics.expirytime = 100μs (default)
2023-06-23 00:37:32,374 [0748a88e-a458-4efc-a02e-125962a69d19-groupManagement] INFO  server.RaftServerConfigKeys (ConfUtils.java:logGet(46)) - raft.server.read.option = DEFAULT (default)
2023-06-23 00:37:32,377 [0748a88e-a458-4efc-a02e-125962a69d19-groupManagement] INFO  server.RaftServerConfigKeys (ConfUtils.java:logGet(46)) - raft.server.rpc.request.timeout = 60s (custom)
2023-06-23 00:37:32,377 [0748a88e-a458-4efc-a02e-125962a69d19-groupManagement] INFO  server.RaftServerConfigKeys (ConfUtils.java:logGet(46)) - raft.server.log.appender.install.snapshot.enabled = false (custom)
2023-06-23 00:37:32,377 [0748a88e-a458-4efc-a02e-125962a69d19-groupManagement] INFO  server.RaftServerConfigKeys (ConfUtils.java:logGet(46)) - raft.server.threadpool.server.cached = true (default)
2023-06-23 00:37:32,377 [0748a88e-a458-4efc-a02e-125962a69d19-groupManagement] INFO  server.RaftServerConfigKeys (ConfUtils.java:logGet(46)) - raft.server.threadpool.server.size = 0 (default)
2023-06-23 00:37:32,377 [0748a88e-a458-4efc-a02e-125962a69d19-groupManagement] INFO  server.RaftServerConfigKeys (ConfUtils.java:logGet(46)) - raft.server.threadpool.client.cached = true (default)
2023-06-23 00:37:32,377 [0748a88e-a458-4efc-a02e-125962a69d19-groupManagement] INFO  server.RaftServerConfigKeys (ConfUtils.java:logGet(46)) - raft.server.threadpool.client.size = 0 (default)
2023-06-23 00:37:32,377 [0748a88e-a458-4efc-a02e-125962a69d19-groupManagement] INFO  storage.RaftStorageDirectory (RaftStorageDirectoryImpl.java:analyzeStorage(137)) - The storage directory /home/runner/work/ozone/ozone/hadoop-ozone/integration-test/target/test-dir/MiniOzoneClusterImpl-3c3985d8-3248-4f19-a32f-4442bec32466/datanode-0/data/ratis/b6d2f952-61cc-4440-8ea5-9713468b702f does not exist. Creating ...
2023-06-23 00:37:32,379 [0748a88e-a458-4efc-a02e-125962a69d19-groupManagement] INFO  storage.RaftStorageDirectory (RaftStorageDirectoryImpl.java:tryLock(231)) - Lock on /home/runner/work/ozone/ozone/hadoop-ozone/integration-test/target/test-dir/MiniOzoneClusterImpl-3c3985d8-3248-4f19-a32f-4442bec32466/datanode-0/data/ratis/b6d2f952-61cc-4440-8ea5-9713468b702f/in_use.lock acquired by nodename 61456@fv-az570-151
2023-06-23 00:37:32,380 [0748a88e-a458-4efc-a02e-125962a69d19-groupManagement] INFO  storage.RaftStorage (RaftStorageImpl.java:format(96)) - Storage directory /home/runner/work/ozone/ozone/hadoop-ozone/integration-test/target/test-dir/MiniOzoneClusterImpl-3c3985d8-3248-4f19-a32f-4442bec32466/datanode-0/data/ratis/b6d2f952-61cc-4440-8ea5-9713468b702f has been successfully formatted.
2023-06-23 00:37:32,386 [0748a88e-a458-4efc-a02e-125962a69d19-groupManagement] INFO  ratis.ContainerStateMachine (ContainerStateMachine.java:loadSnapshot(262)) - group-9713468B702F: The snapshot info is null. Setting the last applied indexto:(t:0, i:~)
2023-06-23 00:37:32,386 [0748a88e-a458-4efc-a02e-125962a69d19-groupManagement] INFO  server.RaftServerConfigKeys (ConfUtils.java:logGet(46)) - raft.server.log.use.memory = false (default)
2023-06-23 00:37:32,386 [0748a88e-a458-4efc-a02e-125962a69d19-groupManagement] INFO  server.RaftServerConfigKeys (ConfUtils.java:logGet(46)) - raft.server.log.purge.gap = 1000000 (custom)
2023-06-23 00:37:32,386 [0748a88e-a458-4efc-a02e-125962a69d19-groupManagement] INFO  server.RaftServerConfigKeys (ConfUtils.java:logGet(46)) - raft.server.log.appender.buffer.byte-limit = 33554432 (custom)
2023-06-23 00:37:32,386 [0748a88e-a458-4efc-a02e-125962a69d19-groupManagement] INFO  server.RaftServerConfigKeys (ConfUtils.java:logGet(46)) - raft.server.log.statemachine.data.read.timeout = 1000ms (default)
2023-06-23 00:37:32,386 [0748a88e-a458-4efc-a02e-125962a69d19-groupManagement] INFO  server.RaftServerConfigKeys (ConfUtils.java:logGet(46)) - raft.server.log.purge.preservation.log.num = 0 (default)
2023-06-23 00:37:32,387 [0748a88e-a458-4efc-a02e-125962a69d19-groupManagement] INFO  server.RaftServerConfigKeys (ConfUtils.java:logGet(46)) - raft.server.log.segment.size.max = 1048576 (custom)
2023-06-23 00:37:32,398 [IPC Server handler 13 on default port 15002] INFO  net.NetworkTopologyImpl (NetworkTopologyImpl.java:add(112)) - Added a new node: /default-rack/f07173a4-652e-46dc-b7ae-8cd05d01b793
2023-06-23 00:37:32,398 [IPC Server handler 13 on default port 15002] INFO  node.SCMNodeManager (SCMNodeManager.java:register(406)) - Registered Data node : f07173a4-652e-46dc-b7ae-8cd05d01b793{ip: 10.1.0.47, host: fv-az570-151.srgqcr2moziuvm0qev4lajleyh.dx.internal.cloudapp.net, ports: [HTTP=15081, CLIENT_RPC=15082, REPLICATION=15088, RATIS=15084, RATIS_ADMIN=15085, RATIS_SERVER=15086, RATIS_DATASTREAM=15087, STANDALONE=15083], networkLocation: /default-rack, certSerialId: null, persistedOpState: null, persistedOpStateExpiryEpochSec: 0}
2023-06-23 00:37:32,399 [EventQueue-NewNodeForNewNodeHandler] INFO  pipeline.BackgroundPipelineCreator (BackgroundPipelineCreator.java:notifyEventTriggered(276)) - trigger a one-shot run on RatisPipelineUtilsThread.
2023-06-23 00:37:32,399 [RatisPipelineUtilsThread - 0] INFO  pipeline.RatisPipelineProvider (RatisPipelineProvider.java:lambda$create$0(206)) - Sending CreatePipelineCommand for pipeline:PipelineID=c862ea4b-dbf2-4c92-90ed-3089932c8bf3 to datanode:f07173a4-652e-46dc-b7ae-8cd05d01b793
2023-06-23 00:37:32,403 [RatisPipelineUtilsThread - 0] INFO  pipeline.PipelineStateManagerImpl (PipelineStateManagerImpl.java:addPipeline(103)) - Created pipeline Pipeline[ Id: c862ea4b-dbf2-4c92-90ed-3089932c8bf3, Nodes: f07173a4-652e-46dc-b7ae-8cd05d01b793(fv-az570-151.srgqcr2moziuvm0qev4lajleyh.dx.internal.cloudapp.net/10.1.0.47), ReplicationConfig: RATIS/ONE, State:ALLOCATED, leaderId:, CreationTimestamp2023-06-23T00:37:32.399Z[Etc/UTC]].
2023-06-23 00:37:32,404 [RatisPipelineUtilsThread - 0] INFO  pipeline.RatisPipelineProvider (RatisPipelineProvider.java:lambda$create$0(206)) - Sending CreatePipelineCommand for pipeline:PipelineID=f4db28d3-ab76-4b3a-8fe3-6b7fbd454e14 to datanode:c45f7b2b-079b-4ce1-93e8-334248332cec
2023-06-23 00:37:32,404 [RatisPipelineUtilsThread - 0] INFO  pipeline.RatisPipelineProvider (RatisPipelineProvider.java:lambda$create$0(206)) - Sending CreatePipelineCommand for pipeline:PipelineID=f4db28d3-ab76-4b3a-8fe3-6b7fbd454e14 to datanode:cdb7ea93-9969-4a2d-8fff-2d6ab6bce964
2023-06-23 00:37:32,404 [RatisPipelineUtilsThread - 0] INFO  pipeline.RatisPipelineProvider (RatisPipelineProvider.java:lambda$create$0(206)) - Sending CreatePipelineCommand for pipeline:PipelineID=f4db28d3-ab76-4b3a-8fe3-6b7fbd454e14 to datanode:f07173a4-652e-46dc-b7ae-8cd05d01b793
2023-06-23 00:37:32,400 [0748a88e-a458-4efc-a02e-125962a69d19-groupManagement] INFO  server.RaftServerConfigKeys (ConfUtils.java:logGet(46)) - raft.server.log.segment.cache.num.max = 2 (custom)
2023-06-23 00:37:32,404 [0748a88e-a458-4efc-a02e-125962a69d19-groupManagement] INFO  server.RaftServerConfigKeys (ConfUtils.java:logGet(46)) - raft.server.log.segment.cache.size.max = 200MB (=209715200) (default)
2023-06-23 00:37:32,404 [0748a88e-a458-4efc-a02e-125962a69d19-groupManagement] INFO  server.RaftServerConfigKeys (ConfUtils.java:logGet(46)) - raft.server.log.appender.buffer.byte-limit = 33554432 (custom)
2023-06-23 00:37:32,404 [RatisPipelineUtilsThread - 0] INFO  pipeline.PipelineStateManagerImpl (PipelineStateManagerImpl.java:addPipeline(103)) - Created pipeline Pipeline[ Id: f4db28d3-ab76-4b3a-8fe3-6b7fbd454e14, Nodes: c45f7b2b-079b-4ce1-93e8-334248332cec(fv-az570-151.srgqcr2moziuvm0qev4lajleyh.dx.internal.cloudapp.net/10.1.0.47)cdb7ea93-9969-4a2d-8fff-2d6ab6bce964(fv-az570-151.srgqcr2moziuvm0qev4lajleyh.dx.internal.cloudapp.net/10.1.0.47)f07173a4-652e-46dc-b7ae-8cd05d01b793(fv-az570-151.srgqcr2moziuvm0qev4lajleyh.dx.internal.cloudapp.net/10.1.0.47), ReplicationConfig: RATIS/THREE, State:ALLOCATED, leaderId:, CreationTimestamp2023-06-23T00:37:32.404Z[Etc/UTC]].
2023-06-23 00:37:32,404 [0748a88e-a458-4efc-a02e-125962a69d19-groupManagement] INFO  segmented.SegmentedRaftLogWorker (SegmentedRaftLogWorker.java:<init>(188)) - new 0748a88e-a458-4efc-a02e-125962a69d19@group-9713468B702F-SegmentedRaftLogWorker for RaftStorageImpl:Storage Directory /home/runner/work/ozone/ozone/hadoop-ozone/integration-test/target/test-dir/MiniOzoneClusterImpl-3c3985d8-3248-4f19-a32f-4442bec32466/datanode-0/data/ratis/b6d2f952-61cc-4440-8ea5-9713468b702f
2023-06-23 00:37:32,405 [0748a88e-a458-4efc-a02e-125962a69d19-groupManagement] INFO  server.RaftServerConfigKeys (ConfUtils.java:logGet(46)) - raft.server.log.queue.byte-limit = 4294967296 (custom)
2023-06-23 00:37:32,405 [0748a88e-a458-4efc-a02e-125962a69d19-groupManagement] INFO  server.RaftServerConfigKeys (ConfUtils.java:logGet(46)) - raft.server.log.queue.element-limit = 1024 (custom)
2023-06-23 00:37:32,405 [0748a88e-a458-4efc-a02e-125962a69d19-groupManagement] INFO  server.RaftServerConfigKeys (ConfUtils.java:logGet(46)) - raft.server.log.segment.size.max = 1048576 (custom)
2023-06-23 00:37:32,405 [0748a88e-a458-4efc-a02e-125962a69d19-groupManagement] INFO  server.RaftServerConfigKeys (ConfUtils.java:logGet(46)) - raft.server.log.preallocated.size = 16384 (custom)
2023-06-23 00:37:32,405 [0748a88e-a458-4efc-a02e-125962a69d19-groupManagement] INFO  server.RaftServerConfigKeys (ConfUtils.java:logGet(46)) - raft.server.log.force.sync.num = 128 (default)
2023-06-23 00:37:32,405 [0748a88e-a458-4efc-a02e-125962a69d19-groupManagement] INFO  server.RaftServerConfigKeys (ConfUtils.java:logGet(46)) - raft.server.log.statemachine.data.sync = true (default)
2023-06-23 00:37:32,405 [0748a88e-a458-4efc-a02e-125962a69d19-groupManagement] INFO  server.RaftServerConfigKeys (ConfUtils.java:logGet(46)) - raft.server.log.statemachine.data.sync.timeout = 10s (default)
2023-06-23 00:37:32,405 [0748a88e-a458-4efc-a02e-125962a69d19-groupManagement] INFO  server.RaftServerConfigKeys (ConfUtils.java:logGet(46)) - raft.server.log.statemachine.data.sync.timeout.retry = -1 (default)
2023-06-23 00:37:32,405 [RatisPipelineUtilsThread - 0] INFO  pipeline.RatisPipelineProvider (RatisPipelineProvider.java:lambda$create$0(206)) - Sending CreatePipelineCommand for pipeline:PipelineID=ec9bc32f-eebc-47f0-85b8-75e033552230 to datanode:f07173a4-652e-46dc-b7ae-8cd05d01b793
2023-06-23 00:37:32,407 [RatisPipelineUtilsThread - 0] INFO  pipeline.RatisPipelineProvider (RatisPipelineProvider.java:lambda$create$0(206)) - Sending CreatePipelineCommand for pipeline:PipelineID=ec9bc32f-eebc-47f0-85b8-75e033552230 to datanode:c45f7b2b-079b-4ce1-93e8-334248332cec
2023-06-23 00:37:32,407 [RatisPipelineUtilsThread - 0] INFO  pipeline.RatisPipelineProvider (RatisPipelineProvider.java:lambda$create$0(206)) - Sending CreatePipelineCommand for pipeline:PipelineID=ec9bc32f-eebc-47f0-85b8-75e033552230 to datanode:cdb7ea93-9969-4a2d-8fff-2d6ab6bce964
2023-06-23 00:37:32,410 [RatisPipelineUtilsThread - 0] INFO  pipeline.PipelineStateManagerImpl (PipelineStateManagerImpl.java:addPipeline(103)) - Created pipeline Pipeline[ Id: ec9bc32f-eebc-47f0-85b8-75e033552230, Nodes: f07173a4-652e-46dc-b7ae-8cd05d01b793(fv-az570-151.srgqcr2moziuvm0qev4lajleyh.dx.internal.cloudapp.net/10.1.0.47)c45f7b2b-079b-4ce1-93e8-334248332cec(fv-az570-151.srgqcr2moziuvm0qev4lajleyh.dx.internal.cloudapp.net/10.1.0.47)cdb7ea93-9969-4a2d-8fff-2d6ab6bce964(fv-az570-151.srgqcr2moziuvm0qev4lajleyh.dx.internal.cloudapp.net/10.1.0.47), ReplicationConfig: RATIS/THREE, State:ALLOCATED, leaderId:, CreationTimestamp2023-06-23T00:37:32.405Z[Etc/UTC]].
2023-06-23 00:37:32,411 [RatisPipelineUtilsThread - 0] INFO  pipeline.PipelineManagerImpl (PipelineManagerImpl.java:recordMetricsForPipeline(826)) - Pipeline: PipelineID=ec9bc32f-eebc-47f0-85b8-75e033552230 contains same datanodes as previous pipelines: PipelineID=f4db28d3-ab76-4b3a-8fe3-6b7fbd454e14 nodeIds: f07173a4-652e-46dc-b7ae-8cd05d01b793, c45f7b2b-079b-4ce1-93e8-334248332cec, cdb7ea93-9969-4a2d-8fff-2d6ab6bce964
2023-06-23 00:37:32,411 [RatisPipelineUtilsThread - 0] WARN  pipeline.PipelinePlacementPolicy (PipelinePlacementPolicy.java:filterViableNodes(166)) - Pipeline creation failed due to no sufficient healthy datanodes. Required 3. Found 0. Excluded 9.
2023-06-23 00:37:32,412 [0748a88e-a458-4efc-a02e-125962a69d19-groupManagement] INFO  server.RaftServerConfigKeys (ConfUtils.java:logGet(46)) - raft.server.log.write.buffer.size = 1048576 (custom)
2023-06-23 00:37:32,413 [0748a88e-a458-4efc-a02e-125962a69d19-groupManagement] INFO  server.RaftServerConfigKeys (ConfUtils.java:logGet(46)) - raft.server.log.appender.buffer.byte-limit = 33554432 (custom)
2023-06-23 00:37:32,419 [0748a88e-a458-4efc-a02e-125962a69d19-groupManagement] INFO  server.RaftServerConfigKeys (ConfUtils.java:logGet(46)) - raft.server.log.unsafe-flush.enabled = false (default)
2023-06-23 00:37:32,419 [0748a88e-a458-4efc-a02e-125962a69d19-groupManagement] INFO  server.RaftServerConfigKeys (ConfUtils.java:logGet(46)) - raft.server.log.async-flush.enabled = false (default)
2023-06-23 00:37:32,419 [0748a88e-a458-4efc-a02e-125962a69d19-groupManagement] INFO  server.RaftServerConfigKeys (ConfUtils.java:logGet(46)) - raft.server.log.statemachine.data.caching.enabled = true (custom)
2023-06-23 00:37:32,419 [0748a88e-a458-4efc-a02e-125962a69d19-groupManagement] INFO  segmented.SegmentedRaftLogWorker (SegmentedRaftLogWorker.java:lambda$new$0(135)) - 0748a88e-a458-4efc-a02e-125962a69d19@group-9713468B702F-SegmentedRaftLogWorker: flushIndex: setUnconditionally 0 -> -1
2023-06-23 00:37:32,419 [0748a88e-a458-4efc-a02e-125962a69d19-groupManagement] INFO  segmented.SegmentedRaftLogWorker (SegmentedRaftLogWorker.java:lambda$new$0(135)) - 0748a88e-a458-4efc-a02e-125962a69d19@group-9713468B702F-SegmentedRaftLogWorker: safeCacheEvictIndex: setUnconditionally 0 -> -1
2023-06-23 00:37:32,420 [EventQueue-PipelineReportForPipelineReportHandler] INFO  pipeline.PipelineManagerImpl (PipelineManagerImpl.java:openPipeline(367)) - Pipeline Pipeline[ Id: b6d2f952-61cc-4440-8ea5-9713468b702f, Nodes: 0748a88e-a458-4efc-a02e-125962a69d19(fv-az570-151.srgqcr2moziuvm0qev4lajleyh.dx.internal.cloudapp.net/10.1.0.47), ReplicationConfig: RATIS/ONE, State:ALLOCATED, leaderId:0748a88e-a458-4efc-a02e-125962a69d19, CreationTimestamp2023-06-23T00:37:29.377Z[Etc/UTC]] moved to OPEN state
2023-06-23 00:37:32,426 [0748a88e-a458-4efc-a02e-125962a69d19-groupManagement] INFO  server.RaftServer$Division (RaftServerImpl.java:start(342)) - 0748a88e-a458-4efc-a02e-125962a69d19@group-9713468B702F: start as a follower, conf=-1: peers:[0748a88e-a458-4efc-a02e-125962a69d19|rpc:10.1.0.47:15014|admin:10.1.0.47:15013|client:10.1.0.47:15012|dataStream:10.1.0.47:15015|priority:1|startupRole:FOLLOWER]|listeners:[], old=null
2023-06-23 00:37:32,427 [0748a88e-a458-4efc-a02e-125962a69d19-groupManagement] INFO  server.RaftServer$Division (RaftServerImpl.java:setRole(329)) - 0748a88e-a458-4efc-a02e-125962a69d19@group-9713468B702F: changes role from      null to FOLLOWER at term 0 for startAsFollower
2023-06-23 00:37:32,427 [0748a88e-a458-4efc-a02e-125962a69d19-groupManagement] INFO  impl.RoleInfo (RoleInfo.java:updateAndGet(139)) - 0748a88e-a458-4efc-a02e-125962a69d19: start 0748a88e-a458-4efc-a02e-125962a69d19@group-9713468B702F-FollowerState
2023-06-23 00:37:32,427 [0748a88e-a458-4efc-a02e-125962a69d19-groupManagement] INFO  util.JmxRegister (JmxRegister.java:tryRegister(44)) - Successfully registered JMX Bean with object name Ratis:service=RaftServer,group=group-9713468B702F,id=0748a88e-a458-4efc-a02e-125962a69d19
2023-06-23 00:37:32,427 [0748a88e-a458-4efc-a02e-125962a69d19-groupManagement] INFO  server.RaftServerConfigKeys (ConfUtils.java:logGet(46)) - raft.server.snapshot.auto.trigger.enabled = true (custom)
2023-06-23 00:37:32,427 [0748a88e-a458-4efc-a02e-125962a69d19-groupManagement] INFO  server.RaftServerConfigKeys (ConfUtils.java:logGet(46)) - raft.server.snapshot.auto.trigger.threshold = 10000 (custom)
2023-06-23 00:37:32,427 [0748a88e-a458-4efc-a02e-125962a69d19-groupManagement] INFO  server.RaftServerConfigKeys (ConfUtils.java:logGet(46)) - raft.server.snapshot.retention.file.num = 5 (custom)
2023-06-23 00:37:32,427 [0748a88e-a458-4efc-a02e-125962a69d19-groupManagement] INFO  server.RaftServerConfigKeys (ConfUtils.java:logGet(46)) - raft.server.log.purge.upto.snapshot.index = false (default)
2023-06-23 00:37:32,428 [0748a88e-a458-4efc-a02e-125962a69d19@group-9713468B702F-FollowerState] INFO  server.RaftServerConfigKeys (ConfUtils.java:logFallback(53)) - raft.server.rpc.first-election.timeout.min = 5s (fallback to raft.server.rpc.timeout.min)
2023-06-23 00:37:32,428 [0748a88e-a458-4efc-a02e-125962a69d19@group-9713468B702F-FollowerState] INFO  server.RaftServerConfigKeys (ConfUtils.java:logFallback(53)) - raft.server.rpc.first-election.timeout.max = 5200ms (fallback to raft.server.rpc.timeout.max)
2023-06-23 00:37:32,432 [EventQueue-OpenPipelineForHealthyPipelineSafeModeRule] INFO  safemode.SCMSafeModeManager (HealthyPipelineSafeModeRule.java:process(137)) - SCM in safe mode. Healthy pipelines reported count is 0, required healthy pipeline reported count is 1
2023-06-23 00:37:32,438 [PipelineCommandHandlerThread-0] INFO  ratis.XceiverServerRatis (XceiverServerRatis.java:addGroup(804)) - Created group PipelineID=b6d2f952-61cc-4440-8ea5-9713468b702f
2023-06-23 00:37:32,438 [PipelineCommandHandlerThread-0] INFO  commandhandler.CreatePipelineCommandHandler (CreatePipelineCommandHandler.java:lambda$handle$2(124)) - Created Pipeline RATIS ONE PipelineID=b6d2f952-61cc-4440-8ea5-9713468b702f.
2023-06-23 00:37:32,439 [PipelineCommandHandlerThread-0] INFO  server.RaftServer (RaftServerProxy.java:addNew(98)) - 0748a88e-a458-4efc-a02e-125962a69d19: addNew group-8BFADAF7E580:[59e05457-4658-4a4f-b6c2-3fec945af00c|rpc:10.1.0.47:15023|admin:10.1.0.47:15022|client:10.1.0.47:15021|dataStream:10.1.0.47:15024|priority:0|startupRole:FOLLOWER, 0748a88e-a458-4efc-a02e-125962a69d19|rpc:10.1.0.47:15014|admin:10.1.0.47:15013|client:10.1.0.47:15012|dataStream:10.1.0.47:15015|priority:0|startupRole:FOLLOWER, b858c729-efcc-4161-8033-8241e78cf6c6|rpc:10.1.0.47:15032|admin:10.1.0.47:15031|client:10.1.0.47:15030|dataStream:10.1.0.47:15033|priority:1|startupRole:FOLLOWER] returns group-8BFADAF7E580:java.util.concurrent.CompletableFuture@feaceda[Not completed]
2023-06-23 00:37:32,440 [0748a88e-a458-4efc-a02e-125962a69d19-groupManagement] INFO  server.RaftServer$Division (RaftServerImpl.java:<init>(198)) - 0748a88e-a458-4efc-a02e-125962a69d19: new RaftServerImpl for group-8BFADAF7E580:[59e05457-4658-4a4f-b6c2-3fec945af00c|rpc:10.1.0.47:15023|admin:10.1.0.47:15022|client:10.1.0.47:15021|dataStream:10.1.0.47:15024|priority:0|startupRole:FOLLOWER, 0748a88e-a458-4efc-a02e-125962a69d19|rpc:10.1.0.47:15014|admin:10.1.0.47:15013|client:10.1.0.47:15012|dataStream:10.1.0.47:15015|priority:0|startupRole:FOLLOWER, b858c729-efcc-4161-8033-8241e78cf6c6|rpc:10.1.0.47:15032|admin:10.1.0.47:15031|client:10.1.0.47:15030|dataStream:10.1.0.47:15033|priority:1|startupRole:FOLLOWER] with ContainerStateMachine:uninitialized
2023-06-23 00:37:32,440 [0748a88e-a458-4efc-a02e-125962a69d19-groupManagement] INFO  server.RaftServerConfigKeys (ConfUtils.java:logGet(46)) - raft.server.rpc.timeout.min = 5s (custom)
2023-06-23 00:37:32,440 [0748a88e-a458-4efc-a02e-125962a69d19-groupManagement] INFO  server.RaftServerConfigKeys (ConfUtils.java:logGet(46)) - raft.server.rpc.timeout.max = 5200ms (custom)
2023-06-23 00:37:32,440 [0748a88e-a458-4efc-a02e-125962a69d19-groupManagement] INFO  server.RaftServerConfigKeys (ConfUtils.java:logGet(46)) - raft.server.rpc.sleep.time = 25ms (default)
2023-06-23 00:37:32,440 [0748a88e-a458-4efc-a02e-125962a69d19-groupManagement] INFO  server.RaftServerConfigKeys (ConfUtils.java:logGet(46)) - raft.server.rpc.slowness.timeout = 300s (custom)
2023-06-23 00:37:32,440 [0748a88e-a458-4efc-a02e-125962a69d19-groupManagement] INFO  server.RaftServerConfigKeys (ConfUtils.java:logGet(46)) - raft.server.leaderelection.leader.step-down.wait-time = 10s (default)
2023-06-23 00:37:32,440 [0748a88e-a458-4efc-a02e-125962a69d19-groupManagement] INFO  server.RaftServerConfigKeys (ConfUtils.java:logGet(46)) - raft.server.sleep.deviation.threshold = 300ms (default)
2023-06-23 00:37:32,440 [0748a88e-a458-4efc-a02e-125962a69d19-groupManagement] INFO  server.RaftServer$Division (ServerState.java:<init>(120)) - 0748a88e-a458-4efc-a02e-125962a69d19@group-8BFADAF7E580: ConfigurationManager, init=-1: peers:[59e05457-4658-4a4f-b6c2-3fec945af00c|rpc:10.1.0.47:15023|admin:10.1.0.47:15022|client:10.1.0.47:15021|dataStream:10.1.0.47:15024|priority:0|startupRole:FOLLOWER, 0748a88e-a458-4efc-a02e-125962a69d19|rpc:10.1.0.47:15014|admin:10.1.0.47:15013|client:10.1.0.47:15012|dataStream:10.1.0.47:15015|priority:0|startupRole:FOLLOWER, b858c729-efcc-4161-8033-8241e78cf6c6|rpc:10.1.0.47:15032|admin:10.1.0.47:15031|client:10.1.0.47:15030|dataStream:10.1.0.47:15033|priority:1|startupRole:FOLLOWER]|listeners:[], old=null, confs=<EMPTY_MAP>
2023-06-23 00:37:32,440 [0748a88e-a458-4efc-a02e-125962a69d19-groupManagement] INFO  server.RaftServerConfigKeys (ConfUtils.java:logGet(46)) - raft.server.storage.dir = [/home/runner/work/ozone/ozone/hadoop-ozone/integration-test/target/test-dir/MiniOzoneClusterImpl-3c3985d8-3248-4f19-a32f-4442bec32466/datanode-0/data/ratis] (custom)
2023-06-23 00:37:32,440 [0748a88e-a458-4efc-a02e-125962a69d19-groupManagement] INFO  server.RaftServerConfigKeys (ConfUtils.java:logGet(46)) - raft.server.log.corruption.policy = EXCEPTION (default)
2023-06-23 00:37:32,441 [0748a88e-a458-4efc-a02e-125962a69d19-groupManagement] INFO  server.RaftServerConfigKeys (ConfUtils.java:logGet(46)) - raft.server.storage.free-space.min = 0MB (=0) (default)
2023-06-23 00:37:32,441 [0748a88e-a458-4efc-a02e-125962a69d19-groupManagement] INFO  server.RaftServerConfigKeys (ConfUtils.java:logGet(46)) - raft.server.notification.no-leader.timeout = 300s (custom)
2023-06-23 00:37:32,441 [0748a88e-a458-4efc-a02e-125962a69d19-groupManagement] INFO  server.RaftServerConfigKeys (ConfUtils.java:logGet(46)) - raft.server.read.timeout = 10s (default)
2023-06-23 00:37:32,441 [0748a88e-a458-4efc-a02e-125962a69d19-groupManagement] INFO  server.RaftServerConfigKeys (ConfUtils.java:logGet(46)) - raft.server.retrycache.expirytime = 600000ms (custom)
2023-06-23 00:37:32,441 [0748a88e-a458-4efc-a02e-125962a69d19-groupManagement] INFO  server.RaftServerConfigKeys (ConfUtils.java:logGet(46)) - raft.server.retrycache.statistics.expirytime = 100μs (default)
2023-06-23 00:37:32,441 [0748a88e-a458-4efc-a02e-125962a69d19-groupManagement] INFO  server.RaftServerConfigKeys (ConfUtils.java:logGet(46)) - raft.server.read.option = DEFAULT (default)
2023-06-23 00:37:32,443 [0748a88e-a458-4efc-a02e-125962a69d19-groupManagement] INFO  server.RaftServerConfigKeys (ConfUtils.java:logGet(46)) - raft.server.rpc.request.timeout = 60s (custom)
2023-06-23 00:37:32,443 [0748a88e-a458-4efc-a02e-125962a69d19-groupManagement] INFO  server.RaftServerConfigKeys (ConfUtils.java:logGet(46)) - raft.server.log.appender.install.snapshot.enabled = false (custom)
2023-06-23 00:37:32,443 [0748a88e-a458-4efc-a02e-125962a69d19-groupManagement] INFO  server.RaftServerConfigKeys (ConfUtils.java:logGet(46)) - raft.server.threadpool.server.cached = true (default)
2023-06-23 00:37:32,443 [0748a88e-a458-4efc-a02e-125962a69d19-groupManagement] INFO  server.RaftServerConfigKeys (ConfUtils.java:logGet(46)) - raft.server.threadpool.server.size = 0 (default)
2023-06-23 00:37:32,444 [0748a88e-a458-4efc-a02e-125962a69d19-groupManagement] INFO  server.RaftServerConfigKeys (ConfUtils.java:logGet(46)) - raft.server.threadpool.client.cached = true (default)
2023-06-23 00:37:32,444 [0748a88e-a458-4efc-a02e-125962a69d19-groupManagement] INFO  server.RaftServerConfigKeys (ConfUtils.java:logGet(46)) - raft.server.threadpool.client.size = 0 (default)
2023-06-23 00:37:32,444 [0748a88e-a458-4efc-a02e-125962a69d19-groupManagement] INFO  storage.RaftStorageDirectory (RaftStorageDirectoryImpl.java:analyzeStorage(137)) - The storage directory /home/runner/work/ozone/ozone/hadoop-ozone/integration-test/target/test-dir/MiniOzoneClusterImpl-3c3985d8-3248-4f19-a32f-4442bec32466/datanode-0/data/ratis/4ba6b6c0-3b37-41b9-b67d-8bfadaf7e580 does not exist. Creating ...
2023-06-23 00:37:32,445 [0748a88e-a458-4efc-a02e-125962a69d19-groupManagement] INFO  storage.RaftStorageDirectory (RaftStorageDirectoryImpl.java:tryLock(231)) - Lock on /home/runner/work/ozone/ozone/hadoop-ozone/integration-test/target/test-dir/MiniOzoneClusterImpl-3c3985d8-3248-4f19-a32f-4442bec32466/datanode-0/data/ratis/4ba6b6c0-3b37-41b9-b67d-8bfadaf7e580/in_use.lock acquired by nodename 61456@fv-az570-151
2023-06-23 00:37:32,446 [0748a88e-a458-4efc-a02e-125962a69d19-groupManagement] INFO  storage.RaftStorage (RaftStorageImpl.java:format(96)) - Storage directory /home/runner/work/ozone/ozone/hadoop-ozone/integration-test/target/test-dir/MiniOzoneClusterImpl-3c3985d8-3248-4f19-a32f-4442bec32466/datanode-0/data/ratis/4ba6b6c0-3b37-41b9-b67d-8bfadaf7e580 has been successfully formatted.
2023-06-23 00:37:32,446 [0748a88e-a458-4efc-a02e-125962a69d19-groupManagement] INFO  ratis.ContainerStateMachine (ContainerStateMachine.java:loadSnapshot(262)) - group-8BFADAF7E580: The snapshot info is null. Setting the last applied indexto:(t:0, i:~)
2023-06-23 00:37:32,447 [0748a88e-a458-4efc-a02e-125962a69d19-groupManagement] INFO  server.RaftServerConfigKeys (ConfUtils.java:logGet(46)) - raft.server.log.use.memory = false (default)
2023-06-23 00:37:32,449 [EventQueue-OpenPipelineForHealthyPipelineSafeModeRule] INFO  safemode.SCMSafeModeManager (HealthyPipelineSafeModeRule.java:process(137)) - SCM in safe mode. Healthy pipelines reported count is 0, required healthy pipeline reported count is 1
2023-06-23 00:37:32,450 [0748a88e-a458-4efc-a02e-125962a69d19-groupManagement] INFO  server.RaftServerConfigKeys (ConfUtils.java:logGet(46)) - raft.server.log.purge.gap = 1000000 (custom)
2023-06-23 00:37:32,450 [0748a88e-a458-4efc-a02e-125962a69d19-groupManagement] INFO  server.RaftServerConfigKeys (ConfUtils.java:logGet(46)) - raft.server.log.appender.buffer.byte-limit = 33554432 (custom)
2023-06-23 00:37:32,450 [0748a88e-a458-4efc-a02e-125962a69d19-groupManagement] INFO  server.RaftServerConfigKeys (ConfUtils.java:logGet(46)) - raft.server.log.statemachine.data.read.timeout = 1000ms (default)
2023-06-23 00:37:32,450 [0748a88e-a458-4efc-a02e-125962a69d19-groupManagement] INFO  server.RaftServerConfigKeys (ConfUtils.java:logGet(46)) - raft.server.log.purge.preservation.log.num = 0 (default)
2023-06-23 00:37:32,453 [0748a88e-a458-4efc-a02e-125962a69d19-groupManagement] INFO  server.RaftServerConfigKeys (ConfUtils.java:logGet(46)) - raft.server.log.segment.size.max = 1048576 (custom)
2023-06-23 00:37:32,454 [0748a88e-a458-4efc-a02e-125962a69d19-groupManagement] INFO  server.RaftServerConfigKeys (ConfUtils.java:logGet(46)) - raft.server.log.segment.cache.num.max = 2 (custom)
2023-06-23 00:37:32,454 [0748a88e-a458-4efc-a02e-125962a69d19-groupManagement] INFO  server.RaftServerConfigKeys (ConfUtils.java:logGet(46)) - raft.server.log.segment.cache.size.max = 200MB (=209715200) (default)
2023-06-23 00:37:32,454 [0748a88e-a458-4efc-a02e-125962a69d19-groupManagement] INFO  server.RaftServerConfigKeys (ConfUtils.java:logGet(46)) - raft.server.log.appender.buffer.byte-limit = 33554432 (custom)
2023-06-23 00:37:32,454 [0748a88e-a458-4efc-a02e-125962a69d19-groupManagement] INFO  segmented.SegmentedRaftLogWorker (SegmentedRaftLogWorker.java:<init>(188)) - new 0748a88e-a458-4efc-a02e-125962a69d19@group-8BFADAF7E580-SegmentedRaftLogWorker for RaftStorageImpl:Storage Directory /home/runner/work/ozone/ozone/hadoop-ozone/integration-test/target/test-dir/MiniOzoneClusterImpl-3c3985d8-3248-4f19-a32f-4442bec32466/datanode-0/data/ratis/4ba6b6c0-3b37-41b9-b67d-8bfadaf7e580
2023-06-23 00:37:32,454 [0748a88e-a458-4efc-a02e-125962a69d19-groupManagement] INFO  server.RaftServerConfigKeys (ConfUtils.java:logGet(46)) - raft.server.log.queue.byte-limit = 4294967296 (custom)
2023-06-23 00:37:32,454 [0748a88e-a458-4efc-a02e-125962a69d19-groupManagement] INFO  server.RaftServerConfigKeys (ConfUtils.java:logGet(46)) - raft.server.log.queue.element-limit = 1024 (custom)
2023-06-23 00:37:32,454 [0748a88e-a458-4efc-a02e-125962a69d19-groupManagement] INFO  server.RaftServerConfigKeys (ConfUtils.java:logGet(46)) - raft.server.log.segment.size.max = 1048576 (custom)
2023-06-23 00:37:32,454 [0748a88e-a458-4efc-a02e-125962a69d19-groupManagement] INFO  server.RaftServerConfigKeys (ConfUtils.java:logGet(46)) - raft.server.log.preallocated.size = 16384 (custom)
2023-06-23 00:37:32,454 [0748a88e-a458-4efc-a02e-125962a69d19-groupManagement] INFO  server.RaftServerConfigKeys (ConfUtils.java:logGet(46)) - raft.server.log.force.sync.num = 128 (default)
2023-06-23 00:37:32,454 [0748a88e-a458-4efc-a02e-125962a69d19-groupManagement] INFO  server.RaftServerConfigKeys (ConfUtils.java:logGet(46)) - raft.server.log.statemachine.data.sync = true (default)
2023-06-23 00:37:32,454 [0748a88e-a458-4efc-a02e-125962a69d19-groupManagement] INFO  server.RaftServerConfigKeys (ConfUtils.java:logGet(46)) - raft.server.log.statemachine.data.sync.timeout = 10s (default)
2023-06-23 00:37:32,455 [0748a88e-a458-4efc-a02e-125962a69d19-groupManagement] INFO  server.RaftServerConfigKeys (ConfUtils.java:logGet(46)) - raft.server.log.statemachine.data.sync.timeout.retry = -1 (default)
2023-06-23 00:37:32,457 [0748a88e-a458-4efc-a02e-125962a69d19-groupManagement] INFO  server.RaftServerConfigKeys (ConfUtils.java:logGet(46)) - raft.server.log.write.buffer.size = 1048576 (custom)
2023-06-23 00:37:32,458 [0748a88e-a458-4efc-a02e-125962a69d19-groupManagement] INFO  server.RaftServerConfigKeys (ConfUtils.java:logGet(46)) - raft.server.log.appender.buffer.byte-limit = 33554432 (custom)
2023-06-23 00:37:32,463 [0748a88e-a458-4efc-a02e-125962a69d19-groupManagement] INFO  server.RaftServerConfigKeys (ConfUtils.java:logGet(46)) - raft.server.log.unsafe-flush.enabled = false (default)
2023-06-23 00:37:32,464 [0748a88e-a458-4efc-a02e-125962a69d19-groupManagement] INFO  server.RaftServerConfigKeys (ConfUtils.java:logGet(46)) - raft.server.log.async-flush.enabled = false (default)
2023-06-23 00:37:32,464 [0748a88e-a458-4efc-a02e-125962a69d19-groupManagement] INFO  server.RaftServerConfigKeys (ConfUtils.java:logGet(46)) - raft.server.log.statemachine.data.caching.enabled = true (custom)
2023-06-23 00:37:32,464 [0748a88e-a458-4efc-a02e-125962a69d19-groupManagement] INFO  segmented.SegmentedRaftLogWorker (SegmentedRaftLogWorker.java:lambda$new$0(135)) - 0748a88e-a458-4efc-a02e-125962a69d19@group-8BFADAF7E580-SegmentedRaftLogWorker: flushIndex: setUnconditionally 0 -> -1
2023-06-23 00:37:32,464 [0748a88e-a458-4efc-a02e-125962a69d19-groupManagement] INFO  segmented.SegmentedRaftLogWorker (SegmentedRaftLogWorker.java:lambda$new$0(135)) - 0748a88e-a458-4efc-a02e-125962a69d19@group-8BFADAF7E580-SegmentedRaftLogWorker: safeCacheEvictIndex: setUnconditionally 0 -> -1
2023-06-23 00:37:32,465 [0748a88e-a458-4efc-a02e-125962a69d19-groupManagement] INFO  server.RaftServer$Division (RaftServerImpl.java:start(342)) - 0748a88e-a458-4efc-a02e-125962a69d19@group-8BFADAF7E580: start as a follower, conf=-1: peers:[59e05457-4658-4a4f-b6c2-3fec945af00c|rpc:10.1.0.47:15023|admin:10.1.0.47:15022|client:10.1.0.47:15021|dataStream:10.1.0.47:15024|priority:0|startupRole:FOLLOWER, 0748a88e-a458-4efc-a02e-125962a69d19|rpc:10.1.0.47:15014|admin:10.1.0.47:15013|client:10.1.0.47:15012|dataStream:10.1.0.47:15015|priority:0|startupRole:FOLLOWER, b858c729-efcc-4161-8033-8241e78cf6c6|rpc:10.1.0.47:15032|admin:10.1.0.47:15031|client:10.1.0.47:15030|dataStream:10.1.0.47:15033|priority:1|startupRole:FOLLOWER]|listeners:[], old=null
2023-06-23 00:37:32,465 [0748a88e-a458-4efc-a02e-125962a69d19-groupManagement] INFO  server.RaftServer$Division (RaftServerImpl.java:setRole(329)) - 0748a88e-a458-4efc-a02e-125962a69d19@group-8BFADAF7E580: changes role from      null to FOLLOWER at term 0 for startAsFollower
2023-06-23 00:37:32,465 [0748a88e-a458-4efc-a02e-125962a69d19-groupManagement] INFO  impl.RoleInfo (RoleInfo.java:updateAndGet(139)) - 0748a88e-a458-4efc-a02e-125962a69d19: start 0748a88e-a458-4efc-a02e-125962a69d19@group-8BFADAF7E580-FollowerState
2023-06-23 00:37:32,465 [0748a88e-a458-4efc-a02e-125962a69d19-groupManagement] INFO  util.JmxRegister (JmxRegister.java:tryRegister(44)) - Successfully registered JMX Bean with object name Ratis:service=RaftServer,group=group-8BFADAF7E580,id=0748a88e-a458-4efc-a02e-125962a69d19
2023-06-23 00:37:32,465 [0748a88e-a458-4efc-a02e-125962a69d19-groupManagement] INFO  server.RaftServerConfigKeys (ConfUtils.java:logGet(46)) - raft.server.snapshot.auto.trigger.enabled = true (custom)
2023-06-23 00:37:32,465 [0748a88e-a458-4efc-a02e-125962a69d19-groupManagement] INFO  server.RaftServerConfigKeys (ConfUtils.java:logGet(46)) - raft.server.snapshot.auto.trigger.threshold = 10000 (custom)
2023-06-23 00:37:32,465 [0748a88e-a458-4efc-a02e-125962a69d19-groupManagement] INFO  server.RaftServerConfigKeys (ConfUtils.java:logGet(46)) - raft.server.snapshot.retention.file.num = 5 (custom)
2023-06-23 00:37:32,465 [0748a88e-a458-4efc-a02e-125962a69d19-groupManagement] INFO  server.RaftServerConfigKeys (ConfUtils.java:logGet(46)) - raft.server.log.purge.upto.snapshot.index = false (default)
2023-06-23 00:37:32,466 [0748a88e-a458-4efc-a02e-125962a69d19@group-8BFADAF7E580-FollowerState] INFO  server.RaftServerConfigKeys (ConfUtils.java:logFallback(53)) - raft.server.rpc.first-election.timeout.min = 5s (fallback to raft.server.rpc.timeout.min)
2023-06-23 00:37:32,471 [0748a88e-a458-4efc-a02e-125962a69d19@group-8BFADAF7E580-FollowerState] INFO  server.RaftServerConfigKeys (ConfUtils.java:logFallback(53)) - raft.server.rpc.first-election.timeout.max = 5200ms (fallback to raft.server.rpc.timeout.max)
2023-06-23 00:37:32,471 [PipelineCommandHandlerThread-0] INFO  ratis.XceiverServerRatis (XceiverServerRatis.java:addGroup(804)) - Created group PipelineID=4ba6b6c0-3b37-41b9-b67d-8bfadaf7e580
2023-06-23 00:37:32,821 [grpc-default-executor-0] INFO  server.RaftServer (RaftServerProxy.java:addNew(98)) - 59e05457-4658-4a4f-b6c2-3fec945af00c: addNew group-8BFADAF7E580:[59e05457-4658-4a4f-b6c2-3fec945af00c|rpc:10.1.0.47:15023|admin:10.1.0.47:15022|client:10.1.0.47:15021|dataStream:10.1.0.47:15024|priority:0|startupRole:FOLLOWER, 0748a88e-a458-4efc-a02e-125962a69d19|rpc:10.1.0.47:15014|admin:10.1.0.47:15013|client:10.1.0.47:15012|dataStream:10.1.0.47:15015|priority:0|startupRole:FOLLOWER, b858c729-efcc-4161-8033-8241e78cf6c6|rpc:10.1.0.47:15032|admin:10.1.0.47:15031|client:10.1.0.47:15030|dataStream:10.1.0.47:15033|priority:1|startupRole:FOLLOWER] returns group-8BFADAF7E580:java.util.concurrent.CompletableFuture@6209bd0b[Not completed]
2023-06-23 00:37:32,823 [59e05457-4658-4a4f-b6c2-3fec945af00c-groupManagement] INFO  server.RaftServer$Division (RaftServerImpl.java:<init>(198)) - 59e05457-4658-4a4f-b6c2-3fec945af00c: new RaftServerImpl for group-8BFADAF7E580:[59e05457-4658-4a4f-b6c2-3fec945af00c|rpc:10.1.0.47:15023|admin:10.1.0.47:15022|client:10.1.0.47:15021|dataStream:10.1.0.47:15024|priority:0|startupRole:FOLLOWER, 0748a88e-a458-4efc-a02e-125962a69d19|rpc:10.1.0.47:15014|admin:10.1.0.47:15013|client:10.1.0.47:15012|dataStream:10.1.0.47:15015|priority:0|startupRole:FOLLOWER, b858c729-efcc-4161-8033-8241e78cf6c6|rpc:10.1.0.47:15032|admin:10.1.0.47:15031|client:10.1.0.47:15030|dataStream:10.1.0.47:15033|priority:1|startupRole:FOLLOWER] with ContainerStateMachine:uninitialized
2023-06-23 00:37:32,823 [59e05457-4658-4a4f-b6c2-3fec945af00c-groupManagement] INFO  server.RaftServerConfigKeys (ConfUtils.java:logGet(46)) - raft.server.rpc.timeout.min = 5s (custom)
2023-06-23 00:37:32,823 [59e05457-4658-4a4f-b6c2-3fec945af00c-groupManagement] INFO  server.RaftServerConfigKeys (ConfUtils.java:logGet(46)) - raft.server.rpc.timeout.max = 5200ms (custom)
2023-06-23 00:37:32,823 [59e05457-4658-4a4f-b6c2-3fec945af00c-groupManagement] INFO  server.RaftServerConfigKeys (ConfUtils.java:logGet(46)) - raft.server.rpc.sleep.time = 25ms (default)
2023-06-23 00:37:32,823 [59e05457-4658-4a4f-b6c2-3fec945af00c-groupManagement] INFO  server.RaftServerConfigKeys (ConfUtils.java:logGet(46)) - raft.server.rpc.slowness.timeout = 300s (custom)
2023-06-23 00:37:32,823 [59e05457-4658-4a4f-b6c2-3fec945af00c-groupManagement] INFO  server.RaftServerConfigKeys (ConfUtils.java:logGet(46)) - raft.server.leaderelection.leader.step-down.wait-time = 10s (default)
2023-06-23 00:37:32,823 [59e05457-4658-4a4f-b6c2-3fec945af00c-groupManagement] INFO  server.RaftServerConfigKeys (ConfUtils.java:logGet(46)) - raft.server.sleep.deviation.threshold = 300ms (default)
2023-06-23 00:37:32,823 [59e05457-4658-4a4f-b6c2-3fec945af00c-groupManagement] INFO  server.RaftServer$Division (ServerState.java:<init>(120)) - 59e05457-4658-4a4f-b6c2-3fec945af00c@group-8BFADAF7E580: ConfigurationManager, init=-1: peers:[59e05457-4658-4a4f-b6c2-3fec945af00c|rpc:10.1.0.47:15023|admin:10.1.0.47:15022|client:10.1.0.47:15021|dataStream:10.1.0.47:15024|priority:0|startupRole:FOLLOWER, 0748a88e-a458-4efc-a02e-125962a69d19|rpc:10.1.0.47:15014|admin:10.1.0.47:15013|client:10.1.0.47:15012|dataStream:10.1.0.47:15015|priority:0|startupRole:FOLLOWER, b858c729-efcc-4161-8033-8241e78cf6c6|rpc:10.1.0.47:15032|admin:10.1.0.47:15031|client:10.1.0.47:15030|dataStream:10.1.0.47:15033|priority:1|startupRole:FOLLOWER]|listeners:[], old=null, confs=<EMPTY_MAP>
2023-06-23 00:37:32,824 [59e05457-4658-4a4f-b6c2-3fec945af00c-groupManagement] INFO  server.RaftServerConfigKeys (ConfUtils.java:logGet(46)) - raft.server.storage.dir = [/home/runner/work/ozone/ozone/hadoop-ozone/integration-test/target/test-dir/MiniOzoneClusterImpl-3c3985d8-3248-4f19-a32f-4442bec32466/datanode-1/data/ratis] (custom)
2023-06-23 00:37:32,824 [59e05457-4658-4a4f-b6c2-3fec945af00c-groupManagement] INFO  server.RaftServerConfigKeys (ConfUtils.java:logGet(46)) - raft.server.log.corruption.policy = EXCEPTION (default)
2023-06-23 00:37:32,824 [59e05457-4658-4a4f-b6c2-3fec945af00c-groupManagement] INFO  server.RaftServerConfigKeys (ConfUtils.java:logGet(46)) - raft.server.storage.free-space.min = 0MB (=0) (default)
2023-06-23 00:37:32,824 [59e05457-4658-4a4f-b6c2-3fec945af00c-groupManagement] INFO  server.RaftServerConfigKeys (ConfUtils.java:logGet(46)) - raft.server.notification.no-leader.timeout = 300s (custom)
2023-06-23 00:37:32,824 [59e05457-4658-4a4f-b6c2-3fec945af00c-groupManagement] INFO  server.RaftServerConfigKeys (ConfUtils.java:logGet(46)) - raft.server.read.timeout = 10s (default)
2023-06-23 00:37:32,824 [59e05457-4658-4a4f-b6c2-3fec945af00c-groupManagement] INFO  server.RaftServerConfigKeys (ConfUtils.java:logGet(46)) - raft.server.retrycache.expirytime = 600000ms (custom)
2023-06-23 00:37:32,824 [59e05457-4658-4a4f-b6c2-3fec945af00c-groupManagement] INFO  server.RaftServerConfigKeys (ConfUtils.java:logGet(46)) - raft.server.retrycache.statistics.expirytime = 100μs (default)
2023-06-23 00:37:32,824 [59e05457-4658-4a4f-b6c2-3fec945af00c-groupManagement] INFO  server.RaftServerConfigKeys (ConfUtils.java:logGet(46)) - raft.server.read.option = DEFAULT (default)
2023-06-23 00:37:32,826 [59e05457-4658-4a4f-b6c2-3fec945af00c-groupManagement] INFO  server.RaftServerConfigKeys (ConfUtils.java:logGet(46)) - raft.server.rpc.request.timeout = 60s (custom)
2023-06-23 00:37:32,826 [59e05457-4658-4a4f-b6c2-3fec945af00c-groupManagement] INFO  server.RaftServerConfigKeys (ConfUtils.java:logGet(46)) - raft.server.log.appender.install.snapshot.enabled = false (custom)
2023-06-23 00:37:32,826 [59e05457-4658-4a4f-b6c2-3fec945af00c-groupManagement] INFO  server.RaftServerConfigKeys (ConfUtils.java:logGet(46)) - raft.server.threadpool.server.cached = true (default)
2023-06-23 00:37:32,826 [59e05457-4658-4a4f-b6c2-3fec945af00c-groupManagement] INFO  server.RaftServerConfigKeys (ConfUtils.java:logGet(46)) - raft.server.threadpool.server.size = 0 (default)
2023-06-23 00:37:32,826 [59e05457-4658-4a4f-b6c2-3fec945af00c-groupManagement] INFO  server.RaftServerConfigKeys (ConfUtils.java:logGet(46)) - raft.server.threadpool.client.cached = true (default)
2023-06-23 00:37:32,826 [59e05457-4658-4a4f-b6c2-3fec945af00c-groupManagement] INFO  server.RaftServerConfigKeys (ConfUtils.java:logGet(46)) - raft.server.threadpool.client.size = 0 (default)
2023-06-23 00:37:32,826 [59e05457-4658-4a4f-b6c2-3fec945af00c-groupManagement] INFO  storage.RaftStorageDirectory (RaftStorageDirectoryImpl.java:analyzeStorage(137)) - The storage directory /home/runner/work/ozone/ozone/hadoop-ozone/integration-test/target/test-dir/MiniOzoneClusterImpl-3c3985d8-3248-4f19-a32f-4442bec32466/datanode-1/data/ratis/4ba6b6c0-3b37-41b9-b67d-8bfadaf7e580 does not exist. Creating ...
2023-06-23 00:37:32,830 [59e05457-4658-4a4f-b6c2-3fec945af00c-groupManagement] INFO  storage.RaftStorageDirectory (RaftStorageDirectoryImpl.java:tryLock(231)) - Lock on /home/runner/work/ozone/ozone/hadoop-ozone/integration-test/target/test-dir/MiniOzoneClusterImpl-3c3985d8-3248-4f19-a32f-4442bec32466/datanode-1/data/ratis/4ba6b6c0-3b37-41b9-b67d-8bfadaf7e580/in_use.lock acquired by nodename 61456@fv-az570-151
2023-06-23 00:37:32,831 [59e05457-4658-4a4f-b6c2-3fec945af00c-groupManagement] INFO  storage.RaftStorage (RaftStorageImpl.java:format(96)) - Storage directory /home/runner/work/ozone/ozone/hadoop-ozone/integration-test/target/test-dir/MiniOzoneClusterImpl-3c3985d8-3248-4f19-a32f-4442bec32466/datanode-1/data/ratis/4ba6b6c0-3b37-41b9-b67d-8bfadaf7e580 has been successfully formatted.
2023-06-23 00:37:32,833 [59e05457-4658-4a4f-b6c2-3fec945af00c-groupManagement] INFO  ratis.ContainerStateMachine (ContainerStateMachine.java:loadSnapshot(262)) - group-8BFADAF7E580: The snapshot info is null. Setting the last applied indexto:(t:0, i:~)
2023-06-23 00:37:32,839 [59e05457-4658-4a4f-b6c2-3fec945af00c-groupManagement] INFO  server.RaftServerConfigKeys (ConfUtils.java:logGet(46)) - raft.server.log.use.memory = false (default)
2023-06-23 00:37:32,840 [59e05457-4658-4a4f-b6c2-3fec945af00c-groupManagement] INFO  server.RaftServerConfigKeys (ConfUtils.java:logGet(46)) - raft.server.log.purge.gap = 1000000 (custom)
2023-06-23 00:37:32,840 [59e05457-4658-4a4f-b6c2-3fec945af00c-groupManagement] INFO  server.RaftServerConfigKeys (ConfUtils.java:logGet(46)) - raft.server.log.appender.buffer.byte-limit = 33554432 (custom)
2023-06-23 00:37:32,840 [59e05457-4658-4a4f-b6c2-3fec945af00c-groupManagement] INFO  server.RaftServerConfigKeys (ConfUtils.java:logGet(46)) - raft.server.log.statemachine.data.read.timeout = 1000ms (default)
2023-06-23 00:37:32,840 [59e05457-4658-4a4f-b6c2-3fec945af00c-groupManagement] INFO  server.RaftServerConfigKeys (ConfUtils.java:logGet(46)) - raft.server.log.purge.preservation.log.num = 0 (default)
2023-06-23 00:37:32,840 [59e05457-4658-4a4f-b6c2-3fec945af00c-groupManagement] INFO  server.RaftServerConfigKeys (ConfUtils.java:logGet(46)) - raft.server.log.segment.size.max = 1048576 (custom)
2023-06-23 00:37:32,841 [59e05457-4658-4a4f-b6c2-3fec945af00c-groupManagement] INFO  server.RaftServerConfigKeys (ConfUtils.java:logGet(46)) - raft.server.log.segment.cache.num.max = 2 (custom)
2023-06-23 00:37:32,841 [59e05457-4658-4a4f-b6c2-3fec945af00c-groupManagement] INFO  server.RaftServerConfigKeys (ConfUtils.java:logGet(46)) - raft.server.log.segment.cache.size.max = 200MB (=209715200) (default)
2023-06-23 00:37:32,841 [59e05457-4658-4a4f-b6c2-3fec945af00c-groupManagement] INFO  server.RaftServerConfigKeys (ConfUtils.java:logGet(46)) - raft.server.log.appender.buffer.byte-limit = 33554432 (custom)
2023-06-23 00:37:32,841 [59e05457-4658-4a4f-b6c2-3fec945af00c-groupManagement] INFO  segmented.SegmentedRaftLogWorker (SegmentedRaftLogWorker.java:<init>(188)) - new 59e05457-4658-4a4f-b6c2-3fec945af00c@group-8BFADAF7E580-SegmentedRaftLogWorker for RaftStorageImpl:Storage Directory /home/runner/work/ozone/ozone/hadoop-ozone/integration-test/target/test-dir/MiniOzoneClusterImpl-3c3985d8-3248-4f19-a32f-4442bec32466/datanode-1/data/ratis/4ba6b6c0-3b37-41b9-b67d-8bfadaf7e580
2023-06-23 00:37:32,841 [59e05457-4658-4a4f-b6c2-3fec945af00c-groupManagement] INFO  server.RaftServerConfigKeys (ConfUtils.java:logGet(46)) - raft.server.log.queue.byte-limit = 4294967296 (custom)
2023-06-23 00:37:32,841 [59e05457-4658-4a4f-b6c2-3fec945af00c-groupManagement] INFO  server.RaftServerConfigKeys (ConfUtils.java:logGet(46)) - raft.server.log.queue.element-limit = 1024 (custom)
2023-06-23 00:37:32,841 [59e05457-4658-4a4f-b6c2-3fec945af00c-groupManagement] INFO  server.RaftServerConfigKeys (ConfUtils.java:logGet(46)) - raft.server.log.segment.size.max = 1048576 (custom)
2023-06-23 00:37:32,841 [59e05457-4658-4a4f-b6c2-3fec945af00c-groupManagement] INFO  server.RaftServerConfigKeys (ConfUtils.java:logGet(46)) - raft.server.log.preallocated.size = 16384 (custom)
2023-06-23 00:37:32,841 [59e05457-4658-4a4f-b6c2-3fec945af00c-groupManagement] INFO  server.RaftServerConfigKeys (ConfUtils.java:logGet(46)) - raft.server.log.force.sync.num = 128 (default)
2023-06-23 00:37:32,841 [59e05457-4658-4a4f-b6c2-3fec945af00c-groupManagement] INFO  server.RaftServerConfigKeys (ConfUtils.java:logGet(46)) - raft.server.log.statemachine.data.sync = true (default)
2023-06-23 00:37:32,841 [59e05457-4658-4a4f-b6c2-3fec945af00c-groupManagement] INFO  server.RaftServerConfigKeys (ConfUtils.java:logGet(46)) - raft.server.log.statemachine.data.sync.timeout = 10s (default)
2023-06-23 00:37:32,841 [59e05457-4658-4a4f-b6c2-3fec945af00c-groupManagement] INFO  server.RaftServerConfigKeys (ConfUtils.java:logGet(46)) - raft.server.log.statemachine.data.sync.timeout.retry = -1 (default)
2023-06-23 00:37:32,842 [59e05457-4658-4a4f-b6c2-3fec945af00c-groupManagement] INFO  server.RaftServerConfigKeys (ConfUtils.java:logGet(46)) - raft.server.log.write.buffer.size = 1048576 (custom)
2023-06-23 00:37:32,843 [59e05457-4658-4a4f-b6c2-3fec945af00c-groupManagement] INFO  server.RaftServerConfigKeys (ConfUtils.java:logGet(46)) - raft.server.log.appender.buffer.byte-limit = 33554432 (custom)
2023-06-23 00:37:32,850 [PipelineCommandHandlerThread-0] INFO  server.RaftServer (RaftServerProxy.java:addNew(98)) - 59e05457-4658-4a4f-b6c2-3fec945af00c: addNew group-251CAF3F91CA:[59e05457-4658-4a4f-b6c2-3fec945af00c|rpc:10.1.0.47:15023|admin:10.1.0.47:15022|client:10.1.0.47:15021|dataStream:10.1.0.47:15024|priority:1|startupRole:FOLLOWER] returns group-251CAF3F91CA:java.util.concurrent.CompletableFuture@6f98e04f[Not completed]
2023-06-23 00:37:32,853 [59e05457-4658-4a4f-b6c2-3fec945af00c-groupManagement] INFO  server.RaftServerConfigKeys (ConfUtils.java:logGet(46)) - raft.server.log.unsafe-flush.enabled = false (default)
2023-06-23 00:37:32,853 [59e05457-4658-4a4f-b6c2-3fec945af00c-groupManagement] INFO  server.RaftServerConfigKeys (ConfUtils.java:logGet(46)) - raft.server.log.async-flush.enabled = false (default)
2023-06-23 00:37:32,853 [59e05457-4658-4a4f-b6c2-3fec945af00c-groupManagement] INFO  server.RaftServerConfigKeys (ConfUtils.java:logGet(46)) - raft.server.log.statemachine.data.caching.enabled = true (custom)
2023-06-23 00:37:32,853 [59e05457-4658-4a4f-b6c2-3fec945af00c-groupManagement] INFO  segmented.SegmentedRaftLogWorker (SegmentedRaftLogWorker.java:lambda$new$0(135)) - 59e05457-4658-4a4f-b6c2-3fec945af00c@group-8BFADAF7E580-SegmentedRaftLogWorker: flushIndex: setUnconditionally 0 -> -1
2023-06-23 00:37:32,853 [59e05457-4658-4a4f-b6c2-3fec945af00c-groupManagement] INFO  segmented.SegmentedRaftLogWorker (SegmentedRaftLogWorker.java:lambda$new$0(135)) - 59e05457-4658-4a4f-b6c2-3fec945af00c@group-8BFADAF7E580-SegmentedRaftLogWorker: safeCacheEvictIndex: setUnconditionally 0 -> -1
2023-06-23 00:37:32,862 [59e05457-4658-4a4f-b6c2-3fec945af00c-groupManagement] INFO  server.RaftServer$Division (RaftServerImpl.java:start(342)) - 59e05457-4658-4a4f-b6c2-3fec945af00c@group-8BFADAF7E580: start as a follower, conf=-1: peers:[59e05457-4658-4a4f-b6c2-3fec945af00c|rpc:10.1.0.47:15023|admin:10.1.0.47:15022|client:10.1.0.47:15021|dataStream:10.1.0.47:15024|priority:0|startupRole:FOLLOWER, 0748a88e-a458-4efc-a02e-125962a69d19|rpc:10.1.0.47:15014|admin:10.1.0.47:15013|client:10.1.0.47:15012|dataStream:10.1.0.47:15015|priority:0|startupRole:FOLLOWER, b858c729-efcc-4161-8033-8241e78cf6c6|rpc:10.1.0.47:15032|admin:10.1.0.47:15031|client:10.1.0.47:15030|dataStream:10.1.0.47:15033|priority:1|startupRole:FOLLOWER]|listeners:[], old=null
2023-06-23 00:37:32,862 [59e05457-4658-4a4f-b6c2-3fec945af00c-groupManagement] INFO  server.RaftServer$Division (RaftServerImpl.java:setRole(329)) - 59e05457-4658-4a4f-b6c2-3fec945af00c@group-8BFADAF7E580: changes role from      null to FOLLOWER at term 0 for startAsFollower
2023-06-23 00:37:32,862 [59e05457-4658-4a4f-b6c2-3fec945af00c-groupManagement] INFO  impl.RoleInfo (RoleInfo.java:updateAndGet(139)) - 59e05457-4658-4a4f-b6c2-3fec945af00c: start 59e05457-4658-4a4f-b6c2-3fec945af00c@group-8BFADAF7E580-FollowerState
2023-06-23 00:37:32,863 [59e05457-4658-4a4f-b6c2-3fec945af00c@group-8BFADAF7E580-FollowerState] INFO  server.RaftServerConfigKeys (ConfUtils.java:logFallback(53)) - raft.server.rpc.first-election.timeout.min = 5s (fallback to raft.server.rpc.timeout.min)
2023-06-23 00:37:32,864 [59e05457-4658-4a4f-b6c2-3fec945af00c@group-8BFADAF7E580-FollowerState] INFO  server.RaftServerConfigKeys (ConfUtils.java:logFallback(53)) - raft.server.rpc.first-election.timeout.max = 5200ms (fallback to raft.server.rpc.timeout.max)
2023-06-23 00:37:32,863 [59e05457-4658-4a4f-b6c2-3fec945af00c-groupManagement] INFO  util.JmxRegister (JmxRegister.java:tryRegister(44)) - Successfully registered JMX Bean with object name Ratis:service=RaftServer,group=group-8BFADAF7E580,id=59e05457-4658-4a4f-b6c2-3fec945af00c
2023-06-23 00:37:32,864 [59e05457-4658-4a4f-b6c2-3fec945af00c-groupManagement] INFO  server.RaftServerConfigKeys (ConfUtils.java:logGet(46)) - raft.server.snapshot.auto.trigger.enabled = true (custom)
2023-06-23 00:37:32,864 [59e05457-4658-4a4f-b6c2-3fec945af00c-groupManagement] INFO  server.RaftServerConfigKeys (ConfUtils.java:logGet(46)) - raft.server.snapshot.auto.trigger.threshold = 10000 (custom)
2023-06-23 00:37:32,864 [59e05457-4658-4a4f-b6c2-3fec945af00c-groupManagement] INFO  server.RaftServerConfigKeys (ConfUtils.java:logGet(46)) - raft.server.snapshot.retention.file.num = 5 (custom)
2023-06-23 00:37:32,864 [59e05457-4658-4a4f-b6c2-3fec945af00c-groupManagement] INFO  server.RaftServerConfigKeys (ConfUtils.java:logGet(46)) - raft.server.log.purge.upto.snapshot.index = false (default)
2023-06-23 00:37:32,866 [59e05457-4658-4a4f-b6c2-3fec945af00c-groupManagement] INFO  server.RaftServer$Division (RaftServerImpl.java:<init>(198)) - 59e05457-4658-4a4f-b6c2-3fec945af00c: new RaftServerImpl for group-251CAF3F91CA:[59e05457-4658-4a4f-b6c2-3fec945af00c|rpc:10.1.0.47:15023|admin:10.1.0.47:15022|client:10.1.0.47:15021|dataStream:10.1.0.47:15024|priority:1|startupRole:FOLLOWER] with ContainerStateMachine:uninitialized
2023-06-23 00:37:32,866 [59e05457-4658-4a4f-b6c2-3fec945af00c-groupManagement] INFO  server.RaftServerConfigKeys (ConfUtils.java:logGet(46)) - raft.server.rpc.timeout.min = 5s (custom)
2023-06-23 00:37:32,866 [59e05457-4658-4a4f-b6c2-3fec945af00c-groupManagement] INFO  server.RaftServerConfigKeys (ConfUtils.java:logGet(46)) - raft.server.rpc.timeout.max = 5200ms (custom)
2023-06-23 00:37:32,866 [59e05457-4658-4a4f-b6c2-3fec945af00c-groupManagement] INFO  server.RaftServerConfigKeys (ConfUtils.java:logGet(46)) - raft.server.rpc.sleep.time = 25ms (default)
2023-06-23 00:37:32,866 [59e05457-4658-4a4f-b6c2-3fec945af00c-groupManagement] INFO  server.RaftServerConfigKeys (ConfUtils.java:logGet(46)) - raft.server.rpc.slowness.timeout = 300s (custom)
2023-06-23 00:37:32,866 [59e05457-4658-4a4f-b6c2-3fec945af00c-groupManagement] INFO  server.RaftServerConfigKeys (ConfUtils.java:logGet(46)) - raft.server.leaderelection.leader.step-down.wait-time = 10s (default)
2023-06-23 00:37:32,866 [59e05457-4658-4a4f-b6c2-3fec945af00c-groupManagement] INFO  server.RaftServerConfigKeys (ConfUtils.java:logGet(46)) - raft.server.sleep.deviation.threshold = 300ms (default)
2023-06-23 00:37:32,866 [59e05457-4658-4a4f-b6c2-3fec945af00c-groupManagement] INFO  server.RaftServer$Division (ServerState.java:<init>(120)) - 59e05457-4658-4a4f-b6c2-3fec945af00c@group-251CAF3F91CA: ConfigurationManager, init=-1: peers:[59e05457-4658-4a4f-b6c2-3fec945af00c|rpc:10.1.0.47:15023|admin:10.1.0.47:15022|client:10.1.0.47:15021|dataStream:10.1.0.47:15024|priority:1|startupRole:FOLLOWER]|listeners:[], old=null, confs=<EMPTY_MAP>
2023-06-23 00:37:32,867 [59e05457-4658-4a4f-b6c2-3fec945af00c-groupManagement] INFO  server.RaftServerConfigKeys (ConfUtils.java:logGet(46)) - raft.server.storage.dir = [/home/runner/work/ozone/ozone/hadoop-ozone/integration-test/target/test-dir/MiniOzoneClusterImpl-3c3985d8-3248-4f19-a32f-4442bec32466/datanode-1/data/ratis] (custom)
2023-06-23 00:37:32,867 [59e05457-4658-4a4f-b6c2-3fec945af00c-groupManagement] INFO  server.RaftServerConfigKeys (ConfUtils.java:logGet(46)) - raft.server.log.corruption.policy = EXCEPTION (default)
2023-06-23 00:37:32,867 [59e05457-4658-4a4f-b6c2-3fec945af00c-groupManagement] INFO  server.RaftServerConfigKeys (ConfUtils.java:logGet(46)) - raft.server.storage.free-space.min = 0MB (=0) (default)
2023-06-23 00:37:32,867 [59e05457-4658-4a4f-b6c2-3fec945af00c-groupManagement] INFO  server.RaftServerConfigKeys (ConfUtils.java:logGet(46)) - raft.server.notification.no-leader.timeout = 300s (custom)
2023-06-23 00:37:32,867 [59e05457-4658-4a4f-b6c2-3fec945af00c-groupManagement] INFO  server.RaftServerConfigKeys (ConfUtils.java:logGet(46)) - raft.server.read.timeout = 10s (default)
2023-06-23 00:37:32,867 [59e05457-4658-4a4f-b6c2-3fec945af00c-groupManagement] INFO  server.RaftServerConfigKeys (ConfUtils.java:logGet(46)) - raft.server.retrycache.expirytime = 600000ms (custom)
2023-06-23 00:37:32,867 [59e05457-4658-4a4f-b6c2-3fec945af00c-groupManagement] INFO  server.RaftServerConfigKeys (ConfUtils.java:logGet(46)) - raft.server.retrycache.statistics.expirytime = 100μs (default)
2023-06-23 00:37:32,867 [59e05457-4658-4a4f-b6c2-3fec945af00c-groupManagement] INFO  server.RaftServerConfigKeys (ConfUtils.java:logGet(46)) - raft.server.read.option = DEFAULT (default)
2023-06-23 00:37:32,868 [59e05457-4658-4a4f-b6c2-3fec945af00c-groupManagement] INFO  server.RaftServerConfigKeys (ConfUtils.java:logGet(46)) - raft.server.rpc.request.timeout = 60s (custom)
2023-06-23 00:37:32,868 [59e05457-4658-4a4f-b6c2-3fec945af00c-groupManagement] INFO  server.RaftServerConfigKeys (ConfUtils.java:logGet(46)) - raft.server.log.appender.install.snapshot.enabled = false (custom)
2023-06-23 00:37:32,869 [59e05457-4658-4a4f-b6c2-3fec945af00c-groupManagement] INFO  server.RaftServerConfigKeys (ConfUtils.java:logGet(46)) - raft.server.threadpool.server.cached = true (default)
2023-06-23 00:37:32,869 [59e05457-4658-4a4f-b6c2-3fec945af00c-groupManagement] INFO  server.RaftServerConfigKeys (ConfUtils.java:logGet(46)) - raft.server.threadpool.server.size = 0 (default)
2023-06-23 00:37:32,869 [59e05457-4658-4a4f-b6c2-3fec945af00c-groupManagement] INFO  server.RaftServerConfigKeys (ConfUtils.java:logGet(46)) - raft.server.threadpool.client.cached = true (default)
2023-06-23 00:37:32,869 [59e05457-4658-4a4f-b6c2-3fec945af00c-groupManagement] INFO  server.RaftServerConfigKeys (ConfUtils.java:logGet(46)) - raft.server.threadpool.client.size = 0 (default)
2023-06-23 00:37:32,869 [59e05457-4658-4a4f-b6c2-3fec945af00c-groupManagement] INFO  storage.RaftStorageDirectory (RaftStorageDirectoryImpl.java:analyzeStorage(137)) - The storage directory /home/runner/work/ozone/ozone/hadoop-ozone/integration-test/target/test-dir/MiniOzoneClusterImpl-3c3985d8-3248-4f19-a32f-4442bec32466/datanode-1/data/ratis/edcf6d27-be2e-4d0d-8813-251caf3f91ca does not exist. Creating ...
2023-06-23 00:37:32,870 [59e05457-4658-4a4f-b6c2-3fec945af00c-groupManagement] INFO  storage.RaftStorageDirectory (RaftStorageDirectoryImpl.java:tryLock(231)) - Lock on /home/runner/work/ozone/ozone/hadoop-ozone/integration-test/target/test-dir/MiniOzoneClusterImpl-3c3985d8-3248-4f19-a32f-4442bec32466/datanode-1/data/ratis/edcf6d27-be2e-4d0d-8813-251caf3f91ca/in_use.lock acquired by nodename 61456@fv-az570-151
2023-06-23 00:37:32,870 [main] INFO  ozone.MiniOzoneClusterImpl (MiniOzoneClusterImpl.java:lambda$waitForClusterToBeReady$0(224)) - Waiting for nodes to be ready. Got 9 of 10 DN Heartbeats.
2023-06-23 00:37:32,871 [main] INFO  ozone.MiniOzoneClusterImpl (MiniOzoneClusterImpl.java:lambda$waitForClusterToBeReady$0(227)) - Waiting for cluster to exit safe mode
2023-06-23 00:37:32,871 [main] INFO  ozone.MiniOzoneClusterImpl (MiniOzoneClusterImpl.java:lambda$waitForClusterToBeReady$0(229)) - SCM became leader
2023-06-23 00:37:32,871 [59e05457-4658-4a4f-b6c2-3fec945af00c-groupManagement] INFO  storage.RaftStorage (RaftStorageImpl.java:format(96)) - Storage directory /home/runner/work/ozone/ozone/hadoop-ozone/integration-test/target/test-dir/MiniOzoneClusterImpl-3c3985d8-3248-4f19-a32f-4442bec32466/datanode-1/data/ratis/edcf6d27-be2e-4d0d-8813-251caf3f91ca has been successfully formatted.
2023-06-23 00:37:32,871 [59e05457-4658-4a4f-b6c2-3fec945af00c-groupManagement] INFO  ratis.ContainerStateMachine (ContainerStateMachine.java:loadSnapshot(262)) - group-251CAF3F91CA: The snapshot info is null. Setting the last applied indexto:(t:0, i:~)
2023-06-23 00:37:32,871 [59e05457-4658-4a4f-b6c2-3fec945af00c-groupManagement] INFO  server.RaftServerConfigKeys (ConfUtils.java:logGet(46)) - raft.server.log.use.memory = false (default)
2023-06-23 00:37:32,871 [59e05457-4658-4a4f-b6c2-3fec945af00c-groupManagement] INFO  server.RaftServerConfigKeys (ConfUtils.java:logGet(46)) - raft.server.log.purge.gap = 1000000 (custom)
2023-06-23 00:37:32,872 [59e05457-4658-4a4f-b6c2-3fec945af00c-groupManagement] INFO  server.RaftServerConfigKeys (ConfUtils.java:logGet(46)) - raft.server.log.appender.buffer.byte-limit = 33554432 (custom)
2023-06-23 00:37:32,872 [59e05457-4658-4a4f-b6c2-3fec945af00c-groupManagement] INFO  server.RaftServerConfigKeys (ConfUtils.java:logGet(46)) - raft.server.log.statemachine.data.read.timeout = 1000ms (default)
2023-06-23 00:37:32,872 [59e05457-4658-4a4f-b6c2-3fec945af00c-groupManagement] INFO  server.RaftServerConfigKeys (ConfUtils.java:logGet(46)) - raft.server.log.purge.preservation.log.num = 0 (default)
2023-06-23 00:37:32,880 [EventQueue-PipelineReportForPipelineReportHandler] INFO  pipeline.PipelineManagerImpl (PipelineManagerImpl.java:openPipeline(367)) - Pipeline Pipeline[ Id: edcf6d27-be2e-4d0d-8813-251caf3f91ca, Nodes: 59e05457-4658-4a4f-b6c2-3fec945af00c(fv-az570-151.srgqcr2moziuvm0qev4lajleyh.dx.internal.cloudapp.net/10.1.0.47), ReplicationConfig: RATIS/ONE, State:ALLOCATED, leaderId:59e05457-4658-4a4f-b6c2-3fec945af00c, CreationTimestamp2023-06-23T00:37:29.841Z[Etc/UTC]] moved to OPEN state
2023-06-23 00:37:32,880 [EventQueue-OpenPipelineForHealthyPipelineSafeModeRule] INFO  safemode.SCMSafeModeManager (HealthyPipelineSafeModeRule.java:process(137)) - SCM in safe mode. Healthy pipelines reported count is 0, required healthy pipeline reported count is 1
2023-06-23 00:37:32,881 [59e05457-4658-4a4f-b6c2-3fec945af00c-groupManagement] INFO  server.RaftServerConfigKeys (ConfUtils.java:logGet(46)) - raft.server.log.segment.size.max = 1048576 (custom)
2023-06-23 00:37:32,881 [59e05457-4658-4a4f-b6c2-3fec945af00c-groupManagement] INFO  server.RaftServerConfigKeys (ConfUtils.java:logGet(46)) - raft.server.log.segment.cache.num.max = 2 (custom)
2023-06-23 00:37:32,881 [59e05457-4658-4a4f-b6c2-3fec945af00c-groupManagement] INFO  server.RaftServerConfigKeys (ConfUtils.java:logGet(46)) - raft.server.log.segment.cache.size.max = 200MB (=209715200) (default)
2023-06-23 00:37:32,881 [59e05457-4658-4a4f-b6c2-3fec945af00c-groupManagement] INFO  server.RaftServerConfigKeys (ConfUtils.java:logGet(46)) - raft.server.log.appender.buffer.byte-limit = 33554432 (custom)
2023-06-23 00:37:32,881 [59e05457-4658-4a4f-b6c2-3fec945af00c-groupManagement] INFO  segmented.SegmentedRaftLogWorker (SegmentedRaftLogWorker.java:<init>(188)) - new 59e05457-4658-4a4f-b6c2-3fec945af00c@group-251CAF3F91CA-SegmentedRaftLogWorker for RaftStorageImpl:Storage Directory /home/runner/work/ozone/ozone/hadoop-ozone/integration-test/target/test-dir/MiniOzoneClusterImpl-3c3985d8-3248-4f19-a32f-4442bec32466/datanode-1/data/ratis/edcf6d27-be2e-4d0d-8813-251caf3f91ca
2023-06-23 00:37:32,881 [59e05457-4658-4a4f-b6c2-3fec945af00c-groupManagement] INFO  server.RaftServerConfigKeys (ConfUtils.java:logGet(46)) - raft.server.log.queue.byte-limit = 4294967296 (custom)
2023-06-23 00:37:32,881 [59e05457-4658-4a4f-b6c2-3fec945af00c-groupManagement] INFO  server.RaftServerConfigKeys (ConfUtils.java:logGet(46)) - raft.server.log.queue.element-limit = 1024 (custom)
2023-06-23 00:37:32,881 [59e05457-4658-4a4f-b6c2-3fec945af00c-groupManagement] INFO  server.RaftServerConfigKeys (ConfUtils.java:logGet(46)) - raft.server.log.segment.size.max = 1048576 (custom)
2023-06-23 00:37:32,881 [59e05457-4658-4a4f-b6c2-3fec945af00c-groupManagement] INFO  server.RaftServerConfigKeys (ConfUtils.java:logGet(46)) - raft.server.log.preallocated.size = 16384 (custom)
2023-06-23 00:37:32,881 [59e05457-4658-4a4f-b6c2-3fec945af00c-groupManagement] INFO  server.RaftServerConfigKeys (ConfUtils.java:logGet(46)) - raft.server.log.force.sync.num = 128 (default)
2023-06-23 00:37:32,881 [59e05457-4658-4a4f-b6c2-3fec945af00c-groupManagement] INFO  server.RaftServerConfigKeys (ConfUtils.java:logGet(46)) - raft.server.log.statemachine.data.sync = true (default)
2023-06-23 00:37:32,882 [59e05457-4658-4a4f-b6c2-3fec945af00c-groupManagement] INFO  server.RaftServerConfigKeys (ConfUtils.java:logGet(46)) - raft.server.log.statemachine.data.sync.timeout = 10s (default)
2023-06-23 00:37:32,882 [59e05457-4658-4a4f-b6c2-3fec945af00c-groupManagement] INFO  server.RaftServerConfigKeys (ConfUtils.java:logGet(46)) - raft.server.log.statemachine.data.sync.timeout.retry = -1 (default)
2023-06-23 00:37:32,883 [59e05457-4658-4a4f-b6c2-3fec945af00c-groupManagement] INFO  server.RaftServerConfigKeys (ConfUtils.java:logGet(46)) - raft.server.log.write.buffer.size = 1048576 (custom)
2023-06-23 00:37:32,883 [59e05457-4658-4a4f-b6c2-3fec945af00c-groupManagement] INFO  server.RaftServerConfigKeys (ConfUtils.java:logGet(46)) - raft.server.log.appender.buffer.byte-limit = 33554432 (custom)
2023-06-23 00:37:32,888 [59e05457-4658-4a4f-b6c2-3fec945af00c-groupManagement] INFO  server.RaftServerConfigKeys (ConfUtils.java:logGet(46)) - raft.server.log.unsafe-flush.enabled = false (default)
2023-06-23 00:37:32,888 [59e05457-4658-4a4f-b6c2-3fec945af00c-groupManagement] INFO  server.RaftServerConfigKeys (ConfUtils.java:logGet(46)) - raft.server.log.async-flush.enabled = false (default)
2023-06-23 00:37:32,888 [59e05457-4658-4a4f-b6c2-3fec945af00c-groupManagement] INFO  server.RaftServerConfigKeys (ConfUtils.java:logGet(46)) - raft.server.log.statemachine.data.caching.enabled = true (custom)
2023-06-23 00:37:32,888 [59e05457-4658-4a4f-b6c2-3fec945af00c-groupManagement] INFO  segmented.SegmentedRaftLogWorker (SegmentedRaftLogWorker.java:lambda$new$0(135)) - 59e05457-4658-4a4f-b6c2-3fec945af00c@group-251CAF3F91CA-SegmentedRaftLogWorker: flushIndex: setUnconditionally 0 -> -1
2023-06-23 00:37:32,888 [59e05457-4658-4a4f-b6c2-3fec945af00c-groupManagement] INFO  segmented.SegmentedRaftLogWorker (SegmentedRaftLogWorker.java:lambda$new$0(135)) - 59e05457-4658-4a4f-b6c2-3fec945af00c@group-251CAF3F91CA-SegmentedRaftLogWorker: safeCacheEvictIndex: setUnconditionally 0 -> -1
2023-06-23 00:37:32,888 [59e05457-4658-4a4f-b6c2-3fec945af00c-groupManagement] INFO  server.RaftServer$Division (RaftServerImpl.java:start(342)) - 59e05457-4658-4a4f-b6c2-3fec945af00c@group-251CAF3F91CA: start as a follower, conf=-1: peers:[59e05457-4658-4a4f-b6c2-3fec945af00c|rpc:10.1.0.47:15023|admin:10.1.0.47:15022|client:10.1.0.47:15021|dataStream:10.1.0.47:15024|priority:1|startupRole:FOLLOWER]|listeners:[], old=null
2023-06-23 00:37:32,888 [59e05457-4658-4a4f-b6c2-3fec945af00c-groupManagement] INFO  server.RaftServer$Division (RaftServerImpl.java:setRole(329)) - 59e05457-4658-4a4f-b6c2-3fec945af00c@group-251CAF3F91CA: changes role from      null to FOLLOWER at term 0 for startAsFollower
2023-06-23 00:37:32,888 [59e05457-4658-4a4f-b6c2-3fec945af00c-groupManagement] INFO  impl.RoleInfo (RoleInfo.java:updateAndGet(139)) - 59e05457-4658-4a4f-b6c2-3fec945af00c: start 59e05457-4658-4a4f-b6c2-3fec945af00c@group-251CAF3F91CA-FollowerState
2023-06-23 00:37:32,889 [59e05457-4658-4a4f-b6c2-3fec945af00c-groupManagement] INFO  util.JmxRegister (JmxRegister.java:tryRegister(44)) - Successfully registered JMX Bean with object name Ratis:service=RaftServer,group=group-251CAF3F91CA,id=59e05457-4658-4a4f-b6c2-3fec945af00c
2023-06-23 00:37:32,889 [59e05457-4658-4a4f-b6c2-3fec945af00c-groupManagement] INFO  server.RaftServerConfigKeys (ConfUtils.java:logGet(46)) - raft.server.snapshot.auto.trigger.enabled = true (custom)
2023-06-23 00:37:32,889 [59e05457-4658-4a4f-b6c2-3fec945af00c-groupManagement] INFO  server.RaftServerConfigKeys (ConfUtils.java:logGet(46)) - raft.server.snapshot.auto.trigger.threshold = 10000 (custom)
2023-06-23 00:37:32,889 [59e05457-4658-4a4f-b6c2-3fec945af00c-groupManagement] INFO  server.RaftServerConfigKeys (ConfUtils.java:logGet(46)) - raft.server.snapshot.retention.file.num = 5 (custom)
2023-06-23 00:37:32,889 [59e05457-4658-4a4f-b6c2-3fec945af00c-groupManagement] INFO  server.RaftServerConfigKeys (ConfUtils.java:logGet(46)) - raft.server.log.purge.upto.snapshot.index = false (default)
2023-06-23 00:37:32,890 [59e05457-4658-4a4f-b6c2-3fec945af00c@group-251CAF3F91CA-FollowerState] INFO  server.RaftServerConfigKeys (ConfUtils.java:logFallback(53)) - raft.server.rpc.first-election.timeout.min = 5s (fallback to raft.server.rpc.timeout.min)
2023-06-23 00:37:32,890 [59e05457-4658-4a4f-b6c2-3fec945af00c@group-251CAF3F91CA-FollowerState] INFO  server.RaftServerConfigKeys (ConfUtils.java:logFallback(53)) - raft.server.rpc.first-election.timeout.max = 5200ms (fallback to raft.server.rpc.timeout.max)
2023-06-23 00:37:32,890 [PipelineCommandHandlerThread-0] INFO  ratis.XceiverServerRatis (XceiverServerRatis.java:addGroup(804)) - Created group PipelineID=edcf6d27-be2e-4d0d-8813-251caf3f91ca
2023-06-23 00:37:32,890 [PipelineCommandHandlerThread-0] INFO  commandhandler.CreatePipelineCommandHandler (CreatePipelineCommandHandler.java:lambda$handle$2(124)) - Created Pipeline RATIS ONE PipelineID=edcf6d27-be2e-4d0d-8813-251caf3f91ca.
2023-06-23 00:37:32,891 [PipelineCommandHandlerThread-0] INFO  server.RaftServer (RaftServerProxy.java:addNew(98)) - 59e05457-4658-4a4f-b6c2-3fec945af00c: addNew group-62FE52930499:[59e05457-4658-4a4f-b6c2-3fec945af00c|rpc:10.1.0.47:15023|admin:10.1.0.47:15022|client:10.1.0.47:15021|dataStream:10.1.0.47:15024|priority:1|startupRole:FOLLOWER, 0748a88e-a458-4efc-a02e-125962a69d19|rpc:10.1.0.47:15014|admin:10.1.0.47:15013|client:10.1.0.47:15012|dataStream:10.1.0.47:15015|priority:0|startupRole:FOLLOWER, b858c729-efcc-4161-8033-8241e78cf6c6|rpc:10.1.0.47:15032|admin:10.1.0.47:15031|client:10.1.0.47:15030|dataStream:10.1.0.47:15033|priority:0|startupRole:FOLLOWER] returns group-62FE52930499:java.util.concurrent.CompletableFuture@615f03cc[Not completed]
2023-06-23 00:37:32,892 [59e05457-4658-4a4f-b6c2-3fec945af00c-groupManagement] INFO  server.RaftServer$Division (RaftServerImpl.java:<init>(198)) - 59e05457-4658-4a4f-b6c2-3fec945af00c: new RaftServerImpl for group-62FE52930499:[59e05457-4658-4a4f-b6c2-3fec945af00c|rpc:10.1.0.47:15023|admin:10.1.0.47:15022|client:10.1.0.47:15021|dataStream:10.1.0.47:15024|priority:1|startupRole:FOLLOWER, 0748a88e-a458-4efc-a02e-125962a69d19|rpc:10.1.0.47:15014|admin:10.1.0.47:15013|client:10.1.0.47:15012|dataStream:10.1.0.47:15015|priority:0|startupRole:FOLLOWER, b858c729-efcc-4161-8033-8241e78cf6c6|rpc:10.1.0.47:15032|admin:10.1.0.47:15031|client:10.1.0.47:15030|dataStream:10.1.0.47:15033|priority:0|startupRole:FOLLOWER] with ContainerStateMachine:uninitialized
2023-06-23 00:37:32,892 [59e05457-4658-4a4f-b6c2-3fec945af00c-groupManagement] INFO  server.RaftServerConfigKeys (ConfUtils.java:logGet(46)) - raft.server.rpc.timeout.min = 5s (custom)
2023-06-23 00:37:32,892 [59e05457-4658-4a4f-b6c2-3fec945af00c-groupManagement] INFO  server.RaftServerConfigKeys (ConfUtils.java:logGet(46)) - raft.server.rpc.timeout.max = 5200ms (custom)
2023-06-23 00:37:32,892 [59e05457-4658-4a4f-b6c2-3fec945af00c-groupManagement] INFO  server.RaftServerConfigKeys (ConfUtils.java:logGet(46)) - raft.server.rpc.sleep.time = 25ms (default)
2023-06-23 00:37:32,892 [59e05457-4658-4a4f-b6c2-3fec945af00c-groupManagement] INFO  server.RaftServerConfigKeys (ConfUtils.java:logGet(46)) - raft.server.rpc.slowness.timeout = 300s (custom)
2023-06-23 00:37:32,892 [59e05457-4658-4a4f-b6c2-3fec945af00c-groupManagement] INFO  server.RaftServerConfigKeys (ConfUtils.java:logGet(46)) - raft.server.leaderelection.leader.step-down.wait-time = 10s (default)
2023-06-23 00:37:32,892 [59e05457-4658-4a4f-b6c2-3fec945af00c-groupManagement] INFO  server.RaftServerConfigKeys (ConfUtils.java:logGet(46)) - raft.server.sleep.deviation.threshold = 300ms (default)
2023-06-23 00:37:32,893 [59e05457-4658-4a4f-b6c2-3fec945af00c-groupManagement] INFO  server.RaftServer$Division (ServerState.java:<init>(120)) - 59e05457-4658-4a4f-b6c2-3fec945af00c@group-62FE52930499: ConfigurationManager, init=-1: peers:[59e05457-4658-4a4f-b6c2-3fec945af00c|rpc:10.1.0.47:15023|admin:10.1.0.47:15022|client:10.1.0.47:15021|dataStream:10.1.0.47:15024|priority:1|startupRole:FOLLOWER, 0748a88e-a458-4efc-a02e-125962a69d19|rpc:10.1.0.47:15014|admin:10.1.0.47:15013|client:10.1.0.47:15012|dataStream:10.1.0.47:15015|priority:0|startupRole:FOLLOWER, b858c729-efcc-4161-8033-8241e78cf6c6|rpc:10.1.0.47:15032|admin:10.1.0.47:15031|client:10.1.0.47:15030|dataStream:10.1.0.47:15033|priority:0|startupRole:FOLLOWER]|listeners:[], old=null, confs=<EMPTY_MAP>
2023-06-23 00:37:32,893 [59e05457-4658-4a4f-b6c2-3fec945af00c-groupManagement] INFO  server.RaftServerConfigKeys (ConfUtils.java:logGet(46)) - raft.server.storage.dir = [/home/runner/work/ozone/ozone/hadoop-ozone/integration-test/target/test-dir/MiniOzoneClusterImpl-3c3985d8-3248-4f19-a32f-4442bec32466/datanode-1/data/ratis] (custom)
2023-06-23 00:37:32,893 [59e05457-4658-4a4f-b6c2-3fec945af00c-groupManagement] INFO  server.RaftServerConfigKeys (ConfUtils.java:logGet(46)) - raft.server.log.corruption.policy = EXCEPTION (default)
2023-06-23 00:37:32,893 [59e05457-4658-4a4f-b6c2-3fec945af00c-groupManagement] INFO  server.RaftServerConfigKeys (ConfUtils.java:logGet(46)) - raft.server.storage.free-space.min = 0MB (=0) (default)
2023-06-23 00:37:32,893 [59e05457-4658-4a4f-b6c2-3fec945af00c-groupManagement] INFO  server.RaftServerConfigKeys (ConfUtils.java:logGet(46)) - raft.server.notification.no-leader.timeout = 300s (custom)
2023-06-23 00:37:32,893 [59e05457-4658-4a4f-b6c2-3fec945af00c-groupManagement] INFO  server.RaftServerConfigKeys (ConfUtils.java:logGet(46)) - raft.server.read.timeout = 10s (default)
2023-06-23 00:37:32,893 [59e05457-4658-4a4f-b6c2-3fec945af00c-groupManagement] INFO  server.RaftServerConfigKeys (ConfUtils.java:logGet(46)) - raft.server.retrycache.expirytime = 600000ms (custom)
2023-06-23 00:37:32,893 [59e05457-4658-4a4f-b6c2-3fec945af00c-groupManagement] INFO  server.RaftServerConfigKeys (ConfUtils.java:logGet(46)) - raft.server.retrycache.statistics.expirytime = 100μs (default)
2023-06-23 00:37:32,893 [59e05457-4658-4a4f-b6c2-3fec945af00c-groupManagement] INFO  server.RaftServerConfigKeys (ConfUtils.java:logGet(46)) - raft.server.read.option = DEFAULT (default)
2023-06-23 00:37:32,895 [59e05457-4658-4a4f-b6c2-3fec945af00c-groupManagement] INFO  server.RaftServerConfigKeys (ConfUtils.java:logGet(46)) - raft.server.rpc.request.timeout = 60s (custom)
2023-06-23 00:37:32,895 [59e05457-4658-4a4f-b6c2-3fec945af00c-groupManagement] INFO  server.RaftServerConfigKeys (ConfUtils.java:logGet(46)) - raft.server.log.appender.install.snapshot.enabled = false (custom)
2023-06-23 00:37:32,895 [59e05457-4658-4a4f-b6c2-3fec945af00c-groupManagement] INFO  server.RaftServerConfigKeys (ConfUtils.java:logGet(46)) - raft.server.threadpool.server.cached = true (default)
2023-06-23 00:37:32,895 [59e05457-4658-4a4f-b6c2-3fec945af00c-groupManagement] INFO  server.RaftServerConfigKeys (ConfUtils.java:logGet(46)) - raft.server.threadpool.server.size = 0 (default)
2023-06-23 00:37:32,895 [59e05457-4658-4a4f-b6c2-3fec945af00c-groupManagement] INFO  server.RaftServerConfigKeys (ConfUtils.java:logGet(46)) - raft.server.threadpool.client.cached = true (default)
2023-06-23 00:37:32,895 [59e05457-4658-4a4f-b6c2-3fec945af00c-groupManagement] INFO  server.RaftServerConfigKeys (ConfUtils.java:logGet(46)) - raft.server.threadpool.client.size = 0 (default)
2023-06-23 00:37:32,902 [IPC Server handler 11 on default port 15002] INFO  net.NetworkTopologyImpl (NetworkTopologyImpl.java:add(112)) - Added a new node: /default-rack/4cfb2fd8-05c8-4994-9a43-484107cbe362
2023-06-23 00:37:32,903 [IPC Server handler 11 on default port 15002] INFO  node.SCMNodeManager (SCMNodeManager.java:register(406)) - Registered Data node : 4cfb2fd8-05c8-4994-9a43-484107cbe362{ip: 10.1.0.47, host: fv-az570-151.srgqcr2moziuvm0qev4lajleyh.dx.internal.cloudapp.net, ports: [HTTP=15090, CLIENT_RPC=15091, REPLICATION=15097, RATIS=15093, RATIS_ADMIN=15094, RATIS_SERVER=15095, RATIS_DATASTREAM=15096, STANDALONE=15092], networkLocation: /default-rack, certSerialId: null, persistedOpState: null, persistedOpStateExpiryEpochSec: 0}
2023-06-23 00:37:32,904 [EventQueue-NewNodeForNewNodeHandler] INFO  pipeline.BackgroundPipelineCreator (BackgroundPipelineCreator.java:notifyEventTriggered(276)) - trigger a one-shot run on RatisPipelineUtilsThread.
2023-06-23 00:37:32,902 [59e05457-4658-4a4f-b6c2-3fec945af00c-groupManagement] INFO  storage.RaftStorageDirectory (RaftStorageDirectoryImpl.java:analyzeStorage(137)) - The storage directory /home/runner/work/ozone/ozone/hadoop-ozone/integration-test/target/test-dir/MiniOzoneClusterImpl-3c3985d8-3248-4f19-a32f-4442bec32466/datanode-1/data/ratis/bd067623-fb3e-4d6b-ae7a-62fe52930499 does not exist. Creating ...
2023-06-23 00:37:32,908 [59e05457-4658-4a4f-b6c2-3fec945af00c-groupManagement] INFO  storage.RaftStorageDirectory (RaftStorageDirectoryImpl.java:tryLock(231)) - Lock on /home/runner/work/ozone/ozone/hadoop-ozone/integration-test/target/test-dir/MiniOzoneClusterImpl-3c3985d8-3248-4f19-a32f-4442bec32466/datanode-1/data/ratis/bd067623-fb3e-4d6b-ae7a-62fe52930499/in_use.lock acquired by nodename 61456@fv-az570-151
2023-06-23 00:37:32,908 [RatisPipelineUtilsThread - 0] INFO  pipeline.RatisPipelineProvider (RatisPipelineProvider.java:lambda$create$0(206)) - Sending CreatePipelineCommand for pipeline:PipelineID=08326383-4139-47e0-9cd7-d6c63a83a044 to datanode:4cfb2fd8-05c8-4994-9a43-484107cbe362
2023-06-23 00:37:32,909 [59e05457-4658-4a4f-b6c2-3fec945af00c-groupManagement] INFO  storage.RaftStorage (RaftStorageImpl.java:format(96)) - Storage directory /home/runner/work/ozone/ozone/hadoop-ozone/integration-test/target/test-dir/MiniOzoneClusterImpl-3c3985d8-3248-4f19-a32f-4442bec32466/datanode-1/data/ratis/bd067623-fb3e-4d6b-ae7a-62fe52930499 has been successfully formatted.
2023-06-23 00:37:32,911 [59e05457-4658-4a4f-b6c2-3fec945af00c-groupManagement] INFO  ratis.ContainerStateMachine (ContainerStateMachine.java:loadSnapshot(262)) - group-62FE52930499: The snapshot info is null. Setting the last applied indexto:(t:0, i:~)
2023-06-23 00:37:32,911 [59e05457-4658-4a4f-b6c2-3fec945af00c-groupManagement] INFO  server.RaftServerConfigKeys (ConfUtils.java:logGet(46)) - raft.server.log.use.memory = false (default)
2023-06-23 00:37:32,911 [59e05457-4658-4a4f-b6c2-3fec945af00c-groupManagement] INFO  server.RaftServerConfigKeys (ConfUtils.java:logGet(46)) - raft.server.log.purge.gap = 1000000 (custom)
2023-06-23 00:37:32,911 [59e05457-4658-4a4f-b6c2-3fec945af00c-groupManagement] INFO  server.RaftServerConfigKeys (ConfUtils.java:logGet(46)) - raft.server.log.appender.buffer.byte-limit = 33554432 (custom)
2023-06-23 00:37:32,911 [59e05457-4658-4a4f-b6c2-3fec945af00c-groupManagement] INFO  server.RaftServerConfigKeys (ConfUtils.java:logGet(46)) - raft.server.log.statemachine.data.read.timeout = 1000ms (default)
2023-06-23 00:37:32,912 [59e05457-4658-4a4f-b6c2-3fec945af00c-groupManagement] INFO  server.RaftServerConfigKeys (ConfUtils.java:logGet(46)) - raft.server.log.purge.preservation.log.num = 0 (default)
2023-06-23 00:37:32,912 [RatisPipelineUtilsThread - 0] INFO  pipeline.PipelineStateManagerImpl (PipelineStateManagerImpl.java:addPipeline(103)) - Created pipeline Pipeline[ Id: 08326383-4139-47e0-9cd7-d6c63a83a044, Nodes: 4cfb2fd8-05c8-4994-9a43-484107cbe362(fv-az570-151.srgqcr2moziuvm0qev4lajleyh.dx.internal.cloudapp.net/10.1.0.47), ReplicationConfig: RATIS/ONE, State:ALLOCATED, leaderId:, CreationTimestamp2023-06-23T00:37:32.908Z[Etc/UTC]].
2023-06-23 00:37:32,913 [RatisPipelineUtilsThread - 0] WARN  pipeline.PipelinePlacementPolicy (PipelinePlacementPolicy.java:filterViableNodes(166)) - Pipeline creation failed due to no sufficient healthy datanodes. Required 3. Found 1. Excluded 9.
2023-06-23 00:37:32,914 [59e05457-4658-4a4f-b6c2-3fec945af00c-groupManagement] INFO  server.RaftServerConfigKeys (ConfUtils.java:logGet(46)) - raft.server.log.segment.size.max = 1048576 (custom)
2023-06-23 00:37:32,914 [59e05457-4658-4a4f-b6c2-3fec945af00c-groupManagement] INFO  server.RaftServerConfigKeys (ConfUtils.java:logGet(46)) - raft.server.log.segment.cache.num.max = 2 (custom)
2023-06-23 00:37:32,914 [59e05457-4658-4a4f-b6c2-3fec945af00c-groupManagement] INFO  server.RaftServerConfigKeys (ConfUtils.java:logGet(46)) - raft.server.log.segment.cache.size.max = 200MB (=209715200) (default)
2023-06-23 00:37:32,914 [59e05457-4658-4a4f-b6c2-3fec945af00c-groupManagement] INFO  server.RaftServerConfigKeys (ConfUtils.java:logGet(46)) - raft.server.log.appender.buffer.byte-limit = 33554432 (custom)
2023-06-23 00:37:32,914 [59e05457-4658-4a4f-b6c2-3fec945af00c-groupManagement] INFO  segmented.SegmentedRaftLogWorker (SegmentedRaftLogWorker.java:<init>(188)) - new 59e05457-4658-4a4f-b6c2-3fec945af00c@group-62FE52930499-SegmentedRaftLogWorker for RaftStorageImpl:Storage Directory /home/runner/work/ozone/ozone/hadoop-ozone/integration-test/target/test-dir/MiniOzoneClusterImpl-3c3985d8-3248-4f19-a32f-4442bec32466/datanode-1/data/ratis/bd067623-fb3e-4d6b-ae7a-62fe52930499
2023-06-23 00:37:32,914 [59e05457-4658-4a4f-b6c2-3fec945af00c-groupManagement] INFO  server.RaftServerConfigKeys (ConfUtils.java:logGet(46)) - raft.server.log.queue.byte-limit = 4294967296 (custom)
2023-06-23 00:37:32,914 [59e05457-4658-4a4f-b6c2-3fec945af00c-groupManagement] INFO  server.RaftServerConfigKeys (ConfUtils.java:logGet(46)) - raft.server.log.queue.element-limit = 1024 (custom)
2023-06-23 00:37:32,915 [59e05457-4658-4a4f-b6c2-3fec945af00c-groupManagement] INFO  server.RaftServerConfigKeys (ConfUtils.java:logGet(46)) - raft.server.log.segment.size.max = 1048576 (custom)
2023-06-23 00:37:32,915 [59e05457-4658-4a4f-b6c2-3fec945af00c-groupManagement] INFO  server.RaftServerConfigKeys (ConfUtils.java:logGet(46)) - raft.server.log.preallocated.size = 16384 (custom)
2023-06-23 00:37:32,915 [59e05457-4658-4a4f-b6c2-3fec945af00c-groupManagement] INFO  server.RaftServerConfigKeys (ConfUtils.java:logGet(46)) - raft.server.log.force.sync.num = 128 (default)
2023-06-23 00:37:32,915 [59e05457-4658-4a4f-b6c2-3fec945af00c-groupManagement] INFO  server.RaftServerConfigKeys (ConfUtils.java:logGet(46)) - raft.server.log.statemachine.data.sync = true (default)
2023-06-23 00:37:32,915 [59e05457-4658-4a4f-b6c2-3fec945af00c-groupManagement] INFO  server.RaftServerConfigKeys (ConfUtils.java:logGet(46)) - raft.server.log.statemachine.data.sync.timeout = 10s (default)
2023-06-23 00:37:32,915 [59e05457-4658-4a4f-b6c2-3fec945af00c-groupManagement] INFO  server.RaftServerConfigKeys (ConfUtils.java:logGet(46)) - raft.server.log.statemachine.data.sync.timeout.retry = -1 (default)
2023-06-23 00:37:32,917 [EventQueue-OpenPipelineForHealthyPipelineSafeModeRule] INFO  safemode.SCMSafeModeManager (HealthyPipelineSafeModeRule.java:process(137)) - SCM in safe mode. Healthy pipelines reported count is 0, required healthy pipeline reported count is 1
2023-06-23 00:37:32,920 [59e05457-4658-4a4f-b6c2-3fec945af00c-groupManagement] INFO  server.RaftServerConfigKeys (ConfUtils.java:logGet(46)) - raft.server.log.write.buffer.size = 1048576 (custom)
2023-06-23 00:37:32,920 [59e05457-4658-4a4f-b6c2-3fec945af00c-groupManagement] INFO  server.RaftServerConfigKeys (ConfUtils.java:logGet(46)) - raft.server.log.appender.buffer.byte-limit = 33554432 (custom)
2023-06-23 00:37:32,926 [59e05457-4658-4a4f-b6c2-3fec945af00c-groupManagement] INFO  server.RaftServerConfigKeys (ConfUtils.java:logGet(46)) - raft.server.log.unsafe-flush.enabled = false (default)
2023-06-23 00:37:32,926 [59e05457-4658-4a4f-b6c2-3fec945af00c-groupManagement] INFO  server.RaftServerConfigKeys (ConfUtils.java:logGet(46)) - raft.server.log.async-flush.enabled = false (default)
2023-06-23 00:37:32,928 [59e05457-4658-4a4f-b6c2-3fec945af00c-groupManagement] INFO  server.RaftServerConfigKeys (ConfUtils.java:logGet(46)) - raft.server.log.statemachine.data.caching.enabled = true (custom)
2023-06-23 00:37:32,929 [59e05457-4658-4a4f-b6c2-3fec945af00c-groupManagement] INFO  segmented.SegmentedRaftLogWorker (SegmentedRaftLogWorker.java:lambda$new$0(135)) - 59e05457-4658-4a4f-b6c2-3fec945af00c@group-62FE52930499-SegmentedRaftLogWorker: flushIndex: setUnconditionally 0 -> -1
2023-06-23 00:37:32,929 [59e05457-4658-4a4f-b6c2-3fec945af00c-groupManagement] INFO  segmented.SegmentedRaftLogWorker (SegmentedRaftLogWorker.java:lambda$new$0(135)) - 59e05457-4658-4a4f-b6c2-3fec945af00c@group-62FE52930499-SegmentedRaftLogWorker: safeCacheEvictIndex: setUnconditionally 0 -> -1
2023-06-23 00:37:32,929 [59e05457-4658-4a4f-b6c2-3fec945af00c-groupManagement] INFO  server.RaftServer$Division (RaftServerImpl.java:start(342)) - 59e05457-4658-4a4f-b6c2-3fec945af00c@group-62FE52930499: start as a follower, conf=-1: peers:[59e05457-4658-4a4f-b6c2-3fec945af00c|rpc:10.1.0.47:15023|admin:10.1.0.47:15022|client:10.1.0.47:15021|dataStream:10.1.0.47:15024|priority:1|startupRole:FOLLOWER, 0748a88e-a458-4efc-a02e-125962a69d19|rpc:10.1.0.47:15014|admin:10.1.0.47:15013|client:10.1.0.47:15012|dataStream:10.1.0.47:15015|priority:0|startupRole:FOLLOWER, b858c729-efcc-4161-8033-8241e78cf6c6|rpc:10.1.0.47:15032|admin:10.1.0.47:15031|client:10.1.0.47:15030|dataStream:10.1.0.47:15033|priority:0|startupRole:FOLLOWER]|listeners:[], old=null
2023-06-23 00:37:32,929 [59e05457-4658-4a4f-b6c2-3fec945af00c-groupManagement] INFO  server.RaftServer$Division (RaftServerImpl.java:setRole(329)) - 59e05457-4658-4a4f-b6c2-3fec945af00c@group-62FE52930499: changes role from      null to FOLLOWER at term 0 for startAsFollower
2023-06-23 00:37:32,929 [59e05457-4658-4a4f-b6c2-3fec945af00c-groupManagement] INFO  impl.RoleInfo (RoleInfo.java:updateAndGet(139)) - 59e05457-4658-4a4f-b6c2-3fec945af00c: start 59e05457-4658-4a4f-b6c2-3fec945af00c@group-62FE52930499-FollowerState
2023-06-23 00:37:32,930 [59e05457-4658-4a4f-b6c2-3fec945af00c-groupManagement] INFO  util.JmxRegister (JmxRegister.java:tryRegister(44)) - Successfully registered JMX Bean with object name Ratis:service=RaftServer,group=group-62FE52930499,id=59e05457-4658-4a4f-b6c2-3fec945af00c
2023-06-23 00:37:32,930 [59e05457-4658-4a4f-b6c2-3fec945af00c-groupManagement] INFO  server.RaftServerConfigKeys (ConfUtils.java:logGet(46)) - raft.server.snapshot.auto.trigger.enabled = true (custom)
2023-06-23 00:37:32,930 [59e05457-4658-4a4f-b6c2-3fec945af00c-groupManagement] INFO  server.RaftServerConfigKeys (ConfUtils.java:logGet(46)) - raft.server.snapshot.auto.trigger.threshold = 10000 (custom)
2023-06-23 00:37:32,930 [59e05457-4658-4a4f-b6c2-3fec945af00c-groupManagement] INFO  server.RaftServerConfigKeys (ConfUtils.java:logGet(46)) - raft.server.snapshot.retention.file.num = 5 (custom)
2023-06-23 00:37:32,930 [59e05457-4658-4a4f-b6c2-3fec945af00c-groupManagement] INFO  server.RaftServerConfigKeys (ConfUtils.java:logGet(46)) - raft.server.log.purge.upto.snapshot.index = false (default)
2023-06-23 00:37:32,933 [59e05457-4658-4a4f-b6c2-3fec945af00c@group-62FE52930499-FollowerState] INFO  server.RaftServerConfigKeys (ConfUtils.java:logFallback(53)) - raft.server.rpc.first-election.timeout.min = 5s (fallback to raft.server.rpc.timeout.min)
2023-06-23 00:37:32,934 [PipelineCommandHandlerThread-0] INFO  ratis.XceiverServerRatis (XceiverServerRatis.java:addGroup(804)) - Created group PipelineID=bd067623-fb3e-4d6b-ae7a-62fe52930499
2023-06-23 00:37:32,944 [59e05457-4658-4a4f-b6c2-3fec945af00c@group-62FE52930499-FollowerState] INFO  server.RaftServerConfigKeys (ConfUtils.java:logFallback(53)) - raft.server.rpc.first-election.timeout.max = 5200ms (fallback to raft.server.rpc.timeout.max)
2023-06-23 00:37:33,003 [grpc-default-executor-0] INFO  server.RaftServer (RaftServerProxy.java:addNew(98)) - b858c729-efcc-4161-8033-8241e78cf6c6: addNew group-62FE52930499:[59e05457-4658-4a4f-b6c2-3fec945af00c|rpc:10.1.0.47:15023|admin:10.1.0.47:15022|client:10.1.0.47:15021|dataStream:10.1.0.47:15024|priority:1|startupRole:FOLLOWER, 0748a88e-a458-4efc-a02e-125962a69d19|rpc:10.1.0.47:15014|admin:10.1.0.47:15013|client:10.1.0.47:15012|dataStream:10.1.0.47:15015|priority:0|startupRole:FOLLOWER, b858c729-efcc-4161-8033-8241e78cf6c6|rpc:10.1.0.47:15032|admin:10.1.0.47:15031|client:10.1.0.47:15030|dataStream:10.1.0.47:15033|priority:0|startupRole:FOLLOWER] returns group-62FE52930499:java.util.concurrent.CompletableFuture@112ee335[Not completed]
2023-06-23 00:37:33,004 [b858c729-efcc-4161-8033-8241e78cf6c6-groupManagement] INFO  server.RaftServer$Division (RaftServerImpl.java:<init>(198)) - b858c729-efcc-4161-8033-8241e78cf6c6: new RaftServerImpl for group-62FE52930499:[59e05457-4658-4a4f-b6c2-3fec945af00c|rpc:10.1.0.47:15023|admin:10.1.0.47:15022|client:10.1.0.47:15021|dataStream:10.1.0.47:15024|priority:1|startupRole:FOLLOWER, 0748a88e-a458-4efc-a02e-125962a69d19|rpc:10.1.0.47:15014|admin:10.1.0.47:15013|client:10.1.0.47:15012|dataStream:10.1.0.47:15015|priority:0|startupRole:FOLLOWER, b858c729-efcc-4161-8033-8241e78cf6c6|rpc:10.1.0.47:15032|admin:10.1.0.47:15031|client:10.1.0.47:15030|dataStream:10.1.0.47:15033|priority:0|startupRole:FOLLOWER] with ContainerStateMachine:uninitialized
2023-06-23 00:37:33,004 [b858c729-efcc-4161-8033-8241e78cf6c6-groupManagement] INFO  server.RaftServerConfigKeys (ConfUtils.java:logGet(46)) - raft.server.rpc.timeout.min = 5s (custom)
2023-06-23 00:37:33,004 [b858c729-efcc-4161-8033-8241e78cf6c6-groupManagement] INFO  server.RaftServerConfigKeys (ConfUtils.java:logGet(46)) - raft.server.rpc.timeout.max = 5200ms (custom)
2023-06-23 00:37:33,004 [b858c729-efcc-4161-8033-8241e78cf6c6-groupManagement] INFO  server.RaftServerConfigKeys (ConfUtils.java:logGet(46)) - raft.server.rpc.sleep.time = 25ms (default)
2023-06-23 00:37:33,004 [b858c729-efcc-4161-8033-8241e78cf6c6-groupManagement] INFO  server.RaftServerConfigKeys (ConfUtils.java:logGet(46)) - raft.server.rpc.slowness.timeout = 300s (custom)
2023-06-23 00:37:33,004 [b858c729-efcc-4161-8033-8241e78cf6c6-groupManagement] INFO  server.RaftServerConfigKeys (ConfUtils.java:logGet(46)) - raft.server.leaderelection.leader.step-down.wait-time = 10s (default)
2023-06-23 00:37:33,004 [b858c729-efcc-4161-8033-8241e78cf6c6-groupManagement] INFO  server.RaftServerConfigKeys (ConfUtils.java:logGet(46)) - raft.server.sleep.deviation.threshold = 300ms (default)
2023-06-23 00:37:33,004 [b858c729-efcc-4161-8033-8241e78cf6c6-groupManagement] INFO  server.RaftServer$Division (ServerState.java:<init>(120)) - b858c729-efcc-4161-8033-8241e78cf6c6@group-62FE52930499: ConfigurationManager, init=-1: peers:[59e05457-4658-4a4f-b6c2-3fec945af00c|rpc:10.1.0.47:15023|admin:10.1.0.47:15022|client:10.1.0.47:15021|dataStream:10.1.0.47:15024|priority:1|startupRole:FOLLOWER, 0748a88e-a458-4efc-a02e-125962a69d19|rpc:10.1.0.47:15014|admin:10.1.0.47:15013|client:10.1.0.47:15012|dataStream:10.1.0.47:15015|priority:0|startupRole:FOLLOWER, b858c729-efcc-4161-8033-8241e78cf6c6|rpc:10.1.0.47:15032|admin:10.1.0.47:15031|client:10.1.0.47:15030|dataStream:10.1.0.47:15033|priority:0|startupRole:FOLLOWER]|listeners:[], old=null, confs=<EMPTY_MAP>
2023-06-23 00:37:33,004 [b858c729-efcc-4161-8033-8241e78cf6c6-groupManagement] INFO  server.RaftServerConfigKeys (ConfUtils.java:logGet(46)) - raft.server.storage.dir = [/home/runner/work/ozone/ozone/hadoop-ozone/integration-test/target/test-dir/MiniOzoneClusterImpl-3c3985d8-3248-4f19-a32f-4442bec32466/datanode-2/data/ratis] (custom)
2023-06-23 00:37:33,004 [b858c729-efcc-4161-8033-8241e78cf6c6-groupManagement] INFO  server.RaftServerConfigKeys (ConfUtils.java:logGet(46)) - raft.server.log.corruption.policy = EXCEPTION (default)
2023-06-23 00:37:33,004 [b858c729-efcc-4161-8033-8241e78cf6c6-groupManagement] INFO  server.RaftServerConfigKeys (ConfUtils.java:logGet(46)) - raft.server.storage.free-space.min = 0MB (=0) (default)
2023-06-23 00:37:33,005 [b858c729-efcc-4161-8033-8241e78cf6c6-groupManagement] INFO  server.RaftServerConfigKeys (ConfUtils.java:logGet(46)) - raft.server.notification.no-leader.timeout = 300s (custom)
2023-06-23 00:37:33,005 [b858c729-efcc-4161-8033-8241e78cf6c6-groupManagement] INFO  server.RaftServerConfigKeys (ConfUtils.java:logGet(46)) - raft.server.read.timeout = 10s (default)
2023-06-23 00:37:33,005 [b858c729-efcc-4161-8033-8241e78cf6c6-groupManagement] INFO  server.RaftServerConfigKeys (ConfUtils.java:logGet(46)) - raft.server.retrycache.expirytime = 600000ms (custom)
2023-06-23 00:37:33,005 [b858c729-efcc-4161-8033-8241e78cf6c6-groupManagement] INFO  server.RaftServerConfigKeys (ConfUtils.java:logGet(46)) - raft.server.retrycache.statistics.expirytime = 100μs (default)
2023-06-23 00:37:33,005 [b858c729-efcc-4161-8033-8241e78cf6c6-groupManagement] INFO  server.RaftServerConfigKeys (ConfUtils.java:logGet(46)) - raft.server.read.option = DEFAULT (default)
2023-06-23 00:37:33,013 [b858c729-efcc-4161-8033-8241e78cf6c6-groupManagement] INFO  server.RaftServerConfigKeys (ConfUtils.java:logGet(46)) - raft.server.rpc.request.timeout = 60s (custom)
2023-06-23 00:37:33,013 [b858c729-efcc-4161-8033-8241e78cf6c6-groupManagement] INFO  server.RaftServerConfigKeys (ConfUtils.java:logGet(46)) - raft.server.log.appender.install.snapshot.enabled = false (custom)
2023-06-23 00:37:33,013 [b858c729-efcc-4161-8033-8241e78cf6c6-groupManagement] INFO  server.RaftServerConfigKeys (ConfUtils.java:logGet(46)) - raft.server.threadpool.server.cached = true (default)
2023-06-23 00:37:33,013 [b858c729-efcc-4161-8033-8241e78cf6c6-groupManagement] INFO  server.RaftServerConfigKeys (ConfUtils.java:logGet(46)) - raft.server.threadpool.server.size = 0 (default)
2023-06-23 00:37:33,014 [b858c729-efcc-4161-8033-8241e78cf6c6-groupManagement] INFO  server.RaftServerConfigKeys (ConfUtils.java:logGet(46)) - raft.server.threadpool.client.cached = true (default)
2023-06-23 00:37:33,014 [b858c729-efcc-4161-8033-8241e78cf6c6-groupManagement] INFO  server.RaftServerConfigKeys (ConfUtils.java:logGet(46)) - raft.server.threadpool.client.size = 0 (default)
2023-06-23 00:37:33,014 [b858c729-efcc-4161-8033-8241e78cf6c6-groupManagement] INFO  storage.RaftStorageDirectory (RaftStorageDirectoryImpl.java:analyzeStorage(137)) - The storage directory /home/runner/work/ozone/ozone/hadoop-ozone/integration-test/target/test-dir/MiniOzoneClusterImpl-3c3985d8-3248-4f19-a32f-4442bec32466/datanode-2/data/ratis/bd067623-fb3e-4d6b-ae7a-62fe52930499 does not exist. Creating ...
2023-06-23 00:37:33,020 [b858c729-efcc-4161-8033-8241e78cf6c6-groupManagement] INFO  storage.RaftStorageDirectory (RaftStorageDirectoryImpl.java:tryLock(231)) - Lock on /home/runner/work/ozone/ozone/hadoop-ozone/integration-test/target/test-dir/MiniOzoneClusterImpl-3c3985d8-3248-4f19-a32f-4442bec32466/datanode-2/data/ratis/bd067623-fb3e-4d6b-ae7a-62fe52930499/in_use.lock acquired by nodename 61456@fv-az570-151
2023-06-23 00:37:33,022 [b858c729-efcc-4161-8033-8241e78cf6c6-groupManagement] INFO  storage.RaftStorage (RaftStorageImpl.java:format(96)) - Storage directory /home/runner/work/ozone/ozone/hadoop-ozone/integration-test/target/test-dir/MiniOzoneClusterImpl-3c3985d8-3248-4f19-a32f-4442bec32466/datanode-2/data/ratis/bd067623-fb3e-4d6b-ae7a-62fe52930499 has been successfully formatted.
2023-06-23 00:37:33,022 [grpc-default-executor-0] INFO  server.RaftServer (RaftServerProxy.java:addNew(98)) - b858c729-efcc-4161-8033-8241e78cf6c6: addNew group-8BFADAF7E580:[59e05457-4658-4a4f-b6c2-3fec945af00c|rpc:10.1.0.47:15023|admin:10.1.0.47:15022|client:10.1.0.47:15021|dataStream:10.1.0.47:15024|priority:0|startupRole:FOLLOWER, 0748a88e-a458-4efc-a02e-125962a69d19|rpc:10.1.0.47:15014|admin:10.1.0.47:15013|client:10.1.0.47:15012|dataStream:10.1.0.47:15015|priority:0|startupRole:FOLLOWER, b858c729-efcc-4161-8033-8241e78cf6c6|rpc:10.1.0.47:15032|admin:10.1.0.47:15031|client:10.1.0.47:15030|dataStream:10.1.0.47:15033|priority:1|startupRole:FOLLOWER] returns group-8BFADAF7E580:java.util.concurrent.CompletableFuture@7e1ed0c7[Not completed]
2023-06-23 00:37:33,025 [b858c729-efcc-4161-8033-8241e78cf6c6-groupManagement] INFO  ratis.ContainerStateMachine (ContainerStateMachine.java:loadSnapshot(262)) - group-62FE52930499: The snapshot info is null. Setting the last applied indexto:(t:0, i:~)
2023-06-23 00:37:33,025 [b858c729-efcc-4161-8033-8241e78cf6c6-groupManagement] INFO  server.RaftServerConfigKeys (ConfUtils.java:logGet(46)) - raft.server.log.use.memory = false (default)
2023-06-23 00:37:33,025 [b858c729-efcc-4161-8033-8241e78cf6c6-groupManagement] INFO  server.RaftServerConfigKeys (ConfUtils.java:logGet(46)) - raft.server.log.purge.gap = 1000000 (custom)
2023-06-23 00:37:33,026 [b858c729-efcc-4161-8033-8241e78cf6c6-groupManagement] INFO  server.RaftServerConfigKeys (ConfUtils.java:logGet(46)) - raft.server.log.appender.buffer.byte-limit = 33554432 (custom)
2023-06-23 00:37:33,026 [b858c729-efcc-4161-8033-8241e78cf6c6-groupManagement] INFO  server.RaftServerConfigKeys (ConfUtils.java:logGet(46)) - raft.server.log.statemachine.data.read.timeout = 1000ms (default)
2023-06-23 00:37:33,026 [b858c729-efcc-4161-8033-8241e78cf6c6-groupManagement] INFO  server.RaftServerConfigKeys (ConfUtils.java:logGet(46)) - raft.server.log.purge.preservation.log.num = 0 (default)
2023-06-23 00:37:33,026 [b858c729-efcc-4161-8033-8241e78cf6c6-groupManagement] INFO  server.RaftServerConfigKeys (ConfUtils.java:logGet(46)) - raft.server.log.segment.size.max = 1048576 (custom)
2023-06-23 00:37:33,027 [b858c729-efcc-4161-8033-8241e78cf6c6-groupManagement] INFO  server.RaftServerConfigKeys (ConfUtils.java:logGet(46)) - raft.server.log.segment.cache.num.max = 2 (custom)
2023-06-23 00:37:33,027 [b858c729-efcc-4161-8033-8241e78cf6c6-groupManagement] INFO  server.RaftServerConfigKeys (ConfUtils.java:logGet(46)) - raft.server.log.segment.cache.size.max = 200MB (=209715200) (default)
2023-06-23 00:37:33,027 [b858c729-efcc-4161-8033-8241e78cf6c6-groupManagement] INFO  server.RaftServerConfigKeys (ConfUtils.java:logGet(46)) - raft.server.log.appender.buffer.byte-limit = 33554432 (custom)
2023-06-23 00:37:33,027 [b858c729-efcc-4161-8033-8241e78cf6c6-groupManagement] INFO  segmented.SegmentedRaftLogWorker (SegmentedRaftLogWorker.java:<init>(188)) - new b858c729-efcc-4161-8033-8241e78cf6c6@group-62FE52930499-SegmentedRaftLogWorker for RaftStorageImpl:Storage Directory /home/runner/work/ozone/ozone/hadoop-ozone/integration-test/target/test-dir/MiniOzoneClusterImpl-3c3985d8-3248-4f19-a32f-4442bec32466/datanode-2/data/ratis/bd067623-fb3e-4d6b-ae7a-62fe52930499
2023-06-23 00:37:33,027 [b858c729-efcc-4161-8033-8241e78cf6c6-groupManagement] INFO  server.RaftServerConfigKeys (ConfUtils.java:logGet(46)) - raft.server.log.queue.byte-limit = 4294967296 (custom)
2023-06-23 00:37:33,027 [b858c729-efcc-4161-8033-8241e78cf6c6-groupManagement] INFO  server.RaftServerConfigKeys (ConfUtils.java:logGet(46)) - raft.server.log.queue.element-limit = 1024 (custom)
2023-06-23 00:37:33,027 [b858c729-efcc-4161-8033-8241e78cf6c6-groupManagement] INFO  server.RaftServerConfigKeys (ConfUtils.java:logGet(46)) - raft.server.log.segment.size.max = 1048576 (custom)
2023-06-23 00:37:33,027 [b858c729-efcc-4161-8033-8241e78cf6c6-groupManagement] INFO  server.RaftServerConfigKeys (ConfUtils.java:logGet(46)) - raft.server.log.preallocated.size = 16384 (custom)
2023-06-23 00:37:33,027 [b858c729-efcc-4161-8033-8241e78cf6c6-groupManagement] INFO  server.RaftServerConfigKeys (ConfUtils.java:logGet(46)) - raft.server.log.force.sync.num = 128 (default)
2023-06-23 00:37:33,027 [b858c729-efcc-4161-8033-8241e78cf6c6-groupManagement] INFO  server.RaftServerConfigKeys (ConfUtils.java:logGet(46)) - raft.server.log.statemachine.data.sync = true (default)
2023-06-23 00:37:33,027 [b858c729-efcc-4161-8033-8241e78cf6c6-groupManagement] INFO  server.RaftServerConfigKeys (ConfUtils.java:logGet(46)) - raft.server.log.statemachine.data.sync.timeout = 10s (default)
2023-06-23 00:37:33,027 [b858c729-efcc-4161-8033-8241e78cf6c6-groupManagement] INFO  server.RaftServerConfigKeys (ConfUtils.java:logGet(46)) - raft.server.log.statemachine.data.sync.timeout.retry = -1 (default)
2023-06-23 00:37:33,028 [b858c729-efcc-4161-8033-8241e78cf6c6-groupManagement] INFO  server.RaftServerConfigKeys (ConfUtils.java:logGet(46)) - raft.server.log.write.buffer.size = 1048576 (custom)
2023-06-23 00:37:33,028 [b858c729-efcc-4161-8033-8241e78cf6c6-groupManagement] INFO  server.RaftServerConfigKeys (ConfUtils.java:logGet(46)) - raft.server.log.appender.buffer.byte-limit = 33554432 (custom)
2023-06-23 00:37:33,035 [b858c729-efcc-4161-8033-8241e78cf6c6-groupManagement] INFO  server.RaftServerConfigKeys (ConfUtils.java:logGet(46)) - raft.server.log.unsafe-flush.enabled = false (default)
2023-06-23 00:37:33,035 [b858c729-efcc-4161-8033-8241e78cf6c6-groupManagement] INFO  server.RaftServerConfigKeys (ConfUtils.java:logGet(46)) - raft.server.log.async-flush.enabled = false (default)
2023-06-23 00:37:33,035 [b858c729-efcc-4161-8033-8241e78cf6c6-groupManagement] INFO  server.RaftServerConfigKeys (ConfUtils.java:logGet(46)) - raft.server.log.statemachine.data.caching.enabled = true (custom)
2023-06-23 00:37:33,035 [b858c729-efcc-4161-8033-8241e78cf6c6-groupManagement] INFO  segmented.SegmentedRaftLogWorker (SegmentedRaftLogWorker.java:lambda$new$0(135)) - b858c729-efcc-4161-8033-8241e78cf6c6@group-62FE52930499-SegmentedRaftLogWorker: flushIndex: setUnconditionally 0 -> -1
2023-06-23 00:37:33,035 [b858c729-efcc-4161-8033-8241e78cf6c6-groupManagement] INFO  segmented.SegmentedRaftLogWorker (SegmentedRaftLogWorker.java:lambda$new$0(135)) - b858c729-efcc-4161-8033-8241e78cf6c6@group-62FE52930499-SegmentedRaftLogWorker: safeCacheEvictIndex: setUnconditionally 0 -> -1
2023-06-23 00:37:33,036 [b858c729-efcc-4161-8033-8241e78cf6c6-groupManagement] INFO  server.RaftServer$Division (RaftServerImpl.java:start(342)) - b858c729-efcc-4161-8033-8241e78cf6c6@group-62FE52930499: start as a follower, conf=-1: peers:[59e05457-4658-4a4f-b6c2-3fec945af00c|rpc:10.1.0.47:15023|admin:10.1.0.47:15022|client:10.1.0.47:15021|dataStream:10.1.0.47:15024|priority:1|startupRole:FOLLOWER, 0748a88e-a458-4efc-a02e-125962a69d19|rpc:10.1.0.47:15014|admin:10.1.0.47:15013|client:10.1.0.47:15012|dataStream:10.1.0.47:15015|priority:0|startupRole:FOLLOWER, b858c729-efcc-4161-8033-8241e78cf6c6|rpc:10.1.0.47:15032|admin:10.1.0.47:15031|client:10.1.0.47:15030|dataStream:10.1.0.47:15033|priority:0|startupRole:FOLLOWER]|listeners:[], old=null
2023-06-23 00:37:33,036 [b858c729-efcc-4161-8033-8241e78cf6c6-groupManagement] INFO  server.RaftServer$Division (RaftServerImpl.java:setRole(329)) - b858c729-efcc-4161-8033-8241e78cf6c6@group-62FE52930499: changes role from      null to FOLLOWER at term 0 for startAsFollower
2023-06-23 00:37:33,036 [b858c729-efcc-4161-8033-8241e78cf6c6-groupManagement] INFO  impl.RoleInfo (RoleInfo.java:updateAndGet(139)) - b858c729-efcc-4161-8033-8241e78cf6c6: start b858c729-efcc-4161-8033-8241e78cf6c6@group-62FE52930499-FollowerState
2023-06-23 00:37:33,036 [b858c729-efcc-4161-8033-8241e78cf6c6-groupManagement] INFO  util.JmxRegister (JmxRegister.java:tryRegister(44)) - Successfully registered JMX Bean with object name Ratis:service=RaftServer,group=group-62FE52930499,id=b858c729-efcc-4161-8033-8241e78cf6c6
2023-06-23 00:37:33,036 [b858c729-efcc-4161-8033-8241e78cf6c6-groupManagement] INFO  server.RaftServerConfigKeys (ConfUtils.java:logGet(46)) - raft.server.snapshot.auto.trigger.enabled = true (custom)
2023-06-23 00:37:33,036 [b858c729-efcc-4161-8033-8241e78cf6c6-groupManagement] INFO  server.RaftServerConfigKeys (ConfUtils.java:logGet(46)) - raft.server.snapshot.auto.trigger.threshold = 10000 (custom)
2023-06-23 00:37:33,036 [b858c729-efcc-4161-8033-8241e78cf6c6-groupManagement] INFO  server.RaftServerConfigKeys (ConfUtils.java:logGet(46)) - raft.server.snapshot.retention.file.num = 5 (custom)
2023-06-23 00:37:33,036 [b858c729-efcc-4161-8033-8241e78cf6c6-groupManagement] INFO  server.RaftServerConfigKeys (ConfUtils.java:logGet(46)) - raft.server.log.purge.upto.snapshot.index = false (default)
2023-06-23 00:37:33,037 [b858c729-efcc-4161-8033-8241e78cf6c6@group-62FE52930499-FollowerState] INFO  server.RaftServerConfigKeys (ConfUtils.java:logFallback(53)) - raft.server.rpc.first-election.timeout.min = 5s (fallback to raft.server.rpc.timeout.min)
2023-06-23 00:37:33,039 [b858c729-efcc-4161-8033-8241e78cf6c6@group-62FE52930499-FollowerState] INFO  server.RaftServerConfigKeys (ConfUtils.java:logFallback(53)) - raft.server.rpc.first-election.timeout.max = 5200ms (fallback to raft.server.rpc.timeout.max)
2023-06-23 00:37:33,041 [b858c729-efcc-4161-8033-8241e78cf6c6-groupManagement] INFO  server.RaftServer$Division (RaftServerImpl.java:<init>(198)) - b858c729-efcc-4161-8033-8241e78cf6c6: new RaftServerImpl for group-8BFADAF7E580:[59e05457-4658-4a4f-b6c2-3fec945af00c|rpc:10.1.0.47:15023|admin:10.1.0.47:15022|client:10.1.0.47:15021|dataStream:10.1.0.47:15024|priority:0|startupRole:FOLLOWER, 0748a88e-a458-4efc-a02e-125962a69d19|rpc:10.1.0.47:15014|admin:10.1.0.47:15013|client:10.1.0.47:15012|dataStream:10.1.0.47:15015|priority:0|startupRole:FOLLOWER, b858c729-efcc-4161-8033-8241e78cf6c6|rpc:10.1.0.47:15032|admin:10.1.0.47:15031|client:10.1.0.47:15030|dataStream:10.1.0.47:15033|priority:1|startupRole:FOLLOWER] with ContainerStateMachine:uninitialized
2023-06-23 00:37:33,041 [b858c729-efcc-4161-8033-8241e78cf6c6-groupManagement] INFO  server.RaftServerConfigKeys (ConfUtils.java:logGet(46)) - raft.server.rpc.timeout.min = 5s (custom)
2023-06-23 00:37:33,041 [b858c729-efcc-4161-8033-8241e78cf6c6-groupManagement] INFO  server.RaftServerConfigKeys (ConfUtils.java:logGet(46)) - raft.server.rpc.timeout.max = 5200ms (custom)
2023-06-23 00:37:33,041 [b858c729-efcc-4161-8033-8241e78cf6c6-groupManagement] INFO  server.RaftServerConfigKeys (ConfUtils.java:logGet(46)) - raft.server.rpc.sleep.time = 25ms (default)
2023-06-23 00:37:33,041 [b858c729-efcc-4161-8033-8241e78cf6c6-groupManagement] INFO  server.RaftServerConfigKeys (ConfUtils.java:logGet(46)) - raft.server.rpc.slowness.timeout = 300s (custom)
2023-06-23 00:37:33,041 [b858c729-efcc-4161-8033-8241e78cf6c6-groupManagement] INFO  server.RaftServerConfigKeys (ConfUtils.java:logGet(46)) - raft.server.leaderelection.leader.step-down.wait-time = 10s (default)
2023-06-23 00:37:33,041 [b858c729-efcc-4161-8033-8241e78cf6c6-groupManagement] INFO  server.RaftServerConfigKeys (ConfUtils.java:logGet(46)) - raft.server.sleep.deviation.threshold = 300ms (default)
2023-06-23 00:37:33,041 [b858c729-efcc-4161-8033-8241e78cf6c6-groupManagement] INFO  server.RaftServer$Division (ServerState.java:<init>(120)) - b858c729-efcc-4161-8033-8241e78cf6c6@group-8BFADAF7E580: ConfigurationManager, init=-1: peers:[59e05457-4658-4a4f-b6c2-3fec945af00c|rpc:10.1.0.47:15023|admin:10.1.0.47:15022|client:10.1.0.47:15021|dataStream:10.1.0.47:15024|priority:0|startupRole:FOLLOWER, 0748a88e-a458-4efc-a02e-125962a69d19|rpc:10.1.0.47:15014|admin:10.1.0.47:15013|client:10.1.0.47:15012|dataStream:10.1.0.47:15015|priority:0|startupRole:FOLLOWER, b858c729-efcc-4161-8033-8241e78cf6c6|rpc:10.1.0.47:15032|admin:10.1.0.47:15031|client:10.1.0.47:15030|dataStream:10.1.0.47:15033|priority:1|startupRole:FOLLOWER]|listeners:[], old=null, confs=<EMPTY_MAP>
2023-06-23 00:37:33,041 [b858c729-efcc-4161-8033-8241e78cf6c6-groupManagement] INFO  server.RaftServerConfigKeys (ConfUtils.java:logGet(46)) - raft.server.storage.dir = [/home/runner/work/ozone/ozone/hadoop-ozone/integration-test/target/test-dir/MiniOzoneClusterImpl-3c3985d8-3248-4f19-a32f-4442bec32466/datanode-2/data/ratis] (custom)
2023-06-23 00:37:33,042 [b858c729-efcc-4161-8033-8241e78cf6c6-groupManagement] INFO  server.RaftServerConfigKeys (ConfUtils.java:logGet(46)) - raft.server.log.corruption.policy = EXCEPTION (default)
2023-06-23 00:37:33,042 [b858c729-efcc-4161-8033-8241e78cf6c6-groupManagement] INFO  server.RaftServerConfigKeys (ConfUtils.java:logGet(46)) - raft.server.storage.free-space.min = 0MB (=0) (default)
2023-06-23 00:37:33,042 [b858c729-efcc-4161-8033-8241e78cf6c6-groupManagement] INFO  server.RaftServerConfigKeys (ConfUtils.java:logGet(46)) - raft.server.notification.no-leader.timeout = 300s (custom)
2023-06-23 00:37:33,042 [b858c729-efcc-4161-8033-8241e78cf6c6-groupManagement] INFO  server.RaftServerConfigKeys (ConfUtils.java:logGet(46)) - raft.server.read.timeout = 10s (default)
2023-06-23 00:37:33,042 [b858c729-efcc-4161-8033-8241e78cf6c6-groupManagement] INFO  server.RaftServerConfigKeys (ConfUtils.java:logGet(46)) - raft.server.retrycache.expirytime = 600000ms (custom)
2023-06-23 00:37:33,042 [b858c729-efcc-4161-8033-8241e78cf6c6-groupManagement] INFO  server.RaftServerConfigKeys (ConfUtils.java:logGet(46)) - raft.server.retrycache.statistics.expirytime = 100μs (default)
2023-06-23 00:37:33,042 [b858c729-efcc-4161-8033-8241e78cf6c6-groupManagement] INFO  server.RaftServerConfigKeys (ConfUtils.java:logGet(46)) - raft.server.read.option = DEFAULT (default)
2023-06-23 00:37:33,044 [b858c729-efcc-4161-8033-8241e78cf6c6-groupManagement] INFO  server.RaftServerConfigKeys (ConfUtils.java:logGet(46)) - raft.server.rpc.request.timeout = 60s (custom)
2023-06-23 00:37:33,044 [b858c729-efcc-4161-8033-8241e78cf6c6-groupManagement] INFO  server.RaftServerConfigKeys (ConfUtils.java:logGet(46)) - raft.server.log.appender.install.snapshot.enabled = false (custom)
2023-06-23 00:37:33,045 [b858c729-efcc-4161-8033-8241e78cf6c6-groupManagement] INFO  server.RaftServerConfigKeys (ConfUtils.java:logGet(46)) - raft.server.threadpool.server.cached = true (default)
2023-06-23 00:37:33,045 [b858c729-efcc-4161-8033-8241e78cf6c6-groupManagement] INFO  server.RaftServerConfigKeys (ConfUtils.java:logGet(46)) - raft.server.threadpool.server.size = 0 (default)
2023-06-23 00:37:33,045 [b858c729-efcc-4161-8033-8241e78cf6c6-groupManagement] INFO  server.RaftServerConfigKeys (ConfUtils.java:logGet(46)) - raft.server.threadpool.client.cached = true (default)
2023-06-23 00:37:33,045 [b858c729-efcc-4161-8033-8241e78cf6c6-groupManagement] INFO  server.RaftServerConfigKeys (ConfUtils.java:logGet(46)) - raft.server.threadpool.client.size = 0 (default)
2023-06-23 00:37:33,045 [b858c729-efcc-4161-8033-8241e78cf6c6-groupManagement] INFO  storage.RaftStorageDirectory (RaftStorageDirectoryImpl.java:analyzeStorage(137)) - The storage directory /home/runner/work/ozone/ozone/hadoop-ozone/integration-test/target/test-dir/MiniOzoneClusterImpl-3c3985d8-3248-4f19-a32f-4442bec32466/datanode-2/data/ratis/4ba6b6c0-3b37-41b9-b67d-8bfadaf7e580 does not exist. Creating ...
2023-06-23 00:37:33,047 [b858c729-efcc-4161-8033-8241e78cf6c6-groupManagement] INFO  storage.RaftStorageDirectory (RaftStorageDirectoryImpl.java:tryLock(231)) - Lock on /home/runner/work/ozone/ozone/hadoop-ozone/integration-test/target/test-dir/MiniOzoneClusterImpl-3c3985d8-3248-4f19-a32f-4442bec32466/datanode-2/data/ratis/4ba6b6c0-3b37-41b9-b67d-8bfadaf7e580/in_use.lock acquired by nodename 61456@fv-az570-151
2023-06-23 00:37:33,048 [b858c729-efcc-4161-8033-8241e78cf6c6-groupManagement] INFO  storage.RaftStorage (RaftStorageImpl.java:format(96)) - Storage directory /home/runner/work/ozone/ozone/hadoop-ozone/integration-test/target/test-dir/MiniOzoneClusterImpl-3c3985d8-3248-4f19-a32f-4442bec32466/datanode-2/data/ratis/4ba6b6c0-3b37-41b9-b67d-8bfadaf7e580 has been successfully formatted.
2023-06-23 00:37:33,049 [b858c729-efcc-4161-8033-8241e78cf6c6-groupManagement] INFO  ratis.ContainerStateMachine (ContainerStateMachine.java:loadSnapshot(262)) - group-8BFADAF7E580: The snapshot info is null. Setting the last applied indexto:(t:0, i:~)
2023-06-23 00:37:33,049 [b858c729-efcc-4161-8033-8241e78cf6c6-groupManagement] INFO  server.RaftServerConfigKeys (ConfUtils.java:logGet(46)) - raft.server.log.use.memory = false (default)
2023-06-23 00:37:33,050 [b858c729-efcc-4161-8033-8241e78cf6c6-groupManagement] INFO  server.RaftServerConfigKeys (ConfUtils.java:logGet(46)) - raft.server.log.purge.gap = 1000000 (custom)
2023-06-23 00:37:33,050 [b858c729-efcc-4161-8033-8241e78cf6c6-groupManagement] INFO  server.RaftServerConfigKeys (ConfUtils.java:logGet(46)) - raft.server.log.appender.buffer.byte-limit = 33554432 (custom)
2023-06-23 00:37:33,050 [b858c729-efcc-4161-8033-8241e78cf6c6-groupManagement] INFO  server.RaftServerConfigKeys (ConfUtils.java:logGet(46)) - raft.server.log.statemachine.data.read.timeout = 1000ms (default)
2023-06-23 00:37:33,050 [b858c729-efcc-4161-8033-8241e78cf6c6-groupManagement] INFO  server.RaftServerConfigKeys (ConfUtils.java:logGet(46)) - raft.server.log.purge.preservation.log.num = 0 (default)
2023-06-23 00:37:33,050 [b858c729-efcc-4161-8033-8241e78cf6c6-groupManagement] INFO  server.RaftServerConfigKeys (ConfUtils.java:logGet(46)) - raft.server.log.segment.size.max = 1048576 (custom)
2023-06-23 00:37:33,050 [b858c729-efcc-4161-8033-8241e78cf6c6-groupManagement] INFO  server.RaftServerConfigKeys (ConfUtils.java:logGet(46)) - raft.server.log.segment.cache.num.max = 2 (custom)
2023-06-23 00:37:33,050 [b858c729-efcc-4161-8033-8241e78cf6c6-groupManagement] INFO  server.RaftServerConfigKeys (ConfUtils.java:logGet(46)) - raft.server.log.segment.cache.size.max = 200MB (=209715200) (default)
2023-06-23 00:37:33,051 [b858c729-efcc-4161-8033-8241e78cf6c6-groupManagement] INFO  server.RaftServerConfigKeys (ConfUtils.java:logGet(46)) - raft.server.log.appender.buffer.byte-limit = 33554432 (custom)
2023-06-23 00:37:33,051 [b858c729-efcc-4161-8033-8241e78cf6c6-groupManagement] INFO  segmented.SegmentedRaftLogWorker (SegmentedRaftLogWorker.java:<init>(188)) - new b858c729-efcc-4161-8033-8241e78cf6c6@group-8BFADAF7E580-SegmentedRaftLogWorker for RaftStorageImpl:Storage Directory /home/runner/work/ozone/ozone/hadoop-ozone/integration-test/target/test-dir/MiniOzoneClusterImpl-3c3985d8-3248-4f19-a32f-4442bec32466/datanode-2/data/ratis/4ba6b6c0-3b37-41b9-b67d-8bfadaf7e580
2023-06-23 00:37:33,051 [b858c729-efcc-4161-8033-8241e78cf6c6-groupManagement] INFO  server.RaftServerConfigKeys (ConfUtils.java:logGet(46)) - raft.server.log.queue.byte-limit = 4294967296 (custom)
2023-06-23 00:37:33,051 [b858c729-efcc-4161-8033-8241e78cf6c6-groupManagement] INFO  server.RaftServerConfigKeys (ConfUtils.java:logGet(46)) - raft.server.log.queue.element-limit = 1024 (custom)
2023-06-23 00:37:33,051 [b858c729-efcc-4161-8033-8241e78cf6c6-groupManagement] INFO  server.RaftServerConfigKeys (ConfUtils.java:logGet(46)) - raft.server.log.segment.size.max = 1048576 (custom)
2023-06-23 00:37:33,051 [b858c729-efcc-4161-8033-8241e78cf6c6-groupManagement] INFO  server.RaftServerConfigKeys (ConfUtils.java:logGet(46)) - raft.server.log.preallocated.size = 16384 (custom)
2023-06-23 00:37:33,051 [b858c729-efcc-4161-8033-8241e78cf6c6-groupManagement] INFO  server.RaftServerConfigKeys (ConfUtils.java:logGet(46)) - raft.server.log.force.sync.num = 128 (default)
2023-06-23 00:37:33,051 [b858c729-efcc-4161-8033-8241e78cf6c6-groupManagement] INFO  server.RaftServerConfigKeys (ConfUtils.java:logGet(46)) - raft.server.log.statemachine.data.sync = true (default)
2023-06-23 00:37:33,051 [b858c729-efcc-4161-8033-8241e78cf6c6-groupManagement] INFO  server.RaftServerConfigKeys (ConfUtils.java:logGet(46)) - raft.server.log.statemachine.data.sync.timeout = 10s (default)
2023-06-23 00:37:33,051 [b858c729-efcc-4161-8033-8241e78cf6c6-groupManagement] INFO  server.RaftServerConfigKeys (ConfUtils.java:logGet(46)) - raft.server.log.statemachine.data.sync.timeout.retry = -1 (default)
2023-06-23 00:37:33,052 [b858c729-efcc-4161-8033-8241e78cf6c6-groupManagement] INFO  server.RaftServerConfigKeys (ConfUtils.java:logGet(46)) - raft.server.log.write.buffer.size = 1048576 (custom)
2023-06-23 00:37:33,052 [b858c729-efcc-4161-8033-8241e78cf6c6-groupManagement] INFO  server.RaftServerConfigKeys (ConfUtils.java:logGet(46)) - raft.server.log.appender.buffer.byte-limit = 33554432 (custom)
2023-06-23 00:37:33,060 [b858c729-efcc-4161-8033-8241e78cf6c6-groupManagement] INFO  server.RaftServerConfigKeys (ConfUtils.java:logGet(46)) - raft.server.log.unsafe-flush.enabled = false (default)
2023-06-23 00:37:33,060 [b858c729-efcc-4161-8033-8241e78cf6c6-groupManagement] INFO  server.RaftServerConfigKeys (ConfUtils.java:logGet(46)) - raft.server.log.async-flush.enabled = false (default)
2023-06-23 00:37:33,060 [b858c729-efcc-4161-8033-8241e78cf6c6-groupManagement] INFO  server.RaftServerConfigKeys (ConfUtils.java:logGet(46)) - raft.server.log.statemachine.data.caching.enabled = true (custom)
2023-06-23 00:37:33,060 [b858c729-efcc-4161-8033-8241e78cf6c6-groupManagement] INFO  segmented.SegmentedRaftLogWorker (SegmentedRaftLogWorker.java:lambda$new$0(135)) - b858c729-efcc-4161-8033-8241e78cf6c6@group-8BFADAF7E580-SegmentedRaftLogWorker: flushIndex: setUnconditionally 0 -> -1
2023-06-23 00:37:33,060 [b858c729-efcc-4161-8033-8241e78cf6c6-groupManagement] INFO  segmented.SegmentedRaftLogWorker (SegmentedRaftLogWorker.java:lambda$new$0(135)) - b858c729-efcc-4161-8033-8241e78cf6c6@group-8BFADAF7E580-SegmentedRaftLogWorker: safeCacheEvictIndex: setUnconditionally 0 -> -1
2023-06-23 00:37:33,060 [b858c729-efcc-4161-8033-8241e78cf6c6-groupManagement] INFO  server.RaftServer$Division (RaftServerImpl.java:start(342)) - b858c729-efcc-4161-8033-8241e78cf6c6@group-8BFADAF7E580: start as a follower, conf=-1: peers:[59e05457-4658-4a4f-b6c2-3fec945af00c|rpc:10.1.0.47:15023|admin:10.1.0.47:15022|client:10.1.0.47:15021|dataStream:10.1.0.47:15024|priority:0|startupRole:FOLLOWER, 0748a88e-a458-4efc-a02e-125962a69d19|rpc:10.1.0.47:15014|admin:10.1.0.47:15013|client:10.1.0.47:15012|dataStream:10.1.0.47:15015|priority:0|startupRole:FOLLOWER, b858c729-efcc-4161-8033-8241e78cf6c6|rpc:10.1.0.47:15032|admin:10.1.0.47:15031|client:10.1.0.47:15030|dataStream:10.1.0.47:15033|priority:1|startupRole:FOLLOWER]|listeners:[], old=null
2023-06-23 00:37:33,060 [b858c729-efcc-4161-8033-8241e78cf6c6-groupManagement] INFO  server.RaftServer$Division (RaftServerImpl.java:setRole(329)) - b858c729-efcc-4161-8033-8241e78cf6c6@group-8BFADAF7E580: changes role from      null to FOLLOWER at term 0 for startAsFollower
2023-06-23 00:37:33,060 [b858c729-efcc-4161-8033-8241e78cf6c6-groupManagement] INFO  impl.RoleInfo (RoleInfo.java:updateAndGet(139)) - b858c729-efcc-4161-8033-8241e78cf6c6: start b858c729-efcc-4161-8033-8241e78cf6c6@group-8BFADAF7E580-FollowerState
2023-06-23 00:37:33,061 [b858c729-efcc-4161-8033-8241e78cf6c6-groupManagement] INFO  util.JmxRegister (JmxRegister.java:tryRegister(44)) - Successfully registered JMX Bean with object name Ratis:service=RaftServer,group=group-8BFADAF7E580,id=b858c729-efcc-4161-8033-8241e78cf6c6
2023-06-23 00:37:33,061 [b858c729-efcc-4161-8033-8241e78cf6c6-groupManagement] INFO  server.RaftServerConfigKeys (ConfUtils.java:logGet(46)) - raft.server.snapshot.auto.trigger.enabled = true (custom)
2023-06-23 00:37:33,061 [b858c729-efcc-4161-8033-8241e78cf6c6-groupManagement] INFO  server.RaftServerConfigKeys (ConfUtils.java:logGet(46)) - raft.server.snapshot.auto.trigger.threshold = 10000 (custom)
2023-06-23 00:37:33,061 [b858c729-efcc-4161-8033-8241e78cf6c6-groupManagement] INFO  server.RaftServerConfigKeys (ConfUtils.java:logGet(46)) - raft.server.snapshot.retention.file.num = 5 (custom)
2023-06-23 00:37:33,061 [b858c729-efcc-4161-8033-8241e78cf6c6-groupManagement] INFO  server.RaftServerConfigKeys (ConfUtils.java:logGet(46)) - raft.server.log.purge.upto.snapshot.index = false (default)
2023-06-23 00:37:33,062 [b858c729-efcc-4161-8033-8241e78cf6c6@group-8BFADAF7E580-FollowerState] INFO  server.RaftServerConfigKeys (ConfUtils.java:logFallback(53)) - raft.server.rpc.first-election.timeout.min = 5s (fallback to raft.server.rpc.timeout.min)
2023-06-23 00:37:33,067 [b858c729-efcc-4161-8033-8241e78cf6c6@group-8BFADAF7E580-FollowerState] INFO  server.RaftServerConfigKeys (ConfUtils.java:logFallback(53)) - raft.server.rpc.first-election.timeout.max = 5200ms (fallback to raft.server.rpc.timeout.max)
2023-06-23 00:37:33,084 [PipelineCommandHandlerThread-0] INFO  commandhandler.CreatePipelineCommandHandler (CreatePipelineCommandHandler.java:lambda$handle$2(124)) - Created Pipeline RATIS THREE PipelineID=4ba6b6c0-3b37-41b9-b67d-8bfadaf7e580.
2023-06-23 00:37:33,084 [PipelineCommandHandlerThread-0] INFO  server.RaftServer (RaftServerProxy.java:addNew(98)) - 0748a88e-a458-4efc-a02e-125962a69d19: addNew group-62FE52930499:[59e05457-4658-4a4f-b6c2-3fec945af00c|rpc:10.1.0.47:15023|admin:10.1.0.47:15022|client:10.1.0.47:15021|dataStream:10.1.0.47:15024|priority:1|startupRole:FOLLOWER, 0748a88e-a458-4efc-a02e-125962a69d19|rpc:10.1.0.47:15014|admin:10.1.0.47:15013|client:10.1.0.47:15012|dataStream:10.1.0.47:15015|priority:0|startupRole:FOLLOWER, b858c729-efcc-4161-8033-8241e78cf6c6|rpc:10.1.0.47:15032|admin:10.1.0.47:15031|client:10.1.0.47:15030|dataStream:10.1.0.47:15033|priority:0|startupRole:FOLLOWER] returns group-62FE52930499:java.util.concurrent.CompletableFuture@29e8b6da[Not completed]
2023-06-23 00:37:33,085 [0748a88e-a458-4efc-a02e-125962a69d19-groupManagement] INFO  server.RaftServer$Division (RaftServerImpl.java:<init>(198)) - 0748a88e-a458-4efc-a02e-125962a69d19: new RaftServerImpl for group-62FE52930499:[59e05457-4658-4a4f-b6c2-3fec945af00c|rpc:10.1.0.47:15023|admin:10.1.0.47:15022|client:10.1.0.47:15021|dataStream:10.1.0.47:15024|priority:1|startupRole:FOLLOWER, 0748a88e-a458-4efc-a02e-125962a69d19|rpc:10.1.0.47:15014|admin:10.1.0.47:15013|client:10.1.0.47:15012|dataStream:10.1.0.47:15015|priority:0|startupRole:FOLLOWER, b858c729-efcc-4161-8033-8241e78cf6c6|rpc:10.1.0.47:15032|admin:10.1.0.47:15031|client:10.1.0.47:15030|dataStream:10.1.0.47:15033|priority:0|startupRole:FOLLOWER] with ContainerStateMachine:uninitialized
2023-06-23 00:37:33,085 [0748a88e-a458-4efc-a02e-125962a69d19-groupManagement] INFO  server.RaftServerConfigKeys (ConfUtils.java:logGet(46)) - raft.server.rpc.timeout.min = 5s (custom)
2023-06-23 00:37:33,085 [0748a88e-a458-4efc-a02e-125962a69d19-groupManagement] INFO  server.RaftServerConfigKeys (ConfUtils.java:logGet(46)) - raft.server.rpc.timeout.max = 5200ms (custom)
2023-06-23 00:37:33,085 [0748a88e-a458-4efc-a02e-125962a69d19-groupManagement] INFO  server.RaftServerConfigKeys (ConfUtils.java:logGet(46)) - raft.server.rpc.sleep.time = 25ms (default)
2023-06-23 00:37:33,085 [0748a88e-a458-4efc-a02e-125962a69d19-groupManagement] INFO  server.RaftServerConfigKeys (ConfUtils.java:logGet(46)) - raft.server.rpc.slowness.timeout = 300s (custom)
2023-06-23 00:37:33,085 [0748a88e-a458-4efc-a02e-125962a69d19-groupManagement] INFO  server.RaftServerConfigKeys (ConfUtils.java:logGet(46)) - raft.server.leaderelection.leader.step-down.wait-time = 10s (default)
2023-06-23 00:37:33,085 [0748a88e-a458-4efc-a02e-125962a69d19-groupManagement] INFO  server.RaftServerConfigKeys (ConfUtils.java:logGet(46)) - raft.server.sleep.deviation.threshold = 300ms (default)
2023-06-23 00:37:33,085 [0748a88e-a458-4efc-a02e-125962a69d19-groupManagement] INFO  server.RaftServer$Division (ServerState.java:<init>(120)) - 0748a88e-a458-4efc-a02e-125962a69d19@group-62FE52930499: ConfigurationManager, init=-1: peers:[59e05457-4658-4a4f-b6c2-3fec945af00c|rpc:10.1.0.47:15023|admin:10.1.0.47:15022|client:10.1.0.47:15021|dataStream:10.1.0.47:15024|priority:1|startupRole:FOLLOWER, 0748a88e-a458-4efc-a02e-125962a69d19|rpc:10.1.0.47:15014|admin:10.1.0.47:15013|client:10.1.0.47:15012|dataStream:10.1.0.47:15015|priority:0|startupRole:FOLLOWER, b858c729-efcc-4161-8033-8241e78cf6c6|rpc:10.1.0.47:15032|admin:10.1.0.47:15031|client:10.1.0.47:15030|dataStream:10.1.0.47:15033|priority:0|startupRole:FOLLOWER]|listeners:[], old=null, confs=<EMPTY_MAP>
2023-06-23 00:37:33,085 [0748a88e-a458-4efc-a02e-125962a69d19-groupManagement] INFO  server.RaftServerConfigKeys (ConfUtils.java:logGet(46)) - raft.server.storage.dir = [/home/runner/work/ozone/ozone/hadoop-ozone/integration-test/target/test-dir/MiniOzoneClusterImpl-3c3985d8-3248-4f19-a32f-4442bec32466/datanode-0/data/ratis] (custom)
2023-06-23 00:37:33,086 [0748a88e-a458-4efc-a02e-125962a69d19-groupManagement] INFO  server.RaftServerConfigKeys (ConfUtils.java:logGet(46)) - raft.server.log.corruption.policy = EXCEPTION (default)
2023-06-23 00:37:33,086 [0748a88e-a458-4efc-a02e-125962a69d19-groupManagement] INFO  server.RaftServerConfigKeys (ConfUtils.java:logGet(46)) - raft.server.storage.free-space.min = 0MB (=0) (default)
2023-06-23 00:37:33,086 [0748a88e-a458-4efc-a02e-125962a69d19-groupManagement] INFO  server.RaftServerConfigKeys (ConfUtils.java:logGet(46)) - raft.server.notification.no-leader.timeout = 300s (custom)
2023-06-23 00:37:33,086 [0748a88e-a458-4efc-a02e-125962a69d19-groupManagement] INFO  server.RaftServerConfigKeys (ConfUtils.java:logGet(46)) - raft.server.read.timeout = 10s (default)
2023-06-23 00:37:33,086 [0748a88e-a458-4efc-a02e-125962a69d19-groupManagement] INFO  server.RaftServerConfigKeys (ConfUtils.java:logGet(46)) - raft.server.retrycache.expirytime = 600000ms (custom)
2023-06-23 00:37:33,086 [0748a88e-a458-4efc-a02e-125962a69d19-groupManagement] INFO  server.RaftServerConfigKeys (ConfUtils.java:logGet(46)) - raft.server.retrycache.statistics.expirytime = 100μs (default)
2023-06-23 00:37:33,086 [0748a88e-a458-4efc-a02e-125962a69d19-groupManagement] INFO  server.RaftServerConfigKeys (ConfUtils.java:logGet(46)) - raft.server.read.option = DEFAULT (default)
2023-06-23 00:37:33,093 [0748a88e-a458-4efc-a02e-125962a69d19-groupManagement] INFO  server.RaftServerConfigKeys (ConfUtils.java:logGet(46)) - raft.server.rpc.request.timeout = 60s (custom)
2023-06-23 00:37:33,093 [0748a88e-a458-4efc-a02e-125962a69d19-groupManagement] INFO  server.RaftServerConfigKeys (ConfUtils.java:logGet(46)) - raft.server.log.appender.install.snapshot.enabled = false (custom)
2023-06-23 00:37:33,093 [0748a88e-a458-4efc-a02e-125962a69d19-groupManagement] INFO  server.RaftServerConfigKeys (ConfUtils.java:logGet(46)) - raft.server.threadpool.server.cached = true (default)
2023-06-23 00:37:33,093 [0748a88e-a458-4efc-a02e-125962a69d19-groupManagement] INFO  server.RaftServerConfigKeys (ConfUtils.java:logGet(46)) - raft.server.threadpool.server.size = 0 (default)
2023-06-23 00:37:33,093 [0748a88e-a458-4efc-a02e-125962a69d19-groupManagement] INFO  server.RaftServerConfigKeys (ConfUtils.java:logGet(46)) - raft.server.threadpool.client.cached = true (default)
2023-06-23 00:37:33,093 [0748a88e-a458-4efc-a02e-125962a69d19-groupManagement] INFO  server.RaftServerConfigKeys (ConfUtils.java:logGet(46)) - raft.server.threadpool.client.size = 0 (default)
2023-06-23 00:37:33,093 [0748a88e-a458-4efc-a02e-125962a69d19-groupManagement] INFO  storage.RaftStorageDirectory (RaftStorageDirectoryImpl.java:analyzeStorage(137)) - The storage directory /home/runner/work/ozone/ozone/hadoop-ozone/integration-test/target/test-dir/MiniOzoneClusterImpl-3c3985d8-3248-4f19-a32f-4442bec32466/datanode-0/data/ratis/bd067623-fb3e-4d6b-ae7a-62fe52930499 does not exist. Creating ...
2023-06-23 00:37:33,095 [0748a88e-a458-4efc-a02e-125962a69d19-groupManagement] INFO  storage.RaftStorageDirectory (RaftStorageDirectoryImpl.java:tryLock(231)) - Lock on /home/runner/work/ozone/ozone/hadoop-ozone/integration-test/target/test-dir/MiniOzoneClusterImpl-3c3985d8-3248-4f19-a32f-4442bec32466/datanode-0/data/ratis/bd067623-fb3e-4d6b-ae7a-62fe52930499/in_use.lock acquired by nodename 61456@fv-az570-151
2023-06-23 00:37:33,098 [0748a88e-a458-4efc-a02e-125962a69d19-groupManagement] INFO  storage.RaftStorage (RaftStorageImpl.java:format(96)) - Storage directory /home/runner/work/ozone/ozone/hadoop-ozone/integration-test/target/test-dir/MiniOzoneClusterImpl-3c3985d8-3248-4f19-a32f-4442bec32466/datanode-0/data/ratis/bd067623-fb3e-4d6b-ae7a-62fe52930499 has been successfully formatted.
2023-06-23 00:37:33,099 [0748a88e-a458-4efc-a02e-125962a69d19-groupManagement] INFO  ratis.ContainerStateMachine (ContainerStateMachine.java:loadSnapshot(262)) - group-62FE52930499: The snapshot info is null. Setting the last applied indexto:(t:0, i:~)
2023-06-23 00:37:33,099 [0748a88e-a458-4efc-a02e-125962a69d19-groupManagement] INFO  server.RaftServerConfigKeys (ConfUtils.java:logGet(46)) - raft.server.log.use.memory = false (default)
2023-06-23 00:37:33,099 [0748a88e-a458-4efc-a02e-125962a69d19-groupManagement] INFO  server.RaftServerConfigKeys (ConfUtils.java:logGet(46)) - raft.server.log.purge.gap = 1000000 (custom)
2023-06-23 00:37:33,099 [0748a88e-a458-4efc-a02e-125962a69d19-groupManagement] INFO  server.RaftServerConfigKeys (ConfUtils.java:logGet(46)) - raft.server.log.appender.buffer.byte-limit = 33554432 (custom)
2023-06-23 00:37:33,099 [0748a88e-a458-4efc-a02e-125962a69d19-groupManagement] INFO  server.RaftServerConfigKeys (ConfUtils.java:logGet(46)) - raft.server.log.statemachine.data.read.timeout = 1000ms (default)
2023-06-23 00:37:33,100 [0748a88e-a458-4efc-a02e-125962a69d19-groupManagement] INFO  server.RaftServerConfigKeys (ConfUtils.java:logGet(46)) - raft.server.log.purge.preservation.log.num = 0 (default)
2023-06-23 00:37:33,100 [0748a88e-a458-4efc-a02e-125962a69d19-groupManagement] INFO  server.RaftServerConfigKeys (ConfUtils.java:logGet(46)) - raft.server.log.segment.size.max = 1048576 (custom)
2023-06-23 00:37:33,101 [0748a88e-a458-4efc-a02e-125962a69d19-groupManagement] INFO  server.RaftServerConfigKeys (ConfUtils.java:logGet(46)) - raft.server.log.segment.cache.num.max = 2 (custom)
2023-06-23 00:37:33,101 [0748a88e-a458-4efc-a02e-125962a69d19-groupManagement] INFO  server.RaftServerConfigKeys (ConfUtils.java:logGet(46)) - raft.server.log.segment.cache.size.max = 200MB (=209715200) (default)
2023-06-23 00:37:33,101 [0748a88e-a458-4efc-a02e-125962a69d19-groupManagement] INFO  server.RaftServerConfigKeys (ConfUtils.java:logGet(46)) - raft.server.log.appender.buffer.byte-limit = 33554432 (custom)
2023-06-23 00:37:33,101 [0748a88e-a458-4efc-a02e-125962a69d19-groupManagement] INFO  segmented.SegmentedRaftLogWorker (SegmentedRaftLogWorker.java:<init>(188)) - new 0748a88e-a458-4efc-a02e-125962a69d19@group-62FE52930499-SegmentedRaftLogWorker for RaftStorageImpl:Storage Directory /home/runner/work/ozone/ozone/hadoop-ozone/integration-test/target/test-dir/MiniOzoneClusterImpl-3c3985d8-3248-4f19-a32f-4442bec32466/datanode-0/data/ratis/bd067623-fb3e-4d6b-ae7a-62fe52930499
2023-06-23 00:37:33,101 [0748a88e-a458-4efc-a02e-125962a69d19-groupManagement] INFO  server.RaftServerConfigKeys (ConfUtils.java:logGet(46)) - raft.server.log.queue.byte-limit = 4294967296 (custom)
2023-06-23 00:37:33,101 [0748a88e-a458-4efc-a02e-125962a69d19-groupManagement] INFO  server.RaftServerConfigKeys (ConfUtils.java:logGet(46)) - raft.server.log.queue.element-limit = 1024 (custom)
2023-06-23 00:37:33,101 [0748a88e-a458-4efc-a02e-125962a69d19-groupManagement] INFO  server.RaftServerConfigKeys (ConfUtils.java:logGet(46)) - raft.server.log.segment.size.max = 1048576 (custom)
2023-06-23 00:37:33,101 [0748a88e-a458-4efc-a02e-125962a69d19-groupManagement] INFO  server.RaftServerConfigKeys (ConfUtils.java:logGet(46)) - raft.server.log.preallocated.size = 16384 (custom)
2023-06-23 00:37:33,101 [0748a88e-a458-4efc-a02e-125962a69d19-groupManagement] INFO  server.RaftServerConfigKeys (ConfUtils.java:logGet(46)) - raft.server.log.force.sync.num = 128 (default)
2023-06-23 00:37:33,101 [0748a88e-a458-4efc-a02e-125962a69d19-groupManagement] INFO  server.RaftServerConfigKeys (ConfUtils.java:logGet(46)) - raft.server.log.statemachine.data.sync = true (default)
2023-06-23 00:37:33,101 [0748a88e-a458-4efc-a02e-125962a69d19-groupManagement] INFO  server.RaftServerConfigKeys (ConfUtils.java:logGet(46)) - raft.server.log.statemachine.data.sync.timeout = 10s (default)
2023-06-23 00:37:33,101 [0748a88e-a458-4efc-a02e-125962a69d19-groupManagement] INFO  server.RaftServerConfigKeys (ConfUtils.java:logGet(46)) - raft.server.log.statemachine.data.sync.timeout.retry = -1 (default)
2023-06-23 00:37:33,102 [0748a88e-a458-4efc-a02e-125962a69d19-groupManagement] INFO  server.RaftServerConfigKeys (ConfUtils.java:logGet(46)) - raft.server.log.write.buffer.size = 1048576 (custom)
2023-06-23 00:37:33,103 [0748a88e-a458-4efc-a02e-125962a69d19-groupManagement] INFO  server.RaftServerConfigKeys (ConfUtils.java:logGet(46)) - raft.server.log.appender.buffer.byte-limit = 33554432 (custom)
2023-06-23 00:37:33,119 [0748a88e-a458-4efc-a02e-125962a69d19-groupManagement] INFO  server.RaftServerConfigKeys (ConfUtils.java:logGet(46)) - raft.server.log.unsafe-flush.enabled = false (default)
2023-06-23 00:37:33,119 [EventQueue-OpenPipelineForHealthyPipelineSafeModeRule] INFO  safemode.SCMSafeModeManager (HealthyPipelineSafeModeRule.java:process(137)) - SCM in safe mode. Healthy pipelines reported count is 0, required healthy pipeline reported count is 1
2023-06-23 00:37:33,127 [0748a88e-a458-4efc-a02e-125962a69d19-groupManagement] INFO  server.RaftServerConfigKeys (ConfUtils.java:logGet(46)) - raft.server.log.async-flush.enabled = false (default)
2023-06-23 00:37:33,127 [0748a88e-a458-4efc-a02e-125962a69d19-groupManagement] INFO  server.RaftServerConfigKeys (ConfUtils.java:logGet(46)) - raft.server.log.statemachine.data.caching.enabled = true (custom)
2023-06-23 00:37:33,127 [0748a88e-a458-4efc-a02e-125962a69d19-groupManagement] INFO  segmented.SegmentedRaftLogWorker (SegmentedRaftLogWorker.java:lambda$new$0(135)) - 0748a88e-a458-4efc-a02e-125962a69d19@group-62FE52930499-SegmentedRaftLogWorker: flushIndex: setUnconditionally 0 -> -1
2023-06-23 00:37:33,127 [0748a88e-a458-4efc-a02e-125962a69d19-groupManagement] INFO  segmented.SegmentedRaftLogWorker (SegmentedRaftLogWorker.java:lambda$new$0(135)) - 0748a88e-a458-4efc-a02e-125962a69d19@group-62FE52930499-SegmentedRaftLogWorker: safeCacheEvictIndex: setUnconditionally 0 -> -1
2023-06-23 00:37:33,130 [0748a88e-a458-4efc-a02e-125962a69d19-groupManagement] INFO  server.RaftServer$Division (RaftServerImpl.java:start(342)) - 0748a88e-a458-4efc-a02e-125962a69d19@group-62FE52930499: start as a follower, conf=-1: peers:[59e05457-4658-4a4f-b6c2-3fec945af00c|rpc:10.1.0.47:15023|admin:10.1.0.47:15022|client:10.1.0.47:15021|dataStream:10.1.0.47:15024|priority:1|startupRole:FOLLOWER, 0748a88e-a458-4efc-a02e-125962a69d19|rpc:10.1.0.47:15014|admin:10.1.0.47:15013|client:10.1.0.47:15012|dataStream:10.1.0.47:15015|priority:0|startupRole:FOLLOWER, b858c729-efcc-4161-8033-8241e78cf6c6|rpc:10.1.0.47:15032|admin:10.1.0.47:15031|client:10.1.0.47:15030|dataStream:10.1.0.47:15033|priority:0|startupRole:FOLLOWER]|listeners:[], old=null
2023-06-23 00:37:33,130 [0748a88e-a458-4efc-a02e-125962a69d19-groupManagement] INFO  server.RaftServer$Division (RaftServerImpl.java:setRole(329)) - 0748a88e-a458-4efc-a02e-125962a69d19@group-62FE52930499: changes role from      null to FOLLOWER at term 0 for startAsFollower
2023-06-23 00:37:33,132 [0748a88e-a458-4efc-a02e-125962a69d19-groupManagement] INFO  impl.RoleInfo (RoleInfo.java:updateAndGet(139)) - 0748a88e-a458-4efc-a02e-125962a69d19: start 0748a88e-a458-4efc-a02e-125962a69d19@group-62FE52930499-FollowerState
2023-06-23 00:37:33,140 [0748a88e-a458-4efc-a02e-125962a69d19-groupManagement] INFO  util.JmxRegister (JmxRegister.java:tryRegister(44)) - Successfully registered JMX Bean with object name Ratis:service=RaftServer,group=group-62FE52930499,id=0748a88e-a458-4efc-a02e-125962a69d19
2023-06-23 00:37:33,141 [0748a88e-a458-4efc-a02e-125962a69d19@group-62FE52930499-FollowerState] INFO  server.RaftServerConfigKeys (ConfUtils.java:logFallback(53)) - raft.server.rpc.first-election.timeout.min = 5s (fallback to raft.server.rpc.timeout.min)
2023-06-23 00:37:33,142 [0748a88e-a458-4efc-a02e-125962a69d19@group-62FE52930499-FollowerState] INFO  server.RaftServerConfigKeys (ConfUtils.java:logFallback(53)) - raft.server.rpc.first-election.timeout.max = 5200ms (fallback to raft.server.rpc.timeout.max)
2023-06-23 00:37:33,141 [0748a88e-a458-4efc-a02e-125962a69d19-groupManagement] INFO  server.RaftServerConfigKeys (ConfUtils.java:logGet(46)) - raft.server.snapshot.auto.trigger.enabled = true (custom)
2023-06-23 00:37:33,142 [0748a88e-a458-4efc-a02e-125962a69d19-groupManagement] INFO  server.RaftServerConfigKeys (ConfUtils.java:logGet(46)) - raft.server.snapshot.auto.trigger.threshold = 10000 (custom)
2023-06-23 00:37:33,142 [0748a88e-a458-4efc-a02e-125962a69d19-groupManagement] INFO  server.RaftServerConfigKeys (ConfUtils.java:logGet(46)) - raft.server.snapshot.retention.file.num = 5 (custom)
2023-06-23 00:37:33,142 [0748a88e-a458-4efc-a02e-125962a69d19-groupManagement] INFO  server.RaftServerConfigKeys (ConfUtils.java:logGet(46)) - raft.server.log.purge.upto.snapshot.index = false (default)
2023-06-23 00:37:33,151 [PipelineCommandHandlerThread-0] INFO  ratis.XceiverServerRatis (XceiverServerRatis.java:addGroup(804)) - Created group PipelineID=bd067623-fb3e-4d6b-ae7a-62fe52930499
2023-06-23 00:37:33,159 [PipelineCommandHandlerThread-0] INFO  server.RaftServer (RaftServerProxy.java:addNew(98)) - b858c729-efcc-4161-8033-8241e78cf6c6: addNew group-3B62BE7C1B2A:[b858c729-efcc-4161-8033-8241e78cf6c6|rpc:10.1.0.47:15032|admin:10.1.0.47:15031|client:10.1.0.47:15030|dataStream:10.1.0.47:15033|priority:1|startupRole:FOLLOWER] returns group-3B62BE7C1B2A:java.util.concurrent.CompletableFuture@59e837ff[Not completed]
2023-06-23 00:37:33,160 [b858c729-efcc-4161-8033-8241e78cf6c6-groupManagement] INFO  server.RaftServer$Division (RaftServerImpl.java:<init>(198)) - b858c729-efcc-4161-8033-8241e78cf6c6: new RaftServerImpl for group-3B62BE7C1B2A:[b858c729-efcc-4161-8033-8241e78cf6c6|rpc:10.1.0.47:15032|admin:10.1.0.47:15031|client:10.1.0.47:15030|dataStream:10.1.0.47:15033|priority:1|startupRole:FOLLOWER] with ContainerStateMachine:uninitialized
2023-06-23 00:37:33,160 [b858c729-efcc-4161-8033-8241e78cf6c6-groupManagement] INFO  server.RaftServerConfigKeys (ConfUtils.java:logGet(46)) - raft.server.rpc.timeout.min = 5s (custom)
2023-06-23 00:37:33,160 [b858c729-efcc-4161-8033-8241e78cf6c6-groupManagement] INFO  server.RaftServerConfigKeys (ConfUtils.java:logGet(46)) - raft.server.rpc.timeout.max = 5200ms (custom)
2023-06-23 00:37:33,160 [b858c729-efcc-4161-8033-8241e78cf6c6-groupManagement] INFO  server.RaftServerConfigKeys (ConfUtils.java:logGet(46)) - raft.server.rpc.sleep.time = 25ms (default)
2023-06-23 00:37:33,160 [b858c729-efcc-4161-8033-8241e78cf6c6-groupManagement] INFO  server.RaftServerConfigKeys (ConfUtils.java:logGet(46)) - raft.server.rpc.slowness.timeout = 300s (custom)
2023-06-23 00:37:33,160 [b858c729-efcc-4161-8033-8241e78cf6c6-groupManagement] INFO  server.RaftServerConfigKeys (ConfUtils.java:logGet(46)) - raft.server.leaderelection.leader.step-down.wait-time = 10s (default)
2023-06-23 00:37:33,160 [b858c729-efcc-4161-8033-8241e78cf6c6-groupManagement] INFO  server.RaftServerConfigKeys (ConfUtils.java:logGet(46)) - raft.server.sleep.deviation.threshold = 300ms (default)
2023-06-23 00:37:33,160 [b858c729-efcc-4161-8033-8241e78cf6c6-groupManagement] INFO  server.RaftServer$Division (ServerState.java:<init>(120)) - b858c729-efcc-4161-8033-8241e78cf6c6@group-3B62BE7C1B2A: ConfigurationManager, init=-1: peers:[b858c729-efcc-4161-8033-8241e78cf6c6|rpc:10.1.0.47:15032|admin:10.1.0.47:15031|client:10.1.0.47:15030|dataStream:10.1.0.47:15033|priority:1|startupRole:FOLLOWER]|listeners:[], old=null, confs=<EMPTY_MAP>
2023-06-23 00:37:33,160 [b858c729-efcc-4161-8033-8241e78cf6c6-groupManagement] INFO  server.RaftServerConfigKeys (ConfUtils.java:logGet(46)) - raft.server.storage.dir = [/home/runner/work/ozone/ozone/hadoop-ozone/integration-test/target/test-dir/MiniOzoneClusterImpl-3c3985d8-3248-4f19-a32f-4442bec32466/datanode-2/data/ratis] (custom)
2023-06-23 00:37:33,160 [b858c729-efcc-4161-8033-8241e78cf6c6-groupManagement] INFO  server.RaftServerConfigKeys (ConfUtils.java:logGet(46)) - raft.server.log.corruption.policy = EXCEPTION (default)
2023-06-23 00:37:33,161 [b858c729-efcc-4161-8033-8241e78cf6c6-groupManagement] INFO  server.RaftServerConfigKeys (ConfUtils.java:logGet(46)) - raft.server.storage.free-space.min = 0MB (=0) (default)
2023-06-23 00:37:33,161 [b858c729-efcc-4161-8033-8241e78cf6c6-groupManagement] INFO  server.RaftServerConfigKeys (ConfUtils.java:logGet(46)) - raft.server.notification.no-leader.timeout = 300s (custom)
2023-06-23 00:37:33,161 [b858c729-efcc-4161-8033-8241e78cf6c6-groupManagement] INFO  server.RaftServerConfigKeys (ConfUtils.java:logGet(46)) - raft.server.read.timeout = 10s (default)
2023-06-23 00:37:33,161 [b858c729-efcc-4161-8033-8241e78cf6c6-groupManagement] INFO  server.RaftServerConfigKeys (ConfUtils.java:logGet(46)) - raft.server.retrycache.expirytime = 600000ms (custom)
2023-06-23 00:37:33,161 [b858c729-efcc-4161-8033-8241e78cf6c6-groupManagement] INFO  server.RaftServerConfigKeys (ConfUtils.java:logGet(46)) - raft.server.retrycache.statistics.expirytime = 100μs (default)
2023-06-23 00:37:33,161 [b858c729-efcc-4161-8033-8241e78cf6c6-groupManagement] INFO  server.RaftServerConfigKeys (ConfUtils.java:logGet(46)) - raft.server.read.option = DEFAULT (default)
2023-06-23 00:37:33,166 [b858c729-efcc-4161-8033-8241e78cf6c6-groupManagement] INFO  server.RaftServerConfigKeys (ConfUtils.java:logGet(46)) - raft.server.rpc.request.timeout = 60s (custom)
2023-06-23 00:37:33,166 [b858c729-efcc-4161-8033-8241e78cf6c6-groupManagement] INFO  server.RaftServerConfigKeys (ConfUtils.java:logGet(46)) - raft.server.log.appender.install.snapshot.enabled = false (custom)
2023-06-23 00:37:33,166 [b858c729-efcc-4161-8033-8241e78cf6c6-groupManagement] INFO  server.RaftServerConfigKeys (ConfUtils.java:logGet(46)) - raft.server.threadpool.server.cached = true (default)
2023-06-23 00:37:33,166 [b858c729-efcc-4161-8033-8241e78cf6c6-groupManagement] INFO  server.RaftServerConfigKeys (ConfUtils.java:logGet(46)) - raft.server.threadpool.server.size = 0 (default)
2023-06-23 00:37:33,174 [b858c729-efcc-4161-8033-8241e78cf6c6-groupManagement] INFO  server.RaftServerConfigKeys (ConfUtils.java:logGet(46)) - raft.server.threadpool.client.cached = true (default)
2023-06-23 00:37:33,174 [b858c729-efcc-4161-8033-8241e78cf6c6-groupManagement] INFO  server.RaftServerConfigKeys (ConfUtils.java:logGet(46)) - raft.server.threadpool.client.size = 0 (default)
2023-06-23 00:37:33,174 [b858c729-efcc-4161-8033-8241e78cf6c6-groupManagement] INFO  storage.RaftStorageDirectory (RaftStorageDirectoryImpl.java:analyzeStorage(137)) - The storage directory /home/runner/work/ozone/ozone/hadoop-ozone/integration-test/target/test-dir/MiniOzoneClusterImpl-3c3985d8-3248-4f19-a32f-4442bec32466/datanode-2/data/ratis/66adc964-cde5-4fc9-a2ac-3b62be7c1b2a does not exist. Creating ...
2023-06-23 00:37:33,175 [b858c729-efcc-4161-8033-8241e78cf6c6-groupManagement] INFO  storage.RaftStorageDirectory (RaftStorageDirectoryImpl.java:tryLock(231)) - Lock on /home/runner/work/ozone/ozone/hadoop-ozone/integration-test/target/test-dir/MiniOzoneClusterImpl-3c3985d8-3248-4f19-a32f-4442bec32466/datanode-2/data/ratis/66adc964-cde5-4fc9-a2ac-3b62be7c1b2a/in_use.lock acquired by nodename 61456@fv-az570-151
2023-06-23 00:37:33,176 [b858c729-efcc-4161-8033-8241e78cf6c6-groupManagement] INFO  storage.RaftStorage (RaftStorageImpl.java:format(96)) - Storage directory /home/runner/work/ozone/ozone/hadoop-ozone/integration-test/target/test-dir/MiniOzoneClusterImpl-3c3985d8-3248-4f19-a32f-4442bec32466/datanode-2/data/ratis/66adc964-cde5-4fc9-a2ac-3b62be7c1b2a has been successfully formatted.
2023-06-23 00:37:33,178 [b858c729-efcc-4161-8033-8241e78cf6c6-groupManagement] INFO  ratis.ContainerStateMachine (ContainerStateMachine.java:loadSnapshot(262)) - group-3B62BE7C1B2A: The snapshot info is null. Setting the last applied indexto:(t:0, i:~)
2023-06-23 00:37:33,178 [b858c729-efcc-4161-8033-8241e78cf6c6-groupManagement] INFO  server.RaftServerConfigKeys (ConfUtils.java:logGet(46)) - raft.server.log.use.memory = false (default)
2023-06-23 00:37:33,178 [b858c729-efcc-4161-8033-8241e78cf6c6-groupManagement] INFO  server.RaftServerConfigKeys (ConfUtils.java:logGet(46)) - raft.server.log.purge.gap = 1000000 (custom)
2023-06-23 00:37:33,179 [b858c729-efcc-4161-8033-8241e78cf6c6-groupManagement] INFO  server.RaftServerConfigKeys (ConfUtils.java:logGet(46)) - raft.server.log.appender.buffer.byte-limit = 33554432 (custom)
2023-06-23 00:37:33,179 [b858c729-efcc-4161-8033-8241e78cf6c6-groupManagement] INFO  server.RaftServerConfigKeys (ConfUtils.java:logGet(46)) - raft.server.log.statemachine.data.read.timeout = 1000ms (default)
2023-06-23 00:37:33,179 [b858c729-efcc-4161-8033-8241e78cf6c6-groupManagement] INFO  server.RaftServerConfigKeys (ConfUtils.java:logGet(46)) - raft.server.log.purge.preservation.log.num = 0 (default)
2023-06-23 00:37:33,179 [b858c729-efcc-4161-8033-8241e78cf6c6-groupManagement] INFO  server.RaftServerConfigKeys (ConfUtils.java:logGet(46)) - raft.server.log.segment.size.max = 1048576 (custom)
2023-06-23 00:37:33,179 [b858c729-efcc-4161-8033-8241e78cf6c6-groupManagement] INFO  server.RaftServerConfigKeys (ConfUtils.java:logGet(46)) - raft.server.log.segment.cache.num.max = 2 (custom)
2023-06-23 00:37:33,179 [b858c729-efcc-4161-8033-8241e78cf6c6-groupManagement] INFO  server.RaftServerConfigKeys (ConfUtils.java:logGet(46)) - raft.server.log.segment.cache.size.max = 200MB (=209715200) (default)
2023-06-23 00:37:33,179 [b858c729-efcc-4161-8033-8241e78cf6c6-groupManagement] INFO  server.RaftServerConfigKeys (ConfUtils.java:logGet(46)) - raft.server.log.appender.buffer.byte-limit = 33554432 (custom)
2023-06-23 00:37:33,180 [b858c729-efcc-4161-8033-8241e78cf6c6-groupManagement] INFO  segmented.SegmentedRaftLogWorker (SegmentedRaftLogWorker.java:<init>(188)) - new b858c729-efcc-4161-8033-8241e78cf6c6@group-3B62BE7C1B2A-SegmentedRaftLogWorker for RaftStorageImpl:Storage Directory /home/runner/work/ozone/ozone/hadoop-ozone/integration-test/target/test-dir/MiniOzoneClusterImpl-3c3985d8-3248-4f19-a32f-4442bec32466/datanode-2/data/ratis/66adc964-cde5-4fc9-a2ac-3b62be7c1b2a
2023-06-23 00:37:33,180 [b858c729-efcc-4161-8033-8241e78cf6c6-groupManagement] INFO  server.RaftServerConfigKeys (ConfUtils.java:logGet(46)) - raft.server.log.queue.byte-limit = 4294967296 (custom)
2023-06-23 00:37:33,180 [b858c729-efcc-4161-8033-8241e78cf6c6-groupManagement] INFO  server.RaftServerConfigKeys (ConfUtils.java:logGet(46)) - raft.server.log.queue.element-limit = 1024 (custom)
2023-06-23 00:37:33,180 [b858c729-efcc-4161-8033-8241e78cf6c6-groupManagement] INFO  server.RaftServerConfigKeys (ConfUtils.java:logGet(46)) - raft.server.log.segment.size.max = 1048576 (custom)
2023-06-23 00:37:33,180 [b858c729-efcc-4161-8033-8241e78cf6c6-groupManagement] INFO  server.RaftServerConfigKeys (ConfUtils.java:logGet(46)) - raft.server.log.preallocated.size = 16384 (custom)
2023-06-23 00:37:33,180 [b858c729-efcc-4161-8033-8241e78cf6c6-groupManagement] INFO  server.RaftServerConfigKeys (ConfUtils.java:logGet(46)) - raft.server.log.force.sync.num = 128 (default)
2023-06-23 00:37:33,180 [b858c729-efcc-4161-8033-8241e78cf6c6-groupManagement] INFO  server.RaftServerConfigKeys (ConfUtils.java:logGet(46)) - raft.server.log.statemachine.data.sync = true (default)
2023-06-23 00:37:33,180 [b858c729-efcc-4161-8033-8241e78cf6c6-groupManagement] INFO  server.RaftServerConfigKeys (ConfUtils.java:logGet(46)) - raft.server.log.statemachine.data.sync.timeout = 10s (default)
2023-06-23 00:37:33,180 [b858c729-efcc-4161-8033-8241e78cf6c6-groupManagement] INFO  server.RaftServerConfigKeys (ConfUtils.java:logGet(46)) - raft.server.log.statemachine.data.sync.timeout.retry = -1 (default)
2023-06-23 00:37:33,181 [b858c729-efcc-4161-8033-8241e78cf6c6-groupManagement] INFO  server.RaftServerConfigKeys (ConfUtils.java:logGet(46)) - raft.server.log.write.buffer.size = 1048576 (custom)
2023-06-23 00:37:33,181 [b858c729-efcc-4161-8033-8241e78cf6c6-groupManagement] INFO  server.RaftServerConfigKeys (ConfUtils.java:logGet(46)) - raft.server.log.appender.buffer.byte-limit = 33554432 (custom)
2023-06-23 00:37:33,196 [PipelineCommandHandlerThread-0] INFO  commandhandler.CreatePipelineCommandHandler (CreatePipelineCommandHandler.java:lambda$handle$2(124)) - Created Pipeline RATIS THREE PipelineID=bd067623-fb3e-4d6b-ae7a-62fe52930499.
2023-06-23 00:37:33,196 [b858c729-efcc-4161-8033-8241e78cf6c6-groupManagement] INFO  server.RaftServerConfigKeys (ConfUtils.java:logGet(46)) - raft.server.log.unsafe-flush.enabled = false (default)
2023-06-23 00:37:33,196 [b858c729-efcc-4161-8033-8241e78cf6c6-groupManagement] INFO  server.RaftServerConfigKeys (ConfUtils.java:logGet(46)) - raft.server.log.async-flush.enabled = false (default)
2023-06-23 00:37:33,196 [b858c729-efcc-4161-8033-8241e78cf6c6-groupManagement] INFO  server.RaftServerConfigKeys (ConfUtils.java:logGet(46)) - raft.server.log.statemachine.data.caching.enabled = true (custom)
2023-06-23 00:37:33,196 [b858c729-efcc-4161-8033-8241e78cf6c6-groupManagement] INFO  segmented.SegmentedRaftLogWorker (SegmentedRaftLogWorker.java:lambda$new$0(135)) - b858c729-efcc-4161-8033-8241e78cf6c6@group-3B62BE7C1B2A-SegmentedRaftLogWorker: flushIndex: setUnconditionally 0 -> -1
2023-06-23 00:37:33,197 [b858c729-efcc-4161-8033-8241e78cf6c6-groupManagement] INFO  segmented.SegmentedRaftLogWorker (SegmentedRaftLogWorker.java:lambda$new$0(135)) - b858c729-efcc-4161-8033-8241e78cf6c6@group-3B62BE7C1B2A-SegmentedRaftLogWorker: safeCacheEvictIndex: setUnconditionally 0 -> -1
2023-06-23 00:37:33,197 [b858c729-efcc-4161-8033-8241e78cf6c6-groupManagement] INFO  server.RaftServer$Division (RaftServerImpl.java:start(342)) - b858c729-efcc-4161-8033-8241e78cf6c6@group-3B62BE7C1B2A: start as a follower, conf=-1: peers:[b858c729-efcc-4161-8033-8241e78cf6c6|rpc:10.1.0.47:15032|admin:10.1.0.47:15031|client:10.1.0.47:15030|dataStream:10.1.0.47:15033|priority:1|startupRole:FOLLOWER]|listeners:[], old=null
2023-06-23 00:37:33,197 [b858c729-efcc-4161-8033-8241e78cf6c6-groupManagement] INFO  server.RaftServer$Division (RaftServerImpl.java:setRole(329)) - b858c729-efcc-4161-8033-8241e78cf6c6@group-3B62BE7C1B2A: changes role from      null to FOLLOWER at term 0 for startAsFollower
2023-06-23 00:37:33,197 [b858c729-efcc-4161-8033-8241e78cf6c6-groupManagement] INFO  impl.RoleInfo (RoleInfo.java:updateAndGet(139)) - b858c729-efcc-4161-8033-8241e78cf6c6: start b858c729-efcc-4161-8033-8241e78cf6c6@group-3B62BE7C1B2A-FollowerState
2023-06-23 00:37:33,197 [b858c729-efcc-4161-8033-8241e78cf6c6-groupManagement] INFO  util.JmxRegister (JmxRegister.java:tryRegister(44)) - Successfully registered JMX Bean with object name Ratis:service=RaftServer,group=group-3B62BE7C1B2A,id=b858c729-efcc-4161-8033-8241e78cf6c6
2023-06-23 00:37:33,197 [b858c729-efcc-4161-8033-8241e78cf6c6@group-3B62BE7C1B2A-FollowerState] INFO  server.RaftServerConfigKeys (ConfUtils.java:logFallback(53)) - raft.server.rpc.first-election.timeout.min = 5s (fallback to raft.server.rpc.timeout.min)
2023-06-23 00:37:33,197 [b858c729-efcc-4161-8033-8241e78cf6c6@group-3B62BE7C1B2A-FollowerState] INFO  server.RaftServerConfigKeys (ConfUtils.java:logFallback(53)) - raft.server.rpc.first-election.timeout.max = 5200ms (fallback to raft.server.rpc.timeout.max)
2023-06-23 00:37:33,198 [EventQueue-PipelineReportForPipelineReportHandler] INFO  pipeline.PipelineManagerImpl (PipelineManagerImpl.java:openPipeline(367)) - Pipeline Pipeline[ Id: 66adc964-cde5-4fc9-a2ac-3b62be7c1b2a, Nodes: b858c729-efcc-4161-8033-8241e78cf6c6(fv-az570-151.srgqcr2moziuvm0qev4lajleyh.dx.internal.cloudapp.net/10.1.0.47), ReplicationConfig: RATIS/ONE, State:ALLOCATED, leaderId:b858c729-efcc-4161-8033-8241e78cf6c6, CreationTimestamp2023-06-23T00:37:30.159Z[Etc/UTC]] moved to OPEN state
2023-06-23 00:37:33,199 [EventQueue-OpenPipelineForHealthyPipelineSafeModeRule] INFO  safemode.SCMSafeModeManager (HealthyPipelineSafeModeRule.java:process(137)) - SCM in safe mode. Healthy pipelines reported count is 0, required healthy pipeline reported count is 1
2023-06-23 00:37:33,197 [b858c729-efcc-4161-8033-8241e78cf6c6-groupManagement] INFO  server.RaftServerConfigKeys (ConfUtils.java:logGet(46)) - raft.server.snapshot.auto.trigger.enabled = true (custom)
2023-06-23 00:37:33,199 [b858c729-efcc-4161-8033-8241e78cf6c6-groupManagement] INFO  server.RaftServerConfigKeys (ConfUtils.java:logGet(46)) - raft.server.snapshot.auto.trigger.threshold = 10000 (custom)
2023-06-23 00:37:33,199 [b858c729-efcc-4161-8033-8241e78cf6c6-groupManagement] INFO  server.RaftServerConfigKeys (ConfUtils.java:logGet(46)) - raft.server.snapshot.retention.file.num = 5 (custom)
2023-06-23 00:37:33,199 [b858c729-efcc-4161-8033-8241e78cf6c6-groupManagement] INFO  server.RaftServerConfigKeys (ConfUtils.java:logGet(46)) - raft.server.log.purge.upto.snapshot.index = false (default)
2023-06-23 00:37:33,215 [PipelineCommandHandlerThread-0] INFO  ratis.XceiverServerRatis (XceiverServerRatis.java:addGroup(804)) - Created group PipelineID=66adc964-cde5-4fc9-a2ac-3b62be7c1b2a
2023-06-23 00:37:33,215 [PipelineCommandHandlerThread-0] INFO  commandhandler.CreatePipelineCommandHandler (CreatePipelineCommandHandler.java:lambda$handle$2(124)) - Created Pipeline RATIS ONE PipelineID=66adc964-cde5-4fc9-a2ac-3b62be7c1b2a.
2023-06-23 00:37:33,248 [PipelineCommandHandlerThread-0] INFO  commandhandler.CreatePipelineCommandHandler (CreatePipelineCommandHandler.java:lambda$handle$2(124)) - Created Pipeline RATIS THREE PipelineID=bd067623-fb3e-4d6b-ae7a-62fe52930499.
2023-06-23 00:37:33,486 [PipelineCommandHandlerThread-0] INFO  server.RaftServer (RaftServerProxy.java:addNew(98)) - 4e705eda-d59c-4e65-825a-8cd43ac70c00: addNew group-BAA759264337:[4e705eda-d59c-4e65-825a-8cd43ac70c00|rpc:10.1.0.47:15041|admin:10.1.0.47:15040|client:10.1.0.47:15039|dataStream:10.1.0.47:15042|priority:1|startupRole:FOLLOWER] returns group-BAA759264337:java.util.concurrent.CompletableFuture@afb96ff[Not completed]
2023-06-23 00:37:33,489 [4e705eda-d59c-4e65-825a-8cd43ac70c00-groupManagement] INFO  server.RaftServer$Division (RaftServerImpl.java:<init>(198)) - 4e705eda-d59c-4e65-825a-8cd43ac70c00: new RaftServerImpl for group-BAA759264337:[4e705eda-d59c-4e65-825a-8cd43ac70c00|rpc:10.1.0.47:15041|admin:10.1.0.47:15040|client:10.1.0.47:15039|dataStream:10.1.0.47:15042|priority:1|startupRole:FOLLOWER] with ContainerStateMachine:uninitialized
2023-06-23 00:37:33,489 [4e705eda-d59c-4e65-825a-8cd43ac70c00-groupManagement] INFO  server.RaftServerConfigKeys (ConfUtils.java:logGet(46)) - raft.server.rpc.timeout.min = 5s (custom)
2023-06-23 00:37:33,489 [4e705eda-d59c-4e65-825a-8cd43ac70c00-groupManagement] INFO  server.RaftServerConfigKeys (ConfUtils.java:logGet(46)) - raft.server.rpc.timeout.max = 5200ms (custom)
2023-06-23 00:37:33,489 [4e705eda-d59c-4e65-825a-8cd43ac70c00-groupManagement] INFO  server.RaftServerConfigKeys (ConfUtils.java:logGet(46)) - raft.server.rpc.sleep.time = 25ms (default)
2023-06-23 00:37:33,489 [4e705eda-d59c-4e65-825a-8cd43ac70c00-groupManagement] INFO  server.RaftServerConfigKeys (ConfUtils.java:logGet(46)) - raft.server.rpc.slowness.timeout = 300s (custom)
2023-06-23 00:37:33,489 [4e705eda-d59c-4e65-825a-8cd43ac70c00-groupManagement] INFO  server.RaftServerConfigKeys (ConfUtils.java:logGet(46)) - raft.server.leaderelection.leader.step-down.wait-time = 10s (default)
2023-06-23 00:37:33,489 [4e705eda-d59c-4e65-825a-8cd43ac70c00-groupManagement] INFO  server.RaftServerConfigKeys (ConfUtils.java:logGet(46)) - raft.server.sleep.deviation.threshold = 300ms (default)
2023-06-23 00:37:33,489 [4e705eda-d59c-4e65-825a-8cd43ac70c00-groupManagement] INFO  server.RaftServer$Division (ServerState.java:<init>(120)) - 4e705eda-d59c-4e65-825a-8cd43ac70c00@group-BAA759264337: ConfigurationManager, init=-1: peers:[4e705eda-d59c-4e65-825a-8cd43ac70c00|rpc:10.1.0.47:15041|admin:10.1.0.47:15040|client:10.1.0.47:15039|dataStream:10.1.0.47:15042|priority:1|startupRole:FOLLOWER]|listeners:[], old=null, confs=<EMPTY_MAP>
2023-06-23 00:37:33,490 [4e705eda-d59c-4e65-825a-8cd43ac70c00-groupManagement] INFO  server.RaftServerConfigKeys (ConfUtils.java:logGet(46)) - raft.server.storage.dir = [/home/runner/work/ozone/ozone/hadoop-ozone/integration-test/target/test-dir/MiniOzoneClusterImpl-3c3985d8-3248-4f19-a32f-4442bec32466/datanode-3/data/ratis] (custom)
2023-06-23 00:37:33,490 [4e705eda-d59c-4e65-825a-8cd43ac70c00-groupManagement] INFO  server.RaftServerConfigKeys (ConfUtils.java:logGet(46)) - raft.server.log.corruption.policy = EXCEPTION (default)
2023-06-23 00:37:33,490 [4e705eda-d59c-4e65-825a-8cd43ac70c00-groupManagement] INFO  server.RaftServerConfigKeys (ConfUtils.java:logGet(46)) - raft.server.storage.free-space.min = 0MB (=0) (default)
2023-06-23 00:37:33,490 [4e705eda-d59c-4e65-825a-8cd43ac70c00-groupManagement] INFO  server.RaftServerConfigKeys (ConfUtils.java:logGet(46)) - raft.server.notification.no-leader.timeout = 300s (custom)
2023-06-23 00:37:33,490 [4e705eda-d59c-4e65-825a-8cd43ac70c00-groupManagement] INFO  server.RaftServerConfigKeys (ConfUtils.java:logGet(46)) - raft.server.read.timeout = 10s (default)
2023-06-23 00:37:33,490 [4e705eda-d59c-4e65-825a-8cd43ac70c00-groupManagement] INFO  server.RaftServerConfigKeys (ConfUtils.java:logGet(46)) - raft.server.retrycache.expirytime = 600000ms (custom)
2023-06-23 00:37:33,490 [4e705eda-d59c-4e65-825a-8cd43ac70c00-groupManagement] INFO  server.RaftServerConfigKeys (ConfUtils.java:logGet(46)) - raft.server.retrycache.statistics.expirytime = 100μs (default)
2023-06-23 00:37:33,490 [4e705eda-d59c-4e65-825a-8cd43ac70c00-groupManagement] INFO  server.RaftServerConfigKeys (ConfUtils.java:logGet(46)) - raft.server.read.option = DEFAULT (default)
2023-06-23 00:37:33,493 [4e705eda-d59c-4e65-825a-8cd43ac70c00-groupManagement] INFO  server.RaftServerConfigKeys (ConfUtils.java:logGet(46)) - raft.server.rpc.request.timeout = 60s (custom)
2023-06-23 00:37:33,493 [4e705eda-d59c-4e65-825a-8cd43ac70c00-groupManagement] INFO  server.RaftServerConfigKeys (ConfUtils.java:logGet(46)) - raft.server.log.appender.install.snapshot.enabled = false (custom)
2023-06-23 00:37:33,493 [4e705eda-d59c-4e65-825a-8cd43ac70c00-groupManagement] INFO  server.RaftServerConfigKeys (ConfUtils.java:logGet(46)) - raft.server.threadpool.server.cached = true (default)
2023-06-23 00:37:33,493 [4e705eda-d59c-4e65-825a-8cd43ac70c00-groupManagement] INFO  server.RaftServerConfigKeys (ConfUtils.java:logGet(46)) - raft.server.threadpool.server.size = 0 (default)
2023-06-23 00:37:33,493 [4e705eda-d59c-4e65-825a-8cd43ac70c00-groupManagement] INFO  server.RaftServerConfigKeys (ConfUtils.java:logGet(46)) - raft.server.threadpool.client.cached = true (default)
2023-06-23 00:37:33,493 [4e705eda-d59c-4e65-825a-8cd43ac70c00-groupManagement] INFO  server.RaftServerConfigKeys (ConfUtils.java:logGet(46)) - raft.server.threadpool.client.size = 0 (default)
2023-06-23 00:37:33,493 [4e705eda-d59c-4e65-825a-8cd43ac70c00-groupManagement] INFO  storage.RaftStorageDirectory (RaftStorageDirectoryImpl.java:analyzeStorage(137)) - The storage directory /home/runner/work/ozone/ozone/hadoop-ozone/integration-test/target/test-dir/MiniOzoneClusterImpl-3c3985d8-3248-4f19-a32f-4442bec32466/datanode-3/data/ratis/51925fc5-52f4-4d13-9d43-baa759264337 does not exist. Creating ...
2023-06-23 00:37:33,494 [4e705eda-d59c-4e65-825a-8cd43ac70c00-groupManagement] INFO  storage.RaftStorageDirectory (RaftStorageDirectoryImpl.java:tryLock(231)) - Lock on /home/runner/work/ozone/ozone/hadoop-ozone/integration-test/target/test-dir/MiniOzoneClusterImpl-3c3985d8-3248-4f19-a32f-4442bec32466/datanode-3/data/ratis/51925fc5-52f4-4d13-9d43-baa759264337/in_use.lock acquired by nodename 61456@fv-az570-151
2023-06-23 00:37:33,503 [4e705eda-d59c-4e65-825a-8cd43ac70c00-groupManagement] INFO  storage.RaftStorage (RaftStorageImpl.java:format(96)) - Storage directory /home/runner/work/ozone/ozone/hadoop-ozone/integration-test/target/test-dir/MiniOzoneClusterImpl-3c3985d8-3248-4f19-a32f-4442bec32466/datanode-3/data/ratis/51925fc5-52f4-4d13-9d43-baa759264337 has been successfully formatted.
2023-06-23 00:37:33,510 [4e705eda-d59c-4e65-825a-8cd43ac70c00-groupManagement] INFO  ratis.ContainerStateMachine (ContainerStateMachine.java:loadSnapshot(262)) - group-BAA759264337: The snapshot info is null. Setting the last applied indexto:(t:0, i:~)
2023-06-23 00:37:33,510 [4e705eda-d59c-4e65-825a-8cd43ac70c00-groupManagement] INFO  server.RaftServerConfigKeys (ConfUtils.java:logGet(46)) - raft.server.log.use.memory = false (default)
2023-06-23 00:37:33,510 [4e705eda-d59c-4e65-825a-8cd43ac70c00-groupManagement] INFO  server.RaftServerConfigKeys (ConfUtils.java:logGet(46)) - raft.server.log.purge.gap = 1000000 (custom)
2023-06-23 00:37:33,510 [4e705eda-d59c-4e65-825a-8cd43ac70c00-groupManagement] INFO  server.RaftServerConfigKeys (ConfUtils.java:logGet(46)) - raft.server.log.appender.buffer.byte-limit = 33554432 (custom)
2023-06-23 00:37:33,510 [4e705eda-d59c-4e65-825a-8cd43ac70c00-groupManagement] INFO  server.RaftServerConfigKeys (ConfUtils.java:logGet(46)) - raft.server.log.statemachine.data.read.timeout = 1000ms (default)
2023-06-23 00:37:33,510 [EventQueue-PipelineReportForPipelineReportHandler] INFO  pipeline.PipelineManagerImpl (PipelineManagerImpl.java:openPipeline(367)) - Pipeline Pipeline[ Id: 51925fc5-52f4-4d13-9d43-baa759264337, Nodes: 4e705eda-d59c-4e65-825a-8cd43ac70c00(fv-az570-151.srgqcr2moziuvm0qev4lajleyh.dx.internal.cloudapp.net/10.1.0.47), ReplicationConfig: RATIS/ONE, State:ALLOCATED, leaderId:4e705eda-d59c-4e65-825a-8cd43ac70c00, CreationTimestamp2023-06-23T00:37:30.488Z[Etc/UTC]] moved to OPEN state
2023-06-23 00:37:33,511 [EventQueue-OpenPipelineForHealthyPipelineSafeModeRule] INFO  safemode.SCMSafeModeManager (HealthyPipelineSafeModeRule.java:process(137)) - SCM in safe mode. Healthy pipelines reported count is 0, required healthy pipeline reported count is 1
2023-06-23 00:37:33,511 [4e705eda-d59c-4e65-825a-8cd43ac70c00-groupManagement] INFO  server.RaftServerConfigKeys (ConfUtils.java:logGet(46)) - raft.server.log.purge.preservation.log.num = 0 (default)
2023-06-23 00:37:33,512 [4e705eda-d59c-4e65-825a-8cd43ac70c00-groupManagement] INFO  server.RaftServerConfigKeys (ConfUtils.java:logGet(46)) - raft.server.log.segment.size.max = 1048576 (custom)
2023-06-23 00:37:33,512 [4e705eda-d59c-4e65-825a-8cd43ac70c00-groupManagement] INFO  server.RaftServerConfigKeys (ConfUtils.java:logGet(46)) - raft.server.log.segment.cache.num.max = 2 (custom)
2023-06-23 00:37:33,512 [4e705eda-d59c-4e65-825a-8cd43ac70c00-groupManagement] INFO  server.RaftServerConfigKeys (ConfUtils.java:logGet(46)) - raft.server.log.segment.cache.size.max = 200MB (=209715200) (default)
2023-06-23 00:37:33,512 [4e705eda-d59c-4e65-825a-8cd43ac70c00-groupManagement] INFO  server.RaftServerConfigKeys (ConfUtils.java:logGet(46)) - raft.server.log.appender.buffer.byte-limit = 33554432 (custom)
2023-06-23 00:37:33,512 [4e705eda-d59c-4e65-825a-8cd43ac70c00-groupManagement] INFO  segmented.SegmentedRaftLogWorker (SegmentedRaftLogWorker.java:<init>(188)) - new 4e705eda-d59c-4e65-825a-8cd43ac70c00@group-BAA759264337-SegmentedRaftLogWorker for RaftStorageImpl:Storage Directory /home/runner/work/ozone/ozone/hadoop-ozone/integration-test/target/test-dir/MiniOzoneClusterImpl-3c3985d8-3248-4f19-a32f-4442bec32466/datanode-3/data/ratis/51925fc5-52f4-4d13-9d43-baa759264337
2023-06-23 00:37:33,512 [4e705eda-d59c-4e65-825a-8cd43ac70c00-groupManagement] INFO  server.RaftServerConfigKeys (ConfUtils.java:logGet(46)) - raft.server.log.queue.byte-limit = 4294967296 (custom)
2023-06-23 00:37:33,513 [4e705eda-d59c-4e65-825a-8cd43ac70c00-groupManagement] INFO  server.RaftServerConfigKeys (ConfUtils.java:logGet(46)) - raft.server.log.queue.element-limit = 1024 (custom)
2023-06-23 00:37:33,513 [4e705eda-d59c-4e65-825a-8cd43ac70c00-groupManagement] INFO  server.RaftServerConfigKeys (ConfUtils.java:logGet(46)) - raft.server.log.segment.size.max = 1048576 (custom)
2023-06-23 00:37:33,513 [4e705eda-d59c-4e65-825a-8cd43ac70c00-groupManagement] INFO  server.RaftServerConfigKeys (ConfUtils.java:logGet(46)) - raft.server.log.preallocated.size = 16384 (custom)
2023-06-23 00:37:33,513 [4e705eda-d59c-4e65-825a-8cd43ac70c00-groupManagement] INFO  server.RaftServerConfigKeys (ConfUtils.java:logGet(46)) - raft.server.log.force.sync.num = 128 (default)
2023-06-23 00:37:33,513 [4e705eda-d59c-4e65-825a-8cd43ac70c00-groupManagement] INFO  server.RaftServerConfigKeys (ConfUtils.java:logGet(46)) - raft.server.log.statemachine.data.sync = true (default)
2023-06-23 00:37:33,513 [4e705eda-d59c-4e65-825a-8cd43ac70c00-groupManagement] INFO  server.RaftServerConfigKeys (ConfUtils.java:logGet(46)) - raft.server.log.statemachine.data.sync.timeout = 10s (default)
2023-06-23 00:37:33,513 [4e705eda-d59c-4e65-825a-8cd43ac70c00-groupManagement] INFO  server.RaftServerConfigKeys (ConfUtils.java:logGet(46)) - raft.server.log.statemachine.data.sync.timeout.retry = -1 (default)
2023-06-23 00:37:33,516 [4e705eda-d59c-4e65-825a-8cd43ac70c00-groupManagement] INFO  server.RaftServerConfigKeys (ConfUtils.java:logGet(46)) - raft.server.log.write.buffer.size = 1048576 (custom)
2023-06-23 00:37:33,517 [4e705eda-d59c-4e65-825a-8cd43ac70c00-groupManagement] INFO  server.RaftServerConfigKeys (ConfUtils.java:logGet(46)) - raft.server.log.appender.buffer.byte-limit = 33554432 (custom)
2023-06-23 00:37:33,880 [main] INFO  ozone.MiniOzoneClusterImpl (MiniOzoneClusterImpl.java:lambda$waitForClusterToBeReady$0(224)) - Nodes are ready. Got 10 of 10 DN Heartbeats.
2023-06-23 00:37:33,880 [main] INFO  ozone.MiniOzoneClusterImpl (MiniOzoneClusterImpl.java:lambda$waitForClusterToBeReady$0(227)) - Waiting for cluster to exit safe mode
2023-06-23 00:37:33,880 [main] INFO  ozone.MiniOzoneClusterImpl (MiniOzoneClusterImpl.java:lambda$waitForClusterToBeReady$0(229)) - SCM became leader
2023-06-23 00:37:33,890 [JvmPauseMonitor4] WARN  util.JvmPauseMonitor (JvmPauseMonitor.java:detectPause(124)) - JvmPauseMonitor-b858c729-efcc-4161-8033-8241e78cf6c6: Detected pause in JVM or host machine approximately 0.165s with 0.361s GC time.
GC pool 'PS MarkSweep' had collection(s): count=1 time=268ms
GC pool 'PS Scavenge' had collection(s): count=1 time=93ms
2023-06-23 00:37:33,900 [JvmPauseMonitor1] WARN  util.JvmPauseMonitor (JvmPauseMonitor.java:detectPause(124)) - JvmPauseMonitor-om1: Detected pause in JVM or host machine approximately 0.161s with 0.361s GC time.
GC pool 'PS MarkSweep' had collection(s): count=1 time=268ms
GC pool 'PS Scavenge' had collection(s): count=1 time=93ms
2023-06-23 00:37:33,895 [JvmPauseMonitor3] WARN  util.JvmPauseMonitor (JvmPauseMonitor.java:detectPause(124)) - JvmPauseMonitor-59e05457-4658-4a4f-b6c2-3fec945af00c: Detected pause in JVM or host machine approximately 0.373s with 0.361s GC time.
GC pool 'PS MarkSweep' had collection(s): count=1 time=268ms
GC pool 'PS Scavenge' had collection(s): count=1 time=93ms
2023-06-23 00:37:33,891 [JvmPauseMonitor5] WARN  util.JvmPauseMonitor (JvmPauseMonitor.java:detectPause(124)) - JvmPauseMonitor-4e705eda-d59c-4e65-825a-8cd43ac70c00: Detected pause in JVM or host machine approximately 0.332s with 0.361s GC time.
GC pool 'PS MarkSweep' had collection(s): count=1 time=268ms
GC pool 'PS Scavenge' had collection(s): count=1 time=93ms
2023-06-23 00:37:33,891 [JvmPauseMonitor7] WARN  util.JvmPauseMonitor (JvmPauseMonitor.java:detectPause(124)) - JvmPauseMonitor-6a1a42da-c2df-4fd1-96ac-c2667a6b2780: Detected pause in JVM or host machine approximately 0.249s with 0.361s GC time.
GC pool 'PS MarkSweep' had collection(s): count=1 time=268ms
GC pool 'PS Scavenge' had collection(s): count=1 time=93ms
2023-06-23 00:37:33,891 [JvmPauseMonitor2] WARN  util.JvmPauseMonitor (JvmPauseMonitor.java:detectPause(124)) - JvmPauseMonitor-0748a88e-a458-4efc-a02e-125962a69d19: Detected pause in JVM or host machine approximately 0.202s with 0.361s GC time.
GC pool 'PS MarkSweep' had collection(s): count=1 time=268ms
GC pool 'PS Scavenge' had collection(s): count=1 time=93ms
2023-06-23 00:37:33,903 [JvmPauseMonitor9] WARN  util.JvmPauseMonitor (JvmPauseMonitor.java:detectPause(124)) - JvmPauseMonitor-cdb7ea93-9969-4a2d-8fff-2d6ab6bce964: Detected pause in JVM or host machine approximately 0.370s with 0.361s GC time.
GC pool 'PS MarkSweep' had collection(s): count=1 time=268ms
GC pool 'PS Scavenge' had collection(s): count=1 time=93ms
2023-06-23 00:37:33,890 [JvmPauseMonitor0] WARN  util.JvmPauseMonitor (JvmPauseMonitor.java:detectPause(124)) - JvmPauseMonitor-d422b4de-b1ad-40a9-9d33-0c3db83132e3: Detected pause in JVM or host machine approximately 0.194s with 0.361s GC time.
GC pool 'PS MarkSweep' had collection(s): count=1 time=268ms
GC pool 'PS Scavenge' had collection(s): count=1 time=93ms
2023-06-23 00:37:33,902 [4e705eda-d59c-4e65-825a-8cd43ac70c00-groupManagement] INFO  server.RaftServerConfigKeys (ConfUtils.java:logGet(46)) - raft.server.log.unsafe-flush.enabled = false (default)
2023-06-23 00:37:33,906 [4e705eda-d59c-4e65-825a-8cd43ac70c00-groupManagement] INFO  server.RaftServerConfigKeys (ConfUtils.java:logGet(46)) - raft.server.log.async-flush.enabled = false (default)
2023-06-23 00:37:33,906 [4e705eda-d59c-4e65-825a-8cd43ac70c00-groupManagement] INFO  server.RaftServerConfigKeys (ConfUtils.java:logGet(46)) - raft.server.log.statemachine.data.caching.enabled = true (custom)
2023-06-23 00:37:33,907 [4e705eda-d59c-4e65-825a-8cd43ac70c00-groupManagement] INFO  segmented.SegmentedRaftLogWorker (SegmentedRaftLogWorker.java:lambda$new$0(135)) - 4e705eda-d59c-4e65-825a-8cd43ac70c00@group-BAA759264337-SegmentedRaftLogWorker: flushIndex: setUnconditionally 0 -> -1
2023-06-23 00:37:33,907 [4e705eda-d59c-4e65-825a-8cd43ac70c00-groupManagement] INFO  segmented.SegmentedRaftLogWorker (SegmentedRaftLogWorker.java:lambda$new$0(135)) - 4e705eda-d59c-4e65-825a-8cd43ac70c00@group-BAA759264337-SegmentedRaftLogWorker: safeCacheEvictIndex: setUnconditionally 0 -> -1
2023-06-23 00:37:33,908 [4e705eda-d59c-4e65-825a-8cd43ac70c00-groupManagement] INFO  server.RaftServer$Division (RaftServerImpl.java:start(342)) - 4e705eda-d59c-4e65-825a-8cd43ac70c00@group-BAA759264337: start as a follower, conf=-1: peers:[4e705eda-d59c-4e65-825a-8cd43ac70c00|rpc:10.1.0.47:15041|admin:10.1.0.47:15040|client:10.1.0.47:15039|dataStream:10.1.0.47:15042|priority:1|startupRole:FOLLOWER]|listeners:[], old=null
2023-06-23 00:37:33,910 [4e705eda-d59c-4e65-825a-8cd43ac70c00-groupManagement] INFO  server.RaftServer$Division (RaftServerImpl.java:setRole(329)) - 4e705eda-d59c-4e65-825a-8cd43ac70c00@group-BAA759264337: changes role from      null to FOLLOWER at term 0 for startAsFollower
2023-06-23 00:37:33,910 [4e705eda-d59c-4e65-825a-8cd43ac70c00-groupManagement] INFO  impl.RoleInfo (RoleInfo.java:updateAndGet(139)) - 4e705eda-d59c-4e65-825a-8cd43ac70c00: start 4e705eda-d59c-4e65-825a-8cd43ac70c00@group-BAA759264337-FollowerState
2023-06-23 00:37:33,911 [4e705eda-d59c-4e65-825a-8cd43ac70c00-groupManagement] INFO  util.JmxRegister (JmxRegister.java:tryRegister(44)) - Successfully registered JMX Bean with object name Ratis:service=RaftServer,group=group-BAA759264337,id=4e705eda-d59c-4e65-825a-8cd43ac70c00
2023-06-23 00:37:33,911 [4e705eda-d59c-4e65-825a-8cd43ac70c00@group-BAA759264337-FollowerState] INFO  server.RaftServerConfigKeys (ConfUtils.java:logFallback(53)) - raft.server.rpc.first-election.timeout.min = 5s (fallback to raft.server.rpc.timeout.min)
2023-06-23 00:37:33,911 [4e705eda-d59c-4e65-825a-8cd43ac70c00-groupManagement] INFO  server.RaftServerConfigKeys (ConfUtils.java:logGet(46)) - raft.server.snapshot.auto.trigger.enabled = true (custom)
2023-06-23 00:37:33,911 [4e705eda-d59c-4e65-825a-8cd43ac70c00-groupManagement] INFO  server.RaftServerConfigKeys (ConfUtils.java:logGet(46)) - raft.server.snapshot.auto.trigger.threshold = 10000 (custom)
2023-06-23 00:37:33,911 [PipelineCommandHandlerThread-0] INFO  server.RaftServer (RaftServerProxy.java:addNew(98)) - a135c5de-80e1-4aab-81ec-fcc917b89996: addNew group-3734F7F717DD:[a135c5de-80e1-4aab-81ec-fcc917b89996|rpc:10.1.0.47:15050|admin:10.1.0.47:15049|client:10.1.0.47:15048|dataStream:10.1.0.47:15051|priority:1|startupRole:FOLLOWER] returns group-3734F7F717DD:java.util.concurrent.CompletableFuture@3fb1f992[Not completed]
2023-06-23 00:37:33,911 [4e705eda-d59c-4e65-825a-8cd43ac70c00@group-BAA759264337-FollowerState] INFO  server.RaftServerConfigKeys (ConfUtils.java:logFallback(53)) - raft.server.rpc.first-election.timeout.max = 5200ms (fallback to raft.server.rpc.timeout.max)
2023-06-23 00:37:33,911 [4e705eda-d59c-4e65-825a-8cd43ac70c00-groupManagement] INFO  server.RaftServerConfigKeys (ConfUtils.java:logGet(46)) - raft.server.snapshot.retention.file.num = 5 (custom)
2023-06-23 00:37:33,911 [4e705eda-d59c-4e65-825a-8cd43ac70c00-groupManagement] INFO  server.RaftServerConfigKeys (ConfUtils.java:logGet(46)) - raft.server.log.purge.upto.snapshot.index = false (default)
2023-06-23 00:37:33,915 [a135c5de-80e1-4aab-81ec-fcc917b89996-groupManagement] INFO  server.RaftServer$Division (RaftServerImpl.java:<init>(198)) - a135c5de-80e1-4aab-81ec-fcc917b89996: new RaftServerImpl for group-3734F7F717DD:[a135c5de-80e1-4aab-81ec-fcc917b89996|rpc:10.1.0.47:15050|admin:10.1.0.47:15049|client:10.1.0.47:15048|dataStream:10.1.0.47:15051|priority:1|startupRole:FOLLOWER] with ContainerStateMachine:uninitialized
2023-06-23 00:37:33,915 [a135c5de-80e1-4aab-81ec-fcc917b89996-groupManagement] INFO  server.RaftServerConfigKeys (ConfUtils.java:logGet(46)) - raft.server.rpc.timeout.min = 5s (custom)
2023-06-23 00:37:33,915 [a135c5de-80e1-4aab-81ec-fcc917b89996-groupManagement] INFO  server.RaftServerConfigKeys (ConfUtils.java:logGet(46)) - raft.server.rpc.timeout.max = 5200ms (custom)
2023-06-23 00:37:33,915 [a135c5de-80e1-4aab-81ec-fcc917b89996-groupManagement] INFO  server.RaftServerConfigKeys (ConfUtils.java:logGet(46)) - raft.server.rpc.sleep.time = 25ms (default)
2023-06-23 00:37:33,915 [a135c5de-80e1-4aab-81ec-fcc917b89996-groupManagement] INFO  server.RaftServerConfigKeys (ConfUtils.java:logGet(46)) - raft.server.rpc.slowness.timeout = 300s (custom)
2023-06-23 00:37:33,915 [a135c5de-80e1-4aab-81ec-fcc917b89996-groupManagement] INFO  server.RaftServerConfigKeys (ConfUtils.java:logGet(46)) - raft.server.leaderelection.leader.step-down.wait-time = 10s (default)
2023-06-23 00:37:33,915 [a135c5de-80e1-4aab-81ec-fcc917b89996-groupManagement] INFO  server.RaftServerConfigKeys (ConfUtils.java:logGet(46)) - raft.server.sleep.deviation.threshold = 300ms (default)
2023-06-23 00:37:33,915 [a135c5de-80e1-4aab-81ec-fcc917b89996-groupManagement] INFO  server.RaftServer$Division (ServerState.java:<init>(120)) - a135c5de-80e1-4aab-81ec-fcc917b89996@group-3734F7F717DD: ConfigurationManager, init=-1: peers:[a135c5de-80e1-4aab-81ec-fcc917b89996|rpc:10.1.0.47:15050|admin:10.1.0.47:15049|client:10.1.0.47:15048|dataStream:10.1.0.47:15051|priority:1|startupRole:FOLLOWER]|listeners:[], old=null, confs=<EMPTY_MAP>
2023-06-23 00:37:33,916 [a135c5de-80e1-4aab-81ec-fcc917b89996-groupManagement] INFO  server.RaftServerConfigKeys (ConfUtils.java:logGet(46)) - raft.server.storage.dir = [/home/runner/work/ozone/ozone/hadoop-ozone/integration-test/target/test-dir/MiniOzoneClusterImpl-3c3985d8-3248-4f19-a32f-4442bec32466/datanode-4/data/ratis] (custom)
2023-06-23 00:37:33,916 [a135c5de-80e1-4aab-81ec-fcc917b89996-groupManagement] INFO  server.RaftServerConfigKeys (ConfUtils.java:logGet(46)) - raft.server.log.corruption.policy = EXCEPTION (default)
2023-06-23 00:37:33,916 [a135c5de-80e1-4aab-81ec-fcc917b89996-groupManagement] INFO  server.RaftServerConfigKeys (ConfUtils.java:logGet(46)) - raft.server.storage.free-space.min = 0MB (=0) (default)
2023-06-23 00:37:33,916 [a135c5de-80e1-4aab-81ec-fcc917b89996-groupManagement] INFO  server.RaftServerConfigKeys (ConfUtils.java:logGet(46)) - raft.server.notification.no-leader.timeout = 300s (custom)
2023-06-23 00:37:33,916 [a135c5de-80e1-4aab-81ec-fcc917b89996-groupManagement] INFO  server.RaftServerConfigKeys (ConfUtils.java:logGet(46)) - raft.server.read.timeout = 10s (default)
2023-06-23 00:37:33,916 [a135c5de-80e1-4aab-81ec-fcc917b89996-groupManagement] INFO  server.RaftServerConfigKeys (ConfUtils.java:logGet(46)) - raft.server.retrycache.expirytime = 600000ms (custom)
2023-06-23 00:37:33,916 [a135c5de-80e1-4aab-81ec-fcc917b89996-groupManagement] INFO  server.RaftServerConfigKeys (ConfUtils.java:logGet(46)) - raft.server.retrycache.statistics.expirytime = 100μs (default)
2023-06-23 00:37:33,916 [a135c5de-80e1-4aab-81ec-fcc917b89996-groupManagement] INFO  server.RaftServerConfigKeys (ConfUtils.java:logGet(46)) - raft.server.read.option = DEFAULT (default)
2023-06-23 00:37:33,919 [a135c5de-80e1-4aab-81ec-fcc917b89996-groupManagement] INFO  server.RaftServerConfigKeys (ConfUtils.java:logGet(46)) - raft.server.rpc.request.timeout = 60s (custom)
2023-06-23 00:37:33,919 [PipelineCommandHandlerThread-0] INFO  ratis.XceiverServerRatis (XceiverServerRatis.java:addGroup(804)) - Created group PipelineID=51925fc5-52f4-4d13-9d43-baa759264337
2023-06-23 00:37:33,919 [PipelineCommandHandlerThread-0] INFO  commandhandler.CreatePipelineCommandHandler (CreatePipelineCommandHandler.java:lambda$handle$2(124)) - Created Pipeline RATIS ONE PipelineID=51925fc5-52f4-4d13-9d43-baa759264337.
2023-06-23 00:37:33,919 [PipelineCommandHandlerThread-0] INFO  server.RaftServer (RaftServerProxy.java:addNew(98)) - 4e705eda-d59c-4e65-825a-8cd43ac70c00: addNew group-221BC075AD82:[a135c5de-80e1-4aab-81ec-fcc917b89996|rpc:10.1.0.47:15050|admin:10.1.0.47:15049|client:10.1.0.47:15048|dataStream:10.1.0.47:15051|priority:1|startupRole:FOLLOWER, 6a1a42da-c2df-4fd1-96ac-c2667a6b2780|rpc:10.1.0.47:15059|admin:10.1.0.47:15058|client:10.1.0.47:15057|dataStream:10.1.0.47:15060|priority:0|startupRole:FOLLOWER, 4e705eda-d59c-4e65-825a-8cd43ac70c00|rpc:10.1.0.47:15041|admin:10.1.0.47:15040|client:10.1.0.47:15039|dataStream:10.1.0.47:15042|priority:0|startupRole:FOLLOWER] returns group-221BC075AD82:java.util.concurrent.CompletableFuture@ec40378[Not completed]
2023-06-23 00:37:33,919 [a135c5de-80e1-4aab-81ec-fcc917b89996-groupManagement] INFO  server.RaftServerConfigKeys (ConfUtils.java:logGet(46)) - raft.server.log.appender.install.snapshot.enabled = false (custom)
2023-06-23 00:37:33,919 [a135c5de-80e1-4aab-81ec-fcc917b89996-groupManagement] INFO  server.RaftServerConfigKeys (ConfUtils.java:logGet(46)) - raft.server.threadpool.server.cached = true (default)
2023-06-23 00:37:33,919 [a135c5de-80e1-4aab-81ec-fcc917b89996-groupManagement] INFO  server.RaftServerConfigKeys (ConfUtils.java:logGet(46)) - raft.server.threadpool.server.size = 0 (default)
2023-06-23 00:37:33,919 [a135c5de-80e1-4aab-81ec-fcc917b89996-groupManagement] INFO  server.RaftServerConfigKeys (ConfUtils.java:logGet(46)) - raft.server.threadpool.client.cached = true (default)
2023-06-23 00:37:33,920 [a135c5de-80e1-4aab-81ec-fcc917b89996-groupManagement] INFO  server.RaftServerConfigKeys (ConfUtils.java:logGet(46)) - raft.server.threadpool.client.size = 0 (default)
2023-06-23 00:37:33,920 [a135c5de-80e1-4aab-81ec-fcc917b89996-groupManagement] INFO  storage.RaftStorageDirectory (RaftStorageDirectoryImpl.java:analyzeStorage(137)) - The storage directory /home/runner/work/ozone/ozone/hadoop-ozone/integration-test/target/test-dir/MiniOzoneClusterImpl-3c3985d8-3248-4f19-a32f-4442bec32466/datanode-4/data/ratis/8d3ffcfd-f421-412a-aa1f-3734f7f717dd does not exist. Creating ...
2023-06-23 00:37:33,921 [a135c5de-80e1-4aab-81ec-fcc917b89996-groupManagement] INFO  storage.RaftStorageDirectory (RaftStorageDirectoryImpl.java:tryLock(231)) - Lock on /home/runner/work/ozone/ozone/hadoop-ozone/integration-test/target/test-dir/MiniOzoneClusterImpl-3c3985d8-3248-4f19-a32f-4442bec32466/datanode-4/data/ratis/8d3ffcfd-f421-412a-aa1f-3734f7f717dd/in_use.lock acquired by nodename 61456@fv-az570-151
2023-06-23 00:37:33,922 [a135c5de-80e1-4aab-81ec-fcc917b89996-groupManagement] INFO  storage.RaftStorage (RaftStorageImpl.java:format(96)) - Storage directory /home/runner/work/ozone/ozone/hadoop-ozone/integration-test/target/test-dir/MiniOzoneClusterImpl-3c3985d8-3248-4f19-a32f-4442bec32466/datanode-4/data/ratis/8d3ffcfd-f421-412a-aa1f-3734f7f717dd has been successfully formatted.
2023-06-23 00:37:33,924 [a135c5de-80e1-4aab-81ec-fcc917b89996-groupManagement] INFO  ratis.ContainerStateMachine (ContainerStateMachine.java:loadSnapshot(262)) - group-3734F7F717DD: The snapshot info is null. Setting the last applied indexto:(t:0, i:~)
2023-06-23 00:37:33,925 [EventQueue-PipelineReportForPipelineReportHandler] INFO  pipeline.PipelineManagerImpl (PipelineManagerImpl.java:openPipeline(367)) - Pipeline Pipeline[ Id: 8d3ffcfd-f421-412a-aa1f-3734f7f717dd, Nodes: a135c5de-80e1-4aab-81ec-fcc917b89996(fv-az570-151.srgqcr2moziuvm0qev4lajleyh.dx.internal.cloudapp.net/10.1.0.47), ReplicationConfig: RATIS/ONE, State:ALLOCATED, leaderId:a135c5de-80e1-4aab-81ec-fcc917b89996, CreationTimestamp2023-06-23T00:37:30.792Z[Etc/UTC]] moved to OPEN state
2023-06-23 00:37:33,928 [4e705eda-d59c-4e65-825a-8cd43ac70c00-groupManagement] INFO  server.RaftServer$Division (RaftServerImpl.java:<init>(198)) - 4e705eda-d59c-4e65-825a-8cd43ac70c00: new RaftServerImpl for group-221BC075AD82:[a135c5de-80e1-4aab-81ec-fcc917b89996|rpc:10.1.0.47:15050|admin:10.1.0.47:15049|client:10.1.0.47:15048|dataStream:10.1.0.47:15051|priority:1|startupRole:FOLLOWER, 6a1a42da-c2df-4fd1-96ac-c2667a6b2780|rpc:10.1.0.47:15059|admin:10.1.0.47:15058|client:10.1.0.47:15057|dataStream:10.1.0.47:15060|priority:0|startupRole:FOLLOWER, 4e705eda-d59c-4e65-825a-8cd43ac70c00|rpc:10.1.0.47:15041|admin:10.1.0.47:15040|client:10.1.0.47:15039|dataStream:10.1.0.47:15042|priority:0|startupRole:FOLLOWER] with ContainerStateMachine:uninitialized
2023-06-23 00:37:33,928 [4e705eda-d59c-4e65-825a-8cd43ac70c00-groupManagement] INFO  server.RaftServerConfigKeys (ConfUtils.java:logGet(46)) - raft.server.rpc.timeout.min = 5s (custom)
2023-06-23 00:37:33,928 [4e705eda-d59c-4e65-825a-8cd43ac70c00-groupManagement] INFO  server.RaftServerConfigKeys (ConfUtils.java:logGet(46)) - raft.server.rpc.timeout.max = 5200ms (custom)
2023-06-23 00:37:33,928 [4e705eda-d59c-4e65-825a-8cd43ac70c00-groupManagement] INFO  server.RaftServerConfigKeys (ConfUtils.java:logGet(46)) - raft.server.rpc.sleep.time = 25ms (default)
2023-06-23 00:37:33,928 [4e705eda-d59c-4e65-825a-8cd43ac70c00-groupManagement] INFO  server.RaftServerConfigKeys (ConfUtils.java:logGet(46)) - raft.server.rpc.slowness.timeout = 300s (custom)
2023-06-23 00:37:33,928 [4e705eda-d59c-4e65-825a-8cd43ac70c00-groupManagement] INFO  server.RaftServerConfigKeys (ConfUtils.java:logGet(46)) - raft.server.leaderelection.leader.step-down.wait-time = 10s (default)
2023-06-23 00:37:33,928 [4e705eda-d59c-4e65-825a-8cd43ac70c00-groupManagement] INFO  server.RaftServerConfigKeys (ConfUtils.java:logGet(46)) - raft.server.sleep.deviation.threshold = 300ms (default)
2023-06-23 00:37:33,928 [4e705eda-d59c-4e65-825a-8cd43ac70c00-groupManagement] INFO  server.RaftServer$Division (ServerState.java:<init>(120)) - 4e705eda-d59c-4e65-825a-8cd43ac70c00@group-221BC075AD82: ConfigurationManager, init=-1: peers:[a135c5de-80e1-4aab-81ec-fcc917b89996|rpc:10.1.0.47:15050|admin:10.1.0.47:15049|client:10.1.0.47:15048|dataStream:10.1.0.47:15051|priority:1|startupRole:FOLLOWER, 6a1a42da-c2df-4fd1-96ac-c2667a6b2780|rpc:10.1.0.47:15059|admin:10.1.0.47:15058|client:10.1.0.47:15057|dataStream:10.1.0.47:15060|priority:0|startupRole:FOLLOWER, 4e705eda-d59c-4e65-825a-8cd43ac70c00|rpc:10.1.0.47:15041|admin:10.1.0.47:15040|client:10.1.0.47:15039|dataStream:10.1.0.47:15042|priority:0|startupRole:FOLLOWER]|listeners:[], old=null, confs=<EMPTY_MAP>
2023-06-23 00:37:33,928 [4e705eda-d59c-4e65-825a-8cd43ac70c00-groupManagement] INFO  server.RaftServerConfigKeys (ConfUtils.java:logGet(46)) - raft.server.storage.dir = [/home/runner/work/ozone/ozone/hadoop-ozone/integration-test/target/test-dir/MiniOzoneClusterImpl-3c3985d8-3248-4f19-a32f-4442bec32466/datanode-3/data/ratis] (custom)
2023-06-23 00:37:33,928 [EventQueue-OpenPipelineForHealthyPipelineSafeModeRule] INFO  safemode.SCMSafeModeManager (HealthyPipelineSafeModeRule.java:process(137)) - SCM in safe mode. Healthy pipelines reported count is 0, required healthy pipeline reported count is 1
2023-06-23 00:37:33,928 [a135c5de-80e1-4aab-81ec-fcc917b89996-groupManagement] INFO  server.RaftServerConfigKeys (ConfUtils.java:logGet(46)) - raft.server.log.use.memory = false (default)
2023-06-23 00:37:33,929 [a135c5de-80e1-4aab-81ec-fcc917b89996-groupManagement] INFO  server.RaftServerConfigKeys (ConfUtils.java:logGet(46)) - raft.server.log.purge.gap = 1000000 (custom)
2023-06-23 00:37:33,929 [a135c5de-80e1-4aab-81ec-fcc917b89996-groupManagement] INFO  server.RaftServerConfigKeys (ConfUtils.java:logGet(46)) - raft.server.log.appender.buffer.byte-limit = 33554432 (custom)
2023-06-23 00:37:33,929 [a135c5de-80e1-4aab-81ec-fcc917b89996-groupManagement] INFO  server.RaftServerConfigKeys (ConfUtils.java:logGet(46)) - raft.server.log.statemachine.data.read.timeout = 1000ms (default)
2023-06-23 00:37:33,929 [a135c5de-80e1-4aab-81ec-fcc917b89996-groupManagement] INFO  server.RaftServerConfigKeys (ConfUtils.java:logGet(46)) - raft.server.log.purge.preservation.log.num = 0 (default)
2023-06-23 00:37:33,930 [a135c5de-80e1-4aab-81ec-fcc917b89996-groupManagement] INFO  server.RaftServerConfigKeys (ConfUtils.java:logGet(46)) - raft.server.log.segment.size.max = 1048576 (custom)
2023-06-23 00:37:33,930 [a135c5de-80e1-4aab-81ec-fcc917b89996-groupManagement] INFO  server.RaftServerConfigKeys (ConfUtils.java:logGet(46)) - raft.server.log.segment.cache.num.max = 2 (custom)
2023-06-23 00:37:33,930 [a135c5de-80e1-4aab-81ec-fcc917b89996-groupManagement] INFO  server.RaftServerConfigKeys (ConfUtils.java:logGet(46)) - raft.server.log.segment.cache.size.max = 200MB (=209715200) (default)
2023-06-23 00:37:33,930 [a135c5de-80e1-4aab-81ec-fcc917b89996-groupManagement] INFO  server.RaftServerConfigKeys (ConfUtils.java:logGet(46)) - raft.server.log.appender.buffer.byte-limit = 33554432 (custom)
2023-06-23 00:37:33,930 [a135c5de-80e1-4aab-81ec-fcc917b89996-groupManagement] INFO  segmented.SegmentedRaftLogWorker (SegmentedRaftLogWorker.java:<init>(188)) - new a135c5de-80e1-4aab-81ec-fcc917b89996@group-3734F7F717DD-SegmentedRaftLogWorker for RaftStorageImpl:Storage Directory /home/runner/work/ozone/ozone/hadoop-ozone/integration-test/target/test-dir/MiniOzoneClusterImpl-3c3985d8-3248-4f19-a32f-4442bec32466/datanode-4/data/ratis/8d3ffcfd-f421-412a-aa1f-3734f7f717dd
2023-06-23 00:37:33,930 [a135c5de-80e1-4aab-81ec-fcc917b89996-groupManagement] INFO  server.RaftServerConfigKeys (ConfUtils.java:logGet(46)) - raft.server.log.queue.byte-limit = 4294967296 (custom)
2023-06-23 00:37:33,930 [a135c5de-80e1-4aab-81ec-fcc917b89996-groupManagement] INFO  server.RaftServerConfigKeys (ConfUtils.java:logGet(46)) - raft.server.log.queue.element-limit = 1024 (custom)
2023-06-23 00:37:33,930 [a135c5de-80e1-4aab-81ec-fcc917b89996-groupManagement] INFO  server.RaftServerConfigKeys (ConfUtils.java:logGet(46)) - raft.server.log.segment.size.max = 1048576 (custom)
2023-06-23 00:37:33,930 [a135c5de-80e1-4aab-81ec-fcc917b89996-groupManagement] INFO  server.RaftServerConfigKeys (ConfUtils.java:logGet(46)) - raft.server.log.preallocated.size = 16384 (custom)
2023-06-23 00:37:33,930 [a135c5de-80e1-4aab-81ec-fcc917b89996-groupManagement] INFO  server.RaftServerConfigKeys (ConfUtils.java:logGet(46)) - raft.server.log.force.sync.num = 128 (default)
2023-06-23 00:37:33,930 [a135c5de-80e1-4aab-81ec-fcc917b89996-groupManagement] INFO  server.RaftServerConfigKeys (ConfUtils.java:logGet(46)) - raft.server.log.statemachine.data.sync = true (default)
2023-06-23 00:37:33,931 [a135c5de-80e1-4aab-81ec-fcc917b89996-groupManagement] INFO  server.RaftServerConfigKeys (ConfUtils.java:logGet(46)) - raft.server.log.statemachine.data.sync.timeout = 10s (default)
2023-06-23 00:37:33,931 [a135c5de-80e1-4aab-81ec-fcc917b89996-groupManagement] INFO  server.RaftServerConfigKeys (ConfUtils.java:logGet(46)) - raft.server.log.statemachine.data.sync.timeout.retry = -1 (default)
2023-06-23 00:37:33,931 [4e705eda-d59c-4e65-825a-8cd43ac70c00-groupManagement] INFO  server.RaftServerConfigKeys (ConfUtils.java:logGet(46)) - raft.server.log.corruption.policy = EXCEPTION (default)
2023-06-23 00:37:33,931 [4e705eda-d59c-4e65-825a-8cd43ac70c00-groupManagement] INFO  server.RaftServerConfigKeys (ConfUtils.java:logGet(46)) - raft.server.storage.free-space.min = 0MB (=0) (default)
2023-06-23 00:37:33,931 [4e705eda-d59c-4e65-825a-8cd43ac70c00-groupManagement] INFO  server.RaftServerConfigKeys (ConfUtils.java:logGet(46)) - raft.server.notification.no-leader.timeout = 300s (custom)
2023-06-23 00:37:33,931 [4e705eda-d59c-4e65-825a-8cd43ac70c00-groupManagement] INFO  server.RaftServerConfigKeys (ConfUtils.java:logGet(46)) - raft.server.read.timeout = 10s (default)
2023-06-23 00:37:33,931 [4e705eda-d59c-4e65-825a-8cd43ac70c00-groupManagement] INFO  server.RaftServerConfigKeys (ConfUtils.java:logGet(46)) - raft.server.retrycache.expirytime = 600000ms (custom)
2023-06-23 00:37:33,931 [4e705eda-d59c-4e65-825a-8cd43ac70c00-groupManagement] INFO  server.RaftServerConfigKeys (ConfUtils.java:logGet(46)) - raft.server.retrycache.statistics.expirytime = 100μs (default)
2023-06-23 00:37:33,931 [a135c5de-80e1-4aab-81ec-fcc917b89996-groupManagement] INFO  server.RaftServerConfigKeys (ConfUtils.java:logGet(46)) - raft.server.log.write.buffer.size = 1048576 (custom)
2023-06-23 00:37:33,931 [4e705eda-d59c-4e65-825a-8cd43ac70c00-groupManagement] INFO  server.RaftServerConfigKeys (ConfUtils.java:logGet(46)) - raft.server.read.option = DEFAULT (default)
2023-06-23 00:37:33,932 [a135c5de-80e1-4aab-81ec-fcc917b89996-groupManagement] INFO  server.RaftServerConfigKeys (ConfUtils.java:logGet(46)) - raft.server.log.appender.buffer.byte-limit = 33554432 (custom)
2023-06-23 00:37:33,933 [4e705eda-d59c-4e65-825a-8cd43ac70c00-groupManagement] INFO  server.RaftServerConfigKeys (ConfUtils.java:logGet(46)) - raft.server.rpc.request.timeout = 60s (custom)
2023-06-23 00:37:33,935 [4e705eda-d59c-4e65-825a-8cd43ac70c00-groupManagement] INFO  server.RaftServerConfigKeys (ConfUtils.java:logGet(46)) - raft.server.log.appender.install.snapshot.enabled = false (custom)
2023-06-23 00:37:33,935 [4e705eda-d59c-4e65-825a-8cd43ac70c00-groupManagement] INFO  server.RaftServerConfigKeys (ConfUtils.java:logGet(46)) - raft.server.threadpool.server.cached = true (default)
2023-06-23 00:37:33,935 [4e705eda-d59c-4e65-825a-8cd43ac70c00-groupManagement] INFO  server.RaftServerConfigKeys (ConfUtils.java:logGet(46)) - raft.server.threadpool.server.size = 0 (default)
2023-06-23 00:37:33,935 [4e705eda-d59c-4e65-825a-8cd43ac70c00-groupManagement] INFO  server.RaftServerConfigKeys (ConfUtils.java:logGet(46)) - raft.server.threadpool.client.cached = true (default)
2023-06-23 00:37:33,935 [4e705eda-d59c-4e65-825a-8cd43ac70c00-groupManagement] INFO  server.RaftServerConfigKeys (ConfUtils.java:logGet(46)) - raft.server.threadpool.client.size = 0 (default)
2023-06-23 00:37:33,935 [4e705eda-d59c-4e65-825a-8cd43ac70c00-groupManagement] INFO  storage.RaftStorageDirectory (RaftStorageDirectoryImpl.java:analyzeStorage(137)) - The storage directory /home/runner/work/ozone/ozone/hadoop-ozone/integration-test/target/test-dir/MiniOzoneClusterImpl-3c3985d8-3248-4f19-a32f-4442bec32466/datanode-3/data/ratis/46c40a94-8571-45b1-a2a4-221bc075ad82 does not exist. Creating ...
2023-06-23 00:37:33,937 [a135c5de-80e1-4aab-81ec-fcc917b89996-groupManagement] INFO  server.RaftServerConfigKeys (ConfUtils.java:logGet(46)) - raft.server.log.unsafe-flush.enabled = false (default)
2023-06-23 00:37:33,937 [a135c5de-80e1-4aab-81ec-fcc917b89996-groupManagement] INFO  server.RaftServerConfigKeys (ConfUtils.java:logGet(46)) - raft.server.log.async-flush.enabled = false (default)
2023-06-23 00:37:33,937 [a135c5de-80e1-4aab-81ec-fcc917b89996-groupManagement] INFO  server.RaftServerConfigKeys (ConfUtils.java:logGet(46)) - raft.server.log.statemachine.data.caching.enabled = true (custom)
2023-06-23 00:37:33,937 [a135c5de-80e1-4aab-81ec-fcc917b89996-groupManagement] INFO  segmented.SegmentedRaftLogWorker (SegmentedRaftLogWorker.java:lambda$new$0(135)) - a135c5de-80e1-4aab-81ec-fcc917b89996@group-3734F7F717DD-SegmentedRaftLogWorker: flushIndex: setUnconditionally 0 -> -1
2023-06-23 00:37:33,937 [a135c5de-80e1-4aab-81ec-fcc917b89996-groupManagement] INFO  segmented.SegmentedRaftLogWorker (SegmentedRaftLogWorker.java:lambda$new$0(135)) - a135c5de-80e1-4aab-81ec-fcc917b89996@group-3734F7F717DD-SegmentedRaftLogWorker: safeCacheEvictIndex: setUnconditionally 0 -> -1
2023-06-23 00:37:33,938 [a135c5de-80e1-4aab-81ec-fcc917b89996-groupManagement] INFO  server.RaftServer$Division (RaftServerImpl.java:start(342)) - a135c5de-80e1-4aab-81ec-fcc917b89996@group-3734F7F717DD: start as a follower, conf=-1: peers:[a135c5de-80e1-4aab-81ec-fcc917b89996|rpc:10.1.0.47:15050|admin:10.1.0.47:15049|client:10.1.0.47:15048|dataStream:10.1.0.47:15051|priority:1|startupRole:FOLLOWER]|listeners:[], old=null
2023-06-23 00:37:33,938 [a135c5de-80e1-4aab-81ec-fcc917b89996-groupManagement] INFO  server.RaftServer$Division (RaftServerImpl.java:setRole(329)) - a135c5de-80e1-4aab-81ec-fcc917b89996@group-3734F7F717DD: changes role from      null to FOLLOWER at term 0 for startAsFollower
2023-06-23 00:37:33,938 [a135c5de-80e1-4aab-81ec-fcc917b89996-groupManagement] INFO  impl.RoleInfo (RoleInfo.java:updateAndGet(139)) - a135c5de-80e1-4aab-81ec-fcc917b89996: start a135c5de-80e1-4aab-81ec-fcc917b89996@group-3734F7F717DD-FollowerState
2023-06-23 00:37:33,938 [4e705eda-d59c-4e65-825a-8cd43ac70c00-groupManagement] INFO  storage.RaftStorageDirectory (RaftStorageDirectoryImpl.java:tryLock(231)) - Lock on /home/runner/work/ozone/ozone/hadoop-ozone/integration-test/target/test-dir/MiniOzoneClusterImpl-3c3985d8-3248-4f19-a32f-4442bec32466/datanode-3/data/ratis/46c40a94-8571-45b1-a2a4-221bc075ad82/in_use.lock acquired by nodename 61456@fv-az570-151
2023-06-23 00:37:33,938 [a135c5de-80e1-4aab-81ec-fcc917b89996-groupManagement] INFO  util.JmxRegister (JmxRegister.java:tryRegister(44)) - Successfully registered JMX Bean with object name Ratis:service=RaftServer,group=group-3734F7F717DD,id=a135c5de-80e1-4aab-81ec-fcc917b89996
2023-06-23 00:37:33,938 [a135c5de-80e1-4aab-81ec-fcc917b89996@group-3734F7F717DD-FollowerState] INFO  server.RaftServerConfigKeys (ConfUtils.java:logFallback(53)) - raft.server.rpc.first-election.timeout.min = 5s (fallback to raft.server.rpc.timeout.min)
2023-06-23 00:37:33,938 [a135c5de-80e1-4aab-81ec-fcc917b89996-groupManagement] INFO  server.RaftServerConfigKeys (ConfUtils.java:logGet(46)) - raft.server.snapshot.auto.trigger.enabled = true (custom)
2023-06-23 00:37:33,938 [a135c5de-80e1-4aab-81ec-fcc917b89996@group-3734F7F717DD-FollowerState] INFO  server.RaftServerConfigKeys (ConfUtils.java:logFallback(53)) - raft.server.rpc.first-election.timeout.max = 5200ms (fallback to raft.server.rpc.timeout.max)
2023-06-23 00:37:33,938 [a135c5de-80e1-4aab-81ec-fcc917b89996-groupManagement] INFO  server.RaftServerConfigKeys (ConfUtils.java:logGet(46)) - raft.server.snapshot.auto.trigger.threshold = 10000 (custom)
2023-06-23 00:37:33,938 [a135c5de-80e1-4aab-81ec-fcc917b89996-groupManagement] INFO  server.RaftServerConfigKeys (ConfUtils.java:logGet(46)) - raft.server.snapshot.retention.file.num = 5 (custom)
2023-06-23 00:37:33,939 [a135c5de-80e1-4aab-81ec-fcc917b89996-groupManagement] INFO  server.RaftServerConfigKeys (ConfUtils.java:logGet(46)) - raft.server.log.purge.upto.snapshot.index = false (default)
2023-06-23 00:37:33,939 [PipelineCommandHandlerThread-0] INFO  ratis.XceiverServerRatis (XceiverServerRatis.java:addGroup(804)) - Created group PipelineID=8d3ffcfd-f421-412a-aa1f-3734f7f717dd
2023-06-23 00:37:33,939 [PipelineCommandHandlerThread-0] INFO  commandhandler.CreatePipelineCommandHandler (CreatePipelineCommandHandler.java:lambda$handle$2(124)) - Created Pipeline RATIS ONE PipelineID=8d3ffcfd-f421-412a-aa1f-3734f7f717dd.
2023-06-23 00:37:33,940 [PipelineCommandHandlerThread-0] INFO  server.RaftServer (RaftServerProxy.java:addNew(98)) - a135c5de-80e1-4aab-81ec-fcc917b89996: addNew group-221BC075AD82:[a135c5de-80e1-4aab-81ec-fcc917b89996|rpc:10.1.0.47:15050|admin:10.1.0.47:15049|client:10.1.0.47:15048|dataStream:10.1.0.47:15051|priority:1|startupRole:FOLLOWER, 6a1a42da-c2df-4fd1-96ac-c2667a6b2780|rpc:10.1.0.47:15059|admin:10.1.0.47:15058|client:10.1.0.47:15057|dataStream:10.1.0.47:15060|priority:0|startupRole:FOLLOWER, 4e705eda-d59c-4e65-825a-8cd43ac70c00|rpc:10.1.0.47:15041|admin:10.1.0.47:15040|client:10.1.0.47:15039|dataStream:10.1.0.47:15042|priority:0|startupRole:FOLLOWER] returns group-221BC075AD82:java.util.concurrent.CompletableFuture@3b8e6abc[Not completed]
2023-06-23 00:37:33,940 [a135c5de-80e1-4aab-81ec-fcc917b89996-groupManagement] INFO  server.RaftServer$Division (RaftServerImpl.java:<init>(198)) - a135c5de-80e1-4aab-81ec-fcc917b89996: new RaftServerImpl for group-221BC075AD82:[a135c5de-80e1-4aab-81ec-fcc917b89996|rpc:10.1.0.47:15050|admin:10.1.0.47:15049|client:10.1.0.47:15048|dataStream:10.1.0.47:15051|priority:1|startupRole:FOLLOWER, 6a1a42da-c2df-4fd1-96ac-c2667a6b2780|rpc:10.1.0.47:15059|admin:10.1.0.47:15058|client:10.1.0.47:15057|dataStream:10.1.0.47:15060|priority:0|startupRole:FOLLOWER, 4e705eda-d59c-4e65-825a-8cd43ac70c00|rpc:10.1.0.47:15041|admin:10.1.0.47:15040|client:10.1.0.47:15039|dataStream:10.1.0.47:15042|priority:0|startupRole:FOLLOWER] with ContainerStateMachine:uninitialized
2023-06-23 00:37:33,940 [a135c5de-80e1-4aab-81ec-fcc917b89996-groupManagement] INFO  server.RaftServerConfigKeys (ConfUtils.java:logGet(46)) - raft.server.rpc.timeout.min = 5s (custom)
2023-06-23 00:37:33,941 [a135c5de-80e1-4aab-81ec-fcc917b89996-groupManagement] INFO  server.RaftServerConfigKeys (ConfUtils.java:logGet(46)) - raft.server.rpc.timeout.max = 5200ms (custom)
2023-06-23 00:37:33,941 [a135c5de-80e1-4aab-81ec-fcc917b89996-groupManagement] INFO  server.RaftServerConfigKeys (ConfUtils.java:logGet(46)) - raft.server.rpc.sleep.time = 25ms (default)
2023-06-23 00:37:33,941 [a135c5de-80e1-4aab-81ec-fcc917b89996-groupManagement] INFO  server.RaftServerConfigKeys (ConfUtils.java:logGet(46)) - raft.server.rpc.slowness.timeout = 300s (custom)
2023-06-23 00:37:33,941 [a135c5de-80e1-4aab-81ec-fcc917b89996-groupManagement] INFO  server.RaftServerConfigKeys (ConfUtils.java:logGet(46)) - raft.server.leaderelection.leader.step-down.wait-time = 10s (default)
2023-06-23 00:37:33,941 [a135c5de-80e1-4aab-81ec-fcc917b89996-groupManagement] INFO  server.RaftServerConfigKeys (ConfUtils.java:logGet(46)) - raft.server.sleep.deviation.threshold = 300ms (default)
2023-06-23 00:37:33,941 [a135c5de-80e1-4aab-81ec-fcc917b89996-groupManagement] INFO  server.RaftServer$Division (ServerState.java:<init>(120)) - a135c5de-80e1-4aab-81ec-fcc917b89996@group-221BC075AD82: ConfigurationManager, init=-1: peers:[a135c5de-80e1-4aab-81ec-fcc917b89996|rpc:10.1.0.47:15050|admin:10.1.0.47:15049|client:10.1.0.47:15048|dataStream:10.1.0.47:15051|priority:1|startupRole:FOLLOWER, 6a1a42da-c2df-4fd1-96ac-c2667a6b2780|rpc:10.1.0.47:15059|admin:10.1.0.47:15058|client:10.1.0.47:15057|dataStream:10.1.0.47:15060|priority:0|startupRole:FOLLOWER, 4e705eda-d59c-4e65-825a-8cd43ac70c00|rpc:10.1.0.47:15041|admin:10.1.0.47:15040|client:10.1.0.47:15039|dataStream:10.1.0.47:15042|priority:0|startupRole:FOLLOWER]|listeners:[], old=null, confs=<EMPTY_MAP>
2023-06-23 00:37:33,941 [a135c5de-80e1-4aab-81ec-fcc917b89996-groupManagement] INFO  server.RaftServerConfigKeys (ConfUtils.java:logGet(46)) - raft.server.storage.dir = [/home/runner/work/ozone/ozone/hadoop-ozone/integration-test/target/test-dir/MiniOzoneClusterImpl-3c3985d8-3248-4f19-a32f-4442bec32466/datanode-4/data/ratis] (custom)
2023-06-23 00:37:33,941 [a135c5de-80e1-4aab-81ec-fcc917b89996-groupManagement] INFO  server.RaftServerConfigKeys (ConfUtils.java:logGet(46)) - raft.server.log.corruption.policy = EXCEPTION (default)
2023-06-23 00:37:33,941 [a135c5de-80e1-4aab-81ec-fcc917b89996-groupManagement] INFO  server.RaftServerConfigKeys (ConfUtils.java:logGet(46)) - raft.server.storage.free-space.min = 0MB (=0) (default)
2023-06-23 00:37:33,941 [a135c5de-80e1-4aab-81ec-fcc917b89996-groupManagement] INFO  server.RaftServerConfigKeys (ConfUtils.java:logGet(46)) - raft.server.notification.no-leader.timeout = 300s (custom)
2023-06-23 00:37:33,941 [a135c5de-80e1-4aab-81ec-fcc917b89996-groupManagement] INFO  server.RaftServerConfigKeys (ConfUtils.java:logGet(46)) - raft.server.read.timeout = 10s (default)
2023-06-23 00:37:33,941 [a135c5de-80e1-4aab-81ec-fcc917b89996-groupManagement] INFO  server.RaftServerConfigKeys (ConfUtils.java:logGet(46)) - raft.server.retrycache.expirytime = 600000ms (custom)
2023-06-23 00:37:33,941 [a135c5de-80e1-4aab-81ec-fcc917b89996-groupManagement] INFO  server.RaftServerConfigKeys (ConfUtils.java:logGet(46)) - raft.server.retrycache.statistics.expirytime = 100μs (default)
2023-06-23 00:37:33,941 [a135c5de-80e1-4aab-81ec-fcc917b89996-groupManagement] INFO  server.RaftServerConfigKeys (ConfUtils.java:logGet(46)) - raft.server.read.option = DEFAULT (default)
2023-06-23 00:37:33,942 [a135c5de-80e1-4aab-81ec-fcc917b89996-groupManagement] INFO  server.RaftServerConfigKeys (ConfUtils.java:logGet(46)) - raft.server.rpc.request.timeout = 60s (custom)
2023-06-23 00:37:33,942 [a135c5de-80e1-4aab-81ec-fcc917b89996-groupManagement] INFO  server.RaftServerConfigKeys (ConfUtils.java:logGet(46)) - raft.server.log.appender.install.snapshot.enabled = false (custom)
2023-06-23 00:37:33,942 [a135c5de-80e1-4aab-81ec-fcc917b89996-groupManagement] INFO  server.RaftServerConfigKeys (ConfUtils.java:logGet(46)) - raft.server.threadpool.server.cached = true (default)
2023-06-23 00:37:33,943 [a135c5de-80e1-4aab-81ec-fcc917b89996-groupManagement] INFO  server.RaftServerConfigKeys (ConfUtils.java:logGet(46)) - raft.server.threadpool.server.size = 0 (default)
2023-06-23 00:37:33,943 [a135c5de-80e1-4aab-81ec-fcc917b89996-groupManagement] INFO  server.RaftServerConfigKeys (ConfUtils.java:logGet(46)) - raft.server.threadpool.client.cached = true (default)
2023-06-23 00:37:33,943 [a135c5de-80e1-4aab-81ec-fcc917b89996-groupManagement] INFO  server.RaftServerConfigKeys (ConfUtils.java:logGet(46)) - raft.server.threadpool.client.size = 0 (default)
2023-06-23 00:37:33,943 [a135c5de-80e1-4aab-81ec-fcc917b89996-groupManagement] INFO  storage.RaftStorageDirectory (RaftStorageDirectoryImpl.java:analyzeStorage(137)) - The storage directory /home/runner/work/ozone/ozone/hadoop-ozone/integration-test/target/test-dir/MiniOzoneClusterImpl-3c3985d8-3248-4f19-a32f-4442bec32466/datanode-4/data/ratis/46c40a94-8571-45b1-a2a4-221bc075ad82 does not exist. Creating ...
2023-06-23 00:37:33,943 [4e705eda-d59c-4e65-825a-8cd43ac70c00-groupManagement] INFO  storage.RaftStorage (RaftStorageImpl.java:format(96)) - Storage directory /home/runner/work/ozone/ozone/hadoop-ozone/integration-test/target/test-dir/MiniOzoneClusterImpl-3c3985d8-3248-4f19-a32f-4442bec32466/datanode-3/data/ratis/46c40a94-8571-45b1-a2a4-221bc075ad82 has been successfully formatted.
2023-06-23 00:37:33,944 [4e705eda-d59c-4e65-825a-8cd43ac70c00-groupManagement] INFO  ratis.ContainerStateMachine (ContainerStateMachine.java:loadSnapshot(262)) - group-221BC075AD82: The snapshot info is null. Setting the last applied indexto:(t:0, i:~)
2023-06-23 00:37:33,944 [4e705eda-d59c-4e65-825a-8cd43ac70c00-groupManagement] INFO  server.RaftServerConfigKeys (ConfUtils.java:logGet(46)) - raft.server.log.use.memory = false (default)
2023-06-23 00:37:33,945 [4e705eda-d59c-4e65-825a-8cd43ac70c00-groupManagement] INFO  server.RaftServerConfigKeys (ConfUtils.java:logGet(46)) - raft.server.log.purge.gap = 1000000 (custom)
2023-06-23 00:37:33,945 [4e705eda-d59c-4e65-825a-8cd43ac70c00-groupManagement] INFO  server.RaftServerConfigKeys (ConfUtils.java:logGet(46)) - raft.server.log.appender.buffer.byte-limit = 33554432 (custom)
2023-06-23 00:37:33,946 [EventQueue-OpenPipelineForHealthyPipelineSafeModeRule] INFO  safemode.SCMSafeModeManager (HealthyPipelineSafeModeRule.java:process(137)) - SCM in safe mode. Healthy pipelines reported count is 0, required healthy pipeline reported count is 1
2023-06-23 00:37:33,946 [4e705eda-d59c-4e65-825a-8cd43ac70c00-groupManagement] INFO  server.RaftServerConfigKeys (ConfUtils.java:logGet(46)) - raft.server.log.statemachine.data.read.timeout = 1000ms (default)
2023-06-23 00:37:33,946 [4e705eda-d59c-4e65-825a-8cd43ac70c00-groupManagement] INFO  server.RaftServerConfigKeys (ConfUtils.java:logGet(46)) - raft.server.log.purge.preservation.log.num = 0 (default)
2023-06-23 00:37:33,947 [4e705eda-d59c-4e65-825a-8cd43ac70c00-groupManagement] INFO  server.RaftServerConfigKeys (ConfUtils.java:logGet(46)) - raft.server.log.segment.size.max = 1048576 (custom)
2023-06-23 00:37:33,947 [4e705eda-d59c-4e65-825a-8cd43ac70c00-groupManagement] INFO  server.RaftServerConfigKeys (ConfUtils.java:logGet(46)) - raft.server.log.segment.cache.num.max = 2 (custom)
2023-06-23 00:37:33,947 [4e705eda-d59c-4e65-825a-8cd43ac70c00-groupManagement] INFO  server.RaftServerConfigKeys (ConfUtils.java:logGet(46)) - raft.server.log.segment.cache.size.max = 200MB (=209715200) (default)
2023-06-23 00:37:33,947 [4e705eda-d59c-4e65-825a-8cd43ac70c00-groupManagement] INFO  server.RaftServerConfigKeys (ConfUtils.java:logGet(46)) - raft.server.log.appender.buffer.byte-limit = 33554432 (custom)
2023-06-23 00:37:33,947 [4e705eda-d59c-4e65-825a-8cd43ac70c00-groupManagement] INFO  segmented.SegmentedRaftLogWorker (SegmentedRaftLogWorker.java:<init>(188)) - new 4e705eda-d59c-4e65-825a-8cd43ac70c00@group-221BC075AD82-SegmentedRaftLogWorker for RaftStorageImpl:Storage Directory /home/runner/work/ozone/ozone/hadoop-ozone/integration-test/target/test-dir/MiniOzoneClusterImpl-3c3985d8-3248-4f19-a32f-4442bec32466/datanode-3/data/ratis/46c40a94-8571-45b1-a2a4-221bc075ad82
2023-06-23 00:37:33,947 [4e705eda-d59c-4e65-825a-8cd43ac70c00-groupManagement] INFO  server.RaftServerConfigKeys (ConfUtils.java:logGet(46)) - raft.server.log.queue.byte-limit = 4294967296 (custom)
2023-06-23 00:37:33,947 [4e705eda-d59c-4e65-825a-8cd43ac70c00-groupManagement] INFO  server.RaftServerConfigKeys (ConfUtils.java:logGet(46)) - raft.server.log.queue.element-limit = 1024 (custom)
2023-06-23 00:37:33,947 [4e705eda-d59c-4e65-825a-8cd43ac70c00-groupManagement] INFO  server.RaftServerConfigKeys (ConfUtils.java:logGet(46)) - raft.server.log.segment.size.max = 1048576 (custom)
2023-06-23 00:37:33,945 [a135c5de-80e1-4aab-81ec-fcc917b89996-groupManagement] INFO  storage.RaftStorageDirectory (RaftStorageDirectoryImpl.java:tryLock(231)) - Lock on /home/runner/work/ozone/ozone/hadoop-ozone/integration-test/target/test-dir/MiniOzoneClusterImpl-3c3985d8-3248-4f19-a32f-4442bec32466/datanode-4/data/ratis/46c40a94-8571-45b1-a2a4-221bc075ad82/in_use.lock acquired by nodename 61456@fv-az570-151
2023-06-23 00:37:33,950 [4e705eda-d59c-4e65-825a-8cd43ac70c00-groupManagement] INFO  server.RaftServerConfigKeys (ConfUtils.java:logGet(46)) - raft.server.log.preallocated.size = 16384 (custom)
2023-06-23 00:37:33,950 [4e705eda-d59c-4e65-825a-8cd43ac70c00-groupManagement] INFO  server.RaftServerConfigKeys (ConfUtils.java:logGet(46)) - raft.server.log.force.sync.num = 128 (default)
2023-06-23 00:37:33,950 [4e705eda-d59c-4e65-825a-8cd43ac70c00-groupManagement] INFO  server.RaftServerConfigKeys (ConfUtils.java:logGet(46)) - raft.server.log.statemachine.data.sync = true (default)
2023-06-23 00:37:33,950 [4e705eda-d59c-4e65-825a-8cd43ac70c00-groupManagement] INFO  server.RaftServerConfigKeys (ConfUtils.java:logGet(46)) - raft.server.log.statemachine.data.sync.timeout = 10s (default)
2023-06-23 00:37:33,950 [4e705eda-d59c-4e65-825a-8cd43ac70c00-groupManagement] INFO  server.RaftServerConfigKeys (ConfUtils.java:logGet(46)) - raft.server.log.statemachine.data.sync.timeout.retry = -1 (default)
2023-06-23 00:37:33,951 [a135c5de-80e1-4aab-81ec-fcc917b89996-groupManagement] INFO  storage.RaftStorage (RaftStorageImpl.java:format(96)) - Storage directory /home/runner/work/ozone/ozone/hadoop-ozone/integration-test/target/test-dir/MiniOzoneClusterImpl-3c3985d8-3248-4f19-a32f-4442bec32466/datanode-4/data/ratis/46c40a94-8571-45b1-a2a4-221bc075ad82 has been successfully formatted.
2023-06-23 00:37:33,951 [a135c5de-80e1-4aab-81ec-fcc917b89996-groupManagement] INFO  ratis.ContainerStateMachine (ContainerStateMachine.java:loadSnapshot(262)) - group-221BC075AD82: The snapshot info is null. Setting the last applied indexto:(t:0, i:~)
2023-06-23 00:37:33,951 [a135c5de-80e1-4aab-81ec-fcc917b89996-groupManagement] INFO  server.RaftServerConfigKeys (ConfUtils.java:logGet(46)) - raft.server.log.use.memory = false (default)
2023-06-23 00:37:33,951 [a135c5de-80e1-4aab-81ec-fcc917b89996-groupManagement] INFO  server.RaftServerConfigKeys (ConfUtils.java:logGet(46)) - raft.server.log.purge.gap = 1000000 (custom)
2023-06-23 00:37:33,951 [a135c5de-80e1-4aab-81ec-fcc917b89996-groupManagement] INFO  server.RaftServerConfigKeys (ConfUtils.java:logGet(46)) - raft.server.log.appender.buffer.byte-limit = 33554432 (custom)
2023-06-23 00:37:33,951 [a135c5de-80e1-4aab-81ec-fcc917b89996-groupManagement] INFO  server.RaftServerConfigKeys (ConfUtils.java:logGet(46)) - raft.server.log.statemachine.data.read.timeout = 1000ms (default)
2023-06-23 00:37:33,952 [a135c5de-80e1-4aab-81ec-fcc917b89996-groupManagement] INFO  server.RaftServerConfigKeys (ConfUtils.java:logGet(46)) - raft.server.log.purge.preservation.log.num = 0 (default)
2023-06-23 00:37:33,952 [a135c5de-80e1-4aab-81ec-fcc917b89996-groupManagement] INFO  server.RaftServerConfigKeys (ConfUtils.java:logGet(46)) - raft.server.log.segment.size.max = 1048576 (custom)
2023-06-23 00:37:33,952 [EventQueue-OpenPipelineForHealthyPipelineSafeModeRule] INFO  safemode.SCMSafeModeManager (HealthyPipelineSafeModeRule.java:process(137)) - SCM in safe mode. Healthy pipelines reported count is 0, required healthy pipeline reported count is 1
2023-06-23 00:37:33,954 [a135c5de-80e1-4aab-81ec-fcc917b89996-groupManagement] INFO  server.RaftServerConfigKeys (ConfUtils.java:logGet(46)) - raft.server.log.segment.cache.num.max = 2 (custom)
2023-06-23 00:37:33,954 [a135c5de-80e1-4aab-81ec-fcc917b89996-groupManagement] INFO  server.RaftServerConfigKeys (ConfUtils.java:logGet(46)) - raft.server.log.segment.cache.size.max = 200MB (=209715200) (default)
2023-06-23 00:37:33,955 [a135c5de-80e1-4aab-81ec-fcc917b89996-groupManagement] INFO  server.RaftServerConfigKeys (ConfUtils.java:logGet(46)) - raft.server.log.appender.buffer.byte-limit = 33554432 (custom)
2023-06-23 00:37:33,955 [a135c5de-80e1-4aab-81ec-fcc917b89996-groupManagement] INFO  segmented.SegmentedRaftLogWorker (SegmentedRaftLogWorker.java:<init>(188)) - new a135c5de-80e1-4aab-81ec-fcc917b89996@group-221BC075AD82-SegmentedRaftLogWorker for RaftStorageImpl:Storage Directory /home/runner/work/ozone/ozone/hadoop-ozone/integration-test/target/test-dir/MiniOzoneClusterImpl-3c3985d8-3248-4f19-a32f-4442bec32466/datanode-4/data/ratis/46c40a94-8571-45b1-a2a4-221bc075ad82
2023-06-23 00:37:33,955 [a135c5de-80e1-4aab-81ec-fcc917b89996-groupManagement] INFO  server.RaftServerConfigKeys (ConfUtils.java:logGet(46)) - raft.server.log.queue.byte-limit = 4294967296 (custom)
2023-06-23 00:37:33,955 [a135c5de-80e1-4aab-81ec-fcc917b89996-groupManagement] INFO  server.RaftServerConfigKeys (ConfUtils.java:logGet(46)) - raft.server.log.queue.element-limit = 1024 (custom)
2023-06-23 00:37:33,955 [a135c5de-80e1-4aab-81ec-fcc917b89996-groupManagement] INFO  server.RaftServerConfigKeys (ConfUtils.java:logGet(46)) - raft.server.log.segment.size.max = 1048576 (custom)
2023-06-23 00:37:33,955 [a135c5de-80e1-4aab-81ec-fcc917b89996-groupManagement] INFO  server.RaftServerConfigKeys (ConfUtils.java:logGet(46)) - raft.server.log.preallocated.size = 16384 (custom)
2023-06-23 00:37:33,955 [a135c5de-80e1-4aab-81ec-fcc917b89996-groupManagement] INFO  server.RaftServerConfigKeys (ConfUtils.java:logGet(46)) - raft.server.log.force.sync.num = 128 (default)
2023-06-23 00:37:33,955 [a135c5de-80e1-4aab-81ec-fcc917b89996-groupManagement] INFO  server.RaftServerConfigKeys (ConfUtils.java:logGet(46)) - raft.server.log.statemachine.data.sync = true (default)
2023-06-23 00:37:33,955 [a135c5de-80e1-4aab-81ec-fcc917b89996-groupManagement] INFO  server.RaftServerConfigKeys (ConfUtils.java:logGet(46)) - raft.server.log.statemachine.data.sync.timeout = 10s (default)
2023-06-23 00:37:33,955 [a135c5de-80e1-4aab-81ec-fcc917b89996-groupManagement] INFO  server.RaftServerConfigKeys (ConfUtils.java:logGet(46)) - raft.server.log.statemachine.data.sync.timeout.retry = -1 (default)
2023-06-23 00:37:33,956 [4e705eda-d59c-4e65-825a-8cd43ac70c00-groupManagement] INFO  server.RaftServerConfigKeys (ConfUtils.java:logGet(46)) - raft.server.log.write.buffer.size = 1048576 (custom)
2023-06-23 00:37:33,957 [4e705eda-d59c-4e65-825a-8cd43ac70c00-groupManagement] INFO  server.RaftServerConfigKeys (ConfUtils.java:logGet(46)) - raft.server.log.appender.buffer.byte-limit = 33554432 (custom)
2023-06-23 00:37:33,958 [a135c5de-80e1-4aab-81ec-fcc917b89996-groupManagement] INFO  server.RaftServerConfigKeys (ConfUtils.java:logGet(46)) - raft.server.log.write.buffer.size = 1048576 (custom)
2023-06-23 00:37:33,959 [a135c5de-80e1-4aab-81ec-fcc917b89996-groupManagement] INFO  server.RaftServerConfigKeys (ConfUtils.java:logGet(46)) - raft.server.log.appender.buffer.byte-limit = 33554432 (custom)
2023-06-23 00:37:33,963 [4e705eda-d59c-4e65-825a-8cd43ac70c00-groupManagement] INFO  server.RaftServerConfigKeys (ConfUtils.java:logGet(46)) - raft.server.log.unsafe-flush.enabled = false (default)
2023-06-23 00:37:33,963 [4e705eda-d59c-4e65-825a-8cd43ac70c00-groupManagement] INFO  server.RaftServerConfigKeys (ConfUtils.java:logGet(46)) - raft.server.log.async-flush.enabled = false (default)
2023-06-23 00:37:33,964 [a135c5de-80e1-4aab-81ec-fcc917b89996-groupManagement] INFO  server.RaftServerConfigKeys (ConfUtils.java:logGet(46)) - raft.server.log.unsafe-flush.enabled = false (default)
2023-06-23 00:37:33,965 [4e705eda-d59c-4e65-825a-8cd43ac70c00-groupManagement] INFO  server.RaftServerConfigKeys (ConfUtils.java:logGet(46)) - raft.server.log.statemachine.data.caching.enabled = true (custom)
2023-06-23 00:37:33,965 [a135c5de-80e1-4aab-81ec-fcc917b89996-groupManagement] INFO  server.RaftServerConfigKeys (ConfUtils.java:logGet(46)) - raft.server.log.async-flush.enabled = false (default)
2023-06-23 00:37:33,965 [a135c5de-80e1-4aab-81ec-fcc917b89996-groupManagement] INFO  server.RaftServerConfigKeys (ConfUtils.java:logGet(46)) - raft.server.log.statemachine.data.caching.enabled = true (custom)
2023-06-23 00:37:33,965 [4e705eda-d59c-4e65-825a-8cd43ac70c00-groupManagement] INFO  segmented.SegmentedRaftLogWorker (SegmentedRaftLogWorker.java:lambda$new$0(135)) - 4e705eda-d59c-4e65-825a-8cd43ac70c00@group-221BC075AD82-SegmentedRaftLogWorker: flushIndex: setUnconditionally 0 -> -1
2023-06-23 00:37:33,966 [4e705eda-d59c-4e65-825a-8cd43ac70c00-groupManagement] INFO  segmented.SegmentedRaftLogWorker (SegmentedRaftLogWorker.java:lambda$new$0(135)) - 4e705eda-d59c-4e65-825a-8cd43ac70c00@group-221BC075AD82-SegmentedRaftLogWorker: safeCacheEvictIndex: setUnconditionally 0 -> -1
2023-06-23 00:37:33,966 [a135c5de-80e1-4aab-81ec-fcc917b89996-groupManagement] INFO  segmented.SegmentedRaftLogWorker (SegmentedRaftLogWorker.java:lambda$new$0(135)) - a135c5de-80e1-4aab-81ec-fcc917b89996@group-221BC075AD82-SegmentedRaftLogWorker: flushIndex: setUnconditionally 0 -> -1
2023-06-23 00:37:33,966 [a135c5de-80e1-4aab-81ec-fcc917b89996-groupManagement] INFO  segmented.SegmentedRaftLogWorker (SegmentedRaftLogWorker.java:lambda$new$0(135)) - a135c5de-80e1-4aab-81ec-fcc917b89996@group-221BC075AD82-SegmentedRaftLogWorker: safeCacheEvictIndex: setUnconditionally 0 -> -1
2023-06-23 00:37:33,967 [4e705eda-d59c-4e65-825a-8cd43ac70c00-groupManagement] INFO  server.RaftServer$Division (RaftServerImpl.java:start(342)) - 4e705eda-d59c-4e65-825a-8cd43ac70c00@group-221BC075AD82: start as a follower, conf=-1: peers:[a135c5de-80e1-4aab-81ec-fcc917b89996|rpc:10.1.0.47:15050|admin:10.1.0.47:15049|client:10.1.0.47:15048|dataStream:10.1.0.47:15051|priority:1|startupRole:FOLLOWER, 6a1a42da-c2df-4fd1-96ac-c2667a6b2780|rpc:10.1.0.47:15059|admin:10.1.0.47:15058|client:10.1.0.47:15057|dataStream:10.1.0.47:15060|priority:0|startupRole:FOLLOWER, 4e705eda-d59c-4e65-825a-8cd43ac70c00|rpc:10.1.0.47:15041|admin:10.1.0.47:15040|client:10.1.0.47:15039|dataStream:10.1.0.47:15042|priority:0|startupRole:FOLLOWER]|listeners:[], old=null
2023-06-23 00:37:33,967 [4e705eda-d59c-4e65-825a-8cd43ac70c00-groupManagement] INFO  server.RaftServer$Division (RaftServerImpl.java:setRole(329)) - 4e705eda-d59c-4e65-825a-8cd43ac70c00@group-221BC075AD82: changes role from      null to FOLLOWER at term 0 for startAsFollower
2023-06-23 00:37:33,969 [4e705eda-d59c-4e65-825a-8cd43ac70c00-groupManagement] INFO  impl.RoleInfo (RoleInfo.java:updateAndGet(139)) - 4e705eda-d59c-4e65-825a-8cd43ac70c00: start 4e705eda-d59c-4e65-825a-8cd43ac70c00@group-221BC075AD82-FollowerState
2023-06-23 00:37:33,969 [a135c5de-80e1-4aab-81ec-fcc917b89996-groupManagement] INFO  server.RaftServer$Division (RaftServerImpl.java:start(342)) - a135c5de-80e1-4aab-81ec-fcc917b89996@group-221BC075AD82: start as a follower, conf=-1: peers:[a135c5de-80e1-4aab-81ec-fcc917b89996|rpc:10.1.0.47:15050|admin:10.1.0.47:15049|client:10.1.0.47:15048|dataStream:10.1.0.47:15051|priority:1|startupRole:FOLLOWER, 6a1a42da-c2df-4fd1-96ac-c2667a6b2780|rpc:10.1.0.47:15059|admin:10.1.0.47:15058|client:10.1.0.47:15057|dataStream:10.1.0.47:15060|priority:0|startupRole:FOLLOWER, 4e705eda-d59c-4e65-825a-8cd43ac70c00|rpc:10.1.0.47:15041|admin:10.1.0.47:15040|client:10.1.0.47:15039|dataStream:10.1.0.47:15042|priority:0|startupRole:FOLLOWER]|listeners:[], old=null
2023-06-23 00:37:33,969 [4e705eda-d59c-4e65-825a-8cd43ac70c00-groupManagement] INFO  util.JmxRegister (JmxRegister.java:tryRegister(44)) - Successfully registered JMX Bean with object name Ratis:service=RaftServer,group=group-221BC075AD82,id=4e705eda-d59c-4e65-825a-8cd43ac70c00
2023-06-23 00:37:33,973 [4e705eda-d59c-4e65-825a-8cd43ac70c00-groupManagement] INFO  server.RaftServerConfigKeys (ConfUtils.java:logGet(46)) - raft.server.snapshot.auto.trigger.enabled = true (custom)
2023-06-23 00:37:33,973 [4e705eda-d59c-4e65-825a-8cd43ac70c00-groupManagement] INFO  server.RaftServerConfigKeys (ConfUtils.java:logGet(46)) - raft.server.snapshot.auto.trigger.threshold = 10000 (custom)
2023-06-23 00:37:33,973 [4e705eda-d59c-4e65-825a-8cd43ac70c00-groupManagement] INFO  server.RaftServerConfigKeys (ConfUtils.java:logGet(46)) - raft.server.snapshot.retention.file.num = 5 (custom)
2023-06-23 00:37:33,973 [4e705eda-d59c-4e65-825a-8cd43ac70c00-groupManagement] INFO  server.RaftServerConfigKeys (ConfUtils.java:logGet(46)) - raft.server.log.purge.upto.snapshot.index = false (default)
2023-06-23 00:37:33,973 [4e705eda-d59c-4e65-825a-8cd43ac70c00@group-221BC075AD82-FollowerState] INFO  server.RaftServerConfigKeys (ConfUtils.java:logFallback(53)) - raft.server.rpc.first-election.timeout.min = 5s (fallback to raft.server.rpc.timeout.min)
2023-06-23 00:37:33,973 [a135c5de-80e1-4aab-81ec-fcc917b89996-groupManagement] INFO  server.RaftServer$Division (RaftServerImpl.java:setRole(329)) - a135c5de-80e1-4aab-81ec-fcc917b89996@group-221BC075AD82: changes role from      null to FOLLOWER at term 0 for startAsFollower
2023-06-23 00:37:33,975 [4e705eda-d59c-4e65-825a-8cd43ac70c00@group-221BC075AD82-FollowerState] INFO  server.RaftServerConfigKeys (ConfUtils.java:logFallback(53)) - raft.server.rpc.first-election.timeout.max = 5200ms (fallback to raft.server.rpc.timeout.max)
2023-06-23 00:37:33,975 [a135c5de-80e1-4aab-81ec-fcc917b89996-groupManagement] INFO  impl.RoleInfo (RoleInfo.java:updateAndGet(139)) - a135c5de-80e1-4aab-81ec-fcc917b89996: start a135c5de-80e1-4aab-81ec-fcc917b89996@group-221BC075AD82-FollowerState
2023-06-23 00:37:33,973 [PipelineCommandHandlerThread-0] INFO  ratis.XceiverServerRatis (XceiverServerRatis.java:addGroup(804)) - Created group PipelineID=46c40a94-8571-45b1-a2a4-221bc075ad82
2023-06-23 00:37:33,979 [a135c5de-80e1-4aab-81ec-fcc917b89996-groupManagement] INFO  util.JmxRegister (JmxRegister.java:tryRegister(44)) - Successfully registered JMX Bean with object name Ratis:service=RaftServer,group=group-221BC075AD82,id=a135c5de-80e1-4aab-81ec-fcc917b89996
2023-06-23 00:37:33,979 [a135c5de-80e1-4aab-81ec-fcc917b89996-groupManagement] INFO  server.RaftServerConfigKeys (ConfUtils.java:logGet(46)) - raft.server.snapshot.auto.trigger.enabled = true (custom)
2023-06-23 00:37:33,979 [a135c5de-80e1-4aab-81ec-fcc917b89996-groupManagement] INFO  server.RaftServerConfigKeys (ConfUtils.java:logGet(46)) - raft.server.snapshot.auto.trigger.threshold = 10000 (custom)
2023-06-23 00:37:33,979 [a135c5de-80e1-4aab-81ec-fcc917b89996-groupManagement] INFO  server.RaftServerConfigKeys (ConfUtils.java:logGet(46)) - raft.server.snapshot.retention.file.num = 5 (custom)
2023-06-23 00:37:33,979 [a135c5de-80e1-4aab-81ec-fcc917b89996-groupManagement] INFO  server.RaftServerConfigKeys (ConfUtils.java:logGet(46)) - raft.server.log.purge.upto.snapshot.index = false (default)
2023-06-23 00:37:33,981 [PipelineCommandHandlerThread-0] INFO  ratis.XceiverServerRatis (XceiverServerRatis.java:addGroup(804)) - Created group PipelineID=46c40a94-8571-45b1-a2a4-221bc075ad82
2023-06-23 00:37:33,988 [a135c5de-80e1-4aab-81ec-fcc917b89996@group-221BC075AD82-FollowerState] INFO  server.RaftServerConfigKeys (ConfUtils.java:logFallback(53)) - raft.server.rpc.first-election.timeout.min = 5s (fallback to raft.server.rpc.timeout.min)
2023-06-23 00:37:33,989 [a135c5de-80e1-4aab-81ec-fcc917b89996@group-221BC075AD82-FollowerState] INFO  server.RaftServerConfigKeys (ConfUtils.java:logFallback(53)) - raft.server.rpc.first-election.timeout.max = 5200ms (fallback to raft.server.rpc.timeout.max)
2023-06-23 00:37:34,020 [grpc-default-executor-0] INFO  server.RaftServer (RaftServerProxy.java:addNew(98)) - 6a1a42da-c2df-4fd1-96ac-c2667a6b2780: addNew group-221BC075AD82:[a135c5de-80e1-4aab-81ec-fcc917b89996|rpc:10.1.0.47:15050|admin:10.1.0.47:15049|client:10.1.0.47:15048|dataStream:10.1.0.47:15051|priority:1|startupRole:FOLLOWER, 6a1a42da-c2df-4fd1-96ac-c2667a6b2780|rpc:10.1.0.47:15059|admin:10.1.0.47:15058|client:10.1.0.47:15057|dataStream:10.1.0.47:15060|priority:0|startupRole:FOLLOWER, 4e705eda-d59c-4e65-825a-8cd43ac70c00|rpc:10.1.0.47:15041|admin:10.1.0.47:15040|client:10.1.0.47:15039|dataStream:10.1.0.47:15042|priority:0|startupRole:FOLLOWER] returns group-221BC075AD82:java.util.concurrent.CompletableFuture@725cfa84[Not completed]
2023-06-23 00:37:34,026 [6a1a42da-c2df-4fd1-96ac-c2667a6b2780-groupManagement] INFO  server.RaftServer$Division (RaftServerImpl.java:<init>(198)) - 6a1a42da-c2df-4fd1-96ac-c2667a6b2780: new RaftServerImpl for group-221BC075AD82:[a135c5de-80e1-4aab-81ec-fcc917b89996|rpc:10.1.0.47:15050|admin:10.1.0.47:15049|client:10.1.0.47:15048|dataStream:10.1.0.47:15051|priority:1|startupRole:FOLLOWER, 6a1a42da-c2df-4fd1-96ac-c2667a6b2780|rpc:10.1.0.47:15059|admin:10.1.0.47:15058|client:10.1.0.47:15057|dataStream:10.1.0.47:15060|priority:0|startupRole:FOLLOWER, 4e705eda-d59c-4e65-825a-8cd43ac70c00|rpc:10.1.0.47:15041|admin:10.1.0.47:15040|client:10.1.0.47:15039|dataStream:10.1.0.47:15042|priority:0|startupRole:FOLLOWER] with ContainerStateMachine:uninitialized
2023-06-23 00:37:34,026 [6a1a42da-c2df-4fd1-96ac-c2667a6b2780-groupManagement] INFO  server.RaftServerConfigKeys (ConfUtils.java:logGet(46)) - raft.server.rpc.timeout.min = 5s (custom)
2023-06-23 00:37:34,027 [6a1a42da-c2df-4fd1-96ac-c2667a6b2780-groupManagement] INFO  server.RaftServerConfigKeys (ConfUtils.java:logGet(46)) - raft.server.rpc.timeout.max = 5200ms (custom)
2023-06-23 00:37:34,028 [6a1a42da-c2df-4fd1-96ac-c2667a6b2780-groupManagement] INFO  server.RaftServerConfigKeys (ConfUtils.java:logGet(46)) - raft.server.rpc.sleep.time = 25ms (default)
2023-06-23 00:37:34,028 [6a1a42da-c2df-4fd1-96ac-c2667a6b2780-groupManagement] INFO  server.RaftServerConfigKeys (ConfUtils.java:logGet(46)) - raft.server.rpc.slowness.timeout = 300s (custom)
2023-06-23 00:37:34,028 [6a1a42da-c2df-4fd1-96ac-c2667a6b2780-groupManagement] INFO  server.RaftServerConfigKeys (ConfUtils.java:logGet(46)) - raft.server.leaderelection.leader.step-down.wait-time = 10s (default)
2023-06-23 00:37:34,028 [6a1a42da-c2df-4fd1-96ac-c2667a6b2780-groupManagement] INFO  server.RaftServerConfigKeys (ConfUtils.java:logGet(46)) - raft.server.sleep.deviation.threshold = 300ms (default)
2023-06-23 00:37:34,028 [6a1a42da-c2df-4fd1-96ac-c2667a6b2780-groupManagement] INFO  server.RaftServer$Division (ServerState.java:<init>(120)) - 6a1a42da-c2df-4fd1-96ac-c2667a6b2780@group-221BC075AD82: ConfigurationManager, init=-1: peers:[a135c5de-80e1-4aab-81ec-fcc917b89996|rpc:10.1.0.47:15050|admin:10.1.0.47:15049|client:10.1.0.47:15048|dataStream:10.1.0.47:15051|priority:1|startupRole:FOLLOWER, 6a1a42da-c2df-4fd1-96ac-c2667a6b2780|rpc:10.1.0.47:15059|admin:10.1.0.47:15058|client:10.1.0.47:15057|dataStream:10.1.0.47:15060|priority:0|startupRole:FOLLOWER, 4e705eda-d59c-4e65-825a-8cd43ac70c00|rpc:10.1.0.47:15041|admin:10.1.0.47:15040|client:10.1.0.47:15039|dataStream:10.1.0.47:15042|priority:0|startupRole:FOLLOWER]|listeners:[], old=null, confs=<EMPTY_MAP>
2023-06-23 00:37:34,028 [6a1a42da-c2df-4fd1-96ac-c2667a6b2780-groupManagement] INFO  server.RaftServerConfigKeys (ConfUtils.java:logGet(46)) - raft.server.storage.dir = [/home/runner/work/ozone/ozone/hadoop-ozone/integration-test/target/test-dir/MiniOzoneClusterImpl-3c3985d8-3248-4f19-a32f-4442bec32466/datanode-5/data/ratis] (custom)
2023-06-23 00:37:34,028 [6a1a42da-c2df-4fd1-96ac-c2667a6b2780-groupManagement] INFO  server.RaftServerConfigKeys (ConfUtils.java:logGet(46)) - raft.server.log.corruption.policy = EXCEPTION (default)
2023-06-23 00:37:34,028 [6a1a42da-c2df-4fd1-96ac-c2667a6b2780-groupManagement] INFO  server.RaftServerConfigKeys (ConfUtils.java:logGet(46)) - raft.server.storage.free-space.min = 0MB (=0) (default)
2023-06-23 00:37:34,028 [6a1a42da-c2df-4fd1-96ac-c2667a6b2780-groupManagement] INFO  server.RaftServerConfigKeys (ConfUtils.java:logGet(46)) - raft.server.notification.no-leader.timeout = 300s (custom)
2023-06-23 00:37:34,028 [6a1a42da-c2df-4fd1-96ac-c2667a6b2780-groupManagement] INFO  server.RaftServerConfigKeys (ConfUtils.java:logGet(46)) - raft.server.read.timeout = 10s (default)
2023-06-23 00:37:34,028 [6a1a42da-c2df-4fd1-96ac-c2667a6b2780-groupManagement] INFO  server.RaftServerConfigKeys (ConfUtils.java:logGet(46)) - raft.server.retrycache.expirytime = 600000ms (custom)
2023-06-23 00:37:34,028 [6a1a42da-c2df-4fd1-96ac-c2667a6b2780-groupManagement] INFO  server.RaftServerConfigKeys (ConfUtils.java:logGet(46)) - raft.server.retrycache.statistics.expirytime = 100μs (default)
2023-06-23 00:37:34,029 [6a1a42da-c2df-4fd1-96ac-c2667a6b2780-groupManagement] INFO  server.RaftServerConfigKeys (ConfUtils.java:logGet(46)) - raft.server.read.option = DEFAULT (default)
2023-06-23 00:37:34,039 [6a1a42da-c2df-4fd1-96ac-c2667a6b2780-groupManagement] INFO  server.RaftServerConfigKeys (ConfUtils.java:logGet(46)) - raft.server.rpc.request.timeout = 60s (custom)
2023-06-23 00:37:34,039 [6a1a42da-c2df-4fd1-96ac-c2667a6b2780-groupManagement] INFO  server.RaftServerConfigKeys (ConfUtils.java:logGet(46)) - raft.server.log.appender.install.snapshot.enabled = false (custom)
2023-06-23 00:37:34,039 [6a1a42da-c2df-4fd1-96ac-c2667a6b2780-groupManagement] INFO  server.RaftServerConfigKeys (ConfUtils.java:logGet(46)) - raft.server.threadpool.server.cached = true (default)
2023-06-23 00:37:34,039 [6a1a42da-c2df-4fd1-96ac-c2667a6b2780-groupManagement] INFO  server.RaftServerConfigKeys (ConfUtils.java:logGet(46)) - raft.server.threadpool.server.size = 0 (default)
2023-06-23 00:37:34,039 [6a1a42da-c2df-4fd1-96ac-c2667a6b2780-groupManagement] INFO  server.RaftServerConfigKeys (ConfUtils.java:logGet(46)) - raft.server.threadpool.client.cached = true (default)
2023-06-23 00:37:34,039 [6a1a42da-c2df-4fd1-96ac-c2667a6b2780-groupManagement] INFO  server.RaftServerConfigKeys (ConfUtils.java:logGet(46)) - raft.server.threadpool.client.size = 0 (default)
2023-06-23 00:37:34,039 [6a1a42da-c2df-4fd1-96ac-c2667a6b2780-groupManagement] INFO  storage.RaftStorageDirectory (RaftStorageDirectoryImpl.java:analyzeStorage(137)) - The storage directory /home/runner/work/ozone/ozone/hadoop-ozone/integration-test/target/test-dir/MiniOzoneClusterImpl-3c3985d8-3248-4f19-a32f-4442bec32466/datanode-5/data/ratis/46c40a94-8571-45b1-a2a4-221bc075ad82 does not exist. Creating ...
2023-06-23 00:37:34,040 [6a1a42da-c2df-4fd1-96ac-c2667a6b2780-groupManagement] INFO  storage.RaftStorageDirectory (RaftStorageDirectoryImpl.java:tryLock(231)) - Lock on /home/runner/work/ozone/ozone/hadoop-ozone/integration-test/target/test-dir/MiniOzoneClusterImpl-3c3985d8-3248-4f19-a32f-4442bec32466/datanode-5/data/ratis/46c40a94-8571-45b1-a2a4-221bc075ad82/in_use.lock acquired by nodename 61456@fv-az570-151
2023-06-23 00:37:34,042 [6a1a42da-c2df-4fd1-96ac-c2667a6b2780-groupManagement] INFO  storage.RaftStorage (RaftStorageImpl.java:format(96)) - Storage directory /home/runner/work/ozone/ozone/hadoop-ozone/integration-test/target/test-dir/MiniOzoneClusterImpl-3c3985d8-3248-4f19-a32f-4442bec32466/datanode-5/data/ratis/46c40a94-8571-45b1-a2a4-221bc075ad82 has been successfully formatted.
2023-06-23 00:37:34,049 [6a1a42da-c2df-4fd1-96ac-c2667a6b2780-groupManagement] INFO  ratis.ContainerStateMachine (ContainerStateMachine.java:loadSnapshot(262)) - group-221BC075AD82: The snapshot info is null. Setting the last applied indexto:(t:0, i:~)
2023-06-23 00:37:34,050 [6a1a42da-c2df-4fd1-96ac-c2667a6b2780-groupManagement] INFO  server.RaftServerConfigKeys (ConfUtils.java:logGet(46)) - raft.server.log.use.memory = false (default)
2023-06-23 00:37:34,051 [6a1a42da-c2df-4fd1-96ac-c2667a6b2780-groupManagement] INFO  server.RaftServerConfigKeys (ConfUtils.java:logGet(46)) - raft.server.log.purge.gap = 1000000 (custom)
2023-06-23 00:37:34,051 [6a1a42da-c2df-4fd1-96ac-c2667a6b2780-groupManagement] INFO  server.RaftServerConfigKeys (ConfUtils.java:logGet(46)) - raft.server.log.appender.buffer.byte-limit = 33554432 (custom)
2023-06-23 00:37:34,051 [6a1a42da-c2df-4fd1-96ac-c2667a6b2780-groupManagement] INFO  server.RaftServerConfigKeys (ConfUtils.java:logGet(46)) - raft.server.log.statemachine.data.read.timeout = 1000ms (default)
2023-06-23 00:37:34,051 [6a1a42da-c2df-4fd1-96ac-c2667a6b2780-groupManagement] INFO  server.RaftServerConfigKeys (ConfUtils.java:logGet(46)) - raft.server.log.purge.preservation.log.num = 0 (default)
2023-06-23 00:37:34,051 [6a1a42da-c2df-4fd1-96ac-c2667a6b2780-groupManagement] INFO  server.RaftServerConfigKeys (ConfUtils.java:logGet(46)) - raft.server.log.segment.size.max = 1048576 (custom)
2023-06-23 00:37:34,052 [6a1a42da-c2df-4fd1-96ac-c2667a6b2780-groupManagement] INFO  server.RaftServerConfigKeys (ConfUtils.java:logGet(46)) - raft.server.log.segment.cache.num.max = 2 (custom)
2023-06-23 00:37:34,052 [6a1a42da-c2df-4fd1-96ac-c2667a6b2780-groupManagement] INFO  server.RaftServerConfigKeys (ConfUtils.java:logGet(46)) - raft.server.log.segment.cache.size.max = 200MB (=209715200) (default)
2023-06-23 00:37:34,052 [6a1a42da-c2df-4fd1-96ac-c2667a6b2780-groupManagement] INFO  server.RaftServerConfigKeys (ConfUtils.java:logGet(46)) - raft.server.log.appender.buffer.byte-limit = 33554432 (custom)
2023-06-23 00:37:34,052 [6a1a42da-c2df-4fd1-96ac-c2667a6b2780-groupManagement] INFO  segmented.SegmentedRaftLogWorker (SegmentedRaftLogWorker.java:<init>(188)) - new 6a1a42da-c2df-4fd1-96ac-c2667a6b2780@group-221BC075AD82-SegmentedRaftLogWorker for RaftStorageImpl:Storage Directory /home/runner/work/ozone/ozone/hadoop-ozone/integration-test/target/test-dir/MiniOzoneClusterImpl-3c3985d8-3248-4f19-a32f-4442bec32466/datanode-5/data/ratis/46c40a94-8571-45b1-a2a4-221bc075ad82
2023-06-23 00:37:34,052 [6a1a42da-c2df-4fd1-96ac-c2667a6b2780-groupManagement] INFO  server.RaftServerConfigKeys (ConfUtils.java:logGet(46)) - raft.server.log.queue.byte-limit = 4294967296 (custom)
2023-06-23 00:37:34,052 [6a1a42da-c2df-4fd1-96ac-c2667a6b2780-groupManagement] INFO  server.RaftServerConfigKeys (ConfUtils.java:logGet(46)) - raft.server.log.queue.element-limit = 1024 (custom)
2023-06-23 00:37:34,052 [6a1a42da-c2df-4fd1-96ac-c2667a6b2780-groupManagement] INFO  server.RaftServerConfigKeys (ConfUtils.java:logGet(46)) - raft.server.log.segment.size.max = 1048576 (custom)
2023-06-23 00:37:34,052 [6a1a42da-c2df-4fd1-96ac-c2667a6b2780-groupManagement] INFO  server.RaftServerConfigKeys (ConfUtils.java:logGet(46)) - raft.server.log.preallocated.size = 16384 (custom)
2023-06-23 00:37:34,052 [6a1a42da-c2df-4fd1-96ac-c2667a6b2780-groupManagement] INFO  server.RaftServerConfigKeys (ConfUtils.java:logGet(46)) - raft.server.log.force.sync.num = 128 (default)
2023-06-23 00:37:34,052 [6a1a42da-c2df-4fd1-96ac-c2667a6b2780-groupManagement] INFO  server.RaftServerConfigKeys (ConfUtils.java:logGet(46)) - raft.server.log.statemachine.data.sync = true (default)
2023-06-23 00:37:34,052 [6a1a42da-c2df-4fd1-96ac-c2667a6b2780-groupManagement] INFO  server.RaftServerConfigKeys (ConfUtils.java:logGet(46)) - raft.server.log.statemachine.data.sync.timeout = 10s (default)
2023-06-23 00:37:34,052 [6a1a42da-c2df-4fd1-96ac-c2667a6b2780-groupManagement] INFO  server.RaftServerConfigKeys (ConfUtils.java:logGet(46)) - raft.server.log.statemachine.data.sync.timeout.retry = -1 (default)
2023-06-23 00:37:34,056 [6a1a42da-c2df-4fd1-96ac-c2667a6b2780-groupManagement] INFO  server.RaftServerConfigKeys (ConfUtils.java:logGet(46)) - raft.server.log.write.buffer.size = 1048576 (custom)
2023-06-23 00:37:34,058 [6a1a42da-c2df-4fd1-96ac-c2667a6b2780-groupManagement] INFO  server.RaftServerConfigKeys (ConfUtils.java:logGet(46)) - raft.server.log.appender.buffer.byte-limit = 33554432 (custom)
2023-06-23 00:37:34,064 [6a1a42da-c2df-4fd1-96ac-c2667a6b2780-groupManagement] INFO  server.RaftServerConfigKeys (ConfUtils.java:logGet(46)) - raft.server.log.unsafe-flush.enabled = false (default)
2023-06-23 00:37:34,065 [6a1a42da-c2df-4fd1-96ac-c2667a6b2780-groupManagement] INFO  server.RaftServerConfigKeys (ConfUtils.java:logGet(46)) - raft.server.log.async-flush.enabled = false (default)
2023-06-23 00:37:34,065 [6a1a42da-c2df-4fd1-96ac-c2667a6b2780-groupManagement] INFO  server.RaftServerConfigKeys (ConfUtils.java:logGet(46)) - raft.server.log.statemachine.data.caching.enabled = true (custom)
2023-06-23 00:37:34,067 [6a1a42da-c2df-4fd1-96ac-c2667a6b2780-groupManagement] INFO  segmented.SegmentedRaftLogWorker (SegmentedRaftLogWorker.java:lambda$new$0(135)) - 6a1a42da-c2df-4fd1-96ac-c2667a6b2780@group-221BC075AD82-SegmentedRaftLogWorker: flushIndex: setUnconditionally 0 -> -1
2023-06-23 00:37:34,067 [6a1a42da-c2df-4fd1-96ac-c2667a6b2780-groupManagement] INFO  segmented.SegmentedRaftLogWorker (SegmentedRaftLogWorker.java:lambda$new$0(135)) - 6a1a42da-c2df-4fd1-96ac-c2667a6b2780@group-221BC075AD82-SegmentedRaftLogWorker: safeCacheEvictIndex: setUnconditionally 0 -> -1
2023-06-23 00:37:34,067 [6a1a42da-c2df-4fd1-96ac-c2667a6b2780-groupManagement] INFO  server.RaftServer$Division (RaftServerImpl.java:start(342)) - 6a1a42da-c2df-4fd1-96ac-c2667a6b2780@group-221BC075AD82: start as a follower, conf=-1: peers:[a135c5de-80e1-4aab-81ec-fcc917b89996|rpc:10.1.0.47:15050|admin:10.1.0.47:15049|client:10.1.0.47:15048|dataStream:10.1.0.47:15051|priority:1|startupRole:FOLLOWER, 6a1a42da-c2df-4fd1-96ac-c2667a6b2780|rpc:10.1.0.47:15059|admin:10.1.0.47:15058|client:10.1.0.47:15057|dataStream:10.1.0.47:15060|priority:0|startupRole:FOLLOWER, 4e705eda-d59c-4e65-825a-8cd43ac70c00|rpc:10.1.0.47:15041|admin:10.1.0.47:15040|client:10.1.0.47:15039|dataStream:10.1.0.47:15042|priority:0|startupRole:FOLLOWER]|listeners:[], old=null
2023-06-23 00:37:34,067 [6a1a42da-c2df-4fd1-96ac-c2667a6b2780-groupManagement] INFO  server.RaftServer$Division (RaftServerImpl.java:setRole(329)) - 6a1a42da-c2df-4fd1-96ac-c2667a6b2780@group-221BC075AD82: changes role from      null to FOLLOWER at term 0 for startAsFollower
2023-06-23 00:37:34,067 [6a1a42da-c2df-4fd1-96ac-c2667a6b2780-groupManagement] INFO  impl.RoleInfo (RoleInfo.java:updateAndGet(139)) - 6a1a42da-c2df-4fd1-96ac-c2667a6b2780: start 6a1a42da-c2df-4fd1-96ac-c2667a6b2780@group-221BC075AD82-FollowerState
2023-06-23 00:37:34,068 [6a1a42da-c2df-4fd1-96ac-c2667a6b2780-groupManagement] INFO  util.JmxRegister (JmxRegister.java:tryRegister(44)) - Successfully registered JMX Bean with object name Ratis:service=RaftServer,group=group-221BC075AD82,id=6a1a42da-c2df-4fd1-96ac-c2667a6b2780
2023-06-23 00:37:34,068 [6a1a42da-c2df-4fd1-96ac-c2667a6b2780-groupManagement] INFO  server.RaftServerConfigKeys (ConfUtils.java:logGet(46)) - raft.server.snapshot.auto.trigger.enabled = true (custom)
2023-06-23 00:37:34,068 [6a1a42da-c2df-4fd1-96ac-c2667a6b2780-groupManagement] INFO  server.RaftServerConfigKeys (ConfUtils.java:logGet(46)) - raft.server.snapshot.auto.trigger.threshold = 10000 (custom)
2023-06-23 00:37:34,068 [6a1a42da-c2df-4fd1-96ac-c2667a6b2780-groupManagement] INFO  server.RaftServerConfigKeys (ConfUtils.java:logGet(46)) - raft.server.snapshot.retention.file.num = 5 (custom)
2023-06-23 00:37:34,068 [6a1a42da-c2df-4fd1-96ac-c2667a6b2780-groupManagement] INFO  server.RaftServerConfigKeys (ConfUtils.java:logGet(46)) - raft.server.log.purge.upto.snapshot.index = false (default)
2023-06-23 00:37:34,070 [6a1a42da-c2df-4fd1-96ac-c2667a6b2780@group-221BC075AD82-FollowerState] INFO  server.RaftServerConfigKeys (ConfUtils.java:logFallback(53)) - raft.server.rpc.first-election.timeout.min = 5s (fallback to raft.server.rpc.timeout.min)
2023-06-23 00:37:34,079 [6a1a42da-c2df-4fd1-96ac-c2667a6b2780@group-221BC075AD82-FollowerState] INFO  server.RaftServerConfigKeys (ConfUtils.java:logFallback(53)) - raft.server.rpc.first-election.timeout.max = 5200ms (fallback to raft.server.rpc.timeout.max)
2023-06-23 00:37:34,084 [PipelineCommandHandlerThread-0] INFO  commandhandler.CreatePipelineCommandHandler (CreatePipelineCommandHandler.java:lambda$handle$2(124)) - Created Pipeline RATIS THREE PipelineID=46c40a94-8571-45b1-a2a4-221bc075ad82.
2023-06-23 00:37:34,085 [PipelineCommandHandlerThread-0] INFO  server.RaftServer (RaftServerProxy.java:addNew(98)) - a135c5de-80e1-4aab-81ec-fcc917b89996: addNew group-04D9684641E1:[a135c5de-80e1-4aab-81ec-fcc917b89996|rpc:10.1.0.47:15050|admin:10.1.0.47:15049|client:10.1.0.47:15048|dataStream:10.1.0.47:15051|priority:0|startupRole:FOLLOWER, 6a1a42da-c2df-4fd1-96ac-c2667a6b2780|rpc:10.1.0.47:15059|admin:10.1.0.47:15058|client:10.1.0.47:15057|dataStream:10.1.0.47:15060|priority:0|startupRole:FOLLOWER, 4e705eda-d59c-4e65-825a-8cd43ac70c00|rpc:10.1.0.47:15041|admin:10.1.0.47:15040|client:10.1.0.47:15039|dataStream:10.1.0.47:15042|priority:1|startupRole:FOLLOWER] returns group-04D9684641E1:java.util.concurrent.CompletableFuture@7944d35a[Not completed]
2023-06-23 00:37:34,086 [a135c5de-80e1-4aab-81ec-fcc917b89996-groupManagement] INFO  server.RaftServer$Division (RaftServerImpl.java:<init>(198)) - a135c5de-80e1-4aab-81ec-fcc917b89996: new RaftServerImpl for group-04D9684641E1:[a135c5de-80e1-4aab-81ec-fcc917b89996|rpc:10.1.0.47:15050|admin:10.1.0.47:15049|client:10.1.0.47:15048|dataStream:10.1.0.47:15051|priority:0|startupRole:FOLLOWER, 6a1a42da-c2df-4fd1-96ac-c2667a6b2780|rpc:10.1.0.47:15059|admin:10.1.0.47:15058|client:10.1.0.47:15057|dataStream:10.1.0.47:15060|priority:0|startupRole:FOLLOWER, 4e705eda-d59c-4e65-825a-8cd43ac70c00|rpc:10.1.0.47:15041|admin:10.1.0.47:15040|client:10.1.0.47:15039|dataStream:10.1.0.47:15042|priority:1|startupRole:FOLLOWER] with ContainerStateMachine:uninitialized
2023-06-23 00:37:34,086 [a135c5de-80e1-4aab-81ec-fcc917b89996-groupManagement] INFO  server.RaftServerConfigKeys (ConfUtils.java:logGet(46)) - raft.server.rpc.timeout.min = 5s (custom)
2023-06-23 00:37:34,086 [a135c5de-80e1-4aab-81ec-fcc917b89996-groupManagement] INFO  server.RaftServerConfigKeys (ConfUtils.java:logGet(46)) - raft.server.rpc.timeout.max = 5200ms (custom)
2023-06-23 00:37:34,086 [a135c5de-80e1-4aab-81ec-fcc917b89996-groupManagement] INFO  server.RaftServerConfigKeys (ConfUtils.java:logGet(46)) - raft.server.rpc.sleep.time = 25ms (default)
2023-06-23 00:37:34,086 [a135c5de-80e1-4aab-81ec-fcc917b89996-groupManagement] INFO  server.RaftServerConfigKeys (ConfUtils.java:logGet(46)) - raft.server.rpc.slowness.timeout = 300s (custom)
2023-06-23 00:37:34,086 [a135c5de-80e1-4aab-81ec-fcc917b89996-groupManagement] INFO  server.RaftServerConfigKeys (ConfUtils.java:logGet(46)) - raft.server.leaderelection.leader.step-down.wait-time = 10s (default)
2023-06-23 00:37:34,086 [a135c5de-80e1-4aab-81ec-fcc917b89996-groupManagement] INFO  server.RaftServerConfigKeys (ConfUtils.java:logGet(46)) - raft.server.sleep.deviation.threshold = 300ms (default)
2023-06-23 00:37:34,086 [a135c5de-80e1-4aab-81ec-fcc917b89996-groupManagement] INFO  server.RaftServer$Division (ServerState.java:<init>(120)) - a135c5de-80e1-4aab-81ec-fcc917b89996@group-04D9684641E1: ConfigurationManager, init=-1: peers:[a135c5de-80e1-4aab-81ec-fcc917b89996|rpc:10.1.0.47:15050|admin:10.1.0.47:15049|client:10.1.0.47:15048|dataStream:10.1.0.47:15051|priority:0|startupRole:FOLLOWER, 6a1a42da-c2df-4fd1-96ac-c2667a6b2780|rpc:10.1.0.47:15059|admin:10.1.0.47:15058|client:10.1.0.47:15057|dataStream:10.1.0.47:15060|priority:0|startupRole:FOLLOWER, 4e705eda-d59c-4e65-825a-8cd43ac70c00|rpc:10.1.0.47:15041|admin:10.1.0.47:15040|client:10.1.0.47:15039|dataStream:10.1.0.47:15042|priority:1|startupRole:FOLLOWER]|listeners:[], old=null, confs=<EMPTY_MAP>
2023-06-23 00:37:34,091 [a135c5de-80e1-4aab-81ec-fcc917b89996-groupManagement] INFO  server.RaftServerConfigKeys (ConfUtils.java:logGet(46)) - raft.server.storage.dir = [/home/runner/work/ozone/ozone/hadoop-ozone/integration-test/target/test-dir/MiniOzoneClusterImpl-3c3985d8-3248-4f19-a32f-4442bec32466/datanode-4/data/ratis] (custom)
2023-06-23 00:37:34,091 [a135c5de-80e1-4aab-81ec-fcc917b89996-groupManagement] INFO  server.RaftServerConfigKeys (ConfUtils.java:logGet(46)) - raft.server.log.corruption.policy = EXCEPTION (default)
2023-06-23 00:37:34,091 [a135c5de-80e1-4aab-81ec-fcc917b89996-groupManagement] INFO  server.RaftServerConfigKeys (ConfUtils.java:logGet(46)) - raft.server.storage.free-space.min = 0MB (=0) (default)
2023-06-23 00:37:34,092 [a135c5de-80e1-4aab-81ec-fcc917b89996-groupManagement] INFO  server.RaftServerConfigKeys (ConfUtils.java:logGet(46)) - raft.server.notification.no-leader.timeout = 300s (custom)
2023-06-23 00:37:34,092 [a135c5de-80e1-4aab-81ec-fcc917b89996-groupManagement] INFO  server.RaftServerConfigKeys (ConfUtils.java:logGet(46)) - raft.server.read.timeout = 10s (default)
2023-06-23 00:37:34,092 [a135c5de-80e1-4aab-81ec-fcc917b89996-groupManagement] INFO  server.RaftServerConfigKeys (ConfUtils.java:logGet(46)) - raft.server.retrycache.expirytime = 600000ms (custom)
2023-06-23 00:37:34,092 [a135c5de-80e1-4aab-81ec-fcc917b89996-groupManagement] INFO  server.RaftServerConfigKeys (ConfUtils.java:logGet(46)) - raft.server.retrycache.statistics.expirytime = 100μs (default)
2023-06-23 00:37:34,092 [a135c5de-80e1-4aab-81ec-fcc917b89996-groupManagement] INFO  server.RaftServerConfigKeys (ConfUtils.java:logGet(46)) - raft.server.read.option = DEFAULT (default)
2023-06-23 00:37:34,094 [a135c5de-80e1-4aab-81ec-fcc917b89996-groupManagement] INFO  server.RaftServerConfigKeys (ConfUtils.java:logGet(46)) - raft.server.rpc.request.timeout = 60s (custom)
2023-06-23 00:37:34,094 [a135c5de-80e1-4aab-81ec-fcc917b89996-groupManagement] INFO  server.RaftServerConfigKeys (ConfUtils.java:logGet(46)) - raft.server.log.appender.install.snapshot.enabled = false (custom)
2023-06-23 00:37:34,094 [a135c5de-80e1-4aab-81ec-fcc917b89996-groupManagement] INFO  server.RaftServerConfigKeys (ConfUtils.java:logGet(46)) - raft.server.threadpool.server.cached = true (default)
2023-06-23 00:37:34,094 [a135c5de-80e1-4aab-81ec-fcc917b89996-groupManagement] INFO  server.RaftServerConfigKeys (ConfUtils.java:logGet(46)) - raft.server.threadpool.server.size = 0 (default)
2023-06-23 00:37:34,094 [a135c5de-80e1-4aab-81ec-fcc917b89996-groupManagement] INFO  server.RaftServerConfigKeys (ConfUtils.java:logGet(46)) - raft.server.threadpool.client.cached = true (default)
2023-06-23 00:37:34,094 [a135c5de-80e1-4aab-81ec-fcc917b89996-groupManagement] INFO  server.RaftServerConfigKeys (ConfUtils.java:logGet(46)) - raft.server.threadpool.client.size = 0 (default)
2023-06-23 00:37:34,095 [a135c5de-80e1-4aab-81ec-fcc917b89996-groupManagement] INFO  storage.RaftStorageDirectory (RaftStorageDirectoryImpl.java:analyzeStorage(137)) - The storage directory /home/runner/work/ozone/ozone/hadoop-ozone/integration-test/target/test-dir/MiniOzoneClusterImpl-3c3985d8-3248-4f19-a32f-4442bec32466/datanode-4/data/ratis/deb4cad3-4441-494f-95e5-04d9684641e1 does not exist. Creating ...
2023-06-23 00:37:34,096 [a135c5de-80e1-4aab-81ec-fcc917b89996-groupManagement] INFO  storage.RaftStorageDirectory (RaftStorageDirectoryImpl.java:tryLock(231)) - Lock on /home/runner/work/ozone/ozone/hadoop-ozone/integration-test/target/test-dir/MiniOzoneClusterImpl-3c3985d8-3248-4f19-a32f-4442bec32466/datanode-4/data/ratis/deb4cad3-4441-494f-95e5-04d9684641e1/in_use.lock acquired by nodename 61456@fv-az570-151
2023-06-23 00:37:34,097 [a135c5de-80e1-4aab-81ec-fcc917b89996-groupManagement] INFO  storage.RaftStorage (RaftStorageImpl.java:format(96)) - Storage directory /home/runner/work/ozone/ozone/hadoop-ozone/integration-test/target/test-dir/MiniOzoneClusterImpl-3c3985d8-3248-4f19-a32f-4442bec32466/datanode-4/data/ratis/deb4cad3-4441-494f-95e5-04d9684641e1 has been successfully formatted.
2023-06-23 00:37:34,098 [a135c5de-80e1-4aab-81ec-fcc917b89996-groupManagement] INFO  ratis.ContainerStateMachine (ContainerStateMachine.java:loadSnapshot(262)) - group-04D9684641E1: The snapshot info is null. Setting the last applied indexto:(t:0, i:~)
2023-06-23 00:37:34,098 [a135c5de-80e1-4aab-81ec-fcc917b89996-groupManagement] INFO  server.RaftServerConfigKeys (ConfUtils.java:logGet(46)) - raft.server.log.use.memory = false (default)
2023-06-23 00:37:34,098 [a135c5de-80e1-4aab-81ec-fcc917b89996-groupManagement] INFO  server.RaftServerConfigKeys (ConfUtils.java:logGet(46)) - raft.server.log.purge.gap = 1000000 (custom)
2023-06-23 00:37:34,098 [a135c5de-80e1-4aab-81ec-fcc917b89996-groupManagement] INFO  server.RaftServerConfigKeys (ConfUtils.java:logGet(46)) - raft.server.log.appender.buffer.byte-limit = 33554432 (custom)
2023-06-23 00:37:34,098 [a135c5de-80e1-4aab-81ec-fcc917b89996-groupManagement] INFO  server.RaftServerConfigKeys (ConfUtils.java:logGet(46)) - raft.server.log.statemachine.data.read.timeout = 1000ms (default)
2023-06-23 00:37:34,098 [a135c5de-80e1-4aab-81ec-fcc917b89996-groupManagement] INFO  server.RaftServerConfigKeys (ConfUtils.java:logGet(46)) - raft.server.log.purge.preservation.log.num = 0 (default)
2023-06-23 00:37:34,098 [a135c5de-80e1-4aab-81ec-fcc917b89996-groupManagement] INFO  server.RaftServerConfigKeys (ConfUtils.java:logGet(46)) - raft.server.log.segment.size.max = 1048576 (custom)
2023-06-23 00:37:34,099 [a135c5de-80e1-4aab-81ec-fcc917b89996-groupManagement] INFO  server.RaftServerConfigKeys (ConfUtils.java:logGet(46)) - raft.server.log.segment.cache.num.max = 2 (custom)
2023-06-23 00:37:34,099 [a135c5de-80e1-4aab-81ec-fcc917b89996-groupManagement] INFO  server.RaftServerConfigKeys (ConfUtils.java:logGet(46)) - raft.server.log.segment.cache.size.max = 200MB (=209715200) (default)
2023-06-23 00:37:34,099 [a135c5de-80e1-4aab-81ec-fcc917b89996-groupManagement] INFO  server.RaftServerConfigKeys (ConfUtils.java:logGet(46)) - raft.server.log.appender.buffer.byte-limit = 33554432 (custom)
2023-06-23 00:37:34,099 [a135c5de-80e1-4aab-81ec-fcc917b89996-groupManagement] INFO  segmented.SegmentedRaftLogWorker (SegmentedRaftLogWorker.java:<init>(188)) - new a135c5de-80e1-4aab-81ec-fcc917b89996@group-04D9684641E1-SegmentedRaftLogWorker for RaftStorageImpl:Storage Directory /home/runner/work/ozone/ozone/hadoop-ozone/integration-test/target/test-dir/MiniOzoneClusterImpl-3c3985d8-3248-4f19-a32f-4442bec32466/datanode-4/data/ratis/deb4cad3-4441-494f-95e5-04d9684641e1
2023-06-23 00:37:34,099 [a135c5de-80e1-4aab-81ec-fcc917b89996-groupManagement] INFO  server.RaftServerConfigKeys (ConfUtils.java:logGet(46)) - raft.server.log.queue.byte-limit = 4294967296 (custom)
2023-06-23 00:37:34,099 [a135c5de-80e1-4aab-81ec-fcc917b89996-groupManagement] INFO  server.RaftServerConfigKeys (ConfUtils.java:logGet(46)) - raft.server.log.queue.element-limit = 1024 (custom)
2023-06-23 00:37:34,099 [a135c5de-80e1-4aab-81ec-fcc917b89996-groupManagement] INFO  server.RaftServerConfigKeys (ConfUtils.java:logGet(46)) - raft.server.log.segment.size.max = 1048576 (custom)
2023-06-23 00:37:34,100 [a135c5de-80e1-4aab-81ec-fcc917b89996-groupManagement] INFO  server.RaftServerConfigKeys (ConfUtils.java:logGet(46)) - raft.server.log.preallocated.size = 16384 (custom)
2023-06-23 00:37:34,100 [a135c5de-80e1-4aab-81ec-fcc917b89996-groupManagement] INFO  server.RaftServerConfigKeys (ConfUtils.java:logGet(46)) - raft.server.log.force.sync.num = 128 (default)
2023-06-23 00:37:34,100 [a135c5de-80e1-4aab-81ec-fcc917b89996-groupManagement] INFO  server.RaftServerConfigKeys (ConfUtils.java:logGet(46)) - raft.server.log.statemachine.data.sync = true (default)
2023-06-23 00:37:34,100 [a135c5de-80e1-4aab-81ec-fcc917b89996-groupManagement] INFO  server.RaftServerConfigKeys (ConfUtils.java:logGet(46)) - raft.server.log.statemachine.data.sync.timeout = 10s (default)
2023-06-23 00:37:34,100 [a135c5de-80e1-4aab-81ec-fcc917b89996-groupManagement] INFO  server.RaftServerConfigKeys (ConfUtils.java:logGet(46)) - raft.server.log.statemachine.data.sync.timeout.retry = -1 (default)
2023-06-23 00:37:34,101 [a135c5de-80e1-4aab-81ec-fcc917b89996-groupManagement] INFO  server.RaftServerConfigKeys (ConfUtils.java:logGet(46)) - raft.server.log.write.buffer.size = 1048576 (custom)
2023-06-23 00:37:34,101 [a135c5de-80e1-4aab-81ec-fcc917b89996-groupManagement] INFO  server.RaftServerConfigKeys (ConfUtils.java:logGet(46)) - raft.server.log.appender.buffer.byte-limit = 33554432 (custom)
2023-06-23 00:37:34,104 [EventQueue-OpenPipelineForHealthyPipelineSafeModeRule] INFO  safemode.SCMSafeModeManager (HealthyPipelineSafeModeRule.java:process(137)) - SCM in safe mode. Healthy pipelines reported count is 0, required healthy pipeline reported count is 1
2023-06-23 00:37:34,118 [PipelineCommandHandlerThread-0] INFO  server.RaftServer (RaftServerProxy.java:addNew(98)) - 6a1a42da-c2df-4fd1-96ac-c2667a6b2780: addNew group-FA7F949A36C9:[6a1a42da-c2df-4fd1-96ac-c2667a6b2780|rpc:10.1.0.47:15059|admin:10.1.0.47:15058|client:10.1.0.47:15057|dataStream:10.1.0.47:15060|priority:1|startupRole:FOLLOWER] returns group-FA7F949A36C9:java.util.concurrent.CompletableFuture@6922238b[Not completed]
2023-06-23 00:37:34,118 [a135c5de-80e1-4aab-81ec-fcc917b89996-groupManagement] INFO  server.RaftServerConfigKeys (ConfUtils.java:logGet(46)) - raft.server.log.unsafe-flush.enabled = false (default)
2023-06-23 00:37:34,118 [a135c5de-80e1-4aab-81ec-fcc917b89996-groupManagement] INFO  server.RaftServerConfigKeys (ConfUtils.java:logGet(46)) - raft.server.log.async-flush.enabled = false (default)
2023-06-23 00:37:34,118 [a135c5de-80e1-4aab-81ec-fcc917b89996-groupManagement] INFO  server.RaftServerConfigKeys (ConfUtils.java:logGet(46)) - raft.server.log.statemachine.data.caching.enabled = true (custom)
2023-06-23 00:37:34,119 [a135c5de-80e1-4aab-81ec-fcc917b89996-groupManagement] INFO  segmented.SegmentedRaftLogWorker (SegmentedRaftLogWorker.java:lambda$new$0(135)) - a135c5de-80e1-4aab-81ec-fcc917b89996@group-04D9684641E1-SegmentedRaftLogWorker: flushIndex: setUnconditionally 0 -> -1
2023-06-23 00:37:34,119 [a135c5de-80e1-4aab-81ec-fcc917b89996-groupManagement] INFO  segmented.SegmentedRaftLogWorker (SegmentedRaftLogWorker.java:lambda$new$0(135)) - a135c5de-80e1-4aab-81ec-fcc917b89996@group-04D9684641E1-SegmentedRaftLogWorker: safeCacheEvictIndex: setUnconditionally 0 -> -1
2023-06-23 00:37:34,119 [6a1a42da-c2df-4fd1-96ac-c2667a6b2780-groupManagement] INFO  server.RaftServer$Division (RaftServerImpl.java:<init>(198)) - 6a1a42da-c2df-4fd1-96ac-c2667a6b2780: new RaftServerImpl for group-FA7F949A36C9:[6a1a42da-c2df-4fd1-96ac-c2667a6b2780|rpc:10.1.0.47:15059|admin:10.1.0.47:15058|client:10.1.0.47:15057|dataStream:10.1.0.47:15060|priority:1|startupRole:FOLLOWER] with ContainerStateMachine:uninitialized
2023-06-23 00:37:34,119 [6a1a42da-c2df-4fd1-96ac-c2667a6b2780-groupManagement] INFO  server.RaftServerConfigKeys (ConfUtils.java:logGet(46)) - raft.server.rpc.timeout.min = 5s (custom)
2023-06-23 00:37:34,119 [6a1a42da-c2df-4fd1-96ac-c2667a6b2780-groupManagement] INFO  server.RaftServerConfigKeys (ConfUtils.java:logGet(46)) - raft.server.rpc.timeout.max = 5200ms (custom)
2023-06-23 00:37:34,119 [6a1a42da-c2df-4fd1-96ac-c2667a6b2780-groupManagement] INFO  server.RaftServerConfigKeys (ConfUtils.java:logGet(46)) - raft.server.rpc.sleep.time = 25ms (default)
2023-06-23 00:37:34,119 [6a1a42da-c2df-4fd1-96ac-c2667a6b2780-groupManagement] INFO  server.RaftServerConfigKeys (ConfUtils.java:logGet(46)) - raft.server.rpc.slowness.timeout = 300s (custom)
2023-06-23 00:37:34,119 [6a1a42da-c2df-4fd1-96ac-c2667a6b2780-groupManagement] INFO  server.RaftServerConfigKeys (ConfUtils.java:logGet(46)) - raft.server.leaderelection.leader.step-down.wait-time = 10s (default)
2023-06-23 00:37:34,120 [6a1a42da-c2df-4fd1-96ac-c2667a6b2780-groupManagement] INFO  server.RaftServerConfigKeys (ConfUtils.java:logGet(46)) - raft.server.sleep.deviation.threshold = 300ms (default)
2023-06-23 00:37:34,120 [6a1a42da-c2df-4fd1-96ac-c2667a6b2780-groupManagement] INFO  server.RaftServer$Division (ServerState.java:<init>(120)) - 6a1a42da-c2df-4fd1-96ac-c2667a6b2780@group-FA7F949A36C9: ConfigurationManager, init=-1: peers:[6a1a42da-c2df-4fd1-96ac-c2667a6b2780|rpc:10.1.0.47:15059|admin:10.1.0.47:15058|client:10.1.0.47:15057|dataStream:10.1.0.47:15060|priority:1|startupRole:FOLLOWER]|listeners:[], old=null, confs=<EMPTY_MAP>
2023-06-23 00:37:34,120 [6a1a42da-c2df-4fd1-96ac-c2667a6b2780-groupManagement] INFO  server.RaftServerConfigKeys (ConfUtils.java:logGet(46)) - raft.server.storage.dir = [/home/runner/work/ozone/ozone/hadoop-ozone/integration-test/target/test-dir/MiniOzoneClusterImpl-3c3985d8-3248-4f19-a32f-4442bec32466/datanode-5/data/ratis] (custom)
2023-06-23 00:37:34,120 [6a1a42da-c2df-4fd1-96ac-c2667a6b2780-groupManagement] INFO  server.RaftServerConfigKeys (ConfUtils.java:logGet(46)) - raft.server.log.corruption.policy = EXCEPTION (default)
2023-06-23 00:37:34,120 [6a1a42da-c2df-4fd1-96ac-c2667a6b2780-groupManagement] INFO  server.RaftServerConfigKeys (ConfUtils.java:logGet(46)) - raft.server.storage.free-space.min = 0MB (=0) (default)
2023-06-23 00:37:34,120 [6a1a42da-c2df-4fd1-96ac-c2667a6b2780-groupManagement] INFO  server.RaftServerConfigKeys (ConfUtils.java:logGet(46)) - raft.server.notification.no-leader.timeout = 300s (custom)
2023-06-23 00:37:34,120 [6a1a42da-c2df-4fd1-96ac-c2667a6b2780-groupManagement] INFO  server.RaftServerConfigKeys (ConfUtils.java:logGet(46)) - raft.server.read.timeout = 10s (default)
2023-06-23 00:37:34,120 [6a1a42da-c2df-4fd1-96ac-c2667a6b2780-groupManagement] INFO  server.RaftServerConfigKeys (ConfUtils.java:logGet(46)) - raft.server.retrycache.expirytime = 600000ms (custom)
2023-06-23 00:37:34,120 [6a1a42da-c2df-4fd1-96ac-c2667a6b2780-groupManagement] INFO  server.RaftServerConfigKeys (ConfUtils.java:logGet(46)) - raft.server.retrycache.statistics.expirytime = 100μs (default)
2023-06-23 00:37:34,120 [6a1a42da-c2df-4fd1-96ac-c2667a6b2780-groupManagement] INFO  server.RaftServerConfigKeys (ConfUtils.java:logGet(46)) - raft.server.read.option = DEFAULT (default)
2023-06-23 00:37:34,121 [6a1a42da-c2df-4fd1-96ac-c2667a6b2780-groupManagement] INFO  server.RaftServerConfigKeys (ConfUtils.java:logGet(46)) - raft.server.rpc.request.timeout = 60s (custom)
2023-06-23 00:37:34,121 [6a1a42da-c2df-4fd1-96ac-c2667a6b2780-groupManagement] INFO  server.RaftServerConfigKeys (ConfUtils.java:logGet(46)) - raft.server.log.appender.install.snapshot.enabled = false (custom)
2023-06-23 00:37:34,121 [6a1a42da-c2df-4fd1-96ac-c2667a6b2780-groupManagement] INFO  server.RaftServerConfigKeys (ConfUtils.java:logGet(46)) - raft.server.threadpool.server.cached = true (default)
2023-06-23 00:37:34,121 [6a1a42da-c2df-4fd1-96ac-c2667a6b2780-groupManagement] INFO  server.RaftServerConfigKeys (ConfUtils.java:logGet(46)) - raft.server.threadpool.server.size = 0 (default)
2023-06-23 00:37:34,121 [6a1a42da-c2df-4fd1-96ac-c2667a6b2780-groupManagement] INFO  server.RaftServerConfigKeys (ConfUtils.java:logGet(46)) - raft.server.threadpool.client.cached = true (default)
2023-06-23 00:37:34,121 [6a1a42da-c2df-4fd1-96ac-c2667a6b2780-groupManagement] INFO  server.RaftServerConfigKeys (ConfUtils.java:logGet(46)) - raft.server.threadpool.client.size = 0 (default)
2023-06-23 00:37:34,122 [6a1a42da-c2df-4fd1-96ac-c2667a6b2780-groupManagement] INFO  storage.RaftStorageDirectory (RaftStorageDirectoryImpl.java:analyzeStorage(137)) - The storage directory /home/runner/work/ozone/ozone/hadoop-ozone/integration-test/target/test-dir/MiniOzoneClusterImpl-3c3985d8-3248-4f19-a32f-4442bec32466/datanode-5/data/ratis/3d92aee1-dcb0-4fde-88db-fa7f949a36c9 does not exist. Creating ...
2023-06-23 00:37:34,123 [6a1a42da-c2df-4fd1-96ac-c2667a6b2780-groupManagement] INFO  storage.RaftStorageDirectory (RaftStorageDirectoryImpl.java:tryLock(231)) - Lock on /home/runner/work/ozone/ozone/hadoop-ozone/integration-test/target/test-dir/MiniOzoneClusterImpl-3c3985d8-3248-4f19-a32f-4442bec32466/datanode-5/data/ratis/3d92aee1-dcb0-4fde-88db-fa7f949a36c9/in_use.lock acquired by nodename 61456@fv-az570-151
2023-06-23 00:37:34,124 [a135c5de-80e1-4aab-81ec-fcc917b89996-groupManagement] INFO  server.RaftServer$Division (RaftServerImpl.java:start(342)) - a135c5de-80e1-4aab-81ec-fcc917b89996@group-04D9684641E1: start as a follower, conf=-1: peers:[a135c5de-80e1-4aab-81ec-fcc917b89996|rpc:10.1.0.47:15050|admin:10.1.0.47:15049|client:10.1.0.47:15048|dataStream:10.1.0.47:15051|priority:0|startupRole:FOLLOWER, 6a1a42da-c2df-4fd1-96ac-c2667a6b2780|rpc:10.1.0.47:15059|admin:10.1.0.47:15058|client:10.1.0.47:15057|dataStream:10.1.0.47:15060|priority:0|startupRole:FOLLOWER, 4e705eda-d59c-4e65-825a-8cd43ac70c00|rpc:10.1.0.47:15041|admin:10.1.0.47:15040|client:10.1.0.47:15039|dataStream:10.1.0.47:15042|priority:1|startupRole:FOLLOWER]|listeners:[], old=null
2023-06-23 00:37:34,124 [a135c5de-80e1-4aab-81ec-fcc917b89996-groupManagement] INFO  server.RaftServer$Division (RaftServerImpl.java:setRole(329)) - a135c5de-80e1-4aab-81ec-fcc917b89996@group-04D9684641E1: changes role from      null to FOLLOWER at term 0 for startAsFollower
2023-06-23 00:37:34,125 [a135c5de-80e1-4aab-81ec-fcc917b89996-groupManagement] INFO  impl.RoleInfo (RoleInfo.java:updateAndGet(139)) - a135c5de-80e1-4aab-81ec-fcc917b89996: start a135c5de-80e1-4aab-81ec-fcc917b89996@group-04D9684641E1-FollowerState
2023-06-23 00:37:34,125 [6a1a42da-c2df-4fd1-96ac-c2667a6b2780-groupManagement] INFO  storage.RaftStorage (RaftStorageImpl.java:format(96)) - Storage directory /home/runner/work/ozone/ozone/hadoop-ozone/integration-test/target/test-dir/MiniOzoneClusterImpl-3c3985d8-3248-4f19-a32f-4442bec32466/datanode-5/data/ratis/3d92aee1-dcb0-4fde-88db-fa7f949a36c9 has been successfully formatted.
2023-06-23 00:37:34,131 [a135c5de-80e1-4aab-81ec-fcc917b89996@group-04D9684641E1-FollowerState] INFO  server.RaftServerConfigKeys (ConfUtils.java:logFallback(53)) - raft.server.rpc.first-election.timeout.min = 5s (fallback to raft.server.rpc.timeout.min)
2023-06-23 00:37:34,131 [a135c5de-80e1-4aab-81ec-fcc917b89996@group-04D9684641E1-FollowerState] INFO  server.RaftServerConfigKeys (ConfUtils.java:logFallback(53)) - raft.server.rpc.first-election.timeout.max = 5200ms (fallback to raft.server.rpc.timeout.max)
2023-06-23 00:37:34,126 [a135c5de-80e1-4aab-81ec-fcc917b89996-groupManagement] INFO  util.JmxRegister (JmxRegister.java:tryRegister(44)) - Successfully registered JMX Bean with object name Ratis:service=RaftServer,group=group-04D9684641E1,id=a135c5de-80e1-4aab-81ec-fcc917b89996
2023-06-23 00:37:34,132 [a135c5de-80e1-4aab-81ec-fcc917b89996-groupManagement] INFO  server.RaftServerConfigKeys (ConfUtils.java:logGet(46)) - raft.server.snapshot.auto.trigger.enabled = true (custom)
2023-06-23 00:37:34,133 [a135c5de-80e1-4aab-81ec-fcc917b89996-groupManagement] INFO  server.RaftServerConfigKeys (ConfUtils.java:logGet(46)) - raft.server.snapshot.auto.trigger.threshold = 10000 (custom)
2023-06-23 00:37:34,133 [a135c5de-80e1-4aab-81ec-fcc917b89996-groupManagement] INFO  server.RaftServerConfigKeys (ConfUtils.java:logGet(46)) - raft.server.snapshot.retention.file.num = 5 (custom)
2023-06-23 00:37:34,133 [a135c5de-80e1-4aab-81ec-fcc917b89996-groupManagement] INFO  server.RaftServerConfigKeys (ConfUtils.java:logGet(46)) - raft.server.log.purge.upto.snapshot.index = false (default)
2023-06-23 00:37:34,133 [EventQueue-PipelineReportForPipelineReportHandler] INFO  pipeline.PipelineManagerImpl (PipelineManagerImpl.java:openPipeline(367)) - Pipeline Pipeline[ Id: 3d92aee1-dcb0-4fde-88db-fa7f949a36c9, Nodes: 6a1a42da-c2df-4fd1-96ac-c2667a6b2780(fv-az570-151.srgqcr2moziuvm0qev4lajleyh.dx.internal.cloudapp.net/10.1.0.47), ReplicationConfig: RATIS/ONE, State:ALLOCATED, leaderId:6a1a42da-c2df-4fd1-96ac-c2667a6b2780, CreationTimestamp2023-06-23T00:37:31.106Z[Etc/UTC]] moved to OPEN state
2023-06-23 00:37:34,134 [EventQueue-OpenPipelineForHealthyPipelineSafeModeRule] INFO  safemode.SCMSafeModeManager (HealthyPipelineSafeModeRule.java:process(137)) - SCM in safe mode. Healthy pipelines reported count is 0, required healthy pipeline reported count is 1
2023-06-23 00:37:34,131 [6a1a42da-c2df-4fd1-96ac-c2667a6b2780-groupManagement] INFO  ratis.ContainerStateMachine (ContainerStateMachine.java:loadSnapshot(262)) - group-FA7F949A36C9: The snapshot info is null. Setting the last applied indexto:(t:0, i:~)
2023-06-23 00:37:34,134 [6a1a42da-c2df-4fd1-96ac-c2667a6b2780-groupManagement] INFO  server.RaftServerConfigKeys (ConfUtils.java:logGet(46)) - raft.server.log.use.memory = false (default)
2023-06-23 00:37:34,134 [6a1a42da-c2df-4fd1-96ac-c2667a6b2780-groupManagement] INFO  server.RaftServerConfigKeys (ConfUtils.java:logGet(46)) - raft.server.log.purge.gap = 1000000 (custom)
2023-06-23 00:37:34,134 [6a1a42da-c2df-4fd1-96ac-c2667a6b2780-groupManagement] INFO  server.RaftServerConfigKeys (ConfUtils.java:logGet(46)) - raft.server.log.appender.buffer.byte-limit = 33554432 (custom)
2023-06-23 00:37:34,134 [6a1a42da-c2df-4fd1-96ac-c2667a6b2780-groupManagement] INFO  server.RaftServerConfigKeys (ConfUtils.java:logGet(46)) - raft.server.log.statemachine.data.read.timeout = 1000ms (default)
2023-06-23 00:37:34,134 [6a1a42da-c2df-4fd1-96ac-c2667a6b2780-groupManagement] INFO  server.RaftServerConfigKeys (ConfUtils.java:logGet(46)) - raft.server.log.purge.preservation.log.num = 0 (default)
2023-06-23 00:37:34,135 [6a1a42da-c2df-4fd1-96ac-c2667a6b2780-groupManagement] INFO  server.RaftServerConfigKeys (ConfUtils.java:logGet(46)) - raft.server.log.segment.size.max = 1048576 (custom)
2023-06-23 00:37:34,135 [6a1a42da-c2df-4fd1-96ac-c2667a6b2780-groupManagement] INFO  server.RaftServerConfigKeys (ConfUtils.java:logGet(46)) - raft.server.log.segment.cache.num.max = 2 (custom)
2023-06-23 00:37:34,135 [6a1a42da-c2df-4fd1-96ac-c2667a6b2780-groupManagement] INFO  server.RaftServerConfigKeys (ConfUtils.java:logGet(46)) - raft.server.log.segment.cache.size.max = 200MB (=209715200) (default)
2023-06-23 00:37:34,135 [6a1a42da-c2df-4fd1-96ac-c2667a6b2780-groupManagement] INFO  server.RaftServerConfigKeys (ConfUtils.java:logGet(46)) - raft.server.log.appender.buffer.byte-limit = 33554432 (custom)
2023-06-23 00:37:34,135 [6a1a42da-c2df-4fd1-96ac-c2667a6b2780-groupManagement] INFO  segmented.SegmentedRaftLogWorker (SegmentedRaftLogWorker.java:<init>(188)) - new 6a1a42da-c2df-4fd1-96ac-c2667a6b2780@group-FA7F949A36C9-SegmentedRaftLogWorker for RaftStorageImpl:Storage Directory /home/runner/work/ozone/ozone/hadoop-ozone/integration-test/target/test-dir/MiniOzoneClusterImpl-3c3985d8-3248-4f19-a32f-4442bec32466/datanode-5/data/ratis/3d92aee1-dcb0-4fde-88db-fa7f949a36c9
2023-06-23 00:37:34,135 [6a1a42da-c2df-4fd1-96ac-c2667a6b2780-groupManagement] INFO  server.RaftServerConfigKeys (ConfUtils.java:logGet(46)) - raft.server.log.queue.byte-limit = 4294967296 (custom)
2023-06-23 00:37:34,135 [6a1a42da-c2df-4fd1-96ac-c2667a6b2780-groupManagement] INFO  server.RaftServerConfigKeys (ConfUtils.java:logGet(46)) - raft.server.log.queue.element-limit = 1024 (custom)
2023-06-23 00:37:34,135 [6a1a42da-c2df-4fd1-96ac-c2667a6b2780-groupManagement] INFO  server.RaftServerConfigKeys (ConfUtils.java:logGet(46)) - raft.server.log.segment.size.max = 1048576 (custom)
2023-06-23 00:37:34,135 [6a1a42da-c2df-4fd1-96ac-c2667a6b2780-groupManagement] INFO  server.RaftServerConfigKeys (ConfUtils.java:logGet(46)) - raft.server.log.preallocated.size = 16384 (custom)
2023-06-23 00:37:34,135 [6a1a42da-c2df-4fd1-96ac-c2667a6b2780-groupManagement] INFO  server.RaftServerConfigKeys (ConfUtils.java:logGet(46)) - raft.server.log.force.sync.num = 128 (default)
2023-06-23 00:37:34,135 [6a1a42da-c2df-4fd1-96ac-c2667a6b2780-groupManagement] INFO  server.RaftServerConfigKeys (ConfUtils.java:logGet(46)) - raft.server.log.statemachine.data.sync = true (default)
2023-06-23 00:37:34,135 [6a1a42da-c2df-4fd1-96ac-c2667a6b2780-groupManagement] INFO  server.RaftServerConfigKeys (ConfUtils.java:logGet(46)) - raft.server.log.statemachine.data.sync.timeout = 10s (default)
2023-06-23 00:37:34,135 [6a1a42da-c2df-4fd1-96ac-c2667a6b2780-groupManagement] INFO  server.RaftServerConfigKeys (ConfUtils.java:logGet(46)) - raft.server.log.statemachine.data.sync.timeout.retry = -1 (default)
2023-06-23 00:37:34,136 [6a1a42da-c2df-4fd1-96ac-c2667a6b2780-groupManagement] INFO  server.RaftServerConfigKeys (ConfUtils.java:logGet(46)) - raft.server.log.write.buffer.size = 1048576 (custom)
2023-06-23 00:37:34,137 [6a1a42da-c2df-4fd1-96ac-c2667a6b2780-groupManagement] INFO  server.RaftServerConfigKeys (ConfUtils.java:logGet(46)) - raft.server.log.appender.buffer.byte-limit = 33554432 (custom)
2023-06-23 00:37:34,142 [6a1a42da-c2df-4fd1-96ac-c2667a6b2780-groupManagement] INFO  server.RaftServerConfigKeys (ConfUtils.java:logGet(46)) - raft.server.log.unsafe-flush.enabled = false (default)
2023-06-23 00:37:34,142 [6a1a42da-c2df-4fd1-96ac-c2667a6b2780-groupManagement] INFO  server.RaftServerConfigKeys (ConfUtils.java:logGet(46)) - raft.server.log.async-flush.enabled = false (default)
2023-06-23 00:37:34,142 [6a1a42da-c2df-4fd1-96ac-c2667a6b2780-groupManagement] INFO  server.RaftServerConfigKeys (ConfUtils.java:logGet(46)) - raft.server.log.statemachine.data.caching.enabled = true (custom)
2023-06-23 00:37:34,142 [6a1a42da-c2df-4fd1-96ac-c2667a6b2780-groupManagement] INFO  segmented.SegmentedRaftLogWorker (SegmentedRaftLogWorker.java:lambda$new$0(135)) - 6a1a42da-c2df-4fd1-96ac-c2667a6b2780@group-FA7F949A36C9-SegmentedRaftLogWorker: flushIndex: setUnconditionally 0 -> -1
2023-06-23 00:37:34,142 [6a1a42da-c2df-4fd1-96ac-c2667a6b2780-groupManagement] INFO  segmented.SegmentedRaftLogWorker (SegmentedRaftLogWorker.java:lambda$new$0(135)) - 6a1a42da-c2df-4fd1-96ac-c2667a6b2780@group-FA7F949A36C9-SegmentedRaftLogWorker: safeCacheEvictIndex: setUnconditionally 0 -> -1
2023-06-23 00:37:34,142 [PipelineCommandHandlerThread-0] INFO  ratis.XceiverServerRatis (XceiverServerRatis.java:addGroup(804)) - Created group PipelineID=deb4cad3-4441-494f-95e5-04d9684641e1
2023-06-23 00:37:34,148 [6a1a42da-c2df-4fd1-96ac-c2667a6b2780-groupManagement] INFO  server.RaftServer$Division (RaftServerImpl.java:start(342)) - 6a1a42da-c2df-4fd1-96ac-c2667a6b2780@group-FA7F949A36C9: start as a follower, conf=-1: peers:[6a1a42da-c2df-4fd1-96ac-c2667a6b2780|rpc:10.1.0.47:15059|admin:10.1.0.47:15058|client:10.1.0.47:15057|dataStream:10.1.0.47:15060|priority:1|startupRole:FOLLOWER]|listeners:[], old=null
2023-06-23 00:37:34,148 [6a1a42da-c2df-4fd1-96ac-c2667a6b2780-groupManagement] INFO  server.RaftServer$Division (RaftServerImpl.java:setRole(329)) - 6a1a42da-c2df-4fd1-96ac-c2667a6b2780@group-FA7F949A36C9: changes role from      null to FOLLOWER at term 0 for startAsFollower
2023-06-23 00:37:34,148 [6a1a42da-c2df-4fd1-96ac-c2667a6b2780-groupManagement] INFO  impl.RoleInfo (RoleInfo.java:updateAndGet(139)) - 6a1a42da-c2df-4fd1-96ac-c2667a6b2780: start 6a1a42da-c2df-4fd1-96ac-c2667a6b2780@group-FA7F949A36C9-FollowerState
2023-06-23 00:37:34,148 [6a1a42da-c2df-4fd1-96ac-c2667a6b2780-groupManagement] INFO  util.JmxRegister (JmxRegister.java:tryRegister(44)) - Successfully registered JMX Bean with object name Ratis:service=RaftServer,group=group-FA7F949A36C9,id=6a1a42da-c2df-4fd1-96ac-c2667a6b2780
2023-06-23 00:37:34,148 [6a1a42da-c2df-4fd1-96ac-c2667a6b2780-groupManagement] INFO  server.RaftServerConfigKeys (ConfUtils.java:logGet(46)) - raft.server.snapshot.auto.trigger.enabled = true (custom)
2023-06-23 00:37:34,148 [6a1a42da-c2df-4fd1-96ac-c2667a6b2780-groupManagement] INFO  server.RaftServerConfigKeys (ConfUtils.java:logGet(46)) - raft.server.snapshot.auto.trigger.threshold = 10000 (custom)
2023-06-23 00:37:34,148 [6a1a42da-c2df-4fd1-96ac-c2667a6b2780-groupManagement] INFO  server.RaftServerConfigKeys (ConfUtils.java:logGet(46)) - raft.server.snapshot.retention.file.num = 5 (custom)
2023-06-23 00:37:34,148 [6a1a42da-c2df-4fd1-96ac-c2667a6b2780-groupManagement] INFO  server.RaftServerConfigKeys (ConfUtils.java:logGet(46)) - raft.server.log.purge.upto.snapshot.index = false (default)
2023-06-23 00:37:34,152 [6a1a42da-c2df-4fd1-96ac-c2667a6b2780@group-FA7F949A36C9-FollowerState] INFO  server.RaftServerConfigKeys (ConfUtils.java:logFallback(53)) - raft.server.rpc.first-election.timeout.min = 5s (fallback to raft.server.rpc.timeout.min)
2023-06-23 00:37:34,152 [6a1a42da-c2df-4fd1-96ac-c2667a6b2780@group-FA7F949A36C9-FollowerState] INFO  server.RaftServerConfigKeys (ConfUtils.java:logFallback(53)) - raft.server.rpc.first-election.timeout.max = 5200ms (fallback to raft.server.rpc.timeout.max)
2023-06-23 00:37:34,161 [PipelineCommandHandlerThread-0] INFO  ratis.XceiverServerRatis (XceiverServerRatis.java:addGroup(804)) - Created group PipelineID=3d92aee1-dcb0-4fde-88db-fa7f949a36c9
2023-06-23 00:37:34,161 [PipelineCommandHandlerThread-0] INFO  commandhandler.CreatePipelineCommandHandler (CreatePipelineCommandHandler.java:lambda$handle$2(124)) - Created Pipeline RATIS ONE PipelineID=3d92aee1-dcb0-4fde-88db-fa7f949a36c9.
2023-06-23 00:37:34,161 [PipelineCommandHandlerThread-0] INFO  server.RaftServer (RaftServerProxy.java:addNew(98)) - 6a1a42da-c2df-4fd1-96ac-c2667a6b2780: addNew group-04D9684641E1:[a135c5de-80e1-4aab-81ec-fcc917b89996|rpc:10.1.0.47:15050|admin:10.1.0.47:15049|client:10.1.0.47:15048|dataStream:10.1.0.47:15051|priority:0|startupRole:FOLLOWER, 6a1a42da-c2df-4fd1-96ac-c2667a6b2780|rpc:10.1.0.47:15059|admin:10.1.0.47:15058|client:10.1.0.47:15057|dataStream:10.1.0.47:15060|priority:0|startupRole:FOLLOWER, 4e705eda-d59c-4e65-825a-8cd43ac70c00|rpc:10.1.0.47:15041|admin:10.1.0.47:15040|client:10.1.0.47:15039|dataStream:10.1.0.47:15042|priority:1|startupRole:FOLLOWER] returns group-04D9684641E1:java.util.concurrent.CompletableFuture@67e5c0df[Not completed]
2023-06-23 00:37:34,162 [6a1a42da-c2df-4fd1-96ac-c2667a6b2780-groupManagement] INFO  server.RaftServer$Division (RaftServerImpl.java:<init>(198)) - 6a1a42da-c2df-4fd1-96ac-c2667a6b2780: new RaftServerImpl for group-04D9684641E1:[a135c5de-80e1-4aab-81ec-fcc917b89996|rpc:10.1.0.47:15050|admin:10.1.0.47:15049|client:10.1.0.47:15048|dataStream:10.1.0.47:15051|priority:0|startupRole:FOLLOWER, 6a1a42da-c2df-4fd1-96ac-c2667a6b2780|rpc:10.1.0.47:15059|admin:10.1.0.47:15058|client:10.1.0.47:15057|dataStream:10.1.0.47:15060|priority:0|startupRole:FOLLOWER, 4e705eda-d59c-4e65-825a-8cd43ac70c00|rpc:10.1.0.47:15041|admin:10.1.0.47:15040|client:10.1.0.47:15039|dataStream:10.1.0.47:15042|priority:1|startupRole:FOLLOWER] with ContainerStateMachine:uninitialized
2023-06-23 00:37:34,162 [6a1a42da-c2df-4fd1-96ac-c2667a6b2780-groupManagement] INFO  server.RaftServerConfigKeys (ConfUtils.java:logGet(46)) - raft.server.rpc.timeout.min = 5s (custom)
2023-06-23 00:37:34,162 [6a1a42da-c2df-4fd1-96ac-c2667a6b2780-groupManagement] INFO  server.RaftServerConfigKeys (ConfUtils.java:logGet(46)) - raft.server.rpc.timeout.max = 5200ms (custom)
2023-06-23 00:37:34,162 [6a1a42da-c2df-4fd1-96ac-c2667a6b2780-groupManagement] INFO  server.RaftServerConfigKeys (ConfUtils.java:logGet(46)) - raft.server.rpc.sleep.time = 25ms (default)
2023-06-23 00:37:34,162 [6a1a42da-c2df-4fd1-96ac-c2667a6b2780-groupManagement] INFO  server.RaftServerConfigKeys (ConfUtils.java:logGet(46)) - raft.server.rpc.slowness.timeout = 300s (custom)
2023-06-23 00:37:34,162 [6a1a42da-c2df-4fd1-96ac-c2667a6b2780-groupManagement] INFO  server.RaftServerConfigKeys (ConfUtils.java:logGet(46)) - raft.server.leaderelection.leader.step-down.wait-time = 10s (default)
2023-06-23 00:37:34,162 [6a1a42da-c2df-4fd1-96ac-c2667a6b2780-groupManagement] INFO  server.RaftServerConfigKeys (ConfUtils.java:logGet(46)) - raft.server.sleep.deviation.threshold = 300ms (default)
2023-06-23 00:37:34,162 [6a1a42da-c2df-4fd1-96ac-c2667a6b2780-groupManagement] INFO  server.RaftServer$Division (ServerState.java:<init>(120)) - 6a1a42da-c2df-4fd1-96ac-c2667a6b2780@group-04D9684641E1: ConfigurationManager, init=-1: peers:[a135c5de-80e1-4aab-81ec-fcc917b89996|rpc:10.1.0.47:15050|admin:10.1.0.47:15049|client:10.1.0.47:15048|dataStream:10.1.0.47:15051|priority:0|startupRole:FOLLOWER, 6a1a42da-c2df-4fd1-96ac-c2667a6b2780|rpc:10.1.0.47:15059|admin:10.1.0.47:15058|client:10.1.0.47:15057|dataStream:10.1.0.47:15060|priority:0|startupRole:FOLLOWER, 4e705eda-d59c-4e65-825a-8cd43ac70c00|rpc:10.1.0.47:15041|admin:10.1.0.47:15040|client:10.1.0.47:15039|dataStream:10.1.0.47:15042|priority:1|startupRole:FOLLOWER]|listeners:[], old=null, confs=<EMPTY_MAP>
2023-06-23 00:37:34,162 [6a1a42da-c2df-4fd1-96ac-c2667a6b2780-groupManagement] INFO  server.RaftServerConfigKeys (ConfUtils.java:logGet(46)) - raft.server.storage.dir = [/home/runner/work/ozone/ozone/hadoop-ozone/integration-test/target/test-dir/MiniOzoneClusterImpl-3c3985d8-3248-4f19-a32f-4442bec32466/datanode-5/data/ratis] (custom)
2023-06-23 00:37:34,162 [6a1a42da-c2df-4fd1-96ac-c2667a6b2780-groupManagement] INFO  server.RaftServerConfigKeys (ConfUtils.java:logGet(46)) - raft.server.log.corruption.policy = EXCEPTION (default)
2023-06-23 00:37:34,162 [6a1a42da-c2df-4fd1-96ac-c2667a6b2780-groupManagement] INFO  server.RaftServerConfigKeys (ConfUtils.java:logGet(46)) - raft.server.storage.free-space.min = 0MB (=0) (default)
2023-06-23 00:37:34,162 [6a1a42da-c2df-4fd1-96ac-c2667a6b2780-groupManagement] INFO  server.RaftServerConfigKeys (ConfUtils.java:logGet(46)) - raft.server.notification.no-leader.timeout = 300s (custom)
2023-06-23 00:37:34,163 [6a1a42da-c2df-4fd1-96ac-c2667a6b2780-groupManagement] INFO  server.RaftServerConfigKeys (ConfUtils.java:logGet(46)) - raft.server.read.timeout = 10s (default)
2023-06-23 00:37:34,163 [6a1a42da-c2df-4fd1-96ac-c2667a6b2780-groupManagement] INFO  server.RaftServerConfigKeys (ConfUtils.java:logGet(46)) - raft.server.retrycache.expirytime = 600000ms (custom)
2023-06-23 00:37:34,163 [6a1a42da-c2df-4fd1-96ac-c2667a6b2780-groupManagement] INFO  server.RaftServerConfigKeys (ConfUtils.java:logGet(46)) - raft.server.retrycache.statistics.expirytime = 100μs (default)
2023-06-23 00:37:34,163 [6a1a42da-c2df-4fd1-96ac-c2667a6b2780-groupManagement] INFO  server.RaftServerConfigKeys (ConfUtils.java:logGet(46)) - raft.server.read.option = DEFAULT (default)
2023-06-23 00:37:34,164 [6a1a42da-c2df-4fd1-96ac-c2667a6b2780-groupManagement] INFO  server.RaftServerConfigKeys (ConfUtils.java:logGet(46)) - raft.server.rpc.request.timeout = 60s (custom)
2023-06-23 00:37:34,164 [6a1a42da-c2df-4fd1-96ac-c2667a6b2780-groupManagement] INFO  server.RaftServerConfigKeys (ConfUtils.java:logGet(46)) - raft.server.log.appender.install.snapshot.enabled = false (custom)
2023-06-23 00:37:34,164 [6a1a42da-c2df-4fd1-96ac-c2667a6b2780-groupManagement] INFO  server.RaftServerConfigKeys (ConfUtils.java:logGet(46)) - raft.server.threadpool.server.cached = true (default)
2023-06-23 00:37:34,164 [6a1a42da-c2df-4fd1-96ac-c2667a6b2780-groupManagement] INFO  server.RaftServerConfigKeys (ConfUtils.java:logGet(46)) - raft.server.threadpool.server.size = 0 (default)
2023-06-23 00:37:34,164 [6a1a42da-c2df-4fd1-96ac-c2667a6b2780-groupManagement] INFO  server.RaftServerConfigKeys (ConfUtils.java:logGet(46)) - raft.server.threadpool.client.cached = true (default)
2023-06-23 00:37:34,164 [6a1a42da-c2df-4fd1-96ac-c2667a6b2780-groupManagement] INFO  server.RaftServerConfigKeys (ConfUtils.java:logGet(46)) - raft.server.threadpool.client.size = 0 (default)
2023-06-23 00:37:34,164 [6a1a42da-c2df-4fd1-96ac-c2667a6b2780-groupManagement] INFO  storage.RaftStorageDirectory (RaftStorageDirectoryImpl.java:analyzeStorage(137)) - The storage directory /home/runner/work/ozone/ozone/hadoop-ozone/integration-test/target/test-dir/MiniOzoneClusterImpl-3c3985d8-3248-4f19-a32f-4442bec32466/datanode-5/data/ratis/deb4cad3-4441-494f-95e5-04d9684641e1 does not exist. Creating ...
2023-06-23 00:37:34,165 [6a1a42da-c2df-4fd1-96ac-c2667a6b2780-groupManagement] INFO  storage.RaftStorageDirectory (RaftStorageDirectoryImpl.java:tryLock(231)) - Lock on /home/runner/work/ozone/ozone/hadoop-ozone/integration-test/target/test-dir/MiniOzoneClusterImpl-3c3985d8-3248-4f19-a32f-4442bec32466/datanode-5/data/ratis/deb4cad3-4441-494f-95e5-04d9684641e1/in_use.lock acquired by nodename 61456@fv-az570-151
2023-06-23 00:37:34,171 [6a1a42da-c2df-4fd1-96ac-c2667a6b2780-groupManagement] INFO  storage.RaftStorage (RaftStorageImpl.java:format(96)) - Storage directory /home/runner/work/ozone/ozone/hadoop-ozone/integration-test/target/test-dir/MiniOzoneClusterImpl-3c3985d8-3248-4f19-a32f-4442bec32466/datanode-5/data/ratis/deb4cad3-4441-494f-95e5-04d9684641e1 has been successfully formatted.
2023-06-23 00:37:34,172 [6a1a42da-c2df-4fd1-96ac-c2667a6b2780-groupManagement] INFO  ratis.ContainerStateMachine (ContainerStateMachine.java:loadSnapshot(262)) - group-04D9684641E1: The snapshot info is null. Setting the last applied indexto:(t:0, i:~)
2023-06-23 00:37:34,172 [6a1a42da-c2df-4fd1-96ac-c2667a6b2780-groupManagement] INFO  server.RaftServerConfigKeys (ConfUtils.java:logGet(46)) - raft.server.log.use.memory = false (default)
2023-06-23 00:37:34,172 [6a1a42da-c2df-4fd1-96ac-c2667a6b2780-groupManagement] INFO  server.RaftServerConfigKeys (ConfUtils.java:logGet(46)) - raft.server.log.purge.gap = 1000000 (custom)
2023-06-23 00:37:34,172 [6a1a42da-c2df-4fd1-96ac-c2667a6b2780-groupManagement] INFO  server.RaftServerConfigKeys (ConfUtils.java:logGet(46)) - raft.server.log.appender.buffer.byte-limit = 33554432 (custom)
2023-06-23 00:37:34,172 [6a1a42da-c2df-4fd1-96ac-c2667a6b2780-groupManagement] INFO  server.RaftServerConfigKeys (ConfUtils.java:logGet(46)) - raft.server.log.statemachine.data.read.timeout = 1000ms (default)
2023-06-23 00:37:34,172 [6a1a42da-c2df-4fd1-96ac-c2667a6b2780-groupManagement] INFO  server.RaftServerConfigKeys (ConfUtils.java:logGet(46)) - raft.server.log.purge.preservation.log.num = 0 (default)
2023-06-23 00:37:34,172 [6a1a42da-c2df-4fd1-96ac-c2667a6b2780-groupManagement] INFO  server.RaftServerConfigKeys (ConfUtils.java:logGet(46)) - raft.server.log.segment.size.max = 1048576 (custom)
2023-06-23 00:37:34,172 [6a1a42da-c2df-4fd1-96ac-c2667a6b2780-groupManagement] INFO  server.RaftServerConfigKeys (ConfUtils.java:logGet(46)) - raft.server.log.segment.cache.num.max = 2 (custom)
2023-06-23 00:37:34,173 [6a1a42da-c2df-4fd1-96ac-c2667a6b2780-groupManagement] INFO  server.RaftServerConfigKeys (ConfUtils.java:logGet(46)) - raft.server.log.segment.cache.size.max = 200MB (=209715200) (default)
2023-06-23 00:37:34,173 [6a1a42da-c2df-4fd1-96ac-c2667a6b2780-groupManagement] INFO  server.RaftServerConfigKeys (ConfUtils.java:logGet(46)) - raft.server.log.appender.buffer.byte-limit = 33554432 (custom)
2023-06-23 00:37:34,173 [6a1a42da-c2df-4fd1-96ac-c2667a6b2780-groupManagement] INFO  segmented.SegmentedRaftLogWorker (SegmentedRaftLogWorker.java:<init>(188)) - new 6a1a42da-c2df-4fd1-96ac-c2667a6b2780@group-04D9684641E1-SegmentedRaftLogWorker for RaftStorageImpl:Storage Directory /home/runner/work/ozone/ozone/hadoop-ozone/integration-test/target/test-dir/MiniOzoneClusterImpl-3c3985d8-3248-4f19-a32f-4442bec32466/datanode-5/data/ratis/deb4cad3-4441-494f-95e5-04d9684641e1
2023-06-23 00:37:34,173 [6a1a42da-c2df-4fd1-96ac-c2667a6b2780-groupManagement] INFO  server.RaftServerConfigKeys (ConfUtils.java:logGet(46)) - raft.server.log.queue.byte-limit = 4294967296 (custom)
2023-06-23 00:37:34,173 [6a1a42da-c2df-4fd1-96ac-c2667a6b2780-groupManagement] INFO  server.RaftServerConfigKeys (ConfUtils.java:logGet(46)) - raft.server.log.queue.element-limit = 1024 (custom)
2023-06-23 00:37:34,173 [6a1a42da-c2df-4fd1-96ac-c2667a6b2780-groupManagement] INFO  server.RaftServerConfigKeys (ConfUtils.java:logGet(46)) - raft.server.log.segment.size.max = 1048576 (custom)
2023-06-23 00:37:34,173 [6a1a42da-c2df-4fd1-96ac-c2667a6b2780-groupManagement] INFO  server.RaftServerConfigKeys (ConfUtils.java:logGet(46)) - raft.server.log.preallocated.size = 16384 (custom)
2023-06-23 00:37:34,173 [6a1a42da-c2df-4fd1-96ac-c2667a6b2780-groupManagement] INFO  server.RaftServerConfigKeys (ConfUtils.java:logGet(46)) - raft.server.log.force.sync.num = 128 (default)
2023-06-23 00:37:34,175 [6a1a42da-c2df-4fd1-96ac-c2667a6b2780-groupManagement] INFO  server.RaftServerConfigKeys (ConfUtils.java:logGet(46)) - raft.server.log.statemachine.data.sync = true (default)
2023-06-23 00:37:34,175 [6a1a42da-c2df-4fd1-96ac-c2667a6b2780-groupManagement] INFO  server.RaftServerConfigKeys (ConfUtils.java:logGet(46)) - raft.server.log.statemachine.data.sync.timeout = 10s (default)
2023-06-23 00:37:34,175 [6a1a42da-c2df-4fd1-96ac-c2667a6b2780-groupManagement] INFO  server.RaftServerConfigKeys (ConfUtils.java:logGet(46)) - raft.server.log.statemachine.data.sync.timeout.retry = -1 (default)
2023-06-23 00:37:34,176 [6a1a42da-c2df-4fd1-96ac-c2667a6b2780-groupManagement] INFO  server.RaftServerConfigKeys (ConfUtils.java:logGet(46)) - raft.server.log.write.buffer.size = 1048576 (custom)
2023-06-23 00:37:34,177 [6a1a42da-c2df-4fd1-96ac-c2667a6b2780-groupManagement] INFO  server.RaftServerConfigKeys (ConfUtils.java:logGet(46)) - raft.server.log.appender.buffer.byte-limit = 33554432 (custom)
2023-06-23 00:37:34,175 [EventQueue-OpenPipelineForHealthyPipelineSafeModeRule] INFO  safemode.SCMSafeModeManager (HealthyPipelineSafeModeRule.java:process(137)) - SCM in safe mode. Healthy pipelines reported count is 0, required healthy pipeline reported count is 1
2023-06-23 00:37:34,184 [PipelineCommandHandlerThread-0] INFO  commandhandler.CreatePipelineCommandHandler (CreatePipelineCommandHandler.java:lambda$handle$2(124)) - Created Pipeline RATIS THREE PipelineID=46c40a94-8571-45b1-a2a4-221bc075ad82.
2023-06-23 00:37:34,184 [PipelineCommandHandlerThread-0] INFO  server.RaftServer (RaftServerProxy.java:addNew(98)) - 4e705eda-d59c-4e65-825a-8cd43ac70c00: addNew group-04D9684641E1:[a135c5de-80e1-4aab-81ec-fcc917b89996|rpc:10.1.0.47:15050|admin:10.1.0.47:15049|client:10.1.0.47:15048|dataStream:10.1.0.47:15051|priority:0|startupRole:FOLLOWER, 6a1a42da-c2df-4fd1-96ac-c2667a6b2780|rpc:10.1.0.47:15059|admin:10.1.0.47:15058|client:10.1.0.47:15057|dataStream:10.1.0.47:15060|priority:0|startupRole:FOLLOWER, 4e705eda-d59c-4e65-825a-8cd43ac70c00|rpc:10.1.0.47:15041|admin:10.1.0.47:15040|client:10.1.0.47:15039|dataStream:10.1.0.47:15042|priority:1|startupRole:FOLLOWER] returns group-04D9684641E1:java.util.concurrent.CompletableFuture@57df2e20[Not completed]
2023-06-23 00:37:34,183 [6a1a42da-c2df-4fd1-96ac-c2667a6b2780-groupManagement] INFO  server.RaftServerConfigKeys (ConfUtils.java:logGet(46)) - raft.server.log.unsafe-flush.enabled = false (default)
2023-06-23 00:37:34,184 [6a1a42da-c2df-4fd1-96ac-c2667a6b2780-groupManagement] INFO  server.RaftServerConfigKeys (ConfUtils.java:logGet(46)) - raft.server.log.async-flush.enabled = false (default)
2023-06-23 00:37:34,184 [6a1a42da-c2df-4fd1-96ac-c2667a6b2780-groupManagement] INFO  server.RaftServerConfigKeys (ConfUtils.java:logGet(46)) - raft.server.log.statemachine.data.caching.enabled = true (custom)
2023-06-23 00:37:34,185 [6a1a42da-c2df-4fd1-96ac-c2667a6b2780-groupManagement] INFO  segmented.SegmentedRaftLogWorker (SegmentedRaftLogWorker.java:lambda$new$0(135)) - 6a1a42da-c2df-4fd1-96ac-c2667a6b2780@group-04D9684641E1-SegmentedRaftLogWorker: flushIndex: setUnconditionally 0 -> -1
2023-06-23 00:37:34,185 [6a1a42da-c2df-4fd1-96ac-c2667a6b2780-groupManagement] INFO  segmented.SegmentedRaftLogWorker (SegmentedRaftLogWorker.java:lambda$new$0(135)) - 6a1a42da-c2df-4fd1-96ac-c2667a6b2780@group-04D9684641E1-SegmentedRaftLogWorker: safeCacheEvictIndex: setUnconditionally 0 -> -1
2023-06-23 00:37:34,185 [6a1a42da-c2df-4fd1-96ac-c2667a6b2780-groupManagement] INFO  server.RaftServer$Division (RaftServerImpl.java:start(342)) - 6a1a42da-c2df-4fd1-96ac-c2667a6b2780@group-04D9684641E1: start as a follower, conf=-1: peers:[a135c5de-80e1-4aab-81ec-fcc917b89996|rpc:10.1.0.47:15050|admin:10.1.0.47:15049|client:10.1.0.47:15048|dataStream:10.1.0.47:15051|priority:0|startupRole:FOLLOWER, 6a1a42da-c2df-4fd1-96ac-c2667a6b2780|rpc:10.1.0.47:15059|admin:10.1.0.47:15058|client:10.1.0.47:15057|dataStream:10.1.0.47:15060|priority:0|startupRole:FOLLOWER, 4e705eda-d59c-4e65-825a-8cd43ac70c00|rpc:10.1.0.47:15041|admin:10.1.0.47:15040|client:10.1.0.47:15039|dataStream:10.1.0.47:15042|priority:1|startupRole:FOLLOWER]|listeners:[], old=null
2023-06-23 00:37:34,185 [6a1a42da-c2df-4fd1-96ac-c2667a6b2780-groupManagement] INFO  server.RaftServer$Division (RaftServerImpl.java:setRole(329)) - 6a1a42da-c2df-4fd1-96ac-c2667a6b2780@group-04D9684641E1: changes role from      null to FOLLOWER at term 0 for startAsFollower
2023-06-23 00:37:34,185 [6a1a42da-c2df-4fd1-96ac-c2667a6b2780-groupManagement] INFO  impl.RoleInfo (RoleInfo.java:updateAndGet(139)) - 6a1a42da-c2df-4fd1-96ac-c2667a6b2780: start 6a1a42da-c2df-4fd1-96ac-c2667a6b2780@group-04D9684641E1-FollowerState
2023-06-23 00:37:34,185 [4e705eda-d59c-4e65-825a-8cd43ac70c00-groupManagement] INFO  server.RaftServer$Division (RaftServerImpl.java:<init>(198)) - 4e705eda-d59c-4e65-825a-8cd43ac70c00: new RaftServerImpl for group-04D9684641E1:[a135c5de-80e1-4aab-81ec-fcc917b89996|rpc:10.1.0.47:15050|admin:10.1.0.47:15049|client:10.1.0.47:15048|dataStream:10.1.0.47:15051|priority:0|startupRole:FOLLOWER, 6a1a42da-c2df-4fd1-96ac-c2667a6b2780|rpc:10.1.0.47:15059|admin:10.1.0.47:15058|client:10.1.0.47:15057|dataStream:10.1.0.47:15060|priority:0|startupRole:FOLLOWER, 4e705eda-d59c-4e65-825a-8cd43ac70c00|rpc:10.1.0.47:15041|admin:10.1.0.47:15040|client:10.1.0.47:15039|dataStream:10.1.0.47:15042|priority:1|startupRole:FOLLOWER] with ContainerStateMachine:uninitialized
2023-06-23 00:37:34,187 [4e705eda-d59c-4e65-825a-8cd43ac70c00-groupManagement] INFO  server.RaftServerConfigKeys (ConfUtils.java:logGet(46)) - raft.server.rpc.timeout.min = 5s (custom)
2023-06-23 00:37:34,187 [4e705eda-d59c-4e65-825a-8cd43ac70c00-groupManagement] INFO  server.RaftServerConfigKeys (ConfUtils.java:logGet(46)) - raft.server.rpc.timeout.max = 5200ms (custom)
2023-06-23 00:37:34,187 [4e705eda-d59c-4e65-825a-8cd43ac70c00-groupManagement] INFO  server.RaftServerConfigKeys (ConfUtils.java:logGet(46)) - raft.server.rpc.sleep.time = 25ms (default)
2023-06-23 00:37:34,187 [4e705eda-d59c-4e65-825a-8cd43ac70c00-groupManagement] INFO  server.RaftServerConfigKeys (ConfUtils.java:logGet(46)) - raft.server.rpc.slowness.timeout = 300s (custom)
2023-06-23 00:37:34,187 [4e705eda-d59c-4e65-825a-8cd43ac70c00-groupManagement] INFO  server.RaftServerConfigKeys (ConfUtils.java:logGet(46)) - raft.server.leaderelection.leader.step-down.wait-time = 10s (default)
2023-06-23 00:37:34,187 [4e705eda-d59c-4e65-825a-8cd43ac70c00-groupManagement] INFO  server.RaftServerConfigKeys (ConfUtils.java:logGet(46)) - raft.server.sleep.deviation.threshold = 300ms (default)
2023-06-23 00:37:34,187 [4e705eda-d59c-4e65-825a-8cd43ac70c00-groupManagement] INFO  server.RaftServer$Division (ServerState.java:<init>(120)) - 4e705eda-d59c-4e65-825a-8cd43ac70c00@group-04D9684641E1: ConfigurationManager, init=-1: peers:[a135c5de-80e1-4aab-81ec-fcc917b89996|rpc:10.1.0.47:15050|admin:10.1.0.47:15049|client:10.1.0.47:15048|dataStream:10.1.0.47:15051|priority:0|startupRole:FOLLOWER, 6a1a42da-c2df-4fd1-96ac-c2667a6b2780|rpc:10.1.0.47:15059|admin:10.1.0.47:15058|client:10.1.0.47:15057|dataStream:10.1.0.47:15060|priority:0|startupRole:FOLLOWER, 4e705eda-d59c-4e65-825a-8cd43ac70c00|rpc:10.1.0.47:15041|admin:10.1.0.47:15040|client:10.1.0.47:15039|dataStream:10.1.0.47:15042|priority:1|startupRole:FOLLOWER]|listeners:[], old=null, confs=<EMPTY_MAP>
2023-06-23 00:37:34,188 [4e705eda-d59c-4e65-825a-8cd43ac70c00-groupManagement] INFO  server.RaftServerConfigKeys (ConfUtils.java:logGet(46)) - raft.server.storage.dir = [/home/runner/work/ozone/ozone/hadoop-ozone/integration-test/target/test-dir/MiniOzoneClusterImpl-3c3985d8-3248-4f19-a32f-4442bec32466/datanode-3/data/ratis] (custom)
2023-06-23 00:37:34,188 [4e705eda-d59c-4e65-825a-8cd43ac70c00-groupManagement] INFO  server.RaftServerConfigKeys (ConfUtils.java:logGet(46)) - raft.server.log.corruption.policy = EXCEPTION (default)
2023-06-23 00:37:34,188 [4e705eda-d59c-4e65-825a-8cd43ac70c00-groupManagement] INFO  server.RaftServerConfigKeys (ConfUtils.java:logGet(46)) - raft.server.storage.free-space.min = 0MB (=0) (default)
2023-06-23 00:37:34,188 [4e705eda-d59c-4e65-825a-8cd43ac70c00-groupManagement] INFO  server.RaftServerConfigKeys (ConfUtils.java:logGet(46)) - raft.server.notification.no-leader.timeout = 300s (custom)
2023-06-23 00:37:34,188 [4e705eda-d59c-4e65-825a-8cd43ac70c00-groupManagement] INFO  server.RaftServerConfigKeys (ConfUtils.java:logGet(46)) - raft.server.read.timeout = 10s (default)
2023-06-23 00:37:34,188 [4e705eda-d59c-4e65-825a-8cd43ac70c00-groupManagement] INFO  server.RaftServerConfigKeys (ConfUtils.java:logGet(46)) - raft.server.retrycache.expirytime = 600000ms (custom)
2023-06-23 00:37:34,188 [4e705eda-d59c-4e65-825a-8cd43ac70c00-groupManagement] INFO  server.RaftServerConfigKeys (ConfUtils.java:logGet(46)) - raft.server.retrycache.statistics.expirytime = 100μs (default)
2023-06-23 00:37:34,188 [4e705eda-d59c-4e65-825a-8cd43ac70c00-groupManagement] INFO  server.RaftServerConfigKeys (ConfUtils.java:logGet(46)) - raft.server.read.option = DEFAULT (default)
2023-06-23 00:37:34,189 [4e705eda-d59c-4e65-825a-8cd43ac70c00-groupManagement] INFO  server.RaftServerConfigKeys (ConfUtils.java:logGet(46)) - raft.server.rpc.request.timeout = 60s (custom)
2023-06-23 00:37:34,189 [4e705eda-d59c-4e65-825a-8cd43ac70c00-groupManagement] INFO  server.RaftServerConfigKeys (ConfUtils.java:logGet(46)) - raft.server.log.appender.install.snapshot.enabled = false (custom)
2023-06-23 00:37:34,189 [4e705eda-d59c-4e65-825a-8cd43ac70c00-groupManagement] INFO  server.RaftServerConfigKeys (ConfUtils.java:logGet(46)) - raft.server.threadpool.server.cached = true (default)
2023-06-23 00:37:34,189 [4e705eda-d59c-4e65-825a-8cd43ac70c00-groupManagement] INFO  server.RaftServerConfigKeys (ConfUtils.java:logGet(46)) - raft.server.threadpool.server.size = 0 (default)
2023-06-23 00:37:34,189 [4e705eda-d59c-4e65-825a-8cd43ac70c00-groupManagement] INFO  server.RaftServerConfigKeys (ConfUtils.java:logGet(46)) - raft.server.threadpool.client.cached = true (default)
2023-06-23 00:37:34,189 [4e705eda-d59c-4e65-825a-8cd43ac70c00-groupManagement] INFO  server.RaftServerConfigKeys (ConfUtils.java:logGet(46)) - raft.server.threadpool.client.size = 0 (default)
2023-06-23 00:37:34,189 [4e705eda-d59c-4e65-825a-8cd43ac70c00-groupManagement] INFO  storage.RaftStorageDirectory (RaftStorageDirectoryImpl.java:analyzeStorage(137)) - The storage directory /home/runner/work/ozone/ozone/hadoop-ozone/integration-test/target/test-dir/MiniOzoneClusterImpl-3c3985d8-3248-4f19-a32f-4442bec32466/datanode-3/data/ratis/deb4cad3-4441-494f-95e5-04d9684641e1 does not exist. Creating ...
2023-06-23 00:37:34,186 [6a1a42da-c2df-4fd1-96ac-c2667a6b2780@group-04D9684641E1-FollowerState] INFO  server.RaftServerConfigKeys (ConfUtils.java:logFallback(53)) - raft.server.rpc.first-election.timeout.min = 5s (fallback to raft.server.rpc.timeout.min)
2023-06-23 00:37:34,185 [6a1a42da-c2df-4fd1-96ac-c2667a6b2780-groupManagement] INFO  util.JmxRegister (JmxRegister.java:tryRegister(44)) - Successfully registered JMX Bean with object name Ratis:service=RaftServer,group=group-04D9684641E1,id=6a1a42da-c2df-4fd1-96ac-c2667a6b2780
2023-06-23 00:37:34,203 [6a1a42da-c2df-4fd1-96ac-c2667a6b2780-groupManagement] INFO  server.RaftServerConfigKeys (ConfUtils.java:logGet(46)) - raft.server.snapshot.auto.trigger.enabled = true (custom)
2023-06-23 00:37:34,203 [6a1a42da-c2df-4fd1-96ac-c2667a6b2780-groupManagement] INFO  server.RaftServerConfigKeys (ConfUtils.java:logGet(46)) - raft.server.snapshot.auto.trigger.threshold = 10000 (custom)
2023-06-23 00:37:34,203 [6a1a42da-c2df-4fd1-96ac-c2667a6b2780-groupManagement] INFO  server.RaftServerConfigKeys (ConfUtils.java:logGet(46)) - raft.server.snapshot.retention.file.num = 5 (custom)
2023-06-23 00:37:34,203 [6a1a42da-c2df-4fd1-96ac-c2667a6b2780-groupManagement] INFO  server.RaftServerConfigKeys (ConfUtils.java:logGet(46)) - raft.server.log.purge.upto.snapshot.index = false (default)
2023-06-23 00:37:34,203 [6a1a42da-c2df-4fd1-96ac-c2667a6b2780@group-04D9684641E1-FollowerState] INFO  server.RaftServerConfigKeys (ConfUtils.java:logFallback(53)) - raft.server.rpc.first-election.timeout.max = 5200ms (fallback to raft.server.rpc.timeout.max)
2023-06-23 00:37:34,199 [4e705eda-d59c-4e65-825a-8cd43ac70c00-groupManagement] INFO  storage.RaftStorageDirectory (RaftStorageDirectoryImpl.java:tryLock(231)) - Lock on /home/runner/work/ozone/ozone/hadoop-ozone/integration-test/target/test-dir/MiniOzoneClusterImpl-3c3985d8-3248-4f19-a32f-4442bec32466/datanode-3/data/ratis/deb4cad3-4441-494f-95e5-04d9684641e1/in_use.lock acquired by nodename 61456@fv-az570-151
2023-06-23 00:37:34,205 [4e705eda-d59c-4e65-825a-8cd43ac70c00-groupManagement] INFO  storage.RaftStorage (RaftStorageImpl.java:format(96)) - Storage directory /home/runner/work/ozone/ozone/hadoop-ozone/integration-test/target/test-dir/MiniOzoneClusterImpl-3c3985d8-3248-4f19-a32f-4442bec32466/datanode-3/data/ratis/deb4cad3-4441-494f-95e5-04d9684641e1 has been successfully formatted.
2023-06-23 00:37:34,206 [PipelineCommandHandlerThread-0] INFO  ratis.XceiverServerRatis (XceiverServerRatis.java:addGroup(804)) - Created group PipelineID=deb4cad3-4441-494f-95e5-04d9684641e1
2023-06-23 00:37:34,210 [4e705eda-d59c-4e65-825a-8cd43ac70c00-groupManagement] INFO  ratis.ContainerStateMachine (ContainerStateMachine.java:loadSnapshot(262)) - group-04D9684641E1: The snapshot info is null. Setting the last applied indexto:(t:0, i:~)
2023-06-23 00:37:34,210 [4e705eda-d59c-4e65-825a-8cd43ac70c00-groupManagement] INFO  server.RaftServerConfigKeys (ConfUtils.java:logGet(46)) - raft.server.log.use.memory = false (default)
2023-06-23 00:37:34,210 [4e705eda-d59c-4e65-825a-8cd43ac70c00-groupManagement] INFO  server.RaftServerConfigKeys (ConfUtils.java:logGet(46)) - raft.server.log.purge.gap = 1000000 (custom)
2023-06-23 00:37:34,210 [4e705eda-d59c-4e65-825a-8cd43ac70c00-groupManagement] INFO  server.RaftServerConfigKeys (ConfUtils.java:logGet(46)) - raft.server.log.appender.buffer.byte-limit = 33554432 (custom)
2023-06-23 00:37:34,210 [4e705eda-d59c-4e65-825a-8cd43ac70c00-groupManagement] INFO  server.RaftServerConfigKeys (ConfUtils.java:logGet(46)) - raft.server.log.statemachine.data.read.timeout = 1000ms (default)
2023-06-23 00:37:34,210 [4e705eda-d59c-4e65-825a-8cd43ac70c00-groupManagement] INFO  server.RaftServerConfigKeys (ConfUtils.java:logGet(46)) - raft.server.log.purge.preservation.log.num = 0 (default)
2023-06-23 00:37:34,211 [4e705eda-d59c-4e65-825a-8cd43ac70c00-groupManagement] INFO  server.RaftServerConfigKeys (ConfUtils.java:logGet(46)) - raft.server.log.segment.size.max = 1048576 (custom)
2023-06-23 00:37:34,211 [4e705eda-d59c-4e65-825a-8cd43ac70c00-groupManagement] INFO  server.RaftServerConfigKeys (ConfUtils.java:logGet(46)) - raft.server.log.segment.cache.num.max = 2 (custom)
2023-06-23 00:37:34,211 [4e705eda-d59c-4e65-825a-8cd43ac70c00-groupManagement] INFO  server.RaftServerConfigKeys (ConfUtils.java:logGet(46)) - raft.server.log.segment.cache.size.max = 200MB (=209715200) (default)
2023-06-23 00:37:34,211 [4e705eda-d59c-4e65-825a-8cd43ac70c00-groupManagement] INFO  server.RaftServerConfigKeys (ConfUtils.java:logGet(46)) - raft.server.log.appender.buffer.byte-limit = 33554432 (custom)
2023-06-23 00:37:34,211 [4e705eda-d59c-4e65-825a-8cd43ac70c00-groupManagement] INFO  segmented.SegmentedRaftLogWorker (SegmentedRaftLogWorker.java:<init>(188)) - new 4e705eda-d59c-4e65-825a-8cd43ac70c00@group-04D9684641E1-SegmentedRaftLogWorker for RaftStorageImpl:Storage Directory /home/runner/work/ozone/ozone/hadoop-ozone/integration-test/target/test-dir/MiniOzoneClusterImpl-3c3985d8-3248-4f19-a32f-4442bec32466/datanode-3/data/ratis/deb4cad3-4441-494f-95e5-04d9684641e1
2023-06-23 00:37:34,211 [4e705eda-d59c-4e65-825a-8cd43ac70c00-groupManagement] INFO  server.RaftServerConfigKeys (ConfUtils.java:logGet(46)) - raft.server.log.queue.byte-limit = 4294967296 (custom)
2023-06-23 00:37:34,211 [4e705eda-d59c-4e65-825a-8cd43ac70c00-groupManagement] INFO  server.RaftServerConfigKeys (ConfUtils.java:logGet(46)) - raft.server.log.queue.element-limit = 1024 (custom)
2023-06-23 00:37:34,211 [4e705eda-d59c-4e65-825a-8cd43ac70c00-groupManagement] INFO  server.RaftServerConfigKeys (ConfUtils.java:logGet(46)) - raft.server.log.segment.size.max = 1048576 (custom)
2023-06-23 00:37:34,211 [4e705eda-d59c-4e65-825a-8cd43ac70c00-groupManagement] INFO  server.RaftServerConfigKeys (ConfUtils.java:logGet(46)) - raft.server.log.preallocated.size = 16384 (custom)
2023-06-23 00:37:34,211 [4e705eda-d59c-4e65-825a-8cd43ac70c00-groupManagement] INFO  server.RaftServerConfigKeys (ConfUtils.java:logGet(46)) - raft.server.log.force.sync.num = 128 (default)
2023-06-23 00:37:34,211 [4e705eda-d59c-4e65-825a-8cd43ac70c00-groupManagement] INFO  server.RaftServerConfigKeys (ConfUtils.java:logGet(46)) - raft.server.log.statemachine.data.sync = true (default)
2023-06-23 00:37:34,212 [4e705eda-d59c-4e65-825a-8cd43ac70c00-groupManagement] INFO  server.RaftServerConfigKeys (ConfUtils.java:logGet(46)) - raft.server.log.statemachine.data.sync.timeout = 10s (default)
2023-06-23 00:37:34,212 [4e705eda-d59c-4e65-825a-8cd43ac70c00-groupManagement] INFO  server.RaftServerConfigKeys (ConfUtils.java:logGet(46)) - raft.server.log.statemachine.data.sync.timeout.retry = -1 (default)
2023-06-23 00:37:34,212 [4e705eda-d59c-4e65-825a-8cd43ac70c00-groupManagement] INFO  server.RaftServerConfigKeys (ConfUtils.java:logGet(46)) - raft.server.log.write.buffer.size = 1048576 (custom)
2023-06-23 00:37:34,213 [4e705eda-d59c-4e65-825a-8cd43ac70c00-groupManagement] INFO  server.RaftServerConfigKeys (ConfUtils.java:logGet(46)) - raft.server.log.appender.buffer.byte-limit = 33554432 (custom)
2023-06-23 00:37:34,215 [EventQueue-OpenPipelineForHealthyPipelineSafeModeRule] INFO  safemode.SCMSafeModeManager (HealthyPipelineSafeModeRule.java:process(137)) - SCM in safe mode. Healthy pipelines reported count is 0, required healthy pipeline reported count is 1
2023-06-23 00:37:34,219 [4e705eda-d59c-4e65-825a-8cd43ac70c00-groupManagement] INFO  server.RaftServerConfigKeys (ConfUtils.java:logGet(46)) - raft.server.log.unsafe-flush.enabled = false (default)
2023-06-23 00:37:34,219 [4e705eda-d59c-4e65-825a-8cd43ac70c00-groupManagement] INFO  server.RaftServerConfigKeys (ConfUtils.java:logGet(46)) - raft.server.log.async-flush.enabled = false (default)
2023-06-23 00:37:34,220 [4e705eda-d59c-4e65-825a-8cd43ac70c00-groupManagement] INFO  server.RaftServerConfigKeys (ConfUtils.java:logGet(46)) - raft.server.log.statemachine.data.caching.enabled = true (custom)
2023-06-23 00:37:34,220 [4e705eda-d59c-4e65-825a-8cd43ac70c00-groupManagement] INFO  segmented.SegmentedRaftLogWorker (SegmentedRaftLogWorker.java:lambda$new$0(135)) - 4e705eda-d59c-4e65-825a-8cd43ac70c00@group-04D9684641E1-SegmentedRaftLogWorker: flushIndex: setUnconditionally 0 -> -1
2023-06-23 00:37:34,220 [4e705eda-d59c-4e65-825a-8cd43ac70c00-groupManagement] INFO  segmented.SegmentedRaftLogWorker (SegmentedRaftLogWorker.java:lambda$new$0(135)) - 4e705eda-d59c-4e65-825a-8cd43ac70c00@group-04D9684641E1-SegmentedRaftLogWorker: safeCacheEvictIndex: setUnconditionally 0 -> -1
2023-06-23 00:37:34,220 [4e705eda-d59c-4e65-825a-8cd43ac70c00-groupManagement] INFO  server.RaftServer$Division (RaftServerImpl.java:start(342)) - 4e705eda-d59c-4e65-825a-8cd43ac70c00@group-04D9684641E1: start as a follower, conf=-1: peers:[a135c5de-80e1-4aab-81ec-fcc917b89996|rpc:10.1.0.47:15050|admin:10.1.0.47:15049|client:10.1.0.47:15048|dataStream:10.1.0.47:15051|priority:0|startupRole:FOLLOWER, 6a1a42da-c2df-4fd1-96ac-c2667a6b2780|rpc:10.1.0.47:15059|admin:10.1.0.47:15058|client:10.1.0.47:15057|dataStream:10.1.0.47:15060|priority:0|startupRole:FOLLOWER, 4e705eda-d59c-4e65-825a-8cd43ac70c00|rpc:10.1.0.47:15041|admin:10.1.0.47:15040|client:10.1.0.47:15039|dataStream:10.1.0.47:15042|priority:1|startupRole:FOLLOWER]|listeners:[], old=null
2023-06-23 00:37:34,220 [4e705eda-d59c-4e65-825a-8cd43ac70c00-groupManagement] INFO  server.RaftServer$Division (RaftServerImpl.java:setRole(329)) - 4e705eda-d59c-4e65-825a-8cd43ac70c00@group-04D9684641E1: changes role from      null to FOLLOWER at term 0 for startAsFollower
2023-06-23 00:37:34,220 [4e705eda-d59c-4e65-825a-8cd43ac70c00-groupManagement] INFO  impl.RoleInfo (RoleInfo.java:updateAndGet(139)) - 4e705eda-d59c-4e65-825a-8cd43ac70c00: start 4e705eda-d59c-4e65-825a-8cd43ac70c00@group-04D9684641E1-FollowerState
2023-06-23 00:37:34,220 [4e705eda-d59c-4e65-825a-8cd43ac70c00-groupManagement] INFO  util.JmxRegister (JmxRegister.java:tryRegister(44)) - Successfully registered JMX Bean with object name Ratis:service=RaftServer,group=group-04D9684641E1,id=4e705eda-d59c-4e65-825a-8cd43ac70c00
2023-06-23 00:37:34,220 [4e705eda-d59c-4e65-825a-8cd43ac70c00-groupManagement] INFO  server.RaftServerConfigKeys (ConfUtils.java:logGet(46)) - raft.server.snapshot.auto.trigger.enabled = true (custom)
2023-06-23 00:37:34,221 [4e705eda-d59c-4e65-825a-8cd43ac70c00-groupManagement] INFO  server.RaftServerConfigKeys (ConfUtils.java:logGet(46)) - raft.server.snapshot.auto.trigger.threshold = 10000 (custom)
2023-06-23 00:37:34,221 [4e705eda-d59c-4e65-825a-8cd43ac70c00-groupManagement] INFO  server.RaftServerConfigKeys (ConfUtils.java:logGet(46)) - raft.server.snapshot.retention.file.num = 5 (custom)
2023-06-23 00:37:34,221 [4e705eda-d59c-4e65-825a-8cd43ac70c00-groupManagement] INFO  server.RaftServerConfigKeys (ConfUtils.java:logGet(46)) - raft.server.log.purge.upto.snapshot.index = false (default)
2023-06-23 00:37:34,221 [4e705eda-d59c-4e65-825a-8cd43ac70c00@group-04D9684641E1-FollowerState] INFO  server.RaftServerConfigKeys (ConfUtils.java:logFallback(53)) - raft.server.rpc.first-election.timeout.min = 5s (fallback to raft.server.rpc.timeout.min)
2023-06-23 00:37:34,221 [PipelineCommandHandlerThread-0] INFO  ratis.XceiverServerRatis (XceiverServerRatis.java:addGroup(804)) - Created group PipelineID=deb4cad3-4441-494f-95e5-04d9684641e1
2023-06-23 00:37:34,226 [4e705eda-d59c-4e65-825a-8cd43ac70c00@group-04D9684641E1-FollowerState] INFO  server.RaftServerConfigKeys (ConfUtils.java:logFallback(53)) - raft.server.rpc.first-election.timeout.max = 5200ms (fallback to raft.server.rpc.timeout.max)
2023-06-23 00:37:34,300 [PipelineCommandHandlerThread-0] INFO  commandhandler.CreatePipelineCommandHandler (CreatePipelineCommandHandler.java:lambda$handle$2(124)) - Created Pipeline RATIS THREE PipelineID=deb4cad3-4441-494f-95e5-04d9684641e1.
2023-06-23 00:37:34,347 [PipelineCommandHandlerThread-0] INFO  commandhandler.CreatePipelineCommandHandler (CreatePipelineCommandHandler.java:lambda$handle$2(124)) - Created Pipeline RATIS THREE PipelineID=deb4cad3-4441-494f-95e5-04d9684641e1.
2023-06-23 00:37:34,348 [PipelineCommandHandlerThread-0] INFO  commandhandler.CreatePipelineCommandHandler (CreatePipelineCommandHandler.java:lambda$handle$2(124)) - Created Pipeline RATIS THREE PipelineID=deb4cad3-4441-494f-95e5-04d9684641e1.
2023-06-23 00:37:34,474 [PipelineCommandHandlerThread-0] INFO  server.RaftServer (RaftServerProxy.java:addNew(98)) - c45f7b2b-079b-4ce1-93e8-334248332cec: addNew group-242D44B37E0A:[c45f7b2b-079b-4ce1-93e8-334248332cec|rpc:10.1.0.47:15068|admin:10.1.0.47:15067|client:10.1.0.47:15066|dataStream:10.1.0.47:15069|priority:1|startupRole:FOLLOWER] returns group-242D44B37E0A:java.util.concurrent.CompletableFuture@1b109363[Not completed]
2023-06-23 00:37:34,475 [c45f7b2b-079b-4ce1-93e8-334248332cec-groupManagement] INFO  server.RaftServer$Division (RaftServerImpl.java:<init>(198)) - c45f7b2b-079b-4ce1-93e8-334248332cec: new RaftServerImpl for group-242D44B37E0A:[c45f7b2b-079b-4ce1-93e8-334248332cec|rpc:10.1.0.47:15068|admin:10.1.0.47:15067|client:10.1.0.47:15066|dataStream:10.1.0.47:15069|priority:1|startupRole:FOLLOWER] with ContainerStateMachine:uninitialized
2023-06-23 00:37:34,475 [c45f7b2b-079b-4ce1-93e8-334248332cec-groupManagement] INFO  server.RaftServerConfigKeys (ConfUtils.java:logGet(46)) - raft.server.rpc.timeout.min = 5s (custom)
2023-06-23 00:37:34,476 [c45f7b2b-079b-4ce1-93e8-334248332cec-groupManagement] INFO  server.RaftServerConfigKeys (ConfUtils.java:logGet(46)) - raft.server.rpc.timeout.max = 5200ms (custom)
2023-06-23 00:37:34,476 [c45f7b2b-079b-4ce1-93e8-334248332cec-groupManagement] INFO  server.RaftServerConfigKeys (ConfUtils.java:logGet(46)) - raft.server.rpc.sleep.time = 25ms (default)
2023-06-23 00:37:34,476 [c45f7b2b-079b-4ce1-93e8-334248332cec-groupManagement] INFO  server.RaftServerConfigKeys (ConfUtils.java:logGet(46)) - raft.server.rpc.slowness.timeout = 300s (custom)
2023-06-23 00:37:34,476 [c45f7b2b-079b-4ce1-93e8-334248332cec-groupManagement] INFO  server.RaftServerConfigKeys (ConfUtils.java:logGet(46)) - raft.server.leaderelection.leader.step-down.wait-time = 10s (default)
2023-06-23 00:37:34,476 [c45f7b2b-079b-4ce1-93e8-334248332cec-groupManagement] INFO  server.RaftServerConfigKeys (ConfUtils.java:logGet(46)) - raft.server.sleep.deviation.threshold = 300ms (default)
2023-06-23 00:37:34,476 [c45f7b2b-079b-4ce1-93e8-334248332cec-groupManagement] INFO  server.RaftServer$Division (ServerState.java:<init>(120)) - c45f7b2b-079b-4ce1-93e8-334248332cec@group-242D44B37E0A: ConfigurationManager, init=-1: peers:[c45f7b2b-079b-4ce1-93e8-334248332cec|rpc:10.1.0.47:15068|admin:10.1.0.47:15067|client:10.1.0.47:15066|dataStream:10.1.0.47:15069|priority:1|startupRole:FOLLOWER]|listeners:[], old=null, confs=<EMPTY_MAP>
2023-06-23 00:37:34,476 [c45f7b2b-079b-4ce1-93e8-334248332cec-groupManagement] INFO  server.RaftServerConfigKeys (ConfUtils.java:logGet(46)) - raft.server.storage.dir = [/home/runner/work/ozone/ozone/hadoop-ozone/integration-test/target/test-dir/MiniOzoneClusterImpl-3c3985d8-3248-4f19-a32f-4442bec32466/datanode-6/data/ratis] (custom)
2023-06-23 00:37:34,476 [c45f7b2b-079b-4ce1-93e8-334248332cec-groupManagement] INFO  server.RaftServerConfigKeys (ConfUtils.java:logGet(46)) - raft.server.log.corruption.policy = EXCEPTION (default)
2023-06-23 00:37:34,476 [c45f7b2b-079b-4ce1-93e8-334248332cec-groupManagement] INFO  server.RaftServerConfigKeys (ConfUtils.java:logGet(46)) - raft.server.storage.free-space.min = 0MB (=0) (default)
2023-06-23 00:37:34,476 [c45f7b2b-079b-4ce1-93e8-334248332cec-groupManagement] INFO  server.RaftServerConfigKeys (ConfUtils.java:logGet(46)) - raft.server.notification.no-leader.timeout = 300s (custom)
2023-06-23 00:37:34,476 [c45f7b2b-079b-4ce1-93e8-334248332cec-groupManagement] INFO  server.RaftServerConfigKeys (ConfUtils.java:logGet(46)) - raft.server.read.timeout = 10s (default)
2023-06-23 00:37:34,476 [c45f7b2b-079b-4ce1-93e8-334248332cec-groupManagement] INFO  server.RaftServerConfigKeys (ConfUtils.java:logGet(46)) - raft.server.retrycache.expirytime = 600000ms (custom)
2023-06-23 00:37:34,476 [c45f7b2b-079b-4ce1-93e8-334248332cec-groupManagement] INFO  server.RaftServerConfigKeys (ConfUtils.java:logGet(46)) - raft.server.retrycache.statistics.expirytime = 100μs (default)
2023-06-23 00:37:34,476 [c45f7b2b-079b-4ce1-93e8-334248332cec-groupManagement] INFO  server.RaftServerConfigKeys (ConfUtils.java:logGet(46)) - raft.server.read.option = DEFAULT (default)
2023-06-23 00:37:34,479 [c45f7b2b-079b-4ce1-93e8-334248332cec-groupManagement] INFO  server.RaftServerConfigKeys (ConfUtils.java:logGet(46)) - raft.server.rpc.request.timeout = 60s (custom)
2023-06-23 00:37:34,479 [c45f7b2b-079b-4ce1-93e8-334248332cec-groupManagement] INFO  server.RaftServerConfigKeys (ConfUtils.java:logGet(46)) - raft.server.log.appender.install.snapshot.enabled = false (custom)
2023-06-23 00:37:34,479 [c45f7b2b-079b-4ce1-93e8-334248332cec-groupManagement] INFO  server.RaftServerConfigKeys (ConfUtils.java:logGet(46)) - raft.server.threadpool.server.cached = true (default)
2023-06-23 00:37:34,479 [c45f7b2b-079b-4ce1-93e8-334248332cec-groupManagement] INFO  server.RaftServerConfigKeys (ConfUtils.java:logGet(46)) - raft.server.threadpool.server.size = 0 (default)
2023-06-23 00:37:34,479 [c45f7b2b-079b-4ce1-93e8-334248332cec-groupManagement] INFO  server.RaftServerConfigKeys (ConfUtils.java:logGet(46)) - raft.server.threadpool.client.cached = true (default)
2023-06-23 00:37:34,479 [c45f7b2b-079b-4ce1-93e8-334248332cec-groupManagement] INFO  server.RaftServerConfigKeys (ConfUtils.java:logGet(46)) - raft.server.threadpool.client.size = 0 (default)
2023-06-23 00:37:34,480 [c45f7b2b-079b-4ce1-93e8-334248332cec-groupManagement] INFO  storage.RaftStorageDirectory (RaftStorageDirectoryImpl.java:analyzeStorage(137)) - The storage directory /home/runner/work/ozone/ozone/hadoop-ozone/integration-test/target/test-dir/MiniOzoneClusterImpl-3c3985d8-3248-4f19-a32f-4442bec32466/datanode-6/data/ratis/983534e4-f3bd-4b6d-83b2-242d44b37e0a does not exist. Creating ...
2023-06-23 00:37:34,483 [c45f7b2b-079b-4ce1-93e8-334248332cec-groupManagement] INFO  storage.RaftStorageDirectory (RaftStorageDirectoryImpl.java:tryLock(231)) - Lock on /home/runner/work/ozone/ozone/hadoop-ozone/integration-test/target/test-dir/MiniOzoneClusterImpl-3c3985d8-3248-4f19-a32f-4442bec32466/datanode-6/data/ratis/983534e4-f3bd-4b6d-83b2-242d44b37e0a/in_use.lock acquired by nodename 61456@fv-az570-151
2023-06-23 00:37:34,484 [c45f7b2b-079b-4ce1-93e8-334248332cec-groupManagement] INFO  storage.RaftStorage (RaftStorageImpl.java:format(96)) - Storage directory /home/runner/work/ozone/ozone/hadoop-ozone/integration-test/target/test-dir/MiniOzoneClusterImpl-3c3985d8-3248-4f19-a32f-4442bec32466/datanode-6/data/ratis/983534e4-f3bd-4b6d-83b2-242d44b37e0a has been successfully formatted.
2023-06-23 00:37:34,486 [c45f7b2b-079b-4ce1-93e8-334248332cec-groupManagement] INFO  ratis.ContainerStateMachine (ContainerStateMachine.java:loadSnapshot(262)) - group-242D44B37E0A: The snapshot info is null. Setting the last applied indexto:(t:0, i:~)
2023-06-23 00:37:34,486 [c45f7b2b-079b-4ce1-93e8-334248332cec-groupManagement] INFO  server.RaftServerConfigKeys (ConfUtils.java:logGet(46)) - raft.server.log.use.memory = false (default)
2023-06-23 00:37:34,486 [c45f7b2b-079b-4ce1-93e8-334248332cec-groupManagement] INFO  server.RaftServerConfigKeys (ConfUtils.java:logGet(46)) - raft.server.log.purge.gap = 1000000 (custom)
2023-06-23 00:37:34,486 [c45f7b2b-079b-4ce1-93e8-334248332cec-groupManagement] INFO  server.RaftServerConfigKeys (ConfUtils.java:logGet(46)) - raft.server.log.appender.buffer.byte-limit = 33554432 (custom)
2023-06-23 00:37:34,486 [c45f7b2b-079b-4ce1-93e8-334248332cec-groupManagement] INFO  server.RaftServerConfigKeys (ConfUtils.java:logGet(46)) - raft.server.log.statemachine.data.read.timeout = 1000ms (default)
2023-06-23 00:37:34,486 [c45f7b2b-079b-4ce1-93e8-334248332cec-groupManagement] INFO  server.RaftServerConfigKeys (ConfUtils.java:logGet(46)) - raft.server.log.purge.preservation.log.num = 0 (default)
2023-06-23 00:37:34,487 [EventQueue-PipelineReportForPipelineReportHandler] INFO  pipeline.PipelineManagerImpl (PipelineManagerImpl.java:openPipeline(367)) - Pipeline Pipeline[ Id: 983534e4-f3bd-4b6d-83b2-242d44b37e0a, Nodes: c45f7b2b-079b-4ce1-93e8-334248332cec(fv-az570-151.srgqcr2moziuvm0qev4lajleyh.dx.internal.cloudapp.net/10.1.0.47), ReplicationConfig: RATIS/ONE, State:ALLOCATED, leaderId:c45f7b2b-079b-4ce1-93e8-334248332cec, CreationTimestamp2023-06-23T00:37:31.475Z[Etc/UTC]] moved to OPEN state
2023-06-23 00:37:34,487 [c45f7b2b-079b-4ce1-93e8-334248332cec-groupManagement] INFO  server.RaftServerConfigKeys (ConfUtils.java:logGet(46)) - raft.server.log.segment.size.max = 1048576 (custom)
2023-06-23 00:37:34,487 [c45f7b2b-079b-4ce1-93e8-334248332cec-groupManagement] INFO  server.RaftServerConfigKeys (ConfUtils.java:logGet(46)) - raft.server.log.segment.cache.num.max = 2 (custom)
2023-06-23 00:37:34,488 [c45f7b2b-079b-4ce1-93e8-334248332cec-groupManagement] INFO  server.RaftServerConfigKeys (ConfUtils.java:logGet(46)) - raft.server.log.segment.cache.size.max = 200MB (=209715200) (default)
2023-06-23 00:37:34,488 [c45f7b2b-079b-4ce1-93e8-334248332cec-groupManagement] INFO  server.RaftServerConfigKeys (ConfUtils.java:logGet(46)) - raft.server.log.appender.buffer.byte-limit = 33554432 (custom)
2023-06-23 00:37:34,488 [c45f7b2b-079b-4ce1-93e8-334248332cec-groupManagement] INFO  segmented.SegmentedRaftLogWorker (SegmentedRaftLogWorker.java:<init>(188)) - new c45f7b2b-079b-4ce1-93e8-334248332cec@group-242D44B37E0A-SegmentedRaftLogWorker for RaftStorageImpl:Storage Directory /home/runner/work/ozone/ozone/hadoop-ozone/integration-test/target/test-dir/MiniOzoneClusterImpl-3c3985d8-3248-4f19-a32f-4442bec32466/datanode-6/data/ratis/983534e4-f3bd-4b6d-83b2-242d44b37e0a
2023-06-23 00:37:34,488 [c45f7b2b-079b-4ce1-93e8-334248332cec-groupManagement] INFO  server.RaftServerConfigKeys (ConfUtils.java:logGet(46)) - raft.server.log.queue.byte-limit = 4294967296 (custom)
2023-06-23 00:37:34,488 [c45f7b2b-079b-4ce1-93e8-334248332cec-groupManagement] INFO  server.RaftServerConfigKeys (ConfUtils.java:logGet(46)) - raft.server.log.queue.element-limit = 1024 (custom)
2023-06-23 00:37:34,488 [EventQueue-OpenPipelineForHealthyPipelineSafeModeRule] INFO  safemode.SCMSafeModeManager (HealthyPipelineSafeModeRule.java:process(137)) - SCM in safe mode. Healthy pipelines reported count is 0, required healthy pipeline reported count is 1
2023-06-23 00:37:34,488 [c45f7b2b-079b-4ce1-93e8-334248332cec-groupManagement] INFO  server.RaftServerConfigKeys (ConfUtils.java:logGet(46)) - raft.server.log.segment.size.max = 1048576 (custom)
2023-06-23 00:37:34,488 [c45f7b2b-079b-4ce1-93e8-334248332cec-groupManagement] INFO  server.RaftServerConfigKeys (ConfUtils.java:logGet(46)) - raft.server.log.preallocated.size = 16384 (custom)
2023-06-23 00:37:34,488 [c45f7b2b-079b-4ce1-93e8-334248332cec-groupManagement] INFO  server.RaftServerConfigKeys (ConfUtils.java:logGet(46)) - raft.server.log.force.sync.num = 128 (default)
2023-06-23 00:37:34,488 [c45f7b2b-079b-4ce1-93e8-334248332cec-groupManagement] INFO  server.RaftServerConfigKeys (ConfUtils.java:logGet(46)) - raft.server.log.statemachine.data.sync = true (default)
2023-06-23 00:37:34,488 [c45f7b2b-079b-4ce1-93e8-334248332cec-groupManagement] INFO  server.RaftServerConfigKeys (ConfUtils.java:logGet(46)) - raft.server.log.statemachine.data.sync.timeout = 10s (default)
2023-06-23 00:37:34,488 [c45f7b2b-079b-4ce1-93e8-334248332cec-groupManagement] INFO  server.RaftServerConfigKeys (ConfUtils.java:logGet(46)) - raft.server.log.statemachine.data.sync.timeout.retry = -1 (default)
2023-06-23 00:37:34,489 [c45f7b2b-079b-4ce1-93e8-334248332cec-groupManagement] INFO  server.RaftServerConfigKeys (ConfUtils.java:logGet(46)) - raft.server.log.write.buffer.size = 1048576 (custom)
2023-06-23 00:37:34,490 [c45f7b2b-079b-4ce1-93e8-334248332cec-groupManagement] INFO  server.RaftServerConfigKeys (ConfUtils.java:logGet(46)) - raft.server.log.appender.buffer.byte-limit = 33554432 (custom)
2023-06-23 00:37:34,495 [c45f7b2b-079b-4ce1-93e8-334248332cec-groupManagement] INFO  server.RaftServerConfigKeys (ConfUtils.java:logGet(46)) - raft.server.log.unsafe-flush.enabled = false (default)
2023-06-23 00:37:34,495 [c45f7b2b-079b-4ce1-93e8-334248332cec-groupManagement] INFO  server.RaftServerConfigKeys (ConfUtils.java:logGet(46)) - raft.server.log.async-flush.enabled = false (default)
2023-06-23 00:37:34,495 [c45f7b2b-079b-4ce1-93e8-334248332cec-groupManagement] INFO  server.RaftServerConfigKeys (ConfUtils.java:logGet(46)) - raft.server.log.statemachine.data.caching.enabled = true (custom)
2023-06-23 00:37:34,495 [c45f7b2b-079b-4ce1-93e8-334248332cec-groupManagement] INFO  segmented.SegmentedRaftLogWorker (SegmentedRaftLogWorker.java:lambda$new$0(135)) - c45f7b2b-079b-4ce1-93e8-334248332cec@group-242D44B37E0A-SegmentedRaftLogWorker: flushIndex: setUnconditionally 0 -> -1
2023-06-23 00:37:34,495 [c45f7b2b-079b-4ce1-93e8-334248332cec-groupManagement] INFO  segmented.SegmentedRaftLogWorker (SegmentedRaftLogWorker.java:lambda$new$0(135)) - c45f7b2b-079b-4ce1-93e8-334248332cec@group-242D44B37E0A-SegmentedRaftLogWorker: safeCacheEvictIndex: setUnconditionally 0 -> -1
2023-06-23 00:37:34,495 [c45f7b2b-079b-4ce1-93e8-334248332cec-groupManagement] INFO  server.RaftServer$Division (RaftServerImpl.java:start(342)) - c45f7b2b-079b-4ce1-93e8-334248332cec@group-242D44B37E0A: start as a follower, conf=-1: peers:[c45f7b2b-079b-4ce1-93e8-334248332cec|rpc:10.1.0.47:15068|admin:10.1.0.47:15067|client:10.1.0.47:15066|dataStream:10.1.0.47:15069|priority:1|startupRole:FOLLOWER]|listeners:[], old=null
2023-06-23 00:37:34,495 [c45f7b2b-079b-4ce1-93e8-334248332cec-groupManagement] INFO  server.RaftServer$Division (RaftServerImpl.java:setRole(329)) - c45f7b2b-079b-4ce1-93e8-334248332cec@group-242D44B37E0A: changes role from      null to FOLLOWER at term 0 for startAsFollower
2023-06-23 00:37:34,495 [c45f7b2b-079b-4ce1-93e8-334248332cec-groupManagement] INFO  impl.RoleInfo (RoleInfo.java:updateAndGet(139)) - c45f7b2b-079b-4ce1-93e8-334248332cec: start c45f7b2b-079b-4ce1-93e8-334248332cec@group-242D44B37E0A-FollowerState
2023-06-23 00:37:34,496 [c45f7b2b-079b-4ce1-93e8-334248332cec@group-242D44B37E0A-FollowerState] INFO  server.RaftServerConfigKeys (ConfUtils.java:logFallback(53)) - raft.server.rpc.first-election.timeout.min = 5s (fallback to raft.server.rpc.timeout.min)
2023-06-23 00:37:34,496 [c45f7b2b-079b-4ce1-93e8-334248332cec@group-242D44B37E0A-FollowerState] INFO  server.RaftServerConfigKeys (ConfUtils.java:logFallback(53)) - raft.server.rpc.first-election.timeout.max = 5200ms (fallback to raft.server.rpc.timeout.max)
2023-06-23 00:37:34,502 [c45f7b2b-079b-4ce1-93e8-334248332cec-groupManagement] INFO  util.JmxRegister (JmxRegister.java:tryRegister(44)) - Successfully registered JMX Bean with object name Ratis:service=RaftServer,group=group-242D44B37E0A,id=c45f7b2b-079b-4ce1-93e8-334248332cec
2023-06-23 00:37:34,502 [c45f7b2b-079b-4ce1-93e8-334248332cec-groupManagement] INFO  server.RaftServerConfigKeys (ConfUtils.java:logGet(46)) - raft.server.snapshot.auto.trigger.enabled = true (custom)
2023-06-23 00:37:34,503 [c45f7b2b-079b-4ce1-93e8-334248332cec-groupManagement] INFO  server.RaftServerConfigKeys (ConfUtils.java:logGet(46)) - raft.server.snapshot.auto.trigger.threshold = 10000 (custom)
2023-06-23 00:37:34,503 [c45f7b2b-079b-4ce1-93e8-334248332cec-groupManagement] INFO  server.RaftServerConfigKeys (ConfUtils.java:logGet(46)) - raft.server.snapshot.retention.file.num = 5 (custom)
2023-06-23 00:37:34,503 [c45f7b2b-079b-4ce1-93e8-334248332cec-groupManagement] INFO  server.RaftServerConfigKeys (ConfUtils.java:logGet(46)) - raft.server.log.purge.upto.snapshot.index = false (default)
2023-06-23 00:37:34,503 [PipelineCommandHandlerThread-0] INFO  ratis.XceiverServerRatis (XceiverServerRatis.java:addGroup(804)) - Created group PipelineID=983534e4-f3bd-4b6d-83b2-242d44b37e0a
2023-06-23 00:37:34,504 [PipelineCommandHandlerThread-0] INFO  commandhandler.CreatePipelineCommandHandler (CreatePipelineCommandHandler.java:lambda$handle$2(124)) - Created Pipeline RATIS ONE PipelineID=983534e4-f3bd-4b6d-83b2-242d44b37e0a.
2023-06-23 00:37:34,504 [PipelineCommandHandlerThread-0] INFO  server.RaftServer (RaftServerProxy.java:addNew(98)) - c45f7b2b-079b-4ce1-93e8-334248332cec: addNew group-6B7FBD454E14:[c45f7b2b-079b-4ce1-93e8-334248332cec|rpc:10.1.0.47:15068|admin:10.1.0.47:15067|client:10.1.0.47:15066|dataStream:10.1.0.47:15069|priority:1|startupRole:FOLLOWER, cdb7ea93-9969-4a2d-8fff-2d6ab6bce964|rpc:10.1.0.47:15077|admin:10.1.0.47:15076|client:10.1.0.47:15075|dataStream:10.1.0.47:15078|priority:0|startupRole:FOLLOWER, f07173a4-652e-46dc-b7ae-8cd05d01b793|rpc:10.1.0.47:15086|admin:10.1.0.47:15085|client:10.1.0.47:15084|dataStream:10.1.0.47:15087|priority:0|startupRole:FOLLOWER] returns group-6B7FBD454E14:java.util.concurrent.CompletableFuture@1f2f14d9[Not completed]
2023-06-23 00:37:34,513 [c45f7b2b-079b-4ce1-93e8-334248332cec-groupManagement] INFO  server.RaftServer$Division (RaftServerImpl.java:<init>(198)) - c45f7b2b-079b-4ce1-93e8-334248332cec: new RaftServerImpl for group-6B7FBD454E14:[c45f7b2b-079b-4ce1-93e8-334248332cec|rpc:10.1.0.47:15068|admin:10.1.0.47:15067|client:10.1.0.47:15066|dataStream:10.1.0.47:15069|priority:1|startupRole:FOLLOWER, cdb7ea93-9969-4a2d-8fff-2d6ab6bce964|rpc:10.1.0.47:15077|admin:10.1.0.47:15076|client:10.1.0.47:15075|dataStream:10.1.0.47:15078|priority:0|startupRole:FOLLOWER, f07173a4-652e-46dc-b7ae-8cd05d01b793|rpc:10.1.0.47:15086|admin:10.1.0.47:15085|client:10.1.0.47:15084|dataStream:10.1.0.47:15087|priority:0|startupRole:FOLLOWER] with ContainerStateMachine:uninitialized
2023-06-23 00:37:34,513 [c45f7b2b-079b-4ce1-93e8-334248332cec-groupManagement] INFO  server.RaftServerConfigKeys (ConfUtils.java:logGet(46)) - raft.server.rpc.timeout.min = 5s (custom)
2023-06-23 00:37:34,513 [c45f7b2b-079b-4ce1-93e8-334248332cec-groupManagement] INFO  server.RaftServerConfigKeys (ConfUtils.java:logGet(46)) - raft.server.rpc.timeout.max = 5200ms (custom)
2023-06-23 00:37:34,513 [c45f7b2b-079b-4ce1-93e8-334248332cec-groupManagement] INFO  server.RaftServerConfigKeys (ConfUtils.java:logGet(46)) - raft.server.rpc.sleep.time = 25ms (default)
2023-06-23 00:37:34,513 [c45f7b2b-079b-4ce1-93e8-334248332cec-groupManagement] INFO  server.RaftServerConfigKeys (ConfUtils.java:logGet(46)) - raft.server.rpc.slowness.timeout = 300s (custom)
2023-06-23 00:37:34,513 [c45f7b2b-079b-4ce1-93e8-334248332cec-groupManagement] INFO  server.RaftServerConfigKeys (ConfUtils.java:logGet(46)) - raft.server.leaderelection.leader.step-down.wait-time = 10s (default)
2023-06-23 00:37:34,513 [c45f7b2b-079b-4ce1-93e8-334248332cec-groupManagement] INFO  server.RaftServerConfigKeys (ConfUtils.java:logGet(46)) - raft.server.sleep.deviation.threshold = 300ms (default)
2023-06-23 00:37:34,513 [c45f7b2b-079b-4ce1-93e8-334248332cec-groupManagement] INFO  server.RaftServer$Division (ServerState.java:<init>(120)) - c45f7b2b-079b-4ce1-93e8-334248332cec@group-6B7FBD454E14: ConfigurationManager, init=-1: peers:[c45f7b2b-079b-4ce1-93e8-334248332cec|rpc:10.1.0.47:15068|admin:10.1.0.47:15067|client:10.1.0.47:15066|dataStream:10.1.0.47:15069|priority:1|startupRole:FOLLOWER, cdb7ea93-9969-4a2d-8fff-2d6ab6bce964|rpc:10.1.0.47:15077|admin:10.1.0.47:15076|client:10.1.0.47:15075|dataStream:10.1.0.47:15078|priority:0|startupRole:FOLLOWER, f07173a4-652e-46dc-b7ae-8cd05d01b793|rpc:10.1.0.47:15086|admin:10.1.0.47:15085|client:10.1.0.47:15084|dataStream:10.1.0.47:15087|priority:0|startupRole:FOLLOWER]|listeners:[], old=null, confs=<EMPTY_MAP>
2023-06-23 00:37:34,513 [c45f7b2b-079b-4ce1-93e8-334248332cec-groupManagement] INFO  server.RaftServerConfigKeys (ConfUtils.java:logGet(46)) - raft.server.storage.dir = [/home/runner/work/ozone/ozone/hadoop-ozone/integration-test/target/test-dir/MiniOzoneClusterImpl-3c3985d8-3248-4f19-a32f-4442bec32466/datanode-6/data/ratis] (custom)
2023-06-23 00:37:34,514 [c45f7b2b-079b-4ce1-93e8-334248332cec-groupManagement] INFO  server.RaftServerConfigKeys (ConfUtils.java:logGet(46)) - raft.server.log.corruption.policy = EXCEPTION (default)
2023-06-23 00:37:34,514 [c45f7b2b-079b-4ce1-93e8-334248332cec-groupManagement] INFO  server.RaftServerConfigKeys (ConfUtils.java:logGet(46)) - raft.server.storage.free-space.min = 0MB (=0) (default)
2023-06-23 00:37:34,514 [c45f7b2b-079b-4ce1-93e8-334248332cec-groupManagement] INFO  server.RaftServerConfigKeys (ConfUtils.java:logGet(46)) - raft.server.notification.no-leader.timeout = 300s (custom)
2023-06-23 00:37:34,514 [c45f7b2b-079b-4ce1-93e8-334248332cec-groupManagement] INFO  server.RaftServerConfigKeys (ConfUtils.java:logGet(46)) - raft.server.read.timeout = 10s (default)
2023-06-23 00:37:34,514 [c45f7b2b-079b-4ce1-93e8-334248332cec-groupManagement] INFO  server.RaftServerConfigKeys (ConfUtils.java:logGet(46)) - raft.server.retrycache.expirytime = 600000ms (custom)
2023-06-23 00:37:34,514 [c45f7b2b-079b-4ce1-93e8-334248332cec-groupManagement] INFO  server.RaftServerConfigKeys (ConfUtils.java:logGet(46)) - raft.server.retrycache.statistics.expirytime = 100μs (default)
2023-06-23 00:37:34,514 [c45f7b2b-079b-4ce1-93e8-334248332cec-groupManagement] INFO  server.RaftServerConfigKeys (ConfUtils.java:logGet(46)) - raft.server.read.option = DEFAULT (default)
2023-06-23 00:37:34,523 [c45f7b2b-079b-4ce1-93e8-334248332cec-groupManagement] INFO  server.RaftServerConfigKeys (ConfUtils.java:logGet(46)) - raft.server.rpc.request.timeout = 60s (custom)
2023-06-23 00:37:34,523 [c45f7b2b-079b-4ce1-93e8-334248332cec-groupManagement] INFO  server.RaftServerConfigKeys (ConfUtils.java:logGet(46)) - raft.server.log.appender.install.snapshot.enabled = false (custom)
2023-06-23 00:37:34,524 [c45f7b2b-079b-4ce1-93e8-334248332cec-groupManagement] INFO  server.RaftServerConfigKeys (ConfUtils.java:logGet(46)) - raft.server.threadpool.server.cached = true (default)
2023-06-23 00:37:34,524 [c45f7b2b-079b-4ce1-93e8-334248332cec-groupManagement] INFO  server.RaftServerConfigKeys (ConfUtils.java:logGet(46)) - raft.server.threadpool.server.size = 0 (default)
2023-06-23 00:37:34,524 [c45f7b2b-079b-4ce1-93e8-334248332cec-groupManagement] INFO  server.RaftServerConfigKeys (ConfUtils.java:logGet(46)) - raft.server.threadpool.client.cached = true (default)
2023-06-23 00:37:34,524 [c45f7b2b-079b-4ce1-93e8-334248332cec-groupManagement] INFO  server.RaftServerConfigKeys (ConfUtils.java:logGet(46)) - raft.server.threadpool.client.size = 0 (default)
2023-06-23 00:37:34,524 [c45f7b2b-079b-4ce1-93e8-334248332cec-groupManagement] INFO  storage.RaftStorageDirectory (RaftStorageDirectoryImpl.java:analyzeStorage(137)) - The storage directory /home/runner/work/ozone/ozone/hadoop-ozone/integration-test/target/test-dir/MiniOzoneClusterImpl-3c3985d8-3248-4f19-a32f-4442bec32466/datanode-6/data/ratis/f4db28d3-ab76-4b3a-8fe3-6b7fbd454e14 does not exist. Creating ...
2023-06-23 00:37:34,525 [c45f7b2b-079b-4ce1-93e8-334248332cec-groupManagement] INFO  storage.RaftStorageDirectory (RaftStorageDirectoryImpl.java:tryLock(231)) - Lock on /home/runner/work/ozone/ozone/hadoop-ozone/integration-test/target/test-dir/MiniOzoneClusterImpl-3c3985d8-3248-4f19-a32f-4442bec32466/datanode-6/data/ratis/f4db28d3-ab76-4b3a-8fe3-6b7fbd454e14/in_use.lock acquired by nodename 61456@fv-az570-151
2023-06-23 00:37:34,526 [c45f7b2b-079b-4ce1-93e8-334248332cec-groupManagement] INFO  storage.RaftStorage (RaftStorageImpl.java:format(96)) - Storage directory /home/runner/work/ozone/ozone/hadoop-ozone/integration-test/target/test-dir/MiniOzoneClusterImpl-3c3985d8-3248-4f19-a32f-4442bec32466/datanode-6/data/ratis/f4db28d3-ab76-4b3a-8fe3-6b7fbd454e14 has been successfully formatted.
2023-06-23 00:37:34,527 [c45f7b2b-079b-4ce1-93e8-334248332cec-groupManagement] INFO  ratis.ContainerStateMachine (ContainerStateMachine.java:loadSnapshot(262)) - group-6B7FBD454E14: The snapshot info is null. Setting the last applied indexto:(t:0, i:~)
2023-06-23 00:37:34,527 [c45f7b2b-079b-4ce1-93e8-334248332cec-groupManagement] INFO  server.RaftServerConfigKeys (ConfUtils.java:logGet(46)) - raft.server.log.use.memory = false (default)
2023-06-23 00:37:34,527 [c45f7b2b-079b-4ce1-93e8-334248332cec-groupManagement] INFO  server.RaftServerConfigKeys (ConfUtils.java:logGet(46)) - raft.server.log.purge.gap = 1000000 (custom)
2023-06-23 00:37:34,527 [c45f7b2b-079b-4ce1-93e8-334248332cec-groupManagement] INFO  server.RaftServerConfigKeys (ConfUtils.java:logGet(46)) - raft.server.log.appender.buffer.byte-limit = 33554432 (custom)
2023-06-23 00:37:34,527 [c45f7b2b-079b-4ce1-93e8-334248332cec-groupManagement] INFO  server.RaftServerConfigKeys (ConfUtils.java:logGet(46)) - raft.server.log.statemachine.data.read.timeout = 1000ms (default)
2023-06-23 00:37:34,527 [c45f7b2b-079b-4ce1-93e8-334248332cec-groupManagement] INFO  server.RaftServerConfigKeys (ConfUtils.java:logGet(46)) - raft.server.log.purge.preservation.log.num = 0 (default)
2023-06-23 00:37:34,527 [c45f7b2b-079b-4ce1-93e8-334248332cec-groupManagement] INFO  server.RaftServerConfigKeys (ConfUtils.java:logGet(46)) - raft.server.log.segment.size.max = 1048576 (custom)
2023-06-23 00:37:34,527 [c45f7b2b-079b-4ce1-93e8-334248332cec-groupManagement] INFO  server.RaftServerConfigKeys (ConfUtils.java:logGet(46)) - raft.server.log.segment.cache.num.max = 2 (custom)
2023-06-23 00:37:34,528 [c45f7b2b-079b-4ce1-93e8-334248332cec-groupManagement] INFO  server.RaftServerConfigKeys (ConfUtils.java:logGet(46)) - raft.server.log.segment.cache.size.max = 200MB (=209715200) (default)
2023-06-23 00:37:34,528 [c45f7b2b-079b-4ce1-93e8-334248332cec-groupManagement] INFO  server.RaftServerConfigKeys (ConfUtils.java:logGet(46)) - raft.server.log.appender.buffer.byte-limit = 33554432 (custom)
2023-06-23 00:37:34,528 [c45f7b2b-079b-4ce1-93e8-334248332cec-groupManagement] INFO  segmented.SegmentedRaftLogWorker (SegmentedRaftLogWorker.java:<init>(188)) - new c45f7b2b-079b-4ce1-93e8-334248332cec@group-6B7FBD454E14-SegmentedRaftLogWorker for RaftStorageImpl:Storage Directory /home/runner/work/ozone/ozone/hadoop-ozone/integration-test/target/test-dir/MiniOzoneClusterImpl-3c3985d8-3248-4f19-a32f-4442bec32466/datanode-6/data/ratis/f4db28d3-ab76-4b3a-8fe3-6b7fbd454e14
2023-06-23 00:37:34,528 [c45f7b2b-079b-4ce1-93e8-334248332cec-groupManagement] INFO  server.RaftServerConfigKeys (ConfUtils.java:logGet(46)) - raft.server.log.queue.byte-limit = 4294967296 (custom)
2023-06-23 00:37:34,528 [c45f7b2b-079b-4ce1-93e8-334248332cec-groupManagement] INFO  server.RaftServerConfigKeys (ConfUtils.java:logGet(46)) - raft.server.log.queue.element-limit = 1024 (custom)
2023-06-23 00:37:34,528 [c45f7b2b-079b-4ce1-93e8-334248332cec-groupManagement] INFO  server.RaftServerConfigKeys (ConfUtils.java:logGet(46)) - raft.server.log.segment.size.max = 1048576 (custom)
2023-06-23 00:37:34,528 [c45f7b2b-079b-4ce1-93e8-334248332cec-groupManagement] INFO  server.RaftServerConfigKeys (ConfUtils.java:logGet(46)) - raft.server.log.preallocated.size = 16384 (custom)
2023-06-23 00:37:34,528 [c45f7b2b-079b-4ce1-93e8-334248332cec-groupManagement] INFO  server.RaftServerConfigKeys (ConfUtils.java:logGet(46)) - raft.server.log.force.sync.num = 128 (default)
2023-06-23 00:37:34,528 [c45f7b2b-079b-4ce1-93e8-334248332cec-groupManagement] INFO  server.RaftServerConfigKeys (ConfUtils.java:logGet(46)) - raft.server.log.statemachine.data.sync = true (default)
2023-06-23 00:37:34,528 [c45f7b2b-079b-4ce1-93e8-334248332cec-groupManagement] INFO  server.RaftServerConfigKeys (ConfUtils.java:logGet(46)) - raft.server.log.statemachine.data.sync.timeout = 10s (default)
2023-06-23 00:37:34,528 [c45f7b2b-079b-4ce1-93e8-334248332cec-groupManagement] INFO  server.RaftServerConfigKeys (ConfUtils.java:logGet(46)) - raft.server.log.statemachine.data.sync.timeout.retry = -1 (default)
2023-06-23 00:37:34,529 [c45f7b2b-079b-4ce1-93e8-334248332cec-groupManagement] INFO  server.RaftServerConfigKeys (ConfUtils.java:logGet(46)) - raft.server.log.write.buffer.size = 1048576 (custom)
2023-06-23 00:37:34,529 [c45f7b2b-079b-4ce1-93e8-334248332cec-groupManagement] INFO  server.RaftServerConfigKeys (ConfUtils.java:logGet(46)) - raft.server.log.appender.buffer.byte-limit = 33554432 (custom)
2023-06-23 00:37:34,532 [EventQueue-OpenPipelineForHealthyPipelineSafeModeRule] INFO  safemode.SCMSafeModeManager (HealthyPipelineSafeModeRule.java:process(137)) - SCM in safe mode. Healthy pipelines reported count is 0, required healthy pipeline reported count is 1
2023-06-23 00:37:34,538 [c45f7b2b-079b-4ce1-93e8-334248332cec-groupManagement] INFO  server.RaftServerConfigKeys (ConfUtils.java:logGet(46)) - raft.server.log.unsafe-flush.enabled = false (default)
2023-06-23 00:37:34,540 [c45f7b2b-079b-4ce1-93e8-334248332cec-groupManagement] INFO  server.RaftServerConfigKeys (ConfUtils.java:logGet(46)) - raft.server.log.async-flush.enabled = false (default)
2023-06-23 00:37:34,540 [c45f7b2b-079b-4ce1-93e8-334248332cec-groupManagement] INFO  server.RaftServerConfigKeys (ConfUtils.java:logGet(46)) - raft.server.log.statemachine.data.caching.enabled = true (custom)
2023-06-23 00:37:34,541 [c45f7b2b-079b-4ce1-93e8-334248332cec-groupManagement] INFO  segmented.SegmentedRaftLogWorker (SegmentedRaftLogWorker.java:lambda$new$0(135)) - c45f7b2b-079b-4ce1-93e8-334248332cec@group-6B7FBD454E14-SegmentedRaftLogWorker: flushIndex: setUnconditionally 0 -> -1
2023-06-23 00:37:34,541 [c45f7b2b-079b-4ce1-93e8-334248332cec-groupManagement] INFO  segmented.SegmentedRaftLogWorker (SegmentedRaftLogWorker.java:lambda$new$0(135)) - c45f7b2b-079b-4ce1-93e8-334248332cec@group-6B7FBD454E14-SegmentedRaftLogWorker: safeCacheEvictIndex: setUnconditionally 0 -> -1
2023-06-23 00:37:34,541 [c45f7b2b-079b-4ce1-93e8-334248332cec-groupManagement] INFO  server.RaftServer$Division (RaftServerImpl.java:start(342)) - c45f7b2b-079b-4ce1-93e8-334248332cec@group-6B7FBD454E14: start as a follower, conf=-1: peers:[c45f7b2b-079b-4ce1-93e8-334248332cec|rpc:10.1.0.47:15068|admin:10.1.0.47:15067|client:10.1.0.47:15066|dataStream:10.1.0.47:15069|priority:1|startupRole:FOLLOWER, cdb7ea93-9969-4a2d-8fff-2d6ab6bce964|rpc:10.1.0.47:15077|admin:10.1.0.47:15076|client:10.1.0.47:15075|dataStream:10.1.0.47:15078|priority:0|startupRole:FOLLOWER, f07173a4-652e-46dc-b7ae-8cd05d01b793|rpc:10.1.0.47:15086|admin:10.1.0.47:15085|client:10.1.0.47:15084|dataStream:10.1.0.47:15087|priority:0|startupRole:FOLLOWER]|listeners:[], old=null
2023-06-23 00:37:34,541 [c45f7b2b-079b-4ce1-93e8-334248332cec-groupManagement] INFO  server.RaftServer$Division (RaftServerImpl.java:setRole(329)) - c45f7b2b-079b-4ce1-93e8-334248332cec@group-6B7FBD454E14: changes role from      null to FOLLOWER at term 0 for startAsFollower
2023-06-23 00:37:34,541 [c45f7b2b-079b-4ce1-93e8-334248332cec-groupManagement] INFO  impl.RoleInfo (RoleInfo.java:updateAndGet(139)) - c45f7b2b-079b-4ce1-93e8-334248332cec: start c45f7b2b-079b-4ce1-93e8-334248332cec@group-6B7FBD454E14-FollowerState
2023-06-23 00:37:34,541 [c45f7b2b-079b-4ce1-93e8-334248332cec-groupManagement] INFO  util.JmxRegister (JmxRegister.java:tryRegister(44)) - Successfully registered JMX Bean with object name Ratis:service=RaftServer,group=group-6B7FBD454E14,id=c45f7b2b-079b-4ce1-93e8-334248332cec
2023-06-23 00:37:34,542 [c45f7b2b-079b-4ce1-93e8-334248332cec-groupManagement] INFO  server.RaftServerConfigKeys (ConfUtils.java:logGet(46)) - raft.server.snapshot.auto.trigger.enabled = true (custom)
2023-06-23 00:37:34,542 [c45f7b2b-079b-4ce1-93e8-334248332cec-groupManagement] INFO  server.RaftServerConfigKeys (ConfUtils.java:logGet(46)) - raft.server.snapshot.auto.trigger.threshold = 10000 (custom)
2023-06-23 00:37:34,542 [c45f7b2b-079b-4ce1-93e8-334248332cec-groupManagement] INFO  server.RaftServerConfigKeys (ConfUtils.java:logGet(46)) - raft.server.snapshot.retention.file.num = 5 (custom)
2023-06-23 00:37:34,542 [c45f7b2b-079b-4ce1-93e8-334248332cec-groupManagement] INFO  server.RaftServerConfigKeys (ConfUtils.java:logGet(46)) - raft.server.log.purge.upto.snapshot.index = false (default)
2023-06-23 00:37:34,542 [c45f7b2b-079b-4ce1-93e8-334248332cec@group-6B7FBD454E14-FollowerState] INFO  server.RaftServerConfigKeys (ConfUtils.java:logFallback(53)) - raft.server.rpc.first-election.timeout.min = 5s (fallback to raft.server.rpc.timeout.min)
2023-06-23 00:37:34,542 [c45f7b2b-079b-4ce1-93e8-334248332cec@group-6B7FBD454E14-FollowerState] INFO  server.RaftServerConfigKeys (ConfUtils.java:logFallback(53)) - raft.server.rpc.first-election.timeout.max = 5200ms (fallback to raft.server.rpc.timeout.max)
2023-06-23 00:37:34,543 [PipelineCommandHandlerThread-0] INFO  ratis.XceiverServerRatis (XceiverServerRatis.java:addGroup(804)) - Created group PipelineID=f4db28d3-ab76-4b3a-8fe3-6b7fbd454e14
2023-06-23 00:37:34,560 [grpc-default-executor-0] INFO  server.RaftServer (RaftServerProxy.java:addNew(98)) - cdb7ea93-9969-4a2d-8fff-2d6ab6bce964: addNew group-6B7FBD454E14:[c45f7b2b-079b-4ce1-93e8-334248332cec|rpc:10.1.0.47:15068|admin:10.1.0.47:15067|client:10.1.0.47:15066|dataStream:10.1.0.47:15069|priority:1|startupRole:FOLLOWER, cdb7ea93-9969-4a2d-8fff-2d6ab6bce964|rpc:10.1.0.47:15077|admin:10.1.0.47:15076|client:10.1.0.47:15075|dataStream:10.1.0.47:15078|priority:0|startupRole:FOLLOWER, f07173a4-652e-46dc-b7ae-8cd05d01b793|rpc:10.1.0.47:15086|admin:10.1.0.47:15085|client:10.1.0.47:15084|dataStream:10.1.0.47:15087|priority:0|startupRole:FOLLOWER] returns group-6B7FBD454E14:java.util.concurrent.CompletableFuture@4d8f3674[Not completed]
2023-06-23 00:37:34,561 [cdb7ea93-9969-4a2d-8fff-2d6ab6bce964-groupManagement] INFO  server.RaftServer$Division (RaftServerImpl.java:<init>(198)) - cdb7ea93-9969-4a2d-8fff-2d6ab6bce964: new RaftServerImpl for group-6B7FBD454E14:[c45f7b2b-079b-4ce1-93e8-334248332cec|rpc:10.1.0.47:15068|admin:10.1.0.47:15067|client:10.1.0.47:15066|dataStream:10.1.0.47:15069|priority:1|startupRole:FOLLOWER, cdb7ea93-9969-4a2d-8fff-2d6ab6bce964|rpc:10.1.0.47:15077|admin:10.1.0.47:15076|client:10.1.0.47:15075|dataStream:10.1.0.47:15078|priority:0|startupRole:FOLLOWER, f07173a4-652e-46dc-b7ae-8cd05d01b793|rpc:10.1.0.47:15086|admin:10.1.0.47:15085|client:10.1.0.47:15084|dataStream:10.1.0.47:15087|priority:0|startupRole:FOLLOWER] with ContainerStateMachine:uninitialized
2023-06-23 00:37:34,561 [cdb7ea93-9969-4a2d-8fff-2d6ab6bce964-groupManagement] INFO  server.RaftServerConfigKeys (ConfUtils.java:logGet(46)) - raft.server.rpc.timeout.min = 5s (custom)
2023-06-23 00:37:34,561 [cdb7ea93-9969-4a2d-8fff-2d6ab6bce964-groupManagement] INFO  server.RaftServerConfigKeys (ConfUtils.java:logGet(46)) - raft.server.rpc.timeout.max = 5200ms (custom)
2023-06-23 00:37:34,561 [cdb7ea93-9969-4a2d-8fff-2d6ab6bce964-groupManagement] INFO  server.RaftServerConfigKeys (ConfUtils.java:logGet(46)) - raft.server.rpc.sleep.time = 25ms (default)
2023-06-23 00:37:34,561 [cdb7ea93-9969-4a2d-8fff-2d6ab6bce964-groupManagement] INFO  server.RaftServerConfigKeys (ConfUtils.java:logGet(46)) - raft.server.rpc.slowness.timeout = 300s (custom)
2023-06-23 00:37:34,562 [cdb7ea93-9969-4a2d-8fff-2d6ab6bce964-groupManagement] INFO  server.RaftServerConfigKeys (ConfUtils.java:logGet(46)) - raft.server.leaderelection.leader.step-down.wait-time = 10s (default)
2023-06-23 00:37:34,562 [cdb7ea93-9969-4a2d-8fff-2d6ab6bce964-groupManagement] INFO  server.RaftServerConfigKeys (ConfUtils.java:logGet(46)) - raft.server.sleep.deviation.threshold = 300ms (default)
2023-06-23 00:37:34,562 [cdb7ea93-9969-4a2d-8fff-2d6ab6bce964-groupManagement] INFO  server.RaftServer$Division (ServerState.java:<init>(120)) - cdb7ea93-9969-4a2d-8fff-2d6ab6bce964@group-6B7FBD454E14: ConfigurationManager, init=-1: peers:[c45f7b2b-079b-4ce1-93e8-334248332cec|rpc:10.1.0.47:15068|admin:10.1.0.47:15067|client:10.1.0.47:15066|dataStream:10.1.0.47:15069|priority:1|startupRole:FOLLOWER, cdb7ea93-9969-4a2d-8fff-2d6ab6bce964|rpc:10.1.0.47:15077|admin:10.1.0.47:15076|client:10.1.0.47:15075|dataStream:10.1.0.47:15078|priority:0|startupRole:FOLLOWER, f07173a4-652e-46dc-b7ae-8cd05d01b793|rpc:10.1.0.47:15086|admin:10.1.0.47:15085|client:10.1.0.47:15084|dataStream:10.1.0.47:15087|priority:0|startupRole:FOLLOWER]|listeners:[], old=null, confs=<EMPTY_MAP>
2023-06-23 00:37:34,562 [cdb7ea93-9969-4a2d-8fff-2d6ab6bce964-groupManagement] INFO  server.RaftServerConfigKeys (ConfUtils.java:logGet(46)) - raft.server.storage.dir = [/home/runner/work/ozone/ozone/hadoop-ozone/integration-test/target/test-dir/MiniOzoneClusterImpl-3c3985d8-3248-4f19-a32f-4442bec32466/datanode-7/data/ratis] (custom)
2023-06-23 00:37:34,562 [cdb7ea93-9969-4a2d-8fff-2d6ab6bce964-groupManagement] INFO  server.RaftServerConfigKeys (ConfUtils.java:logGet(46)) - raft.server.log.corruption.policy = EXCEPTION (default)
2023-06-23 00:37:34,562 [cdb7ea93-9969-4a2d-8fff-2d6ab6bce964-groupManagement] INFO  server.RaftServerConfigKeys (ConfUtils.java:logGet(46)) - raft.server.storage.free-space.min = 0MB (=0) (default)
2023-06-23 00:37:34,562 [cdb7ea93-9969-4a2d-8fff-2d6ab6bce964-groupManagement] INFO  server.RaftServerConfigKeys (ConfUtils.java:logGet(46)) - raft.server.notification.no-leader.timeout = 300s (custom)
2023-06-23 00:37:34,562 [cdb7ea93-9969-4a2d-8fff-2d6ab6bce964-groupManagement] INFO  server.RaftServerConfigKeys (ConfUtils.java:logGet(46)) - raft.server.read.timeout = 10s (default)
2023-06-23 00:37:34,562 [cdb7ea93-9969-4a2d-8fff-2d6ab6bce964-groupManagement] INFO  server.RaftServerConfigKeys (ConfUtils.java:logGet(46)) - raft.server.retrycache.expirytime = 600000ms (custom)
2023-06-23 00:37:34,562 [cdb7ea93-9969-4a2d-8fff-2d6ab6bce964-groupManagement] INFO  server.RaftServerConfigKeys (ConfUtils.java:logGet(46)) - raft.server.retrycache.statistics.expirytime = 100μs (default)
2023-06-23 00:37:34,563 [cdb7ea93-9969-4a2d-8fff-2d6ab6bce964-groupManagement] INFO  server.RaftServerConfigKeys (ConfUtils.java:logGet(46)) - raft.server.read.option = DEFAULT (default)
2023-06-23 00:37:34,565 [cdb7ea93-9969-4a2d-8fff-2d6ab6bce964-groupManagement] INFO  server.RaftServerConfigKeys (ConfUtils.java:logGet(46)) - raft.server.rpc.request.timeout = 60s (custom)
2023-06-23 00:37:34,565 [cdb7ea93-9969-4a2d-8fff-2d6ab6bce964-groupManagement] INFO  server.RaftServerConfigKeys (ConfUtils.java:logGet(46)) - raft.server.log.appender.install.snapshot.enabled = false (custom)
2023-06-23 00:37:34,565 [cdb7ea93-9969-4a2d-8fff-2d6ab6bce964-groupManagement] INFO  server.RaftServerConfigKeys (ConfUtils.java:logGet(46)) - raft.server.threadpool.server.cached = true (default)
2023-06-23 00:37:34,565 [cdb7ea93-9969-4a2d-8fff-2d6ab6bce964-groupManagement] INFO  server.RaftServerConfigKeys (ConfUtils.java:logGet(46)) - raft.server.threadpool.server.size = 0 (default)
2023-06-23 00:37:34,565 [cdb7ea93-9969-4a2d-8fff-2d6ab6bce964-groupManagement] INFO  server.RaftServerConfigKeys (ConfUtils.java:logGet(46)) - raft.server.threadpool.client.cached = true (default)
2023-06-23 00:37:34,565 [cdb7ea93-9969-4a2d-8fff-2d6ab6bce964-groupManagement] INFO  server.RaftServerConfigKeys (ConfUtils.java:logGet(46)) - raft.server.threadpool.client.size = 0 (default)
2023-06-23 00:37:34,565 [cdb7ea93-9969-4a2d-8fff-2d6ab6bce964-groupManagement] INFO  storage.RaftStorageDirectory (RaftStorageDirectoryImpl.java:analyzeStorage(137)) - The storage directory /home/runner/work/ozone/ozone/hadoop-ozone/integration-test/target/test-dir/MiniOzoneClusterImpl-3c3985d8-3248-4f19-a32f-4442bec32466/datanode-7/data/ratis/f4db28d3-ab76-4b3a-8fe3-6b7fbd454e14 does not exist. Creating ...
2023-06-23 00:37:34,566 [cdb7ea93-9969-4a2d-8fff-2d6ab6bce964-groupManagement] INFO  storage.RaftStorageDirectory (RaftStorageDirectoryImpl.java:tryLock(231)) - Lock on /home/runner/work/ozone/ozone/hadoop-ozone/integration-test/target/test-dir/MiniOzoneClusterImpl-3c3985d8-3248-4f19-a32f-4442bec32466/datanode-7/data/ratis/f4db28d3-ab76-4b3a-8fe3-6b7fbd454e14/in_use.lock acquired by nodename 61456@fv-az570-151
2023-06-23 00:37:34,567 [cdb7ea93-9969-4a2d-8fff-2d6ab6bce964-groupManagement] INFO  storage.RaftStorage (RaftStorageImpl.java:format(96)) - Storage directory /home/runner/work/ozone/ozone/hadoop-ozone/integration-test/target/test-dir/MiniOzoneClusterImpl-3c3985d8-3248-4f19-a32f-4442bec32466/datanode-7/data/ratis/f4db28d3-ab76-4b3a-8fe3-6b7fbd454e14 has been successfully formatted.
2023-06-23 00:37:34,568 [cdb7ea93-9969-4a2d-8fff-2d6ab6bce964-groupManagement] INFO  ratis.ContainerStateMachine (ContainerStateMachine.java:loadSnapshot(262)) - group-6B7FBD454E14: The snapshot info is null. Setting the last applied indexto:(t:0, i:~)
2023-06-23 00:37:34,570 [cdb7ea93-9969-4a2d-8fff-2d6ab6bce964-groupManagement] INFO  server.RaftServerConfigKeys (ConfUtils.java:logGet(46)) - raft.server.log.use.memory = false (default)
2023-06-23 00:37:34,570 [cdb7ea93-9969-4a2d-8fff-2d6ab6bce964-groupManagement] INFO  server.RaftServerConfigKeys (ConfUtils.java:logGet(46)) - raft.server.log.purge.gap = 1000000 (custom)
2023-06-23 00:37:34,571 [cdb7ea93-9969-4a2d-8fff-2d6ab6bce964-groupManagement] INFO  server.RaftServerConfigKeys (ConfUtils.java:logGet(46)) - raft.server.log.appender.buffer.byte-limit = 33554432 (custom)
2023-06-23 00:37:34,571 [cdb7ea93-9969-4a2d-8fff-2d6ab6bce964-groupManagement] INFO  server.RaftServerConfigKeys (ConfUtils.java:logGet(46)) - raft.server.log.statemachine.data.read.timeout = 1000ms (default)
2023-06-23 00:37:34,571 [cdb7ea93-9969-4a2d-8fff-2d6ab6bce964-groupManagement] INFO  server.RaftServerConfigKeys (ConfUtils.java:logGet(46)) - raft.server.log.purge.preservation.log.num = 0 (default)
2023-06-23 00:37:34,571 [cdb7ea93-9969-4a2d-8fff-2d6ab6bce964-groupManagement] INFO  server.RaftServerConfigKeys (ConfUtils.java:logGet(46)) - raft.server.log.segment.size.max = 1048576 (custom)
2023-06-23 00:37:34,571 [cdb7ea93-9969-4a2d-8fff-2d6ab6bce964-groupManagement] INFO  server.RaftServerConfigKeys (ConfUtils.java:logGet(46)) - raft.server.log.segment.cache.num.max = 2 (custom)
2023-06-23 00:37:34,571 [cdb7ea93-9969-4a2d-8fff-2d6ab6bce964-groupManagement] INFO  server.RaftServerConfigKeys (ConfUtils.java:logGet(46)) - raft.server.log.segment.cache.size.max = 200MB (=209715200) (default)
2023-06-23 00:37:34,571 [cdb7ea93-9969-4a2d-8fff-2d6ab6bce964-groupManagement] INFO  server.RaftServerConfigKeys (ConfUtils.java:logGet(46)) - raft.server.log.appender.buffer.byte-limit = 33554432 (custom)
2023-06-23 00:37:34,571 [cdb7ea93-9969-4a2d-8fff-2d6ab6bce964-groupManagement] INFO  segmented.SegmentedRaftLogWorker (SegmentedRaftLogWorker.java:<init>(188)) - new cdb7ea93-9969-4a2d-8fff-2d6ab6bce964@group-6B7FBD454E14-SegmentedRaftLogWorker for RaftStorageImpl:Storage Directory /home/runner/work/ozone/ozone/hadoop-ozone/integration-test/target/test-dir/MiniOzoneClusterImpl-3c3985d8-3248-4f19-a32f-4442bec32466/datanode-7/data/ratis/f4db28d3-ab76-4b3a-8fe3-6b7fbd454e14
2023-06-23 00:37:34,571 [cdb7ea93-9969-4a2d-8fff-2d6ab6bce964-groupManagement] INFO  server.RaftServerConfigKeys (ConfUtils.java:logGet(46)) - raft.server.log.queue.byte-limit = 4294967296 (custom)
2023-06-23 00:37:34,571 [cdb7ea93-9969-4a2d-8fff-2d6ab6bce964-groupManagement] INFO  server.RaftServerConfigKeys (ConfUtils.java:logGet(46)) - raft.server.log.queue.element-limit = 1024 (custom)
2023-06-23 00:37:34,571 [cdb7ea93-9969-4a2d-8fff-2d6ab6bce964-groupManagement] INFO  server.RaftServerConfigKeys (ConfUtils.java:logGet(46)) - raft.server.log.segment.size.max = 1048576 (custom)
2023-06-23 00:37:34,571 [cdb7ea93-9969-4a2d-8fff-2d6ab6bce964-groupManagement] INFO  server.RaftServerConfigKeys (ConfUtils.java:logGet(46)) - raft.server.log.preallocated.size = 16384 (custom)
2023-06-23 00:37:34,571 [cdb7ea93-9969-4a2d-8fff-2d6ab6bce964-groupManagement] INFO  server.RaftServerConfigKeys (ConfUtils.java:logGet(46)) - raft.server.log.force.sync.num = 128 (default)
2023-06-23 00:37:34,572 [cdb7ea93-9969-4a2d-8fff-2d6ab6bce964-groupManagement] INFO  server.RaftServerConfigKeys (ConfUtils.java:logGet(46)) - raft.server.log.statemachine.data.sync = true (default)
2023-06-23 00:37:34,572 [cdb7ea93-9969-4a2d-8fff-2d6ab6bce964-groupManagement] INFO  server.RaftServerConfigKeys (ConfUtils.java:logGet(46)) - raft.server.log.statemachine.data.sync.timeout = 10s (default)
2023-06-23 00:37:34,572 [cdb7ea93-9969-4a2d-8fff-2d6ab6bce964-groupManagement] INFO  server.RaftServerConfigKeys (ConfUtils.java:logGet(46)) - raft.server.log.statemachine.data.sync.timeout.retry = -1 (default)
2023-06-23 00:37:34,572 [cdb7ea93-9969-4a2d-8fff-2d6ab6bce964-groupManagement] INFO  server.RaftServerConfigKeys (ConfUtils.java:logGet(46)) - raft.server.log.write.buffer.size = 1048576 (custom)
2023-06-23 00:37:34,573 [cdb7ea93-9969-4a2d-8fff-2d6ab6bce964-groupManagement] INFO  server.RaftServerConfigKeys (ConfUtils.java:logGet(46)) - raft.server.log.appender.buffer.byte-limit = 33554432 (custom)
2023-06-23 00:37:34,577 [cdb7ea93-9969-4a2d-8fff-2d6ab6bce964-groupManagement] INFO  server.RaftServerConfigKeys (ConfUtils.java:logGet(46)) - raft.server.log.unsafe-flush.enabled = false (default)
2023-06-23 00:37:34,577 [cdb7ea93-9969-4a2d-8fff-2d6ab6bce964-groupManagement] INFO  server.RaftServerConfigKeys (ConfUtils.java:logGet(46)) - raft.server.log.async-flush.enabled = false (default)
2023-06-23 00:37:34,577 [cdb7ea93-9969-4a2d-8fff-2d6ab6bce964-groupManagement] INFO  server.RaftServerConfigKeys (ConfUtils.java:logGet(46)) - raft.server.log.statemachine.data.caching.enabled = true (custom)
2023-06-23 00:37:34,578 [cdb7ea93-9969-4a2d-8fff-2d6ab6bce964-groupManagement] INFO  segmented.SegmentedRaftLogWorker (SegmentedRaftLogWorker.java:lambda$new$0(135)) - cdb7ea93-9969-4a2d-8fff-2d6ab6bce964@group-6B7FBD454E14-SegmentedRaftLogWorker: flushIndex: setUnconditionally 0 -> -1
2023-06-23 00:37:34,578 [cdb7ea93-9969-4a2d-8fff-2d6ab6bce964-groupManagement] INFO  segmented.SegmentedRaftLogWorker (SegmentedRaftLogWorker.java:lambda$new$0(135)) - cdb7ea93-9969-4a2d-8fff-2d6ab6bce964@group-6B7FBD454E14-SegmentedRaftLogWorker: safeCacheEvictIndex: setUnconditionally 0 -> -1
2023-06-23 00:37:34,578 [cdb7ea93-9969-4a2d-8fff-2d6ab6bce964-groupManagement] INFO  server.RaftServer$Division (RaftServerImpl.java:start(342)) - cdb7ea93-9969-4a2d-8fff-2d6ab6bce964@group-6B7FBD454E14: start as a follower, conf=-1: peers:[c45f7b2b-079b-4ce1-93e8-334248332cec|rpc:10.1.0.47:15068|admin:10.1.0.47:15067|client:10.1.0.47:15066|dataStream:10.1.0.47:15069|priority:1|startupRole:FOLLOWER, cdb7ea93-9969-4a2d-8fff-2d6ab6bce964|rpc:10.1.0.47:15077|admin:10.1.0.47:15076|client:10.1.0.47:15075|dataStream:10.1.0.47:15078|priority:0|startupRole:FOLLOWER, f07173a4-652e-46dc-b7ae-8cd05d01b793|rpc:10.1.0.47:15086|admin:10.1.0.47:15085|client:10.1.0.47:15084|dataStream:10.1.0.47:15087|priority:0|startupRole:FOLLOWER]|listeners:[], old=null
2023-06-23 00:37:34,578 [cdb7ea93-9969-4a2d-8fff-2d6ab6bce964-groupManagement] INFO  server.RaftServer$Division (RaftServerImpl.java:setRole(329)) - cdb7ea93-9969-4a2d-8fff-2d6ab6bce964@group-6B7FBD454E14: changes role from      null to FOLLOWER at term 0 for startAsFollower
2023-06-23 00:37:34,578 [cdb7ea93-9969-4a2d-8fff-2d6ab6bce964-groupManagement] INFO  impl.RoleInfo (RoleInfo.java:updateAndGet(139)) - cdb7ea93-9969-4a2d-8fff-2d6ab6bce964: start cdb7ea93-9969-4a2d-8fff-2d6ab6bce964@group-6B7FBD454E14-FollowerState
2023-06-23 00:37:34,581 [cdb7ea93-9969-4a2d-8fff-2d6ab6bce964-groupManagement] INFO  util.JmxRegister (JmxRegister.java:tryRegister(44)) - Successfully registered JMX Bean with object name Ratis:service=RaftServer,group=group-6B7FBD454E14,id=cdb7ea93-9969-4a2d-8fff-2d6ab6bce964
2023-06-23 00:37:34,582 [cdb7ea93-9969-4a2d-8fff-2d6ab6bce964-groupManagement] INFO  server.RaftServerConfigKeys (ConfUtils.java:logGet(46)) - raft.server.snapshot.auto.trigger.enabled = true (custom)
2023-06-23 00:37:34,582 [cdb7ea93-9969-4a2d-8fff-2d6ab6bce964-groupManagement] INFO  server.RaftServerConfigKeys (ConfUtils.java:logGet(46)) - raft.server.snapshot.auto.trigger.threshold = 10000 (custom)
2023-06-23 00:37:34,582 [cdb7ea93-9969-4a2d-8fff-2d6ab6bce964-groupManagement] INFO  server.RaftServerConfigKeys (ConfUtils.java:logGet(46)) - raft.server.snapshot.retention.file.num = 5 (custom)
2023-06-23 00:37:34,582 [cdb7ea93-9969-4a2d-8fff-2d6ab6bce964-groupManagement] INFO  server.RaftServerConfigKeys (ConfUtils.java:logGet(46)) - raft.server.log.purge.upto.snapshot.index = false (default)
2023-06-23 00:37:34,582 [cdb7ea93-9969-4a2d-8fff-2d6ab6bce964@group-6B7FBD454E14-FollowerState] INFO  server.RaftServerConfigKeys (ConfUtils.java:logFallback(53)) - raft.server.rpc.first-election.timeout.min = 5s (fallback to raft.server.rpc.timeout.min)
2023-06-23 00:37:34,582 [cdb7ea93-9969-4a2d-8fff-2d6ab6bce964@group-6B7FBD454E14-FollowerState] INFO  server.RaftServerConfigKeys (ConfUtils.java:logFallback(53)) - raft.server.rpc.first-election.timeout.max = 5200ms (fallback to raft.server.rpc.timeout.max)
2023-06-23 00:37:34,608 [grpc-default-executor-0] INFO  server.RaftServer (RaftServerProxy.java:addNew(98)) - f07173a4-652e-46dc-b7ae-8cd05d01b793: addNew group-6B7FBD454E14:[c45f7b2b-079b-4ce1-93e8-334248332cec|rpc:10.1.0.47:15068|admin:10.1.0.47:15067|client:10.1.0.47:15066|dataStream:10.1.0.47:15069|priority:1|startupRole:FOLLOWER, cdb7ea93-9969-4a2d-8fff-2d6ab6bce964|rpc:10.1.0.47:15077|admin:10.1.0.47:15076|client:10.1.0.47:15075|dataStream:10.1.0.47:15078|priority:0|startupRole:FOLLOWER, f07173a4-652e-46dc-b7ae-8cd05d01b793|rpc:10.1.0.47:15086|admin:10.1.0.47:15085|client:10.1.0.47:15084|dataStream:10.1.0.47:15087|priority:0|startupRole:FOLLOWER] returns group-6B7FBD454E14:java.util.concurrent.CompletableFuture@286a6493[Not completed]
2023-06-23 00:37:34,612 [f07173a4-652e-46dc-b7ae-8cd05d01b793-groupManagement] INFO  server.RaftServer$Division (RaftServerImpl.java:<init>(198)) - f07173a4-652e-46dc-b7ae-8cd05d01b793: new RaftServerImpl for group-6B7FBD454E14:[c45f7b2b-079b-4ce1-93e8-334248332cec|rpc:10.1.0.47:15068|admin:10.1.0.47:15067|client:10.1.0.47:15066|dataStream:10.1.0.47:15069|priority:1|startupRole:FOLLOWER, cdb7ea93-9969-4a2d-8fff-2d6ab6bce964|rpc:10.1.0.47:15077|admin:10.1.0.47:15076|client:10.1.0.47:15075|dataStream:10.1.0.47:15078|priority:0|startupRole:FOLLOWER, f07173a4-652e-46dc-b7ae-8cd05d01b793|rpc:10.1.0.47:15086|admin:10.1.0.47:15085|client:10.1.0.47:15084|dataStream:10.1.0.47:15087|priority:0|startupRole:FOLLOWER] with ContainerStateMachine:uninitialized
2023-06-23 00:37:34,612 [f07173a4-652e-46dc-b7ae-8cd05d01b793-groupManagement] INFO  server.RaftServerConfigKeys (ConfUtils.java:logGet(46)) - raft.server.rpc.timeout.min = 5s (custom)
2023-06-23 00:37:34,612 [f07173a4-652e-46dc-b7ae-8cd05d01b793-groupManagement] INFO  server.RaftServerConfigKeys (ConfUtils.java:logGet(46)) - raft.server.rpc.timeout.max = 5200ms (custom)
2023-06-23 00:37:34,612 [f07173a4-652e-46dc-b7ae-8cd05d01b793-groupManagement] INFO  server.RaftServerConfigKeys (ConfUtils.java:logGet(46)) - raft.server.rpc.sleep.time = 25ms (default)
2023-06-23 00:37:34,612 [f07173a4-652e-46dc-b7ae-8cd05d01b793-groupManagement] INFO  server.RaftServerConfigKeys (ConfUtils.java:logGet(46)) - raft.server.rpc.slowness.timeout = 300s (custom)
2023-06-23 00:37:34,612 [f07173a4-652e-46dc-b7ae-8cd05d01b793-groupManagement] INFO  server.RaftServerConfigKeys (ConfUtils.java:logGet(46)) - raft.server.leaderelection.leader.step-down.wait-time = 10s (default)
2023-06-23 00:37:34,612 [f07173a4-652e-46dc-b7ae-8cd05d01b793-groupManagement] INFO  server.RaftServerConfigKeys (ConfUtils.java:logGet(46)) - raft.server.sleep.deviation.threshold = 300ms (default)
2023-06-23 00:37:34,612 [f07173a4-652e-46dc-b7ae-8cd05d01b793-groupManagement] INFO  server.RaftServer$Division (ServerState.java:<init>(120)) - f07173a4-652e-46dc-b7ae-8cd05d01b793@group-6B7FBD454E14: ConfigurationManager, init=-1: peers:[c45f7b2b-079b-4ce1-93e8-334248332cec|rpc:10.1.0.47:15068|admin:10.1.0.47:15067|client:10.1.0.47:15066|dataStream:10.1.0.47:15069|priority:1|startupRole:FOLLOWER, cdb7ea93-9969-4a2d-8fff-2d6ab6bce964|rpc:10.1.0.47:15077|admin:10.1.0.47:15076|client:10.1.0.47:15075|dataStream:10.1.0.47:15078|priority:0|startupRole:FOLLOWER, f07173a4-652e-46dc-b7ae-8cd05d01b793|rpc:10.1.0.47:15086|admin:10.1.0.47:15085|client:10.1.0.47:15084|dataStream:10.1.0.47:15087|priority:0|startupRole:FOLLOWER]|listeners:[], old=null, confs=<EMPTY_MAP>
2023-06-23 00:37:34,612 [f07173a4-652e-46dc-b7ae-8cd05d01b793-groupManagement] INFO  server.RaftServerConfigKeys (ConfUtils.java:logGet(46)) - raft.server.storage.dir = [/home/runner/work/ozone/ozone/hadoop-ozone/integration-test/target/test-dir/MiniOzoneClusterImpl-3c3985d8-3248-4f19-a32f-4442bec32466/datanode-8/data/ratis] (custom)
2023-06-23 00:37:34,613 [f07173a4-652e-46dc-b7ae-8cd05d01b793-groupManagement] INFO  server.RaftServerConfigKeys (ConfUtils.java:logGet(46)) - raft.server.log.corruption.policy = EXCEPTION (default)
2023-06-23 00:37:34,613 [f07173a4-652e-46dc-b7ae-8cd05d01b793-groupManagement] INFO  server.RaftServerConfigKeys (ConfUtils.java:logGet(46)) - raft.server.storage.free-space.min = 0MB (=0) (default)
2023-06-23 00:37:34,613 [f07173a4-652e-46dc-b7ae-8cd05d01b793-groupManagement] INFO  server.RaftServerConfigKeys (ConfUtils.java:logGet(46)) - raft.server.notification.no-leader.timeout = 300s (custom)
2023-06-23 00:37:34,613 [f07173a4-652e-46dc-b7ae-8cd05d01b793-groupManagement] INFO  server.RaftServerConfigKeys (ConfUtils.java:logGet(46)) - raft.server.read.timeout = 10s (default)
2023-06-23 00:37:34,613 [f07173a4-652e-46dc-b7ae-8cd05d01b793-groupManagement] INFO  server.RaftServerConfigKeys (ConfUtils.java:logGet(46)) - raft.server.retrycache.expirytime = 600000ms (custom)
2023-06-23 00:37:34,613 [f07173a4-652e-46dc-b7ae-8cd05d01b793-groupManagement] INFO  server.RaftServerConfigKeys (ConfUtils.java:logGet(46)) - raft.server.retrycache.statistics.expirytime = 100μs (default)
2023-06-23 00:37:34,613 [f07173a4-652e-46dc-b7ae-8cd05d01b793-groupManagement] INFO  server.RaftServerConfigKeys (ConfUtils.java:logGet(46)) - raft.server.read.option = DEFAULT (default)
2023-06-23 00:37:34,615 [f07173a4-652e-46dc-b7ae-8cd05d01b793-groupManagement] INFO  server.RaftServerConfigKeys (ConfUtils.java:logGet(46)) - raft.server.rpc.request.timeout = 60s (custom)
2023-06-23 00:37:34,615 [f07173a4-652e-46dc-b7ae-8cd05d01b793-groupManagement] INFO  server.RaftServerConfigKeys (ConfUtils.java:logGet(46)) - raft.server.log.appender.install.snapshot.enabled = false (custom)
2023-06-23 00:37:34,615 [f07173a4-652e-46dc-b7ae-8cd05d01b793-groupManagement] INFO  server.RaftServerConfigKeys (ConfUtils.java:logGet(46)) - raft.server.threadpool.server.cached = true (default)
2023-06-23 00:37:34,616 [f07173a4-652e-46dc-b7ae-8cd05d01b793-groupManagement] INFO  server.RaftServerConfigKeys (ConfUtils.java:logGet(46)) - raft.server.threadpool.server.size = 0 (default)
2023-06-23 00:37:34,616 [f07173a4-652e-46dc-b7ae-8cd05d01b793-groupManagement] INFO  server.RaftServerConfigKeys (ConfUtils.java:logGet(46)) - raft.server.threadpool.client.cached = true (default)
2023-06-23 00:37:34,616 [f07173a4-652e-46dc-b7ae-8cd05d01b793-groupManagement] INFO  server.RaftServerConfigKeys (ConfUtils.java:logGet(46)) - raft.server.threadpool.client.size = 0 (default)
2023-06-23 00:37:34,616 [f07173a4-652e-46dc-b7ae-8cd05d01b793-groupManagement] INFO  storage.RaftStorageDirectory (RaftStorageDirectoryImpl.java:analyzeStorage(137)) - The storage directory /home/runner/work/ozone/ozone/hadoop-ozone/integration-test/target/test-dir/MiniOzoneClusterImpl-3c3985d8-3248-4f19-a32f-4442bec32466/datanode-8/data/ratis/f4db28d3-ab76-4b3a-8fe3-6b7fbd454e14 does not exist. Creating ...
2023-06-23 00:37:34,617 [f07173a4-652e-46dc-b7ae-8cd05d01b793-groupManagement] INFO  storage.RaftStorageDirectory (RaftStorageDirectoryImpl.java:tryLock(231)) - Lock on /home/runner/work/ozone/ozone/hadoop-ozone/integration-test/target/test-dir/MiniOzoneClusterImpl-3c3985d8-3248-4f19-a32f-4442bec32466/datanode-8/data/ratis/f4db28d3-ab76-4b3a-8fe3-6b7fbd454e14/in_use.lock acquired by nodename 61456@fv-az570-151
2023-06-23 00:37:34,618 [f07173a4-652e-46dc-b7ae-8cd05d01b793-groupManagement] INFO  storage.RaftStorage (RaftStorageImpl.java:format(96)) - Storage directory /home/runner/work/ozone/ozone/hadoop-ozone/integration-test/target/test-dir/MiniOzoneClusterImpl-3c3985d8-3248-4f19-a32f-4442bec32466/datanode-8/data/ratis/f4db28d3-ab76-4b3a-8fe3-6b7fbd454e14 has been successfully formatted.
2023-06-23 00:37:34,619 [f07173a4-652e-46dc-b7ae-8cd05d01b793-groupManagement] INFO  ratis.ContainerStateMachine (ContainerStateMachine.java:loadSnapshot(262)) - group-6B7FBD454E14: The snapshot info is null. Setting the last applied indexto:(t:0, i:~)
2023-06-23 00:37:34,619 [f07173a4-652e-46dc-b7ae-8cd05d01b793-groupManagement] INFO  server.RaftServerConfigKeys (ConfUtils.java:logGet(46)) - raft.server.log.use.memory = false (default)
2023-06-23 00:37:34,620 [f07173a4-652e-46dc-b7ae-8cd05d01b793-groupManagement] INFO  server.RaftServerConfigKeys (ConfUtils.java:logGet(46)) - raft.server.log.purge.gap = 1000000 (custom)
2023-06-23 00:37:34,620 [f07173a4-652e-46dc-b7ae-8cd05d01b793-groupManagement] INFO  server.RaftServerConfigKeys (ConfUtils.java:logGet(46)) - raft.server.log.appender.buffer.byte-limit = 33554432 (custom)
2023-06-23 00:37:34,620 [f07173a4-652e-46dc-b7ae-8cd05d01b793-groupManagement] INFO  server.RaftServerConfigKeys (ConfUtils.java:logGet(46)) - raft.server.log.statemachine.data.read.timeout = 1000ms (default)
2023-06-23 00:37:34,620 [f07173a4-652e-46dc-b7ae-8cd05d01b793-groupManagement] INFO  server.RaftServerConfigKeys (ConfUtils.java:logGet(46)) - raft.server.log.purge.preservation.log.num = 0 (default)
2023-06-23 00:37:34,620 [f07173a4-652e-46dc-b7ae-8cd05d01b793-groupManagement] INFO  server.RaftServerConfigKeys (ConfUtils.java:logGet(46)) - raft.server.log.segment.size.max = 1048576 (custom)
2023-06-23 00:37:34,621 [f07173a4-652e-46dc-b7ae-8cd05d01b793-groupManagement] INFO  server.RaftServerConfigKeys (ConfUtils.java:logGet(46)) - raft.server.log.segment.cache.num.max = 2 (custom)
2023-06-23 00:37:34,621 [f07173a4-652e-46dc-b7ae-8cd05d01b793-groupManagement] INFO  server.RaftServerConfigKeys (ConfUtils.java:logGet(46)) - raft.server.log.segment.cache.size.max = 200MB (=209715200) (default)
2023-06-23 00:37:34,621 [f07173a4-652e-46dc-b7ae-8cd05d01b793-groupManagement] INFO  server.RaftServerConfigKeys (ConfUtils.java:logGet(46)) - raft.server.log.appender.buffer.byte-limit = 33554432 (custom)
2023-06-23 00:37:34,621 [f07173a4-652e-46dc-b7ae-8cd05d01b793-groupManagement] INFO  segmented.SegmentedRaftLogWorker (SegmentedRaftLogWorker.java:<init>(188)) - new f07173a4-652e-46dc-b7ae-8cd05d01b793@group-6B7FBD454E14-SegmentedRaftLogWorker for RaftStorageImpl:Storage Directory /home/runner/work/ozone/ozone/hadoop-ozone/integration-test/target/test-dir/MiniOzoneClusterImpl-3c3985d8-3248-4f19-a32f-4442bec32466/datanode-8/data/ratis/f4db28d3-ab76-4b3a-8fe3-6b7fbd454e14
2023-06-23 00:37:34,621 [f07173a4-652e-46dc-b7ae-8cd05d01b793-groupManagement] INFO  server.RaftServerConfigKeys (ConfUtils.java:logGet(46)) - raft.server.log.queue.byte-limit = 4294967296 (custom)
2023-06-23 00:37:34,621 [f07173a4-652e-46dc-b7ae-8cd05d01b793-groupManagement] INFO  server.RaftServerConfigKeys (ConfUtils.java:logGet(46)) - raft.server.log.queue.element-limit = 1024 (custom)
2023-06-23 00:37:34,621 [f07173a4-652e-46dc-b7ae-8cd05d01b793-groupManagement] INFO  server.RaftServerConfigKeys (ConfUtils.java:logGet(46)) - raft.server.log.segment.size.max = 1048576 (custom)
2023-06-23 00:37:34,621 [f07173a4-652e-46dc-b7ae-8cd05d01b793-groupManagement] INFO  server.RaftServerConfigKeys (ConfUtils.java:logGet(46)) - raft.server.log.preallocated.size = 16384 (custom)
2023-06-23 00:37:34,621 [f07173a4-652e-46dc-b7ae-8cd05d01b793-groupManagement] INFO  server.RaftServerConfigKeys (ConfUtils.java:logGet(46)) - raft.server.log.force.sync.num = 128 (default)
2023-06-23 00:37:34,621 [f07173a4-652e-46dc-b7ae-8cd05d01b793-groupManagement] INFO  server.RaftServerConfigKeys (ConfUtils.java:logGet(46)) - raft.server.log.statemachine.data.sync = true (default)
2023-06-23 00:37:34,621 [f07173a4-652e-46dc-b7ae-8cd05d01b793-groupManagement] INFO  server.RaftServerConfigKeys (ConfUtils.java:logGet(46)) - raft.server.log.statemachine.data.sync.timeout = 10s (default)
2023-06-23 00:37:34,623 [f07173a4-652e-46dc-b7ae-8cd05d01b793-groupManagement] INFO  server.RaftServerConfigKeys (ConfUtils.java:logGet(46)) - raft.server.log.statemachine.data.sync.timeout.retry = -1 (default)
2023-06-23 00:37:34,623 [f07173a4-652e-46dc-b7ae-8cd05d01b793-groupManagement] INFO  server.RaftServerConfigKeys (ConfUtils.java:logGet(46)) - raft.server.log.write.buffer.size = 1048576 (custom)
2023-06-23 00:37:34,624 [f07173a4-652e-46dc-b7ae-8cd05d01b793-groupManagement] INFO  server.RaftServerConfigKeys (ConfUtils.java:logGet(46)) - raft.server.log.appender.buffer.byte-limit = 33554432 (custom)
2023-06-23 00:37:34,629 [f07173a4-652e-46dc-b7ae-8cd05d01b793-groupManagement] INFO  server.RaftServerConfigKeys (ConfUtils.java:logGet(46)) - raft.server.log.unsafe-flush.enabled = false (default)
2023-06-23 00:37:34,629 [f07173a4-652e-46dc-b7ae-8cd05d01b793-groupManagement] INFO  server.RaftServerConfigKeys (ConfUtils.java:logGet(46)) - raft.server.log.async-flush.enabled = false (default)
2023-06-23 00:37:34,629 [f07173a4-652e-46dc-b7ae-8cd05d01b793-groupManagement] INFO  server.RaftServerConfigKeys (ConfUtils.java:logGet(46)) - raft.server.log.statemachine.data.caching.enabled = true (custom)
2023-06-23 00:37:34,629 [f07173a4-652e-46dc-b7ae-8cd05d01b793-groupManagement] INFO  segmented.SegmentedRaftLogWorker (SegmentedRaftLogWorker.java:lambda$new$0(135)) - f07173a4-652e-46dc-b7ae-8cd05d01b793@group-6B7FBD454E14-SegmentedRaftLogWorker: flushIndex: setUnconditionally 0 -> -1
2023-06-23 00:37:34,629 [f07173a4-652e-46dc-b7ae-8cd05d01b793-groupManagement] INFO  segmented.SegmentedRaftLogWorker (SegmentedRaftLogWorker.java:lambda$new$0(135)) - f07173a4-652e-46dc-b7ae-8cd05d01b793@group-6B7FBD454E14-SegmentedRaftLogWorker: safeCacheEvictIndex: setUnconditionally 0 -> -1
2023-06-23 00:37:34,630 [f07173a4-652e-46dc-b7ae-8cd05d01b793-groupManagement] INFO  server.RaftServer$Division (RaftServerImpl.java:start(342)) - f07173a4-652e-46dc-b7ae-8cd05d01b793@group-6B7FBD454E14: start as a follower, conf=-1: peers:[c45f7b2b-079b-4ce1-93e8-334248332cec|rpc:10.1.0.47:15068|admin:10.1.0.47:15067|client:10.1.0.47:15066|dataStream:10.1.0.47:15069|priority:1|startupRole:FOLLOWER, cdb7ea93-9969-4a2d-8fff-2d6ab6bce964|rpc:10.1.0.47:15077|admin:10.1.0.47:15076|client:10.1.0.47:15075|dataStream:10.1.0.47:15078|priority:0|startupRole:FOLLOWER, f07173a4-652e-46dc-b7ae-8cd05d01b793|rpc:10.1.0.47:15086|admin:10.1.0.47:15085|client:10.1.0.47:15084|dataStream:10.1.0.47:15087|priority:0|startupRole:FOLLOWER]|listeners:[], old=null
2023-06-23 00:37:34,630 [f07173a4-652e-46dc-b7ae-8cd05d01b793-groupManagement] INFO  server.RaftServer$Division (RaftServerImpl.java:setRole(329)) - f07173a4-652e-46dc-b7ae-8cd05d01b793@group-6B7FBD454E14: changes role from      null to FOLLOWER at term 0 for startAsFollower
2023-06-23 00:37:34,630 [f07173a4-652e-46dc-b7ae-8cd05d01b793-groupManagement] INFO  impl.RoleInfo (RoleInfo.java:updateAndGet(139)) - f07173a4-652e-46dc-b7ae-8cd05d01b793: start f07173a4-652e-46dc-b7ae-8cd05d01b793@group-6B7FBD454E14-FollowerState
2023-06-23 00:37:34,630 [f07173a4-652e-46dc-b7ae-8cd05d01b793-groupManagement] INFO  util.JmxRegister (JmxRegister.java:tryRegister(44)) - Successfully registered JMX Bean with object name Ratis:service=RaftServer,group=group-6B7FBD454E14,id=f07173a4-652e-46dc-b7ae-8cd05d01b793
2023-06-23 00:37:34,630 [f07173a4-652e-46dc-b7ae-8cd05d01b793-groupManagement] INFO  server.RaftServerConfigKeys (ConfUtils.java:logGet(46)) - raft.server.snapshot.auto.trigger.enabled = true (custom)
2023-06-23 00:37:34,630 [f07173a4-652e-46dc-b7ae-8cd05d01b793-groupManagement] INFO  server.RaftServerConfigKeys (ConfUtils.java:logGet(46)) - raft.server.snapshot.auto.trigger.threshold = 10000 (custom)
2023-06-23 00:37:34,630 [f07173a4-652e-46dc-b7ae-8cd05d01b793-groupManagement] INFO  server.RaftServerConfigKeys (ConfUtils.java:logGet(46)) - raft.server.snapshot.retention.file.num = 5 (custom)
2023-06-23 00:37:34,630 [f07173a4-652e-46dc-b7ae-8cd05d01b793-groupManagement] INFO  server.RaftServerConfigKeys (ConfUtils.java:logGet(46)) - raft.server.log.purge.upto.snapshot.index = false (default)
2023-06-23 00:37:34,631 [f07173a4-652e-46dc-b7ae-8cd05d01b793@group-6B7FBD454E14-FollowerState] INFO  server.RaftServerConfigKeys (ConfUtils.java:logFallback(53)) - raft.server.rpc.first-election.timeout.min = 5s (fallback to raft.server.rpc.timeout.min)
2023-06-23 00:37:34,631 [f07173a4-652e-46dc-b7ae-8cd05d01b793@group-6B7FBD454E14-FollowerState] INFO  server.RaftServerConfigKeys (ConfUtils.java:logFallback(53)) - raft.server.rpc.first-election.timeout.max = 5200ms (fallback to raft.server.rpc.timeout.max)
2023-06-23 00:37:34,637 [PipelineCommandHandlerThread-0] INFO  commandhandler.CreatePipelineCommandHandler (CreatePipelineCommandHandler.java:lambda$handle$2(124)) - Created Pipeline RATIS THREE PipelineID=f4db28d3-ab76-4b3a-8fe3-6b7fbd454e14.
2023-06-23 00:37:34,637 [PipelineCommandHandlerThread-0] INFO  server.RaftServer (RaftServerProxy.java:addNew(98)) - c45f7b2b-079b-4ce1-93e8-334248332cec: addNew group-75E033552230:[c45f7b2b-079b-4ce1-93e8-334248332cec|rpc:10.1.0.47:15068|admin:10.1.0.47:15067|client:10.1.0.47:15066|dataStream:10.1.0.47:15069|priority:0|startupRole:FOLLOWER, cdb7ea93-9969-4a2d-8fff-2d6ab6bce964|rpc:10.1.0.47:15077|admin:10.1.0.47:15076|client:10.1.0.47:15075|dataStream:10.1.0.47:15078|priority:0|startupRole:FOLLOWER, f07173a4-652e-46dc-b7ae-8cd05d01b793|rpc:10.1.0.47:15086|admin:10.1.0.47:15085|client:10.1.0.47:15084|dataStream:10.1.0.47:15087|priority:1|startupRole:FOLLOWER] returns group-75E033552230:java.util.concurrent.CompletableFuture@43bf237b[Not completed]
2023-06-23 00:37:34,638 [c45f7b2b-079b-4ce1-93e8-334248332cec-groupManagement] INFO  server.RaftServer$Division (RaftServerImpl.java:<init>(198)) - c45f7b2b-079b-4ce1-93e8-334248332cec: new RaftServerImpl for group-75E033552230:[c45f7b2b-079b-4ce1-93e8-334248332cec|rpc:10.1.0.47:15068|admin:10.1.0.47:15067|client:10.1.0.47:15066|dataStream:10.1.0.47:15069|priority:0|startupRole:FOLLOWER, cdb7ea93-9969-4a2d-8fff-2d6ab6bce964|rpc:10.1.0.47:15077|admin:10.1.0.47:15076|client:10.1.0.47:15075|dataStream:10.1.0.47:15078|priority:0|startupRole:FOLLOWER, f07173a4-652e-46dc-b7ae-8cd05d01b793|rpc:10.1.0.47:15086|admin:10.1.0.47:15085|client:10.1.0.47:15084|dataStream:10.1.0.47:15087|priority:1|startupRole:FOLLOWER] with ContainerStateMachine:uninitialized
2023-06-23 00:37:34,638 [c45f7b2b-079b-4ce1-93e8-334248332cec-groupManagement] INFO  server.RaftServerConfigKeys (ConfUtils.java:logGet(46)) - raft.server.rpc.timeout.min = 5s (custom)
2023-06-23 00:37:34,639 [c45f7b2b-079b-4ce1-93e8-334248332cec-groupManagement] INFO  server.RaftServerConfigKeys (ConfUtils.java:logGet(46)) - raft.server.rpc.timeout.max = 5200ms (custom)
2023-06-23 00:37:34,639 [c45f7b2b-079b-4ce1-93e8-334248332cec-groupManagement] INFO  server.RaftServerConfigKeys (ConfUtils.java:logGet(46)) - raft.server.rpc.sleep.time = 25ms (default)
2023-06-23 00:37:34,639 [c45f7b2b-079b-4ce1-93e8-334248332cec-groupManagement] INFO  server.RaftServerConfigKeys (ConfUtils.java:logGet(46)) - raft.server.rpc.slowness.timeout = 300s (custom)
2023-06-23 00:37:34,639 [c45f7b2b-079b-4ce1-93e8-334248332cec-groupManagement] INFO  server.RaftServerConfigKeys (ConfUtils.java:logGet(46)) - raft.server.leaderelection.leader.step-down.wait-time = 10s (default)
2023-06-23 00:37:34,639 [c45f7b2b-079b-4ce1-93e8-334248332cec-groupManagement] INFO  server.RaftServerConfigKeys (ConfUtils.java:logGet(46)) - raft.server.sleep.deviation.threshold = 300ms (default)
2023-06-23 00:37:34,639 [c45f7b2b-079b-4ce1-93e8-334248332cec-groupManagement] INFO  server.RaftServer$Division (ServerState.java:<init>(120)) - c45f7b2b-079b-4ce1-93e8-334248332cec@group-75E033552230: ConfigurationManager, init=-1: peers:[c45f7b2b-079b-4ce1-93e8-334248332cec|rpc:10.1.0.47:15068|admin:10.1.0.47:15067|client:10.1.0.47:15066|dataStream:10.1.0.47:15069|priority:0|startupRole:FOLLOWER, cdb7ea93-9969-4a2d-8fff-2d6ab6bce964|rpc:10.1.0.47:15077|admin:10.1.0.47:15076|client:10.1.0.47:15075|dataStream:10.1.0.47:15078|priority:0|startupRole:FOLLOWER, f07173a4-652e-46dc-b7ae-8cd05d01b793|rpc:10.1.0.47:15086|admin:10.1.0.47:15085|client:10.1.0.47:15084|dataStream:10.1.0.47:15087|priority:1|startupRole:FOLLOWER]|listeners:[], old=null, confs=<EMPTY_MAP>
2023-06-23 00:37:34,639 [c45f7b2b-079b-4ce1-93e8-334248332cec-groupManagement] INFO  server.RaftServerConfigKeys (ConfUtils.java:logGet(46)) - raft.server.storage.dir = [/home/runner/work/ozone/ozone/hadoop-ozone/integration-test/target/test-dir/MiniOzoneClusterImpl-3c3985d8-3248-4f19-a32f-4442bec32466/datanode-6/data/ratis] (custom)
2023-06-23 00:37:34,639 [c45f7b2b-079b-4ce1-93e8-334248332cec-groupManagement] INFO  server.RaftServerConfigKeys (ConfUtils.java:logGet(46)) - raft.server.log.corruption.policy = EXCEPTION (default)
2023-06-23 00:37:34,639 [c45f7b2b-079b-4ce1-93e8-334248332cec-groupManagement] INFO  server.RaftServerConfigKeys (ConfUtils.java:logGet(46)) - raft.server.storage.free-space.min = 0MB (=0) (default)
2023-06-23 00:37:34,639 [c45f7b2b-079b-4ce1-93e8-334248332cec-groupManagement] INFO  server.RaftServerConfigKeys (ConfUtils.java:logGet(46)) - raft.server.notification.no-leader.timeout = 300s (custom)
2023-06-23 00:37:34,639 [c45f7b2b-079b-4ce1-93e8-334248332cec-groupManagement] INFO  server.RaftServerConfigKeys (ConfUtils.java:logGet(46)) - raft.server.read.timeout = 10s (default)
2023-06-23 00:37:34,639 [c45f7b2b-079b-4ce1-93e8-334248332cec-groupManagement] INFO  server.RaftServerConfigKeys (ConfUtils.java:logGet(46)) - raft.server.retrycache.expirytime = 600000ms (custom)
2023-06-23 00:37:34,639 [c45f7b2b-079b-4ce1-93e8-334248332cec-groupManagement] INFO  server.RaftServerConfigKeys (ConfUtils.java:logGet(46)) - raft.server.retrycache.statistics.expirytime = 100μs (default)
2023-06-23 00:37:34,639 [c45f7b2b-079b-4ce1-93e8-334248332cec-groupManagement] INFO  server.RaftServerConfigKeys (ConfUtils.java:logGet(46)) - raft.server.read.option = DEFAULT (default)
2023-06-23 00:37:34,640 [c45f7b2b-079b-4ce1-93e8-334248332cec-groupManagement] INFO  server.RaftServerConfigKeys (ConfUtils.java:logGet(46)) - raft.server.rpc.request.timeout = 60s (custom)
2023-06-23 00:37:34,640 [c45f7b2b-079b-4ce1-93e8-334248332cec-groupManagement] INFO  server.RaftServerConfigKeys (ConfUtils.java:logGet(46)) - raft.server.log.appender.install.snapshot.enabled = false (custom)
2023-06-23 00:37:34,640 [c45f7b2b-079b-4ce1-93e8-334248332cec-groupManagement] INFO  server.RaftServerConfigKeys (ConfUtils.java:logGet(46)) - raft.server.threadpool.server.cached = true (default)
2023-06-23 00:37:34,640 [c45f7b2b-079b-4ce1-93e8-334248332cec-groupManagement] INFO  server.RaftServerConfigKeys (ConfUtils.java:logGet(46)) - raft.server.threadpool.server.size = 0 (default)
2023-06-23 00:37:34,640 [c45f7b2b-079b-4ce1-93e8-334248332cec-groupManagement] INFO  server.RaftServerConfigKeys (ConfUtils.java:logGet(46)) - raft.server.threadpool.client.cached = true (default)
2023-06-23 00:37:34,640 [c45f7b2b-079b-4ce1-93e8-334248332cec-groupManagement] INFO  server.RaftServerConfigKeys (ConfUtils.java:logGet(46)) - raft.server.threadpool.client.size = 0 (default)
2023-06-23 00:37:34,641 [c45f7b2b-079b-4ce1-93e8-334248332cec-groupManagement] INFO  storage.RaftStorageDirectory (RaftStorageDirectoryImpl.java:analyzeStorage(137)) - The storage directory /home/runner/work/ozone/ozone/hadoop-ozone/integration-test/target/test-dir/MiniOzoneClusterImpl-3c3985d8-3248-4f19-a32f-4442bec32466/datanode-6/data/ratis/ec9bc32f-eebc-47f0-85b8-75e033552230 does not exist. Creating ...
2023-06-23 00:37:34,642 [c45f7b2b-079b-4ce1-93e8-334248332cec-groupManagement] INFO  storage.RaftStorageDirectory (RaftStorageDirectoryImpl.java:tryLock(231)) - Lock on /home/runner/work/ozone/ozone/hadoop-ozone/integration-test/target/test-dir/MiniOzoneClusterImpl-3c3985d8-3248-4f19-a32f-4442bec32466/datanode-6/data/ratis/ec9bc32f-eebc-47f0-85b8-75e033552230/in_use.lock acquired by nodename 61456@fv-az570-151
2023-06-23 00:37:34,643 [c45f7b2b-079b-4ce1-93e8-334248332cec-groupManagement] INFO  storage.RaftStorage (RaftStorageImpl.java:format(96)) - Storage directory /home/runner/work/ozone/ozone/hadoop-ozone/integration-test/target/test-dir/MiniOzoneClusterImpl-3c3985d8-3248-4f19-a32f-4442bec32466/datanode-6/data/ratis/ec9bc32f-eebc-47f0-85b8-75e033552230 has been successfully formatted.
2023-06-23 00:37:34,643 [c45f7b2b-079b-4ce1-93e8-334248332cec-groupManagement] INFO  ratis.ContainerStateMachine (ContainerStateMachine.java:loadSnapshot(262)) - group-75E033552230: The snapshot info is null. Setting the last applied indexto:(t:0, i:~)
2023-06-23 00:37:34,644 [c45f7b2b-079b-4ce1-93e8-334248332cec-groupManagement] INFO  server.RaftServerConfigKeys (ConfUtils.java:logGet(46)) - raft.server.log.use.memory = false (default)
2023-06-23 00:37:34,644 [c45f7b2b-079b-4ce1-93e8-334248332cec-groupManagement] INFO  server.RaftServerConfigKeys (ConfUtils.java:logGet(46)) - raft.server.log.purge.gap = 1000000 (custom)
2023-06-23 00:37:34,644 [c45f7b2b-079b-4ce1-93e8-334248332cec-groupManagement] INFO  server.RaftServerConfigKeys (ConfUtils.java:logGet(46)) - raft.server.log.appender.buffer.byte-limit = 33554432 (custom)
2023-06-23 00:37:34,644 [c45f7b2b-079b-4ce1-93e8-334248332cec-groupManagement] INFO  server.RaftServerConfigKeys (ConfUtils.java:logGet(46)) - raft.server.log.statemachine.data.read.timeout = 1000ms (default)
2023-06-23 00:37:34,644 [c45f7b2b-079b-4ce1-93e8-334248332cec-groupManagement] INFO  server.RaftServerConfigKeys (ConfUtils.java:logGet(46)) - raft.server.log.purge.preservation.log.num = 0 (default)
2023-06-23 00:37:34,644 [c45f7b2b-079b-4ce1-93e8-334248332cec-groupManagement] INFO  server.RaftServerConfigKeys (ConfUtils.java:logGet(46)) - raft.server.log.segment.size.max = 1048576 (custom)
2023-06-23 00:37:34,644 [c45f7b2b-079b-4ce1-93e8-334248332cec-groupManagement] INFO  server.RaftServerConfigKeys (ConfUtils.java:logGet(46)) - raft.server.log.segment.cache.num.max = 2 (custom)
2023-06-23 00:37:34,644 [c45f7b2b-079b-4ce1-93e8-334248332cec-groupManagement] INFO  server.RaftServerConfigKeys (ConfUtils.java:logGet(46)) - raft.server.log.segment.cache.size.max = 200MB (=209715200) (default)
2023-06-23 00:37:34,644 [c45f7b2b-079b-4ce1-93e8-334248332cec-groupManagement] INFO  server.RaftServerConfigKeys (ConfUtils.java:logGet(46)) - raft.server.log.appender.buffer.byte-limit = 33554432 (custom)
2023-06-23 00:37:34,645 [c45f7b2b-079b-4ce1-93e8-334248332cec-groupManagement] INFO  segmented.SegmentedRaftLogWorker (SegmentedRaftLogWorker.java:<init>(188)) - new c45f7b2b-079b-4ce1-93e8-334248332cec@group-75E033552230-SegmentedRaftLogWorker for RaftStorageImpl:Storage Directory /home/runner/work/ozone/ozone/hadoop-ozone/integration-test/target/test-dir/MiniOzoneClusterImpl-3c3985d8-3248-4f19-a32f-4442bec32466/datanode-6/data/ratis/ec9bc32f-eebc-47f0-85b8-75e033552230
2023-06-23 00:37:34,645 [c45f7b2b-079b-4ce1-93e8-334248332cec-groupManagement] INFO  server.RaftServerConfigKeys (ConfUtils.java:logGet(46)) - raft.server.log.queue.byte-limit = 4294967296 (custom)
2023-06-23 00:37:34,645 [c45f7b2b-079b-4ce1-93e8-334248332cec-groupManagement] INFO  server.RaftServerConfigKeys (ConfUtils.java:logGet(46)) - raft.server.log.queue.element-limit = 1024 (custom)
2023-06-23 00:37:34,645 [c45f7b2b-079b-4ce1-93e8-334248332cec-groupManagement] INFO  server.RaftServerConfigKeys (ConfUtils.java:logGet(46)) - raft.server.log.segment.size.max = 1048576 (custom)
2023-06-23 00:37:34,645 [c45f7b2b-079b-4ce1-93e8-334248332cec-groupManagement] INFO  server.RaftServerConfigKeys (ConfUtils.java:logGet(46)) - raft.server.log.preallocated.size = 16384 (custom)
2023-06-23 00:37:34,645 [c45f7b2b-079b-4ce1-93e8-334248332cec-groupManagement] INFO  server.RaftServerConfigKeys (ConfUtils.java:logGet(46)) - raft.server.log.force.sync.num = 128 (default)
2023-06-23 00:37:34,645 [c45f7b2b-079b-4ce1-93e8-334248332cec-groupManagement] INFO  server.RaftServerConfigKeys (ConfUtils.java:logGet(46)) - raft.server.log.statemachine.data.sync = true (default)
2023-06-23 00:37:34,645 [c45f7b2b-079b-4ce1-93e8-334248332cec-groupManagement] INFO  server.RaftServerConfigKeys (ConfUtils.java:logGet(46)) - raft.server.log.statemachine.data.sync.timeout = 10s (default)
2023-06-23 00:37:34,645 [c45f7b2b-079b-4ce1-93e8-334248332cec-groupManagement] INFO  server.RaftServerConfigKeys (ConfUtils.java:logGet(46)) - raft.server.log.statemachine.data.sync.timeout.retry = -1 (default)
2023-06-23 00:37:34,646 [c45f7b2b-079b-4ce1-93e8-334248332cec-groupManagement] INFO  server.RaftServerConfigKeys (ConfUtils.java:logGet(46)) - raft.server.log.write.buffer.size = 1048576 (custom)
2023-06-23 00:37:34,646 [c45f7b2b-079b-4ce1-93e8-334248332cec-groupManagement] INFO  server.RaftServerConfigKeys (ConfUtils.java:logGet(46)) - raft.server.log.appender.buffer.byte-limit = 33554432 (custom)
2023-06-23 00:37:34,647 [EventQueue-OpenPipelineForHealthyPipelineSafeModeRule] INFO  safemode.SCMSafeModeManager (HealthyPipelineSafeModeRule.java:process(137)) - SCM in safe mode. Healthy pipelines reported count is 0, required healthy pipeline reported count is 1
2023-06-23 00:37:34,651 [c45f7b2b-079b-4ce1-93e8-334248332cec-groupManagement] INFO  server.RaftServerConfigKeys (ConfUtils.java:logGet(46)) - raft.server.log.unsafe-flush.enabled = false (default)
2023-06-23 00:37:34,652 [c45f7b2b-079b-4ce1-93e8-334248332cec-groupManagement] INFO  server.RaftServerConfigKeys (ConfUtils.java:logGet(46)) - raft.server.log.async-flush.enabled = false (default)
2023-06-23 00:37:34,652 [c45f7b2b-079b-4ce1-93e8-334248332cec-groupManagement] INFO  server.RaftServerConfigKeys (ConfUtils.java:logGet(46)) - raft.server.log.statemachine.data.caching.enabled = true (custom)
2023-06-23 00:37:34,652 [c45f7b2b-079b-4ce1-93e8-334248332cec-groupManagement] INFO  segmented.SegmentedRaftLogWorker (SegmentedRaftLogWorker.java:lambda$new$0(135)) - c45f7b2b-079b-4ce1-93e8-334248332cec@group-75E033552230-SegmentedRaftLogWorker: flushIndex: setUnconditionally 0 -> -1
2023-06-23 00:37:34,652 [c45f7b2b-079b-4ce1-93e8-334248332cec-groupManagement] INFO  segmented.SegmentedRaftLogWorker (SegmentedRaftLogWorker.java:lambda$new$0(135)) - c45f7b2b-079b-4ce1-93e8-334248332cec@group-75E033552230-SegmentedRaftLogWorker: safeCacheEvictIndex: setUnconditionally 0 -> -1
2023-06-23 00:37:34,652 [c45f7b2b-079b-4ce1-93e8-334248332cec-groupManagement] INFO  server.RaftServer$Division (RaftServerImpl.java:start(342)) - c45f7b2b-079b-4ce1-93e8-334248332cec@group-75E033552230: start as a follower, conf=-1: peers:[c45f7b2b-079b-4ce1-93e8-334248332cec|rpc:10.1.0.47:15068|admin:10.1.0.47:15067|client:10.1.0.47:15066|dataStream:10.1.0.47:15069|priority:0|startupRole:FOLLOWER, cdb7ea93-9969-4a2d-8fff-2d6ab6bce964|rpc:10.1.0.47:15077|admin:10.1.0.47:15076|client:10.1.0.47:15075|dataStream:10.1.0.47:15078|priority:0|startupRole:FOLLOWER, f07173a4-652e-46dc-b7ae-8cd05d01b793|rpc:10.1.0.47:15086|admin:10.1.0.47:15085|client:10.1.0.47:15084|dataStream:10.1.0.47:15087|priority:1|startupRole:FOLLOWER]|listeners:[], old=null
2023-06-23 00:37:34,652 [c45f7b2b-079b-4ce1-93e8-334248332cec-groupManagement] INFO  server.RaftServer$Division (RaftServerImpl.java:setRole(329)) - c45f7b2b-079b-4ce1-93e8-334248332cec@group-75E033552230: changes role from      null to FOLLOWER at term 0 for startAsFollower
2023-06-23 00:37:34,652 [c45f7b2b-079b-4ce1-93e8-334248332cec-groupManagement] INFO  impl.RoleInfo (RoleInfo.java:updateAndGet(139)) - c45f7b2b-079b-4ce1-93e8-334248332cec: start c45f7b2b-079b-4ce1-93e8-334248332cec@group-75E033552230-FollowerState
2023-06-23 00:37:34,652 [c45f7b2b-079b-4ce1-93e8-334248332cec-groupManagement] INFO  util.JmxRegister (JmxRegister.java:tryRegister(44)) - Successfully registered JMX Bean with object name Ratis:service=RaftServer,group=group-75E033552230,id=c45f7b2b-079b-4ce1-93e8-334248332cec
2023-06-23 00:37:34,652 [c45f7b2b-079b-4ce1-93e8-334248332cec@group-75E033552230-FollowerState] INFO  server.RaftServerConfigKeys (ConfUtils.java:logFallback(53)) - raft.server.rpc.first-election.timeout.min = 5s (fallback to raft.server.rpc.timeout.min)
2023-06-23 00:37:34,653 [c45f7b2b-079b-4ce1-93e8-334248332cec@group-75E033552230-FollowerState] INFO  server.RaftServerConfigKeys (ConfUtils.java:logFallback(53)) - raft.server.rpc.first-election.timeout.max = 5200ms (fallback to raft.server.rpc.timeout.max)
2023-06-23 00:37:34,653 [c45f7b2b-079b-4ce1-93e8-334248332cec-groupManagement] INFO  server.RaftServerConfigKeys (ConfUtils.java:logGet(46)) - raft.server.snapshot.auto.trigger.enabled = true (custom)
2023-06-23 00:37:34,653 [c45f7b2b-079b-4ce1-93e8-334248332cec-groupManagement] INFO  server.RaftServerConfigKeys (ConfUtils.java:logGet(46)) - raft.server.snapshot.auto.trigger.threshold = 10000 (custom)
2023-06-23 00:37:34,653 [c45f7b2b-079b-4ce1-93e8-334248332cec-groupManagement] INFO  server.RaftServerConfigKeys (ConfUtils.java:logGet(46)) - raft.server.snapshot.retention.file.num = 5 (custom)
2023-06-23 00:37:34,653 [c45f7b2b-079b-4ce1-93e8-334248332cec-groupManagement] INFO  server.RaftServerConfigKeys (ConfUtils.java:logGet(46)) - raft.server.log.purge.upto.snapshot.index = false (default)
2023-06-23 00:37:34,653 [PipelineCommandHandlerThread-0] INFO  ratis.XceiverServerRatis (XceiverServerRatis.java:addGroup(804)) - Created group PipelineID=ec9bc32f-eebc-47f0-85b8-75e033552230
2023-06-23 00:37:34,665 [grpc-default-executor-0] INFO  server.RaftServer (RaftServerProxy.java:addNew(98)) - f07173a4-652e-46dc-b7ae-8cd05d01b793: addNew group-75E033552230:[c45f7b2b-079b-4ce1-93e8-334248332cec|rpc:10.1.0.47:15068|admin:10.1.0.47:15067|client:10.1.0.47:15066|dataStream:10.1.0.47:15069|priority:0|startupRole:FOLLOWER, cdb7ea93-9969-4a2d-8fff-2d6ab6bce964|rpc:10.1.0.47:15077|admin:10.1.0.47:15076|client:10.1.0.47:15075|dataStream:10.1.0.47:15078|priority:0|startupRole:FOLLOWER, f07173a4-652e-46dc-b7ae-8cd05d01b793|rpc:10.1.0.47:15086|admin:10.1.0.47:15085|client:10.1.0.47:15084|dataStream:10.1.0.47:15087|priority:1|startupRole:FOLLOWER] returns group-75E033552230:java.util.concurrent.CompletableFuture@1dff5e3e[Not completed]
2023-06-23 00:37:34,666 [f07173a4-652e-46dc-b7ae-8cd05d01b793-groupManagement] INFO  server.RaftServer$Division (RaftServerImpl.java:<init>(198)) - f07173a4-652e-46dc-b7ae-8cd05d01b793: new RaftServerImpl for group-75E033552230:[c45f7b2b-079b-4ce1-93e8-334248332cec|rpc:10.1.0.47:15068|admin:10.1.0.47:15067|client:10.1.0.47:15066|dataStream:10.1.0.47:15069|priority:0|startupRole:FOLLOWER, cdb7ea93-9969-4a2d-8fff-2d6ab6bce964|rpc:10.1.0.47:15077|admin:10.1.0.47:15076|client:10.1.0.47:15075|dataStream:10.1.0.47:15078|priority:0|startupRole:FOLLOWER, f07173a4-652e-46dc-b7ae-8cd05d01b793|rpc:10.1.0.47:15086|admin:10.1.0.47:15085|client:10.1.0.47:15084|dataStream:10.1.0.47:15087|priority:1|startupRole:FOLLOWER] with ContainerStateMachine:uninitialized
2023-06-23 00:37:34,666 [f07173a4-652e-46dc-b7ae-8cd05d01b793-groupManagement] INFO  server.RaftServerConfigKeys (ConfUtils.java:logGet(46)) - raft.server.rpc.timeout.min = 5s (custom)
2023-06-23 00:37:34,666 [f07173a4-652e-46dc-b7ae-8cd05d01b793-groupManagement] INFO  server.RaftServerConfigKeys (ConfUtils.java:logGet(46)) - raft.server.rpc.timeout.max = 5200ms (custom)
2023-06-23 00:37:34,666 [f07173a4-652e-46dc-b7ae-8cd05d01b793-groupManagement] INFO  server.RaftServerConfigKeys (ConfUtils.java:logGet(46)) - raft.server.rpc.sleep.time = 25ms (default)
2023-06-23 00:37:34,666 [f07173a4-652e-46dc-b7ae-8cd05d01b793-groupManagement] INFO  server.RaftServerConfigKeys (ConfUtils.java:logGet(46)) - raft.server.rpc.slowness.timeout = 300s (custom)
2023-06-23 00:37:34,666 [f07173a4-652e-46dc-b7ae-8cd05d01b793-groupManagement] INFO  server.RaftServerConfigKeys (ConfUtils.java:logGet(46)) - raft.server.leaderelection.leader.step-down.wait-time = 10s (default)
2023-06-23 00:37:34,666 [f07173a4-652e-46dc-b7ae-8cd05d01b793-groupManagement] INFO  server.RaftServerConfigKeys (ConfUtils.java:logGet(46)) - raft.server.sleep.deviation.threshold = 300ms (default)
2023-06-23 00:37:34,666 [f07173a4-652e-46dc-b7ae-8cd05d01b793-groupManagement] INFO  server.RaftServer$Division (ServerState.java:<init>(120)) - f07173a4-652e-46dc-b7ae-8cd05d01b793@group-75E033552230: ConfigurationManager, init=-1: peers:[c45f7b2b-079b-4ce1-93e8-334248332cec|rpc:10.1.0.47:15068|admin:10.1.0.47:15067|client:10.1.0.47:15066|dataStream:10.1.0.47:15069|priority:0|startupRole:FOLLOWER, cdb7ea93-9969-4a2d-8fff-2d6ab6bce964|rpc:10.1.0.47:15077|admin:10.1.0.47:15076|client:10.1.0.47:15075|dataStream:10.1.0.47:15078|priority:0|startupRole:FOLLOWER, f07173a4-652e-46dc-b7ae-8cd05d01b793|rpc:10.1.0.47:15086|admin:10.1.0.47:15085|client:10.1.0.47:15084|dataStream:10.1.0.47:15087|priority:1|startupRole:FOLLOWER]|listeners:[], old=null, confs=<EMPTY_MAP>
2023-06-23 00:37:34,666 [f07173a4-652e-46dc-b7ae-8cd05d01b793-groupManagement] INFO  server.RaftServerConfigKeys (ConfUtils.java:logGet(46)) - raft.server.storage.dir = [/home/runner/work/ozone/ozone/hadoop-ozone/integration-test/target/test-dir/MiniOzoneClusterImpl-3c3985d8-3248-4f19-a32f-4442bec32466/datanode-8/data/ratis] (custom)
2023-06-23 00:37:34,666 [f07173a4-652e-46dc-b7ae-8cd05d01b793-groupManagement] INFO  server.RaftServerConfigKeys (ConfUtils.java:logGet(46)) - raft.server.log.corruption.policy = EXCEPTION (default)
2023-06-23 00:37:34,666 [f07173a4-652e-46dc-b7ae-8cd05d01b793-groupManagement] INFO  server.RaftServerConfigKeys (ConfUtils.java:logGet(46)) - raft.server.storage.free-space.min = 0MB (=0) (default)
2023-06-23 00:37:34,667 [f07173a4-652e-46dc-b7ae-8cd05d01b793-groupManagement] INFO  server.RaftServerConfigKeys (ConfUtils.java:logGet(46)) - raft.server.notification.no-leader.timeout = 300s (custom)
2023-06-23 00:37:34,667 [f07173a4-652e-46dc-b7ae-8cd05d01b793-groupManagement] INFO  server.RaftServerConfigKeys (ConfUtils.java:logGet(46)) - raft.server.read.timeout = 10s (default)
2023-06-23 00:37:34,667 [f07173a4-652e-46dc-b7ae-8cd05d01b793-groupManagement] INFO  server.RaftServerConfigKeys (ConfUtils.java:logGet(46)) - raft.server.retrycache.expirytime = 600000ms (custom)
2023-06-23 00:37:34,667 [f07173a4-652e-46dc-b7ae-8cd05d01b793-groupManagement] INFO  server.RaftServerConfigKeys (ConfUtils.java:logGet(46)) - raft.server.retrycache.statistics.expirytime = 100μs (default)
2023-06-23 00:37:34,667 [f07173a4-652e-46dc-b7ae-8cd05d01b793-groupManagement] INFO  server.RaftServerConfigKeys (ConfUtils.java:logGet(46)) - raft.server.read.option = DEFAULT (default)
2023-06-23 00:37:34,668 [f07173a4-652e-46dc-b7ae-8cd05d01b793-groupManagement] INFO  server.RaftServerConfigKeys (ConfUtils.java:logGet(46)) - raft.server.rpc.request.timeout = 60s (custom)
2023-06-23 00:37:34,668 [f07173a4-652e-46dc-b7ae-8cd05d01b793-groupManagement] INFO  server.RaftServerConfigKeys (ConfUtils.java:logGet(46)) - raft.server.log.appender.install.snapshot.enabled = false (custom)
2023-06-23 00:37:34,668 [f07173a4-652e-46dc-b7ae-8cd05d01b793-groupManagement] INFO  server.RaftServerConfigKeys (ConfUtils.java:logGet(46)) - raft.server.threadpool.server.cached = true (default)
2023-06-23 00:37:34,668 [f07173a4-652e-46dc-b7ae-8cd05d01b793-groupManagement] INFO  server.RaftServerConfigKeys (ConfUtils.java:logGet(46)) - raft.server.threadpool.server.size = 0 (default)
2023-06-23 00:37:34,668 [f07173a4-652e-46dc-b7ae-8cd05d01b793-groupManagement] INFO  server.RaftServerConfigKeys (ConfUtils.java:logGet(46)) - raft.server.threadpool.client.cached = true (default)
2023-06-23 00:37:34,668 [f07173a4-652e-46dc-b7ae-8cd05d01b793-groupManagement] INFO  server.RaftServerConfigKeys (ConfUtils.java:logGet(46)) - raft.server.threadpool.client.size = 0 (default)
2023-06-23 00:37:34,668 [f07173a4-652e-46dc-b7ae-8cd05d01b793-groupManagement] INFO  storage.RaftStorageDirectory (RaftStorageDirectoryImpl.java:analyzeStorage(137)) - The storage directory /home/runner/work/ozone/ozone/hadoop-ozone/integration-test/target/test-dir/MiniOzoneClusterImpl-3c3985d8-3248-4f19-a32f-4442bec32466/datanode-8/data/ratis/ec9bc32f-eebc-47f0-85b8-75e033552230 does not exist. Creating ...
2023-06-23 00:37:34,669 [f07173a4-652e-46dc-b7ae-8cd05d01b793-groupManagement] INFO  storage.RaftStorageDirectory (RaftStorageDirectoryImpl.java:tryLock(231)) - Lock on /home/runner/work/ozone/ozone/hadoop-ozone/integration-test/target/test-dir/MiniOzoneClusterImpl-3c3985d8-3248-4f19-a32f-4442bec32466/datanode-8/data/ratis/ec9bc32f-eebc-47f0-85b8-75e033552230/in_use.lock acquired by nodename 61456@fv-az570-151
2023-06-23 00:37:34,670 [f07173a4-652e-46dc-b7ae-8cd05d01b793-groupManagement] INFO  storage.RaftStorage (RaftStorageImpl.java:format(96)) - Storage directory /home/runner/work/ozone/ozone/hadoop-ozone/integration-test/target/test-dir/MiniOzoneClusterImpl-3c3985d8-3248-4f19-a32f-4442bec32466/datanode-8/data/ratis/ec9bc32f-eebc-47f0-85b8-75e033552230 has been successfully formatted.
2023-06-23 00:37:34,672 [f07173a4-652e-46dc-b7ae-8cd05d01b793-groupManagement] INFO  ratis.ContainerStateMachine (ContainerStateMachine.java:loadSnapshot(262)) - group-75E033552230: The snapshot info is null. Setting the last applied indexto:(t:0, i:~)
2023-06-23 00:37:34,672 [f07173a4-652e-46dc-b7ae-8cd05d01b793-groupManagement] INFO  server.RaftServerConfigKeys (ConfUtils.java:logGet(46)) - raft.server.log.use.memory = false (default)
2023-06-23 00:37:34,672 [f07173a4-652e-46dc-b7ae-8cd05d01b793-groupManagement] INFO  server.RaftServerConfigKeys (ConfUtils.java:logGet(46)) - raft.server.log.purge.gap = 1000000 (custom)
2023-06-23 00:37:34,672 [f07173a4-652e-46dc-b7ae-8cd05d01b793-groupManagement] INFO  server.RaftServerConfigKeys (ConfUtils.java:logGet(46)) - raft.server.log.appender.buffer.byte-limit = 33554432 (custom)
2023-06-23 00:37:34,672 [f07173a4-652e-46dc-b7ae-8cd05d01b793-groupManagement] INFO  server.RaftServerConfigKeys (ConfUtils.java:logGet(46)) - raft.server.log.statemachine.data.read.timeout = 1000ms (default)
2023-06-23 00:37:34,672 [f07173a4-652e-46dc-b7ae-8cd05d01b793-groupManagement] INFO  server.RaftServerConfigKeys (ConfUtils.java:logGet(46)) - raft.server.log.purge.preservation.log.num = 0 (default)
2023-06-23 00:37:34,672 [f07173a4-652e-46dc-b7ae-8cd05d01b793-groupManagement] INFO  server.RaftServerConfigKeys (ConfUtils.java:logGet(46)) - raft.server.log.segment.size.max = 1048576 (custom)
2023-06-23 00:37:34,672 [f07173a4-652e-46dc-b7ae-8cd05d01b793-groupManagement] INFO  server.RaftServerConfigKeys (ConfUtils.java:logGet(46)) - raft.server.log.segment.cache.num.max = 2 (custom)
2023-06-23 00:37:34,672 [f07173a4-652e-46dc-b7ae-8cd05d01b793-groupManagement] INFO  server.RaftServerConfigKeys (ConfUtils.java:logGet(46)) - raft.server.log.segment.cache.size.max = 200MB (=209715200) (default)
2023-06-23 00:37:34,673 [f07173a4-652e-46dc-b7ae-8cd05d01b793-groupManagement] INFO  server.RaftServerConfigKeys (ConfUtils.java:logGet(46)) - raft.server.log.appender.buffer.byte-limit = 33554432 (custom)
2023-06-23 00:37:34,673 [f07173a4-652e-46dc-b7ae-8cd05d01b793-groupManagement] INFO  segmented.SegmentedRaftLogWorker (SegmentedRaftLogWorker.java:<init>(188)) - new f07173a4-652e-46dc-b7ae-8cd05d01b793@group-75E033552230-SegmentedRaftLogWorker for RaftStorageImpl:Storage Directory /home/runner/work/ozone/ozone/hadoop-ozone/integration-test/target/test-dir/MiniOzoneClusterImpl-3c3985d8-3248-4f19-a32f-4442bec32466/datanode-8/data/ratis/ec9bc32f-eebc-47f0-85b8-75e033552230
2023-06-23 00:37:34,673 [f07173a4-652e-46dc-b7ae-8cd05d01b793-groupManagement] INFO  server.RaftServerConfigKeys (ConfUtils.java:logGet(46)) - raft.server.log.queue.byte-limit = 4294967296 (custom)
2023-06-23 00:37:34,673 [f07173a4-652e-46dc-b7ae-8cd05d01b793-groupManagement] INFO  server.RaftServerConfigKeys (ConfUtils.java:logGet(46)) - raft.server.log.queue.element-limit = 1024 (custom)
2023-06-23 00:37:34,673 [f07173a4-652e-46dc-b7ae-8cd05d01b793-groupManagement] INFO  server.RaftServerConfigKeys (ConfUtils.java:logGet(46)) - raft.server.log.segment.size.max = 1048576 (custom)
2023-06-23 00:37:34,674 [f07173a4-652e-46dc-b7ae-8cd05d01b793-groupManagement] INFO  server.RaftServerConfigKeys (ConfUtils.java:logGet(46)) - raft.server.log.preallocated.size = 16384 (custom)
2023-06-23 00:37:34,674 [f07173a4-652e-46dc-b7ae-8cd05d01b793-groupManagement] INFO  server.RaftServerConfigKeys (ConfUtils.java:logGet(46)) - raft.server.log.force.sync.num = 128 (default)
2023-06-23 00:37:34,674 [f07173a4-652e-46dc-b7ae-8cd05d01b793-groupManagement] INFO  server.RaftServerConfigKeys (ConfUtils.java:logGet(46)) - raft.server.log.statemachine.data.sync = true (default)
2023-06-23 00:37:34,674 [f07173a4-652e-46dc-b7ae-8cd05d01b793-groupManagement] INFO  server.RaftServerConfigKeys (ConfUtils.java:logGet(46)) - raft.server.log.statemachine.data.sync.timeout = 10s (default)
2023-06-23 00:37:34,674 [f07173a4-652e-46dc-b7ae-8cd05d01b793-groupManagement] INFO  server.RaftServerConfigKeys (ConfUtils.java:logGet(46)) - raft.server.log.statemachine.data.sync.timeout.retry = -1 (default)
2023-06-23 00:37:34,674 [f07173a4-652e-46dc-b7ae-8cd05d01b793-groupManagement] INFO  server.RaftServerConfigKeys (ConfUtils.java:logGet(46)) - raft.server.log.write.buffer.size = 1048576 (custom)
2023-06-23 00:37:34,675 [f07173a4-652e-46dc-b7ae-8cd05d01b793-groupManagement] INFO  server.RaftServerConfigKeys (ConfUtils.java:logGet(46)) - raft.server.log.appender.buffer.byte-limit = 33554432 (custom)
2023-06-23 00:37:34,680 [f07173a4-652e-46dc-b7ae-8cd05d01b793-groupManagement] INFO  server.RaftServerConfigKeys (ConfUtils.java:logGet(46)) - raft.server.log.unsafe-flush.enabled = false (default)
2023-06-23 00:37:34,680 [f07173a4-652e-46dc-b7ae-8cd05d01b793-groupManagement] INFO  server.RaftServerConfigKeys (ConfUtils.java:logGet(46)) - raft.server.log.async-flush.enabled = false (default)
2023-06-23 00:37:34,680 [f07173a4-652e-46dc-b7ae-8cd05d01b793-groupManagement] INFO  server.RaftServerConfigKeys (ConfUtils.java:logGet(46)) - raft.server.log.statemachine.data.caching.enabled = true (custom)
2023-06-23 00:37:34,680 [f07173a4-652e-46dc-b7ae-8cd05d01b793-groupManagement] INFO  segmented.SegmentedRaftLogWorker (SegmentedRaftLogWorker.java:lambda$new$0(135)) - f07173a4-652e-46dc-b7ae-8cd05d01b793@group-75E033552230-SegmentedRaftLogWorker: flushIndex: setUnconditionally 0 -> -1
2023-06-23 00:37:34,680 [f07173a4-652e-46dc-b7ae-8cd05d01b793-groupManagement] INFO  segmented.SegmentedRaftLogWorker (SegmentedRaftLogWorker.java:lambda$new$0(135)) - f07173a4-652e-46dc-b7ae-8cd05d01b793@group-75E033552230-SegmentedRaftLogWorker: safeCacheEvictIndex: setUnconditionally 0 -> -1
2023-06-23 00:37:34,683 [f07173a4-652e-46dc-b7ae-8cd05d01b793-groupManagement] INFO  server.RaftServer$Division (RaftServerImpl.java:start(342)) - f07173a4-652e-46dc-b7ae-8cd05d01b793@group-75E033552230: start as a follower, conf=-1: peers:[c45f7b2b-079b-4ce1-93e8-334248332cec|rpc:10.1.0.47:15068|admin:10.1.0.47:15067|client:10.1.0.47:15066|dataStream:10.1.0.47:15069|priority:0|startupRole:FOLLOWER, cdb7ea93-9969-4a2d-8fff-2d6ab6bce964|rpc:10.1.0.47:15077|admin:10.1.0.47:15076|client:10.1.0.47:15075|dataStream:10.1.0.47:15078|priority:0|startupRole:FOLLOWER, f07173a4-652e-46dc-b7ae-8cd05d01b793|rpc:10.1.0.47:15086|admin:10.1.0.47:15085|client:10.1.0.47:15084|dataStream:10.1.0.47:15087|priority:1|startupRole:FOLLOWER]|listeners:[], old=null
2023-06-23 00:37:34,683 [f07173a4-652e-46dc-b7ae-8cd05d01b793-groupManagement] INFO  server.RaftServer$Division (RaftServerImpl.java:setRole(329)) - f07173a4-652e-46dc-b7ae-8cd05d01b793@group-75E033552230: changes role from      null to FOLLOWER at term 0 for startAsFollower
2023-06-23 00:37:34,683 [f07173a4-652e-46dc-b7ae-8cd05d01b793-groupManagement] INFO  impl.RoleInfo (RoleInfo.java:updateAndGet(139)) - f07173a4-652e-46dc-b7ae-8cd05d01b793: start f07173a4-652e-46dc-b7ae-8cd05d01b793@group-75E033552230-FollowerState
2023-06-23 00:37:34,684 [f07173a4-652e-46dc-b7ae-8cd05d01b793-groupManagement] INFO  util.JmxRegister (JmxRegister.java:tryRegister(44)) - Successfully registered JMX Bean with object name Ratis:service=RaftServer,group=group-75E033552230,id=f07173a4-652e-46dc-b7ae-8cd05d01b793
2023-06-23 00:37:34,684 [f07173a4-652e-46dc-b7ae-8cd05d01b793-groupManagement] INFO  server.RaftServerConfigKeys (ConfUtils.java:logGet(46)) - raft.server.snapshot.auto.trigger.enabled = true (custom)
2023-06-23 00:37:34,684 [f07173a4-652e-46dc-b7ae-8cd05d01b793-groupManagement] INFO  server.RaftServerConfigKeys (ConfUtils.java:logGet(46)) - raft.server.snapshot.auto.trigger.threshold = 10000 (custom)
2023-06-23 00:37:34,684 [f07173a4-652e-46dc-b7ae-8cd05d01b793-groupManagement] INFO  server.RaftServerConfigKeys (ConfUtils.java:logGet(46)) - raft.server.snapshot.retention.file.num = 5 (custom)
2023-06-23 00:37:34,684 [f07173a4-652e-46dc-b7ae-8cd05d01b793-groupManagement] INFO  server.RaftServerConfigKeys (ConfUtils.java:logGet(46)) - raft.server.log.purge.upto.snapshot.index = false (default)
2023-06-23 00:37:34,685 [f07173a4-652e-46dc-b7ae-8cd05d01b793@group-75E033552230-FollowerState] INFO  server.RaftServerConfigKeys (ConfUtils.java:logFallback(53)) - raft.server.rpc.first-election.timeout.min = 5s (fallback to raft.server.rpc.timeout.min)
2023-06-23 00:37:34,685 [f07173a4-652e-46dc-b7ae-8cd05d01b793@group-75E033552230-FollowerState] INFO  server.RaftServerConfigKeys (ConfUtils.java:logFallback(53)) - raft.server.rpc.first-election.timeout.max = 5200ms (fallback to raft.server.rpc.timeout.max)
2023-06-23 00:37:34,712 [grpc-default-executor-0] INFO  server.RaftServer (RaftServerProxy.java:addNew(98)) - cdb7ea93-9969-4a2d-8fff-2d6ab6bce964: addNew group-75E033552230:[c45f7b2b-079b-4ce1-93e8-334248332cec|rpc:10.1.0.47:15068|admin:10.1.0.47:15067|client:10.1.0.47:15066|dataStream:10.1.0.47:15069|priority:0|startupRole:FOLLOWER, cdb7ea93-9969-4a2d-8fff-2d6ab6bce964|rpc:10.1.0.47:15077|admin:10.1.0.47:15076|client:10.1.0.47:15075|dataStream:10.1.0.47:15078|priority:0|startupRole:FOLLOWER, f07173a4-652e-46dc-b7ae-8cd05d01b793|rpc:10.1.0.47:15086|admin:10.1.0.47:15085|client:10.1.0.47:15084|dataStream:10.1.0.47:15087|priority:1|startupRole:FOLLOWER] returns group-75E033552230:java.util.concurrent.CompletableFuture@664aefee[Not completed]
2023-06-23 00:37:34,713 [cdb7ea93-9969-4a2d-8fff-2d6ab6bce964-groupManagement] INFO  server.RaftServer$Division (RaftServerImpl.java:<init>(198)) - cdb7ea93-9969-4a2d-8fff-2d6ab6bce964: new RaftServerImpl for group-75E033552230:[c45f7b2b-079b-4ce1-93e8-334248332cec|rpc:10.1.0.47:15068|admin:10.1.0.47:15067|client:10.1.0.47:15066|dataStream:10.1.0.47:15069|priority:0|startupRole:FOLLOWER, cdb7ea93-9969-4a2d-8fff-2d6ab6bce964|rpc:10.1.0.47:15077|admin:10.1.0.47:15076|client:10.1.0.47:15075|dataStream:10.1.0.47:15078|priority:0|startupRole:FOLLOWER, f07173a4-652e-46dc-b7ae-8cd05d01b793|rpc:10.1.0.47:15086|admin:10.1.0.47:15085|client:10.1.0.47:15084|dataStream:10.1.0.47:15087|priority:1|startupRole:FOLLOWER] with ContainerStateMachine:uninitialized
2023-06-23 00:37:34,713 [cdb7ea93-9969-4a2d-8fff-2d6ab6bce964-groupManagement] INFO  server.RaftServerConfigKeys (ConfUtils.java:logGet(46)) - raft.server.rpc.timeout.min = 5s (custom)
2023-06-23 00:37:34,713 [cdb7ea93-9969-4a2d-8fff-2d6ab6bce964-groupManagement] INFO  server.RaftServerConfigKeys (ConfUtils.java:logGet(46)) - raft.server.rpc.timeout.max = 5200ms (custom)
2023-06-23 00:37:34,713 [cdb7ea93-9969-4a2d-8fff-2d6ab6bce964-groupManagement] INFO  server.RaftServerConfigKeys (ConfUtils.java:logGet(46)) - raft.server.rpc.sleep.time = 25ms (default)
2023-06-23 00:37:34,713 [cdb7ea93-9969-4a2d-8fff-2d6ab6bce964-groupManagement] INFO  server.RaftServerConfigKeys (ConfUtils.java:logGet(46)) - raft.server.rpc.slowness.timeout = 300s (custom)
2023-06-23 00:37:34,714 [cdb7ea93-9969-4a2d-8fff-2d6ab6bce964-groupManagement] INFO  server.RaftServerConfigKeys (ConfUtils.java:logGet(46)) - raft.server.leaderelection.leader.step-down.wait-time = 10s (default)
2023-06-23 00:37:34,714 [cdb7ea93-9969-4a2d-8fff-2d6ab6bce964-groupManagement] INFO  server.RaftServerConfigKeys (ConfUtils.java:logGet(46)) - raft.server.sleep.deviation.threshold = 300ms (default)
2023-06-23 00:37:34,714 [cdb7ea93-9969-4a2d-8fff-2d6ab6bce964-groupManagement] INFO  server.RaftServer$Division (ServerState.java:<init>(120)) - cdb7ea93-9969-4a2d-8fff-2d6ab6bce964@group-75E033552230: ConfigurationManager, init=-1: peers:[c45f7b2b-079b-4ce1-93e8-334248332cec|rpc:10.1.0.47:15068|admin:10.1.0.47:15067|client:10.1.0.47:15066|dataStream:10.1.0.47:15069|priority:0|startupRole:FOLLOWER, cdb7ea93-9969-4a2d-8fff-2d6ab6bce964|rpc:10.1.0.47:15077|admin:10.1.0.47:15076|client:10.1.0.47:15075|dataStream:10.1.0.47:15078|priority:0|startupRole:FOLLOWER, f07173a4-652e-46dc-b7ae-8cd05d01b793|rpc:10.1.0.47:15086|admin:10.1.0.47:15085|client:10.1.0.47:15084|dataStream:10.1.0.47:15087|priority:1|startupRole:FOLLOWER]|listeners:[], old=null, confs=<EMPTY_MAP>
2023-06-23 00:37:34,714 [cdb7ea93-9969-4a2d-8fff-2d6ab6bce964-groupManagement] INFO  server.RaftServerConfigKeys (ConfUtils.java:logGet(46)) - raft.server.storage.dir = [/home/runner/work/ozone/ozone/hadoop-ozone/integration-test/target/test-dir/MiniOzoneClusterImpl-3c3985d8-3248-4f19-a32f-4442bec32466/datanode-7/data/ratis] (custom)
2023-06-23 00:37:34,714 [cdb7ea93-9969-4a2d-8fff-2d6ab6bce964-groupManagement] INFO  server.RaftServerConfigKeys (ConfUtils.java:logGet(46)) - raft.server.log.corruption.policy = EXCEPTION (default)
2023-06-23 00:37:34,714 [cdb7ea93-9969-4a2d-8fff-2d6ab6bce964-groupManagement] INFO  server.RaftServerConfigKeys (ConfUtils.java:logGet(46)) - raft.server.storage.free-space.min = 0MB (=0) (default)
2023-06-23 00:37:34,714 [cdb7ea93-9969-4a2d-8fff-2d6ab6bce964-groupManagement] INFO  server.RaftServerConfigKeys (ConfUtils.java:logGet(46)) - raft.server.notification.no-leader.timeout = 300s (custom)
2023-06-23 00:37:34,714 [cdb7ea93-9969-4a2d-8fff-2d6ab6bce964-groupManagement] INFO  server.RaftServerConfigKeys (ConfUtils.java:logGet(46)) - raft.server.read.timeout = 10s (default)
2023-06-23 00:37:34,714 [cdb7ea93-9969-4a2d-8fff-2d6ab6bce964-groupManagement] INFO  server.RaftServerConfigKeys (ConfUtils.java:logGet(46)) - raft.server.retrycache.expirytime = 600000ms (custom)
2023-06-23 00:37:34,714 [cdb7ea93-9969-4a2d-8fff-2d6ab6bce964-groupManagement] INFO  server.RaftServerConfigKeys (ConfUtils.java:logGet(46)) - raft.server.retrycache.statistics.expirytime = 100μs (default)
2023-06-23 00:37:34,714 [cdb7ea93-9969-4a2d-8fff-2d6ab6bce964-groupManagement] INFO  server.RaftServerConfigKeys (ConfUtils.java:logGet(46)) - raft.server.read.option = DEFAULT (default)
2023-06-23 00:37:34,715 [cdb7ea93-9969-4a2d-8fff-2d6ab6bce964-groupManagement] INFO  server.RaftServerConfigKeys (ConfUtils.java:logGet(46)) - raft.server.rpc.request.timeout = 60s (custom)
2023-06-23 00:37:34,715 [cdb7ea93-9969-4a2d-8fff-2d6ab6bce964-groupManagement] INFO  server.RaftServerConfigKeys (ConfUtils.java:logGet(46)) - raft.server.log.appender.install.snapshot.enabled = false (custom)
2023-06-23 00:37:34,715 [cdb7ea93-9969-4a2d-8fff-2d6ab6bce964-groupManagement] INFO  server.RaftServerConfigKeys (ConfUtils.java:logGet(46)) - raft.server.threadpool.server.cached = true (default)
2023-06-23 00:37:34,715 [cdb7ea93-9969-4a2d-8fff-2d6ab6bce964-groupManagement] INFO  server.RaftServerConfigKeys (ConfUtils.java:logGet(46)) - raft.server.threadpool.server.size = 0 (default)
2023-06-23 00:37:34,715 [cdb7ea93-9969-4a2d-8fff-2d6ab6bce964-groupManagement] INFO  server.RaftServerConfigKeys (ConfUtils.java:logGet(46)) - raft.server.threadpool.client.cached = true (default)
2023-06-23 00:37:34,715 [cdb7ea93-9969-4a2d-8fff-2d6ab6bce964-groupManagement] INFO  server.RaftServerConfigKeys (ConfUtils.java:logGet(46)) - raft.server.threadpool.client.size = 0 (default)
2023-06-23 00:37:34,716 [cdb7ea93-9969-4a2d-8fff-2d6ab6bce964-groupManagement] INFO  storage.RaftStorageDirectory (RaftStorageDirectoryImpl.java:analyzeStorage(137)) - The storage directory /home/runner/work/ozone/ozone/hadoop-ozone/integration-test/target/test-dir/MiniOzoneClusterImpl-3c3985d8-3248-4f19-a32f-4442bec32466/datanode-7/data/ratis/ec9bc32f-eebc-47f0-85b8-75e033552230 does not exist. Creating ...
2023-06-23 00:37:34,717 [cdb7ea93-9969-4a2d-8fff-2d6ab6bce964-groupManagement] INFO  storage.RaftStorageDirectory (RaftStorageDirectoryImpl.java:tryLock(231)) - Lock on /home/runner/work/ozone/ozone/hadoop-ozone/integration-test/target/test-dir/MiniOzoneClusterImpl-3c3985d8-3248-4f19-a32f-4442bec32466/datanode-7/data/ratis/ec9bc32f-eebc-47f0-85b8-75e033552230/in_use.lock acquired by nodename 61456@fv-az570-151
2023-06-23 00:37:34,719 [cdb7ea93-9969-4a2d-8fff-2d6ab6bce964-groupManagement] INFO  storage.RaftStorage (RaftStorageImpl.java:format(96)) - Storage directory /home/runner/work/ozone/ozone/hadoop-ozone/integration-test/target/test-dir/MiniOzoneClusterImpl-3c3985d8-3248-4f19-a32f-4442bec32466/datanode-7/data/ratis/ec9bc32f-eebc-47f0-85b8-75e033552230 has been successfully formatted.
2023-06-23 00:37:34,719 [cdb7ea93-9969-4a2d-8fff-2d6ab6bce964-groupManagement] INFO  ratis.ContainerStateMachine (ContainerStateMachine.java:loadSnapshot(262)) - group-75E033552230: The snapshot info is null. Setting the last applied indexto:(t:0, i:~)
2023-06-23 00:37:34,719 [cdb7ea93-9969-4a2d-8fff-2d6ab6bce964-groupManagement] INFO  server.RaftServerConfigKeys (ConfUtils.java:logGet(46)) - raft.server.log.use.memory = false (default)
2023-06-23 00:37:34,719 [cdb7ea93-9969-4a2d-8fff-2d6ab6bce964-groupManagement] INFO  server.RaftServerConfigKeys (ConfUtils.java:logGet(46)) - raft.server.log.purge.gap = 1000000 (custom)
2023-06-23 00:37:34,720 [cdb7ea93-9969-4a2d-8fff-2d6ab6bce964-groupManagement] INFO  server.RaftServerConfigKeys (ConfUtils.java:logGet(46)) - raft.server.log.appender.buffer.byte-limit = 33554432 (custom)
2023-06-23 00:37:34,720 [cdb7ea93-9969-4a2d-8fff-2d6ab6bce964-groupManagement] INFO  server.RaftServerConfigKeys (ConfUtils.java:logGet(46)) - raft.server.log.statemachine.data.read.timeout = 1000ms (default)
2023-06-23 00:37:34,720 [cdb7ea93-9969-4a2d-8fff-2d6ab6bce964-groupManagement] INFO  server.RaftServerConfigKeys (ConfUtils.java:logGet(46)) - raft.server.log.purge.preservation.log.num = 0 (default)
2023-06-23 00:37:34,720 [cdb7ea93-9969-4a2d-8fff-2d6ab6bce964-groupManagement] INFO  server.RaftServerConfigKeys (ConfUtils.java:logGet(46)) - raft.server.log.segment.size.max = 1048576 (custom)
2023-06-23 00:37:34,720 [cdb7ea93-9969-4a2d-8fff-2d6ab6bce964-groupManagement] INFO  server.RaftServerConfigKeys (ConfUtils.java:logGet(46)) - raft.server.log.segment.cache.num.max = 2 (custom)
2023-06-23 00:37:34,720 [cdb7ea93-9969-4a2d-8fff-2d6ab6bce964-groupManagement] INFO  server.RaftServerConfigKeys (ConfUtils.java:logGet(46)) - raft.server.log.segment.cache.size.max = 200MB (=209715200) (default)
2023-06-23 00:37:34,720 [cdb7ea93-9969-4a2d-8fff-2d6ab6bce964-groupManagement] INFO  server.RaftServerConfigKeys (ConfUtils.java:logGet(46)) - raft.server.log.appender.buffer.byte-limit = 33554432 (custom)
2023-06-23 00:37:34,720 [cdb7ea93-9969-4a2d-8fff-2d6ab6bce964-groupManagement] INFO  segmented.SegmentedRaftLogWorker (SegmentedRaftLogWorker.java:<init>(188)) - new cdb7ea93-9969-4a2d-8fff-2d6ab6bce964@group-75E033552230-SegmentedRaftLogWorker for RaftStorageImpl:Storage Directory /home/runner/work/ozone/ozone/hadoop-ozone/integration-test/target/test-dir/MiniOzoneClusterImpl-3c3985d8-3248-4f19-a32f-4442bec32466/datanode-7/data/ratis/ec9bc32f-eebc-47f0-85b8-75e033552230
2023-06-23 00:37:34,720 [cdb7ea93-9969-4a2d-8fff-2d6ab6bce964-groupManagement] INFO  server.RaftServerConfigKeys (ConfUtils.java:logGet(46)) - raft.server.log.queue.byte-limit = 4294967296 (custom)
2023-06-23 00:37:34,720 [cdb7ea93-9969-4a2d-8fff-2d6ab6bce964-groupManagement] INFO  server.RaftServerConfigKeys (ConfUtils.java:logGet(46)) - raft.server.log.queue.element-limit = 1024 (custom)
2023-06-23 00:37:34,720 [cdb7ea93-9969-4a2d-8fff-2d6ab6bce964-groupManagement] INFO  server.RaftServerConfigKeys (ConfUtils.java:logGet(46)) - raft.server.log.segment.size.max = 1048576 (custom)
2023-06-23 00:37:34,721 [cdb7ea93-9969-4a2d-8fff-2d6ab6bce964-groupManagement] INFO  server.RaftServerConfigKeys (ConfUtils.java:logGet(46)) - raft.server.log.preallocated.size = 16384 (custom)
2023-06-23 00:37:34,721 [cdb7ea93-9969-4a2d-8fff-2d6ab6bce964-groupManagement] INFO  server.RaftServerConfigKeys (ConfUtils.java:logGet(46)) - raft.server.log.force.sync.num = 128 (default)
2023-06-23 00:37:34,721 [cdb7ea93-9969-4a2d-8fff-2d6ab6bce964-groupManagement] INFO  server.RaftServerConfigKeys (ConfUtils.java:logGet(46)) - raft.server.log.statemachine.data.sync = true (default)
2023-06-23 00:37:34,721 [cdb7ea93-9969-4a2d-8fff-2d6ab6bce964-groupManagement] INFO  server.RaftServerConfigKeys (ConfUtils.java:logGet(46)) - raft.server.log.statemachine.data.sync.timeout = 10s (default)
2023-06-23 00:37:34,721 [cdb7ea93-9969-4a2d-8fff-2d6ab6bce964-groupManagement] INFO  server.RaftServerConfigKeys (ConfUtils.java:logGet(46)) - raft.server.log.statemachine.data.sync.timeout.retry = -1 (default)
2023-06-23 00:37:34,721 [cdb7ea93-9969-4a2d-8fff-2d6ab6bce964-groupManagement] INFO  server.RaftServerConfigKeys (ConfUtils.java:logGet(46)) - raft.server.log.write.buffer.size = 1048576 (custom)
2023-06-23 00:37:34,723 [cdb7ea93-9969-4a2d-8fff-2d6ab6bce964-groupManagement] INFO  server.RaftServerConfigKeys (ConfUtils.java:logGet(46)) - raft.server.log.appender.buffer.byte-limit = 33554432 (custom)
2023-06-23 00:37:34,727 [cdb7ea93-9969-4a2d-8fff-2d6ab6bce964-groupManagement] INFO  server.RaftServerConfigKeys (ConfUtils.java:logGet(46)) - raft.server.log.unsafe-flush.enabled = false (default)
2023-06-23 00:37:34,728 [cdb7ea93-9969-4a2d-8fff-2d6ab6bce964-groupManagement] INFO  server.RaftServerConfigKeys (ConfUtils.java:logGet(46)) - raft.server.log.async-flush.enabled = false (default)
2023-06-23 00:37:34,728 [cdb7ea93-9969-4a2d-8fff-2d6ab6bce964-groupManagement] INFO  server.RaftServerConfigKeys (ConfUtils.java:logGet(46)) - raft.server.log.statemachine.data.caching.enabled = true (custom)
2023-06-23 00:37:34,728 [cdb7ea93-9969-4a2d-8fff-2d6ab6bce964-groupManagement] INFO  segmented.SegmentedRaftLogWorker (SegmentedRaftLogWorker.java:lambda$new$0(135)) - cdb7ea93-9969-4a2d-8fff-2d6ab6bce964@group-75E033552230-SegmentedRaftLogWorker: flushIndex: setUnconditionally 0 -> -1
2023-06-23 00:37:34,728 [cdb7ea93-9969-4a2d-8fff-2d6ab6bce964-groupManagement] INFO  segmented.SegmentedRaftLogWorker (SegmentedRaftLogWorker.java:lambda$new$0(135)) - cdb7ea93-9969-4a2d-8fff-2d6ab6bce964@group-75E033552230-SegmentedRaftLogWorker: safeCacheEvictIndex: setUnconditionally 0 -> -1
2023-06-23 00:37:34,728 [cdb7ea93-9969-4a2d-8fff-2d6ab6bce964-groupManagement] INFO  server.RaftServer$Division (RaftServerImpl.java:start(342)) - cdb7ea93-9969-4a2d-8fff-2d6ab6bce964@group-75E033552230: start as a follower, conf=-1: peers:[c45f7b2b-079b-4ce1-93e8-334248332cec|rpc:10.1.0.47:15068|admin:10.1.0.47:15067|client:10.1.0.47:15066|dataStream:10.1.0.47:15069|priority:0|startupRole:FOLLOWER, cdb7ea93-9969-4a2d-8fff-2d6ab6bce964|rpc:10.1.0.47:15077|admin:10.1.0.47:15076|client:10.1.0.47:15075|dataStream:10.1.0.47:15078|priority:0|startupRole:FOLLOWER, f07173a4-652e-46dc-b7ae-8cd05d01b793|rpc:10.1.0.47:15086|admin:10.1.0.47:15085|client:10.1.0.47:15084|dataStream:10.1.0.47:15087|priority:1|startupRole:FOLLOWER]|listeners:[], old=null
2023-06-23 00:37:34,728 [cdb7ea93-9969-4a2d-8fff-2d6ab6bce964-groupManagement] INFO  server.RaftServer$Division (RaftServerImpl.java:setRole(329)) - cdb7ea93-9969-4a2d-8fff-2d6ab6bce964@group-75E033552230: changes role from      null to FOLLOWER at term 0 for startAsFollower
2023-06-23 00:37:34,728 [cdb7ea93-9969-4a2d-8fff-2d6ab6bce964-groupManagement] INFO  impl.RoleInfo (RoleInfo.java:updateAndGet(139)) - cdb7ea93-9969-4a2d-8fff-2d6ab6bce964: start cdb7ea93-9969-4a2d-8fff-2d6ab6bce964@group-75E033552230-FollowerState
2023-06-23 00:37:34,728 [cdb7ea93-9969-4a2d-8fff-2d6ab6bce964-groupManagement] INFO  util.JmxRegister (JmxRegister.java:tryRegister(44)) - Successfully registered JMX Bean with object name Ratis:service=RaftServer,group=group-75E033552230,id=cdb7ea93-9969-4a2d-8fff-2d6ab6bce964
2023-06-23 00:37:34,728 [cdb7ea93-9969-4a2d-8fff-2d6ab6bce964-groupManagement] INFO  server.RaftServerConfigKeys (ConfUtils.java:logGet(46)) - raft.server.snapshot.auto.trigger.enabled = true (custom)
2023-06-23 00:37:34,729 [cdb7ea93-9969-4a2d-8fff-2d6ab6bce964-groupManagement] INFO  server.RaftServerConfigKeys (ConfUtils.java:logGet(46)) - raft.server.snapshot.auto.trigger.threshold = 10000 (custom)
2023-06-23 00:37:34,729 [cdb7ea93-9969-4a2d-8fff-2d6ab6bce964-groupManagement] INFO  server.RaftServerConfigKeys (ConfUtils.java:logGet(46)) - raft.server.snapshot.retention.file.num = 5 (custom)
2023-06-23 00:37:34,729 [cdb7ea93-9969-4a2d-8fff-2d6ab6bce964-groupManagement] INFO  server.RaftServerConfigKeys (ConfUtils.java:logGet(46)) - raft.server.log.purge.upto.snapshot.index = false (default)
2023-06-23 00:37:34,730 [cdb7ea93-9969-4a2d-8fff-2d6ab6bce964@group-75E033552230-FollowerState] INFO  server.RaftServerConfigKeys (ConfUtils.java:logFallback(53)) - raft.server.rpc.first-election.timeout.min = 5s (fallback to raft.server.rpc.timeout.min)
2023-06-23 00:37:34,730 [cdb7ea93-9969-4a2d-8fff-2d6ab6bce964@group-75E033552230-FollowerState] INFO  server.RaftServerConfigKeys (ConfUtils.java:logFallback(53)) - raft.server.rpc.first-election.timeout.max = 5200ms (fallback to raft.server.rpc.timeout.max)
2023-06-23 00:37:34,753 [PipelineCommandHandlerThread-0] INFO  commandhandler.CreatePipelineCommandHandler (CreatePipelineCommandHandler.java:lambda$handle$2(124)) - Created Pipeline RATIS THREE PipelineID=ec9bc32f-eebc-47f0-85b8-75e033552230.
2023-06-23 00:37:34,881 [main] INFO  ozone.MiniOzoneClusterImpl (MiniOzoneClusterImpl.java:lambda$waitForClusterToBeReady$0(224)) - Nodes are ready. Got 10 of 10 DN Heartbeats.
2023-06-23 00:37:34,881 [main] INFO  ozone.MiniOzoneClusterImpl (MiniOzoneClusterImpl.java:lambda$waitForClusterToBeReady$0(227)) - Waiting for cluster to exit safe mode
2023-06-23 00:37:34,881 [main] INFO  ozone.MiniOzoneClusterImpl (MiniOzoneClusterImpl.java:lambda$waitForClusterToBeReady$0(229)) - SCM became leader
2023-06-23 00:37:34,986 [PipelineCommandHandlerThread-0] INFO  server.RaftServer (RaftServerProxy.java:addNew(98)) - cdb7ea93-9969-4a2d-8fff-2d6ab6bce964: addNew group-3061DB033648:[cdb7ea93-9969-4a2d-8fff-2d6ab6bce964|rpc:10.1.0.47:15077|admin:10.1.0.47:15076|client:10.1.0.47:15075|dataStream:10.1.0.47:15078|priority:1|startupRole:FOLLOWER] returns group-3061DB033648:java.util.concurrent.CompletableFuture@68a8b609[Not completed]
2023-06-23 00:37:34,987 [cdb7ea93-9969-4a2d-8fff-2d6ab6bce964-groupManagement] INFO  server.RaftServer$Division (RaftServerImpl.java:<init>(198)) - cdb7ea93-9969-4a2d-8fff-2d6ab6bce964: new RaftServerImpl for group-3061DB033648:[cdb7ea93-9969-4a2d-8fff-2d6ab6bce964|rpc:10.1.0.47:15077|admin:10.1.0.47:15076|client:10.1.0.47:15075|dataStream:10.1.0.47:15078|priority:1|startupRole:FOLLOWER] with ContainerStateMachine:uninitialized
2023-06-23 00:37:34,987 [cdb7ea93-9969-4a2d-8fff-2d6ab6bce964-groupManagement] INFO  server.RaftServerConfigKeys (ConfUtils.java:logGet(46)) - raft.server.rpc.timeout.min = 5s (custom)
2023-06-23 00:37:34,987 [cdb7ea93-9969-4a2d-8fff-2d6ab6bce964-groupManagement] INFO  server.RaftServerConfigKeys (ConfUtils.java:logGet(46)) - raft.server.rpc.timeout.max = 5200ms (custom)
2023-06-23 00:37:34,987 [cdb7ea93-9969-4a2d-8fff-2d6ab6bce964-groupManagement] INFO  server.RaftServerConfigKeys (ConfUtils.java:logGet(46)) - raft.server.rpc.sleep.time = 25ms (default)
2023-06-23 00:37:34,987 [cdb7ea93-9969-4a2d-8fff-2d6ab6bce964-groupManagement] INFO  server.RaftServerConfigKeys (ConfUtils.java:logGet(46)) - raft.server.rpc.slowness.timeout = 300s (custom)
2023-06-23 00:37:34,987 [cdb7ea93-9969-4a2d-8fff-2d6ab6bce964-groupManagement] INFO  server.RaftServerConfigKeys (ConfUtils.java:logGet(46)) - raft.server.leaderelection.leader.step-down.wait-time = 10s (default)
2023-06-23 00:37:34,987 [cdb7ea93-9969-4a2d-8fff-2d6ab6bce964-groupManagement] INFO  server.RaftServerConfigKeys (ConfUtils.java:logGet(46)) - raft.server.sleep.deviation.threshold = 300ms (default)
2023-06-23 00:37:34,987 [cdb7ea93-9969-4a2d-8fff-2d6ab6bce964-groupManagement] INFO  server.RaftServer$Division (ServerState.java:<init>(120)) - cdb7ea93-9969-4a2d-8fff-2d6ab6bce964@group-3061DB033648: ConfigurationManager, init=-1: peers:[cdb7ea93-9969-4a2d-8fff-2d6ab6bce964|rpc:10.1.0.47:15077|admin:10.1.0.47:15076|client:10.1.0.47:15075|dataStream:10.1.0.47:15078|priority:1|startupRole:FOLLOWER]|listeners:[], old=null, confs=<EMPTY_MAP>
2023-06-23 00:37:34,987 [cdb7ea93-9969-4a2d-8fff-2d6ab6bce964-groupManagement] INFO  server.RaftServerConfigKeys (ConfUtils.java:logGet(46)) - raft.server.storage.dir = [/home/runner/work/ozone/ozone/hadoop-ozone/integration-test/target/test-dir/MiniOzoneClusterImpl-3c3985d8-3248-4f19-a32f-4442bec32466/datanode-7/data/ratis] (custom)
2023-06-23 00:37:34,987 [cdb7ea93-9969-4a2d-8fff-2d6ab6bce964-groupManagement] INFO  server.RaftServerConfigKeys (ConfUtils.java:logGet(46)) - raft.server.log.corruption.policy = EXCEPTION (default)
2023-06-23 00:37:34,987 [cdb7ea93-9969-4a2d-8fff-2d6ab6bce964-groupManagement] INFO  server.RaftServerConfigKeys (ConfUtils.java:logGet(46)) - raft.server.storage.free-space.min = 0MB (=0) (default)
2023-06-23 00:37:34,987 [cdb7ea93-9969-4a2d-8fff-2d6ab6bce964-groupManagement] INFO  server.RaftServerConfigKeys (ConfUtils.java:logGet(46)) - raft.server.notification.no-leader.timeout = 300s (custom)
2023-06-23 00:37:34,987 [cdb7ea93-9969-4a2d-8fff-2d6ab6bce964-groupManagement] INFO  server.RaftServerConfigKeys (ConfUtils.java:logGet(46)) - raft.server.read.timeout = 10s (default)
2023-06-23 00:37:34,987 [cdb7ea93-9969-4a2d-8fff-2d6ab6bce964-groupManagement] INFO  server.RaftServerConfigKeys (ConfUtils.java:logGet(46)) - raft.server.retrycache.expirytime = 600000ms (custom)
2023-06-23 00:37:34,987 [cdb7ea93-9969-4a2d-8fff-2d6ab6bce964-groupManagement] INFO  server.RaftServerConfigKeys (ConfUtils.java:logGet(46)) - raft.server.retrycache.statistics.expirytime = 100μs (default)
2023-06-23 00:37:34,988 [cdb7ea93-9969-4a2d-8fff-2d6ab6bce964-groupManagement] INFO  server.RaftServerConfigKeys (ConfUtils.java:logGet(46)) - raft.server.read.option = DEFAULT (default)
2023-06-23 00:37:34,988 [cdb7ea93-9969-4a2d-8fff-2d6ab6bce964-groupManagement] INFO  server.RaftServerConfigKeys (ConfUtils.java:logGet(46)) - raft.server.rpc.request.timeout = 60s (custom)
2023-06-23 00:37:34,989 [cdb7ea93-9969-4a2d-8fff-2d6ab6bce964-groupManagement] INFO  server.RaftServerConfigKeys (ConfUtils.java:logGet(46)) - raft.server.log.appender.install.snapshot.enabled = false (custom)
2023-06-23 00:37:34,989 [cdb7ea93-9969-4a2d-8fff-2d6ab6bce964-groupManagement] INFO  server.RaftServerConfigKeys (ConfUtils.java:logGet(46)) - raft.server.threadpool.server.cached = true (default)
2023-06-23 00:37:34,989 [cdb7ea93-9969-4a2d-8fff-2d6ab6bce964-groupManagement] INFO  server.RaftServerConfigKeys (ConfUtils.java:logGet(46)) - raft.server.threadpool.server.size = 0 (default)
2023-06-23 00:37:34,989 [cdb7ea93-9969-4a2d-8fff-2d6ab6bce964-groupManagement] INFO  server.RaftServerConfigKeys (ConfUtils.java:logGet(46)) - raft.server.threadpool.client.cached = true (default)
2023-06-23 00:37:34,989 [cdb7ea93-9969-4a2d-8fff-2d6ab6bce964-groupManagement] INFO  server.RaftServerConfigKeys (ConfUtils.java:logGet(46)) - raft.server.threadpool.client.size = 0 (default)
2023-06-23 00:37:34,989 [cdb7ea93-9969-4a2d-8fff-2d6ab6bce964-groupManagement] INFO  storage.RaftStorageDirectory (RaftStorageDirectoryImpl.java:analyzeStorage(137)) - The storage directory /home/runner/work/ozone/ozone/hadoop-ozone/integration-test/target/test-dir/MiniOzoneClusterImpl-3c3985d8-3248-4f19-a32f-4442bec32466/datanode-7/data/ratis/b9f80ebc-a812-4ffe-bf2e-3061db033648 does not exist. Creating ...
2023-06-23 00:37:34,990 [cdb7ea93-9969-4a2d-8fff-2d6ab6bce964-groupManagement] INFO  storage.RaftStorageDirectory (RaftStorageDirectoryImpl.java:tryLock(231)) - Lock on /home/runner/work/ozone/ozone/hadoop-ozone/integration-test/target/test-dir/MiniOzoneClusterImpl-3c3985d8-3248-4f19-a32f-4442bec32466/datanode-7/data/ratis/b9f80ebc-a812-4ffe-bf2e-3061db033648/in_use.lock acquired by nodename 61456@fv-az570-151
2023-06-23 00:37:34,991 [cdb7ea93-9969-4a2d-8fff-2d6ab6bce964-groupManagement] INFO  storage.RaftStorage (RaftStorageImpl.java:format(96)) - Storage directory /home/runner/work/ozone/ozone/hadoop-ozone/integration-test/target/test-dir/MiniOzoneClusterImpl-3c3985d8-3248-4f19-a32f-4442bec32466/datanode-7/data/ratis/b9f80ebc-a812-4ffe-bf2e-3061db033648 has been successfully formatted.
2023-06-23 00:37:34,991 [cdb7ea93-9969-4a2d-8fff-2d6ab6bce964-groupManagement] INFO  ratis.ContainerStateMachine (ContainerStateMachine.java:loadSnapshot(262)) - group-3061DB033648: The snapshot info is null. Setting the last applied indexto:(t:0, i:~)
2023-06-23 00:37:34,991 [cdb7ea93-9969-4a2d-8fff-2d6ab6bce964-groupManagement] INFO  server.RaftServerConfigKeys (ConfUtils.java:logGet(46)) - raft.server.log.use.memory = false (default)
2023-06-23 00:37:34,991 [cdb7ea93-9969-4a2d-8fff-2d6ab6bce964-groupManagement] INFO  server.RaftServerConfigKeys (ConfUtils.java:logGet(46)) - raft.server.log.purge.gap = 1000000 (custom)
2023-06-23 00:37:34,991 [cdb7ea93-9969-4a2d-8fff-2d6ab6bce964-groupManagement] INFO  server.RaftServerConfigKeys (ConfUtils.java:logGet(46)) - raft.server.log.appender.buffer.byte-limit = 33554432 (custom)
2023-06-23 00:37:34,992 [cdb7ea93-9969-4a2d-8fff-2d6ab6bce964-groupManagement] INFO  server.RaftServerConfigKeys (ConfUtils.java:logGet(46)) - raft.server.log.statemachine.data.read.timeout = 1000ms (default)
2023-06-23 00:37:34,992 [cdb7ea93-9969-4a2d-8fff-2d6ab6bce964-groupManagement] INFO  server.RaftServerConfigKeys (ConfUtils.java:logGet(46)) - raft.server.log.purge.preservation.log.num = 0 (default)
2023-06-23 00:37:34,992 [cdb7ea93-9969-4a2d-8fff-2d6ab6bce964-groupManagement] INFO  server.RaftServerConfigKeys (ConfUtils.java:logGet(46)) - raft.server.log.segment.size.max = 1048576 (custom)
2023-06-23 00:37:34,992 [cdb7ea93-9969-4a2d-8fff-2d6ab6bce964-groupManagement] INFO  server.RaftServerConfigKeys (ConfUtils.java:logGet(46)) - raft.server.log.segment.cache.num.max = 2 (custom)
2023-06-23 00:37:34,992 [cdb7ea93-9969-4a2d-8fff-2d6ab6bce964-groupManagement] INFO  server.RaftServerConfigKeys (ConfUtils.java:logGet(46)) - raft.server.log.segment.cache.size.max = 200MB (=209715200) (default)
2023-06-23 00:37:34,992 [cdb7ea93-9969-4a2d-8fff-2d6ab6bce964-groupManagement] INFO  server.RaftServerConfigKeys (ConfUtils.java:logGet(46)) - raft.server.log.appender.buffer.byte-limit = 33554432 (custom)
2023-06-23 00:37:34,992 [cdb7ea93-9969-4a2d-8fff-2d6ab6bce964-groupManagement] INFO  segmented.SegmentedRaftLogWorker (SegmentedRaftLogWorker.java:<init>(188)) - new cdb7ea93-9969-4a2d-8fff-2d6ab6bce964@group-3061DB033648-SegmentedRaftLogWorker for RaftStorageImpl:Storage Directory /home/runner/work/ozone/ozone/hadoop-ozone/integration-test/target/test-dir/MiniOzoneClusterImpl-3c3985d8-3248-4f19-a32f-4442bec32466/datanode-7/data/ratis/b9f80ebc-a812-4ffe-bf2e-3061db033648
2023-06-23 00:37:34,992 [cdb7ea93-9969-4a2d-8fff-2d6ab6bce964-groupManagement] INFO  server.RaftServerConfigKeys (ConfUtils.java:logGet(46)) - raft.server.log.queue.byte-limit = 4294967296 (custom)
2023-06-23 00:37:34,992 [cdb7ea93-9969-4a2d-8fff-2d6ab6bce964-groupManagement] INFO  server.RaftServerConfigKeys (ConfUtils.java:logGet(46)) - raft.server.log.queue.element-limit = 1024 (custom)
2023-06-23 00:37:34,992 [cdb7ea93-9969-4a2d-8fff-2d6ab6bce964-groupManagement] INFO  server.RaftServerConfigKeys (ConfUtils.java:logGet(46)) - raft.server.log.segment.size.max = 1048576 (custom)
2023-06-23 00:37:34,992 [cdb7ea93-9969-4a2d-8fff-2d6ab6bce964-groupManagement] INFO  server.RaftServerConfigKeys (ConfUtils.java:logGet(46)) - raft.server.log.preallocated.size = 16384 (custom)
2023-06-23 00:37:34,993 [cdb7ea93-9969-4a2d-8fff-2d6ab6bce964-groupManagement] INFO  server.RaftServerConfigKeys (ConfUtils.java:logGet(46)) - raft.server.log.force.sync.num = 128 (default)
2023-06-23 00:37:34,993 [cdb7ea93-9969-4a2d-8fff-2d6ab6bce964-groupManagement] INFO  server.RaftServerConfigKeys (ConfUtils.java:logGet(46)) - raft.server.log.statemachine.data.sync = true (default)
2023-06-23 00:37:34,993 [cdb7ea93-9969-4a2d-8fff-2d6ab6bce964-groupManagement] INFO  server.RaftServerConfigKeys (ConfUtils.java:logGet(46)) - raft.server.log.statemachine.data.sync.timeout = 10s (default)
2023-06-23 00:37:34,992 [EventQueue-PipelineReportForPipelineReportHandler] INFO  pipeline.PipelineManagerImpl (PipelineManagerImpl.java:openPipeline(367)) - Pipeline Pipeline[ Id: b9f80ebc-a812-4ffe-bf2e-3061db033648, Nodes: cdb7ea93-9969-4a2d-8fff-2d6ab6bce964(fv-az570-151.srgqcr2moziuvm0qev4lajleyh.dx.internal.cloudapp.net/10.1.0.47), ReplicationConfig: RATIS/ONE, State:ALLOCATED, leaderId:cdb7ea93-9969-4a2d-8fff-2d6ab6bce964, CreationTimestamp2023-06-23T00:37:31.991Z[Etc/UTC]] moved to OPEN state
2023-06-23 00:37:34,993 [cdb7ea93-9969-4a2d-8fff-2d6ab6bce964-groupManagement] INFO  server.RaftServerConfigKeys (ConfUtils.java:logGet(46)) - raft.server.log.statemachine.data.sync.timeout.retry = -1 (default)
2023-06-23 00:37:34,993 [EventQueue-OpenPipelineForHealthyPipelineSafeModeRule] INFO  safemode.SCMSafeModeManager (HealthyPipelineSafeModeRule.java:process(137)) - SCM in safe mode. Healthy pipelines reported count is 0, required healthy pipeline reported count is 1
2023-06-23 00:37:34,993 [cdb7ea93-9969-4a2d-8fff-2d6ab6bce964-groupManagement] INFO  server.RaftServerConfigKeys (ConfUtils.java:logGet(46)) - raft.server.log.write.buffer.size = 1048576 (custom)
2023-06-23 00:37:34,995 [cdb7ea93-9969-4a2d-8fff-2d6ab6bce964-groupManagement] INFO  server.RaftServerConfigKeys (ConfUtils.java:logGet(46)) - raft.server.log.appender.buffer.byte-limit = 33554432 (custom)
2023-06-23 00:37:35,396 [JvmPauseMonitor8] WARN  util.JvmPauseMonitor (JvmPauseMonitor.java:detectPause(124)) - JvmPauseMonitor-c45f7b2b-079b-4ce1-93e8-334248332cec: Detected pause in JVM or host machine approximately 0.382s with 0.387s GC time.
GC pool 'PS MarkSweep' had collection(s): count=1 time=246ms
GC pool 'PS Scavenge' had collection(s): count=1 time=141ms
2023-06-23 00:37:35,399 [cdb7ea93-9969-4a2d-8fff-2d6ab6bce964-groupManagement] INFO  server.RaftServerConfigKeys (ConfUtils.java:logGet(46)) - raft.server.log.unsafe-flush.enabled = false (default)
2023-06-23 00:37:35,400 [cdb7ea93-9969-4a2d-8fff-2d6ab6bce964-groupManagement] INFO  server.RaftServerConfigKeys (ConfUtils.java:logGet(46)) - raft.server.log.async-flush.enabled = false (default)
2023-06-23 00:37:35,400 [cdb7ea93-9969-4a2d-8fff-2d6ab6bce964-groupManagement] INFO  server.RaftServerConfigKeys (ConfUtils.java:logGet(46)) - raft.server.log.statemachine.data.caching.enabled = true (custom)
2023-06-23 00:37:35,400 [cdb7ea93-9969-4a2d-8fff-2d6ab6bce964-groupManagement] INFO  segmented.SegmentedRaftLogWorker (SegmentedRaftLogWorker.java:lambda$new$0(135)) - cdb7ea93-9969-4a2d-8fff-2d6ab6bce964@group-3061DB033648-SegmentedRaftLogWorker: flushIndex: setUnconditionally 0 -> -1
2023-06-23 00:37:35,400 [cdb7ea93-9969-4a2d-8fff-2d6ab6bce964-groupManagement] INFO  segmented.SegmentedRaftLogWorker (SegmentedRaftLogWorker.java:lambda$new$0(135)) - cdb7ea93-9969-4a2d-8fff-2d6ab6bce964@group-3061DB033648-SegmentedRaftLogWorker: safeCacheEvictIndex: setUnconditionally 0 -> -1
2023-06-23 00:37:35,401 [f07173a4-652e-46dc-b7ae-8cd05d01b793-groupManagement] INFO  server.RaftServer$Division (RaftServerImpl.java:<init>(198)) - f07173a4-652e-46dc-b7ae-8cd05d01b793: new RaftServerImpl for group-3089932C8BF3:[f07173a4-652e-46dc-b7ae-8cd05d01b793|rpc:10.1.0.47:15086|admin:10.1.0.47:15085|client:10.1.0.47:15084|dataStream:10.1.0.47:15087|priority:1|startupRole:FOLLOWER] with ContainerStateMachine:uninitialized
2023-06-23 00:37:35,401 [f07173a4-652e-46dc-b7ae-8cd05d01b793-groupManagement] INFO  server.RaftServerConfigKeys (ConfUtils.java:logGet(46)) - raft.server.rpc.timeout.min = 5s (custom)
2023-06-23 00:37:35,401 [f07173a4-652e-46dc-b7ae-8cd05d01b793-groupManagement] INFO  server.RaftServerConfigKeys (ConfUtils.java:logGet(46)) - raft.server.rpc.timeout.max = 5200ms (custom)
2023-06-23 00:37:35,401 [f07173a4-652e-46dc-b7ae-8cd05d01b793-groupManagement] INFO  server.RaftServerConfigKeys (ConfUtils.java:logGet(46)) - raft.server.rpc.sleep.time = 25ms (default)
2023-06-23 00:37:35,401 [f07173a4-652e-46dc-b7ae-8cd05d01b793-groupManagement] INFO  server.RaftServerConfigKeys (ConfUtils.java:logGet(46)) - raft.server.rpc.slowness.timeout = 300s (custom)
2023-06-23 00:37:35,401 [f07173a4-652e-46dc-b7ae-8cd05d01b793-groupManagement] INFO  server.RaftServerConfigKeys (ConfUtils.java:logGet(46)) - raft.server.leaderelection.leader.step-down.wait-time = 10s (default)
2023-06-23 00:37:35,401 [f07173a4-652e-46dc-b7ae-8cd05d01b793-groupManagement] INFO  server.RaftServerConfigKeys (ConfUtils.java:logGet(46)) - raft.server.sleep.deviation.threshold = 300ms (default)
2023-06-23 00:37:35,402 [f07173a4-652e-46dc-b7ae-8cd05d01b793-groupManagement] INFO  server.RaftServer$Division (ServerState.java:<init>(120)) - f07173a4-652e-46dc-b7ae-8cd05d01b793@group-3089932C8BF3: ConfigurationManager, init=-1: peers:[f07173a4-652e-46dc-b7ae-8cd05d01b793|rpc:10.1.0.47:15086|admin:10.1.0.47:15085|client:10.1.0.47:15084|dataStream:10.1.0.47:15087|priority:1|startupRole:FOLLOWER]|listeners:[], old=null, confs=<EMPTY_MAP>
2023-06-23 00:37:35,402 [f07173a4-652e-46dc-b7ae-8cd05d01b793-groupManagement] INFO  server.RaftServerConfigKeys (ConfUtils.java:logGet(46)) - raft.server.storage.dir = [/home/runner/work/ozone/ozone/hadoop-ozone/integration-test/target/test-dir/MiniOzoneClusterImpl-3c3985d8-3248-4f19-a32f-4442bec32466/datanode-8/data/ratis] (custom)
2023-06-23 00:37:35,402 [f07173a4-652e-46dc-b7ae-8cd05d01b793-groupManagement] INFO  server.RaftServerConfigKeys (ConfUtils.java:logGet(46)) - raft.server.log.corruption.policy = EXCEPTION (default)
2023-06-23 00:37:35,402 [f07173a4-652e-46dc-b7ae-8cd05d01b793-groupManagement] INFO  server.RaftServerConfigKeys (ConfUtils.java:logGet(46)) - raft.server.storage.free-space.min = 0MB (=0) (default)
2023-06-23 00:37:35,402 [f07173a4-652e-46dc-b7ae-8cd05d01b793-groupManagement] INFO  server.RaftServerConfigKeys (ConfUtils.java:logGet(46)) - raft.server.notification.no-leader.timeout = 300s (custom)
2023-06-23 00:37:35,402 [f07173a4-652e-46dc-b7ae-8cd05d01b793-groupManagement] INFO  server.RaftServerConfigKeys (ConfUtils.java:logGet(46)) - raft.server.read.timeout = 10s (default)
2023-06-23 00:37:35,402 [f07173a4-652e-46dc-b7ae-8cd05d01b793-groupManagement] INFO  server.RaftServerConfigKeys (ConfUtils.java:logGet(46)) - raft.server.retrycache.expirytime = 600000ms (custom)
2023-06-23 00:37:35,402 [f07173a4-652e-46dc-b7ae-8cd05d01b793-groupManagement] INFO  server.RaftServerConfigKeys (ConfUtils.java:logGet(46)) - raft.server.retrycache.statistics.expirytime = 100μs (default)
2023-06-23 00:37:35,403 [f07173a4-652e-46dc-b7ae-8cd05d01b793-groupManagement] INFO  server.RaftServerConfigKeys (ConfUtils.java:logGet(46)) - raft.server.read.option = DEFAULT (default)
2023-06-23 00:37:35,403 [f07173a4-652e-46dc-b7ae-8cd05d01b793-groupManagement] INFO  server.RaftServerConfigKeys (ConfUtils.java:logGet(46)) - raft.server.rpc.request.timeout = 60s (custom)
2023-06-23 00:37:35,404 [f07173a4-652e-46dc-b7ae-8cd05d01b793-groupManagement] INFO  server.RaftServerConfigKeys (ConfUtils.java:logGet(46)) - raft.server.log.appender.install.snapshot.enabled = false (custom)
2023-06-23 00:37:35,404 [f07173a4-652e-46dc-b7ae-8cd05d01b793-groupManagement] INFO  server.RaftServerConfigKeys (ConfUtils.java:logGet(46)) - raft.server.threadpool.server.cached = true (default)
2023-06-23 00:37:35,404 [f07173a4-652e-46dc-b7ae-8cd05d01b793-groupManagement] INFO  server.RaftServerConfigKeys (ConfUtils.java:logGet(46)) - raft.server.threadpool.server.size = 0 (default)
2023-06-23 00:37:35,404 [f07173a4-652e-46dc-b7ae-8cd05d01b793-groupManagement] INFO  server.RaftServerConfigKeys (ConfUtils.java:logGet(46)) - raft.server.threadpool.client.cached = true (default)
2023-06-23 00:37:35,404 [f07173a4-652e-46dc-b7ae-8cd05d01b793-groupManagement] INFO  server.RaftServerConfigKeys (ConfUtils.java:logGet(46)) - raft.server.threadpool.client.size = 0 (default)
2023-06-23 00:37:35,404 [PipelineCommandHandlerThread-0] INFO  server.RaftServer (RaftServerProxy.java:addNew(98)) - f07173a4-652e-46dc-b7ae-8cd05d01b793: addNew group-3089932C8BF3:[f07173a4-652e-46dc-b7ae-8cd05d01b793|rpc:10.1.0.47:15086|admin:10.1.0.47:15085|client:10.1.0.47:15084|dataStream:10.1.0.47:15087|priority:1|startupRole:FOLLOWER] returns      null f07173a4-652e-46dc-b7ae-8cd05d01b793@group-3089932C8BF3:t0, leader=null, voted=null, raftlog=UNINITIALIZED, conf=-1: peers:[f07173a4-652e-46dc-b7ae-8cd05d01b793|rpc:10.1.0.47:15086|admin:10.1.0.47:15085|client:10.1.0.47:15084|dataStream:10.1.0.47:15087|priority:1|startupRole:FOLLOWER]|listeners:[], old=null NEW
2023-06-23 00:37:35,404 [f07173a4-652e-46dc-b7ae-8cd05d01b793-groupManagement] INFO  storage.RaftStorageDirectory (RaftStorageDirectoryImpl.java:analyzeStorage(137)) - The storage directory /home/runner/work/ozone/ozone/hadoop-ozone/integration-test/target/test-dir/MiniOzoneClusterImpl-3c3985d8-3248-4f19-a32f-4442bec32466/datanode-8/data/ratis/c862ea4b-dbf2-4c92-90ed-3089932c8bf3 does not exist. Creating ...
2023-06-23 00:37:35,405 [cdb7ea93-9969-4a2d-8fff-2d6ab6bce964-groupManagement] INFO  server.RaftServer$Division (RaftServerImpl.java:start(342)) - cdb7ea93-9969-4a2d-8fff-2d6ab6bce964@group-3061DB033648: start as a follower, conf=-1: peers:[cdb7ea93-9969-4a2d-8fff-2d6ab6bce964|rpc:10.1.0.47:15077|admin:10.1.0.47:15076|client:10.1.0.47:15075|dataStream:10.1.0.47:15078|priority:1|startupRole:FOLLOWER]|listeners:[], old=null
2023-06-23 00:37:35,405 [cdb7ea93-9969-4a2d-8fff-2d6ab6bce964-groupManagement] INFO  server.RaftServer$Division (RaftServerImpl.java:setRole(329)) - cdb7ea93-9969-4a2d-8fff-2d6ab6bce964@group-3061DB033648: changes role from      null to FOLLOWER at term 0 for startAsFollower
2023-06-23 00:37:35,405 [cdb7ea93-9969-4a2d-8fff-2d6ab6bce964-groupManagement] INFO  impl.RoleInfo (RoleInfo.java:updateAndGet(139)) - cdb7ea93-9969-4a2d-8fff-2d6ab6bce964: start cdb7ea93-9969-4a2d-8fff-2d6ab6bce964@group-3061DB033648-FollowerState
2023-06-23 00:37:35,405 [cdb7ea93-9969-4a2d-8fff-2d6ab6bce964-groupManagement] INFO  util.JmxRegister (JmxRegister.java:tryRegister(44)) - Successfully registered JMX Bean with object name Ratis:service=RaftServer,group=group-3061DB033648,id=cdb7ea93-9969-4a2d-8fff-2d6ab6bce964
2023-06-23 00:37:35,405 [cdb7ea93-9969-4a2d-8fff-2d6ab6bce964-groupManagement] INFO  server.RaftServerConfigKeys (ConfUtils.java:logGet(46)) - raft.server.snapshot.auto.trigger.enabled = true (custom)
2023-06-23 00:37:35,405 [cdb7ea93-9969-4a2d-8fff-2d6ab6bce964-groupManagement] INFO  server.RaftServerConfigKeys (ConfUtils.java:logGet(46)) - raft.server.snapshot.auto.trigger.threshold = 10000 (custom)
2023-06-23 00:37:35,405 [cdb7ea93-9969-4a2d-8fff-2d6ab6bce964-groupManagement] INFO  server.RaftServerConfigKeys (ConfUtils.java:logGet(46)) - raft.server.snapshot.retention.file.num = 5 (custom)
2023-06-23 00:37:35,405 [cdb7ea93-9969-4a2d-8fff-2d6ab6bce964-groupManagement] INFO  server.RaftServerConfigKeys (ConfUtils.java:logGet(46)) - raft.server.log.purge.upto.snapshot.index = false (default)
2023-06-23 00:37:35,406 [f07173a4-652e-46dc-b7ae-8cd05d01b793-groupManagement] INFO  storage.RaftStorageDirectory (RaftStorageDirectoryImpl.java:tryLock(231)) - Lock on /home/runner/work/ozone/ozone/hadoop-ozone/integration-test/target/test-dir/MiniOzoneClusterImpl-3c3985d8-3248-4f19-a32f-4442bec32466/datanode-8/data/ratis/c862ea4b-dbf2-4c92-90ed-3089932c8bf3/in_use.lock acquired by nodename 61456@fv-az570-151
2023-06-23 00:37:35,406 [cdb7ea93-9969-4a2d-8fff-2d6ab6bce964@group-3061DB033648-FollowerState] INFO  server.RaftServerConfigKeys (ConfUtils.java:logFallback(53)) - raft.server.rpc.first-election.timeout.min = 5s (fallback to raft.server.rpc.timeout.min)
2023-06-23 00:37:35,406 [cdb7ea93-9969-4a2d-8fff-2d6ab6bce964@group-3061DB033648-FollowerState] INFO  server.RaftServerConfigKeys (ConfUtils.java:logFallback(53)) - raft.server.rpc.first-election.timeout.max = 5200ms (fallback to raft.server.rpc.timeout.max)
2023-06-23 00:37:35,407 [PipelineCommandHandlerThread-0] INFO  ratis.XceiverServerRatis (XceiverServerRatis.java:addGroup(804)) - Created group PipelineID=b9f80ebc-a812-4ffe-bf2e-3061db033648
2023-06-23 00:37:35,407 [PipelineCommandHandlerThread-0] INFO  commandhandler.CreatePipelineCommandHandler (CreatePipelineCommandHandler.java:lambda$handle$2(124)) - Created Pipeline RATIS ONE PipelineID=b9f80ebc-a812-4ffe-bf2e-3061db033648.
2023-06-23 00:37:35,407 [f07173a4-652e-46dc-b7ae-8cd05d01b793-groupManagement] INFO  storage.RaftStorage (RaftStorageImpl.java:format(96)) - Storage directory /home/runner/work/ozone/ozone/hadoop-ozone/integration-test/target/test-dir/MiniOzoneClusterImpl-3c3985d8-3248-4f19-a32f-4442bec32466/datanode-8/data/ratis/c862ea4b-dbf2-4c92-90ed-3089932c8bf3 has been successfully formatted.
2023-06-23 00:37:35,408 [f07173a4-652e-46dc-b7ae-8cd05d01b793-groupManagement] INFO  ratis.ContainerStateMachine (ContainerStateMachine.java:loadSnapshot(262)) - group-3089932C8BF3: The snapshot info is null. Setting the last applied indexto:(t:0, i:~)
2023-06-23 00:37:35,408 [f07173a4-652e-46dc-b7ae-8cd05d01b793-groupManagement] INFO  server.RaftServerConfigKeys (ConfUtils.java:logGet(46)) - raft.server.log.use.memory = false (default)
2023-06-23 00:37:35,408 [f07173a4-652e-46dc-b7ae-8cd05d01b793-groupManagement] INFO  server.RaftServerConfigKeys (ConfUtils.java:logGet(46)) - raft.server.log.purge.gap = 1000000 (custom)
2023-06-23 00:37:35,408 [f07173a4-652e-46dc-b7ae-8cd05d01b793-groupManagement] INFO  server.RaftServerConfigKeys (ConfUtils.java:logGet(46)) - raft.server.log.appender.buffer.byte-limit = 33554432 (custom)
2023-06-23 00:37:35,408 [f07173a4-652e-46dc-b7ae-8cd05d01b793-groupManagement] INFO  server.RaftServerConfigKeys (ConfUtils.java:logGet(46)) - raft.server.log.statemachine.data.read.timeout = 1000ms (default)
2023-06-23 00:37:35,408 [f07173a4-652e-46dc-b7ae-8cd05d01b793-groupManagement] INFO  server.RaftServerConfigKeys (ConfUtils.java:logGet(46)) - raft.server.log.purge.preservation.log.num = 0 (default)
2023-06-23 00:37:35,408 [f07173a4-652e-46dc-b7ae-8cd05d01b793-groupManagement] INFO  server.RaftServerConfigKeys (ConfUtils.java:logGet(46)) - raft.server.log.segment.size.max = 1048576 (custom)
2023-06-23 00:37:35,409 [f07173a4-652e-46dc-b7ae-8cd05d01b793-groupManagement] INFO  server.RaftServerConfigKeys (ConfUtils.java:logGet(46)) - raft.server.log.segment.cache.num.max = 2 (custom)
2023-06-23 00:37:35,409 [f07173a4-652e-46dc-b7ae-8cd05d01b793-groupManagement] INFO  server.RaftServerConfigKeys (ConfUtils.java:logGet(46)) - raft.server.log.segment.cache.size.max = 200MB (=209715200) (default)
2023-06-23 00:37:35,409 [f07173a4-652e-46dc-b7ae-8cd05d01b793-groupManagement] INFO  server.RaftServerConfigKeys (ConfUtils.java:logGet(46)) - raft.server.log.appender.buffer.byte-limit = 33554432 (custom)
2023-06-23 00:37:35,409 [f07173a4-652e-46dc-b7ae-8cd05d01b793-groupManagement] INFO  segmented.SegmentedRaftLogWorker (SegmentedRaftLogWorker.java:<init>(188)) - new f07173a4-652e-46dc-b7ae-8cd05d01b793@group-3089932C8BF3-SegmentedRaftLogWorker for RaftStorageImpl:Storage Directory /home/runner/work/ozone/ozone/hadoop-ozone/integration-test/target/test-dir/MiniOzoneClusterImpl-3c3985d8-3248-4f19-a32f-4442bec32466/datanode-8/data/ratis/c862ea4b-dbf2-4c92-90ed-3089932c8bf3
2023-06-23 00:37:35,409 [f07173a4-652e-46dc-b7ae-8cd05d01b793-groupManagement] INFO  server.RaftServerConfigKeys (ConfUtils.java:logGet(46)) - raft.server.log.queue.byte-limit = 4294967296 (custom)
2023-06-23 00:37:35,409 [f07173a4-652e-46dc-b7ae-8cd05d01b793-groupManagement] INFO  server.RaftServerConfigKeys (ConfUtils.java:logGet(46)) - raft.server.log.queue.element-limit = 1024 (custom)
2023-06-23 00:37:35,409 [f07173a4-652e-46dc-b7ae-8cd05d01b793-groupManagement] INFO  server.RaftServerConfigKeys (ConfUtils.java:logGet(46)) - raft.server.log.segment.size.max = 1048576 (custom)
2023-06-23 00:37:35,409 [f07173a4-652e-46dc-b7ae-8cd05d01b793-groupManagement] INFO  server.RaftServerConfigKeys (ConfUtils.java:logGet(46)) - raft.server.log.preallocated.size = 16384 (custom)
2023-06-23 00:37:35,409 [f07173a4-652e-46dc-b7ae-8cd05d01b793-groupManagement] INFO  server.RaftServerConfigKeys (ConfUtils.java:logGet(46)) - raft.server.log.force.sync.num = 128 (default)
2023-06-23 00:37:35,409 [f07173a4-652e-46dc-b7ae-8cd05d01b793-groupManagement] INFO  server.RaftServerConfigKeys (ConfUtils.java:logGet(46)) - raft.server.log.statemachine.data.sync = true (default)
2023-06-23 00:37:35,409 [f07173a4-652e-46dc-b7ae-8cd05d01b793-groupManagement] INFO  server.RaftServerConfigKeys (ConfUtils.java:logGet(46)) - raft.server.log.statemachine.data.sync.timeout = 10s (default)
2023-06-23 00:37:35,409 [f07173a4-652e-46dc-b7ae-8cd05d01b793-groupManagement] INFO  server.RaftServerConfigKeys (ConfUtils.java:logGet(46)) - raft.server.log.statemachine.data.sync.timeout.retry = -1 (default)
2023-06-23 00:37:35,410 [f07173a4-652e-46dc-b7ae-8cd05d01b793-groupManagement] INFO  server.RaftServerConfigKeys (ConfUtils.java:logGet(46)) - raft.server.log.write.buffer.size = 1048576 (custom)
2023-06-23 00:37:35,410 [EventQueue-PipelineReportForPipelineReportHandler] INFO  pipeline.PipelineManagerImpl (PipelineManagerImpl.java:openPipeline(367)) - Pipeline Pipeline[ Id: c862ea4b-dbf2-4c92-90ed-3089932c8bf3, Nodes: f07173a4-652e-46dc-b7ae-8cd05d01b793(fv-az570-151.srgqcr2moziuvm0qev4lajleyh.dx.internal.cloudapp.net/10.1.0.47), ReplicationConfig: RATIS/ONE, State:ALLOCATED, leaderId:f07173a4-652e-46dc-b7ae-8cd05d01b793, CreationTimestamp2023-06-23T00:37:32.399Z[Etc/UTC]] moved to OPEN state
2023-06-23 00:37:35,411 [EventQueue-OpenPipelineForHealthyPipelineSafeModeRule] INFO  safemode.SCMSafeModeManager (HealthyPipelineSafeModeRule.java:process(137)) - SCM in safe mode. Healthy pipelines reported count is 0, required healthy pipeline reported count is 1
2023-06-23 00:37:35,412 [f07173a4-652e-46dc-b7ae-8cd05d01b793-groupManagement] INFO  server.RaftServerConfigKeys (ConfUtils.java:logGet(46)) - raft.server.log.appender.buffer.byte-limit = 33554432 (custom)
2023-06-23 00:37:35,418 [f07173a4-652e-46dc-b7ae-8cd05d01b793-groupManagement] INFO  server.RaftServerConfigKeys (ConfUtils.java:logGet(46)) - raft.server.log.unsafe-flush.enabled = false (default)
2023-06-23 00:37:35,418 [f07173a4-652e-46dc-b7ae-8cd05d01b793-groupManagement] INFO  server.RaftServerConfigKeys (ConfUtils.java:logGet(46)) - raft.server.log.async-flush.enabled = false (default)
2023-06-23 00:37:35,418 [f07173a4-652e-46dc-b7ae-8cd05d01b793-groupManagement] INFO  server.RaftServerConfigKeys (ConfUtils.java:logGet(46)) - raft.server.log.statemachine.data.caching.enabled = true (custom)
2023-06-23 00:37:35,418 [f07173a4-652e-46dc-b7ae-8cd05d01b793-groupManagement] INFO  segmented.SegmentedRaftLogWorker (SegmentedRaftLogWorker.java:lambda$new$0(135)) - f07173a4-652e-46dc-b7ae-8cd05d01b793@group-3089932C8BF3-SegmentedRaftLogWorker: flushIndex: setUnconditionally 0 -> -1
2023-06-23 00:37:35,419 [f07173a4-652e-46dc-b7ae-8cd05d01b793-groupManagement] INFO  segmented.SegmentedRaftLogWorker (SegmentedRaftLogWorker.java:lambda$new$0(135)) - f07173a4-652e-46dc-b7ae-8cd05d01b793@group-3089932C8BF3-SegmentedRaftLogWorker: safeCacheEvictIndex: setUnconditionally 0 -> -1
2023-06-23 00:37:35,420 [f07173a4-652e-46dc-b7ae-8cd05d01b793-groupManagement] INFO  server.RaftServer$Division (RaftServerImpl.java:start(342)) - f07173a4-652e-46dc-b7ae-8cd05d01b793@group-3089932C8BF3: start as a follower, conf=-1: peers:[f07173a4-652e-46dc-b7ae-8cd05d01b793|rpc:10.1.0.47:15086|admin:10.1.0.47:15085|client:10.1.0.47:15084|dataStream:10.1.0.47:15087|priority:1|startupRole:FOLLOWER]|listeners:[], old=null
2023-06-23 00:37:35,420 [f07173a4-652e-46dc-b7ae-8cd05d01b793-groupManagement] INFO  server.RaftServer$Division (RaftServerImpl.java:setRole(329)) - f07173a4-652e-46dc-b7ae-8cd05d01b793@group-3089932C8BF3: changes role from      null to FOLLOWER at term 0 for startAsFollower
2023-06-23 00:37:35,420 [f07173a4-652e-46dc-b7ae-8cd05d01b793-groupManagement] INFO  impl.RoleInfo (RoleInfo.java:updateAndGet(139)) - f07173a4-652e-46dc-b7ae-8cd05d01b793: start f07173a4-652e-46dc-b7ae-8cd05d01b793@group-3089932C8BF3-FollowerState
2023-06-23 00:37:35,421 [f07173a4-652e-46dc-b7ae-8cd05d01b793-groupManagement] INFO  util.JmxRegister (JmxRegister.java:tryRegister(44)) - Successfully registered JMX Bean with object name Ratis:service=RaftServer,group=group-3089932C8BF3,id=f07173a4-652e-46dc-b7ae-8cd05d01b793
2023-06-23 00:37:35,421 [f07173a4-652e-46dc-b7ae-8cd05d01b793-groupManagement] INFO  server.RaftServerConfigKeys (ConfUtils.java:logGet(46)) - raft.server.snapshot.auto.trigger.enabled = true (custom)
2023-06-23 00:37:35,421 [f07173a4-652e-46dc-b7ae-8cd05d01b793-groupManagement] INFO  server.RaftServerConfigKeys (ConfUtils.java:logGet(46)) - raft.server.snapshot.auto.trigger.threshold = 10000 (custom)
2023-06-23 00:37:35,421 [f07173a4-652e-46dc-b7ae-8cd05d01b793-groupManagement] INFO  server.RaftServerConfigKeys (ConfUtils.java:logGet(46)) - raft.server.snapshot.retention.file.num = 5 (custom)
2023-06-23 00:37:35,421 [f07173a4-652e-46dc-b7ae-8cd05d01b793-groupManagement] INFO  server.RaftServerConfigKeys (ConfUtils.java:logGet(46)) - raft.server.log.purge.upto.snapshot.index = false (default)
2023-06-23 00:37:35,421 [f07173a4-652e-46dc-b7ae-8cd05d01b793@group-3089932C8BF3-FollowerState] INFO  server.RaftServerConfigKeys (ConfUtils.java:logFallback(53)) - raft.server.rpc.first-election.timeout.min = 5s (fallback to raft.server.rpc.timeout.min)
2023-06-23 00:37:35,421 [f07173a4-652e-46dc-b7ae-8cd05d01b793@group-3089932C8BF3-FollowerState] INFO  server.RaftServerConfigKeys (ConfUtils.java:logFallback(53)) - raft.server.rpc.first-election.timeout.max = 5200ms (fallback to raft.server.rpc.timeout.max)
2023-06-23 00:37:35,422 [PipelineCommandHandlerThread-0] INFO  ratis.XceiverServerRatis (XceiverServerRatis.java:addGroup(804)) - Created group PipelineID=c862ea4b-dbf2-4c92-90ed-3089932c8bf3
2023-06-23 00:37:35,422 [PipelineCommandHandlerThread-0] INFO  commandhandler.CreatePipelineCommandHandler (CreatePipelineCommandHandler.java:lambda$handle$2(124)) - Created Pipeline RATIS ONE PipelineID=c862ea4b-dbf2-4c92-90ed-3089932c8bf3.
2023-06-23 00:37:35,881 [main] INFO  ozone.MiniOzoneClusterImpl (MiniOzoneClusterImpl.java:lambda$waitForClusterToBeReady$0(224)) - Nodes are ready. Got 10 of 10 DN Heartbeats.
2023-06-23 00:37:35,882 [main] INFO  ozone.MiniOzoneClusterImpl (MiniOzoneClusterImpl.java:lambda$waitForClusterToBeReady$0(227)) - Waiting for cluster to exit safe mode
2023-06-23 00:37:35,882 [main] INFO  ozone.MiniOzoneClusterImpl (MiniOzoneClusterImpl.java:lambda$waitForClusterToBeReady$0(229)) - SCM became leader
2023-06-23 00:37:35,898 [PipelineCommandHandlerThread-0] INFO  server.RaftServer (RaftServerProxy.java:addNew(98)) - 4cfb2fd8-05c8-4994-9a43-484107cbe362: addNew group-D6C63A83A044:[4cfb2fd8-05c8-4994-9a43-484107cbe362|rpc:10.1.0.47:15095|admin:10.1.0.47:15094|client:10.1.0.47:15093|dataStream:10.1.0.47:15096|priority:1|startupRole:FOLLOWER] returns group-D6C63A83A044:java.util.concurrent.CompletableFuture@375b24a5[Not completed]
2023-06-23 00:37:35,900 [4cfb2fd8-05c8-4994-9a43-484107cbe362-groupManagement] INFO  server.RaftServer$Division (RaftServerImpl.java:<init>(198)) - 4cfb2fd8-05c8-4994-9a43-484107cbe362: new RaftServerImpl for group-D6C63A83A044:[4cfb2fd8-05c8-4994-9a43-484107cbe362|rpc:10.1.0.47:15095|admin:10.1.0.47:15094|client:10.1.0.47:15093|dataStream:10.1.0.47:15096|priority:1|startupRole:FOLLOWER] with ContainerStateMachine:uninitialized
2023-06-23 00:37:35,900 [4cfb2fd8-05c8-4994-9a43-484107cbe362-groupManagement] INFO  server.RaftServerConfigKeys (ConfUtils.java:logGet(46)) - raft.server.rpc.timeout.min = 5s (custom)
2023-06-23 00:37:35,900 [4cfb2fd8-05c8-4994-9a43-484107cbe362-groupManagement] INFO  server.RaftServerConfigKeys (ConfUtils.java:logGet(46)) - raft.server.rpc.timeout.max = 5200ms (custom)
2023-06-23 00:37:35,900 [4cfb2fd8-05c8-4994-9a43-484107cbe362-groupManagement] INFO  server.RaftServerConfigKeys (ConfUtils.java:logGet(46)) - raft.server.rpc.sleep.time = 25ms (default)
2023-06-23 00:37:35,901 [4cfb2fd8-05c8-4994-9a43-484107cbe362-groupManagement] INFO  server.RaftServerConfigKeys (ConfUtils.java:logGet(46)) - raft.server.rpc.slowness.timeout = 300s (custom)
2023-06-23 00:37:35,902 [4cfb2fd8-05c8-4994-9a43-484107cbe362-groupManagement] INFO  server.RaftServerConfigKeys (ConfUtils.java:logGet(46)) - raft.server.leaderelection.leader.step-down.wait-time = 10s (default)
2023-06-23 00:37:35,902 [4cfb2fd8-05c8-4994-9a43-484107cbe362-groupManagement] INFO  server.RaftServerConfigKeys (ConfUtils.java:logGet(46)) - raft.server.sleep.deviation.threshold = 300ms (default)
2023-06-23 00:37:35,902 [4cfb2fd8-05c8-4994-9a43-484107cbe362-groupManagement] INFO  server.RaftServer$Division (ServerState.java:<init>(120)) - 4cfb2fd8-05c8-4994-9a43-484107cbe362@group-D6C63A83A044: ConfigurationManager, init=-1: peers:[4cfb2fd8-05c8-4994-9a43-484107cbe362|rpc:10.1.0.47:15095|admin:10.1.0.47:15094|client:10.1.0.47:15093|dataStream:10.1.0.47:15096|priority:1|startupRole:FOLLOWER]|listeners:[], old=null, confs=<EMPTY_MAP>
2023-06-23 00:37:35,902 [4cfb2fd8-05c8-4994-9a43-484107cbe362-groupManagement] INFO  server.RaftServerConfigKeys (ConfUtils.java:logGet(46)) - raft.server.storage.dir = [/home/runner/work/ozone/ozone/hadoop-ozone/integration-test/target/test-dir/MiniOzoneClusterImpl-3c3985d8-3248-4f19-a32f-4442bec32466/datanode-9/data/ratis] (custom)
2023-06-23 00:37:35,902 [4cfb2fd8-05c8-4994-9a43-484107cbe362-groupManagement] INFO  server.RaftServerConfigKeys (ConfUtils.java:logGet(46)) - raft.server.log.corruption.policy = EXCEPTION (default)
2023-06-23 00:37:35,902 [4cfb2fd8-05c8-4994-9a43-484107cbe362-groupManagement] INFO  server.RaftServerConfigKeys (ConfUtils.java:logGet(46)) - raft.server.storage.free-space.min = 0MB (=0) (default)
2023-06-23 00:37:35,902 [4cfb2fd8-05c8-4994-9a43-484107cbe362-groupManagement] INFO  server.RaftServerConfigKeys (ConfUtils.java:logGet(46)) - raft.server.notification.no-leader.timeout = 300s (custom)
2023-06-23 00:37:35,902 [4cfb2fd8-05c8-4994-9a43-484107cbe362-groupManagement] INFO  server.RaftServerConfigKeys (ConfUtils.java:logGet(46)) - raft.server.read.timeout = 10s (default)
2023-06-23 00:37:35,902 [4cfb2fd8-05c8-4994-9a43-484107cbe362-groupManagement] INFO  server.RaftServerConfigKeys (ConfUtils.java:logGet(46)) - raft.server.retrycache.expirytime = 600000ms (custom)
2023-06-23 00:37:35,902 [4cfb2fd8-05c8-4994-9a43-484107cbe362-groupManagement] INFO  server.RaftServerConfigKeys (ConfUtils.java:logGet(46)) - raft.server.retrycache.statistics.expirytime = 100μs (default)
2023-06-23 00:37:35,902 [4cfb2fd8-05c8-4994-9a43-484107cbe362-groupManagement] INFO  server.RaftServerConfigKeys (ConfUtils.java:logGet(46)) - raft.server.read.option = DEFAULT (default)
2023-06-23 00:37:35,908 [4cfb2fd8-05c8-4994-9a43-484107cbe362-groupManagement] INFO  server.RaftServerConfigKeys (ConfUtils.java:logGet(46)) - raft.server.rpc.request.timeout = 60s (custom)
2023-06-23 00:37:35,908 [4cfb2fd8-05c8-4994-9a43-484107cbe362-groupManagement] INFO  server.RaftServerConfigKeys (ConfUtils.java:logGet(46)) - raft.server.log.appender.install.snapshot.enabled = false (custom)
2023-06-23 00:37:35,908 [4cfb2fd8-05c8-4994-9a43-484107cbe362-groupManagement] INFO  server.RaftServerConfigKeys (ConfUtils.java:logGet(46)) - raft.server.threadpool.server.cached = true (default)
2023-06-23 00:37:35,908 [4cfb2fd8-05c8-4994-9a43-484107cbe362-groupManagement] INFO  server.RaftServerConfigKeys (ConfUtils.java:logGet(46)) - raft.server.threadpool.server.size = 0 (default)
2023-06-23 00:37:35,908 [4cfb2fd8-05c8-4994-9a43-484107cbe362-groupManagement] INFO  server.RaftServerConfigKeys (ConfUtils.java:logGet(46)) - raft.server.threadpool.client.cached = true (default)
2023-06-23 00:37:35,908 [4cfb2fd8-05c8-4994-9a43-484107cbe362-groupManagement] INFO  server.RaftServerConfigKeys (ConfUtils.java:logGet(46)) - raft.server.threadpool.client.size = 0 (default)
2023-06-23 00:37:35,908 [4cfb2fd8-05c8-4994-9a43-484107cbe362-groupManagement] INFO  storage.RaftStorageDirectory (RaftStorageDirectoryImpl.java:analyzeStorage(137)) - The storage directory /home/runner/work/ozone/ozone/hadoop-ozone/integration-test/target/test-dir/MiniOzoneClusterImpl-3c3985d8-3248-4f19-a32f-4442bec32466/datanode-9/data/ratis/08326383-4139-47e0-9cd7-d6c63a83a044 does not exist. Creating ...
2023-06-23 00:37:35,910 [4cfb2fd8-05c8-4994-9a43-484107cbe362-groupManagement] INFO  storage.RaftStorageDirectory (RaftStorageDirectoryImpl.java:tryLock(231)) - Lock on /home/runner/work/ozone/ozone/hadoop-ozone/integration-test/target/test-dir/MiniOzoneClusterImpl-3c3985d8-3248-4f19-a32f-4442bec32466/datanode-9/data/ratis/08326383-4139-47e0-9cd7-d6c63a83a044/in_use.lock acquired by nodename 61456@fv-az570-151
2023-06-23 00:37:35,914 [4cfb2fd8-05c8-4994-9a43-484107cbe362-groupManagement] INFO  storage.RaftStorage (RaftStorageImpl.java:format(96)) - Storage directory /home/runner/work/ozone/ozone/hadoop-ozone/integration-test/target/test-dir/MiniOzoneClusterImpl-3c3985d8-3248-4f19-a32f-4442bec32466/datanode-9/data/ratis/08326383-4139-47e0-9cd7-d6c63a83a044 has been successfully formatted.
2023-06-23 00:37:35,916 [4cfb2fd8-05c8-4994-9a43-484107cbe362-groupManagement] INFO  ratis.ContainerStateMachine (ContainerStateMachine.java:loadSnapshot(262)) - group-D6C63A83A044: The snapshot info is null. Setting the last applied indexto:(t:0, i:~)
2023-06-23 00:37:35,916 [EventQueue-PipelineReportForPipelineReportHandler] INFO  pipeline.PipelineManagerImpl (PipelineManagerImpl.java:openPipeline(367)) - Pipeline Pipeline[ Id: 08326383-4139-47e0-9cd7-d6c63a83a044, Nodes: 4cfb2fd8-05c8-4994-9a43-484107cbe362(fv-az570-151.srgqcr2moziuvm0qev4lajleyh.dx.internal.cloudapp.net/10.1.0.47), ReplicationConfig: RATIS/ONE, State:ALLOCATED, leaderId:4cfb2fd8-05c8-4994-9a43-484107cbe362, CreationTimestamp2023-06-23T00:37:32.908Z[Etc/UTC]] moved to OPEN state
2023-06-23 00:37:35,918 [4cfb2fd8-05c8-4994-9a43-484107cbe362-groupManagement] INFO  server.RaftServerConfigKeys (ConfUtils.java:logGet(46)) - raft.server.log.use.memory = false (default)
2023-06-23 00:37:35,918 [4cfb2fd8-05c8-4994-9a43-484107cbe362-groupManagement] INFO  server.RaftServerConfigKeys (ConfUtils.java:logGet(46)) - raft.server.log.purge.gap = 1000000 (custom)
2023-06-23 00:37:35,918 [EventQueue-OpenPipelineForHealthyPipelineSafeModeRule] INFO  safemode.SCMSafeModeManager (HealthyPipelineSafeModeRule.java:process(137)) - SCM in safe mode. Healthy pipelines reported count is 0, required healthy pipeline reported count is 1
2023-06-23 00:37:35,918 [4cfb2fd8-05c8-4994-9a43-484107cbe362-groupManagement] INFO  server.RaftServerConfigKeys (ConfUtils.java:logGet(46)) - raft.server.log.appender.buffer.byte-limit = 33554432 (custom)
2023-06-23 00:37:35,919 [4cfb2fd8-05c8-4994-9a43-484107cbe362-groupManagement] INFO  server.RaftServerConfigKeys (ConfUtils.java:logGet(46)) - raft.server.log.statemachine.data.read.timeout = 1000ms (default)
2023-06-23 00:37:35,919 [4cfb2fd8-05c8-4994-9a43-484107cbe362-groupManagement] INFO  server.RaftServerConfigKeys (ConfUtils.java:logGet(46)) - raft.server.log.purge.preservation.log.num = 0 (default)
2023-06-23 00:37:35,920 [4cfb2fd8-05c8-4994-9a43-484107cbe362-groupManagement] INFO  server.RaftServerConfigKeys (ConfUtils.java:logGet(46)) - raft.server.log.segment.size.max = 1048576 (custom)
2023-06-23 00:37:35,920 [4cfb2fd8-05c8-4994-9a43-484107cbe362-groupManagement] INFO  server.RaftServerConfigKeys (ConfUtils.java:logGet(46)) - raft.server.log.segment.cache.num.max = 2 (custom)
2023-06-23 00:37:35,920 [4cfb2fd8-05c8-4994-9a43-484107cbe362-groupManagement] INFO  server.RaftServerConfigKeys (ConfUtils.java:logGet(46)) - raft.server.log.segment.cache.size.max = 200MB (=209715200) (default)
2023-06-23 00:37:35,920 [4cfb2fd8-05c8-4994-9a43-484107cbe362-groupManagement] INFO  server.RaftServerConfigKeys (ConfUtils.java:logGet(46)) - raft.server.log.appender.buffer.byte-limit = 33554432 (custom)
2023-06-23 00:37:35,920 [4cfb2fd8-05c8-4994-9a43-484107cbe362-groupManagement] INFO  segmented.SegmentedRaftLogWorker (SegmentedRaftLogWorker.java:<init>(188)) - new 4cfb2fd8-05c8-4994-9a43-484107cbe362@group-D6C63A83A044-SegmentedRaftLogWorker for RaftStorageImpl:Storage Directory /home/runner/work/ozone/ozone/hadoop-ozone/integration-test/target/test-dir/MiniOzoneClusterImpl-3c3985d8-3248-4f19-a32f-4442bec32466/datanode-9/data/ratis/08326383-4139-47e0-9cd7-d6c63a83a044
2023-06-23 00:37:35,920 [4cfb2fd8-05c8-4994-9a43-484107cbe362-groupManagement] INFO  server.RaftServerConfigKeys (ConfUtils.java:logGet(46)) - raft.server.log.queue.byte-limit = 4294967296 (custom)
2023-06-23 00:37:35,920 [4cfb2fd8-05c8-4994-9a43-484107cbe362-groupManagement] INFO  server.RaftServerConfigKeys (ConfUtils.java:logGet(46)) - raft.server.log.queue.element-limit = 1024 (custom)
2023-06-23 00:37:35,920 [4cfb2fd8-05c8-4994-9a43-484107cbe362-groupManagement] INFO  server.RaftServerConfigKeys (ConfUtils.java:logGet(46)) - raft.server.log.segment.size.max = 1048576 (custom)
2023-06-23 00:37:35,920 [4cfb2fd8-05c8-4994-9a43-484107cbe362-groupManagement] INFO  server.RaftServerConfigKeys (ConfUtils.java:logGet(46)) - raft.server.log.preallocated.size = 16384 (custom)
2023-06-23 00:37:35,921 [4cfb2fd8-05c8-4994-9a43-484107cbe362-groupManagement] INFO  server.RaftServerConfigKeys (ConfUtils.java:logGet(46)) - raft.server.log.force.sync.num = 128 (default)
2023-06-23 00:37:35,921 [4cfb2fd8-05c8-4994-9a43-484107cbe362-groupManagement] INFO  server.RaftServerConfigKeys (ConfUtils.java:logGet(46)) - raft.server.log.statemachine.data.sync = true (default)
2023-06-23 00:37:35,921 [4cfb2fd8-05c8-4994-9a43-484107cbe362-groupManagement] INFO  server.RaftServerConfigKeys (ConfUtils.java:logGet(46)) - raft.server.log.statemachine.data.sync.timeout = 10s (default)
2023-06-23 00:37:35,921 [4cfb2fd8-05c8-4994-9a43-484107cbe362-groupManagement] INFO  server.RaftServerConfigKeys (ConfUtils.java:logGet(46)) - raft.server.log.statemachine.data.sync.timeout.retry = -1 (default)
2023-06-23 00:37:35,923 [4cfb2fd8-05c8-4994-9a43-484107cbe362-groupManagement] INFO  server.RaftServerConfigKeys (ConfUtils.java:logGet(46)) - raft.server.log.write.buffer.size = 1048576 (custom)
2023-06-23 00:37:35,923 [4cfb2fd8-05c8-4994-9a43-484107cbe362-groupManagement] INFO  server.RaftServerConfigKeys (ConfUtils.java:logGet(46)) - raft.server.log.appender.buffer.byte-limit = 33554432 (custom)
2023-06-23 00:37:35,929 [4cfb2fd8-05c8-4994-9a43-484107cbe362-groupManagement] INFO  server.RaftServerConfigKeys (ConfUtils.java:logGet(46)) - raft.server.log.unsafe-flush.enabled = false (default)
2023-06-23 00:37:35,929 [4cfb2fd8-05c8-4994-9a43-484107cbe362-groupManagement] INFO  server.RaftServerConfigKeys (ConfUtils.java:logGet(46)) - raft.server.log.async-flush.enabled = false (default)
2023-06-23 00:37:35,929 [4cfb2fd8-05c8-4994-9a43-484107cbe362-groupManagement] INFO  server.RaftServerConfigKeys (ConfUtils.java:logGet(46)) - raft.server.log.statemachine.data.caching.enabled = true (custom)
2023-06-23 00:37:35,930 [4cfb2fd8-05c8-4994-9a43-484107cbe362-groupManagement] INFO  segmented.SegmentedRaftLogWorker (SegmentedRaftLogWorker.java:lambda$new$0(135)) - 4cfb2fd8-05c8-4994-9a43-484107cbe362@group-D6C63A83A044-SegmentedRaftLogWorker: flushIndex: setUnconditionally 0 -> -1
2023-06-23 00:37:35,930 [4cfb2fd8-05c8-4994-9a43-484107cbe362-groupManagement] INFO  segmented.SegmentedRaftLogWorker (SegmentedRaftLogWorker.java:lambda$new$0(135)) - 4cfb2fd8-05c8-4994-9a43-484107cbe362@group-D6C63A83A044-SegmentedRaftLogWorker: safeCacheEvictIndex: setUnconditionally 0 -> -1
2023-06-23 00:37:35,930 [4cfb2fd8-05c8-4994-9a43-484107cbe362-groupManagement] INFO  server.RaftServer$Division (RaftServerImpl.java:start(342)) - 4cfb2fd8-05c8-4994-9a43-484107cbe362@group-D6C63A83A044: start as a follower, conf=-1: peers:[4cfb2fd8-05c8-4994-9a43-484107cbe362|rpc:10.1.0.47:15095|admin:10.1.0.47:15094|client:10.1.0.47:15093|dataStream:10.1.0.47:15096|priority:1|startupRole:FOLLOWER]|listeners:[], old=null
2023-06-23 00:37:35,930 [4cfb2fd8-05c8-4994-9a43-484107cbe362-groupManagement] INFO  server.RaftServer$Division (RaftServerImpl.java:setRole(329)) - 4cfb2fd8-05c8-4994-9a43-484107cbe362@group-D6C63A83A044: changes role from      null to FOLLOWER at term 0 for startAsFollower
2023-06-23 00:37:35,930 [4cfb2fd8-05c8-4994-9a43-484107cbe362-groupManagement] INFO  impl.RoleInfo (RoleInfo.java:updateAndGet(139)) - 4cfb2fd8-05c8-4994-9a43-484107cbe362: start 4cfb2fd8-05c8-4994-9a43-484107cbe362@group-D6C63A83A044-FollowerState
2023-06-23 00:37:35,934 [4cfb2fd8-05c8-4994-9a43-484107cbe362-groupManagement] INFO  util.JmxRegister (JmxRegister.java:tryRegister(44)) - Successfully registered JMX Bean with object name Ratis:service=RaftServer,group=group-D6C63A83A044,id=4cfb2fd8-05c8-4994-9a43-484107cbe362
2023-06-23 00:37:35,934 [4cfb2fd8-05c8-4994-9a43-484107cbe362-groupManagement] INFO  server.RaftServerConfigKeys (ConfUtils.java:logGet(46)) - raft.server.snapshot.auto.trigger.enabled = true (custom)
2023-06-23 00:37:35,934 [4cfb2fd8-05c8-4994-9a43-484107cbe362-groupManagement] INFO  server.RaftServerConfigKeys (ConfUtils.java:logGet(46)) - raft.server.snapshot.auto.trigger.threshold = 10000 (custom)
2023-06-23 00:37:35,935 [4cfb2fd8-05c8-4994-9a43-484107cbe362-groupManagement] INFO  server.RaftServerConfigKeys (ConfUtils.java:logGet(46)) - raft.server.snapshot.retention.file.num = 5 (custom)
2023-06-23 00:37:35,935 [4cfb2fd8-05c8-4994-9a43-484107cbe362-groupManagement] INFO  server.RaftServerConfigKeys (ConfUtils.java:logGet(46)) - raft.server.log.purge.upto.snapshot.index = false (default)
2023-06-23 00:37:35,935 [4cfb2fd8-05c8-4994-9a43-484107cbe362@group-D6C63A83A044-FollowerState] INFO  server.RaftServerConfigKeys (ConfUtils.java:logFallback(53)) - raft.server.rpc.first-election.timeout.min = 5s (fallback to raft.server.rpc.timeout.min)
2023-06-23 00:37:35,935 [4cfb2fd8-05c8-4994-9a43-484107cbe362@group-D6C63A83A044-FollowerState] INFO  server.RaftServerConfigKeys (ConfUtils.java:logFallback(53)) - raft.server.rpc.first-election.timeout.max = 5200ms (fallback to raft.server.rpc.timeout.max)
2023-06-23 00:37:35,938 [PipelineCommandHandlerThread-0] INFO  ratis.XceiverServerRatis (XceiverServerRatis.java:addGroup(804)) - Created group PipelineID=08326383-4139-47e0-9cd7-d6c63a83a044
2023-06-23 00:37:35,938 [PipelineCommandHandlerThread-0] INFO  commandhandler.CreatePipelineCommandHandler (CreatePipelineCommandHandler.java:lambda$handle$2(124)) - Created Pipeline RATIS ONE PipelineID=08326383-4139-47e0-9cd7-d6c63a83a044.
2023-06-23 00:37:36,882 [main] INFO  ozone.MiniOzoneClusterImpl (MiniOzoneClusterImpl.java:lambda$waitForClusterToBeReady$0(224)) - Nodes are ready. Got 10 of 10 DN Heartbeats.
2023-06-23 00:37:36,883 [main] INFO  ozone.MiniOzoneClusterImpl (MiniOzoneClusterImpl.java:lambda$waitForClusterToBeReady$0(227)) - Waiting for cluster to exit safe mode
2023-06-23 00:37:36,883 [main] INFO  ozone.MiniOzoneClusterImpl (MiniOzoneClusterImpl.java:lambda$waitForClusterToBeReady$0(229)) - SCM became leader
2023-06-23 00:37:37,481 [0748a88e-a458-4efc-a02e-125962a69d19@group-8BFADAF7E580-FollowerState] INFO  impl.FollowerState (FollowerState.java:run(143)) - 0748a88e-a458-4efc-a02e-125962a69d19@group-8BFADAF7E580-FollowerState: change to CANDIDATE, lastRpcElapsedTime:5016432939ns, electionTimeout:5010ms
2023-06-23 00:37:37,481 [0748a88e-a458-4efc-a02e-125962a69d19@group-8BFADAF7E580-FollowerState] INFO  impl.RoleInfo (RoleInfo.java:shutdownFollowerState(110)) - 0748a88e-a458-4efc-a02e-125962a69d19: shutdown 0748a88e-a458-4efc-a02e-125962a69d19@group-8BFADAF7E580-FollowerState
2023-06-23 00:37:37,482 [0748a88e-a458-4efc-a02e-125962a69d19@group-8BFADAF7E580-FollowerState] INFO  server.RaftServer$Division (RaftServerImpl.java:setRole(329)) - 0748a88e-a458-4efc-a02e-125962a69d19@group-8BFADAF7E580: changes role from  FOLLOWER to CANDIDATE at term 0 for changeToCandidate
2023-06-23 00:37:37,482 [0748a88e-a458-4efc-a02e-125962a69d19@group-8BFADAF7E580-FollowerState] INFO  server.RaftServerConfigKeys (ConfUtils.java:logGet(46)) - raft.server.leaderelection.pre-vote = true (default)
2023-06-23 00:37:37,482 [0748a88e-a458-4efc-a02e-125962a69d19@group-8BFADAF7E580-FollowerState] INFO  impl.RoleInfo (RoleInfo.java:updateAndGet(139)) - 0748a88e-a458-4efc-a02e-125962a69d19: start 0748a88e-a458-4efc-a02e-125962a69d19@group-8BFADAF7E580-LeaderElection2
2023-06-23 00:37:37,485 [0748a88e-a458-4efc-a02e-125962a69d19@group-8BFADAF7E580-LeaderElection2] INFO  impl.LeaderElection (LeaderElection.java:askForVotes(321)) - 0748a88e-a458-4efc-a02e-125962a69d19@group-8BFADAF7E580-LeaderElection2 PRE_VOTE round 0: submit vote requests at term 0 for -1: peers:[59e05457-4658-4a4f-b6c2-3fec945af00c|rpc:10.1.0.47:15023|admin:10.1.0.47:15022|client:10.1.0.47:15021|dataStream:10.1.0.47:15024|priority:0|startupRole:FOLLOWER, 0748a88e-a458-4efc-a02e-125962a69d19|rpc:10.1.0.47:15014|admin:10.1.0.47:15013|client:10.1.0.47:15012|dataStream:10.1.0.47:15015|priority:0|startupRole:FOLLOWER, b858c729-efcc-4161-8033-8241e78cf6c6|rpc:10.1.0.47:15032|admin:10.1.0.47:15031|client:10.1.0.47:15030|dataStream:10.1.0.47:15033|priority:1|startupRole:FOLLOWER]|listeners:[], old=null
2023-06-23 00:37:37,490 [0748a88e-a458-4efc-a02e-125962a69d19@group-8BFADAF7E580-LeaderElection2] INFO  server.RaftServerConfigKeys (ConfUtils.java:logFallback(53)) - raft.server.rpc.first-election.timeout.min = 5s (fallback to raft.server.rpc.timeout.min)
2023-06-23 00:37:37,490 [0748a88e-a458-4efc-a02e-125962a69d19@group-8BFADAF7E580-LeaderElection2] INFO  server.RaftServerConfigKeys (ConfUtils.java:logFallback(53)) - raft.server.rpc.first-election.timeout.max = 5200ms (fallback to raft.server.rpc.timeout.max)
2023-06-23 00:37:37,490 [0748a88e-a458-4efc-a02e-125962a69d19@group-8BFADAF7E580-LeaderElection2-1] INFO  server.GrpcServerProtocolClient (GrpcServerProtocolClient.java:<init>(65)) - Build channel for 59e05457-4658-4a4f-b6c2-3fec945af00c
2023-06-23 00:37:37,492 [0748a88e-a458-4efc-a02e-125962a69d19@group-8BFADAF7E580-LeaderElection2-2] INFO  server.GrpcServerProtocolClient (GrpcServerProtocolClient.java:<init>(65)) - Build channel for b858c729-efcc-4161-8033-8241e78cf6c6
2023-06-23 00:37:37,504 [grpc-default-executor-0] INFO  server.RaftServer$Division (RaftServerImpl.java:requestVote(1302)) - b858c729-efcc-4161-8033-8241e78cf6c6@group-8BFADAF7E580: receive requestVote(PRE_VOTE, 0748a88e-a458-4efc-a02e-125962a69d19, group-8BFADAF7E580, 0, (t:0, i:0))
2023-06-23 00:37:37,508 [grpc-default-executor-0] INFO  impl.VoteContext (VoteContext.java:log(49)) - b858c729-efcc-4161-8033-8241e78cf6c6@group-8BFADAF7E580-FOLLOWER: reject PRE_VOTE from 0748a88e-a458-4efc-a02e-125962a69d19: our priority 1 > candidate's priority 0
2023-06-23 00:37:37,509 [grpc-default-executor-2] INFO  server.RaftServer$Division (RaftServerImpl.java:requestVote(1302)) - 59e05457-4658-4a4f-b6c2-3fec945af00c@group-8BFADAF7E580: receive requestVote(PRE_VOTE, 0748a88e-a458-4efc-a02e-125962a69d19, group-8BFADAF7E580, 0, (t:0, i:0))
2023-06-23 00:37:37,509 [grpc-default-executor-2] INFO  impl.VoteContext (VoteContext.java:log(49)) - 59e05457-4658-4a4f-b6c2-3fec945af00c@group-8BFADAF7E580-FOLLOWER: accept PRE_VOTE from 0748a88e-a458-4efc-a02e-125962a69d19: our priority 0 <= candidate's priority 0
2023-06-23 00:37:37,510 [grpc-default-executor-0] INFO  server.RaftServer$Division (RaftServerImpl.java:requestVote(1335)) - b858c729-efcc-4161-8033-8241e78cf6c6@group-8BFADAF7E580 replies to PRE_VOTE vote request: 0748a88e-a458-4efc-a02e-125962a69d19<-b858c729-efcc-4161-8033-8241e78cf6c6#0:FAIL-t0. Peer's state: b858c729-efcc-4161-8033-8241e78cf6c6@group-8BFADAF7E580:t0, leader=null, voted=, raftlog=Memoized:b858c729-efcc-4161-8033-8241e78cf6c6@group-8BFADAF7E580-SegmentedRaftLog:OPENED:c-1, conf=-1: peers:[59e05457-4658-4a4f-b6c2-3fec945af00c|rpc:10.1.0.47:15023|admin:10.1.0.47:15022|client:10.1.0.47:15021|dataStream:10.1.0.47:15024|priority:0|startupRole:FOLLOWER, 0748a88e-a458-4efc-a02e-125962a69d19|rpc:10.1.0.47:15014|admin:10.1.0.47:15013|client:10.1.0.47:15012|dataStream:10.1.0.47:15015|priority:0|startupRole:FOLLOWER, b858c729-efcc-4161-8033-8241e78cf6c6|rpc:10.1.0.47:15032|admin:10.1.0.47:15031|client:10.1.0.47:15030|dataStream:10.1.0.47:15033|priority:1|startupRole:FOLLOWER]|listeners:[], old=null
2023-06-23 00:37:37,512 [grpc-default-executor-2] INFO  server.RaftServer$Division (RaftServerImpl.java:requestVote(1335)) - 59e05457-4658-4a4f-b6c2-3fec945af00c@group-8BFADAF7E580 replies to PRE_VOTE vote request: 0748a88e-a458-4efc-a02e-125962a69d19<-59e05457-4658-4a4f-b6c2-3fec945af00c#0:OK-t0. Peer's state: 59e05457-4658-4a4f-b6c2-3fec945af00c@group-8BFADAF7E580:t0, leader=null, voted=, raftlog=Memoized:59e05457-4658-4a4f-b6c2-3fec945af00c@group-8BFADAF7E580-SegmentedRaftLog:OPENED:c-1, conf=-1: peers:[59e05457-4658-4a4f-b6c2-3fec945af00c|rpc:10.1.0.47:15023|admin:10.1.0.47:15022|client:10.1.0.47:15021|dataStream:10.1.0.47:15024|priority:0|startupRole:FOLLOWER, 0748a88e-a458-4efc-a02e-125962a69d19|rpc:10.1.0.47:15014|admin:10.1.0.47:15013|client:10.1.0.47:15012|dataStream:10.1.0.47:15015|priority:0|startupRole:FOLLOWER, b858c729-efcc-4161-8033-8241e78cf6c6|rpc:10.1.0.47:15032|admin:10.1.0.47:15031|client:10.1.0.47:15030|dataStream:10.1.0.47:15033|priority:1|startupRole:FOLLOWER]|listeners:[], old=null
2023-06-23 00:37:37,515 [0748a88e-a458-4efc-a02e-125962a69d19@group-8BFADAF7E580-LeaderElection2] INFO  impl.LeaderElection (LeaderElection.java:logAndReturn(90)) - 0748a88e-a458-4efc-a02e-125962a69d19@group-8BFADAF7E580-LeaderElection2: PRE_VOTE REJECTED received 2 response(s) and 0 exception(s):
2023-06-23 00:37:37,515 [0748a88e-a458-4efc-a02e-125962a69d19@group-8BFADAF7E580-LeaderElection2] INFO  impl.LeaderElection (LeaderElection.java:logAndReturn(94)) -   Response 0: 0748a88e-a458-4efc-a02e-125962a69d19<-59e05457-4658-4a4f-b6c2-3fec945af00c#0:OK-t0
2023-06-23 00:37:37,515 [0748a88e-a458-4efc-a02e-125962a69d19@group-8BFADAF7E580-LeaderElection2] INFO  impl.LeaderElection (LeaderElection.java:logAndReturn(94)) -   Response 1: 0748a88e-a458-4efc-a02e-125962a69d19<-b858c729-efcc-4161-8033-8241e78cf6c6#0:FAIL-t0
2023-06-23 00:37:37,515 [0748a88e-a458-4efc-a02e-125962a69d19@group-8BFADAF7E580-LeaderElection2] INFO  impl.LeaderElection (LeaderElection.java:askForVotes(323)) - 0748a88e-a458-4efc-a02e-125962a69d19@group-8BFADAF7E580-LeaderElection2 PRE_VOTE round 0: result REJECTED
2023-06-23 00:37:37,517 [0748a88e-a458-4efc-a02e-125962a69d19@group-8BFADAF7E580-LeaderElection2] INFO  server.RaftServer$Division (RaftServerImpl.java:setRole(329)) - 0748a88e-a458-4efc-a02e-125962a69d19@group-8BFADAF7E580: changes role from CANDIDATE to FOLLOWER at term 0 for REJECTED
2023-06-23 00:37:37,517 [0748a88e-a458-4efc-a02e-125962a69d19@group-8BFADAF7E580-LeaderElection2] INFO  impl.RoleInfo (RoleInfo.java:shutdownLeaderElection(130)) - 0748a88e-a458-4efc-a02e-125962a69d19: shutdown 0748a88e-a458-4efc-a02e-125962a69d19@group-8BFADAF7E580-LeaderElection2
2023-06-23 00:37:37,517 [0748a88e-a458-4efc-a02e-125962a69d19@group-8BFADAF7E580-LeaderElection2] INFO  impl.RoleInfo (RoleInfo.java:updateAndGet(139)) - 0748a88e-a458-4efc-a02e-125962a69d19: start 0748a88e-a458-4efc-a02e-125962a69d19@group-8BFADAF7E580-FollowerState
2023-06-23 00:37:37,541 [0748a88e-a458-4efc-a02e-125962a69d19@group-9713468B702F-FollowerState] INFO  impl.FollowerState (FollowerState.java:run(143)) - 0748a88e-a458-4efc-a02e-125962a69d19@group-9713468B702F-FollowerState: change to CANDIDATE, lastRpcElapsedTime:5114817381ns, electionTimeout:5113ms
2023-06-23 00:37:37,542 [0748a88e-a458-4efc-a02e-125962a69d19@group-9713468B702F-FollowerState] INFO  impl.RoleInfo (RoleInfo.java:shutdownFollowerState(110)) - 0748a88e-a458-4efc-a02e-125962a69d19: shutdown 0748a88e-a458-4efc-a02e-125962a69d19@group-9713468B702F-FollowerState
2023-06-23 00:37:37,542 [0748a88e-a458-4efc-a02e-125962a69d19@group-9713468B702F-FollowerState] INFO  server.RaftServer$Division (RaftServerImpl.java:setRole(329)) - 0748a88e-a458-4efc-a02e-125962a69d19@group-9713468B702F: changes role from  FOLLOWER to CANDIDATE at term 0 for changeToCandidate
2023-06-23 00:37:37,543 [0748a88e-a458-4efc-a02e-125962a69d19@group-9713468B702F-FollowerState] INFO  server.RaftServerConfigKeys (ConfUtils.java:logGet(46)) - raft.server.leaderelection.pre-vote = true (default)
2023-06-23 00:37:37,543 [0748a88e-a458-4efc-a02e-125962a69d19@group-9713468B702F-FollowerState] INFO  impl.RoleInfo (RoleInfo.java:updateAndGet(139)) - 0748a88e-a458-4efc-a02e-125962a69d19: start 0748a88e-a458-4efc-a02e-125962a69d19@group-9713468B702F-LeaderElection3
2023-06-23 00:37:37,544 [0748a88e-a458-4efc-a02e-125962a69d19@group-9713468B702F-LeaderElection3] INFO  impl.LeaderElection (LeaderElection.java:askForVotes(321)) - 0748a88e-a458-4efc-a02e-125962a69d19@group-9713468B702F-LeaderElection3 PRE_VOTE round 0: submit vote requests at term 0 for -1: peers:[0748a88e-a458-4efc-a02e-125962a69d19|rpc:10.1.0.47:15014|admin:10.1.0.47:15013|client:10.1.0.47:15012|dataStream:10.1.0.47:15015|priority:1|startupRole:FOLLOWER]|listeners:[], old=null
2023-06-23 00:37:37,545 [0748a88e-a458-4efc-a02e-125962a69d19@group-9713468B702F-LeaderElection3] INFO  impl.LeaderElection (LeaderElection.java:askForVotes(323)) - 0748a88e-a458-4efc-a02e-125962a69d19@group-9713468B702F-LeaderElection3 PRE_VOTE round 0: result PASSED (term=0)
2023-06-23 00:37:37,547 [0748a88e-a458-4efc-a02e-125962a69d19@group-9713468B702F-LeaderElection3] INFO  impl.LeaderElection (LeaderElection.java:askForVotes(321)) - 0748a88e-a458-4efc-a02e-125962a69d19@group-9713468B702F-LeaderElection3 ELECTION round 0: submit vote requests at term 1 for -1: peers:[0748a88e-a458-4efc-a02e-125962a69d19|rpc:10.1.0.47:15014|admin:10.1.0.47:15013|client:10.1.0.47:15012|dataStream:10.1.0.47:15015|priority:1|startupRole:FOLLOWER]|listeners:[], old=null
2023-06-23 00:37:37,547 [0748a88e-a458-4efc-a02e-125962a69d19@group-9713468B702F-LeaderElection3] INFO  impl.LeaderElection (LeaderElection.java:askForVotes(323)) - 0748a88e-a458-4efc-a02e-125962a69d19@group-9713468B702F-LeaderElection3 ELECTION round 0: result PASSED (term=1)
2023-06-23 00:37:37,547 [0748a88e-a458-4efc-a02e-125962a69d19@group-9713468B702F-LeaderElection3] INFO  impl.RoleInfo (RoleInfo.java:shutdownLeaderElection(130)) - 0748a88e-a458-4efc-a02e-125962a69d19: shutdown 0748a88e-a458-4efc-a02e-125962a69d19@group-9713468B702F-LeaderElection3
2023-06-23 00:37:37,547 [0748a88e-a458-4efc-a02e-125962a69d19@group-9713468B702F-LeaderElection3] INFO  server.RaftServer$Division (RaftServerImpl.java:setRole(329)) - 0748a88e-a458-4efc-a02e-125962a69d19@group-9713468B702F: changes role from CANDIDATE to LEADER at term 1 for changeToLeader
2023-06-23 00:37:37,547 [0748a88e-a458-4efc-a02e-125962a69d19@group-9713468B702F-LeaderElection3] INFO  ratis.XceiverServerRatis (XceiverServerRatis.java:handleLeaderChangedNotification(902)) - Leader change notification received for group: group-9713468B702F with new leaderId: 0748a88e-a458-4efc-a02e-125962a69d19
2023-06-23 00:37:37,549 [0748a88e-a458-4efc-a02e-125962a69d19@group-9713468B702F-LeaderElection3] INFO  server.RaftServer$Division (ServerState.java:setLeader(317)) - 0748a88e-a458-4efc-a02e-125962a69d19@group-9713468B702F: change Leader from null to 0748a88e-a458-4efc-a02e-125962a69d19 at term 1 for becomeLeader, leader elected after 5175ms
2023-06-23 00:37:37,550 [EventQueue-OpenPipelineForHealthyPipelineSafeModeRule] INFO  safemode.SCMSafeModeManager (HealthyPipelineSafeModeRule.java:process(137)) - SCM in safe mode. Healthy pipelines reported count is 0, required healthy pipeline reported count is 1
2023-06-23 00:37:37,551 [0748a88e-a458-4efc-a02e-125962a69d19@group-9713468B702F-LeaderElection3] INFO  server.RaftServerConfigKeys (ConfUtils.java:logGet(46)) - raft.server.staging.catchup.gap = 1000 (default)
2023-06-23 00:37:37,551 [0748a88e-a458-4efc-a02e-125962a69d19@group-9713468B702F-LeaderElection3] INFO  server.RaftServerConfigKeys (ConfUtils.java:logGet(46)) - raft.server.write.element-limit = 1024 (custom)
2023-06-23 00:37:37,553 [0748a88e-a458-4efc-a02e-125962a69d19@group-9713468B702F-LeaderElection3] INFO  server.RaftServerConfigKeys (ConfUtils.java:logGet(46)) - raft.server.write.byte-limit = 1024 M (=1073741824) (custom)
2023-06-23 00:37:37,553 [0748a88e-a458-4efc-a02e-125962a69d19@group-9713468B702F-LeaderElection3] INFO  server.RaftServerConfigKeys (ConfUtils.java:logGet(46)) - raft.server.watch.timeout = 180s (custom)
2023-06-23 00:37:37,553 [0748a88e-a458-4efc-a02e-125962a69d19@group-9713468B702F-LeaderElection3] INFO  server.RaftServerConfigKeys (ConfUtils.java:logGet(46)) - raft.server.watch.timeout.denomination = 1s (default)
2023-06-23 00:37:37,553 [0748a88e-a458-4efc-a02e-125962a69d19@group-9713468B702F-LeaderElection3] INFO  server.RaftServerConfigKeys (ConfUtils.java:logGet(46)) - raft.server.watch.element-limit = 65536 (default)
2023-06-23 00:37:37,553 [0748a88e-a458-4efc-a02e-125962a69d19@group-9713468B702F-LeaderElection3] INFO  server.RaftServerConfigKeys (ConfUtils.java:logGet(46)) - raft.server.write.element-limit = 1024 (custom)
2023-06-23 00:37:37,553 [0748a88e-a458-4efc-a02e-125962a69d19@group-9713468B702F-LeaderElection3] INFO  server.RaftServerConfigKeys (ConfUtils.java:logGet(46)) - raft.server.write.follower.gap.ratio.max = -1.0 (default)
2023-06-23 00:37:37,554 [0748a88e-a458-4efc-a02e-125962a69d19@group-9713468B702F-LeaderElection3] INFO  impl.RoleInfo (RoleInfo.java:updateAndGet(139)) - 0748a88e-a458-4efc-a02e-125962a69d19: start 0748a88e-a458-4efc-a02e-125962a69d19@group-9713468B702F-LeaderStateImpl
2023-06-23 00:37:37,554 [0748a88e-a458-4efc-a02e-125962a69d19@group-9713468B702F-LeaderElection3] INFO  segmented.SegmentedRaftLogWorker (SegmentedRaftLogWorker.java:startLogSegment(447)) - 0748a88e-a458-4efc-a02e-125962a69d19@group-9713468B702F-SegmentedRaftLogWorker: Starting segment from index:0
2023-06-23 00:37:37,555 [0748a88e-a458-4efc-a02e-125962a69d19@group-9713468B702F-SegmentedRaftLogWorker] INFO  segmented.SegmentedRaftLogWorker (SegmentedRaftLogWorker.java:execute(651)) - 0748a88e-a458-4efc-a02e-125962a69d19@group-9713468B702F-SegmentedRaftLogWorker: created new log segment /home/runner/work/ozone/ozone/hadoop-ozone/integration-test/target/test-dir/MiniOzoneClusterImpl-3c3985d8-3248-4f19-a32f-4442bec32466/datanode-0/data/ratis/b6d2f952-61cc-4440-8ea5-9713468b702f/current/log_inprogress_0
2023-06-23 00:37:37,558 [0748a88e-a458-4efc-a02e-125962a69d19@group-9713468B702F-LeaderElection3] INFO  server.RaftServer$Division (ServerState.java:setRaftConf(434)) - 0748a88e-a458-4efc-a02e-125962a69d19@group-9713468B702F: set configuration 0: peers:[0748a88e-a458-4efc-a02e-125962a69d19|rpc:10.1.0.47:15014|admin:10.1.0.47:15013|client:10.1.0.47:15012|dataStream:10.1.0.47:15015|priority:1|startupRole:FOLLOWER]|listeners:[], old=null
2023-06-23 00:37:37,883 [main] INFO  ozone.MiniOzoneClusterImpl (MiniOzoneClusterImpl.java:lambda$waitForClusterToBeReady$0(224)) - Nodes are ready. Got 10 of 10 DN Heartbeats.
2023-06-23 00:37:37,884 [main] INFO  ozone.MiniOzoneClusterImpl (MiniOzoneClusterImpl.java:lambda$waitForClusterToBeReady$0(227)) - Waiting for cluster to exit safe mode
2023-06-23 00:37:37,884 [main] INFO  ozone.MiniOzoneClusterImpl (MiniOzoneClusterImpl.java:lambda$waitForClusterToBeReady$0(229)) - SCM became leader
2023-06-23 00:37:37,940 [59e05457-4658-4a4f-b6c2-3fec945af00c@group-8BFADAF7E580-FollowerState] INFO  server.RaftServerConfigKeys (ConfUtils.java:logFallback(53)) - raft.server.rpc.first-election.timeout.min = 5s (fallback to raft.server.rpc.timeout.min)
2023-06-23 00:37:37,940 [59e05457-4658-4a4f-b6c2-3fec945af00c@group-8BFADAF7E580-FollowerState] INFO  server.RaftServerConfigKeys (ConfUtils.java:logFallback(53)) - raft.server.rpc.first-election.timeout.max = 5200ms (fallback to raft.server.rpc.timeout.max)
2023-06-23 00:37:37,993 [59e05457-4658-4a4f-b6c2-3fec945af00c@group-62FE52930499-FollowerState] INFO  impl.FollowerState (FollowerState.java:run(143)) - 59e05457-4658-4a4f-b6c2-3fec945af00c@group-62FE52930499-FollowerState: change to CANDIDATE, lastRpcElapsedTime:5063894674ns, electionTimeout:5049ms
2023-06-23 00:37:37,993 [59e05457-4658-4a4f-b6c2-3fec945af00c@group-62FE52930499-FollowerState] INFO  impl.RoleInfo (RoleInfo.java:shutdownFollowerState(110)) - 59e05457-4658-4a4f-b6c2-3fec945af00c: shutdown 59e05457-4658-4a4f-b6c2-3fec945af00c@group-62FE52930499-FollowerState
2023-06-23 00:37:37,993 [59e05457-4658-4a4f-b6c2-3fec945af00c@group-62FE52930499-FollowerState] INFO  server.RaftServer$Division (RaftServerImpl.java:setRole(329)) - 59e05457-4658-4a4f-b6c2-3fec945af00c@group-62FE52930499: changes role from  FOLLOWER to CANDIDATE at term 0 for changeToCandidate
2023-06-23 00:37:37,993 [59e05457-4658-4a4f-b6c2-3fec945af00c@group-62FE52930499-FollowerState] INFO  server.RaftServerConfigKeys (ConfUtils.java:logGet(46)) - raft.server.leaderelection.pre-vote = true (default)
2023-06-23 00:37:37,993 [59e05457-4658-4a4f-b6c2-3fec945af00c@group-62FE52930499-FollowerState] INFO  impl.RoleInfo (RoleInfo.java:updateAndGet(139)) - 59e05457-4658-4a4f-b6c2-3fec945af00c: start 59e05457-4658-4a4f-b6c2-3fec945af00c@group-62FE52930499-LeaderElection4
2023-06-23 00:37:37,997 [59e05457-4658-4a4f-b6c2-3fec945af00c@group-62FE52930499-LeaderElection4] INFO  impl.LeaderElection (LeaderElection.java:askForVotes(321)) - 59e05457-4658-4a4f-b6c2-3fec945af00c@group-62FE52930499-LeaderElection4 PRE_VOTE round 0: submit vote requests at term 0 for -1: peers:[59e05457-4658-4a4f-b6c2-3fec945af00c|rpc:10.1.0.47:15023|admin:10.1.0.47:15022|client:10.1.0.47:15021|dataStream:10.1.0.47:15024|priority:1|startupRole:FOLLOWER, 0748a88e-a458-4efc-a02e-125962a69d19|rpc:10.1.0.47:15014|admin:10.1.0.47:15013|client:10.1.0.47:15012|dataStream:10.1.0.47:15015|priority:0|startupRole:FOLLOWER, b858c729-efcc-4161-8033-8241e78cf6c6|rpc:10.1.0.47:15032|admin:10.1.0.47:15031|client:10.1.0.47:15030|dataStream:10.1.0.47:15033|priority:0|startupRole:FOLLOWER]|listeners:[], old=null
2023-06-23 00:37:37,997 [59e05457-4658-4a4f-b6c2-3fec945af00c@group-62FE52930499-LeaderElection4] INFO  server.RaftServerConfigKeys (ConfUtils.java:logFallback(53)) - raft.server.rpc.first-election.timeout.min = 5s (fallback to raft.server.rpc.timeout.min)
2023-06-23 00:37:37,997 [59e05457-4658-4a4f-b6c2-3fec945af00c@group-62FE52930499-LeaderElection4-1] INFO  server.GrpcServerProtocolClient (GrpcServerProtocolClient.java:<init>(65)) - Build channel for 0748a88e-a458-4efc-a02e-125962a69d19
2023-06-23 00:37:37,997 [59e05457-4658-4a4f-b6c2-3fec945af00c@group-62FE52930499-LeaderElection4] INFO  server.RaftServerConfigKeys (ConfUtils.java:logFallback(53)) - raft.server.rpc.first-election.timeout.max = 5200ms (fallback to raft.server.rpc.timeout.max)
2023-06-23 00:37:37,997 [59e05457-4658-4a4f-b6c2-3fec945af00c@group-62FE52930499-LeaderElection4-2] INFO  server.GrpcServerProtocolClient (GrpcServerProtocolClient.java:<init>(65)) - Build channel for b858c729-efcc-4161-8033-8241e78cf6c6
2023-06-23 00:37:38,009 [grpc-default-executor-0] INFO  server.RaftServer$Division (RaftServerImpl.java:requestVote(1302)) - b858c729-efcc-4161-8033-8241e78cf6c6@group-62FE52930499: receive requestVote(PRE_VOTE, 59e05457-4658-4a4f-b6c2-3fec945af00c, group-62FE52930499, 0, (t:0, i:0))
2023-06-23 00:37:38,009 [grpc-default-executor-0] INFO  impl.VoteContext (VoteContext.java:log(49)) - b858c729-efcc-4161-8033-8241e78cf6c6@group-62FE52930499-FOLLOWER: accept PRE_VOTE from 59e05457-4658-4a4f-b6c2-3fec945af00c: our priority 0 <= candidate's priority 1
2023-06-23 00:37:38,009 [grpc-default-executor-0] INFO  server.RaftServer$Division (RaftServerImpl.java:requestVote(1335)) - b858c729-efcc-4161-8033-8241e78cf6c6@group-62FE52930499 replies to PRE_VOTE vote request: 59e05457-4658-4a4f-b6c2-3fec945af00c<-b858c729-efcc-4161-8033-8241e78cf6c6#0:OK-t0. Peer's state: b858c729-efcc-4161-8033-8241e78cf6c6@group-62FE52930499:t0, leader=null, voted=, raftlog=Memoized:b858c729-efcc-4161-8033-8241e78cf6c6@group-62FE52930499-SegmentedRaftLog:OPENED:c-1, conf=-1: peers:[59e05457-4658-4a4f-b6c2-3fec945af00c|rpc:10.1.0.47:15023|admin:10.1.0.47:15022|client:10.1.0.47:15021|dataStream:10.1.0.47:15024|priority:1|startupRole:FOLLOWER, 0748a88e-a458-4efc-a02e-125962a69d19|rpc:10.1.0.47:15014|admin:10.1.0.47:15013|client:10.1.0.47:15012|dataStream:10.1.0.47:15015|priority:0|startupRole:FOLLOWER, b858c729-efcc-4161-8033-8241e78cf6c6|rpc:10.1.0.47:15032|admin:10.1.0.47:15031|client:10.1.0.47:15030|dataStream:10.1.0.47:15033|priority:0|startupRole:FOLLOWER]|listeners:[], old=null
2023-06-23 00:37:38,017 [grpc-default-executor-2] INFO  server.RaftServer$Division (RaftServerImpl.java:requestVote(1302)) - 0748a88e-a458-4efc-a02e-125962a69d19@group-62FE52930499: receive requestVote(PRE_VOTE, 59e05457-4658-4a4f-b6c2-3fec945af00c, group-62FE52930499, 0, (t:0, i:0))
2023-06-23 00:37:38,017 [grpc-default-executor-2] INFO  impl.VoteContext (VoteContext.java:log(49)) - 0748a88e-a458-4efc-a02e-125962a69d19@group-62FE52930499-FOLLOWER: accept PRE_VOTE from 59e05457-4658-4a4f-b6c2-3fec945af00c: our priority 0 <= candidate's priority 1
2023-06-23 00:37:38,017 [59e05457-4658-4a4f-b6c2-3fec945af00c@group-62FE52930499-LeaderElection4] INFO  impl.LeaderElection (LeaderElection.java:logAndReturn(90)) - 59e05457-4658-4a4f-b6c2-3fec945af00c@group-62FE52930499-LeaderElection4: PRE_VOTE PASSED received 1 response(s) and 0 exception(s):
2023-06-23 00:37:38,017 [grpc-default-executor-2] INFO  server.RaftServer$Division (RaftServerImpl.java:requestVote(1335)) - 0748a88e-a458-4efc-a02e-125962a69d19@group-62FE52930499 replies to PRE_VOTE vote request: 59e05457-4658-4a4f-b6c2-3fec945af00c<-0748a88e-a458-4efc-a02e-125962a69d19#0:OK-t0. Peer's state: 0748a88e-a458-4efc-a02e-125962a69d19@group-62FE52930499:t0, leader=null, voted=, raftlog=Memoized:0748a88e-a458-4efc-a02e-125962a69d19@group-62FE52930499-SegmentedRaftLog:OPENED:c-1, conf=-1: peers:[59e05457-4658-4a4f-b6c2-3fec945af00c|rpc:10.1.0.47:15023|admin:10.1.0.47:15022|client:10.1.0.47:15021|dataStream:10.1.0.47:15024|priority:1|startupRole:FOLLOWER, 0748a88e-a458-4efc-a02e-125962a69d19|rpc:10.1.0.47:15014|admin:10.1.0.47:15013|client:10.1.0.47:15012|dataStream:10.1.0.47:15015|priority:0|startupRole:FOLLOWER, b858c729-efcc-4161-8033-8241e78cf6c6|rpc:10.1.0.47:15032|admin:10.1.0.47:15031|client:10.1.0.47:15030|dataStream:10.1.0.47:15033|priority:0|startupRole:FOLLOWER]|listeners:[], old=null
2023-06-23 00:37:38,018 [59e05457-4658-4a4f-b6c2-3fec945af00c@group-62FE52930499-LeaderElection4] INFO  impl.LeaderElection (LeaderElection.java:logAndReturn(94)) -   Response 0: 59e05457-4658-4a4f-b6c2-3fec945af00c<-b858c729-efcc-4161-8033-8241e78cf6c6#0:OK-t0
2023-06-23 00:37:38,018 [59e05457-4658-4a4f-b6c2-3fec945af00c@group-62FE52930499-LeaderElection4] INFO  impl.LeaderElection (LeaderElection.java:askForVotes(323)) - 59e05457-4658-4a4f-b6c2-3fec945af00c@group-62FE52930499-LeaderElection4 PRE_VOTE round 0: result PASSED
2023-06-23 00:37:38,019 [59e05457-4658-4a4f-b6c2-3fec945af00c@group-62FE52930499-LeaderElection4] INFO  impl.LeaderElection (LeaderElection.java:askForVotes(321)) - 59e05457-4658-4a4f-b6c2-3fec945af00c@group-62FE52930499-LeaderElection4 ELECTION round 0: submit vote requests at term 1 for -1: peers:[59e05457-4658-4a4f-b6c2-3fec945af00c|rpc:10.1.0.47:15023|admin:10.1.0.47:15022|client:10.1.0.47:15021|dataStream:10.1.0.47:15024|priority:1|startupRole:FOLLOWER, 0748a88e-a458-4efc-a02e-125962a69d19|rpc:10.1.0.47:15014|admin:10.1.0.47:15013|client:10.1.0.47:15012|dataStream:10.1.0.47:15015|priority:0|startupRole:FOLLOWER, b858c729-efcc-4161-8033-8241e78cf6c6|rpc:10.1.0.47:15032|admin:10.1.0.47:15031|client:10.1.0.47:15030|dataStream:10.1.0.47:15033|priority:0|startupRole:FOLLOWER]|listeners:[], old=null
2023-06-23 00:37:38,020 [59e05457-4658-4a4f-b6c2-3fec945af00c@group-62FE52930499-LeaderElection4] INFO  server.RaftServerConfigKeys (ConfUtils.java:logFallback(53)) - raft.server.rpc.first-election.timeout.min = 5s (fallback to raft.server.rpc.timeout.min)
2023-06-23 00:37:38,020 [59e05457-4658-4a4f-b6c2-3fec945af00c@group-62FE52930499-LeaderElection4] INFO  server.RaftServerConfigKeys (ConfUtils.java:logFallback(53)) - raft.server.rpc.first-election.timeout.max = 5200ms (fallback to raft.server.rpc.timeout.max)
2023-06-23 00:37:38,022 [grpc-default-executor-2] INFO  server.RaftServer$Division (RaftServerImpl.java:requestVote(1302)) - 0748a88e-a458-4efc-a02e-125962a69d19@group-62FE52930499: receive requestVote(ELECTION, 59e05457-4658-4a4f-b6c2-3fec945af00c, group-62FE52930499, 1, (t:0, i:0))
2023-06-23 00:37:38,023 [grpc-default-executor-2] INFO  impl.VoteContext (VoteContext.java:log(49)) - 0748a88e-a458-4efc-a02e-125962a69d19@group-62FE52930499-FOLLOWER: accept ELECTION from 59e05457-4658-4a4f-b6c2-3fec945af00c: our priority 0 <= candidate's priority 1
2023-06-23 00:37:38,023 [grpc-default-executor-2] INFO  server.RaftServer$Division (RaftServerImpl.java:setRole(329)) - 0748a88e-a458-4efc-a02e-125962a69d19@group-62FE52930499: changes role from  FOLLOWER to FOLLOWER at term 1 for candidate:59e05457-4658-4a4f-b6c2-3fec945af00c
2023-06-23 00:37:38,023 [grpc-default-executor-2] INFO  impl.RoleInfo (RoleInfo.java:shutdownFollowerState(110)) - 0748a88e-a458-4efc-a02e-125962a69d19: shutdown 0748a88e-a458-4efc-a02e-125962a69d19@group-62FE52930499-FollowerState
2023-06-23 00:37:38,023 [grpc-default-executor-2] INFO  impl.RoleInfo (RoleInfo.java:updateAndGet(139)) - 0748a88e-a458-4efc-a02e-125962a69d19: start 0748a88e-a458-4efc-a02e-125962a69d19@group-62FE52930499-FollowerState
2023-06-23 00:37:38,023 [0748a88e-a458-4efc-a02e-125962a69d19@group-62FE52930499-FollowerState] INFO  impl.FollowerState (FollowerState.java:run(152)) - 0748a88e-a458-4efc-a02e-125962a69d19@group-62FE52930499-FollowerState was interrupted
2023-06-23 00:37:38,027 [grpc-default-executor-2] INFO  server.RaftServer$Division (RaftServerImpl.java:requestVote(1335)) - 0748a88e-a458-4efc-a02e-125962a69d19@group-62FE52930499 replies to ELECTION vote request: 59e05457-4658-4a4f-b6c2-3fec945af00c<-0748a88e-a458-4efc-a02e-125962a69d19#0:OK-t1. Peer's state: 0748a88e-a458-4efc-a02e-125962a69d19@group-62FE52930499:t1, leader=null, voted=59e05457-4658-4a4f-b6c2-3fec945af00c, raftlog=Memoized:0748a88e-a458-4efc-a02e-125962a69d19@group-62FE52930499-SegmentedRaftLog:OPENED:c-1, conf=-1: peers:[59e05457-4658-4a4f-b6c2-3fec945af00c|rpc:10.1.0.47:15023|admin:10.1.0.47:15022|client:10.1.0.47:15021|dataStream:10.1.0.47:15024|priority:1|startupRole:FOLLOWER, 0748a88e-a458-4efc-a02e-125962a69d19|rpc:10.1.0.47:15014|admin:10.1.0.47:15013|client:10.1.0.47:15012|dataStream:10.1.0.47:15015|priority:0|startupRole:FOLLOWER, b858c729-efcc-4161-8033-8241e78cf6c6|rpc:10.1.0.47:15032|admin:10.1.0.47:15031|client:10.1.0.47:15030|dataStream:10.1.0.47:15033|priority:0|startupRole:FOLLOWER]|listeners:[], old=null
2023-06-23 00:37:38,028 [59e05457-4658-4a4f-b6c2-3fec945af00c@group-62FE52930499-LeaderElection4] INFO  impl.LeaderElection (LeaderElection.java:logAndReturn(90)) - 59e05457-4658-4a4f-b6c2-3fec945af00c@group-62FE52930499-LeaderElection4: ELECTION PASSED received 1 response(s) and 0 exception(s):
2023-06-23 00:37:38,028 [59e05457-4658-4a4f-b6c2-3fec945af00c@group-62FE52930499-LeaderElection4] INFO  impl.LeaderElection (LeaderElection.java:logAndReturn(94)) -   Response 0: 59e05457-4658-4a4f-b6c2-3fec945af00c<-0748a88e-a458-4efc-a02e-125962a69d19#0:OK-t1
2023-06-23 00:37:38,028 [59e05457-4658-4a4f-b6c2-3fec945af00c@group-62FE52930499-LeaderElection4] INFO  impl.LeaderElection (LeaderElection.java:askForVotes(323)) - 59e05457-4658-4a4f-b6c2-3fec945af00c@group-62FE52930499-LeaderElection4 ELECTION round 0: result PASSED
2023-06-23 00:37:38,028 [59e05457-4658-4a4f-b6c2-3fec945af00c@group-62FE52930499-LeaderElection4] INFO  impl.RoleInfo (RoleInfo.java:shutdownLeaderElection(130)) - 59e05457-4658-4a4f-b6c2-3fec945af00c: shutdown 59e05457-4658-4a4f-b6c2-3fec945af00c@group-62FE52930499-LeaderElection4
2023-06-23 00:37:38,028 [59e05457-4658-4a4f-b6c2-3fec945af00c@group-62FE52930499-LeaderElection4] INFO  server.RaftServer$Division (RaftServerImpl.java:setRole(329)) - 59e05457-4658-4a4f-b6c2-3fec945af00c@group-62FE52930499: changes role from CANDIDATE to LEADER at term 1 for changeToLeader
2023-06-23 00:37:38,028 [grpc-default-executor-2] INFO  server.RaftServer$Division (RaftServerImpl.java:requestVote(1302)) - b858c729-efcc-4161-8033-8241e78cf6c6@group-62FE52930499: receive requestVote(ELECTION, 59e05457-4658-4a4f-b6c2-3fec945af00c, group-62FE52930499, 1, (t:0, i:0))
2023-06-23 00:37:38,028 [59e05457-4658-4a4f-b6c2-3fec945af00c@group-62FE52930499-LeaderElection4] INFO  ratis.XceiverServerRatis (XceiverServerRatis.java:handleLeaderChangedNotification(902)) - Leader change notification received for group: group-62FE52930499 with new leaderId: 59e05457-4658-4a4f-b6c2-3fec945af00c
2023-06-23 00:37:38,029 [59e05457-4658-4a4f-b6c2-3fec945af00c@group-62FE52930499-LeaderElection4] INFO  server.RaftServer$Division (ServerState.java:setLeader(317)) - 59e05457-4658-4a4f-b6c2-3fec945af00c@group-62FE52930499: change Leader from null to 59e05457-4658-4a4f-b6c2-3fec945af00c at term 1 for becomeLeader, leader elected after 5135ms
2023-06-23 00:37:38,029 [59e05457-4658-4a4f-b6c2-3fec945af00c@group-62FE52930499-LeaderElection4] INFO  server.RaftServerConfigKeys (ConfUtils.java:logGet(46)) - raft.server.staging.catchup.gap = 1000 (default)
2023-06-23 00:37:38,029 [59e05457-4658-4a4f-b6c2-3fec945af00c@group-62FE52930499-LeaderElection4] INFO  server.RaftServerConfigKeys (ConfUtils.java:logGet(46)) - raft.server.write.element-limit = 1024 (custom)
2023-06-23 00:37:38,029 [59e05457-4658-4a4f-b6c2-3fec945af00c@group-62FE52930499-LeaderElection4] INFO  server.RaftServerConfigKeys (ConfUtils.java:logGet(46)) - raft.server.write.byte-limit = 1024 M (=1073741824) (custom)
2023-06-23 00:37:38,030 [59e05457-4658-4a4f-b6c2-3fec945af00c@group-62FE52930499-LeaderElection4] INFO  server.RaftServerConfigKeys (ConfUtils.java:logGet(46)) - raft.server.watch.timeout = 180s (custom)
2023-06-23 00:37:38,030 [59e05457-4658-4a4f-b6c2-3fec945af00c@group-62FE52930499-LeaderElection4] INFO  server.RaftServerConfigKeys (ConfUtils.java:logGet(46)) - raft.server.watch.timeout.denomination = 1s (default)
2023-06-23 00:37:38,030 [59e05457-4658-4a4f-b6c2-3fec945af00c@group-62FE52930499-LeaderElection4] INFO  server.RaftServerConfigKeys (ConfUtils.java:logGet(46)) - raft.server.watch.element-limit = 65536 (default)
2023-06-23 00:37:38,030 [59e05457-4658-4a4f-b6c2-3fec945af00c@group-62FE52930499-LeaderElection4] INFO  server.RaftServerConfigKeys (ConfUtils.java:logGet(46)) - raft.server.write.element-limit = 1024 (custom)
2023-06-23 00:37:38,030 [59e05457-4658-4a4f-b6c2-3fec945af00c@group-62FE52930499-LeaderElection4] INFO  server.RaftServerConfigKeys (ConfUtils.java:logGet(46)) - raft.server.write.follower.gap.ratio.max = -1.0 (default)
2023-06-23 00:37:38,031 [EventQueue-PipelineReportForPipelineReportHandler] INFO  pipeline.PipelineManagerImpl (PipelineManagerImpl.java:openPipeline(367)) - Pipeline Pipeline[ Id: bd067623-fb3e-4d6b-ae7a-62fe52930499, Nodes: b858c729-efcc-4161-8033-8241e78cf6c6(fv-az570-151.srgqcr2moziuvm0qev4lajleyh.dx.internal.cloudapp.net/10.1.0.47)59e05457-4658-4a4f-b6c2-3fec945af00c(fv-az570-151.srgqcr2moziuvm0qev4lajleyh.dx.internal.cloudapp.net/10.1.0.47)0748a88e-a458-4efc-a02e-125962a69d19(fv-az570-151.srgqcr2moziuvm0qev4lajleyh.dx.internal.cloudapp.net/10.1.0.47), ReplicationConfig: RATIS/THREE, State:ALLOCATED, leaderId:59e05457-4658-4a4f-b6c2-3fec945af00c, CreationTimestamp2023-06-23T00:37:30.169Z[Etc/UTC]] moved to OPEN state
2023-06-23 00:37:38,032 [EventQueue-OpenPipelineForHealthyPipelineSafeModeRule] INFO  safemode.SCMSafeModeManager (HealthyPipelineSafeModeRule.java:process(137)) - SCM in safe mode. Healthy pipelines reported count is 0, required healthy pipeline reported count is 1
2023-06-23 00:37:38,035 [grpc-default-executor-2] INFO  impl.VoteContext (VoteContext.java:log(49)) - b858c729-efcc-4161-8033-8241e78cf6c6@group-62FE52930499-FOLLOWER: accept ELECTION from 59e05457-4658-4a4f-b6c2-3fec945af00c: our priority 0 <= candidate's priority 1
2023-06-23 00:37:38,035 [grpc-default-executor-2] INFO  server.RaftServer$Division (RaftServerImpl.java:setRole(329)) - b858c729-efcc-4161-8033-8241e78cf6c6@group-62FE52930499: changes role from  FOLLOWER to FOLLOWER at term 1 for candidate:59e05457-4658-4a4f-b6c2-3fec945af00c
2023-06-23 00:37:38,035 [grpc-default-executor-2] INFO  impl.RoleInfo (RoleInfo.java:shutdownFollowerState(110)) - b858c729-efcc-4161-8033-8241e78cf6c6: shutdown b858c729-efcc-4161-8033-8241e78cf6c6@group-62FE52930499-FollowerState
2023-06-23 00:37:38,035 [b858c729-efcc-4161-8033-8241e78cf6c6@group-62FE52930499-FollowerState] INFO  impl.FollowerState (FollowerState.java:run(152)) - b858c729-efcc-4161-8033-8241e78cf6c6@group-62FE52930499-FollowerState was interrupted
2023-06-23 00:37:38,035 [grpc-default-executor-2] INFO  impl.RoleInfo (RoleInfo.java:updateAndGet(139)) - b858c729-efcc-4161-8033-8241e78cf6c6: start b858c729-efcc-4161-8033-8241e78cf6c6@group-62FE52930499-FollowerState
2023-06-23 00:37:38,042 [EventQueue-OpenPipelineForHealthyPipelineSafeModeRule] INFO  safemode.SCMSafeModeManager (HealthyPipelineSafeModeRule.java:process(137)) - SCM in safe mode. Healthy pipelines reported count is 1, required healthy pipeline reported count is 1
2023-06-23 00:37:38,042 [EventQueue-OpenPipelineForHealthyPipelineSafeModeRule] INFO  safemode.SCMSafeModeManager (SCMSafeModeManager.java:validateSafeModeExitRules(200)) - HealthyPipelineSafeModeRule rule is successfully validated
2023-06-23 00:37:38,042 [EventQueue-OpenPipelineForHealthyPipelineSafeModeRule] INFO  safemode.SCMSafeModeManager (SCMSafeModeManager.java:validateSafeModeExitRules(215)) - ScmSafeModeManager, all rules are successfully validated
2023-06-23 00:37:38,042 [EventQueue-OpenPipelineForHealthyPipelineSafeModeRule] INFO  safemode.SCMSafeModeManager (SCMSafeModeManager.java:exitSafeMode(244)) - SCM exiting safe mode.
2023-06-23 00:37:38,048 [grpc-default-executor-2] INFO  server.RaftServer$Division (RaftServerImpl.java:requestVote(1335)) - b858c729-efcc-4161-8033-8241e78cf6c6@group-62FE52930499 replies to ELECTION vote request: 59e05457-4658-4a4f-b6c2-3fec945af00c<-b858c729-efcc-4161-8033-8241e78cf6c6#0:OK-t1. Peer's state: b858c729-efcc-4161-8033-8241e78cf6c6@group-62FE52930499:t1, leader=null, voted=59e05457-4658-4a4f-b6c2-3fec945af00c, raftlog=Memoized:b858c729-efcc-4161-8033-8241e78cf6c6@group-62FE52930499-SegmentedRaftLog:OPENED:c-1, conf=-1: peers:[59e05457-4658-4a4f-b6c2-3fec945af00c|rpc:10.1.0.47:15023|admin:10.1.0.47:15022|client:10.1.0.47:15021|dataStream:10.1.0.47:15024|priority:1|startupRole:FOLLOWER, 0748a88e-a458-4efc-a02e-125962a69d19|rpc:10.1.0.47:15014|admin:10.1.0.47:15013|client:10.1.0.47:15012|dataStream:10.1.0.47:15015|priority:0|startupRole:FOLLOWER, b858c729-efcc-4161-8033-8241e78cf6c6|rpc:10.1.0.47:15032|admin:10.1.0.47:15031|client:10.1.0.47:15030|dataStream:10.1.0.47:15033|priority:0|startupRole:FOLLOWER]|listeners:[], old=null
2023-06-23 00:37:38,042 [EventQueue-OpenPipelineForHealthyPipelineSafeModeRule] INFO  ha.SCMContext (SCMContext.java:updateSafeModeStatus(228)) - Update SafeModeStatus from SafeModeStatus{safeModeStatus=true, preCheckPassed=true} to SafeModeStatus{safeModeStatus=false, preCheckPassed=true}.
2023-06-23 00:37:38,049 [EventQueue-OpenPipelineForHealthyPipelineSafeModeRule] INFO  pipeline.BackgroundPipelineCreator (BackgroundPipelineCreator.java:notifyStatusChanged(254)) - Service BackgroundPipelineCreator transitions to RUNNING.
2023-06-23 00:37:38,049 [EventQueue-OpenPipelineForHealthyPipelineSafeModeRule] INFO  BackgroundPipelineScrubber (BackgroundSCMService.java:notifyStatusChanged(82)) - Service BackgroundPipelineScrubber transitions to RUNNING.
2023-06-23 00:37:38,049 [EventQueue-OpenPipelineForHealthyPipelineSafeModeRule] INFO  ExpiredContainerReplicaOpScrubber (BackgroundSCMService.java:notifyStatusChanged(82)) - Service ExpiredContainerReplicaOpScrubber transitions to RUNNING.
2023-06-23 00:37:38,049 [EventQueue-OpenPipelineForHealthyPipelineSafeModeRule] INFO  replication.ReplicationManager (ReplicationManager.java:notifyStatusChanged(1367)) - Service ReplicationManager transitions to RUNNING.
2023-06-23 00:37:38,049 [59e05457-4658-4a4f-b6c2-3fec945af00c@group-62FE52930499-LeaderElection4] INFO  server.RaftServerConfigKeys (ConfUtils.java:logGet(46)) - raft.server.log.appender.snapshot.chunk.size.max = 16MB (=16777216) (default)
2023-06-23 00:37:38,049 [59e05457-4658-4a4f-b6c2-3fec945af00c@group-62FE52930499-LeaderElection4] INFO  server.RaftServerConfigKeys (ConfUtils.java:logGet(46)) - raft.server.log.appender.buffer.byte-limit = 33554432 (custom)
2023-06-23 00:37:38,050 [59e05457-4658-4a4f-b6c2-3fec945af00c@group-62FE52930499-LeaderElection4] INFO  server.RaftServerConfigKeys (ConfUtils.java:logGet(46)) - raft.server.log.appender.buffer.element-limit = 1 (custom)
2023-06-23 00:37:38,051 [59e05457-4658-4a4f-b6c2-3fec945af00c@group-62FE52930499-LeaderElection4] INFO  server.RaftServerConfigKeys (ConfUtils.java:logGet(46)) - raft.server.log.appender.wait-time.min = 10ms (default)
2023-06-23 00:37:38,052 [59e05457-4658-4a4f-b6c2-3fec945af00c@group-62FE52930499-LeaderElection4] INFO  grpc.GrpcConfigKeys (ConfUtils.java:logGet(46)) - raft.grpc.server.leader.outstanding.appends.max = 128 (default)
2023-06-23 00:37:38,055 [59e05457-4658-4a4f-b6c2-3fec945af00c@group-62FE52930499-LeaderElection4] INFO  server.RaftServerConfigKeys (ConfUtils.java:logGet(46)) - raft.server.rpc.request.timeout = 60s (custom)
2023-06-23 00:37:38,056 [59e05457-4658-4a4f-b6c2-3fec945af00c@group-62FE52930499-LeaderElection4] INFO  grpc.GrpcConfigKeys (ConfUtils.java:logGet(46)) - raft.grpc.server.install_snapshot.request.element-limit = 8 (default)
2023-06-23 00:37:38,056 [59e05457-4658-4a4f-b6c2-3fec945af00c@group-62FE52930499-LeaderElection4] INFO  grpc.GrpcConfigKeys (ConfUtils.java:logGet(46)) - raft.grpc.server.install_snapshot.request.timeout = 3000ms (default)
2023-06-23 00:37:38,056 [59e05457-4658-4a4f-b6c2-3fec945af00c@group-62FE52930499-LeaderElection4] INFO  server.RaftServerConfigKeys (ConfUtils.java:logGet(46)) - raft.server.log.appender.install.snapshot.enabled = false (custom)
2023-06-23 00:37:38,056 [59e05457-4658-4a4f-b6c2-3fec945af00c@group-62FE52930499-LeaderElection4] INFO  grpc.GrpcConfigKeys (ConfUtils.java:logGet(46)) - raft.grpc.server.heartbeat.channel = true (default)
2023-06-23 00:37:38,058 [59e05457-4658-4a4f-b6c2-3fec945af00c@group-251CAF3F91CA-FollowerState] INFO  impl.FollowerState (FollowerState.java:run(143)) - 59e05457-4658-4a4f-b6c2-3fec945af00c@group-251CAF3F91CA-FollowerState: change to CANDIDATE, lastRpcElapsedTime:5169420056ns, electionTimeout:5168ms
2023-06-23 00:37:38,058 [59e05457-4658-4a4f-b6c2-3fec945af00c@group-251CAF3F91CA-FollowerState] INFO  impl.RoleInfo (RoleInfo.java:shutdownFollowerState(110)) - 59e05457-4658-4a4f-b6c2-3fec945af00c: shutdown 59e05457-4658-4a4f-b6c2-3fec945af00c@group-251CAF3F91CA-FollowerState
2023-06-23 00:37:38,058 [59e05457-4658-4a4f-b6c2-3fec945af00c@group-251CAF3F91CA-FollowerState] INFO  server.RaftServer$Division (RaftServerImpl.java:setRole(329)) - 59e05457-4658-4a4f-b6c2-3fec945af00c@group-251CAF3F91CA: changes role from  FOLLOWER to CANDIDATE at term 0 for changeToCandidate
2023-06-23 00:37:38,058 [59e05457-4658-4a4f-b6c2-3fec945af00c@group-251CAF3F91CA-FollowerState] INFO  server.RaftServerConfigKeys (ConfUtils.java:logGet(46)) - raft.server.leaderelection.pre-vote = true (default)
2023-06-23 00:37:38,058 [59e05457-4658-4a4f-b6c2-3fec945af00c@group-251CAF3F91CA-FollowerState] INFO  impl.RoleInfo (RoleInfo.java:updateAndGet(139)) - 59e05457-4658-4a4f-b6c2-3fec945af00c: start 59e05457-4658-4a4f-b6c2-3fec945af00c@group-251CAF3F91CA-LeaderElection5
2023-06-23 00:37:38,058 [59e05457-4658-4a4f-b6c2-3fec945af00c@group-62FE52930499-LeaderElection4] INFO  server.RaftServerConfigKeys (ConfUtils.java:logGet(46)) - raft.server.log.appender.snapshot.chunk.size.max = 16MB (=16777216) (default)
2023-06-23 00:37:38,058 [59e05457-4658-4a4f-b6c2-3fec945af00c@group-62FE52930499-LeaderElection4] INFO  server.RaftServerConfigKeys (ConfUtils.java:logGet(46)) - raft.server.log.appender.buffer.byte-limit = 33554432 (custom)
2023-06-23 00:37:38,058 [EventQueue-OpenPipelineForHealthyPipelineSafeModeRule] WARN  balancer.ContainerBalancer (ContainerBalancer.java:shouldRun(135)) - Could not find persisted configuration for ContainerBalancer when checking if ContainerBalancer should run. ContainerBalancer should not run now.
2023-06-23 00:37:38,059 [59e05457-4658-4a4f-b6c2-3fec945af00c@group-62FE52930499-LeaderElection4] INFO  server.RaftServerConfigKeys (ConfUtils.java:logGet(46)) - raft.server.log.appender.buffer.element-limit = 1 (custom)
2023-06-23 00:37:38,064 [59e05457-4658-4a4f-b6c2-3fec945af00c@group-62FE52930499-LeaderElection4] INFO  server.RaftServerConfigKeys (ConfUtils.java:logGet(46)) - raft.server.log.appender.wait-time.min = 10ms (default)
2023-06-23 00:37:38,064 [59e05457-4658-4a4f-b6c2-3fec945af00c@group-62FE52930499-LeaderElection4] INFO  grpc.GrpcConfigKeys (ConfUtils.java:logGet(46)) - raft.grpc.server.leader.outstanding.appends.max = 128 (default)
2023-06-23 00:37:38,065 [59e05457-4658-4a4f-b6c2-3fec945af00c@group-62FE52930499-LeaderElection4] INFO  server.RaftServerConfigKeys (ConfUtils.java:logGet(46)) - raft.server.rpc.request.timeout = 60s (custom)
2023-06-23 00:37:38,065 [59e05457-4658-4a4f-b6c2-3fec945af00c@group-62FE52930499-LeaderElection4] INFO  grpc.GrpcConfigKeys (ConfUtils.java:logGet(46)) - raft.grpc.server.install_snapshot.request.element-limit = 8 (default)
2023-06-23 00:37:38,065 [59e05457-4658-4a4f-b6c2-3fec945af00c@group-62FE52930499-LeaderElection4] INFO  grpc.GrpcConfigKeys (ConfUtils.java:logGet(46)) - raft.grpc.server.install_snapshot.request.timeout = 3000ms (default)
2023-06-23 00:37:38,065 [59e05457-4658-4a4f-b6c2-3fec945af00c@group-62FE52930499-LeaderElection4] INFO  server.RaftServerConfigKeys (ConfUtils.java:logGet(46)) - raft.server.log.appender.install.snapshot.enabled = false (custom)
2023-06-23 00:37:38,065 [59e05457-4658-4a4f-b6c2-3fec945af00c@group-62FE52930499-LeaderElection4] INFO  grpc.GrpcConfigKeys (ConfUtils.java:logGet(46)) - raft.grpc.server.heartbeat.channel = true (default)
2023-06-23 00:37:38,065 [59e05457-4658-4a4f-b6c2-3fec945af00c@group-62FE52930499-LeaderElection4] INFO  impl.RoleInfo (RoleInfo.java:updateAndGet(139)) - 59e05457-4658-4a4f-b6c2-3fec945af00c: start 59e05457-4658-4a4f-b6c2-3fec945af00c@group-62FE52930499-LeaderStateImpl
2023-06-23 00:37:38,066 [59e05457-4658-4a4f-b6c2-3fec945af00c@group-62FE52930499-LeaderElection4] INFO  segmented.SegmentedRaftLogWorker (SegmentedRaftLogWorker.java:startLogSegment(447)) - 59e05457-4658-4a4f-b6c2-3fec945af00c@group-62FE52930499-SegmentedRaftLogWorker: Starting segment from index:0
2023-06-23 00:37:38,067 [59e05457-4658-4a4f-b6c2-3fec945af00c@group-62FE52930499-SegmentedRaftLogWorker] INFO  segmented.SegmentedRaftLogWorker (SegmentedRaftLogWorker.java:execute(651)) - 59e05457-4658-4a4f-b6c2-3fec945af00c@group-62FE52930499-SegmentedRaftLogWorker: created new log segment /home/runner/work/ozone/ozone/hadoop-ozone/integration-test/target/test-dir/MiniOzoneClusterImpl-3c3985d8-3248-4f19-a32f-4442bec32466/datanode-1/data/ratis/bd067623-fb3e-4d6b-ae7a-62fe52930499/current/log_inprogress_0
2023-06-23 00:37:38,078 [59e05457-4658-4a4f-b6c2-3fec945af00c@group-251CAF3F91CA-LeaderElection5] INFO  impl.LeaderElection (LeaderElection.java:askForVotes(321)) - 59e05457-4658-4a4f-b6c2-3fec945af00c@group-251CAF3F91CA-LeaderElection5 PRE_VOTE round 0: submit vote requests at term 0 for -1: peers:[59e05457-4658-4a4f-b6c2-3fec945af00c|rpc:10.1.0.47:15023|admin:10.1.0.47:15022|client:10.1.0.47:15021|dataStream:10.1.0.47:15024|priority:1|startupRole:FOLLOWER]|listeners:[], old=null
2023-06-23 00:37:38,078 [59e05457-4658-4a4f-b6c2-3fec945af00c@group-62FE52930499-LeaderElection4] INFO  server.RaftServer$Division (ServerState.java:setRaftConf(434)) - 59e05457-4658-4a4f-b6c2-3fec945af00c@group-62FE52930499: set configuration 0: peers:[59e05457-4658-4a4f-b6c2-3fec945af00c|rpc:10.1.0.47:15023|admin:10.1.0.47:15022|client:10.1.0.47:15021|dataStream:10.1.0.47:15024|priority:1|startupRole:FOLLOWER, 0748a88e-a458-4efc-a02e-125962a69d19|rpc:10.1.0.47:15014|admin:10.1.0.47:15013|client:10.1.0.47:15012|dataStream:10.1.0.47:15015|priority:0|startupRole:FOLLOWER, b858c729-efcc-4161-8033-8241e78cf6c6|rpc:10.1.0.47:15032|admin:10.1.0.47:15031|client:10.1.0.47:15030|dataStream:10.1.0.47:15033|priority:0|startupRole:FOLLOWER]|listeners:[], old=null
2023-06-23 00:37:38,078 [59e05457-4658-4a4f-b6c2-3fec945af00c@group-251CAF3F91CA-LeaderElection5] INFO  impl.LeaderElection (LeaderElection.java:askForVotes(323)) - 59e05457-4658-4a4f-b6c2-3fec945af00c@group-251CAF3F91CA-LeaderElection5 PRE_VOTE round 0: result PASSED (term=0)
2023-06-23 00:37:38,082 [59e05457-4658-4a4f-b6c2-3fec945af00c@group-251CAF3F91CA-LeaderElection5] INFO  impl.LeaderElection (LeaderElection.java:askForVotes(321)) - 59e05457-4658-4a4f-b6c2-3fec945af00c@group-251CAF3F91CA-LeaderElection5 ELECTION round 0: submit vote requests at term 1 for -1: peers:[59e05457-4658-4a4f-b6c2-3fec945af00c|rpc:10.1.0.47:15023|admin:10.1.0.47:15022|client:10.1.0.47:15021|dataStream:10.1.0.47:15024|priority:1|startupRole:FOLLOWER]|listeners:[], old=null
2023-06-23 00:37:38,082 [59e05457-4658-4a4f-b6c2-3fec945af00c@group-251CAF3F91CA-LeaderElection5] INFO  impl.LeaderElection (LeaderElection.java:askForVotes(323)) - 59e05457-4658-4a4f-b6c2-3fec945af00c@group-251CAF3F91CA-LeaderElection5 ELECTION round 0: result PASSED (term=1)
2023-06-23 00:37:38,082 [59e05457-4658-4a4f-b6c2-3fec945af00c@group-251CAF3F91CA-LeaderElection5] INFO  impl.RoleInfo (RoleInfo.java:shutdownLeaderElection(130)) - 59e05457-4658-4a4f-b6c2-3fec945af00c: shutdown 59e05457-4658-4a4f-b6c2-3fec945af00c@group-251CAF3F91CA-LeaderElection5
2023-06-23 00:37:38,082 [59e05457-4658-4a4f-b6c2-3fec945af00c@group-251CAF3F91CA-LeaderElection5] INFO  server.RaftServer$Division (RaftServerImpl.java:setRole(329)) - 59e05457-4658-4a4f-b6c2-3fec945af00c@group-251CAF3F91CA: changes role from CANDIDATE to LEADER at term 1 for changeToLeader
2023-06-23 00:37:38,082 [59e05457-4658-4a4f-b6c2-3fec945af00c@group-251CAF3F91CA-LeaderElection5] INFO  ratis.XceiverServerRatis (XceiverServerRatis.java:handleLeaderChangedNotification(902)) - Leader change notification received for group: group-251CAF3F91CA with new leaderId: 59e05457-4658-4a4f-b6c2-3fec945af00c
2023-06-23 00:37:38,082 [59e05457-4658-4a4f-b6c2-3fec945af00c@group-251CAF3F91CA-LeaderElection5] INFO  server.RaftServer$Division (ServerState.java:setLeader(317)) - 59e05457-4658-4a4f-b6c2-3fec945af00c@group-251CAF3F91CA: change Leader from null to 59e05457-4658-4a4f-b6c2-3fec945af00c at term 1 for becomeLeader, leader elected after 5214ms
2023-06-23 00:37:38,082 [59e05457-4658-4a4f-b6c2-3fec945af00c@group-251CAF3F91CA-LeaderElection5] INFO  server.RaftServerConfigKeys (ConfUtils.java:logGet(46)) - raft.server.staging.catchup.gap = 1000 (default)
2023-06-23 00:37:38,082 [59e05457-4658-4a4f-b6c2-3fec945af00c@group-251CAF3F91CA-LeaderElection5] INFO  server.RaftServerConfigKeys (ConfUtils.java:logGet(46)) - raft.server.write.element-limit = 1024 (custom)
2023-06-23 00:37:38,082 [59e05457-4658-4a4f-b6c2-3fec945af00c@group-251CAF3F91CA-LeaderElection5] INFO  server.RaftServerConfigKeys (ConfUtils.java:logGet(46)) - raft.server.write.byte-limit = 1024 M (=1073741824) (custom)
2023-06-23 00:37:38,082 [59e05457-4658-4a4f-b6c2-3fec945af00c@group-251CAF3F91CA-LeaderElection5] INFO  server.RaftServerConfigKeys (ConfUtils.java:logGet(46)) - raft.server.watch.timeout = 180s (custom)
2023-06-23 00:37:38,083 [59e05457-4658-4a4f-b6c2-3fec945af00c@group-251CAF3F91CA-LeaderElection5] INFO  server.RaftServerConfigKeys (ConfUtils.java:logGet(46)) - raft.server.watch.timeout.denomination = 1s (default)
2023-06-23 00:37:38,083 [59e05457-4658-4a4f-b6c2-3fec945af00c@group-251CAF3F91CA-LeaderElection5] INFO  server.RaftServerConfigKeys (ConfUtils.java:logGet(46)) - raft.server.watch.element-limit = 65536 (default)
2023-06-23 00:37:38,083 [59e05457-4658-4a4f-b6c2-3fec945af00c@group-251CAF3F91CA-LeaderElection5] INFO  server.RaftServerConfigKeys (ConfUtils.java:logGet(46)) - raft.server.write.element-limit = 1024 (custom)
2023-06-23 00:37:38,083 [59e05457-4658-4a4f-b6c2-3fec945af00c@group-251CAF3F91CA-LeaderElection5] INFO  server.RaftServerConfigKeys (ConfUtils.java:logGet(46)) - raft.server.write.follower.gap.ratio.max = -1.0 (default)
2023-06-23 00:37:38,083 [59e05457-4658-4a4f-b6c2-3fec945af00c@group-251CAF3F91CA-LeaderElection5] INFO  impl.RoleInfo (RoleInfo.java:updateAndGet(139)) - 59e05457-4658-4a4f-b6c2-3fec945af00c: start 59e05457-4658-4a4f-b6c2-3fec945af00c@group-251CAF3F91CA-LeaderStateImpl
2023-06-23 00:37:38,083 [59e05457-4658-4a4f-b6c2-3fec945af00c@group-251CAF3F91CA-LeaderElection5] INFO  segmented.SegmentedRaftLogWorker (SegmentedRaftLogWorker.java:startLogSegment(447)) - 59e05457-4658-4a4f-b6c2-3fec945af00c@group-251CAF3F91CA-SegmentedRaftLogWorker: Starting segment from index:0
2023-06-23 00:37:38,084 [59e05457-4658-4a4f-b6c2-3fec945af00c@group-251CAF3F91CA-SegmentedRaftLogWorker] INFO  segmented.SegmentedRaftLogWorker (SegmentedRaftLogWorker.java:execute(651)) - 59e05457-4658-4a4f-b6c2-3fec945af00c@group-251CAF3F91CA-SegmentedRaftLogWorker: created new log segment /home/runner/work/ozone/ozone/hadoop-ozone/integration-test/target/test-dir/MiniOzoneClusterImpl-3c3985d8-3248-4f19-a32f-4442bec32466/datanode-1/data/ratis/edcf6d27-be2e-4d0d-8813-251caf3f91ca/current/log_inprogress_0
2023-06-23 00:37:38,090 [59e05457-4658-4a4f-b6c2-3fec945af00c@group-251CAF3F91CA-LeaderElection5] INFO  server.RaftServer$Division (ServerState.java:setRaftConf(434)) - 59e05457-4658-4a4f-b6c2-3fec945af00c@group-251CAF3F91CA: set configuration 0: peers:[59e05457-4658-4a4f-b6c2-3fec945af00c|rpc:10.1.0.47:15023|admin:10.1.0.47:15022|client:10.1.0.47:15021|dataStream:10.1.0.47:15024|priority:1|startupRole:FOLLOWER]|listeners:[], old=null
2023-06-23 00:37:38,109 [b858c729-efcc-4161-8033-8241e78cf6c6-server-thread1] INFO  ratis.XceiverServerRatis (XceiverServerRatis.java:handleLeaderChangedNotification(902)) - Leader change notification received for group: group-62FE52930499 with new leaderId: 59e05457-4658-4a4f-b6c2-3fec945af00c
2023-06-23 00:37:38,109 [b858c729-efcc-4161-8033-8241e78cf6c6-server-thread1] INFO  server.RaftServer$Division (ServerState.java:setLeader(317)) - b858c729-efcc-4161-8033-8241e78cf6c6@group-62FE52930499: change Leader from null to 59e05457-4658-4a4f-b6c2-3fec945af00c at term 1 for appendEntries, leader elected after 5104ms
2023-06-23 00:37:38,112 [b858c729-efcc-4161-8033-8241e78cf6c6-server-thread2] INFO  server.RaftServer$Division (ServerState.java:setRaftConf(434)) - b858c729-efcc-4161-8033-8241e78cf6c6@group-62FE52930499: set configuration 0: peers:[59e05457-4658-4a4f-b6c2-3fec945af00c|rpc:10.1.0.47:15023|admin:10.1.0.47:15022|client:10.1.0.47:15021|dataStream:10.1.0.47:15024|priority:1|startupRole:FOLLOWER, 0748a88e-a458-4efc-a02e-125962a69d19|rpc:10.1.0.47:15014|admin:10.1.0.47:15013|client:10.1.0.47:15012|dataStream:10.1.0.47:15015|priority:0|startupRole:FOLLOWER, b858c729-efcc-4161-8033-8241e78cf6c6|rpc:10.1.0.47:15032|admin:10.1.0.47:15031|client:10.1.0.47:15030|dataStream:10.1.0.47:15033|priority:0|startupRole:FOLLOWER]|listeners:[], old=null
2023-06-23 00:37:38,112 [b858c729-efcc-4161-8033-8241e78cf6c6-server-thread2] INFO  segmented.SegmentedRaftLogWorker (SegmentedRaftLogWorker.java:startLogSegment(447)) - b858c729-efcc-4161-8033-8241e78cf6c6@group-62FE52930499-SegmentedRaftLogWorker: Starting segment from index:0
2023-06-23 00:37:38,120 [b858c729-efcc-4161-8033-8241e78cf6c6@group-62FE52930499-SegmentedRaftLogWorker] INFO  segmented.SegmentedRaftLogWorker (SegmentedRaftLogWorker.java:execute(651)) - b858c729-efcc-4161-8033-8241e78cf6c6@group-62FE52930499-SegmentedRaftLogWorker: created new log segment /home/runner/work/ozone/ozone/hadoop-ozone/integration-test/target/test-dir/MiniOzoneClusterImpl-3c3985d8-3248-4f19-a32f-4442bec32466/datanode-2/data/ratis/bd067623-fb3e-4d6b-ae7a-62fe52930499/current/log_inprogress_0
2023-06-23 00:37:38,124 [0748a88e-a458-4efc-a02e-125962a69d19-server-thread1] INFO  ratis.XceiverServerRatis (XceiverServerRatis.java:handleLeaderChangedNotification(902)) - Leader change notification received for group: group-62FE52930499 with new leaderId: 59e05457-4658-4a4f-b6c2-3fec945af00c
2023-06-23 00:37:38,124 [0748a88e-a458-4efc-a02e-125962a69d19-server-thread1] INFO  server.RaftServer$Division (ServerState.java:setLeader(317)) - 0748a88e-a458-4efc-a02e-125962a69d19@group-62FE52930499: change Leader from null to 59e05457-4658-4a4f-b6c2-3fec945af00c at term 1 for appendEntries, leader elected after 5038ms
2023-06-23 00:37:38,144 [0748a88e-a458-4efc-a02e-125962a69d19-server-thread2] INFO  server.RaftServer$Division (ServerState.java:setRaftConf(434)) - 0748a88e-a458-4efc-a02e-125962a69d19@group-62FE52930499: set configuration 0: peers:[59e05457-4658-4a4f-b6c2-3fec945af00c|rpc:10.1.0.47:15023|admin:10.1.0.47:15022|client:10.1.0.47:15021|dataStream:10.1.0.47:15024|priority:1|startupRole:FOLLOWER, 0748a88e-a458-4efc-a02e-125962a69d19|rpc:10.1.0.47:15014|admin:10.1.0.47:15013|client:10.1.0.47:15012|dataStream:10.1.0.47:15015|priority:0|startupRole:FOLLOWER, b858c729-efcc-4161-8033-8241e78cf6c6|rpc:10.1.0.47:15032|admin:10.1.0.47:15031|client:10.1.0.47:15030|dataStream:10.1.0.47:15033|priority:0|startupRole:FOLLOWER]|listeners:[], old=null
2023-06-23 00:37:38,144 [0748a88e-a458-4efc-a02e-125962a69d19-server-thread2] INFO  segmented.SegmentedRaftLogWorker (SegmentedRaftLogWorker.java:startLogSegment(447)) - 0748a88e-a458-4efc-a02e-125962a69d19@group-62FE52930499-SegmentedRaftLogWorker: Starting segment from index:0
2023-06-23 00:37:38,145 [0748a88e-a458-4efc-a02e-125962a69d19@group-62FE52930499-SegmentedRaftLogWorker] INFO  segmented.SegmentedRaftLogWorker (SegmentedRaftLogWorker.java:execute(651)) - 0748a88e-a458-4efc-a02e-125962a69d19@group-62FE52930499-SegmentedRaftLogWorker: created new log segment /home/runner/work/ozone/ozone/hadoop-ozone/integration-test/target/test-dir/MiniOzoneClusterImpl-3c3985d8-3248-4f19-a32f-4442bec32466/datanode-0/data/ratis/bd067623-fb3e-4d6b-ae7a-62fe52930499/current/log_inprogress_0
2023-06-23 00:37:38,150 [b858c729-efcc-4161-8033-8241e78cf6c6@group-8BFADAF7E580-FollowerState] INFO  impl.FollowerState (FollowerState.java:run(143)) - b858c729-efcc-4161-8033-8241e78cf6c6@group-8BFADAF7E580-FollowerState: change to CANDIDATE, lastRpcElapsedTime:5089245274ns, electionTimeout:5082ms
2023-06-23 00:37:38,150 [b858c729-efcc-4161-8033-8241e78cf6c6@group-8BFADAF7E580-FollowerState] INFO  impl.RoleInfo (RoleInfo.java:shutdownFollowerState(110)) - b858c729-efcc-4161-8033-8241e78cf6c6: shutdown b858c729-efcc-4161-8033-8241e78cf6c6@group-8BFADAF7E580-FollowerState
2023-06-23 00:37:38,150 [b858c729-efcc-4161-8033-8241e78cf6c6@group-8BFADAF7E580-FollowerState] INFO  server.RaftServer$Division (RaftServerImpl.java:setRole(329)) - b858c729-efcc-4161-8033-8241e78cf6c6@group-8BFADAF7E580: changes role from  FOLLOWER to CANDIDATE at term 0 for changeToCandidate
2023-06-23 00:37:38,150 [b858c729-efcc-4161-8033-8241e78cf6c6@group-8BFADAF7E580-FollowerState] INFO  server.RaftServerConfigKeys (ConfUtils.java:logGet(46)) - raft.server.leaderelection.pre-vote = true (default)
2023-06-23 00:37:38,150 [b858c729-efcc-4161-8033-8241e78cf6c6@group-8BFADAF7E580-FollowerState] INFO  impl.RoleInfo (RoleInfo.java:updateAndGet(139)) - b858c729-efcc-4161-8033-8241e78cf6c6: start b858c729-efcc-4161-8033-8241e78cf6c6@group-8BFADAF7E580-LeaderElection6
2023-06-23 00:37:38,151 [b858c729-efcc-4161-8033-8241e78cf6c6@group-8BFADAF7E580-LeaderElection6] INFO  impl.LeaderElection (LeaderElection.java:askForVotes(321)) - b858c729-efcc-4161-8033-8241e78cf6c6@group-8BFADAF7E580-LeaderElection6 PRE_VOTE round 0: submit vote requests at term 0 for -1: peers:[59e05457-4658-4a4f-b6c2-3fec945af00c|rpc:10.1.0.47:15023|admin:10.1.0.47:15022|client:10.1.0.47:15021|dataStream:10.1.0.47:15024|priority:0|startupRole:FOLLOWER, 0748a88e-a458-4efc-a02e-125962a69d19|rpc:10.1.0.47:15014|admin:10.1.0.47:15013|client:10.1.0.47:15012|dataStream:10.1.0.47:15015|priority:0|startupRole:FOLLOWER, b858c729-efcc-4161-8033-8241e78cf6c6|rpc:10.1.0.47:15032|admin:10.1.0.47:15031|client:10.1.0.47:15030|dataStream:10.1.0.47:15033|priority:1|startupRole:FOLLOWER]|listeners:[], old=null
2023-06-23 00:37:38,152 [b858c729-efcc-4161-8033-8241e78cf6c6@group-8BFADAF7E580-LeaderElection6-1] INFO  server.GrpcServerProtocolClient (GrpcServerProtocolClient.java:<init>(65)) - Build channel for 59e05457-4658-4a4f-b6c2-3fec945af00c
2023-06-23 00:37:38,157 [b858c729-efcc-4161-8033-8241e78cf6c6@group-8BFADAF7E580-LeaderElection6] INFO  server.RaftServerConfigKeys (ConfUtils.java:logFallback(53)) - raft.server.rpc.first-election.timeout.min = 5s (fallback to raft.server.rpc.timeout.min)
2023-06-23 00:37:38,157 [b858c729-efcc-4161-8033-8241e78cf6c6@group-8BFADAF7E580-LeaderElection6] INFO  server.RaftServerConfigKeys (ConfUtils.java:logFallback(53)) - raft.server.rpc.first-election.timeout.max = 5200ms (fallback to raft.server.rpc.timeout.max)
2023-06-23 00:37:38,160 [b858c729-efcc-4161-8033-8241e78cf6c6@group-8BFADAF7E580-LeaderElection6-2] INFO  server.GrpcServerProtocolClient (GrpcServerProtocolClient.java:<init>(65)) - Build channel for 0748a88e-a458-4efc-a02e-125962a69d19
2023-06-23 00:37:38,167 [grpc-default-executor-0] INFO  server.RaftServer$Division (RaftServerImpl.java:requestVote(1302)) - 59e05457-4658-4a4f-b6c2-3fec945af00c@group-8BFADAF7E580: receive requestVote(PRE_VOTE, b858c729-efcc-4161-8033-8241e78cf6c6, group-8BFADAF7E580, 0, (t:0, i:0))
2023-06-23 00:37:38,167 [grpc-default-executor-0] INFO  impl.VoteContext (VoteContext.java:log(49)) - 59e05457-4658-4a4f-b6c2-3fec945af00c@group-8BFADAF7E580-FOLLOWER: accept PRE_VOTE from b858c729-efcc-4161-8033-8241e78cf6c6: our priority 0 <= candidate's priority 1
2023-06-23 00:37:38,167 [grpc-default-executor-0] INFO  server.RaftServer$Division (RaftServerImpl.java:requestVote(1335)) - 59e05457-4658-4a4f-b6c2-3fec945af00c@group-8BFADAF7E580 replies to PRE_VOTE vote request: b858c729-efcc-4161-8033-8241e78cf6c6<-59e05457-4658-4a4f-b6c2-3fec945af00c#0:OK-t0. Peer's state: 59e05457-4658-4a4f-b6c2-3fec945af00c@group-8BFADAF7E580:t0, leader=null, voted=, raftlog=Memoized:59e05457-4658-4a4f-b6c2-3fec945af00c@group-8BFADAF7E580-SegmentedRaftLog:OPENED:c-1, conf=-1: peers:[59e05457-4658-4a4f-b6c2-3fec945af00c|rpc:10.1.0.47:15023|admin:10.1.0.47:15022|client:10.1.0.47:15021|dataStream:10.1.0.47:15024|priority:0|startupRole:FOLLOWER, 0748a88e-a458-4efc-a02e-125962a69d19|rpc:10.1.0.47:15014|admin:10.1.0.47:15013|client:10.1.0.47:15012|dataStream:10.1.0.47:15015|priority:0|startupRole:FOLLOWER, b858c729-efcc-4161-8033-8241e78cf6c6|rpc:10.1.0.47:15032|admin:10.1.0.47:15031|client:10.1.0.47:15030|dataStream:10.1.0.47:15033|priority:1|startupRole:FOLLOWER]|listeners:[], old=null
2023-06-23 00:37:38,171 [b858c729-efcc-4161-8033-8241e78cf6c6@group-8BFADAF7E580-LeaderElection6] INFO  impl.LeaderElection (LeaderElection.java:logAndReturn(90)) - b858c729-efcc-4161-8033-8241e78cf6c6@group-8BFADAF7E580-LeaderElection6: PRE_VOTE PASSED received 1 response(s) and 0 exception(s):
2023-06-23 00:37:38,171 [b858c729-efcc-4161-8033-8241e78cf6c6@group-8BFADAF7E580-LeaderElection6] INFO  impl.LeaderElection (LeaderElection.java:logAndReturn(94)) -   Response 0: b858c729-efcc-4161-8033-8241e78cf6c6<-59e05457-4658-4a4f-b6c2-3fec945af00c#0:OK-t0
2023-06-23 00:37:38,171 [b858c729-efcc-4161-8033-8241e78cf6c6@group-8BFADAF7E580-LeaderElection6] INFO  impl.LeaderElection (LeaderElection.java:askForVotes(323)) - b858c729-efcc-4161-8033-8241e78cf6c6@group-8BFADAF7E580-LeaderElection6 PRE_VOTE round 0: result PASSED
2023-06-23 00:37:38,181 [b858c729-efcc-4161-8033-8241e78cf6c6@group-8BFADAF7E580-LeaderElection6] INFO  impl.LeaderElection (LeaderElection.java:askForVotes(321)) - b858c729-efcc-4161-8033-8241e78cf6c6@group-8BFADAF7E580-LeaderElection6 ELECTION round 0: submit vote requests at term 1 for -1: peers:[59e05457-4658-4a4f-b6c2-3fec945af00c|rpc:10.1.0.47:15023|admin:10.1.0.47:15022|client:10.1.0.47:15021|dataStream:10.1.0.47:15024|priority:0|startupRole:FOLLOWER, 0748a88e-a458-4efc-a02e-125962a69d19|rpc:10.1.0.47:15014|admin:10.1.0.47:15013|client:10.1.0.47:15012|dataStream:10.1.0.47:15015|priority:0|startupRole:FOLLOWER, b858c729-efcc-4161-8033-8241e78cf6c6|rpc:10.1.0.47:15032|admin:10.1.0.47:15031|client:10.1.0.47:15030|dataStream:10.1.0.47:15033|priority:1|startupRole:FOLLOWER]|listeners:[], old=null
2023-06-23 00:37:38,190 [b858c729-efcc-4161-8033-8241e78cf6c6@group-8BFADAF7E580-LeaderElection6] INFO  server.RaftServerConfigKeys (ConfUtils.java:logFallback(53)) - raft.server.rpc.first-election.timeout.min = 5s (fallback to raft.server.rpc.timeout.min)
2023-06-23 00:37:38,190 [b858c729-efcc-4161-8033-8241e78cf6c6@group-8BFADAF7E580-LeaderElection6] INFO  server.RaftServerConfigKeys (ConfUtils.java:logFallback(53)) - raft.server.rpc.first-election.timeout.max = 5200ms (fallback to raft.server.rpc.timeout.max)
2023-06-23 00:37:38,204 [grpc-default-executor-0] INFO  server.RaftServer$Division (RaftServerImpl.java:requestVote(1302)) - 59e05457-4658-4a4f-b6c2-3fec945af00c@group-8BFADAF7E580: receive requestVote(ELECTION, b858c729-efcc-4161-8033-8241e78cf6c6, group-8BFADAF7E580, 1, (t:0, i:0))
2023-06-23 00:37:38,204 [grpc-default-executor-0] INFO  impl.VoteContext (VoteContext.java:log(49)) - 59e05457-4658-4a4f-b6c2-3fec945af00c@group-8BFADAF7E580-FOLLOWER: accept ELECTION from b858c729-efcc-4161-8033-8241e78cf6c6: our priority 0 <= candidate's priority 1
2023-06-23 00:37:38,204 [grpc-default-executor-0] INFO  server.RaftServer$Division (RaftServerImpl.java:setRole(329)) - 59e05457-4658-4a4f-b6c2-3fec945af00c@group-8BFADAF7E580: changes role from  FOLLOWER to FOLLOWER at term 1 for candidate:b858c729-efcc-4161-8033-8241e78cf6c6
2023-06-23 00:37:38,205 [grpc-default-executor-0] INFO  impl.RoleInfo (RoleInfo.java:shutdownFollowerState(110)) - 59e05457-4658-4a4f-b6c2-3fec945af00c: shutdown 59e05457-4658-4a4f-b6c2-3fec945af00c@group-8BFADAF7E580-FollowerState
2023-06-23 00:37:38,205 [grpc-default-executor-0] INFO  impl.RoleInfo (RoleInfo.java:updateAndGet(139)) - 59e05457-4658-4a4f-b6c2-3fec945af00c: start 59e05457-4658-4a4f-b6c2-3fec945af00c@group-8BFADAF7E580-FollowerState
2023-06-23 00:37:38,205 [grpc-default-executor-3] INFO  server.RaftServer$Division (RaftServerImpl.java:requestVote(1302)) - 0748a88e-a458-4efc-a02e-125962a69d19@group-8BFADAF7E580: receive requestVote(PRE_VOTE, b858c729-efcc-4161-8033-8241e78cf6c6, group-8BFADAF7E580, 0, (t:0, i:0))
2023-06-23 00:37:38,205 [grpc-default-executor-3] INFO  impl.VoteContext (VoteContext.java:log(49)) - 0748a88e-a458-4efc-a02e-125962a69d19@group-8BFADAF7E580-FOLLOWER: accept PRE_VOTE from b858c729-efcc-4161-8033-8241e78cf6c6: our priority 0 <= candidate's priority 1
2023-06-23 00:37:38,205 [grpc-default-executor-3] INFO  server.RaftServer$Division (RaftServerImpl.java:requestVote(1335)) - 0748a88e-a458-4efc-a02e-125962a69d19@group-8BFADAF7E580 replies to PRE_VOTE vote request: b858c729-efcc-4161-8033-8241e78cf6c6<-0748a88e-a458-4efc-a02e-125962a69d19#0:OK-t0. Peer's state: 0748a88e-a458-4efc-a02e-125962a69d19@group-8BFADAF7E580:t0, leader=null, voted=, raftlog=Memoized:0748a88e-a458-4efc-a02e-125962a69d19@group-8BFADAF7E580-SegmentedRaftLog:OPENED:c-1, conf=-1: peers:[59e05457-4658-4a4f-b6c2-3fec945af00c|rpc:10.1.0.47:15023|admin:10.1.0.47:15022|client:10.1.0.47:15021|dataStream:10.1.0.47:15024|priority:0|startupRole:FOLLOWER, 0748a88e-a458-4efc-a02e-125962a69d19|rpc:10.1.0.47:15014|admin:10.1.0.47:15013|client:10.1.0.47:15012|dataStream:10.1.0.47:15015|priority:0|startupRole:FOLLOWER, b858c729-efcc-4161-8033-8241e78cf6c6|rpc:10.1.0.47:15032|admin:10.1.0.47:15031|client:10.1.0.47:15030|dataStream:10.1.0.47:15033|priority:1|startupRole:FOLLOWER]|listeners:[], old=null
2023-06-23 00:37:38,205 [b858c729-efcc-4161-8033-8241e78cf6c6@group-3B62BE7C1B2A-FollowerState] INFO  impl.FollowerState (FollowerState.java:run(143)) - b858c729-efcc-4161-8033-8241e78cf6c6@group-3B62BE7C1B2A-FollowerState: change to CANDIDATE, lastRpcElapsedTime:5008479881ns, electionTimeout:5007ms
2023-06-23 00:37:38,205 [b858c729-efcc-4161-8033-8241e78cf6c6@group-3B62BE7C1B2A-FollowerState] INFO  impl.RoleInfo (RoleInfo.java:shutdownFollowerState(110)) - b858c729-efcc-4161-8033-8241e78cf6c6: shutdown b858c729-efcc-4161-8033-8241e78cf6c6@group-3B62BE7C1B2A-FollowerState
2023-06-23 00:37:38,206 [b858c729-efcc-4161-8033-8241e78cf6c6@group-3B62BE7C1B2A-FollowerState] INFO  server.RaftServer$Division (RaftServerImpl.java:setRole(329)) - b858c729-efcc-4161-8033-8241e78cf6c6@group-3B62BE7C1B2A: changes role from  FOLLOWER to CANDIDATE at term 0 for changeToCandidate
2023-06-23 00:37:38,206 [59e05457-4658-4a4f-b6c2-3fec945af00c@group-8BFADAF7E580-FollowerState] INFO  impl.FollowerState (FollowerState.java:run(152)) - 59e05457-4658-4a4f-b6c2-3fec945af00c@group-8BFADAF7E580-FollowerState was interrupted
2023-06-23 00:37:38,206 [grpc-default-executor-2] INFO  server.RaftServer$Division (RaftServerImpl.java:requestVote(1302)) - 0748a88e-a458-4efc-a02e-125962a69d19@group-8BFADAF7E580: receive requestVote(ELECTION, b858c729-efcc-4161-8033-8241e78cf6c6, group-8BFADAF7E580, 1, (t:0, i:0))
2023-06-23 00:37:38,206 [grpc-default-executor-2] INFO  impl.VoteContext (VoteContext.java:log(49)) - 0748a88e-a458-4efc-a02e-125962a69d19@group-8BFADAF7E580-FOLLOWER: accept ELECTION from b858c729-efcc-4161-8033-8241e78cf6c6: our priority 0 <= candidate's priority 1
2023-06-23 00:37:38,206 [grpc-default-executor-2] INFO  server.RaftServer$Division (RaftServerImpl.java:setRole(329)) - 0748a88e-a458-4efc-a02e-125962a69d19@group-8BFADAF7E580: changes role from  FOLLOWER to FOLLOWER at term 1 for candidate:b858c729-efcc-4161-8033-8241e78cf6c6
2023-06-23 00:37:38,206 [grpc-default-executor-2] INFO  impl.RoleInfo (RoleInfo.java:shutdownFollowerState(110)) - 0748a88e-a458-4efc-a02e-125962a69d19: shutdown 0748a88e-a458-4efc-a02e-125962a69d19@group-8BFADAF7E580-FollowerState
2023-06-23 00:37:38,208 [grpc-default-executor-0] INFO  server.RaftServer$Division (RaftServerImpl.java:requestVote(1335)) - 59e05457-4658-4a4f-b6c2-3fec945af00c@group-8BFADAF7E580 replies to ELECTION vote request: b858c729-efcc-4161-8033-8241e78cf6c6<-59e05457-4658-4a4f-b6c2-3fec945af00c#0:OK-t1. Peer's state: 59e05457-4658-4a4f-b6c2-3fec945af00c@group-8BFADAF7E580:t1, leader=null, voted=b858c729-efcc-4161-8033-8241e78cf6c6, raftlog=Memoized:59e05457-4658-4a4f-b6c2-3fec945af00c@group-8BFADAF7E580-SegmentedRaftLog:OPENED:c-1, conf=-1: peers:[59e05457-4658-4a4f-b6c2-3fec945af00c|rpc:10.1.0.47:15023|admin:10.1.0.47:15022|client:10.1.0.47:15021|dataStream:10.1.0.47:15024|priority:0|startupRole:FOLLOWER, 0748a88e-a458-4efc-a02e-125962a69d19|rpc:10.1.0.47:15014|admin:10.1.0.47:15013|client:10.1.0.47:15012|dataStream:10.1.0.47:15015|priority:0|startupRole:FOLLOWER, b858c729-efcc-4161-8033-8241e78cf6c6|rpc:10.1.0.47:15032|admin:10.1.0.47:15031|client:10.1.0.47:15030|dataStream:10.1.0.47:15033|priority:1|startupRole:FOLLOWER]|listeners:[], old=null
2023-06-23 00:37:38,215 [grpc-default-executor-2] INFO  impl.RoleInfo (RoleInfo.java:updateAndGet(139)) - 0748a88e-a458-4efc-a02e-125962a69d19: start 0748a88e-a458-4efc-a02e-125962a69d19@group-8BFADAF7E580-FollowerState
2023-06-23 00:37:38,215 [0748a88e-a458-4efc-a02e-125962a69d19@group-8BFADAF7E580-FollowerState] INFO  impl.FollowerState (FollowerState.java:run(152)) - 0748a88e-a458-4efc-a02e-125962a69d19@group-8BFADAF7E580-FollowerState was interrupted
2023-06-23 00:37:38,218 [b858c729-efcc-4161-8033-8241e78cf6c6@group-3B62BE7C1B2A-FollowerState] INFO  server.RaftServerConfigKeys (ConfUtils.java:logGet(46)) - raft.server.leaderelection.pre-vote = true (default)
2023-06-23 00:37:38,218 [b858c729-efcc-4161-8033-8241e78cf6c6@group-3B62BE7C1B2A-FollowerState] INFO  impl.RoleInfo (RoleInfo.java:updateAndGet(139)) - b858c729-efcc-4161-8033-8241e78cf6c6: start b858c729-efcc-4161-8033-8241e78cf6c6@group-3B62BE7C1B2A-LeaderElection7
2023-06-23 00:37:38,231 [b858c729-efcc-4161-8033-8241e78cf6c6@group-8BFADAF7E580-LeaderElection6] INFO  impl.LeaderElection (LeaderElection.java:logAndReturn(90)) - b858c729-efcc-4161-8033-8241e78cf6c6@group-8BFADAF7E580-LeaderElection6: ELECTION PASSED received 1 response(s) and 0 exception(s):
2023-06-23 00:37:38,231 [b858c729-efcc-4161-8033-8241e78cf6c6@group-8BFADAF7E580-LeaderElection6] INFO  impl.LeaderElection (LeaderElection.java:logAndReturn(94)) -   Response 0: b858c729-efcc-4161-8033-8241e78cf6c6<-59e05457-4658-4a4f-b6c2-3fec945af00c#0:OK-t1
2023-06-23 00:37:38,231 [b858c729-efcc-4161-8033-8241e78cf6c6@group-8BFADAF7E580-LeaderElection6] INFO  impl.LeaderElection (LeaderElection.java:askForVotes(323)) - b858c729-efcc-4161-8033-8241e78cf6c6@group-8BFADAF7E580-LeaderElection6 ELECTION round 0: result PASSED
2023-06-23 00:37:38,232 [b858c729-efcc-4161-8033-8241e78cf6c6@group-8BFADAF7E580-LeaderElection6] INFO  impl.RoleInfo (RoleInfo.java:shutdownLeaderElection(130)) - b858c729-efcc-4161-8033-8241e78cf6c6: shutdown b858c729-efcc-4161-8033-8241e78cf6c6@group-8BFADAF7E580-LeaderElection6
2023-06-23 00:37:38,232 [b858c729-efcc-4161-8033-8241e78cf6c6@group-8BFADAF7E580-LeaderElection6] INFO  server.RaftServer$Division (RaftServerImpl.java:setRole(329)) - b858c729-efcc-4161-8033-8241e78cf6c6@group-8BFADAF7E580: changes role from CANDIDATE to LEADER at term 1 for changeToLeader
2023-06-23 00:37:38,232 [b858c729-efcc-4161-8033-8241e78cf6c6@group-8BFADAF7E580-LeaderElection6] INFO  ratis.XceiverServerRatis (XceiverServerRatis.java:handleLeaderChangedNotification(902)) - Leader change notification received for group: group-8BFADAF7E580 with new leaderId: b858c729-efcc-4161-8033-8241e78cf6c6
2023-06-23 00:37:38,232 [b858c729-efcc-4161-8033-8241e78cf6c6@group-8BFADAF7E580-LeaderElection6] INFO  server.RaftServer$Division (ServerState.java:setLeader(317)) - b858c729-efcc-4161-8033-8241e78cf6c6@group-8BFADAF7E580: change Leader from null to b858c729-efcc-4161-8033-8241e78cf6c6 at term 1 for becomeLeader, leader elected after 5189ms
2023-06-23 00:37:38,232 [b858c729-efcc-4161-8033-8241e78cf6c6@group-8BFADAF7E580-LeaderElection6] INFO  server.RaftServerConfigKeys (ConfUtils.java:logGet(46)) - raft.server.staging.catchup.gap = 1000 (default)
2023-06-23 00:37:38,232 [b858c729-efcc-4161-8033-8241e78cf6c6@group-8BFADAF7E580-LeaderElection6] INFO  server.RaftServerConfigKeys (ConfUtils.java:logGet(46)) - raft.server.write.element-limit = 1024 (custom)
2023-06-23 00:37:38,232 [b858c729-efcc-4161-8033-8241e78cf6c6@group-8BFADAF7E580-LeaderElection6] INFO  server.RaftServerConfigKeys (ConfUtils.java:logGet(46)) - raft.server.write.byte-limit = 1024 M (=1073741824) (custom)
2023-06-23 00:37:38,232 [b858c729-efcc-4161-8033-8241e78cf6c6@group-8BFADAF7E580-LeaderElection6] INFO  server.RaftServerConfigKeys (ConfUtils.java:logGet(46)) - raft.server.watch.timeout = 180s (custom)
2023-06-23 00:37:38,232 [b858c729-efcc-4161-8033-8241e78cf6c6@group-8BFADAF7E580-LeaderElection6] INFO  server.RaftServerConfigKeys (ConfUtils.java:logGet(46)) - raft.server.watch.timeout.denomination = 1s (default)
2023-06-23 00:37:38,233 [b858c729-efcc-4161-8033-8241e78cf6c6@group-8BFADAF7E580-LeaderElection6] INFO  server.RaftServerConfigKeys (ConfUtils.java:logGet(46)) - raft.server.watch.element-limit = 65536 (default)
2023-06-23 00:37:38,233 [b858c729-efcc-4161-8033-8241e78cf6c6@group-8BFADAF7E580-LeaderElection6] INFO  server.RaftServerConfigKeys (ConfUtils.java:logGet(46)) - raft.server.write.element-limit = 1024 (custom)
2023-06-23 00:37:38,233 [b858c729-efcc-4161-8033-8241e78cf6c6@group-8BFADAF7E580-LeaderElection6] INFO  server.RaftServerConfigKeys (ConfUtils.java:logGet(46)) - raft.server.write.follower.gap.ratio.max = -1.0 (default)
2023-06-23 00:37:38,233 [b858c729-efcc-4161-8033-8241e78cf6c6@group-8BFADAF7E580-LeaderElection6] INFO  server.RaftServerConfigKeys (ConfUtils.java:logGet(46)) - raft.server.log.appender.snapshot.chunk.size.max = 16MB (=16777216) (default)
2023-06-23 00:37:38,233 [b858c729-efcc-4161-8033-8241e78cf6c6@group-8BFADAF7E580-LeaderElection6] INFO  server.RaftServerConfigKeys (ConfUtils.java:logGet(46)) - raft.server.log.appender.buffer.byte-limit = 33554432 (custom)
2023-06-23 00:37:38,233 [b858c729-efcc-4161-8033-8241e78cf6c6@group-8BFADAF7E580-LeaderElection6] INFO  server.RaftServerConfigKeys (ConfUtils.java:logGet(46)) - raft.server.log.appender.buffer.element-limit = 1 (custom)
2023-06-23 00:37:38,233 [b858c729-efcc-4161-8033-8241e78cf6c6@group-8BFADAF7E580-LeaderElection6] INFO  server.RaftServerConfigKeys (ConfUtils.java:logGet(46)) - raft.server.log.appender.wait-time.min = 10ms (default)
2023-06-23 00:37:38,233 [b858c729-efcc-4161-8033-8241e78cf6c6@group-8BFADAF7E580-LeaderElection6] INFO  grpc.GrpcConfigKeys (ConfUtils.java:logGet(46)) - raft.grpc.server.leader.outstanding.appends.max = 128 (default)
2023-06-23 00:37:38,234 [b858c729-efcc-4161-8033-8241e78cf6c6@group-8BFADAF7E580-LeaderElection6] INFO  server.RaftServerConfigKeys (ConfUtils.java:logGet(46)) - raft.server.rpc.request.timeout = 60s (custom)
2023-06-23 00:37:38,234 [b858c729-efcc-4161-8033-8241e78cf6c6@group-8BFADAF7E580-LeaderElection6] INFO  grpc.GrpcConfigKeys (ConfUtils.java:logGet(46)) - raft.grpc.server.install_snapshot.request.element-limit = 8 (default)
2023-06-23 00:37:38,234 [b858c729-efcc-4161-8033-8241e78cf6c6@group-8BFADAF7E580-LeaderElection6] INFO  grpc.GrpcConfigKeys (ConfUtils.java:logGet(46)) - raft.grpc.server.install_snapshot.request.timeout = 3000ms (default)
2023-06-23 00:37:38,234 [b858c729-efcc-4161-8033-8241e78cf6c6@group-8BFADAF7E580-LeaderElection6] INFO  server.RaftServerConfigKeys (ConfUtils.java:logGet(46)) - raft.server.log.appender.install.snapshot.enabled = false (custom)
2023-06-23 00:37:38,234 [b858c729-efcc-4161-8033-8241e78cf6c6@group-8BFADAF7E580-LeaderElection6] INFO  grpc.GrpcConfigKeys (ConfUtils.java:logGet(46)) - raft.grpc.server.heartbeat.channel = true (default)
2023-06-23 00:37:38,235 [EventQueue-PipelineReportForPipelineReportHandler] INFO  pipeline.PipelineManagerImpl (PipelineManagerImpl.java:openPipeline(367)) - Pipeline Pipeline[ Id: 4ba6b6c0-3b37-41b9-b67d-8bfadaf7e580, Nodes: 59e05457-4658-4a4f-b6c2-3fec945af00c(fv-az570-151.srgqcr2moziuvm0qev4lajleyh.dx.internal.cloudapp.net/10.1.0.47)b858c729-efcc-4161-8033-8241e78cf6c6(fv-az570-151.srgqcr2moziuvm0qev4lajleyh.dx.internal.cloudapp.net/10.1.0.47)0748a88e-a458-4efc-a02e-125962a69d19(fv-az570-151.srgqcr2moziuvm0qev4lajleyh.dx.internal.cloudapp.net/10.1.0.47), ReplicationConfig: RATIS/THREE, State:ALLOCATED, leaderId:b858c729-efcc-4161-8033-8241e78cf6c6, CreationTimestamp2023-06-23T00:37:30.167Z[Etc/UTC]] moved to OPEN state
2023-06-23 00:37:38,236 [b858c729-efcc-4161-8033-8241e78cf6c6@group-8BFADAF7E580-LeaderElection6] INFO  server.RaftServerConfigKeys (ConfUtils.java:logGet(46)) - raft.server.log.appender.snapshot.chunk.size.max = 16MB (=16777216) (default)
2023-06-23 00:37:38,236 [b858c729-efcc-4161-8033-8241e78cf6c6@group-8BFADAF7E580-LeaderElection6] INFO  server.RaftServerConfigKeys (ConfUtils.java:logGet(46)) - raft.server.log.appender.buffer.byte-limit = 33554432 (custom)
2023-06-23 00:37:38,236 [b858c729-efcc-4161-8033-8241e78cf6c6@group-8BFADAF7E580-LeaderElection6] INFO  server.RaftServerConfigKeys (ConfUtils.java:logGet(46)) - raft.server.log.appender.buffer.element-limit = 1 (custom)
2023-06-23 00:37:38,236 [b858c729-efcc-4161-8033-8241e78cf6c6@group-8BFADAF7E580-LeaderElection6] INFO  server.RaftServerConfigKeys (ConfUtils.java:logGet(46)) - raft.server.log.appender.wait-time.min = 10ms (default)
2023-06-23 00:37:38,236 [b858c729-efcc-4161-8033-8241e78cf6c6@group-8BFADAF7E580-LeaderElection6] INFO  grpc.GrpcConfigKeys (ConfUtils.java:logGet(46)) - raft.grpc.server.leader.outstanding.appends.max = 128 (default)
2023-06-23 00:37:38,236 [b858c729-efcc-4161-8033-8241e78cf6c6@group-8BFADAF7E580-LeaderElection6] INFO  server.RaftServerConfigKeys (ConfUtils.java:logGet(46)) - raft.server.rpc.request.timeout = 60s (custom)
2023-06-23 00:37:38,236 [b858c729-efcc-4161-8033-8241e78cf6c6@group-8BFADAF7E580-LeaderElection6] INFO  grpc.GrpcConfigKeys (ConfUtils.java:logGet(46)) - raft.grpc.server.install_snapshot.request.element-limit = 8 (default)
2023-06-23 00:37:38,236 [b858c729-efcc-4161-8033-8241e78cf6c6@group-8BFADAF7E580-LeaderElection6] INFO  grpc.GrpcConfigKeys (ConfUtils.java:logGet(46)) - raft.grpc.server.install_snapshot.request.timeout = 3000ms (default)
2023-06-23 00:37:38,236 [b858c729-efcc-4161-8033-8241e78cf6c6@group-8BFADAF7E580-LeaderElection6] INFO  server.RaftServerConfigKeys (ConfUtils.java:logGet(46)) - raft.server.log.appender.install.snapshot.enabled = false (custom)
2023-06-23 00:37:38,236 [b858c729-efcc-4161-8033-8241e78cf6c6@group-8BFADAF7E580-LeaderElection6] INFO  grpc.GrpcConfigKeys (ConfUtils.java:logGet(46)) - raft.grpc.server.heartbeat.channel = true (default)
2023-06-23 00:37:38,236 [b858c729-efcc-4161-8033-8241e78cf6c6@group-8BFADAF7E580-LeaderElection6] INFO  impl.RoleInfo (RoleInfo.java:updateAndGet(139)) - b858c729-efcc-4161-8033-8241e78cf6c6: start b858c729-efcc-4161-8033-8241e78cf6c6@group-8BFADAF7E580-LeaderStateImpl
2023-06-23 00:37:38,237 [grpc-default-executor-2] INFO  server.RaftServer$Division (RaftServerImpl.java:requestVote(1335)) - 0748a88e-a458-4efc-a02e-125962a69d19@group-8BFADAF7E580 replies to ELECTION vote request: b858c729-efcc-4161-8033-8241e78cf6c6<-0748a88e-a458-4efc-a02e-125962a69d19#0:OK-t1. Peer's state: 0748a88e-a458-4efc-a02e-125962a69d19@group-8BFADAF7E580:t1, leader=null, voted=b858c729-efcc-4161-8033-8241e78cf6c6, raftlog=Memoized:0748a88e-a458-4efc-a02e-125962a69d19@group-8BFADAF7E580-SegmentedRaftLog:OPENED:c-1, conf=-1: peers:[59e05457-4658-4a4f-b6c2-3fec945af00c|rpc:10.1.0.47:15023|admin:10.1.0.47:15022|client:10.1.0.47:15021|dataStream:10.1.0.47:15024|priority:0|startupRole:FOLLOWER, 0748a88e-a458-4efc-a02e-125962a69d19|rpc:10.1.0.47:15014|admin:10.1.0.47:15013|client:10.1.0.47:15012|dataStream:10.1.0.47:15015|priority:0|startupRole:FOLLOWER, b858c729-efcc-4161-8033-8241e78cf6c6|rpc:10.1.0.47:15032|admin:10.1.0.47:15031|client:10.1.0.47:15030|dataStream:10.1.0.47:15033|priority:1|startupRole:FOLLOWER]|listeners:[], old=null
2023-06-23 00:37:38,239 [b858c729-efcc-4161-8033-8241e78cf6c6@group-3B62BE7C1B2A-LeaderElection7] INFO  impl.LeaderElection (LeaderElection.java:askForVotes(321)) - b858c729-efcc-4161-8033-8241e78cf6c6@group-3B62BE7C1B2A-LeaderElection7 PRE_VOTE round 0: submit vote requests at term 0 for -1: peers:[b858c729-efcc-4161-8033-8241e78cf6c6|rpc:10.1.0.47:15032|admin:10.1.0.47:15031|client:10.1.0.47:15030|dataStream:10.1.0.47:15033|priority:1|startupRole:FOLLOWER]|listeners:[], old=null
2023-06-23 00:37:38,239 [b858c729-efcc-4161-8033-8241e78cf6c6@group-3B62BE7C1B2A-LeaderElection7] INFO  impl.LeaderElection (LeaderElection.java:askForVotes(323)) - b858c729-efcc-4161-8033-8241e78cf6c6@group-3B62BE7C1B2A-LeaderElection7 PRE_VOTE round 0: result PASSED (term=0)
2023-06-23 00:37:38,240 [b858c729-efcc-4161-8033-8241e78cf6c6@group-8BFADAF7E580-LeaderElection6] INFO  segmented.SegmentedRaftLogWorker (SegmentedRaftLogWorker.java:startLogSegment(447)) - b858c729-efcc-4161-8033-8241e78cf6c6@group-8BFADAF7E580-SegmentedRaftLogWorker: Starting segment from index:0
2023-06-23 00:37:38,242 [b858c729-efcc-4161-8033-8241e78cf6c6@group-3B62BE7C1B2A-LeaderElection7] INFO  impl.LeaderElection (LeaderElection.java:askForVotes(321)) - b858c729-efcc-4161-8033-8241e78cf6c6@group-3B62BE7C1B2A-LeaderElection7 ELECTION round 0: submit vote requests at term 1 for -1: peers:[b858c729-efcc-4161-8033-8241e78cf6c6|rpc:10.1.0.47:15032|admin:10.1.0.47:15031|client:10.1.0.47:15030|dataStream:10.1.0.47:15033|priority:1|startupRole:FOLLOWER]|listeners:[], old=null
2023-06-23 00:37:38,242 [b858c729-efcc-4161-8033-8241e78cf6c6@group-3B62BE7C1B2A-LeaderElection7] INFO  impl.LeaderElection (LeaderElection.java:askForVotes(323)) - b858c729-efcc-4161-8033-8241e78cf6c6@group-3B62BE7C1B2A-LeaderElection7 ELECTION round 0: result PASSED (term=1)
2023-06-23 00:37:38,242 [b858c729-efcc-4161-8033-8241e78cf6c6@group-3B62BE7C1B2A-LeaderElection7] INFO  impl.RoleInfo (RoleInfo.java:shutdownLeaderElection(130)) - b858c729-efcc-4161-8033-8241e78cf6c6: shutdown b858c729-efcc-4161-8033-8241e78cf6c6@group-3B62BE7C1B2A-LeaderElection7
2023-06-23 00:37:38,242 [b858c729-efcc-4161-8033-8241e78cf6c6@group-3B62BE7C1B2A-LeaderElection7] INFO  server.RaftServer$Division (RaftServerImpl.java:setRole(329)) - b858c729-efcc-4161-8033-8241e78cf6c6@group-3B62BE7C1B2A: changes role from CANDIDATE to LEADER at term 1 for changeToLeader
2023-06-23 00:37:38,242 [b858c729-efcc-4161-8033-8241e78cf6c6@group-3B62BE7C1B2A-LeaderElection7] INFO  ratis.XceiverServerRatis (XceiverServerRatis.java:handleLeaderChangedNotification(902)) - Leader change notification received for group: group-3B62BE7C1B2A with new leaderId: b858c729-efcc-4161-8033-8241e78cf6c6
2023-06-23 00:37:38,242 [b858c729-efcc-4161-8033-8241e78cf6c6@group-8BFADAF7E580-SegmentedRaftLogWorker] INFO  segmented.SegmentedRaftLogWorker (SegmentedRaftLogWorker.java:execute(651)) - b858c729-efcc-4161-8033-8241e78cf6c6@group-8BFADAF7E580-SegmentedRaftLogWorker: created new log segment /home/runner/work/ozone/ozone/hadoop-ozone/integration-test/target/test-dir/MiniOzoneClusterImpl-3c3985d8-3248-4f19-a32f-4442bec32466/datanode-2/data/ratis/4ba6b6c0-3b37-41b9-b67d-8bfadaf7e580/current/log_inprogress_0
2023-06-23 00:37:38,247 [b858c729-efcc-4161-8033-8241e78cf6c6@group-8BFADAF7E580-LeaderElection6] INFO  server.RaftServer$Division (ServerState.java:setRaftConf(434)) - b858c729-efcc-4161-8033-8241e78cf6c6@group-8BFADAF7E580: set configuration 0: peers:[59e05457-4658-4a4f-b6c2-3fec945af00c|rpc:10.1.0.47:15023|admin:10.1.0.47:15022|client:10.1.0.47:15021|dataStream:10.1.0.47:15024|priority:0|startupRole:FOLLOWER, 0748a88e-a458-4efc-a02e-125962a69d19|rpc:10.1.0.47:15014|admin:10.1.0.47:15013|client:10.1.0.47:15012|dataStream:10.1.0.47:15015|priority:0|startupRole:FOLLOWER, b858c729-efcc-4161-8033-8241e78cf6c6|rpc:10.1.0.47:15032|admin:10.1.0.47:15031|client:10.1.0.47:15030|dataStream:10.1.0.47:15033|priority:1|startupRole:FOLLOWER]|listeners:[], old=null
2023-06-23 00:37:38,253 [b858c729-efcc-4161-8033-8241e78cf6c6@group-3B62BE7C1B2A-LeaderElection7] INFO  server.RaftServer$Division (ServerState.java:setLeader(317)) - b858c729-efcc-4161-8033-8241e78cf6c6@group-3B62BE7C1B2A: change Leader from null to b858c729-efcc-4161-8033-8241e78cf6c6 at term 1 for becomeLeader, leader elected after 5081ms
2023-06-23 00:37:38,253 [b858c729-efcc-4161-8033-8241e78cf6c6@group-3B62BE7C1B2A-LeaderElection7] INFO  server.RaftServerConfigKeys (ConfUtils.java:logGet(46)) - raft.server.staging.catchup.gap = 1000 (default)
2023-06-23 00:37:38,253 [b858c729-efcc-4161-8033-8241e78cf6c6@group-3B62BE7C1B2A-LeaderElection7] INFO  server.RaftServerConfigKeys (ConfUtils.java:logGet(46)) - raft.server.write.element-limit = 1024 (custom)
2023-06-23 00:37:38,253 [b858c729-efcc-4161-8033-8241e78cf6c6@group-3B62BE7C1B2A-LeaderElection7] INFO  server.RaftServerConfigKeys (ConfUtils.java:logGet(46)) - raft.server.write.byte-limit = 1024 M (=1073741824) (custom)
2023-06-23 00:37:38,254 [b858c729-efcc-4161-8033-8241e78cf6c6@group-3B62BE7C1B2A-LeaderElection7] INFO  server.RaftServerConfigKeys (ConfUtils.java:logGet(46)) - raft.server.watch.timeout = 180s (custom)
2023-06-23 00:37:38,254 [b858c729-efcc-4161-8033-8241e78cf6c6@group-3B62BE7C1B2A-LeaderElection7] INFO  server.RaftServerConfigKeys (ConfUtils.java:logGet(46)) - raft.server.watch.timeout.denomination = 1s (default)
2023-06-23 00:37:38,254 [b858c729-efcc-4161-8033-8241e78cf6c6@group-3B62BE7C1B2A-LeaderElection7] INFO  server.RaftServerConfigKeys (ConfUtils.java:logGet(46)) - raft.server.watch.element-limit = 65536 (default)
2023-06-23 00:37:38,254 [b858c729-efcc-4161-8033-8241e78cf6c6@group-3B62BE7C1B2A-LeaderElection7] INFO  server.RaftServerConfigKeys (ConfUtils.java:logGet(46)) - raft.server.write.element-limit = 1024 (custom)
2023-06-23 00:37:38,254 [b858c729-efcc-4161-8033-8241e78cf6c6@group-3B62BE7C1B2A-LeaderElection7] INFO  server.RaftServerConfigKeys (ConfUtils.java:logGet(46)) - raft.server.write.follower.gap.ratio.max = -1.0 (default)
2023-06-23 00:37:38,254 [b858c729-efcc-4161-8033-8241e78cf6c6@group-3B62BE7C1B2A-LeaderElection7] INFO  impl.RoleInfo (RoleInfo.java:updateAndGet(139)) - b858c729-efcc-4161-8033-8241e78cf6c6: start b858c729-efcc-4161-8033-8241e78cf6c6@group-3B62BE7C1B2A-LeaderStateImpl
2023-06-23 00:37:38,254 [b858c729-efcc-4161-8033-8241e78cf6c6@group-3B62BE7C1B2A-LeaderElection7] INFO  segmented.SegmentedRaftLogWorker (SegmentedRaftLogWorker.java:startLogSegment(447)) - b858c729-efcc-4161-8033-8241e78cf6c6@group-3B62BE7C1B2A-SegmentedRaftLogWorker: Starting segment from index:0
2023-06-23 00:37:38,257 [b858c729-efcc-4161-8033-8241e78cf6c6@group-3B62BE7C1B2A-SegmentedRaftLogWorker] INFO  segmented.SegmentedRaftLogWorker (SegmentedRaftLogWorker.java:execute(651)) - b858c729-efcc-4161-8033-8241e78cf6c6@group-3B62BE7C1B2A-SegmentedRaftLogWorker: created new log segment /home/runner/work/ozone/ozone/hadoop-ozone/integration-test/target/test-dir/MiniOzoneClusterImpl-3c3985d8-3248-4f19-a32f-4442bec32466/datanode-2/data/ratis/66adc964-cde5-4fc9-a2ac-3b62be7c1b2a/current/log_inprogress_0
2023-06-23 00:37:38,258 [b858c729-efcc-4161-8033-8241e78cf6c6@group-3B62BE7C1B2A-LeaderElection7] INFO  server.RaftServer$Division (ServerState.java:setRaftConf(434)) - b858c729-efcc-4161-8033-8241e78cf6c6@group-3B62BE7C1B2A: set configuration 0: peers:[b858c729-efcc-4161-8033-8241e78cf6c6|rpc:10.1.0.47:15032|admin:10.1.0.47:15031|client:10.1.0.47:15030|dataStream:10.1.0.47:15033|priority:1|startupRole:FOLLOWER]|listeners:[], old=null
2023-06-23 00:37:38,271 [0748a88e-a458-4efc-a02e-125962a69d19-server-thread1] INFO  ratis.XceiverServerRatis (XceiverServerRatis.java:handleLeaderChangedNotification(902)) - Leader change notification received for group: group-8BFADAF7E580 with new leaderId: b858c729-efcc-4161-8033-8241e78cf6c6
2023-06-23 00:37:38,271 [0748a88e-a458-4efc-a02e-125962a69d19-server-thread1] INFO  server.RaftServer$Division (ServerState.java:setLeader(317)) - 0748a88e-a458-4efc-a02e-125962a69d19@group-8BFADAF7E580: change Leader from null to b858c729-efcc-4161-8033-8241e78cf6c6 at term 1 for appendEntries, leader elected after 5830ms
2023-06-23 00:37:38,274 [59e05457-4658-4a4f-b6c2-3fec945af00c-server-thread1] INFO  ratis.XceiverServerRatis (XceiverServerRatis.java:handleLeaderChangedNotification(902)) - Leader change notification received for group: group-8BFADAF7E580 with new leaderId: b858c729-efcc-4161-8033-8241e78cf6c6
2023-06-23 00:37:38,274 [59e05457-4658-4a4f-b6c2-3fec945af00c-server-thread1] INFO  server.RaftServer$Division (ServerState.java:setLeader(317)) - 59e05457-4658-4a4f-b6c2-3fec945af00c@group-8BFADAF7E580: change Leader from null to b858c729-efcc-4161-8033-8241e78cf6c6 at term 1 for appendEntries, leader elected after 5450ms
2023-06-23 00:37:38,280 [0748a88e-a458-4efc-a02e-125962a69d19-server-thread1] INFO  server.RaftServer$Division (ServerState.java:setRaftConf(434)) - 0748a88e-a458-4efc-a02e-125962a69d19@group-8BFADAF7E580: set configuration 0: peers:[59e05457-4658-4a4f-b6c2-3fec945af00c|rpc:10.1.0.47:15023|admin:10.1.0.47:15022|client:10.1.0.47:15021|dataStream:10.1.0.47:15024|priority:0|startupRole:FOLLOWER, 0748a88e-a458-4efc-a02e-125962a69d19|rpc:10.1.0.47:15014|admin:10.1.0.47:15013|client:10.1.0.47:15012|dataStream:10.1.0.47:15015|priority:0|startupRole:FOLLOWER, b858c729-efcc-4161-8033-8241e78cf6c6|rpc:10.1.0.47:15032|admin:10.1.0.47:15031|client:10.1.0.47:15030|dataStream:10.1.0.47:15033|priority:1|startupRole:FOLLOWER]|listeners:[], old=null
2023-06-23 00:37:38,280 [0748a88e-a458-4efc-a02e-125962a69d19-server-thread1] INFO  segmented.SegmentedRaftLogWorker (SegmentedRaftLogWorker.java:startLogSegment(447)) - 0748a88e-a458-4efc-a02e-125962a69d19@group-8BFADAF7E580-SegmentedRaftLogWorker: Starting segment from index:0
2023-06-23 00:37:38,281 [59e05457-4658-4a4f-b6c2-3fec945af00c-server-thread1] INFO  server.RaftServer$Division (ServerState.java:setRaftConf(434)) - 59e05457-4658-4a4f-b6c2-3fec945af00c@group-8BFADAF7E580: set configuration 0: peers:[59e05457-4658-4a4f-b6c2-3fec945af00c|rpc:10.1.0.47:15023|admin:10.1.0.47:15022|client:10.1.0.47:15021|dataStream:10.1.0.47:15024|priority:0|startupRole:FOLLOWER, 0748a88e-a458-4efc-a02e-125962a69d19|rpc:10.1.0.47:15014|admin:10.1.0.47:15013|client:10.1.0.47:15012|dataStream:10.1.0.47:15015|priority:0|startupRole:FOLLOWER, b858c729-efcc-4161-8033-8241e78cf6c6|rpc:10.1.0.47:15032|admin:10.1.0.47:15031|client:10.1.0.47:15030|dataStream:10.1.0.47:15033|priority:1|startupRole:FOLLOWER]|listeners:[], old=null
2023-06-23 00:37:38,281 [59e05457-4658-4a4f-b6c2-3fec945af00c-server-thread1] INFO  segmented.SegmentedRaftLogWorker (SegmentedRaftLogWorker.java:startLogSegment(447)) - 59e05457-4658-4a4f-b6c2-3fec945af00c@group-8BFADAF7E580-SegmentedRaftLogWorker: Starting segment from index:0
2023-06-23 00:37:38,281 [0748a88e-a458-4efc-a02e-125962a69d19@group-8BFADAF7E580-SegmentedRaftLogWorker] INFO  segmented.SegmentedRaftLogWorker (SegmentedRaftLogWorker.java:execute(651)) - 0748a88e-a458-4efc-a02e-125962a69d19@group-8BFADAF7E580-SegmentedRaftLogWorker: created new log segment /home/runner/work/ozone/ozone/hadoop-ozone/integration-test/target/test-dir/MiniOzoneClusterImpl-3c3985d8-3248-4f19-a32f-4442bec32466/datanode-0/data/ratis/4ba6b6c0-3b37-41b9-b67d-8bfadaf7e580/current/log_inprogress_0
2023-06-23 00:37:38,295 [59e05457-4658-4a4f-b6c2-3fec945af00c@group-8BFADAF7E580-SegmentedRaftLogWorker] INFO  segmented.SegmentedRaftLogWorker (SegmentedRaftLogWorker.java:execute(651)) - 59e05457-4658-4a4f-b6c2-3fec945af00c@group-8BFADAF7E580-SegmentedRaftLogWorker: created new log segment /home/runner/work/ozone/ozone/hadoop-ozone/integration-test/target/test-dir/MiniOzoneClusterImpl-3c3985d8-3248-4f19-a32f-4442bec32466/datanode-1/data/ratis/4ba6b6c0-3b37-41b9-b67d-8bfadaf7e580/current/log_inprogress_0
2023-06-23 00:37:38,884 [main] INFO  ozone.MiniOzoneClusterImpl (MiniOzoneClusterImpl.java:lambda$waitForClusterToBeReady$0(224)) - Nodes are ready. Got 10 of 10 DN Heartbeats.
2023-06-23 00:37:38,884 [main] INFO  ozone.MiniOzoneClusterImpl (MiniOzoneClusterImpl.java:lambda$waitForClusterToBeReady$0(227)) - Cluster exits safe mode
2023-06-23 00:37:38,884 [main] INFO  ozone.MiniOzoneClusterImpl (MiniOzoneClusterImpl.java:lambda$waitForClusterToBeReady$0(229)) - SCM became leader
2023-06-23 00:37:38,974 [4e705eda-d59c-4e65-825a-8cd43ac70c00@group-BAA759264337-FollowerState] INFO  impl.FollowerState (FollowerState.java:run(143)) - 4e705eda-d59c-4e65-825a-8cd43ac70c00@group-BAA759264337-FollowerState: change to CANDIDATE, lastRpcElapsedTime:5064399281ns, electionTimeout:5058ms
2023-06-23 00:37:38,975 [4e705eda-d59c-4e65-825a-8cd43ac70c00@group-BAA759264337-FollowerState] INFO  impl.RoleInfo (RoleInfo.java:shutdownFollowerState(110)) - 4e705eda-d59c-4e65-825a-8cd43ac70c00: shutdown 4e705eda-d59c-4e65-825a-8cd43ac70c00@group-BAA759264337-FollowerState
2023-06-23 00:37:38,975 [4e705eda-d59c-4e65-825a-8cd43ac70c00@group-BAA759264337-FollowerState] INFO  server.RaftServer$Division (RaftServerImpl.java:setRole(329)) - 4e705eda-d59c-4e65-825a-8cd43ac70c00@group-BAA759264337: changes role from  FOLLOWER to CANDIDATE at term 0 for changeToCandidate
2023-06-23 00:37:38,975 [4e705eda-d59c-4e65-825a-8cd43ac70c00@group-BAA759264337-FollowerState] INFO  server.RaftServerConfigKeys (ConfUtils.java:logGet(46)) - raft.server.leaderelection.pre-vote = true (default)
2023-06-23 00:37:38,975 [4e705eda-d59c-4e65-825a-8cd43ac70c00@group-BAA759264337-FollowerState] INFO  impl.RoleInfo (RoleInfo.java:updateAndGet(139)) - 4e705eda-d59c-4e65-825a-8cd43ac70c00: start 4e705eda-d59c-4e65-825a-8cd43ac70c00@group-BAA759264337-LeaderElection8
2023-06-23 00:37:38,989 [4e705eda-d59c-4e65-825a-8cd43ac70c00@group-BAA759264337-LeaderElection8] INFO  impl.LeaderElection (LeaderElection.java:askForVotes(321)) - 4e705eda-d59c-4e65-825a-8cd43ac70c00@group-BAA759264337-LeaderElection8 PRE_VOTE round 0: submit vote requests at term 0 for -1: peers:[4e705eda-d59c-4e65-825a-8cd43ac70c00|rpc:10.1.0.47:15041|admin:10.1.0.47:15040|client:10.1.0.47:15039|dataStream:10.1.0.47:15042|priority:1|startupRole:FOLLOWER]|listeners:[], old=null
2023-06-23 00:37:38,989 [4e705eda-d59c-4e65-825a-8cd43ac70c00@group-BAA759264337-LeaderElection8] INFO  impl.LeaderElection (LeaderElection.java:askForVotes(323)) - 4e705eda-d59c-4e65-825a-8cd43ac70c00@group-BAA759264337-LeaderElection8 PRE_VOTE round 0: result PASSED (term=0)
2023-06-23 00:37:38,991 [4e705eda-d59c-4e65-825a-8cd43ac70c00@group-BAA759264337-LeaderElection8] INFO  impl.LeaderElection (LeaderElection.java:askForVotes(321)) - 4e705eda-d59c-4e65-825a-8cd43ac70c00@group-BAA759264337-LeaderElection8 ELECTION round 0: submit vote requests at term 1 for -1: peers:[4e705eda-d59c-4e65-825a-8cd43ac70c00|rpc:10.1.0.47:15041|admin:10.1.0.47:15040|client:10.1.0.47:15039|dataStream:10.1.0.47:15042|priority:1|startupRole:FOLLOWER]|listeners:[], old=null
2023-06-23 00:37:38,991 [4e705eda-d59c-4e65-825a-8cd43ac70c00@group-BAA759264337-LeaderElection8] INFO  impl.LeaderElection (LeaderElection.java:askForVotes(323)) - 4e705eda-d59c-4e65-825a-8cd43ac70c00@group-BAA759264337-LeaderElection8 ELECTION round 0: result PASSED (term=1)
2023-06-23 00:37:38,991 [4e705eda-d59c-4e65-825a-8cd43ac70c00@group-BAA759264337-LeaderElection8] INFO  impl.RoleInfo (RoleInfo.java:shutdownLeaderElection(130)) - 4e705eda-d59c-4e65-825a-8cd43ac70c00: shutdown 4e705eda-d59c-4e65-825a-8cd43ac70c00@group-BAA759264337-LeaderElection8
2023-06-23 00:37:38,991 [4e705eda-d59c-4e65-825a-8cd43ac70c00@group-BAA759264337-LeaderElection8] INFO  server.RaftServer$Division (RaftServerImpl.java:setRole(329)) - 4e705eda-d59c-4e65-825a-8cd43ac70c00@group-BAA759264337: changes role from CANDIDATE to LEADER at term 1 for changeToLeader
2023-06-23 00:37:38,991 [4e705eda-d59c-4e65-825a-8cd43ac70c00@group-BAA759264337-LeaderElection8] INFO  ratis.XceiverServerRatis (XceiverServerRatis.java:handleLeaderChangedNotification(902)) - Leader change notification received for group: group-BAA759264337 with new leaderId: 4e705eda-d59c-4e65-825a-8cd43ac70c00
2023-06-23 00:37:38,991 [4e705eda-d59c-4e65-825a-8cd43ac70c00@group-BAA759264337-LeaderElection8] INFO  server.RaftServer$Division (ServerState.java:setLeader(317)) - 4e705eda-d59c-4e65-825a-8cd43ac70c00@group-BAA759264337: change Leader from null to 4e705eda-d59c-4e65-825a-8cd43ac70c00 at term 1 for becomeLeader, leader elected after 5501ms
2023-06-23 00:37:38,991 [4e705eda-d59c-4e65-825a-8cd43ac70c00@group-BAA759264337-LeaderElection8] INFO  server.RaftServerConfigKeys (ConfUtils.java:logGet(46)) - raft.server.staging.catchup.gap = 1000 (default)
2023-06-23 00:37:38,991 [4e705eda-d59c-4e65-825a-8cd43ac70c00@group-BAA759264337-LeaderElection8] INFO  server.RaftServerConfigKeys (ConfUtils.java:logGet(46)) - raft.server.write.element-limit = 1024 (custom)
2023-06-23 00:37:38,991 [4e705eda-d59c-4e65-825a-8cd43ac70c00@group-BAA759264337-LeaderElection8] INFO  server.RaftServerConfigKeys (ConfUtils.java:logGet(46)) - raft.server.write.byte-limit = 1024 M (=1073741824) (custom)
2023-06-23 00:37:38,992 [4e705eda-d59c-4e65-825a-8cd43ac70c00@group-BAA759264337-LeaderElection8] INFO  server.RaftServerConfigKeys (ConfUtils.java:logGet(46)) - raft.server.watch.timeout = 180s (custom)
2023-06-23 00:37:38,992 [4e705eda-d59c-4e65-825a-8cd43ac70c00@group-BAA759264337-LeaderElection8] INFO  server.RaftServerConfigKeys (ConfUtils.java:logGet(46)) - raft.server.watch.timeout.denomination = 1s (default)
2023-06-23 00:37:38,992 [4e705eda-d59c-4e65-825a-8cd43ac70c00@group-BAA759264337-LeaderElection8] INFO  server.RaftServerConfigKeys (ConfUtils.java:logGet(46)) - raft.server.watch.element-limit = 65536 (default)
2023-06-23 00:37:38,992 [4e705eda-d59c-4e65-825a-8cd43ac70c00@group-BAA759264337-LeaderElection8] INFO  server.RaftServerConfigKeys (ConfUtils.java:logGet(46)) - raft.server.write.element-limit = 1024 (custom)
2023-06-23 00:37:38,992 [4e705eda-d59c-4e65-825a-8cd43ac70c00@group-BAA759264337-LeaderElection8] INFO  server.RaftServerConfigKeys (ConfUtils.java:logGet(46)) - raft.server.write.follower.gap.ratio.max = -1.0 (default)
2023-06-23 00:37:38,992 [4e705eda-d59c-4e65-825a-8cd43ac70c00@group-BAA759264337-LeaderElection8] INFO  impl.RoleInfo (RoleInfo.java:updateAndGet(139)) - 4e705eda-d59c-4e65-825a-8cd43ac70c00: start 4e705eda-d59c-4e65-825a-8cd43ac70c00@group-BAA759264337-LeaderStateImpl
2023-06-23 00:37:38,992 [4e705eda-d59c-4e65-825a-8cd43ac70c00@group-BAA759264337-LeaderElection8] INFO  segmented.SegmentedRaftLogWorker (SegmentedRaftLogWorker.java:startLogSegment(447)) - 4e705eda-d59c-4e65-825a-8cd43ac70c00@group-BAA759264337-SegmentedRaftLogWorker: Starting segment from index:0
2023-06-23 00:37:38,998 [4e705eda-d59c-4e65-825a-8cd43ac70c00@group-BAA759264337-SegmentedRaftLogWorker] INFO  segmented.SegmentedRaftLogWorker (SegmentedRaftLogWorker.java:execute(651)) - 4e705eda-d59c-4e65-825a-8cd43ac70c00@group-BAA759264337-SegmentedRaftLogWorker: created new log segment /home/runner/work/ozone/ozone/hadoop-ozone/integration-test/target/test-dir/MiniOzoneClusterImpl-3c3985d8-3248-4f19-a32f-4442bec32466/datanode-3/data/ratis/51925fc5-52f4-4d13-9d43-baa759264337/current/log_inprogress_0
2023-06-23 00:37:39,004 [4e705eda-d59c-4e65-825a-8cd43ac70c00@group-BAA759264337-LeaderElection8] INFO  server.RaftServer$Division (ServerState.java:setRaftConf(434)) - 4e705eda-d59c-4e65-825a-8cd43ac70c00@group-BAA759264337: set configuration 0: peers:[4e705eda-d59c-4e65-825a-8cd43ac70c00|rpc:10.1.0.47:15041|admin:10.1.0.47:15040|client:10.1.0.47:15039|dataStream:10.1.0.47:15042|priority:1|startupRole:FOLLOWER]|listeners:[], old=null
2023-06-23 00:37:39,067 [a135c5de-80e1-4aab-81ec-fcc917b89996@group-3734F7F717DD-FollowerState] INFO  impl.FollowerState (FollowerState.java:run(143)) - a135c5de-80e1-4aab-81ec-fcc917b89996@group-3734F7F717DD-FollowerState: change to CANDIDATE, lastRpcElapsedTime:5128751350ns, electionTimeout:5128ms
2023-06-23 00:37:39,067 [a135c5de-80e1-4aab-81ec-fcc917b89996@group-3734F7F717DD-FollowerState] INFO  impl.RoleInfo (RoleInfo.java:shutdownFollowerState(110)) - a135c5de-80e1-4aab-81ec-fcc917b89996: shutdown a135c5de-80e1-4aab-81ec-fcc917b89996@group-3734F7F717DD-FollowerState
2023-06-23 00:37:39,067 [a135c5de-80e1-4aab-81ec-fcc917b89996@group-3734F7F717DD-FollowerState] INFO  server.RaftServer$Division (RaftServerImpl.java:setRole(329)) - a135c5de-80e1-4aab-81ec-fcc917b89996@group-3734F7F717DD: changes role from  FOLLOWER to CANDIDATE at term 0 for changeToCandidate
2023-06-23 00:37:39,067 [a135c5de-80e1-4aab-81ec-fcc917b89996@group-3734F7F717DD-FollowerState] INFO  server.RaftServerConfigKeys (ConfUtils.java:logGet(46)) - raft.server.leaderelection.pre-vote = true (default)
2023-06-23 00:37:39,067 [a135c5de-80e1-4aab-81ec-fcc917b89996@group-3734F7F717DD-FollowerState] INFO  impl.RoleInfo (RoleInfo.java:updateAndGet(139)) - a135c5de-80e1-4aab-81ec-fcc917b89996: start a135c5de-80e1-4aab-81ec-fcc917b89996@group-3734F7F717DD-LeaderElection9
2023-06-23 00:37:39,072 [a135c5de-80e1-4aab-81ec-fcc917b89996@group-3734F7F717DD-LeaderElection9] INFO  impl.LeaderElection (LeaderElection.java:askForVotes(321)) - a135c5de-80e1-4aab-81ec-fcc917b89996@group-3734F7F717DD-LeaderElection9 PRE_VOTE round 0: submit vote requests at term 0 for -1: peers:[a135c5de-80e1-4aab-81ec-fcc917b89996|rpc:10.1.0.47:15050|admin:10.1.0.47:15049|client:10.1.0.47:15048|dataStream:10.1.0.47:15051|priority:1|startupRole:FOLLOWER]|listeners:[], old=null
2023-06-23 00:37:39,072 [a135c5de-80e1-4aab-81ec-fcc917b89996@group-3734F7F717DD-LeaderElection9] INFO  impl.LeaderElection (LeaderElection.java:askForVotes(323)) - a135c5de-80e1-4aab-81ec-fcc917b89996@group-3734F7F717DD-LeaderElection9 PRE_VOTE round 0: result PASSED (term=0)
2023-06-23 00:37:39,074 [a135c5de-80e1-4aab-81ec-fcc917b89996@group-3734F7F717DD-LeaderElection9] INFO  impl.LeaderElection (LeaderElection.java:askForVotes(321)) - a135c5de-80e1-4aab-81ec-fcc917b89996@group-3734F7F717DD-LeaderElection9 ELECTION round 0: submit vote requests at term 1 for -1: peers:[a135c5de-80e1-4aab-81ec-fcc917b89996|rpc:10.1.0.47:15050|admin:10.1.0.47:15049|client:10.1.0.47:15048|dataStream:10.1.0.47:15051|priority:1|startupRole:FOLLOWER]|listeners:[], old=null
2023-06-23 00:37:39,074 [a135c5de-80e1-4aab-81ec-fcc917b89996@group-3734F7F717DD-LeaderElection9] INFO  impl.LeaderElection (LeaderElection.java:askForVotes(323)) - a135c5de-80e1-4aab-81ec-fcc917b89996@group-3734F7F717DD-LeaderElection9 ELECTION round 0: result PASSED (term=1)
2023-06-23 00:37:39,074 [a135c5de-80e1-4aab-81ec-fcc917b89996@group-3734F7F717DD-LeaderElection9] INFO  impl.RoleInfo (RoleInfo.java:shutdownLeaderElection(130)) - a135c5de-80e1-4aab-81ec-fcc917b89996: shutdown a135c5de-80e1-4aab-81ec-fcc917b89996@group-3734F7F717DD-LeaderElection9
2023-06-23 00:37:39,074 [a135c5de-80e1-4aab-81ec-fcc917b89996@group-3734F7F717DD-LeaderElection9] INFO  server.RaftServer$Division (RaftServerImpl.java:setRole(329)) - a135c5de-80e1-4aab-81ec-fcc917b89996@group-3734F7F717DD: changes role from CANDIDATE to LEADER at term 1 for changeToLeader
2023-06-23 00:37:39,074 [a135c5de-80e1-4aab-81ec-fcc917b89996@group-3734F7F717DD-LeaderElection9] INFO  ratis.XceiverServerRatis (XceiverServerRatis.java:handleLeaderChangedNotification(902)) - Leader change notification received for group: group-3734F7F717DD with new leaderId: a135c5de-80e1-4aab-81ec-fcc917b89996
2023-06-23 00:37:39,075 [a135c5de-80e1-4aab-81ec-fcc917b89996@group-3734F7F717DD-LeaderElection9] INFO  server.RaftServer$Division (ServerState.java:setLeader(317)) - a135c5de-80e1-4aab-81ec-fcc917b89996@group-3734F7F717DD: change Leader from null to a135c5de-80e1-4aab-81ec-fcc917b89996 at term 1 for becomeLeader, leader elected after 5158ms
2023-06-23 00:37:39,075 [a135c5de-80e1-4aab-81ec-fcc917b89996@group-3734F7F717DD-LeaderElection9] INFO  server.RaftServerConfigKeys (ConfUtils.java:logGet(46)) - raft.server.staging.catchup.gap = 1000 (default)
2023-06-23 00:37:39,076 [a135c5de-80e1-4aab-81ec-fcc917b89996@group-3734F7F717DD-LeaderElection9] INFO  server.RaftServerConfigKeys (ConfUtils.java:logGet(46)) - raft.server.write.element-limit = 1024 (custom)
2023-06-23 00:37:39,076 [a135c5de-80e1-4aab-81ec-fcc917b89996@group-3734F7F717DD-LeaderElection9] INFO  server.RaftServerConfigKeys (ConfUtils.java:logGet(46)) - raft.server.write.byte-limit = 1024 M (=1073741824) (custom)
2023-06-23 00:37:39,076 [a135c5de-80e1-4aab-81ec-fcc917b89996@group-3734F7F717DD-LeaderElection9] INFO  server.RaftServerConfigKeys (ConfUtils.java:logGet(46)) - raft.server.watch.timeout = 180s (custom)
2023-06-23 00:37:39,076 [a135c5de-80e1-4aab-81ec-fcc917b89996@group-3734F7F717DD-LeaderElection9] INFO  server.RaftServerConfigKeys (ConfUtils.java:logGet(46)) - raft.server.watch.timeout.denomination = 1s (default)
2023-06-23 00:37:39,076 [a135c5de-80e1-4aab-81ec-fcc917b89996@group-3734F7F717DD-LeaderElection9] INFO  server.RaftServerConfigKeys (ConfUtils.java:logGet(46)) - raft.server.watch.element-limit = 65536 (default)
2023-06-23 00:37:39,076 [a135c5de-80e1-4aab-81ec-fcc917b89996@group-3734F7F717DD-LeaderElection9] INFO  server.RaftServerConfigKeys (ConfUtils.java:logGet(46)) - raft.server.write.element-limit = 1024 (custom)
2023-06-23 00:37:39,076 [a135c5de-80e1-4aab-81ec-fcc917b89996@group-3734F7F717DD-LeaderElection9] INFO  server.RaftServerConfigKeys (ConfUtils.java:logGet(46)) - raft.server.write.follower.gap.ratio.max = -1.0 (default)
2023-06-23 00:37:39,076 [a135c5de-80e1-4aab-81ec-fcc917b89996@group-3734F7F717DD-LeaderElection9] INFO  impl.RoleInfo (RoleInfo.java:updateAndGet(139)) - a135c5de-80e1-4aab-81ec-fcc917b89996: start a135c5de-80e1-4aab-81ec-fcc917b89996@group-3734F7F717DD-LeaderStateImpl
2023-06-23 00:37:39,078 [a135c5de-80e1-4aab-81ec-fcc917b89996@group-3734F7F717DD-LeaderElection9] INFO  segmented.SegmentedRaftLogWorker (SegmentedRaftLogWorker.java:startLogSegment(447)) - a135c5de-80e1-4aab-81ec-fcc917b89996@group-3734F7F717DD-SegmentedRaftLogWorker: Starting segment from index:0
2023-06-23 00:37:39,084 [a135c5de-80e1-4aab-81ec-fcc917b89996@group-3734F7F717DD-LeaderElection9] INFO  server.RaftServer$Division (ServerState.java:setRaftConf(434)) - a135c5de-80e1-4aab-81ec-fcc917b89996@group-3734F7F717DD: set configuration 0: peers:[a135c5de-80e1-4aab-81ec-fcc917b89996|rpc:10.1.0.47:15050|admin:10.1.0.47:15049|client:10.1.0.47:15048|dataStream:10.1.0.47:15051|priority:1|startupRole:FOLLOWER]|listeners:[], old=null
2023-06-23 00:37:39,084 [a135c5de-80e1-4aab-81ec-fcc917b89996@group-3734F7F717DD-SegmentedRaftLogWorker] INFO  segmented.SegmentedRaftLogWorker (SegmentedRaftLogWorker.java:execute(651)) - a135c5de-80e1-4aab-81ec-fcc917b89996@group-3734F7F717DD-SegmentedRaftLogWorker: created new log segment /home/runner/work/ozone/ozone/hadoop-ozone/integration-test/target/test-dir/MiniOzoneClusterImpl-3c3985d8-3248-4f19-a32f-4442bec32466/datanode-4/data/ratis/8d3ffcfd-f421-412a-aa1f-3734f7f717dd/current/log_inprogress_0
2023-06-23 00:37:39,148 [4e705eda-d59c-4e65-825a-8cd43ac70c00@group-221BC075AD82-FollowerState] INFO  impl.FollowerState (FollowerState.java:run(143)) - 4e705eda-d59c-4e65-825a-8cd43ac70c00@group-221BC075AD82-FollowerState: change to CANDIDATE, lastRpcElapsedTime:5179223545ns, electionTimeout:5173ms
2023-06-23 00:37:39,148 [4e705eda-d59c-4e65-825a-8cd43ac70c00@group-221BC075AD82-FollowerState] INFO  impl.RoleInfo (RoleInfo.java:shutdownFollowerState(110)) - 4e705eda-d59c-4e65-825a-8cd43ac70c00: shutdown 4e705eda-d59c-4e65-825a-8cd43ac70c00@group-221BC075AD82-FollowerState
2023-06-23 00:37:39,148 [4e705eda-d59c-4e65-825a-8cd43ac70c00@group-221BC075AD82-FollowerState] INFO  server.RaftServer$Division (RaftServerImpl.java:setRole(329)) - 4e705eda-d59c-4e65-825a-8cd43ac70c00@group-221BC075AD82: changes role from  FOLLOWER to CANDIDATE at term 0 for changeToCandidate
2023-06-23 00:37:39,148 [4e705eda-d59c-4e65-825a-8cd43ac70c00@group-221BC075AD82-FollowerState] INFO  server.RaftServerConfigKeys (ConfUtils.java:logGet(46)) - raft.server.leaderelection.pre-vote = true (default)
2023-06-23 00:37:39,148 [4e705eda-d59c-4e65-825a-8cd43ac70c00@group-221BC075AD82-FollowerState] INFO  impl.RoleInfo (RoleInfo.java:updateAndGet(139)) - 4e705eda-d59c-4e65-825a-8cd43ac70c00: start 4e705eda-d59c-4e65-825a-8cd43ac70c00@group-221BC075AD82-LeaderElection10
2023-06-23 00:37:39,160 [4e705eda-d59c-4e65-825a-8cd43ac70c00@group-221BC075AD82-LeaderElection10] INFO  impl.LeaderElection (LeaderElection.java:askForVotes(321)) - 4e705eda-d59c-4e65-825a-8cd43ac70c00@group-221BC075AD82-LeaderElection10 PRE_VOTE round 0: submit vote requests at term 0 for -1: peers:[a135c5de-80e1-4aab-81ec-fcc917b89996|rpc:10.1.0.47:15050|admin:10.1.0.47:15049|client:10.1.0.47:15048|dataStream:10.1.0.47:15051|priority:1|startupRole:FOLLOWER, 6a1a42da-c2df-4fd1-96ac-c2667a6b2780|rpc:10.1.0.47:15059|admin:10.1.0.47:15058|client:10.1.0.47:15057|dataStream:10.1.0.47:15060|priority:0|startupRole:FOLLOWER, 4e705eda-d59c-4e65-825a-8cd43ac70c00|rpc:10.1.0.47:15041|admin:10.1.0.47:15040|client:10.1.0.47:15039|dataStream:10.1.0.47:15042|priority:0|startupRole:FOLLOWER]|listeners:[], old=null
2023-06-23 00:37:39,164 [4e705eda-d59c-4e65-825a-8cd43ac70c00@group-221BC075AD82-LeaderElection10-1] INFO  server.GrpcServerProtocolClient (GrpcServerProtocolClient.java:<init>(65)) - Build channel for a135c5de-80e1-4aab-81ec-fcc917b89996
2023-06-23 00:37:39,166 [4e705eda-d59c-4e65-825a-8cd43ac70c00@group-221BC075AD82-LeaderElection10] INFO  server.RaftServerConfigKeys (ConfUtils.java:logFallback(53)) - raft.server.rpc.first-election.timeout.min = 5s (fallback to raft.server.rpc.timeout.min)
2023-06-23 00:37:39,166 [4e705eda-d59c-4e65-825a-8cd43ac70c00@group-221BC075AD82-LeaderElection10] INFO  server.RaftServerConfigKeys (ConfUtils.java:logFallback(53)) - raft.server.rpc.first-election.timeout.max = 5200ms (fallback to raft.server.rpc.timeout.max)
2023-06-23 00:37:39,171 [4e705eda-d59c-4e65-825a-8cd43ac70c00@group-221BC075AD82-LeaderElection10-2] INFO  server.GrpcServerProtocolClient (GrpcServerProtocolClient.java:<init>(65)) - Build channel for 6a1a42da-c2df-4fd1-96ac-c2667a6b2780
2023-06-23 00:37:39,174 [a135c5de-80e1-4aab-81ec-fcc917b89996@group-221BC075AD82-FollowerState] INFO  impl.FollowerState (FollowerState.java:run(143)) - a135c5de-80e1-4aab-81ec-fcc917b89996@group-221BC075AD82-FollowerState: change to CANDIDATE, lastRpcElapsedTime:5199026035ns, electionTimeout:5185ms
2023-06-23 00:37:39,174 [a135c5de-80e1-4aab-81ec-fcc917b89996@group-221BC075AD82-FollowerState] INFO  impl.RoleInfo (RoleInfo.java:shutdownFollowerState(110)) - a135c5de-80e1-4aab-81ec-fcc917b89996: shutdown a135c5de-80e1-4aab-81ec-fcc917b89996@group-221BC075AD82-FollowerState
2023-06-23 00:37:39,174 [a135c5de-80e1-4aab-81ec-fcc917b89996@group-221BC075AD82-FollowerState] INFO  server.RaftServer$Division (RaftServerImpl.java:setRole(329)) - a135c5de-80e1-4aab-81ec-fcc917b89996@group-221BC075AD82: changes role from  FOLLOWER to CANDIDATE at term 0 for changeToCandidate
2023-06-23 00:37:39,181 [a135c5de-80e1-4aab-81ec-fcc917b89996@group-221BC075AD82-FollowerState] INFO  server.RaftServerConfigKeys (ConfUtils.java:logGet(46)) - raft.server.leaderelection.pre-vote = true (default)
2023-06-23 00:37:39,181 [a135c5de-80e1-4aab-81ec-fcc917b89996@group-221BC075AD82-FollowerState] INFO  impl.RoleInfo (RoleInfo.java:updateAndGet(139)) - a135c5de-80e1-4aab-81ec-fcc917b89996: start a135c5de-80e1-4aab-81ec-fcc917b89996@group-221BC075AD82-LeaderElection11
2023-06-23 00:37:39,197 [grpc-default-executor-4] INFO  server.RaftServer$Division (RaftServerImpl.java:requestVote(1302)) - a135c5de-80e1-4aab-81ec-fcc917b89996@group-221BC075AD82: receive requestVote(PRE_VOTE, 4e705eda-d59c-4e65-825a-8cd43ac70c00, group-221BC075AD82, 0, (t:0, i:0))
2023-06-23 00:37:39,197 [grpc-default-executor-1] INFO  server.RaftServer$Division (RaftServerImpl.java:requestVote(1302)) - 6a1a42da-c2df-4fd1-96ac-c2667a6b2780@group-221BC075AD82: receive requestVote(PRE_VOTE, 4e705eda-d59c-4e65-825a-8cd43ac70c00, group-221BC075AD82, 0, (t:0, i:0))
2023-06-23 00:37:39,198 [grpc-default-executor-1] INFO  impl.VoteContext (VoteContext.java:log(49)) - 6a1a42da-c2df-4fd1-96ac-c2667a6b2780@group-221BC075AD82-FOLLOWER: accept PRE_VOTE from 4e705eda-d59c-4e65-825a-8cd43ac70c00: our priority 0 <= candidate's priority 0
2023-06-23 00:37:39,198 [grpc-default-executor-1] INFO  server.RaftServer$Division (RaftServerImpl.java:requestVote(1335)) - 6a1a42da-c2df-4fd1-96ac-c2667a6b2780@group-221BC075AD82 replies to PRE_VOTE vote request: 4e705eda-d59c-4e65-825a-8cd43ac70c00<-6a1a42da-c2df-4fd1-96ac-c2667a6b2780#0:OK-t0. Peer's state: 6a1a42da-c2df-4fd1-96ac-c2667a6b2780@group-221BC075AD82:t0, leader=null, voted=, raftlog=Memoized:6a1a42da-c2df-4fd1-96ac-c2667a6b2780@group-221BC075AD82-SegmentedRaftLog:OPENED:c-1, conf=-1: peers:[a135c5de-80e1-4aab-81ec-fcc917b89996|rpc:10.1.0.47:15050|admin:10.1.0.47:15049|client:10.1.0.47:15048|dataStream:10.1.0.47:15051|priority:1|startupRole:FOLLOWER, 6a1a42da-c2df-4fd1-96ac-c2667a6b2780|rpc:10.1.0.47:15059|admin:10.1.0.47:15058|client:10.1.0.47:15057|dataStream:10.1.0.47:15060|priority:0|startupRole:FOLLOWER, 4e705eda-d59c-4e65-825a-8cd43ac70c00|rpc:10.1.0.47:15041|admin:10.1.0.47:15040|client:10.1.0.47:15039|dataStream:10.1.0.47:15042|priority:0|startupRole:FOLLOWER]|listeners:[], old=null
2023-06-23 00:37:39,201 [grpc-default-executor-4] INFO  impl.VoteContext (VoteContext.java:log(49)) - a135c5de-80e1-4aab-81ec-fcc917b89996@group-221BC075AD82-CANDIDATE: reject PRE_VOTE from 4e705eda-d59c-4e65-825a-8cd43ac70c00: our priority 1 > candidate's priority 0
2023-06-23 00:37:39,201 [grpc-default-executor-4] INFO  server.RaftServer$Division (RaftServerImpl.java:requestVote(1335)) - a135c5de-80e1-4aab-81ec-fcc917b89996@group-221BC075AD82 replies to PRE_VOTE vote request: 4e705eda-d59c-4e65-825a-8cd43ac70c00<-a135c5de-80e1-4aab-81ec-fcc917b89996#0:FAIL-t0. Peer's state: a135c5de-80e1-4aab-81ec-fcc917b89996@group-221BC075AD82:t0, leader=null, voted=, raftlog=Memoized:a135c5de-80e1-4aab-81ec-fcc917b89996@group-221BC075AD82-SegmentedRaftLog:OPENED:c-1, conf=-1: peers:[a135c5de-80e1-4aab-81ec-fcc917b89996|rpc:10.1.0.47:15050|admin:10.1.0.47:15049|client:10.1.0.47:15048|dataStream:10.1.0.47:15051|priority:1|startupRole:FOLLOWER, 6a1a42da-c2df-4fd1-96ac-c2667a6b2780|rpc:10.1.0.47:15059|admin:10.1.0.47:15058|client:10.1.0.47:15057|dataStream:10.1.0.47:15060|priority:0|startupRole:FOLLOWER, 4e705eda-d59c-4e65-825a-8cd43ac70c00|rpc:10.1.0.47:15041|admin:10.1.0.47:15040|client:10.1.0.47:15039|dataStream:10.1.0.47:15042|priority:0|startupRole:FOLLOWER]|listeners:[], old=null
2023-06-23 00:37:39,202 [a135c5de-80e1-4aab-81ec-fcc917b89996@group-221BC075AD82-LeaderElection11] INFO  impl.LeaderElection (LeaderElection.java:askForVotes(321)) - a135c5de-80e1-4aab-81ec-fcc917b89996@group-221BC075AD82-LeaderElection11 PRE_VOTE round 0: submit vote requests at term 0 for -1: peers:[a135c5de-80e1-4aab-81ec-fcc917b89996|rpc:10.1.0.47:15050|admin:10.1.0.47:15049|client:10.1.0.47:15048|dataStream:10.1.0.47:15051|priority:1|startupRole:FOLLOWER, 6a1a42da-c2df-4fd1-96ac-c2667a6b2780|rpc:10.1.0.47:15059|admin:10.1.0.47:15058|client:10.1.0.47:15057|dataStream:10.1.0.47:15060|priority:0|startupRole:FOLLOWER, 4e705eda-d59c-4e65-825a-8cd43ac70c00|rpc:10.1.0.47:15041|admin:10.1.0.47:15040|client:10.1.0.47:15039|dataStream:10.1.0.47:15042|priority:0|startupRole:FOLLOWER]|listeners:[], old=null
2023-06-23 00:37:39,206 [a135c5de-80e1-4aab-81ec-fcc917b89996@group-221BC075AD82-LeaderElection11-1] INFO  server.GrpcServerProtocolClient (GrpcServerProtocolClient.java:<init>(65)) - Build channel for 6a1a42da-c2df-4fd1-96ac-c2667a6b2780
2023-06-23 00:37:39,210 [a135c5de-80e1-4aab-81ec-fcc917b89996@group-221BC075AD82-LeaderElection11] INFO  server.RaftServerConfigKeys (ConfUtils.java:logFallback(53)) - raft.server.rpc.first-election.timeout.min = 5s (fallback to raft.server.rpc.timeout.min)
2023-06-23 00:37:39,210 [a135c5de-80e1-4aab-81ec-fcc917b89996@group-221BC075AD82-LeaderElection11] INFO  server.RaftServerConfigKeys (ConfUtils.java:logFallback(53)) - raft.server.rpc.first-election.timeout.max = 5200ms (fallback to raft.server.rpc.timeout.max)
2023-06-23 00:37:39,222 [a135c5de-80e1-4aab-81ec-fcc917b89996@group-221BC075AD82-LeaderElection11-2] INFO  server.GrpcServerProtocolClient (GrpcServerProtocolClient.java:<init>(65)) - Build channel for 4e705eda-d59c-4e65-825a-8cd43ac70c00
2023-06-23 00:37:39,228 [4e705eda-d59c-4e65-825a-8cd43ac70c00@group-221BC075AD82-LeaderElection10] INFO  impl.LeaderElection (LeaderElection.java:logAndReturn(90)) - 4e705eda-d59c-4e65-825a-8cd43ac70c00@group-221BC075AD82-LeaderElection10: PRE_VOTE REJECTED received 2 response(s) and 0 exception(s):
2023-06-23 00:37:39,228 [4e705eda-d59c-4e65-825a-8cd43ac70c00@group-221BC075AD82-LeaderElection10] INFO  impl.LeaderElection (LeaderElection.java:logAndReturn(94)) -   Response 0: 4e705eda-d59c-4e65-825a-8cd43ac70c00<-a135c5de-80e1-4aab-81ec-fcc917b89996#0:FAIL-t0
2023-06-23 00:37:39,228 [4e705eda-d59c-4e65-825a-8cd43ac70c00@group-221BC075AD82-LeaderElection10] INFO  impl.LeaderElection (LeaderElection.java:logAndReturn(94)) -   Response 1: 4e705eda-d59c-4e65-825a-8cd43ac70c00<-6a1a42da-c2df-4fd1-96ac-c2667a6b2780#0:OK-t0
2023-06-23 00:37:39,228 [4e705eda-d59c-4e65-825a-8cd43ac70c00@group-221BC075AD82-LeaderElection10] INFO  impl.LeaderElection (LeaderElection.java:askForVotes(323)) - 4e705eda-d59c-4e65-825a-8cd43ac70c00@group-221BC075AD82-LeaderElection10 PRE_VOTE round 0: result REJECTED
2023-06-23 00:37:39,228 [4e705eda-d59c-4e65-825a-8cd43ac70c00@group-221BC075AD82-LeaderElection10] INFO  server.RaftServer$Division (RaftServerImpl.java:setRole(329)) - 4e705eda-d59c-4e65-825a-8cd43ac70c00@group-221BC075AD82: changes role from CANDIDATE to FOLLOWER at term 0 for REJECTED
2023-06-23 00:37:39,228 [4e705eda-d59c-4e65-825a-8cd43ac70c00@group-221BC075AD82-LeaderElection10] INFO  impl.RoleInfo (RoleInfo.java:shutdownLeaderElection(130)) - 4e705eda-d59c-4e65-825a-8cd43ac70c00: shutdown 4e705eda-d59c-4e65-825a-8cd43ac70c00@group-221BC075AD82-LeaderElection10
2023-06-23 00:37:39,228 [4e705eda-d59c-4e65-825a-8cd43ac70c00@group-221BC075AD82-LeaderElection10] INFO  impl.RoleInfo (RoleInfo.java:updateAndGet(139)) - 4e705eda-d59c-4e65-825a-8cd43ac70c00: start 4e705eda-d59c-4e65-825a-8cd43ac70c00@group-221BC075AD82-FollowerState
2023-06-23 00:37:39,231 [4e705eda-d59c-4e65-825a-8cd43ac70c00@group-04D9684641E1-FollowerState] INFO  impl.FollowerState (FollowerState.java:run(143)) - 4e705eda-d59c-4e65-825a-8cd43ac70c00@group-04D9684641E1-FollowerState: change to CANDIDATE, lastRpcElapsedTime:5010606519ns, electionTimeout:5005ms
2023-06-23 00:37:39,231 [4e705eda-d59c-4e65-825a-8cd43ac70c00@group-04D9684641E1-FollowerState] INFO  impl.RoleInfo (RoleInfo.java:shutdownFollowerState(110)) - 4e705eda-d59c-4e65-825a-8cd43ac70c00: shutdown 4e705eda-d59c-4e65-825a-8cd43ac70c00@group-04D9684641E1-FollowerState
2023-06-23 00:37:39,231 [4e705eda-d59c-4e65-825a-8cd43ac70c00@group-04D9684641E1-FollowerState] INFO  server.RaftServer$Division (RaftServerImpl.java:setRole(329)) - 4e705eda-d59c-4e65-825a-8cd43ac70c00@group-04D9684641E1: changes role from  FOLLOWER to CANDIDATE at term 0 for changeToCandidate
2023-06-23 00:37:39,239 [4e705eda-d59c-4e65-825a-8cd43ac70c00@group-04D9684641E1-FollowerState] INFO  server.RaftServerConfigKeys (ConfUtils.java:logGet(46)) - raft.server.leaderelection.pre-vote = true (default)
2023-06-23 00:37:39,239 [4e705eda-d59c-4e65-825a-8cd43ac70c00@group-04D9684641E1-FollowerState] INFO  impl.RoleInfo (RoleInfo.java:updateAndGet(139)) - 4e705eda-d59c-4e65-825a-8cd43ac70c00: start 4e705eda-d59c-4e65-825a-8cd43ac70c00@group-04D9684641E1-LeaderElection12
2023-06-23 00:37:39,241 [6a1a42da-c2df-4fd1-96ac-c2667a6b2780@group-FA7F949A36C9-FollowerState] INFO  impl.FollowerState (FollowerState.java:run(143)) - 6a1a42da-c2df-4fd1-96ac-c2667a6b2780@group-FA7F949A36C9-FollowerState: change to CANDIDATE, lastRpcElapsedTime:5093225848ns, electionTimeout:5089ms
2023-06-23 00:37:39,241 [6a1a42da-c2df-4fd1-96ac-c2667a6b2780@group-FA7F949A36C9-FollowerState] INFO  impl.RoleInfo (RoleInfo.java:shutdownFollowerState(110)) - 6a1a42da-c2df-4fd1-96ac-c2667a6b2780: shutdown 6a1a42da-c2df-4fd1-96ac-c2667a6b2780@group-FA7F949A36C9-FollowerState
2023-06-23 00:37:39,241 [6a1a42da-c2df-4fd1-96ac-c2667a6b2780@group-FA7F949A36C9-FollowerState] INFO  server.RaftServer$Division (RaftServerImpl.java:setRole(329)) - 6a1a42da-c2df-4fd1-96ac-c2667a6b2780@group-FA7F949A36C9: changes role from  FOLLOWER to CANDIDATE at term 0 for changeToCandidate
2023-06-23 00:37:39,267 [6a1a42da-c2df-4fd1-96ac-c2667a6b2780@group-FA7F949A36C9-FollowerState] INFO  server.RaftServerConfigKeys (ConfUtils.java:logGet(46)) - raft.server.leaderelection.pre-vote = true (default)
2023-06-23 00:37:39,267 [6a1a42da-c2df-4fd1-96ac-c2667a6b2780@group-FA7F949A36C9-FollowerState] INFO  impl.RoleInfo (RoleInfo.java:updateAndGet(139)) - 6a1a42da-c2df-4fd1-96ac-c2667a6b2780: start 6a1a42da-c2df-4fd1-96ac-c2667a6b2780@group-FA7F949A36C9-LeaderElection13
2023-06-23 00:37:39,272 [6a1a42da-c2df-4fd1-96ac-c2667a6b2780@group-221BC075AD82-FollowerState] INFO  server.RaftServerConfigKeys (ConfUtils.java:logFallback(53)) - raft.server.rpc.first-election.timeout.min = 5s (fallback to raft.server.rpc.timeout.min)
2023-06-23 00:37:39,272 [6a1a42da-c2df-4fd1-96ac-c2667a6b2780@group-221BC075AD82-FollowerState] INFO  server.RaftServerConfigKeys (ConfUtils.java:logFallback(53)) - raft.server.rpc.first-election.timeout.max = 5200ms (fallback to raft.server.rpc.timeout.max)
2023-06-23 00:37:39,274 [4e705eda-d59c-4e65-825a-8cd43ac70c00@group-04D9684641E1-LeaderElection12] INFO  impl.LeaderElection (LeaderElection.java:askForVotes(321)) - 4e705eda-d59c-4e65-825a-8cd43ac70c00@group-04D9684641E1-LeaderElection12 PRE_VOTE round 0: submit vote requests at term 0 for -1: peers:[a135c5de-80e1-4aab-81ec-fcc917b89996|rpc:10.1.0.47:15050|admin:10.1.0.47:15049|client:10.1.0.47:15048|dataStream:10.1.0.47:15051|priority:0|startupRole:FOLLOWER, 6a1a42da-c2df-4fd1-96ac-c2667a6b2780|rpc:10.1.0.47:15059|admin:10.1.0.47:15058|client:10.1.0.47:15057|dataStream:10.1.0.47:15060|priority:0|startupRole:FOLLOWER, 4e705eda-d59c-4e65-825a-8cd43ac70c00|rpc:10.1.0.47:15041|admin:10.1.0.47:15040|client:10.1.0.47:15039|dataStream:10.1.0.47:15042|priority:1|startupRole:FOLLOWER]|listeners:[], old=null
2023-06-23 00:37:39,276 [a135c5de-80e1-4aab-81ec-fcc917b89996@group-04D9684641E1-FollowerState] INFO  impl.FollowerState (FollowerState.java:run(143)) - a135c5de-80e1-4aab-81ec-fcc917b89996@group-04D9684641E1-FollowerState: change to CANDIDATE, lastRpcElapsedTime:5151809204ns, electionTimeout:5145ms
2023-06-23 00:37:39,276 [a135c5de-80e1-4aab-81ec-fcc917b89996@group-04D9684641E1-FollowerState] INFO  impl.RoleInfo (RoleInfo.java:shutdownFollowerState(110)) - a135c5de-80e1-4aab-81ec-fcc917b89996: shutdown a135c5de-80e1-4aab-81ec-fcc917b89996@group-04D9684641E1-FollowerState
2023-06-23 00:37:39,276 [a135c5de-80e1-4aab-81ec-fcc917b89996@group-04D9684641E1-FollowerState] INFO  server.RaftServer$Division (RaftServerImpl.java:setRole(329)) - a135c5de-80e1-4aab-81ec-fcc917b89996@group-04D9684641E1: changes role from  FOLLOWER to CANDIDATE at term 0 for changeToCandidate
2023-06-23 00:37:39,278 [4e705eda-d59c-4e65-825a-8cd43ac70c00@group-04D9684641E1-LeaderElection12] INFO  server.RaftServerConfigKeys (ConfUtils.java:logFallback(53)) - raft.server.rpc.first-election.timeout.min = 5s (fallback to raft.server.rpc.timeout.min)
2023-06-23 00:37:39,279 [4e705eda-d59c-4e65-825a-8cd43ac70c00@group-04D9684641E1-LeaderElection12] INFO  server.RaftServerConfigKeys (ConfUtils.java:logFallback(53)) - raft.server.rpc.first-election.timeout.max = 5200ms (fallback to raft.server.rpc.timeout.max)
2023-06-23 00:37:39,300 [a135c5de-80e1-4aab-81ec-fcc917b89996@group-04D9684641E1-FollowerState] INFO  server.RaftServerConfigKeys (ConfUtils.java:logGet(46)) - raft.server.leaderelection.pre-vote = true (default)
2023-06-23 00:37:39,300 [a135c5de-80e1-4aab-81ec-fcc917b89996@group-04D9684641E1-FollowerState] INFO  impl.RoleInfo (RoleInfo.java:updateAndGet(139)) - a135c5de-80e1-4aab-81ec-fcc917b89996: start a135c5de-80e1-4aab-81ec-fcc917b89996@group-04D9684641E1-LeaderElection14
2023-06-23 00:37:39,302 [6a1a42da-c2df-4fd1-96ac-c2667a6b2780@group-FA7F949A36C9-LeaderElection13] INFO  impl.LeaderElection (LeaderElection.java:askForVotes(321)) - 6a1a42da-c2df-4fd1-96ac-c2667a6b2780@group-FA7F949A36C9-LeaderElection13 PRE_VOTE round 0: submit vote requests at term 0 for -1: peers:[6a1a42da-c2df-4fd1-96ac-c2667a6b2780|rpc:10.1.0.47:15059|admin:10.1.0.47:15058|client:10.1.0.47:15057|dataStream:10.1.0.47:15060|priority:1|startupRole:FOLLOWER]|listeners:[], old=null
2023-06-23 00:37:39,302 [6a1a42da-c2df-4fd1-96ac-c2667a6b2780@group-FA7F949A36C9-LeaderElection13] INFO  impl.LeaderElection (LeaderElection.java:askForVotes(323)) - 6a1a42da-c2df-4fd1-96ac-c2667a6b2780@group-FA7F949A36C9-LeaderElection13 PRE_VOTE round 0: result PASSED (term=0)
2023-06-23 00:37:39,304 [6a1a42da-c2df-4fd1-96ac-c2667a6b2780@group-FA7F949A36C9-LeaderElection13] INFO  impl.LeaderElection (LeaderElection.java:askForVotes(321)) - 6a1a42da-c2df-4fd1-96ac-c2667a6b2780@group-FA7F949A36C9-LeaderElection13 ELECTION round 0: submit vote requests at term 1 for -1: peers:[6a1a42da-c2df-4fd1-96ac-c2667a6b2780|rpc:10.1.0.47:15059|admin:10.1.0.47:15058|client:10.1.0.47:15057|dataStream:10.1.0.47:15060|priority:1|startupRole:FOLLOWER]|listeners:[], old=null
2023-06-23 00:37:39,304 [6a1a42da-c2df-4fd1-96ac-c2667a6b2780@group-FA7F949A36C9-LeaderElection13] INFO  impl.LeaderElection (LeaderElection.java:askForVotes(323)) - 6a1a42da-c2df-4fd1-96ac-c2667a6b2780@group-FA7F949A36C9-LeaderElection13 ELECTION round 0: result PASSED (term=1)
2023-06-23 00:37:39,304 [6a1a42da-c2df-4fd1-96ac-c2667a6b2780@group-FA7F949A36C9-LeaderElection13] INFO  impl.RoleInfo (RoleInfo.java:shutdownLeaderElection(130)) - 6a1a42da-c2df-4fd1-96ac-c2667a6b2780: shutdown 6a1a42da-c2df-4fd1-96ac-c2667a6b2780@group-FA7F949A36C9-LeaderElection13
2023-06-23 00:37:39,304 [6a1a42da-c2df-4fd1-96ac-c2667a6b2780@group-FA7F949A36C9-LeaderElection13] INFO  server.RaftServer$Division (RaftServerImpl.java:setRole(329)) - 6a1a42da-c2df-4fd1-96ac-c2667a6b2780@group-FA7F949A36C9: changes role from CANDIDATE to LEADER at term 1 for changeToLeader
2023-06-23 00:37:39,304 [6a1a42da-c2df-4fd1-96ac-c2667a6b2780@group-FA7F949A36C9-LeaderElection13] INFO  ratis.XceiverServerRatis (XceiverServerRatis.java:handleLeaderChangedNotification(902)) - Leader change notification received for group: group-FA7F949A36C9 with new leaderId: 6a1a42da-c2df-4fd1-96ac-c2667a6b2780
2023-06-23 00:37:39,312 [6a1a42da-c2df-4fd1-96ac-c2667a6b2780@group-FA7F949A36C9-LeaderElection13] INFO  server.RaftServer$Division (ServerState.java:setLeader(317)) - 6a1a42da-c2df-4fd1-96ac-c2667a6b2780@group-FA7F949A36C9: change Leader from null to 6a1a42da-c2df-4fd1-96ac-c2667a6b2780 at term 1 for becomeLeader, leader elected after 5183ms
2023-06-23 00:37:39,313 [6a1a42da-c2df-4fd1-96ac-c2667a6b2780@group-FA7F949A36C9-LeaderElection13] INFO  server.RaftServerConfigKeys (ConfUtils.java:logGet(46)) - raft.server.staging.catchup.gap = 1000 (default)
2023-06-23 00:37:39,313 [6a1a42da-c2df-4fd1-96ac-c2667a6b2780@group-FA7F949A36C9-LeaderElection13] INFO  server.RaftServerConfigKeys (ConfUtils.java:logGet(46)) - raft.server.write.element-limit = 1024 (custom)
2023-06-23 00:37:39,313 [6a1a42da-c2df-4fd1-96ac-c2667a6b2780@group-FA7F949A36C9-LeaderElection13] INFO  server.RaftServerConfigKeys (ConfUtils.java:logGet(46)) - raft.server.write.byte-limit = 1024 M (=1073741824) (custom)
2023-06-23 00:37:39,313 [6a1a42da-c2df-4fd1-96ac-c2667a6b2780@group-FA7F949A36C9-LeaderElection13] INFO  server.RaftServerConfigKeys (ConfUtils.java:logGet(46)) - raft.server.watch.timeout = 180s (custom)
2023-06-23 00:37:39,313 [6a1a42da-c2df-4fd1-96ac-c2667a6b2780@group-FA7F949A36C9-LeaderElection13] INFO  server.RaftServerConfigKeys (ConfUtils.java:logGet(46)) - raft.server.watch.timeout.denomination = 1s (default)
2023-06-23 00:37:39,313 [6a1a42da-c2df-4fd1-96ac-c2667a6b2780@group-FA7F949A36C9-LeaderElection13] INFO  server.RaftServerConfigKeys (ConfUtils.java:logGet(46)) - raft.server.watch.element-limit = 65536 (default)
2023-06-23 00:37:39,313 [6a1a42da-c2df-4fd1-96ac-c2667a6b2780@group-FA7F949A36C9-LeaderElection13] INFO  server.RaftServerConfigKeys (ConfUtils.java:logGet(46)) - raft.server.write.element-limit = 1024 (custom)
2023-06-23 00:37:39,313 [6a1a42da-c2df-4fd1-96ac-c2667a6b2780@group-FA7F949A36C9-LeaderElection13] INFO  server.RaftServerConfigKeys (ConfUtils.java:logGet(46)) - raft.server.write.follower.gap.ratio.max = -1.0 (default)
2023-06-23 00:37:39,313 [6a1a42da-c2df-4fd1-96ac-c2667a6b2780@group-FA7F949A36C9-LeaderElection13] INFO  impl.RoleInfo (RoleInfo.java:updateAndGet(139)) - 6a1a42da-c2df-4fd1-96ac-c2667a6b2780: start 6a1a42da-c2df-4fd1-96ac-c2667a6b2780@group-FA7F949A36C9-LeaderStateImpl
2023-06-23 00:37:39,314 [6a1a42da-c2df-4fd1-96ac-c2667a6b2780@group-FA7F949A36C9-LeaderElection13] INFO  segmented.SegmentedRaftLogWorker (SegmentedRaftLogWorker.java:startLogSegment(447)) - 6a1a42da-c2df-4fd1-96ac-c2667a6b2780@group-FA7F949A36C9-SegmentedRaftLogWorker: Starting segment from index:0
2023-06-23 00:37:39,316 [6a1a42da-c2df-4fd1-96ac-c2667a6b2780@group-FA7F949A36C9-SegmentedRaftLogWorker] INFO  segmented.SegmentedRaftLogWorker (SegmentedRaftLogWorker.java:execute(651)) - 6a1a42da-c2df-4fd1-96ac-c2667a6b2780@group-FA7F949A36C9-SegmentedRaftLogWorker: created new log segment /home/runner/work/ozone/ozone/hadoop-ozone/integration-test/target/test-dir/MiniOzoneClusterImpl-3c3985d8-3248-4f19-a32f-4442bec32466/datanode-5/data/ratis/3d92aee1-dcb0-4fde-88db-fa7f949a36c9/current/log_inprogress_0
2023-06-23 00:37:39,333 [6a1a42da-c2df-4fd1-96ac-c2667a6b2780@group-04D9684641E1-FollowerState] INFO  impl.FollowerState (FollowerState.java:run(143)) - 6a1a42da-c2df-4fd1-96ac-c2667a6b2780@group-04D9684641E1-FollowerState: change to CANDIDATE, lastRpcElapsedTime:5147515119ns, electionTimeout:5129ms
2023-06-23 00:37:39,333 [6a1a42da-c2df-4fd1-96ac-c2667a6b2780@group-04D9684641E1-FollowerState] INFO  impl.RoleInfo (RoleInfo.java:shutdownFollowerState(110)) - 6a1a42da-c2df-4fd1-96ac-c2667a6b2780: shutdown 6a1a42da-c2df-4fd1-96ac-c2667a6b2780@group-04D9684641E1-FollowerState
2023-06-23 00:37:39,333 [6a1a42da-c2df-4fd1-96ac-c2667a6b2780@group-04D9684641E1-FollowerState] INFO  server.RaftServer$Division (RaftServerImpl.java:setRole(329)) - 6a1a42da-c2df-4fd1-96ac-c2667a6b2780@group-04D9684641E1: changes role from  FOLLOWER to CANDIDATE at term 0 for changeToCandidate
2023-06-23 00:37:39,333 [6a1a42da-c2df-4fd1-96ac-c2667a6b2780@group-04D9684641E1-FollowerState] INFO  server.RaftServerConfigKeys (ConfUtils.java:logGet(46)) - raft.server.leaderelection.pre-vote = true (default)
2023-06-23 00:37:39,333 [6a1a42da-c2df-4fd1-96ac-c2667a6b2780@group-04D9684641E1-FollowerState] INFO  impl.RoleInfo (RoleInfo.java:updateAndGet(139)) - 6a1a42da-c2df-4fd1-96ac-c2667a6b2780: start 6a1a42da-c2df-4fd1-96ac-c2667a6b2780@group-04D9684641E1-LeaderElection15
2023-06-23 00:37:39,334 [grpc-default-executor-4] INFO  server.RaftServer$Division (RaftServerImpl.java:requestVote(1302)) - 6a1a42da-c2df-4fd1-96ac-c2667a6b2780@group-221BC075AD82: receive requestVote(PRE_VOTE, a135c5de-80e1-4aab-81ec-fcc917b89996, group-221BC075AD82, 0, (t:0, i:0))
2023-06-23 00:37:39,334 [grpc-default-executor-4] INFO  impl.VoteContext (VoteContext.java:log(49)) - 6a1a42da-c2df-4fd1-96ac-c2667a6b2780@group-221BC075AD82-FOLLOWER: accept PRE_VOTE from a135c5de-80e1-4aab-81ec-fcc917b89996: our priority 0 <= candidate's priority 1
2023-06-23 00:37:39,335 [grpc-default-executor-4] INFO  server.RaftServer$Division (RaftServerImpl.java:requestVote(1335)) - 6a1a42da-c2df-4fd1-96ac-c2667a6b2780@group-221BC075AD82 replies to PRE_VOTE vote request: a135c5de-80e1-4aab-81ec-fcc917b89996<-6a1a42da-c2df-4fd1-96ac-c2667a6b2780#0:OK-t0. Peer's state: 6a1a42da-c2df-4fd1-96ac-c2667a6b2780@group-221BC075AD82:t0, leader=null, voted=, raftlog=Memoized:6a1a42da-c2df-4fd1-96ac-c2667a6b2780@group-221BC075AD82-SegmentedRaftLog:OPENED:c-1, conf=-1: peers:[a135c5de-80e1-4aab-81ec-fcc917b89996|rpc:10.1.0.47:15050|admin:10.1.0.47:15049|client:10.1.0.47:15048|dataStream:10.1.0.47:15051|priority:1|startupRole:FOLLOWER, 6a1a42da-c2df-4fd1-96ac-c2667a6b2780|rpc:10.1.0.47:15059|admin:10.1.0.47:15058|client:10.1.0.47:15057|dataStream:10.1.0.47:15060|priority:0|startupRole:FOLLOWER, 4e705eda-d59c-4e65-825a-8cd43ac70c00|rpc:10.1.0.47:15041|admin:10.1.0.47:15040|client:10.1.0.47:15039|dataStream:10.1.0.47:15042|priority:0|startupRole:FOLLOWER]|listeners:[], old=null
2023-06-23 00:37:39,335 [a135c5de-80e1-4aab-81ec-fcc917b89996@group-04D9684641E1-LeaderElection14] INFO  impl.LeaderElection (LeaderElection.java:askForVotes(321)) - a135c5de-80e1-4aab-81ec-fcc917b89996@group-04D9684641E1-LeaderElection14 PRE_VOTE round 0: submit vote requests at term 0 for -1: peers:[a135c5de-80e1-4aab-81ec-fcc917b89996|rpc:10.1.0.47:15050|admin:10.1.0.47:15049|client:10.1.0.47:15048|dataStream:10.1.0.47:15051|priority:0|startupRole:FOLLOWER, 6a1a42da-c2df-4fd1-96ac-c2667a6b2780|rpc:10.1.0.47:15059|admin:10.1.0.47:15058|client:10.1.0.47:15057|dataStream:10.1.0.47:15060|priority:0|startupRole:FOLLOWER, 4e705eda-d59c-4e65-825a-8cd43ac70c00|rpc:10.1.0.47:15041|admin:10.1.0.47:15040|client:10.1.0.47:15039|dataStream:10.1.0.47:15042|priority:1|startupRole:FOLLOWER]|listeners:[], old=null
2023-06-23 00:37:39,335 [grpc-default-executor-3] INFO  server.RaftServer$Division (RaftServerImpl.java:requestVote(1302)) - 6a1a42da-c2df-4fd1-96ac-c2667a6b2780@group-04D9684641E1: receive requestVote(PRE_VOTE, 4e705eda-d59c-4e65-825a-8cd43ac70c00, group-04D9684641E1, 0, (t:0, i:0))
2023-06-23 00:37:39,334 [grpc-default-executor-2] INFO  server.RaftServer$Division (RaftServerImpl.java:requestVote(1302)) - a135c5de-80e1-4aab-81ec-fcc917b89996@group-04D9684641E1: receive requestVote(PRE_VOTE, 4e705eda-d59c-4e65-825a-8cd43ac70c00, group-04D9684641E1, 0, (t:0, i:0))
2023-06-23 00:37:39,336 [grpc-default-executor-2] INFO  impl.VoteContext (VoteContext.java:log(49)) - a135c5de-80e1-4aab-81ec-fcc917b89996@group-04D9684641E1-CANDIDATE: accept PRE_VOTE from 4e705eda-d59c-4e65-825a-8cd43ac70c00: our priority 0 <= candidate's priority 1
2023-06-23 00:37:39,336 [grpc-default-executor-2] INFO  server.RaftServer$Division (RaftServerImpl.java:requestVote(1335)) - a135c5de-80e1-4aab-81ec-fcc917b89996@group-04D9684641E1 replies to PRE_VOTE vote request: 4e705eda-d59c-4e65-825a-8cd43ac70c00<-a135c5de-80e1-4aab-81ec-fcc917b89996#0:OK-t0. Peer's state: a135c5de-80e1-4aab-81ec-fcc917b89996@group-04D9684641E1:t0, leader=null, voted=, raftlog=Memoized:a135c5de-80e1-4aab-81ec-fcc917b89996@group-04D9684641E1-SegmentedRaftLog:OPENED:c-1, conf=-1: peers:[a135c5de-80e1-4aab-81ec-fcc917b89996|rpc:10.1.0.47:15050|admin:10.1.0.47:15049|client:10.1.0.47:15048|dataStream:10.1.0.47:15051|priority:0|startupRole:FOLLOWER, 6a1a42da-c2df-4fd1-96ac-c2667a6b2780|rpc:10.1.0.47:15059|admin:10.1.0.47:15058|client:10.1.0.47:15057|dataStream:10.1.0.47:15060|priority:0|startupRole:FOLLOWER, 4e705eda-d59c-4e65-825a-8cd43ac70c00|rpc:10.1.0.47:15041|admin:10.1.0.47:15040|client:10.1.0.47:15039|dataStream:10.1.0.47:15042|priority:1|startupRole:FOLLOWER]|listeners:[], old=null
2023-06-23 00:37:39,334 [grpc-default-executor-1] INFO  server.RaftServer$Division (RaftServerImpl.java:requestVote(1302)) - 4e705eda-d59c-4e65-825a-8cd43ac70c00@group-221BC075AD82: receive requestVote(PRE_VOTE, a135c5de-80e1-4aab-81ec-fcc917b89996, group-221BC075AD82, 0, (t:0, i:0))
2023-06-23 00:37:39,337 [grpc-default-executor-1] INFO  impl.VoteContext (VoteContext.java:log(49)) - 4e705eda-d59c-4e65-825a-8cd43ac70c00@group-221BC075AD82-FOLLOWER: accept PRE_VOTE from a135c5de-80e1-4aab-81ec-fcc917b89996: our priority 0 <= candidate's priority 1
2023-06-23 00:37:39,337 [grpc-default-executor-1] INFO  server.RaftServer$Division (RaftServerImpl.java:requestVote(1335)) - 4e705eda-d59c-4e65-825a-8cd43ac70c00@group-221BC075AD82 replies to PRE_VOTE vote request: a135c5de-80e1-4aab-81ec-fcc917b89996<-4e705eda-d59c-4e65-825a-8cd43ac70c00#0:OK-t0. Peer's state: 4e705eda-d59c-4e65-825a-8cd43ac70c00@group-221BC075AD82:t0, leader=null, voted=, raftlog=Memoized:4e705eda-d59c-4e65-825a-8cd43ac70c00@group-221BC075AD82-SegmentedRaftLog:OPENED:c-1, conf=-1: peers:[a135c5de-80e1-4aab-81ec-fcc917b89996|rpc:10.1.0.47:15050|admin:10.1.0.47:15049|client:10.1.0.47:15048|dataStream:10.1.0.47:15051|priority:1|startupRole:FOLLOWER, 6a1a42da-c2df-4fd1-96ac-c2667a6b2780|rpc:10.1.0.47:15059|admin:10.1.0.47:15058|client:10.1.0.47:15057|dataStream:10.1.0.47:15060|priority:0|startupRole:FOLLOWER, 4e705eda-d59c-4e65-825a-8cd43ac70c00|rpc:10.1.0.47:15041|admin:10.1.0.47:15040|client:10.1.0.47:15039|dataStream:10.1.0.47:15042|priority:0|startupRole:FOLLOWER]|listeners:[], old=null
2023-06-23 00:37:39,346 [6a1a42da-c2df-4fd1-96ac-c2667a6b2780@group-FA7F949A36C9-LeaderElection13] INFO  server.RaftServer$Division (ServerState.java:setRaftConf(434)) - 6a1a42da-c2df-4fd1-96ac-c2667a6b2780@group-FA7F949A36C9: set configuration 0: peers:[6a1a42da-c2df-4fd1-96ac-c2667a6b2780|rpc:10.1.0.47:15059|admin:10.1.0.47:15058|client:10.1.0.47:15057|dataStream:10.1.0.47:15060|priority:1|startupRole:FOLLOWER]|listeners:[], old=null
2023-06-23 00:37:39,347 [grpc-default-executor-3] INFO  impl.VoteContext (VoteContext.java:log(49)) - 6a1a42da-c2df-4fd1-96ac-c2667a6b2780@group-04D9684641E1-CANDIDATE: accept PRE_VOTE from 4e705eda-d59c-4e65-825a-8cd43ac70c00: our priority 0 <= candidate's priority 1
2023-06-23 00:37:39,347 [grpc-default-executor-3] INFO  server.RaftServer$Division (RaftServerImpl.java:requestVote(1335)) - 6a1a42da-c2df-4fd1-96ac-c2667a6b2780@group-04D9684641E1 replies to PRE_VOTE vote request: 4e705eda-d59c-4e65-825a-8cd43ac70c00<-6a1a42da-c2df-4fd1-96ac-c2667a6b2780#0:OK-t0. Peer's state: 6a1a42da-c2df-4fd1-96ac-c2667a6b2780@group-04D9684641E1:t0, leader=null, voted=, raftlog=Memoized:6a1a42da-c2df-4fd1-96ac-c2667a6b2780@group-04D9684641E1-SegmentedRaftLog:OPENED:c-1, conf=-1: peers:[a135c5de-80e1-4aab-81ec-fcc917b89996|rpc:10.1.0.47:15050|admin:10.1.0.47:15049|client:10.1.0.47:15048|dataStream:10.1.0.47:15051|priority:0|startupRole:FOLLOWER, 6a1a42da-c2df-4fd1-96ac-c2667a6b2780|rpc:10.1.0.47:15059|admin:10.1.0.47:15058|client:10.1.0.47:15057|dataStream:10.1.0.47:15060|priority:0|startupRole:FOLLOWER, 4e705eda-d59c-4e65-825a-8cd43ac70c00|rpc:10.1.0.47:15041|admin:10.1.0.47:15040|client:10.1.0.47:15039|dataStream:10.1.0.47:15042|priority:1|startupRole:FOLLOWER]|listeners:[], old=null
2023-06-23 00:37:39,347 [6a1a42da-c2df-4fd1-96ac-c2667a6b2780@group-04D9684641E1-LeaderElection15] INFO  impl.LeaderElection (LeaderElection.java:askForVotes(321)) - 6a1a42da-c2df-4fd1-96ac-c2667a6b2780@group-04D9684641E1-LeaderElection15 PRE_VOTE round 0: submit vote requests at term 0 for -1: peers:[a135c5de-80e1-4aab-81ec-fcc917b89996|rpc:10.1.0.47:15050|admin:10.1.0.47:15049|client:10.1.0.47:15048|dataStream:10.1.0.47:15051|priority:0|startupRole:FOLLOWER, 6a1a42da-c2df-4fd1-96ac-c2667a6b2780|rpc:10.1.0.47:15059|admin:10.1.0.47:15058|client:10.1.0.47:15057|dataStream:10.1.0.47:15060|priority:0|startupRole:FOLLOWER, 4e705eda-d59c-4e65-825a-8cd43ac70c00|rpc:10.1.0.47:15041|admin:10.1.0.47:15040|client:10.1.0.47:15039|dataStream:10.1.0.47:15042|priority:1|startupRole:FOLLOWER]|listeners:[], old=null
2023-06-23 00:37:39,354 [a135c5de-80e1-4aab-81ec-fcc917b89996@group-04D9684641E1-LeaderElection14] INFO  server.RaftServerConfigKeys (ConfUtils.java:logFallback(53)) - raft.server.rpc.first-election.timeout.min = 5s (fallback to raft.server.rpc.timeout.min)
2023-06-23 00:37:39,354 [a135c5de-80e1-4aab-81ec-fcc917b89996@group-04D9684641E1-LeaderElection14] INFO  server.RaftServerConfigKeys (ConfUtils.java:logFallback(53)) - raft.server.rpc.first-election.timeout.max = 5200ms (fallback to raft.server.rpc.timeout.max)
2023-06-23 00:37:39,367 [a135c5de-80e1-4aab-81ec-fcc917b89996@group-221BC075AD82-LeaderElection11] INFO  impl.LeaderElection (LeaderElection.java:logAndReturn(90)) - a135c5de-80e1-4aab-81ec-fcc917b89996@group-221BC075AD82-LeaderElection11: PRE_VOTE PASSED received 1 response(s) and 0 exception(s):
2023-06-23 00:37:39,367 [6a1a42da-c2df-4fd1-96ac-c2667a6b2780@group-04D9684641E1-LeaderElection15] INFO  server.RaftServerConfigKeys (ConfUtils.java:logFallback(53)) - raft.server.rpc.first-election.timeout.min = 5s (fallback to raft.server.rpc.timeout.min)
2023-06-23 00:37:39,367 [6a1a42da-c2df-4fd1-96ac-c2667a6b2780@group-04D9684641E1-LeaderElection15] INFO  server.RaftServerConfigKeys (ConfUtils.java:logFallback(53)) - raft.server.rpc.first-election.timeout.max = 5200ms (fallback to raft.server.rpc.timeout.max)
2023-06-23 00:37:39,367 [6a1a42da-c2df-4fd1-96ac-c2667a6b2780@group-04D9684641E1-LeaderElection15-1] INFO  server.GrpcServerProtocolClient (GrpcServerProtocolClient.java:<init>(65)) - Build channel for a135c5de-80e1-4aab-81ec-fcc917b89996
2023-06-23 00:37:39,367 [a135c5de-80e1-4aab-81ec-fcc917b89996@group-221BC075AD82-LeaderElection11] INFO  impl.LeaderElection (LeaderElection.java:logAndReturn(94)) -   Response 0: a135c5de-80e1-4aab-81ec-fcc917b89996<-6a1a42da-c2df-4fd1-96ac-c2667a6b2780#0:OK-t0
2023-06-23 00:37:39,369 [a135c5de-80e1-4aab-81ec-fcc917b89996@group-221BC075AD82-LeaderElection11] INFO  impl.LeaderElection (LeaderElection.java:askForVotes(323)) - a135c5de-80e1-4aab-81ec-fcc917b89996@group-221BC075AD82-LeaderElection11 PRE_VOTE round 0: result PASSED
2023-06-23 00:37:39,370 [a135c5de-80e1-4aab-81ec-fcc917b89996@group-221BC075AD82-LeaderElection11] INFO  impl.LeaderElection (LeaderElection.java:askForVotes(321)) - a135c5de-80e1-4aab-81ec-fcc917b89996@group-221BC075AD82-LeaderElection11 ELECTION round 0: submit vote requests at term 1 for -1: peers:[a135c5de-80e1-4aab-81ec-fcc917b89996|rpc:10.1.0.47:15050|admin:10.1.0.47:15049|client:10.1.0.47:15048|dataStream:10.1.0.47:15051|priority:1|startupRole:FOLLOWER, 6a1a42da-c2df-4fd1-96ac-c2667a6b2780|rpc:10.1.0.47:15059|admin:10.1.0.47:15058|client:10.1.0.47:15057|dataStream:10.1.0.47:15060|priority:0|startupRole:FOLLOWER, 4e705eda-d59c-4e65-825a-8cd43ac70c00|rpc:10.1.0.47:15041|admin:10.1.0.47:15040|client:10.1.0.47:15039|dataStream:10.1.0.47:15042|priority:0|startupRole:FOLLOWER]|listeners:[], old=null
2023-06-23 00:37:39,368 [6a1a42da-c2df-4fd1-96ac-c2667a6b2780@group-04D9684641E1-LeaderElection15-2] INFO  server.GrpcServerProtocolClient (GrpcServerProtocolClient.java:<init>(65)) - Build channel for 4e705eda-d59c-4e65-825a-8cd43ac70c00
2023-06-23 00:37:39,389 [grpc-default-executor-4] INFO  server.RaftServer$Division (RaftServerImpl.java:requestVote(1302)) - 6a1a42da-c2df-4fd1-96ac-c2667a6b2780@group-04D9684641E1: receive requestVote(PRE_VOTE, a135c5de-80e1-4aab-81ec-fcc917b89996, group-04D9684641E1, 0, (t:0, i:0))
2023-06-23 00:37:39,389 [grpc-default-executor-4] INFO  impl.VoteContext (VoteContext.java:log(49)) - 6a1a42da-c2df-4fd1-96ac-c2667a6b2780@group-04D9684641E1-CANDIDATE: accept PRE_VOTE from a135c5de-80e1-4aab-81ec-fcc917b89996: our priority 0 <= candidate's priority 0
2023-06-23 00:37:39,389 [grpc-default-executor-4] INFO  server.RaftServer$Division (RaftServerImpl.java:requestVote(1335)) - 6a1a42da-c2df-4fd1-96ac-c2667a6b2780@group-04D9684641E1 replies to PRE_VOTE vote request: a135c5de-80e1-4aab-81ec-fcc917b89996<-6a1a42da-c2df-4fd1-96ac-c2667a6b2780#0:OK-t0. Peer's state: 6a1a42da-c2df-4fd1-96ac-c2667a6b2780@group-04D9684641E1:t0, leader=null, voted=, raftlog=Memoized:6a1a42da-c2df-4fd1-96ac-c2667a6b2780@group-04D9684641E1-SegmentedRaftLog:OPENED:c-1, conf=-1: peers:[a135c5de-80e1-4aab-81ec-fcc917b89996|rpc:10.1.0.47:15050|admin:10.1.0.47:15049|client:10.1.0.47:15048|dataStream:10.1.0.47:15051|priority:0|startupRole:FOLLOWER, 6a1a42da-c2df-4fd1-96ac-c2667a6b2780|rpc:10.1.0.47:15059|admin:10.1.0.47:15058|client:10.1.0.47:15057|dataStream:10.1.0.47:15060|priority:0|startupRole:FOLLOWER, 4e705eda-d59c-4e65-825a-8cd43ac70c00|rpc:10.1.0.47:15041|admin:10.1.0.47:15040|client:10.1.0.47:15039|dataStream:10.1.0.47:15042|priority:1|startupRole:FOLLOWER]|listeners:[], old=null
2023-06-23 00:37:39,391 [4e705eda-d59c-4e65-825a-8cd43ac70c00@group-04D9684641E1-LeaderElection12] INFO  impl.LeaderElection (LeaderElection.java:logAndReturn(90)) - 4e705eda-d59c-4e65-825a-8cd43ac70c00@group-04D9684641E1-LeaderElection12: PRE_VOTE PASSED received 1 response(s) and 0 exception(s):
2023-06-23 00:37:39,391 [4e705eda-d59c-4e65-825a-8cd43ac70c00@group-04D9684641E1-LeaderElection12] INFO  impl.LeaderElection (LeaderElection.java:logAndReturn(94)) -   Response 0: 4e705eda-d59c-4e65-825a-8cd43ac70c00<-a135c5de-80e1-4aab-81ec-fcc917b89996#0:OK-t0
2023-06-23 00:37:39,391 [4e705eda-d59c-4e65-825a-8cd43ac70c00@group-04D9684641E1-LeaderElection12] INFO  impl.LeaderElection (LeaderElection.java:askForVotes(323)) - 4e705eda-d59c-4e65-825a-8cd43ac70c00@group-04D9684641E1-LeaderElection12 PRE_VOTE round 0: result PASSED
2023-06-23 00:37:39,392 [4e705eda-d59c-4e65-825a-8cd43ac70c00@group-04D9684641E1-LeaderElection12] INFO  impl.LeaderElection (LeaderElection.java:askForVotes(321)) - 4e705eda-d59c-4e65-825a-8cd43ac70c00@group-04D9684641E1-LeaderElection12 ELECTION round 0: submit vote requests at term 1 for -1: peers:[a135c5de-80e1-4aab-81ec-fcc917b89996|rpc:10.1.0.47:15050|admin:10.1.0.47:15049|client:10.1.0.47:15048|dataStream:10.1.0.47:15051|priority:0|startupRole:FOLLOWER, 6a1a42da-c2df-4fd1-96ac-c2667a6b2780|rpc:10.1.0.47:15059|admin:10.1.0.47:15058|client:10.1.0.47:15057|dataStream:10.1.0.47:15060|priority:0|startupRole:FOLLOWER, 4e705eda-d59c-4e65-825a-8cd43ac70c00|rpc:10.1.0.47:15041|admin:10.1.0.47:15040|client:10.1.0.47:15039|dataStream:10.1.0.47:15042|priority:1|startupRole:FOLLOWER]|listeners:[], old=null
2023-06-23 00:37:39,396 [a135c5de-80e1-4aab-81ec-fcc917b89996@group-221BC075AD82-LeaderElection11] INFO  server.RaftServerConfigKeys (ConfUtils.java:logFallback(53)) - raft.server.rpc.first-election.timeout.min = 5s (fallback to raft.server.rpc.timeout.min)
2023-06-23 00:37:39,396 [a135c5de-80e1-4aab-81ec-fcc917b89996@group-221BC075AD82-LeaderElection11] INFO  server.RaftServerConfigKeys (ConfUtils.java:logFallback(53)) - raft.server.rpc.first-election.timeout.max = 5200ms (fallback to raft.server.rpc.timeout.max)
2023-06-23 00:37:39,406 [grpc-default-executor-2] INFO  server.RaftServer$Division (RaftServerImpl.java:requestVote(1302)) - 4e705eda-d59c-4e65-825a-8cd43ac70c00@group-04D9684641E1: receive requestVote(PRE_VOTE, a135c5de-80e1-4aab-81ec-fcc917b89996, group-04D9684641E1, 0, (t:0, i:0))
2023-06-23 00:37:39,406 [grpc-default-executor-2] INFO  impl.VoteContext (VoteContext.java:log(49)) - 4e705eda-d59c-4e65-825a-8cd43ac70c00@group-04D9684641E1-CANDIDATE: reject PRE_VOTE from a135c5de-80e1-4aab-81ec-fcc917b89996: our priority 1 > candidate's priority 0
2023-06-23 00:37:39,406 [grpc-default-executor-2] INFO  server.RaftServer$Division (RaftServerImpl.java:requestVote(1335)) - 4e705eda-d59c-4e65-825a-8cd43ac70c00@group-04D9684641E1 replies to PRE_VOTE vote request: a135c5de-80e1-4aab-81ec-fcc917b89996<-4e705eda-d59c-4e65-825a-8cd43ac70c00#0:FAIL-t1. Peer's state: 4e705eda-d59c-4e65-825a-8cd43ac70c00@group-04D9684641E1:t1, leader=null, voted=4e705eda-d59c-4e65-825a-8cd43ac70c00, raftlog=Memoized:4e705eda-d59c-4e65-825a-8cd43ac70c00@group-04D9684641E1-SegmentedRaftLog:OPENED:c-1, conf=-1: peers:[a135c5de-80e1-4aab-81ec-fcc917b89996|rpc:10.1.0.47:15050|admin:10.1.0.47:15049|client:10.1.0.47:15048|dataStream:10.1.0.47:15051|priority:0|startupRole:FOLLOWER, 6a1a42da-c2df-4fd1-96ac-c2667a6b2780|rpc:10.1.0.47:15059|admin:10.1.0.47:15058|client:10.1.0.47:15057|dataStream:10.1.0.47:15060|priority:0|startupRole:FOLLOWER, 4e705eda-d59c-4e65-825a-8cd43ac70c00|rpc:10.1.0.47:15041|admin:10.1.0.47:15040|client:10.1.0.47:15039|dataStream:10.1.0.47:15042|priority:1|startupRole:FOLLOWER]|listeners:[], old=null
2023-06-23 00:37:39,406 [grpc-default-executor-4] INFO  server.RaftServer$Division (RaftServerImpl.java:requestVote(1302)) - 6a1a42da-c2df-4fd1-96ac-c2667a6b2780@group-221BC075AD82: receive requestVote(ELECTION, a135c5de-80e1-4aab-81ec-fcc917b89996, group-221BC075AD82, 1, (t:0, i:0))
2023-06-23 00:37:39,406 [grpc-default-executor-4] INFO  impl.VoteContext (VoteContext.java:log(49)) - 6a1a42da-c2df-4fd1-96ac-c2667a6b2780@group-221BC075AD82-FOLLOWER: accept ELECTION from a135c5de-80e1-4aab-81ec-fcc917b89996: our priority 0 <= candidate's priority 1
2023-06-23 00:37:39,407 [grpc-default-executor-4] INFO  server.RaftServer$Division (RaftServerImpl.java:setRole(329)) - 6a1a42da-c2df-4fd1-96ac-c2667a6b2780@group-221BC075AD82: changes role from  FOLLOWER to FOLLOWER at term 1 for candidate:a135c5de-80e1-4aab-81ec-fcc917b89996
2023-06-23 00:37:39,407 [grpc-default-executor-4] INFO  impl.RoleInfo (RoleInfo.java:shutdownFollowerState(110)) - 6a1a42da-c2df-4fd1-96ac-c2667a6b2780: shutdown 6a1a42da-c2df-4fd1-96ac-c2667a6b2780@group-221BC075AD82-FollowerState
2023-06-23 00:37:39,413 [4e705eda-d59c-4e65-825a-8cd43ac70c00@group-04D9684641E1-LeaderElection12] INFO  server.RaftServerConfigKeys (ConfUtils.java:logFallback(53)) - raft.server.rpc.first-election.timeout.min = 5s (fallback to raft.server.rpc.timeout.min)
2023-06-23 00:37:39,413 [4e705eda-d59c-4e65-825a-8cd43ac70c00@group-04D9684641E1-LeaderElection12] INFO  server.RaftServerConfigKeys (ConfUtils.java:logFallback(53)) - raft.server.rpc.first-election.timeout.max = 5200ms (fallback to raft.server.rpc.timeout.max)
2023-06-23 00:37:39,428 [a135c5de-80e1-4aab-81ec-fcc917b89996@group-04D9684641E1-LeaderElection14] INFO  impl.LeaderElection (LeaderElection.java:logAndReturn(90)) - a135c5de-80e1-4aab-81ec-fcc917b89996@group-04D9684641E1-LeaderElection14: PRE_VOTE DISCOVERED_A_NEW_TERM (term=1) received 2 response(s) and 0 exception(s):
2023-06-23 00:37:39,428 [a135c5de-80e1-4aab-81ec-fcc917b89996@group-04D9684641E1-LeaderElection14] INFO  impl.LeaderElection (LeaderElection.java:logAndReturn(94)) -   Response 0: a135c5de-80e1-4aab-81ec-fcc917b89996<-6a1a42da-c2df-4fd1-96ac-c2667a6b2780#0:OK-t0
2023-06-23 00:37:39,428 [a135c5de-80e1-4aab-81ec-fcc917b89996@group-04D9684641E1-LeaderElection14] INFO  impl.LeaderElection (LeaderElection.java:logAndReturn(94)) -   Response 1: a135c5de-80e1-4aab-81ec-fcc917b89996<-4e705eda-d59c-4e65-825a-8cd43ac70c00#0:FAIL-t1
2023-06-23 00:37:39,428 [a135c5de-80e1-4aab-81ec-fcc917b89996@group-04D9684641E1-LeaderElection14] INFO  impl.LeaderElection (LeaderElection.java:askForVotes(323)) - a135c5de-80e1-4aab-81ec-fcc917b89996@group-04D9684641E1-LeaderElection14 PRE_VOTE round 0: result DISCOVERED_A_NEW_TERM (term=1)
2023-06-23 00:37:39,428 [a135c5de-80e1-4aab-81ec-fcc917b89996@group-04D9684641E1-LeaderElection14] INFO  server.RaftServer$Division (RaftServerImpl.java:setRole(329)) - a135c5de-80e1-4aab-81ec-fcc917b89996@group-04D9684641E1: changes role from CANDIDATE to FOLLOWER at term 1 for DISCOVERED_A_NEW_TERM (term=1)
2023-06-23 00:37:39,428 [a135c5de-80e1-4aab-81ec-fcc917b89996@group-04D9684641E1-LeaderElection14] INFO  impl.RoleInfo (RoleInfo.java:shutdownLeaderElection(130)) - a135c5de-80e1-4aab-81ec-fcc917b89996: shutdown a135c5de-80e1-4aab-81ec-fcc917b89996@group-04D9684641E1-LeaderElection14
2023-06-23 00:37:39,428 [a135c5de-80e1-4aab-81ec-fcc917b89996@group-04D9684641E1-LeaderElection14] INFO  impl.RoleInfo (RoleInfo.java:updateAndGet(139)) - a135c5de-80e1-4aab-81ec-fcc917b89996: start a135c5de-80e1-4aab-81ec-fcc917b89996@group-04D9684641E1-FollowerState
2023-06-23 00:37:39,430 [grpc-default-executor-2] INFO  server.RaftServer$Division (RaftServerImpl.java:requestVote(1302)) - 4e705eda-d59c-4e65-825a-8cd43ac70c00@group-221BC075AD82: receive requestVote(ELECTION, a135c5de-80e1-4aab-81ec-fcc917b89996, group-221BC075AD82, 1, (t:0, i:0))
2023-06-23 00:37:39,430 [grpc-default-executor-2] INFO  impl.VoteContext (VoteContext.java:log(49)) - 4e705eda-d59c-4e65-825a-8cd43ac70c00@group-221BC075AD82-FOLLOWER: accept ELECTION from a135c5de-80e1-4aab-81ec-fcc917b89996: our priority 0 <= candidate's priority 1
2023-06-23 00:37:39,430 [grpc-default-executor-2] INFO  server.RaftServer$Division (RaftServerImpl.java:setRole(329)) - 4e705eda-d59c-4e65-825a-8cd43ac70c00@group-221BC075AD82: changes role from  FOLLOWER to FOLLOWER at term 1 for candidate:a135c5de-80e1-4aab-81ec-fcc917b89996
2023-06-23 00:37:39,430 [grpc-default-executor-2] INFO  impl.RoleInfo (RoleInfo.java:shutdownFollowerState(110)) - 4e705eda-d59c-4e65-825a-8cd43ac70c00: shutdown 4e705eda-d59c-4e65-825a-8cd43ac70c00@group-221BC075AD82-FollowerState
2023-06-23 00:37:39,430 [grpc-default-executor-1] INFO  server.RaftServer$Division (RaftServerImpl.java:requestVote(1302)) - 4e705eda-d59c-4e65-825a-8cd43ac70c00@group-04D9684641E1: receive requestVote(PRE_VOTE, 6a1a42da-c2df-4fd1-96ac-c2667a6b2780, group-04D9684641E1, 0, (t:0, i:0))
2023-06-23 00:37:39,430 [grpc-default-executor-1] INFO  impl.VoteContext (VoteContext.java:log(49)) - 4e705eda-d59c-4e65-825a-8cd43ac70c00@group-04D9684641E1-CANDIDATE: reject PRE_VOTE from 6a1a42da-c2df-4fd1-96ac-c2667a6b2780: our priority 1 > candidate's priority 0
2023-06-23 00:37:39,431 [grpc-default-executor-1] INFO  server.RaftServer$Division (RaftServerImpl.java:requestVote(1335)) - 4e705eda-d59c-4e65-825a-8cd43ac70c00@group-04D9684641E1 replies to PRE_VOTE vote request: 6a1a42da-c2df-4fd1-96ac-c2667a6b2780<-4e705eda-d59c-4e65-825a-8cd43ac70c00#0:FAIL-t1. Peer's state: 4e705eda-d59c-4e65-825a-8cd43ac70c00@group-04D9684641E1:t1, leader=null, voted=4e705eda-d59c-4e65-825a-8cd43ac70c00, raftlog=Memoized:4e705eda-d59c-4e65-825a-8cd43ac70c00@group-04D9684641E1-SegmentedRaftLog:OPENED:c-1, conf=-1: peers:[a135c5de-80e1-4aab-81ec-fcc917b89996|rpc:10.1.0.47:15050|admin:10.1.0.47:15049|client:10.1.0.47:15048|dataStream:10.1.0.47:15051|priority:0|startupRole:FOLLOWER, 6a1a42da-c2df-4fd1-96ac-c2667a6b2780|rpc:10.1.0.47:15059|admin:10.1.0.47:15058|client:10.1.0.47:15057|dataStream:10.1.0.47:15060|priority:0|startupRole:FOLLOWER, 4e705eda-d59c-4e65-825a-8cd43ac70c00|rpc:10.1.0.47:15041|admin:10.1.0.47:15040|client:10.1.0.47:15039|dataStream:10.1.0.47:15042|priority:1|startupRole:FOLLOWER]|listeners:[], old=null
2023-06-23 00:37:39,431 [grpc-default-executor-1] INFO  server.RaftServer$Division (RaftServerImpl.java:requestVote(1302)) - a135c5de-80e1-4aab-81ec-fcc917b89996@group-04D9684641E1: receive requestVote(ELECTION, 4e705eda-d59c-4e65-825a-8cd43ac70c00, group-04D9684641E1, 1, (t:0, i:0))
2023-06-23 00:37:39,432 [grpc-default-executor-3] INFO  server.RaftServer$Division (RaftServerImpl.java:requestVote(1302)) - a135c5de-80e1-4aab-81ec-fcc917b89996@group-04D9684641E1: receive requestVote(PRE_VOTE, 6a1a42da-c2df-4fd1-96ac-c2667a6b2780, group-04D9684641E1, 0, (t:0, i:0))
2023-06-23 00:37:39,432 [grpc-default-executor-4] INFO  impl.RoleInfo (RoleInfo.java:updateAndGet(139)) - 6a1a42da-c2df-4fd1-96ac-c2667a6b2780: start 6a1a42da-c2df-4fd1-96ac-c2667a6b2780@group-221BC075AD82-FollowerState
2023-06-23 00:37:39,432 [6a1a42da-c2df-4fd1-96ac-c2667a6b2780@group-221BC075AD82-FollowerState] INFO  impl.FollowerState (FollowerState.java:run(152)) - 6a1a42da-c2df-4fd1-96ac-c2667a6b2780@group-221BC075AD82-FollowerState was interrupted
2023-06-23 00:37:39,439 [grpc-default-executor-2] INFO  impl.RoleInfo (RoleInfo.java:updateAndGet(139)) - 4e705eda-d59c-4e65-825a-8cd43ac70c00: start 4e705eda-d59c-4e65-825a-8cd43ac70c00@group-221BC075AD82-FollowerState
2023-06-23 00:37:39,440 [4e705eda-d59c-4e65-825a-8cd43ac70c00@group-221BC075AD82-FollowerState] INFO  impl.FollowerState (FollowerState.java:run(152)) - 4e705eda-d59c-4e65-825a-8cd43ac70c00@group-221BC075AD82-FollowerState was interrupted
2023-06-23 00:37:39,441 [6a1a42da-c2df-4fd1-96ac-c2667a6b2780@group-04D9684641E1-LeaderElection15] INFO  impl.LeaderElection (LeaderElection.java:logAndReturn(90)) - 6a1a42da-c2df-4fd1-96ac-c2667a6b2780@group-04D9684641E1-LeaderElection15: PRE_VOTE DISCOVERED_A_NEW_TERM (term=1) received 1 response(s) and 0 exception(s):
2023-06-23 00:37:39,441 [6a1a42da-c2df-4fd1-96ac-c2667a6b2780@group-04D9684641E1-LeaderElection15] INFO  impl.LeaderElection (LeaderElection.java:logAndReturn(94)) -   Response 0: 6a1a42da-c2df-4fd1-96ac-c2667a6b2780<-4e705eda-d59c-4e65-825a-8cd43ac70c00#0:FAIL-t1
2023-06-23 00:37:39,442 [6a1a42da-c2df-4fd1-96ac-c2667a6b2780@group-04D9684641E1-LeaderElection15] INFO  impl.LeaderElection (LeaderElection.java:askForVotes(323)) - 6a1a42da-c2df-4fd1-96ac-c2667a6b2780@group-04D9684641E1-LeaderElection15 PRE_VOTE round 0: result DISCOVERED_A_NEW_TERM (term=1)
2023-06-23 00:37:39,442 [6a1a42da-c2df-4fd1-96ac-c2667a6b2780@group-04D9684641E1-LeaderElection15] INFO  server.RaftServer$Division (RaftServerImpl.java:setRole(329)) - 6a1a42da-c2df-4fd1-96ac-c2667a6b2780@group-04D9684641E1: changes role from CANDIDATE to FOLLOWER at term 1 for DISCOVERED_A_NEW_TERM (term=1)
2023-06-23 00:37:39,442 [6a1a42da-c2df-4fd1-96ac-c2667a6b2780@group-04D9684641E1-LeaderElection15] INFO  impl.RoleInfo (RoleInfo.java:shutdownLeaderElection(130)) - 6a1a42da-c2df-4fd1-96ac-c2667a6b2780: shutdown 6a1a42da-c2df-4fd1-96ac-c2667a6b2780@group-04D9684641E1-LeaderElection15
2023-06-23 00:37:39,442 [6a1a42da-c2df-4fd1-96ac-c2667a6b2780@group-04D9684641E1-LeaderElection15] INFO  impl.RoleInfo (RoleInfo.java:updateAndGet(139)) - 6a1a42da-c2df-4fd1-96ac-c2667a6b2780: start 6a1a42da-c2df-4fd1-96ac-c2667a6b2780@group-04D9684641E1-FollowerState
2023-06-23 00:37:39,442 [grpc-default-executor-5] INFO  server.RaftServer$Division (RaftServerImpl.java:requestVote(1302)) - 6a1a42da-c2df-4fd1-96ac-c2667a6b2780@group-04D9684641E1: receive requestVote(ELECTION, 4e705eda-d59c-4e65-825a-8cd43ac70c00, group-04D9684641E1, 1, (t:0, i:0))
2023-06-23 00:37:39,444 [grpc-default-executor-2] INFO  server.RaftServer$Division (RaftServerImpl.java:requestVote(1335)) - 4e705eda-d59c-4e65-825a-8cd43ac70c00@group-221BC075AD82 replies to ELECTION vote request: a135c5de-80e1-4aab-81ec-fcc917b89996<-4e705eda-d59c-4e65-825a-8cd43ac70c00#0:OK-t1. Peer's state: 4e705eda-d59c-4e65-825a-8cd43ac70c00@group-221BC075AD82:t1, leader=null, voted=a135c5de-80e1-4aab-81ec-fcc917b89996, raftlog=Memoized:4e705eda-d59c-4e65-825a-8cd43ac70c00@group-221BC075AD82-SegmentedRaftLog:OPENED:c-1, conf=-1: peers:[a135c5de-80e1-4aab-81ec-fcc917b89996|rpc:10.1.0.47:15050|admin:10.1.0.47:15049|client:10.1.0.47:15048|dataStream:10.1.0.47:15051|priority:1|startupRole:FOLLOWER, 6a1a42da-c2df-4fd1-96ac-c2667a6b2780|rpc:10.1.0.47:15059|admin:10.1.0.47:15058|client:10.1.0.47:15057|dataStream:10.1.0.47:15060|priority:0|startupRole:FOLLOWER, 4e705eda-d59c-4e65-825a-8cd43ac70c00|rpc:10.1.0.47:15041|admin:10.1.0.47:15040|client:10.1.0.47:15039|dataStream:10.1.0.47:15042|priority:0|startupRole:FOLLOWER]|listeners:[], old=null
2023-06-23 00:37:39,445 [grpc-default-executor-5] INFO  impl.VoteContext (VoteContext.java:log(49)) - 6a1a42da-c2df-4fd1-96ac-c2667a6b2780@group-04D9684641E1-FOLLOWER: accept ELECTION from 4e705eda-d59c-4e65-825a-8cd43ac70c00: our priority 0 <= candidate's priority 1
2023-06-23 00:37:39,445 [grpc-default-executor-5] INFO  server.RaftServer$Division (RaftServerImpl.java:setRole(329)) - 6a1a42da-c2df-4fd1-96ac-c2667a6b2780@group-04D9684641E1: changes role from  FOLLOWER to FOLLOWER at term 1 for candidate:4e705eda-d59c-4e65-825a-8cd43ac70c00
2023-06-23 00:37:39,445 [grpc-default-executor-5] INFO  impl.RoleInfo (RoleInfo.java:shutdownFollowerState(110)) - 6a1a42da-c2df-4fd1-96ac-c2667a6b2780: shutdown 6a1a42da-c2df-4fd1-96ac-c2667a6b2780@group-04D9684641E1-FollowerState
2023-06-23 00:37:39,445 [grpc-default-executor-5] INFO  impl.RoleInfo (RoleInfo.java:updateAndGet(139)) - 6a1a42da-c2df-4fd1-96ac-c2667a6b2780: start 6a1a42da-c2df-4fd1-96ac-c2667a6b2780@group-04D9684641E1-FollowerState
2023-06-23 00:37:39,452 [6a1a42da-c2df-4fd1-96ac-c2667a6b2780@group-04D9684641E1-FollowerState] INFO  impl.FollowerState (FollowerState.java:shouldRun(117)) - 6a1a42da-c2df-4fd1-96ac-c2667a6b2780@group-04D9684641E1-FollowerState: Stopping now (isRunning? false, role = FOLLOWER)
2023-06-23 00:37:39,464 [grpc-default-executor-4] INFO  server.RaftServer$Division (RaftServerImpl.java:requestVote(1335)) - 6a1a42da-c2df-4fd1-96ac-c2667a6b2780@group-221BC075AD82 replies to ELECTION vote request: a135c5de-80e1-4aab-81ec-fcc917b89996<-6a1a42da-c2df-4fd1-96ac-c2667a6b2780#0:OK-t1. Peer's state: 6a1a42da-c2df-4fd1-96ac-c2667a6b2780@group-221BC075AD82:t1, leader=null, voted=a135c5de-80e1-4aab-81ec-fcc917b89996, raftlog=Memoized:6a1a42da-c2df-4fd1-96ac-c2667a6b2780@group-221BC075AD82-SegmentedRaftLog:OPENED:c-1, conf=-1: peers:[a135c5de-80e1-4aab-81ec-fcc917b89996|rpc:10.1.0.47:15050|admin:10.1.0.47:15049|client:10.1.0.47:15048|dataStream:10.1.0.47:15051|priority:1|startupRole:FOLLOWER, 6a1a42da-c2df-4fd1-96ac-c2667a6b2780|rpc:10.1.0.47:15059|admin:10.1.0.47:15058|client:10.1.0.47:15057|dataStream:10.1.0.47:15060|priority:0|startupRole:FOLLOWER, 4e705eda-d59c-4e65-825a-8cd43ac70c00|rpc:10.1.0.47:15041|admin:10.1.0.47:15040|client:10.1.0.47:15039|dataStream:10.1.0.47:15042|priority:0|startupRole:FOLLOWER]|listeners:[], old=null
2023-06-23 00:37:39,466 [grpc-default-executor-3] INFO  impl.VoteContext (VoteContext.java:log(49)) - a135c5de-80e1-4aab-81ec-fcc917b89996@group-04D9684641E1-FOLLOWER: accept PRE_VOTE from 6a1a42da-c2df-4fd1-96ac-c2667a6b2780: our priority 0 <= candidate's priority 0
2023-06-23 00:37:39,466 [grpc-default-executor-3] INFO  server.RaftServer$Division (RaftServerImpl.java:requestVote(1335)) - a135c5de-80e1-4aab-81ec-fcc917b89996@group-04D9684641E1 replies to PRE_VOTE vote request: 6a1a42da-c2df-4fd1-96ac-c2667a6b2780<-a135c5de-80e1-4aab-81ec-fcc917b89996#0:OK-t1. Peer's state: a135c5de-80e1-4aab-81ec-fcc917b89996@group-04D9684641E1:t1, leader=null, voted=null, raftlog=Memoized:a135c5de-80e1-4aab-81ec-fcc917b89996@group-04D9684641E1-SegmentedRaftLog:OPENED:c-1, conf=-1: peers:[a135c5de-80e1-4aab-81ec-fcc917b89996|rpc:10.1.0.47:15050|admin:10.1.0.47:15049|client:10.1.0.47:15048|dataStream:10.1.0.47:15051|priority:0|startupRole:FOLLOWER, 6a1a42da-c2df-4fd1-96ac-c2667a6b2780|rpc:10.1.0.47:15059|admin:10.1.0.47:15058|client:10.1.0.47:15057|dataStream:10.1.0.47:15060|priority:0|startupRole:FOLLOWER, 4e705eda-d59c-4e65-825a-8cd43ac70c00|rpc:10.1.0.47:15041|admin:10.1.0.47:15040|client:10.1.0.47:15039|dataStream:10.1.0.47:15042|priority:1|startupRole:FOLLOWER]|listeners:[], old=null
2023-06-23 00:37:39,467 [grpc-default-executor-1] INFO  impl.VoteContext (VoteContext.java:log(49)) - a135c5de-80e1-4aab-81ec-fcc917b89996@group-04D9684641E1-FOLLOWER: accept ELECTION from 4e705eda-d59c-4e65-825a-8cd43ac70c00: our priority 0 <= candidate's priority 1
2023-06-23 00:37:39,467 [grpc-default-executor-1] INFO  server.RaftServer$Division (RaftServerImpl.java:setRole(329)) - a135c5de-80e1-4aab-81ec-fcc917b89996@group-04D9684641E1: changes role from  FOLLOWER to FOLLOWER at term 1 for candidate:4e705eda-d59c-4e65-825a-8cd43ac70c00
2023-06-23 00:37:39,467 [grpc-default-executor-1] INFO  impl.RoleInfo (RoleInfo.java:shutdownFollowerState(110)) - a135c5de-80e1-4aab-81ec-fcc917b89996: shutdown a135c5de-80e1-4aab-81ec-fcc917b89996@group-04D9684641E1-FollowerState
2023-06-23 00:37:39,467 [grpc-default-executor-1] INFO  impl.RoleInfo (RoleInfo.java:updateAndGet(139)) - a135c5de-80e1-4aab-81ec-fcc917b89996: start a135c5de-80e1-4aab-81ec-fcc917b89996@group-04D9684641E1-FollowerState
2023-06-23 00:37:39,467 [grpc-default-executor-5] INFO  server.RaftServer$Division (RaftServerImpl.java:requestVote(1335)) - 6a1a42da-c2df-4fd1-96ac-c2667a6b2780@group-04D9684641E1 replies to ELECTION vote request: 4e705eda-d59c-4e65-825a-8cd43ac70c00<-6a1a42da-c2df-4fd1-96ac-c2667a6b2780#0:OK-t1. Peer's state: 6a1a42da-c2df-4fd1-96ac-c2667a6b2780@group-04D9684641E1:t1, leader=null, voted=4e705eda-d59c-4e65-825a-8cd43ac70c00, raftlog=Memoized:6a1a42da-c2df-4fd1-96ac-c2667a6b2780@group-04D9684641E1-SegmentedRaftLog:OPENED:c-1, conf=-1: peers:[a135c5de-80e1-4aab-81ec-fcc917b89996|rpc:10.1.0.47:15050|admin:10.1.0.47:15049|client:10.1.0.47:15048|dataStream:10.1.0.47:15051|priority:0|startupRole:FOLLOWER, 6a1a42da-c2df-4fd1-96ac-c2667a6b2780|rpc:10.1.0.47:15059|admin:10.1.0.47:15058|client:10.1.0.47:15057|dataStream:10.1.0.47:15060|priority:0|startupRole:FOLLOWER, 4e705eda-d59c-4e65-825a-8cd43ac70c00|rpc:10.1.0.47:15041|admin:10.1.0.47:15040|client:10.1.0.47:15039|dataStream:10.1.0.47:15042|priority:1|startupRole:FOLLOWER]|listeners:[], old=null
2023-06-23 00:37:39,467 [a135c5de-80e1-4aab-81ec-fcc917b89996@group-221BC075AD82-LeaderElection11] INFO  impl.LeaderElection (LeaderElection.java:logAndReturn(90)) - a135c5de-80e1-4aab-81ec-fcc917b89996@group-221BC075AD82-LeaderElection11: ELECTION PASSED received 1 response(s) and 0 exception(s):
2023-06-23 00:37:39,468 [a135c5de-80e1-4aab-81ec-fcc917b89996@group-221BC075AD82-LeaderElection11] INFO  impl.LeaderElection (LeaderElection.java:logAndReturn(94)) -   Response 0: a135c5de-80e1-4aab-81ec-fcc917b89996<-4e705eda-d59c-4e65-825a-8cd43ac70c00#0:OK-t1
2023-06-23 00:37:39,468 [a135c5de-80e1-4aab-81ec-fcc917b89996@group-04D9684641E1-FollowerState] INFO  impl.FollowerState (FollowerState.java:run(152)) - a135c5de-80e1-4aab-81ec-fcc917b89996@group-04D9684641E1-FollowerState was interrupted
2023-06-23 00:37:39,487 [a135c5de-80e1-4aab-81ec-fcc917b89996@group-221BC075AD82-LeaderElection11] INFO  impl.LeaderElection (LeaderElection.java:askForVotes(323)) - a135c5de-80e1-4aab-81ec-fcc917b89996@group-221BC075AD82-LeaderElection11 ELECTION round 0: result PASSED
2023-06-23 00:37:39,487 [a135c5de-80e1-4aab-81ec-fcc917b89996@group-221BC075AD82-LeaderElection11] INFO  impl.RoleInfo (RoleInfo.java:shutdownLeaderElection(130)) - a135c5de-80e1-4aab-81ec-fcc917b89996: shutdown a135c5de-80e1-4aab-81ec-fcc917b89996@group-221BC075AD82-LeaderElection11
2023-06-23 00:37:39,487 [a135c5de-80e1-4aab-81ec-fcc917b89996@group-221BC075AD82-LeaderElection11] INFO  server.RaftServer$Division (RaftServerImpl.java:setRole(329)) - a135c5de-80e1-4aab-81ec-fcc917b89996@group-221BC075AD82: changes role from CANDIDATE to LEADER at term 1 for changeToLeader
2023-06-23 00:37:39,487 [a135c5de-80e1-4aab-81ec-fcc917b89996@group-221BC075AD82-LeaderElection11] INFO  ratis.XceiverServerRatis (XceiverServerRatis.java:handleLeaderChangedNotification(902)) - Leader change notification received for group: group-221BC075AD82 with new leaderId: a135c5de-80e1-4aab-81ec-fcc917b89996
2023-06-23 00:37:39,488 [a135c5de-80e1-4aab-81ec-fcc917b89996@group-221BC075AD82-LeaderElection11] INFO  server.RaftServer$Division (ServerState.java:setLeader(317)) - a135c5de-80e1-4aab-81ec-fcc917b89996@group-221BC075AD82: change Leader from null to a135c5de-80e1-4aab-81ec-fcc917b89996 at term 1 for becomeLeader, leader elected after 5546ms
2023-06-23 00:37:39,488 [a135c5de-80e1-4aab-81ec-fcc917b89996@group-221BC075AD82-LeaderElection11] INFO  server.RaftServerConfigKeys (ConfUtils.java:logGet(46)) - raft.server.staging.catchup.gap = 1000 (default)
2023-06-23 00:37:39,488 [a135c5de-80e1-4aab-81ec-fcc917b89996@group-221BC075AD82-LeaderElection11] INFO  server.RaftServerConfigKeys (ConfUtils.java:logGet(46)) - raft.server.write.element-limit = 1024 (custom)
2023-06-23 00:37:39,488 [a135c5de-80e1-4aab-81ec-fcc917b89996@group-221BC075AD82-LeaderElection11] INFO  server.RaftServerConfigKeys (ConfUtils.java:logGet(46)) - raft.server.write.byte-limit = 1024 M (=1073741824) (custom)
2023-06-23 00:37:39,488 [a135c5de-80e1-4aab-81ec-fcc917b89996@group-221BC075AD82-LeaderElection11] INFO  server.RaftServerConfigKeys (ConfUtils.java:logGet(46)) - raft.server.watch.timeout = 180s (custom)
2023-06-23 00:37:39,488 [a135c5de-80e1-4aab-81ec-fcc917b89996@group-221BC075AD82-LeaderElection11] INFO  server.RaftServerConfigKeys (ConfUtils.java:logGet(46)) - raft.server.watch.timeout.denomination = 1s (default)
2023-06-23 00:37:39,488 [a135c5de-80e1-4aab-81ec-fcc917b89996@group-221BC075AD82-LeaderElection11] INFO  server.RaftServerConfigKeys (ConfUtils.java:logGet(46)) - raft.server.watch.element-limit = 65536 (default)
2023-06-23 00:37:39,488 [a135c5de-80e1-4aab-81ec-fcc917b89996@group-221BC075AD82-LeaderElection11] INFO  server.RaftServerConfigKeys (ConfUtils.java:logGet(46)) - raft.server.write.element-limit = 1024 (custom)
2023-06-23 00:37:39,488 [a135c5de-80e1-4aab-81ec-fcc917b89996@group-221BC075AD82-LeaderElection11] INFO  server.RaftServerConfigKeys (ConfUtils.java:logGet(46)) - raft.server.write.follower.gap.ratio.max = -1.0 (default)
2023-06-23 00:37:39,489 [a135c5de-80e1-4aab-81ec-fcc917b89996@group-221BC075AD82-LeaderElection11] INFO  server.RaftServerConfigKeys (ConfUtils.java:logGet(46)) - raft.server.log.appender.snapshot.chunk.size.max = 16MB (=16777216) (default)
2023-06-23 00:37:39,489 [a135c5de-80e1-4aab-81ec-fcc917b89996@group-221BC075AD82-LeaderElection11] INFO  server.RaftServerConfigKeys (ConfUtils.java:logGet(46)) - raft.server.log.appender.buffer.byte-limit = 33554432 (custom)
2023-06-23 00:37:39,489 [a135c5de-80e1-4aab-81ec-fcc917b89996@group-221BC075AD82-LeaderElection11] INFO  server.RaftServerConfigKeys (ConfUtils.java:logGet(46)) - raft.server.log.appender.buffer.element-limit = 1 (custom)
2023-06-23 00:37:39,489 [a135c5de-80e1-4aab-81ec-fcc917b89996@group-221BC075AD82-LeaderElection11] INFO  server.RaftServerConfigKeys (ConfUtils.java:logGet(46)) - raft.server.log.appender.wait-time.min = 10ms (default)
2023-06-23 00:37:39,489 [a135c5de-80e1-4aab-81ec-fcc917b89996@group-221BC075AD82-LeaderElection11] INFO  grpc.GrpcConfigKeys (ConfUtils.java:logGet(46)) - raft.grpc.server.leader.outstanding.appends.max = 128 (default)
2023-06-23 00:37:39,489 [a135c5de-80e1-4aab-81ec-fcc917b89996@group-221BC075AD82-LeaderElection11] INFO  server.RaftServerConfigKeys (ConfUtils.java:logGet(46)) - raft.server.rpc.request.timeout = 60s (custom)
2023-06-23 00:37:39,489 [a135c5de-80e1-4aab-81ec-fcc917b89996@group-221BC075AD82-LeaderElection11] INFO  grpc.GrpcConfigKeys (ConfUtils.java:logGet(46)) - raft.grpc.server.install_snapshot.request.element-limit = 8 (default)
2023-06-23 00:37:39,489 [a135c5de-80e1-4aab-81ec-fcc917b89996@group-221BC075AD82-LeaderElection11] INFO  grpc.GrpcConfigKeys (ConfUtils.java:logGet(46)) - raft.grpc.server.install_snapshot.request.timeout = 3000ms (default)
2023-06-23 00:37:39,489 [a135c5de-80e1-4aab-81ec-fcc917b89996@group-221BC075AD82-LeaderElection11] INFO  server.RaftServerConfigKeys (ConfUtils.java:logGet(46)) - raft.server.log.appender.install.snapshot.enabled = false (custom)
2023-06-23 00:37:39,489 [a135c5de-80e1-4aab-81ec-fcc917b89996@group-221BC075AD82-LeaderElection11] INFO  grpc.GrpcConfigKeys (ConfUtils.java:logGet(46)) - raft.grpc.server.heartbeat.channel = true (default)
2023-06-23 00:37:39,490 [a135c5de-80e1-4aab-81ec-fcc917b89996@group-221BC075AD82-LeaderElection11] INFO  server.RaftServerConfigKeys (ConfUtils.java:logGet(46)) - raft.server.log.appender.snapshot.chunk.size.max = 16MB (=16777216) (default)
2023-06-23 00:37:39,490 [a135c5de-80e1-4aab-81ec-fcc917b89996@group-221BC075AD82-LeaderElection11] INFO  server.RaftServerConfigKeys (ConfUtils.java:logGet(46)) - raft.server.log.appender.buffer.byte-limit = 33554432 (custom)
2023-06-23 00:37:39,490 [a135c5de-80e1-4aab-81ec-fcc917b89996@group-221BC075AD82-LeaderElection11] INFO  server.RaftServerConfigKeys (ConfUtils.java:logGet(46)) - raft.server.log.appender.buffer.element-limit = 1 (custom)
2023-06-23 00:37:39,490 [a135c5de-80e1-4aab-81ec-fcc917b89996@group-221BC075AD82-LeaderElection11] INFO  server.RaftServerConfigKeys (ConfUtils.java:logGet(46)) - raft.server.log.appender.wait-time.min = 10ms (default)
2023-06-23 00:37:39,490 [4e705eda-d59c-4e65-825a-8cd43ac70c00@group-04D9684641E1-LeaderElection12] INFO  impl.LeaderElection (LeaderElection.java:logAndReturn(90)) - 4e705eda-d59c-4e65-825a-8cd43ac70c00@group-04D9684641E1-LeaderElection12: ELECTION PASSED received 1 response(s) and 0 exception(s):
2023-06-23 00:37:39,491 [4e705eda-d59c-4e65-825a-8cd43ac70c00@group-04D9684641E1-LeaderElection12] INFO  impl.LeaderElection (LeaderElection.java:logAndReturn(94)) -   Response 0: 4e705eda-d59c-4e65-825a-8cd43ac70c00<-6a1a42da-c2df-4fd1-96ac-c2667a6b2780#0:OK-t1
2023-06-23 00:37:39,491 [4e705eda-d59c-4e65-825a-8cd43ac70c00@group-04D9684641E1-LeaderElection12] INFO  impl.LeaderElection (LeaderElection.java:askForVotes(323)) - 4e705eda-d59c-4e65-825a-8cd43ac70c00@group-04D9684641E1-LeaderElection12 ELECTION round 0: result PASSED
2023-06-23 00:37:39,491 [4e705eda-d59c-4e65-825a-8cd43ac70c00@group-04D9684641E1-LeaderElection12] INFO  impl.RoleInfo (RoleInfo.java:shutdownLeaderElection(130)) - 4e705eda-d59c-4e65-825a-8cd43ac70c00: shutdown 4e705eda-d59c-4e65-825a-8cd43ac70c00@group-04D9684641E1-LeaderElection12
2023-06-23 00:37:39,491 [4e705eda-d59c-4e65-825a-8cd43ac70c00@group-04D9684641E1-LeaderElection12] INFO  server.RaftServer$Division (RaftServerImpl.java:setRole(329)) - 4e705eda-d59c-4e65-825a-8cd43ac70c00@group-04D9684641E1: changes role from CANDIDATE to LEADER at term 1 for changeToLeader
2023-06-23 00:37:39,491 [4e705eda-d59c-4e65-825a-8cd43ac70c00@group-04D9684641E1-LeaderElection12] INFO  ratis.XceiverServerRatis (XceiverServerRatis.java:handleLeaderChangedNotification(902)) - Leader change notification received for group: group-04D9684641E1 with new leaderId: 4e705eda-d59c-4e65-825a-8cd43ac70c00
2023-06-23 00:37:39,491 [a135c5de-80e1-4aab-81ec-fcc917b89996@group-221BC075AD82-LeaderElection11] INFO  grpc.GrpcConfigKeys (ConfUtils.java:logGet(46)) - raft.grpc.server.leader.outstanding.appends.max = 128 (default)
2023-06-23 00:37:39,491 [a135c5de-80e1-4aab-81ec-fcc917b89996@group-221BC075AD82-LeaderElection11] INFO  server.RaftServerConfigKeys (ConfUtils.java:logGet(46)) - raft.server.rpc.request.timeout = 60s (custom)
2023-06-23 00:37:39,491 [a135c5de-80e1-4aab-81ec-fcc917b89996@group-221BC075AD82-LeaderElection11] INFO  grpc.GrpcConfigKeys (ConfUtils.java:logGet(46)) - raft.grpc.server.install_snapshot.request.element-limit = 8 (default)
2023-06-23 00:37:39,491 [a135c5de-80e1-4aab-81ec-fcc917b89996@group-221BC075AD82-LeaderElection11] INFO  grpc.GrpcConfigKeys (ConfUtils.java:logGet(46)) - raft.grpc.server.install_snapshot.request.timeout = 3000ms (default)
2023-06-23 00:37:39,491 [a135c5de-80e1-4aab-81ec-fcc917b89996@group-221BC075AD82-LeaderElection11] INFO  server.RaftServerConfigKeys (ConfUtils.java:logGet(46)) - raft.server.log.appender.install.snapshot.enabled = false (custom)
2023-06-23 00:37:39,491 [a135c5de-80e1-4aab-81ec-fcc917b89996@group-221BC075AD82-LeaderElection11] INFO  grpc.GrpcConfigKeys (ConfUtils.java:logGet(46)) - raft.grpc.server.heartbeat.channel = true (default)
2023-06-23 00:37:39,491 [a135c5de-80e1-4aab-81ec-fcc917b89996@group-221BC075AD82-LeaderElection11] INFO  impl.RoleInfo (RoleInfo.java:updateAndGet(139)) - a135c5de-80e1-4aab-81ec-fcc917b89996: start a135c5de-80e1-4aab-81ec-fcc917b89996@group-221BC075AD82-LeaderStateImpl
2023-06-23 00:37:39,492 [a135c5de-80e1-4aab-81ec-fcc917b89996@group-221BC075AD82-LeaderElection11] INFO  segmented.SegmentedRaftLogWorker (SegmentedRaftLogWorker.java:startLogSegment(447)) - a135c5de-80e1-4aab-81ec-fcc917b89996@group-221BC075AD82-SegmentedRaftLogWorker: Starting segment from index:0
2023-06-23 00:37:39,493 [a135c5de-80e1-4aab-81ec-fcc917b89996@group-221BC075AD82-SegmentedRaftLogWorker] INFO  segmented.SegmentedRaftLogWorker (SegmentedRaftLogWorker.java:execute(651)) - a135c5de-80e1-4aab-81ec-fcc917b89996@group-221BC075AD82-SegmentedRaftLogWorker: created new log segment /home/runner/work/ozone/ozone/hadoop-ozone/integration-test/target/test-dir/MiniOzoneClusterImpl-3c3985d8-3248-4f19-a32f-4442bec32466/datanode-4/data/ratis/46c40a94-8571-45b1-a2a4-221bc075ad82/current/log_inprogress_0
2023-06-23 00:37:39,498 [EventQueue-PipelineReportForPipelineReportHandler] INFO  pipeline.PipelineManagerImpl (PipelineManagerImpl.java:openPipeline(367)) - Pipeline Pipeline[ Id: 46c40a94-8571-45b1-a2a4-221bc075ad82, Nodes: 6a1a42da-c2df-4fd1-96ac-c2667a6b2780(fv-az570-151.srgqcr2moziuvm0qev4lajleyh.dx.internal.cloudapp.net/10.1.0.47)a135c5de-80e1-4aab-81ec-fcc917b89996(fv-az570-151.srgqcr2moziuvm0qev4lajleyh.dx.internal.cloudapp.net/10.1.0.47)4e705eda-d59c-4e65-825a-8cd43ac70c00(fv-az570-151.srgqcr2moziuvm0qev4lajleyh.dx.internal.cloudapp.net/10.1.0.47), ReplicationConfig: RATIS/THREE, State:ALLOCATED, leaderId:a135c5de-80e1-4aab-81ec-fcc917b89996, CreationTimestamp2023-06-23T00:37:31.109Z[Etc/UTC]] moved to OPEN state
2023-06-23 00:37:39,506 [c45f7b2b-079b-4ce1-93e8-334248332cec@group-242D44B37E0A-FollowerState] INFO  impl.FollowerState (FollowerState.java:run(143)) - c45f7b2b-079b-4ce1-93e8-334248332cec@group-242D44B37E0A-FollowerState: change to CANDIDATE, lastRpcElapsedTime:5010450315ns, electionTimeout:5010ms
2023-06-23 00:37:39,506 [c45f7b2b-079b-4ce1-93e8-334248332cec@group-242D44B37E0A-FollowerState] INFO  impl.RoleInfo (RoleInfo.java:shutdownFollowerState(110)) - c45f7b2b-079b-4ce1-93e8-334248332cec: shutdown c45f7b2b-079b-4ce1-93e8-334248332cec@group-242D44B37E0A-FollowerState
2023-06-23 00:37:39,506 [c45f7b2b-079b-4ce1-93e8-334248332cec@group-242D44B37E0A-FollowerState] INFO  server.RaftServer$Division (RaftServerImpl.java:setRole(329)) - c45f7b2b-079b-4ce1-93e8-334248332cec@group-242D44B37E0A: changes role from  FOLLOWER to CANDIDATE at term 0 for changeToCandidate
2023-06-23 00:37:39,507 [c45f7b2b-079b-4ce1-93e8-334248332cec@group-242D44B37E0A-FollowerState] INFO  server.RaftServerConfigKeys (ConfUtils.java:logGet(46)) - raft.server.leaderelection.pre-vote = true (default)
2023-06-23 00:37:39,507 [c45f7b2b-079b-4ce1-93e8-334248332cec@group-242D44B37E0A-FollowerState] INFO  impl.RoleInfo (RoleInfo.java:updateAndGet(139)) - c45f7b2b-079b-4ce1-93e8-334248332cec: start c45f7b2b-079b-4ce1-93e8-334248332cec@group-242D44B37E0A-LeaderElection16
2023-06-23 00:37:39,507 [grpc-default-executor-1] INFO  server.RaftServer$Division (RaftServerImpl.java:requestVote(1335)) - a135c5de-80e1-4aab-81ec-fcc917b89996@group-04D9684641E1 replies to ELECTION vote request: 4e705eda-d59c-4e65-825a-8cd43ac70c00<-a135c5de-80e1-4aab-81ec-fcc917b89996#0:OK-t1. Peer's state: a135c5de-80e1-4aab-81ec-fcc917b89996@group-04D9684641E1:t1, leader=null, voted=4e705eda-d59c-4e65-825a-8cd43ac70c00, raftlog=Memoized:a135c5de-80e1-4aab-81ec-fcc917b89996@group-04D9684641E1-SegmentedRaftLog:OPENED:c-1, conf=-1: peers:[a135c5de-80e1-4aab-81ec-fcc917b89996|rpc:10.1.0.47:15050|admin:10.1.0.47:15049|client:10.1.0.47:15048|dataStream:10.1.0.47:15051|priority:0|startupRole:FOLLOWER, 6a1a42da-c2df-4fd1-96ac-c2667a6b2780|rpc:10.1.0.47:15059|admin:10.1.0.47:15058|client:10.1.0.47:15057|dataStream:10.1.0.47:15060|priority:0|startupRole:FOLLOWER, 4e705eda-d59c-4e65-825a-8cd43ac70c00|rpc:10.1.0.47:15041|admin:10.1.0.47:15040|client:10.1.0.47:15039|dataStream:10.1.0.47:15042|priority:1|startupRole:FOLLOWER]|listeners:[], old=null
2023-06-23 00:37:39,514 [4e705eda-d59c-4e65-825a-8cd43ac70c00@group-04D9684641E1-LeaderElection12] INFO  server.RaftServer$Division (ServerState.java:setLeader(317)) - 4e705eda-d59c-4e65-825a-8cd43ac70c00@group-04D9684641E1: change Leader from null to 4e705eda-d59c-4e65-825a-8cd43ac70c00 at term 1 for becomeLeader, leader elected after 5302ms
2023-06-23 00:37:39,514 [4e705eda-d59c-4e65-825a-8cd43ac70c00@group-04D9684641E1-LeaderElection12] INFO  server.RaftServerConfigKeys (ConfUtils.java:logGet(46)) - raft.server.staging.catchup.gap = 1000 (default)
2023-06-23 00:37:39,514 [4e705eda-d59c-4e65-825a-8cd43ac70c00@group-04D9684641E1-LeaderElection12] INFO  server.RaftServerConfigKeys (ConfUtils.java:logGet(46)) - raft.server.write.element-limit = 1024 (custom)
2023-06-23 00:37:39,514 [4e705eda-d59c-4e65-825a-8cd43ac70c00@group-04D9684641E1-LeaderElection12] INFO  server.RaftServerConfigKeys (ConfUtils.java:logGet(46)) - raft.server.write.byte-limit = 1024 M (=1073741824) (custom)
2023-06-23 00:37:39,514 [4e705eda-d59c-4e65-825a-8cd43ac70c00@group-04D9684641E1-LeaderElection12] INFO  server.RaftServerConfigKeys (ConfUtils.java:logGet(46)) - raft.server.watch.timeout = 180s (custom)
2023-06-23 00:37:39,514 [4e705eda-d59c-4e65-825a-8cd43ac70c00@group-04D9684641E1-LeaderElection12] INFO  server.RaftServerConfigKeys (ConfUtils.java:logGet(46)) - raft.server.watch.timeout.denomination = 1s (default)
2023-06-23 00:37:39,514 [4e705eda-d59c-4e65-825a-8cd43ac70c00@group-04D9684641E1-LeaderElection12] INFO  server.RaftServerConfigKeys (ConfUtils.java:logGet(46)) - raft.server.watch.element-limit = 65536 (default)
2023-06-23 00:37:39,514 [4e705eda-d59c-4e65-825a-8cd43ac70c00@group-04D9684641E1-LeaderElection12] INFO  server.RaftServerConfigKeys (ConfUtils.java:logGet(46)) - raft.server.write.element-limit = 1024 (custom)
2023-06-23 00:37:39,514 [4e705eda-d59c-4e65-825a-8cd43ac70c00@group-04D9684641E1-LeaderElection12] INFO  server.RaftServerConfigKeys (ConfUtils.java:logGet(46)) - raft.server.write.follower.gap.ratio.max = -1.0 (default)
2023-06-23 00:37:39,515 [4e705eda-d59c-4e65-825a-8cd43ac70c00@group-04D9684641E1-LeaderElection12] INFO  server.RaftServerConfigKeys (ConfUtils.java:logGet(46)) - raft.server.log.appender.snapshot.chunk.size.max = 16MB (=16777216) (default)
2023-06-23 00:37:39,515 [4e705eda-d59c-4e65-825a-8cd43ac70c00@group-04D9684641E1-LeaderElection12] INFO  server.RaftServerConfigKeys (ConfUtils.java:logGet(46)) - raft.server.log.appender.buffer.byte-limit = 33554432 (custom)
2023-06-23 00:37:39,515 [4e705eda-d59c-4e65-825a-8cd43ac70c00@group-04D9684641E1-LeaderElection12] INFO  server.RaftServerConfigKeys (ConfUtils.java:logGet(46)) - raft.server.log.appender.buffer.element-limit = 1 (custom)
2023-06-23 00:37:39,515 [4e705eda-d59c-4e65-825a-8cd43ac70c00@group-04D9684641E1-LeaderElection12] INFO  server.RaftServerConfigKeys (ConfUtils.java:logGet(46)) - raft.server.log.appender.wait-time.min = 10ms (default)
2023-06-23 00:37:39,515 [4e705eda-d59c-4e65-825a-8cd43ac70c00@group-04D9684641E1-LeaderElection12] INFO  grpc.GrpcConfigKeys (ConfUtils.java:logGet(46)) - raft.grpc.server.leader.outstanding.appends.max = 128 (default)
2023-06-23 00:37:39,515 [4e705eda-d59c-4e65-825a-8cd43ac70c00@group-04D9684641E1-LeaderElection12] INFO  server.RaftServerConfigKeys (ConfUtils.java:logGet(46)) - raft.server.rpc.request.timeout = 60s (custom)
2023-06-23 00:37:39,515 [4e705eda-d59c-4e65-825a-8cd43ac70c00@group-04D9684641E1-LeaderElection12] INFO  grpc.GrpcConfigKeys (ConfUtils.java:logGet(46)) - raft.grpc.server.install_snapshot.request.element-limit = 8 (default)
2023-06-23 00:37:39,515 [4e705eda-d59c-4e65-825a-8cd43ac70c00@group-04D9684641E1-LeaderElection12] INFO  grpc.GrpcConfigKeys (ConfUtils.java:logGet(46)) - raft.grpc.server.install_snapshot.request.timeout = 3000ms (default)
2023-06-23 00:37:39,515 [4e705eda-d59c-4e65-825a-8cd43ac70c00@group-04D9684641E1-LeaderElection12] INFO  server.RaftServerConfigKeys (ConfUtils.java:logGet(46)) - raft.server.log.appender.install.snapshot.enabled = false (custom)
2023-06-23 00:37:39,515 [4e705eda-d59c-4e65-825a-8cd43ac70c00@group-04D9684641E1-LeaderElection12] INFO  grpc.GrpcConfigKeys (ConfUtils.java:logGet(46)) - raft.grpc.server.heartbeat.channel = true (default)
2023-06-23 00:37:39,516 [4e705eda-d59c-4e65-825a-8cd43ac70c00@group-04D9684641E1-LeaderElection12] INFO  server.RaftServerConfigKeys (ConfUtils.java:logGet(46)) - raft.server.log.appender.snapshot.chunk.size.max = 16MB (=16777216) (default)
2023-06-23 00:37:39,516 [4e705eda-d59c-4e65-825a-8cd43ac70c00@group-04D9684641E1-LeaderElection12] INFO  server.RaftServerConfigKeys (ConfUtils.java:logGet(46)) - raft.server.log.appender.buffer.byte-limit = 33554432 (custom)
2023-06-23 00:37:39,516 [4e705eda-d59c-4e65-825a-8cd43ac70c00@group-04D9684641E1-LeaderElection12] INFO  server.RaftServerConfigKeys (ConfUtils.java:logGet(46)) - raft.server.log.appender.buffer.element-limit = 1 (custom)
2023-06-23 00:37:39,516 [4e705eda-d59c-4e65-825a-8cd43ac70c00@group-04D9684641E1-LeaderElection12] INFO  server.RaftServerConfigKeys (ConfUtils.java:logGet(46)) - raft.server.log.appender.wait-time.min = 10ms (default)
2023-06-23 00:37:39,516 [4e705eda-d59c-4e65-825a-8cd43ac70c00@group-04D9684641E1-LeaderElection12] INFO  grpc.GrpcConfigKeys (ConfUtils.java:logGet(46)) - raft.grpc.server.leader.outstanding.appends.max = 128 (default)
2023-06-23 00:37:39,516 [4e705eda-d59c-4e65-825a-8cd43ac70c00@group-04D9684641E1-LeaderElection12] INFO  server.RaftServerConfigKeys (ConfUtils.java:logGet(46)) - raft.server.rpc.request.timeout = 60s (custom)
2023-06-23 00:37:39,516 [4e705eda-d59c-4e65-825a-8cd43ac70c00@group-04D9684641E1-LeaderElection12] INFO  grpc.GrpcConfigKeys (ConfUtils.java:logGet(46)) - raft.grpc.server.install_snapshot.request.element-limit = 8 (default)
2023-06-23 00:37:39,516 [4e705eda-d59c-4e65-825a-8cd43ac70c00@group-04D9684641E1-LeaderElection12] INFO  grpc.GrpcConfigKeys (ConfUtils.java:logGet(46)) - raft.grpc.server.install_snapshot.request.timeout = 3000ms (default)
2023-06-23 00:37:39,516 [4e705eda-d59c-4e65-825a-8cd43ac70c00@group-04D9684641E1-LeaderElection12] INFO  server.RaftServerConfigKeys (ConfUtils.java:logGet(46)) - raft.server.log.appender.install.snapshot.enabled = false (custom)
2023-06-23 00:37:39,516 [4e705eda-d59c-4e65-825a-8cd43ac70c00@group-04D9684641E1-LeaderElection12] INFO  grpc.GrpcConfigKeys (ConfUtils.java:logGet(46)) - raft.grpc.server.heartbeat.channel = true (default)
2023-06-23 00:37:39,517 [4e705eda-d59c-4e65-825a-8cd43ac70c00@group-04D9684641E1-LeaderElection12] INFO  impl.RoleInfo (RoleInfo.java:updateAndGet(139)) - 4e705eda-d59c-4e65-825a-8cd43ac70c00: start 4e705eda-d59c-4e65-825a-8cd43ac70c00@group-04D9684641E1-LeaderStateImpl
2023-06-23 00:37:39,517 [4e705eda-d59c-4e65-825a-8cd43ac70c00@group-04D9684641E1-LeaderElection12] INFO  segmented.SegmentedRaftLogWorker (SegmentedRaftLogWorker.java:startLogSegment(447)) - 4e705eda-d59c-4e65-825a-8cd43ac70c00@group-04D9684641E1-SegmentedRaftLogWorker: Starting segment from index:0
2023-06-23 00:37:39,518 [a135c5de-80e1-4aab-81ec-fcc917b89996@group-221BC075AD82-LeaderElection11] INFO  server.RaftServer$Division (ServerState.java:setRaftConf(434)) - a135c5de-80e1-4aab-81ec-fcc917b89996@group-221BC075AD82: set configuration 0: peers:[a135c5de-80e1-4aab-81ec-fcc917b89996|rpc:10.1.0.47:15050|admin:10.1.0.47:15049|client:10.1.0.47:15048|dataStream:10.1.0.47:15051|priority:1|startupRole:FOLLOWER, 6a1a42da-c2df-4fd1-96ac-c2667a6b2780|rpc:10.1.0.47:15059|admin:10.1.0.47:15058|client:10.1.0.47:15057|dataStream:10.1.0.47:15060|priority:0|startupRole:FOLLOWER, 4e705eda-d59c-4e65-825a-8cd43ac70c00|rpc:10.1.0.47:15041|admin:10.1.0.47:15040|client:10.1.0.47:15039|dataStream:10.1.0.47:15042|priority:0|startupRole:FOLLOWER]|listeners:[], old=null
2023-06-23 00:37:39,518 [EventQueue-PipelineReportForPipelineReportHandler] INFO  pipeline.PipelineManagerImpl (PipelineManagerImpl.java:openPipeline(367)) - Pipeline Pipeline[ Id: deb4cad3-4441-494f-95e5-04d9684641e1, Nodes: a135c5de-80e1-4aab-81ec-fcc917b89996(fv-az570-151.srgqcr2moziuvm0qev4lajleyh.dx.internal.cloudapp.net/10.1.0.47)6a1a42da-c2df-4fd1-96ac-c2667a6b2780(fv-az570-151.srgqcr2moziuvm0qev4lajleyh.dx.internal.cloudapp.net/10.1.0.47)4e705eda-d59c-4e65-825a-8cd43ac70c00(fv-az570-151.srgqcr2moziuvm0qev4lajleyh.dx.internal.cloudapp.net/10.1.0.47), ReplicationConfig: RATIS/THREE, State:ALLOCATED, leaderId:4e705eda-d59c-4e65-825a-8cd43ac70c00, CreationTimestamp2023-06-23T00:37:31.111Z[Etc/UTC]] moved to OPEN state
2023-06-23 00:37:39,519 [4e705eda-d59c-4e65-825a-8cd43ac70c00@group-04D9684641E1-SegmentedRaftLogWorker] INFO  segmented.SegmentedRaftLogWorker (SegmentedRaftLogWorker.java:execute(651)) - 4e705eda-d59c-4e65-825a-8cd43ac70c00@group-04D9684641E1-SegmentedRaftLogWorker: created new log segment /home/runner/work/ozone/ozone/hadoop-ozone/integration-test/target/test-dir/MiniOzoneClusterImpl-3c3985d8-3248-4f19-a32f-4442bec32466/datanode-3/data/ratis/deb4cad3-4441-494f-95e5-04d9684641e1/current/log_inprogress_0
2023-06-23 00:37:39,536 [4e705eda-d59c-4e65-825a-8cd43ac70c00@group-04D9684641E1-LeaderElection12] INFO  server.RaftServer$Division (ServerState.java:setRaftConf(434)) - 4e705eda-d59c-4e65-825a-8cd43ac70c00@group-04D9684641E1: set configuration 0: peers:[a135c5de-80e1-4aab-81ec-fcc917b89996|rpc:10.1.0.47:15050|admin:10.1.0.47:15049|client:10.1.0.47:15048|dataStream:10.1.0.47:15051|priority:0|startupRole:FOLLOWER, 6a1a42da-c2df-4fd1-96ac-c2667a6b2780|rpc:10.1.0.47:15059|admin:10.1.0.47:15058|client:10.1.0.47:15057|dataStream:10.1.0.47:15060|priority:0|startupRole:FOLLOWER, 4e705eda-d59c-4e65-825a-8cd43ac70c00|rpc:10.1.0.47:15041|admin:10.1.0.47:15040|client:10.1.0.47:15039|dataStream:10.1.0.47:15042|priority:1|startupRole:FOLLOWER]|listeners:[], old=null
2023-06-23 00:37:39,539 [c45f7b2b-079b-4ce1-93e8-334248332cec@group-242D44B37E0A-LeaderElection16] INFO  impl.LeaderElection (LeaderElection.java:askForVotes(321)) - c45f7b2b-079b-4ce1-93e8-334248332cec@group-242D44B37E0A-LeaderElection16 PRE_VOTE round 0: submit vote requests at term 0 for -1: peers:[c45f7b2b-079b-4ce1-93e8-334248332cec|rpc:10.1.0.47:15068|admin:10.1.0.47:15067|client:10.1.0.47:15066|dataStream:10.1.0.47:15069|priority:1|startupRole:FOLLOWER]|listeners:[], old=null
2023-06-23 00:37:39,539 [c45f7b2b-079b-4ce1-93e8-334248332cec@group-242D44B37E0A-LeaderElection16] INFO  impl.LeaderElection (LeaderElection.java:askForVotes(323)) - c45f7b2b-079b-4ce1-93e8-334248332cec@group-242D44B37E0A-LeaderElection16 PRE_VOTE round 0: result PASSED (term=0)
2023-06-23 00:37:39,545 [6a1a42da-c2df-4fd1-96ac-c2667a6b2780-server-thread1] INFO  ratis.XceiverServerRatis (XceiverServerRatis.java:handleLeaderChangedNotification(902)) - Leader change notification received for group: group-221BC075AD82 with new leaderId: a135c5de-80e1-4aab-81ec-fcc917b89996
2023-06-23 00:37:39,545 [6a1a42da-c2df-4fd1-96ac-c2667a6b2780-server-thread1] INFO  server.RaftServer$Division (ServerState.java:setLeader(317)) - 6a1a42da-c2df-4fd1-96ac-c2667a6b2780@group-221BC075AD82: change Leader from null to a135c5de-80e1-4aab-81ec-fcc917b89996 at term 1 for appendEntries, leader elected after 5516ms
2023-06-23 00:37:39,551 [c45f7b2b-079b-4ce1-93e8-334248332cec@group-242D44B37E0A-LeaderElection16] INFO  impl.LeaderElection (LeaderElection.java:askForVotes(321)) - c45f7b2b-079b-4ce1-93e8-334248332cec@group-242D44B37E0A-LeaderElection16 ELECTION round 0: submit vote requests at term 1 for -1: peers:[c45f7b2b-079b-4ce1-93e8-334248332cec|rpc:10.1.0.47:15068|admin:10.1.0.47:15067|client:10.1.0.47:15066|dataStream:10.1.0.47:15069|priority:1|startupRole:FOLLOWER]|listeners:[], old=null
2023-06-23 00:37:39,551 [c45f7b2b-079b-4ce1-93e8-334248332cec@group-242D44B37E0A-LeaderElection16] INFO  impl.LeaderElection (LeaderElection.java:askForVotes(323)) - c45f7b2b-079b-4ce1-93e8-334248332cec@group-242D44B37E0A-LeaderElection16 ELECTION round 0: result PASSED (term=1)
2023-06-23 00:37:39,551 [c45f7b2b-079b-4ce1-93e8-334248332cec@group-242D44B37E0A-LeaderElection16] INFO  impl.RoleInfo (RoleInfo.java:shutdownLeaderElection(130)) - c45f7b2b-079b-4ce1-93e8-334248332cec: shutdown c45f7b2b-079b-4ce1-93e8-334248332cec@group-242D44B37E0A-LeaderElection16
2023-06-23 00:37:39,551 [c45f7b2b-079b-4ce1-93e8-334248332cec@group-242D44B37E0A-LeaderElection16] INFO  server.RaftServer$Division (RaftServerImpl.java:setRole(329)) - c45f7b2b-079b-4ce1-93e8-334248332cec@group-242D44B37E0A: changes role from CANDIDATE to LEADER at term 1 for changeToLeader
2023-06-23 00:37:39,551 [c45f7b2b-079b-4ce1-93e8-334248332cec@group-242D44B37E0A-LeaderElection16] INFO  ratis.XceiverServerRatis (XceiverServerRatis.java:handleLeaderChangedNotification(902)) - Leader change notification received for group: group-242D44B37E0A with new leaderId: c45f7b2b-079b-4ce1-93e8-334248332cec
2023-06-23 00:37:39,551 [c45f7b2b-079b-4ce1-93e8-334248332cec@group-242D44B37E0A-LeaderElection16] INFO  server.RaftServer$Division (ServerState.java:setLeader(317)) - c45f7b2b-079b-4ce1-93e8-334248332cec@group-242D44B37E0A: change Leader from null to c45f7b2b-079b-4ce1-93e8-334248332cec at term 1 for becomeLeader, leader elected after 5074ms
2023-06-23 00:37:39,551 [c45f7b2b-079b-4ce1-93e8-334248332cec@group-242D44B37E0A-LeaderElection16] INFO  server.RaftServerConfigKeys (ConfUtils.java:logGet(46)) - raft.server.staging.catchup.gap = 1000 (default)
2023-06-23 00:37:39,551 [c45f7b2b-079b-4ce1-93e8-334248332cec@group-242D44B37E0A-LeaderElection16] INFO  server.RaftServerConfigKeys (ConfUtils.java:logGet(46)) - raft.server.write.element-limit = 1024 (custom)
2023-06-23 00:37:39,551 [c45f7b2b-079b-4ce1-93e8-334248332cec@group-242D44B37E0A-LeaderElection16] INFO  server.RaftServerConfigKeys (ConfUtils.java:logGet(46)) - raft.server.write.byte-limit = 1024 M (=1073741824) (custom)
2023-06-23 00:37:39,557 [4e705eda-d59c-4e65-825a-8cd43ac70c00-server-thread1] INFO  ratis.XceiverServerRatis (XceiverServerRatis.java:handleLeaderChangedNotification(902)) - Leader change notification received for group: group-221BC075AD82 with new leaderId: a135c5de-80e1-4aab-81ec-fcc917b89996
2023-06-23 00:37:39,557 [4e705eda-d59c-4e65-825a-8cd43ac70c00-server-thread1] INFO  server.RaftServer$Division (ServerState.java:setLeader(317)) - 4e705eda-d59c-4e65-825a-8cd43ac70c00@group-221BC075AD82: change Leader from null to a135c5de-80e1-4aab-81ec-fcc917b89996 at term 1 for appendEntries, leader elected after 5626ms
2023-06-23 00:37:39,559 [6a1a42da-c2df-4fd1-96ac-c2667a6b2780-server-thread1] INFO  ratis.XceiverServerRatis (XceiverServerRatis.java:handleLeaderChangedNotification(902)) - Leader change notification received for group: group-04D9684641E1 with new leaderId: 4e705eda-d59c-4e65-825a-8cd43ac70c00
2023-06-23 00:37:39,559 [6a1a42da-c2df-4fd1-96ac-c2667a6b2780-server-thread1] INFO  server.RaftServer$Division (ServerState.java:setLeader(317)) - 6a1a42da-c2df-4fd1-96ac-c2667a6b2780@group-04D9684641E1: change Leader from null to 4e705eda-d59c-4e65-825a-8cd43ac70c00 at term 1 for appendEntries, leader elected after 5396ms
2023-06-23 00:37:39,560 [c45f7b2b-079b-4ce1-93e8-334248332cec@group-242D44B37E0A-LeaderElection16] INFO  server.RaftServerConfigKeys (ConfUtils.java:logGet(46)) - raft.server.watch.timeout = 180s (custom)
2023-06-23 00:37:39,560 [c45f7b2b-079b-4ce1-93e8-334248332cec@group-242D44B37E0A-LeaderElection16] INFO  server.RaftServerConfigKeys (ConfUtils.java:logGet(46)) - raft.server.watch.timeout.denomination = 1s (default)
2023-06-23 00:37:39,560 [c45f7b2b-079b-4ce1-93e8-334248332cec@group-242D44B37E0A-LeaderElection16] INFO  server.RaftServerConfigKeys (ConfUtils.java:logGet(46)) - raft.server.watch.element-limit = 65536 (default)
2023-06-23 00:37:39,560 [c45f7b2b-079b-4ce1-93e8-334248332cec@group-242D44B37E0A-LeaderElection16] INFO  server.RaftServerConfigKeys (ConfUtils.java:logGet(46)) - raft.server.write.element-limit = 1024 (custom)
2023-06-23 00:37:39,560 [c45f7b2b-079b-4ce1-93e8-334248332cec@group-242D44B37E0A-LeaderElection16] INFO  server.RaftServerConfigKeys (ConfUtils.java:logGet(46)) - raft.server.write.follower.gap.ratio.max = -1.0 (default)
2023-06-23 00:37:39,560 [c45f7b2b-079b-4ce1-93e8-334248332cec@group-242D44B37E0A-LeaderElection16] INFO  impl.RoleInfo (RoleInfo.java:updateAndGet(139)) - c45f7b2b-079b-4ce1-93e8-334248332cec: start c45f7b2b-079b-4ce1-93e8-334248332cec@group-242D44B37E0A-LeaderStateImpl
2023-06-23 00:37:39,560 [c45f7b2b-079b-4ce1-93e8-334248332cec@group-242D44B37E0A-LeaderElection16] INFO  segmented.SegmentedRaftLogWorker (SegmentedRaftLogWorker.java:startLogSegment(447)) - c45f7b2b-079b-4ce1-93e8-334248332cec@group-242D44B37E0A-SegmentedRaftLogWorker: Starting segment from index:0
2023-06-23 00:37:39,568 [c45f7b2b-079b-4ce1-93e8-334248332cec@group-6B7FBD454E14-FollowerState] INFO  impl.FollowerState (FollowerState.java:run(143)) - c45f7b2b-079b-4ce1-93e8-334248332cec@group-6B7FBD454E14-FollowerState: change to CANDIDATE, lastRpcElapsedTime:5026532932ns, electionTimeout:5025ms
2023-06-23 00:37:39,568 [c45f7b2b-079b-4ce1-93e8-334248332cec@group-6B7FBD454E14-FollowerState] INFO  impl.RoleInfo (RoleInfo.java:shutdownFollowerState(110)) - c45f7b2b-079b-4ce1-93e8-334248332cec: shutdown c45f7b2b-079b-4ce1-93e8-334248332cec@group-6B7FBD454E14-FollowerState
2023-06-23 00:37:39,568 [c45f7b2b-079b-4ce1-93e8-334248332cec@group-6B7FBD454E14-FollowerState] INFO  server.RaftServer$Division (RaftServerImpl.java:setRole(329)) - c45f7b2b-079b-4ce1-93e8-334248332cec@group-6B7FBD454E14: changes role from  FOLLOWER to CANDIDATE at term 0 for changeToCandidate
2023-06-23 00:37:39,568 [c45f7b2b-079b-4ce1-93e8-334248332cec@group-6B7FBD454E14-FollowerState] INFO  server.RaftServerConfigKeys (ConfUtils.java:logGet(46)) - raft.server.leaderelection.pre-vote = true (default)
2023-06-23 00:37:39,568 [c45f7b2b-079b-4ce1-93e8-334248332cec@group-6B7FBD454E14-FollowerState] INFO  impl.RoleInfo (RoleInfo.java:updateAndGet(139)) - c45f7b2b-079b-4ce1-93e8-334248332cec: start c45f7b2b-079b-4ce1-93e8-334248332cec@group-6B7FBD454E14-LeaderElection17
2023-06-23 00:37:39,568 [6a1a42da-c2df-4fd1-96ac-c2667a6b2780-server-thread1] INFO  server.RaftServer$Division (ServerState.java:setRaftConf(434)) - 6a1a42da-c2df-4fd1-96ac-c2667a6b2780@group-221BC075AD82: set configuration 0: peers:[a135c5de-80e1-4aab-81ec-fcc917b89996|rpc:10.1.0.47:15050|admin:10.1.0.47:15049|client:10.1.0.47:15048|dataStream:10.1.0.47:15051|priority:1|startupRole:FOLLOWER, 6a1a42da-c2df-4fd1-96ac-c2667a6b2780|rpc:10.1.0.47:15059|admin:10.1.0.47:15058|client:10.1.0.47:15057|dataStream:10.1.0.47:15060|priority:0|startupRole:FOLLOWER, 4e705eda-d59c-4e65-825a-8cd43ac70c00|rpc:10.1.0.47:15041|admin:10.1.0.47:15040|client:10.1.0.47:15039|dataStream:10.1.0.47:15042|priority:0|startupRole:FOLLOWER]|listeners:[], old=null
2023-06-23 00:37:39,568 [6a1a42da-c2df-4fd1-96ac-c2667a6b2780-server-thread1] INFO  segmented.SegmentedRaftLogWorker (SegmentedRaftLogWorker.java:startLogSegment(447)) - 6a1a42da-c2df-4fd1-96ac-c2667a6b2780@group-221BC075AD82-SegmentedRaftLogWorker: Starting segment from index:0
2023-06-23 00:37:39,572 [c45f7b2b-079b-4ce1-93e8-334248332cec@group-242D44B37E0A-SegmentedRaftLogWorker] INFO  segmented.SegmentedRaftLogWorker (SegmentedRaftLogWorker.java:execute(651)) - c45f7b2b-079b-4ce1-93e8-334248332cec@group-242D44B37E0A-SegmentedRaftLogWorker: created new log segment /home/runner/work/ozone/ozone/hadoop-ozone/integration-test/target/test-dir/MiniOzoneClusterImpl-3c3985d8-3248-4f19-a32f-4442bec32466/datanode-6/data/ratis/983534e4-f3bd-4b6d-83b2-242d44b37e0a/current/log_inprogress_0
2023-06-23 00:37:39,579 [c45f7b2b-079b-4ce1-93e8-334248332cec@group-6B7FBD454E14-LeaderElection17] INFO  impl.LeaderElection (LeaderElection.java:askForVotes(321)) - c45f7b2b-079b-4ce1-93e8-334248332cec@group-6B7FBD454E14-LeaderElection17 PRE_VOTE round 0: submit vote requests at term 0 for -1: peers:[c45f7b2b-079b-4ce1-93e8-334248332cec|rpc:10.1.0.47:15068|admin:10.1.0.47:15067|client:10.1.0.47:15066|dataStream:10.1.0.47:15069|priority:1|startupRole:FOLLOWER, cdb7ea93-9969-4a2d-8fff-2d6ab6bce964|rpc:10.1.0.47:15077|admin:10.1.0.47:15076|client:10.1.0.47:15075|dataStream:10.1.0.47:15078|priority:0|startupRole:FOLLOWER, f07173a4-652e-46dc-b7ae-8cd05d01b793|rpc:10.1.0.47:15086|admin:10.1.0.47:15085|client:10.1.0.47:15084|dataStream:10.1.0.47:15087|priority:0|startupRole:FOLLOWER]|listeners:[], old=null
2023-06-23 00:37:39,579 [c45f7b2b-079b-4ce1-93e8-334248332cec@group-6B7FBD454E14-LeaderElection17-1] INFO  server.GrpcServerProtocolClient (GrpcServerProtocolClient.java:<init>(65)) - Build channel for cdb7ea93-9969-4a2d-8fff-2d6ab6bce964
2023-06-23 00:37:39,579 [6a1a42da-c2df-4fd1-96ac-c2667a6b2780-server-thread1] INFO  server.RaftServer$Division (ServerState.java:setRaftConf(434)) - 6a1a42da-c2df-4fd1-96ac-c2667a6b2780@group-04D9684641E1: set configuration 0: peers:[a135c5de-80e1-4aab-81ec-fcc917b89996|rpc:10.1.0.47:15050|admin:10.1.0.47:15049|client:10.1.0.47:15048|dataStream:10.1.0.47:15051|priority:0|startupRole:FOLLOWER, 6a1a42da-c2df-4fd1-96ac-c2667a6b2780|rpc:10.1.0.47:15059|admin:10.1.0.47:15058|client:10.1.0.47:15057|dataStream:10.1.0.47:15060|priority:0|startupRole:FOLLOWER, 4e705eda-d59c-4e65-825a-8cd43ac70c00|rpc:10.1.0.47:15041|admin:10.1.0.47:15040|client:10.1.0.47:15039|dataStream:10.1.0.47:15042|priority:1|startupRole:FOLLOWER]|listeners:[], old=null
2023-06-23 00:37:39,580 [c45f7b2b-079b-4ce1-93e8-334248332cec@group-6B7FBD454E14-LeaderElection17] INFO  server.RaftServerConfigKeys (ConfUtils.java:logFallback(53)) - raft.server.rpc.first-election.timeout.min = 5s (fallback to raft.server.rpc.timeout.min)
2023-06-23 00:37:39,580 [c45f7b2b-079b-4ce1-93e8-334248332cec@group-6B7FBD454E14-LeaderElection17] INFO  server.RaftServerConfigKeys (ConfUtils.java:logFallback(53)) - raft.server.rpc.first-election.timeout.max = 5200ms (fallback to raft.server.rpc.timeout.max)
2023-06-23 00:37:39,580 [6a1a42da-c2df-4fd1-96ac-c2667a6b2780-server-thread1] INFO  segmented.SegmentedRaftLogWorker (SegmentedRaftLogWorker.java:startLogSegment(447)) - 6a1a42da-c2df-4fd1-96ac-c2667a6b2780@group-04D9684641E1-SegmentedRaftLogWorker: Starting segment from index:0
2023-06-23 00:37:39,580 [c45f7b2b-079b-4ce1-93e8-334248332cec@group-6B7FBD454E14-LeaderElection17-2] INFO  server.GrpcServerProtocolClient (GrpcServerProtocolClient.java:<init>(65)) - Build channel for f07173a4-652e-46dc-b7ae-8cd05d01b793
2023-06-23 00:37:39,587 [c45f7b2b-079b-4ce1-93e8-334248332cec@group-242D44B37E0A-LeaderElection16] INFO  server.RaftServer$Division (ServerState.java:setRaftConf(434)) - c45f7b2b-079b-4ce1-93e8-334248332cec@group-242D44B37E0A: set configuration 0: peers:[c45f7b2b-079b-4ce1-93e8-334248332cec|rpc:10.1.0.47:15068|admin:10.1.0.47:15067|client:10.1.0.47:15066|dataStream:10.1.0.47:15069|priority:1|startupRole:FOLLOWER]|listeners:[], old=null
2023-06-23 00:37:39,588 [6a1a42da-c2df-4fd1-96ac-c2667a6b2780@group-04D9684641E1-SegmentedRaftLogWorker] INFO  segmented.SegmentedRaftLogWorker (SegmentedRaftLogWorker.java:execute(651)) - 6a1a42da-c2df-4fd1-96ac-c2667a6b2780@group-04D9684641E1-SegmentedRaftLogWorker: created new log segment /home/runner/work/ozone/ozone/hadoop-ozone/integration-test/target/test-dir/MiniOzoneClusterImpl-3c3985d8-3248-4f19-a32f-4442bec32466/datanode-5/data/ratis/deb4cad3-4441-494f-95e5-04d9684641e1/current/log_inprogress_0
2023-06-23 00:37:39,607 [4e705eda-d59c-4e65-825a-8cd43ac70c00-server-thread3] INFO  server.RaftServer$Division (ServerState.java:setRaftConf(434)) - 4e705eda-d59c-4e65-825a-8cd43ac70c00@group-221BC075AD82: set configuration 0: peers:[a135c5de-80e1-4aab-81ec-fcc917b89996|rpc:10.1.0.47:15050|admin:10.1.0.47:15049|client:10.1.0.47:15048|dataStream:10.1.0.47:15051|priority:1|startupRole:FOLLOWER, 6a1a42da-c2df-4fd1-96ac-c2667a6b2780|rpc:10.1.0.47:15059|admin:10.1.0.47:15058|client:10.1.0.47:15057|dataStream:10.1.0.47:15060|priority:0|startupRole:FOLLOWER, 4e705eda-d59c-4e65-825a-8cd43ac70c00|rpc:10.1.0.47:15041|admin:10.1.0.47:15040|client:10.1.0.47:15039|dataStream:10.1.0.47:15042|priority:0|startupRole:FOLLOWER]|listeners:[], old=null
2023-06-23 00:37:39,607 [4e705eda-d59c-4e65-825a-8cd43ac70c00-server-thread3] INFO  segmented.SegmentedRaftLogWorker (SegmentedRaftLogWorker.java:startLogSegment(447)) - 4e705eda-d59c-4e65-825a-8cd43ac70c00@group-221BC075AD82-SegmentedRaftLogWorker: Starting segment from index:0
2023-06-23 00:37:39,609 [a135c5de-80e1-4aab-81ec-fcc917b89996-server-thread1] INFO  ratis.XceiverServerRatis (XceiverServerRatis.java:handleLeaderChangedNotification(902)) - Leader change notification received for group: group-04D9684641E1 with new leaderId: 4e705eda-d59c-4e65-825a-8cd43ac70c00
2023-06-23 00:37:39,609 [a135c5de-80e1-4aab-81ec-fcc917b89996-server-thread1] INFO  server.RaftServer$Division (ServerState.java:setLeader(317)) - a135c5de-80e1-4aab-81ec-fcc917b89996@group-04D9684641E1: change Leader from null to 4e705eda-d59c-4e65-825a-8cd43ac70c00 at term 1 for appendEntries, leader elected after 5516ms
2023-06-23 00:37:39,612 [6a1a42da-c2df-4fd1-96ac-c2667a6b2780@group-221BC075AD82-SegmentedRaftLogWorker] INFO  segmented.SegmentedRaftLogWorker (SegmentedRaftLogWorker.java:execute(651)) - 6a1a42da-c2df-4fd1-96ac-c2667a6b2780@group-221BC075AD82-SegmentedRaftLogWorker: created new log segment /home/runner/work/ozone/ozone/hadoop-ozone/integration-test/target/test-dir/MiniOzoneClusterImpl-3c3985d8-3248-4f19-a32f-4442bec32466/datanode-5/data/ratis/46c40a94-8571-45b1-a2a4-221bc075ad82/current/log_inprogress_0
2023-06-23 00:37:39,613 [grpc-default-executor-7] INFO  server.RaftServer$Division (RaftServerImpl.java:requestVote(1302)) - cdb7ea93-9969-4a2d-8fff-2d6ab6bce964@group-6B7FBD454E14: receive requestVote(PRE_VOTE, c45f7b2b-079b-4ce1-93e8-334248332cec, group-6B7FBD454E14, 0, (t:0, i:0))
2023-06-23 00:37:39,613 [grpc-default-executor-7] INFO  impl.VoteContext (VoteContext.java:log(49)) - cdb7ea93-9969-4a2d-8fff-2d6ab6bce964@group-6B7FBD454E14-FOLLOWER: accept PRE_VOTE from c45f7b2b-079b-4ce1-93e8-334248332cec: our priority 0 <= candidate's priority 1
2023-06-23 00:37:39,614 [grpc-default-executor-7] INFO  server.RaftServer$Division (RaftServerImpl.java:requestVote(1335)) - cdb7ea93-9969-4a2d-8fff-2d6ab6bce964@group-6B7FBD454E14 replies to PRE_VOTE vote request: c45f7b2b-079b-4ce1-93e8-334248332cec<-cdb7ea93-9969-4a2d-8fff-2d6ab6bce964#0:OK-t0. Peer's state: cdb7ea93-9969-4a2d-8fff-2d6ab6bce964@group-6B7FBD454E14:t0, leader=null, voted=, raftlog=Memoized:cdb7ea93-9969-4a2d-8fff-2d6ab6bce964@group-6B7FBD454E14-SegmentedRaftLog:OPENED:c-1, conf=-1: peers:[c45f7b2b-079b-4ce1-93e8-334248332cec|rpc:10.1.0.47:15068|admin:10.1.0.47:15067|client:10.1.0.47:15066|dataStream:10.1.0.47:15069|priority:1|startupRole:FOLLOWER, cdb7ea93-9969-4a2d-8fff-2d6ab6bce964|rpc:10.1.0.47:15077|admin:10.1.0.47:15076|client:10.1.0.47:15075|dataStream:10.1.0.47:15078|priority:0|startupRole:FOLLOWER, f07173a4-652e-46dc-b7ae-8cd05d01b793|rpc:10.1.0.47:15086|admin:10.1.0.47:15085|client:10.1.0.47:15084|dataStream:10.1.0.47:15087|priority:0|startupRole:FOLLOWER]|listeners:[], old=null
2023-06-23 00:37:39,615 [a135c5de-80e1-4aab-81ec-fcc917b89996-server-thread1] INFO  server.RaftServer$Division (ServerState.java:setRaftConf(434)) - a135c5de-80e1-4aab-81ec-fcc917b89996@group-04D9684641E1: set configuration 0: peers:[a135c5de-80e1-4aab-81ec-fcc917b89996|rpc:10.1.0.47:15050|admin:10.1.0.47:15049|client:10.1.0.47:15048|dataStream:10.1.0.47:15051|priority:0|startupRole:FOLLOWER, 6a1a42da-c2df-4fd1-96ac-c2667a6b2780|rpc:10.1.0.47:15059|admin:10.1.0.47:15058|client:10.1.0.47:15057|dataStream:10.1.0.47:15060|priority:0|startupRole:FOLLOWER, 4e705eda-d59c-4e65-825a-8cd43ac70c00|rpc:10.1.0.47:15041|admin:10.1.0.47:15040|client:10.1.0.47:15039|dataStream:10.1.0.47:15042|priority:1|startupRole:FOLLOWER]|listeners:[], old=null
2023-06-23 00:37:39,615 [a135c5de-80e1-4aab-81ec-fcc917b89996-server-thread1] INFO  segmented.SegmentedRaftLogWorker (SegmentedRaftLogWorker.java:startLogSegment(447)) - a135c5de-80e1-4aab-81ec-fcc917b89996@group-04D9684641E1-SegmentedRaftLogWorker: Starting segment from index:0
2023-06-23 00:37:39,615 [4e705eda-d59c-4e65-825a-8cd43ac70c00@group-221BC075AD82-SegmentedRaftLogWorker] INFO  segmented.SegmentedRaftLogWorker (SegmentedRaftLogWorker.java:execute(651)) - 4e705eda-d59c-4e65-825a-8cd43ac70c00@group-221BC075AD82-SegmentedRaftLogWorker: created new log segment /home/runner/work/ozone/ozone/hadoop-ozone/integration-test/target/test-dir/MiniOzoneClusterImpl-3c3985d8-3248-4f19-a32f-4442bec32466/datanode-3/data/ratis/46c40a94-8571-45b1-a2a4-221bc075ad82/current/log_inprogress_0
2023-06-23 00:37:39,628 [c45f7b2b-079b-4ce1-93e8-334248332cec@group-6B7FBD454E14-LeaderElection17] INFO  impl.LeaderElection (LeaderElection.java:logAndReturn(90)) - c45f7b2b-079b-4ce1-93e8-334248332cec@group-6B7FBD454E14-LeaderElection17: PRE_VOTE PASSED received 1 response(s) and 0 exception(s):
2023-06-23 00:37:39,628 [c45f7b2b-079b-4ce1-93e8-334248332cec@group-6B7FBD454E14-LeaderElection17] INFO  impl.LeaderElection (LeaderElection.java:logAndReturn(94)) -   Response 0: c45f7b2b-079b-4ce1-93e8-334248332cec<-cdb7ea93-9969-4a2d-8fff-2d6ab6bce964#0:OK-t0
2023-06-23 00:37:39,628 [c45f7b2b-079b-4ce1-93e8-334248332cec@group-6B7FBD454E14-LeaderElection17] INFO  impl.LeaderElection (LeaderElection.java:askForVotes(323)) - c45f7b2b-079b-4ce1-93e8-334248332cec@group-6B7FBD454E14-LeaderElection17 PRE_VOTE round 0: result PASSED
2023-06-23 00:37:39,629 [a135c5de-80e1-4aab-81ec-fcc917b89996@group-04D9684641E1-SegmentedRaftLogWorker] INFO  segmented.SegmentedRaftLogWorker (SegmentedRaftLogWorker.java:execute(651)) - a135c5de-80e1-4aab-81ec-fcc917b89996@group-04D9684641E1-SegmentedRaftLogWorker: created new log segment /home/runner/work/ozone/ozone/hadoop-ozone/integration-test/target/test-dir/MiniOzoneClusterImpl-3c3985d8-3248-4f19-a32f-4442bec32466/datanode-4/data/ratis/deb4cad3-4441-494f-95e5-04d9684641e1/current/log_inprogress_0
2023-06-23 00:37:39,631 [c45f7b2b-079b-4ce1-93e8-334248332cec@group-6B7FBD454E14-LeaderElection17] INFO  impl.LeaderElection (LeaderElection.java:askForVotes(321)) - c45f7b2b-079b-4ce1-93e8-334248332cec@group-6B7FBD454E14-LeaderElection17 ELECTION round 0: submit vote requests at term 1 for -1: peers:[c45f7b2b-079b-4ce1-93e8-334248332cec|rpc:10.1.0.47:15068|admin:10.1.0.47:15067|client:10.1.0.47:15066|dataStream:10.1.0.47:15069|priority:1|startupRole:FOLLOWER, cdb7ea93-9969-4a2d-8fff-2d6ab6bce964|rpc:10.1.0.47:15077|admin:10.1.0.47:15076|client:10.1.0.47:15075|dataStream:10.1.0.47:15078|priority:0|startupRole:FOLLOWER, f07173a4-652e-46dc-b7ae-8cd05d01b793|rpc:10.1.0.47:15086|admin:10.1.0.47:15085|client:10.1.0.47:15084|dataStream:10.1.0.47:15087|priority:0|startupRole:FOLLOWER]|listeners:[], old=null
2023-06-23 00:37:39,635 [grpc-default-executor-2] INFO  server.RaftServer$Division (RaftServerImpl.java:requestVote(1302)) - cdb7ea93-9969-4a2d-8fff-2d6ab6bce964@group-6B7FBD454E14: receive requestVote(ELECTION, c45f7b2b-079b-4ce1-93e8-334248332cec, group-6B7FBD454E14, 1, (t:0, i:0))
2023-06-23 00:37:39,635 [c45f7b2b-079b-4ce1-93e8-334248332cec@group-6B7FBD454E14-LeaderElection17] INFO  server.RaftServerConfigKeys (ConfUtils.java:logFallback(53)) - raft.server.rpc.first-election.timeout.min = 5s (fallback to raft.server.rpc.timeout.min)
2023-06-23 00:37:39,635 [c45f7b2b-079b-4ce1-93e8-334248332cec@group-6B7FBD454E14-LeaderElection17] INFO  server.RaftServerConfigKeys (ConfUtils.java:logFallback(53)) - raft.server.rpc.first-election.timeout.max = 5200ms (fallback to raft.server.rpc.timeout.max)
2023-06-23 00:37:39,635 [grpc-default-executor-1] INFO  server.RaftServer$Division (RaftServerImpl.java:requestVote(1302)) - f07173a4-652e-46dc-b7ae-8cd05d01b793@group-6B7FBD454E14: receive requestVote(PRE_VOTE, c45f7b2b-079b-4ce1-93e8-334248332cec, group-6B7FBD454E14, 0, (t:0, i:0))
2023-06-23 00:37:39,636 [grpc-default-executor-1] INFO  impl.VoteContext (VoteContext.java:log(49)) - f07173a4-652e-46dc-b7ae-8cd05d01b793@group-6B7FBD454E14-FOLLOWER: accept PRE_VOTE from c45f7b2b-079b-4ce1-93e8-334248332cec: our priority 0 <= candidate's priority 1
2023-06-23 00:37:39,636 [grpc-default-executor-1] INFO  server.RaftServer$Division (RaftServerImpl.java:requestVote(1335)) - f07173a4-652e-46dc-b7ae-8cd05d01b793@group-6B7FBD454E14 replies to PRE_VOTE vote request: c45f7b2b-079b-4ce1-93e8-334248332cec<-f07173a4-652e-46dc-b7ae-8cd05d01b793#0:OK-t0. Peer's state: f07173a4-652e-46dc-b7ae-8cd05d01b793@group-6B7FBD454E14:t0, leader=null, voted=, raftlog=Memoized:f07173a4-652e-46dc-b7ae-8cd05d01b793@group-6B7FBD454E14-SegmentedRaftLog:OPENED:c-1, conf=-1: peers:[c45f7b2b-079b-4ce1-93e8-334248332cec|rpc:10.1.0.47:15068|admin:10.1.0.47:15067|client:10.1.0.47:15066|dataStream:10.1.0.47:15069|priority:1|startupRole:FOLLOWER, cdb7ea93-9969-4a2d-8fff-2d6ab6bce964|rpc:10.1.0.47:15077|admin:10.1.0.47:15076|client:10.1.0.47:15075|dataStream:10.1.0.47:15078|priority:0|startupRole:FOLLOWER, f07173a4-652e-46dc-b7ae-8cd05d01b793|rpc:10.1.0.47:15086|admin:10.1.0.47:15085|client:10.1.0.47:15084|dataStream:10.1.0.47:15087|priority:0|startupRole:FOLLOWER]|listeners:[], old=null
2023-06-23 00:37:39,667 [grpc-default-executor-2] INFO  impl.VoteContext (VoteContext.java:log(49)) - cdb7ea93-9969-4a2d-8fff-2d6ab6bce964@group-6B7FBD454E14-FOLLOWER: accept ELECTION from c45f7b2b-079b-4ce1-93e8-334248332cec: our priority 0 <= candidate's priority 1
2023-06-23 00:37:39,667 [grpc-default-executor-2] INFO  server.RaftServer$Division (RaftServerImpl.java:setRole(329)) - cdb7ea93-9969-4a2d-8fff-2d6ab6bce964@group-6B7FBD454E14: changes role from  FOLLOWER to FOLLOWER at term 1 for candidate:c45f7b2b-079b-4ce1-93e8-334248332cec
2023-06-23 00:37:39,667 [grpc-default-executor-2] INFO  impl.RoleInfo (RoleInfo.java:shutdownFollowerState(110)) - cdb7ea93-9969-4a2d-8fff-2d6ab6bce964: shutdown cdb7ea93-9969-4a2d-8fff-2d6ab6bce964@group-6B7FBD454E14-FollowerState
2023-06-23 00:37:39,667 [grpc-default-executor-2] INFO  impl.RoleInfo (RoleInfo.java:updateAndGet(139)) - cdb7ea93-9969-4a2d-8fff-2d6ab6bce964: start cdb7ea93-9969-4a2d-8fff-2d6ab6bce964@group-6B7FBD454E14-FollowerState
2023-06-23 00:37:39,668 [cdb7ea93-9969-4a2d-8fff-2d6ab6bce964@group-6B7FBD454E14-FollowerState] INFO  impl.FollowerState (FollowerState.java:run(152)) - cdb7ea93-9969-4a2d-8fff-2d6ab6bce964@group-6B7FBD454E14-FollowerState was interrupted
2023-06-23 00:37:39,669 [f07173a4-652e-46dc-b7ae-8cd05d01b793@group-6B7FBD454E14-FollowerState] INFO  server.RaftServerConfigKeys (ConfUtils.java:logFallback(53)) - raft.server.rpc.first-election.timeout.min = 5s (fallback to raft.server.rpc.timeout.min)
2023-06-23 00:37:39,669 [f07173a4-652e-46dc-b7ae-8cd05d01b793@group-6B7FBD454E14-FollowerState] INFO  server.RaftServerConfigKeys (ConfUtils.java:logFallback(53)) - raft.server.rpc.first-election.timeout.max = 5200ms (fallback to raft.server.rpc.timeout.max)
2023-06-23 00:37:39,678 [grpc-default-executor-2] INFO  server.RaftServer$Division (RaftServerImpl.java:requestVote(1335)) - cdb7ea93-9969-4a2d-8fff-2d6ab6bce964@group-6B7FBD454E14 replies to ELECTION vote request: c45f7b2b-079b-4ce1-93e8-334248332cec<-cdb7ea93-9969-4a2d-8fff-2d6ab6bce964#0:OK-t1. Peer's state: cdb7ea93-9969-4a2d-8fff-2d6ab6bce964@group-6B7FBD454E14:t1, leader=null, voted=c45f7b2b-079b-4ce1-93e8-334248332cec, raftlog=Memoized:cdb7ea93-9969-4a2d-8fff-2d6ab6bce964@group-6B7FBD454E14-SegmentedRaftLog:OPENED:c-1, conf=-1: peers:[c45f7b2b-079b-4ce1-93e8-334248332cec|rpc:10.1.0.47:15068|admin:10.1.0.47:15067|client:10.1.0.47:15066|dataStream:10.1.0.47:15069|priority:1|startupRole:FOLLOWER, cdb7ea93-9969-4a2d-8fff-2d6ab6bce964|rpc:10.1.0.47:15077|admin:10.1.0.47:15076|client:10.1.0.47:15075|dataStream:10.1.0.47:15078|priority:0|startupRole:FOLLOWER, f07173a4-652e-46dc-b7ae-8cd05d01b793|rpc:10.1.0.47:15086|admin:10.1.0.47:15085|client:10.1.0.47:15084|dataStream:10.1.0.47:15087|priority:0|startupRole:FOLLOWER]|listeners:[], old=null
2023-06-23 00:37:39,678 [grpc-default-executor-2] INFO  server.RaftServer$Division (RaftServerImpl.java:requestVote(1302)) - f07173a4-652e-46dc-b7ae-8cd05d01b793@group-6B7FBD454E14: receive requestVote(ELECTION, c45f7b2b-079b-4ce1-93e8-334248332cec, group-6B7FBD454E14, 1, (t:0, i:0))
2023-06-23 00:37:39,679 [grpc-default-executor-2] INFO  impl.VoteContext (VoteContext.java:log(49)) - f07173a4-652e-46dc-b7ae-8cd05d01b793@group-6B7FBD454E14-FOLLOWER: accept ELECTION from c45f7b2b-079b-4ce1-93e8-334248332cec: our priority 0 <= candidate's priority 1
2023-06-23 00:37:39,679 [grpc-default-executor-2] INFO  server.RaftServer$Division (RaftServerImpl.java:setRole(329)) - f07173a4-652e-46dc-b7ae-8cd05d01b793@group-6B7FBD454E14: changes role from  FOLLOWER to FOLLOWER at term 1 for candidate:c45f7b2b-079b-4ce1-93e8-334248332cec
2023-06-23 00:37:39,679 [grpc-default-executor-2] INFO  impl.RoleInfo (RoleInfo.java:shutdownFollowerState(110)) - f07173a4-652e-46dc-b7ae-8cd05d01b793: shutdown f07173a4-652e-46dc-b7ae-8cd05d01b793@group-6B7FBD454E14-FollowerState
2023-06-23 00:37:39,679 [grpc-default-executor-2] INFO  impl.RoleInfo (RoleInfo.java:updateAndGet(139)) - f07173a4-652e-46dc-b7ae-8cd05d01b793: start f07173a4-652e-46dc-b7ae-8cd05d01b793@group-6B7FBD454E14-FollowerState
2023-06-23 00:37:39,679 [f07173a4-652e-46dc-b7ae-8cd05d01b793@group-6B7FBD454E14-FollowerState] INFO  impl.FollowerState (FollowerState.java:run(152)) - f07173a4-652e-46dc-b7ae-8cd05d01b793@group-6B7FBD454E14-FollowerState was interrupted
2023-06-23 00:37:39,679 [c45f7b2b-079b-4ce1-93e8-334248332cec@group-6B7FBD454E14-LeaderElection17] INFO  impl.LeaderElection (LeaderElection.java:logAndReturn(90)) - c45f7b2b-079b-4ce1-93e8-334248332cec@group-6B7FBD454E14-LeaderElection17: ELECTION PASSED received 1 response(s) and 0 exception(s):
2023-06-23 00:37:39,679 [c45f7b2b-079b-4ce1-93e8-334248332cec@group-6B7FBD454E14-LeaderElection17] INFO  impl.LeaderElection (LeaderElection.java:logAndReturn(94)) -   Response 0: c45f7b2b-079b-4ce1-93e8-334248332cec<-cdb7ea93-9969-4a2d-8fff-2d6ab6bce964#0:OK-t1
2023-06-23 00:37:39,682 [c45f7b2b-079b-4ce1-93e8-334248332cec@group-6B7FBD454E14-LeaderElection17] INFO  impl.LeaderElection (LeaderElection.java:askForVotes(323)) - c45f7b2b-079b-4ce1-93e8-334248332cec@group-6B7FBD454E14-LeaderElection17 ELECTION round 0: result PASSED
2023-06-23 00:37:39,682 [c45f7b2b-079b-4ce1-93e8-334248332cec@group-6B7FBD454E14-LeaderElection17] INFO  impl.RoleInfo (RoleInfo.java:shutdownLeaderElection(130)) - c45f7b2b-079b-4ce1-93e8-334248332cec: shutdown c45f7b2b-079b-4ce1-93e8-334248332cec@group-6B7FBD454E14-LeaderElection17
2023-06-23 00:37:39,682 [c45f7b2b-079b-4ce1-93e8-334248332cec@group-6B7FBD454E14-LeaderElection17] INFO  server.RaftServer$Division (RaftServerImpl.java:setRole(329)) - c45f7b2b-079b-4ce1-93e8-334248332cec@group-6B7FBD454E14: changes role from CANDIDATE to LEADER at term 1 for changeToLeader
2023-06-23 00:37:39,682 [c45f7b2b-079b-4ce1-93e8-334248332cec@group-6B7FBD454E14-LeaderElection17] INFO  ratis.XceiverServerRatis (XceiverServerRatis.java:handleLeaderChangedNotification(902)) - Leader change notification received for group: group-6B7FBD454E14 with new leaderId: c45f7b2b-079b-4ce1-93e8-334248332cec
2023-06-23 00:37:39,682 [c45f7b2b-079b-4ce1-93e8-334248332cec@group-6B7FBD454E14-LeaderElection17] INFO  server.RaftServer$Division (ServerState.java:setLeader(317)) - c45f7b2b-079b-4ce1-93e8-334248332cec@group-6B7FBD454E14: change Leader from null to c45f7b2b-079b-4ce1-93e8-334248332cec at term 1 for becomeLeader, leader elected after 5168ms
2023-06-23 00:37:39,682 [c45f7b2b-079b-4ce1-93e8-334248332cec@group-6B7FBD454E14-LeaderElection17] INFO  server.RaftServerConfigKeys (ConfUtils.java:logGet(46)) - raft.server.staging.catchup.gap = 1000 (default)
2023-06-23 00:37:39,682 [c45f7b2b-079b-4ce1-93e8-334248332cec@group-6B7FBD454E14-LeaderElection17] INFO  server.RaftServerConfigKeys (ConfUtils.java:logGet(46)) - raft.server.write.element-limit = 1024 (custom)
2023-06-23 00:37:39,682 [c45f7b2b-079b-4ce1-93e8-334248332cec@group-6B7FBD454E14-LeaderElection17] INFO  server.RaftServerConfigKeys (ConfUtils.java:logGet(46)) - raft.server.write.byte-limit = 1024 M (=1073741824) (custom)
2023-06-23 00:37:39,683 [c45f7b2b-079b-4ce1-93e8-334248332cec@group-6B7FBD454E14-LeaderElection17] INFO  server.RaftServerConfigKeys (ConfUtils.java:logGet(46)) - raft.server.watch.timeout = 180s (custom)
2023-06-23 00:37:39,683 [c45f7b2b-079b-4ce1-93e8-334248332cec@group-6B7FBD454E14-LeaderElection17] INFO  server.RaftServerConfigKeys (ConfUtils.java:logGet(46)) - raft.server.watch.timeout.denomination = 1s (default)
2023-06-23 00:37:39,683 [c45f7b2b-079b-4ce1-93e8-334248332cec@group-6B7FBD454E14-LeaderElection17] INFO  server.RaftServerConfigKeys (ConfUtils.java:logGet(46)) - raft.server.watch.element-limit = 65536 (default)
2023-06-23 00:37:39,683 [c45f7b2b-079b-4ce1-93e8-334248332cec@group-6B7FBD454E14-LeaderElection17] INFO  server.RaftServerConfigKeys (ConfUtils.java:logGet(46)) - raft.server.write.element-limit = 1024 (custom)
2023-06-23 00:37:39,683 [c45f7b2b-079b-4ce1-93e8-334248332cec@group-6B7FBD454E14-LeaderElection17] INFO  server.RaftServerConfigKeys (ConfUtils.java:logGet(46)) - raft.server.write.follower.gap.ratio.max = -1.0 (default)
2023-06-23 00:37:39,683 [c45f7b2b-079b-4ce1-93e8-334248332cec@group-6B7FBD454E14-LeaderElection17] INFO  server.RaftServerConfigKeys (ConfUtils.java:logGet(46)) - raft.server.log.appender.snapshot.chunk.size.max = 16MB (=16777216) (default)
2023-06-23 00:37:39,683 [c45f7b2b-079b-4ce1-93e8-334248332cec@group-6B7FBD454E14-LeaderElection17] INFO  server.RaftServerConfigKeys (ConfUtils.java:logGet(46)) - raft.server.log.appender.buffer.byte-limit = 33554432 (custom)
2023-06-23 00:37:39,683 [c45f7b2b-079b-4ce1-93e8-334248332cec@group-6B7FBD454E14-LeaderElection17] INFO  server.RaftServerConfigKeys (ConfUtils.java:logGet(46)) - raft.server.log.appender.buffer.element-limit = 1 (custom)
2023-06-23 00:37:39,683 [c45f7b2b-079b-4ce1-93e8-334248332cec@group-6B7FBD454E14-LeaderElection17] INFO  server.RaftServerConfigKeys (ConfUtils.java:logGet(46)) - raft.server.log.appender.wait-time.min = 10ms (default)
2023-06-23 00:37:39,683 [c45f7b2b-079b-4ce1-93e8-334248332cec@group-6B7FBD454E14-LeaderElection17] INFO  grpc.GrpcConfigKeys (ConfUtils.java:logGet(46)) - raft.grpc.server.leader.outstanding.appends.max = 128 (default)
2023-06-23 00:37:39,684 [c45f7b2b-079b-4ce1-93e8-334248332cec@group-6B7FBD454E14-LeaderElection17] INFO  server.RaftServerConfigKeys (ConfUtils.java:logGet(46)) - raft.server.rpc.request.timeout = 60s (custom)
2023-06-23 00:37:39,684 [c45f7b2b-079b-4ce1-93e8-334248332cec@group-6B7FBD454E14-LeaderElection17] INFO  grpc.GrpcConfigKeys (ConfUtils.java:logGet(46)) - raft.grpc.server.install_snapshot.request.element-limit = 8 (default)
2023-06-23 00:37:39,684 [c45f7b2b-079b-4ce1-93e8-334248332cec@group-6B7FBD454E14-LeaderElection17] INFO  grpc.GrpcConfigKeys (ConfUtils.java:logGet(46)) - raft.grpc.server.install_snapshot.request.timeout = 3000ms (default)
2023-06-23 00:37:39,684 [c45f7b2b-079b-4ce1-93e8-334248332cec@group-6B7FBD454E14-LeaderElection17] INFO  server.RaftServerConfigKeys (ConfUtils.java:logGet(46)) - raft.server.log.appender.install.snapshot.enabled = false (custom)
2023-06-23 00:37:39,684 [c45f7b2b-079b-4ce1-93e8-334248332cec@group-6B7FBD454E14-LeaderElection17] INFO  grpc.GrpcConfigKeys (ConfUtils.java:logGet(46)) - raft.grpc.server.heartbeat.channel = true (default)
2023-06-23 00:37:39,684 [c45f7b2b-079b-4ce1-93e8-334248332cec@group-6B7FBD454E14-LeaderElection17] INFO  server.RaftServerConfigKeys (ConfUtils.java:logGet(46)) - raft.server.log.appender.snapshot.chunk.size.max = 16MB (=16777216) (default)
2023-06-23 00:37:39,684 [c45f7b2b-079b-4ce1-93e8-334248332cec@group-6B7FBD454E14-LeaderElection17] INFO  server.RaftServerConfigKeys (ConfUtils.java:logGet(46)) - raft.server.log.appender.buffer.byte-limit = 33554432 (custom)
2023-06-23 00:37:39,684 [c45f7b2b-079b-4ce1-93e8-334248332cec@group-6B7FBD454E14-LeaderElection17] INFO  server.RaftServerConfigKeys (ConfUtils.java:logGet(46)) - raft.server.log.appender.buffer.element-limit = 1 (custom)
2023-06-23 00:37:39,684 [c45f7b2b-079b-4ce1-93e8-334248332cec@group-6B7FBD454E14-LeaderElection17] INFO  server.RaftServerConfigKeys (ConfUtils.java:logGet(46)) - raft.server.log.appender.wait-time.min = 10ms (default)
2023-06-23 00:37:39,685 [c45f7b2b-079b-4ce1-93e8-334248332cec@group-6B7FBD454E14-LeaderElection17] INFO  grpc.GrpcConfigKeys (ConfUtils.java:logGet(46)) - raft.grpc.server.leader.outstanding.appends.max = 128 (default)
2023-06-23 00:37:39,685 [c45f7b2b-079b-4ce1-93e8-334248332cec@group-6B7FBD454E14-LeaderElection17] INFO  server.RaftServerConfigKeys (ConfUtils.java:logGet(46)) - raft.server.rpc.request.timeout = 60s (custom)
2023-06-23 00:37:39,685 [c45f7b2b-079b-4ce1-93e8-334248332cec@group-6B7FBD454E14-LeaderElection17] INFO  grpc.GrpcConfigKeys (ConfUtils.java:logGet(46)) - raft.grpc.server.install_snapshot.request.element-limit = 8 (default)
2023-06-23 00:37:39,685 [c45f7b2b-079b-4ce1-93e8-334248332cec@group-6B7FBD454E14-LeaderElection17] INFO  grpc.GrpcConfigKeys (ConfUtils.java:logGet(46)) - raft.grpc.server.install_snapshot.request.timeout = 3000ms (default)
2023-06-23 00:37:39,685 [c45f7b2b-079b-4ce1-93e8-334248332cec@group-6B7FBD454E14-LeaderElection17] INFO  server.RaftServerConfigKeys (ConfUtils.java:logGet(46)) - raft.server.log.appender.install.snapshot.enabled = false (custom)
2023-06-23 00:37:39,685 [c45f7b2b-079b-4ce1-93e8-334248332cec@group-6B7FBD454E14-LeaderElection17] INFO  grpc.GrpcConfigKeys (ConfUtils.java:logGet(46)) - raft.grpc.server.heartbeat.channel = true (default)
2023-06-23 00:37:39,685 [c45f7b2b-079b-4ce1-93e8-334248332cec@group-6B7FBD454E14-LeaderElection17] INFO  impl.RoleInfo (RoleInfo.java:updateAndGet(139)) - c45f7b2b-079b-4ce1-93e8-334248332cec: start c45f7b2b-079b-4ce1-93e8-334248332cec@group-6B7FBD454E14-LeaderStateImpl
2023-06-23 00:37:39,685 [c45f7b2b-079b-4ce1-93e8-334248332cec@group-6B7FBD454E14-LeaderElection17] INFO  segmented.SegmentedRaftLogWorker (SegmentedRaftLogWorker.java:startLogSegment(447)) - c45f7b2b-079b-4ce1-93e8-334248332cec@group-6B7FBD454E14-SegmentedRaftLogWorker: Starting segment from index:0
2023-06-23 00:37:39,686 [grpc-default-executor-2] INFO  server.RaftServer$Division (RaftServerImpl.java:requestVote(1335)) - f07173a4-652e-46dc-b7ae-8cd05d01b793@group-6B7FBD454E14 replies to ELECTION vote request: c45f7b2b-079b-4ce1-93e8-334248332cec<-f07173a4-652e-46dc-b7ae-8cd05d01b793#0:OK-t1. Peer's state: f07173a4-652e-46dc-b7ae-8cd05d01b793@group-6B7FBD454E14:t1, leader=null, voted=c45f7b2b-079b-4ce1-93e8-334248332cec, raftlog=Memoized:f07173a4-652e-46dc-b7ae-8cd05d01b793@group-6B7FBD454E14-SegmentedRaftLog:OPENED:c-1, conf=-1: peers:[c45f7b2b-079b-4ce1-93e8-334248332cec|rpc:10.1.0.47:15068|admin:10.1.0.47:15067|client:10.1.0.47:15066|dataStream:10.1.0.47:15069|priority:1|startupRole:FOLLOWER, cdb7ea93-9969-4a2d-8fff-2d6ab6bce964|rpc:10.1.0.47:15077|admin:10.1.0.47:15076|client:10.1.0.47:15075|dataStream:10.1.0.47:15078|priority:0|startupRole:FOLLOWER, f07173a4-652e-46dc-b7ae-8cd05d01b793|rpc:10.1.0.47:15086|admin:10.1.0.47:15085|client:10.1.0.47:15084|dataStream:10.1.0.47:15087|priority:0|startupRole:FOLLOWER]|listeners:[], old=null
2023-06-23 00:37:39,688 [c45f7b2b-079b-4ce1-93e8-334248332cec@group-6B7FBD454E14-SegmentedRaftLogWorker] INFO  segmented.SegmentedRaftLogWorker (SegmentedRaftLogWorker.java:execute(651)) - c45f7b2b-079b-4ce1-93e8-334248332cec@group-6B7FBD454E14-SegmentedRaftLogWorker: created new log segment /home/runner/work/ozone/ozone/hadoop-ozone/integration-test/target/test-dir/MiniOzoneClusterImpl-3c3985d8-3248-4f19-a32f-4442bec32466/datanode-6/data/ratis/f4db28d3-ab76-4b3a-8fe3-6b7fbd454e14/current/log_inprogress_0
2023-06-23 00:37:39,694 [c45f7b2b-079b-4ce1-93e8-334248332cec@group-6B7FBD454E14-LeaderElection17] INFO  server.RaftServer$Division (ServerState.java:setRaftConf(434)) - c45f7b2b-079b-4ce1-93e8-334248332cec@group-6B7FBD454E14: set configuration 0: peers:[c45f7b2b-079b-4ce1-93e8-334248332cec|rpc:10.1.0.47:15068|admin:10.1.0.47:15067|client:10.1.0.47:15066|dataStream:10.1.0.47:15069|priority:1|startupRole:FOLLOWER, cdb7ea93-9969-4a2d-8fff-2d6ab6bce964|rpc:10.1.0.47:15077|admin:10.1.0.47:15076|client:10.1.0.47:15075|dataStream:10.1.0.47:15078|priority:0|startupRole:FOLLOWER, f07173a4-652e-46dc-b7ae-8cd05d01b793|rpc:10.1.0.47:15086|admin:10.1.0.47:15085|client:10.1.0.47:15084|dataStream:10.1.0.47:15087|priority:0|startupRole:FOLLOWER]|listeners:[], old=null
2023-06-23 00:37:39,699 [EventQueue-PipelineReportForPipelineReportHandler] INFO  pipeline.PipelineManagerImpl (PipelineManagerImpl.java:openPipeline(367)) - Pipeline Pipeline[ Id: f4db28d3-ab76-4b3a-8fe3-6b7fbd454e14, Nodes: c45f7b2b-079b-4ce1-93e8-334248332cec(fv-az570-151.srgqcr2moziuvm0qev4lajleyh.dx.internal.cloudapp.net/10.1.0.47)cdb7ea93-9969-4a2d-8fff-2d6ab6bce964(fv-az570-151.srgqcr2moziuvm0qev4lajleyh.dx.internal.cloudapp.net/10.1.0.47)f07173a4-652e-46dc-b7ae-8cd05d01b793(fv-az570-151.srgqcr2moziuvm0qev4lajleyh.dx.internal.cloudapp.net/10.1.0.47), ReplicationConfig: RATIS/THREE, State:ALLOCATED, leaderId:c45f7b2b-079b-4ce1-93e8-334248332cec, CreationTimestamp2023-06-23T00:37:32.404Z[Etc/UTC]] moved to OPEN state
2023-06-23 00:37:39,707 [cdb7ea93-9969-4a2d-8fff-2d6ab6bce964-server-thread1] INFO  ratis.XceiverServerRatis (XceiverServerRatis.java:handleLeaderChangedNotification(902)) - Leader change notification received for group: group-6B7FBD454E14 with new leaderId: c45f7b2b-079b-4ce1-93e8-334248332cec
2023-06-23 00:37:39,707 [cdb7ea93-9969-4a2d-8fff-2d6ab6bce964-server-thread1] INFO  server.RaftServer$Division (ServerState.java:setLeader(317)) - cdb7ea93-9969-4a2d-8fff-2d6ab6bce964@group-6B7FBD454E14: change Leader from null to c45f7b2b-079b-4ce1-93e8-334248332cec at term 1 for appendEntries, leader elected after 5144ms
2023-06-23 00:37:39,714 [cdb7ea93-9969-4a2d-8fff-2d6ab6bce964-server-thread2] INFO  server.RaftServer$Division (ServerState.java:setRaftConf(434)) - cdb7ea93-9969-4a2d-8fff-2d6ab6bce964@group-6B7FBD454E14: set configuration 0: peers:[c45f7b2b-079b-4ce1-93e8-334248332cec|rpc:10.1.0.47:15068|admin:10.1.0.47:15067|client:10.1.0.47:15066|dataStream:10.1.0.47:15069|priority:1|startupRole:FOLLOWER, cdb7ea93-9969-4a2d-8fff-2d6ab6bce964|rpc:10.1.0.47:15077|admin:10.1.0.47:15076|client:10.1.0.47:15075|dataStream:10.1.0.47:15078|priority:0|startupRole:FOLLOWER, f07173a4-652e-46dc-b7ae-8cd05d01b793|rpc:10.1.0.47:15086|admin:10.1.0.47:15085|client:10.1.0.47:15084|dataStream:10.1.0.47:15087|priority:0|startupRole:FOLLOWER]|listeners:[], old=null
2023-06-23 00:37:39,716 [cdb7ea93-9969-4a2d-8fff-2d6ab6bce964-server-thread2] INFO  segmented.SegmentedRaftLogWorker (SegmentedRaftLogWorker.java:startLogSegment(447)) - cdb7ea93-9969-4a2d-8fff-2d6ab6bce964@group-6B7FBD454E14-SegmentedRaftLogWorker: Starting segment from index:0
2023-06-23 00:37:39,720 [cdb7ea93-9969-4a2d-8fff-2d6ab6bce964@group-6B7FBD454E14-SegmentedRaftLogWorker] INFO  segmented.SegmentedRaftLogWorker (SegmentedRaftLogWorker.java:execute(651)) - cdb7ea93-9969-4a2d-8fff-2d6ab6bce964@group-6B7FBD454E14-SegmentedRaftLogWorker: created new log segment /home/runner/work/ozone/ozone/hadoop-ozone/integration-test/target/test-dir/MiniOzoneClusterImpl-3c3985d8-3248-4f19-a32f-4442bec32466/datanode-7/data/ratis/f4db28d3-ab76-4b3a-8fe3-6b7fbd454e14/current/log_inprogress_0
2023-06-23 00:37:39,722 [f07173a4-652e-46dc-b7ae-8cd05d01b793-server-thread1] INFO  ratis.XceiverServerRatis (XceiverServerRatis.java:handleLeaderChangedNotification(902)) - Leader change notification received for group: group-6B7FBD454E14 with new leaderId: c45f7b2b-079b-4ce1-93e8-334248332cec
2023-06-23 00:37:39,722 [f07173a4-652e-46dc-b7ae-8cd05d01b793-server-thread1] INFO  server.RaftServer$Division (ServerState.java:setLeader(317)) - f07173a4-652e-46dc-b7ae-8cd05d01b793@group-6B7FBD454E14: change Leader from null to c45f7b2b-079b-4ce1-93e8-334248332cec at term 1 for appendEntries, leader elected after 5109ms
2023-06-23 00:37:39,726 [c45f7b2b-079b-4ce1-93e8-334248332cec@group-75E033552230-FollowerState] INFO  impl.FollowerState (FollowerState.java:run(143)) - c45f7b2b-079b-4ce1-93e8-334248332cec@group-75E033552230-FollowerState: change to CANDIDATE, lastRpcElapsedTime:5073449557ns, electionTimeout:5073ms
2023-06-23 00:37:39,726 [c45f7b2b-079b-4ce1-93e8-334248332cec@group-75E033552230-FollowerState] INFO  impl.RoleInfo (RoleInfo.java:shutdownFollowerState(110)) - c45f7b2b-079b-4ce1-93e8-334248332cec: shutdown c45f7b2b-079b-4ce1-93e8-334248332cec@group-75E033552230-FollowerState
2023-06-23 00:37:39,726 [c45f7b2b-079b-4ce1-93e8-334248332cec@group-75E033552230-FollowerState] INFO  server.RaftServer$Division (RaftServerImpl.java:setRole(329)) - c45f7b2b-079b-4ce1-93e8-334248332cec@group-75E033552230: changes role from  FOLLOWER to CANDIDATE at term 0 for changeToCandidate
2023-06-23 00:37:39,727 [c45f7b2b-079b-4ce1-93e8-334248332cec@group-75E033552230-FollowerState] INFO  server.RaftServerConfigKeys (ConfUtils.java:logGet(46)) - raft.server.leaderelection.pre-vote = true (default)
2023-06-23 00:37:39,727 [c45f7b2b-079b-4ce1-93e8-334248332cec@group-75E033552230-FollowerState] INFO  impl.RoleInfo (RoleInfo.java:updateAndGet(139)) - c45f7b2b-079b-4ce1-93e8-334248332cec: start c45f7b2b-079b-4ce1-93e8-334248332cec@group-75E033552230-LeaderElection18
2023-06-23 00:37:39,728 [f07173a4-652e-46dc-b7ae-8cd05d01b793-server-thread2] INFO  server.RaftServer$Division (ServerState.java:setRaftConf(434)) - f07173a4-652e-46dc-b7ae-8cd05d01b793@group-6B7FBD454E14: set configuration 0: peers:[c45f7b2b-079b-4ce1-93e8-334248332cec|rpc:10.1.0.47:15068|admin:10.1.0.47:15067|client:10.1.0.47:15066|dataStream:10.1.0.47:15069|priority:1|startupRole:FOLLOWER, cdb7ea93-9969-4a2d-8fff-2d6ab6bce964|rpc:10.1.0.47:15077|admin:10.1.0.47:15076|client:10.1.0.47:15075|dataStream:10.1.0.47:15078|priority:0|startupRole:FOLLOWER, f07173a4-652e-46dc-b7ae-8cd05d01b793|rpc:10.1.0.47:15086|admin:10.1.0.47:15085|client:10.1.0.47:15084|dataStream:10.1.0.47:15087|priority:0|startupRole:FOLLOWER]|listeners:[], old=null
2023-06-23 00:37:39,728 [f07173a4-652e-46dc-b7ae-8cd05d01b793-server-thread2] INFO  segmented.SegmentedRaftLogWorker (SegmentedRaftLogWorker.java:startLogSegment(447)) - f07173a4-652e-46dc-b7ae-8cd05d01b793@group-6B7FBD454E14-SegmentedRaftLogWorker: Starting segment from index:0
2023-06-23 00:37:39,733 [f07173a4-652e-46dc-b7ae-8cd05d01b793@group-6B7FBD454E14-SegmentedRaftLogWorker] INFO  segmented.SegmentedRaftLogWorker (SegmentedRaftLogWorker.java:execute(651)) - f07173a4-652e-46dc-b7ae-8cd05d01b793@group-6B7FBD454E14-SegmentedRaftLogWorker: created new log segment /home/runner/work/ozone/ozone/hadoop-ozone/integration-test/target/test-dir/MiniOzoneClusterImpl-3c3985d8-3248-4f19-a32f-4442bec32466/datanode-8/data/ratis/f4db28d3-ab76-4b3a-8fe3-6b7fbd454e14/current/log_inprogress_0
2023-06-23 00:37:39,736 [c45f7b2b-079b-4ce1-93e8-334248332cec@group-75E033552230-LeaderElection18] INFO  impl.LeaderElection (LeaderElection.java:askForVotes(321)) - c45f7b2b-079b-4ce1-93e8-334248332cec@group-75E033552230-LeaderElection18 PRE_VOTE round 0: submit vote requests at term 0 for -1: peers:[c45f7b2b-079b-4ce1-93e8-334248332cec|rpc:10.1.0.47:15068|admin:10.1.0.47:15067|client:10.1.0.47:15066|dataStream:10.1.0.47:15069|priority:0|startupRole:FOLLOWER, cdb7ea93-9969-4a2d-8fff-2d6ab6bce964|rpc:10.1.0.47:15077|admin:10.1.0.47:15076|client:10.1.0.47:15075|dataStream:10.1.0.47:15078|priority:0|startupRole:FOLLOWER, f07173a4-652e-46dc-b7ae-8cd05d01b793|rpc:10.1.0.47:15086|admin:10.1.0.47:15085|client:10.1.0.47:15084|dataStream:10.1.0.47:15087|priority:1|startupRole:FOLLOWER]|listeners:[], old=null
2023-06-23 00:37:39,739 [f07173a4-652e-46dc-b7ae-8cd05d01b793@group-75E033552230-FollowerState] INFO  impl.FollowerState (FollowerState.java:run(143)) - f07173a4-652e-46dc-b7ae-8cd05d01b793@group-75E033552230-FollowerState: change to CANDIDATE, lastRpcElapsedTime:5055655006ns, electionTimeout:5054ms
2023-06-23 00:37:39,739 [f07173a4-652e-46dc-b7ae-8cd05d01b793@group-75E033552230-FollowerState] INFO  impl.RoleInfo (RoleInfo.java:shutdownFollowerState(110)) - f07173a4-652e-46dc-b7ae-8cd05d01b793: shutdown f07173a4-652e-46dc-b7ae-8cd05d01b793@group-75E033552230-FollowerState
2023-06-23 00:37:39,739 [f07173a4-652e-46dc-b7ae-8cd05d01b793@group-75E033552230-FollowerState] INFO  server.RaftServer$Division (RaftServerImpl.java:setRole(329)) - f07173a4-652e-46dc-b7ae-8cd05d01b793@group-75E033552230: changes role from  FOLLOWER to CANDIDATE at term 0 for changeToCandidate
2023-06-23 00:37:39,739 [f07173a4-652e-46dc-b7ae-8cd05d01b793@group-75E033552230-FollowerState] INFO  server.RaftServerConfigKeys (ConfUtils.java:logGet(46)) - raft.server.leaderelection.pre-vote = true (default)
2023-06-23 00:37:39,740 [f07173a4-652e-46dc-b7ae-8cd05d01b793@group-75E033552230-FollowerState] INFO  impl.RoleInfo (RoleInfo.java:updateAndGet(139)) - f07173a4-652e-46dc-b7ae-8cd05d01b793: start f07173a4-652e-46dc-b7ae-8cd05d01b793@group-75E033552230-LeaderElection19
2023-06-23 00:37:39,742 [grpc-default-executor-5] INFO  server.RaftServer$Division (RaftServerImpl.java:requestVote(1302)) - cdb7ea93-9969-4a2d-8fff-2d6ab6bce964@group-75E033552230: receive requestVote(PRE_VOTE, c45f7b2b-079b-4ce1-93e8-334248332cec, group-75E033552230, 0, (t:0, i:0))
2023-06-23 00:37:39,742 [grpc-default-executor-5] INFO  impl.VoteContext (VoteContext.java:log(49)) - cdb7ea93-9969-4a2d-8fff-2d6ab6bce964@group-75E033552230-FOLLOWER: accept PRE_VOTE from c45f7b2b-079b-4ce1-93e8-334248332cec: our priority 0 <= candidate's priority 0
2023-06-23 00:37:39,742 [grpc-default-executor-5] INFO  server.RaftServer$Division (RaftServerImpl.java:requestVote(1335)) - cdb7ea93-9969-4a2d-8fff-2d6ab6bce964@group-75E033552230 replies to PRE_VOTE vote request: c45f7b2b-079b-4ce1-93e8-334248332cec<-cdb7ea93-9969-4a2d-8fff-2d6ab6bce964#0:OK-t0. Peer's state: cdb7ea93-9969-4a2d-8fff-2d6ab6bce964@group-75E033552230:t0, leader=null, voted=, raftlog=Memoized:cdb7ea93-9969-4a2d-8fff-2d6ab6bce964@group-75E033552230-SegmentedRaftLog:OPENED:c-1, conf=-1: peers:[c45f7b2b-079b-4ce1-93e8-334248332cec|rpc:10.1.0.47:15068|admin:10.1.0.47:15067|client:10.1.0.47:15066|dataStream:10.1.0.47:15069|priority:0|startupRole:FOLLOWER, cdb7ea93-9969-4a2d-8fff-2d6ab6bce964|rpc:10.1.0.47:15077|admin:10.1.0.47:15076|client:10.1.0.47:15075|dataStream:10.1.0.47:15078|priority:0|startupRole:FOLLOWER, f07173a4-652e-46dc-b7ae-8cd05d01b793|rpc:10.1.0.47:15086|admin:10.1.0.47:15085|client:10.1.0.47:15084|dataStream:10.1.0.47:15087|priority:1|startupRole:FOLLOWER]|listeners:[], old=null
2023-06-23 00:37:39,744 [c45f7b2b-079b-4ce1-93e8-334248332cec@group-75E033552230-LeaderElection18] INFO  server.RaftServerConfigKeys (ConfUtils.java:logFallback(53)) - raft.server.rpc.first-election.timeout.min = 5s (fallback to raft.server.rpc.timeout.min)
2023-06-23 00:37:39,745 [c45f7b2b-079b-4ce1-93e8-334248332cec@group-75E033552230-LeaderElection18] INFO  server.RaftServerConfigKeys (ConfUtils.java:logFallback(53)) - raft.server.rpc.first-election.timeout.max = 5200ms (fallback to raft.server.rpc.timeout.max)
2023-06-23 00:37:39,751 [f07173a4-652e-46dc-b7ae-8cd05d01b793@group-75E033552230-LeaderElection19] INFO  impl.LeaderElection (LeaderElection.java:askForVotes(321)) - f07173a4-652e-46dc-b7ae-8cd05d01b793@group-75E033552230-LeaderElection19 PRE_VOTE round 0: submit vote requests at term 0 for -1: peers:[c45f7b2b-079b-4ce1-93e8-334248332cec|rpc:10.1.0.47:15068|admin:10.1.0.47:15067|client:10.1.0.47:15066|dataStream:10.1.0.47:15069|priority:0|startupRole:FOLLOWER, cdb7ea93-9969-4a2d-8fff-2d6ab6bce964|rpc:10.1.0.47:15077|admin:10.1.0.47:15076|client:10.1.0.47:15075|dataStream:10.1.0.47:15078|priority:0|startupRole:FOLLOWER, f07173a4-652e-46dc-b7ae-8cd05d01b793|rpc:10.1.0.47:15086|admin:10.1.0.47:15085|client:10.1.0.47:15084|dataStream:10.1.0.47:15087|priority:1|startupRole:FOLLOWER]|listeners:[], old=null
2023-06-23 00:37:39,751 [f07173a4-652e-46dc-b7ae-8cd05d01b793@group-75E033552230-LeaderElection19-1] INFO  server.GrpcServerProtocolClient (GrpcServerProtocolClient.java:<init>(65)) - Build channel for c45f7b2b-079b-4ce1-93e8-334248332cec
2023-06-23 00:37:39,752 [f07173a4-652e-46dc-b7ae-8cd05d01b793@group-75E033552230-LeaderElection19] INFO  server.RaftServerConfigKeys (ConfUtils.java:logFallback(53)) - raft.server.rpc.first-election.timeout.min = 5s (fallback to raft.server.rpc.timeout.min)
2023-06-23 00:37:39,752 [f07173a4-652e-46dc-b7ae-8cd05d01b793@group-75E033552230-LeaderElection19] INFO  server.RaftServerConfigKeys (ConfUtils.java:logFallback(53)) - raft.server.rpc.first-election.timeout.max = 5200ms (fallback to raft.server.rpc.timeout.max)
2023-06-23 00:37:39,752 [f07173a4-652e-46dc-b7ae-8cd05d01b793@group-75E033552230-LeaderElection19-2] INFO  server.GrpcServerProtocolClient (GrpcServerProtocolClient.java:<init>(65)) - Build channel for cdb7ea93-9969-4a2d-8fff-2d6ab6bce964
2023-06-23 00:37:39,756 [grpc-default-executor-1] INFO  server.RaftServer$Division (RaftServerImpl.java:requestVote(1302)) - f07173a4-652e-46dc-b7ae-8cd05d01b793@group-75E033552230: receive requestVote(PRE_VOTE, c45f7b2b-079b-4ce1-93e8-334248332cec, group-75E033552230, 0, (t:0, i:0))
2023-06-23 00:37:39,756 [grpc-default-executor-1] INFO  impl.VoteContext (VoteContext.java:log(49)) - f07173a4-652e-46dc-b7ae-8cd05d01b793@group-75E033552230-CANDIDATE: reject PRE_VOTE from c45f7b2b-079b-4ce1-93e8-334248332cec: our priority 1 > candidate's priority 0
2023-06-23 00:37:39,756 [grpc-default-executor-1] INFO  server.RaftServer$Division (RaftServerImpl.java:requestVote(1335)) - f07173a4-652e-46dc-b7ae-8cd05d01b793@group-75E033552230 replies to PRE_VOTE vote request: c45f7b2b-079b-4ce1-93e8-334248332cec<-f07173a4-652e-46dc-b7ae-8cd05d01b793#0:FAIL-t0. Peer's state: f07173a4-652e-46dc-b7ae-8cd05d01b793@group-75E033552230:t0, leader=null, voted=, raftlog=Memoized:f07173a4-652e-46dc-b7ae-8cd05d01b793@group-75E033552230-SegmentedRaftLog:OPENED:c-1, conf=-1: peers:[c45f7b2b-079b-4ce1-93e8-334248332cec|rpc:10.1.0.47:15068|admin:10.1.0.47:15067|client:10.1.0.47:15066|dataStream:10.1.0.47:15069|priority:0|startupRole:FOLLOWER, cdb7ea93-9969-4a2d-8fff-2d6ab6bce964|rpc:10.1.0.47:15077|admin:10.1.0.47:15076|client:10.1.0.47:15075|dataStream:10.1.0.47:15078|priority:0|startupRole:FOLLOWER, f07173a4-652e-46dc-b7ae-8cd05d01b793|rpc:10.1.0.47:15086|admin:10.1.0.47:15085|client:10.1.0.47:15084|dataStream:10.1.0.47:15087|priority:1|startupRole:FOLLOWER]|listeners:[], old=null
2023-06-23 00:37:39,759 [c45f7b2b-079b-4ce1-93e8-334248332cec@group-75E033552230-LeaderElection18] INFO  impl.LeaderElection (LeaderElection.java:logAndReturn(90)) - c45f7b2b-079b-4ce1-93e8-334248332cec@group-75E033552230-LeaderElection18: PRE_VOTE REJECTED received 2 response(s) and 0 exception(s):
2023-06-23 00:37:39,759 [c45f7b2b-079b-4ce1-93e8-334248332cec@group-75E033552230-LeaderElection18] INFO  impl.LeaderElection (LeaderElection.java:logAndReturn(94)) -   Response 0: c45f7b2b-079b-4ce1-93e8-334248332cec<-cdb7ea93-9969-4a2d-8fff-2d6ab6bce964#0:OK-t0
2023-06-23 00:37:39,759 [c45f7b2b-079b-4ce1-93e8-334248332cec@group-75E033552230-LeaderElection18] INFO  impl.LeaderElection (LeaderElection.java:logAndReturn(94)) -   Response 1: c45f7b2b-079b-4ce1-93e8-334248332cec<-f07173a4-652e-46dc-b7ae-8cd05d01b793#0:FAIL-t0
2023-06-23 00:37:39,759 [c45f7b2b-079b-4ce1-93e8-334248332cec@group-75E033552230-LeaderElection18] INFO  impl.LeaderElection (LeaderElection.java:askForVotes(323)) - c45f7b2b-079b-4ce1-93e8-334248332cec@group-75E033552230-LeaderElection18 PRE_VOTE round 0: result REJECTED
2023-06-23 00:37:39,759 [c45f7b2b-079b-4ce1-93e8-334248332cec@group-75E033552230-LeaderElection18] INFO  server.RaftServer$Division (RaftServerImpl.java:setRole(329)) - c45f7b2b-079b-4ce1-93e8-334248332cec@group-75E033552230: changes role from CANDIDATE to FOLLOWER at term 0 for REJECTED
2023-06-23 00:37:39,759 [c45f7b2b-079b-4ce1-93e8-334248332cec@group-75E033552230-LeaderElection18] INFO  impl.RoleInfo (RoleInfo.java:shutdownLeaderElection(130)) - c45f7b2b-079b-4ce1-93e8-334248332cec: shutdown c45f7b2b-079b-4ce1-93e8-334248332cec@group-75E033552230-LeaderElection18
2023-06-23 00:37:39,759 [c45f7b2b-079b-4ce1-93e8-334248332cec@group-75E033552230-LeaderElection18] INFO  impl.RoleInfo (RoleInfo.java:updateAndGet(139)) - c45f7b2b-079b-4ce1-93e8-334248332cec: start c45f7b2b-079b-4ce1-93e8-334248332cec@group-75E033552230-FollowerState
2023-06-23 00:37:39,765 [grpc-default-executor-1] INFO  server.RaftServer$Division (RaftServerImpl.java:requestVote(1302)) - c45f7b2b-079b-4ce1-93e8-334248332cec@group-75E033552230: receive requestVote(PRE_VOTE, f07173a4-652e-46dc-b7ae-8cd05d01b793, group-75E033552230, 0, (t:0, i:0))
2023-06-23 00:37:39,765 [grpc-default-executor-1] INFO  impl.VoteContext (VoteContext.java:log(49)) - c45f7b2b-079b-4ce1-93e8-334248332cec@group-75E033552230-FOLLOWER: accept PRE_VOTE from f07173a4-652e-46dc-b7ae-8cd05d01b793: our priority 0 <= candidate's priority 1
2023-06-23 00:37:39,765 [grpc-default-executor-1] INFO  server.RaftServer$Division (RaftServerImpl.java:requestVote(1335)) - c45f7b2b-079b-4ce1-93e8-334248332cec@group-75E033552230 replies to PRE_VOTE vote request: f07173a4-652e-46dc-b7ae-8cd05d01b793<-c45f7b2b-079b-4ce1-93e8-334248332cec#0:OK-t0. Peer's state: c45f7b2b-079b-4ce1-93e8-334248332cec@group-75E033552230:t0, leader=null, voted=, raftlog=Memoized:c45f7b2b-079b-4ce1-93e8-334248332cec@group-75E033552230-SegmentedRaftLog:OPENED:c-1, conf=-1: peers:[c45f7b2b-079b-4ce1-93e8-334248332cec|rpc:10.1.0.47:15068|admin:10.1.0.47:15067|client:10.1.0.47:15066|dataStream:10.1.0.47:15069|priority:0|startupRole:FOLLOWER, cdb7ea93-9969-4a2d-8fff-2d6ab6bce964|rpc:10.1.0.47:15077|admin:10.1.0.47:15076|client:10.1.0.47:15075|dataStream:10.1.0.47:15078|priority:0|startupRole:FOLLOWER, f07173a4-652e-46dc-b7ae-8cd05d01b793|rpc:10.1.0.47:15086|admin:10.1.0.47:15085|client:10.1.0.47:15084|dataStream:10.1.0.47:15087|priority:1|startupRole:FOLLOWER]|listeners:[], old=null
2023-06-23 00:37:39,767 [f07173a4-652e-46dc-b7ae-8cd05d01b793@group-75E033552230-LeaderElection19] INFO  impl.LeaderElection (LeaderElection.java:logAndReturn(90)) - f07173a4-652e-46dc-b7ae-8cd05d01b793@group-75E033552230-LeaderElection19: PRE_VOTE PASSED received 1 response(s) and 0 exception(s):
2023-06-23 00:37:39,767 [f07173a4-652e-46dc-b7ae-8cd05d01b793@group-75E033552230-LeaderElection19] INFO  impl.LeaderElection (LeaderElection.java:logAndReturn(94)) -   Response 0: f07173a4-652e-46dc-b7ae-8cd05d01b793<-c45f7b2b-079b-4ce1-93e8-334248332cec#0:OK-t0
2023-06-23 00:37:39,767 [f07173a4-652e-46dc-b7ae-8cd05d01b793@group-75E033552230-LeaderElection19] INFO  impl.LeaderElection (LeaderElection.java:askForVotes(323)) - f07173a4-652e-46dc-b7ae-8cd05d01b793@group-75E033552230-LeaderElection19 PRE_VOTE round 0: result PASSED
2023-06-23 00:37:39,769 [f07173a4-652e-46dc-b7ae-8cd05d01b793@group-75E033552230-LeaderElection19] INFO  impl.LeaderElection (LeaderElection.java:askForVotes(321)) - f07173a4-652e-46dc-b7ae-8cd05d01b793@group-75E033552230-LeaderElection19 ELECTION round 0: submit vote requests at term 1 for -1: peers:[c45f7b2b-079b-4ce1-93e8-334248332cec|rpc:10.1.0.47:15068|admin:10.1.0.47:15067|client:10.1.0.47:15066|dataStream:10.1.0.47:15069|priority:0|startupRole:FOLLOWER, cdb7ea93-9969-4a2d-8fff-2d6ab6bce964|rpc:10.1.0.47:15077|admin:10.1.0.47:15076|client:10.1.0.47:15075|dataStream:10.1.0.47:15078|priority:0|startupRole:FOLLOWER, f07173a4-652e-46dc-b7ae-8cd05d01b793|rpc:10.1.0.47:15086|admin:10.1.0.47:15085|client:10.1.0.47:15084|dataStream:10.1.0.47:15087|priority:1|startupRole:FOLLOWER]|listeners:[], old=null
2023-06-23 00:37:39,777 [grpc-default-executor-1] INFO  server.RaftServer$Division (RaftServerImpl.java:requestVote(1302)) - c45f7b2b-079b-4ce1-93e8-334248332cec@group-75E033552230: receive requestVote(ELECTION, f07173a4-652e-46dc-b7ae-8cd05d01b793, group-75E033552230, 1, (t:0, i:0))
2023-06-23 00:37:39,777 [grpc-default-executor-1] INFO  impl.VoteContext (VoteContext.java:log(49)) - c45f7b2b-079b-4ce1-93e8-334248332cec@group-75E033552230-FOLLOWER: accept ELECTION from f07173a4-652e-46dc-b7ae-8cd05d01b793: our priority 0 <= candidate's priority 1
2023-06-23 00:37:39,777 [grpc-default-executor-1] INFO  server.RaftServer$Division (RaftServerImpl.java:setRole(329)) - c45f7b2b-079b-4ce1-93e8-334248332cec@group-75E033552230: changes role from  FOLLOWER to FOLLOWER at term 1 for candidate:f07173a4-652e-46dc-b7ae-8cd05d01b793
2023-06-23 00:37:39,777 [grpc-default-executor-1] INFO  impl.RoleInfo (RoleInfo.java:shutdownFollowerState(110)) - c45f7b2b-079b-4ce1-93e8-334248332cec: shutdown c45f7b2b-079b-4ce1-93e8-334248332cec@group-75E033552230-FollowerState
2023-06-23 00:37:39,782 [f07173a4-652e-46dc-b7ae-8cd05d01b793@group-75E033552230-LeaderElection19] INFO  server.RaftServerConfigKeys (ConfUtils.java:logFallback(53)) - raft.server.rpc.first-election.timeout.min = 5s (fallback to raft.server.rpc.timeout.min)
2023-06-23 00:37:39,782 [f07173a4-652e-46dc-b7ae-8cd05d01b793@group-75E033552230-LeaderElection19] INFO  server.RaftServerConfigKeys (ConfUtils.java:logFallback(53)) - raft.server.rpc.first-election.timeout.max = 5200ms (fallback to raft.server.rpc.timeout.max)
2023-06-23 00:37:39,783 [grpc-default-executor-1] INFO  impl.RoleInfo (RoleInfo.java:updateAndGet(139)) - c45f7b2b-079b-4ce1-93e8-334248332cec: start c45f7b2b-079b-4ce1-93e8-334248332cec@group-75E033552230-FollowerState
2023-06-23 00:37:39,783 [c45f7b2b-079b-4ce1-93e8-334248332cec@group-75E033552230-FollowerState] INFO  impl.FollowerState (FollowerState.java:run(152)) - c45f7b2b-079b-4ce1-93e8-334248332cec@group-75E033552230-FollowerState was interrupted
2023-06-23 00:37:39,784 [grpc-default-executor-5] INFO  server.RaftServer$Division (RaftServerImpl.java:requestVote(1302)) - cdb7ea93-9969-4a2d-8fff-2d6ab6bce964@group-75E033552230: receive requestVote(PRE_VOTE, f07173a4-652e-46dc-b7ae-8cd05d01b793, group-75E033552230, 0, (t:0, i:0))
2023-06-23 00:37:39,784 [grpc-default-executor-5] INFO  impl.VoteContext (VoteContext.java:log(49)) - cdb7ea93-9969-4a2d-8fff-2d6ab6bce964@group-75E033552230-FOLLOWER: accept PRE_VOTE from f07173a4-652e-46dc-b7ae-8cd05d01b793: our priority 0 <= candidate's priority 1
2023-06-23 00:37:39,784 [grpc-default-executor-5] INFO  server.RaftServer$Division (RaftServerImpl.java:requestVote(1335)) - cdb7ea93-9969-4a2d-8fff-2d6ab6bce964@group-75E033552230 replies to PRE_VOTE vote request: f07173a4-652e-46dc-b7ae-8cd05d01b793<-cdb7ea93-9969-4a2d-8fff-2d6ab6bce964#0:OK-t0. Peer's state: cdb7ea93-9969-4a2d-8fff-2d6ab6bce964@group-75E033552230:t0, leader=null, voted=, raftlog=Memoized:cdb7ea93-9969-4a2d-8fff-2d6ab6bce964@group-75E033552230-SegmentedRaftLog:OPENED:c-1, conf=-1: peers:[c45f7b2b-079b-4ce1-93e8-334248332cec|rpc:10.1.0.47:15068|admin:10.1.0.47:15067|client:10.1.0.47:15066|dataStream:10.1.0.47:15069|priority:0|startupRole:FOLLOWER, cdb7ea93-9969-4a2d-8fff-2d6ab6bce964|rpc:10.1.0.47:15077|admin:10.1.0.47:15076|client:10.1.0.47:15075|dataStream:10.1.0.47:15078|priority:0|startupRole:FOLLOWER, f07173a4-652e-46dc-b7ae-8cd05d01b793|rpc:10.1.0.47:15086|admin:10.1.0.47:15085|client:10.1.0.47:15084|dataStream:10.1.0.47:15087|priority:1|startupRole:FOLLOWER]|listeners:[], old=null
2023-06-23 00:37:39,785 [grpc-default-executor-5] INFO  server.RaftServer$Division (RaftServerImpl.java:requestVote(1302)) - cdb7ea93-9969-4a2d-8fff-2d6ab6bce964@group-75E033552230: receive requestVote(ELECTION, f07173a4-652e-46dc-b7ae-8cd05d01b793, group-75E033552230, 1, (t:0, i:0))
2023-06-23 00:37:39,785 [grpc-default-executor-5] INFO  impl.VoteContext (VoteContext.java:log(49)) - cdb7ea93-9969-4a2d-8fff-2d6ab6bce964@group-75E033552230-FOLLOWER: accept ELECTION from f07173a4-652e-46dc-b7ae-8cd05d01b793: our priority 0 <= candidate's priority 1
2023-06-23 00:37:39,785 [grpc-default-executor-5] INFO  server.RaftServer$Division (RaftServerImpl.java:setRole(329)) - cdb7ea93-9969-4a2d-8fff-2d6ab6bce964@group-75E033552230: changes role from  FOLLOWER to FOLLOWER at term 1 for candidate:f07173a4-652e-46dc-b7ae-8cd05d01b793
2023-06-23 00:37:39,785 [grpc-default-executor-5] INFO  impl.RoleInfo (RoleInfo.java:shutdownFollowerState(110)) - cdb7ea93-9969-4a2d-8fff-2d6ab6bce964: shutdown cdb7ea93-9969-4a2d-8fff-2d6ab6bce964@group-75E033552230-FollowerState
2023-06-23 00:37:39,789 [grpc-default-executor-5] INFO  impl.RoleInfo (RoleInfo.java:updateAndGet(139)) - cdb7ea93-9969-4a2d-8fff-2d6ab6bce964: start cdb7ea93-9969-4a2d-8fff-2d6ab6bce964@group-75E033552230-FollowerState
2023-06-23 00:37:39,789 [cdb7ea93-9969-4a2d-8fff-2d6ab6bce964@group-75E033552230-FollowerState] INFO  impl.FollowerState (FollowerState.java:run(152)) - cdb7ea93-9969-4a2d-8fff-2d6ab6bce964@group-75E033552230-FollowerState was interrupted
2023-06-23 00:37:39,792 [grpc-default-executor-1] INFO  server.RaftServer$Division (RaftServerImpl.java:requestVote(1335)) - c45f7b2b-079b-4ce1-93e8-334248332cec@group-75E033552230 replies to ELECTION vote request: f07173a4-652e-46dc-b7ae-8cd05d01b793<-c45f7b2b-079b-4ce1-93e8-334248332cec#0:OK-t1. Peer's state: c45f7b2b-079b-4ce1-93e8-334248332cec@group-75E033552230:t1, leader=null, voted=f07173a4-652e-46dc-b7ae-8cd05d01b793, raftlog=Memoized:c45f7b2b-079b-4ce1-93e8-334248332cec@group-75E033552230-SegmentedRaftLog:OPENED:c-1, conf=-1: peers:[c45f7b2b-079b-4ce1-93e8-334248332cec|rpc:10.1.0.47:15068|admin:10.1.0.47:15067|client:10.1.0.47:15066|dataStream:10.1.0.47:15069|priority:0|startupRole:FOLLOWER, cdb7ea93-9969-4a2d-8fff-2d6ab6bce964|rpc:10.1.0.47:15077|admin:10.1.0.47:15076|client:10.1.0.47:15075|dataStream:10.1.0.47:15078|priority:0|startupRole:FOLLOWER, f07173a4-652e-46dc-b7ae-8cd05d01b793|rpc:10.1.0.47:15086|admin:10.1.0.47:15085|client:10.1.0.47:15084|dataStream:10.1.0.47:15087|priority:1|startupRole:FOLLOWER]|listeners:[], old=null
2023-06-23 00:37:39,796 [f07173a4-652e-46dc-b7ae-8cd05d01b793@group-75E033552230-LeaderElection19] INFO  impl.LeaderElection (LeaderElection.java:logAndReturn(90)) - f07173a4-652e-46dc-b7ae-8cd05d01b793@group-75E033552230-LeaderElection19: ELECTION PASSED received 1 response(s) and 0 exception(s):
2023-06-23 00:37:39,796 [f07173a4-652e-46dc-b7ae-8cd05d01b793@group-75E033552230-LeaderElection19] INFO  impl.LeaderElection (LeaderElection.java:logAndReturn(94)) -   Response 0: f07173a4-652e-46dc-b7ae-8cd05d01b793<-c45f7b2b-079b-4ce1-93e8-334248332cec#0:OK-t1
2023-06-23 00:37:39,796 [f07173a4-652e-46dc-b7ae-8cd05d01b793@group-75E033552230-LeaderElection19] INFO  impl.LeaderElection (LeaderElection.java:askForVotes(323)) - f07173a4-652e-46dc-b7ae-8cd05d01b793@group-75E033552230-LeaderElection19 ELECTION round 0: result PASSED
2023-06-23 00:37:39,796 [f07173a4-652e-46dc-b7ae-8cd05d01b793@group-75E033552230-LeaderElection19] INFO  impl.RoleInfo (RoleInfo.java:shutdownLeaderElection(130)) - f07173a4-652e-46dc-b7ae-8cd05d01b793: shutdown f07173a4-652e-46dc-b7ae-8cd05d01b793@group-75E033552230-LeaderElection19
2023-06-23 00:37:39,796 [f07173a4-652e-46dc-b7ae-8cd05d01b793@group-75E033552230-LeaderElection19] INFO  server.RaftServer$Division (RaftServerImpl.java:setRole(329)) - f07173a4-652e-46dc-b7ae-8cd05d01b793@group-75E033552230: changes role from CANDIDATE to LEADER at term 1 for changeToLeader
2023-06-23 00:37:39,796 [f07173a4-652e-46dc-b7ae-8cd05d01b793@group-75E033552230-LeaderElection19] INFO  ratis.XceiverServerRatis (XceiverServerRatis.java:handleLeaderChangedNotification(902)) - Leader change notification received for group: group-75E033552230 with new leaderId: f07173a4-652e-46dc-b7ae-8cd05d01b793
2023-06-23 00:37:39,796 [f07173a4-652e-46dc-b7ae-8cd05d01b793@group-75E033552230-LeaderElection19] INFO  server.RaftServer$Division (ServerState.java:setLeader(317)) - f07173a4-652e-46dc-b7ae-8cd05d01b793@group-75E033552230: change Leader from null to f07173a4-652e-46dc-b7ae-8cd05d01b793 at term 1 for becomeLeader, leader elected after 5129ms
2023-06-23 00:37:39,796 [f07173a4-652e-46dc-b7ae-8cd05d01b793@group-75E033552230-LeaderElection19] INFO  server.RaftServerConfigKeys (ConfUtils.java:logGet(46)) - raft.server.staging.catchup.gap = 1000 (default)
2023-06-23 00:37:39,796 [f07173a4-652e-46dc-b7ae-8cd05d01b793@group-75E033552230-LeaderElection19] INFO  server.RaftServerConfigKeys (ConfUtils.java:logGet(46)) - raft.server.write.element-limit = 1024 (custom)
2023-06-23 00:37:39,797 [f07173a4-652e-46dc-b7ae-8cd05d01b793@group-75E033552230-LeaderElection19] INFO  server.RaftServerConfigKeys (ConfUtils.java:logGet(46)) - raft.server.write.byte-limit = 1024 M (=1073741824) (custom)
2023-06-23 00:37:39,797 [f07173a4-652e-46dc-b7ae-8cd05d01b793@group-75E033552230-LeaderElection19] INFO  server.RaftServerConfigKeys (ConfUtils.java:logGet(46)) - raft.server.watch.timeout = 180s (custom)
2023-06-23 00:37:39,797 [f07173a4-652e-46dc-b7ae-8cd05d01b793@group-75E033552230-LeaderElection19] INFO  server.RaftServerConfigKeys (ConfUtils.java:logGet(46)) - raft.server.watch.timeout.denomination = 1s (default)
2023-06-23 00:37:39,797 [f07173a4-652e-46dc-b7ae-8cd05d01b793@group-75E033552230-LeaderElection19] INFO  server.RaftServerConfigKeys (ConfUtils.java:logGet(46)) - raft.server.watch.element-limit = 65536 (default)
2023-06-23 00:37:39,797 [f07173a4-652e-46dc-b7ae-8cd05d01b793@group-75E033552230-LeaderElection19] INFO  server.RaftServerConfigKeys (ConfUtils.java:logGet(46)) - raft.server.write.element-limit = 1024 (custom)
2023-06-23 00:37:39,797 [f07173a4-652e-46dc-b7ae-8cd05d01b793@group-75E033552230-LeaderElection19] INFO  server.RaftServerConfigKeys (ConfUtils.java:logGet(46)) - raft.server.write.follower.gap.ratio.max = -1.0 (default)
2023-06-23 00:37:39,797 [f07173a4-652e-46dc-b7ae-8cd05d01b793@group-75E033552230-LeaderElection19] INFO  server.RaftServerConfigKeys (ConfUtils.java:logGet(46)) - raft.server.log.appender.snapshot.chunk.size.max = 16MB (=16777216) (default)
2023-06-23 00:37:39,797 [f07173a4-652e-46dc-b7ae-8cd05d01b793@group-75E033552230-LeaderElection19] INFO  server.RaftServerConfigKeys (ConfUtils.java:logGet(46)) - raft.server.log.appender.buffer.byte-limit = 33554432 (custom)
2023-06-23 00:37:39,798 [f07173a4-652e-46dc-b7ae-8cd05d01b793@group-75E033552230-LeaderElection19] INFO  server.RaftServerConfigKeys (ConfUtils.java:logGet(46)) - raft.server.log.appender.buffer.element-limit = 1 (custom)
2023-06-23 00:37:39,798 [f07173a4-652e-46dc-b7ae-8cd05d01b793@group-75E033552230-LeaderElection19] INFO  server.RaftServerConfigKeys (ConfUtils.java:logGet(46)) - raft.server.log.appender.wait-time.min = 10ms (default)
2023-06-23 00:37:39,798 [f07173a4-652e-46dc-b7ae-8cd05d01b793@group-75E033552230-LeaderElection19] INFO  grpc.GrpcConfigKeys (ConfUtils.java:logGet(46)) - raft.grpc.server.leader.outstanding.appends.max = 128 (default)
2023-06-23 00:37:39,798 [f07173a4-652e-46dc-b7ae-8cd05d01b793@group-75E033552230-LeaderElection19] INFO  server.RaftServerConfigKeys (ConfUtils.java:logGet(46)) - raft.server.rpc.request.timeout = 60s (custom)
2023-06-23 00:37:39,798 [f07173a4-652e-46dc-b7ae-8cd05d01b793@group-75E033552230-LeaderElection19] INFO  grpc.GrpcConfigKeys (ConfUtils.java:logGet(46)) - raft.grpc.server.install_snapshot.request.element-limit = 8 (default)
2023-06-23 00:37:39,798 [f07173a4-652e-46dc-b7ae-8cd05d01b793@group-75E033552230-LeaderElection19] INFO  grpc.GrpcConfigKeys (ConfUtils.java:logGet(46)) - raft.grpc.server.install_snapshot.request.timeout = 3000ms (default)
2023-06-23 00:37:39,798 [f07173a4-652e-46dc-b7ae-8cd05d01b793@group-75E033552230-LeaderElection19] INFO  server.RaftServerConfigKeys (ConfUtils.java:logGet(46)) - raft.server.log.appender.install.snapshot.enabled = false (custom)
2023-06-23 00:37:39,798 [f07173a4-652e-46dc-b7ae-8cd05d01b793@group-75E033552230-LeaderElection19] INFO  grpc.GrpcConfigKeys (ConfUtils.java:logGet(46)) - raft.grpc.server.heartbeat.channel = true (default)
2023-06-23 00:37:39,799 [grpc-default-executor-5] INFO  server.RaftServer$Division (RaftServerImpl.java:requestVote(1335)) - cdb7ea93-9969-4a2d-8fff-2d6ab6bce964@group-75E033552230 replies to ELECTION vote request: f07173a4-652e-46dc-b7ae-8cd05d01b793<-cdb7ea93-9969-4a2d-8fff-2d6ab6bce964#0:OK-t1. Peer's state: cdb7ea93-9969-4a2d-8fff-2d6ab6bce964@group-75E033552230:t1, leader=null, voted=f07173a4-652e-46dc-b7ae-8cd05d01b793, raftlog=Memoized:cdb7ea93-9969-4a2d-8fff-2d6ab6bce964@group-75E033552230-SegmentedRaftLog:OPENED:c-1, conf=-1: peers:[c45f7b2b-079b-4ce1-93e8-334248332cec|rpc:10.1.0.47:15068|admin:10.1.0.47:15067|client:10.1.0.47:15066|dataStream:10.1.0.47:15069|priority:0|startupRole:FOLLOWER, cdb7ea93-9969-4a2d-8fff-2d6ab6bce964|rpc:10.1.0.47:15077|admin:10.1.0.47:15076|client:10.1.0.47:15075|dataStream:10.1.0.47:15078|priority:0|startupRole:FOLLOWER, f07173a4-652e-46dc-b7ae-8cd05d01b793|rpc:10.1.0.47:15086|admin:10.1.0.47:15085|client:10.1.0.47:15084|dataStream:10.1.0.47:15087|priority:1|startupRole:FOLLOWER]|listeners:[], old=null
2023-06-23 00:37:39,800 [f07173a4-652e-46dc-b7ae-8cd05d01b793@group-75E033552230-LeaderElection19] INFO  server.RaftServerConfigKeys (ConfUtils.java:logGet(46)) - raft.server.log.appender.snapshot.chunk.size.max = 16MB (=16777216) (default)
2023-06-23 00:37:39,800 [f07173a4-652e-46dc-b7ae-8cd05d01b793@group-75E033552230-LeaderElection19] INFO  server.RaftServerConfigKeys (ConfUtils.java:logGet(46)) - raft.server.log.appender.buffer.byte-limit = 33554432 (custom)
2023-06-23 00:37:39,800 [f07173a4-652e-46dc-b7ae-8cd05d01b793@group-75E033552230-LeaderElection19] INFO  server.RaftServerConfigKeys (ConfUtils.java:logGet(46)) - raft.server.log.appender.buffer.element-limit = 1 (custom)
2023-06-23 00:37:39,800 [f07173a4-652e-46dc-b7ae-8cd05d01b793@group-75E033552230-LeaderElection19] INFO  server.RaftServerConfigKeys (ConfUtils.java:logGet(46)) - raft.server.log.appender.wait-time.min = 10ms (default)
2023-06-23 00:37:39,800 [f07173a4-652e-46dc-b7ae-8cd05d01b793@group-75E033552230-LeaderElection19] INFO  grpc.GrpcConfigKeys (ConfUtils.java:logGet(46)) - raft.grpc.server.leader.outstanding.appends.max = 128 (default)
2023-06-23 00:37:39,800 [f07173a4-652e-46dc-b7ae-8cd05d01b793@group-75E033552230-LeaderElection19] INFO  server.RaftServerConfigKeys (ConfUtils.java:logGet(46)) - raft.server.rpc.request.timeout = 60s (custom)
2023-06-23 00:37:39,800 [f07173a4-652e-46dc-b7ae-8cd05d01b793@group-75E033552230-LeaderElection19] INFO  grpc.GrpcConfigKeys (ConfUtils.java:logGet(46)) - raft.grpc.server.install_snapshot.request.element-limit = 8 (default)
2023-06-23 00:37:39,800 [f07173a4-652e-46dc-b7ae-8cd05d01b793@group-75E033552230-LeaderElection19] INFO  grpc.GrpcConfigKeys (ConfUtils.java:logGet(46)) - raft.grpc.server.install_snapshot.request.timeout = 3000ms (default)
2023-06-23 00:37:39,800 [f07173a4-652e-46dc-b7ae-8cd05d01b793@group-75E033552230-LeaderElection19] INFO  server.RaftServerConfigKeys (ConfUtils.java:logGet(46)) - raft.server.log.appender.install.snapshot.enabled = false (custom)
2023-06-23 00:37:39,800 [f07173a4-652e-46dc-b7ae-8cd05d01b793@group-75E033552230-LeaderElection19] INFO  grpc.GrpcConfigKeys (ConfUtils.java:logGet(46)) - raft.grpc.server.heartbeat.channel = true (default)
2023-06-23 00:37:39,801 [f07173a4-652e-46dc-b7ae-8cd05d01b793@group-75E033552230-LeaderElection19] INFO  impl.RoleInfo (RoleInfo.java:updateAndGet(139)) - f07173a4-652e-46dc-b7ae-8cd05d01b793: start f07173a4-652e-46dc-b7ae-8cd05d01b793@group-75E033552230-LeaderStateImpl
2023-06-23 00:37:39,801 [f07173a4-652e-46dc-b7ae-8cd05d01b793@group-75E033552230-LeaderElection19] INFO  segmented.SegmentedRaftLogWorker (SegmentedRaftLogWorker.java:startLogSegment(447)) - f07173a4-652e-46dc-b7ae-8cd05d01b793@group-75E033552230-SegmentedRaftLogWorker: Starting segment from index:0
2023-06-23 00:37:39,802 [f07173a4-652e-46dc-b7ae-8cd05d01b793@group-75E033552230-SegmentedRaftLogWorker] INFO  segmented.SegmentedRaftLogWorker (SegmentedRaftLogWorker.java:execute(651)) - f07173a4-652e-46dc-b7ae-8cd05d01b793@group-75E033552230-SegmentedRaftLogWorker: created new log segment /home/runner/work/ozone/ozone/hadoop-ozone/integration-test/target/test-dir/MiniOzoneClusterImpl-3c3985d8-3248-4f19-a32f-4442bec32466/datanode-8/data/ratis/ec9bc32f-eebc-47f0-85b8-75e033552230/current/log_inprogress_0
2023-06-23 00:37:39,803 [EventQueue-PipelineReportForPipelineReportHandler] INFO  pipeline.PipelineManagerImpl (PipelineManagerImpl.java:openPipeline(367)) - Pipeline Pipeline[ Id: ec9bc32f-eebc-47f0-85b8-75e033552230, Nodes: f07173a4-652e-46dc-b7ae-8cd05d01b793(fv-az570-151.srgqcr2moziuvm0qev4lajleyh.dx.internal.cloudapp.net/10.1.0.47)c45f7b2b-079b-4ce1-93e8-334248332cec(fv-az570-151.srgqcr2moziuvm0qev4lajleyh.dx.internal.cloudapp.net/10.1.0.47)cdb7ea93-9969-4a2d-8fff-2d6ab6bce964(fv-az570-151.srgqcr2moziuvm0qev4lajleyh.dx.internal.cloudapp.net/10.1.0.47), ReplicationConfig: RATIS/THREE, State:ALLOCATED, leaderId:f07173a4-652e-46dc-b7ae-8cd05d01b793, CreationTimestamp2023-06-23T00:37:32.405Z[Etc/UTC]] moved to OPEN state
2023-06-23 00:37:39,807 [f07173a4-652e-46dc-b7ae-8cd05d01b793@group-75E033552230-LeaderElection19] INFO  server.RaftServer$Division (ServerState.java:setRaftConf(434)) - f07173a4-652e-46dc-b7ae-8cd05d01b793@group-75E033552230: set configuration 0: peers:[c45f7b2b-079b-4ce1-93e8-334248332cec|rpc:10.1.0.47:15068|admin:10.1.0.47:15067|client:10.1.0.47:15066|dataStream:10.1.0.47:15069|priority:0|startupRole:FOLLOWER, cdb7ea93-9969-4a2d-8fff-2d6ab6bce964|rpc:10.1.0.47:15077|admin:10.1.0.47:15076|client:10.1.0.47:15075|dataStream:10.1.0.47:15078|priority:0|startupRole:FOLLOWER, f07173a4-652e-46dc-b7ae-8cd05d01b793|rpc:10.1.0.47:15086|admin:10.1.0.47:15085|client:10.1.0.47:15084|dataStream:10.1.0.47:15087|priority:1|startupRole:FOLLOWER]|listeners:[], old=null
2023-06-23 00:37:39,811 [c45f7b2b-079b-4ce1-93e8-334248332cec-server-thread1] INFO  ratis.XceiverServerRatis (XceiverServerRatis.java:handleLeaderChangedNotification(902)) - Leader change notification received for group: group-75E033552230 with new leaderId: f07173a4-652e-46dc-b7ae-8cd05d01b793
2023-06-23 00:37:39,811 [c45f7b2b-079b-4ce1-93e8-334248332cec-server-thread1] INFO  server.RaftServer$Division (ServerState.java:setLeader(317)) - c45f7b2b-079b-4ce1-93e8-334248332cec@group-75E033552230: change Leader from null to f07173a4-652e-46dc-b7ae-8cd05d01b793 at term 1 for appendEntries, leader elected after 5172ms
2023-06-23 00:37:39,819 [c45f7b2b-079b-4ce1-93e8-334248332cec-server-thread2] INFO  server.RaftServer$Division (ServerState.java:setRaftConf(434)) - c45f7b2b-079b-4ce1-93e8-334248332cec@group-75E033552230: set configuration 0: peers:[c45f7b2b-079b-4ce1-93e8-334248332cec|rpc:10.1.0.47:15068|admin:10.1.0.47:15067|client:10.1.0.47:15066|dataStream:10.1.0.47:15069|priority:0|startupRole:FOLLOWER, cdb7ea93-9969-4a2d-8fff-2d6ab6bce964|rpc:10.1.0.47:15077|admin:10.1.0.47:15076|client:10.1.0.47:15075|dataStream:10.1.0.47:15078|priority:0|startupRole:FOLLOWER, f07173a4-652e-46dc-b7ae-8cd05d01b793|rpc:10.1.0.47:15086|admin:10.1.0.47:15085|client:10.1.0.47:15084|dataStream:10.1.0.47:15087|priority:1|startupRole:FOLLOWER]|listeners:[], old=null
2023-06-23 00:37:39,819 [c45f7b2b-079b-4ce1-93e8-334248332cec-server-thread2] INFO  segmented.SegmentedRaftLogWorker (SegmentedRaftLogWorker.java:startLogSegment(447)) - c45f7b2b-079b-4ce1-93e8-334248332cec@group-75E033552230-SegmentedRaftLogWorker: Starting segment from index:0
2023-06-23 00:37:39,820 [c45f7b2b-079b-4ce1-93e8-334248332cec@group-75E033552230-SegmentedRaftLogWorker] INFO  segmented.SegmentedRaftLogWorker (SegmentedRaftLogWorker.java:execute(651)) - c45f7b2b-079b-4ce1-93e8-334248332cec@group-75E033552230-SegmentedRaftLogWorker: created new log segment /home/runner/work/ozone/ozone/hadoop-ozone/integration-test/target/test-dir/MiniOzoneClusterImpl-3c3985d8-3248-4f19-a32f-4442bec32466/datanode-6/data/ratis/ec9bc32f-eebc-47f0-85b8-75e033552230/current/log_inprogress_0
2023-06-23 00:37:39,823 [cdb7ea93-9969-4a2d-8fff-2d6ab6bce964-server-thread1] INFO  ratis.XceiverServerRatis (XceiverServerRatis.java:handleLeaderChangedNotification(902)) - Leader change notification received for group: group-75E033552230 with new leaderId: f07173a4-652e-46dc-b7ae-8cd05d01b793
2023-06-23 00:37:39,823 [cdb7ea93-9969-4a2d-8fff-2d6ab6bce964-server-thread1] INFO  server.RaftServer$Division (ServerState.java:setLeader(317)) - cdb7ea93-9969-4a2d-8fff-2d6ab6bce964@group-75E033552230: change Leader from null to f07173a4-652e-46dc-b7ae-8cd05d01b793 at term 1 for appendEntries, leader elected after 5108ms
2023-06-23 00:37:39,839 [cdb7ea93-9969-4a2d-8fff-2d6ab6bce964-server-thread2] INFO  server.RaftServer$Division (ServerState.java:setRaftConf(434)) - cdb7ea93-9969-4a2d-8fff-2d6ab6bce964@group-75E033552230: set configuration 0: peers:[c45f7b2b-079b-4ce1-93e8-334248332cec|rpc:10.1.0.47:15068|admin:10.1.0.47:15067|client:10.1.0.47:15066|dataStream:10.1.0.47:15069|priority:0|startupRole:FOLLOWER, cdb7ea93-9969-4a2d-8fff-2d6ab6bce964|rpc:10.1.0.47:15077|admin:10.1.0.47:15076|client:10.1.0.47:15075|dataStream:10.1.0.47:15078|priority:0|startupRole:FOLLOWER, f07173a4-652e-46dc-b7ae-8cd05d01b793|rpc:10.1.0.47:15086|admin:10.1.0.47:15085|client:10.1.0.47:15084|dataStream:10.1.0.47:15087|priority:1|startupRole:FOLLOWER]|listeners:[], old=null
2023-06-23 00:37:39,839 [cdb7ea93-9969-4a2d-8fff-2d6ab6bce964-server-thread2] INFO  segmented.SegmentedRaftLogWorker (SegmentedRaftLogWorker.java:startLogSegment(447)) - cdb7ea93-9969-4a2d-8fff-2d6ab6bce964@group-75E033552230-SegmentedRaftLogWorker: Starting segment from index:0
2023-06-23 00:37:39,840 [cdb7ea93-9969-4a2d-8fff-2d6ab6bce964@group-75E033552230-SegmentedRaftLogWorker] INFO  segmented.SegmentedRaftLogWorker (SegmentedRaftLogWorker.java:execute(651)) - cdb7ea93-9969-4a2d-8fff-2d6ab6bce964@group-75E033552230-SegmentedRaftLogWorker: created new log segment /home/runner/work/ozone/ozone/hadoop-ozone/integration-test/target/test-dir/MiniOzoneClusterImpl-3c3985d8-3248-4f19-a32f-4442bec32466/datanode-7/data/ratis/ec9bc32f-eebc-47f0-85b8-75e033552230/current/log_inprogress_0
2023-06-23 00:37:40,023 [qtp577682023-15] ERROR generators.WadlGeneratorJAXBGrammarGenerator (WadlGeneratorJAXBGrammarGenerator.java:buildModelAndSchemas(207)) - Failed to generate the schema for the JAX-B elements
com.sun.xml.bind.v2.runtime.IllegalAnnotationsException: 1 counts of IllegalAnnotationExceptions
java.util.Map is an interface, and JAXB can't handle interfaces.
	this problem is related to the following location:
		at java.util.Map

	at com.sun.xml.bind.v2.runtime.IllegalAnnotationsException$Builder.check(IllegalAnnotationsException.java:106)
	at com.sun.xml.bind.v2.runtime.JAXBContextImpl.getTypeInfoSet(JAXBContextImpl.java:471)
	at com.sun.xml.bind.v2.runtime.JAXBContextImpl.<init>(JAXBContextImpl.java:303)
	at com.sun.xml.bind.v2.runtime.JAXBContextImpl.<init>(JAXBContextImpl.java:139)
	at com.sun.xml.bind.v2.runtime.JAXBContextImpl$JAXBContextBuilder.build(JAXBContextImpl.java:1156)
	at com.sun.xml.bind.v2.ContextFactory.createContext(ContextFactory.java:165)
	at sun.reflect.NativeMethodAccessorImpl.invoke0(Native Method)
	at sun.reflect.NativeMethodAccessorImpl.invoke(NativeMethodAccessorImpl.java:62)
	at sun.reflect.DelegatingMethodAccessorImpl.invoke(DelegatingMethodAccessorImpl.java:43)
	at java.lang.reflect.Method.invoke(Method.java:498)
	at javax.xml.bind.ContextFinder.newInstance(ContextFinder.java:247)
	at javax.xml.bind.ContextFinder.newInstance(ContextFinder.java:234)
	at javax.xml.bind.ContextFinder.find(ContextFinder.java:441)
	at javax.xml.bind.JAXBContext.newInstance(JAXBContext.java:641)
	at javax.xml.bind.JAXBContext.newInstance(JAXBContext.java:584)
	at com.sun.jersey.server.wadl.generators.WadlGeneratorJAXBGrammarGenerator.buildModelAndSchemas(WadlGeneratorJAXBGrammarGenerator.java:169)
	at com.sun.jersey.server.wadl.generators.AbstractWadlGeneratorGrammarGenerator.createExternalGrammar(AbstractWadlGeneratorGrammarGenerator.java:405)
	at com.sun.jersey.server.wadl.WadlBuilder.generate(WadlBuilder.java:149)
	at com.sun.jersey.server.impl.wadl.WadlApplicationContextImpl.getApplication(WadlApplicationContextImpl.java:119)
	at com.sun.jersey.server.impl.wadl.WadlApplicationContextImpl.getApplication(WadlApplicationContextImpl.java:138)
	at com.sun.jersey.server.impl.wadl.WadlMethodFactory$WadlOptionsMethodDispatcher.dispatch(WadlMethodFactory.java:110)
	at com.sun.jersey.server.impl.uri.rules.HttpMethodRule.accept(HttpMethodRule.java:302)
	at com.sun.jersey.server.impl.uri.rules.RightHandPathRule.accept(RightHandPathRule.java:147)
	at com.sun.jersey.server.impl.uri.rules.ResourceClassRule.accept(ResourceClassRule.java:108)
	at com.sun.jersey.server.impl.uri.rules.RightHandPathRule.accept(RightHandPathRule.java:147)
	at com.sun.jersey.server.impl.uri.rules.RootResourceClassesRule.accept(RootResourceClassesRule.java:84)
	at com.sun.jersey.server.impl.application.WebApplicationImpl._handleRequest(WebApplicationImpl.java:1542)
	at com.sun.jersey.server.impl.application.WebApplicationImpl._handleRequest(WebApplicationImpl.java:1473)
	at com.sun.jersey.server.impl.application.WebApplicationImpl.handleRequest(WebApplicationImpl.java:1419)
	at com.sun.jersey.server.impl.application.WebApplicationImpl.handleRequest(WebApplicationImpl.java:1409)
	at com.sun.jersey.spi.container.servlet.WebComponent.service(WebComponent.java:409)
	at com.sun.jersey.spi.container.servlet.ServletContainer.service(ServletContainer.java:558)
	at com.sun.jersey.spi.container.servlet.ServletContainer.service(ServletContainer.java:733)
	at javax.servlet.http.HttpServlet.service(HttpServlet.java:590)
	at org.eclipse.jetty.servlet.ServletHolder$NotAsync.service(ServletHolder.java:1459)
	at org.eclipse.jetty.servlet.ServletHolder.handle(ServletHolder.java:799)
	at org.eclipse.jetty.servlet.ServletHandler$ChainEnd.doFilter(ServletHandler.java:1656)
	at org.apache.hadoop.crypto.key.kms.server.KMSMDCFilter.doFilter(KMSMDCFilter.java:98)
	at org.eclipse.jetty.servlet.FilterHolder.doFilter(FilterHolder.java:193)
	at org.eclipse.jetty.servlet.ServletHandler$Chain.doFilter(ServletHandler.java:1626)
	at org.apache.hadoop.security.authentication.server.AuthenticationFilter.doFilter(AuthenticationFilter.java:650)
	at org.apache.hadoop.security.token.delegation.web.DelegationTokenAuthenticationFilter.doFilter(DelegationTokenAuthenticationFilter.java:305)
	at org.apache.hadoop.security.authentication.server.AuthenticationFilter.doFilter(AuthenticationFilter.java:592)
	at org.apache.hadoop.crypto.key.kms.server.KMSAuthenticationFilter.doFilter(KMSAuthenticationFilter.java:162)
	at org.eclipse.jetty.servlet.FilterHolder.doFilter(FilterHolder.java:201)
	at org.eclipse.jetty.servlet.ServletHandler$Chain.doFilter(ServletHandler.java:1626)
	at org.apache.hadoop.http.lib.StaticUserWebFilter$StaticUserFilter.doFilter(StaticUserWebFilter.java:110)
	at org.eclipse.jetty.servlet.FilterHolder.doFilter(FilterHolder.java:193)
	at org.eclipse.jetty.servlet.ServletHandler$Chain.doFilter(ServletHandler.java:1626)
	at org.apache.hadoop.http.HttpServer2$QuotingInputFilter.doFilter(HttpServer2.java:1794)
	at org.eclipse.jetty.servlet.FilterHolder.doFilter(FilterHolder.java:193)
	at org.eclipse.jetty.servlet.ServletHandler$Chain.doFilter(ServletHandler.java:1626)
	at org.apache.hadoop.http.NoCacheFilter.doFilter(NoCacheFilter.java:45)
	at org.eclipse.jetty.servlet.FilterHolder.doFilter(FilterHolder.java:193)
	at org.eclipse.jetty.servlet.ServletHandler$Chain.doFilter(ServletHandler.java:1626)
	at org.eclipse.jetty.servlet.ServletHandler.doHandle(ServletHandler.java:552)
	at org.eclipse.jetty.server.handler.ScopedHandler.handle(ScopedHandler.java:143)
	at org.eclipse.jetty.security.SecurityHandler.handle(SecurityHandler.java:600)
	at org.eclipse.jetty.server.handler.HandlerWrapper.handle(HandlerWrapper.java:127)
	at org.eclipse.jetty.server.handler.ScopedHandler.nextHandle(ScopedHandler.java:235)
	at org.eclipse.jetty.server.session.SessionHandler.doHandle(SessionHandler.java:1624)
	at org.eclipse.jetty.server.handler.ScopedHandler.nextHandle(ScopedHandler.java:233)
	at org.eclipse.jetty.server.handler.ContextHandler.doHandle(ContextHandler.java:1440)
	at org.eclipse.jetty.server.handler.ScopedHandler.nextScope(ScopedHandler.java:188)
	at org.eclipse.jetty.servlet.ServletHandler.doScope(ServletHandler.java:505)
	at org.eclipse.jetty.server.session.SessionHandler.doScope(SessionHandler.java:1594)
	at org.eclipse.jetty.server.handler.ScopedHandler.nextScope(ScopedHandler.java:186)
	at org.eclipse.jetty.server.handler.ContextHandler.doScope(ContextHandler.java:1355)
	at org.eclipse.jetty.server.handler.ScopedHandler.handle(ScopedHandler.java:141)
	at org.eclipse.jetty.server.handler.HandlerCollection.handle(HandlerCollection.java:146)
	at org.eclipse.jetty.server.handler.HandlerWrapper.handle(HandlerWrapper.java:127)
	at org.eclipse.jetty.server.Server.handle(Server.java:512)
	at org.eclipse.jetty.server.HttpChannel.lambda$handle$1(HttpChannel.java:487)
	at org.eclipse.jetty.server.HttpChannel.dispatch(HttpChannel.java:732)
	at org.eclipse.jetty.server.HttpChannel.handle(HttpChannel.java:479)
	at org.eclipse.jetty.server.HttpConnection.onFillable(HttpConnection.java:277)
	at org.eclipse.jetty.io.AbstractConnection$ReadCallback.succeeded(AbstractConnection.java:311)
	at org.eclipse.jetty.io.FillInterest.fillable(FillInterest.java:105)
	at org.eclipse.jetty.io.ChannelEndPoint$1.run(ChannelEndPoint.java:104)
	at org.eclipse.jetty.util.thread.strategy.EatWhatYouKill.runTask(EatWhatYouKill.java:338)
	at org.eclipse.jetty.util.thread.strategy.EatWhatYouKill.doProduce(EatWhatYouKill.java:315)
	at org.eclipse.jetty.util.thread.strategy.EatWhatYouKill.tryProduce(EatWhatYouKill.java:173)
	at org.eclipse.jetty.util.thread.strategy.EatWhatYouKill.produce(EatWhatYouKill.java:137)
	at org.eclipse.jetty.util.thread.QueuedThreadPool.runJob(QueuedThreadPool.java:883)
	at org.eclipse.jetty.util.thread.QueuedThreadPool$Runner.run(QueuedThreadPool.java:1034)
	at java.lang.Thread.run(Thread.java:750)
2023-06-23 00:37:40,027 [qtp577682023-15] INFO  generators.AbstractWadlGeneratorGrammarGenerator (AbstractWadlGeneratorGrammarGenerator.java:attachTypes(479)) - Couldn't find grammar element for class java.util.Map
2023-06-23 00:37:40,027 [qtp577682023-15] INFO  generators.AbstractWadlGeneratorGrammarGenerator (AbstractWadlGeneratorGrammarGenerator.java:attachTypes(479)) - Couldn't find grammar element for class javax.ws.rs.core.Response
2023-06-23 00:37:40,027 [qtp577682023-15] INFO  generators.AbstractWadlGeneratorGrammarGenerator (AbstractWadlGeneratorGrammarGenerator.java:attachTypes(479)) - Couldn't find grammar element for class javax.ws.rs.core.Response
2023-06-23 00:37:40,027 [qtp577682023-15] INFO  generators.AbstractWadlGeneratorGrammarGenerator (AbstractWadlGeneratorGrammarGenerator.java:attachTypes(479)) - Couldn't find grammar element for class java.util.Map
2023-06-23 00:37:40,027 [qtp577682023-15] INFO  generators.AbstractWadlGeneratorGrammarGenerator (AbstractWadlGeneratorGrammarGenerator.java:attachTypes(479)) - Couldn't find grammar element for class java.util.Map
2023-06-23 00:37:40,027 [qtp577682023-15] INFO  generators.AbstractWadlGeneratorGrammarGenerator (AbstractWadlGeneratorGrammarGenerator.java:attachTypes(479)) - Couldn't find grammar element for class java.util.Map
2023-06-23 00:37:40,027 [qtp577682023-15] INFO  generators.AbstractWadlGeneratorGrammarGenerator (AbstractWadlGeneratorGrammarGenerator.java:attachTypes(479)) - Couldn't find grammar element for class javax.ws.rs.core.Response
2023-06-23 00:37:40,028 [qtp577682023-15] INFO  generators.AbstractWadlGeneratorGrammarGenerator (AbstractWadlGeneratorGrammarGenerator.java:attachTypes(479)) - Couldn't find grammar element for class java.util.Map
2023-06-23 00:37:40,463 [qtp577682023-20] INFO  kms-audit (SimpleKMSAuditLogger.java:logAuditSimpleFormat(93)) - OK[op=CREATE_KEY, key=key1, user=runner] UserProvidedMaterial:false Description:key1
2023-06-23 00:37:40,485 [main] INFO  rpc.RpcClient (RpcClient.java:createVolume(459)) - Creating Volume: f2891b8a-448d-454c-8fe0-063ff1509195, with runner as owner and space quota set to -1 bytes, counts quota set to -1
2023-06-23 00:37:40,536 [OM StateMachine ApplyTransaction Thread - 0] INFO  volume.OMVolumeCreateRequest (OMVolumeCreateRequest.java:validateAndUpdateCache(196)) - created volume:f2891b8a-448d-454c-8fe0-063ff1509195 for user:runner
2023-06-23 00:37:40,561 [main] INFO  rpc.RpcClient (RpcClient.java:createBucket(686)) - Creating Bucket: f2891b8a-448d-454c-8fe0-063ff1509195/db27f9b6-e9aa-43f9-a870-4142f088f1e9, with bucket layout FILE_SYSTEM_OPTIMIZED, runner as owner, Versioning false, Storage Type set to DISK and Encryption set to true, Replication Type set to server-side default replication type, Namespace Quota set to -1, Space Quota set to -1 
2023-06-23 00:37:40,579 [f07173a4-652e-46dc-b7ae-8cd05d01b793@group-3089932C8BF3-FollowerState] INFO  impl.FollowerState (FollowerState.java:run(143)) - f07173a4-652e-46dc-b7ae-8cd05d01b793@group-3089932C8BF3-FollowerState: change to CANDIDATE, lastRpcElapsedTime:5158697637ns, electionTimeout:5157ms
2023-06-23 00:37:40,579 [f07173a4-652e-46dc-b7ae-8cd05d01b793@group-3089932C8BF3-FollowerState] INFO  impl.RoleInfo (RoleInfo.java:shutdownFollowerState(110)) - f07173a4-652e-46dc-b7ae-8cd05d01b793: shutdown f07173a4-652e-46dc-b7ae-8cd05d01b793@group-3089932C8BF3-FollowerState
2023-06-23 00:37:40,579 [f07173a4-652e-46dc-b7ae-8cd05d01b793@group-3089932C8BF3-FollowerState] INFO  server.RaftServer$Division (RaftServerImpl.java:setRole(329)) - f07173a4-652e-46dc-b7ae-8cd05d01b793@group-3089932C8BF3: changes role from  FOLLOWER to CANDIDATE at term 0 for changeToCandidate
2023-06-23 00:37:40,579 [f07173a4-652e-46dc-b7ae-8cd05d01b793@group-3089932C8BF3-FollowerState] INFO  server.RaftServerConfigKeys (ConfUtils.java:logGet(46)) - raft.server.leaderelection.pre-vote = true (default)
2023-06-23 00:37:40,579 [f07173a4-652e-46dc-b7ae-8cd05d01b793@group-3089932C8BF3-FollowerState] INFO  impl.RoleInfo (RoleInfo.java:updateAndGet(139)) - f07173a4-652e-46dc-b7ae-8cd05d01b793: start f07173a4-652e-46dc-b7ae-8cd05d01b793@group-3089932C8BF3-LeaderElection20
2023-06-23 00:37:40,580 [cdb7ea93-9969-4a2d-8fff-2d6ab6bce964@group-3061DB033648-FollowerState] INFO  impl.FollowerState (FollowerState.java:run(143)) - cdb7ea93-9969-4a2d-8fff-2d6ab6bce964@group-3061DB033648-FollowerState: change to CANDIDATE, lastRpcElapsedTime:5174956458ns, electionTimeout:5173ms
2023-06-23 00:37:40,580 [cdb7ea93-9969-4a2d-8fff-2d6ab6bce964@group-3061DB033648-FollowerState] INFO  impl.RoleInfo (RoleInfo.java:shutdownFollowerState(110)) - cdb7ea93-9969-4a2d-8fff-2d6ab6bce964: shutdown cdb7ea93-9969-4a2d-8fff-2d6ab6bce964@group-3061DB033648-FollowerState
2023-06-23 00:37:40,580 [cdb7ea93-9969-4a2d-8fff-2d6ab6bce964@group-3061DB033648-FollowerState] INFO  server.RaftServer$Division (RaftServerImpl.java:setRole(329)) - cdb7ea93-9969-4a2d-8fff-2d6ab6bce964@group-3061DB033648: changes role from  FOLLOWER to CANDIDATE at term 0 for changeToCandidate
2023-06-23 00:37:40,580 [cdb7ea93-9969-4a2d-8fff-2d6ab6bce964@group-3061DB033648-FollowerState] INFO  server.RaftServerConfigKeys (ConfUtils.java:logGet(46)) - raft.server.leaderelection.pre-vote = true (default)
2023-06-23 00:37:40,580 [cdb7ea93-9969-4a2d-8fff-2d6ab6bce964@group-3061DB033648-FollowerState] INFO  impl.RoleInfo (RoleInfo.java:updateAndGet(139)) - cdb7ea93-9969-4a2d-8fff-2d6ab6bce964: start cdb7ea93-9969-4a2d-8fff-2d6ab6bce964@group-3061DB033648-LeaderElection21
2023-06-23 00:37:40,587 [f07173a4-652e-46dc-b7ae-8cd05d01b793@group-3089932C8BF3-LeaderElection20] INFO  impl.LeaderElection (LeaderElection.java:askForVotes(321)) - f07173a4-652e-46dc-b7ae-8cd05d01b793@group-3089932C8BF3-LeaderElection20 PRE_VOTE round 0: submit vote requests at term 0 for -1: peers:[f07173a4-652e-46dc-b7ae-8cd05d01b793|rpc:10.1.0.47:15086|admin:10.1.0.47:15085|client:10.1.0.47:15084|dataStream:10.1.0.47:15087|priority:1|startupRole:FOLLOWER]|listeners:[], old=null
2023-06-23 00:37:40,587 [f07173a4-652e-46dc-b7ae-8cd05d01b793@group-3089932C8BF3-LeaderElection20] INFO  impl.LeaderElection (LeaderElection.java:askForVotes(323)) - f07173a4-652e-46dc-b7ae-8cd05d01b793@group-3089932C8BF3-LeaderElection20 PRE_VOTE round 0: result PASSED (term=0)
2023-06-23 00:37:40,589 [f07173a4-652e-46dc-b7ae-8cd05d01b793@group-3089932C8BF3-LeaderElection20] INFO  impl.LeaderElection (LeaderElection.java:askForVotes(321)) - f07173a4-652e-46dc-b7ae-8cd05d01b793@group-3089932C8BF3-LeaderElection20 ELECTION round 0: submit vote requests at term 1 for -1: peers:[f07173a4-652e-46dc-b7ae-8cd05d01b793|rpc:10.1.0.47:15086|admin:10.1.0.47:15085|client:10.1.0.47:15084|dataStream:10.1.0.47:15087|priority:1|startupRole:FOLLOWER]|listeners:[], old=null
2023-06-23 00:37:40,589 [f07173a4-652e-46dc-b7ae-8cd05d01b793@group-3089932C8BF3-LeaderElection20] INFO  impl.LeaderElection (LeaderElection.java:askForVotes(323)) - f07173a4-652e-46dc-b7ae-8cd05d01b793@group-3089932C8BF3-LeaderElection20 ELECTION round 0: result PASSED (term=1)
2023-06-23 00:37:40,589 [f07173a4-652e-46dc-b7ae-8cd05d01b793@group-3089932C8BF3-LeaderElection20] INFO  impl.RoleInfo (RoleInfo.java:shutdownLeaderElection(130)) - f07173a4-652e-46dc-b7ae-8cd05d01b793: shutdown f07173a4-652e-46dc-b7ae-8cd05d01b793@group-3089932C8BF3-LeaderElection20
2023-06-23 00:37:40,589 [f07173a4-652e-46dc-b7ae-8cd05d01b793@group-3089932C8BF3-LeaderElection20] INFO  server.RaftServer$Division (RaftServerImpl.java:setRole(329)) - f07173a4-652e-46dc-b7ae-8cd05d01b793@group-3089932C8BF3: changes role from CANDIDATE to LEADER at term 1 for changeToLeader
2023-06-23 00:37:40,589 [f07173a4-652e-46dc-b7ae-8cd05d01b793@group-3089932C8BF3-LeaderElection20] INFO  ratis.XceiverServerRatis (XceiverServerRatis.java:handleLeaderChangedNotification(902)) - Leader change notification received for group: group-3089932C8BF3 with new leaderId: f07173a4-652e-46dc-b7ae-8cd05d01b793
2023-06-23 00:37:40,589 [f07173a4-652e-46dc-b7ae-8cd05d01b793@group-3089932C8BF3-LeaderElection20] INFO  server.RaftServer$Division (ServerState.java:setLeader(317)) - f07173a4-652e-46dc-b7ae-8cd05d01b793@group-3089932C8BF3: change Leader from null to f07173a4-652e-46dc-b7ae-8cd05d01b793 at term 1 for becomeLeader, leader elected after 5187ms
2023-06-23 00:37:40,589 [f07173a4-652e-46dc-b7ae-8cd05d01b793@group-3089932C8BF3-LeaderElection20] INFO  server.RaftServerConfigKeys (ConfUtils.java:logGet(46)) - raft.server.staging.catchup.gap = 1000 (default)
2023-06-23 00:37:40,589 [f07173a4-652e-46dc-b7ae-8cd05d01b793@group-3089932C8BF3-LeaderElection20] INFO  server.RaftServerConfigKeys (ConfUtils.java:logGet(46)) - raft.server.write.element-limit = 1024 (custom)
2023-06-23 00:37:40,590 [f07173a4-652e-46dc-b7ae-8cd05d01b793@group-3089932C8BF3-LeaderElection20] INFO  server.RaftServerConfigKeys (ConfUtils.java:logGet(46)) - raft.server.write.byte-limit = 1024 M (=1073741824) (custom)
2023-06-23 00:37:40,590 [f07173a4-652e-46dc-b7ae-8cd05d01b793@group-3089932C8BF3-LeaderElection20] INFO  server.RaftServerConfigKeys (ConfUtils.java:logGet(46)) - raft.server.watch.timeout = 180s (custom)
2023-06-23 00:37:40,591 [f07173a4-652e-46dc-b7ae-8cd05d01b793@group-3089932C8BF3-LeaderElection20] INFO  server.RaftServerConfigKeys (ConfUtils.java:logGet(46)) - raft.server.watch.timeout.denomination = 1s (default)
2023-06-23 00:37:40,591 [f07173a4-652e-46dc-b7ae-8cd05d01b793@group-3089932C8BF3-LeaderElection20] INFO  server.RaftServerConfigKeys (ConfUtils.java:logGet(46)) - raft.server.watch.element-limit = 65536 (default)
2023-06-23 00:37:40,591 [f07173a4-652e-46dc-b7ae-8cd05d01b793@group-3089932C8BF3-LeaderElection20] INFO  server.RaftServerConfigKeys (ConfUtils.java:logGet(46)) - raft.server.write.element-limit = 1024 (custom)
2023-06-23 00:37:40,591 [f07173a4-652e-46dc-b7ae-8cd05d01b793@group-3089932C8BF3-LeaderElection20] INFO  server.RaftServerConfigKeys (ConfUtils.java:logGet(46)) - raft.server.write.follower.gap.ratio.max = -1.0 (default)
2023-06-23 00:37:40,591 [f07173a4-652e-46dc-b7ae-8cd05d01b793@group-3089932C8BF3-LeaderElection20] INFO  impl.RoleInfo (RoleInfo.java:updateAndGet(139)) - f07173a4-652e-46dc-b7ae-8cd05d01b793: start f07173a4-652e-46dc-b7ae-8cd05d01b793@group-3089932C8BF3-LeaderStateImpl
2023-06-23 00:37:40,591 [f07173a4-652e-46dc-b7ae-8cd05d01b793@group-3089932C8BF3-LeaderElection20] INFO  segmented.SegmentedRaftLogWorker (SegmentedRaftLogWorker.java:startLogSegment(447)) - f07173a4-652e-46dc-b7ae-8cd05d01b793@group-3089932C8BF3-SegmentedRaftLogWorker: Starting segment from index:0
2023-06-23 00:37:40,592 [cdb7ea93-9969-4a2d-8fff-2d6ab6bce964@group-3061DB033648-LeaderElection21] INFO  impl.LeaderElection (LeaderElection.java:askForVotes(321)) - cdb7ea93-9969-4a2d-8fff-2d6ab6bce964@group-3061DB033648-LeaderElection21 PRE_VOTE round 0: submit vote requests at term 0 for -1: peers:[cdb7ea93-9969-4a2d-8fff-2d6ab6bce964|rpc:10.1.0.47:15077|admin:10.1.0.47:15076|client:10.1.0.47:15075|dataStream:10.1.0.47:15078|priority:1|startupRole:FOLLOWER]|listeners:[], old=null
2023-06-23 00:37:40,592 [cdb7ea93-9969-4a2d-8fff-2d6ab6bce964@group-3061DB033648-LeaderElection21] INFO  impl.LeaderElection (LeaderElection.java:askForVotes(323)) - cdb7ea93-9969-4a2d-8fff-2d6ab6bce964@group-3061DB033648-LeaderElection21 PRE_VOTE round 0: result PASSED (term=0)
2023-06-23 00:37:40,592 [f07173a4-652e-46dc-b7ae-8cd05d01b793@group-3089932C8BF3-SegmentedRaftLogWorker] INFO  segmented.SegmentedRaftLogWorker (SegmentedRaftLogWorker.java:execute(651)) - f07173a4-652e-46dc-b7ae-8cd05d01b793@group-3089932C8BF3-SegmentedRaftLogWorker: created new log segment /home/runner/work/ozone/ozone/hadoop-ozone/integration-test/target/test-dir/MiniOzoneClusterImpl-3c3985d8-3248-4f19-a32f-4442bec32466/datanode-8/data/ratis/c862ea4b-dbf2-4c92-90ed-3089932c8bf3/current/log_inprogress_0
2023-06-23 00:37:40,593 [cdb7ea93-9969-4a2d-8fff-2d6ab6bce964@group-3061DB033648-LeaderElection21] INFO  impl.LeaderElection (LeaderElection.java:askForVotes(321)) - cdb7ea93-9969-4a2d-8fff-2d6ab6bce964@group-3061DB033648-LeaderElection21 ELECTION round 0: submit vote requests at term 1 for -1: peers:[cdb7ea93-9969-4a2d-8fff-2d6ab6bce964|rpc:10.1.0.47:15077|admin:10.1.0.47:15076|client:10.1.0.47:15075|dataStream:10.1.0.47:15078|priority:1|startupRole:FOLLOWER]|listeners:[], old=null
2023-06-23 00:37:40,594 [cdb7ea93-9969-4a2d-8fff-2d6ab6bce964@group-3061DB033648-LeaderElection21] INFO  impl.LeaderElection (LeaderElection.java:askForVotes(323)) - cdb7ea93-9969-4a2d-8fff-2d6ab6bce964@group-3061DB033648-LeaderElection21 ELECTION round 0: result PASSED (term=1)
2023-06-23 00:37:40,594 [cdb7ea93-9969-4a2d-8fff-2d6ab6bce964@group-3061DB033648-LeaderElection21] INFO  impl.RoleInfo (RoleInfo.java:shutdownLeaderElection(130)) - cdb7ea93-9969-4a2d-8fff-2d6ab6bce964: shutdown cdb7ea93-9969-4a2d-8fff-2d6ab6bce964@group-3061DB033648-LeaderElection21
2023-06-23 00:37:40,594 [cdb7ea93-9969-4a2d-8fff-2d6ab6bce964@group-3061DB033648-LeaderElection21] INFO  server.RaftServer$Division (RaftServerImpl.java:setRole(329)) - cdb7ea93-9969-4a2d-8fff-2d6ab6bce964@group-3061DB033648: changes role from CANDIDATE to LEADER at term 1 for changeToLeader
2023-06-23 00:37:40,594 [cdb7ea93-9969-4a2d-8fff-2d6ab6bce964@group-3061DB033648-LeaderElection21] INFO  ratis.XceiverServerRatis (XceiverServerRatis.java:handleLeaderChangedNotification(902)) - Leader change notification received for group: group-3061DB033648 with new leaderId: cdb7ea93-9969-4a2d-8fff-2d6ab6bce964
2023-06-23 00:37:40,596 [f07173a4-652e-46dc-b7ae-8cd05d01b793@group-3089932C8BF3-LeaderElection20] INFO  server.RaftServer$Division (ServerState.java:setRaftConf(434)) - f07173a4-652e-46dc-b7ae-8cd05d01b793@group-3089932C8BF3: set configuration 0: peers:[f07173a4-652e-46dc-b7ae-8cd05d01b793|rpc:10.1.0.47:15086|admin:10.1.0.47:15085|client:10.1.0.47:15084|dataStream:10.1.0.47:15087|priority:1|startupRole:FOLLOWER]|listeners:[], old=null
2023-06-23 00:37:40,597 [cdb7ea93-9969-4a2d-8fff-2d6ab6bce964@group-3061DB033648-LeaderElection21] INFO  server.RaftServer$Division (ServerState.java:setLeader(317)) - cdb7ea93-9969-4a2d-8fff-2d6ab6bce964@group-3061DB033648: change Leader from null to cdb7ea93-9969-4a2d-8fff-2d6ab6bce964 at term 1 for becomeLeader, leader elected after 5606ms
2023-06-23 00:37:40,597 [cdb7ea93-9969-4a2d-8fff-2d6ab6bce964@group-3061DB033648-LeaderElection21] INFO  server.RaftServerConfigKeys (ConfUtils.java:logGet(46)) - raft.server.staging.catchup.gap = 1000 (default)
2023-06-23 00:37:40,597 [cdb7ea93-9969-4a2d-8fff-2d6ab6bce964@group-3061DB033648-LeaderElection21] INFO  server.RaftServerConfigKeys (ConfUtils.java:logGet(46)) - raft.server.write.element-limit = 1024 (custom)
2023-06-23 00:37:40,597 [cdb7ea93-9969-4a2d-8fff-2d6ab6bce964@group-3061DB033648-LeaderElection21] INFO  server.RaftServerConfigKeys (ConfUtils.java:logGet(46)) - raft.server.write.byte-limit = 1024 M (=1073741824) (custom)
2023-06-23 00:37:40,597 [cdb7ea93-9969-4a2d-8fff-2d6ab6bce964@group-3061DB033648-LeaderElection21] INFO  server.RaftServerConfigKeys (ConfUtils.java:logGet(46)) - raft.server.watch.timeout = 180s (custom)
2023-06-23 00:37:40,597 [cdb7ea93-9969-4a2d-8fff-2d6ab6bce964@group-3061DB033648-LeaderElection21] INFO  server.RaftServerConfigKeys (ConfUtils.java:logGet(46)) - raft.server.watch.timeout.denomination = 1s (default)
2023-06-23 00:37:40,597 [cdb7ea93-9969-4a2d-8fff-2d6ab6bce964@group-3061DB033648-LeaderElection21] INFO  server.RaftServerConfigKeys (ConfUtils.java:logGet(46)) - raft.server.watch.element-limit = 65536 (default)
2023-06-23 00:37:40,600 [cdb7ea93-9969-4a2d-8fff-2d6ab6bce964@group-3061DB033648-LeaderElection21] INFO  server.RaftServerConfigKeys (ConfUtils.java:logGet(46)) - raft.server.write.element-limit = 1024 (custom)
2023-06-23 00:37:40,604 [cdb7ea93-9969-4a2d-8fff-2d6ab6bce964@group-3061DB033648-LeaderElection21] INFO  server.RaftServerConfigKeys (ConfUtils.java:logGet(46)) - raft.server.write.follower.gap.ratio.max = -1.0 (default)
2023-06-23 00:37:40,604 [cdb7ea93-9969-4a2d-8fff-2d6ab6bce964@group-3061DB033648-LeaderElection21] INFO  impl.RoleInfo (RoleInfo.java:updateAndGet(139)) - cdb7ea93-9969-4a2d-8fff-2d6ab6bce964: start cdb7ea93-9969-4a2d-8fff-2d6ab6bce964@group-3061DB033648-LeaderStateImpl
2023-06-23 00:37:40,604 [cdb7ea93-9969-4a2d-8fff-2d6ab6bce964@group-3061DB033648-LeaderElection21] INFO  segmented.SegmentedRaftLogWorker (SegmentedRaftLogWorker.java:startLogSegment(447)) - cdb7ea93-9969-4a2d-8fff-2d6ab6bce964@group-3061DB033648-SegmentedRaftLogWorker: Starting segment from index:0
2023-06-23 00:37:40,604 [qtp577682023-22] INFO  kms-audit (SimpleKMSAuditLogger.java:logAuditSimpleFormat(93)) - OK[op=GET_METADATA, key=key1, user=runner] 
2023-06-23 00:37:40,606 [cdb7ea93-9969-4a2d-8fff-2d6ab6bce964@group-3061DB033648-SegmentedRaftLogWorker] INFO  segmented.SegmentedRaftLogWorker (SegmentedRaftLogWorker.java:execute(651)) - cdb7ea93-9969-4a2d-8fff-2d6ab6bce964@group-3061DB033648-SegmentedRaftLogWorker: created new log segment /home/runner/work/ozone/ozone/hadoop-ozone/integration-test/target/test-dir/MiniOzoneClusterImpl-3c3985d8-3248-4f19-a32f-4442bec32466/datanode-7/data/ratis/b9f80ebc-a812-4ffe-bf2e-3061db033648/current/log_inprogress_0
2023-06-23 00:37:40,608 [cdb7ea93-9969-4a2d-8fff-2d6ab6bce964@group-3061DB033648-LeaderElection21] INFO  server.RaftServer$Division (ServerState.java:setRaftConf(434)) - cdb7ea93-9969-4a2d-8fff-2d6ab6bce964@group-3061DB033648: set configuration 0: peers:[cdb7ea93-9969-4a2d-8fff-2d6ab6bce964|rpc:10.1.0.47:15077|admin:10.1.0.47:15076|client:10.1.0.47:15075|dataStream:10.1.0.47:15078|priority:1|startupRole:FOLLOWER]|listeners:[], old=null
2023-06-23 00:37:40,837 [qtp577682023-22] INFO  kms-audit (SimpleKMSAuditLogger.java:logAuditEvent(59)) - OK[op=GENERATE_EEK, key=key1, user=runner, accessCount=1, interval=0ms] 
2023-06-23 00:37:40,864 [OM StateMachine ApplyTransaction Thread - 0] INFO  bucket.OMBucketCreateRequest (OMBucketCreateRequest.java:validateAndUpdateCache(270)) - created bucket: db27f9b6-e9aa-43f9-a870-4142f088f1e9 of layout FILE_SYSTEM_OPTIMIZED in volume: f2891b8a-448d-454c-8fe0-063ff1509195
2023-06-23 00:37:40,943 [4cfb2fd8-05c8-4994-9a43-484107cbe362@group-D6C63A83A044-FollowerState] INFO  impl.FollowerState (FollowerState.java:run(143)) - 4cfb2fd8-05c8-4994-9a43-484107cbe362@group-D6C63A83A044-FollowerState: change to CANDIDATE, lastRpcElapsedTime:5013214968ns, electionTimeout:5008ms
2023-06-23 00:37:40,943 [4cfb2fd8-05c8-4994-9a43-484107cbe362@group-D6C63A83A044-FollowerState] INFO  impl.RoleInfo (RoleInfo.java:shutdownFollowerState(110)) - 4cfb2fd8-05c8-4994-9a43-484107cbe362: shutdown 4cfb2fd8-05c8-4994-9a43-484107cbe362@group-D6C63A83A044-FollowerState
2023-06-23 00:37:40,944 [4cfb2fd8-05c8-4994-9a43-484107cbe362@group-D6C63A83A044-FollowerState] INFO  server.RaftServer$Division (RaftServerImpl.java:setRole(329)) - 4cfb2fd8-05c8-4994-9a43-484107cbe362@group-D6C63A83A044: changes role from  FOLLOWER to CANDIDATE at term 0 for changeToCandidate
2023-06-23 00:37:40,944 [4cfb2fd8-05c8-4994-9a43-484107cbe362@group-D6C63A83A044-FollowerState] INFO  server.RaftServerConfigKeys (ConfUtils.java:logGet(46)) - raft.server.leaderelection.pre-vote = true (default)
2023-06-23 00:37:40,944 [4cfb2fd8-05c8-4994-9a43-484107cbe362@group-D6C63A83A044-FollowerState] INFO  impl.RoleInfo (RoleInfo.java:updateAndGet(139)) - 4cfb2fd8-05c8-4994-9a43-484107cbe362: start 4cfb2fd8-05c8-4994-9a43-484107cbe362@group-D6C63A83A044-LeaderElection22
2023-06-23 00:37:40,945 [4cfb2fd8-05c8-4994-9a43-484107cbe362@group-D6C63A83A044-LeaderElection22] INFO  impl.LeaderElection (LeaderElection.java:askForVotes(321)) - 4cfb2fd8-05c8-4994-9a43-484107cbe362@group-D6C63A83A044-LeaderElection22 PRE_VOTE round 0: submit vote requests at term 0 for -1: peers:[4cfb2fd8-05c8-4994-9a43-484107cbe362|rpc:10.1.0.47:15095|admin:10.1.0.47:15094|client:10.1.0.47:15093|dataStream:10.1.0.47:15096|priority:1|startupRole:FOLLOWER]|listeners:[], old=null
2023-06-23 00:37:40,945 [4cfb2fd8-05c8-4994-9a43-484107cbe362@group-D6C63A83A044-LeaderElection22] INFO  impl.LeaderElection (LeaderElection.java:askForVotes(323)) - 4cfb2fd8-05c8-4994-9a43-484107cbe362@group-D6C63A83A044-LeaderElection22 PRE_VOTE round 0: result PASSED (term=0)
2023-06-23 00:37:40,947 [4cfb2fd8-05c8-4994-9a43-484107cbe362@group-D6C63A83A044-LeaderElection22] INFO  impl.LeaderElection (LeaderElection.java:askForVotes(321)) - 4cfb2fd8-05c8-4994-9a43-484107cbe362@group-D6C63A83A044-LeaderElection22 ELECTION round 0: submit vote requests at term 1 for -1: peers:[4cfb2fd8-05c8-4994-9a43-484107cbe362|rpc:10.1.0.47:15095|admin:10.1.0.47:15094|client:10.1.0.47:15093|dataStream:10.1.0.47:15096|priority:1|startupRole:FOLLOWER]|listeners:[], old=null
2023-06-23 00:37:40,947 [4cfb2fd8-05c8-4994-9a43-484107cbe362@group-D6C63A83A044-LeaderElection22] INFO  impl.LeaderElection (LeaderElection.java:askForVotes(323)) - 4cfb2fd8-05c8-4994-9a43-484107cbe362@group-D6C63A83A044-LeaderElection22 ELECTION round 0: result PASSED (term=1)
2023-06-23 00:37:40,947 [4cfb2fd8-05c8-4994-9a43-484107cbe362@group-D6C63A83A044-LeaderElection22] INFO  impl.RoleInfo (RoleInfo.java:shutdownLeaderElection(130)) - 4cfb2fd8-05c8-4994-9a43-484107cbe362: shutdown 4cfb2fd8-05c8-4994-9a43-484107cbe362@group-D6C63A83A044-LeaderElection22
2023-06-23 00:37:40,947 [4cfb2fd8-05c8-4994-9a43-484107cbe362@group-D6C63A83A044-LeaderElection22] INFO  server.RaftServer$Division (RaftServerImpl.java:setRole(329)) - 4cfb2fd8-05c8-4994-9a43-484107cbe362@group-D6C63A83A044: changes role from CANDIDATE to LEADER at term 1 for changeToLeader
2023-06-23 00:37:40,947 [4cfb2fd8-05c8-4994-9a43-484107cbe362@group-D6C63A83A044-LeaderElection22] INFO  ratis.XceiverServerRatis (XceiverServerRatis.java:handleLeaderChangedNotification(902)) - Leader change notification received for group: group-D6C63A83A044 with new leaderId: 4cfb2fd8-05c8-4994-9a43-484107cbe362
2023-06-23 00:37:40,947 [4cfb2fd8-05c8-4994-9a43-484107cbe362@group-D6C63A83A044-LeaderElection22] INFO  server.RaftServer$Division (ServerState.java:setLeader(317)) - 4cfb2fd8-05c8-4994-9a43-484107cbe362@group-D6C63A83A044: change Leader from null to 4cfb2fd8-05c8-4994-9a43-484107cbe362 at term 1 for becomeLeader, leader elected after 5044ms
2023-06-23 00:37:40,947 [4cfb2fd8-05c8-4994-9a43-484107cbe362@group-D6C63A83A044-LeaderElection22] INFO  server.RaftServerConfigKeys (ConfUtils.java:logGet(46)) - raft.server.staging.catchup.gap = 1000 (default)
2023-06-23 00:37:40,948 [4cfb2fd8-05c8-4994-9a43-484107cbe362@group-D6C63A83A044-LeaderElection22] INFO  server.RaftServerConfigKeys (ConfUtils.java:logGet(46)) - raft.server.write.element-limit = 1024 (custom)
2023-06-23 00:37:40,948 [4cfb2fd8-05c8-4994-9a43-484107cbe362@group-D6C63A83A044-LeaderElection22] INFO  server.RaftServerConfigKeys (ConfUtils.java:logGet(46)) - raft.server.write.byte-limit = 1024 M (=1073741824) (custom)
2023-06-23 00:37:40,949 [4cfb2fd8-05c8-4994-9a43-484107cbe362@group-D6C63A83A044-LeaderElection22] INFO  server.RaftServerConfigKeys (ConfUtils.java:logGet(46)) - raft.server.watch.timeout = 180s (custom)
2023-06-23 00:37:40,949 [4cfb2fd8-05c8-4994-9a43-484107cbe362@group-D6C63A83A044-LeaderElection22] INFO  server.RaftServerConfigKeys (ConfUtils.java:logGet(46)) - raft.server.watch.timeout.denomination = 1s (default)
2023-06-23 00:37:40,949 [4cfb2fd8-05c8-4994-9a43-484107cbe362@group-D6C63A83A044-LeaderElection22] INFO  server.RaftServerConfigKeys (ConfUtils.java:logGet(46)) - raft.server.watch.element-limit = 65536 (default)
2023-06-23 00:37:40,949 [4cfb2fd8-05c8-4994-9a43-484107cbe362@group-D6C63A83A044-LeaderElection22] INFO  server.RaftServerConfigKeys (ConfUtils.java:logGet(46)) - raft.server.write.element-limit = 1024 (custom)
2023-06-23 00:37:40,949 [4cfb2fd8-05c8-4994-9a43-484107cbe362@group-D6C63A83A044-LeaderElection22] INFO  server.RaftServerConfigKeys (ConfUtils.java:logGet(46)) - raft.server.write.follower.gap.ratio.max = -1.0 (default)
2023-06-23 00:37:40,949 [4cfb2fd8-05c8-4994-9a43-484107cbe362@group-D6C63A83A044-LeaderElection22] INFO  impl.RoleInfo (RoleInfo.java:updateAndGet(139)) - 4cfb2fd8-05c8-4994-9a43-484107cbe362: start 4cfb2fd8-05c8-4994-9a43-484107cbe362@group-D6C63A83A044-LeaderStateImpl
2023-06-23 00:37:40,950 [4cfb2fd8-05c8-4994-9a43-484107cbe362@group-D6C63A83A044-LeaderElection22] INFO  segmented.SegmentedRaftLogWorker (SegmentedRaftLogWorker.java:startLogSegment(447)) - 4cfb2fd8-05c8-4994-9a43-484107cbe362@group-D6C63A83A044-SegmentedRaftLogWorker: Starting segment from index:0
2023-06-23 00:37:40,951 [4cfb2fd8-05c8-4994-9a43-484107cbe362@group-D6C63A83A044-SegmentedRaftLogWorker] INFO  segmented.SegmentedRaftLogWorker (SegmentedRaftLogWorker.java:execute(651)) - 4cfb2fd8-05c8-4994-9a43-484107cbe362@group-D6C63A83A044-SegmentedRaftLogWorker: created new log segment /home/runner/work/ozone/ozone/hadoop-ozone/integration-test/target/test-dir/MiniOzoneClusterImpl-3c3985d8-3248-4f19-a32f-4442bec32466/datanode-9/data/ratis/08326383-4139-47e0-9cd7-d6c63a83a044/current/log_inprogress_0
2023-06-23 00:37:40,957 [4cfb2fd8-05c8-4994-9a43-484107cbe362@group-D6C63A83A044-LeaderElection22] INFO  server.RaftServer$Division (ServerState.java:setRaftConf(434)) - 4cfb2fd8-05c8-4994-9a43-484107cbe362@group-D6C63A83A044: set configuration 0: peers:[4cfb2fd8-05c8-4994-9a43-484107cbe362|rpc:10.1.0.47:15095|admin:10.1.0.47:15094|client:10.1.0.47:15093|dataStream:10.1.0.47:15096|priority:1|startupRole:FOLLOWER]|listeners:[], old=null
2023-06-23 00:37:40,960 [IPC Server handler 3 on default port 15001] INFO  ha.SequenceIdGenerator (SequenceIdGenerator.java:getNextId(128)) - Allocate a batch for containerId, change lastId from 0 to 1000.
2023-06-23 00:37:40,969 [IPC Server handler 3 on default port 15001] WARN  ha.SequenceIdGenerator (SequenceIdGenerator.java:allocateBatch(237)) - Failed to allocate a batch for localId, expected lastId is 0, actual lastId is 111677748019200000.
2023-06-23 00:37:40,970 [IPC Server handler 3 on default port 15001] INFO  ha.SequenceIdGenerator (SequenceIdGenerator.java:getNextId(128)) - Allocate a batch for localId, change lastId from 111677748019200000 to 111677748019201000.
2023-06-23 00:37:41,147 [qtp577682023-20] ERROR generators.WadlGeneratorJAXBGrammarGenerator (WadlGeneratorJAXBGrammarGenerator.java:buildModelAndSchemas(207)) - Failed to generate the schema for the JAX-B elements
com.sun.xml.bind.v2.runtime.IllegalAnnotationsException: 1 counts of IllegalAnnotationExceptions
java.util.Map is an interface, and JAXB can't handle interfaces.
	this problem is related to the following location:
		at java.util.Map

	at com.sun.xml.bind.v2.runtime.IllegalAnnotationsException$Builder.check(IllegalAnnotationsException.java:106)
	at com.sun.xml.bind.v2.runtime.JAXBContextImpl.getTypeInfoSet(JAXBContextImpl.java:471)
	at com.sun.xml.bind.v2.runtime.JAXBContextImpl.<init>(JAXBContextImpl.java:303)
	at com.sun.xml.bind.v2.runtime.JAXBContextImpl.<init>(JAXBContextImpl.java:139)
	at com.sun.xml.bind.v2.runtime.JAXBContextImpl$JAXBContextBuilder.build(JAXBContextImpl.java:1156)
	at com.sun.xml.bind.v2.ContextFactory.createContext(ContextFactory.java:165)
	at sun.reflect.NativeMethodAccessorImpl.invoke0(Native Method)
	at sun.reflect.NativeMethodAccessorImpl.invoke(NativeMethodAccessorImpl.java:62)
	at sun.reflect.DelegatingMethodAccessorImpl.invoke(DelegatingMethodAccessorImpl.java:43)
	at java.lang.reflect.Method.invoke(Method.java:498)
	at javax.xml.bind.ContextFinder.newInstance(ContextFinder.java:247)
	at javax.xml.bind.ContextFinder.newInstance(ContextFinder.java:234)
	at javax.xml.bind.ContextFinder.find(ContextFinder.java:441)
	at javax.xml.bind.JAXBContext.newInstance(JAXBContext.java:641)
	at javax.xml.bind.JAXBContext.newInstance(JAXBContext.java:584)
	at com.sun.jersey.server.wadl.generators.WadlGeneratorJAXBGrammarGenerator.buildModelAndSchemas(WadlGeneratorJAXBGrammarGenerator.java:169)
	at com.sun.jersey.server.wadl.generators.AbstractWadlGeneratorGrammarGenerator.createExternalGrammar(AbstractWadlGeneratorGrammarGenerator.java:405)
	at com.sun.jersey.server.wadl.WadlBuilder.generate(WadlBuilder.java:149)
	at com.sun.jersey.server.impl.wadl.WadlApplicationContextImpl.getApplication(WadlApplicationContextImpl.java:119)
	at com.sun.jersey.server.impl.wadl.WadlApplicationContextImpl.getApplication(WadlApplicationContextImpl.java:138)
	at com.sun.jersey.server.impl.wadl.WadlMethodFactory$WadlOptionsMethodDispatcher.dispatch(WadlMethodFactory.java:110)
	at com.sun.jersey.server.impl.uri.rules.HttpMethodRule.accept(HttpMethodRule.java:302)
	at com.sun.jersey.server.impl.uri.rules.RightHandPathRule.accept(RightHandPathRule.java:147)
	at com.sun.jersey.server.impl.uri.rules.ResourceClassRule.accept(ResourceClassRule.java:108)
	at com.sun.jersey.server.impl.uri.rules.RightHandPathRule.accept(RightHandPathRule.java:147)
	at com.sun.jersey.server.impl.uri.rules.RootResourceClassesRule.accept(RootResourceClassesRule.java:84)
	at com.sun.jersey.server.impl.application.WebApplicationImpl._handleRequest(WebApplicationImpl.java:1542)
	at com.sun.jersey.server.impl.application.WebApplicationImpl._handleRequest(WebApplicationImpl.java:1473)
	at com.sun.jersey.server.impl.application.WebApplicationImpl.handleRequest(WebApplicationImpl.java:1419)
	at com.sun.jersey.server.impl.application.WebApplicationImpl.handleRequest(WebApplicationImpl.java:1409)
	at com.sun.jersey.spi.container.servlet.WebComponent.service(WebComponent.java:409)
	at com.sun.jersey.spi.container.servlet.ServletContainer.service(ServletContainer.java:558)
	at com.sun.jersey.spi.container.servlet.ServletContainer.service(ServletContainer.java:733)
	at javax.servlet.http.HttpServlet.service(HttpServlet.java:590)
	at org.eclipse.jetty.servlet.ServletHolder$NotAsync.service(ServletHolder.java:1459)
	at org.eclipse.jetty.servlet.ServletHolder.handle(ServletHolder.java:799)
	at org.eclipse.jetty.servlet.ServletHandler$ChainEnd.doFilter(ServletHandler.java:1656)
	at org.apache.hadoop.crypto.key.kms.server.KMSMDCFilter.doFilter(KMSMDCFilter.java:98)
	at org.eclipse.jetty.servlet.FilterHolder.doFilter(FilterHolder.java:193)
	at org.eclipse.jetty.servlet.ServletHandler$Chain.doFilter(ServletHandler.java:1626)
	at org.apache.hadoop.security.authentication.server.AuthenticationFilter.doFilter(AuthenticationFilter.java:650)
	at org.apache.hadoop.security.token.delegation.web.DelegationTokenAuthenticationFilter.doFilter(DelegationTokenAuthenticationFilter.java:305)
	at org.apache.hadoop.security.authentication.server.AuthenticationFilter.doFilter(AuthenticationFilter.java:592)
	at org.apache.hadoop.crypto.key.kms.server.KMSAuthenticationFilter.doFilter(KMSAuthenticationFilter.java:162)
	at org.eclipse.jetty.servlet.FilterHolder.doFilter(FilterHolder.java:201)
	at org.eclipse.jetty.servlet.ServletHandler$Chain.doFilter(ServletHandler.java:1626)
	at org.apache.hadoop.http.lib.StaticUserWebFilter$StaticUserFilter.doFilter(StaticUserWebFilter.java:110)
	at org.eclipse.jetty.servlet.FilterHolder.doFilter(FilterHolder.java:193)
	at org.eclipse.jetty.servlet.ServletHandler$Chain.doFilter(ServletHandler.java:1626)
	at org.apache.hadoop.http.HttpServer2$QuotingInputFilter.doFilter(HttpServer2.java:1794)
	at org.eclipse.jetty.servlet.FilterHolder.doFilter(FilterHolder.java:193)
	at org.eclipse.jetty.servlet.ServletHandler$Chain.doFilter(ServletHandler.java:1626)
	at org.apache.hadoop.http.NoCacheFilter.doFilter(NoCacheFilter.java:45)
	at org.eclipse.jetty.servlet.FilterHolder.doFilter(FilterHolder.java:193)
	at org.eclipse.jetty.servlet.ServletHandler$Chain.doFilter(ServletHandler.java:1626)
	at org.eclipse.jetty.servlet.ServletHandler.doHandle(ServletHandler.java:552)
	at org.eclipse.jetty.server.handler.ScopedHandler.handle(ScopedHandler.java:143)
	at org.eclipse.jetty.security.SecurityHandler.handle(SecurityHandler.java:600)
	at org.eclipse.jetty.server.handler.HandlerWrapper.handle(HandlerWrapper.java:127)
	at org.eclipse.jetty.server.handler.ScopedHandler.nextHandle(ScopedHandler.java:235)
	at org.eclipse.jetty.server.session.SessionHandler.doHandle(SessionHandler.java:1624)
	at org.eclipse.jetty.server.handler.ScopedHandler.nextHandle(ScopedHandler.java:233)
	at org.eclipse.jetty.server.handler.ContextHandler.doHandle(ContextHandler.java:1440)
	at org.eclipse.jetty.server.handler.ScopedHandler.nextScope(ScopedHandler.java:188)
	at org.eclipse.jetty.servlet.ServletHandler.doScope(ServletHandler.java:505)
	at org.eclipse.jetty.server.session.SessionHandler.doScope(SessionHandler.java:1594)
	at org.eclipse.jetty.server.handler.ScopedHandler.nextScope(ScopedHandler.java:186)
	at org.eclipse.jetty.server.handler.ContextHandler.doScope(ContextHandler.java:1355)
	at org.eclipse.jetty.server.handler.ScopedHandler.handle(ScopedHandler.java:141)
	at org.eclipse.jetty.server.handler.HandlerCollection.handle(HandlerCollection.java:146)
	at org.eclipse.jetty.server.handler.HandlerWrapper.handle(HandlerWrapper.java:127)
	at org.eclipse.jetty.server.Server.handle(Server.java:512)
	at org.eclipse.jetty.server.HttpChannel.lambda$handle$1(HttpChannel.java:487)
	at org.eclipse.jetty.server.HttpChannel.dispatch(HttpChannel.java:732)
	at org.eclipse.jetty.server.HttpChannel.handle(HttpChannel.java:479)
	at org.eclipse.jetty.server.HttpConnection.onFillable(HttpConnection.java:277)
	at org.eclipse.jetty.io.AbstractConnection$ReadCallback.succeeded(AbstractConnection.java:311)
	at org.eclipse.jetty.io.FillInterest.fillable(FillInterest.java:105)
	at org.eclipse.jetty.io.ChannelEndPoint$1.run(ChannelEndPoint.java:104)
	at org.eclipse.jetty.util.thread.strategy.EatWhatYouKill.runTask(EatWhatYouKill.java:338)
	at org.eclipse.jetty.util.thread.strategy.EatWhatYouKill.doProduce(EatWhatYouKill.java:315)
	at org.eclipse.jetty.util.thread.strategy.EatWhatYouKill.tryProduce(EatWhatYouKill.java:173)
	at org.eclipse.jetty.util.thread.strategy.EatWhatYouKill.run(EatWhatYouKill.java:131)
	at org.eclipse.jetty.util.thread.ReservedThreadExecutor$ReservedThread.run(ReservedThreadExecutor.java:409)
	at org.eclipse.jetty.util.thread.QueuedThreadPool.runJob(QueuedThreadPool.java:883)
	at org.eclipse.jetty.util.thread.QueuedThreadPool$Runner.run(QueuedThreadPool.java:1034)
	at java.lang.Thread.run(Thread.java:750)
2023-06-23 00:37:41,149 [qtp577682023-20] INFO  generators.AbstractWadlGeneratorGrammarGenerator (AbstractWadlGeneratorGrammarGenerator.java:attachTypes(479)) - Couldn't find grammar element for class java.util.Map
2023-06-23 00:37:41,153 [qtp577682023-20] INFO  generators.AbstractWadlGeneratorGrammarGenerator (AbstractWadlGeneratorGrammarGenerator.java:attachTypes(479)) - Couldn't find grammar element for class javax.ws.rs.core.Response
2023-06-23 00:37:41,153 [qtp577682023-20] INFO  generators.AbstractWadlGeneratorGrammarGenerator (AbstractWadlGeneratorGrammarGenerator.java:attachTypes(479)) - Couldn't find grammar element for class javax.ws.rs.core.Response
2023-06-23 00:37:41,153 [qtp577682023-20] INFO  generators.AbstractWadlGeneratorGrammarGenerator (AbstractWadlGeneratorGrammarGenerator.java:attachTypes(479)) - Couldn't find grammar element for class java.util.Map
2023-06-23 00:37:41,153 [qtp577682023-20] INFO  generators.AbstractWadlGeneratorGrammarGenerator (AbstractWadlGeneratorGrammarGenerator.java:attachTypes(479)) - Couldn't find grammar element for class java.util.Map
2023-06-23 00:37:41,153 [qtp577682023-20] INFO  generators.AbstractWadlGeneratorGrammarGenerator (AbstractWadlGeneratorGrammarGenerator.java:attachTypes(479)) - Couldn't find grammar element for class java.util.Map
2023-06-23 00:37:41,153 [qtp577682023-20] INFO  generators.AbstractWadlGeneratorGrammarGenerator (AbstractWadlGeneratorGrammarGenerator.java:attachTypes(479)) - Couldn't find grammar element for class javax.ws.rs.core.Response
2023-06-23 00:37:41,154 [qtp577682023-20] INFO  generators.AbstractWadlGeneratorGrammarGenerator (AbstractWadlGeneratorGrammarGenerator.java:attachTypes(479)) - Couldn't find grammar element for class java.util.Map
2023-06-23 00:37:41,262 [qtp577682023-22] INFO  kms-audit (SimpleKMSAuditLogger.java:logAuditEvent(59)) - OK[op=DECRYPT_EEK, key=key1, user=runner, accessCount=1, interval=0ms] 
2023-06-23 00:37:41,288 [main] INFO  impl.MetricsSystemImpl (MetricsSystemImpl.java:init(158)) - XceiverClientMetrics metrics system started (again)
2023-06-23 00:37:41,289 [main] INFO  lib.Interns (Interns.java:removeEldestEntry(50)) - Metrics intern cache overflow at 2011 for MetricsSystem={MetricsSystem=MetricsInfoImpl{name=MetricsSystem, description=MetricsSystem}, MetricsSystem record=MetricsInfoImpl{name=MetricsSystem, description=MetricsSystem record}}
2023-06-23 00:37:41,741 [IPC Server handler 3 on default port 15001] WARN  node.SCMNodeManager (SCMNodeManager.java:getNodesByAddress(1377)) - Cannot find node for address 127.0.0.1
2023-06-23 00:37:41,756 [IPC Server handler 4 on default port 15001] WARN  node.SCMNodeManager (SCMNodeManager.java:getNodesByAddress(1377)) - Cannot find node for address 127.0.0.1
2023-06-23 00:37:41,907 [main] INFO  client.DataStreamClient (ConfUtils.java:logGet(46)) - raft.datastream.type = NETTY (custom)
2023-06-23 00:37:41,911 [main] INFO  netty.NettyConfigKeys$DataStream (ConfUtils.java:logGet(46)) - raft.netty.dataStream.client.tls.conf = null (default)
2023-06-23 00:37:41,912 [main] INFO  netty.NettyConfigKeys$DataStream (ConfUtils.java:logGet(46)) - raft.netty.dataStream.client.reply.queue.grace-period = 1s (default)
2023-06-23 00:37:41,915 [main] INFO  netty.NettyConfigKeys$DataStream (ConfUtils.java:logGet(46)) - raft.netty.dataStream.client.worker-group.share = false (default)
2023-06-23 00:37:41,916 [main] INFO  netty.NettyConfigKeys$DataStream (ConfUtils.java:logGet(46)) - raft.netty.dataStream.client.worker-group.size = 4 (default)
2023-06-23 00:37:41,945 [b858c729-efcc-4161-8033-8241e78cf6c6-NettyServerStreamRpc-bossGroup--thread1] INFO  logging.LoggingHandler (AbstractInternalLogger.java:log(148)) - [id: 0x1fc52b9e, L:/0:0:0:0:0:0:0:0:15033] READ: [id: 0x55fd2850, L:/10.1.0.47:15033 - R:/10.1.0.47:47746]
2023-06-23 00:37:41,945 [b858c729-efcc-4161-8033-8241e78cf6c6-NettyServerStreamRpc-bossGroup--thread1] INFO  logging.LoggingHandler (AbstractInternalLogger.java:log(148)) - [id: 0x1fc52b9e, L:/0:0:0:0:0:0:0:0:15033] READ COMPLETE
2023-06-23 00:37:42,078 [IPC Server handler 5 on default port 15001] WARN  node.SCMNodeManager (SCMNodeManager.java:getNodesByAddress(1377)) - Cannot find node for address 127.0.0.1
2023-06-23 00:37:42,086 [IPC Server handler 11 on default port 15001] WARN  node.SCMNodeManager (SCMNodeManager.java:getNodesByAddress(1377)) - Cannot find node for address 127.0.0.1
]]></system-out>
    <system-err><![CDATA[ERROR StatusLogger Reconfiguration failed: No configuration found for '18b4aac2' at 'null' in 'null'
]]></system-err>
  </testcase>
  <testcase name="testPutKeyWithEncryption" classname="TestOzoneAtRestEncryption" time="0.081">
    <system-out><![CDATA[2023-06-23 00:38:02,456 [main] INFO  rpc.RpcClient (RpcClient.java:createVolume(459)) - Creating Volume: 52286a5b-bf87-49eb-8ec1-c7e9cde3cc21, with runner as owner and space quota set to -1 bytes, counts quota set to -1
2023-06-23 00:38:02,458 [OM StateMachine ApplyTransaction Thread - 0] INFO  volume.OMVolumeCreateRequest (OMVolumeCreateRequest.java:validateAndUpdateCache(196)) - created volume:52286a5b-bf87-49eb-8ec1-c7e9cde3cc21 for user:runner
2023-06-23 00:38:02,460 [main] INFO  rpc.RpcClient (RpcClient.java:createBucket(686)) - Creating Bucket: 52286a5b-bf87-49eb-8ec1-c7e9cde3cc21/43121c63-0e1c-4142-ad8f-71e0d6f08661, with bucket layout OBJECT_STORE, runner as owner, Versioning false, Storage Type set to DISK and Encryption set to true, Replication Type set to server-side default replication type, Namespace Quota set to -1, Space Quota set to -1 
2023-06-23 00:38:02,462 [qtp577682023-18] INFO  kms-audit (SimpleKMSAuditLogger.java:logAuditSimpleFormat(93)) - OK[op=GET_METADATA, key=key1, user=runner] 
2023-06-23 00:38:02,465 [OM StateMachine ApplyTransaction Thread - 0] INFO  bucket.OMBucketCreateRequest (OMBucketCreateRequest.java:validateAndUpdateCache(270)) - created bucket: 43121c63-0e1c-4142-ad8f-71e0d6f08661 of layout OBJECT_STORE in volume: 52286a5b-bf87-49eb-8ec1-c7e9cde3cc21
2023-06-23 00:38:02,491 [IPC Server handler 12 on default port 15001] WARN  node.SCMNodeManager (SCMNodeManager.java:getNodesByAddress(1377)) - Cannot find node for address 127.0.0.1
2023-06-23 00:38:02,493 [IPC Server handler 17 on default port 15001] WARN  node.SCMNodeManager (SCMNodeManager.java:getNodesByAddress(1377)) - Cannot find node for address 127.0.0.1
2023-06-23 00:38:02,525 [IPC Server handler 18 on default port 15001] WARN  node.SCMNodeManager (SCMNodeManager.java:getNodesByAddress(1377)) - Cannot find node for address 127.0.0.1
2023-06-23 00:38:02,527 [IPC Server handler 15 on default port 15001] WARN  node.SCMNodeManager (SCMNodeManager.java:getNodesByAddress(1377)) - Cannot find node for address 127.0.0.1
]]></system-out>
  </testcase>
  <testcase name="testMPUwithOnePart" classname="TestOzoneAtRestEncryption" time="1.781">
    <system-out><![CDATA[2023-06-23 00:37:42,129 [main] INFO  rpc.RpcClient (RpcClient.java:createVolume(459)) - Creating Volume: 1a091093-56c1-441a-aa9a-72d4ccafe5ec, with runner as owner and space quota set to -1 bytes, counts quota set to -1
2023-06-23 00:37:42,136 [OM StateMachine ApplyTransaction Thread - 0] INFO  volume.OMVolumeCreateRequest (OMVolumeCreateRequest.java:validateAndUpdateCache(196)) - created volume:1a091093-56c1-441a-aa9a-72d4ccafe5ec for user:runner
2023-06-23 00:37:42,143 [main] INFO  rpc.RpcClient (RpcClient.java:createBucket(686)) - Creating Bucket: 1a091093-56c1-441a-aa9a-72d4ccafe5ec/60b428be-1406-4f52-b0f8-39f61f1ca227, with bucket layout FILE_SYSTEM_OPTIMIZED, runner as owner, Versioning false, Storage Type set to DISK and Encryption set to true, Replication Type set to server-side default replication type, Namespace Quota set to -1, Space Quota set to -1 
2023-06-23 00:37:42,159 [qtp577682023-20] INFO  kms-audit (SimpleKMSAuditLogger.java:logAuditSimpleFormat(93)) - OK[op=GET_METADATA, key=key1, user=runner] 
2023-06-23 00:37:42,163 [OM StateMachine ApplyTransaction Thread - 0] INFO  bucket.OMBucketCreateRequest (OMBucketCreateRequest.java:validateAndUpdateCache(270)) - created bucket: 60b428be-1406-4f52-b0f8-39f61f1ca227 of layout FILE_SYSTEM_OPTIMIZED in volume: 1a091093-56c1-441a-aa9a-72d4ccafe5ec
2023-06-23 00:37:42,639 [IPC Server handler 6 on default port 15001] WARN  node.SCMNodeManager (SCMNodeManager.java:getNodesByAddress(1377)) - Cannot find node for address 127.0.0.1
2023-06-23 00:37:42,640 [IPC Server handler 5 on default port 15001] WARN  node.SCMNodeManager (SCMNodeManager.java:getNodesByAddress(1377)) - Cannot find node for address 127.0.0.1
2023-06-23 00:37:42,641 [IPC Server handler 11 on default port 15001] WARN  node.SCMNodeManager (SCMNodeManager.java:getNodesByAddress(1377)) - Cannot find node for address 127.0.0.1
2023-06-23 00:37:43,315 [JvmPauseMonitor11] WARN  util.JvmPauseMonitor (JvmPauseMonitor.java:detectPause(124)) - JvmPauseMonitor-4cfb2fd8-05c8-4994-9a43-484107cbe362: Detected pause in JVM or host machine approximately 0.349s with 0.587s GC time.
GC pool 'PS MarkSweep' had collection(s): count=1 time=496ms
GC pool 'PS Scavenge' had collection(s): count=1 time=91ms
2023-06-23 00:37:43,316 [JvmPauseMonitor10] WARN  util.JvmPauseMonitor (JvmPauseMonitor.java:detectPause(124)) - JvmPauseMonitor-f07173a4-652e-46dc-b7ae-8cd05d01b793: Detected pause in JVM or host machine approximately 0.381s with 0.587s GC time.
GC pool 'PS MarkSweep' had collection(s): count=1 time=496ms
GC pool 'PS Scavenge' had collection(s): count=1 time=91ms
2023-06-23 00:37:43,316 [JvmPauseMonitor1] WARN  util.JvmPauseMonitor (JvmPauseMonitor.java:detectPause(124)) - JvmPauseMonitor-om1: Detected pause in JVM or host machine approximately 0.397s with 0.587s GC time.
GC pool 'PS MarkSweep' had collection(s): count=1 time=496ms
GC pool 'PS Scavenge' had collection(s): count=1 time=91ms
2023-06-23 00:37:43,316 [JvmPauseMonitor7] WARN  util.JvmPauseMonitor (JvmPauseMonitor.java:detectPause(124)) - JvmPauseMonitor-6a1a42da-c2df-4fd1-96ac-c2667a6b2780: Detected pause in JVM or host machine approximately 0.397s with 0.587s GC time.
GC pool 'PS MarkSweep' had collection(s): count=1 time=496ms
GC pool 'PS Scavenge' had collection(s): count=1 time=91ms
2023-06-23 00:37:43,317 [JvmPauseMonitor2] WARN  util.JvmPauseMonitor (JvmPauseMonitor.java:detectPause(124)) - JvmPauseMonitor-0748a88e-a458-4efc-a02e-125962a69d19: Detected pause in JVM or host machine approximately 0.397s with 0.587s GC time.
GC pool 'PS MarkSweep' had collection(s): count=1 time=496ms
GC pool 'PS Scavenge' had collection(s): count=1 time=91ms
2023-06-23 00:37:43,317 [JvmPauseMonitor4] WARN  util.JvmPauseMonitor (JvmPauseMonitor.java:detectPause(124)) - JvmPauseMonitor-b858c729-efcc-4161-8033-8241e78cf6c6: Detected pause in JVM or host machine approximately 0.399s with 0.587s GC time.
GC pool 'PS MarkSweep' had collection(s): count=1 time=496ms
GC pool 'PS Scavenge' had collection(s): count=1 time=91ms
2023-06-23 00:37:43,317 [JvmPauseMonitor3] WARN  util.JvmPauseMonitor (JvmPauseMonitor.java:detectPause(124)) - JvmPauseMonitor-59e05457-4658-4a4f-b6c2-3fec945af00c: Detected pause in JVM or host machine approximately 0.399s with 0.587s GC time.
GC pool 'PS MarkSweep' had collection(s): count=1 time=496ms
GC pool 'PS Scavenge' had collection(s): count=1 time=91ms
2023-06-23 00:37:43,317 [JvmPauseMonitor5] WARN  util.JvmPauseMonitor (JvmPauseMonitor.java:detectPause(124)) - JvmPauseMonitor-4e705eda-d59c-4e65-825a-8cd43ac70c00: Detected pause in JVM or host machine approximately 0.399s with 0.587s GC time.
GC pool 'PS MarkSweep' had collection(s): count=1 time=496ms
GC pool 'PS Scavenge' had collection(s): count=1 time=91ms
2023-06-23 00:37:43,319 [JvmPauseMonitor9] WARN  util.JvmPauseMonitor (JvmPauseMonitor.java:detectPause(124)) - JvmPauseMonitor-cdb7ea93-9969-4a2d-8fff-2d6ab6bce964: Detected pause in JVM or host machine approximately 0.405s with 0.587s GC time.
GC pool 'PS MarkSweep' had collection(s): count=1 time=496ms
GC pool 'PS Scavenge' had collection(s): count=1 time=91ms
2023-06-23 00:37:43,319 [JvmPauseMonitor6] WARN  util.JvmPauseMonitor (JvmPauseMonitor.java:detectPause(124)) - JvmPauseMonitor-a135c5de-80e1-4aab-81ec-fcc917b89996: Detected pause in JVM or host machine approximately 0.405s with 0.587s GC time.
GC pool 'PS MarkSweep' had collection(s): count=1 time=496ms
GC pool 'PS Scavenge' had collection(s): count=1 time=91ms
2023-06-23 00:37:43,319 [JvmPauseMonitor0] WARN  util.JvmPauseMonitor (JvmPauseMonitor.java:detectPause(124)) - JvmPauseMonitor-d422b4de-b1ad-40a9-9d33-0c3db83132e3: Detected pause in JVM or host machine approximately 0.408s with 0.587s GC time.
GC pool 'PS MarkSweep' had collection(s): count=1 time=496ms
GC pool 'PS Scavenge' had collection(s): count=1 time=91ms
2023-06-23 00:37:43,319 [JvmPauseMonitor8] WARN  util.JvmPauseMonitor (JvmPauseMonitor.java:detectPause(124)) - JvmPauseMonitor-c45f7b2b-079b-4ce1-93e8-334248332cec: Detected pause in JVM or host machine approximately 0.420s with 0.587s GC time.
GC pool 'PS MarkSweep' had collection(s): count=1 time=496ms
GC pool 'PS Scavenge' had collection(s): count=1 time=91ms
]]></system-out>
  </testcase>
  <testcase name="testMPUwithOnePart" classname="TestOzoneAtRestEncryption" time="0.316">
    <system-out><![CDATA[2023-06-23 00:38:02,537 [main] INFO  rpc.RpcClient (RpcClient.java:createVolume(459)) - Creating Volume: 176e1830-8e98-4f58-896c-69bb3c5360a4, with runner as owner and space quota set to -1 bytes, counts quota set to -1
2023-06-23 00:38:02,539 [OM StateMachine ApplyTransaction Thread - 0] INFO  volume.OMVolumeCreateRequest (OMVolumeCreateRequest.java:validateAndUpdateCache(196)) - created volume:176e1830-8e98-4f58-896c-69bb3c5360a4 for user:runner
2023-06-23 00:38:02,540 [main] INFO  rpc.RpcClient (RpcClient.java:createBucket(686)) - Creating Bucket: 176e1830-8e98-4f58-896c-69bb3c5360a4/078fda0d-1fc5-40da-b712-010b9dbed921, with bucket layout OBJECT_STORE, runner as owner, Versioning false, Storage Type set to DISK and Encryption set to true, Replication Type set to server-side default replication type, Namespace Quota set to -1, Space Quota set to -1 
2023-06-23 00:38:02,542 [qtp577682023-18] INFO  kms-audit (SimpleKMSAuditLogger.java:logAuditSimpleFormat(93)) - OK[op=GET_METADATA, key=key1, user=runner] 
2023-06-23 00:38:02,545 [OM StateMachine ApplyTransaction Thread - 0] INFO  bucket.OMBucketCreateRequest (OMBucketCreateRequest.java:validateAndUpdateCache(270)) - created bucket: 078fda0d-1fc5-40da-b712-010b9dbed921 of layout OBJECT_STORE in volume: 176e1830-8e98-4f58-896c-69bb3c5360a4
2023-06-23 00:38:02,649 [IPC Server handler 10 on default port 15001] WARN  node.SCMNodeManager (SCMNodeManager.java:getNodesByAddress(1377)) - Cannot find node for address 127.0.0.1
2023-06-23 00:38:02,650 [IPC Server handler 9 on default port 15001] WARN  node.SCMNodeManager (SCMNodeManager.java:getNodesByAddress(1377)) - Cannot find node for address 127.0.0.1
2023-06-23 00:38:02,651 [IPC Server handler 2 on default port 15001] WARN  node.SCMNodeManager (SCMNodeManager.java:getNodesByAddress(1377)) - Cannot find node for address 127.0.0.1
2023-06-23 00:38:02,651 [IPC Server handler 5 on default port 15001] WARN  node.SCMNodeManager (SCMNodeManager.java:getNodesByAddress(1377)) - Cannot find node for address 127.0.0.1
2023-06-23 00:38:02,652 [IPC Server handler 8 on default port 15001] WARN  node.SCMNodeManager (SCMNodeManager.java:getNodesByAddress(1377)) - Cannot find node for address 127.0.0.1
]]></system-out>
  </testcase>
  <testcase name="testLinkEncryptedBuckets" classname="TestOzoneAtRestEncryption" time="0.31">
    <system-out><![CDATA[2023-06-23 00:37:43,910 [main] INFO  rpc.RpcClient (RpcClient.java:createVolume(459)) - Creating Volume: 9344b0b5-df02-4be0-b87a-cb865433c5f9, with runner as owner and space quota set to -1 bytes, counts quota set to -1
2023-06-23 00:37:43,914 [OM StateMachine ApplyTransaction Thread - 0] INFO  volume.OMVolumeCreateRequest (OMVolumeCreateRequest.java:validateAndUpdateCache(196)) - created volume:9344b0b5-df02-4be0-b87a-cb865433c5f9 for user:runner
2023-06-23 00:37:43,917 [main] INFO  rpc.RpcClient (RpcClient.java:createBucket(686)) - Creating Bucket: 9344b0b5-df02-4be0-b87a-cb865433c5f9/8f77427b-ffb6-42ca-8c65-d8a711427b3a, with bucket layout FILE_SYSTEM_OPTIMIZED, runner as owner, Versioning false, Storage Type set to DISK and Encryption set to true, Replication Type set to server-side default replication type, Namespace Quota set to -1, Space Quota set to -1 
2023-06-23 00:37:43,920 [qtp577682023-22] INFO  kms-audit (SimpleKMSAuditLogger.java:logAuditSimpleFormat(93)) - OK[op=GET_METADATA, key=key1, user=runner] 
2023-06-23 00:37:43,924 [OM StateMachine ApplyTransaction Thread - 0] INFO  bucket.OMBucketCreateRequest (OMBucketCreateRequest.java:validateAndUpdateCache(270)) - created bucket: 8f77427b-ffb6-42ca-8c65-d8a711427b3a of layout FILE_SYSTEM_OPTIMIZED in volume: 9344b0b5-df02-4be0-b87a-cb865433c5f9
2023-06-23 00:37:43,927 [main] INFO  rpc.RpcClient (RpcClient.java:createVolume(459)) - Creating Volume: a4e7d75e-0dfe-4f53-8009-7ec6e671d1aa, with runner as owner and space quota set to -1 bytes, counts quota set to -1
2023-06-23 00:37:43,929 [OM StateMachine ApplyTransaction Thread - 0] INFO  volume.OMVolumeCreateRequest (OMVolumeCreateRequest.java:validateAndUpdateCache(196)) - created volume:a4e7d75e-0dfe-4f53-8009-7ec6e671d1aa for user:runner
2023-06-23 00:37:43,931 [main] INFO  rpc.RpcClient (RpcClient.java:createBucket(686)) - Creating Bucket: a4e7d75e-0dfe-4f53-8009-7ec6e671d1aa/90fd894a-c75f-4635-aa74-55e35a29acb9, with bucket layout FILE_SYSTEM_OPTIMIZED, runner as owner, Versioning false, Storage Type set to DISK and Encryption set to false, Replication Type set to server-side default replication type, Namespace Quota set to -1, Space Quota set to -1 
2023-06-23 00:37:43,934 [OM StateMachine ApplyTransaction Thread - 0] INFO  bucket.OMBucketCreateRequest (OMBucketCreateRequest.java:validateAndUpdateCache(270)) - created bucket: 90fd894a-c75f-4635-aa74-55e35a29acb9 of layout FILE_SYSTEM_OPTIMIZED in volume: a4e7d75e-0dfe-4f53-8009-7ec6e671d1aa
2023-06-23 00:37:44,017 [IPC Server handler 8 on default port 15001] WARN  node.SCMNodeManager (SCMNodeManager.java:getNodesByAddress(1377)) - Cannot find node for address 127.0.0.1
2023-06-23 00:37:44,021 [IPC Server handler 9 on default port 15001] WARN  node.SCMNodeManager (SCMNodeManager.java:getNodesByAddress(1377)) - Cannot find node for address 127.0.0.1
2023-06-23 00:37:44,064 [main] INFO  client.DataStreamClient (ConfUtils.java:logGet(46)) - raft.datastream.type = NETTY (custom)
2023-06-23 00:37:44,064 [main] INFO  netty.NettyConfigKeys$DataStream (ConfUtils.java:logGet(46)) - raft.netty.dataStream.client.tls.conf = null (default)
2023-06-23 00:37:44,064 [main] INFO  netty.NettyConfigKeys$DataStream (ConfUtils.java:logGet(46)) - raft.netty.dataStream.client.reply.queue.grace-period = 1s (default)
2023-06-23 00:37:44,064 [main] INFO  netty.NettyConfigKeys$DataStream (ConfUtils.java:logGet(46)) - raft.netty.dataStream.client.worker-group.share = false (default)
2023-06-23 00:37:44,065 [main] INFO  netty.NettyConfigKeys$DataStream (ConfUtils.java:logGet(46)) - raft.netty.dataStream.client.worker-group.size = 4 (default)
2023-06-23 00:37:44,069 [59e05457-4658-4a4f-b6c2-3fec945af00c-NettyServerStreamRpc-bossGroup--thread1] INFO  logging.LoggingHandler (AbstractInternalLogger.java:log(148)) - [id: 0x8d0a8cb0, L:/0:0:0:0:0:0:0:0:15024] READ: [id: 0x8b24b82e, L:/10.1.0.47:15024 - R:/10.1.0.47:59428]
2023-06-23 00:37:44,070 [59e05457-4658-4a4f-b6c2-3fec945af00c-NettyServerStreamRpc-bossGroup--thread1] INFO  logging.LoggingHandler (AbstractInternalLogger.java:log(148)) - [id: 0x8d0a8cb0, L:/0:0:0:0:0:0:0:0:15024] READ COMPLETE
2023-06-23 00:37:44,189 [IPC Server handler 14 on default port 15001] WARN  node.SCMNodeManager (SCMNodeManager.java:getNodesByAddress(1377)) - Cannot find node for address 127.0.0.1
2023-06-23 00:37:44,193 [IPC Server handler 7 on default port 15001] WARN  node.SCMNodeManager (SCMNodeManager.java:getNodesByAddress(1377)) - Cannot find node for address 127.0.0.1
]]></system-out>
  </testcase>
  <testcase name="testLinkEncryptedBuckets" classname="TestOzoneAtRestEncryption" time="0.089">
    <system-out><![CDATA[2023-06-23 00:38:02,854 [main] INFO  rpc.RpcClient (RpcClient.java:createVolume(459)) - Creating Volume: 99f73424-70bb-43c2-86ac-6aba057315ee, with runner as owner and space quota set to -1 bytes, counts quota set to -1
2023-06-23 00:38:02,856 [OM StateMachine ApplyTransaction Thread - 0] INFO  volume.OMVolumeCreateRequest (OMVolumeCreateRequest.java:validateAndUpdateCache(196)) - created volume:99f73424-70bb-43c2-86ac-6aba057315ee for user:runner
2023-06-23 00:38:02,859 [main] INFO  rpc.RpcClient (RpcClient.java:createBucket(686)) - Creating Bucket: 99f73424-70bb-43c2-86ac-6aba057315ee/0990140e-d391-4793-9e43-32bcb68ead64, with bucket layout OBJECT_STORE, runner as owner, Versioning false, Storage Type set to DISK and Encryption set to true, Replication Type set to server-side default replication type, Namespace Quota set to -1, Space Quota set to -1 
2023-06-23 00:38:02,862 [qtp577682023-22] INFO  kms-audit (SimpleKMSAuditLogger.java:logAuditSimpleFormat(93)) - OK[op=GET_METADATA, key=key1, user=runner] 
2023-06-23 00:38:02,865 [OM StateMachine ApplyTransaction Thread - 0] INFO  bucket.OMBucketCreateRequest (OMBucketCreateRequest.java:validateAndUpdateCache(270)) - created bucket: 0990140e-d391-4793-9e43-32bcb68ead64 of layout OBJECT_STORE in volume: 99f73424-70bb-43c2-86ac-6aba057315ee
2023-06-23 00:38:02,867 [main] INFO  rpc.RpcClient (RpcClient.java:createVolume(459)) - Creating Volume: 6facc6a2-e7ae-4f60-9cb8-c0bd6029b772, with runner as owner and space quota set to -1 bytes, counts quota set to -1
2023-06-23 00:38:02,868 [OM StateMachine ApplyTransaction Thread - 0] INFO  volume.OMVolumeCreateRequest (OMVolumeCreateRequest.java:validateAndUpdateCache(196)) - created volume:6facc6a2-e7ae-4f60-9cb8-c0bd6029b772 for user:runner
2023-06-23 00:38:02,870 [main] INFO  rpc.RpcClient (RpcClient.java:createBucket(686)) - Creating Bucket: 6facc6a2-e7ae-4f60-9cb8-c0bd6029b772/4719d831-2439-4388-804b-28409bbcb53d, with bucket layout OBJECT_STORE, runner as owner, Versioning false, Storage Type set to DISK and Encryption set to false, Replication Type set to server-side default replication type, Namespace Quota set to -1, Space Quota set to -1 
2023-06-23 00:38:02,872 [OM StateMachine ApplyTransaction Thread - 0] INFO  bucket.OMBucketCreateRequest (OMBucketCreateRequest.java:validateAndUpdateCache(270)) - created bucket: 4719d831-2439-4388-804b-28409bbcb53d of layout OBJECT_STORE in volume: 6facc6a2-e7ae-4f60-9cb8-c0bd6029b772
2023-06-23 00:38:02,897 [IPC Server handler 7 on default port 15001] WARN  node.SCMNodeManager (SCMNodeManager.java:getNodesByAddress(1377)) - Cannot find node for address 127.0.0.1
2023-06-23 00:38:02,900 [IPC Server handler 1 on default port 15001] WARN  node.SCMNodeManager (SCMNodeManager.java:getNodesByAddress(1377)) - Cannot find node for address 127.0.0.1
2023-06-23 00:38:02,931 [IPC Server handler 13 on default port 15001] WARN  node.SCMNodeManager (SCMNodeManager.java:getNodesByAddress(1377)) - Cannot find node for address 127.0.0.1
2023-06-23 00:38:02,933 [IPC Server handler 12 on default port 15001] WARN  node.SCMNodeManager (SCMNodeManager.java:getNodesByAddress(1377)) - Cannot find node for address 127.0.0.1
]]></system-out>
  </testcase>
  <testcase name="testMPUwithTwoParts" classname="TestOzoneAtRestEncryption" time="1.851">
    <system-out><![CDATA[2023-06-23 00:37:44,221 [main] INFO  rpc.RpcClient (RpcClient.java:createVolume(459)) - Creating Volume: fce7b51b-ce7f-4b03-ad67-f6e560617004, with runner as owner and space quota set to -1 bytes, counts quota set to -1
2023-06-23 00:37:44,224 [OM StateMachine ApplyTransaction Thread - 0] INFO  volume.OMVolumeCreateRequest (OMVolumeCreateRequest.java:validateAndUpdateCache(196)) - created volume:fce7b51b-ce7f-4b03-ad67-f6e560617004 for user:runner
2023-06-23 00:37:44,227 [main] INFO  rpc.RpcClient (RpcClient.java:createBucket(686)) - Creating Bucket: fce7b51b-ce7f-4b03-ad67-f6e560617004/08ccea59-e420-4543-8cbb-062c7040763e, with bucket layout FILE_SYSTEM_OPTIMIZED, runner as owner, Versioning false, Storage Type set to DISK and Encryption set to true, Replication Type set to server-side default replication type, Namespace Quota set to -1, Space Quota set to -1 
2023-06-23 00:37:44,229 [qtp577682023-22] INFO  kms-audit (SimpleKMSAuditLogger.java:logAuditSimpleFormat(93)) - OK[op=GET_METADATA, key=key1, user=runner] 
2023-06-23 00:37:44,232 [OM StateMachine ApplyTransaction Thread - 0] INFO  bucket.OMBucketCreateRequest (OMBucketCreateRequest.java:validateAndUpdateCache(270)) - created bucket: 08ccea59-e420-4543-8cbb-062c7040763e of layout FILE_SYSTEM_OPTIMIZED in volume: fce7b51b-ce7f-4b03-ad67-f6e560617004
2023-06-23 00:37:45,030 [OM StateMachine ApplyTransaction Thread - 0] DEBUG db.CodecBuffer (CodecBuffer.java:setCapacity(212)) - setCapacity: 4096 -> 10921, max=2147483647
2023-06-23 00:37:45,039 [IPC Server handler 13 on default port 15001] WARN  node.SCMNodeManager (SCMNodeManager.java:getNodesByAddress(1377)) - Cannot find node for address 127.0.0.1
2023-06-23 00:37:45,040 [IPC Server handler 12 on default port 15001] WARN  node.SCMNodeManager (SCMNodeManager.java:getNodesByAddress(1377)) - Cannot find node for address 127.0.0.1
2023-06-23 00:37:45,041 [IPC Server handler 17 on default port 15001] WARN  node.SCMNodeManager (SCMNodeManager.java:getNodesByAddress(1377)) - Cannot find node for address 127.0.0.1
2023-06-23 00:37:45,042 [IPC Server handler 16 on default port 15001] WARN  node.SCMNodeManager (SCMNodeManager.java:getNodesByAddress(1377)) - Cannot find node for address 127.0.0.1
2023-06-23 00:37:45,043 [IPC Server handler 18 on default port 15001] WARN  node.SCMNodeManager (SCMNodeManager.java:getNodesByAddress(1377)) - Cannot find node for address 127.0.0.1
2023-06-23 00:37:45,044 [IPC Server handler 15 on default port 15001] WARN  node.SCMNodeManager (SCMNodeManager.java:getNodesByAddress(1377)) - Cannot find node for address 127.0.0.1
2023-06-23 00:37:45,045 [IPC Server handler 19 on default port 15001] WARN  node.SCMNodeManager (SCMNodeManager.java:getNodesByAddress(1377)) - Cannot find node for address 127.0.0.1
]]></system-out>
  </testcase>
  <testcase name="testMPUwithTwoParts" classname="TestOzoneAtRestEncryption" time="0.829">
    <system-out><![CDATA[2023-06-23 00:38:02,944 [main] INFO  rpc.RpcClient (RpcClient.java:createVolume(459)) - Creating Volume: 1894d867-7c15-451c-b2aa-73e93cc3a1d4, with runner as owner and space quota set to -1 bytes, counts quota set to -1
2023-06-23 00:38:02,945 [OM StateMachine ApplyTransaction Thread - 0] INFO  volume.OMVolumeCreateRequest (OMVolumeCreateRequest.java:validateAndUpdateCache(196)) - created volume:1894d867-7c15-451c-b2aa-73e93cc3a1d4 for user:runner
2023-06-23 00:38:02,947 [main] INFO  rpc.RpcClient (RpcClient.java:createBucket(686)) - Creating Bucket: 1894d867-7c15-451c-b2aa-73e93cc3a1d4/4b3a6ecb-e989-4552-a55f-aa644faada9c, with bucket layout OBJECT_STORE, runner as owner, Versioning false, Storage Type set to DISK and Encryption set to true, Replication Type set to server-side default replication type, Namespace Quota set to -1, Space Quota set to -1 
2023-06-23 00:38:02,949 [qtp577682023-22] INFO  kms-audit (SimpleKMSAuditLogger.java:logAuditSimpleFormat(93)) - OK[op=GET_METADATA, key=key1, user=runner] 
2023-06-23 00:38:02,951 [OM StateMachine ApplyTransaction Thread - 0] INFO  bucket.OMBucketCreateRequest (OMBucketCreateRequest.java:validateAndUpdateCache(270)) - created bucket: 4b3a6ecb-e989-4552-a55f-aa644faada9c of layout OBJECT_STORE in volume: 1894d867-7c15-451c-b2aa-73e93cc3a1d4
2023-06-23 00:38:03,216 [OM StateMachine ApplyTransaction Thread - 0] DEBUG db.CodecBuffer (CodecBuffer.java:setCapacity(212)) - setCapacity: 4096 -> 10915, max=2147483647
2023-06-23 00:38:03,220 [IPC Server handler 14 on default port 15001] WARN  node.SCMNodeManager (SCMNodeManager.java:getNodesByAddress(1377)) - Cannot find node for address 127.0.0.1
2023-06-23 00:38:03,221 [IPC Server handler 7 on default port 15001] WARN  node.SCMNodeManager (SCMNodeManager.java:getNodesByAddress(1377)) - Cannot find node for address 127.0.0.1
2023-06-23 00:38:03,221 [IPC Server handler 1 on default port 15001] WARN  node.SCMNodeManager (SCMNodeManager.java:getNodesByAddress(1377)) - Cannot find node for address 127.0.0.1
2023-06-23 00:38:03,222 [IPC Server handler 0 on default port 15001] WARN  node.SCMNodeManager (SCMNodeManager.java:getNodesByAddress(1377)) - Cannot find node for address 127.0.0.1
2023-06-23 00:38:03,222 [IPC Server handler 13 on default port 15001] WARN  node.SCMNodeManager (SCMNodeManager.java:getNodesByAddress(1377)) - Cannot find node for address 127.0.0.1
2023-06-23 00:38:03,223 [IPC Server handler 12 on default port 15001] WARN  node.SCMNodeManager (SCMNodeManager.java:getNodesByAddress(1377)) - Cannot find node for address 127.0.0.1
]]></system-out>
  </testcase>
  <testcase name="testGetKeyProvider" classname="TestOzoneAtRestEncryption" time="1.711"/>
  <testcase name="testGetKeyProvider" classname="TestOzoneAtRestEncryption" time="0.147"/>
  <testcase name="testMPUwithOneStreamPart" classname="TestOzoneAtRestEncryption" time="1.927">
    <error type="org.apache.hadoop.hdds.scm.container.common.helpers.StorageContainerException"><![CDATA[org.apache.hadoop.hdds.scm.container.common.helpers.StorageContainerException: Unable to find the block with bcsID 7 .Container 18 bcsId is 5.
	at org.apache.hadoop.hdds.scm.storage.ContainerProtocolCalls.validateContainerResponse(ContainerProtocolCalls.java:707)
	at org.apache.hadoop.hdds.scm.storage.ContainerProtocolCalls.lambda$createValidators$4(ContainerProtocolCalls.java:718)
	at org.apache.hadoop.hdds.scm.XceiverClientGrpc.sendCommandWithRetry(XceiverClientGrpc.java:407)
	at org.apache.hadoop.hdds.scm.XceiverClientGrpc.lambda$sendCommandWithTraceIDAndRetry$0(XceiverClientGrpc.java:347)
	at org.apache.hadoop.hdds.tracing.TracingUtil.executeInSpan(TracingUtil.java:169)
	at org.apache.hadoop.hdds.tracing.TracingUtil.executeInNewSpan(TracingUtil.java:149)
	at org.apache.hadoop.hdds.scm.XceiverClientGrpc.sendCommandWithTraceIDAndRetry(XceiverClientGrpc.java:342)
	at org.apache.hadoop.hdds.scm.XceiverClientGrpc.sendCommand(XceiverClientGrpc.java:323)
	at org.apache.hadoop.hdds.scm.storage.ContainerProtocolCalls.getBlock(ContainerProtocolCalls.java:208)
	at org.apache.hadoop.hdds.scm.storage.ContainerProtocolCalls.lambda$getBlock$0(ContainerProtocolCalls.java:186)
	at org.apache.hadoop.hdds.scm.storage.ContainerProtocolCalls.tryEachDatanode(ContainerProtocolCalls.java:146)
	at org.apache.hadoop.hdds.scm.storage.ContainerProtocolCalls.getBlock(ContainerProtocolCalls.java:185)
	at org.apache.hadoop.hdds.scm.storage.BlockInputStream.getChunkInfos(BlockInputStream.java:255)
	at org.apache.hadoop.hdds.scm.storage.BlockInputStream.initialize(BlockInputStream.java:146)
	at org.apache.hadoop.hdds.scm.storage.BlockInputStream.readWithStrategy(BlockInputStream.java:308)
	at org.apache.hadoop.hdds.scm.storage.ExtendedInputStream.read(ExtendedInputStream.java:66)
	at org.apache.hadoop.hdds.scm.storage.ByteBufferReader.readFromBlock(ByteBufferReader.java:56)
	at org.apache.hadoop.hdds.scm.storage.MultipartInputStream.readWithStrategy(MultipartInputStream.java:96)
	at org.apache.hadoop.hdds.scm.storage.ExtendedInputStream.read(ExtendedInputStream.java:66)
	at org.apache.hadoop.crypto.CryptoInputStream.read(CryptoInputStream.java:203)
	at org.apache.hadoop.ozone.client.io.OzoneCryptoInputStream.read(OzoneCryptoInputStream.java:130)
	at org.apache.hadoop.hdds.scm.storage.ByteArrayReader.readFromBlock(ByteArrayReader.java:57)
	at org.apache.hadoop.hdds.scm.storage.MultipartInputStream.readWithStrategy(MultipartInputStream.java:96)
	at org.apache.hadoop.hdds.scm.storage.ExtendedInputStream.read(ExtendedInputStream.java:56)
	at org.apache.hadoop.ozone.client.io.OzoneInputStream.read(OzoneInputStream.java:56)
	at org.apache.hadoop.ozone.client.rpc.TestOzoneAtRestEncryption.testMultipartUploadWithEncryption(TestOzoneAtRestEncryption.java:567)
	at org.apache.hadoop.ozone.client.rpc.TestOzoneAtRestEncryption.testMPUwithOneStreamPart(TestOzoneAtRestEncryption.java:474)
	at sun.reflect.NativeMethodAccessorImpl.invoke0(Native Method)
	at sun.reflect.NativeMethodAccessorImpl.invoke(NativeMethodAccessorImpl.java:62)
	at sun.reflect.DelegatingMethodAccessorImpl.invoke(DelegatingMethodAccessorImpl.java:43)
	at java.lang.reflect.Method.invoke(Method.java:498)
	at org.junit.runners.model.FrameworkMethod$1.runReflectiveCall(FrameworkMethod.java:59)
	at org.junit.internal.runners.model.ReflectiveCallable.run(ReflectiveCallable.java:12)
	at org.junit.runners.model.FrameworkMethod.invokeExplosively(FrameworkMethod.java:56)
	at org.junit.internal.runners.statements.InvokeMethod.evaluate(InvokeMethod.java:17)
	at org.junit.runners.ParentRunner$3.evaluate(ParentRunner.java:306)
	at org.junit.runners.BlockJUnit4ClassRunner$1.evaluate(BlockJUnit4ClassRunner.java:100)
	at org.junit.runners.ParentRunner.runLeaf(ParentRunner.java:366)
	at org.junit.runners.BlockJUnit4ClassRunner.runChild(BlockJUnit4ClassRunner.java:103)
	at org.junit.runners.BlockJUnit4ClassRunner.runChild(BlockJUnit4ClassRunner.java:63)
	at org.junit.runners.ParentRunner$4.run(ParentRunner.java:331)
	at org.junit.runners.ParentRunner$1.schedule(ParentRunner.java:79)
	at org.junit.runners.ParentRunner.runChildren(ParentRunner.java:329)
	at org.junit.runners.ParentRunner.access$100(ParentRunner.java:66)
	at org.junit.runners.ParentRunner$2.evaluate(ParentRunner.java:293)
	at org.junit.runners.ParentRunner.run(ParentRunner.java:413)
	at org.junit.runners.Suite.runChild(Suite.java:128)
	at org.junit.runners.Suite.runChild(Suite.java:27)
	at org.junit.runners.ParentRunner$4.run(ParentRunner.java:331)
	at org.junit.runners.ParentRunner$1.schedule(ParentRunner.java:79)
	at org.junit.runners.ParentRunner.runChildren(ParentRunner.java:329)
	at org.junit.runners.ParentRunner.access$100(ParentRunner.java:66)
	at org.junit.runners.ParentRunner$2.evaluate(ParentRunner.java:293)
	at org.junit.internal.runners.statements.RunBefores.evaluate(RunBefores.java:26)
	at org.junit.internal.runners.statements.RunAfters.evaluate(RunAfters.java:27)
	at org.junit.runners.ParentRunner$3.evaluate(ParentRunner.java:306)
	at org.junit.runners.ParentRunner.run(ParentRunner.java:413)
	at org.junit.runner.JUnitCore.run(JUnitCore.java:137)
	at org.junit.runner.JUnitCore.run(JUnitCore.java:115)
	at org.junit.vintage.engine.execution.RunnerExecutor.execute(RunnerExecutor.java:42)
	at org.junit.vintage.engine.VintageTestEngine.executeAllChildren(VintageTestEngine.java:80)
	at org.junit.vintage.engine.VintageTestEngine.execute(VintageTestEngine.java:72)
	at org.junit.platform.launcher.core.EngineExecutionOrchestrator.execute(EngineExecutionOrchestrator.java:107)
	at org.junit.platform.launcher.core.EngineExecutionOrchestrator.execute(EngineExecutionOrchestrator.java:88)
	at org.junit.platform.launcher.core.EngineExecutionOrchestrator.lambda$execute$0(EngineExecutionOrchestrator.java:54)
	at org.junit.platform.launcher.core.EngineExecutionOrchestrator.withInterceptedStreams(EngineExecutionOrchestrator.java:67)
	at org.junit.platform.launcher.core.EngineExecutionOrchestrator.execute(EngineExecutionOrchestrator.java:52)
	at org.junit.platform.launcher.core.DefaultLauncher.execute(DefaultLauncher.java:114)
	at org.junit.platform.launcher.core.DefaultLauncher.execute(DefaultLauncher.java:86)
	at org.junit.platform.launcher.core.DefaultLauncherSession$DelegatingLauncher.execute(DefaultLauncherSession.java:86)
	at org.junit.platform.launcher.core.SessionPerRequestLauncher.execute(SessionPerRequestLauncher.java:53)
	at org.apache.maven.surefire.junitplatform.JUnitPlatformProvider.execute(JUnitPlatformProvider.java:188)
	at org.apache.maven.surefire.junitplatform.JUnitPlatformProvider.invokeAllTests(JUnitPlatformProvider.java:154)
	at org.apache.maven.surefire.junitplatform.JUnitPlatformProvider.invoke(JUnitPlatformProvider.java:124)
	at org.apache.maven.surefire.booter.ForkedBooter.runSuitesInProcess(ForkedBooter.java:428)
	at org.apache.maven.surefire.booter.ForkedBooter.execute(ForkedBooter.java:162)
	at org.apache.maven.surefire.booter.ForkedBooter.run(ForkedBooter.java:562)
	at org.apache.maven.surefire.booter.ForkedBooter.main(ForkedBooter.java:548)
]]></error>
    <system-out><![CDATA[2023-06-23 00:37:47,786 [main] INFO  rpc.RpcClient (RpcClient.java:createVolume(459)) - Creating Volume: 2d76ebfb-e3ab-45cb-9081-9f8f2643221a, with runner as owner and space quota set to -1 bytes, counts quota set to -1
2023-06-23 00:37:47,792 [OM StateMachine ApplyTransaction Thread - 0] INFO  volume.OMVolumeCreateRequest (OMVolumeCreateRequest.java:validateAndUpdateCache(196)) - created volume:2d76ebfb-e3ab-45cb-9081-9f8f2643221a for user:runner
2023-06-23 00:37:47,797 [main] INFO  rpc.RpcClient (RpcClient.java:createBucket(686)) - Creating Bucket: 2d76ebfb-e3ab-45cb-9081-9f8f2643221a/80fc935c-31e9-46b1-b28c-5f1804519f27, with bucket layout FILE_SYSTEM_OPTIMIZED, runner as owner, Versioning false, Storage Type set to DISK and Encryption set to true, Replication Type set to server-side default replication type, Namespace Quota set to -1, Space Quota set to -1 
2023-06-23 00:37:47,803 [qtp577682023-22] INFO  kms-audit (SimpleKMSAuditLogger.java:logAuditSimpleFormat(93)) - OK[op=GET_METADATA, key=key1, user=runner] 
2023-06-23 00:37:47,808 [OM StateMachine ApplyTransaction Thread - 0] INFO  bucket.OMBucketCreateRequest (OMBucketCreateRequest.java:validateAndUpdateCache(270)) - created bucket: 80fc935c-31e9-46b1-b28c-5f1804519f27 of layout FILE_SYSTEM_OPTIMIZED in volume: 2d76ebfb-e3ab-45cb-9081-9f8f2643221a
2023-06-23 00:37:47,885 [qtp577682023-20] ERROR generators.WadlGeneratorJAXBGrammarGenerator (WadlGeneratorJAXBGrammarGenerator.java:buildModelAndSchemas(207)) - Failed to generate the schema for the JAX-B elements
com.sun.xml.bind.v2.runtime.IllegalAnnotationsException: 1 counts of IllegalAnnotationExceptions
java.util.Map is an interface, and JAXB can't handle interfaces.
	this problem is related to the following location:
		at java.util.Map

	at com.sun.xml.bind.v2.runtime.IllegalAnnotationsException$Builder.check(IllegalAnnotationsException.java:106)
	at com.sun.xml.bind.v2.runtime.JAXBContextImpl.getTypeInfoSet(JAXBContextImpl.java:471)
	at com.sun.xml.bind.v2.runtime.JAXBContextImpl.<init>(JAXBContextImpl.java:303)
	at com.sun.xml.bind.v2.runtime.JAXBContextImpl.<init>(JAXBContextImpl.java:139)
	at com.sun.xml.bind.v2.runtime.JAXBContextImpl$JAXBContextBuilder.build(JAXBContextImpl.java:1156)
	at com.sun.xml.bind.v2.ContextFactory.createContext(ContextFactory.java:165)
	at sun.reflect.NativeMethodAccessorImpl.invoke0(Native Method)
	at sun.reflect.NativeMethodAccessorImpl.invoke(NativeMethodAccessorImpl.java:62)
	at sun.reflect.DelegatingMethodAccessorImpl.invoke(DelegatingMethodAccessorImpl.java:43)
	at java.lang.reflect.Method.invoke(Method.java:498)
	at javax.xml.bind.ContextFinder.newInstance(ContextFinder.java:247)
	at javax.xml.bind.ContextFinder.newInstance(ContextFinder.java:234)
	at javax.xml.bind.ContextFinder.find(ContextFinder.java:441)
	at javax.xml.bind.JAXBContext.newInstance(JAXBContext.java:641)
	at javax.xml.bind.JAXBContext.newInstance(JAXBContext.java:584)
	at com.sun.jersey.server.wadl.generators.WadlGeneratorJAXBGrammarGenerator.buildModelAndSchemas(WadlGeneratorJAXBGrammarGenerator.java:169)
	at com.sun.jersey.server.wadl.generators.AbstractWadlGeneratorGrammarGenerator.createExternalGrammar(AbstractWadlGeneratorGrammarGenerator.java:405)
	at com.sun.jersey.server.wadl.WadlBuilder.generate(WadlBuilder.java:149)
	at com.sun.jersey.server.impl.wadl.WadlApplicationContextImpl.getApplication(WadlApplicationContextImpl.java:119)
	at com.sun.jersey.server.impl.wadl.WadlApplicationContextImpl.getApplication(WadlApplicationContextImpl.java:138)
	at com.sun.jersey.server.impl.wadl.WadlMethodFactory$WadlOptionsMethodDispatcher.dispatch(WadlMethodFactory.java:110)
	at com.sun.jersey.server.impl.uri.rules.HttpMethodRule.accept(HttpMethodRule.java:302)
	at com.sun.jersey.server.impl.uri.rules.RightHandPathRule.accept(RightHandPathRule.java:147)
	at com.sun.jersey.server.impl.uri.rules.ResourceClassRule.accept(ResourceClassRule.java:108)
	at com.sun.jersey.server.impl.uri.rules.RightHandPathRule.accept(RightHandPathRule.java:147)
	at com.sun.jersey.server.impl.uri.rules.RootResourceClassesRule.accept(RootResourceClassesRule.java:84)
	at com.sun.jersey.server.impl.application.WebApplicationImpl._handleRequest(WebApplicationImpl.java:1542)
	at com.sun.jersey.server.impl.application.WebApplicationImpl._handleRequest(WebApplicationImpl.java:1473)
	at com.sun.jersey.server.impl.application.WebApplicationImpl.handleRequest(WebApplicationImpl.java:1419)
	at com.sun.jersey.server.impl.application.WebApplicationImpl.handleRequest(WebApplicationImpl.java:1409)
	at com.sun.jersey.spi.container.servlet.WebComponent.service(WebComponent.java:409)
	at com.sun.jersey.spi.container.servlet.ServletContainer.service(ServletContainer.java:558)
	at com.sun.jersey.spi.container.servlet.ServletContainer.service(ServletContainer.java:733)
	at javax.servlet.http.HttpServlet.service(HttpServlet.java:590)
	at org.eclipse.jetty.servlet.ServletHolder$NotAsync.service(ServletHolder.java:1459)
	at org.eclipse.jetty.servlet.ServletHolder.handle(ServletHolder.java:799)
	at org.eclipse.jetty.servlet.ServletHandler$ChainEnd.doFilter(ServletHandler.java:1656)
	at org.apache.hadoop.crypto.key.kms.server.KMSMDCFilter.doFilter(KMSMDCFilter.java:98)
	at org.eclipse.jetty.servlet.FilterHolder.doFilter(FilterHolder.java:193)
	at org.eclipse.jetty.servlet.ServletHandler$Chain.doFilter(ServletHandler.java:1626)
	at org.apache.hadoop.security.authentication.server.AuthenticationFilter.doFilter(AuthenticationFilter.java:650)
	at org.apache.hadoop.security.token.delegation.web.DelegationTokenAuthenticationFilter.doFilter(DelegationTokenAuthenticationFilter.java:305)
	at org.apache.hadoop.security.authentication.server.AuthenticationFilter.doFilter(AuthenticationFilter.java:592)
	at org.apache.hadoop.crypto.key.kms.server.KMSAuthenticationFilter.doFilter(KMSAuthenticationFilter.java:162)
	at org.eclipse.jetty.servlet.FilterHolder.doFilter(FilterHolder.java:201)
	at org.eclipse.jetty.servlet.ServletHandler$Chain.doFilter(ServletHandler.java:1626)
	at org.apache.hadoop.http.lib.StaticUserWebFilter$StaticUserFilter.doFilter(StaticUserWebFilter.java:110)
	at org.eclipse.jetty.servlet.FilterHolder.doFilter(FilterHolder.java:193)
	at org.eclipse.jetty.servlet.ServletHandler$Chain.doFilter(ServletHandler.java:1626)
	at org.apache.hadoop.http.HttpServer2$QuotingInputFilter.doFilter(HttpServer2.java:1794)
	at org.eclipse.jetty.servlet.FilterHolder.doFilter(FilterHolder.java:193)
	at org.eclipse.jetty.servlet.ServletHandler$Chain.doFilter(ServletHandler.java:1626)
	at org.apache.hadoop.http.NoCacheFilter.doFilter(NoCacheFilter.java:45)
	at org.eclipse.jetty.servlet.FilterHolder.doFilter(FilterHolder.java:193)
	at org.eclipse.jetty.servlet.ServletHandler$Chain.doFilter(ServletHandler.java:1626)
	at org.eclipse.jetty.servlet.ServletHandler.doHandle(ServletHandler.java:552)
	at org.eclipse.jetty.server.handler.ScopedHandler.handle(ScopedHandler.java:143)
	at org.eclipse.jetty.security.SecurityHandler.handle(SecurityHandler.java:600)
	at org.eclipse.jetty.server.handler.HandlerWrapper.handle(HandlerWrapper.java:127)
	at org.eclipse.jetty.server.handler.ScopedHandler.nextHandle(ScopedHandler.java:235)
	at org.eclipse.jetty.server.session.SessionHandler.doHandle(SessionHandler.java:1624)
	at org.eclipse.jetty.server.handler.ScopedHandler.nextHandle(ScopedHandler.java:233)
	at org.eclipse.jetty.server.handler.ContextHandler.doHandle(ContextHandler.java:1440)
	at org.eclipse.jetty.server.handler.ScopedHandler.nextScope(ScopedHandler.java:188)
	at org.eclipse.jetty.servlet.ServletHandler.doScope(ServletHandler.java:505)
	at org.eclipse.jetty.server.session.SessionHandler.doScope(SessionHandler.java:1594)
	at org.eclipse.jetty.server.handler.ScopedHandler.nextScope(ScopedHandler.java:186)
	at org.eclipse.jetty.server.handler.ContextHandler.doScope(ContextHandler.java:1355)
	at org.eclipse.jetty.server.handler.ScopedHandler.handle(ScopedHandler.java:141)
	at org.eclipse.jetty.server.handler.HandlerCollection.handle(HandlerCollection.java:146)
	at org.eclipse.jetty.server.handler.HandlerWrapper.handle(HandlerWrapper.java:127)
	at org.eclipse.jetty.server.Server.handle(Server.java:512)
	at org.eclipse.jetty.server.HttpChannel.lambda$handle$1(HttpChannel.java:487)
	at org.eclipse.jetty.server.HttpChannel.dispatch(HttpChannel.java:732)
	at org.eclipse.jetty.server.HttpChannel.handle(HttpChannel.java:479)
	at org.eclipse.jetty.server.HttpConnection.onFillable(HttpConnection.java:277)
	at org.eclipse.jetty.io.AbstractConnection$ReadCallback.succeeded(AbstractConnection.java:311)
	at org.eclipse.jetty.io.FillInterest.fillable(FillInterest.java:105)
	at org.eclipse.jetty.io.ChannelEndPoint$1.run(ChannelEndPoint.java:104)
	at org.eclipse.jetty.util.thread.strategy.EatWhatYouKill.runTask(EatWhatYouKill.java:338)
	at org.eclipse.jetty.util.thread.strategy.EatWhatYouKill.doProduce(EatWhatYouKill.java:315)
	at org.eclipse.jetty.util.thread.strategy.EatWhatYouKill.tryProduce(EatWhatYouKill.java:173)
	at org.eclipse.jetty.util.thread.strategy.EatWhatYouKill.run(EatWhatYouKill.java:131)
	at org.eclipse.jetty.util.thread.ReservedThreadExecutor$ReservedThread.run(ReservedThreadExecutor.java:409)
	at org.eclipse.jetty.util.thread.QueuedThreadPool.runJob(QueuedThreadPool.java:883)
	at org.eclipse.jetty.util.thread.QueuedThreadPool$Runner.run(QueuedThreadPool.java:1034)
	at java.lang.Thread.run(Thread.java:750)
2023-06-23 00:37:47,892 [qtp577682023-20] INFO  generators.AbstractWadlGeneratorGrammarGenerator (AbstractWadlGeneratorGrammarGenerator.java:attachTypes(479)) - Couldn't find grammar element for class java.util.Map
2023-06-23 00:37:47,892 [qtp577682023-20] INFO  generators.AbstractWadlGeneratorGrammarGenerator (AbstractWadlGeneratorGrammarGenerator.java:attachTypes(479)) - Couldn't find grammar element for class javax.ws.rs.core.Response
2023-06-23 00:37:47,892 [qtp577682023-20] INFO  generators.AbstractWadlGeneratorGrammarGenerator (AbstractWadlGeneratorGrammarGenerator.java:attachTypes(479)) - Couldn't find grammar element for class javax.ws.rs.core.Response
2023-06-23 00:37:47,893 [qtp577682023-20] INFO  generators.AbstractWadlGeneratorGrammarGenerator (AbstractWadlGeneratorGrammarGenerator.java:attachTypes(479)) - Couldn't find grammar element for class java.util.Map
2023-06-23 00:37:47,893 [qtp577682023-20] INFO  generators.AbstractWadlGeneratorGrammarGenerator (AbstractWadlGeneratorGrammarGenerator.java:attachTypes(479)) - Couldn't find grammar element for class java.util.Map
2023-06-23 00:37:47,893 [qtp577682023-20] INFO  generators.AbstractWadlGeneratorGrammarGenerator (AbstractWadlGeneratorGrammarGenerator.java:attachTypes(479)) - Couldn't find grammar element for class java.util.Map
2023-06-23 00:37:47,893 [qtp577682023-20] INFO  generators.AbstractWadlGeneratorGrammarGenerator (AbstractWadlGeneratorGrammarGenerator.java:attachTypes(479)) - Couldn't find grammar element for class javax.ws.rs.core.Response
2023-06-23 00:37:47,894 [qtp577682023-20] INFO  generators.AbstractWadlGeneratorGrammarGenerator (AbstractWadlGeneratorGrammarGenerator.java:attachTypes(479)) - Couldn't find grammar element for class java.util.Map
2023-06-23 00:37:47,919 [main] INFO  client.DataStreamClient (ConfUtils.java:logGet(46)) - raft.datastream.type = NETTY (custom)
2023-06-23 00:37:47,919 [main] INFO  netty.NettyConfigKeys$DataStream (ConfUtils.java:logGet(46)) - raft.netty.dataStream.client.tls.conf = null (default)
2023-06-23 00:37:47,920 [main] INFO  netty.NettyConfigKeys$DataStream (ConfUtils.java:logGet(46)) - raft.netty.dataStream.client.reply.queue.grace-period = 1s (default)
2023-06-23 00:37:47,920 [main] INFO  netty.NettyConfigKeys$DataStream (ConfUtils.java:logGet(46)) - raft.netty.dataStream.client.worker-group.share = false (default)
2023-06-23 00:37:47,920 [main] INFO  netty.NettyConfigKeys$DataStream (ConfUtils.java:logGet(46)) - raft.netty.dataStream.client.worker-group.size = 4 (default)
2023-06-23 00:37:47,935 [c45f7b2b-079b-4ce1-93e8-334248332cec-NettyServerStreamRpc-bossGroup--thread1] INFO  logging.LoggingHandler (AbstractInternalLogger.java:log(148)) - [id: 0x80eeacba, L:/0:0:0:0:0:0:0:0:15069] READ: [id: 0xe69a6037, L:/10.1.0.47:15069 - R:/10.1.0.47:55398]
2023-06-23 00:37:47,946 [c45f7b2b-079b-4ce1-93e8-334248332cec-NettyServerStreamRpc-bossGroup--thread1] INFO  logging.LoggingHandler (AbstractInternalLogger.java:log(148)) - [id: 0x80eeacba, L:/0:0:0:0:0:0:0:0:15069] READ COMPLETE
2023-06-23 00:37:48,400 [main] INFO  client.DataStreamClient (ConfUtils.java:logGet(46)) - raft.datastream.type = NETTY (custom)
2023-06-23 00:37:48,400 [main] INFO  netty.NettyConfigKeys$DataStream (ConfUtils.java:logGet(46)) - raft.netty.dataStream.client.tls.conf = null (default)
2023-06-23 00:37:48,400 [main] INFO  netty.NettyConfigKeys$DataStream (ConfUtils.java:logGet(46)) - raft.netty.dataStream.client.reply.queue.grace-period = 1s (default)
2023-06-23 00:37:48,401 [main] INFO  netty.NettyConfigKeys$DataStream (ConfUtils.java:logGet(46)) - raft.netty.dataStream.client.worker-group.share = false (default)
2023-06-23 00:37:48,401 [main] INFO  netty.NettyConfigKeys$DataStream (ConfUtils.java:logGet(46)) - raft.netty.dataStream.client.worker-group.size = 4 (default)
2023-06-23 00:37:48,411 [f07173a4-652e-46dc-b7ae-8cd05d01b793-NettyServerStreamRpc-bossGroup--thread1] INFO  logging.LoggingHandler (AbstractInternalLogger.java:log(148)) - [id: 0x66afd667, L:/0:0:0:0:0:0:0:0:15087] READ: [id: 0xbf72cd65, L:/10.1.0.47:15087 - R:/10.1.0.47:38636]
2023-06-23 00:37:48,427 [f07173a4-652e-46dc-b7ae-8cd05d01b793-NettyServerStreamRpc-bossGroup--thread1] INFO  logging.LoggingHandler (AbstractInternalLogger.java:log(148)) - [id: 0x66afd667, L:/0:0:0:0:0:0:0:0:15087] READ COMPLETE
2023-06-23 00:37:48,647 [main] INFO  client.DataStreamClient (ConfUtils.java:logGet(46)) - raft.datastream.type = NETTY (custom)
2023-06-23 00:37:48,647 [main] INFO  netty.NettyConfigKeys$DataStream (ConfUtils.java:logGet(46)) - raft.netty.dataStream.client.tls.conf = null (default)
2023-06-23 00:37:48,648 [main] INFO  netty.NettyConfigKeys$DataStream (ConfUtils.java:logGet(46)) - raft.netty.dataStream.client.reply.queue.grace-period = 1s (default)
2023-06-23 00:37:48,648 [main] INFO  netty.NettyConfigKeys$DataStream (ConfUtils.java:logGet(46)) - raft.netty.dataStream.client.worker-group.share = false (default)
2023-06-23 00:37:48,650 [main] INFO  netty.NettyConfigKeys$DataStream (ConfUtils.java:logGet(46)) - raft.netty.dataStream.client.worker-group.size = 4 (default)
2023-06-23 00:37:48,667 [cdb7ea93-9969-4a2d-8fff-2d6ab6bce964-NettyServerStreamRpc-bossGroup--thread1] INFO  logging.LoggingHandler (AbstractInternalLogger.java:log(148)) - [id: 0x706bee01, L:/0:0:0:0:0:0:0:0:15078] READ: [id: 0x1fd4d333, L:/10.1.0.47:15078 - R:/10.1.0.47:39130]
2023-06-23 00:37:48,678 [cdb7ea93-9969-4a2d-8fff-2d6ab6bce964-NettyServerStreamRpc-bossGroup--thread1] INFO  logging.LoggingHandler (AbstractInternalLogger.java:log(148)) - [id: 0x706bee01, L:/0:0:0:0:0:0:0:0:15078] READ COMPLETE
2023-06-23 00:37:49,105 [main] INFO  client.DataStreamClient (ConfUtils.java:logGet(46)) - raft.datastream.type = NETTY (custom)
2023-06-23 00:37:49,106 [main] INFO  netty.NettyConfigKeys$DataStream (ConfUtils.java:logGet(46)) - raft.netty.dataStream.client.tls.conf = null (default)
2023-06-23 00:37:49,106 [main] INFO  netty.NettyConfigKeys$DataStream (ConfUtils.java:logGet(46)) - raft.netty.dataStream.client.reply.queue.grace-period = 1s (default)
2023-06-23 00:37:49,106 [main] INFO  netty.NettyConfigKeys$DataStream (ConfUtils.java:logGet(46)) - raft.netty.dataStream.client.worker-group.share = false (default)
2023-06-23 00:37:49,108 [main] INFO  netty.NettyConfigKeys$DataStream (ConfUtils.java:logGet(46)) - raft.netty.dataStream.client.worker-group.size = 4 (default)
2023-06-23 00:37:49,122 [59e05457-4658-4a4f-b6c2-3fec945af00c-NettyServerStreamRpc-bossGroup--thread1] INFO  logging.LoggingHandler (AbstractInternalLogger.java:log(148)) - [id: 0x8d0a8cb0, L:/0:0:0:0:0:0:0:0:15024] READ: [id: 0x52de6c4e, L:/10.1.0.47:15024 - R:/10.1.0.47:59430]
2023-06-23 00:37:49,126 [59e05457-4658-4a4f-b6c2-3fec945af00c-NettyServerStreamRpc-bossGroup--thread1] INFO  logging.LoggingHandler (AbstractInternalLogger.java:log(148)) - [id: 0x8d0a8cb0, L:/0:0:0:0:0:0:0:0:15024] READ COMPLETE
2023-06-23 00:37:49,273 [IPC Server handler 4 on default port 15001] WARN  node.SCMNodeManager (SCMNodeManager.java:getNodesByAddress(1377)) - Cannot find node for address 127.0.0.1
2023-06-23 00:37:49,274 [IPC Server handler 6 on default port 15001] WARN  node.SCMNodeManager (SCMNodeManager.java:getNodesByAddress(1377)) - Cannot find node for address 127.0.0.1
2023-06-23 00:37:49,276 [IPC Server handler 11 on default port 15001] WARN  node.SCMNodeManager (SCMNodeManager.java:getNodesByAddress(1377)) - Cannot find node for address 127.0.0.1
2023-06-23 00:37:49,277 [IPC Server handler 5 on default port 15001] WARN  node.SCMNodeManager (SCMNodeManager.java:getNodesByAddress(1377)) - Cannot find node for address 127.0.0.1
2023-06-23 00:37:49,578 [ChunkReader-4] WARN  keyvalue.KeyValueHandler (ContainerUtils.java:logAndReturnError(95)) - Operation: GetBlock , Trace ID:  , Message: Unable to find the block with bcsID 7 .Container 18 bcsId is 5. , Result: UNKNOWN_BCSID , StorageContainerException Occurred.
org.apache.hadoop.hdds.scm.container.common.helpers.StorageContainerException: Unable to find the block with bcsID 7 .Container 18 bcsId is 5.
	at org.apache.hadoop.ozone.container.keyvalue.impl.BlockManagerImpl.getBlock(BlockManagerImpl.java:248)
	at org.apache.hadoop.ozone.container.keyvalue.KeyValueHandler.handleGetBlock(KeyValueHandler.java:583)
	at org.apache.hadoop.ozone.container.keyvalue.KeyValueHandler.dispatchRequest(KeyValueHandler.java:254)
	at org.apache.hadoop.ozone.container.keyvalue.KeyValueHandler.handle(KeyValueHandler.java:223)
	at org.apache.hadoop.ozone.container.common.impl.HddsDispatcher.dispatchRequest(HddsDispatcher.java:322)
	at org.apache.hadoop.ozone.container.common.impl.HddsDispatcher.lambda$dispatch$0(HddsDispatcher.java:173)
	at org.apache.hadoop.hdds.server.OzoneProtocolMessageDispatcher.processRequest(OzoneProtocolMessageDispatcher.java:87)
	at org.apache.hadoop.ozone.container.common.impl.HddsDispatcher.dispatch(HddsDispatcher.java:172)
	at org.apache.hadoop.ozone.container.common.transport.server.GrpcXceiverService$1.onNext(GrpcXceiverService.java:57)
	at org.apache.hadoop.ozone.container.common.transport.server.GrpcXceiverService$1.onNext(GrpcXceiverService.java:50)
	at org.apache.ratis.thirdparty.io.grpc.stub.ServerCalls$StreamingServerCallHandler$StreamingServerCallListener.onMessage(ServerCalls.java:262)
	at org.apache.ratis.thirdparty.io.grpc.ForwardingServerCallListener.onMessage(ForwardingServerCallListener.java:33)
	at org.apache.hadoop.hdds.tracing.GrpcServerInterceptor$1.onMessage(GrpcServerInterceptor.java:49)
	at org.apache.ratis.thirdparty.io.grpc.internal.ServerCallImpl$ServerStreamListenerImpl.messagesAvailableInternal(ServerCallImpl.java:333)
	at org.apache.ratis.thirdparty.io.grpc.internal.ServerCallImpl$ServerStreamListenerImpl.messagesAvailable(ServerCallImpl.java:316)
	at org.apache.ratis.thirdparty.io.grpc.internal.ServerImpl$JumpToApplicationThreadServerStreamListener$1MessagesAvailable.runInContext(ServerImpl.java:835)
	at org.apache.ratis.thirdparty.io.grpc.internal.ContextRunnable.run(ContextRunnable.java:37)
	at org.apache.ratis.thirdparty.io.grpc.internal.SerializingExecutor.run(SerializingExecutor.java:133)
	at java.util.concurrent.ThreadPoolExecutor.runWorker(ThreadPoolExecutor.java:1149)
	at java.util.concurrent.ThreadPoolExecutor$Worker.run(ThreadPoolExecutor.java:624)
	at java.lang.Thread.run(Thread.java:750)
00:37:49.621 [ChunkReader-4] ERROR DNAudit - user=null | ip=null | op=GET_BLOCK {blockData=conID: 18 locID: 111677748019200028 bcsId: 7} | ret=FAILURE
java.lang.Exception: Unable to find the block with bcsID 7 .Container 18 bcsId is 5.
	at org.apache.hadoop.ozone.container.common.impl.HddsDispatcher.dispatchRequest(HddsDispatcher.java:392) ~[hdds-container-service-1.4.0-SNAPSHOT.jar:?]
	at org.apache.hadoop.ozone.container.common.impl.HddsDispatcher.lambda$dispatch$0(HddsDispatcher.java:173) ~[hdds-container-service-1.4.0-SNAPSHOT.jar:?]
	at org.apache.hadoop.hdds.server.OzoneProtocolMessageDispatcher.processRequest(OzoneProtocolMessageDispatcher.java:87) [hdds-server-framework-1.4.0-SNAPSHOT.jar:?]
	at org.apache.hadoop.ozone.container.common.impl.HddsDispatcher.dispatch(HddsDispatcher.java:172) [hdds-container-service-1.4.0-SNAPSHOT.jar:?]
	at org.apache.hadoop.ozone.container.common.transport.server.GrpcXceiverService$1.onNext(GrpcXceiverService.java:57) [hdds-container-service-1.4.0-SNAPSHOT.jar:?]
	at org.apache.hadoop.ozone.container.common.transport.server.GrpcXceiverService$1.onNext(GrpcXceiverService.java:50) [hdds-container-service-1.4.0-SNAPSHOT.jar:?]
	at org.apache.ratis.thirdparty.io.grpc.stub.ServerCalls$StreamingServerCallHandler$StreamingServerCallListener.onMessage(ServerCalls.java:262) [ratis-thirdparty-misc-1.0.4.jar:1.0.4]
	at org.apache.ratis.thirdparty.io.grpc.ForwardingServerCallListener.onMessage(ForwardingServerCallListener.java:33) [ratis-thirdparty-misc-1.0.4.jar:1.0.4]
	at org.apache.hadoop.hdds.tracing.GrpcServerInterceptor$1.onMessage(GrpcServerInterceptor.java:49) [hdds-common-1.4.0-SNAPSHOT.jar:?]
	at org.apache.ratis.thirdparty.io.grpc.internal.ServerCallImpl$ServerStreamListenerImpl.messagesAvailableInternal(ServerCallImpl.java:333) [ratis-thirdparty-misc-1.0.4.jar:1.0.4]
	at org.apache.ratis.thirdparty.io.grpc.internal.ServerCallImpl$ServerStreamListenerImpl.messagesAvailable(ServerCallImpl.java:316) [ratis-thirdparty-misc-1.0.4.jar:1.0.4]
	at org.apache.ratis.thirdparty.io.grpc.internal.ServerImpl$JumpToApplicationThreadServerStreamListener$1MessagesAvailable.runInContext(ServerImpl.java:835) [ratis-thirdparty-misc-1.0.4.jar:1.0.4]
	at org.apache.ratis.thirdparty.io.grpc.internal.ContextRunnable.run(ContextRunnable.java:37) [ratis-thirdparty-misc-1.0.4.jar:1.0.4]
	at org.apache.ratis.thirdparty.io.grpc.internal.SerializingExecutor.run(SerializingExecutor.java:133) [ratis-thirdparty-misc-1.0.4.jar:1.0.4]
	at java.util.concurrent.ThreadPoolExecutor.runWorker(ThreadPoolExecutor.java:1149) [?:1.8.0_372]
	at java.util.concurrent.ThreadPoolExecutor$Worker.run(ThreadPoolExecutor.java:624) [?:1.8.0_372]
	at java.lang.Thread.run(Thread.java:750) [?:1.8.0_372]
2023-06-23 00:37:49,638 [main] ERROR scm.XceiverClientGrpc (XceiverClientGrpc.java:sendCommandWithRetry(450)) - Failed to execute command GetBlock on the pipeline Pipeline[ Id: edcf6d27-be2e-4d0d-8813-251caf3f91ca, Nodes: 59e05457-4658-4a4f-b6c2-3fec945af00c(fv-az570-151.srgqcr2moziuvm0qev4lajleyh.dx.internal.cloudapp.net/10.1.0.47), ReplicationConfig: STANDALONE/ONE, State:OPEN, leaderId:59e05457-4658-4a4f-b6c2-3fec945af00c, CreationTimestamp2023-06-23T00:37:29.841Z[Etc/UTC]].
2023-06-23 00:37:49,639 [main] INFO  storage.BlockInputStream (BlockInputStream.java:refreshBlockInfo(205)) - Unable to read information for block conID: 18 locID: 111677748019200028 bcsId: 7 from pipeline PipelineID=edcf6d27-be2e-4d0d-8813-251caf3f91ca: Unable to find the block with bcsID 7 .Container 18 bcsId is 5.
2023-06-23 00:37:49,646 [IPC Server handler 10 on default port 15001] WARN  node.SCMNodeManager (SCMNodeManager.java:getNodesByAddress(1377)) - Cannot find node for address 127.0.0.1
2023-06-23 00:37:49,647 [IPC Server handler 8 on default port 15001] WARN  node.SCMNodeManager (SCMNodeManager.java:getNodesByAddress(1377)) - Cannot find node for address 127.0.0.1
2023-06-23 00:37:49,648 [IPC Server handler 9 on default port 15001] WARN  node.SCMNodeManager (SCMNodeManager.java:getNodesByAddress(1377)) - Cannot find node for address 127.0.0.1
2023-06-23 00:37:49,649 [IPC Server handler 2 on default port 15001] WARN  node.SCMNodeManager (SCMNodeManager.java:getNodesByAddress(1377)) - Cannot find node for address 127.0.0.1
2023-06-23 00:37:49,663 [ChunkReader-5] WARN  keyvalue.KeyValueHandler (ContainerUtils.java:logAndReturnError(95)) - Operation: GetBlock , Trace ID:  , Message: Unable to find the block with bcsID 7 .Container 18 bcsId is 5. , Result: UNKNOWN_BCSID , StorageContainerException Occurred.
org.apache.hadoop.hdds.scm.container.common.helpers.StorageContainerException: Unable to find the block with bcsID 7 .Container 18 bcsId is 5.
	at org.apache.hadoop.ozone.container.keyvalue.impl.BlockManagerImpl.getBlock(BlockManagerImpl.java:248)
	at org.apache.hadoop.ozone.container.keyvalue.KeyValueHandler.handleGetBlock(KeyValueHandler.java:583)
	at org.apache.hadoop.ozone.container.keyvalue.KeyValueHandler.dispatchRequest(KeyValueHandler.java:254)
	at org.apache.hadoop.ozone.container.keyvalue.KeyValueHandler.handle(KeyValueHandler.java:223)
	at org.apache.hadoop.ozone.container.common.impl.HddsDispatcher.dispatchRequest(HddsDispatcher.java:322)
	at org.apache.hadoop.ozone.container.common.impl.HddsDispatcher.lambda$dispatch$0(HddsDispatcher.java:173)
	at org.apache.hadoop.hdds.server.OzoneProtocolMessageDispatcher.processRequest(OzoneProtocolMessageDispatcher.java:87)
	at org.apache.hadoop.ozone.container.common.impl.HddsDispatcher.dispatch(HddsDispatcher.java:172)
	at org.apache.hadoop.ozone.container.common.transport.server.GrpcXceiverService$1.onNext(GrpcXceiverService.java:57)
	at org.apache.hadoop.ozone.container.common.transport.server.GrpcXceiverService$1.onNext(GrpcXceiverService.java:50)
	at org.apache.ratis.thirdparty.io.grpc.stub.ServerCalls$StreamingServerCallHandler$StreamingServerCallListener.onMessage(ServerCalls.java:262)
	at org.apache.ratis.thirdparty.io.grpc.ForwardingServerCallListener.onMessage(ForwardingServerCallListener.java:33)
	at org.apache.hadoop.hdds.tracing.GrpcServerInterceptor$1.onMessage(GrpcServerInterceptor.java:49)
	at org.apache.ratis.thirdparty.io.grpc.internal.ServerCallImpl$ServerStreamListenerImpl.messagesAvailableInternal(ServerCallImpl.java:333)
	at org.apache.ratis.thirdparty.io.grpc.internal.ServerCallImpl$ServerStreamListenerImpl.messagesAvailable(ServerCallImpl.java:316)
	at org.apache.ratis.thirdparty.io.grpc.internal.ServerImpl$JumpToApplicationThreadServerStreamListener$1MessagesAvailable.runInContext(ServerImpl.java:835)
	at org.apache.ratis.thirdparty.io.grpc.internal.ContextRunnable.run(ContextRunnable.java:37)
	at org.apache.ratis.thirdparty.io.grpc.internal.SerializingExecutor.run(SerializingExecutor.java:133)
	at java.util.concurrent.ThreadPoolExecutor.runWorker(ThreadPoolExecutor.java:1149)
	at java.util.concurrent.ThreadPoolExecutor$Worker.run(ThreadPoolExecutor.java:624)
	at java.lang.Thread.run(Thread.java:750)
00:37:49.663 [ChunkReader-5] ERROR DNAudit - user=null | ip=null | op=GET_BLOCK {blockData=conID: 18 locID: 111677748019200028 bcsId: 7} | ret=FAILURE
java.lang.Exception: Unable to find the block with bcsID 7 .Container 18 bcsId is 5.
	at org.apache.hadoop.ozone.container.common.impl.HddsDispatcher.dispatchRequest(HddsDispatcher.java:392) ~[hdds-container-service-1.4.0-SNAPSHOT.jar:?]
	at org.apache.hadoop.ozone.container.common.impl.HddsDispatcher.lambda$dispatch$0(HddsDispatcher.java:173) ~[hdds-container-service-1.4.0-SNAPSHOT.jar:?]
	at org.apache.hadoop.hdds.server.OzoneProtocolMessageDispatcher.processRequest(OzoneProtocolMessageDispatcher.java:87) [hdds-server-framework-1.4.0-SNAPSHOT.jar:?]
	at org.apache.hadoop.ozone.container.common.impl.HddsDispatcher.dispatch(HddsDispatcher.java:172) [hdds-container-service-1.4.0-SNAPSHOT.jar:?]
	at org.apache.hadoop.ozone.container.common.transport.server.GrpcXceiverService$1.onNext(GrpcXceiverService.java:57) [hdds-container-service-1.4.0-SNAPSHOT.jar:?]
	at org.apache.hadoop.ozone.container.common.transport.server.GrpcXceiverService$1.onNext(GrpcXceiverService.java:50) [hdds-container-service-1.4.0-SNAPSHOT.jar:?]
	at org.apache.ratis.thirdparty.io.grpc.stub.ServerCalls$StreamingServerCallHandler$StreamingServerCallListener.onMessage(ServerCalls.java:262) [ratis-thirdparty-misc-1.0.4.jar:1.0.4]
	at org.apache.ratis.thirdparty.io.grpc.ForwardingServerCallListener.onMessage(ForwardingServerCallListener.java:33) [ratis-thirdparty-misc-1.0.4.jar:1.0.4]
	at org.apache.hadoop.hdds.tracing.GrpcServerInterceptor$1.onMessage(GrpcServerInterceptor.java:49) [hdds-common-1.4.0-SNAPSHOT.jar:?]
	at org.apache.ratis.thirdparty.io.grpc.internal.ServerCallImpl$ServerStreamListenerImpl.messagesAvailableInternal(ServerCallImpl.java:333) [ratis-thirdparty-misc-1.0.4.jar:1.0.4]
	at org.apache.ratis.thirdparty.io.grpc.internal.ServerCallImpl$ServerStreamListenerImpl.messagesAvailable(ServerCallImpl.java:316) [ratis-thirdparty-misc-1.0.4.jar:1.0.4]
	at org.apache.ratis.thirdparty.io.grpc.internal.ServerImpl$JumpToApplicationThreadServerStreamListener$1MessagesAvailable.runInContext(ServerImpl.java:835) [ratis-thirdparty-misc-1.0.4.jar:1.0.4]
	at org.apache.ratis.thirdparty.io.grpc.internal.ContextRunnable.run(ContextRunnable.java:37) [ratis-thirdparty-misc-1.0.4.jar:1.0.4]
	at org.apache.ratis.thirdparty.io.grpc.internal.SerializingExecutor.run(SerializingExecutor.java:133) [ratis-thirdparty-misc-1.0.4.jar:1.0.4]
	at java.util.concurrent.ThreadPoolExecutor.runWorker(ThreadPoolExecutor.java:1149) [?:1.8.0_372]
	at java.util.concurrent.ThreadPoolExecutor$Worker.run(ThreadPoolExecutor.java:624) [?:1.8.0_372]
	at java.lang.Thread.run(Thread.java:750) [?:1.8.0_372]
2023-06-23 00:37:49,668 [main] ERROR scm.XceiverClientGrpc (XceiverClientGrpc.java:sendCommandWithRetry(450)) - Failed to execute command GetBlock on the pipeline Pipeline[ Id: edcf6d27-be2e-4d0d-8813-251caf3f91ca, Nodes: 59e05457-4658-4a4f-b6c2-3fec945af00c(fv-az570-151.srgqcr2moziuvm0qev4lajleyh.dx.internal.cloudapp.net/10.1.0.47), ReplicationConfig: STANDALONE/ONE, State:OPEN, leaderId:59e05457-4658-4a4f-b6c2-3fec945af00c, CreationTimestamp2023-06-23T00:37:29.841Z[Etc/UTC]].
2023-06-23 00:37:49,668 [main] INFO  storage.BlockInputStream (BlockInputStream.java:refreshBlockInfo(205)) - Unable to read information for block conID: 18 locID: 111677748019200028 bcsId: 7 from pipeline PipelineID=edcf6d27-be2e-4d0d-8813-251caf3f91ca: Unable to find the block with bcsID 7 .Container 18 bcsId is 5.
2023-06-23 00:37:49,675 [IPC Server handler 14 on default port 15001] WARN  node.SCMNodeManager (SCMNodeManager.java:getNodesByAddress(1377)) - Cannot find node for address 127.0.0.1
2023-06-23 00:37:49,677 [IPC Server handler 7 on default port 15001] WARN  node.SCMNodeManager (SCMNodeManager.java:getNodesByAddress(1377)) - Cannot find node for address 127.0.0.1
2023-06-23 00:37:49,678 [IPC Server handler 1 on default port 15001] WARN  node.SCMNodeManager (SCMNodeManager.java:getNodesByAddress(1377)) - Cannot find node for address 127.0.0.1
2023-06-23 00:37:49,679 [IPC Server handler 0 on default port 15001] WARN  node.SCMNodeManager (SCMNodeManager.java:getNodesByAddress(1377)) - Cannot find node for address 127.0.0.1
2023-06-23 00:37:49,688 [ChunkReader-6] WARN  keyvalue.KeyValueHandler (ContainerUtils.java:logAndReturnError(95)) - Operation: GetBlock , Trace ID:  , Message: Unable to find the block with bcsID 7 .Container 18 bcsId is 5. , Result: UNKNOWN_BCSID , StorageContainerException Occurred.
org.apache.hadoop.hdds.scm.container.common.helpers.StorageContainerException: Unable to find the block with bcsID 7 .Container 18 bcsId is 5.
	at org.apache.hadoop.ozone.container.keyvalue.impl.BlockManagerImpl.getBlock(BlockManagerImpl.java:248)
	at org.apache.hadoop.ozone.container.keyvalue.KeyValueHandler.handleGetBlock(KeyValueHandler.java:583)
	at org.apache.hadoop.ozone.container.keyvalue.KeyValueHandler.dispatchRequest(KeyValueHandler.java:254)
	at org.apache.hadoop.ozone.container.keyvalue.KeyValueHandler.handle(KeyValueHandler.java:223)
	at org.apache.hadoop.ozone.container.common.impl.HddsDispatcher.dispatchRequest(HddsDispatcher.java:322)
	at org.apache.hadoop.ozone.container.common.impl.HddsDispatcher.lambda$dispatch$0(HddsDispatcher.java:173)
	at org.apache.hadoop.hdds.server.OzoneProtocolMessageDispatcher.processRequest(OzoneProtocolMessageDispatcher.java:87)
	at org.apache.hadoop.ozone.container.common.impl.HddsDispatcher.dispatch(HddsDispatcher.java:172)
	at org.apache.hadoop.ozone.container.common.transport.server.GrpcXceiverService$1.onNext(GrpcXceiverService.java:57)
	at org.apache.hadoop.ozone.container.common.transport.server.GrpcXceiverService$1.onNext(GrpcXceiverService.java:50)
	at org.apache.ratis.thirdparty.io.grpc.stub.ServerCalls$StreamingServerCallHandler$StreamingServerCallListener.onMessage(ServerCalls.java:262)
	at org.apache.ratis.thirdparty.io.grpc.ForwardingServerCallListener.onMessage(ForwardingServerCallListener.java:33)
	at org.apache.hadoop.hdds.tracing.GrpcServerInterceptor$1.onMessage(GrpcServerInterceptor.java:49)
	at org.apache.ratis.thirdparty.io.grpc.internal.ServerCallImpl$ServerStreamListenerImpl.messagesAvailableInternal(ServerCallImpl.java:333)
	at org.apache.ratis.thirdparty.io.grpc.internal.ServerCallImpl$ServerStreamListenerImpl.messagesAvailable(ServerCallImpl.java:316)
	at org.apache.ratis.thirdparty.io.grpc.internal.ServerImpl$JumpToApplicationThreadServerStreamListener$1MessagesAvailable.runInContext(ServerImpl.java:835)
	at org.apache.ratis.thirdparty.io.grpc.internal.ContextRunnable.run(ContextRunnable.java:37)
	at org.apache.ratis.thirdparty.io.grpc.internal.SerializingExecutor.run(SerializingExecutor.java:133)
	at java.util.concurrent.ThreadPoolExecutor.runWorker(ThreadPoolExecutor.java:1149)
	at java.util.concurrent.ThreadPoolExecutor$Worker.run(ThreadPoolExecutor.java:624)
	at java.lang.Thread.run(Thread.java:750)
00:37:49.688 [ChunkReader-6] ERROR DNAudit - user=null | ip=null | op=GET_BLOCK {blockData=conID: 18 locID: 111677748019200028 bcsId: 7} | ret=FAILURE
java.lang.Exception: Unable to find the block with bcsID 7 .Container 18 bcsId is 5.
	at org.apache.hadoop.ozone.container.common.impl.HddsDispatcher.dispatchRequest(HddsDispatcher.java:392) ~[hdds-container-service-1.4.0-SNAPSHOT.jar:?]
	at org.apache.hadoop.ozone.container.common.impl.HddsDispatcher.lambda$dispatch$0(HddsDispatcher.java:173) ~[hdds-container-service-1.4.0-SNAPSHOT.jar:?]
	at org.apache.hadoop.hdds.server.OzoneProtocolMessageDispatcher.processRequest(OzoneProtocolMessageDispatcher.java:87) [hdds-server-framework-1.4.0-SNAPSHOT.jar:?]
	at org.apache.hadoop.ozone.container.common.impl.HddsDispatcher.dispatch(HddsDispatcher.java:172) [hdds-container-service-1.4.0-SNAPSHOT.jar:?]
	at org.apache.hadoop.ozone.container.common.transport.server.GrpcXceiverService$1.onNext(GrpcXceiverService.java:57) [hdds-container-service-1.4.0-SNAPSHOT.jar:?]
	at org.apache.hadoop.ozone.container.common.transport.server.GrpcXceiverService$1.onNext(GrpcXceiverService.java:50) [hdds-container-service-1.4.0-SNAPSHOT.jar:?]
	at org.apache.ratis.thirdparty.io.grpc.stub.ServerCalls$StreamingServerCallHandler$StreamingServerCallListener.onMessage(ServerCalls.java:262) [ratis-thirdparty-misc-1.0.4.jar:1.0.4]
	at org.apache.ratis.thirdparty.io.grpc.ForwardingServerCallListener.onMessage(ForwardingServerCallListener.java:33) [ratis-thirdparty-misc-1.0.4.jar:1.0.4]
	at org.apache.hadoop.hdds.tracing.GrpcServerInterceptor$1.onMessage(GrpcServerInterceptor.java:49) [hdds-common-1.4.0-SNAPSHOT.jar:?]
	at org.apache.ratis.thirdparty.io.grpc.internal.ServerCallImpl$ServerStreamListenerImpl.messagesAvailableInternal(ServerCallImpl.java:333) [ratis-thirdparty-misc-1.0.4.jar:1.0.4]
	at org.apache.ratis.thirdparty.io.grpc.internal.ServerCallImpl$ServerStreamListenerImpl.messagesAvailable(ServerCallImpl.java:316) [ratis-thirdparty-misc-1.0.4.jar:1.0.4]
	at org.apache.ratis.thirdparty.io.grpc.internal.ServerImpl$JumpToApplicationThreadServerStreamListener$1MessagesAvailable.runInContext(ServerImpl.java:835) [ratis-thirdparty-misc-1.0.4.jar:1.0.4]
	at org.apache.ratis.thirdparty.io.grpc.internal.ContextRunnable.run(ContextRunnable.java:37) [ratis-thirdparty-misc-1.0.4.jar:1.0.4]
	at org.apache.ratis.thirdparty.io.grpc.internal.SerializingExecutor.run(SerializingExecutor.java:133) [ratis-thirdparty-misc-1.0.4.jar:1.0.4]
	at java.util.concurrent.ThreadPoolExecutor.runWorker(ThreadPoolExecutor.java:1149) [?:1.8.0_372]
	at java.util.concurrent.ThreadPoolExecutor$Worker.run(ThreadPoolExecutor.java:624) [?:1.8.0_372]
	at java.lang.Thread.run(Thread.java:750) [?:1.8.0_372]
2023-06-23 00:37:49,691 [main] ERROR scm.XceiverClientGrpc (XceiverClientGrpc.java:sendCommandWithRetry(450)) - Failed to execute command GetBlock on the pipeline Pipeline[ Id: edcf6d27-be2e-4d0d-8813-251caf3f91ca, Nodes: 59e05457-4658-4a4f-b6c2-3fec945af00c(fv-az570-151.srgqcr2moziuvm0qev4lajleyh.dx.internal.cloudapp.net/10.1.0.47), ReplicationConfig: STANDALONE/ONE, State:OPEN, leaderId:59e05457-4658-4a4f-b6c2-3fec945af00c, CreationTimestamp2023-06-23T00:37:29.841Z[Etc/UTC]].
2023-06-23 00:37:49,691 [main] INFO  storage.BlockInputStream (BlockInputStream.java:refreshBlockInfo(205)) - Unable to read information for block conID: 18 locID: 111677748019200028 bcsId: 7 from pipeline PipelineID=edcf6d27-be2e-4d0d-8813-251caf3f91ca: Unable to find the block with bcsID 7 .Container 18 bcsId is 5.
2023-06-23 00:37:49,698 [IPC Server handler 13 on default port 15001] WARN  node.SCMNodeManager (SCMNodeManager.java:getNodesByAddress(1377)) - Cannot find node for address 127.0.0.1
2023-06-23 00:37:49,699 [IPC Server handler 12 on default port 15001] WARN  node.SCMNodeManager (SCMNodeManager.java:getNodesByAddress(1377)) - Cannot find node for address 127.0.0.1
2023-06-23 00:37:49,700 [IPC Server handler 17 on default port 15001] WARN  node.SCMNodeManager (SCMNodeManager.java:getNodesByAddress(1377)) - Cannot find node for address 127.0.0.1
2023-06-23 00:37:49,701 [IPC Server handler 16 on default port 15001] WARN  node.SCMNodeManager (SCMNodeManager.java:getNodesByAddress(1377)) - Cannot find node for address 127.0.0.1
]]></system-out>
  </testcase>
  <testcase name="testMPUwithOneStreamPart" classname="TestOzoneAtRestEncryption" time="1.189">
    <system-out><![CDATA[2023-06-23 00:38:03,920 [main] INFO  rpc.RpcClient (RpcClient.java:createVolume(459)) - Creating Volume: c4b544c9-d9e1-499b-9505-295e2d128719, with runner as owner and space quota set to -1 bytes, counts quota set to -1
2023-06-23 00:38:03,923 [OM StateMachine ApplyTransaction Thread - 0] INFO  volume.OMVolumeCreateRequest (OMVolumeCreateRequest.java:validateAndUpdateCache(196)) - created volume:c4b544c9-d9e1-499b-9505-295e2d128719 for user:runner
2023-06-23 00:38:03,925 [main] INFO  rpc.RpcClient (RpcClient.java:createBucket(686)) - Creating Bucket: c4b544c9-d9e1-499b-9505-295e2d128719/ba50fa8a-f119-4de5-8354-ecfd2d0fc8da, with bucket layout OBJECT_STORE, runner as owner, Versioning false, Storage Type set to DISK and Encryption set to true, Replication Type set to server-side default replication type, Namespace Quota set to -1, Space Quota set to -1 
2023-06-23 00:38:03,927 [qtp577682023-18] INFO  kms-audit (SimpleKMSAuditLogger.java:logAuditSimpleFormat(93)) - OK[op=GET_METADATA, key=key1, user=runner] 
2023-06-23 00:38:03,930 [OM StateMachine ApplyTransaction Thread - 0] INFO  bucket.OMBucketCreateRequest (OMBucketCreateRequest.java:validateAndUpdateCache(270)) - created bucket: ba50fa8a-f119-4de5-8354-ecfd2d0fc8da of layout OBJECT_STORE in volume: c4b544c9-d9e1-499b-9505-295e2d128719
2023-06-23 00:38:03,945 [qtp577682023-18] ERROR generators.WadlGeneratorJAXBGrammarGenerator (WadlGeneratorJAXBGrammarGenerator.java:buildModelAndSchemas(207)) - Failed to generate the schema for the JAX-B elements
com.sun.xml.bind.v2.runtime.IllegalAnnotationsException: 1 counts of IllegalAnnotationExceptions
java.util.Map is an interface, and JAXB can't handle interfaces.
	this problem is related to the following location:
		at java.util.Map

	at com.sun.xml.bind.v2.runtime.IllegalAnnotationsException$Builder.check(IllegalAnnotationsException.java:106)
	at com.sun.xml.bind.v2.runtime.JAXBContextImpl.getTypeInfoSet(JAXBContextImpl.java:471)
	at com.sun.xml.bind.v2.runtime.JAXBContextImpl.<init>(JAXBContextImpl.java:303)
	at com.sun.xml.bind.v2.runtime.JAXBContextImpl.<init>(JAXBContextImpl.java:139)
	at com.sun.xml.bind.v2.runtime.JAXBContextImpl$JAXBContextBuilder.build(JAXBContextImpl.java:1156)
	at com.sun.xml.bind.v2.ContextFactory.createContext(ContextFactory.java:165)
	at sun.reflect.NativeMethodAccessorImpl.invoke0(Native Method)
	at sun.reflect.NativeMethodAccessorImpl.invoke(NativeMethodAccessorImpl.java:62)
	at sun.reflect.DelegatingMethodAccessorImpl.invoke(DelegatingMethodAccessorImpl.java:43)
	at java.lang.reflect.Method.invoke(Method.java:498)
	at javax.xml.bind.ContextFinder.newInstance(ContextFinder.java:247)
	at javax.xml.bind.ContextFinder.newInstance(ContextFinder.java:234)
	at javax.xml.bind.ContextFinder.find(ContextFinder.java:441)
	at javax.xml.bind.JAXBContext.newInstance(JAXBContext.java:641)
	at javax.xml.bind.JAXBContext.newInstance(JAXBContext.java:584)
	at com.sun.jersey.server.wadl.generators.WadlGeneratorJAXBGrammarGenerator.buildModelAndSchemas(WadlGeneratorJAXBGrammarGenerator.java:169)
	at com.sun.jersey.server.wadl.generators.AbstractWadlGeneratorGrammarGenerator.createExternalGrammar(AbstractWadlGeneratorGrammarGenerator.java:405)
	at com.sun.jersey.server.wadl.WadlBuilder.generate(WadlBuilder.java:149)
	at com.sun.jersey.server.impl.wadl.WadlApplicationContextImpl.getApplication(WadlApplicationContextImpl.java:119)
	at com.sun.jersey.server.impl.wadl.WadlApplicationContextImpl.getApplication(WadlApplicationContextImpl.java:138)
	at com.sun.jersey.server.impl.wadl.WadlMethodFactory$WadlOptionsMethodDispatcher.dispatch(WadlMethodFactory.java:110)
	at com.sun.jersey.server.impl.uri.rules.HttpMethodRule.accept(HttpMethodRule.java:302)
	at com.sun.jersey.server.impl.uri.rules.RightHandPathRule.accept(RightHandPathRule.java:147)
	at com.sun.jersey.server.impl.uri.rules.ResourceClassRule.accept(ResourceClassRule.java:108)
	at com.sun.jersey.server.impl.uri.rules.RightHandPathRule.accept(RightHandPathRule.java:147)
	at com.sun.jersey.server.impl.uri.rules.RootResourceClassesRule.accept(RootResourceClassesRule.java:84)
	at com.sun.jersey.server.impl.application.WebApplicationImpl._handleRequest(WebApplicationImpl.java:1542)
	at com.sun.jersey.server.impl.application.WebApplicationImpl._handleRequest(WebApplicationImpl.java:1473)
	at com.sun.jersey.server.impl.application.WebApplicationImpl.handleRequest(WebApplicationImpl.java:1419)
	at com.sun.jersey.server.impl.application.WebApplicationImpl.handleRequest(WebApplicationImpl.java:1409)
	at com.sun.jersey.spi.container.servlet.WebComponent.service(WebComponent.java:409)
	at com.sun.jersey.spi.container.servlet.ServletContainer.service(ServletContainer.java:558)
	at com.sun.jersey.spi.container.servlet.ServletContainer.service(ServletContainer.java:733)
	at javax.servlet.http.HttpServlet.service(HttpServlet.java:590)
	at org.eclipse.jetty.servlet.ServletHolder$NotAsync.service(ServletHolder.java:1459)
	at org.eclipse.jetty.servlet.ServletHolder.handle(ServletHolder.java:799)
	at org.eclipse.jetty.servlet.ServletHandler$ChainEnd.doFilter(ServletHandler.java:1656)
	at org.apache.hadoop.crypto.key.kms.server.KMSMDCFilter.doFilter(KMSMDCFilter.java:98)
	at org.eclipse.jetty.servlet.FilterHolder.doFilter(FilterHolder.java:193)
	at org.eclipse.jetty.servlet.ServletHandler$Chain.doFilter(ServletHandler.java:1626)
	at org.apache.hadoop.security.authentication.server.AuthenticationFilter.doFilter(AuthenticationFilter.java:650)
	at org.apache.hadoop.security.token.delegation.web.DelegationTokenAuthenticationFilter.doFilter(DelegationTokenAuthenticationFilter.java:305)
	at org.apache.hadoop.security.authentication.server.AuthenticationFilter.doFilter(AuthenticationFilter.java:592)
	at org.apache.hadoop.crypto.key.kms.server.KMSAuthenticationFilter.doFilter(KMSAuthenticationFilter.java:162)
	at org.eclipse.jetty.servlet.FilterHolder.doFilter(FilterHolder.java:201)
	at org.eclipse.jetty.servlet.ServletHandler$Chain.doFilter(ServletHandler.java:1626)
	at org.apache.hadoop.http.lib.StaticUserWebFilter$StaticUserFilter.doFilter(StaticUserWebFilter.java:110)
	at org.eclipse.jetty.servlet.FilterHolder.doFilter(FilterHolder.java:193)
	at org.eclipse.jetty.servlet.ServletHandler$Chain.doFilter(ServletHandler.java:1626)
	at org.apache.hadoop.http.HttpServer2$QuotingInputFilter.doFilter(HttpServer2.java:1794)
	at org.eclipse.jetty.servlet.FilterHolder.doFilter(FilterHolder.java:193)
	at org.eclipse.jetty.servlet.ServletHandler$Chain.doFilter(ServletHandler.java:1626)
	at org.apache.hadoop.http.NoCacheFilter.doFilter(NoCacheFilter.java:45)
	at org.eclipse.jetty.servlet.FilterHolder.doFilter(FilterHolder.java:193)
	at org.eclipse.jetty.servlet.ServletHandler$Chain.doFilter(ServletHandler.java:1626)
	at org.eclipse.jetty.servlet.ServletHandler.doHandle(ServletHandler.java:552)
	at org.eclipse.jetty.server.handler.ScopedHandler.handle(ScopedHandler.java:143)
	at org.eclipse.jetty.security.SecurityHandler.handle(SecurityHandler.java:600)
	at org.eclipse.jetty.server.handler.HandlerWrapper.handle(HandlerWrapper.java:127)
	at org.eclipse.jetty.server.handler.ScopedHandler.nextHandle(ScopedHandler.java:235)
	at org.eclipse.jetty.server.session.SessionHandler.doHandle(SessionHandler.java:1624)
	at org.eclipse.jetty.server.handler.ScopedHandler.nextHandle(ScopedHandler.java:233)
	at org.eclipse.jetty.server.handler.ContextHandler.doHandle(ContextHandler.java:1440)
	at org.eclipse.jetty.server.handler.ScopedHandler.nextScope(ScopedHandler.java:188)
	at org.eclipse.jetty.servlet.ServletHandler.doScope(ServletHandler.java:505)
	at org.eclipse.jetty.server.session.SessionHandler.doScope(SessionHandler.java:1594)
	at org.eclipse.jetty.server.handler.ScopedHandler.nextScope(ScopedHandler.java:186)
	at org.eclipse.jetty.server.handler.ContextHandler.doScope(ContextHandler.java:1355)
	at org.eclipse.jetty.server.handler.ScopedHandler.handle(ScopedHandler.java:141)
	at org.eclipse.jetty.server.handler.HandlerCollection.handle(HandlerCollection.java:146)
	at org.eclipse.jetty.server.handler.HandlerWrapper.handle(HandlerWrapper.java:127)
	at org.eclipse.jetty.server.Server.handle(Server.java:512)
	at org.eclipse.jetty.server.HttpChannel.lambda$handle$1(HttpChannel.java:487)
	at org.eclipse.jetty.server.HttpChannel.dispatch(HttpChannel.java:732)
	at org.eclipse.jetty.server.HttpChannel.handle(HttpChannel.java:479)
	at org.eclipse.jetty.server.HttpConnection.onFillable(HttpConnection.java:277)
	at org.eclipse.jetty.io.AbstractConnection$ReadCallback.succeeded(AbstractConnection.java:311)
	at org.eclipse.jetty.io.FillInterest.fillable(FillInterest.java:105)
	at org.eclipse.jetty.io.ChannelEndPoint$1.run(ChannelEndPoint.java:104)
	at org.eclipse.jetty.util.thread.strategy.EatWhatYouKill.runTask(EatWhatYouKill.java:338)
	at org.eclipse.jetty.util.thread.strategy.EatWhatYouKill.doProduce(EatWhatYouKill.java:315)
	at org.eclipse.jetty.util.thread.strategy.EatWhatYouKill.tryProduce(EatWhatYouKill.java:173)
	at org.eclipse.jetty.util.thread.strategy.EatWhatYouKill.run(EatWhatYouKill.java:131)
	at org.eclipse.jetty.util.thread.ReservedThreadExecutor$ReservedThread.run(ReservedThreadExecutor.java:409)
	at org.eclipse.jetty.util.thread.QueuedThreadPool.runJob(QueuedThreadPool.java:883)
	at org.eclipse.jetty.util.thread.QueuedThreadPool$Runner.run(QueuedThreadPool.java:1034)
	at java.lang.Thread.run(Thread.java:750)
2023-06-23 00:38:03,946 [qtp577682023-18] INFO  generators.AbstractWadlGeneratorGrammarGenerator (AbstractWadlGeneratorGrammarGenerator.java:attachTypes(479)) - Couldn't find grammar element for class java.util.Map
2023-06-23 00:38:03,946 [qtp577682023-18] INFO  generators.AbstractWadlGeneratorGrammarGenerator (AbstractWadlGeneratorGrammarGenerator.java:attachTypes(479)) - Couldn't find grammar element for class javax.ws.rs.core.Response
2023-06-23 00:38:03,947 [qtp577682023-18] INFO  generators.AbstractWadlGeneratorGrammarGenerator (AbstractWadlGeneratorGrammarGenerator.java:attachTypes(479)) - Couldn't find grammar element for class javax.ws.rs.core.Response
2023-06-23 00:38:03,947 [qtp577682023-18] INFO  generators.AbstractWadlGeneratorGrammarGenerator (AbstractWadlGeneratorGrammarGenerator.java:attachTypes(479)) - Couldn't find grammar element for class java.util.Map
2023-06-23 00:38:03,947 [qtp577682023-18] INFO  generators.AbstractWadlGeneratorGrammarGenerator (AbstractWadlGeneratorGrammarGenerator.java:attachTypes(479)) - Couldn't find grammar element for class java.util.Map
2023-06-23 00:38:03,947 [qtp577682023-18] INFO  generators.AbstractWadlGeneratorGrammarGenerator (AbstractWadlGeneratorGrammarGenerator.java:attachTypes(479)) - Couldn't find grammar element for class java.util.Map
2023-06-23 00:38:03,947 [qtp577682023-18] INFO  generators.AbstractWadlGeneratorGrammarGenerator (AbstractWadlGeneratorGrammarGenerator.java:attachTypes(479)) - Couldn't find grammar element for class javax.ws.rs.core.Response
2023-06-23 00:38:03,947 [qtp577682023-18] INFO  generators.AbstractWadlGeneratorGrammarGenerator (AbstractWadlGeneratorGrammarGenerator.java:attachTypes(479)) - Couldn't find grammar element for class java.util.Map
2023-06-23 00:38:03,959 [main] INFO  client.DataStreamClient (ConfUtils.java:logGet(46)) - raft.datastream.type = NETTY (custom)
2023-06-23 00:38:03,959 [main] INFO  netty.NettyConfigKeys$DataStream (ConfUtils.java:logGet(46)) - raft.netty.dataStream.client.tls.conf = null (default)
2023-06-23 00:38:03,960 [main] INFO  netty.NettyConfigKeys$DataStream (ConfUtils.java:logGet(46)) - raft.netty.dataStream.client.reply.queue.grace-period = 1s (default)
2023-06-23 00:38:03,960 [main] INFO  netty.NettyConfigKeys$DataStream (ConfUtils.java:logGet(46)) - raft.netty.dataStream.client.worker-group.share = false (default)
2023-06-23 00:38:03,960 [main] INFO  netty.NettyConfigKeys$DataStream (ConfUtils.java:logGet(46)) - raft.netty.dataStream.client.worker-group.size = 4 (default)
2023-06-23 00:38:03,965 [59e05457-4658-4a4f-b6c2-3fec945af00c-NettyServerStreamRpc-bossGroup--thread1] INFO  logging.LoggingHandler (AbstractInternalLogger.java:log(148)) - [id: 0x8d0a8cb0, L:/0:0:0:0:0:0:0:0:15024] READ: [id: 0x5abfbbf4, L:/10.1.0.47:15024 - R:/10.1.0.47:52502]
2023-06-23 00:38:03,969 [59e05457-4658-4a4f-b6c2-3fec945af00c-NettyServerStreamRpc-bossGroup--thread1] INFO  logging.LoggingHandler (AbstractInternalLogger.java:log(148)) - [id: 0x8d0a8cb0, L:/0:0:0:0:0:0:0:0:15024] READ COMPLETE
2023-06-23 00:38:04,060 [main] INFO  client.DataStreamClient (ConfUtils.java:logGet(46)) - raft.datastream.type = NETTY (custom)
2023-06-23 00:38:04,060 [main] INFO  netty.NettyConfigKeys$DataStream (ConfUtils.java:logGet(46)) - raft.netty.dataStream.client.tls.conf = null (default)
2023-06-23 00:38:04,060 [main] INFO  netty.NettyConfigKeys$DataStream (ConfUtils.java:logGet(46)) - raft.netty.dataStream.client.reply.queue.grace-period = 1s (default)
2023-06-23 00:38:04,060 [main] INFO  netty.NettyConfigKeys$DataStream (ConfUtils.java:logGet(46)) - raft.netty.dataStream.client.worker-group.share = false (default)
2023-06-23 00:38:04,060 [main] INFO  netty.NettyConfigKeys$DataStream (ConfUtils.java:logGet(46)) - raft.netty.dataStream.client.worker-group.size = 4 (default)
2023-06-23 00:38:04,070 [cdb7ea93-9969-4a2d-8fff-2d6ab6bce964-NettyServerStreamRpc-bossGroup--thread1] INFO  logging.LoggingHandler (AbstractInternalLogger.java:log(148)) - [id: 0x706bee01, L:/0:0:0:0:0:0:0:0:15078] READ: [id: 0x5915c459, L:/10.1.0.47:15078 - R:/10.1.0.47:43156]
2023-06-23 00:38:04,070 [cdb7ea93-9969-4a2d-8fff-2d6ab6bce964-NettyServerStreamRpc-bossGroup--thread1] INFO  logging.LoggingHandler (AbstractInternalLogger.java:log(148)) - [id: 0x706bee01, L:/0:0:0:0:0:0:0:0:15078] READ COMPLETE
2023-06-23 00:38:04,119 [main] INFO  client.DataStreamClient (ConfUtils.java:logGet(46)) - raft.datastream.type = NETTY (custom)
2023-06-23 00:38:04,119 [main] INFO  netty.NettyConfigKeys$DataStream (ConfUtils.java:logGet(46)) - raft.netty.dataStream.client.tls.conf = null (default)
2023-06-23 00:38:04,119 [main] INFO  netty.NettyConfigKeys$DataStream (ConfUtils.java:logGet(46)) - raft.netty.dataStream.client.reply.queue.grace-period = 1s (default)
2023-06-23 00:38:04,119 [main] INFO  netty.NettyConfigKeys$DataStream (ConfUtils.java:logGet(46)) - raft.netty.dataStream.client.worker-group.share = false (default)
2023-06-23 00:38:04,119 [main] INFO  netty.NettyConfigKeys$DataStream (ConfUtils.java:logGet(46)) - raft.netty.dataStream.client.worker-group.size = 4 (default)
2023-06-23 00:38:04,123 [a135c5de-80e1-4aab-81ec-fcc917b89996-NettyServerStreamRpc-bossGroup--thread1] INFO  logging.LoggingHandler (AbstractInternalLogger.java:log(148)) - [id: 0x4e7e9292, L:/0:0:0:0:0:0:0:0:15051] READ: [id: 0x2b859dc8, L:/10.1.0.47:15051 - R:/10.1.0.47:53642]
2023-06-23 00:38:04,129 [a135c5de-80e1-4aab-81ec-fcc917b89996-NettyServerStreamRpc-bossGroup--thread1] INFO  logging.LoggingHandler (AbstractInternalLogger.java:log(148)) - [id: 0x4e7e9292, L:/0:0:0:0:0:0:0:0:15051] READ COMPLETE
2023-06-23 00:38:04,183 [IPC Server handler 5 on default port 15001] WARN  node.SCMNodeManager (SCMNodeManager.java:getNodesByAddress(1377)) - Cannot find node for address 127.0.0.1
2023-06-23 00:38:04,184 [IPC Server handler 8 on default port 15001] WARN  node.SCMNodeManager (SCMNodeManager.java:getNodesByAddress(1377)) - Cannot find node for address 127.0.0.1
2023-06-23 00:38:04,185 [IPC Server handler 14 on default port 15001] WARN  node.SCMNodeManager (SCMNodeManager.java:getNodesByAddress(1377)) - Cannot find node for address 127.0.0.1
]]></system-out>
  </testcase>
  <testcase name="testMPUwithThreePartsOverride" classname="TestOzoneAtRestEncryption" time="4.17">
    <system-out><![CDATA[2023-06-23 00:37:49,723 [main] INFO  rpc.RpcClient (RpcClient.java:createVolume(459)) - Creating Volume: 9e09f569-a6e1-46bd-a033-48a344c03837, with runner as owner and space quota set to -1 bytes, counts quota set to -1
2023-06-23 00:37:49,727 [OM StateMachine ApplyTransaction Thread - 0] INFO  volume.OMVolumeCreateRequest (OMVolumeCreateRequest.java:validateAndUpdateCache(196)) - created volume:9e09f569-a6e1-46bd-a033-48a344c03837 for user:runner
2023-06-23 00:37:49,729 [main] INFO  rpc.RpcClient (RpcClient.java:createBucket(686)) - Creating Bucket: 9e09f569-a6e1-46bd-a033-48a344c03837/391b9696-b0f5-47f0-bbc5-357934c80039, with bucket layout FILE_SYSTEM_OPTIMIZED, runner as owner, Versioning false, Storage Type set to DISK and Encryption set to true, Replication Type set to server-side default replication type, Namespace Quota set to -1, Space Quota set to -1 
2023-06-23 00:37:49,750 [qtp577682023-22] INFO  kms-audit (SimpleKMSAuditLogger.java:logAuditSimpleFormat(93)) - OK[op=GET_METADATA, key=key1, user=runner] 
2023-06-23 00:37:49,754 [OM StateMachine ApplyTransaction Thread - 0] INFO  bucket.OMBucketCreateRequest (OMBucketCreateRequest.java:validateAndUpdateCache(270)) - created bucket: 391b9696-b0f5-47f0-bbc5-357934c80039 of layout FILE_SYSTEM_OPTIMIZED in volume: 9e09f569-a6e1-46bd-a033-48a344c03837
2023-06-23 00:37:50,979 [OM StateMachine ApplyTransaction Thread - 0] DEBUG db.CodecBuffer (CodecBuffer.java:setCapacity(212)) - setCapacity: 4096 -> 10922, max=2147483647
2023-06-23 00:37:50,991 [OM StateMachine ApplyTransaction Thread - 0] DEBUG db.CodecBuffer (CodecBuffer.java:setCapacity(212)) - setCapacity: 4096 -> 20614, max=2147483647
2023-06-23 00:37:51,002 [IPC Server handler 10 on default port 15001] WARN  node.SCMNodeManager (SCMNodeManager.java:getNodesByAddress(1377)) - Cannot find node for address 127.0.0.1
2023-06-23 00:37:51,003 [IPC Server handler 8 on default port 15001] WARN  node.SCMNodeManager (SCMNodeManager.java:getNodesByAddress(1377)) - Cannot find node for address 127.0.0.1
2023-06-23 00:37:51,004 [IPC Server handler 9 on default port 15001] WARN  node.SCMNodeManager (SCMNodeManager.java:getNodesByAddress(1377)) - Cannot find node for address 127.0.0.1
2023-06-23 00:37:51,005 [IPC Server handler 2 on default port 15001] WARN  node.SCMNodeManager (SCMNodeManager.java:getNodesByAddress(1377)) - Cannot find node for address 127.0.0.1
2023-06-23 00:37:51,006 [IPC Server handler 14 on default port 15001] WARN  node.SCMNodeManager (SCMNodeManager.java:getNodesByAddress(1377)) - Cannot find node for address 127.0.0.1
2023-06-23 00:37:51,007 [IPC Server handler 7 on default port 15001] WARN  node.SCMNodeManager (SCMNodeManager.java:getNodesByAddress(1377)) - Cannot find node for address 127.0.0.1
2023-06-23 00:37:51,008 [IPC Server handler 1 on default port 15001] WARN  node.SCMNodeManager (SCMNodeManager.java:getNodesByAddress(1377)) - Cannot find node for address 127.0.0.1
2023-06-23 00:37:51,009 [IPC Server handler 0 on default port 15001] WARN  node.SCMNodeManager (SCMNodeManager.java:getNodesByAddress(1377)) - Cannot find node for address 127.0.0.1
2023-06-23 00:37:51,220 [kms-audit_thread] INFO  kms-audit (SimpleKMSAuditLogger.java:logAuditEvent(59)) - OK[op=GENERATE_EEK, key=key1, user=runner, accessCount=2, interval=10384ms] 
2023-06-23 00:37:52,170 [qtp577682023-18] INFO  kms-audit (SimpleKMSAuditLogger.java:logAuditEvent(59)) - OK[op=DECRYPT_EEK, key=key1, user=runner, accessCount=19, interval=10908ms] 
2023-06-23 00:37:52,174 [qtp577682023-18] INFO  kms-audit (SimpleKMSAuditLogger.java:logAuditEvent(59)) - OK[op=DECRYPT_EEK, key=key1, user=runner, accessCount=1, interval=3ms] 
2023-06-23 00:37:53,049 [OM StateMachine ApplyTransaction Thread - 0] DEBUG db.CodecBuffer (CodecBuffer.java:setCapacity(212)) - setCapacity: 4096 -> 10920, max=2147483647
2023-06-23 00:37:53,057 [OM StateMachine ApplyTransaction Thread - 0] DEBUG db.CodecBuffer (CodecBuffer.java:setCapacity(212)) - setCapacity: 4096 -> 20621, max=2147483647
2023-06-23 00:37:53,074 [IPC Server handler 3 on default port 15001] WARN  node.SCMNodeManager (SCMNodeManager.java:getNodesByAddress(1377)) - Cannot find node for address 127.0.0.1
2023-06-23 00:37:53,075 [IPC Server handler 4 on default port 15001] WARN  node.SCMNodeManager (SCMNodeManager.java:getNodesByAddress(1377)) - Cannot find node for address 127.0.0.1
2023-06-23 00:37:53,076 [IPC Server handler 6 on default port 15001] WARN  node.SCMNodeManager (SCMNodeManager.java:getNodesByAddress(1377)) - Cannot find node for address 127.0.0.1
2023-06-23 00:37:53,077 [IPC Server handler 11 on default port 15001] WARN  node.SCMNodeManager (SCMNodeManager.java:getNodesByAddress(1377)) - Cannot find node for address 127.0.0.1
2023-06-23 00:37:53,078 [IPC Server handler 5 on default port 15001] WARN  node.SCMNodeManager (SCMNodeManager.java:getNodesByAddress(1377)) - Cannot find node for address 127.0.0.1
2023-06-23 00:37:53,079 [IPC Server handler 10 on default port 15001] WARN  node.SCMNodeManager (SCMNodeManager.java:getNodesByAddress(1377)) - Cannot find node for address 127.0.0.1
2023-06-23 00:37:53,080 [IPC Server handler 8 on default port 15001] WARN  node.SCMNodeManager (SCMNodeManager.java:getNodesByAddress(1377)) - Cannot find node for address 127.0.0.1
2023-06-23 00:37:53,080 [IPC Server handler 9 on default port 15001] WARN  node.SCMNodeManager (SCMNodeManager.java:getNodesByAddress(1377)) - Cannot find node for address 127.0.0.1
2023-06-23 00:37:53,081 [IPC Server handler 2 on default port 15001] WARN  node.SCMNodeManager (SCMNodeManager.java:getNodesByAddress(1377)) - Cannot find node for address 127.0.0.1
]]></system-out>
  </testcase>
  <testcase name="testMPUwithThreePartsOverride" classname="TestOzoneAtRestEncryption" time="2.816">
    <system-out><![CDATA[2023-06-23 00:38:05,110 [main] INFO  rpc.RpcClient (RpcClient.java:createVolume(459)) - Creating Volume: 6f57f94e-9f3e-4fd4-af69-30275354b290, with runner as owner and space quota set to -1 bytes, counts quota set to -1
2023-06-23 00:38:05,113 [OM StateMachine ApplyTransaction Thread - 0] INFO  volume.OMVolumeCreateRequest (OMVolumeCreateRequest.java:validateAndUpdateCache(196)) - created volume:6f57f94e-9f3e-4fd4-af69-30275354b290 for user:runner
2023-06-23 00:38:05,115 [main] INFO  rpc.RpcClient (RpcClient.java:createBucket(686)) - Creating Bucket: 6f57f94e-9f3e-4fd4-af69-30275354b290/1be2a322-a845-4b43-ac58-84dc8f915212, with bucket layout OBJECT_STORE, runner as owner, Versioning false, Storage Type set to DISK and Encryption set to true, Replication Type set to server-side default replication type, Namespace Quota set to -1, Space Quota set to -1 
2023-06-23 00:38:05,129 [qtp577682023-22] INFO  kms-audit (SimpleKMSAuditLogger.java:logAuditSimpleFormat(93)) - OK[op=GET_METADATA, key=key1, user=runner] 
2023-06-23 00:38:05,132 [OM StateMachine ApplyTransaction Thread - 0] INFO  bucket.OMBucketCreateRequest (OMBucketCreateRequest.java:validateAndUpdateCache(270)) - created bucket: 1be2a322-a845-4b43-ac58-84dc8f915212 of layout OBJECT_STORE in volume: 6f57f94e-9f3e-4fd4-af69-30275354b290
2023-06-23 00:38:05,710 [OM StateMachine ApplyTransaction Thread - 0] DEBUG db.CodecBuffer (CodecBuffer.java:setCapacity(212)) - setCapacity: 4096 -> 10909, max=2147483647
2023-06-23 00:38:05,714 [OM StateMachine ApplyTransaction Thread - 0] DEBUG db.CodecBuffer (CodecBuffer.java:setCapacity(212)) - setCapacity: 4096 -> 20607, max=2147483647
2023-06-23 00:38:05,718 [IPC Server handler 19 on default port 15001] WARN  node.SCMNodeManager (SCMNodeManager.java:getNodesByAddress(1377)) - Cannot find node for address 127.0.0.1
2023-06-23 00:38:05,719 [IPC Server handler 3 on default port 15001] WARN  node.SCMNodeManager (SCMNodeManager.java:getNodesByAddress(1377)) - Cannot find node for address 127.0.0.1
2023-06-23 00:38:05,719 [IPC Server handler 4 on default port 15001] WARN  node.SCMNodeManager (SCMNodeManager.java:getNodesByAddress(1377)) - Cannot find node for address 127.0.0.1
2023-06-23 00:38:05,720 [IPC Server handler 6 on default port 15001] WARN  node.SCMNodeManager (SCMNodeManager.java:getNodesByAddress(1377)) - Cannot find node for address 127.0.0.1
2023-06-23 00:38:05,720 [IPC Server handler 11 on default port 15001] WARN  node.SCMNodeManager (SCMNodeManager.java:getNodesByAddress(1377)) - Cannot find node for address 127.0.0.1
2023-06-23 00:38:05,721 [IPC Server handler 10 on default port 15001] WARN  node.SCMNodeManager (SCMNodeManager.java:getNodesByAddress(1377)) - Cannot find node for address 127.0.0.1
2023-06-23 00:38:05,721 [IPC Server handler 9 on default port 15001] WARN  node.SCMNodeManager (SCMNodeManager.java:getNodesByAddress(1377)) - Cannot find node for address 127.0.0.1
2023-06-23 00:38:05,722 [IPC Server handler 2 on default port 15001] WARN  node.SCMNodeManager (SCMNodeManager.java:getNodesByAddress(1377)) - Cannot find node for address 127.0.0.1
2023-06-23 00:38:05,723 [IPC Server handler 5 on default port 15001] WARN  node.SCMNodeManager (SCMNodeManager.java:getNodesByAddress(1377)) - Cannot find node for address 127.0.0.1
2023-06-23 00:38:07,108 [OM StateMachine ApplyTransaction Thread - 0] DEBUG db.CodecBuffer (CodecBuffer.java:setCapacity(212)) - setCapacity: 4096 -> 10925, max=2147483647
2023-06-23 00:38:07,112 [OM StateMachine ApplyTransaction Thread - 0] DEBUG db.CodecBuffer (CodecBuffer.java:setCapacity(212)) - setCapacity: 4096 -> 20606, max=2147483647
2023-06-23 00:38:07,116 [IPC Server handler 14 on default port 15001] WARN  node.SCMNodeManager (SCMNodeManager.java:getNodesByAddress(1377)) - Cannot find node for address 127.0.0.1
2023-06-23 00:38:07,117 [IPC Server handler 7 on default port 15001] WARN  node.SCMNodeManager (SCMNodeManager.java:getNodesByAddress(1377)) - Cannot find node for address 127.0.0.1
2023-06-23 00:38:07,117 [IPC Server handler 1 on default port 15001] WARN  node.SCMNodeManager (SCMNodeManager.java:getNodesByAddress(1377)) - Cannot find node for address 127.0.0.1
2023-06-23 00:38:07,118 [IPC Server handler 0 on default port 15001] WARN  node.SCMNodeManager (SCMNodeManager.java:getNodesByAddress(1377)) - Cannot find node for address 127.0.0.1
2023-06-23 00:38:07,118 [IPC Server handler 12 on default port 15001] WARN  node.SCMNodeManager (SCMNodeManager.java:getNodesByAddress(1377)) - Cannot find node for address 127.0.0.1
2023-06-23 00:38:07,119 [IPC Server handler 13 on default port 15001] WARN  node.SCMNodeManager (SCMNodeManager.java:getNodesByAddress(1377)) - Cannot find node for address 127.0.0.1
2023-06-23 00:38:07,119 [IPC Server handler 17 on default port 15001] WARN  node.SCMNodeManager (SCMNodeManager.java:getNodesByAddress(1377)) - Cannot find node for address 127.0.0.1
2023-06-23 00:38:07,120 [IPC Server handler 16 on default port 15001] WARN  node.SCMNodeManager (SCMNodeManager.java:getNodesByAddress(1377)) - Cannot find node for address 127.0.0.1
2023-06-23 00:38:07,120 [IPC Server handler 18 on default port 15001] WARN  node.SCMNodeManager (SCMNodeManager.java:getNodesByAddress(1377)) - Cannot find node for address 127.0.0.1
2023-06-23 00:38:07,121 [IPC Server handler 15 on default port 15001] WARN  node.SCMNodeManager (SCMNodeManager.java:getNodesByAddress(1377)) - Cannot find node for address 127.0.0.1
]]></system-out>
  </testcase>
  <testcase name="testMPUwithTwoStreamParts" classname="TestOzoneAtRestEncryption" time="2.944">
    <system-out><![CDATA[2023-06-23 00:37:53,895 [main] INFO  rpc.RpcClient (RpcClient.java:createVolume(459)) - Creating Volume: 1d5da794-c8eb-4215-88e6-eb4ca0fc10ac, with runner as owner and space quota set to -1 bytes, counts quota set to -1
2023-06-23 00:37:53,900 [OM StateMachine ApplyTransaction Thread - 0] INFO  volume.OMVolumeCreateRequest (OMVolumeCreateRequest.java:validateAndUpdateCache(196)) - created volume:1d5da794-c8eb-4215-88e6-eb4ca0fc10ac for user:runner
2023-06-23 00:37:53,902 [main] INFO  rpc.RpcClient (RpcClient.java:createBucket(686)) - Creating Bucket: 1d5da794-c8eb-4215-88e6-eb4ca0fc10ac/332e900a-3f87-4cc3-aa00-0164e884c169, with bucket layout FILE_SYSTEM_OPTIMIZED, runner as owner, Versioning false, Storage Type set to DISK and Encryption set to true, Replication Type set to server-side default replication type, Namespace Quota set to -1, Space Quota set to -1 
2023-06-23 00:37:53,905 [qtp577682023-18] INFO  kms-audit (SimpleKMSAuditLogger.java:logAuditSimpleFormat(93)) - OK[op=GET_METADATA, key=key1, user=runner] 
2023-06-23 00:37:53,909 [OM StateMachine ApplyTransaction Thread - 0] INFO  bucket.OMBucketCreateRequest (OMBucketCreateRequest.java:validateAndUpdateCache(270)) - created bucket: 332e900a-3f87-4cc3-aa00-0164e884c169 of layout FILE_SYSTEM_OPTIMIZED in volume: 1d5da794-c8eb-4215-88e6-eb4ca0fc10ac
2023-06-23 00:37:53,935 [main] INFO  client.DataStreamClient (ConfUtils.java:logGet(46)) - raft.datastream.type = NETTY (custom)
2023-06-23 00:37:53,935 [main] INFO  netty.NettyConfigKeys$DataStream (ConfUtils.java:logGet(46)) - raft.netty.dataStream.client.tls.conf = null (default)
2023-06-23 00:37:53,935 [main] INFO  netty.NettyConfigKeys$DataStream (ConfUtils.java:logGet(46)) - raft.netty.dataStream.client.reply.queue.grace-period = 1s (default)
2023-06-23 00:37:53,936 [main] INFO  netty.NettyConfigKeys$DataStream (ConfUtils.java:logGet(46)) - raft.netty.dataStream.client.worker-group.share = false (default)
2023-06-23 00:37:53,936 [main] INFO  netty.NettyConfigKeys$DataStream (ConfUtils.java:logGet(46)) - raft.netty.dataStream.client.worker-group.size = 4 (default)
2023-06-23 00:37:53,944 [4cfb2fd8-05c8-4994-9a43-484107cbe362-NettyServerStreamRpc-bossGroup--thread1] INFO  logging.LoggingHandler (AbstractInternalLogger.java:log(148)) - [id: 0xb8f397e0, L:/0:0:0:0:0:0:0:0:15096] READ: [id: 0xbd6df0be, L:/10.1.0.47:15096 - R:/10.1.0.47:40806]
2023-06-23 00:37:53,948 [4cfb2fd8-05c8-4994-9a43-484107cbe362-NettyServerStreamRpc-bossGroup--thread1] INFO  logging.LoggingHandler (AbstractInternalLogger.java:log(148)) - [id: 0xb8f397e0, L:/0:0:0:0:0:0:0:0:15096] READ COMPLETE
2023-06-23 00:37:54,084 [main] INFO  client.DataStreamClient (ConfUtils.java:logGet(46)) - raft.datastream.type = NETTY (custom)
2023-06-23 00:37:54,084 [main] INFO  netty.NettyConfigKeys$DataStream (ConfUtils.java:logGet(46)) - raft.netty.dataStream.client.tls.conf = null (default)
2023-06-23 00:37:54,084 [main] INFO  netty.NettyConfigKeys$DataStream (ConfUtils.java:logGet(46)) - raft.netty.dataStream.client.reply.queue.grace-period = 1s (default)
2023-06-23 00:37:54,085 [main] INFO  netty.NettyConfigKeys$DataStream (ConfUtils.java:logGet(46)) - raft.netty.dataStream.client.worker-group.share = false (default)
2023-06-23 00:37:54,085 [main] INFO  netty.NettyConfigKeys$DataStream (ConfUtils.java:logGet(46)) - raft.netty.dataStream.client.worker-group.size = 4 (default)
2023-06-23 00:37:54,092 [6a1a42da-c2df-4fd1-96ac-c2667a6b2780-NettyServerStreamRpc-bossGroup--thread1] INFO  logging.LoggingHandler (AbstractInternalLogger.java:log(148)) - [id: 0x650af773, L:/0:0:0:0:0:0:0:0:15060] READ: [id: 0xa0be1bc4, L:/10.1.0.47:15060 - R:/10.1.0.47:40380]
2023-06-23 00:37:54,102 [6a1a42da-c2df-4fd1-96ac-c2667a6b2780-NettyServerStreamRpc-bossGroup--thread1] INFO  logging.LoggingHandler (AbstractInternalLogger.java:log(148)) - [id: 0x650af773, L:/0:0:0:0:0:0:0:0:15060] READ COMPLETE
2023-06-23 00:37:54,311 [main] INFO  client.DataStreamClient (ConfUtils.java:logGet(46)) - raft.datastream.type = NETTY (custom)
2023-06-23 00:37:54,311 [main] INFO  netty.NettyConfigKeys$DataStream (ConfUtils.java:logGet(46)) - raft.netty.dataStream.client.tls.conf = null (default)
2023-06-23 00:37:54,311 [main] INFO  netty.NettyConfigKeys$DataStream (ConfUtils.java:logGet(46)) - raft.netty.dataStream.client.reply.queue.grace-period = 1s (default)
2023-06-23 00:37:54,312 [main] INFO  netty.NettyConfigKeys$DataStream (ConfUtils.java:logGet(46)) - raft.netty.dataStream.client.worker-group.share = false (default)
2023-06-23 00:37:54,312 [main] INFO  netty.NettyConfigKeys$DataStream (ConfUtils.java:logGet(46)) - raft.netty.dataStream.client.worker-group.size = 4 (default)
2023-06-23 00:37:54,319 [a135c5de-80e1-4aab-81ec-fcc917b89996-NettyServerStreamRpc-bossGroup--thread1] INFO  logging.LoggingHandler (AbstractInternalLogger.java:log(148)) - [id: 0x4e7e9292, L:/0:0:0:0:0:0:0:0:15051] READ: [id: 0x80cb4b2e, L:/10.1.0.47:15051 - R:/10.1.0.47:41784]
2023-06-23 00:37:54,324 [a135c5de-80e1-4aab-81ec-fcc917b89996-NettyServerStreamRpc-bossGroup--thread1] INFO  logging.LoggingHandler (AbstractInternalLogger.java:log(148)) - [id: 0x4e7e9292, L:/0:0:0:0:0:0:0:0:15051] READ COMPLETE
2023-06-23 00:37:54,607 [main] INFO  client.DataStreamClient (ConfUtils.java:logGet(46)) - raft.datastream.type = NETTY (custom)
2023-06-23 00:37:54,607 [main] INFO  netty.NettyConfigKeys$DataStream (ConfUtils.java:logGet(46)) - raft.netty.dataStream.client.tls.conf = null (default)
2023-06-23 00:37:54,608 [main] INFO  netty.NettyConfigKeys$DataStream (ConfUtils.java:logGet(46)) - raft.netty.dataStream.client.reply.queue.grace-period = 1s (default)
2023-06-23 00:37:54,608 [main] INFO  netty.NettyConfigKeys$DataStream (ConfUtils.java:logGet(46)) - raft.netty.dataStream.client.worker-group.share = false (default)
2023-06-23 00:37:54,608 [main] INFO  netty.NettyConfigKeys$DataStream (ConfUtils.java:logGet(46)) - raft.netty.dataStream.client.worker-group.size = 4 (default)
2023-06-23 00:37:54,617 [4e705eda-d59c-4e65-825a-8cd43ac70c00-NettyServerStreamRpc-bossGroup--thread1] INFO  logging.LoggingHandler (AbstractInternalLogger.java:log(148)) - [id: 0x704a8e74, L:/0:0:0:0:0:0:0:0:15042] READ: [id: 0x127b7940, L:/10.1.0.47:15042 - R:/10.1.0.47:53782]
2023-06-23 00:37:54,625 [4e705eda-d59c-4e65-825a-8cd43ac70c00-NettyServerStreamRpc-bossGroup--thread1] INFO  logging.LoggingHandler (AbstractInternalLogger.java:log(148)) - [id: 0x704a8e74, L:/0:0:0:0:0:0:0:0:15042] READ COMPLETE
2023-06-23 00:37:54,836 [main] INFO  client.DataStreamClient (ConfUtils.java:logGet(46)) - raft.datastream.type = NETTY (custom)
2023-06-23 00:37:54,837 [main] INFO  netty.NettyConfigKeys$DataStream (ConfUtils.java:logGet(46)) - raft.netty.dataStream.client.tls.conf = null (default)
2023-06-23 00:37:54,837 [main] INFO  netty.NettyConfigKeys$DataStream (ConfUtils.java:logGet(46)) - raft.netty.dataStream.client.reply.queue.grace-period = 1s (default)
2023-06-23 00:37:54,837 [main] INFO  netty.NettyConfigKeys$DataStream (ConfUtils.java:logGet(46)) - raft.netty.dataStream.client.worker-group.share = false (default)
2023-06-23 00:37:54,837 [main] INFO  netty.NettyConfigKeys$DataStream (ConfUtils.java:logGet(46)) - raft.netty.dataStream.client.worker-group.size = 4 (default)
2023-06-23 00:37:54,845 [b858c729-efcc-4161-8033-8241e78cf6c6-NettyServerStreamRpc-bossGroup--thread1] INFO  logging.LoggingHandler (AbstractInternalLogger.java:log(148)) - [id: 0x1fc52b9e, L:/0:0:0:0:0:0:0:0:15033] READ: [id: 0xd7c53078, L:/10.1.0.47:15033 - R:/10.1.0.47:36944]
2023-06-23 00:37:54,850 [b858c729-efcc-4161-8033-8241e78cf6c6-NettyServerStreamRpc-bossGroup--thread1] INFO  logging.LoggingHandler (AbstractInternalLogger.java:log(148)) - [id: 0x1fc52b9e, L:/0:0:0:0:0:0:0:0:15033] READ COMPLETE
2023-06-23 00:37:54,901 [main] INFO  client.DataStreamClient (ConfUtils.java:logGet(46)) - raft.datastream.type = NETTY (custom)
2023-06-23 00:37:54,901 [main] INFO  netty.NettyConfigKeys$DataStream (ConfUtils.java:logGet(46)) - raft.netty.dataStream.client.tls.conf = null (default)
2023-06-23 00:37:54,902 [main] INFO  netty.NettyConfigKeys$DataStream (ConfUtils.java:logGet(46)) - raft.netty.dataStream.client.reply.queue.grace-period = 1s (default)
2023-06-23 00:37:54,902 [main] INFO  netty.NettyConfigKeys$DataStream (ConfUtils.java:logGet(46)) - raft.netty.dataStream.client.worker-group.share = false (default)
2023-06-23 00:37:54,902 [main] INFO  netty.NettyConfigKeys$DataStream (ConfUtils.java:logGet(46)) - raft.netty.dataStream.client.worker-group.size = 4 (default)
2023-06-23 00:37:54,908 [0748a88e-a458-4efc-a02e-125962a69d19-NettyServerStreamRpc-bossGroup--thread1] INFO  logging.LoggingHandler (AbstractInternalLogger.java:log(148)) - [id: 0x7073b8fc, L:/0:0:0:0:0:0:0:0:15015] READ: [id: 0xa56b1871, L:/10.1.0.47:15015 - R:/10.1.0.47:40212]
2023-06-23 00:37:54,909 [0748a88e-a458-4efc-a02e-125962a69d19-NettyServerStreamRpc-bossGroup--thread1] INFO  logging.LoggingHandler (AbstractInternalLogger.java:log(148)) - [id: 0x7073b8fc, L:/0:0:0:0:0:0:0:0:15015] READ COMPLETE
2023-06-23 00:37:55,063 [OM StateMachine ApplyTransaction Thread - 0] DEBUG db.CodecBuffer (CodecBuffer.java:setCapacity(212)) - setCapacity: 4096 -> 10938, max=2147483647
2023-06-23 00:37:55,069 [IPC Server handler 4 on default port 15001] WARN  node.SCMNodeManager (SCMNodeManager.java:getNodesByAddress(1377)) - Cannot find node for address 127.0.0.1
2023-06-23 00:37:55,070 [IPC Server handler 6 on default port 15001] WARN  node.SCMNodeManager (SCMNodeManager.java:getNodesByAddress(1377)) - Cannot find node for address 127.0.0.1
2023-06-23 00:37:55,071 [IPC Server handler 11 on default port 15001] WARN  node.SCMNodeManager (SCMNodeManager.java:getNodesByAddress(1377)) - Cannot find node for address 127.0.0.1
2023-06-23 00:37:55,071 [IPC Server handler 5 on default port 15001] WARN  node.SCMNodeManager (SCMNodeManager.java:getNodesByAddress(1377)) - Cannot find node for address 127.0.0.1
2023-06-23 00:37:55,072 [IPC Server handler 10 on default port 15001] WARN  node.SCMNodeManager (SCMNodeManager.java:getNodesByAddress(1377)) - Cannot find node for address 127.0.0.1
2023-06-23 00:37:55,073 [IPC Server handler 8 on default port 15001] WARN  node.SCMNodeManager (SCMNodeManager.java:getNodesByAddress(1377)) - Cannot find node for address 127.0.0.1
2023-06-23 00:37:55,074 [IPC Server handler 9 on default port 15001] WARN  node.SCMNodeManager (SCMNodeManager.java:getNodesByAddress(1377)) - Cannot find node for address 127.0.0.1
2023-06-23 00:37:55,074 [IPC Server handler 2 on default port 15001] WARN  node.SCMNodeManager (SCMNodeManager.java:getNodesByAddress(1377)) - Cannot find node for address 127.0.0.1
2023-06-23 00:37:55,075 [IPC Server handler 14 on default port 15001] WARN  node.SCMNodeManager (SCMNodeManager.java:getNodesByAddress(1377)) - Cannot find node for address 127.0.0.1
]]></system-out>
  </testcase>
  <testcase name="testMPUwithTwoStreamParts" classname="TestOzoneAtRestEncryption" time="1.79">
    <system-out><![CDATA[2023-06-23 00:38:07,926 [main] INFO  rpc.RpcClient (RpcClient.java:createVolume(459)) - Creating Volume: 84762dbc-bb1a-4e6c-8597-424644c0b5b8, with runner as owner and space quota set to -1 bytes, counts quota set to -1
2023-06-23 00:38:07,930 [OM StateMachine ApplyTransaction Thread - 0] INFO  volume.OMVolumeCreateRequest (OMVolumeCreateRequest.java:validateAndUpdateCache(196)) - created volume:84762dbc-bb1a-4e6c-8597-424644c0b5b8 for user:runner
2023-06-23 00:38:07,932 [main] INFO  rpc.RpcClient (RpcClient.java:createBucket(686)) - Creating Bucket: 84762dbc-bb1a-4e6c-8597-424644c0b5b8/12fbe302-6ff2-4ec9-a04d-099558c50c2f, with bucket layout OBJECT_STORE, runner as owner, Versioning false, Storage Type set to DISK and Encryption set to true, Replication Type set to server-side default replication type, Namespace Quota set to -1, Space Quota set to -1 
2023-06-23 00:38:07,935 [qtp577682023-18] INFO  kms-audit (SimpleKMSAuditLogger.java:logAuditSimpleFormat(93)) - OK[op=GET_METADATA, key=key1, user=runner] 
2023-06-23 00:38:07,937 [OM StateMachine ApplyTransaction Thread - 0] INFO  bucket.OMBucketCreateRequest (OMBucketCreateRequest.java:validateAndUpdateCache(270)) - created bucket: 12fbe302-6ff2-4ec9-a04d-099558c50c2f of layout OBJECT_STORE in volume: 84762dbc-bb1a-4e6c-8597-424644c0b5b8
2023-06-23 00:38:07,954 [main] INFO  client.DataStreamClient (ConfUtils.java:logGet(46)) - raft.datastream.type = NETTY (custom)
2023-06-23 00:38:07,955 [main] INFO  netty.NettyConfigKeys$DataStream (ConfUtils.java:logGet(46)) - raft.netty.dataStream.client.tls.conf = null (default)
2023-06-23 00:38:07,955 [main] INFO  netty.NettyConfigKeys$DataStream (ConfUtils.java:logGet(46)) - raft.netty.dataStream.client.reply.queue.grace-period = 1s (default)
2023-06-23 00:38:07,955 [main] INFO  netty.NettyConfigKeys$DataStream (ConfUtils.java:logGet(46)) - raft.netty.dataStream.client.worker-group.share = false (default)
2023-06-23 00:38:07,955 [main] INFO  netty.NettyConfigKeys$DataStream (ConfUtils.java:logGet(46)) - raft.netty.dataStream.client.worker-group.size = 4 (default)
2023-06-23 00:38:07,961 [c45f7b2b-079b-4ce1-93e8-334248332cec-NettyServerStreamRpc-bossGroup--thread1] INFO  logging.LoggingHandler (AbstractInternalLogger.java:log(148)) - [id: 0x80eeacba, L:/0:0:0:0:0:0:0:0:15069] READ: [id: 0x018856b9, L:/10.1.0.47:15069 - R:/10.1.0.47:60546]
2023-06-23 00:38:07,969 [c45f7b2b-079b-4ce1-93e8-334248332cec-NettyServerStreamRpc-bossGroup--thread1] INFO  logging.LoggingHandler (AbstractInternalLogger.java:log(148)) - [id: 0x80eeacba, L:/0:0:0:0:0:0:0:0:15069] READ COMPLETE
2023-06-23 00:38:08,018 [main] INFO  client.DataStreamClient (ConfUtils.java:logGet(46)) - raft.datastream.type = NETTY (custom)
2023-06-23 00:38:08,019 [main] INFO  netty.NettyConfigKeys$DataStream (ConfUtils.java:logGet(46)) - raft.netty.dataStream.client.tls.conf = null (default)
2023-06-23 00:38:08,019 [main] INFO  netty.NettyConfigKeys$DataStream (ConfUtils.java:logGet(46)) - raft.netty.dataStream.client.reply.queue.grace-period = 1s (default)
2023-06-23 00:38:08,019 [main] INFO  netty.NettyConfigKeys$DataStream (ConfUtils.java:logGet(46)) - raft.netty.dataStream.client.worker-group.share = false (default)
2023-06-23 00:38:08,019 [main] INFO  netty.NettyConfigKeys$DataStream (ConfUtils.java:logGet(46)) - raft.netty.dataStream.client.worker-group.size = 4 (default)
2023-06-23 00:38:08,021 [0748a88e-a458-4efc-a02e-125962a69d19-NettyServerStreamRpc-bossGroup--thread1] INFO  logging.LoggingHandler (AbstractInternalLogger.java:log(148)) - [id: 0x7073b8fc, L:/0:0:0:0:0:0:0:0:15015] READ: [id: 0x1aac1961, L:/10.1.0.47:15015 - R:/10.1.0.47:59236]
2023-06-23 00:38:08,027 [0748a88e-a458-4efc-a02e-125962a69d19-NettyServerStreamRpc-bossGroup--thread1] INFO  logging.LoggingHandler (AbstractInternalLogger.java:log(148)) - [id: 0x7073b8fc, L:/0:0:0:0:0:0:0:0:15015] READ COMPLETE
2023-06-23 00:38:08,056 [main] INFO  client.DataStreamClient (ConfUtils.java:logGet(46)) - raft.datastream.type = NETTY (custom)
2023-06-23 00:38:08,057 [main] INFO  netty.NettyConfigKeys$DataStream (ConfUtils.java:logGet(46)) - raft.netty.dataStream.client.tls.conf = null (default)
2023-06-23 00:38:08,057 [main] INFO  netty.NettyConfigKeys$DataStream (ConfUtils.java:logGet(46)) - raft.netty.dataStream.client.reply.queue.grace-period = 1s (default)
2023-06-23 00:38:08,057 [main] INFO  netty.NettyConfigKeys$DataStream (ConfUtils.java:logGet(46)) - raft.netty.dataStream.client.worker-group.share = false (default)
2023-06-23 00:38:08,057 [main] INFO  netty.NettyConfigKeys$DataStream (ConfUtils.java:logGet(46)) - raft.netty.dataStream.client.worker-group.size = 4 (default)
2023-06-23 00:38:08,061 [6a1a42da-c2df-4fd1-96ac-c2667a6b2780-NettyServerStreamRpc-bossGroup--thread1] INFO  logging.LoggingHandler (AbstractInternalLogger.java:log(148)) - [id: 0x650af773, L:/0:0:0:0:0:0:0:0:15060] READ: [id: 0x93b32e71, L:/10.1.0.47:15060 - R:/10.1.0.47:45974]
2023-06-23 00:38:08,069 [6a1a42da-c2df-4fd1-96ac-c2667a6b2780-NettyServerStreamRpc-bossGroup--thread1] INFO  logging.LoggingHandler (AbstractInternalLogger.java:log(148)) - [id: 0x650af773, L:/0:0:0:0:0:0:0:0:15060] READ COMPLETE
2023-06-23 00:38:08,143 [main] INFO  client.DataStreamClient (ConfUtils.java:logGet(46)) - raft.datastream.type = NETTY (custom)
2023-06-23 00:38:08,143 [main] INFO  netty.NettyConfigKeys$DataStream (ConfUtils.java:logGet(46)) - raft.netty.dataStream.client.tls.conf = null (default)
2023-06-23 00:38:08,143 [main] INFO  netty.NettyConfigKeys$DataStream (ConfUtils.java:logGet(46)) - raft.netty.dataStream.client.reply.queue.grace-period = 1s (default)
2023-06-23 00:38:08,144 [main] INFO  netty.NettyConfigKeys$DataStream (ConfUtils.java:logGet(46)) - raft.netty.dataStream.client.worker-group.share = false (default)
2023-06-23 00:38:08,144 [main] INFO  netty.NettyConfigKeys$DataStream (ConfUtils.java:logGet(46)) - raft.netty.dataStream.client.worker-group.size = 4 (default)
2023-06-23 00:38:08,146 [4e705eda-d59c-4e65-825a-8cd43ac70c00-NettyServerStreamRpc-bossGroup--thread1] INFO  logging.LoggingHandler (AbstractInternalLogger.java:log(148)) - [id: 0x704a8e74, L:/0:0:0:0:0:0:0:0:15042] READ: [id: 0x2f48e89d, L:/10.1.0.47:15042 - R:/10.1.0.47:39376]
2023-06-23 00:38:08,147 [4e705eda-d59c-4e65-825a-8cd43ac70c00-NettyServerStreamRpc-bossGroup--thread1] INFO  logging.LoggingHandler (AbstractInternalLogger.java:log(148)) - [id: 0x704a8e74, L:/0:0:0:0:0:0:0:0:15042] READ COMPLETE
2023-06-23 00:38:08,222 [main] INFO  client.DataStreamClient (ConfUtils.java:logGet(46)) - raft.datastream.type = NETTY (custom)
2023-06-23 00:38:08,222 [main] INFO  netty.NettyConfigKeys$DataStream (ConfUtils.java:logGet(46)) - raft.netty.dataStream.client.tls.conf = null (default)
2023-06-23 00:38:08,222 [main] INFO  netty.NettyConfigKeys$DataStream (ConfUtils.java:logGet(46)) - raft.netty.dataStream.client.reply.queue.grace-period = 1s (default)
2023-06-23 00:38:08,222 [main] INFO  netty.NettyConfigKeys$DataStream (ConfUtils.java:logGet(46)) - raft.netty.dataStream.client.worker-group.share = false (default)
2023-06-23 00:38:08,222 [main] INFO  netty.NettyConfigKeys$DataStream (ConfUtils.java:logGet(46)) - raft.netty.dataStream.client.worker-group.size = 4 (default)
2023-06-23 00:38:08,232 [4cfb2fd8-05c8-4994-9a43-484107cbe362-NettyServerStreamRpc-bossGroup--thread1] INFO  logging.LoggingHandler (AbstractInternalLogger.java:log(148)) - [id: 0xb8f397e0, L:/0:0:0:0:0:0:0:0:15096] READ: [id: 0x71402009, L:/10.1.0.47:15096 - R:/10.1.0.47:47918]
2023-06-23 00:38:08,233 [4cfb2fd8-05c8-4994-9a43-484107cbe362-NettyServerStreamRpc-bossGroup--thread1] INFO  logging.LoggingHandler (AbstractInternalLogger.java:log(148)) - [id: 0xb8f397e0, L:/0:0:0:0:0:0:0:0:15096] READ COMPLETE
2023-06-23 00:38:08,290 [main] INFO  client.DataStreamClient (ConfUtils.java:logGet(46)) - raft.datastream.type = NETTY (custom)
2023-06-23 00:38:08,290 [main] INFO  netty.NettyConfigKeys$DataStream (ConfUtils.java:logGet(46)) - raft.netty.dataStream.client.tls.conf = null (default)
2023-06-23 00:38:08,290 [main] INFO  netty.NettyConfigKeys$DataStream (ConfUtils.java:logGet(46)) - raft.netty.dataStream.client.reply.queue.grace-period = 1s (default)
2023-06-23 00:38:08,290 [main] INFO  netty.NettyConfigKeys$DataStream (ConfUtils.java:logGet(46)) - raft.netty.dataStream.client.worker-group.share = false (default)
2023-06-23 00:38:08,290 [main] INFO  netty.NettyConfigKeys$DataStream (ConfUtils.java:logGet(46)) - raft.netty.dataStream.client.worker-group.size = 4 (default)
2023-06-23 00:38:08,292 [f07173a4-652e-46dc-b7ae-8cd05d01b793-NettyServerStreamRpc-bossGroup--thread1] INFO  logging.LoggingHandler (AbstractInternalLogger.java:log(148)) - [id: 0x66afd667, L:/0:0:0:0:0:0:0:0:15087] READ: [id: 0x8f71646d, L:/10.1.0.47:15087 - R:/10.1.0.47:38154]
2023-06-23 00:38:08,302 [f07173a4-652e-46dc-b7ae-8cd05d01b793-NettyServerStreamRpc-bossGroup--thread1] INFO  logging.LoggingHandler (AbstractInternalLogger.java:log(148)) - [id: 0x66afd667, L:/0:0:0:0:0:0:0:0:15087] READ COMPLETE
2023-06-23 00:38:08,413 [OM StateMachine ApplyTransaction Thread - 0] DEBUG db.CodecBuffer (CodecBuffer.java:setCapacity(212)) - setCapacity: 4096 -> 10910, max=2147483647
2023-06-23 00:38:08,417 [IPC Server handler 14 on default port 15001] WARN  node.SCMNodeManager (SCMNodeManager.java:getNodesByAddress(1377)) - Cannot find node for address 127.0.0.1
2023-06-23 00:38:08,418 [IPC Server handler 7 on default port 15001] WARN  node.SCMNodeManager (SCMNodeManager.java:getNodesByAddress(1377)) - Cannot find node for address 127.0.0.1
2023-06-23 00:38:08,418 [IPC Server handler 1 on default port 15001] WARN  node.SCMNodeManager (SCMNodeManager.java:getNodesByAddress(1377)) - Cannot find node for address 127.0.0.1
2023-06-23 00:38:08,419 [IPC Server handler 0 on default port 15001] WARN  node.SCMNodeManager (SCMNodeManager.java:getNodesByAddress(1377)) - Cannot find node for address 127.0.0.1
2023-06-23 00:38:08,420 [IPC Server handler 12 on default port 15001] WARN  node.SCMNodeManager (SCMNodeManager.java:getNodesByAddress(1377)) - Cannot find node for address 127.0.0.1
2023-06-23 00:38:08,420 [IPC Server handler 13 on default port 15001] WARN  node.SCMNodeManager (SCMNodeManager.java:getNodesByAddress(1377)) - Cannot find node for address 127.0.0.1
2023-06-23 00:38:08,421 [IPC Server handler 17 on default port 15001] WARN  node.SCMNodeManager (SCMNodeManager.java:getNodesByAddress(1377)) - Cannot find node for address 127.0.0.1
]]></system-out>
  </testcase>
  <testcase name="testMPUwithThreeStreamPartsOverride" classname="TestOzoneAtRestEncryption" time="4.86">
    <system-out><![CDATA[2023-06-23 00:37:56,839 [main] INFO  rpc.RpcClient (RpcClient.java:createVolume(459)) - Creating Volume: accfaa2c-e9b3-482f-b75c-d0d7060c0aec, with runner as owner and space quota set to -1 bytes, counts quota set to -1
2023-06-23 00:37:56,844 [OM StateMachine ApplyTransaction Thread - 0] INFO  volume.OMVolumeCreateRequest (OMVolumeCreateRequest.java:validateAndUpdateCache(196)) - created volume:accfaa2c-e9b3-482f-b75c-d0d7060c0aec for user:runner
2023-06-23 00:37:56,849 [main] INFO  rpc.RpcClient (RpcClient.java:createBucket(686)) - Creating Bucket: accfaa2c-e9b3-482f-b75c-d0d7060c0aec/849246d4-e6ef-410d-aba8-c21de53f92f5, with bucket layout FILE_SYSTEM_OPTIMIZED, runner as owner, Versioning false, Storage Type set to DISK and Encryption set to true, Replication Type set to server-side default replication type, Namespace Quota set to -1, Space Quota set to -1 
2023-06-23 00:37:56,853 [qtp577682023-22] INFO  kms-audit (SimpleKMSAuditLogger.java:logAuditSimpleFormat(93)) - OK[op=GET_METADATA, key=key1, user=runner] 
2023-06-23 00:37:56,856 [OM StateMachine ApplyTransaction Thread - 0] INFO  bucket.OMBucketCreateRequest (OMBucketCreateRequest.java:validateAndUpdateCache(270)) - created bucket: 849246d4-e6ef-410d-aba8-c21de53f92f5 of layout FILE_SYSTEM_OPTIMIZED in volume: accfaa2c-e9b3-482f-b75c-d0d7060c0aec
2023-06-23 00:37:57,208 [OM StateMachine ApplyTransaction Thread - 0] DEBUG db.CodecBuffer (CodecBuffer.java:setCapacity(212)) - setCapacity: 4096 -> 4097, max=2147483647
2023-06-23 00:37:57,551 [OM StateMachine ApplyTransaction Thread - 0] DEBUG db.CodecBuffer (CodecBuffer.java:setCapacity(212)) - setCapacity: 4096 -> 10946, max=2147483647
2023-06-23 00:37:57,558 [OM StateMachine ApplyTransaction Thread - 0] DEBUG db.CodecBuffer (CodecBuffer.java:setCapacity(212)) - setCapacity: 4096 -> 20651, max=2147483647
2023-06-23 00:37:57,564 [IPC Server handler 14 on default port 15001] WARN  node.SCMNodeManager (SCMNodeManager.java:getNodesByAddress(1377)) - Cannot find node for address 127.0.0.1
2023-06-23 00:37:57,565 [IPC Server handler 7 on default port 15001] WARN  node.SCMNodeManager (SCMNodeManager.java:getNodesByAddress(1377)) - Cannot find node for address 127.0.0.1
2023-06-23 00:37:57,565 [IPC Server handler 1 on default port 15001] WARN  node.SCMNodeManager (SCMNodeManager.java:getNodesByAddress(1377)) - Cannot find node for address 127.0.0.1
2023-06-23 00:37:57,566 [IPC Server handler 0 on default port 15001] WARN  node.SCMNodeManager (SCMNodeManager.java:getNodesByAddress(1377)) - Cannot find node for address 127.0.0.1
2023-06-23 00:37:57,567 [IPC Server handler 13 on default port 15001] WARN  node.SCMNodeManager (SCMNodeManager.java:getNodesByAddress(1377)) - Cannot find node for address 127.0.0.1
2023-06-23 00:37:57,567 [IPC Server handler 12 on default port 15001] WARN  node.SCMNodeManager (SCMNodeManager.java:getNodesByAddress(1377)) - Cannot find node for address 127.0.0.1
2023-06-23 00:37:57,568 [IPC Server handler 17 on default port 15001] WARN  node.SCMNodeManager (SCMNodeManager.java:getNodesByAddress(1377)) - Cannot find node for address 127.0.0.1
2023-06-23 00:37:57,569 [IPC Server handler 16 on default port 15001] WARN  node.SCMNodeManager (SCMNodeManager.java:getNodesByAddress(1377)) - Cannot find node for address 127.0.0.1
2023-06-23 00:37:57,569 [IPC Server handler 18 on default port 15001] WARN  node.SCMNodeManager (SCMNodeManager.java:getNodesByAddress(1377)) - Cannot find node for address 127.0.0.1
2023-06-23 00:37:59,698 [OM StateMachine ApplyTransaction Thread - 0] DEBUG db.CodecBuffer (CodecBuffer.java:setCapacity(212)) - setCapacity: 4096 -> 10951, max=2147483647
2023-06-23 00:37:59,704 [OM StateMachine ApplyTransaction Thread - 0] DEBUG db.CodecBuffer (CodecBuffer.java:setCapacity(212)) - setCapacity: 4096 -> 20649, max=2147483647
2023-06-23 00:37:59,712 [IPC Server handler 6 on default port 15001] WARN  node.SCMNodeManager (SCMNodeManager.java:getNodesByAddress(1377)) - Cannot find node for address 127.0.0.1
2023-06-23 00:37:59,713 [IPC Server handler 11 on default port 15001] WARN  node.SCMNodeManager (SCMNodeManager.java:getNodesByAddress(1377)) - Cannot find node for address 127.0.0.1
2023-06-23 00:37:59,714 [IPC Server handler 5 on default port 15001] WARN  node.SCMNodeManager (SCMNodeManager.java:getNodesByAddress(1377)) - Cannot find node for address 127.0.0.1
2023-06-23 00:37:59,715 [IPC Server handler 10 on default port 15001] WARN  node.SCMNodeManager (SCMNodeManager.java:getNodesByAddress(1377)) - Cannot find node for address 127.0.0.1
2023-06-23 00:37:59,715 [IPC Server handler 8 on default port 15001] WARN  node.SCMNodeManager (SCMNodeManager.java:getNodesByAddress(1377)) - Cannot find node for address 127.0.0.1
2023-06-23 00:37:59,716 [IPC Server handler 9 on default port 15001] WARN  node.SCMNodeManager (SCMNodeManager.java:getNodesByAddress(1377)) - Cannot find node for address 127.0.0.1
2023-06-23 00:37:59,717 [IPC Server handler 2 on default port 15001] WARN  node.SCMNodeManager (SCMNodeManager.java:getNodesByAddress(1377)) - Cannot find node for address 127.0.0.1
2023-06-23 00:37:59,717 [IPC Server handler 14 on default port 15001] WARN  node.SCMNodeManager (SCMNodeManager.java:getNodesByAddress(1377)) - Cannot find node for address 127.0.0.1
2023-06-23 00:37:59,718 [IPC Server handler 7 on default port 15001] WARN  node.SCMNodeManager (SCMNodeManager.java:getNodesByAddress(1377)) - Cannot find node for address 127.0.0.1
]]></system-out>
  </testcase>
  <testcase name="testMPUwithThreeStreamPartsOverride" classname="TestOzoneAtRestEncryption" time="3.984">
    <system-out><![CDATA[2023-06-23 00:38:09,715 [main] INFO  rpc.RpcClient (RpcClient.java:createVolume(459)) - Creating Volume: 2e730c5f-5e3e-4af4-ba93-5dbf59e20d32, with runner as owner and space quota set to -1 bytes, counts quota set to -1
2023-06-23 00:38:09,718 [OM StateMachine ApplyTransaction Thread - 0] INFO  volume.OMVolumeCreateRequest (OMVolumeCreateRequest.java:validateAndUpdateCache(196)) - created volume:2e730c5f-5e3e-4af4-ba93-5dbf59e20d32 for user:runner
2023-06-23 00:38:09,719 [main] INFO  rpc.RpcClient (RpcClient.java:createBucket(686)) - Creating Bucket: 2e730c5f-5e3e-4af4-ba93-5dbf59e20d32/e870b84b-1132-4415-b0b7-51eaf0a595e9, with bucket layout OBJECT_STORE, runner as owner, Versioning false, Storage Type set to DISK and Encryption set to true, Replication Type set to server-side default replication type, Namespace Quota set to -1, Space Quota set to -1 
2023-06-23 00:38:09,721 [qtp577682023-22] INFO  kms-audit (SimpleKMSAuditLogger.java:logAuditSimpleFormat(93)) - OK[op=GET_METADATA, key=key1, user=runner] 
2023-06-23 00:38:09,724 [OM StateMachine ApplyTransaction Thread - 0] INFO  bucket.OMBucketCreateRequest (OMBucketCreateRequest.java:validateAndUpdateCache(270)) - created bucket: e870b84b-1132-4415-b0b7-51eaf0a595e9 of layout OBJECT_STORE in volume: 2e730c5f-5e3e-4af4-ba93-5dbf59e20d32
2023-06-23 00:38:10,188 [OM StateMachine ApplyTransaction Thread - 0] DEBUG db.CodecBuffer (CodecBuffer.java:setCapacity(212)) - setCapacity: 4096 -> 10911, max=2147483647
2023-06-23 00:38:10,191 [OM StateMachine ApplyTransaction Thread - 0] DEBUG db.CodecBuffer (CodecBuffer.java:setCapacity(212)) - setCapacity: 4096 -> 20597, max=2147483647
2023-06-23 00:38:10,195 [IPC Server handler 11 on default port 15001] WARN  node.SCMNodeManager (SCMNodeManager.java:getNodesByAddress(1377)) - Cannot find node for address 127.0.0.1
2023-06-23 00:38:10,196 [IPC Server handler 10 on default port 15001] WARN  node.SCMNodeManager (SCMNodeManager.java:getNodesByAddress(1377)) - Cannot find node for address 127.0.0.1
2023-06-23 00:38:10,197 [IPC Server handler 9 on default port 15001] WARN  node.SCMNodeManager (SCMNodeManager.java:getNodesByAddress(1377)) - Cannot find node for address 127.0.0.1
2023-06-23 00:38:10,197 [IPC Server handler 2 on default port 15001] WARN  node.SCMNodeManager (SCMNodeManager.java:getNodesByAddress(1377)) - Cannot find node for address 127.0.0.1
2023-06-23 00:38:10,198 [IPC Server handler 5 on default port 15001] WARN  node.SCMNodeManager (SCMNodeManager.java:getNodesByAddress(1377)) - Cannot find node for address 127.0.0.1
2023-06-23 00:38:10,198 [IPC Server handler 8 on default port 15001] WARN  node.SCMNodeManager (SCMNodeManager.java:getNodesByAddress(1377)) - Cannot find node for address 127.0.0.1
2023-06-23 00:38:10,199 [IPC Server handler 14 on default port 15001] WARN  node.SCMNodeManager (SCMNodeManager.java:getNodesByAddress(1377)) - Cannot find node for address 127.0.0.1
2023-06-23 00:38:10,199 [IPC Server handler 7 on default port 15001] WARN  node.SCMNodeManager (SCMNodeManager.java:getNodesByAddress(1377)) - Cannot find node for address 127.0.0.1
2023-06-23 00:38:10,200 [IPC Server handler 1 on default port 15001] WARN  node.SCMNodeManager (SCMNodeManager.java:getNodesByAddress(1377)) - Cannot find node for address 127.0.0.1
2023-06-23 00:38:11,053 [main] INFO  client.DataStreamClient (ConfUtils.java:logGet(46)) - raft.datastream.type = NETTY (custom)
2023-06-23 00:38:11,053 [main] INFO  netty.NettyConfigKeys$DataStream (ConfUtils.java:logGet(46)) - raft.netty.dataStream.client.tls.conf = null (default)
2023-06-23 00:38:11,053 [main] INFO  netty.NettyConfigKeys$DataStream (ConfUtils.java:logGet(46)) - raft.netty.dataStream.client.reply.queue.grace-period = 1s (default)
2023-06-23 00:38:11,053 [main] INFO  netty.NettyConfigKeys$DataStream (ConfUtils.java:logGet(46)) - raft.netty.dataStream.client.worker-group.share = false (default)
2023-06-23 00:38:11,053 [main] INFO  netty.NettyConfigKeys$DataStream (ConfUtils.java:logGet(46)) - raft.netty.dataStream.client.worker-group.size = 4 (default)
2023-06-23 00:38:11,056 [b858c729-efcc-4161-8033-8241e78cf6c6-NettyServerStreamRpc-bossGroup--thread1] INFO  logging.LoggingHandler (AbstractInternalLogger.java:log(148)) - [id: 0x1fc52b9e, L:/0:0:0:0:0:0:0:0:15033] READ: [id: 0xae53a579, L:/10.1.0.47:15033 - R:/10.1.0.47:32790]
2023-06-23 00:38:11,059 [b858c729-efcc-4161-8033-8241e78cf6c6-NettyServerStreamRpc-bossGroup--thread1] INFO  logging.LoggingHandler (AbstractInternalLogger.java:log(148)) - [id: 0x1fc52b9e, L:/0:0:0:0:0:0:0:0:15033] READ COMPLETE
2023-06-23 00:38:11,693 [OM StateMachine ApplyTransaction Thread - 0] DEBUG db.CodecBuffer (CodecBuffer.java:setCapacity(212)) - setCapacity: 4096 -> 10922, max=2147483647
2023-06-23 00:38:11,697 [OM StateMachine ApplyTransaction Thread - 0] DEBUG db.CodecBuffer (CodecBuffer.java:setCapacity(212)) - setCapacity: 4096 -> 20618, max=2147483647
2023-06-23 00:38:11,701 [IPC Server handler 7 on default port 15001] WARN  node.SCMNodeManager (SCMNodeManager.java:getNodesByAddress(1377)) - Cannot find node for address 127.0.0.1
2023-06-23 00:38:11,702 [IPC Server handler 1 on default port 15001] WARN  node.SCMNodeManager (SCMNodeManager.java:getNodesByAddress(1377)) - Cannot find node for address 127.0.0.1
2023-06-23 00:38:11,703 [IPC Server handler 0 on default port 15001] WARN  node.SCMNodeManager (SCMNodeManager.java:getNodesByAddress(1377)) - Cannot find node for address 127.0.0.1
2023-06-23 00:38:11,703 [IPC Server handler 12 on default port 15001] WARN  node.SCMNodeManager (SCMNodeManager.java:getNodesByAddress(1377)) - Cannot find node for address 127.0.0.1
2023-06-23 00:38:11,704 [IPC Server handler 13 on default port 15001] WARN  node.SCMNodeManager (SCMNodeManager.java:getNodesByAddress(1377)) - Cannot find node for address 127.0.0.1
2023-06-23 00:38:11,704 [IPC Server handler 17 on default port 15001] WARN  node.SCMNodeManager (SCMNodeManager.java:getNodesByAddress(1377)) - Cannot find node for address 127.0.0.1
2023-06-23 00:38:11,705 [IPC Server handler 16 on default port 15001] WARN  node.SCMNodeManager (SCMNodeManager.java:getNodesByAddress(1377)) - Cannot find node for address 127.0.0.1
2023-06-23 00:38:11,705 [IPC Server handler 18 on default port 15001] WARN  node.SCMNodeManager (SCMNodeManager.java:getNodesByAddress(1377)) - Cannot find node for address 127.0.0.1
2023-06-23 00:38:11,706 [IPC Server handler 15 on default port 15001] WARN  node.SCMNodeManager (SCMNodeManager.java:getNodesByAddress(1377)) - Cannot find node for address 127.0.0.1
2023-06-23 00:38:11,706 [IPC Server handler 19 on default port 15001] WARN  node.SCMNodeManager (SCMNodeManager.java:getNodesByAddress(1377)) - Cannot find node for address 127.0.0.1
2023-06-23 00:38:13,214 [kms-audit_thread] INFO  kms-audit (SimpleKMSAuditLogger.java:logAuditEvent(59)) - OK[op=DECRYPT_EEK, key=key1, user=runner, accessCount=34, interval=31952ms] 
]]></system-out>
  </testcase>
  <testcase name="testKeyWithEncryptionAndGdpr" classname="TestOzoneAtRestEncryption" time="0.107">
    <system-out><![CDATA[2023-06-23 00:38:01,700 [main] INFO  rpc.RpcClient (RpcClient.java:createVolume(459)) - Creating Volume: d6e93cc6-e345-4d65-856d-6963b4088b3c, with runner as owner and space quota set to -1 bytes, counts quota set to -1
2023-06-23 00:38:01,704 [OM StateMachine ApplyTransaction Thread - 0] INFO  volume.OMVolumeCreateRequest (OMVolumeCreateRequest.java:validateAndUpdateCache(196)) - created volume:d6e93cc6-e345-4d65-856d-6963b4088b3c for user:runner
2023-06-23 00:38:01,707 [main] INFO  rpc.RpcClient (RpcClient.java:createBucket(686)) - Creating Bucket: d6e93cc6-e345-4d65-856d-6963b4088b3c/712b85a7-6f4c-4316-bc1f-c748eea76a14, with bucket layout FILE_SYSTEM_OPTIMIZED, runner as owner, Versioning false, Storage Type set to DISK and Encryption set to true, Replication Type set to server-side default replication type, Namespace Quota set to -1, Space Quota set to -1 
2023-06-23 00:38:01,710 [qtp577682023-18] INFO  kms-audit (SimpleKMSAuditLogger.java:logAuditSimpleFormat(93)) - OK[op=GET_METADATA, key=key1, user=runner] 
2023-06-23 00:38:01,713 [OM StateMachine ApplyTransaction Thread - 0] INFO  bucket.OMBucketCreateRequest (OMBucketCreateRequest.java:validateAndUpdateCache(270)) - created bucket: 712b85a7-6f4c-4316-bc1f-c748eea76a14 of layout FILE_SYSTEM_OPTIMIZED in volume: d6e93cc6-e345-4d65-856d-6963b4088b3c
2023-06-23 00:38:01,753 [IPC Server handler 0 on default port 15001] WARN  node.SCMNodeManager (SCMNodeManager.java:getNodesByAddress(1377)) - Cannot find node for address 127.0.0.1
2023-06-23 00:38:01,755 [IPC Server handler 13 on default port 15001] WARN  node.SCMNodeManager (SCMNodeManager.java:getNodesByAddress(1377)) - Cannot find node for address 127.0.0.1
]]></system-out>
  </testcase>
  <testcase name="testKeyWithEncryptionAndGdpr" classname="TestOzoneAtRestEncryption" time="0.58">
    <system-out><![CDATA[2023-06-23 00:38:13,701 [main] INFO  rpc.RpcClient (RpcClient.java:createVolume(459)) - Creating Volume: 4c119725-2c2f-4460-adb8-60add9228439, with runner as owner and space quota set to -1 bytes, counts quota set to -1
2023-06-23 00:38:13,703 [OM StateMachine ApplyTransaction Thread - 0] INFO  volume.OMVolumeCreateRequest (OMVolumeCreateRequest.java:validateAndUpdateCache(196)) - created volume:4c119725-2c2f-4460-adb8-60add9228439 for user:runner
2023-06-23 00:38:13,705 [main] INFO  rpc.RpcClient (RpcClient.java:createBucket(686)) - Creating Bucket: 4c119725-2c2f-4460-adb8-60add9228439/e72a275a-649a-4d48-ab2e-8b445f7d799d, with bucket layout OBJECT_STORE, runner as owner, Versioning false, Storage Type set to DISK and Encryption set to true, Replication Type set to server-side default replication type, Namespace Quota set to -1, Space Quota set to -1 
2023-06-23 00:38:13,707 [qtp577682023-22] INFO  kms-audit (SimpleKMSAuditLogger.java:logAuditSimpleFormat(93)) - OK[op=GET_METADATA, key=key1, user=runner] 
2023-06-23 00:38:13,710 [OM StateMachine ApplyTransaction Thread - 0] INFO  bucket.OMBucketCreateRequest (OMBucketCreateRequest.java:validateAndUpdateCache(270)) - created bucket: e72a275a-649a-4d48-ab2e-8b445f7d799d of layout OBJECT_STORE in volume: 4c119725-2c2f-4460-adb8-60add9228439
2023-06-23 00:38:13,732 [IPC Server handler 4 on default port 15001] WARN  node.SCMNodeManager (SCMNodeManager.java:getNodesByAddress(1377)) - Cannot find node for address 127.0.0.1
2023-06-23 00:38:13,734 [IPC Server handler 6 on default port 15001] WARN  node.SCMNodeManager (SCMNodeManager.java:getNodesByAddress(1377)) - Cannot find node for address 127.0.0.1
]]></system-out>
  </testcase>
  <testcase name="testMPUwithLinkBucket" classname="TestOzoneAtRestEncryption" time="0.646">
    <system-out><![CDATA[2023-06-23 00:38:01,807 [main] INFO  rpc.RpcClient (RpcClient.java:createVolume(459)) - Creating Volume: 22279b01-2d71-4daf-8348-1a9175d22697, with runner as owner and space quota set to -1 bytes, counts quota set to -1
2023-06-23 00:38:01,809 [OM StateMachine ApplyTransaction Thread - 0] INFO  volume.OMVolumeCreateRequest (OMVolumeCreateRequest.java:validateAndUpdateCache(196)) - created volume:22279b01-2d71-4daf-8348-1a9175d22697 for user:runner
2023-06-23 00:38:01,811 [main] INFO  rpc.RpcClient (RpcClient.java:createBucket(686)) - Creating Bucket: 22279b01-2d71-4daf-8348-1a9175d22697/9ab5ead9-de68-4c7b-b85d-eea2b87953a8, with bucket layout FILE_SYSTEM_OPTIMIZED, runner as owner, Versioning false, Storage Type set to DISK and Encryption set to true, Replication Type set to server-side default replication type, Namespace Quota set to -1, Space Quota set to -1 
2023-06-23 00:38:01,813 [qtp577682023-18] INFO  kms-audit (SimpleKMSAuditLogger.java:logAuditSimpleFormat(93)) - OK[op=GET_METADATA, key=key1, user=runner] 
2023-06-23 00:38:01,816 [OM StateMachine ApplyTransaction Thread - 0] INFO  bucket.OMBucketCreateRequest (OMBucketCreateRequest.java:validateAndUpdateCache(270)) - created bucket: 9ab5ead9-de68-4c7b-b85d-eea2b87953a8 of layout FILE_SYSTEM_OPTIMIZED in volume: 22279b01-2d71-4daf-8348-1a9175d22697
2023-06-23 00:38:01,818 [main] INFO  rpc.RpcClient (RpcClient.java:createVolume(459)) - Creating Volume: c359f3b5-a009-4a2c-a5b9-cd961a72656a, with runner as owner and space quota set to -1 bytes, counts quota set to -1
2023-06-23 00:38:01,819 [OM StateMachine ApplyTransaction Thread - 0] INFO  volume.OMVolumeCreateRequest (OMVolumeCreateRequest.java:validateAndUpdateCache(196)) - created volume:c359f3b5-a009-4a2c-a5b9-cd961a72656a for user:runner
2023-06-23 00:38:01,821 [main] INFO  rpc.RpcClient (RpcClient.java:createBucket(686)) - Creating Bucket: c359f3b5-a009-4a2c-a5b9-cd961a72656a/5bef6b50-4e26-4d47-8caa-23cbab37570f, with bucket layout FILE_SYSTEM_OPTIMIZED, runner as owner, Versioning false, Storage Type set to DISK and Encryption set to false, Replication Type set to server-side default replication type, Namespace Quota set to -1, Space Quota set to -1 
2023-06-23 00:38:01,823 [OM StateMachine ApplyTransaction Thread - 0] INFO  bucket.OMBucketCreateRequest (OMBucketCreateRequest.java:validateAndUpdateCache(270)) - created bucket: 5bef6b50-4e26-4d47-8caa-23cbab37570f of layout FILE_SYSTEM_OPTIMIZED in volume: c359f3b5-a009-4a2c-a5b9-cd961a72656a
2023-06-23 00:38:02,125 [OM StateMachine ApplyTransaction Thread - 0] DEBUG db.CodecBuffer (CodecBuffer.java:setCapacity(212)) - setCapacity: 4096 -> 10947, max=2147483647
2023-06-23 00:38:02,130 [IPC Server handler 8 on default port 15001] WARN  node.SCMNodeManager (SCMNodeManager.java:getNodesByAddress(1377)) - Cannot find node for address 127.0.0.1
2023-06-23 00:38:02,130 [IPC Server handler 14 on default port 15001] WARN  node.SCMNodeManager (SCMNodeManager.java:getNodesByAddress(1377)) - Cannot find node for address 127.0.0.1
2023-06-23 00:38:02,131 [IPC Server handler 7 on default port 15001] WARN  node.SCMNodeManager (SCMNodeManager.java:getNodesByAddress(1377)) - Cannot find node for address 127.0.0.1
2023-06-23 00:38:02,132 [IPC Server handler 1 on default port 15001] WARN  node.SCMNodeManager (SCMNodeManager.java:getNodesByAddress(1377)) - Cannot find node for address 127.0.0.1
2023-06-23 00:38:02,132 [IPC Server handler 0 on default port 15001] WARN  node.SCMNodeManager (SCMNodeManager.java:getNodesByAddress(1377)) - Cannot find node for address 127.0.0.1
2023-06-23 00:38:02,214 [kms-audit_thread] INFO  kms-audit (SimpleKMSAuditLogger.java:logAuditEvent(59)) - OK[op=DECRYPT_EEK, key=key1, user=runner, accessCount=19, interval=20952ms] 
]]></system-out>
  </testcase>
  <testcase name="testMPUwithLinkBucket" classname="TestOzoneAtRestEncryption" time="0.666">
    <system-out><![CDATA[2023-06-23 00:38:14,280 [main] INFO  rpc.RpcClient (RpcClient.java:createVolume(459)) - Creating Volume: d1595403-f744-47b0-9933-d378512334f6, with runner as owner and space quota set to -1 bytes, counts quota set to -1
2023-06-23 00:38:14,286 [OM StateMachine ApplyTransaction Thread - 0] INFO  volume.OMVolumeCreateRequest (OMVolumeCreateRequest.java:validateAndUpdateCache(196)) - created volume:d1595403-f744-47b0-9933-d378512334f6 for user:runner
2023-06-23 00:38:14,288 [main] INFO  rpc.RpcClient (RpcClient.java:createBucket(686)) - Creating Bucket: d1595403-f744-47b0-9933-d378512334f6/7316d187-ad19-4045-bad2-770ff96d0e35, with bucket layout OBJECT_STORE, runner as owner, Versioning false, Storage Type set to DISK and Encryption set to true, Replication Type set to server-side default replication type, Namespace Quota set to -1, Space Quota set to -1 
2023-06-23 00:38:14,290 [qtp577682023-18] INFO  kms-audit (SimpleKMSAuditLogger.java:logAuditSimpleFormat(93)) - OK[op=GET_METADATA, key=key1, user=runner] 
2023-06-23 00:38:14,293 [OM StateMachine ApplyTransaction Thread - 0] INFO  bucket.OMBucketCreateRequest (OMBucketCreateRequest.java:validateAndUpdateCache(270)) - created bucket: 7316d187-ad19-4045-bad2-770ff96d0e35 of layout OBJECT_STORE in volume: d1595403-f744-47b0-9933-d378512334f6
2023-06-23 00:38:14,295 [main] INFO  rpc.RpcClient (RpcClient.java:createVolume(459)) - Creating Volume: 65080735-f0c4-4a4a-978e-751b364939f6, with runner as owner and space quota set to -1 bytes, counts quota set to -1
2023-06-23 00:38:14,296 [OM StateMachine ApplyTransaction Thread - 0] INFO  volume.OMVolumeCreateRequest (OMVolumeCreateRequest.java:validateAndUpdateCache(196)) - created volume:65080735-f0c4-4a4a-978e-751b364939f6 for user:runner
2023-06-23 00:38:14,298 [main] INFO  rpc.RpcClient (RpcClient.java:createBucket(686)) - Creating Bucket: 65080735-f0c4-4a4a-978e-751b364939f6/89c0abed-f704-48a5-9c4a-6bc99c60e5b1, with bucket layout OBJECT_STORE, runner as owner, Versioning false, Storage Type set to DISK and Encryption set to false, Replication Type set to server-side default replication type, Namespace Quota set to -1, Space Quota set to -1 
2023-06-23 00:38:14,300 [OM StateMachine ApplyTransaction Thread - 0] INFO  bucket.OMBucketCreateRequest (OMBucketCreateRequest.java:validateAndUpdateCache(270)) - created bucket: 89c0abed-f704-48a5-9c4a-6bc99c60e5b1 of layout OBJECT_STORE in volume: 65080735-f0c4-4a4a-978e-751b364939f6
2023-06-23 00:38:14,564 [OM StateMachine ApplyTransaction Thread - 0] DEBUG db.CodecBuffer (CodecBuffer.java:setCapacity(212)) - setCapacity: 4096 -> 10917, max=2147483647
2023-06-23 00:38:14,571 [IPC Server handler 18 on default port 15001] WARN  node.SCMNodeManager (SCMNodeManager.java:getNodesByAddress(1377)) - Cannot find node for address 127.0.0.1
2023-06-23 00:38:14,571 [IPC Server handler 15 on default port 15001] WARN  node.SCMNodeManager (SCMNodeManager.java:getNodesByAddress(1377)) - Cannot find node for address 127.0.0.1
2023-06-23 00:38:14,572 [IPC Server handler 19 on default port 15001] WARN  node.SCMNodeManager (SCMNodeManager.java:getNodesByAddress(1377)) - Cannot find node for address 127.0.0.1
2023-06-23 00:38:14,572 [IPC Server handler 3 on default port 15001] WARN  node.SCMNodeManager (SCMNodeManager.java:getNodesByAddress(1377)) - Cannot find node for address 127.0.0.1
2023-06-23 00:38:14,573 [IPC Server handler 4 on default port 15001] WARN  node.SCMNodeManager (SCMNodeManager.java:getNodesByAddress(1377)) - Cannot find node for address 127.0.0.1
2023-06-23 00:38:14,573 [IPC Server handler 6 on default port 15001] WARN  node.SCMNodeManager (SCMNodeManager.java:getNodesByAddress(1377)) - Cannot find node for address 127.0.0.1
2023-06-23 00:38:14,574 [IPC Server handler 11 on default port 15001] WARN  node.SCMNodeManager (SCMNodeManager.java:getNodesByAddress(1377)) - Cannot find node for address 127.0.0.1
2023-06-23 00:38:14,574 [IPC Server handler 10 on default port 15001] WARN  node.SCMNodeManager (SCMNodeManager.java:getNodesByAddress(1377)) - Cannot find node for address 127.0.0.1
2023-06-23 00:38:14,574 [IPC Server handler 9 on default port 15001] WARN  node.SCMNodeManager (SCMNodeManager.java:getNodesByAddress(1377)) - Cannot find node for address 127.0.0.1
]]></system-out>
  </testcase>
</testsuite>