<?xml version="1.0" encoding="UTF-8"?>
<testsuite xmlns:xsi="http://www.w3.org/2001/XMLSchema-instance" xsi:noNamespaceSchemaLocation="https://maven.apache.org/surefire/maven-surefire-plugin/xsd/surefire-test-report.xsd" name="org.apache.hadoop.ozone.client.rpc.TestDeleteWithSlowFollower" time="34.016" tests="1" errors="0" skipped="0" failures="1">
  <properties>
    <property name="awt.toolkit" value="sun.awt.X11.XToolkit"/>
    <property name="file.encoding.pkg" value="sun.io"/>
    <property name="java.specification.version" value="1.8"/>
    <property name="sun.cpu.isalist" value=""/>
    <property name="sun.jnu.encoding" value="ANSI_X3.4-1968"/>
    <property name="java.class.path" value="/github/workspace/mnt/ozone/hadoop-ozone/integration-test/target/test-classes:/github/workspace/mnt/ozone/hadoop-ozone/integration-test/target/classes:/home/user/.m2/repository/org/apache/hadoop/hadoop-ozone-common/1.1.0-SNAPSHOT/hadoop-ozone-common-1.1.0-SNAPSHOT.jar:/home/user/.m2/repository/org/apache/commons/commons-compress/1.4.1/commons-compress-1.4.1.jar:/home/user/.m2/repository/org/tukaani/xz/1.0/xz-1.0.jar:/home/user/.m2/repository/org/apache/hadoop/hadoop-hdds-common/1.1.0-SNAPSHOT/hadoop-hdds-common-1.1.0-SNAPSHOT.jar:/home/user/.m2/repository/org/apache/hadoop/hadoop-hdds-hadoop-dependency-client/1.1.0-SNAPSHOT/hadoop-hdds-hadoop-dependency-client-1.1.0-SNAPSHOT.jar:/home/user/.m2/repository/info/picocli/picocli/4.4.0/picocli-4.4.0.jar:/home/user/.m2/repository/com/fasterxml/jackson/core/jackson-annotations/2.10.3/jackson-annotations-2.10.3.jar:/home/user/.m2/repository/javax/annotation/javax.annotation-api/1.2/javax.annotation-api-1.2.jar:/home/user/.m2/repository/org/apache/ratis/ratis-server/1.0.0/ratis-server-1.0.0.jar:/home/user/.m2/repository/org/apache/ratis/ratis-client/1.0.0/ratis-client-1.0.0.jar:/home/user/.m2/repository/org/apache/ratis/ratis-metrics/1.0.0/ratis-metrics-1.0.0.jar:/home/user/.m2/repository/org/apache/ratis/ratis-netty/1.0.0/ratis-netty-1.0.0.jar:/home/user/.m2/repository/org/apache/ratis/ratis-grpc/1.0.0/ratis-grpc-1.0.0.jar:/home/user/.m2/repository/org/apache/logging/log4j/log4j-api/2.13.3/log4j-api-2.13.3.jar:/home/user/.m2/repository/org/apache/logging/log4j/log4j-core/2.13.3/log4j-core-2.13.3.jar:/home/user/.m2/repository/com/lmax/disruptor/3.4.2/disruptor-3.4.2.jar:/home/user/.m2/repository/org/apache/commons/commons-pool2/2.6.0/commons-pool2-2.6.0.jar:/home/user/.m2/repository/org/bouncycastle/bcpkix-jdk15on/1.60/bcpkix-jdk15on-1.60.jar:/home/user/.m2/repository/commons-validator/commons-validator/1.6/commons-validator-1.6.jar:/home/user/.m2/repository/commons-digester/commons-digester/1.8.1/commons-digester-1.8.1.jar:/home/user/.m2/repository/io/jaegertracing/jaeger-client/1.2.0/jaeger-client-1.2.0.jar:/home/user/.m2/repository/io/jaegertracing/jaeger-thrift/1.2.0/jaeger-thrift-1.2.0.jar:/home/user/.m2/repository/org/apache/thrift/libthrift/0.13.0/libthrift-0.13.0.jar:/home/user/.m2/repository/com/squareup/okhttp3/okhttp/4.2.2/okhttp-4.2.2.jar:/home/user/.m2/repository/com/squareup/okio/okio/2.2.2/okio-2.2.2.jar:/home/user/.m2/repository/org/jetbrains/kotlin/kotlin-stdlib/1.3.50/kotlin-stdlib-1.3.50.jar:/home/user/.m2/repository/org/jetbrains/kotlin/kotlin-stdlib-common/1.3.50/kotlin-stdlib-common-1.3.50.jar:/home/user/.m2/repository/org/jetbrains/annotations/13.0/annotations-13.0.jar:/home/user/.m2/repository/io/jaegertracing/jaeger-core/1.2.0/jaeger-core-1.2.0.jar:/home/user/.m2/repository/io/jaegertracing/jaeger-tracerresolver/1.2.0/jaeger-tracerresolver-1.2.0.jar:/home/user/.m2/repository/io/opentracing/contrib/opentracing-tracerresolver/0.1.8/opentracing-tracerresolver-0.1.8.jar:/home/user/.m2/repository/io/opentracing/opentracing-util/0.33.0/opentracing-util-0.33.0.jar:/home/user/.m2/repository/io/opentracing/opentracing-api/0.33.0/opentracing-api-0.33.0.jar:/home/user/.m2/repository/io/opentracing/opentracing-noop/0.33.0/opentracing-noop-0.33.0.jar:/home/user/.m2/repository/org/apache/hadoop/hadoop-hdds-client/1.1.0-SNAPSHOT/hadoop-hdds-client-1.1.0-SNAPSHOT.jar:/home/user/.m2/repository/org/apache/hadoop/hadoop-ozone-interface-client/1.1.0-SNAPSHOT/hadoop-ozone-interface-client-1.1.0-SNAPSHOT.jar:/home/user/.m2/repository/org/apache/hadoop/hadoop-hdds-test-utils/1.1.0-SNAPSHOT/hadoop-hdds-test-utils-1.1.0-SNAPSHOT.jar:/home/user/.m2/repository/com/google/guava/guava/28.2-jre/guava-28.2-jre.jar:/home/user/.m2/repository/com/google/guava/failureaccess/1.0.1/failureaccess-1.0.1.jar:/home/user/.m2/repository/com/google/guava/listenablefuture/9999.0-empty-to-avoid-conflict-with-guava/listenablefuture-9999.0-empty-to-avoid-conflict-with-guava.jar:/home/user/.m2/repository/com/google/code/findbugs/jsr305/3.0.0/jsr305-3.0.0.jar:/home/user/.m2/repository/org/checkerframework/checker-qual/2.10.0/checker-qual-2.10.0.jar:/home/user/.m2/repository/com/google/errorprone/error_prone_annotations/2.2.0/error_prone_annotations-2.2.0.jar:/home/user/.m2/repository/com/google/j2objc/j2objc-annotations/1.3/j2objc-annotations-1.3.jar:/home/user/.m2/repository/commons-io/commons-io/2.5/commons-io-2.5.jar:/home/user/.m2/repository/commons-logging/commons-logging/1.2/commons-logging-1.2.jar:/home/user/.m2/repository/log4j/log4j/1.2.17/log4j-1.2.17.jar:/home/user/.m2/repository/org/slf4j/slf4j-api/1.7.25/slf4j-api-1.7.25.jar:/home/user/.m2/repository/org/apache/hadoop/hadoop-hdds-server-scm/1.1.0-SNAPSHOT/hadoop-hdds-server-scm-1.1.0-SNAPSHOT.jar:/home/user/.m2/repository/org/apache/hadoop/hadoop-hdds-container-service/1.1.0-SNAPSHOT/hadoop-hdds-container-service-1.1.0-SNAPSHOT.jar:/home/user/.m2/repository/org/apache/hadoop/hadoop-hdds-hadoop-dependency-server/1.1.0-SNAPSHOT/hadoop-hdds-hadoop-dependency-server-1.1.0-SNAPSHOT.jar:/home/user/.m2/repository/org/apache/hadoop/hadoop-hdds-server-framework/1.1.0-SNAPSHOT/hadoop-hdds-server-framework-1.1.0-SNAPSHOT.jar:/home/user/.m2/repository/org/apache/hadoop/hadoop-hdds-interface-server/1.1.0-SNAPSHOT/hadoop-hdds-interface-server-1.1.0-SNAPSHOT.jar:/home/user/.m2/repository/org/apache/hadoop/hadoop-hdds-interface-admin/1.1.0-SNAPSHOT/hadoop-hdds-interface-admin-1.1.0-SNAPSHOT.jar:/home/user/.m2/repository/org/rocksdb/rocksdbjni/6.8.1/rocksdbjni-6.8.1.jar:/home/user/.m2/repository/io/prometheus/simpleclient_dropwizard/0.7.0/simpleclient_dropwizard-0.7.0.jar:/home/user/.m2/repository/io/prometheus/simpleclient/0.7.0/simpleclient-0.7.0.jar:/home/user/.m2/repository/io/prometheus/simpleclient_common/0.7.0/simpleclient_common-0.7.0.jar:/home/user/.m2/repository/com/fasterxml/jackson/datatype/jackson-datatype-jsr310/2.10.3/jackson-datatype-jsr310-2.10.3.jar:/home/user/.m2/repository/io/dropwizard/metrics/metrics-core/3.2.4/metrics-core-3.2.4.jar:/home/user/.m2/repository/org/apache/hadoop/hadoop-hdfs-client/3.2.1/hadoop-hdfs-client-3.2.1.jar:/home/user/.m2/repository/org/bouncycastle/bcprov-jdk15on/1.60/bcprov-jdk15on-1.60.jar:/home/user/.m2/repository/org/apache/hadoop/hadoop-ozone-ozone-manager/1.1.0-SNAPSHOT/hadoop-ozone-ozone-manager-1.1.0-SNAPSHOT.jar:/home/user/.m2/repository/org/apache/hadoop/hadoop-hdds-interface-client/1.1.0-SNAPSHOT/hadoop-hdds-interface-client-1.1.0-SNAPSHOT.jar:/home/user/.m2/repository/org/apache/ratis/ratis-thirdparty-misc/0.5.0/ratis-thirdparty-misc-0.5.0.jar:/home/user/.m2/repository/org/apache/hadoop/hadoop-minikdc/3.2.1/hadoop-minikdc-3.2.1.jar:/home/user/.m2/repository/org/apache/kerby/kerb-simplekdc/1.0.1/kerb-simplekdc-1.0.1.jar:/home/user/.m2/repository/org/apache/kerby/kerb-client/1.0.1/kerb-client-1.0.1.jar:/home/user/.m2/repository/org/apache/kerby/kerby-config/1.0.1/kerby-config-1.0.1.jar:/home/user/.m2/repository/org/apache/kerby/kerb-core/1.0.1/kerb-core-1.0.1.jar:/home/user/.m2/repository/org/apache/kerby/kerby-pkix/1.0.1/kerby-pkix-1.0.1.jar:/home/user/.m2/repository/org/apache/kerby/kerby-asn1/1.0.1/kerby-asn1-1.0.1.jar:/home/user/.m2/repository/org/apache/kerby/kerby-util/1.0.1/kerby-util-1.0.1.jar:/home/user/.m2/repository/org/apache/kerby/kerb-common/1.0.1/kerb-common-1.0.1.jar:/home/user/.m2/repository/org/apache/kerby/kerb-crypto/1.0.1/kerb-crypto-1.0.1.jar:/home/user/.m2/repository/org/apache/kerby/kerb-util/1.0.1/kerb-util-1.0.1.jar:/home/user/.m2/repository/org/apache/kerby/token-provider/1.0.1/token-provider-1.0.1.jar:/home/user/.m2/repository/org/apache/kerby/kerb-admin/1.0.1/kerb-admin-1.0.1.jar:/home/user/.m2/repository/org/apache/kerby/kerb-server/1.0.1/kerb-server-1.0.1.jar:/home/user/.m2/repository/org/apache/kerby/kerb-identity/1.0.1/kerb-identity-1.0.1.jar:/home/user/.m2/repository/org/apache/kerby/kerby-xdr/1.0.1/kerby-xdr-1.0.1.jar:/home/user/.m2/repository/org/slf4j/slf4j-log4j12/1.7.25/slf4j-log4j12-1.7.25.jar:/home/user/.m2/repository/org/apache/hadoop/hadoop-ozone-s3gateway/1.1.0-SNAPSHOT/hadoop-ozone-s3gateway-1.1.0-SNAPSHOT.jar:/home/user/.m2/repository/org/jboss/weld/servlet/weld-servlet/2.4.7.Final/weld-servlet-2.4.7.Final.jar:/home/user/.m2/repository/org/glassfish/jersey/containers/jersey-container-servlet-core/2.27/jersey-container-servlet-core-2.27.jar:/home/user/.m2/repository/org/glassfish/hk2/external/javax.inject/2.5.0-b42/javax.inject-2.5.0-b42.jar:/home/user/.m2/repository/org/glassfish/jersey/core/jersey-common/2.27/jersey-common-2.27.jar:/home/user/.m2/repository/org/glassfish/hk2/osgi-resource-locator/1.0.1/osgi-resource-locator-1.0.1.jar:/home/user/.m2/repository/javax/ws/rs/javax.ws.rs-api/2.1/javax.ws.rs-api-2.1.jar:/home/user/.m2/repository/org/glassfish/jersey/ext/cdi/jersey-cdi1x/2.27/jersey-cdi1x-2.27.jar:/home/user/.m2/repository/org/glassfish/jersey/inject/jersey-hk2/2.27/jersey-hk2-2.27.jar:/home/user/.m2/repository/org/glassfish/hk2/hk2-locator/2.5.0-b42/hk2-locator-2.5.0-b42.jar:/home/user/.m2/repository/org/javassist/javassist/3.22.0-CR2/javassist-3.22.0-CR2.jar:/home/user/.m2/repository/org/glassfish/hk2/hk2-api/2.5.0/hk2-api-2.5.0.jar:/home/user/.m2/repository/org/glassfish/hk2/external/jakarta.inject/2.5.0/jakarta.inject-2.5.0.jar:/home/user/.m2/repository/org/glassfish/hk2/hk2-utils/2.5.0/hk2-utils-2.5.0.jar:/home/user/.m2/repository/jakarta/annotation/jakarta.annotation-api/1.3.4/jakarta.annotation-api-1.3.4.jar:/home/user/.m2/repository/org/glassfish/hk2/external/aopalliance-repackaged/2.5.0/aopalliance-repackaged-2.5.0.jar:/home/user/.m2/repository/com/fasterxml/jackson/dataformat/jackson-dataformat-xml/2.10.3/jackson-dataformat-xml-2.10.3.jar:/home/user/.m2/repository/com/fasterxml/jackson/core/jackson-core/2.10.3/jackson-core-2.10.3.jar:/home/user/.m2/repository/com/fasterxml/jackson/module/jackson-module-jaxb-annotations/2.10.3/jackson-module-jaxb-annotations-2.10.3.jar:/home/user/.m2/repository/jakarta/xml/bind/jakarta.xml.bind-api/2.3.2/jakarta.xml.bind-api-2.3.2.jar:/home/user/.m2/repository/jakarta/activation/jakarta.activation-api/1.2.1/jakarta.activation-api-1.2.1.jar:/home/user/.m2/repository/org/codehaus/woodstox/stax2-api/3.1.4/stax2-api-3.1.4.jar:/home/user/.m2/repository/com/fasterxml/woodstox/woodstox-core/5.0.3/woodstox-core-5.0.3.jar:/home/user/.m2/repository/javax/enterprise/cdi-api/1.2/cdi-api-1.2.jar:/home/user/.m2/repository/javax/el/javax.el-api/3.0.0/javax.el-api-3.0.0.jar:/home/user/.m2/repository/javax/interceptor/javax.interceptor-api/1.2/javax.interceptor-api-1.2.jar:/home/user/.m2/repository/javax/inject/javax.inject/1/javax.inject-1.jar:/home/user/.m2/repository/com/sun/xml/bind/jaxb-impl/2.3.0.1/jaxb-impl-2.3.0.1.jar:/home/user/.m2/repository/com/sun/xml/bind/jaxb-core/2.3.0.1/jaxb-core-2.3.0.1.jar:/home/user/.m2/repository/javax/xml/bind/jaxb-api/2.3.0/jaxb-api-2.3.0.jar:/home/user/.m2/repository/javax/activation/activation/1.1.1/activation-1.1.1.jar:/home/user/.m2/repository/org/apache/hadoop/hadoop-ozone-csi/1.1.0-SNAPSHOT/hadoop-ozone-csi-1.1.0-SNAPSHOT.jar:/home/user/.m2/repository/com/google/protobuf/protobuf-java-util/3.11.0/protobuf-java-util-3.11.0.jar:/home/user/.m2/repository/com/google/code/gson/gson/2.2.4/gson-2.2.4.jar:/home/user/.m2/repository/org/apache/hadoop/hadoop-hdds-config/1.1.0-SNAPSHOT/hadoop-hdds-config-1.1.0-SNAPSHOT.jar:/home/user/.m2/repository/com/google/protobuf/protobuf-java/2.5.0/protobuf-java-2.5.0.jar:/home/user/.m2/repository/io/grpc/grpc-netty/1.29.0/grpc-netty-1.29.0.jar:/home/user/.m2/repository/io/grpc/grpc-core/1.29.0/grpc-core-1.29.0.jar:/home/user/.m2/repository/com/google/android/annotations/4.1.1.4/annotations-4.1.1.4.jar:/home/user/.m2/repository/io/perfmark/perfmark-api/0.19.0/perfmark-api-0.19.0.jar:/home/user/.m2/repository/io/netty/netty-codec-http2/4.1.48.Final/netty-codec-http2-4.1.48.Final.jar:/home/user/.m2/repository/io/netty/netty-codec/4.1.48.Final/netty-codec-4.1.48.Final.jar:/home/user/.m2/repository/io/netty/netty-handler/4.1.48.Final/netty-handler-4.1.48.Final.jar:/home/user/.m2/repository/io/netty/netty-codec-http/4.1.48.Final/netty-codec-http-4.1.48.Final.jar:/home/user/.m2/repository/io/netty/netty-handler-proxy/4.1.48.Final/netty-handler-proxy-4.1.48.Final.jar:/home/user/.m2/repository/io/netty/netty-codec-socks/4.1.48.Final/netty-codec-socks-4.1.48.Final.jar:/home/user/.m2/repository/io/netty/netty-transport-native-epoll/4.1.48.Final/netty-transport-native-epoll-4.1.48.Final.jar:/home/user/.m2/repository/io/netty/netty-common/4.1.48.Final/netty-common-4.1.48.Final.jar:/home/user/.m2/repository/io/netty/netty-buffer/4.1.48.Final/netty-buffer-4.1.48.Final.jar:/home/user/.m2/repository/io/netty/netty-transport/4.1.48.Final/netty-transport-4.1.48.Final.jar:/home/user/.m2/repository/io/netty/netty-resolver/4.1.48.Final/netty-resolver-4.1.48.Final.jar:/home/user/.m2/repository/io/netty/netty-transport-native-unix-common/4.1.48.Final/netty-transport-native-unix-common-4.1.48.Final.jar:/home/user/.m2/repository/io/grpc/grpc-protobuf/1.29.0/grpc-protobuf-1.29.0.jar:/home/user/.m2/repository/io/grpc/grpc-api/1.29.0/grpc-api-1.29.0.jar:/home/user/.m2/repository/io/grpc/grpc-context/1.29.0/grpc-context-1.29.0.jar:/home/user/.m2/repository/org/codehaus/mojo/animal-sniffer-annotations/1.18/animal-sniffer-annotations-1.18.jar:/home/user/.m2/repository/com/google/api/grpc/proto-google-common-protos/1.17.0/proto-google-common-protos-1.17.0.jar:/home/user/.m2/repository/io/grpc/grpc-protobuf-lite/1.29.0/grpc-protobuf-lite-1.29.0.jar:/home/user/.m2/repository/io/grpc/grpc-stub/1.29.0/grpc-stub-1.29.0.jar:/home/user/.m2/repository/org/apache/hadoop/hadoop-ozone-recon/1.1.0-SNAPSHOT/hadoop-ozone-recon-1.1.0-SNAPSHOT.jar:/home/user/.m2/repository/org/apache/hadoop/hadoop-ozone-reconcodegen/1.1.0-SNAPSHOT/hadoop-ozone-reconcodegen-1.1.0-SNAPSHOT.jar:/home/user/.m2/repository/com/google/inject/extensions/guice-multibindings/4.0/guice-multibindings-4.0.jar:/home/user/.m2/repository/com/google/inject/guice/4.0/guice-4.0.jar:/home/user/.m2/repository/aopalliance/aopalliance/1.0/aopalliance-1.0.jar:/home/user/.m2/repository/com/google/inject/extensions/guice-assistedinject/4.0/guice-assistedinject-4.0.jar:/home/user/.m2/repository/com/google/inject/extensions/guice-servlet/4.0/guice-servlet-4.0.jar:/home/user/.m2/repository/org/glassfish/jersey/containers/jersey-container-servlet/2.27/jersey-container-servlet-2.27.jar:/home/user/.m2/repository/org/glassfish/hk2/guice-bridge/2.5.0/guice-bridge-2.5.0.jar:/home/user/.m2/repository/org/glassfish/jersey/core/jersey-server/2.27/jersey-server-2.27.jar:/home/user/.m2/repository/org/glassfish/jersey/core/jersey-client/2.27/jersey-client-2.27.jar:/home/user/.m2/repository/org/glassfish/jersey/media/jersey-media-jaxb/2.27/jersey-media-jaxb-2.27.jar:/home/user/.m2/repository/javax/validation/validation-api/1.1.0.Final/validation-api-1.1.0.Final.jar:/home/user/.m2/repository/org/glassfish/jersey/media/jersey-media-json-jackson/2.27/jersey-media-json-jackson-2.27.jar:/home/user/.m2/repository/org/glassfish/jersey/ext/jersey-entity-filtering/2.27/jersey-entity-filtering-2.27.jar:/home/user/.m2/repository/org/jooq/jooq/3.11.10/jooq-3.11.10.jar:/home/user/.m2/repository/org/jooq/jooq-meta/3.11.10/jooq-meta-3.11.10.jar:/home/user/.m2/repository/org/jooq/jooq-codegen/3.11.10/jooq-codegen-3.11.10.jar:/home/user/.m2/repository/com/jolbox/bonecp/0.8.0.RELEASE/bonecp-0.8.0.RELEASE.jar:/home/user/.m2/repository/org/apache/derby/derby/10.14.2.0/derby-10.14.2.0.jar:/home/user/.m2/repository/org/xerial/sqlite-jdbc/3.25.2/sqlite-jdbc-3.25.2.jar:/home/user/.m2/repository/org/springframework/spring-jdbc/5.2.5.RELEASE/spring-jdbc-5.2.5.RELEASE.jar:/home/user/.m2/repository/org/springframework/spring-beans/5.2.5.RELEASE/spring-beans-5.2.5.RELEASE.jar:/home/user/.m2/repository/org/springframework/spring-core/5.2.5.RELEASE/spring-core-5.2.5.RELEASE.jar:/home/user/.m2/repository/org/springframework/spring-jcl/5.2.5.RELEASE/spring-jcl-5.2.5.RELEASE.jar:/home/user/.m2/repository/org/springframework/spring-tx/5.2.5.RELEASE/spring-tx-5.2.5.RELEASE.jar:/home/user/.m2/repository/org/apache/hadoop/hadoop-ozone-client/1.1.0-SNAPSHOT/hadoop-ozone-client-1.1.0-SNAPSHOT.jar:/home/user/.m2/repository/org/apache/hadoop/hadoop-ozone-filesystem/1.1.0-SNAPSHOT/hadoop-ozone-filesystem-1.1.0-SNAPSHOT.jar:/home/user/.m2/repository/org/apache/hadoop/hadoop-ozone-filesystem-common/1.1.0-SNAPSHOT/hadoop-ozone-filesystem-common-1.1.0-SNAPSHOT.jar:/home/user/.m2/repository/org/apache/hadoop/hadoop-ozone-tools/1.1.0-SNAPSHOT/hadoop-ozone-tools-1.1.0-SNAPSHOT.jar:/home/user/.m2/repository/org/apache/hadoop/hadoop-hdfs/3.2.1/hadoop-hdfs-3.2.1.jar:/home/user/.m2/repository/org/apache/ratis/ratis-tools/1.0.0/ratis-tools-1.0.0.jar:/home/user/.m2/repository/org/apache/ratis/ratis-proto/1.0.0/ratis-proto-1.0.0.jar:/home/user/.m2/repository/org/apache/ratis/ratis-common/1.0.0/ratis-common-1.0.0.jar:/home/user/.m2/repository/com/amazonaws/aws-java-sdk-core/1.11.615/aws-java-sdk-core-1.11.615.jar:/home/user/.m2/repository/org/apache/httpcomponents/httpclient/4.5.2/httpclient-4.5.2.jar:/home/user/.m2/repository/org/apache/httpcomponents/httpcore/4.4.4/httpcore-4.4.4.jar:/home/user/.m2/repository/software/amazon/ion/ion-java/1.0.2/ion-java-1.0.2.jar:/home/user/.m2/repository/com/fasterxml/jackson/dataformat/jackson-dataformat-cbor/2.10.3/jackson-dataformat-cbor-2.10.3.jar:/home/user/.m2/repository/joda-time/joda-time/2.8.1/joda-time-2.8.1.jar:/home/user/.m2/repository/com/amazonaws/aws-java-sdk-s3/1.11.615/aws-java-sdk-s3-1.11.615.jar:/home/user/.m2/repository/com/amazonaws/aws-java-sdk-kms/1.11.615/aws-java-sdk-kms-1.11.615.jar:/home/user/.m2/repository/com/amazonaws/jmespath-java/1.11.615/jmespath-java-1.11.615.jar:/home/user/.m2/repository/org/kohsuke/metainf-services/metainf-services/1.1/metainf-services-1.1.jar:/home/user/.m2/repository/org/apache/hadoop/hadoop-hdds-tools/1.1.0-SNAPSHOT/hadoop-hdds-tools-1.1.0-SNAPSHOT.jar:/home/user/.m2/repository/commons-cli/commons-cli/1.2/commons-cli-1.2.jar:/home/user/.m2/repository/org/apache/commons/commons-lang3/3.7/commons-lang3-3.7.jar:/home/user/.m2/repository/org/apache/hadoop/hadoop-ozone-ozone-manager/1.1.0-SNAPSHOT/hadoop-ozone-ozone-manager-1.1.0-SNAPSHOT-tests.jar:/home/user/.m2/repository/junit/junit/4.11/junit-4.11.jar:/home/user/.m2/repository/org/hamcrest/hamcrest-core/1.3/hamcrest-core-1.3.jar:/home/user/.m2/repository/org/openjdk/jmh/jmh-core/1.19/jmh-core-1.19.jar:/home/user/.m2/repository/net/sf/jopt-simple/jopt-simple/4.6/jopt-simple-4.6.jar:/home/user/.m2/repository/org/apache/commons/commons-math3/3.1.1/commons-math3-3.1.1.jar:/home/user/.m2/repository/org/openjdk/jmh/jmh-generator-annprocess/1.19/jmh-generator-annprocess-1.19.jar:/home/user/.m2/repository/org/mockito/mockito-all/1.8.5/mockito-all-1.8.5.jar:/home/user/.m2/repository/org/apache/hadoop/hadoop-kms/3.2.1/hadoop-kms-3.2.1.jar:/home/user/.m2/repository/org/apache/hadoop/hadoop-auth/3.2.1/hadoop-auth-3.2.1.jar:/home/user/.m2/repository/com/nimbusds/nimbus-jose-jwt/7.9/nimbus-jose-jwt-7.9.jar:/home/user/.m2/repository/com/github/stephenc/jcip/jcip-annotations/1.0-1/jcip-annotations-1.0-1.jar:/home/user/.m2/repository/net/minidev/json-smart/2.3/json-smart-2.3.jar:/home/user/.m2/repository/net/minidev/accessors-smart/1.2/accessors-smart-1.2.jar:/home/user/.m2/repository/org/ow2/asm/asm/5.0.4/asm-5.0.4.jar:/home/user/.m2/repository/org/apache/zookeeper/zookeeper/3.4.13/zookeeper-3.4.13.jar:/home/user/.m2/repository/org/apache/yetus/audience-annotations/0.5.0/audience-annotations-0.5.0.jar:/home/user/.m2/repository/org/apache/curator/curator-framework/2.13.0/curator-framework-2.13.0.jar:/home/user/.m2/repository/com/sun/jersey/jersey-core/1.19/jersey-core-1.19.jar:/home/user/.m2/repository/javax/ws/rs/jsr311-api/1.1.1/jsr311-api-1.1.1.jar:/home/user/.m2/repository/com/sun/jersey/jersey-server/1.19/jersey-server-1.19.jar:/home/user/.m2/repository/javax/servlet/javax.servlet-api/3.1.0/javax.servlet-api-3.1.0.jar:/home/user/.m2/repository/org/eclipse/jetty/jetty-server/9.4.26.v20200117/jetty-server-9.4.26.v20200117.jar:/home/user/.m2/repository/org/eclipse/jetty/jetty-http/9.4.26.v20200117/jetty-http-9.4.26.v20200117.jar:/home/user/.m2/repository/org/eclipse/jetty/jetty-io/9.4.26.v20200117/jetty-io-9.4.26.v20200117.jar:/home/user/.m2/repository/org/eclipse/jetty/jetty-webapp/9.4.26.v20200117/jetty-webapp-9.4.26.v20200117.jar:/home/user/.m2/repository/org/eclipse/jetty/jetty-xml/9.4.26.v20200117/jetty-xml-9.4.26.v20200117.jar:/home/user/.m2/repository/org/eclipse/jetty/jetty-servlet/9.4.26.v20200117/jetty-servlet-9.4.26.v20200117.jar:/home/user/.m2/repository/org/eclipse/jetty/jetty-security/9.4.26.v20200117/jetty-security-9.4.26.v20200117.jar:/home/user/.m2/repository/org/apache/hadoop/hadoop-common/3.2.1/hadoop-common-3.2.1.jar:/home/user/.m2/repository/commons-net/commons-net/3.6/commons-net-3.6.jar:/home/user/.m2/repository/commons-collections/commons-collections/3.2.2/commons-collections-3.2.2.jar:/home/user/.m2/repository/com/sun/jersey/jersey-servlet/1.19/jersey-servlet-1.19.jar:/home/user/.m2/repository/com/sun/jersey/jersey-json/1.19/jersey-json-1.19.jar:/home/user/.m2/repository/org/codehaus/jettison/jettison/1.1/jettison-1.1.jar:/home/user/.m2/repository/org/codehaus/jackson/jackson-jaxrs/1.9.2/jackson-jaxrs-1.9.2.jar:/home/user/.m2/repository/org/codehaus/jackson/jackson-xc/1.9.2/jackson-xc-1.9.2.jar:/home/user/.m2/repository/commons-beanutils/commons-beanutils/1.9.4/commons-beanutils-1.9.4.jar:/home/user/.m2/repository/org/apache/commons/commons-configuration2/2.1.1/commons-configuration2-2.1.1.jar:/home/user/.m2/repository/org/apache/commons/commons-text/1.4/commons-text-1.4.jar:/home/user/.m2/repository/com/google/re2j/re2j/1.1/re2j-1.1.jar:/home/user/.m2/repository/com/jcraft/jsch/0.1.54/jsch-0.1.54.jar:/home/user/.m2/repository/org/apache/curator/curator-client/2.13.0/curator-client-2.13.0.jar:/home/user/.m2/repository/org/apache/curator/curator-recipes/2.13.0/curator-recipes-2.13.0.jar:/home/user/.m2/repository/dnsjava/dnsjava/2.1.7/dnsjava-2.1.7.jar:/home/user/.m2/repository/org/slf4j/jul-to-slf4j/1.7.25/jul-to-slf4j-1.7.25.jar:/home/user/.m2/repository/org/eclipse/jetty/jetty-util/9.4.26.v20200117/jetty-util-9.4.26.v20200117.jar:/home/user/.m2/repository/com/fasterxml/jackson/core/jackson-databind/2.10.3/jackson-databind-2.10.3.jar:/home/user/.m2/repository/org/apache/hadoop/hadoop-kms/3.2.1/hadoop-kms-3.2.1-tests.jar:/home/user/.m2/repository/org/apache/hadoop/hadoop-hdds-server-scm/1.1.0-SNAPSHOT/hadoop-hdds-server-scm-1.1.0-SNAPSHOT-tests.jar:/home/user/.m2/repository/org/apache/hadoop/hadoop-hdds-container-service/1.1.0-SNAPSHOT/hadoop-hdds-container-service-1.1.0-SNAPSHOT-tests.jar:/home/user/.m2/repository/org/apache/hadoop/hadoop-hdds-common/1.1.0-SNAPSHOT/hadoop-hdds-common-1.1.0-SNAPSHOT-tests.jar:/home/user/.m2/repository/org/yaml/snakeyaml/1.16/snakeyaml-1.16.jar:/home/user/.m2/repository/org/apache/hadoop/hadoop-hdds-hadoop-dependency-test/1.1.0-SNAPSHOT/hadoop-hdds-hadoop-dependency-test-1.1.0-SNAPSHOT.jar:/home/user/.m2/repository/org/apache/hadoop/hadoop-common/3.2.1/hadoop-common-3.2.1-tests.jar:/home/user/.m2/repository/javax/servlet/jsp/jsp-api/2.1/jsp-api-2.1.jar:/home/user/.m2/repository/org/apache/hadoop/hadoop-hdfs/3.2.1/hadoop-hdfs-3.2.1-tests.jar:/home/user/.m2/repository/org/eclipse/jetty/jetty-util-ajax/9.4.26.v20200117/jetty-util-ajax-9.4.26.v20200117.jar:/home/user/.m2/repository/commons-codec/commons-codec/1.11/commons-codec-1.11.jar:/home/user/.m2/repository/commons-daemon/commons-daemon/1.0.13/commons-daemon-1.0.13.jar:/home/user/.m2/repository/io/netty/netty/3.10.5.Final/netty-3.10.5.Final.jar:/home/user/.m2/repository/io/netty/netty-all/4.1.48.Final/netty-all-4.1.48.Final.jar:/home/user/.m2/repository/org/apache/htrace/htrace-core4/4.1.0-incubating/htrace-core4-4.1.0-incubating.jar:/home/user/.m2/repository/org/fusesource/leveldbjni/leveldbjni-all/1.8/leveldbjni-all-1.8.jar:/home/user/.m2/repository/org/apache/hadoop/hadoop-distcp/3.2.1/hadoop-distcp-3.2.1.jar:/home/user/.m2/repository/org/apache/hadoop/hadoop-mapreduce-client-jobclient/3.2.1/hadoop-mapreduce-client-jobclient-3.2.1.jar:/home/user/.m2/repository/org/apache/hadoop/hadoop-mapreduce-client-common/3.2.1/hadoop-mapreduce-client-common-3.2.1.jar:/home/user/.m2/repository/org/apache/hadoop/hadoop-yarn-common/3.2.1/hadoop-yarn-common-3.2.1.jar:/home/user/.m2/repository/org/apache/hadoop/hadoop-yarn-api/3.2.1/hadoop-yarn-api-3.2.1.jar:/home/user/.m2/repository/com/sun/jersey/jersey-client/1.19/jersey-client-1.19.jar:/home/user/.m2/repository/com/sun/jersey/contribs/jersey-guice/1.19/jersey-guice-1.19.jar:/home/user/.m2/repository/com/fasterxml/jackson/jaxrs/jackson-jaxrs-json-provider/2.10.3/jackson-jaxrs-json-provider-2.10.3.jar:/home/user/.m2/repository/com/fasterxml/jackson/jaxrs/jackson-jaxrs-base/2.10.3/jackson-jaxrs-base-2.10.3.jar:/home/user/.m2/repository/org/apache/hadoop/hadoop-yarn-client/3.2.1/hadoop-yarn-client-3.2.1.jar:/home/user/.m2/repository/org/apache/hadoop/hadoop-mapreduce-client-core/3.2.1/hadoop-mapreduce-client-core-3.2.1.jar:/home/user/.m2/repository/org/apache/avro/avro/1.7.7/avro-1.7.7.jar:/home/user/.m2/repository/org/codehaus/jackson/jackson-core-asl/1.9.13/jackson-core-asl-1.9.13.jar:/home/user/.m2/repository/org/codehaus/jackson/jackson-mapper-asl/1.9.13/jackson-mapper-asl-1.9.13.jar:/home/user/.m2/repository/com/thoughtworks/paranamer/paranamer/2.3/paranamer-2.3.jar:/home/user/.m2/repository/org/xerial/snappy/snappy-java/1.0.5/snappy-java-1.0.5.jar:/home/user/.m2/repository/org/apache/hadoop/hadoop-annotations/3.2.1/hadoop-annotations-3.2.1.jar:/usr/lib/jvm/java-1.8.0-openjdk-1.8.0.232.b09-0.el7_7.x86_64/jre/../lib/tools.jar:/home/user/.m2/repository/org/apache/hadoop/hadoop-distcp/3.2.1/hadoop-distcp-3.2.1-tests.jar:"/>
    <property name="java.vm.vendor" value="Oracle Corporation"/>
    <property name="sun.arch.data.model" value="64"/>
    <property name="test.build.dir" value="/github/workspace/mnt/ozone/hadoop-ozone/integration-test/target/test-dir"/>
    <property name="test.cache.data" value=""/>
    <property name="java.vendor.url" value="http://java.oracle.com/"/>
    <property name="user.timezone" value=""/>
    <property name="java.vm.specification.version" value="1.8"/>
    <property name="os.name" value="Linux"/>
    <property name="test.build.data" value="/github/workspace/mnt/ozone/hadoop-ozone/integration-test/target/test-dir"/>
    <property name="user.country" value="US"/>
    <property name="sun.java.launcher" value="SUN_STANDARD"/>
    <property name="sun.boot.library.path" value="/usr/lib/jvm/java-1.8.0-openjdk-1.8.0.232.b09-0.el7_7.x86_64/jre/lib/amd64"/>
    <property name="sun.java.command" value="/github/workspace/mnt/ozone/hadoop-ozone/integration-test/target/surefire/surefirebooter7833419848129002943.jar /github/workspace/mnt/ozone/hadoop-ozone/integration-test/target/surefire 2020-09-03T03-41-34_905-jvmRun1 surefire7924811421520383690tmp surefire_195451152904500088154tmp"/>
    <property name="surefire.test.class.path" value="/github/workspace/mnt/ozone/hadoop-ozone/integration-test/target/test-classes:/github/workspace/mnt/ozone/hadoop-ozone/integration-test/target/classes:/home/user/.m2/repository/org/apache/hadoop/hadoop-ozone-common/1.1.0-SNAPSHOT/hadoop-ozone-common-1.1.0-SNAPSHOT.jar:/home/user/.m2/repository/org/apache/commons/commons-compress/1.4.1/commons-compress-1.4.1.jar:/home/user/.m2/repository/org/tukaani/xz/1.0/xz-1.0.jar:/home/user/.m2/repository/org/apache/hadoop/hadoop-hdds-common/1.1.0-SNAPSHOT/hadoop-hdds-common-1.1.0-SNAPSHOT.jar:/home/user/.m2/repository/org/apache/hadoop/hadoop-hdds-hadoop-dependency-client/1.1.0-SNAPSHOT/hadoop-hdds-hadoop-dependency-client-1.1.0-SNAPSHOT.jar:/home/user/.m2/repository/info/picocli/picocli/4.4.0/picocli-4.4.0.jar:/home/user/.m2/repository/com/fasterxml/jackson/core/jackson-annotations/2.10.3/jackson-annotations-2.10.3.jar:/home/user/.m2/repository/javax/annotation/javax.annotation-api/1.2/javax.annotation-api-1.2.jar:/home/user/.m2/repository/org/apache/ratis/ratis-server/1.0.0/ratis-server-1.0.0.jar:/home/user/.m2/repository/org/apache/ratis/ratis-client/1.0.0/ratis-client-1.0.0.jar:/home/user/.m2/repository/org/apache/ratis/ratis-metrics/1.0.0/ratis-metrics-1.0.0.jar:/home/user/.m2/repository/org/apache/ratis/ratis-netty/1.0.0/ratis-netty-1.0.0.jar:/home/user/.m2/repository/org/apache/ratis/ratis-grpc/1.0.0/ratis-grpc-1.0.0.jar:/home/user/.m2/repository/org/apache/logging/log4j/log4j-api/2.13.3/log4j-api-2.13.3.jar:/home/user/.m2/repository/org/apache/logging/log4j/log4j-core/2.13.3/log4j-core-2.13.3.jar:/home/user/.m2/repository/com/lmax/disruptor/3.4.2/disruptor-3.4.2.jar:/home/user/.m2/repository/org/apache/commons/commons-pool2/2.6.0/commons-pool2-2.6.0.jar:/home/user/.m2/repository/org/bouncycastle/bcpkix-jdk15on/1.60/bcpkix-jdk15on-1.60.jar:/home/user/.m2/repository/commons-validator/commons-validator/1.6/commons-validator-1.6.jar:/home/user/.m2/repository/commons-digester/commons-digester/1.8.1/commons-digester-1.8.1.jar:/home/user/.m2/repository/io/jaegertracing/jaeger-client/1.2.0/jaeger-client-1.2.0.jar:/home/user/.m2/repository/io/jaegertracing/jaeger-thrift/1.2.0/jaeger-thrift-1.2.0.jar:/home/user/.m2/repository/org/apache/thrift/libthrift/0.13.0/libthrift-0.13.0.jar:/home/user/.m2/repository/com/squareup/okhttp3/okhttp/4.2.2/okhttp-4.2.2.jar:/home/user/.m2/repository/com/squareup/okio/okio/2.2.2/okio-2.2.2.jar:/home/user/.m2/repository/org/jetbrains/kotlin/kotlin-stdlib/1.3.50/kotlin-stdlib-1.3.50.jar:/home/user/.m2/repository/org/jetbrains/kotlin/kotlin-stdlib-common/1.3.50/kotlin-stdlib-common-1.3.50.jar:/home/user/.m2/repository/org/jetbrains/annotations/13.0/annotations-13.0.jar:/home/user/.m2/repository/io/jaegertracing/jaeger-core/1.2.0/jaeger-core-1.2.0.jar:/home/user/.m2/repository/io/jaegertracing/jaeger-tracerresolver/1.2.0/jaeger-tracerresolver-1.2.0.jar:/home/user/.m2/repository/io/opentracing/contrib/opentracing-tracerresolver/0.1.8/opentracing-tracerresolver-0.1.8.jar:/home/user/.m2/repository/io/opentracing/opentracing-util/0.33.0/opentracing-util-0.33.0.jar:/home/user/.m2/repository/io/opentracing/opentracing-api/0.33.0/opentracing-api-0.33.0.jar:/home/user/.m2/repository/io/opentracing/opentracing-noop/0.33.0/opentracing-noop-0.33.0.jar:/home/user/.m2/repository/org/apache/hadoop/hadoop-hdds-client/1.1.0-SNAPSHOT/hadoop-hdds-client-1.1.0-SNAPSHOT.jar:/home/user/.m2/repository/org/apache/hadoop/hadoop-ozone-interface-client/1.1.0-SNAPSHOT/hadoop-ozone-interface-client-1.1.0-SNAPSHOT.jar:/home/user/.m2/repository/org/apache/hadoop/hadoop-hdds-test-utils/1.1.0-SNAPSHOT/hadoop-hdds-test-utils-1.1.0-SNAPSHOT.jar:/home/user/.m2/repository/com/google/guava/guava/28.2-jre/guava-28.2-jre.jar:/home/user/.m2/repository/com/google/guava/failureaccess/1.0.1/failureaccess-1.0.1.jar:/home/user/.m2/repository/com/google/guava/listenablefuture/9999.0-empty-to-avoid-conflict-with-guava/listenablefuture-9999.0-empty-to-avoid-conflict-with-guava.jar:/home/user/.m2/repository/com/google/code/findbugs/jsr305/3.0.0/jsr305-3.0.0.jar:/home/user/.m2/repository/org/checkerframework/checker-qual/2.10.0/checker-qual-2.10.0.jar:/home/user/.m2/repository/com/google/errorprone/error_prone_annotations/2.2.0/error_prone_annotations-2.2.0.jar:/home/user/.m2/repository/com/google/j2objc/j2objc-annotations/1.3/j2objc-annotations-1.3.jar:/home/user/.m2/repository/commons-io/commons-io/2.5/commons-io-2.5.jar:/home/user/.m2/repository/commons-logging/commons-logging/1.2/commons-logging-1.2.jar:/home/user/.m2/repository/log4j/log4j/1.2.17/log4j-1.2.17.jar:/home/user/.m2/repository/org/slf4j/slf4j-api/1.7.25/slf4j-api-1.7.25.jar:/home/user/.m2/repository/org/apache/hadoop/hadoop-hdds-server-scm/1.1.0-SNAPSHOT/hadoop-hdds-server-scm-1.1.0-SNAPSHOT.jar:/home/user/.m2/repository/org/apache/hadoop/hadoop-hdds-container-service/1.1.0-SNAPSHOT/hadoop-hdds-container-service-1.1.0-SNAPSHOT.jar:/home/user/.m2/repository/org/apache/hadoop/hadoop-hdds-hadoop-dependency-server/1.1.0-SNAPSHOT/hadoop-hdds-hadoop-dependency-server-1.1.0-SNAPSHOT.jar:/home/user/.m2/repository/org/apache/hadoop/hadoop-hdds-server-framework/1.1.0-SNAPSHOT/hadoop-hdds-server-framework-1.1.0-SNAPSHOT.jar:/home/user/.m2/repository/org/apache/hadoop/hadoop-hdds-interface-server/1.1.0-SNAPSHOT/hadoop-hdds-interface-server-1.1.0-SNAPSHOT.jar:/home/user/.m2/repository/org/apache/hadoop/hadoop-hdds-interface-admin/1.1.0-SNAPSHOT/hadoop-hdds-interface-admin-1.1.0-SNAPSHOT.jar:/home/user/.m2/repository/org/rocksdb/rocksdbjni/6.8.1/rocksdbjni-6.8.1.jar:/home/user/.m2/repository/io/prometheus/simpleclient_dropwizard/0.7.0/simpleclient_dropwizard-0.7.0.jar:/home/user/.m2/repository/io/prometheus/simpleclient/0.7.0/simpleclient-0.7.0.jar:/home/user/.m2/repository/io/prometheus/simpleclient_common/0.7.0/simpleclient_common-0.7.0.jar:/home/user/.m2/repository/com/fasterxml/jackson/datatype/jackson-datatype-jsr310/2.10.3/jackson-datatype-jsr310-2.10.3.jar:/home/user/.m2/repository/io/dropwizard/metrics/metrics-core/3.2.4/metrics-core-3.2.4.jar:/home/user/.m2/repository/org/apache/hadoop/hadoop-hdfs-client/3.2.1/hadoop-hdfs-client-3.2.1.jar:/home/user/.m2/repository/org/bouncycastle/bcprov-jdk15on/1.60/bcprov-jdk15on-1.60.jar:/home/user/.m2/repository/org/apache/hadoop/hadoop-ozone-ozone-manager/1.1.0-SNAPSHOT/hadoop-ozone-ozone-manager-1.1.0-SNAPSHOT.jar:/home/user/.m2/repository/org/apache/hadoop/hadoop-hdds-interface-client/1.1.0-SNAPSHOT/hadoop-hdds-interface-client-1.1.0-SNAPSHOT.jar:/home/user/.m2/repository/org/apache/ratis/ratis-thirdparty-misc/0.5.0/ratis-thirdparty-misc-0.5.0.jar:/home/user/.m2/repository/org/apache/hadoop/hadoop-minikdc/3.2.1/hadoop-minikdc-3.2.1.jar:/home/user/.m2/repository/org/apache/kerby/kerb-simplekdc/1.0.1/kerb-simplekdc-1.0.1.jar:/home/user/.m2/repository/org/apache/kerby/kerb-client/1.0.1/kerb-client-1.0.1.jar:/home/user/.m2/repository/org/apache/kerby/kerby-config/1.0.1/kerby-config-1.0.1.jar:/home/user/.m2/repository/org/apache/kerby/kerb-core/1.0.1/kerb-core-1.0.1.jar:/home/user/.m2/repository/org/apache/kerby/kerby-pkix/1.0.1/kerby-pkix-1.0.1.jar:/home/user/.m2/repository/org/apache/kerby/kerby-asn1/1.0.1/kerby-asn1-1.0.1.jar:/home/user/.m2/repository/org/apache/kerby/kerby-util/1.0.1/kerby-util-1.0.1.jar:/home/user/.m2/repository/org/apache/kerby/kerb-common/1.0.1/kerb-common-1.0.1.jar:/home/user/.m2/repository/org/apache/kerby/kerb-crypto/1.0.1/kerb-crypto-1.0.1.jar:/home/user/.m2/repository/org/apache/kerby/kerb-util/1.0.1/kerb-util-1.0.1.jar:/home/user/.m2/repository/org/apache/kerby/token-provider/1.0.1/token-provider-1.0.1.jar:/home/user/.m2/repository/org/apache/kerby/kerb-admin/1.0.1/kerb-admin-1.0.1.jar:/home/user/.m2/repository/org/apache/kerby/kerb-server/1.0.1/kerb-server-1.0.1.jar:/home/user/.m2/repository/org/apache/kerby/kerb-identity/1.0.1/kerb-identity-1.0.1.jar:/home/user/.m2/repository/org/apache/kerby/kerby-xdr/1.0.1/kerby-xdr-1.0.1.jar:/home/user/.m2/repository/org/slf4j/slf4j-log4j12/1.7.25/slf4j-log4j12-1.7.25.jar:/home/user/.m2/repository/org/apache/hadoop/hadoop-ozone-s3gateway/1.1.0-SNAPSHOT/hadoop-ozone-s3gateway-1.1.0-SNAPSHOT.jar:/home/user/.m2/repository/org/jboss/weld/servlet/weld-servlet/2.4.7.Final/weld-servlet-2.4.7.Final.jar:/home/user/.m2/repository/org/glassfish/jersey/containers/jersey-container-servlet-core/2.27/jersey-container-servlet-core-2.27.jar:/home/user/.m2/repository/org/glassfish/hk2/external/javax.inject/2.5.0-b42/javax.inject-2.5.0-b42.jar:/home/user/.m2/repository/org/glassfish/jersey/core/jersey-common/2.27/jersey-common-2.27.jar:/home/user/.m2/repository/org/glassfish/hk2/osgi-resource-locator/1.0.1/osgi-resource-locator-1.0.1.jar:/home/user/.m2/repository/javax/ws/rs/javax.ws.rs-api/2.1/javax.ws.rs-api-2.1.jar:/home/user/.m2/repository/org/glassfish/jersey/ext/cdi/jersey-cdi1x/2.27/jersey-cdi1x-2.27.jar:/home/user/.m2/repository/org/glassfish/jersey/inject/jersey-hk2/2.27/jersey-hk2-2.27.jar:/home/user/.m2/repository/org/glassfish/hk2/hk2-locator/2.5.0-b42/hk2-locator-2.5.0-b42.jar:/home/user/.m2/repository/org/javassist/javassist/3.22.0-CR2/javassist-3.22.0-CR2.jar:/home/user/.m2/repository/org/glassfish/hk2/hk2-api/2.5.0/hk2-api-2.5.0.jar:/home/user/.m2/repository/org/glassfish/hk2/external/jakarta.inject/2.5.0/jakarta.inject-2.5.0.jar:/home/user/.m2/repository/org/glassfish/hk2/hk2-utils/2.5.0/hk2-utils-2.5.0.jar:/home/user/.m2/repository/jakarta/annotation/jakarta.annotation-api/1.3.4/jakarta.annotation-api-1.3.4.jar:/home/user/.m2/repository/org/glassfish/hk2/external/aopalliance-repackaged/2.5.0/aopalliance-repackaged-2.5.0.jar:/home/user/.m2/repository/com/fasterxml/jackson/dataformat/jackson-dataformat-xml/2.10.3/jackson-dataformat-xml-2.10.3.jar:/home/user/.m2/repository/com/fasterxml/jackson/core/jackson-core/2.10.3/jackson-core-2.10.3.jar:/home/user/.m2/repository/com/fasterxml/jackson/module/jackson-module-jaxb-annotations/2.10.3/jackson-module-jaxb-annotations-2.10.3.jar:/home/user/.m2/repository/jakarta/xml/bind/jakarta.xml.bind-api/2.3.2/jakarta.xml.bind-api-2.3.2.jar:/home/user/.m2/repository/jakarta/activation/jakarta.activation-api/1.2.1/jakarta.activation-api-1.2.1.jar:/home/user/.m2/repository/org/codehaus/woodstox/stax2-api/3.1.4/stax2-api-3.1.4.jar:/home/user/.m2/repository/com/fasterxml/woodstox/woodstox-core/5.0.3/woodstox-core-5.0.3.jar:/home/user/.m2/repository/javax/enterprise/cdi-api/1.2/cdi-api-1.2.jar:/home/user/.m2/repository/javax/el/javax.el-api/3.0.0/javax.el-api-3.0.0.jar:/home/user/.m2/repository/javax/interceptor/javax.interceptor-api/1.2/javax.interceptor-api-1.2.jar:/home/user/.m2/repository/javax/inject/javax.inject/1/javax.inject-1.jar:/home/user/.m2/repository/com/sun/xml/bind/jaxb-impl/2.3.0.1/jaxb-impl-2.3.0.1.jar:/home/user/.m2/repository/com/sun/xml/bind/jaxb-core/2.3.0.1/jaxb-core-2.3.0.1.jar:/home/user/.m2/repository/javax/xml/bind/jaxb-api/2.3.0/jaxb-api-2.3.0.jar:/home/user/.m2/repository/javax/activation/activation/1.1.1/activation-1.1.1.jar:/home/user/.m2/repository/org/apache/hadoop/hadoop-ozone-csi/1.1.0-SNAPSHOT/hadoop-ozone-csi-1.1.0-SNAPSHOT.jar:/home/user/.m2/repository/com/google/protobuf/protobuf-java-util/3.11.0/protobuf-java-util-3.11.0.jar:/home/user/.m2/repository/com/google/code/gson/gson/2.2.4/gson-2.2.4.jar:/home/user/.m2/repository/org/apache/hadoop/hadoop-hdds-config/1.1.0-SNAPSHOT/hadoop-hdds-config-1.1.0-SNAPSHOT.jar:/home/user/.m2/repository/com/google/protobuf/protobuf-java/2.5.0/protobuf-java-2.5.0.jar:/home/user/.m2/repository/io/grpc/grpc-netty/1.29.0/grpc-netty-1.29.0.jar:/home/user/.m2/repository/io/grpc/grpc-core/1.29.0/grpc-core-1.29.0.jar:/home/user/.m2/repository/com/google/android/annotations/4.1.1.4/annotations-4.1.1.4.jar:/home/user/.m2/repository/io/perfmark/perfmark-api/0.19.0/perfmark-api-0.19.0.jar:/home/user/.m2/repository/io/netty/netty-codec-http2/4.1.48.Final/netty-codec-http2-4.1.48.Final.jar:/home/user/.m2/repository/io/netty/netty-codec/4.1.48.Final/netty-codec-4.1.48.Final.jar:/home/user/.m2/repository/io/netty/netty-handler/4.1.48.Final/netty-handler-4.1.48.Final.jar:/home/user/.m2/repository/io/netty/netty-codec-http/4.1.48.Final/netty-codec-http-4.1.48.Final.jar:/home/user/.m2/repository/io/netty/netty-handler-proxy/4.1.48.Final/netty-handler-proxy-4.1.48.Final.jar:/home/user/.m2/repository/io/netty/netty-codec-socks/4.1.48.Final/netty-codec-socks-4.1.48.Final.jar:/home/user/.m2/repository/io/netty/netty-transport-native-epoll/4.1.48.Final/netty-transport-native-epoll-4.1.48.Final.jar:/home/user/.m2/repository/io/netty/netty-common/4.1.48.Final/netty-common-4.1.48.Final.jar:/home/user/.m2/repository/io/netty/netty-buffer/4.1.48.Final/netty-buffer-4.1.48.Final.jar:/home/user/.m2/repository/io/netty/netty-transport/4.1.48.Final/netty-transport-4.1.48.Final.jar:/home/user/.m2/repository/io/netty/netty-resolver/4.1.48.Final/netty-resolver-4.1.48.Final.jar:/home/user/.m2/repository/io/netty/netty-transport-native-unix-common/4.1.48.Final/netty-transport-native-unix-common-4.1.48.Final.jar:/home/user/.m2/repository/io/grpc/grpc-protobuf/1.29.0/grpc-protobuf-1.29.0.jar:/home/user/.m2/repository/io/grpc/grpc-api/1.29.0/grpc-api-1.29.0.jar:/home/user/.m2/repository/io/grpc/grpc-context/1.29.0/grpc-context-1.29.0.jar:/home/user/.m2/repository/org/codehaus/mojo/animal-sniffer-annotations/1.18/animal-sniffer-annotations-1.18.jar:/home/user/.m2/repository/com/google/api/grpc/proto-google-common-protos/1.17.0/proto-google-common-protos-1.17.0.jar:/home/user/.m2/repository/io/grpc/grpc-protobuf-lite/1.29.0/grpc-protobuf-lite-1.29.0.jar:/home/user/.m2/repository/io/grpc/grpc-stub/1.29.0/grpc-stub-1.29.0.jar:/home/user/.m2/repository/org/apache/hadoop/hadoop-ozone-recon/1.1.0-SNAPSHOT/hadoop-ozone-recon-1.1.0-SNAPSHOT.jar:/home/user/.m2/repository/org/apache/hadoop/hadoop-ozone-reconcodegen/1.1.0-SNAPSHOT/hadoop-ozone-reconcodegen-1.1.0-SNAPSHOT.jar:/home/user/.m2/repository/com/google/inject/extensions/guice-multibindings/4.0/guice-multibindings-4.0.jar:/home/user/.m2/repository/com/google/inject/guice/4.0/guice-4.0.jar:/home/user/.m2/repository/aopalliance/aopalliance/1.0/aopalliance-1.0.jar:/home/user/.m2/repository/com/google/inject/extensions/guice-assistedinject/4.0/guice-assistedinject-4.0.jar:/home/user/.m2/repository/com/google/inject/extensions/guice-servlet/4.0/guice-servlet-4.0.jar:/home/user/.m2/repository/org/glassfish/jersey/containers/jersey-container-servlet/2.27/jersey-container-servlet-2.27.jar:/home/user/.m2/repository/org/glassfish/hk2/guice-bridge/2.5.0/guice-bridge-2.5.0.jar:/home/user/.m2/repository/org/glassfish/jersey/core/jersey-server/2.27/jersey-server-2.27.jar:/home/user/.m2/repository/org/glassfish/jersey/core/jersey-client/2.27/jersey-client-2.27.jar:/home/user/.m2/repository/org/glassfish/jersey/media/jersey-media-jaxb/2.27/jersey-media-jaxb-2.27.jar:/home/user/.m2/repository/javax/validation/validation-api/1.1.0.Final/validation-api-1.1.0.Final.jar:/home/user/.m2/repository/org/glassfish/jersey/media/jersey-media-json-jackson/2.27/jersey-media-json-jackson-2.27.jar:/home/user/.m2/repository/org/glassfish/jersey/ext/jersey-entity-filtering/2.27/jersey-entity-filtering-2.27.jar:/home/user/.m2/repository/org/jooq/jooq/3.11.10/jooq-3.11.10.jar:/home/user/.m2/repository/org/jooq/jooq-meta/3.11.10/jooq-meta-3.11.10.jar:/home/user/.m2/repository/org/jooq/jooq-codegen/3.11.10/jooq-codegen-3.11.10.jar:/home/user/.m2/repository/com/jolbox/bonecp/0.8.0.RELEASE/bonecp-0.8.0.RELEASE.jar:/home/user/.m2/repository/org/apache/derby/derby/10.14.2.0/derby-10.14.2.0.jar:/home/user/.m2/repository/org/xerial/sqlite-jdbc/3.25.2/sqlite-jdbc-3.25.2.jar:/home/user/.m2/repository/org/springframework/spring-jdbc/5.2.5.RELEASE/spring-jdbc-5.2.5.RELEASE.jar:/home/user/.m2/repository/org/springframework/spring-beans/5.2.5.RELEASE/spring-beans-5.2.5.RELEASE.jar:/home/user/.m2/repository/org/springframework/spring-core/5.2.5.RELEASE/spring-core-5.2.5.RELEASE.jar:/home/user/.m2/repository/org/springframework/spring-jcl/5.2.5.RELEASE/spring-jcl-5.2.5.RELEASE.jar:/home/user/.m2/repository/org/springframework/spring-tx/5.2.5.RELEASE/spring-tx-5.2.5.RELEASE.jar:/home/user/.m2/repository/org/apache/hadoop/hadoop-ozone-client/1.1.0-SNAPSHOT/hadoop-ozone-client-1.1.0-SNAPSHOT.jar:/home/user/.m2/repository/org/apache/hadoop/hadoop-ozone-filesystem/1.1.0-SNAPSHOT/hadoop-ozone-filesystem-1.1.0-SNAPSHOT.jar:/home/user/.m2/repository/org/apache/hadoop/hadoop-ozone-filesystem-common/1.1.0-SNAPSHOT/hadoop-ozone-filesystem-common-1.1.0-SNAPSHOT.jar:/home/user/.m2/repository/org/apache/hadoop/hadoop-ozone-tools/1.1.0-SNAPSHOT/hadoop-ozone-tools-1.1.0-SNAPSHOT.jar:/home/user/.m2/repository/org/apache/hadoop/hadoop-hdfs/3.2.1/hadoop-hdfs-3.2.1.jar:/home/user/.m2/repository/org/apache/ratis/ratis-tools/1.0.0/ratis-tools-1.0.0.jar:/home/user/.m2/repository/org/apache/ratis/ratis-proto/1.0.0/ratis-proto-1.0.0.jar:/home/user/.m2/repository/org/apache/ratis/ratis-common/1.0.0/ratis-common-1.0.0.jar:/home/user/.m2/repository/com/amazonaws/aws-java-sdk-core/1.11.615/aws-java-sdk-core-1.11.615.jar:/home/user/.m2/repository/org/apache/httpcomponents/httpclient/4.5.2/httpclient-4.5.2.jar:/home/user/.m2/repository/org/apache/httpcomponents/httpcore/4.4.4/httpcore-4.4.4.jar:/home/user/.m2/repository/software/amazon/ion/ion-java/1.0.2/ion-java-1.0.2.jar:/home/user/.m2/repository/com/fasterxml/jackson/dataformat/jackson-dataformat-cbor/2.10.3/jackson-dataformat-cbor-2.10.3.jar:/home/user/.m2/repository/joda-time/joda-time/2.8.1/joda-time-2.8.1.jar:/home/user/.m2/repository/com/amazonaws/aws-java-sdk-s3/1.11.615/aws-java-sdk-s3-1.11.615.jar:/home/user/.m2/repository/com/amazonaws/aws-java-sdk-kms/1.11.615/aws-java-sdk-kms-1.11.615.jar:/home/user/.m2/repository/com/amazonaws/jmespath-java/1.11.615/jmespath-java-1.11.615.jar:/home/user/.m2/repository/org/kohsuke/metainf-services/metainf-services/1.1/metainf-services-1.1.jar:/home/user/.m2/repository/org/apache/hadoop/hadoop-hdds-tools/1.1.0-SNAPSHOT/hadoop-hdds-tools-1.1.0-SNAPSHOT.jar:/home/user/.m2/repository/commons-cli/commons-cli/1.2/commons-cli-1.2.jar:/home/user/.m2/repository/org/apache/commons/commons-lang3/3.7/commons-lang3-3.7.jar:/home/user/.m2/repository/org/apache/hadoop/hadoop-ozone-ozone-manager/1.1.0-SNAPSHOT/hadoop-ozone-ozone-manager-1.1.0-SNAPSHOT-tests.jar:/home/user/.m2/repository/junit/junit/4.11/junit-4.11.jar:/home/user/.m2/repository/org/hamcrest/hamcrest-core/1.3/hamcrest-core-1.3.jar:/home/user/.m2/repository/org/openjdk/jmh/jmh-core/1.19/jmh-core-1.19.jar:/home/user/.m2/repository/net/sf/jopt-simple/jopt-simple/4.6/jopt-simple-4.6.jar:/home/user/.m2/repository/org/apache/commons/commons-math3/3.1.1/commons-math3-3.1.1.jar:/home/user/.m2/repository/org/openjdk/jmh/jmh-generator-annprocess/1.19/jmh-generator-annprocess-1.19.jar:/home/user/.m2/repository/org/mockito/mockito-all/1.8.5/mockito-all-1.8.5.jar:/home/user/.m2/repository/org/apache/hadoop/hadoop-kms/3.2.1/hadoop-kms-3.2.1.jar:/home/user/.m2/repository/org/apache/hadoop/hadoop-auth/3.2.1/hadoop-auth-3.2.1.jar:/home/user/.m2/repository/com/nimbusds/nimbus-jose-jwt/7.9/nimbus-jose-jwt-7.9.jar:/home/user/.m2/repository/com/github/stephenc/jcip/jcip-annotations/1.0-1/jcip-annotations-1.0-1.jar:/home/user/.m2/repository/net/minidev/json-smart/2.3/json-smart-2.3.jar:/home/user/.m2/repository/net/minidev/accessors-smart/1.2/accessors-smart-1.2.jar:/home/user/.m2/repository/org/ow2/asm/asm/5.0.4/asm-5.0.4.jar:/home/user/.m2/repository/org/apache/zookeeper/zookeeper/3.4.13/zookeeper-3.4.13.jar:/home/user/.m2/repository/org/apache/yetus/audience-annotations/0.5.0/audience-annotations-0.5.0.jar:/home/user/.m2/repository/org/apache/curator/curator-framework/2.13.0/curator-framework-2.13.0.jar:/home/user/.m2/repository/com/sun/jersey/jersey-core/1.19/jersey-core-1.19.jar:/home/user/.m2/repository/javax/ws/rs/jsr311-api/1.1.1/jsr311-api-1.1.1.jar:/home/user/.m2/repository/com/sun/jersey/jersey-server/1.19/jersey-server-1.19.jar:/home/user/.m2/repository/javax/servlet/javax.servlet-api/3.1.0/javax.servlet-api-3.1.0.jar:/home/user/.m2/repository/org/eclipse/jetty/jetty-server/9.4.26.v20200117/jetty-server-9.4.26.v20200117.jar:/home/user/.m2/repository/org/eclipse/jetty/jetty-http/9.4.26.v20200117/jetty-http-9.4.26.v20200117.jar:/home/user/.m2/repository/org/eclipse/jetty/jetty-io/9.4.26.v20200117/jetty-io-9.4.26.v20200117.jar:/home/user/.m2/repository/org/eclipse/jetty/jetty-webapp/9.4.26.v20200117/jetty-webapp-9.4.26.v20200117.jar:/home/user/.m2/repository/org/eclipse/jetty/jetty-xml/9.4.26.v20200117/jetty-xml-9.4.26.v20200117.jar:/home/user/.m2/repository/org/eclipse/jetty/jetty-servlet/9.4.26.v20200117/jetty-servlet-9.4.26.v20200117.jar:/home/user/.m2/repository/org/eclipse/jetty/jetty-security/9.4.26.v20200117/jetty-security-9.4.26.v20200117.jar:/home/user/.m2/repository/org/apache/hadoop/hadoop-common/3.2.1/hadoop-common-3.2.1.jar:/home/user/.m2/repository/commons-net/commons-net/3.6/commons-net-3.6.jar:/home/user/.m2/repository/commons-collections/commons-collections/3.2.2/commons-collections-3.2.2.jar:/home/user/.m2/repository/com/sun/jersey/jersey-servlet/1.19/jersey-servlet-1.19.jar:/home/user/.m2/repository/com/sun/jersey/jersey-json/1.19/jersey-json-1.19.jar:/home/user/.m2/repository/org/codehaus/jettison/jettison/1.1/jettison-1.1.jar:/home/user/.m2/repository/org/codehaus/jackson/jackson-jaxrs/1.9.2/jackson-jaxrs-1.9.2.jar:/home/user/.m2/repository/org/codehaus/jackson/jackson-xc/1.9.2/jackson-xc-1.9.2.jar:/home/user/.m2/repository/commons-beanutils/commons-beanutils/1.9.4/commons-beanutils-1.9.4.jar:/home/user/.m2/repository/org/apache/commons/commons-configuration2/2.1.1/commons-configuration2-2.1.1.jar:/home/user/.m2/repository/org/apache/commons/commons-text/1.4/commons-text-1.4.jar:/home/user/.m2/repository/com/google/re2j/re2j/1.1/re2j-1.1.jar:/home/user/.m2/repository/com/jcraft/jsch/0.1.54/jsch-0.1.54.jar:/home/user/.m2/repository/org/apache/curator/curator-client/2.13.0/curator-client-2.13.0.jar:/home/user/.m2/repository/org/apache/curator/curator-recipes/2.13.0/curator-recipes-2.13.0.jar:/home/user/.m2/repository/dnsjava/dnsjava/2.1.7/dnsjava-2.1.7.jar:/home/user/.m2/repository/org/slf4j/jul-to-slf4j/1.7.25/jul-to-slf4j-1.7.25.jar:/home/user/.m2/repository/org/eclipse/jetty/jetty-util/9.4.26.v20200117/jetty-util-9.4.26.v20200117.jar:/home/user/.m2/repository/com/fasterxml/jackson/core/jackson-databind/2.10.3/jackson-databind-2.10.3.jar:/home/user/.m2/repository/org/apache/hadoop/hadoop-kms/3.2.1/hadoop-kms-3.2.1-tests.jar:/home/user/.m2/repository/org/apache/hadoop/hadoop-hdds-server-scm/1.1.0-SNAPSHOT/hadoop-hdds-server-scm-1.1.0-SNAPSHOT-tests.jar:/home/user/.m2/repository/org/apache/hadoop/hadoop-hdds-container-service/1.1.0-SNAPSHOT/hadoop-hdds-container-service-1.1.0-SNAPSHOT-tests.jar:/home/user/.m2/repository/org/apache/hadoop/hadoop-hdds-common/1.1.0-SNAPSHOT/hadoop-hdds-common-1.1.0-SNAPSHOT-tests.jar:/home/user/.m2/repository/org/yaml/snakeyaml/1.16/snakeyaml-1.16.jar:/home/user/.m2/repository/org/apache/hadoop/hadoop-hdds-hadoop-dependency-test/1.1.0-SNAPSHOT/hadoop-hdds-hadoop-dependency-test-1.1.0-SNAPSHOT.jar:/home/user/.m2/repository/org/apache/hadoop/hadoop-common/3.2.1/hadoop-common-3.2.1-tests.jar:/home/user/.m2/repository/javax/servlet/jsp/jsp-api/2.1/jsp-api-2.1.jar:/home/user/.m2/repository/org/apache/hadoop/hadoop-hdfs/3.2.1/hadoop-hdfs-3.2.1-tests.jar:/home/user/.m2/repository/org/eclipse/jetty/jetty-util-ajax/9.4.26.v20200117/jetty-util-ajax-9.4.26.v20200117.jar:/home/user/.m2/repository/commons-codec/commons-codec/1.11/commons-codec-1.11.jar:/home/user/.m2/repository/commons-daemon/commons-daemon/1.0.13/commons-daemon-1.0.13.jar:/home/user/.m2/repository/io/netty/netty/3.10.5.Final/netty-3.10.5.Final.jar:/home/user/.m2/repository/io/netty/netty-all/4.1.48.Final/netty-all-4.1.48.Final.jar:/home/user/.m2/repository/org/apache/htrace/htrace-core4/4.1.0-incubating/htrace-core4-4.1.0-incubating.jar:/home/user/.m2/repository/org/fusesource/leveldbjni/leveldbjni-all/1.8/leveldbjni-all-1.8.jar:/home/user/.m2/repository/org/apache/hadoop/hadoop-distcp/3.2.1/hadoop-distcp-3.2.1.jar:/home/user/.m2/repository/org/apache/hadoop/hadoop-mapreduce-client-jobclient/3.2.1/hadoop-mapreduce-client-jobclient-3.2.1.jar:/home/user/.m2/repository/org/apache/hadoop/hadoop-mapreduce-client-common/3.2.1/hadoop-mapreduce-client-common-3.2.1.jar:/home/user/.m2/repository/org/apache/hadoop/hadoop-yarn-common/3.2.1/hadoop-yarn-common-3.2.1.jar:/home/user/.m2/repository/org/apache/hadoop/hadoop-yarn-api/3.2.1/hadoop-yarn-api-3.2.1.jar:/home/user/.m2/repository/com/sun/jersey/jersey-client/1.19/jersey-client-1.19.jar:/home/user/.m2/repository/com/sun/jersey/contribs/jersey-guice/1.19/jersey-guice-1.19.jar:/home/user/.m2/repository/com/fasterxml/jackson/jaxrs/jackson-jaxrs-json-provider/2.10.3/jackson-jaxrs-json-provider-2.10.3.jar:/home/user/.m2/repository/com/fasterxml/jackson/jaxrs/jackson-jaxrs-base/2.10.3/jackson-jaxrs-base-2.10.3.jar:/home/user/.m2/repository/org/apache/hadoop/hadoop-yarn-client/3.2.1/hadoop-yarn-client-3.2.1.jar:/home/user/.m2/repository/org/apache/hadoop/hadoop-mapreduce-client-core/3.2.1/hadoop-mapreduce-client-core-3.2.1.jar:/home/user/.m2/repository/org/apache/avro/avro/1.7.7/avro-1.7.7.jar:/home/user/.m2/repository/org/codehaus/jackson/jackson-core-asl/1.9.13/jackson-core-asl-1.9.13.jar:/home/user/.m2/repository/org/codehaus/jackson/jackson-mapper-asl/1.9.13/jackson-mapper-asl-1.9.13.jar:/home/user/.m2/repository/com/thoughtworks/paranamer/paranamer/2.3/paranamer-2.3.jar:/home/user/.m2/repository/org/xerial/snappy/snappy-java/1.0.5/snappy-java-1.0.5.jar:/home/user/.m2/repository/org/apache/hadoop/hadoop-annotations/3.2.1/hadoop-annotations-3.2.1.jar:/usr/lib/jvm/java-1.8.0-openjdk-1.8.0.232.b09-0.el7_7.x86_64/jre/../lib/tools.jar:/home/user/.m2/repository/org/apache/hadoop/hadoop-distcp/3.2.1/hadoop-distcp-3.2.1-tests.jar:"/>
    <property name="sun.cpu.endian" value="little"/>
    <property name="user.home" value="/home/user"/>
    <property name="user.language" value="en"/>
    <property name="java.specification.vendor" value="Oracle Corporation"/>
    <property name="java.home" value="/usr/lib/jvm/java-1.8.0-openjdk-1.8.0.232.b09-0.el7_7.x86_64/jre"/>
    <property name="java.security.krb5.conf" value="/github/workspace/mnt/ozone/hadoop-ozone/integration-test/target/test-classes/krb5.conf"/>
    <property name="basedir" value="/github/workspace/mnt/ozone/hadoop-ozone/integration-test"/>
    <property name="file.separator" value="/"/>
    <property name="line.separator" value="&#10;"/>
    <property name="java.vm.specification.vendor" value="Oracle Corporation"/>
    <property name="java.specification.name" value="Java Platform API Specification"/>
    <property name="java.awt.graphicsenv" value="sun.awt.X11GraphicsEnvironment"/>
    <property name="skip.installnpx" value="true"/>
    <property name="surefire.real.class.path" value="/github/workspace/mnt/ozone/hadoop-ozone/integration-test/target/surefire/surefirebooter7833419848129002943.jar:/home/user/.m2/repository/org/jacoco/org.jacoco.agent/0.8.5/org.jacoco.agent-0.8.5-runtime.jar"/>
    <property name="hadoop.log.dir" value="/github/workspace/mnt/ozone/hadoop-ozone/integration-test/target/log"/>
    <property name="sun.boot.class.path" value="/usr/lib/jvm/java-1.8.0-openjdk-1.8.0.232.b09-0.el7_7.x86_64/jre/lib/resources.jar:/usr/lib/jvm/java-1.8.0-openjdk-1.8.0.232.b09-0.el7_7.x86_64/jre/lib/rt.jar:/usr/lib/jvm/java-1.8.0-openjdk-1.8.0.232.b09-0.el7_7.x86_64/jre/lib/sunrsasign.jar:/usr/lib/jvm/java-1.8.0-openjdk-1.8.0.232.b09-0.el7_7.x86_64/jre/lib/jsse.jar:/usr/lib/jvm/java-1.8.0-openjdk-1.8.0.232.b09-0.el7_7.x86_64/jre/lib/jce.jar:/usr/lib/jvm/java-1.8.0-openjdk-1.8.0.232.b09-0.el7_7.x86_64/jre/lib/charsets.jar:/usr/lib/jvm/java-1.8.0-openjdk-1.8.0.232.b09-0.el7_7.x86_64/jre/lib/jfr.jar:/usr/lib/jvm/java-1.8.0-openjdk-1.8.0.232.b09-0.el7_7.x86_64/jre/classes"/>
    <property name="sun.management.compiler" value="HotSpot 64-Bit Tiered Compilers"/>
    <property name="skip.npx" value="true"/>
    <property name="java.runtime.version" value="1.8.0_232-b09"/>
    <property name="java.net.preferIPv4Stack" value="true"/>
    <property name="user.name" value="jenkins1001"/>
    <property name="path.separator" value=":"/>
    <property name="java.security.egd" value="file:///dev/urandom"/>
    <property name="os.version" value="5.3.0-1035-azure"/>
    <property name="java.endorsed.dirs" value="/usr/lib/jvm/java-1.8.0-openjdk-1.8.0.232.b09-0.el7_7.x86_64/jre/lib/endorsed"/>
    <property name="java.runtime.name" value="OpenJDK Runtime Environment"/>
    <property name="file.encoding" value="ANSI_X3.4-1968"/>
    <property name="java.vm.name" value="OpenJDK 64-Bit Server VM"/>
    <property name="test.build.webapps" value=""/>
    <property name="localRepository" value="/home/user/.m2/repository"/>
    <property name="java.vendor.url.bug" value="http://bugreport.sun.com/bugreport/"/>
    <property name="java.io.tmpdir" value="/tmp"/>
    <property name="require.test.libhadoop" value=""/>
    <property name="java.version" value="1.8.0_232"/>
    <property name="user.dir" value="/github/workspace/mnt/ozone/hadoop-ozone/integration-test"/>
    <property name="os.arch" value="amd64"/>
    <property name="java.vm.specification.name" value="Java Virtual Machine Specification"/>
    <property name="test.build.classes" value="/github/workspace/mnt/ozone/hadoop-ozone/integration-test/target/test-classes"/>
    <property name="java.awt.printerjob" value="sun.print.PSPrinterJob"/>
    <property name="sun.os.patch.level" value="unknown"/>
    <property name="hadoop.tmp.dir" value="/github/workspace/mnt/ozone/hadoop-ozone/integration-test/target/tmp"/>
    <property name="java.library.path" value="/usr/lib:/usr/java/packages/lib/amd64:/usr/lib64:/lib64:/lib:/usr/lib"/>
    <property name="java.vm.info" value="mixed mode"/>
    <property name="java.vendor" value="Oracle Corporation"/>
    <property name="java.vm.version" value="25.232-b09"/>
    <property name="java.ext.dirs" value="/usr/lib/jvm/java-1.8.0-openjdk-1.8.0.232.b09-0.el7_7.x86_64/jre/lib/ext:/usr/java/packages/lib/ext"/>
    <property name="sun.io.unicode.encoding" value="UnicodeLittle"/>
    <property name="java.class.version" value="52.0"/>
  </properties>
  <testcase name="testDeleteKeyWithSlowFollower" classname="org.apache.hadoop.ozone.client.rpc.TestDeleteWithSlowFollower" time="10.971">
    <failure type="java.lang.AssertionError">java.lang.AssertionError
	at org.junit.Assert.fail(Assert.java:86)
	at org.junit.Assert.assertTrue(Assert.java:41)
	at org.junit.Assert.assertTrue(Assert.java:52)
	at org.apache.hadoop.ozone.client.rpc.TestDeleteWithSlowFollower.testDeleteKeyWithSlowFollower(TestDeleteWithSlowFollower.java:272)
	at sun.reflect.NativeMethodAccessorImpl.invoke0(Native Method)
	at sun.reflect.NativeMethodAccessorImpl.invoke(NativeMethodAccessorImpl.java:62)
	at sun.reflect.DelegatingMethodAccessorImpl.invoke(DelegatingMethodAccessorImpl.java:43)
	at java.lang.reflect.Method.invoke(Method.java:498)
	at org.junit.runners.model.FrameworkMethod$1.runReflectiveCall(FrameworkMethod.java:47)
	at org.junit.internal.runners.model.ReflectiveCallable.run(ReflectiveCallable.java:12)
	at org.junit.runners.model.FrameworkMethod.invokeExplosively(FrameworkMethod.java:44)
	at org.junit.internal.runners.statements.InvokeMethod.evaluate(InvokeMethod.java:17)
	at org.junit.runners.ParentRunner.runLeaf(ParentRunner.java:271)
	at org.junit.runners.BlockJUnit4ClassRunner.runChild(BlockJUnit4ClassRunner.java:70)
	at org.junit.runners.BlockJUnit4ClassRunner.runChild(BlockJUnit4ClassRunner.java:50)
	at org.junit.runners.ParentRunner$3.run(ParentRunner.java:238)
	at org.junit.runners.ParentRunner$1.schedule(ParentRunner.java:63)
	at org.junit.runners.ParentRunner.runChildren(ParentRunner.java:236)
	at org.junit.runners.ParentRunner.access$000(ParentRunner.java:53)
	at org.junit.runners.ParentRunner$2.evaluate(ParentRunner.java:229)
	at org.junit.internal.runners.statements.RunBefores.evaluate(RunBefores.java:26)
	at org.junit.internal.runners.statements.RunAfters.evaluate(RunAfters.java:27)
	at org.junit.runners.ParentRunner.run(ParentRunner.java:309)
	at org.apache.maven.surefire.junit4.JUnit4Provider.execute(JUnit4Provider.java:365)
	at org.apache.maven.surefire.junit4.JUnit4Provider.executeWithRerun(JUnit4Provider.java:273)
	at org.apache.maven.surefire.junit4.JUnit4Provider.executeTestSet(JUnit4Provider.java:238)
	at org.apache.maven.surefire.junit4.JUnit4Provider.invoke(JUnit4Provider.java:159)
	at org.apache.maven.surefire.booter.ForkedBooter.invokeProviderInSameClassLoader(ForkedBooter.java:384)
	at org.apache.maven.surefire.booter.ForkedBooter.runSuitesInProcess(ForkedBooter.java:345)
	at org.apache.maven.surefire.booter.ForkedBooter.execute(ForkedBooter.java:126)
	at org.apache.maven.surefire.booter.ForkedBooter.main(ForkedBooter.java:418)
</failure>
    <system-out><![CDATA[2020-09-03 04:13:15,785 [main] WARN  server.ServerUtils (ServerUtils.java:getScmDbDir(148)) - ozone.scm.db.dirs is not configured. We recommend adding this setting. Falling back to ozone.metadata.dirs instead.
2020-09-03 04:13:15,875 [main] WARN  server.ServerUtils (ServerUtils.java:getScmDbDir(148)) - ozone.scm.db.dirs is not configured. We recommend adding this setting. Falling back to ozone.metadata.dirs instead.
2020-09-03 04:13:16,017 [main] WARN  db.DBStoreBuilder (DBStoreBuilder.java:createDBStoreBuilder(277)) - ozone.scm.db.dirs is not configured. We recommend adding this setting. Falling back to ozone.metadata.dirs instead.
2020-09-03 04:13:16,192 [main] INFO  net.NodeSchemaLoader (NodeSchemaLoader.java:loadSchemaFromFile(126)) - Loading file from sun.misc.CompoundEnumeration@4a3e3e8b
2020-09-03 04:13:16,193 [main] INFO  net.NodeSchemaLoader (NodeSchemaLoader.java:loadSchema(172)) - Loading network topology layer schema file
2020-09-03 04:13:16,289 [main] WARN  server.ServerUtils (ServerUtils.java:sanitizeUserArgs(73)) - ozone.scm.stale.node.interval value = 1000000 is larger than max = 100000 based on the key value of ozone.scm.heartbeat.thread.interval, reset to the max value 100000.
2020-09-03 04:13:16,289 [main] WARN  server.ServerUtils (ServerUtils.java:sanitizeUserArgs(73)) - ozone.scm.stale.node.interval value = 1000000 is larger than max = 100000 based on the key value of ozone.scm.heartbeat.thread.interval, reset to the max value 100000.
2020-09-03 04:13:16,294 [main] INFO  node.SCMNodeManager (SCMNodeManager.java:<init>(117)) - Entering startup safe mode.
2020-09-03 04:13:16,458 [main] INFO  algorithms.ContainerPlacementPolicyFactory (ContainerPlacementPolicyFactory.java:getPolicy(60)) - Create container placement policy of type org.apache.hadoop.hdds.scm.container.placement.algorithms.SCMContainerPlacementRandom
2020-09-03 04:13:16,497 [main] INFO  pipeline.SCMPipelineManager (SCMPipelineManager.java:initializePipelineState(161)) - No pipeline exists in current db
2020-09-03 04:13:16,542 [main] INFO  algorithms.PipelineChoosePolicyFactory (PipelineChoosePolicyFactory.java:createPipelineChoosePolicyFromClass(75)) - Create pipeline choose policy of type org.apache.hadoop.hdds.scm.pipeline.choose.algorithms.RandomPipelineChoosePolicy
2020-09-03 04:13:16,591 [main] INFO  safemode.HealthyPipelineSafeModeRule (HealthyPipelineSafeModeRule.java:<init>(89)) - Total pipeline count is 0, healthy pipeline threshold count is 0
2020-09-03 04:13:16,594 [main] INFO  safemode.OneReplicaPipelineSafeModeRule (OneReplicaPipelineSafeModeRule.java:<init>(79)) - Total pipeline count is 0, pipeline's with at least one datanode reported threshold count is 0
2020-09-03 04:13:16,977 [main] INFO  ipc.CallQueueManager (CallQueueManager.java:<init>(84)) - Using callQueue: class java.util.concurrent.LinkedBlockingQueue, queueCapacity: 2000, scheduler: class org.apache.hadoop.ipc.DefaultRpcScheduler, ipcBackoff: false.
2020-09-03 04:13:16,999 [Socket Reader #1 for port 0] INFO  ipc.Server (Server.java:run(1219)) - Starting Socket Reader #1 for port 0
2020-09-03 04:13:17,033 [Listener at 0.0.0.0/44955] INFO  ipc.CallQueueManager (CallQueueManager.java:<init>(84)) - Using callQueue: class java.util.concurrent.LinkedBlockingQueue, queueCapacity: 2000, scheduler: class org.apache.hadoop.ipc.DefaultRpcScheduler, ipcBackoff: false.
2020-09-03 04:13:17,035 [Socket Reader #1 for port 0] INFO  ipc.Server (Server.java:run(1219)) - Starting Socket Reader #1 for port 0
2020-09-03 04:13:17,049 [Listener at 0.0.0.0/34569] INFO  ipc.CallQueueManager (CallQueueManager.java:<init>(84)) - Using callQueue: class java.util.concurrent.LinkedBlockingQueue, queueCapacity: 2000, scheduler: class org.apache.hadoop.ipc.DefaultRpcScheduler, ipcBackoff: false.
2020-09-03 04:13:17,049 [Socket Reader #1 for port 0] INFO  ipc.Server (Server.java:run(1219)) - Starting Socket Reader #1 for port 0
2020-09-03 04:13:17,080 [Listener at 0.0.0.0/43225] INFO  http.BaseHttpServer (BaseHttpServer.java:newHttpServer2BuilderForOzone(207)) - Starting Web-server for scm at: http://0.0.0.0:0
2020-09-03 04:13:17,080 [Listener at 0.0.0.0/43225] INFO  http.BaseHttpServer (BaseHttpServer.java:<init>(106)) - Hadoop Security Enabled: false Ozone Security Enabled: false Ozone HTTP Security Enabled: false 
2020-09-03 04:13:17,105 [Listener at 0.0.0.0/43225] INFO  util.log (Log.java:initialized(169)) - Logging initialized @2325ms to org.eclipse.jetty.util.log.Slf4jLog
2020-09-03 04:13:17,227 [Listener at 0.0.0.0/43225] INFO  server.AuthenticationFilter (AuthenticationFilter.java:constructSecretProvider(240)) - Unable to initialize FileSignerSecretProvider, falling back to use random secrets.
2020-09-03 04:13:17,245 [Listener at 0.0.0.0/43225] WARN  http.HttpRequestLog (HttpRequestLog.java:getRequestLog(103)) - Jetty request log can only be enabled using Log4j
2020-09-03 04:13:17,250 [Listener at 0.0.0.0/43225] INFO  http.HttpServer2 (HttpServer2.java:addGlobalFilter(1019)) - Added global filter 'safety' (class=org.apache.hadoop.hdds.server.http.HttpServer2$QuotingInputFilter)
2020-09-03 04:13:17,255 [Listener at 0.0.0.0/43225] INFO  http.HttpServer2 (HttpServer2.java:addFilter(995)) - Added filter static_user_filter (class=org.apache.hadoop.http.lib.StaticUserWebFilter$StaticUserFilter) to context scm
2020-09-03 04:13:17,255 [Listener at 0.0.0.0/43225] INFO  http.HttpServer2 (HttpServer2.java:addFilter(1003)) - Added filter static_user_filter (class=org.apache.hadoop.http.lib.StaticUserWebFilter$StaticUserFilter) to context logs
2020-09-03 04:13:17,255 [Listener at 0.0.0.0/43225] INFO  http.HttpServer2 (HttpServer2.java:addFilter(1003)) - Added filter static_user_filter (class=org.apache.hadoop.http.lib.StaticUserWebFilter$StaticUserFilter) to context static
2020-09-03 04:13:17,306 [Listener at 0.0.0.0/43225] INFO  server.StorageContainerManager (StorageContainerManager.java:start(789)) - StorageContainerLocationProtocol RPC server is listening at /0.0.0.0:43225
2020-09-03 04:13:17,359 [Listener at 0.0.0.0/43225] WARN  impl.MetricsConfig (MetricsConfig.java:loadFirst(134)) - Cannot locate configuration: tried hadoop-metrics2-storagecontainermanager.properties,hadoop-metrics2.properties
2020-09-03 04:13:17,374 [Listener at 0.0.0.0/43225] INFO  impl.MetricsSystemImpl (MetricsSystemImpl.java:startTimer(374)) - Scheduled Metric snapshot period at 10 second(s).
2020-09-03 04:13:17,374 [Listener at 0.0.0.0/43225] INFO  impl.MetricsSystemImpl (MetricsSystemImpl.java:start(191)) - StorageContainerManager metrics system started
2020-09-03 04:13:17,573 [Listener at 0.0.0.0/43225] INFO  server.SCMClientProtocolServer (SCMClientProtocolServer.java:start(156)) - RPC server for Client  is listening at /0.0.0.0:43225
2020-09-03 04:13:17,574 [IPC Server Responder] INFO  ipc.Server (Server.java:run(1460)) - IPC Server Responder: starting
2020-09-03 04:13:17,575 [IPC Server listener on 0] INFO  ipc.Server (Server.java:run(1298)) - IPC Server listener on 0: starting
2020-09-03 04:13:17,578 [Listener at 0.0.0.0/43225] INFO  server.StorageContainerManager (StorageContainerManager.java:start(801)) - ScmBlockLocationProtocol RPC server is listening at /0.0.0.0:34569
2020-09-03 04:13:17,578 [Listener at 0.0.0.0/43225] INFO  server.SCMBlockProtocolServer (SCMBlockProtocolServer.java:start(149)) - RPC server for Block Protocol is listening at /0.0.0.0:34569
2020-09-03 04:13:17,585 [IPC Server Responder] INFO  ipc.Server (Server.java:run(1460)) - IPC Server Responder: starting
2020-09-03 04:13:17,585 [IPC Server listener on 0] INFO  ipc.Server (Server.java:run(1298)) - IPC Server listener on 0: starting
2020-09-03 04:13:17,660 [Listener at 0.0.0.0/43225] INFO  server.StorageContainerManager (StorageContainerManager.java:start(807)) - ScmDatanodeProtocl RPC server is listening at /0.0.0.0:44955
2020-09-03 04:13:17,661 [Listener at 0.0.0.0/43225] INFO  server.SCMDatanodeProtocolServer (SCMDatanodeProtocolServer.java:start(172)) - RPC server for DataNodes is listening at /0.0.0.0:44955
2020-09-03 04:13:17,665 [IPC Server Responder] INFO  ipc.Server (Server.java:run(1460)) - IPC Server Responder: starting
2020-09-03 04:13:17,669 [IPC Server listener on 0] INFO  ipc.Server (Server.java:run(1298)) - IPC Server listener on 0: starting
2020-09-03 04:13:17,738 [Listener at 0.0.0.0/43225] INFO  http.HttpServer2 (HttpServer2.java:bindListener(1237)) - Jetty bound to port 38957
2020-09-03 04:13:17,740 [Listener at 0.0.0.0/43225] INFO  server.Server (Server.java:doStart(359)) - jetty-9.4.26.v20200117; built: 2020-01-17T12:35:33.676Z; git: 7b38981d25d14afb4a12ff1f2596756144edf695; jvm 1.8.0_232-b09
2020-09-03 04:13:17,775 [Listener at 0.0.0.0/43225] INFO  server.session (DefaultSessionIdManager.java:doStart(333)) - DefaultSessionIdManager workerName=node0
2020-09-03 04:13:17,775 [Listener at 0.0.0.0/43225] INFO  server.session (DefaultSessionIdManager.java:doStart(338)) - No SessionScavenger set, using defaults
2020-09-03 04:13:17,778 [Listener at 0.0.0.0/43225] INFO  server.session (HouseKeeper.java:startScavenging(140)) - node0 Scavenging every 660000ms
2020-09-03 04:13:17,792 [Listener at 0.0.0.0/43225] INFO  handler.ContextHandler (ContextHandler.java:doStart(825)) - Started o.e.j.s.ServletContextHandler@789c3057{logs,/logs,file:///github/workspace/mnt/ozone/hadoop-ozone/integration-test/target/log,AVAILABLE}
2020-09-03 04:13:17,793 [Listener at 0.0.0.0/43225] INFO  handler.ContextHandler (ContextHandler.java:doStart(825)) - Started o.e.j.s.ServletContextHandler@60cb1ed6{static,/static,file:///github/workspace/mnt/ozone/hadoop-ozone/integration-test/target/test-classes/webapps/static,AVAILABLE}
2020-09-03 04:13:17,838 [Listener at 0.0.0.0/43225] INFO  handler.ContextHandler (ContextHandler.java:doStart(825)) - Started o.e.j.w.WebAppContext@7e7740a5{scm,/,file:///github/workspace/mnt/ozone/hadoop-ozone/integration-test/target/test-classes/webapps/scm/,AVAILABLE}{file:/github/workspace/mnt/ozone/hadoop-ozone/integration-test/target/test-classes/webapps/scm}
2020-09-03 04:13:17,847 [Listener at 0.0.0.0/43225] INFO  server.AbstractConnector (AbstractConnector.java:doStart(330)) - Started ServerConnector@d13960e{HTTP/1.1,[http/1.1]}{0.0.0.0:38957}
2020-09-03 04:13:17,847 [Listener at 0.0.0.0/43225] INFO  server.Server (Server.java:doStart(399)) - Started @3067ms
2020-09-03 04:13:17,849 [Listener at 0.0.0.0/43225] INFO  impl.MetricsSinkAdapter (MetricsSinkAdapter.java:start(204)) - Sink prometheus started
2020-09-03 04:13:17,849 [Listener at 0.0.0.0/43225] INFO  impl.MetricsSystemImpl (MetricsSystemImpl.java:registerSink(301)) - Registered sink prometheus
2020-09-03 04:13:17,853 [Listener at 0.0.0.0/43225] INFO  http.BaseHttpServer (BaseHttpServer.java:updateConnectorAddress(327)) - HTTP server of scm listening at http://0.0.0.0:38957
2020-09-03 04:13:17,861 [Listener at 0.0.0.0/43225] WARN  server.ServerUtils (ServerUtils.java:getDBPath(225)) - ozone.om.db.dirs is not configured. We recommend adding this setting. Falling back to ozone.metadata.dirs instead.
2020-09-03 04:13:17,864 [org.apache.hadoop.util.JvmPauseMonitor$Monitor@16d431b4] INFO  util.JvmPauseMonitor (JvmPauseMonitor.java:run(188)) - Starting JVM pause monitor
2020-09-03 04:13:17,970 [Listener at 0.0.0.0/43225] INFO  ha.OMHANodeDetails (OMHANodeDetails.java:loadOMHAConfig(104)) - ozone.om.internal.service.id is not defined, falling back to ozone.om.service.ids to find serviceID for OzoneManager if it is HA enabled cluster
2020-09-03 04:13:17,973 [Listener at 0.0.0.0/43225] INFO  ha.OMHANodeDetails (OMHANodeDetails.java:loadOMHAConfig(213)) - Configuration either no ozone.om.address set. Falling back to the default OM address /127.0.0.1:0
2020-09-03 04:13:17,973 [Listener at 0.0.0.0/43225] INFO  ha.OMHANodeDetails (OMHANodeDetails.java:getOMNodeDetails(241)) - OM Service ID is not set. Setting it to the default ID: omServiceIdDefault
2020-09-03 04:13:17,975 [Listener at 0.0.0.0/43225] WARN  server.ServerUtils (ServerUtils.java:getDBPath(225)) - ozone.om.db.dirs is not configured. We recommend adding this setting. Falling back to ozone.metadata.dirs instead.
2020-09-03 04:13:17,979 [Listener at 0.0.0.0/43225] WARN  server.ServerUtils (ServerUtils.java:getDBPath(225)) - ozone.om.db.dirs is not configured. We recommend adding this setting. Falling back to ozone.metadata.dirs instead.
2020-09-03 04:13:18,673 [Listener at 0.0.0.0/43225] WARN  server.ServerUtils (ServerUtils.java:getDBPath(225)) - ozone.om.db.dirs is not configured. We recommend adding this setting. Falling back to ozone.metadata.dirs instead.
2020-09-03 04:13:18,678 [Listener at 0.0.0.0/43225] INFO  codec.OmKeyInfoCodec (OmKeyInfoCodec.java:<init>(41)) - OmKeyInfoCodec ignorePipeline = true
2020-09-03 04:13:18,680 [Listener at 0.0.0.0/43225] INFO  codec.RepeatedOmKeyInfoCodec (RepeatedOmKeyInfoCodec.java:<init>(40)) - RepeatedOmKeyInfoCodec ignorePipeline = true
2020-09-03 04:13:18,840 [Listener at 0.0.0.0/43225] INFO  om.OzoneManager (OzoneManager.java:addS3GVolumeToDB(3600)) - Created Volume s3v With Owner jenkins1001 required for S3Gateway operations.
2020-09-03 04:13:18,881 [Listener at 0.0.0.0/43225] INFO  ipc.CallQueueManager (CallQueueManager.java:<init>(84)) - Using callQueue: class java.util.concurrent.LinkedBlockingQueue, queueCapacity: 2000, scheduler: class org.apache.hadoop.ipc.DefaultRpcScheduler, ipcBackoff: false.
2020-09-03 04:13:18,882 [Socket Reader #1 for port 0] INFO  ipc.Server (Server.java:run(1219)) - Starting Socket Reader #1 for port 0
2020-09-03 04:13:18,916 [Listener at 127.0.0.1/46265] INFO  impl.MetricsSystemImpl (MetricsSystemImpl.java:init(158)) - OzoneManager metrics system started (again)
2020-09-03 04:13:18,918 [Listener at 127.0.0.1/46265] INFO  om.OzoneManager (OzoneManager.java:start(1132)) - OzoneManager RPC server is listening at localhost/127.0.0.1:46265
2020-09-03 04:13:18,944 [Listener at 127.0.0.1/46265] INFO  http.BaseHttpServer (BaseHttpServer.java:newHttpServer2BuilderForOzone(207)) - Starting Web-server for ozoneManager at: http://0.0.0.0:0
2020-09-03 04:13:18,945 [Listener at 127.0.0.1/46265] INFO  http.BaseHttpServer (BaseHttpServer.java:<init>(106)) - Hadoop Security Enabled: false Ozone Security Enabled: false Ozone HTTP Security Enabled: false 
2020-09-03 04:13:18,946 [Listener at 127.0.0.1/46265] INFO  server.AuthenticationFilter (AuthenticationFilter.java:constructSecretProvider(240)) - Unable to initialize FileSignerSecretProvider, falling back to use random secrets.
2020-09-03 04:13:18,947 [Listener at 127.0.0.1/46265] WARN  http.HttpRequestLog (HttpRequestLog.java:getRequestLog(103)) - Jetty request log can only be enabled using Log4j
2020-09-03 04:13:18,948 [Listener at 127.0.0.1/46265] INFO  http.HttpServer2 (HttpServer2.java:addGlobalFilter(1019)) - Added global filter 'safety' (class=org.apache.hadoop.hdds.server.http.HttpServer2$QuotingInputFilter)
2020-09-03 04:13:18,949 [Listener at 127.0.0.1/46265] INFO  http.HttpServer2 (HttpServer2.java:addFilter(995)) - Added filter static_user_filter (class=org.apache.hadoop.http.lib.StaticUserWebFilter$StaticUserFilter) to context ozoneManager
2020-09-03 04:13:18,949 [Listener at 127.0.0.1/46265] INFO  http.HttpServer2 (HttpServer2.java:addFilter(1003)) - Added filter static_user_filter (class=org.apache.hadoop.http.lib.StaticUserWebFilter$StaticUserFilter) to context logs
2020-09-03 04:13:18,949 [Listener at 127.0.0.1/46265] INFO  http.HttpServer2 (HttpServer2.java:addFilter(1003)) - Added filter static_user_filter (class=org.apache.hadoop.http.lib.StaticUserWebFilter$StaticUserFilter) to context static
2020-09-03 04:13:18,952 [Listener at 127.0.0.1/46265] INFO  http.HttpServer2 (HttpServer2.java:bindListener(1237)) - Jetty bound to port 39063
2020-09-03 04:13:18,952 [Listener at 127.0.0.1/46265] INFO  server.Server (Server.java:doStart(359)) - jetty-9.4.26.v20200117; built: 2020-01-17T12:35:33.676Z; git: 7b38981d25d14afb4a12ff1f2596756144edf695; jvm 1.8.0_232-b09
2020-09-03 04:13:18,954 [Listener at 127.0.0.1/46265] INFO  server.session (DefaultSessionIdManager.java:doStart(333)) - DefaultSessionIdManager workerName=node0
2020-09-03 04:13:18,954 [Listener at 127.0.0.1/46265] INFO  server.session (DefaultSessionIdManager.java:doStart(338)) - No SessionScavenger set, using defaults
2020-09-03 04:13:18,954 [Listener at 127.0.0.1/46265] INFO  server.session (HouseKeeper.java:startScavenging(140)) - node0 Scavenging every 660000ms
2020-09-03 04:13:18,956 [Listener at 127.0.0.1/46265] INFO  handler.ContextHandler (ContextHandler.java:doStart(825)) - Started o.e.j.s.ServletContextHandler@347f8029{logs,/logs,file:///github/workspace/mnt/ozone/hadoop-ozone/integration-test/target/log,AVAILABLE}
2020-09-03 04:13:18,956 [Listener at 127.0.0.1/46265] INFO  handler.ContextHandler (ContextHandler.java:doStart(825)) - Started o.e.j.s.ServletContextHandler@630e5010{static,/static,file:///github/workspace/mnt/ozone/hadoop-ozone/integration-test/target/test-classes/webapps/static,AVAILABLE}
2020-09-03 04:13:18,959 [Listener at 127.0.0.1/46265] INFO  handler.ContextHandler (ContextHandler.java:doStart(825)) - Started o.e.j.w.WebAppContext@2748bd6c{ozoneManager,/,file:///github/workspace/mnt/ozone/hadoop-ozone/integration-test/target/test-classes/webapps/ozoneManager/,AVAILABLE}{file:/github/workspace/mnt/ozone/hadoop-ozone/integration-test/target/test-classes/webapps/ozoneManager}
2020-09-03 04:13:18,961 [Listener at 127.0.0.1/46265] INFO  server.AbstractConnector (AbstractConnector.java:doStart(330)) - Started ServerConnector@4edd8a0a{HTTP/1.1,[http/1.1]}{0.0.0.0:39063}
2020-09-03 04:13:18,961 [Listener at 127.0.0.1/46265] INFO  server.Server (Server.java:doStart(399)) - Started @4181ms
2020-09-03 04:13:18,961 [Listener at 127.0.0.1/46265] WARN  impl.MetricsSystemImpl (MetricsSystemImpl.java:register(276)) - Sink prometheus already exists!
2020-09-03 04:13:18,966 [Listener at 127.0.0.1/46265] INFO  http.BaseHttpServer (BaseHttpServer.java:updateConnectorAddress(327)) - HTTP server of ozoneManager listening at http://0.0.0.0:39063
2020-09-03 04:13:18,967 [IPC Server Responder] INFO  ipc.Server (Server.java:run(1460)) - IPC Server Responder: starting
2020-09-03 04:13:18,967 [IPC Server listener on 0] INFO  ipc.Server (Server.java:run(1298)) - IPC Server listener on 0: starting
2020-09-03 04:13:18,984 [org.apache.hadoop.util.JvmPauseMonitor$Monitor@32068aef] INFO  util.JvmPauseMonitor (JvmPauseMonitor.java:run(188)) - Starting JVM pause monitor
2020-09-03 04:13:19,133 [Listener at 127.0.0.1/46265] INFO  metrics.MetricRegistries (MetricRegistriesLoader.java:load(64)) - Loaded MetricRegistries class org.apache.ratis.metrics.impl.MetricRegistriesImpl
2020-09-03 04:13:19,136 [Listener at 127.0.0.1/46265] INFO  impl.MetricsSystemImpl (MetricsSystemImpl.java:init(158)) - HddsDatanode metrics system started (again)
2020-09-03 04:13:19,141 [Listener at 127.0.0.1/46265] INFO  ozone.HddsDatanodeService (HddsDatanodeService.java:start(217)) - HddsDatanodeService host:90479f4426fb ip:172.17.0.2
2020-09-03 04:13:19,187 [Listener at 127.0.0.1/46265] INFO  volume.HddsVolume (HddsVolume.java:<init>(176)) - Creating Volume: /github/workspace/mnt/ozone/hadoop-ozone/integration-test/target/test-dir/MiniOzoneClusterImpl-1fba4767-94f5-452d-84d3-bc97b60faa1d/datanode-0/data-0/containers/hdds of storage type : DISK and capacity : 9223372036854775807
2020-09-03 04:13:19,191 [Listener at 127.0.0.1/46265] INFO  volume.MutableVolumeSet (MutableVolumeSet.java:initializeVolumeSet(179)) - Added Volume : /github/workspace/mnt/ozone/hadoop-ozone/integration-test/target/test-dir/MiniOzoneClusterImpl-1fba4767-94f5-452d-84d3-bc97b60faa1d/datanode-0/data-0/containers/hdds to VolumeSet
2020-09-03 04:13:19,192 [Listener at 127.0.0.1/46265] INFO  volume.ThrottledAsyncChecker (ThrottledAsyncChecker.java:schedule(141)) - Scheduling a check for /github/workspace/mnt/ozone/hadoop-ozone/integration-test/target/test-dir/MiniOzoneClusterImpl-1fba4767-94f5-452d-84d3-bc97b60faa1d/datanode-0/data-0/containers/hdds
2020-09-03 04:13:19,214 [Listener at 127.0.0.1/46265] INFO  volume.HddsVolumeChecker (HddsVolumeChecker.java:checkAllVolumes(200)) - Scheduled health check for volume /github/workspace/mnt/ozone/hadoop-ozone/integration-test/target/test-dir/MiniOzoneClusterImpl-1fba4767-94f5-452d-84d3-bc97b60faa1d/datanode-0/data-0/containers/hdds
2020-09-03 04:13:19,241 [Thread-130] INFO  ozoneimpl.ContainerReader (ContainerReader.java:readVolume(123)) - Start to verify containers on volume /github/workspace/mnt/ozone/hadoop-ozone/integration-test/target/test-dir/MiniOzoneClusterImpl-1fba4767-94f5-452d-84d3-bc97b60faa1d/datanode-0/data-0/containers/hdds
2020-09-03 04:13:19,242 [Thread-130] INFO  ozoneimpl.ContainerReader (ContainerReader.java:readVolume(148)) - Finish verifying containers on volume /github/workspace/mnt/ozone/hadoop-ozone/integration-test/target/test-dir/MiniOzoneClusterImpl-1fba4767-94f5-452d-84d3-bc97b60faa1d/datanode-0/data-0/containers/hdds
2020-09-03 04:13:19,242 [Listener at 127.0.0.1/46265] INFO  ozoneimpl.OzoneContainer (OzoneContainer.java:buildContainerSet(196)) - Build ContainerSet costs 0s
2020-09-03 04:13:19,362 [Listener at 127.0.0.1/46265] INFO  impl.RaftServerProxy (ConfUtils.java:logGet(44)) - raft.rpc.type = GRPC (default)
2020-09-03 04:13:19,443 [Listener at 127.0.0.1/46265] INFO  grpc.GrpcFactory (GrpcFactory.java:checkPooledByteBufAllocatorUseCacheForAllThreads(45)) - PERFORMANCE WARNING: useCacheForAllThreads is true that may cause Netty to create a lot garbage objects and, as a result, trigger GC.
	It is recommended to disable useCacheForAllThreads by setting -Dorg.apache.ratis.thirdparty.io.netty.allocator.useCacheForAllThreads=false in command line.
2020-09-03 04:13:19,449 [Listener at 127.0.0.1/46265] INFO  grpc.GrpcConfigKeys (ConfUtils.java:logGet(44)) - raft.grpc.server.port = 0 (default)
2020-09-03 04:13:19,449 [Listener at 127.0.0.1/46265] INFO  server.GrpcService (ConfUtils.java:logGet(44)) - raft.grpc.message.size.max = 32MB (=33554432) (custom)
2020-09-03 04:13:19,450 [Listener at 127.0.0.1/46265] INFO  server.RaftServerConfigKeys (ConfUtils.java:logGet(44)) - raft.server.log.appender.buffer.byte-limit = 33554432 (custom)
2020-09-03 04:13:19,451 [Listener at 127.0.0.1/46265] INFO  server.GrpcService (ConfUtils.java:logGet(44)) - raft.grpc.flow.control.window = 5MB (=5242880) (custom)
2020-09-03 04:13:19,451 [Listener at 127.0.0.1/46265] INFO  server.RaftServerConfigKeys (ConfUtils.java:logGet(44)) - raft.server.rpc.request.timeout = 3000ms (default)
2020-09-03 04:13:19,672 [Listener at 127.0.0.1/46265] INFO  server.RaftServerConfigKeys (ConfUtils.java:logGet(44)) - raft.server.storage.dir = [/github/workspace/mnt/ozone/hadoop-ozone/integration-test/target/test-dir/MiniOzoneClusterImpl-1fba4767-94f5-452d-84d3-bc97b60faa1d/datanode-0/data/ratis] (custom)
2020-09-03 04:13:19,755 [Listener at 127.0.0.1/46265] INFO  http.BaseHttpServer (BaseHttpServer.java:newHttpServer2BuilderForOzone(207)) - Starting Web-server for hddsDatanode at: http://0.0.0.0:0
2020-09-03 04:13:19,755 [Listener at 127.0.0.1/46265] INFO  http.BaseHttpServer (BaseHttpServer.java:<init>(106)) - Hadoop Security Enabled: false Ozone Security Enabled: false Ozone HTTP Security Enabled: false 
2020-09-03 04:13:19,757 [Listener at 127.0.0.1/46265] INFO  server.AuthenticationFilter (AuthenticationFilter.java:constructSecretProvider(240)) - Unable to initialize FileSignerSecretProvider, falling back to use random secrets.
2020-09-03 04:13:19,757 [Listener at 127.0.0.1/46265] WARN  http.HttpRequestLog (HttpRequestLog.java:getRequestLog(103)) - Jetty request log can only be enabled using Log4j
2020-09-03 04:13:19,759 [Listener at 127.0.0.1/46265] INFO  http.HttpServer2 (HttpServer2.java:addGlobalFilter(1019)) - Added global filter 'safety' (class=org.apache.hadoop.hdds.server.http.HttpServer2$QuotingInputFilter)
2020-09-03 04:13:19,760 [Listener at 127.0.0.1/46265] INFO  http.HttpServer2 (HttpServer2.java:addFilter(995)) - Added filter static_user_filter (class=org.apache.hadoop.http.lib.StaticUserWebFilter$StaticUserFilter) to context hddsDatanode
2020-09-03 04:13:19,760 [Listener at 127.0.0.1/46265] INFO  http.HttpServer2 (HttpServer2.java:addFilter(1003)) - Added filter static_user_filter (class=org.apache.hadoop.http.lib.StaticUserWebFilter$StaticUserFilter) to context logs
2020-09-03 04:13:19,760 [Listener at 127.0.0.1/46265] INFO  http.HttpServer2 (HttpServer2.java:addFilter(1003)) - Added filter static_user_filter (class=org.apache.hadoop.http.lib.StaticUserWebFilter$StaticUserFilter) to context static
2020-09-03 04:13:19,764 [Listener at 127.0.0.1/46265] INFO  http.HttpServer2 (HttpServer2.java:bindListener(1237)) - Jetty bound to port 41973
2020-09-03 04:13:19,764 [Listener at 127.0.0.1/46265] INFO  server.Server (Server.java:doStart(359)) - jetty-9.4.26.v20200117; built: 2020-01-17T12:35:33.676Z; git: 7b38981d25d14afb4a12ff1f2596756144edf695; jvm 1.8.0_232-b09
2020-09-03 04:13:19,769 [Listener at 127.0.0.1/46265] INFO  server.session (DefaultSessionIdManager.java:doStart(333)) - DefaultSessionIdManager workerName=node0
2020-09-03 04:13:19,769 [Listener at 127.0.0.1/46265] INFO  server.session (DefaultSessionIdManager.java:doStart(338)) - No SessionScavenger set, using defaults
2020-09-03 04:13:19,769 [Listener at 127.0.0.1/46265] INFO  server.session (HouseKeeper.java:startScavenging(140)) - node0 Scavenging every 600000ms
2020-09-03 04:13:19,770 [Listener at 127.0.0.1/46265] INFO  handler.ContextHandler (ContextHandler.java:doStart(825)) - Started o.e.j.s.ServletContextHandler@5ce9c9e8{logs,/logs,file:///github/workspace/mnt/ozone/hadoop-ozone/integration-test/target/log,AVAILABLE}
2020-09-03 04:13:19,771 [Listener at 127.0.0.1/46265] INFO  handler.ContextHandler (ContextHandler.java:doStart(825)) - Started o.e.j.s.ServletContextHandler@4c6ebaf2{static,/static,jar:file:/home/user/.m2/repository/org/apache/hadoop/hadoop-hdds-container-service/1.1.0-SNAPSHOT/hadoop-hdds-container-service-1.1.0-SNAPSHOT.jar!/webapps/static,AVAILABLE}
2020-09-03 04:13:19,940 [Listener at 127.0.0.1/46265] INFO  handler.ContextHandler (ContextHandler.java:doStart(825)) - Started o.e.j.w.WebAppContext@e870ac9{hddsDatanode,/,file:///tmp/jetty-0_0_0_0-41973-hadoop-hdds-container-service-1_1_0-SNAPSHOT_jar-_-any-3907807739462081912.dir/webapp/,AVAILABLE}{jar:file:/home/user/.m2/repository/org/apache/hadoop/hadoop-hdds-container-service/1.1.0-SNAPSHOT/hadoop-hdds-container-service-1.1.0-SNAPSHOT.jar!/webapps/hddsDatanode}
2020-09-03 04:13:19,942 [Listener at 127.0.0.1/46265] INFO  server.AbstractConnector (AbstractConnector.java:doStart(330)) - Started ServerConnector@48971262{HTTP/1.1,[http/1.1]}{0.0.0.0:41973}
2020-09-03 04:13:19,943 [Listener at 127.0.0.1/46265] INFO  server.Server (Server.java:doStart(399)) - Started @5162ms
2020-09-03 04:13:19,943 [Listener at 127.0.0.1/46265] WARN  impl.MetricsSystemImpl (MetricsSystemImpl.java:register(276)) - Sink prometheus already exists!
2020-09-03 04:13:19,947 [Listener at 127.0.0.1/46265] INFO  http.BaseHttpServer (BaseHttpServer.java:updateConnectorAddress(327)) - HTTP server of hddsDatanode listening at http://0.0.0.0:41973
2020-09-03 04:13:19,948 [Listener at 127.0.0.1/46265] INFO  impl.MetricsSystemImpl (MetricsSystemImpl.java:init(158)) - HddsDatanode metrics system started (again)
2020-09-03 04:13:19,949 [Listener at 127.0.0.1/46265] INFO  ozone.HddsDatanodeService (HddsDatanodeService.java:start(217)) - HddsDatanodeService host:90479f4426fb ip:172.17.0.2
2020-09-03 04:13:19,950 [Listener at 127.0.0.1/46265] INFO  volume.HddsVolume (HddsVolume.java:<init>(176)) - Creating Volume: /github/workspace/mnt/ozone/hadoop-ozone/integration-test/target/test-dir/MiniOzoneClusterImpl-1fba4767-94f5-452d-84d3-bc97b60faa1d/datanode-1/data-0/containers/hdds of storage type : DISK and capacity : 9223372036854775807
2020-09-03 04:13:19,951 [Listener at 127.0.0.1/46265] INFO  volume.MutableVolumeSet (MutableVolumeSet.java:initializeVolumeSet(179)) - Added Volume : /github/workspace/mnt/ozone/hadoop-ozone/integration-test/target/test-dir/MiniOzoneClusterImpl-1fba4767-94f5-452d-84d3-bc97b60faa1d/datanode-1/data-0/containers/hdds to VolumeSet
2020-09-03 04:13:19,951 [Listener at 127.0.0.1/46265] INFO  volume.ThrottledAsyncChecker (ThrottledAsyncChecker.java:schedule(141)) - Scheduling a check for /github/workspace/mnt/ozone/hadoop-ozone/integration-test/target/test-dir/MiniOzoneClusterImpl-1fba4767-94f5-452d-84d3-bc97b60faa1d/datanode-1/data-0/containers/hdds
2020-09-03 04:13:19,954 [Listener at 127.0.0.1/46265] INFO  volume.HddsVolumeChecker (HddsVolumeChecker.java:checkAllVolumes(200)) - Scheduled health check for volume /github/workspace/mnt/ozone/hadoop-ozone/integration-test/target/test-dir/MiniOzoneClusterImpl-1fba4767-94f5-452d-84d3-bc97b60faa1d/datanode-1/data-0/containers/hdds
2020-09-03 04:13:19,984 [org.apache.hadoop.util.JvmPauseMonitor$Monitor@58ae5dea] INFO  util.JvmPauseMonitor (JvmPauseMonitor.java:run(188)) - Starting JVM pause monitor
2020-09-03 04:13:19,996 [Thread-139] INFO  ozoneimpl.ContainerReader (ContainerReader.java:readVolume(123)) - Start to verify containers on volume /github/workspace/mnt/ozone/hadoop-ozone/integration-test/target/test-dir/MiniOzoneClusterImpl-1fba4767-94f5-452d-84d3-bc97b60faa1d/datanode-1/data-0/containers/hdds
2020-09-03 04:13:19,996 [Thread-139] INFO  ozoneimpl.ContainerReader (ContainerReader.java:readVolume(148)) - Finish verifying containers on volume /github/workspace/mnt/ozone/hadoop-ozone/integration-test/target/test-dir/MiniOzoneClusterImpl-1fba4767-94f5-452d-84d3-bc97b60faa1d/datanode-1/data-0/containers/hdds
2020-09-03 04:13:19,997 [Listener at 127.0.0.1/46265] INFO  ozoneimpl.OzoneContainer (OzoneContainer.java:buildContainerSet(196)) - Build ContainerSet costs 0s
2020-09-03 04:13:19,999 [Listener at 127.0.0.1/46265] INFO  impl.RaftServerProxy (ConfUtils.java:logGet(44)) - raft.rpc.type = GRPC (default)
2020-09-03 04:13:19,999 [Listener at 127.0.0.1/46265] INFO  grpc.GrpcFactory (GrpcFactory.java:checkPooledByteBufAllocatorUseCacheForAllThreads(45)) - PERFORMANCE WARNING: useCacheForAllThreads is true that may cause Netty to create a lot garbage objects and, as a result, trigger GC.
	It is recommended to disable useCacheForAllThreads by setting -Dorg.apache.ratis.thirdparty.io.netty.allocator.useCacheForAllThreads=false in command line.
2020-09-03 04:13:19,999 [Listener at 127.0.0.1/46265] INFO  grpc.GrpcConfigKeys (ConfUtils.java:logGet(44)) - raft.grpc.server.port = 0 (default)
2020-09-03 04:13:20,000 [Listener at 127.0.0.1/46265] INFO  server.GrpcService (ConfUtils.java:logGet(44)) - raft.grpc.message.size.max = 32MB (=33554432) (custom)
2020-09-03 04:13:20,000 [Listener at 127.0.0.1/46265] INFO  server.RaftServerConfigKeys (ConfUtils.java:logGet(44)) - raft.server.log.appender.buffer.byte-limit = 33554432 (custom)
2020-09-03 04:13:20,000 [Listener at 127.0.0.1/46265] INFO  server.GrpcService (ConfUtils.java:logGet(44)) - raft.grpc.flow.control.window = 5MB (=5242880) (custom)
2020-09-03 04:13:20,000 [Listener at 127.0.0.1/46265] INFO  server.RaftServerConfigKeys (ConfUtils.java:logGet(44)) - raft.server.rpc.request.timeout = 3000ms (default)
2020-09-03 04:13:20,001 [Listener at 127.0.0.1/46265] INFO  server.RaftServerConfigKeys (ConfUtils.java:logGet(44)) - raft.server.storage.dir = [/github/workspace/mnt/ozone/hadoop-ozone/integration-test/target/test-dir/MiniOzoneClusterImpl-1fba4767-94f5-452d-84d3-bc97b60faa1d/datanode-1/data/ratis] (custom)
2020-09-03 04:13:20,008 [Listener at 127.0.0.1/46265] INFO  http.BaseHttpServer (BaseHttpServer.java:newHttpServer2BuilderForOzone(207)) - Starting Web-server for hddsDatanode at: http://0.0.0.0:0
2020-09-03 04:13:20,008 [Listener at 127.0.0.1/46265] INFO  http.BaseHttpServer (BaseHttpServer.java:<init>(106)) - Hadoop Security Enabled: false Ozone Security Enabled: false Ozone HTTP Security Enabled: false 
2020-09-03 04:13:20,009 [Listener at 127.0.0.1/46265] INFO  server.AuthenticationFilter (AuthenticationFilter.java:constructSecretProvider(240)) - Unable to initialize FileSignerSecretProvider, falling back to use random secrets.
2020-09-03 04:13:20,016 [Listener at 127.0.0.1/46265] WARN  http.HttpRequestLog (HttpRequestLog.java:getRequestLog(103)) - Jetty request log can only be enabled using Log4j
2020-09-03 04:13:20,017 [Listener at 127.0.0.1/46265] INFO  http.HttpServer2 (HttpServer2.java:addGlobalFilter(1019)) - Added global filter 'safety' (class=org.apache.hadoop.hdds.server.http.HttpServer2$QuotingInputFilter)
2020-09-03 04:13:20,018 [Listener at 127.0.0.1/46265] INFO  http.HttpServer2 (HttpServer2.java:addFilter(995)) - Added filter static_user_filter (class=org.apache.hadoop.http.lib.StaticUserWebFilter$StaticUserFilter) to context hddsDatanode
2020-09-03 04:13:20,018 [Listener at 127.0.0.1/46265] INFO  http.HttpServer2 (HttpServer2.java:addFilter(1003)) - Added filter static_user_filter (class=org.apache.hadoop.http.lib.StaticUserWebFilter$StaticUserFilter) to context static
2020-09-03 04:13:20,018 [Listener at 127.0.0.1/46265] INFO  http.HttpServer2 (HttpServer2.java:addFilter(1003)) - Added filter static_user_filter (class=org.apache.hadoop.http.lib.StaticUserWebFilter$StaticUserFilter) to context logs
2020-09-03 04:13:20,019 [Listener at 127.0.0.1/46265] INFO  http.HttpServer2 (HttpServer2.java:bindListener(1237)) - Jetty bound to port 46315
2020-09-03 04:13:20,019 [Listener at 127.0.0.1/46265] INFO  server.Server (Server.java:doStart(359)) - jetty-9.4.26.v20200117; built: 2020-01-17T12:35:33.676Z; git: 7b38981d25d14afb4a12ff1f2596756144edf695; jvm 1.8.0_232-b09
2020-09-03 04:13:20,065 [Listener at 127.0.0.1/46265] INFO  server.session (DefaultSessionIdManager.java:doStart(333)) - DefaultSessionIdManager workerName=node0
2020-09-03 04:13:20,066 [Listener at 127.0.0.1/46265] INFO  server.session (DefaultSessionIdManager.java:doStart(338)) - No SessionScavenger set, using defaults
2020-09-03 04:13:20,066 [Listener at 127.0.0.1/46265] INFO  server.session (HouseKeeper.java:startScavenging(140)) - node0 Scavenging every 660000ms
2020-09-03 04:13:20,067 [Listener at 127.0.0.1/46265] INFO  handler.ContextHandler (ContextHandler.java:doStart(825)) - Started o.e.j.s.ServletContextHandler@2a2cdba0{logs,/logs,file:///github/workspace/mnt/ozone/hadoop-ozone/integration-test/target/log,AVAILABLE}
2020-09-03 04:13:20,067 [Listener at 127.0.0.1/46265] INFO  handler.ContextHandler (ContextHandler.java:doStart(825)) - Started o.e.j.s.ServletContextHandler@5b084c4c{static,/static,jar:file:/home/user/.m2/repository/org/apache/hadoop/hadoop-hdds-container-service/1.1.0-SNAPSHOT/hadoop-hdds-container-service-1.1.0-SNAPSHOT.jar!/webapps/static,AVAILABLE}
2020-09-03 04:13:20,109 [Datanode State Machine Task Thread - 0] INFO  datanode.InitDatanodeState (InitDatanodeState.java:persistContainerDatanodeDetails(145)) - DatanodeDetails is persisted to /github/workspace/mnt/ozone/hadoop-ozone/integration-test/target/test-dir/MiniOzoneClusterImpl-1fba4767-94f5-452d-84d3-bc97b60faa1d/datanode-0/meta/datanode.id
2020-09-03 04:13:20,230 [Listener at 127.0.0.1/46265] INFO  handler.ContextHandler (ContextHandler.java:doStart(825)) - Started o.e.j.w.WebAppContext@5a004dd4{hddsDatanode,/,file:///tmp/jetty-0_0_0_0-46315-hadoop-hdds-container-service-1_1_0-SNAPSHOT_jar-_-any-3902439427252058413.dir/webapp/,AVAILABLE}{jar:file:/home/user/.m2/repository/org/apache/hadoop/hadoop-hdds-container-service/1.1.0-SNAPSHOT/hadoop-hdds-container-service-1.1.0-SNAPSHOT.jar!/webapps/hddsDatanode}
2020-09-03 04:13:20,235 [Listener at 127.0.0.1/46265] INFO  server.AbstractConnector (AbstractConnector.java:doStart(330)) - Started ServerConnector@73e0c775{HTTP/1.1,[http/1.1]}{0.0.0.0:46315}
2020-09-03 04:13:20,236 [Listener at 127.0.0.1/46265] INFO  server.Server (Server.java:doStart(399)) - Started @5455ms
2020-09-03 04:13:20,236 [Listener at 127.0.0.1/46265] WARN  impl.MetricsSystemImpl (MetricsSystemImpl.java:register(276)) - Sink prometheus already exists!
2020-09-03 04:13:20,240 [Listener at 127.0.0.1/46265] INFO  http.BaseHttpServer (BaseHttpServer.java:updateConnectorAddress(327)) - HTTP server of hddsDatanode listening at http://0.0.0.0:46315
2020-09-03 04:13:20,242 [Listener at 127.0.0.1/46265] INFO  impl.MetricsSystemImpl (MetricsSystemImpl.java:init(158)) - HddsDatanode metrics system started (again)
2020-09-03 04:13:20,243 [Listener at 127.0.0.1/46265] INFO  ozone.HddsDatanodeService (HddsDatanodeService.java:start(217)) - HddsDatanodeService host:90479f4426fb ip:172.17.0.2
2020-09-03 04:13:20,245 [Listener at 127.0.0.1/46265] INFO  volume.HddsVolume (HddsVolume.java:<init>(176)) - Creating Volume: /github/workspace/mnt/ozone/hadoop-ozone/integration-test/target/test-dir/MiniOzoneClusterImpl-1fba4767-94f5-452d-84d3-bc97b60faa1d/datanode-2/data-0/containers/hdds of storage type : DISK and capacity : 9223372036854775807
2020-09-03 04:13:20,245 [Listener at 127.0.0.1/46265] INFO  volume.MutableVolumeSet (MutableVolumeSet.java:initializeVolumeSet(179)) - Added Volume : /github/workspace/mnt/ozone/hadoop-ozone/integration-test/target/test-dir/MiniOzoneClusterImpl-1fba4767-94f5-452d-84d3-bc97b60faa1d/datanode-2/data-0/containers/hdds to VolumeSet
2020-09-03 04:13:20,245 [Listener at 127.0.0.1/46265] INFO  volume.ThrottledAsyncChecker (ThrottledAsyncChecker.java:schedule(141)) - Scheduling a check for /github/workspace/mnt/ozone/hadoop-ozone/integration-test/target/test-dir/MiniOzoneClusterImpl-1fba4767-94f5-452d-84d3-bc97b60faa1d/datanode-2/data-0/containers/hdds
2020-09-03 04:13:20,246 [Listener at 127.0.0.1/46265] INFO  volume.HddsVolumeChecker (HddsVolumeChecker.java:checkAllVolumes(200)) - Scheduled health check for volume /github/workspace/mnt/ozone/hadoop-ozone/integration-test/target/test-dir/MiniOzoneClusterImpl-1fba4767-94f5-452d-84d3-bc97b60faa1d/datanode-2/data-0/containers/hdds
2020-09-03 04:13:20,272 [org.apache.hadoop.util.JvmPauseMonitor$Monitor@3112948a] INFO  util.JvmPauseMonitor (JvmPauseMonitor.java:run(188)) - Starting JVM pause monitor
2020-09-03 04:13:20,285 [Datanode State Machine Task Thread - 0] INFO  datanode.InitDatanodeState (InitDatanodeState.java:persistContainerDatanodeDetails(145)) - DatanodeDetails is persisted to /github/workspace/mnt/ozone/hadoop-ozone/integration-test/target/test-dir/MiniOzoneClusterImpl-1fba4767-94f5-452d-84d3-bc97b60faa1d/datanode-1/meta/datanode.id
2020-09-03 04:13:20,285 [Thread-150] INFO  ozoneimpl.ContainerReader (ContainerReader.java:readVolume(123)) - Start to verify containers on volume /github/workspace/mnt/ozone/hadoop-ozone/integration-test/target/test-dir/MiniOzoneClusterImpl-1fba4767-94f5-452d-84d3-bc97b60faa1d/datanode-2/data-0/containers/hdds
2020-09-03 04:13:20,286 [Thread-150] INFO  ozoneimpl.ContainerReader (ContainerReader.java:readVolume(148)) - Finish verifying containers on volume /github/workspace/mnt/ozone/hadoop-ozone/integration-test/target/test-dir/MiniOzoneClusterImpl-1fba4767-94f5-452d-84d3-bc97b60faa1d/datanode-2/data-0/containers/hdds
2020-09-03 04:13:20,286 [Listener at 127.0.0.1/46265] INFO  ozoneimpl.OzoneContainer (OzoneContainer.java:buildContainerSet(196)) - Build ContainerSet costs 0s
2020-09-03 04:13:20,288 [Listener at 127.0.0.1/46265] INFO  impl.RaftServerProxy (ConfUtils.java:logGet(44)) - raft.rpc.type = GRPC (default)
2020-09-03 04:13:20,288 [Listener at 127.0.0.1/46265] INFO  grpc.GrpcFactory (GrpcFactory.java:checkPooledByteBufAllocatorUseCacheForAllThreads(45)) - PERFORMANCE WARNING: useCacheForAllThreads is true that may cause Netty to create a lot garbage objects and, as a result, trigger GC.
	It is recommended to disable useCacheForAllThreads by setting -Dorg.apache.ratis.thirdparty.io.netty.allocator.useCacheForAllThreads=false in command line.
2020-09-03 04:13:20,289 [Listener at 127.0.0.1/46265] INFO  grpc.GrpcConfigKeys (ConfUtils.java:logGet(44)) - raft.grpc.server.port = 0 (default)
2020-09-03 04:13:20,289 [Listener at 127.0.0.1/46265] INFO  server.GrpcService (ConfUtils.java:logGet(44)) - raft.grpc.message.size.max = 32MB (=33554432) (custom)
2020-09-03 04:13:20,289 [Listener at 127.0.0.1/46265] INFO  server.RaftServerConfigKeys (ConfUtils.java:logGet(44)) - raft.server.log.appender.buffer.byte-limit = 33554432 (custom)
2020-09-03 04:13:20,289 [Listener at 127.0.0.1/46265] INFO  server.GrpcService (ConfUtils.java:logGet(44)) - raft.grpc.flow.control.window = 5MB (=5242880) (custom)
2020-09-03 04:13:20,289 [Listener at 127.0.0.1/46265] INFO  server.RaftServerConfigKeys (ConfUtils.java:logGet(44)) - raft.server.rpc.request.timeout = 3000ms (default)
2020-09-03 04:13:20,290 [Listener at 127.0.0.1/46265] INFO  server.RaftServerConfigKeys (ConfUtils.java:logGet(44)) - raft.server.storage.dir = [/github/workspace/mnt/ozone/hadoop-ozone/integration-test/target/test-dir/MiniOzoneClusterImpl-1fba4767-94f5-452d-84d3-bc97b60faa1d/datanode-2/data/ratis] (custom)
2020-09-03 04:13:20,296 [Listener at 127.0.0.1/46265] INFO  http.BaseHttpServer (BaseHttpServer.java:newHttpServer2BuilderForOzone(207)) - Starting Web-server for hddsDatanode at: http://0.0.0.0:0
2020-09-03 04:13:20,297 [Listener at 127.0.0.1/46265] INFO  http.BaseHttpServer (BaseHttpServer.java:<init>(106)) - Hadoop Security Enabled: false Ozone Security Enabled: false Ozone HTTP Security Enabled: false 
2020-09-03 04:13:20,299 [Listener at 127.0.0.1/46265] INFO  server.AuthenticationFilter (AuthenticationFilter.java:constructSecretProvider(240)) - Unable to initialize FileSignerSecretProvider, falling back to use random secrets.
2020-09-03 04:13:20,300 [Listener at 127.0.0.1/46265] WARN  http.HttpRequestLog (HttpRequestLog.java:getRequestLog(103)) - Jetty request log can only be enabled using Log4j
2020-09-03 04:13:20,300 [Listener at 127.0.0.1/46265] INFO  http.HttpServer2 (HttpServer2.java:addGlobalFilter(1019)) - Added global filter 'safety' (class=org.apache.hadoop.hdds.server.http.HttpServer2$QuotingInputFilter)
2020-09-03 04:13:20,301 [Listener at 127.0.0.1/46265] INFO  http.HttpServer2 (HttpServer2.java:addFilter(995)) - Added filter static_user_filter (class=org.apache.hadoop.http.lib.StaticUserWebFilter$StaticUserFilter) to context hddsDatanode
2020-09-03 04:13:20,301 [Listener at 127.0.0.1/46265] INFO  http.HttpServer2 (HttpServer2.java:addFilter(1003)) - Added filter static_user_filter (class=org.apache.hadoop.http.lib.StaticUserWebFilter$StaticUserFilter) to context static
2020-09-03 04:13:20,301 [Listener at 127.0.0.1/46265] INFO  http.HttpServer2 (HttpServer2.java:addFilter(1003)) - Added filter static_user_filter (class=org.apache.hadoop.http.lib.StaticUserWebFilter$StaticUserFilter) to context logs
2020-09-03 04:13:20,302 [Listener at 127.0.0.1/46265] INFO  http.HttpServer2 (HttpServer2.java:bindListener(1237)) - Jetty bound to port 36105
2020-09-03 04:13:20,302 [Listener at 127.0.0.1/46265] INFO  server.Server (Server.java:doStart(359)) - jetty-9.4.26.v20200117; built: 2020-01-17T12:35:33.676Z; git: 7b38981d25d14afb4a12ff1f2596756144edf695; jvm 1.8.0_232-b09
2020-09-03 04:13:20,304 [Listener at 127.0.0.1/46265] INFO  server.session (DefaultSessionIdManager.java:doStart(333)) - DefaultSessionIdManager workerName=node0
2020-09-03 04:13:20,305 [Listener at 127.0.0.1/46265] INFO  server.session (DefaultSessionIdManager.java:doStart(338)) - No SessionScavenger set, using defaults
2020-09-03 04:13:20,305 [Listener at 127.0.0.1/46265] INFO  server.session (HouseKeeper.java:startScavenging(140)) - node0 Scavenging every 600000ms
2020-09-03 04:13:20,306 [Listener at 127.0.0.1/46265] INFO  handler.ContextHandler (ContextHandler.java:doStart(825)) - Started o.e.j.s.ServletContextHandler@4ac7927a{logs,/logs,file:///github/workspace/mnt/ozone/hadoop-ozone/integration-test/target/log,AVAILABLE}
2020-09-03 04:13:20,307 [Listener at 127.0.0.1/46265] INFO  handler.ContextHandler (ContextHandler.java:doStart(825)) - Started o.e.j.s.ServletContextHandler@3d837af7{static,/static,jar:file:/home/user/.m2/repository/org/apache/hadoop/hadoop-hdds-container-service/1.1.0-SNAPSHOT/hadoop-hdds-container-service-1.1.0-SNAPSHOT.jar!/webapps/static,AVAILABLE}
2020-09-03 04:13:20,450 [Listener at 127.0.0.1/46265] INFO  handler.ContextHandler (ContextHandler.java:doStart(825)) - Started o.e.j.w.WebAppContext@1a370c7c{hddsDatanode,/,file:///tmp/jetty-0_0_0_0-36105-hadoop-hdds-container-service-1_1_0-SNAPSHOT_jar-_-any-6528963068079321023.dir/webapp/,AVAILABLE}{jar:file:/home/user/.m2/repository/org/apache/hadoop/hadoop-hdds-container-service/1.1.0-SNAPSHOT/hadoop-hdds-container-service-1.1.0-SNAPSHOT.jar!/webapps/hddsDatanode}
2020-09-03 04:13:20,453 [Listener at 127.0.0.1/46265] INFO  server.AbstractConnector (AbstractConnector.java:doStart(330)) - Started ServerConnector@29422e61{HTTP/1.1,[http/1.1]}{0.0.0.0:36105}
2020-09-03 04:13:20,453 [Listener at 127.0.0.1/46265] INFO  server.Server (Server.java:doStart(399)) - Started @5673ms
2020-09-03 04:13:20,453 [Listener at 127.0.0.1/46265] WARN  impl.MetricsSystemImpl (MetricsSystemImpl.java:register(276)) - Sink prometheus already exists!
2020-09-03 04:13:20,457 [Listener at 127.0.0.1/46265] INFO  http.BaseHttpServer (BaseHttpServer.java:updateConnectorAddress(327)) - HTTP server of hddsDatanode listening at http://0.0.0.0:36105
2020-09-03 04:13:20,458 [Listener at 127.0.0.1/46265] INFO  ozone.MiniOzoneClusterImpl (MiniOzoneClusterImpl.java:lambda$waitForClusterToBeReady$0(177)) - Waiting for nodes to be ready. Got 0 of 3 DN Heartbeats.
2020-09-03 04:13:20,458 [Listener at 127.0.0.1/46265] INFO  ozone.MiniOzoneClusterImpl (MiniOzoneClusterImpl.java:lambda$waitForClusterToBeReady$0(180)) - Waiting for cluster to exit safe mode
2020-09-03 04:13:20,468 [org.apache.hadoop.util.JvmPauseMonitor$Monitor@b70a1c6] INFO  util.JvmPauseMonitor (JvmPauseMonitor.java:run(188)) - Starting JVM pause monitor
2020-09-03 04:13:20,471 [Datanode State Machine Task Thread - 0] INFO  datanode.InitDatanodeState (InitDatanodeState.java:persistContainerDatanodeDetails(145)) - DatanodeDetails is persisted to /github/workspace/mnt/ozone/hadoop-ozone/integration-test/target/test-dir/MiniOzoneClusterImpl-1fba4767-94f5-452d-84d3-bc97b60faa1d/datanode-2/meta/datanode.id
2020-09-03 04:13:21,459 [Listener at 127.0.0.1/46265] INFO  ozone.MiniOzoneClusterImpl (MiniOzoneClusterImpl.java:lambda$waitForClusterToBeReady$0(177)) - Waiting for nodes to be ready. Got 0 of 3 DN Heartbeats.
2020-09-03 04:13:21,459 [Listener at 127.0.0.1/46265] INFO  ozone.MiniOzoneClusterImpl (MiniOzoneClusterImpl.java:lambda$waitForClusterToBeReady$0(180)) - Waiting for cluster to exit safe mode
2020-09-03 04:13:22,055 [Datanode State Machine Task Thread - 1] INFO  ozoneimpl.OzoneContainer (OzoneContainer.java:start(245)) - Attempting to start container services.
2020-09-03 04:13:22,056 [Datanode State Machine Task Thread - 1] INFO  ozoneimpl.OzoneContainer (OzoneContainer.java:startContainerScrub(209)) - Background container scanner has been disabled.
2020-09-03 04:13:22,056 [Datanode State Machine Task Thread - 1] INFO  ratis.XceiverServerRatis (XceiverServerRatis.java:start(440)) - Starting XceiverServerRatis e13fd705-75d3-468c-8ef7-28c6bf279fab at port 0
2020-09-03 04:13:22,066 [Datanode State Machine Task Thread - 1] INFO  impl.RaftServerProxy (RaftServerProxy.java:lambda$start$3(304)) - e13fd705-75d3-468c-8ef7-28c6bf279fab: start RPC server
2020-09-03 04:13:22,119 [Datanode State Machine Task Thread - 1] INFO  server.GrpcService (GrpcService.java:startImpl(160)) - e13fd705-75d3-468c-8ef7-28c6bf279fab: GrpcService started, listening on 0.0.0.0/0.0.0.0:33161
2020-09-03 04:13:22,119 [Datanode State Machine Task Thread - 1] INFO  ratis.XceiverServerRatis (XceiverServerRatis.java:start(452)) - XceiverServerRatis e13fd705-75d3-468c-8ef7-28c6bf279fab is started using port 33161
2020-09-03 04:13:22,123 [Datanode State Machine Task Thread - 1] INFO  server.XceiverServerGrpc (XceiverServerGrpc.java:start(145)) - XceiverServerGrpc e13fd705-75d3-468c-8ef7-28c6bf279fab is started using port 44135
2020-09-03 04:13:22,278 [Datanode State Machine Task Thread - 1] INFO  ozoneimpl.OzoneContainer (OzoneContainer.java:start(245)) - Attempting to start container services.
2020-09-03 04:13:22,281 [Datanode State Machine Task Thread - 1] INFO  ozoneimpl.OzoneContainer (OzoneContainer.java:startContainerScrub(209)) - Background container scanner has been disabled.
2020-09-03 04:13:22,281 [Datanode State Machine Task Thread - 1] INFO  ratis.XceiverServerRatis (XceiverServerRatis.java:start(440)) - Starting XceiverServerRatis b97e6e52-2f4d-4bd9-8513-2974999c5278 at port 0
2020-09-03 04:13:22,282 [Datanode State Machine Task Thread - 1] INFO  impl.RaftServerProxy (RaftServerProxy.java:lambda$start$3(304)) - b97e6e52-2f4d-4bd9-8513-2974999c5278: start RPC server
2020-09-03 04:13:22,286 [Datanode State Machine Task Thread - 1] INFO  server.GrpcService (GrpcService.java:startImpl(160)) - b97e6e52-2f4d-4bd9-8513-2974999c5278: GrpcService started, listening on 0.0.0.0/0.0.0.0:39889
2020-09-03 04:13:22,286 [Datanode State Machine Task Thread - 1] INFO  ratis.XceiverServerRatis (XceiverServerRatis.java:start(452)) - XceiverServerRatis b97e6e52-2f4d-4bd9-8513-2974999c5278 is started using port 39889
2020-09-03 04:13:22,290 [Datanode State Machine Task Thread - 1] INFO  server.XceiverServerGrpc (XceiverServerGrpc.java:start(145)) - XceiverServerGrpc b97e6e52-2f4d-4bd9-8513-2974999c5278 is started using port 41051
2020-09-03 04:13:22,459 [Listener at 127.0.0.1/46265] INFO  ozone.MiniOzoneClusterImpl (MiniOzoneClusterImpl.java:lambda$waitForClusterToBeReady$0(177)) - Waiting for nodes to be ready. Got 0 of 3 DN Heartbeats.
2020-09-03 04:13:22,459 [Listener at 127.0.0.1/46265] INFO  ozone.MiniOzoneClusterImpl (MiniOzoneClusterImpl.java:lambda$waitForClusterToBeReady$0(180)) - Waiting for cluster to exit safe mode
2020-09-03 04:13:22,470 [Datanode State Machine Task Thread - 1] INFO  ozoneimpl.OzoneContainer (OzoneContainer.java:start(245)) - Attempting to start container services.
2020-09-03 04:13:22,471 [Datanode State Machine Task Thread - 1] INFO  ozoneimpl.OzoneContainer (OzoneContainer.java:startContainerScrub(209)) - Background container scanner has been disabled.
2020-09-03 04:13:22,471 [Datanode State Machine Task Thread - 1] INFO  ratis.XceiverServerRatis (XceiverServerRatis.java:start(440)) - Starting XceiverServerRatis ad0ceffe-a602-4ded-be69-e8c523abddec at port 0
2020-09-03 04:13:22,474 [Datanode State Machine Task Thread - 1] INFO  impl.RaftServerProxy (RaftServerProxy.java:lambda$start$3(304)) - ad0ceffe-a602-4ded-be69-e8c523abddec: start RPC server
2020-09-03 04:13:22,480 [Datanode State Machine Task Thread - 1] INFO  server.GrpcService (GrpcService.java:startImpl(160)) - ad0ceffe-a602-4ded-be69-e8c523abddec: GrpcService started, listening on 0.0.0.0/0.0.0.0:37231
2020-09-03 04:13:22,481 [Datanode State Machine Task Thread - 1] INFO  ratis.XceiverServerRatis (XceiverServerRatis.java:start(452)) - XceiverServerRatis ad0ceffe-a602-4ded-be69-e8c523abddec is started using port 37231
2020-09-03 04:13:22,483 [Datanode State Machine Task Thread - 1] INFO  server.XceiverServerGrpc (XceiverServerGrpc.java:start(145)) - XceiverServerGrpc ad0ceffe-a602-4ded-be69-e8c523abddec is started using port 37051
2020-09-03 04:13:23,460 [Listener at 127.0.0.1/46265] INFO  ozone.MiniOzoneClusterImpl (MiniOzoneClusterImpl.java:lambda$waitForClusterToBeReady$0(177)) - Waiting for nodes to be ready. Got 0 of 3 DN Heartbeats.
2020-09-03 04:13:23,460 [Listener at 127.0.0.1/46265] INFO  ozone.MiniOzoneClusterImpl (MiniOzoneClusterImpl.java:lambda$waitForClusterToBeReady$0(180)) - Waiting for cluster to exit safe mode
2020-09-03 04:13:24,017 [IPC Server handler 0 on default port 44955] INFO  net.NetworkTopology (NetworkTopologyImpl.java:add(111)) - Added a new node: /default-rack/e13fd705-75d3-468c-8ef7-28c6bf279fab
2020-09-03 04:13:24,019 [IPC Server handler 0 on default port 44955] INFO  node.SCMNodeManager (SCMNodeManager.java:register(274)) - Registered Data node : e13fd705-75d3-468c-8ef7-28c6bf279fab{ip: 172.17.0.2, host: 90479f4426fb, networkLocation: /default-rack, certSerialId: null}
2020-09-03 04:13:24,024 [EventQueue-NodeRegistrationContainerReportForDataNodeSafeModeRule] INFO  safemode.SCMSafeModeManager (DataNodeSafeModeRule.java:process(71)) - SCM in safe mode. 1 DataNodes registered, 1 required.
2020-09-03 04:13:24,024 [EventQueue-NodeRegistrationContainerReportForDataNodeSafeModeRule] INFO  safemode.SCMSafeModeManager (SCMSafeModeManager.java:validateSafeModeExitRules(214)) - DataNodeSafeModeRule rule is successfully validated
2020-09-03 04:13:24,024 [EventQueue-NodeRegistrationContainerReportForDataNodeSafeModeRule] INFO  safemode.SCMSafeModeManager (SCMSafeModeManager.java:completePreCheck(242)) - All SCM safe mode pre check rules have passed
2020-09-03 04:13:24,027 [EventQueue-NodeRegistrationContainerReportForContainerSafeModeRule] INFO  safemode.SCMSafeModeManager (SCMSafeModeManager.java:validateSafeModeExitRules(214)) - ContainerSafeModeRule rule is successfully validated
2020-09-03 04:13:24,039 [RatisPipelineUtilsThread] INFO  pipeline.RatisPipelineProvider (RatisPipelineProvider.java:lambda$create$0(138)) - Sending CreatePipelineCommand for pipeline:PipelineID=eb776974-e23a-4e99-9620-5ab2b30aec4e to datanode:e13fd705-75d3-468c-8ef7-28c6bf279fab
2020-09-03 04:13:24,053 [RatisPipelineUtilsThread] INFO  pipeline.PipelineStateManager (PipelineStateManager.java:addPipeline(54)) - Created pipeline Pipeline[ Id: eb776974-e23a-4e99-9620-5ab2b30aec4e, Nodes: e13fd705-75d3-468c-8ef7-28c6bf279fab{ip: 172.17.0.2, host: 90479f4426fb, networkLocation: /default-rack, certSerialId: null}, Type:RATIS, Factor:ONE, State:ALLOCATED, leaderId:, CreationTimestamp2020-09-03T04:13:24.031Z]
2020-09-03 04:13:24,056 [RatisPipelineUtilsThread] WARN  pipeline.PipelinePlacementPolicy (PipelinePlacementPolicy.java:filterViableNodes(139)) - Pipeline creation failed due to no sufficient healthy datanodes. Required 3. Found 1.
2020-09-03 04:13:24,275 [IPC Server handler 1 on default port 44955] INFO  net.NetworkTopology (NetworkTopologyImpl.java:add(111)) - Added a new node: /default-rack/b97e6e52-2f4d-4bd9-8513-2974999c5278
2020-09-03 04:13:24,275 [IPC Server handler 1 on default port 44955] INFO  node.SCMNodeManager (SCMNodeManager.java:register(274)) - Registered Data node : b97e6e52-2f4d-4bd9-8513-2974999c5278{ip: 172.17.0.2, host: 90479f4426fb, networkLocation: /default-rack, certSerialId: null}
2020-09-03 04:13:24,276 [EventQueue-NodeRegistrationContainerReportForDataNodeSafeModeRule] INFO  safemode.SCMSafeModeManager (SCMSafeModeManager.java:validateSafeModeExitRules(214)) - DataNodeSafeModeRule rule is successfully validated
2020-09-03 04:13:24,276 [EventQueue-NodeRegistrationContainerReportForContainerSafeModeRule] INFO  safemode.SCMSafeModeManager (SCMSafeModeManager.java:validateSafeModeExitRules(214)) - ContainerSafeModeRule rule is successfully validated
2020-09-03 04:13:24,280 [RatisPipelineUtilsThread] INFO  pipeline.RatisPipelineProvider (RatisPipelineProvider.java:lambda$create$0(138)) - Sending CreatePipelineCommand for pipeline:PipelineID=f0c64308-3e1b-475d-ab0a-f465223ef1d9 to datanode:b97e6e52-2f4d-4bd9-8513-2974999c5278
2020-09-03 04:13:24,281 [RatisPipelineUtilsThread] INFO  pipeline.PipelineStateManager (PipelineStateManager.java:addPipeline(54)) - Created pipeline Pipeline[ Id: f0c64308-3e1b-475d-ab0a-f465223ef1d9, Nodes: b97e6e52-2f4d-4bd9-8513-2974999c5278{ip: 172.17.0.2, host: 90479f4426fb, networkLocation: /default-rack, certSerialId: null}, Type:RATIS, Factor:ONE, State:ALLOCATED, leaderId:, CreationTimestamp2020-09-03T04:13:24.280Z]
2020-09-03 04:13:24,282 [RatisPipelineUtilsThread] WARN  pipeline.PipelinePlacementPolicy (PipelinePlacementPolicy.java:filterViableNodes(139)) - Pipeline creation failed due to no sufficient healthy datanodes. Required 3. Found 2.
2020-09-03 04:13:24,460 [Listener at 127.0.0.1/46265] INFO  ozone.MiniOzoneClusterImpl (MiniOzoneClusterImpl.java:lambda$waitForClusterToBeReady$0(177)) - Waiting for nodes to be ready. Got 2 of 3 DN Heartbeats.
2020-09-03 04:13:24,461 [Listener at 127.0.0.1/46265] INFO  ozone.MiniOzoneClusterImpl (MiniOzoneClusterImpl.java:lambda$waitForClusterToBeReady$0(180)) - Waiting for cluster to exit safe mode
2020-09-03 04:13:24,472 [IPC Server handler 3 on default port 44955] INFO  net.NetworkTopology (NetworkTopologyImpl.java:add(111)) - Added a new node: /default-rack/ad0ceffe-a602-4ded-be69-e8c523abddec
2020-09-03 04:13:24,472 [IPC Server handler 3 on default port 44955] INFO  node.SCMNodeManager (SCMNodeManager.java:register(274)) - Registered Data node : ad0ceffe-a602-4ded-be69-e8c523abddec{ip: 172.17.0.2, host: 90479f4426fb, networkLocation: /default-rack, certSerialId: null}
2020-09-03 04:13:24,473 [EventQueue-NodeRegistrationContainerReportForDataNodeSafeModeRule] INFO  safemode.SCMSafeModeManager (SCMSafeModeManager.java:validateSafeModeExitRules(214)) - DataNodeSafeModeRule rule is successfully validated
2020-09-03 04:13:24,473 [EventQueue-NodeRegistrationContainerReportForContainerSafeModeRule] INFO  safemode.SCMSafeModeManager (SCMSafeModeManager.java:validateSafeModeExitRules(214)) - ContainerSafeModeRule rule is successfully validated
2020-09-03 04:13:24,474 [RatisPipelineUtilsThread] INFO  pipeline.RatisPipelineProvider (RatisPipelineProvider.java:lambda$create$0(138)) - Sending CreatePipelineCommand for pipeline:PipelineID=a34eaef2-67ea-48cd-8dfe-716087caaa09 to datanode:ad0ceffe-a602-4ded-be69-e8c523abddec
2020-09-03 04:13:24,475 [RatisPipelineUtilsThread] INFO  pipeline.PipelineStateManager (PipelineStateManager.java:addPipeline(54)) - Created pipeline Pipeline[ Id: a34eaef2-67ea-48cd-8dfe-716087caaa09, Nodes: ad0ceffe-a602-4ded-be69-e8c523abddec{ip: 172.17.0.2, host: 90479f4426fb, networkLocation: /default-rack, certSerialId: null}, Type:RATIS, Factor:ONE, State:ALLOCATED, leaderId:, CreationTimestamp2020-09-03T04:13:24.474Z]
2020-09-03 04:13:24,481 [RatisPipelineUtilsThread] INFO  pipeline.RatisPipelineProvider (RatisPipelineProvider.java:lambda$create$0(138)) - Sending CreatePipelineCommand for pipeline:PipelineID=0e20fda2-f9a4-42ec-adb3-fe72cc1d36e9 to datanode:ad0ceffe-a602-4ded-be69-e8c523abddec
2020-09-03 04:13:24,483 [RatisPipelineUtilsThread] INFO  pipeline.RatisPipelineProvider (RatisPipelineProvider.java:lambda$create$0(138)) - Sending CreatePipelineCommand for pipeline:PipelineID=0e20fda2-f9a4-42ec-adb3-fe72cc1d36e9 to datanode:e13fd705-75d3-468c-8ef7-28c6bf279fab
2020-09-03 04:13:24,483 [RatisPipelineUtilsThread] INFO  pipeline.RatisPipelineProvider (RatisPipelineProvider.java:lambda$create$0(138)) - Sending CreatePipelineCommand for pipeline:PipelineID=0e20fda2-f9a4-42ec-adb3-fe72cc1d36e9 to datanode:b97e6e52-2f4d-4bd9-8513-2974999c5278
2020-09-03 04:13:24,485 [RatisPipelineUtilsThread] INFO  pipeline.PipelineStateManager (PipelineStateManager.java:addPipeline(54)) - Created pipeline Pipeline[ Id: 0e20fda2-f9a4-42ec-adb3-fe72cc1d36e9, Nodes: ad0ceffe-a602-4ded-be69-e8c523abddec{ip: 172.17.0.2, host: 90479f4426fb, networkLocation: /default-rack, certSerialId: null}e13fd705-75d3-468c-8ef7-28c6bf279fab{ip: 172.17.0.2, host: 90479f4426fb, networkLocation: /default-rack, certSerialId: null}b97e6e52-2f4d-4bd9-8513-2974999c5278{ip: 172.17.0.2, host: 90479f4426fb, networkLocation: /default-rack, certSerialId: null}, Type:RATIS, Factor:THREE, State:ALLOCATED, leaderId:, CreationTimestamp2020-09-03T04:13:24.481Z]
2020-09-03 04:13:25,461 [Listener at 127.0.0.1/46265] INFO  ozone.MiniOzoneClusterImpl (MiniOzoneClusterImpl.java:lambda$waitForClusterToBeReady$0(177)) - Nodes are ready. Got 3 of 3 DN Heartbeats.
2020-09-03 04:13:25,461 [Listener at 127.0.0.1/46265] INFO  ozone.MiniOzoneClusterImpl (MiniOzoneClusterImpl.java:lambda$waitForClusterToBeReady$0(180)) - Waiting for cluster to exit safe mode
2020-09-03 04:13:26,462 [Listener at 127.0.0.1/46265] INFO  ozone.MiniOzoneClusterImpl (MiniOzoneClusterImpl.java:lambda$waitForClusterToBeReady$0(177)) - Nodes are ready. Got 3 of 3 DN Heartbeats.
2020-09-03 04:13:26,462 [Listener at 127.0.0.1/46265] INFO  ozone.MiniOzoneClusterImpl (MiniOzoneClusterImpl.java:lambda$waitForClusterToBeReady$0(180)) - Waiting for cluster to exit safe mode
2020-09-03 04:13:27,005 [Command processor thread] INFO  impl.RaftServerProxy (RaftServerProxy.java:addNew(89)) - e13fd705-75d3-468c-8ef7-28c6bf279fab: addNew group-5AB2B30AEC4E:[e13fd705-75d3-468c-8ef7-28c6bf279fab:172.17.0.2:33161] returns group-5AB2B30AEC4E:java.util.concurrent.CompletableFuture@52fff0b9[Not completed]
2020-09-03 04:13:27,031 [pool-33-thread-1] INFO  impl.RaftServerImpl (RaftServerImpl.java:<init>(107)) - e13fd705-75d3-468c-8ef7-28c6bf279fab: new RaftServerImpl for group-5AB2B30AEC4E:[e13fd705-75d3-468c-8ef7-28c6bf279fab:172.17.0.2:33161] with ContainerStateMachine:uninitialized
2020-09-03 04:13:27,037 [pool-33-thread-1] INFO  server.RaftServerConfigKeys (ConfUtils.java:logGet(44)) - raft.server.rpc.timeout.min = 5s (custom)
2020-09-03 04:13:27,038 [pool-33-thread-1] INFO  server.RaftServerConfigKeys (ConfUtils.java:logGet(44)) - raft.server.rpc.timeout.max = 5200ms (custom)
2020-09-03 04:13:27,038 [pool-33-thread-1] INFO  server.RaftServerConfigKeys (ConfUtils.java:logGet(44)) - raft.server.rpcslowness.timeout = 1000000ms (custom)
2020-09-03 04:13:27,039 [pool-33-thread-1] INFO  server.RaftServerConfigKeys (ConfUtils.java:logGet(44)) - raft.server.sleep.deviation.threshold = 300 (default)
2020-09-03 04:13:27,040 [pool-33-thread-1] INFO  server.RaftServerConfigKeys (ConfUtils.java:logGet(44)) - raft.server.log.appender.install.snapshot.enabled = false (custom)
2020-09-03 04:13:27,045 [pool-33-thread-1] INFO  impl.RaftServerImpl (ServerState.java:<init>(103)) - e13fd705-75d3-468c-8ef7-28c6bf279fab@group-5AB2B30AEC4E: ConfigurationManager, init=-1: [e13fd705-75d3-468c-8ef7-28c6bf279fab:172.17.0.2:33161], old=null, confs=<EMPTY_MAP>
2020-09-03 04:13:27,045 [pool-33-thread-1] INFO  server.RaftServerConfigKeys (ConfUtils.java:logGet(44)) - raft.server.storage.dir = [/github/workspace/mnt/ozone/hadoop-ozone/integration-test/target/test-dir/MiniOzoneClusterImpl-1fba4767-94f5-452d-84d3-bc97b60faa1d/datanode-0/data/ratis] (custom)
2020-09-03 04:13:27,050 [pool-33-thread-1] INFO  server.RaftServerConfigKeys (ConfUtils.java:logGet(44)) - raft.server.log.corruption.policy = EXCEPTION (default)
2020-09-03 04:13:27,051 [pool-33-thread-1] INFO  storage.RaftStorageDirectory (RaftStorageDirectory.java:analyzeStorage(261)) - The storage directory /github/workspace/mnt/ozone/hadoop-ozone/integration-test/target/test-dir/MiniOzoneClusterImpl-1fba4767-94f5-452d-84d3-bc97b60faa1d/datanode-0/data/ratis/eb776974-e23a-4e99-9620-5ab2b30aec4e does not exist. Creating ...
2020-09-03 04:13:27,055 [pool-33-thread-1] INFO  storage.RaftStorageDirectory (RaftStorageDirectory.java:tryLock(343)) - Lock on /github/workspace/mnt/ozone/hadoop-ozone/integration-test/target/test-dir/MiniOzoneClusterImpl-1fba4767-94f5-452d-84d3-bc97b60faa1d/datanode-0/data/ratis/eb776974-e23a-4e99-9620-5ab2b30aec4e/in_use.lock acquired by nodename 28751@90479f4426fb
2020-09-03 04:13:27,058 [pool-33-thread-1] INFO  storage.RaftStorage (RaftStorage.java:format(84)) - Storage directory /github/workspace/mnt/ozone/hadoop-ozone/integration-test/target/test-dir/MiniOzoneClusterImpl-1fba4767-94f5-452d-84d3-bc97b60faa1d/datanode-0/data/ratis/eb776974-e23a-4e99-9620-5ab2b30aec4e has been successfully formatted.
2020-09-03 04:13:27,062 [Datanode State Machine Thread - 0] WARN  statemachine.DatanodeStateMachine (DatanodeStateMachine.java:start(245)) - Interrupt the execution.
java.lang.InterruptedException: sleep interrupted
	at java.lang.Thread.sleep(Native Method)
	at org.apache.hadoop.ozone.container.common.statemachine.DatanodeStateMachine.start(DatanodeStateMachine.java:243)
	at org.apache.hadoop.ozone.container.common.statemachine.DatanodeStateMachine.lambda$startDaemon$0(DatanodeStateMachine.java:405)
	at java.lang.Thread.run(Thread.java:748)
2020-09-03 04:13:27,063 [pool-33-thread-1] INFO  ratis.ContainerStateMachine (ContainerStateMachine.java:loadSnapshot(225)) - group-5AB2B30AEC4E: The snapshot info is null. Setting the last applied indexto:(t:0, i:~)
2020-09-03 04:13:27,063 [pool-33-thread-1] INFO  server.RaftServerConfigKeys (ConfUtils.java:logGet(44)) - raft.server.notification.no-leader.timeout = 1000000ms (custom)
2020-09-03 04:13:27,066 [EventQueue-PipelineReportForPipelineReportHandler] INFO  pipeline.PipelineStateManager (PipelineStateManager.java:openPipeline(131)) - Pipeline Pipeline[ Id: eb776974-e23a-4e99-9620-5ab2b30aec4e, Nodes: e13fd705-75d3-468c-8ef7-28c6bf279fab{ip: 172.17.0.2, host: 90479f4426fb, networkLocation: /default-rack, certSerialId: null}, Type:RATIS, Factor:ONE, State:ALLOCATED, leaderId:e13fd705-75d3-468c-8ef7-28c6bf279fab, CreationTimestamp2020-09-03T04:13:24.031Z] moved to OPEN state
2020-09-03 04:13:27,067 [EventQueue-OpenPipelineForHealthyPipelineSafeModeRule] INFO  safemode.SCMSafeModeManager (HealthyPipelineSafeModeRule.java:process(129)) - SCM in safe mode. Healthy pipelines reported count is 0, required healthy pipeline reported count is 1
2020-09-03 04:13:27,082 [pool-33-thread-1] INFO  server.RaftServerConfigKeys (ConfUtils.java:logGet(44)) - raft.server.log.use.memory = false (default)
2020-09-03 04:13:27,086 [pool-33-thread-1] INFO  server.RaftServerConfigKeys (ConfUtils.java:logGet(44)) - raft.server.log.purge.gap = 1000000 (custom)
2020-09-03 04:13:27,089 [pool-33-thread-1] INFO  metrics.RatisMetrics (RatisMetrics.java:lambda$create$0(36)) - Creating Metrics Registry : ratis.log_worker.e13fd705-75d3-468c-8ef7-28c6bf279fab@group-5AB2B30AEC4E
2020-09-03 04:13:27,092 [EventQueue-OpenPipelineForOneReplicaPipelineSafeModeRule] INFO  safemode.SCMSafeModeManager (SCMSafeModeManager.java:validateSafeModeExitRules(214)) - AtleastOneDatanodeReportedRule rule is successfully validated
2020-09-03 04:13:27,099 [pool-33-thread-1] INFO  server.RaftServerConfigKeys (ConfUtils.java:logGet(44)) - raft.server.log.appender.buffer.byte-limit = 33554432 (custom)
2020-09-03 04:13:27,101 [pool-33-thread-1] INFO  server.RaftServerConfigKeys (ConfUtils.java:logGet(44)) - raft.server.log.segment.size.max = 1048576 (custom)
2020-09-03 04:13:27,108 [pool-33-thread-1] INFO  server.RaftServerConfigKeys (ConfUtils.java:logGet(44)) - raft.server.log.segment.cache.num.max = 2 (custom)
2020-09-03 04:13:27,112 [pool-33-thread-1] INFO  segmented.SegmentedRaftLogWorker (SegmentedRaftLogWorker.java:<init>(180)) - new e13fd705-75d3-468c-8ef7-28c6bf279fab@group-5AB2B30AEC4E-SegmentedRaftLogWorker for RaftStorage:Storage Directory /github/workspace/mnt/ozone/hadoop-ozone/integration-test/target/test-dir/MiniOzoneClusterImpl-1fba4767-94f5-452d-84d3-bc97b60faa1d/datanode-0/data/ratis/eb776974-e23a-4e99-9620-5ab2b30aec4e
2020-09-03 04:13:27,113 [pool-33-thread-1] INFO  server.RaftServerConfigKeys (ConfUtils.java:logGet(44)) - raft.server.log.queue.byte-limit = 2147483647 (custom)
2020-09-03 04:13:27,114 [pool-33-thread-1] INFO  server.RaftServerConfigKeys (ConfUtils.java:logGet(44)) - raft.server.log.queue.element-limit = 1024 (custom)
2020-09-03 04:13:27,115 [pool-33-thread-1] INFO  server.RaftServerConfigKeys (ConfUtils.java:logGet(44)) - raft.server.log.segment.size.max = 1048576 (custom)
2020-09-03 04:13:27,116 [pool-33-thread-1] INFO  server.RaftServerConfigKeys (ConfUtils.java:logGet(44)) - raft.server.log.preallocated.size = 16384 (custom)
2020-09-03 04:13:27,117 [pool-33-thread-1] INFO  server.RaftServerConfigKeys (ConfUtils.java:logGet(44)) - raft.server.log.write.buffer.size = 1048576 (custom)
2020-09-03 04:13:27,119 [pool-33-thread-1] INFO  server.RaftServerConfigKeys (ConfUtils.java:logGet(44)) - raft.server.log.force.sync.num = 128 (default)
2020-09-03 04:13:27,120 [pool-33-thread-1] INFO  server.RaftServerConfigKeys (ConfUtils.java:logGet(44)) - raft.server.log.statemachine.data.sync = true (default)
2020-09-03 04:13:27,120 [pool-33-thread-1] INFO  server.RaftServerConfigKeys (ConfUtils.java:logGet(44)) - raft.server.log.statemachine.data.sync.timeout = 10s (default)
2020-09-03 04:13:27,121 [pool-33-thread-1] INFO  server.RaftServerConfigKeys (ConfUtils.java:logGet(44)) - raft.server.log.statemachine.data.sync.timeout.retry = -1 (default)
2020-09-03 04:13:27,138 [pool-33-thread-1] INFO  server.RaftServerConfigKeys (ConfUtils.java:logGet(44)) - raft.server.log.statemachine.data.caching.enabled = true (custom)
2020-09-03 04:13:27,144 [pool-33-thread-1] INFO  segmented.SegmentedRaftLogWorker (SegmentedRaftLogWorker.java:lambda$new$0(129)) - e13fd705-75d3-468c-8ef7-28c6bf279fab@group-5AB2B30AEC4E-SegmentedRaftLogWorker: flushIndex: setUnconditionally 0 -> -1
2020-09-03 04:13:27,144 [pool-33-thread-1] INFO  segmented.SegmentedRaftLogWorker (SegmentedRaftLogWorker.java:lambda$new$0(129)) - e13fd705-75d3-468c-8ef7-28c6bf279fab@group-5AB2B30AEC4E-SegmentedRaftLogWorker: safeCacheEvictIndex: setUnconditionally 0 -> -1
2020-09-03 04:13:27,149 [pool-33-thread-1] INFO  server.RaftServerConfigKeys (ConfUtils.java:logGet(44)) - raft.server.snapshot.auto.trigger.enabled = true (custom)
2020-09-03 04:13:27,151 [pool-33-thread-1] INFO  server.RaftServerConfigKeys (ConfUtils.java:logGet(44)) - raft.server.snapshot.auto.trigger.threshold = 10000 (custom)
2020-09-03 04:13:27,151 [pool-33-thread-1] INFO  server.RaftServerConfigKeys (ConfUtils.java:logGet(44)) - raft.server.snapshot.retention.file.num = 5 (custom)
2020-09-03 04:13:27,152 [pool-33-thread-1] INFO  server.RaftServerConfigKeys (ConfUtils.java:logGet(44)) - raft.server.log.purge.upto.snapshot.index = false (default)
2020-09-03 04:13:27,153 [pool-33-thread-1] INFO  server.RaftServerConfigKeys (ConfUtils.java:logGet(44)) - raft.server.retrycache.expirytime = 600000ms (custom)
2020-09-03 04:13:27,181 [pool-33-thread-1] INFO  metrics.RatisMetrics (RatisMetrics.java:lambda$create$0(36)) - Creating Metrics Registry : ratis.leader_election.e13fd705-75d3-468c-8ef7-28c6bf279fab@group-5AB2B30AEC4E
2020-09-03 04:13:27,185 [pool-33-thread-1] INFO  metrics.RatisMetrics (RatisMetrics.java:lambda$create$0(36)) - Creating Metrics Registry : ratis.server.e13fd705-75d3-468c-8ef7-28c6bf279fab@group-5AB2B30AEC4E
2020-09-03 04:13:27,192 [pool-33-thread-1] INFO  impl.RaftServerImpl (RaftServerImpl.java:start(196)) - e13fd705-75d3-468c-8ef7-28c6bf279fab@group-5AB2B30AEC4E: start as a follower, conf=-1: [e13fd705-75d3-468c-8ef7-28c6bf279fab:172.17.0.2:33161], old=null
2020-09-03 04:13:27,193 [pool-33-thread-1] INFO  impl.RaftServerImpl (RaftServerImpl.java:setRole(185)) - e13fd705-75d3-468c-8ef7-28c6bf279fab@group-5AB2B30AEC4E: changes role from      null to FOLLOWER at term 0 for startAsFollower
2020-09-03 04:13:27,194 [pool-33-thread-1] INFO  impl.RoleInfo (RoleInfo.java:updateAndGet(143)) - e13fd705-75d3-468c-8ef7-28c6bf279fab: start FollowerState
2020-09-03 04:13:27,197 [pool-33-thread-1] INFO  util.JmxRegister (JmxRegister.java:tryRegister(44)) - Successfully registered JMX Bean with object name Ratis:service=RaftServer,group=group-5AB2B30AEC4E,id=e13fd705-75d3-468c-8ef7-28c6bf279fab
2020-09-03 04:13:27,199 [pool-33-thread-1] INFO  metrics.RatisMetrics (RatisMetrics.java:lambda$create$0(36)) - Creating Metrics Registry : ratis.state_machine.e13fd705-75d3-468c-8ef7-28c6bf279fab@group-5AB2B30AEC4E
2020-09-03 04:13:27,217 [Command processor thread] INFO  commandhandler.CreatePipelineCommandHandler (CreatePipelineCommandHandler.java:handle(110)) - Created Pipeline RATIS ONE #id: "eb776974-e23a-4e99-9620-5ab2b30aec4e"
uuid128 {
  mostSigBits: -1479598001835323751
  leastSigBits: -7628998045211104178
}
.
2020-09-03 04:13:27,217 [Command processor thread] INFO  impl.RaftServerProxy (RaftServerProxy.java:addNew(89)) - e13fd705-75d3-468c-8ef7-28c6bf279fab: addNew group-FE72CC1D36E9:[e13fd705-75d3-468c-8ef7-28c6bf279fab:172.17.0.2:33161, ad0ceffe-a602-4ded-be69-e8c523abddec:172.17.0.2:37231, b97e6e52-2f4d-4bd9-8513-2974999c5278:172.17.0.2:39889] returns group-FE72CC1D36E9:java.util.concurrent.CompletableFuture@50041e3f[Not completed]
2020-09-03 04:13:27,219 [pool-33-thread-1] INFO  impl.RaftServerImpl (RaftServerImpl.java:<init>(107)) - e13fd705-75d3-468c-8ef7-28c6bf279fab: new RaftServerImpl for group-FE72CC1D36E9:[e13fd705-75d3-468c-8ef7-28c6bf279fab:172.17.0.2:33161, ad0ceffe-a602-4ded-be69-e8c523abddec:172.17.0.2:37231, b97e6e52-2f4d-4bd9-8513-2974999c5278:172.17.0.2:39889] with ContainerStateMachine:uninitialized
2020-09-03 04:13:27,219 [pool-33-thread-1] INFO  server.RaftServerConfigKeys (ConfUtils.java:logGet(44)) - raft.server.rpc.timeout.min = 5s (custom)
2020-09-03 04:13:27,219 [pool-33-thread-1] INFO  server.RaftServerConfigKeys (ConfUtils.java:logGet(44)) - raft.server.rpc.timeout.max = 5200ms (custom)
2020-09-03 04:13:27,219 [pool-33-thread-1] INFO  server.RaftServerConfigKeys (ConfUtils.java:logGet(44)) - raft.server.rpcslowness.timeout = 1000000ms (custom)
2020-09-03 04:13:27,219 [pool-33-thread-1] INFO  server.RaftServerConfigKeys (ConfUtils.java:logGet(44)) - raft.server.sleep.deviation.threshold = 300 (default)
2020-09-03 04:13:27,221 [pool-33-thread-1] INFO  server.RaftServerConfigKeys (ConfUtils.java:logGet(44)) - raft.server.log.appender.install.snapshot.enabled = false (custom)
2020-09-03 04:13:27,221 [pool-33-thread-1] INFO  impl.RaftServerImpl (ServerState.java:<init>(103)) - e13fd705-75d3-468c-8ef7-28c6bf279fab@group-FE72CC1D36E9: ConfigurationManager, init=-1: [e13fd705-75d3-468c-8ef7-28c6bf279fab:172.17.0.2:33161, ad0ceffe-a602-4ded-be69-e8c523abddec:172.17.0.2:37231, b97e6e52-2f4d-4bd9-8513-2974999c5278:172.17.0.2:39889], old=null, confs=<EMPTY_MAP>
2020-09-03 04:13:27,222 [pool-33-thread-1] INFO  server.RaftServerConfigKeys (ConfUtils.java:logGet(44)) - raft.server.storage.dir = [/github/workspace/mnt/ozone/hadoop-ozone/integration-test/target/test-dir/MiniOzoneClusterImpl-1fba4767-94f5-452d-84d3-bc97b60faa1d/datanode-0/data/ratis] (custom)
2020-09-03 04:13:27,222 [pool-33-thread-1] INFO  server.RaftServerConfigKeys (ConfUtils.java:logGet(44)) - raft.server.log.corruption.policy = EXCEPTION (default)
2020-09-03 04:13:27,222 [pool-33-thread-1] INFO  storage.RaftStorageDirectory (RaftStorageDirectory.java:analyzeStorage(261)) - The storage directory /github/workspace/mnt/ozone/hadoop-ozone/integration-test/target/test-dir/MiniOzoneClusterImpl-1fba4767-94f5-452d-84d3-bc97b60faa1d/datanode-0/data/ratis/0e20fda2-f9a4-42ec-adb3-fe72cc1d36e9 does not exist. Creating ...
2020-09-03 04:13:27,223 [pool-33-thread-1] INFO  storage.RaftStorageDirectory (RaftStorageDirectory.java:tryLock(343)) - Lock on /github/workspace/mnt/ozone/hadoop-ozone/integration-test/target/test-dir/MiniOzoneClusterImpl-1fba4767-94f5-452d-84d3-bc97b60faa1d/datanode-0/data/ratis/0e20fda2-f9a4-42ec-adb3-fe72cc1d36e9/in_use.lock acquired by nodename 28751@90479f4426fb
2020-09-03 04:13:27,225 [pool-33-thread-1] INFO  storage.RaftStorage (RaftStorage.java:format(84)) - Storage directory /github/workspace/mnt/ozone/hadoop-ozone/integration-test/target/test-dir/MiniOzoneClusterImpl-1fba4767-94f5-452d-84d3-bc97b60faa1d/datanode-0/data/ratis/0e20fda2-f9a4-42ec-adb3-fe72cc1d36e9 has been successfully formatted.
2020-09-03 04:13:27,225 [pool-33-thread-1] INFO  ratis.ContainerStateMachine (ContainerStateMachine.java:loadSnapshot(225)) - group-FE72CC1D36E9: The snapshot info is null. Setting the last applied indexto:(t:0, i:~)
2020-09-03 04:13:27,225 [Datanode State Machine Thread - 0] WARN  statemachine.DatanodeStateMachine (DatanodeStateMachine.java:start(245)) - Interrupt the execution.
java.lang.InterruptedException: sleep interrupted
	at java.lang.Thread.sleep(Native Method)
	at org.apache.hadoop.ozone.container.common.statemachine.DatanodeStateMachine.start(DatanodeStateMachine.java:243)
	at org.apache.hadoop.ozone.container.common.statemachine.DatanodeStateMachine.lambda$startDaemon$0(DatanodeStateMachine.java:405)
	at java.lang.Thread.run(Thread.java:748)
2020-09-03 04:13:27,225 [pool-33-thread-1] INFO  server.RaftServerConfigKeys (ConfUtils.java:logGet(44)) - raft.server.notification.no-leader.timeout = 1000000ms (custom)
2020-09-03 04:13:27,226 [pool-33-thread-1] INFO  server.RaftServerConfigKeys (ConfUtils.java:logGet(44)) - raft.server.log.use.memory = false (default)
2020-09-03 04:13:27,227 [pool-33-thread-1] INFO  server.RaftServerConfigKeys (ConfUtils.java:logGet(44)) - raft.server.log.purge.gap = 1000000 (custom)
2020-09-03 04:13:27,227 [pool-33-thread-1] INFO  metrics.RatisMetrics (RatisMetrics.java:lambda$create$0(36)) - Creating Metrics Registry : ratis.log_worker.e13fd705-75d3-468c-8ef7-28c6bf279fab@group-FE72CC1D36E9
2020-09-03 04:13:27,228 [pool-33-thread-1] INFO  server.RaftServerConfigKeys (ConfUtils.java:logGet(44)) - raft.server.log.appender.buffer.byte-limit = 33554432 (custom)
2020-09-03 04:13:27,228 [pool-33-thread-1] INFO  server.RaftServerConfigKeys (ConfUtils.java:logGet(44)) - raft.server.log.segment.size.max = 1048576 (custom)
2020-09-03 04:13:27,229 [pool-33-thread-1] INFO  server.RaftServerConfigKeys (ConfUtils.java:logGet(44)) - raft.server.log.segment.cache.num.max = 2 (custom)
2020-09-03 04:13:27,229 [pool-33-thread-1] INFO  segmented.SegmentedRaftLogWorker (SegmentedRaftLogWorker.java:<init>(180)) - new e13fd705-75d3-468c-8ef7-28c6bf279fab@group-FE72CC1D36E9-SegmentedRaftLogWorker for RaftStorage:Storage Directory /github/workspace/mnt/ozone/hadoop-ozone/integration-test/target/test-dir/MiniOzoneClusterImpl-1fba4767-94f5-452d-84d3-bc97b60faa1d/datanode-0/data/ratis/0e20fda2-f9a4-42ec-adb3-fe72cc1d36e9
2020-09-03 04:13:27,229 [pool-33-thread-1] INFO  server.RaftServerConfigKeys (ConfUtils.java:logGet(44)) - raft.server.log.queue.byte-limit = 2147483647 (custom)
2020-09-03 04:13:27,229 [pool-33-thread-1] INFO  server.RaftServerConfigKeys (ConfUtils.java:logGet(44)) - raft.server.log.queue.element-limit = 1024 (custom)
2020-09-03 04:13:27,229 [pool-33-thread-1] INFO  server.RaftServerConfigKeys (ConfUtils.java:logGet(44)) - raft.server.log.segment.size.max = 1048576 (custom)
2020-09-03 04:13:27,230 [pool-33-thread-1] INFO  server.RaftServerConfigKeys (ConfUtils.java:logGet(44)) - raft.server.log.preallocated.size = 16384 (custom)
2020-09-03 04:13:27,230 [pool-33-thread-1] INFO  server.RaftServerConfigKeys (ConfUtils.java:logGet(44)) - raft.server.log.write.buffer.size = 1048576 (custom)
2020-09-03 04:13:27,230 [pool-33-thread-1] INFO  server.RaftServerConfigKeys (ConfUtils.java:logGet(44)) - raft.server.log.force.sync.num = 128 (default)
2020-09-03 04:13:27,230 [pool-33-thread-1] INFO  server.RaftServerConfigKeys (ConfUtils.java:logGet(44)) - raft.server.log.statemachine.data.sync = true (default)
2020-09-03 04:13:27,230 [pool-33-thread-1] INFO  server.RaftServerConfigKeys (ConfUtils.java:logGet(44)) - raft.server.log.statemachine.data.sync.timeout = 10s (default)
2020-09-03 04:13:27,230 [pool-33-thread-1] INFO  server.RaftServerConfigKeys (ConfUtils.java:logGet(44)) - raft.server.log.statemachine.data.sync.timeout.retry = -1 (default)
2020-09-03 04:13:27,233 [pool-33-thread-1] INFO  server.RaftServerConfigKeys (ConfUtils.java:logGet(44)) - raft.server.log.statemachine.data.caching.enabled = true (custom)
2020-09-03 04:13:27,233 [pool-33-thread-1] INFO  segmented.SegmentedRaftLogWorker (SegmentedRaftLogWorker.java:lambda$new$0(129)) - e13fd705-75d3-468c-8ef7-28c6bf279fab@group-FE72CC1D36E9-SegmentedRaftLogWorker: flushIndex: setUnconditionally 0 -> -1
2020-09-03 04:13:27,233 [pool-33-thread-1] INFO  segmented.SegmentedRaftLogWorker (SegmentedRaftLogWorker.java:lambda$new$0(129)) - e13fd705-75d3-468c-8ef7-28c6bf279fab@group-FE72CC1D36E9-SegmentedRaftLogWorker: safeCacheEvictIndex: setUnconditionally 0 -> -1
2020-09-03 04:13:27,236 [pool-33-thread-1] INFO  server.RaftServerConfigKeys (ConfUtils.java:logGet(44)) - raft.server.snapshot.auto.trigger.enabled = true (custom)
2020-09-03 04:13:27,237 [pool-33-thread-1] INFO  server.RaftServerConfigKeys (ConfUtils.java:logGet(44)) - raft.server.snapshot.auto.trigger.threshold = 10000 (custom)
2020-09-03 04:13:27,237 [pool-33-thread-1] INFO  server.RaftServerConfigKeys (ConfUtils.java:logGet(44)) - raft.server.snapshot.retention.file.num = 5 (custom)
2020-09-03 04:13:27,237 [pool-33-thread-1] INFO  server.RaftServerConfigKeys (ConfUtils.java:logGet(44)) - raft.server.log.purge.upto.snapshot.index = false (default)
2020-09-03 04:13:27,237 [pool-33-thread-1] INFO  server.RaftServerConfigKeys (ConfUtils.java:logGet(44)) - raft.server.retrycache.expirytime = 600000ms (custom)
2020-09-03 04:13:27,238 [pool-33-thread-1] INFO  metrics.RatisMetrics (RatisMetrics.java:lambda$create$0(36)) - Creating Metrics Registry : ratis.leader_election.e13fd705-75d3-468c-8ef7-28c6bf279fab@group-FE72CC1D36E9
2020-09-03 04:13:27,239 [pool-33-thread-1] INFO  metrics.RatisMetrics (RatisMetrics.java:lambda$create$0(36)) - Creating Metrics Registry : ratis.server.e13fd705-75d3-468c-8ef7-28c6bf279fab@group-FE72CC1D36E9
2020-09-03 04:13:27,242 [pool-33-thread-1] INFO  impl.RaftServerImpl (RaftServerImpl.java:start(196)) - e13fd705-75d3-468c-8ef7-28c6bf279fab@group-FE72CC1D36E9: start as a follower, conf=-1: [e13fd705-75d3-468c-8ef7-28c6bf279fab:172.17.0.2:33161, ad0ceffe-a602-4ded-be69-e8c523abddec:172.17.0.2:37231, b97e6e52-2f4d-4bd9-8513-2974999c5278:172.17.0.2:39889], old=null
2020-09-03 04:13:27,242 [pool-33-thread-1] INFO  impl.RaftServerImpl (RaftServerImpl.java:setRole(185)) - e13fd705-75d3-468c-8ef7-28c6bf279fab@group-FE72CC1D36E9: changes role from      null to FOLLOWER at term 0 for startAsFollower
2020-09-03 04:13:27,242 [pool-33-thread-1] INFO  impl.RoleInfo (RoleInfo.java:updateAndGet(143)) - e13fd705-75d3-468c-8ef7-28c6bf279fab: start FollowerState
2020-09-03 04:13:27,243 [pool-33-thread-1] INFO  util.JmxRegister (JmxRegister.java:tryRegister(44)) - Successfully registered JMX Bean with object name Ratis:service=RaftServer,group=group-FE72CC1D36E9,id=e13fd705-75d3-468c-8ef7-28c6bf279fab
2020-09-03 04:13:27,243 [pool-33-thread-1] INFO  metrics.RatisMetrics (RatisMetrics.java:lambda$create$0(36)) - Creating Metrics Registry : ratis.state_machine.e13fd705-75d3-468c-8ef7-28c6bf279fab@group-FE72CC1D36E9
2020-09-03 04:13:27,282 [Command processor thread] INFO  impl.RaftServerProxy (RaftServerProxy.java:addNew(89)) - b97e6e52-2f4d-4bd9-8513-2974999c5278: addNew group-F465223EF1D9:[b97e6e52-2f4d-4bd9-8513-2974999c5278:172.17.0.2:39889] returns group-F465223EF1D9:java.util.concurrent.CompletableFuture@5b6a4744[Not completed]
2020-09-03 04:13:27,300 [pool-48-thread-1] INFO  impl.RaftServerImpl (RaftServerImpl.java:<init>(107)) - b97e6e52-2f4d-4bd9-8513-2974999c5278: new RaftServerImpl for group-F465223EF1D9:[b97e6e52-2f4d-4bd9-8513-2974999c5278:172.17.0.2:39889] with ContainerStateMachine:uninitialized
2020-09-03 04:13:27,301 [pool-48-thread-1] INFO  server.RaftServerConfigKeys (ConfUtils.java:logGet(44)) - raft.server.rpc.timeout.min = 5s (custom)
2020-09-03 04:13:27,301 [pool-48-thread-1] INFO  server.RaftServerConfigKeys (ConfUtils.java:logGet(44)) - raft.server.rpc.timeout.max = 5200ms (custom)
2020-09-03 04:13:27,302 [pool-48-thread-1] INFO  server.RaftServerConfigKeys (ConfUtils.java:logGet(44)) - raft.server.rpcslowness.timeout = 1000000ms (custom)
2020-09-03 04:13:27,302 [pool-48-thread-1] INFO  server.RaftServerConfigKeys (ConfUtils.java:logGet(44)) - raft.server.sleep.deviation.threshold = 300 (default)
2020-09-03 04:13:27,302 [pool-48-thread-1] INFO  server.RaftServerConfigKeys (ConfUtils.java:logGet(44)) - raft.server.log.appender.install.snapshot.enabled = false (custom)
2020-09-03 04:13:27,302 [pool-48-thread-1] INFO  impl.RaftServerImpl (ServerState.java:<init>(103)) - b97e6e52-2f4d-4bd9-8513-2974999c5278@group-F465223EF1D9: ConfigurationManager, init=-1: [b97e6e52-2f4d-4bd9-8513-2974999c5278:172.17.0.2:39889], old=null, confs=<EMPTY_MAP>
2020-09-03 04:13:27,302 [pool-48-thread-1] INFO  server.RaftServerConfigKeys (ConfUtils.java:logGet(44)) - raft.server.storage.dir = [/github/workspace/mnt/ozone/hadoop-ozone/integration-test/target/test-dir/MiniOzoneClusterImpl-1fba4767-94f5-452d-84d3-bc97b60faa1d/datanode-1/data/ratis] (custom)
2020-09-03 04:13:27,302 [pool-48-thread-1] INFO  server.RaftServerConfigKeys (ConfUtils.java:logGet(44)) - raft.server.log.corruption.policy = EXCEPTION (default)
2020-09-03 04:13:27,302 [pool-48-thread-1] INFO  storage.RaftStorageDirectory (RaftStorageDirectory.java:analyzeStorage(261)) - The storage directory /github/workspace/mnt/ozone/hadoop-ozone/integration-test/target/test-dir/MiniOzoneClusterImpl-1fba4767-94f5-452d-84d3-bc97b60faa1d/datanode-1/data/ratis/f0c64308-3e1b-475d-ab0a-f465223ef1d9 does not exist. Creating ...
2020-09-03 04:13:27,305 [pool-48-thread-1] INFO  storage.RaftStorageDirectory (RaftStorageDirectory.java:tryLock(343)) - Lock on /github/workspace/mnt/ozone/hadoop-ozone/integration-test/target/test-dir/MiniOzoneClusterImpl-1fba4767-94f5-452d-84d3-bc97b60faa1d/datanode-1/data/ratis/f0c64308-3e1b-475d-ab0a-f465223ef1d9/in_use.lock acquired by nodename 28751@90479f4426fb
2020-09-03 04:13:27,306 [pool-48-thread-1] INFO  storage.RaftStorage (RaftStorage.java:format(84)) - Storage directory /github/workspace/mnt/ozone/hadoop-ozone/integration-test/target/test-dir/MiniOzoneClusterImpl-1fba4767-94f5-452d-84d3-bc97b60faa1d/datanode-1/data/ratis/f0c64308-3e1b-475d-ab0a-f465223ef1d9 has been successfully formatted.
2020-09-03 04:13:27,315 [Datanode State Machine Thread - 0] WARN  statemachine.DatanodeStateMachine (DatanodeStateMachine.java:start(245)) - Interrupt the execution.
java.lang.InterruptedException: sleep interrupted
	at java.lang.Thread.sleep(Native Method)
	at org.apache.hadoop.ozone.container.common.statemachine.DatanodeStateMachine.start(DatanodeStateMachine.java:243)
	at org.apache.hadoop.ozone.container.common.statemachine.DatanodeStateMachine.lambda$startDaemon$0(DatanodeStateMachine.java:405)
	at java.lang.Thread.run(Thread.java:748)
2020-09-03 04:13:27,316 [pool-48-thread-1] INFO  ratis.ContainerStateMachine (ContainerStateMachine.java:loadSnapshot(225)) - group-F465223EF1D9: The snapshot info is null. Setting the last applied indexto:(t:0, i:~)
2020-09-03 04:13:27,317 [pool-48-thread-1] INFO  server.RaftServerConfigKeys (ConfUtils.java:logGet(44)) - raft.server.notification.no-leader.timeout = 1000000ms (custom)
2020-09-03 04:13:27,317 [pool-48-thread-1] INFO  server.RaftServerConfigKeys (ConfUtils.java:logGet(44)) - raft.server.log.use.memory = false (default)
2020-09-03 04:13:27,317 [pool-48-thread-1] INFO  server.RaftServerConfigKeys (ConfUtils.java:logGet(44)) - raft.server.log.purge.gap = 1000000 (custom)
2020-09-03 04:13:27,317 [EventQueue-PipelineReportForPipelineReportHandler] INFO  pipeline.PipelineStateManager (PipelineStateManager.java:openPipeline(131)) - Pipeline Pipeline[ Id: f0c64308-3e1b-475d-ab0a-f465223ef1d9, Nodes: b97e6e52-2f4d-4bd9-8513-2974999c5278{ip: 172.17.0.2, host: 90479f4426fb, networkLocation: /default-rack, certSerialId: null}, Type:RATIS, Factor:ONE, State:ALLOCATED, leaderId:b97e6e52-2f4d-4bd9-8513-2974999c5278, CreationTimestamp2020-09-03T04:13:24.280Z] moved to OPEN state
2020-09-03 04:13:27,318 [EventQueue-OpenPipelineForHealthyPipelineSafeModeRule] INFO  safemode.SCMSafeModeManager (HealthyPipelineSafeModeRule.java:process(129)) - SCM in safe mode. Healthy pipelines reported count is 0, required healthy pipeline reported count is 1
2020-09-03 04:13:27,318 [EventQueue-OpenPipelineForOneReplicaPipelineSafeModeRule] INFO  safemode.SCMSafeModeManager (SCMSafeModeManager.java:validateSafeModeExitRules(214)) - AtleastOneDatanodeReportedRule rule is successfully validated
2020-09-03 04:13:27,317 [pool-48-thread-1] INFO  metrics.RatisMetrics (RatisMetrics.java:lambda$create$0(36)) - Creating Metrics Registry : ratis.log_worker.b97e6e52-2f4d-4bd9-8513-2974999c5278@group-F465223EF1D9
2020-09-03 04:13:27,321 [pool-48-thread-1] INFO  server.RaftServerConfigKeys (ConfUtils.java:logGet(44)) - raft.server.log.appender.buffer.byte-limit = 33554432 (custom)
2020-09-03 04:13:27,321 [pool-48-thread-1] INFO  server.RaftServerConfigKeys (ConfUtils.java:logGet(44)) - raft.server.log.segment.size.max = 1048576 (custom)
2020-09-03 04:13:27,321 [pool-48-thread-1] INFO  server.RaftServerConfigKeys (ConfUtils.java:logGet(44)) - raft.server.log.segment.cache.num.max = 2 (custom)
2020-09-03 04:13:27,322 [pool-48-thread-1] INFO  segmented.SegmentedRaftLogWorker (SegmentedRaftLogWorker.java:<init>(180)) - new b97e6e52-2f4d-4bd9-8513-2974999c5278@group-F465223EF1D9-SegmentedRaftLogWorker for RaftStorage:Storage Directory /github/workspace/mnt/ozone/hadoop-ozone/integration-test/target/test-dir/MiniOzoneClusterImpl-1fba4767-94f5-452d-84d3-bc97b60faa1d/datanode-1/data/ratis/f0c64308-3e1b-475d-ab0a-f465223ef1d9
2020-09-03 04:13:27,324 [pool-48-thread-1] INFO  server.RaftServerConfigKeys (ConfUtils.java:logGet(44)) - raft.server.log.queue.byte-limit = 2147483647 (custom)
2020-09-03 04:13:27,324 [pool-48-thread-1] INFO  server.RaftServerConfigKeys (ConfUtils.java:logGet(44)) - raft.server.log.queue.element-limit = 1024 (custom)
2020-09-03 04:13:27,324 [pool-48-thread-1] INFO  server.RaftServerConfigKeys (ConfUtils.java:logGet(44)) - raft.server.log.segment.size.max = 1048576 (custom)
2020-09-03 04:13:27,324 [pool-48-thread-1] INFO  server.RaftServerConfigKeys (ConfUtils.java:logGet(44)) - raft.server.log.preallocated.size = 16384 (custom)
2020-09-03 04:13:27,324 [pool-48-thread-1] INFO  server.RaftServerConfigKeys (ConfUtils.java:logGet(44)) - raft.server.log.write.buffer.size = 1048576 (custom)
2020-09-03 04:13:27,324 [pool-48-thread-1] INFO  server.RaftServerConfigKeys (ConfUtils.java:logGet(44)) - raft.server.log.force.sync.num = 128 (default)
2020-09-03 04:13:27,325 [pool-48-thread-1] INFO  server.RaftServerConfigKeys (ConfUtils.java:logGet(44)) - raft.server.log.statemachine.data.sync = true (default)
2020-09-03 04:13:27,325 [pool-48-thread-1] INFO  server.RaftServerConfigKeys (ConfUtils.java:logGet(44)) - raft.server.log.statemachine.data.sync.timeout = 10s (default)
2020-09-03 04:13:27,325 [pool-48-thread-1] INFO  server.RaftServerConfigKeys (ConfUtils.java:logGet(44)) - raft.server.log.statemachine.data.sync.timeout.retry = -1 (default)
2020-09-03 04:13:27,328 [pool-48-thread-1] INFO  server.RaftServerConfigKeys (ConfUtils.java:logGet(44)) - raft.server.log.statemachine.data.caching.enabled = true (custom)
2020-09-03 04:13:27,328 [pool-48-thread-1] INFO  segmented.SegmentedRaftLogWorker (SegmentedRaftLogWorker.java:lambda$new$0(129)) - b97e6e52-2f4d-4bd9-8513-2974999c5278@group-F465223EF1D9-SegmentedRaftLogWorker: flushIndex: setUnconditionally 0 -> -1
2020-09-03 04:13:27,328 [pool-48-thread-1] INFO  segmented.SegmentedRaftLogWorker (SegmentedRaftLogWorker.java:lambda$new$0(129)) - b97e6e52-2f4d-4bd9-8513-2974999c5278@group-F465223EF1D9-SegmentedRaftLogWorker: safeCacheEvictIndex: setUnconditionally 0 -> -1
2020-09-03 04:13:27,329 [pool-48-thread-1] INFO  server.RaftServerConfigKeys (ConfUtils.java:logGet(44)) - raft.server.snapshot.auto.trigger.enabled = true (custom)
2020-09-03 04:13:27,329 [pool-48-thread-1] INFO  server.RaftServerConfigKeys (ConfUtils.java:logGet(44)) - raft.server.snapshot.auto.trigger.threshold = 10000 (custom)
2020-09-03 04:13:27,329 [pool-48-thread-1] INFO  server.RaftServerConfigKeys (ConfUtils.java:logGet(44)) - raft.server.snapshot.retention.file.num = 5 (custom)
2020-09-03 04:13:27,329 [pool-48-thread-1] INFO  server.RaftServerConfigKeys (ConfUtils.java:logGet(44)) - raft.server.log.purge.upto.snapshot.index = false (default)
2020-09-03 04:13:27,329 [pool-48-thread-1] INFO  server.RaftServerConfigKeys (ConfUtils.java:logGet(44)) - raft.server.retrycache.expirytime = 600000ms (custom)
2020-09-03 04:13:27,330 [pool-48-thread-1] INFO  metrics.RatisMetrics (RatisMetrics.java:lambda$create$0(36)) - Creating Metrics Registry : ratis.leader_election.b97e6e52-2f4d-4bd9-8513-2974999c5278@group-F465223EF1D9
2020-09-03 04:13:27,330 [pool-48-thread-1] INFO  metrics.RatisMetrics (RatisMetrics.java:lambda$create$0(36)) - Creating Metrics Registry : ratis.server.b97e6e52-2f4d-4bd9-8513-2974999c5278@group-F465223EF1D9
2020-09-03 04:13:27,331 [pool-48-thread-1] INFO  impl.RaftServerImpl (RaftServerImpl.java:start(196)) - b97e6e52-2f4d-4bd9-8513-2974999c5278@group-F465223EF1D9: start as a follower, conf=-1: [b97e6e52-2f4d-4bd9-8513-2974999c5278:172.17.0.2:39889], old=null
2020-09-03 04:13:27,331 [pool-48-thread-1] INFO  impl.RaftServerImpl (RaftServerImpl.java:setRole(185)) - b97e6e52-2f4d-4bd9-8513-2974999c5278@group-F465223EF1D9: changes role from      null to FOLLOWER at term 0 for startAsFollower
2020-09-03 04:13:27,331 [pool-48-thread-1] INFO  impl.RoleInfo (RoleInfo.java:updateAndGet(143)) - b97e6e52-2f4d-4bd9-8513-2974999c5278: start FollowerState
2020-09-03 04:13:27,333 [pool-48-thread-1] INFO  util.JmxRegister (JmxRegister.java:tryRegister(44)) - Successfully registered JMX Bean with object name Ratis:service=RaftServer,group=group-F465223EF1D9,id=b97e6e52-2f4d-4bd9-8513-2974999c5278
2020-09-03 04:13:27,337 [pool-48-thread-1] INFO  metrics.RatisMetrics (RatisMetrics.java:lambda$create$0(36)) - Creating Metrics Registry : ratis.state_machine.b97e6e52-2f4d-4bd9-8513-2974999c5278@group-F465223EF1D9
2020-09-03 04:13:27,337 [Command processor thread] INFO  commandhandler.CreatePipelineCommandHandler (CreatePipelineCommandHandler.java:handle(110)) - Created Pipeline RATIS ONE #id: "f0c64308-3e1b-475d-ab0a-f465223ef1d9"
uuid128 {
  mostSigBits: -1097115756537362595
  leastSigBits: -6121812028253343271
}
.
2020-09-03 04:13:27,340 [Command processor thread] INFO  impl.RaftServerProxy (RaftServerProxy.java:addNew(89)) - b97e6e52-2f4d-4bd9-8513-2974999c5278: addNew group-FE72CC1D36E9:[e13fd705-75d3-468c-8ef7-28c6bf279fab:172.17.0.2:33161, ad0ceffe-a602-4ded-be69-e8c523abddec:172.17.0.2:37231, b97e6e52-2f4d-4bd9-8513-2974999c5278:172.17.0.2:39889] returns group-FE72CC1D36E9:java.util.concurrent.CompletableFuture@5f55c8f1[Not completed]
2020-09-03 04:13:27,341 [pool-48-thread-1] INFO  impl.RaftServerImpl (RaftServerImpl.java:<init>(107)) - b97e6e52-2f4d-4bd9-8513-2974999c5278: new RaftServerImpl for group-FE72CC1D36E9:[e13fd705-75d3-468c-8ef7-28c6bf279fab:172.17.0.2:33161, ad0ceffe-a602-4ded-be69-e8c523abddec:172.17.0.2:37231, b97e6e52-2f4d-4bd9-8513-2974999c5278:172.17.0.2:39889] with ContainerStateMachine:uninitialized
2020-09-03 04:13:27,341 [pool-48-thread-1] INFO  server.RaftServerConfigKeys (ConfUtils.java:logGet(44)) - raft.server.rpc.timeout.min = 5s (custom)
2020-09-03 04:13:27,341 [pool-48-thread-1] INFO  server.RaftServerConfigKeys (ConfUtils.java:logGet(44)) - raft.server.rpc.timeout.max = 5200ms (custom)
2020-09-03 04:13:27,341 [pool-48-thread-1] INFO  server.RaftServerConfigKeys (ConfUtils.java:logGet(44)) - raft.server.rpcslowness.timeout = 1000000ms (custom)
2020-09-03 04:13:27,342 [pool-48-thread-1] INFO  server.RaftServerConfigKeys (ConfUtils.java:logGet(44)) - raft.server.sleep.deviation.threshold = 300 (default)
2020-09-03 04:13:27,342 [pool-48-thread-1] INFO  server.RaftServerConfigKeys (ConfUtils.java:logGet(44)) - raft.server.log.appender.install.snapshot.enabled = false (custom)
2020-09-03 04:13:27,342 [pool-48-thread-1] INFO  impl.RaftServerImpl (ServerState.java:<init>(103)) - b97e6e52-2f4d-4bd9-8513-2974999c5278@group-FE72CC1D36E9: ConfigurationManager, init=-1: [e13fd705-75d3-468c-8ef7-28c6bf279fab:172.17.0.2:33161, ad0ceffe-a602-4ded-be69-e8c523abddec:172.17.0.2:37231, b97e6e52-2f4d-4bd9-8513-2974999c5278:172.17.0.2:39889], old=null, confs=<EMPTY_MAP>
2020-09-03 04:13:27,342 [pool-48-thread-1] INFO  server.RaftServerConfigKeys (ConfUtils.java:logGet(44)) - raft.server.storage.dir = [/github/workspace/mnt/ozone/hadoop-ozone/integration-test/target/test-dir/MiniOzoneClusterImpl-1fba4767-94f5-452d-84d3-bc97b60faa1d/datanode-1/data/ratis] (custom)
2020-09-03 04:13:27,342 [pool-48-thread-1] INFO  server.RaftServerConfigKeys (ConfUtils.java:logGet(44)) - raft.server.log.corruption.policy = EXCEPTION (default)
2020-09-03 04:13:27,342 [pool-48-thread-1] INFO  storage.RaftStorageDirectory (RaftStorageDirectory.java:analyzeStorage(261)) - The storage directory /github/workspace/mnt/ozone/hadoop-ozone/integration-test/target/test-dir/MiniOzoneClusterImpl-1fba4767-94f5-452d-84d3-bc97b60faa1d/datanode-1/data/ratis/0e20fda2-f9a4-42ec-adb3-fe72cc1d36e9 does not exist. Creating ...
2020-09-03 04:13:27,344 [pool-48-thread-1] INFO  storage.RaftStorageDirectory (RaftStorageDirectory.java:tryLock(343)) - Lock on /github/workspace/mnt/ozone/hadoop-ozone/integration-test/target/test-dir/MiniOzoneClusterImpl-1fba4767-94f5-452d-84d3-bc97b60faa1d/datanode-1/data/ratis/0e20fda2-f9a4-42ec-adb3-fe72cc1d36e9/in_use.lock acquired by nodename 28751@90479f4426fb
2020-09-03 04:13:27,345 [pool-48-thread-1] INFO  storage.RaftStorage (RaftStorage.java:format(84)) - Storage directory /github/workspace/mnt/ozone/hadoop-ozone/integration-test/target/test-dir/MiniOzoneClusterImpl-1fba4767-94f5-452d-84d3-bc97b60faa1d/datanode-1/data/ratis/0e20fda2-f9a4-42ec-adb3-fe72cc1d36e9 has been successfully formatted.
2020-09-03 04:13:27,345 [Datanode State Machine Thread - 0] WARN  statemachine.DatanodeStateMachine (DatanodeStateMachine.java:start(245)) - Interrupt the execution.
java.lang.InterruptedException: sleep interrupted
	at java.lang.Thread.sleep(Native Method)
	at org.apache.hadoop.ozone.container.common.statemachine.DatanodeStateMachine.start(DatanodeStateMachine.java:243)
	at org.apache.hadoop.ozone.container.common.statemachine.DatanodeStateMachine.lambda$startDaemon$0(DatanodeStateMachine.java:405)
	at java.lang.Thread.run(Thread.java:748)
2020-09-03 04:13:27,345 [pool-48-thread-1] INFO  ratis.ContainerStateMachine (ContainerStateMachine.java:loadSnapshot(225)) - group-FE72CC1D36E9: The snapshot info is null. Setting the last applied indexto:(t:0, i:~)
2020-09-03 04:13:27,347 [pool-48-thread-1] INFO  server.RaftServerConfigKeys (ConfUtils.java:logGet(44)) - raft.server.notification.no-leader.timeout = 1000000ms (custom)
2020-09-03 04:13:27,347 [pool-48-thread-1] INFO  server.RaftServerConfigKeys (ConfUtils.java:logGet(44)) - raft.server.log.use.memory = false (default)
2020-09-03 04:13:27,347 [pool-48-thread-1] INFO  server.RaftServerConfigKeys (ConfUtils.java:logGet(44)) - raft.server.log.purge.gap = 1000000 (custom)
2020-09-03 04:13:27,347 [pool-48-thread-1] INFO  metrics.RatisMetrics (RatisMetrics.java:lambda$create$0(36)) - Creating Metrics Registry : ratis.log_worker.b97e6e52-2f4d-4bd9-8513-2974999c5278@group-FE72CC1D36E9
2020-09-03 04:13:27,347 [pool-48-thread-1] INFO  server.RaftServerConfigKeys (ConfUtils.java:logGet(44)) - raft.server.log.appender.buffer.byte-limit = 33554432 (custom)
2020-09-03 04:13:27,349 [pool-48-thread-1] INFO  server.RaftServerConfigKeys (ConfUtils.java:logGet(44)) - raft.server.log.segment.size.max = 1048576 (custom)
2020-09-03 04:13:27,349 [pool-48-thread-1] INFO  server.RaftServerConfigKeys (ConfUtils.java:logGet(44)) - raft.server.log.segment.cache.num.max = 2 (custom)
2020-09-03 04:13:27,349 [pool-48-thread-1] INFO  segmented.SegmentedRaftLogWorker (SegmentedRaftLogWorker.java:<init>(180)) - new b97e6e52-2f4d-4bd9-8513-2974999c5278@group-FE72CC1D36E9-SegmentedRaftLogWorker for RaftStorage:Storage Directory /github/workspace/mnt/ozone/hadoop-ozone/integration-test/target/test-dir/MiniOzoneClusterImpl-1fba4767-94f5-452d-84d3-bc97b60faa1d/datanode-1/data/ratis/0e20fda2-f9a4-42ec-adb3-fe72cc1d36e9
2020-09-03 04:13:27,349 [pool-48-thread-1] INFO  server.RaftServerConfigKeys (ConfUtils.java:logGet(44)) - raft.server.log.queue.byte-limit = 2147483647 (custom)
2020-09-03 04:13:27,349 [pool-48-thread-1] INFO  server.RaftServerConfigKeys (ConfUtils.java:logGet(44)) - raft.server.log.queue.element-limit = 1024 (custom)
2020-09-03 04:13:27,349 [pool-48-thread-1] INFO  server.RaftServerConfigKeys (ConfUtils.java:logGet(44)) - raft.server.log.segment.size.max = 1048576 (custom)
2020-09-03 04:13:27,349 [pool-48-thread-1] INFO  server.RaftServerConfigKeys (ConfUtils.java:logGet(44)) - raft.server.log.preallocated.size = 16384 (custom)
2020-09-03 04:13:27,350 [pool-48-thread-1] INFO  server.RaftServerConfigKeys (ConfUtils.java:logGet(44)) - raft.server.log.write.buffer.size = 1048576 (custom)
2020-09-03 04:13:27,350 [pool-48-thread-1] INFO  server.RaftServerConfigKeys (ConfUtils.java:logGet(44)) - raft.server.log.force.sync.num = 128 (default)
2020-09-03 04:13:27,350 [pool-48-thread-1] INFO  server.RaftServerConfigKeys (ConfUtils.java:logGet(44)) - raft.server.log.statemachine.data.sync = true (default)
2020-09-03 04:13:27,350 [pool-48-thread-1] INFO  server.RaftServerConfigKeys (ConfUtils.java:logGet(44)) - raft.server.log.statemachine.data.sync.timeout = 10s (default)
2020-09-03 04:13:27,350 [pool-48-thread-1] INFO  server.RaftServerConfigKeys (ConfUtils.java:logGet(44)) - raft.server.log.statemachine.data.sync.timeout.retry = -1 (default)
2020-09-03 04:13:27,351 [pool-48-thread-1] INFO  server.RaftServerConfigKeys (ConfUtils.java:logGet(44)) - raft.server.log.statemachine.data.caching.enabled = true (custom)
2020-09-03 04:13:27,351 [pool-48-thread-1] INFO  segmented.SegmentedRaftLogWorker (SegmentedRaftLogWorker.java:lambda$new$0(129)) - b97e6e52-2f4d-4bd9-8513-2974999c5278@group-FE72CC1D36E9-SegmentedRaftLogWorker: flushIndex: setUnconditionally 0 -> -1
2020-09-03 04:13:27,351 [pool-48-thread-1] INFO  segmented.SegmentedRaftLogWorker (SegmentedRaftLogWorker.java:lambda$new$0(129)) - b97e6e52-2f4d-4bd9-8513-2974999c5278@group-FE72CC1D36E9-SegmentedRaftLogWorker: safeCacheEvictIndex: setUnconditionally 0 -> -1
2020-09-03 04:13:27,352 [pool-48-thread-1] INFO  server.RaftServerConfigKeys (ConfUtils.java:logGet(44)) - raft.server.snapshot.auto.trigger.enabled = true (custom)
2020-09-03 04:13:27,353 [pool-48-thread-1] INFO  server.RaftServerConfigKeys (ConfUtils.java:logGet(44)) - raft.server.snapshot.auto.trigger.threshold = 10000 (custom)
2020-09-03 04:13:27,353 [pool-48-thread-1] INFO  server.RaftServerConfigKeys (ConfUtils.java:logGet(44)) - raft.server.snapshot.retention.file.num = 5 (custom)
2020-09-03 04:13:27,353 [pool-48-thread-1] INFO  server.RaftServerConfigKeys (ConfUtils.java:logGet(44)) - raft.server.log.purge.upto.snapshot.index = false (default)
2020-09-03 04:13:27,353 [pool-48-thread-1] INFO  server.RaftServerConfigKeys (ConfUtils.java:logGet(44)) - raft.server.retrycache.expirytime = 600000ms (custom)
2020-09-03 04:13:27,353 [pool-48-thread-1] INFO  metrics.RatisMetrics (RatisMetrics.java:lambda$create$0(36)) - Creating Metrics Registry : ratis.leader_election.b97e6e52-2f4d-4bd9-8513-2974999c5278@group-FE72CC1D36E9
2020-09-03 04:13:27,358 [pool-48-thread-1] INFO  metrics.RatisMetrics (RatisMetrics.java:lambda$create$0(36)) - Creating Metrics Registry : ratis.server.b97e6e52-2f4d-4bd9-8513-2974999c5278@group-FE72CC1D36E9
2020-09-03 04:13:27,360 [pool-48-thread-1] INFO  impl.RaftServerImpl (RaftServerImpl.java:start(196)) - b97e6e52-2f4d-4bd9-8513-2974999c5278@group-FE72CC1D36E9: start as a follower, conf=-1: [e13fd705-75d3-468c-8ef7-28c6bf279fab:172.17.0.2:33161, ad0ceffe-a602-4ded-be69-e8c523abddec:172.17.0.2:37231, b97e6e52-2f4d-4bd9-8513-2974999c5278:172.17.0.2:39889], old=null
2020-09-03 04:13:27,360 [pool-48-thread-1] INFO  impl.RaftServerImpl (RaftServerImpl.java:setRole(185)) - b97e6e52-2f4d-4bd9-8513-2974999c5278@group-FE72CC1D36E9: changes role from      null to FOLLOWER at term 0 for startAsFollower
2020-09-03 04:13:27,360 [pool-48-thread-1] INFO  impl.RoleInfo (RoleInfo.java:updateAndGet(143)) - b97e6e52-2f4d-4bd9-8513-2974999c5278: start FollowerState
2020-09-03 04:13:27,367 [pool-48-thread-1] INFO  util.JmxRegister (JmxRegister.java:tryRegister(44)) - Successfully registered JMX Bean with object name Ratis:service=RaftServer,group=group-FE72CC1D36E9,id=b97e6e52-2f4d-4bd9-8513-2974999c5278
2020-09-03 04:13:27,367 [pool-48-thread-1] INFO  metrics.RatisMetrics (RatisMetrics.java:lambda$create$0(36)) - Creating Metrics Registry : ratis.state_machine.b97e6e52-2f4d-4bd9-8513-2974999c5278@group-FE72CC1D36E9
2020-09-03 04:13:27,464 [Listener at 127.0.0.1/46265] INFO  ozone.MiniOzoneClusterImpl (MiniOzoneClusterImpl.java:lambda$waitForClusterToBeReady$0(177)) - Nodes are ready. Got 3 of 3 DN Heartbeats.
2020-09-03 04:13:27,465 [Listener at 127.0.0.1/46265] INFO  ozone.MiniOzoneClusterImpl (MiniOzoneClusterImpl.java:lambda$waitForClusterToBeReady$0(180)) - Waiting for cluster to exit safe mode
2020-09-03 04:13:27,472 [Command processor thread] INFO  impl.RaftServerProxy (RaftServerProxy.java:addNew(89)) - ad0ceffe-a602-4ded-be69-e8c523abddec: addNew group-716087CAAA09:[ad0ceffe-a602-4ded-be69-e8c523abddec:172.17.0.2:37231] returns group-716087CAAA09:java.util.concurrent.CompletableFuture@45a49344[Not completed]
2020-09-03 04:13:27,492 [pool-63-thread-1] INFO  impl.RaftServerImpl (RaftServerImpl.java:<init>(107)) - ad0ceffe-a602-4ded-be69-e8c523abddec: new RaftServerImpl for group-716087CAAA09:[ad0ceffe-a602-4ded-be69-e8c523abddec:172.17.0.2:37231] with ContainerStateMachine:uninitialized
2020-09-03 04:13:27,492 [pool-63-thread-1] INFO  server.RaftServerConfigKeys (ConfUtils.java:logGet(44)) - raft.server.rpc.timeout.min = 5s (custom)
2020-09-03 04:13:27,492 [pool-63-thread-1] INFO  server.RaftServerConfigKeys (ConfUtils.java:logGet(44)) - raft.server.rpc.timeout.max = 5200ms (custom)
2020-09-03 04:13:27,493 [pool-63-thread-1] INFO  server.RaftServerConfigKeys (ConfUtils.java:logGet(44)) - raft.server.rpcslowness.timeout = 1000000ms (custom)
2020-09-03 04:13:27,493 [pool-63-thread-1] INFO  server.RaftServerConfigKeys (ConfUtils.java:logGet(44)) - raft.server.sleep.deviation.threshold = 300 (default)
2020-09-03 04:13:27,493 [pool-63-thread-1] INFO  server.RaftServerConfigKeys (ConfUtils.java:logGet(44)) - raft.server.log.appender.install.snapshot.enabled = false (custom)
2020-09-03 04:13:27,493 [pool-63-thread-1] INFO  impl.RaftServerImpl (ServerState.java:<init>(103)) - ad0ceffe-a602-4ded-be69-e8c523abddec@group-716087CAAA09: ConfigurationManager, init=-1: [ad0ceffe-a602-4ded-be69-e8c523abddec:172.17.0.2:37231], old=null, confs=<EMPTY_MAP>
2020-09-03 04:13:27,493 [pool-63-thread-1] INFO  server.RaftServerConfigKeys (ConfUtils.java:logGet(44)) - raft.server.storage.dir = [/github/workspace/mnt/ozone/hadoop-ozone/integration-test/target/test-dir/MiniOzoneClusterImpl-1fba4767-94f5-452d-84d3-bc97b60faa1d/datanode-2/data/ratis] (custom)
2020-09-03 04:13:27,493 [pool-63-thread-1] INFO  server.RaftServerConfigKeys (ConfUtils.java:logGet(44)) - raft.server.log.corruption.policy = EXCEPTION (default)
2020-09-03 04:13:27,493 [pool-63-thread-1] INFO  storage.RaftStorageDirectory (RaftStorageDirectory.java:analyzeStorage(261)) - The storage directory /github/workspace/mnt/ozone/hadoop-ozone/integration-test/target/test-dir/MiniOzoneClusterImpl-1fba4767-94f5-452d-84d3-bc97b60faa1d/datanode-2/data/ratis/a34eaef2-67ea-48cd-8dfe-716087caaa09 does not exist. Creating ...
2020-09-03 04:13:27,497 [pool-63-thread-1] INFO  storage.RaftStorageDirectory (RaftStorageDirectory.java:tryLock(343)) - Lock on /github/workspace/mnt/ozone/hadoop-ozone/integration-test/target/test-dir/MiniOzoneClusterImpl-1fba4767-94f5-452d-84d3-bc97b60faa1d/datanode-2/data/ratis/a34eaef2-67ea-48cd-8dfe-716087caaa09/in_use.lock acquired by nodename 28751@90479f4426fb
2020-09-03 04:13:27,505 [pool-63-thread-1] INFO  storage.RaftStorage (RaftStorage.java:format(84)) - Storage directory /github/workspace/mnt/ozone/hadoop-ozone/integration-test/target/test-dir/MiniOzoneClusterImpl-1fba4767-94f5-452d-84d3-bc97b60faa1d/datanode-2/data/ratis/a34eaef2-67ea-48cd-8dfe-716087caaa09 has been successfully formatted.
2020-09-03 04:13:27,506 [Datanode State Machine Thread - 0] WARN  statemachine.DatanodeStateMachine (DatanodeStateMachine.java:start(245)) - Interrupt the execution.
java.lang.InterruptedException: sleep interrupted
	at java.lang.Thread.sleep(Native Method)
	at org.apache.hadoop.ozone.container.common.statemachine.DatanodeStateMachine.start(DatanodeStateMachine.java:243)
	at org.apache.hadoop.ozone.container.common.statemachine.DatanodeStateMachine.lambda$startDaemon$0(DatanodeStateMachine.java:405)
	at java.lang.Thread.run(Thread.java:748)
2020-09-03 04:13:27,506 [pool-63-thread-1] INFO  ratis.ContainerStateMachine (ContainerStateMachine.java:loadSnapshot(225)) - group-716087CAAA09: The snapshot info is null. Setting the last applied indexto:(t:0, i:~)
2020-09-03 04:13:27,506 [pool-63-thread-1] INFO  server.RaftServerConfigKeys (ConfUtils.java:logGet(44)) - raft.server.notification.no-leader.timeout = 1000000ms (custom)
2020-09-03 04:13:27,506 [pool-63-thread-1] INFO  server.RaftServerConfigKeys (ConfUtils.java:logGet(44)) - raft.server.log.use.memory = false (default)
2020-09-03 04:13:27,506 [pool-63-thread-1] INFO  server.RaftServerConfigKeys (ConfUtils.java:logGet(44)) - raft.server.log.purge.gap = 1000000 (custom)
2020-09-03 04:13:27,506 [pool-63-thread-1] INFO  metrics.RatisMetrics (RatisMetrics.java:lambda$create$0(36)) - Creating Metrics Registry : ratis.log_worker.ad0ceffe-a602-4ded-be69-e8c523abddec@group-716087CAAA09
2020-09-03 04:13:27,506 [pool-63-thread-1] INFO  server.RaftServerConfigKeys (ConfUtils.java:logGet(44)) - raft.server.log.appender.buffer.byte-limit = 33554432 (custom)
2020-09-03 04:13:27,506 [pool-63-thread-1] INFO  server.RaftServerConfigKeys (ConfUtils.java:logGet(44)) - raft.server.log.segment.size.max = 1048576 (custom)
2020-09-03 04:13:27,507 [pool-63-thread-1] INFO  server.RaftServerConfigKeys (ConfUtils.java:logGet(44)) - raft.server.log.segment.cache.num.max = 2 (custom)
2020-09-03 04:13:27,507 [pool-63-thread-1] INFO  segmented.SegmentedRaftLogWorker (SegmentedRaftLogWorker.java:<init>(180)) - new ad0ceffe-a602-4ded-be69-e8c523abddec@group-716087CAAA09-SegmentedRaftLogWorker for RaftStorage:Storage Directory /github/workspace/mnt/ozone/hadoop-ozone/integration-test/target/test-dir/MiniOzoneClusterImpl-1fba4767-94f5-452d-84d3-bc97b60faa1d/datanode-2/data/ratis/a34eaef2-67ea-48cd-8dfe-716087caaa09
2020-09-03 04:13:27,507 [pool-63-thread-1] INFO  server.RaftServerConfigKeys (ConfUtils.java:logGet(44)) - raft.server.log.queue.byte-limit = 2147483647 (custom)
2020-09-03 04:13:27,507 [pool-63-thread-1] INFO  server.RaftServerConfigKeys (ConfUtils.java:logGet(44)) - raft.server.log.queue.element-limit = 1024 (custom)
2020-09-03 04:13:27,507 [pool-63-thread-1] INFO  server.RaftServerConfigKeys (ConfUtils.java:logGet(44)) - raft.server.log.segment.size.max = 1048576 (custom)
2020-09-03 04:13:27,507 [pool-63-thread-1] INFO  server.RaftServerConfigKeys (ConfUtils.java:logGet(44)) - raft.server.log.preallocated.size = 16384 (custom)
2020-09-03 04:13:27,507 [pool-63-thread-1] INFO  server.RaftServerConfigKeys (ConfUtils.java:logGet(44)) - raft.server.log.write.buffer.size = 1048576 (custom)
2020-09-03 04:13:27,507 [pool-63-thread-1] INFO  server.RaftServerConfigKeys (ConfUtils.java:logGet(44)) - raft.server.log.force.sync.num = 128 (default)
2020-09-03 04:13:27,507 [pool-63-thread-1] INFO  server.RaftServerConfigKeys (ConfUtils.java:logGet(44)) - raft.server.log.statemachine.data.sync = true (default)
2020-09-03 04:13:27,507 [pool-63-thread-1] INFO  server.RaftServerConfigKeys (ConfUtils.java:logGet(44)) - raft.server.log.statemachine.data.sync.timeout = 10s (default)
2020-09-03 04:13:27,507 [pool-63-thread-1] INFO  server.RaftServerConfigKeys (ConfUtils.java:logGet(44)) - raft.server.log.statemachine.data.sync.timeout.retry = -1 (default)
2020-09-03 04:13:27,509 [pool-63-thread-1] INFO  server.RaftServerConfigKeys (ConfUtils.java:logGet(44)) - raft.server.log.statemachine.data.caching.enabled = true (custom)
2020-09-03 04:13:27,509 [EventQueue-PipelineReportForPipelineReportHandler] INFO  pipeline.PipelineStateManager (PipelineStateManager.java:openPipeline(131)) - Pipeline Pipeline[ Id: a34eaef2-67ea-48cd-8dfe-716087caaa09, Nodes: ad0ceffe-a602-4ded-be69-e8c523abddec{ip: 172.17.0.2, host: 90479f4426fb, networkLocation: /default-rack, certSerialId: null}, Type:RATIS, Factor:ONE, State:ALLOCATED, leaderId:ad0ceffe-a602-4ded-be69-e8c523abddec, CreationTimestamp2020-09-03T04:13:24.474Z] moved to OPEN state
2020-09-03 04:13:27,510 [EventQueue-OpenPipelineForHealthyPipelineSafeModeRule] INFO  safemode.SCMSafeModeManager (HealthyPipelineSafeModeRule.java:process(129)) - SCM in safe mode. Healthy pipelines reported count is 0, required healthy pipeline reported count is 1
2020-09-03 04:13:27,510 [EventQueue-OpenPipelineForOneReplicaPipelineSafeModeRule] INFO  safemode.SCMSafeModeManager (SCMSafeModeManager.java:validateSafeModeExitRules(214)) - AtleastOneDatanodeReportedRule rule is successfully validated
2020-09-03 04:13:27,516 [pool-63-thread-1] INFO  segmented.SegmentedRaftLogWorker (SegmentedRaftLogWorker.java:lambda$new$0(129)) - ad0ceffe-a602-4ded-be69-e8c523abddec@group-716087CAAA09-SegmentedRaftLogWorker: flushIndex: setUnconditionally 0 -> -1
2020-09-03 04:13:27,516 [pool-63-thread-1] INFO  segmented.SegmentedRaftLogWorker (SegmentedRaftLogWorker.java:lambda$new$0(129)) - ad0ceffe-a602-4ded-be69-e8c523abddec@group-716087CAAA09-SegmentedRaftLogWorker: safeCacheEvictIndex: setUnconditionally 0 -> -1
2020-09-03 04:13:27,517 [pool-63-thread-1] INFO  server.RaftServerConfigKeys (ConfUtils.java:logGet(44)) - raft.server.snapshot.auto.trigger.enabled = true (custom)
2020-09-03 04:13:27,517 [pool-63-thread-1] INFO  server.RaftServerConfigKeys (ConfUtils.java:logGet(44)) - raft.server.snapshot.auto.trigger.threshold = 10000 (custom)
2020-09-03 04:13:27,517 [pool-63-thread-1] INFO  server.RaftServerConfigKeys (ConfUtils.java:logGet(44)) - raft.server.snapshot.retention.file.num = 5 (custom)
2020-09-03 04:13:27,517 [pool-63-thread-1] INFO  server.RaftServerConfigKeys (ConfUtils.java:logGet(44)) - raft.server.log.purge.upto.snapshot.index = false (default)
2020-09-03 04:13:27,517 [pool-63-thread-1] INFO  server.RaftServerConfigKeys (ConfUtils.java:logGet(44)) - raft.server.retrycache.expirytime = 600000ms (custom)
2020-09-03 04:13:27,517 [pool-63-thread-1] INFO  metrics.RatisMetrics (RatisMetrics.java:lambda$create$0(36)) - Creating Metrics Registry : ratis.leader_election.ad0ceffe-a602-4ded-be69-e8c523abddec@group-716087CAAA09
2020-09-03 04:13:27,518 [pool-63-thread-1] INFO  metrics.RatisMetrics (RatisMetrics.java:lambda$create$0(36)) - Creating Metrics Registry : ratis.server.ad0ceffe-a602-4ded-be69-e8c523abddec@group-716087CAAA09
2020-09-03 04:13:27,518 [pool-63-thread-1] INFO  impl.RaftServerImpl (RaftServerImpl.java:start(196)) - ad0ceffe-a602-4ded-be69-e8c523abddec@group-716087CAAA09: start as a follower, conf=-1: [ad0ceffe-a602-4ded-be69-e8c523abddec:172.17.0.2:37231], old=null
2020-09-03 04:13:27,518 [pool-63-thread-1] INFO  impl.RaftServerImpl (RaftServerImpl.java:setRole(185)) - ad0ceffe-a602-4ded-be69-e8c523abddec@group-716087CAAA09: changes role from      null to FOLLOWER at term 0 for startAsFollower
2020-09-03 04:13:27,518 [pool-63-thread-1] INFO  impl.RoleInfo (RoleInfo.java:updateAndGet(143)) - ad0ceffe-a602-4ded-be69-e8c523abddec: start FollowerState
2020-09-03 04:13:27,523 [pool-63-thread-1] INFO  util.JmxRegister (JmxRegister.java:tryRegister(44)) - Successfully registered JMX Bean with object name Ratis:service=RaftServer,group=group-716087CAAA09,id=ad0ceffe-a602-4ded-be69-e8c523abddec
2020-09-03 04:13:27,523 [pool-63-thread-1] INFO  metrics.RatisMetrics (RatisMetrics.java:lambda$create$0(36)) - Creating Metrics Registry : ratis.state_machine.ad0ceffe-a602-4ded-be69-e8c523abddec@group-716087CAAA09
2020-09-03 04:13:27,527 [Command processor thread] INFO  commandhandler.CreatePipelineCommandHandler (CreatePipelineCommandHandler.java:handle(110)) - Created Pipeline RATIS ONE #id: "a34eaef2-67ea-48cd-8dfe-716087caaa09"
uuid128 {
  mostSigBits: -6679208841195140915
  leastSigBits: -8215004010868200951
}
.
2020-09-03 04:13:27,527 [Command processor thread] INFO  impl.RaftServerProxy (RaftServerProxy.java:addNew(89)) - ad0ceffe-a602-4ded-be69-e8c523abddec: addNew group-FE72CC1D36E9:[e13fd705-75d3-468c-8ef7-28c6bf279fab:172.17.0.2:33161, ad0ceffe-a602-4ded-be69-e8c523abddec:172.17.0.2:37231, b97e6e52-2f4d-4bd9-8513-2974999c5278:172.17.0.2:39889] returns group-FE72CC1D36E9:java.util.concurrent.CompletableFuture@419b1f28[Not completed]
2020-09-03 04:13:27,529 [pool-63-thread-1] INFO  impl.RaftServerImpl (RaftServerImpl.java:<init>(107)) - ad0ceffe-a602-4ded-be69-e8c523abddec: new RaftServerImpl for group-FE72CC1D36E9:[e13fd705-75d3-468c-8ef7-28c6bf279fab:172.17.0.2:33161, ad0ceffe-a602-4ded-be69-e8c523abddec:172.17.0.2:37231, b97e6e52-2f4d-4bd9-8513-2974999c5278:172.17.0.2:39889] with ContainerStateMachine:uninitialized
2020-09-03 04:13:27,529 [pool-63-thread-1] INFO  server.RaftServerConfigKeys (ConfUtils.java:logGet(44)) - raft.server.rpc.timeout.min = 5s (custom)
2020-09-03 04:13:27,529 [pool-63-thread-1] INFO  server.RaftServerConfigKeys (ConfUtils.java:logGet(44)) - raft.server.rpc.timeout.max = 5200ms (custom)
2020-09-03 04:13:27,529 [pool-63-thread-1] INFO  server.RaftServerConfigKeys (ConfUtils.java:logGet(44)) - raft.server.rpcslowness.timeout = 1000000ms (custom)
2020-09-03 04:13:27,529 [pool-63-thread-1] INFO  server.RaftServerConfigKeys (ConfUtils.java:logGet(44)) - raft.server.sleep.deviation.threshold = 300 (default)
2020-09-03 04:13:27,529 [pool-63-thread-1] INFO  server.RaftServerConfigKeys (ConfUtils.java:logGet(44)) - raft.server.log.appender.install.snapshot.enabled = false (custom)
2020-09-03 04:13:27,529 [pool-63-thread-1] INFO  impl.RaftServerImpl (ServerState.java:<init>(103)) - ad0ceffe-a602-4ded-be69-e8c523abddec@group-FE72CC1D36E9: ConfigurationManager, init=-1: [e13fd705-75d3-468c-8ef7-28c6bf279fab:172.17.0.2:33161, ad0ceffe-a602-4ded-be69-e8c523abddec:172.17.0.2:37231, b97e6e52-2f4d-4bd9-8513-2974999c5278:172.17.0.2:39889], old=null, confs=<EMPTY_MAP>
2020-09-03 04:13:27,529 [pool-63-thread-1] INFO  server.RaftServerConfigKeys (ConfUtils.java:logGet(44)) - raft.server.storage.dir = [/github/workspace/mnt/ozone/hadoop-ozone/integration-test/target/test-dir/MiniOzoneClusterImpl-1fba4767-94f5-452d-84d3-bc97b60faa1d/datanode-2/data/ratis] (custom)
2020-09-03 04:13:27,529 [pool-63-thread-1] INFO  server.RaftServerConfigKeys (ConfUtils.java:logGet(44)) - raft.server.log.corruption.policy = EXCEPTION (default)
2020-09-03 04:13:27,529 [pool-63-thread-1] INFO  storage.RaftStorageDirectory (RaftStorageDirectory.java:analyzeStorage(261)) - The storage directory /github/workspace/mnt/ozone/hadoop-ozone/integration-test/target/test-dir/MiniOzoneClusterImpl-1fba4767-94f5-452d-84d3-bc97b60faa1d/datanode-2/data/ratis/0e20fda2-f9a4-42ec-adb3-fe72cc1d36e9 does not exist. Creating ...
2020-09-03 04:13:27,531 [pool-63-thread-1] INFO  storage.RaftStorageDirectory (RaftStorageDirectory.java:tryLock(343)) - Lock on /github/workspace/mnt/ozone/hadoop-ozone/integration-test/target/test-dir/MiniOzoneClusterImpl-1fba4767-94f5-452d-84d3-bc97b60faa1d/datanode-2/data/ratis/0e20fda2-f9a4-42ec-adb3-fe72cc1d36e9/in_use.lock acquired by nodename 28751@90479f4426fb
2020-09-03 04:13:27,534 [pool-63-thread-1] INFO  storage.RaftStorage (RaftStorage.java:format(84)) - Storage directory /github/workspace/mnt/ozone/hadoop-ozone/integration-test/target/test-dir/MiniOzoneClusterImpl-1fba4767-94f5-452d-84d3-bc97b60faa1d/datanode-2/data/ratis/0e20fda2-f9a4-42ec-adb3-fe72cc1d36e9 has been successfully formatted.
2020-09-03 04:13:27,534 [pool-63-thread-1] INFO  ratis.ContainerStateMachine (ContainerStateMachine.java:loadSnapshot(225)) - group-FE72CC1D36E9: The snapshot info is null. Setting the last applied indexto:(t:0, i:~)
2020-09-03 04:13:27,534 [Datanode State Machine Thread - 0] WARN  statemachine.DatanodeStateMachine (DatanodeStateMachine.java:start(245)) - Interrupt the execution.
java.lang.InterruptedException: sleep interrupted
	at java.lang.Thread.sleep(Native Method)
	at org.apache.hadoop.ozone.container.common.statemachine.DatanodeStateMachine.start(DatanodeStateMachine.java:243)
	at org.apache.hadoop.ozone.container.common.statemachine.DatanodeStateMachine.lambda$startDaemon$0(DatanodeStateMachine.java:405)
	at java.lang.Thread.run(Thread.java:748)
2020-09-03 04:13:27,534 [pool-63-thread-1] INFO  server.RaftServerConfigKeys (ConfUtils.java:logGet(44)) - raft.server.notification.no-leader.timeout = 1000000ms (custom)
2020-09-03 04:13:27,535 [pool-63-thread-1] INFO  server.RaftServerConfigKeys (ConfUtils.java:logGet(44)) - raft.server.log.use.memory = false (default)
2020-09-03 04:13:27,535 [pool-63-thread-1] INFO  server.RaftServerConfigKeys (ConfUtils.java:logGet(44)) - raft.server.log.purge.gap = 1000000 (custom)
2020-09-03 04:13:27,535 [pool-63-thread-1] INFO  metrics.RatisMetrics (RatisMetrics.java:lambda$create$0(36)) - Creating Metrics Registry : ratis.log_worker.ad0ceffe-a602-4ded-be69-e8c523abddec@group-FE72CC1D36E9
2020-09-03 04:13:27,535 [pool-63-thread-1] INFO  server.RaftServerConfigKeys (ConfUtils.java:logGet(44)) - raft.server.log.appender.buffer.byte-limit = 33554432 (custom)
2020-09-03 04:13:27,535 [pool-63-thread-1] INFO  server.RaftServerConfigKeys (ConfUtils.java:logGet(44)) - raft.server.log.segment.size.max = 1048576 (custom)
2020-09-03 04:13:27,535 [pool-63-thread-1] INFO  server.RaftServerConfigKeys (ConfUtils.java:logGet(44)) - raft.server.log.segment.cache.num.max = 2 (custom)
2020-09-03 04:13:27,535 [pool-63-thread-1] INFO  segmented.SegmentedRaftLogWorker (SegmentedRaftLogWorker.java:<init>(180)) - new ad0ceffe-a602-4ded-be69-e8c523abddec@group-FE72CC1D36E9-SegmentedRaftLogWorker for RaftStorage:Storage Directory /github/workspace/mnt/ozone/hadoop-ozone/integration-test/target/test-dir/MiniOzoneClusterImpl-1fba4767-94f5-452d-84d3-bc97b60faa1d/datanode-2/data/ratis/0e20fda2-f9a4-42ec-adb3-fe72cc1d36e9
2020-09-03 04:13:27,535 [pool-63-thread-1] INFO  server.RaftServerConfigKeys (ConfUtils.java:logGet(44)) - raft.server.log.queue.byte-limit = 2147483647 (custom)
2020-09-03 04:13:27,536 [pool-63-thread-1] INFO  server.RaftServerConfigKeys (ConfUtils.java:logGet(44)) - raft.server.log.queue.element-limit = 1024 (custom)
2020-09-03 04:13:27,536 [pool-63-thread-1] INFO  server.RaftServerConfigKeys (ConfUtils.java:logGet(44)) - raft.server.log.segment.size.max = 1048576 (custom)
2020-09-03 04:13:27,536 [pool-63-thread-1] INFO  server.RaftServerConfigKeys (ConfUtils.java:logGet(44)) - raft.server.log.preallocated.size = 16384 (custom)
2020-09-03 04:13:27,536 [pool-63-thread-1] INFO  server.RaftServerConfigKeys (ConfUtils.java:logGet(44)) - raft.server.log.write.buffer.size = 1048576 (custom)
2020-09-03 04:13:27,536 [pool-63-thread-1] INFO  server.RaftServerConfigKeys (ConfUtils.java:logGet(44)) - raft.server.log.force.sync.num = 128 (default)
2020-09-03 04:13:27,536 [pool-63-thread-1] INFO  server.RaftServerConfigKeys (ConfUtils.java:logGet(44)) - raft.server.log.statemachine.data.sync = true (default)
2020-09-03 04:13:27,536 [pool-63-thread-1] INFO  server.RaftServerConfigKeys (ConfUtils.java:logGet(44)) - raft.server.log.statemachine.data.sync.timeout = 10s (default)
2020-09-03 04:13:27,536 [pool-63-thread-1] INFO  server.RaftServerConfigKeys (ConfUtils.java:logGet(44)) - raft.server.log.statemachine.data.sync.timeout.retry = -1 (default)
2020-09-03 04:13:27,537 [pool-63-thread-1] INFO  server.RaftServerConfigKeys (ConfUtils.java:logGet(44)) - raft.server.log.statemachine.data.caching.enabled = true (custom)
2020-09-03 04:13:27,537 [pool-63-thread-1] INFO  segmented.SegmentedRaftLogWorker (SegmentedRaftLogWorker.java:lambda$new$0(129)) - ad0ceffe-a602-4ded-be69-e8c523abddec@group-FE72CC1D36E9-SegmentedRaftLogWorker: flushIndex: setUnconditionally 0 -> -1
2020-09-03 04:13:27,537 [pool-63-thread-1] INFO  segmented.SegmentedRaftLogWorker (SegmentedRaftLogWorker.java:lambda$new$0(129)) - ad0ceffe-a602-4ded-be69-e8c523abddec@group-FE72CC1D36E9-SegmentedRaftLogWorker: safeCacheEvictIndex: setUnconditionally 0 -> -1
2020-09-03 04:13:27,545 [pool-63-thread-1] INFO  server.RaftServerConfigKeys (ConfUtils.java:logGet(44)) - raft.server.snapshot.auto.trigger.enabled = true (custom)
2020-09-03 04:13:27,545 [pool-63-thread-1] INFO  server.RaftServerConfigKeys (ConfUtils.java:logGet(44)) - raft.server.snapshot.auto.trigger.threshold = 10000 (custom)
2020-09-03 04:13:27,545 [pool-63-thread-1] INFO  server.RaftServerConfigKeys (ConfUtils.java:logGet(44)) - raft.server.snapshot.retention.file.num = 5 (custom)
2020-09-03 04:13:27,545 [pool-63-thread-1] INFO  server.RaftServerConfigKeys (ConfUtils.java:logGet(44)) - raft.server.log.purge.upto.snapshot.index = false (default)
2020-09-03 04:13:27,545 [pool-63-thread-1] INFO  server.RaftServerConfigKeys (ConfUtils.java:logGet(44)) - raft.server.retrycache.expirytime = 600000ms (custom)
2020-09-03 04:13:27,545 [pool-63-thread-1] INFO  metrics.RatisMetrics (RatisMetrics.java:lambda$create$0(36)) - Creating Metrics Registry : ratis.leader_election.ad0ceffe-a602-4ded-be69-e8c523abddec@group-FE72CC1D36E9
2020-09-03 04:13:27,545 [pool-63-thread-1] INFO  metrics.RatisMetrics (RatisMetrics.java:lambda$create$0(36)) - Creating Metrics Registry : ratis.server.ad0ceffe-a602-4ded-be69-e8c523abddec@group-FE72CC1D36E9
2020-09-03 04:13:27,546 [pool-63-thread-1] INFO  impl.RaftServerImpl (RaftServerImpl.java:start(196)) - ad0ceffe-a602-4ded-be69-e8c523abddec@group-FE72CC1D36E9: start as a follower, conf=-1: [e13fd705-75d3-468c-8ef7-28c6bf279fab:172.17.0.2:33161, ad0ceffe-a602-4ded-be69-e8c523abddec:172.17.0.2:37231, b97e6e52-2f4d-4bd9-8513-2974999c5278:172.17.0.2:39889], old=null
2020-09-03 04:13:27,546 [pool-63-thread-1] INFO  impl.RaftServerImpl (RaftServerImpl.java:setRole(185)) - ad0ceffe-a602-4ded-be69-e8c523abddec@group-FE72CC1D36E9: changes role from      null to FOLLOWER at term 0 for startAsFollower
2020-09-03 04:13:27,546 [pool-63-thread-1] INFO  impl.RoleInfo (RoleInfo.java:updateAndGet(143)) - ad0ceffe-a602-4ded-be69-e8c523abddec: start FollowerState
2020-09-03 04:13:27,552 [pool-63-thread-1] INFO  util.JmxRegister (JmxRegister.java:tryRegister(44)) - Successfully registered JMX Bean with object name Ratis:service=RaftServer,group=group-FE72CC1D36E9,id=ad0ceffe-a602-4ded-be69-e8c523abddec
2020-09-03 04:13:27,553 [pool-63-thread-1] INFO  metrics.RatisMetrics (RatisMetrics.java:lambda$create$0(36)) - Creating Metrics Registry : ratis.state_machine.ad0ceffe-a602-4ded-be69-e8c523abddec@group-FE72CC1D36E9
2020-09-03 04:13:27,881 [Command processor thread] INFO  commandhandler.CreatePipelineCommandHandler (CreatePipelineCommandHandler.java:handle(110)) - Created Pipeline RATIS THREE #id: "0e20fda2-f9a4-42ec-adb3-fe72cc1d36e9"
uuid128 {
  mostSigBits: 1018092392200553196
  leastSigBits: -5930116515312617751
}
.
2020-09-03 04:13:27,888 [Command processor thread] INFO  commandhandler.CreatePipelineCommandHandler (CreatePipelineCommandHandler.java:handle(110)) - Created Pipeline RATIS THREE #id: "0e20fda2-f9a4-42ec-adb3-fe72cc1d36e9"
uuid128 {
  mostSigBits: 1018092392200553196
  leastSigBits: -5930116515312617751
}
.
2020-09-03 04:13:27,891 [Command processor thread] INFO  commandhandler.CreatePipelineCommandHandler (CreatePipelineCommandHandler.java:handle(110)) - Created Pipeline RATIS THREE #id: "0e20fda2-f9a4-42ec-adb3-fe72cc1d36e9"
uuid128 {
  mostSigBits: 1018092392200553196
  leastSigBits: -5930116515312617751
}
.
2020-09-03 04:13:28,465 [Listener at 127.0.0.1/46265] INFO  ozone.MiniOzoneClusterImpl (MiniOzoneClusterImpl.java:lambda$waitForClusterToBeReady$0(177)) - Nodes are ready. Got 3 of 3 DN Heartbeats.
2020-09-03 04:13:28,465 [Listener at 127.0.0.1/46265] INFO  ozone.MiniOzoneClusterImpl (MiniOzoneClusterImpl.java:lambda$waitForClusterToBeReady$0(180)) - Waiting for cluster to exit safe mode
2020-09-03 04:13:29,465 [Listener at 127.0.0.1/46265] INFO  ozone.MiniOzoneClusterImpl (MiniOzoneClusterImpl.java:lambda$waitForClusterToBeReady$0(177)) - Nodes are ready. Got 3 of 3 DN Heartbeats.
2020-09-03 04:13:29,466 [Listener at 127.0.0.1/46265] INFO  ozone.MiniOzoneClusterImpl (MiniOzoneClusterImpl.java:lambda$waitForClusterToBeReady$0(180)) - Waiting for cluster to exit safe mode
2020-09-03 04:13:30,466 [Listener at 127.0.0.1/46265] INFO  ozone.MiniOzoneClusterImpl (MiniOzoneClusterImpl.java:lambda$waitForClusterToBeReady$0(177)) - Nodes are ready. Got 3 of 3 DN Heartbeats.
2020-09-03 04:13:30,466 [Listener at 127.0.0.1/46265] INFO  ozone.MiniOzoneClusterImpl (MiniOzoneClusterImpl.java:lambda$waitForClusterToBeReady$0(180)) - Waiting for cluster to exit safe mode
2020-09-03 04:13:31,467 [Listener at 127.0.0.1/46265] INFO  ozone.MiniOzoneClusterImpl (MiniOzoneClusterImpl.java:lambda$waitForClusterToBeReady$0(177)) - Nodes are ready. Got 3 of 3 DN Heartbeats.
2020-09-03 04:13:31,467 [Listener at 127.0.0.1/46265] INFO  ozone.MiniOzoneClusterImpl (MiniOzoneClusterImpl.java:lambda$waitForClusterToBeReady$0(180)) - Waiting for cluster to exit safe mode
2020-09-03 04:13:32,331 [Thread-192] INFO  impl.FollowerState (FollowerState.java:run(108)) - e13fd705-75d3-468c-8ef7-28c6bf279fab@group-5AB2B30AEC4E-FollowerState: change to CANDIDATE, lastRpcTime:5137ms, electionTimeout:5130ms
2020-09-03 04:13:32,333 [Thread-192] INFO  impl.RoleInfo (RoleInfo.java:shutdownFollowerState(121)) - e13fd705-75d3-468c-8ef7-28c6bf279fab: shutdown FollowerState
2020-09-03 04:13:32,333 [Thread-192] INFO  impl.RaftServerImpl (RaftServerImpl.java:setRole(185)) - e13fd705-75d3-468c-8ef7-28c6bf279fab@group-5AB2B30AEC4E: changes role from  FOLLOWER to CANDIDATE at term 0 for changeToCandidate
2020-09-03 04:13:32,335 [Thread-192] INFO  impl.RoleInfo (RoleInfo.java:updateAndGet(143)) - e13fd705-75d3-468c-8ef7-28c6bf279fab: start LeaderElection
2020-09-03 04:13:32,341 [Thread-194] INFO  impl.FollowerState (FollowerState.java:run(108)) - e13fd705-75d3-468c-8ef7-28c6bf279fab@group-FE72CC1D36E9-FollowerState: change to CANDIDATE, lastRpcTime:5098ms, electionTimeout:5096ms
2020-09-03 04:13:32,342 [Thread-194] INFO  impl.RoleInfo (RoleInfo.java:shutdownFollowerState(121)) - e13fd705-75d3-468c-8ef7-28c6bf279fab: shutdown FollowerState
2020-09-03 04:13:32,342 [Thread-194] INFO  impl.RaftServerImpl (RaftServerImpl.java:setRole(185)) - e13fd705-75d3-468c-8ef7-28c6bf279fab@group-FE72CC1D36E9: changes role from  FOLLOWER to CANDIDATE at term 0 for changeToCandidate
2020-09-03 04:13:32,342 [Thread-194] INFO  impl.RoleInfo (RoleInfo.java:updateAndGet(143)) - e13fd705-75d3-468c-8ef7-28c6bf279fab: start LeaderElection
2020-09-03 04:13:32,343 [e13fd705-75d3-468c-8ef7-28c6bf279fab@group-5AB2B30AEC4E-LeaderElection1] INFO  impl.LeaderElection (LeaderElection.java:askForVotes(209)) - e13fd705-75d3-468c-8ef7-28c6bf279fab@group-5AB2B30AEC4E-LeaderElection1: begin an election at term 1 for -1: [e13fd705-75d3-468c-8ef7-28c6bf279fab:172.17.0.2:33161], old=null
2020-09-03 04:13:32,344 [e13fd705-75d3-468c-8ef7-28c6bf279fab@group-5AB2B30AEC4E-LeaderElection1] INFO  impl.RoleInfo (RoleInfo.java:shutdownLeaderElection(134)) - e13fd705-75d3-468c-8ef7-28c6bf279fab: shutdown LeaderElection
2020-09-03 04:13:32,344 [e13fd705-75d3-468c-8ef7-28c6bf279fab@group-5AB2B30AEC4E-LeaderElection1] INFO  impl.RaftServerImpl (RaftServerImpl.java:setRole(185)) - e13fd705-75d3-468c-8ef7-28c6bf279fab@group-5AB2B30AEC4E: changes role from CANDIDATE to LEADER at term 1 for changeToLeader
2020-09-03 04:13:32,344 [e13fd705-75d3-468c-8ef7-28c6bf279fab@group-5AB2B30AEC4E-LeaderElection1] INFO  ratis.XceiverServerRatis (XceiverServerRatis.java:handleLeaderChangedNotification(822)) - Leader change notification received for group: group-5AB2B30AEC4E with new leaderId: e13fd705-75d3-468c-8ef7-28c6bf279fab
2020-09-03 04:13:32,344 [e13fd705-75d3-468c-8ef7-28c6bf279fab@group-5AB2B30AEC4E-LeaderElection1] INFO  impl.RaftServerImpl (ServerState.java:setLeader(255)) - e13fd705-75d3-468c-8ef7-28c6bf279fab@group-5AB2B30AEC4E: change Leader from null to e13fd705-75d3-468c-8ef7-28c6bf279fab at term 1 for becomeLeader, leader elected after 5280ms
2020-09-03 04:13:32,344 [Datanode State Machine Thread - 0] WARN  statemachine.DatanodeStateMachine (DatanodeStateMachine.java:start(245)) - Interrupt the execution.
java.lang.InterruptedException: sleep interrupted
	at java.lang.Thread.sleep(Native Method)
	at org.apache.hadoop.ozone.container.common.statemachine.DatanodeStateMachine.start(DatanodeStateMachine.java:243)
	at org.apache.hadoop.ozone.container.common.statemachine.DatanodeStateMachine.lambda$startDaemon$0(DatanodeStateMachine.java:405)
	at java.lang.Thread.run(Thread.java:748)
2020-09-03 04:13:32,351 [e13fd705-75d3-468c-8ef7-28c6bf279fab@group-FE72CC1D36E9-LeaderElection2] INFO  impl.LeaderElection (LeaderElection.java:askForVotes(209)) - e13fd705-75d3-468c-8ef7-28c6bf279fab@group-FE72CC1D36E9-LeaderElection2: begin an election at term 1 for -1: [e13fd705-75d3-468c-8ef7-28c6bf279fab:172.17.0.2:33161, ad0ceffe-a602-4ded-be69-e8c523abddec:172.17.0.2:37231, b97e6e52-2f4d-4bd9-8513-2974999c5278:172.17.0.2:39889], old=null
2020-09-03 04:13:32,356 [e13fd705-75d3-468c-8ef7-28c6bf279fab@group-5AB2B30AEC4E-LeaderElection1] INFO  server.RaftServerConfigKeys (ConfUtils.java:logGet(44)) - raft.server.staging.catchup.gap = 1000 (default)
2020-09-03 04:13:32,357 [e13fd705-75d3-468c-8ef7-28c6bf279fab@group-5AB2B30AEC4E-LeaderElection1] INFO  server.RaftServerConfigKeys (ConfUtils.java:logGet(44)) - raft.server.rpc.sleep.time = 25ms (default)
2020-09-03 04:13:32,358 [e13fd705-75d3-468c-8ef7-28c6bf279fab@group-5AB2B30AEC4E-LeaderElection1] INFO  metrics.RatisMetrics (RatisMetrics.java:lambda$create$0(36)) - Creating Metrics Registry : ratis.log_appender.e13fd705-75d3-468c-8ef7-28c6bf279fab@group-5AB2B30AEC4E
2020-09-03 04:13:32,360 [e13fd705-75d3-468c-8ef7-28c6bf279fab@group-5AB2B30AEC4E-LeaderElection1] INFO  server.RaftServerConfigKeys (ConfUtils.java:logGet(44)) - raft.server.write.element-limit = 1024 (custom)
2020-09-03 04:13:32,360 [e13fd705-75d3-468c-8ef7-28c6bf279fab@group-5AB2B30AEC4E-LeaderElection1] INFO  server.RaftServerConfigKeys (ConfUtils.java:logGet(44)) - raft.server.write.byte-limit = 1073741824 (custom)
2020-09-03 04:13:32,366 [e13fd705-75d3-468c-8ef7-28c6bf279fab@group-5AB2B30AEC4E-LeaderElection1] INFO  server.RaftServerConfigKeys (ConfUtils.java:logGet(44)) - raft.server.watch.timeout = 3000ms (custom)
2020-09-03 04:13:32,366 [e13fd705-75d3-468c-8ef7-28c6bf279fab@group-5AB2B30AEC4E-LeaderElection1] INFO  server.RaftServerConfigKeys (ConfUtils.java:logGet(44)) - raft.server.watch.timeout.denomination = 1s (default)
2020-09-03 04:13:32,367 [e13fd705-75d3-468c-8ef7-28c6bf279fab@group-5AB2B30AEC4E-LeaderElection1] INFO  server.RaftServerConfigKeys (ConfUtils.java:logGet(44)) - raft.server.watch.element-limit = 65536 (default)
2020-09-03 04:13:32,379 [e13fd705-75d3-468c-8ef7-28c6bf279fab@group-5AB2B30AEC4E-LeaderElection1] INFO  impl.RoleInfo (RoleInfo.java:updateAndGet(143)) - e13fd705-75d3-468c-8ef7-28c6bf279fab: start LeaderState
2020-09-03 04:13:32,398 [grpc-default-executor-2] INFO  impl.RaftServerImpl (RaftServerImpl.java:setRole(185)) - ad0ceffe-a602-4ded-be69-e8c523abddec@group-FE72CC1D36E9: changes role from  FOLLOWER to FOLLOWER at term 1 for recognizeCandidate:e13fd705-75d3-468c-8ef7-28c6bf279fab
2020-09-03 04:13:32,399 [grpc-default-executor-2] INFO  impl.RoleInfo (RoleInfo.java:shutdownFollowerState(121)) - ad0ceffe-a602-4ded-be69-e8c523abddec: shutdown FollowerState
2020-09-03 04:13:32,399 [grpc-default-executor-2] INFO  impl.RoleInfo (RoleInfo.java:updateAndGet(143)) - ad0ceffe-a602-4ded-be69-e8c523abddec: start FollowerState
2020-09-03 04:13:32,399 [Thread-204] INFO  impl.FollowerState (FollowerState.java:run(117)) - ad0ceffe-a602-4ded-be69-e8c523abddec@group-FE72CC1D36E9-FollowerState was interrupted: java.lang.InterruptedException: sleep interrupted
2020-09-03 04:13:32,419 [e13fd705-75d3-468c-8ef7-28c6bf279fab@group-5AB2B30AEC4E-LeaderElection1] INFO  segmented.SegmentedRaftLogWorker (SegmentedRaftLogWorker.java:startLogSegment(397)) - e13fd705-75d3-468c-8ef7-28c6bf279fab@group-5AB2B30AEC4E-SegmentedRaftLogWorker: Starting segment from index:0
2020-09-03 04:13:32,422 [e13fd705-75d3-468c-8ef7-28c6bf279fab@group-FE72CC1D36E9-LeaderElection2] INFO  impl.LeaderElection (LeaderElection.java:logAndReturn(61)) - e13fd705-75d3-468c-8ef7-28c6bf279fab@group-FE72CC1D36E9-LeaderElection2: Election PASSED; received 1 response(s) [e13fd705-75d3-468c-8ef7-28c6bf279fab<-ad0ceffe-a602-4ded-be69-e8c523abddec#0:OK-t1] and 0 exception(s); e13fd705-75d3-468c-8ef7-28c6bf279fab@group-FE72CC1D36E9:t1, leader=null, voted=e13fd705-75d3-468c-8ef7-28c6bf279fab, raftlog=e13fd705-75d3-468c-8ef7-28c6bf279fab@group-FE72CC1D36E9-SegmentedRaftLog:OPENED:c-1,f-1,i0, conf=-1: [e13fd705-75d3-468c-8ef7-28c6bf279fab:172.17.0.2:33161, ad0ceffe-a602-4ded-be69-e8c523abddec:172.17.0.2:37231, b97e6e52-2f4d-4bd9-8513-2974999c5278:172.17.0.2:39889], old=null
2020-09-03 04:13:32,423 [e13fd705-75d3-468c-8ef7-28c6bf279fab@group-FE72CC1D36E9-LeaderElection2] INFO  impl.RoleInfo (RoleInfo.java:shutdownLeaderElection(134)) - e13fd705-75d3-468c-8ef7-28c6bf279fab: shutdown LeaderElection
2020-09-03 04:13:32,423 [e13fd705-75d3-468c-8ef7-28c6bf279fab@group-FE72CC1D36E9-LeaderElection2] INFO  impl.RaftServerImpl (RaftServerImpl.java:setRole(185)) - e13fd705-75d3-468c-8ef7-28c6bf279fab@group-FE72CC1D36E9: changes role from CANDIDATE to LEADER at term 1 for changeToLeader
2020-09-03 04:13:32,423 [e13fd705-75d3-468c-8ef7-28c6bf279fab@group-FE72CC1D36E9-LeaderElection2] INFO  ratis.XceiverServerRatis (XceiverServerRatis.java:handleLeaderChangedNotification(822)) - Leader change notification received for group: group-FE72CC1D36E9 with new leaderId: e13fd705-75d3-468c-8ef7-28c6bf279fab
2020-09-03 04:13:32,423 [e13fd705-75d3-468c-8ef7-28c6bf279fab@group-FE72CC1D36E9-LeaderElection2] INFO  impl.RaftServerImpl (ServerState.java:setLeader(255)) - e13fd705-75d3-468c-8ef7-28c6bf279fab@group-FE72CC1D36E9: change Leader from null to e13fd705-75d3-468c-8ef7-28c6bf279fab at term 1 for becomeLeader, leader elected after 5197ms
2020-09-03 04:13:32,423 [Datanode State Machine Thread - 0] WARN  statemachine.DatanodeStateMachine (DatanodeStateMachine.java:start(245)) - Interrupt the execution.
java.lang.InterruptedException: sleep interrupted
	at java.lang.Thread.sleep(Native Method)
	at org.apache.hadoop.ozone.container.common.statemachine.DatanodeStateMachine.start(DatanodeStateMachine.java:243)
	at org.apache.hadoop.ozone.container.common.statemachine.DatanodeStateMachine.lambda$startDaemon$0(DatanodeStateMachine.java:405)
	at java.lang.Thread.run(Thread.java:748)
2020-09-03 04:13:32,423 [e13fd705-75d3-468c-8ef7-28c6bf279fab@group-FE72CC1D36E9-LeaderElection2] INFO  server.RaftServerConfigKeys (ConfUtils.java:logGet(44)) - raft.server.staging.catchup.gap = 1000 (default)
2020-09-03 04:13:32,429 [e13fd705-75d3-468c-8ef7-28c6bf279fab@group-FE72CC1D36E9-LeaderElection2] INFO  server.RaftServerConfigKeys (ConfUtils.java:logGet(44)) - raft.server.rpc.sleep.time = 25ms (default)
2020-09-03 04:13:32,429 [e13fd705-75d3-468c-8ef7-28c6bf279fab@group-FE72CC1D36E9-LeaderElection2] INFO  metrics.RatisMetrics (RatisMetrics.java:lambda$create$0(36)) - Creating Metrics Registry : ratis.log_appender.e13fd705-75d3-468c-8ef7-28c6bf279fab@group-FE72CC1D36E9
2020-09-03 04:13:32,429 [e13fd705-75d3-468c-8ef7-28c6bf279fab@group-FE72CC1D36E9-LeaderElection2] INFO  server.RaftServerConfigKeys (ConfUtils.java:logGet(44)) - raft.server.write.element-limit = 1024 (custom)
2020-09-03 04:13:32,429 [e13fd705-75d3-468c-8ef7-28c6bf279fab@group-FE72CC1D36E9-LeaderElection2] INFO  server.RaftServerConfigKeys (ConfUtils.java:logGet(44)) - raft.server.write.byte-limit = 1073741824 (custom)
2020-09-03 04:13:32,429 [EventQueue-PipelineReportForPipelineReportHandler] INFO  pipeline.PipelineStateManager (PipelineStateManager.java:openPipeline(131)) - Pipeline Pipeline[ Id: 0e20fda2-f9a4-42ec-adb3-fe72cc1d36e9, Nodes: ad0ceffe-a602-4ded-be69-e8c523abddec{ip: 172.17.0.2, host: 90479f4426fb, networkLocation: /default-rack, certSerialId: null}e13fd705-75d3-468c-8ef7-28c6bf279fab{ip: 172.17.0.2, host: 90479f4426fb, networkLocation: /default-rack, certSerialId: null}b97e6e52-2f4d-4bd9-8513-2974999c5278{ip: 172.17.0.2, host: 90479f4426fb, networkLocation: /default-rack, certSerialId: null}, Type:RATIS, Factor:THREE, State:ALLOCATED, leaderId:e13fd705-75d3-468c-8ef7-28c6bf279fab, CreationTimestamp2020-09-03T04:13:24.481Z] moved to OPEN state
2020-09-03 04:13:32,429 [e13fd705-75d3-468c-8ef7-28c6bf279fab@group-FE72CC1D36E9-LeaderElection2] INFO  server.RaftServerConfigKeys (ConfUtils.java:logGet(44)) - raft.server.watch.timeout = 3000ms (custom)
2020-09-03 04:13:32,429 [e13fd705-75d3-468c-8ef7-28c6bf279fab@group-FE72CC1D36E9-LeaderElection2] INFO  server.RaftServerConfigKeys (ConfUtils.java:logGet(44)) - raft.server.watch.timeout.denomination = 1s (default)
2020-09-03 04:13:32,429 [EventQueue-OpenPipelineForHealthyPipelineSafeModeRule] INFO  safemode.SCMSafeModeManager (HealthyPipelineSafeModeRule.java:process(129)) - SCM in safe mode. Healthy pipelines reported count is 1, required healthy pipeline reported count is 1
2020-09-03 04:13:32,429 [EventQueue-OpenPipelineForOneReplicaPipelineSafeModeRule] INFO  safemode.SCMSafeModeManager (SCMSafeModeManager.java:validateSafeModeExitRules(214)) - AtleastOneDatanodeReportedRule rule is successfully validated
2020-09-03 04:13:32,431 [EventQueue-OpenPipelineForHealthyPipelineSafeModeRule] INFO  safemode.SCMSafeModeManager (SCMSafeModeManager.java:validateSafeModeExitRules(214)) - HealthyPipelineSafeModeRule rule is successfully validated
2020-09-03 04:13:32,432 [EventQueue-OpenPipelineForHealthyPipelineSafeModeRule] INFO  safemode.SCMSafeModeManager (SCMSafeModeManager.java:validateSafeModeExitRules(228)) - ScmSafeModeManager, all rules are successfully validated
2020-09-03 04:13:32,432 [EventQueue-OpenPipelineForHealthyPipelineSafeModeRule] INFO  safemode.SCMSafeModeManager (SCMSafeModeManager.java:exitSafeMode(257)) - SCM exiting safe mode.
2020-09-03 04:13:32,432 [grpc-default-executor-2] INFO  impl.RaftServerImpl (RaftServerImpl.java:setRole(185)) - b97e6e52-2f4d-4bd9-8513-2974999c5278@group-FE72CC1D36E9: changes role from  FOLLOWER to FOLLOWER at term 1 for recognizeCandidate:e13fd705-75d3-468c-8ef7-28c6bf279fab
2020-09-03 04:13:32,432 [grpc-default-executor-2] INFO  impl.RoleInfo (RoleInfo.java:shutdownFollowerState(121)) - b97e6e52-2f4d-4bd9-8513-2974999c5278: shutdown FollowerState
2020-09-03 04:13:32,429 [e13fd705-75d3-468c-8ef7-28c6bf279fab@group-FE72CC1D36E9-LeaderElection2] INFO  server.RaftServerConfigKeys (ConfUtils.java:logGet(44)) - raft.server.watch.element-limit = 65536 (default)
2020-09-03 04:13:32,435 [e13fd705-75d3-468c-8ef7-28c6bf279fab@group-FE72CC1D36E9-LeaderElection2] INFO  server.RaftServerConfigKeys (ConfUtils.java:logGet(44)) - raft.server.log.appender.snapshot.chunk.size.max = 16MB (=16777216) (default)
2020-09-03 04:13:32,435 [e13fd705-75d3-468c-8ef7-28c6bf279fab@group-FE72CC1D36E9-LeaderElection2] INFO  server.RaftServerConfigKeys (ConfUtils.java:logGet(44)) - raft.server.log.appender.buffer.byte-limit = 33554432 (custom)
2020-09-03 04:13:32,435 [e13fd705-75d3-468c-8ef7-28c6bf279fab@group-FE72CC1D36E9-LeaderElection2] INFO  server.RaftServerConfigKeys (ConfUtils.java:logGet(44)) - raft.server.log.appender.buffer.element-limit = 1 (custom)
2020-09-03 04:13:32,446 [Thread-199] INFO  impl.FollowerState (FollowerState.java:run(117)) - b97e6e52-2f4d-4bd9-8513-2974999c5278@group-FE72CC1D36E9-FollowerState was interrupted: java.lang.InterruptedException: sleep interrupted
2020-09-03 04:13:32,446 [grpc-default-executor-2] INFO  impl.RoleInfo (RoleInfo.java:updateAndGet(143)) - b97e6e52-2f4d-4bd9-8513-2974999c5278: start FollowerState
2020-09-03 04:13:32,446 [e13fd705-75d3-468c-8ef7-28c6bf279fab@group-FE72CC1D36E9-LeaderElection2] INFO  grpc.GrpcConfigKeys (ConfUtils.java:logGet(44)) - raft.grpc.server.leader.outstanding.appends.max = 128 (default)
2020-09-03 04:13:32,596 [e13fd705-75d3-468c-8ef7-28c6bf279fab@group-FE72CC1D36E9-LeaderElection2] INFO  server.RaftServerConfigKeys (ConfUtils.java:logGet(44)) - raft.server.rpc.request.timeout = 3000ms (default)
2020-09-03 04:13:32,596 [e13fd705-75d3-468c-8ef7-28c6bf279fab@group-FE72CC1D36E9-LeaderElection2] INFO  server.RaftServerConfigKeys (ConfUtils.java:logGet(44)) - raft.server.log.appender.install.snapshot.enabled = false (custom)
2020-09-03 04:13:32,599 [Thread-197] INFO  impl.FollowerState (FollowerState.java:run(108)) - b97e6e52-2f4d-4bd9-8513-2974999c5278@group-F465223EF1D9-FollowerState: change to CANDIDATE, lastRpcTime:5268ms, electionTimeout:5181ms
2020-09-03 04:13:32,599 [Thread-197] INFO  impl.RoleInfo (RoleInfo.java:shutdownFollowerState(121)) - b97e6e52-2f4d-4bd9-8513-2974999c5278: shutdown FollowerState
2020-09-03 04:13:32,599 [Thread-197] INFO  impl.RaftServerImpl (RaftServerImpl.java:setRole(185)) - b97e6e52-2f4d-4bd9-8513-2974999c5278@group-F465223EF1D9: changes role from  FOLLOWER to CANDIDATE at term 0 for changeToCandidate
2020-09-03 04:13:32,599 [Thread-197] INFO  impl.RoleInfo (RoleInfo.java:updateAndGet(143)) - b97e6e52-2f4d-4bd9-8513-2974999c5278: start LeaderElection
2020-09-03 04:13:32,605 [Listener at 127.0.0.1/46265] INFO  ozone.MiniOzoneClusterImpl (MiniOzoneClusterImpl.java:lambda$waitForClusterToBeReady$0(177)) - Nodes are ready. Got 3 of 3 DN Heartbeats.
2020-09-03 04:13:32,609 [Listener at 127.0.0.1/46265] INFO  ozone.MiniOzoneClusterImpl (MiniOzoneClusterImpl.java:lambda$waitForClusterToBeReady$0(180)) - Cluster exits safe mode
2020-09-03 04:13:32,609 [e13fd705-75d3-468c-8ef7-28c6bf279fab@group-FE72CC1D36E9-LeaderElection2] INFO  metrics.RatisMetrics (RatisMetrics.java:lambda$create$0(36)) - Creating Metrics Registry : ratis_grpc.log_appender.e13fd705-75d3-468c-8ef7-28c6bf279fab@group-FE72CC1D36E9
2020-09-03 04:13:32,606 [e13fd705-75d3-468c-8ef7-28c6bf279fab@group-5AB2B30AEC4E-LeaderElection1] INFO  impl.RaftServerImpl (ServerState.java:setRaftConf(356)) - e13fd705-75d3-468c-8ef7-28c6bf279fab@group-5AB2B30AEC4E: set configuration 0: [e13fd705-75d3-468c-8ef7-28c6bf279fab:172.17.0.2:33161], old=null at 0
2020-09-03 04:13:32,627 [e13fd705-75d3-468c-8ef7-28c6bf279fab@group-FE72CC1D36E9-LeaderElection2] INFO  server.RaftServerConfigKeys (ConfUtils.java:logGet(44)) - raft.server.log.appender.snapshot.chunk.size.max = 16MB (=16777216) (default)
2020-09-03 04:13:32,627 [e13fd705-75d3-468c-8ef7-28c6bf279fab@group-FE72CC1D36E9-LeaderElection2] INFO  server.RaftServerConfigKeys (ConfUtils.java:logGet(44)) - raft.server.log.appender.buffer.byte-limit = 33554432 (custom)
2020-09-03 04:13:32,627 [e13fd705-75d3-468c-8ef7-28c6bf279fab@group-FE72CC1D36E9-LeaderElection2] INFO  server.RaftServerConfigKeys (ConfUtils.java:logGet(44)) - raft.server.log.appender.buffer.element-limit = 1 (custom)
2020-09-03 04:13:32,628 [e13fd705-75d3-468c-8ef7-28c6bf279fab@group-FE72CC1D36E9-LeaderElection2] INFO  grpc.GrpcConfigKeys (ConfUtils.java:logGet(44)) - raft.grpc.server.leader.outstanding.appends.max = 128 (default)
2020-09-03 04:13:32,628 [e13fd705-75d3-468c-8ef7-28c6bf279fab@group-FE72CC1D36E9-LeaderElection2] INFO  server.RaftServerConfigKeys (ConfUtils.java:logGet(44)) - raft.server.rpc.request.timeout = 3000ms (default)
2020-09-03 04:13:32,628 [e13fd705-75d3-468c-8ef7-28c6bf279fab@group-FE72CC1D36E9-LeaderElection2] INFO  server.RaftServerConfigKeys (ConfUtils.java:logGet(44)) - raft.server.log.appender.install.snapshot.enabled = false (custom)
2020-09-03 04:13:32,629 [e13fd705-75d3-468c-8ef7-28c6bf279fab@group-FE72CC1D36E9-LeaderElection2] INFO  impl.RoleInfo (RoleInfo.java:updateAndGet(143)) - e13fd705-75d3-468c-8ef7-28c6bf279fab: start LeaderState
2020-09-03 04:13:32,629 [e13fd705-75d3-468c-8ef7-28c6bf279fab@group-FE72CC1D36E9-LeaderElection2] INFO  segmented.SegmentedRaftLogWorker (SegmentedRaftLogWorker.java:startLogSegment(397)) - e13fd705-75d3-468c-8ef7-28c6bf279fab@group-FE72CC1D36E9-SegmentedRaftLogWorker: Starting segment from index:0
2020-09-03 04:13:32,641 [b97e6e52-2f4d-4bd9-8513-2974999c5278@group-F465223EF1D9-LeaderElection3] INFO  impl.LeaderElection (LeaderElection.java:askForVotes(209)) - b97e6e52-2f4d-4bd9-8513-2974999c5278@group-F465223EF1D9-LeaderElection3: begin an election at term 1 for -1: [b97e6e52-2f4d-4bd9-8513-2974999c5278:172.17.0.2:39889], old=null
2020-09-03 04:13:32,641 [b97e6e52-2f4d-4bd9-8513-2974999c5278@group-F465223EF1D9-LeaderElection3] INFO  impl.RoleInfo (RoleInfo.java:shutdownLeaderElection(134)) - b97e6e52-2f4d-4bd9-8513-2974999c5278: shutdown LeaderElection
2020-09-03 04:13:32,641 [b97e6e52-2f4d-4bd9-8513-2974999c5278@group-F465223EF1D9-LeaderElection3] INFO  impl.RaftServerImpl (RaftServerImpl.java:setRole(185)) - b97e6e52-2f4d-4bd9-8513-2974999c5278@group-F465223EF1D9: changes role from CANDIDATE to LEADER at term 1 for changeToLeader
2020-09-03 04:13:32,641 [b97e6e52-2f4d-4bd9-8513-2974999c5278@group-F465223EF1D9-LeaderElection3] INFO  ratis.XceiverServerRatis (XceiverServerRatis.java:handleLeaderChangedNotification(822)) - Leader change notification received for group: group-F465223EF1D9 with new leaderId: b97e6e52-2f4d-4bd9-8513-2974999c5278
2020-09-03 04:13:32,662 [e13fd705-75d3-468c-8ef7-28c6bf279fab@group-FE72CC1D36E9-LeaderElection2] INFO  impl.RaftServerImpl (ServerState.java:setRaftConf(356)) - e13fd705-75d3-468c-8ef7-28c6bf279fab@group-FE72CC1D36E9: set configuration 0: [e13fd705-75d3-468c-8ef7-28c6bf279fab:172.17.0.2:33161, ad0ceffe-a602-4ded-be69-e8c523abddec:172.17.0.2:37231, b97e6e52-2f4d-4bd9-8513-2974999c5278:172.17.0.2:39889], old=null at 0
2020-09-03 04:13:32,665 [b97e6e52-2f4d-4bd9-8513-2974999c5278@group-F465223EF1D9-LeaderElection3] INFO  impl.RaftServerImpl (ServerState.java:setLeader(255)) - b97e6e52-2f4d-4bd9-8513-2974999c5278@group-F465223EF1D9: change Leader from null to b97e6e52-2f4d-4bd9-8513-2974999c5278 at term 1 for becomeLeader, leader elected after 5324ms
2020-09-03 04:13:32,665 [b97e6e52-2f4d-4bd9-8513-2974999c5278@group-F465223EF1D9-LeaderElection3] INFO  server.RaftServerConfigKeys (ConfUtils.java:logGet(44)) - raft.server.staging.catchup.gap = 1000 (default)
2020-09-03 04:13:32,665 [b97e6e52-2f4d-4bd9-8513-2974999c5278@group-F465223EF1D9-LeaderElection3] INFO  server.RaftServerConfigKeys (ConfUtils.java:logGet(44)) - raft.server.rpc.sleep.time = 25ms (default)
2020-09-03 04:13:32,665 [b97e6e52-2f4d-4bd9-8513-2974999c5278@group-F465223EF1D9-LeaderElection3] INFO  metrics.RatisMetrics (RatisMetrics.java:lambda$create$0(36)) - Creating Metrics Registry : ratis.log_appender.b97e6e52-2f4d-4bd9-8513-2974999c5278@group-F465223EF1D9
2020-09-03 04:13:32,665 [b97e6e52-2f4d-4bd9-8513-2974999c5278@group-F465223EF1D9-LeaderElection3] INFO  server.RaftServerConfigKeys (ConfUtils.java:logGet(44)) - raft.server.write.element-limit = 1024 (custom)
2020-09-03 04:13:32,665 [b97e6e52-2f4d-4bd9-8513-2974999c5278@group-F465223EF1D9-LeaderElection3] INFO  server.RaftServerConfigKeys (ConfUtils.java:logGet(44)) - raft.server.write.byte-limit = 1073741824 (custom)
2020-09-03 04:13:32,665 [b97e6e52-2f4d-4bd9-8513-2974999c5278@group-F465223EF1D9-LeaderElection3] INFO  server.RaftServerConfigKeys (ConfUtils.java:logGet(44)) - raft.server.watch.timeout = 3000ms (custom)
2020-09-03 04:13:32,665 [b97e6e52-2f4d-4bd9-8513-2974999c5278@group-F465223EF1D9-LeaderElection3] INFO  server.RaftServerConfigKeys (ConfUtils.java:logGet(44)) - raft.server.watch.timeout.denomination = 1s (default)
2020-09-03 04:13:32,665 [b97e6e52-2f4d-4bd9-8513-2974999c5278@group-F465223EF1D9-LeaderElection3] INFO  server.RaftServerConfigKeys (ConfUtils.java:logGet(44)) - raft.server.watch.element-limit = 65536 (default)
2020-09-03 04:13:32,666 [b97e6e52-2f4d-4bd9-8513-2974999c5278@group-F465223EF1D9-LeaderElection3] INFO  impl.RoleInfo (RoleInfo.java:updateAndGet(143)) - b97e6e52-2f4d-4bd9-8513-2974999c5278: start LeaderState
2020-09-03 04:13:32,666 [b97e6e52-2f4d-4bd9-8513-2974999c5278@group-F465223EF1D9-LeaderElection3] INFO  segmented.SegmentedRaftLogWorker (SegmentedRaftLogWorker.java:startLogSegment(397)) - b97e6e52-2f4d-4bd9-8513-2974999c5278@group-F465223EF1D9-SegmentedRaftLogWorker: Starting segment from index:0
2020-09-03 04:13:32,668 [Datanode State Machine Thread - 0] WARN  statemachine.DatanodeStateMachine (DatanodeStateMachine.java:start(245)) - Interrupt the execution.
java.lang.InterruptedException: sleep interrupted
	at java.lang.Thread.sleep(Native Method)
	at org.apache.hadoop.ozone.container.common.statemachine.DatanodeStateMachine.start(DatanodeStateMachine.java:243)
	at org.apache.hadoop.ozone.container.common.statemachine.DatanodeStateMachine.lambda$startDaemon$0(DatanodeStateMachine.java:405)
	at java.lang.Thread.run(Thread.java:748)
2020-09-03 04:13:32,678 [Thread-202] INFO  impl.FollowerState (FollowerState.java:run(108)) - ad0ceffe-a602-4ded-be69-e8c523abddec@group-716087CAAA09-FollowerState: change to CANDIDATE, lastRpcTime:5159ms, electionTimeout:5154ms
2020-09-03 04:13:32,678 [Thread-202] INFO  impl.RoleInfo (RoleInfo.java:shutdownFollowerState(121)) - ad0ceffe-a602-4ded-be69-e8c523abddec: shutdown FollowerState
2020-09-03 04:13:32,678 [Thread-202] INFO  impl.RaftServerImpl (RaftServerImpl.java:setRole(185)) - ad0ceffe-a602-4ded-be69-e8c523abddec@group-716087CAAA09: changes role from  FOLLOWER to CANDIDATE at term 0 for changeToCandidate
2020-09-03 04:13:32,678 [b97e6e52-2f4d-4bd9-8513-2974999c5278@group-F465223EF1D9-LeaderElection3] INFO  impl.RaftServerImpl (ServerState.java:setRaftConf(356)) - b97e6e52-2f4d-4bd9-8513-2974999c5278@group-F465223EF1D9: set configuration 0: [b97e6e52-2f4d-4bd9-8513-2974999c5278:172.17.0.2:39889], old=null at 0
2020-09-03 04:13:32,685 [Thread-202] INFO  impl.RoleInfo (RoleInfo.java:updateAndGet(143)) - ad0ceffe-a602-4ded-be69-e8c523abddec: start LeaderElection
2020-09-03 04:13:32,705 [grpc-default-executor-2] INFO  ratis.XceiverServerRatis (XceiverServerRatis.java:handleLeaderChangedNotification(822)) - Leader change notification received for group: group-FE72CC1D36E9 with new leaderId: e13fd705-75d3-468c-8ef7-28c6bf279fab
2020-09-03 04:13:32,705 [grpc-default-executor-2] INFO  impl.RaftServerImpl (ServerState.java:setLeader(255)) - ad0ceffe-a602-4ded-be69-e8c523abddec@group-FE72CC1D36E9: change Leader from null to e13fd705-75d3-468c-8ef7-28c6bf279fab at term 1 for appendEntries, leader elected after 5170ms
2020-09-03 04:13:32,725 [grpc-default-executor-1] INFO  ratis.XceiverServerRatis (XceiverServerRatis.java:handleLeaderChangedNotification(822)) - Leader change notification received for group: group-FE72CC1D36E9 with new leaderId: e13fd705-75d3-468c-8ef7-28c6bf279fab
2020-09-03 04:13:32,725 [grpc-default-executor-1] INFO  impl.RaftServerImpl (ServerState.java:setLeader(255)) - b97e6e52-2f4d-4bd9-8513-2974999c5278@group-FE72CC1D36E9: change Leader from null to e13fd705-75d3-468c-8ef7-28c6bf279fab at term 1 for appendEntries, leader elected after 5378ms
2020-09-03 04:13:32,738 [ad0ceffe-a602-4ded-be69-e8c523abddec@group-716087CAAA09-LeaderElection4] INFO  impl.LeaderElection (LeaderElection.java:askForVotes(209)) - ad0ceffe-a602-4ded-be69-e8c523abddec@group-716087CAAA09-LeaderElection4: begin an election at term 1 for -1: [ad0ceffe-a602-4ded-be69-e8c523abddec:172.17.0.2:37231], old=null
2020-09-03 04:13:32,738 [ad0ceffe-a602-4ded-be69-e8c523abddec@group-716087CAAA09-LeaderElection4] INFO  impl.RoleInfo (RoleInfo.java:shutdownLeaderElection(134)) - ad0ceffe-a602-4ded-be69-e8c523abddec: shutdown LeaderElection
2020-09-03 04:13:32,738 [ad0ceffe-a602-4ded-be69-e8c523abddec@group-716087CAAA09-LeaderElection4] INFO  impl.RaftServerImpl (RaftServerImpl.java:setRole(185)) - ad0ceffe-a602-4ded-be69-e8c523abddec@group-716087CAAA09: changes role from CANDIDATE to LEADER at term 1 for changeToLeader
2020-09-03 04:13:32,738 [ad0ceffe-a602-4ded-be69-e8c523abddec@group-716087CAAA09-LeaderElection4] INFO  ratis.XceiverServerRatis (XceiverServerRatis.java:handleLeaderChangedNotification(822)) - Leader change notification received for group: group-716087CAAA09 with new leaderId: ad0ceffe-a602-4ded-be69-e8c523abddec
2020-09-03 04:13:32,738 [ad0ceffe-a602-4ded-be69-e8c523abddec@group-716087CAAA09-LeaderElection4] INFO  impl.RaftServerImpl (ServerState.java:setLeader(255)) - ad0ceffe-a602-4ded-be69-e8c523abddec@group-716087CAAA09: change Leader from null to ad0ceffe-a602-4ded-be69-e8c523abddec at term 1 for becomeLeader, leader elected after 5232ms
2020-09-03 04:13:32,738 [ad0ceffe-a602-4ded-be69-e8c523abddec@group-716087CAAA09-LeaderElection4] INFO  server.RaftServerConfigKeys (ConfUtils.java:logGet(44)) - raft.server.staging.catchup.gap = 1000 (default)
2020-09-03 04:13:32,738 [ad0ceffe-a602-4ded-be69-e8c523abddec@group-716087CAAA09-LeaderElection4] INFO  server.RaftServerConfigKeys (ConfUtils.java:logGet(44)) - raft.server.rpc.sleep.time = 25ms (default)
2020-09-03 04:13:32,738 [ad0ceffe-a602-4ded-be69-e8c523abddec@group-716087CAAA09-LeaderElection4] INFO  metrics.RatisMetrics (RatisMetrics.java:lambda$create$0(36)) - Creating Metrics Registry : ratis.log_appender.ad0ceffe-a602-4ded-be69-e8c523abddec@group-716087CAAA09
2020-09-03 04:13:32,738 [ad0ceffe-a602-4ded-be69-e8c523abddec@group-716087CAAA09-LeaderElection4] INFO  server.RaftServerConfigKeys (ConfUtils.java:logGet(44)) - raft.server.write.element-limit = 1024 (custom)
2020-09-03 04:13:32,738 [ad0ceffe-a602-4ded-be69-e8c523abddec@group-716087CAAA09-LeaderElection4] INFO  server.RaftServerConfigKeys (ConfUtils.java:logGet(44)) - raft.server.write.byte-limit = 1073741824 (custom)
2020-09-03 04:13:32,739 [ad0ceffe-a602-4ded-be69-e8c523abddec@group-716087CAAA09-LeaderElection4] INFO  server.RaftServerConfigKeys (ConfUtils.java:logGet(44)) - raft.server.watch.timeout = 3000ms (custom)
2020-09-03 04:13:32,739 [ad0ceffe-a602-4ded-be69-e8c523abddec@group-716087CAAA09-LeaderElection4] INFO  server.RaftServerConfigKeys (ConfUtils.java:logGet(44)) - raft.server.watch.timeout.denomination = 1s (default)
2020-09-03 04:13:32,739 [ad0ceffe-a602-4ded-be69-e8c523abddec@group-716087CAAA09-LeaderElection4] INFO  server.RaftServerConfigKeys (ConfUtils.java:logGet(44)) - raft.server.watch.element-limit = 65536 (default)
2020-09-03 04:13:32,739 [ad0ceffe-a602-4ded-be69-e8c523abddec@group-716087CAAA09-LeaderElection4] INFO  impl.RoleInfo (RoleInfo.java:updateAndGet(143)) - ad0ceffe-a602-4ded-be69-e8c523abddec: start LeaderState
2020-09-03 04:13:32,739 [ad0ceffe-a602-4ded-be69-e8c523abddec@group-716087CAAA09-LeaderElection4] INFO  segmented.SegmentedRaftLogWorker (SegmentedRaftLogWorker.java:startLogSegment(397)) - ad0ceffe-a602-4ded-be69-e8c523abddec@group-716087CAAA09-SegmentedRaftLogWorker: Starting segment from index:0
2020-09-03 04:13:32,740 [Datanode State Machine Thread - 0] WARN  statemachine.DatanodeStateMachine (DatanodeStateMachine.java:start(245)) - Interrupt the execution.
java.lang.InterruptedException: sleep interrupted
	at java.lang.Thread.sleep(Native Method)
	at org.apache.hadoop.ozone.container.common.statemachine.DatanodeStateMachine.start(DatanodeStateMachine.java:243)
	at org.apache.hadoop.ozone.container.common.statemachine.DatanodeStateMachine.lambda$startDaemon$0(DatanodeStateMachine.java:405)
	at java.lang.Thread.run(Thread.java:748)
2020-09-03 04:13:32,742 [grpc-default-executor-1] INFO  impl.RaftServerImpl (ServerState.java:setRaftConf(356)) - ad0ceffe-a602-4ded-be69-e8c523abddec@group-FE72CC1D36E9: set configuration 0: [e13fd705-75d3-468c-8ef7-28c6bf279fab:172.17.0.2:33161, ad0ceffe-a602-4ded-be69-e8c523abddec:172.17.0.2:37231, b97e6e52-2f4d-4bd9-8513-2974999c5278:172.17.0.2:39889], old=null at 0
2020-09-03 04:13:32,743 [grpc-default-executor-1] INFO  segmented.SegmentedRaftLogWorker (SegmentedRaftLogWorker.java:startLogSegment(397)) - ad0ceffe-a602-4ded-be69-e8c523abddec@group-FE72CC1D36E9-SegmentedRaftLogWorker: Starting segment from index:0
2020-09-03 04:13:32,742 [grpc-default-executor-2] INFO  impl.RaftServerImpl (ServerState.java:setRaftConf(356)) - b97e6e52-2f4d-4bd9-8513-2974999c5278@group-FE72CC1D36E9: set configuration 0: [e13fd705-75d3-468c-8ef7-28c6bf279fab:172.17.0.2:33161, ad0ceffe-a602-4ded-be69-e8c523abddec:172.17.0.2:37231, b97e6e52-2f4d-4bd9-8513-2974999c5278:172.17.0.2:39889], old=null at 0
2020-09-03 04:13:32,743 [grpc-default-executor-2] INFO  segmented.SegmentedRaftLogWorker (SegmentedRaftLogWorker.java:startLogSegment(397)) - b97e6e52-2f4d-4bd9-8513-2974999c5278@group-FE72CC1D36E9-SegmentedRaftLogWorker: Starting segment from index:0
2020-09-03 04:13:32,749 [ad0ceffe-a602-4ded-be69-e8c523abddec@group-716087CAAA09-LeaderElection4] INFO  impl.RaftServerImpl (ServerState.java:setRaftConf(356)) - ad0ceffe-a602-4ded-be69-e8c523abddec@group-716087CAAA09: set configuration 0: [ad0ceffe-a602-4ded-be69-e8c523abddec:172.17.0.2:37231], old=null at 0
2020-09-03 04:13:32,819 [b97e6e52-2f4d-4bd9-8513-2974999c5278@group-FE72CC1D36E9-SegmentedRaftLogWorker] INFO  segmented.SegmentedRaftLogWorker (SegmentedRaftLogWorker.java:execute(596)) - b97e6e52-2f4d-4bd9-8513-2974999c5278@group-FE72CC1D36E9-SegmentedRaftLogWorker: created new log segment /github/workspace/mnt/ozone/hadoop-ozone/integration-test/target/test-dir/MiniOzoneClusterImpl-1fba4767-94f5-452d-84d3-bc97b60faa1d/datanode-1/data/ratis/0e20fda2-f9a4-42ec-adb3-fe72cc1d36e9/current/log_inprogress_0
2020-09-03 04:13:32,819 [b97e6e52-2f4d-4bd9-8513-2974999c5278@group-F465223EF1D9-SegmentedRaftLogWorker] INFO  segmented.SegmentedRaftLogWorker (SegmentedRaftLogWorker.java:execute(596)) - b97e6e52-2f4d-4bd9-8513-2974999c5278@group-F465223EF1D9-SegmentedRaftLogWorker: created new log segment /github/workspace/mnt/ozone/hadoop-ozone/integration-test/target/test-dir/MiniOzoneClusterImpl-1fba4767-94f5-452d-84d3-bc97b60faa1d/datanode-1/data/ratis/f0c64308-3e1b-475d-ab0a-f465223ef1d9/current/log_inprogress_0
2020-09-03 04:13:32,822 [e13fd705-75d3-468c-8ef7-28c6bf279fab@group-FE72CC1D36E9-SegmentedRaftLogWorker] INFO  segmented.SegmentedRaftLogWorker (SegmentedRaftLogWorker.java:execute(596)) - e13fd705-75d3-468c-8ef7-28c6bf279fab@group-FE72CC1D36E9-SegmentedRaftLogWorker: created new log segment /github/workspace/mnt/ozone/hadoop-ozone/integration-test/target/test-dir/MiniOzoneClusterImpl-1fba4767-94f5-452d-84d3-bc97b60faa1d/datanode-0/data/ratis/0e20fda2-f9a4-42ec-adb3-fe72cc1d36e9/current/log_inprogress_0
2020-09-03 04:13:32,825 [ad0ceffe-a602-4ded-be69-e8c523abddec@group-FE72CC1D36E9-SegmentedRaftLogWorker] INFO  segmented.SegmentedRaftLogWorker (SegmentedRaftLogWorker.java:execute(596)) - ad0ceffe-a602-4ded-be69-e8c523abddec@group-FE72CC1D36E9-SegmentedRaftLogWorker: created new log segment /github/workspace/mnt/ozone/hadoop-ozone/integration-test/target/test-dir/MiniOzoneClusterImpl-1fba4767-94f5-452d-84d3-bc97b60faa1d/datanode-2/data/ratis/0e20fda2-f9a4-42ec-adb3-fe72cc1d36e9/current/log_inprogress_0
2020-09-03 04:13:32,827 [ad0ceffe-a602-4ded-be69-e8c523abddec@group-716087CAAA09-SegmentedRaftLogWorker] INFO  segmented.SegmentedRaftLogWorker (SegmentedRaftLogWorker.java:execute(596)) - ad0ceffe-a602-4ded-be69-e8c523abddec@group-716087CAAA09-SegmentedRaftLogWorker: created new log segment /github/workspace/mnt/ozone/hadoop-ozone/integration-test/target/test-dir/MiniOzoneClusterImpl-1fba4767-94f5-452d-84d3-bc97b60faa1d/datanode-2/data/ratis/a34eaef2-67ea-48cd-8dfe-716087caaa09/current/log_inprogress_0
2020-09-03 04:13:32,828 [e13fd705-75d3-468c-8ef7-28c6bf279fab@group-5AB2B30AEC4E-SegmentedRaftLogWorker] INFO  segmented.SegmentedRaftLogWorker (SegmentedRaftLogWorker.java:execute(596)) - e13fd705-75d3-468c-8ef7-28c6bf279fab@group-5AB2B30AEC4E-SegmentedRaftLogWorker: created new log segment /github/workspace/mnt/ozone/hadoop-ozone/integration-test/target/test-dir/MiniOzoneClusterImpl-1fba4767-94f5-452d-84d3-bc97b60faa1d/datanode-0/data/ratis/eb776974-e23a-4e99-9620-5ab2b30aec4e/current/log_inprogress_0
2020-09-03 04:13:33,144 [Listener at 127.0.0.1/46265] INFO  rpc.RpcClient (RpcClient.java:createVolume(315)) - Creating Volume: testcontainerstatemachinefailures, with jenkins1001 as owner.
2020-09-03 04:13:33,210 [IPC Server handler 4 on default port 46265] INFO  volume.OMVolumeCreateRequest (OMVolumeCreateRequest.java:validateAndUpdateCache(195)) - created volume:testcontainerstatemachinefailures for user:jenkins1001
2020-09-03 04:13:33,223 [Listener at 127.0.0.1/46265] INFO  rpc.RpcClient (RpcClient.java:createBucket(460)) - Creating Bucket: testcontainerstatemachinefailures/testcontainerstatemachinefailures, with Versioning false and Storage Type set to DISK and Encryption set to false 
2020-09-03 04:13:33,373 [Listener at 127.0.0.1/46265] INFO  impl.MetricsSystemImpl (MetricsSystemImpl.java:init(158)) - XceiverClientMetrics metrics system started (again)
2020-09-03 04:13:33,448 [Datanode State Machine Thread - 0] INFO  statemachine.DatanodeStateMachine (DatanodeStateMachine.java:lambda$startDaemon$0(406)) - Ozone container server started.
2020-09-03 04:13:35,449 [EventQueue-Delayed safe mode statusForReplicationManager] INFO  container.ReplicationManager (ReplicationManager.java:start(177)) - Starting Replication Monitor Thread.
2020-09-03 04:13:35,453 [ReplicationMonitor] INFO  container.ReplicationManager (ReplicationManager.java:run(241)) - Replication Monitor Thread took 3 milliseconds for processing 1 containers.
2020-09-03 04:13:35,453 [EventQueue-CloseContainerForCloseContainerEventHandler] INFO  container.CloseContainerEventHandler (CloseContainerEventHandler.java:onMessage(61)) - Close container Event triggered for container : #1
2020-09-03 04:13:36,003 [Command processor thread] ERROR commandhandler.CloseContainerCommandHandler (CloseContainerCommandHandler.java:handle(85)) - Container #1 does not exist in datanode. Container close failed.
2020-09-03 04:13:36,285 [Command processor thread] ERROR commandhandler.CloseContainerCommandHandler (CloseContainerCommandHandler.java:handle(85)) - Container #1 does not exist in datanode. Container close failed.
2020-09-03 04:13:38,391 [Listener at 127.0.0.1/46265] INFO  ozoneimpl.OzoneContainer (OzoneContainer.java:stop(259)) - Attempting to stop container services.
2020-09-03 04:13:38,392 [Listener at 127.0.0.1/46265] INFO  impl.RaftServerProxy (RaftServerProxy.java:lambda$close$4(319)) - ad0ceffe-a602-4ded-be69-e8c523abddec: close
2020-09-03 04:13:38,394 [ForkJoinPool.commonPool-worker-1] INFO  impl.RaftServerImpl (RaftServerImpl.java:lambda$shutdown$3(263)) - ad0ceffe-a602-4ded-be69-e8c523abddec@group-FE72CC1D36E9: shutdown
2020-09-03 04:13:38,394 [ForkJoinPool.commonPool-worker-1] INFO  util.JmxRegister (JmxRegister.java:unregister(73)) - Successfully un-registered JMX Bean with object name Ratis:service=RaftServer,group=group-FE72CC1D36E9,id=ad0ceffe-a602-4ded-be69-e8c523abddec
2020-09-03 04:13:38,394 [ForkJoinPool.commonPool-worker-1] INFO  impl.RoleInfo (RoleInfo.java:shutdownFollowerState(121)) - ad0ceffe-a602-4ded-be69-e8c523abddec: shutdown FollowerState
2020-09-03 04:13:38,394 [Thread-225] INFO  impl.FollowerState (FollowerState.java:run(117)) - ad0ceffe-a602-4ded-be69-e8c523abddec@group-FE72CC1D36E9-FollowerState was interrupted: java.lang.InterruptedException: sleep interrupted
2020-09-03 04:13:38,395 [ad0ceffe-a602-4ded-be69-e8c523abddec@group-FE72CC1D36E9-StateMachineUpdater] INFO  ratis.ContainerStateMachine (ContainerStateMachine.java:takeSnapshot(293)) - group-FE72CC1D36E9: Taking a snapshot at:(t:1, i:0) file /github/workspace/mnt/ozone/hadoop-ozone/integration-test/target/test-dir/MiniOzoneClusterImpl-1fba4767-94f5-452d-84d3-bc97b60faa1d/datanode-2/data/ratis/0e20fda2-f9a4-42ec-adb3-fe72cc1d36e9/sm/snapshot.1_0
2020-09-03 04:13:38,394 [Listener at 127.0.0.1/46265] INFO  impl.RaftServerImpl (RaftServerImpl.java:lambda$shutdown$3(263)) - ad0ceffe-a602-4ded-be69-e8c523abddec@group-716087CAAA09: shutdown
2020-09-03 04:13:38,398 [Listener at 127.0.0.1/46265] INFO  util.JmxRegister (JmxRegister.java:unregister(73)) - Successfully un-registered JMX Bean with object name Ratis:service=RaftServer,group=group-716087CAAA09,id=ad0ceffe-a602-4ded-be69-e8c523abddec
2020-09-03 04:13:38,398 [Listener at 127.0.0.1/46265] INFO  impl.RoleInfo (RoleInfo.java:shutdownLeaderState(104)) - ad0ceffe-a602-4ded-be69-e8c523abddec: shutdown LeaderState
2020-09-03 04:13:38,398 [Listener at 127.0.0.1/46265] INFO  impl.PendingRequests (PendingRequests.java:sendNotLeaderResponses(249)) - ad0ceffe-a602-4ded-be69-e8c523abddec@group-716087CAAA09-PendingRequests: sendNotLeaderResponses
2020-09-03 04:13:38,399 [Listener at 127.0.0.1/46265] INFO  metrics.RatisMetrics (RatisMetrics.java:unregister(43)) - Unregistering Metrics Registry : ratis.log_appender.ad0ceffe-a602-4ded-be69-e8c523abddec@group-716087CAAA09
2020-09-03 04:13:38,400 [Listener at 127.0.0.1/46265] INFO  metrics.RatisMetrics (RatisMetrics.java:unregister(43)) - Unregistering Metrics Registry : ratis.server.ad0ceffe-a602-4ded-be69-e8c523abddec@group-716087CAAA09
2020-09-03 04:13:38,401 [ForkJoinPool.commonPool-worker-1] INFO  impl.StateMachineUpdater (StateMachineUpdater.java:stopAndJoin(142)) - ad0ceffe-a602-4ded-be69-e8c523abddec@group-FE72CC1D36E9-StateMachineUpdater: set stopIndex = 0
2020-09-03 04:13:38,403 [ad0ceffe-a602-4ded-be69-e8c523abddec@group-716087CAAA09-StateMachineUpdater] INFO  ratis.ContainerStateMachine (ContainerStateMachine.java:takeSnapshot(293)) - group-716087CAAA09: Taking a snapshot at:(t:1, i:0) file /github/workspace/mnt/ozone/hadoop-ozone/integration-test/target/test-dir/MiniOzoneClusterImpl-1fba4767-94f5-452d-84d3-bc97b60faa1d/datanode-2/data/ratis/a34eaef2-67ea-48cd-8dfe-716087caaa09/sm/snapshot.1_0
2020-09-03 04:13:38,403 [Listener at 127.0.0.1/46265] INFO  impl.StateMachineUpdater (StateMachineUpdater.java:stopAndJoin(142)) - ad0ceffe-a602-4ded-be69-e8c523abddec@group-716087CAAA09-StateMachineUpdater: set stopIndex = 0
2020-09-03 04:13:38,464 [ad0ceffe-a602-4ded-be69-e8c523abddec@group-716087CAAA09-StateMachineUpdater] INFO  ratis.ContainerStateMachine (ContainerStateMachine.java:takeSnapshot(304)) - group-716087CAAA09: Finished taking a snapshot at:(t:1, i:0) file:/github/workspace/mnt/ozone/hadoop-ozone/integration-test/target/test-dir/MiniOzoneClusterImpl-1fba4767-94f5-452d-84d3-bc97b60faa1d/datanode-2/data/ratis/a34eaef2-67ea-48cd-8dfe-716087caaa09/sm/snapshot.1_0 time:61
2020-09-03 04:13:38,465 [ad0ceffe-a602-4ded-be69-e8c523abddec@group-716087CAAA09-StateMachineUpdater] INFO  impl.StateMachineUpdater (StateMachineUpdater.java:takeSnapshot(277)) - ad0ceffe-a602-4ded-be69-e8c523abddec@group-716087CAAA09-StateMachineUpdater: Took a snapshot at index 0
2020-09-03 04:13:38,465 [ad0ceffe-a602-4ded-be69-e8c523abddec@group-716087CAAA09-StateMachineUpdater] INFO  impl.StateMachineUpdater (StateMachineUpdater.java:lambda$new$0(87)) - ad0ceffe-a602-4ded-be69-e8c523abddec@group-716087CAAA09-StateMachineUpdater: snapshotIndex: updateIncreasingly -1 -> 0
2020-09-03 04:13:38,468 [ad0ceffe-a602-4ded-be69-e8c523abddec@group-716087CAAA09-StateMachineUpdater] INFO  metrics.RatisMetrics (RatisMetrics.java:unregister(43)) - Unregistering Metrics Registry : ratis.state_machine.ad0ceffe-a602-4ded-be69-e8c523abddec@group-716087CAAA09
2020-09-03 04:13:38,468 [Listener at 127.0.0.1/46265] INFO  impl.RaftServerImpl (ServerState.java:close(387)) - ad0ceffe-a602-4ded-be69-e8c523abddec@group-716087CAAA09: closes. applyIndex: 0
2020-09-03 04:13:38,469 [ad0ceffe-a602-4ded-be69-e8c523abddec@group-716087CAAA09-SegmentedRaftLogWorker] INFO  segmented.SegmentedRaftLogWorker (SegmentedRaftLogWorker.java:run(327)) - ad0ceffe-a602-4ded-be69-e8c523abddec@group-716087CAAA09-SegmentedRaftLogWorker was interrupted, exiting. There are 0 tasks remaining in the queue.
2020-09-03 04:13:38,470 [Listener at 127.0.0.1/46265] INFO  segmented.SegmentedRaftLogWorker (SegmentedRaftLogWorker.java:close(234)) - ad0ceffe-a602-4ded-be69-e8c523abddec@group-716087CAAA09-SegmentedRaftLogWorker close()
2020-09-03 04:13:38,471 [Listener at 127.0.0.1/46265] INFO  metrics.RatisMetrics (RatisMetrics.java:unregister(43)) - Unregistering Metrics Registry : ratis.log_worker.ad0ceffe-a602-4ded-be69-e8c523abddec@group-716087CAAA09
2020-09-03 04:13:38,471 [Listener at 127.0.0.1/46265] INFO  metrics.RatisMetrics (RatisMetrics.java:unregister(43)) - Unregistering Metrics Registry : ratis.leader_election.ad0ceffe-a602-4ded-be69-e8c523abddec@group-716087CAAA09
2020-09-03 04:13:38,471 [Listener at 127.0.0.1/46265] INFO  metrics.RatisMetrics (RatisMetrics.java:unregister(43)) - Unregistering Metrics Registry : ratis.server.ad0ceffe-a602-4ded-be69-e8c523abddec@group-716087CAAA09
2020-09-03 04:13:38,472 [ad0ceffe-a602-4ded-be69-e8c523abddec@group-FE72CC1D36E9-StateMachineUpdater] INFO  ratis.ContainerStateMachine (ContainerStateMachine.java:takeSnapshot(304)) - group-FE72CC1D36E9: Finished taking a snapshot at:(t:1, i:0) file:/github/workspace/mnt/ozone/hadoop-ozone/integration-test/target/test-dir/MiniOzoneClusterImpl-1fba4767-94f5-452d-84d3-bc97b60faa1d/datanode-2/data/ratis/0e20fda2-f9a4-42ec-adb3-fe72cc1d36e9/sm/snapshot.1_0 time:76
2020-09-03 04:13:38,472 [ad0ceffe-a602-4ded-be69-e8c523abddec@group-FE72CC1D36E9-StateMachineUpdater] INFO  impl.StateMachineUpdater (StateMachineUpdater.java:takeSnapshot(277)) - ad0ceffe-a602-4ded-be69-e8c523abddec@group-FE72CC1D36E9-StateMachineUpdater: Took a snapshot at index 0
2020-09-03 04:13:38,472 [ad0ceffe-a602-4ded-be69-e8c523abddec@group-FE72CC1D36E9-StateMachineUpdater] INFO  impl.StateMachineUpdater (StateMachineUpdater.java:lambda$new$0(87)) - ad0ceffe-a602-4ded-be69-e8c523abddec@group-FE72CC1D36E9-StateMachineUpdater: snapshotIndex: updateIncreasingly -1 -> 0
2020-09-03 04:13:38,472 [ad0ceffe-a602-4ded-be69-e8c523abddec@group-FE72CC1D36E9-StateMachineUpdater] INFO  metrics.RatisMetrics (RatisMetrics.java:unregister(43)) - Unregistering Metrics Registry : ratis.state_machine.ad0ceffe-a602-4ded-be69-e8c523abddec@group-FE72CC1D36E9
2020-09-03 04:13:38,472 [ForkJoinPool.commonPool-worker-1] INFO  impl.RaftServerImpl (ServerState.java:close(387)) - ad0ceffe-a602-4ded-be69-e8c523abddec@group-FE72CC1D36E9: closes. applyIndex: 0
2020-09-03 04:13:38,472 [ad0ceffe-a602-4ded-be69-e8c523abddec@group-FE72CC1D36E9-SegmentedRaftLogWorker] INFO  segmented.SegmentedRaftLogWorker (SegmentedRaftLogWorker.java:run(327)) - ad0ceffe-a602-4ded-be69-e8c523abddec@group-FE72CC1D36E9-SegmentedRaftLogWorker was interrupted, exiting. There are 0 tasks remaining in the queue.
2020-09-03 04:13:38,473 [ForkJoinPool.commonPool-worker-1] INFO  segmented.SegmentedRaftLogWorker (SegmentedRaftLogWorker.java:close(234)) - ad0ceffe-a602-4ded-be69-e8c523abddec@group-FE72CC1D36E9-SegmentedRaftLogWorker close()
2020-09-03 04:13:38,474 [ForkJoinPool.commonPool-worker-1] INFO  metrics.RatisMetrics (RatisMetrics.java:unregister(43)) - Unregistering Metrics Registry : ratis.log_worker.ad0ceffe-a602-4ded-be69-e8c523abddec@group-FE72CC1D36E9
2020-09-03 04:13:38,474 [ForkJoinPool.commonPool-worker-1] INFO  metrics.RatisMetrics (RatisMetrics.java:unregister(43)) - Unregistering Metrics Registry : ratis.leader_election.ad0ceffe-a602-4ded-be69-e8c523abddec@group-FE72CC1D36E9
2020-09-03 04:13:38,474 [ForkJoinPool.commonPool-worker-1] INFO  metrics.RatisMetrics (RatisMetrics.java:unregister(43)) - Unregistering Metrics Registry : ratis.server.ad0ceffe-a602-4ded-be69-e8c523abddec@group-FE72CC1D36E9
2020-09-03 04:13:38,474 [Listener at 127.0.0.1/46265] INFO  server.GrpcService (GrpcService.java:closeImpl(166)) - ad0ceffe-a602-4ded-be69-e8c523abddec: shutdown server with port 37231 now
2020-09-03 04:13:38,480 [Listener at 127.0.0.1/46265] INFO  server.GrpcService (GrpcService.java:closeImpl(174)) - ad0ceffe-a602-4ded-be69-e8c523abddec: shutdown server with port 37231 successfully
2020-09-03 04:13:38,482 [grpc-default-executor-0] WARN  server.GrpcLogAppender (LogUtils.java:warn(122)) - e13fd705-75d3-468c-8ef7-28c6bf279fab@group-FE72CC1D36E9->ad0ceffe-a602-4ded-be69-e8c523abddec-AppendLogResponseHandler: Failed appendEntries: org.apache.ratis.thirdparty.io.grpc.StatusRuntimeException: CANCELLED: HTTP/2 error code: CANCEL
Received Rst Stream
2020-09-03 04:13:38,484 [grpc-default-executor-1] WARN  server.GrpcServerProtocolService (LogUtils.java:warn(122)) - ad0ceffe-a602-4ded-be69-e8c523abddec: installSnapshot onError, lastRequest: e13fd705-75d3-468c-8ef7-28c6bf279fab->ad0ceffe-a602-4ded-be69-e8c523abddec#1-t1, previous=(t:0, i:0), leaderCommit=-1, initializing? false, entries: size=1, first=(t:1, i:0), CONFIGURATIONENTRY: org.apache.ratis.thirdparty.io.grpc.StatusRuntimeException: CANCELLED: cancelled before receiving half close
2020-09-03 04:13:38,485 [grpc-default-executor-0] INFO  impl.FollowerInfo (FollowerInfo.java:lambda$new$0(51)) - e13fd705-75d3-468c-8ef7-28c6bf279fab@group-FE72CC1D36E9->ad0ceffe-a602-4ded-be69-e8c523abddec: nextIndex: updateUnconditionally 1 -> 0
2020-09-03 04:13:38,490 [Listener at 127.0.0.1/46265] INFO  utils.BackgroundService (BackgroundService.java:shutdown(157)) - Shutting down service BlockDeletingService
2020-09-03 04:13:38,493 [Listener at 127.0.0.1/46265] INFO  statemachine.DatanodeStateMachine (DatanodeStateMachine.java:stopDaemon(454)) - Ozone container server stopped.
2020-09-03 04:13:38,505 [Listener at 127.0.0.1/46265] INFO  handler.ContextHandler (ContextHandler.java:doStop(1016)) - Stopped o.e.j.w.WebAppContext@1a370c7c{hddsDatanode,/,null,UNAVAILABLE}{jar:file:/home/user/.m2/repository/org/apache/hadoop/hadoop-hdds-container-service/1.1.0-SNAPSHOT/hadoop-hdds-container-service-1.1.0-SNAPSHOT.jar!/webapps/hddsDatanode}
2020-09-03 04:13:38,508 [Listener at 127.0.0.1/46265] INFO  server.AbstractConnector (AbstractConnector.java:doStop(380)) - Stopped ServerConnector@29422e61{HTTP/1.1,[http/1.1]}{0.0.0.0:0}
2020-09-03 04:13:38,509 [Listener at 127.0.0.1/46265] INFO  server.session (HouseKeeper.java:stopScavenging(158)) - node0 Stopped scavenging
2020-09-03 04:13:38,510 [Listener at 127.0.0.1/46265] INFO  handler.ContextHandler (ContextHandler.java:doStop(1016)) - Stopped o.e.j.s.ServletContextHandler@3d837af7{static,/static,jar:file:/home/user/.m2/repository/org/apache/hadoop/hadoop-hdds-container-service/1.1.0-SNAPSHOT/hadoop-hdds-container-service-1.1.0-SNAPSHOT.jar!/webapps/static,UNAVAILABLE}
2020-09-03 04:13:38,510 [Listener at 127.0.0.1/46265] INFO  handler.ContextHandler (ContextHandler.java:doStop(1016)) - Stopped o.e.j.s.ServletContextHandler@4ac7927a{logs,/logs,file:///github/workspace/mnt/ozone/hadoop-ozone/integration-test/target/log,UNAVAILABLE}
2020-09-03 04:13:38,684 [grpc-default-executor-1] WARN  server.GrpcLogAppender (LogUtils.java:warn(122)) - e13fd705-75d3-468c-8ef7-28c6bf279fab@group-FE72CC1D36E9->ad0ceffe-a602-4ded-be69-e8c523abddec-AppendLogResponseHandler: Failed appendEntries: org.apache.ratis.thirdparty.io.grpc.StatusRuntimeException: UNAVAILABLE: io exception
2020-09-03 04:13:38,691 [grpc-default-executor-1] INFO  impl.FollowerInfo (FollowerInfo.java:lambda$new$0(51)) - e13fd705-75d3-468c-8ef7-28c6bf279fab@group-FE72CC1D36E9->ad0ceffe-a602-4ded-be69-e8c523abddec: nextIndex: updateUnconditionally 1 -> 0
2020-09-03 04:13:38,707 [grpc-default-executor-0] WARN  server.GrpcLogAppender (LogUtils.java:warn(122)) - e13fd705-75d3-468c-8ef7-28c6bf279fab@group-FE72CC1D36E9->ad0ceffe-a602-4ded-be69-e8c523abddec-AppendLogResponseHandler: Failed appendEntries: org.apache.ratis.thirdparty.io.grpc.StatusRuntimeException: UNAVAILABLE: io exception
2020-09-03 04:13:38,713 [grpc-default-executor-0] INFO  impl.FollowerInfo (FollowerInfo.java:lambda$new$0(51)) - e13fd705-75d3-468c-8ef7-28c6bf279fab@group-FE72CC1D36E9->ad0ceffe-a602-4ded-be69-e8c523abddec: nextIndex: updateUnconditionally 1 -> 0
2020-09-03 04:13:38,770 [Datanode State Machine Thread - 0] WARN  statemachine.DatanodeStateMachine (DatanodeStateMachine.java:start(245)) - Interrupt the execution.
java.lang.InterruptedException: sleep interrupted
	at java.lang.Thread.sleep(Native Method)
	at org.apache.hadoop.ozone.container.common.statemachine.DatanodeStateMachine.start(DatanodeStateMachine.java:243)
	at org.apache.hadoop.ozone.container.common.statemachine.DatanodeStateMachine.lambda$startDaemon$0(DatanodeStateMachine.java:405)
	at java.lang.Thread.run(Thread.java:748)
2020-09-03 04:13:38,770 [Datanode State Machine Thread - 0] WARN  statemachine.DatanodeStateMachine (DatanodeStateMachine.java:start(245)) - Interrupt the execution.
java.lang.InterruptedException: sleep interrupted
	at java.lang.Thread.sleep(Native Method)
	at org.apache.hadoop.ozone.container.common.statemachine.DatanodeStateMachine.start(DatanodeStateMachine.java:243)
	at org.apache.hadoop.ozone.container.common.statemachine.DatanodeStateMachine.lambda$startDaemon$0(DatanodeStateMachine.java:405)
	at java.lang.Thread.run(Thread.java:748)
2020-09-03 04:13:38,856 [grpc-default-executor-0] WARN  server.GrpcLogAppender (LogUtils.java:warn(122)) - e13fd705-75d3-468c-8ef7-28c6bf279fab@group-FE72CC1D36E9->ad0ceffe-a602-4ded-be69-e8c523abddec-AppendLogResponseHandler: Failed appendEntries: org.apache.ratis.thirdparty.io.grpc.StatusRuntimeException: UNAVAILABLE: io exception
2020-09-03 04:13:38,872 [grpc-default-executor-0] INFO  impl.FollowerInfo (FollowerInfo.java:lambda$new$0(51)) - e13fd705-75d3-468c-8ef7-28c6bf279fab@group-FE72CC1D36E9->ad0ceffe-a602-4ded-be69-e8c523abddec: nextIndex: updateUnconditionally 1 -> 0
2020-09-03 04:13:38,878 [grpc-default-executor-0] WARN  server.GrpcLogAppender (LogUtils.java:warn(122)) - e13fd705-75d3-468c-8ef7-28c6bf279fab@group-FE72CC1D36E9->ad0ceffe-a602-4ded-be69-e8c523abddec-AppendLogResponseHandler: Failed appendEntries: org.apache.ratis.thirdparty.io.grpc.StatusRuntimeException: UNAVAILABLE: io exception
2020-09-03 04:13:38,890 [grpc-default-executor-0] INFO  impl.FollowerInfo (FollowerInfo.java:lambda$new$0(51)) - e13fd705-75d3-468c-8ef7-28c6bf279fab@group-FE72CC1D36E9->ad0ceffe-a602-4ded-be69-e8c523abddec: nextIndex: updateUnconditionally 1 -> 0
2020-09-03 04:13:41,378 [grpc-default-executor-0] WARN  server.GrpcLogAppender (LogUtils.java:warn(122)) - e13fd705-75d3-468c-8ef7-28c6bf279fab@group-FE72CC1D36E9->ad0ceffe-a602-4ded-be69-e8c523abddec-AppendLogResponseHandler: Failed appendEntries: org.apache.ratis.thirdparty.io.grpc.StatusRuntimeException: UNAVAILABLE: io exception
2020-09-03 04:13:41,379 [grpc-default-executor-0] INFO  impl.FollowerInfo (FollowerInfo.java:lambda$new$0(51)) - e13fd705-75d3-468c-8ef7-28c6bf279fab@group-FE72CC1D36E9->ad0ceffe-a602-4ded-be69-e8c523abddec: nextIndex: updateUnconditionally 1 -> 0
2020-09-03 04:13:42,514 [Thread-259] INFO  client.GrpcClientProtocolService (GrpcClientProtocolService.java:lambda$processClientRequest$0(283)) - Failed RaftClientRequest:client-DDC16B4B540F->e13fd705-75d3-468c-8ef7-28c6bf279fab@group-FE72CC1D36E9, cid=9, seq=0, Watch-ALL_COMMITTED(2), Message:<EMPTY>, reply=RaftClientReply:client-DDC16B4B540F->e13fd705-75d3-468c-8ef7-28c6bf279fab@group-FE72CC1D36E9, cid=9, FAILED org.apache.ratis.protocol.NotReplicatedException: Request with call Id 9 and log index 2 is not yet replicated to ALL_COMMITTED, logIndex=2, commits[e13fd705-75d3-468c-8ef7-28c6bf279fab:c4, ad0ceffe-a602-4ded-be69-e8c523abddec:c0, b97e6e52-2f4d-4bd9-8513-2974999c5278:c4]
2020-09-03 04:13:42,520 [Listener at 127.0.0.1/46265] WARN  scm.XceiverClientRatis (XceiverClientRatis.java:watchForCommit(266)) - 3 way commit failed on pipeline Pipeline[ Id: 0e20fda2-f9a4-42ec-adb3-fe72cc1d36e9, Nodes: ad0ceffe-a602-4ded-be69-e8c523abddec{ip: 172.17.0.2, host: 90479f4426fb, networkLocation: /default-rack, certSerialId: null}e13fd705-75d3-468c-8ef7-28c6bf279fab{ip: 172.17.0.2, host: 90479f4426fb, networkLocation: /default-rack, certSerialId: null}b97e6e52-2f4d-4bd9-8513-2974999c5278{ip: 172.17.0.2, host: 90479f4426fb, networkLocation: /default-rack, certSerialId: null}, Type:RATIS, Factor:THREE, State:OPEN, leaderId:e13fd705-75d3-468c-8ef7-28c6bf279fab, CreationTimestamp2020-09-03T04:13:24.481Z]
java.util.concurrent.ExecutionException: org.apache.ratis.protocol.NotReplicatedException: Request with call Id 9 and log index 2 is not yet replicated to ALL_COMMITTED
	at java.util.concurrent.CompletableFuture.reportGet(CompletableFuture.java:357)
	at java.util.concurrent.CompletableFuture.get(CompletableFuture.java:1908)
	at org.apache.hadoop.hdds.scm.XceiverClientRatis.watchForCommit(XceiverClientRatis.java:263)
	at org.apache.hadoop.hdds.scm.storage.CommitWatcher.watchForCommit(CommitWatcher.java:190)
	at org.apache.hadoop.hdds.scm.storage.CommitWatcher.watchOnLastIndex(CommitWatcher.java:157)
	at org.apache.hadoop.hdds.scm.storage.BlockOutputStream.watchForCommit(BlockOutputStream.java:351)
	at org.apache.hadoop.hdds.scm.storage.BlockOutputStream.handleFlush(BlockOutputStream.java:500)
	at org.apache.hadoop.hdds.scm.storage.BlockOutputStream.close(BlockOutputStream.java:514)
	at org.apache.hadoop.ozone.client.io.BlockOutputStreamEntry.close(BlockOutputStreamEntry.java:149)
	at org.apache.hadoop.ozone.client.io.KeyOutputStream.handleStreamAction(KeyOutputStream.java:483)
	at org.apache.hadoop.ozone.client.io.KeyOutputStream.handleFlushOrClose(KeyOutputStream.java:457)
	at org.apache.hadoop.ozone.client.io.KeyOutputStream.close(KeyOutputStream.java:510)
	at org.apache.hadoop.ozone.client.io.OzoneOutputStream.close(OzoneOutputStream.java:60)
	at org.apache.hadoop.ozone.client.rpc.TestDeleteWithSlowFollower.testDeleteKeyWithSlowFollower(TestDeleteWithSlowFollower.java:224)
	at sun.reflect.NativeMethodAccessorImpl.invoke0(Native Method)
	at sun.reflect.NativeMethodAccessorImpl.invoke(NativeMethodAccessorImpl.java:62)
	at sun.reflect.DelegatingMethodAccessorImpl.invoke(DelegatingMethodAccessorImpl.java:43)
	at java.lang.reflect.Method.invoke(Method.java:498)
	at org.junit.runners.model.FrameworkMethod$1.runReflectiveCall(FrameworkMethod.java:47)
	at org.junit.internal.runners.model.ReflectiveCallable.run(ReflectiveCallable.java:12)
	at org.junit.runners.model.FrameworkMethod.invokeExplosively(FrameworkMethod.java:44)
	at org.junit.internal.runners.statements.InvokeMethod.evaluate(InvokeMethod.java:17)
	at org.junit.runners.ParentRunner.runLeaf(ParentRunner.java:271)
	at org.junit.runners.BlockJUnit4ClassRunner.runChild(BlockJUnit4ClassRunner.java:70)
	at org.junit.runners.BlockJUnit4ClassRunner.runChild(BlockJUnit4ClassRunner.java:50)
	at org.junit.runners.ParentRunner$3.run(ParentRunner.java:238)
	at org.junit.runners.ParentRunner$1.schedule(ParentRunner.java:63)
	at org.junit.runners.ParentRunner.runChildren(ParentRunner.java:236)
	at org.junit.runners.ParentRunner.access$000(ParentRunner.java:53)
	at org.junit.runners.ParentRunner$2.evaluate(ParentRunner.java:229)
	at org.junit.internal.runners.statements.RunBefores.evaluate(RunBefores.java:26)
	at org.junit.internal.runners.statements.RunAfters.evaluate(RunAfters.java:27)
	at org.junit.runners.ParentRunner.run(ParentRunner.java:309)
	at org.apache.maven.surefire.junit4.JUnit4Provider.execute(JUnit4Provider.java:365)
	at org.apache.maven.surefire.junit4.JUnit4Provider.executeWithRerun(JUnit4Provider.java:273)
	at org.apache.maven.surefire.junit4.JUnit4Provider.executeTestSet(JUnit4Provider.java:238)
	at org.apache.maven.surefire.junit4.JUnit4Provider.invoke(JUnit4Provider.java:159)
	at org.apache.maven.surefire.booter.ForkedBooter.invokeProviderInSameClassLoader(ForkedBooter.java:384)
	at org.apache.maven.surefire.booter.ForkedBooter.runSuitesInProcess(ForkedBooter.java:345)
	at org.apache.maven.surefire.booter.ForkedBooter.execute(ForkedBooter.java:126)
	at org.apache.maven.surefire.booter.ForkedBooter.main(ForkedBooter.java:418)
Caused by: org.apache.ratis.protocol.NotReplicatedException: Request with call Id 9 and log index 2 is not yet replicated to ALL_COMMITTED
	at org.apache.ratis.client.impl.ClientProtoUtils.toRaftClientReply(ClientProtoUtils.java:274)
	at org.apache.ratis.grpc.client.GrpcClientProtocolClient$AsyncStreamObservers$1.onNext(GrpcClientProtocolClient.java:268)
	at org.apache.ratis.grpc.client.GrpcClientProtocolClient$AsyncStreamObservers$1.onNext(GrpcClientProtocolClient.java:263)
	at org.apache.ratis.thirdparty.io.grpc.stub.ClientCalls$StreamObserverToCallListenerAdapter.onMessage(ClientCalls.java:440)
	at org.apache.ratis.thirdparty.io.grpc.internal.ClientCallImpl$ClientStreamListenerImpl$1MessagesAvailable.runInternal(ClientCallImpl.java:658)
	at org.apache.ratis.thirdparty.io.grpc.internal.ClientCallImpl$ClientStreamListenerImpl$1MessagesAvailable.runInContext(ClientCallImpl.java:643)
	at org.apache.ratis.thirdparty.io.grpc.internal.ContextRunnable.run(ContextRunnable.java:37)
	at org.apache.ratis.thirdparty.io.grpc.internal.SerializingExecutor.run(SerializingExecutor.java:123)
	at java.util.concurrent.ThreadPoolExecutor.runWorker(ThreadPoolExecutor.java:1149)
	at java.util.concurrent.ThreadPoolExecutor$Worker.run(ThreadPoolExecutor.java:624)
	at java.lang.Thread.run(Thread.java:748)
2020-09-03 04:13:42,525 [Listener at 127.0.0.1/46265] INFO  scm.XceiverClientRatis (XceiverClientRatis.java:lambda$watchForCommit$6(284)) - Could not commit index 2 on pipeline Pipeline[ Id: 0e20fda2-f9a4-42ec-adb3-fe72cc1d36e9, Nodes: ad0ceffe-a602-4ded-be69-e8c523abddec{ip: 172.17.0.2, host: 90479f4426fb, networkLocation: /default-rack, certSerialId: null}e13fd705-75d3-468c-8ef7-28c6bf279fab{ip: 172.17.0.2, host: 90479f4426fb, networkLocation: /default-rack, certSerialId: null}b97e6e52-2f4d-4bd9-8513-2974999c5278{ip: 172.17.0.2, host: 90479f4426fb, networkLocation: /default-rack, certSerialId: null}, Type:RATIS, Factor:THREE, State:OPEN, leaderId:e13fd705-75d3-468c-8ef7-28c6bf279fab, CreationTimestamp2020-09-03T04:13:24.481Z] to all the nodes. Server ad0ceffe-a602-4ded-be69-e8c523abddec has failed. Committed by majority.
2020-09-03 04:13:42,526 [Listener at 127.0.0.1/46265] WARN  storage.BlockOutputStream (BlockOutputStream.java:watchForCommit(357)) - Failed to commit BlockId conID: 1 locID: 104799037901832192 bcsId: 2 on Pipeline[ Id: 0e20fda2-f9a4-42ec-adb3-fe72cc1d36e9, Nodes: ad0ceffe-a602-4ded-be69-e8c523abddec{ip: 172.17.0.2, host: 90479f4426fb, networkLocation: /default-rack, certSerialId: null}e13fd705-75d3-468c-8ef7-28c6bf279fab{ip: 172.17.0.2, host: 90479f4426fb, networkLocation: /default-rack, certSerialId: null}b97e6e52-2f4d-4bd9-8513-2974999c5278{ip: 172.17.0.2, host: 90479f4426fb, networkLocation: /default-rack, certSerialId: null}, Type:RATIS, Factor:THREE, State:OPEN, leaderId:e13fd705-75d3-468c-8ef7-28c6bf279fab, CreationTimestamp2020-09-03T04:13:24.481Z]. Failed nodes: [ad0ceffe-a602-4ded-be69-e8c523abddec{ip: null, host: null, networkLocation: /default-rack, certSerialId: null}]
2020-09-03 04:13:42,556 [grpc-default-executor-1] WARN  server.GrpcLogAppender (LogUtils.java:warn(122)) - e13fd705-75d3-468c-8ef7-28c6bf279fab@group-FE72CC1D36E9->ad0ceffe-a602-4ded-be69-e8c523abddec-AppendLogResponseHandler: Failed appendEntries: org.apache.ratis.thirdparty.io.grpc.StatusRuntimeException: UNAVAILABLE: io exception
2020-09-03 04:13:42,561 [grpc-default-executor-1] INFO  impl.FollowerInfo (FollowerInfo.java:lambda$new$0(51)) - e13fd705-75d3-468c-8ef7-28c6bf279fab@group-FE72CC1D36E9->ad0ceffe-a602-4ded-be69-e8c523abddec: nextIndex: updateUnconditionally 1 -> 0
2020-09-03 04:13:42,573 [Datanode State Machine Thread - 0] WARN  statemachine.DatanodeStateMachine (DatanodeStateMachine.java:start(245)) - Interrupt the execution.
java.lang.InterruptedException: sleep interrupted
	at java.lang.Thread.sleep(Native Method)
	at org.apache.hadoop.ozone.container.common.statemachine.DatanodeStateMachine.start(DatanodeStateMachine.java:243)
	at org.apache.hadoop.ozone.container.common.statemachine.DatanodeStateMachine.lambda$startDaemon$0(DatanodeStateMachine.java:405)
	at java.lang.Thread.run(Thread.java:748)
2020-09-03 04:13:42,575 [RatisApplyTransactionExecutor 1] INFO  interfaces.Container (KeyValueContainer.java:flushAndSyncDB(382)) - Container 1 is synced with bcsId 2.
2020-09-03 04:13:42,575 [RatisApplyTransactionExecutor 1] INFO  interfaces.Container (KeyValueContainer.java:flushAndSyncDB(382)) - Container 1 is synced with bcsId 2.
2020-09-03 04:13:42,573 [grpc-default-executor-0] WARN  server.GrpcLogAppender (LogUtils.java:warn(122)) - e13fd705-75d3-468c-8ef7-28c6bf279fab@group-FE72CC1D36E9->ad0ceffe-a602-4ded-be69-e8c523abddec-AppendLogResponseHandler: Failed appendEntries: org.apache.ratis.thirdparty.io.grpc.StatusRuntimeException: UNAVAILABLE: io exception
2020-09-03 04:13:42,577 [grpc-default-executor-0] INFO  impl.FollowerInfo (FollowerInfo.java:lambda$new$0(51)) - e13fd705-75d3-468c-8ef7-28c6bf279fab@group-FE72CC1D36E9->ad0ceffe-a602-4ded-be69-e8c523abddec: nextIndex: updateUnconditionally 1 -> 0
2020-09-03 04:13:42,579 [Datanode State Machine Thread - 0] WARN  statemachine.DatanodeStateMachine (DatanodeStateMachine.java:start(233)) - Interrupt the execution.
java.lang.InterruptedException
	at java.util.concurrent.locks.AbstractQueuedSynchronizer$ConditionObject.reportInterruptAfterWait(AbstractQueuedSynchronizer.java:2014)
	at java.util.concurrent.locks.AbstractQueuedSynchronizer$ConditionObject.awaitNanos(AbstractQueuedSynchronizer.java:2088)
	at java.util.concurrent.LinkedBlockingQueue.poll(LinkedBlockingQueue.java:467)
	at java.util.concurrent.ExecutorCompletionService.poll(ExecutorCompletionService.java:202)
	at org.apache.hadoop.ozone.container.common.states.datanode.RunningDatanodeState.await(RunningDatanodeState.java:218)
	at org.apache.hadoop.ozone.container.common.states.datanode.RunningDatanodeState.await(RunningDatanodeState.java:50)
	at org.apache.hadoop.ozone.container.common.statemachine.StateContext.execute(StateContext.java:450)
	at org.apache.hadoop.ozone.container.common.statemachine.DatanodeStateMachine.start(DatanodeStateMachine.java:227)
	at org.apache.hadoop.ozone.container.common.statemachine.DatanodeStateMachine.lambda$startDaemon$0(DatanodeStateMachine.java:405)
	at java.lang.Thread.run(Thread.java:748)
2020-09-03 04:13:42,580 [grpc-default-executor-1] WARN  server.GrpcLogAppender (LogUtils.java:warn(122)) - e13fd705-75d3-468c-8ef7-28c6bf279fab@group-FE72CC1D36E9->ad0ceffe-a602-4ded-be69-e8c523abddec-AppendLogResponseHandler: Failed appendEntries: org.apache.ratis.thirdparty.io.grpc.StatusRuntimeException: UNAVAILABLE: io exception
2020-09-03 04:13:42,582 [grpc-default-executor-1] INFO  impl.FollowerInfo (FollowerInfo.java:lambda$new$0(51)) - e13fd705-75d3-468c-8ef7-28c6bf279fab@group-FE72CC1D36E9->ad0ceffe-a602-4ded-be69-e8c523abddec: nextIndex: updateUnconditionally 1 -> 0
2020-09-03 04:13:42,582 [RatisApplyTransactionExecutor 1] INFO  interfaces.Container (KeyValueContainer.java:flushAndSyncDB(382)) - Container 1 is synced with bcsId 2.
2020-09-03 04:13:42,582 [RatisApplyTransactionExecutor 1] INFO  interfaces.Container (KeyValueContainer.java:flushAndSyncDB(382)) - Container 1 is synced with bcsId 2.
2020-09-03 04:13:42,592 [RatisApplyTransactionExecutor 1] INFO  interfaces.Container (KeyValueContainer.java:close(320)) - Container 1 is closed with bcsId 2.
2020-09-03 04:13:42,592 [Datanode State Machine Thread - 0] WARN  statemachine.DatanodeStateMachine (DatanodeStateMachine.java:start(245)) - Interrupt the execution.
java.lang.InterruptedException: sleep interrupted
	at java.lang.Thread.sleep(Native Method)
	at org.apache.hadoop.ozone.container.common.statemachine.DatanodeStateMachine.start(DatanodeStateMachine.java:243)
	at org.apache.hadoop.ozone.container.common.statemachine.DatanodeStateMachine.lambda$startDaemon$0(DatanodeStateMachine.java:405)
	at java.lang.Thread.run(Thread.java:748)
2020-09-03 04:13:42,593 [RatisApplyTransactionExecutor 1] INFO  interfaces.Container (KeyValueContainer.java:close(320)) - Container 1 is closed with bcsId 2.
2020-09-03 04:13:42,593 [EventQueue-IncrementalContainerReportForIncrementalContainerReportHandler] INFO  container.IncrementalContainerReportHandler (AbstractContainerReportHandler.java:updateContainerState(207)) - Moving container #1 to CLOSED state, datanode b97e6e52-2f4d-4bd9-8513-2974999c5278{ip: 172.17.0.2, host: 90479f4426fb, networkLocation: /default-rack, certSerialId: null} reported CLOSED replica.
2020-09-03 04:13:42,594 [Datanode State Machine Thread - 0] WARN  statemachine.DatanodeStateMachine (DatanodeStateMachine.java:start(245)) - Interrupt the execution.
java.lang.InterruptedException: sleep interrupted
	at java.lang.Thread.sleep(Native Method)
	at org.apache.hadoop.ozone.container.common.statemachine.DatanodeStateMachine.start(DatanodeStateMachine.java:243)
	at org.apache.hadoop.ozone.container.common.statemachine.DatanodeStateMachine.lambda$startDaemon$0(DatanodeStateMachine.java:405)
	at java.lang.Thread.run(Thread.java:748)
2020-09-03 04:13:42,965 [IPC Server handler 0 on default port 34569] INFO  server.SCMBlockProtocolServer (SCMBlockProtocolServer.java:deleteKeyBlocks(220)) - SCM is informed by OM to delete 1 blocks
2020-09-03 04:13:42,966 [IPC Server handler 0 on default port 34569] INFO  block.BlockManagerImpl (BlockManagerImpl.java:deleteBlocks(296)) - Deleting blocks conID: 1 locID: 104799037901832192 bcsId: 0
2020-09-03 04:13:43,148 [BlockDeletingService#2] WARN  background.BlockDeletingService (BlockDeletingService.java:isDeletionAllowed(186)) - Close Container log Index 2 is not replicated across all the servers in the pipeline 0e20fda2-f9a4-42ec-adb3-fe72cc1d36e9 as the min replicated index is 0. Deletion is not allowed in this container yet.
2020-09-03 04:13:43,304 [BlockDeletingService#2] WARN  background.BlockDeletingService (BlockDeletingService.java:isDeletionAllowed(186)) - Close Container log Index 2 is not replicated across all the servers in the pipeline 0e20fda2-f9a4-42ec-adb3-fe72cc1d36e9 as the min replicated index is 0. Deletion is not allowed in this container yet.
2020-09-03 04:13:43,888 [SCMBlockDeletingService#1] INFO  block.SCMBlockDeletingService (SCMBlockDeletingService.java:call(181)) - Totally added 2 delete blocks command for 2 datanodes, task elapsed time: 6ms
2020-09-03 04:13:43,889 [CommandWatcher-LeaseManager#LeaseMonitor] ERROR lease.LeaseManager (LeaseManager.java:run(238)) - Execution was interrupted 
java.lang.InterruptedException: sleep interrupted
	at java.lang.Thread.sleep(Native Method)
	at org.apache.hadoop.ozone.lease.LeaseManager$LeaseMonitor.run(LeaseManager.java:234)
	at java.lang.Thread.run(Thread.java:748)
2020-09-03 04:13:44,149 [BlockDeletingService#2] WARN  background.BlockDeletingService (BlockDeletingService.java:isDeletionAllowed(186)) - Close Container log Index 2 is not replicated across all the servers in the pipeline 0e20fda2-f9a4-42ec-adb3-fe72cc1d36e9 as the min replicated index is 0. Deletion is not allowed in this container yet.
2020-09-03 04:13:44,197 [Command processor thread] INFO  commandhandler.DeleteBlocksCommandHandler (DeleteBlocksCommandHandler.java:handle(108)) - Start to delete container blocks, TXIDs=[1(0)], numOfContainers=1, numOfBlocks=1
]]></system-out>
  </testcase>
</testsuite>