<?xml version="1.0" encoding="UTF-8"?>
<testsuite xmlns:xsi="http://www.w3.org/2001/XMLSchema-instance" xsi:noNamespaceSchemaLocation="https://maven.apache.org/surefire/maven-surefire-plugin/xsd/surefire-test-report.xsd" name="org.apache.hadoop.ozone.client.rpc.TestContainerStateMachineFailures" time="110.722" tests="5" errors="0" skipped="0" failures="1">
  <properties>
    <property name="awt.toolkit" value="sun.awt.X11.XToolkit"/>
    <property name="file.encoding.pkg" value="sun.io"/>
    <property name="java.specification.version" value="1.8"/>
    <property name="sun.cpu.isalist" value=""/>
    <property name="sun.jnu.encoding" value="UTF-8"/>
    <property name="java.class.path" value="/home/runner/work/ozone/ozone/hadoop-ozone/integration-test/target/test-classes:/home/runner/work/ozone/ozone/hadoop-ozone/integration-test/target/classes:/home/runner/.m2/repository/org/apache/ozone/ozone-common/1.2.0-SNAPSHOT/ozone-common-1.2.0-SNAPSHOT.jar:/home/runner/.m2/repository/org/apache/commons/commons-compress/1.20/commons-compress-1.20.jar:/home/runner/.m2/repository/org/apache/ozone/hdds-common/1.2.0-SNAPSHOT/hdds-common-1.2.0-SNAPSHOT.jar:/home/runner/.m2/repository/org/apache/ozone/hdds-client/1.2.0-SNAPSHOT/hdds-client-1.2.0-SNAPSHOT.jar:/home/runner/.m2/repository/org/apache/ozone/ozone-interface-client/1.2.0-SNAPSHOT/ozone-interface-client-1.2.0-SNAPSHOT.jar:/home/runner/.m2/repository/org/apache/ozone/hdds-server-framework/1.2.0-SNAPSHOT/hdds-server-framework-1.2.0-SNAPSHOT.jar:/home/runner/.m2/repository/org/apache/ozone/hdds-interface-server/1.2.0-SNAPSHOT/hdds-interface-server-1.2.0-SNAPSHOT.jar:/home/runner/.m2/repository/org/eclipse/jetty/jetty-servlet/9.4.43.v20210629/jetty-servlet-9.4.43.v20210629.jar:/home/runner/.m2/repository/org/eclipse/jetty/jetty-security/9.4.43.v20210629/jetty-security-9.4.43.v20210629.jar:/home/runner/.m2/repository/org/rocksdb/rocksdbjni/6.20.3/rocksdbjni-6.20.3.jar:/home/runner/.m2/repository/io/prometheus/simpleclient_dropwizard/0.7.0/simpleclient_dropwizard-0.7.0.jar:/home/runner/.m2/repository/io/prometheus/simpleclient/0.7.0/simpleclient-0.7.0.jar:/home/runner/.m2/repository/io/prometheus/simpleclient_common/0.7.0/simpleclient_common-0.7.0.jar:/home/runner/.m2/repository/com/fasterxml/jackson/datatype/jackson-datatype-jsr310/2.12.1/jackson-datatype-jsr310-2.12.1.jar:/home/runner/.m2/repository/org/apache/ozone/hdds-test-utils/1.2.0-SNAPSHOT/hdds-test-utils-1.2.0-SNAPSHOT.jar:/home/runner/.m2/repository/com/google/guava/guava/30.1.1-jre/guava-30.1.1-jre.jar:/home/runner/.m2/repository/com/google/guava/failureaccess/1.0.1/failureaccess-1.0.1.jar:/home/runner/.m2/repository/com/google/guava/listenablefuture/9999.0-empty-to-avoid-conflict-with-guava/listenablefuture-9999.0-empty-to-avoid-conflict-with-guava.jar:/home/runner/.m2/repository/com/google/code/findbugs/jsr305/3.0.0/jsr305-3.0.0.jar:/home/runner/.m2/repository/org/checkerframework/checker-qual/3.8.0/checker-qual-3.8.0.jar:/home/runner/.m2/repository/com/google/errorprone/error_prone_annotations/2.2.0/error_prone_annotations-2.2.0.jar:/home/runner/.m2/repository/com/google/j2objc/j2objc-annotations/1.3/j2objc-annotations-1.3.jar:/home/runner/.m2/repository/commons-io/commons-io/2.11.0/commons-io-2.11.0.jar:/home/runner/.m2/repository/commons-logging/commons-logging/1.2/commons-logging-1.2.jar:/home/runner/.m2/repository/log4j/log4j/1.2.17/log4j-1.2.17.jar:/home/runner/.m2/repository/org/slf4j/slf4j-api/1.7.30/slf4j-api-1.7.30.jar:/home/runner/.m2/repository/org/apache/ozone/hdds-server-scm/1.2.0-SNAPSHOT/hdds-server-scm-1.2.0-SNAPSHOT.jar:/home/runner/.m2/repository/org/apache/ozone/hdds-container-service/1.2.0-SNAPSHOT/hdds-container-service-1.2.0-SNAPSHOT.jar:/home/runner/.m2/repository/org/apache/ozone/hdds-hadoop-dependency-server/1.2.0-SNAPSHOT/hdds-hadoop-dependency-server-1.2.0-SNAPSHOT.jar:/home/runner/.m2/repository/org/apache/hadoop/hadoop-hdfs/3.3.1/hadoop-hdfs-3.3.1.jar:/home/runner/.m2/repository/io/dropwizard/metrics/metrics-core/3.2.4/metrics-core-3.2.4.jar:/home/runner/.m2/repository/org/apache/hadoop/hadoop-hdfs-client/3.3.1/hadoop-hdfs-client-3.3.1.jar:/home/runner/.m2/repository/org/bouncycastle/bcprov-jdk15on/1.67/bcprov-jdk15on-1.67.jar:/home/runner/.m2/repository/com/google/protobuf/protobuf-java/2.5.0/protobuf-java-2.5.0.jar:/home/runner/.m2/repository/org/apache/ozone/ozone-manager/1.2.0-SNAPSHOT/ozone-manager-1.2.0-SNAPSHOT.jar:/home/runner/.m2/repository/org/aspectj/aspectjrt/1.9.7/aspectjrt-1.9.7.jar:/home/runner/.m2/repository/org/aspectj/aspectjweaver/1.9.7/aspectjweaver-1.9.7.jar:/home/runner/.m2/repository/org/apache/ozone/hdds-interface-client/1.2.0-SNAPSHOT/hdds-interface-client-1.2.0-SNAPSHOT.jar:/home/runner/.m2/repository/org/apache/hadoop/thirdparty/hadoop-shaded-protobuf_3_7/1.1.1/hadoop-shaded-protobuf_3_7-1.1.1.jar:/home/runner/.m2/repository/org/apache/ozone/ozone-interface-storage/1.2.0-SNAPSHOT/ozone-interface-storage-1.2.0-SNAPSHOT.jar:/home/runner/.m2/repository/org/reflections/reflections/0.9.11/reflections-0.9.11.jar:/home/runner/.m2/repository/org/apache/hadoop/hadoop-minikdc/3.3.1/hadoop-minikdc-3.3.1.jar:/home/runner/.m2/repository/org/apache/kerby/kerb-simplekdc/1.0.1/kerb-simplekdc-1.0.1.jar:/home/runner/.m2/repository/org/apache/kerby/kerb-client/1.0.1/kerb-client-1.0.1.jar:/home/runner/.m2/repository/org/apache/kerby/kerby-config/1.0.1/kerby-config-1.0.1.jar:/home/runner/.m2/repository/org/apache/kerby/kerb-common/1.0.1/kerb-common-1.0.1.jar:/home/runner/.m2/repository/org/apache/kerby/kerb-crypto/1.0.1/kerb-crypto-1.0.1.jar:/home/runner/.m2/repository/org/apache/kerby/kerb-util/1.0.1/kerb-util-1.0.1.jar:/home/runner/.m2/repository/org/apache/kerby/token-provider/1.0.1/token-provider-1.0.1.jar:/home/runner/.m2/repository/org/apache/kerby/kerb-admin/1.0.1/kerb-admin-1.0.1.jar:/home/runner/.m2/repository/org/apache/kerby/kerb-server/1.0.1/kerb-server-1.0.1.jar:/home/runner/.m2/repository/org/apache/kerby/kerb-identity/1.0.1/kerb-identity-1.0.1.jar:/home/runner/.m2/repository/org/apache/kerby/kerby-xdr/1.0.1/kerby-xdr-1.0.1.jar:/home/runner/.m2/repository/org/slf4j/slf4j-log4j12/1.7.30/slf4j-log4j12-1.7.30.jar:/home/runner/.m2/repository/org/apache/ozone/ozone-s3gateway/1.2.0-SNAPSHOT/ozone-s3gateway-1.2.0-SNAPSHOT.jar:/home/runner/.m2/repository/org/javassist/javassist/3.21.0-GA/javassist-3.21.0-GA.jar:/home/runner/.m2/repository/org/jboss/weld/servlet/weld-servlet/2.4.7.Final/weld-servlet-2.4.7.Final.jar:/home/runner/.m2/repository/org/glassfish/jersey/containers/jersey-container-servlet-core/2.33/jersey-container-servlet-core-2.33.jar:/home/runner/.m2/repository/org/glassfish/hk2/external/jakarta.inject/2.6.1/jakarta.inject-2.6.1.jar:/home/runner/.m2/repository/org/glassfish/jersey/core/jersey-common/2.33/jersey-common-2.33.jar:/home/runner/.m2/repository/jakarta/ws/rs/jakarta.ws.rs-api/2.1.6/jakarta.ws.rs-api-2.1.6.jar:/home/runner/.m2/repository/org/glassfish/jersey/ext/cdi/jersey-cdi1x/2.33/jersey-cdi1x-2.33.jar:/home/runner/.m2/repository/org/glassfish/jersey/inject/jersey-hk2/2.33/jersey-hk2-2.33.jar:/home/runner/.m2/repository/org/glassfish/hk2/hk2-locator/2.6.1/hk2-locator-2.6.1.jar:/home/runner/.m2/repository/org/glassfish/jersey/media/jersey-media-jaxb/2.33/jersey-media-jaxb-2.33.jar:/home/runner/.m2/repository/org/glassfish/hk2/osgi-resource-locator/1.0.3/osgi-resource-locator-1.0.3.jar:/home/runner/.m2/repository/org/glassfish/hk2/hk2-api/2.5.0/hk2-api-2.5.0.jar:/home/runner/.m2/repository/org/glassfish/hk2/hk2-utils/2.5.0/hk2-utils-2.5.0.jar:/home/runner/.m2/repository/org/glassfish/hk2/external/aopalliance-repackaged/2.5.0/aopalliance-repackaged-2.5.0.jar:/home/runner/.m2/repository/com/fasterxml/jackson/dataformat/jackson-dataformat-xml/2.12.1/jackson-dataformat-xml-2.12.1.jar:/home/runner/.m2/repository/com/fasterxml/jackson/core/jackson-core/2.12.1/jackson-core-2.12.1.jar:/home/runner/.m2/repository/com/fasterxml/jackson/module/jackson-module-jaxb-annotations/2.12.1/jackson-module-jaxb-annotations-2.12.1.jar:/home/runner/.m2/repository/jakarta/xml/bind/jakarta.xml.bind-api/2.3.2/jakarta.xml.bind-api-2.3.2.jar:/home/runner/.m2/repository/org/codehaus/woodstox/stax2-api/3.1.4/stax2-api-3.1.4.jar:/home/runner/.m2/repository/com/fasterxml/woodstox/woodstox-core/5.0.3/woodstox-core-5.0.3.jar:/home/runner/.m2/repository/javax/enterprise/cdi-api/1.2/cdi-api-1.2.jar:/home/runner/.m2/repository/javax/el/javax.el-api/3.0.0/javax.el-api-3.0.0.jar:/home/runner/.m2/repository/javax/interceptor/javax.interceptor-api/1.2/javax.interceptor-api-1.2.jar:/home/runner/.m2/repository/javax/inject/javax.inject/1/javax.inject-1.jar:/home/runner/.m2/repository/javax/xml/bind/jaxb-api/2.3.0/jaxb-api-2.3.0.jar:/home/runner/.m2/repository/org/glassfish/jaxb/jaxb-runtime/2.3.0.1/jaxb-runtime-2.3.0.1.jar:/home/runner/.m2/repository/org/glassfish/jaxb/jaxb-core/2.3.0.1/jaxb-core-2.3.0.1.jar:/home/runner/.m2/repository/org/glassfish/jaxb/txw2/2.3.0.1/txw2-2.3.0.1.jar:/home/runner/.m2/repository/com/sun/istack/istack-commons-runtime/3.0.5/istack-commons-runtime-3.0.5.jar:/home/runner/.m2/repository/org/jvnet/staxex/stax-ex/1.7.8/stax-ex-1.7.8.jar:/home/runner/.m2/repository/com/sun/xml/fastinfoset/FastInfoset/1.2.13/FastInfoset-1.2.13.jar:/home/runner/.m2/repository/javax/activation/activation/1.1.1/activation-1.1.1.jar:/home/runner/.m2/repository/org/apache/ozone/ozone-csi/1.2.0-SNAPSHOT/ozone-csi-1.2.0-SNAPSHOT.jar:/home/runner/.m2/repository/com/google/protobuf/protobuf-java-util/3.12.0/protobuf-java-util-3.12.0.jar:/home/runner/.m2/repository/com/google/code/gson/gson/2.2.4/gson-2.2.4.jar:/home/runner/.m2/repository/org/apache/ozone/hdds-config/1.2.0-SNAPSHOT/hdds-config-1.2.0-SNAPSHOT.jar:/home/runner/.m2/repository/io/grpc/grpc-netty/1.33.0/grpc-netty-1.33.0.jar:/home/runner/.m2/repository/io/grpc/grpc-core/1.33.0/grpc-core-1.33.0.jar:/home/runner/.m2/repository/com/google/android/annotations/4.1.1.4/annotations-4.1.1.4.jar:/home/runner/.m2/repository/io/netty/netty-codec-http2/4.1.63.Final/netty-codec-http2-4.1.63.Final.jar:/home/runner/.m2/repository/io/netty/netty-codec-http/4.1.63.Final/netty-codec-http-4.1.63.Final.jar:/home/runner/.m2/repository/io/netty/netty-handler-proxy/4.1.63.Final/netty-handler-proxy-4.1.63.Final.jar:/home/runner/.m2/repository/io/netty/netty-codec-socks/4.1.63.Final/netty-codec-socks-4.1.63.Final.jar:/home/runner/.m2/repository/io/perfmark/perfmark-api/0.19.0/perfmark-api-0.19.0.jar:/home/runner/.m2/repository/org/codehaus/mojo/animal-sniffer-annotations/1.18/animal-sniffer-annotations-1.18.jar:/home/runner/.m2/repository/io/netty/netty-transport-native-epoll/4.1.63.Final/netty-transport-native-epoll-4.1.63.Final.jar:/home/runner/.m2/repository/io/netty/netty-common/4.1.63.Final/netty-common-4.1.63.Final.jar:/home/runner/.m2/repository/io/netty/netty-buffer/4.1.63.Final/netty-buffer-4.1.63.Final.jar:/home/runner/.m2/repository/io/netty/netty-transport-native-unix-common/4.1.63.Final/netty-transport-native-unix-common-4.1.63.Final.jar:/home/runner/.m2/repository/io/grpc/grpc-protobuf/1.33.0/grpc-protobuf-1.33.0.jar:/home/runner/.m2/repository/io/grpc/grpc-api/1.33.0/grpc-api-1.33.0.jar:/home/runner/.m2/repository/io/grpc/grpc-context/1.33.0/grpc-context-1.33.0.jar:/home/runner/.m2/repository/com/google/api/grpc/proto-google-common-protos/1.17.0/proto-google-common-protos-1.17.0.jar:/home/runner/.m2/repository/io/grpc/grpc-protobuf-lite/1.33.0/grpc-protobuf-lite-1.33.0.jar:/home/runner/.m2/repository/io/grpc/grpc-stub/1.33.0/grpc-stub-1.33.0.jar:/home/runner/.m2/repository/org/apache/ozone/ozone-recon/1.2.0-SNAPSHOT/ozone-recon-1.2.0-SNAPSHOT.jar:/home/runner/.m2/repository/org/apache/ozone/ozone-reconcodegen/1.2.0-SNAPSHOT/ozone-reconcodegen-1.2.0-SNAPSHOT.jar:/home/runner/.m2/repository/com/google/inject/extensions/guice-multibindings/4.0/guice-multibindings-4.0.jar:/home/runner/.m2/repository/com/google/inject/guice/4.0/guice-4.0.jar:/home/runner/.m2/repository/aopalliance/aopalliance/1.0/aopalliance-1.0.jar:/home/runner/.m2/repository/com/google/inject/extensions/guice-assistedinject/4.0/guice-assistedinject-4.0.jar:/home/runner/.m2/repository/com/google/inject/extensions/guice-servlet/4.0/guice-servlet-4.0.jar:/home/runner/.m2/repository/org/glassfish/jersey/containers/jersey-container-servlet/2.33/jersey-container-servlet-2.33.jar:/home/runner/.m2/repository/org/glassfish/hk2/guice-bridge/2.5.0/guice-bridge-2.5.0.jar:/home/runner/.m2/repository/org/glassfish/jersey/core/jersey-server/2.33/jersey-server-2.33.jar:/home/runner/.m2/repository/org/glassfish/jersey/core/jersey-client/2.33/jersey-client-2.33.jar:/home/runner/.m2/repository/jakarta/annotation/jakarta.annotation-api/1.3.5/jakarta.annotation-api-1.3.5.jar:/home/runner/.m2/repository/jakarta/validation/jakarta.validation-api/2.0.2/jakarta.validation-api-2.0.2.jar:/home/runner/.m2/repository/org/glassfish/jersey/media/jersey-media-json-jackson/2.33/jersey-media-json-jackson-2.33.jar:/home/runner/.m2/repository/org/glassfish/jersey/ext/jersey-entity-filtering/2.33/jersey-entity-filtering-2.33.jar:/home/runner/.m2/repository/org/jooq/jooq/3.11.10/jooq-3.11.10.jar:/home/runner/.m2/repository/org/jooq/jooq-meta/3.11.10/jooq-meta-3.11.10.jar:/home/runner/.m2/repository/org/jooq/jooq-codegen/3.11.10/jooq-codegen-3.11.10.jar:/home/runner/.m2/repository/com/jolbox/bonecp/0.8.0.RELEASE/bonecp-0.8.0.RELEASE.jar:/home/runner/.m2/repository/org/apache/derby/derby/10.14.2.0/derby-10.14.2.0.jar:/home/runner/.m2/repository/org/xerial/sqlite-jdbc/3.25.2/sqlite-jdbc-3.25.2.jar:/home/runner/.m2/repository/org/springframework/spring-jdbc/5.2.11.RELEASE/spring-jdbc-5.2.11.RELEASE.jar:/home/runner/.m2/repository/org/springframework/spring-beans/5.2.11.RELEASE/spring-beans-5.2.11.RELEASE.jar:/home/runner/.m2/repository/org/springframework/spring-core/5.2.11.RELEASE/spring-core-5.2.11.RELEASE.jar:/home/runner/.m2/repository/org/springframework/spring-jcl/5.2.11.RELEASE/spring-jcl-5.2.11.RELEASE.jar:/home/runner/.m2/repository/org/springframework/spring-tx/5.2.11.RELEASE/spring-tx-5.2.11.RELEASE.jar:/home/runner/.m2/repository/org/apache/ozone/ozone-client/1.2.0-SNAPSHOT/ozone-client-1.2.0-SNAPSHOT.jar:/home/runner/.m2/repository/org/apache/ozone/ozone-filesystem/1.2.0-SNAPSHOT/ozone-filesystem-1.2.0-SNAPSHOT.jar:/home/runner/.m2/repository/org/apache/ozone/ozone-filesystem-common/1.2.0-SNAPSHOT/ozone-filesystem-common-1.2.0-SNAPSHOT.jar:/home/runner/.m2/repository/org/apache/ozone/ozone-tools/1.2.0-SNAPSHOT/ozone-tools-1.2.0-SNAPSHOT.jar:/home/runner/.m2/repository/org/apache/ratis/ratis-tools/2.1.0-03f3b68-SNAPSHOT/ratis-tools-2.1.0-03f3b68-SNAPSHOT.jar:/home/runner/.m2/repository/com/amazonaws/aws-java-sdk-core/1.11.901/aws-java-sdk-core-1.11.901.jar:/home/runner/.m2/repository/org/apache/httpcomponents/httpclient/4.5.13/httpclient-4.5.13.jar:/home/runner/.m2/repository/org/apache/httpcomponents/httpcore/4.4.13/httpcore-4.4.13.jar:/home/runner/.m2/repository/software/amazon/ion/ion-java/1.0.2/ion-java-1.0.2.jar:/home/runner/.m2/repository/com/fasterxml/jackson/dataformat/jackson-dataformat-cbor/2.12.1/jackson-dataformat-cbor-2.12.1.jar:/home/runner/.m2/repository/joda-time/joda-time/2.8.1/joda-time-2.8.1.jar:/home/runner/.m2/repository/com/amazonaws/aws-java-sdk-s3/1.11.901/aws-java-sdk-s3-1.11.901.jar:/home/runner/.m2/repository/com/amazonaws/aws-java-sdk-kms/1.11.901/aws-java-sdk-kms-1.11.901.jar:/home/runner/.m2/repository/com/amazonaws/jmespath-java/1.11.901/jmespath-java-1.11.901.jar:/home/runner/.m2/repository/org/kohsuke/metainf-services/metainf-services/1.8/metainf-services-1.8.jar:/home/runner/.m2/repository/org/apache/ozone/hdds-tools/1.2.0-SNAPSHOT/hdds-tools-1.2.0-SNAPSHOT.jar:/home/runner/.m2/repository/commons-cli/commons-cli/1.2/commons-cli-1.2.jar:/home/runner/.m2/repository/org/apache/commons/commons-lang3/3.7/commons-lang3-3.7.jar:/home/runner/.m2/repository/org/apache/ozone/ozone-manager/1.2.0-SNAPSHOT/ozone-manager-1.2.0-SNAPSHOT-tests.jar:/home/runner/.m2/repository/org/apache/ozone/hdds-common/1.2.0-SNAPSHOT/hdds-common-1.2.0-SNAPSHOT-tests.jar:/home/runner/.m2/repository/org/apache/ozone/hdds-hadoop-dependency-client/1.2.0-SNAPSHOT/hdds-hadoop-dependency-client-1.2.0-SNAPSHOT.jar:/home/runner/.m2/repository/info/picocli/picocli/4.6.1/picocli-4.6.1.jar:/home/runner/.m2/repository/com/fasterxml/jackson/core/jackson-annotations/2.12.1/jackson-annotations-2.12.1.jar:/home/runner/.m2/repository/javax/annotation/javax.annotation-api/1.2/javax.annotation-api-1.2.jar:/home/runner/.m2/repository/org/apache/ratis/ratis-server/2.1.0-03f3b68-SNAPSHOT/ratis-server-2.1.0-03f3b68-SNAPSHOT.jar:/home/runner/.m2/repository/org/apache/ratis/ratis-client/2.1.0-03f3b68-SNAPSHOT/ratis-client-2.1.0-03f3b68-SNAPSHOT.jar:/home/runner/.m2/repository/org/apache/ratis/ratis-server-api/2.1.0-03f3b68-SNAPSHOT/ratis-server-api-2.1.0-03f3b68-SNAPSHOT.jar:/home/runner/.m2/repository/org/apache/ratis/ratis-metrics/2.1.0-03f3b68-SNAPSHOT/ratis-metrics-2.1.0-03f3b68-SNAPSHOT.jar:/home/runner/.m2/repository/org/apache/ratis/ratis-netty/2.1.0-03f3b68-SNAPSHOT/ratis-netty-2.1.0-03f3b68-SNAPSHOT.jar:/home/runner/.m2/repository/org/apache/ratis/ratis-grpc/2.1.0-03f3b68-SNAPSHOT/ratis-grpc-2.1.0-03f3b68-SNAPSHOT.jar:/home/runner/.m2/repository/org/apache/logging/log4j/log4j-api/2.13.3/log4j-api-2.13.3.jar:/home/runner/.m2/repository/org/apache/logging/log4j/log4j-core/2.13.3/log4j-core-2.13.3.jar:/home/runner/.m2/repository/com/lmax/disruptor/3.4.2/disruptor-3.4.2.jar:/home/runner/.m2/repository/org/apache/commons/commons-pool2/2.6.0/commons-pool2-2.6.0.jar:/home/runner/.m2/repository/org/bouncycastle/bcpkix-jdk15on/1.67/bcpkix-jdk15on-1.67.jar:/home/runner/.m2/repository/commons-validator/commons-validator/1.6/commons-validator-1.6.jar:/home/runner/.m2/repository/commons-beanutils/commons-beanutils/1.9.4/commons-beanutils-1.9.4.jar:/home/runner/.m2/repository/commons-digester/commons-digester/1.8.1/commons-digester-1.8.1.jar:/home/runner/.m2/repository/commons-collections/commons-collections/3.2.2/commons-collections-3.2.2.jar:/home/runner/.m2/repository/io/jaegertracing/jaeger-client/1.6.0/jaeger-client-1.6.0.jar:/home/runner/.m2/repository/io/jaegertracing/jaeger-thrift/1.6.0/jaeger-thrift-1.6.0.jar:/home/runner/.m2/repository/org/apache/thrift/libthrift/0.14.1/libthrift-0.14.1.jar:/home/runner/.m2/repository/com/squareup/okhttp3/okhttp/4.9.0/okhttp-4.9.0.jar:/home/runner/.m2/repository/com/squareup/okio/okio/2.8.0/okio-2.8.0.jar:/home/runner/.m2/repository/io/jaegertracing/jaeger-core/1.6.0/jaeger-core-1.6.0.jar:/home/runner/.m2/repository/io/jaegertracing/jaeger-tracerresolver/1.6.0/jaeger-tracerresolver-1.6.0.jar:/home/runner/.m2/repository/io/opentracing/contrib/opentracing-tracerresolver/0.1.8/opentracing-tracerresolver-0.1.8.jar:/home/runner/.m2/repository/org/jetbrains/kotlin/kotlin-stdlib/1.4.31/kotlin-stdlib-1.4.31.jar:/home/runner/.m2/repository/org/jetbrains/kotlin/kotlin-stdlib-common/1.4.31/kotlin-stdlib-common-1.4.31.jar:/home/runner/.m2/repository/org/jetbrains/annotations/13.0/annotations-13.0.jar:/home/runner/.m2/repository/io/opentracing/opentracing-util/0.33.0/opentracing-util-0.33.0.jar:/home/runner/.m2/repository/io/opentracing/opentracing-api/0.33.0/opentracing-api-0.33.0.jar:/home/runner/.m2/repository/io/opentracing/opentracing-noop/0.33.0/opentracing-noop-0.33.0.jar:/home/runner/.m2/repository/org/yaml/snakeyaml/1.26/snakeyaml-1.26.jar:/home/runner/.m2/repository/org/apache/ozone/hdds-interface-admin/1.2.0-SNAPSHOT/hdds-interface-admin-1.2.0-SNAPSHOT.jar:/home/runner/.m2/repository/junit/junit/4.13.1/junit-4.13.1.jar:/home/runner/.m2/repository/org/hamcrest/hamcrest-core/1.3/hamcrest-core-1.3.jar:/home/runner/.m2/repository/org/junit/jupiter/junit-jupiter-api/5.7.0/junit-jupiter-api-5.7.0.jar:/home/runner/.m2/repository/org/apiguardian/apiguardian-api/1.1.0/apiguardian-api-1.1.0.jar:/home/runner/.m2/repository/org/opentest4j/opentest4j/1.2.0/opentest4j-1.2.0.jar:/home/runner/.m2/repository/org/junit/platform/junit-platform-commons/1.7.0/junit-platform-commons-1.7.0.jar:/home/runner/.m2/repository/org/junit/jupiter/junit-jupiter-engine/5.7.0/junit-jupiter-engine-5.7.0.jar:/home/runner/.m2/repository/org/junit/platform/junit-platform-engine/1.7.0/junit-platform-engine-1.7.0.jar:/home/runner/.m2/repository/org/junit/vintage/junit-vintage-engine/5.7.0/junit-vintage-engine-5.7.0.jar:/home/runner/.m2/repository/org/junit/platform/junit-platform-launcher/1.7.0/junit-platform-launcher-1.7.0.jar:/home/runner/.m2/repository/org/openjdk/jmh/jmh-core/1.19/jmh-core-1.19.jar:/home/runner/.m2/repository/net/sf/jopt-simple/jopt-simple/4.6/jopt-simple-4.6.jar:/home/runner/.m2/repository/org/apache/commons/commons-math3/3.1.1/commons-math3-3.1.1.jar:/home/runner/.m2/repository/org/openjdk/jmh/jmh-generator-annprocess/1.19/jmh-generator-annprocess-1.19.jar:/home/runner/.m2/repository/org/mockito/mockito-core/2.28.2/mockito-core-2.28.2.jar:/home/runner/.m2/repository/net/bytebuddy/byte-buddy/1.9.10/byte-buddy-1.9.10.jar:/home/runner/.m2/repository/net/bytebuddy/byte-buddy-agent/1.9.10/byte-buddy-agent-1.9.10.jar:/home/runner/.m2/repository/org/objenesis/objenesis/1.0/objenesis-1.0.jar:/home/runner/.m2/repository/org/apache/hadoop/hadoop-kms/3.3.1/hadoop-kms-3.3.1.jar:/home/runner/.m2/repository/org/apache/hadoop/hadoop-auth/3.3.1/hadoop-auth-3.3.1.jar:/home/runner/.m2/repository/com/nimbusds/nimbus-jose-jwt/7.9/nimbus-jose-jwt-7.9.jar:/home/runner/.m2/repository/com/github/stephenc/jcip/jcip-annotations/1.0-1/jcip-annotations-1.0-1.jar:/home/runner/.m2/repository/net/minidev/json-smart/2.3/json-smart-2.3.jar:/home/runner/.m2/repository/net/minidev/accessors-smart/1.2/accessors-smart-1.2.jar:/home/runner/.m2/repository/org/ow2/asm/asm/5.0.4/asm-5.0.4.jar:/home/runner/.m2/repository/org/apache/zookeeper/zookeeper/3.5.6/zookeeper-3.5.6.jar:/home/runner/.m2/repository/org/apache/zookeeper/zookeeper-jute/3.5.6/zookeeper-jute-3.5.6.jar:/home/runner/.m2/repository/org/apache/yetus/audience-annotations/0.5.0/audience-annotations-0.5.0.jar:/home/runner/.m2/repository/org/apache/curator/curator-framework/4.2.0/curator-framework-4.2.0.jar:/home/runner/.m2/repository/org/apache/hadoop/thirdparty/hadoop-shaded-guava/1.1.1/hadoop-shaded-guava-1.1.1.jar:/home/runner/.m2/repository/com/sun/jersey/jersey-core/1.19/jersey-core-1.19.jar:/home/runner/.m2/repository/javax/ws/rs/jsr311-api/1.1.1/jsr311-api-1.1.1.jar:/home/runner/.m2/repository/com/sun/jersey/jersey-server/1.19/jersey-server-1.19.jar:/home/runner/.m2/repository/javax/servlet/javax.servlet-api/3.1.0/javax.servlet-api-3.1.0.jar:/home/runner/.m2/repository/org/eclipse/jetty/jetty-server/9.4.43.v20210629/jetty-server-9.4.43.v20210629.jar:/home/runner/.m2/repository/org/eclipse/jetty/jetty-http/9.4.43.v20210629/jetty-http-9.4.43.v20210629.jar:/home/runner/.m2/repository/org/eclipse/jetty/jetty-io/9.4.43.v20210629/jetty-io-9.4.43.v20210629.jar:/home/runner/.m2/repository/org/eclipse/jetty/jetty-webapp/9.4.43.v20210629/jetty-webapp-9.4.43.v20210629.jar:/home/runner/.m2/repository/org/eclipse/jetty/jetty-xml/9.4.43.v20210629/jetty-xml-9.4.43.v20210629.jar:/home/runner/.m2/repository/org/apache/hadoop/hadoop-common/3.3.1/hadoop-common-3.3.1.jar:/home/runner/.m2/repository/commons-net/commons-net/3.6/commons-net-3.6.jar:/home/runner/.m2/repository/jakarta/activation/jakarta.activation-api/1.2.1/jakarta.activation-api-1.2.1.jar:/home/runner/.m2/repository/com/sun/jersey/jersey-servlet/1.19/jersey-servlet-1.19.jar:/home/runner/.m2/repository/com/sun/jersey/jersey-json/1.19/jersey-json-1.19.jar:/home/runner/.m2/repository/org/codehaus/jettison/jettison/1.1/jettison-1.1.jar:/home/runner/.m2/repository/com/sun/xml/bind/jaxb-impl/2.2.3-1/jaxb-impl-2.2.3-1.jar:/home/runner/.m2/repository/org/codehaus/jackson/jackson-jaxrs/1.9.2/jackson-jaxrs-1.9.2.jar:/home/runner/.m2/repository/org/codehaus/jackson/jackson-xc/1.9.2/jackson-xc-1.9.2.jar:/home/runner/.m2/repository/org/apache/commons/commons-configuration2/2.1.1/commons-configuration2-2.1.1.jar:/home/runner/.m2/repository/org/apache/commons/commons-text/1.4/commons-text-1.4.jar:/home/runner/.m2/repository/com/google/re2j/re2j/1.1/re2j-1.1.jar:/home/runner/.m2/repository/com/jcraft/jsch/0.1.54/jsch-0.1.54.jar:/home/runner/.m2/repository/org/apache/curator/curator-client/4.2.0/curator-client-4.2.0.jar:/home/runner/.m2/repository/org/apache/curator/curator-recipes/4.2.0/curator-recipes-4.2.0.jar:/home/runner/.m2/repository/org/apache/kerby/kerb-core/1.0.1/kerb-core-1.0.1.jar:/home/runner/.m2/repository/org/apache/kerby/kerby-pkix/1.0.1/kerby-pkix-1.0.1.jar:/home/runner/.m2/repository/org/apache/kerby/kerby-asn1/1.0.1/kerby-asn1-1.0.1.jar:/home/runner/.m2/repository/org/apache/kerby/kerby-util/1.0.1/kerby-util-1.0.1.jar:/home/runner/.m2/repository/dnsjava/dnsjava/2.1.7/dnsjava-2.1.7.jar:/home/runner/.m2/repository/org/xerial/snappy/snappy-java/1.1.8.2/snappy-java-1.1.8.2.jar:/home/runner/.m2/repository/org/slf4j/jul-to-slf4j/1.7.30/jul-to-slf4j-1.7.30.jar:/home/runner/.m2/repository/org/eclipse/jetty/jetty-util/9.4.43.v20210629/jetty-util-9.4.43.v20210629.jar:/home/runner/.m2/repository/com/fasterxml/jackson/core/jackson-databind/2.12.1/jackson-databind-2.12.1.jar:/home/runner/.m2/repository/org/apache/hadoop/hadoop-kms/3.3.1/hadoop-kms-3.3.1-tests.jar:/home/runner/.m2/repository/org/apache/ozone/hdds-server-scm/1.2.0-SNAPSHOT/hdds-server-scm-1.2.0-SNAPSHOT-tests.jar:/home/runner/.m2/repository/org/apache/ozone/hdds-container-service/1.2.0-SNAPSHOT/hdds-container-service-1.2.0-SNAPSHOT-tests.jar:/home/runner/.m2/repository/commons-codec/commons-codec/1.11/commons-codec-1.11.jar:/home/runner/.m2/repository/io/netty/netty-transport/4.1.63.Final/netty-transport-4.1.63.Final.jar:/home/runner/.m2/repository/io/netty/netty-resolver/4.1.63.Final/netty-resolver-4.1.63.Final.jar:/home/runner/.m2/repository/io/netty/netty-codec/4.1.63.Final/netty-codec-4.1.63.Final.jar:/home/runner/.m2/repository/io/netty/netty-handler/4.1.63.Final/netty-handler-4.1.63.Final.jar:/home/runner/.m2/repository/org/apache/ozone/hdds-hadoop-dependency-test/1.2.0-SNAPSHOT/hdds-hadoop-dependency-test-1.2.0-SNAPSHOT.jar:/home/runner/.m2/repository/org/apache/hadoop/hadoop-common/3.3.1/hadoop-common-3.3.1-tests.jar:/home/runner/.m2/repository/org/assertj/assertj-core/3.12.2/assertj-core-3.12.2.jar:/home/runner/.m2/repository/org/apache/hadoop/hadoop-hdfs/3.3.1/hadoop-hdfs-3.3.1-tests.jar:/home/runner/.m2/repository/org/eclipse/jetty/jetty-util-ajax/9.4.43.v20210629/jetty-util-ajax-9.4.43.v20210629.jar:/home/runner/.m2/repository/commons-daemon/commons-daemon/1.0.13/commons-daemon-1.0.13.jar:/home/runner/.m2/repository/io/netty/netty/3.10.6.Final/netty-3.10.6.Final.jar:/home/runner/.m2/repository/io/netty/netty-all/4.1.63.Final/netty-all-4.1.63.Final.jar:/home/runner/.m2/repository/org/apache/htrace/htrace-core4/4.1.0-incubating/htrace-core4-4.1.0-incubating.jar:/home/runner/.m2/repository/org/fusesource/leveldbjni/leveldbjni-all/1.8/leveldbjni-all-1.8.jar:/home/runner/.m2/repository/org/apache/hadoop/hadoop-distcp/3.3.1/hadoop-distcp-3.3.1.jar:/home/runner/.m2/repository/org/apache/hadoop/hadoop-mapreduce-client-jobclient/3.3.1/hadoop-mapreduce-client-jobclient-3.3.1.jar:/home/runner/.m2/repository/org/apache/hadoop/hadoop-mapreduce-client-common/3.3.1/hadoop-mapreduce-client-common-3.3.1.jar:/home/runner/.m2/repository/org/apache/hadoop/hadoop-yarn-common/3.3.1/hadoop-yarn-common-3.3.1.jar:/home/runner/.m2/repository/org/apache/hadoop/hadoop-yarn-api/3.3.1/hadoop-yarn-api-3.3.1.jar:/home/runner/.m2/repository/com/sun/jersey/jersey-client/1.19/jersey-client-1.19.jar:/home/runner/.m2/repository/com/sun/jersey/contribs/jersey-guice/1.19/jersey-guice-1.19.jar:/home/runner/.m2/repository/com/fasterxml/jackson/jaxrs/jackson-jaxrs-json-provider/2.12.1/jackson-jaxrs-json-provider-2.12.1.jar:/home/runner/.m2/repository/com/fasterxml/jackson/jaxrs/jackson-jaxrs-base/2.12.1/jackson-jaxrs-base-2.12.1.jar:/home/runner/.m2/repository/org/apache/hadoop/hadoop-yarn-client/3.3.1/hadoop-yarn-client-3.3.1.jar:/home/runner/.m2/repository/org/eclipse/jetty/websocket/websocket-client/9.4.40.v20210413/websocket-client-9.4.40.v20210413.jar:/home/runner/.m2/repository/org/eclipse/jetty/jetty-client/9.4.40.v20210413/jetty-client-9.4.40.v20210413.jar:/home/runner/.m2/repository/org/eclipse/jetty/websocket/websocket-common/9.4.40.v20210413/websocket-common-9.4.40.v20210413.jar:/home/runner/.m2/repository/org/eclipse/jetty/websocket/websocket-api/9.4.40.v20210413/websocket-api-9.4.40.v20210413.jar:/home/runner/.m2/repository/org/jline/jline/3.9.0/jline-3.9.0.jar:/home/runner/.m2/repository/org/apache/hadoop/hadoop-mapreduce-client-core/3.3.1/hadoop-mapreduce-client-core-3.3.1.jar:/home/runner/.m2/repository/org/apache/avro/avro/1.7.7/avro-1.7.7.jar:/home/runner/.m2/repository/org/codehaus/jackson/jackson-core-asl/1.9.13/jackson-core-asl-1.9.13.jar:/home/runner/.m2/repository/org/codehaus/jackson/jackson-mapper-asl/1.9.13/jackson-mapper-asl-1.9.13.jar:/home/runner/.m2/repository/com/thoughtworks/paranamer/paranamer/2.3/paranamer-2.3.jar:/home/runner/.m2/repository/org/apache/hadoop/hadoop-annotations/3.3.1/hadoop-annotations-3.3.1.jar:/usr/lib/jvm/adoptopenjdk-8-hotspot-amd64/jre/../lib/tools.jar:/home/runner/.m2/repository/org/apache/hadoop/hadoop-distcp/3.3.1/hadoop-distcp-3.3.1-tests.jar:/home/runner/.m2/repository/org/apache/ratis/ratis-common/2.1.0-03f3b68-SNAPSHOT/ratis-common-2.1.0-03f3b68-SNAPSHOT.jar:/home/runner/.m2/repository/org/apache/ratis/ratis-thirdparty-misc/0.7.0/ratis-thirdparty-misc-0.7.0.jar:/home/runner/.m2/repository/org/apache/ratis/ratis-proto/2.1.0-03f3b68-SNAPSHOT/ratis-proto-2.1.0-03f3b68-SNAPSHOT.jar:"/>
    <property name="java.vm.vendor" value="AdoptOpenJDK"/>
    <property name="sun.arch.data.model" value="64"/>
    <property name="test.build.dir" value="/home/runner/work/ozone/ozone/hadoop-ozone/integration-test/target/test-dir"/>
    <property name="test.cache.data" value=""/>
    <property name="java.vendor.url" value="https://adoptopenjdk.net/"/>
    <property name="user.timezone" value=""/>
    <property name="java.vm.specification.version" value="1.8"/>
    <property name="os.name" value="Linux"/>
    <property name="test.build.data" value="/home/runner/work/ozone/ozone/hadoop-ozone/integration-test/target/test-dir"/>
    <property name="sun.java.launcher" value="SUN_STANDARD"/>
    <property name="sun.boot.library.path" value="/usr/lib/jvm/adoptopenjdk-8-hotspot-amd64/jre/lib/amd64"/>
    <property name="sun.java.command" value="/home/runner/work/ozone/ozone/hadoop-ozone/integration-test/target/surefire/surefirebooter8282355039179774802.jar /home/runner/work/ozone/ozone/hadoop-ozone/integration-test/target/surefire 2021-10-08T06-40-49_802-jvmRun1 surefire3514492896053511128tmp surefire_72529680239551898017tmp"/>
    <property name="surefire.test.class.path" value="/home/runner/work/ozone/ozone/hadoop-ozone/integration-test/target/test-classes:/home/runner/work/ozone/ozone/hadoop-ozone/integration-test/target/classes:/home/runner/.m2/repository/org/apache/ozone/ozone-common/1.2.0-SNAPSHOT/ozone-common-1.2.0-SNAPSHOT.jar:/home/runner/.m2/repository/org/apache/commons/commons-compress/1.20/commons-compress-1.20.jar:/home/runner/.m2/repository/org/apache/ozone/hdds-common/1.2.0-SNAPSHOT/hdds-common-1.2.0-SNAPSHOT.jar:/home/runner/.m2/repository/org/apache/ozone/hdds-client/1.2.0-SNAPSHOT/hdds-client-1.2.0-SNAPSHOT.jar:/home/runner/.m2/repository/org/apache/ozone/ozone-interface-client/1.2.0-SNAPSHOT/ozone-interface-client-1.2.0-SNAPSHOT.jar:/home/runner/.m2/repository/org/apache/ozone/hdds-server-framework/1.2.0-SNAPSHOT/hdds-server-framework-1.2.0-SNAPSHOT.jar:/home/runner/.m2/repository/org/apache/ozone/hdds-interface-server/1.2.0-SNAPSHOT/hdds-interface-server-1.2.0-SNAPSHOT.jar:/home/runner/.m2/repository/org/eclipse/jetty/jetty-servlet/9.4.43.v20210629/jetty-servlet-9.4.43.v20210629.jar:/home/runner/.m2/repository/org/eclipse/jetty/jetty-security/9.4.43.v20210629/jetty-security-9.4.43.v20210629.jar:/home/runner/.m2/repository/org/rocksdb/rocksdbjni/6.20.3/rocksdbjni-6.20.3.jar:/home/runner/.m2/repository/io/prometheus/simpleclient_dropwizard/0.7.0/simpleclient_dropwizard-0.7.0.jar:/home/runner/.m2/repository/io/prometheus/simpleclient/0.7.0/simpleclient-0.7.0.jar:/home/runner/.m2/repository/io/prometheus/simpleclient_common/0.7.0/simpleclient_common-0.7.0.jar:/home/runner/.m2/repository/com/fasterxml/jackson/datatype/jackson-datatype-jsr310/2.12.1/jackson-datatype-jsr310-2.12.1.jar:/home/runner/.m2/repository/org/apache/ozone/hdds-test-utils/1.2.0-SNAPSHOT/hdds-test-utils-1.2.0-SNAPSHOT.jar:/home/runner/.m2/repository/com/google/guava/guava/30.1.1-jre/guava-30.1.1-jre.jar:/home/runner/.m2/repository/com/google/guava/failureaccess/1.0.1/failureaccess-1.0.1.jar:/home/runner/.m2/repository/com/google/guava/listenablefuture/9999.0-empty-to-avoid-conflict-with-guava/listenablefuture-9999.0-empty-to-avoid-conflict-with-guava.jar:/home/runner/.m2/repository/com/google/code/findbugs/jsr305/3.0.0/jsr305-3.0.0.jar:/home/runner/.m2/repository/org/checkerframework/checker-qual/3.8.0/checker-qual-3.8.0.jar:/home/runner/.m2/repository/com/google/errorprone/error_prone_annotations/2.2.0/error_prone_annotations-2.2.0.jar:/home/runner/.m2/repository/com/google/j2objc/j2objc-annotations/1.3/j2objc-annotations-1.3.jar:/home/runner/.m2/repository/commons-io/commons-io/2.11.0/commons-io-2.11.0.jar:/home/runner/.m2/repository/commons-logging/commons-logging/1.2/commons-logging-1.2.jar:/home/runner/.m2/repository/log4j/log4j/1.2.17/log4j-1.2.17.jar:/home/runner/.m2/repository/org/slf4j/slf4j-api/1.7.30/slf4j-api-1.7.30.jar:/home/runner/.m2/repository/org/apache/ozone/hdds-server-scm/1.2.0-SNAPSHOT/hdds-server-scm-1.2.0-SNAPSHOT.jar:/home/runner/.m2/repository/org/apache/ozone/hdds-container-service/1.2.0-SNAPSHOT/hdds-container-service-1.2.0-SNAPSHOT.jar:/home/runner/.m2/repository/org/apache/ozone/hdds-hadoop-dependency-server/1.2.0-SNAPSHOT/hdds-hadoop-dependency-server-1.2.0-SNAPSHOT.jar:/home/runner/.m2/repository/org/apache/hadoop/hadoop-hdfs/3.3.1/hadoop-hdfs-3.3.1.jar:/home/runner/.m2/repository/io/dropwizard/metrics/metrics-core/3.2.4/metrics-core-3.2.4.jar:/home/runner/.m2/repository/org/apache/hadoop/hadoop-hdfs-client/3.3.1/hadoop-hdfs-client-3.3.1.jar:/home/runner/.m2/repository/org/bouncycastle/bcprov-jdk15on/1.67/bcprov-jdk15on-1.67.jar:/home/runner/.m2/repository/com/google/protobuf/protobuf-java/2.5.0/protobuf-java-2.5.0.jar:/home/runner/.m2/repository/org/apache/ozone/ozone-manager/1.2.0-SNAPSHOT/ozone-manager-1.2.0-SNAPSHOT.jar:/home/runner/.m2/repository/org/aspectj/aspectjrt/1.9.7/aspectjrt-1.9.7.jar:/home/runner/.m2/repository/org/aspectj/aspectjweaver/1.9.7/aspectjweaver-1.9.7.jar:/home/runner/.m2/repository/org/apache/ozone/hdds-interface-client/1.2.0-SNAPSHOT/hdds-interface-client-1.2.0-SNAPSHOT.jar:/home/runner/.m2/repository/org/apache/hadoop/thirdparty/hadoop-shaded-protobuf_3_7/1.1.1/hadoop-shaded-protobuf_3_7-1.1.1.jar:/home/runner/.m2/repository/org/apache/ozone/ozone-interface-storage/1.2.0-SNAPSHOT/ozone-interface-storage-1.2.0-SNAPSHOT.jar:/home/runner/.m2/repository/org/reflections/reflections/0.9.11/reflections-0.9.11.jar:/home/runner/.m2/repository/org/apache/hadoop/hadoop-minikdc/3.3.1/hadoop-minikdc-3.3.1.jar:/home/runner/.m2/repository/org/apache/kerby/kerb-simplekdc/1.0.1/kerb-simplekdc-1.0.1.jar:/home/runner/.m2/repository/org/apache/kerby/kerb-client/1.0.1/kerb-client-1.0.1.jar:/home/runner/.m2/repository/org/apache/kerby/kerby-config/1.0.1/kerby-config-1.0.1.jar:/home/runner/.m2/repository/org/apache/kerby/kerb-common/1.0.1/kerb-common-1.0.1.jar:/home/runner/.m2/repository/org/apache/kerby/kerb-crypto/1.0.1/kerb-crypto-1.0.1.jar:/home/runner/.m2/repository/org/apache/kerby/kerb-util/1.0.1/kerb-util-1.0.1.jar:/home/runner/.m2/repository/org/apache/kerby/token-provider/1.0.1/token-provider-1.0.1.jar:/home/runner/.m2/repository/org/apache/kerby/kerb-admin/1.0.1/kerb-admin-1.0.1.jar:/home/runner/.m2/repository/org/apache/kerby/kerb-server/1.0.1/kerb-server-1.0.1.jar:/home/runner/.m2/repository/org/apache/kerby/kerb-identity/1.0.1/kerb-identity-1.0.1.jar:/home/runner/.m2/repository/org/apache/kerby/kerby-xdr/1.0.1/kerby-xdr-1.0.1.jar:/home/runner/.m2/repository/org/slf4j/slf4j-log4j12/1.7.30/slf4j-log4j12-1.7.30.jar:/home/runner/.m2/repository/org/apache/ozone/ozone-s3gateway/1.2.0-SNAPSHOT/ozone-s3gateway-1.2.0-SNAPSHOT.jar:/home/runner/.m2/repository/org/javassist/javassist/3.21.0-GA/javassist-3.21.0-GA.jar:/home/runner/.m2/repository/org/jboss/weld/servlet/weld-servlet/2.4.7.Final/weld-servlet-2.4.7.Final.jar:/home/runner/.m2/repository/org/glassfish/jersey/containers/jersey-container-servlet-core/2.33/jersey-container-servlet-core-2.33.jar:/home/runner/.m2/repository/org/glassfish/hk2/external/jakarta.inject/2.6.1/jakarta.inject-2.6.1.jar:/home/runner/.m2/repository/org/glassfish/jersey/core/jersey-common/2.33/jersey-common-2.33.jar:/home/runner/.m2/repository/jakarta/ws/rs/jakarta.ws.rs-api/2.1.6/jakarta.ws.rs-api-2.1.6.jar:/home/runner/.m2/repository/org/glassfish/jersey/ext/cdi/jersey-cdi1x/2.33/jersey-cdi1x-2.33.jar:/home/runner/.m2/repository/org/glassfish/jersey/inject/jersey-hk2/2.33/jersey-hk2-2.33.jar:/home/runner/.m2/repository/org/glassfish/hk2/hk2-locator/2.6.1/hk2-locator-2.6.1.jar:/home/runner/.m2/repository/org/glassfish/jersey/media/jersey-media-jaxb/2.33/jersey-media-jaxb-2.33.jar:/home/runner/.m2/repository/org/glassfish/hk2/osgi-resource-locator/1.0.3/osgi-resource-locator-1.0.3.jar:/home/runner/.m2/repository/org/glassfish/hk2/hk2-api/2.5.0/hk2-api-2.5.0.jar:/home/runner/.m2/repository/org/glassfish/hk2/hk2-utils/2.5.0/hk2-utils-2.5.0.jar:/home/runner/.m2/repository/org/glassfish/hk2/external/aopalliance-repackaged/2.5.0/aopalliance-repackaged-2.5.0.jar:/home/runner/.m2/repository/com/fasterxml/jackson/dataformat/jackson-dataformat-xml/2.12.1/jackson-dataformat-xml-2.12.1.jar:/home/runner/.m2/repository/com/fasterxml/jackson/core/jackson-core/2.12.1/jackson-core-2.12.1.jar:/home/runner/.m2/repository/com/fasterxml/jackson/module/jackson-module-jaxb-annotations/2.12.1/jackson-module-jaxb-annotations-2.12.1.jar:/home/runner/.m2/repository/jakarta/xml/bind/jakarta.xml.bind-api/2.3.2/jakarta.xml.bind-api-2.3.2.jar:/home/runner/.m2/repository/org/codehaus/woodstox/stax2-api/3.1.4/stax2-api-3.1.4.jar:/home/runner/.m2/repository/com/fasterxml/woodstox/woodstox-core/5.0.3/woodstox-core-5.0.3.jar:/home/runner/.m2/repository/javax/enterprise/cdi-api/1.2/cdi-api-1.2.jar:/home/runner/.m2/repository/javax/el/javax.el-api/3.0.0/javax.el-api-3.0.0.jar:/home/runner/.m2/repository/javax/interceptor/javax.interceptor-api/1.2/javax.interceptor-api-1.2.jar:/home/runner/.m2/repository/javax/inject/javax.inject/1/javax.inject-1.jar:/home/runner/.m2/repository/javax/xml/bind/jaxb-api/2.3.0/jaxb-api-2.3.0.jar:/home/runner/.m2/repository/org/glassfish/jaxb/jaxb-runtime/2.3.0.1/jaxb-runtime-2.3.0.1.jar:/home/runner/.m2/repository/org/glassfish/jaxb/jaxb-core/2.3.0.1/jaxb-core-2.3.0.1.jar:/home/runner/.m2/repository/org/glassfish/jaxb/txw2/2.3.0.1/txw2-2.3.0.1.jar:/home/runner/.m2/repository/com/sun/istack/istack-commons-runtime/3.0.5/istack-commons-runtime-3.0.5.jar:/home/runner/.m2/repository/org/jvnet/staxex/stax-ex/1.7.8/stax-ex-1.7.8.jar:/home/runner/.m2/repository/com/sun/xml/fastinfoset/FastInfoset/1.2.13/FastInfoset-1.2.13.jar:/home/runner/.m2/repository/javax/activation/activation/1.1.1/activation-1.1.1.jar:/home/runner/.m2/repository/org/apache/ozone/ozone-csi/1.2.0-SNAPSHOT/ozone-csi-1.2.0-SNAPSHOT.jar:/home/runner/.m2/repository/com/google/protobuf/protobuf-java-util/3.12.0/protobuf-java-util-3.12.0.jar:/home/runner/.m2/repository/com/google/code/gson/gson/2.2.4/gson-2.2.4.jar:/home/runner/.m2/repository/org/apache/ozone/hdds-config/1.2.0-SNAPSHOT/hdds-config-1.2.0-SNAPSHOT.jar:/home/runner/.m2/repository/io/grpc/grpc-netty/1.33.0/grpc-netty-1.33.0.jar:/home/runner/.m2/repository/io/grpc/grpc-core/1.33.0/grpc-core-1.33.0.jar:/home/runner/.m2/repository/com/google/android/annotations/4.1.1.4/annotations-4.1.1.4.jar:/home/runner/.m2/repository/io/netty/netty-codec-http2/4.1.63.Final/netty-codec-http2-4.1.63.Final.jar:/home/runner/.m2/repository/io/netty/netty-codec-http/4.1.63.Final/netty-codec-http-4.1.63.Final.jar:/home/runner/.m2/repository/io/netty/netty-handler-proxy/4.1.63.Final/netty-handler-proxy-4.1.63.Final.jar:/home/runner/.m2/repository/io/netty/netty-codec-socks/4.1.63.Final/netty-codec-socks-4.1.63.Final.jar:/home/runner/.m2/repository/io/perfmark/perfmark-api/0.19.0/perfmark-api-0.19.0.jar:/home/runner/.m2/repository/org/codehaus/mojo/animal-sniffer-annotations/1.18/animal-sniffer-annotations-1.18.jar:/home/runner/.m2/repository/io/netty/netty-transport-native-epoll/4.1.63.Final/netty-transport-native-epoll-4.1.63.Final.jar:/home/runner/.m2/repository/io/netty/netty-common/4.1.63.Final/netty-common-4.1.63.Final.jar:/home/runner/.m2/repository/io/netty/netty-buffer/4.1.63.Final/netty-buffer-4.1.63.Final.jar:/home/runner/.m2/repository/io/netty/netty-transport-native-unix-common/4.1.63.Final/netty-transport-native-unix-common-4.1.63.Final.jar:/home/runner/.m2/repository/io/grpc/grpc-protobuf/1.33.0/grpc-protobuf-1.33.0.jar:/home/runner/.m2/repository/io/grpc/grpc-api/1.33.0/grpc-api-1.33.0.jar:/home/runner/.m2/repository/io/grpc/grpc-context/1.33.0/grpc-context-1.33.0.jar:/home/runner/.m2/repository/com/google/api/grpc/proto-google-common-protos/1.17.0/proto-google-common-protos-1.17.0.jar:/home/runner/.m2/repository/io/grpc/grpc-protobuf-lite/1.33.0/grpc-protobuf-lite-1.33.0.jar:/home/runner/.m2/repository/io/grpc/grpc-stub/1.33.0/grpc-stub-1.33.0.jar:/home/runner/.m2/repository/org/apache/ozone/ozone-recon/1.2.0-SNAPSHOT/ozone-recon-1.2.0-SNAPSHOT.jar:/home/runner/.m2/repository/org/apache/ozone/ozone-reconcodegen/1.2.0-SNAPSHOT/ozone-reconcodegen-1.2.0-SNAPSHOT.jar:/home/runner/.m2/repository/com/google/inject/extensions/guice-multibindings/4.0/guice-multibindings-4.0.jar:/home/runner/.m2/repository/com/google/inject/guice/4.0/guice-4.0.jar:/home/runner/.m2/repository/aopalliance/aopalliance/1.0/aopalliance-1.0.jar:/home/runner/.m2/repository/com/google/inject/extensions/guice-assistedinject/4.0/guice-assistedinject-4.0.jar:/home/runner/.m2/repository/com/google/inject/extensions/guice-servlet/4.0/guice-servlet-4.0.jar:/home/runner/.m2/repository/org/glassfish/jersey/containers/jersey-container-servlet/2.33/jersey-container-servlet-2.33.jar:/home/runner/.m2/repository/org/glassfish/hk2/guice-bridge/2.5.0/guice-bridge-2.5.0.jar:/home/runner/.m2/repository/org/glassfish/jersey/core/jersey-server/2.33/jersey-server-2.33.jar:/home/runner/.m2/repository/org/glassfish/jersey/core/jersey-client/2.33/jersey-client-2.33.jar:/home/runner/.m2/repository/jakarta/annotation/jakarta.annotation-api/1.3.5/jakarta.annotation-api-1.3.5.jar:/home/runner/.m2/repository/jakarta/validation/jakarta.validation-api/2.0.2/jakarta.validation-api-2.0.2.jar:/home/runner/.m2/repository/org/glassfish/jersey/media/jersey-media-json-jackson/2.33/jersey-media-json-jackson-2.33.jar:/home/runner/.m2/repository/org/glassfish/jersey/ext/jersey-entity-filtering/2.33/jersey-entity-filtering-2.33.jar:/home/runner/.m2/repository/org/jooq/jooq/3.11.10/jooq-3.11.10.jar:/home/runner/.m2/repository/org/jooq/jooq-meta/3.11.10/jooq-meta-3.11.10.jar:/home/runner/.m2/repository/org/jooq/jooq-codegen/3.11.10/jooq-codegen-3.11.10.jar:/home/runner/.m2/repository/com/jolbox/bonecp/0.8.0.RELEASE/bonecp-0.8.0.RELEASE.jar:/home/runner/.m2/repository/org/apache/derby/derby/10.14.2.0/derby-10.14.2.0.jar:/home/runner/.m2/repository/org/xerial/sqlite-jdbc/3.25.2/sqlite-jdbc-3.25.2.jar:/home/runner/.m2/repository/org/springframework/spring-jdbc/5.2.11.RELEASE/spring-jdbc-5.2.11.RELEASE.jar:/home/runner/.m2/repository/org/springframework/spring-beans/5.2.11.RELEASE/spring-beans-5.2.11.RELEASE.jar:/home/runner/.m2/repository/org/springframework/spring-core/5.2.11.RELEASE/spring-core-5.2.11.RELEASE.jar:/home/runner/.m2/repository/org/springframework/spring-jcl/5.2.11.RELEASE/spring-jcl-5.2.11.RELEASE.jar:/home/runner/.m2/repository/org/springframework/spring-tx/5.2.11.RELEASE/spring-tx-5.2.11.RELEASE.jar:/home/runner/.m2/repository/org/apache/ozone/ozone-client/1.2.0-SNAPSHOT/ozone-client-1.2.0-SNAPSHOT.jar:/home/runner/.m2/repository/org/apache/ozone/ozone-filesystem/1.2.0-SNAPSHOT/ozone-filesystem-1.2.0-SNAPSHOT.jar:/home/runner/.m2/repository/org/apache/ozone/ozone-filesystem-common/1.2.0-SNAPSHOT/ozone-filesystem-common-1.2.0-SNAPSHOT.jar:/home/runner/.m2/repository/org/apache/ozone/ozone-tools/1.2.0-SNAPSHOT/ozone-tools-1.2.0-SNAPSHOT.jar:/home/runner/.m2/repository/org/apache/ratis/ratis-tools/2.1.0-03f3b68-SNAPSHOT/ratis-tools-2.1.0-03f3b68-SNAPSHOT.jar:/home/runner/.m2/repository/com/amazonaws/aws-java-sdk-core/1.11.901/aws-java-sdk-core-1.11.901.jar:/home/runner/.m2/repository/org/apache/httpcomponents/httpclient/4.5.13/httpclient-4.5.13.jar:/home/runner/.m2/repository/org/apache/httpcomponents/httpcore/4.4.13/httpcore-4.4.13.jar:/home/runner/.m2/repository/software/amazon/ion/ion-java/1.0.2/ion-java-1.0.2.jar:/home/runner/.m2/repository/com/fasterxml/jackson/dataformat/jackson-dataformat-cbor/2.12.1/jackson-dataformat-cbor-2.12.1.jar:/home/runner/.m2/repository/joda-time/joda-time/2.8.1/joda-time-2.8.1.jar:/home/runner/.m2/repository/com/amazonaws/aws-java-sdk-s3/1.11.901/aws-java-sdk-s3-1.11.901.jar:/home/runner/.m2/repository/com/amazonaws/aws-java-sdk-kms/1.11.901/aws-java-sdk-kms-1.11.901.jar:/home/runner/.m2/repository/com/amazonaws/jmespath-java/1.11.901/jmespath-java-1.11.901.jar:/home/runner/.m2/repository/org/kohsuke/metainf-services/metainf-services/1.8/metainf-services-1.8.jar:/home/runner/.m2/repository/org/apache/ozone/hdds-tools/1.2.0-SNAPSHOT/hdds-tools-1.2.0-SNAPSHOT.jar:/home/runner/.m2/repository/commons-cli/commons-cli/1.2/commons-cli-1.2.jar:/home/runner/.m2/repository/org/apache/commons/commons-lang3/3.7/commons-lang3-3.7.jar:/home/runner/.m2/repository/org/apache/ozone/ozone-manager/1.2.0-SNAPSHOT/ozone-manager-1.2.0-SNAPSHOT-tests.jar:/home/runner/.m2/repository/org/apache/ozone/hdds-common/1.2.0-SNAPSHOT/hdds-common-1.2.0-SNAPSHOT-tests.jar:/home/runner/.m2/repository/org/apache/ozone/hdds-hadoop-dependency-client/1.2.0-SNAPSHOT/hdds-hadoop-dependency-client-1.2.0-SNAPSHOT.jar:/home/runner/.m2/repository/info/picocli/picocli/4.6.1/picocli-4.6.1.jar:/home/runner/.m2/repository/com/fasterxml/jackson/core/jackson-annotations/2.12.1/jackson-annotations-2.12.1.jar:/home/runner/.m2/repository/javax/annotation/javax.annotation-api/1.2/javax.annotation-api-1.2.jar:/home/runner/.m2/repository/org/apache/ratis/ratis-server/2.1.0-03f3b68-SNAPSHOT/ratis-server-2.1.0-03f3b68-SNAPSHOT.jar:/home/runner/.m2/repository/org/apache/ratis/ratis-client/2.1.0-03f3b68-SNAPSHOT/ratis-client-2.1.0-03f3b68-SNAPSHOT.jar:/home/runner/.m2/repository/org/apache/ratis/ratis-server-api/2.1.0-03f3b68-SNAPSHOT/ratis-server-api-2.1.0-03f3b68-SNAPSHOT.jar:/home/runner/.m2/repository/org/apache/ratis/ratis-metrics/2.1.0-03f3b68-SNAPSHOT/ratis-metrics-2.1.0-03f3b68-SNAPSHOT.jar:/home/runner/.m2/repository/org/apache/ratis/ratis-netty/2.1.0-03f3b68-SNAPSHOT/ratis-netty-2.1.0-03f3b68-SNAPSHOT.jar:/home/runner/.m2/repository/org/apache/ratis/ratis-grpc/2.1.0-03f3b68-SNAPSHOT/ratis-grpc-2.1.0-03f3b68-SNAPSHOT.jar:/home/runner/.m2/repository/org/apache/logging/log4j/log4j-api/2.13.3/log4j-api-2.13.3.jar:/home/runner/.m2/repository/org/apache/logging/log4j/log4j-core/2.13.3/log4j-core-2.13.3.jar:/home/runner/.m2/repository/com/lmax/disruptor/3.4.2/disruptor-3.4.2.jar:/home/runner/.m2/repository/org/apache/commons/commons-pool2/2.6.0/commons-pool2-2.6.0.jar:/home/runner/.m2/repository/org/bouncycastle/bcpkix-jdk15on/1.67/bcpkix-jdk15on-1.67.jar:/home/runner/.m2/repository/commons-validator/commons-validator/1.6/commons-validator-1.6.jar:/home/runner/.m2/repository/commons-beanutils/commons-beanutils/1.9.4/commons-beanutils-1.9.4.jar:/home/runner/.m2/repository/commons-digester/commons-digester/1.8.1/commons-digester-1.8.1.jar:/home/runner/.m2/repository/commons-collections/commons-collections/3.2.2/commons-collections-3.2.2.jar:/home/runner/.m2/repository/io/jaegertracing/jaeger-client/1.6.0/jaeger-client-1.6.0.jar:/home/runner/.m2/repository/io/jaegertracing/jaeger-thrift/1.6.0/jaeger-thrift-1.6.0.jar:/home/runner/.m2/repository/org/apache/thrift/libthrift/0.14.1/libthrift-0.14.1.jar:/home/runner/.m2/repository/com/squareup/okhttp3/okhttp/4.9.0/okhttp-4.9.0.jar:/home/runner/.m2/repository/com/squareup/okio/okio/2.8.0/okio-2.8.0.jar:/home/runner/.m2/repository/io/jaegertracing/jaeger-core/1.6.0/jaeger-core-1.6.0.jar:/home/runner/.m2/repository/io/jaegertracing/jaeger-tracerresolver/1.6.0/jaeger-tracerresolver-1.6.0.jar:/home/runner/.m2/repository/io/opentracing/contrib/opentracing-tracerresolver/0.1.8/opentracing-tracerresolver-0.1.8.jar:/home/runner/.m2/repository/org/jetbrains/kotlin/kotlin-stdlib/1.4.31/kotlin-stdlib-1.4.31.jar:/home/runner/.m2/repository/org/jetbrains/kotlin/kotlin-stdlib-common/1.4.31/kotlin-stdlib-common-1.4.31.jar:/home/runner/.m2/repository/org/jetbrains/annotations/13.0/annotations-13.0.jar:/home/runner/.m2/repository/io/opentracing/opentracing-util/0.33.0/opentracing-util-0.33.0.jar:/home/runner/.m2/repository/io/opentracing/opentracing-api/0.33.0/opentracing-api-0.33.0.jar:/home/runner/.m2/repository/io/opentracing/opentracing-noop/0.33.0/opentracing-noop-0.33.0.jar:/home/runner/.m2/repository/org/yaml/snakeyaml/1.26/snakeyaml-1.26.jar:/home/runner/.m2/repository/org/apache/ozone/hdds-interface-admin/1.2.0-SNAPSHOT/hdds-interface-admin-1.2.0-SNAPSHOT.jar:/home/runner/.m2/repository/junit/junit/4.13.1/junit-4.13.1.jar:/home/runner/.m2/repository/org/hamcrest/hamcrest-core/1.3/hamcrest-core-1.3.jar:/home/runner/.m2/repository/org/junit/jupiter/junit-jupiter-api/5.7.0/junit-jupiter-api-5.7.0.jar:/home/runner/.m2/repository/org/apiguardian/apiguardian-api/1.1.0/apiguardian-api-1.1.0.jar:/home/runner/.m2/repository/org/opentest4j/opentest4j/1.2.0/opentest4j-1.2.0.jar:/home/runner/.m2/repository/org/junit/platform/junit-platform-commons/1.7.0/junit-platform-commons-1.7.0.jar:/home/runner/.m2/repository/org/junit/jupiter/junit-jupiter-engine/5.7.0/junit-jupiter-engine-5.7.0.jar:/home/runner/.m2/repository/org/junit/platform/junit-platform-engine/1.7.0/junit-platform-engine-1.7.0.jar:/home/runner/.m2/repository/org/junit/vintage/junit-vintage-engine/5.7.0/junit-vintage-engine-5.7.0.jar:/home/runner/.m2/repository/org/junit/platform/junit-platform-launcher/1.7.0/junit-platform-launcher-1.7.0.jar:/home/runner/.m2/repository/org/openjdk/jmh/jmh-core/1.19/jmh-core-1.19.jar:/home/runner/.m2/repository/net/sf/jopt-simple/jopt-simple/4.6/jopt-simple-4.6.jar:/home/runner/.m2/repository/org/apache/commons/commons-math3/3.1.1/commons-math3-3.1.1.jar:/home/runner/.m2/repository/org/openjdk/jmh/jmh-generator-annprocess/1.19/jmh-generator-annprocess-1.19.jar:/home/runner/.m2/repository/org/mockito/mockito-core/2.28.2/mockito-core-2.28.2.jar:/home/runner/.m2/repository/net/bytebuddy/byte-buddy/1.9.10/byte-buddy-1.9.10.jar:/home/runner/.m2/repository/net/bytebuddy/byte-buddy-agent/1.9.10/byte-buddy-agent-1.9.10.jar:/home/runner/.m2/repository/org/objenesis/objenesis/1.0/objenesis-1.0.jar:/home/runner/.m2/repository/org/apache/hadoop/hadoop-kms/3.3.1/hadoop-kms-3.3.1.jar:/home/runner/.m2/repository/org/apache/hadoop/hadoop-auth/3.3.1/hadoop-auth-3.3.1.jar:/home/runner/.m2/repository/com/nimbusds/nimbus-jose-jwt/7.9/nimbus-jose-jwt-7.9.jar:/home/runner/.m2/repository/com/github/stephenc/jcip/jcip-annotations/1.0-1/jcip-annotations-1.0-1.jar:/home/runner/.m2/repository/net/minidev/json-smart/2.3/json-smart-2.3.jar:/home/runner/.m2/repository/net/minidev/accessors-smart/1.2/accessors-smart-1.2.jar:/home/runner/.m2/repository/org/ow2/asm/asm/5.0.4/asm-5.0.4.jar:/home/runner/.m2/repository/org/apache/zookeeper/zookeeper/3.5.6/zookeeper-3.5.6.jar:/home/runner/.m2/repository/org/apache/zookeeper/zookeeper-jute/3.5.6/zookeeper-jute-3.5.6.jar:/home/runner/.m2/repository/org/apache/yetus/audience-annotations/0.5.0/audience-annotations-0.5.0.jar:/home/runner/.m2/repository/org/apache/curator/curator-framework/4.2.0/curator-framework-4.2.0.jar:/home/runner/.m2/repository/org/apache/hadoop/thirdparty/hadoop-shaded-guava/1.1.1/hadoop-shaded-guava-1.1.1.jar:/home/runner/.m2/repository/com/sun/jersey/jersey-core/1.19/jersey-core-1.19.jar:/home/runner/.m2/repository/javax/ws/rs/jsr311-api/1.1.1/jsr311-api-1.1.1.jar:/home/runner/.m2/repository/com/sun/jersey/jersey-server/1.19/jersey-server-1.19.jar:/home/runner/.m2/repository/javax/servlet/javax.servlet-api/3.1.0/javax.servlet-api-3.1.0.jar:/home/runner/.m2/repository/org/eclipse/jetty/jetty-server/9.4.43.v20210629/jetty-server-9.4.43.v20210629.jar:/home/runner/.m2/repository/org/eclipse/jetty/jetty-http/9.4.43.v20210629/jetty-http-9.4.43.v20210629.jar:/home/runner/.m2/repository/org/eclipse/jetty/jetty-io/9.4.43.v20210629/jetty-io-9.4.43.v20210629.jar:/home/runner/.m2/repository/org/eclipse/jetty/jetty-webapp/9.4.43.v20210629/jetty-webapp-9.4.43.v20210629.jar:/home/runner/.m2/repository/org/eclipse/jetty/jetty-xml/9.4.43.v20210629/jetty-xml-9.4.43.v20210629.jar:/home/runner/.m2/repository/org/apache/hadoop/hadoop-common/3.3.1/hadoop-common-3.3.1.jar:/home/runner/.m2/repository/commons-net/commons-net/3.6/commons-net-3.6.jar:/home/runner/.m2/repository/jakarta/activation/jakarta.activation-api/1.2.1/jakarta.activation-api-1.2.1.jar:/home/runner/.m2/repository/com/sun/jersey/jersey-servlet/1.19/jersey-servlet-1.19.jar:/home/runner/.m2/repository/com/sun/jersey/jersey-json/1.19/jersey-json-1.19.jar:/home/runner/.m2/repository/org/codehaus/jettison/jettison/1.1/jettison-1.1.jar:/home/runner/.m2/repository/com/sun/xml/bind/jaxb-impl/2.2.3-1/jaxb-impl-2.2.3-1.jar:/home/runner/.m2/repository/org/codehaus/jackson/jackson-jaxrs/1.9.2/jackson-jaxrs-1.9.2.jar:/home/runner/.m2/repository/org/codehaus/jackson/jackson-xc/1.9.2/jackson-xc-1.9.2.jar:/home/runner/.m2/repository/org/apache/commons/commons-configuration2/2.1.1/commons-configuration2-2.1.1.jar:/home/runner/.m2/repository/org/apache/commons/commons-text/1.4/commons-text-1.4.jar:/home/runner/.m2/repository/com/google/re2j/re2j/1.1/re2j-1.1.jar:/home/runner/.m2/repository/com/jcraft/jsch/0.1.54/jsch-0.1.54.jar:/home/runner/.m2/repository/org/apache/curator/curator-client/4.2.0/curator-client-4.2.0.jar:/home/runner/.m2/repository/org/apache/curator/curator-recipes/4.2.0/curator-recipes-4.2.0.jar:/home/runner/.m2/repository/org/apache/kerby/kerb-core/1.0.1/kerb-core-1.0.1.jar:/home/runner/.m2/repository/org/apache/kerby/kerby-pkix/1.0.1/kerby-pkix-1.0.1.jar:/home/runner/.m2/repository/org/apache/kerby/kerby-asn1/1.0.1/kerby-asn1-1.0.1.jar:/home/runner/.m2/repository/org/apache/kerby/kerby-util/1.0.1/kerby-util-1.0.1.jar:/home/runner/.m2/repository/dnsjava/dnsjava/2.1.7/dnsjava-2.1.7.jar:/home/runner/.m2/repository/org/xerial/snappy/snappy-java/1.1.8.2/snappy-java-1.1.8.2.jar:/home/runner/.m2/repository/org/slf4j/jul-to-slf4j/1.7.30/jul-to-slf4j-1.7.30.jar:/home/runner/.m2/repository/org/eclipse/jetty/jetty-util/9.4.43.v20210629/jetty-util-9.4.43.v20210629.jar:/home/runner/.m2/repository/com/fasterxml/jackson/core/jackson-databind/2.12.1/jackson-databind-2.12.1.jar:/home/runner/.m2/repository/org/apache/hadoop/hadoop-kms/3.3.1/hadoop-kms-3.3.1-tests.jar:/home/runner/.m2/repository/org/apache/ozone/hdds-server-scm/1.2.0-SNAPSHOT/hdds-server-scm-1.2.0-SNAPSHOT-tests.jar:/home/runner/.m2/repository/org/apache/ozone/hdds-container-service/1.2.0-SNAPSHOT/hdds-container-service-1.2.0-SNAPSHOT-tests.jar:/home/runner/.m2/repository/commons-codec/commons-codec/1.11/commons-codec-1.11.jar:/home/runner/.m2/repository/io/netty/netty-transport/4.1.63.Final/netty-transport-4.1.63.Final.jar:/home/runner/.m2/repository/io/netty/netty-resolver/4.1.63.Final/netty-resolver-4.1.63.Final.jar:/home/runner/.m2/repository/io/netty/netty-codec/4.1.63.Final/netty-codec-4.1.63.Final.jar:/home/runner/.m2/repository/io/netty/netty-handler/4.1.63.Final/netty-handler-4.1.63.Final.jar:/home/runner/.m2/repository/org/apache/ozone/hdds-hadoop-dependency-test/1.2.0-SNAPSHOT/hdds-hadoop-dependency-test-1.2.0-SNAPSHOT.jar:/home/runner/.m2/repository/org/apache/hadoop/hadoop-common/3.3.1/hadoop-common-3.3.1-tests.jar:/home/runner/.m2/repository/org/assertj/assertj-core/3.12.2/assertj-core-3.12.2.jar:/home/runner/.m2/repository/org/apache/hadoop/hadoop-hdfs/3.3.1/hadoop-hdfs-3.3.1-tests.jar:/home/runner/.m2/repository/org/eclipse/jetty/jetty-util-ajax/9.4.43.v20210629/jetty-util-ajax-9.4.43.v20210629.jar:/home/runner/.m2/repository/commons-daemon/commons-daemon/1.0.13/commons-daemon-1.0.13.jar:/home/runner/.m2/repository/io/netty/netty/3.10.6.Final/netty-3.10.6.Final.jar:/home/runner/.m2/repository/io/netty/netty-all/4.1.63.Final/netty-all-4.1.63.Final.jar:/home/runner/.m2/repository/org/apache/htrace/htrace-core4/4.1.0-incubating/htrace-core4-4.1.0-incubating.jar:/home/runner/.m2/repository/org/fusesource/leveldbjni/leveldbjni-all/1.8/leveldbjni-all-1.8.jar:/home/runner/.m2/repository/org/apache/hadoop/hadoop-distcp/3.3.1/hadoop-distcp-3.3.1.jar:/home/runner/.m2/repository/org/apache/hadoop/hadoop-mapreduce-client-jobclient/3.3.1/hadoop-mapreduce-client-jobclient-3.3.1.jar:/home/runner/.m2/repository/org/apache/hadoop/hadoop-mapreduce-client-common/3.3.1/hadoop-mapreduce-client-common-3.3.1.jar:/home/runner/.m2/repository/org/apache/hadoop/hadoop-yarn-common/3.3.1/hadoop-yarn-common-3.3.1.jar:/home/runner/.m2/repository/org/apache/hadoop/hadoop-yarn-api/3.3.1/hadoop-yarn-api-3.3.1.jar:/home/runner/.m2/repository/com/sun/jersey/jersey-client/1.19/jersey-client-1.19.jar:/home/runner/.m2/repository/com/sun/jersey/contribs/jersey-guice/1.19/jersey-guice-1.19.jar:/home/runner/.m2/repository/com/fasterxml/jackson/jaxrs/jackson-jaxrs-json-provider/2.12.1/jackson-jaxrs-json-provider-2.12.1.jar:/home/runner/.m2/repository/com/fasterxml/jackson/jaxrs/jackson-jaxrs-base/2.12.1/jackson-jaxrs-base-2.12.1.jar:/home/runner/.m2/repository/org/apache/hadoop/hadoop-yarn-client/3.3.1/hadoop-yarn-client-3.3.1.jar:/home/runner/.m2/repository/org/eclipse/jetty/websocket/websocket-client/9.4.40.v20210413/websocket-client-9.4.40.v20210413.jar:/home/runner/.m2/repository/org/eclipse/jetty/jetty-client/9.4.40.v20210413/jetty-client-9.4.40.v20210413.jar:/home/runner/.m2/repository/org/eclipse/jetty/websocket/websocket-common/9.4.40.v20210413/websocket-common-9.4.40.v20210413.jar:/home/runner/.m2/repository/org/eclipse/jetty/websocket/websocket-api/9.4.40.v20210413/websocket-api-9.4.40.v20210413.jar:/home/runner/.m2/repository/org/jline/jline/3.9.0/jline-3.9.0.jar:/home/runner/.m2/repository/org/apache/hadoop/hadoop-mapreduce-client-core/3.3.1/hadoop-mapreduce-client-core-3.3.1.jar:/home/runner/.m2/repository/org/apache/avro/avro/1.7.7/avro-1.7.7.jar:/home/runner/.m2/repository/org/codehaus/jackson/jackson-core-asl/1.9.13/jackson-core-asl-1.9.13.jar:/home/runner/.m2/repository/org/codehaus/jackson/jackson-mapper-asl/1.9.13/jackson-mapper-asl-1.9.13.jar:/home/runner/.m2/repository/com/thoughtworks/paranamer/paranamer/2.3/paranamer-2.3.jar:/home/runner/.m2/repository/org/apache/hadoop/hadoop-annotations/3.3.1/hadoop-annotations-3.3.1.jar:/usr/lib/jvm/adoptopenjdk-8-hotspot-amd64/jre/../lib/tools.jar:/home/runner/.m2/repository/org/apache/hadoop/hadoop-distcp/3.3.1/hadoop-distcp-3.3.1-tests.jar:/home/runner/.m2/repository/org/apache/ratis/ratis-common/2.1.0-03f3b68-SNAPSHOT/ratis-common-2.1.0-03f3b68-SNAPSHOT.jar:/home/runner/.m2/repository/org/apache/ratis/ratis-thirdparty-misc/0.7.0/ratis-thirdparty-misc-0.7.0.jar:/home/runner/.m2/repository/org/apache/ratis/ratis-proto/2.1.0-03f3b68-SNAPSHOT/ratis-proto-2.1.0-03f3b68-SNAPSHOT.jar:"/>
    <property name="sun.cpu.endian" value="little"/>
    <property name="user.home" value="/home/runner"/>
    <property name="user.language" value="en"/>
    <property name="java.specification.vendor" value="Oracle Corporation"/>
    <property name="java.home" value="/usr/lib/jvm/adoptopenjdk-8-hotspot-amd64/jre"/>
    <property name="java.security.krb5.conf" value="/home/runner/work/ozone/ozone/hadoop-ozone/integration-test/target/test-classes/krb5.conf"/>
    <property name="basedir" value="/home/runner/work/ozone/ozone/hadoop-ozone/integration-test"/>
    <property name="file.separator" value="/"/>
    <property name="line.separator" value="&#10;"/>
    <property name="java.vm.specification.vendor" value="Oracle Corporation"/>
    <property name="java.specification.name" value="Java Platform API Specification"/>
    <property name="java.awt.graphicsenv" value="sun.awt.X11GraphicsEnvironment"/>
    <property name="skip.installnpx" value="true"/>
    <property name="surefire.real.class.path" value="/home/runner/work/ozone/ozone/hadoop-ozone/integration-test/target/surefire/surefirebooter8282355039179774802.jar:/home/runner/.m2/repository/org/jacoco/org.jacoco.agent/0.8.5/org.jacoco.agent-0.8.5-runtime.jar"/>
    <property name="hadoop.log.dir" value="/home/runner/work/ozone/ozone/hadoop-ozone/integration-test/target/log"/>
    <property name="sun.boot.class.path" value="/usr/lib/jvm/adoptopenjdk-8-hotspot-amd64/jre/lib/resources.jar:/usr/lib/jvm/adoptopenjdk-8-hotspot-amd64/jre/lib/rt.jar:/usr/lib/jvm/adoptopenjdk-8-hotspot-amd64/jre/lib/sunrsasign.jar:/usr/lib/jvm/adoptopenjdk-8-hotspot-amd64/jre/lib/jsse.jar:/usr/lib/jvm/adoptopenjdk-8-hotspot-amd64/jre/lib/jce.jar:/usr/lib/jvm/adoptopenjdk-8-hotspot-amd64/jre/lib/charsets.jar:/usr/lib/jvm/adoptopenjdk-8-hotspot-amd64/jre/lib/jfr.jar:/usr/lib/jvm/adoptopenjdk-8-hotspot-amd64/jre/classes"/>
    <property name="sun.management.compiler" value="HotSpot 64-Bit Tiered Compilers"/>
    <property name="skip.npx" value="true"/>
    <property name="java.runtime.version" value="1.8.0_292-b10"/>
    <property name="java.net.preferIPv4Stack" value="true"/>
    <property name="user.name" value="runner"/>
    <property name="path.separator" value=":"/>
    <property name="java.security.egd" value="file:///dev/urandom"/>
    <property name="os.version" value="5.4.0-1059-azure"/>
    <property name="java.endorsed.dirs" value="/usr/lib/jvm/adoptopenjdk-8-hotspot-amd64/jre/lib/endorsed"/>
    <property name="java.runtime.name" value="OpenJDK Runtime Environment"/>
    <property name="file.encoding" value="UTF-8"/>
    <property name="java.vm.name" value="OpenJDK 64-Bit Server VM"/>
    <property name="test.build.webapps" value=""/>
    <property name="localRepository" value="/home/runner/.m2/repository"/>
    <property name="java.vendor.url.bug" value="https://github.com/AdoptOpenJDK/openjdk-support/issues"/>
    <property name="java.io.tmpdir" value="/tmp"/>
    <property name="require.test.libhadoop" value=""/>
    <property name="java.version" value="1.8.0_292"/>
    <property name="user.dir" value="/home/runner/work/ozone/ozone/hadoop-ozone/integration-test"/>
    <property name="os.arch" value="amd64"/>
    <property name="java.vm.specification.name" value="Java Virtual Machine Specification"/>
    <property name="test.build.classes" value="/home/runner/work/ozone/ozone/hadoop-ozone/integration-test/target/test-classes"/>
    <property name="java.awt.printerjob" value="sun.print.PSPrinterJob"/>
    <property name="sun.os.patch.level" value="unknown"/>
    <property name="hadoop.tmp.dir" value="/home/runner/work/ozone/ozone/hadoop-ozone/integration-test/target/tmp"/>
    <property name="java.library.path" value="/usr/java/packages/lib/amd64:/usr/lib64:/lib64:/lib:/usr/lib"/>
    <property name="java.vm.info" value="mixed mode"/>
    <property name="java.vendor" value="AdoptOpenJDK"/>
    <property name="java.vm.version" value="25.292-b10"/>
    <property name="java.ext.dirs" value="/usr/lib/jvm/adoptopenjdk-8-hotspot-amd64/jre/lib/ext:/usr/java/packages/lib/ext"/>
    <property name="sun.io.unicode.encoding" value="UnicodeLittle"/>
    <property name="java.class.version" value="52.0"/>
  </properties>
  <testcase name="testApplyTransactionIdempotencyWithClosedContainer" classname="org.apache.hadoop.ozone.client.rpc.TestContainerStateMachineFailures" time="0.855">
    <failure type="java.lang.AssertionError">java.lang.AssertionError
	at org.junit.Assert.fail(Assert.java:87)
	at org.junit.Assert.assertTrue(Assert.java:42)
	at org.junit.Assert.assertFalse(Assert.java:65)
	at org.junit.Assert.assertFalse(Assert.java:75)
	at org.apache.hadoop.ozone.client.rpc.TestContainerStateMachineFailures.testApplyTransactionIdempotencyWithClosedContainer(TestContainerStateMachineFailures.java:462)
	at sun.reflect.NativeMethodAccessorImpl.invoke0(Native Method)
	at sun.reflect.NativeMethodAccessorImpl.invoke(NativeMethodAccessorImpl.java:62)
	at sun.reflect.DelegatingMethodAccessorImpl.invoke(DelegatingMethodAccessorImpl.java:43)
	at java.lang.reflect.Method.invoke(Method.java:498)
	at org.junit.runners.model.FrameworkMethod$1.runReflectiveCall(FrameworkMethod.java:59)
	at org.junit.internal.runners.model.ReflectiveCallable.run(ReflectiveCallable.java:12)
	at org.junit.runners.model.FrameworkMethod.invokeExplosively(FrameworkMethod.java:56)
	at org.junit.internal.runners.statements.InvokeMethod.evaluate(InvokeMethod.java:17)
	at org.junit.runners.ParentRunner$3.evaluate(ParentRunner.java:306)
	at org.junit.runners.BlockJUnit4ClassRunner$1.evaluate(BlockJUnit4ClassRunner.java:100)
	at org.junit.runners.ParentRunner.runLeaf(ParentRunner.java:366)
	at org.junit.runners.BlockJUnit4ClassRunner.runChild(BlockJUnit4ClassRunner.java:103)
	at org.junit.runners.BlockJUnit4ClassRunner.runChild(BlockJUnit4ClassRunner.java:63)
	at org.junit.runners.ParentRunner$4.run(ParentRunner.java:331)
	at org.junit.runners.ParentRunner$1.schedule(ParentRunner.java:79)
	at org.junit.runners.ParentRunner.runChildren(ParentRunner.java:329)
	at org.junit.runners.ParentRunner.access$100(ParentRunner.java:66)
	at org.junit.runners.ParentRunner$2.evaluate(ParentRunner.java:293)
	at org.junit.internal.runners.statements.RunBefores.evaluate(RunBefores.java:26)
	at org.junit.internal.runners.statements.RunAfters.evaluate(RunAfters.java:27)
	at org.junit.runners.ParentRunner$3.evaluate(ParentRunner.java:306)
	at org.junit.runners.ParentRunner.run(ParentRunner.java:413)
	at org.junit.runner.JUnitCore.run(JUnitCore.java:137)
	at org.junit.runner.JUnitCore.run(JUnitCore.java:115)
	at org.junit.vintage.engine.execution.RunnerExecutor.execute(RunnerExecutor.java:43)
	at java.util.stream.ForEachOps$ForEachOp$OfRef.accept(ForEachOps.java:183)
	at java.util.stream.ReferencePipeline$3$1.accept(ReferencePipeline.java:193)
	at java.util.Iterator.forEachRemaining(Iterator.java:116)
	at java.util.Spliterators$IteratorSpliterator.forEachRemaining(Spliterators.java:1801)
	at java.util.stream.AbstractPipeline.copyInto(AbstractPipeline.java:482)
	at java.util.stream.AbstractPipeline.wrapAndCopyInto(AbstractPipeline.java:472)
	at java.util.stream.ForEachOps$ForEachOp.evaluateSequential(ForEachOps.java:150)
	at java.util.stream.ForEachOps$ForEachOp$OfRef.evaluateSequential(ForEachOps.java:173)
	at java.util.stream.AbstractPipeline.evaluate(AbstractPipeline.java:234)
	at java.util.stream.ReferencePipeline.forEach(ReferencePipeline.java:485)
	at org.junit.vintage.engine.VintageTestEngine.executeAllChildren(VintageTestEngine.java:82)
	at org.junit.vintage.engine.VintageTestEngine.execute(VintageTestEngine.java:73)
	at org.junit.platform.launcher.core.EngineExecutionOrchestrator.execute(EngineExecutionOrchestrator.java:108)
	at org.junit.platform.launcher.core.EngineExecutionOrchestrator.execute(EngineExecutionOrchestrator.java:88)
	at org.junit.platform.launcher.core.EngineExecutionOrchestrator.lambda$execute$0(EngineExecutionOrchestrator.java:54)
	at org.junit.platform.launcher.core.EngineExecutionOrchestrator.withInterceptedStreams(EngineExecutionOrchestrator.java:67)
	at org.junit.platform.launcher.core.EngineExecutionOrchestrator.execute(EngineExecutionOrchestrator.java:52)
	at org.junit.platform.launcher.core.DefaultLauncher.execute(DefaultLauncher.java:96)
	at org.junit.platform.launcher.core.DefaultLauncher.execute(DefaultLauncher.java:75)
	at org.apache.maven.surefire.junitplatform.JUnitPlatformProvider.invokeAllTests(JUnitPlatformProvider.java:142)
	at org.apache.maven.surefire.junitplatform.JUnitPlatformProvider.invoke(JUnitPlatformProvider.java:113)
	at org.apache.maven.surefire.booter.ForkedBooter.invokeProviderInSameClassLoader(ForkedBooter.java:384)
	at org.apache.maven.surefire.booter.ForkedBooter.runSuitesInProcess(ForkedBooter.java:345)
	at org.apache.maven.surefire.booter.ForkedBooter.execute(ForkedBooter.java:126)
	at org.apache.maven.surefire.booter.ForkedBooter.main(ForkedBooter.java:418)
</failure>
    <system-out><![CDATA[2021-10-08 06:50:03,754 [main] WARN  server.ServerUtils (ServerUtils.java:getScmDbDir(148)) - ozone.scm.db.dirs is not configured. We recommend adding this setting. Falling back to ozone.metadata.dirs instead.
2021-10-08 06:50:03,869 [main] INFO  ha.SCMHANodeDetails (SCMHANodeDetails.java:loadSCMHAConfig(157)) - ServiceID for StorageContainerManager is null
2021-10-08 06:50:03,869 [main] INFO  ha.SCMHANodeDetails (SCMHANodeDetails.java:loadSCMHAConfig(162)) - ozone.scm.default.service.id is not defined, falling back to ozone.scm.service.ids to find serviceID for StorageContainerManager if it is HA enabled cluster
2021-10-08 06:50:04,017 [main] WARN  server.ServerUtils (ServerUtils.java:getScmDbDir(148)) - ozone.scm.db.dirs is not configured. We recommend adding this setting. Falling back to ozone.metadata.dirs instead.
2021-10-08 06:50:04,021 [main] INFO  upgrade.AbstractLayoutVersionManager (AbstractLayoutVersionManager.java:init(79)) - Initializing Layout version manager with metadata layout = SCM_HA (version = 2), software layout = SCM_HA (version = 2)
2021-10-08 06:50:04,344 [main] INFO  reflections.Reflections (Reflections.java:scan(232)) - Reflections took 192 ms to scan 7 urls, producing 119 keys and 275 values 
2021-10-08 06:50:05,071 [main] WARN  utils.HAUtils (HAUtils.java:getMetaDir(342)) - ozone.scm.db.dirs is not configured. We recommend adding this setting. Falling back to ozone.metadata.dirs instead.
2021-10-08 06:50:05,219 [main] WARN  db.DBStoreBuilder (DBStoreBuilder.java:applyDBDefinition(145)) - ozone.scm.db.dirs is not configured. We recommend adding this setting. Falling back to ozone.metadata.dirs instead.
2021-10-08 06:50:05,410 [main] INFO  net.NodeSchemaLoader (NodeSchemaLoader.java:loadSchemaFromFile(129)) - Loading schema from [jar:file:/home/runner/.m2/repository/org/apache/ozone/hdds-common/1.2.0-SNAPSHOT/hdds-common-1.2.0-SNAPSHOT.jar!/network-topology-default.xml]
2021-10-08 06:50:05,412 [main] INFO  net.NodeSchemaLoader (NodeSchemaLoader.java:loadSchema(176)) - Loading network topology layer schema file
2021-10-08 06:50:05,473 [main] INFO  metrics.MetricRegistries (MetricRegistriesLoader.java:load(64)) - Loaded MetricRegistries class org.apache.ratis.metrics.impl.MetricRegistriesImpl
2021-10-08 06:50:05,492 [main] INFO  ha.SequenceIdGenerator (SequenceIdGenerator.java:upgradeToSequenceId(347)) - upgrade localId to 107544261427200000
2021-10-08 06:50:05,492 [main] INFO  ha.SequenceIdGenerator (SequenceIdGenerator.java:upgradeToSequenceId(357)) - upgrade delTxnId to 0
2021-10-08 06:50:05,499 [main] INFO  ha.SequenceIdGenerator (SequenceIdGenerator.java:upgradeToSequenceId(371)) - upgrade containerId to 0
2021-10-08 06:50:05,505 [main] INFO  ha.SequenceIdGenerator (SequenceIdGenerator.java:<init>(218)) - Init the HA SequenceIdGenerator.
2021-10-08 06:50:05,571 [main] INFO  node.SCMNodeManager (SCMNodeManager.java:<init>(144)) - Entering startup safe mode.
2021-10-08 06:50:05,656 [main] INFO  algorithms.ContainerPlacementPolicyFactory (ContainerPlacementPolicyFactory.java:getPolicy(60)) - Create container placement policy of type org.apache.hadoop.hdds.scm.container.placement.algorithms.SCMContainerPlacementRandom
2021-10-08 06:50:05,678 [main] INFO  pipeline.PipelineStateManagerImpl (PipelineStateManagerImpl.java:initialize(78)) - No pipeline exists in current db
2021-10-08 06:50:05,716 [main] INFO  algorithms.LeaderChoosePolicyFactory (LeaderChoosePolicyFactory.java:getPolicy(57)) - Create leader choose policy of type org.apache.hadoop.hdds.scm.pipeline.leader.choose.algorithms.MinLeaderCountChoosePolicy
2021-10-08 06:50:05,726 [main] INFO  ha.SCMServiceManager (SCMServiceManager.java:register(43)) - Registering service BackgroundPipelineCreator.
2021-10-08 06:50:05,726 [main] INFO  pipeline.BackgroundPipelineCreator (BackgroundPipelineCreatorV2.java:start(130)) - Starting RatisPipelineUtilsThread.
2021-10-08 06:50:05,772 [main] INFO  algorithms.PipelineChoosePolicyFactory (PipelineChoosePolicyFactory.java:createPipelineChoosePolicyFromClass(73)) - Create pipeline choose policy of type org.apache.hadoop.hdds.scm.pipeline.choose.algorithms.RandomPipelineChoosePolicy
2021-10-08 06:50:05,796 [main] INFO  ha.SCMServiceManager (SCMServiceManager.java:register(43)) - Registering service SCMBlockDeletingService.
2021-10-08 06:50:05,829 [main] INFO  ha.SCMServiceManager (SCMServiceManager.java:register(43)) - Registering service ReplicationManager.
2021-10-08 06:50:05,833 [main] INFO  container.ReplicationManager (ReplicationManager.java:start(319)) - Starting Replication Monitor Thread.
2021-10-08 06:50:05,848 [main] INFO  safemode.ContainerSafeModeRule (ContainerSafeModeRule.java:<init>(89)) - containers with one replica threshold count 0
2021-10-08 06:50:05,850 [ReplicationMonitor] INFO  container.ReplicationManager (ReplicationManager.java:processAll(371)) - Replication Monitor Thread took 1 milliseconds for processing 0 containers.
2021-10-08 06:50:05,853 [main] INFO  safemode.HealthyPipelineSafeModeRule (HealthyPipelineSafeModeRule.java:initializeRule(156)) - Total pipeline count is 0, healthy pipeline threshold count is 1
2021-10-08 06:50:05,856 [main] INFO  safemode.OneReplicaPipelineSafeModeRule (OneReplicaPipelineSafeModeRule.java:initializeRule(180)) - Total pipeline count is 0, pipeline's with at least one datanode reported threshold count is 0
2021-10-08 06:50:06,330 [main] INFO  ipc.CallQueueManager (CallQueueManager.java:<init>(90)) - Using callQueue: class java.util.concurrent.LinkedBlockingQueue, queueCapacity: 2000, scheduler: class org.apache.hadoop.ipc.DefaultRpcScheduler, ipcBackoff: false.
2021-10-08 06:50:06,376 [Socket Reader #1 for port 0] INFO  ipc.Server (Server.java:run(1265)) - Starting Socket Reader #1 for port 0
2021-10-08 06:50:06,426 [Listener at 0.0.0.0/39515] INFO  ipc.CallQueueManager (CallQueueManager.java:<init>(90)) - Using callQueue: class java.util.concurrent.LinkedBlockingQueue, queueCapacity: 2000, scheduler: class org.apache.hadoop.ipc.DefaultRpcScheduler, ipcBackoff: false.
2021-10-08 06:50:06,427 [Socket Reader #1 for port 0] INFO  ipc.Server (Server.java:run(1265)) - Starting Socket Reader #1 for port 0
2021-10-08 06:50:06,447 [Listener at 0.0.0.0/38543] INFO  ipc.CallQueueManager (CallQueueManager.java:<init>(90)) - Using callQueue: class java.util.concurrent.LinkedBlockingQueue, queueCapacity: 2000, scheduler: class org.apache.hadoop.ipc.DefaultRpcScheduler, ipcBackoff: false.
2021-10-08 06:50:06,449 [Socket Reader #1 for port 0] INFO  ipc.Server (Server.java:run(1265)) - Starting Socket Reader #1 for port 0
2021-10-08 06:50:06,501 [Listener at 0.0.0.0/42833] INFO  algorithms.ContainerPlacementPolicyFactory (ContainerPlacementPolicyFactory.java:getPolicy(60)) - Create container placement policy of type org.apache.hadoop.hdds.scm.container.placement.algorithms.SCMContainerPlacementRandom
2021-10-08 06:50:06,506 [Listener at 0.0.0.0/42833] INFO  server.StorageContainerManager (StorageContainerManager.java:<init>(388)) - 
Container Balancer status:
Key                            Value
Running                        false
Container Balancer Configuration values:
Key                                                Value
Threshold                                          0.1
Max Datanodes to Involve per Iteration(ratio)      0.2
Max Size to Move per Iteration                     32212254720B

2021-10-08 06:50:06,506 [Listener at 0.0.0.0/42833] WARN  events.EventQueue (EventQueue.java:fireEvent(194)) - No event handler registered for event TypedEvent{payloadType=SafeModeStatus, name='Safe mode status'}
2021-10-08 06:50:06,507 [Listener at 0.0.0.0/42833] INFO  ha.SCMContext (SCMContext.java:updateSafeModeStatus(205)) - Update SafeModeStatus from SafeModeStatus{safeModeStatus=true, preCheckPassed=false} to SafeModeStatus{safeModeStatus=true, preCheckPassed=false}.
2021-10-08 06:50:06,509 [Listener at 0.0.0.0/42833] INFO  server.StorageContainerManager (StorageContainerManager.java:start(1303)) - StorageContainerLocationProtocol RPC server is listening at /0.0.0.0:42833
2021-10-08 06:50:06,597 [Listener at 0.0.0.0/42833] WARN  impl.MetricsConfig (MetricsConfig.java:loadFirst(136)) - Cannot locate configuration: tried hadoop-metrics2-storagecontainermanager.properties,hadoop-metrics2.properties
2021-10-08 06:50:06,611 [Listener at 0.0.0.0/42833] INFO  impl.MetricsSystemImpl (MetricsSystemImpl.java:startTimer(378)) - Scheduled Metric snapshot period at 10 second(s).
2021-10-08 06:50:06,616 [Listener at 0.0.0.0/42833] INFO  impl.MetricsSystemImpl (MetricsSystemImpl.java:start(191)) - StorageContainerManager metrics system started
2021-10-08 06:50:07,018 [Listener at 0.0.0.0/42833] INFO  server.SCMClientProtocolServer (SCMClientProtocolServer.java:start(164)) - RPC server for Client  is listening at /0.0.0.0:42833
2021-10-08 06:50:07,021 [IPC Server Responder] INFO  ipc.Server (Server.java:run(1507)) - IPC Server Responder: starting
2021-10-08 06:50:07,027 [IPC Server listener on 0] INFO  ipc.Server (Server.java:run(1344)) - IPC Server listener on 0: starting
2021-10-08 06:50:07,041 [Listener at 0.0.0.0/42833] INFO  server.StorageContainerManager (StorageContainerManager.java:start(1318)) - ScmBlockLocationProtocol RPC server is listening at /0.0.0.0:38543
2021-10-08 06:50:07,044 [Listener at 0.0.0.0/42833] INFO  server.SCMBlockProtocolServer (SCMBlockProtocolServer.java:start(151)) - RPC server for Block Protocol is listening at /0.0.0.0:38543
2021-10-08 06:50:07,047 [IPC Server Responder] INFO  ipc.Server (Server.java:run(1507)) - IPC Server Responder: starting
2021-10-08 06:50:07,047 [IPC Server listener on 0] INFO  ipc.Server (Server.java:run(1344)) - IPC Server listener on 0: starting
2021-10-08 06:50:07,052 [Listener at 0.0.0.0/42833] INFO  server.StorageContainerManager (StorageContainerManager.java:start(1324)) - ScmDatanodeProtocl RPC server is listening at /0.0.0.0:39515
2021-10-08 06:50:07,052 [Listener at 0.0.0.0/42833] INFO  server.SCMDatanodeProtocolServer (SCMDatanodeProtocolServer.java:start(181)) - RPC server for DataNodes is listening at /0.0.0.0:39515
2021-10-08 06:50:07,059 [IPC Server Responder] INFO  ipc.Server (Server.java:run(1507)) - IPC Server Responder: starting
2021-10-08 06:50:07,061 [IPC Server listener on 0] INFO  ipc.Server (Server.java:run(1344)) - IPC Server listener on 0: starting
2021-10-08 06:50:07,090 [org.apache.hadoop.util.JvmPauseMonitor$Monitor@2bf0c70d] INFO  util.JvmPauseMonitor (JvmPauseMonitor.java:run(188)) - Starting JVM pause monitor
2021-10-08 06:50:07,099 [Listener at 0.0.0.0/42833] INFO  http.BaseHttpServer (BaseHttpServer.java:newHttpServer2BuilderForOzone(209)) - Starting Web-server for scm at: http://0.0.0.0:0
2021-10-08 06:50:07,099 [Listener at 0.0.0.0/42833] INFO  http.BaseHttpServer (BaseHttpServer.java:<init>(107)) - Hadoop Security Enabled: false Ozone Security Enabled: false Ozone HTTP Security Enabled: false 
2021-10-08 06:50:07,132 [Listener at 0.0.0.0/42833] INFO  util.log (Log.java:initialized(170)) - Logging initialized @5026ms to org.eclipse.jetty.util.log.Slf4jLog
2021-10-08 06:50:07,253 [Listener at 0.0.0.0/42833] INFO  server.AuthenticationFilter (AuthenticationFilter.java:constructSecretProvider(240)) - Unable to initialize FileSignerSecretProvider, falling back to use random secrets.
2021-10-08 06:50:07,258 [Listener at 0.0.0.0/42833] WARN  http.HttpRequestLog (HttpRequestLog.java:getRequestLog(103)) - Jetty request log can only be enabled using Log4j
2021-10-08 06:50:07,269 [Listener at 0.0.0.0/42833] INFO  http.HttpServer2 (HttpServer2.java:addGlobalFilter(1030)) - Added global filter 'safety' (class=org.apache.hadoop.hdds.server.http.HttpServer2$QuotingInputFilter)
2021-10-08 06:50:07,271 [Listener at 0.0.0.0/42833] INFO  http.HttpServer2 (HttpServer2.java:addFilter(1006)) - Added filter static_user_filter (class=org.apache.hadoop.http.lib.StaticUserWebFilter$StaticUserFilter) to context scm
2021-10-08 06:50:07,272 [Listener at 0.0.0.0/42833] INFO  http.HttpServer2 (HttpServer2.java:addFilter(1014)) - Added filter static_user_filter (class=org.apache.hadoop.http.lib.StaticUserWebFilter$StaticUserFilter) to context logs
2021-10-08 06:50:07,272 [Listener at 0.0.0.0/42833] INFO  http.HttpServer2 (HttpServer2.java:addFilter(1014)) - Added filter static_user_filter (class=org.apache.hadoop.http.lib.StaticUserWebFilter$StaticUserFilter) to context static
2021-10-08 06:50:07,323 [Listener at 0.0.0.0/42833] INFO  http.HttpServer2 (HttpServer2.java:bindListener(1249)) - Jetty bound to port 45945
2021-10-08 06:50:07,326 [Listener at 0.0.0.0/42833] INFO  server.Server (Server.java:doStart(375)) - jetty-9.4.43.v20210629; built: 2021-06-30T11:07:22.254Z; git: 526006ecfa3af7f1a27ef3a288e2bef7ea9dd7e8; jvm 1.8.0_292-b10
2021-10-08 06:50:07,358 [Listener at 0.0.0.0/42833] INFO  server.session (DefaultSessionIdManager.java:doStart(334)) - DefaultSessionIdManager workerName=node0
2021-10-08 06:50:07,358 [Listener at 0.0.0.0/42833] INFO  server.session (DefaultSessionIdManager.java:doStart(339)) - No SessionScavenger set, using defaults
2021-10-08 06:50:07,360 [Listener at 0.0.0.0/42833] INFO  server.session (HouseKeeper.java:startScavenging(132)) - node0 Scavenging every 600000ms
2021-10-08 06:50:07,374 [Listener at 0.0.0.0/42833] INFO  handler.ContextHandler (ContextHandler.java:doStart(915)) - Started o.e.j.s.ServletContextHandler@1cca3e8c{logs,/logs,file:///home/runner/work/ozone/ozone/hadoop-ozone/integration-test/target/log,AVAILABLE}
2021-10-08 06:50:07,375 [Listener at 0.0.0.0/42833] INFO  handler.ContextHandler (ContextHandler.java:doStart(915)) - Started o.e.j.s.ServletContextHandler@5cf33d25{static,/static,file:///home/runner/work/ozone/ozone/hadoop-ozone/integration-test/target/test-classes/webapps/static,AVAILABLE}
2021-10-08 06:50:07,426 [Listener at 0.0.0.0/42833] INFO  handler.ContextHandler (ContextHandler.java:doStart(915)) - Started o.e.j.w.WebAppContext@1e592ef2{scm,/,file:///home/runner/work/ozone/ozone/hadoop-ozone/integration-test/target/test-classes/webapps/scm/,AVAILABLE}{file:/home/runner/work/ozone/ozone/hadoop-ozone/integration-test/target/test-classes/webapps/scm}
2021-10-08 06:50:07,439 [Listener at 0.0.0.0/42833] INFO  server.AbstractConnector (AbstractConnector.java:doStart(331)) - Started ServerConnector@78ea700f{HTTP/1.1, (http/1.1)}{0.0.0.0:45945}
2021-10-08 06:50:07,440 [Listener at 0.0.0.0/42833] INFO  server.Server (Server.java:doStart(415)) - Started @5334ms
2021-10-08 06:50:07,444 [Listener at 0.0.0.0/42833] INFO  impl.MetricsSinkAdapter (MetricsSinkAdapter.java:start(204)) - Sink prometheus started
2021-10-08 06:50:07,445 [Listener at 0.0.0.0/42833] INFO  impl.MetricsSystemImpl (MetricsSystemImpl.java:registerSink(305)) - Registered sink prometheus
2021-10-08 06:50:07,446 [Listener at 0.0.0.0/42833] INFO  http.BaseHttpServer (BaseHttpServer.java:updateConnectorAddress(329)) - HTTP server of scm listening at http://0.0.0.0:45945
2021-10-08 06:50:07,448 [Listener at 0.0.0.0/42833] WARN  server.ServerUtils (ServerUtils.java:getDBPath(225)) - ozone.om.db.dirs is not configured. We recommend adding this setting. Falling back to ozone.metadata.dirs instead.
2021-10-08 06:50:07,575 [Listener at 0.0.0.0/42833] INFO  ha.OMHANodeDetails (OMHANodeDetails.java:loadOMHAConfig(112)) - ozone.om.internal.service.id is not defined, falling back to ozone.om.service.ids to find serviceID for OzoneManager if it is HA enabled cluster
2021-10-08 06:50:07,579 [Listener at 0.0.0.0/42833] INFO  ha.OMHANodeDetails (OMHANodeDetails.java:loadOMHAConfig(219)) - Configuration does not have ozone.om.address set. Falling back to the default OM address /127.0.0.1:0
2021-10-08 06:50:07,579 [Listener at 0.0.0.0/42833] INFO  ha.OMHANodeDetails (OMHANodeDetails.java:getOMNodeDetails(247)) - OM Service ID is not set. Setting it to the default ID: omServiceIdDefault
2021-10-08 06:50:07,579 [Listener at 0.0.0.0/42833] INFO  ha.OMHANodeDetails (OMHANodeDetails.java:getOMNodeDetails(254)) - OM Node ID is not set. Setting it to the default ID: om1
2021-10-08 06:50:07,585 [Listener at 0.0.0.0/42833] WARN  server.ServerUtils (ServerUtils.java:getDBPath(225)) - ozone.om.db.dirs is not configured. We recommend adding this setting. Falling back to ozone.metadata.dirs instead.
2021-10-08 06:50:07,588 [Listener at 0.0.0.0/42833] INFO  upgrade.AbstractLayoutVersionManager (AbstractLayoutVersionManager.java:init(79)) - Initializing Layout version manager with metadata layout = INITIAL_VERSION (version = 0), software layout = INITIAL_VERSION (version = 0)
2021-10-08 06:50:07,670 [Listener at 0.0.0.0/42833] INFO  reflections.Reflections (Reflections.java:scan(232)) - Reflections took 76 ms to scan 2 urls, producing 131 keys and 342 values [using 2 cores]
2021-10-08 06:50:07,682 [Listener at 0.0.0.0/42833] INFO  upgrade.OMLayoutVersionManager (OMLayoutVersionManager.java:lambda$0(115)) - Skipping Upgrade Action MockOmUpgradeAction since it has been finalized.
2021-10-08 06:50:07,687 [Listener at 0.0.0.0/42833] WARN  server.ServerUtils (ServerUtils.java:getDBPath(225)) - ozone.om.db.dirs is not configured. We recommend adding this setting. Falling back to ozone.metadata.dirs instead.
2021-10-08 06:50:08,133 [Listener at 0.0.0.0/42833] WARN  server.ServerUtils (ServerUtils.java:getDBPath(225)) - ozone.om.db.dirs is not configured. We recommend adding this setting. Falling back to ozone.metadata.dirs instead.
2021-10-08 06:50:08,140 [Listener at 0.0.0.0/42833] INFO  codec.OmKeyInfoCodec (OmKeyInfoCodec.java:<init>(51)) - OmKeyInfoCodec ignorePipeline = true
2021-10-08 06:50:08,142 [Listener at 0.0.0.0/42833] INFO  codec.RepeatedOmKeyInfoCodec (RepeatedOmKeyInfoCodec.java:<init>(42)) - RepeatedOmKeyInfoCodec ignorePipeline = true
2021-10-08 06:50:08,376 [Listener at 0.0.0.0/42833] INFO  om.OzoneManager (OzoneManager.java:addS3GVolumeToDB(4127)) - Created Volume s3v With Owner runner required for S3Gateway operations.
2021-10-08 06:50:08,450 [Listener at 0.0.0.0/42833] WARN  server.ServerUtils (ServerUtils.java:getDefaultRatisDirectory(237)) - Storage directory for Ratis is not configured. It is a good idea to map this to an SSD disk. Falling back to ozone.metadata.dirs
2021-10-08 06:50:08,451 [Listener at 0.0.0.0/42833] WARN  utils.OzoneManagerRatisUtils (OzoneManagerRatisUtils.java:getOMRatisSnapshotDirectory(435)) - ozone.om.ratis.snapshot.dir is not configured. Falling back to ozone.metadata.dirs config
2021-10-08 06:50:08,485 [Listener at 0.0.0.0/42833] WARN  server.ServerUtils (ServerUtils.java:getDefaultRatisDirectory(237)) - Storage directory for Ratis is not configured. It is a good idea to map this to an SSD disk. Falling back to ozone.metadata.dirs
2021-10-08 06:50:08,519 [Listener at 0.0.0.0/42833] INFO  ratis.OzoneManagerRatisServer (OzoneManagerRatisServer.java:<init>(158)) - Instantiating OM Ratis server with groupID: omServiceIdDefault and peers: localhost:9872
2021-10-08 06:50:08,530 [Listener at 0.0.0.0/42833] INFO  ratis.OzoneManagerStateMachine (OzoneManagerStateMachine.java:loadSnapshotInfoFromDB(605)) - LastAppliedIndex is set from TransactionInfo from OM DB as (t:0, i:~)
2021-10-08 06:50:08,565 [Listener at 0.0.0.0/42833] INFO  server.RaftServer (ConfUtils.java:logGet(44)) - raft.rpc.type = GRPC (default)
2021-10-08 06:50:08,675 [Listener at 0.0.0.0/42833] INFO  grpc.GrpcFactory (GrpcFactory.java:checkPooledByteBufAllocatorUseCacheForAllThreads(48)) - PERFORMANCE WARNING: useCacheForAllThreads is true that may cause Netty to create a lot garbage objects and, as a result, trigger GC.
	It is recommended to disable useCacheForAllThreads by setting -Dorg.apache.ratis.thirdparty.io.netty.allocator.useCacheForAllThreads=false in command line.
2021-10-08 06:50:08,681 [Listener at 0.0.0.0/42833] INFO  grpc.GrpcConfigKeys (ConfUtils.java:logGet(44)) - raft.grpc.admin.port = -1 (default)
2021-10-08 06:50:08,682 [Listener at 0.0.0.0/42833] INFO  grpc.GrpcConfigKeys (ConfUtils.java:logGet(44)) - raft.grpc.server.port = 9872 (custom)
2021-10-08 06:50:08,683 [Listener at 0.0.0.0/42833] INFO  grpc.GrpcConfigKeys (ConfUtils.java:logGet(44)) - raft.grpc.client.port = -1 (default)
2021-10-08 06:50:08,683 [Listener at 0.0.0.0/42833] INFO  grpc.GrpcConfigKeys (ConfUtils.java:logGet(44)) - raft.grpc.server.port = 9872 (custom)
2021-10-08 06:50:08,683 [Listener at 0.0.0.0/42833] INFO  grpc.GrpcConfigKeys (ConfUtils.java:logGet(44)) - raft.grpc.server.port = 9872 (custom)
2021-10-08 06:50:08,684 [Listener at 0.0.0.0/42833] INFO  server.GrpcService (ConfUtils.java:logGet(44)) - raft.grpc.message.size.max = 33554432 (custom)
2021-10-08 06:50:08,700 [Listener at 0.0.0.0/42833] INFO  server.RaftServerConfigKeys (ConfUtils.java:logGet(44)) - raft.server.log.appender.buffer.byte-limit = 33554432 (custom)
2021-10-08 06:50:08,702 [Listener at 0.0.0.0/42833] INFO  server.GrpcService (ConfUtils.java:logGet(44)) - raft.grpc.flow.control.window = 1MB (=1048576) (default)
2021-10-08 06:50:08,703 [Listener at 0.0.0.0/42833] INFO  server.RaftServerConfigKeys (ConfUtils.java:logGet(44)) - raft.server.rpc.request.timeout = 3000ms (default)
2021-10-08 06:50:09,052 [Listener at 0.0.0.0/42833] INFO  impl.DataStreamServerImpl (ConfUtils.java:logGet(44)) - raft.datastream.type = DISABLED (default)
2021-10-08 06:50:09,055 [Listener at 0.0.0.0/42833] INFO  server.RaftServerConfigKeys (ConfUtils.java:logGet(44)) - raft.server.rpc.slowness.timeout = 120s (custom)
2021-10-08 06:50:09,055 [Listener at 0.0.0.0/42833] INFO  server.RaftServerConfigKeys (ConfUtils.java:logGet(44)) - raft.server.leaderelection.leader.step-down.wait-time = 10s (default)
2021-10-08 06:50:09,074 [Listener at 0.0.0.0/42833] INFO  server.RaftServerConfigKeys (ConfUtils.java:logGet(44)) - raft.server.storage.dir = [/home/runner/work/ozone/ozone/hadoop-ozone/integration-test/target/test-dir/MiniOzoneClusterImpl-22559c4f-4ba5-459a-8a40-bbe24e716d33/ozone-meta/ratis] (custom)
2021-10-08 06:50:09,081 [Listener at 0.0.0.0/42833] INFO  server.RaftServer (RaftServerProxy.java:addNew(95)) - om1: addNew group-C5BA1605619E:[om1|rpc:localhost:9872|priority:0] returns group-C5BA1605619E:java.util.concurrent.CompletableFuture@19181b06[Not completed]
2021-10-08 06:50:09,081 [Listener at 0.0.0.0/42833] INFO  om.OzoneManager (OzoneManager.java:initializeRatisServer(1585)) - OzoneManager Ratis server initialized at port 9872
2021-10-08 06:50:09,100 [Listener at 0.0.0.0/42833] INFO  ipc.CallQueueManager (CallQueueManager.java:<init>(90)) - Using callQueue: class java.util.concurrent.LinkedBlockingQueue, queueCapacity: 2000, scheduler: class org.apache.hadoop.ipc.DefaultRpcScheduler, ipcBackoff: false.
2021-10-08 06:50:09,124 [Socket Reader #1 for port 0] INFO  ipc.Server (Server.java:run(1265)) - Starting Socket Reader #1 for port 0
2021-10-08 06:50:09,129 [pool-39-thread-1] INFO  server.RaftServer$Division (RaftServerImpl.java:<init>(181)) - om1: new RaftServerImpl for group-C5BA1605619E:[om1|rpc:localhost:9872|priority:0] with OzoneManagerStateMachine:uninitialized
2021-10-08 06:50:09,135 [pool-39-thread-1] INFO  server.RaftServerConfigKeys (ConfUtils.java:logGet(44)) - raft.server.rpc.timeout.min = 1s (custom)
2021-10-08 06:50:09,136 [pool-39-thread-1] INFO  server.RaftServerConfigKeys (ConfUtils.java:logGet(44)) - raft.server.rpc.timeout.max = 1200ms (custom)
2021-10-08 06:50:09,136 [pool-39-thread-1] INFO  server.RaftServerConfigKeys (ConfUtils.java:logGet(44)) - raft.server.rpc.sleep.time = 25ms (default)
2021-10-08 06:50:09,136 [pool-39-thread-1] INFO  server.RaftServerConfigKeys (ConfUtils.java:logGet(44)) - raft.server.rpc.slowness.timeout = 120s (custom)
2021-10-08 06:50:09,136 [pool-39-thread-1] INFO  server.RaftServerConfigKeys (ConfUtils.java:logGet(44)) - raft.server.leaderelection.leader.step-down.wait-time = 10s (default)
2021-10-08 06:50:09,136 [pool-39-thread-1] INFO  server.RaftServerConfigKeys (ConfUtils.java:logGet(44)) - raft.server.sleep.deviation.threshold = 300ms (default)
2021-10-08 06:50:09,137 [pool-39-thread-1] INFO  server.RaftServerConfigKeys (ConfUtils.java:logGet(44)) - raft.server.log.appender.install.snapshot.enabled = false (custom)
2021-10-08 06:50:09,170 [pool-39-thread-1] INFO  server.RaftServer$Division (ServerState.java:<init>(105)) - om1@group-C5BA1605619E: ConfigurationManager, init=-1: [om1|rpc:localhost:9872|priority:0], old=null, confs=<EMPTY_MAP>
2021-10-08 06:50:09,171 [pool-39-thread-1] INFO  server.RaftServerConfigKeys (ConfUtils.java:logGet(44)) - raft.server.storage.dir = [/home/runner/work/ozone/ozone/hadoop-ozone/integration-test/target/test-dir/MiniOzoneClusterImpl-22559c4f-4ba5-459a-8a40-bbe24e716d33/ozone-meta/ratis] (custom)
2021-10-08 06:50:09,176 [pool-39-thread-1] INFO  server.RaftServerConfigKeys (ConfUtils.java:logGet(44)) - raft.server.log.corruption.policy = EXCEPTION (default)
2021-10-08 06:50:09,177 [pool-39-thread-1] INFO  server.RaftServerConfigKeys (ConfUtils.java:logGet(44)) - raft.server.storage.free-space.min = 0MB (=0) (default)
2021-10-08 06:50:09,185 [pool-39-thread-1] INFO  storage.RaftStorageDirectory (RaftStorageDirectoryImpl.java:analyzeStorage(135)) - The storage directory /home/runner/work/ozone/ozone/hadoop-ozone/integration-test/target/test-dir/MiniOzoneClusterImpl-22559c4f-4ba5-459a-8a40-bbe24e716d33/ozone-meta/ratis/bf265839-605b-3f16-9796-c5ba1605619e does not exist. Creating ...
2021-10-08 06:50:09,197 [pool-39-thread-1] INFO  storage.RaftStorageDirectory (RaftStorageDirectoryImpl.java:tryLock(230)) - Lock on /home/runner/work/ozone/ozone/hadoop-ozone/integration-test/target/test-dir/MiniOzoneClusterImpl-22559c4f-4ba5-459a-8a40-bbe24e716d33/ozone-meta/ratis/bf265839-605b-3f16-9796-c5ba1605619e/in_use.lock acquired by nodename 13400@fv-az116-933
2021-10-08 06:50:09,210 [Listener at 127.0.0.1/41649] INFO  om.OzoneManager (OzoneManager.java:initFSOLayout(4333)) - Configured ozone.om.metadata.layout=SIMPLE and disabled optimized OM FS operations
2021-10-08 06:50:09,211 [pool-39-thread-1] INFO  storage.RaftStorage (RaftStorageImpl.java:format(89)) - Storage directory /home/runner/work/ozone/ozone/hadoop-ozone/integration-test/target/test-dir/MiniOzoneClusterImpl-22559c4f-4ba5-459a-8a40-bbe24e716d33/ozone-meta/ratis/bf265839-605b-3f16-9796-c5ba1605619e has been successfully formatted.
2021-10-08 06:50:09,214 [pool-39-thread-1] INFO  server.RaftServerConfigKeys (ConfUtils.java:logGet(44)) - raft.server.notification.no-leader.timeout = 120s (custom)
2021-10-08 06:50:09,216 [pool-39-thread-1] INFO  server.RaftServerConfigKeys (ConfUtils.java:logGet(44)) - raft.server.log.use.memory = false (default)
2021-10-08 06:50:09,217 [Listener at 127.0.0.1/41649] INFO  impl.MetricsSystemImpl (MetricsSystemImpl.java:init(158)) - OzoneManager metrics system started (again)
2021-10-08 06:50:09,238 [pool-39-thread-1] INFO  server.RaftServerConfigKeys (ConfUtils.java:logGet(44)) - raft.server.log.purge.gap = 1000000 (custom)
2021-10-08 06:50:09,239 [pool-39-thread-1] INFO  server.RaftServerConfigKeys (ConfUtils.java:logGet(44)) - raft.server.log.appender.buffer.byte-limit = 33554432 (custom)
2021-10-08 06:50:09,248 [Listener at 127.0.0.1/41649] INFO  om.OzoneManager (OzoneManager.java:start(1281)) - OzoneManager RPC server is listening at localhost/127.0.0.1:41649
2021-10-08 06:50:09,249 [Listener at 127.0.0.1/41649] INFO  ratis.OzoneManagerRatisServer (OzoneManagerRatisServer.java:start(516)) - Starting OzoneManagerRatisServer om1 at port 9872
2021-10-08 06:50:09,260 [pool-39-thread-1] INFO  server.RaftServerConfigKeys (ConfUtils.java:logGet(44)) - raft.server.log.segment.size.max = 4194304 (custom)
2021-10-08 06:50:09,269 [pool-39-thread-1] INFO  server.RaftServerConfigKeys (ConfUtils.java:logGet(44)) - raft.server.log.segment.cache.num.max = 2 (custom)
2021-10-08 06:50:09,270 [pool-39-thread-1] INFO  server.RaftServerConfigKeys (ConfUtils.java:logGet(44)) - raft.server.log.segment.cache.size.max = 200MB (=209715200) (default)
2021-10-08 06:50:09,277 [pool-39-thread-1] INFO  segmented.SegmentedRaftLogWorker (SegmentedRaftLogWorker.java:<init>(182)) - new om1@group-C5BA1605619E-SegmentedRaftLogWorker for RaftStorageImpl:Storage Directory /home/runner/work/ozone/ozone/hadoop-ozone/integration-test/target/test-dir/MiniOzoneClusterImpl-22559c4f-4ba5-459a-8a40-bbe24e716d33/ozone-meta/ratis/bf265839-605b-3f16-9796-c5ba1605619e
2021-10-08 06:50:09,277 [pool-39-thread-1] INFO  server.RaftServerConfigKeys (ConfUtils.java:logGet(44)) - raft.server.log.queue.byte-limit = 64MB (=67108864) (default)
2021-10-08 06:50:09,278 [pool-39-thread-1] INFO  server.RaftServerConfigKeys (ConfUtils.java:logGet(44)) - raft.server.log.queue.element-limit = 4096 (default)
2021-10-08 06:50:09,279 [pool-39-thread-1] INFO  server.RaftServerConfigKeys (ConfUtils.java:logGet(44)) - raft.server.log.segment.size.max = 4194304 (custom)
2021-10-08 06:50:09,280 [pool-39-thread-1] INFO  server.RaftServerConfigKeys (ConfUtils.java:logGet(44)) - raft.server.log.preallocated.size = 4194304 (custom)
2021-10-08 06:50:09,280 [pool-39-thread-1] INFO  server.RaftServerConfigKeys (ConfUtils.java:logGet(44)) - raft.server.log.force.sync.num = 128 (default)
2021-10-08 06:50:09,282 [pool-39-thread-1] INFO  server.RaftServerConfigKeys (ConfUtils.java:logGet(44)) - raft.server.log.statemachine.data.sync = true (default)
2021-10-08 06:50:09,282 [pool-39-thread-1] INFO  server.RaftServerConfigKeys (ConfUtils.java:logGet(44)) - raft.server.log.statemachine.data.sync.timeout = 10s (default)
2021-10-08 06:50:09,282 [pool-39-thread-1] INFO  server.RaftServerConfigKeys (ConfUtils.java:logGet(44)) - raft.server.log.statemachine.data.sync.timeout.retry = -1 (default)
2021-10-08 06:50:09,294 [pool-39-thread-1] INFO  server.RaftServerConfigKeys (ConfUtils.java:logGet(44)) - raft.server.log.write.buffer.size = 64KB (=65536) (default)
2021-10-08 06:50:09,295 [pool-39-thread-1] INFO  server.RaftServerConfigKeys (ConfUtils.java:logGet(44)) - raft.server.log.statemachine.data.caching.enabled = false (default)
2021-10-08 06:50:09,301 [pool-39-thread-1] INFO  segmented.SegmentedRaftLogWorker (SegmentedRaftLogWorker.java:lambda$new$0(133)) - om1@group-C5BA1605619E-SegmentedRaftLogWorker: flushIndex: setUnconditionally 0 -> -1
2021-10-08 06:50:09,302 [pool-39-thread-1] INFO  segmented.SegmentedRaftLogWorker (SegmentedRaftLogWorker.java:lambda$new$0(133)) - om1@group-C5BA1605619E-SegmentedRaftLogWorker: safeCacheEvictIndex: setUnconditionally 0 -> -1
2021-10-08 06:50:09,308 [pool-39-thread-1] INFO  server.RaftServerConfigKeys (ConfUtils.java:logGet(44)) - raft.server.snapshot.auto.trigger.enabled = true (custom)
2021-10-08 06:50:09,308 [pool-39-thread-1] INFO  server.RaftServerConfigKeys (ConfUtils.java:logGet(44)) - raft.server.snapshot.auto.trigger.threshold = 400000 (default)
2021-10-08 06:50:09,309 [pool-39-thread-1] INFO  server.RaftServerConfigKeys (ConfUtils.java:logGet(44)) - raft.server.snapshot.retention.file.num = -1 (default)
2021-10-08 06:50:09,310 [pool-39-thread-1] INFO  server.RaftServerConfigKeys (ConfUtils.java:logGet(44)) - raft.server.log.purge.upto.snapshot.index = true (custom)
2021-10-08 06:50:09,311 [pool-39-thread-1] INFO  server.RaftServerConfigKeys (ConfUtils.java:logGet(44)) - raft.server.retrycache.expirytime = 300s (custom)
2021-10-08 06:50:09,312 [pool-39-thread-1] INFO  server.RaftServerConfigKeys (ConfUtils.java:logGet(44)) - raft.server.retrycache.statistics.expirytime = 100μs (default)
2021-10-08 06:50:09,358 [Listener at 127.0.0.1/41649] INFO  server.RaftServer$Division (RaftServerImpl.java:start(296)) - om1@group-C5BA1605619E: start as a follower, conf=-1: [om1|rpc:localhost:9872|priority:0], old=null
2021-10-08 06:50:09,360 [Listener at 127.0.0.1/41649] INFO  server.RaftServer$Division (RaftServerImpl.java:setRole(285)) - om1@group-C5BA1605619E: changes role from      null to FOLLOWER at term 0 for startAsFollower
2021-10-08 06:50:09,361 [Listener at 127.0.0.1/41649] INFO  impl.RoleInfo (RoleInfo.java:updateAndGet(130)) - om1: start om1@group-C5BA1605619E-FollowerState
2021-10-08 06:50:09,363 [Listener at 127.0.0.1/41649] INFO  util.JmxRegister (JmxRegister.java:tryRegister(44)) - Successfully registered JMX Bean with object name Ratis:service=RaftServer,group=group-C5BA1605619E,id=om1
2021-10-08 06:50:09,370 [Listener at 127.0.0.1/41649] INFO  server.RaftServer (RaftServerProxy.java:lambda$start$5(374)) - om1: start RPC server
2021-10-08 06:50:09,440 [Listener at 127.0.0.1/41649] INFO  server.GrpcService (GrpcService.java:startImpl(253)) - om1: GrpcService started, listening on 9872
2021-10-08 06:50:09,444 [Listener at 127.0.0.1/41649] INFO  om.OzoneManager (OzoneManager.java:start(1299)) - Version File has different layout version (0) than OM DB (null). That is expected if this OM has never been finalized to a newer layout version.
2021-10-08 06:50:09,446 [org.apache.ratis.util.JvmPauseMonitor$$Lambda$521/36824495@89537c1] INFO  util.JvmPauseMonitor (JvmPauseMonitor.java:run(103)) - JvmPauseMonitor-om1: Started
2021-10-08 06:50:09,457 [Listener at 127.0.0.1/41649] INFO  http.BaseHttpServer (BaseHttpServer.java:newHttpServer2BuilderForOzone(209)) - Starting Web-server for ozoneManager at: http://0.0.0.0:0
2021-10-08 06:50:09,457 [Listener at 127.0.0.1/41649] INFO  http.BaseHttpServer (BaseHttpServer.java:<init>(107)) - Hadoop Security Enabled: false Ozone Security Enabled: false Ozone HTTP Security Enabled: false 
2021-10-08 06:50:09,459 [Listener at 127.0.0.1/41649] INFO  server.AuthenticationFilter (AuthenticationFilter.java:constructSecretProvider(240)) - Unable to initialize FileSignerSecretProvider, falling back to use random secrets.
2021-10-08 06:50:09,461 [Listener at 127.0.0.1/41649] WARN  http.HttpRequestLog (HttpRequestLog.java:getRequestLog(103)) - Jetty request log can only be enabled using Log4j
2021-10-08 06:50:09,463 [Listener at 127.0.0.1/41649] INFO  http.HttpServer2 (HttpServer2.java:addGlobalFilter(1030)) - Added global filter 'safety' (class=org.apache.hadoop.hdds.server.http.HttpServer2$QuotingInputFilter)
2021-10-08 06:50:09,466 [Listener at 127.0.0.1/41649] INFO  http.HttpServer2 (HttpServer2.java:addFilter(1006)) - Added filter static_user_filter (class=org.apache.hadoop.http.lib.StaticUserWebFilter$StaticUserFilter) to context ozoneManager
2021-10-08 06:50:09,469 [Listener at 127.0.0.1/41649] INFO  http.HttpServer2 (HttpServer2.java:addFilter(1014)) - Added filter static_user_filter (class=org.apache.hadoop.http.lib.StaticUserWebFilter$StaticUserFilter) to context static
2021-10-08 06:50:09,469 [Listener at 127.0.0.1/41649] INFO  http.HttpServer2 (HttpServer2.java:addFilter(1014)) - Added filter static_user_filter (class=org.apache.hadoop.http.lib.StaticUserWebFilter$StaticUserFilter) to context logs
2021-10-08 06:50:09,478 [Listener at 127.0.0.1/41649] INFO  http.HttpServer2 (HttpServer2.java:bindListener(1249)) - Jetty bound to port 46485
2021-10-08 06:50:09,479 [Listener at 127.0.0.1/41649] INFO  server.Server (Server.java:doStart(375)) - jetty-9.4.43.v20210629; built: 2021-06-30T11:07:22.254Z; git: 526006ecfa3af7f1a27ef3a288e2bef7ea9dd7e8; jvm 1.8.0_292-b10
2021-10-08 06:50:09,481 [Listener at 127.0.0.1/41649] INFO  server.session (DefaultSessionIdManager.java:doStart(334)) - DefaultSessionIdManager workerName=node0
2021-10-08 06:50:09,481 [Listener at 127.0.0.1/41649] INFO  server.session (DefaultSessionIdManager.java:doStart(339)) - No SessionScavenger set, using defaults
2021-10-08 06:50:09,481 [Listener at 127.0.0.1/41649] INFO  server.session (HouseKeeper.java:startScavenging(132)) - node0 Scavenging every 600000ms
2021-10-08 06:50:09,482 [Listener at 127.0.0.1/41649] INFO  handler.ContextHandler (ContextHandler.java:doStart(915)) - Started o.e.j.s.ServletContextHandler@25b2d26a{logs,/logs,file:///home/runner/work/ozone/ozone/hadoop-ozone/integration-test/target/log,AVAILABLE}
2021-10-08 06:50:09,483 [Listener at 127.0.0.1/41649] INFO  handler.ContextHandler (ContextHandler.java:doStart(915)) - Started o.e.j.s.ServletContextHandler@962e8c5{static,/static,file:///home/runner/work/ozone/ozone/hadoop-ozone/integration-test/target/test-classes/webapps/static,AVAILABLE}
2021-10-08 06:50:09,488 [Listener at 127.0.0.1/41649] INFO  handler.ContextHandler (ContextHandler.java:doStart(915)) - Started o.e.j.w.WebAppContext@2929ef51{ozoneManager,/,file:///home/runner/work/ozone/ozone/hadoop-ozone/integration-test/target/test-classes/webapps/ozoneManager/,AVAILABLE}{file:/home/runner/work/ozone/ozone/hadoop-ozone/integration-test/target/test-classes/webapps/ozoneManager}
2021-10-08 06:50:09,490 [Listener at 127.0.0.1/41649] INFO  server.AbstractConnector (AbstractConnector.java:doStart(331)) - Started ServerConnector@7d6d93f9{HTTP/1.1, (http/1.1)}{0.0.0.0:46485}
2021-10-08 06:50:09,490 [Listener at 127.0.0.1/41649] INFO  server.Server (Server.java:doStart(415)) - Started @7384ms
2021-10-08 06:50:09,490 [Listener at 127.0.0.1/41649] WARN  impl.MetricsSystemImpl (MetricsSystemImpl.java:register(279)) - Sink prometheus already exists!
2021-10-08 06:50:09,491 [Listener at 127.0.0.1/41649] INFO  http.BaseHttpServer (BaseHttpServer.java:updateConnectorAddress(329)) - HTTP server of ozoneManager listening at http://0.0.0.0:46485
2021-10-08 06:50:09,492 [IPC Server Responder] INFO  ipc.Server (Server.java:run(1507)) - IPC Server Responder: starting
2021-10-08 06:50:09,492 [IPC Server listener on 0] INFO  ipc.Server (Server.java:run(1344)) - IPC Server listener on 0: starting
2021-10-08 06:50:09,506 [Listener at 127.0.0.1/41649] INFO  om.OzoneManager (OzoneManager.java:startTrashEmptier(1543)) - Trash Interval set to 0. Files deleted will not move to trash
2021-10-08 06:50:09,520 [org.apache.hadoop.util.JvmPauseMonitor$Monitor@6707ab9] INFO  util.JvmPauseMonitor (JvmPauseMonitor.java:run(188)) - Starting JVM pause monitor
2021-10-08 06:50:09,686 [Listener at 127.0.0.1/41649] WARN  impl.MetricRegistriesImpl (MetricRegistriesImpl.java:addReporterRegistration(111)) - New reporters are added after registries were created. Some metrics will be missing from the reporter. Please add reporter before adding any new registry.
2021-10-08 06:50:09,686 [Listener at 127.0.0.1/41649] WARN  impl.MetricRegistriesImpl (MetricRegistriesImpl.java:addReporterRegistration(111)) - New reporters are added after registries were created. Some metrics will be missing from the reporter. Please add reporter before adding any new registry.
2021-10-08 06:50:09,686 [Listener at 127.0.0.1/41649] INFO  impl.MetricsSystemImpl (MetricsSystemImpl.java:init(158)) - HddsDatanode metrics system started (again)
2021-10-08 06:50:09,716 [Listener at 127.0.0.1/41649] INFO  ozone.HddsDatanodeService (HddsDatanodeService.java:start(234)) - HddsDatanodeService host:fv-az116-933.vzw04321ajxubdbcnpick5nqva.xx.internal.cloudapp.net ip:10.1.0.41
2021-10-08 06:50:09,757 [Listener at 127.0.0.1/41649] INFO  upgrade.AbstractLayoutVersionManager (AbstractLayoutVersionManager.java:init(79)) - Initializing Layout version manager with metadata layout = SCM_HA (version = 2), software layout = SCM_HA (version = 2)
2021-10-08 06:50:09,813 [Listener at 127.0.0.1/41649] INFO  reflections.Reflections (Reflections.java:scan(232)) - Reflections took 49 ms to scan 7 urls, producing 119 keys and 275 values 
2021-10-08 06:50:09,896 [Listener at 127.0.0.1/41649] INFO  volume.HddsVolume (HddsVolume.java:<init>(120)) - Creating HddsVolume: /home/runner/work/ozone/ozone/hadoop-ozone/integration-test/target/test-dir/MiniOzoneClusterImpl-22559c4f-4ba5-459a-8a40-bbe24e716d33/datanode-0/data-0/containers/hdds of storage type : DISK capacity : 9223372036854775807
2021-10-08 06:50:09,898 [Listener at 127.0.0.1/41649] INFO  volume.MutableVolumeSet (MutableVolumeSet.java:initializeVolumeSet(168)) - Added Volume : /home/runner/work/ozone/ozone/hadoop-ozone/integration-test/target/test-dir/MiniOzoneClusterImpl-22559c4f-4ba5-459a-8a40-bbe24e716d33/datanode-0/data-0/containers/hdds to VolumeSet
2021-10-08 06:50:09,899 [Listener at 127.0.0.1/41649] INFO  volume.ThrottledAsyncChecker (ThrottledAsyncChecker.java:schedule(141)) - Scheduling a check for /home/runner/work/ozone/ozone/hadoop-ozone/integration-test/target/test-dir/MiniOzoneClusterImpl-22559c4f-4ba5-459a-8a40-bbe24e716d33/datanode-0/data-0/containers/hdds
2021-10-08 06:50:09,919 [Listener at 127.0.0.1/41649] INFO  volume.StorageVolumeChecker (StorageVolumeChecker.java:checkAllVolumes(202)) - Scheduled health check for volume /home/runner/work/ozone/ozone/hadoop-ozone/integration-test/target/test-dir/MiniOzoneClusterImpl-22559c4f-4ba5-459a-8a40-bbe24e716d33/datanode-0/data-0/containers/hdds
2021-10-08 06:50:09,947 [Listener at 127.0.0.1/41649] INFO  volume.MutableVolumeSet (MutableVolumeSet.java:initializeVolumeSet(168)) - Added Volume : /home/runner/work/ozone/ozone/hadoop-ozone/integration-test/target/test-dir/MiniOzoneClusterImpl-22559c4f-4ba5-459a-8a40-bbe24e716d33/datanode-0/data/ratis to VolumeSet
2021-10-08 06:50:09,947 [Listener at 127.0.0.1/41649] INFO  volume.ThrottledAsyncChecker (ThrottledAsyncChecker.java:schedule(141)) - Scheduling a check for /home/runner/work/ozone/ozone/hadoop-ozone/integration-test/target/test-dir/MiniOzoneClusterImpl-22559c4f-4ba5-459a-8a40-bbe24e716d33/datanode-0/data/ratis
2021-10-08 06:50:09,947 [Listener at 127.0.0.1/41649] INFO  volume.StorageVolumeChecker (StorageVolumeChecker.java:checkAllVolumes(202)) - Scheduled health check for volume /home/runner/work/ozone/ozone/hadoop-ozone/integration-test/target/test-dir/MiniOzoneClusterImpl-22559c4f-4ba5-459a-8a40-bbe24e716d33/datanode-0/data/ratis
2021-10-08 06:50:09,971 [Thread-129] INFO  ozoneimpl.ContainerReader (ContainerReader.java:readVolume(172)) - Finish verifying containers on volume /home/runner/work/ozone/ozone/hadoop-ozone/integration-test/target/test-dir/MiniOzoneClusterImpl-22559c4f-4ba5-459a-8a40-bbe24e716d33/datanode-0/data-0/containers/hdds
2021-10-08 06:50:09,971 [Listener at 127.0.0.1/41649] INFO  ozoneimpl.OzoneContainer (OzoneContainer.java:buildContainerSet(236)) - Build ContainerSet costs 0s
2021-10-08 06:50:10,080 [Listener at 127.0.0.1/41649] INFO  server.RaftServer (ConfUtils.java:logGet(44)) - raft.rpc.type = GRPC (default)
2021-10-08 06:50:10,081 [Listener at 127.0.0.1/41649] INFO  grpc.GrpcFactory (GrpcFactory.java:checkPooledByteBufAllocatorUseCacheForAllThreads(48)) - PERFORMANCE WARNING: useCacheForAllThreads is true that may cause Netty to create a lot garbage objects and, as a result, trigger GC.
	It is recommended to disable useCacheForAllThreads by setting -Dorg.apache.ratis.thirdparty.io.netty.allocator.useCacheForAllThreads=false in command line.
2021-10-08 06:50:10,082 [Listener at 127.0.0.1/41649] INFO  grpc.GrpcConfigKeys (ConfUtils.java:logGet(44)) - raft.grpc.admin.port = 0 (custom)
2021-10-08 06:50:10,082 [Listener at 127.0.0.1/41649] INFO  grpc.GrpcConfigKeys (ConfUtils.java:logGet(44)) - raft.grpc.client.port = 0 (custom)
2021-10-08 06:50:10,082 [Listener at 127.0.0.1/41649] INFO  grpc.GrpcConfigKeys (ConfUtils.java:logGet(44)) - raft.grpc.server.port = 0 (default)
2021-10-08 06:50:10,084 [Listener at 127.0.0.1/41649] INFO  server.GrpcService (ConfUtils.java:logGet(44)) - raft.grpc.message.size.max = 32MB (=33554432) (custom)
2021-10-08 06:50:10,085 [Listener at 127.0.0.1/41649] INFO  server.RaftServerConfigKeys (ConfUtils.java:logGet(44)) - raft.server.log.appender.buffer.byte-limit = 33554432 (custom)
2021-10-08 06:50:10,085 [Listener at 127.0.0.1/41649] INFO  server.GrpcService (ConfUtils.java:logGet(44)) - raft.grpc.flow.control.window = 5MB (=5242880) (custom)
2021-10-08 06:50:10,085 [Listener at 127.0.0.1/41649] INFO  server.RaftServerConfigKeys (ConfUtils.java:logGet(44)) - raft.server.rpc.request.timeout = 3000ms (default)
2021-10-08 06:50:10,086 [Listener at 127.0.0.1/41649] INFO  impl.DataStreamServerImpl (ConfUtils.java:logGet(44)) - raft.datastream.type = DISABLED (default)
2021-10-08 06:50:10,087 [Listener at 127.0.0.1/41649] INFO  server.RaftServerConfigKeys (ConfUtils.java:logGet(44)) - raft.server.rpc.slowness.timeout = 300000ms (custom)
2021-10-08 06:50:10,087 [Listener at 127.0.0.1/41649] INFO  server.RaftServerConfigKeys (ConfUtils.java:logGet(44)) - raft.server.leaderelection.leader.step-down.wait-time = 10s (default)
2021-10-08 06:50:10,087 [Listener at 127.0.0.1/41649] INFO  server.RaftServerConfigKeys (ConfUtils.java:logGet(44)) - raft.server.storage.dir = [/home/runner/work/ozone/ozone/hadoop-ozone/integration-test/target/test-dir/MiniOzoneClusterImpl-22559c4f-4ba5-459a-8a40-bbe24e716d33/datanode-0/data/ratis] (custom)
2021-10-08 06:50:10,151 [Listener at 127.0.0.1/41649] INFO  http.BaseHttpServer (BaseHttpServer.java:newHttpServer2BuilderForOzone(209)) - Starting Web-server for hddsDatanode at: http://0.0.0.0:0
2021-10-08 06:50:10,151 [Listener at 127.0.0.1/41649] INFO  http.BaseHttpServer (BaseHttpServer.java:<init>(107)) - Hadoop Security Enabled: false Ozone Security Enabled: false Ozone HTTP Security Enabled: false 
2021-10-08 06:50:10,153 [Listener at 127.0.0.1/41649] INFO  server.AuthenticationFilter (AuthenticationFilter.java:constructSecretProvider(240)) - Unable to initialize FileSignerSecretProvider, falling back to use random secrets.
2021-10-08 06:50:10,156 [Listener at 127.0.0.1/41649] WARN  http.HttpRequestLog (HttpRequestLog.java:getRequestLog(103)) - Jetty request log can only be enabled using Log4j
2021-10-08 06:50:10,158 [Listener at 127.0.0.1/41649] INFO  http.HttpServer2 (HttpServer2.java:addGlobalFilter(1030)) - Added global filter 'safety' (class=org.apache.hadoop.hdds.server.http.HttpServer2$QuotingInputFilter)
2021-10-08 06:50:10,159 [Listener at 127.0.0.1/41649] INFO  http.HttpServer2 (HttpServer2.java:addFilter(1006)) - Added filter static_user_filter (class=org.apache.hadoop.http.lib.StaticUserWebFilter$StaticUserFilter) to context hddsDatanode
2021-10-08 06:50:10,159 [Listener at 127.0.0.1/41649] INFO  http.HttpServer2 (HttpServer2.java:addFilter(1014)) - Added filter static_user_filter (class=org.apache.hadoop.http.lib.StaticUserWebFilter$StaticUserFilter) to context static
2021-10-08 06:50:10,159 [Listener at 127.0.0.1/41649] INFO  http.HttpServer2 (HttpServer2.java:addFilter(1014)) - Added filter static_user_filter (class=org.apache.hadoop.http.lib.StaticUserWebFilter$StaticUserFilter) to context logs
2021-10-08 06:50:10,160 [Listener at 127.0.0.1/41649] INFO  http.HttpServer2 (HttpServer2.java:bindListener(1249)) - Jetty bound to port 44015
2021-10-08 06:50:10,161 [Listener at 127.0.0.1/41649] INFO  server.Server (Server.java:doStart(375)) - jetty-9.4.43.v20210629; built: 2021-06-30T11:07:22.254Z; git: 526006ecfa3af7f1a27ef3a288e2bef7ea9dd7e8; jvm 1.8.0_292-b10
2021-10-08 06:50:10,166 [Listener at 127.0.0.1/41649] INFO  server.session (DefaultSessionIdManager.java:doStart(334)) - DefaultSessionIdManager workerName=node0
2021-10-08 06:50:10,166 [Listener at 127.0.0.1/41649] INFO  server.session (DefaultSessionIdManager.java:doStart(339)) - No SessionScavenger set, using defaults
2021-10-08 06:50:10,166 [Listener at 127.0.0.1/41649] INFO  server.session (HouseKeeper.java:startScavenging(132)) - node0 Scavenging every 660000ms
2021-10-08 06:50:10,169 [Listener at 127.0.0.1/41649] INFO  handler.ContextHandler (ContextHandler.java:doStart(915)) - Started o.e.j.s.ServletContextHandler@3ecf180{logs,/logs,file:///home/runner/work/ozone/ozone/hadoop-ozone/integration-test/target/log,AVAILABLE}
2021-10-08 06:50:10,169 [Listener at 127.0.0.1/41649] INFO  handler.ContextHandler (ContextHandler.java:doStart(915)) - Started o.e.j.s.ServletContextHandler@3de6799f{static,/static,jar:file:/home/runner/.m2/repository/org/apache/ozone/hdds-container-service/1.2.0-SNAPSHOT/hdds-container-service-1.2.0-SNAPSHOT.jar!/webapps/static,AVAILABLE}
2021-10-08 06:50:10,240 [Listener at 127.0.0.1/41649] INFO  handler.ContextHandler (ContextHandler.java:doStart(915)) - Started o.e.j.w.WebAppContext@3507531f{hddsDatanode,/,file:///tmp/jetty-0_0_0_0-44015-hdds-container-service-1_2_0-SNAPSHOT_jar-_-any-2320843457812333530/webapp/,AVAILABLE}{jar:file:/home/runner/.m2/repository/org/apache/ozone/hdds-container-service/1.2.0-SNAPSHOT/hdds-container-service-1.2.0-SNAPSHOT.jar!/webapps/hddsDatanode}
2021-10-08 06:50:10,243 [Listener at 127.0.0.1/41649] INFO  server.AbstractConnector (AbstractConnector.java:doStart(331)) - Started ServerConnector@2b0a0c83{HTTP/1.1, (http/1.1)}{0.0.0.0:44015}
2021-10-08 06:50:10,243 [Listener at 127.0.0.1/41649] INFO  server.Server (Server.java:doStart(415)) - Started @8137ms
2021-10-08 06:50:10,243 [Listener at 127.0.0.1/41649] WARN  impl.MetricsSystemImpl (MetricsSystemImpl.java:register(279)) - Sink prometheus already exists!
2021-10-08 06:50:10,244 [Listener at 127.0.0.1/41649] INFO  http.BaseHttpServer (BaseHttpServer.java:updateConnectorAddress(329)) - HTTP server of hddsDatanode listening at http://0.0.0.0:44015
2021-10-08 06:50:10,247 [Listener at 127.0.0.1/41649] WARN  impl.MetricRegistriesImpl (MetricRegistriesImpl.java:addReporterRegistration(111)) - New reporters are added after registries were created. Some metrics will be missing from the reporter. Please add reporter before adding any new registry.
2021-10-08 06:50:10,247 [Listener at 127.0.0.1/41649] WARN  impl.MetricRegistriesImpl (MetricRegistriesImpl.java:addReporterRegistration(111)) - New reporters are added after registries were created. Some metrics will be missing from the reporter. Please add reporter before adding any new registry.
2021-10-08 06:50:10,247 [Listener at 127.0.0.1/41649] INFO  impl.MetricsSystemImpl (MetricsSystemImpl.java:init(158)) - HddsDatanode metrics system started (again)
2021-10-08 06:50:10,252 [Datanode State Machine Thread - 0] INFO  statemachine.DatanodeStateMachine (DatanodeStateMachine.java:lambda$startDaemon$0(456)) - Ozone container server started.
2021-10-08 06:50:10,271 [org.apache.hadoop.util.JvmPauseMonitor$Monitor@3aaba5b7] INFO  util.JvmPauseMonitor (JvmPauseMonitor.java:run(188)) - Starting JVM pause monitor
2021-10-08 06:50:10,271 [Listener at 127.0.0.1/41649] INFO  ozone.HddsDatanodeService (HddsDatanodeService.java:start(234)) - HddsDatanodeService host:fv-az116-933.vzw04321ajxubdbcnpick5nqva.xx.internal.cloudapp.net ip:10.1.0.41
2021-10-08 06:50:10,300 [Listener at 127.0.0.1/41649] INFO  upgrade.AbstractLayoutVersionManager (AbstractLayoutVersionManager.java:init(79)) - Initializing Layout version manager with metadata layout = SCM_HA (version = 2), software layout = SCM_HA (version = 2)
2021-10-08 06:50:10,382 [Listener at 127.0.0.1/41649] INFO  reflections.Reflections (Reflections.java:scan(232)) - Reflections took 79 ms to scan 7 urls, producing 119 keys and 275 values 
2021-10-08 06:50:10,393 [Datanode State Machine Task Thread - 0] INFO  datanode.InitDatanodeState (InitDatanodeState.java:persistContainerDatanodeDetails(145)) - DatanodeDetails is persisted to /home/runner/work/ozone/ozone/hadoop-ozone/integration-test/target/test-dir/MiniOzoneClusterImpl-22559c4f-4ba5-459a-8a40-bbe24e716d33/datanode-0/meta/datanode.id
2021-10-08 06:50:10,395 [Listener at 127.0.0.1/41649] INFO  volume.HddsVolume (HddsVolume.java:<init>(120)) - Creating HddsVolume: /home/runner/work/ozone/ozone/hadoop-ozone/integration-test/target/test-dir/MiniOzoneClusterImpl-22559c4f-4ba5-459a-8a40-bbe24e716d33/datanode-1/data-0/containers/hdds of storage type : DISK capacity : 9223372036854775807
2021-10-08 06:50:10,396 [Listener at 127.0.0.1/41649] INFO  volume.MutableVolumeSet (MutableVolumeSet.java:initializeVolumeSet(168)) - Added Volume : /home/runner/work/ozone/ozone/hadoop-ozone/integration-test/target/test-dir/MiniOzoneClusterImpl-22559c4f-4ba5-459a-8a40-bbe24e716d33/datanode-1/data-0/containers/hdds to VolumeSet
2021-10-08 06:50:10,396 [Listener at 127.0.0.1/41649] INFO  volume.ThrottledAsyncChecker (ThrottledAsyncChecker.java:schedule(141)) - Scheduling a check for /home/runner/work/ozone/ozone/hadoop-ozone/integration-test/target/test-dir/MiniOzoneClusterImpl-22559c4f-4ba5-459a-8a40-bbe24e716d33/datanode-1/data-0/containers/hdds
2021-10-08 06:50:10,401 [Listener at 127.0.0.1/41649] INFO  volume.StorageVolumeChecker (StorageVolumeChecker.java:checkAllVolumes(202)) - Scheduled health check for volume /home/runner/work/ozone/ozone/hadoop-ozone/integration-test/target/test-dir/MiniOzoneClusterImpl-22559c4f-4ba5-459a-8a40-bbe24e716d33/datanode-1/data-0/containers/hdds
2021-10-08 06:50:10,426 [Listener at 127.0.0.1/41649] INFO  volume.MutableVolumeSet (MutableVolumeSet.java:initializeVolumeSet(168)) - Added Volume : /home/runner/work/ozone/ozone/hadoop-ozone/integration-test/target/test-dir/MiniOzoneClusterImpl-22559c4f-4ba5-459a-8a40-bbe24e716d33/datanode-1/data/ratis to VolumeSet
2021-10-08 06:50:10,427 [Listener at 127.0.0.1/41649] INFO  volume.ThrottledAsyncChecker (ThrottledAsyncChecker.java:schedule(141)) - Scheduling a check for /home/runner/work/ozone/ozone/hadoop-ozone/integration-test/target/test-dir/MiniOzoneClusterImpl-22559c4f-4ba5-459a-8a40-bbe24e716d33/datanode-1/data/ratis
2021-10-08 06:50:10,428 [Listener at 127.0.0.1/41649] INFO  volume.StorageVolumeChecker (StorageVolumeChecker.java:checkAllVolumes(202)) - Scheduled health check for volume /home/runner/work/ozone/ozone/hadoop-ozone/integration-test/target/test-dir/MiniOzoneClusterImpl-22559c4f-4ba5-459a-8a40-bbe24e716d33/datanode-1/data/ratis
2021-10-08 06:50:10,449 [Thread-141] INFO  ozoneimpl.ContainerReader (ContainerReader.java:readVolume(172)) - Finish verifying containers on volume /home/runner/work/ozone/ozone/hadoop-ozone/integration-test/target/test-dir/MiniOzoneClusterImpl-22559c4f-4ba5-459a-8a40-bbe24e716d33/datanode-1/data-0/containers/hdds
2021-10-08 06:50:10,450 [Listener at 127.0.0.1/41649] INFO  ozoneimpl.OzoneContainer (OzoneContainer.java:buildContainerSet(236)) - Build ContainerSet costs 0s
2021-10-08 06:50:10,454 [Listener at 127.0.0.1/41649] INFO  server.RaftServer (ConfUtils.java:logGet(44)) - raft.rpc.type = GRPC (default)
2021-10-08 06:50:10,454 [Listener at 127.0.0.1/41649] INFO  grpc.GrpcFactory (GrpcFactory.java:checkPooledByteBufAllocatorUseCacheForAllThreads(48)) - PERFORMANCE WARNING: useCacheForAllThreads is true that may cause Netty to create a lot garbage objects and, as a result, trigger GC.
	It is recommended to disable useCacheForAllThreads by setting -Dorg.apache.ratis.thirdparty.io.netty.allocator.useCacheForAllThreads=false in command line.
2021-10-08 06:50:10,454 [Listener at 127.0.0.1/41649] INFO  grpc.GrpcConfigKeys (ConfUtils.java:logGet(44)) - raft.grpc.admin.port = 0 (custom)
2021-10-08 06:50:10,454 [Listener at 127.0.0.1/41649] INFO  grpc.GrpcConfigKeys (ConfUtils.java:logGet(44)) - raft.grpc.client.port = 0 (custom)
2021-10-08 06:50:10,455 [Listener at 127.0.0.1/41649] INFO  grpc.GrpcConfigKeys (ConfUtils.java:logGet(44)) - raft.grpc.server.port = 0 (default)
2021-10-08 06:50:10,455 [Listener at 127.0.0.1/41649] INFO  server.GrpcService (ConfUtils.java:logGet(44)) - raft.grpc.message.size.max = 32MB (=33554432) (custom)
2021-10-08 06:50:10,455 [Listener at 127.0.0.1/41649] INFO  server.RaftServerConfigKeys (ConfUtils.java:logGet(44)) - raft.server.log.appender.buffer.byte-limit = 33554432 (custom)
2021-10-08 06:50:10,455 [Listener at 127.0.0.1/41649] INFO  server.GrpcService (ConfUtils.java:logGet(44)) - raft.grpc.flow.control.window = 5MB (=5242880) (custom)
2021-10-08 06:50:10,456 [Listener at 127.0.0.1/41649] INFO  server.RaftServerConfigKeys (ConfUtils.java:logGet(44)) - raft.server.rpc.request.timeout = 3000ms (default)
2021-10-08 06:50:10,467 [Listener at 127.0.0.1/41649] INFO  impl.DataStreamServerImpl (ConfUtils.java:logGet(44)) - raft.datastream.type = DISABLED (default)
2021-10-08 06:50:10,467 [Listener at 127.0.0.1/41649] INFO  server.RaftServerConfigKeys (ConfUtils.java:logGet(44)) - raft.server.rpc.slowness.timeout = 300000ms (custom)
2021-10-08 06:50:10,468 [Listener at 127.0.0.1/41649] INFO  server.RaftServerConfigKeys (ConfUtils.java:logGet(44)) - raft.server.leaderelection.leader.step-down.wait-time = 10s (default)
2021-10-08 06:50:10,468 [Listener at 127.0.0.1/41649] INFO  server.RaftServerConfigKeys (ConfUtils.java:logGet(44)) - raft.server.storage.dir = [/home/runner/work/ozone/ozone/hadoop-ozone/integration-test/target/test-dir/MiniOzoneClusterImpl-22559c4f-4ba5-459a-8a40-bbe24e716d33/datanode-1/data/ratis] (custom)
2021-10-08 06:50:10,476 [Listener at 127.0.0.1/41649] INFO  http.BaseHttpServer (BaseHttpServer.java:newHttpServer2BuilderForOzone(209)) - Starting Web-server for hddsDatanode at: http://0.0.0.0:0
2021-10-08 06:50:10,476 [Listener at 127.0.0.1/41649] INFO  http.BaseHttpServer (BaseHttpServer.java:<init>(107)) - Hadoop Security Enabled: false Ozone Security Enabled: false Ozone HTTP Security Enabled: false 
2021-10-08 06:50:10,478 [Listener at 127.0.0.1/41649] INFO  server.AuthenticationFilter (AuthenticationFilter.java:constructSecretProvider(240)) - Unable to initialize FileSignerSecretProvider, falling back to use random secrets.
2021-10-08 06:50:10,479 [Listener at 127.0.0.1/41649] WARN  http.HttpRequestLog (HttpRequestLog.java:getRequestLog(103)) - Jetty request log can only be enabled using Log4j
2021-10-08 06:50:10,480 [Listener at 127.0.0.1/41649] INFO  http.HttpServer2 (HttpServer2.java:addGlobalFilter(1030)) - Added global filter 'safety' (class=org.apache.hadoop.hdds.server.http.HttpServer2$QuotingInputFilter)
2021-10-08 06:50:10,481 [Listener at 127.0.0.1/41649] INFO  http.HttpServer2 (HttpServer2.java:addFilter(1006)) - Added filter static_user_filter (class=org.apache.hadoop.http.lib.StaticUserWebFilter$StaticUserFilter) to context hddsDatanode
2021-10-08 06:50:10,481 [Listener at 127.0.0.1/41649] INFO  http.HttpServer2 (HttpServer2.java:addFilter(1014)) - Added filter static_user_filter (class=org.apache.hadoop.http.lib.StaticUserWebFilter$StaticUserFilter) to context logs
2021-10-08 06:50:10,482 [Listener at 127.0.0.1/41649] INFO  http.HttpServer2 (HttpServer2.java:addFilter(1014)) - Added filter static_user_filter (class=org.apache.hadoop.http.lib.StaticUserWebFilter$StaticUserFilter) to context static
2021-10-08 06:50:10,482 [Listener at 127.0.0.1/41649] INFO  http.HttpServer2 (HttpServer2.java:bindListener(1249)) - Jetty bound to port 38191
2021-10-08 06:50:10,482 [Listener at 127.0.0.1/41649] INFO  server.Server (Server.java:doStart(375)) - jetty-9.4.43.v20210629; built: 2021-06-30T11:07:22.254Z; git: 526006ecfa3af7f1a27ef3a288e2bef7ea9dd7e8; jvm 1.8.0_292-b10
2021-10-08 06:50:10,485 [Listener at 127.0.0.1/41649] INFO  server.session (DefaultSessionIdManager.java:doStart(334)) - DefaultSessionIdManager workerName=node0
2021-10-08 06:50:10,485 [Listener at 127.0.0.1/41649] INFO  server.session (DefaultSessionIdManager.java:doStart(339)) - No SessionScavenger set, using defaults
2021-10-08 06:50:10,485 [Listener at 127.0.0.1/41649] INFO  server.session (HouseKeeper.java:startScavenging(132)) - node0 Scavenging every 600000ms
2021-10-08 06:50:10,486 [Listener at 127.0.0.1/41649] INFO  handler.ContextHandler (ContextHandler.java:doStart(915)) - Started o.e.j.s.ServletContextHandler@59e285e{logs,/logs,file:///home/runner/work/ozone/ozone/hadoop-ozone/integration-test/target/log,AVAILABLE}
2021-10-08 06:50:10,487 [Listener at 127.0.0.1/41649] INFO  handler.ContextHandler (ContextHandler.java:doStart(915)) - Started o.e.j.s.ServletContextHandler@1e6e59d8{static,/static,jar:file:/home/runner/.m2/repository/org/apache/ozone/hdds-container-service/1.2.0-SNAPSHOT/hdds-container-service-1.2.0-SNAPSHOT.jar!/webapps/static,AVAILABLE}
2021-10-08 06:50:10,544 [Listener at 127.0.0.1/41649] INFO  handler.ContextHandler (ContextHandler.java:doStart(915)) - Started o.e.j.w.WebAppContext@15516e5a{hddsDatanode,/,file:///tmp/jetty-0_0_0_0-38191-hdds-container-service-1_2_0-SNAPSHOT_jar-_-any-1900429389312886468/webapp/,AVAILABLE}{jar:file:/home/runner/.m2/repository/org/apache/ozone/hdds-container-service/1.2.0-SNAPSHOT/hdds-container-service-1.2.0-SNAPSHOT.jar!/webapps/hddsDatanode}
2021-10-08 06:50:10,545 [Listener at 127.0.0.1/41649] INFO  server.AbstractConnector (AbstractConnector.java:doStart(331)) - Started ServerConnector@23ebd596{HTTP/1.1, (http/1.1)}{0.0.0.0:38191}
2021-10-08 06:50:10,545 [Listener at 127.0.0.1/41649] INFO  server.Server (Server.java:doStart(415)) - Started @8439ms
2021-10-08 06:50:10,545 [Listener at 127.0.0.1/41649] WARN  impl.MetricsSystemImpl (MetricsSystemImpl.java:register(279)) - Sink prometheus already exists!
2021-10-08 06:50:10,546 [Listener at 127.0.0.1/41649] INFO  http.BaseHttpServer (BaseHttpServer.java:updateConnectorAddress(329)) - HTTP server of hddsDatanode listening at http://0.0.0.0:38191
2021-10-08 06:50:10,547 [Listener at 127.0.0.1/41649] WARN  impl.MetricRegistriesImpl (MetricRegistriesImpl.java:addReporterRegistration(111)) - New reporters are added after registries were created. Some metrics will be missing from the reporter. Please add reporter before adding any new registry.
2021-10-08 06:50:10,547 [Listener at 127.0.0.1/41649] WARN  impl.MetricRegistriesImpl (MetricRegistriesImpl.java:addReporterRegistration(111)) - New reporters are added after registries were created. Some metrics will be missing from the reporter. Please add reporter before adding any new registry.
2021-10-08 06:50:10,547 [Listener at 127.0.0.1/41649] INFO  impl.MetricsSystemImpl (MetricsSystemImpl.java:init(158)) - HddsDatanode metrics system started (again)
2021-10-08 06:50:10,553 [Datanode State Machine Thread - 0] INFO  statemachine.DatanodeStateMachine (DatanodeStateMachine.java:lambda$startDaemon$0(456)) - Ozone container server started.
2021-10-08 06:50:10,562 [org.apache.hadoop.util.JvmPauseMonitor$Monitor@37267cfd] INFO  util.JvmPauseMonitor (JvmPauseMonitor.java:run(188)) - Starting JVM pause monitor
2021-10-08 06:50:10,574 [om1@group-C5BA1605619E-FollowerState] INFO  impl.FollowerState (FollowerState.java:run(134)) - om1@group-C5BA1605619E-FollowerState: change to CANDIDATE, lastRpcElapsedTime:1213065480ns, electionTimeout:1200ms
2021-10-08 06:50:10,575 [om1@group-C5BA1605619E-FollowerState] INFO  impl.RoleInfo (RoleInfo.java:shutdownFollowerState(108)) - om1: shutdown om1@group-C5BA1605619E-FollowerState
2021-10-08 06:50:10,577 [om1@group-C5BA1605619E-FollowerState] INFO  server.RaftServer$Division (RaftServerImpl.java:setRole(285)) - om1@group-C5BA1605619E: changes role from  FOLLOWER to CANDIDATE at term 0 for changeToCandidate
2021-10-08 06:50:10,581 [om1@group-C5BA1605619E-FollowerState] INFO  server.RaftServerConfigKeys (ConfUtils.java:logGet(44)) - raft.server.leaderelection.pre-vote = false (custom)
2021-10-08 06:50:10,763 [om1@group-C5BA1605619E-FollowerState] INFO  impl.RoleInfo (RoleInfo.java:updateAndGet(130)) - om1: start om1@group-C5BA1605619E-LeaderElection1
2021-10-08 06:50:10,764 [Listener at 127.0.0.1/41649] INFO  ozone.HddsDatanodeService (HddsDatanodeService.java:start(234)) - HddsDatanodeService host:fv-az116-933.vzw04321ajxubdbcnpick5nqva.xx.internal.cloudapp.net ip:10.1.0.41
2021-10-08 06:50:10,790 [om1@group-C5BA1605619E-LeaderElection1] INFO  impl.LeaderElection (LeaderElection.java:askForVotes(306)) - om1@group-C5BA1605619E-LeaderElection1 ELECTION round 0: submit vote requests at term 1 for -1: [om1|rpc:localhost:9872|priority:0], old=null
2021-10-08 06:50:10,791 [Datanode State Machine Task Thread - 0] INFO  datanode.InitDatanodeState (InitDatanodeState.java:persistContainerDatanodeDetails(145)) - DatanodeDetails is persisted to /home/runner/work/ozone/ozone/hadoop-ozone/integration-test/target/test-dir/MiniOzoneClusterImpl-22559c4f-4ba5-459a-8a40-bbe24e716d33/datanode-1/meta/datanode.id
2021-10-08 06:50:10,795 [om1@group-C5BA1605619E-LeaderElection1] INFO  impl.LeaderElection (LeaderElection.java:askForVotes(308)) - om1@group-C5BA1605619E-LeaderElection1 ELECTION round 0: result PASSED (term=1)
2021-10-08 06:50:10,795 [om1@group-C5BA1605619E-LeaderElection1] INFO  impl.RoleInfo (RoleInfo.java:shutdownLeaderElection(121)) - om1: shutdown om1@group-C5BA1605619E-LeaderElection1
2021-10-08 06:50:10,796 [om1@group-C5BA1605619E-LeaderElection1] INFO  server.RaftServer$Division (RaftServerImpl.java:setRole(285)) - om1@group-C5BA1605619E: changes role from CANDIDATE to LEADER at term 1 for changeToLeader
2021-10-08 06:50:10,796 [om1@group-C5BA1605619E-LeaderElection1] INFO  server.RaftServer$Division (ServerState.java:setLeader(285)) - om1@group-C5BA1605619E: change Leader from null to om1 at term 1 for becomeLeader, leader elected after 1581ms
2021-10-08 06:50:10,802 [om1@group-C5BA1605619E-LeaderElection1] INFO  server.RaftServerConfigKeys (ConfUtils.java:logGet(44)) - raft.server.staging.catchup.gap = 1000 (default)
2021-10-08 06:50:10,804 [Listener at 127.0.0.1/41649] INFO  upgrade.AbstractLayoutVersionManager (AbstractLayoutVersionManager.java:init(79)) - Initializing Layout version manager with metadata layout = SCM_HA (version = 2), software layout = SCM_HA (version = 2)
2021-10-08 06:50:10,808 [om1@group-C5BA1605619E-LeaderElection1] INFO  server.RaftServerConfigKeys (ConfUtils.java:logGet(44)) - raft.server.write.element-limit = 4096 (default)
2021-10-08 06:50:10,809 [om1@group-C5BA1605619E-LeaderElection1] INFO  server.RaftServerConfigKeys (ConfUtils.java:logGet(44)) - raft.server.write.byte-limit = 64MB (=67108864) (default)
2021-10-08 06:50:10,815 [om1@group-C5BA1605619E-LeaderElection1] INFO  server.RaftServerConfigKeys (ConfUtils.java:logGet(44)) - raft.server.watch.timeout = 10s (default)
2021-10-08 06:50:10,815 [om1@group-C5BA1605619E-LeaderElection1] INFO  server.RaftServerConfigKeys (ConfUtils.java:logGet(44)) - raft.server.watch.timeout.denomination = 1s (default)
2021-10-08 06:50:10,816 [om1@group-C5BA1605619E-LeaderElection1] INFO  server.RaftServerConfigKeys (ConfUtils.java:logGet(44)) - raft.server.watch.element-limit = 65536 (default)
2021-10-08 06:50:10,823 [om1@group-C5BA1605619E-LeaderElection1] INFO  impl.RoleInfo (RoleInfo.java:updateAndGet(130)) - om1: start om1@group-C5BA1605619E-LeaderStateImpl
2021-10-08 06:50:10,853 [om1@group-C5BA1605619E-LeaderElection1] INFO  segmented.SegmentedRaftLogWorker (SegmentedRaftLogWorker.java:startLogSegment(394)) - om1@group-C5BA1605619E-SegmentedRaftLogWorker: Starting segment from index:0
2021-10-08 06:50:10,885 [Listener at 127.0.0.1/41649] INFO  reflections.Reflections (Reflections.java:scan(232)) - Reflections took 79 ms to scan 7 urls, producing 119 keys and 275 values 
2021-10-08 06:50:10,901 [Listener at 127.0.0.1/41649] INFO  volume.HddsVolume (HddsVolume.java:<init>(120)) - Creating HddsVolume: /home/runner/work/ozone/ozone/hadoop-ozone/integration-test/target/test-dir/MiniOzoneClusterImpl-22559c4f-4ba5-459a-8a40-bbe24e716d33/datanode-2/data-0/containers/hdds of storage type : DISK capacity : 9223372036854775807
2021-10-08 06:50:10,902 [Listener at 127.0.0.1/41649] INFO  volume.MutableVolumeSet (MutableVolumeSet.java:initializeVolumeSet(168)) - Added Volume : /home/runner/work/ozone/ozone/hadoop-ozone/integration-test/target/test-dir/MiniOzoneClusterImpl-22559c4f-4ba5-459a-8a40-bbe24e716d33/datanode-2/data-0/containers/hdds to VolumeSet
2021-10-08 06:50:10,902 [Listener at 127.0.0.1/41649] INFO  volume.ThrottledAsyncChecker (ThrottledAsyncChecker.java:schedule(141)) - Scheduling a check for /home/runner/work/ozone/ozone/hadoop-ozone/integration-test/target/test-dir/MiniOzoneClusterImpl-22559c4f-4ba5-459a-8a40-bbe24e716d33/datanode-2/data-0/containers/hdds
2021-10-08 06:50:10,908 [Listener at 127.0.0.1/41649] INFO  volume.StorageVolumeChecker (StorageVolumeChecker.java:checkAllVolumes(202)) - Scheduled health check for volume /home/runner/work/ozone/ozone/hadoop-ozone/integration-test/target/test-dir/MiniOzoneClusterImpl-22559c4f-4ba5-459a-8a40-bbe24e716d33/datanode-2/data-0/containers/hdds
2021-10-08 06:50:10,928 [om1@group-C5BA1605619E-LeaderElection1] INFO  server.RaftServer$Division (ServerState.java:setRaftConf(387)) - om1@group-C5BA1605619E: set configuration 0: [om1|rpc:localhost:9872|admin:|client:|dataStream:|priority:0], old=null
2021-10-08 06:50:10,935 [Listener at 127.0.0.1/41649] INFO  volume.MutableVolumeSet (MutableVolumeSet.java:initializeVolumeSet(168)) - Added Volume : /home/runner/work/ozone/ozone/hadoop-ozone/integration-test/target/test-dir/MiniOzoneClusterImpl-22559c4f-4ba5-459a-8a40-bbe24e716d33/datanode-2/data/ratis to VolumeSet
2021-10-08 06:50:10,944 [Listener at 127.0.0.1/41649] INFO  volume.ThrottledAsyncChecker (ThrottledAsyncChecker.java:schedule(141)) - Scheduling a check for /home/runner/work/ozone/ozone/hadoop-ozone/integration-test/target/test-dir/MiniOzoneClusterImpl-22559c4f-4ba5-459a-8a40-bbe24e716d33/datanode-2/data/ratis
2021-10-08 06:50:10,945 [Listener at 127.0.0.1/41649] INFO  volume.StorageVolumeChecker (StorageVolumeChecker.java:checkAllVolumes(202)) - Scheduled health check for volume /home/runner/work/ozone/ozone/hadoop-ozone/integration-test/target/test-dir/MiniOzoneClusterImpl-22559c4f-4ba5-459a-8a40-bbe24e716d33/datanode-2/data/ratis
2021-10-08 06:50:10,978 [Thread-155] INFO  ozoneimpl.ContainerReader (ContainerReader.java:readVolume(172)) - Finish verifying containers on volume /home/runner/work/ozone/ozone/hadoop-ozone/integration-test/target/test-dir/MiniOzoneClusterImpl-22559c4f-4ba5-459a-8a40-bbe24e716d33/datanode-2/data-0/containers/hdds
2021-10-08 06:50:10,978 [Listener at 127.0.0.1/41649] INFO  ozoneimpl.OzoneContainer (OzoneContainer.java:buildContainerSet(236)) - Build ContainerSet costs 0s
2021-10-08 06:50:10,981 [Listener at 127.0.0.1/41649] INFO  server.RaftServer (ConfUtils.java:logGet(44)) - raft.rpc.type = GRPC (default)
2021-10-08 06:50:10,982 [Listener at 127.0.0.1/41649] INFO  grpc.GrpcFactory (GrpcFactory.java:checkPooledByteBufAllocatorUseCacheForAllThreads(48)) - PERFORMANCE WARNING: useCacheForAllThreads is true that may cause Netty to create a lot garbage objects and, as a result, trigger GC.
	It is recommended to disable useCacheForAllThreads by setting -Dorg.apache.ratis.thirdparty.io.netty.allocator.useCacheForAllThreads=false in command line.
2021-10-08 06:50:10,982 [Listener at 127.0.0.1/41649] INFO  grpc.GrpcConfigKeys (ConfUtils.java:logGet(44)) - raft.grpc.admin.port = 0 (custom)
2021-10-08 06:50:10,982 [Listener at 127.0.0.1/41649] INFO  grpc.GrpcConfigKeys (ConfUtils.java:logGet(44)) - raft.grpc.client.port = 0 (custom)
2021-10-08 06:50:10,982 [Listener at 127.0.0.1/41649] INFO  grpc.GrpcConfigKeys (ConfUtils.java:logGet(44)) - raft.grpc.server.port = 0 (default)
2021-10-08 06:50:10,983 [Listener at 127.0.0.1/41649] INFO  server.GrpcService (ConfUtils.java:logGet(44)) - raft.grpc.message.size.max = 32MB (=33554432) (custom)
2021-10-08 06:50:10,983 [Listener at 127.0.0.1/41649] INFO  server.RaftServerConfigKeys (ConfUtils.java:logGet(44)) - raft.server.log.appender.buffer.byte-limit = 33554432 (custom)
2021-10-08 06:50:10,983 [Listener at 127.0.0.1/41649] INFO  server.GrpcService (ConfUtils.java:logGet(44)) - raft.grpc.flow.control.window = 5MB (=5242880) (custom)
2021-10-08 06:50:10,983 [Listener at 127.0.0.1/41649] INFO  server.RaftServerConfigKeys (ConfUtils.java:logGet(44)) - raft.server.rpc.request.timeout = 3000ms (default)
2021-10-08 06:50:10,986 [Listener at 127.0.0.1/41649] INFO  impl.DataStreamServerImpl (ConfUtils.java:logGet(44)) - raft.datastream.type = DISABLED (default)
2021-10-08 06:50:10,986 [Listener at 127.0.0.1/41649] INFO  server.RaftServerConfigKeys (ConfUtils.java:logGet(44)) - raft.server.rpc.slowness.timeout = 300000ms (custom)
2021-10-08 06:50:10,986 [Listener at 127.0.0.1/41649] INFO  server.RaftServerConfigKeys (ConfUtils.java:logGet(44)) - raft.server.leaderelection.leader.step-down.wait-time = 10s (default)
2021-10-08 06:50:10,993 [Listener at 127.0.0.1/41649] INFO  server.RaftServerConfigKeys (ConfUtils.java:logGet(44)) - raft.server.storage.dir = [/home/runner/work/ozone/ozone/hadoop-ozone/integration-test/target/test-dir/MiniOzoneClusterImpl-22559c4f-4ba5-459a-8a40-bbe24e716d33/datanode-2/data/ratis] (custom)
2021-10-08 06:50:11,005 [Listener at 127.0.0.1/41649] INFO  http.BaseHttpServer (BaseHttpServer.java:newHttpServer2BuilderForOzone(209)) - Starting Web-server for hddsDatanode at: http://0.0.0.0:0
2021-10-08 06:50:11,006 [Listener at 127.0.0.1/41649] INFO  http.BaseHttpServer (BaseHttpServer.java:<init>(107)) - Hadoop Security Enabled: false Ozone Security Enabled: false Ozone HTTP Security Enabled: false 
2021-10-08 06:50:11,008 [Listener at 127.0.0.1/41649] INFO  server.AuthenticationFilter (AuthenticationFilter.java:constructSecretProvider(240)) - Unable to initialize FileSignerSecretProvider, falling back to use random secrets.
2021-10-08 06:50:11,016 [Listener at 127.0.0.1/41649] WARN  http.HttpRequestLog (HttpRequestLog.java:getRequestLog(103)) - Jetty request log can only be enabled using Log4j
2021-10-08 06:50:11,018 [Listener at 127.0.0.1/41649] INFO  http.HttpServer2 (HttpServer2.java:addGlobalFilter(1030)) - Added global filter 'safety' (class=org.apache.hadoop.hdds.server.http.HttpServer2$QuotingInputFilter)
2021-10-08 06:50:11,019 [Listener at 127.0.0.1/41649] INFO  http.HttpServer2 (HttpServer2.java:addFilter(1006)) - Added filter static_user_filter (class=org.apache.hadoop.http.lib.StaticUserWebFilter$StaticUserFilter) to context hddsDatanode
2021-10-08 06:50:11,019 [Listener at 127.0.0.1/41649] INFO  http.HttpServer2 (HttpServer2.java:addFilter(1014)) - Added filter static_user_filter (class=org.apache.hadoop.http.lib.StaticUserWebFilter$StaticUserFilter) to context static
2021-10-08 06:50:11,019 [Listener at 127.0.0.1/41649] INFO  http.HttpServer2 (HttpServer2.java:addFilter(1014)) - Added filter static_user_filter (class=org.apache.hadoop.http.lib.StaticUserWebFilter$StaticUserFilter) to context logs
2021-10-08 06:50:11,020 [Listener at 127.0.0.1/41649] INFO  http.HttpServer2 (HttpServer2.java:bindListener(1249)) - Jetty bound to port 35469
2021-10-08 06:50:11,020 [Listener at 127.0.0.1/41649] INFO  server.Server (Server.java:doStart(375)) - jetty-9.4.43.v20210629; built: 2021-06-30T11:07:22.254Z; git: 526006ecfa3af7f1a27ef3a288e2bef7ea9dd7e8; jvm 1.8.0_292-b10
2021-10-08 06:50:11,024 [Listener at 127.0.0.1/41649] INFO  server.session (DefaultSessionIdManager.java:doStart(334)) - DefaultSessionIdManager workerName=node0
2021-10-08 06:50:11,024 [Listener at 127.0.0.1/41649] INFO  server.session (DefaultSessionIdManager.java:doStart(339)) - No SessionScavenger set, using defaults
2021-10-08 06:50:11,024 [Listener at 127.0.0.1/41649] INFO  server.session (HouseKeeper.java:startScavenging(132)) - node0 Scavenging every 660000ms
2021-10-08 06:50:11,025 [Listener at 127.0.0.1/41649] INFO  handler.ContextHandler (ContextHandler.java:doStart(915)) - Started o.e.j.s.ServletContextHandler@32e8c3c3{logs,/logs,file:///home/runner/work/ozone/ozone/hadoop-ozone/integration-test/target/log,AVAILABLE}
2021-10-08 06:50:11,026 [Listener at 127.0.0.1/41649] INFO  handler.ContextHandler (ContextHandler.java:doStart(915)) - Started o.e.j.s.ServletContextHandler@6ad6484{static,/static,jar:file:/home/runner/.m2/repository/org/apache/ozone/hdds-container-service/1.2.0-SNAPSHOT/hdds-container-service-1.2.0-SNAPSHOT.jar!/webapps/static,AVAILABLE}
2021-10-08 06:50:11,039 [om1@group-C5BA1605619E-SegmentedRaftLogWorker] INFO  segmented.SegmentedRaftLogWorker (SegmentedRaftLogWorker.java:execute(601)) - om1@group-C5BA1605619E-SegmentedRaftLogWorker: created new log segment /home/runner/work/ozone/ozone/hadoop-ozone/integration-test/target/test-dir/MiniOzoneClusterImpl-22559c4f-4ba5-459a-8a40-bbe24e716d33/ozone-meta/ratis/bf265839-605b-3f16-9796-c5ba1605619e/current/log_inprogress_0
2021-10-08 06:50:11,125 [Listener at 127.0.0.1/41649] INFO  handler.ContextHandler (ContextHandler.java:doStart(915)) - Started o.e.j.w.WebAppContext@9e3c653{hddsDatanode,/,file:///tmp/jetty-0_0_0_0-35469-hdds-container-service-1_2_0-SNAPSHOT_jar-_-any-1266717806255154332/webapp/,AVAILABLE}{jar:file:/home/runner/.m2/repository/org/apache/ozone/hdds-container-service/1.2.0-SNAPSHOT/hdds-container-service-1.2.0-SNAPSHOT.jar!/webapps/hddsDatanode}
2021-10-08 06:50:11,133 [Listener at 127.0.0.1/41649] INFO  server.AbstractConnector (AbstractConnector.java:doStart(331)) - Started ServerConnector@4aa0b026{HTTP/1.1, (http/1.1)}{0.0.0.0:35469}
2021-10-08 06:50:11,133 [Listener at 127.0.0.1/41649] INFO  server.Server (Server.java:doStart(415)) - Started @9027ms
2021-10-08 06:50:11,133 [Listener at 127.0.0.1/41649] WARN  impl.MetricsSystemImpl (MetricsSystemImpl.java:register(279)) - Sink prometheus already exists!
2021-10-08 06:50:11,134 [Listener at 127.0.0.1/41649] INFO  http.BaseHttpServer (BaseHttpServer.java:updateConnectorAddress(329)) - HTTP server of hddsDatanode listening at http://0.0.0.0:35469
2021-10-08 06:50:11,144 [Datanode State Machine Thread - 0] INFO  statemachine.DatanodeStateMachine (DatanodeStateMachine.java:lambda$startDaemon$0(456)) - Ozone container server started.
2021-10-08 06:50:11,145 [Listener at 127.0.0.1/41649] WARN  impl.MetricRegistriesImpl (MetricRegistriesImpl.java:addReporterRegistration(111)) - New reporters are added after registries were created. Some metrics will be missing from the reporter. Please add reporter before adding any new registry.
2021-10-08 06:50:11,145 [Listener at 127.0.0.1/41649] WARN  impl.MetricRegistriesImpl (MetricRegistriesImpl.java:addReporterRegistration(111)) - New reporters are added after registries were created. Some metrics will be missing from the reporter. Please add reporter before adding any new registry.
2021-10-08 06:50:11,145 [Listener at 127.0.0.1/41649] INFO  impl.MetricsSystemImpl (MetricsSystemImpl.java:init(158)) - HddsDatanode metrics system started (again)
2021-10-08 06:50:11,177 [org.apache.hadoop.util.JvmPauseMonitor$Monitor@12760ec1] INFO  util.JvmPauseMonitor (JvmPauseMonitor.java:run(188)) - Starting JVM pause monitor
2021-10-08 06:50:11,187 [Listener at 127.0.0.1/41649] INFO  ozone.HddsDatanodeService (HddsDatanodeService.java:start(234)) - HddsDatanodeService host:fv-az116-933.vzw04321ajxubdbcnpick5nqva.xx.internal.cloudapp.net ip:10.1.0.41
2021-10-08 06:50:11,192 [Datanode State Machine Task Thread - 0] INFO  datanode.InitDatanodeState (InitDatanodeState.java:persistContainerDatanodeDetails(145)) - DatanodeDetails is persisted to /home/runner/work/ozone/ozone/hadoop-ozone/integration-test/target/test-dir/MiniOzoneClusterImpl-22559c4f-4ba5-459a-8a40-bbe24e716d33/datanode-2/meta/datanode.id
2021-10-08 06:50:11,201 [om1@group-C5BA1605619E-StateMachineUpdater] INFO  ratis.OzoneManagerStateMachine (OzoneManagerStateMachine.java:notifyConfigurationChanged(188)) - Received Configuration change notification from Ratis. New Peer list:
[id: "om1"
address: "localhost:9872"
]
2021-10-08 06:50:11,227 [Listener at 127.0.0.1/41649] INFO  upgrade.AbstractLayoutVersionManager (AbstractLayoutVersionManager.java:init(79)) - Initializing Layout version manager with metadata layout = SCM_HA (version = 2), software layout = SCM_HA (version = 2)
2021-10-08 06:50:11,293 [Listener at 127.0.0.1/41649] INFO  reflections.Reflections (Reflections.java:scan(232)) - Reflections took 63 ms to scan 7 urls, producing 119 keys and 275 values 
2021-10-08 06:50:11,309 [Listener at 127.0.0.1/41649] INFO  volume.HddsVolume (HddsVolume.java:<init>(120)) - Creating HddsVolume: /home/runner/work/ozone/ozone/hadoop-ozone/integration-test/target/test-dir/MiniOzoneClusterImpl-22559c4f-4ba5-459a-8a40-bbe24e716d33/datanode-3/data-0/containers/hdds of storage type : DISK capacity : 9223372036854775807
2021-10-08 06:50:11,310 [Listener at 127.0.0.1/41649] INFO  volume.MutableVolumeSet (MutableVolumeSet.java:initializeVolumeSet(168)) - Added Volume : /home/runner/work/ozone/ozone/hadoop-ozone/integration-test/target/test-dir/MiniOzoneClusterImpl-22559c4f-4ba5-459a-8a40-bbe24e716d33/datanode-3/data-0/containers/hdds to VolumeSet
2021-10-08 06:50:11,311 [Listener at 127.0.0.1/41649] INFO  volume.ThrottledAsyncChecker (ThrottledAsyncChecker.java:schedule(141)) - Scheduling a check for /home/runner/work/ozone/ozone/hadoop-ozone/integration-test/target/test-dir/MiniOzoneClusterImpl-22559c4f-4ba5-459a-8a40-bbe24e716d33/datanode-3/data-0/containers/hdds
2021-10-08 06:50:11,312 [Listener at 127.0.0.1/41649] INFO  volume.StorageVolumeChecker (StorageVolumeChecker.java:checkAllVolumes(202)) - Scheduled health check for volume /home/runner/work/ozone/ozone/hadoop-ozone/integration-test/target/test-dir/MiniOzoneClusterImpl-22559c4f-4ba5-459a-8a40-bbe24e716d33/datanode-3/data-0/containers/hdds
2021-10-08 06:50:11,326 [Listener at 127.0.0.1/41649] INFO  volume.MutableVolumeSet (MutableVolumeSet.java:initializeVolumeSet(168)) - Added Volume : /home/runner/work/ozone/ozone/hadoop-ozone/integration-test/target/test-dir/MiniOzoneClusterImpl-22559c4f-4ba5-459a-8a40-bbe24e716d33/datanode-3/data/ratis to VolumeSet
2021-10-08 06:50:11,328 [Listener at 127.0.0.1/41649] INFO  volume.ThrottledAsyncChecker (ThrottledAsyncChecker.java:schedule(141)) - Scheduling a check for /home/runner/work/ozone/ozone/hadoop-ozone/integration-test/target/test-dir/MiniOzoneClusterImpl-22559c4f-4ba5-459a-8a40-bbe24e716d33/datanode-3/data/ratis
2021-10-08 06:50:11,328 [Listener at 127.0.0.1/41649] INFO  volume.StorageVolumeChecker (StorageVolumeChecker.java:checkAllVolumes(202)) - Scheduled health check for volume /home/runner/work/ozone/ozone/hadoop-ozone/integration-test/target/test-dir/MiniOzoneClusterImpl-22559c4f-4ba5-459a-8a40-bbe24e716d33/datanode-3/data/ratis
2021-10-08 06:50:11,341 [Thread-167] INFO  ozoneimpl.ContainerReader (ContainerReader.java:readVolume(172)) - Finish verifying containers on volume /home/runner/work/ozone/ozone/hadoop-ozone/integration-test/target/test-dir/MiniOzoneClusterImpl-22559c4f-4ba5-459a-8a40-bbe24e716d33/datanode-3/data-0/containers/hdds
2021-10-08 06:50:11,342 [Listener at 127.0.0.1/41649] INFO  ozoneimpl.OzoneContainer (OzoneContainer.java:buildContainerSet(236)) - Build ContainerSet costs 0s
2021-10-08 06:50:11,345 [Listener at 127.0.0.1/41649] INFO  server.RaftServer (ConfUtils.java:logGet(44)) - raft.rpc.type = GRPC (default)
2021-10-08 06:50:11,345 [Listener at 127.0.0.1/41649] INFO  grpc.GrpcFactory (GrpcFactory.java:checkPooledByteBufAllocatorUseCacheForAllThreads(48)) - PERFORMANCE WARNING: useCacheForAllThreads is true that may cause Netty to create a lot garbage objects and, as a result, trigger GC.
	It is recommended to disable useCacheForAllThreads by setting -Dorg.apache.ratis.thirdparty.io.netty.allocator.useCacheForAllThreads=false in command line.
2021-10-08 06:50:11,345 [Listener at 127.0.0.1/41649] INFO  grpc.GrpcConfigKeys (ConfUtils.java:logGet(44)) - raft.grpc.admin.port = 0 (custom)
2021-10-08 06:50:11,345 [Listener at 127.0.0.1/41649] INFO  grpc.GrpcConfigKeys (ConfUtils.java:logGet(44)) - raft.grpc.client.port = 0 (custom)
2021-10-08 06:50:11,345 [Listener at 127.0.0.1/41649] INFO  grpc.GrpcConfigKeys (ConfUtils.java:logGet(44)) - raft.grpc.server.port = 0 (default)
2021-10-08 06:50:11,345 [Listener at 127.0.0.1/41649] INFO  server.GrpcService (ConfUtils.java:logGet(44)) - raft.grpc.message.size.max = 32MB (=33554432) (custom)
2021-10-08 06:50:11,346 [Listener at 127.0.0.1/41649] INFO  server.RaftServerConfigKeys (ConfUtils.java:logGet(44)) - raft.server.log.appender.buffer.byte-limit = 33554432 (custom)
2021-10-08 06:50:11,346 [Listener at 127.0.0.1/41649] INFO  server.GrpcService (ConfUtils.java:logGet(44)) - raft.grpc.flow.control.window = 5MB (=5242880) (custom)
2021-10-08 06:50:11,346 [Listener at 127.0.0.1/41649] INFO  server.RaftServerConfigKeys (ConfUtils.java:logGet(44)) - raft.server.rpc.request.timeout = 3000ms (default)
2021-10-08 06:50:11,347 [Listener at 127.0.0.1/41649] INFO  impl.DataStreamServerImpl (ConfUtils.java:logGet(44)) - raft.datastream.type = DISABLED (default)
2021-10-08 06:50:11,347 [Listener at 127.0.0.1/41649] INFO  server.RaftServerConfigKeys (ConfUtils.java:logGet(44)) - raft.server.rpc.slowness.timeout = 300000ms (custom)
2021-10-08 06:50:11,347 [Listener at 127.0.0.1/41649] INFO  server.RaftServerConfigKeys (ConfUtils.java:logGet(44)) - raft.server.leaderelection.leader.step-down.wait-time = 10s (default)
2021-10-08 06:50:11,350 [Listener at 127.0.0.1/41649] INFO  server.RaftServerConfigKeys (ConfUtils.java:logGet(44)) - raft.server.storage.dir = [/home/runner/work/ozone/ozone/hadoop-ozone/integration-test/target/test-dir/MiniOzoneClusterImpl-22559c4f-4ba5-459a-8a40-bbe24e716d33/datanode-3/data/ratis] (custom)
2021-10-08 06:50:11,355 [Listener at 127.0.0.1/41649] INFO  http.BaseHttpServer (BaseHttpServer.java:newHttpServer2BuilderForOzone(209)) - Starting Web-server for hddsDatanode at: http://0.0.0.0:0
2021-10-08 06:50:11,355 [Listener at 127.0.0.1/41649] INFO  http.BaseHttpServer (BaseHttpServer.java:<init>(107)) - Hadoop Security Enabled: false Ozone Security Enabled: false Ozone HTTP Security Enabled: false 
2021-10-08 06:50:11,356 [Listener at 127.0.0.1/41649] INFO  server.AuthenticationFilter (AuthenticationFilter.java:constructSecretProvider(240)) - Unable to initialize FileSignerSecretProvider, falling back to use random secrets.
2021-10-08 06:50:11,357 [Listener at 127.0.0.1/41649] WARN  http.HttpRequestLog (HttpRequestLog.java:getRequestLog(103)) - Jetty request log can only be enabled using Log4j
2021-10-08 06:50:11,358 [Listener at 127.0.0.1/41649] INFO  http.HttpServer2 (HttpServer2.java:addGlobalFilter(1030)) - Added global filter 'safety' (class=org.apache.hadoop.hdds.server.http.HttpServer2$QuotingInputFilter)
2021-10-08 06:50:11,359 [Listener at 127.0.0.1/41649] INFO  http.HttpServer2 (HttpServer2.java:addFilter(1006)) - Added filter static_user_filter (class=org.apache.hadoop.http.lib.StaticUserWebFilter$StaticUserFilter) to context hddsDatanode
2021-10-08 06:50:11,360 [Listener at 127.0.0.1/41649] INFO  http.HttpServer2 (HttpServer2.java:addFilter(1014)) - Added filter static_user_filter (class=org.apache.hadoop.http.lib.StaticUserWebFilter$StaticUserFilter) to context static
2021-10-08 06:50:11,360 [Listener at 127.0.0.1/41649] INFO  http.HttpServer2 (HttpServer2.java:addFilter(1014)) - Added filter static_user_filter (class=org.apache.hadoop.http.lib.StaticUserWebFilter$StaticUserFilter) to context logs
2021-10-08 06:50:11,360 [Listener at 127.0.0.1/41649] INFO  http.HttpServer2 (HttpServer2.java:bindListener(1249)) - Jetty bound to port 35615
2021-10-08 06:50:11,360 [Listener at 127.0.0.1/41649] INFO  server.Server (Server.java:doStart(375)) - jetty-9.4.43.v20210629; built: 2021-06-30T11:07:22.254Z; git: 526006ecfa3af7f1a27ef3a288e2bef7ea9dd7e8; jvm 1.8.0_292-b10
2021-10-08 06:50:11,364 [Listener at 127.0.0.1/41649] INFO  server.session (DefaultSessionIdManager.java:doStart(334)) - DefaultSessionIdManager workerName=node0
2021-10-08 06:50:11,364 [Listener at 127.0.0.1/41649] INFO  server.session (DefaultSessionIdManager.java:doStart(339)) - No SessionScavenger set, using defaults
2021-10-08 06:50:11,364 [Listener at 127.0.0.1/41649] INFO  server.session (HouseKeeper.java:startScavenging(132)) - node0 Scavenging every 660000ms
2021-10-08 06:50:11,365 [Listener at 127.0.0.1/41649] INFO  handler.ContextHandler (ContextHandler.java:doStart(915)) - Started o.e.j.s.ServletContextHandler@bc309af{logs,/logs,file:///home/runner/work/ozone/ozone/hadoop-ozone/integration-test/target/log,AVAILABLE}
2021-10-08 06:50:11,366 [Listener at 127.0.0.1/41649] INFO  handler.ContextHandler (ContextHandler.java:doStart(915)) - Started o.e.j.s.ServletContextHandler@4c0338a7{static,/static,jar:file:/home/runner/.m2/repository/org/apache/ozone/hdds-container-service/1.2.0-SNAPSHOT/hdds-container-service-1.2.0-SNAPSHOT.jar!/webapps/static,AVAILABLE}
2021-10-08 06:50:11,409 [Listener at 127.0.0.1/41649] INFO  handler.ContextHandler (ContextHandler.java:doStart(915)) - Started o.e.j.w.WebAppContext@17b59bc{hddsDatanode,/,file:///tmp/jetty-0_0_0_0-35615-hdds-container-service-1_2_0-SNAPSHOT_jar-_-any-8348210483826969499/webapp/,AVAILABLE}{jar:file:/home/runner/.m2/repository/org/apache/ozone/hdds-container-service/1.2.0-SNAPSHOT/hdds-container-service-1.2.0-SNAPSHOT.jar!/webapps/hddsDatanode}
2021-10-08 06:50:11,410 [Listener at 127.0.0.1/41649] INFO  server.AbstractConnector (AbstractConnector.java:doStart(331)) - Started ServerConnector@6950795e{HTTP/1.1, (http/1.1)}{0.0.0.0:35615}
2021-10-08 06:50:11,410 [Listener at 127.0.0.1/41649] INFO  server.Server (Server.java:doStart(415)) - Started @9304ms
2021-10-08 06:50:11,411 [Listener at 127.0.0.1/41649] WARN  impl.MetricsSystemImpl (MetricsSystemImpl.java:register(279)) - Sink prometheus already exists!
2021-10-08 06:50:11,411 [Listener at 127.0.0.1/41649] INFO  http.BaseHttpServer (BaseHttpServer.java:updateConnectorAddress(329)) - HTTP server of hddsDatanode listening at http://0.0.0.0:35615
2021-10-08 06:50:11,412 [Listener at 127.0.0.1/41649] WARN  impl.MetricRegistriesImpl (MetricRegistriesImpl.java:addReporterRegistration(111)) - New reporters are added after registries were created. Some metrics will be missing from the reporter. Please add reporter before adding any new registry.
2021-10-08 06:50:11,412 [Listener at 127.0.0.1/41649] WARN  impl.MetricRegistriesImpl (MetricRegistriesImpl.java:addReporterRegistration(111)) - New reporters are added after registries were created. Some metrics will be missing from the reporter. Please add reporter before adding any new registry.
2021-10-08 06:50:11,412 [Listener at 127.0.0.1/41649] INFO  impl.MetricsSystemImpl (MetricsSystemImpl.java:init(158)) - HddsDatanode metrics system started (again)
2021-10-08 06:50:11,417 [Datanode State Machine Thread - 0] INFO  statemachine.DatanodeStateMachine (DatanodeStateMachine.java:lambda$startDaemon$0(456)) - Ozone container server started.
2021-10-08 06:50:11,425 [org.apache.hadoop.util.JvmPauseMonitor$Monitor@637aa5b7] INFO  util.JvmPauseMonitor (JvmPauseMonitor.java:run(188)) - Starting JVM pause monitor
2021-10-08 06:50:11,429 [Datanode State Machine Task Thread - 0] INFO  datanode.InitDatanodeState (InitDatanodeState.java:persistContainerDatanodeDetails(145)) - DatanodeDetails is persisted to /home/runner/work/ozone/ozone/hadoop-ozone/integration-test/target/test-dir/MiniOzoneClusterImpl-22559c4f-4ba5-459a-8a40-bbe24e716d33/datanode-3/meta/datanode.id
2021-10-08 06:50:11,439 [Listener at 127.0.0.1/41649] INFO  ozone.HddsDatanodeService (HddsDatanodeService.java:start(234)) - HddsDatanodeService host:fv-az116-933.vzw04321ajxubdbcnpick5nqva.xx.internal.cloudapp.net ip:10.1.0.41
2021-10-08 06:50:11,465 [Listener at 127.0.0.1/41649] INFO  upgrade.AbstractLayoutVersionManager (AbstractLayoutVersionManager.java:init(79)) - Initializing Layout version manager with metadata layout = SCM_HA (version = 2), software layout = SCM_HA (version = 2)
2021-10-08 06:50:11,508 [Listener at 127.0.0.1/41649] INFO  reflections.Reflections (Reflections.java:scan(232)) - Reflections took 41 ms to scan 7 urls, producing 119 keys and 275 values 
2021-10-08 06:50:11,515 [Listener at 127.0.0.1/41649] INFO  volume.HddsVolume (HddsVolume.java:<init>(120)) - Creating HddsVolume: /home/runner/work/ozone/ozone/hadoop-ozone/integration-test/target/test-dir/MiniOzoneClusterImpl-22559c4f-4ba5-459a-8a40-bbe24e716d33/datanode-4/data-0/containers/hdds of storage type : DISK capacity : 9223372036854775807
2021-10-08 06:50:11,515 [Listener at 127.0.0.1/41649] INFO  volume.MutableVolumeSet (MutableVolumeSet.java:initializeVolumeSet(168)) - Added Volume : /home/runner/work/ozone/ozone/hadoop-ozone/integration-test/target/test-dir/MiniOzoneClusterImpl-22559c4f-4ba5-459a-8a40-bbe24e716d33/datanode-4/data-0/containers/hdds to VolumeSet
2021-10-08 06:50:11,516 [Listener at 127.0.0.1/41649] INFO  volume.ThrottledAsyncChecker (ThrottledAsyncChecker.java:schedule(141)) - Scheduling a check for /home/runner/work/ozone/ozone/hadoop-ozone/integration-test/target/test-dir/MiniOzoneClusterImpl-22559c4f-4ba5-459a-8a40-bbe24e716d33/datanode-4/data-0/containers/hdds
2021-10-08 06:50:11,517 [Listener at 127.0.0.1/41649] INFO  volume.StorageVolumeChecker (StorageVolumeChecker.java:checkAllVolumes(202)) - Scheduled health check for volume /home/runner/work/ozone/ozone/hadoop-ozone/integration-test/target/test-dir/MiniOzoneClusterImpl-22559c4f-4ba5-459a-8a40-bbe24e716d33/datanode-4/data-0/containers/hdds
2021-10-08 06:50:11,542 [Listener at 127.0.0.1/41649] INFO  volume.MutableVolumeSet (MutableVolumeSet.java:initializeVolumeSet(168)) - Added Volume : /home/runner/work/ozone/ozone/hadoop-ozone/integration-test/target/test-dir/MiniOzoneClusterImpl-22559c4f-4ba5-459a-8a40-bbe24e716d33/datanode-4/data/ratis to VolumeSet
2021-10-08 06:50:11,542 [Listener at 127.0.0.1/41649] INFO  volume.ThrottledAsyncChecker (ThrottledAsyncChecker.java:schedule(141)) - Scheduling a check for /home/runner/work/ozone/ozone/hadoop-ozone/integration-test/target/test-dir/MiniOzoneClusterImpl-22559c4f-4ba5-459a-8a40-bbe24e716d33/datanode-4/data/ratis
2021-10-08 06:50:11,542 [Listener at 127.0.0.1/41649] INFO  volume.StorageVolumeChecker (StorageVolumeChecker.java:checkAllVolumes(202)) - Scheduled health check for volume /home/runner/work/ozone/ozone/hadoop-ozone/integration-test/target/test-dir/MiniOzoneClusterImpl-22559c4f-4ba5-459a-8a40-bbe24e716d33/datanode-4/data/ratis
2021-10-08 06:50:11,558 [Thread-179] INFO  ozoneimpl.ContainerReader (ContainerReader.java:readVolume(172)) - Finish verifying containers on volume /home/runner/work/ozone/ozone/hadoop-ozone/integration-test/target/test-dir/MiniOzoneClusterImpl-22559c4f-4ba5-459a-8a40-bbe24e716d33/datanode-4/data-0/containers/hdds
2021-10-08 06:50:11,558 [Listener at 127.0.0.1/41649] INFO  ozoneimpl.OzoneContainer (OzoneContainer.java:buildContainerSet(236)) - Build ContainerSet costs 0s
2021-10-08 06:50:11,562 [Listener at 127.0.0.1/41649] INFO  server.RaftServer (ConfUtils.java:logGet(44)) - raft.rpc.type = GRPC (default)
2021-10-08 06:50:11,563 [Listener at 127.0.0.1/41649] INFO  grpc.GrpcFactory (GrpcFactory.java:checkPooledByteBufAllocatorUseCacheForAllThreads(48)) - PERFORMANCE WARNING: useCacheForAllThreads is true that may cause Netty to create a lot garbage objects and, as a result, trigger GC.
	It is recommended to disable useCacheForAllThreads by setting -Dorg.apache.ratis.thirdparty.io.netty.allocator.useCacheForAllThreads=false in command line.
2021-10-08 06:50:11,563 [Listener at 127.0.0.1/41649] INFO  grpc.GrpcConfigKeys (ConfUtils.java:logGet(44)) - raft.grpc.admin.port = 0 (custom)
2021-10-08 06:50:11,563 [Listener at 127.0.0.1/41649] INFO  grpc.GrpcConfigKeys (ConfUtils.java:logGet(44)) - raft.grpc.client.port = 0 (custom)
2021-10-08 06:50:11,563 [Listener at 127.0.0.1/41649] INFO  grpc.GrpcConfigKeys (ConfUtils.java:logGet(44)) - raft.grpc.server.port = 0 (default)
2021-10-08 06:50:11,563 [Listener at 127.0.0.1/41649] INFO  server.GrpcService (ConfUtils.java:logGet(44)) - raft.grpc.message.size.max = 32MB (=33554432) (custom)
2021-10-08 06:50:11,564 [Listener at 127.0.0.1/41649] INFO  server.RaftServerConfigKeys (ConfUtils.java:logGet(44)) - raft.server.log.appender.buffer.byte-limit = 33554432 (custom)
2021-10-08 06:50:11,564 [Listener at 127.0.0.1/41649] INFO  server.GrpcService (ConfUtils.java:logGet(44)) - raft.grpc.flow.control.window = 5MB (=5242880) (custom)
2021-10-08 06:50:11,564 [Listener at 127.0.0.1/41649] INFO  server.RaftServerConfigKeys (ConfUtils.java:logGet(44)) - raft.server.rpc.request.timeout = 3000ms (default)
2021-10-08 06:50:11,565 [Listener at 127.0.0.1/41649] INFO  impl.DataStreamServerImpl (ConfUtils.java:logGet(44)) - raft.datastream.type = DISABLED (default)
2021-10-08 06:50:11,566 [Listener at 127.0.0.1/41649] INFO  server.RaftServerConfigKeys (ConfUtils.java:logGet(44)) - raft.server.rpc.slowness.timeout = 300000ms (custom)
2021-10-08 06:50:11,566 [Listener at 127.0.0.1/41649] INFO  server.RaftServerConfigKeys (ConfUtils.java:logGet(44)) - raft.server.leaderelection.leader.step-down.wait-time = 10s (default)
2021-10-08 06:50:11,566 [Listener at 127.0.0.1/41649] INFO  server.RaftServerConfigKeys (ConfUtils.java:logGet(44)) - raft.server.storage.dir = [/home/runner/work/ozone/ozone/hadoop-ozone/integration-test/target/test-dir/MiniOzoneClusterImpl-22559c4f-4ba5-459a-8a40-bbe24e716d33/datanode-4/data/ratis] (custom)
2021-10-08 06:50:11,570 [Listener at 127.0.0.1/41649] INFO  http.BaseHttpServer (BaseHttpServer.java:newHttpServer2BuilderForOzone(209)) - Starting Web-server for hddsDatanode at: http://0.0.0.0:0
2021-10-08 06:50:11,570 [Listener at 127.0.0.1/41649] INFO  http.BaseHttpServer (BaseHttpServer.java:<init>(107)) - Hadoop Security Enabled: false Ozone Security Enabled: false Ozone HTTP Security Enabled: false 
2021-10-08 06:50:11,572 [Listener at 127.0.0.1/41649] INFO  server.AuthenticationFilter (AuthenticationFilter.java:constructSecretProvider(240)) - Unable to initialize FileSignerSecretProvider, falling back to use random secrets.
2021-10-08 06:50:11,576 [Listener at 127.0.0.1/41649] WARN  http.HttpRequestLog (HttpRequestLog.java:getRequestLog(103)) - Jetty request log can only be enabled using Log4j
2021-10-08 06:50:11,578 [Listener at 127.0.0.1/41649] INFO  http.HttpServer2 (HttpServer2.java:addGlobalFilter(1030)) - Added global filter 'safety' (class=org.apache.hadoop.hdds.server.http.HttpServer2$QuotingInputFilter)
2021-10-08 06:50:11,578 [Listener at 127.0.0.1/41649] INFO  http.HttpServer2 (HttpServer2.java:addFilter(1006)) - Added filter static_user_filter (class=org.apache.hadoop.http.lib.StaticUserWebFilter$StaticUserFilter) to context hddsDatanode
2021-10-08 06:50:11,579 [Listener at 127.0.0.1/41649] INFO  http.HttpServer2 (HttpServer2.java:addFilter(1014)) - Added filter static_user_filter (class=org.apache.hadoop.http.lib.StaticUserWebFilter$StaticUserFilter) to context static
2021-10-08 06:50:11,579 [Listener at 127.0.0.1/41649] INFO  http.HttpServer2 (HttpServer2.java:addFilter(1014)) - Added filter static_user_filter (class=org.apache.hadoop.http.lib.StaticUserWebFilter$StaticUserFilter) to context logs
2021-10-08 06:50:11,579 [Listener at 127.0.0.1/41649] INFO  http.HttpServer2 (HttpServer2.java:bindListener(1249)) - Jetty bound to port 36639
2021-10-08 06:50:11,579 [Listener at 127.0.0.1/41649] INFO  server.Server (Server.java:doStart(375)) - jetty-9.4.43.v20210629; built: 2021-06-30T11:07:22.254Z; git: 526006ecfa3af7f1a27ef3a288e2bef7ea9dd7e8; jvm 1.8.0_292-b10
2021-10-08 06:50:11,585 [Listener at 127.0.0.1/41649] INFO  server.session (DefaultSessionIdManager.java:doStart(334)) - DefaultSessionIdManager workerName=node0
2021-10-08 06:50:11,585 [Listener at 127.0.0.1/41649] INFO  server.session (DefaultSessionIdManager.java:doStart(339)) - No SessionScavenger set, using defaults
2021-10-08 06:50:11,586 [Listener at 127.0.0.1/41649] INFO  server.session (HouseKeeper.java:startScavenging(132)) - node0 Scavenging every 660000ms
2021-10-08 06:50:11,586 [Listener at 127.0.0.1/41649] INFO  handler.ContextHandler (ContextHandler.java:doStart(915)) - Started o.e.j.s.ServletContextHandler@281c1f99{logs,/logs,file:///home/runner/work/ozone/ozone/hadoop-ozone/integration-test/target/log,AVAILABLE}
2021-10-08 06:50:11,587 [Listener at 127.0.0.1/41649] INFO  handler.ContextHandler (ContextHandler.java:doStart(915)) - Started o.e.j.s.ServletContextHandler@55f747d3{static,/static,jar:file:/home/runner/.m2/repository/org/apache/ozone/hdds-container-service/1.2.0-SNAPSHOT/hdds-container-service-1.2.0-SNAPSHOT.jar!/webapps/static,AVAILABLE}
2021-10-08 06:50:11,629 [Listener at 127.0.0.1/41649] INFO  handler.ContextHandler (ContextHandler.java:doStart(915)) - Started o.e.j.w.WebAppContext@5d585ca0{hddsDatanode,/,file:///tmp/jetty-0_0_0_0-36639-hdds-container-service-1_2_0-SNAPSHOT_jar-_-any-1982107569248450973/webapp/,AVAILABLE}{jar:file:/home/runner/.m2/repository/org/apache/ozone/hdds-container-service/1.2.0-SNAPSHOT/hdds-container-service-1.2.0-SNAPSHOT.jar!/webapps/hddsDatanode}
2021-10-08 06:50:11,631 [Listener at 127.0.0.1/41649] INFO  server.AbstractConnector (AbstractConnector.java:doStart(331)) - Started ServerConnector@254b360d{HTTP/1.1, (http/1.1)}{0.0.0.0:36639}
2021-10-08 06:50:11,631 [Listener at 127.0.0.1/41649] INFO  server.Server (Server.java:doStart(415)) - Started @9525ms
2021-10-08 06:50:11,631 [Listener at 127.0.0.1/41649] WARN  impl.MetricsSystemImpl (MetricsSystemImpl.java:register(279)) - Sink prometheus already exists!
2021-10-08 06:50:11,632 [Listener at 127.0.0.1/41649] INFO  http.BaseHttpServer (BaseHttpServer.java:updateConnectorAddress(329)) - HTTP server of hddsDatanode listening at http://0.0.0.0:36639
2021-10-08 06:50:11,633 [Listener at 127.0.0.1/41649] WARN  impl.MetricRegistriesImpl (MetricRegistriesImpl.java:addReporterRegistration(111)) - New reporters are added after registries were created. Some metrics will be missing from the reporter. Please add reporter before adding any new registry.
2021-10-08 06:50:11,633 [Listener at 127.0.0.1/41649] WARN  impl.MetricRegistriesImpl (MetricRegistriesImpl.java:addReporterRegistration(111)) - New reporters are added after registries were created. Some metrics will be missing from the reporter. Please add reporter before adding any new registry.
2021-10-08 06:50:11,633 [Listener at 127.0.0.1/41649] INFO  impl.MetricsSystemImpl (MetricsSystemImpl.java:init(158)) - HddsDatanode metrics system started (again)
2021-10-08 06:50:11,633 [Datanode State Machine Thread - 0] INFO  statemachine.DatanodeStateMachine (DatanodeStateMachine.java:lambda$startDaemon$0(456)) - Ozone container server started.
2021-10-08 06:50:11,648 [Listener at 127.0.0.1/41649] INFO  ozone.HddsDatanodeService (HddsDatanodeService.java:start(234)) - HddsDatanodeService host:fv-az116-933.vzw04321ajxubdbcnpick5nqva.xx.internal.cloudapp.net ip:10.1.0.41
2021-10-08 06:50:11,649 [org.apache.hadoop.util.JvmPauseMonitor$Monitor@1cdd080e] INFO  util.JvmPauseMonitor (JvmPauseMonitor.java:run(188)) - Starting JVM pause monitor
2021-10-08 06:50:11,654 [Datanode State Machine Task Thread - 0] INFO  datanode.InitDatanodeState (InitDatanodeState.java:persistContainerDatanodeDetails(145)) - DatanodeDetails is persisted to /home/runner/work/ozone/ozone/hadoop-ozone/integration-test/target/test-dir/MiniOzoneClusterImpl-22559c4f-4ba5-459a-8a40-bbe24e716d33/datanode-4/meta/datanode.id
2021-10-08 06:50:11,674 [Listener at 127.0.0.1/41649] INFO  upgrade.AbstractLayoutVersionManager (AbstractLayoutVersionManager.java:init(79)) - Initializing Layout version manager with metadata layout = SCM_HA (version = 2), software layout = SCM_HA (version = 2)
2021-10-08 06:50:11,714 [Listener at 127.0.0.1/41649] INFO  reflections.Reflections (Reflections.java:scan(232)) - Reflections took 39 ms to scan 7 urls, producing 119 keys and 275 values 
2021-10-08 06:50:11,725 [Listener at 127.0.0.1/41649] INFO  volume.HddsVolume (HddsVolume.java:<init>(120)) - Creating HddsVolume: /home/runner/work/ozone/ozone/hadoop-ozone/integration-test/target/test-dir/MiniOzoneClusterImpl-22559c4f-4ba5-459a-8a40-bbe24e716d33/datanode-5/data-0/containers/hdds of storage type : DISK capacity : 9223372036854775807
2021-10-08 06:50:11,726 [Listener at 127.0.0.1/41649] INFO  volume.MutableVolumeSet (MutableVolumeSet.java:initializeVolumeSet(168)) - Added Volume : /home/runner/work/ozone/ozone/hadoop-ozone/integration-test/target/test-dir/MiniOzoneClusterImpl-22559c4f-4ba5-459a-8a40-bbe24e716d33/datanode-5/data-0/containers/hdds to VolumeSet
2021-10-08 06:50:11,726 [Listener at 127.0.0.1/41649] INFO  volume.ThrottledAsyncChecker (ThrottledAsyncChecker.java:schedule(141)) - Scheduling a check for /home/runner/work/ozone/ozone/hadoop-ozone/integration-test/target/test-dir/MiniOzoneClusterImpl-22559c4f-4ba5-459a-8a40-bbe24e716d33/datanode-5/data-0/containers/hdds
2021-10-08 06:50:11,727 [Listener at 127.0.0.1/41649] INFO  volume.StorageVolumeChecker (StorageVolumeChecker.java:checkAllVolumes(202)) - Scheduled health check for volume /home/runner/work/ozone/ozone/hadoop-ozone/integration-test/target/test-dir/MiniOzoneClusterImpl-22559c4f-4ba5-459a-8a40-bbe24e716d33/datanode-5/data-0/containers/hdds
2021-10-08 06:50:11,740 [Listener at 127.0.0.1/41649] INFO  volume.MutableVolumeSet (MutableVolumeSet.java:initializeVolumeSet(168)) - Added Volume : /home/runner/work/ozone/ozone/hadoop-ozone/integration-test/target/test-dir/MiniOzoneClusterImpl-22559c4f-4ba5-459a-8a40-bbe24e716d33/datanode-5/data/ratis to VolumeSet
2021-10-08 06:50:11,740 [Listener at 127.0.0.1/41649] INFO  volume.ThrottledAsyncChecker (ThrottledAsyncChecker.java:schedule(141)) - Scheduling a check for /home/runner/work/ozone/ozone/hadoop-ozone/integration-test/target/test-dir/MiniOzoneClusterImpl-22559c4f-4ba5-459a-8a40-bbe24e716d33/datanode-5/data/ratis
2021-10-08 06:50:11,741 [Listener at 127.0.0.1/41649] INFO  volume.StorageVolumeChecker (StorageVolumeChecker.java:checkAllVolumes(202)) - Scheduled health check for volume /home/runner/work/ozone/ozone/hadoop-ozone/integration-test/target/test-dir/MiniOzoneClusterImpl-22559c4f-4ba5-459a-8a40-bbe24e716d33/datanode-5/data/ratis
2021-10-08 06:50:11,755 [Thread-191] INFO  ozoneimpl.ContainerReader (ContainerReader.java:readVolume(172)) - Finish verifying containers on volume /home/runner/work/ozone/ozone/hadoop-ozone/integration-test/target/test-dir/MiniOzoneClusterImpl-22559c4f-4ba5-459a-8a40-bbe24e716d33/datanode-5/data-0/containers/hdds
2021-10-08 06:50:11,755 [Listener at 127.0.0.1/41649] INFO  ozoneimpl.OzoneContainer (OzoneContainer.java:buildContainerSet(236)) - Build ContainerSet costs 0s
2021-10-08 06:50:11,758 [Listener at 127.0.0.1/41649] INFO  server.RaftServer (ConfUtils.java:logGet(44)) - raft.rpc.type = GRPC (default)
2021-10-08 06:50:11,758 [Listener at 127.0.0.1/41649] INFO  grpc.GrpcFactory (GrpcFactory.java:checkPooledByteBufAllocatorUseCacheForAllThreads(48)) - PERFORMANCE WARNING: useCacheForAllThreads is true that may cause Netty to create a lot garbage objects and, as a result, trigger GC.
	It is recommended to disable useCacheForAllThreads by setting -Dorg.apache.ratis.thirdparty.io.netty.allocator.useCacheForAllThreads=false in command line.
2021-10-08 06:50:11,758 [Listener at 127.0.0.1/41649] INFO  grpc.GrpcConfigKeys (ConfUtils.java:logGet(44)) - raft.grpc.admin.port = 0 (custom)
2021-10-08 06:50:11,758 [Listener at 127.0.0.1/41649] INFO  grpc.GrpcConfigKeys (ConfUtils.java:logGet(44)) - raft.grpc.client.port = 0 (custom)
2021-10-08 06:50:11,759 [Listener at 127.0.0.1/41649] INFO  grpc.GrpcConfigKeys (ConfUtils.java:logGet(44)) - raft.grpc.server.port = 0 (default)
2021-10-08 06:50:11,759 [Listener at 127.0.0.1/41649] INFO  server.GrpcService (ConfUtils.java:logGet(44)) - raft.grpc.message.size.max = 32MB (=33554432) (custom)
2021-10-08 06:50:11,759 [Listener at 127.0.0.1/41649] INFO  server.RaftServerConfigKeys (ConfUtils.java:logGet(44)) - raft.server.log.appender.buffer.byte-limit = 33554432 (custom)
2021-10-08 06:50:11,759 [Listener at 127.0.0.1/41649] INFO  server.GrpcService (ConfUtils.java:logGet(44)) - raft.grpc.flow.control.window = 5MB (=5242880) (custom)
2021-10-08 06:50:11,759 [Listener at 127.0.0.1/41649] INFO  server.RaftServerConfigKeys (ConfUtils.java:logGet(44)) - raft.server.rpc.request.timeout = 3000ms (default)
2021-10-08 06:50:11,761 [Listener at 127.0.0.1/41649] INFO  impl.DataStreamServerImpl (ConfUtils.java:logGet(44)) - raft.datastream.type = DISABLED (default)
2021-10-08 06:50:11,761 [Listener at 127.0.0.1/41649] INFO  server.RaftServerConfigKeys (ConfUtils.java:logGet(44)) - raft.server.rpc.slowness.timeout = 300000ms (custom)
2021-10-08 06:50:11,761 [Listener at 127.0.0.1/41649] INFO  server.RaftServerConfigKeys (ConfUtils.java:logGet(44)) - raft.server.leaderelection.leader.step-down.wait-time = 10s (default)
2021-10-08 06:50:11,762 [Listener at 127.0.0.1/41649] INFO  server.RaftServerConfigKeys (ConfUtils.java:logGet(44)) - raft.server.storage.dir = [/home/runner/work/ozone/ozone/hadoop-ozone/integration-test/target/test-dir/MiniOzoneClusterImpl-22559c4f-4ba5-459a-8a40-bbe24e716d33/datanode-5/data/ratis] (custom)
2021-10-08 06:50:11,765 [Listener at 127.0.0.1/41649] INFO  http.BaseHttpServer (BaseHttpServer.java:newHttpServer2BuilderForOzone(209)) - Starting Web-server for hddsDatanode at: http://0.0.0.0:0
2021-10-08 06:50:11,765 [Listener at 127.0.0.1/41649] INFO  http.BaseHttpServer (BaseHttpServer.java:<init>(107)) - Hadoop Security Enabled: false Ozone Security Enabled: false Ozone HTTP Security Enabled: false 
2021-10-08 06:50:11,767 [Listener at 127.0.0.1/41649] INFO  server.AuthenticationFilter (AuthenticationFilter.java:constructSecretProvider(240)) - Unable to initialize FileSignerSecretProvider, falling back to use random secrets.
2021-10-08 06:50:11,767 [Listener at 127.0.0.1/41649] WARN  http.HttpRequestLog (HttpRequestLog.java:getRequestLog(103)) - Jetty request log can only be enabled using Log4j
2021-10-08 06:50:11,768 [Listener at 127.0.0.1/41649] INFO  http.HttpServer2 (HttpServer2.java:addGlobalFilter(1030)) - Added global filter 'safety' (class=org.apache.hadoop.hdds.server.http.HttpServer2$QuotingInputFilter)
2021-10-08 06:50:11,769 [Listener at 127.0.0.1/41649] INFO  http.HttpServer2 (HttpServer2.java:addFilter(1006)) - Added filter static_user_filter (class=org.apache.hadoop.http.lib.StaticUserWebFilter$StaticUserFilter) to context hddsDatanode
2021-10-08 06:50:11,769 [Listener at 127.0.0.1/41649] INFO  http.HttpServer2 (HttpServer2.java:addFilter(1014)) - Added filter static_user_filter (class=org.apache.hadoop.http.lib.StaticUserWebFilter$StaticUserFilter) to context static
2021-10-08 06:50:11,769 [Listener at 127.0.0.1/41649] INFO  http.HttpServer2 (HttpServer2.java:addFilter(1014)) - Added filter static_user_filter (class=org.apache.hadoop.http.lib.StaticUserWebFilter$StaticUserFilter) to context logs
2021-10-08 06:50:11,770 [Listener at 127.0.0.1/41649] INFO  http.HttpServer2 (HttpServer2.java:bindListener(1249)) - Jetty bound to port 33759
2021-10-08 06:50:11,770 [Listener at 127.0.0.1/41649] INFO  server.Server (Server.java:doStart(375)) - jetty-9.4.43.v20210629; built: 2021-06-30T11:07:22.254Z; git: 526006ecfa3af7f1a27ef3a288e2bef7ea9dd7e8; jvm 1.8.0_292-b10
2021-10-08 06:50:11,772 [Listener at 127.0.0.1/41649] INFO  server.session (DefaultSessionIdManager.java:doStart(334)) - DefaultSessionIdManager workerName=node0
2021-10-08 06:50:11,772 [Listener at 127.0.0.1/41649] INFO  server.session (DefaultSessionIdManager.java:doStart(339)) - No SessionScavenger set, using defaults
2021-10-08 06:50:11,773 [Listener at 127.0.0.1/41649] INFO  server.session (HouseKeeper.java:startScavenging(132)) - node0 Scavenging every 600000ms
2021-10-08 06:50:11,774 [Listener at 127.0.0.1/41649] INFO  handler.ContextHandler (ContextHandler.java:doStart(915)) - Started o.e.j.s.ServletContextHandler@71faec05{logs,/logs,file:///home/runner/work/ozone/ozone/hadoop-ozone/integration-test/target/log,AVAILABLE}
2021-10-08 06:50:11,775 [Listener at 127.0.0.1/41649] INFO  handler.ContextHandler (ContextHandler.java:doStart(915)) - Started o.e.j.s.ServletContextHandler@22e494dc{static,/static,jar:file:/home/runner/.m2/repository/org/apache/ozone/hdds-container-service/1.2.0-SNAPSHOT/hdds-container-service-1.2.0-SNAPSHOT.jar!/webapps/static,AVAILABLE}
2021-10-08 06:50:11,824 [Listener at 127.0.0.1/41649] INFO  handler.ContextHandler (ContextHandler.java:doStart(915)) - Started o.e.j.w.WebAppContext@7622892a{hddsDatanode,/,file:///tmp/jetty-0_0_0_0-33759-hdds-container-service-1_2_0-SNAPSHOT_jar-_-any-4436859542192124/webapp/,AVAILABLE}{jar:file:/home/runner/.m2/repository/org/apache/ozone/hdds-container-service/1.2.0-SNAPSHOT/hdds-container-service-1.2.0-SNAPSHOT.jar!/webapps/hddsDatanode}
2021-10-08 06:50:11,828 [Listener at 127.0.0.1/41649] INFO  server.AbstractConnector (AbstractConnector.java:doStart(331)) - Started ServerConnector@2190e7fd{HTTP/1.1, (http/1.1)}{0.0.0.0:33759}
2021-10-08 06:50:11,828 [Listener at 127.0.0.1/41649] INFO  server.Server (Server.java:doStart(415)) - Started @9722ms
2021-10-08 06:50:11,829 [Listener at 127.0.0.1/41649] WARN  impl.MetricsSystemImpl (MetricsSystemImpl.java:register(279)) - Sink prometheus already exists!
2021-10-08 06:50:11,829 [Listener at 127.0.0.1/41649] INFO  http.BaseHttpServer (BaseHttpServer.java:updateConnectorAddress(329)) - HTTP server of hddsDatanode listening at http://0.0.0.0:33759
2021-10-08 06:50:11,831 [Listener at 127.0.0.1/41649] WARN  impl.MetricRegistriesImpl (MetricRegistriesImpl.java:addReporterRegistration(111)) - New reporters are added after registries were created. Some metrics will be missing from the reporter. Please add reporter before adding any new registry.
2021-10-08 06:50:11,831 [Listener at 127.0.0.1/41649] WARN  impl.MetricRegistriesImpl (MetricRegistriesImpl.java:addReporterRegistration(111)) - New reporters are added after registries were created. Some metrics will be missing from the reporter. Please add reporter before adding any new registry.
2021-10-08 06:50:11,831 [Listener at 127.0.0.1/41649] INFO  impl.MetricsSystemImpl (MetricsSystemImpl.java:init(158)) - HddsDatanode metrics system started (again)
2021-10-08 06:50:11,836 [Datanode State Machine Thread - 0] INFO  statemachine.DatanodeStateMachine (DatanodeStateMachine.java:lambda$startDaemon$0(456)) - Ozone container server started.
2021-10-08 06:50:11,868 [Listener at 127.0.0.1/41649] INFO  ozone.HddsDatanodeService (HddsDatanodeService.java:start(234)) - HddsDatanodeService host:fv-az116-933.vzw04321ajxubdbcnpick5nqva.xx.internal.cloudapp.net ip:10.1.0.41
2021-10-08 06:50:11,880 [org.apache.hadoop.util.JvmPauseMonitor$Monitor@20810a54] INFO  util.JvmPauseMonitor (JvmPauseMonitor.java:run(188)) - Starting JVM pause monitor
2021-10-08 06:50:11,892 [Datanode State Machine Task Thread - 0] INFO  datanode.InitDatanodeState (InitDatanodeState.java:persistContainerDatanodeDetails(145)) - DatanodeDetails is persisted to /home/runner/work/ozone/ozone/hadoop-ozone/integration-test/target/test-dir/MiniOzoneClusterImpl-22559c4f-4ba5-459a-8a40-bbe24e716d33/datanode-5/meta/datanode.id
2021-10-08 06:50:11,908 [Listener at 127.0.0.1/41649] INFO  upgrade.AbstractLayoutVersionManager (AbstractLayoutVersionManager.java:init(79)) - Initializing Layout version manager with metadata layout = SCM_HA (version = 2), software layout = SCM_HA (version = 2)
2021-10-08 06:50:11,956 [Listener at 127.0.0.1/41649] INFO  reflections.Reflections (Reflections.java:scan(232)) - Reflections took 42 ms to scan 7 urls, producing 119 keys and 275 values 
2021-10-08 06:50:11,961 [Listener at 127.0.0.1/41649] INFO  volume.HddsVolume (HddsVolume.java:<init>(120)) - Creating HddsVolume: /home/runner/work/ozone/ozone/hadoop-ozone/integration-test/target/test-dir/MiniOzoneClusterImpl-22559c4f-4ba5-459a-8a40-bbe24e716d33/datanode-6/data-0/containers/hdds of storage type : DISK capacity : 9223372036854775807
2021-10-08 06:50:11,961 [Listener at 127.0.0.1/41649] INFO  volume.MutableVolumeSet (MutableVolumeSet.java:initializeVolumeSet(168)) - Added Volume : /home/runner/work/ozone/ozone/hadoop-ozone/integration-test/target/test-dir/MiniOzoneClusterImpl-22559c4f-4ba5-459a-8a40-bbe24e716d33/datanode-6/data-0/containers/hdds to VolumeSet
2021-10-08 06:50:11,961 [Listener at 127.0.0.1/41649] INFO  volume.ThrottledAsyncChecker (ThrottledAsyncChecker.java:schedule(141)) - Scheduling a check for /home/runner/work/ozone/ozone/hadoop-ozone/integration-test/target/test-dir/MiniOzoneClusterImpl-22559c4f-4ba5-459a-8a40-bbe24e716d33/datanode-6/data-0/containers/hdds
2021-10-08 06:50:11,964 [Listener at 127.0.0.1/41649] INFO  volume.StorageVolumeChecker (StorageVolumeChecker.java:checkAllVolumes(202)) - Scheduled health check for volume /home/runner/work/ozone/ozone/hadoop-ozone/integration-test/target/test-dir/MiniOzoneClusterImpl-22559c4f-4ba5-459a-8a40-bbe24e716d33/datanode-6/data-0/containers/hdds
2021-10-08 06:50:11,979 [Listener at 127.0.0.1/41649] INFO  volume.MutableVolumeSet (MutableVolumeSet.java:initializeVolumeSet(168)) - Added Volume : /home/runner/work/ozone/ozone/hadoop-ozone/integration-test/target/test-dir/MiniOzoneClusterImpl-22559c4f-4ba5-459a-8a40-bbe24e716d33/datanode-6/data/ratis to VolumeSet
2021-10-08 06:50:11,979 [Listener at 127.0.0.1/41649] INFO  volume.ThrottledAsyncChecker (ThrottledAsyncChecker.java:schedule(141)) - Scheduling a check for /home/runner/work/ozone/ozone/hadoop-ozone/integration-test/target/test-dir/MiniOzoneClusterImpl-22559c4f-4ba5-459a-8a40-bbe24e716d33/datanode-6/data/ratis
2021-10-08 06:50:11,980 [Listener at 127.0.0.1/41649] INFO  volume.StorageVolumeChecker (StorageVolumeChecker.java:checkAllVolumes(202)) - Scheduled health check for volume /home/runner/work/ozone/ozone/hadoop-ozone/integration-test/target/test-dir/MiniOzoneClusterImpl-22559c4f-4ba5-459a-8a40-bbe24e716d33/datanode-6/data/ratis
2021-10-08 06:50:11,997 [Thread-203] INFO  ozoneimpl.ContainerReader (ContainerReader.java:readVolume(172)) - Finish verifying containers on volume /home/runner/work/ozone/ozone/hadoop-ozone/integration-test/target/test-dir/MiniOzoneClusterImpl-22559c4f-4ba5-459a-8a40-bbe24e716d33/datanode-6/data-0/containers/hdds
2021-10-08 06:50:11,997 [Listener at 127.0.0.1/41649] INFO  ozoneimpl.OzoneContainer (OzoneContainer.java:buildContainerSet(236)) - Build ContainerSet costs 0s
2021-10-08 06:50:12,002 [Listener at 127.0.0.1/41649] INFO  server.RaftServer (ConfUtils.java:logGet(44)) - raft.rpc.type = GRPC (default)
2021-10-08 06:50:12,009 [Listener at 127.0.0.1/41649] INFO  grpc.GrpcFactory (GrpcFactory.java:checkPooledByteBufAllocatorUseCacheForAllThreads(48)) - PERFORMANCE WARNING: useCacheForAllThreads is true that may cause Netty to create a lot garbage objects and, as a result, trigger GC.
	It is recommended to disable useCacheForAllThreads by setting -Dorg.apache.ratis.thirdparty.io.netty.allocator.useCacheForAllThreads=false in command line.
2021-10-08 06:50:12,009 [Listener at 127.0.0.1/41649] INFO  grpc.GrpcConfigKeys (ConfUtils.java:logGet(44)) - raft.grpc.admin.port = 0 (custom)
2021-10-08 06:50:12,010 [Listener at 127.0.0.1/41649] INFO  grpc.GrpcConfigKeys (ConfUtils.java:logGet(44)) - raft.grpc.client.port = 0 (custom)
2021-10-08 06:50:12,010 [Listener at 127.0.0.1/41649] INFO  grpc.GrpcConfigKeys (ConfUtils.java:logGet(44)) - raft.grpc.server.port = 0 (default)
2021-10-08 06:50:12,010 [Listener at 127.0.0.1/41649] INFO  server.GrpcService (ConfUtils.java:logGet(44)) - raft.grpc.message.size.max = 32MB (=33554432) (custom)
2021-10-08 06:50:12,010 [Listener at 127.0.0.1/41649] INFO  server.RaftServerConfigKeys (ConfUtils.java:logGet(44)) - raft.server.log.appender.buffer.byte-limit = 33554432 (custom)
2021-10-08 06:50:12,011 [Listener at 127.0.0.1/41649] INFO  server.GrpcService (ConfUtils.java:logGet(44)) - raft.grpc.flow.control.window = 5MB (=5242880) (custom)
2021-10-08 06:50:12,011 [Listener at 127.0.0.1/41649] INFO  server.RaftServerConfigKeys (ConfUtils.java:logGet(44)) - raft.server.rpc.request.timeout = 3000ms (default)
2021-10-08 06:50:12,012 [Listener at 127.0.0.1/41649] INFO  impl.DataStreamServerImpl (ConfUtils.java:logGet(44)) - raft.datastream.type = DISABLED (default)
2021-10-08 06:50:12,012 [Listener at 127.0.0.1/41649] INFO  server.RaftServerConfigKeys (ConfUtils.java:logGet(44)) - raft.server.rpc.slowness.timeout = 300000ms (custom)
2021-10-08 06:50:12,012 [Listener at 127.0.0.1/41649] INFO  server.RaftServerConfigKeys (ConfUtils.java:logGet(44)) - raft.server.leaderelection.leader.step-down.wait-time = 10s (default)
2021-10-08 06:50:12,013 [Listener at 127.0.0.1/41649] INFO  server.RaftServerConfigKeys (ConfUtils.java:logGet(44)) - raft.server.storage.dir = [/home/runner/work/ozone/ozone/hadoop-ozone/integration-test/target/test-dir/MiniOzoneClusterImpl-22559c4f-4ba5-459a-8a40-bbe24e716d33/datanode-6/data/ratis] (custom)
2021-10-08 06:50:12,018 [Listener at 127.0.0.1/41649] INFO  http.BaseHttpServer (BaseHttpServer.java:newHttpServer2BuilderForOzone(209)) - Starting Web-server for hddsDatanode at: http://0.0.0.0:0
2021-10-08 06:50:12,018 [Listener at 127.0.0.1/41649] INFO  http.BaseHttpServer (BaseHttpServer.java:<init>(107)) - Hadoop Security Enabled: false Ozone Security Enabled: false Ozone HTTP Security Enabled: false 
2021-10-08 06:50:12,019 [Listener at 127.0.0.1/41649] INFO  server.AuthenticationFilter (AuthenticationFilter.java:constructSecretProvider(240)) - Unable to initialize FileSignerSecretProvider, falling back to use random secrets.
2021-10-08 06:50:12,020 [Listener at 127.0.0.1/41649] WARN  http.HttpRequestLog (HttpRequestLog.java:getRequestLog(103)) - Jetty request log can only be enabled using Log4j
2021-10-08 06:50:12,021 [Listener at 127.0.0.1/41649] INFO  http.HttpServer2 (HttpServer2.java:addGlobalFilter(1030)) - Added global filter 'safety' (class=org.apache.hadoop.hdds.server.http.HttpServer2$QuotingInputFilter)
2021-10-08 06:50:12,022 [Listener at 127.0.0.1/41649] INFO  http.HttpServer2 (HttpServer2.java:addFilter(1006)) - Added filter static_user_filter (class=org.apache.hadoop.http.lib.StaticUserWebFilter$StaticUserFilter) to context hddsDatanode
2021-10-08 06:50:12,022 [Listener at 127.0.0.1/41649] INFO  http.HttpServer2 (HttpServer2.java:addFilter(1014)) - Added filter static_user_filter (class=org.apache.hadoop.http.lib.StaticUserWebFilter$StaticUserFilter) to context static
2021-10-08 06:50:12,022 [Listener at 127.0.0.1/41649] INFO  http.HttpServer2 (HttpServer2.java:addFilter(1014)) - Added filter static_user_filter (class=org.apache.hadoop.http.lib.StaticUserWebFilter$StaticUserFilter) to context logs
2021-10-08 06:50:12,023 [Listener at 127.0.0.1/41649] INFO  http.HttpServer2 (HttpServer2.java:bindListener(1249)) - Jetty bound to port 43079
2021-10-08 06:50:12,023 [Listener at 127.0.0.1/41649] INFO  server.Server (Server.java:doStart(375)) - jetty-9.4.43.v20210629; built: 2021-06-30T11:07:22.254Z; git: 526006ecfa3af7f1a27ef3a288e2bef7ea9dd7e8; jvm 1.8.0_292-b10
2021-10-08 06:50:12,028 [Listener at 127.0.0.1/41649] INFO  server.session (DefaultSessionIdManager.java:doStart(334)) - DefaultSessionIdManager workerName=node0
2021-10-08 06:50:12,028 [Listener at 127.0.0.1/41649] INFO  server.session (DefaultSessionIdManager.java:doStart(339)) - No SessionScavenger set, using defaults
2021-10-08 06:50:12,028 [Listener at 127.0.0.1/41649] INFO  server.session (HouseKeeper.java:startScavenging(132)) - node0 Scavenging every 660000ms
2021-10-08 06:50:12,031 [Listener at 127.0.0.1/41649] INFO  handler.ContextHandler (ContextHandler.java:doStart(915)) - Started o.e.j.s.ServletContextHandler@67652cca{logs,/logs,file:///home/runner/work/ozone/ozone/hadoop-ozone/integration-test/target/log,AVAILABLE}
2021-10-08 06:50:12,032 [Listener at 127.0.0.1/41649] INFO  handler.ContextHandler (ContextHandler.java:doStart(915)) - Started o.e.j.s.ServletContextHandler@fd01c56{static,/static,jar:file:/home/runner/.m2/repository/org/apache/ozone/hdds-container-service/1.2.0-SNAPSHOT/hdds-container-service-1.2.0-SNAPSHOT.jar!/webapps/static,AVAILABLE}
2021-10-08 06:50:12,087 [Listener at 127.0.0.1/41649] INFO  handler.ContextHandler (ContextHandler.java:doStart(915)) - Started o.e.j.w.WebAppContext@5db33742{hddsDatanode,/,file:///tmp/jetty-0_0_0_0-43079-hdds-container-service-1_2_0-SNAPSHOT_jar-_-any-402811526869900737/webapp/,AVAILABLE}{jar:file:/home/runner/.m2/repository/org/apache/ozone/hdds-container-service/1.2.0-SNAPSHOT/hdds-container-service-1.2.0-SNAPSHOT.jar!/webapps/hddsDatanode}
2021-10-08 06:50:12,088 [Listener at 127.0.0.1/41649] INFO  server.AbstractConnector (AbstractConnector.java:doStart(331)) - Started ServerConnector@61adaa04{HTTP/1.1, (http/1.1)}{0.0.0.0:43079}
2021-10-08 06:50:12,089 [Listener at 127.0.0.1/41649] INFO  server.Server (Server.java:doStart(415)) - Started @9983ms
2021-10-08 06:50:12,089 [Listener at 127.0.0.1/41649] WARN  impl.MetricsSystemImpl (MetricsSystemImpl.java:register(279)) - Sink prometheus already exists!
2021-10-08 06:50:12,089 [Listener at 127.0.0.1/41649] INFO  http.BaseHttpServer (BaseHttpServer.java:updateConnectorAddress(329)) - HTTP server of hddsDatanode listening at http://0.0.0.0:43079
2021-10-08 06:50:12,090 [Listener at 127.0.0.1/41649] WARN  impl.MetricRegistriesImpl (MetricRegistriesImpl.java:addReporterRegistration(111)) - New reporters are added after registries were created. Some metrics will be missing from the reporter. Please add reporter before adding any new registry.
2021-10-08 06:50:12,090 [Listener at 127.0.0.1/41649] WARN  impl.MetricRegistriesImpl (MetricRegistriesImpl.java:addReporterRegistration(111)) - New reporters are added after registries were created. Some metrics will be missing from the reporter. Please add reporter before adding any new registry.
2021-10-08 06:50:12,090 [Listener at 127.0.0.1/41649] INFO  impl.MetricsSystemImpl (MetricsSystemImpl.java:init(158)) - HddsDatanode metrics system started (again)
2021-10-08 06:50:12,097 [Datanode State Machine Thread - 0] INFO  statemachine.DatanodeStateMachine (DatanodeStateMachine.java:lambda$startDaemon$0(456)) - Ozone container server started.
2021-10-08 06:50:12,124 [Listener at 127.0.0.1/41649] INFO  ozone.HddsDatanodeService (HddsDatanodeService.java:start(234)) - HddsDatanodeService host:fv-az116-933.vzw04321ajxubdbcnpick5nqva.xx.internal.cloudapp.net ip:10.1.0.41
2021-10-08 06:50:12,141 [org.apache.hadoop.util.JvmPauseMonitor$Monitor@13718cdc] INFO  util.JvmPauseMonitor (JvmPauseMonitor.java:run(188)) - Starting JVM pause monitor
2021-10-08 06:50:12,142 [Datanode State Machine Task Thread - 0] INFO  datanode.InitDatanodeState (InitDatanodeState.java:persistContainerDatanodeDetails(145)) - DatanodeDetails is persisted to /home/runner/work/ozone/ozone/hadoop-ozone/integration-test/target/test-dir/MiniOzoneClusterImpl-22559c4f-4ba5-459a-8a40-bbe24e716d33/datanode-6/meta/datanode.id
2021-10-08 06:50:12,158 [Listener at 127.0.0.1/41649] INFO  upgrade.AbstractLayoutVersionManager (AbstractLayoutVersionManager.java:init(79)) - Initializing Layout version manager with metadata layout = SCM_HA (version = 2), software layout = SCM_HA (version = 2)
2021-10-08 06:50:12,201 [Listener at 127.0.0.1/41649] INFO  reflections.Reflections (Reflections.java:scan(232)) - Reflections took 41 ms to scan 7 urls, producing 119 keys and 275 values 
2021-10-08 06:50:12,205 [Listener at 127.0.0.1/41649] INFO  volume.HddsVolume (HddsVolume.java:<init>(120)) - Creating HddsVolume: /home/runner/work/ozone/ozone/hadoop-ozone/integration-test/target/test-dir/MiniOzoneClusterImpl-22559c4f-4ba5-459a-8a40-bbe24e716d33/datanode-7/data-0/containers/hdds of storage type : DISK capacity : 9223372036854775807
2021-10-08 06:50:12,205 [Listener at 127.0.0.1/41649] INFO  volume.MutableVolumeSet (MutableVolumeSet.java:initializeVolumeSet(168)) - Added Volume : /home/runner/work/ozone/ozone/hadoop-ozone/integration-test/target/test-dir/MiniOzoneClusterImpl-22559c4f-4ba5-459a-8a40-bbe24e716d33/datanode-7/data-0/containers/hdds to VolumeSet
2021-10-08 06:50:12,206 [Listener at 127.0.0.1/41649] INFO  volume.ThrottledAsyncChecker (ThrottledAsyncChecker.java:schedule(141)) - Scheduling a check for /home/runner/work/ozone/ozone/hadoop-ozone/integration-test/target/test-dir/MiniOzoneClusterImpl-22559c4f-4ba5-459a-8a40-bbe24e716d33/datanode-7/data-0/containers/hdds
2021-10-08 06:50:12,212 [Listener at 127.0.0.1/41649] INFO  volume.StorageVolumeChecker (StorageVolumeChecker.java:checkAllVolumes(202)) - Scheduled health check for volume /home/runner/work/ozone/ozone/hadoop-ozone/integration-test/target/test-dir/MiniOzoneClusterImpl-22559c4f-4ba5-459a-8a40-bbe24e716d33/datanode-7/data-0/containers/hdds
2021-10-08 06:50:12,228 [Listener at 127.0.0.1/41649] INFO  volume.MutableVolumeSet (MutableVolumeSet.java:initializeVolumeSet(168)) - Added Volume : /home/runner/work/ozone/ozone/hadoop-ozone/integration-test/target/test-dir/MiniOzoneClusterImpl-22559c4f-4ba5-459a-8a40-bbe24e716d33/datanode-7/data/ratis to VolumeSet
2021-10-08 06:50:12,229 [Listener at 127.0.0.1/41649] INFO  volume.ThrottledAsyncChecker (ThrottledAsyncChecker.java:schedule(141)) - Scheduling a check for /home/runner/work/ozone/ozone/hadoop-ozone/integration-test/target/test-dir/MiniOzoneClusterImpl-22559c4f-4ba5-459a-8a40-bbe24e716d33/datanode-7/data/ratis
2021-10-08 06:50:12,229 [Listener at 127.0.0.1/41649] INFO  volume.StorageVolumeChecker (StorageVolumeChecker.java:checkAllVolumes(202)) - Scheduled health check for volume /home/runner/work/ozone/ozone/hadoop-ozone/integration-test/target/test-dir/MiniOzoneClusterImpl-22559c4f-4ba5-459a-8a40-bbe24e716d33/datanode-7/data/ratis
2021-10-08 06:50:12,242 [Thread-215] INFO  ozoneimpl.ContainerReader (ContainerReader.java:readVolume(172)) - Finish verifying containers on volume /home/runner/work/ozone/ozone/hadoop-ozone/integration-test/target/test-dir/MiniOzoneClusterImpl-22559c4f-4ba5-459a-8a40-bbe24e716d33/datanode-7/data-0/containers/hdds
2021-10-08 06:50:12,242 [Listener at 127.0.0.1/41649] INFO  ozoneimpl.OzoneContainer (OzoneContainer.java:buildContainerSet(236)) - Build ContainerSet costs 0s
2021-10-08 06:50:12,245 [Listener at 127.0.0.1/41649] INFO  server.RaftServer (ConfUtils.java:logGet(44)) - raft.rpc.type = GRPC (default)
2021-10-08 06:50:12,245 [Listener at 127.0.0.1/41649] INFO  grpc.GrpcFactory (GrpcFactory.java:checkPooledByteBufAllocatorUseCacheForAllThreads(48)) - PERFORMANCE WARNING: useCacheForAllThreads is true that may cause Netty to create a lot garbage objects and, as a result, trigger GC.
	It is recommended to disable useCacheForAllThreads by setting -Dorg.apache.ratis.thirdparty.io.netty.allocator.useCacheForAllThreads=false in command line.
2021-10-08 06:50:12,245 [Listener at 127.0.0.1/41649] INFO  grpc.GrpcConfigKeys (ConfUtils.java:logGet(44)) - raft.grpc.admin.port = 0 (custom)
2021-10-08 06:50:12,245 [Listener at 127.0.0.1/41649] INFO  grpc.GrpcConfigKeys (ConfUtils.java:logGet(44)) - raft.grpc.client.port = 0 (custom)
2021-10-08 06:50:12,245 [Listener at 127.0.0.1/41649] INFO  grpc.GrpcConfigKeys (ConfUtils.java:logGet(44)) - raft.grpc.server.port = 0 (default)
2021-10-08 06:50:12,246 [Listener at 127.0.0.1/41649] INFO  server.GrpcService (ConfUtils.java:logGet(44)) - raft.grpc.message.size.max = 32MB (=33554432) (custom)
2021-10-08 06:50:12,246 [Listener at 127.0.0.1/41649] INFO  server.RaftServerConfigKeys (ConfUtils.java:logGet(44)) - raft.server.log.appender.buffer.byte-limit = 33554432 (custom)
2021-10-08 06:50:12,246 [Listener at 127.0.0.1/41649] INFO  server.GrpcService (ConfUtils.java:logGet(44)) - raft.grpc.flow.control.window = 5MB (=5242880) (custom)
2021-10-08 06:50:12,246 [Listener at 127.0.0.1/41649] INFO  server.RaftServerConfigKeys (ConfUtils.java:logGet(44)) - raft.server.rpc.request.timeout = 3000ms (default)
2021-10-08 06:50:12,247 [Listener at 127.0.0.1/41649] INFO  impl.DataStreamServerImpl (ConfUtils.java:logGet(44)) - raft.datastream.type = DISABLED (default)
2021-10-08 06:50:12,247 [Listener at 127.0.0.1/41649] INFO  server.RaftServerConfigKeys (ConfUtils.java:logGet(44)) - raft.server.rpc.slowness.timeout = 300000ms (custom)
2021-10-08 06:50:12,247 [Listener at 127.0.0.1/41649] INFO  server.RaftServerConfigKeys (ConfUtils.java:logGet(44)) - raft.server.leaderelection.leader.step-down.wait-time = 10s (default)
2021-10-08 06:50:12,247 [Listener at 127.0.0.1/41649] INFO  server.RaftServerConfigKeys (ConfUtils.java:logGet(44)) - raft.server.storage.dir = [/home/runner/work/ozone/ozone/hadoop-ozone/integration-test/target/test-dir/MiniOzoneClusterImpl-22559c4f-4ba5-459a-8a40-bbe24e716d33/datanode-7/data/ratis] (custom)
2021-10-08 06:50:12,252 [Listener at 127.0.0.1/41649] INFO  http.BaseHttpServer (BaseHttpServer.java:newHttpServer2BuilderForOzone(209)) - Starting Web-server for hddsDatanode at: http://0.0.0.0:0
2021-10-08 06:50:12,252 [Listener at 127.0.0.1/41649] INFO  http.BaseHttpServer (BaseHttpServer.java:<init>(107)) - Hadoop Security Enabled: false Ozone Security Enabled: false Ozone HTTP Security Enabled: false 
2021-10-08 06:50:12,253 [Listener at 127.0.0.1/41649] INFO  server.AuthenticationFilter (AuthenticationFilter.java:constructSecretProvider(240)) - Unable to initialize FileSignerSecretProvider, falling back to use random secrets.
2021-10-08 06:50:12,253 [Listener at 127.0.0.1/41649] WARN  http.HttpRequestLog (HttpRequestLog.java:getRequestLog(103)) - Jetty request log can only be enabled using Log4j
2021-10-08 06:50:12,254 [Listener at 127.0.0.1/41649] INFO  http.HttpServer2 (HttpServer2.java:addGlobalFilter(1030)) - Added global filter 'safety' (class=org.apache.hadoop.hdds.server.http.HttpServer2$QuotingInputFilter)
2021-10-08 06:50:12,255 [Listener at 127.0.0.1/41649] INFO  http.HttpServer2 (HttpServer2.java:addFilter(1006)) - Added filter static_user_filter (class=org.apache.hadoop.http.lib.StaticUserWebFilter$StaticUserFilter) to context hddsDatanode
2021-10-08 06:50:12,255 [Listener at 127.0.0.1/41649] INFO  http.HttpServer2 (HttpServer2.java:addFilter(1014)) - Added filter static_user_filter (class=org.apache.hadoop.http.lib.StaticUserWebFilter$StaticUserFilter) to context logs
2021-10-08 06:50:12,256 [Listener at 127.0.0.1/41649] INFO  http.HttpServer2 (HttpServer2.java:addFilter(1014)) - Added filter static_user_filter (class=org.apache.hadoop.http.lib.StaticUserWebFilter$StaticUserFilter) to context static
2021-10-08 06:50:12,256 [Listener at 127.0.0.1/41649] INFO  http.HttpServer2 (HttpServer2.java:bindListener(1249)) - Jetty bound to port 38057
2021-10-08 06:50:12,256 [Listener at 127.0.0.1/41649] INFO  server.Server (Server.java:doStart(375)) - jetty-9.4.43.v20210629; built: 2021-06-30T11:07:22.254Z; git: 526006ecfa3af7f1a27ef3a288e2bef7ea9dd7e8; jvm 1.8.0_292-b10
2021-10-08 06:50:12,287 [Listener at 127.0.0.1/41649] INFO  server.session (DefaultSessionIdManager.java:doStart(334)) - DefaultSessionIdManager workerName=node0
2021-10-08 06:50:12,287 [Listener at 127.0.0.1/41649] INFO  server.session (DefaultSessionIdManager.java:doStart(339)) - No SessionScavenger set, using defaults
2021-10-08 06:50:12,287 [Listener at 127.0.0.1/41649] INFO  server.session (HouseKeeper.java:startScavenging(132)) - node0 Scavenging every 600000ms
2021-10-08 06:50:12,297 [Listener at 127.0.0.1/41649] INFO  handler.ContextHandler (ContextHandler.java:doStart(915)) - Started o.e.j.s.ServletContextHandler@1edbdb0e{logs,/logs,file:///home/runner/work/ozone/ozone/hadoop-ozone/integration-test/target/log,AVAILABLE}
2021-10-08 06:50:12,300 [Listener at 127.0.0.1/41649] INFO  handler.ContextHandler (ContextHandler.java:doStart(915)) - Started o.e.j.s.ServletContextHandler@34bba7f7{static,/static,jar:file:/home/runner/.m2/repository/org/apache/ozone/hdds-container-service/1.2.0-SNAPSHOT/hdds-container-service-1.2.0-SNAPSHOT.jar!/webapps/static,AVAILABLE}
2021-10-08 06:50:12,348 [EndpointStateMachine task thread for /0.0.0.0:39515 - 0 ] INFO  ozoneimpl.OzoneContainer (OzoneContainer.java:start(304)) - Attempting to start container services.
2021-10-08 06:50:12,350 [EndpointStateMachine task thread for /0.0.0.0:39515 - 0 ] INFO  ozoneimpl.OzoneContainer (OzoneContainer.java:startContainerScrub(249)) - Background container scanner has been disabled.
2021-10-08 06:50:12,352 [EndpointStateMachine task thread for /0.0.0.0:39515 - 0 ] INFO  replication.ReplicationServer (ReplicationServer.java:start(107)) - ReplicationServer is started using port 38369
2021-10-08 06:50:12,356 [EndpointStateMachine task thread for /0.0.0.0:39515 - 0 ] INFO  ratis.XceiverServerRatis (XceiverServerRatis.java:start(482)) - Starting XceiverServerRatis 7c56b051-e741-4b88-a800-6437d7fa75cc
2021-10-08 06:50:12,358 [EndpointStateMachine task thread for /0.0.0.0:39515 - 0 ] INFO  server.RaftServer (RaftServerProxy.java:lambda$start$5(374)) - 7c56b051-e741-4b88-a800-6437d7fa75cc: start RPC server
2021-10-08 06:50:12,362 [EndpointStateMachine task thread for /0.0.0.0:39515 - 0 ] INFO  server.GrpcService (GrpcService.java:startImpl(253)) - 7c56b051-e741-4b88-a800-6437d7fa75cc: GrpcService started, listening on 42627
2021-10-08 06:50:12,363 [EndpointStateMachine task thread for /0.0.0.0:39515 - 0 ] INFO  ratis.XceiverServerRatis (XceiverServerRatis.java:getRealPort(503)) - XceiverServerRatis 7c56b051-e741-4b88-a800-6437d7fa75cc is started using port 42627 for RATIS
2021-10-08 06:50:12,363 [EndpointStateMachine task thread for /0.0.0.0:39515 - 0 ] INFO  ratis.XceiverServerRatis (XceiverServerRatis.java:getRealPort(503)) - XceiverServerRatis 7c56b051-e741-4b88-a800-6437d7fa75cc is started using port 42627 for RATIS_ADMIN
2021-10-08 06:50:12,363 [EndpointStateMachine task thread for /0.0.0.0:39515 - 0 ] INFO  ratis.XceiverServerRatis (XceiverServerRatis.java:getRealPort(503)) - XceiverServerRatis 7c56b051-e741-4b88-a800-6437d7fa75cc is started using port 42627 for RATIS_SERVER
2021-10-08 06:50:12,371 [EndpointStateMachine task thread for /0.0.0.0:39515 - 0 ] INFO  server.XceiverServerGrpc (XceiverServerGrpc.java:start(135)) - XceiverServerGrpc 7c56b051-e741-4b88-a800-6437d7fa75cc is started using port 40007
2021-10-08 06:50:12,376 [org.apache.ratis.util.JvmPauseMonitor$$Lambda$521/36824495@ec99bd6] INFO  util.JvmPauseMonitor (JvmPauseMonitor.java:run(103)) - JvmPauseMonitor-7c56b051-e741-4b88-a800-6437d7fa75cc: Started
2021-10-08 06:50:12,390 [Listener at 127.0.0.1/41649] INFO  handler.ContextHandler (ContextHandler.java:doStart(915)) - Started o.e.j.w.WebAppContext@5bb34437{hddsDatanode,/,file:///tmp/jetty-0_0_0_0-38057-hdds-container-service-1_2_0-SNAPSHOT_jar-_-any-832544895735214509/webapp/,AVAILABLE}{jar:file:/home/runner/.m2/repository/org/apache/ozone/hdds-container-service/1.2.0-SNAPSHOT/hdds-container-service-1.2.0-SNAPSHOT.jar!/webapps/hddsDatanode}
2021-10-08 06:50:12,393 [Listener at 127.0.0.1/41649] INFO  server.AbstractConnector (AbstractConnector.java:doStart(331)) - Started ServerConnector@27d48912{HTTP/1.1, (http/1.1)}{0.0.0.0:38057}
2021-10-08 06:50:12,393 [Listener at 127.0.0.1/41649] INFO  server.Server (Server.java:doStart(415)) - Started @10287ms
2021-10-08 06:50:12,393 [Listener at 127.0.0.1/41649] WARN  impl.MetricsSystemImpl (MetricsSystemImpl.java:register(279)) - Sink prometheus already exists!
2021-10-08 06:50:12,394 [Listener at 127.0.0.1/41649] INFO  http.BaseHttpServer (BaseHttpServer.java:updateConnectorAddress(329)) - HTTP server of hddsDatanode listening at http://0.0.0.0:38057
2021-10-08 06:50:12,395 [Listener at 127.0.0.1/41649] WARN  impl.MetricRegistriesImpl (MetricRegistriesImpl.java:addReporterRegistration(111)) - New reporters are added after registries were created. Some metrics will be missing from the reporter. Please add reporter before adding any new registry.
2021-10-08 06:50:12,395 [Listener at 127.0.0.1/41649] WARN  impl.MetricRegistriesImpl (MetricRegistriesImpl.java:addReporterRegistration(111)) - New reporters are added after registries were created. Some metrics will be missing from the reporter. Please add reporter before adding any new registry.
2021-10-08 06:50:12,395 [Listener at 127.0.0.1/41649] INFO  impl.MetricsSystemImpl (MetricsSystemImpl.java:init(158)) - HddsDatanode metrics system started (again)
2021-10-08 06:50:12,403 [Datanode State Machine Thread - 0] INFO  statemachine.DatanodeStateMachine (DatanodeStateMachine.java:lambda$startDaemon$0(456)) - Ozone container server started.
2021-10-08 06:50:12,413 [org.apache.hadoop.util.JvmPauseMonitor$Monitor@1d193e29] INFO  util.JvmPauseMonitor (JvmPauseMonitor.java:run(188)) - Starting JVM pause monitor
2021-10-08 06:50:12,425 [Listener at 127.0.0.1/41649] INFO  ozone.HddsDatanodeService (HddsDatanodeService.java:start(234)) - HddsDatanodeService host:fv-az116-933.vzw04321ajxubdbcnpick5nqva.xx.internal.cloudapp.net ip:10.1.0.41
2021-10-08 06:50:12,428 [Datanode State Machine Task Thread - 0] INFO  datanode.InitDatanodeState (InitDatanodeState.java:persistContainerDatanodeDetails(145)) - DatanodeDetails is persisted to /home/runner/work/ozone/ozone/hadoop-ozone/integration-test/target/test-dir/MiniOzoneClusterImpl-22559c4f-4ba5-459a-8a40-bbe24e716d33/datanode-7/meta/datanode.id
2021-10-08 06:50:12,461 [Listener at 127.0.0.1/41649] INFO  upgrade.AbstractLayoutVersionManager (AbstractLayoutVersionManager.java:init(79)) - Initializing Layout version manager with metadata layout = SCM_HA (version = 2), software layout = SCM_HA (version = 2)
2021-10-08 06:50:12,509 [Listener at 127.0.0.1/41649] INFO  reflections.Reflections (Reflections.java:scan(232)) - Reflections took 47 ms to scan 7 urls, producing 119 keys and 275 values 
2021-10-08 06:50:12,513 [Listener at 127.0.0.1/41649] INFO  volume.HddsVolume (HddsVolume.java:<init>(120)) - Creating HddsVolume: /home/runner/work/ozone/ozone/hadoop-ozone/integration-test/target/test-dir/MiniOzoneClusterImpl-22559c4f-4ba5-459a-8a40-bbe24e716d33/datanode-8/data-0/containers/hdds of storage type : DISK capacity : 9223372036854775807
2021-10-08 06:50:12,513 [Listener at 127.0.0.1/41649] INFO  volume.MutableVolumeSet (MutableVolumeSet.java:initializeVolumeSet(168)) - Added Volume : /home/runner/work/ozone/ozone/hadoop-ozone/integration-test/target/test-dir/MiniOzoneClusterImpl-22559c4f-4ba5-459a-8a40-bbe24e716d33/datanode-8/data-0/containers/hdds to VolumeSet
2021-10-08 06:50:12,513 [Listener at 127.0.0.1/41649] INFO  volume.ThrottledAsyncChecker (ThrottledAsyncChecker.java:schedule(141)) - Scheduling a check for /home/runner/work/ozone/ozone/hadoop-ozone/integration-test/target/test-dir/MiniOzoneClusterImpl-22559c4f-4ba5-459a-8a40-bbe24e716d33/datanode-8/data-0/containers/hdds
2021-10-08 06:50:12,514 [Listener at 127.0.0.1/41649] INFO  volume.StorageVolumeChecker (StorageVolumeChecker.java:checkAllVolumes(202)) - Scheduled health check for volume /home/runner/work/ozone/ozone/hadoop-ozone/integration-test/target/test-dir/MiniOzoneClusterImpl-22559c4f-4ba5-459a-8a40-bbe24e716d33/datanode-8/data-0/containers/hdds
2021-10-08 06:50:12,530 [Listener at 127.0.0.1/41649] INFO  volume.MutableVolumeSet (MutableVolumeSet.java:initializeVolumeSet(168)) - Added Volume : /home/runner/work/ozone/ozone/hadoop-ozone/integration-test/target/test-dir/MiniOzoneClusterImpl-22559c4f-4ba5-459a-8a40-bbe24e716d33/datanode-8/data/ratis to VolumeSet
2021-10-08 06:50:12,530 [Listener at 127.0.0.1/41649] INFO  volume.ThrottledAsyncChecker (ThrottledAsyncChecker.java:schedule(141)) - Scheduling a check for /home/runner/work/ozone/ozone/hadoop-ozone/integration-test/target/test-dir/MiniOzoneClusterImpl-22559c4f-4ba5-459a-8a40-bbe24e716d33/datanode-8/data/ratis
2021-10-08 06:50:12,530 [Listener at 127.0.0.1/41649] INFO  volume.StorageVolumeChecker (StorageVolumeChecker.java:checkAllVolumes(202)) - Scheduled health check for volume /home/runner/work/ozone/ozone/hadoop-ozone/integration-test/target/test-dir/MiniOzoneClusterImpl-22559c4f-4ba5-459a-8a40-bbe24e716d33/datanode-8/data/ratis
2021-10-08 06:50:12,543 [Thread-231] INFO  ozoneimpl.ContainerReader (ContainerReader.java:readVolume(172)) - Finish verifying containers on volume /home/runner/work/ozone/ozone/hadoop-ozone/integration-test/target/test-dir/MiniOzoneClusterImpl-22559c4f-4ba5-459a-8a40-bbe24e716d33/datanode-8/data-0/containers/hdds
2021-10-08 06:50:12,543 [Listener at 127.0.0.1/41649] INFO  ozoneimpl.OzoneContainer (OzoneContainer.java:buildContainerSet(236)) - Build ContainerSet costs 0s
2021-10-08 06:50:12,546 [Listener at 127.0.0.1/41649] INFO  server.RaftServer (ConfUtils.java:logGet(44)) - raft.rpc.type = GRPC (default)
2021-10-08 06:50:12,547 [Listener at 127.0.0.1/41649] INFO  grpc.GrpcFactory (GrpcFactory.java:checkPooledByteBufAllocatorUseCacheForAllThreads(48)) - PERFORMANCE WARNING: useCacheForAllThreads is true that may cause Netty to create a lot garbage objects and, as a result, trigger GC.
	It is recommended to disable useCacheForAllThreads by setting -Dorg.apache.ratis.thirdparty.io.netty.allocator.useCacheForAllThreads=false in command line.
2021-10-08 06:50:12,547 [Listener at 127.0.0.1/41649] INFO  grpc.GrpcConfigKeys (ConfUtils.java:logGet(44)) - raft.grpc.admin.port = 0 (custom)
2021-10-08 06:50:12,547 [Listener at 127.0.0.1/41649] INFO  grpc.GrpcConfigKeys (ConfUtils.java:logGet(44)) - raft.grpc.client.port = 0 (custom)
2021-10-08 06:50:12,547 [Listener at 127.0.0.1/41649] INFO  grpc.GrpcConfigKeys (ConfUtils.java:logGet(44)) - raft.grpc.server.port = 0 (default)
2021-10-08 06:50:12,547 [Listener at 127.0.0.1/41649] INFO  server.GrpcService (ConfUtils.java:logGet(44)) - raft.grpc.message.size.max = 32MB (=33554432) (custom)
2021-10-08 06:50:12,548 [Listener at 127.0.0.1/41649] INFO  server.RaftServerConfigKeys (ConfUtils.java:logGet(44)) - raft.server.log.appender.buffer.byte-limit = 33554432 (custom)
2021-10-08 06:50:12,548 [Listener at 127.0.0.1/41649] INFO  server.GrpcService (ConfUtils.java:logGet(44)) - raft.grpc.flow.control.window = 5MB (=5242880) (custom)
2021-10-08 06:50:12,548 [Listener at 127.0.0.1/41649] INFO  server.RaftServerConfigKeys (ConfUtils.java:logGet(44)) - raft.server.rpc.request.timeout = 3000ms (default)
2021-10-08 06:50:12,549 [Listener at 127.0.0.1/41649] INFO  impl.DataStreamServerImpl (ConfUtils.java:logGet(44)) - raft.datastream.type = DISABLED (default)
2021-10-08 06:50:12,549 [Listener at 127.0.0.1/41649] INFO  server.RaftServerConfigKeys (ConfUtils.java:logGet(44)) - raft.server.rpc.slowness.timeout = 300000ms (custom)
2021-10-08 06:50:12,549 [Listener at 127.0.0.1/41649] INFO  server.RaftServerConfigKeys (ConfUtils.java:logGet(44)) - raft.server.leaderelection.leader.step-down.wait-time = 10s (default)
2021-10-08 06:50:12,550 [Listener at 127.0.0.1/41649] INFO  server.RaftServerConfigKeys (ConfUtils.java:logGet(44)) - raft.server.storage.dir = [/home/runner/work/ozone/ozone/hadoop-ozone/integration-test/target/test-dir/MiniOzoneClusterImpl-22559c4f-4ba5-459a-8a40-bbe24e716d33/datanode-8/data/ratis] (custom)
2021-10-08 06:50:12,553 [Listener at 127.0.0.1/41649] INFO  http.BaseHttpServer (BaseHttpServer.java:newHttpServer2BuilderForOzone(209)) - Starting Web-server for hddsDatanode at: http://0.0.0.0:0
2021-10-08 06:50:12,553 [Listener at 127.0.0.1/41649] INFO  http.BaseHttpServer (BaseHttpServer.java:<init>(107)) - Hadoop Security Enabled: false Ozone Security Enabled: false Ozone HTTP Security Enabled: false 
2021-10-08 06:50:12,555 [Listener at 127.0.0.1/41649] INFO  server.AuthenticationFilter (AuthenticationFilter.java:constructSecretProvider(240)) - Unable to initialize FileSignerSecretProvider, falling back to use random secrets.
2021-10-08 06:50:12,555 [Listener at 127.0.0.1/41649] WARN  http.HttpRequestLog (HttpRequestLog.java:getRequestLog(103)) - Jetty request log can only be enabled using Log4j
2021-10-08 06:50:12,556 [Listener at 127.0.0.1/41649] INFO  http.HttpServer2 (HttpServer2.java:addGlobalFilter(1030)) - Added global filter 'safety' (class=org.apache.hadoop.hdds.server.http.HttpServer2$QuotingInputFilter)
2021-10-08 06:50:12,557 [Listener at 127.0.0.1/41649] INFO  http.HttpServer2 (HttpServer2.java:addFilter(1006)) - Added filter static_user_filter (class=org.apache.hadoop.http.lib.StaticUserWebFilter$StaticUserFilter) to context hddsDatanode
2021-10-08 06:50:12,557 [Listener at 127.0.0.1/41649] INFO  http.HttpServer2 (HttpServer2.java:addFilter(1014)) - Added filter static_user_filter (class=org.apache.hadoop.http.lib.StaticUserWebFilter$StaticUserFilter) to context logs
2021-10-08 06:50:12,557 [Listener at 127.0.0.1/41649] INFO  http.HttpServer2 (HttpServer2.java:addFilter(1014)) - Added filter static_user_filter (class=org.apache.hadoop.http.lib.StaticUserWebFilter$StaticUserFilter) to context static
2021-10-08 06:50:12,557 [Listener at 127.0.0.1/41649] INFO  http.HttpServer2 (HttpServer2.java:bindListener(1249)) - Jetty bound to port 42713
2021-10-08 06:50:12,558 [Listener at 127.0.0.1/41649] INFO  server.Server (Server.java:doStart(375)) - jetty-9.4.43.v20210629; built: 2021-06-30T11:07:22.254Z; git: 526006ecfa3af7f1a27ef3a288e2bef7ea9dd7e8; jvm 1.8.0_292-b10
2021-10-08 06:50:12,559 [Listener at 127.0.0.1/41649] INFO  server.session (DefaultSessionIdManager.java:doStart(334)) - DefaultSessionIdManager workerName=node0
2021-10-08 06:50:12,559 [Listener at 127.0.0.1/41649] INFO  server.session (DefaultSessionIdManager.java:doStart(339)) - No SessionScavenger set, using defaults
2021-10-08 06:50:12,560 [Listener at 127.0.0.1/41649] INFO  server.session (HouseKeeper.java:startScavenging(132)) - node0 Scavenging every 600000ms
2021-10-08 06:50:12,563 [Listener at 127.0.0.1/41649] INFO  handler.ContextHandler (ContextHandler.java:doStart(915)) - Started o.e.j.s.ServletContextHandler@5c89c27b{logs,/logs,file:///home/runner/work/ozone/ozone/hadoop-ozone/integration-test/target/log,AVAILABLE}
2021-10-08 06:50:12,564 [Listener at 127.0.0.1/41649] INFO  handler.ContextHandler (ContextHandler.java:doStart(915)) - Started o.e.j.s.ServletContextHandler@5d1b7a57{static,/static,jar:file:/home/runner/.m2/repository/org/apache/ozone/hdds-container-service/1.2.0-SNAPSHOT/hdds-container-service-1.2.0-SNAPSHOT.jar!/webapps/static,AVAILABLE}
2021-10-08 06:50:12,589 [EndpointStateMachine task thread for /0.0.0.0:39515 - 0 ] INFO  ozoneimpl.OzoneContainer (OzoneContainer.java:start(304)) - Attempting to start container services.
2021-10-08 06:50:12,589 [EndpointStateMachine task thread for /0.0.0.0:39515 - 0 ] INFO  ozoneimpl.OzoneContainer (OzoneContainer.java:startContainerScrub(249)) - Background container scanner has been disabled.
2021-10-08 06:50:12,592 [EndpointStateMachine task thread for /0.0.0.0:39515 - 0 ] INFO  replication.ReplicationServer (ReplicationServer.java:start(107)) - ReplicationServer is started using port 38395
2021-10-08 06:50:12,596 [EndpointStateMachine task thread for /0.0.0.0:39515 - 0 ] INFO  ratis.XceiverServerRatis (XceiverServerRatis.java:start(482)) - Starting XceiverServerRatis f72599f1-e0cc-40f9-85fa-72f8008a2fb9
2021-10-08 06:50:12,603 [EndpointStateMachine task thread for /0.0.0.0:39515 - 0 ] INFO  server.RaftServer (RaftServerProxy.java:lambda$start$5(374)) - f72599f1-e0cc-40f9-85fa-72f8008a2fb9: start RPC server
2021-10-08 06:50:12,606 [EndpointStateMachine task thread for /0.0.0.0:39515 - 0 ] INFO  server.GrpcService (GrpcService.java:startImpl(253)) - f72599f1-e0cc-40f9-85fa-72f8008a2fb9: GrpcService started, listening on 45769
2021-10-08 06:50:12,606 [EndpointStateMachine task thread for /0.0.0.0:39515 - 0 ] INFO  ratis.XceiverServerRatis (XceiverServerRatis.java:getRealPort(503)) - XceiverServerRatis f72599f1-e0cc-40f9-85fa-72f8008a2fb9 is started using port 45769 for RATIS
2021-10-08 06:50:12,606 [EndpointStateMachine task thread for /0.0.0.0:39515 - 0 ] INFO  ratis.XceiverServerRatis (XceiverServerRatis.java:getRealPort(503)) - XceiverServerRatis f72599f1-e0cc-40f9-85fa-72f8008a2fb9 is started using port 45769 for RATIS_ADMIN
2021-10-08 06:50:12,606 [EndpointStateMachine task thread for /0.0.0.0:39515 - 0 ] INFO  ratis.XceiverServerRatis (XceiverServerRatis.java:getRealPort(503)) - XceiverServerRatis f72599f1-e0cc-40f9-85fa-72f8008a2fb9 is started using port 45769 for RATIS_SERVER
2021-10-08 06:50:12,609 [org.apache.ratis.util.JvmPauseMonitor$$Lambda$521/36824495@2b7cf95a] INFO  util.JvmPauseMonitor (JvmPauseMonitor.java:run(103)) - JvmPauseMonitor-f72599f1-e0cc-40f9-85fa-72f8008a2fb9: Started
2021-10-08 06:50:12,609 [EndpointStateMachine task thread for /0.0.0.0:39515 - 0 ] INFO  server.XceiverServerGrpc (XceiverServerGrpc.java:start(135)) - XceiverServerGrpc f72599f1-e0cc-40f9-85fa-72f8008a2fb9 is started using port 35749
2021-10-08 06:50:12,629 [Listener at 127.0.0.1/41649] INFO  handler.ContextHandler (ContextHandler.java:doStart(915)) - Started o.e.j.w.WebAppContext@68a08d18{hddsDatanode,/,file:///tmp/jetty-0_0_0_0-42713-hdds-container-service-1_2_0-SNAPSHOT_jar-_-any-7096338411912585216/webapp/,AVAILABLE}{jar:file:/home/runner/.m2/repository/org/apache/ozone/hdds-container-service/1.2.0-SNAPSHOT/hdds-container-service-1.2.0-SNAPSHOT.jar!/webapps/hddsDatanode}
2021-10-08 06:50:12,630 [Listener at 127.0.0.1/41649] INFO  server.AbstractConnector (AbstractConnector.java:doStart(331)) - Started ServerConnector@5d16fc4b{HTTP/1.1, (http/1.1)}{0.0.0.0:42713}
2021-10-08 06:50:12,630 [Listener at 127.0.0.1/41649] INFO  server.Server (Server.java:doStart(415)) - Started @10524ms
2021-10-08 06:50:12,630 [Listener at 127.0.0.1/41649] WARN  impl.MetricsSystemImpl (MetricsSystemImpl.java:register(279)) - Sink prometheus already exists!
2021-10-08 06:50:12,631 [Listener at 127.0.0.1/41649] INFO  http.BaseHttpServer (BaseHttpServer.java:updateConnectorAddress(329)) - HTTP server of hddsDatanode listening at http://0.0.0.0:42713
2021-10-08 06:50:12,632 [Listener at 127.0.0.1/41649] WARN  impl.MetricRegistriesImpl (MetricRegistriesImpl.java:addReporterRegistration(111)) - New reporters are added after registries were created. Some metrics will be missing from the reporter. Please add reporter before adding any new registry.
2021-10-08 06:50:12,633 [Listener at 127.0.0.1/41649] WARN  impl.MetricRegistriesImpl (MetricRegistriesImpl.java:addReporterRegistration(111)) - New reporters are added after registries were created. Some metrics will be missing from the reporter. Please add reporter before adding any new registry.
2021-10-08 06:50:12,633 [Listener at 127.0.0.1/41649] INFO  impl.MetricsSystemImpl (MetricsSystemImpl.java:init(158)) - HddsDatanode metrics system started (again)
2021-10-08 06:50:12,632 [Datanode State Machine Thread - 0] INFO  statemachine.DatanodeStateMachine (DatanodeStateMachine.java:lambda$startDaemon$0(456)) - Ozone container server started.
2021-10-08 06:50:12,686 [Datanode State Machine Task Thread - 0] INFO  datanode.InitDatanodeState (InitDatanodeState.java:persistContainerDatanodeDetails(145)) - DatanodeDetails is persisted to /home/runner/work/ozone/ozone/hadoop-ozone/integration-test/target/test-dir/MiniOzoneClusterImpl-22559c4f-4ba5-459a-8a40-bbe24e716d33/datanode-8/meta/datanode.id
2021-10-08 06:50:12,687 [org.apache.hadoop.util.JvmPauseMonitor$Monitor@1f66d032] INFO  util.JvmPauseMonitor (JvmPauseMonitor.java:run(188)) - Starting JVM pause monitor
2021-10-08 06:50:12,695 [Listener at 127.0.0.1/41649] INFO  ozone.HddsDatanodeService (HddsDatanodeService.java:start(234)) - HddsDatanodeService host:fv-az116-933.vzw04321ajxubdbcnpick5nqva.xx.internal.cloudapp.net ip:10.1.0.41
2021-10-08 06:50:12,725 [Listener at 127.0.0.1/41649] INFO  upgrade.AbstractLayoutVersionManager (AbstractLayoutVersionManager.java:init(79)) - Initializing Layout version manager with metadata layout = SCM_HA (version = 2), software layout = SCM_HA (version = 2)
2021-10-08 06:50:12,774 [Listener at 127.0.0.1/41649] INFO  reflections.Reflections (Reflections.java:scan(232)) - Reflections took 48 ms to scan 7 urls, producing 119 keys and 275 values 
2021-10-08 06:50:12,777 [Listener at 127.0.0.1/41649] INFO  volume.HddsVolume (HddsVolume.java:<init>(120)) - Creating HddsVolume: /home/runner/work/ozone/ozone/hadoop-ozone/integration-test/target/test-dir/MiniOzoneClusterImpl-22559c4f-4ba5-459a-8a40-bbe24e716d33/datanode-9/data-0/containers/hdds of storage type : DISK capacity : 9223372036854775807
2021-10-08 06:50:12,777 [Listener at 127.0.0.1/41649] INFO  volume.MutableVolumeSet (MutableVolumeSet.java:initializeVolumeSet(168)) - Added Volume : /home/runner/work/ozone/ozone/hadoop-ozone/integration-test/target/test-dir/MiniOzoneClusterImpl-22559c4f-4ba5-459a-8a40-bbe24e716d33/datanode-9/data-0/containers/hdds to VolumeSet
2021-10-08 06:50:12,778 [Listener at 127.0.0.1/41649] INFO  volume.ThrottledAsyncChecker (ThrottledAsyncChecker.java:schedule(141)) - Scheduling a check for /home/runner/work/ozone/ozone/hadoop-ozone/integration-test/target/test-dir/MiniOzoneClusterImpl-22559c4f-4ba5-459a-8a40-bbe24e716d33/datanode-9/data-0/containers/hdds
2021-10-08 06:50:12,778 [Listener at 127.0.0.1/41649] INFO  volume.StorageVolumeChecker (StorageVolumeChecker.java:checkAllVolumes(202)) - Scheduled health check for volume /home/runner/work/ozone/ozone/hadoop-ozone/integration-test/target/test-dir/MiniOzoneClusterImpl-22559c4f-4ba5-459a-8a40-bbe24e716d33/datanode-9/data-0/containers/hdds
2021-10-08 06:50:12,792 [Listener at 127.0.0.1/41649] INFO  volume.MutableVolumeSet (MutableVolumeSet.java:initializeVolumeSet(168)) - Added Volume : /home/runner/work/ozone/ozone/hadoop-ozone/integration-test/target/test-dir/MiniOzoneClusterImpl-22559c4f-4ba5-459a-8a40-bbe24e716d33/datanode-9/data/ratis to VolumeSet
2021-10-08 06:50:12,792 [Listener at 127.0.0.1/41649] INFO  volume.ThrottledAsyncChecker (ThrottledAsyncChecker.java:schedule(141)) - Scheduling a check for /home/runner/work/ozone/ozone/hadoop-ozone/integration-test/target/test-dir/MiniOzoneClusterImpl-22559c4f-4ba5-459a-8a40-bbe24e716d33/datanode-9/data/ratis
2021-10-08 06:50:12,792 [Listener at 127.0.0.1/41649] INFO  volume.StorageVolumeChecker (StorageVolumeChecker.java:checkAllVolumes(202)) - Scheduled health check for volume /home/runner/work/ozone/ozone/hadoop-ozone/integration-test/target/test-dir/MiniOzoneClusterImpl-22559c4f-4ba5-459a-8a40-bbe24e716d33/datanode-9/data/ratis
2021-10-08 06:50:12,807 [Thread-246] INFO  ozoneimpl.ContainerReader (ContainerReader.java:readVolume(172)) - Finish verifying containers on volume /home/runner/work/ozone/ozone/hadoop-ozone/integration-test/target/test-dir/MiniOzoneClusterImpl-22559c4f-4ba5-459a-8a40-bbe24e716d33/datanode-9/data-0/containers/hdds
2021-10-08 06:50:12,807 [Listener at 127.0.0.1/41649] INFO  ozoneimpl.OzoneContainer (OzoneContainer.java:buildContainerSet(236)) - Build ContainerSet costs 0s
2021-10-08 06:50:12,810 [Listener at 127.0.0.1/41649] INFO  server.RaftServer (ConfUtils.java:logGet(44)) - raft.rpc.type = GRPC (default)
2021-10-08 06:50:12,810 [Listener at 127.0.0.1/41649] INFO  grpc.GrpcFactory (GrpcFactory.java:checkPooledByteBufAllocatorUseCacheForAllThreads(48)) - PERFORMANCE WARNING: useCacheForAllThreads is true that may cause Netty to create a lot garbage objects and, as a result, trigger GC.
	It is recommended to disable useCacheForAllThreads by setting -Dorg.apache.ratis.thirdparty.io.netty.allocator.useCacheForAllThreads=false in command line.
2021-10-08 06:50:12,810 [Listener at 127.0.0.1/41649] INFO  grpc.GrpcConfigKeys (ConfUtils.java:logGet(44)) - raft.grpc.admin.port = 0 (custom)
2021-10-08 06:50:12,811 [Listener at 127.0.0.1/41649] INFO  grpc.GrpcConfigKeys (ConfUtils.java:logGet(44)) - raft.grpc.client.port = 0 (custom)
2021-10-08 06:50:12,811 [Listener at 127.0.0.1/41649] INFO  grpc.GrpcConfigKeys (ConfUtils.java:logGet(44)) - raft.grpc.server.port = 0 (default)
2021-10-08 06:50:12,811 [Listener at 127.0.0.1/41649] INFO  server.GrpcService (ConfUtils.java:logGet(44)) - raft.grpc.message.size.max = 32MB (=33554432) (custom)
2021-10-08 06:50:12,811 [Listener at 127.0.0.1/41649] INFO  server.RaftServerConfigKeys (ConfUtils.java:logGet(44)) - raft.server.log.appender.buffer.byte-limit = 33554432 (custom)
2021-10-08 06:50:12,811 [Listener at 127.0.0.1/41649] INFO  server.GrpcService (ConfUtils.java:logGet(44)) - raft.grpc.flow.control.window = 5MB (=5242880) (custom)
2021-10-08 06:50:12,811 [Listener at 127.0.0.1/41649] INFO  server.RaftServerConfigKeys (ConfUtils.java:logGet(44)) - raft.server.rpc.request.timeout = 3000ms (default)
2021-10-08 06:50:12,813 [Listener at 127.0.0.1/41649] INFO  impl.DataStreamServerImpl (ConfUtils.java:logGet(44)) - raft.datastream.type = DISABLED (default)
2021-10-08 06:50:12,813 [Listener at 127.0.0.1/41649] INFO  server.RaftServerConfigKeys (ConfUtils.java:logGet(44)) - raft.server.rpc.slowness.timeout = 300000ms (custom)
2021-10-08 06:50:12,813 [Listener at 127.0.0.1/41649] INFO  server.RaftServerConfigKeys (ConfUtils.java:logGet(44)) - raft.server.leaderelection.leader.step-down.wait-time = 10s (default)
2021-10-08 06:50:12,813 [Listener at 127.0.0.1/41649] INFO  server.RaftServerConfigKeys (ConfUtils.java:logGet(44)) - raft.server.storage.dir = [/home/runner/work/ozone/ozone/hadoop-ozone/integration-test/target/test-dir/MiniOzoneClusterImpl-22559c4f-4ba5-459a-8a40-bbe24e716d33/datanode-9/data/ratis] (custom)
2021-10-08 06:50:12,818 [Listener at 127.0.0.1/41649] INFO  http.BaseHttpServer (BaseHttpServer.java:newHttpServer2BuilderForOzone(209)) - Starting Web-server for hddsDatanode at: http://0.0.0.0:0
2021-10-08 06:50:12,819 [Listener at 127.0.0.1/41649] INFO  http.BaseHttpServer (BaseHttpServer.java:<init>(107)) - Hadoop Security Enabled: false Ozone Security Enabled: false Ozone HTTP Security Enabled: false 
2021-10-08 06:50:12,820 [Listener at 127.0.0.1/41649] INFO  server.AuthenticationFilter (AuthenticationFilter.java:constructSecretProvider(240)) - Unable to initialize FileSignerSecretProvider, falling back to use random secrets.
2021-10-08 06:50:12,821 [Listener at 127.0.0.1/41649] WARN  http.HttpRequestLog (HttpRequestLog.java:getRequestLog(103)) - Jetty request log can only be enabled using Log4j
2021-10-08 06:50:12,821 [Listener at 127.0.0.1/41649] INFO  http.HttpServer2 (HttpServer2.java:addGlobalFilter(1030)) - Added global filter 'safety' (class=org.apache.hadoop.hdds.server.http.HttpServer2$QuotingInputFilter)
2021-10-08 06:50:12,825 [Listener at 127.0.0.1/41649] INFO  http.HttpServer2 (HttpServer2.java:addFilter(1006)) - Added filter static_user_filter (class=org.apache.hadoop.http.lib.StaticUserWebFilter$StaticUserFilter) to context hddsDatanode
2021-10-08 06:50:12,825 [Listener at 127.0.0.1/41649] INFO  http.HttpServer2 (HttpServer2.java:addFilter(1014)) - Added filter static_user_filter (class=org.apache.hadoop.http.lib.StaticUserWebFilter$StaticUserFilter) to context logs
2021-10-08 06:50:12,825 [Listener at 127.0.0.1/41649] INFO  http.HttpServer2 (HttpServer2.java:addFilter(1014)) - Added filter static_user_filter (class=org.apache.hadoop.http.lib.StaticUserWebFilter$StaticUserFilter) to context static
2021-10-08 06:50:12,825 [Listener at 127.0.0.1/41649] INFO  http.HttpServer2 (HttpServer2.java:bindListener(1249)) - Jetty bound to port 44313
2021-10-08 06:50:12,826 [Listener at 127.0.0.1/41649] INFO  server.Server (Server.java:doStart(375)) - jetty-9.4.43.v20210629; built: 2021-06-30T11:07:22.254Z; git: 526006ecfa3af7f1a27ef3a288e2bef7ea9dd7e8; jvm 1.8.0_292-b10
2021-10-08 06:50:12,834 [Listener at 127.0.0.1/41649] INFO  server.session (DefaultSessionIdManager.java:doStart(334)) - DefaultSessionIdManager workerName=node0
2021-10-08 06:50:12,834 [Listener at 127.0.0.1/41649] INFO  server.session (DefaultSessionIdManager.java:doStart(339)) - No SessionScavenger set, using defaults
2021-10-08 06:50:12,834 [Listener at 127.0.0.1/41649] INFO  server.session (HouseKeeper.java:startScavenging(132)) - node0 Scavenging every 660000ms
2021-10-08 06:50:12,836 [Listener at 127.0.0.1/41649] INFO  handler.ContextHandler (ContextHandler.java:doStart(915)) - Started o.e.j.s.ServletContextHandler@fa4b4a7{logs,/logs,file:///home/runner/work/ozone/ozone/hadoop-ozone/integration-test/target/log,AVAILABLE}
2021-10-08 06:50:12,836 [Listener at 127.0.0.1/41649] INFO  handler.ContextHandler (ContextHandler.java:doStart(915)) - Started o.e.j.s.ServletContextHandler@3ecd0cf9{static,/static,jar:file:/home/runner/.m2/repository/org/apache/ozone/hdds-container-service/1.2.0-SNAPSHOT/hdds-container-service-1.2.0-SNAPSHOT.jar!/webapps/static,AVAILABLE}
2021-10-08 06:50:12,886 [Listener at 127.0.0.1/41649] INFO  handler.ContextHandler (ContextHandler.java:doStart(915)) - Started o.e.j.w.WebAppContext@2c4e5c05{hddsDatanode,/,file:///tmp/jetty-0_0_0_0-44313-hdds-container-service-1_2_0-SNAPSHOT_jar-_-any-1758027277175588620/webapp/,AVAILABLE}{jar:file:/home/runner/.m2/repository/org/apache/ozone/hdds-container-service/1.2.0-SNAPSHOT/hdds-container-service-1.2.0-SNAPSHOT.jar!/webapps/hddsDatanode}
2021-10-08 06:50:12,890 [Listener at 127.0.0.1/41649] INFO  server.AbstractConnector (AbstractConnector.java:doStart(331)) - Started ServerConnector@2eace5bc{HTTP/1.1, (http/1.1)}{0.0.0.0:44313}
2021-10-08 06:50:12,890 [Listener at 127.0.0.1/41649] INFO  server.Server (Server.java:doStart(415)) - Started @10784ms
2021-10-08 06:50:12,890 [Listener at 127.0.0.1/41649] WARN  impl.MetricsSystemImpl (MetricsSystemImpl.java:register(279)) - Sink prometheus already exists!
2021-10-08 06:50:12,891 [Listener at 127.0.0.1/41649] INFO  http.BaseHttpServer (BaseHttpServer.java:updateConnectorAddress(329)) - HTTP server of hddsDatanode listening at http://0.0.0.0:44313
2021-10-08 06:50:12,893 [Listener at 127.0.0.1/41649] INFO  ozone.MiniOzoneClusterImpl (MiniOzoneClusterImpl.java:lambda$waitForClusterToBeReady$0(235)) - Waiting for nodes to be ready. Got 0 of 10 DN Heartbeats.
2021-10-08 06:50:12,893 [Listener at 127.0.0.1/41649] INFO  ozone.MiniOzoneClusterImpl (MiniOzoneClusterImpl.java:lambda$waitForClusterToBeReady$0(238)) - Waiting for cluster to exit safe mode
2021-10-08 06:50:12,893 [Listener at 127.0.0.1/41649] INFO  ozone.MiniOzoneClusterImpl (MiniOzoneClusterImpl.java:lambda$waitForClusterToBeReady$0(240)) - SCM became leader
2021-10-08 06:50:12,894 [Datanode State Machine Thread - 0] INFO  statemachine.DatanodeStateMachine (DatanodeStateMachine.java:lambda$startDaemon$0(456)) - Ozone container server started.
2021-10-08 06:50:12,903 [Datanode State Machine Task Thread - 0] INFO  datanode.InitDatanodeState (InitDatanodeState.java:persistContainerDatanodeDetails(145)) - DatanodeDetails is persisted to /home/runner/work/ozone/ozone/hadoop-ozone/integration-test/target/test-dir/MiniOzoneClusterImpl-22559c4f-4ba5-459a-8a40-bbe24e716d33/datanode-9/meta/datanode.id
2021-10-08 06:50:12,903 [org.apache.hadoop.util.JvmPauseMonitor$Monitor@676cafc1] INFO  util.JvmPauseMonitor (JvmPauseMonitor.java:run(188)) - Starting JVM pause monitor
2021-10-08 06:50:13,182 [EndpointStateMachine task thread for /0.0.0.0:39515 - 0 ] INFO  ozoneimpl.OzoneContainer (OzoneContainer.java:start(304)) - Attempting to start container services.
2021-10-08 06:50:13,182 [EndpointStateMachine task thread for /0.0.0.0:39515 - 0 ] INFO  ozoneimpl.OzoneContainer (OzoneContainer.java:startContainerScrub(249)) - Background container scanner has been disabled.
2021-10-08 06:50:13,184 [EndpointStateMachine task thread for /0.0.0.0:39515 - 0 ] INFO  replication.ReplicationServer (ReplicationServer.java:start(107)) - ReplicationServer is started using port 36307
2021-10-08 06:50:13,185 [EndpointStateMachine task thread for /0.0.0.0:39515 - 0 ] INFO  ratis.XceiverServerRatis (XceiverServerRatis.java:start(482)) - Starting XceiverServerRatis 922385f1-e84a-4e93-a4e5-a83d7e259df1
2021-10-08 06:50:13,185 [EndpointStateMachine task thread for /0.0.0.0:39515 - 0 ] INFO  server.RaftServer (RaftServerProxy.java:lambda$start$5(374)) - 922385f1-e84a-4e93-a4e5-a83d7e259df1: start RPC server
2021-10-08 06:50:13,187 [EndpointStateMachine task thread for /0.0.0.0:39515 - 0 ] INFO  server.GrpcService (GrpcService.java:startImpl(253)) - 922385f1-e84a-4e93-a4e5-a83d7e259df1: GrpcService started, listening on 45879
2021-10-08 06:50:13,187 [EndpointStateMachine task thread for /0.0.0.0:39515 - 0 ] INFO  ratis.XceiverServerRatis (XceiverServerRatis.java:getRealPort(503)) - XceiverServerRatis 922385f1-e84a-4e93-a4e5-a83d7e259df1 is started using port 45879 for RATIS
2021-10-08 06:50:13,187 [EndpointStateMachine task thread for /0.0.0.0:39515 - 0 ] INFO  ratis.XceiverServerRatis (XceiverServerRatis.java:getRealPort(503)) - XceiverServerRatis 922385f1-e84a-4e93-a4e5-a83d7e259df1 is started using port 45879 for RATIS_ADMIN
2021-10-08 06:50:13,187 [EndpointStateMachine task thread for /0.0.0.0:39515 - 0 ] INFO  ratis.XceiverServerRatis (XceiverServerRatis.java:getRealPort(503)) - XceiverServerRatis 922385f1-e84a-4e93-a4e5-a83d7e259df1 is started using port 45879 for RATIS_SERVER
2021-10-08 06:50:13,187 [org.apache.ratis.util.JvmPauseMonitor$$Lambda$521/36824495@67655f36] INFO  util.JvmPauseMonitor (JvmPauseMonitor.java:run(103)) - JvmPauseMonitor-922385f1-e84a-4e93-a4e5-a83d7e259df1: Started
2021-10-08 06:50:13,188 [EndpointStateMachine task thread for /0.0.0.0:39515 - 0 ] INFO  server.XceiverServerGrpc (XceiverServerGrpc.java:start(135)) - XceiverServerGrpc 922385f1-e84a-4e93-a4e5-a83d7e259df1 is started using port 33835
2021-10-08 06:50:13,430 [EndpointStateMachine task thread for /0.0.0.0:39515 - 0 ] INFO  ozoneimpl.OzoneContainer (OzoneContainer.java:start(304)) - Attempting to start container services.
2021-10-08 06:50:13,431 [EndpointStateMachine task thread for /0.0.0.0:39515 - 0 ] INFO  ozoneimpl.OzoneContainer (OzoneContainer.java:startContainerScrub(249)) - Background container scanner has been disabled.
2021-10-08 06:50:13,434 [EndpointStateMachine task thread for /0.0.0.0:39515 - 0 ] INFO  replication.ReplicationServer (ReplicationServer.java:start(107)) - ReplicationServer is started using port 34785
2021-10-08 06:50:13,435 [EndpointStateMachine task thread for /0.0.0.0:39515 - 0 ] INFO  ratis.XceiverServerRatis (XceiverServerRatis.java:start(482)) - Starting XceiverServerRatis 1889d587-8326-4b26-910d-bf0ca9430b50
2021-10-08 06:50:13,436 [EndpointStateMachine task thread for /0.0.0.0:39515 - 0 ] INFO  server.RaftServer (RaftServerProxy.java:lambda$start$5(374)) - 1889d587-8326-4b26-910d-bf0ca9430b50: start RPC server
2021-10-08 06:50:13,438 [EndpointStateMachine task thread for /0.0.0.0:39515 - 0 ] INFO  server.GrpcService (GrpcService.java:startImpl(253)) - 1889d587-8326-4b26-910d-bf0ca9430b50: GrpcService started, listening on 43171
2021-10-08 06:50:13,438 [EndpointStateMachine task thread for /0.0.0.0:39515 - 0 ] INFO  ratis.XceiverServerRatis (XceiverServerRatis.java:getRealPort(503)) - XceiverServerRatis 1889d587-8326-4b26-910d-bf0ca9430b50 is started using port 43171 for RATIS
2021-10-08 06:50:13,438 [org.apache.ratis.util.JvmPauseMonitor$$Lambda$521/36824495@2c16816d] INFO  util.JvmPauseMonitor (JvmPauseMonitor.java:run(103)) - JvmPauseMonitor-1889d587-8326-4b26-910d-bf0ca9430b50: Started
2021-10-08 06:50:13,438 [EndpointStateMachine task thread for /0.0.0.0:39515 - 0 ] INFO  ratis.XceiverServerRatis (XceiverServerRatis.java:getRealPort(503)) - XceiverServerRatis 1889d587-8326-4b26-910d-bf0ca9430b50 is started using port 43171 for RATIS_ADMIN
2021-10-08 06:50:13,439 [EndpointStateMachine task thread for /0.0.0.0:39515 - 0 ] INFO  ratis.XceiverServerRatis (XceiverServerRatis.java:getRealPort(503)) - XceiverServerRatis 1889d587-8326-4b26-910d-bf0ca9430b50 is started using port 43171 for RATIS_SERVER
2021-10-08 06:50:13,442 [EndpointStateMachine task thread for /0.0.0.0:39515 - 0 ] INFO  server.XceiverServerGrpc (XceiverServerGrpc.java:start(135)) - XceiverServerGrpc 1889d587-8326-4b26-910d-bf0ca9430b50 is started using port 41819
2021-10-08 06:50:13,655 [EndpointStateMachine task thread for /0.0.0.0:39515 - 0 ] INFO  ozoneimpl.OzoneContainer (OzoneContainer.java:start(304)) - Attempting to start container services.
2021-10-08 06:50:13,655 [EndpointStateMachine task thread for /0.0.0.0:39515 - 0 ] INFO  ozoneimpl.OzoneContainer (OzoneContainer.java:startContainerScrub(249)) - Background container scanner has been disabled.
2021-10-08 06:50:13,660 [EndpointStateMachine task thread for /0.0.0.0:39515 - 0 ] INFO  replication.ReplicationServer (ReplicationServer.java:start(107)) - ReplicationServer is started using port 45073
2021-10-08 06:50:13,661 [EndpointStateMachine task thread for /0.0.0.0:39515 - 0 ] INFO  ratis.XceiverServerRatis (XceiverServerRatis.java:start(482)) - Starting XceiverServerRatis 261209be-28ef-4355-9139-e0c9130c0917
2021-10-08 06:50:13,662 [EndpointStateMachine task thread for /0.0.0.0:39515 - 0 ] INFO  server.RaftServer (RaftServerProxy.java:lambda$start$5(374)) - 261209be-28ef-4355-9139-e0c9130c0917: start RPC server
2021-10-08 06:50:13,663 [EndpointStateMachine task thread for /0.0.0.0:39515 - 0 ] INFO  server.GrpcService (GrpcService.java:startImpl(253)) - 261209be-28ef-4355-9139-e0c9130c0917: GrpcService started, listening on 46475
2021-10-08 06:50:13,665 [EndpointStateMachine task thread for /0.0.0.0:39515 - 0 ] INFO  ratis.XceiverServerRatis (XceiverServerRatis.java:getRealPort(503)) - XceiverServerRatis 261209be-28ef-4355-9139-e0c9130c0917 is started using port 46475 for RATIS
2021-10-08 06:50:13,665 [org.apache.ratis.util.JvmPauseMonitor$$Lambda$521/36824495@1fadc0b9] INFO  util.JvmPauseMonitor (JvmPauseMonitor.java:run(103)) - JvmPauseMonitor-261209be-28ef-4355-9139-e0c9130c0917: Started
2021-10-08 06:50:13,665 [EndpointStateMachine task thread for /0.0.0.0:39515 - 0 ] INFO  ratis.XceiverServerRatis (XceiverServerRatis.java:getRealPort(503)) - XceiverServerRatis 261209be-28ef-4355-9139-e0c9130c0917 is started using port 46475 for RATIS_ADMIN
2021-10-08 06:50:13,666 [EndpointStateMachine task thread for /0.0.0.0:39515 - 0 ] INFO  ratis.XceiverServerRatis (XceiverServerRatis.java:getRealPort(503)) - XceiverServerRatis 261209be-28ef-4355-9139-e0c9130c0917 is started using port 46475 for RATIS_SERVER
2021-10-08 06:50:13,668 [EndpointStateMachine task thread for /0.0.0.0:39515 - 0 ] INFO  server.XceiverServerGrpc (XceiverServerGrpc.java:start(135)) - XceiverServerGrpc 261209be-28ef-4355-9139-e0c9130c0917 is started using port 42533
2021-10-08 06:50:13,889 [EndpointStateMachine task thread for /0.0.0.0:39515 - 0 ] INFO  ozoneimpl.OzoneContainer (OzoneContainer.java:start(304)) - Attempting to start container services.
2021-10-08 06:50:13,889 [EndpointStateMachine task thread for /0.0.0.0:39515 - 0 ] INFO  ozoneimpl.OzoneContainer (OzoneContainer.java:startContainerScrub(249)) - Background container scanner has been disabled.
2021-10-08 06:50:13,891 [EndpointStateMachine task thread for /0.0.0.0:39515 - 0 ] INFO  replication.ReplicationServer (ReplicationServer.java:start(107)) - ReplicationServer is started using port 43469
2021-10-08 06:50:13,891 [EndpointStateMachine task thread for /0.0.0.0:39515 - 0 ] INFO  ratis.XceiverServerRatis (XceiverServerRatis.java:start(482)) - Starting XceiverServerRatis 755fa3d2-afbb-4da0-b7d5-3f8cca48efc0
2021-10-08 06:50:13,892 [EndpointStateMachine task thread for /0.0.0.0:39515 - 0 ] INFO  server.RaftServer (RaftServerProxy.java:lambda$start$5(374)) - 755fa3d2-afbb-4da0-b7d5-3f8cca48efc0: start RPC server
2021-10-08 06:50:13,894 [Listener at 127.0.0.1/41649] INFO  ozone.MiniOzoneClusterImpl (MiniOzoneClusterImpl.java:lambda$waitForClusterToBeReady$0(235)) - Waiting for nodes to be ready. Got 0 of 10 DN Heartbeats.
2021-10-08 06:50:13,894 [Listener at 127.0.0.1/41649] INFO  ozone.MiniOzoneClusterImpl (MiniOzoneClusterImpl.java:lambda$waitForClusterToBeReady$0(238)) - Waiting for cluster to exit safe mode
2021-10-08 06:50:13,894 [Listener at 127.0.0.1/41649] INFO  ozone.MiniOzoneClusterImpl (MiniOzoneClusterImpl.java:lambda$waitForClusterToBeReady$0(240)) - SCM became leader
2021-10-08 06:50:13,894 [EndpointStateMachine task thread for /0.0.0.0:39515 - 0 ] INFO  server.GrpcService (GrpcService.java:startImpl(253)) - 755fa3d2-afbb-4da0-b7d5-3f8cca48efc0: GrpcService started, listening on 41275
2021-10-08 06:50:13,894 [EndpointStateMachine task thread for /0.0.0.0:39515 - 0 ] INFO  ratis.XceiverServerRatis (XceiverServerRatis.java:getRealPort(503)) - XceiverServerRatis 755fa3d2-afbb-4da0-b7d5-3f8cca48efc0 is started using port 41275 for RATIS
2021-10-08 06:50:13,894 [EndpointStateMachine task thread for /0.0.0.0:39515 - 0 ] INFO  ratis.XceiverServerRatis (XceiverServerRatis.java:getRealPort(503)) - XceiverServerRatis 755fa3d2-afbb-4da0-b7d5-3f8cca48efc0 is started using port 41275 for RATIS_ADMIN
2021-10-08 06:50:13,894 [EndpointStateMachine task thread for /0.0.0.0:39515 - 0 ] INFO  ratis.XceiverServerRatis (XceiverServerRatis.java:getRealPort(503)) - XceiverServerRatis 755fa3d2-afbb-4da0-b7d5-3f8cca48efc0 is started using port 41275 for RATIS_SERVER
2021-10-08 06:50:13,895 [org.apache.ratis.util.JvmPauseMonitor$$Lambda$521/36824495@3cdbac4f] INFO  util.JvmPauseMonitor (JvmPauseMonitor.java:run(103)) - JvmPauseMonitor-755fa3d2-afbb-4da0-b7d5-3f8cca48efc0: Started
2021-10-08 06:50:13,897 [EndpointStateMachine task thread for /0.0.0.0:39515 - 0 ] INFO  server.XceiverServerGrpc (XceiverServerGrpc.java:start(135)) - XceiverServerGrpc 755fa3d2-afbb-4da0-b7d5-3f8cca48efc0 is started using port 43089
2021-10-08 06:50:14,143 [EndpointStateMachine task thread for /0.0.0.0:39515 - 0 ] INFO  ozoneimpl.OzoneContainer (OzoneContainer.java:start(304)) - Attempting to start container services.
2021-10-08 06:50:14,144 [EndpointStateMachine task thread for /0.0.0.0:39515 - 0 ] INFO  ozoneimpl.OzoneContainer (OzoneContainer.java:startContainerScrub(249)) - Background container scanner has been disabled.
2021-10-08 06:50:14,148 [EndpointStateMachine task thread for /0.0.0.0:39515 - 0 ] INFO  replication.ReplicationServer (ReplicationServer.java:start(107)) - ReplicationServer is started using port 45949
2021-10-08 06:50:14,149 [EndpointStateMachine task thread for /0.0.0.0:39515 - 0 ] INFO  ratis.XceiverServerRatis (XceiverServerRatis.java:start(482)) - Starting XceiverServerRatis f796b749-df2d-4a3b-b27a-77ae0843fd27
2021-10-08 06:50:14,150 [EndpointStateMachine task thread for /0.0.0.0:39515 - 0 ] INFO  server.RaftServer (RaftServerProxy.java:lambda$start$5(374)) - f796b749-df2d-4a3b-b27a-77ae0843fd27: start RPC server
2021-10-08 06:50:14,152 [EndpointStateMachine task thread for /0.0.0.0:39515 - 0 ] INFO  server.GrpcService (GrpcService.java:startImpl(253)) - f796b749-df2d-4a3b-b27a-77ae0843fd27: GrpcService started, listening on 38397
2021-10-08 06:50:14,152 [EndpointStateMachine task thread for /0.0.0.0:39515 - 0 ] INFO  ratis.XceiverServerRatis (XceiverServerRatis.java:getRealPort(503)) - XceiverServerRatis f796b749-df2d-4a3b-b27a-77ae0843fd27 is started using port 38397 for RATIS
2021-10-08 06:50:14,154 [org.apache.ratis.util.JvmPauseMonitor$$Lambda$521/36824495@78750749] INFO  util.JvmPauseMonitor (JvmPauseMonitor.java:run(103)) - JvmPauseMonitor-f796b749-df2d-4a3b-b27a-77ae0843fd27: Started
2021-10-08 06:50:14,154 [EndpointStateMachine task thread for /0.0.0.0:39515 - 0 ] INFO  ratis.XceiverServerRatis (XceiverServerRatis.java:getRealPort(503)) - XceiverServerRatis f796b749-df2d-4a3b-b27a-77ae0843fd27 is started using port 38397 for RATIS_ADMIN
2021-10-08 06:50:14,154 [EndpointStateMachine task thread for /0.0.0.0:39515 - 0 ] INFO  ratis.XceiverServerRatis (XceiverServerRatis.java:getRealPort(503)) - XceiverServerRatis f796b749-df2d-4a3b-b27a-77ae0843fd27 is started using port 38397 for RATIS_SERVER
2021-10-08 06:50:14,157 [EndpointStateMachine task thread for /0.0.0.0:39515 - 0 ] INFO  server.XceiverServerGrpc (XceiverServerGrpc.java:start(135)) - XceiverServerGrpc f796b749-df2d-4a3b-b27a-77ae0843fd27 is started using port 38317
2021-10-08 06:50:14,290 [IPC Server handler 19 on default port 39515] INFO  net.NetworkTopologyImpl (NetworkTopologyImpl.java:add(112)) - Added a new node: /default-rack/7c56b051-e741-4b88-a800-6437d7fa75cc
2021-10-08 06:50:14,292 [IPC Server handler 19 on default port 39515] INFO  node.SCMNodeManager (SCMNodeManager.java:register(389)) - Registered Data node : 7c56b051-e741-4b88-a800-6437d7fa75cc{ip: 10.1.0.41, host: fv-az116-933.vzw04321ajxubdbcnpick5nqva.xx.internal.cloudapp.net, ports: [REPLICATION=38369, RATIS=42627, RATIS_ADMIN=42627, RATIS_SERVER=42627, STANDALONE=40007], networkLocation: /default-rack, certSerialId: null, persistedOpState: null, persistedOpStateExpiryEpochSec: 0}
2021-10-08 06:50:14,296 [EventQueue-NewNodeForNewNodeHandler] INFO  pipeline.BackgroundPipelineCreator (BackgroundPipelineCreatorV2.java:notifyEventTriggered(285)) - trigger a one-shot run on RatisPipelineUtilsThread.
2021-10-08 06:50:14,297 [EventQueue-NodeRegistrationContainerReportForDataNodeSafeModeRule] INFO  safemode.SCMSafeModeManager (DataNodeSafeModeRule.java:process(71)) - SCM in safe mode. 1 DataNodes registered, 3 required.
2021-10-08 06:50:14,297 [EventQueue-NodeRegistrationContainerReportForContainerSafeModeRule] INFO  safemode.SCMSafeModeManager (SCMSafeModeManager.java:validateSafeModeExitRules(204)) - ContainerSafeModeRule rule is successfully validated
2021-10-08 06:50:14,302 [EventQueue-PipelineReportForOneReplicaPipelineSafeModeRule] INFO  safemode.SCMSafeModeManager (SCMSafeModeManager.java:validateSafeModeExitRules(204)) - AtleastOneDatanodeReportedRule rule is successfully validated
2021-10-08 06:50:14,309 [RatisPipelineUtilsThread - 0] INFO  pipeline.RatisPipelineProvider (RatisPipelineProvider.java:lambda$create$0(183)) - Sending CreatePipelineCommand for pipeline:PipelineID=20ae75f3-67aa-4fc4-a38b-90f4d47386f5 to datanode:7c56b051-e741-4b88-a800-6437d7fa75cc
2021-10-08 06:50:14,317 [RatisPipelineUtilsThread - 0] INFO  pipeline.PipelineStateManagerImpl (PipelineStateManagerImpl.java:addPipeline(101)) - Created pipeline Pipeline[ Id: 20ae75f3-67aa-4fc4-a38b-90f4d47386f5, Nodes: 7c56b051-e741-4b88-a800-6437d7fa75cc{ip: 10.1.0.41, host: fv-az116-933.vzw04321ajxubdbcnpick5nqva.xx.internal.cloudapp.net, ports: [REPLICATION=38369, RATIS=42627, RATIS_ADMIN=42627, RATIS_SERVER=42627, STANDALONE=40007], networkLocation: /default-rack, certSerialId: null, persistedOpState: IN_SERVICE, persistedOpStateExpiryEpochSec: 0}, ReplicationConfig: RATIS/ONE, State:ALLOCATED, leaderId:, CreationTimestamp2021-10-08T06:50:14.306Z[Etc/UTC]].
2021-10-08 06:50:14,418 [EndpointStateMachine task thread for /0.0.0.0:39515 - 0 ] INFO  ozoneimpl.OzoneContainer (OzoneContainer.java:start(304)) - Attempting to start container services.
2021-10-08 06:50:14,418 [EndpointStateMachine task thread for /0.0.0.0:39515 - 0 ] INFO  ozoneimpl.OzoneContainer (OzoneContainer.java:startContainerScrub(249)) - Background container scanner has been disabled.
2021-10-08 06:50:14,421 [EndpointStateMachine task thread for /0.0.0.0:39515 - 0 ] INFO  replication.ReplicationServer (ReplicationServer.java:start(107)) - ReplicationServer is started using port 33215
2021-10-08 06:50:14,422 [EndpointStateMachine task thread for /0.0.0.0:39515 - 0 ] INFO  ratis.XceiverServerRatis (XceiverServerRatis.java:start(482)) - Starting XceiverServerRatis b944db8f-6cbb-4a51-b46c-fbe444116a05
2021-10-08 06:50:14,425 [EndpointStateMachine task thread for /0.0.0.0:39515 - 0 ] INFO  server.RaftServer (RaftServerProxy.java:lambda$start$5(374)) - b944db8f-6cbb-4a51-b46c-fbe444116a05: start RPC server
2021-10-08 06:50:14,427 [EndpointStateMachine task thread for /0.0.0.0:39515 - 0 ] INFO  server.GrpcService (GrpcService.java:startImpl(253)) - b944db8f-6cbb-4a51-b46c-fbe444116a05: GrpcService started, listening on 35691
2021-10-08 06:50:14,428 [EndpointStateMachine task thread for /0.0.0.0:39515 - 0 ] INFO  ratis.XceiverServerRatis (XceiverServerRatis.java:getRealPort(503)) - XceiverServerRatis b944db8f-6cbb-4a51-b46c-fbe444116a05 is started using port 35691 for RATIS
2021-10-08 06:50:14,428 [org.apache.ratis.util.JvmPauseMonitor$$Lambda$521/36824495@78a24ab4] INFO  util.JvmPauseMonitor (JvmPauseMonitor.java:run(103)) - JvmPauseMonitor-b944db8f-6cbb-4a51-b46c-fbe444116a05: Started
2021-10-08 06:50:14,428 [EndpointStateMachine task thread for /0.0.0.0:39515 - 0 ] INFO  ratis.XceiverServerRatis (XceiverServerRatis.java:getRealPort(503)) - XceiverServerRatis b944db8f-6cbb-4a51-b46c-fbe444116a05 is started using port 35691 for RATIS_ADMIN
2021-10-08 06:50:14,429 [EndpointStateMachine task thread for /0.0.0.0:39515 - 0 ] INFO  ratis.XceiverServerRatis (XceiverServerRatis.java:getRealPort(503)) - XceiverServerRatis b944db8f-6cbb-4a51-b46c-fbe444116a05 is started using port 35691 for RATIS_SERVER
2021-10-08 06:50:14,430 [EndpointStateMachine task thread for /0.0.0.0:39515 - 0 ] INFO  server.XceiverServerGrpc (XceiverServerGrpc.java:start(135)) - XceiverServerGrpc b944db8f-6cbb-4a51-b46c-fbe444116a05 is started using port 46095
2021-10-08 06:50:14,565 [IPC Server handler 9 on default port 39515] INFO  net.NetworkTopologyImpl (NetworkTopologyImpl.java:add(112)) - Added a new node: /default-rack/f72599f1-e0cc-40f9-85fa-72f8008a2fb9
2021-10-08 06:50:14,566 [IPC Server handler 9 on default port 39515] INFO  node.SCMNodeManager (SCMNodeManager.java:register(389)) - Registered Data node : f72599f1-e0cc-40f9-85fa-72f8008a2fb9{ip: 10.1.0.41, host: fv-az116-933.vzw04321ajxubdbcnpick5nqva.xx.internal.cloudapp.net, ports: [REPLICATION=38395, RATIS=45769, RATIS_ADMIN=45769, RATIS_SERVER=45769, STANDALONE=35749], networkLocation: /default-rack, certSerialId: null, persistedOpState: null, persistedOpStateExpiryEpochSec: 0}
2021-10-08 06:50:14,566 [EventQueue-NewNodeForNewNodeHandler] INFO  pipeline.BackgroundPipelineCreator (BackgroundPipelineCreatorV2.java:notifyEventTriggered(285)) - trigger a one-shot run on RatisPipelineUtilsThread.
2021-10-08 06:50:14,567 [EventQueue-NodeRegistrationContainerReportForDataNodeSafeModeRule] INFO  safemode.SCMSafeModeManager (DataNodeSafeModeRule.java:process(71)) - SCM in safe mode. 2 DataNodes registered, 3 required.
2021-10-08 06:50:14,568 [RatisPipelineUtilsThread - 0] INFO  pipeline.RatisPipelineProvider (RatisPipelineProvider.java:lambda$create$0(183)) - Sending CreatePipelineCommand for pipeline:PipelineID=17ea2ab8-473d-4056-9556-e9dbae11872a to datanode:f72599f1-e0cc-40f9-85fa-72f8008a2fb9
2021-10-08 06:50:14,569 [RatisPipelineUtilsThread - 0] INFO  pipeline.PipelineStateManagerImpl (PipelineStateManagerImpl.java:addPipeline(101)) - Created pipeline Pipeline[ Id: 17ea2ab8-473d-4056-9556-e9dbae11872a, Nodes: f72599f1-e0cc-40f9-85fa-72f8008a2fb9{ip: 10.1.0.41, host: fv-az116-933.vzw04321ajxubdbcnpick5nqva.xx.internal.cloudapp.net, ports: [REPLICATION=38395, RATIS=45769, RATIS_ADMIN=45769, RATIS_SERVER=45769, STANDALONE=35749], networkLocation: /default-rack, certSerialId: null, persistedOpState: IN_SERVICE, persistedOpStateExpiryEpochSec: 0}, ReplicationConfig: RATIS/ONE, State:ALLOCATED, leaderId:, CreationTimestamp2021-10-08T06:50:14.568Z[Etc/UTC]].
2021-10-08 06:50:14,659 [EndpointStateMachine task thread for /0.0.0.0:39515 - 0 ] INFO  ozoneimpl.OzoneContainer (OzoneContainer.java:start(304)) - Attempting to start container services.
2021-10-08 06:50:14,659 [EndpointStateMachine task thread for /0.0.0.0:39515 - 0 ] INFO  ozoneimpl.OzoneContainer (OzoneContainer.java:startContainerScrub(249)) - Background container scanner has been disabled.
2021-10-08 06:50:14,662 [EndpointStateMachine task thread for /0.0.0.0:39515 - 0 ] INFO  replication.ReplicationServer (ReplicationServer.java:start(107)) - ReplicationServer is started using port 41109
2021-10-08 06:50:14,666 [EndpointStateMachine task thread for /0.0.0.0:39515 - 0 ] INFO  ratis.XceiverServerRatis (XceiverServerRatis.java:start(482)) - Starting XceiverServerRatis 9e524b8f-78bb-4c18-ad9a-9ed1597fb879
2021-10-08 06:50:14,667 [EndpointStateMachine task thread for /0.0.0.0:39515 - 0 ] INFO  server.RaftServer (RaftServerProxy.java:lambda$start$5(374)) - 9e524b8f-78bb-4c18-ad9a-9ed1597fb879: start RPC server
2021-10-08 06:50:14,674 [EndpointStateMachine task thread for /0.0.0.0:39515 - 0 ] INFO  server.GrpcService (GrpcService.java:startImpl(253)) - 9e524b8f-78bb-4c18-ad9a-9ed1597fb879: GrpcService started, listening on 33001
2021-10-08 06:50:14,674 [EndpointStateMachine task thread for /0.0.0.0:39515 - 0 ] INFO  ratis.XceiverServerRatis (XceiverServerRatis.java:getRealPort(503)) - XceiverServerRatis 9e524b8f-78bb-4c18-ad9a-9ed1597fb879 is started using port 33001 for RATIS
2021-10-08 06:50:14,674 [EndpointStateMachine task thread for /0.0.0.0:39515 - 0 ] INFO  ratis.XceiverServerRatis (XceiverServerRatis.java:getRealPort(503)) - XceiverServerRatis 9e524b8f-78bb-4c18-ad9a-9ed1597fb879 is started using port 33001 for RATIS_ADMIN
2021-10-08 06:50:14,674 [EndpointStateMachine task thread for /0.0.0.0:39515 - 0 ] INFO  ratis.XceiverServerRatis (XceiverServerRatis.java:getRealPort(503)) - XceiverServerRatis 9e524b8f-78bb-4c18-ad9a-9ed1597fb879 is started using port 33001 for RATIS_SERVER
2021-10-08 06:50:14,678 [EndpointStateMachine task thread for /0.0.0.0:39515 - 0 ] INFO  server.XceiverServerGrpc (XceiverServerGrpc.java:start(135)) - XceiverServerGrpc 9e524b8f-78bb-4c18-ad9a-9ed1597fb879 is started using port 35687
2021-10-08 06:50:14,678 [org.apache.ratis.util.JvmPauseMonitor$$Lambda$521/36824495@30103844] INFO  util.JvmPauseMonitor (JvmPauseMonitor.java:run(103)) - JvmPauseMonitor-9e524b8f-78bb-4c18-ad9a-9ed1597fb879: Started
2021-10-08 06:50:14,894 [Listener at 127.0.0.1/41649] INFO  ozone.MiniOzoneClusterImpl (MiniOzoneClusterImpl.java:lambda$waitForClusterToBeReady$0(235)) - Waiting for nodes to be ready. Got 2 of 10 DN Heartbeats.
2021-10-08 06:50:14,894 [Listener at 127.0.0.1/41649] INFO  ozone.MiniOzoneClusterImpl (MiniOzoneClusterImpl.java:lambda$waitForClusterToBeReady$0(238)) - Waiting for cluster to exit safe mode
2021-10-08 06:50:14,895 [Listener at 127.0.0.1/41649] INFO  ozone.MiniOzoneClusterImpl (MiniOzoneClusterImpl.java:lambda$waitForClusterToBeReady$0(240)) - SCM became leader
2021-10-08 06:50:14,908 [EndpointStateMachine task thread for /0.0.0.0:39515 - 0 ] INFO  ozoneimpl.OzoneContainer (OzoneContainer.java:start(304)) - Attempting to start container services.
2021-10-08 06:50:14,909 [EndpointStateMachine task thread for /0.0.0.0:39515 - 0 ] INFO  ozoneimpl.OzoneContainer (OzoneContainer.java:startContainerScrub(249)) - Background container scanner has been disabled.
2021-10-08 06:50:14,913 [EndpointStateMachine task thread for /0.0.0.0:39515 - 0 ] INFO  replication.ReplicationServer (ReplicationServer.java:start(107)) - ReplicationServer is started using port 37819
2021-10-08 06:50:14,914 [EndpointStateMachine task thread for /0.0.0.0:39515 - 0 ] INFO  ratis.XceiverServerRatis (XceiverServerRatis.java:start(482)) - Starting XceiverServerRatis b0b2d392-3da8-4dee-b45c-d1c7031a6e62
2021-10-08 06:50:14,916 [EndpointStateMachine task thread for /0.0.0.0:39515 - 0 ] INFO  server.RaftServer (RaftServerProxy.java:lambda$start$5(374)) - b0b2d392-3da8-4dee-b45c-d1c7031a6e62: start RPC server
2021-10-08 06:50:14,917 [EndpointStateMachine task thread for /0.0.0.0:39515 - 0 ] INFO  server.GrpcService (GrpcService.java:startImpl(253)) - b0b2d392-3da8-4dee-b45c-d1c7031a6e62: GrpcService started, listening on 45385
2021-10-08 06:50:14,918 [EndpointStateMachine task thread for /0.0.0.0:39515 - 0 ] INFO  ratis.XceiverServerRatis (XceiverServerRatis.java:getRealPort(503)) - XceiverServerRatis b0b2d392-3da8-4dee-b45c-d1c7031a6e62 is started using port 45385 for RATIS
2021-10-08 06:50:14,918 [org.apache.ratis.util.JvmPauseMonitor$$Lambda$521/36824495@19849c1] INFO  util.JvmPauseMonitor (JvmPauseMonitor.java:run(103)) - JvmPauseMonitor-b0b2d392-3da8-4dee-b45c-d1c7031a6e62: Started
2021-10-08 06:50:14,918 [EndpointStateMachine task thread for /0.0.0.0:39515 - 0 ] INFO  ratis.XceiverServerRatis (XceiverServerRatis.java:getRealPort(503)) - XceiverServerRatis b0b2d392-3da8-4dee-b45c-d1c7031a6e62 is started using port 45385 for RATIS_ADMIN
2021-10-08 06:50:14,918 [EndpointStateMachine task thread for /0.0.0.0:39515 - 0 ] INFO  ratis.XceiverServerRatis (XceiverServerRatis.java:getRealPort(503)) - XceiverServerRatis b0b2d392-3da8-4dee-b45c-d1c7031a6e62 is started using port 45385 for RATIS_SERVER
2021-10-08 06:50:14,920 [EndpointStateMachine task thread for /0.0.0.0:39515 - 0 ] INFO  server.XceiverServerGrpc (XceiverServerGrpc.java:start(135)) - XceiverServerGrpc b0b2d392-3da8-4dee-b45c-d1c7031a6e62 is started using port 38111
2021-10-08 06:50:15,180 [IPC Server handler 19 on default port 39515] INFO  net.NetworkTopologyImpl (NetworkTopologyImpl.java:add(112)) - Added a new node: /default-rack/922385f1-e84a-4e93-a4e5-a83d7e259df1
2021-10-08 06:50:15,180 [IPC Server handler 19 on default port 39515] INFO  node.SCMNodeManager (SCMNodeManager.java:register(389)) - Registered Data node : 922385f1-e84a-4e93-a4e5-a83d7e259df1{ip: 10.1.0.41, host: fv-az116-933.vzw04321ajxubdbcnpick5nqva.xx.internal.cloudapp.net, ports: [REPLICATION=36307, RATIS=45879, RATIS_ADMIN=45879, RATIS_SERVER=45879, STANDALONE=33835], networkLocation: /default-rack, certSerialId: null, persistedOpState: null, persistedOpStateExpiryEpochSec: 0}
2021-10-08 06:50:15,180 [EventQueue-NewNodeForNewNodeHandler] INFO  pipeline.BackgroundPipelineCreator (BackgroundPipelineCreatorV2.java:notifyEventTriggered(285)) - trigger a one-shot run on RatisPipelineUtilsThread.
2021-10-08 06:50:15,181 [RatisPipelineUtilsThread - 0] INFO  pipeline.RatisPipelineProvider (RatisPipelineProvider.java:lambda$create$0(183)) - Sending CreatePipelineCommand for pipeline:PipelineID=e51dd630-eb74-44f8-aae0-3519a994148a to datanode:922385f1-e84a-4e93-a4e5-a83d7e259df1
2021-10-08 06:50:15,181 [EventQueue-NodeRegistrationContainerReportForDataNodeSafeModeRule] INFO  safemode.SCMSafeModeManager (DataNodeSafeModeRule.java:process(71)) - SCM in safe mode. 3 DataNodes registered, 3 required.
2021-10-08 06:50:15,181 [EventQueue-NodeRegistrationContainerReportForDataNodeSafeModeRule] INFO  safemode.SCMSafeModeManager (SCMSafeModeManager.java:validateSafeModeExitRules(204)) - DataNodeSafeModeRule rule is successfully validated
2021-10-08 06:50:15,181 [EventQueue-NodeRegistrationContainerReportForDataNodeSafeModeRule] INFO  safemode.SCMSafeModeManager (SCMSafeModeManager.java:completePreCheck(233)) - All SCM safe mode pre check rules have passed
2021-10-08 06:50:15,181 [EventQueue-NodeRegistrationContainerReportForDataNodeSafeModeRule] WARN  events.EventQueue (EventQueue.java:fireEvent(194)) - No event handler registered for event TypedEvent{payloadType=SafeModeStatus, name='Safe mode status'}
2021-10-08 06:50:15,181 [RatisPipelineUtilsThread - 0] INFO  pipeline.PipelineStateManagerImpl (PipelineStateManagerImpl.java:addPipeline(101)) - Created pipeline Pipeline[ Id: e51dd630-eb74-44f8-aae0-3519a994148a, Nodes: 922385f1-e84a-4e93-a4e5-a83d7e259df1{ip: 10.1.0.41, host: fv-az116-933.vzw04321ajxubdbcnpick5nqva.xx.internal.cloudapp.net, ports: [REPLICATION=36307, RATIS=45879, RATIS_ADMIN=45879, RATIS_SERVER=45879, STANDALONE=33835], networkLocation: /default-rack, certSerialId: null, persistedOpState: IN_SERVICE, persistedOpStateExpiryEpochSec: 0}, ReplicationConfig: RATIS/ONE, State:ALLOCATED, leaderId:, CreationTimestamp2021-10-08T06:50:15.181Z[Etc/UTC]].
2021-10-08 06:50:15,181 [EventQueue-NodeRegistrationContainerReportForDataNodeSafeModeRule] INFO  ha.SCMContext (SCMContext.java:updateSafeModeStatus(205)) - Update SafeModeStatus from SafeModeStatus{safeModeStatus=true, preCheckPassed=false} to SafeModeStatus{safeModeStatus=true, preCheckPassed=true}.
2021-10-08 06:50:15,182 [EventQueue-NodeRegistrationContainerReportForDataNodeSafeModeRule] INFO  pipeline.BackgroundPipelineCreator (BackgroundPipelineCreatorV2.java:notifyEventTriggered(285)) - trigger a one-shot run on RatisPipelineUtilsThread.
2021-10-08 06:50:15,186 [RatisPipelineUtilsThread - 0] INFO  pipeline.RatisPipelineProvider (RatisPipelineProvider.java:lambda$create$0(183)) - Sending CreatePipelineCommand for pipeline:PipelineID=e3677fb1-021b-4ea9-b1d2-3a1b9745e316 to datanode:7c56b051-e741-4b88-a800-6437d7fa75cc
2021-10-08 06:50:15,187 [RatisPipelineUtilsThread - 0] INFO  pipeline.RatisPipelineProvider (RatisPipelineProvider.java:lambda$create$0(183)) - Sending CreatePipelineCommand for pipeline:PipelineID=e3677fb1-021b-4ea9-b1d2-3a1b9745e316 to datanode:f72599f1-e0cc-40f9-85fa-72f8008a2fb9
2021-10-08 06:50:15,187 [RatisPipelineUtilsThread - 0] INFO  pipeline.RatisPipelineProvider (RatisPipelineProvider.java:lambda$create$0(183)) - Sending CreatePipelineCommand for pipeline:PipelineID=e3677fb1-021b-4ea9-b1d2-3a1b9745e316 to datanode:922385f1-e84a-4e93-a4e5-a83d7e259df1
2021-10-08 06:50:15,187 [RatisPipelineUtilsThread - 0] INFO  pipeline.PipelineStateManagerImpl (PipelineStateManagerImpl.java:addPipeline(101)) - Created pipeline Pipeline[ Id: e3677fb1-021b-4ea9-b1d2-3a1b9745e316, Nodes: 7c56b051-e741-4b88-a800-6437d7fa75cc{ip: 10.1.0.41, host: fv-az116-933.vzw04321ajxubdbcnpick5nqva.xx.internal.cloudapp.net, ports: [REPLICATION=38369, RATIS=42627, RATIS_ADMIN=42627, RATIS_SERVER=42627, STANDALONE=40007], networkLocation: /default-rack, certSerialId: null, persistedOpState: IN_SERVICE, persistedOpStateExpiryEpochSec: 0}f72599f1-e0cc-40f9-85fa-72f8008a2fb9{ip: 10.1.0.41, host: fv-az116-933.vzw04321ajxubdbcnpick5nqva.xx.internal.cloudapp.net, ports: [REPLICATION=38395, RATIS=45769, RATIS_ADMIN=45769, RATIS_SERVER=45769, STANDALONE=35749], networkLocation: /default-rack, certSerialId: null, persistedOpState: IN_SERVICE, persistedOpStateExpiryEpochSec: 0}922385f1-e84a-4e93-a4e5-a83d7e259df1{ip: 10.1.0.41, host: fv-az116-933.vzw04321ajxubdbcnpick5nqva.xx.internal.cloudapp.net, ports: [REPLICATION=36307, RATIS=45879, RATIS_ADMIN=45879, RATIS_SERVER=45879, STANDALONE=33835], networkLocation: /default-rack, certSerialId: null, persistedOpState: IN_SERVICE, persistedOpStateExpiryEpochSec: 0}, ReplicationConfig: RATIS/THREE, State:ALLOCATED, leaderId:, CreationTimestamp2021-10-08T06:50:15.186Z[Etc/UTC]].
2021-10-08 06:50:15,190 [RatisPipelineUtilsThread - 0] INFO  pipeline.RatisPipelineProvider (RatisPipelineProvider.java:lambda$create$0(183)) - Sending CreatePipelineCommand for pipeline:PipelineID=640a2fd5-67c6-4e32-a57d-29e25e99802c to datanode:922385f1-e84a-4e93-a4e5-a83d7e259df1
2021-10-08 06:50:15,190 [RatisPipelineUtilsThread - 0] INFO  pipeline.RatisPipelineProvider (RatisPipelineProvider.java:lambda$create$0(183)) - Sending CreatePipelineCommand for pipeline:PipelineID=640a2fd5-67c6-4e32-a57d-29e25e99802c to datanode:f72599f1-e0cc-40f9-85fa-72f8008a2fb9
2021-10-08 06:50:15,190 [RatisPipelineUtilsThread - 0] INFO  pipeline.RatisPipelineProvider (RatisPipelineProvider.java:lambda$create$0(183)) - Sending CreatePipelineCommand for pipeline:PipelineID=640a2fd5-67c6-4e32-a57d-29e25e99802c to datanode:7c56b051-e741-4b88-a800-6437d7fa75cc
2021-10-08 06:50:15,191 [RatisPipelineUtilsThread - 0] INFO  pipeline.PipelineStateManagerImpl (PipelineStateManagerImpl.java:addPipeline(101)) - Created pipeline Pipeline[ Id: 640a2fd5-67c6-4e32-a57d-29e25e99802c, Nodes: 922385f1-e84a-4e93-a4e5-a83d7e259df1{ip: 10.1.0.41, host: fv-az116-933.vzw04321ajxubdbcnpick5nqva.xx.internal.cloudapp.net, ports: [REPLICATION=36307, RATIS=45879, RATIS_ADMIN=45879, RATIS_SERVER=45879, STANDALONE=33835], networkLocation: /default-rack, certSerialId: null, persistedOpState: IN_SERVICE, persistedOpStateExpiryEpochSec: 0}f72599f1-e0cc-40f9-85fa-72f8008a2fb9{ip: 10.1.0.41, host: fv-az116-933.vzw04321ajxubdbcnpick5nqva.xx.internal.cloudapp.net, ports: [REPLICATION=38395, RATIS=45769, RATIS_ADMIN=45769, RATIS_SERVER=45769, STANDALONE=35749], networkLocation: /default-rack, certSerialId: null, persistedOpState: IN_SERVICE, persistedOpStateExpiryEpochSec: 0}7c56b051-e741-4b88-a800-6437d7fa75cc{ip: 10.1.0.41, host: fv-az116-933.vzw04321ajxubdbcnpick5nqva.xx.internal.cloudapp.net, ports: [REPLICATION=38369, RATIS=42627, RATIS_ADMIN=42627, RATIS_SERVER=42627, STANDALONE=40007], networkLocation: /default-rack, certSerialId: null, persistedOpState: IN_SERVICE, persistedOpStateExpiryEpochSec: 0}, ReplicationConfig: RATIS/THREE, State:ALLOCATED, leaderId:, CreationTimestamp2021-10-08T06:50:15.190Z[Etc/UTC]].
2021-10-08 06:50:15,191 [RatisPipelineUtilsThread - 0] INFO  pipeline.PipelineManagerImpl (PipelineManagerImpl.java:recordMetricsForPipeline(613)) - Pipeline: PipelineID=640a2fd5-67c6-4e32-a57d-29e25e99802c contains same datanodes as previous pipelines: PipelineID=e3677fb1-021b-4ea9-b1d2-3a1b9745e316 nodeIds: 922385f1-e84a-4e93-a4e5-a83d7e259df1, f72599f1-e0cc-40f9-85fa-72f8008a2fb9, 7c56b051-e741-4b88-a800-6437d7fa75cc
2021-10-08 06:50:15,428 [IPC Server handler 9 on default port 39515] INFO  net.NetworkTopologyImpl (NetworkTopologyImpl.java:add(112)) - Added a new node: /default-rack/1889d587-8326-4b26-910d-bf0ca9430b50
2021-10-08 06:50:15,429 [IPC Server handler 9 on default port 39515] INFO  node.SCMNodeManager (SCMNodeManager.java:register(389)) - Registered Data node : 1889d587-8326-4b26-910d-bf0ca9430b50{ip: 10.1.0.41, host: fv-az116-933.vzw04321ajxubdbcnpick5nqva.xx.internal.cloudapp.net, ports: [REPLICATION=34785, RATIS=43171, RATIS_ADMIN=43171, RATIS_SERVER=43171, STANDALONE=41819], networkLocation: /default-rack, certSerialId: null, persistedOpState: null, persistedOpStateExpiryEpochSec: 0}
2021-10-08 06:50:15,429 [EventQueue-NewNodeForNewNodeHandler] INFO  pipeline.BackgroundPipelineCreator (BackgroundPipelineCreatorV2.java:notifyEventTriggered(285)) - trigger a one-shot run on RatisPipelineUtilsThread.
2021-10-08 06:50:15,429 [RatisPipelineUtilsThread - 0] INFO  pipeline.RatisPipelineProvider (RatisPipelineProvider.java:lambda$create$0(183)) - Sending CreatePipelineCommand for pipeline:PipelineID=bec87a6d-6eff-4196-815a-b284aab7a57b to datanode:1889d587-8326-4b26-910d-bf0ca9430b50
2021-10-08 06:50:15,430 [RatisPipelineUtilsThread - 0] INFO  pipeline.PipelineStateManagerImpl (PipelineStateManagerImpl.java:addPipeline(101)) - Created pipeline Pipeline[ Id: bec87a6d-6eff-4196-815a-b284aab7a57b, Nodes: 1889d587-8326-4b26-910d-bf0ca9430b50{ip: 10.1.0.41, host: fv-az116-933.vzw04321ajxubdbcnpick5nqva.xx.internal.cloudapp.net, ports: [REPLICATION=34785, RATIS=43171, RATIS_ADMIN=43171, RATIS_SERVER=43171, STANDALONE=41819], networkLocation: /default-rack, certSerialId: null, persistedOpState: IN_SERVICE, persistedOpStateExpiryEpochSec: 0}, ReplicationConfig: RATIS/ONE, State:ALLOCATED, leaderId:, CreationTimestamp2021-10-08T06:50:15.429Z[Etc/UTC]].
2021-10-08 06:50:15,654 [IPC Server handler 10 on default port 39515] INFO  net.NetworkTopologyImpl (NetworkTopologyImpl.java:add(112)) - Added a new node: /default-rack/261209be-28ef-4355-9139-e0c9130c0917
2021-10-08 06:50:15,654 [IPC Server handler 10 on default port 39515] INFO  node.SCMNodeManager (SCMNodeManager.java:register(389)) - Registered Data node : 261209be-28ef-4355-9139-e0c9130c0917{ip: 10.1.0.41, host: fv-az116-933.vzw04321ajxubdbcnpick5nqva.xx.internal.cloudapp.net, ports: [REPLICATION=45073, RATIS=46475, RATIS_ADMIN=46475, RATIS_SERVER=46475, STANDALONE=42533], networkLocation: /default-rack, certSerialId: null, persistedOpState: null, persistedOpStateExpiryEpochSec: 0}
2021-10-08 06:50:15,654 [EventQueue-NewNodeForNewNodeHandler] INFO  pipeline.BackgroundPipelineCreator (BackgroundPipelineCreatorV2.java:notifyEventTriggered(285)) - trigger a one-shot run on RatisPipelineUtilsThread.
2021-10-08 06:50:15,655 [RatisPipelineUtilsThread - 0] INFO  pipeline.RatisPipelineProvider (RatisPipelineProvider.java:lambda$create$0(183)) - Sending CreatePipelineCommand for pipeline:PipelineID=6a206204-07d6-4511-b108-c763380432da to datanode:261209be-28ef-4355-9139-e0c9130c0917
2021-10-08 06:50:15,656 [RatisPipelineUtilsThread - 0] INFO  pipeline.PipelineStateManagerImpl (PipelineStateManagerImpl.java:addPipeline(101)) - Created pipeline Pipeline[ Id: 6a206204-07d6-4511-b108-c763380432da, Nodes: 261209be-28ef-4355-9139-e0c9130c0917{ip: 10.1.0.41, host: fv-az116-933.vzw04321ajxubdbcnpick5nqva.xx.internal.cloudapp.net, ports: [REPLICATION=45073, RATIS=46475, RATIS_ADMIN=46475, RATIS_SERVER=46475, STANDALONE=42533], networkLocation: /default-rack, certSerialId: null, persistedOpState: IN_SERVICE, persistedOpStateExpiryEpochSec: 0}, ReplicationConfig: RATIS/ONE, State:ALLOCATED, leaderId:, CreationTimestamp2021-10-08T06:50:15.655Z[Etc/UTC]].
2021-10-08 06:50:15,886 [IPC Server handler 11 on default port 39515] INFO  net.NetworkTopologyImpl (NetworkTopologyImpl.java:add(112)) - Added a new node: /default-rack/755fa3d2-afbb-4da0-b7d5-3f8cca48efc0
2021-10-08 06:50:15,886 [IPC Server handler 11 on default port 39515] INFO  node.SCMNodeManager (SCMNodeManager.java:register(389)) - Registered Data node : 755fa3d2-afbb-4da0-b7d5-3f8cca48efc0{ip: 10.1.0.41, host: fv-az116-933.vzw04321ajxubdbcnpick5nqva.xx.internal.cloudapp.net, ports: [REPLICATION=43469, RATIS=41275, RATIS_ADMIN=41275, RATIS_SERVER=41275, STANDALONE=43089], networkLocation: /default-rack, certSerialId: null, persistedOpState: null, persistedOpStateExpiryEpochSec: 0}
2021-10-08 06:50:15,887 [EventQueue-NewNodeForNewNodeHandler] INFO  pipeline.BackgroundPipelineCreator (BackgroundPipelineCreatorV2.java:notifyEventTriggered(285)) - trigger a one-shot run on RatisPipelineUtilsThread.
2021-10-08 06:50:15,889 [RatisPipelineUtilsThread - 0] INFO  pipeline.RatisPipelineProvider (RatisPipelineProvider.java:lambda$create$0(183)) - Sending CreatePipelineCommand for pipeline:PipelineID=6ecf5053-0928-470f-8a9a-802c25a79aa6 to datanode:755fa3d2-afbb-4da0-b7d5-3f8cca48efc0
2021-10-08 06:50:15,889 [RatisPipelineUtilsThread - 0] INFO  pipeline.PipelineStateManagerImpl (PipelineStateManagerImpl.java:addPipeline(101)) - Created pipeline Pipeline[ Id: 6ecf5053-0928-470f-8a9a-802c25a79aa6, Nodes: 755fa3d2-afbb-4da0-b7d5-3f8cca48efc0{ip: 10.1.0.41, host: fv-az116-933.vzw04321ajxubdbcnpick5nqva.xx.internal.cloudapp.net, ports: [REPLICATION=43469, RATIS=41275, RATIS_ADMIN=41275, RATIS_SERVER=41275, STANDALONE=43089], networkLocation: /default-rack, certSerialId: null, persistedOpState: IN_SERVICE, persistedOpStateExpiryEpochSec: 0}, ReplicationConfig: RATIS/ONE, State:ALLOCATED, leaderId:, CreationTimestamp2021-10-08T06:50:15.889Z[Etc/UTC]].
2021-10-08 06:50:15,890 [RatisPipelineUtilsThread - 0] INFO  pipeline.RatisPipelineProvider (RatisPipelineProvider.java:lambda$create$0(183)) - Sending CreatePipelineCommand for pipeline:PipelineID=81315c55-35e4-45c6-9d64-6d803728e873 to datanode:755fa3d2-afbb-4da0-b7d5-3f8cca48efc0
2021-10-08 06:50:15,890 [RatisPipelineUtilsThread - 0] INFO  pipeline.RatisPipelineProvider (RatisPipelineProvider.java:lambda$create$0(183)) - Sending CreatePipelineCommand for pipeline:PipelineID=81315c55-35e4-45c6-9d64-6d803728e873 to datanode:1889d587-8326-4b26-910d-bf0ca9430b50
2021-10-08 06:50:15,890 [RatisPipelineUtilsThread - 0] INFO  pipeline.RatisPipelineProvider (RatisPipelineProvider.java:lambda$create$0(183)) - Sending CreatePipelineCommand for pipeline:PipelineID=81315c55-35e4-45c6-9d64-6d803728e873 to datanode:261209be-28ef-4355-9139-e0c9130c0917
2021-10-08 06:50:15,891 [RatisPipelineUtilsThread - 0] INFO  pipeline.PipelineStateManagerImpl (PipelineStateManagerImpl.java:addPipeline(101)) - Created pipeline Pipeline[ Id: 81315c55-35e4-45c6-9d64-6d803728e873, Nodes: 755fa3d2-afbb-4da0-b7d5-3f8cca48efc0{ip: 10.1.0.41, host: fv-az116-933.vzw04321ajxubdbcnpick5nqva.xx.internal.cloudapp.net, ports: [REPLICATION=43469, RATIS=41275, RATIS_ADMIN=41275, RATIS_SERVER=41275, STANDALONE=43089], networkLocation: /default-rack, certSerialId: null, persistedOpState: IN_SERVICE, persistedOpStateExpiryEpochSec: 0}1889d587-8326-4b26-910d-bf0ca9430b50{ip: 10.1.0.41, host: fv-az116-933.vzw04321ajxubdbcnpick5nqva.xx.internal.cloudapp.net, ports: [REPLICATION=34785, RATIS=43171, RATIS_ADMIN=43171, RATIS_SERVER=43171, STANDALONE=41819], networkLocation: /default-rack, certSerialId: null, persistedOpState: IN_SERVICE, persistedOpStateExpiryEpochSec: 0}261209be-28ef-4355-9139-e0c9130c0917{ip: 10.1.0.41, host: fv-az116-933.vzw04321ajxubdbcnpick5nqva.xx.internal.cloudapp.net, ports: [REPLICATION=45073, RATIS=46475, RATIS_ADMIN=46475, RATIS_SERVER=46475, STANDALONE=42533], networkLocation: /default-rack, certSerialId: null, persistedOpState: IN_SERVICE, persistedOpStateExpiryEpochSec: 0}, ReplicationConfig: RATIS/THREE, State:ALLOCATED, leaderId:, CreationTimestamp2021-10-08T06:50:15.890Z[Etc/UTC]].
2021-10-08 06:50:15,894 [RatisPipelineUtilsThread - 0] INFO  pipeline.RatisPipelineProvider (RatisPipelineProvider.java:lambda$create$0(183)) - Sending CreatePipelineCommand for pipeline:PipelineID=c7ba97dd-f42f-4a11-95de-c0c7c3312935 to datanode:1889d587-8326-4b26-910d-bf0ca9430b50
2021-10-08 06:50:15,894 [RatisPipelineUtilsThread - 0] INFO  pipeline.RatisPipelineProvider (RatisPipelineProvider.java:lambda$create$0(183)) - Sending CreatePipelineCommand for pipeline:PipelineID=c7ba97dd-f42f-4a11-95de-c0c7c3312935 to datanode:755fa3d2-afbb-4da0-b7d5-3f8cca48efc0
2021-10-08 06:50:15,894 [RatisPipelineUtilsThread - 0] INFO  pipeline.RatisPipelineProvider (RatisPipelineProvider.java:lambda$create$0(183)) - Sending CreatePipelineCommand for pipeline:PipelineID=c7ba97dd-f42f-4a11-95de-c0c7c3312935 to datanode:261209be-28ef-4355-9139-e0c9130c0917
2021-10-08 06:50:15,895 [Listener at 127.0.0.1/41649] INFO  ozone.MiniOzoneClusterImpl (MiniOzoneClusterImpl.java:lambda$waitForClusterToBeReady$0(235)) - Waiting for nodes to be ready. Got 6 of 10 DN Heartbeats.
2021-10-08 06:50:15,896 [Listener at 127.0.0.1/41649] INFO  ozone.MiniOzoneClusterImpl (MiniOzoneClusterImpl.java:lambda$waitForClusterToBeReady$0(238)) - Waiting for cluster to exit safe mode
2021-10-08 06:50:15,896 [RatisPipelineUtilsThread - 0] INFO  pipeline.PipelineStateManagerImpl (PipelineStateManagerImpl.java:addPipeline(101)) - Created pipeline Pipeline[ Id: c7ba97dd-f42f-4a11-95de-c0c7c3312935, Nodes: 1889d587-8326-4b26-910d-bf0ca9430b50{ip: 10.1.0.41, host: fv-az116-933.vzw04321ajxubdbcnpick5nqva.xx.internal.cloudapp.net, ports: [REPLICATION=34785, RATIS=43171, RATIS_ADMIN=43171, RATIS_SERVER=43171, STANDALONE=41819], networkLocation: /default-rack, certSerialId: null, persistedOpState: IN_SERVICE, persistedOpStateExpiryEpochSec: 0}755fa3d2-afbb-4da0-b7d5-3f8cca48efc0{ip: 10.1.0.41, host: fv-az116-933.vzw04321ajxubdbcnpick5nqva.xx.internal.cloudapp.net, ports: [REPLICATION=43469, RATIS=41275, RATIS_ADMIN=41275, RATIS_SERVER=41275, STANDALONE=43089], networkLocation: /default-rack, certSerialId: null, persistedOpState: IN_SERVICE, persistedOpStateExpiryEpochSec: 0}261209be-28ef-4355-9139-e0c9130c0917{ip: 10.1.0.41, host: fv-az116-933.vzw04321ajxubdbcnpick5nqva.xx.internal.cloudapp.net, ports: [REPLICATION=45073, RATIS=46475, RATIS_ADMIN=46475, RATIS_SERVER=46475, STANDALONE=42533], networkLocation: /default-rack, certSerialId: null, persistedOpState: IN_SERVICE, persistedOpStateExpiryEpochSec: 0}, ReplicationConfig: RATIS/THREE, State:ALLOCATED, leaderId:, CreationTimestamp2021-10-08T06:50:15.893Z[Etc/UTC]].
2021-10-08 06:50:15,896 [Listener at 127.0.0.1/41649] INFO  ozone.MiniOzoneClusterImpl (MiniOzoneClusterImpl.java:lambda$waitForClusterToBeReady$0(240)) - SCM became leader
2021-10-08 06:50:15,896 [RatisPipelineUtilsThread - 0] INFO  pipeline.PipelineManagerImpl (PipelineManagerImpl.java:recordMetricsForPipeline(613)) - Pipeline: PipelineID=c7ba97dd-f42f-4a11-95de-c0c7c3312935 contains same datanodes as previous pipelines: PipelineID=81315c55-35e4-45c6-9d64-6d803728e873 nodeIds: 1889d587-8326-4b26-910d-bf0ca9430b50, 755fa3d2-afbb-4da0-b7d5-3f8cca48efc0, 261209be-28ef-4355-9139-e0c9130c0917
2021-10-08 06:50:16,140 [IPC Server handler 18 on default port 39515] INFO  net.NetworkTopologyImpl (NetworkTopologyImpl.java:add(112)) - Added a new node: /default-rack/f796b749-df2d-4a3b-b27a-77ae0843fd27
2021-10-08 06:50:16,140 [IPC Server handler 18 on default port 39515] INFO  node.SCMNodeManager (SCMNodeManager.java:register(389)) - Registered Data node : f796b749-df2d-4a3b-b27a-77ae0843fd27{ip: 10.1.0.41, host: fv-az116-933.vzw04321ajxubdbcnpick5nqva.xx.internal.cloudapp.net, ports: [REPLICATION=45949, RATIS=38397, RATIS_ADMIN=38397, RATIS_SERVER=38397, STANDALONE=38317], networkLocation: /default-rack, certSerialId: null, persistedOpState: null, persistedOpStateExpiryEpochSec: 0}
2021-10-08 06:50:16,140 [EventQueue-NewNodeForNewNodeHandler] INFO  pipeline.BackgroundPipelineCreator (BackgroundPipelineCreatorV2.java:notifyEventTriggered(285)) - trigger a one-shot run on RatisPipelineUtilsThread.
2021-10-08 06:50:16,141 [RatisPipelineUtilsThread - 0] INFO  pipeline.RatisPipelineProvider (RatisPipelineProvider.java:lambda$create$0(183)) - Sending CreatePipelineCommand for pipeline:PipelineID=75ba6f9b-50da-42e5-9703-c10eefc5883c to datanode:f796b749-df2d-4a3b-b27a-77ae0843fd27
2021-10-08 06:50:16,142 [RatisPipelineUtilsThread - 0] INFO  pipeline.PipelineStateManagerImpl (PipelineStateManagerImpl.java:addPipeline(101)) - Created pipeline Pipeline[ Id: 75ba6f9b-50da-42e5-9703-c10eefc5883c, Nodes: f796b749-df2d-4a3b-b27a-77ae0843fd27{ip: 10.1.0.41, host: fv-az116-933.vzw04321ajxubdbcnpick5nqva.xx.internal.cloudapp.net, ports: [REPLICATION=45949, RATIS=38397, RATIS_ADMIN=38397, RATIS_SERVER=38397, STANDALONE=38317], networkLocation: /default-rack, certSerialId: null, persistedOpState: IN_SERVICE, persistedOpStateExpiryEpochSec: 0}, ReplicationConfig: RATIS/ONE, State:ALLOCATED, leaderId:, CreationTimestamp2021-10-08T06:50:16.141Z[Etc/UTC]].
2021-10-08 06:50:16,420 [IPC Server handler 9 on default port 39515] INFO  net.NetworkTopologyImpl (NetworkTopologyImpl.java:add(112)) - Added a new node: /default-rack/b944db8f-6cbb-4a51-b46c-fbe444116a05
2021-10-08 06:50:16,421 [IPC Server handler 9 on default port 39515] INFO  node.SCMNodeManager (SCMNodeManager.java:register(389)) - Registered Data node : b944db8f-6cbb-4a51-b46c-fbe444116a05{ip: 10.1.0.41, host: fv-az116-933.vzw04321ajxubdbcnpick5nqva.xx.internal.cloudapp.net, ports: [REPLICATION=33215, RATIS=35691, RATIS_ADMIN=35691, RATIS_SERVER=35691, STANDALONE=46095], networkLocation: /default-rack, certSerialId: null, persistedOpState: null, persistedOpStateExpiryEpochSec: 0}
2021-10-08 06:50:16,421 [EventQueue-NewNodeForNewNodeHandler] INFO  pipeline.BackgroundPipelineCreator (BackgroundPipelineCreatorV2.java:notifyEventTriggered(285)) - trigger a one-shot run on RatisPipelineUtilsThread.
2021-10-08 06:50:16,428 [RatisPipelineUtilsThread - 0] INFO  pipeline.RatisPipelineProvider (RatisPipelineProvider.java:lambda$create$0(183)) - Sending CreatePipelineCommand for pipeline:PipelineID=97cbc185-0561-42d3-b12c-1c3c7271de1c to datanode:b944db8f-6cbb-4a51-b46c-fbe444116a05
2021-10-08 06:50:16,429 [RatisPipelineUtilsThread - 0] INFO  pipeline.PipelineStateManagerImpl (PipelineStateManagerImpl.java:addPipeline(101)) - Created pipeline Pipeline[ Id: 97cbc185-0561-42d3-b12c-1c3c7271de1c, Nodes: b944db8f-6cbb-4a51-b46c-fbe444116a05{ip: 10.1.0.41, host: fv-az116-933.vzw04321ajxubdbcnpick5nqva.xx.internal.cloudapp.net, ports: [REPLICATION=33215, RATIS=35691, RATIS_ADMIN=35691, RATIS_SERVER=35691, STANDALONE=46095], networkLocation: /default-rack, certSerialId: null, persistedOpState: IN_SERVICE, persistedOpStateExpiryEpochSec: 0}, ReplicationConfig: RATIS/ONE, State:ALLOCATED, leaderId:, CreationTimestamp2021-10-08T06:50:16.428Z[Etc/UTC]].
2021-10-08 06:50:16,657 [IPC Server handler 17 on default port 39515] INFO  net.NetworkTopologyImpl (NetworkTopologyImpl.java:add(112)) - Added a new node: /default-rack/9e524b8f-78bb-4c18-ad9a-9ed1597fb879
2021-10-08 06:50:16,658 [IPC Server handler 17 on default port 39515] INFO  node.SCMNodeManager (SCMNodeManager.java:register(389)) - Registered Data node : 9e524b8f-78bb-4c18-ad9a-9ed1597fb879{ip: 10.1.0.41, host: fv-az116-933.vzw04321ajxubdbcnpick5nqva.xx.internal.cloudapp.net, ports: [REPLICATION=41109, RATIS=33001, RATIS_ADMIN=33001, RATIS_SERVER=33001, STANDALONE=35687], networkLocation: /default-rack, certSerialId: null, persistedOpState: null, persistedOpStateExpiryEpochSec: 0}
2021-10-08 06:50:16,658 [EventQueue-NewNodeForNewNodeHandler] INFO  pipeline.BackgroundPipelineCreator (BackgroundPipelineCreatorV2.java:notifyEventTriggered(285)) - trigger a one-shot run on RatisPipelineUtilsThread.
2021-10-08 06:50:16,678 [RatisPipelineUtilsThread - 0] INFO  pipeline.RatisPipelineProvider (RatisPipelineProvider.java:lambda$create$0(183)) - Sending CreatePipelineCommand for pipeline:PipelineID=e118002e-241c-4bb2-a122-365fc84ceb9b to datanode:9e524b8f-78bb-4c18-ad9a-9ed1597fb879
2021-10-08 06:50:16,678 [RatisPipelineUtilsThread - 0] INFO  pipeline.PipelineStateManagerImpl (PipelineStateManagerImpl.java:addPipeline(101)) - Created pipeline Pipeline[ Id: e118002e-241c-4bb2-a122-365fc84ceb9b, Nodes: 9e524b8f-78bb-4c18-ad9a-9ed1597fb879{ip: 10.1.0.41, host: fv-az116-933.vzw04321ajxubdbcnpick5nqva.xx.internal.cloudapp.net, ports: [REPLICATION=41109, RATIS=33001, RATIS_ADMIN=33001, RATIS_SERVER=33001, STANDALONE=35687], networkLocation: /default-rack, certSerialId: null, persistedOpState: IN_SERVICE, persistedOpStateExpiryEpochSec: 0}, ReplicationConfig: RATIS/ONE, State:ALLOCATED, leaderId:, CreationTimestamp2021-10-08T06:50:16.678Z[Etc/UTC]].
2021-10-08 06:50:16,679 [RatisPipelineUtilsThread - 0] INFO  pipeline.RatisPipelineProvider (RatisPipelineProvider.java:lambda$create$0(183)) - Sending CreatePipelineCommand for pipeline:PipelineID=1111c815-776d-437b-8d1e-f203257b8df9 to datanode:9e524b8f-78bb-4c18-ad9a-9ed1597fb879
2021-10-08 06:50:16,679 [RatisPipelineUtilsThread - 0] INFO  pipeline.RatisPipelineProvider (RatisPipelineProvider.java:lambda$create$0(183)) - Sending CreatePipelineCommand for pipeline:PipelineID=1111c815-776d-437b-8d1e-f203257b8df9 to datanode:f796b749-df2d-4a3b-b27a-77ae0843fd27
2021-10-08 06:50:16,679 [RatisPipelineUtilsThread - 0] INFO  pipeline.RatisPipelineProvider (RatisPipelineProvider.java:lambda$create$0(183)) - Sending CreatePipelineCommand for pipeline:PipelineID=1111c815-776d-437b-8d1e-f203257b8df9 to datanode:b944db8f-6cbb-4a51-b46c-fbe444116a05
2021-10-08 06:50:16,680 [RatisPipelineUtilsThread - 0] INFO  pipeline.PipelineStateManagerImpl (PipelineStateManagerImpl.java:addPipeline(101)) - Created pipeline Pipeline[ Id: 1111c815-776d-437b-8d1e-f203257b8df9, Nodes: 9e524b8f-78bb-4c18-ad9a-9ed1597fb879{ip: 10.1.0.41, host: fv-az116-933.vzw04321ajxubdbcnpick5nqva.xx.internal.cloudapp.net, ports: [REPLICATION=41109, RATIS=33001, RATIS_ADMIN=33001, RATIS_SERVER=33001, STANDALONE=35687], networkLocation: /default-rack, certSerialId: null, persistedOpState: IN_SERVICE, persistedOpStateExpiryEpochSec: 0}f796b749-df2d-4a3b-b27a-77ae0843fd27{ip: 10.1.0.41, host: fv-az116-933.vzw04321ajxubdbcnpick5nqva.xx.internal.cloudapp.net, ports: [REPLICATION=45949, RATIS=38397, RATIS_ADMIN=38397, RATIS_SERVER=38397, STANDALONE=38317], networkLocation: /default-rack, certSerialId: null, persistedOpState: IN_SERVICE, persistedOpStateExpiryEpochSec: 0}b944db8f-6cbb-4a51-b46c-fbe444116a05{ip: 10.1.0.41, host: fv-az116-933.vzw04321ajxubdbcnpick5nqva.xx.internal.cloudapp.net, ports: [REPLICATION=33215, RATIS=35691, RATIS_ADMIN=35691, RATIS_SERVER=35691, STANDALONE=46095], networkLocation: /default-rack, certSerialId: null, persistedOpState: IN_SERVICE, persistedOpStateExpiryEpochSec: 0}, ReplicationConfig: RATIS/THREE, State:ALLOCATED, leaderId:, CreationTimestamp2021-10-08T06:50:16.679Z[Etc/UTC]].
2021-10-08 06:50:16,681 [RatisPipelineUtilsThread - 0] INFO  pipeline.RatisPipelineProvider (RatisPipelineProvider.java:lambda$create$0(183)) - Sending CreatePipelineCommand for pipeline:PipelineID=520b2590-4374-4551-b05b-5a3056e26bd1 to datanode:f796b749-df2d-4a3b-b27a-77ae0843fd27
2021-10-08 06:50:16,681 [RatisPipelineUtilsThread - 0] INFO  pipeline.RatisPipelineProvider (RatisPipelineProvider.java:lambda$create$0(183)) - Sending CreatePipelineCommand for pipeline:PipelineID=520b2590-4374-4551-b05b-5a3056e26bd1 to datanode:b944db8f-6cbb-4a51-b46c-fbe444116a05
2021-10-08 06:50:16,681 [RatisPipelineUtilsThread - 0] INFO  pipeline.RatisPipelineProvider (RatisPipelineProvider.java:lambda$create$0(183)) - Sending CreatePipelineCommand for pipeline:PipelineID=520b2590-4374-4551-b05b-5a3056e26bd1 to datanode:9e524b8f-78bb-4c18-ad9a-9ed1597fb879
2021-10-08 06:50:16,682 [RatisPipelineUtilsThread - 0] INFO  pipeline.PipelineStateManagerImpl (PipelineStateManagerImpl.java:addPipeline(101)) - Created pipeline Pipeline[ Id: 520b2590-4374-4551-b05b-5a3056e26bd1, Nodes: f796b749-df2d-4a3b-b27a-77ae0843fd27{ip: 10.1.0.41, host: fv-az116-933.vzw04321ajxubdbcnpick5nqva.xx.internal.cloudapp.net, ports: [REPLICATION=45949, RATIS=38397, RATIS_ADMIN=38397, RATIS_SERVER=38397, STANDALONE=38317], networkLocation: /default-rack, certSerialId: null, persistedOpState: IN_SERVICE, persistedOpStateExpiryEpochSec: 0}b944db8f-6cbb-4a51-b46c-fbe444116a05{ip: 10.1.0.41, host: fv-az116-933.vzw04321ajxubdbcnpick5nqva.xx.internal.cloudapp.net, ports: [REPLICATION=33215, RATIS=35691, RATIS_ADMIN=35691, RATIS_SERVER=35691, STANDALONE=46095], networkLocation: /default-rack, certSerialId: null, persistedOpState: IN_SERVICE, persistedOpStateExpiryEpochSec: 0}9e524b8f-78bb-4c18-ad9a-9ed1597fb879{ip: 10.1.0.41, host: fv-az116-933.vzw04321ajxubdbcnpick5nqva.xx.internal.cloudapp.net, ports: [REPLICATION=41109, RATIS=33001, RATIS_ADMIN=33001, RATIS_SERVER=33001, STANDALONE=35687], networkLocation: /default-rack, certSerialId: null, persistedOpState: IN_SERVICE, persistedOpStateExpiryEpochSec: 0}, ReplicationConfig: RATIS/THREE, State:ALLOCATED, leaderId:, CreationTimestamp2021-10-08T06:50:16.681Z[Etc/UTC]].
2021-10-08 06:50:16,682 [RatisPipelineUtilsThread - 0] INFO  pipeline.PipelineManagerImpl (PipelineManagerImpl.java:recordMetricsForPipeline(613)) - Pipeline: PipelineID=520b2590-4374-4551-b05b-5a3056e26bd1 contains same datanodes as previous pipelines: PipelineID=1111c815-776d-437b-8d1e-f203257b8df9 nodeIds: f796b749-df2d-4a3b-b27a-77ae0843fd27, b944db8f-6cbb-4a51-b46c-fbe444116a05, 9e524b8f-78bb-4c18-ad9a-9ed1597fb879
2021-10-08 06:50:16,896 [Listener at 127.0.0.1/41649] INFO  ozone.MiniOzoneClusterImpl (MiniOzoneClusterImpl.java:lambda$waitForClusterToBeReady$0(235)) - Waiting for nodes to be ready. Got 9 of 10 DN Heartbeats.
2021-10-08 06:50:16,897 [Listener at 127.0.0.1/41649] INFO  ozone.MiniOzoneClusterImpl (MiniOzoneClusterImpl.java:lambda$waitForClusterToBeReady$0(238)) - Waiting for cluster to exit safe mode
2021-10-08 06:50:16,897 [Listener at 127.0.0.1/41649] INFO  ozone.MiniOzoneClusterImpl (MiniOzoneClusterImpl.java:lambda$waitForClusterToBeReady$0(240)) - SCM became leader
2021-10-08 06:50:16,903 [IPC Server handler 14 on default port 39515] INFO  net.NetworkTopologyImpl (NetworkTopologyImpl.java:add(112)) - Added a new node: /default-rack/b0b2d392-3da8-4dee-b45c-d1c7031a6e62
2021-10-08 06:50:16,903 [IPC Server handler 14 on default port 39515] INFO  node.SCMNodeManager (SCMNodeManager.java:register(389)) - Registered Data node : b0b2d392-3da8-4dee-b45c-d1c7031a6e62{ip: 10.1.0.41, host: fv-az116-933.vzw04321ajxubdbcnpick5nqva.xx.internal.cloudapp.net, ports: [REPLICATION=37819, RATIS=45385, RATIS_ADMIN=45385, RATIS_SERVER=45385, STANDALONE=38111], networkLocation: /default-rack, certSerialId: null, persistedOpState: null, persistedOpStateExpiryEpochSec: 0}
2021-10-08 06:50:16,903 [EventQueue-NewNodeForNewNodeHandler] INFO  pipeline.BackgroundPipelineCreator (BackgroundPipelineCreatorV2.java:notifyEventTriggered(285)) - trigger a one-shot run on RatisPipelineUtilsThread.
2021-10-08 06:50:16,904 [RatisPipelineUtilsThread - 0] INFO  pipeline.RatisPipelineProvider (RatisPipelineProvider.java:lambda$create$0(183)) - Sending CreatePipelineCommand for pipeline:PipelineID=21df101d-0eb9-4853-89ba-67450fe1ee98 to datanode:b0b2d392-3da8-4dee-b45c-d1c7031a6e62
2021-10-08 06:50:16,905 [RatisPipelineUtilsThread - 0] INFO  pipeline.PipelineStateManagerImpl (PipelineStateManagerImpl.java:addPipeline(101)) - Created pipeline Pipeline[ Id: 21df101d-0eb9-4853-89ba-67450fe1ee98, Nodes: b0b2d392-3da8-4dee-b45c-d1c7031a6e62{ip: 10.1.0.41, host: fv-az116-933.vzw04321ajxubdbcnpick5nqva.xx.internal.cloudapp.net, ports: [REPLICATION=37819, RATIS=45385, RATIS_ADMIN=45385, RATIS_SERVER=45385, STANDALONE=38111], networkLocation: /default-rack, certSerialId: null, persistedOpState: IN_SERVICE, persistedOpStateExpiryEpochSec: 0}, ReplicationConfig: RATIS/ONE, State:ALLOCATED, leaderId:, CreationTimestamp2021-10-08T06:50:16.904Z[Etc/UTC]].
2021-10-08 06:50:17,278 [Command processor thread] INFO  server.RaftServer (RaftServerProxy.java:addNew(95)) - 7c56b051-e741-4b88-a800-6437d7fa75cc: addNew group-90F4D47386F5:[7c56b051-e741-4b88-a800-6437d7fa75cc|rpc:10.1.0.41:42627|priority:1] returns group-90F4D47386F5:java.util.concurrent.CompletableFuture@787c1ede[Not completed]
2021-10-08 06:50:17,292 [pool-55-thread-1] INFO  server.RaftServer$Division (RaftServerImpl.java:<init>(181)) - 7c56b051-e741-4b88-a800-6437d7fa75cc: new RaftServerImpl for group-90F4D47386F5:[7c56b051-e741-4b88-a800-6437d7fa75cc|rpc:10.1.0.41:42627|priority:1] with ContainerStateMachine:uninitialized
2021-10-08 06:50:17,293 [pool-55-thread-1] INFO  server.RaftServerConfigKeys (ConfUtils.java:logGet(44)) - raft.server.rpc.timeout.min = 5s (custom)
2021-10-08 06:50:17,293 [pool-55-thread-1] INFO  server.RaftServerConfigKeys (ConfUtils.java:logGet(44)) - raft.server.rpc.timeout.max = 5200ms (custom)
2021-10-08 06:50:17,293 [pool-55-thread-1] INFO  server.RaftServerConfigKeys (ConfUtils.java:logGet(44)) - raft.server.rpc.sleep.time = 25ms (default)
2021-10-08 06:50:17,293 [pool-55-thread-1] INFO  server.RaftServerConfigKeys (ConfUtils.java:logGet(44)) - raft.server.rpc.slowness.timeout = 300000ms (custom)
2021-10-08 06:50:17,293 [pool-55-thread-1] INFO  server.RaftServerConfigKeys (ConfUtils.java:logGet(44)) - raft.server.leaderelection.leader.step-down.wait-time = 10s (default)
2021-10-08 06:50:17,294 [pool-55-thread-1] INFO  server.RaftServerConfigKeys (ConfUtils.java:logGet(44)) - raft.server.sleep.deviation.threshold = 300ms (default)
2021-10-08 06:50:17,294 [pool-55-thread-1] INFO  server.RaftServerConfigKeys (ConfUtils.java:logGet(44)) - raft.server.log.appender.install.snapshot.enabled = false (custom)
2021-10-08 06:50:17,294 [pool-55-thread-1] INFO  server.RaftServer$Division (ServerState.java:<init>(105)) - 7c56b051-e741-4b88-a800-6437d7fa75cc@group-90F4D47386F5: ConfigurationManager, init=-1: [7c56b051-e741-4b88-a800-6437d7fa75cc|rpc:10.1.0.41:42627|priority:1], old=null, confs=<EMPTY_MAP>
2021-10-08 06:50:17,294 [pool-55-thread-1] INFO  server.RaftServerConfigKeys (ConfUtils.java:logGet(44)) - raft.server.storage.dir = [/home/runner/work/ozone/ozone/hadoop-ozone/integration-test/target/test-dir/MiniOzoneClusterImpl-22559c4f-4ba5-459a-8a40-bbe24e716d33/datanode-0/data/ratis] (custom)
2021-10-08 06:50:17,294 [pool-55-thread-1] INFO  server.RaftServerConfigKeys (ConfUtils.java:logGet(44)) - raft.server.log.corruption.policy = EXCEPTION (default)
2021-10-08 06:50:17,294 [pool-55-thread-1] INFO  server.RaftServerConfigKeys (ConfUtils.java:logGet(44)) - raft.server.storage.free-space.min = 0MB (=0) (default)
2021-10-08 06:50:17,294 [pool-55-thread-1] INFO  storage.RaftStorageDirectory (RaftStorageDirectoryImpl.java:analyzeStorage(135)) - The storage directory /home/runner/work/ozone/ozone/hadoop-ozone/integration-test/target/test-dir/MiniOzoneClusterImpl-22559c4f-4ba5-459a-8a40-bbe24e716d33/datanode-0/data/ratis/20ae75f3-67aa-4fc4-a38b-90f4d47386f5 does not exist. Creating ...
2021-10-08 06:50:17,296 [pool-55-thread-1] INFO  storage.RaftStorageDirectory (RaftStorageDirectoryImpl.java:tryLock(230)) - Lock on /home/runner/work/ozone/ozone/hadoop-ozone/integration-test/target/test-dir/MiniOzoneClusterImpl-22559c4f-4ba5-459a-8a40-bbe24e716d33/datanode-0/data/ratis/20ae75f3-67aa-4fc4-a38b-90f4d47386f5/in_use.lock acquired by nodename 13400@fv-az116-933
2021-10-08 06:50:17,298 [pool-55-thread-1] INFO  storage.RaftStorage (RaftStorageImpl.java:format(89)) - Storage directory /home/runner/work/ozone/ozone/hadoop-ozone/integration-test/target/test-dir/MiniOzoneClusterImpl-22559c4f-4ba5-459a-8a40-bbe24e716d33/datanode-0/data/ratis/20ae75f3-67aa-4fc4-a38b-90f4d47386f5 has been successfully formatted.
2021-10-08 06:50:17,301 [pool-55-thread-1] INFO  ratis.ContainerStateMachine (ContainerStateMachine.java:loadSnapshot(224)) - group-90F4D47386F5: The snapshot info is null. Setting the last applied indexto:(t:0, i:~)
2021-10-08 06:50:17,302 [pool-55-thread-1] INFO  server.RaftServerConfigKeys (ConfUtils.java:logGet(44)) - raft.server.notification.no-leader.timeout = 300000ms (custom)
2021-10-08 06:50:17,302 [pool-55-thread-1] INFO  server.RaftServerConfigKeys (ConfUtils.java:logGet(44)) - raft.server.log.use.memory = false (default)
2021-10-08 06:50:17,302 [pool-55-thread-1] INFO  server.RaftServerConfigKeys (ConfUtils.java:logGet(44)) - raft.server.log.purge.gap = 1000000 (custom)
2021-10-08 06:50:17,302 [pool-55-thread-1] INFO  server.RaftServerConfigKeys (ConfUtils.java:logGet(44)) - raft.server.log.appender.buffer.byte-limit = 33554432 (custom)
2021-10-08 06:50:17,304 [pool-55-thread-1] INFO  server.RaftServerConfigKeys (ConfUtils.java:logGet(44)) - raft.server.log.segment.size.max = 1048576 (custom)
2021-10-08 06:50:17,304 [EventQueue-PipelineReportForPipelineReportHandler] INFO  pipeline.PipelineManagerImpl (PipelineManagerImpl.java:openPipeline(282)) - Pipeline Pipeline[ Id: 20ae75f3-67aa-4fc4-a38b-90f4d47386f5, Nodes: 7c56b051-e741-4b88-a800-6437d7fa75cc{ip: 10.1.0.41, host: fv-az116-933.vzw04321ajxubdbcnpick5nqva.xx.internal.cloudapp.net, ports: [REPLICATION=38369, RATIS=42627, RATIS_ADMIN=42627, RATIS_SERVER=42627, STANDALONE=40007], networkLocation: /default-rack, certSerialId: null, persistedOpState: IN_SERVICE, persistedOpStateExpiryEpochSec: 0}, ReplicationConfig: RATIS/ONE, State:ALLOCATED, leaderId:7c56b051-e741-4b88-a800-6437d7fa75cc, CreationTimestamp2021-10-08T06:50:14.306Z[Etc/UTC]] moved to OPEN state
2021-10-08 06:50:17,305 [pool-55-thread-1] INFO  server.RaftServerConfigKeys (ConfUtils.java:logGet(44)) - raft.server.log.segment.cache.num.max = 2 (custom)
2021-10-08 06:50:17,321 [pool-55-thread-1] INFO  server.RaftServerConfigKeys (ConfUtils.java:logGet(44)) - raft.server.log.segment.cache.size.max = 200MB (=209715200) (default)
2021-10-08 06:50:17,322 [pool-55-thread-1] INFO  segmented.SegmentedRaftLogWorker (SegmentedRaftLogWorker.java:<init>(182)) - new 7c56b051-e741-4b88-a800-6437d7fa75cc@group-90F4D47386F5-SegmentedRaftLogWorker for RaftStorageImpl:Storage Directory /home/runner/work/ozone/ozone/hadoop-ozone/integration-test/target/test-dir/MiniOzoneClusterImpl-22559c4f-4ba5-459a-8a40-bbe24e716d33/datanode-0/data/ratis/20ae75f3-67aa-4fc4-a38b-90f4d47386f5
2021-10-08 06:50:17,322 [pool-55-thread-1] INFO  server.RaftServerConfigKeys (ConfUtils.java:logGet(44)) - raft.server.log.queue.byte-limit = 2147483647 (custom)
2021-10-08 06:50:17,322 [pool-55-thread-1] INFO  server.RaftServerConfigKeys (ConfUtils.java:logGet(44)) - raft.server.log.queue.element-limit = 1024 (custom)
2021-10-08 06:50:17,322 [pool-55-thread-1] INFO  server.RaftServerConfigKeys (ConfUtils.java:logGet(44)) - raft.server.log.segment.size.max = 1048576 (custom)
2021-10-08 06:50:17,322 [pool-55-thread-1] INFO  server.RaftServerConfigKeys (ConfUtils.java:logGet(44)) - raft.server.log.preallocated.size = 16384 (custom)
2021-10-08 06:50:17,322 [pool-55-thread-1] INFO  server.RaftServerConfigKeys (ConfUtils.java:logGet(44)) - raft.server.log.force.sync.num = 128 (default)
2021-10-08 06:50:17,322 [pool-55-thread-1] INFO  server.RaftServerConfigKeys (ConfUtils.java:logGet(44)) - raft.server.log.statemachine.data.sync = true (default)
2021-10-08 06:50:17,322 [pool-55-thread-1] INFO  server.RaftServerConfigKeys (ConfUtils.java:logGet(44)) - raft.server.log.statemachine.data.sync.timeout = 10s (default)
2021-10-08 06:50:17,323 [pool-55-thread-1] INFO  server.RaftServerConfigKeys (ConfUtils.java:logGet(44)) - raft.server.log.statemachine.data.sync.timeout.retry = -1 (default)
2021-10-08 06:50:17,321 [EventQueue-OpenPipelineForHealthyPipelineSafeModeRule] INFO  safemode.SCMSafeModeManager (HealthyPipelineSafeModeRule.java:process(124)) - SCM in safe mode. Healthy pipelines reported count is 0, required healthy pipeline reported count is 1
2021-10-08 06:50:17,341 [pool-55-thread-1] INFO  server.RaftServerConfigKeys (ConfUtils.java:logGet(44)) - raft.server.log.write.buffer.size = 1048576 (custom)
2021-10-08 06:50:17,342 [pool-55-thread-1] INFO  server.RaftServerConfigKeys (ConfUtils.java:logGet(44)) - raft.server.log.statemachine.data.caching.enabled = true (custom)
2021-10-08 06:50:17,342 [pool-55-thread-1] INFO  segmented.SegmentedRaftLogWorker (SegmentedRaftLogWorker.java:lambda$new$0(133)) - 7c56b051-e741-4b88-a800-6437d7fa75cc@group-90F4D47386F5-SegmentedRaftLogWorker: flushIndex: setUnconditionally 0 -> -1
2021-10-08 06:50:17,342 [pool-55-thread-1] INFO  segmented.SegmentedRaftLogWorker (SegmentedRaftLogWorker.java:lambda$new$0(133)) - 7c56b051-e741-4b88-a800-6437d7fa75cc@group-90F4D47386F5-SegmentedRaftLogWorker: safeCacheEvictIndex: setUnconditionally 0 -> -1
2021-10-08 06:50:17,343 [pool-55-thread-1] INFO  server.RaftServerConfigKeys (ConfUtils.java:logGet(44)) - raft.server.snapshot.auto.trigger.enabled = true (custom)
2021-10-08 06:50:17,343 [pool-55-thread-1] INFO  server.RaftServerConfigKeys (ConfUtils.java:logGet(44)) - raft.server.snapshot.auto.trigger.threshold = 1 (custom)
2021-10-08 06:50:17,343 [pool-55-thread-1] INFO  server.RaftServerConfigKeys (ConfUtils.java:logGet(44)) - raft.server.snapshot.retention.file.num = 5 (custom)
2021-10-08 06:50:17,343 [pool-55-thread-1] INFO  server.RaftServerConfigKeys (ConfUtils.java:logGet(44)) - raft.server.log.purge.upto.snapshot.index = false (default)
2021-10-08 06:50:17,343 [pool-55-thread-1] INFO  server.RaftServerConfigKeys (ConfUtils.java:logGet(44)) - raft.server.retrycache.expirytime = 600000ms (custom)
2021-10-08 06:50:17,343 [pool-55-thread-1] INFO  server.RaftServerConfigKeys (ConfUtils.java:logGet(44)) - raft.server.retrycache.statistics.expirytime = 100μs (default)
2021-10-08 06:50:17,347 [pool-55-thread-1] INFO  server.RaftServer$Division (RaftServerImpl.java:start(296)) - 7c56b051-e741-4b88-a800-6437d7fa75cc@group-90F4D47386F5: start as a follower, conf=-1: [7c56b051-e741-4b88-a800-6437d7fa75cc|rpc:10.1.0.41:42627|priority:1], old=null
2021-10-08 06:50:17,347 [pool-55-thread-1] INFO  server.RaftServer$Division (RaftServerImpl.java:setRole(285)) - 7c56b051-e741-4b88-a800-6437d7fa75cc@group-90F4D47386F5: changes role from      null to FOLLOWER at term 0 for startAsFollower
2021-10-08 06:50:17,347 [pool-55-thread-1] INFO  impl.RoleInfo (RoleInfo.java:updateAndGet(130)) - 7c56b051-e741-4b88-a800-6437d7fa75cc: start 7c56b051-e741-4b88-a800-6437d7fa75cc@group-90F4D47386F5-FollowerState
2021-10-08 06:50:17,351 [pool-55-thread-1] INFO  util.JmxRegister (JmxRegister.java:tryRegister(44)) - Successfully registered JMX Bean with object name Ratis:service=RaftServer,group=group-90F4D47386F5,id=7c56b051-e741-4b88-a800-6437d7fa75cc
2021-10-08 06:50:17,377 [Command processor thread] INFO  ratis.XceiverServerRatis (XceiverServerRatis.java:addGroup(763)) - Created group PipelineID=20ae75f3-67aa-4fc4-a38b-90f4d47386f5
2021-10-08 06:50:17,378 [Command processor thread] INFO  commandhandler.CreatePipelineCommandHandler (CreatePipelineCommandHandler.java:handle(106)) - Created Pipeline RATIS ONE PipelineID=20ae75f3-67aa-4fc4-a38b-90f4d47386f5.
2021-10-08 06:50:17,378 [Command processor thread] INFO  server.RaftServer (RaftServerProxy.java:addNew(95)) - 7c56b051-e741-4b88-a800-6437d7fa75cc: addNew group-3A1B9745E316:[f72599f1-e0cc-40f9-85fa-72f8008a2fb9|rpc:10.1.0.41:45769|priority:1, 7c56b051-e741-4b88-a800-6437d7fa75cc|rpc:10.1.0.41:42627|priority:0, 922385f1-e84a-4e93-a4e5-a83d7e259df1|rpc:10.1.0.41:45879|priority:0] returns group-3A1B9745E316:java.util.concurrent.CompletableFuture@14256659[Not completed]
2021-10-08 06:50:17,384 [pool-55-thread-1] INFO  server.RaftServer$Division (RaftServerImpl.java:<init>(181)) - 7c56b051-e741-4b88-a800-6437d7fa75cc: new RaftServerImpl for group-3A1B9745E316:[f72599f1-e0cc-40f9-85fa-72f8008a2fb9|rpc:10.1.0.41:45769|priority:1, 7c56b051-e741-4b88-a800-6437d7fa75cc|rpc:10.1.0.41:42627|priority:0, 922385f1-e84a-4e93-a4e5-a83d7e259df1|rpc:10.1.0.41:45879|priority:0] with ContainerStateMachine:uninitialized
2021-10-08 06:50:17,384 [pool-55-thread-1] INFO  server.RaftServerConfigKeys (ConfUtils.java:logGet(44)) - raft.server.rpc.timeout.min = 5s (custom)
2021-10-08 06:50:17,384 [pool-55-thread-1] INFO  server.RaftServerConfigKeys (ConfUtils.java:logGet(44)) - raft.server.rpc.timeout.max = 5200ms (custom)
2021-10-08 06:50:17,384 [pool-55-thread-1] INFO  server.RaftServerConfigKeys (ConfUtils.java:logGet(44)) - raft.server.rpc.sleep.time = 25ms (default)
2021-10-08 06:50:17,385 [pool-55-thread-1] INFO  server.RaftServerConfigKeys (ConfUtils.java:logGet(44)) - raft.server.rpc.slowness.timeout = 300000ms (custom)
2021-10-08 06:50:17,385 [pool-55-thread-1] INFO  server.RaftServerConfigKeys (ConfUtils.java:logGet(44)) - raft.server.leaderelection.leader.step-down.wait-time = 10s (default)
2021-10-08 06:50:17,385 [pool-55-thread-1] INFO  server.RaftServerConfigKeys (ConfUtils.java:logGet(44)) - raft.server.sleep.deviation.threshold = 300ms (default)
2021-10-08 06:50:17,385 [pool-55-thread-1] INFO  server.RaftServerConfigKeys (ConfUtils.java:logGet(44)) - raft.server.log.appender.install.snapshot.enabled = false (custom)
2021-10-08 06:50:17,385 [pool-55-thread-1] INFO  server.RaftServer$Division (ServerState.java:<init>(105)) - 7c56b051-e741-4b88-a800-6437d7fa75cc@group-3A1B9745E316: ConfigurationManager, init=-1: [f72599f1-e0cc-40f9-85fa-72f8008a2fb9|rpc:10.1.0.41:45769|priority:1, 7c56b051-e741-4b88-a800-6437d7fa75cc|rpc:10.1.0.41:42627|priority:0, 922385f1-e84a-4e93-a4e5-a83d7e259df1|rpc:10.1.0.41:45879|priority:0], old=null, confs=<EMPTY_MAP>
2021-10-08 06:50:17,385 [pool-55-thread-1] INFO  server.RaftServerConfigKeys (ConfUtils.java:logGet(44)) - raft.server.storage.dir = [/home/runner/work/ozone/ozone/hadoop-ozone/integration-test/target/test-dir/MiniOzoneClusterImpl-22559c4f-4ba5-459a-8a40-bbe24e716d33/datanode-0/data/ratis] (custom)
2021-10-08 06:50:17,385 [pool-55-thread-1] INFO  server.RaftServerConfigKeys (ConfUtils.java:logGet(44)) - raft.server.log.corruption.policy = EXCEPTION (default)
2021-10-08 06:50:17,386 [pool-55-thread-1] INFO  server.RaftServerConfigKeys (ConfUtils.java:logGet(44)) - raft.server.storage.free-space.min = 0MB (=0) (default)
2021-10-08 06:50:17,386 [pool-55-thread-1] INFO  storage.RaftStorageDirectory (RaftStorageDirectoryImpl.java:analyzeStorage(135)) - The storage directory /home/runner/work/ozone/ozone/hadoop-ozone/integration-test/target/test-dir/MiniOzoneClusterImpl-22559c4f-4ba5-459a-8a40-bbe24e716d33/datanode-0/data/ratis/e3677fb1-021b-4ea9-b1d2-3a1b9745e316 does not exist. Creating ...
2021-10-08 06:50:17,387 [pool-55-thread-1] INFO  storage.RaftStorageDirectory (RaftStorageDirectoryImpl.java:tryLock(230)) - Lock on /home/runner/work/ozone/ozone/hadoop-ozone/integration-test/target/test-dir/MiniOzoneClusterImpl-22559c4f-4ba5-459a-8a40-bbe24e716d33/datanode-0/data/ratis/e3677fb1-021b-4ea9-b1d2-3a1b9745e316/in_use.lock acquired by nodename 13400@fv-az116-933
2021-10-08 06:50:17,388 [pool-55-thread-1] INFO  storage.RaftStorage (RaftStorageImpl.java:format(89)) - Storage directory /home/runner/work/ozone/ozone/hadoop-ozone/integration-test/target/test-dir/MiniOzoneClusterImpl-22559c4f-4ba5-459a-8a40-bbe24e716d33/datanode-0/data/ratis/e3677fb1-021b-4ea9-b1d2-3a1b9745e316 has been successfully formatted.
2021-10-08 06:50:17,389 [pool-55-thread-1] INFO  ratis.ContainerStateMachine (ContainerStateMachine.java:loadSnapshot(224)) - group-3A1B9745E316: The snapshot info is null. Setting the last applied indexto:(t:0, i:~)
2021-10-08 06:50:17,393 [EventQueue-OpenPipelineForHealthyPipelineSafeModeRule] INFO  safemode.SCMSafeModeManager (HealthyPipelineSafeModeRule.java:process(124)) - SCM in safe mode. Healthy pipelines reported count is 0, required healthy pipeline reported count is 1
2021-10-08 06:50:17,402 [pool-55-thread-1] INFO  server.RaftServerConfigKeys (ConfUtils.java:logGet(44)) - raft.server.notification.no-leader.timeout = 300000ms (custom)
2021-10-08 06:50:17,402 [pool-55-thread-1] INFO  server.RaftServerConfigKeys (ConfUtils.java:logGet(44)) - raft.server.log.use.memory = false (default)
2021-10-08 06:50:17,402 [pool-55-thread-1] INFO  server.RaftServerConfigKeys (ConfUtils.java:logGet(44)) - raft.server.log.purge.gap = 1000000 (custom)
2021-10-08 06:50:17,402 [pool-55-thread-1] INFO  server.RaftServerConfigKeys (ConfUtils.java:logGet(44)) - raft.server.log.appender.buffer.byte-limit = 33554432 (custom)
2021-10-08 06:50:17,402 [pool-55-thread-1] INFO  server.RaftServerConfigKeys (ConfUtils.java:logGet(44)) - raft.server.log.segment.size.max = 1048576 (custom)
2021-10-08 06:50:17,404 [pool-55-thread-1] INFO  server.RaftServerConfigKeys (ConfUtils.java:logGet(44)) - raft.server.log.segment.cache.num.max = 2 (custom)
2021-10-08 06:50:17,404 [pool-55-thread-1] INFO  server.RaftServerConfigKeys (ConfUtils.java:logGet(44)) - raft.server.log.segment.cache.size.max = 200MB (=209715200) (default)
2021-10-08 06:50:17,404 [pool-55-thread-1] INFO  segmented.SegmentedRaftLogWorker (SegmentedRaftLogWorker.java:<init>(182)) - new 7c56b051-e741-4b88-a800-6437d7fa75cc@group-3A1B9745E316-SegmentedRaftLogWorker for RaftStorageImpl:Storage Directory /home/runner/work/ozone/ozone/hadoop-ozone/integration-test/target/test-dir/MiniOzoneClusterImpl-22559c4f-4ba5-459a-8a40-bbe24e716d33/datanode-0/data/ratis/e3677fb1-021b-4ea9-b1d2-3a1b9745e316
2021-10-08 06:50:17,404 [pool-55-thread-1] INFO  server.RaftServerConfigKeys (ConfUtils.java:logGet(44)) - raft.server.log.queue.byte-limit = 2147483647 (custom)
2021-10-08 06:50:17,404 [pool-55-thread-1] INFO  server.RaftServerConfigKeys (ConfUtils.java:logGet(44)) - raft.server.log.queue.element-limit = 1024 (custom)
2021-10-08 06:50:17,405 [pool-55-thread-1] INFO  server.RaftServerConfigKeys (ConfUtils.java:logGet(44)) - raft.server.log.segment.size.max = 1048576 (custom)
2021-10-08 06:50:17,405 [pool-55-thread-1] INFO  server.RaftServerConfigKeys (ConfUtils.java:logGet(44)) - raft.server.log.preallocated.size = 16384 (custom)
2021-10-08 06:50:17,405 [pool-55-thread-1] INFO  server.RaftServerConfigKeys (ConfUtils.java:logGet(44)) - raft.server.log.force.sync.num = 128 (default)
2021-10-08 06:50:17,405 [pool-55-thread-1] INFO  server.RaftServerConfigKeys (ConfUtils.java:logGet(44)) - raft.server.log.statemachine.data.sync = true (default)
2021-10-08 06:50:17,405 [pool-55-thread-1] INFO  server.RaftServerConfigKeys (ConfUtils.java:logGet(44)) - raft.server.log.statemachine.data.sync.timeout = 10s (default)
2021-10-08 06:50:17,405 [pool-55-thread-1] INFO  server.RaftServerConfigKeys (ConfUtils.java:logGet(44)) - raft.server.log.statemachine.data.sync.timeout.retry = -1 (default)
2021-10-08 06:50:17,412 [pool-55-thread-1] INFO  server.RaftServerConfigKeys (ConfUtils.java:logGet(44)) - raft.server.log.write.buffer.size = 1048576 (custom)
2021-10-08 06:50:17,412 [pool-55-thread-1] INFO  server.RaftServerConfigKeys (ConfUtils.java:logGet(44)) - raft.server.log.statemachine.data.caching.enabled = true (custom)
2021-10-08 06:50:17,414 [pool-55-thread-1] INFO  segmented.SegmentedRaftLogWorker (SegmentedRaftLogWorker.java:lambda$new$0(133)) - 7c56b051-e741-4b88-a800-6437d7fa75cc@group-3A1B9745E316-SegmentedRaftLogWorker: flushIndex: setUnconditionally 0 -> -1
2021-10-08 06:50:17,414 [pool-55-thread-1] INFO  segmented.SegmentedRaftLogWorker (SegmentedRaftLogWorker.java:lambda$new$0(133)) - 7c56b051-e741-4b88-a800-6437d7fa75cc@group-3A1B9745E316-SegmentedRaftLogWorker: safeCacheEvictIndex: setUnconditionally 0 -> -1
2021-10-08 06:50:17,415 [pool-55-thread-1] INFO  server.RaftServerConfigKeys (ConfUtils.java:logGet(44)) - raft.server.snapshot.auto.trigger.enabled = true (custom)
2021-10-08 06:50:17,416 [pool-55-thread-1] INFO  server.RaftServerConfigKeys (ConfUtils.java:logGet(44)) - raft.server.snapshot.auto.trigger.threshold = 1 (custom)
2021-10-08 06:50:17,416 [pool-55-thread-1] INFO  server.RaftServerConfigKeys (ConfUtils.java:logGet(44)) - raft.server.snapshot.retention.file.num = 5 (custom)
2021-10-08 06:50:17,416 [pool-55-thread-1] INFO  server.RaftServerConfigKeys (ConfUtils.java:logGet(44)) - raft.server.log.purge.upto.snapshot.index = false (default)
2021-10-08 06:50:17,416 [pool-55-thread-1] INFO  server.RaftServerConfigKeys (ConfUtils.java:logGet(44)) - raft.server.retrycache.expirytime = 600000ms (custom)
2021-10-08 06:50:17,416 [pool-55-thread-1] INFO  server.RaftServerConfigKeys (ConfUtils.java:logGet(44)) - raft.server.retrycache.statistics.expirytime = 100μs (default)
2021-10-08 06:50:17,420 [pool-55-thread-1] INFO  server.RaftServer$Division (RaftServerImpl.java:start(296)) - 7c56b051-e741-4b88-a800-6437d7fa75cc@group-3A1B9745E316: start as a follower, conf=-1: [f72599f1-e0cc-40f9-85fa-72f8008a2fb9|rpc:10.1.0.41:45769|priority:1, 7c56b051-e741-4b88-a800-6437d7fa75cc|rpc:10.1.0.41:42627|priority:0, 922385f1-e84a-4e93-a4e5-a83d7e259df1|rpc:10.1.0.41:45879|priority:0], old=null
2021-10-08 06:50:17,420 [pool-55-thread-1] INFO  server.RaftServer$Division (RaftServerImpl.java:setRole(285)) - 7c56b051-e741-4b88-a800-6437d7fa75cc@group-3A1B9745E316: changes role from      null to FOLLOWER at term 0 for startAsFollower
2021-10-08 06:50:17,420 [pool-55-thread-1] INFO  impl.RoleInfo (RoleInfo.java:updateAndGet(130)) - 7c56b051-e741-4b88-a800-6437d7fa75cc: start 7c56b051-e741-4b88-a800-6437d7fa75cc@group-3A1B9745E316-FollowerState
2021-10-08 06:50:17,421 [pool-55-thread-1] INFO  util.JmxRegister (JmxRegister.java:tryRegister(44)) - Successfully registered JMX Bean with object name Ratis:service=RaftServer,group=group-3A1B9745E316,id=7c56b051-e741-4b88-a800-6437d7fa75cc
2021-10-08 06:50:17,425 [Command processor thread] INFO  ratis.XceiverServerRatis (XceiverServerRatis.java:addGroup(763)) - Created group PipelineID=e3677fb1-021b-4ea9-b1d2-3a1b9745e316
2021-10-08 06:50:17,563 [Command processor thread] INFO  server.RaftServer (RaftServerProxy.java:addNew(95)) - f72599f1-e0cc-40f9-85fa-72f8008a2fb9: addNew group-E9DBAE11872A:[f72599f1-e0cc-40f9-85fa-72f8008a2fb9|rpc:10.1.0.41:45769|priority:1] returns group-E9DBAE11872A:java.util.concurrent.CompletableFuture@7299224a[Not completed]
2021-10-08 06:50:17,583 [pool-74-thread-1] INFO  server.RaftServer$Division (RaftServerImpl.java:<init>(181)) - f72599f1-e0cc-40f9-85fa-72f8008a2fb9: new RaftServerImpl for group-E9DBAE11872A:[f72599f1-e0cc-40f9-85fa-72f8008a2fb9|rpc:10.1.0.41:45769|priority:1] with ContainerStateMachine:uninitialized
2021-10-08 06:50:17,583 [pool-74-thread-1] INFO  server.RaftServerConfigKeys (ConfUtils.java:logGet(44)) - raft.server.rpc.timeout.min = 5s (custom)
2021-10-08 06:50:17,585 [pool-74-thread-1] INFO  server.RaftServerConfigKeys (ConfUtils.java:logGet(44)) - raft.server.rpc.timeout.max = 5200ms (custom)
2021-10-08 06:50:17,585 [pool-74-thread-1] INFO  server.RaftServerConfigKeys (ConfUtils.java:logGet(44)) - raft.server.rpc.sleep.time = 25ms (default)
2021-10-08 06:50:17,585 [pool-74-thread-1] INFO  server.RaftServerConfigKeys (ConfUtils.java:logGet(44)) - raft.server.rpc.slowness.timeout = 300000ms (custom)
2021-10-08 06:50:17,585 [pool-74-thread-1] INFO  server.RaftServerConfigKeys (ConfUtils.java:logGet(44)) - raft.server.leaderelection.leader.step-down.wait-time = 10s (default)
2021-10-08 06:50:17,585 [pool-74-thread-1] INFO  server.RaftServerConfigKeys (ConfUtils.java:logGet(44)) - raft.server.sleep.deviation.threshold = 300ms (default)
2021-10-08 06:50:17,585 [pool-74-thread-1] INFO  server.RaftServerConfigKeys (ConfUtils.java:logGet(44)) - raft.server.log.appender.install.snapshot.enabled = false (custom)
2021-10-08 06:50:17,585 [pool-74-thread-1] INFO  server.RaftServer$Division (ServerState.java:<init>(105)) - f72599f1-e0cc-40f9-85fa-72f8008a2fb9@group-E9DBAE11872A: ConfigurationManager, init=-1: [f72599f1-e0cc-40f9-85fa-72f8008a2fb9|rpc:10.1.0.41:45769|priority:1], old=null, confs=<EMPTY_MAP>
2021-10-08 06:50:17,586 [pool-74-thread-1] INFO  server.RaftServerConfigKeys (ConfUtils.java:logGet(44)) - raft.server.storage.dir = [/home/runner/work/ozone/ozone/hadoop-ozone/integration-test/target/test-dir/MiniOzoneClusterImpl-22559c4f-4ba5-459a-8a40-bbe24e716d33/datanode-1/data/ratis] (custom)
2021-10-08 06:50:17,586 [pool-74-thread-1] INFO  server.RaftServerConfigKeys (ConfUtils.java:logGet(44)) - raft.server.log.corruption.policy = EXCEPTION (default)
2021-10-08 06:50:17,589 [pool-74-thread-1] INFO  server.RaftServerConfigKeys (ConfUtils.java:logGet(44)) - raft.server.storage.free-space.min = 0MB (=0) (default)
2021-10-08 06:50:17,589 [pool-74-thread-1] INFO  storage.RaftStorageDirectory (RaftStorageDirectoryImpl.java:analyzeStorage(135)) - The storage directory /home/runner/work/ozone/ozone/hadoop-ozone/integration-test/target/test-dir/MiniOzoneClusterImpl-22559c4f-4ba5-459a-8a40-bbe24e716d33/datanode-1/data/ratis/17ea2ab8-473d-4056-9556-e9dbae11872a does not exist. Creating ...
2021-10-08 06:50:17,591 [pool-74-thread-1] INFO  storage.RaftStorageDirectory (RaftStorageDirectoryImpl.java:tryLock(230)) - Lock on /home/runner/work/ozone/ozone/hadoop-ozone/integration-test/target/test-dir/MiniOzoneClusterImpl-22559c4f-4ba5-459a-8a40-bbe24e716d33/datanode-1/data/ratis/17ea2ab8-473d-4056-9556-e9dbae11872a/in_use.lock acquired by nodename 13400@fv-az116-933
2021-10-08 06:50:17,593 [pool-74-thread-1] INFO  storage.RaftStorage (RaftStorageImpl.java:format(89)) - Storage directory /home/runner/work/ozone/ozone/hadoop-ozone/integration-test/target/test-dir/MiniOzoneClusterImpl-22559c4f-4ba5-459a-8a40-bbe24e716d33/datanode-1/data/ratis/17ea2ab8-473d-4056-9556-e9dbae11872a has been successfully formatted.
2021-10-08 06:50:17,594 [Datanode State Machine Thread - 0] WARN  statemachine.StateContext (StateContext.java:execute(621)) - No available thread in pool for past 0 seconds.
2021-10-08 06:50:17,595 [pool-74-thread-1] INFO  ratis.ContainerStateMachine (ContainerStateMachine.java:loadSnapshot(224)) - group-E9DBAE11872A: The snapshot info is null. Setting the last applied indexto:(t:0, i:~)
2021-10-08 06:50:17,598 [pool-74-thread-1] INFO  server.RaftServerConfigKeys (ConfUtils.java:logGet(44)) - raft.server.notification.no-leader.timeout = 300000ms (custom)
2021-10-08 06:50:17,598 [pool-74-thread-1] INFO  server.RaftServerConfigKeys (ConfUtils.java:logGet(44)) - raft.server.log.use.memory = false (default)
2021-10-08 06:50:17,598 [pool-74-thread-1] INFO  server.RaftServerConfigKeys (ConfUtils.java:logGet(44)) - raft.server.log.purge.gap = 1000000 (custom)
2021-10-08 06:50:17,598 [pool-74-thread-1] INFO  server.RaftServerConfigKeys (ConfUtils.java:logGet(44)) - raft.server.log.appender.buffer.byte-limit = 33554432 (custom)
2021-10-08 06:50:17,599 [pool-74-thread-1] INFO  server.RaftServerConfigKeys (ConfUtils.java:logGet(44)) - raft.server.log.segment.size.max = 1048576 (custom)
2021-10-08 06:50:17,599 [EventQueue-PipelineReportForPipelineReportHandler] INFO  pipeline.PipelineManagerImpl (PipelineManagerImpl.java:openPipeline(282)) - Pipeline Pipeline[ Id: 17ea2ab8-473d-4056-9556-e9dbae11872a, Nodes: f72599f1-e0cc-40f9-85fa-72f8008a2fb9{ip: 10.1.0.41, host: fv-az116-933.vzw04321ajxubdbcnpick5nqva.xx.internal.cloudapp.net, ports: [REPLICATION=38395, RATIS=45769, RATIS_ADMIN=45769, RATIS_SERVER=45769, STANDALONE=35749], networkLocation: /default-rack, certSerialId: null, persistedOpState: IN_SERVICE, persistedOpStateExpiryEpochSec: 0}, ReplicationConfig: RATIS/ONE, State:ALLOCATED, leaderId:f72599f1-e0cc-40f9-85fa-72f8008a2fb9, CreationTimestamp2021-10-08T06:50:14.568Z[Etc/UTC]] moved to OPEN state
2021-10-08 06:50:17,599 [EventQueue-OpenPipelineForHealthyPipelineSafeModeRule] INFO  safemode.SCMSafeModeManager (HealthyPipelineSafeModeRule.java:process(124)) - SCM in safe mode. Healthy pipelines reported count is 0, required healthy pipeline reported count is 1
2021-10-08 06:50:17,600 [pool-74-thread-1] INFO  server.RaftServerConfigKeys (ConfUtils.java:logGet(44)) - raft.server.log.segment.cache.num.max = 2 (custom)
2021-10-08 06:50:17,609 [pool-74-thread-1] INFO  server.RaftServerConfigKeys (ConfUtils.java:logGet(44)) - raft.server.log.segment.cache.size.max = 200MB (=209715200) (default)
2021-10-08 06:50:17,609 [pool-74-thread-1] INFO  segmented.SegmentedRaftLogWorker (SegmentedRaftLogWorker.java:<init>(182)) - new f72599f1-e0cc-40f9-85fa-72f8008a2fb9@group-E9DBAE11872A-SegmentedRaftLogWorker for RaftStorageImpl:Storage Directory /home/runner/work/ozone/ozone/hadoop-ozone/integration-test/target/test-dir/MiniOzoneClusterImpl-22559c4f-4ba5-459a-8a40-bbe24e716d33/datanode-1/data/ratis/17ea2ab8-473d-4056-9556-e9dbae11872a
2021-10-08 06:50:17,609 [pool-74-thread-1] INFO  server.RaftServerConfigKeys (ConfUtils.java:logGet(44)) - raft.server.log.queue.byte-limit = 2147483647 (custom)
2021-10-08 06:50:17,609 [pool-74-thread-1] INFO  server.RaftServerConfigKeys (ConfUtils.java:logGet(44)) - raft.server.log.queue.element-limit = 1024 (custom)
2021-10-08 06:50:17,609 [pool-74-thread-1] INFO  server.RaftServerConfigKeys (ConfUtils.java:logGet(44)) - raft.server.log.segment.size.max = 1048576 (custom)
2021-10-08 06:50:17,610 [pool-74-thread-1] INFO  server.RaftServerConfigKeys (ConfUtils.java:logGet(44)) - raft.server.log.preallocated.size = 16384 (custom)
2021-10-08 06:50:17,610 [pool-74-thread-1] INFO  server.RaftServerConfigKeys (ConfUtils.java:logGet(44)) - raft.server.log.force.sync.num = 128 (default)
2021-10-08 06:50:17,610 [pool-74-thread-1] INFO  server.RaftServerConfigKeys (ConfUtils.java:logGet(44)) - raft.server.log.statemachine.data.sync = true (default)
2021-10-08 06:50:17,610 [pool-74-thread-1] INFO  server.RaftServerConfigKeys (ConfUtils.java:logGet(44)) - raft.server.log.statemachine.data.sync.timeout = 10s (default)
2021-10-08 06:50:17,610 [pool-74-thread-1] INFO  server.RaftServerConfigKeys (ConfUtils.java:logGet(44)) - raft.server.log.statemachine.data.sync.timeout.retry = -1 (default)
2021-10-08 06:50:17,614 [pool-74-thread-1] INFO  server.RaftServerConfigKeys (ConfUtils.java:logGet(44)) - raft.server.log.write.buffer.size = 1048576 (custom)
2021-10-08 06:50:17,629 [pool-74-thread-1] INFO  server.RaftServerConfigKeys (ConfUtils.java:logGet(44)) - raft.server.log.statemachine.data.caching.enabled = true (custom)
2021-10-08 06:50:17,629 [pool-74-thread-1] INFO  segmented.SegmentedRaftLogWorker (SegmentedRaftLogWorker.java:lambda$new$0(133)) - f72599f1-e0cc-40f9-85fa-72f8008a2fb9@group-E9DBAE11872A-SegmentedRaftLogWorker: flushIndex: setUnconditionally 0 -> -1
2021-10-08 06:50:17,629 [pool-74-thread-1] INFO  segmented.SegmentedRaftLogWorker (SegmentedRaftLogWorker.java:lambda$new$0(133)) - f72599f1-e0cc-40f9-85fa-72f8008a2fb9@group-E9DBAE11872A-SegmentedRaftLogWorker: safeCacheEvictIndex: setUnconditionally 0 -> -1
2021-10-08 06:50:17,630 [pool-74-thread-1] INFO  server.RaftServerConfigKeys (ConfUtils.java:logGet(44)) - raft.server.snapshot.auto.trigger.enabled = true (custom)
2021-10-08 06:50:17,630 [pool-74-thread-1] INFO  server.RaftServerConfigKeys (ConfUtils.java:logGet(44)) - raft.server.snapshot.auto.trigger.threshold = 1 (custom)
2021-10-08 06:50:17,630 [pool-74-thread-1] INFO  server.RaftServerConfigKeys (ConfUtils.java:logGet(44)) - raft.server.snapshot.retention.file.num = 5 (custom)
2021-10-08 06:50:17,630 [pool-74-thread-1] INFO  server.RaftServerConfigKeys (ConfUtils.java:logGet(44)) - raft.server.log.purge.upto.snapshot.index = false (default)
2021-10-08 06:50:17,630 [pool-74-thread-1] INFO  server.RaftServerConfigKeys (ConfUtils.java:logGet(44)) - raft.server.retrycache.expirytime = 600000ms (custom)
2021-10-08 06:50:17,630 [pool-74-thread-1] INFO  server.RaftServerConfigKeys (ConfUtils.java:logGet(44)) - raft.server.retrycache.statistics.expirytime = 100μs (default)
2021-10-08 06:50:17,641 [pool-74-thread-1] INFO  server.RaftServer$Division (RaftServerImpl.java:start(296)) - f72599f1-e0cc-40f9-85fa-72f8008a2fb9@group-E9DBAE11872A: start as a follower, conf=-1: [f72599f1-e0cc-40f9-85fa-72f8008a2fb9|rpc:10.1.0.41:45769|priority:1], old=null
2021-10-08 06:50:17,641 [pool-74-thread-1] INFO  server.RaftServer$Division (RaftServerImpl.java:setRole(285)) - f72599f1-e0cc-40f9-85fa-72f8008a2fb9@group-E9DBAE11872A: changes role from      null to FOLLOWER at term 0 for startAsFollower
2021-10-08 06:50:17,643 [pool-74-thread-1] INFO  impl.RoleInfo (RoleInfo.java:updateAndGet(130)) - f72599f1-e0cc-40f9-85fa-72f8008a2fb9: start f72599f1-e0cc-40f9-85fa-72f8008a2fb9@group-E9DBAE11872A-FollowerState
2021-10-08 06:50:17,651 [pool-74-thread-1] INFO  util.JmxRegister (JmxRegister.java:tryRegister(44)) - Successfully registered JMX Bean with object name Ratis:service=RaftServer,group=group-E9DBAE11872A,id=f72599f1-e0cc-40f9-85fa-72f8008a2fb9
2021-10-08 06:50:17,652 [Command processor thread] INFO  ratis.XceiverServerRatis (XceiverServerRatis.java:addGroup(763)) - Created group PipelineID=17ea2ab8-473d-4056-9556-e9dbae11872a
2021-10-08 06:50:17,652 [Command processor thread] INFO  commandhandler.CreatePipelineCommandHandler (CreatePipelineCommandHandler.java:handle(106)) - Created Pipeline RATIS ONE PipelineID=17ea2ab8-473d-4056-9556-e9dbae11872a.
2021-10-08 06:50:17,652 [Command processor thread] INFO  server.RaftServer (RaftServerProxy.java:addNew(95)) - f72599f1-e0cc-40f9-85fa-72f8008a2fb9: addNew group-3A1B9745E316:[f72599f1-e0cc-40f9-85fa-72f8008a2fb9|rpc:10.1.0.41:45769|priority:1, 7c56b051-e741-4b88-a800-6437d7fa75cc|rpc:10.1.0.41:42627|priority:0, 922385f1-e84a-4e93-a4e5-a83d7e259df1|rpc:10.1.0.41:45879|priority:0] returns group-3A1B9745E316:java.util.concurrent.CompletableFuture@76a6a8c1[Not completed]
2021-10-08 06:50:17,653 [pool-74-thread-1] INFO  server.RaftServer$Division (RaftServerImpl.java:<init>(181)) - f72599f1-e0cc-40f9-85fa-72f8008a2fb9: new RaftServerImpl for group-3A1B9745E316:[f72599f1-e0cc-40f9-85fa-72f8008a2fb9|rpc:10.1.0.41:45769|priority:1, 7c56b051-e741-4b88-a800-6437d7fa75cc|rpc:10.1.0.41:42627|priority:0, 922385f1-e84a-4e93-a4e5-a83d7e259df1|rpc:10.1.0.41:45879|priority:0] with ContainerStateMachine:uninitialized
2021-10-08 06:50:17,653 [pool-74-thread-1] INFO  server.RaftServerConfigKeys (ConfUtils.java:logGet(44)) - raft.server.rpc.timeout.min = 5s (custom)
2021-10-08 06:50:17,654 [pool-74-thread-1] INFO  server.RaftServerConfigKeys (ConfUtils.java:logGet(44)) - raft.server.rpc.timeout.max = 5200ms (custom)
2021-10-08 06:50:17,654 [pool-74-thread-1] INFO  server.RaftServerConfigKeys (ConfUtils.java:logGet(44)) - raft.server.rpc.sleep.time = 25ms (default)
2021-10-08 06:50:17,654 [pool-74-thread-1] INFO  server.RaftServerConfigKeys (ConfUtils.java:logGet(44)) - raft.server.rpc.slowness.timeout = 300000ms (custom)
2021-10-08 06:50:17,654 [pool-74-thread-1] INFO  server.RaftServerConfigKeys (ConfUtils.java:logGet(44)) - raft.server.leaderelection.leader.step-down.wait-time = 10s (default)
2021-10-08 06:50:17,654 [pool-74-thread-1] INFO  server.RaftServerConfigKeys (ConfUtils.java:logGet(44)) - raft.server.sleep.deviation.threshold = 300ms (default)
2021-10-08 06:50:17,654 [pool-74-thread-1] INFO  server.RaftServerConfigKeys (ConfUtils.java:logGet(44)) - raft.server.log.appender.install.snapshot.enabled = false (custom)
2021-10-08 06:50:17,654 [pool-74-thread-1] INFO  server.RaftServer$Division (ServerState.java:<init>(105)) - f72599f1-e0cc-40f9-85fa-72f8008a2fb9@group-3A1B9745E316: ConfigurationManager, init=-1: [f72599f1-e0cc-40f9-85fa-72f8008a2fb9|rpc:10.1.0.41:45769|priority:1, 7c56b051-e741-4b88-a800-6437d7fa75cc|rpc:10.1.0.41:42627|priority:0, 922385f1-e84a-4e93-a4e5-a83d7e259df1|rpc:10.1.0.41:45879|priority:0], old=null, confs=<EMPTY_MAP>
2021-10-08 06:50:17,654 [pool-74-thread-1] INFO  server.RaftServerConfigKeys (ConfUtils.java:logGet(44)) - raft.server.storage.dir = [/home/runner/work/ozone/ozone/hadoop-ozone/integration-test/target/test-dir/MiniOzoneClusterImpl-22559c4f-4ba5-459a-8a40-bbe24e716d33/datanode-1/data/ratis] (custom)
2021-10-08 06:50:17,654 [pool-74-thread-1] INFO  server.RaftServerConfigKeys (ConfUtils.java:logGet(44)) - raft.server.log.corruption.policy = EXCEPTION (default)
2021-10-08 06:50:17,654 [pool-74-thread-1] INFO  server.RaftServerConfigKeys (ConfUtils.java:logGet(44)) - raft.server.storage.free-space.min = 0MB (=0) (default)
2021-10-08 06:50:17,654 [pool-74-thread-1] INFO  storage.RaftStorageDirectory (RaftStorageDirectoryImpl.java:analyzeStorage(135)) - The storage directory /home/runner/work/ozone/ozone/hadoop-ozone/integration-test/target/test-dir/MiniOzoneClusterImpl-22559c4f-4ba5-459a-8a40-bbe24e716d33/datanode-1/data/ratis/e3677fb1-021b-4ea9-b1d2-3a1b9745e316 does not exist. Creating ...
2021-10-08 06:50:17,661 [pool-74-thread-1] INFO  storage.RaftStorageDirectory (RaftStorageDirectoryImpl.java:tryLock(230)) - Lock on /home/runner/work/ozone/ozone/hadoop-ozone/integration-test/target/test-dir/MiniOzoneClusterImpl-22559c4f-4ba5-459a-8a40-bbe24e716d33/datanode-1/data/ratis/e3677fb1-021b-4ea9-b1d2-3a1b9745e316/in_use.lock acquired by nodename 13400@fv-az116-933
2021-10-08 06:50:17,665 [pool-74-thread-1] INFO  storage.RaftStorage (RaftStorageImpl.java:format(89)) - Storage directory /home/runner/work/ozone/ozone/hadoop-ozone/integration-test/target/test-dir/MiniOzoneClusterImpl-22559c4f-4ba5-459a-8a40-bbe24e716d33/datanode-1/data/ratis/e3677fb1-021b-4ea9-b1d2-3a1b9745e316 has been successfully formatted.
2021-10-08 06:50:17,665 [pool-74-thread-1] INFO  ratis.ContainerStateMachine (ContainerStateMachine.java:loadSnapshot(224)) - group-3A1B9745E316: The snapshot info is null. Setting the last applied indexto:(t:0, i:~)
2021-10-08 06:50:17,667 [EventQueue-OpenPipelineForHealthyPipelineSafeModeRule] INFO  safemode.SCMSafeModeManager (HealthyPipelineSafeModeRule.java:process(124)) - SCM in safe mode. Healthy pipelines reported count is 0, required healthy pipeline reported count is 1
2021-10-08 06:50:17,667 [pool-74-thread-1] INFO  server.RaftServerConfigKeys (ConfUtils.java:logGet(44)) - raft.server.notification.no-leader.timeout = 300000ms (custom)
2021-10-08 06:50:17,667 [pool-74-thread-1] INFO  server.RaftServerConfigKeys (ConfUtils.java:logGet(44)) - raft.server.log.use.memory = false (default)
2021-10-08 06:50:17,667 [pool-74-thread-1] INFO  server.RaftServerConfigKeys (ConfUtils.java:logGet(44)) - raft.server.log.purge.gap = 1000000 (custom)
2021-10-08 06:50:17,667 [pool-74-thread-1] INFO  server.RaftServerConfigKeys (ConfUtils.java:logGet(44)) - raft.server.log.appender.buffer.byte-limit = 33554432 (custom)
2021-10-08 06:50:17,669 [pool-74-thread-1] INFO  server.RaftServerConfigKeys (ConfUtils.java:logGet(44)) - raft.server.log.segment.size.max = 1048576 (custom)
2021-10-08 06:50:17,669 [pool-74-thread-1] INFO  server.RaftServerConfigKeys (ConfUtils.java:logGet(44)) - raft.server.log.segment.cache.num.max = 2 (custom)
2021-10-08 06:50:17,669 [pool-74-thread-1] INFO  server.RaftServerConfigKeys (ConfUtils.java:logGet(44)) - raft.server.log.segment.cache.size.max = 200MB (=209715200) (default)
2021-10-08 06:50:17,670 [pool-74-thread-1] INFO  segmented.SegmentedRaftLogWorker (SegmentedRaftLogWorker.java:<init>(182)) - new f72599f1-e0cc-40f9-85fa-72f8008a2fb9@group-3A1B9745E316-SegmentedRaftLogWorker for RaftStorageImpl:Storage Directory /home/runner/work/ozone/ozone/hadoop-ozone/integration-test/target/test-dir/MiniOzoneClusterImpl-22559c4f-4ba5-459a-8a40-bbe24e716d33/datanode-1/data/ratis/e3677fb1-021b-4ea9-b1d2-3a1b9745e316
2021-10-08 06:50:17,670 [pool-74-thread-1] INFO  server.RaftServerConfigKeys (ConfUtils.java:logGet(44)) - raft.server.log.queue.byte-limit = 2147483647 (custom)
2021-10-08 06:50:17,670 [pool-74-thread-1] INFO  server.RaftServerConfigKeys (ConfUtils.java:logGet(44)) - raft.server.log.queue.element-limit = 1024 (custom)
2021-10-08 06:50:17,670 [pool-74-thread-1] INFO  server.RaftServerConfigKeys (ConfUtils.java:logGet(44)) - raft.server.log.segment.size.max = 1048576 (custom)
2021-10-08 06:50:17,670 [pool-74-thread-1] INFO  server.RaftServerConfigKeys (ConfUtils.java:logGet(44)) - raft.server.log.preallocated.size = 16384 (custom)
2021-10-08 06:50:17,670 [pool-74-thread-1] INFO  server.RaftServerConfigKeys (ConfUtils.java:logGet(44)) - raft.server.log.force.sync.num = 128 (default)
2021-10-08 06:50:17,670 [pool-74-thread-1] INFO  server.RaftServerConfigKeys (ConfUtils.java:logGet(44)) - raft.server.log.statemachine.data.sync = true (default)
2021-10-08 06:50:17,670 [pool-74-thread-1] INFO  server.RaftServerConfigKeys (ConfUtils.java:logGet(44)) - raft.server.log.statemachine.data.sync.timeout = 10s (default)
2021-10-08 06:50:17,670 [pool-74-thread-1] INFO  server.RaftServerConfigKeys (ConfUtils.java:logGet(44)) - raft.server.log.statemachine.data.sync.timeout.retry = -1 (default)
2021-10-08 06:50:17,672 [pool-74-thread-1] INFO  server.RaftServerConfigKeys (ConfUtils.java:logGet(44)) - raft.server.log.write.buffer.size = 1048576 (custom)
2021-10-08 06:50:17,673 [pool-74-thread-1] INFO  server.RaftServerConfigKeys (ConfUtils.java:logGet(44)) - raft.server.log.statemachine.data.caching.enabled = true (custom)
2021-10-08 06:50:17,680 [pool-74-thread-1] INFO  segmented.SegmentedRaftLogWorker (SegmentedRaftLogWorker.java:lambda$new$0(133)) - f72599f1-e0cc-40f9-85fa-72f8008a2fb9@group-3A1B9745E316-SegmentedRaftLogWorker: flushIndex: setUnconditionally 0 -> -1
2021-10-08 06:50:17,681 [pool-74-thread-1] INFO  segmented.SegmentedRaftLogWorker (SegmentedRaftLogWorker.java:lambda$new$0(133)) - f72599f1-e0cc-40f9-85fa-72f8008a2fb9@group-3A1B9745E316-SegmentedRaftLogWorker: safeCacheEvictIndex: setUnconditionally 0 -> -1
2021-10-08 06:50:17,681 [pool-74-thread-1] INFO  server.RaftServerConfigKeys (ConfUtils.java:logGet(44)) - raft.server.snapshot.auto.trigger.enabled = true (custom)
2021-10-08 06:50:17,681 [pool-74-thread-1] INFO  server.RaftServerConfigKeys (ConfUtils.java:logGet(44)) - raft.server.snapshot.auto.trigger.threshold = 1 (custom)
2021-10-08 06:50:17,681 [pool-74-thread-1] INFO  server.RaftServerConfigKeys (ConfUtils.java:logGet(44)) - raft.server.snapshot.retention.file.num = 5 (custom)
2021-10-08 06:50:17,681 [pool-74-thread-1] INFO  server.RaftServerConfigKeys (ConfUtils.java:logGet(44)) - raft.server.log.purge.upto.snapshot.index = false (default)
2021-10-08 06:50:17,681 [pool-74-thread-1] INFO  server.RaftServerConfigKeys (ConfUtils.java:logGet(44)) - raft.server.retrycache.expirytime = 600000ms (custom)
2021-10-08 06:50:17,681 [pool-74-thread-1] INFO  server.RaftServerConfigKeys (ConfUtils.java:logGet(44)) - raft.server.retrycache.statistics.expirytime = 100μs (default)
2021-10-08 06:50:17,685 [pool-74-thread-1] INFO  server.RaftServer$Division (RaftServerImpl.java:start(296)) - f72599f1-e0cc-40f9-85fa-72f8008a2fb9@group-3A1B9745E316: start as a follower, conf=-1: [f72599f1-e0cc-40f9-85fa-72f8008a2fb9|rpc:10.1.0.41:45769|priority:1, 7c56b051-e741-4b88-a800-6437d7fa75cc|rpc:10.1.0.41:42627|priority:0, 922385f1-e84a-4e93-a4e5-a83d7e259df1|rpc:10.1.0.41:45879|priority:0], old=null
2021-10-08 06:50:17,685 [pool-74-thread-1] INFO  server.RaftServer$Division (RaftServerImpl.java:setRole(285)) - f72599f1-e0cc-40f9-85fa-72f8008a2fb9@group-3A1B9745E316: changes role from      null to FOLLOWER at term 0 for startAsFollower
2021-10-08 06:50:17,685 [pool-74-thread-1] INFO  impl.RoleInfo (RoleInfo.java:updateAndGet(130)) - f72599f1-e0cc-40f9-85fa-72f8008a2fb9: start f72599f1-e0cc-40f9-85fa-72f8008a2fb9@group-3A1B9745E316-FollowerState
2021-10-08 06:50:17,685 [pool-74-thread-1] INFO  util.JmxRegister (JmxRegister.java:tryRegister(44)) - Successfully registered JMX Bean with object name Ratis:service=RaftServer,group=group-3A1B9745E316,id=f72599f1-e0cc-40f9-85fa-72f8008a2fb9
2021-10-08 06:50:17,686 [Command processor thread] INFO  ratis.XceiverServerRatis (XceiverServerRatis.java:addGroup(763)) - Created group PipelineID=e3677fb1-021b-4ea9-b1d2-3a1b9745e316
2021-10-08 06:50:17,791 [EventQueue-OpenPipelineForHealthyPipelineSafeModeRule] INFO  safemode.SCMSafeModeManager (HealthyPipelineSafeModeRule.java:process(124)) - SCM in safe mode. Healthy pipelines reported count is 0, required healthy pipeline reported count is 1
2021-10-08 06:50:17,871 [EventQueue-OpenPipelineForHealthyPipelineSafeModeRule] INFO  safemode.SCMSafeModeManager (HealthyPipelineSafeModeRule.java:process(124)) - SCM in safe mode. Healthy pipelines reported count is 0, required healthy pipeline reported count is 1
2021-10-08 06:50:17,897 [Listener at 127.0.0.1/41649] INFO  ozone.MiniOzoneClusterImpl (MiniOzoneClusterImpl.java:lambda$waitForClusterToBeReady$0(235)) - Nodes are ready. Got 10 of 10 DN Heartbeats.
2021-10-08 06:50:17,898 [Listener at 127.0.0.1/41649] INFO  ozone.MiniOzoneClusterImpl (MiniOzoneClusterImpl.java:lambda$waitForClusterToBeReady$0(238)) - Waiting for cluster to exit safe mode
2021-10-08 06:50:17,898 [Listener at 127.0.0.1/41649] INFO  ozone.MiniOzoneClusterImpl (MiniOzoneClusterImpl.java:lambda$waitForClusterToBeReady$0(240)) - SCM became leader
2021-10-08 06:50:17,992 [EventQueue-OpenPipelineForHealthyPipelineSafeModeRule] INFO  safemode.SCMSafeModeManager (HealthyPipelineSafeModeRule.java:process(124)) - SCM in safe mode. Healthy pipelines reported count is 0, required healthy pipeline reported count is 1
2021-10-08 06:50:18,071 [EventQueue-OpenPipelineForHealthyPipelineSafeModeRule] INFO  safemode.SCMSafeModeManager (HealthyPipelineSafeModeRule.java:process(124)) - SCM in safe mode. Healthy pipelines reported count is 0, required healthy pipeline reported count is 1
2021-10-08 06:50:18,179 [Command processor thread] INFO  server.RaftServer (RaftServerProxy.java:addNew(95)) - 922385f1-e84a-4e93-a4e5-a83d7e259df1: addNew group-3519A994148A:[922385f1-e84a-4e93-a4e5-a83d7e259df1|rpc:10.1.0.41:45879|priority:1] returns group-3519A994148A:java.util.concurrent.CompletableFuture@4c107bd8[Not completed]
2021-10-08 06:50:18,189 [pool-93-thread-1] INFO  server.RaftServer$Division (RaftServerImpl.java:<init>(181)) - 922385f1-e84a-4e93-a4e5-a83d7e259df1: new RaftServerImpl for group-3519A994148A:[922385f1-e84a-4e93-a4e5-a83d7e259df1|rpc:10.1.0.41:45879|priority:1] with ContainerStateMachine:uninitialized
2021-10-08 06:50:18,189 [pool-93-thread-1] INFO  server.RaftServerConfigKeys (ConfUtils.java:logGet(44)) - raft.server.rpc.timeout.min = 5s (custom)
2021-10-08 06:50:18,189 [pool-93-thread-1] INFO  server.RaftServerConfigKeys (ConfUtils.java:logGet(44)) - raft.server.rpc.timeout.max = 5200ms (custom)
2021-10-08 06:50:18,193 [pool-93-thread-1] INFO  server.RaftServerConfigKeys (ConfUtils.java:logGet(44)) - raft.server.rpc.sleep.time = 25ms (default)
2021-10-08 06:50:18,194 [pool-93-thread-1] INFO  server.RaftServerConfigKeys (ConfUtils.java:logGet(44)) - raft.server.rpc.slowness.timeout = 300000ms (custom)
2021-10-08 06:50:18,194 [pool-93-thread-1] INFO  server.RaftServerConfigKeys (ConfUtils.java:logGet(44)) - raft.server.leaderelection.leader.step-down.wait-time = 10s (default)
2021-10-08 06:50:18,194 [pool-93-thread-1] INFO  server.RaftServerConfigKeys (ConfUtils.java:logGet(44)) - raft.server.sleep.deviation.threshold = 300ms (default)
2021-10-08 06:50:18,194 [pool-93-thread-1] INFO  server.RaftServerConfigKeys (ConfUtils.java:logGet(44)) - raft.server.log.appender.install.snapshot.enabled = false (custom)
2021-10-08 06:50:18,194 [pool-93-thread-1] INFO  server.RaftServer$Division (ServerState.java:<init>(105)) - 922385f1-e84a-4e93-a4e5-a83d7e259df1@group-3519A994148A: ConfigurationManager, init=-1: [922385f1-e84a-4e93-a4e5-a83d7e259df1|rpc:10.1.0.41:45879|priority:1], old=null, confs=<EMPTY_MAP>
2021-10-08 06:50:18,194 [pool-93-thread-1] INFO  server.RaftServerConfigKeys (ConfUtils.java:logGet(44)) - raft.server.storage.dir = [/home/runner/work/ozone/ozone/hadoop-ozone/integration-test/target/test-dir/MiniOzoneClusterImpl-22559c4f-4ba5-459a-8a40-bbe24e716d33/datanode-2/data/ratis] (custom)
2021-10-08 06:50:18,194 [pool-93-thread-1] INFO  server.RaftServerConfigKeys (ConfUtils.java:logGet(44)) - raft.server.log.corruption.policy = EXCEPTION (default)
2021-10-08 06:50:18,194 [pool-93-thread-1] INFO  server.RaftServerConfigKeys (ConfUtils.java:logGet(44)) - raft.server.storage.free-space.min = 0MB (=0) (default)
2021-10-08 06:50:18,195 [pool-93-thread-1] INFO  storage.RaftStorageDirectory (RaftStorageDirectoryImpl.java:analyzeStorage(135)) - The storage directory /home/runner/work/ozone/ozone/hadoop-ozone/integration-test/target/test-dir/MiniOzoneClusterImpl-22559c4f-4ba5-459a-8a40-bbe24e716d33/datanode-2/data/ratis/e51dd630-eb74-44f8-aae0-3519a994148a does not exist. Creating ...
2021-10-08 06:50:18,196 [pool-93-thread-1] INFO  storage.RaftStorageDirectory (RaftStorageDirectoryImpl.java:tryLock(230)) - Lock on /home/runner/work/ozone/ozone/hadoop-ozone/integration-test/target/test-dir/MiniOzoneClusterImpl-22559c4f-4ba5-459a-8a40-bbe24e716d33/datanode-2/data/ratis/e51dd630-eb74-44f8-aae0-3519a994148a/in_use.lock acquired by nodename 13400@fv-az116-933
2021-10-08 06:50:18,203 [pool-93-thread-1] INFO  storage.RaftStorage (RaftStorageImpl.java:format(89)) - Storage directory /home/runner/work/ozone/ozone/hadoop-ozone/integration-test/target/test-dir/MiniOzoneClusterImpl-22559c4f-4ba5-459a-8a40-bbe24e716d33/datanode-2/data/ratis/e51dd630-eb74-44f8-aae0-3519a994148a has been successfully formatted.
2021-10-08 06:50:18,204 [pool-93-thread-1] INFO  ratis.ContainerStateMachine (ContainerStateMachine.java:loadSnapshot(224)) - group-3519A994148A: The snapshot info is null. Setting the last applied indexto:(t:0, i:~)
2021-10-08 06:50:18,204 [Datanode State Machine Thread - 0] WARN  statemachine.StateContext (StateContext.java:execute(621)) - No available thread in pool for past 0 seconds.
2021-10-08 06:50:18,205 [pool-93-thread-1] INFO  server.RaftServerConfigKeys (ConfUtils.java:logGet(44)) - raft.server.notification.no-leader.timeout = 300000ms (custom)
2021-10-08 06:50:18,205 [pool-93-thread-1] INFO  server.RaftServerConfigKeys (ConfUtils.java:logGet(44)) - raft.server.log.use.memory = false (default)
2021-10-08 06:50:18,205 [pool-93-thread-1] INFO  server.RaftServerConfigKeys (ConfUtils.java:logGet(44)) - raft.server.log.purge.gap = 1000000 (custom)
2021-10-08 06:50:18,205 [pool-93-thread-1] INFO  server.RaftServerConfigKeys (ConfUtils.java:logGet(44)) - raft.server.log.appender.buffer.byte-limit = 33554432 (custom)
2021-10-08 06:50:18,206 [pool-93-thread-1] INFO  server.RaftServerConfigKeys (ConfUtils.java:logGet(44)) - raft.server.log.segment.size.max = 1048576 (custom)
2021-10-08 06:50:18,208 [EventQueue-PipelineReportForPipelineReportHandler] INFO  pipeline.PipelineManagerImpl (PipelineManagerImpl.java:openPipeline(282)) - Pipeline Pipeline[ Id: e51dd630-eb74-44f8-aae0-3519a994148a, Nodes: 922385f1-e84a-4e93-a4e5-a83d7e259df1{ip: 10.1.0.41, host: fv-az116-933.vzw04321ajxubdbcnpick5nqva.xx.internal.cloudapp.net, ports: [REPLICATION=36307, RATIS=45879, RATIS_ADMIN=45879, RATIS_SERVER=45879, STANDALONE=33835], networkLocation: /default-rack, certSerialId: null, persistedOpState: IN_SERVICE, persistedOpStateExpiryEpochSec: 0}, ReplicationConfig: RATIS/ONE, State:ALLOCATED, leaderId:922385f1-e84a-4e93-a4e5-a83d7e259df1, CreationTimestamp2021-10-08T06:50:15.181Z[Etc/UTC]] moved to OPEN state
2021-10-08 06:50:18,209 [EventQueue-OpenPipelineForHealthyPipelineSafeModeRule] INFO  safemode.SCMSafeModeManager (HealthyPipelineSafeModeRule.java:process(124)) - SCM in safe mode. Healthy pipelines reported count is 0, required healthy pipeline reported count is 1
2021-10-08 06:50:18,212 [pool-93-thread-1] INFO  server.RaftServerConfigKeys (ConfUtils.java:logGet(44)) - raft.server.log.segment.cache.num.max = 2 (custom)
2021-10-08 06:50:18,217 [pool-93-thread-1] INFO  server.RaftServerConfigKeys (ConfUtils.java:logGet(44)) - raft.server.log.segment.cache.size.max = 200MB (=209715200) (default)
2021-10-08 06:50:18,217 [pool-93-thread-1] INFO  segmented.SegmentedRaftLogWorker (SegmentedRaftLogWorker.java:<init>(182)) - new 922385f1-e84a-4e93-a4e5-a83d7e259df1@group-3519A994148A-SegmentedRaftLogWorker for RaftStorageImpl:Storage Directory /home/runner/work/ozone/ozone/hadoop-ozone/integration-test/target/test-dir/MiniOzoneClusterImpl-22559c4f-4ba5-459a-8a40-bbe24e716d33/datanode-2/data/ratis/e51dd630-eb74-44f8-aae0-3519a994148a
2021-10-08 06:50:18,218 [pool-93-thread-1] INFO  server.RaftServerConfigKeys (ConfUtils.java:logGet(44)) - raft.server.log.queue.byte-limit = 2147483647 (custom)
2021-10-08 06:50:18,218 [pool-93-thread-1] INFO  server.RaftServerConfigKeys (ConfUtils.java:logGet(44)) - raft.server.log.queue.element-limit = 1024 (custom)
2021-10-08 06:50:18,218 [pool-93-thread-1] INFO  server.RaftServerConfigKeys (ConfUtils.java:logGet(44)) - raft.server.log.segment.size.max = 1048576 (custom)
2021-10-08 06:50:18,218 [pool-93-thread-1] INFO  server.RaftServerConfigKeys (ConfUtils.java:logGet(44)) - raft.server.log.preallocated.size = 16384 (custom)
2021-10-08 06:50:18,218 [pool-93-thread-1] INFO  server.RaftServerConfigKeys (ConfUtils.java:logGet(44)) - raft.server.log.force.sync.num = 128 (default)
2021-10-08 06:50:18,218 [pool-93-thread-1] INFO  server.RaftServerConfigKeys (ConfUtils.java:logGet(44)) - raft.server.log.statemachine.data.sync = true (default)
2021-10-08 06:50:18,218 [pool-93-thread-1] INFO  server.RaftServerConfigKeys (ConfUtils.java:logGet(44)) - raft.server.log.statemachine.data.sync.timeout = 10s (default)
2021-10-08 06:50:18,218 [pool-93-thread-1] INFO  server.RaftServerConfigKeys (ConfUtils.java:logGet(44)) - raft.server.log.statemachine.data.sync.timeout.retry = -1 (default)
2021-10-08 06:50:18,220 [pool-93-thread-1] INFO  server.RaftServerConfigKeys (ConfUtils.java:logGet(44)) - raft.server.log.write.buffer.size = 1048576 (custom)
2021-10-08 06:50:18,228 [pool-93-thread-1] INFO  server.RaftServerConfigKeys (ConfUtils.java:logGet(44)) - raft.server.log.statemachine.data.caching.enabled = true (custom)
2021-10-08 06:50:18,228 [pool-93-thread-1] INFO  segmented.SegmentedRaftLogWorker (SegmentedRaftLogWorker.java:lambda$new$0(133)) - 922385f1-e84a-4e93-a4e5-a83d7e259df1@group-3519A994148A-SegmentedRaftLogWorker: flushIndex: setUnconditionally 0 -> -1
2021-10-08 06:50:18,228 [pool-93-thread-1] INFO  segmented.SegmentedRaftLogWorker (SegmentedRaftLogWorker.java:lambda$new$0(133)) - 922385f1-e84a-4e93-a4e5-a83d7e259df1@group-3519A994148A-SegmentedRaftLogWorker: safeCacheEvictIndex: setUnconditionally 0 -> -1
2021-10-08 06:50:18,232 [pool-93-thread-1] INFO  server.RaftServerConfigKeys (ConfUtils.java:logGet(44)) - raft.server.snapshot.auto.trigger.enabled = true (custom)
2021-10-08 06:50:18,233 [pool-93-thread-1] INFO  server.RaftServerConfigKeys (ConfUtils.java:logGet(44)) - raft.server.snapshot.auto.trigger.threshold = 1 (custom)
2021-10-08 06:50:18,233 [pool-93-thread-1] INFO  server.RaftServerConfigKeys (ConfUtils.java:logGet(44)) - raft.server.snapshot.retention.file.num = 5 (custom)
2021-10-08 06:50:18,233 [pool-93-thread-1] INFO  server.RaftServerConfigKeys (ConfUtils.java:logGet(44)) - raft.server.log.purge.upto.snapshot.index = false (default)
2021-10-08 06:50:18,233 [pool-93-thread-1] INFO  server.RaftServerConfigKeys (ConfUtils.java:logGet(44)) - raft.server.retrycache.expirytime = 600000ms (custom)
2021-10-08 06:50:18,233 [pool-93-thread-1] INFO  server.RaftServerConfigKeys (ConfUtils.java:logGet(44)) - raft.server.retrycache.statistics.expirytime = 100μs (default)
2021-10-08 06:50:18,235 [pool-93-thread-1] INFO  server.RaftServer$Division (RaftServerImpl.java:start(296)) - 922385f1-e84a-4e93-a4e5-a83d7e259df1@group-3519A994148A: start as a follower, conf=-1: [922385f1-e84a-4e93-a4e5-a83d7e259df1|rpc:10.1.0.41:45879|priority:1], old=null
2021-10-08 06:50:18,235 [pool-93-thread-1] INFO  server.RaftServer$Division (RaftServerImpl.java:setRole(285)) - 922385f1-e84a-4e93-a4e5-a83d7e259df1@group-3519A994148A: changes role from      null to FOLLOWER at term 0 for startAsFollower
2021-10-08 06:50:18,235 [pool-93-thread-1] INFO  impl.RoleInfo (RoleInfo.java:updateAndGet(130)) - 922385f1-e84a-4e93-a4e5-a83d7e259df1: start 922385f1-e84a-4e93-a4e5-a83d7e259df1@group-3519A994148A-FollowerState
2021-10-08 06:50:18,249 [pool-93-thread-1] INFO  util.JmxRegister (JmxRegister.java:tryRegister(44)) - Successfully registered JMX Bean with object name Ratis:service=RaftServer,group=group-3519A994148A,id=922385f1-e84a-4e93-a4e5-a83d7e259df1
2021-10-08 06:50:18,249 [Command processor thread] INFO  ratis.XceiverServerRatis (XceiverServerRatis.java:addGroup(763)) - Created group PipelineID=e51dd630-eb74-44f8-aae0-3519a994148a
2021-10-08 06:50:18,250 [Command processor thread] INFO  commandhandler.CreatePipelineCommandHandler (CreatePipelineCommandHandler.java:handle(106)) - Created Pipeline RATIS ONE PipelineID=e51dd630-eb74-44f8-aae0-3519a994148a.
2021-10-08 06:50:18,255 [Command processor thread] INFO  server.RaftServer (RaftServerProxy.java:addNew(95)) - 922385f1-e84a-4e93-a4e5-a83d7e259df1: addNew group-3A1B9745E316:[f72599f1-e0cc-40f9-85fa-72f8008a2fb9|rpc:10.1.0.41:45769|priority:1, 7c56b051-e741-4b88-a800-6437d7fa75cc|rpc:10.1.0.41:42627|priority:0, 922385f1-e84a-4e93-a4e5-a83d7e259df1|rpc:10.1.0.41:45879|priority:0] returns group-3A1B9745E316:java.util.concurrent.CompletableFuture@482fe682[Not completed]
2021-10-08 06:50:18,256 [pool-93-thread-1] INFO  server.RaftServer$Division (RaftServerImpl.java:<init>(181)) - 922385f1-e84a-4e93-a4e5-a83d7e259df1: new RaftServerImpl for group-3A1B9745E316:[f72599f1-e0cc-40f9-85fa-72f8008a2fb9|rpc:10.1.0.41:45769|priority:1, 7c56b051-e741-4b88-a800-6437d7fa75cc|rpc:10.1.0.41:42627|priority:0, 922385f1-e84a-4e93-a4e5-a83d7e259df1|rpc:10.1.0.41:45879|priority:0] with ContainerStateMachine:uninitialized
2021-10-08 06:50:18,257 [pool-93-thread-1] INFO  server.RaftServerConfigKeys (ConfUtils.java:logGet(44)) - raft.server.rpc.timeout.min = 5s (custom)
2021-10-08 06:50:18,257 [pool-93-thread-1] INFO  server.RaftServerConfigKeys (ConfUtils.java:logGet(44)) - raft.server.rpc.timeout.max = 5200ms (custom)
2021-10-08 06:50:18,257 [pool-93-thread-1] INFO  server.RaftServerConfigKeys (ConfUtils.java:logGet(44)) - raft.server.rpc.sleep.time = 25ms (default)
2021-10-08 06:50:18,257 [pool-93-thread-1] INFO  server.RaftServerConfigKeys (ConfUtils.java:logGet(44)) - raft.server.rpc.slowness.timeout = 300000ms (custom)
2021-10-08 06:50:18,257 [pool-93-thread-1] INFO  server.RaftServerConfigKeys (ConfUtils.java:logGet(44)) - raft.server.leaderelection.leader.step-down.wait-time = 10s (default)
2021-10-08 06:50:18,257 [pool-93-thread-1] INFO  server.RaftServerConfigKeys (ConfUtils.java:logGet(44)) - raft.server.sleep.deviation.threshold = 300ms (default)
2021-10-08 06:50:18,257 [pool-93-thread-1] INFO  server.RaftServerConfigKeys (ConfUtils.java:logGet(44)) - raft.server.log.appender.install.snapshot.enabled = false (custom)
2021-10-08 06:50:18,257 [pool-93-thread-1] INFO  server.RaftServer$Division (ServerState.java:<init>(105)) - 922385f1-e84a-4e93-a4e5-a83d7e259df1@group-3A1B9745E316: ConfigurationManager, init=-1: [f72599f1-e0cc-40f9-85fa-72f8008a2fb9|rpc:10.1.0.41:45769|priority:1, 7c56b051-e741-4b88-a800-6437d7fa75cc|rpc:10.1.0.41:42627|priority:0, 922385f1-e84a-4e93-a4e5-a83d7e259df1|rpc:10.1.0.41:45879|priority:0], old=null, confs=<EMPTY_MAP>
2021-10-08 06:50:18,257 [pool-93-thread-1] INFO  server.RaftServerConfigKeys (ConfUtils.java:logGet(44)) - raft.server.storage.dir = [/home/runner/work/ozone/ozone/hadoop-ozone/integration-test/target/test-dir/MiniOzoneClusterImpl-22559c4f-4ba5-459a-8a40-bbe24e716d33/datanode-2/data/ratis] (custom)
2021-10-08 06:50:18,258 [pool-93-thread-1] INFO  server.RaftServerConfigKeys (ConfUtils.java:logGet(44)) - raft.server.log.corruption.policy = EXCEPTION (default)
2021-10-08 06:50:18,258 [pool-93-thread-1] INFO  server.RaftServerConfigKeys (ConfUtils.java:logGet(44)) - raft.server.storage.free-space.min = 0MB (=0) (default)
2021-10-08 06:50:18,258 [pool-93-thread-1] INFO  storage.RaftStorageDirectory (RaftStorageDirectoryImpl.java:analyzeStorage(135)) - The storage directory /home/runner/work/ozone/ozone/hadoop-ozone/integration-test/target/test-dir/MiniOzoneClusterImpl-22559c4f-4ba5-459a-8a40-bbe24e716d33/datanode-2/data/ratis/e3677fb1-021b-4ea9-b1d2-3a1b9745e316 does not exist. Creating ...
2021-10-08 06:50:18,265 [pool-93-thread-1] INFO  storage.RaftStorageDirectory (RaftStorageDirectoryImpl.java:tryLock(230)) - Lock on /home/runner/work/ozone/ozone/hadoop-ozone/integration-test/target/test-dir/MiniOzoneClusterImpl-22559c4f-4ba5-459a-8a40-bbe24e716d33/datanode-2/data/ratis/e3677fb1-021b-4ea9-b1d2-3a1b9745e316/in_use.lock acquired by nodename 13400@fv-az116-933
2021-10-08 06:50:18,268 [pool-93-thread-1] INFO  storage.RaftStorage (RaftStorageImpl.java:format(89)) - Storage directory /home/runner/work/ozone/ozone/hadoop-ozone/integration-test/target/test-dir/MiniOzoneClusterImpl-22559c4f-4ba5-459a-8a40-bbe24e716d33/datanode-2/data/ratis/e3677fb1-021b-4ea9-b1d2-3a1b9745e316 has been successfully formatted.
2021-10-08 06:50:18,268 [Datanode State Machine Thread - 0] WARN  statemachine.StateContext (StateContext.java:execute(621)) - No available thread in pool for past 0 seconds.
2021-10-08 06:50:18,270 [EventQueue-OpenPipelineForHealthyPipelineSafeModeRule] INFO  safemode.SCMSafeModeManager (HealthyPipelineSafeModeRule.java:process(124)) - SCM in safe mode. Healthy pipelines reported count is 0, required healthy pipeline reported count is 1
2021-10-08 06:50:18,271 [pool-93-thread-1] INFO  ratis.ContainerStateMachine (ContainerStateMachine.java:loadSnapshot(224)) - group-3A1B9745E316: The snapshot info is null. Setting the last applied indexto:(t:0, i:~)
2021-10-08 06:50:18,271 [EventQueue-OpenPipelineForHealthyPipelineSafeModeRule] INFO  safemode.SCMSafeModeManager (HealthyPipelineSafeModeRule.java:process(124)) - SCM in safe mode. Healthy pipelines reported count is 0, required healthy pipeline reported count is 1
2021-10-08 06:50:18,272 [pool-93-thread-1] INFO  server.RaftServerConfigKeys (ConfUtils.java:logGet(44)) - raft.server.notification.no-leader.timeout = 300000ms (custom)
2021-10-08 06:50:18,272 [pool-93-thread-1] INFO  server.RaftServerConfigKeys (ConfUtils.java:logGet(44)) - raft.server.log.use.memory = false (default)
2021-10-08 06:50:18,272 [pool-93-thread-1] INFO  server.RaftServerConfigKeys (ConfUtils.java:logGet(44)) - raft.server.log.purge.gap = 1000000 (custom)
2021-10-08 06:50:18,272 [pool-93-thread-1] INFO  server.RaftServerConfigKeys (ConfUtils.java:logGet(44)) - raft.server.log.appender.buffer.byte-limit = 33554432 (custom)
2021-10-08 06:50:18,273 [pool-93-thread-1] INFO  server.RaftServerConfigKeys (ConfUtils.java:logGet(44)) - raft.server.log.segment.size.max = 1048576 (custom)
2021-10-08 06:50:18,274 [pool-93-thread-1] INFO  server.RaftServerConfigKeys (ConfUtils.java:logGet(44)) - raft.server.log.segment.cache.num.max = 2 (custom)
2021-10-08 06:50:18,276 [pool-93-thread-1] INFO  server.RaftServerConfigKeys (ConfUtils.java:logGet(44)) - raft.server.log.segment.cache.size.max = 200MB (=209715200) (default)
2021-10-08 06:50:18,277 [pool-93-thread-1] INFO  segmented.SegmentedRaftLogWorker (SegmentedRaftLogWorker.java:<init>(182)) - new 922385f1-e84a-4e93-a4e5-a83d7e259df1@group-3A1B9745E316-SegmentedRaftLogWorker for RaftStorageImpl:Storage Directory /home/runner/work/ozone/ozone/hadoop-ozone/integration-test/target/test-dir/MiniOzoneClusterImpl-22559c4f-4ba5-459a-8a40-bbe24e716d33/datanode-2/data/ratis/e3677fb1-021b-4ea9-b1d2-3a1b9745e316
2021-10-08 06:50:18,277 [pool-93-thread-1] INFO  server.RaftServerConfigKeys (ConfUtils.java:logGet(44)) - raft.server.log.queue.byte-limit = 2147483647 (custom)
2021-10-08 06:50:18,277 [pool-93-thread-1] INFO  server.RaftServerConfigKeys (ConfUtils.java:logGet(44)) - raft.server.log.queue.element-limit = 1024 (custom)
2021-10-08 06:50:18,277 [pool-93-thread-1] INFO  server.RaftServerConfigKeys (ConfUtils.java:logGet(44)) - raft.server.log.segment.size.max = 1048576 (custom)
2021-10-08 06:50:18,279 [pool-93-thread-1] INFO  server.RaftServerConfigKeys (ConfUtils.java:logGet(44)) - raft.server.log.preallocated.size = 16384 (custom)
2021-10-08 06:50:18,279 [pool-93-thread-1] INFO  server.RaftServerConfigKeys (ConfUtils.java:logGet(44)) - raft.server.log.force.sync.num = 128 (default)
2021-10-08 06:50:18,280 [pool-93-thread-1] INFO  server.RaftServerConfigKeys (ConfUtils.java:logGet(44)) - raft.server.log.statemachine.data.sync = true (default)
2021-10-08 06:50:18,280 [pool-93-thread-1] INFO  server.RaftServerConfigKeys (ConfUtils.java:logGet(44)) - raft.server.log.statemachine.data.sync.timeout = 10s (default)
2021-10-08 06:50:18,280 [pool-93-thread-1] INFO  server.RaftServerConfigKeys (ConfUtils.java:logGet(44)) - raft.server.log.statemachine.data.sync.timeout.retry = -1 (default)
2021-10-08 06:50:18,282 [pool-93-thread-1] INFO  server.RaftServerConfigKeys (ConfUtils.java:logGet(44)) - raft.server.log.write.buffer.size = 1048576 (custom)
2021-10-08 06:50:18,284 [pool-93-thread-1] INFO  server.RaftServerConfigKeys (ConfUtils.java:logGet(44)) - raft.server.log.statemachine.data.caching.enabled = true (custom)
2021-10-08 06:50:18,284 [pool-93-thread-1] INFO  segmented.SegmentedRaftLogWorker (SegmentedRaftLogWorker.java:lambda$new$0(133)) - 922385f1-e84a-4e93-a4e5-a83d7e259df1@group-3A1B9745E316-SegmentedRaftLogWorker: flushIndex: setUnconditionally 0 -> -1
2021-10-08 06:50:18,284 [pool-93-thread-1] INFO  segmented.SegmentedRaftLogWorker (SegmentedRaftLogWorker.java:lambda$new$0(133)) - 922385f1-e84a-4e93-a4e5-a83d7e259df1@group-3A1B9745E316-SegmentedRaftLogWorker: safeCacheEvictIndex: setUnconditionally 0 -> -1
2021-10-08 06:50:18,285 [pool-93-thread-1] INFO  server.RaftServerConfigKeys (ConfUtils.java:logGet(44)) - raft.server.snapshot.auto.trigger.enabled = true (custom)
2021-10-08 06:50:18,285 [pool-93-thread-1] INFO  server.RaftServerConfigKeys (ConfUtils.java:logGet(44)) - raft.server.snapshot.auto.trigger.threshold = 1 (custom)
2021-10-08 06:50:18,285 [pool-93-thread-1] INFO  server.RaftServerConfigKeys (ConfUtils.java:logGet(44)) - raft.server.snapshot.retention.file.num = 5 (custom)
2021-10-08 06:50:18,285 [pool-93-thread-1] INFO  server.RaftServerConfigKeys (ConfUtils.java:logGet(44)) - raft.server.log.purge.upto.snapshot.index = false (default)
2021-10-08 06:50:18,285 [pool-93-thread-1] INFO  server.RaftServerConfigKeys (ConfUtils.java:logGet(44)) - raft.server.retrycache.expirytime = 600000ms (custom)
2021-10-08 06:50:18,285 [pool-93-thread-1] INFO  server.RaftServerConfigKeys (ConfUtils.java:logGet(44)) - raft.server.retrycache.statistics.expirytime = 100μs (default)
2021-10-08 06:50:18,287 [pool-93-thread-1] INFO  server.RaftServer$Division (RaftServerImpl.java:start(296)) - 922385f1-e84a-4e93-a4e5-a83d7e259df1@group-3A1B9745E316: start as a follower, conf=-1: [f72599f1-e0cc-40f9-85fa-72f8008a2fb9|rpc:10.1.0.41:45769|priority:1, 7c56b051-e741-4b88-a800-6437d7fa75cc|rpc:10.1.0.41:42627|priority:0, 922385f1-e84a-4e93-a4e5-a83d7e259df1|rpc:10.1.0.41:45879|priority:0], old=null
2021-10-08 06:50:18,287 [pool-93-thread-1] INFO  server.RaftServer$Division (RaftServerImpl.java:setRole(285)) - 922385f1-e84a-4e93-a4e5-a83d7e259df1@group-3A1B9745E316: changes role from      null to FOLLOWER at term 0 for startAsFollower
2021-10-08 06:50:18,287 [pool-93-thread-1] INFO  impl.RoleInfo (RoleInfo.java:updateAndGet(130)) - 922385f1-e84a-4e93-a4e5-a83d7e259df1: start 922385f1-e84a-4e93-a4e5-a83d7e259df1@group-3A1B9745E316-FollowerState
2021-10-08 06:50:18,292 [pool-93-thread-1] INFO  util.JmxRegister (JmxRegister.java:tryRegister(44)) - Successfully registered JMX Bean with object name Ratis:service=RaftServer,group=group-3A1B9745E316,id=922385f1-e84a-4e93-a4e5-a83d7e259df1
2021-10-08 06:50:18,293 [Command processor thread] INFO  ratis.XceiverServerRatis (XceiverServerRatis.java:addGroup(763)) - Created group PipelineID=e3677fb1-021b-4ea9-b1d2-3a1b9745e316
2021-10-08 06:50:18,394 [Command processor thread] INFO  commandhandler.CreatePipelineCommandHandler (CreatePipelineCommandHandler.java:handle(106)) - Created Pipeline RATIS THREE PipelineID=e3677fb1-021b-4ea9-b1d2-3a1b9745e316.
2021-10-08 06:50:18,395 [Command processor thread] INFO  server.RaftServer (RaftServerProxy.java:addNew(95)) - f72599f1-e0cc-40f9-85fa-72f8008a2fb9: addNew group-29E25E99802C:[f72599f1-e0cc-40f9-85fa-72f8008a2fb9|rpc:10.1.0.41:45769|priority:0, 7c56b051-e741-4b88-a800-6437d7fa75cc|rpc:10.1.0.41:42627|priority:0, 922385f1-e84a-4e93-a4e5-a83d7e259df1|rpc:10.1.0.41:45879|priority:1] returns group-29E25E99802C:java.util.concurrent.CompletableFuture@153ccad6[Not completed]
2021-10-08 06:50:18,396 [pool-74-thread-1] INFO  server.RaftServer$Division (RaftServerImpl.java:<init>(181)) - f72599f1-e0cc-40f9-85fa-72f8008a2fb9: new RaftServerImpl for group-29E25E99802C:[f72599f1-e0cc-40f9-85fa-72f8008a2fb9|rpc:10.1.0.41:45769|priority:0, 7c56b051-e741-4b88-a800-6437d7fa75cc|rpc:10.1.0.41:42627|priority:0, 922385f1-e84a-4e93-a4e5-a83d7e259df1|rpc:10.1.0.41:45879|priority:1] with ContainerStateMachine:uninitialized
2021-10-08 06:50:18,396 [pool-74-thread-1] INFO  server.RaftServerConfigKeys (ConfUtils.java:logGet(44)) - raft.server.rpc.timeout.min = 5s (custom)
2021-10-08 06:50:18,396 [pool-74-thread-1] INFO  server.RaftServerConfigKeys (ConfUtils.java:logGet(44)) - raft.server.rpc.timeout.max = 5200ms (custom)
2021-10-08 06:50:18,396 [pool-74-thread-1] INFO  server.RaftServerConfigKeys (ConfUtils.java:logGet(44)) - raft.server.rpc.sleep.time = 25ms (default)
2021-10-08 06:50:18,396 [pool-74-thread-1] INFO  server.RaftServerConfigKeys (ConfUtils.java:logGet(44)) - raft.server.rpc.slowness.timeout = 300000ms (custom)
2021-10-08 06:50:18,396 [pool-74-thread-1] INFO  server.RaftServerConfigKeys (ConfUtils.java:logGet(44)) - raft.server.leaderelection.leader.step-down.wait-time = 10s (default)
2021-10-08 06:50:18,396 [pool-74-thread-1] INFO  server.RaftServerConfigKeys (ConfUtils.java:logGet(44)) - raft.server.sleep.deviation.threshold = 300ms (default)
2021-10-08 06:50:18,396 [EventQueue-OpenPipelineForHealthyPipelineSafeModeRule] INFO  safemode.SCMSafeModeManager (HealthyPipelineSafeModeRule.java:process(124)) - SCM in safe mode. Healthy pipelines reported count is 0, required healthy pipeline reported count is 1
2021-10-08 06:50:18,396 [pool-74-thread-1] INFO  server.RaftServerConfigKeys (ConfUtils.java:logGet(44)) - raft.server.log.appender.install.snapshot.enabled = false (custom)
2021-10-08 06:50:18,396 [pool-74-thread-1] INFO  server.RaftServer$Division (ServerState.java:<init>(105)) - f72599f1-e0cc-40f9-85fa-72f8008a2fb9@group-29E25E99802C: ConfigurationManager, init=-1: [f72599f1-e0cc-40f9-85fa-72f8008a2fb9|rpc:10.1.0.41:45769|priority:0, 7c56b051-e741-4b88-a800-6437d7fa75cc|rpc:10.1.0.41:42627|priority:0, 922385f1-e84a-4e93-a4e5-a83d7e259df1|rpc:10.1.0.41:45879|priority:1], old=null, confs=<EMPTY_MAP>
2021-10-08 06:50:18,397 [pool-74-thread-1] INFO  server.RaftServerConfigKeys (ConfUtils.java:logGet(44)) - raft.server.storage.dir = [/home/runner/work/ozone/ozone/hadoop-ozone/integration-test/target/test-dir/MiniOzoneClusterImpl-22559c4f-4ba5-459a-8a40-bbe24e716d33/datanode-1/data/ratis] (custom)
2021-10-08 06:50:18,397 [pool-74-thread-1] INFO  server.RaftServerConfigKeys (ConfUtils.java:logGet(44)) - raft.server.log.corruption.policy = EXCEPTION (default)
2021-10-08 06:50:18,397 [pool-74-thread-1] INFO  server.RaftServerConfigKeys (ConfUtils.java:logGet(44)) - raft.server.storage.free-space.min = 0MB (=0) (default)
2021-10-08 06:50:18,397 [pool-74-thread-1] INFO  storage.RaftStorageDirectory (RaftStorageDirectoryImpl.java:analyzeStorage(135)) - The storage directory /home/runner/work/ozone/ozone/hadoop-ozone/integration-test/target/test-dir/MiniOzoneClusterImpl-22559c4f-4ba5-459a-8a40-bbe24e716d33/datanode-1/data/ratis/640a2fd5-67c6-4e32-a57d-29e25e99802c does not exist. Creating ...
2021-10-08 06:50:18,399 [pool-74-thread-1] INFO  storage.RaftStorageDirectory (RaftStorageDirectoryImpl.java:tryLock(230)) - Lock on /home/runner/work/ozone/ozone/hadoop-ozone/integration-test/target/test-dir/MiniOzoneClusterImpl-22559c4f-4ba5-459a-8a40-bbe24e716d33/datanode-1/data/ratis/640a2fd5-67c6-4e32-a57d-29e25e99802c/in_use.lock acquired by nodename 13400@fv-az116-933
2021-10-08 06:50:18,399 [Command processor thread] INFO  commandhandler.CreatePipelineCommandHandler (CreatePipelineCommandHandler.java:handle(106)) - Created Pipeline RATIS THREE PipelineID=e3677fb1-021b-4ea9-b1d2-3a1b9745e316.
2021-10-08 06:50:18,399 [Command processor thread] INFO  server.RaftServer (RaftServerProxy.java:addNew(95)) - 7c56b051-e741-4b88-a800-6437d7fa75cc: addNew group-29E25E99802C:[f72599f1-e0cc-40f9-85fa-72f8008a2fb9|rpc:10.1.0.41:45769|priority:0, 7c56b051-e741-4b88-a800-6437d7fa75cc|rpc:10.1.0.41:42627|priority:0, 922385f1-e84a-4e93-a4e5-a83d7e259df1|rpc:10.1.0.41:45879|priority:1] returns group-29E25E99802C:java.util.concurrent.CompletableFuture@1d3efd8d[Not completed]
2021-10-08 06:50:18,400 [pool-55-thread-1] INFO  server.RaftServer$Division (RaftServerImpl.java:<init>(181)) - 7c56b051-e741-4b88-a800-6437d7fa75cc: new RaftServerImpl for group-29E25E99802C:[f72599f1-e0cc-40f9-85fa-72f8008a2fb9|rpc:10.1.0.41:45769|priority:0, 7c56b051-e741-4b88-a800-6437d7fa75cc|rpc:10.1.0.41:42627|priority:0, 922385f1-e84a-4e93-a4e5-a83d7e259df1|rpc:10.1.0.41:45879|priority:1] with ContainerStateMachine:uninitialized
2021-10-08 06:50:18,400 [pool-55-thread-1] INFO  server.RaftServerConfigKeys (ConfUtils.java:logGet(44)) - raft.server.rpc.timeout.min = 5s (custom)
2021-10-08 06:50:18,400 [pool-55-thread-1] INFO  server.RaftServerConfigKeys (ConfUtils.java:logGet(44)) - raft.server.rpc.timeout.max = 5200ms (custom)
2021-10-08 06:50:18,400 [pool-55-thread-1] INFO  server.RaftServerConfigKeys (ConfUtils.java:logGet(44)) - raft.server.rpc.sleep.time = 25ms (default)
2021-10-08 06:50:18,400 [pool-55-thread-1] INFO  server.RaftServerConfigKeys (ConfUtils.java:logGet(44)) - raft.server.rpc.slowness.timeout = 300000ms (custom)
2021-10-08 06:50:18,400 [pool-55-thread-1] INFO  server.RaftServerConfigKeys (ConfUtils.java:logGet(44)) - raft.server.leaderelection.leader.step-down.wait-time = 10s (default)
2021-10-08 06:50:18,400 [pool-55-thread-1] INFO  server.RaftServerConfigKeys (ConfUtils.java:logGet(44)) - raft.server.sleep.deviation.threshold = 300ms (default)
2021-10-08 06:50:18,400 [pool-55-thread-1] INFO  server.RaftServerConfigKeys (ConfUtils.java:logGet(44)) - raft.server.log.appender.install.snapshot.enabled = false (custom)
2021-10-08 06:50:18,400 [pool-55-thread-1] INFO  server.RaftServer$Division (ServerState.java:<init>(105)) - 7c56b051-e741-4b88-a800-6437d7fa75cc@group-29E25E99802C: ConfigurationManager, init=-1: [f72599f1-e0cc-40f9-85fa-72f8008a2fb9|rpc:10.1.0.41:45769|priority:0, 7c56b051-e741-4b88-a800-6437d7fa75cc|rpc:10.1.0.41:42627|priority:0, 922385f1-e84a-4e93-a4e5-a83d7e259df1|rpc:10.1.0.41:45879|priority:1], old=null, confs=<EMPTY_MAP>
2021-10-08 06:50:18,401 [pool-55-thread-1] INFO  server.RaftServerConfigKeys (ConfUtils.java:logGet(44)) - raft.server.storage.dir = [/home/runner/work/ozone/ozone/hadoop-ozone/integration-test/target/test-dir/MiniOzoneClusterImpl-22559c4f-4ba5-459a-8a40-bbe24e716d33/datanode-0/data/ratis] (custom)
2021-10-08 06:50:18,401 [pool-55-thread-1] INFO  server.RaftServerConfigKeys (ConfUtils.java:logGet(44)) - raft.server.log.corruption.policy = EXCEPTION (default)
2021-10-08 06:50:18,401 [pool-55-thread-1] INFO  server.RaftServerConfigKeys (ConfUtils.java:logGet(44)) - raft.server.storage.free-space.min = 0MB (=0) (default)
2021-10-08 06:50:18,401 [pool-55-thread-1] INFO  storage.RaftStorageDirectory (RaftStorageDirectoryImpl.java:analyzeStorage(135)) - The storage directory /home/runner/work/ozone/ozone/hadoop-ozone/integration-test/target/test-dir/MiniOzoneClusterImpl-22559c4f-4ba5-459a-8a40-bbe24e716d33/datanode-0/data/ratis/640a2fd5-67c6-4e32-a57d-29e25e99802c does not exist. Creating ...
2021-10-08 06:50:18,402 [pool-74-thread-1] INFO  storage.RaftStorage (RaftStorageImpl.java:format(89)) - Storage directory /home/runner/work/ozone/ozone/hadoop-ozone/integration-test/target/test-dir/MiniOzoneClusterImpl-22559c4f-4ba5-459a-8a40-bbe24e716d33/datanode-1/data/ratis/640a2fd5-67c6-4e32-a57d-29e25e99802c has been successfully formatted.
2021-10-08 06:50:18,403 [pool-74-thread-1] INFO  ratis.ContainerStateMachine (ContainerStateMachine.java:loadSnapshot(224)) - group-29E25E99802C: The snapshot info is null. Setting the last applied indexto:(t:0, i:~)
2021-10-08 06:50:18,403 [pool-74-thread-1] INFO  server.RaftServerConfigKeys (ConfUtils.java:logGet(44)) - raft.server.notification.no-leader.timeout = 300000ms (custom)
2021-10-08 06:50:18,407 [pool-74-thread-1] INFO  server.RaftServerConfigKeys (ConfUtils.java:logGet(44)) - raft.server.log.use.memory = false (default)
2021-10-08 06:50:18,407 [EventQueue-OpenPipelineForHealthyPipelineSafeModeRule] INFO  safemode.SCMSafeModeManager (HealthyPipelineSafeModeRule.java:process(124)) - SCM in safe mode. Healthy pipelines reported count is 0, required healthy pipeline reported count is 1
2021-10-08 06:50:18,402 [pool-55-thread-1] INFO  storage.RaftStorageDirectory (RaftStorageDirectoryImpl.java:tryLock(230)) - Lock on /home/runner/work/ozone/ozone/hadoop-ozone/integration-test/target/test-dir/MiniOzoneClusterImpl-22559c4f-4ba5-459a-8a40-bbe24e716d33/datanode-0/data/ratis/640a2fd5-67c6-4e32-a57d-29e25e99802c/in_use.lock acquired by nodename 13400@fv-az116-933
2021-10-08 06:50:18,403 [Datanode State Machine Thread - 0] WARN  statemachine.StateContext (StateContext.java:execute(621)) - No available thread in pool for past 0 seconds.
2021-10-08 06:50:18,408 [pool-74-thread-1] INFO  server.RaftServerConfigKeys (ConfUtils.java:logGet(44)) - raft.server.log.purge.gap = 1000000 (custom)
2021-10-08 06:50:18,408 [pool-74-thread-1] INFO  server.RaftServerConfigKeys (ConfUtils.java:logGet(44)) - raft.server.log.appender.buffer.byte-limit = 33554432 (custom)
2021-10-08 06:50:18,408 [pool-74-thread-1] INFO  server.RaftServerConfigKeys (ConfUtils.java:logGet(44)) - raft.server.log.segment.size.max = 1048576 (custom)
2021-10-08 06:50:18,409 [pool-55-thread-1] INFO  storage.RaftStorage (RaftStorageImpl.java:format(89)) - Storage directory /home/runner/work/ozone/ozone/hadoop-ozone/integration-test/target/test-dir/MiniOzoneClusterImpl-22559c4f-4ba5-459a-8a40-bbe24e716d33/datanode-0/data/ratis/640a2fd5-67c6-4e32-a57d-29e25e99802c has been successfully formatted.
2021-10-08 06:50:18,409 [pool-55-thread-1] INFO  ratis.ContainerStateMachine (ContainerStateMachine.java:loadSnapshot(224)) - group-29E25E99802C: The snapshot info is null. Setting the last applied indexto:(t:0, i:~)
2021-10-08 06:50:18,409 [Datanode State Machine Thread - 0] WARN  statemachine.StateContext (StateContext.java:execute(621)) - No available thread in pool for past 0 seconds.
2021-10-08 06:50:18,409 [pool-55-thread-1] INFO  server.RaftServerConfigKeys (ConfUtils.java:logGet(44)) - raft.server.notification.no-leader.timeout = 300000ms (custom)
2021-10-08 06:50:18,409 [pool-55-thread-1] INFO  server.RaftServerConfigKeys (ConfUtils.java:logGet(44)) - raft.server.log.use.memory = false (default)
2021-10-08 06:50:18,409 [pool-55-thread-1] INFO  server.RaftServerConfigKeys (ConfUtils.java:logGet(44)) - raft.server.log.purge.gap = 1000000 (custom)
2021-10-08 06:50:18,410 [pool-55-thread-1] INFO  server.RaftServerConfigKeys (ConfUtils.java:logGet(44)) - raft.server.log.appender.buffer.byte-limit = 33554432 (custom)
2021-10-08 06:50:18,410 [pool-55-thread-1] INFO  server.RaftServerConfigKeys (ConfUtils.java:logGet(44)) - raft.server.log.segment.size.max = 1048576 (custom)
2021-10-08 06:50:18,410 [EventQueue-OpenPipelineForHealthyPipelineSafeModeRule] INFO  safemode.SCMSafeModeManager (HealthyPipelineSafeModeRule.java:process(124)) - SCM in safe mode. Healthy pipelines reported count is 0, required healthy pipeline reported count is 1
2021-10-08 06:50:18,410 [pool-55-thread-1] INFO  server.RaftServerConfigKeys (ConfUtils.java:logGet(44)) - raft.server.log.segment.cache.num.max = 2 (custom)
2021-10-08 06:50:18,410 [pool-55-thread-1] INFO  server.RaftServerConfigKeys (ConfUtils.java:logGet(44)) - raft.server.log.segment.cache.size.max = 200MB (=209715200) (default)
2021-10-08 06:50:18,411 [pool-55-thread-1] INFO  segmented.SegmentedRaftLogWorker (SegmentedRaftLogWorker.java:<init>(182)) - new 7c56b051-e741-4b88-a800-6437d7fa75cc@group-29E25E99802C-SegmentedRaftLogWorker for RaftStorageImpl:Storage Directory /home/runner/work/ozone/ozone/hadoop-ozone/integration-test/target/test-dir/MiniOzoneClusterImpl-22559c4f-4ba5-459a-8a40-bbe24e716d33/datanode-0/data/ratis/640a2fd5-67c6-4e32-a57d-29e25e99802c
2021-10-08 06:50:18,411 [pool-55-thread-1] INFO  server.RaftServerConfigKeys (ConfUtils.java:logGet(44)) - raft.server.log.queue.byte-limit = 2147483647 (custom)
2021-10-08 06:50:18,411 [pool-55-thread-1] INFO  server.RaftServerConfigKeys (ConfUtils.java:logGet(44)) - raft.server.log.queue.element-limit = 1024 (custom)
2021-10-08 06:50:18,411 [pool-55-thread-1] INFO  server.RaftServerConfigKeys (ConfUtils.java:logGet(44)) - raft.server.log.segment.size.max = 1048576 (custom)
2021-10-08 06:50:18,411 [pool-55-thread-1] INFO  server.RaftServerConfigKeys (ConfUtils.java:logGet(44)) - raft.server.log.preallocated.size = 16384 (custom)
2021-10-08 06:50:18,411 [pool-55-thread-1] INFO  server.RaftServerConfigKeys (ConfUtils.java:logGet(44)) - raft.server.log.force.sync.num = 128 (default)
2021-10-08 06:50:18,411 [pool-55-thread-1] INFO  server.RaftServerConfigKeys (ConfUtils.java:logGet(44)) - raft.server.log.statemachine.data.sync = true (default)
2021-10-08 06:50:18,411 [pool-55-thread-1] INFO  server.RaftServerConfigKeys (ConfUtils.java:logGet(44)) - raft.server.log.statemachine.data.sync.timeout = 10s (default)
2021-10-08 06:50:18,411 [pool-55-thread-1] INFO  server.RaftServerConfigKeys (ConfUtils.java:logGet(44)) - raft.server.log.statemachine.data.sync.timeout.retry = -1 (default)
2021-10-08 06:50:18,411 [pool-74-thread-1] INFO  server.RaftServerConfigKeys (ConfUtils.java:logGet(44)) - raft.server.log.segment.cache.num.max = 2 (custom)
2021-10-08 06:50:18,411 [pool-74-thread-1] INFO  server.RaftServerConfigKeys (ConfUtils.java:logGet(44)) - raft.server.log.segment.cache.size.max = 200MB (=209715200) (default)
2021-10-08 06:50:18,412 [pool-74-thread-1] INFO  segmented.SegmentedRaftLogWorker (SegmentedRaftLogWorker.java:<init>(182)) - new f72599f1-e0cc-40f9-85fa-72f8008a2fb9@group-29E25E99802C-SegmentedRaftLogWorker for RaftStorageImpl:Storage Directory /home/runner/work/ozone/ozone/hadoop-ozone/integration-test/target/test-dir/MiniOzoneClusterImpl-22559c4f-4ba5-459a-8a40-bbe24e716d33/datanode-1/data/ratis/640a2fd5-67c6-4e32-a57d-29e25e99802c
2021-10-08 06:50:18,412 [pool-74-thread-1] INFO  server.RaftServerConfigKeys (ConfUtils.java:logGet(44)) - raft.server.log.queue.byte-limit = 2147483647 (custom)
2021-10-08 06:50:18,412 [pool-74-thread-1] INFO  server.RaftServerConfigKeys (ConfUtils.java:logGet(44)) - raft.server.log.queue.element-limit = 1024 (custom)
2021-10-08 06:50:18,412 [pool-74-thread-1] INFO  server.RaftServerConfigKeys (ConfUtils.java:logGet(44)) - raft.server.log.segment.size.max = 1048576 (custom)
2021-10-08 06:50:18,412 [pool-74-thread-1] INFO  server.RaftServerConfigKeys (ConfUtils.java:logGet(44)) - raft.server.log.preallocated.size = 16384 (custom)
2021-10-08 06:50:18,413 [pool-74-thread-1] INFO  server.RaftServerConfigKeys (ConfUtils.java:logGet(44)) - raft.server.log.force.sync.num = 128 (default)
2021-10-08 06:50:18,413 [pool-74-thread-1] INFO  server.RaftServerConfigKeys (ConfUtils.java:logGet(44)) - raft.server.log.statemachine.data.sync = true (default)
2021-10-08 06:50:18,414 [pool-74-thread-1] INFO  server.RaftServerConfigKeys (ConfUtils.java:logGet(44)) - raft.server.log.statemachine.data.sync.timeout = 10s (default)
2021-10-08 06:50:18,415 [pool-74-thread-1] INFO  server.RaftServerConfigKeys (ConfUtils.java:logGet(44)) - raft.server.log.statemachine.data.sync.timeout.retry = -1 (default)
2021-10-08 06:50:18,426 [Command processor thread] INFO  server.RaftServer (RaftServerProxy.java:addNew(95)) - 1889d587-8326-4b26-910d-bf0ca9430b50: addNew group-B284AAB7A57B:[1889d587-8326-4b26-910d-bf0ca9430b50|rpc:10.1.0.41:43171|priority:1] returns group-B284AAB7A57B:java.util.concurrent.CompletableFuture@112d06ff[Not completed]
2021-10-08 06:50:18,427 [pool-55-thread-1] INFO  server.RaftServerConfigKeys (ConfUtils.java:logGet(44)) - raft.server.log.write.buffer.size = 1048576 (custom)
2021-10-08 06:50:18,428 [pool-112-thread-1] INFO  server.RaftServer$Division (RaftServerImpl.java:<init>(181)) - 1889d587-8326-4b26-910d-bf0ca9430b50: new RaftServerImpl for group-B284AAB7A57B:[1889d587-8326-4b26-910d-bf0ca9430b50|rpc:10.1.0.41:43171|priority:1] with ContainerStateMachine:uninitialized
2021-10-08 06:50:18,428 [pool-112-thread-1] INFO  server.RaftServerConfigKeys (ConfUtils.java:logGet(44)) - raft.server.rpc.timeout.min = 5s (custom)
2021-10-08 06:50:18,429 [pool-112-thread-1] INFO  server.RaftServerConfigKeys (ConfUtils.java:logGet(44)) - raft.server.rpc.timeout.max = 5200ms (custom)
2021-10-08 06:50:18,429 [pool-112-thread-1] INFO  server.RaftServerConfigKeys (ConfUtils.java:logGet(44)) - raft.server.rpc.sleep.time = 25ms (default)
2021-10-08 06:50:18,429 [pool-112-thread-1] INFO  server.RaftServerConfigKeys (ConfUtils.java:logGet(44)) - raft.server.rpc.slowness.timeout = 300000ms (custom)
2021-10-08 06:50:18,429 [pool-112-thread-1] INFO  server.RaftServerConfigKeys (ConfUtils.java:logGet(44)) - raft.server.leaderelection.leader.step-down.wait-time = 10s (default)
2021-10-08 06:50:18,429 [pool-112-thread-1] INFO  server.RaftServerConfigKeys (ConfUtils.java:logGet(44)) - raft.server.sleep.deviation.threshold = 300ms (default)
2021-10-08 06:50:18,429 [pool-112-thread-1] INFO  server.RaftServerConfigKeys (ConfUtils.java:logGet(44)) - raft.server.log.appender.install.snapshot.enabled = false (custom)
2021-10-08 06:50:18,429 [pool-112-thread-1] INFO  server.RaftServer$Division (ServerState.java:<init>(105)) - 1889d587-8326-4b26-910d-bf0ca9430b50@group-B284AAB7A57B: ConfigurationManager, init=-1: [1889d587-8326-4b26-910d-bf0ca9430b50|rpc:10.1.0.41:43171|priority:1], old=null, confs=<EMPTY_MAP>
2021-10-08 06:50:18,429 [pool-112-thread-1] INFO  server.RaftServerConfigKeys (ConfUtils.java:logGet(44)) - raft.server.storage.dir = [/home/runner/work/ozone/ozone/hadoop-ozone/integration-test/target/test-dir/MiniOzoneClusterImpl-22559c4f-4ba5-459a-8a40-bbe24e716d33/datanode-3/data/ratis] (custom)
2021-10-08 06:50:18,430 [pool-112-thread-1] INFO  server.RaftServerConfigKeys (ConfUtils.java:logGet(44)) - raft.server.log.corruption.policy = EXCEPTION (default)
2021-10-08 06:50:18,430 [pool-55-thread-1] INFO  server.RaftServerConfigKeys (ConfUtils.java:logGet(44)) - raft.server.log.statemachine.data.caching.enabled = true (custom)
2021-10-08 06:50:18,430 [pool-55-thread-1] INFO  segmented.SegmentedRaftLogWorker (SegmentedRaftLogWorker.java:lambda$new$0(133)) - 7c56b051-e741-4b88-a800-6437d7fa75cc@group-29E25E99802C-SegmentedRaftLogWorker: flushIndex: setUnconditionally 0 -> -1
2021-10-08 06:50:18,430 [pool-55-thread-1] INFO  segmented.SegmentedRaftLogWorker (SegmentedRaftLogWorker.java:lambda$new$0(133)) - 7c56b051-e741-4b88-a800-6437d7fa75cc@group-29E25E99802C-SegmentedRaftLogWorker: safeCacheEvictIndex: setUnconditionally 0 -> -1
2021-10-08 06:50:18,430 [pool-112-thread-1] INFO  server.RaftServerConfigKeys (ConfUtils.java:logGet(44)) - raft.server.storage.free-space.min = 0MB (=0) (default)
2021-10-08 06:50:18,430 [pool-112-thread-1] INFO  storage.RaftStorageDirectory (RaftStorageDirectoryImpl.java:analyzeStorage(135)) - The storage directory /home/runner/work/ozone/ozone/hadoop-ozone/integration-test/target/test-dir/MiniOzoneClusterImpl-22559c4f-4ba5-459a-8a40-bbe24e716d33/datanode-3/data/ratis/bec87a6d-6eff-4196-815a-b284aab7a57b does not exist. Creating ...
2021-10-08 06:50:18,431 [pool-112-thread-1] INFO  storage.RaftStorageDirectory (RaftStorageDirectoryImpl.java:tryLock(230)) - Lock on /home/runner/work/ozone/ozone/hadoop-ozone/integration-test/target/test-dir/MiniOzoneClusterImpl-22559c4f-4ba5-459a-8a40-bbe24e716d33/datanode-3/data/ratis/bec87a6d-6eff-4196-815a-b284aab7a57b/in_use.lock acquired by nodename 13400@fv-az116-933
2021-10-08 06:50:18,432 [pool-74-thread-1] INFO  server.RaftServerConfigKeys (ConfUtils.java:logGet(44)) - raft.server.log.write.buffer.size = 1048576 (custom)
2021-10-08 06:50:18,433 [pool-74-thread-1] INFO  server.RaftServerConfigKeys (ConfUtils.java:logGet(44)) - raft.server.log.statemachine.data.caching.enabled = true (custom)
2021-10-08 06:50:18,434 [pool-112-thread-1] INFO  storage.RaftStorage (RaftStorageImpl.java:format(89)) - Storage directory /home/runner/work/ozone/ozone/hadoop-ozone/integration-test/target/test-dir/MiniOzoneClusterImpl-22559c4f-4ba5-459a-8a40-bbe24e716d33/datanode-3/data/ratis/bec87a6d-6eff-4196-815a-b284aab7a57b has been successfully formatted.
2021-10-08 06:50:18,434 [pool-74-thread-1] INFO  segmented.SegmentedRaftLogWorker (SegmentedRaftLogWorker.java:lambda$new$0(133)) - f72599f1-e0cc-40f9-85fa-72f8008a2fb9@group-29E25E99802C-SegmentedRaftLogWorker: flushIndex: setUnconditionally 0 -> -1
2021-10-08 06:50:18,434 [pool-74-thread-1] INFO  segmented.SegmentedRaftLogWorker (SegmentedRaftLogWorker.java:lambda$new$0(133)) - f72599f1-e0cc-40f9-85fa-72f8008a2fb9@group-29E25E99802C-SegmentedRaftLogWorker: safeCacheEvictIndex: setUnconditionally 0 -> -1
2021-10-08 06:50:18,436 [pool-55-thread-1] INFO  server.RaftServerConfigKeys (ConfUtils.java:logGet(44)) - raft.server.snapshot.auto.trigger.enabled = true (custom)
2021-10-08 06:50:18,437 [pool-55-thread-1] INFO  server.RaftServerConfigKeys (ConfUtils.java:logGet(44)) - raft.server.snapshot.auto.trigger.threshold = 1 (custom)
2021-10-08 06:50:18,437 [pool-55-thread-1] INFO  server.RaftServerConfigKeys (ConfUtils.java:logGet(44)) - raft.server.snapshot.retention.file.num = 5 (custom)
2021-10-08 06:50:18,437 [pool-55-thread-1] INFO  server.RaftServerConfigKeys (ConfUtils.java:logGet(44)) - raft.server.log.purge.upto.snapshot.index = false (default)
2021-10-08 06:50:18,437 [pool-55-thread-1] INFO  server.RaftServerConfigKeys (ConfUtils.java:logGet(44)) - raft.server.retrycache.expirytime = 600000ms (custom)
2021-10-08 06:50:18,437 [pool-55-thread-1] INFO  server.RaftServerConfigKeys (ConfUtils.java:logGet(44)) - raft.server.retrycache.statistics.expirytime = 100μs (default)
2021-10-08 06:50:18,439 [pool-55-thread-1] INFO  server.RaftServer$Division (RaftServerImpl.java:start(296)) - 7c56b051-e741-4b88-a800-6437d7fa75cc@group-29E25E99802C: start as a follower, conf=-1: [f72599f1-e0cc-40f9-85fa-72f8008a2fb9|rpc:10.1.0.41:45769|priority:0, 7c56b051-e741-4b88-a800-6437d7fa75cc|rpc:10.1.0.41:42627|priority:0, 922385f1-e84a-4e93-a4e5-a83d7e259df1|rpc:10.1.0.41:45879|priority:1], old=null
2021-10-08 06:50:18,439 [pool-55-thread-1] INFO  server.RaftServer$Division (RaftServerImpl.java:setRole(285)) - 7c56b051-e741-4b88-a800-6437d7fa75cc@group-29E25E99802C: changes role from      null to FOLLOWER at term 0 for startAsFollower
2021-10-08 06:50:18,439 [pool-55-thread-1] INFO  impl.RoleInfo (RoleInfo.java:updateAndGet(130)) - 7c56b051-e741-4b88-a800-6437d7fa75cc: start 7c56b051-e741-4b88-a800-6437d7fa75cc@group-29E25E99802C-FollowerState
2021-10-08 06:50:18,441 [pool-55-thread-1] INFO  util.JmxRegister (JmxRegister.java:tryRegister(44)) - Successfully registered JMX Bean with object name Ratis:service=RaftServer,group=group-29E25E99802C,id=7c56b051-e741-4b88-a800-6437d7fa75cc
2021-10-08 06:50:18,446 [pool-74-thread-1] INFO  server.RaftServerConfigKeys (ConfUtils.java:logGet(44)) - raft.server.snapshot.auto.trigger.enabled = true (custom)
2021-10-08 06:50:18,447 [pool-74-thread-1] INFO  server.RaftServerConfigKeys (ConfUtils.java:logGet(44)) - raft.server.snapshot.auto.trigger.threshold = 1 (custom)
2021-10-08 06:50:18,447 [pool-74-thread-1] INFO  server.RaftServerConfigKeys (ConfUtils.java:logGet(44)) - raft.server.snapshot.retention.file.num = 5 (custom)
2021-10-08 06:50:18,447 [pool-74-thread-1] INFO  server.RaftServerConfigKeys (ConfUtils.java:logGet(44)) - raft.server.log.purge.upto.snapshot.index = false (default)
2021-10-08 06:50:18,447 [Datanode State Machine Thread - 0] WARN  statemachine.StateContext (StateContext.java:execute(621)) - No available thread in pool for past 0 seconds.
2021-10-08 06:50:18,447 [pool-112-thread-1] INFO  ratis.ContainerStateMachine (ContainerStateMachine.java:loadSnapshot(224)) - group-B284AAB7A57B: The snapshot info is null. Setting the last applied indexto:(t:0, i:~)
2021-10-08 06:50:18,447 [pool-112-thread-1] INFO  server.RaftServerConfigKeys (ConfUtils.java:logGet(44)) - raft.server.notification.no-leader.timeout = 300000ms (custom)
2021-10-08 06:50:18,447 [pool-112-thread-1] INFO  server.RaftServerConfigKeys (ConfUtils.java:logGet(44)) - raft.server.log.use.memory = false (default)
2021-10-08 06:50:18,447 [pool-112-thread-1] INFO  server.RaftServerConfigKeys (ConfUtils.java:logGet(44)) - raft.server.log.purge.gap = 1000000 (custom)
2021-10-08 06:50:18,447 [pool-112-thread-1] INFO  server.RaftServerConfigKeys (ConfUtils.java:logGet(44)) - raft.server.log.appender.buffer.byte-limit = 33554432 (custom)
2021-10-08 06:50:18,447 [pool-74-thread-1] INFO  server.RaftServerConfigKeys (ConfUtils.java:logGet(44)) - raft.server.retrycache.expirytime = 600000ms (custom)
2021-10-08 06:50:18,447 [pool-74-thread-1] INFO  server.RaftServerConfigKeys (ConfUtils.java:logGet(44)) - raft.server.retrycache.statistics.expirytime = 100μs (default)
2021-10-08 06:50:18,448 [pool-112-thread-1] INFO  server.RaftServerConfigKeys (ConfUtils.java:logGet(44)) - raft.server.log.segment.size.max = 1048576 (custom)
2021-10-08 06:50:18,450 [pool-112-thread-1] INFO  server.RaftServerConfigKeys (ConfUtils.java:logGet(44)) - raft.server.log.segment.cache.num.max = 2 (custom)
2021-10-08 06:50:18,450 [pool-112-thread-1] INFO  server.RaftServerConfigKeys (ConfUtils.java:logGet(44)) - raft.server.log.segment.cache.size.max = 200MB (=209715200) (default)
2021-10-08 06:50:18,450 [pool-112-thread-1] INFO  segmented.SegmentedRaftLogWorker (SegmentedRaftLogWorker.java:<init>(182)) - new 1889d587-8326-4b26-910d-bf0ca9430b50@group-B284AAB7A57B-SegmentedRaftLogWorker for RaftStorageImpl:Storage Directory /home/runner/work/ozone/ozone/hadoop-ozone/integration-test/target/test-dir/MiniOzoneClusterImpl-22559c4f-4ba5-459a-8a40-bbe24e716d33/datanode-3/data/ratis/bec87a6d-6eff-4196-815a-b284aab7a57b
2021-10-08 06:50:18,450 [pool-112-thread-1] INFO  server.RaftServerConfigKeys (ConfUtils.java:logGet(44)) - raft.server.log.queue.byte-limit = 2147483647 (custom)
2021-10-08 06:50:18,450 [pool-112-thread-1] INFO  server.RaftServerConfigKeys (ConfUtils.java:logGet(44)) - raft.server.log.queue.element-limit = 1024 (custom)
2021-10-08 06:50:18,450 [pool-112-thread-1] INFO  server.RaftServerConfigKeys (ConfUtils.java:logGet(44)) - raft.server.log.segment.size.max = 1048576 (custom)
2021-10-08 06:50:18,450 [pool-112-thread-1] INFO  server.RaftServerConfigKeys (ConfUtils.java:logGet(44)) - raft.server.log.preallocated.size = 16384 (custom)
2021-10-08 06:50:18,450 [pool-112-thread-1] INFO  server.RaftServerConfigKeys (ConfUtils.java:logGet(44)) - raft.server.log.force.sync.num = 128 (default)
2021-10-08 06:50:18,450 [pool-112-thread-1] INFO  server.RaftServerConfigKeys (ConfUtils.java:logGet(44)) - raft.server.log.statemachine.data.sync = true (default)
2021-10-08 06:50:18,450 [pool-112-thread-1] INFO  server.RaftServerConfigKeys (ConfUtils.java:logGet(44)) - raft.server.log.statemachine.data.sync.timeout = 10s (default)
2021-10-08 06:50:18,450 [pool-112-thread-1] INFO  server.RaftServerConfigKeys (ConfUtils.java:logGet(44)) - raft.server.log.statemachine.data.sync.timeout.retry = -1 (default)
2021-10-08 06:50:18,451 [pool-74-thread-1] INFO  server.RaftServer$Division (RaftServerImpl.java:start(296)) - f72599f1-e0cc-40f9-85fa-72f8008a2fb9@group-29E25E99802C: start as a follower, conf=-1: [f72599f1-e0cc-40f9-85fa-72f8008a2fb9|rpc:10.1.0.41:45769|priority:0, 7c56b051-e741-4b88-a800-6437d7fa75cc|rpc:10.1.0.41:42627|priority:0, 922385f1-e84a-4e93-a4e5-a83d7e259df1|rpc:10.1.0.41:45879|priority:1], old=null
2021-10-08 06:50:18,451 [pool-74-thread-1] INFO  server.RaftServer$Division (RaftServerImpl.java:setRole(285)) - f72599f1-e0cc-40f9-85fa-72f8008a2fb9@group-29E25E99802C: changes role from      null to FOLLOWER at term 0 for startAsFollower
2021-10-08 06:50:18,451 [EventQueue-PipelineReportForPipelineReportHandler] INFO  pipeline.PipelineManagerImpl (PipelineManagerImpl.java:openPipeline(282)) - Pipeline Pipeline[ Id: bec87a6d-6eff-4196-815a-b284aab7a57b, Nodes: 1889d587-8326-4b26-910d-bf0ca9430b50{ip: 10.1.0.41, host: fv-az116-933.vzw04321ajxubdbcnpick5nqva.xx.internal.cloudapp.net, ports: [REPLICATION=34785, RATIS=43171, RATIS_ADMIN=43171, RATIS_SERVER=43171, STANDALONE=41819], networkLocation: /default-rack, certSerialId: null, persistedOpState: IN_SERVICE, persistedOpStateExpiryEpochSec: 0}, ReplicationConfig: RATIS/ONE, State:ALLOCATED, leaderId:1889d587-8326-4b26-910d-bf0ca9430b50, CreationTimestamp2021-10-08T06:50:15.429Z[Etc/UTC]] moved to OPEN state
2021-10-08 06:50:18,452 [EventQueue-OpenPipelineForHealthyPipelineSafeModeRule] INFO  safemode.SCMSafeModeManager (HealthyPipelineSafeModeRule.java:process(124)) - SCM in safe mode. Healthy pipelines reported count is 0, required healthy pipeline reported count is 1
2021-10-08 06:50:18,454 [Command processor thread] INFO  ratis.XceiverServerRatis (XceiverServerRatis.java:addGroup(763)) - Created group PipelineID=640a2fd5-67c6-4e32-a57d-29e25e99802c
2021-10-08 06:50:18,454 [pool-74-thread-1] INFO  impl.RoleInfo (RoleInfo.java:updateAndGet(130)) - f72599f1-e0cc-40f9-85fa-72f8008a2fb9: start f72599f1-e0cc-40f9-85fa-72f8008a2fb9@group-29E25E99802C-FollowerState
2021-10-08 06:50:18,464 [pool-74-thread-1] INFO  util.JmxRegister (JmxRegister.java:tryRegister(44)) - Successfully registered JMX Bean with object name Ratis:service=RaftServer,group=group-29E25E99802C,id=f72599f1-e0cc-40f9-85fa-72f8008a2fb9
2021-10-08 06:50:18,470 [EventQueue-OpenPipelineForHealthyPipelineSafeModeRule] INFO  safemode.SCMSafeModeManager (HealthyPipelineSafeModeRule.java:process(124)) - SCM in safe mode. Healthy pipelines reported count is 0, required healthy pipeline reported count is 1
2021-10-08 06:50:18,474 [pool-112-thread-1] INFO  server.RaftServerConfigKeys (ConfUtils.java:logGet(44)) - raft.server.log.write.buffer.size = 1048576 (custom)
2021-10-08 06:50:18,474 [pool-112-thread-1] INFO  server.RaftServerConfigKeys (ConfUtils.java:logGet(44)) - raft.server.log.statemachine.data.caching.enabled = true (custom)
2021-10-08 06:50:18,475 [pool-112-thread-1] INFO  segmented.SegmentedRaftLogWorker (SegmentedRaftLogWorker.java:lambda$new$0(133)) - 1889d587-8326-4b26-910d-bf0ca9430b50@group-B284AAB7A57B-SegmentedRaftLogWorker: flushIndex: setUnconditionally 0 -> -1
2021-10-08 06:50:18,475 [pool-112-thread-1] INFO  segmented.SegmentedRaftLogWorker (SegmentedRaftLogWorker.java:lambda$new$0(133)) - 1889d587-8326-4b26-910d-bf0ca9430b50@group-B284AAB7A57B-SegmentedRaftLogWorker: safeCacheEvictIndex: setUnconditionally 0 -> -1
2021-10-08 06:50:18,478 [Command processor thread] INFO  commandhandler.CreatePipelineCommandHandler (CreatePipelineCommandHandler.java:handle(106)) - Created Pipeline RATIS THREE PipelineID=e3677fb1-021b-4ea9-b1d2-3a1b9745e316.
2021-10-08 06:50:18,478 [Command processor thread] INFO  server.RaftServer (RaftServerProxy.java:addNew(95)) - 922385f1-e84a-4e93-a4e5-a83d7e259df1: addNew group-29E25E99802C:[f72599f1-e0cc-40f9-85fa-72f8008a2fb9|rpc:10.1.0.41:45769|priority:0, 7c56b051-e741-4b88-a800-6437d7fa75cc|rpc:10.1.0.41:42627|priority:0, 922385f1-e84a-4e93-a4e5-a83d7e259df1|rpc:10.1.0.41:45879|priority:1] returns group-29E25E99802C:java.util.concurrent.CompletableFuture@6fc32d6a[Not completed]
2021-10-08 06:50:18,479 [pool-93-thread-1] INFO  server.RaftServer$Division (RaftServerImpl.java:<init>(181)) - 922385f1-e84a-4e93-a4e5-a83d7e259df1: new RaftServerImpl for group-29E25E99802C:[f72599f1-e0cc-40f9-85fa-72f8008a2fb9|rpc:10.1.0.41:45769|priority:0, 7c56b051-e741-4b88-a800-6437d7fa75cc|rpc:10.1.0.41:42627|priority:0, 922385f1-e84a-4e93-a4e5-a83d7e259df1|rpc:10.1.0.41:45879|priority:1] with ContainerStateMachine:uninitialized
2021-10-08 06:50:18,479 [pool-93-thread-1] INFO  server.RaftServerConfigKeys (ConfUtils.java:logGet(44)) - raft.server.rpc.timeout.min = 5s (custom)
2021-10-08 06:50:18,480 [pool-93-thread-1] INFO  server.RaftServerConfigKeys (ConfUtils.java:logGet(44)) - raft.server.rpc.timeout.max = 5200ms (custom)
2021-10-08 06:50:18,480 [pool-93-thread-1] INFO  server.RaftServerConfigKeys (ConfUtils.java:logGet(44)) - raft.server.rpc.sleep.time = 25ms (default)
2021-10-08 06:50:18,480 [pool-93-thread-1] INFO  server.RaftServerConfigKeys (ConfUtils.java:logGet(44)) - raft.server.rpc.slowness.timeout = 300000ms (custom)
2021-10-08 06:50:18,480 [pool-93-thread-1] INFO  server.RaftServerConfigKeys (ConfUtils.java:logGet(44)) - raft.server.leaderelection.leader.step-down.wait-time = 10s (default)
2021-10-08 06:50:18,480 [pool-93-thread-1] INFO  server.RaftServerConfigKeys (ConfUtils.java:logGet(44)) - raft.server.sleep.deviation.threshold = 300ms (default)
2021-10-08 06:50:18,480 [pool-93-thread-1] INFO  server.RaftServerConfigKeys (ConfUtils.java:logGet(44)) - raft.server.log.appender.install.snapshot.enabled = false (custom)
2021-10-08 06:50:18,480 [pool-93-thread-1] INFO  server.RaftServer$Division (ServerState.java:<init>(105)) - 922385f1-e84a-4e93-a4e5-a83d7e259df1@group-29E25E99802C: ConfigurationManager, init=-1: [f72599f1-e0cc-40f9-85fa-72f8008a2fb9|rpc:10.1.0.41:45769|priority:0, 7c56b051-e741-4b88-a800-6437d7fa75cc|rpc:10.1.0.41:42627|priority:0, 922385f1-e84a-4e93-a4e5-a83d7e259df1|rpc:10.1.0.41:45879|priority:1], old=null, confs=<EMPTY_MAP>
2021-10-08 06:50:18,480 [pool-93-thread-1] INFO  server.RaftServerConfigKeys (ConfUtils.java:logGet(44)) - raft.server.storage.dir = [/home/runner/work/ozone/ozone/hadoop-ozone/integration-test/target/test-dir/MiniOzoneClusterImpl-22559c4f-4ba5-459a-8a40-bbe24e716d33/datanode-2/data/ratis] (custom)
2021-10-08 06:50:18,480 [pool-93-thread-1] INFO  server.RaftServerConfigKeys (ConfUtils.java:logGet(44)) - raft.server.log.corruption.policy = EXCEPTION (default)
2021-10-08 06:50:18,480 [pool-93-thread-1] INFO  server.RaftServerConfigKeys (ConfUtils.java:logGet(44)) - raft.server.storage.free-space.min = 0MB (=0) (default)
2021-10-08 06:50:18,481 [pool-93-thread-1] INFO  storage.RaftStorageDirectory (RaftStorageDirectoryImpl.java:analyzeStorage(135)) - The storage directory /home/runner/work/ozone/ozone/hadoop-ozone/integration-test/target/test-dir/MiniOzoneClusterImpl-22559c4f-4ba5-459a-8a40-bbe24e716d33/datanode-2/data/ratis/640a2fd5-67c6-4e32-a57d-29e25e99802c does not exist. Creating ...
2021-10-08 06:50:18,481 [pool-112-thread-1] INFO  server.RaftServerConfigKeys (ConfUtils.java:logGet(44)) - raft.server.snapshot.auto.trigger.enabled = true (custom)
2021-10-08 06:50:18,490 [pool-112-thread-1] INFO  server.RaftServerConfigKeys (ConfUtils.java:logGet(44)) - raft.server.snapshot.auto.trigger.threshold = 1 (custom)
2021-10-08 06:50:18,491 [pool-112-thread-1] INFO  server.RaftServerConfigKeys (ConfUtils.java:logGet(44)) - raft.server.snapshot.retention.file.num = 5 (custom)
2021-10-08 06:50:18,491 [pool-112-thread-1] INFO  server.RaftServerConfigKeys (ConfUtils.java:logGet(44)) - raft.server.log.purge.upto.snapshot.index = false (default)
2021-10-08 06:50:18,491 [pool-112-thread-1] INFO  server.RaftServerConfigKeys (ConfUtils.java:logGet(44)) - raft.server.retrycache.expirytime = 600000ms (custom)
2021-10-08 06:50:18,491 [pool-112-thread-1] INFO  server.RaftServerConfigKeys (ConfUtils.java:logGet(44)) - raft.server.retrycache.statistics.expirytime = 100μs (default)
2021-10-08 06:50:18,482 [Command processor thread] INFO  ratis.XceiverServerRatis (XceiverServerRatis.java:addGroup(763)) - Created group PipelineID=640a2fd5-67c6-4e32-a57d-29e25e99802c
2021-10-08 06:50:18,490 [pool-93-thread-1] INFO  storage.RaftStorageDirectory (RaftStorageDirectoryImpl.java:tryLock(230)) - Lock on /home/runner/work/ozone/ozone/hadoop-ozone/integration-test/target/test-dir/MiniOzoneClusterImpl-22559c4f-4ba5-459a-8a40-bbe24e716d33/datanode-2/data/ratis/640a2fd5-67c6-4e32-a57d-29e25e99802c/in_use.lock acquired by nodename 13400@fv-az116-933
2021-10-08 06:50:18,495 [pool-112-thread-1] INFO  server.RaftServer$Division (RaftServerImpl.java:start(296)) - 1889d587-8326-4b26-910d-bf0ca9430b50@group-B284AAB7A57B: start as a follower, conf=-1: [1889d587-8326-4b26-910d-bf0ca9430b50|rpc:10.1.0.41:43171|priority:1], old=null
2021-10-08 06:50:18,495 [pool-112-thread-1] INFO  server.RaftServer$Division (RaftServerImpl.java:setRole(285)) - 1889d587-8326-4b26-910d-bf0ca9430b50@group-B284AAB7A57B: changes role from      null to FOLLOWER at term 0 for startAsFollower
2021-10-08 06:50:18,495 [pool-112-thread-1] INFO  impl.RoleInfo (RoleInfo.java:updateAndGet(130)) - 1889d587-8326-4b26-910d-bf0ca9430b50: start 1889d587-8326-4b26-910d-bf0ca9430b50@group-B284AAB7A57B-FollowerState
2021-10-08 06:50:18,496 [pool-93-thread-1] INFO  storage.RaftStorage (RaftStorageImpl.java:format(89)) - Storage directory /home/runner/work/ozone/ozone/hadoop-ozone/integration-test/target/test-dir/MiniOzoneClusterImpl-22559c4f-4ba5-459a-8a40-bbe24e716d33/datanode-2/data/ratis/640a2fd5-67c6-4e32-a57d-29e25e99802c has been successfully formatted.
2021-10-08 06:50:18,499 [pool-93-thread-1] INFO  ratis.ContainerStateMachine (ContainerStateMachine.java:loadSnapshot(224)) - group-29E25E99802C: The snapshot info is null. Setting the last applied indexto:(t:0, i:~)
2021-10-08 06:50:18,499 [pool-93-thread-1] INFO  server.RaftServerConfigKeys (ConfUtils.java:logGet(44)) - raft.server.notification.no-leader.timeout = 300000ms (custom)
2021-10-08 06:50:18,499 [pool-93-thread-1] INFO  server.RaftServerConfigKeys (ConfUtils.java:logGet(44)) - raft.server.log.use.memory = false (default)
2021-10-08 06:50:18,499 [pool-112-thread-1] INFO  util.JmxRegister (JmxRegister.java:tryRegister(44)) - Successfully registered JMX Bean with object name Ratis:service=RaftServer,group=group-B284AAB7A57B,id=1889d587-8326-4b26-910d-bf0ca9430b50
2021-10-08 06:50:18,499 [pool-93-thread-1] INFO  server.RaftServerConfigKeys (ConfUtils.java:logGet(44)) - raft.server.log.purge.gap = 1000000 (custom)
2021-10-08 06:50:18,506 [pool-93-thread-1] INFO  server.RaftServerConfigKeys (ConfUtils.java:logGet(44)) - raft.server.log.appender.buffer.byte-limit = 33554432 (custom)
2021-10-08 06:50:18,506 [pool-93-thread-1] INFO  server.RaftServerConfigKeys (ConfUtils.java:logGet(44)) - raft.server.log.segment.size.max = 1048576 (custom)
2021-10-08 06:50:18,506 [pool-93-thread-1] INFO  server.RaftServerConfigKeys (ConfUtils.java:logGet(44)) - raft.server.log.segment.cache.num.max = 2 (custom)
2021-10-08 06:50:18,506 [pool-93-thread-1] INFO  server.RaftServerConfigKeys (ConfUtils.java:logGet(44)) - raft.server.log.segment.cache.size.max = 200MB (=209715200) (default)
2021-10-08 06:50:18,506 [pool-93-thread-1] INFO  segmented.SegmentedRaftLogWorker (SegmentedRaftLogWorker.java:<init>(182)) - new 922385f1-e84a-4e93-a4e5-a83d7e259df1@group-29E25E99802C-SegmentedRaftLogWorker for RaftStorageImpl:Storage Directory /home/runner/work/ozone/ozone/hadoop-ozone/integration-test/target/test-dir/MiniOzoneClusterImpl-22559c4f-4ba5-459a-8a40-bbe24e716d33/datanode-2/data/ratis/640a2fd5-67c6-4e32-a57d-29e25e99802c
2021-10-08 06:50:18,507 [pool-93-thread-1] INFO  server.RaftServerConfigKeys (ConfUtils.java:logGet(44)) - raft.server.log.queue.byte-limit = 2147483647 (custom)
2021-10-08 06:50:18,507 [pool-93-thread-1] INFO  server.RaftServerConfigKeys (ConfUtils.java:logGet(44)) - raft.server.log.queue.element-limit = 1024 (custom)
2021-10-08 06:50:18,507 [pool-93-thread-1] INFO  server.RaftServerConfigKeys (ConfUtils.java:logGet(44)) - raft.server.log.segment.size.max = 1048576 (custom)
2021-10-08 06:50:18,507 [pool-93-thread-1] INFO  server.RaftServerConfigKeys (ConfUtils.java:logGet(44)) - raft.server.log.preallocated.size = 16384 (custom)
2021-10-08 06:50:18,507 [pool-93-thread-1] INFO  server.RaftServerConfigKeys (ConfUtils.java:logGet(44)) - raft.server.log.force.sync.num = 128 (default)
2021-10-08 06:50:18,507 [pool-93-thread-1] INFO  server.RaftServerConfigKeys (ConfUtils.java:logGet(44)) - raft.server.log.statemachine.data.sync = true (default)
2021-10-08 06:50:18,507 [pool-93-thread-1] INFO  server.RaftServerConfigKeys (ConfUtils.java:logGet(44)) - raft.server.log.statemachine.data.sync.timeout = 10s (default)
2021-10-08 06:50:18,507 [pool-93-thread-1] INFO  server.RaftServerConfigKeys (ConfUtils.java:logGet(44)) - raft.server.log.statemachine.data.sync.timeout.retry = -1 (default)
2021-10-08 06:50:18,508 [pool-93-thread-1] INFO  server.RaftServerConfigKeys (ConfUtils.java:logGet(44)) - raft.server.log.write.buffer.size = 1048576 (custom)
2021-10-08 06:50:18,501 [Command processor thread] INFO  ratis.XceiverServerRatis (XceiverServerRatis.java:addGroup(763)) - Created group PipelineID=bec87a6d-6eff-4196-815a-b284aab7a57b
2021-10-08 06:50:18,515 [Command processor thread] INFO  commandhandler.CreatePipelineCommandHandler (CreatePipelineCommandHandler.java:handle(106)) - Created Pipeline RATIS ONE PipelineID=bec87a6d-6eff-4196-815a-b284aab7a57b.
2021-10-08 06:50:18,515 [Command processor thread] INFO  server.RaftServer (RaftServerProxy.java:addNew(95)) - 1889d587-8326-4b26-910d-bf0ca9430b50: addNew group-6D803728E873:[755fa3d2-afbb-4da0-b7d5-3f8cca48efc0|rpc:10.1.0.41:41275|priority:1, 1889d587-8326-4b26-910d-bf0ca9430b50|rpc:10.1.0.41:43171|priority:0, 261209be-28ef-4355-9139-e0c9130c0917|rpc:10.1.0.41:46475|priority:0] returns group-6D803728E873:java.util.concurrent.CompletableFuture@15128002[Not completed]
2021-10-08 06:50:18,516 [pool-112-thread-1] INFO  server.RaftServer$Division (RaftServerImpl.java:<init>(181)) - 1889d587-8326-4b26-910d-bf0ca9430b50: new RaftServerImpl for group-6D803728E873:[755fa3d2-afbb-4da0-b7d5-3f8cca48efc0|rpc:10.1.0.41:41275|priority:1, 1889d587-8326-4b26-910d-bf0ca9430b50|rpc:10.1.0.41:43171|priority:0, 261209be-28ef-4355-9139-e0c9130c0917|rpc:10.1.0.41:46475|priority:0] with ContainerStateMachine:uninitialized
2021-10-08 06:50:18,510 [EventQueue-OpenPipelineForHealthyPipelineSafeModeRule] INFO  safemode.SCMSafeModeManager (HealthyPipelineSafeModeRule.java:process(124)) - SCM in safe mode. Healthy pipelines reported count is 0, required healthy pipeline reported count is 1
2021-10-08 06:50:18,516 [pool-112-thread-1] INFO  server.RaftServerConfigKeys (ConfUtils.java:logGet(44)) - raft.server.rpc.timeout.min = 5s (custom)
2021-10-08 06:50:18,517 [pool-112-thread-1] INFO  server.RaftServerConfigKeys (ConfUtils.java:logGet(44)) - raft.server.rpc.timeout.max = 5200ms (custom)
2021-10-08 06:50:18,517 [pool-112-thread-1] INFO  server.RaftServerConfigKeys (ConfUtils.java:logGet(44)) - raft.server.rpc.sleep.time = 25ms (default)
2021-10-08 06:50:18,517 [pool-112-thread-1] INFO  server.RaftServerConfigKeys (ConfUtils.java:logGet(44)) - raft.server.rpc.slowness.timeout = 300000ms (custom)
2021-10-08 06:50:18,517 [pool-112-thread-1] INFO  server.RaftServerConfigKeys (ConfUtils.java:logGet(44)) - raft.server.leaderelection.leader.step-down.wait-time = 10s (default)
2021-10-08 06:50:18,517 [pool-112-thread-1] INFO  server.RaftServerConfigKeys (ConfUtils.java:logGet(44)) - raft.server.sleep.deviation.threshold = 300ms (default)
2021-10-08 06:50:18,517 [pool-112-thread-1] INFO  server.RaftServerConfigKeys (ConfUtils.java:logGet(44)) - raft.server.log.appender.install.snapshot.enabled = false (custom)
2021-10-08 06:50:18,517 [pool-112-thread-1] INFO  server.RaftServer$Division (ServerState.java:<init>(105)) - 1889d587-8326-4b26-910d-bf0ca9430b50@group-6D803728E873: ConfigurationManager, init=-1: [755fa3d2-afbb-4da0-b7d5-3f8cca48efc0|rpc:10.1.0.41:41275|priority:1, 1889d587-8326-4b26-910d-bf0ca9430b50|rpc:10.1.0.41:43171|priority:0, 261209be-28ef-4355-9139-e0c9130c0917|rpc:10.1.0.41:46475|priority:0], old=null, confs=<EMPTY_MAP>
2021-10-08 06:50:18,517 [pool-112-thread-1] INFO  server.RaftServerConfigKeys (ConfUtils.java:logGet(44)) - raft.server.storage.dir = [/home/runner/work/ozone/ozone/hadoop-ozone/integration-test/target/test-dir/MiniOzoneClusterImpl-22559c4f-4ba5-459a-8a40-bbe24e716d33/datanode-3/data/ratis] (custom)
2021-10-08 06:50:18,518 [pool-112-thread-1] INFO  server.RaftServerConfigKeys (ConfUtils.java:logGet(44)) - raft.server.log.corruption.policy = EXCEPTION (default)
2021-10-08 06:50:18,518 [pool-112-thread-1] INFO  server.RaftServerConfigKeys (ConfUtils.java:logGet(44)) - raft.server.storage.free-space.min = 0MB (=0) (default)
2021-10-08 06:50:18,518 [pool-112-thread-1] INFO  storage.RaftStorageDirectory (RaftStorageDirectoryImpl.java:analyzeStorage(135)) - The storage directory /home/runner/work/ozone/ozone/hadoop-ozone/integration-test/target/test-dir/MiniOzoneClusterImpl-22559c4f-4ba5-459a-8a40-bbe24e716d33/datanode-3/data/ratis/81315c55-35e4-45c6-9d64-6d803728e873 does not exist. Creating ...
2021-10-08 06:50:18,523 [pool-93-thread-1] INFO  server.RaftServerConfigKeys (ConfUtils.java:logGet(44)) - raft.server.log.statemachine.data.caching.enabled = true (custom)
2021-10-08 06:50:18,524 [pool-93-thread-1] INFO  segmented.SegmentedRaftLogWorker (SegmentedRaftLogWorker.java:lambda$new$0(133)) - 922385f1-e84a-4e93-a4e5-a83d7e259df1@group-29E25E99802C-SegmentedRaftLogWorker: flushIndex: setUnconditionally 0 -> -1
2021-10-08 06:50:18,524 [pool-93-thread-1] INFO  segmented.SegmentedRaftLogWorker (SegmentedRaftLogWorker.java:lambda$new$0(133)) - 922385f1-e84a-4e93-a4e5-a83d7e259df1@group-29E25E99802C-SegmentedRaftLogWorker: safeCacheEvictIndex: setUnconditionally 0 -> -1
2021-10-08 06:50:18,527 [pool-93-thread-1] INFO  server.RaftServerConfigKeys (ConfUtils.java:logGet(44)) - raft.server.snapshot.auto.trigger.enabled = true (custom)
2021-10-08 06:50:18,527 [pool-93-thread-1] INFO  server.RaftServerConfigKeys (ConfUtils.java:logGet(44)) - raft.server.snapshot.auto.trigger.threshold = 1 (custom)
2021-10-08 06:50:18,527 [pool-93-thread-1] INFO  server.RaftServerConfigKeys (ConfUtils.java:logGet(44)) - raft.server.snapshot.retention.file.num = 5 (custom)
2021-10-08 06:50:18,527 [pool-93-thread-1] INFO  server.RaftServerConfigKeys (ConfUtils.java:logGet(44)) - raft.server.log.purge.upto.snapshot.index = false (default)
2021-10-08 06:50:18,528 [pool-112-thread-1] INFO  storage.RaftStorageDirectory (RaftStorageDirectoryImpl.java:tryLock(230)) - Lock on /home/runner/work/ozone/ozone/hadoop-ozone/integration-test/target/test-dir/MiniOzoneClusterImpl-22559c4f-4ba5-459a-8a40-bbe24e716d33/datanode-3/data/ratis/81315c55-35e4-45c6-9d64-6d803728e873/in_use.lock acquired by nodename 13400@fv-az116-933
2021-10-08 06:50:18,529 [pool-112-thread-1] INFO  storage.RaftStorage (RaftStorageImpl.java:format(89)) - Storage directory /home/runner/work/ozone/ozone/hadoop-ozone/integration-test/target/test-dir/MiniOzoneClusterImpl-22559c4f-4ba5-459a-8a40-bbe24e716d33/datanode-3/data/ratis/81315c55-35e4-45c6-9d64-6d803728e873 has been successfully formatted.
2021-10-08 06:50:18,539 [pool-112-thread-1] INFO  ratis.ContainerStateMachine (ContainerStateMachine.java:loadSnapshot(224)) - group-6D803728E873: The snapshot info is null. Setting the last applied indexto:(t:0, i:~)
2021-10-08 06:50:18,539 [pool-112-thread-1] INFO  server.RaftServerConfigKeys (ConfUtils.java:logGet(44)) - raft.server.notification.no-leader.timeout = 300000ms (custom)
2021-10-08 06:50:18,539 [pool-112-thread-1] INFO  server.RaftServerConfigKeys (ConfUtils.java:logGet(44)) - raft.server.log.use.memory = false (default)
2021-10-08 06:50:18,539 [pool-112-thread-1] INFO  server.RaftServerConfigKeys (ConfUtils.java:logGet(44)) - raft.server.log.purge.gap = 1000000 (custom)
2021-10-08 06:50:18,540 [pool-112-thread-1] INFO  server.RaftServerConfigKeys (ConfUtils.java:logGet(44)) - raft.server.log.appender.buffer.byte-limit = 33554432 (custom)
2021-10-08 06:50:18,540 [pool-112-thread-1] INFO  server.RaftServerConfigKeys (ConfUtils.java:logGet(44)) - raft.server.log.segment.size.max = 1048576 (custom)
2021-10-08 06:50:18,541 [Datanode State Machine Thread - 0] WARN  statemachine.StateContext (StateContext.java:execute(621)) - No available thread in pool for past 0 seconds.
2021-10-08 06:50:18,541 [pool-93-thread-1] INFO  server.RaftServerConfigKeys (ConfUtils.java:logGet(44)) - raft.server.retrycache.expirytime = 600000ms (custom)
2021-10-08 06:50:18,541 [pool-93-thread-1] INFO  server.RaftServerConfigKeys (ConfUtils.java:logGet(44)) - raft.server.retrycache.statistics.expirytime = 100μs (default)
2021-10-08 06:50:18,544 [pool-93-thread-1] INFO  server.RaftServer$Division (RaftServerImpl.java:start(296)) - 922385f1-e84a-4e93-a4e5-a83d7e259df1@group-29E25E99802C: start as a follower, conf=-1: [f72599f1-e0cc-40f9-85fa-72f8008a2fb9|rpc:10.1.0.41:45769|priority:0, 7c56b051-e741-4b88-a800-6437d7fa75cc|rpc:10.1.0.41:42627|priority:0, 922385f1-e84a-4e93-a4e5-a83d7e259df1|rpc:10.1.0.41:45879|priority:1], old=null
2021-10-08 06:50:18,544 [pool-93-thread-1] INFO  server.RaftServer$Division (RaftServerImpl.java:setRole(285)) - 922385f1-e84a-4e93-a4e5-a83d7e259df1@group-29E25E99802C: changes role from      null to FOLLOWER at term 0 for startAsFollower
2021-10-08 06:50:18,544 [pool-93-thread-1] INFO  impl.RoleInfo (RoleInfo.java:updateAndGet(130)) - 922385f1-e84a-4e93-a4e5-a83d7e259df1: start 922385f1-e84a-4e93-a4e5-a83d7e259df1@group-29E25E99802C-FollowerState
2021-10-08 06:50:18,551 [pool-112-thread-1] INFO  server.RaftServerConfigKeys (ConfUtils.java:logGet(44)) - raft.server.log.segment.cache.num.max = 2 (custom)
2021-10-08 06:50:18,551 [pool-112-thread-1] INFO  server.RaftServerConfigKeys (ConfUtils.java:logGet(44)) - raft.server.log.segment.cache.size.max = 200MB (=209715200) (default)
2021-10-08 06:50:18,552 [pool-112-thread-1] INFO  segmented.SegmentedRaftLogWorker (SegmentedRaftLogWorker.java:<init>(182)) - new 1889d587-8326-4b26-910d-bf0ca9430b50@group-6D803728E873-SegmentedRaftLogWorker for RaftStorageImpl:Storage Directory /home/runner/work/ozone/ozone/hadoop-ozone/integration-test/target/test-dir/MiniOzoneClusterImpl-22559c4f-4ba5-459a-8a40-bbe24e716d33/datanode-3/data/ratis/81315c55-35e4-45c6-9d64-6d803728e873
2021-10-08 06:50:18,552 [pool-112-thread-1] INFO  server.RaftServerConfigKeys (ConfUtils.java:logGet(44)) - raft.server.log.queue.byte-limit = 2147483647 (custom)
2021-10-08 06:50:18,552 [pool-112-thread-1] INFO  server.RaftServerConfigKeys (ConfUtils.java:logGet(44)) - raft.server.log.queue.element-limit = 1024 (custom)
2021-10-08 06:50:18,554 [pool-112-thread-1] INFO  server.RaftServerConfigKeys (ConfUtils.java:logGet(44)) - raft.server.log.segment.size.max = 1048576 (custom)
2021-10-08 06:50:18,554 [pool-112-thread-1] INFO  server.RaftServerConfigKeys (ConfUtils.java:logGet(44)) - raft.server.log.preallocated.size = 16384 (custom)
2021-10-08 06:50:18,554 [pool-112-thread-1] INFO  server.RaftServerConfigKeys (ConfUtils.java:logGet(44)) - raft.server.log.force.sync.num = 128 (default)
2021-10-08 06:50:18,554 [pool-112-thread-1] INFO  server.RaftServerConfigKeys (ConfUtils.java:logGet(44)) - raft.server.log.statemachine.data.sync = true (default)
2021-10-08 06:50:18,554 [pool-112-thread-1] INFO  server.RaftServerConfigKeys (ConfUtils.java:logGet(44)) - raft.server.log.statemachine.data.sync.timeout = 10s (default)
2021-10-08 06:50:18,554 [pool-112-thread-1] INFO  server.RaftServerConfigKeys (ConfUtils.java:logGet(44)) - raft.server.log.statemachine.data.sync.timeout.retry = -1 (default)
2021-10-08 06:50:18,556 [pool-112-thread-1] INFO  server.RaftServerConfigKeys (ConfUtils.java:logGet(44)) - raft.server.log.write.buffer.size = 1048576 (custom)
2021-10-08 06:50:18,558 [pool-93-thread-1] INFO  util.JmxRegister (JmxRegister.java:tryRegister(44)) - Successfully registered JMX Bean with object name Ratis:service=RaftServer,group=group-29E25E99802C,id=922385f1-e84a-4e93-a4e5-a83d7e259df1
2021-10-08 06:50:18,560 [Command processor thread] INFO  ratis.XceiverServerRatis (XceiverServerRatis.java:addGroup(763)) - Created group PipelineID=640a2fd5-67c6-4e32-a57d-29e25e99802c
2021-10-08 06:50:18,561 [pool-112-thread-1] INFO  server.RaftServerConfigKeys (ConfUtils.java:logGet(44)) - raft.server.log.statemachine.data.caching.enabled = true (custom)
2021-10-08 06:50:18,561 [pool-112-thread-1] INFO  segmented.SegmentedRaftLogWorker (SegmentedRaftLogWorker.java:lambda$new$0(133)) - 1889d587-8326-4b26-910d-bf0ca9430b50@group-6D803728E873-SegmentedRaftLogWorker: flushIndex: setUnconditionally 0 -> -1
2021-10-08 06:50:18,562 [pool-112-thread-1] INFO  segmented.SegmentedRaftLogWorker (SegmentedRaftLogWorker.java:lambda$new$0(133)) - 1889d587-8326-4b26-910d-bf0ca9430b50@group-6D803728E873-SegmentedRaftLogWorker: safeCacheEvictIndex: setUnconditionally 0 -> -1
2021-10-08 06:50:18,564 [pool-112-thread-1] INFO  server.RaftServerConfigKeys (ConfUtils.java:logGet(44)) - raft.server.snapshot.auto.trigger.enabled = true (custom)
2021-10-08 06:50:18,564 [pool-112-thread-1] INFO  server.RaftServerConfigKeys (ConfUtils.java:logGet(44)) - raft.server.snapshot.auto.trigger.threshold = 1 (custom)
2021-10-08 06:50:18,564 [pool-112-thread-1] INFO  server.RaftServerConfigKeys (ConfUtils.java:logGet(44)) - raft.server.snapshot.retention.file.num = 5 (custom)
2021-10-08 06:50:18,564 [pool-112-thread-1] INFO  server.RaftServerConfigKeys (ConfUtils.java:logGet(44)) - raft.server.log.purge.upto.snapshot.index = false (default)
2021-10-08 06:50:18,564 [pool-112-thread-1] INFO  server.RaftServerConfigKeys (ConfUtils.java:logGet(44)) - raft.server.retrycache.expirytime = 600000ms (custom)
2021-10-08 06:50:18,564 [pool-112-thread-1] INFO  server.RaftServerConfigKeys (ConfUtils.java:logGet(44)) - raft.server.retrycache.statistics.expirytime = 100μs (default)
2021-10-08 06:50:18,566 [pool-112-thread-1] INFO  server.RaftServer$Division (RaftServerImpl.java:start(296)) - 1889d587-8326-4b26-910d-bf0ca9430b50@group-6D803728E873: start as a follower, conf=-1: [755fa3d2-afbb-4da0-b7d5-3f8cca48efc0|rpc:10.1.0.41:41275|priority:1, 1889d587-8326-4b26-910d-bf0ca9430b50|rpc:10.1.0.41:43171|priority:0, 261209be-28ef-4355-9139-e0c9130c0917|rpc:10.1.0.41:46475|priority:0], old=null
2021-10-08 06:50:18,566 [pool-112-thread-1] INFO  server.RaftServer$Division (RaftServerImpl.java:setRole(285)) - 1889d587-8326-4b26-910d-bf0ca9430b50@group-6D803728E873: changes role from      null to FOLLOWER at term 0 for startAsFollower
2021-10-08 06:50:18,566 [pool-112-thread-1] INFO  impl.RoleInfo (RoleInfo.java:updateAndGet(130)) - 1889d587-8326-4b26-910d-bf0ca9430b50: start 1889d587-8326-4b26-910d-bf0ca9430b50@group-6D803728E873-FollowerState
2021-10-08 06:50:18,566 [pool-112-thread-1] INFO  util.JmxRegister (JmxRegister.java:tryRegister(44)) - Successfully registered JMX Bean with object name Ratis:service=RaftServer,group=group-6D803728E873,id=1889d587-8326-4b26-910d-bf0ca9430b50
2021-10-08 06:50:18,569 [EventQueue-OpenPipelineForHealthyPipelineSafeModeRule] INFO  safemode.SCMSafeModeManager (HealthyPipelineSafeModeRule.java:process(124)) - SCM in safe mode. Healthy pipelines reported count is 0, required healthy pipeline reported count is 1
2021-10-08 06:50:18,575 [Command processor thread] INFO  ratis.XceiverServerRatis (XceiverServerRatis.java:addGroup(763)) - Created group PipelineID=81315c55-35e4-45c6-9d64-6d803728e873
2021-10-08 06:50:18,585 [Command processor thread] INFO  commandhandler.CreatePipelineCommandHandler (CreatePipelineCommandHandler.java:handle(106)) - Created Pipeline RATIS THREE PipelineID=640a2fd5-67c6-4e32-a57d-29e25e99802c.
2021-10-08 06:50:18,591 [grpc-default-executor-0] INFO  server.RaftServer (RaftServerProxy.java:addNew(95)) - 755fa3d2-afbb-4da0-b7d5-3f8cca48efc0: addNew group-6D803728E873:[755fa3d2-afbb-4da0-b7d5-3f8cca48efc0|rpc:10.1.0.41:41275|dataStream:|priority:1, 1889d587-8326-4b26-910d-bf0ca9430b50|rpc:10.1.0.41:43171|dataStream:|priority:0, 261209be-28ef-4355-9139-e0c9130c0917|rpc:10.1.0.41:46475|dataStream:|priority:0] returns group-6D803728E873:java.util.concurrent.CompletableFuture@648220c3[Not completed]
2021-10-08 06:50:18,594 [pool-150-thread-1] INFO  server.RaftServer$Division (RaftServerImpl.java:<init>(181)) - 755fa3d2-afbb-4da0-b7d5-3f8cca48efc0: new RaftServerImpl for group-6D803728E873:[755fa3d2-afbb-4da0-b7d5-3f8cca48efc0|rpc:10.1.0.41:41275|dataStream:|priority:1, 1889d587-8326-4b26-910d-bf0ca9430b50|rpc:10.1.0.41:43171|dataStream:|priority:0, 261209be-28ef-4355-9139-e0c9130c0917|rpc:10.1.0.41:46475|dataStream:|priority:0] with ContainerStateMachine:uninitialized
2021-10-08 06:50:18,595 [pool-150-thread-1] INFO  server.RaftServerConfigKeys (ConfUtils.java:logGet(44)) - raft.server.rpc.timeout.min = 5s (custom)
2021-10-08 06:50:18,595 [pool-150-thread-1] INFO  server.RaftServerConfigKeys (ConfUtils.java:logGet(44)) - raft.server.rpc.timeout.max = 5200ms (custom)
2021-10-08 06:50:18,595 [pool-150-thread-1] INFO  server.RaftServerConfigKeys (ConfUtils.java:logGet(44)) - raft.server.rpc.sleep.time = 25ms (default)
2021-10-08 06:50:18,595 [pool-150-thread-1] INFO  server.RaftServerConfigKeys (ConfUtils.java:logGet(44)) - raft.server.rpc.slowness.timeout = 300000ms (custom)
2021-10-08 06:50:18,595 [pool-150-thread-1] INFO  server.RaftServerConfigKeys (ConfUtils.java:logGet(44)) - raft.server.leaderelection.leader.step-down.wait-time = 10s (default)
2021-10-08 06:50:18,595 [pool-150-thread-1] INFO  server.RaftServerConfigKeys (ConfUtils.java:logGet(44)) - raft.server.sleep.deviation.threshold = 300ms (default)
2021-10-08 06:50:18,595 [pool-150-thread-1] INFO  server.RaftServerConfigKeys (ConfUtils.java:logGet(44)) - raft.server.log.appender.install.snapshot.enabled = false (custom)
2021-10-08 06:50:18,595 [pool-150-thread-1] INFO  server.RaftServer$Division (ServerState.java:<init>(105)) - 755fa3d2-afbb-4da0-b7d5-3f8cca48efc0@group-6D803728E873: ConfigurationManager, init=-1: [755fa3d2-afbb-4da0-b7d5-3f8cca48efc0|rpc:10.1.0.41:41275|dataStream:|priority:1, 1889d587-8326-4b26-910d-bf0ca9430b50|rpc:10.1.0.41:43171|dataStream:|priority:0, 261209be-28ef-4355-9139-e0c9130c0917|rpc:10.1.0.41:46475|dataStream:|priority:0], old=null, confs=<EMPTY_MAP>
2021-10-08 06:50:18,596 [pool-150-thread-1] INFO  server.RaftServerConfigKeys (ConfUtils.java:logGet(44)) - raft.server.storage.dir = [/home/runner/work/ozone/ozone/hadoop-ozone/integration-test/target/test-dir/MiniOzoneClusterImpl-22559c4f-4ba5-459a-8a40-bbe24e716d33/datanode-5/data/ratis] (custom)
2021-10-08 06:50:18,596 [pool-150-thread-1] INFO  server.RaftServerConfigKeys (ConfUtils.java:logGet(44)) - raft.server.log.corruption.policy = EXCEPTION (default)
2021-10-08 06:50:18,596 [pool-150-thread-1] INFO  server.RaftServerConfigKeys (ConfUtils.java:logGet(44)) - raft.server.storage.free-space.min = 0MB (=0) (default)
2021-10-08 06:50:18,596 [pool-150-thread-1] INFO  storage.RaftStorageDirectory (RaftStorageDirectoryImpl.java:analyzeStorage(135)) - The storage directory /home/runner/work/ozone/ozone/hadoop-ozone/integration-test/target/test-dir/MiniOzoneClusterImpl-22559c4f-4ba5-459a-8a40-bbe24e716d33/datanode-5/data/ratis/81315c55-35e4-45c6-9d64-6d803728e873 does not exist. Creating ...
2021-10-08 06:50:18,601 [pool-150-thread-1] INFO  storage.RaftStorageDirectory (RaftStorageDirectoryImpl.java:tryLock(230)) - Lock on /home/runner/work/ozone/ozone/hadoop-ozone/integration-test/target/test-dir/MiniOzoneClusterImpl-22559c4f-4ba5-459a-8a40-bbe24e716d33/datanode-5/data/ratis/81315c55-35e4-45c6-9d64-6d803728e873/in_use.lock acquired by nodename 13400@fv-az116-933
2021-10-08 06:50:18,605 [EventQueue-OpenPipelineForHealthyPipelineSafeModeRule] INFO  safemode.SCMSafeModeManager (HealthyPipelineSafeModeRule.java:process(124)) - SCM in safe mode. Healthy pipelines reported count is 0, required healthy pipeline reported count is 1
2021-10-08 06:50:18,606 [Command processor thread] INFO  commandhandler.CreatePipelineCommandHandler (CreatePipelineCommandHandler.java:handle(106)) - Created Pipeline RATIS THREE PipelineID=640a2fd5-67c6-4e32-a57d-29e25e99802c.
2021-10-08 06:50:18,610 [pool-150-thread-1] INFO  storage.RaftStorage (RaftStorageImpl.java:format(89)) - Storage directory /home/runner/work/ozone/ozone/hadoop-ozone/integration-test/target/test-dir/MiniOzoneClusterImpl-22559c4f-4ba5-459a-8a40-bbe24e716d33/datanode-5/data/ratis/81315c55-35e4-45c6-9d64-6d803728e873 has been successfully formatted.
2021-10-08 06:50:18,613 [pool-150-thread-1] INFO  ratis.ContainerStateMachine (ContainerStateMachine.java:loadSnapshot(224)) - group-6D803728E873: The snapshot info is null. Setting the last applied indexto:(t:0, i:~)
2021-10-08 06:50:18,613 [Datanode State Machine Thread - 0] WARN  statemachine.StateContext (StateContext.java:execute(621)) - No available thread in pool for past 0 seconds.
2021-10-08 06:50:18,635 [pool-150-thread-1] INFO  server.RaftServerConfigKeys (ConfUtils.java:logGet(44)) - raft.server.notification.no-leader.timeout = 300000ms (custom)
2021-10-08 06:50:18,636 [pool-150-thread-1] INFO  server.RaftServerConfigKeys (ConfUtils.java:logGet(44)) - raft.server.log.use.memory = false (default)
2021-10-08 06:50:18,636 [pool-150-thread-1] INFO  server.RaftServerConfigKeys (ConfUtils.java:logGet(44)) - raft.server.log.purge.gap = 1000000 (custom)
2021-10-08 06:50:18,636 [pool-150-thread-1] INFO  server.RaftServerConfigKeys (ConfUtils.java:logGet(44)) - raft.server.log.appender.buffer.byte-limit = 33554432 (custom)
2021-10-08 06:50:18,636 [pool-150-thread-1] INFO  server.RaftServerConfigKeys (ConfUtils.java:logGet(44)) - raft.server.log.segment.size.max = 1048576 (custom)
2021-10-08 06:50:18,637 [pool-150-thread-1] INFO  server.RaftServerConfigKeys (ConfUtils.java:logGet(44)) - raft.server.log.segment.cache.num.max = 2 (custom)
2021-10-08 06:50:18,638 [pool-150-thread-1] INFO  server.RaftServerConfigKeys (ConfUtils.java:logGet(44)) - raft.server.log.segment.cache.size.max = 200MB (=209715200) (default)
2021-10-08 06:50:18,638 [pool-150-thread-1] INFO  segmented.SegmentedRaftLogWorker (SegmentedRaftLogWorker.java:<init>(182)) - new 755fa3d2-afbb-4da0-b7d5-3f8cca48efc0@group-6D803728E873-SegmentedRaftLogWorker for RaftStorageImpl:Storage Directory /home/runner/work/ozone/ozone/hadoop-ozone/integration-test/target/test-dir/MiniOzoneClusterImpl-22559c4f-4ba5-459a-8a40-bbe24e716d33/datanode-5/data/ratis/81315c55-35e4-45c6-9d64-6d803728e873
2021-10-08 06:50:18,638 [pool-150-thread-1] INFO  server.RaftServerConfigKeys (ConfUtils.java:logGet(44)) - raft.server.log.queue.byte-limit = 2147483647 (custom)
2021-10-08 06:50:18,638 [pool-150-thread-1] INFO  server.RaftServerConfigKeys (ConfUtils.java:logGet(44)) - raft.server.log.queue.element-limit = 1024 (custom)
2021-10-08 06:50:18,638 [pool-150-thread-1] INFO  server.RaftServerConfigKeys (ConfUtils.java:logGet(44)) - raft.server.log.segment.size.max = 1048576 (custom)
2021-10-08 06:50:18,638 [pool-150-thread-1] INFO  server.RaftServerConfigKeys (ConfUtils.java:logGet(44)) - raft.server.log.preallocated.size = 16384 (custom)
2021-10-08 06:50:18,638 [pool-150-thread-1] INFO  server.RaftServerConfigKeys (ConfUtils.java:logGet(44)) - raft.server.log.force.sync.num = 128 (default)
2021-10-08 06:50:18,639 [pool-150-thread-1] INFO  server.RaftServerConfigKeys (ConfUtils.java:logGet(44)) - raft.server.log.statemachine.data.sync = true (default)
2021-10-08 06:50:18,639 [pool-150-thread-1] INFO  server.RaftServerConfigKeys (ConfUtils.java:logGet(44)) - raft.server.log.statemachine.data.sync.timeout = 10s (default)
2021-10-08 06:50:18,639 [pool-150-thread-1] INFO  server.RaftServerConfigKeys (ConfUtils.java:logGet(44)) - raft.server.log.statemachine.data.sync.timeout.retry = -1 (default)
2021-10-08 06:50:18,641 [pool-150-thread-1] INFO  server.RaftServerConfigKeys (ConfUtils.java:logGet(44)) - raft.server.log.write.buffer.size = 1048576 (custom)
2021-10-08 06:50:18,641 [pool-150-thread-1] INFO  server.RaftServerConfigKeys (ConfUtils.java:logGet(44)) - raft.server.log.statemachine.data.caching.enabled = true (custom)
2021-10-08 06:50:18,642 [pool-150-thread-1] INFO  segmented.SegmentedRaftLogWorker (SegmentedRaftLogWorker.java:lambda$new$0(133)) - 755fa3d2-afbb-4da0-b7d5-3f8cca48efc0@group-6D803728E873-SegmentedRaftLogWorker: flushIndex: setUnconditionally 0 -> -1
2021-10-08 06:50:18,642 [pool-150-thread-1] INFO  segmented.SegmentedRaftLogWorker (SegmentedRaftLogWorker.java:lambda$new$0(133)) - 755fa3d2-afbb-4da0-b7d5-3f8cca48efc0@group-6D803728E873-SegmentedRaftLogWorker: safeCacheEvictIndex: setUnconditionally 0 -> -1
2021-10-08 06:50:18,647 [pool-150-thread-1] INFO  server.RaftServerConfigKeys (ConfUtils.java:logGet(44)) - raft.server.snapshot.auto.trigger.enabled = true (custom)
2021-10-08 06:50:18,647 [pool-150-thread-1] INFO  server.RaftServerConfigKeys (ConfUtils.java:logGet(44)) - raft.server.snapshot.auto.trigger.threshold = 1 (custom)
2021-10-08 06:50:18,647 [pool-150-thread-1] INFO  server.RaftServerConfigKeys (ConfUtils.java:logGet(44)) - raft.server.snapshot.retention.file.num = 5 (custom)
2021-10-08 06:50:18,647 [pool-150-thread-1] INFO  server.RaftServerConfigKeys (ConfUtils.java:logGet(44)) - raft.server.log.purge.upto.snapshot.index = false (default)
2021-10-08 06:50:18,647 [pool-150-thread-1] INFO  server.RaftServerConfigKeys (ConfUtils.java:logGet(44)) - raft.server.retrycache.expirytime = 600000ms (custom)
2021-10-08 06:50:18,647 [pool-150-thread-1] INFO  server.RaftServerConfigKeys (ConfUtils.java:logGet(44)) - raft.server.retrycache.statistics.expirytime = 100μs (default)
2021-10-08 06:50:18,656 [Command processor thread] INFO  server.RaftServer (RaftServerProxy.java:addNew(95)) - 261209be-28ef-4355-9139-e0c9130c0917: addNew group-C763380432DA:[261209be-28ef-4355-9139-e0c9130c0917|rpc:10.1.0.41:46475|priority:1] returns group-C763380432DA:java.util.concurrent.CompletableFuture@6a96014f[Not completed]
2021-10-08 06:50:18,659 [pool-150-thread-1] INFO  server.RaftServer$Division (RaftServerImpl.java:start(296)) - 755fa3d2-afbb-4da0-b7d5-3f8cca48efc0@group-6D803728E873: start as a follower, conf=-1: [755fa3d2-afbb-4da0-b7d5-3f8cca48efc0|rpc:10.1.0.41:41275|dataStream:|priority:1, 1889d587-8326-4b26-910d-bf0ca9430b50|rpc:10.1.0.41:43171|dataStream:|priority:0, 261209be-28ef-4355-9139-e0c9130c0917|rpc:10.1.0.41:46475|dataStream:|priority:0], old=null
2021-10-08 06:50:18,660 [pool-150-thread-1] INFO  server.RaftServer$Division (RaftServerImpl.java:setRole(285)) - 755fa3d2-afbb-4da0-b7d5-3f8cca48efc0@group-6D803728E873: changes role from      null to FOLLOWER at term 0 for startAsFollower
2021-10-08 06:50:18,660 [pool-150-thread-1] INFO  impl.RoleInfo (RoleInfo.java:updateAndGet(130)) - 755fa3d2-afbb-4da0-b7d5-3f8cca48efc0: start 755fa3d2-afbb-4da0-b7d5-3f8cca48efc0@group-6D803728E873-FollowerState
2021-10-08 06:50:18,660 [pool-150-thread-1] INFO  util.JmxRegister (JmxRegister.java:tryRegister(44)) - Successfully registered JMX Bean with object name Ratis:service=RaftServer,group=group-6D803728E873,id=755fa3d2-afbb-4da0-b7d5-3f8cca48efc0
2021-10-08 06:50:18,665 [pool-131-thread-1] INFO  server.RaftServer$Division (RaftServerImpl.java:<init>(181)) - 261209be-28ef-4355-9139-e0c9130c0917: new RaftServerImpl for group-C763380432DA:[261209be-28ef-4355-9139-e0c9130c0917|rpc:10.1.0.41:46475|priority:1] with ContainerStateMachine:uninitialized
2021-10-08 06:50:18,665 [pool-131-thread-1] INFO  server.RaftServerConfigKeys (ConfUtils.java:logGet(44)) - raft.server.rpc.timeout.min = 5s (custom)
2021-10-08 06:50:18,665 [pool-131-thread-1] INFO  server.RaftServerConfigKeys (ConfUtils.java:logGet(44)) - raft.server.rpc.timeout.max = 5200ms (custom)
2021-10-08 06:50:18,665 [pool-131-thread-1] INFO  server.RaftServerConfigKeys (ConfUtils.java:logGet(44)) - raft.server.rpc.sleep.time = 25ms (default)
2021-10-08 06:50:18,665 [pool-131-thread-1] INFO  server.RaftServerConfigKeys (ConfUtils.java:logGet(44)) - raft.server.rpc.slowness.timeout = 300000ms (custom)
2021-10-08 06:50:18,666 [pool-131-thread-1] INFO  server.RaftServerConfigKeys (ConfUtils.java:logGet(44)) - raft.server.leaderelection.leader.step-down.wait-time = 10s (default)
2021-10-08 06:50:18,666 [pool-131-thread-1] INFO  server.RaftServerConfigKeys (ConfUtils.java:logGet(44)) - raft.server.sleep.deviation.threshold = 300ms (default)
2021-10-08 06:50:18,666 [pool-131-thread-1] INFO  server.RaftServerConfigKeys (ConfUtils.java:logGet(44)) - raft.server.log.appender.install.snapshot.enabled = false (custom)
2021-10-08 06:50:18,666 [pool-131-thread-1] INFO  server.RaftServer$Division (ServerState.java:<init>(105)) - 261209be-28ef-4355-9139-e0c9130c0917@group-C763380432DA: ConfigurationManager, init=-1: [261209be-28ef-4355-9139-e0c9130c0917|rpc:10.1.0.41:46475|priority:1], old=null, confs=<EMPTY_MAP>
2021-10-08 06:50:18,666 [pool-131-thread-1] INFO  server.RaftServerConfigKeys (ConfUtils.java:logGet(44)) - raft.server.storage.dir = [/home/runner/work/ozone/ozone/hadoop-ozone/integration-test/target/test-dir/MiniOzoneClusterImpl-22559c4f-4ba5-459a-8a40-bbe24e716d33/datanode-4/data/ratis] (custom)
2021-10-08 06:50:18,666 [pool-131-thread-1] INFO  server.RaftServerConfigKeys (ConfUtils.java:logGet(44)) - raft.server.log.corruption.policy = EXCEPTION (default)
2021-10-08 06:50:18,666 [pool-131-thread-1] INFO  server.RaftServerConfigKeys (ConfUtils.java:logGet(44)) - raft.server.storage.free-space.min = 0MB (=0) (default)
2021-10-08 06:50:18,666 [pool-131-thread-1] INFO  storage.RaftStorageDirectory (RaftStorageDirectoryImpl.java:analyzeStorage(135)) - The storage directory /home/runner/work/ozone/ozone/hadoop-ozone/integration-test/target/test-dir/MiniOzoneClusterImpl-22559c4f-4ba5-459a-8a40-bbe24e716d33/datanode-4/data/ratis/6a206204-07d6-4511-b108-c763380432da does not exist. Creating ...
2021-10-08 06:50:18,667 [pool-131-thread-1] INFO  storage.RaftStorageDirectory (RaftStorageDirectoryImpl.java:tryLock(230)) - Lock on /home/runner/work/ozone/ozone/hadoop-ozone/integration-test/target/test-dir/MiniOzoneClusterImpl-22559c4f-4ba5-459a-8a40-bbe24e716d33/datanode-4/data/ratis/6a206204-07d6-4511-b108-c763380432da/in_use.lock acquired by nodename 13400@fv-az116-933
2021-10-08 06:50:18,670 [Command processor thread] INFO  commandhandler.CreatePipelineCommandHandler (CreatePipelineCommandHandler.java:handle(106)) - Created Pipeline RATIS THREE PipelineID=640a2fd5-67c6-4e32-a57d-29e25e99802c.
2021-10-08 06:50:18,671 [pool-131-thread-1] INFO  storage.RaftStorage (RaftStorageImpl.java:format(89)) - Storage directory /home/runner/work/ozone/ozone/hadoop-ozone/integration-test/target/test-dir/MiniOzoneClusterImpl-22559c4f-4ba5-459a-8a40-bbe24e716d33/datanode-4/data/ratis/6a206204-07d6-4511-b108-c763380432da has been successfully formatted.
2021-10-08 06:50:18,672 [pool-131-thread-1] INFO  ratis.ContainerStateMachine (ContainerStateMachine.java:loadSnapshot(224)) - group-C763380432DA: The snapshot info is null. Setting the last applied indexto:(t:0, i:~)
2021-10-08 06:50:18,672 [pool-131-thread-1] INFO  server.RaftServerConfigKeys (ConfUtils.java:logGet(44)) - raft.server.notification.no-leader.timeout = 300000ms (custom)
2021-10-08 06:50:18,673 [pool-131-thread-1] INFO  server.RaftServerConfigKeys (ConfUtils.java:logGet(44)) - raft.server.log.use.memory = false (default)
2021-10-08 06:50:18,673 [pool-131-thread-1] INFO  server.RaftServerConfigKeys (ConfUtils.java:logGet(44)) - raft.server.log.purge.gap = 1000000 (custom)
2021-10-08 06:50:18,673 [pool-131-thread-1] INFO  server.RaftServerConfigKeys (ConfUtils.java:logGet(44)) - raft.server.log.appender.buffer.byte-limit = 33554432 (custom)
2021-10-08 06:50:18,674 [EventQueue-PipelineReportForPipelineReportHandler] INFO  pipeline.PipelineManagerImpl (PipelineManagerImpl.java:openPipeline(282)) - Pipeline Pipeline[ Id: 6a206204-07d6-4511-b108-c763380432da, Nodes: 261209be-28ef-4355-9139-e0c9130c0917{ip: 10.1.0.41, host: fv-az116-933.vzw04321ajxubdbcnpick5nqva.xx.internal.cloudapp.net, ports: [REPLICATION=45073, RATIS=46475, RATIS_ADMIN=46475, RATIS_SERVER=46475, STANDALONE=42533], networkLocation: /default-rack, certSerialId: null, persistedOpState: IN_SERVICE, persistedOpStateExpiryEpochSec: 0}, ReplicationConfig: RATIS/ONE, State:ALLOCATED, leaderId:261209be-28ef-4355-9139-e0c9130c0917, CreationTimestamp2021-10-08T06:50:15.655Z[Etc/UTC]] moved to OPEN state
2021-10-08 06:50:18,674 [EventQueue-OpenPipelineForHealthyPipelineSafeModeRule] INFO  safemode.SCMSafeModeManager (HealthyPipelineSafeModeRule.java:process(124)) - SCM in safe mode. Healthy pipelines reported count is 0, required healthy pipeline reported count is 1
2021-10-08 06:50:18,674 [pool-131-thread-1] INFO  server.RaftServerConfigKeys (ConfUtils.java:logGet(44)) - raft.server.log.segment.size.max = 1048576 (custom)
2021-10-08 06:50:18,676 [pool-131-thread-1] INFO  server.RaftServerConfigKeys (ConfUtils.java:logGet(44)) - raft.server.log.segment.cache.num.max = 2 (custom)
2021-10-08 06:50:18,676 [pool-131-thread-1] INFO  server.RaftServerConfigKeys (ConfUtils.java:logGet(44)) - raft.server.log.segment.cache.size.max = 200MB (=209715200) (default)
2021-10-08 06:50:18,677 [pool-131-thread-1] INFO  segmented.SegmentedRaftLogWorker (SegmentedRaftLogWorker.java:<init>(182)) - new 261209be-28ef-4355-9139-e0c9130c0917@group-C763380432DA-SegmentedRaftLogWorker for RaftStorageImpl:Storage Directory /home/runner/work/ozone/ozone/hadoop-ozone/integration-test/target/test-dir/MiniOzoneClusterImpl-22559c4f-4ba5-459a-8a40-bbe24e716d33/datanode-4/data/ratis/6a206204-07d6-4511-b108-c763380432da
2021-10-08 06:50:18,677 [pool-131-thread-1] INFO  server.RaftServerConfigKeys (ConfUtils.java:logGet(44)) - raft.server.log.queue.byte-limit = 2147483647 (custom)
2021-10-08 06:50:18,677 [pool-131-thread-1] INFO  server.RaftServerConfigKeys (ConfUtils.java:logGet(44)) - raft.server.log.queue.element-limit = 1024 (custom)
2021-10-08 06:50:18,677 [pool-131-thread-1] INFO  server.RaftServerConfigKeys (ConfUtils.java:logGet(44)) - raft.server.log.segment.size.max = 1048576 (custom)
2021-10-08 06:50:18,677 [pool-131-thread-1] INFO  server.RaftServerConfigKeys (ConfUtils.java:logGet(44)) - raft.server.log.preallocated.size = 16384 (custom)
2021-10-08 06:50:18,677 [pool-131-thread-1] INFO  server.RaftServerConfigKeys (ConfUtils.java:logGet(44)) - raft.server.log.force.sync.num = 128 (default)
2021-10-08 06:50:18,677 [pool-131-thread-1] INFO  server.RaftServerConfigKeys (ConfUtils.java:logGet(44)) - raft.server.log.statemachine.data.sync = true (default)
2021-10-08 06:50:18,677 [pool-131-thread-1] INFO  server.RaftServerConfigKeys (ConfUtils.java:logGet(44)) - raft.server.log.statemachine.data.sync.timeout = 10s (default)
2021-10-08 06:50:18,677 [pool-131-thread-1] INFO  server.RaftServerConfigKeys (ConfUtils.java:logGet(44)) - raft.server.log.statemachine.data.sync.timeout.retry = -1 (default)
2021-10-08 06:50:18,679 [pool-131-thread-1] INFO  server.RaftServerConfigKeys (ConfUtils.java:logGet(44)) - raft.server.log.write.buffer.size = 1048576 (custom)
2021-10-08 06:50:18,679 [pool-131-thread-1] INFO  server.RaftServerConfigKeys (ConfUtils.java:logGet(44)) - raft.server.log.statemachine.data.caching.enabled = true (custom)
2021-10-08 06:50:18,680 [pool-131-thread-1] INFO  segmented.SegmentedRaftLogWorker (SegmentedRaftLogWorker.java:lambda$new$0(133)) - 261209be-28ef-4355-9139-e0c9130c0917@group-C763380432DA-SegmentedRaftLogWorker: flushIndex: setUnconditionally 0 -> -1
2021-10-08 06:50:18,680 [pool-131-thread-1] INFO  segmented.SegmentedRaftLogWorker (SegmentedRaftLogWorker.java:lambda$new$0(133)) - 261209be-28ef-4355-9139-e0c9130c0917@group-C763380432DA-SegmentedRaftLogWorker: safeCacheEvictIndex: setUnconditionally 0 -> -1
2021-10-08 06:50:18,680 [pool-131-thread-1] INFO  server.RaftServerConfigKeys (ConfUtils.java:logGet(44)) - raft.server.snapshot.auto.trigger.enabled = true (custom)
2021-10-08 06:50:18,683 [pool-131-thread-1] INFO  server.RaftServerConfigKeys (ConfUtils.java:logGet(44)) - raft.server.snapshot.auto.trigger.threshold = 1 (custom)
2021-10-08 06:50:18,684 [pool-131-thread-1] INFO  server.RaftServerConfigKeys (ConfUtils.java:logGet(44)) - raft.server.snapshot.retention.file.num = 5 (custom)
2021-10-08 06:50:18,684 [pool-131-thread-1] INFO  server.RaftServerConfigKeys (ConfUtils.java:logGet(44)) - raft.server.log.purge.upto.snapshot.index = false (default)
2021-10-08 06:50:18,684 [pool-131-thread-1] INFO  server.RaftServerConfigKeys (ConfUtils.java:logGet(44)) - raft.server.retrycache.expirytime = 600000ms (custom)
2021-10-08 06:50:18,684 [pool-131-thread-1] INFO  server.RaftServerConfigKeys (ConfUtils.java:logGet(44)) - raft.server.retrycache.statistics.expirytime = 100μs (default)
2021-10-08 06:50:18,687 [pool-131-thread-1] INFO  server.RaftServer$Division (RaftServerImpl.java:start(296)) - 261209be-28ef-4355-9139-e0c9130c0917@group-C763380432DA: start as a follower, conf=-1: [261209be-28ef-4355-9139-e0c9130c0917|rpc:10.1.0.41:46475|priority:1], old=null
2021-10-08 06:50:18,687 [pool-131-thread-1] INFO  server.RaftServer$Division (RaftServerImpl.java:setRole(285)) - 261209be-28ef-4355-9139-e0c9130c0917@group-C763380432DA: changes role from      null to FOLLOWER at term 0 for startAsFollower
2021-10-08 06:50:18,687 [pool-131-thread-1] INFO  impl.RoleInfo (RoleInfo.java:updateAndGet(130)) - 261209be-28ef-4355-9139-e0c9130c0917: start 261209be-28ef-4355-9139-e0c9130c0917@group-C763380432DA-FollowerState
2021-10-08 06:50:18,692 [pool-131-thread-1] INFO  util.JmxRegister (JmxRegister.java:tryRegister(44)) - Successfully registered JMX Bean with object name Ratis:service=RaftServer,group=group-C763380432DA,id=261209be-28ef-4355-9139-e0c9130c0917
2021-10-08 06:50:18,697 [Command processor thread] INFO  ratis.XceiverServerRatis (XceiverServerRatis.java:addGroup(763)) - Created group PipelineID=6a206204-07d6-4511-b108-c763380432da
2021-10-08 06:50:18,697 [Command processor thread] INFO  commandhandler.CreatePipelineCommandHandler (CreatePipelineCommandHandler.java:handle(106)) - Created Pipeline RATIS ONE PipelineID=6a206204-07d6-4511-b108-c763380432da.
2021-10-08 06:50:18,698 [Command processor thread] INFO  server.RaftServer (RaftServerProxy.java:addNew(95)) - 261209be-28ef-4355-9139-e0c9130c0917: addNew group-6D803728E873:[755fa3d2-afbb-4da0-b7d5-3f8cca48efc0|rpc:10.1.0.41:41275|priority:1, 1889d587-8326-4b26-910d-bf0ca9430b50|rpc:10.1.0.41:43171|priority:0, 261209be-28ef-4355-9139-e0c9130c0917|rpc:10.1.0.41:46475|priority:0] returns group-6D803728E873:java.util.concurrent.CompletableFuture@6ea988c5[Not completed]
2021-10-08 06:50:18,699 [pool-131-thread-1] INFO  server.RaftServer$Division (RaftServerImpl.java:<init>(181)) - 261209be-28ef-4355-9139-e0c9130c0917: new RaftServerImpl for group-6D803728E873:[755fa3d2-afbb-4da0-b7d5-3f8cca48efc0|rpc:10.1.0.41:41275|priority:1, 1889d587-8326-4b26-910d-bf0ca9430b50|rpc:10.1.0.41:43171|priority:0, 261209be-28ef-4355-9139-e0c9130c0917|rpc:10.1.0.41:46475|priority:0] with ContainerStateMachine:uninitialized
2021-10-08 06:50:18,699 [pool-131-thread-1] INFO  server.RaftServerConfigKeys (ConfUtils.java:logGet(44)) - raft.server.rpc.timeout.min = 5s (custom)
2021-10-08 06:50:18,699 [pool-131-thread-1] INFO  server.RaftServerConfigKeys (ConfUtils.java:logGet(44)) - raft.server.rpc.timeout.max = 5200ms (custom)
2021-10-08 06:50:18,699 [pool-131-thread-1] INFO  server.RaftServerConfigKeys (ConfUtils.java:logGet(44)) - raft.server.rpc.sleep.time = 25ms (default)
2021-10-08 06:50:18,699 [pool-131-thread-1] INFO  server.RaftServerConfigKeys (ConfUtils.java:logGet(44)) - raft.server.rpc.slowness.timeout = 300000ms (custom)
2021-10-08 06:50:18,699 [pool-131-thread-1] INFO  server.RaftServerConfigKeys (ConfUtils.java:logGet(44)) - raft.server.leaderelection.leader.step-down.wait-time = 10s (default)
2021-10-08 06:50:18,699 [pool-131-thread-1] INFO  server.RaftServerConfigKeys (ConfUtils.java:logGet(44)) - raft.server.sleep.deviation.threshold = 300ms (default)
2021-10-08 06:50:18,699 [pool-131-thread-1] INFO  server.RaftServerConfigKeys (ConfUtils.java:logGet(44)) - raft.server.log.appender.install.snapshot.enabled = false (custom)
2021-10-08 06:50:18,699 [pool-131-thread-1] INFO  server.RaftServer$Division (ServerState.java:<init>(105)) - 261209be-28ef-4355-9139-e0c9130c0917@group-6D803728E873: ConfigurationManager, init=-1: [755fa3d2-afbb-4da0-b7d5-3f8cca48efc0|rpc:10.1.0.41:41275|priority:1, 1889d587-8326-4b26-910d-bf0ca9430b50|rpc:10.1.0.41:43171|priority:0, 261209be-28ef-4355-9139-e0c9130c0917|rpc:10.1.0.41:46475|priority:0], old=null, confs=<EMPTY_MAP>
2021-10-08 06:50:18,699 [pool-131-thread-1] INFO  server.RaftServerConfigKeys (ConfUtils.java:logGet(44)) - raft.server.storage.dir = [/home/runner/work/ozone/ozone/hadoop-ozone/integration-test/target/test-dir/MiniOzoneClusterImpl-22559c4f-4ba5-459a-8a40-bbe24e716d33/datanode-4/data/ratis] (custom)
2021-10-08 06:50:18,700 [pool-131-thread-1] INFO  server.RaftServerConfigKeys (ConfUtils.java:logGet(44)) - raft.server.log.corruption.policy = EXCEPTION (default)
2021-10-08 06:50:18,700 [pool-131-thread-1] INFO  server.RaftServerConfigKeys (ConfUtils.java:logGet(44)) - raft.server.storage.free-space.min = 0MB (=0) (default)
2021-10-08 06:50:18,700 [pool-131-thread-1] INFO  storage.RaftStorageDirectory (RaftStorageDirectoryImpl.java:analyzeStorage(135)) - The storage directory /home/runner/work/ozone/ozone/hadoop-ozone/integration-test/target/test-dir/MiniOzoneClusterImpl-22559c4f-4ba5-459a-8a40-bbe24e716d33/datanode-4/data/ratis/81315c55-35e4-45c6-9d64-6d803728e873 does not exist. Creating ...
2021-10-08 06:50:18,701 [pool-131-thread-1] INFO  storage.RaftStorageDirectory (RaftStorageDirectoryImpl.java:tryLock(230)) - Lock on /home/runner/work/ozone/ozone/hadoop-ozone/integration-test/target/test-dir/MiniOzoneClusterImpl-22559c4f-4ba5-459a-8a40-bbe24e716d33/datanode-4/data/ratis/81315c55-35e4-45c6-9d64-6d803728e873/in_use.lock acquired by nodename 13400@fv-az116-933
2021-10-08 06:50:18,702 [pool-131-thread-1] INFO  storage.RaftStorage (RaftStorageImpl.java:format(89)) - Storage directory /home/runner/work/ozone/ozone/hadoop-ozone/integration-test/target/test-dir/MiniOzoneClusterImpl-22559c4f-4ba5-459a-8a40-bbe24e716d33/datanode-4/data/ratis/81315c55-35e4-45c6-9d64-6d803728e873 has been successfully formatted.
2021-10-08 06:50:18,703 [pool-131-thread-1] INFO  ratis.ContainerStateMachine (ContainerStateMachine.java:loadSnapshot(224)) - group-6D803728E873: The snapshot info is null. Setting the last applied indexto:(t:0, i:~)
2021-10-08 06:50:18,703 [Datanode State Machine Thread - 0] WARN  statemachine.StateContext (StateContext.java:execute(621)) - No available thread in pool for past 0 seconds.
2021-10-08 06:50:18,703 [pool-131-thread-1] INFO  server.RaftServerConfigKeys (ConfUtils.java:logGet(44)) - raft.server.notification.no-leader.timeout = 300000ms (custom)
2021-10-08 06:50:18,703 [pool-131-thread-1] INFO  server.RaftServerConfigKeys (ConfUtils.java:logGet(44)) - raft.server.log.use.memory = false (default)
2021-10-08 06:50:18,703 [pool-131-thread-1] INFO  server.RaftServerConfigKeys (ConfUtils.java:logGet(44)) - raft.server.log.purge.gap = 1000000 (custom)
2021-10-08 06:50:18,703 [pool-131-thread-1] INFO  server.RaftServerConfigKeys (ConfUtils.java:logGet(44)) - raft.server.log.appender.buffer.byte-limit = 33554432 (custom)
2021-10-08 06:50:18,703 [pool-131-thread-1] INFO  server.RaftServerConfigKeys (ConfUtils.java:logGet(44)) - raft.server.log.segment.size.max = 1048576 (custom)
2021-10-08 06:50:18,704 [EventQueue-OpenPipelineForHealthyPipelineSafeModeRule] INFO  safemode.SCMSafeModeManager (HealthyPipelineSafeModeRule.java:process(124)) - SCM in safe mode. Healthy pipelines reported count is 0, required healthy pipeline reported count is 1
2021-10-08 06:50:18,704 [pool-131-thread-1] INFO  server.RaftServerConfigKeys (ConfUtils.java:logGet(44)) - raft.server.log.segment.cache.num.max = 2 (custom)
2021-10-08 06:50:18,704 [pool-131-thread-1] INFO  server.RaftServerConfigKeys (ConfUtils.java:logGet(44)) - raft.server.log.segment.cache.size.max = 200MB (=209715200) (default)
2021-10-08 06:50:18,704 [pool-131-thread-1] INFO  segmented.SegmentedRaftLogWorker (SegmentedRaftLogWorker.java:<init>(182)) - new 261209be-28ef-4355-9139-e0c9130c0917@group-6D803728E873-SegmentedRaftLogWorker for RaftStorageImpl:Storage Directory /home/runner/work/ozone/ozone/hadoop-ozone/integration-test/target/test-dir/MiniOzoneClusterImpl-22559c4f-4ba5-459a-8a40-bbe24e716d33/datanode-4/data/ratis/81315c55-35e4-45c6-9d64-6d803728e873
2021-10-08 06:50:18,704 [pool-131-thread-1] INFO  server.RaftServerConfigKeys (ConfUtils.java:logGet(44)) - raft.server.log.queue.byte-limit = 2147483647 (custom)
2021-10-08 06:50:18,704 [pool-131-thread-1] INFO  server.RaftServerConfigKeys (ConfUtils.java:logGet(44)) - raft.server.log.queue.element-limit = 1024 (custom)
2021-10-08 06:50:18,705 [pool-131-thread-1] INFO  server.RaftServerConfigKeys (ConfUtils.java:logGet(44)) - raft.server.log.segment.size.max = 1048576 (custom)
2021-10-08 06:50:18,705 [pool-131-thread-1] INFO  server.RaftServerConfigKeys (ConfUtils.java:logGet(44)) - raft.server.log.preallocated.size = 16384 (custom)
2021-10-08 06:50:18,705 [pool-131-thread-1] INFO  server.RaftServerConfigKeys (ConfUtils.java:logGet(44)) - raft.server.log.force.sync.num = 128 (default)
2021-10-08 06:50:18,705 [pool-131-thread-1] INFO  server.RaftServerConfigKeys (ConfUtils.java:logGet(44)) - raft.server.log.statemachine.data.sync = true (default)
2021-10-08 06:50:18,705 [pool-131-thread-1] INFO  server.RaftServerConfigKeys (ConfUtils.java:logGet(44)) - raft.server.log.statemachine.data.sync.timeout = 10s (default)
2021-10-08 06:50:18,705 [pool-131-thread-1] INFO  server.RaftServerConfigKeys (ConfUtils.java:logGet(44)) - raft.server.log.statemachine.data.sync.timeout.retry = -1 (default)
2021-10-08 06:50:18,707 [pool-131-thread-1] INFO  server.RaftServerConfigKeys (ConfUtils.java:logGet(44)) - raft.server.log.write.buffer.size = 1048576 (custom)
2021-10-08 06:50:18,707 [pool-131-thread-1] INFO  server.RaftServerConfigKeys (ConfUtils.java:logGet(44)) - raft.server.log.statemachine.data.caching.enabled = true (custom)
2021-10-08 06:50:18,708 [pool-131-thread-1] INFO  segmented.SegmentedRaftLogWorker (SegmentedRaftLogWorker.java:lambda$new$0(133)) - 261209be-28ef-4355-9139-e0c9130c0917@group-6D803728E873-SegmentedRaftLogWorker: flushIndex: setUnconditionally 0 -> -1
2021-10-08 06:50:18,712 [pool-131-thread-1] INFO  segmented.SegmentedRaftLogWorker (SegmentedRaftLogWorker.java:lambda$new$0(133)) - 261209be-28ef-4355-9139-e0c9130c0917@group-6D803728E873-SegmentedRaftLogWorker: safeCacheEvictIndex: setUnconditionally 0 -> -1
2021-10-08 06:50:18,714 [pool-131-thread-1] INFO  server.RaftServerConfigKeys (ConfUtils.java:logGet(44)) - raft.server.snapshot.auto.trigger.enabled = true (custom)
2021-10-08 06:50:18,714 [pool-131-thread-1] INFO  server.RaftServerConfigKeys (ConfUtils.java:logGet(44)) - raft.server.snapshot.auto.trigger.threshold = 1 (custom)
2021-10-08 06:50:18,714 [pool-131-thread-1] INFO  server.RaftServerConfigKeys (ConfUtils.java:logGet(44)) - raft.server.snapshot.retention.file.num = 5 (custom)
2021-10-08 06:50:18,715 [pool-131-thread-1] INFO  server.RaftServerConfigKeys (ConfUtils.java:logGet(44)) - raft.server.log.purge.upto.snapshot.index = false (default)
2021-10-08 06:50:18,715 [pool-131-thread-1] INFO  server.RaftServerConfigKeys (ConfUtils.java:logGet(44)) - raft.server.retrycache.expirytime = 600000ms (custom)
2021-10-08 06:50:18,715 [pool-131-thread-1] INFO  server.RaftServerConfigKeys (ConfUtils.java:logGet(44)) - raft.server.retrycache.statistics.expirytime = 100μs (default)
2021-10-08 06:50:18,717 [pool-131-thread-1] INFO  server.RaftServer$Division (RaftServerImpl.java:start(296)) - 261209be-28ef-4355-9139-e0c9130c0917@group-6D803728E873: start as a follower, conf=-1: [755fa3d2-afbb-4da0-b7d5-3f8cca48efc0|rpc:10.1.0.41:41275|priority:1, 1889d587-8326-4b26-910d-bf0ca9430b50|rpc:10.1.0.41:43171|priority:0, 261209be-28ef-4355-9139-e0c9130c0917|rpc:10.1.0.41:46475|priority:0], old=null
2021-10-08 06:50:18,718 [pool-131-thread-1] INFO  server.RaftServer$Division (RaftServerImpl.java:setRole(285)) - 261209be-28ef-4355-9139-e0c9130c0917@group-6D803728E873: changes role from      null to FOLLOWER at term 0 for startAsFollower
2021-10-08 06:50:18,718 [pool-131-thread-1] INFO  impl.RoleInfo (RoleInfo.java:updateAndGet(130)) - 261209be-28ef-4355-9139-e0c9130c0917: start 261209be-28ef-4355-9139-e0c9130c0917@group-6D803728E873-FollowerState
2021-10-08 06:50:18,718 [pool-131-thread-1] INFO  util.JmxRegister (JmxRegister.java:tryRegister(44)) - Successfully registered JMX Bean with object name Ratis:service=RaftServer,group=group-6D803728E873,id=261209be-28ef-4355-9139-e0c9130c0917
2021-10-08 06:50:18,719 [Command processor thread] INFO  ratis.XceiverServerRatis (XceiverServerRatis.java:addGroup(763)) - Created group PipelineID=81315c55-35e4-45c6-9d64-6d803728e873
2021-10-08 06:50:18,744 [EventQueue-OpenPipelineForHealthyPipelineSafeModeRule] INFO  safemode.SCMSafeModeManager (HealthyPipelineSafeModeRule.java:process(124)) - SCM in safe mode. Healthy pipelines reported count is 0, required healthy pipeline reported count is 1
2021-10-08 06:50:18,806 [Command processor thread] INFO  commandhandler.CreatePipelineCommandHandler (CreatePipelineCommandHandler.java:handle(106)) - Created Pipeline RATIS THREE PipelineID=81315c55-35e4-45c6-9d64-6d803728e873.
2021-10-08 06:50:18,806 [Command processor thread] INFO  server.RaftServer (RaftServerProxy.java:addNew(95)) - 1889d587-8326-4b26-910d-bf0ca9430b50: addNew group-C0C7C3312935:[755fa3d2-afbb-4da0-b7d5-3f8cca48efc0|rpc:10.1.0.41:41275|priority:0, 1889d587-8326-4b26-910d-bf0ca9430b50|rpc:10.1.0.41:43171|priority:1, 261209be-28ef-4355-9139-e0c9130c0917|rpc:10.1.0.41:46475|priority:0] returns group-C0C7C3312935:java.util.concurrent.CompletableFuture@78ee51ac[Not completed]
2021-10-08 06:50:18,807 [pool-112-thread-1] INFO  server.RaftServer$Division (RaftServerImpl.java:<init>(181)) - 1889d587-8326-4b26-910d-bf0ca9430b50: new RaftServerImpl for group-C0C7C3312935:[755fa3d2-afbb-4da0-b7d5-3f8cca48efc0|rpc:10.1.0.41:41275|priority:0, 1889d587-8326-4b26-910d-bf0ca9430b50|rpc:10.1.0.41:43171|priority:1, 261209be-28ef-4355-9139-e0c9130c0917|rpc:10.1.0.41:46475|priority:0] with ContainerStateMachine:uninitialized
2021-10-08 06:50:18,807 [pool-112-thread-1] INFO  server.RaftServerConfigKeys (ConfUtils.java:logGet(44)) - raft.server.rpc.timeout.min = 5s (custom)
2021-10-08 06:50:18,807 [pool-112-thread-1] INFO  server.RaftServerConfigKeys (ConfUtils.java:logGet(44)) - raft.server.rpc.timeout.max = 5200ms (custom)
2021-10-08 06:50:18,807 [pool-112-thread-1] INFO  server.RaftServerConfigKeys (ConfUtils.java:logGet(44)) - raft.server.rpc.sleep.time = 25ms (default)
2021-10-08 06:50:18,808 [pool-112-thread-1] INFO  server.RaftServerConfigKeys (ConfUtils.java:logGet(44)) - raft.server.rpc.slowness.timeout = 300000ms (custom)
2021-10-08 06:50:18,808 [pool-112-thread-1] INFO  server.RaftServerConfigKeys (ConfUtils.java:logGet(44)) - raft.server.leaderelection.leader.step-down.wait-time = 10s (default)
2021-10-08 06:50:18,808 [pool-112-thread-1] INFO  server.RaftServerConfigKeys (ConfUtils.java:logGet(44)) - raft.server.sleep.deviation.threshold = 300ms (default)
2021-10-08 06:50:18,808 [pool-112-thread-1] INFO  server.RaftServerConfigKeys (ConfUtils.java:logGet(44)) - raft.server.log.appender.install.snapshot.enabled = false (custom)
2021-10-08 06:50:18,808 [pool-112-thread-1] INFO  server.RaftServer$Division (ServerState.java:<init>(105)) - 1889d587-8326-4b26-910d-bf0ca9430b50@group-C0C7C3312935: ConfigurationManager, init=-1: [755fa3d2-afbb-4da0-b7d5-3f8cca48efc0|rpc:10.1.0.41:41275|priority:0, 1889d587-8326-4b26-910d-bf0ca9430b50|rpc:10.1.0.41:43171|priority:1, 261209be-28ef-4355-9139-e0c9130c0917|rpc:10.1.0.41:46475|priority:0], old=null, confs=<EMPTY_MAP>
2021-10-08 06:50:18,808 [pool-112-thread-1] INFO  server.RaftServerConfigKeys (ConfUtils.java:logGet(44)) - raft.server.storage.dir = [/home/runner/work/ozone/ozone/hadoop-ozone/integration-test/target/test-dir/MiniOzoneClusterImpl-22559c4f-4ba5-459a-8a40-bbe24e716d33/datanode-3/data/ratis] (custom)
2021-10-08 06:50:18,808 [pool-112-thread-1] INFO  server.RaftServerConfigKeys (ConfUtils.java:logGet(44)) - raft.server.log.corruption.policy = EXCEPTION (default)
2021-10-08 06:50:18,808 [pool-112-thread-1] INFO  server.RaftServerConfigKeys (ConfUtils.java:logGet(44)) - raft.server.storage.free-space.min = 0MB (=0) (default)
2021-10-08 06:50:18,808 [pool-112-thread-1] INFO  storage.RaftStorageDirectory (RaftStorageDirectoryImpl.java:analyzeStorage(135)) - The storage directory /home/runner/work/ozone/ozone/hadoop-ozone/integration-test/target/test-dir/MiniOzoneClusterImpl-22559c4f-4ba5-459a-8a40-bbe24e716d33/datanode-3/data/ratis/c7ba97dd-f42f-4a11-95de-c0c7c3312935 does not exist. Creating ...
2021-10-08 06:50:18,812 [pool-112-thread-1] INFO  storage.RaftStorageDirectory (RaftStorageDirectoryImpl.java:tryLock(230)) - Lock on /home/runner/work/ozone/ozone/hadoop-ozone/integration-test/target/test-dir/MiniOzoneClusterImpl-22559c4f-4ba5-459a-8a40-bbe24e716d33/datanode-3/data/ratis/c7ba97dd-f42f-4a11-95de-c0c7c3312935/in_use.lock acquired by nodename 13400@fv-az116-933
2021-10-08 06:50:18,816 [EventQueue-OpenPipelineForHealthyPipelineSafeModeRule] INFO  safemode.SCMSafeModeManager (HealthyPipelineSafeModeRule.java:process(124)) - SCM in safe mode. Healthy pipelines reported count is 0, required healthy pipeline reported count is 1
2021-10-08 06:50:18,819 [pool-112-thread-1] INFO  storage.RaftStorage (RaftStorageImpl.java:format(89)) - Storage directory /home/runner/work/ozone/ozone/hadoop-ozone/integration-test/target/test-dir/MiniOzoneClusterImpl-22559c4f-4ba5-459a-8a40-bbe24e716d33/datanode-3/data/ratis/c7ba97dd-f42f-4a11-95de-c0c7c3312935 has been successfully formatted.
2021-10-08 06:50:18,820 [pool-112-thread-1] INFO  ratis.ContainerStateMachine (ContainerStateMachine.java:loadSnapshot(224)) - group-C0C7C3312935: The snapshot info is null. Setting the last applied indexto:(t:0, i:~)
2021-10-08 06:50:18,821 [EventQueue-OpenPipelineForHealthyPipelineSafeModeRule] INFO  safemode.SCMSafeModeManager (HealthyPipelineSafeModeRule.java:process(124)) - SCM in safe mode. Healthy pipelines reported count is 0, required healthy pipeline reported count is 1
2021-10-08 06:50:18,822 [pool-112-thread-1] INFO  server.RaftServerConfigKeys (ConfUtils.java:logGet(44)) - raft.server.notification.no-leader.timeout = 300000ms (custom)
2021-10-08 06:50:18,822 [pool-112-thread-1] INFO  server.RaftServerConfigKeys (ConfUtils.java:logGet(44)) - raft.server.log.use.memory = false (default)
2021-10-08 06:50:18,822 [pool-112-thread-1] INFO  server.RaftServerConfigKeys (ConfUtils.java:logGet(44)) - raft.server.log.purge.gap = 1000000 (custom)
2021-10-08 06:50:18,822 [pool-112-thread-1] INFO  server.RaftServerConfigKeys (ConfUtils.java:logGet(44)) - raft.server.log.appender.buffer.byte-limit = 33554432 (custom)
2021-10-08 06:50:18,822 [pool-112-thread-1] INFO  server.RaftServerConfigKeys (ConfUtils.java:logGet(44)) - raft.server.log.segment.size.max = 1048576 (custom)
2021-10-08 06:50:18,823 [pool-112-thread-1] INFO  server.RaftServerConfigKeys (ConfUtils.java:logGet(44)) - raft.server.log.segment.cache.num.max = 2 (custom)
2021-10-08 06:50:18,823 [pool-112-thread-1] INFO  server.RaftServerConfigKeys (ConfUtils.java:logGet(44)) - raft.server.log.segment.cache.size.max = 200MB (=209715200) (default)
2021-10-08 06:50:18,823 [pool-112-thread-1] INFO  segmented.SegmentedRaftLogWorker (SegmentedRaftLogWorker.java:<init>(182)) - new 1889d587-8326-4b26-910d-bf0ca9430b50@group-C0C7C3312935-SegmentedRaftLogWorker for RaftStorageImpl:Storage Directory /home/runner/work/ozone/ozone/hadoop-ozone/integration-test/target/test-dir/MiniOzoneClusterImpl-22559c4f-4ba5-459a-8a40-bbe24e716d33/datanode-3/data/ratis/c7ba97dd-f42f-4a11-95de-c0c7c3312935
2021-10-08 06:50:18,823 [pool-112-thread-1] INFO  server.RaftServerConfigKeys (ConfUtils.java:logGet(44)) - raft.server.log.queue.byte-limit = 2147483647 (custom)
2021-10-08 06:50:18,823 [pool-112-thread-1] INFO  server.RaftServerConfigKeys (ConfUtils.java:logGet(44)) - raft.server.log.queue.element-limit = 1024 (custom)
2021-10-08 06:50:18,823 [pool-112-thread-1] INFO  server.RaftServerConfigKeys (ConfUtils.java:logGet(44)) - raft.server.log.segment.size.max = 1048576 (custom)
2021-10-08 06:50:18,823 [pool-112-thread-1] INFO  server.RaftServerConfigKeys (ConfUtils.java:logGet(44)) - raft.server.log.preallocated.size = 16384 (custom)
2021-10-08 06:50:18,823 [pool-112-thread-1] INFO  server.RaftServerConfigKeys (ConfUtils.java:logGet(44)) - raft.server.log.force.sync.num = 128 (default)
2021-10-08 06:50:18,823 [pool-112-thread-1] INFO  server.RaftServerConfigKeys (ConfUtils.java:logGet(44)) - raft.server.log.statemachine.data.sync = true (default)
2021-10-08 06:50:18,824 [pool-112-thread-1] INFO  server.RaftServerConfigKeys (ConfUtils.java:logGet(44)) - raft.server.log.statemachine.data.sync.timeout = 10s (default)
2021-10-08 06:50:18,824 [pool-112-thread-1] INFO  server.RaftServerConfigKeys (ConfUtils.java:logGet(44)) - raft.server.log.statemachine.data.sync.timeout.retry = -1 (default)
2021-10-08 06:50:18,825 [pool-112-thread-1] INFO  server.RaftServerConfigKeys (ConfUtils.java:logGet(44)) - raft.server.log.write.buffer.size = 1048576 (custom)
2021-10-08 06:50:18,826 [pool-112-thread-1] INFO  server.RaftServerConfigKeys (ConfUtils.java:logGet(44)) - raft.server.log.statemachine.data.caching.enabled = true (custom)
2021-10-08 06:50:18,826 [pool-112-thread-1] INFO  segmented.SegmentedRaftLogWorker (SegmentedRaftLogWorker.java:lambda$new$0(133)) - 1889d587-8326-4b26-910d-bf0ca9430b50@group-C0C7C3312935-SegmentedRaftLogWorker: flushIndex: setUnconditionally 0 -> -1
2021-10-08 06:50:18,826 [pool-112-thread-1] INFO  segmented.SegmentedRaftLogWorker (SegmentedRaftLogWorker.java:lambda$new$0(133)) - 1889d587-8326-4b26-910d-bf0ca9430b50@group-C0C7C3312935-SegmentedRaftLogWorker: safeCacheEvictIndex: setUnconditionally 0 -> -1
2021-10-08 06:50:18,827 [pool-112-thread-1] INFO  server.RaftServerConfigKeys (ConfUtils.java:logGet(44)) - raft.server.snapshot.auto.trigger.enabled = true (custom)
2021-10-08 06:50:18,833 [pool-112-thread-1] INFO  server.RaftServerConfigKeys (ConfUtils.java:logGet(44)) - raft.server.snapshot.auto.trigger.threshold = 1 (custom)
2021-10-08 06:50:18,834 [pool-112-thread-1] INFO  server.RaftServerConfigKeys (ConfUtils.java:logGet(44)) - raft.server.snapshot.retention.file.num = 5 (custom)
2021-10-08 06:50:18,834 [pool-112-thread-1] INFO  server.RaftServerConfigKeys (ConfUtils.java:logGet(44)) - raft.server.log.purge.upto.snapshot.index = false (default)
2021-10-08 06:50:18,834 [pool-112-thread-1] INFO  server.RaftServerConfigKeys (ConfUtils.java:logGet(44)) - raft.server.retrycache.expirytime = 600000ms (custom)
2021-10-08 06:50:18,834 [pool-112-thread-1] INFO  server.RaftServerConfigKeys (ConfUtils.java:logGet(44)) - raft.server.retrycache.statistics.expirytime = 100μs (default)
2021-10-08 06:50:18,835 [pool-112-thread-1] INFO  server.RaftServer$Division (RaftServerImpl.java:start(296)) - 1889d587-8326-4b26-910d-bf0ca9430b50@group-C0C7C3312935: start as a follower, conf=-1: [755fa3d2-afbb-4da0-b7d5-3f8cca48efc0|rpc:10.1.0.41:41275|priority:0, 1889d587-8326-4b26-910d-bf0ca9430b50|rpc:10.1.0.41:43171|priority:1, 261209be-28ef-4355-9139-e0c9130c0917|rpc:10.1.0.41:46475|priority:0], old=null
2021-10-08 06:50:18,835 [pool-112-thread-1] INFO  server.RaftServer$Division (RaftServerImpl.java:setRole(285)) - 1889d587-8326-4b26-910d-bf0ca9430b50@group-C0C7C3312935: changes role from      null to FOLLOWER at term 0 for startAsFollower
2021-10-08 06:50:18,835 [pool-112-thread-1] INFO  impl.RoleInfo (RoleInfo.java:updateAndGet(130)) - 1889d587-8326-4b26-910d-bf0ca9430b50: start 1889d587-8326-4b26-910d-bf0ca9430b50@group-C0C7C3312935-FollowerState
2021-10-08 06:50:18,836 [Command processor thread] INFO  commandhandler.CreatePipelineCommandHandler (CreatePipelineCommandHandler.java:handle(106)) - Created Pipeline RATIS THREE PipelineID=81315c55-35e4-45c6-9d64-6d803728e873.
2021-10-08 06:50:18,836 [Command processor thread] INFO  server.RaftServer (RaftServerProxy.java:addNew(95)) - 261209be-28ef-4355-9139-e0c9130c0917: addNew group-C0C7C3312935:[755fa3d2-afbb-4da0-b7d5-3f8cca48efc0|rpc:10.1.0.41:41275|priority:0, 1889d587-8326-4b26-910d-bf0ca9430b50|rpc:10.1.0.41:43171|priority:1, 261209be-28ef-4355-9139-e0c9130c0917|rpc:10.1.0.41:46475|priority:0] returns group-C0C7C3312935:java.util.concurrent.CompletableFuture@1be4b02a[Not completed]
2021-10-08 06:50:18,838 [pool-131-thread-1] INFO  server.RaftServer$Division (RaftServerImpl.java:<init>(181)) - 261209be-28ef-4355-9139-e0c9130c0917: new RaftServerImpl for group-C0C7C3312935:[755fa3d2-afbb-4da0-b7d5-3f8cca48efc0|rpc:10.1.0.41:41275|priority:0, 1889d587-8326-4b26-910d-bf0ca9430b50|rpc:10.1.0.41:43171|priority:1, 261209be-28ef-4355-9139-e0c9130c0917|rpc:10.1.0.41:46475|priority:0] with ContainerStateMachine:uninitialized
2021-10-08 06:50:18,838 [pool-131-thread-1] INFO  server.RaftServerConfigKeys (ConfUtils.java:logGet(44)) - raft.server.rpc.timeout.min = 5s (custom)
2021-10-08 06:50:18,838 [pool-131-thread-1] INFO  server.RaftServerConfigKeys (ConfUtils.java:logGet(44)) - raft.server.rpc.timeout.max = 5200ms (custom)
2021-10-08 06:50:18,839 [pool-131-thread-1] INFO  server.RaftServerConfigKeys (ConfUtils.java:logGet(44)) - raft.server.rpc.sleep.time = 25ms (default)
2021-10-08 06:50:18,839 [pool-131-thread-1] INFO  server.RaftServerConfigKeys (ConfUtils.java:logGet(44)) - raft.server.rpc.slowness.timeout = 300000ms (custom)
2021-10-08 06:50:18,839 [pool-131-thread-1] INFO  server.RaftServerConfigKeys (ConfUtils.java:logGet(44)) - raft.server.leaderelection.leader.step-down.wait-time = 10s (default)
2021-10-08 06:50:18,839 [pool-131-thread-1] INFO  server.RaftServerConfigKeys (ConfUtils.java:logGet(44)) - raft.server.sleep.deviation.threshold = 300ms (default)
2021-10-08 06:50:18,839 [pool-131-thread-1] INFO  server.RaftServerConfigKeys (ConfUtils.java:logGet(44)) - raft.server.log.appender.install.snapshot.enabled = false (custom)
2021-10-08 06:50:18,839 [pool-131-thread-1] INFO  server.RaftServer$Division (ServerState.java:<init>(105)) - 261209be-28ef-4355-9139-e0c9130c0917@group-C0C7C3312935: ConfigurationManager, init=-1: [755fa3d2-afbb-4da0-b7d5-3f8cca48efc0|rpc:10.1.0.41:41275|priority:0, 1889d587-8326-4b26-910d-bf0ca9430b50|rpc:10.1.0.41:43171|priority:1, 261209be-28ef-4355-9139-e0c9130c0917|rpc:10.1.0.41:46475|priority:0], old=null, confs=<EMPTY_MAP>
2021-10-08 06:50:18,839 [pool-131-thread-1] INFO  server.RaftServerConfigKeys (ConfUtils.java:logGet(44)) - raft.server.storage.dir = [/home/runner/work/ozone/ozone/hadoop-ozone/integration-test/target/test-dir/MiniOzoneClusterImpl-22559c4f-4ba5-459a-8a40-bbe24e716d33/datanode-4/data/ratis] (custom)
2021-10-08 06:50:18,839 [pool-131-thread-1] INFO  server.RaftServerConfigKeys (ConfUtils.java:logGet(44)) - raft.server.log.corruption.policy = EXCEPTION (default)
2021-10-08 06:50:18,839 [pool-131-thread-1] INFO  server.RaftServerConfigKeys (ConfUtils.java:logGet(44)) - raft.server.storage.free-space.min = 0MB (=0) (default)
2021-10-08 06:50:18,840 [pool-131-thread-1] INFO  storage.RaftStorageDirectory (RaftStorageDirectoryImpl.java:analyzeStorage(135)) - The storage directory /home/runner/work/ozone/ozone/hadoop-ozone/integration-test/target/test-dir/MiniOzoneClusterImpl-22559c4f-4ba5-459a-8a40-bbe24e716d33/datanode-4/data/ratis/c7ba97dd-f42f-4a11-95de-c0c7c3312935 does not exist. Creating ...
2021-10-08 06:50:18,841 [pool-131-thread-1] INFO  storage.RaftStorageDirectory (RaftStorageDirectoryImpl.java:tryLock(230)) - Lock on /home/runner/work/ozone/ozone/hadoop-ozone/integration-test/target/test-dir/MiniOzoneClusterImpl-22559c4f-4ba5-459a-8a40-bbe24e716d33/datanode-4/data/ratis/c7ba97dd-f42f-4a11-95de-c0c7c3312935/in_use.lock acquired by nodename 13400@fv-az116-933
2021-10-08 06:50:18,841 [pool-112-thread-1] INFO  util.JmxRegister (JmxRegister.java:tryRegister(44)) - Successfully registered JMX Bean with object name Ratis:service=RaftServer,group=group-C0C7C3312935,id=1889d587-8326-4b26-910d-bf0ca9430b50
2021-10-08 06:50:18,843 [pool-131-thread-1] INFO  storage.RaftStorage (RaftStorageImpl.java:format(89)) - Storage directory /home/runner/work/ozone/ozone/hadoop-ozone/integration-test/target/test-dir/MiniOzoneClusterImpl-22559c4f-4ba5-459a-8a40-bbe24e716d33/datanode-4/data/ratis/c7ba97dd-f42f-4a11-95de-c0c7c3312935 has been successfully formatted.
2021-10-08 06:50:18,845 [Command processor thread] INFO  ratis.XceiverServerRatis (XceiverServerRatis.java:addGroup(763)) - Created group PipelineID=c7ba97dd-f42f-4a11-95de-c0c7c3312935
2021-10-08 06:50:18,848 [pool-131-thread-1] INFO  ratis.ContainerStateMachine (ContainerStateMachine.java:loadSnapshot(224)) - group-C0C7C3312935: The snapshot info is null. Setting the last applied indexto:(t:0, i:~)
2021-10-08 06:50:18,848 [pool-131-thread-1] INFO  server.RaftServerConfigKeys (ConfUtils.java:logGet(44)) - raft.server.notification.no-leader.timeout = 300000ms (custom)
2021-10-08 06:50:18,848 [pool-131-thread-1] INFO  server.RaftServerConfigKeys (ConfUtils.java:logGet(44)) - raft.server.log.use.memory = false (default)
2021-10-08 06:50:18,848 [pool-131-thread-1] INFO  server.RaftServerConfigKeys (ConfUtils.java:logGet(44)) - raft.server.log.purge.gap = 1000000 (custom)
2021-10-08 06:50:18,849 [pool-131-thread-1] INFO  server.RaftServerConfigKeys (ConfUtils.java:logGet(44)) - raft.server.log.appender.buffer.byte-limit = 33554432 (custom)
2021-10-08 06:50:18,849 [pool-131-thread-1] INFO  server.RaftServerConfigKeys (ConfUtils.java:logGet(44)) - raft.server.log.segment.size.max = 1048576 (custom)
2021-10-08 06:50:18,849 [pool-131-thread-1] INFO  server.RaftServerConfigKeys (ConfUtils.java:logGet(44)) - raft.server.log.segment.cache.num.max = 2 (custom)
2021-10-08 06:50:18,849 [pool-131-thread-1] INFO  server.RaftServerConfigKeys (ConfUtils.java:logGet(44)) - raft.server.log.segment.cache.size.max = 200MB (=209715200) (default)
2021-10-08 06:50:18,850 [pool-131-thread-1] INFO  segmented.SegmentedRaftLogWorker (SegmentedRaftLogWorker.java:<init>(182)) - new 261209be-28ef-4355-9139-e0c9130c0917@group-C0C7C3312935-SegmentedRaftLogWorker for RaftStorageImpl:Storage Directory /home/runner/work/ozone/ozone/hadoop-ozone/integration-test/target/test-dir/MiniOzoneClusterImpl-22559c4f-4ba5-459a-8a40-bbe24e716d33/datanode-4/data/ratis/c7ba97dd-f42f-4a11-95de-c0c7c3312935
2021-10-08 06:50:18,850 [pool-131-thread-1] INFO  server.RaftServerConfigKeys (ConfUtils.java:logGet(44)) - raft.server.log.queue.byte-limit = 2147483647 (custom)
2021-10-08 06:50:18,850 [pool-131-thread-1] INFO  server.RaftServerConfigKeys (ConfUtils.java:logGet(44)) - raft.server.log.queue.element-limit = 1024 (custom)
2021-10-08 06:50:18,850 [pool-131-thread-1] INFO  server.RaftServerConfigKeys (ConfUtils.java:logGet(44)) - raft.server.log.segment.size.max = 1048576 (custom)
2021-10-08 06:50:18,850 [pool-131-thread-1] INFO  server.RaftServerConfigKeys (ConfUtils.java:logGet(44)) - raft.server.log.preallocated.size = 16384 (custom)
2021-10-08 06:50:18,850 [pool-131-thread-1] INFO  server.RaftServerConfigKeys (ConfUtils.java:logGet(44)) - raft.server.log.force.sync.num = 128 (default)
2021-10-08 06:50:18,850 [pool-131-thread-1] INFO  server.RaftServerConfigKeys (ConfUtils.java:logGet(44)) - raft.server.log.statemachine.data.sync = true (default)
2021-10-08 06:50:18,850 [pool-131-thread-1] INFO  server.RaftServerConfigKeys (ConfUtils.java:logGet(44)) - raft.server.log.statemachine.data.sync.timeout = 10s (default)
2021-10-08 06:50:18,850 [pool-131-thread-1] INFO  server.RaftServerConfigKeys (ConfUtils.java:logGet(44)) - raft.server.log.statemachine.data.sync.timeout.retry = -1 (default)
2021-10-08 06:50:18,852 [pool-131-thread-1] INFO  server.RaftServerConfigKeys (ConfUtils.java:logGet(44)) - raft.server.log.write.buffer.size = 1048576 (custom)
2021-10-08 06:50:18,852 [pool-131-thread-1] INFO  server.RaftServerConfigKeys (ConfUtils.java:logGet(44)) - raft.server.log.statemachine.data.caching.enabled = true (custom)
2021-10-08 06:50:18,853 [Datanode State Machine Thread - 0] WARN  statemachine.StateContext (StateContext.java:execute(621)) - No available thread in pool for past 0 seconds.
2021-10-08 06:50:18,859 [EventQueue-OpenPipelineForHealthyPipelineSafeModeRule] INFO  safemode.SCMSafeModeManager (HealthyPipelineSafeModeRule.java:process(124)) - SCM in safe mode. Healthy pipelines reported count is 0, required healthy pipeline reported count is 1
2021-10-08 06:50:18,860 [pool-131-thread-1] INFO  segmented.SegmentedRaftLogWorker (SegmentedRaftLogWorker.java:lambda$new$0(133)) - 261209be-28ef-4355-9139-e0c9130c0917@group-C0C7C3312935-SegmentedRaftLogWorker: flushIndex: setUnconditionally 0 -> -1
2021-10-08 06:50:18,860 [pool-131-thread-1] INFO  segmented.SegmentedRaftLogWorker (SegmentedRaftLogWorker.java:lambda$new$0(133)) - 261209be-28ef-4355-9139-e0c9130c0917@group-C0C7C3312935-SegmentedRaftLogWorker: safeCacheEvictIndex: setUnconditionally 0 -> -1
2021-10-08 06:50:18,860 [pool-131-thread-1] INFO  server.RaftServerConfigKeys (ConfUtils.java:logGet(44)) - raft.server.snapshot.auto.trigger.enabled = true (custom)
2021-10-08 06:50:18,860 [pool-131-thread-1] INFO  server.RaftServerConfigKeys (ConfUtils.java:logGet(44)) - raft.server.snapshot.auto.trigger.threshold = 1 (custom)
2021-10-08 06:50:18,860 [pool-131-thread-1] INFO  server.RaftServerConfigKeys (ConfUtils.java:logGet(44)) - raft.server.snapshot.retention.file.num = 5 (custom)
2021-10-08 06:50:18,860 [pool-131-thread-1] INFO  server.RaftServerConfigKeys (ConfUtils.java:logGet(44)) - raft.server.log.purge.upto.snapshot.index = false (default)
2021-10-08 06:50:18,860 [pool-131-thread-1] INFO  server.RaftServerConfigKeys (ConfUtils.java:logGet(44)) - raft.server.retrycache.expirytime = 600000ms (custom)
2021-10-08 06:50:18,860 [pool-131-thread-1] INFO  server.RaftServerConfigKeys (ConfUtils.java:logGet(44)) - raft.server.retrycache.statistics.expirytime = 100μs (default)
2021-10-08 06:50:18,862 [pool-131-thread-1] INFO  server.RaftServer$Division (RaftServerImpl.java:start(296)) - 261209be-28ef-4355-9139-e0c9130c0917@group-C0C7C3312935: start as a follower, conf=-1: [755fa3d2-afbb-4da0-b7d5-3f8cca48efc0|rpc:10.1.0.41:41275|priority:0, 1889d587-8326-4b26-910d-bf0ca9430b50|rpc:10.1.0.41:43171|priority:1, 261209be-28ef-4355-9139-e0c9130c0917|rpc:10.1.0.41:46475|priority:0], old=null
2021-10-08 06:50:18,862 [pool-131-thread-1] INFO  server.RaftServer$Division (RaftServerImpl.java:setRole(285)) - 261209be-28ef-4355-9139-e0c9130c0917@group-C0C7C3312935: changes role from      null to FOLLOWER at term 0 for startAsFollower
2021-10-08 06:50:18,862 [pool-131-thread-1] INFO  impl.RoleInfo (RoleInfo.java:updateAndGet(130)) - 261209be-28ef-4355-9139-e0c9130c0917: start 261209be-28ef-4355-9139-e0c9130c0917@group-C0C7C3312935-FollowerState
2021-10-08 06:50:18,863 [pool-131-thread-1] INFO  util.JmxRegister (JmxRegister.java:tryRegister(44)) - Successfully registered JMX Bean with object name Ratis:service=RaftServer,group=group-C0C7C3312935,id=261209be-28ef-4355-9139-e0c9130c0917
2021-10-08 06:50:18,864 [Command processor thread] INFO  ratis.XceiverServerRatis (XceiverServerRatis.java:addGroup(763)) - Created group PipelineID=c7ba97dd-f42f-4a11-95de-c0c7c3312935
2021-10-08 06:50:18,870 [grpc-default-executor-1] INFO  server.RaftServer (RaftServerProxy.java:addNew(95)) - 755fa3d2-afbb-4da0-b7d5-3f8cca48efc0: addNew group-C0C7C3312935:[755fa3d2-afbb-4da0-b7d5-3f8cca48efc0|rpc:10.1.0.41:41275|dataStream:|priority:0, 1889d587-8326-4b26-910d-bf0ca9430b50|rpc:10.1.0.41:43171|dataStream:|priority:1, 261209be-28ef-4355-9139-e0c9130c0917|rpc:10.1.0.41:46475|dataStream:|priority:0] returns group-C0C7C3312935:java.util.concurrent.CompletableFuture@62148a5[Not completed]
2021-10-08 06:50:18,871 [pool-150-thread-1] INFO  server.RaftServer$Division (RaftServerImpl.java:<init>(181)) - 755fa3d2-afbb-4da0-b7d5-3f8cca48efc0: new RaftServerImpl for group-C0C7C3312935:[755fa3d2-afbb-4da0-b7d5-3f8cca48efc0|rpc:10.1.0.41:41275|dataStream:|priority:0, 1889d587-8326-4b26-910d-bf0ca9430b50|rpc:10.1.0.41:43171|dataStream:|priority:1, 261209be-28ef-4355-9139-e0c9130c0917|rpc:10.1.0.41:46475|dataStream:|priority:0] with ContainerStateMachine:uninitialized
2021-10-08 06:50:18,871 [pool-150-thread-1] INFO  server.RaftServerConfigKeys (ConfUtils.java:logGet(44)) - raft.server.rpc.timeout.min = 5s (custom)
2021-10-08 06:50:18,871 [pool-150-thread-1] INFO  server.RaftServerConfigKeys (ConfUtils.java:logGet(44)) - raft.server.rpc.timeout.max = 5200ms (custom)
2021-10-08 06:50:18,871 [pool-150-thread-1] INFO  server.RaftServerConfigKeys (ConfUtils.java:logGet(44)) - raft.server.rpc.sleep.time = 25ms (default)
2021-10-08 06:50:18,871 [pool-150-thread-1] INFO  server.RaftServerConfigKeys (ConfUtils.java:logGet(44)) - raft.server.rpc.slowness.timeout = 300000ms (custom)
2021-10-08 06:50:18,871 [pool-150-thread-1] INFO  server.RaftServerConfigKeys (ConfUtils.java:logGet(44)) - raft.server.leaderelection.leader.step-down.wait-time = 10s (default)
2021-10-08 06:50:18,871 [pool-150-thread-1] INFO  server.RaftServerConfigKeys (ConfUtils.java:logGet(44)) - raft.server.sleep.deviation.threshold = 300ms (default)
2021-10-08 06:50:18,871 [pool-150-thread-1] INFO  server.RaftServerConfigKeys (ConfUtils.java:logGet(44)) - raft.server.log.appender.install.snapshot.enabled = false (custom)
2021-10-08 06:50:18,871 [pool-150-thread-1] INFO  server.RaftServer$Division (ServerState.java:<init>(105)) - 755fa3d2-afbb-4da0-b7d5-3f8cca48efc0@group-C0C7C3312935: ConfigurationManager, init=-1: [755fa3d2-afbb-4da0-b7d5-3f8cca48efc0|rpc:10.1.0.41:41275|dataStream:|priority:0, 1889d587-8326-4b26-910d-bf0ca9430b50|rpc:10.1.0.41:43171|dataStream:|priority:1, 261209be-28ef-4355-9139-e0c9130c0917|rpc:10.1.0.41:46475|dataStream:|priority:0], old=null, confs=<EMPTY_MAP>
2021-10-08 06:50:18,872 [pool-150-thread-1] INFO  server.RaftServerConfigKeys (ConfUtils.java:logGet(44)) - raft.server.storage.dir = [/home/runner/work/ozone/ozone/hadoop-ozone/integration-test/target/test-dir/MiniOzoneClusterImpl-22559c4f-4ba5-459a-8a40-bbe24e716d33/datanode-5/data/ratis] (custom)
2021-10-08 06:50:18,872 [pool-150-thread-1] INFO  server.RaftServerConfigKeys (ConfUtils.java:logGet(44)) - raft.server.log.corruption.policy = EXCEPTION (default)
2021-10-08 06:50:18,872 [pool-150-thread-1] INFO  server.RaftServerConfigKeys (ConfUtils.java:logGet(44)) - raft.server.storage.free-space.min = 0MB (=0) (default)
2021-10-08 06:50:18,872 [pool-150-thread-1] INFO  storage.RaftStorageDirectory (RaftStorageDirectoryImpl.java:analyzeStorage(135)) - The storage directory /home/runner/work/ozone/ozone/hadoop-ozone/integration-test/target/test-dir/MiniOzoneClusterImpl-22559c4f-4ba5-459a-8a40-bbe24e716d33/datanode-5/data/ratis/c7ba97dd-f42f-4a11-95de-c0c7c3312935 does not exist. Creating ...
2021-10-08 06:50:18,874 [pool-150-thread-1] INFO  storage.RaftStorageDirectory (RaftStorageDirectoryImpl.java:tryLock(230)) - Lock on /home/runner/work/ozone/ozone/hadoop-ozone/integration-test/target/test-dir/MiniOzoneClusterImpl-22559c4f-4ba5-459a-8a40-bbe24e716d33/datanode-5/data/ratis/c7ba97dd-f42f-4a11-95de-c0c7c3312935/in_use.lock acquired by nodename 13400@fv-az116-933
2021-10-08 06:50:18,876 [pool-150-thread-1] INFO  storage.RaftStorage (RaftStorageImpl.java:format(89)) - Storage directory /home/runner/work/ozone/ozone/hadoop-ozone/integration-test/target/test-dir/MiniOzoneClusterImpl-22559c4f-4ba5-459a-8a40-bbe24e716d33/datanode-5/data/ratis/c7ba97dd-f42f-4a11-95de-c0c7c3312935 has been successfully formatted.
2021-10-08 06:50:18,876 [pool-150-thread-1] INFO  ratis.ContainerStateMachine (ContainerStateMachine.java:loadSnapshot(224)) - group-C0C7C3312935: The snapshot info is null. Setting the last applied indexto:(t:0, i:~)
2021-10-08 06:50:18,877 [pool-150-thread-1] INFO  server.RaftServerConfigKeys (ConfUtils.java:logGet(44)) - raft.server.notification.no-leader.timeout = 300000ms (custom)
2021-10-08 06:50:18,877 [pool-150-thread-1] INFO  server.RaftServerConfigKeys (ConfUtils.java:logGet(44)) - raft.server.log.use.memory = false (default)
2021-10-08 06:50:18,877 [pool-150-thread-1] INFO  server.RaftServerConfigKeys (ConfUtils.java:logGet(44)) - raft.server.log.purge.gap = 1000000 (custom)
2021-10-08 06:50:18,877 [pool-150-thread-1] INFO  server.RaftServerConfigKeys (ConfUtils.java:logGet(44)) - raft.server.log.appender.buffer.byte-limit = 33554432 (custom)
2021-10-08 06:50:18,877 [pool-150-thread-1] INFO  server.RaftServerConfigKeys (ConfUtils.java:logGet(44)) - raft.server.log.segment.size.max = 1048576 (custom)
2021-10-08 06:50:18,878 [pool-150-thread-1] INFO  server.RaftServerConfigKeys (ConfUtils.java:logGet(44)) - raft.server.log.segment.cache.num.max = 2 (custom)
2021-10-08 06:50:18,878 [pool-150-thread-1] INFO  server.RaftServerConfigKeys (ConfUtils.java:logGet(44)) - raft.server.log.segment.cache.size.max = 200MB (=209715200) (default)
2021-10-08 06:50:18,878 [pool-150-thread-1] INFO  segmented.SegmentedRaftLogWorker (SegmentedRaftLogWorker.java:<init>(182)) - new 755fa3d2-afbb-4da0-b7d5-3f8cca48efc0@group-C0C7C3312935-SegmentedRaftLogWorker for RaftStorageImpl:Storage Directory /home/runner/work/ozone/ozone/hadoop-ozone/integration-test/target/test-dir/MiniOzoneClusterImpl-22559c4f-4ba5-459a-8a40-bbe24e716d33/datanode-5/data/ratis/c7ba97dd-f42f-4a11-95de-c0c7c3312935
2021-10-08 06:50:18,878 [pool-150-thread-1] INFO  server.RaftServerConfigKeys (ConfUtils.java:logGet(44)) - raft.server.log.queue.byte-limit = 2147483647 (custom)
2021-10-08 06:50:18,878 [pool-150-thread-1] INFO  server.RaftServerConfigKeys (ConfUtils.java:logGet(44)) - raft.server.log.queue.element-limit = 1024 (custom)
2021-10-08 06:50:18,879 [pool-150-thread-1] INFO  server.RaftServerConfigKeys (ConfUtils.java:logGet(44)) - raft.server.log.segment.size.max = 1048576 (custom)
2021-10-08 06:50:18,879 [pool-150-thread-1] INFO  server.RaftServerConfigKeys (ConfUtils.java:logGet(44)) - raft.server.log.preallocated.size = 16384 (custom)
2021-10-08 06:50:18,879 [pool-150-thread-1] INFO  server.RaftServerConfigKeys (ConfUtils.java:logGet(44)) - raft.server.log.force.sync.num = 128 (default)
2021-10-08 06:50:18,879 [pool-150-thread-1] INFO  server.RaftServerConfigKeys (ConfUtils.java:logGet(44)) - raft.server.log.statemachine.data.sync = true (default)
2021-10-08 06:50:18,879 [pool-150-thread-1] INFO  server.RaftServerConfigKeys (ConfUtils.java:logGet(44)) - raft.server.log.statemachine.data.sync.timeout = 10s (default)
2021-10-08 06:50:18,879 [pool-150-thread-1] INFO  server.RaftServerConfigKeys (ConfUtils.java:logGet(44)) - raft.server.log.statemachine.data.sync.timeout.retry = -1 (default)
2021-10-08 06:50:18,877 [Datanode State Machine Thread - 0] WARN  statemachine.StateContext (StateContext.java:execute(621)) - No available thread in pool for past 0 seconds.
2021-10-08 06:50:18,886 [pool-150-thread-1] INFO  server.RaftServerConfigKeys (ConfUtils.java:logGet(44)) - raft.server.log.write.buffer.size = 1048576 (custom)
2021-10-08 06:50:18,887 [pool-150-thread-1] INFO  server.RaftServerConfigKeys (ConfUtils.java:logGet(44)) - raft.server.log.statemachine.data.caching.enabled = true (custom)
2021-10-08 06:50:18,887 [Command processor thread] INFO  server.RaftServer (RaftServerProxy.java:addNew(95)) - 755fa3d2-afbb-4da0-b7d5-3f8cca48efc0: addNew group-802C25A79AA6:[755fa3d2-afbb-4da0-b7d5-3f8cca48efc0|rpc:10.1.0.41:41275|priority:1] returns group-802C25A79AA6:java.util.concurrent.CompletableFuture@777b16cb[Not completed]
2021-10-08 06:50:18,887 [pool-150-thread-1] INFO  segmented.SegmentedRaftLogWorker (SegmentedRaftLogWorker.java:lambda$new$0(133)) - 755fa3d2-afbb-4da0-b7d5-3f8cca48efc0@group-C0C7C3312935-SegmentedRaftLogWorker: flushIndex: setUnconditionally 0 -> -1
2021-10-08 06:50:18,887 [pool-150-thread-1] INFO  segmented.SegmentedRaftLogWorker (SegmentedRaftLogWorker.java:lambda$new$0(133)) - 755fa3d2-afbb-4da0-b7d5-3f8cca48efc0@group-C0C7C3312935-SegmentedRaftLogWorker: safeCacheEvictIndex: setUnconditionally 0 -> -1
2021-10-08 06:50:18,887 [pool-150-thread-1] INFO  server.RaftServerConfigKeys (ConfUtils.java:logGet(44)) - raft.server.snapshot.auto.trigger.enabled = true (custom)
2021-10-08 06:50:18,888 [pool-150-thread-1] INFO  server.RaftServerConfigKeys (ConfUtils.java:logGet(44)) - raft.server.snapshot.auto.trigger.threshold = 1 (custom)
2021-10-08 06:50:18,888 [pool-150-thread-1] INFO  server.RaftServerConfigKeys (ConfUtils.java:logGet(44)) - raft.server.snapshot.retention.file.num = 5 (custom)
2021-10-08 06:50:18,888 [pool-150-thread-1] INFO  server.RaftServerConfigKeys (ConfUtils.java:logGet(44)) - raft.server.log.purge.upto.snapshot.index = false (default)
2021-10-08 06:50:18,888 [pool-150-thread-1] INFO  server.RaftServerConfigKeys (ConfUtils.java:logGet(44)) - raft.server.retrycache.expirytime = 600000ms (custom)
2021-10-08 06:50:18,888 [pool-150-thread-1] INFO  server.RaftServerConfigKeys (ConfUtils.java:logGet(44)) - raft.server.retrycache.statistics.expirytime = 100μs (default)
2021-10-08 06:50:18,896 [pool-150-thread-1] INFO  server.RaftServer$Division (RaftServerImpl.java:<init>(181)) - 755fa3d2-afbb-4da0-b7d5-3f8cca48efc0: new RaftServerImpl for group-802C25A79AA6:[755fa3d2-afbb-4da0-b7d5-3f8cca48efc0|rpc:10.1.0.41:41275|priority:1] with ContainerStateMachine:uninitialized
2021-10-08 06:50:18,900 [EventQueue-OpenPipelineForHealthyPipelineSafeModeRule] INFO  safemode.SCMSafeModeManager (HealthyPipelineSafeModeRule.java:process(124)) - SCM in safe mode. Healthy pipelines reported count is 0, required healthy pipeline reported count is 1
2021-10-08 06:50:18,898 [Listener at 127.0.0.1/41649] INFO  ozone.MiniOzoneClusterImpl (MiniOzoneClusterImpl.java:lambda$waitForClusterToBeReady$0(235)) - Nodes are ready. Got 10 of 10 DN Heartbeats.
2021-10-08 06:50:18,902 [Listener at 127.0.0.1/41649] INFO  ozone.MiniOzoneClusterImpl (MiniOzoneClusterImpl.java:lambda$waitForClusterToBeReady$0(238)) - Waiting for cluster to exit safe mode
2021-10-08 06:50:18,902 [Listener at 127.0.0.1/41649] INFO  ozone.MiniOzoneClusterImpl (MiniOzoneClusterImpl.java:lambda$waitForClusterToBeReady$0(240)) - SCM became leader
2021-10-08 06:50:18,902 [pool-150-thread-1] INFO  server.RaftServerConfigKeys (ConfUtils.java:logGet(44)) - raft.server.rpc.timeout.min = 5s (custom)
2021-10-08 06:50:18,909 [pool-150-thread-1] INFO  server.RaftServerConfigKeys (ConfUtils.java:logGet(44)) - raft.server.rpc.timeout.max = 5200ms (custom)
2021-10-08 06:50:18,910 [pool-150-thread-1] INFO  server.RaftServerConfigKeys (ConfUtils.java:logGet(44)) - raft.server.rpc.sleep.time = 25ms (default)
2021-10-08 06:50:18,910 [pool-150-thread-1] INFO  server.RaftServerConfigKeys (ConfUtils.java:logGet(44)) - raft.server.rpc.slowness.timeout = 300000ms (custom)
2021-10-08 06:50:18,910 [pool-150-thread-1] INFO  server.RaftServerConfigKeys (ConfUtils.java:logGet(44)) - raft.server.leaderelection.leader.step-down.wait-time = 10s (default)
2021-10-08 06:50:18,910 [pool-150-thread-1] INFO  server.RaftServerConfigKeys (ConfUtils.java:logGet(44)) - raft.server.sleep.deviation.threshold = 300ms (default)
2021-10-08 06:50:18,910 [pool-150-thread-1] INFO  server.RaftServerConfigKeys (ConfUtils.java:logGet(44)) - raft.server.log.appender.install.snapshot.enabled = false (custom)
2021-10-08 06:50:18,910 [pool-150-thread-1] INFO  server.RaftServer$Division (ServerState.java:<init>(105)) - 755fa3d2-afbb-4da0-b7d5-3f8cca48efc0@group-802C25A79AA6: ConfigurationManager, init=-1: [755fa3d2-afbb-4da0-b7d5-3f8cca48efc0|rpc:10.1.0.41:41275|priority:1], old=null, confs=<EMPTY_MAP>
2021-10-08 06:50:18,910 [pool-150-thread-1] INFO  server.RaftServerConfigKeys (ConfUtils.java:logGet(44)) - raft.server.storage.dir = [/home/runner/work/ozone/ozone/hadoop-ozone/integration-test/target/test-dir/MiniOzoneClusterImpl-22559c4f-4ba5-459a-8a40-bbe24e716d33/datanode-5/data/ratis] (custom)
2021-10-08 06:50:18,911 [pool-150-thread-1] INFO  server.RaftServerConfigKeys (ConfUtils.java:logGet(44)) - raft.server.log.corruption.policy = EXCEPTION (default)
2021-10-08 06:50:18,911 [pool-150-thread-1] INFO  server.RaftServerConfigKeys (ConfUtils.java:logGet(44)) - raft.server.storage.free-space.min = 0MB (=0) (default)
2021-10-08 06:50:18,911 [pool-150-thread-1] INFO  storage.RaftStorageDirectory (RaftStorageDirectoryImpl.java:analyzeStorage(135)) - The storage directory /home/runner/work/ozone/ozone/hadoop-ozone/integration-test/target/test-dir/MiniOzoneClusterImpl-22559c4f-4ba5-459a-8a40-bbe24e716d33/datanode-5/data/ratis/6ecf5053-0928-470f-8a9a-802c25a79aa6 does not exist. Creating ...
2021-10-08 06:50:18,912 [pool-150-thread-1] INFO  storage.RaftStorageDirectory (RaftStorageDirectoryImpl.java:tryLock(230)) - Lock on /home/runner/work/ozone/ozone/hadoop-ozone/integration-test/target/test-dir/MiniOzoneClusterImpl-22559c4f-4ba5-459a-8a40-bbe24e716d33/datanode-5/data/ratis/6ecf5053-0928-470f-8a9a-802c25a79aa6/in_use.lock acquired by nodename 13400@fv-az116-933
2021-10-08 06:50:18,913 [pool-150-thread-1] INFO  storage.RaftStorage (RaftStorageImpl.java:format(89)) - Storage directory /home/runner/work/ozone/ozone/hadoop-ozone/integration-test/target/test-dir/MiniOzoneClusterImpl-22559c4f-4ba5-459a-8a40-bbe24e716d33/datanode-5/data/ratis/6ecf5053-0928-470f-8a9a-802c25a79aa6 has been successfully formatted.
2021-10-08 06:50:18,914 [Datanode State Machine Thread - 0] WARN  statemachine.StateContext (StateContext.java:execute(621)) - No available thread in pool for past 0 seconds.
2021-10-08 06:50:18,914 [pool-150-thread-1] INFO  ratis.ContainerStateMachine (ContainerStateMachine.java:loadSnapshot(224)) - group-802C25A79AA6: The snapshot info is null. Setting the last applied indexto:(t:0, i:~)
2021-10-08 06:50:18,915 [pool-150-thread-1] INFO  server.RaftServerConfigKeys (ConfUtils.java:logGet(44)) - raft.server.notification.no-leader.timeout = 300000ms (custom)
2021-10-08 06:50:18,915 [pool-150-thread-1] INFO  server.RaftServerConfigKeys (ConfUtils.java:logGet(44)) - raft.server.log.use.memory = false (default)
2021-10-08 06:50:18,915 [pool-150-thread-1] INFO  server.RaftServerConfigKeys (ConfUtils.java:logGet(44)) - raft.server.log.purge.gap = 1000000 (custom)
2021-10-08 06:50:18,915 [pool-150-thread-1] INFO  server.RaftServerConfigKeys (ConfUtils.java:logGet(44)) - raft.server.log.appender.buffer.byte-limit = 33554432 (custom)
2021-10-08 06:50:18,915 [pool-150-thread-1] INFO  server.RaftServerConfigKeys (ConfUtils.java:logGet(44)) - raft.server.log.segment.size.max = 1048576 (custom)
2021-10-08 06:50:18,916 [EventQueue-PipelineReportForPipelineReportHandler] INFO  pipeline.PipelineManagerImpl (PipelineManagerImpl.java:openPipeline(282)) - Pipeline Pipeline[ Id: 6ecf5053-0928-470f-8a9a-802c25a79aa6, Nodes: 755fa3d2-afbb-4da0-b7d5-3f8cca48efc0{ip: 10.1.0.41, host: fv-az116-933.vzw04321ajxubdbcnpick5nqva.xx.internal.cloudapp.net, ports: [REPLICATION=43469, RATIS=41275, RATIS_ADMIN=41275, RATIS_SERVER=41275, STANDALONE=43089], networkLocation: /default-rack, certSerialId: null, persistedOpState: IN_SERVICE, persistedOpStateExpiryEpochSec: 0}, ReplicationConfig: RATIS/ONE, State:ALLOCATED, leaderId:755fa3d2-afbb-4da0-b7d5-3f8cca48efc0, CreationTimestamp2021-10-08T06:50:15.889Z[Etc/UTC]] moved to OPEN state
2021-10-08 06:50:18,916 [pool-150-thread-1] INFO  server.RaftServerConfigKeys (ConfUtils.java:logGet(44)) - raft.server.log.segment.cache.num.max = 2 (custom)
2021-10-08 06:50:18,916 [EventQueue-OpenPipelineForHealthyPipelineSafeModeRule] INFO  safemode.SCMSafeModeManager (HealthyPipelineSafeModeRule.java:process(124)) - SCM in safe mode. Healthy pipelines reported count is 0, required healthy pipeline reported count is 1
2021-10-08 06:50:18,927 [pool-150-thread-1] INFO  server.RaftServerConfigKeys (ConfUtils.java:logGet(44)) - raft.server.log.segment.cache.size.max = 200MB (=209715200) (default)
2021-10-08 06:50:18,927 [pool-150-thread-1] INFO  segmented.SegmentedRaftLogWorker (SegmentedRaftLogWorker.java:<init>(182)) - new 755fa3d2-afbb-4da0-b7d5-3f8cca48efc0@group-802C25A79AA6-SegmentedRaftLogWorker for RaftStorageImpl:Storage Directory /home/runner/work/ozone/ozone/hadoop-ozone/integration-test/target/test-dir/MiniOzoneClusterImpl-22559c4f-4ba5-459a-8a40-bbe24e716d33/datanode-5/data/ratis/6ecf5053-0928-470f-8a9a-802c25a79aa6
2021-10-08 06:50:18,927 [pool-150-thread-1] INFO  server.RaftServerConfigKeys (ConfUtils.java:logGet(44)) - raft.server.log.queue.byte-limit = 2147483647 (custom)
2021-10-08 06:50:18,927 [pool-150-thread-1] INFO  server.RaftServerConfigKeys (ConfUtils.java:logGet(44)) - raft.server.log.queue.element-limit = 1024 (custom)
2021-10-08 06:50:18,928 [pool-150-thread-1] INFO  server.RaftServerConfigKeys (ConfUtils.java:logGet(44)) - raft.server.log.segment.size.max = 1048576 (custom)
2021-10-08 06:50:18,928 [pool-150-thread-1] INFO  server.RaftServerConfigKeys (ConfUtils.java:logGet(44)) - raft.server.log.preallocated.size = 16384 (custom)
2021-10-08 06:50:18,928 [pool-150-thread-1] INFO  server.RaftServerConfigKeys (ConfUtils.java:logGet(44)) - raft.server.log.force.sync.num = 128 (default)
2021-10-08 06:50:18,928 [pool-150-thread-1] INFO  server.RaftServerConfigKeys (ConfUtils.java:logGet(44)) - raft.server.log.statemachine.data.sync = true (default)
2021-10-08 06:50:18,928 [pool-150-thread-1] INFO  server.RaftServerConfigKeys (ConfUtils.java:logGet(44)) - raft.server.log.statemachine.data.sync.timeout = 10s (default)
2021-10-08 06:50:18,928 [pool-150-thread-1] INFO  server.RaftServerConfigKeys (ConfUtils.java:logGet(44)) - raft.server.log.statemachine.data.sync.timeout.retry = -1 (default)
2021-10-08 06:50:18,929 [pool-150-thread-1] INFO  server.RaftServerConfigKeys (ConfUtils.java:logGet(44)) - raft.server.log.write.buffer.size = 1048576 (custom)
2021-10-08 06:50:18,930 [pool-150-thread-1] INFO  server.RaftServerConfigKeys (ConfUtils.java:logGet(44)) - raft.server.log.statemachine.data.caching.enabled = true (custom)
2021-10-08 06:50:18,930 [pool-150-thread-1] INFO  segmented.SegmentedRaftLogWorker (SegmentedRaftLogWorker.java:lambda$new$0(133)) - 755fa3d2-afbb-4da0-b7d5-3f8cca48efc0@group-802C25A79AA6-SegmentedRaftLogWorker: flushIndex: setUnconditionally 0 -> -1
2021-10-08 06:50:18,930 [pool-150-thread-1] INFO  segmented.SegmentedRaftLogWorker (SegmentedRaftLogWorker.java:lambda$new$0(133)) - 755fa3d2-afbb-4da0-b7d5-3f8cca48efc0@group-802C25A79AA6-SegmentedRaftLogWorker: safeCacheEvictIndex: setUnconditionally 0 -> -1
2021-10-08 06:50:18,944 [pool-150-thread-1] INFO  server.RaftServerConfigKeys (ConfUtils.java:logGet(44)) - raft.server.snapshot.auto.trigger.enabled = true (custom)
2021-10-08 06:50:18,944 [pool-150-thread-1] INFO  server.RaftServerConfigKeys (ConfUtils.java:logGet(44)) - raft.server.snapshot.auto.trigger.threshold = 1 (custom)
2021-10-08 06:50:18,944 [pool-150-thread-1] INFO  server.RaftServerConfigKeys (ConfUtils.java:logGet(44)) - raft.server.snapshot.retention.file.num = 5 (custom)
2021-10-08 06:50:18,944 [pool-150-thread-1] INFO  server.RaftServerConfigKeys (ConfUtils.java:logGet(44)) - raft.server.log.purge.upto.snapshot.index = false (default)
2021-10-08 06:50:18,944 [pool-150-thread-1] INFO  server.RaftServerConfigKeys (ConfUtils.java:logGet(44)) - raft.server.retrycache.expirytime = 600000ms (custom)
2021-10-08 06:50:18,944 [pool-150-thread-1] INFO  server.RaftServerConfigKeys (ConfUtils.java:logGet(44)) - raft.server.retrycache.statistics.expirytime = 100μs (default)
2021-10-08 06:50:18,946 [pool-150-thread-1] INFO  server.RaftServer$Division (RaftServerImpl.java:start(296)) - 755fa3d2-afbb-4da0-b7d5-3f8cca48efc0@group-C0C7C3312935: start as a follower, conf=-1: [755fa3d2-afbb-4da0-b7d5-3f8cca48efc0|rpc:10.1.0.41:41275|dataStream:|priority:0, 1889d587-8326-4b26-910d-bf0ca9430b50|rpc:10.1.0.41:43171|dataStream:|priority:1, 261209be-28ef-4355-9139-e0c9130c0917|rpc:10.1.0.41:46475|dataStream:|priority:0], old=null
2021-10-08 06:50:18,946 [pool-150-thread-1] INFO  server.RaftServer$Division (RaftServerImpl.java:setRole(285)) - 755fa3d2-afbb-4da0-b7d5-3f8cca48efc0@group-C0C7C3312935: changes role from      null to FOLLOWER at term 0 for startAsFollower
2021-10-08 06:50:18,946 [pool-150-thread-1] INFO  impl.RoleInfo (RoleInfo.java:updateAndGet(130)) - 755fa3d2-afbb-4da0-b7d5-3f8cca48efc0: start 755fa3d2-afbb-4da0-b7d5-3f8cca48efc0@group-C0C7C3312935-FollowerState
2021-10-08 06:50:18,950 [pool-150-thread-1] INFO  util.JmxRegister (JmxRegister.java:tryRegister(44)) - Successfully registered JMX Bean with object name Ratis:service=RaftServer,group=group-C0C7C3312935,id=755fa3d2-afbb-4da0-b7d5-3f8cca48efc0
2021-10-08 06:50:18,955 [pool-150-thread-1] INFO  server.RaftServer$Division (RaftServerImpl.java:start(296)) - 755fa3d2-afbb-4da0-b7d5-3f8cca48efc0@group-802C25A79AA6: start as a follower, conf=-1: [755fa3d2-afbb-4da0-b7d5-3f8cca48efc0|rpc:10.1.0.41:41275|priority:1], old=null
2021-10-08 06:50:18,956 [pool-150-thread-1] INFO  server.RaftServer$Division (RaftServerImpl.java:setRole(285)) - 755fa3d2-afbb-4da0-b7d5-3f8cca48efc0@group-802C25A79AA6: changes role from      null to FOLLOWER at term 0 for startAsFollower
2021-10-08 06:50:18,956 [pool-150-thread-1] INFO  impl.RoleInfo (RoleInfo.java:updateAndGet(130)) - 755fa3d2-afbb-4da0-b7d5-3f8cca48efc0: start 755fa3d2-afbb-4da0-b7d5-3f8cca48efc0@group-802C25A79AA6-FollowerState
2021-10-08 06:50:18,961 [pool-150-thread-1] INFO  util.JmxRegister (JmxRegister.java:tryRegister(44)) - Successfully registered JMX Bean with object name Ratis:service=RaftServer,group=group-802C25A79AA6,id=755fa3d2-afbb-4da0-b7d5-3f8cca48efc0
2021-10-08 06:50:18,978 [Command processor thread] INFO  ratis.XceiverServerRatis (XceiverServerRatis.java:addGroup(763)) - Created group PipelineID=6ecf5053-0928-470f-8a9a-802c25a79aa6
2021-10-08 06:50:18,978 [Command processor thread] INFO  commandhandler.CreatePipelineCommandHandler (CreatePipelineCommandHandler.java:handle(106)) - Created Pipeline RATIS ONE PipelineID=6ecf5053-0928-470f-8a9a-802c25a79aa6.
2021-10-08 06:50:18,978 [Command processor thread] INFO  commandhandler.CreatePipelineCommandHandler (CreatePipelineCommandHandler.java:handle(106)) - Created Pipeline RATIS THREE PipelineID=c7ba97dd-f42f-4a11-95de-c0c7c3312935.
2021-10-08 06:50:19,012 [EventQueue-OpenPipelineForHealthyPipelineSafeModeRule] INFO  safemode.SCMSafeModeManager (HealthyPipelineSafeModeRule.java:process(124)) - SCM in safe mode. Healthy pipelines reported count is 0, required healthy pipeline reported count is 1
2021-10-08 06:50:19,017 [EventQueue-OpenPipelineForHealthyPipelineSafeModeRule] INFO  safemode.SCMSafeModeManager (HealthyPipelineSafeModeRule.java:process(124)) - SCM in safe mode. Healthy pipelines reported count is 0, required healthy pipeline reported count is 1
2021-10-08 06:50:19,025 [EventQueue-OpenPipelineForHealthyPipelineSafeModeRule] INFO  safemode.SCMSafeModeManager (HealthyPipelineSafeModeRule.java:process(124)) - SCM in safe mode. Healthy pipelines reported count is 0, required healthy pipeline reported count is 1
2021-10-08 06:50:19,027 [Command processor thread] INFO  commandhandler.CreatePipelineCommandHandler (CreatePipelineCommandHandler.java:handle(106)) - Created Pipeline RATIS THREE PipelineID=c7ba97dd-f42f-4a11-95de-c0c7c3312935.
2021-10-08 06:50:19,101 [EventQueue-OpenPipelineForHealthyPipelineSafeModeRule] INFO  safemode.SCMSafeModeManager (HealthyPipelineSafeModeRule.java:process(124)) - SCM in safe mode. Healthy pipelines reported count is 0, required healthy pipeline reported count is 1
2021-10-08 06:50:19,115 [EventQueue-OpenPipelineForHealthyPipelineSafeModeRule] INFO  safemode.SCMSafeModeManager (HealthyPipelineSafeModeRule.java:process(124)) - SCM in safe mode. Healthy pipelines reported count is 0, required healthy pipeline reported count is 1
2021-10-08 06:50:19,138 [Command processor thread] INFO  server.RaftServer (RaftServerProxy.java:addNew(95)) - f796b749-df2d-4a3b-b27a-77ae0843fd27: addNew group-C10EEFC5883C:[f796b749-df2d-4a3b-b27a-77ae0843fd27|rpc:10.1.0.41:38397|priority:1] returns group-C10EEFC5883C:java.util.concurrent.CompletableFuture@6562e58e[Not completed]
2021-10-08 06:50:19,140 [pool-169-thread-1] INFO  server.RaftServer$Division (RaftServerImpl.java:<init>(181)) - f796b749-df2d-4a3b-b27a-77ae0843fd27: new RaftServerImpl for group-C10EEFC5883C:[f796b749-df2d-4a3b-b27a-77ae0843fd27|rpc:10.1.0.41:38397|priority:1] with ContainerStateMachine:uninitialized
2021-10-08 06:50:19,140 [pool-169-thread-1] INFO  server.RaftServerConfigKeys (ConfUtils.java:logGet(44)) - raft.server.rpc.timeout.min = 5s (custom)
2021-10-08 06:50:19,140 [pool-169-thread-1] INFO  server.RaftServerConfigKeys (ConfUtils.java:logGet(44)) - raft.server.rpc.timeout.max = 5200ms (custom)
2021-10-08 06:50:19,140 [pool-169-thread-1] INFO  server.RaftServerConfigKeys (ConfUtils.java:logGet(44)) - raft.server.rpc.sleep.time = 25ms (default)
2021-10-08 06:50:19,140 [pool-169-thread-1] INFO  server.RaftServerConfigKeys (ConfUtils.java:logGet(44)) - raft.server.rpc.slowness.timeout = 300000ms (custom)
2021-10-08 06:50:19,140 [pool-169-thread-1] INFO  server.RaftServerConfigKeys (ConfUtils.java:logGet(44)) - raft.server.leaderelection.leader.step-down.wait-time = 10s (default)
2021-10-08 06:50:19,140 [pool-169-thread-1] INFO  server.RaftServerConfigKeys (ConfUtils.java:logGet(44)) - raft.server.sleep.deviation.threshold = 300ms (default)
2021-10-08 06:50:19,140 [pool-169-thread-1] INFO  server.RaftServerConfigKeys (ConfUtils.java:logGet(44)) - raft.server.log.appender.install.snapshot.enabled = false (custom)
2021-10-08 06:50:19,140 [pool-169-thread-1] INFO  server.RaftServer$Division (ServerState.java:<init>(105)) - f796b749-df2d-4a3b-b27a-77ae0843fd27@group-C10EEFC5883C: ConfigurationManager, init=-1: [f796b749-df2d-4a3b-b27a-77ae0843fd27|rpc:10.1.0.41:38397|priority:1], old=null, confs=<EMPTY_MAP>
2021-10-08 06:50:19,141 [pool-169-thread-1] INFO  server.RaftServerConfigKeys (ConfUtils.java:logGet(44)) - raft.server.storage.dir = [/home/runner/work/ozone/ozone/hadoop-ozone/integration-test/target/test-dir/MiniOzoneClusterImpl-22559c4f-4ba5-459a-8a40-bbe24e716d33/datanode-6/data/ratis] (custom)
2021-10-08 06:50:19,141 [pool-169-thread-1] INFO  server.RaftServerConfigKeys (ConfUtils.java:logGet(44)) - raft.server.log.corruption.policy = EXCEPTION (default)
2021-10-08 06:50:19,141 [pool-169-thread-1] INFO  server.RaftServerConfigKeys (ConfUtils.java:logGet(44)) - raft.server.storage.free-space.min = 0MB (=0) (default)
2021-10-08 06:50:19,141 [pool-169-thread-1] INFO  storage.RaftStorageDirectory (RaftStorageDirectoryImpl.java:analyzeStorage(135)) - The storage directory /home/runner/work/ozone/ozone/hadoop-ozone/integration-test/target/test-dir/MiniOzoneClusterImpl-22559c4f-4ba5-459a-8a40-bbe24e716d33/datanode-6/data/ratis/75ba6f9b-50da-42e5-9703-c10eefc5883c does not exist. Creating ...
2021-10-08 06:50:19,149 [pool-169-thread-1] INFO  storage.RaftStorageDirectory (RaftStorageDirectoryImpl.java:tryLock(230)) - Lock on /home/runner/work/ozone/ozone/hadoop-ozone/integration-test/target/test-dir/MiniOzoneClusterImpl-22559c4f-4ba5-459a-8a40-bbe24e716d33/datanode-6/data/ratis/75ba6f9b-50da-42e5-9703-c10eefc5883c/in_use.lock acquired by nodename 13400@fv-az116-933
2021-10-08 06:50:19,150 [pool-169-thread-1] INFO  storage.RaftStorage (RaftStorageImpl.java:format(89)) - Storage directory /home/runner/work/ozone/ozone/hadoop-ozone/integration-test/target/test-dir/MiniOzoneClusterImpl-22559c4f-4ba5-459a-8a40-bbe24e716d33/datanode-6/data/ratis/75ba6f9b-50da-42e5-9703-c10eefc5883c has been successfully formatted.
2021-10-08 06:50:19,152 [pool-169-thread-1] INFO  ratis.ContainerStateMachine (ContainerStateMachine.java:loadSnapshot(224)) - group-C10EEFC5883C: The snapshot info is null. Setting the last applied indexto:(t:0, i:~)
2021-10-08 06:50:19,152 [Datanode State Machine Thread - 0] WARN  statemachine.StateContext (StateContext.java:execute(621)) - No available thread in pool for past 0 seconds.
2021-10-08 06:50:19,152 [pool-169-thread-1] INFO  server.RaftServerConfigKeys (ConfUtils.java:logGet(44)) - raft.server.notification.no-leader.timeout = 300000ms (custom)
2021-10-08 06:50:19,153 [pool-169-thread-1] INFO  server.RaftServerConfigKeys (ConfUtils.java:logGet(44)) - raft.server.log.use.memory = false (default)
2021-10-08 06:50:19,153 [pool-169-thread-1] INFO  server.RaftServerConfigKeys (ConfUtils.java:logGet(44)) - raft.server.log.purge.gap = 1000000 (custom)
2021-10-08 06:50:19,154 [pool-169-thread-1] INFO  server.RaftServerConfigKeys (ConfUtils.java:logGet(44)) - raft.server.log.appender.buffer.byte-limit = 33554432 (custom)
2021-10-08 06:50:19,154 [EventQueue-PipelineReportForPipelineReportHandler] INFO  pipeline.PipelineManagerImpl (PipelineManagerImpl.java:openPipeline(282)) - Pipeline Pipeline[ Id: 75ba6f9b-50da-42e5-9703-c10eefc5883c, Nodes: f796b749-df2d-4a3b-b27a-77ae0843fd27{ip: 10.1.0.41, host: fv-az116-933.vzw04321ajxubdbcnpick5nqva.xx.internal.cloudapp.net, ports: [REPLICATION=45949, RATIS=38397, RATIS_ADMIN=38397, RATIS_SERVER=38397, STANDALONE=38317], networkLocation: /default-rack, certSerialId: null, persistedOpState: IN_SERVICE, persistedOpStateExpiryEpochSec: 0}, ReplicationConfig: RATIS/ONE, State:ALLOCATED, leaderId:f796b749-df2d-4a3b-b27a-77ae0843fd27, CreationTimestamp2021-10-08T06:50:16.141Z[Etc/UTC]] moved to OPEN state
2021-10-08 06:50:19,154 [pool-169-thread-1] INFO  server.RaftServerConfigKeys (ConfUtils.java:logGet(44)) - raft.server.log.segment.size.max = 1048576 (custom)
2021-10-08 06:50:19,154 [EventQueue-OpenPipelineForHealthyPipelineSafeModeRule] INFO  safemode.SCMSafeModeManager (HealthyPipelineSafeModeRule.java:process(124)) - SCM in safe mode. Healthy pipelines reported count is 0, required healthy pipeline reported count is 1
2021-10-08 06:50:19,154 [pool-169-thread-1] INFO  server.RaftServerConfigKeys (ConfUtils.java:logGet(44)) - raft.server.log.segment.cache.num.max = 2 (custom)
2021-10-08 06:50:19,157 [pool-169-thread-1] INFO  server.RaftServerConfigKeys (ConfUtils.java:logGet(44)) - raft.server.log.segment.cache.size.max = 200MB (=209715200) (default)
2021-10-08 06:50:19,157 [pool-169-thread-1] INFO  segmented.SegmentedRaftLogWorker (SegmentedRaftLogWorker.java:<init>(182)) - new f796b749-df2d-4a3b-b27a-77ae0843fd27@group-C10EEFC5883C-SegmentedRaftLogWorker for RaftStorageImpl:Storage Directory /home/runner/work/ozone/ozone/hadoop-ozone/integration-test/target/test-dir/MiniOzoneClusterImpl-22559c4f-4ba5-459a-8a40-bbe24e716d33/datanode-6/data/ratis/75ba6f9b-50da-42e5-9703-c10eefc5883c
2021-10-08 06:50:19,157 [pool-169-thread-1] INFO  server.RaftServerConfigKeys (ConfUtils.java:logGet(44)) - raft.server.log.queue.byte-limit = 2147483647 (custom)
2021-10-08 06:50:19,157 [pool-169-thread-1] INFO  server.RaftServerConfigKeys (ConfUtils.java:logGet(44)) - raft.server.log.queue.element-limit = 1024 (custom)
2021-10-08 06:50:19,157 [pool-169-thread-1] INFO  server.RaftServerConfigKeys (ConfUtils.java:logGet(44)) - raft.server.log.segment.size.max = 1048576 (custom)
2021-10-08 06:50:19,157 [pool-169-thread-1] INFO  server.RaftServerConfigKeys (ConfUtils.java:logGet(44)) - raft.server.log.preallocated.size = 16384 (custom)
2021-10-08 06:50:19,157 [pool-169-thread-1] INFO  server.RaftServerConfigKeys (ConfUtils.java:logGet(44)) - raft.server.log.force.sync.num = 128 (default)
2021-10-08 06:50:19,157 [pool-169-thread-1] INFO  server.RaftServerConfigKeys (ConfUtils.java:logGet(44)) - raft.server.log.statemachine.data.sync = true (default)
2021-10-08 06:50:19,157 [pool-169-thread-1] INFO  server.RaftServerConfigKeys (ConfUtils.java:logGet(44)) - raft.server.log.statemachine.data.sync.timeout = 10s (default)
2021-10-08 06:50:19,157 [pool-169-thread-1] INFO  server.RaftServerConfigKeys (ConfUtils.java:logGet(44)) - raft.server.log.statemachine.data.sync.timeout.retry = -1 (default)
2021-10-08 06:50:19,159 [pool-169-thread-1] INFO  server.RaftServerConfigKeys (ConfUtils.java:logGet(44)) - raft.server.log.write.buffer.size = 1048576 (custom)
2021-10-08 06:50:19,159 [pool-169-thread-1] INFO  server.RaftServerConfigKeys (ConfUtils.java:logGet(44)) - raft.server.log.statemachine.data.caching.enabled = true (custom)
2021-10-08 06:50:19,160 [pool-169-thread-1] INFO  segmented.SegmentedRaftLogWorker (SegmentedRaftLogWorker.java:lambda$new$0(133)) - f796b749-df2d-4a3b-b27a-77ae0843fd27@group-C10EEFC5883C-SegmentedRaftLogWorker: flushIndex: setUnconditionally 0 -> -1
2021-10-08 06:50:19,160 [pool-169-thread-1] INFO  segmented.SegmentedRaftLogWorker (SegmentedRaftLogWorker.java:lambda$new$0(133)) - f796b749-df2d-4a3b-b27a-77ae0843fd27@group-C10EEFC5883C-SegmentedRaftLogWorker: safeCacheEvictIndex: setUnconditionally 0 -> -1
2021-10-08 06:50:19,160 [pool-169-thread-1] INFO  server.RaftServerConfigKeys (ConfUtils.java:logGet(44)) - raft.server.snapshot.auto.trigger.enabled = true (custom)
2021-10-08 06:50:19,160 [pool-169-thread-1] INFO  server.RaftServerConfigKeys (ConfUtils.java:logGet(44)) - raft.server.snapshot.auto.trigger.threshold = 1 (custom)
2021-10-08 06:50:19,160 [pool-169-thread-1] INFO  server.RaftServerConfigKeys (ConfUtils.java:logGet(44)) - raft.server.snapshot.retention.file.num = 5 (custom)
2021-10-08 06:50:19,160 [pool-169-thread-1] INFO  server.RaftServerConfigKeys (ConfUtils.java:logGet(44)) - raft.server.log.purge.upto.snapshot.index = false (default)
2021-10-08 06:50:19,160 [pool-169-thread-1] INFO  server.RaftServerConfigKeys (ConfUtils.java:logGet(44)) - raft.server.retrycache.expirytime = 600000ms (custom)
2021-10-08 06:50:19,160 [pool-169-thread-1] INFO  server.RaftServerConfigKeys (ConfUtils.java:logGet(44)) - raft.server.retrycache.statistics.expirytime = 100μs (default)
2021-10-08 06:50:19,162 [pool-169-thread-1] INFO  server.RaftServer$Division (RaftServerImpl.java:start(296)) - f796b749-df2d-4a3b-b27a-77ae0843fd27@group-C10EEFC5883C: start as a follower, conf=-1: [f796b749-df2d-4a3b-b27a-77ae0843fd27|rpc:10.1.0.41:38397|priority:1], old=null
2021-10-08 06:50:19,162 [pool-169-thread-1] INFO  server.RaftServer$Division (RaftServerImpl.java:setRole(285)) - f796b749-df2d-4a3b-b27a-77ae0843fd27@group-C10EEFC5883C: changes role from      null to FOLLOWER at term 0 for startAsFollower
2021-10-08 06:50:19,162 [pool-169-thread-1] INFO  impl.RoleInfo (RoleInfo.java:updateAndGet(130)) - f796b749-df2d-4a3b-b27a-77ae0843fd27: start f796b749-df2d-4a3b-b27a-77ae0843fd27@group-C10EEFC5883C-FollowerState
2021-10-08 06:50:19,167 [pool-169-thread-1] INFO  util.JmxRegister (JmxRegister.java:tryRegister(44)) - Successfully registered JMX Bean with object name Ratis:service=RaftServer,group=group-C10EEFC5883C,id=f796b749-df2d-4a3b-b27a-77ae0843fd27
2021-10-08 06:50:19,168 [Command processor thread] INFO  ratis.XceiverServerRatis (XceiverServerRatis.java:addGroup(763)) - Created group PipelineID=75ba6f9b-50da-42e5-9703-c10eefc5883c
2021-10-08 06:50:19,171 [Command processor thread] INFO  commandhandler.CreatePipelineCommandHandler (CreatePipelineCommandHandler.java:handle(106)) - Created Pipeline RATIS ONE PipelineID=75ba6f9b-50da-42e5-9703-c10eefc5883c.
2021-10-08 06:50:19,171 [Command processor thread] INFO  server.RaftServer (RaftServerProxy.java:addNew(95)) - f796b749-df2d-4a3b-b27a-77ae0843fd27: addNew group-F203257B8DF9:[f796b749-df2d-4a3b-b27a-77ae0843fd27|rpc:10.1.0.41:38397|priority:0, 9e524b8f-78bb-4c18-ad9a-9ed1597fb879|rpc:10.1.0.41:33001|priority:1, b944db8f-6cbb-4a51-b46c-fbe444116a05|rpc:10.1.0.41:35691|priority:0] returns group-F203257B8DF9:java.util.concurrent.CompletableFuture@615d6dfa[Not completed]
2021-10-08 06:50:19,172 [pool-169-thread-1] INFO  server.RaftServer$Division (RaftServerImpl.java:<init>(181)) - f796b749-df2d-4a3b-b27a-77ae0843fd27: new RaftServerImpl for group-F203257B8DF9:[f796b749-df2d-4a3b-b27a-77ae0843fd27|rpc:10.1.0.41:38397|priority:0, 9e524b8f-78bb-4c18-ad9a-9ed1597fb879|rpc:10.1.0.41:33001|priority:1, b944db8f-6cbb-4a51-b46c-fbe444116a05|rpc:10.1.0.41:35691|priority:0] with ContainerStateMachine:uninitialized
2021-10-08 06:50:19,172 [pool-169-thread-1] INFO  server.RaftServerConfigKeys (ConfUtils.java:logGet(44)) - raft.server.rpc.timeout.min = 5s (custom)
2021-10-08 06:50:19,172 [pool-169-thread-1] INFO  server.RaftServerConfigKeys (ConfUtils.java:logGet(44)) - raft.server.rpc.timeout.max = 5200ms (custom)
2021-10-08 06:50:19,173 [pool-169-thread-1] INFO  server.RaftServerConfigKeys (ConfUtils.java:logGet(44)) - raft.server.rpc.sleep.time = 25ms (default)
2021-10-08 06:50:19,173 [pool-169-thread-1] INFO  server.RaftServerConfigKeys (ConfUtils.java:logGet(44)) - raft.server.rpc.slowness.timeout = 300000ms (custom)
2021-10-08 06:50:19,173 [pool-169-thread-1] INFO  server.RaftServerConfigKeys (ConfUtils.java:logGet(44)) - raft.server.leaderelection.leader.step-down.wait-time = 10s (default)
2021-10-08 06:50:19,173 [pool-169-thread-1] INFO  server.RaftServerConfigKeys (ConfUtils.java:logGet(44)) - raft.server.sleep.deviation.threshold = 300ms (default)
2021-10-08 06:50:19,173 [pool-169-thread-1] INFO  server.RaftServerConfigKeys (ConfUtils.java:logGet(44)) - raft.server.log.appender.install.snapshot.enabled = false (custom)
2021-10-08 06:50:19,173 [pool-169-thread-1] INFO  server.RaftServer$Division (ServerState.java:<init>(105)) - f796b749-df2d-4a3b-b27a-77ae0843fd27@group-F203257B8DF9: ConfigurationManager, init=-1: [f796b749-df2d-4a3b-b27a-77ae0843fd27|rpc:10.1.0.41:38397|priority:0, 9e524b8f-78bb-4c18-ad9a-9ed1597fb879|rpc:10.1.0.41:33001|priority:1, b944db8f-6cbb-4a51-b46c-fbe444116a05|rpc:10.1.0.41:35691|priority:0], old=null, confs=<EMPTY_MAP>
2021-10-08 06:50:19,173 [pool-169-thread-1] INFO  server.RaftServerConfigKeys (ConfUtils.java:logGet(44)) - raft.server.storage.dir = [/home/runner/work/ozone/ozone/hadoop-ozone/integration-test/target/test-dir/MiniOzoneClusterImpl-22559c4f-4ba5-459a-8a40-bbe24e716d33/datanode-6/data/ratis] (custom)
2021-10-08 06:50:19,173 [pool-169-thread-1] INFO  server.RaftServerConfigKeys (ConfUtils.java:logGet(44)) - raft.server.log.corruption.policy = EXCEPTION (default)
2021-10-08 06:50:19,173 [pool-169-thread-1] INFO  server.RaftServerConfigKeys (ConfUtils.java:logGet(44)) - raft.server.storage.free-space.min = 0MB (=0) (default)
2021-10-08 06:50:19,174 [pool-169-thread-1] INFO  storage.RaftStorageDirectory (RaftStorageDirectoryImpl.java:analyzeStorage(135)) - The storage directory /home/runner/work/ozone/ozone/hadoop-ozone/integration-test/target/test-dir/MiniOzoneClusterImpl-22559c4f-4ba5-459a-8a40-bbe24e716d33/datanode-6/data/ratis/1111c815-776d-437b-8d1e-f203257b8df9 does not exist. Creating ...
2021-10-08 06:50:19,175 [pool-169-thread-1] INFO  storage.RaftStorageDirectory (RaftStorageDirectoryImpl.java:tryLock(230)) - Lock on /home/runner/work/ozone/ozone/hadoop-ozone/integration-test/target/test-dir/MiniOzoneClusterImpl-22559c4f-4ba5-459a-8a40-bbe24e716d33/datanode-6/data/ratis/1111c815-776d-437b-8d1e-f203257b8df9/in_use.lock acquired by nodename 13400@fv-az116-933
2021-10-08 06:50:19,176 [pool-169-thread-1] INFO  storage.RaftStorage (RaftStorageImpl.java:format(89)) - Storage directory /home/runner/work/ozone/ozone/hadoop-ozone/integration-test/target/test-dir/MiniOzoneClusterImpl-22559c4f-4ba5-459a-8a40-bbe24e716d33/datanode-6/data/ratis/1111c815-776d-437b-8d1e-f203257b8df9 has been successfully formatted.
2021-10-08 06:50:19,177 [pool-169-thread-1] INFO  ratis.ContainerStateMachine (ContainerStateMachine.java:loadSnapshot(224)) - group-F203257B8DF9: The snapshot info is null. Setting the last applied indexto:(t:0, i:~)
2021-10-08 06:50:19,178 [pool-169-thread-1] INFO  server.RaftServerConfigKeys (ConfUtils.java:logGet(44)) - raft.server.notification.no-leader.timeout = 300000ms (custom)
2021-10-08 06:50:19,178 [pool-169-thread-1] INFO  server.RaftServerConfigKeys (ConfUtils.java:logGet(44)) - raft.server.log.use.memory = false (default)
2021-10-08 06:50:19,178 [pool-169-thread-1] INFO  server.RaftServerConfigKeys (ConfUtils.java:logGet(44)) - raft.server.log.purge.gap = 1000000 (custom)
2021-10-08 06:50:19,178 [pool-169-thread-1] INFO  server.RaftServerConfigKeys (ConfUtils.java:logGet(44)) - raft.server.log.appender.buffer.byte-limit = 33554432 (custom)
2021-10-08 06:50:19,178 [pool-169-thread-1] INFO  server.RaftServerConfigKeys (ConfUtils.java:logGet(44)) - raft.server.log.segment.size.max = 1048576 (custom)
2021-10-08 06:50:19,179 [EventQueue-OpenPipelineForHealthyPipelineSafeModeRule] INFO  safemode.SCMSafeModeManager (HealthyPipelineSafeModeRule.java:process(124)) - SCM in safe mode. Healthy pipelines reported count is 0, required healthy pipeline reported count is 1
2021-10-08 06:50:19,179 [pool-169-thread-1] INFO  server.RaftServerConfigKeys (ConfUtils.java:logGet(44)) - raft.server.log.segment.cache.num.max = 2 (custom)
2021-10-08 06:50:19,179 [pool-169-thread-1] INFO  server.RaftServerConfigKeys (ConfUtils.java:logGet(44)) - raft.server.log.segment.cache.size.max = 200MB (=209715200) (default)
2021-10-08 06:50:19,179 [pool-169-thread-1] INFO  segmented.SegmentedRaftLogWorker (SegmentedRaftLogWorker.java:<init>(182)) - new f796b749-df2d-4a3b-b27a-77ae0843fd27@group-F203257B8DF9-SegmentedRaftLogWorker for RaftStorageImpl:Storage Directory /home/runner/work/ozone/ozone/hadoop-ozone/integration-test/target/test-dir/MiniOzoneClusterImpl-22559c4f-4ba5-459a-8a40-bbe24e716d33/datanode-6/data/ratis/1111c815-776d-437b-8d1e-f203257b8df9
2021-10-08 06:50:19,180 [pool-169-thread-1] INFO  server.RaftServerConfigKeys (ConfUtils.java:logGet(44)) - raft.server.log.queue.byte-limit = 2147483647 (custom)
2021-10-08 06:50:19,180 [pool-169-thread-1] INFO  server.RaftServerConfigKeys (ConfUtils.java:logGet(44)) - raft.server.log.queue.element-limit = 1024 (custom)
2021-10-08 06:50:19,180 [pool-169-thread-1] INFO  server.RaftServerConfigKeys (ConfUtils.java:logGet(44)) - raft.server.log.segment.size.max = 1048576 (custom)
2021-10-08 06:50:19,180 [pool-169-thread-1] INFO  server.RaftServerConfigKeys (ConfUtils.java:logGet(44)) - raft.server.log.preallocated.size = 16384 (custom)
2021-10-08 06:50:19,180 [pool-169-thread-1] INFO  server.RaftServerConfigKeys (ConfUtils.java:logGet(44)) - raft.server.log.force.sync.num = 128 (default)
2021-10-08 06:50:19,180 [pool-169-thread-1] INFO  server.RaftServerConfigKeys (ConfUtils.java:logGet(44)) - raft.server.log.statemachine.data.sync = true (default)
2021-10-08 06:50:19,180 [pool-169-thread-1] INFO  server.RaftServerConfigKeys (ConfUtils.java:logGet(44)) - raft.server.log.statemachine.data.sync.timeout = 10s (default)
2021-10-08 06:50:19,180 [pool-169-thread-1] INFO  server.RaftServerConfigKeys (ConfUtils.java:logGet(44)) - raft.server.log.statemachine.data.sync.timeout.retry = -1 (default)
2021-10-08 06:50:19,182 [pool-169-thread-1] INFO  server.RaftServerConfigKeys (ConfUtils.java:logGet(44)) - raft.server.log.write.buffer.size = 1048576 (custom)
2021-10-08 06:50:19,183 [pool-169-thread-1] INFO  server.RaftServerConfigKeys (ConfUtils.java:logGet(44)) - raft.server.log.statemachine.data.caching.enabled = true (custom)
2021-10-08 06:50:19,183 [pool-169-thread-1] INFO  segmented.SegmentedRaftLogWorker (SegmentedRaftLogWorker.java:lambda$new$0(133)) - f796b749-df2d-4a3b-b27a-77ae0843fd27@group-F203257B8DF9-SegmentedRaftLogWorker: flushIndex: setUnconditionally 0 -> -1
2021-10-08 06:50:19,184 [pool-169-thread-1] INFO  segmented.SegmentedRaftLogWorker (SegmentedRaftLogWorker.java:lambda$new$0(133)) - f796b749-df2d-4a3b-b27a-77ae0843fd27@group-F203257B8DF9-SegmentedRaftLogWorker: safeCacheEvictIndex: setUnconditionally 0 -> -1
2021-10-08 06:50:19,187 [pool-169-thread-1] INFO  server.RaftServerConfigKeys (ConfUtils.java:logGet(44)) - raft.server.snapshot.auto.trigger.enabled = true (custom)
2021-10-08 06:50:19,187 [pool-169-thread-1] INFO  server.RaftServerConfigKeys (ConfUtils.java:logGet(44)) - raft.server.snapshot.auto.trigger.threshold = 1 (custom)
2021-10-08 06:50:19,188 [pool-169-thread-1] INFO  server.RaftServerConfigKeys (ConfUtils.java:logGet(44)) - raft.server.snapshot.retention.file.num = 5 (custom)
2021-10-08 06:50:19,188 [pool-169-thread-1] INFO  server.RaftServerConfigKeys (ConfUtils.java:logGet(44)) - raft.server.log.purge.upto.snapshot.index = false (default)
2021-10-08 06:50:19,188 [pool-169-thread-1] INFO  server.RaftServerConfigKeys (ConfUtils.java:logGet(44)) - raft.server.retrycache.expirytime = 600000ms (custom)
2021-10-08 06:50:19,188 [pool-169-thread-1] INFO  server.RaftServerConfigKeys (ConfUtils.java:logGet(44)) - raft.server.retrycache.statistics.expirytime = 100μs (default)
2021-10-08 06:50:19,189 [pool-169-thread-1] INFO  server.RaftServer$Division (RaftServerImpl.java:start(296)) - f796b749-df2d-4a3b-b27a-77ae0843fd27@group-F203257B8DF9: start as a follower, conf=-1: [f796b749-df2d-4a3b-b27a-77ae0843fd27|rpc:10.1.0.41:38397|priority:0, 9e524b8f-78bb-4c18-ad9a-9ed1597fb879|rpc:10.1.0.41:33001|priority:1, b944db8f-6cbb-4a51-b46c-fbe444116a05|rpc:10.1.0.41:35691|priority:0], old=null
2021-10-08 06:50:19,189 [pool-169-thread-1] INFO  server.RaftServer$Division (RaftServerImpl.java:setRole(285)) - f796b749-df2d-4a3b-b27a-77ae0843fd27@group-F203257B8DF9: changes role from      null to FOLLOWER at term 0 for startAsFollower
2021-10-08 06:50:19,190 [pool-169-thread-1] INFO  impl.RoleInfo (RoleInfo.java:updateAndGet(130)) - f796b749-df2d-4a3b-b27a-77ae0843fd27: start f796b749-df2d-4a3b-b27a-77ae0843fd27@group-F203257B8DF9-FollowerState
2021-10-08 06:50:19,190 [pool-169-thread-1] INFO  util.JmxRegister (JmxRegister.java:tryRegister(44)) - Successfully registered JMX Bean with object name Ratis:service=RaftServer,group=group-F203257B8DF9,id=f796b749-df2d-4a3b-b27a-77ae0843fd27
2021-10-08 06:50:19,191 [Command processor thread] INFO  ratis.XceiverServerRatis (XceiverServerRatis.java:addGroup(763)) - Created group PipelineID=1111c815-776d-437b-8d1e-f203257b8df9
2021-10-08 06:50:19,213 [EventQueue-OpenPipelineForHealthyPipelineSafeModeRule] INFO  safemode.SCMSafeModeManager (HealthyPipelineSafeModeRule.java:process(124)) - SCM in safe mode. Healthy pipelines reported count is 0, required healthy pipeline reported count is 1
2021-10-08 06:50:19,215 [EventQueue-OpenPipelineForHealthyPipelineSafeModeRule] INFO  safemode.SCMSafeModeManager (HealthyPipelineSafeModeRule.java:process(124)) - SCM in safe mode. Healthy pipelines reported count is 0, required healthy pipeline reported count is 1
2021-10-08 06:50:19,218 [grpc-default-executor-1] INFO  server.RaftServer (RaftServerProxy.java:addNew(95)) - 9e524b8f-78bb-4c18-ad9a-9ed1597fb879: addNew group-F203257B8DF9:[f796b749-df2d-4a3b-b27a-77ae0843fd27|rpc:10.1.0.41:38397|dataStream:|priority:0, 9e524b8f-78bb-4c18-ad9a-9ed1597fb879|rpc:10.1.0.41:33001|dataStream:|priority:1, b944db8f-6cbb-4a51-b46c-fbe444116a05|rpc:10.1.0.41:35691|dataStream:|priority:0] returns group-F203257B8DF9:java.util.concurrent.CompletableFuture@6deeb5f3[Not completed]
2021-10-08 06:50:19,220 [pool-207-thread-1] INFO  server.RaftServer$Division (RaftServerImpl.java:<init>(181)) - 9e524b8f-78bb-4c18-ad9a-9ed1597fb879: new RaftServerImpl for group-F203257B8DF9:[f796b749-df2d-4a3b-b27a-77ae0843fd27|rpc:10.1.0.41:38397|dataStream:|priority:0, 9e524b8f-78bb-4c18-ad9a-9ed1597fb879|rpc:10.1.0.41:33001|dataStream:|priority:1, b944db8f-6cbb-4a51-b46c-fbe444116a05|rpc:10.1.0.41:35691|dataStream:|priority:0] with ContainerStateMachine:uninitialized
2021-10-08 06:50:19,221 [EventQueue-OpenPipelineForHealthyPipelineSafeModeRule] INFO  safemode.SCMSafeModeManager (HealthyPipelineSafeModeRule.java:process(124)) - SCM in safe mode. Healthy pipelines reported count is 0, required healthy pipeline reported count is 1
2021-10-08 06:50:19,222 [pool-207-thread-1] INFO  server.RaftServerConfigKeys (ConfUtils.java:logGet(44)) - raft.server.rpc.timeout.min = 5s (custom)
2021-10-08 06:50:19,222 [pool-207-thread-1] INFO  server.RaftServerConfigKeys (ConfUtils.java:logGet(44)) - raft.server.rpc.timeout.max = 5200ms (custom)
2021-10-08 06:50:19,222 [pool-207-thread-1] INFO  server.RaftServerConfigKeys (ConfUtils.java:logGet(44)) - raft.server.rpc.sleep.time = 25ms (default)
2021-10-08 06:50:19,222 [pool-207-thread-1] INFO  server.RaftServerConfigKeys (ConfUtils.java:logGet(44)) - raft.server.rpc.slowness.timeout = 300000ms (custom)
2021-10-08 06:50:19,222 [pool-207-thread-1] INFO  server.RaftServerConfigKeys (ConfUtils.java:logGet(44)) - raft.server.leaderelection.leader.step-down.wait-time = 10s (default)
2021-10-08 06:50:19,222 [pool-207-thread-1] INFO  server.RaftServerConfigKeys (ConfUtils.java:logGet(44)) - raft.server.sleep.deviation.threshold = 300ms (default)
2021-10-08 06:50:19,223 [pool-207-thread-1] INFO  server.RaftServerConfigKeys (ConfUtils.java:logGet(44)) - raft.server.log.appender.install.snapshot.enabled = false (custom)
2021-10-08 06:50:19,223 [pool-207-thread-1] INFO  server.RaftServer$Division (ServerState.java:<init>(105)) - 9e524b8f-78bb-4c18-ad9a-9ed1597fb879@group-F203257B8DF9: ConfigurationManager, init=-1: [f796b749-df2d-4a3b-b27a-77ae0843fd27|rpc:10.1.0.41:38397|dataStream:|priority:0, 9e524b8f-78bb-4c18-ad9a-9ed1597fb879|rpc:10.1.0.41:33001|dataStream:|priority:1, b944db8f-6cbb-4a51-b46c-fbe444116a05|rpc:10.1.0.41:35691|dataStream:|priority:0], old=null, confs=<EMPTY_MAP>
2021-10-08 06:50:19,223 [pool-207-thread-1] INFO  server.RaftServerConfigKeys (ConfUtils.java:logGet(44)) - raft.server.storage.dir = [/home/runner/work/ozone/ozone/hadoop-ozone/integration-test/target/test-dir/MiniOzoneClusterImpl-22559c4f-4ba5-459a-8a40-bbe24e716d33/datanode-8/data/ratis] (custom)
2021-10-08 06:50:19,226 [pool-207-thread-1] INFO  server.RaftServerConfigKeys (ConfUtils.java:logGet(44)) - raft.server.log.corruption.policy = EXCEPTION (default)
2021-10-08 06:50:19,226 [pool-207-thread-1] INFO  server.RaftServerConfigKeys (ConfUtils.java:logGet(44)) - raft.server.storage.free-space.min = 0MB (=0) (default)
2021-10-08 06:50:19,226 [pool-207-thread-1] INFO  storage.RaftStorageDirectory (RaftStorageDirectoryImpl.java:analyzeStorage(135)) - The storage directory /home/runner/work/ozone/ozone/hadoop-ozone/integration-test/target/test-dir/MiniOzoneClusterImpl-22559c4f-4ba5-459a-8a40-bbe24e716d33/datanode-8/data/ratis/1111c815-776d-437b-8d1e-f203257b8df9 does not exist. Creating ...
2021-10-08 06:50:19,228 [pool-207-thread-1] INFO  storage.RaftStorageDirectory (RaftStorageDirectoryImpl.java:tryLock(230)) - Lock on /home/runner/work/ozone/ozone/hadoop-ozone/integration-test/target/test-dir/MiniOzoneClusterImpl-22559c4f-4ba5-459a-8a40-bbe24e716d33/datanode-8/data/ratis/1111c815-776d-437b-8d1e-f203257b8df9/in_use.lock acquired by nodename 13400@fv-az116-933
2021-10-08 06:50:19,230 [pool-207-thread-1] INFO  storage.RaftStorage (RaftStorageImpl.java:format(89)) - Storage directory /home/runner/work/ozone/ozone/hadoop-ozone/integration-test/target/test-dir/MiniOzoneClusterImpl-22559c4f-4ba5-459a-8a40-bbe24e716d33/datanode-8/data/ratis/1111c815-776d-437b-8d1e-f203257b8df9 has been successfully formatted.
2021-10-08 06:50:19,233 [Datanode State Machine Thread - 0] WARN  statemachine.StateContext (StateContext.java:execute(621)) - No available thread in pool for past 0 seconds.
2021-10-08 06:50:19,235 [pool-207-thread-1] INFO  ratis.ContainerStateMachine (ContainerStateMachine.java:loadSnapshot(224)) - group-F203257B8DF9: The snapshot info is null. Setting the last applied indexto:(t:0, i:~)
2021-10-08 06:50:19,235 [pool-207-thread-1] INFO  server.RaftServerConfigKeys (ConfUtils.java:logGet(44)) - raft.server.notification.no-leader.timeout = 300000ms (custom)
2021-10-08 06:50:19,235 [pool-207-thread-1] INFO  server.RaftServerConfigKeys (ConfUtils.java:logGet(44)) - raft.server.log.use.memory = false (default)
2021-10-08 06:50:19,235 [pool-207-thread-1] INFO  server.RaftServerConfigKeys (ConfUtils.java:logGet(44)) - raft.server.log.purge.gap = 1000000 (custom)
2021-10-08 06:50:19,236 [pool-207-thread-1] INFO  server.RaftServerConfigKeys (ConfUtils.java:logGet(44)) - raft.server.log.appender.buffer.byte-limit = 33554432 (custom)
2021-10-08 06:50:19,236 [pool-207-thread-1] INFO  server.RaftServerConfigKeys (ConfUtils.java:logGet(44)) - raft.server.log.segment.size.max = 1048576 (custom)
2021-10-08 06:50:19,237 [pool-207-thread-1] INFO  server.RaftServerConfigKeys (ConfUtils.java:logGet(44)) - raft.server.log.segment.cache.num.max = 2 (custom)
2021-10-08 06:50:19,239 [pool-207-thread-1] INFO  server.RaftServerConfigKeys (ConfUtils.java:logGet(44)) - raft.server.log.segment.cache.size.max = 200MB (=209715200) (default)
2021-10-08 06:50:19,240 [pool-207-thread-1] INFO  segmented.SegmentedRaftLogWorker (SegmentedRaftLogWorker.java:<init>(182)) - new 9e524b8f-78bb-4c18-ad9a-9ed1597fb879@group-F203257B8DF9-SegmentedRaftLogWorker for RaftStorageImpl:Storage Directory /home/runner/work/ozone/ozone/hadoop-ozone/integration-test/target/test-dir/MiniOzoneClusterImpl-22559c4f-4ba5-459a-8a40-bbe24e716d33/datanode-8/data/ratis/1111c815-776d-437b-8d1e-f203257b8df9
2021-10-08 06:50:19,240 [pool-207-thread-1] INFO  server.RaftServerConfigKeys (ConfUtils.java:logGet(44)) - raft.server.log.queue.byte-limit = 2147483647 (custom)
2021-10-08 06:50:19,240 [pool-207-thread-1] INFO  server.RaftServerConfigKeys (ConfUtils.java:logGet(44)) - raft.server.log.queue.element-limit = 1024 (custom)
2021-10-08 06:50:19,240 [pool-207-thread-1] INFO  server.RaftServerConfigKeys (ConfUtils.java:logGet(44)) - raft.server.log.segment.size.max = 1048576 (custom)
2021-10-08 06:50:19,245 [pool-207-thread-1] INFO  server.RaftServerConfigKeys (ConfUtils.java:logGet(44)) - raft.server.log.preallocated.size = 16384 (custom)
2021-10-08 06:50:19,245 [pool-207-thread-1] INFO  server.RaftServerConfigKeys (ConfUtils.java:logGet(44)) - raft.server.log.force.sync.num = 128 (default)
2021-10-08 06:50:19,245 [pool-207-thread-1] INFO  server.RaftServerConfigKeys (ConfUtils.java:logGet(44)) - raft.server.log.statemachine.data.sync = true (default)
2021-10-08 06:50:19,245 [pool-207-thread-1] INFO  server.RaftServerConfigKeys (ConfUtils.java:logGet(44)) - raft.server.log.statemachine.data.sync.timeout = 10s (default)
2021-10-08 06:50:19,245 [pool-207-thread-1] INFO  server.RaftServerConfigKeys (ConfUtils.java:logGet(44)) - raft.server.log.statemachine.data.sync.timeout.retry = -1 (default)
2021-10-08 06:50:19,247 [pool-207-thread-1] INFO  server.RaftServerConfigKeys (ConfUtils.java:logGet(44)) - raft.server.log.write.buffer.size = 1048576 (custom)
2021-10-08 06:50:19,248 [pool-207-thread-1] INFO  server.RaftServerConfigKeys (ConfUtils.java:logGet(44)) - raft.server.log.statemachine.data.caching.enabled = true (custom)
2021-10-08 06:50:19,249 [pool-207-thread-1] INFO  segmented.SegmentedRaftLogWorker (SegmentedRaftLogWorker.java:lambda$new$0(133)) - 9e524b8f-78bb-4c18-ad9a-9ed1597fb879@group-F203257B8DF9-SegmentedRaftLogWorker: flushIndex: setUnconditionally 0 -> -1
2021-10-08 06:50:19,249 [pool-207-thread-1] INFO  segmented.SegmentedRaftLogWorker (SegmentedRaftLogWorker.java:lambda$new$0(133)) - 9e524b8f-78bb-4c18-ad9a-9ed1597fb879@group-F203257B8DF9-SegmentedRaftLogWorker: safeCacheEvictIndex: setUnconditionally 0 -> -1
2021-10-08 06:50:19,249 [pool-207-thread-1] INFO  server.RaftServerConfigKeys (ConfUtils.java:logGet(44)) - raft.server.snapshot.auto.trigger.enabled = true (custom)
2021-10-08 06:50:19,249 [pool-207-thread-1] INFO  server.RaftServerConfigKeys (ConfUtils.java:logGet(44)) - raft.server.snapshot.auto.trigger.threshold = 1 (custom)
2021-10-08 06:50:19,249 [pool-207-thread-1] INFO  server.RaftServerConfigKeys (ConfUtils.java:logGet(44)) - raft.server.snapshot.retention.file.num = 5 (custom)
2021-10-08 06:50:19,249 [pool-207-thread-1] INFO  server.RaftServerConfigKeys (ConfUtils.java:logGet(44)) - raft.server.log.purge.upto.snapshot.index = false (default)
2021-10-08 06:50:19,249 [pool-207-thread-1] INFO  server.RaftServerConfigKeys (ConfUtils.java:logGet(44)) - raft.server.retrycache.expirytime = 600000ms (custom)
2021-10-08 06:50:19,250 [pool-207-thread-1] INFO  server.RaftServerConfigKeys (ConfUtils.java:logGet(44)) - raft.server.retrycache.statistics.expirytime = 100μs (default)
2021-10-08 06:50:19,251 [pool-207-thread-1] INFO  server.RaftServer$Division (RaftServerImpl.java:start(296)) - 9e524b8f-78bb-4c18-ad9a-9ed1597fb879@group-F203257B8DF9: start as a follower, conf=-1: [f796b749-df2d-4a3b-b27a-77ae0843fd27|rpc:10.1.0.41:38397|dataStream:|priority:0, 9e524b8f-78bb-4c18-ad9a-9ed1597fb879|rpc:10.1.0.41:33001|dataStream:|priority:1, b944db8f-6cbb-4a51-b46c-fbe444116a05|rpc:10.1.0.41:35691|dataStream:|priority:0], old=null
2021-10-08 06:50:19,251 [pool-207-thread-1] INFO  server.RaftServer$Division (RaftServerImpl.java:setRole(285)) - 9e524b8f-78bb-4c18-ad9a-9ed1597fb879@group-F203257B8DF9: changes role from      null to FOLLOWER at term 0 for startAsFollower
2021-10-08 06:50:19,251 [pool-207-thread-1] INFO  impl.RoleInfo (RoleInfo.java:updateAndGet(130)) - 9e524b8f-78bb-4c18-ad9a-9ed1597fb879: start 9e524b8f-78bb-4c18-ad9a-9ed1597fb879@group-F203257B8DF9-FollowerState
2021-10-08 06:50:19,252 [pool-207-thread-1] INFO  util.JmxRegister (JmxRegister.java:tryRegister(44)) - Successfully registered JMX Bean with object name Ratis:service=RaftServer,group=group-F203257B8DF9,id=9e524b8f-78bb-4c18-ad9a-9ed1597fb879
2021-10-08 06:50:19,256 [EventQueue-OpenPipelineForHealthyPipelineSafeModeRule] INFO  safemode.SCMSafeModeManager (HealthyPipelineSafeModeRule.java:process(124)) - SCM in safe mode. Healthy pipelines reported count is 0, required healthy pipeline reported count is 1
2021-10-08 06:50:19,284 [grpc-default-executor-1] INFO  server.RaftServer (RaftServerProxy.java:addNew(95)) - b944db8f-6cbb-4a51-b46c-fbe444116a05: addNew group-F203257B8DF9:[f796b749-df2d-4a3b-b27a-77ae0843fd27|rpc:10.1.0.41:38397|dataStream:|priority:0, 9e524b8f-78bb-4c18-ad9a-9ed1597fb879|rpc:10.1.0.41:33001|dataStream:|priority:1, b944db8f-6cbb-4a51-b46c-fbe444116a05|rpc:10.1.0.41:35691|dataStream:|priority:0] returns group-F203257B8DF9:java.util.concurrent.CompletableFuture@70445dac[Not completed]
2021-10-08 06:50:19,285 [pool-188-thread-1] INFO  server.RaftServer$Division (RaftServerImpl.java:<init>(181)) - b944db8f-6cbb-4a51-b46c-fbe444116a05: new RaftServerImpl for group-F203257B8DF9:[f796b749-df2d-4a3b-b27a-77ae0843fd27|rpc:10.1.0.41:38397|dataStream:|priority:0, 9e524b8f-78bb-4c18-ad9a-9ed1597fb879|rpc:10.1.0.41:33001|dataStream:|priority:1, b944db8f-6cbb-4a51-b46c-fbe444116a05|rpc:10.1.0.41:35691|dataStream:|priority:0] with ContainerStateMachine:uninitialized
2021-10-08 06:50:19,285 [pool-188-thread-1] INFO  server.RaftServerConfigKeys (ConfUtils.java:logGet(44)) - raft.server.rpc.timeout.min = 5s (custom)
2021-10-08 06:50:19,286 [pool-188-thread-1] INFO  server.RaftServerConfigKeys (ConfUtils.java:logGet(44)) - raft.server.rpc.timeout.max = 5200ms (custom)
2021-10-08 06:50:19,286 [pool-188-thread-1] INFO  server.RaftServerConfigKeys (ConfUtils.java:logGet(44)) - raft.server.rpc.sleep.time = 25ms (default)
2021-10-08 06:50:19,286 [pool-188-thread-1] INFO  server.RaftServerConfigKeys (ConfUtils.java:logGet(44)) - raft.server.rpc.slowness.timeout = 300000ms (custom)
2021-10-08 06:50:19,286 [pool-188-thread-1] INFO  server.RaftServerConfigKeys (ConfUtils.java:logGet(44)) - raft.server.leaderelection.leader.step-down.wait-time = 10s (default)
2021-10-08 06:50:19,287 [pool-188-thread-1] INFO  server.RaftServerConfigKeys (ConfUtils.java:logGet(44)) - raft.server.sleep.deviation.threshold = 300ms (default)
2021-10-08 06:50:19,287 [pool-188-thread-1] INFO  server.RaftServerConfigKeys (ConfUtils.java:logGet(44)) - raft.server.log.appender.install.snapshot.enabled = false (custom)
2021-10-08 06:50:19,287 [pool-188-thread-1] INFO  server.RaftServer$Division (ServerState.java:<init>(105)) - b944db8f-6cbb-4a51-b46c-fbe444116a05@group-F203257B8DF9: ConfigurationManager, init=-1: [f796b749-df2d-4a3b-b27a-77ae0843fd27|rpc:10.1.0.41:38397|dataStream:|priority:0, 9e524b8f-78bb-4c18-ad9a-9ed1597fb879|rpc:10.1.0.41:33001|dataStream:|priority:1, b944db8f-6cbb-4a51-b46c-fbe444116a05|rpc:10.1.0.41:35691|dataStream:|priority:0], old=null, confs=<EMPTY_MAP>
2021-10-08 06:50:19,287 [pool-188-thread-1] INFO  server.RaftServerConfigKeys (ConfUtils.java:logGet(44)) - raft.server.storage.dir = [/home/runner/work/ozone/ozone/hadoop-ozone/integration-test/target/test-dir/MiniOzoneClusterImpl-22559c4f-4ba5-459a-8a40-bbe24e716d33/datanode-7/data/ratis] (custom)
2021-10-08 06:50:19,287 [pool-188-thread-1] INFO  server.RaftServerConfigKeys (ConfUtils.java:logGet(44)) - raft.server.log.corruption.policy = EXCEPTION (default)
2021-10-08 06:50:19,287 [pool-188-thread-1] INFO  server.RaftServerConfigKeys (ConfUtils.java:logGet(44)) - raft.server.storage.free-space.min = 0MB (=0) (default)
2021-10-08 06:50:19,288 [pool-188-thread-1] INFO  storage.RaftStorageDirectory (RaftStorageDirectoryImpl.java:analyzeStorage(135)) - The storage directory /home/runner/work/ozone/ozone/hadoop-ozone/integration-test/target/test-dir/MiniOzoneClusterImpl-22559c4f-4ba5-459a-8a40-bbe24e716d33/datanode-7/data/ratis/1111c815-776d-437b-8d1e-f203257b8df9 does not exist. Creating ...
2021-10-08 06:50:19,289 [pool-188-thread-1] INFO  storage.RaftStorageDirectory (RaftStorageDirectoryImpl.java:tryLock(230)) - Lock on /home/runner/work/ozone/ozone/hadoop-ozone/integration-test/target/test-dir/MiniOzoneClusterImpl-22559c4f-4ba5-459a-8a40-bbe24e716d33/datanode-7/data/ratis/1111c815-776d-437b-8d1e-f203257b8df9/in_use.lock acquired by nodename 13400@fv-az116-933
2021-10-08 06:50:19,290 [pool-188-thread-1] INFO  storage.RaftStorage (RaftStorageImpl.java:format(89)) - Storage directory /home/runner/work/ozone/ozone/hadoop-ozone/integration-test/target/test-dir/MiniOzoneClusterImpl-22559c4f-4ba5-459a-8a40-bbe24e716d33/datanode-7/data/ratis/1111c815-776d-437b-8d1e-f203257b8df9 has been successfully formatted.
2021-10-08 06:50:19,292 [pool-188-thread-1] INFO  ratis.ContainerStateMachine (ContainerStateMachine.java:loadSnapshot(224)) - group-F203257B8DF9: The snapshot info is null. Setting the last applied indexto:(t:0, i:~)
2021-10-08 06:50:19,292 [Datanode State Machine Thread - 0] WARN  statemachine.StateContext (StateContext.java:execute(621)) - No available thread in pool for past 0 seconds.
2021-10-08 06:50:19,292 [pool-188-thread-1] INFO  server.RaftServerConfigKeys (ConfUtils.java:logGet(44)) - raft.server.notification.no-leader.timeout = 300000ms (custom)
2021-10-08 06:50:19,292 [pool-188-thread-1] INFO  server.RaftServerConfigKeys (ConfUtils.java:logGet(44)) - raft.server.log.use.memory = false (default)
2021-10-08 06:50:19,292 [pool-188-thread-1] INFO  server.RaftServerConfigKeys (ConfUtils.java:logGet(44)) - raft.server.log.purge.gap = 1000000 (custom)
2021-10-08 06:50:19,292 [pool-188-thread-1] INFO  server.RaftServerConfigKeys (ConfUtils.java:logGet(44)) - raft.server.log.appender.buffer.byte-limit = 33554432 (custom)
2021-10-08 06:50:19,293 [pool-188-thread-1] INFO  server.RaftServerConfigKeys (ConfUtils.java:logGet(44)) - raft.server.log.segment.size.max = 1048576 (custom)
2021-10-08 06:50:19,294 [pool-188-thread-1] INFO  server.RaftServerConfigKeys (ConfUtils.java:logGet(44)) - raft.server.log.segment.cache.num.max = 2 (custom)
2021-10-08 06:50:19,294 [pool-188-thread-1] INFO  server.RaftServerConfigKeys (ConfUtils.java:logGet(44)) - raft.server.log.segment.cache.size.max = 200MB (=209715200) (default)
2021-10-08 06:50:19,295 [pool-188-thread-1] INFO  segmented.SegmentedRaftLogWorker (SegmentedRaftLogWorker.java:<init>(182)) - new b944db8f-6cbb-4a51-b46c-fbe444116a05@group-F203257B8DF9-SegmentedRaftLogWorker for RaftStorageImpl:Storage Directory /home/runner/work/ozone/ozone/hadoop-ozone/integration-test/target/test-dir/MiniOzoneClusterImpl-22559c4f-4ba5-459a-8a40-bbe24e716d33/datanode-7/data/ratis/1111c815-776d-437b-8d1e-f203257b8df9
2021-10-08 06:50:19,295 [pool-188-thread-1] INFO  server.RaftServerConfigKeys (ConfUtils.java:logGet(44)) - raft.server.log.queue.byte-limit = 2147483647 (custom)
2021-10-08 06:50:19,295 [pool-188-thread-1] INFO  server.RaftServerConfigKeys (ConfUtils.java:logGet(44)) - raft.server.log.queue.element-limit = 1024 (custom)
2021-10-08 06:50:19,295 [pool-188-thread-1] INFO  server.RaftServerConfigKeys (ConfUtils.java:logGet(44)) - raft.server.log.segment.size.max = 1048576 (custom)
2021-10-08 06:50:19,295 [pool-188-thread-1] INFO  server.RaftServerConfigKeys (ConfUtils.java:logGet(44)) - raft.server.log.preallocated.size = 16384 (custom)
2021-10-08 06:50:19,295 [pool-188-thread-1] INFO  server.RaftServerConfigKeys (ConfUtils.java:logGet(44)) - raft.server.log.force.sync.num = 128 (default)
2021-10-08 06:50:19,295 [pool-188-thread-1] INFO  server.RaftServerConfigKeys (ConfUtils.java:logGet(44)) - raft.server.log.statemachine.data.sync = true (default)
2021-10-08 06:50:19,295 [pool-188-thread-1] INFO  server.RaftServerConfigKeys (ConfUtils.java:logGet(44)) - raft.server.log.statemachine.data.sync.timeout = 10s (default)
2021-10-08 06:50:19,295 [pool-188-thread-1] INFO  server.RaftServerConfigKeys (ConfUtils.java:logGet(44)) - raft.server.log.statemachine.data.sync.timeout.retry = -1 (default)
2021-10-08 06:50:19,297 [pool-188-thread-1] INFO  server.RaftServerConfigKeys (ConfUtils.java:logGet(44)) - raft.server.log.write.buffer.size = 1048576 (custom)
2021-10-08 06:50:19,298 [pool-188-thread-1] INFO  server.RaftServerConfigKeys (ConfUtils.java:logGet(44)) - raft.server.log.statemachine.data.caching.enabled = true (custom)
2021-10-08 06:50:19,298 [pool-188-thread-1] INFO  segmented.SegmentedRaftLogWorker (SegmentedRaftLogWorker.java:lambda$new$0(133)) - b944db8f-6cbb-4a51-b46c-fbe444116a05@group-F203257B8DF9-SegmentedRaftLogWorker: flushIndex: setUnconditionally 0 -> -1
2021-10-08 06:50:19,298 [pool-188-thread-1] INFO  segmented.SegmentedRaftLogWorker (SegmentedRaftLogWorker.java:lambda$new$0(133)) - b944db8f-6cbb-4a51-b46c-fbe444116a05@group-F203257B8DF9-SegmentedRaftLogWorker: safeCacheEvictIndex: setUnconditionally 0 -> -1
2021-10-08 06:50:19,298 [pool-188-thread-1] INFO  server.RaftServerConfigKeys (ConfUtils.java:logGet(44)) - raft.server.snapshot.auto.trigger.enabled = true (custom)
2021-10-08 06:50:19,298 [pool-188-thread-1] INFO  server.RaftServerConfigKeys (ConfUtils.java:logGet(44)) - raft.server.snapshot.auto.trigger.threshold = 1 (custom)
2021-10-08 06:50:19,298 [pool-188-thread-1] INFO  server.RaftServerConfigKeys (ConfUtils.java:logGet(44)) - raft.server.snapshot.retention.file.num = 5 (custom)
2021-10-08 06:50:19,327 [pool-188-thread-1] INFO  server.RaftServerConfigKeys (ConfUtils.java:logGet(44)) - raft.server.log.purge.upto.snapshot.index = false (default)
2021-10-08 06:50:19,327 [pool-188-thread-1] INFO  server.RaftServerConfigKeys (ConfUtils.java:logGet(44)) - raft.server.retrycache.expirytime = 600000ms (custom)
2021-10-08 06:50:19,327 [pool-188-thread-1] INFO  server.RaftServerConfigKeys (ConfUtils.java:logGet(44)) - raft.server.retrycache.statistics.expirytime = 100μs (default)
2021-10-08 06:50:19,329 [pool-188-thread-1] INFO  server.RaftServer$Division (RaftServerImpl.java:start(296)) - b944db8f-6cbb-4a51-b46c-fbe444116a05@group-F203257B8DF9: start as a follower, conf=-1: [f796b749-df2d-4a3b-b27a-77ae0843fd27|rpc:10.1.0.41:38397|dataStream:|priority:0, 9e524b8f-78bb-4c18-ad9a-9ed1597fb879|rpc:10.1.0.41:33001|dataStream:|priority:1, b944db8f-6cbb-4a51-b46c-fbe444116a05|rpc:10.1.0.41:35691|dataStream:|priority:0], old=null
2021-10-08 06:50:19,329 [pool-188-thread-1] INFO  server.RaftServer$Division (RaftServerImpl.java:setRole(285)) - b944db8f-6cbb-4a51-b46c-fbe444116a05@group-F203257B8DF9: changes role from      null to FOLLOWER at term 0 for startAsFollower
2021-10-08 06:50:19,329 [pool-188-thread-1] INFO  impl.RoleInfo (RoleInfo.java:updateAndGet(130)) - b944db8f-6cbb-4a51-b46c-fbe444116a05: start b944db8f-6cbb-4a51-b46c-fbe444116a05@group-F203257B8DF9-FollowerState
2021-10-08 06:50:19,329 [pool-188-thread-1] INFO  util.JmxRegister (JmxRegister.java:tryRegister(44)) - Successfully registered JMX Bean with object name Ratis:service=RaftServer,group=group-F203257B8DF9,id=b944db8f-6cbb-4a51-b46c-fbe444116a05
2021-10-08 06:50:19,356 [Command processor thread] INFO  commandhandler.CreatePipelineCommandHandler (CreatePipelineCommandHandler.java:handle(106)) - Created Pipeline RATIS THREE PipelineID=1111c815-776d-437b-8d1e-f203257b8df9.
2021-10-08 06:50:19,356 [Command processor thread] INFO  server.RaftServer (RaftServerProxy.java:addNew(95)) - f796b749-df2d-4a3b-b27a-77ae0843fd27: addNew group-5A3056E26BD1:[f796b749-df2d-4a3b-b27a-77ae0843fd27|rpc:10.1.0.41:38397|priority:1, b944db8f-6cbb-4a51-b46c-fbe444116a05|rpc:10.1.0.41:35691|priority:0, 9e524b8f-78bb-4c18-ad9a-9ed1597fb879|rpc:10.1.0.41:33001|priority:0] returns group-5A3056E26BD1:java.util.concurrent.CompletableFuture@220499d5[Not completed]
2021-10-08 06:50:19,357 [pool-169-thread-1] INFO  server.RaftServer$Division (RaftServerImpl.java:<init>(181)) - f796b749-df2d-4a3b-b27a-77ae0843fd27: new RaftServerImpl for group-5A3056E26BD1:[f796b749-df2d-4a3b-b27a-77ae0843fd27|rpc:10.1.0.41:38397|priority:1, b944db8f-6cbb-4a51-b46c-fbe444116a05|rpc:10.1.0.41:35691|priority:0, 9e524b8f-78bb-4c18-ad9a-9ed1597fb879|rpc:10.1.0.41:33001|priority:0] with ContainerStateMachine:uninitialized
2021-10-08 06:50:19,357 [pool-169-thread-1] INFO  server.RaftServerConfigKeys (ConfUtils.java:logGet(44)) - raft.server.rpc.timeout.min = 5s (custom)
2021-10-08 06:50:19,357 [pool-169-thread-1] INFO  server.RaftServerConfigKeys (ConfUtils.java:logGet(44)) - raft.server.rpc.timeout.max = 5200ms (custom)
2021-10-08 06:50:19,358 [pool-169-thread-1] INFO  server.RaftServerConfigKeys (ConfUtils.java:logGet(44)) - raft.server.rpc.sleep.time = 25ms (default)
2021-10-08 06:50:19,358 [pool-169-thread-1] INFO  server.RaftServerConfigKeys (ConfUtils.java:logGet(44)) - raft.server.rpc.slowness.timeout = 300000ms (custom)
2021-10-08 06:50:19,358 [pool-169-thread-1] INFO  server.RaftServerConfigKeys (ConfUtils.java:logGet(44)) - raft.server.leaderelection.leader.step-down.wait-time = 10s (default)
2021-10-08 06:50:19,358 [pool-169-thread-1] INFO  server.RaftServerConfigKeys (ConfUtils.java:logGet(44)) - raft.server.sleep.deviation.threshold = 300ms (default)
2021-10-08 06:50:19,358 [pool-169-thread-1] INFO  server.RaftServerConfigKeys (ConfUtils.java:logGet(44)) - raft.server.log.appender.install.snapshot.enabled = false (custom)
2021-10-08 06:50:19,358 [pool-169-thread-1] INFO  server.RaftServer$Division (ServerState.java:<init>(105)) - f796b749-df2d-4a3b-b27a-77ae0843fd27@group-5A3056E26BD1: ConfigurationManager, init=-1: [f796b749-df2d-4a3b-b27a-77ae0843fd27|rpc:10.1.0.41:38397|priority:1, b944db8f-6cbb-4a51-b46c-fbe444116a05|rpc:10.1.0.41:35691|priority:0, 9e524b8f-78bb-4c18-ad9a-9ed1597fb879|rpc:10.1.0.41:33001|priority:0], old=null, confs=<EMPTY_MAP>
2021-10-08 06:50:19,358 [pool-169-thread-1] INFO  server.RaftServerConfigKeys (ConfUtils.java:logGet(44)) - raft.server.storage.dir = [/home/runner/work/ozone/ozone/hadoop-ozone/integration-test/target/test-dir/MiniOzoneClusterImpl-22559c4f-4ba5-459a-8a40-bbe24e716d33/datanode-6/data/ratis] (custom)
2021-10-08 06:50:19,358 [pool-169-thread-1] INFO  server.RaftServerConfigKeys (ConfUtils.java:logGet(44)) - raft.server.log.corruption.policy = EXCEPTION (default)
2021-10-08 06:50:19,358 [pool-169-thread-1] INFO  server.RaftServerConfigKeys (ConfUtils.java:logGet(44)) - raft.server.storage.free-space.min = 0MB (=0) (default)
2021-10-08 06:50:19,359 [pool-169-thread-1] INFO  storage.RaftStorageDirectory (RaftStorageDirectoryImpl.java:analyzeStorage(135)) - The storage directory /home/runner/work/ozone/ozone/hadoop-ozone/integration-test/target/test-dir/MiniOzoneClusterImpl-22559c4f-4ba5-459a-8a40-bbe24e716d33/datanode-6/data/ratis/520b2590-4374-4551-b05b-5a3056e26bd1 does not exist. Creating ...
2021-10-08 06:50:19,361 [pool-169-thread-1] INFO  storage.RaftStorageDirectory (RaftStorageDirectoryImpl.java:tryLock(230)) - Lock on /home/runner/work/ozone/ozone/hadoop-ozone/integration-test/target/test-dir/MiniOzoneClusterImpl-22559c4f-4ba5-459a-8a40-bbe24e716d33/datanode-6/data/ratis/520b2590-4374-4551-b05b-5a3056e26bd1/in_use.lock acquired by nodename 13400@fv-az116-933
2021-10-08 06:50:19,370 [pool-169-thread-1] INFO  storage.RaftStorage (RaftStorageImpl.java:format(89)) - Storage directory /home/runner/work/ozone/ozone/hadoop-ozone/integration-test/target/test-dir/MiniOzoneClusterImpl-22559c4f-4ba5-459a-8a40-bbe24e716d33/datanode-6/data/ratis/520b2590-4374-4551-b05b-5a3056e26bd1 has been successfully formatted.
2021-10-08 06:50:19,371 [pool-169-thread-1] INFO  ratis.ContainerStateMachine (ContainerStateMachine.java:loadSnapshot(224)) - group-5A3056E26BD1: The snapshot info is null. Setting the last applied indexto:(t:0, i:~)
2021-10-08 06:50:19,371 [pool-169-thread-1] INFO  server.RaftServerConfigKeys (ConfUtils.java:logGet(44)) - raft.server.notification.no-leader.timeout = 300000ms (custom)
2021-10-08 06:50:19,372 [pool-169-thread-1] INFO  server.RaftServerConfigKeys (ConfUtils.java:logGet(44)) - raft.server.log.use.memory = false (default)
2021-10-08 06:50:19,372 [pool-169-thread-1] INFO  server.RaftServerConfigKeys (ConfUtils.java:logGet(44)) - raft.server.log.purge.gap = 1000000 (custom)
2021-10-08 06:50:19,372 [pool-169-thread-1] INFO  server.RaftServerConfigKeys (ConfUtils.java:logGet(44)) - raft.server.log.appender.buffer.byte-limit = 33554432 (custom)
2021-10-08 06:50:19,372 [pool-169-thread-1] INFO  server.RaftServerConfigKeys (ConfUtils.java:logGet(44)) - raft.server.log.segment.size.max = 1048576 (custom)
2021-10-08 06:50:19,373 [pool-169-thread-1] INFO  server.RaftServerConfigKeys (ConfUtils.java:logGet(44)) - raft.server.log.segment.cache.num.max = 2 (custom)
2021-10-08 06:50:19,373 [EventQueue-OpenPipelineForHealthyPipelineSafeModeRule] INFO  safemode.SCMSafeModeManager (HealthyPipelineSafeModeRule.java:process(124)) - SCM in safe mode. Healthy pipelines reported count is 0, required healthy pipeline reported count is 1
2021-10-08 06:50:19,373 [pool-169-thread-1] INFO  server.RaftServerConfigKeys (ConfUtils.java:logGet(44)) - raft.server.log.segment.cache.size.max = 200MB (=209715200) (default)
2021-10-08 06:50:19,373 [pool-169-thread-1] INFO  segmented.SegmentedRaftLogWorker (SegmentedRaftLogWorker.java:<init>(182)) - new f796b749-df2d-4a3b-b27a-77ae0843fd27@group-5A3056E26BD1-SegmentedRaftLogWorker for RaftStorageImpl:Storage Directory /home/runner/work/ozone/ozone/hadoop-ozone/integration-test/target/test-dir/MiniOzoneClusterImpl-22559c4f-4ba5-459a-8a40-bbe24e716d33/datanode-6/data/ratis/520b2590-4374-4551-b05b-5a3056e26bd1
2021-10-08 06:50:19,373 [pool-169-thread-1] INFO  server.RaftServerConfigKeys (ConfUtils.java:logGet(44)) - raft.server.log.queue.byte-limit = 2147483647 (custom)
2021-10-08 06:50:19,373 [pool-169-thread-1] INFO  server.RaftServerConfigKeys (ConfUtils.java:logGet(44)) - raft.server.log.queue.element-limit = 1024 (custom)
2021-10-08 06:50:19,373 [pool-169-thread-1] INFO  server.RaftServerConfigKeys (ConfUtils.java:logGet(44)) - raft.server.log.segment.size.max = 1048576 (custom)
2021-10-08 06:50:19,373 [pool-169-thread-1] INFO  server.RaftServerConfigKeys (ConfUtils.java:logGet(44)) - raft.server.log.preallocated.size = 16384 (custom)
2021-10-08 06:50:19,374 [pool-169-thread-1] INFO  server.RaftServerConfigKeys (ConfUtils.java:logGet(44)) - raft.server.log.force.sync.num = 128 (default)
2021-10-08 06:50:19,374 [pool-169-thread-1] INFO  server.RaftServerConfigKeys (ConfUtils.java:logGet(44)) - raft.server.log.statemachine.data.sync = true (default)
2021-10-08 06:50:19,374 [pool-169-thread-1] INFO  server.RaftServerConfigKeys (ConfUtils.java:logGet(44)) - raft.server.log.statemachine.data.sync.timeout = 10s (default)
2021-10-08 06:50:19,374 [pool-169-thread-1] INFO  server.RaftServerConfigKeys (ConfUtils.java:logGet(44)) - raft.server.log.statemachine.data.sync.timeout.retry = -1 (default)
2021-10-08 06:50:19,375 [pool-169-thread-1] INFO  server.RaftServerConfigKeys (ConfUtils.java:logGet(44)) - raft.server.log.write.buffer.size = 1048576 (custom)
2021-10-08 06:50:19,376 [pool-169-thread-1] INFO  server.RaftServerConfigKeys (ConfUtils.java:logGet(44)) - raft.server.log.statemachine.data.caching.enabled = true (custom)
2021-10-08 06:50:19,377 [pool-169-thread-1] INFO  segmented.SegmentedRaftLogWorker (SegmentedRaftLogWorker.java:lambda$new$0(133)) - f796b749-df2d-4a3b-b27a-77ae0843fd27@group-5A3056E26BD1-SegmentedRaftLogWorker: flushIndex: setUnconditionally 0 -> -1
2021-10-08 06:50:19,377 [pool-169-thread-1] INFO  segmented.SegmentedRaftLogWorker (SegmentedRaftLogWorker.java:lambda$new$0(133)) - f796b749-df2d-4a3b-b27a-77ae0843fd27@group-5A3056E26BD1-SegmentedRaftLogWorker: safeCacheEvictIndex: setUnconditionally 0 -> -1
2021-10-08 06:50:19,378 [pool-169-thread-1] INFO  server.RaftServerConfigKeys (ConfUtils.java:logGet(44)) - raft.server.snapshot.auto.trigger.enabled = true (custom)
2021-10-08 06:50:19,378 [pool-169-thread-1] INFO  server.RaftServerConfigKeys (ConfUtils.java:logGet(44)) - raft.server.snapshot.auto.trigger.threshold = 1 (custom)
2021-10-08 06:50:19,378 [pool-169-thread-1] INFO  server.RaftServerConfigKeys (ConfUtils.java:logGet(44)) - raft.server.snapshot.retention.file.num = 5 (custom)
2021-10-08 06:50:19,378 [pool-169-thread-1] INFO  server.RaftServerConfigKeys (ConfUtils.java:logGet(44)) - raft.server.log.purge.upto.snapshot.index = false (default)
2021-10-08 06:50:19,378 [pool-169-thread-1] INFO  server.RaftServerConfigKeys (ConfUtils.java:logGet(44)) - raft.server.retrycache.expirytime = 600000ms (custom)
2021-10-08 06:50:19,378 [pool-169-thread-1] INFO  server.RaftServerConfigKeys (ConfUtils.java:logGet(44)) - raft.server.retrycache.statistics.expirytime = 100μs (default)
2021-10-08 06:50:19,379 [pool-169-thread-1] INFO  server.RaftServer$Division (RaftServerImpl.java:start(296)) - f796b749-df2d-4a3b-b27a-77ae0843fd27@group-5A3056E26BD1: start as a follower, conf=-1: [f796b749-df2d-4a3b-b27a-77ae0843fd27|rpc:10.1.0.41:38397|priority:1, b944db8f-6cbb-4a51-b46c-fbe444116a05|rpc:10.1.0.41:35691|priority:0, 9e524b8f-78bb-4c18-ad9a-9ed1597fb879|rpc:10.1.0.41:33001|priority:0], old=null
2021-10-08 06:50:19,380 [pool-169-thread-1] INFO  server.RaftServer$Division (RaftServerImpl.java:setRole(285)) - f796b749-df2d-4a3b-b27a-77ae0843fd27@group-5A3056E26BD1: changes role from      null to FOLLOWER at term 0 for startAsFollower
2021-10-08 06:50:19,380 [pool-169-thread-1] INFO  impl.RoleInfo (RoleInfo.java:updateAndGet(130)) - f796b749-df2d-4a3b-b27a-77ae0843fd27: start f796b749-df2d-4a3b-b27a-77ae0843fd27@group-5A3056E26BD1-FollowerState
2021-10-08 06:50:19,380 [pool-169-thread-1] INFO  util.JmxRegister (JmxRegister.java:tryRegister(44)) - Successfully registered JMX Bean with object name Ratis:service=RaftServer,group=group-5A3056E26BD1,id=f796b749-df2d-4a3b-b27a-77ae0843fd27
2021-10-08 06:50:19,381 [Command processor thread] INFO  ratis.XceiverServerRatis (XceiverServerRatis.java:addGroup(763)) - Created group PipelineID=520b2590-4374-4551-b05b-5a3056e26bd1
2021-10-08 06:50:19,391 [grpc-default-executor-1] INFO  server.RaftServer (RaftServerProxy.java:addNew(95)) - b944db8f-6cbb-4a51-b46c-fbe444116a05: addNew group-5A3056E26BD1:[f796b749-df2d-4a3b-b27a-77ae0843fd27|rpc:10.1.0.41:38397|dataStream:|priority:1, b944db8f-6cbb-4a51-b46c-fbe444116a05|rpc:10.1.0.41:35691|dataStream:|priority:0, 9e524b8f-78bb-4c18-ad9a-9ed1597fb879|rpc:10.1.0.41:33001|dataStream:|priority:0] returns group-5A3056E26BD1:java.util.concurrent.CompletableFuture@4b8f207b[Not completed]
2021-10-08 06:50:19,392 [pool-188-thread-1] INFO  server.RaftServer$Division (RaftServerImpl.java:<init>(181)) - b944db8f-6cbb-4a51-b46c-fbe444116a05: new RaftServerImpl for group-5A3056E26BD1:[f796b749-df2d-4a3b-b27a-77ae0843fd27|rpc:10.1.0.41:38397|dataStream:|priority:1, b944db8f-6cbb-4a51-b46c-fbe444116a05|rpc:10.1.0.41:35691|dataStream:|priority:0, 9e524b8f-78bb-4c18-ad9a-9ed1597fb879|rpc:10.1.0.41:33001|dataStream:|priority:0] with ContainerStateMachine:uninitialized
2021-10-08 06:50:19,392 [pool-188-thread-1] INFO  server.RaftServerConfigKeys (ConfUtils.java:logGet(44)) - raft.server.rpc.timeout.min = 5s (custom)
2021-10-08 06:50:19,393 [pool-188-thread-1] INFO  server.RaftServerConfigKeys (ConfUtils.java:logGet(44)) - raft.server.rpc.timeout.max = 5200ms (custom)
2021-10-08 06:50:19,393 [pool-188-thread-1] INFO  server.RaftServerConfigKeys (ConfUtils.java:logGet(44)) - raft.server.rpc.sleep.time = 25ms (default)
2021-10-08 06:50:19,393 [pool-188-thread-1] INFO  server.RaftServerConfigKeys (ConfUtils.java:logGet(44)) - raft.server.rpc.slowness.timeout = 300000ms (custom)
2021-10-08 06:50:19,393 [pool-188-thread-1] INFO  server.RaftServerConfigKeys (ConfUtils.java:logGet(44)) - raft.server.leaderelection.leader.step-down.wait-time = 10s (default)
2021-10-08 06:50:19,393 [pool-188-thread-1] INFO  server.RaftServerConfigKeys (ConfUtils.java:logGet(44)) - raft.server.sleep.deviation.threshold = 300ms (default)
2021-10-08 06:50:19,393 [pool-188-thread-1] INFO  server.RaftServerConfigKeys (ConfUtils.java:logGet(44)) - raft.server.log.appender.install.snapshot.enabled = false (custom)
2021-10-08 06:50:19,393 [pool-188-thread-1] INFO  server.RaftServer$Division (ServerState.java:<init>(105)) - b944db8f-6cbb-4a51-b46c-fbe444116a05@group-5A3056E26BD1: ConfigurationManager, init=-1: [f796b749-df2d-4a3b-b27a-77ae0843fd27|rpc:10.1.0.41:38397|dataStream:|priority:1, b944db8f-6cbb-4a51-b46c-fbe444116a05|rpc:10.1.0.41:35691|dataStream:|priority:0, 9e524b8f-78bb-4c18-ad9a-9ed1597fb879|rpc:10.1.0.41:33001|dataStream:|priority:0], old=null, confs=<EMPTY_MAP>
2021-10-08 06:50:19,393 [pool-188-thread-1] INFO  server.RaftServerConfigKeys (ConfUtils.java:logGet(44)) - raft.server.storage.dir = [/home/runner/work/ozone/ozone/hadoop-ozone/integration-test/target/test-dir/MiniOzoneClusterImpl-22559c4f-4ba5-459a-8a40-bbe24e716d33/datanode-7/data/ratis] (custom)
2021-10-08 06:50:19,393 [pool-188-thread-1] INFO  server.RaftServerConfigKeys (ConfUtils.java:logGet(44)) - raft.server.log.corruption.policy = EXCEPTION (default)
2021-10-08 06:50:19,393 [pool-188-thread-1] INFO  server.RaftServerConfigKeys (ConfUtils.java:logGet(44)) - raft.server.storage.free-space.min = 0MB (=0) (default)
2021-10-08 06:50:19,393 [pool-188-thread-1] INFO  storage.RaftStorageDirectory (RaftStorageDirectoryImpl.java:analyzeStorage(135)) - The storage directory /home/runner/work/ozone/ozone/hadoop-ozone/integration-test/target/test-dir/MiniOzoneClusterImpl-22559c4f-4ba5-459a-8a40-bbe24e716d33/datanode-7/data/ratis/520b2590-4374-4551-b05b-5a3056e26bd1 does not exist. Creating ...
2021-10-08 06:50:19,396 [pool-188-thread-1] INFO  storage.RaftStorageDirectory (RaftStorageDirectoryImpl.java:tryLock(230)) - Lock on /home/runner/work/ozone/ozone/hadoop-ozone/integration-test/target/test-dir/MiniOzoneClusterImpl-22559c4f-4ba5-459a-8a40-bbe24e716d33/datanode-7/data/ratis/520b2590-4374-4551-b05b-5a3056e26bd1/in_use.lock acquired by nodename 13400@fv-az116-933
2021-10-08 06:50:19,398 [pool-188-thread-1] INFO  storage.RaftStorage (RaftStorageImpl.java:format(89)) - Storage directory /home/runner/work/ozone/ozone/hadoop-ozone/integration-test/target/test-dir/MiniOzoneClusterImpl-22559c4f-4ba5-459a-8a40-bbe24e716d33/datanode-7/data/ratis/520b2590-4374-4551-b05b-5a3056e26bd1 has been successfully formatted.
2021-10-08 06:50:19,398 [Datanode State Machine Thread - 0] WARN  statemachine.StateContext (StateContext.java:execute(621)) - No available thread in pool for past 0 seconds.
2021-10-08 06:50:19,399 [pool-188-thread-1] INFO  ratis.ContainerStateMachine (ContainerStateMachine.java:loadSnapshot(224)) - group-5A3056E26BD1: The snapshot info is null. Setting the last applied indexto:(t:0, i:~)
2021-10-08 06:50:19,401 [pool-188-thread-1] INFO  server.RaftServerConfigKeys (ConfUtils.java:logGet(44)) - raft.server.notification.no-leader.timeout = 300000ms (custom)
2021-10-08 06:50:19,401 [pool-188-thread-1] INFO  server.RaftServerConfigKeys (ConfUtils.java:logGet(44)) - raft.server.log.use.memory = false (default)
2021-10-08 06:50:19,401 [pool-188-thread-1] INFO  server.RaftServerConfigKeys (ConfUtils.java:logGet(44)) - raft.server.log.purge.gap = 1000000 (custom)
2021-10-08 06:50:19,401 [pool-188-thread-1] INFO  server.RaftServerConfigKeys (ConfUtils.java:logGet(44)) - raft.server.log.appender.buffer.byte-limit = 33554432 (custom)
2021-10-08 06:50:19,401 [pool-188-thread-1] INFO  server.RaftServerConfigKeys (ConfUtils.java:logGet(44)) - raft.server.log.segment.size.max = 1048576 (custom)
2021-10-08 06:50:19,402 [pool-188-thread-1] INFO  server.RaftServerConfigKeys (ConfUtils.java:logGet(44)) - raft.server.log.segment.cache.num.max = 2 (custom)
2021-10-08 06:50:19,402 [pool-188-thread-1] INFO  server.RaftServerConfigKeys (ConfUtils.java:logGet(44)) - raft.server.log.segment.cache.size.max = 200MB (=209715200) (default)
2021-10-08 06:50:19,402 [pool-188-thread-1] INFO  segmented.SegmentedRaftLogWorker (SegmentedRaftLogWorker.java:<init>(182)) - new b944db8f-6cbb-4a51-b46c-fbe444116a05@group-5A3056E26BD1-SegmentedRaftLogWorker for RaftStorageImpl:Storage Directory /home/runner/work/ozone/ozone/hadoop-ozone/integration-test/target/test-dir/MiniOzoneClusterImpl-22559c4f-4ba5-459a-8a40-bbe24e716d33/datanode-7/data/ratis/520b2590-4374-4551-b05b-5a3056e26bd1
2021-10-08 06:50:19,402 [pool-188-thread-1] INFO  server.RaftServerConfigKeys (ConfUtils.java:logGet(44)) - raft.server.log.queue.byte-limit = 2147483647 (custom)
2021-10-08 06:50:19,402 [pool-188-thread-1] INFO  server.RaftServerConfigKeys (ConfUtils.java:logGet(44)) - raft.server.log.queue.element-limit = 1024 (custom)
2021-10-08 06:50:19,403 [pool-188-thread-1] INFO  server.RaftServerConfigKeys (ConfUtils.java:logGet(44)) - raft.server.log.segment.size.max = 1048576 (custom)
2021-10-08 06:50:19,403 [pool-188-thread-1] INFO  server.RaftServerConfigKeys (ConfUtils.java:logGet(44)) - raft.server.log.preallocated.size = 16384 (custom)
2021-10-08 06:50:19,403 [pool-188-thread-1] INFO  server.RaftServerConfigKeys (ConfUtils.java:logGet(44)) - raft.server.log.force.sync.num = 128 (default)
2021-10-08 06:50:19,403 [pool-188-thread-1] INFO  server.RaftServerConfigKeys (ConfUtils.java:logGet(44)) - raft.server.log.statemachine.data.sync = true (default)
2021-10-08 06:50:19,403 [pool-188-thread-1] INFO  server.RaftServerConfigKeys (ConfUtils.java:logGet(44)) - raft.server.log.statemachine.data.sync.timeout = 10s (default)
2021-10-08 06:50:19,403 [pool-188-thread-1] INFO  server.RaftServerConfigKeys (ConfUtils.java:logGet(44)) - raft.server.log.statemachine.data.sync.timeout.retry = -1 (default)
2021-10-08 06:50:19,406 [pool-188-thread-1] INFO  server.RaftServerConfigKeys (ConfUtils.java:logGet(44)) - raft.server.log.write.buffer.size = 1048576 (custom)
2021-10-08 06:50:19,407 [pool-188-thread-1] INFO  server.RaftServerConfigKeys (ConfUtils.java:logGet(44)) - raft.server.log.statemachine.data.caching.enabled = true (custom)
2021-10-08 06:50:19,407 [pool-188-thread-1] INFO  segmented.SegmentedRaftLogWorker (SegmentedRaftLogWorker.java:lambda$new$0(133)) - b944db8f-6cbb-4a51-b46c-fbe444116a05@group-5A3056E26BD1-SegmentedRaftLogWorker: flushIndex: setUnconditionally 0 -> -1
2021-10-08 06:50:19,408 [pool-188-thread-1] INFO  segmented.SegmentedRaftLogWorker (SegmentedRaftLogWorker.java:lambda$new$0(133)) - b944db8f-6cbb-4a51-b46c-fbe444116a05@group-5A3056E26BD1-SegmentedRaftLogWorker: safeCacheEvictIndex: setUnconditionally 0 -> -1
2021-10-08 06:50:19,408 [pool-188-thread-1] INFO  server.RaftServerConfigKeys (ConfUtils.java:logGet(44)) - raft.server.snapshot.auto.trigger.enabled = true (custom)
2021-10-08 06:50:19,408 [pool-188-thread-1] INFO  server.RaftServerConfigKeys (ConfUtils.java:logGet(44)) - raft.server.snapshot.auto.trigger.threshold = 1 (custom)
2021-10-08 06:50:19,408 [pool-188-thread-1] INFO  server.RaftServerConfigKeys (ConfUtils.java:logGet(44)) - raft.server.snapshot.retention.file.num = 5 (custom)
2021-10-08 06:50:19,408 [pool-188-thread-1] INFO  server.RaftServerConfigKeys (ConfUtils.java:logGet(44)) - raft.server.log.purge.upto.snapshot.index = false (default)
2021-10-08 06:50:19,408 [pool-188-thread-1] INFO  server.RaftServerConfigKeys (ConfUtils.java:logGet(44)) - raft.server.retrycache.expirytime = 600000ms (custom)
2021-10-08 06:50:19,408 [pool-188-thread-1] INFO  server.RaftServerConfigKeys (ConfUtils.java:logGet(44)) - raft.server.retrycache.statistics.expirytime = 100μs (default)
2021-10-08 06:50:19,410 [pool-188-thread-1] INFO  server.RaftServer$Division (RaftServerImpl.java:start(296)) - b944db8f-6cbb-4a51-b46c-fbe444116a05@group-5A3056E26BD1: start as a follower, conf=-1: [f796b749-df2d-4a3b-b27a-77ae0843fd27|rpc:10.1.0.41:38397|dataStream:|priority:1, b944db8f-6cbb-4a51-b46c-fbe444116a05|rpc:10.1.0.41:35691|dataStream:|priority:0, 9e524b8f-78bb-4c18-ad9a-9ed1597fb879|rpc:10.1.0.41:33001|dataStream:|priority:0], old=null
2021-10-08 06:50:19,411 [pool-188-thread-1] INFO  server.RaftServer$Division (RaftServerImpl.java:setRole(285)) - b944db8f-6cbb-4a51-b46c-fbe444116a05@group-5A3056E26BD1: changes role from      null to FOLLOWER at term 0 for startAsFollower
2021-10-08 06:50:19,411 [pool-188-thread-1] INFO  impl.RoleInfo (RoleInfo.java:updateAndGet(130)) - b944db8f-6cbb-4a51-b46c-fbe444116a05: start b944db8f-6cbb-4a51-b46c-fbe444116a05@group-5A3056E26BD1-FollowerState
2021-10-08 06:50:19,411 [pool-188-thread-1] INFO  util.JmxRegister (JmxRegister.java:tryRegister(44)) - Successfully registered JMX Bean with object name Ratis:service=RaftServer,group=group-5A3056E26BD1,id=b944db8f-6cbb-4a51-b46c-fbe444116a05
2021-10-08 06:50:19,412 [EventQueue-OpenPipelineForHealthyPipelineSafeModeRule] INFO  safemode.SCMSafeModeManager (HealthyPipelineSafeModeRule.java:process(124)) - SCM in safe mode. Healthy pipelines reported count is 0, required healthy pipeline reported count is 1
2021-10-08 06:50:19,415 [Command processor thread] INFO  server.RaftServer (RaftServerProxy.java:addNew(95)) - b944db8f-6cbb-4a51-b46c-fbe444116a05: addNew group-1C3C7271DE1C:[b944db8f-6cbb-4a51-b46c-fbe444116a05|rpc:10.1.0.41:35691|priority:1] returns group-1C3C7271DE1C:java.util.concurrent.CompletableFuture@628b2976[Not completed]
2021-10-08 06:50:19,416 [pool-188-thread-1] INFO  server.RaftServer$Division (RaftServerImpl.java:<init>(181)) - b944db8f-6cbb-4a51-b46c-fbe444116a05: new RaftServerImpl for group-1C3C7271DE1C:[b944db8f-6cbb-4a51-b46c-fbe444116a05|rpc:10.1.0.41:35691|priority:1] with ContainerStateMachine:uninitialized
2021-10-08 06:50:19,416 [pool-188-thread-1] INFO  server.RaftServerConfigKeys (ConfUtils.java:logGet(44)) - raft.server.rpc.timeout.min = 5s (custom)
2021-10-08 06:50:19,416 [pool-188-thread-1] INFO  server.RaftServerConfigKeys (ConfUtils.java:logGet(44)) - raft.server.rpc.timeout.max = 5200ms (custom)
2021-10-08 06:50:19,416 [pool-188-thread-1] INFO  server.RaftServerConfigKeys (ConfUtils.java:logGet(44)) - raft.server.rpc.sleep.time = 25ms (default)
2021-10-08 06:50:19,416 [pool-188-thread-1] INFO  server.RaftServerConfigKeys (ConfUtils.java:logGet(44)) - raft.server.rpc.slowness.timeout = 300000ms (custom)
2021-10-08 06:50:19,418 [pool-188-thread-1] INFO  server.RaftServerConfigKeys (ConfUtils.java:logGet(44)) - raft.server.leaderelection.leader.step-down.wait-time = 10s (default)
2021-10-08 06:50:19,418 [pool-188-thread-1] INFO  server.RaftServerConfigKeys (ConfUtils.java:logGet(44)) - raft.server.sleep.deviation.threshold = 300ms (default)
2021-10-08 06:50:19,418 [pool-188-thread-1] INFO  server.RaftServerConfigKeys (ConfUtils.java:logGet(44)) - raft.server.log.appender.install.snapshot.enabled = false (custom)
2021-10-08 06:50:19,418 [pool-188-thread-1] INFO  server.RaftServer$Division (ServerState.java:<init>(105)) - b944db8f-6cbb-4a51-b46c-fbe444116a05@group-1C3C7271DE1C: ConfigurationManager, init=-1: [b944db8f-6cbb-4a51-b46c-fbe444116a05|rpc:10.1.0.41:35691|priority:1], old=null, confs=<EMPTY_MAP>
2021-10-08 06:50:19,418 [pool-188-thread-1] INFO  server.RaftServerConfigKeys (ConfUtils.java:logGet(44)) - raft.server.storage.dir = [/home/runner/work/ozone/ozone/hadoop-ozone/integration-test/target/test-dir/MiniOzoneClusterImpl-22559c4f-4ba5-459a-8a40-bbe24e716d33/datanode-7/data/ratis] (custom)
2021-10-08 06:50:19,418 [pool-188-thread-1] INFO  server.RaftServerConfigKeys (ConfUtils.java:logGet(44)) - raft.server.log.corruption.policy = EXCEPTION (default)
2021-10-08 06:50:19,419 [pool-188-thread-1] INFO  server.RaftServerConfigKeys (ConfUtils.java:logGet(44)) - raft.server.storage.free-space.min = 0MB (=0) (default)
2021-10-08 06:50:19,419 [pool-188-thread-1] INFO  storage.RaftStorageDirectory (RaftStorageDirectoryImpl.java:analyzeStorage(135)) - The storage directory /home/runner/work/ozone/ozone/hadoop-ozone/integration-test/target/test-dir/MiniOzoneClusterImpl-22559c4f-4ba5-459a-8a40-bbe24e716d33/datanode-7/data/ratis/97cbc185-0561-42d3-b12c-1c3c7271de1c does not exist. Creating ...
2021-10-08 06:50:19,421 [EventQueue-OpenPipelineForHealthyPipelineSafeModeRule] INFO  safemode.SCMSafeModeManager (HealthyPipelineSafeModeRule.java:process(124)) - SCM in safe mode. Healthy pipelines reported count is 0, required healthy pipeline reported count is 1
2021-10-08 06:50:19,426 [pool-188-thread-1] INFO  storage.RaftStorageDirectory (RaftStorageDirectoryImpl.java:tryLock(230)) - Lock on /home/runner/work/ozone/ozone/hadoop-ozone/integration-test/target/test-dir/MiniOzoneClusterImpl-22559c4f-4ba5-459a-8a40-bbe24e716d33/datanode-7/data/ratis/97cbc185-0561-42d3-b12c-1c3c7271de1c/in_use.lock acquired by nodename 13400@fv-az116-933
2021-10-08 06:50:19,431 [pool-188-thread-1] INFO  storage.RaftStorage (RaftStorageImpl.java:format(89)) - Storage directory /home/runner/work/ozone/ozone/hadoop-ozone/integration-test/target/test-dir/MiniOzoneClusterImpl-22559c4f-4ba5-459a-8a40-bbe24e716d33/datanode-7/data/ratis/97cbc185-0561-42d3-b12c-1c3c7271de1c has been successfully formatted.
2021-10-08 06:50:19,432 [pool-188-thread-1] INFO  ratis.ContainerStateMachine (ContainerStateMachine.java:loadSnapshot(224)) - group-1C3C7271DE1C: The snapshot info is null. Setting the last applied indexto:(t:0, i:~)
2021-10-08 06:50:19,432 [pool-188-thread-1] INFO  server.RaftServerConfigKeys (ConfUtils.java:logGet(44)) - raft.server.notification.no-leader.timeout = 300000ms (custom)
2021-10-08 06:50:19,432 [pool-188-thread-1] INFO  server.RaftServerConfigKeys (ConfUtils.java:logGet(44)) - raft.server.log.use.memory = false (default)
2021-10-08 06:50:19,432 [pool-188-thread-1] INFO  server.RaftServerConfigKeys (ConfUtils.java:logGet(44)) - raft.server.log.purge.gap = 1000000 (custom)
2021-10-08 06:50:19,433 [pool-188-thread-1] INFO  server.RaftServerConfigKeys (ConfUtils.java:logGet(44)) - raft.server.log.appender.buffer.byte-limit = 33554432 (custom)
2021-10-08 06:50:19,433 [pool-188-thread-1] INFO  server.RaftServerConfigKeys (ConfUtils.java:logGet(44)) - raft.server.log.segment.size.max = 1048576 (custom)
2021-10-08 06:50:19,433 [EventQueue-PipelineReportForPipelineReportHandler] INFO  pipeline.PipelineManagerImpl (PipelineManagerImpl.java:openPipeline(282)) - Pipeline Pipeline[ Id: 97cbc185-0561-42d3-b12c-1c3c7271de1c, Nodes: b944db8f-6cbb-4a51-b46c-fbe444116a05{ip: 10.1.0.41, host: fv-az116-933.vzw04321ajxubdbcnpick5nqva.xx.internal.cloudapp.net, ports: [REPLICATION=33215, RATIS=35691, RATIS_ADMIN=35691, RATIS_SERVER=35691, STANDALONE=46095], networkLocation: /default-rack, certSerialId: null, persistedOpState: IN_SERVICE, persistedOpStateExpiryEpochSec: 0}, ReplicationConfig: RATIS/ONE, State:ALLOCATED, leaderId:b944db8f-6cbb-4a51-b46c-fbe444116a05, CreationTimestamp2021-10-08T06:50:16.428Z[Etc/UTC]] moved to OPEN state
2021-10-08 06:50:19,438 [pool-188-thread-1] INFO  server.RaftServerConfigKeys (ConfUtils.java:logGet(44)) - raft.server.log.segment.cache.num.max = 2 (custom)
2021-10-08 06:50:19,438 [pool-188-thread-1] INFO  server.RaftServerConfigKeys (ConfUtils.java:logGet(44)) - raft.server.log.segment.cache.size.max = 200MB (=209715200) (default)
2021-10-08 06:50:19,438 [pool-188-thread-1] INFO  segmented.SegmentedRaftLogWorker (SegmentedRaftLogWorker.java:<init>(182)) - new b944db8f-6cbb-4a51-b46c-fbe444116a05@group-1C3C7271DE1C-SegmentedRaftLogWorker for RaftStorageImpl:Storage Directory /home/runner/work/ozone/ozone/hadoop-ozone/integration-test/target/test-dir/MiniOzoneClusterImpl-22559c4f-4ba5-459a-8a40-bbe24e716d33/datanode-7/data/ratis/97cbc185-0561-42d3-b12c-1c3c7271de1c
2021-10-08 06:50:19,438 [pool-188-thread-1] INFO  server.RaftServerConfigKeys (ConfUtils.java:logGet(44)) - raft.server.log.queue.byte-limit = 2147483647 (custom)
2021-10-08 06:50:19,439 [pool-188-thread-1] INFO  server.RaftServerConfigKeys (ConfUtils.java:logGet(44)) - raft.server.log.queue.element-limit = 1024 (custom)
2021-10-08 06:50:19,439 [pool-188-thread-1] INFO  server.RaftServerConfigKeys (ConfUtils.java:logGet(44)) - raft.server.log.segment.size.max = 1048576 (custom)
2021-10-08 06:50:19,439 [pool-188-thread-1] INFO  server.RaftServerConfigKeys (ConfUtils.java:logGet(44)) - raft.server.log.preallocated.size = 16384 (custom)
2021-10-08 06:50:19,439 [pool-188-thread-1] INFO  server.RaftServerConfigKeys (ConfUtils.java:logGet(44)) - raft.server.log.force.sync.num = 128 (default)
2021-10-08 06:50:19,439 [pool-188-thread-1] INFO  server.RaftServerConfigKeys (ConfUtils.java:logGet(44)) - raft.server.log.statemachine.data.sync = true (default)
2021-10-08 06:50:19,439 [pool-188-thread-1] INFO  server.RaftServerConfigKeys (ConfUtils.java:logGet(44)) - raft.server.log.statemachine.data.sync.timeout = 10s (default)
2021-10-08 06:50:19,439 [pool-188-thread-1] INFO  server.RaftServerConfigKeys (ConfUtils.java:logGet(44)) - raft.server.log.statemachine.data.sync.timeout.retry = -1 (default)
2021-10-08 06:50:19,440 [pool-188-thread-1] INFO  server.RaftServerConfigKeys (ConfUtils.java:logGet(44)) - raft.server.log.write.buffer.size = 1048576 (custom)
2021-10-08 06:50:19,441 [pool-188-thread-1] INFO  server.RaftServerConfigKeys (ConfUtils.java:logGet(44)) - raft.server.log.statemachine.data.caching.enabled = true (custom)
2021-10-08 06:50:19,441 [pool-188-thread-1] INFO  segmented.SegmentedRaftLogWorker (SegmentedRaftLogWorker.java:lambda$new$0(133)) - b944db8f-6cbb-4a51-b46c-fbe444116a05@group-1C3C7271DE1C-SegmentedRaftLogWorker: flushIndex: setUnconditionally 0 -> -1
2021-10-08 06:50:19,441 [pool-188-thread-1] INFO  segmented.SegmentedRaftLogWorker (SegmentedRaftLogWorker.java:lambda$new$0(133)) - b944db8f-6cbb-4a51-b46c-fbe444116a05@group-1C3C7271DE1C-SegmentedRaftLogWorker: safeCacheEvictIndex: setUnconditionally 0 -> -1
2021-10-08 06:50:19,445 [EventQueue-OpenPipelineForHealthyPipelineSafeModeRule] INFO  safemode.SCMSafeModeManager (HealthyPipelineSafeModeRule.java:process(124)) - SCM in safe mode. Healthy pipelines reported count is 0, required healthy pipeline reported count is 1
2021-10-08 06:50:19,453 [grpc-default-executor-1] INFO  server.RaftServer (RaftServerProxy.java:addNew(95)) - 9e524b8f-78bb-4c18-ad9a-9ed1597fb879: addNew group-5A3056E26BD1:[f796b749-df2d-4a3b-b27a-77ae0843fd27|rpc:10.1.0.41:38397|dataStream:|priority:1, b944db8f-6cbb-4a51-b46c-fbe444116a05|rpc:10.1.0.41:35691|dataStream:|priority:0, 9e524b8f-78bb-4c18-ad9a-9ed1597fb879|rpc:10.1.0.41:33001|dataStream:|priority:0] returns group-5A3056E26BD1:java.util.concurrent.CompletableFuture@60c7af87[Not completed]
2021-10-08 06:50:19,454 [pool-188-thread-1] INFO  server.RaftServerConfigKeys (ConfUtils.java:logGet(44)) - raft.server.snapshot.auto.trigger.enabled = true (custom)
2021-10-08 06:50:19,454 [pool-188-thread-1] INFO  server.RaftServerConfigKeys (ConfUtils.java:logGet(44)) - raft.server.snapshot.auto.trigger.threshold = 1 (custom)
2021-10-08 06:50:19,454 [pool-188-thread-1] INFO  server.RaftServerConfigKeys (ConfUtils.java:logGet(44)) - raft.server.snapshot.retention.file.num = 5 (custom)
2021-10-08 06:50:19,454 [pool-188-thread-1] INFO  server.RaftServerConfigKeys (ConfUtils.java:logGet(44)) - raft.server.log.purge.upto.snapshot.index = false (default)
2021-10-08 06:50:19,454 [pool-188-thread-1] INFO  server.RaftServerConfigKeys (ConfUtils.java:logGet(44)) - raft.server.retrycache.expirytime = 600000ms (custom)
2021-10-08 06:50:19,454 [pool-188-thread-1] INFO  server.RaftServerConfigKeys (ConfUtils.java:logGet(44)) - raft.server.retrycache.statistics.expirytime = 100μs (default)
2021-10-08 06:50:19,457 [pool-188-thread-1] INFO  server.RaftServer$Division (RaftServerImpl.java:start(296)) - b944db8f-6cbb-4a51-b46c-fbe444116a05@group-1C3C7271DE1C: start as a follower, conf=-1: [b944db8f-6cbb-4a51-b46c-fbe444116a05|rpc:10.1.0.41:35691|priority:1], old=null
2021-10-08 06:50:19,457 [pool-188-thread-1] INFO  server.RaftServer$Division (RaftServerImpl.java:setRole(285)) - b944db8f-6cbb-4a51-b46c-fbe444116a05@group-1C3C7271DE1C: changes role from      null to FOLLOWER at term 0 for startAsFollower
2021-10-08 06:50:19,458 [pool-188-thread-1] INFO  impl.RoleInfo (RoleInfo.java:updateAndGet(130)) - b944db8f-6cbb-4a51-b46c-fbe444116a05: start b944db8f-6cbb-4a51-b46c-fbe444116a05@group-1C3C7271DE1C-FollowerState
2021-10-08 06:50:19,458 [pool-207-thread-1] INFO  server.RaftServer$Division (RaftServerImpl.java:<init>(181)) - 9e524b8f-78bb-4c18-ad9a-9ed1597fb879: new RaftServerImpl for group-5A3056E26BD1:[f796b749-df2d-4a3b-b27a-77ae0843fd27|rpc:10.1.0.41:38397|dataStream:|priority:1, b944db8f-6cbb-4a51-b46c-fbe444116a05|rpc:10.1.0.41:35691|dataStream:|priority:0, 9e524b8f-78bb-4c18-ad9a-9ed1597fb879|rpc:10.1.0.41:33001|dataStream:|priority:0] with ContainerStateMachine:uninitialized
2021-10-08 06:50:19,458 [pool-207-thread-1] INFO  server.RaftServerConfigKeys (ConfUtils.java:logGet(44)) - raft.server.rpc.timeout.min = 5s (custom)
2021-10-08 06:50:19,458 [pool-207-thread-1] INFO  server.RaftServerConfigKeys (ConfUtils.java:logGet(44)) - raft.server.rpc.timeout.max = 5200ms (custom)
2021-10-08 06:50:19,458 [pool-207-thread-1] INFO  server.RaftServerConfigKeys (ConfUtils.java:logGet(44)) - raft.server.rpc.sleep.time = 25ms (default)
2021-10-08 06:50:19,458 [pool-207-thread-1] INFO  server.RaftServerConfigKeys (ConfUtils.java:logGet(44)) - raft.server.rpc.slowness.timeout = 300000ms (custom)
2021-10-08 06:50:19,458 [EventQueue-OpenPipelineForHealthyPipelineSafeModeRule] INFO  safemode.SCMSafeModeManager (HealthyPipelineSafeModeRule.java:process(124)) - SCM in safe mode. Healthy pipelines reported count is 0, required healthy pipeline reported count is 1
2021-10-08 06:50:19,458 [pool-207-thread-1] INFO  server.RaftServerConfigKeys (ConfUtils.java:logGet(44)) - raft.server.leaderelection.leader.step-down.wait-time = 10s (default)
2021-10-08 06:50:19,459 [pool-207-thread-1] INFO  server.RaftServerConfigKeys (ConfUtils.java:logGet(44)) - raft.server.sleep.deviation.threshold = 300ms (default)
2021-10-08 06:50:19,459 [pool-207-thread-1] INFO  server.RaftServerConfigKeys (ConfUtils.java:logGet(44)) - raft.server.log.appender.install.snapshot.enabled = false (custom)
2021-10-08 06:50:19,459 [pool-207-thread-1] INFO  server.RaftServer$Division (ServerState.java:<init>(105)) - 9e524b8f-78bb-4c18-ad9a-9ed1597fb879@group-5A3056E26BD1: ConfigurationManager, init=-1: [f796b749-df2d-4a3b-b27a-77ae0843fd27|rpc:10.1.0.41:38397|dataStream:|priority:1, b944db8f-6cbb-4a51-b46c-fbe444116a05|rpc:10.1.0.41:35691|dataStream:|priority:0, 9e524b8f-78bb-4c18-ad9a-9ed1597fb879|rpc:10.1.0.41:33001|dataStream:|priority:0], old=null, confs=<EMPTY_MAP>
2021-10-08 06:50:19,459 [pool-207-thread-1] INFO  server.RaftServerConfigKeys (ConfUtils.java:logGet(44)) - raft.server.storage.dir = [/home/runner/work/ozone/ozone/hadoop-ozone/integration-test/target/test-dir/MiniOzoneClusterImpl-22559c4f-4ba5-459a-8a40-bbe24e716d33/datanode-8/data/ratis] (custom)
2021-10-08 06:50:19,459 [pool-207-thread-1] INFO  server.RaftServerConfigKeys (ConfUtils.java:logGet(44)) - raft.server.log.corruption.policy = EXCEPTION (default)
2021-10-08 06:50:19,459 [pool-207-thread-1] INFO  server.RaftServerConfigKeys (ConfUtils.java:logGet(44)) - raft.server.storage.free-space.min = 0MB (=0) (default)
2021-10-08 06:50:19,459 [pool-207-thread-1] INFO  storage.RaftStorageDirectory (RaftStorageDirectoryImpl.java:analyzeStorage(135)) - The storage directory /home/runner/work/ozone/ozone/hadoop-ozone/integration-test/target/test-dir/MiniOzoneClusterImpl-22559c4f-4ba5-459a-8a40-bbe24e716d33/datanode-8/data/ratis/520b2590-4374-4551-b05b-5a3056e26bd1 does not exist. Creating ...
2021-10-08 06:50:19,461 [pool-207-thread-1] INFO  storage.RaftStorageDirectory (RaftStorageDirectoryImpl.java:tryLock(230)) - Lock on /home/runner/work/ozone/ozone/hadoop-ozone/integration-test/target/test-dir/MiniOzoneClusterImpl-22559c4f-4ba5-459a-8a40-bbe24e716d33/datanode-8/data/ratis/520b2590-4374-4551-b05b-5a3056e26bd1/in_use.lock acquired by nodename 13400@fv-az116-933
2021-10-08 06:50:19,461 [pool-188-thread-1] INFO  util.JmxRegister (JmxRegister.java:tryRegister(44)) - Successfully registered JMX Bean with object name Ratis:service=RaftServer,group=group-1C3C7271DE1C,id=b944db8f-6cbb-4a51-b46c-fbe444116a05
2021-10-08 06:50:19,462 [pool-207-thread-1] INFO  storage.RaftStorage (RaftStorageImpl.java:format(89)) - Storage directory /home/runner/work/ozone/ozone/hadoop-ozone/integration-test/target/test-dir/MiniOzoneClusterImpl-22559c4f-4ba5-459a-8a40-bbe24e716d33/datanode-8/data/ratis/520b2590-4374-4551-b05b-5a3056e26bd1 has been successfully formatted.
2021-10-08 06:50:19,464 [pool-207-thread-1] INFO  ratis.ContainerStateMachine (ContainerStateMachine.java:loadSnapshot(224)) - group-5A3056E26BD1: The snapshot info is null. Setting the last applied indexto:(t:0, i:~)
2021-10-08 06:50:19,465 [Command processor thread] INFO  ratis.XceiverServerRatis (XceiverServerRatis.java:addGroup(763)) - Created group PipelineID=97cbc185-0561-42d3-b12c-1c3c7271de1c
2021-10-08 06:50:19,465 [Command processor thread] INFO  commandhandler.CreatePipelineCommandHandler (CreatePipelineCommandHandler.java:handle(106)) - Created Pipeline RATIS ONE PipelineID=97cbc185-0561-42d3-b12c-1c3c7271de1c.
2021-10-08 06:50:19,465 [Datanode State Machine Thread - 0] WARN  statemachine.StateContext (StateContext.java:execute(621)) - No available thread in pool for past 0 seconds.
2021-10-08 06:50:19,465 [pool-207-thread-1] INFO  server.RaftServerConfigKeys (ConfUtils.java:logGet(44)) - raft.server.notification.no-leader.timeout = 300000ms (custom)
2021-10-08 06:50:19,466 [pool-207-thread-1] INFO  server.RaftServerConfigKeys (ConfUtils.java:logGet(44)) - raft.server.log.use.memory = false (default)
2021-10-08 06:50:19,466 [pool-207-thread-1] INFO  server.RaftServerConfigKeys (ConfUtils.java:logGet(44)) - raft.server.log.purge.gap = 1000000 (custom)
2021-10-08 06:50:19,466 [pool-207-thread-1] INFO  server.RaftServerConfigKeys (ConfUtils.java:logGet(44)) - raft.server.log.appender.buffer.byte-limit = 33554432 (custom)
2021-10-08 06:50:19,466 [pool-207-thread-1] INFO  server.RaftServerConfigKeys (ConfUtils.java:logGet(44)) - raft.server.log.segment.size.max = 1048576 (custom)
2021-10-08 06:50:19,466 [pool-207-thread-1] INFO  server.RaftServerConfigKeys (ConfUtils.java:logGet(44)) - raft.server.log.segment.cache.num.max = 2 (custom)
2021-10-08 06:50:19,467 [pool-207-thread-1] INFO  server.RaftServerConfigKeys (ConfUtils.java:logGet(44)) - raft.server.log.segment.cache.size.max = 200MB (=209715200) (default)
2021-10-08 06:50:19,467 [pool-207-thread-1] INFO  segmented.SegmentedRaftLogWorker (SegmentedRaftLogWorker.java:<init>(182)) - new 9e524b8f-78bb-4c18-ad9a-9ed1597fb879@group-5A3056E26BD1-SegmentedRaftLogWorker for RaftStorageImpl:Storage Directory /home/runner/work/ozone/ozone/hadoop-ozone/integration-test/target/test-dir/MiniOzoneClusterImpl-22559c4f-4ba5-459a-8a40-bbe24e716d33/datanode-8/data/ratis/520b2590-4374-4551-b05b-5a3056e26bd1
2021-10-08 06:50:19,467 [pool-207-thread-1] INFO  server.RaftServerConfigKeys (ConfUtils.java:logGet(44)) - raft.server.log.queue.byte-limit = 2147483647 (custom)
2021-10-08 06:50:19,467 [pool-207-thread-1] INFO  server.RaftServerConfigKeys (ConfUtils.java:logGet(44)) - raft.server.log.queue.element-limit = 1024 (custom)
2021-10-08 06:50:19,467 [pool-207-thread-1] INFO  server.RaftServerConfigKeys (ConfUtils.java:logGet(44)) - raft.server.log.segment.size.max = 1048576 (custom)
2021-10-08 06:50:19,467 [pool-207-thread-1] INFO  server.RaftServerConfigKeys (ConfUtils.java:logGet(44)) - raft.server.log.preallocated.size = 16384 (custom)
2021-10-08 06:50:19,467 [pool-207-thread-1] INFO  server.RaftServerConfigKeys (ConfUtils.java:logGet(44)) - raft.server.log.force.sync.num = 128 (default)
2021-10-08 06:50:19,467 [pool-207-thread-1] INFO  server.RaftServerConfigKeys (ConfUtils.java:logGet(44)) - raft.server.log.statemachine.data.sync = true (default)
2021-10-08 06:50:19,467 [pool-207-thread-1] INFO  server.RaftServerConfigKeys (ConfUtils.java:logGet(44)) - raft.server.log.statemachine.data.sync.timeout = 10s (default)
2021-10-08 06:50:19,467 [pool-207-thread-1] INFO  server.RaftServerConfigKeys (ConfUtils.java:logGet(44)) - raft.server.log.statemachine.data.sync.timeout.retry = -1 (default)
2021-10-08 06:50:19,468 [pool-207-thread-1] INFO  server.RaftServerConfigKeys (ConfUtils.java:logGet(44)) - raft.server.log.write.buffer.size = 1048576 (custom)
2021-10-08 06:50:19,469 [pool-207-thread-1] INFO  server.RaftServerConfigKeys (ConfUtils.java:logGet(44)) - raft.server.log.statemachine.data.caching.enabled = true (custom)
2021-10-08 06:50:19,469 [pool-207-thread-1] INFO  segmented.SegmentedRaftLogWorker (SegmentedRaftLogWorker.java:lambda$new$0(133)) - 9e524b8f-78bb-4c18-ad9a-9ed1597fb879@group-5A3056E26BD1-SegmentedRaftLogWorker: flushIndex: setUnconditionally 0 -> -1
2021-10-08 06:50:19,469 [pool-207-thread-1] INFO  segmented.SegmentedRaftLogWorker (SegmentedRaftLogWorker.java:lambda$new$0(133)) - 9e524b8f-78bb-4c18-ad9a-9ed1597fb879@group-5A3056E26BD1-SegmentedRaftLogWorker: safeCacheEvictIndex: setUnconditionally 0 -> -1
2021-10-08 06:50:19,470 [pool-207-thread-1] INFO  server.RaftServerConfigKeys (ConfUtils.java:logGet(44)) - raft.server.snapshot.auto.trigger.enabled = true (custom)
2021-10-08 06:50:19,470 [pool-207-thread-1] INFO  server.RaftServerConfigKeys (ConfUtils.java:logGet(44)) - raft.server.snapshot.auto.trigger.threshold = 1 (custom)
2021-10-08 06:50:19,470 [pool-207-thread-1] INFO  server.RaftServerConfigKeys (ConfUtils.java:logGet(44)) - raft.server.snapshot.retention.file.num = 5 (custom)
2021-10-08 06:50:19,470 [pool-207-thread-1] INFO  server.RaftServerConfigKeys (ConfUtils.java:logGet(44)) - raft.server.log.purge.upto.snapshot.index = false (default)
2021-10-08 06:50:19,470 [pool-207-thread-1] INFO  server.RaftServerConfigKeys (ConfUtils.java:logGet(44)) - raft.server.retrycache.expirytime = 600000ms (custom)
2021-10-08 06:50:19,470 [pool-207-thread-1] INFO  server.RaftServerConfigKeys (ConfUtils.java:logGet(44)) - raft.server.retrycache.statistics.expirytime = 100μs (default)
2021-10-08 06:50:19,472 [pool-207-thread-1] INFO  server.RaftServer$Division (RaftServerImpl.java:start(296)) - 9e524b8f-78bb-4c18-ad9a-9ed1597fb879@group-5A3056E26BD1: start as a follower, conf=-1: [f796b749-df2d-4a3b-b27a-77ae0843fd27|rpc:10.1.0.41:38397|dataStream:|priority:1, b944db8f-6cbb-4a51-b46c-fbe444116a05|rpc:10.1.0.41:35691|dataStream:|priority:0, 9e524b8f-78bb-4c18-ad9a-9ed1597fb879|rpc:10.1.0.41:33001|dataStream:|priority:0], old=null
2021-10-08 06:50:19,472 [pool-207-thread-1] INFO  server.RaftServer$Division (RaftServerImpl.java:setRole(285)) - 9e524b8f-78bb-4c18-ad9a-9ed1597fb879@group-5A3056E26BD1: changes role from      null to FOLLOWER at term 0 for startAsFollower
2021-10-08 06:50:19,472 [pool-207-thread-1] INFO  impl.RoleInfo (RoleInfo.java:updateAndGet(130)) - 9e524b8f-78bb-4c18-ad9a-9ed1597fb879: start 9e524b8f-78bb-4c18-ad9a-9ed1597fb879@group-5A3056E26BD1-FollowerState
2021-10-08 06:50:19,477 [pool-207-thread-1] INFO  util.JmxRegister (JmxRegister.java:tryRegister(44)) - Successfully registered JMX Bean with object name Ratis:service=RaftServer,group=group-5A3056E26BD1,id=9e524b8f-78bb-4c18-ad9a-9ed1597fb879
2021-10-08 06:50:19,484 [Command processor thread] INFO  commandhandler.CreatePipelineCommandHandler (CreatePipelineCommandHandler.java:handle(106)) - Created Pipeline RATIS THREE PipelineID=520b2590-4374-4551-b05b-5a3056e26bd1.
2021-10-08 06:50:19,501 [EventQueue-OpenPipelineForHealthyPipelineSafeModeRule] INFO  safemode.SCMSafeModeManager (HealthyPipelineSafeModeRule.java:process(124)) - SCM in safe mode. Healthy pipelines reported count is 0, required healthy pipeline reported count is 1
2021-10-08 06:50:19,529 [EventQueue-OpenPipelineForHealthyPipelineSafeModeRule] INFO  safemode.SCMSafeModeManager (HealthyPipelineSafeModeRule.java:process(124)) - SCM in safe mode. Healthy pipelines reported count is 0, required healthy pipeline reported count is 1
2021-10-08 06:50:19,573 [EventQueue-OpenPipelineForHealthyPipelineSafeModeRule] INFO  safemode.SCMSafeModeManager (HealthyPipelineSafeModeRule.java:process(124)) - SCM in safe mode. Healthy pipelines reported count is 0, required healthy pipeline reported count is 1
2021-10-08 06:50:19,615 [EventQueue-OpenPipelineForHealthyPipelineSafeModeRule] INFO  safemode.SCMSafeModeManager (HealthyPipelineSafeModeRule.java:process(124)) - SCM in safe mode. Healthy pipelines reported count is 0, required healthy pipeline reported count is 1
2021-10-08 06:50:19,654 [Command processor thread] INFO  server.RaftServer (RaftServerProxy.java:addNew(95)) - 9e524b8f-78bb-4c18-ad9a-9ed1597fb879: addNew group-365FC84CEB9B:[9e524b8f-78bb-4c18-ad9a-9ed1597fb879|rpc:10.1.0.41:33001|priority:1] returns group-365FC84CEB9B:java.util.concurrent.CompletableFuture@1844f0ee[Not completed]
2021-10-08 06:50:19,655 [pool-207-thread-1] INFO  server.RaftServer$Division (RaftServerImpl.java:<init>(181)) - 9e524b8f-78bb-4c18-ad9a-9ed1597fb879: new RaftServerImpl for group-365FC84CEB9B:[9e524b8f-78bb-4c18-ad9a-9ed1597fb879|rpc:10.1.0.41:33001|priority:1] with ContainerStateMachine:uninitialized
2021-10-08 06:50:19,655 [pool-207-thread-1] INFO  server.RaftServerConfigKeys (ConfUtils.java:logGet(44)) - raft.server.rpc.timeout.min = 5s (custom)
2021-10-08 06:50:19,655 [pool-207-thread-1] INFO  server.RaftServerConfigKeys (ConfUtils.java:logGet(44)) - raft.server.rpc.timeout.max = 5200ms (custom)
2021-10-08 06:50:19,655 [pool-207-thread-1] INFO  server.RaftServerConfigKeys (ConfUtils.java:logGet(44)) - raft.server.rpc.sleep.time = 25ms (default)
2021-10-08 06:50:19,655 [pool-207-thread-1] INFO  server.RaftServerConfigKeys (ConfUtils.java:logGet(44)) - raft.server.rpc.slowness.timeout = 300000ms (custom)
2021-10-08 06:50:19,655 [pool-207-thread-1] INFO  server.RaftServerConfigKeys (ConfUtils.java:logGet(44)) - raft.server.leaderelection.leader.step-down.wait-time = 10s (default)
2021-10-08 06:50:19,655 [pool-207-thread-1] INFO  server.RaftServerConfigKeys (ConfUtils.java:logGet(44)) - raft.server.sleep.deviation.threshold = 300ms (default)
2021-10-08 06:50:19,655 [pool-207-thread-1] INFO  server.RaftServerConfigKeys (ConfUtils.java:logGet(44)) - raft.server.log.appender.install.snapshot.enabled = false (custom)
2021-10-08 06:50:19,655 [pool-207-thread-1] INFO  server.RaftServer$Division (ServerState.java:<init>(105)) - 9e524b8f-78bb-4c18-ad9a-9ed1597fb879@group-365FC84CEB9B: ConfigurationManager, init=-1: [9e524b8f-78bb-4c18-ad9a-9ed1597fb879|rpc:10.1.0.41:33001|priority:1], old=null, confs=<EMPTY_MAP>
2021-10-08 06:50:19,656 [pool-207-thread-1] INFO  server.RaftServerConfigKeys (ConfUtils.java:logGet(44)) - raft.server.storage.dir = [/home/runner/work/ozone/ozone/hadoop-ozone/integration-test/target/test-dir/MiniOzoneClusterImpl-22559c4f-4ba5-459a-8a40-bbe24e716d33/datanode-8/data/ratis] (custom)
2021-10-08 06:50:19,656 [pool-207-thread-1] INFO  server.RaftServerConfigKeys (ConfUtils.java:logGet(44)) - raft.server.log.corruption.policy = EXCEPTION (default)
2021-10-08 06:50:19,656 [pool-207-thread-1] INFO  server.RaftServerConfigKeys (ConfUtils.java:logGet(44)) - raft.server.storage.free-space.min = 0MB (=0) (default)
2021-10-08 06:50:19,656 [pool-207-thread-1] INFO  storage.RaftStorageDirectory (RaftStorageDirectoryImpl.java:analyzeStorage(135)) - The storage directory /home/runner/work/ozone/ozone/hadoop-ozone/integration-test/target/test-dir/MiniOzoneClusterImpl-22559c4f-4ba5-459a-8a40-bbe24e716d33/datanode-8/data/ratis/e118002e-241c-4bb2-a122-365fc84ceb9b does not exist. Creating ...
2021-10-08 06:50:19,658 [pool-207-thread-1] INFO  storage.RaftStorageDirectory (RaftStorageDirectoryImpl.java:tryLock(230)) - Lock on /home/runner/work/ozone/ozone/hadoop-ozone/integration-test/target/test-dir/MiniOzoneClusterImpl-22559c4f-4ba5-459a-8a40-bbe24e716d33/datanode-8/data/ratis/e118002e-241c-4bb2-a122-365fc84ceb9b/in_use.lock acquired by nodename 13400@fv-az116-933
2021-10-08 06:50:19,658 [EventQueue-OpenPipelineForHealthyPipelineSafeModeRule] INFO  safemode.SCMSafeModeManager (HealthyPipelineSafeModeRule.java:process(124)) - SCM in safe mode. Healthy pipelines reported count is 0, required healthy pipeline reported count is 1
2021-10-08 06:50:19,660 [pool-207-thread-1] INFO  storage.RaftStorage (RaftStorageImpl.java:format(89)) - Storage directory /home/runner/work/ozone/ozone/hadoop-ozone/integration-test/target/test-dir/MiniOzoneClusterImpl-22559c4f-4ba5-459a-8a40-bbe24e716d33/datanode-8/data/ratis/e118002e-241c-4bb2-a122-365fc84ceb9b has been successfully formatted.
2021-10-08 06:50:19,661 [pool-207-thread-1] INFO  ratis.ContainerStateMachine (ContainerStateMachine.java:loadSnapshot(224)) - group-365FC84CEB9B: The snapshot info is null. Setting the last applied indexto:(t:0, i:~)
2021-10-08 06:50:19,661 [Datanode State Machine Thread - 0] WARN  statemachine.StateContext (StateContext.java:execute(621)) - No available thread in pool for past 0 seconds.
2021-10-08 06:50:19,661 [pool-207-thread-1] INFO  server.RaftServerConfigKeys (ConfUtils.java:logGet(44)) - raft.server.notification.no-leader.timeout = 300000ms (custom)
2021-10-08 06:50:19,662 [pool-207-thread-1] INFO  server.RaftServerConfigKeys (ConfUtils.java:logGet(44)) - raft.server.log.use.memory = false (default)
2021-10-08 06:50:19,662 [pool-207-thread-1] INFO  server.RaftServerConfigKeys (ConfUtils.java:logGet(44)) - raft.server.log.purge.gap = 1000000 (custom)
2021-10-08 06:50:19,662 [pool-207-thread-1] INFO  server.RaftServerConfigKeys (ConfUtils.java:logGet(44)) - raft.server.log.appender.buffer.byte-limit = 33554432 (custom)
2021-10-08 06:50:19,662 [pool-207-thread-1] INFO  server.RaftServerConfigKeys (ConfUtils.java:logGet(44)) - raft.server.log.segment.size.max = 1048576 (custom)
2021-10-08 06:50:19,663 [pool-207-thread-1] INFO  server.RaftServerConfigKeys (ConfUtils.java:logGet(44)) - raft.server.log.segment.cache.num.max = 2 (custom)
2021-10-08 06:50:19,663 [pool-207-thread-1] INFO  server.RaftServerConfigKeys (ConfUtils.java:logGet(44)) - raft.server.log.segment.cache.size.max = 200MB (=209715200) (default)
2021-10-08 06:50:19,663 [EventQueue-PipelineReportForPipelineReportHandler] INFO  pipeline.PipelineManagerImpl (PipelineManagerImpl.java:openPipeline(282)) - Pipeline Pipeline[ Id: e118002e-241c-4bb2-a122-365fc84ceb9b, Nodes: 9e524b8f-78bb-4c18-ad9a-9ed1597fb879{ip: 10.1.0.41, host: fv-az116-933.vzw04321ajxubdbcnpick5nqva.xx.internal.cloudapp.net, ports: [REPLICATION=41109, RATIS=33001, RATIS_ADMIN=33001, RATIS_SERVER=33001, STANDALONE=35687], networkLocation: /default-rack, certSerialId: null, persistedOpState: IN_SERVICE, persistedOpStateExpiryEpochSec: 0}, ReplicationConfig: RATIS/ONE, State:ALLOCATED, leaderId:9e524b8f-78bb-4c18-ad9a-9ed1597fb879, CreationTimestamp2021-10-08T06:50:16.678Z[Etc/UTC]] moved to OPEN state
2021-10-08 06:50:19,663 [EventQueue-OpenPipelineForHealthyPipelineSafeModeRule] INFO  safemode.SCMSafeModeManager (HealthyPipelineSafeModeRule.java:process(124)) - SCM in safe mode. Healthy pipelines reported count is 0, required healthy pipeline reported count is 1
2021-10-08 06:50:19,663 [pool-207-thread-1] INFO  segmented.SegmentedRaftLogWorker (SegmentedRaftLogWorker.java:<init>(182)) - new 9e524b8f-78bb-4c18-ad9a-9ed1597fb879@group-365FC84CEB9B-SegmentedRaftLogWorker for RaftStorageImpl:Storage Directory /home/runner/work/ozone/ozone/hadoop-ozone/integration-test/target/test-dir/MiniOzoneClusterImpl-22559c4f-4ba5-459a-8a40-bbe24e716d33/datanode-8/data/ratis/e118002e-241c-4bb2-a122-365fc84ceb9b
2021-10-08 06:50:19,666 [pool-207-thread-1] INFO  server.RaftServerConfigKeys (ConfUtils.java:logGet(44)) - raft.server.log.queue.byte-limit = 2147483647 (custom)
2021-10-08 06:50:19,666 [pool-207-thread-1] INFO  server.RaftServerConfigKeys (ConfUtils.java:logGet(44)) - raft.server.log.queue.element-limit = 1024 (custom)
2021-10-08 06:50:19,666 [pool-207-thread-1] INFO  server.RaftServerConfigKeys (ConfUtils.java:logGet(44)) - raft.server.log.segment.size.max = 1048576 (custom)
2021-10-08 06:50:19,666 [pool-207-thread-1] INFO  server.RaftServerConfigKeys (ConfUtils.java:logGet(44)) - raft.server.log.preallocated.size = 16384 (custom)
2021-10-08 06:50:19,666 [pool-207-thread-1] INFO  server.RaftServerConfigKeys (ConfUtils.java:logGet(44)) - raft.server.log.force.sync.num = 128 (default)
2021-10-08 06:50:19,667 [pool-207-thread-1] INFO  server.RaftServerConfigKeys (ConfUtils.java:logGet(44)) - raft.server.log.statemachine.data.sync = true (default)
2021-10-08 06:50:19,667 [pool-207-thread-1] INFO  server.RaftServerConfigKeys (ConfUtils.java:logGet(44)) - raft.server.log.statemachine.data.sync.timeout = 10s (default)
2021-10-08 06:50:19,667 [pool-207-thread-1] INFO  server.RaftServerConfigKeys (ConfUtils.java:logGet(44)) - raft.server.log.statemachine.data.sync.timeout.retry = -1 (default)
2021-10-08 06:50:19,668 [pool-207-thread-1] INFO  server.RaftServerConfigKeys (ConfUtils.java:logGet(44)) - raft.server.log.write.buffer.size = 1048576 (custom)
2021-10-08 06:50:19,669 [pool-207-thread-1] INFO  server.RaftServerConfigKeys (ConfUtils.java:logGet(44)) - raft.server.log.statemachine.data.caching.enabled = true (custom)
2021-10-08 06:50:19,669 [pool-207-thread-1] INFO  segmented.SegmentedRaftLogWorker (SegmentedRaftLogWorker.java:lambda$new$0(133)) - 9e524b8f-78bb-4c18-ad9a-9ed1597fb879@group-365FC84CEB9B-SegmentedRaftLogWorker: flushIndex: setUnconditionally 0 -> -1
2021-10-08 06:50:19,669 [pool-207-thread-1] INFO  segmented.SegmentedRaftLogWorker (SegmentedRaftLogWorker.java:lambda$new$0(133)) - 9e524b8f-78bb-4c18-ad9a-9ed1597fb879@group-365FC84CEB9B-SegmentedRaftLogWorker: safeCacheEvictIndex: setUnconditionally 0 -> -1
2021-10-08 06:50:19,670 [pool-207-thread-1] INFO  server.RaftServerConfigKeys (ConfUtils.java:logGet(44)) - raft.server.snapshot.auto.trigger.enabled = true (custom)
2021-10-08 06:50:19,670 [pool-207-thread-1] INFO  server.RaftServerConfigKeys (ConfUtils.java:logGet(44)) - raft.server.snapshot.auto.trigger.threshold = 1 (custom)
2021-10-08 06:50:19,670 [pool-207-thread-1] INFO  server.RaftServerConfigKeys (ConfUtils.java:logGet(44)) - raft.server.snapshot.retention.file.num = 5 (custom)
2021-10-08 06:50:19,670 [pool-207-thread-1] INFO  server.RaftServerConfigKeys (ConfUtils.java:logGet(44)) - raft.server.log.purge.upto.snapshot.index = false (default)
2021-10-08 06:50:19,670 [pool-207-thread-1] INFO  server.RaftServerConfigKeys (ConfUtils.java:logGet(44)) - raft.server.retrycache.expirytime = 600000ms (custom)
2021-10-08 06:50:19,670 [pool-207-thread-1] INFO  server.RaftServerConfigKeys (ConfUtils.java:logGet(44)) - raft.server.retrycache.statistics.expirytime = 100μs (default)
2021-10-08 06:50:19,671 [pool-207-thread-1] INFO  server.RaftServer$Division (RaftServerImpl.java:start(296)) - 9e524b8f-78bb-4c18-ad9a-9ed1597fb879@group-365FC84CEB9B: start as a follower, conf=-1: [9e524b8f-78bb-4c18-ad9a-9ed1597fb879|rpc:10.1.0.41:33001|priority:1], old=null
2021-10-08 06:50:19,671 [pool-207-thread-1] INFO  server.RaftServer$Division (RaftServerImpl.java:setRole(285)) - 9e524b8f-78bb-4c18-ad9a-9ed1597fb879@group-365FC84CEB9B: changes role from      null to FOLLOWER at term 0 for startAsFollower
2021-10-08 06:50:19,671 [pool-207-thread-1] INFO  impl.RoleInfo (RoleInfo.java:updateAndGet(130)) - 9e524b8f-78bb-4c18-ad9a-9ed1597fb879: start 9e524b8f-78bb-4c18-ad9a-9ed1597fb879@group-365FC84CEB9B-FollowerState
2021-10-08 06:50:19,672 [pool-207-thread-1] INFO  util.JmxRegister (JmxRegister.java:tryRegister(44)) - Successfully registered JMX Bean with object name Ratis:service=RaftServer,group=group-365FC84CEB9B,id=9e524b8f-78bb-4c18-ad9a-9ed1597fb879
2021-10-08 06:50:19,674 [Command processor thread] INFO  ratis.XceiverServerRatis (XceiverServerRatis.java:addGroup(763)) - Created group PipelineID=e118002e-241c-4bb2-a122-365fc84ceb9b
2021-10-08 06:50:19,674 [Command processor thread] INFO  commandhandler.CreatePipelineCommandHandler (CreatePipelineCommandHandler.java:handle(106)) - Created Pipeline RATIS ONE PipelineID=e118002e-241c-4bb2-a122-365fc84ceb9b.
2021-10-08 06:50:19,701 [EventQueue-OpenPipelineForHealthyPipelineSafeModeRule] INFO  safemode.SCMSafeModeManager (HealthyPipelineSafeModeRule.java:process(124)) - SCM in safe mode. Healthy pipelines reported count is 0, required healthy pipeline reported count is 1
2021-10-08 06:50:19,813 [EventQueue-OpenPipelineForHealthyPipelineSafeModeRule] INFO  safemode.SCMSafeModeManager (HealthyPipelineSafeModeRule.java:process(124)) - SCM in safe mode. Healthy pipelines reported count is 0, required healthy pipeline reported count is 1
2021-10-08 06:50:19,815 [EventQueue-OpenPipelineForHealthyPipelineSafeModeRule] INFO  safemode.SCMSafeModeManager (HealthyPipelineSafeModeRule.java:process(124)) - SCM in safe mode. Healthy pipelines reported count is 0, required healthy pipeline reported count is 1
2021-10-08 06:50:19,822 [EventQueue-OpenPipelineForHealthyPipelineSafeModeRule] INFO  safemode.SCMSafeModeManager (HealthyPipelineSafeModeRule.java:process(124)) - SCM in safe mode. Healthy pipelines reported count is 0, required healthy pipeline reported count is 1
2021-10-08 06:50:19,833 [EventQueue-OpenPipelineForHealthyPipelineSafeModeRule] INFO  safemode.SCMSafeModeManager (HealthyPipelineSafeModeRule.java:process(124)) - SCM in safe mode. Healthy pipelines reported count is 0, required healthy pipeline reported count is 1
2021-10-08 06:50:19,901 [Command processor thread] INFO  server.RaftServer (RaftServerProxy.java:addNew(95)) - b0b2d392-3da8-4dee-b45c-d1c7031a6e62: addNew group-67450FE1EE98:[b0b2d392-3da8-4dee-b45c-d1c7031a6e62|rpc:10.1.0.41:45385|priority:1] returns group-67450FE1EE98:java.util.concurrent.CompletableFuture@f19bb09[Not completed]
2021-10-08 06:50:19,903 [pool-226-thread-1] INFO  server.RaftServer$Division (RaftServerImpl.java:<init>(181)) - b0b2d392-3da8-4dee-b45c-d1c7031a6e62: new RaftServerImpl for group-67450FE1EE98:[b0b2d392-3da8-4dee-b45c-d1c7031a6e62|rpc:10.1.0.41:45385|priority:1] with ContainerStateMachine:uninitialized
2021-10-08 06:50:19,903 [pool-226-thread-1] INFO  server.RaftServerConfigKeys (ConfUtils.java:logGet(44)) - raft.server.rpc.timeout.min = 5s (custom)
2021-10-08 06:50:19,903 [pool-226-thread-1] INFO  server.RaftServerConfigKeys (ConfUtils.java:logGet(44)) - raft.server.rpc.timeout.max = 5200ms (custom)
2021-10-08 06:50:19,903 [pool-226-thread-1] INFO  server.RaftServerConfigKeys (ConfUtils.java:logGet(44)) - raft.server.rpc.sleep.time = 25ms (default)
2021-10-08 06:50:19,903 [pool-226-thread-1] INFO  server.RaftServerConfigKeys (ConfUtils.java:logGet(44)) - raft.server.rpc.slowness.timeout = 300000ms (custom)
2021-10-08 06:50:19,903 [pool-226-thread-1] INFO  server.RaftServerConfigKeys (ConfUtils.java:logGet(44)) - raft.server.leaderelection.leader.step-down.wait-time = 10s (default)
2021-10-08 06:50:19,904 [pool-226-thread-1] INFO  server.RaftServerConfigKeys (ConfUtils.java:logGet(44)) - raft.server.sleep.deviation.threshold = 300ms (default)
2021-10-08 06:50:19,904 [pool-226-thread-1] INFO  server.RaftServerConfigKeys (ConfUtils.java:logGet(44)) - raft.server.log.appender.install.snapshot.enabled = false (custom)
2021-10-08 06:50:19,904 [pool-226-thread-1] INFO  server.RaftServer$Division (ServerState.java:<init>(105)) - b0b2d392-3da8-4dee-b45c-d1c7031a6e62@group-67450FE1EE98: ConfigurationManager, init=-1: [b0b2d392-3da8-4dee-b45c-d1c7031a6e62|rpc:10.1.0.41:45385|priority:1], old=null, confs=<EMPTY_MAP>
2021-10-08 06:50:19,904 [pool-226-thread-1] INFO  server.RaftServerConfigKeys (ConfUtils.java:logGet(44)) - raft.server.storage.dir = [/home/runner/work/ozone/ozone/hadoop-ozone/integration-test/target/test-dir/MiniOzoneClusterImpl-22559c4f-4ba5-459a-8a40-bbe24e716d33/datanode-9/data/ratis] (custom)
2021-10-08 06:50:19,904 [pool-226-thread-1] INFO  server.RaftServerConfigKeys (ConfUtils.java:logGet(44)) - raft.server.log.corruption.policy = EXCEPTION (default)
2021-10-08 06:50:19,904 [pool-226-thread-1] INFO  server.RaftServerConfigKeys (ConfUtils.java:logGet(44)) - raft.server.storage.free-space.min = 0MB (=0) (default)
2021-10-08 06:50:19,904 [pool-226-thread-1] INFO  storage.RaftStorageDirectory (RaftStorageDirectoryImpl.java:analyzeStorage(135)) - The storage directory /home/runner/work/ozone/ozone/hadoop-ozone/integration-test/target/test-dir/MiniOzoneClusterImpl-22559c4f-4ba5-459a-8a40-bbe24e716d33/datanode-9/data/ratis/21df101d-0eb9-4853-89ba-67450fe1ee98 does not exist. Creating ...
2021-10-08 06:50:19,905 [Listener at 127.0.0.1/41649] INFO  ozone.MiniOzoneClusterImpl (MiniOzoneClusterImpl.java:lambda$waitForClusterToBeReady$0(235)) - Nodes are ready. Got 10 of 10 DN Heartbeats.
2021-10-08 06:50:19,905 [Listener at 127.0.0.1/41649] INFO  ozone.MiniOzoneClusterImpl (MiniOzoneClusterImpl.java:lambda$waitForClusterToBeReady$0(238)) - Waiting for cluster to exit safe mode
2021-10-08 06:50:19,905 [Listener at 127.0.0.1/41649] INFO  ozone.MiniOzoneClusterImpl (MiniOzoneClusterImpl.java:lambda$waitForClusterToBeReady$0(240)) - SCM became leader
2021-10-08 06:50:19,906 [pool-226-thread-1] INFO  storage.RaftStorageDirectory (RaftStorageDirectoryImpl.java:tryLock(230)) - Lock on /home/runner/work/ozone/ozone/hadoop-ozone/integration-test/target/test-dir/MiniOzoneClusterImpl-22559c4f-4ba5-459a-8a40-bbe24e716d33/datanode-9/data/ratis/21df101d-0eb9-4853-89ba-67450fe1ee98/in_use.lock acquired by nodename 13400@fv-az116-933
2021-10-08 06:50:19,907 [pool-226-thread-1] INFO  storage.RaftStorage (RaftStorageImpl.java:format(89)) - Storage directory /home/runner/work/ozone/ozone/hadoop-ozone/integration-test/target/test-dir/MiniOzoneClusterImpl-22559c4f-4ba5-459a-8a40-bbe24e716d33/datanode-9/data/ratis/21df101d-0eb9-4853-89ba-67450fe1ee98 has been successfully formatted.
2021-10-08 06:50:19,909 [Datanode State Machine Thread - 0] WARN  statemachine.StateContext (StateContext.java:execute(621)) - No available thread in pool for past 0 seconds.
2021-10-08 06:50:19,911 [EventQueue-PipelineReportForPipelineReportHandler] INFO  pipeline.PipelineManagerImpl (PipelineManagerImpl.java:openPipeline(282)) - Pipeline Pipeline[ Id: 21df101d-0eb9-4853-89ba-67450fe1ee98, Nodes: b0b2d392-3da8-4dee-b45c-d1c7031a6e62{ip: 10.1.0.41, host: fv-az116-933.vzw04321ajxubdbcnpick5nqva.xx.internal.cloudapp.net, ports: [REPLICATION=37819, RATIS=45385, RATIS_ADMIN=45385, RATIS_SERVER=45385, STANDALONE=38111], networkLocation: /default-rack, certSerialId: null, persistedOpState: IN_SERVICE, persistedOpStateExpiryEpochSec: 0}, ReplicationConfig: RATIS/ONE, State:ALLOCATED, leaderId:b0b2d392-3da8-4dee-b45c-d1c7031a6e62, CreationTimestamp2021-10-08T06:50:16.904Z[Etc/UTC]] moved to OPEN state
2021-10-08 06:50:19,911 [EventQueue-OpenPipelineForHealthyPipelineSafeModeRule] INFO  safemode.SCMSafeModeManager (HealthyPipelineSafeModeRule.java:process(124)) - SCM in safe mode. Healthy pipelines reported count is 0, required healthy pipeline reported count is 1
2021-10-08 06:50:19,911 [pool-226-thread-1] INFO  ratis.ContainerStateMachine (ContainerStateMachine.java:loadSnapshot(224)) - group-67450FE1EE98: The snapshot info is null. Setting the last applied indexto:(t:0, i:~)
2021-10-08 06:50:19,914 [pool-226-thread-1] INFO  server.RaftServerConfigKeys (ConfUtils.java:logGet(44)) - raft.server.notification.no-leader.timeout = 300000ms (custom)
2021-10-08 06:50:19,914 [pool-226-thread-1] INFO  server.RaftServerConfigKeys (ConfUtils.java:logGet(44)) - raft.server.log.use.memory = false (default)
2021-10-08 06:50:19,914 [pool-226-thread-1] INFO  server.RaftServerConfigKeys (ConfUtils.java:logGet(44)) - raft.server.log.purge.gap = 1000000 (custom)
2021-10-08 06:50:19,914 [pool-226-thread-1] INFO  server.RaftServerConfigKeys (ConfUtils.java:logGet(44)) - raft.server.log.appender.buffer.byte-limit = 33554432 (custom)
2021-10-08 06:50:19,914 [pool-226-thread-1] INFO  server.RaftServerConfigKeys (ConfUtils.java:logGet(44)) - raft.server.log.segment.size.max = 1048576 (custom)
2021-10-08 06:50:19,915 [pool-226-thread-1] INFO  server.RaftServerConfigKeys (ConfUtils.java:logGet(44)) - raft.server.log.segment.cache.num.max = 2 (custom)
2021-10-08 06:50:19,915 [pool-226-thread-1] INFO  server.RaftServerConfigKeys (ConfUtils.java:logGet(44)) - raft.server.log.segment.cache.size.max = 200MB (=209715200) (default)
2021-10-08 06:50:19,915 [pool-226-thread-1] INFO  segmented.SegmentedRaftLogWorker (SegmentedRaftLogWorker.java:<init>(182)) - new b0b2d392-3da8-4dee-b45c-d1c7031a6e62@group-67450FE1EE98-SegmentedRaftLogWorker for RaftStorageImpl:Storage Directory /home/runner/work/ozone/ozone/hadoop-ozone/integration-test/target/test-dir/MiniOzoneClusterImpl-22559c4f-4ba5-459a-8a40-bbe24e716d33/datanode-9/data/ratis/21df101d-0eb9-4853-89ba-67450fe1ee98
2021-10-08 06:50:19,915 [pool-226-thread-1] INFO  server.RaftServerConfigKeys (ConfUtils.java:logGet(44)) - raft.server.log.queue.byte-limit = 2147483647 (custom)
2021-10-08 06:50:19,915 [pool-226-thread-1] INFO  server.RaftServerConfigKeys (ConfUtils.java:logGet(44)) - raft.server.log.queue.element-limit = 1024 (custom)
2021-10-08 06:50:19,915 [pool-226-thread-1] INFO  server.RaftServerConfigKeys (ConfUtils.java:logGet(44)) - raft.server.log.segment.size.max = 1048576 (custom)
2021-10-08 06:50:19,915 [pool-226-thread-1] INFO  server.RaftServerConfigKeys (ConfUtils.java:logGet(44)) - raft.server.log.preallocated.size = 16384 (custom)
2021-10-08 06:50:19,915 [pool-226-thread-1] INFO  server.RaftServerConfigKeys (ConfUtils.java:logGet(44)) - raft.server.log.force.sync.num = 128 (default)
2021-10-08 06:50:19,916 [pool-226-thread-1] INFO  server.RaftServerConfigKeys (ConfUtils.java:logGet(44)) - raft.server.log.statemachine.data.sync = true (default)
2021-10-08 06:50:19,916 [pool-226-thread-1] INFO  server.RaftServerConfigKeys (ConfUtils.java:logGet(44)) - raft.server.log.statemachine.data.sync.timeout = 10s (default)
2021-10-08 06:50:19,916 [pool-226-thread-1] INFO  server.RaftServerConfigKeys (ConfUtils.java:logGet(44)) - raft.server.log.statemachine.data.sync.timeout.retry = -1 (default)
2021-10-08 06:50:19,917 [pool-226-thread-1] INFO  server.RaftServerConfigKeys (ConfUtils.java:logGet(44)) - raft.server.log.write.buffer.size = 1048576 (custom)
2021-10-08 06:50:19,918 [pool-226-thread-1] INFO  server.RaftServerConfigKeys (ConfUtils.java:logGet(44)) - raft.server.log.statemachine.data.caching.enabled = true (custom)
2021-10-08 06:50:19,918 [pool-226-thread-1] INFO  segmented.SegmentedRaftLogWorker (SegmentedRaftLogWorker.java:lambda$new$0(133)) - b0b2d392-3da8-4dee-b45c-d1c7031a6e62@group-67450FE1EE98-SegmentedRaftLogWorker: flushIndex: setUnconditionally 0 -> -1
2021-10-08 06:50:19,918 [pool-226-thread-1] INFO  segmented.SegmentedRaftLogWorker (SegmentedRaftLogWorker.java:lambda$new$0(133)) - b0b2d392-3da8-4dee-b45c-d1c7031a6e62@group-67450FE1EE98-SegmentedRaftLogWorker: safeCacheEvictIndex: setUnconditionally 0 -> -1
2021-10-08 06:50:19,921 [pool-226-thread-1] INFO  server.RaftServerConfigKeys (ConfUtils.java:logGet(44)) - raft.server.snapshot.auto.trigger.enabled = true (custom)
2021-10-08 06:50:19,921 [pool-226-thread-1] INFO  server.RaftServerConfigKeys (ConfUtils.java:logGet(44)) - raft.server.snapshot.auto.trigger.threshold = 1 (custom)
2021-10-08 06:50:19,921 [pool-226-thread-1] INFO  server.RaftServerConfigKeys (ConfUtils.java:logGet(44)) - raft.server.snapshot.retention.file.num = 5 (custom)
2021-10-08 06:50:19,921 [pool-226-thread-1] INFO  server.RaftServerConfigKeys (ConfUtils.java:logGet(44)) - raft.server.log.purge.upto.snapshot.index = false (default)
2021-10-08 06:50:19,921 [pool-226-thread-1] INFO  server.RaftServerConfigKeys (ConfUtils.java:logGet(44)) - raft.server.retrycache.expirytime = 600000ms (custom)
2021-10-08 06:50:19,921 [pool-226-thread-1] INFO  server.RaftServerConfigKeys (ConfUtils.java:logGet(44)) - raft.server.retrycache.statistics.expirytime = 100μs (default)
2021-10-08 06:50:19,923 [pool-226-thread-1] INFO  server.RaftServer$Division (RaftServerImpl.java:start(296)) - b0b2d392-3da8-4dee-b45c-d1c7031a6e62@group-67450FE1EE98: start as a follower, conf=-1: [b0b2d392-3da8-4dee-b45c-d1c7031a6e62|rpc:10.1.0.41:45385|priority:1], old=null
2021-10-08 06:50:19,923 [pool-226-thread-1] INFO  server.RaftServer$Division (RaftServerImpl.java:setRole(285)) - b0b2d392-3da8-4dee-b45c-d1c7031a6e62@group-67450FE1EE98: changes role from      null to FOLLOWER at term 0 for startAsFollower
2021-10-08 06:50:19,923 [pool-226-thread-1] INFO  impl.RoleInfo (RoleInfo.java:updateAndGet(130)) - b0b2d392-3da8-4dee-b45c-d1c7031a6e62: start b0b2d392-3da8-4dee-b45c-d1c7031a6e62@group-67450FE1EE98-FollowerState
2021-10-08 06:50:19,924 [pool-226-thread-1] INFO  util.JmxRegister (JmxRegister.java:tryRegister(44)) - Successfully registered JMX Bean with object name Ratis:service=RaftServer,group=group-67450FE1EE98,id=b0b2d392-3da8-4dee-b45c-d1c7031a6e62
2021-10-08 06:50:19,925 [Command processor thread] INFO  ratis.XceiverServerRatis (XceiverServerRatis.java:addGroup(763)) - Created group PipelineID=21df101d-0eb9-4853-89ba-67450fe1ee98
2021-10-08 06:50:19,925 [Command processor thread] INFO  commandhandler.CreatePipelineCommandHandler (CreatePipelineCommandHandler.java:handle(106)) - Created Pipeline RATIS ONE PipelineID=21df101d-0eb9-4853-89ba-67450fe1ee98.
2021-10-08 06:50:19,930 [EventQueue-OpenPipelineForHealthyPipelineSafeModeRule] INFO  safemode.SCMSafeModeManager (HealthyPipelineSafeModeRule.java:process(124)) - SCM in safe mode. Healthy pipelines reported count is 0, required healthy pipeline reported count is 1
2021-10-08 06:50:19,974 [EventQueue-OpenPipelineForHealthyPipelineSafeModeRule] INFO  safemode.SCMSafeModeManager (HealthyPipelineSafeModeRule.java:process(124)) - SCM in safe mode. Healthy pipelines reported count is 0, required healthy pipeline reported count is 1
2021-10-08 06:50:20,013 [EventQueue-OpenPipelineForHealthyPipelineSafeModeRule] INFO  safemode.SCMSafeModeManager (HealthyPipelineSafeModeRule.java:process(124)) - SCM in safe mode. Healthy pipelines reported count is 0, required healthy pipeline reported count is 1
2021-10-08 06:50:20,022 [EventQueue-OpenPipelineForHealthyPipelineSafeModeRule] INFO  safemode.SCMSafeModeManager (HealthyPipelineSafeModeRule.java:process(124)) - SCM in safe mode. Healthy pipelines reported count is 0, required healthy pipeline reported count is 1
2021-10-08 06:50:20,033 [EventQueue-OpenPipelineForHealthyPipelineSafeModeRule] INFO  safemode.SCMSafeModeManager (HealthyPipelineSafeModeRule.java:process(124)) - SCM in safe mode. Healthy pipelines reported count is 0, required healthy pipeline reported count is 1
2021-10-08 06:50:20,058 [EventQueue-OpenPipelineForHealthyPipelineSafeModeRule] INFO  safemode.SCMSafeModeManager (HealthyPipelineSafeModeRule.java:process(124)) - SCM in safe mode. Healthy pipelines reported count is 0, required healthy pipeline reported count is 1
2021-10-08 06:50:20,065 [EventQueue-OpenPipelineForHealthyPipelineSafeModeRule] INFO  safemode.SCMSafeModeManager (HealthyPipelineSafeModeRule.java:process(124)) - SCM in safe mode. Healthy pipelines reported count is 0, required healthy pipeline reported count is 1
2021-10-08 06:50:20,101 [EventQueue-OpenPipelineForHealthyPipelineSafeModeRule] INFO  safemode.SCMSafeModeManager (HealthyPipelineSafeModeRule.java:process(124)) - SCM in safe mode. Healthy pipelines reported count is 0, required healthy pipeline reported count is 1
2021-10-08 06:50:20,111 [EventQueue-OpenPipelineForHealthyPipelineSafeModeRule] INFO  safemode.SCMSafeModeManager (HealthyPipelineSafeModeRule.java:process(124)) - SCM in safe mode. Healthy pipelines reported count is 0, required healthy pipeline reported count is 1
2021-10-08 06:50:20,130 [EventQueue-OpenPipelineForHealthyPipelineSafeModeRule] INFO  safemode.SCMSafeModeManager (HealthyPipelineSafeModeRule.java:process(124)) - SCM in safe mode. Healthy pipelines reported count is 0, required healthy pipeline reported count is 1
2021-10-08 06:50:20,173 [EventQueue-OpenPipelineForHealthyPipelineSafeModeRule] INFO  safemode.SCMSafeModeManager (HealthyPipelineSafeModeRule.java:process(124)) - SCM in safe mode. Healthy pipelines reported count is 0, required healthy pipeline reported count is 1
2021-10-08 06:50:20,221 [EventQueue-OpenPipelineForHealthyPipelineSafeModeRule] INFO  safemode.SCMSafeModeManager (HealthyPipelineSafeModeRule.java:process(124)) - SCM in safe mode. Healthy pipelines reported count is 0, required healthy pipeline reported count is 1
2021-10-08 06:50:20,301 [EventQueue-OpenPipelineForHealthyPipelineSafeModeRule] INFO  safemode.SCMSafeModeManager (HealthyPipelineSafeModeRule.java:process(124)) - SCM in safe mode. Healthy pipelines reported count is 0, required healthy pipeline reported count is 1
2021-10-08 06:50:20,310 [EventQueue-OpenPipelineForHealthyPipelineSafeModeRule] INFO  safemode.SCMSafeModeManager (HealthyPipelineSafeModeRule.java:process(124)) - SCM in safe mode. Healthy pipelines reported count is 0, required healthy pipeline reported count is 1
2021-10-08 06:50:20,373 [EventQueue-OpenPipelineForHealthyPipelineSafeModeRule] INFO  safemode.SCMSafeModeManager (HealthyPipelineSafeModeRule.java:process(124)) - SCM in safe mode. Healthy pipelines reported count is 0, required healthy pipeline reported count is 1
2021-10-08 06:50:20,412 [EventQueue-OpenPipelineForHealthyPipelineSafeModeRule] INFO  safemode.SCMSafeModeManager (HealthyPipelineSafeModeRule.java:process(124)) - SCM in safe mode. Healthy pipelines reported count is 0, required healthy pipeline reported count is 1
2021-10-08 06:50:20,422 [EventQueue-OpenPipelineForHealthyPipelineSafeModeRule] INFO  safemode.SCMSafeModeManager (HealthyPipelineSafeModeRule.java:process(124)) - SCM in safe mode. Healthy pipelines reported count is 0, required healthy pipeline reported count is 1
2021-10-08 06:50:20,434 [EventQueue-OpenPipelineForHealthyPipelineSafeModeRule] INFO  safemode.SCMSafeModeManager (HealthyPipelineSafeModeRule.java:process(124)) - SCM in safe mode. Healthy pipelines reported count is 0, required healthy pipeline reported count is 1
2021-10-08 06:50:20,460 [EventQueue-OpenPipelineForHealthyPipelineSafeModeRule] INFO  safemode.SCMSafeModeManager (HealthyPipelineSafeModeRule.java:process(124)) - SCM in safe mode. Healthy pipelines reported count is 0, required healthy pipeline reported count is 1
2021-10-08 06:50:20,463 [EventQueue-OpenPipelineForHealthyPipelineSafeModeRule] INFO  safemode.SCMSafeModeManager (HealthyPipelineSafeModeRule.java:process(124)) - SCM in safe mode. Healthy pipelines reported count is 0, required healthy pipeline reported count is 1
2021-10-08 06:50:20,531 [EventQueue-OpenPipelineForHealthyPipelineSafeModeRule] INFO  safemode.SCMSafeModeManager (HealthyPipelineSafeModeRule.java:process(124)) - SCM in safe mode. Healthy pipelines reported count is 0, required healthy pipeline reported count is 1
2021-10-08 06:50:20,615 [EventQueue-OpenPipelineForHealthyPipelineSafeModeRule] INFO  safemode.SCMSafeModeManager (HealthyPipelineSafeModeRule.java:process(124)) - SCM in safe mode. Healthy pipelines reported count is 0, required healthy pipeline reported count is 1
2021-10-08 06:50:20,633 [EventQueue-OpenPipelineForHealthyPipelineSafeModeRule] INFO  safemode.SCMSafeModeManager (HealthyPipelineSafeModeRule.java:process(124)) - SCM in safe mode. Healthy pipelines reported count is 0, required healthy pipeline reported count is 1
2021-10-08 06:50:20,660 [EventQueue-OpenPipelineForHealthyPipelineSafeModeRule] INFO  safemode.SCMSafeModeManager (HealthyPipelineSafeModeRule.java:process(124)) - SCM in safe mode. Healthy pipelines reported count is 0, required healthy pipeline reported count is 1
2021-10-08 06:50:20,664 [EventQueue-OpenPipelineForHealthyPipelineSafeModeRule] INFO  safemode.SCMSafeModeManager (HealthyPipelineSafeModeRule.java:process(124)) - SCM in safe mode. Healthy pipelines reported count is 0, required healthy pipeline reported count is 1
2021-10-08 06:50:20,701 [EventQueue-OpenPipelineForHealthyPipelineSafeModeRule] INFO  safemode.SCMSafeModeManager (HealthyPipelineSafeModeRule.java:process(124)) - SCM in safe mode. Healthy pipelines reported count is 0, required healthy pipeline reported count is 1
2021-10-08 06:50:20,711 [EventQueue-OpenPipelineForHealthyPipelineSafeModeRule] INFO  safemode.SCMSafeModeManager (HealthyPipelineSafeModeRule.java:process(124)) - SCM in safe mode. Healthy pipelines reported count is 0, required healthy pipeline reported count is 1
2021-10-08 06:50:20,731 [EventQueue-OpenPipelineForHealthyPipelineSafeModeRule] INFO  safemode.SCMSafeModeManager (HealthyPipelineSafeModeRule.java:process(124)) - SCM in safe mode. Healthy pipelines reported count is 0, required healthy pipeline reported count is 1
2021-10-08 06:50:20,774 [EventQueue-OpenPipelineForHealthyPipelineSafeModeRule] INFO  safemode.SCMSafeModeManager (HealthyPipelineSafeModeRule.java:process(124)) - SCM in safe mode. Healthy pipelines reported count is 0, required healthy pipeline reported count is 1
2021-10-08 06:50:20,813 [EventQueue-OpenPipelineForHealthyPipelineSafeModeRule] INFO  safemode.SCMSafeModeManager (HealthyPipelineSafeModeRule.java:process(124)) - SCM in safe mode. Healthy pipelines reported count is 0, required healthy pipeline reported count is 1
2021-10-08 06:50:20,815 [EventQueue-OpenPipelineForHealthyPipelineSafeModeRule] INFO  safemode.SCMSafeModeManager (HealthyPipelineSafeModeRule.java:process(124)) - SCM in safe mode. Healthy pipelines reported count is 0, required healthy pipeline reported count is 1
2021-10-08 06:50:20,822 [EventQueue-OpenPipelineForHealthyPipelineSafeModeRule] INFO  safemode.SCMSafeModeManager (HealthyPipelineSafeModeRule.java:process(124)) - SCM in safe mode. Healthy pipelines reported count is 0, required healthy pipeline reported count is 1
2021-10-08 06:50:20,833 [EventQueue-OpenPipelineForHealthyPipelineSafeModeRule] INFO  safemode.SCMSafeModeManager (HealthyPipelineSafeModeRule.java:process(124)) - SCM in safe mode. Healthy pipelines reported count is 0, required healthy pipeline reported count is 1
2021-10-08 06:50:20,905 [Listener at 127.0.0.1/41649] INFO  ozone.MiniOzoneClusterImpl (MiniOzoneClusterImpl.java:lambda$waitForClusterToBeReady$0(235)) - Nodes are ready. Got 10 of 10 DN Heartbeats.
2021-10-08 06:50:20,906 [Listener at 127.0.0.1/41649] INFO  ozone.MiniOzoneClusterImpl (MiniOzoneClusterImpl.java:lambda$waitForClusterToBeReady$0(238)) - Waiting for cluster to exit safe mode
2021-10-08 06:50:20,906 [Listener at 127.0.0.1/41649] INFO  ozone.MiniOzoneClusterImpl (MiniOzoneClusterImpl.java:lambda$waitForClusterToBeReady$0(240)) - SCM became leader
2021-10-08 06:50:20,911 [EventQueue-OpenPipelineForHealthyPipelineSafeModeRule] INFO  safemode.SCMSafeModeManager (HealthyPipelineSafeModeRule.java:process(124)) - SCM in safe mode. Healthy pipelines reported count is 0, required healthy pipeline reported count is 1
2021-10-08 06:50:20,931 [EventQueue-OpenPipelineForHealthyPipelineSafeModeRule] INFO  safemode.SCMSafeModeManager (HealthyPipelineSafeModeRule.java:process(124)) - SCM in safe mode. Healthy pipelines reported count is 0, required healthy pipeline reported count is 1
2021-10-08 06:50:21,015 [EventQueue-OpenPipelineForHealthyPipelineSafeModeRule] INFO  safemode.SCMSafeModeManager (HealthyPipelineSafeModeRule.java:process(124)) - SCM in safe mode. Healthy pipelines reported count is 0, required healthy pipeline reported count is 1
2021-10-08 06:50:21,022 [EventQueue-OpenPipelineForHealthyPipelineSafeModeRule] INFO  safemode.SCMSafeModeManager (HealthyPipelineSafeModeRule.java:process(124)) - SCM in safe mode. Healthy pipelines reported count is 0, required healthy pipeline reported count is 1
2021-10-08 06:50:21,033 [EventQueue-OpenPipelineForHealthyPipelineSafeModeRule] INFO  safemode.SCMSafeModeManager (HealthyPipelineSafeModeRule.java:process(124)) - SCM in safe mode. Healthy pipelines reported count is 0, required healthy pipeline reported count is 1
2021-10-08 06:50:21,061 [EventQueue-OpenPipelineForHealthyPipelineSafeModeRule] INFO  safemode.SCMSafeModeManager (HealthyPipelineSafeModeRule.java:process(124)) - SCM in safe mode. Healthy pipelines reported count is 0, required healthy pipeline reported count is 1
2021-10-08 06:50:21,065 [EventQueue-OpenPipelineForHealthyPipelineSafeModeRule] INFO  safemode.SCMSafeModeManager (HealthyPipelineSafeModeRule.java:process(124)) - SCM in safe mode. Healthy pipelines reported count is 0, required healthy pipeline reported count is 1
2021-10-08 06:50:21,104 [EventQueue-OpenPipelineForHealthyPipelineSafeModeRule] INFO  safemode.SCMSafeModeManager (HealthyPipelineSafeModeRule.java:process(124)) - SCM in safe mode. Healthy pipelines reported count is 0, required healthy pipeline reported count is 1
2021-10-08 06:50:21,174 [EventQueue-OpenPipelineForHealthyPipelineSafeModeRule] INFO  safemode.SCMSafeModeManager (HealthyPipelineSafeModeRule.java:process(124)) - SCM in safe mode. Healthy pipelines reported count is 0, required healthy pipeline reported count is 1
2021-10-08 06:50:21,213 [EventQueue-OpenPipelineForHealthyPipelineSafeModeRule] INFO  safemode.SCMSafeModeManager (HealthyPipelineSafeModeRule.java:process(124)) - SCM in safe mode. Healthy pipelines reported count is 0, required healthy pipeline reported count is 1
2021-10-08 06:50:21,215 [EventQueue-OpenPipelineForHealthyPipelineSafeModeRule] INFO  safemode.SCMSafeModeManager (HealthyPipelineSafeModeRule.java:process(124)) - SCM in safe mode. Healthy pipelines reported count is 0, required healthy pipeline reported count is 1
2021-10-08 06:50:21,222 [EventQueue-OpenPipelineForHealthyPipelineSafeModeRule] INFO  safemode.SCMSafeModeManager (HealthyPipelineSafeModeRule.java:process(124)) - SCM in safe mode. Healthy pipelines reported count is 0, required healthy pipeline reported count is 1
2021-10-08 06:50:21,233 [EventQueue-OpenPipelineForHealthyPipelineSafeModeRule] INFO  safemode.SCMSafeModeManager (HealthyPipelineSafeModeRule.java:process(124)) - SCM in safe mode. Healthy pipelines reported count is 0, required healthy pipeline reported count is 1
2021-10-08 06:50:21,261 [EventQueue-OpenPipelineForHealthyPipelineSafeModeRule] INFO  safemode.SCMSafeModeManager (HealthyPipelineSafeModeRule.java:process(124)) - SCM in safe mode. Healthy pipelines reported count is 0, required healthy pipeline reported count is 1
2021-10-08 06:50:21,264 [EventQueue-OpenPipelineForHealthyPipelineSafeModeRule] INFO  safemode.SCMSafeModeManager (HealthyPipelineSafeModeRule.java:process(124)) - SCM in safe mode. Healthy pipelines reported count is 0, required healthy pipeline reported count is 1
2021-10-08 06:50:21,302 [EventQueue-OpenPipelineForHealthyPipelineSafeModeRule] INFO  safemode.SCMSafeModeManager (HealthyPipelineSafeModeRule.java:process(124)) - SCM in safe mode. Healthy pipelines reported count is 0, required healthy pipeline reported count is 1
2021-10-08 06:50:21,311 [EventQueue-OpenPipelineForHealthyPipelineSafeModeRule] INFO  safemode.SCMSafeModeManager (HealthyPipelineSafeModeRule.java:process(124)) - SCM in safe mode. Healthy pipelines reported count is 0, required healthy pipeline reported count is 1
2021-10-08 06:50:21,331 [EventQueue-OpenPipelineForHealthyPipelineSafeModeRule] INFO  safemode.SCMSafeModeManager (HealthyPipelineSafeModeRule.java:process(124)) - SCM in safe mode. Healthy pipelines reported count is 0, required healthy pipeline reported count is 1
2021-10-08 06:50:21,413 [EventQueue-OpenPipelineForHealthyPipelineSafeModeRule] INFO  safemode.SCMSafeModeManager (HealthyPipelineSafeModeRule.java:process(124)) - SCM in safe mode. Healthy pipelines reported count is 0, required healthy pipeline reported count is 1
2021-10-08 06:50:21,531 [EventQueue-OpenPipelineForHealthyPipelineSafeModeRule] INFO  safemode.SCMSafeModeManager (HealthyPipelineSafeModeRule.java:process(124)) - SCM in safe mode. Healthy pipelines reported count is 0, required healthy pipeline reported count is 1
2021-10-08 06:50:21,574 [EventQueue-OpenPipelineForHealthyPipelineSafeModeRule] INFO  safemode.SCMSafeModeManager (HealthyPipelineSafeModeRule.java:process(124)) - SCM in safe mode. Healthy pipelines reported count is 0, required healthy pipeline reported count is 1
2021-10-08 06:50:21,613 [EventQueue-OpenPipelineForHealthyPipelineSafeModeRule] INFO  safemode.SCMSafeModeManager (HealthyPipelineSafeModeRule.java:process(124)) - SCM in safe mode. Healthy pipelines reported count is 0, required healthy pipeline reported count is 1
2021-10-08 06:50:21,615 [EventQueue-OpenPipelineForHealthyPipelineSafeModeRule] INFO  safemode.SCMSafeModeManager (HealthyPipelineSafeModeRule.java:process(124)) - SCM in safe mode. Healthy pipelines reported count is 0, required healthy pipeline reported count is 1
2021-10-08 06:50:21,622 [EventQueue-OpenPipelineForHealthyPipelineSafeModeRule] INFO  safemode.SCMSafeModeManager (HealthyPipelineSafeModeRule.java:process(124)) - SCM in safe mode. Healthy pipelines reported count is 0, required healthy pipeline reported count is 1
2021-10-08 06:50:21,634 [EventQueue-OpenPipelineForHealthyPipelineSafeModeRule] INFO  safemode.SCMSafeModeManager (HealthyPipelineSafeModeRule.java:process(124)) - SCM in safe mode. Healthy pipelines reported count is 0, required healthy pipeline reported count is 1
2021-10-08 06:50:21,661 [EventQueue-OpenPipelineForHealthyPipelineSafeModeRule] INFO  safemode.SCMSafeModeManager (HealthyPipelineSafeModeRule.java:process(124)) - SCM in safe mode. Healthy pipelines reported count is 0, required healthy pipeline reported count is 1
2021-10-08 06:50:21,664 [EventQueue-OpenPipelineForHealthyPipelineSafeModeRule] INFO  safemode.SCMSafeModeManager (HealthyPipelineSafeModeRule.java:process(124)) - SCM in safe mode. Healthy pipelines reported count is 0, required healthy pipeline reported count is 1
2021-10-08 06:50:21,702 [EventQueue-OpenPipelineForHealthyPipelineSafeModeRule] INFO  safemode.SCMSafeModeManager (HealthyPipelineSafeModeRule.java:process(124)) - SCM in safe mode. Healthy pipelines reported count is 0, required healthy pipeline reported count is 1
2021-10-08 06:50:21,711 [EventQueue-OpenPipelineForHealthyPipelineSafeModeRule] INFO  safemode.SCMSafeModeManager (HealthyPipelineSafeModeRule.java:process(124)) - SCM in safe mode. Healthy pipelines reported count is 0, required healthy pipeline reported count is 1
2021-10-08 06:50:21,823 [EventQueue-OpenPipelineForHealthyPipelineSafeModeRule] INFO  safemode.SCMSafeModeManager (HealthyPipelineSafeModeRule.java:process(124)) - SCM in safe mode. Healthy pipelines reported count is 0, required healthy pipeline reported count is 1
2021-10-08 06:50:21,861 [EventQueue-OpenPipelineForHealthyPipelineSafeModeRule] INFO  safemode.SCMSafeModeManager (HealthyPipelineSafeModeRule.java:process(124)) - SCM in safe mode. Healthy pipelines reported count is 0, required healthy pipeline reported count is 1
2021-10-08 06:50:21,864 [EventQueue-OpenPipelineForHealthyPipelineSafeModeRule] INFO  safemode.SCMSafeModeManager (HealthyPipelineSafeModeRule.java:process(124)) - SCM in safe mode. Healthy pipelines reported count is 0, required healthy pipeline reported count is 1
2021-10-08 06:50:21,902 [EventQueue-OpenPipelineForHealthyPipelineSafeModeRule] INFO  safemode.SCMSafeModeManager (HealthyPipelineSafeModeRule.java:process(124)) - SCM in safe mode. Healthy pipelines reported count is 0, required healthy pipeline reported count is 1
2021-10-08 06:50:21,906 [Listener at 127.0.0.1/41649] INFO  ozone.MiniOzoneClusterImpl (MiniOzoneClusterImpl.java:lambda$waitForClusterToBeReady$0(235)) - Nodes are ready. Got 10 of 10 DN Heartbeats.
2021-10-08 06:50:21,906 [Listener at 127.0.0.1/41649] INFO  ozone.MiniOzoneClusterImpl (MiniOzoneClusterImpl.java:lambda$waitForClusterToBeReady$0(238)) - Waiting for cluster to exit safe mode
2021-10-08 06:50:21,906 [Listener at 127.0.0.1/41649] INFO  ozone.MiniOzoneClusterImpl (MiniOzoneClusterImpl.java:lambda$waitForClusterToBeReady$0(240)) - SCM became leader
2021-10-08 06:50:21,911 [EventQueue-OpenPipelineForHealthyPipelineSafeModeRule] INFO  safemode.SCMSafeModeManager (HealthyPipelineSafeModeRule.java:process(124)) - SCM in safe mode. Healthy pipelines reported count is 0, required healthy pipeline reported count is 1
2021-10-08 06:50:21,932 [EventQueue-OpenPipelineForHealthyPipelineSafeModeRule] INFO  safemode.SCMSafeModeManager (HealthyPipelineSafeModeRule.java:process(124)) - SCM in safe mode. Healthy pipelines reported count is 0, required healthy pipeline reported count is 1
2021-10-08 06:50:21,973 [EventQueue-OpenPipelineForHealthyPipelineSafeModeRule] INFO  safemode.SCMSafeModeManager (HealthyPipelineSafeModeRule.java:process(124)) - SCM in safe mode. Healthy pipelines reported count is 0, required healthy pipeline reported count is 1
2021-10-08 06:50:22,012 [EventQueue-OpenPipelineForHealthyPipelineSafeModeRule] INFO  safemode.SCMSafeModeManager (HealthyPipelineSafeModeRule.java:process(124)) - SCM in safe mode. Healthy pipelines reported count is 0, required healthy pipeline reported count is 1
2021-10-08 06:50:22,015 [EventQueue-OpenPipelineForHealthyPipelineSafeModeRule] INFO  safemode.SCMSafeModeManager (HealthyPipelineSafeModeRule.java:process(124)) - SCM in safe mode. Healthy pipelines reported count is 0, required healthy pipeline reported count is 1
2021-10-08 06:50:22,035 [EventQueue-OpenPipelineForHealthyPipelineSafeModeRule] INFO  safemode.SCMSafeModeManager (HealthyPipelineSafeModeRule.java:process(124)) - SCM in safe mode. Healthy pipelines reported count is 0, required healthy pipeline reported count is 1
2021-10-08 06:50:22,103 [EventQueue-OpenPipelineForHealthyPipelineSafeModeRule] INFO  safemode.SCMSafeModeManager (HealthyPipelineSafeModeRule.java:process(124)) - SCM in safe mode. Healthy pipelines reported count is 0, required healthy pipeline reported count is 1
2021-10-08 06:50:22,111 [EventQueue-OpenPipelineForHealthyPipelineSafeModeRule] INFO  safemode.SCMSafeModeManager (HealthyPipelineSafeModeRule.java:process(124)) - SCM in safe mode. Healthy pipelines reported count is 0, required healthy pipeline reported count is 1
2021-10-08 06:50:22,137 [EventQueue-OpenPipelineForHealthyPipelineSafeModeRule] INFO  safemode.SCMSafeModeManager (HealthyPipelineSafeModeRule.java:process(124)) - SCM in safe mode. Healthy pipelines reported count is 0, required healthy pipeline reported count is 1
2021-10-08 06:50:22,174 [EventQueue-OpenPipelineForHealthyPipelineSafeModeRule] INFO  safemode.SCMSafeModeManager (HealthyPipelineSafeModeRule.java:process(124)) - SCM in safe mode. Healthy pipelines reported count is 0, required healthy pipeline reported count is 1
2021-10-08 06:50:22,215 [EventQueue-OpenPipelineForHealthyPipelineSafeModeRule] INFO  safemode.SCMSafeModeManager (HealthyPipelineSafeModeRule.java:process(124)) - SCM in safe mode. Healthy pipelines reported count is 0, required healthy pipeline reported count is 1
2021-10-08 06:50:22,224 [EventQueue-OpenPipelineForHealthyPipelineSafeModeRule] INFO  safemode.SCMSafeModeManager (HealthyPipelineSafeModeRule.java:process(124)) - SCM in safe mode. Healthy pipelines reported count is 0, required healthy pipeline reported count is 1
2021-10-08 06:50:22,234 [EventQueue-OpenPipelineForHealthyPipelineSafeModeRule] INFO  safemode.SCMSafeModeManager (HealthyPipelineSafeModeRule.java:process(124)) - SCM in safe mode. Healthy pipelines reported count is 0, required healthy pipeline reported count is 1
2021-10-08 06:50:22,265 [EventQueue-OpenPipelineForHealthyPipelineSafeModeRule] INFO  safemode.SCMSafeModeManager (HealthyPipelineSafeModeRule.java:process(124)) - SCM in safe mode. Healthy pipelines reported count is 0, required healthy pipeline reported count is 1
2021-10-08 06:50:22,265 [EventQueue-OpenPipelineForHealthyPipelineSafeModeRule] INFO  safemode.SCMSafeModeManager (HealthyPipelineSafeModeRule.java:process(124)) - SCM in safe mode. Healthy pipelines reported count is 0, required healthy pipeline reported count is 1
2021-10-08 06:50:22,304 [EventQueue-OpenPipelineForHealthyPipelineSafeModeRule] INFO  safemode.SCMSafeModeManager (HealthyPipelineSafeModeRule.java:process(124)) - SCM in safe mode. Healthy pipelines reported count is 0, required healthy pipeline reported count is 1
2021-10-08 06:50:22,312 [EventQueue-OpenPipelineForHealthyPipelineSafeModeRule] INFO  safemode.SCMSafeModeManager (HealthyPipelineSafeModeRule.java:process(124)) - SCM in safe mode. Healthy pipelines reported count is 0, required healthy pipeline reported count is 1
2021-10-08 06:50:22,338 [EventQueue-OpenPipelineForHealthyPipelineSafeModeRule] INFO  safemode.SCMSafeModeManager (HealthyPipelineSafeModeRule.java:process(124)) - SCM in safe mode. Healthy pipelines reported count is 0, required healthy pipeline reported count is 1
2021-10-08 06:50:22,374 [EventQueue-OpenPipelineForHealthyPipelineSafeModeRule] INFO  safemode.SCMSafeModeManager (HealthyPipelineSafeModeRule.java:process(124)) - SCM in safe mode. Healthy pipelines reported count is 0, required healthy pipeline reported count is 1
2021-10-08 06:50:22,412 [EventQueue-OpenPipelineForHealthyPipelineSafeModeRule] INFO  safemode.SCMSafeModeManager (HealthyPipelineSafeModeRule.java:process(124)) - SCM in safe mode. Healthy pipelines reported count is 0, required healthy pipeline reported count is 1
2021-10-08 06:50:22,434 [EventQueue-OpenPipelineForHealthyPipelineSafeModeRule] INFO  safemode.SCMSafeModeManager (HealthyPipelineSafeModeRule.java:process(124)) - SCM in safe mode. Healthy pipelines reported count is 0, required healthy pipeline reported count is 1
2021-10-08 06:50:22,464 [EventQueue-OpenPipelineForHealthyPipelineSafeModeRule] INFO  safemode.SCMSafeModeManager (HealthyPipelineSafeModeRule.java:process(124)) - SCM in safe mode. Healthy pipelines reported count is 0, required healthy pipeline reported count is 1
2021-10-08 06:50:22,465 [EventQueue-OpenPipelineForHealthyPipelineSafeModeRule] INFO  safemode.SCMSafeModeManager (HealthyPipelineSafeModeRule.java:process(124)) - SCM in safe mode. Healthy pipelines reported count is 0, required healthy pipeline reported count is 1
2021-10-08 06:50:22,471 [7c56b051-e741-4b88-a800-6437d7fa75cc@group-90F4D47386F5-FollowerState] INFO  impl.FollowerState (FollowerState.java:run(134)) - 7c56b051-e741-4b88-a800-6437d7fa75cc@group-90F4D47386F5-FollowerState: change to CANDIDATE, lastRpcElapsedTime:5124117510ns, electionTimeout:5110ms
2021-10-08 06:50:22,472 [7c56b051-e741-4b88-a800-6437d7fa75cc@group-90F4D47386F5-FollowerState] INFO  impl.RoleInfo (RoleInfo.java:shutdownFollowerState(108)) - 7c56b051-e741-4b88-a800-6437d7fa75cc: shutdown 7c56b051-e741-4b88-a800-6437d7fa75cc@group-90F4D47386F5-FollowerState
2021-10-08 06:50:22,472 [7c56b051-e741-4b88-a800-6437d7fa75cc@group-90F4D47386F5-FollowerState] INFO  server.RaftServer$Division (RaftServerImpl.java:setRole(285)) - 7c56b051-e741-4b88-a800-6437d7fa75cc@group-90F4D47386F5: changes role from  FOLLOWER to CANDIDATE at term 0 for changeToCandidate
2021-10-08 06:50:22,473 [7c56b051-e741-4b88-a800-6437d7fa75cc@group-90F4D47386F5-FollowerState] INFO  server.RaftServerConfigKeys (ConfUtils.java:logGet(44)) - raft.server.leaderelection.pre-vote = false (custom)
2021-10-08 06:50:22,473 [7c56b051-e741-4b88-a800-6437d7fa75cc@group-90F4D47386F5-FollowerState] INFO  impl.RoleInfo (RoleInfo.java:updateAndGet(130)) - 7c56b051-e741-4b88-a800-6437d7fa75cc: start 7c56b051-e741-4b88-a800-6437d7fa75cc@group-90F4D47386F5-LeaderElection2
2021-10-08 06:50:22,474 [7c56b051-e741-4b88-a800-6437d7fa75cc@group-3A1B9745E316-FollowerState] INFO  impl.FollowerState (FollowerState.java:run(134)) - 7c56b051-e741-4b88-a800-6437d7fa75cc@group-3A1B9745E316-FollowerState: change to CANDIDATE, lastRpcElapsedTime:5054071603ns, electionTimeout:5050ms
2021-10-08 06:50:22,475 [7c56b051-e741-4b88-a800-6437d7fa75cc@group-3A1B9745E316-FollowerState] INFO  impl.RoleInfo (RoleInfo.java:shutdownFollowerState(108)) - 7c56b051-e741-4b88-a800-6437d7fa75cc: shutdown 7c56b051-e741-4b88-a800-6437d7fa75cc@group-3A1B9745E316-FollowerState
2021-10-08 06:50:22,475 [7c56b051-e741-4b88-a800-6437d7fa75cc@group-3A1B9745E316-FollowerState] INFO  server.RaftServer$Division (RaftServerImpl.java:setRole(285)) - 7c56b051-e741-4b88-a800-6437d7fa75cc@group-3A1B9745E316: changes role from  FOLLOWER to CANDIDATE at term 0 for changeToCandidate
2021-10-08 06:50:22,475 [7c56b051-e741-4b88-a800-6437d7fa75cc@group-3A1B9745E316-FollowerState] INFO  server.RaftServerConfigKeys (ConfUtils.java:logGet(44)) - raft.server.leaderelection.pre-vote = false (custom)
2021-10-08 06:50:22,476 [7c56b051-e741-4b88-a800-6437d7fa75cc@group-3A1B9745E316-FollowerState] INFO  impl.RoleInfo (RoleInfo.java:updateAndGet(130)) - 7c56b051-e741-4b88-a800-6437d7fa75cc: start 7c56b051-e741-4b88-a800-6437d7fa75cc@group-3A1B9745E316-LeaderElection3
2021-10-08 06:50:22,483 [7c56b051-e741-4b88-a800-6437d7fa75cc@group-90F4D47386F5-LeaderElection2] INFO  impl.LeaderElection (LeaderElection.java:askForVotes(306)) - 7c56b051-e741-4b88-a800-6437d7fa75cc@group-90F4D47386F5-LeaderElection2 ELECTION round 0: submit vote requests at term 1 for -1: [7c56b051-e741-4b88-a800-6437d7fa75cc|rpc:10.1.0.41:42627|priority:1], old=null
2021-10-08 06:50:22,484 [7c56b051-e741-4b88-a800-6437d7fa75cc@group-90F4D47386F5-LeaderElection2] INFO  impl.LeaderElection (LeaderElection.java:askForVotes(308)) - 7c56b051-e741-4b88-a800-6437d7fa75cc@group-90F4D47386F5-LeaderElection2 ELECTION round 0: result PASSED (term=1)
2021-10-08 06:50:22,484 [7c56b051-e741-4b88-a800-6437d7fa75cc@group-90F4D47386F5-LeaderElection2] INFO  impl.RoleInfo (RoleInfo.java:shutdownLeaderElection(121)) - 7c56b051-e741-4b88-a800-6437d7fa75cc: shutdown 7c56b051-e741-4b88-a800-6437d7fa75cc@group-90F4D47386F5-LeaderElection2
2021-10-08 06:50:22,483 [7c56b051-e741-4b88-a800-6437d7fa75cc@group-3A1B9745E316-LeaderElection3] INFO  impl.LeaderElection (LeaderElection.java:askForVotes(306)) - 7c56b051-e741-4b88-a800-6437d7fa75cc@group-3A1B9745E316-LeaderElection3 ELECTION round 0: submit vote requests at term 1 for -1: [f72599f1-e0cc-40f9-85fa-72f8008a2fb9|rpc:10.1.0.41:45769|priority:1, 7c56b051-e741-4b88-a800-6437d7fa75cc|rpc:10.1.0.41:42627|priority:0, 922385f1-e84a-4e93-a4e5-a83d7e259df1|rpc:10.1.0.41:45879|priority:0], old=null
2021-10-08 06:50:22,486 [7c56b051-e741-4b88-a800-6437d7fa75cc@group-90F4D47386F5-LeaderElection2] INFO  server.RaftServer$Division (RaftServerImpl.java:setRole(285)) - 7c56b051-e741-4b88-a800-6437d7fa75cc@group-90F4D47386F5: changes role from CANDIDATE to LEADER at term 1 for changeToLeader
2021-10-08 06:50:22,495 [7c56b051-e741-4b88-a800-6437d7fa75cc@group-90F4D47386F5-LeaderElection2] INFO  ratis.XceiverServerRatis (XceiverServerRatis.java:handleLeaderChangedNotification(861)) - Leader change notification received for group: group-90F4D47386F5 with new leaderId: 7c56b051-e741-4b88-a800-6437d7fa75cc
2021-10-08 06:50:22,495 [7c56b051-e741-4b88-a800-6437d7fa75cc@group-90F4D47386F5-LeaderElection2] INFO  server.RaftServer$Division (ServerState.java:setLeader(285)) - 7c56b051-e741-4b88-a800-6437d7fa75cc@group-90F4D47386F5: change Leader from null to 7c56b051-e741-4b88-a800-6437d7fa75cc at term 1 for becomeLeader, leader elected after 5184ms
2021-10-08 06:50:22,495 [7c56b051-e741-4b88-a800-6437d7fa75cc@group-90F4D47386F5-LeaderElection2] INFO  server.RaftServerConfigKeys (ConfUtils.java:logGet(44)) - raft.server.staging.catchup.gap = 1000 (default)
2021-10-08 06:50:22,497 [7c56b051-e741-4b88-a800-6437d7fa75cc@group-90F4D47386F5-LeaderElection2] INFO  server.RaftServerConfigKeys (ConfUtils.java:logGet(44)) - raft.server.write.element-limit = 1024 (custom)
2021-10-08 06:50:22,498 [7c56b051-e741-4b88-a800-6437d7fa75cc@group-90F4D47386F5-LeaderElection2] INFO  server.RaftServerConfigKeys (ConfUtils.java:logGet(44)) - raft.server.write.byte-limit = 1024 M (=1073741824) (custom)
2021-10-08 06:50:22,498 [EventQueue-OpenPipelineForHealthyPipelineSafeModeRule] INFO  safemode.SCMSafeModeManager (HealthyPipelineSafeModeRule.java:process(124)) - SCM in safe mode. Healthy pipelines reported count is 0, required healthy pipeline reported count is 1
2021-10-08 06:50:22,499 [7c56b051-e741-4b88-a800-6437d7fa75cc@group-90F4D47386F5-LeaderElection2] INFO  server.RaftServerConfigKeys (ConfUtils.java:logGet(44)) - raft.server.watch.timeout = 10000ms (default)
2021-10-08 06:50:22,499 [7c56b051-e741-4b88-a800-6437d7fa75cc@group-90F4D47386F5-LeaderElection2] INFO  server.RaftServerConfigKeys (ConfUtils.java:logGet(44)) - raft.server.watch.timeout.denomination = 1s (default)
2021-10-08 06:50:22,499 [7c56b051-e741-4b88-a800-6437d7fa75cc@group-90F4D47386F5-LeaderElection2] INFO  server.RaftServerConfigKeys (ConfUtils.java:logGet(44)) - raft.server.watch.element-limit = 65536 (default)
2021-10-08 06:50:22,501 [7c56b051-e741-4b88-a800-6437d7fa75cc@group-90F4D47386F5-LeaderElection2] INFO  impl.RoleInfo (RoleInfo.java:updateAndGet(130)) - 7c56b051-e741-4b88-a800-6437d7fa75cc: start 7c56b051-e741-4b88-a800-6437d7fa75cc@group-90F4D47386F5-LeaderStateImpl
2021-10-08 06:50:22,502 [7c56b051-e741-4b88-a800-6437d7fa75cc@group-90F4D47386F5-LeaderElection2] INFO  segmented.SegmentedRaftLogWorker (SegmentedRaftLogWorker.java:startLogSegment(394)) - 7c56b051-e741-4b88-a800-6437d7fa75cc@group-90F4D47386F5-SegmentedRaftLogWorker: Starting segment from index:0
2021-10-08 06:50:22,506 [EventQueue-OpenPipelineForHealthyPipelineSafeModeRule] INFO  safemode.SCMSafeModeManager (HealthyPipelineSafeModeRule.java:process(124)) - SCM in safe mode. Healthy pipelines reported count is 0, required healthy pipeline reported count is 1
2021-10-08 06:50:22,513 [7c56b051-e741-4b88-a800-6437d7fa75cc@group-90F4D47386F5-LeaderElection2] INFO  server.RaftServer$Division (ServerState.java:setRaftConf(387)) - 7c56b051-e741-4b88-a800-6437d7fa75cc@group-90F4D47386F5: set configuration 0: [7c56b051-e741-4b88-a800-6437d7fa75cc|rpc:10.1.0.41:42627|dataStream:|priority:1], old=null
2021-10-08 06:50:22,514 [7c56b051-e741-4b88-a800-6437d7fa75cc@group-90F4D47386F5-SegmentedRaftLogWorker] INFO  segmented.SegmentedRaftLogWorker (SegmentedRaftLogWorker.java:execute(601)) - 7c56b051-e741-4b88-a800-6437d7fa75cc@group-90F4D47386F5-SegmentedRaftLogWorker: created new log segment /home/runner/work/ozone/ozone/hadoop-ozone/integration-test/target/test-dir/MiniOzoneClusterImpl-22559c4f-4ba5-459a-8a40-bbe24e716d33/datanode-0/data/ratis/20ae75f3-67aa-4fc4-a38b-90f4d47386f5/current/log_inprogress_0
2021-10-08 06:50:22,523 [7c56b051-e741-4b88-a800-6437d7fa75cc@group-90F4D47386F5-StateMachineUpdater] INFO  ratis.ContainerStateMachine (ContainerStateMachine.java:takeSnapshot(292)) - group-90F4D47386F5: Taking a snapshot at:(t:1, i:0) file /home/runner/work/ozone/ozone/hadoop-ozone/integration-test/target/test-dir/MiniOzoneClusterImpl-22559c4f-4ba5-459a-8a40-bbe24e716d33/datanode-0/data/ratis/20ae75f3-67aa-4fc4-a38b-90f4d47386f5/sm/snapshot.1_0
2021-10-08 06:50:22,566 [grpc-default-executor-0] INFO  server.RaftServer$Division (RaftServerImpl.java:requestVote(1043)) - f72599f1-e0cc-40f9-85fa-72f8008a2fb9@group-3A1B9745E316: receive requestVote(ELECTION, 7c56b051-e741-4b88-a800-6437d7fa75cc, group-3A1B9745E316, 1, (t:0, i:0))
2021-10-08 06:50:22,568 [grpc-default-executor-0] INFO  impl.VoteContext (VoteContext.java:log(48)) - f72599f1-e0cc-40f9-85fa-72f8008a2fb9@group-3A1B9745E316-FOLLOWER: reject ELECTION from 7c56b051-e741-4b88-a800-6437d7fa75cc: our priority 1 > candidate's priority 0
2021-10-08 06:50:22,566 [grpc-default-executor-1] INFO  server.RaftServer$Division (RaftServerImpl.java:requestVote(1043)) - 922385f1-e84a-4e93-a4e5-a83d7e259df1@group-3A1B9745E316: receive requestVote(ELECTION, 7c56b051-e741-4b88-a800-6437d7fa75cc, group-3A1B9745E316, 1, (t:0, i:0))
2021-10-08 06:50:22,569 [grpc-default-executor-0] INFO  server.RaftServer$Division (RaftServerImpl.java:setRole(285)) - f72599f1-e0cc-40f9-85fa-72f8008a2fb9@group-3A1B9745E316: changes role from  FOLLOWER to FOLLOWER at term 1 for candidate:7c56b051-e741-4b88-a800-6437d7fa75cc
2021-10-08 06:50:22,569 [grpc-default-executor-0] INFO  impl.RoleInfo (RoleInfo.java:shutdownFollowerState(108)) - f72599f1-e0cc-40f9-85fa-72f8008a2fb9: shutdown f72599f1-e0cc-40f9-85fa-72f8008a2fb9@group-3A1B9745E316-FollowerState
2021-10-08 06:50:22,569 [f72599f1-e0cc-40f9-85fa-72f8008a2fb9@group-3A1B9745E316-FollowerState] INFO  impl.FollowerState (FollowerState.java:run(143)) - f72599f1-e0cc-40f9-85fa-72f8008a2fb9@group-3A1B9745E316-FollowerState was interrupted: {}
java.lang.InterruptedException: sleep interrupted
	at java.lang.Thread.sleep(Native Method)
	at java.lang.Thread.sleep(Thread.java:340)
	at java.util.concurrent.TimeUnit.sleep(TimeUnit.java:386)
	at org.apache.ratis.util.TimeDuration.sleep(TimeDuration.java:324)
	at org.apache.ratis.util.TimeDuration.sleep(TimeDuration.java:309)
	at org.apache.ratis.server.impl.FollowerState.run(FollowerState.java:118)
2021-10-08 06:50:22,569 [grpc-default-executor-1] INFO  impl.VoteContext (VoteContext.java:log(48)) - 922385f1-e84a-4e93-a4e5-a83d7e259df1@group-3A1B9745E316-FOLLOWER: accept ELECTION from 7c56b051-e741-4b88-a800-6437d7fa75cc: our priority 0 <= candidate's priority 0
2021-10-08 06:50:22,572 [grpc-default-executor-0] INFO  impl.RoleInfo (RoleInfo.java:updateAndGet(130)) - f72599f1-e0cc-40f9-85fa-72f8008a2fb9: start f72599f1-e0cc-40f9-85fa-72f8008a2fb9@group-3A1B9745E316-FollowerState
2021-10-08 06:50:22,572 [grpc-default-executor-1] INFO  server.RaftServer$Division (RaftServerImpl.java:setRole(285)) - 922385f1-e84a-4e93-a4e5-a83d7e259df1@group-3A1B9745E316: changes role from  FOLLOWER to FOLLOWER at term 1 for candidate:7c56b051-e741-4b88-a800-6437d7fa75cc
2021-10-08 06:50:22,572 [grpc-default-executor-1] INFO  impl.RoleInfo (RoleInfo.java:shutdownFollowerState(108)) - 922385f1-e84a-4e93-a4e5-a83d7e259df1: shutdown 922385f1-e84a-4e93-a4e5-a83d7e259df1@group-3A1B9745E316-FollowerState
2021-10-08 06:50:22,576 [grpc-default-executor-0] INFO  server.RaftServer$Division (RaftServerImpl.java:requestVote(1075)) - f72599f1-e0cc-40f9-85fa-72f8008a2fb9@group-3A1B9745E316 replies to ELECTION vote request: 7c56b051-e741-4b88-a800-6437d7fa75cc<-f72599f1-e0cc-40f9-85fa-72f8008a2fb9#0:FAIL-t1. Peer's state: f72599f1-e0cc-40f9-85fa-72f8008a2fb9@group-3A1B9745E316:t1, leader=null, voted=null, raftlog=f72599f1-e0cc-40f9-85fa-72f8008a2fb9@group-3A1B9745E316-SegmentedRaftLog:OPENED:c-1,f-1,i0, conf=-1: [f72599f1-e0cc-40f9-85fa-72f8008a2fb9|rpc:10.1.0.41:45769|priority:1, 7c56b051-e741-4b88-a800-6437d7fa75cc|rpc:10.1.0.41:42627|priority:0, 922385f1-e84a-4e93-a4e5-a83d7e259df1|rpc:10.1.0.41:45879|priority:0], old=null
2021-10-08 06:50:22,577 [grpc-default-executor-1] INFO  impl.RoleInfo (RoleInfo.java:updateAndGet(130)) - 922385f1-e84a-4e93-a4e5-a83d7e259df1: start 922385f1-e84a-4e93-a4e5-a83d7e259df1@group-3A1B9745E316-FollowerState
2021-10-08 06:50:22,577 [922385f1-e84a-4e93-a4e5-a83d7e259df1@group-3A1B9745E316-FollowerState] INFO  impl.FollowerState (FollowerState.java:run(143)) - 922385f1-e84a-4e93-a4e5-a83d7e259df1@group-3A1B9745E316-FollowerState was interrupted: {}
java.lang.InterruptedException: sleep interrupted
	at java.lang.Thread.sleep(Native Method)
	at java.lang.Thread.sleep(Thread.java:340)
	at java.util.concurrent.TimeUnit.sleep(TimeUnit.java:386)
	at org.apache.ratis.util.TimeDuration.sleep(TimeDuration.java:324)
	at org.apache.ratis.util.TimeDuration.sleep(TimeDuration.java:309)
	at org.apache.ratis.server.impl.FollowerState.run(FollowerState.java:118)
2021-10-08 06:50:22,584 [grpc-default-executor-1] INFO  server.RaftServer$Division (RaftServerImpl.java:requestVote(1075)) - 922385f1-e84a-4e93-a4e5-a83d7e259df1@group-3A1B9745E316 replies to ELECTION vote request: 7c56b051-e741-4b88-a800-6437d7fa75cc<-922385f1-e84a-4e93-a4e5-a83d7e259df1#0:OK-t1. Peer's state: 922385f1-e84a-4e93-a4e5-a83d7e259df1@group-3A1B9745E316:t1, leader=null, voted=7c56b051-e741-4b88-a800-6437d7fa75cc, raftlog=922385f1-e84a-4e93-a4e5-a83d7e259df1@group-3A1B9745E316-SegmentedRaftLog:OPENED:c-1,f-1,i0, conf=-1: [f72599f1-e0cc-40f9-85fa-72f8008a2fb9|rpc:10.1.0.41:45769|priority:1, 7c56b051-e741-4b88-a800-6437d7fa75cc|rpc:10.1.0.41:42627|priority:0, 922385f1-e84a-4e93-a4e5-a83d7e259df1|rpc:10.1.0.41:45879|priority:0], old=null
2021-10-08 06:50:22,599 [7c56b051-e741-4b88-a800-6437d7fa75cc@group-3A1B9745E316-LeaderElection3] INFO  impl.LeaderElection (LeaderElection.java:logAndReturn(89)) - 7c56b051-e741-4b88-a800-6437d7fa75cc@group-3A1B9745E316-LeaderElection3: ELECTION REJECTED received 2 response(s) and 0 exception(s):
2021-10-08 06:50:22,599 [7c56b051-e741-4b88-a800-6437d7fa75cc@group-3A1B9745E316-LeaderElection3] INFO  impl.LeaderElection (LeaderElection.java:logAndReturn(93)) -   Response 0: 7c56b051-e741-4b88-a800-6437d7fa75cc<-f72599f1-e0cc-40f9-85fa-72f8008a2fb9#0:FAIL-t1
2021-10-08 06:50:22,599 [7c56b051-e741-4b88-a800-6437d7fa75cc@group-3A1B9745E316-LeaderElection3] INFO  impl.LeaderElection (LeaderElection.java:logAndReturn(93)) -   Response 1: 7c56b051-e741-4b88-a800-6437d7fa75cc<-922385f1-e84a-4e93-a4e5-a83d7e259df1#0:OK-t1
2021-10-08 06:50:22,599 [7c56b051-e741-4b88-a800-6437d7fa75cc@group-3A1B9745E316-LeaderElection3] INFO  impl.LeaderElection (LeaderElection.java:askForVotes(308)) - 7c56b051-e741-4b88-a800-6437d7fa75cc@group-3A1B9745E316-LeaderElection3 ELECTION round 0: result REJECTED
2021-10-08 06:50:22,599 [7c56b051-e741-4b88-a800-6437d7fa75cc@group-3A1B9745E316-LeaderElection3] INFO  server.RaftServer$Division (RaftServerImpl.java:setRole(285)) - 7c56b051-e741-4b88-a800-6437d7fa75cc@group-3A1B9745E316: changes role from CANDIDATE to FOLLOWER at term 1 for REJECTED
2021-10-08 06:50:22,600 [7c56b051-e741-4b88-a800-6437d7fa75cc@group-3A1B9745E316-LeaderElection3] INFO  impl.RoleInfo (RoleInfo.java:shutdownLeaderElection(121)) - 7c56b051-e741-4b88-a800-6437d7fa75cc: shutdown 7c56b051-e741-4b88-a800-6437d7fa75cc@group-3A1B9745E316-LeaderElection3
2021-10-08 06:50:22,601 [7c56b051-e741-4b88-a800-6437d7fa75cc@group-3A1B9745E316-LeaderElection3] INFO  impl.RoleInfo (RoleInfo.java:updateAndGet(130)) - 7c56b051-e741-4b88-a800-6437d7fa75cc: start 7c56b051-e741-4b88-a800-6437d7fa75cc@group-3A1B9745E316-FollowerState
2021-10-08 06:50:22,626 [EventQueue-OpenPipelineForHealthyPipelineSafeModeRule] INFO  safemode.SCMSafeModeManager (HealthyPipelineSafeModeRule.java:process(124)) - SCM in safe mode. Healthy pipelines reported count is 0, required healthy pipeline reported count is 1
2021-10-08 06:50:22,629 [7c56b051-e741-4b88-a800-6437d7fa75cc@group-90F4D47386F5-StateMachineUpdater] INFO  ratis.ContainerStateMachine (ContainerStateMachine.java:takeSnapshot(303)) - group-90F4D47386F5: Finished taking a snapshot at:(t:1, i:0) file:/home/runner/work/ozone/ozone/hadoop-ozone/integration-test/target/test-dir/MiniOzoneClusterImpl-22559c4f-4ba5-459a-8a40-bbe24e716d33/datanode-0/data/ratis/20ae75f3-67aa-4fc4-a38b-90f4d47386f5/sm/snapshot.1_0 took: 106 ms
2021-10-08 06:50:22,630 [7c56b051-e741-4b88-a800-6437d7fa75cc@group-90F4D47386F5-StateMachineUpdater] INFO  impl.StateMachineUpdater (StateMachineUpdater.java:takeSnapshot(281)) - 7c56b051-e741-4b88-a800-6437d7fa75cc@group-90F4D47386F5-StateMachineUpdater: Took a snapshot at index 0
2021-10-08 06:50:22,630 [7c56b051-e741-4b88-a800-6437d7fa75cc@group-90F4D47386F5-StateMachineUpdater] INFO  impl.StateMachineUpdater (StateMachineUpdater.java:lambda$new$0(89)) - 7c56b051-e741-4b88-a800-6437d7fa75cc@group-90F4D47386F5-StateMachineUpdater: snapshotIndex: updateIncreasingly -1 -> 0
2021-10-08 06:50:22,665 [EventQueue-OpenPipelineForHealthyPipelineSafeModeRule] INFO  safemode.SCMSafeModeManager (HealthyPipelineSafeModeRule.java:process(124)) - SCM in safe mode. Healthy pipelines reported count is 0, required healthy pipeline reported count is 1
2021-10-08 06:50:22,698 [EventQueue-OpenPipelineForHealthyPipelineSafeModeRule] INFO  safemode.SCMSafeModeManager (HealthyPipelineSafeModeRule.java:process(124)) - SCM in safe mode. Healthy pipelines reported count is 0, required healthy pipeline reported count is 1
2021-10-08 06:50:22,715 [EventQueue-OpenPipelineForHealthyPipelineSafeModeRule] INFO  safemode.SCMSafeModeManager (HealthyPipelineSafeModeRule.java:process(124)) - SCM in safe mode. Healthy pipelines reported count is 0, required healthy pipeline reported count is 1
2021-10-08 06:50:22,740 [EventQueue-OpenPipelineForHealthyPipelineSafeModeRule] INFO  safemode.SCMSafeModeManager (HealthyPipelineSafeModeRule.java:process(124)) - SCM in safe mode. Healthy pipelines reported count is 0, required healthy pipeline reported count is 1
2021-10-08 06:50:22,762 [f72599f1-e0cc-40f9-85fa-72f8008a2fb9@group-E9DBAE11872A-FollowerState] INFO  impl.FollowerState (FollowerState.java:run(134)) - f72599f1-e0cc-40f9-85fa-72f8008a2fb9@group-E9DBAE11872A-FollowerState: change to CANDIDATE, lastRpcElapsedTime:5119071986ns, electionTimeout:5110ms
2021-10-08 06:50:22,762 [f72599f1-e0cc-40f9-85fa-72f8008a2fb9@group-E9DBAE11872A-FollowerState] INFO  impl.RoleInfo (RoleInfo.java:shutdownFollowerState(108)) - f72599f1-e0cc-40f9-85fa-72f8008a2fb9: shutdown f72599f1-e0cc-40f9-85fa-72f8008a2fb9@group-E9DBAE11872A-FollowerState
2021-10-08 06:50:22,762 [f72599f1-e0cc-40f9-85fa-72f8008a2fb9@group-E9DBAE11872A-FollowerState] INFO  server.RaftServer$Division (RaftServerImpl.java:setRole(285)) - f72599f1-e0cc-40f9-85fa-72f8008a2fb9@group-E9DBAE11872A: changes role from  FOLLOWER to CANDIDATE at term 0 for changeToCandidate
2021-10-08 06:50:22,764 [f72599f1-e0cc-40f9-85fa-72f8008a2fb9@group-E9DBAE11872A-FollowerState] INFO  server.RaftServerConfigKeys (ConfUtils.java:logGet(44)) - raft.server.leaderelection.pre-vote = false (custom)
2021-10-08 06:50:22,764 [f72599f1-e0cc-40f9-85fa-72f8008a2fb9@group-E9DBAE11872A-FollowerState] INFO  impl.RoleInfo (RoleInfo.java:updateAndGet(130)) - f72599f1-e0cc-40f9-85fa-72f8008a2fb9: start f72599f1-e0cc-40f9-85fa-72f8008a2fb9@group-E9DBAE11872A-LeaderElection4
2021-10-08 06:50:22,768 [f72599f1-e0cc-40f9-85fa-72f8008a2fb9@group-E9DBAE11872A-LeaderElection4] INFO  impl.LeaderElection (LeaderElection.java:askForVotes(306)) - f72599f1-e0cc-40f9-85fa-72f8008a2fb9@group-E9DBAE11872A-LeaderElection4 ELECTION round 0: submit vote requests at term 1 for -1: [f72599f1-e0cc-40f9-85fa-72f8008a2fb9|rpc:10.1.0.41:45769|priority:1], old=null
2021-10-08 06:50:22,768 [f72599f1-e0cc-40f9-85fa-72f8008a2fb9@group-E9DBAE11872A-LeaderElection4] INFO  impl.LeaderElection (LeaderElection.java:askForVotes(308)) - f72599f1-e0cc-40f9-85fa-72f8008a2fb9@group-E9DBAE11872A-LeaderElection4 ELECTION round 0: result PASSED (term=1)
2021-10-08 06:50:22,768 [f72599f1-e0cc-40f9-85fa-72f8008a2fb9@group-E9DBAE11872A-LeaderElection4] INFO  impl.RoleInfo (RoleInfo.java:shutdownLeaderElection(121)) - f72599f1-e0cc-40f9-85fa-72f8008a2fb9: shutdown f72599f1-e0cc-40f9-85fa-72f8008a2fb9@group-E9DBAE11872A-LeaderElection4
2021-10-08 06:50:22,768 [f72599f1-e0cc-40f9-85fa-72f8008a2fb9@group-E9DBAE11872A-LeaderElection4] INFO  server.RaftServer$Division (RaftServerImpl.java:setRole(285)) - f72599f1-e0cc-40f9-85fa-72f8008a2fb9@group-E9DBAE11872A: changes role from CANDIDATE to LEADER at term 1 for changeToLeader
2021-10-08 06:50:22,768 [f72599f1-e0cc-40f9-85fa-72f8008a2fb9@group-E9DBAE11872A-LeaderElection4] INFO  ratis.XceiverServerRatis (XceiverServerRatis.java:handleLeaderChangedNotification(861)) - Leader change notification received for group: group-E9DBAE11872A with new leaderId: f72599f1-e0cc-40f9-85fa-72f8008a2fb9
2021-10-08 06:50:22,769 [f72599f1-e0cc-40f9-85fa-72f8008a2fb9@group-E9DBAE11872A-LeaderElection4] INFO  server.RaftServer$Division (ServerState.java:setLeader(285)) - f72599f1-e0cc-40f9-85fa-72f8008a2fb9@group-E9DBAE11872A: change Leader from null to f72599f1-e0cc-40f9-85fa-72f8008a2fb9 at term 1 for becomeLeader, leader elected after 5171ms
2021-10-08 06:50:22,769 [f72599f1-e0cc-40f9-85fa-72f8008a2fb9@group-E9DBAE11872A-LeaderElection4] INFO  server.RaftServerConfigKeys (ConfUtils.java:logGet(44)) - raft.server.staging.catchup.gap = 1000 (default)
2021-10-08 06:50:22,769 [Datanode State Machine Thread - 0] WARN  statemachine.StateContext (StateContext.java:execute(621)) - No available thread in pool for past 0 seconds.
2021-10-08 06:50:22,769 [f72599f1-e0cc-40f9-85fa-72f8008a2fb9@group-E9DBAE11872A-LeaderElection4] INFO  server.RaftServerConfigKeys (ConfUtils.java:logGet(44)) - raft.server.write.element-limit = 1024 (custom)
2021-10-08 06:50:22,770 [EventQueue-OpenPipelineForHealthyPipelineSafeModeRule] INFO  safemode.SCMSafeModeManager (HealthyPipelineSafeModeRule.java:process(124)) - SCM in safe mode. Healthy pipelines reported count is 0, required healthy pipeline reported count is 1
2021-10-08 06:50:22,771 [f72599f1-e0cc-40f9-85fa-72f8008a2fb9@group-E9DBAE11872A-LeaderElection4] INFO  server.RaftServerConfigKeys (ConfUtils.java:logGet(44)) - raft.server.write.byte-limit = 1024 M (=1073741824) (custom)
2021-10-08 06:50:22,771 [f72599f1-e0cc-40f9-85fa-72f8008a2fb9@group-E9DBAE11872A-LeaderElection4] INFO  server.RaftServerConfigKeys (ConfUtils.java:logGet(44)) - raft.server.watch.timeout = 10000ms (default)
2021-10-08 06:50:22,771 [f72599f1-e0cc-40f9-85fa-72f8008a2fb9@group-E9DBAE11872A-LeaderElection4] INFO  server.RaftServerConfigKeys (ConfUtils.java:logGet(44)) - raft.server.watch.timeout.denomination = 1s (default)
2021-10-08 06:50:22,771 [f72599f1-e0cc-40f9-85fa-72f8008a2fb9@group-E9DBAE11872A-LeaderElection4] INFO  server.RaftServerConfigKeys (ConfUtils.java:logGet(44)) - raft.server.watch.element-limit = 65536 (default)
2021-10-08 06:50:22,771 [f72599f1-e0cc-40f9-85fa-72f8008a2fb9@group-E9DBAE11872A-LeaderElection4] INFO  impl.RoleInfo (RoleInfo.java:updateAndGet(130)) - f72599f1-e0cc-40f9-85fa-72f8008a2fb9: start f72599f1-e0cc-40f9-85fa-72f8008a2fb9@group-E9DBAE11872A-LeaderStateImpl
2021-10-08 06:50:22,772 [f72599f1-e0cc-40f9-85fa-72f8008a2fb9@group-E9DBAE11872A-LeaderElection4] INFO  segmented.SegmentedRaftLogWorker (SegmentedRaftLogWorker.java:startLogSegment(394)) - f72599f1-e0cc-40f9-85fa-72f8008a2fb9@group-E9DBAE11872A-SegmentedRaftLogWorker: Starting segment from index:0
2021-10-08 06:50:22,774 [f72599f1-e0cc-40f9-85fa-72f8008a2fb9@group-E9DBAE11872A-SegmentedRaftLogWorker] INFO  segmented.SegmentedRaftLogWorker (SegmentedRaftLogWorker.java:execute(601)) - f72599f1-e0cc-40f9-85fa-72f8008a2fb9@group-E9DBAE11872A-SegmentedRaftLogWorker: created new log segment /home/runner/work/ozone/ozone/hadoop-ozone/integration-test/target/test-dir/MiniOzoneClusterImpl-22559c4f-4ba5-459a-8a40-bbe24e716d33/datanode-1/data/ratis/17ea2ab8-473d-4056-9556-e9dbae11872a/current/log_inprogress_0
2021-10-08 06:50:22,774 [f72599f1-e0cc-40f9-85fa-72f8008a2fb9@group-E9DBAE11872A-LeaderElection4] INFO  server.RaftServer$Division (ServerState.java:setRaftConf(387)) - f72599f1-e0cc-40f9-85fa-72f8008a2fb9@group-E9DBAE11872A: set configuration 0: [f72599f1-e0cc-40f9-85fa-72f8008a2fb9|rpc:10.1.0.41:45769|dataStream:|priority:1], old=null
2021-10-08 06:50:22,780 [f72599f1-e0cc-40f9-85fa-72f8008a2fb9@group-E9DBAE11872A-StateMachineUpdater] INFO  ratis.ContainerStateMachine (ContainerStateMachine.java:takeSnapshot(292)) - group-E9DBAE11872A: Taking a snapshot at:(t:1, i:0) file /home/runner/work/ozone/ozone/hadoop-ozone/integration-test/target/test-dir/MiniOzoneClusterImpl-22559c4f-4ba5-459a-8a40-bbe24e716d33/datanode-1/data/ratis/17ea2ab8-473d-4056-9556-e9dbae11872a/sm/snapshot.1_0
2021-10-08 06:50:22,781 [EventQueue-OpenPipelineForHealthyPipelineSafeModeRule] INFO  safemode.SCMSafeModeManager (HealthyPipelineSafeModeRule.java:process(124)) - SCM in safe mode. Healthy pipelines reported count is 0, required healthy pipeline reported count is 1
2021-10-08 06:50:22,782 [f72599f1-e0cc-40f9-85fa-72f8008a2fb9@group-E9DBAE11872A-StateMachineUpdater] INFO  ratis.ContainerStateMachine (ContainerStateMachine.java:takeSnapshot(303)) - group-E9DBAE11872A: Finished taking a snapshot at:(t:1, i:0) file:/home/runner/work/ozone/ozone/hadoop-ozone/integration-test/target/test-dir/MiniOzoneClusterImpl-22559c4f-4ba5-459a-8a40-bbe24e716d33/datanode-1/data/ratis/17ea2ab8-473d-4056-9556-e9dbae11872a/sm/snapshot.1_0 took: 1 ms
2021-10-08 06:50:22,782 [f72599f1-e0cc-40f9-85fa-72f8008a2fb9@group-E9DBAE11872A-StateMachineUpdater] INFO  impl.StateMachineUpdater (StateMachineUpdater.java:takeSnapshot(281)) - f72599f1-e0cc-40f9-85fa-72f8008a2fb9@group-E9DBAE11872A-StateMachineUpdater: Took a snapshot at index 0
2021-10-08 06:50:22,784 [f72599f1-e0cc-40f9-85fa-72f8008a2fb9@group-E9DBAE11872A-StateMachineUpdater] INFO  impl.StateMachineUpdater (StateMachineUpdater.java:lambda$new$0(89)) - f72599f1-e0cc-40f9-85fa-72f8008a2fb9@group-E9DBAE11872A-StateMachineUpdater: snapshotIndex: updateIncreasingly -1 -> 0
2021-10-08 06:50:22,827 [EventQueue-OpenPipelineForHealthyPipelineSafeModeRule] INFO  safemode.SCMSafeModeManager (HealthyPipelineSafeModeRule.java:process(124)) - SCM in safe mode. Healthy pipelines reported count is 0, required healthy pipeline reported count is 1
2021-10-08 06:50:22,835 [EventQueue-OpenPipelineForHealthyPipelineSafeModeRule] INFO  safemode.SCMSafeModeManager (HealthyPipelineSafeModeRule.java:process(124)) - SCM in safe mode. Healthy pipelines reported count is 0, required healthy pipeline reported count is 1
2021-10-08 06:50:22,866 [EventQueue-OpenPipelineForHealthyPipelineSafeModeRule] INFO  safemode.SCMSafeModeManager (HealthyPipelineSafeModeRule.java:process(124)) - SCM in safe mode. Healthy pipelines reported count is 0, required healthy pipeline reported count is 1
2021-10-08 06:50:22,903 [EventQueue-OpenPipelineForHealthyPipelineSafeModeRule] INFO  safemode.SCMSafeModeManager (HealthyPipelineSafeModeRule.java:process(124)) - SCM in safe mode. Healthy pipelines reported count is 0, required healthy pipeline reported count is 1
2021-10-08 06:50:22,907 [Listener at 127.0.0.1/41649] INFO  ozone.MiniOzoneClusterImpl (MiniOzoneClusterImpl.java:lambda$waitForClusterToBeReady$0(235)) - Nodes are ready. Got 10 of 10 DN Heartbeats.
2021-10-08 06:50:22,907 [Listener at 127.0.0.1/41649] INFO  ozone.MiniOzoneClusterImpl (MiniOzoneClusterImpl.java:lambda$waitForClusterToBeReady$0(238)) - Waiting for cluster to exit safe mode
2021-10-08 06:50:22,907 [Listener at 127.0.0.1/41649] INFO  ozone.MiniOzoneClusterImpl (MiniOzoneClusterImpl.java:lambda$waitForClusterToBeReady$0(240)) - SCM became leader
2021-10-08 06:50:22,971 [EventQueue-OpenPipelineForHealthyPipelineSafeModeRule] INFO  safemode.SCMSafeModeManager (HealthyPipelineSafeModeRule.java:process(124)) - SCM in safe mode. Healthy pipelines reported count is 0, required healthy pipeline reported count is 1
2021-10-08 06:50:22,977 [EventQueue-OpenPipelineForHealthyPipelineSafeModeRule] INFO  safemode.SCMSafeModeManager (HealthyPipelineSafeModeRule.java:process(124)) - SCM in safe mode. Healthy pipelines reported count is 0, required healthy pipeline reported count is 1
2021-10-08 06:50:23,027 [EventQueue-OpenPipelineForHealthyPipelineSafeModeRule] INFO  safemode.SCMSafeModeManager (HealthyPipelineSafeModeRule.java:process(124)) - SCM in safe mode. Healthy pipelines reported count is 0, required healthy pipeline reported count is 1
2021-10-08 06:50:23,037 [EventQueue-OpenPipelineForHealthyPipelineSafeModeRule] INFO  safemode.SCMSafeModeManager (HealthyPipelineSafeModeRule.java:process(124)) - SCM in safe mode. Healthy pipelines reported count is 0, required healthy pipeline reported count is 1
2021-10-08 06:50:23,071 [EventQueue-OpenPipelineForHealthyPipelineSafeModeRule] INFO  safemode.SCMSafeModeManager (HealthyPipelineSafeModeRule.java:process(124)) - SCM in safe mode. Healthy pipelines reported count is 0, required healthy pipeline reported count is 1
2021-10-08 06:50:23,098 [EventQueue-OpenPipelineForHealthyPipelineSafeModeRule] INFO  safemode.SCMSafeModeManager (HealthyPipelineSafeModeRule.java:process(124)) - SCM in safe mode. Healthy pipelines reported count is 0, required healthy pipeline reported count is 1
2021-10-08 06:50:23,105 [EventQueue-OpenPipelineForHealthyPipelineSafeModeRule] INFO  safemode.SCMSafeModeManager (HealthyPipelineSafeModeRule.java:process(124)) - SCM in safe mode. Healthy pipelines reported count is 0, required healthy pipeline reported count is 1
2021-10-08 06:50:23,115 [EventQueue-OpenPipelineForHealthyPipelineSafeModeRule] INFO  safemode.SCMSafeModeManager (HealthyPipelineSafeModeRule.java:process(124)) - SCM in safe mode. Healthy pipelines reported count is 0, required healthy pipeline reported count is 1
2021-10-08 06:50:23,139 [EventQueue-OpenPipelineForHealthyPipelineSafeModeRule] INFO  safemode.SCMSafeModeManager (HealthyPipelineSafeModeRule.java:process(124)) - SCM in safe mode. Healthy pipelines reported count is 0, required healthy pipeline reported count is 1
2021-10-08 06:50:23,170 [EventQueue-OpenPipelineForHealthyPipelineSafeModeRule] INFO  safemode.SCMSafeModeManager (HealthyPipelineSafeModeRule.java:process(124)) - SCM in safe mode. Healthy pipelines reported count is 0, required healthy pipeline reported count is 1
2021-10-08 06:50:23,264 [EventQueue-OpenPipelineForHealthyPipelineSafeModeRule] INFO  safemode.SCMSafeModeManager (HealthyPipelineSafeModeRule.java:process(124)) - SCM in safe mode. Healthy pipelines reported count is 0, required healthy pipeline reported count is 1
2021-10-08 06:50:23,299 [EventQueue-OpenPipelineForHealthyPipelineSafeModeRule] INFO  safemode.SCMSafeModeManager (HealthyPipelineSafeModeRule.java:process(124)) - SCM in safe mode. Healthy pipelines reported count is 0, required healthy pipeline reported count is 1
2021-10-08 06:50:23,316 [EventQueue-OpenPipelineForHealthyPipelineSafeModeRule] INFO  safemode.SCMSafeModeManager (HealthyPipelineSafeModeRule.java:process(124)) - SCM in safe mode. Healthy pipelines reported count is 0, required healthy pipeline reported count is 1
2021-10-08 06:50:23,320 [922385f1-e84a-4e93-a4e5-a83d7e259df1@group-3519A994148A-FollowerState] INFO  impl.FollowerState (FollowerState.java:run(134)) - 922385f1-e84a-4e93-a4e5-a83d7e259df1@group-3519A994148A-FollowerState: change to CANDIDATE, lastRpcElapsedTime:5084277219ns, electionTimeout:5071ms
2021-10-08 06:50:23,320 [922385f1-e84a-4e93-a4e5-a83d7e259df1@group-3519A994148A-FollowerState] INFO  impl.RoleInfo (RoleInfo.java:shutdownFollowerState(108)) - 922385f1-e84a-4e93-a4e5-a83d7e259df1: shutdown 922385f1-e84a-4e93-a4e5-a83d7e259df1@group-3519A994148A-FollowerState
2021-10-08 06:50:23,320 [922385f1-e84a-4e93-a4e5-a83d7e259df1@group-3519A994148A-FollowerState] INFO  server.RaftServer$Division (RaftServerImpl.java:setRole(285)) - 922385f1-e84a-4e93-a4e5-a83d7e259df1@group-3519A994148A: changes role from  FOLLOWER to CANDIDATE at term 0 for changeToCandidate
2021-10-08 06:50:23,322 [922385f1-e84a-4e93-a4e5-a83d7e259df1@group-3519A994148A-FollowerState] INFO  server.RaftServerConfigKeys (ConfUtils.java:logGet(44)) - raft.server.leaderelection.pre-vote = false (custom)
2021-10-08 06:50:23,322 [922385f1-e84a-4e93-a4e5-a83d7e259df1@group-3519A994148A-FollowerState] INFO  impl.RoleInfo (RoleInfo.java:updateAndGet(130)) - 922385f1-e84a-4e93-a4e5-a83d7e259df1: start 922385f1-e84a-4e93-a4e5-a83d7e259df1@group-3519A994148A-LeaderElection5
2021-10-08 06:50:23,325 [922385f1-e84a-4e93-a4e5-a83d7e259df1@group-3519A994148A-LeaderElection5] INFO  impl.LeaderElection (LeaderElection.java:askForVotes(306)) - 922385f1-e84a-4e93-a4e5-a83d7e259df1@group-3519A994148A-LeaderElection5 ELECTION round 0: submit vote requests at term 1 for -1: [922385f1-e84a-4e93-a4e5-a83d7e259df1|rpc:10.1.0.41:45879|priority:1], old=null
2021-10-08 06:50:23,325 [922385f1-e84a-4e93-a4e5-a83d7e259df1@group-3519A994148A-LeaderElection5] INFO  impl.LeaderElection (LeaderElection.java:askForVotes(308)) - 922385f1-e84a-4e93-a4e5-a83d7e259df1@group-3519A994148A-LeaderElection5 ELECTION round 0: result PASSED (term=1)
2021-10-08 06:50:23,325 [922385f1-e84a-4e93-a4e5-a83d7e259df1@group-3519A994148A-LeaderElection5] INFO  impl.RoleInfo (RoleInfo.java:shutdownLeaderElection(121)) - 922385f1-e84a-4e93-a4e5-a83d7e259df1: shutdown 922385f1-e84a-4e93-a4e5-a83d7e259df1@group-3519A994148A-LeaderElection5
2021-10-08 06:50:23,325 [922385f1-e84a-4e93-a4e5-a83d7e259df1@group-3519A994148A-LeaderElection5] INFO  server.RaftServer$Division (RaftServerImpl.java:setRole(285)) - 922385f1-e84a-4e93-a4e5-a83d7e259df1@group-3519A994148A: changes role from CANDIDATE to LEADER at term 1 for changeToLeader
2021-10-08 06:50:23,325 [922385f1-e84a-4e93-a4e5-a83d7e259df1@group-3519A994148A-LeaderElection5] INFO  ratis.XceiverServerRatis (XceiverServerRatis.java:handleLeaderChangedNotification(861)) - Leader change notification received for group: group-3519A994148A with new leaderId: 922385f1-e84a-4e93-a4e5-a83d7e259df1
2021-10-08 06:50:23,326 [Datanode State Machine Thread - 0] WARN  statemachine.StateContext (StateContext.java:execute(621)) - No available thread in pool for past 0 seconds.
2021-10-08 06:50:23,326 [922385f1-e84a-4e93-a4e5-a83d7e259df1@group-3519A994148A-LeaderElection5] INFO  server.RaftServer$Division (ServerState.java:setLeader(285)) - 922385f1-e84a-4e93-a4e5-a83d7e259df1@group-3519A994148A: change Leader from null to 922385f1-e84a-4e93-a4e5-a83d7e259df1 at term 1 for becomeLeader, leader elected after 5120ms
2021-10-08 06:50:23,326 [922385f1-e84a-4e93-a4e5-a83d7e259df1@group-3519A994148A-LeaderElection5] INFO  server.RaftServerConfigKeys (ConfUtils.java:logGet(44)) - raft.server.staging.catchup.gap = 1000 (default)
2021-10-08 06:50:23,327 [922385f1-e84a-4e93-a4e5-a83d7e259df1@group-3519A994148A-LeaderElection5] INFO  server.RaftServerConfigKeys (ConfUtils.java:logGet(44)) - raft.server.write.element-limit = 1024 (custom)
2021-10-08 06:50:23,327 [922385f1-e84a-4e93-a4e5-a83d7e259df1@group-3519A994148A-LeaderElection5] INFO  server.RaftServerConfigKeys (ConfUtils.java:logGet(44)) - raft.server.write.byte-limit = 1024 M (=1073741824) (custom)
2021-10-08 06:50:23,328 [922385f1-e84a-4e93-a4e5-a83d7e259df1@group-3519A994148A-LeaderElection5] INFO  server.RaftServerConfigKeys (ConfUtils.java:logGet(44)) - raft.server.watch.timeout = 10000ms (default)
2021-10-08 06:50:23,328 [922385f1-e84a-4e93-a4e5-a83d7e259df1@group-3519A994148A-LeaderElection5] INFO  server.RaftServerConfigKeys (ConfUtils.java:logGet(44)) - raft.server.watch.timeout.denomination = 1s (default)
2021-10-08 06:50:23,328 [922385f1-e84a-4e93-a4e5-a83d7e259df1@group-3519A994148A-LeaderElection5] INFO  server.RaftServerConfigKeys (ConfUtils.java:logGet(44)) - raft.server.watch.element-limit = 65536 (default)
2021-10-08 06:50:23,328 [922385f1-e84a-4e93-a4e5-a83d7e259df1@group-3519A994148A-LeaderElection5] INFO  impl.RoleInfo (RoleInfo.java:updateAndGet(130)) - 922385f1-e84a-4e93-a4e5-a83d7e259df1: start 922385f1-e84a-4e93-a4e5-a83d7e259df1@group-3519A994148A-LeaderStateImpl
2021-10-08 06:50:23,328 [922385f1-e84a-4e93-a4e5-a83d7e259df1@group-3519A994148A-LeaderElection5] INFO  segmented.SegmentedRaftLogWorker (SegmentedRaftLogWorker.java:startLogSegment(394)) - 922385f1-e84a-4e93-a4e5-a83d7e259df1@group-3519A994148A-SegmentedRaftLogWorker: Starting segment from index:0
2021-10-08 06:50:23,330 [EventQueue-OpenPipelineForHealthyPipelineSafeModeRule] INFO  safemode.SCMSafeModeManager (HealthyPipelineSafeModeRule.java:process(124)) - SCM in safe mode. Healthy pipelines reported count is 0, required healthy pipeline reported count is 1
2021-10-08 06:50:23,330 [922385f1-e84a-4e93-a4e5-a83d7e259df1@group-3519A994148A-SegmentedRaftLogWorker] INFO  segmented.SegmentedRaftLogWorker (SegmentedRaftLogWorker.java:execute(601)) - 922385f1-e84a-4e93-a4e5-a83d7e259df1@group-3519A994148A-SegmentedRaftLogWorker: created new log segment /home/runner/work/ozone/ozone/hadoop-ozone/integration-test/target/test-dir/MiniOzoneClusterImpl-22559c4f-4ba5-459a-8a40-bbe24e716d33/datanode-2/data/ratis/e51dd630-eb74-44f8-aae0-3519a994148a/current/log_inprogress_0
2021-10-08 06:50:23,334 [922385f1-e84a-4e93-a4e5-a83d7e259df1@group-3519A994148A-LeaderElection5] INFO  server.RaftServer$Division (ServerState.java:setRaftConf(387)) - 922385f1-e84a-4e93-a4e5-a83d7e259df1@group-3519A994148A: set configuration 0: [922385f1-e84a-4e93-a4e5-a83d7e259df1|rpc:10.1.0.41:45879|dataStream:|priority:1], old=null
2021-10-08 06:50:23,336 [922385f1-e84a-4e93-a4e5-a83d7e259df1@group-3519A994148A-StateMachineUpdater] INFO  ratis.ContainerStateMachine (ContainerStateMachine.java:takeSnapshot(292)) - group-3519A994148A: Taking a snapshot at:(t:1, i:0) file /home/runner/work/ozone/ozone/hadoop-ozone/integration-test/target/test-dir/MiniOzoneClusterImpl-22559c4f-4ba5-459a-8a40-bbe24e716d33/datanode-2/data/ratis/e51dd630-eb74-44f8-aae0-3519a994148a/sm/snapshot.1_0
2021-10-08 06:50:23,336 [922385f1-e84a-4e93-a4e5-a83d7e259df1@group-3519A994148A-StateMachineUpdater] INFO  ratis.ContainerStateMachine (ContainerStateMachine.java:takeSnapshot(303)) - group-3519A994148A: Finished taking a snapshot at:(t:1, i:0) file:/home/runner/work/ozone/ozone/hadoop-ozone/integration-test/target/test-dir/MiniOzoneClusterImpl-22559c4f-4ba5-459a-8a40-bbe24e716d33/datanode-2/data/ratis/e51dd630-eb74-44f8-aae0-3519a994148a/sm/snapshot.1_0 took: 1 ms
2021-10-08 06:50:23,337 [922385f1-e84a-4e93-a4e5-a83d7e259df1@group-3519A994148A-StateMachineUpdater] INFO  impl.StateMachineUpdater (StateMachineUpdater.java:takeSnapshot(281)) - 922385f1-e84a-4e93-a4e5-a83d7e259df1@group-3519A994148A-StateMachineUpdater: Took a snapshot at index 0
2021-10-08 06:50:23,337 [922385f1-e84a-4e93-a4e5-a83d7e259df1@group-3519A994148A-StateMachineUpdater] INFO  impl.StateMachineUpdater (StateMachineUpdater.java:lambda$new$0(89)) - 922385f1-e84a-4e93-a4e5-a83d7e259df1@group-3519A994148A-StateMachineUpdater: snapshotIndex: updateIncreasingly -1 -> 0
2021-10-08 06:50:23,339 [EventQueue-OpenPipelineForHealthyPipelineSafeModeRule] INFO  safemode.SCMSafeModeManager (HealthyPipelineSafeModeRule.java:process(124)) - SCM in safe mode. Healthy pipelines reported count is 0, required healthy pipeline reported count is 1
2021-10-08 06:50:23,377 [EventQueue-OpenPipelineForHealthyPipelineSafeModeRule] INFO  safemode.SCMSafeModeManager (HealthyPipelineSafeModeRule.java:process(124)) - SCM in safe mode. Healthy pipelines reported count is 0, required healthy pipeline reported count is 1
2021-10-08 06:50:23,428 [EventQueue-OpenPipelineForHealthyPipelineSafeModeRule] INFO  safemode.SCMSafeModeManager (HealthyPipelineSafeModeRule.java:process(124)) - SCM in safe mode. Healthy pipelines reported count is 0, required healthy pipeline reported count is 1
2021-10-08 06:50:23,435 [EventQueue-OpenPipelineForHealthyPipelineSafeModeRule] INFO  safemode.SCMSafeModeManager (HealthyPipelineSafeModeRule.java:process(124)) - SCM in safe mode. Healthy pipelines reported count is 0, required healthy pipeline reported count is 1
2021-10-08 06:50:23,464 [EventQueue-OpenPipelineForHealthyPipelineSafeModeRule] INFO  safemode.SCMSafeModeManager (HealthyPipelineSafeModeRule.java:process(124)) - SCM in safe mode. Healthy pipelines reported count is 0, required healthy pipeline reported count is 1
2021-10-08 06:50:23,471 [EventQueue-OpenPipelineForHealthyPipelineSafeModeRule] INFO  safemode.SCMSafeModeManager (HealthyPipelineSafeModeRule.java:process(124)) - SCM in safe mode. Healthy pipelines reported count is 0, required healthy pipeline reported count is 1
2021-10-08 06:50:23,498 [7c56b051-e741-4b88-a800-6437d7fa75cc@group-29E25E99802C-FollowerState] INFO  impl.FollowerState (FollowerState.java:run(134)) - 7c56b051-e741-4b88-a800-6437d7fa75cc@group-29E25E99802C-FollowerState: change to CANDIDATE, lastRpcElapsedTime:5058662953ns, electionTimeout:5057ms
2021-10-08 06:50:23,498 [7c56b051-e741-4b88-a800-6437d7fa75cc@group-29E25E99802C-FollowerState] INFO  impl.RoleInfo (RoleInfo.java:shutdownFollowerState(108)) - 7c56b051-e741-4b88-a800-6437d7fa75cc: shutdown 7c56b051-e741-4b88-a800-6437d7fa75cc@group-29E25E99802C-FollowerState
2021-10-08 06:50:23,498 [7c56b051-e741-4b88-a800-6437d7fa75cc@group-29E25E99802C-FollowerState] INFO  server.RaftServer$Division (RaftServerImpl.java:setRole(285)) - 7c56b051-e741-4b88-a800-6437d7fa75cc@group-29E25E99802C: changes role from  FOLLOWER to CANDIDATE at term 0 for changeToCandidate
2021-10-08 06:50:23,498 [7c56b051-e741-4b88-a800-6437d7fa75cc@group-29E25E99802C-FollowerState] INFO  server.RaftServerConfigKeys (ConfUtils.java:logGet(44)) - raft.server.leaderelection.pre-vote = false (custom)
2021-10-08 06:50:23,498 [7c56b051-e741-4b88-a800-6437d7fa75cc@group-29E25E99802C-FollowerState] INFO  impl.RoleInfo (RoleInfo.java:updateAndGet(130)) - 7c56b051-e741-4b88-a800-6437d7fa75cc: start 7c56b051-e741-4b88-a800-6437d7fa75cc@group-29E25E99802C-LeaderElection6
2021-10-08 06:50:23,505 [7c56b051-e741-4b88-a800-6437d7fa75cc@group-29E25E99802C-LeaderElection6] INFO  impl.LeaderElection (LeaderElection.java:askForVotes(306)) - 7c56b051-e741-4b88-a800-6437d7fa75cc@group-29E25E99802C-LeaderElection6 ELECTION round 0: submit vote requests at term 1 for -1: [f72599f1-e0cc-40f9-85fa-72f8008a2fb9|rpc:10.1.0.41:45769|priority:0, 7c56b051-e741-4b88-a800-6437d7fa75cc|rpc:10.1.0.41:42627|priority:0, 922385f1-e84a-4e93-a4e5-a83d7e259df1|rpc:10.1.0.41:45879|priority:1], old=null
2021-10-08 06:50:23,516 [grpc-default-executor-0] INFO  server.RaftServer$Division (RaftServerImpl.java:requestVote(1043)) - 922385f1-e84a-4e93-a4e5-a83d7e259df1@group-29E25E99802C: receive requestVote(ELECTION, 7c56b051-e741-4b88-a800-6437d7fa75cc, group-29E25E99802C, 1, (t:0, i:0))
2021-10-08 06:50:23,516 [grpc-default-executor-0] INFO  impl.VoteContext (VoteContext.java:log(48)) - 922385f1-e84a-4e93-a4e5-a83d7e259df1@group-29E25E99802C-FOLLOWER: reject ELECTION from 7c56b051-e741-4b88-a800-6437d7fa75cc: our priority 1 > candidate's priority 0
2021-10-08 06:50:23,516 [grpc-default-executor-0] INFO  server.RaftServer$Division (RaftServerImpl.java:setRole(285)) - 922385f1-e84a-4e93-a4e5-a83d7e259df1@group-29E25E99802C: changes role from  FOLLOWER to FOLLOWER at term 1 for candidate:7c56b051-e741-4b88-a800-6437d7fa75cc
2021-10-08 06:50:23,516 [grpc-default-executor-0] INFO  impl.RoleInfo (RoleInfo.java:shutdownFollowerState(108)) - 922385f1-e84a-4e93-a4e5-a83d7e259df1: shutdown 922385f1-e84a-4e93-a4e5-a83d7e259df1@group-29E25E99802C-FollowerState
2021-10-08 06:50:23,516 [grpc-default-executor-0] INFO  impl.RoleInfo (RoleInfo.java:updateAndGet(130)) - 922385f1-e84a-4e93-a4e5-a83d7e259df1: start 922385f1-e84a-4e93-a4e5-a83d7e259df1@group-29E25E99802C-FollowerState
2021-10-08 06:50:23,516 [922385f1-e84a-4e93-a4e5-a83d7e259df1@group-29E25E99802C-FollowerState] INFO  impl.FollowerState (FollowerState.java:run(143)) - 922385f1-e84a-4e93-a4e5-a83d7e259df1@group-29E25E99802C-FollowerState was interrupted: {}
java.lang.InterruptedException: sleep interrupted
	at java.lang.Thread.sleep(Native Method)
	at java.lang.Thread.sleep(Thread.java:340)
	at java.util.concurrent.TimeUnit.sleep(TimeUnit.java:386)
	at org.apache.ratis.util.TimeDuration.sleep(TimeDuration.java:324)
	at org.apache.ratis.util.TimeDuration.sleep(TimeDuration.java:309)
	at org.apache.ratis.server.impl.FollowerState.run(FollowerState.java:118)
2021-10-08 06:50:23,523 [grpc-default-executor-1] INFO  server.RaftServer$Division (RaftServerImpl.java:requestVote(1043)) - f72599f1-e0cc-40f9-85fa-72f8008a2fb9@group-29E25E99802C: receive requestVote(ELECTION, 7c56b051-e741-4b88-a800-6437d7fa75cc, group-29E25E99802C, 1, (t:0, i:0))
2021-10-08 06:50:23,523 [grpc-default-executor-1] INFO  impl.VoteContext (VoteContext.java:log(48)) - f72599f1-e0cc-40f9-85fa-72f8008a2fb9@group-29E25E99802C-FOLLOWER: accept ELECTION from 7c56b051-e741-4b88-a800-6437d7fa75cc: our priority 0 <= candidate's priority 0
2021-10-08 06:50:23,523 [grpc-default-executor-1] INFO  server.RaftServer$Division (RaftServerImpl.java:setRole(285)) - f72599f1-e0cc-40f9-85fa-72f8008a2fb9@group-29E25E99802C: changes role from  FOLLOWER to FOLLOWER at term 1 for candidate:7c56b051-e741-4b88-a800-6437d7fa75cc
2021-10-08 06:50:23,523 [grpc-default-executor-1] INFO  impl.RoleInfo (RoleInfo.java:shutdownFollowerState(108)) - f72599f1-e0cc-40f9-85fa-72f8008a2fb9: shutdown f72599f1-e0cc-40f9-85fa-72f8008a2fb9@group-29E25E99802C-FollowerState
2021-10-08 06:50:23,523 [grpc-default-executor-1] INFO  impl.RoleInfo (RoleInfo.java:updateAndGet(130)) - f72599f1-e0cc-40f9-85fa-72f8008a2fb9: start f72599f1-e0cc-40f9-85fa-72f8008a2fb9@group-29E25E99802C-FollowerState
2021-10-08 06:50:23,524 [f72599f1-e0cc-40f9-85fa-72f8008a2fb9@group-29E25E99802C-FollowerState] INFO  impl.FollowerState (FollowerState.java:run(143)) - f72599f1-e0cc-40f9-85fa-72f8008a2fb9@group-29E25E99802C-FollowerState was interrupted: {}
java.lang.InterruptedException: sleep interrupted
	at java.lang.Thread.sleep(Native Method)
	at java.lang.Thread.sleep(Thread.java:340)
	at java.util.concurrent.TimeUnit.sleep(TimeUnit.java:386)
	at org.apache.ratis.util.TimeDuration.sleep(TimeDuration.java:324)
	at org.apache.ratis.util.TimeDuration.sleep(TimeDuration.java:309)
	at org.apache.ratis.server.impl.FollowerState.run(FollowerState.java:118)
2021-10-08 06:50:23,525 [grpc-default-executor-0] INFO  server.RaftServer$Division (RaftServerImpl.java:requestVote(1075)) - 922385f1-e84a-4e93-a4e5-a83d7e259df1@group-29E25E99802C replies to ELECTION vote request: 7c56b051-e741-4b88-a800-6437d7fa75cc<-922385f1-e84a-4e93-a4e5-a83d7e259df1#0:FAIL-t1. Peer's state: 922385f1-e84a-4e93-a4e5-a83d7e259df1@group-29E25E99802C:t1, leader=null, voted=null, raftlog=922385f1-e84a-4e93-a4e5-a83d7e259df1@group-29E25E99802C-SegmentedRaftLog:OPENED:c-1,f-1,i0, conf=-1: [f72599f1-e0cc-40f9-85fa-72f8008a2fb9|rpc:10.1.0.41:45769|priority:0, 7c56b051-e741-4b88-a800-6437d7fa75cc|rpc:10.1.0.41:42627|priority:0, 922385f1-e84a-4e93-a4e5-a83d7e259df1|rpc:10.1.0.41:45879|priority:1], old=null
2021-10-08 06:50:23,527 [grpc-default-executor-1] INFO  server.RaftServer$Division (RaftServerImpl.java:requestVote(1075)) - f72599f1-e0cc-40f9-85fa-72f8008a2fb9@group-29E25E99802C replies to ELECTION vote request: 7c56b051-e741-4b88-a800-6437d7fa75cc<-f72599f1-e0cc-40f9-85fa-72f8008a2fb9#0:OK-t1. Peer's state: f72599f1-e0cc-40f9-85fa-72f8008a2fb9@group-29E25E99802C:t1, leader=null, voted=7c56b051-e741-4b88-a800-6437d7fa75cc, raftlog=f72599f1-e0cc-40f9-85fa-72f8008a2fb9@group-29E25E99802C-SegmentedRaftLog:OPENED:c-1,f-1,i0, conf=-1: [f72599f1-e0cc-40f9-85fa-72f8008a2fb9|rpc:10.1.0.41:45769|priority:0, 7c56b051-e741-4b88-a800-6437d7fa75cc|rpc:10.1.0.41:42627|priority:0, 922385f1-e84a-4e93-a4e5-a83d7e259df1|rpc:10.1.0.41:45879|priority:1], old=null
2021-10-08 06:50:23,529 [EventQueue-OpenPipelineForHealthyPipelineSafeModeRule] INFO  safemode.SCMSafeModeManager (HealthyPipelineSafeModeRule.java:process(124)) - SCM in safe mode. Healthy pipelines reported count is 0, required healthy pipeline reported count is 1
2021-10-08 06:50:23,530 [7c56b051-e741-4b88-a800-6437d7fa75cc@group-29E25E99802C-LeaderElection6] INFO  impl.LeaderElection (LeaderElection.java:logAndReturn(89)) - 7c56b051-e741-4b88-a800-6437d7fa75cc@group-29E25E99802C-LeaderElection6: ELECTION REJECTED received 2 response(s) and 0 exception(s):
2021-10-08 06:50:23,531 [7c56b051-e741-4b88-a800-6437d7fa75cc@group-29E25E99802C-LeaderElection6] INFO  impl.LeaderElection (LeaderElection.java:logAndReturn(93)) -   Response 0: 7c56b051-e741-4b88-a800-6437d7fa75cc<-f72599f1-e0cc-40f9-85fa-72f8008a2fb9#0:OK-t1
2021-10-08 06:50:23,531 [7c56b051-e741-4b88-a800-6437d7fa75cc@group-29E25E99802C-LeaderElection6] INFO  impl.LeaderElection (LeaderElection.java:logAndReturn(93)) -   Response 1: 7c56b051-e741-4b88-a800-6437d7fa75cc<-922385f1-e84a-4e93-a4e5-a83d7e259df1#0:FAIL-t1
2021-10-08 06:50:23,531 [7c56b051-e741-4b88-a800-6437d7fa75cc@group-29E25E99802C-LeaderElection6] INFO  impl.LeaderElection (LeaderElection.java:askForVotes(308)) - 7c56b051-e741-4b88-a800-6437d7fa75cc@group-29E25E99802C-LeaderElection6 ELECTION round 0: result REJECTED
2021-10-08 06:50:23,531 [7c56b051-e741-4b88-a800-6437d7fa75cc@group-29E25E99802C-LeaderElection6] INFO  server.RaftServer$Division (RaftServerImpl.java:setRole(285)) - 7c56b051-e741-4b88-a800-6437d7fa75cc@group-29E25E99802C: changes role from CANDIDATE to FOLLOWER at term 1 for REJECTED
2021-10-08 06:50:23,531 [7c56b051-e741-4b88-a800-6437d7fa75cc@group-29E25E99802C-LeaderElection6] INFO  impl.RoleInfo (RoleInfo.java:shutdownLeaderElection(121)) - 7c56b051-e741-4b88-a800-6437d7fa75cc: shutdown 7c56b051-e741-4b88-a800-6437d7fa75cc@group-29E25E99802C-LeaderElection6
2021-10-08 06:50:23,531 [7c56b051-e741-4b88-a800-6437d7fa75cc@group-29E25E99802C-LeaderElection6] INFO  impl.RoleInfo (RoleInfo.java:updateAndGet(130)) - 7c56b051-e741-4b88-a800-6437d7fa75cc: start 7c56b051-e741-4b88-a800-6437d7fa75cc@group-29E25E99802C-FollowerState
2021-10-08 06:50:23,570 [EventQueue-OpenPipelineForHealthyPipelineSafeModeRule] INFO  safemode.SCMSafeModeManager (HealthyPipelineSafeModeRule.java:process(124)) - SCM in safe mode. Healthy pipelines reported count is 0, required healthy pipeline reported count is 1
2021-10-08 06:50:23,628 [EventQueue-OpenPipelineForHealthyPipelineSafeModeRule] INFO  safemode.SCMSafeModeManager (HealthyPipelineSafeModeRule.java:process(124)) - SCM in safe mode. Healthy pipelines reported count is 0, required healthy pipeline reported count is 1
2021-10-08 06:50:23,635 [EventQueue-OpenPipelineForHealthyPipelineSafeModeRule] INFO  safemode.SCMSafeModeManager (HealthyPipelineSafeModeRule.java:process(124)) - SCM in safe mode. Healthy pipelines reported count is 0, required healthy pipeline reported count is 1
2021-10-08 06:50:23,654 [1889d587-8326-4b26-910d-bf0ca9430b50@group-B284AAB7A57B-FollowerState] INFO  impl.FollowerState (FollowerState.java:run(134)) - 1889d587-8326-4b26-910d-bf0ca9430b50@group-B284AAB7A57B-FollowerState: change to CANDIDATE, lastRpcElapsedTime:5159215218ns, electionTimeout:5151ms
2021-10-08 06:50:23,654 [1889d587-8326-4b26-910d-bf0ca9430b50@group-B284AAB7A57B-FollowerState] INFO  impl.RoleInfo (RoleInfo.java:shutdownFollowerState(108)) - 1889d587-8326-4b26-910d-bf0ca9430b50: shutdown 1889d587-8326-4b26-910d-bf0ca9430b50@group-B284AAB7A57B-FollowerState
2021-10-08 06:50:23,655 [1889d587-8326-4b26-910d-bf0ca9430b50@group-B284AAB7A57B-FollowerState] INFO  server.RaftServer$Division (RaftServerImpl.java:setRole(285)) - 1889d587-8326-4b26-910d-bf0ca9430b50@group-B284AAB7A57B: changes role from  FOLLOWER to CANDIDATE at term 0 for changeToCandidate
2021-10-08 06:50:23,656 [1889d587-8326-4b26-910d-bf0ca9430b50@group-B284AAB7A57B-FollowerState] INFO  server.RaftServerConfigKeys (ConfUtils.java:logGet(44)) - raft.server.leaderelection.pre-vote = false (custom)
2021-10-08 06:50:23,656 [1889d587-8326-4b26-910d-bf0ca9430b50@group-B284AAB7A57B-FollowerState] INFO  impl.RoleInfo (RoleInfo.java:updateAndGet(130)) - 1889d587-8326-4b26-910d-bf0ca9430b50: start 1889d587-8326-4b26-910d-bf0ca9430b50@group-B284AAB7A57B-LeaderElection7
2021-10-08 06:50:23,659 [1889d587-8326-4b26-910d-bf0ca9430b50@group-B284AAB7A57B-LeaderElection7] INFO  impl.LeaderElection (LeaderElection.java:askForVotes(306)) - 1889d587-8326-4b26-910d-bf0ca9430b50@group-B284AAB7A57B-LeaderElection7 ELECTION round 0: submit vote requests at term 1 for -1: [1889d587-8326-4b26-910d-bf0ca9430b50|rpc:10.1.0.41:43171|priority:1], old=null
2021-10-08 06:50:23,660 [1889d587-8326-4b26-910d-bf0ca9430b50@group-B284AAB7A57B-LeaderElection7] INFO  impl.LeaderElection (LeaderElection.java:askForVotes(308)) - 1889d587-8326-4b26-910d-bf0ca9430b50@group-B284AAB7A57B-LeaderElection7 ELECTION round 0: result PASSED (term=1)
2021-10-08 06:50:23,660 [1889d587-8326-4b26-910d-bf0ca9430b50@group-B284AAB7A57B-LeaderElection7] INFO  impl.RoleInfo (RoleInfo.java:shutdownLeaderElection(121)) - 1889d587-8326-4b26-910d-bf0ca9430b50: shutdown 1889d587-8326-4b26-910d-bf0ca9430b50@group-B284AAB7A57B-LeaderElection7
2021-10-08 06:50:23,660 [1889d587-8326-4b26-910d-bf0ca9430b50@group-B284AAB7A57B-LeaderElection7] INFO  server.RaftServer$Division (RaftServerImpl.java:setRole(285)) - 1889d587-8326-4b26-910d-bf0ca9430b50@group-B284AAB7A57B: changes role from CANDIDATE to LEADER at term 1 for changeToLeader
2021-10-08 06:50:23,660 [1889d587-8326-4b26-910d-bf0ca9430b50@group-B284AAB7A57B-LeaderElection7] INFO  ratis.XceiverServerRatis (XceiverServerRatis.java:handleLeaderChangedNotification(861)) - Leader change notification received for group: group-B284AAB7A57B with new leaderId: 1889d587-8326-4b26-910d-bf0ca9430b50
2021-10-08 06:50:23,660 [1889d587-8326-4b26-910d-bf0ca9430b50@group-B284AAB7A57B-LeaderElection7] INFO  server.RaftServer$Division (ServerState.java:setLeader(285)) - 1889d587-8326-4b26-910d-bf0ca9430b50@group-B284AAB7A57B: change Leader from null to 1889d587-8326-4b26-910d-bf0ca9430b50 at term 1 for becomeLeader, leader elected after 5212ms
2021-10-08 06:50:23,660 [1889d587-8326-4b26-910d-bf0ca9430b50@group-B284AAB7A57B-LeaderElection7] INFO  server.RaftServerConfigKeys (ConfUtils.java:logGet(44)) - raft.server.staging.catchup.gap = 1000 (default)
2021-10-08 06:50:23,660 [Datanode State Machine Thread - 0] WARN  statemachine.StateContext (StateContext.java:execute(621)) - No available thread in pool for past 0 seconds.
2021-10-08 06:50:23,660 [1889d587-8326-4b26-910d-bf0ca9430b50@group-B284AAB7A57B-LeaderElection7] INFO  server.RaftServerConfigKeys (ConfUtils.java:logGet(44)) - raft.server.write.element-limit = 1024 (custom)
2021-10-08 06:50:23,661 [1889d587-8326-4b26-910d-bf0ca9430b50@group-B284AAB7A57B-LeaderElection7] INFO  server.RaftServerConfigKeys (ConfUtils.java:logGet(44)) - raft.server.write.byte-limit = 1024 M (=1073741824) (custom)
2021-10-08 06:50:23,661 [1889d587-8326-4b26-910d-bf0ca9430b50@group-B284AAB7A57B-LeaderElection7] INFO  server.RaftServerConfigKeys (ConfUtils.java:logGet(44)) - raft.server.watch.timeout = 10000ms (default)
2021-10-08 06:50:23,662 [EventQueue-OpenPipelineForHealthyPipelineSafeModeRule] INFO  safemode.SCMSafeModeManager (HealthyPipelineSafeModeRule.java:process(124)) - SCM in safe mode. Healthy pipelines reported count is 0, required healthy pipeline reported count is 1
2021-10-08 06:50:23,662 [1889d587-8326-4b26-910d-bf0ca9430b50@group-B284AAB7A57B-LeaderElection7] INFO  server.RaftServerConfigKeys (ConfUtils.java:logGet(44)) - raft.server.watch.timeout.denomination = 1s (default)
2021-10-08 06:50:23,662 [1889d587-8326-4b26-910d-bf0ca9430b50@group-B284AAB7A57B-LeaderElection7] INFO  server.RaftServerConfigKeys (ConfUtils.java:logGet(44)) - raft.server.watch.element-limit = 65536 (default)
2021-10-08 06:50:23,662 [1889d587-8326-4b26-910d-bf0ca9430b50@group-B284AAB7A57B-LeaderElection7] INFO  impl.RoleInfo (RoleInfo.java:updateAndGet(130)) - 1889d587-8326-4b26-910d-bf0ca9430b50: start 1889d587-8326-4b26-910d-bf0ca9430b50@group-B284AAB7A57B-LeaderStateImpl
2021-10-08 06:50:23,663 [1889d587-8326-4b26-910d-bf0ca9430b50@group-B284AAB7A57B-LeaderElection7] INFO  segmented.SegmentedRaftLogWorker (SegmentedRaftLogWorker.java:startLogSegment(394)) - 1889d587-8326-4b26-910d-bf0ca9430b50@group-B284AAB7A57B-SegmentedRaftLogWorker: Starting segment from index:0
2021-10-08 06:50:23,665 [1889d587-8326-4b26-910d-bf0ca9430b50@group-B284AAB7A57B-SegmentedRaftLogWorker] INFO  segmented.SegmentedRaftLogWorker (SegmentedRaftLogWorker.java:execute(601)) - 1889d587-8326-4b26-910d-bf0ca9430b50@group-B284AAB7A57B-SegmentedRaftLogWorker: created new log segment /home/runner/work/ozone/ozone/hadoop-ozone/integration-test/target/test-dir/MiniOzoneClusterImpl-22559c4f-4ba5-459a-8a40-bbe24e716d33/datanode-3/data/ratis/bec87a6d-6eff-4196-815a-b284aab7a57b/current/log_inprogress_0
2021-10-08 06:50:23,665 [1889d587-8326-4b26-910d-bf0ca9430b50@group-B284AAB7A57B-LeaderElection7] INFO  server.RaftServer$Division (ServerState.java:setRaftConf(387)) - 1889d587-8326-4b26-910d-bf0ca9430b50@group-B284AAB7A57B: set configuration 0: [1889d587-8326-4b26-910d-bf0ca9430b50|rpc:10.1.0.41:43171|dataStream:|priority:1], old=null
2021-10-08 06:50:23,667 [EventQueue-OpenPipelineForHealthyPipelineSafeModeRule] INFO  safemode.SCMSafeModeManager (HealthyPipelineSafeModeRule.java:process(124)) - SCM in safe mode. Healthy pipelines reported count is 0, required healthy pipeline reported count is 1
2021-10-08 06:50:23,671 [1889d587-8326-4b26-910d-bf0ca9430b50@group-B284AAB7A57B-StateMachineUpdater] INFO  ratis.ContainerStateMachine (ContainerStateMachine.java:takeSnapshot(292)) - group-B284AAB7A57B: Taking a snapshot at:(t:1, i:0) file /home/runner/work/ozone/ozone/hadoop-ozone/integration-test/target/test-dir/MiniOzoneClusterImpl-22559c4f-4ba5-459a-8a40-bbe24e716d33/datanode-3/data/ratis/bec87a6d-6eff-4196-815a-b284aab7a57b/sm/snapshot.1_0
2021-10-08 06:50:23,672 [1889d587-8326-4b26-910d-bf0ca9430b50@group-B284AAB7A57B-StateMachineUpdater] INFO  ratis.ContainerStateMachine (ContainerStateMachine.java:takeSnapshot(303)) - group-B284AAB7A57B: Finished taking a snapshot at:(t:1, i:0) file:/home/runner/work/ozone/ozone/hadoop-ozone/integration-test/target/test-dir/MiniOzoneClusterImpl-22559c4f-4ba5-459a-8a40-bbe24e716d33/datanode-3/data/ratis/bec87a6d-6eff-4196-815a-b284aab7a57b/sm/snapshot.1_0 took: 0 ms
2021-10-08 06:50:23,672 [1889d587-8326-4b26-910d-bf0ca9430b50@group-B284AAB7A57B-StateMachineUpdater] INFO  impl.StateMachineUpdater (StateMachineUpdater.java:takeSnapshot(281)) - 1889d587-8326-4b26-910d-bf0ca9430b50@group-B284AAB7A57B-StateMachineUpdater: Took a snapshot at index 0
2021-10-08 06:50:23,673 [1889d587-8326-4b26-910d-bf0ca9430b50@group-B284AAB7A57B-StateMachineUpdater] INFO  impl.StateMachineUpdater (StateMachineUpdater.java:lambda$new$0(89)) - 1889d587-8326-4b26-910d-bf0ca9430b50@group-B284AAB7A57B-StateMachineUpdater: snapshotIndex: updateIncreasingly -1 -> 0
2021-10-08 06:50:23,698 [EventQueue-OpenPipelineForHealthyPipelineSafeModeRule] INFO  safemode.SCMSafeModeManager (HealthyPipelineSafeModeRule.java:process(124)) - SCM in safe mode. Healthy pipelines reported count is 0, required healthy pipeline reported count is 1
2021-10-08 06:50:23,700 [1889d587-8326-4b26-910d-bf0ca9430b50@group-6D803728E873-FollowerState] INFO  impl.FollowerState (FollowerState.java:run(134)) - 1889d587-8326-4b26-910d-bf0ca9430b50@group-6D803728E873-FollowerState: change to CANDIDATE, lastRpcElapsedTime:5134021384ns, electionTimeout:5133ms
2021-10-08 06:50:23,700 [1889d587-8326-4b26-910d-bf0ca9430b50@group-6D803728E873-FollowerState] INFO  impl.RoleInfo (RoleInfo.java:shutdownFollowerState(108)) - 1889d587-8326-4b26-910d-bf0ca9430b50: shutdown 1889d587-8326-4b26-910d-bf0ca9430b50@group-6D803728E873-FollowerState
2021-10-08 06:50:23,701 [1889d587-8326-4b26-910d-bf0ca9430b50@group-6D803728E873-FollowerState] INFO  server.RaftServer$Division (RaftServerImpl.java:setRole(285)) - 1889d587-8326-4b26-910d-bf0ca9430b50@group-6D803728E873: changes role from  FOLLOWER to CANDIDATE at term 0 for changeToCandidate
2021-10-08 06:50:23,701 [1889d587-8326-4b26-910d-bf0ca9430b50@group-6D803728E873-FollowerState] INFO  server.RaftServerConfigKeys (ConfUtils.java:logGet(44)) - raft.server.leaderelection.pre-vote = false (custom)
2021-10-08 06:50:23,701 [1889d587-8326-4b26-910d-bf0ca9430b50@group-6D803728E873-FollowerState] INFO  impl.RoleInfo (RoleInfo.java:updateAndGet(130)) - 1889d587-8326-4b26-910d-bf0ca9430b50: start 1889d587-8326-4b26-910d-bf0ca9430b50@group-6D803728E873-LeaderElection8
2021-10-08 06:50:23,705 [1889d587-8326-4b26-910d-bf0ca9430b50@group-6D803728E873-LeaderElection8] INFO  impl.LeaderElection (LeaderElection.java:askForVotes(306)) - 1889d587-8326-4b26-910d-bf0ca9430b50@group-6D803728E873-LeaderElection8 ELECTION round 0: submit vote requests at term 1 for -1: [755fa3d2-afbb-4da0-b7d5-3f8cca48efc0|rpc:10.1.0.41:41275|priority:1, 1889d587-8326-4b26-910d-bf0ca9430b50|rpc:10.1.0.41:43171|priority:0, 261209be-28ef-4355-9139-e0c9130c0917|rpc:10.1.0.41:46475|priority:0], old=null
2021-10-08 06:50:23,712 [755fa3d2-afbb-4da0-b7d5-3f8cca48efc0@group-6D803728E873-FollowerState] INFO  impl.FollowerState (FollowerState.java:run(134)) - 755fa3d2-afbb-4da0-b7d5-3f8cca48efc0@group-6D803728E873-FollowerState: change to CANDIDATE, lastRpcElapsedTime:5052704132ns, electionTimeout:5050ms
2021-10-08 06:50:23,713 [755fa3d2-afbb-4da0-b7d5-3f8cca48efc0@group-6D803728E873-FollowerState] INFO  impl.RoleInfo (RoleInfo.java:shutdownFollowerState(108)) - 755fa3d2-afbb-4da0-b7d5-3f8cca48efc0: shutdown 755fa3d2-afbb-4da0-b7d5-3f8cca48efc0@group-6D803728E873-FollowerState
2021-10-08 06:50:23,713 [755fa3d2-afbb-4da0-b7d5-3f8cca48efc0@group-6D803728E873-FollowerState] INFO  server.RaftServer$Division (RaftServerImpl.java:setRole(285)) - 755fa3d2-afbb-4da0-b7d5-3f8cca48efc0@group-6D803728E873: changes role from  FOLLOWER to CANDIDATE at term 0 for changeToCandidate
2021-10-08 06:50:23,716 [755fa3d2-afbb-4da0-b7d5-3f8cca48efc0@group-6D803728E873-FollowerState] INFO  server.RaftServerConfigKeys (ConfUtils.java:logGet(44)) - raft.server.leaderelection.pre-vote = false (custom)
2021-10-08 06:50:23,716 [755fa3d2-afbb-4da0-b7d5-3f8cca48efc0@group-6D803728E873-FollowerState] INFO  impl.RoleInfo (RoleInfo.java:updateAndGet(130)) - 755fa3d2-afbb-4da0-b7d5-3f8cca48efc0: start 755fa3d2-afbb-4da0-b7d5-3f8cca48efc0@group-6D803728E873-LeaderElection9
2021-10-08 06:50:23,728 [EventQueue-OpenPipelineForHealthyPipelineSafeModeRule] INFO  safemode.SCMSafeModeManager (HealthyPipelineSafeModeRule.java:process(124)) - SCM in safe mode. Healthy pipelines reported count is 0, required healthy pipeline reported count is 1
2021-10-08 06:50:23,738 [grpc-default-executor-1] INFO  server.RaftServer$Division (RaftServerImpl.java:requestVote(1043)) - 261209be-28ef-4355-9139-e0c9130c0917@group-6D803728E873: receive requestVote(ELECTION, 1889d587-8326-4b26-910d-bf0ca9430b50, group-6D803728E873, 1, (t:0, i:0))
2021-10-08 06:50:23,738 [755fa3d2-afbb-4da0-b7d5-3f8cca48efc0@group-6D803728E873-LeaderElection9] INFO  impl.LeaderElection (LeaderElection.java:askForVotes(306)) - 755fa3d2-afbb-4da0-b7d5-3f8cca48efc0@group-6D803728E873-LeaderElection9 ELECTION round 0: submit vote requests at term 1 for -1: [755fa3d2-afbb-4da0-b7d5-3f8cca48efc0|rpc:10.1.0.41:41275|dataStream:|priority:1, 1889d587-8326-4b26-910d-bf0ca9430b50|rpc:10.1.0.41:43171|dataStream:|priority:0, 261209be-28ef-4355-9139-e0c9130c0917|rpc:10.1.0.41:46475|dataStream:|priority:0], old=null
2021-10-08 06:50:23,738 [grpc-default-executor-1] INFO  impl.VoteContext (VoteContext.java:log(48)) - 261209be-28ef-4355-9139-e0c9130c0917@group-6D803728E873-FOLLOWER: accept ELECTION from 1889d587-8326-4b26-910d-bf0ca9430b50: our priority 0 <= candidate's priority 0
2021-10-08 06:50:23,738 [grpc-default-executor-0] INFO  server.RaftServer$Division (RaftServerImpl.java:requestVote(1043)) - 755fa3d2-afbb-4da0-b7d5-3f8cca48efc0@group-6D803728E873: receive requestVote(ELECTION, 1889d587-8326-4b26-910d-bf0ca9430b50, group-6D803728E873, 1, (t:0, i:0))
2021-10-08 06:50:23,741 [grpc-default-executor-0] INFO  impl.VoteContext (VoteContext.java:log(48)) - 755fa3d2-afbb-4da0-b7d5-3f8cca48efc0@group-6D803728E873-CANDIDATE: reject ELECTION from 1889d587-8326-4b26-910d-bf0ca9430b50: already has voted for 755fa3d2-afbb-4da0-b7d5-3f8cca48efc0 at current term 1
2021-10-08 06:50:23,741 [grpc-default-executor-0] INFO  server.RaftServer$Division (RaftServerImpl.java:requestVote(1075)) - 755fa3d2-afbb-4da0-b7d5-3f8cca48efc0@group-6D803728E873 replies to ELECTION vote request: 1889d587-8326-4b26-910d-bf0ca9430b50<-755fa3d2-afbb-4da0-b7d5-3f8cca48efc0#0:FAIL-t1. Peer's state: 755fa3d2-afbb-4da0-b7d5-3f8cca48efc0@group-6D803728E873:t1, leader=null, voted=755fa3d2-afbb-4da0-b7d5-3f8cca48efc0, raftlog=755fa3d2-afbb-4da0-b7d5-3f8cca48efc0@group-6D803728E873-SegmentedRaftLog:OPENED:c-1,f-1,i0, conf=-1: [755fa3d2-afbb-4da0-b7d5-3f8cca48efc0|rpc:10.1.0.41:41275|dataStream:|priority:1, 1889d587-8326-4b26-910d-bf0ca9430b50|rpc:10.1.0.41:43171|dataStream:|priority:0, 261209be-28ef-4355-9139-e0c9130c0917|rpc:10.1.0.41:46475|dataStream:|priority:0], old=null
2021-10-08 06:50:23,738 [grpc-default-executor-1] INFO  server.RaftServer$Division (RaftServerImpl.java:setRole(285)) - 261209be-28ef-4355-9139-e0c9130c0917@group-6D803728E873: changes role from  FOLLOWER to FOLLOWER at term 1 for candidate:1889d587-8326-4b26-910d-bf0ca9430b50
2021-10-08 06:50:23,742 [grpc-default-executor-1] INFO  impl.RoleInfo (RoleInfo.java:shutdownFollowerState(108)) - 261209be-28ef-4355-9139-e0c9130c0917: shutdown 261209be-28ef-4355-9139-e0c9130c0917@group-6D803728E873-FollowerState
2021-10-08 06:50:23,742 [grpc-default-executor-1] INFO  impl.RoleInfo (RoleInfo.java:updateAndGet(130)) - 261209be-28ef-4355-9139-e0c9130c0917: start 261209be-28ef-4355-9139-e0c9130c0917@group-6D803728E873-FollowerState
2021-10-08 06:50:23,743 [EventQueue-OpenPipelineForHealthyPipelineSafeModeRule] INFO  safemode.SCMSafeModeManager (HealthyPipelineSafeModeRule.java:process(124)) - SCM in safe mode. Healthy pipelines reported count is 0, required healthy pipeline reported count is 1
2021-10-08 06:50:23,743 [261209be-28ef-4355-9139-e0c9130c0917@group-6D803728E873-FollowerState] INFO  impl.FollowerState (FollowerState.java:run(143)) - 261209be-28ef-4355-9139-e0c9130c0917@group-6D803728E873-FollowerState was interrupted: {}
java.lang.InterruptedException: sleep interrupted
	at java.lang.Thread.sleep(Native Method)
	at java.lang.Thread.sleep(Thread.java:340)
	at java.util.concurrent.TimeUnit.sleep(TimeUnit.java:386)
	at org.apache.ratis.util.TimeDuration.sleep(TimeDuration.java:324)
	at org.apache.ratis.util.TimeDuration.sleep(TimeDuration.java:309)
	at org.apache.ratis.server.impl.FollowerState.run(FollowerState.java:118)
2021-10-08 06:50:23,755 [1889d587-8326-4b26-910d-bf0ca9430b50@group-6D803728E873-LeaderElection8] INFO  impl.LeaderElection (LeaderElection.java:logAndReturn(89)) - 1889d587-8326-4b26-910d-bf0ca9430b50@group-6D803728E873-LeaderElection8: ELECTION REJECTED received 1 response(s) and 0 exception(s):
2021-10-08 06:50:23,755 [1889d587-8326-4b26-910d-bf0ca9430b50@group-6D803728E873-LeaderElection8] INFO  impl.LeaderElection (LeaderElection.java:logAndReturn(93)) -   Response 0: 1889d587-8326-4b26-910d-bf0ca9430b50<-755fa3d2-afbb-4da0-b7d5-3f8cca48efc0#0:FAIL-t1
2021-10-08 06:50:23,755 [1889d587-8326-4b26-910d-bf0ca9430b50@group-6D803728E873-LeaderElection8] INFO  impl.LeaderElection (LeaderElection.java:askForVotes(308)) - 1889d587-8326-4b26-910d-bf0ca9430b50@group-6D803728E873-LeaderElection8 ELECTION round 0: result REJECTED
2021-10-08 06:50:23,755 [1889d587-8326-4b26-910d-bf0ca9430b50@group-6D803728E873-LeaderElection8] INFO  server.RaftServer$Division (RaftServerImpl.java:setRole(285)) - 1889d587-8326-4b26-910d-bf0ca9430b50@group-6D803728E873: changes role from CANDIDATE to FOLLOWER at term 1 for REJECTED
2021-10-08 06:50:23,755 [1889d587-8326-4b26-910d-bf0ca9430b50@group-6D803728E873-LeaderElection8] INFO  impl.RoleInfo (RoleInfo.java:shutdownLeaderElection(121)) - 1889d587-8326-4b26-910d-bf0ca9430b50: shutdown 1889d587-8326-4b26-910d-bf0ca9430b50@group-6D803728E873-LeaderElection8
2021-10-08 06:50:23,755 [1889d587-8326-4b26-910d-bf0ca9430b50@group-6D803728E873-LeaderElection8] INFO  impl.RoleInfo (RoleInfo.java:updateAndGet(130)) - 1889d587-8326-4b26-910d-bf0ca9430b50: start 1889d587-8326-4b26-910d-bf0ca9430b50@group-6D803728E873-FollowerState
2021-10-08 06:50:23,757 [grpc-default-executor-1] INFO  server.RaftServer$Division (RaftServerImpl.java:requestVote(1075)) - 261209be-28ef-4355-9139-e0c9130c0917@group-6D803728E873 replies to ELECTION vote request: 1889d587-8326-4b26-910d-bf0ca9430b50<-261209be-28ef-4355-9139-e0c9130c0917#0:OK-t1. Peer's state: 261209be-28ef-4355-9139-e0c9130c0917@group-6D803728E873:t1, leader=null, voted=1889d587-8326-4b26-910d-bf0ca9430b50, raftlog=261209be-28ef-4355-9139-e0c9130c0917@group-6D803728E873-SegmentedRaftLog:OPENED:c-1,f-1,i0, conf=-1: [755fa3d2-afbb-4da0-b7d5-3f8cca48efc0|rpc:10.1.0.41:41275|priority:1, 1889d587-8326-4b26-910d-bf0ca9430b50|rpc:10.1.0.41:43171|priority:0, 261209be-28ef-4355-9139-e0c9130c0917|rpc:10.1.0.41:46475|priority:0], old=null
2021-10-08 06:50:23,759 [grpc-default-executor-0] INFO  server.RaftServer$Division (RaftServerImpl.java:requestVote(1043)) - 1889d587-8326-4b26-910d-bf0ca9430b50@group-6D803728E873: receive requestVote(ELECTION, 755fa3d2-afbb-4da0-b7d5-3f8cca48efc0, group-6D803728E873, 1, (t:0, i:0))
2021-10-08 06:50:23,759 [grpc-default-executor-0] INFO  impl.VoteContext (VoteContext.java:log(48)) - 1889d587-8326-4b26-910d-bf0ca9430b50@group-6D803728E873-FOLLOWER: reject ELECTION from 755fa3d2-afbb-4da0-b7d5-3f8cca48efc0: already has voted for 1889d587-8326-4b26-910d-bf0ca9430b50 at current term 1
2021-10-08 06:50:23,760 [grpc-default-executor-0] INFO  server.RaftServer$Division (RaftServerImpl.java:requestVote(1075)) - 1889d587-8326-4b26-910d-bf0ca9430b50@group-6D803728E873 replies to ELECTION vote request: 755fa3d2-afbb-4da0-b7d5-3f8cca48efc0<-1889d587-8326-4b26-910d-bf0ca9430b50#0:FAIL-t1. Peer's state: 1889d587-8326-4b26-910d-bf0ca9430b50@group-6D803728E873:t1, leader=null, voted=1889d587-8326-4b26-910d-bf0ca9430b50, raftlog=1889d587-8326-4b26-910d-bf0ca9430b50@group-6D803728E873-SegmentedRaftLog:OPENED:c-1,f-1,i0, conf=-1: [755fa3d2-afbb-4da0-b7d5-3f8cca48efc0|rpc:10.1.0.41:41275|priority:1, 1889d587-8326-4b26-910d-bf0ca9430b50|rpc:10.1.0.41:43171|priority:0, 261209be-28ef-4355-9139-e0c9130c0917|rpc:10.1.0.41:46475|priority:0], old=null
2021-10-08 06:50:23,766 [grpc-default-executor-2] INFO  server.RaftServer$Division (RaftServerImpl.java:requestVote(1043)) - 261209be-28ef-4355-9139-e0c9130c0917@group-6D803728E873: receive requestVote(ELECTION, 755fa3d2-afbb-4da0-b7d5-3f8cca48efc0, group-6D803728E873, 1, (t:0, i:0))
2021-10-08 06:50:23,767 [grpc-default-executor-2] INFO  impl.VoteContext (VoteContext.java:log(48)) - 261209be-28ef-4355-9139-e0c9130c0917@group-6D803728E873-FOLLOWER: reject ELECTION from 755fa3d2-afbb-4da0-b7d5-3f8cca48efc0: already has voted for 1889d587-8326-4b26-910d-bf0ca9430b50 at current term 1
2021-10-08 06:50:23,767 [grpc-default-executor-2] INFO  server.RaftServer$Division (RaftServerImpl.java:requestVote(1075)) - 261209be-28ef-4355-9139-e0c9130c0917@group-6D803728E873 replies to ELECTION vote request: 755fa3d2-afbb-4da0-b7d5-3f8cca48efc0<-261209be-28ef-4355-9139-e0c9130c0917#0:FAIL-t1. Peer's state: 261209be-28ef-4355-9139-e0c9130c0917@group-6D803728E873:t1, leader=null, voted=1889d587-8326-4b26-910d-bf0ca9430b50, raftlog=261209be-28ef-4355-9139-e0c9130c0917@group-6D803728E873-SegmentedRaftLog:OPENED:c-1,f-1,i0, conf=-1: [755fa3d2-afbb-4da0-b7d5-3f8cca48efc0|rpc:10.1.0.41:41275|priority:1, 1889d587-8326-4b26-910d-bf0ca9430b50|rpc:10.1.0.41:43171|priority:0, 261209be-28ef-4355-9139-e0c9130c0917|rpc:10.1.0.41:46475|priority:0], old=null
2021-10-08 06:50:23,777 [EventQueue-OpenPipelineForHealthyPipelineSafeModeRule] INFO  safemode.SCMSafeModeManager (HealthyPipelineSafeModeRule.java:process(124)) - SCM in safe mode. Healthy pipelines reported count is 0, required healthy pipeline reported count is 1
2021-10-08 06:50:23,779 [755fa3d2-afbb-4da0-b7d5-3f8cca48efc0@group-6D803728E873-LeaderElection9] INFO  impl.LeaderElection (LeaderElection.java:logAndReturn(89)) - 755fa3d2-afbb-4da0-b7d5-3f8cca48efc0@group-6D803728E873-LeaderElection9: ELECTION REJECTED received 2 response(s) and 0 exception(s):
2021-10-08 06:50:23,780 [755fa3d2-afbb-4da0-b7d5-3f8cca48efc0@group-6D803728E873-LeaderElection9] INFO  impl.LeaderElection (LeaderElection.java:logAndReturn(93)) -   Response 0: 755fa3d2-afbb-4da0-b7d5-3f8cca48efc0<-1889d587-8326-4b26-910d-bf0ca9430b50#0:FAIL-t1
2021-10-08 06:50:23,780 [755fa3d2-afbb-4da0-b7d5-3f8cca48efc0@group-6D803728E873-LeaderElection9] INFO  impl.LeaderElection (LeaderElection.java:logAndReturn(93)) -   Response 1: 755fa3d2-afbb-4da0-b7d5-3f8cca48efc0<-261209be-28ef-4355-9139-e0c9130c0917#0:FAIL-t1
2021-10-08 06:50:23,780 [755fa3d2-afbb-4da0-b7d5-3f8cca48efc0@group-6D803728E873-LeaderElection9] INFO  impl.LeaderElection (LeaderElection.java:askForVotes(308)) - 755fa3d2-afbb-4da0-b7d5-3f8cca48efc0@group-6D803728E873-LeaderElection9 ELECTION round 0: result REJECTED
2021-10-08 06:50:23,780 [755fa3d2-afbb-4da0-b7d5-3f8cca48efc0@group-6D803728E873-LeaderElection9] INFO  server.RaftServer$Division (RaftServerImpl.java:setRole(285)) - 755fa3d2-afbb-4da0-b7d5-3f8cca48efc0@group-6D803728E873: changes role from CANDIDATE to FOLLOWER at term 1 for REJECTED
2021-10-08 06:50:23,781 [755fa3d2-afbb-4da0-b7d5-3f8cca48efc0@group-6D803728E873-LeaderElection9] INFO  impl.RoleInfo (RoleInfo.java:shutdownLeaderElection(121)) - 755fa3d2-afbb-4da0-b7d5-3f8cca48efc0: shutdown 755fa3d2-afbb-4da0-b7d5-3f8cca48efc0@group-6D803728E873-LeaderElection9
2021-10-08 06:50:23,781 [755fa3d2-afbb-4da0-b7d5-3f8cca48efc0@group-6D803728E873-LeaderElection9] INFO  impl.RoleInfo (RoleInfo.java:updateAndGet(130)) - 755fa3d2-afbb-4da0-b7d5-3f8cca48efc0: start 755fa3d2-afbb-4da0-b7d5-3f8cca48efc0@group-6D803728E873-FollowerState
2021-10-08 06:50:23,794 [261209be-28ef-4355-9139-e0c9130c0917@group-C763380432DA-FollowerState] INFO  impl.FollowerState (FollowerState.java:run(134)) - 261209be-28ef-4355-9139-e0c9130c0917@group-C763380432DA-FollowerState: change to CANDIDATE, lastRpcElapsedTime:5106458309ns, electionTimeout:5100ms
2021-10-08 06:50:23,794 [261209be-28ef-4355-9139-e0c9130c0917@group-C763380432DA-FollowerState] INFO  impl.RoleInfo (RoleInfo.java:shutdownFollowerState(108)) - 261209be-28ef-4355-9139-e0c9130c0917: shutdown 261209be-28ef-4355-9139-e0c9130c0917@group-C763380432DA-FollowerState
2021-10-08 06:50:23,794 [261209be-28ef-4355-9139-e0c9130c0917@group-C763380432DA-FollowerState] INFO  server.RaftServer$Division (RaftServerImpl.java:setRole(285)) - 261209be-28ef-4355-9139-e0c9130c0917@group-C763380432DA: changes role from  FOLLOWER to CANDIDATE at term 0 for changeToCandidate
2021-10-08 06:50:23,795 [261209be-28ef-4355-9139-e0c9130c0917@group-C763380432DA-FollowerState] INFO  server.RaftServerConfigKeys (ConfUtils.java:logGet(44)) - raft.server.leaderelection.pre-vote = false (custom)
2021-10-08 06:50:23,795 [261209be-28ef-4355-9139-e0c9130c0917@group-C763380432DA-FollowerState] INFO  impl.RoleInfo (RoleInfo.java:updateAndGet(130)) - 261209be-28ef-4355-9139-e0c9130c0917: start 261209be-28ef-4355-9139-e0c9130c0917@group-C763380432DA-LeaderElection10
2021-10-08 06:50:23,798 [261209be-28ef-4355-9139-e0c9130c0917@group-C763380432DA-LeaderElection10] INFO  impl.LeaderElection (LeaderElection.java:askForVotes(306)) - 261209be-28ef-4355-9139-e0c9130c0917@group-C763380432DA-LeaderElection10 ELECTION round 0: submit vote requests at term 1 for -1: [261209be-28ef-4355-9139-e0c9130c0917|rpc:10.1.0.41:46475|priority:1], old=null
2021-10-08 06:50:23,798 [261209be-28ef-4355-9139-e0c9130c0917@group-C763380432DA-LeaderElection10] INFO  impl.LeaderElection (LeaderElection.java:askForVotes(308)) - 261209be-28ef-4355-9139-e0c9130c0917@group-C763380432DA-LeaderElection10 ELECTION round 0: result PASSED (term=1)
2021-10-08 06:50:23,798 [261209be-28ef-4355-9139-e0c9130c0917@group-C763380432DA-LeaderElection10] INFO  impl.RoleInfo (RoleInfo.java:shutdownLeaderElection(121)) - 261209be-28ef-4355-9139-e0c9130c0917: shutdown 261209be-28ef-4355-9139-e0c9130c0917@group-C763380432DA-LeaderElection10
2021-10-08 06:50:23,798 [261209be-28ef-4355-9139-e0c9130c0917@group-C763380432DA-LeaderElection10] INFO  server.RaftServer$Division (RaftServerImpl.java:setRole(285)) - 261209be-28ef-4355-9139-e0c9130c0917@group-C763380432DA: changes role from CANDIDATE to LEADER at term 1 for changeToLeader
2021-10-08 06:50:23,798 [261209be-28ef-4355-9139-e0c9130c0917@group-C763380432DA-LeaderElection10] INFO  ratis.XceiverServerRatis (XceiverServerRatis.java:handleLeaderChangedNotification(861)) - Leader change notification received for group: group-C763380432DA with new leaderId: 261209be-28ef-4355-9139-e0c9130c0917
2021-10-08 06:50:23,798 [261209be-28ef-4355-9139-e0c9130c0917@group-C763380432DA-LeaderElection10] INFO  server.RaftServer$Division (ServerState.java:setLeader(285)) - 261209be-28ef-4355-9139-e0c9130c0917@group-C763380432DA: change Leader from null to 261209be-28ef-4355-9139-e0c9130c0917 at term 1 for becomeLeader, leader elected after 5125ms
2021-10-08 06:50:23,798 [261209be-28ef-4355-9139-e0c9130c0917@group-C763380432DA-LeaderElection10] INFO  server.RaftServerConfigKeys (ConfUtils.java:logGet(44)) - raft.server.staging.catchup.gap = 1000 (default)
2021-10-08 06:50:23,798 [Datanode State Machine Thread - 0] WARN  statemachine.StateContext (StateContext.java:execute(621)) - No available thread in pool for past 0 seconds.
2021-10-08 06:50:23,800 [EventQueue-OpenPipelineForHealthyPipelineSafeModeRule] INFO  safemode.SCMSafeModeManager (HealthyPipelineSafeModeRule.java:process(124)) - SCM in safe mode. Healthy pipelines reported count is 0, required healthy pipeline reported count is 1
2021-10-08 06:50:23,800 [261209be-28ef-4355-9139-e0c9130c0917@group-C763380432DA-LeaderElection10] INFO  server.RaftServerConfigKeys (ConfUtils.java:logGet(44)) - raft.server.write.element-limit = 1024 (custom)
2021-10-08 06:50:23,800 [261209be-28ef-4355-9139-e0c9130c0917@group-C763380432DA-LeaderElection10] INFO  server.RaftServerConfigKeys (ConfUtils.java:logGet(44)) - raft.server.write.byte-limit = 1024 M (=1073741824) (custom)
2021-10-08 06:50:23,801 [261209be-28ef-4355-9139-e0c9130c0917@group-C763380432DA-LeaderElection10] INFO  server.RaftServerConfigKeys (ConfUtils.java:logGet(44)) - raft.server.watch.timeout = 10000ms (default)
2021-10-08 06:50:23,801 [261209be-28ef-4355-9139-e0c9130c0917@group-C763380432DA-LeaderElection10] INFO  server.RaftServerConfigKeys (ConfUtils.java:logGet(44)) - raft.server.watch.timeout.denomination = 1s (default)
2021-10-08 06:50:23,801 [261209be-28ef-4355-9139-e0c9130c0917@group-C763380432DA-LeaderElection10] INFO  server.RaftServerConfigKeys (ConfUtils.java:logGet(44)) - raft.server.watch.element-limit = 65536 (default)
2021-10-08 06:50:23,801 [261209be-28ef-4355-9139-e0c9130c0917@group-C763380432DA-LeaderElection10] INFO  impl.RoleInfo (RoleInfo.java:updateAndGet(130)) - 261209be-28ef-4355-9139-e0c9130c0917: start 261209be-28ef-4355-9139-e0c9130c0917@group-C763380432DA-LeaderStateImpl
2021-10-08 06:50:23,802 [261209be-28ef-4355-9139-e0c9130c0917@group-C763380432DA-LeaderElection10] INFO  segmented.SegmentedRaftLogWorker (SegmentedRaftLogWorker.java:startLogSegment(394)) - 261209be-28ef-4355-9139-e0c9130c0917@group-C763380432DA-SegmentedRaftLogWorker: Starting segment from index:0
2021-10-08 06:50:23,803 [261209be-28ef-4355-9139-e0c9130c0917@group-C763380432DA-SegmentedRaftLogWorker] INFO  segmented.SegmentedRaftLogWorker (SegmentedRaftLogWorker.java:execute(601)) - 261209be-28ef-4355-9139-e0c9130c0917@group-C763380432DA-SegmentedRaftLogWorker: created new log segment /home/runner/work/ozone/ozone/hadoop-ozone/integration-test/target/test-dir/MiniOzoneClusterImpl-22559c4f-4ba5-459a-8a40-bbe24e716d33/datanode-4/data/ratis/6a206204-07d6-4511-b108-c763380432da/current/log_inprogress_0
2021-10-08 06:50:23,807 [261209be-28ef-4355-9139-e0c9130c0917@group-C763380432DA-LeaderElection10] INFO  server.RaftServer$Division (ServerState.java:setRaftConf(387)) - 261209be-28ef-4355-9139-e0c9130c0917@group-C763380432DA: set configuration 0: [261209be-28ef-4355-9139-e0c9130c0917|rpc:10.1.0.41:46475|dataStream:|priority:1], old=null
2021-10-08 06:50:23,808 [261209be-28ef-4355-9139-e0c9130c0917@group-C763380432DA-StateMachineUpdater] INFO  ratis.ContainerStateMachine (ContainerStateMachine.java:takeSnapshot(292)) - group-C763380432DA: Taking a snapshot at:(t:1, i:0) file /home/runner/work/ozone/ozone/hadoop-ozone/integration-test/target/test-dir/MiniOzoneClusterImpl-22559c4f-4ba5-459a-8a40-bbe24e716d33/datanode-4/data/ratis/6a206204-07d6-4511-b108-c763380432da/sm/snapshot.1_0
2021-10-08 06:50:23,809 [261209be-28ef-4355-9139-e0c9130c0917@group-C763380432DA-StateMachineUpdater] INFO  ratis.ContainerStateMachine (ContainerStateMachine.java:takeSnapshot(303)) - group-C763380432DA: Finished taking a snapshot at:(t:1, i:0) file:/home/runner/work/ozone/ozone/hadoop-ozone/integration-test/target/test-dir/MiniOzoneClusterImpl-22559c4f-4ba5-459a-8a40-bbe24e716d33/datanode-4/data/ratis/6a206204-07d6-4511-b108-c763380432da/sm/snapshot.1_0 took: 1 ms
2021-10-08 06:50:23,809 [261209be-28ef-4355-9139-e0c9130c0917@group-C763380432DA-StateMachineUpdater] INFO  impl.StateMachineUpdater (StateMachineUpdater.java:takeSnapshot(281)) - 261209be-28ef-4355-9139-e0c9130c0917@group-C763380432DA-StateMachineUpdater: Took a snapshot at index 0
2021-10-08 06:50:23,809 [261209be-28ef-4355-9139-e0c9130c0917@group-C763380432DA-StateMachineUpdater] INFO  impl.StateMachineUpdater (StateMachineUpdater.java:lambda$new$0(89)) - 261209be-28ef-4355-9139-e0c9130c0917@group-C763380432DA-StateMachineUpdater: snapshotIndex: updateIncreasingly -1 -> 0
2021-10-08 06:50:23,862 [EventQueue-OpenPipelineForHealthyPipelineSafeModeRule] INFO  safemode.SCMSafeModeManager (HealthyPipelineSafeModeRule.java:process(124)) - SCM in safe mode. Healthy pipelines reported count is 0, required healthy pipeline reported count is 1
2021-10-08 06:50:23,873 [EventQueue-OpenPipelineForHealthyPipelineSafeModeRule] INFO  safemode.SCMSafeModeManager (HealthyPipelineSafeModeRule.java:process(124)) - SCM in safe mode. Healthy pipelines reported count is 0, required healthy pipeline reported count is 1
2021-10-08 06:50:23,897 [EventQueue-OpenPipelineForHealthyPipelineSafeModeRule] INFO  safemode.SCMSafeModeManager (HealthyPipelineSafeModeRule.java:process(124)) - SCM in safe mode. Healthy pipelines reported count is 0, required healthy pipeline reported count is 1
2021-10-08 06:50:23,907 [Listener at 127.0.0.1/41649] INFO  ozone.MiniOzoneClusterImpl (MiniOzoneClusterImpl.java:lambda$waitForClusterToBeReady$0(235)) - Nodes are ready. Got 10 of 10 DN Heartbeats.
2021-10-08 06:50:23,908 [Listener at 127.0.0.1/41649] INFO  ozone.MiniOzoneClusterImpl (MiniOzoneClusterImpl.java:lambda$waitForClusterToBeReady$0(238)) - Waiting for cluster to exit safe mode
2021-10-08 06:50:23,908 [Listener at 127.0.0.1/41649] INFO  ozone.MiniOzoneClusterImpl (MiniOzoneClusterImpl.java:lambda$waitForClusterToBeReady$0(240)) - SCM became leader
2021-10-08 06:50:23,926 [EventQueue-OpenPipelineForHealthyPipelineSafeModeRule] INFO  safemode.SCMSafeModeManager (HealthyPipelineSafeModeRule.java:process(124)) - SCM in safe mode. Healthy pipelines reported count is 0, required healthy pipeline reported count is 1
2021-10-08 06:50:23,927 [EventQueue-OpenPipelineForHealthyPipelineSafeModeRule] INFO  safemode.SCMSafeModeManager (HealthyPipelineSafeModeRule.java:process(124)) - SCM in safe mode. Healthy pipelines reported count is 0, required healthy pipeline reported count is 1
2021-10-08 06:50:23,938 [1889d587-8326-4b26-910d-bf0ca9430b50@group-C0C7C3312935-FollowerState] INFO  impl.FollowerState (FollowerState.java:run(134)) - 1889d587-8326-4b26-910d-bf0ca9430b50@group-C0C7C3312935-FollowerState: change to CANDIDATE, lastRpcElapsedTime:5102982334ns, electionTimeout:5096ms
2021-10-08 06:50:23,939 [1889d587-8326-4b26-910d-bf0ca9430b50@group-C0C7C3312935-FollowerState] INFO  impl.RoleInfo (RoleInfo.java:shutdownFollowerState(108)) - 1889d587-8326-4b26-910d-bf0ca9430b50: shutdown 1889d587-8326-4b26-910d-bf0ca9430b50@group-C0C7C3312935-FollowerState
2021-10-08 06:50:23,939 [1889d587-8326-4b26-910d-bf0ca9430b50@group-C0C7C3312935-FollowerState] INFO  server.RaftServer$Division (RaftServerImpl.java:setRole(285)) - 1889d587-8326-4b26-910d-bf0ca9430b50@group-C0C7C3312935: changes role from  FOLLOWER to CANDIDATE at term 0 for changeToCandidate
2021-10-08 06:50:23,939 [1889d587-8326-4b26-910d-bf0ca9430b50@group-C0C7C3312935-FollowerState] INFO  server.RaftServerConfigKeys (ConfUtils.java:logGet(44)) - raft.server.leaderelection.pre-vote = false (custom)
2021-10-08 06:50:23,939 [1889d587-8326-4b26-910d-bf0ca9430b50@group-C0C7C3312935-FollowerState] INFO  impl.RoleInfo (RoleInfo.java:updateAndGet(130)) - 1889d587-8326-4b26-910d-bf0ca9430b50: start 1889d587-8326-4b26-910d-bf0ca9430b50@group-C0C7C3312935-LeaderElection11
2021-10-08 06:50:23,942 [EventQueue-OpenPipelineForHealthyPipelineSafeModeRule] INFO  safemode.SCMSafeModeManager (HealthyPipelineSafeModeRule.java:process(124)) - SCM in safe mode. Healthy pipelines reported count is 0, required healthy pipeline reported count is 1
2021-10-08 06:50:23,945 [1889d587-8326-4b26-910d-bf0ca9430b50@group-C0C7C3312935-LeaderElection11] INFO  impl.LeaderElection (LeaderElection.java:askForVotes(306)) - 1889d587-8326-4b26-910d-bf0ca9430b50@group-C0C7C3312935-LeaderElection11 ELECTION round 0: submit vote requests at term 1 for -1: [755fa3d2-afbb-4da0-b7d5-3f8cca48efc0|rpc:10.1.0.41:41275|priority:0, 1889d587-8326-4b26-910d-bf0ca9430b50|rpc:10.1.0.41:43171|priority:1, 261209be-28ef-4355-9139-e0c9130c0917|rpc:10.1.0.41:46475|priority:0], old=null
2021-10-08 06:50:23,948 [grpc-default-executor-2] INFO  server.RaftServer$Division (RaftServerImpl.java:requestVote(1043)) - 755fa3d2-afbb-4da0-b7d5-3f8cca48efc0@group-C0C7C3312935: receive requestVote(ELECTION, 1889d587-8326-4b26-910d-bf0ca9430b50, group-C0C7C3312935, 1, (t:0, i:0))
2021-10-08 06:50:23,949 [grpc-default-executor-2] INFO  impl.VoteContext (VoteContext.java:log(48)) - 755fa3d2-afbb-4da0-b7d5-3f8cca48efc0@group-C0C7C3312935-FOLLOWER: accept ELECTION from 1889d587-8326-4b26-910d-bf0ca9430b50: our priority 0 <= candidate's priority 1
2021-10-08 06:50:23,949 [grpc-default-executor-2] INFO  server.RaftServer$Division (RaftServerImpl.java:setRole(285)) - 755fa3d2-afbb-4da0-b7d5-3f8cca48efc0@group-C0C7C3312935: changes role from  FOLLOWER to FOLLOWER at term 1 for candidate:1889d587-8326-4b26-910d-bf0ca9430b50
2021-10-08 06:50:23,949 [grpc-default-executor-2] INFO  impl.RoleInfo (RoleInfo.java:shutdownFollowerState(108)) - 755fa3d2-afbb-4da0-b7d5-3f8cca48efc0: shutdown 755fa3d2-afbb-4da0-b7d5-3f8cca48efc0@group-C0C7C3312935-FollowerState
2021-10-08 06:50:23,949 [grpc-default-executor-2] INFO  impl.RoleInfo (RoleInfo.java:updateAndGet(130)) - 755fa3d2-afbb-4da0-b7d5-3f8cca48efc0: start 755fa3d2-afbb-4da0-b7d5-3f8cca48efc0@group-C0C7C3312935-FollowerState
2021-10-08 06:50:23,949 [755fa3d2-afbb-4da0-b7d5-3f8cca48efc0@group-C0C7C3312935-FollowerState] INFO  impl.FollowerState (FollowerState.java:run(143)) - 755fa3d2-afbb-4da0-b7d5-3f8cca48efc0@group-C0C7C3312935-FollowerState was interrupted: {}
java.lang.InterruptedException: sleep interrupted
	at java.lang.Thread.sleep(Native Method)
	at java.lang.Thread.sleep(Thread.java:340)
	at java.util.concurrent.TimeUnit.sleep(TimeUnit.java:386)
	at org.apache.ratis.util.TimeDuration.sleep(TimeDuration.java:324)
	at org.apache.ratis.util.TimeDuration.sleep(TimeDuration.java:309)
	at org.apache.ratis.server.impl.FollowerState.run(FollowerState.java:118)
2021-10-08 06:50:23,956 [grpc-default-executor-0] INFO  server.RaftServer$Division (RaftServerImpl.java:requestVote(1043)) - 261209be-28ef-4355-9139-e0c9130c0917@group-C0C7C3312935: receive requestVote(ELECTION, 1889d587-8326-4b26-910d-bf0ca9430b50, group-C0C7C3312935, 1, (t:0, i:0))
2021-10-08 06:50:23,956 [grpc-default-executor-0] INFO  impl.VoteContext (VoteContext.java:log(48)) - 261209be-28ef-4355-9139-e0c9130c0917@group-C0C7C3312935-FOLLOWER: accept ELECTION from 1889d587-8326-4b26-910d-bf0ca9430b50: our priority 0 <= candidate's priority 1
2021-10-08 06:50:23,956 [grpc-default-executor-0] INFO  server.RaftServer$Division (RaftServerImpl.java:setRole(285)) - 261209be-28ef-4355-9139-e0c9130c0917@group-C0C7C3312935: changes role from  FOLLOWER to FOLLOWER at term 1 for candidate:1889d587-8326-4b26-910d-bf0ca9430b50
2021-10-08 06:50:23,956 [grpc-default-executor-0] INFO  impl.RoleInfo (RoleInfo.java:shutdownFollowerState(108)) - 261209be-28ef-4355-9139-e0c9130c0917: shutdown 261209be-28ef-4355-9139-e0c9130c0917@group-C0C7C3312935-FollowerState
2021-10-08 06:50:23,956 [grpc-default-executor-0] INFO  impl.RoleInfo (RoleInfo.java:updateAndGet(130)) - 261209be-28ef-4355-9139-e0c9130c0917: start 261209be-28ef-4355-9139-e0c9130c0917@group-C0C7C3312935-FollowerState
2021-10-08 06:50:23,956 [261209be-28ef-4355-9139-e0c9130c0917@group-C0C7C3312935-FollowerState] INFO  impl.FollowerState (FollowerState.java:run(143)) - 261209be-28ef-4355-9139-e0c9130c0917@group-C0C7C3312935-FollowerState was interrupted: {}
java.lang.InterruptedException: sleep interrupted
	at java.lang.Thread.sleep(Native Method)
	at java.lang.Thread.sleep(Thread.java:340)
	at java.util.concurrent.TimeUnit.sleep(TimeUnit.java:386)
	at org.apache.ratis.util.TimeDuration.sleep(TimeDuration.java:324)
	at org.apache.ratis.util.TimeDuration.sleep(TimeDuration.java:309)
	at org.apache.ratis.server.impl.FollowerState.run(FollowerState.java:118)
2021-10-08 06:50:23,958 [grpc-default-executor-2] INFO  server.RaftServer$Division (RaftServerImpl.java:requestVote(1075)) - 755fa3d2-afbb-4da0-b7d5-3f8cca48efc0@group-C0C7C3312935 replies to ELECTION vote request: 1889d587-8326-4b26-910d-bf0ca9430b50<-755fa3d2-afbb-4da0-b7d5-3f8cca48efc0#0:OK-t1. Peer's state: 755fa3d2-afbb-4da0-b7d5-3f8cca48efc0@group-C0C7C3312935:t1, leader=null, voted=1889d587-8326-4b26-910d-bf0ca9430b50, raftlog=755fa3d2-afbb-4da0-b7d5-3f8cca48efc0@group-C0C7C3312935-SegmentedRaftLog:OPENED:c-1,f-1,i0, conf=-1: [755fa3d2-afbb-4da0-b7d5-3f8cca48efc0|rpc:10.1.0.41:41275|dataStream:|priority:0, 1889d587-8326-4b26-910d-bf0ca9430b50|rpc:10.1.0.41:43171|dataStream:|priority:1, 261209be-28ef-4355-9139-e0c9130c0917|rpc:10.1.0.41:46475|dataStream:|priority:0], old=null
2021-10-08 06:50:23,960 [1889d587-8326-4b26-910d-bf0ca9430b50@group-C0C7C3312935-LeaderElection11] INFO  impl.LeaderElection (LeaderElection.java:logAndReturn(89)) - 1889d587-8326-4b26-910d-bf0ca9430b50@group-C0C7C3312935-LeaderElection11: ELECTION PASSED received 1 response(s) and 0 exception(s):
2021-10-08 06:50:23,960 [1889d587-8326-4b26-910d-bf0ca9430b50@group-C0C7C3312935-LeaderElection11] INFO  impl.LeaderElection (LeaderElection.java:logAndReturn(93)) -   Response 0: 1889d587-8326-4b26-910d-bf0ca9430b50<-755fa3d2-afbb-4da0-b7d5-3f8cca48efc0#0:OK-t1
2021-10-08 06:50:23,960 [1889d587-8326-4b26-910d-bf0ca9430b50@group-C0C7C3312935-LeaderElection11] INFO  impl.LeaderElection (LeaderElection.java:askForVotes(308)) - 1889d587-8326-4b26-910d-bf0ca9430b50@group-C0C7C3312935-LeaderElection11 ELECTION round 0: result PASSED
2021-10-08 06:50:23,960 [1889d587-8326-4b26-910d-bf0ca9430b50@group-C0C7C3312935-LeaderElection11] INFO  impl.RoleInfo (RoleInfo.java:shutdownLeaderElection(121)) - 1889d587-8326-4b26-910d-bf0ca9430b50: shutdown 1889d587-8326-4b26-910d-bf0ca9430b50@group-C0C7C3312935-LeaderElection11
2021-10-08 06:50:23,960 [grpc-default-executor-0] INFO  server.RaftServer$Division (RaftServerImpl.java:requestVote(1075)) - 261209be-28ef-4355-9139-e0c9130c0917@group-C0C7C3312935 replies to ELECTION vote request: 1889d587-8326-4b26-910d-bf0ca9430b50<-261209be-28ef-4355-9139-e0c9130c0917#0:OK-t1. Peer's state: 261209be-28ef-4355-9139-e0c9130c0917@group-C0C7C3312935:t1, leader=null, voted=1889d587-8326-4b26-910d-bf0ca9430b50, raftlog=261209be-28ef-4355-9139-e0c9130c0917@group-C0C7C3312935-SegmentedRaftLog:OPENED:c-1,f-1,i0, conf=-1: [755fa3d2-afbb-4da0-b7d5-3f8cca48efc0|rpc:10.1.0.41:41275|priority:0, 1889d587-8326-4b26-910d-bf0ca9430b50|rpc:10.1.0.41:43171|priority:1, 261209be-28ef-4355-9139-e0c9130c0917|rpc:10.1.0.41:46475|priority:0], old=null
2021-10-08 06:50:23,961 [1889d587-8326-4b26-910d-bf0ca9430b50@group-C0C7C3312935-LeaderElection11] INFO  server.RaftServer$Division (RaftServerImpl.java:setRole(285)) - 1889d587-8326-4b26-910d-bf0ca9430b50@group-C0C7C3312935: changes role from CANDIDATE to LEADER at term 1 for changeToLeader
2021-10-08 06:50:23,961 [1889d587-8326-4b26-910d-bf0ca9430b50@group-C0C7C3312935-LeaderElection11] INFO  ratis.XceiverServerRatis (XceiverServerRatis.java:handleLeaderChangedNotification(861)) - Leader change notification received for group: group-C0C7C3312935 with new leaderId: 1889d587-8326-4b26-910d-bf0ca9430b50
2021-10-08 06:50:23,961 [1889d587-8326-4b26-910d-bf0ca9430b50@group-C0C7C3312935-LeaderElection11] INFO  server.RaftServer$Division (ServerState.java:setLeader(285)) - 1889d587-8326-4b26-910d-bf0ca9430b50@group-C0C7C3312935: change Leader from null to 1889d587-8326-4b26-910d-bf0ca9430b50 at term 1 for becomeLeader, leader elected after 5139ms
2021-10-08 06:50:23,961 [1889d587-8326-4b26-910d-bf0ca9430b50@group-C0C7C3312935-LeaderElection11] INFO  server.RaftServerConfigKeys (ConfUtils.java:logGet(44)) - raft.server.staging.catchup.gap = 1000 (default)
2021-10-08 06:50:23,961 [Datanode State Machine Thread - 0] WARN  statemachine.StateContext (StateContext.java:execute(621)) - No available thread in pool for past 0 seconds.
2021-10-08 06:50:23,966 [1889d587-8326-4b26-910d-bf0ca9430b50@group-C0C7C3312935-LeaderElection11] INFO  server.RaftServerConfigKeys (ConfUtils.java:logGet(44)) - raft.server.write.element-limit = 1024 (custom)
2021-10-08 06:50:23,966 [1889d587-8326-4b26-910d-bf0ca9430b50@group-C0C7C3312935-LeaderElection11] INFO  server.RaftServerConfigKeys (ConfUtils.java:logGet(44)) - raft.server.write.byte-limit = 1024 M (=1073741824) (custom)
2021-10-08 06:50:23,967 [1889d587-8326-4b26-910d-bf0ca9430b50@group-C0C7C3312935-LeaderElection11] INFO  server.RaftServerConfigKeys (ConfUtils.java:logGet(44)) - raft.server.watch.timeout = 10000ms (default)
2021-10-08 06:50:23,967 [1889d587-8326-4b26-910d-bf0ca9430b50@group-C0C7C3312935-LeaderElection11] INFO  server.RaftServerConfigKeys (ConfUtils.java:logGet(44)) - raft.server.watch.timeout.denomination = 1s (default)
2021-10-08 06:50:23,967 [1889d587-8326-4b26-910d-bf0ca9430b50@group-C0C7C3312935-LeaderElection11] INFO  server.RaftServerConfigKeys (ConfUtils.java:logGet(44)) - raft.server.watch.element-limit = 65536 (default)
2021-10-08 06:50:23,969 [EventQueue-PipelineReportForPipelineReportHandler] INFO  pipeline.PipelineManagerImpl (PipelineManagerImpl.java:openPipeline(282)) - Pipeline Pipeline[ Id: c7ba97dd-f42f-4a11-95de-c0c7c3312935, Nodes: 1889d587-8326-4b26-910d-bf0ca9430b50{ip: 10.1.0.41, host: fv-az116-933.vzw04321ajxubdbcnpick5nqva.xx.internal.cloudapp.net, ports: [REPLICATION=34785, RATIS=43171, RATIS_ADMIN=43171, RATIS_SERVER=43171, STANDALONE=41819], networkLocation: /default-rack, certSerialId: null, persistedOpState: IN_SERVICE, persistedOpStateExpiryEpochSec: 0}755fa3d2-afbb-4da0-b7d5-3f8cca48efc0{ip: 10.1.0.41, host: fv-az116-933.vzw04321ajxubdbcnpick5nqva.xx.internal.cloudapp.net, ports: [REPLICATION=43469, RATIS=41275, RATIS_ADMIN=41275, RATIS_SERVER=41275, STANDALONE=43089], networkLocation: /default-rack, certSerialId: null, persistedOpState: IN_SERVICE, persistedOpStateExpiryEpochSec: 0}261209be-28ef-4355-9139-e0c9130c0917{ip: 10.1.0.41, host: fv-az116-933.vzw04321ajxubdbcnpick5nqva.xx.internal.cloudapp.net, ports: [REPLICATION=45073, RATIS=46475, RATIS_ADMIN=46475, RATIS_SERVER=46475, STANDALONE=42533], networkLocation: /default-rack, certSerialId: null, persistedOpState: IN_SERVICE, persistedOpStateExpiryEpochSec: 0}, ReplicationConfig: RATIS/THREE, State:ALLOCATED, leaderId:1889d587-8326-4b26-910d-bf0ca9430b50, CreationTimestamp2021-10-08T06:50:15.893Z[Etc/UTC]] moved to OPEN state
2021-10-08 06:50:23,969 [EventQueue-OpenPipelineForHealthyPipelineSafeModeRule] INFO  safemode.SCMSafeModeManager (HealthyPipelineSafeModeRule.java:process(124)) - SCM in safe mode. Healthy pipelines reported count is 1, required healthy pipeline reported count is 1
2021-10-08 06:50:23,969 [EventQueue-OpenPipelineForHealthyPipelineSafeModeRule] INFO  safemode.SCMSafeModeManager (SCMSafeModeManager.java:validateSafeModeExitRules(204)) - HealthyPipelineSafeModeRule rule is successfully validated
2021-10-08 06:50:23,969 [EventQueue-OpenPipelineForHealthyPipelineSafeModeRule] INFO  safemode.SCMSafeModeManager (SCMSafeModeManager.java:validateSafeModeExitRules(219)) - ScmSafeModeManager, all rules are successfully validated
2021-10-08 06:50:23,969 [EventQueue-OpenPipelineForHealthyPipelineSafeModeRule] INFO  safemode.SCMSafeModeManager (SCMSafeModeManager.java:exitSafeMode(248)) - SCM exiting safe mode.
2021-10-08 06:50:23,969 [EventQueue-OpenPipelineForHealthyPipelineSafeModeRule] WARN  events.EventQueue (EventQueue.java:fireEvent(194)) - No event handler registered for event TypedEvent{payloadType=SafeModeStatus, name='Safe mode status'}
2021-10-08 06:50:23,969 [EventQueue-OpenPipelineForHealthyPipelineSafeModeRule] INFO  ha.SCMContext (SCMContext.java:updateSafeModeStatus(205)) - Update SafeModeStatus from SafeModeStatus{safeModeStatus=true, preCheckPassed=true} to SafeModeStatus{safeModeStatus=false, preCheckPassed=true}.
2021-10-08 06:50:23,970 [EventQueue-OpenPipelineForHealthyPipelineSafeModeRule] INFO  pipeline.BackgroundPipelineCreator (BackgroundPipelineCreatorV2.java:notifyStatusChanged(264)) - Service BackgroundPipelineCreator transitions to RUNNING.
2021-10-08 06:50:23,970 [EventQueue-OpenPipelineForHealthyPipelineSafeModeRule] INFO  container.ReplicationManager (ReplicationManager.java:notifyStatusChanged(1743)) - Service ReplicationManager transitions to RUNNING.
2021-10-08 06:50:23,979 [1889d587-8326-4b26-910d-bf0ca9430b50@group-C0C7C3312935-LeaderElection11] INFO  server.RaftServerConfigKeys (ConfUtils.java:logGet(44)) - raft.server.log.appender.snapshot.chunk.size.max = 16MB (=16777216) (default)
2021-10-08 06:50:23,980 [1889d587-8326-4b26-910d-bf0ca9430b50@group-C0C7C3312935-LeaderElection11] INFO  server.RaftServerConfigKeys (ConfUtils.java:logGet(44)) - raft.server.log.appender.buffer.byte-limit = 33554432 (custom)
2021-10-08 06:50:23,980 [1889d587-8326-4b26-910d-bf0ca9430b50@group-C0C7C3312935-LeaderElection11] INFO  server.RaftServerConfigKeys (ConfUtils.java:logGet(44)) - raft.server.log.appender.buffer.element-limit = 1 (custom)
2021-10-08 06:50:23,983 [1889d587-8326-4b26-910d-bf0ca9430b50@group-C0C7C3312935-LeaderElection11] INFO  grpc.GrpcConfigKeys (ConfUtils.java:logGet(44)) - raft.grpc.server.leader.outstanding.appends.max = 128 (default)
2021-10-08 06:50:23,983 [1889d587-8326-4b26-910d-bf0ca9430b50@group-C0C7C3312935-LeaderElection11] INFO  server.RaftServerConfigKeys (ConfUtils.java:logGet(44)) - raft.server.rpc.request.timeout = 3000ms (default)
2021-10-08 06:50:23,983 [1889d587-8326-4b26-910d-bf0ca9430b50@group-C0C7C3312935-LeaderElection11] INFO  server.RaftServerConfigKeys (ConfUtils.java:logGet(44)) - raft.server.log.appender.install.snapshot.enabled = false (custom)
2021-10-08 06:50:23,988 [1889d587-8326-4b26-910d-bf0ca9430b50@group-C0C7C3312935-LeaderElection11] INFO  server.RaftServerConfigKeys (ConfUtils.java:logGet(44)) - raft.server.log.appender.snapshot.chunk.size.max = 16MB (=16777216) (default)
2021-10-08 06:50:23,988 [1889d587-8326-4b26-910d-bf0ca9430b50@group-C0C7C3312935-LeaderElection11] INFO  server.RaftServerConfigKeys (ConfUtils.java:logGet(44)) - raft.server.log.appender.buffer.byte-limit = 33554432 (custom)
2021-10-08 06:50:23,988 [1889d587-8326-4b26-910d-bf0ca9430b50@group-C0C7C3312935-LeaderElection11] INFO  server.RaftServerConfigKeys (ConfUtils.java:logGet(44)) - raft.server.log.appender.buffer.element-limit = 1 (custom)
2021-10-08 06:50:23,988 [1889d587-8326-4b26-910d-bf0ca9430b50@group-C0C7C3312935-LeaderElection11] INFO  grpc.GrpcConfigKeys (ConfUtils.java:logGet(44)) - raft.grpc.server.leader.outstanding.appends.max = 128 (default)
2021-10-08 06:50:23,989 [1889d587-8326-4b26-910d-bf0ca9430b50@group-C0C7C3312935-LeaderElection11] INFO  server.RaftServerConfigKeys (ConfUtils.java:logGet(44)) - raft.server.rpc.request.timeout = 3000ms (default)
2021-10-08 06:50:23,989 [1889d587-8326-4b26-910d-bf0ca9430b50@group-C0C7C3312935-LeaderElection11] INFO  server.RaftServerConfigKeys (ConfUtils.java:logGet(44)) - raft.server.log.appender.install.snapshot.enabled = false (custom)
2021-10-08 06:50:23,990 [1889d587-8326-4b26-910d-bf0ca9430b50@group-C0C7C3312935-LeaderElection11] INFO  impl.RoleInfo (RoleInfo.java:updateAndGet(130)) - 1889d587-8326-4b26-910d-bf0ca9430b50: start 1889d587-8326-4b26-910d-bf0ca9430b50@group-C0C7C3312935-LeaderStateImpl
2021-10-08 06:50:23,991 [1889d587-8326-4b26-910d-bf0ca9430b50@group-C0C7C3312935-LeaderElection11] INFO  segmented.SegmentedRaftLogWorker (SegmentedRaftLogWorker.java:startLogSegment(394)) - 1889d587-8326-4b26-910d-bf0ca9430b50@group-C0C7C3312935-SegmentedRaftLogWorker: Starting segment from index:0
2021-10-08 06:50:23,993 [1889d587-8326-4b26-910d-bf0ca9430b50@group-C0C7C3312935-SegmentedRaftLogWorker] INFO  segmented.SegmentedRaftLogWorker (SegmentedRaftLogWorker.java:execute(601)) - 1889d587-8326-4b26-910d-bf0ca9430b50@group-C0C7C3312935-SegmentedRaftLogWorker: created new log segment /home/runner/work/ozone/ozone/hadoop-ozone/integration-test/target/test-dir/MiniOzoneClusterImpl-22559c4f-4ba5-459a-8a40-bbe24e716d33/datanode-3/data/ratis/c7ba97dd-f42f-4a11-95de-c0c7c3312935/current/log_inprogress_0
2021-10-08 06:50:24,000 [1889d587-8326-4b26-910d-bf0ca9430b50@group-C0C7C3312935-LeaderElection11] INFO  server.RaftServer$Division (ServerState.java:setRaftConf(387)) - 1889d587-8326-4b26-910d-bf0ca9430b50@group-C0C7C3312935: set configuration 0: [755fa3d2-afbb-4da0-b7d5-3f8cca48efc0|rpc:10.1.0.41:41275|dataStream:|priority:0, 1889d587-8326-4b26-910d-bf0ca9430b50|rpc:10.1.0.41:43171|dataStream:|priority:1, 261209be-28ef-4355-9139-e0c9130c0917|rpc:10.1.0.41:46475|dataStream:|priority:0], old=null
2021-10-08 06:50:24,004 [1889d587-8326-4b26-910d-bf0ca9430b50@group-C0C7C3312935-StateMachineUpdater] INFO  ratis.ContainerStateMachine (ContainerStateMachine.java:takeSnapshot(292)) - group-C0C7C3312935: Taking a snapshot at:(t:1, i:0) file /home/runner/work/ozone/ozone/hadoop-ozone/integration-test/target/test-dir/MiniOzoneClusterImpl-22559c4f-4ba5-459a-8a40-bbe24e716d33/datanode-3/data/ratis/c7ba97dd-f42f-4a11-95de-c0c7c3312935/sm/snapshot.1_0
2021-10-08 06:50:24,004 [1889d587-8326-4b26-910d-bf0ca9430b50@group-C0C7C3312935-StateMachineUpdater] INFO  ratis.ContainerStateMachine (ContainerStateMachine.java:takeSnapshot(303)) - group-C0C7C3312935: Finished taking a snapshot at:(t:1, i:0) file:/home/runner/work/ozone/ozone/hadoop-ozone/integration-test/target/test-dir/MiniOzoneClusterImpl-22559c4f-4ba5-459a-8a40-bbe24e716d33/datanode-3/data/ratis/c7ba97dd-f42f-4a11-95de-c0c7c3312935/sm/snapshot.1_0 took: 0 ms
2021-10-08 06:50:24,005 [1889d587-8326-4b26-910d-bf0ca9430b50@group-C0C7C3312935-StateMachineUpdater] INFO  impl.StateMachineUpdater (StateMachineUpdater.java:takeSnapshot(281)) - 1889d587-8326-4b26-910d-bf0ca9430b50@group-C0C7C3312935-StateMachineUpdater: Took a snapshot at index 0
2021-10-08 06:50:24,005 [1889d587-8326-4b26-910d-bf0ca9430b50@group-C0C7C3312935-StateMachineUpdater] INFO  impl.StateMachineUpdater (StateMachineUpdater.java:lambda$new$0(89)) - 1889d587-8326-4b26-910d-bf0ca9430b50@group-C0C7C3312935-StateMachineUpdater: snapshotIndex: updateIncreasingly -1 -> 0
2021-10-08 06:50:24,023 [grpc-default-executor-0] INFO  ratis.XceiverServerRatis (XceiverServerRatis.java:handleLeaderChangedNotification(861)) - Leader change notification received for group: group-C0C7C3312935 with new leaderId: 1889d587-8326-4b26-910d-bf0ca9430b50
2021-10-08 06:50:24,026 [grpc-default-executor-2] INFO  ratis.XceiverServerRatis (XceiverServerRatis.java:handleLeaderChangedNotification(861)) - Leader change notification received for group: group-C0C7C3312935 with new leaderId: 1889d587-8326-4b26-910d-bf0ca9430b50
2021-10-08 06:50:24,027 [grpc-default-executor-2] INFO  server.RaftServer$Division (ServerState.java:setLeader(285)) - 261209be-28ef-4355-9139-e0c9130c0917@group-C0C7C3312935: change Leader from null to 1889d587-8326-4b26-910d-bf0ca9430b50 at term 1 for appendEntries, leader elected after 5178ms
2021-10-08 06:50:24,028 [grpc-default-executor-0] INFO  server.RaftServer$Division (ServerState.java:setLeader(285)) - 755fa3d2-afbb-4da0-b7d5-3f8cca48efc0@group-C0C7C3312935: change Leader from null to 1889d587-8326-4b26-910d-bf0ca9430b50 at term 1 for appendEntries, leader elected after 5146ms
2021-10-08 06:50:24,058 [grpc-default-executor-2] INFO  server.RaftServer$Division (ServerState.java:setRaftConf(387)) - 261209be-28ef-4355-9139-e0c9130c0917@group-C0C7C3312935: set configuration 0: [755fa3d2-afbb-4da0-b7d5-3f8cca48efc0|rpc:10.1.0.41:41275|dataStream:|priority:0, 1889d587-8326-4b26-910d-bf0ca9430b50|rpc:10.1.0.41:43171|dataStream:|priority:1, 261209be-28ef-4355-9139-e0c9130c0917|rpc:10.1.0.41:46475|dataStream:|priority:0], old=null
2021-10-08 06:50:24,058 [grpc-default-executor-2] INFO  segmented.SegmentedRaftLogWorker (SegmentedRaftLogWorker.java:startLogSegment(394)) - 261209be-28ef-4355-9139-e0c9130c0917@group-C0C7C3312935-SegmentedRaftLogWorker: Starting segment from index:0
2021-10-08 06:50:24,060 [261209be-28ef-4355-9139-e0c9130c0917@group-C0C7C3312935-SegmentedRaftLogWorker] INFO  segmented.SegmentedRaftLogWorker (SegmentedRaftLogWorker.java:execute(601)) - 261209be-28ef-4355-9139-e0c9130c0917@group-C0C7C3312935-SegmentedRaftLogWorker: created new log segment /home/runner/work/ozone/ozone/hadoop-ozone/integration-test/target/test-dir/MiniOzoneClusterImpl-22559c4f-4ba5-459a-8a40-bbe24e716d33/datanode-4/data/ratis/c7ba97dd-f42f-4a11-95de-c0c7c3312935/current/log_inprogress_0
2021-10-08 06:50:24,066 [grpc-default-executor-2] INFO  server.RaftServer$Division (ServerState.java:setRaftConf(387)) - 755fa3d2-afbb-4da0-b7d5-3f8cca48efc0@group-C0C7C3312935: set configuration 0: [755fa3d2-afbb-4da0-b7d5-3f8cca48efc0|rpc:10.1.0.41:41275|dataStream:|priority:0, 1889d587-8326-4b26-910d-bf0ca9430b50|rpc:10.1.0.41:43171|dataStream:|priority:1, 261209be-28ef-4355-9139-e0c9130c0917|rpc:10.1.0.41:46475|dataStream:|priority:0], old=null
2021-10-08 06:50:24,066 [grpc-default-executor-2] INFO  segmented.SegmentedRaftLogWorker (SegmentedRaftLogWorker.java:startLogSegment(394)) - 755fa3d2-afbb-4da0-b7d5-3f8cca48efc0@group-C0C7C3312935-SegmentedRaftLogWorker: Starting segment from index:0
2021-10-08 06:50:24,068 [755fa3d2-afbb-4da0-b7d5-3f8cca48efc0@group-C0C7C3312935-SegmentedRaftLogWorker] INFO  segmented.SegmentedRaftLogWorker (SegmentedRaftLogWorker.java:execute(601)) - 755fa3d2-afbb-4da0-b7d5-3f8cca48efc0@group-C0C7C3312935-SegmentedRaftLogWorker: created new log segment /home/runner/work/ozone/ozone/hadoop-ozone/integration-test/target/test-dir/MiniOzoneClusterImpl-22559c4f-4ba5-459a-8a40-bbe24e716d33/datanode-5/data/ratis/c7ba97dd-f42f-4a11-95de-c0c7c3312935/current/log_inprogress_0
2021-10-08 06:50:24,068 [261209be-28ef-4355-9139-e0c9130c0917@group-C0C7C3312935-StateMachineUpdater] INFO  ratis.ContainerStateMachine (ContainerStateMachine.java:takeSnapshot(292)) - group-C0C7C3312935: Taking a snapshot at:(t:1, i:0) file /home/runner/work/ozone/ozone/hadoop-ozone/integration-test/target/test-dir/MiniOzoneClusterImpl-22559c4f-4ba5-459a-8a40-bbe24e716d33/datanode-4/data/ratis/c7ba97dd-f42f-4a11-95de-c0c7c3312935/sm/snapshot.1_0
2021-10-08 06:50:24,068 [261209be-28ef-4355-9139-e0c9130c0917@group-C0C7C3312935-StateMachineUpdater] INFO  ratis.ContainerStateMachine (ContainerStateMachine.java:takeSnapshot(303)) - group-C0C7C3312935: Finished taking a snapshot at:(t:1, i:0) file:/home/runner/work/ozone/ozone/hadoop-ozone/integration-test/target/test-dir/MiniOzoneClusterImpl-22559c4f-4ba5-459a-8a40-bbe24e716d33/datanode-4/data/ratis/c7ba97dd-f42f-4a11-95de-c0c7c3312935/sm/snapshot.1_0 took: 1 ms
2021-10-08 06:50:24,069 [261209be-28ef-4355-9139-e0c9130c0917@group-C0C7C3312935-StateMachineUpdater] INFO  impl.StateMachineUpdater (StateMachineUpdater.java:takeSnapshot(281)) - 261209be-28ef-4355-9139-e0c9130c0917@group-C0C7C3312935-StateMachineUpdater: Took a snapshot at index 0
2021-10-08 06:50:24,069 [261209be-28ef-4355-9139-e0c9130c0917@group-C0C7C3312935-StateMachineUpdater] INFO  impl.StateMachineUpdater (StateMachineUpdater.java:lambda$new$0(89)) - 261209be-28ef-4355-9139-e0c9130c0917@group-C0C7C3312935-StateMachineUpdater: snapshotIndex: updateIncreasingly -1 -> 0
2021-10-08 06:50:24,076 [755fa3d2-afbb-4da0-b7d5-3f8cca48efc0@group-C0C7C3312935-StateMachineUpdater] INFO  ratis.ContainerStateMachine (ContainerStateMachine.java:takeSnapshot(292)) - group-C0C7C3312935: Taking a snapshot at:(t:1, i:0) file /home/runner/work/ozone/ozone/hadoop-ozone/integration-test/target/test-dir/MiniOzoneClusterImpl-22559c4f-4ba5-459a-8a40-bbe24e716d33/datanode-5/data/ratis/c7ba97dd-f42f-4a11-95de-c0c7c3312935/sm/snapshot.1_0
2021-10-08 06:50:24,076 [755fa3d2-afbb-4da0-b7d5-3f8cca48efc0@group-C0C7C3312935-StateMachineUpdater] INFO  ratis.ContainerStateMachine (ContainerStateMachine.java:takeSnapshot(303)) - group-C0C7C3312935: Finished taking a snapshot at:(t:1, i:0) file:/home/runner/work/ozone/ozone/hadoop-ozone/integration-test/target/test-dir/MiniOzoneClusterImpl-22559c4f-4ba5-459a-8a40-bbe24e716d33/datanode-5/data/ratis/c7ba97dd-f42f-4a11-95de-c0c7c3312935/sm/snapshot.1_0 took: 1 ms
2021-10-08 06:50:24,077 [755fa3d2-afbb-4da0-b7d5-3f8cca48efc0@group-C0C7C3312935-StateMachineUpdater] INFO  impl.StateMachineUpdater (StateMachineUpdater.java:takeSnapshot(281)) - 755fa3d2-afbb-4da0-b7d5-3f8cca48efc0@group-C0C7C3312935-StateMachineUpdater: Took a snapshot at index 0
2021-10-08 06:50:24,077 [755fa3d2-afbb-4da0-b7d5-3f8cca48efc0@group-C0C7C3312935-StateMachineUpdater] INFO  impl.StateMachineUpdater (StateMachineUpdater.java:lambda$new$0(89)) - 755fa3d2-afbb-4da0-b7d5-3f8cca48efc0@group-C0C7C3312935-StateMachineUpdater: snapshotIndex: updateIncreasingly -1 -> 0
2021-10-08 06:50:24,110 [755fa3d2-afbb-4da0-b7d5-3f8cca48efc0@group-802C25A79AA6-FollowerState] INFO  impl.FollowerState (FollowerState.java:run(134)) - 755fa3d2-afbb-4da0-b7d5-3f8cca48efc0@group-802C25A79AA6-FollowerState: change to CANDIDATE, lastRpcElapsedTime:5154834664ns, electionTimeout:5149ms
2021-10-08 06:50:24,111 [755fa3d2-afbb-4da0-b7d5-3f8cca48efc0@group-802C25A79AA6-FollowerState] INFO  impl.RoleInfo (RoleInfo.java:shutdownFollowerState(108)) - 755fa3d2-afbb-4da0-b7d5-3f8cca48efc0: shutdown 755fa3d2-afbb-4da0-b7d5-3f8cca48efc0@group-802C25A79AA6-FollowerState
2021-10-08 06:50:24,111 [755fa3d2-afbb-4da0-b7d5-3f8cca48efc0@group-802C25A79AA6-FollowerState] INFO  server.RaftServer$Division (RaftServerImpl.java:setRole(285)) - 755fa3d2-afbb-4da0-b7d5-3f8cca48efc0@group-802C25A79AA6: changes role from  FOLLOWER to CANDIDATE at term 0 for changeToCandidate
2021-10-08 06:50:24,111 [755fa3d2-afbb-4da0-b7d5-3f8cca48efc0@group-802C25A79AA6-FollowerState] INFO  server.RaftServerConfigKeys (ConfUtils.java:logGet(44)) - raft.server.leaderelection.pre-vote = false (custom)
2021-10-08 06:50:24,111 [755fa3d2-afbb-4da0-b7d5-3f8cca48efc0@group-802C25A79AA6-FollowerState] INFO  impl.RoleInfo (RoleInfo.java:updateAndGet(130)) - 755fa3d2-afbb-4da0-b7d5-3f8cca48efc0: start 755fa3d2-afbb-4da0-b7d5-3f8cca48efc0@group-802C25A79AA6-LeaderElection12
2021-10-08 06:50:24,124 [755fa3d2-afbb-4da0-b7d5-3f8cca48efc0@group-802C25A79AA6-LeaderElection12] INFO  impl.LeaderElection (LeaderElection.java:askForVotes(306)) - 755fa3d2-afbb-4da0-b7d5-3f8cca48efc0@group-802C25A79AA6-LeaderElection12 ELECTION round 0: submit vote requests at term 1 for -1: [755fa3d2-afbb-4da0-b7d5-3f8cca48efc0|rpc:10.1.0.41:41275|priority:1], old=null
2021-10-08 06:50:24,124 [755fa3d2-afbb-4da0-b7d5-3f8cca48efc0@group-802C25A79AA6-LeaderElection12] INFO  impl.LeaderElection (LeaderElection.java:askForVotes(308)) - 755fa3d2-afbb-4da0-b7d5-3f8cca48efc0@group-802C25A79AA6-LeaderElection12 ELECTION round 0: result PASSED (term=1)
2021-10-08 06:50:24,124 [755fa3d2-afbb-4da0-b7d5-3f8cca48efc0@group-802C25A79AA6-LeaderElection12] INFO  impl.RoleInfo (RoleInfo.java:shutdownLeaderElection(121)) - 755fa3d2-afbb-4da0-b7d5-3f8cca48efc0: shutdown 755fa3d2-afbb-4da0-b7d5-3f8cca48efc0@group-802C25A79AA6-LeaderElection12
2021-10-08 06:50:24,124 [755fa3d2-afbb-4da0-b7d5-3f8cca48efc0@group-802C25A79AA6-LeaderElection12] INFO  server.RaftServer$Division (RaftServerImpl.java:setRole(285)) - 755fa3d2-afbb-4da0-b7d5-3f8cca48efc0@group-802C25A79AA6: changes role from CANDIDATE to LEADER at term 1 for changeToLeader
2021-10-08 06:50:24,124 [755fa3d2-afbb-4da0-b7d5-3f8cca48efc0@group-802C25A79AA6-LeaderElection12] INFO  ratis.XceiverServerRatis (XceiverServerRatis.java:handleLeaderChangedNotification(861)) - Leader change notification received for group: group-802C25A79AA6 with new leaderId: 755fa3d2-afbb-4da0-b7d5-3f8cca48efc0
2021-10-08 06:50:24,125 [755fa3d2-afbb-4da0-b7d5-3f8cca48efc0@group-802C25A79AA6-LeaderElection12] INFO  server.RaftServer$Division (ServerState.java:setLeader(285)) - 755fa3d2-afbb-4da0-b7d5-3f8cca48efc0@group-802C25A79AA6: change Leader from null to 755fa3d2-afbb-4da0-b7d5-3f8cca48efc0 at term 1 for becomeLeader, leader elected after 5209ms
2021-10-08 06:50:24,125 [755fa3d2-afbb-4da0-b7d5-3f8cca48efc0@group-802C25A79AA6-LeaderElection12] INFO  server.RaftServerConfigKeys (ConfUtils.java:logGet(44)) - raft.server.staging.catchup.gap = 1000 (default)
2021-10-08 06:50:24,125 [Datanode State Machine Thread - 0] WARN  statemachine.StateContext (StateContext.java:execute(621)) - No available thread in pool for past 0 seconds.
2021-10-08 06:50:24,125 [755fa3d2-afbb-4da0-b7d5-3f8cca48efc0@group-802C25A79AA6-LeaderElection12] INFO  server.RaftServerConfigKeys (ConfUtils.java:logGet(44)) - raft.server.write.element-limit = 1024 (custom)
2021-10-08 06:50:24,125 [755fa3d2-afbb-4da0-b7d5-3f8cca48efc0@group-802C25A79AA6-LeaderElection12] INFO  server.RaftServerConfigKeys (ConfUtils.java:logGet(44)) - raft.server.write.byte-limit = 1024 M (=1073741824) (custom)
2021-10-08 06:50:24,125 [755fa3d2-afbb-4da0-b7d5-3f8cca48efc0@group-802C25A79AA6-LeaderElection12] INFO  server.RaftServerConfigKeys (ConfUtils.java:logGet(44)) - raft.server.watch.timeout = 10000ms (default)
2021-10-08 06:50:24,126 [755fa3d2-afbb-4da0-b7d5-3f8cca48efc0@group-802C25A79AA6-LeaderElection12] INFO  server.RaftServerConfigKeys (ConfUtils.java:logGet(44)) - raft.server.watch.timeout.denomination = 1s (default)
2021-10-08 06:50:24,126 [755fa3d2-afbb-4da0-b7d5-3f8cca48efc0@group-802C25A79AA6-LeaderElection12] INFO  server.RaftServerConfigKeys (ConfUtils.java:logGet(44)) - raft.server.watch.element-limit = 65536 (default)
2021-10-08 06:50:24,126 [755fa3d2-afbb-4da0-b7d5-3f8cca48efc0@group-802C25A79AA6-LeaderElection12] INFO  impl.RoleInfo (RoleInfo.java:updateAndGet(130)) - 755fa3d2-afbb-4da0-b7d5-3f8cca48efc0: start 755fa3d2-afbb-4da0-b7d5-3f8cca48efc0@group-802C25A79AA6-LeaderStateImpl
2021-10-08 06:50:24,128 [755fa3d2-afbb-4da0-b7d5-3f8cca48efc0@group-802C25A79AA6-LeaderElection12] INFO  segmented.SegmentedRaftLogWorker (SegmentedRaftLogWorker.java:startLogSegment(394)) - 755fa3d2-afbb-4da0-b7d5-3f8cca48efc0@group-802C25A79AA6-SegmentedRaftLogWorker: Starting segment from index:0
2021-10-08 06:50:24,132 [755fa3d2-afbb-4da0-b7d5-3f8cca48efc0@group-802C25A79AA6-SegmentedRaftLogWorker] INFO  segmented.SegmentedRaftLogWorker (SegmentedRaftLogWorker.java:execute(601)) - 755fa3d2-afbb-4da0-b7d5-3f8cca48efc0@group-802C25A79AA6-SegmentedRaftLogWorker: created new log segment /home/runner/work/ozone/ozone/hadoop-ozone/integration-test/target/test-dir/MiniOzoneClusterImpl-22559c4f-4ba5-459a-8a40-bbe24e716d33/datanode-5/data/ratis/6ecf5053-0928-470f-8a9a-802c25a79aa6/current/log_inprogress_0
2021-10-08 06:50:24,139 [755fa3d2-afbb-4da0-b7d5-3f8cca48efc0@group-802C25A79AA6-LeaderElection12] INFO  server.RaftServer$Division (ServerState.java:setRaftConf(387)) - 755fa3d2-afbb-4da0-b7d5-3f8cca48efc0@group-802C25A79AA6: set configuration 0: [755fa3d2-afbb-4da0-b7d5-3f8cca48efc0|rpc:10.1.0.41:41275|dataStream:|priority:1], old=null
2021-10-08 06:50:24,140 [755fa3d2-afbb-4da0-b7d5-3f8cca48efc0@group-802C25A79AA6-StateMachineUpdater] INFO  ratis.ContainerStateMachine (ContainerStateMachine.java:takeSnapshot(292)) - group-802C25A79AA6: Taking a snapshot at:(t:1, i:0) file /home/runner/work/ozone/ozone/hadoop-ozone/integration-test/target/test-dir/MiniOzoneClusterImpl-22559c4f-4ba5-459a-8a40-bbe24e716d33/datanode-5/data/ratis/6ecf5053-0928-470f-8a9a-802c25a79aa6/sm/snapshot.1_0
2021-10-08 06:50:24,143 [755fa3d2-afbb-4da0-b7d5-3f8cca48efc0@group-802C25A79AA6-StateMachineUpdater] INFO  ratis.ContainerStateMachine (ContainerStateMachine.java:takeSnapshot(303)) - group-802C25A79AA6: Finished taking a snapshot at:(t:1, i:0) file:/home/runner/work/ozone/ozone/hadoop-ozone/integration-test/target/test-dir/MiniOzoneClusterImpl-22559c4f-4ba5-459a-8a40-bbe24e716d33/datanode-5/data/ratis/6ecf5053-0928-470f-8a9a-802c25a79aa6/sm/snapshot.1_0 took: 3 ms
2021-10-08 06:50:24,143 [755fa3d2-afbb-4da0-b7d5-3f8cca48efc0@group-802C25A79AA6-StateMachineUpdater] INFO  impl.StateMachineUpdater (StateMachineUpdater.java:takeSnapshot(281)) - 755fa3d2-afbb-4da0-b7d5-3f8cca48efc0@group-802C25A79AA6-StateMachineUpdater: Took a snapshot at index 0
2021-10-08 06:50:24,143 [755fa3d2-afbb-4da0-b7d5-3f8cca48efc0@group-802C25A79AA6-StateMachineUpdater] INFO  impl.StateMachineUpdater (StateMachineUpdater.java:lambda$new$0(89)) - 755fa3d2-afbb-4da0-b7d5-3f8cca48efc0@group-802C25A79AA6-StateMachineUpdater: snapshotIndex: updateIncreasingly -1 -> 0
2021-10-08 06:50:24,212 [f796b749-df2d-4a3b-b27a-77ae0843fd27@group-C10EEFC5883C-FollowerState] INFO  impl.FollowerState (FollowerState.java:run(134)) - f796b749-df2d-4a3b-b27a-77ae0843fd27@group-C10EEFC5883C-FollowerState: change to CANDIDATE, lastRpcElapsedTime:5050105595ns, electionTimeout:5044ms
2021-10-08 06:50:24,213 [f796b749-df2d-4a3b-b27a-77ae0843fd27@group-C10EEFC5883C-FollowerState] INFO  impl.RoleInfo (RoleInfo.java:shutdownFollowerState(108)) - f796b749-df2d-4a3b-b27a-77ae0843fd27: shutdown f796b749-df2d-4a3b-b27a-77ae0843fd27@group-C10EEFC5883C-FollowerState
2021-10-08 06:50:24,213 [f796b749-df2d-4a3b-b27a-77ae0843fd27@group-C10EEFC5883C-FollowerState] INFO  server.RaftServer$Division (RaftServerImpl.java:setRole(285)) - f796b749-df2d-4a3b-b27a-77ae0843fd27@group-C10EEFC5883C: changes role from  FOLLOWER to CANDIDATE at term 0 for changeToCandidate
2021-10-08 06:50:24,214 [f796b749-df2d-4a3b-b27a-77ae0843fd27@group-C10EEFC5883C-FollowerState] INFO  server.RaftServerConfigKeys (ConfUtils.java:logGet(44)) - raft.server.leaderelection.pre-vote = false (custom)
2021-10-08 06:50:24,214 [f796b749-df2d-4a3b-b27a-77ae0843fd27@group-C10EEFC5883C-FollowerState] INFO  impl.RoleInfo (RoleInfo.java:updateAndGet(130)) - f796b749-df2d-4a3b-b27a-77ae0843fd27: start f796b749-df2d-4a3b-b27a-77ae0843fd27@group-C10EEFC5883C-LeaderElection13
2021-10-08 06:50:24,228 [f796b749-df2d-4a3b-b27a-77ae0843fd27@group-C10EEFC5883C-LeaderElection13] INFO  impl.LeaderElection (LeaderElection.java:askForVotes(306)) - f796b749-df2d-4a3b-b27a-77ae0843fd27@group-C10EEFC5883C-LeaderElection13 ELECTION round 0: submit vote requests at term 1 for -1: [f796b749-df2d-4a3b-b27a-77ae0843fd27|rpc:10.1.0.41:38397|priority:1], old=null
2021-10-08 06:50:24,229 [f796b749-df2d-4a3b-b27a-77ae0843fd27@group-C10EEFC5883C-LeaderElection13] INFO  impl.LeaderElection (LeaderElection.java:askForVotes(308)) - f796b749-df2d-4a3b-b27a-77ae0843fd27@group-C10EEFC5883C-LeaderElection13 ELECTION round 0: result PASSED (term=1)
2021-10-08 06:50:24,229 [f796b749-df2d-4a3b-b27a-77ae0843fd27@group-C10EEFC5883C-LeaderElection13] INFO  impl.RoleInfo (RoleInfo.java:shutdownLeaderElection(121)) - f796b749-df2d-4a3b-b27a-77ae0843fd27: shutdown f796b749-df2d-4a3b-b27a-77ae0843fd27@group-C10EEFC5883C-LeaderElection13
2021-10-08 06:50:24,229 [f796b749-df2d-4a3b-b27a-77ae0843fd27@group-C10EEFC5883C-LeaderElection13] INFO  server.RaftServer$Division (RaftServerImpl.java:setRole(285)) - f796b749-df2d-4a3b-b27a-77ae0843fd27@group-C10EEFC5883C: changes role from CANDIDATE to LEADER at term 1 for changeToLeader
2021-10-08 06:50:24,229 [f796b749-df2d-4a3b-b27a-77ae0843fd27@group-C10EEFC5883C-LeaderElection13] INFO  ratis.XceiverServerRatis (XceiverServerRatis.java:handleLeaderChangedNotification(861)) - Leader change notification received for group: group-C10EEFC5883C with new leaderId: f796b749-df2d-4a3b-b27a-77ae0843fd27
2021-10-08 06:50:24,229 [f796b749-df2d-4a3b-b27a-77ae0843fd27@group-C10EEFC5883C-LeaderElection13] INFO  server.RaftServer$Division (ServerState.java:setLeader(285)) - f796b749-df2d-4a3b-b27a-77ae0843fd27@group-C10EEFC5883C: change Leader from null to f796b749-df2d-4a3b-b27a-77ae0843fd27 at term 1 for becomeLeader, leader elected after 5076ms
2021-10-08 06:50:24,229 [f796b749-df2d-4a3b-b27a-77ae0843fd27@group-C10EEFC5883C-LeaderElection13] INFO  server.RaftServerConfigKeys (ConfUtils.java:logGet(44)) - raft.server.staging.catchup.gap = 1000 (default)
2021-10-08 06:50:24,229 [Datanode State Machine Thread - 0] WARN  statemachine.StateContext (StateContext.java:execute(621)) - No available thread in pool for past 0 seconds.
2021-10-08 06:50:24,234 [f796b749-df2d-4a3b-b27a-77ae0843fd27@group-C10EEFC5883C-LeaderElection13] INFO  server.RaftServerConfigKeys (ConfUtils.java:logGet(44)) - raft.server.write.element-limit = 1024 (custom)
2021-10-08 06:50:24,235 [f796b749-df2d-4a3b-b27a-77ae0843fd27@group-C10EEFC5883C-LeaderElection13] INFO  server.RaftServerConfigKeys (ConfUtils.java:logGet(44)) - raft.server.write.byte-limit = 1024 M (=1073741824) (custom)
2021-10-08 06:50:24,235 [f796b749-df2d-4a3b-b27a-77ae0843fd27@group-C10EEFC5883C-LeaderElection13] INFO  server.RaftServerConfigKeys (ConfUtils.java:logGet(44)) - raft.server.watch.timeout = 10000ms (default)
2021-10-08 06:50:24,235 [f796b749-df2d-4a3b-b27a-77ae0843fd27@group-C10EEFC5883C-LeaderElection13] INFO  server.RaftServerConfigKeys (ConfUtils.java:logGet(44)) - raft.server.watch.timeout.denomination = 1s (default)
2021-10-08 06:50:24,239 [f796b749-df2d-4a3b-b27a-77ae0843fd27@group-C10EEFC5883C-LeaderElection13] INFO  server.RaftServerConfigKeys (ConfUtils.java:logGet(44)) - raft.server.watch.element-limit = 65536 (default)
2021-10-08 06:50:24,239 [f796b749-df2d-4a3b-b27a-77ae0843fd27@group-C10EEFC5883C-LeaderElection13] INFO  impl.RoleInfo (RoleInfo.java:updateAndGet(130)) - f796b749-df2d-4a3b-b27a-77ae0843fd27: start f796b749-df2d-4a3b-b27a-77ae0843fd27@group-C10EEFC5883C-LeaderStateImpl
2021-10-08 06:50:24,239 [f796b749-df2d-4a3b-b27a-77ae0843fd27@group-C10EEFC5883C-LeaderElection13] INFO  segmented.SegmentedRaftLogWorker (SegmentedRaftLogWorker.java:startLogSegment(394)) - f796b749-df2d-4a3b-b27a-77ae0843fd27@group-C10EEFC5883C-SegmentedRaftLogWorker: Starting segment from index:0
2021-10-08 06:50:24,248 [f796b749-df2d-4a3b-b27a-77ae0843fd27@group-C10EEFC5883C-LeaderElection13] INFO  server.RaftServer$Division (ServerState.java:setRaftConf(387)) - f796b749-df2d-4a3b-b27a-77ae0843fd27@group-C10EEFC5883C: set configuration 0: [f796b749-df2d-4a3b-b27a-77ae0843fd27|rpc:10.1.0.41:38397|dataStream:|priority:1], old=null
2021-10-08 06:50:24,249 [f796b749-df2d-4a3b-b27a-77ae0843fd27@group-C10EEFC5883C-SegmentedRaftLogWorker] INFO  segmented.SegmentedRaftLogWorker (SegmentedRaftLogWorker.java:execute(601)) - f796b749-df2d-4a3b-b27a-77ae0843fd27@group-C10EEFC5883C-SegmentedRaftLogWorker: created new log segment /home/runner/work/ozone/ozone/hadoop-ozone/integration-test/target/test-dir/MiniOzoneClusterImpl-22559c4f-4ba5-459a-8a40-bbe24e716d33/datanode-6/data/ratis/75ba6f9b-50da-42e5-9703-c10eefc5883c/current/log_inprogress_0
2021-10-08 06:50:24,251 [f796b749-df2d-4a3b-b27a-77ae0843fd27@group-C10EEFC5883C-StateMachineUpdater] INFO  ratis.ContainerStateMachine (ContainerStateMachine.java:takeSnapshot(292)) - group-C10EEFC5883C: Taking a snapshot at:(t:1, i:0) file /home/runner/work/ozone/ozone/hadoop-ozone/integration-test/target/test-dir/MiniOzoneClusterImpl-22559c4f-4ba5-459a-8a40-bbe24e716d33/datanode-6/data/ratis/75ba6f9b-50da-42e5-9703-c10eefc5883c/sm/snapshot.1_0
2021-10-08 06:50:24,253 [f796b749-df2d-4a3b-b27a-77ae0843fd27@group-C10EEFC5883C-StateMachineUpdater] INFO  ratis.ContainerStateMachine (ContainerStateMachine.java:takeSnapshot(303)) - group-C10EEFC5883C: Finished taking a snapshot at:(t:1, i:0) file:/home/runner/work/ozone/ozone/hadoop-ozone/integration-test/target/test-dir/MiniOzoneClusterImpl-22559c4f-4ba5-459a-8a40-bbe24e716d33/datanode-6/data/ratis/75ba6f9b-50da-42e5-9703-c10eefc5883c/sm/snapshot.1_0 took: 2 ms
2021-10-08 06:50:24,254 [f796b749-df2d-4a3b-b27a-77ae0843fd27@group-C10EEFC5883C-StateMachineUpdater] INFO  impl.StateMachineUpdater (StateMachineUpdater.java:takeSnapshot(281)) - f796b749-df2d-4a3b-b27a-77ae0843fd27@group-C10EEFC5883C-StateMachineUpdater: Took a snapshot at index 0
2021-10-08 06:50:24,254 [f796b749-df2d-4a3b-b27a-77ae0843fd27@group-C10EEFC5883C-StateMachineUpdater] INFO  impl.StateMachineUpdater (StateMachineUpdater.java:lambda$new$0(89)) - f796b749-df2d-4a3b-b27a-77ae0843fd27@group-C10EEFC5883C-StateMachineUpdater: snapshotIndex: updateIncreasingly -1 -> 0
2021-10-08 06:50:24,318 [f796b749-df2d-4a3b-b27a-77ae0843fd27@group-F203257B8DF9-FollowerState] INFO  impl.FollowerState (FollowerState.java:run(134)) - f796b749-df2d-4a3b-b27a-77ae0843fd27@group-F203257B8DF9-FollowerState: change to CANDIDATE, lastRpcElapsedTime:5128327380ns, electionTimeout:5127ms
2021-10-08 06:50:24,318 [f796b749-df2d-4a3b-b27a-77ae0843fd27@group-F203257B8DF9-FollowerState] INFO  impl.RoleInfo (RoleInfo.java:shutdownFollowerState(108)) - f796b749-df2d-4a3b-b27a-77ae0843fd27: shutdown f796b749-df2d-4a3b-b27a-77ae0843fd27@group-F203257B8DF9-FollowerState
2021-10-08 06:50:24,318 [f796b749-df2d-4a3b-b27a-77ae0843fd27@group-F203257B8DF9-FollowerState] INFO  server.RaftServer$Division (RaftServerImpl.java:setRole(285)) - f796b749-df2d-4a3b-b27a-77ae0843fd27@group-F203257B8DF9: changes role from  FOLLOWER to CANDIDATE at term 0 for changeToCandidate
2021-10-08 06:50:24,319 [f796b749-df2d-4a3b-b27a-77ae0843fd27@group-F203257B8DF9-FollowerState] INFO  server.RaftServerConfigKeys (ConfUtils.java:logGet(44)) - raft.server.leaderelection.pre-vote = false (custom)
2021-10-08 06:50:24,319 [f796b749-df2d-4a3b-b27a-77ae0843fd27@group-F203257B8DF9-FollowerState] INFO  impl.RoleInfo (RoleInfo.java:updateAndGet(130)) - f796b749-df2d-4a3b-b27a-77ae0843fd27: start f796b749-df2d-4a3b-b27a-77ae0843fd27@group-F203257B8DF9-LeaderElection14
2021-10-08 06:50:24,322 [f796b749-df2d-4a3b-b27a-77ae0843fd27@group-F203257B8DF9-LeaderElection14] INFO  impl.LeaderElection (LeaderElection.java:askForVotes(306)) - f796b749-df2d-4a3b-b27a-77ae0843fd27@group-F203257B8DF9-LeaderElection14 ELECTION round 0: submit vote requests at term 1 for -1: [f796b749-df2d-4a3b-b27a-77ae0843fd27|rpc:10.1.0.41:38397|priority:0, 9e524b8f-78bb-4c18-ad9a-9ed1597fb879|rpc:10.1.0.41:33001|priority:1, b944db8f-6cbb-4a51-b46c-fbe444116a05|rpc:10.1.0.41:35691|priority:0], old=null
2021-10-08 06:50:24,333 [b944db8f-6cbb-4a51-b46c-fbe444116a05@group-F203257B8DF9-FollowerState] INFO  impl.FollowerState (FollowerState.java:run(134)) - b944db8f-6cbb-4a51-b46c-fbe444116a05@group-F203257B8DF9-FollowerState: change to CANDIDATE, lastRpcElapsedTime:5003692475ns, electionTimeout:5002ms
2021-10-08 06:50:24,333 [b944db8f-6cbb-4a51-b46c-fbe444116a05@group-F203257B8DF9-FollowerState] INFO  impl.RoleInfo (RoleInfo.java:shutdownFollowerState(108)) - b944db8f-6cbb-4a51-b46c-fbe444116a05: shutdown b944db8f-6cbb-4a51-b46c-fbe444116a05@group-F203257B8DF9-FollowerState
2021-10-08 06:50:24,333 [b944db8f-6cbb-4a51-b46c-fbe444116a05@group-F203257B8DF9-FollowerState] INFO  server.RaftServer$Division (RaftServerImpl.java:setRole(285)) - b944db8f-6cbb-4a51-b46c-fbe444116a05@group-F203257B8DF9: changes role from  FOLLOWER to CANDIDATE at term 0 for changeToCandidate
2021-10-08 06:50:24,334 [b944db8f-6cbb-4a51-b46c-fbe444116a05@group-F203257B8DF9-FollowerState] INFO  server.RaftServerConfigKeys (ConfUtils.java:logGet(44)) - raft.server.leaderelection.pre-vote = false (custom)
2021-10-08 06:50:24,334 [b944db8f-6cbb-4a51-b46c-fbe444116a05@group-F203257B8DF9-FollowerState] INFO  impl.RoleInfo (RoleInfo.java:updateAndGet(130)) - b944db8f-6cbb-4a51-b46c-fbe444116a05: start b944db8f-6cbb-4a51-b46c-fbe444116a05@group-F203257B8DF9-LeaderElection15
2021-10-08 06:50:24,338 [grpc-default-executor-2] INFO  server.RaftServer$Division (RaftServerImpl.java:requestVote(1043)) - 9e524b8f-78bb-4c18-ad9a-9ed1597fb879@group-F203257B8DF9: receive requestVote(ELECTION, f796b749-df2d-4a3b-b27a-77ae0843fd27, group-F203257B8DF9, 1, (t:0, i:0))
2021-10-08 06:50:24,338 [grpc-default-executor-0] INFO  server.RaftServer$Division (RaftServerImpl.java:requestVote(1043)) - b944db8f-6cbb-4a51-b46c-fbe444116a05@group-F203257B8DF9: receive requestVote(ELECTION, f796b749-df2d-4a3b-b27a-77ae0843fd27, group-F203257B8DF9, 1, (t:0, i:0))
2021-10-08 06:50:24,338 [grpc-default-executor-2] INFO  impl.VoteContext (VoteContext.java:log(48)) - 9e524b8f-78bb-4c18-ad9a-9ed1597fb879@group-F203257B8DF9-FOLLOWER: reject ELECTION from f796b749-df2d-4a3b-b27a-77ae0843fd27: our priority 1 > candidate's priority 0
2021-10-08 06:50:24,338 [grpc-default-executor-2] INFO  server.RaftServer$Division (RaftServerImpl.java:setRole(285)) - 9e524b8f-78bb-4c18-ad9a-9ed1597fb879@group-F203257B8DF9: changes role from  FOLLOWER to FOLLOWER at term 1 for candidate:f796b749-df2d-4a3b-b27a-77ae0843fd27
2021-10-08 06:50:24,338 [grpc-default-executor-2] INFO  impl.RoleInfo (RoleInfo.java:shutdownFollowerState(108)) - 9e524b8f-78bb-4c18-ad9a-9ed1597fb879: shutdown 9e524b8f-78bb-4c18-ad9a-9ed1597fb879@group-F203257B8DF9-FollowerState
2021-10-08 06:50:24,338 [grpc-default-executor-2] INFO  impl.RoleInfo (RoleInfo.java:updateAndGet(130)) - 9e524b8f-78bb-4c18-ad9a-9ed1597fb879: start 9e524b8f-78bb-4c18-ad9a-9ed1597fb879@group-F203257B8DF9-FollowerState
2021-10-08 06:50:24,338 [9e524b8f-78bb-4c18-ad9a-9ed1597fb879@group-F203257B8DF9-FollowerState] INFO  impl.FollowerState (FollowerState.java:run(143)) - 9e524b8f-78bb-4c18-ad9a-9ed1597fb879@group-F203257B8DF9-FollowerState was interrupted: {}
java.lang.InterruptedException: sleep interrupted
	at java.lang.Thread.sleep(Native Method)
	at java.lang.Thread.sleep(Thread.java:340)
	at java.util.concurrent.TimeUnit.sleep(TimeUnit.java:386)
	at org.apache.ratis.util.TimeDuration.sleep(TimeDuration.java:324)
	at org.apache.ratis.util.TimeDuration.sleep(TimeDuration.java:309)
	at org.apache.ratis.server.impl.FollowerState.run(FollowerState.java:118)
2021-10-08 06:50:24,340 [grpc-default-executor-2] INFO  server.RaftServer$Division (RaftServerImpl.java:requestVote(1075)) - 9e524b8f-78bb-4c18-ad9a-9ed1597fb879@group-F203257B8DF9 replies to ELECTION vote request: f796b749-df2d-4a3b-b27a-77ae0843fd27<-9e524b8f-78bb-4c18-ad9a-9ed1597fb879#0:FAIL-t1. Peer's state: 9e524b8f-78bb-4c18-ad9a-9ed1597fb879@group-F203257B8DF9:t1, leader=null, voted=null, raftlog=9e524b8f-78bb-4c18-ad9a-9ed1597fb879@group-F203257B8DF9-SegmentedRaftLog:OPENED:c-1,f-1,i0, conf=-1: [f796b749-df2d-4a3b-b27a-77ae0843fd27|rpc:10.1.0.41:38397|dataStream:|priority:0, 9e524b8f-78bb-4c18-ad9a-9ed1597fb879|rpc:10.1.0.41:33001|dataStream:|priority:1, b944db8f-6cbb-4a51-b46c-fbe444116a05|rpc:10.1.0.41:35691|dataStream:|priority:0], old=null
2021-10-08 06:50:24,342 [grpc-default-executor-0] INFO  impl.VoteContext (VoteContext.java:log(48)) - b944db8f-6cbb-4a51-b46c-fbe444116a05@group-F203257B8DF9-CANDIDATE: reject ELECTION from f796b749-df2d-4a3b-b27a-77ae0843fd27: already has voted for b944db8f-6cbb-4a51-b46c-fbe444116a05 at current term 1
2021-10-08 06:50:24,342 [f796b749-df2d-4a3b-b27a-77ae0843fd27@group-F203257B8DF9-LeaderElection14] INFO  impl.LeaderElection (LeaderElection.java:logAndReturn(89)) - f796b749-df2d-4a3b-b27a-77ae0843fd27@group-F203257B8DF9-LeaderElection14: ELECTION REJECTED received 1 response(s) and 0 exception(s):
2021-10-08 06:50:24,343 [f796b749-df2d-4a3b-b27a-77ae0843fd27@group-F203257B8DF9-LeaderElection14] INFO  impl.LeaderElection (LeaderElection.java:logAndReturn(93)) -   Response 0: f796b749-df2d-4a3b-b27a-77ae0843fd27<-9e524b8f-78bb-4c18-ad9a-9ed1597fb879#0:FAIL-t1
2021-10-08 06:50:24,344 [f796b749-df2d-4a3b-b27a-77ae0843fd27@group-F203257B8DF9-LeaderElection14] INFO  impl.LeaderElection (LeaderElection.java:askForVotes(308)) - f796b749-df2d-4a3b-b27a-77ae0843fd27@group-F203257B8DF9-LeaderElection14 ELECTION round 0: result REJECTED
2021-10-08 06:50:24,344 [f796b749-df2d-4a3b-b27a-77ae0843fd27@group-F203257B8DF9-LeaderElection14] INFO  server.RaftServer$Division (RaftServerImpl.java:setRole(285)) - f796b749-df2d-4a3b-b27a-77ae0843fd27@group-F203257B8DF9: changes role from CANDIDATE to FOLLOWER at term 1 for REJECTED
2021-10-08 06:50:24,344 [f796b749-df2d-4a3b-b27a-77ae0843fd27@group-F203257B8DF9-LeaderElection14] INFO  impl.RoleInfo (RoleInfo.java:shutdownLeaderElection(121)) - f796b749-df2d-4a3b-b27a-77ae0843fd27: shutdown f796b749-df2d-4a3b-b27a-77ae0843fd27@group-F203257B8DF9-LeaderElection14
2021-10-08 06:50:24,344 [f796b749-df2d-4a3b-b27a-77ae0843fd27@group-F203257B8DF9-LeaderElection14] INFO  impl.RoleInfo (RoleInfo.java:updateAndGet(130)) - f796b749-df2d-4a3b-b27a-77ae0843fd27: start f796b749-df2d-4a3b-b27a-77ae0843fd27@group-F203257B8DF9-FollowerState
2021-10-08 06:50:24,345 [b944db8f-6cbb-4a51-b46c-fbe444116a05@group-F203257B8DF9-LeaderElection15] INFO  impl.LeaderElection (LeaderElection.java:askForVotes(306)) - b944db8f-6cbb-4a51-b46c-fbe444116a05@group-F203257B8DF9-LeaderElection15 ELECTION round 0: submit vote requests at term 1 for -1: [f796b749-df2d-4a3b-b27a-77ae0843fd27|rpc:10.1.0.41:38397|dataStream:|priority:0, 9e524b8f-78bb-4c18-ad9a-9ed1597fb879|rpc:10.1.0.41:33001|dataStream:|priority:1, b944db8f-6cbb-4a51-b46c-fbe444116a05|rpc:10.1.0.41:35691|dataStream:|priority:0], old=null
2021-10-08 06:50:24,345 [grpc-default-executor-0] INFO  server.RaftServer$Division (RaftServerImpl.java:requestVote(1075)) - b944db8f-6cbb-4a51-b46c-fbe444116a05@group-F203257B8DF9 replies to ELECTION vote request: f796b749-df2d-4a3b-b27a-77ae0843fd27<-b944db8f-6cbb-4a51-b46c-fbe444116a05#0:FAIL-t1. Peer's state: b944db8f-6cbb-4a51-b46c-fbe444116a05@group-F203257B8DF9:t1, leader=null, voted=b944db8f-6cbb-4a51-b46c-fbe444116a05, raftlog=b944db8f-6cbb-4a51-b46c-fbe444116a05@group-F203257B8DF9-SegmentedRaftLog:OPENED:c-1,f-1,i0, conf=-1: [f796b749-df2d-4a3b-b27a-77ae0843fd27|rpc:10.1.0.41:38397|dataStream:|priority:0, 9e524b8f-78bb-4c18-ad9a-9ed1597fb879|rpc:10.1.0.41:33001|dataStream:|priority:1, b944db8f-6cbb-4a51-b46c-fbe444116a05|rpc:10.1.0.41:35691|dataStream:|priority:0], old=null
2021-10-08 06:50:24,365 [grpc-default-executor-0] INFO  server.RaftServer$Division (RaftServerImpl.java:requestVote(1043)) - f796b749-df2d-4a3b-b27a-77ae0843fd27@group-F203257B8DF9: receive requestVote(ELECTION, b944db8f-6cbb-4a51-b46c-fbe444116a05, group-F203257B8DF9, 1, (t:0, i:0))
2021-10-08 06:50:24,365 [grpc-default-executor-0] INFO  impl.VoteContext (VoteContext.java:log(48)) - f796b749-df2d-4a3b-b27a-77ae0843fd27@group-F203257B8DF9-FOLLOWER: reject ELECTION from b944db8f-6cbb-4a51-b46c-fbe444116a05: already has voted for f796b749-df2d-4a3b-b27a-77ae0843fd27 at current term 1
2021-10-08 06:50:24,365 [grpc-default-executor-0] INFO  server.RaftServer$Division (RaftServerImpl.java:requestVote(1075)) - f796b749-df2d-4a3b-b27a-77ae0843fd27@group-F203257B8DF9 replies to ELECTION vote request: b944db8f-6cbb-4a51-b46c-fbe444116a05<-f796b749-df2d-4a3b-b27a-77ae0843fd27#0:FAIL-t1. Peer's state: f796b749-df2d-4a3b-b27a-77ae0843fd27@group-F203257B8DF9:t1, leader=null, voted=f796b749-df2d-4a3b-b27a-77ae0843fd27, raftlog=f796b749-df2d-4a3b-b27a-77ae0843fd27@group-F203257B8DF9-SegmentedRaftLog:OPENED:c-1,f-1,i0, conf=-1: [f796b749-df2d-4a3b-b27a-77ae0843fd27|rpc:10.1.0.41:38397|priority:0, 9e524b8f-78bb-4c18-ad9a-9ed1597fb879|rpc:10.1.0.41:33001|priority:1, b944db8f-6cbb-4a51-b46c-fbe444116a05|rpc:10.1.0.41:35691|priority:0], old=null
2021-10-08 06:50:24,367 [grpc-default-executor-2] INFO  server.RaftServer$Division (RaftServerImpl.java:requestVote(1043)) - 9e524b8f-78bb-4c18-ad9a-9ed1597fb879@group-F203257B8DF9: receive requestVote(ELECTION, b944db8f-6cbb-4a51-b46c-fbe444116a05, group-F203257B8DF9, 1, (t:0, i:0))
2021-10-08 06:50:24,368 [grpc-default-executor-2] INFO  impl.VoteContext (VoteContext.java:log(48)) - 9e524b8f-78bb-4c18-ad9a-9ed1597fb879@group-F203257B8DF9-FOLLOWER: reject ELECTION from b944db8f-6cbb-4a51-b46c-fbe444116a05: our priority 1 > candidate's priority 0
2021-10-08 06:50:24,368 [grpc-default-executor-2] INFO  server.RaftServer$Division (RaftServerImpl.java:setRole(285)) - 9e524b8f-78bb-4c18-ad9a-9ed1597fb879@group-F203257B8DF9: changes role from  FOLLOWER to FOLLOWER at term 1 for candidate:b944db8f-6cbb-4a51-b46c-fbe444116a05
2021-10-08 06:50:24,369 [grpc-default-executor-2] INFO  impl.RoleInfo (RoleInfo.java:shutdownFollowerState(108)) - 9e524b8f-78bb-4c18-ad9a-9ed1597fb879: shutdown 9e524b8f-78bb-4c18-ad9a-9ed1597fb879@group-F203257B8DF9-FollowerState
2021-10-08 06:50:24,369 [grpc-default-executor-2] INFO  impl.RoleInfo (RoleInfo.java:updateAndGet(130)) - 9e524b8f-78bb-4c18-ad9a-9ed1597fb879: start 9e524b8f-78bb-4c18-ad9a-9ed1597fb879@group-F203257B8DF9-FollowerState
2021-10-08 06:50:24,369 [9e524b8f-78bb-4c18-ad9a-9ed1597fb879@group-F203257B8DF9-FollowerState] INFO  impl.FollowerState (FollowerState.java:run(143)) - 9e524b8f-78bb-4c18-ad9a-9ed1597fb879@group-F203257B8DF9-FollowerState was interrupted: {}
java.lang.InterruptedException: sleep interrupted
	at java.lang.Thread.sleep(Native Method)
	at java.lang.Thread.sleep(Thread.java:340)
	at java.util.concurrent.TimeUnit.sleep(TimeUnit.java:386)
	at org.apache.ratis.util.TimeDuration.sleep(TimeDuration.java:324)
	at org.apache.ratis.util.TimeDuration.sleep(TimeDuration.java:309)
	at org.apache.ratis.server.impl.FollowerState.run(FollowerState.java:118)
2021-10-08 06:50:24,376 [grpc-default-executor-2] INFO  server.RaftServer$Division (RaftServerImpl.java:requestVote(1075)) - 9e524b8f-78bb-4c18-ad9a-9ed1597fb879@group-F203257B8DF9 replies to ELECTION vote request: b944db8f-6cbb-4a51-b46c-fbe444116a05<-9e524b8f-78bb-4c18-ad9a-9ed1597fb879#0:FAIL-t1. Peer's state: 9e524b8f-78bb-4c18-ad9a-9ed1597fb879@group-F203257B8DF9:t1, leader=null, voted=null, raftlog=9e524b8f-78bb-4c18-ad9a-9ed1597fb879@group-F203257B8DF9-SegmentedRaftLog:OPENED:c-1,f-1,i0, conf=-1: [f796b749-df2d-4a3b-b27a-77ae0843fd27|rpc:10.1.0.41:38397|dataStream:|priority:0, 9e524b8f-78bb-4c18-ad9a-9ed1597fb879|rpc:10.1.0.41:33001|dataStream:|priority:1, b944db8f-6cbb-4a51-b46c-fbe444116a05|rpc:10.1.0.41:35691|dataStream:|priority:0], old=null
2021-10-08 06:50:24,381 [b944db8f-6cbb-4a51-b46c-fbe444116a05@group-F203257B8DF9-LeaderElection15] INFO  impl.LeaderElection (LeaderElection.java:logAndReturn(89)) - b944db8f-6cbb-4a51-b46c-fbe444116a05@group-F203257B8DF9-LeaderElection15: ELECTION REJECTED received 2 response(s) and 0 exception(s):
2021-10-08 06:50:24,381 [b944db8f-6cbb-4a51-b46c-fbe444116a05@group-F203257B8DF9-LeaderElection15] INFO  impl.LeaderElection (LeaderElection.java:logAndReturn(93)) -   Response 0: b944db8f-6cbb-4a51-b46c-fbe444116a05<-f796b749-df2d-4a3b-b27a-77ae0843fd27#0:FAIL-t1
2021-10-08 06:50:24,381 [b944db8f-6cbb-4a51-b46c-fbe444116a05@group-F203257B8DF9-LeaderElection15] INFO  impl.LeaderElection (LeaderElection.java:logAndReturn(93)) -   Response 1: b944db8f-6cbb-4a51-b46c-fbe444116a05<-9e524b8f-78bb-4c18-ad9a-9ed1597fb879#0:FAIL-t1
2021-10-08 06:50:24,381 [b944db8f-6cbb-4a51-b46c-fbe444116a05@group-F203257B8DF9-LeaderElection15] INFO  impl.LeaderElection (LeaderElection.java:askForVotes(308)) - b944db8f-6cbb-4a51-b46c-fbe444116a05@group-F203257B8DF9-LeaderElection15 ELECTION round 0: result REJECTED
2021-10-08 06:50:24,381 [b944db8f-6cbb-4a51-b46c-fbe444116a05@group-F203257B8DF9-LeaderElection15] INFO  server.RaftServer$Division (RaftServerImpl.java:setRole(285)) - b944db8f-6cbb-4a51-b46c-fbe444116a05@group-F203257B8DF9: changes role from CANDIDATE to FOLLOWER at term 1 for REJECTED
2021-10-08 06:50:24,381 [b944db8f-6cbb-4a51-b46c-fbe444116a05@group-F203257B8DF9-LeaderElection15] INFO  impl.RoleInfo (RoleInfo.java:shutdownLeaderElection(121)) - b944db8f-6cbb-4a51-b46c-fbe444116a05: shutdown b944db8f-6cbb-4a51-b46c-fbe444116a05@group-F203257B8DF9-LeaderElection15
2021-10-08 06:50:24,381 [b944db8f-6cbb-4a51-b46c-fbe444116a05@group-F203257B8DF9-LeaderElection15] INFO  impl.RoleInfo (RoleInfo.java:updateAndGet(130)) - b944db8f-6cbb-4a51-b46c-fbe444116a05: start b944db8f-6cbb-4a51-b46c-fbe444116a05@group-F203257B8DF9-FollowerState
2021-10-08 06:50:24,406 [f796b749-df2d-4a3b-b27a-77ae0843fd27@group-5A3056E26BD1-FollowerState] INFO  impl.FollowerState (FollowerState.java:run(134)) - f796b749-df2d-4a3b-b27a-77ae0843fd27@group-5A3056E26BD1-FollowerState: change to CANDIDATE, lastRpcElapsedTime:5026201449ns, electionTimeout:5025ms
2021-10-08 06:50:24,407 [f796b749-df2d-4a3b-b27a-77ae0843fd27@group-5A3056E26BD1-FollowerState] INFO  impl.RoleInfo (RoleInfo.java:shutdownFollowerState(108)) - f796b749-df2d-4a3b-b27a-77ae0843fd27: shutdown f796b749-df2d-4a3b-b27a-77ae0843fd27@group-5A3056E26BD1-FollowerState
2021-10-08 06:50:24,407 [f796b749-df2d-4a3b-b27a-77ae0843fd27@group-5A3056E26BD1-FollowerState] INFO  server.RaftServer$Division (RaftServerImpl.java:setRole(285)) - f796b749-df2d-4a3b-b27a-77ae0843fd27@group-5A3056E26BD1: changes role from  FOLLOWER to CANDIDATE at term 0 for changeToCandidate
2021-10-08 06:50:24,408 [f796b749-df2d-4a3b-b27a-77ae0843fd27@group-5A3056E26BD1-FollowerState] INFO  server.RaftServerConfigKeys (ConfUtils.java:logGet(44)) - raft.server.leaderelection.pre-vote = false (custom)
2021-10-08 06:50:24,408 [f796b749-df2d-4a3b-b27a-77ae0843fd27@group-5A3056E26BD1-FollowerState] INFO  impl.RoleInfo (RoleInfo.java:updateAndGet(130)) - f796b749-df2d-4a3b-b27a-77ae0843fd27: start f796b749-df2d-4a3b-b27a-77ae0843fd27@group-5A3056E26BD1-LeaderElection16
2021-10-08 06:50:24,411 [f796b749-df2d-4a3b-b27a-77ae0843fd27@group-5A3056E26BD1-LeaderElection16] INFO  impl.LeaderElection (LeaderElection.java:askForVotes(306)) - f796b749-df2d-4a3b-b27a-77ae0843fd27@group-5A3056E26BD1-LeaderElection16 ELECTION round 0: submit vote requests at term 1 for -1: [f796b749-df2d-4a3b-b27a-77ae0843fd27|rpc:10.1.0.41:38397|priority:1, b944db8f-6cbb-4a51-b46c-fbe444116a05|rpc:10.1.0.41:35691|priority:0, 9e524b8f-78bb-4c18-ad9a-9ed1597fb879|rpc:10.1.0.41:33001|priority:0], old=null
2021-10-08 06:50:24,418 [grpc-default-executor-2] INFO  server.RaftServer$Division (RaftServerImpl.java:requestVote(1043)) - 9e524b8f-78bb-4c18-ad9a-9ed1597fb879@group-5A3056E26BD1: receive requestVote(ELECTION, f796b749-df2d-4a3b-b27a-77ae0843fd27, group-5A3056E26BD1, 1, (t:0, i:0))
2021-10-08 06:50:24,418 [grpc-default-executor-2] INFO  impl.VoteContext (VoteContext.java:log(48)) - 9e524b8f-78bb-4c18-ad9a-9ed1597fb879@group-5A3056E26BD1-FOLLOWER: accept ELECTION from f796b749-df2d-4a3b-b27a-77ae0843fd27: our priority 0 <= candidate's priority 1
2021-10-08 06:50:24,418 [grpc-default-executor-2] INFO  server.RaftServer$Division (RaftServerImpl.java:setRole(285)) - 9e524b8f-78bb-4c18-ad9a-9ed1597fb879@group-5A3056E26BD1: changes role from  FOLLOWER to FOLLOWER at term 1 for candidate:f796b749-df2d-4a3b-b27a-77ae0843fd27
2021-10-08 06:50:24,418 [grpc-default-executor-2] INFO  impl.RoleInfo (RoleInfo.java:shutdownFollowerState(108)) - 9e524b8f-78bb-4c18-ad9a-9ed1597fb879: shutdown 9e524b8f-78bb-4c18-ad9a-9ed1597fb879@group-5A3056E26BD1-FollowerState
2021-10-08 06:50:24,418 [grpc-default-executor-2] INFO  impl.RoleInfo (RoleInfo.java:updateAndGet(130)) - 9e524b8f-78bb-4c18-ad9a-9ed1597fb879: start 9e524b8f-78bb-4c18-ad9a-9ed1597fb879@group-5A3056E26BD1-FollowerState
2021-10-08 06:50:24,420 [9e524b8f-78bb-4c18-ad9a-9ed1597fb879@group-5A3056E26BD1-FollowerState] INFO  impl.FollowerState (FollowerState.java:run(143)) - 9e524b8f-78bb-4c18-ad9a-9ed1597fb879@group-5A3056E26BD1-FollowerState was interrupted: {}
java.lang.InterruptedException: sleep interrupted
	at java.lang.Thread.sleep(Native Method)
	at java.lang.Thread.sleep(Thread.java:340)
	at java.util.concurrent.TimeUnit.sleep(TimeUnit.java:386)
	at org.apache.ratis.util.TimeDuration.sleep(TimeDuration.java:324)
	at org.apache.ratis.util.TimeDuration.sleep(TimeDuration.java:309)
	at org.apache.ratis.server.impl.FollowerState.run(FollowerState.java:118)
2021-10-08 06:50:24,429 [grpc-default-executor-0] INFO  server.RaftServer$Division (RaftServerImpl.java:requestVote(1043)) - b944db8f-6cbb-4a51-b46c-fbe444116a05@group-5A3056E26BD1: receive requestVote(ELECTION, f796b749-df2d-4a3b-b27a-77ae0843fd27, group-5A3056E26BD1, 1, (t:0, i:0))
2021-10-08 06:50:24,429 [grpc-default-executor-0] INFO  impl.VoteContext (VoteContext.java:log(48)) - b944db8f-6cbb-4a51-b46c-fbe444116a05@group-5A3056E26BD1-FOLLOWER: accept ELECTION from f796b749-df2d-4a3b-b27a-77ae0843fd27: our priority 0 <= candidate's priority 1
2021-10-08 06:50:24,429 [grpc-default-executor-0] INFO  server.RaftServer$Division (RaftServerImpl.java:setRole(285)) - b944db8f-6cbb-4a51-b46c-fbe444116a05@group-5A3056E26BD1: changes role from  FOLLOWER to FOLLOWER at term 1 for candidate:f796b749-df2d-4a3b-b27a-77ae0843fd27
2021-10-08 06:50:24,429 [grpc-default-executor-0] INFO  impl.RoleInfo (RoleInfo.java:shutdownFollowerState(108)) - b944db8f-6cbb-4a51-b46c-fbe444116a05: shutdown b944db8f-6cbb-4a51-b46c-fbe444116a05@group-5A3056E26BD1-FollowerState
2021-10-08 06:50:24,429 [grpc-default-executor-0] INFO  impl.RoleInfo (RoleInfo.java:updateAndGet(130)) - b944db8f-6cbb-4a51-b46c-fbe444116a05: start b944db8f-6cbb-4a51-b46c-fbe444116a05@group-5A3056E26BD1-FollowerState
2021-10-08 06:50:24,429 [b944db8f-6cbb-4a51-b46c-fbe444116a05@group-5A3056E26BD1-FollowerState] INFO  impl.FollowerState (FollowerState.java:run(143)) - b944db8f-6cbb-4a51-b46c-fbe444116a05@group-5A3056E26BD1-FollowerState was interrupted: {}
java.lang.InterruptedException: sleep interrupted
	at java.lang.Thread.sleep(Native Method)
	at java.lang.Thread.sleep(Thread.java:340)
	at java.util.concurrent.TimeUnit.sleep(TimeUnit.java:386)
	at org.apache.ratis.util.TimeDuration.sleep(TimeDuration.java:324)
	at org.apache.ratis.util.TimeDuration.sleep(TimeDuration.java:309)
	at org.apache.ratis.server.impl.FollowerState.run(FollowerState.java:118)
2021-10-08 06:50:24,430 [grpc-default-executor-2] INFO  server.RaftServer$Division (RaftServerImpl.java:requestVote(1075)) - 9e524b8f-78bb-4c18-ad9a-9ed1597fb879@group-5A3056E26BD1 replies to ELECTION vote request: f796b749-df2d-4a3b-b27a-77ae0843fd27<-9e524b8f-78bb-4c18-ad9a-9ed1597fb879#0:OK-t1. Peer's state: 9e524b8f-78bb-4c18-ad9a-9ed1597fb879@group-5A3056E26BD1:t1, leader=null, voted=f796b749-df2d-4a3b-b27a-77ae0843fd27, raftlog=9e524b8f-78bb-4c18-ad9a-9ed1597fb879@group-5A3056E26BD1-SegmentedRaftLog:OPENED:c-1,f-1,i0, conf=-1: [f796b749-df2d-4a3b-b27a-77ae0843fd27|rpc:10.1.0.41:38397|dataStream:|priority:1, b944db8f-6cbb-4a51-b46c-fbe444116a05|rpc:10.1.0.41:35691|dataStream:|priority:0, 9e524b8f-78bb-4c18-ad9a-9ed1597fb879|rpc:10.1.0.41:33001|dataStream:|priority:0], old=null
2021-10-08 06:50:24,433 [grpc-default-executor-0] INFO  server.RaftServer$Division (RaftServerImpl.java:requestVote(1075)) - b944db8f-6cbb-4a51-b46c-fbe444116a05@group-5A3056E26BD1 replies to ELECTION vote request: f796b749-df2d-4a3b-b27a-77ae0843fd27<-b944db8f-6cbb-4a51-b46c-fbe444116a05#0:OK-t1. Peer's state: b944db8f-6cbb-4a51-b46c-fbe444116a05@group-5A3056E26BD1:t1, leader=null, voted=f796b749-df2d-4a3b-b27a-77ae0843fd27, raftlog=b944db8f-6cbb-4a51-b46c-fbe444116a05@group-5A3056E26BD1-SegmentedRaftLog:OPENED:c-1,f-1,i0, conf=-1: [f796b749-df2d-4a3b-b27a-77ae0843fd27|rpc:10.1.0.41:38397|dataStream:|priority:1, b944db8f-6cbb-4a51-b46c-fbe444116a05|rpc:10.1.0.41:35691|dataStream:|priority:0, 9e524b8f-78bb-4c18-ad9a-9ed1597fb879|rpc:10.1.0.41:33001|dataStream:|priority:0], old=null
2021-10-08 06:50:24,436 [f796b749-df2d-4a3b-b27a-77ae0843fd27@group-5A3056E26BD1-LeaderElection16] INFO  impl.LeaderElection (LeaderElection.java:logAndReturn(89)) - f796b749-df2d-4a3b-b27a-77ae0843fd27@group-5A3056E26BD1-LeaderElection16: ELECTION PASSED received 1 response(s) and 0 exception(s):
2021-10-08 06:50:24,440 [f796b749-df2d-4a3b-b27a-77ae0843fd27@group-5A3056E26BD1-LeaderElection16] INFO  impl.LeaderElection (LeaderElection.java:logAndReturn(93)) -   Response 0: f796b749-df2d-4a3b-b27a-77ae0843fd27<-9e524b8f-78bb-4c18-ad9a-9ed1597fb879#0:OK-t1
2021-10-08 06:50:24,440 [f796b749-df2d-4a3b-b27a-77ae0843fd27@group-5A3056E26BD1-LeaderElection16] INFO  impl.LeaderElection (LeaderElection.java:askForVotes(308)) - f796b749-df2d-4a3b-b27a-77ae0843fd27@group-5A3056E26BD1-LeaderElection16 ELECTION round 0: result PASSED
2021-10-08 06:50:24,440 [f796b749-df2d-4a3b-b27a-77ae0843fd27@group-5A3056E26BD1-LeaderElection16] INFO  impl.RoleInfo (RoleInfo.java:shutdownLeaderElection(121)) - f796b749-df2d-4a3b-b27a-77ae0843fd27: shutdown f796b749-df2d-4a3b-b27a-77ae0843fd27@group-5A3056E26BD1-LeaderElection16
2021-10-08 06:50:24,440 [f796b749-df2d-4a3b-b27a-77ae0843fd27@group-5A3056E26BD1-LeaderElection16] INFO  server.RaftServer$Division (RaftServerImpl.java:setRole(285)) - f796b749-df2d-4a3b-b27a-77ae0843fd27@group-5A3056E26BD1: changes role from CANDIDATE to LEADER at term 1 for changeToLeader
2021-10-08 06:50:24,440 [f796b749-df2d-4a3b-b27a-77ae0843fd27@group-5A3056E26BD1-LeaderElection16] INFO  ratis.XceiverServerRatis (XceiverServerRatis.java:handleLeaderChangedNotification(861)) - Leader change notification received for group: group-5A3056E26BD1 with new leaderId: f796b749-df2d-4a3b-b27a-77ae0843fd27
2021-10-08 06:50:24,440 [f796b749-df2d-4a3b-b27a-77ae0843fd27@group-5A3056E26BD1-LeaderElection16] INFO  server.RaftServer$Division (ServerState.java:setLeader(285)) - f796b749-df2d-4a3b-b27a-77ae0843fd27@group-5A3056E26BD1: change Leader from null to f796b749-df2d-4a3b-b27a-77ae0843fd27 at term 1 for becomeLeader, leader elected after 5068ms
2021-10-08 06:50:24,440 [f796b749-df2d-4a3b-b27a-77ae0843fd27@group-5A3056E26BD1-LeaderElection16] INFO  server.RaftServerConfigKeys (ConfUtils.java:logGet(44)) - raft.server.staging.catchup.gap = 1000 (default)
2021-10-08 06:50:24,440 [Datanode State Machine Thread - 0] WARN  statemachine.StateContext (StateContext.java:execute(621)) - No available thread in pool for past 0 seconds.
2021-10-08 06:50:24,441 [f796b749-df2d-4a3b-b27a-77ae0843fd27@group-5A3056E26BD1-LeaderElection16] INFO  server.RaftServerConfigKeys (ConfUtils.java:logGet(44)) - raft.server.write.element-limit = 1024 (custom)
2021-10-08 06:50:24,441 [f796b749-df2d-4a3b-b27a-77ae0843fd27@group-5A3056E26BD1-LeaderElection16] INFO  server.RaftServerConfigKeys (ConfUtils.java:logGet(44)) - raft.server.write.byte-limit = 1024 M (=1073741824) (custom)
2021-10-08 06:50:24,441 [f796b749-df2d-4a3b-b27a-77ae0843fd27@group-5A3056E26BD1-LeaderElection16] INFO  server.RaftServerConfigKeys (ConfUtils.java:logGet(44)) - raft.server.watch.timeout = 10000ms (default)
2021-10-08 06:50:24,441 [f796b749-df2d-4a3b-b27a-77ae0843fd27@group-5A3056E26BD1-LeaderElection16] INFO  server.RaftServerConfigKeys (ConfUtils.java:logGet(44)) - raft.server.watch.timeout.denomination = 1s (default)
2021-10-08 06:50:24,441 [f796b749-df2d-4a3b-b27a-77ae0843fd27@group-5A3056E26BD1-LeaderElection16] INFO  server.RaftServerConfigKeys (ConfUtils.java:logGet(44)) - raft.server.watch.element-limit = 65536 (default)
2021-10-08 06:50:24,441 [f796b749-df2d-4a3b-b27a-77ae0843fd27@group-5A3056E26BD1-LeaderElection16] INFO  server.RaftServerConfigKeys (ConfUtils.java:logGet(44)) - raft.server.log.appender.snapshot.chunk.size.max = 16MB (=16777216) (default)
2021-10-08 06:50:24,441 [f796b749-df2d-4a3b-b27a-77ae0843fd27@group-5A3056E26BD1-LeaderElection16] INFO  server.RaftServerConfigKeys (ConfUtils.java:logGet(44)) - raft.server.log.appender.buffer.byte-limit = 33554432 (custom)
2021-10-08 06:50:24,442 [f796b749-df2d-4a3b-b27a-77ae0843fd27@group-5A3056E26BD1-LeaderElection16] INFO  server.RaftServerConfigKeys (ConfUtils.java:logGet(44)) - raft.server.log.appender.buffer.element-limit = 1 (custom)
2021-10-08 06:50:24,442 [EventQueue-PipelineReportForPipelineReportHandler] INFO  pipeline.PipelineManagerImpl (PipelineManagerImpl.java:openPipeline(282)) - Pipeline Pipeline[ Id: 520b2590-4374-4551-b05b-5a3056e26bd1, Nodes: f796b749-df2d-4a3b-b27a-77ae0843fd27{ip: 10.1.0.41, host: fv-az116-933.vzw04321ajxubdbcnpick5nqva.xx.internal.cloudapp.net, ports: [REPLICATION=45949, RATIS=38397, RATIS_ADMIN=38397, RATIS_SERVER=38397, STANDALONE=38317], networkLocation: /default-rack, certSerialId: null, persistedOpState: IN_SERVICE, persistedOpStateExpiryEpochSec: 0}b944db8f-6cbb-4a51-b46c-fbe444116a05{ip: 10.1.0.41, host: fv-az116-933.vzw04321ajxubdbcnpick5nqva.xx.internal.cloudapp.net, ports: [REPLICATION=33215, RATIS=35691, RATIS_ADMIN=35691, RATIS_SERVER=35691, STANDALONE=46095], networkLocation: /default-rack, certSerialId: null, persistedOpState: IN_SERVICE, persistedOpStateExpiryEpochSec: 0}9e524b8f-78bb-4c18-ad9a-9ed1597fb879{ip: 10.1.0.41, host: fv-az116-933.vzw04321ajxubdbcnpick5nqva.xx.internal.cloudapp.net, ports: [REPLICATION=41109, RATIS=33001, RATIS_ADMIN=33001, RATIS_SERVER=33001, STANDALONE=35687], networkLocation: /default-rack, certSerialId: null, persistedOpState: IN_SERVICE, persistedOpStateExpiryEpochSec: 0}, ReplicationConfig: RATIS/THREE, State:ALLOCATED, leaderId:f796b749-df2d-4a3b-b27a-77ae0843fd27, CreationTimestamp2021-10-08T06:50:16.681Z[Etc/UTC]] moved to OPEN state
2021-10-08 06:50:24,442 [f796b749-df2d-4a3b-b27a-77ae0843fd27@group-5A3056E26BD1-LeaderElection16] INFO  grpc.GrpcConfigKeys (ConfUtils.java:logGet(44)) - raft.grpc.server.leader.outstanding.appends.max = 128 (default)
2021-10-08 06:50:24,446 [f796b749-df2d-4a3b-b27a-77ae0843fd27@group-5A3056E26BD1-LeaderElection16] INFO  server.RaftServerConfigKeys (ConfUtils.java:logGet(44)) - raft.server.rpc.request.timeout = 3000ms (default)
2021-10-08 06:50:24,446 [f796b749-df2d-4a3b-b27a-77ae0843fd27@group-5A3056E26BD1-LeaderElection16] INFO  server.RaftServerConfigKeys (ConfUtils.java:logGet(44)) - raft.server.log.appender.install.snapshot.enabled = false (custom)
2021-10-08 06:50:24,447 [f796b749-df2d-4a3b-b27a-77ae0843fd27@group-5A3056E26BD1-LeaderElection16] INFO  server.RaftServerConfigKeys (ConfUtils.java:logGet(44)) - raft.server.log.appender.snapshot.chunk.size.max = 16MB (=16777216) (default)
2021-10-08 06:50:24,447 [f796b749-df2d-4a3b-b27a-77ae0843fd27@group-5A3056E26BD1-LeaderElection16] INFO  server.RaftServerConfigKeys (ConfUtils.java:logGet(44)) - raft.server.log.appender.buffer.byte-limit = 33554432 (custom)
2021-10-08 06:50:24,447 [f796b749-df2d-4a3b-b27a-77ae0843fd27@group-5A3056E26BD1-LeaderElection16] INFO  server.RaftServerConfigKeys (ConfUtils.java:logGet(44)) - raft.server.log.appender.buffer.element-limit = 1 (custom)
2021-10-08 06:50:24,447 [f796b749-df2d-4a3b-b27a-77ae0843fd27@group-5A3056E26BD1-LeaderElection16] INFO  grpc.GrpcConfigKeys (ConfUtils.java:logGet(44)) - raft.grpc.server.leader.outstanding.appends.max = 128 (default)
2021-10-08 06:50:24,447 [f796b749-df2d-4a3b-b27a-77ae0843fd27@group-5A3056E26BD1-LeaderElection16] INFO  server.RaftServerConfigKeys (ConfUtils.java:logGet(44)) - raft.server.rpc.request.timeout = 3000ms (default)
2021-10-08 06:50:24,447 [f796b749-df2d-4a3b-b27a-77ae0843fd27@group-5A3056E26BD1-LeaderElection16] INFO  server.RaftServerConfigKeys (ConfUtils.java:logGet(44)) - raft.server.log.appender.install.snapshot.enabled = false (custom)
2021-10-08 06:50:24,448 [f796b749-df2d-4a3b-b27a-77ae0843fd27@group-5A3056E26BD1-LeaderElection16] INFO  impl.RoleInfo (RoleInfo.java:updateAndGet(130)) - f796b749-df2d-4a3b-b27a-77ae0843fd27: start f796b749-df2d-4a3b-b27a-77ae0843fd27@group-5A3056E26BD1-LeaderStateImpl
2021-10-08 06:50:24,449 [f796b749-df2d-4a3b-b27a-77ae0843fd27@group-5A3056E26BD1-LeaderElection16] INFO  segmented.SegmentedRaftLogWorker (SegmentedRaftLogWorker.java:startLogSegment(394)) - f796b749-df2d-4a3b-b27a-77ae0843fd27@group-5A3056E26BD1-SegmentedRaftLogWorker: Starting segment from index:0
2021-10-08 06:50:24,450 [f796b749-df2d-4a3b-b27a-77ae0843fd27@group-5A3056E26BD1-SegmentedRaftLogWorker] INFO  segmented.SegmentedRaftLogWorker (SegmentedRaftLogWorker.java:execute(601)) - f796b749-df2d-4a3b-b27a-77ae0843fd27@group-5A3056E26BD1-SegmentedRaftLogWorker: created new log segment /home/runner/work/ozone/ozone/hadoop-ozone/integration-test/target/test-dir/MiniOzoneClusterImpl-22559c4f-4ba5-459a-8a40-bbe24e716d33/datanode-6/data/ratis/520b2590-4374-4551-b05b-5a3056e26bd1/current/log_inprogress_0
2021-10-08 06:50:24,453 [f796b749-df2d-4a3b-b27a-77ae0843fd27@group-5A3056E26BD1-LeaderElection16] INFO  server.RaftServer$Division (ServerState.java:setRaftConf(387)) - f796b749-df2d-4a3b-b27a-77ae0843fd27@group-5A3056E26BD1: set configuration 0: [f796b749-df2d-4a3b-b27a-77ae0843fd27|rpc:10.1.0.41:38397|dataStream:|priority:1, b944db8f-6cbb-4a51-b46c-fbe444116a05|rpc:10.1.0.41:35691|dataStream:|priority:0, 9e524b8f-78bb-4c18-ad9a-9ed1597fb879|rpc:10.1.0.41:33001|dataStream:|priority:0], old=null
2021-10-08 06:50:24,455 [f796b749-df2d-4a3b-b27a-77ae0843fd27@group-5A3056E26BD1-StateMachineUpdater] INFO  ratis.ContainerStateMachine (ContainerStateMachine.java:takeSnapshot(292)) - group-5A3056E26BD1: Taking a snapshot at:(t:1, i:0) file /home/runner/work/ozone/ozone/hadoop-ozone/integration-test/target/test-dir/MiniOzoneClusterImpl-22559c4f-4ba5-459a-8a40-bbe24e716d33/datanode-6/data/ratis/520b2590-4374-4551-b05b-5a3056e26bd1/sm/snapshot.1_0
2021-10-08 06:50:24,458 [f796b749-df2d-4a3b-b27a-77ae0843fd27@group-5A3056E26BD1-StateMachineUpdater] INFO  ratis.ContainerStateMachine (ContainerStateMachine.java:takeSnapshot(303)) - group-5A3056E26BD1: Finished taking a snapshot at:(t:1, i:0) file:/home/runner/work/ozone/ozone/hadoop-ozone/integration-test/target/test-dir/MiniOzoneClusterImpl-22559c4f-4ba5-459a-8a40-bbe24e716d33/datanode-6/data/ratis/520b2590-4374-4551-b05b-5a3056e26bd1/sm/snapshot.1_0 took: 3 ms
2021-10-08 06:50:24,458 [f796b749-df2d-4a3b-b27a-77ae0843fd27@group-5A3056E26BD1-StateMachineUpdater] INFO  impl.StateMachineUpdater (StateMachineUpdater.java:takeSnapshot(281)) - f796b749-df2d-4a3b-b27a-77ae0843fd27@group-5A3056E26BD1-StateMachineUpdater: Took a snapshot at index 0
2021-10-08 06:50:24,458 [f796b749-df2d-4a3b-b27a-77ae0843fd27@group-5A3056E26BD1-StateMachineUpdater] INFO  impl.StateMachineUpdater (StateMachineUpdater.java:lambda$new$0(89)) - f796b749-df2d-4a3b-b27a-77ae0843fd27@group-5A3056E26BD1-StateMachineUpdater: snapshotIndex: updateIncreasingly -1 -> 0
2021-10-08 06:50:24,459 [grpc-default-executor-2] INFO  ratis.XceiverServerRatis (XceiverServerRatis.java:handleLeaderChangedNotification(861)) - Leader change notification received for group: group-5A3056E26BD1 with new leaderId: f796b749-df2d-4a3b-b27a-77ae0843fd27
2021-10-08 06:50:24,459 [grpc-default-executor-2] INFO  server.RaftServer$Division (ServerState.java:setLeader(285)) - b944db8f-6cbb-4a51-b46c-fbe444116a05@group-5A3056E26BD1: change Leader from null to f796b749-df2d-4a3b-b27a-77ae0843fd27 at term 1 for appendEntries, leader elected after 5060ms
2021-10-08 06:50:24,471 [grpc-default-executor-1] INFO  ratis.XceiverServerRatis (XceiverServerRatis.java:handleLeaderChangedNotification(861)) - Leader change notification received for group: group-5A3056E26BD1 with new leaderId: f796b749-df2d-4a3b-b27a-77ae0843fd27
2021-10-08 06:50:24,472 [grpc-default-executor-1] INFO  server.RaftServer$Division (ServerState.java:setLeader(285)) - 9e524b8f-78bb-4c18-ad9a-9ed1597fb879@group-5A3056E26BD1: change Leader from null to f796b749-df2d-4a3b-b27a-77ae0843fd27 at term 1 for appendEntries, leader elected after 5006ms
2021-10-08 06:50:24,484 [grpc-default-executor-2] INFO  server.RaftServer$Division (ServerState.java:setRaftConf(387)) - b944db8f-6cbb-4a51-b46c-fbe444116a05@group-5A3056E26BD1: set configuration 0: [f796b749-df2d-4a3b-b27a-77ae0843fd27|rpc:10.1.0.41:38397|dataStream:|priority:1, b944db8f-6cbb-4a51-b46c-fbe444116a05|rpc:10.1.0.41:35691|dataStream:|priority:0, 9e524b8f-78bb-4c18-ad9a-9ed1597fb879|rpc:10.1.0.41:33001|dataStream:|priority:0], old=null
2021-10-08 06:50:24,484 [grpc-default-executor-2] INFO  segmented.SegmentedRaftLogWorker (SegmentedRaftLogWorker.java:startLogSegment(394)) - b944db8f-6cbb-4a51-b46c-fbe444116a05@group-5A3056E26BD1-SegmentedRaftLogWorker: Starting segment from index:0
2021-10-08 06:50:24,485 [grpc-default-executor-1] INFO  server.RaftServer$Division (ServerState.java:setRaftConf(387)) - 9e524b8f-78bb-4c18-ad9a-9ed1597fb879@group-5A3056E26BD1: set configuration 0: [f796b749-df2d-4a3b-b27a-77ae0843fd27|rpc:10.1.0.41:38397|dataStream:|priority:1, b944db8f-6cbb-4a51-b46c-fbe444116a05|rpc:10.1.0.41:35691|dataStream:|priority:0, 9e524b8f-78bb-4c18-ad9a-9ed1597fb879|rpc:10.1.0.41:33001|dataStream:|priority:0], old=null
2021-10-08 06:50:24,485 [grpc-default-executor-1] INFO  segmented.SegmentedRaftLogWorker (SegmentedRaftLogWorker.java:startLogSegment(394)) - 9e524b8f-78bb-4c18-ad9a-9ed1597fb879@group-5A3056E26BD1-SegmentedRaftLogWorker: Starting segment from index:0
2021-10-08 06:50:24,487 [9e524b8f-78bb-4c18-ad9a-9ed1597fb879@group-5A3056E26BD1-SegmentedRaftLogWorker] INFO  segmented.SegmentedRaftLogWorker (SegmentedRaftLogWorker.java:execute(601)) - 9e524b8f-78bb-4c18-ad9a-9ed1597fb879@group-5A3056E26BD1-SegmentedRaftLogWorker: created new log segment /home/runner/work/ozone/ozone/hadoop-ozone/integration-test/target/test-dir/MiniOzoneClusterImpl-22559c4f-4ba5-459a-8a40-bbe24e716d33/datanode-8/data/ratis/520b2590-4374-4551-b05b-5a3056e26bd1/current/log_inprogress_0
2021-10-08 06:50:24,487 [b944db8f-6cbb-4a51-b46c-fbe444116a05@group-5A3056E26BD1-SegmentedRaftLogWorker] INFO  segmented.SegmentedRaftLogWorker (SegmentedRaftLogWorker.java:execute(601)) - b944db8f-6cbb-4a51-b46c-fbe444116a05@group-5A3056E26BD1-SegmentedRaftLogWorker: created new log segment /home/runner/work/ozone/ozone/hadoop-ozone/integration-test/target/test-dir/MiniOzoneClusterImpl-22559c4f-4ba5-459a-8a40-bbe24e716d33/datanode-7/data/ratis/520b2590-4374-4551-b05b-5a3056e26bd1/current/log_inprogress_0
2021-10-08 06:50:24,503 [9e524b8f-78bb-4c18-ad9a-9ed1597fb879@group-5A3056E26BD1-StateMachineUpdater] INFO  ratis.ContainerStateMachine (ContainerStateMachine.java:takeSnapshot(292)) - group-5A3056E26BD1: Taking a snapshot at:(t:1, i:0) file /home/runner/work/ozone/ozone/hadoop-ozone/integration-test/target/test-dir/MiniOzoneClusterImpl-22559c4f-4ba5-459a-8a40-bbe24e716d33/datanode-8/data/ratis/520b2590-4374-4551-b05b-5a3056e26bd1/sm/snapshot.1_0
2021-10-08 06:50:24,503 [9e524b8f-78bb-4c18-ad9a-9ed1597fb879@group-5A3056E26BD1-StateMachineUpdater] INFO  ratis.ContainerStateMachine (ContainerStateMachine.java:takeSnapshot(303)) - group-5A3056E26BD1: Finished taking a snapshot at:(t:1, i:0) file:/home/runner/work/ozone/ozone/hadoop-ozone/integration-test/target/test-dir/MiniOzoneClusterImpl-22559c4f-4ba5-459a-8a40-bbe24e716d33/datanode-8/data/ratis/520b2590-4374-4551-b05b-5a3056e26bd1/sm/snapshot.1_0 took: 1 ms
2021-10-08 06:50:24,504 [9e524b8f-78bb-4c18-ad9a-9ed1597fb879@group-5A3056E26BD1-StateMachineUpdater] INFO  impl.StateMachineUpdater (StateMachineUpdater.java:takeSnapshot(281)) - 9e524b8f-78bb-4c18-ad9a-9ed1597fb879@group-5A3056E26BD1-StateMachineUpdater: Took a snapshot at index 0
2021-10-08 06:50:24,504 [9e524b8f-78bb-4c18-ad9a-9ed1597fb879@group-5A3056E26BD1-StateMachineUpdater] INFO  impl.StateMachineUpdater (StateMachineUpdater.java:lambda$new$0(89)) - 9e524b8f-78bb-4c18-ad9a-9ed1597fb879@group-5A3056E26BD1-StateMachineUpdater: snapshotIndex: updateIncreasingly -1 -> 0
2021-10-08 06:50:24,510 [b944db8f-6cbb-4a51-b46c-fbe444116a05@group-5A3056E26BD1-StateMachineUpdater] INFO  ratis.ContainerStateMachine (ContainerStateMachine.java:takeSnapshot(292)) - group-5A3056E26BD1: Taking a snapshot at:(t:1, i:0) file /home/runner/work/ozone/ozone/hadoop-ozone/integration-test/target/test-dir/MiniOzoneClusterImpl-22559c4f-4ba5-459a-8a40-bbe24e716d33/datanode-7/data/ratis/520b2590-4374-4551-b05b-5a3056e26bd1/sm/snapshot.1_0
2021-10-08 06:50:24,510 [b944db8f-6cbb-4a51-b46c-fbe444116a05@group-5A3056E26BD1-StateMachineUpdater] INFO  ratis.ContainerStateMachine (ContainerStateMachine.java:takeSnapshot(303)) - group-5A3056E26BD1: Finished taking a snapshot at:(t:1, i:0) file:/home/runner/work/ozone/ozone/hadoop-ozone/integration-test/target/test-dir/MiniOzoneClusterImpl-22559c4f-4ba5-459a-8a40-bbe24e716d33/datanode-7/data/ratis/520b2590-4374-4551-b05b-5a3056e26bd1/sm/snapshot.1_0 took: 1 ms
2021-10-08 06:50:24,511 [b944db8f-6cbb-4a51-b46c-fbe444116a05@group-5A3056E26BD1-StateMachineUpdater] INFO  impl.StateMachineUpdater (StateMachineUpdater.java:takeSnapshot(281)) - b944db8f-6cbb-4a51-b46c-fbe444116a05@group-5A3056E26BD1-StateMachineUpdater: Took a snapshot at index 0
2021-10-08 06:50:24,511 [b944db8f-6cbb-4a51-b46c-fbe444116a05@group-5A3056E26BD1-StateMachineUpdater] INFO  impl.StateMachineUpdater (StateMachineUpdater.java:lambda$new$0(89)) - b944db8f-6cbb-4a51-b46c-fbe444116a05@group-5A3056E26BD1-StateMachineUpdater: snapshotIndex: updateIncreasingly -1 -> 0
2021-10-08 06:50:24,616 [b944db8f-6cbb-4a51-b46c-fbe444116a05@group-1C3C7271DE1C-FollowerState] INFO  impl.FollowerState (FollowerState.java:run(134)) - b944db8f-6cbb-4a51-b46c-fbe444116a05@group-1C3C7271DE1C-FollowerState: change to CANDIDATE, lastRpcElapsedTime:5158359106ns, electionTimeout:5154ms
2021-10-08 06:50:24,617 [b944db8f-6cbb-4a51-b46c-fbe444116a05@group-1C3C7271DE1C-FollowerState] INFO  impl.RoleInfo (RoleInfo.java:shutdownFollowerState(108)) - b944db8f-6cbb-4a51-b46c-fbe444116a05: shutdown b944db8f-6cbb-4a51-b46c-fbe444116a05@group-1C3C7271DE1C-FollowerState
2021-10-08 06:50:24,617 [b944db8f-6cbb-4a51-b46c-fbe444116a05@group-1C3C7271DE1C-FollowerState] INFO  server.RaftServer$Division (RaftServerImpl.java:setRole(285)) - b944db8f-6cbb-4a51-b46c-fbe444116a05@group-1C3C7271DE1C: changes role from  FOLLOWER to CANDIDATE at term 0 for changeToCandidate
2021-10-08 06:50:24,617 [b944db8f-6cbb-4a51-b46c-fbe444116a05@group-1C3C7271DE1C-FollowerState] INFO  server.RaftServerConfigKeys (ConfUtils.java:logGet(44)) - raft.server.leaderelection.pre-vote = false (custom)
2021-10-08 06:50:24,617 [b944db8f-6cbb-4a51-b46c-fbe444116a05@group-1C3C7271DE1C-FollowerState] INFO  impl.RoleInfo (RoleInfo.java:updateAndGet(130)) - b944db8f-6cbb-4a51-b46c-fbe444116a05: start b944db8f-6cbb-4a51-b46c-fbe444116a05@group-1C3C7271DE1C-LeaderElection17
2021-10-08 06:50:24,623 [b944db8f-6cbb-4a51-b46c-fbe444116a05@group-1C3C7271DE1C-LeaderElection17] INFO  impl.LeaderElection (LeaderElection.java:askForVotes(306)) - b944db8f-6cbb-4a51-b46c-fbe444116a05@group-1C3C7271DE1C-LeaderElection17 ELECTION round 0: submit vote requests at term 1 for -1: [b944db8f-6cbb-4a51-b46c-fbe444116a05|rpc:10.1.0.41:35691|priority:1], old=null
2021-10-08 06:50:24,623 [b944db8f-6cbb-4a51-b46c-fbe444116a05@group-1C3C7271DE1C-LeaderElection17] INFO  impl.LeaderElection (LeaderElection.java:askForVotes(308)) - b944db8f-6cbb-4a51-b46c-fbe444116a05@group-1C3C7271DE1C-LeaderElection17 ELECTION round 0: result PASSED (term=1)
2021-10-08 06:50:24,623 [b944db8f-6cbb-4a51-b46c-fbe444116a05@group-1C3C7271DE1C-LeaderElection17] INFO  impl.RoleInfo (RoleInfo.java:shutdownLeaderElection(121)) - b944db8f-6cbb-4a51-b46c-fbe444116a05: shutdown b944db8f-6cbb-4a51-b46c-fbe444116a05@group-1C3C7271DE1C-LeaderElection17
2021-10-08 06:50:24,623 [b944db8f-6cbb-4a51-b46c-fbe444116a05@group-1C3C7271DE1C-LeaderElection17] INFO  server.RaftServer$Division (RaftServerImpl.java:setRole(285)) - b944db8f-6cbb-4a51-b46c-fbe444116a05@group-1C3C7271DE1C: changes role from CANDIDATE to LEADER at term 1 for changeToLeader
2021-10-08 06:50:24,623 [b944db8f-6cbb-4a51-b46c-fbe444116a05@group-1C3C7271DE1C-LeaderElection17] INFO  ratis.XceiverServerRatis (XceiverServerRatis.java:handleLeaderChangedNotification(861)) - Leader change notification received for group: group-1C3C7271DE1C with new leaderId: b944db8f-6cbb-4a51-b46c-fbe444116a05
2021-10-08 06:50:24,623 [b944db8f-6cbb-4a51-b46c-fbe444116a05@group-1C3C7271DE1C-LeaderElection17] INFO  server.RaftServer$Division (ServerState.java:setLeader(285)) - b944db8f-6cbb-4a51-b46c-fbe444116a05@group-1C3C7271DE1C: change Leader from null to b944db8f-6cbb-4a51-b46c-fbe444116a05 at term 1 for becomeLeader, leader elected after 5190ms
2021-10-08 06:50:24,624 [b944db8f-6cbb-4a51-b46c-fbe444116a05@group-1C3C7271DE1C-LeaderElection17] INFO  server.RaftServerConfigKeys (ConfUtils.java:logGet(44)) - raft.server.staging.catchup.gap = 1000 (default)
2021-10-08 06:50:24,624 [b944db8f-6cbb-4a51-b46c-fbe444116a05@group-1C3C7271DE1C-LeaderElection17] INFO  server.RaftServerConfigKeys (ConfUtils.java:logGet(44)) - raft.server.write.element-limit = 1024 (custom)
2021-10-08 06:50:24,625 [b944db8f-6cbb-4a51-b46c-fbe444116a05@group-1C3C7271DE1C-LeaderElection17] INFO  server.RaftServerConfigKeys (ConfUtils.java:logGet(44)) - raft.server.write.byte-limit = 1024 M (=1073741824) (custom)
2021-10-08 06:50:24,625 [b944db8f-6cbb-4a51-b46c-fbe444116a05@group-1C3C7271DE1C-LeaderElection17] INFO  server.RaftServerConfigKeys (ConfUtils.java:logGet(44)) - raft.server.watch.timeout = 10000ms (default)
2021-10-08 06:50:24,625 [b944db8f-6cbb-4a51-b46c-fbe444116a05@group-1C3C7271DE1C-LeaderElection17] INFO  server.RaftServerConfigKeys (ConfUtils.java:logGet(44)) - raft.server.watch.timeout.denomination = 1s (default)
2021-10-08 06:50:24,625 [b944db8f-6cbb-4a51-b46c-fbe444116a05@group-1C3C7271DE1C-LeaderElection17] INFO  server.RaftServerConfigKeys (ConfUtils.java:logGet(44)) - raft.server.watch.element-limit = 65536 (default)
2021-10-08 06:50:24,626 [b944db8f-6cbb-4a51-b46c-fbe444116a05@group-1C3C7271DE1C-LeaderElection17] INFO  impl.RoleInfo (RoleInfo.java:updateAndGet(130)) - b944db8f-6cbb-4a51-b46c-fbe444116a05: start b944db8f-6cbb-4a51-b46c-fbe444116a05@group-1C3C7271DE1C-LeaderStateImpl
2021-10-08 06:50:24,626 [b944db8f-6cbb-4a51-b46c-fbe444116a05@group-1C3C7271DE1C-LeaderElection17] INFO  segmented.SegmentedRaftLogWorker (SegmentedRaftLogWorker.java:startLogSegment(394)) - b944db8f-6cbb-4a51-b46c-fbe444116a05@group-1C3C7271DE1C-SegmentedRaftLogWorker: Starting segment from index:0
2021-10-08 06:50:24,628 [b944db8f-6cbb-4a51-b46c-fbe444116a05@group-1C3C7271DE1C-SegmentedRaftLogWorker] INFO  segmented.SegmentedRaftLogWorker (SegmentedRaftLogWorker.java:execute(601)) - b944db8f-6cbb-4a51-b46c-fbe444116a05@group-1C3C7271DE1C-SegmentedRaftLogWorker: created new log segment /home/runner/work/ozone/ozone/hadoop-ozone/integration-test/target/test-dir/MiniOzoneClusterImpl-22559c4f-4ba5-459a-8a40-bbe24e716d33/datanode-7/data/ratis/97cbc185-0561-42d3-b12c-1c3c7271de1c/current/log_inprogress_0
2021-10-08 06:50:24,631 [b944db8f-6cbb-4a51-b46c-fbe444116a05@group-1C3C7271DE1C-LeaderElection17] INFO  server.RaftServer$Division (ServerState.java:setRaftConf(387)) - b944db8f-6cbb-4a51-b46c-fbe444116a05@group-1C3C7271DE1C: set configuration 0: [b944db8f-6cbb-4a51-b46c-fbe444116a05|rpc:10.1.0.41:35691|dataStream:|priority:1], old=null
2021-10-08 06:50:24,632 [b944db8f-6cbb-4a51-b46c-fbe444116a05@group-1C3C7271DE1C-StateMachineUpdater] INFO  ratis.ContainerStateMachine (ContainerStateMachine.java:takeSnapshot(292)) - group-1C3C7271DE1C: Taking a snapshot at:(t:1, i:0) file /home/runner/work/ozone/ozone/hadoop-ozone/integration-test/target/test-dir/MiniOzoneClusterImpl-22559c4f-4ba5-459a-8a40-bbe24e716d33/datanode-7/data/ratis/97cbc185-0561-42d3-b12c-1c3c7271de1c/sm/snapshot.1_0
2021-10-08 06:50:24,633 [b944db8f-6cbb-4a51-b46c-fbe444116a05@group-1C3C7271DE1C-StateMachineUpdater] INFO  ratis.ContainerStateMachine (ContainerStateMachine.java:takeSnapshot(303)) - group-1C3C7271DE1C: Finished taking a snapshot at:(t:1, i:0) file:/home/runner/work/ozone/ozone/hadoop-ozone/integration-test/target/test-dir/MiniOzoneClusterImpl-22559c4f-4ba5-459a-8a40-bbe24e716d33/datanode-7/data/ratis/97cbc185-0561-42d3-b12c-1c3c7271de1c/sm/snapshot.1_0 took: 0 ms
2021-10-08 06:50:24,633 [b944db8f-6cbb-4a51-b46c-fbe444116a05@group-1C3C7271DE1C-StateMachineUpdater] INFO  impl.StateMachineUpdater (StateMachineUpdater.java:takeSnapshot(281)) - b944db8f-6cbb-4a51-b46c-fbe444116a05@group-1C3C7271DE1C-StateMachineUpdater: Took a snapshot at index 0
2021-10-08 06:50:24,633 [b944db8f-6cbb-4a51-b46c-fbe444116a05@group-1C3C7271DE1C-StateMachineUpdater] INFO  impl.StateMachineUpdater (StateMachineUpdater.java:lambda$new$0(89)) - b944db8f-6cbb-4a51-b46c-fbe444116a05@group-1C3C7271DE1C-StateMachineUpdater: snapshotIndex: updateIncreasingly -1 -> 0
2021-10-08 06:50:24,745 [9e524b8f-78bb-4c18-ad9a-9ed1597fb879@group-365FC84CEB9B-FollowerState] INFO  impl.FollowerState (FollowerState.java:run(134)) - 9e524b8f-78bb-4c18-ad9a-9ed1597fb879@group-365FC84CEB9B-FollowerState: change to CANDIDATE, lastRpcElapsedTime:5073504889ns, electionTimeout:5073ms
2021-10-08 06:50:24,745 [9e524b8f-78bb-4c18-ad9a-9ed1597fb879@group-365FC84CEB9B-FollowerState] INFO  impl.RoleInfo (RoleInfo.java:shutdownFollowerState(108)) - 9e524b8f-78bb-4c18-ad9a-9ed1597fb879: shutdown 9e524b8f-78bb-4c18-ad9a-9ed1597fb879@group-365FC84CEB9B-FollowerState
2021-10-08 06:50:24,745 [9e524b8f-78bb-4c18-ad9a-9ed1597fb879@group-365FC84CEB9B-FollowerState] INFO  server.RaftServer$Division (RaftServerImpl.java:setRole(285)) - 9e524b8f-78bb-4c18-ad9a-9ed1597fb879@group-365FC84CEB9B: changes role from  FOLLOWER to CANDIDATE at term 0 for changeToCandidate
2021-10-08 06:50:24,747 [9e524b8f-78bb-4c18-ad9a-9ed1597fb879@group-365FC84CEB9B-FollowerState] INFO  server.RaftServerConfigKeys (ConfUtils.java:logGet(44)) - raft.server.leaderelection.pre-vote = false (custom)
2021-10-08 06:50:24,747 [9e524b8f-78bb-4c18-ad9a-9ed1597fb879@group-365FC84CEB9B-FollowerState] INFO  impl.RoleInfo (RoleInfo.java:updateAndGet(130)) - 9e524b8f-78bb-4c18-ad9a-9ed1597fb879: start 9e524b8f-78bb-4c18-ad9a-9ed1597fb879@group-365FC84CEB9B-LeaderElection18
2021-10-08 06:50:24,750 [9e524b8f-78bb-4c18-ad9a-9ed1597fb879@group-365FC84CEB9B-LeaderElection18] INFO  impl.LeaderElection (LeaderElection.java:askForVotes(306)) - 9e524b8f-78bb-4c18-ad9a-9ed1597fb879@group-365FC84CEB9B-LeaderElection18 ELECTION round 0: submit vote requests at term 1 for -1: [9e524b8f-78bb-4c18-ad9a-9ed1597fb879|rpc:10.1.0.41:33001|priority:1], old=null
2021-10-08 06:50:24,750 [9e524b8f-78bb-4c18-ad9a-9ed1597fb879@group-365FC84CEB9B-LeaderElection18] INFO  impl.LeaderElection (LeaderElection.java:askForVotes(308)) - 9e524b8f-78bb-4c18-ad9a-9ed1597fb879@group-365FC84CEB9B-LeaderElection18 ELECTION round 0: result PASSED (term=1)
2021-10-08 06:50:24,750 [9e524b8f-78bb-4c18-ad9a-9ed1597fb879@group-365FC84CEB9B-LeaderElection18] INFO  impl.RoleInfo (RoleInfo.java:shutdownLeaderElection(121)) - 9e524b8f-78bb-4c18-ad9a-9ed1597fb879: shutdown 9e524b8f-78bb-4c18-ad9a-9ed1597fb879@group-365FC84CEB9B-LeaderElection18
2021-10-08 06:50:24,750 [9e524b8f-78bb-4c18-ad9a-9ed1597fb879@group-365FC84CEB9B-LeaderElection18] INFO  server.RaftServer$Division (RaftServerImpl.java:setRole(285)) - 9e524b8f-78bb-4c18-ad9a-9ed1597fb879@group-365FC84CEB9B: changes role from CANDIDATE to LEADER at term 1 for changeToLeader
2021-10-08 06:50:24,750 [9e524b8f-78bb-4c18-ad9a-9ed1597fb879@group-365FC84CEB9B-LeaderElection18] INFO  ratis.XceiverServerRatis (XceiverServerRatis.java:handleLeaderChangedNotification(861)) - Leader change notification received for group: group-365FC84CEB9B with new leaderId: 9e524b8f-78bb-4c18-ad9a-9ed1597fb879
2021-10-08 06:50:24,750 [9e524b8f-78bb-4c18-ad9a-9ed1597fb879@group-365FC84CEB9B-LeaderElection18] INFO  server.RaftServer$Division (ServerState.java:setLeader(285)) - 9e524b8f-78bb-4c18-ad9a-9ed1597fb879@group-365FC84CEB9B: change Leader from null to 9e524b8f-78bb-4c18-ad9a-9ed1597fb879 at term 1 for becomeLeader, leader elected after 5088ms
2021-10-08 06:50:24,750 [9e524b8f-78bb-4c18-ad9a-9ed1597fb879@group-365FC84CEB9B-LeaderElection18] INFO  server.RaftServerConfigKeys (ConfUtils.java:logGet(44)) - raft.server.staging.catchup.gap = 1000 (default)
2021-10-08 06:50:24,750 [Datanode State Machine Thread - 0] WARN  statemachine.StateContext (StateContext.java:execute(621)) - No available thread in pool for past 0 seconds.
2021-10-08 06:50:24,751 [9e524b8f-78bb-4c18-ad9a-9ed1597fb879@group-365FC84CEB9B-LeaderElection18] INFO  server.RaftServerConfigKeys (ConfUtils.java:logGet(44)) - raft.server.write.element-limit = 1024 (custom)
2021-10-08 06:50:24,751 [9e524b8f-78bb-4c18-ad9a-9ed1597fb879@group-365FC84CEB9B-LeaderElection18] INFO  server.RaftServerConfigKeys (ConfUtils.java:logGet(44)) - raft.server.write.byte-limit = 1024 M (=1073741824) (custom)
2021-10-08 06:50:24,751 [9e524b8f-78bb-4c18-ad9a-9ed1597fb879@group-365FC84CEB9B-LeaderElection18] INFO  server.RaftServerConfigKeys (ConfUtils.java:logGet(44)) - raft.server.watch.timeout = 10000ms (default)
2021-10-08 06:50:24,751 [9e524b8f-78bb-4c18-ad9a-9ed1597fb879@group-365FC84CEB9B-LeaderElection18] INFO  server.RaftServerConfigKeys (ConfUtils.java:logGet(44)) - raft.server.watch.timeout.denomination = 1s (default)
2021-10-08 06:50:24,752 [9e524b8f-78bb-4c18-ad9a-9ed1597fb879@group-365FC84CEB9B-LeaderElection18] INFO  server.RaftServerConfigKeys (ConfUtils.java:logGet(44)) - raft.server.watch.element-limit = 65536 (default)
2021-10-08 06:50:24,752 [9e524b8f-78bb-4c18-ad9a-9ed1597fb879@group-365FC84CEB9B-LeaderElection18] INFO  impl.RoleInfo (RoleInfo.java:updateAndGet(130)) - 9e524b8f-78bb-4c18-ad9a-9ed1597fb879: start 9e524b8f-78bb-4c18-ad9a-9ed1597fb879@group-365FC84CEB9B-LeaderStateImpl
2021-10-08 06:50:24,752 [9e524b8f-78bb-4c18-ad9a-9ed1597fb879@group-365FC84CEB9B-LeaderElection18] INFO  segmented.SegmentedRaftLogWorker (SegmentedRaftLogWorker.java:startLogSegment(394)) - 9e524b8f-78bb-4c18-ad9a-9ed1597fb879@group-365FC84CEB9B-SegmentedRaftLogWorker: Starting segment from index:0
2021-10-08 06:50:24,757 [9e524b8f-78bb-4c18-ad9a-9ed1597fb879@group-365FC84CEB9B-LeaderElection18] INFO  server.RaftServer$Division (ServerState.java:setRaftConf(387)) - 9e524b8f-78bb-4c18-ad9a-9ed1597fb879@group-365FC84CEB9B: set configuration 0: [9e524b8f-78bb-4c18-ad9a-9ed1597fb879|rpc:10.1.0.41:33001|dataStream:|priority:1], old=null
2021-10-08 06:50:24,758 [9e524b8f-78bb-4c18-ad9a-9ed1597fb879@group-365FC84CEB9B-SegmentedRaftLogWorker] INFO  segmented.SegmentedRaftLogWorker (SegmentedRaftLogWorker.java:execute(601)) - 9e524b8f-78bb-4c18-ad9a-9ed1597fb879@group-365FC84CEB9B-SegmentedRaftLogWorker: created new log segment /home/runner/work/ozone/ozone/hadoop-ozone/integration-test/target/test-dir/MiniOzoneClusterImpl-22559c4f-4ba5-459a-8a40-bbe24e716d33/datanode-8/data/ratis/e118002e-241c-4bb2-a122-365fc84ceb9b/current/log_inprogress_0
2021-10-08 06:50:24,759 [9e524b8f-78bb-4c18-ad9a-9ed1597fb879@group-365FC84CEB9B-StateMachineUpdater] INFO  ratis.ContainerStateMachine (ContainerStateMachine.java:takeSnapshot(292)) - group-365FC84CEB9B: Taking a snapshot at:(t:1, i:0) file /home/runner/work/ozone/ozone/hadoop-ozone/integration-test/target/test-dir/MiniOzoneClusterImpl-22559c4f-4ba5-459a-8a40-bbe24e716d33/datanode-8/data/ratis/e118002e-241c-4bb2-a122-365fc84ceb9b/sm/snapshot.1_0
2021-10-08 06:50:24,760 [9e524b8f-78bb-4c18-ad9a-9ed1597fb879@group-365FC84CEB9B-StateMachineUpdater] INFO  ratis.ContainerStateMachine (ContainerStateMachine.java:takeSnapshot(303)) - group-365FC84CEB9B: Finished taking a snapshot at:(t:1, i:0) file:/home/runner/work/ozone/ozone/hadoop-ozone/integration-test/target/test-dir/MiniOzoneClusterImpl-22559c4f-4ba5-459a-8a40-bbe24e716d33/datanode-8/data/ratis/e118002e-241c-4bb2-a122-365fc84ceb9b/sm/snapshot.1_0 took: 0 ms
2021-10-08 06:50:24,760 [9e524b8f-78bb-4c18-ad9a-9ed1597fb879@group-365FC84CEB9B-StateMachineUpdater] INFO  impl.StateMachineUpdater (StateMachineUpdater.java:takeSnapshot(281)) - 9e524b8f-78bb-4c18-ad9a-9ed1597fb879@group-365FC84CEB9B-StateMachineUpdater: Took a snapshot at index 0
2021-10-08 06:50:24,760 [9e524b8f-78bb-4c18-ad9a-9ed1597fb879@group-365FC84CEB9B-StateMachineUpdater] INFO  impl.StateMachineUpdater (StateMachineUpdater.java:lambda$new$0(89)) - 9e524b8f-78bb-4c18-ad9a-9ed1597fb879@group-365FC84CEB9B-StateMachineUpdater: snapshotIndex: updateIncreasingly -1 -> 0
2021-10-08 06:50:24,908 [Listener at 127.0.0.1/41649] INFO  ozone.MiniOzoneClusterImpl (MiniOzoneClusterImpl.java:lambda$waitForClusterToBeReady$0(235)) - Nodes are ready. Got 10 of 10 DN Heartbeats.
2021-10-08 06:50:24,908 [Listener at 127.0.0.1/41649] INFO  ozone.MiniOzoneClusterImpl (MiniOzoneClusterImpl.java:lambda$waitForClusterToBeReady$0(238)) - Cluster exits safe mode
2021-10-08 06:50:24,908 [Listener at 127.0.0.1/41649] INFO  ozone.MiniOzoneClusterImpl (MiniOzoneClusterImpl.java:lambda$waitForClusterToBeReady$0(240)) - SCM became leader
2021-10-08 06:50:24,985 [b0b2d392-3da8-4dee-b45c-d1c7031a6e62@group-67450FE1EE98-FollowerState] INFO  impl.FollowerState (FollowerState.java:run(134)) - b0b2d392-3da8-4dee-b45c-d1c7031a6e62@group-67450FE1EE98-FollowerState: change to CANDIDATE, lastRpcElapsedTime:5061334383ns, electionTimeout:5060ms
2021-10-08 06:50:24,985 [b0b2d392-3da8-4dee-b45c-d1c7031a6e62@group-67450FE1EE98-FollowerState] INFO  impl.RoleInfo (RoleInfo.java:shutdownFollowerState(108)) - b0b2d392-3da8-4dee-b45c-d1c7031a6e62: shutdown b0b2d392-3da8-4dee-b45c-d1c7031a6e62@group-67450FE1EE98-FollowerState
2021-10-08 06:50:24,985 [b0b2d392-3da8-4dee-b45c-d1c7031a6e62@group-67450FE1EE98-FollowerState] INFO  server.RaftServer$Division (RaftServerImpl.java:setRole(285)) - b0b2d392-3da8-4dee-b45c-d1c7031a6e62@group-67450FE1EE98: changes role from  FOLLOWER to CANDIDATE at term 0 for changeToCandidate
2021-10-08 06:50:24,987 [b0b2d392-3da8-4dee-b45c-d1c7031a6e62@group-67450FE1EE98-FollowerState] INFO  server.RaftServerConfigKeys (ConfUtils.java:logGet(44)) - raft.server.leaderelection.pre-vote = false (custom)
2021-10-08 06:50:24,987 [b0b2d392-3da8-4dee-b45c-d1c7031a6e62@group-67450FE1EE98-FollowerState] INFO  impl.RoleInfo (RoleInfo.java:updateAndGet(130)) - b0b2d392-3da8-4dee-b45c-d1c7031a6e62: start b0b2d392-3da8-4dee-b45c-d1c7031a6e62@group-67450FE1EE98-LeaderElection19
2021-10-08 06:50:24,995 [b0b2d392-3da8-4dee-b45c-d1c7031a6e62@group-67450FE1EE98-LeaderElection19] INFO  impl.LeaderElection (LeaderElection.java:askForVotes(306)) - b0b2d392-3da8-4dee-b45c-d1c7031a6e62@group-67450FE1EE98-LeaderElection19 ELECTION round 0: submit vote requests at term 1 for -1: [b0b2d392-3da8-4dee-b45c-d1c7031a6e62|rpc:10.1.0.41:45385|priority:1], old=null
2021-10-08 06:50:24,996 [b0b2d392-3da8-4dee-b45c-d1c7031a6e62@group-67450FE1EE98-LeaderElection19] INFO  impl.LeaderElection (LeaderElection.java:askForVotes(308)) - b0b2d392-3da8-4dee-b45c-d1c7031a6e62@group-67450FE1EE98-LeaderElection19 ELECTION round 0: result PASSED (term=1)
2021-10-08 06:50:24,996 [b0b2d392-3da8-4dee-b45c-d1c7031a6e62@group-67450FE1EE98-LeaderElection19] INFO  impl.RoleInfo (RoleInfo.java:shutdownLeaderElection(121)) - b0b2d392-3da8-4dee-b45c-d1c7031a6e62: shutdown b0b2d392-3da8-4dee-b45c-d1c7031a6e62@group-67450FE1EE98-LeaderElection19
2021-10-08 06:50:24,996 [b0b2d392-3da8-4dee-b45c-d1c7031a6e62@group-67450FE1EE98-LeaderElection19] INFO  server.RaftServer$Division (RaftServerImpl.java:setRole(285)) - b0b2d392-3da8-4dee-b45c-d1c7031a6e62@group-67450FE1EE98: changes role from CANDIDATE to LEADER at term 1 for changeToLeader
2021-10-08 06:50:24,996 [b0b2d392-3da8-4dee-b45c-d1c7031a6e62@group-67450FE1EE98-LeaderElection19] INFO  ratis.XceiverServerRatis (XceiverServerRatis.java:handleLeaderChangedNotification(861)) - Leader change notification received for group: group-67450FE1EE98 with new leaderId: b0b2d392-3da8-4dee-b45c-d1c7031a6e62
2021-10-08 06:50:24,996 [Datanode State Machine Thread - 0] WARN  statemachine.StateContext (StateContext.java:execute(621)) - No available thread in pool for past 0 seconds.
2021-10-08 06:50:24,997 [b0b2d392-3da8-4dee-b45c-d1c7031a6e62@group-67450FE1EE98-LeaderElection19] INFO  server.RaftServer$Division (ServerState.java:setLeader(285)) - b0b2d392-3da8-4dee-b45c-d1c7031a6e62@group-67450FE1EE98: change Leader from null to b0b2d392-3da8-4dee-b45c-d1c7031a6e62 at term 1 for becomeLeader, leader elected after 5082ms
2021-10-08 06:50:24,998 [b0b2d392-3da8-4dee-b45c-d1c7031a6e62@group-67450FE1EE98-LeaderElection19] INFO  server.RaftServerConfigKeys (ConfUtils.java:logGet(44)) - raft.server.staging.catchup.gap = 1000 (default)
2021-10-08 06:50:24,999 [b0b2d392-3da8-4dee-b45c-d1c7031a6e62@group-67450FE1EE98-LeaderElection19] INFO  server.RaftServerConfigKeys (ConfUtils.java:logGet(44)) - raft.server.write.element-limit = 1024 (custom)
2021-10-08 06:50:25,000 [b0b2d392-3da8-4dee-b45c-d1c7031a6e62@group-67450FE1EE98-LeaderElection19] INFO  server.RaftServerConfigKeys (ConfUtils.java:logGet(44)) - raft.server.write.byte-limit = 1024 M (=1073741824) (custom)
2021-10-08 06:50:25,001 [b0b2d392-3da8-4dee-b45c-d1c7031a6e62@group-67450FE1EE98-LeaderElection19] INFO  server.RaftServerConfigKeys (ConfUtils.java:logGet(44)) - raft.server.watch.timeout = 10000ms (default)
2021-10-08 06:50:25,001 [b0b2d392-3da8-4dee-b45c-d1c7031a6e62@group-67450FE1EE98-LeaderElection19] INFO  server.RaftServerConfigKeys (ConfUtils.java:logGet(44)) - raft.server.watch.timeout.denomination = 1s (default)
2021-10-08 06:50:25,002 [b0b2d392-3da8-4dee-b45c-d1c7031a6e62@group-67450FE1EE98-LeaderElection19] INFO  server.RaftServerConfigKeys (ConfUtils.java:logGet(44)) - raft.server.watch.element-limit = 65536 (default)
2021-10-08 06:50:25,003 [b0b2d392-3da8-4dee-b45c-d1c7031a6e62@group-67450FE1EE98-LeaderElection19] INFO  impl.RoleInfo (RoleInfo.java:updateAndGet(130)) - b0b2d392-3da8-4dee-b45c-d1c7031a6e62: start b0b2d392-3da8-4dee-b45c-d1c7031a6e62@group-67450FE1EE98-LeaderStateImpl
2021-10-08 06:50:25,004 [b0b2d392-3da8-4dee-b45c-d1c7031a6e62@group-67450FE1EE98-LeaderElection19] INFO  segmented.SegmentedRaftLogWorker (SegmentedRaftLogWorker.java:startLogSegment(394)) - b0b2d392-3da8-4dee-b45c-d1c7031a6e62@group-67450FE1EE98-SegmentedRaftLogWorker: Starting segment from index:0
2021-10-08 06:50:25,006 [b0b2d392-3da8-4dee-b45c-d1c7031a6e62@group-67450FE1EE98-SegmentedRaftLogWorker] INFO  segmented.SegmentedRaftLogWorker (SegmentedRaftLogWorker.java:execute(601)) - b0b2d392-3da8-4dee-b45c-d1c7031a6e62@group-67450FE1EE98-SegmentedRaftLogWorker: created new log segment /home/runner/work/ozone/ozone/hadoop-ozone/integration-test/target/test-dir/MiniOzoneClusterImpl-22559c4f-4ba5-459a-8a40-bbe24e716d33/datanode-9/data/ratis/21df101d-0eb9-4853-89ba-67450fe1ee98/current/log_inprogress_0
2021-10-08 06:50:25,022 [b0b2d392-3da8-4dee-b45c-d1c7031a6e62@group-67450FE1EE98-LeaderElection19] INFO  server.RaftServer$Division (ServerState.java:setRaftConf(387)) - b0b2d392-3da8-4dee-b45c-d1c7031a6e62@group-67450FE1EE98: set configuration 0: [b0b2d392-3da8-4dee-b45c-d1c7031a6e62|rpc:10.1.0.41:45385|dataStream:|priority:1], old=null
2021-10-08 06:50:25,023 [b0b2d392-3da8-4dee-b45c-d1c7031a6e62@group-67450FE1EE98-StateMachineUpdater] INFO  ratis.ContainerStateMachine (ContainerStateMachine.java:takeSnapshot(292)) - group-67450FE1EE98: Taking a snapshot at:(t:1, i:0) file /home/runner/work/ozone/ozone/hadoop-ozone/integration-test/target/test-dir/MiniOzoneClusterImpl-22559c4f-4ba5-459a-8a40-bbe24e716d33/datanode-9/data/ratis/21df101d-0eb9-4853-89ba-67450fe1ee98/sm/snapshot.1_0
2021-10-08 06:50:25,024 [b0b2d392-3da8-4dee-b45c-d1c7031a6e62@group-67450FE1EE98-StateMachineUpdater] INFO  ratis.ContainerStateMachine (ContainerStateMachine.java:takeSnapshot(303)) - group-67450FE1EE98: Finished taking a snapshot at:(t:1, i:0) file:/home/runner/work/ozone/ozone/hadoop-ozone/integration-test/target/test-dir/MiniOzoneClusterImpl-22559c4f-4ba5-459a-8a40-bbe24e716d33/datanode-9/data/ratis/21df101d-0eb9-4853-89ba-67450fe1ee98/sm/snapshot.1_0 took: 1 ms
2021-10-08 06:50:25,024 [b0b2d392-3da8-4dee-b45c-d1c7031a6e62@group-67450FE1EE98-StateMachineUpdater] INFO  impl.StateMachineUpdater (StateMachineUpdater.java:takeSnapshot(281)) - b0b2d392-3da8-4dee-b45c-d1c7031a6e62@group-67450FE1EE98-StateMachineUpdater: Took a snapshot at index 0
2021-10-08 06:50:25,024 [b0b2d392-3da8-4dee-b45c-d1c7031a6e62@group-67450FE1EE98-StateMachineUpdater] INFO  impl.StateMachineUpdater (StateMachineUpdater.java:lambda$new$0(89)) - b0b2d392-3da8-4dee-b45c-d1c7031a6e62@group-67450FE1EE98-StateMachineUpdater: snapshotIndex: updateIncreasingly -1 -> 0
2021-10-08 06:50:25,471 [Listener at 127.0.0.1/41649] INFO  rpc.RpcClient (RpcClient.java:createVolume(342)) - Creating Volume: testcontainerstatemachinefailures, with runner as owner and space quota set to -1 bytes, counts quota set to -1
2021-10-08 06:50:25,569 [OM StateMachine ApplyTransaction Thread - 0] INFO  volume.OMVolumeCreateRequest (OMVolumeCreateRequest.java:validateAndUpdateCache(195)) - created volume:testcontainerstatemachinefailures for user:runner
2021-10-08 06:50:25,592 [Listener at 127.0.0.1/41649] INFO  rpc.RpcClient (RpcClient.java:createBucket(502)) - Creating Bucket: testcontainerstatemachinefailures/testcontainerstatemachinefailures, with Versioning false and Storage Type set to DISK and Encryption set to false 
2021-10-08 06:50:25,667 [IPC Server handler 19 on default port 38543] INFO  ha.SequenceIdGenerator (SequenceIdGenerator.java:getNextId(127)) - Allocate a batch for containerId, change lastId from 0 to 1000.
2021-10-08 06:50:25,679 [IPC Server handler 19 on default port 38543] WARN  ha.SequenceIdGenerator (SequenceIdGenerator.java:allocateBatch(235)) - Failed to allocate a batch for localId, expected lastId is 0, actual lastId is 107544261427200000.
2021-10-08 06:50:25,679 [IPC Server handler 19 on default port 38543] INFO  ha.SequenceIdGenerator (SequenceIdGenerator.java:getNextId(127)) - Allocate a batch for localId, change lastId from 107544261427200000 to 107544261427201000.
2021-10-08 06:50:25,770 [Listener at 127.0.0.1/41649] INFO  impl.MetricsSystemImpl (MetricsSystemImpl.java:init(158)) - XceiverClientMetrics metrics system started (again)
2021-10-08 06:50:26,025 [Datanode State Machine Thread - 0] WARN  statemachine.StateContext (StateContext.java:execute(621)) - No available thread in pool for past 0 seconds.
2021-10-08 06:50:26,128 [922385f1-e84a-4e93-a4e5-a83d7e259df1@group-3519A994148A-StateMachineUpdater] INFO  ratis.ContainerStateMachine (ContainerStateMachine.java:takeSnapshot(292)) - group-3519A994148A: Taking a snapshot at:(t:1, i:2) file /home/runner/work/ozone/ozone/hadoop-ozone/integration-test/target/test-dir/MiniOzoneClusterImpl-22559c4f-4ba5-459a-8a40-bbe24e716d33/datanode-2/data/ratis/e51dd630-eb74-44f8-aae0-3519a994148a/sm/snapshot.1_2
2021-10-08 06:50:26,136 [922385f1-e84a-4e93-a4e5-a83d7e259df1@group-3519A994148A-StateMachineUpdater] INFO  ratis.ContainerStateMachine (ContainerStateMachine.java:takeSnapshot(303)) - group-3519A994148A: Finished taking a snapshot at:(t:1, i:2) file:/home/runner/work/ozone/ozone/hadoop-ozone/integration-test/target/test-dir/MiniOzoneClusterImpl-22559c4f-4ba5-459a-8a40-bbe24e716d33/datanode-2/data/ratis/e51dd630-eb74-44f8-aae0-3519a994148a/sm/snapshot.1_2 took: 6 ms
2021-10-08 06:50:26,136 [922385f1-e84a-4e93-a4e5-a83d7e259df1@group-3519A994148A-StateMachineUpdater] INFO  impl.StateMachineUpdater (StateMachineUpdater.java:takeSnapshot(281)) - 922385f1-e84a-4e93-a4e5-a83d7e259df1@group-3519A994148A-StateMachineUpdater: Took a snapshot at index 2
2021-10-08 06:50:26,136 [922385f1-e84a-4e93-a4e5-a83d7e259df1@group-3519A994148A-StateMachineUpdater] INFO  impl.StateMachineUpdater (StateMachineUpdater.java:lambda$new$0(89)) - 922385f1-e84a-4e93-a4e5-a83d7e259df1@group-3519A994148A-StateMachineUpdater: snapshotIndex: updateIncreasingly 0 -> 2
2021-10-08 06:50:26,137 [922385f1-e84a-4e93-a4e5-a83d7e259df1@group-3519A994148A-StateMachineUpdater] INFO  ratis.ContainerStateMachine (ContainerStateMachine.java:takeSnapshot(292)) - group-3519A994148A: Taking a snapshot at:(t:1, i:3) file /home/runner/work/ozone/ozone/hadoop-ozone/integration-test/target/test-dir/MiniOzoneClusterImpl-22559c4f-4ba5-459a-8a40-bbe24e716d33/datanode-2/data/ratis/e51dd630-eb74-44f8-aae0-3519a994148a/sm/snapshot.1_3
2021-10-08 06:50:26,138 [922385f1-e84a-4e93-a4e5-a83d7e259df1@group-3519A994148A-StateMachineUpdater] INFO  ratis.ContainerStateMachine (ContainerStateMachine.java:takeSnapshot(303)) - group-3519A994148A: Finished taking a snapshot at:(t:1, i:3) file:/home/runner/work/ozone/ozone/hadoop-ozone/integration-test/target/test-dir/MiniOzoneClusterImpl-22559c4f-4ba5-459a-8a40-bbe24e716d33/datanode-2/data/ratis/e51dd630-eb74-44f8-aae0-3519a994148a/sm/snapshot.1_3 took: 1 ms
2021-10-08 06:50:26,138 [922385f1-e84a-4e93-a4e5-a83d7e259df1@group-3519A994148A-StateMachineUpdater] INFO  impl.StateMachineUpdater (StateMachineUpdater.java:takeSnapshot(281)) - 922385f1-e84a-4e93-a4e5-a83d7e259df1@group-3519A994148A-StateMachineUpdater: Took a snapshot at index 3
2021-10-08 06:50:26,138 [922385f1-e84a-4e93-a4e5-a83d7e259df1@group-3519A994148A-StateMachineUpdater] INFO  impl.StateMachineUpdater (StateMachineUpdater.java:lambda$new$0(89)) - 922385f1-e84a-4e93-a4e5-a83d7e259df1@group-3519A994148A-StateMachineUpdater: snapshotIndex: updateIncreasingly 2 -> 3
2021-10-08 06:50:26,149 [922385f1-e84a-4e93-a4e5-a83d7e259df1@group-3519A994148A-StateMachineUpdater] INFO  ratis.ContainerStateMachine (ContainerStateMachine.java:takeSnapshot(292)) - group-3519A994148A: Taking a snapshot at:(t:1, i:4) file /home/runner/work/ozone/ozone/hadoop-ozone/integration-test/target/test-dir/MiniOzoneClusterImpl-22559c4f-4ba5-459a-8a40-bbe24e716d33/datanode-2/data/ratis/e51dd630-eb74-44f8-aae0-3519a994148a/sm/snapshot.1_4
2021-10-08 06:50:26,151 [922385f1-e84a-4e93-a4e5-a83d7e259df1@group-3519A994148A-StateMachineUpdater] INFO  ratis.ContainerStateMachine (ContainerStateMachine.java:takeSnapshot(303)) - group-3519A994148A: Finished taking a snapshot at:(t:1, i:4) file:/home/runner/work/ozone/ozone/hadoop-ozone/integration-test/target/test-dir/MiniOzoneClusterImpl-22559c4f-4ba5-459a-8a40-bbe24e716d33/datanode-2/data/ratis/e51dd630-eb74-44f8-aae0-3519a994148a/sm/snapshot.1_4 took: 2 ms
2021-10-08 06:50:26,151 [922385f1-e84a-4e93-a4e5-a83d7e259df1@group-3519A994148A-StateMachineUpdater] INFO  impl.StateMachineUpdater (StateMachineUpdater.java:takeSnapshot(281)) - 922385f1-e84a-4e93-a4e5-a83d7e259df1@group-3519A994148A-StateMachineUpdater: Took a snapshot at index 4
2021-10-08 06:50:26,151 [922385f1-e84a-4e93-a4e5-a83d7e259df1@group-3519A994148A-StateMachineUpdater] INFO  impl.StateMachineUpdater (StateMachineUpdater.java:lambda$new$0(89)) - 922385f1-e84a-4e93-a4e5-a83d7e259df1@group-3519A994148A-StateMachineUpdater: snapshotIndex: updateIncreasingly 3 -> 4
2021-10-08 06:50:26,157 [922385f1-e84a-4e93-a4e5-a83d7e259df1@group-3519A994148A-StateMachineUpdater] INFO  ratis.ContainerStateMachine (ContainerStateMachine.java:takeSnapshot(292)) - group-3519A994148A: Taking a snapshot at:(t:1, i:6) file /home/runner/work/ozone/ozone/hadoop-ozone/integration-test/target/test-dir/MiniOzoneClusterImpl-22559c4f-4ba5-459a-8a40-bbe24e716d33/datanode-2/data/ratis/e51dd630-eb74-44f8-aae0-3519a994148a/sm/snapshot.1_6
2021-10-08 06:50:26,158 [922385f1-e84a-4e93-a4e5-a83d7e259df1@group-3519A994148A-StateMachineUpdater] INFO  ratis.ContainerStateMachine (ContainerStateMachine.java:takeSnapshot(303)) - group-3519A994148A: Finished taking a snapshot at:(t:1, i:6) file:/home/runner/work/ozone/ozone/hadoop-ozone/integration-test/target/test-dir/MiniOzoneClusterImpl-22559c4f-4ba5-459a-8a40-bbe24e716d33/datanode-2/data/ratis/e51dd630-eb74-44f8-aae0-3519a994148a/sm/snapshot.1_6 took: 1 ms
2021-10-08 06:50:26,158 [922385f1-e84a-4e93-a4e5-a83d7e259df1@group-3519A994148A-StateMachineUpdater] INFO  impl.StateMachineUpdater (StateMachineUpdater.java:takeSnapshot(281)) - 922385f1-e84a-4e93-a4e5-a83d7e259df1@group-3519A994148A-StateMachineUpdater: Took a snapshot at index 6
2021-10-08 06:50:26,158 [922385f1-e84a-4e93-a4e5-a83d7e259df1@group-3519A994148A-StateMachineUpdater] INFO  impl.StateMachineUpdater (StateMachineUpdater.java:lambda$new$0(89)) - 922385f1-e84a-4e93-a4e5-a83d7e259df1@group-3519A994148A-StateMachineUpdater: snapshotIndex: updateIncreasingly 4 -> 6
2021-10-08 06:50:26,159 [922385f1-e84a-4e93-a4e5-a83d7e259df1@group-3519A994148A-StateMachineUpdater] INFO  ratis.ContainerStateMachine (ContainerStateMachine.java:takeSnapshot(292)) - group-3519A994148A: Taking a snapshot at:(t:1, i:7) file /home/runner/work/ozone/ozone/hadoop-ozone/integration-test/target/test-dir/MiniOzoneClusterImpl-22559c4f-4ba5-459a-8a40-bbe24e716d33/datanode-2/data/ratis/e51dd630-eb74-44f8-aae0-3519a994148a/sm/snapshot.1_7
2021-10-08 06:50:26,163 [922385f1-e84a-4e93-a4e5-a83d7e259df1@group-3519A994148A-StateMachineUpdater] INFO  ratis.ContainerStateMachine (ContainerStateMachine.java:takeSnapshot(303)) - group-3519A994148A: Finished taking a snapshot at:(t:1, i:7) file:/home/runner/work/ozone/ozone/hadoop-ozone/integration-test/target/test-dir/MiniOzoneClusterImpl-22559c4f-4ba5-459a-8a40-bbe24e716d33/datanode-2/data/ratis/e51dd630-eb74-44f8-aae0-3519a994148a/sm/snapshot.1_7 took: 4 ms
2021-10-08 06:50:26,164 [922385f1-e84a-4e93-a4e5-a83d7e259df1@group-3519A994148A-StateMachineUpdater] INFO  impl.SimpleStateMachineStorage (SimpleStateMachineStorage.java:cleanupOldSnapshots(102)) - Deleting old snapshot at /home/runner/work/ozone/ozone/hadoop-ozone/integration-test/target/test-dir/MiniOzoneClusterImpl-22559c4f-4ba5-459a-8a40-bbe24e716d33/datanode-2/data/ratis/e51dd630-eb74-44f8-aae0-3519a994148a/sm/snapshot.1_0
2021-10-08 06:50:26,164 [922385f1-e84a-4e93-a4e5-a83d7e259df1@group-3519A994148A-StateMachineUpdater] INFO  impl.StateMachineUpdater (StateMachineUpdater.java:takeSnapshot(281)) - 922385f1-e84a-4e93-a4e5-a83d7e259df1@group-3519A994148A-StateMachineUpdater: Took a snapshot at index 7
2021-10-08 06:50:26,164 [922385f1-e84a-4e93-a4e5-a83d7e259df1@group-3519A994148A-StateMachineUpdater] INFO  impl.StateMachineUpdater (StateMachineUpdater.java:lambda$new$0(89)) - 922385f1-e84a-4e93-a4e5-a83d7e259df1@group-3519A994148A-StateMachineUpdater: snapshotIndex: updateIncreasingly 6 -> 7
2021-10-08 06:50:26,178 [Listener at 127.0.0.1/41649] INFO  ratis.ContainerStateMachine (ContainerStateMachine.java:takeSnapshot(292)) - group-3519A994148A: Taking a snapshot at:(t:1, i:7) file /home/runner/work/ozone/ozone/hadoop-ozone/integration-test/target/test-dir/MiniOzoneClusterImpl-22559c4f-4ba5-459a-8a40-bbe24e716d33/datanode-2/data/ratis/e51dd630-eb74-44f8-aae0-3519a994148a/sm/snapshot.1_7
2021-10-08 06:50:26,184 [Listener at 127.0.0.1/41649] INFO  ratis.ContainerStateMachine (ContainerStateMachine.java:takeSnapshot(303)) - group-3519A994148A: Finished taking a snapshot at:(t:1, i:7) file:/home/runner/work/ozone/ozone/hadoop-ozone/integration-test/target/test-dir/MiniOzoneClusterImpl-22559c4f-4ba5-459a-8a40-bbe24e716d33/datanode-2/data/ratis/e51dd630-eb74-44f8-aae0-3519a994148a/sm/snapshot.1_7 took: 6 ms
2021-10-08 06:50:26,184 [Listener at 127.0.0.1/41649] INFO  ozone.MiniOzoneClusterImpl (MiniOzoneClusterImpl.java:getStorageContainerLocationClient(346)) - Creating StorageContainerLocationProtocol RPC client with address /0.0.0.0:42833
2021-10-08 06:50:26,433 [Datanode State Machine Thread - 0] WARN  statemachine.StateContext (StateContext.java:execute(621)) - No available thread in pool for past 0 seconds.
2021-10-08 06:50:26,435 [EventQueue-IncrementalContainerReportForIncrementalContainerReportHandler] WARN  container.IncrementalContainerReportHandler (AbstractContainerReportHandler.java:updateContainerState(190)) - Container #1 is in OPEN state, but the datanode 922385f1-e84a-4e93-a4e5-a83d7e259df1{ip: 10.1.0.41, host: fv-az116-933.vzw04321ajxubdbcnpick5nqva.xx.internal.cloudapp.net, ports: [REPLICATION=36307, RATIS=45879, RATIS_ADMIN=45879, RATIS_SERVER=45879, STANDALONE=33835], networkLocation: /default-rack, certSerialId: null, persistedOpState: IN_SERVICE, persistedOpStateExpiryEpochSec: 0} reports an CLOSING replica.
2021-10-08 06:50:26,436 [pool-238-thread-5] INFO  keyvalue.KeyValueContainer (KeyValueContainer.java:flushAndSyncDB(397)) - Container 1 is synced with bcsId 6.
2021-10-08 06:50:26,436 [pool-238-thread-5] INFO  keyvalue.KeyValueContainer (KeyValueContainer.java:flushAndSyncDB(397)) - Container 1 is synced with bcsId 6.
2021-10-08 06:50:26,444 [pool-238-thread-5] INFO  keyvalue.KeyValueContainer (KeyValueContainer.java:close(334)) - Container 1 is closed with bcsId 6.
2021-10-08 06:50:26,446 [Datanode State Machine Thread - 0] WARN  statemachine.StateContext (StateContext.java:execute(621)) - No available thread in pool for past 0 seconds.
2021-10-08 06:50:26,449 [EventQueue-IncrementalContainerReportForIncrementalContainerReportHandler] WARN  container.IncrementalContainerReportHandler (AbstractContainerReportHandler.java:updateContainerState(190)) - Container #1 is in OPEN state, but the datanode 922385f1-e84a-4e93-a4e5-a83d7e259df1{ip: 10.1.0.41, host: fv-az116-933.vzw04321ajxubdbcnpick5nqva.xx.internal.cloudapp.net, ports: [REPLICATION=36307, RATIS=45879, RATIS_ADMIN=45879, RATIS_SERVER=45879, STANDALONE=33835], networkLocation: /default-rack, certSerialId: null, persistedOpState: IN_SERVICE, persistedOpStateExpiryEpochSec: 0} reports an CLOSED replica.
2021-10-08 06:50:26,453 [922385f1-e84a-4e93-a4e5-a83d7e259df1@group-3519A994148A-StateMachineUpdater] INFO  ratis.ContainerStateMachine (ContainerStateMachine.java:takeSnapshot(292)) - group-3519A994148A: Taking a snapshot at:(t:1, i:7) file /home/runner/work/ozone/ozone/hadoop-ozone/integration-test/target/test-dir/MiniOzoneClusterImpl-22559c4f-4ba5-459a-8a40-bbe24e716d33/datanode-2/data/ratis/e51dd630-eb74-44f8-aae0-3519a994148a/sm/snapshot.1_7
2021-10-08 06:50:26,456 [Listener at 127.0.0.1/41649] INFO  ratis.ContainerStateMachine (ContainerStateMachine.java:takeSnapshot(292)) - group-3519A994148A: Taking a snapshot at:(t:1, i:7) file /home/runner/work/ozone/ozone/hadoop-ozone/integration-test/target/test-dir/MiniOzoneClusterImpl-22559c4f-4ba5-459a-8a40-bbe24e716d33/datanode-2/data/ratis/e51dd630-eb74-44f8-aae0-3519a994148a/sm/snapshot.1_7
2021-10-08 06:50:26,457 [922385f1-e84a-4e93-a4e5-a83d7e259df1@group-3519A994148A-StateMachineUpdater] INFO  ratis.ContainerStateMachine (ContainerStateMachine.java:takeSnapshot(303)) - group-3519A994148A: Finished taking a snapshot at:(t:1, i:7) file:/home/runner/work/ozone/ozone/hadoop-ozone/integration-test/target/test-dir/MiniOzoneClusterImpl-22559c4f-4ba5-459a-8a40-bbe24e716d33/datanode-2/data/ratis/e51dd630-eb74-44f8-aae0-3519a994148a/sm/snapshot.1_7 took: 5 ms
2021-10-08 06:50:26,458 [922385f1-e84a-4e93-a4e5-a83d7e259df1@group-3519A994148A-StateMachineUpdater] INFO  impl.StateMachineUpdater (StateMachineUpdater.java:takeSnapshot(281)) - 922385f1-e84a-4e93-a4e5-a83d7e259df1@group-3519A994148A-StateMachineUpdater: Took a snapshot at index 7
2021-10-08 06:50:26,458 [922385f1-e84a-4e93-a4e5-a83d7e259df1@group-3519A994148A-StateMachineUpdater] INFO  impl.StateMachineUpdater (StateMachineUpdater.java:lambda$new$0(89)) - 922385f1-e84a-4e93-a4e5-a83d7e259df1@group-3519A994148A-StateMachineUpdater: snapshotIndex: updateIncreasingly 7 -> 7
2021-10-08 06:50:26,458 [Listener at 127.0.0.1/41649] INFO  ratis.ContainerStateMachine (ContainerStateMachine.java:takeSnapshot(303)) - group-3519A994148A: Finished taking a snapshot at:(t:1, i:7) file:/home/runner/work/ozone/ozone/hadoop-ozone/integration-test/target/test-dir/MiniOzoneClusterImpl-22559c4f-4ba5-459a-8a40-bbe24e716d33/datanode-2/data/ratis/e51dd630-eb74-44f8-aae0-3519a994148a/sm/snapshot.1_7 took: 1 ms
2021-10-08 06:50:26,458 [922385f1-e84a-4e93-a4e5-a83d7e259df1@group-3519A994148A-StateMachineUpdater] INFO  ratis.ContainerStateMachine (ContainerStateMachine.java:takeSnapshot(292)) - group-3519A994148A: Taking a snapshot at:(t:1, i:9) file /home/runner/work/ozone/ozone/hadoop-ozone/integration-test/target/test-dir/MiniOzoneClusterImpl-22559c4f-4ba5-459a-8a40-bbe24e716d33/datanode-2/data/ratis/e51dd630-eb74-44f8-aae0-3519a994148a/sm/snapshot.1_9
2021-10-08 06:50:26,460 [922385f1-e84a-4e93-a4e5-a83d7e259df1@group-3519A994148A-StateMachineUpdater] INFO  ratis.ContainerStateMachine (ContainerStateMachine.java:takeSnapshot(303)) - group-3519A994148A: Finished taking a snapshot at:(t:1, i:9) file:/home/runner/work/ozone/ozone/hadoop-ozone/integration-test/target/test-dir/MiniOzoneClusterImpl-22559c4f-4ba5-459a-8a40-bbe24e716d33/datanode-2/data/ratis/e51dd630-eb74-44f8-aae0-3519a994148a/sm/snapshot.1_9 took: 2 ms
2021-10-08 06:50:26,461 [922385f1-e84a-4e93-a4e5-a83d7e259df1@group-3519A994148A-StateMachineUpdater] INFO  impl.SimpleStateMachineStorage (SimpleStateMachineStorage.java:cleanupOldSnapshots(102)) - Deleting old snapshot at /home/runner/work/ozone/ozone/hadoop-ozone/integration-test/target/test-dir/MiniOzoneClusterImpl-22559c4f-4ba5-459a-8a40-bbe24e716d33/datanode-2/data/ratis/e51dd630-eb74-44f8-aae0-3519a994148a/sm/snapshot.1_2
2021-10-08 06:50:26,461 [922385f1-e84a-4e93-a4e5-a83d7e259df1@group-3519A994148A-StateMachineUpdater] INFO  impl.StateMachineUpdater (StateMachineUpdater.java:takeSnapshot(281)) - 922385f1-e84a-4e93-a4e5-a83d7e259df1@group-3519A994148A-StateMachineUpdater: Took a snapshot at index 9
2021-10-08 06:50:26,461 [922385f1-e84a-4e93-a4e5-a83d7e259df1@group-3519A994148A-StateMachineUpdater] INFO  impl.StateMachineUpdater (StateMachineUpdater.java:lambda$new$0(89)) - 922385f1-e84a-4e93-a4e5-a83d7e259df1@group-3519A994148A-StateMachineUpdater: snapshotIndex: updateIncreasingly 7 -> 9
]]></system-out>
  </testcase>
  <testcase name="testWriteStateMachineDataIdempotencyWithClosedContainer" classname="org.apache.hadoop.ozone.client.rpc.TestContainerStateMachineFailures" time="1.019"/>
  <testcase name="testContainerStateMachineFailures" classname="org.apache.hadoop.ozone.client.rpc.TestContainerStateMachineFailures" time="12.448"/>
  <testcase name="testUnhealthyContainer" classname="org.apache.hadoop.ozone.client.rpc.TestContainerStateMachineFailures" time="25.651"/>
  <testcase name="testApplyTransactionFailure" classname="org.apache.hadoop.ozone.client.rpc.TestContainerStateMachineFailures" time="7.25"/>
</testsuite>