<?xml version="1.0" encoding="UTF-8"?>
<testsuite xmlns:xsi="http://www.w3.org/2001/XMLSchema-instance" xsi:noNamespaceSchemaLocation="https://maven.apache.org/surefire/maven-surefire-plugin/xsd/surefire-test-report.xsd" name="org.apache.hadoop.ozone.om.TestOzoneManagerPrepare" time="555.069" tests="6" errors="4" skipped="1" failures="0">
  <properties>
    <property name="awt.toolkit" value="sun.awt.X11.XToolkit"/>
    <property name="file.encoding.pkg" value="sun.io"/>
    <property name="java.specification.version" value="1.8"/>
    <property name="sun.cpu.isalist" value=""/>
    <property name="sun.jnu.encoding" value="UTF-8"/>
    <property name="java.class.path" value="/home/runner/work/ozone/ozone/hadoop-ozone/integration-test/target/test-classes:/home/runner/work/ozone/ozone/hadoop-ozone/integration-test/target/classes:/home/runner/.m2/repository/org/apache/ozone/ozone-common/1.2.0-SNAPSHOT/ozone-common-1.2.0-SNAPSHOT.jar:/home/runner/.m2/repository/org/apache/commons/commons-compress/1.21/commons-compress-1.21.jar:/home/runner/.m2/repository/org/apache/ozone/hdds-common/1.2.0-SNAPSHOT/hdds-common-1.2.0-SNAPSHOT.jar:/home/runner/.m2/repository/org/apache/ozone/hdds-client/1.2.0-SNAPSHOT/hdds-client-1.2.0-SNAPSHOT.jar:/home/runner/.m2/repository/org/apache/ozone/ozone-interface-client/1.2.0-SNAPSHOT/ozone-interface-client-1.2.0-SNAPSHOT.jar:/home/runner/.m2/repository/org/apache/ozone/hdds-server-framework/1.2.0-SNAPSHOT/hdds-server-framework-1.2.0-SNAPSHOT.jar:/home/runner/.m2/repository/org/apache/ozone/hdds-interface-server/1.2.0-SNAPSHOT/hdds-interface-server-1.2.0-SNAPSHOT.jar:/home/runner/.m2/repository/org/eclipse/jetty/jetty-servlet/9.4.43.v20210629/jetty-servlet-9.4.43.v20210629.jar:/home/runner/.m2/repository/org/eclipse/jetty/jetty-security/9.4.43.v20210629/jetty-security-9.4.43.v20210629.jar:/home/runner/.m2/repository/org/rocksdb/rocksdbjni/6.20.3/rocksdbjni-6.20.3.jar:/home/runner/.m2/repository/io/prometheus/simpleclient_dropwizard/0.7.0/simpleclient_dropwizard-0.7.0.jar:/home/runner/.m2/repository/io/prometheus/simpleclient/0.7.0/simpleclient-0.7.0.jar:/home/runner/.m2/repository/io/prometheus/simpleclient_common/0.7.0/simpleclient_common-0.7.0.jar:/home/runner/.m2/repository/com/fasterxml/jackson/datatype/jackson-datatype-jsr310/2.12.1/jackson-datatype-jsr310-2.12.1.jar:/home/runner/.m2/repository/org/apache/ozone/hdds-test-utils/1.2.0-SNAPSHOT/hdds-test-utils-1.2.0-SNAPSHOT.jar:/home/runner/.m2/repository/com/google/guava/guava/30.1.1-jre/guava-30.1.1-jre.jar:/home/runner/.m2/repository/com/google/guava/failureaccess/1.0.1/failureaccess-1.0.1.jar:/home/runner/.m2/repository/com/google/guava/listenablefuture/9999.0-empty-to-avoid-conflict-with-guava/listenablefuture-9999.0-empty-to-avoid-conflict-with-guava.jar:/home/runner/.m2/repository/com/google/code/findbugs/jsr305/3.0.0/jsr305-3.0.0.jar:/home/runner/.m2/repository/org/checkerframework/checker-qual/3.8.0/checker-qual-3.8.0.jar:/home/runner/.m2/repository/com/google/errorprone/error_prone_annotations/2.2.0/error_prone_annotations-2.2.0.jar:/home/runner/.m2/repository/com/google/j2objc/j2objc-annotations/1.3/j2objc-annotations-1.3.jar:/home/runner/.m2/repository/commons-io/commons-io/2.11.0/commons-io-2.11.0.jar:/home/runner/.m2/repository/commons-logging/commons-logging/1.2/commons-logging-1.2.jar:/home/runner/.m2/repository/log4j/log4j/1.2.17/log4j-1.2.17.jar:/home/runner/.m2/repository/org/slf4j/slf4j-api/1.7.30/slf4j-api-1.7.30.jar:/home/runner/.m2/repository/org/apache/ozone/hdds-server-scm/1.2.0-SNAPSHOT/hdds-server-scm-1.2.0-SNAPSHOT.jar:/home/runner/.m2/repository/org/apache/ozone/hdds-container-service/1.2.0-SNAPSHOT/hdds-container-service-1.2.0-SNAPSHOT.jar:/home/runner/.m2/repository/org/apache/ozone/hdds-hadoop-dependency-server/1.2.0-SNAPSHOT/hdds-hadoop-dependency-server-1.2.0-SNAPSHOT.jar:/home/runner/.m2/repository/org/apache/hadoop/hadoop-hdfs/3.3.1/hadoop-hdfs-3.3.1.jar:/home/runner/.m2/repository/io/dropwizard/metrics/metrics-core/3.2.4/metrics-core-3.2.4.jar:/home/runner/.m2/repository/org/apache/hadoop/hadoop-hdfs-client/3.3.1/hadoop-hdfs-client-3.3.1.jar:/home/runner/.m2/repository/org/bouncycastle/bcprov-jdk15on/1.67/bcprov-jdk15on-1.67.jar:/home/runner/.m2/repository/com/google/protobuf/protobuf-java/2.5.0/protobuf-java-2.5.0.jar:/home/runner/.m2/repository/org/apache/ozone/ozone-manager/1.2.0-SNAPSHOT/ozone-manager-1.2.0-SNAPSHOT.jar:/home/runner/.m2/repository/org/aspectj/aspectjrt/1.9.7/aspectjrt-1.9.7.jar:/home/runner/.m2/repository/org/aspectj/aspectjweaver/1.9.7/aspectjweaver-1.9.7.jar:/home/runner/.m2/repository/org/apache/ozone/hdds-interface-client/1.2.0-SNAPSHOT/hdds-interface-client-1.2.0-SNAPSHOT.jar:/home/runner/.m2/repository/org/apache/hadoop/thirdparty/hadoop-shaded-protobuf_3_7/1.1.1/hadoop-shaded-protobuf_3_7-1.1.1.jar:/home/runner/.m2/repository/org/apache/ozone/ozone-interface-storage/1.2.0-SNAPSHOT/ozone-interface-storage-1.2.0-SNAPSHOT.jar:/home/runner/.m2/repository/org/reflections/reflections/0.9.11/reflections-0.9.11.jar:/home/runner/.m2/repository/org/apache/hadoop/hadoop-minikdc/3.3.1/hadoop-minikdc-3.3.1.jar:/home/runner/.m2/repository/org/apache/kerby/kerb-simplekdc/1.0.1/kerb-simplekdc-1.0.1.jar:/home/runner/.m2/repository/org/apache/kerby/kerb-client/1.0.1/kerb-client-1.0.1.jar:/home/runner/.m2/repository/org/apache/kerby/kerby-config/1.0.1/kerby-config-1.0.1.jar:/home/runner/.m2/repository/org/apache/kerby/kerb-common/1.0.1/kerb-common-1.0.1.jar:/home/runner/.m2/repository/org/apache/kerby/kerb-crypto/1.0.1/kerb-crypto-1.0.1.jar:/home/runner/.m2/repository/org/apache/kerby/kerb-util/1.0.1/kerb-util-1.0.1.jar:/home/runner/.m2/repository/org/apache/kerby/token-provider/1.0.1/token-provider-1.0.1.jar:/home/runner/.m2/repository/org/apache/kerby/kerb-admin/1.0.1/kerb-admin-1.0.1.jar:/home/runner/.m2/repository/org/apache/kerby/kerb-server/1.0.1/kerb-server-1.0.1.jar:/home/runner/.m2/repository/org/apache/kerby/kerb-identity/1.0.1/kerb-identity-1.0.1.jar:/home/runner/.m2/repository/org/apache/kerby/kerby-xdr/1.0.1/kerby-xdr-1.0.1.jar:/home/runner/.m2/repository/org/slf4j/slf4j-log4j12/1.7.30/slf4j-log4j12-1.7.30.jar:/home/runner/.m2/repository/org/apache/ozone/ozone-s3gateway/1.2.0-SNAPSHOT/ozone-s3gateway-1.2.0-SNAPSHOT.jar:/home/runner/.m2/repository/org/javassist/javassist/3.21.0-GA/javassist-3.21.0-GA.jar:/home/runner/.m2/repository/org/jboss/weld/servlet/weld-servlet/2.4.7.Final/weld-servlet-2.4.7.Final.jar:/home/runner/.m2/repository/org/glassfish/jersey/containers/jersey-container-servlet-core/2.33/jersey-container-servlet-core-2.33.jar:/home/runner/.m2/repository/org/glassfish/hk2/external/jakarta.inject/2.6.1/jakarta.inject-2.6.1.jar:/home/runner/.m2/repository/org/glassfish/jersey/core/jersey-common/2.33/jersey-common-2.33.jar:/home/runner/.m2/repository/jakarta/ws/rs/jakarta.ws.rs-api/2.1.6/jakarta.ws.rs-api-2.1.6.jar:/home/runner/.m2/repository/org/glassfish/jersey/ext/cdi/jersey-cdi1x/2.33/jersey-cdi1x-2.33.jar:/home/runner/.m2/repository/org/glassfish/jersey/inject/jersey-hk2/2.33/jersey-hk2-2.33.jar:/home/runner/.m2/repository/org/glassfish/hk2/hk2-locator/2.6.1/hk2-locator-2.6.1.jar:/home/runner/.m2/repository/org/glassfish/jersey/media/jersey-media-jaxb/2.33/jersey-media-jaxb-2.33.jar:/home/runner/.m2/repository/org/glassfish/hk2/osgi-resource-locator/1.0.3/osgi-resource-locator-1.0.3.jar:/home/runner/.m2/repository/org/glassfish/hk2/hk2-api/2.5.0/hk2-api-2.5.0.jar:/home/runner/.m2/repository/org/glassfish/hk2/hk2-utils/2.5.0/hk2-utils-2.5.0.jar:/home/runner/.m2/repository/org/glassfish/hk2/external/aopalliance-repackaged/2.5.0/aopalliance-repackaged-2.5.0.jar:/home/runner/.m2/repository/com/fasterxml/jackson/dataformat/jackson-dataformat-xml/2.12.1/jackson-dataformat-xml-2.12.1.jar:/home/runner/.m2/repository/com/fasterxml/jackson/core/jackson-core/2.12.1/jackson-core-2.12.1.jar:/home/runner/.m2/repository/com/fasterxml/jackson/module/jackson-module-jaxb-annotations/2.12.1/jackson-module-jaxb-annotations-2.12.1.jar:/home/runner/.m2/repository/jakarta/xml/bind/jakarta.xml.bind-api/2.3.2/jakarta.xml.bind-api-2.3.2.jar:/home/runner/.m2/repository/org/codehaus/woodstox/stax2-api/3.1.4/stax2-api-3.1.4.jar:/home/runner/.m2/repository/com/fasterxml/woodstox/woodstox-core/5.0.3/woodstox-core-5.0.3.jar:/home/runner/.m2/repository/javax/enterprise/cdi-api/1.2/cdi-api-1.2.jar:/home/runner/.m2/repository/javax/el/javax.el-api/3.0.0/javax.el-api-3.0.0.jar:/home/runner/.m2/repository/javax/interceptor/javax.interceptor-api/1.2/javax.interceptor-api-1.2.jar:/home/runner/.m2/repository/javax/inject/javax.inject/1/javax.inject-1.jar:/home/runner/.m2/repository/javax/xml/bind/jaxb-api/2.3.0/jaxb-api-2.3.0.jar:/home/runner/.m2/repository/org/glassfish/jaxb/jaxb-runtime/2.3.0.1/jaxb-runtime-2.3.0.1.jar:/home/runner/.m2/repository/org/glassfish/jaxb/jaxb-core/2.3.0.1/jaxb-core-2.3.0.1.jar:/home/runner/.m2/repository/org/glassfish/jaxb/txw2/2.3.0.1/txw2-2.3.0.1.jar:/home/runner/.m2/repository/com/sun/istack/istack-commons-runtime/3.0.5/istack-commons-runtime-3.0.5.jar:/home/runner/.m2/repository/org/jvnet/staxex/stax-ex/1.7.8/stax-ex-1.7.8.jar:/home/runner/.m2/repository/com/sun/xml/fastinfoset/FastInfoset/1.2.13/FastInfoset-1.2.13.jar:/home/runner/.m2/repository/javax/activation/activation/1.1.1/activation-1.1.1.jar:/home/runner/.m2/repository/org/apache/ozone/ozone-csi/1.2.0-SNAPSHOT/ozone-csi-1.2.0-SNAPSHOT.jar:/home/runner/.m2/repository/com/google/protobuf/protobuf-java-util/3.12.0/protobuf-java-util-3.12.0.jar:/home/runner/.m2/repository/com/google/code/gson/gson/2.2.4/gson-2.2.4.jar:/home/runner/.m2/repository/org/apache/ozone/hdds-config/1.2.0-SNAPSHOT/hdds-config-1.2.0-SNAPSHOT.jar:/home/runner/.m2/repository/io/grpc/grpc-netty/1.33.0/grpc-netty-1.33.0.jar:/home/runner/.m2/repository/io/grpc/grpc-core/1.33.0/grpc-core-1.33.0.jar:/home/runner/.m2/repository/com/google/android/annotations/4.1.1.4/annotations-4.1.1.4.jar:/home/runner/.m2/repository/io/netty/netty-codec-http2/4.1.63.Final/netty-codec-http2-4.1.63.Final.jar:/home/runner/.m2/repository/io/netty/netty-codec-http/4.1.63.Final/netty-codec-http-4.1.63.Final.jar:/home/runner/.m2/repository/io/netty/netty-handler-proxy/4.1.63.Final/netty-handler-proxy-4.1.63.Final.jar:/home/runner/.m2/repository/io/netty/netty-codec-socks/4.1.63.Final/netty-codec-socks-4.1.63.Final.jar:/home/runner/.m2/repository/io/perfmark/perfmark-api/0.19.0/perfmark-api-0.19.0.jar:/home/runner/.m2/repository/org/codehaus/mojo/animal-sniffer-annotations/1.18/animal-sniffer-annotations-1.18.jar:/home/runner/.m2/repository/io/netty/netty-transport-native-epoll/4.1.63.Final/netty-transport-native-epoll-4.1.63.Final.jar:/home/runner/.m2/repository/io/netty/netty-common/4.1.63.Final/netty-common-4.1.63.Final.jar:/home/runner/.m2/repository/io/netty/netty-buffer/4.1.63.Final/netty-buffer-4.1.63.Final.jar:/home/runner/.m2/repository/io/netty/netty-transport-native-unix-common/4.1.63.Final/netty-transport-native-unix-common-4.1.63.Final.jar:/home/runner/.m2/repository/io/grpc/grpc-protobuf/1.33.0/grpc-protobuf-1.33.0.jar:/home/runner/.m2/repository/io/grpc/grpc-api/1.33.0/grpc-api-1.33.0.jar:/home/runner/.m2/repository/io/grpc/grpc-context/1.33.0/grpc-context-1.33.0.jar:/home/runner/.m2/repository/com/google/api/grpc/proto-google-common-protos/1.17.0/proto-google-common-protos-1.17.0.jar:/home/runner/.m2/repository/io/grpc/grpc-protobuf-lite/1.33.0/grpc-protobuf-lite-1.33.0.jar:/home/runner/.m2/repository/io/grpc/grpc-stub/1.33.0/grpc-stub-1.33.0.jar:/home/runner/.m2/repository/org/apache/ozone/ozone-recon/1.2.0-SNAPSHOT/ozone-recon-1.2.0-SNAPSHOT.jar:/home/runner/.m2/repository/org/apache/ozone/ozone-reconcodegen/1.2.0-SNAPSHOT/ozone-reconcodegen-1.2.0-SNAPSHOT.jar:/home/runner/.m2/repository/com/google/inject/extensions/guice-multibindings/4.0/guice-multibindings-4.0.jar:/home/runner/.m2/repository/com/google/inject/guice/4.0/guice-4.0.jar:/home/runner/.m2/repository/aopalliance/aopalliance/1.0/aopalliance-1.0.jar:/home/runner/.m2/repository/com/google/inject/extensions/guice-assistedinject/4.0/guice-assistedinject-4.0.jar:/home/runner/.m2/repository/com/google/inject/extensions/guice-servlet/4.0/guice-servlet-4.0.jar:/home/runner/.m2/repository/org/glassfish/jersey/containers/jersey-container-servlet/2.33/jersey-container-servlet-2.33.jar:/home/runner/.m2/repository/org/glassfish/hk2/guice-bridge/2.5.0/guice-bridge-2.5.0.jar:/home/runner/.m2/repository/org/glassfish/jersey/core/jersey-server/2.33/jersey-server-2.33.jar:/home/runner/.m2/repository/org/glassfish/jersey/core/jersey-client/2.33/jersey-client-2.33.jar:/home/runner/.m2/repository/jakarta/annotation/jakarta.annotation-api/1.3.5/jakarta.annotation-api-1.3.5.jar:/home/runner/.m2/repository/jakarta/validation/jakarta.validation-api/2.0.2/jakarta.validation-api-2.0.2.jar:/home/runner/.m2/repository/org/glassfish/jersey/media/jersey-media-json-jackson/2.33/jersey-media-json-jackson-2.33.jar:/home/runner/.m2/repository/org/glassfish/jersey/ext/jersey-entity-filtering/2.33/jersey-entity-filtering-2.33.jar:/home/runner/.m2/repository/org/jooq/jooq/3.11.10/jooq-3.11.10.jar:/home/runner/.m2/repository/org/jooq/jooq-meta/3.11.10/jooq-meta-3.11.10.jar:/home/runner/.m2/repository/org/jooq/jooq-codegen/3.11.10/jooq-codegen-3.11.10.jar:/home/runner/.m2/repository/com/jolbox/bonecp/0.8.0.RELEASE/bonecp-0.8.0.RELEASE.jar:/home/runner/.m2/repository/org/apache/derby/derby/10.14.2.0/derby-10.14.2.0.jar:/home/runner/.m2/repository/org/xerial/sqlite-jdbc/3.25.2/sqlite-jdbc-3.25.2.jar:/home/runner/.m2/repository/org/springframework/spring-jdbc/5.2.17.RELEASE/spring-jdbc-5.2.17.RELEASE.jar:/home/runner/.m2/repository/org/springframework/spring-beans/5.2.17.RELEASE/spring-beans-5.2.17.RELEASE.jar:/home/runner/.m2/repository/org/springframework/spring-core/5.2.17.RELEASE/spring-core-5.2.17.RELEASE.jar:/home/runner/.m2/repository/org/springframework/spring-jcl/5.2.17.RELEASE/spring-jcl-5.2.17.RELEASE.jar:/home/runner/.m2/repository/org/springframework/spring-tx/5.2.17.RELEASE/spring-tx-5.2.17.RELEASE.jar:/home/runner/.m2/repository/org/apache/ozone/ozone-client/1.2.0-SNAPSHOT/ozone-client-1.2.0-SNAPSHOT.jar:/home/runner/.m2/repository/org/apache/ozone/ozone-filesystem/1.2.0-SNAPSHOT/ozone-filesystem-1.2.0-SNAPSHOT.jar:/home/runner/.m2/repository/org/apache/ozone/ozone-filesystem-common/1.2.0-SNAPSHOT/ozone-filesystem-common-1.2.0-SNAPSHOT.jar:/home/runner/.m2/repository/org/apache/ozone/ozone-tools/1.2.0-SNAPSHOT/ozone-tools-1.2.0-SNAPSHOT.jar:/home/runner/.m2/repository/org/apache/ratis/ratis-tools/2.1.0-03f3b68-SNAPSHOT/ratis-tools-2.1.0-03f3b68-SNAPSHOT.jar:/home/runner/.m2/repository/com/amazonaws/aws-java-sdk-core/1.11.901/aws-java-sdk-core-1.11.901.jar:/home/runner/.m2/repository/org/apache/httpcomponents/httpclient/4.5.13/httpclient-4.5.13.jar:/home/runner/.m2/repository/org/apache/httpcomponents/httpcore/4.4.13/httpcore-4.4.13.jar:/home/runner/.m2/repository/software/amazon/ion/ion-java/1.0.2/ion-java-1.0.2.jar:/home/runner/.m2/repository/com/fasterxml/jackson/dataformat/jackson-dataformat-cbor/2.12.1/jackson-dataformat-cbor-2.12.1.jar:/home/runner/.m2/repository/joda-time/joda-time/2.8.1/joda-time-2.8.1.jar:/home/runner/.m2/repository/com/amazonaws/aws-java-sdk-s3/1.11.901/aws-java-sdk-s3-1.11.901.jar:/home/runner/.m2/repository/com/amazonaws/aws-java-sdk-kms/1.11.901/aws-java-sdk-kms-1.11.901.jar:/home/runner/.m2/repository/com/amazonaws/jmespath-java/1.11.901/jmespath-java-1.11.901.jar:/home/runner/.m2/repository/org/kohsuke/metainf-services/metainf-services/1.8/metainf-services-1.8.jar:/home/runner/.m2/repository/org/apache/ozone/hdds-tools/1.2.0-SNAPSHOT/hdds-tools-1.2.0-SNAPSHOT.jar:/home/runner/.m2/repository/commons-cli/commons-cli/1.2/commons-cli-1.2.jar:/home/runner/.m2/repository/org/apache/commons/commons-lang3/3.7/commons-lang3-3.7.jar:/home/runner/.m2/repository/org/apache/ozone/ozone-manager/1.2.0-SNAPSHOT/ozone-manager-1.2.0-SNAPSHOT-tests.jar:/home/runner/.m2/repository/org/apache/ozone/hdds-common/1.2.0-SNAPSHOT/hdds-common-1.2.0-SNAPSHOT-tests.jar:/home/runner/.m2/repository/org/apache/ozone/hdds-hadoop-dependency-client/1.2.0-SNAPSHOT/hdds-hadoop-dependency-client-1.2.0-SNAPSHOT.jar:/home/runner/.m2/repository/info/picocli/picocli/4.6.1/picocli-4.6.1.jar:/home/runner/.m2/repository/com/fasterxml/jackson/core/jackson-annotations/2.12.1/jackson-annotations-2.12.1.jar:/home/runner/.m2/repository/javax/annotation/javax.annotation-api/1.2/javax.annotation-api-1.2.jar:/home/runner/.m2/repository/org/apache/ratis/ratis-server/2.1.0-03f3b68-SNAPSHOT/ratis-server-2.1.0-03f3b68-SNAPSHOT.jar:/home/runner/.m2/repository/org/apache/ratis/ratis-client/2.1.0-03f3b68-SNAPSHOT/ratis-client-2.1.0-03f3b68-SNAPSHOT.jar:/home/runner/.m2/repository/org/apache/ratis/ratis-server-api/2.1.0-03f3b68-SNAPSHOT/ratis-server-api-2.1.0-03f3b68-SNAPSHOT.jar:/home/runner/.m2/repository/org/apache/ratis/ratis-metrics/2.1.0-03f3b68-SNAPSHOT/ratis-metrics-2.1.0-03f3b68-SNAPSHOT.jar:/home/runner/.m2/repository/org/apache/ratis/ratis-netty/2.1.0-03f3b68-SNAPSHOT/ratis-netty-2.1.0-03f3b68-SNAPSHOT.jar:/home/runner/.m2/repository/org/apache/ratis/ratis-grpc/2.1.0-03f3b68-SNAPSHOT/ratis-grpc-2.1.0-03f3b68-SNAPSHOT.jar:/home/runner/.m2/repository/org/apache/logging/log4j/log4j-api/2.13.3/log4j-api-2.13.3.jar:/home/runner/.m2/repository/org/apache/logging/log4j/log4j-core/2.13.3/log4j-core-2.13.3.jar:/home/runner/.m2/repository/com/lmax/disruptor/3.4.2/disruptor-3.4.2.jar:/home/runner/.m2/repository/org/apache/commons/commons-pool2/2.6.0/commons-pool2-2.6.0.jar:/home/runner/.m2/repository/org/bouncycastle/bcpkix-jdk15on/1.67/bcpkix-jdk15on-1.67.jar:/home/runner/.m2/repository/commons-validator/commons-validator/1.6/commons-validator-1.6.jar:/home/runner/.m2/repository/commons-beanutils/commons-beanutils/1.9.4/commons-beanutils-1.9.4.jar:/home/runner/.m2/repository/commons-digester/commons-digester/1.8.1/commons-digester-1.8.1.jar:/home/runner/.m2/repository/commons-collections/commons-collections/3.2.2/commons-collections-3.2.2.jar:/home/runner/.m2/repository/io/jaegertracing/jaeger-client/1.6.0/jaeger-client-1.6.0.jar:/home/runner/.m2/repository/io/jaegertracing/jaeger-thrift/1.6.0/jaeger-thrift-1.6.0.jar:/home/runner/.m2/repository/org/apache/thrift/libthrift/0.14.1/libthrift-0.14.1.jar:/home/runner/.m2/repository/com/squareup/okhttp3/okhttp/4.9.0/okhttp-4.9.0.jar:/home/runner/.m2/repository/com/squareup/okio/okio/2.8.0/okio-2.8.0.jar:/home/runner/.m2/repository/io/jaegertracing/jaeger-core/1.6.0/jaeger-core-1.6.0.jar:/home/runner/.m2/repository/io/jaegertracing/jaeger-tracerresolver/1.6.0/jaeger-tracerresolver-1.6.0.jar:/home/runner/.m2/repository/io/opentracing/contrib/opentracing-tracerresolver/0.1.8/opentracing-tracerresolver-0.1.8.jar:/home/runner/.m2/repository/org/jetbrains/kotlin/kotlin-stdlib/1.4.31/kotlin-stdlib-1.4.31.jar:/home/runner/.m2/repository/org/jetbrains/kotlin/kotlin-stdlib-common/1.4.31/kotlin-stdlib-common-1.4.31.jar:/home/runner/.m2/repository/org/jetbrains/annotations/13.0/annotations-13.0.jar:/home/runner/.m2/repository/io/opentracing/opentracing-util/0.33.0/opentracing-util-0.33.0.jar:/home/runner/.m2/repository/io/opentracing/opentracing-api/0.33.0/opentracing-api-0.33.0.jar:/home/runner/.m2/repository/io/opentracing/opentracing-noop/0.33.0/opentracing-noop-0.33.0.jar:/home/runner/.m2/repository/org/yaml/snakeyaml/1.26/snakeyaml-1.26.jar:/home/runner/.m2/repository/org/apache/ozone/hdds-interface-admin/1.2.0-SNAPSHOT/hdds-interface-admin-1.2.0-SNAPSHOT.jar:/home/runner/.m2/repository/junit/junit/4.13.1/junit-4.13.1.jar:/home/runner/.m2/repository/org/hamcrest/hamcrest-core/1.3/hamcrest-core-1.3.jar:/home/runner/.m2/repository/org/junit/jupiter/junit-jupiter-api/5.7.0/junit-jupiter-api-5.7.0.jar:/home/runner/.m2/repository/org/apiguardian/apiguardian-api/1.1.0/apiguardian-api-1.1.0.jar:/home/runner/.m2/repository/org/opentest4j/opentest4j/1.2.0/opentest4j-1.2.0.jar:/home/runner/.m2/repository/org/junit/platform/junit-platform-commons/1.7.0/junit-platform-commons-1.7.0.jar:/home/runner/.m2/repository/org/junit/jupiter/junit-jupiter-engine/5.7.0/junit-jupiter-engine-5.7.0.jar:/home/runner/.m2/repository/org/junit/platform/junit-platform-engine/1.7.0/junit-platform-engine-1.7.0.jar:/home/runner/.m2/repository/org/junit/vintage/junit-vintage-engine/5.7.0/junit-vintage-engine-5.7.0.jar:/home/runner/.m2/repository/org/junit/platform/junit-platform-launcher/1.7.0/junit-platform-launcher-1.7.0.jar:/home/runner/.m2/repository/org/openjdk/jmh/jmh-core/1.19/jmh-core-1.19.jar:/home/runner/.m2/repository/net/sf/jopt-simple/jopt-simple/4.6/jopt-simple-4.6.jar:/home/runner/.m2/repository/org/apache/commons/commons-math3/3.1.1/commons-math3-3.1.1.jar:/home/runner/.m2/repository/org/openjdk/jmh/jmh-generator-annprocess/1.19/jmh-generator-annprocess-1.19.jar:/home/runner/.m2/repository/org/mockito/mockito-core/2.28.2/mockito-core-2.28.2.jar:/home/runner/.m2/repository/net/bytebuddy/byte-buddy/1.9.10/byte-buddy-1.9.10.jar:/home/runner/.m2/repository/net/bytebuddy/byte-buddy-agent/1.9.10/byte-buddy-agent-1.9.10.jar:/home/runner/.m2/repository/org/objenesis/objenesis/1.0/objenesis-1.0.jar:/home/runner/.m2/repository/org/apache/hadoop/hadoop-kms/3.3.1/hadoop-kms-3.3.1.jar:/home/runner/.m2/repository/org/apache/hadoop/hadoop-auth/3.3.1/hadoop-auth-3.3.1.jar:/home/runner/.m2/repository/com/nimbusds/nimbus-jose-jwt/7.9/nimbus-jose-jwt-7.9.jar:/home/runner/.m2/repository/com/github/stephenc/jcip/jcip-annotations/1.0-1/jcip-annotations-1.0-1.jar:/home/runner/.m2/repository/net/minidev/json-smart/2.3.1/json-smart-2.3.1.jar:/home/runner/.m2/repository/net/minidev/accessors-smart/2.3.1/accessors-smart-2.3.1.jar:/home/runner/.m2/repository/org/ow2/asm/asm/5.0.4/asm-5.0.4.jar:/home/runner/.m2/repository/org/apache/zookeeper/zookeeper/3.5.6/zookeeper-3.5.6.jar:/home/runner/.m2/repository/org/apache/zookeeper/zookeeper-jute/3.5.6/zookeeper-jute-3.5.6.jar:/home/runner/.m2/repository/org/apache/yetus/audience-annotations/0.5.0/audience-annotations-0.5.0.jar:/home/runner/.m2/repository/org/apache/curator/curator-framework/4.2.0/curator-framework-4.2.0.jar:/home/runner/.m2/repository/org/apache/hadoop/thirdparty/hadoop-shaded-guava/1.1.1/hadoop-shaded-guava-1.1.1.jar:/home/runner/.m2/repository/com/sun/jersey/jersey-core/1.19/jersey-core-1.19.jar:/home/runner/.m2/repository/javax/ws/rs/jsr311-api/1.1.1/jsr311-api-1.1.1.jar:/home/runner/.m2/repository/com/sun/jersey/jersey-server/1.19/jersey-server-1.19.jar:/home/runner/.m2/repository/javax/servlet/javax.servlet-api/3.1.0/javax.servlet-api-3.1.0.jar:/home/runner/.m2/repository/org/eclipse/jetty/jetty-server/9.4.43.v20210629/jetty-server-9.4.43.v20210629.jar:/home/runner/.m2/repository/org/eclipse/jetty/jetty-http/9.4.43.v20210629/jetty-http-9.4.43.v20210629.jar:/home/runner/.m2/repository/org/eclipse/jetty/jetty-io/9.4.43.v20210629/jetty-io-9.4.43.v20210629.jar:/home/runner/.m2/repository/org/eclipse/jetty/jetty-webapp/9.4.43.v20210629/jetty-webapp-9.4.43.v20210629.jar:/home/runner/.m2/repository/org/eclipse/jetty/jetty-xml/9.4.43.v20210629/jetty-xml-9.4.43.v20210629.jar:/home/runner/.m2/repository/org/apache/hadoop/hadoop-common/3.3.1/hadoop-common-3.3.1.jar:/home/runner/.m2/repository/commons-net/commons-net/3.6/commons-net-3.6.jar:/home/runner/.m2/repository/jakarta/activation/jakarta.activation-api/1.2.1/jakarta.activation-api-1.2.1.jar:/home/runner/.m2/repository/com/sun/jersey/jersey-servlet/1.19/jersey-servlet-1.19.jar:/home/runner/.m2/repository/com/sun/jersey/jersey-json/1.19/jersey-json-1.19.jar:/home/runner/.m2/repository/org/codehaus/jettison/jettison/1.1/jettison-1.1.jar:/home/runner/.m2/repository/com/sun/xml/bind/jaxb-impl/2.2.3-1/jaxb-impl-2.2.3-1.jar:/home/runner/.m2/repository/org/codehaus/jackson/jackson-jaxrs/1.9.2/jackson-jaxrs-1.9.2.jar:/home/runner/.m2/repository/org/codehaus/jackson/jackson-xc/1.9.2/jackson-xc-1.9.2.jar:/home/runner/.m2/repository/org/apache/commons/commons-configuration2/2.1.1/commons-configuration2-2.1.1.jar:/home/runner/.m2/repository/org/apache/commons/commons-text/1.4/commons-text-1.4.jar:/home/runner/.m2/repository/com/google/re2j/re2j/1.1/re2j-1.1.jar:/home/runner/.m2/repository/com/jcraft/jsch/0.1.54/jsch-0.1.54.jar:/home/runner/.m2/repository/org/apache/curator/curator-client/4.2.0/curator-client-4.2.0.jar:/home/runner/.m2/repository/org/apache/curator/curator-recipes/4.2.0/curator-recipes-4.2.0.jar:/home/runner/.m2/repository/org/apache/kerby/kerb-core/1.0.1/kerb-core-1.0.1.jar:/home/runner/.m2/repository/org/apache/kerby/kerby-pkix/1.0.1/kerby-pkix-1.0.1.jar:/home/runner/.m2/repository/org/apache/kerby/kerby-asn1/1.0.1/kerby-asn1-1.0.1.jar:/home/runner/.m2/repository/org/apache/kerby/kerby-util/1.0.1/kerby-util-1.0.1.jar:/home/runner/.m2/repository/dnsjava/dnsjava/2.1.7/dnsjava-2.1.7.jar:/home/runner/.m2/repository/org/xerial/snappy/snappy-java/1.1.8.2/snappy-java-1.1.8.2.jar:/home/runner/.m2/repository/org/slf4j/jul-to-slf4j/1.7.30/jul-to-slf4j-1.7.30.jar:/home/runner/.m2/repository/org/eclipse/jetty/jetty-util/9.4.43.v20210629/jetty-util-9.4.43.v20210629.jar:/home/runner/.m2/repository/com/fasterxml/jackson/core/jackson-databind/2.12.1/jackson-databind-2.12.1.jar:/home/runner/.m2/repository/org/apache/hadoop/hadoop-kms/3.3.1/hadoop-kms-3.3.1-tests.jar:/home/runner/.m2/repository/org/apache/ozone/hdds-server-scm/1.2.0-SNAPSHOT/hdds-server-scm-1.2.0-SNAPSHOT-tests.jar:/home/runner/.m2/repository/org/apache/ozone/hdds-container-service/1.2.0-SNAPSHOT/hdds-container-service-1.2.0-SNAPSHOT-tests.jar:/home/runner/.m2/repository/commons-codec/commons-codec/1.11/commons-codec-1.11.jar:/home/runner/.m2/repository/io/netty/netty-transport/4.1.63.Final/netty-transport-4.1.63.Final.jar:/home/runner/.m2/repository/io/netty/netty-resolver/4.1.63.Final/netty-resolver-4.1.63.Final.jar:/home/runner/.m2/repository/io/netty/netty-codec/4.1.63.Final/netty-codec-4.1.63.Final.jar:/home/runner/.m2/repository/io/netty/netty-handler/4.1.63.Final/netty-handler-4.1.63.Final.jar:/home/runner/.m2/repository/org/apache/ozone/hdds-hadoop-dependency-test/1.2.0-SNAPSHOT/hdds-hadoop-dependency-test-1.2.0-SNAPSHOT.jar:/home/runner/.m2/repository/org/apache/hadoop/hadoop-common/3.3.1/hadoop-common-3.3.1-tests.jar:/home/runner/.m2/repository/org/assertj/assertj-core/3.12.2/assertj-core-3.12.2.jar:/home/runner/.m2/repository/org/apache/hadoop/hadoop-hdfs/3.3.1/hadoop-hdfs-3.3.1-tests.jar:/home/runner/.m2/repository/org/eclipse/jetty/jetty-util-ajax/9.4.43.v20210629/jetty-util-ajax-9.4.43.v20210629.jar:/home/runner/.m2/repository/commons-daemon/commons-daemon/1.0.13/commons-daemon-1.0.13.jar:/home/runner/.m2/repository/io/netty/netty/3.10.6.Final/netty-3.10.6.Final.jar:/home/runner/.m2/repository/io/netty/netty-all/4.1.63.Final/netty-all-4.1.63.Final.jar:/home/runner/.m2/repository/org/apache/htrace/htrace-core4/4.1.0-incubating/htrace-core4-4.1.0-incubating.jar:/home/runner/.m2/repository/org/fusesource/leveldbjni/leveldbjni-all/1.8/leveldbjni-all-1.8.jar:/home/runner/.m2/repository/org/apache/hadoop/hadoop-distcp/3.3.1/hadoop-distcp-3.3.1.jar:/home/runner/.m2/repository/org/apache/hadoop/hadoop-mapreduce-client-jobclient/3.3.1/hadoop-mapreduce-client-jobclient-3.3.1.jar:/home/runner/.m2/repository/org/apache/hadoop/hadoop-mapreduce-client-common/3.3.1/hadoop-mapreduce-client-common-3.3.1.jar:/home/runner/.m2/repository/org/apache/hadoop/hadoop-yarn-common/3.3.1/hadoop-yarn-common-3.3.1.jar:/home/runner/.m2/repository/org/apache/hadoop/hadoop-yarn-api/3.3.1/hadoop-yarn-api-3.3.1.jar:/home/runner/.m2/repository/com/sun/jersey/jersey-client/1.19/jersey-client-1.19.jar:/home/runner/.m2/repository/com/sun/jersey/contribs/jersey-guice/1.19/jersey-guice-1.19.jar:/home/runner/.m2/repository/com/fasterxml/jackson/jaxrs/jackson-jaxrs-json-provider/2.12.1/jackson-jaxrs-json-provider-2.12.1.jar:/home/runner/.m2/repository/com/fasterxml/jackson/jaxrs/jackson-jaxrs-base/2.12.1/jackson-jaxrs-base-2.12.1.jar:/home/runner/.m2/repository/org/apache/hadoop/hadoop-yarn-client/3.3.1/hadoop-yarn-client-3.3.1.jar:/home/runner/.m2/repository/org/eclipse/jetty/websocket/websocket-client/9.4.40.v20210413/websocket-client-9.4.40.v20210413.jar:/home/runner/.m2/repository/org/eclipse/jetty/jetty-client/9.4.40.v20210413/jetty-client-9.4.40.v20210413.jar:/home/runner/.m2/repository/org/eclipse/jetty/websocket/websocket-common/9.4.40.v20210413/websocket-common-9.4.40.v20210413.jar:/home/runner/.m2/repository/org/eclipse/jetty/websocket/websocket-api/9.4.40.v20210413/websocket-api-9.4.40.v20210413.jar:/home/runner/.m2/repository/org/jline/jline/3.9.0/jline-3.9.0.jar:/home/runner/.m2/repository/org/apache/hadoop/hadoop-mapreduce-client-core/3.3.1/hadoop-mapreduce-client-core-3.3.1.jar:/home/runner/.m2/repository/org/apache/avro/avro/1.7.7/avro-1.7.7.jar:/home/runner/.m2/repository/org/codehaus/jackson/jackson-core-asl/1.9.13/jackson-core-asl-1.9.13.jar:/home/runner/.m2/repository/org/codehaus/jackson/jackson-mapper-asl/1.9.13/jackson-mapper-asl-1.9.13.jar:/home/runner/.m2/repository/com/thoughtworks/paranamer/paranamer/2.3/paranamer-2.3.jar:/home/runner/.m2/repository/org/apache/hadoop/hadoop-annotations/3.3.1/hadoop-annotations-3.3.1.jar:/usr/lib/jvm/adoptopenjdk-8-hotspot-amd64/jre/../lib/tools.jar:/home/runner/.m2/repository/org/apache/hadoop/hadoop-distcp/3.3.1/hadoop-distcp-3.3.1-tests.jar:/home/runner/.m2/repository/org/apache/ratis/ratis-common/2.1.0-03f3b68-SNAPSHOT/ratis-common-2.1.0-03f3b68-SNAPSHOT.jar:/home/runner/.m2/repository/org/apache/ratis/ratis-thirdparty-misc/0.7.0/ratis-thirdparty-misc-0.7.0.jar:/home/runner/.m2/repository/org/apache/ratis/ratis-proto/2.1.0-03f3b68-SNAPSHOT/ratis-proto-2.1.0-03f3b68-SNAPSHOT.jar:"/>
    <property name="java.vm.vendor" value="AdoptOpenJDK"/>
    <property name="sun.arch.data.model" value="64"/>
    <property name="test.build.dir" value="/home/runner/work/ozone/ozone/hadoop-ozone/integration-test/target/test-dir"/>
    <property name="test.cache.data" value=""/>
    <property name="java.vendor.url" value="https://adoptopenjdk.net/"/>
    <property name="user.timezone" value=""/>
    <property name="java.vm.specification.version" value="1.8"/>
    <property name="os.name" value="Linux"/>
    <property name="test.build.data" value="/home/runner/work/ozone/ozone/hadoop-ozone/integration-test/target/test-dir"/>
    <property name="sun.java.launcher" value="SUN_STANDARD"/>
    <property name="sun.boot.library.path" value="/usr/lib/jvm/adoptopenjdk-8-hotspot-amd64/jre/lib/amd64"/>
    <property name="sun.java.command" value="/home/runner/work/ozone/ozone/hadoop-ozone/integration-test/target/surefire/surefirebooter5585427426015159046.jar /home/runner/work/ozone/ozone/hadoop-ozone/integration-test/target/surefire 2021-10-17T00-54-44_075-jvmRun1 surefire8857817404379006174tmp surefire_552520184389362473632tmp"/>
    <property name="surefire.test.class.path" value="/home/runner/work/ozone/ozone/hadoop-ozone/integration-test/target/test-classes:/home/runner/work/ozone/ozone/hadoop-ozone/integration-test/target/classes:/home/runner/.m2/repository/org/apache/ozone/ozone-common/1.2.0-SNAPSHOT/ozone-common-1.2.0-SNAPSHOT.jar:/home/runner/.m2/repository/org/apache/commons/commons-compress/1.21/commons-compress-1.21.jar:/home/runner/.m2/repository/org/apache/ozone/hdds-common/1.2.0-SNAPSHOT/hdds-common-1.2.0-SNAPSHOT.jar:/home/runner/.m2/repository/org/apache/ozone/hdds-client/1.2.0-SNAPSHOT/hdds-client-1.2.0-SNAPSHOT.jar:/home/runner/.m2/repository/org/apache/ozone/ozone-interface-client/1.2.0-SNAPSHOT/ozone-interface-client-1.2.0-SNAPSHOT.jar:/home/runner/.m2/repository/org/apache/ozone/hdds-server-framework/1.2.0-SNAPSHOT/hdds-server-framework-1.2.0-SNAPSHOT.jar:/home/runner/.m2/repository/org/apache/ozone/hdds-interface-server/1.2.0-SNAPSHOT/hdds-interface-server-1.2.0-SNAPSHOT.jar:/home/runner/.m2/repository/org/eclipse/jetty/jetty-servlet/9.4.43.v20210629/jetty-servlet-9.4.43.v20210629.jar:/home/runner/.m2/repository/org/eclipse/jetty/jetty-security/9.4.43.v20210629/jetty-security-9.4.43.v20210629.jar:/home/runner/.m2/repository/org/rocksdb/rocksdbjni/6.20.3/rocksdbjni-6.20.3.jar:/home/runner/.m2/repository/io/prometheus/simpleclient_dropwizard/0.7.0/simpleclient_dropwizard-0.7.0.jar:/home/runner/.m2/repository/io/prometheus/simpleclient/0.7.0/simpleclient-0.7.0.jar:/home/runner/.m2/repository/io/prometheus/simpleclient_common/0.7.0/simpleclient_common-0.7.0.jar:/home/runner/.m2/repository/com/fasterxml/jackson/datatype/jackson-datatype-jsr310/2.12.1/jackson-datatype-jsr310-2.12.1.jar:/home/runner/.m2/repository/org/apache/ozone/hdds-test-utils/1.2.0-SNAPSHOT/hdds-test-utils-1.2.0-SNAPSHOT.jar:/home/runner/.m2/repository/com/google/guava/guava/30.1.1-jre/guava-30.1.1-jre.jar:/home/runner/.m2/repository/com/google/guava/failureaccess/1.0.1/failureaccess-1.0.1.jar:/home/runner/.m2/repository/com/google/guava/listenablefuture/9999.0-empty-to-avoid-conflict-with-guava/listenablefuture-9999.0-empty-to-avoid-conflict-with-guava.jar:/home/runner/.m2/repository/com/google/code/findbugs/jsr305/3.0.0/jsr305-3.0.0.jar:/home/runner/.m2/repository/org/checkerframework/checker-qual/3.8.0/checker-qual-3.8.0.jar:/home/runner/.m2/repository/com/google/errorprone/error_prone_annotations/2.2.0/error_prone_annotations-2.2.0.jar:/home/runner/.m2/repository/com/google/j2objc/j2objc-annotations/1.3/j2objc-annotations-1.3.jar:/home/runner/.m2/repository/commons-io/commons-io/2.11.0/commons-io-2.11.0.jar:/home/runner/.m2/repository/commons-logging/commons-logging/1.2/commons-logging-1.2.jar:/home/runner/.m2/repository/log4j/log4j/1.2.17/log4j-1.2.17.jar:/home/runner/.m2/repository/org/slf4j/slf4j-api/1.7.30/slf4j-api-1.7.30.jar:/home/runner/.m2/repository/org/apache/ozone/hdds-server-scm/1.2.0-SNAPSHOT/hdds-server-scm-1.2.0-SNAPSHOT.jar:/home/runner/.m2/repository/org/apache/ozone/hdds-container-service/1.2.0-SNAPSHOT/hdds-container-service-1.2.0-SNAPSHOT.jar:/home/runner/.m2/repository/org/apache/ozone/hdds-hadoop-dependency-server/1.2.0-SNAPSHOT/hdds-hadoop-dependency-server-1.2.0-SNAPSHOT.jar:/home/runner/.m2/repository/org/apache/hadoop/hadoop-hdfs/3.3.1/hadoop-hdfs-3.3.1.jar:/home/runner/.m2/repository/io/dropwizard/metrics/metrics-core/3.2.4/metrics-core-3.2.4.jar:/home/runner/.m2/repository/org/apache/hadoop/hadoop-hdfs-client/3.3.1/hadoop-hdfs-client-3.3.1.jar:/home/runner/.m2/repository/org/bouncycastle/bcprov-jdk15on/1.67/bcprov-jdk15on-1.67.jar:/home/runner/.m2/repository/com/google/protobuf/protobuf-java/2.5.0/protobuf-java-2.5.0.jar:/home/runner/.m2/repository/org/apache/ozone/ozone-manager/1.2.0-SNAPSHOT/ozone-manager-1.2.0-SNAPSHOT.jar:/home/runner/.m2/repository/org/aspectj/aspectjrt/1.9.7/aspectjrt-1.9.7.jar:/home/runner/.m2/repository/org/aspectj/aspectjweaver/1.9.7/aspectjweaver-1.9.7.jar:/home/runner/.m2/repository/org/apache/ozone/hdds-interface-client/1.2.0-SNAPSHOT/hdds-interface-client-1.2.0-SNAPSHOT.jar:/home/runner/.m2/repository/org/apache/hadoop/thirdparty/hadoop-shaded-protobuf_3_7/1.1.1/hadoop-shaded-protobuf_3_7-1.1.1.jar:/home/runner/.m2/repository/org/apache/ozone/ozone-interface-storage/1.2.0-SNAPSHOT/ozone-interface-storage-1.2.0-SNAPSHOT.jar:/home/runner/.m2/repository/org/reflections/reflections/0.9.11/reflections-0.9.11.jar:/home/runner/.m2/repository/org/apache/hadoop/hadoop-minikdc/3.3.1/hadoop-minikdc-3.3.1.jar:/home/runner/.m2/repository/org/apache/kerby/kerb-simplekdc/1.0.1/kerb-simplekdc-1.0.1.jar:/home/runner/.m2/repository/org/apache/kerby/kerb-client/1.0.1/kerb-client-1.0.1.jar:/home/runner/.m2/repository/org/apache/kerby/kerby-config/1.0.1/kerby-config-1.0.1.jar:/home/runner/.m2/repository/org/apache/kerby/kerb-common/1.0.1/kerb-common-1.0.1.jar:/home/runner/.m2/repository/org/apache/kerby/kerb-crypto/1.0.1/kerb-crypto-1.0.1.jar:/home/runner/.m2/repository/org/apache/kerby/kerb-util/1.0.1/kerb-util-1.0.1.jar:/home/runner/.m2/repository/org/apache/kerby/token-provider/1.0.1/token-provider-1.0.1.jar:/home/runner/.m2/repository/org/apache/kerby/kerb-admin/1.0.1/kerb-admin-1.0.1.jar:/home/runner/.m2/repository/org/apache/kerby/kerb-server/1.0.1/kerb-server-1.0.1.jar:/home/runner/.m2/repository/org/apache/kerby/kerb-identity/1.0.1/kerb-identity-1.0.1.jar:/home/runner/.m2/repository/org/apache/kerby/kerby-xdr/1.0.1/kerby-xdr-1.0.1.jar:/home/runner/.m2/repository/org/slf4j/slf4j-log4j12/1.7.30/slf4j-log4j12-1.7.30.jar:/home/runner/.m2/repository/org/apache/ozone/ozone-s3gateway/1.2.0-SNAPSHOT/ozone-s3gateway-1.2.0-SNAPSHOT.jar:/home/runner/.m2/repository/org/javassist/javassist/3.21.0-GA/javassist-3.21.0-GA.jar:/home/runner/.m2/repository/org/jboss/weld/servlet/weld-servlet/2.4.7.Final/weld-servlet-2.4.7.Final.jar:/home/runner/.m2/repository/org/glassfish/jersey/containers/jersey-container-servlet-core/2.33/jersey-container-servlet-core-2.33.jar:/home/runner/.m2/repository/org/glassfish/hk2/external/jakarta.inject/2.6.1/jakarta.inject-2.6.1.jar:/home/runner/.m2/repository/org/glassfish/jersey/core/jersey-common/2.33/jersey-common-2.33.jar:/home/runner/.m2/repository/jakarta/ws/rs/jakarta.ws.rs-api/2.1.6/jakarta.ws.rs-api-2.1.6.jar:/home/runner/.m2/repository/org/glassfish/jersey/ext/cdi/jersey-cdi1x/2.33/jersey-cdi1x-2.33.jar:/home/runner/.m2/repository/org/glassfish/jersey/inject/jersey-hk2/2.33/jersey-hk2-2.33.jar:/home/runner/.m2/repository/org/glassfish/hk2/hk2-locator/2.6.1/hk2-locator-2.6.1.jar:/home/runner/.m2/repository/org/glassfish/jersey/media/jersey-media-jaxb/2.33/jersey-media-jaxb-2.33.jar:/home/runner/.m2/repository/org/glassfish/hk2/osgi-resource-locator/1.0.3/osgi-resource-locator-1.0.3.jar:/home/runner/.m2/repository/org/glassfish/hk2/hk2-api/2.5.0/hk2-api-2.5.0.jar:/home/runner/.m2/repository/org/glassfish/hk2/hk2-utils/2.5.0/hk2-utils-2.5.0.jar:/home/runner/.m2/repository/org/glassfish/hk2/external/aopalliance-repackaged/2.5.0/aopalliance-repackaged-2.5.0.jar:/home/runner/.m2/repository/com/fasterxml/jackson/dataformat/jackson-dataformat-xml/2.12.1/jackson-dataformat-xml-2.12.1.jar:/home/runner/.m2/repository/com/fasterxml/jackson/core/jackson-core/2.12.1/jackson-core-2.12.1.jar:/home/runner/.m2/repository/com/fasterxml/jackson/module/jackson-module-jaxb-annotations/2.12.1/jackson-module-jaxb-annotations-2.12.1.jar:/home/runner/.m2/repository/jakarta/xml/bind/jakarta.xml.bind-api/2.3.2/jakarta.xml.bind-api-2.3.2.jar:/home/runner/.m2/repository/org/codehaus/woodstox/stax2-api/3.1.4/stax2-api-3.1.4.jar:/home/runner/.m2/repository/com/fasterxml/woodstox/woodstox-core/5.0.3/woodstox-core-5.0.3.jar:/home/runner/.m2/repository/javax/enterprise/cdi-api/1.2/cdi-api-1.2.jar:/home/runner/.m2/repository/javax/el/javax.el-api/3.0.0/javax.el-api-3.0.0.jar:/home/runner/.m2/repository/javax/interceptor/javax.interceptor-api/1.2/javax.interceptor-api-1.2.jar:/home/runner/.m2/repository/javax/inject/javax.inject/1/javax.inject-1.jar:/home/runner/.m2/repository/javax/xml/bind/jaxb-api/2.3.0/jaxb-api-2.3.0.jar:/home/runner/.m2/repository/org/glassfish/jaxb/jaxb-runtime/2.3.0.1/jaxb-runtime-2.3.0.1.jar:/home/runner/.m2/repository/org/glassfish/jaxb/jaxb-core/2.3.0.1/jaxb-core-2.3.0.1.jar:/home/runner/.m2/repository/org/glassfish/jaxb/txw2/2.3.0.1/txw2-2.3.0.1.jar:/home/runner/.m2/repository/com/sun/istack/istack-commons-runtime/3.0.5/istack-commons-runtime-3.0.5.jar:/home/runner/.m2/repository/org/jvnet/staxex/stax-ex/1.7.8/stax-ex-1.7.8.jar:/home/runner/.m2/repository/com/sun/xml/fastinfoset/FastInfoset/1.2.13/FastInfoset-1.2.13.jar:/home/runner/.m2/repository/javax/activation/activation/1.1.1/activation-1.1.1.jar:/home/runner/.m2/repository/org/apache/ozone/ozone-csi/1.2.0-SNAPSHOT/ozone-csi-1.2.0-SNAPSHOT.jar:/home/runner/.m2/repository/com/google/protobuf/protobuf-java-util/3.12.0/protobuf-java-util-3.12.0.jar:/home/runner/.m2/repository/com/google/code/gson/gson/2.2.4/gson-2.2.4.jar:/home/runner/.m2/repository/org/apache/ozone/hdds-config/1.2.0-SNAPSHOT/hdds-config-1.2.0-SNAPSHOT.jar:/home/runner/.m2/repository/io/grpc/grpc-netty/1.33.0/grpc-netty-1.33.0.jar:/home/runner/.m2/repository/io/grpc/grpc-core/1.33.0/grpc-core-1.33.0.jar:/home/runner/.m2/repository/com/google/android/annotations/4.1.1.4/annotations-4.1.1.4.jar:/home/runner/.m2/repository/io/netty/netty-codec-http2/4.1.63.Final/netty-codec-http2-4.1.63.Final.jar:/home/runner/.m2/repository/io/netty/netty-codec-http/4.1.63.Final/netty-codec-http-4.1.63.Final.jar:/home/runner/.m2/repository/io/netty/netty-handler-proxy/4.1.63.Final/netty-handler-proxy-4.1.63.Final.jar:/home/runner/.m2/repository/io/netty/netty-codec-socks/4.1.63.Final/netty-codec-socks-4.1.63.Final.jar:/home/runner/.m2/repository/io/perfmark/perfmark-api/0.19.0/perfmark-api-0.19.0.jar:/home/runner/.m2/repository/org/codehaus/mojo/animal-sniffer-annotations/1.18/animal-sniffer-annotations-1.18.jar:/home/runner/.m2/repository/io/netty/netty-transport-native-epoll/4.1.63.Final/netty-transport-native-epoll-4.1.63.Final.jar:/home/runner/.m2/repository/io/netty/netty-common/4.1.63.Final/netty-common-4.1.63.Final.jar:/home/runner/.m2/repository/io/netty/netty-buffer/4.1.63.Final/netty-buffer-4.1.63.Final.jar:/home/runner/.m2/repository/io/netty/netty-transport-native-unix-common/4.1.63.Final/netty-transport-native-unix-common-4.1.63.Final.jar:/home/runner/.m2/repository/io/grpc/grpc-protobuf/1.33.0/grpc-protobuf-1.33.0.jar:/home/runner/.m2/repository/io/grpc/grpc-api/1.33.0/grpc-api-1.33.0.jar:/home/runner/.m2/repository/io/grpc/grpc-context/1.33.0/grpc-context-1.33.0.jar:/home/runner/.m2/repository/com/google/api/grpc/proto-google-common-protos/1.17.0/proto-google-common-protos-1.17.0.jar:/home/runner/.m2/repository/io/grpc/grpc-protobuf-lite/1.33.0/grpc-protobuf-lite-1.33.0.jar:/home/runner/.m2/repository/io/grpc/grpc-stub/1.33.0/grpc-stub-1.33.0.jar:/home/runner/.m2/repository/org/apache/ozone/ozone-recon/1.2.0-SNAPSHOT/ozone-recon-1.2.0-SNAPSHOT.jar:/home/runner/.m2/repository/org/apache/ozone/ozone-reconcodegen/1.2.0-SNAPSHOT/ozone-reconcodegen-1.2.0-SNAPSHOT.jar:/home/runner/.m2/repository/com/google/inject/extensions/guice-multibindings/4.0/guice-multibindings-4.0.jar:/home/runner/.m2/repository/com/google/inject/guice/4.0/guice-4.0.jar:/home/runner/.m2/repository/aopalliance/aopalliance/1.0/aopalliance-1.0.jar:/home/runner/.m2/repository/com/google/inject/extensions/guice-assistedinject/4.0/guice-assistedinject-4.0.jar:/home/runner/.m2/repository/com/google/inject/extensions/guice-servlet/4.0/guice-servlet-4.0.jar:/home/runner/.m2/repository/org/glassfish/jersey/containers/jersey-container-servlet/2.33/jersey-container-servlet-2.33.jar:/home/runner/.m2/repository/org/glassfish/hk2/guice-bridge/2.5.0/guice-bridge-2.5.0.jar:/home/runner/.m2/repository/org/glassfish/jersey/core/jersey-server/2.33/jersey-server-2.33.jar:/home/runner/.m2/repository/org/glassfish/jersey/core/jersey-client/2.33/jersey-client-2.33.jar:/home/runner/.m2/repository/jakarta/annotation/jakarta.annotation-api/1.3.5/jakarta.annotation-api-1.3.5.jar:/home/runner/.m2/repository/jakarta/validation/jakarta.validation-api/2.0.2/jakarta.validation-api-2.0.2.jar:/home/runner/.m2/repository/org/glassfish/jersey/media/jersey-media-json-jackson/2.33/jersey-media-json-jackson-2.33.jar:/home/runner/.m2/repository/org/glassfish/jersey/ext/jersey-entity-filtering/2.33/jersey-entity-filtering-2.33.jar:/home/runner/.m2/repository/org/jooq/jooq/3.11.10/jooq-3.11.10.jar:/home/runner/.m2/repository/org/jooq/jooq-meta/3.11.10/jooq-meta-3.11.10.jar:/home/runner/.m2/repository/org/jooq/jooq-codegen/3.11.10/jooq-codegen-3.11.10.jar:/home/runner/.m2/repository/com/jolbox/bonecp/0.8.0.RELEASE/bonecp-0.8.0.RELEASE.jar:/home/runner/.m2/repository/org/apache/derby/derby/10.14.2.0/derby-10.14.2.0.jar:/home/runner/.m2/repository/org/xerial/sqlite-jdbc/3.25.2/sqlite-jdbc-3.25.2.jar:/home/runner/.m2/repository/org/springframework/spring-jdbc/5.2.17.RELEASE/spring-jdbc-5.2.17.RELEASE.jar:/home/runner/.m2/repository/org/springframework/spring-beans/5.2.17.RELEASE/spring-beans-5.2.17.RELEASE.jar:/home/runner/.m2/repository/org/springframework/spring-core/5.2.17.RELEASE/spring-core-5.2.17.RELEASE.jar:/home/runner/.m2/repository/org/springframework/spring-jcl/5.2.17.RELEASE/spring-jcl-5.2.17.RELEASE.jar:/home/runner/.m2/repository/org/springframework/spring-tx/5.2.17.RELEASE/spring-tx-5.2.17.RELEASE.jar:/home/runner/.m2/repository/org/apache/ozone/ozone-client/1.2.0-SNAPSHOT/ozone-client-1.2.0-SNAPSHOT.jar:/home/runner/.m2/repository/org/apache/ozone/ozone-filesystem/1.2.0-SNAPSHOT/ozone-filesystem-1.2.0-SNAPSHOT.jar:/home/runner/.m2/repository/org/apache/ozone/ozone-filesystem-common/1.2.0-SNAPSHOT/ozone-filesystem-common-1.2.0-SNAPSHOT.jar:/home/runner/.m2/repository/org/apache/ozone/ozone-tools/1.2.0-SNAPSHOT/ozone-tools-1.2.0-SNAPSHOT.jar:/home/runner/.m2/repository/org/apache/ratis/ratis-tools/2.1.0-03f3b68-SNAPSHOT/ratis-tools-2.1.0-03f3b68-SNAPSHOT.jar:/home/runner/.m2/repository/com/amazonaws/aws-java-sdk-core/1.11.901/aws-java-sdk-core-1.11.901.jar:/home/runner/.m2/repository/org/apache/httpcomponents/httpclient/4.5.13/httpclient-4.5.13.jar:/home/runner/.m2/repository/org/apache/httpcomponents/httpcore/4.4.13/httpcore-4.4.13.jar:/home/runner/.m2/repository/software/amazon/ion/ion-java/1.0.2/ion-java-1.0.2.jar:/home/runner/.m2/repository/com/fasterxml/jackson/dataformat/jackson-dataformat-cbor/2.12.1/jackson-dataformat-cbor-2.12.1.jar:/home/runner/.m2/repository/joda-time/joda-time/2.8.1/joda-time-2.8.1.jar:/home/runner/.m2/repository/com/amazonaws/aws-java-sdk-s3/1.11.901/aws-java-sdk-s3-1.11.901.jar:/home/runner/.m2/repository/com/amazonaws/aws-java-sdk-kms/1.11.901/aws-java-sdk-kms-1.11.901.jar:/home/runner/.m2/repository/com/amazonaws/jmespath-java/1.11.901/jmespath-java-1.11.901.jar:/home/runner/.m2/repository/org/kohsuke/metainf-services/metainf-services/1.8/metainf-services-1.8.jar:/home/runner/.m2/repository/org/apache/ozone/hdds-tools/1.2.0-SNAPSHOT/hdds-tools-1.2.0-SNAPSHOT.jar:/home/runner/.m2/repository/commons-cli/commons-cli/1.2/commons-cli-1.2.jar:/home/runner/.m2/repository/org/apache/commons/commons-lang3/3.7/commons-lang3-3.7.jar:/home/runner/.m2/repository/org/apache/ozone/ozone-manager/1.2.0-SNAPSHOT/ozone-manager-1.2.0-SNAPSHOT-tests.jar:/home/runner/.m2/repository/org/apache/ozone/hdds-common/1.2.0-SNAPSHOT/hdds-common-1.2.0-SNAPSHOT-tests.jar:/home/runner/.m2/repository/org/apache/ozone/hdds-hadoop-dependency-client/1.2.0-SNAPSHOT/hdds-hadoop-dependency-client-1.2.0-SNAPSHOT.jar:/home/runner/.m2/repository/info/picocli/picocli/4.6.1/picocli-4.6.1.jar:/home/runner/.m2/repository/com/fasterxml/jackson/core/jackson-annotations/2.12.1/jackson-annotations-2.12.1.jar:/home/runner/.m2/repository/javax/annotation/javax.annotation-api/1.2/javax.annotation-api-1.2.jar:/home/runner/.m2/repository/org/apache/ratis/ratis-server/2.1.0-03f3b68-SNAPSHOT/ratis-server-2.1.0-03f3b68-SNAPSHOT.jar:/home/runner/.m2/repository/org/apache/ratis/ratis-client/2.1.0-03f3b68-SNAPSHOT/ratis-client-2.1.0-03f3b68-SNAPSHOT.jar:/home/runner/.m2/repository/org/apache/ratis/ratis-server-api/2.1.0-03f3b68-SNAPSHOT/ratis-server-api-2.1.0-03f3b68-SNAPSHOT.jar:/home/runner/.m2/repository/org/apache/ratis/ratis-metrics/2.1.0-03f3b68-SNAPSHOT/ratis-metrics-2.1.0-03f3b68-SNAPSHOT.jar:/home/runner/.m2/repository/org/apache/ratis/ratis-netty/2.1.0-03f3b68-SNAPSHOT/ratis-netty-2.1.0-03f3b68-SNAPSHOT.jar:/home/runner/.m2/repository/org/apache/ratis/ratis-grpc/2.1.0-03f3b68-SNAPSHOT/ratis-grpc-2.1.0-03f3b68-SNAPSHOT.jar:/home/runner/.m2/repository/org/apache/logging/log4j/log4j-api/2.13.3/log4j-api-2.13.3.jar:/home/runner/.m2/repository/org/apache/logging/log4j/log4j-core/2.13.3/log4j-core-2.13.3.jar:/home/runner/.m2/repository/com/lmax/disruptor/3.4.2/disruptor-3.4.2.jar:/home/runner/.m2/repository/org/apache/commons/commons-pool2/2.6.0/commons-pool2-2.6.0.jar:/home/runner/.m2/repository/org/bouncycastle/bcpkix-jdk15on/1.67/bcpkix-jdk15on-1.67.jar:/home/runner/.m2/repository/commons-validator/commons-validator/1.6/commons-validator-1.6.jar:/home/runner/.m2/repository/commons-beanutils/commons-beanutils/1.9.4/commons-beanutils-1.9.4.jar:/home/runner/.m2/repository/commons-digester/commons-digester/1.8.1/commons-digester-1.8.1.jar:/home/runner/.m2/repository/commons-collections/commons-collections/3.2.2/commons-collections-3.2.2.jar:/home/runner/.m2/repository/io/jaegertracing/jaeger-client/1.6.0/jaeger-client-1.6.0.jar:/home/runner/.m2/repository/io/jaegertracing/jaeger-thrift/1.6.0/jaeger-thrift-1.6.0.jar:/home/runner/.m2/repository/org/apache/thrift/libthrift/0.14.1/libthrift-0.14.1.jar:/home/runner/.m2/repository/com/squareup/okhttp3/okhttp/4.9.0/okhttp-4.9.0.jar:/home/runner/.m2/repository/com/squareup/okio/okio/2.8.0/okio-2.8.0.jar:/home/runner/.m2/repository/io/jaegertracing/jaeger-core/1.6.0/jaeger-core-1.6.0.jar:/home/runner/.m2/repository/io/jaegertracing/jaeger-tracerresolver/1.6.0/jaeger-tracerresolver-1.6.0.jar:/home/runner/.m2/repository/io/opentracing/contrib/opentracing-tracerresolver/0.1.8/opentracing-tracerresolver-0.1.8.jar:/home/runner/.m2/repository/org/jetbrains/kotlin/kotlin-stdlib/1.4.31/kotlin-stdlib-1.4.31.jar:/home/runner/.m2/repository/org/jetbrains/kotlin/kotlin-stdlib-common/1.4.31/kotlin-stdlib-common-1.4.31.jar:/home/runner/.m2/repository/org/jetbrains/annotations/13.0/annotations-13.0.jar:/home/runner/.m2/repository/io/opentracing/opentracing-util/0.33.0/opentracing-util-0.33.0.jar:/home/runner/.m2/repository/io/opentracing/opentracing-api/0.33.0/opentracing-api-0.33.0.jar:/home/runner/.m2/repository/io/opentracing/opentracing-noop/0.33.0/opentracing-noop-0.33.0.jar:/home/runner/.m2/repository/org/yaml/snakeyaml/1.26/snakeyaml-1.26.jar:/home/runner/.m2/repository/org/apache/ozone/hdds-interface-admin/1.2.0-SNAPSHOT/hdds-interface-admin-1.2.0-SNAPSHOT.jar:/home/runner/.m2/repository/junit/junit/4.13.1/junit-4.13.1.jar:/home/runner/.m2/repository/org/hamcrest/hamcrest-core/1.3/hamcrest-core-1.3.jar:/home/runner/.m2/repository/org/junit/jupiter/junit-jupiter-api/5.7.0/junit-jupiter-api-5.7.0.jar:/home/runner/.m2/repository/org/apiguardian/apiguardian-api/1.1.0/apiguardian-api-1.1.0.jar:/home/runner/.m2/repository/org/opentest4j/opentest4j/1.2.0/opentest4j-1.2.0.jar:/home/runner/.m2/repository/org/junit/platform/junit-platform-commons/1.7.0/junit-platform-commons-1.7.0.jar:/home/runner/.m2/repository/org/junit/jupiter/junit-jupiter-engine/5.7.0/junit-jupiter-engine-5.7.0.jar:/home/runner/.m2/repository/org/junit/platform/junit-platform-engine/1.7.0/junit-platform-engine-1.7.0.jar:/home/runner/.m2/repository/org/junit/vintage/junit-vintage-engine/5.7.0/junit-vintage-engine-5.7.0.jar:/home/runner/.m2/repository/org/junit/platform/junit-platform-launcher/1.7.0/junit-platform-launcher-1.7.0.jar:/home/runner/.m2/repository/org/openjdk/jmh/jmh-core/1.19/jmh-core-1.19.jar:/home/runner/.m2/repository/net/sf/jopt-simple/jopt-simple/4.6/jopt-simple-4.6.jar:/home/runner/.m2/repository/org/apache/commons/commons-math3/3.1.1/commons-math3-3.1.1.jar:/home/runner/.m2/repository/org/openjdk/jmh/jmh-generator-annprocess/1.19/jmh-generator-annprocess-1.19.jar:/home/runner/.m2/repository/org/mockito/mockito-core/2.28.2/mockito-core-2.28.2.jar:/home/runner/.m2/repository/net/bytebuddy/byte-buddy/1.9.10/byte-buddy-1.9.10.jar:/home/runner/.m2/repository/net/bytebuddy/byte-buddy-agent/1.9.10/byte-buddy-agent-1.9.10.jar:/home/runner/.m2/repository/org/objenesis/objenesis/1.0/objenesis-1.0.jar:/home/runner/.m2/repository/org/apache/hadoop/hadoop-kms/3.3.1/hadoop-kms-3.3.1.jar:/home/runner/.m2/repository/org/apache/hadoop/hadoop-auth/3.3.1/hadoop-auth-3.3.1.jar:/home/runner/.m2/repository/com/nimbusds/nimbus-jose-jwt/7.9/nimbus-jose-jwt-7.9.jar:/home/runner/.m2/repository/com/github/stephenc/jcip/jcip-annotations/1.0-1/jcip-annotations-1.0-1.jar:/home/runner/.m2/repository/net/minidev/json-smart/2.3.1/json-smart-2.3.1.jar:/home/runner/.m2/repository/net/minidev/accessors-smart/2.3.1/accessors-smart-2.3.1.jar:/home/runner/.m2/repository/org/ow2/asm/asm/5.0.4/asm-5.0.4.jar:/home/runner/.m2/repository/org/apache/zookeeper/zookeeper/3.5.6/zookeeper-3.5.6.jar:/home/runner/.m2/repository/org/apache/zookeeper/zookeeper-jute/3.5.6/zookeeper-jute-3.5.6.jar:/home/runner/.m2/repository/org/apache/yetus/audience-annotations/0.5.0/audience-annotations-0.5.0.jar:/home/runner/.m2/repository/org/apache/curator/curator-framework/4.2.0/curator-framework-4.2.0.jar:/home/runner/.m2/repository/org/apache/hadoop/thirdparty/hadoop-shaded-guava/1.1.1/hadoop-shaded-guava-1.1.1.jar:/home/runner/.m2/repository/com/sun/jersey/jersey-core/1.19/jersey-core-1.19.jar:/home/runner/.m2/repository/javax/ws/rs/jsr311-api/1.1.1/jsr311-api-1.1.1.jar:/home/runner/.m2/repository/com/sun/jersey/jersey-server/1.19/jersey-server-1.19.jar:/home/runner/.m2/repository/javax/servlet/javax.servlet-api/3.1.0/javax.servlet-api-3.1.0.jar:/home/runner/.m2/repository/org/eclipse/jetty/jetty-server/9.4.43.v20210629/jetty-server-9.4.43.v20210629.jar:/home/runner/.m2/repository/org/eclipse/jetty/jetty-http/9.4.43.v20210629/jetty-http-9.4.43.v20210629.jar:/home/runner/.m2/repository/org/eclipse/jetty/jetty-io/9.4.43.v20210629/jetty-io-9.4.43.v20210629.jar:/home/runner/.m2/repository/org/eclipse/jetty/jetty-webapp/9.4.43.v20210629/jetty-webapp-9.4.43.v20210629.jar:/home/runner/.m2/repository/org/eclipse/jetty/jetty-xml/9.4.43.v20210629/jetty-xml-9.4.43.v20210629.jar:/home/runner/.m2/repository/org/apache/hadoop/hadoop-common/3.3.1/hadoop-common-3.3.1.jar:/home/runner/.m2/repository/commons-net/commons-net/3.6/commons-net-3.6.jar:/home/runner/.m2/repository/jakarta/activation/jakarta.activation-api/1.2.1/jakarta.activation-api-1.2.1.jar:/home/runner/.m2/repository/com/sun/jersey/jersey-servlet/1.19/jersey-servlet-1.19.jar:/home/runner/.m2/repository/com/sun/jersey/jersey-json/1.19/jersey-json-1.19.jar:/home/runner/.m2/repository/org/codehaus/jettison/jettison/1.1/jettison-1.1.jar:/home/runner/.m2/repository/com/sun/xml/bind/jaxb-impl/2.2.3-1/jaxb-impl-2.2.3-1.jar:/home/runner/.m2/repository/org/codehaus/jackson/jackson-jaxrs/1.9.2/jackson-jaxrs-1.9.2.jar:/home/runner/.m2/repository/org/codehaus/jackson/jackson-xc/1.9.2/jackson-xc-1.9.2.jar:/home/runner/.m2/repository/org/apache/commons/commons-configuration2/2.1.1/commons-configuration2-2.1.1.jar:/home/runner/.m2/repository/org/apache/commons/commons-text/1.4/commons-text-1.4.jar:/home/runner/.m2/repository/com/google/re2j/re2j/1.1/re2j-1.1.jar:/home/runner/.m2/repository/com/jcraft/jsch/0.1.54/jsch-0.1.54.jar:/home/runner/.m2/repository/org/apache/curator/curator-client/4.2.0/curator-client-4.2.0.jar:/home/runner/.m2/repository/org/apache/curator/curator-recipes/4.2.0/curator-recipes-4.2.0.jar:/home/runner/.m2/repository/org/apache/kerby/kerb-core/1.0.1/kerb-core-1.0.1.jar:/home/runner/.m2/repository/org/apache/kerby/kerby-pkix/1.0.1/kerby-pkix-1.0.1.jar:/home/runner/.m2/repository/org/apache/kerby/kerby-asn1/1.0.1/kerby-asn1-1.0.1.jar:/home/runner/.m2/repository/org/apache/kerby/kerby-util/1.0.1/kerby-util-1.0.1.jar:/home/runner/.m2/repository/dnsjava/dnsjava/2.1.7/dnsjava-2.1.7.jar:/home/runner/.m2/repository/org/xerial/snappy/snappy-java/1.1.8.2/snappy-java-1.1.8.2.jar:/home/runner/.m2/repository/org/slf4j/jul-to-slf4j/1.7.30/jul-to-slf4j-1.7.30.jar:/home/runner/.m2/repository/org/eclipse/jetty/jetty-util/9.4.43.v20210629/jetty-util-9.4.43.v20210629.jar:/home/runner/.m2/repository/com/fasterxml/jackson/core/jackson-databind/2.12.1/jackson-databind-2.12.1.jar:/home/runner/.m2/repository/org/apache/hadoop/hadoop-kms/3.3.1/hadoop-kms-3.3.1-tests.jar:/home/runner/.m2/repository/org/apache/ozone/hdds-server-scm/1.2.0-SNAPSHOT/hdds-server-scm-1.2.0-SNAPSHOT-tests.jar:/home/runner/.m2/repository/org/apache/ozone/hdds-container-service/1.2.0-SNAPSHOT/hdds-container-service-1.2.0-SNAPSHOT-tests.jar:/home/runner/.m2/repository/commons-codec/commons-codec/1.11/commons-codec-1.11.jar:/home/runner/.m2/repository/io/netty/netty-transport/4.1.63.Final/netty-transport-4.1.63.Final.jar:/home/runner/.m2/repository/io/netty/netty-resolver/4.1.63.Final/netty-resolver-4.1.63.Final.jar:/home/runner/.m2/repository/io/netty/netty-codec/4.1.63.Final/netty-codec-4.1.63.Final.jar:/home/runner/.m2/repository/io/netty/netty-handler/4.1.63.Final/netty-handler-4.1.63.Final.jar:/home/runner/.m2/repository/org/apache/ozone/hdds-hadoop-dependency-test/1.2.0-SNAPSHOT/hdds-hadoop-dependency-test-1.2.0-SNAPSHOT.jar:/home/runner/.m2/repository/org/apache/hadoop/hadoop-common/3.3.1/hadoop-common-3.3.1-tests.jar:/home/runner/.m2/repository/org/assertj/assertj-core/3.12.2/assertj-core-3.12.2.jar:/home/runner/.m2/repository/org/apache/hadoop/hadoop-hdfs/3.3.1/hadoop-hdfs-3.3.1-tests.jar:/home/runner/.m2/repository/org/eclipse/jetty/jetty-util-ajax/9.4.43.v20210629/jetty-util-ajax-9.4.43.v20210629.jar:/home/runner/.m2/repository/commons-daemon/commons-daemon/1.0.13/commons-daemon-1.0.13.jar:/home/runner/.m2/repository/io/netty/netty/3.10.6.Final/netty-3.10.6.Final.jar:/home/runner/.m2/repository/io/netty/netty-all/4.1.63.Final/netty-all-4.1.63.Final.jar:/home/runner/.m2/repository/org/apache/htrace/htrace-core4/4.1.0-incubating/htrace-core4-4.1.0-incubating.jar:/home/runner/.m2/repository/org/fusesource/leveldbjni/leveldbjni-all/1.8/leveldbjni-all-1.8.jar:/home/runner/.m2/repository/org/apache/hadoop/hadoop-distcp/3.3.1/hadoop-distcp-3.3.1.jar:/home/runner/.m2/repository/org/apache/hadoop/hadoop-mapreduce-client-jobclient/3.3.1/hadoop-mapreduce-client-jobclient-3.3.1.jar:/home/runner/.m2/repository/org/apache/hadoop/hadoop-mapreduce-client-common/3.3.1/hadoop-mapreduce-client-common-3.3.1.jar:/home/runner/.m2/repository/org/apache/hadoop/hadoop-yarn-common/3.3.1/hadoop-yarn-common-3.3.1.jar:/home/runner/.m2/repository/org/apache/hadoop/hadoop-yarn-api/3.3.1/hadoop-yarn-api-3.3.1.jar:/home/runner/.m2/repository/com/sun/jersey/jersey-client/1.19/jersey-client-1.19.jar:/home/runner/.m2/repository/com/sun/jersey/contribs/jersey-guice/1.19/jersey-guice-1.19.jar:/home/runner/.m2/repository/com/fasterxml/jackson/jaxrs/jackson-jaxrs-json-provider/2.12.1/jackson-jaxrs-json-provider-2.12.1.jar:/home/runner/.m2/repository/com/fasterxml/jackson/jaxrs/jackson-jaxrs-base/2.12.1/jackson-jaxrs-base-2.12.1.jar:/home/runner/.m2/repository/org/apache/hadoop/hadoop-yarn-client/3.3.1/hadoop-yarn-client-3.3.1.jar:/home/runner/.m2/repository/org/eclipse/jetty/websocket/websocket-client/9.4.40.v20210413/websocket-client-9.4.40.v20210413.jar:/home/runner/.m2/repository/org/eclipse/jetty/jetty-client/9.4.40.v20210413/jetty-client-9.4.40.v20210413.jar:/home/runner/.m2/repository/org/eclipse/jetty/websocket/websocket-common/9.4.40.v20210413/websocket-common-9.4.40.v20210413.jar:/home/runner/.m2/repository/org/eclipse/jetty/websocket/websocket-api/9.4.40.v20210413/websocket-api-9.4.40.v20210413.jar:/home/runner/.m2/repository/org/jline/jline/3.9.0/jline-3.9.0.jar:/home/runner/.m2/repository/org/apache/hadoop/hadoop-mapreduce-client-core/3.3.1/hadoop-mapreduce-client-core-3.3.1.jar:/home/runner/.m2/repository/org/apache/avro/avro/1.7.7/avro-1.7.7.jar:/home/runner/.m2/repository/org/codehaus/jackson/jackson-core-asl/1.9.13/jackson-core-asl-1.9.13.jar:/home/runner/.m2/repository/org/codehaus/jackson/jackson-mapper-asl/1.9.13/jackson-mapper-asl-1.9.13.jar:/home/runner/.m2/repository/com/thoughtworks/paranamer/paranamer/2.3/paranamer-2.3.jar:/home/runner/.m2/repository/org/apache/hadoop/hadoop-annotations/3.3.1/hadoop-annotations-3.3.1.jar:/usr/lib/jvm/adoptopenjdk-8-hotspot-amd64/jre/../lib/tools.jar:/home/runner/.m2/repository/org/apache/hadoop/hadoop-distcp/3.3.1/hadoop-distcp-3.3.1-tests.jar:/home/runner/.m2/repository/org/apache/ratis/ratis-common/2.1.0-03f3b68-SNAPSHOT/ratis-common-2.1.0-03f3b68-SNAPSHOT.jar:/home/runner/.m2/repository/org/apache/ratis/ratis-thirdparty-misc/0.7.0/ratis-thirdparty-misc-0.7.0.jar:/home/runner/.m2/repository/org/apache/ratis/ratis-proto/2.1.0-03f3b68-SNAPSHOT/ratis-proto-2.1.0-03f3b68-SNAPSHOT.jar:"/>
    <property name="sun.cpu.endian" value="little"/>
    <property name="user.home" value="/home/runner"/>
    <property name="user.language" value="en"/>
    <property name="java.specification.vendor" value="Oracle Corporation"/>
    <property name="java.home" value="/usr/lib/jvm/adoptopenjdk-8-hotspot-amd64/jre"/>
    <property name="java.security.krb5.conf" value="/home/runner/work/ozone/ozone/hadoop-ozone/integration-test/target/test-classes/krb5.conf"/>
    <property name="basedir" value="/home/runner/work/ozone/ozone/hadoop-ozone/integration-test"/>
    <property name="file.separator" value="/"/>
    <property name="line.separator" value="&#10;"/>
    <property name="java.vm.specification.vendor" value="Oracle Corporation"/>
    <property name="java.specification.name" value="Java Platform API Specification"/>
    <property name="java.awt.graphicsenv" value="sun.awt.X11GraphicsEnvironment"/>
    <property name="skip.installnpx" value="true"/>
    <property name="surefire.real.class.path" value="/home/runner/work/ozone/ozone/hadoop-ozone/integration-test/target/surefire/surefirebooter5585427426015159046.jar:/home/runner/.m2/repository/org/jacoco/org.jacoco.agent/0.8.5/org.jacoco.agent-0.8.5-runtime.jar"/>
    <property name="hadoop.log.dir" value="/home/runner/work/ozone/ozone/hadoop-ozone/integration-test/target/log"/>
    <property name="sun.boot.class.path" value="/usr/lib/jvm/adoptopenjdk-8-hotspot-amd64/jre/lib/resources.jar:/usr/lib/jvm/adoptopenjdk-8-hotspot-amd64/jre/lib/rt.jar:/usr/lib/jvm/adoptopenjdk-8-hotspot-amd64/jre/lib/sunrsasign.jar:/usr/lib/jvm/adoptopenjdk-8-hotspot-amd64/jre/lib/jsse.jar:/usr/lib/jvm/adoptopenjdk-8-hotspot-amd64/jre/lib/jce.jar:/usr/lib/jvm/adoptopenjdk-8-hotspot-amd64/jre/lib/charsets.jar:/usr/lib/jvm/adoptopenjdk-8-hotspot-amd64/jre/lib/jfr.jar:/usr/lib/jvm/adoptopenjdk-8-hotspot-amd64/jre/classes"/>
    <property name="sun.management.compiler" value="HotSpot 64-Bit Tiered Compilers"/>
    <property name="skip.npx" value="true"/>
    <property name="java.runtime.version" value="1.8.0_292-b10"/>
    <property name="java.net.preferIPv4Stack" value="true"/>
    <property name="user.name" value="runner"/>
    <property name="path.separator" value=":"/>
    <property name="java.security.egd" value="file:///dev/urandom"/>
    <property name="os.version" value="5.4.0-1059-azure"/>
    <property name="java.endorsed.dirs" value="/usr/lib/jvm/adoptopenjdk-8-hotspot-amd64/jre/lib/endorsed"/>
    <property name="java.runtime.name" value="OpenJDK Runtime Environment"/>
    <property name="file.encoding" value="UTF-8"/>
    <property name="java.vm.name" value="OpenJDK 64-Bit Server VM"/>
    <property name="test.build.webapps" value=""/>
    <property name="localRepository" value="/home/runner/.m2/repository"/>
    <property name="java.vendor.url.bug" value="https://github.com/AdoptOpenJDK/openjdk-support/issues"/>
    <property name="java.io.tmpdir" value="/tmp"/>
    <property name="require.test.libhadoop" value=""/>
    <property name="java.version" value="1.8.0_292"/>
    <property name="user.dir" value="/home/runner/work/ozone/ozone/hadoop-ozone/integration-test"/>
    <property name="os.arch" value="amd64"/>
    <property name="java.vm.specification.name" value="Java Virtual Machine Specification"/>
    <property name="test.build.classes" value="/home/runner/work/ozone/ozone/hadoop-ozone/integration-test/target/test-classes"/>
    <property name="java.awt.printerjob" value="sun.print.PSPrinterJob"/>
    <property name="sun.os.patch.level" value="unknown"/>
    <property name="hadoop.tmp.dir" value="/home/runner/work/ozone/ozone/hadoop-ozone/integration-test/target/tmp"/>
    <property name="java.library.path" value="/usr/java/packages/lib/amd64:/usr/lib64:/lib64:/lib:/usr/lib"/>
    <property name="java.vm.info" value="mixed mode"/>
    <property name="java.vendor" value="AdoptOpenJDK"/>
    <property name="java.vm.version" value="25.292-b10"/>
    <property name="java.ext.dirs" value="/usr/lib/jvm/adoptopenjdk-8-hotspot-amd64/jre/lib/ext:/usr/java/packages/lib/ext"/>
    <property name="sun.io.unicode.encoding" value="UnicodeLittle"/>
    <property name="java.class.version" value="52.0"/>
  </properties>
  <testcase name="testPrepareFailsWhenTwoOmsAreDown" classname="org.apache.hadoop.ozone.om.TestOzoneManagerPrepare" time="0">
    <skipped message="Saving on CI time since this is a pessimistic test. We should not be able to do anything with 2 OMs down."/>
    <system-out><![CDATA[2021-10-17 01:34:04,556 [main] WARN  server.ServerUtils (ServerUtils.java:getScmDbDir(148)) - ozone.scm.db.dirs is not configured. We recommend adding this setting. Falling back to ozone.metadata.dirs instead.
2021-10-17 01:34:04,644 [main] INFO  ha.SCMHANodeDetails (SCMHANodeDetails.java:loadSCMHAConfig(157)) - ServiceID for StorageContainerManager is null
2021-10-17 01:34:04,644 [main] INFO  ha.SCMHANodeDetails (SCMHANodeDetails.java:loadSCMHAConfig(162)) - ozone.scm.default.service.id is not defined, falling back to ozone.scm.service.ids to find serviceID for StorageContainerManager if it is HA enabled cluster
2021-10-17 01:34:04,726 [main] WARN  server.ServerUtils (ServerUtils.java:getScmDbDir(148)) - ozone.scm.db.dirs is not configured. We recommend adding this setting. Falling back to ozone.metadata.dirs instead.
2021-10-17 01:34:04,728 [main] INFO  upgrade.AbstractLayoutVersionManager (AbstractLayoutVersionManager.java:init(79)) - Initializing Layout version manager with metadata layout = SCM_HA (version = 2), software layout = SCM_HA (version = 2)
2021-10-17 01:34:04,914 [main] INFO  reflections.Reflections (Reflections.java:scan(232)) - Reflections took 126 ms to scan 7 urls, producing 119 keys and 278 values 
2021-10-17 01:34:05,475 [main] WARN  utils.HAUtils (HAUtils.java:getMetaDir(342)) - ozone.scm.db.dirs is not configured. We recommend adding this setting. Falling back to ozone.metadata.dirs instead.
2021-10-17 01:34:05,598 [main] WARN  db.DBStoreBuilder (DBStoreBuilder.java:applyDBDefinition(145)) - ozone.scm.db.dirs is not configured. We recommend adding this setting. Falling back to ozone.metadata.dirs instead.
2021-10-17 01:34:05,737 [main] INFO  net.NodeSchemaLoader (NodeSchemaLoader.java:loadSchemaFromFile(129)) - Loading schema from [jar:file:/home/runner/.m2/repository/org/apache/ozone/hdds-common/1.2.0-SNAPSHOT/hdds-common-1.2.0-SNAPSHOT.jar!/network-topology-default.xml]
2021-10-17 01:34:05,738 [main] INFO  net.NodeSchemaLoader (NodeSchemaLoader.java:loadSchema(176)) - Loading network topology layer schema file
2021-10-17 01:34:05,774 [main] INFO  metrics.MetricRegistries (MetricRegistriesLoader.java:load(64)) - Loaded MetricRegistries class org.apache.ratis.metrics.impl.MetricRegistriesImpl
2021-10-17 01:34:05,787 [main] INFO  ha.SequenceIdGenerator (SequenceIdGenerator.java:upgradeToSequenceId(347)) - upgrade localId to 107544261427200000
2021-10-17 01:34:05,787 [main] INFO  ha.SequenceIdGenerator (SequenceIdGenerator.java:upgradeToSequenceId(357)) - upgrade delTxnId to 0
2021-10-17 01:34:05,790 [main] INFO  ha.SequenceIdGenerator (SequenceIdGenerator.java:upgradeToSequenceId(371)) - upgrade containerId to 0
2021-10-17 01:34:05,792 [main] INFO  ha.SequenceIdGenerator (SequenceIdGenerator.java:<init>(218)) - Init the HA SequenceIdGenerator.
2021-10-17 01:34:05,825 [main] WARN  server.ServerUtils (ServerUtils.java:sanitizeUserArgs(73)) - ozone.scm.stale.node.interval value = 300000 is larger than max = 100000 based on the key value of ozone.scm.heartbeat.thread.interval, reset to the max value 100000.
2021-10-17 01:34:05,826 [main] WARN  server.ServerUtils (ServerUtils.java:sanitizeUserArgs(73)) - ozone.scm.stale.node.interval value = 300000 is larger than max = 100000 based on the key value of ozone.scm.heartbeat.thread.interval, reset to the max value 100000.
2021-10-17 01:34:05,831 [main] INFO  node.SCMNodeManager (SCMNodeManager.java:<init>(144)) - Entering startup safe mode.
2021-10-17 01:34:05,886 [main] INFO  algorithms.ContainerPlacementPolicyFactory (ContainerPlacementPolicyFactory.java:getPolicy(60)) - Create container placement policy of type org.apache.hadoop.hdds.scm.container.placement.algorithms.SCMContainerPlacementRandom
2021-10-17 01:34:05,895 [main] INFO  pipeline.PipelineStateManagerImpl (PipelineStateManagerImpl.java:initialize(78)) - No pipeline exists in current db
2021-10-17 01:34:05,923 [main] INFO  algorithms.LeaderChoosePolicyFactory (LeaderChoosePolicyFactory.java:getPolicy(57)) - Create leader choose policy of type org.apache.hadoop.hdds.scm.pipeline.leader.choose.algorithms.MinLeaderCountChoosePolicy
2021-10-17 01:34:05,928 [main] INFO  ha.SCMServiceManager (SCMServiceManager.java:register(43)) - Registering service BackgroundPipelineCreator.
2021-10-17 01:34:05,928 [main] INFO  pipeline.BackgroundPipelineCreator (BackgroundPipelineCreator.java:start(130)) - Starting RatisPipelineUtilsThread.
2021-10-17 01:34:05,957 [main] INFO  algorithms.PipelineChoosePolicyFactory (PipelineChoosePolicyFactory.java:createPipelineChoosePolicyFromClass(73)) - Create pipeline choose policy of type org.apache.hadoop.hdds.scm.pipeline.choose.algorithms.RandomPipelineChoosePolicy
2021-10-17 01:34:05,971 [main] INFO  ha.SCMServiceManager (SCMServiceManager.java:register(43)) - Registering service SCMBlockDeletingService.
2021-10-17 01:34:05,993 [main] INFO  ha.SCMServiceManager (SCMServiceManager.java:register(43)) - Registering service ReplicationManager.
2021-10-17 01:34:05,995 [main] INFO  container.ReplicationManager (ReplicationManager.java:start(319)) - Starting Replication Monitor Thread.
2021-10-17 01:34:06,007 [ReplicationMonitor] INFO  container.ReplicationManager (ReplicationManager.java:processAll(371)) - Replication Monitor Thread took 1 milliseconds for processing 0 containers.
2021-10-17 01:34:06,008 [main] INFO  safemode.ContainerSafeModeRule (ContainerSafeModeRule.java:<init>(89)) - containers with one replica threshold count 0
2021-10-17 01:34:06,011 [main] INFO  safemode.HealthyPipelineSafeModeRule (HealthyPipelineSafeModeRule.java:initializeRule(156)) - Total pipeline count is 0, healthy pipeline threshold count is 1
2021-10-17 01:34:06,013 [main] INFO  safemode.OneReplicaPipelineSafeModeRule (OneReplicaPipelineSafeModeRule.java:initializeRule(180)) - Total pipeline count is 0, pipeline's with at least one datanode reported threshold count is 0
2021-10-17 01:34:06,361 [main] INFO  ipc.CallQueueManager (CallQueueManager.java:<init>(90)) - Using callQueue: class java.util.concurrent.LinkedBlockingQueue, queueCapacity: 2000, scheduler: class org.apache.hadoop.ipc.DefaultRpcScheduler, ipcBackoff: false.
2021-10-17 01:34:06,398 [Socket Reader #1 for port 0] INFO  ipc.Server (Server.java:run(1265)) - Starting Socket Reader #1 for port 0
2021-10-17 01:34:06,442 [Listener at 0.0.0.0/42303] INFO  ipc.CallQueueManager (CallQueueManager.java:<init>(90)) - Using callQueue: class java.util.concurrent.LinkedBlockingQueue, queueCapacity: 2000, scheduler: class org.apache.hadoop.ipc.DefaultRpcScheduler, ipcBackoff: false.
2021-10-17 01:34:06,446 [Socket Reader #1 for port 0] INFO  ipc.Server (Server.java:run(1265)) - Starting Socket Reader #1 for port 0
2021-10-17 01:34:06,462 [Listener at 0.0.0.0/44503] INFO  ipc.CallQueueManager (CallQueueManager.java:<init>(90)) - Using callQueue: class java.util.concurrent.LinkedBlockingQueue, queueCapacity: 2000, scheduler: class org.apache.hadoop.ipc.DefaultRpcScheduler, ipcBackoff: false.
2021-10-17 01:34:06,462 [Socket Reader #1 for port 0] INFO  ipc.Server (Server.java:run(1265)) - Starting Socket Reader #1 for port 0
2021-10-17 01:34:06,513 [Listener at 0.0.0.0/45045] INFO  algorithms.ContainerPlacementPolicyFactory (ContainerPlacementPolicyFactory.java:getPolicy(60)) - Create container placement policy of type org.apache.hadoop.hdds.scm.container.placement.algorithms.SCMContainerPlacementRandom
2021-10-17 01:34:06,518 [Listener at 0.0.0.0/45045] INFO  server.StorageContainerManager (StorageContainerManager.java:<init>(388)) - 
Container Balancer status:
Key                            Value
Running                        false
Container Balancer Configuration values:
Key                                                Value
Threshold                                          0.1
Max Datanodes to Involve per Iteration(ratio)      0.2
Max Size to Move per Iteration                     32212254720B

2021-10-17 01:34:06,519 [Listener at 0.0.0.0/45045] WARN  events.EventQueue (EventQueue.java:fireEvent(194)) - No event handler registered for event TypedEvent{payloadType=SafeModeStatus, name='Safe mode status'}
2021-10-17 01:34:06,519 [Listener at 0.0.0.0/45045] INFO  ha.SCMContext (SCMContext.java:updateSafeModeStatus(205)) - Update SafeModeStatus from SafeModeStatus{safeModeStatus=true, preCheckPassed=false} to SafeModeStatus{safeModeStatus=true, preCheckPassed=false}.
2021-10-17 01:34:06,522 [Listener at 0.0.0.0/45045] INFO  server.StorageContainerManager (StorageContainerManager.java:start(1303)) - StorageContainerLocationProtocol RPC server is listening at /0.0.0.0:45045
2021-10-17 01:34:06,587 [Listener at 0.0.0.0/45045] WARN  impl.MetricsConfig (MetricsConfig.java:loadFirst(136)) - Cannot locate configuration: tried hadoop-metrics2-storagecontainermanager.properties,hadoop-metrics2.properties
2021-10-17 01:34:06,603 [Listener at 0.0.0.0/45045] INFO  impl.MetricsSystemImpl (MetricsSystemImpl.java:startTimer(378)) - Scheduled Metric snapshot period at 10 second(s).
2021-10-17 01:34:06,604 [Listener at 0.0.0.0/45045] INFO  impl.MetricsSystemImpl (MetricsSystemImpl.java:start(191)) - StorageContainerManager metrics system started
2021-10-17 01:34:06,914 [Listener at 0.0.0.0/45045] INFO  server.SCMClientProtocolServer (SCMClientProtocolServer.java:start(164)) - RPC server for Client  is listening at /0.0.0.0:45045
2021-10-17 01:34:06,914 [IPC Server Responder] INFO  ipc.Server (Server.java:run(1507)) - IPC Server Responder: starting
2021-10-17 01:34:06,915 [IPC Server listener on 0] INFO  ipc.Server (Server.java:run(1344)) - IPC Server listener on 0: starting
2021-10-17 01:34:06,923 [Listener at 0.0.0.0/45045] INFO  server.StorageContainerManager (StorageContainerManager.java:start(1318)) - ScmBlockLocationProtocol RPC server is listening at /0.0.0.0:44503
2021-10-17 01:34:06,924 [Listener at 0.0.0.0/45045] INFO  server.SCMBlockProtocolServer (SCMBlockProtocolServer.java:start(151)) - RPC server for Block Protocol is listening at /0.0.0.0:44503
2021-10-17 01:34:06,924 [IPC Server Responder] INFO  ipc.Server (Server.java:run(1507)) - IPC Server Responder: starting
2021-10-17 01:34:06,924 [IPC Server listener on 0] INFO  ipc.Server (Server.java:run(1344)) - IPC Server listener on 0: starting
2021-10-17 01:34:06,927 [Listener at 0.0.0.0/45045] INFO  server.StorageContainerManager (StorageContainerManager.java:start(1324)) - ScmDatanodeProtocl RPC server is listening at /0.0.0.0:42303
2021-10-17 01:34:06,928 [Listener at 0.0.0.0/45045] INFO  server.SCMDatanodeProtocolServer (SCMDatanodeProtocolServer.java:start(181)) - RPC server for DataNodes is listening at /0.0.0.0:42303
2021-10-17 01:34:06,928 [IPC Server Responder] INFO  ipc.Server (Server.java:run(1507)) - IPC Server Responder: starting
2021-10-17 01:34:06,929 [IPC Server listener on 0] INFO  ipc.Server (Server.java:run(1344)) - IPC Server listener on 0: starting
2021-10-17 01:34:06,946 [org.apache.hadoop.util.JvmPauseMonitor$Monitor@fd0e118] INFO  util.JvmPauseMonitor (JvmPauseMonitor.java:run(188)) - Starting JVM pause monitor
2021-10-17 01:34:06,957 [Listener at 0.0.0.0/45045] INFO  http.BaseHttpServer (BaseHttpServer.java:newHttpServer2BuilderForOzone(209)) - Starting Web-server for scm at: http://0.0.0.0:0
2021-10-17 01:34:06,957 [Listener at 0.0.0.0/45045] INFO  http.BaseHttpServer (BaseHttpServer.java:<init>(107)) - Hadoop Security Enabled: false Ozone Security Enabled: false Ozone HTTP Security Enabled: false 
2021-10-17 01:34:06,982 [Listener at 0.0.0.0/45045] INFO  util.log (Log.java:initialized(170)) - Logging initialized @3704ms to org.eclipse.jetty.util.log.Slf4jLog
2021-10-17 01:34:07,080 [Listener at 0.0.0.0/45045] INFO  server.AuthenticationFilter (AuthenticationFilter.java:constructSecretProvider(240)) - Unable to initialize FileSignerSecretProvider, falling back to use random secrets.
2021-10-17 01:34:07,085 [Listener at 0.0.0.0/45045] WARN  http.HttpRequestLog (HttpRequestLog.java:getRequestLog(103)) - Jetty request log can only be enabled using Log4j
2021-10-17 01:34:07,093 [Listener at 0.0.0.0/45045] INFO  http.HttpServer2 (HttpServer2.java:addGlobalFilter(1030)) - Added global filter 'safety' (class=org.apache.hadoop.hdds.server.http.HttpServer2$QuotingInputFilter)
2021-10-17 01:34:07,095 [Listener at 0.0.0.0/45045] INFO  http.HttpServer2 (HttpServer2.java:addFilter(1006)) - Added filter static_user_filter (class=org.apache.hadoop.http.lib.StaticUserWebFilter$StaticUserFilter) to context scm
2021-10-17 01:34:07,095 [Listener at 0.0.0.0/45045] INFO  http.HttpServer2 (HttpServer2.java:addFilter(1014)) - Added filter static_user_filter (class=org.apache.hadoop.http.lib.StaticUserWebFilter$StaticUserFilter) to context logs
2021-10-17 01:34:07,095 [Listener at 0.0.0.0/45045] INFO  http.HttpServer2 (HttpServer2.java:addFilter(1014)) - Added filter static_user_filter (class=org.apache.hadoop.http.lib.StaticUserWebFilter$StaticUserFilter) to context static
2021-10-17 01:34:07,134 [Listener at 0.0.0.0/45045] INFO  http.HttpServer2 (HttpServer2.java:bindListener(1249)) - Jetty bound to port 41901
2021-10-17 01:34:07,135 [Listener at 0.0.0.0/45045] INFO  server.Server (Server.java:doStart(375)) - jetty-9.4.43.v20210629; built: 2021-06-30T11:07:22.254Z; git: 526006ecfa3af7f1a27ef3a288e2bef7ea9dd7e8; jvm 1.8.0_292-b10
2021-10-17 01:34:07,164 [Listener at 0.0.0.0/45045] INFO  server.session (DefaultSessionIdManager.java:doStart(334)) - DefaultSessionIdManager workerName=node0
2021-10-17 01:34:07,165 [Listener at 0.0.0.0/45045] INFO  server.session (DefaultSessionIdManager.java:doStart(339)) - No SessionScavenger set, using defaults
2021-10-17 01:34:07,167 [Listener at 0.0.0.0/45045] INFO  server.session (HouseKeeper.java:startScavenging(132)) - node0 Scavenging every 660000ms
2021-10-17 01:34:07,179 [Listener at 0.0.0.0/45045] INFO  handler.ContextHandler (ContextHandler.java:doStart(915)) - Started o.e.j.s.ServletContextHandler@104392ba{logs,/logs,file:///home/runner/work/ozone/ozone/hadoop-ozone/integration-test/target/log,AVAILABLE}
2021-10-17 01:34:07,180 [Listener at 0.0.0.0/45045] INFO  handler.ContextHandler (ContextHandler.java:doStart(915)) - Started o.e.j.s.ServletContextHandler@10b2c1cf{static,/static,file:///home/runner/work/ozone/ozone/hadoop-ozone/integration-test/target/test-classes/webapps/static,AVAILABLE}
2021-10-17 01:34:07,223 [Listener at 0.0.0.0/45045] INFO  handler.ContextHandler (ContextHandler.java:doStart(915)) - Started o.e.j.w.WebAppContext@4777f71e{scm,/,file:///home/runner/work/ozone/ozone/hadoop-ozone/integration-test/target/test-classes/webapps/scm/,AVAILABLE}{file:/home/runner/work/ozone/ozone/hadoop-ozone/integration-test/target/test-classes/webapps/scm}
2021-10-17 01:34:07,232 [Listener at 0.0.0.0/45045] INFO  server.AbstractConnector (AbstractConnector.java:doStart(331)) - Started ServerConnector@1e4d93f7{HTTP/1.1, (http/1.1)}{0.0.0.0:41901}
2021-10-17 01:34:07,232 [Listener at 0.0.0.0/45045] INFO  server.Server (Server.java:doStart(415)) - Started @3955ms
2021-10-17 01:34:07,234 [Listener at 0.0.0.0/45045] INFO  impl.MetricsSinkAdapter (MetricsSinkAdapter.java:start(204)) - Sink prometheus started
2021-10-17 01:34:07,234 [Listener at 0.0.0.0/45045] INFO  impl.MetricsSystemImpl (MetricsSystemImpl.java:registerSink(305)) - Registered sink prometheus
2021-10-17 01:34:07,235 [Listener at 0.0.0.0/45045] INFO  http.BaseHttpServer (BaseHttpServer.java:updateConnectorAddress(329)) - HTTP server of scm listening at http://0.0.0.0:41901
2021-10-17 01:34:07,329 [Listener at 0.0.0.0/45045] INFO  ha.OMHANodeDetails (OMHANodeDetails.java:loadOMHAConfig(118)) - ServiceID for OzoneManager is om-service-test1
2021-10-17 01:34:07,334 [Listener at 0.0.0.0/45045] INFO  ha.OMHANodeDetails (OMHANodeDetails.java:loadOMHAConfig(194)) - Found matching OM address with OMServiceId: om-service-test1, OMNodeId: omNode-1, RPC Address: localhost:11172 and Ratis port: 11176
2021-10-17 01:34:07,334 [Listener at 0.0.0.0/45045] INFO  ha.OMHANodeDetails (ConfUtils.java:setNodeSpecificConfigs(108)) - Setting configuration key ozone.om.http-address with value of key ozone.om.http-address.om-service-test1.omNode-1: 127.0.0.1:11174
2021-10-17 01:34:07,334 [Listener at 0.0.0.0/45045] INFO  ha.OMHANodeDetails (ConfUtils.java:setNodeSpecificConfigs(108)) - Setting configuration key ozone.om.https-address with value of key ozone.om.https-address.om-service-test1.omNode-1: 127.0.0.1:11175
2021-10-17 01:34:07,334 [Listener at 0.0.0.0/45045] INFO  ha.OMHANodeDetails (ConfUtils.java:setNodeSpecificConfigs(108)) - Setting configuration key ozone.om.address with value of key ozone.om.address.om-service-test1.omNode-1: 127.0.0.1:11172
2021-10-17 01:34:07,335 [Listener at 0.0.0.0/45045] WARN  server.ServerUtils (ServerUtils.java:getDBPath(225)) - ozone.om.db.dirs is not configured. We recommend adding this setting. Falling back to ozone.metadata.dirs instead.
OM initialization succeeded.Current cluster id for sd=/home/runner/work/ozone/ozone/hadoop-ozone/integration-test/target/test-dir/MiniOzoneClusterImpl-e6b5673d-0e05-4a61-970a-b11d77d0bde6/omNode-1/om;cid=e6b5673d-0e05-4a61-970a-b11d77d0bde6;layoutVersion=0
2021-10-17 01:34:07,609 [Listener at 0.0.0.0/45045] INFO  ha.OMHANodeDetails (OMHANodeDetails.java:loadOMHAConfig(118)) - ServiceID for OzoneManager is om-service-test1
2021-10-17 01:34:07,610 [Listener at 0.0.0.0/45045] INFO  ha.OMHANodeDetails (OMHANodeDetails.java:loadOMHAConfig(194)) - Found matching OM address with OMServiceId: om-service-test1, OMNodeId: omNode-1, RPC Address: localhost:11172 and Ratis port: 11176
2021-10-17 01:34:07,610 [Listener at 0.0.0.0/45045] INFO  ha.OMHANodeDetails (ConfUtils.java:setNodeSpecificConfigs(108)) - Setting configuration key ozone.om.http-address with value of key ozone.om.http-address.om-service-test1.omNode-1: 127.0.0.1:11174
2021-10-17 01:34:07,610 [Listener at 0.0.0.0/45045] INFO  ha.OMHANodeDetails (ConfUtils.java:setNodeSpecificConfigs(108)) - Setting configuration key ozone.om.https-address with value of key ozone.om.https-address.om-service-test1.omNode-1: 127.0.0.1:11175
2021-10-17 01:34:07,610 [Listener at 0.0.0.0/45045] INFO  ha.OMHANodeDetails (ConfUtils.java:setNodeSpecificConfigs(108)) - Setting configuration key ozone.om.address with value of key ozone.om.address.om-service-test1.omNode-1: 127.0.0.1:11172
2021-10-17 01:34:07,611 [Listener at 0.0.0.0/45045] WARN  server.ServerUtils (ServerUtils.java:getDBPath(225)) - ozone.om.db.dirs is not configured. We recommend adding this setting. Falling back to ozone.metadata.dirs instead.
2021-10-17 01:34:07,612 [Listener at 0.0.0.0/45045] INFO  upgrade.AbstractLayoutVersionManager (AbstractLayoutVersionManager.java:init(79)) - Initializing Layout version manager with metadata layout = INITIAL_VERSION (version = 0), software layout = INITIAL_VERSION (version = 0)
2021-10-17 01:34:07,662 [Listener at 0.0.0.0/45045] INFO  reflections.Reflections (Reflections.java:scan(232)) - Reflections took 45 ms to scan 2 urls, producing 131 keys and 342 values [using 2 cores]
2021-10-17 01:34:07,667 [Listener at 0.0.0.0/45045] INFO  upgrade.OMLayoutVersionManager (OMLayoutVersionManager.java:lambda$0(115)) - Skipping Upgrade Action MockOmUpgradeAction since it has been finalized.
2021-10-17 01:34:07,669 [Listener at 0.0.0.0/45045] WARN  server.ServerUtils (ServerUtils.java:getDBPath(225)) - ozone.om.db.dirs is not configured. We recommend adding this setting. Falling back to ozone.metadata.dirs instead.
2021-10-17 01:34:07,815 [Listener at 0.0.0.0/45045] WARN  server.ServerUtils (ServerUtils.java:getDBPath(225)) - ozone.om.db.dirs is not configured. We recommend adding this setting. Falling back to ozone.metadata.dirs instead.
2021-10-17 01:34:07,821 [Listener at 0.0.0.0/45045] INFO  codec.OmKeyInfoCodec (OmKeyInfoCodec.java:<init>(51)) - OmKeyInfoCodec ignorePipeline = true
2021-10-17 01:34:07,823 [Listener at 0.0.0.0/45045] INFO  codec.RepeatedOmKeyInfoCodec (RepeatedOmKeyInfoCodec.java:<init>(42)) - RepeatedOmKeyInfoCodec ignorePipeline = true
2021-10-17 01:34:08,022 [Listener at 0.0.0.0/45045] INFO  om.OzoneManager (OzoneManager.java:addS3GVolumeToDB(4151)) - Created Volume s3v With Owner runner required for S3Gateway operations.
2021-10-17 01:34:08,088 [Listener at 0.0.0.0/45045] WARN  server.ServerUtils (ServerUtils.java:getDefaultRatisDirectory(237)) - Storage directory for Ratis is not configured. It is a good idea to map this to an SSD disk. Falling back to ozone.metadata.dirs
2021-10-17 01:34:08,088 [Listener at 0.0.0.0/45045] WARN  utils.OzoneManagerRatisUtils (OzoneManagerRatisUtils.java:getOMRatisSnapshotDirectory(435)) - ozone.om.ratis.snapshot.dir is not configured. Falling back to ozone.metadata.dirs config
2021-10-17 01:34:08,111 [Listener at 0.0.0.0/45045] INFO  snapshot.OzoneManagerSnapshotProvider (OzoneManagerSnapshotProvider.java:<init>(76)) - Initializing OM Snapshot Provider
2021-10-17 01:34:08,204 [Listener at 0.0.0.0/45045] WARN  server.ServerUtils (ServerUtils.java:getDefaultRatisDirectory(237)) - Storage directory for Ratis is not configured. It is a good idea to map this to an SSD disk. Falling back to ozone.metadata.dirs
2021-10-17 01:34:08,232 [Listener at 0.0.0.0/45045] INFO  ratis.OzoneManagerRatisServer (OzoneManagerRatisServer.java:<init>(159)) - Instantiating OM Ratis server with groupID: om-service-test1 and peers: localhost:11176, localhost:11188, localhost:11182
2021-10-17 01:34:08,240 [Listener at 0.0.0.0/45045] INFO  ratis.OzoneManagerStateMachine (OzoneManagerStateMachine.java:loadSnapshotInfoFromDB(605)) - LastAppliedIndex is set from TransactionInfo from OM DB as (t:0, i:~)
2021-10-17 01:34:08,270 [Listener at 0.0.0.0/45045] INFO  server.RaftServer (ConfUtils.java:logGet(44)) - raft.rpc.type = GRPC (default)
2021-10-17 01:34:08,346 [Listener at 0.0.0.0/45045] INFO  grpc.GrpcFactory (GrpcFactory.java:checkPooledByteBufAllocatorUseCacheForAllThreads(48)) - PERFORMANCE WARNING: useCacheForAllThreads is true that may cause Netty to create a lot garbage objects and, as a result, trigger GC.
	It is recommended to disable useCacheForAllThreads by setting -Dorg.apache.ratis.thirdparty.io.netty.allocator.useCacheForAllThreads=false in command line.
2021-10-17 01:34:08,350 [Listener at 0.0.0.0/45045] INFO  grpc.GrpcConfigKeys (ConfUtils.java:logGet(44)) - raft.grpc.admin.port = -1 (default)
2021-10-17 01:34:08,351 [Listener at 0.0.0.0/45045] INFO  grpc.GrpcConfigKeys (ConfUtils.java:logGet(44)) - raft.grpc.server.port = 11176 (custom)
2021-10-17 01:34:08,352 [Listener at 0.0.0.0/45045] INFO  grpc.GrpcConfigKeys (ConfUtils.java:logGet(44)) - raft.grpc.client.port = -1 (default)
2021-10-17 01:34:08,352 [Listener at 0.0.0.0/45045] INFO  grpc.GrpcConfigKeys (ConfUtils.java:logGet(44)) - raft.grpc.server.port = 11176 (custom)
2021-10-17 01:34:08,352 [Listener at 0.0.0.0/45045] INFO  grpc.GrpcConfigKeys (ConfUtils.java:logGet(44)) - raft.grpc.server.port = 11176 (custom)
2021-10-17 01:34:08,353 [Listener at 0.0.0.0/45045] INFO  server.GrpcService (ConfUtils.java:logGet(44)) - raft.grpc.message.size.max = 33554432 (custom)
2021-10-17 01:34:08,354 [Listener at 0.0.0.0/45045] INFO  server.RaftServerConfigKeys (ConfUtils.java:logGet(44)) - raft.server.log.appender.buffer.byte-limit = 33554432 (custom)
2021-10-17 01:34:08,355 [Listener at 0.0.0.0/45045] INFO  server.GrpcService (ConfUtils.java:logGet(44)) - raft.grpc.flow.control.window = 1MB (=1048576) (default)
2021-10-17 01:34:08,355 [Listener at 0.0.0.0/45045] INFO  server.RaftServerConfigKeys (ConfUtils.java:logGet(44)) - raft.server.rpc.request.timeout = 3000ms (default)
2021-10-17 01:34:08,646 [Listener at 0.0.0.0/45045] INFO  impl.DataStreamServerImpl (ConfUtils.java:logGet(44)) - raft.datastream.type = DISABLED (default)
2021-10-17 01:34:08,648 [Listener at 0.0.0.0/45045] INFO  server.RaftServerConfigKeys (ConfUtils.java:logGet(44)) - raft.server.rpc.slowness.timeout = 2s (custom)
2021-10-17 01:34:08,648 [Listener at 0.0.0.0/45045] INFO  server.RaftServerConfigKeys (ConfUtils.java:logGet(44)) - raft.server.leaderelection.leader.step-down.wait-time = 10s (default)
2021-10-17 01:34:08,665 [Listener at 0.0.0.0/45045] INFO  server.RaftServerConfigKeys (ConfUtils.java:logGet(44)) - raft.server.storage.dir = [/home/runner/work/ozone/ozone/hadoop-ozone/integration-test/target/test-dir/MiniOzoneClusterImpl-e6b5673d-0e05-4a61-970a-b11d77d0bde6/omNode-1/ratis] (custom)
2021-10-17 01:34:08,674 [Listener at 0.0.0.0/45045] INFO  server.RaftServer (RaftServerProxy.java:addNew(95)) - omNode-1: addNew group-523986131536:[omNode-3|rpc:localhost:11188|priority:0, omNode-1|rpc:localhost:11176|priority:0, omNode-2|rpc:localhost:11182|priority:0] returns group-523986131536:java.util.concurrent.CompletableFuture@6d7298be[Not completed]
2021-10-17 01:34:08,675 [Listener at 0.0.0.0/45045] INFO  om.OzoneManager (OzoneManager.java:initializeRatisServer(1605)) - OzoneManager Ratis server initialized at port 11176
2021-10-17 01:34:08,708 [pool-39-thread-1] INFO  server.RaftServer$Division (RaftServerImpl.java:<init>(181)) - omNode-1: new RaftServerImpl for group-523986131536:[omNode-3|rpc:localhost:11188|priority:0, omNode-1|rpc:localhost:11176|priority:0, omNode-2|rpc:localhost:11182|priority:0] with OzoneManagerStateMachine:uninitialized
2021-10-17 01:34:08,711 [pool-39-thread-1] INFO  server.RaftServerConfigKeys (ConfUtils.java:logGet(44)) - raft.server.rpc.timeout.min = 1s (custom)
2021-10-17 01:34:08,711 [pool-39-thread-1] INFO  server.RaftServerConfigKeys (ConfUtils.java:logGet(44)) - raft.server.rpc.timeout.max = 1200ms (custom)
2021-10-17 01:34:08,711 [pool-39-thread-1] INFO  server.RaftServerConfigKeys (ConfUtils.java:logGet(44)) - raft.server.rpc.sleep.time = 25ms (default)
2021-10-17 01:34:08,712 [pool-39-thread-1] INFO  server.RaftServerConfigKeys (ConfUtils.java:logGet(44)) - raft.server.rpc.slowness.timeout = 2s (custom)
2021-10-17 01:34:08,712 [Listener at 0.0.0.0/45045] INFO  ipc.CallQueueManager (CallQueueManager.java:<init>(90)) - Using callQueue: class java.util.concurrent.LinkedBlockingQueue, queueCapacity: 2000, scheduler: class org.apache.hadoop.ipc.DefaultRpcScheduler, ipcBackoff: false.
2021-10-17 01:34:08,714 [pool-39-thread-1] INFO  server.RaftServerConfigKeys (ConfUtils.java:logGet(44)) - raft.server.leaderelection.leader.step-down.wait-time = 10s (default)
2021-10-17 01:34:08,715 [pool-39-thread-1] INFO  server.RaftServerConfigKeys (ConfUtils.java:logGet(44)) - raft.server.sleep.deviation.threshold = 300ms (default)
2021-10-17 01:34:08,715 [pool-39-thread-1] INFO  server.RaftServerConfigKeys (ConfUtils.java:logGet(44)) - raft.server.log.appender.install.snapshot.enabled = false (custom)
2021-10-17 01:34:08,721 [pool-39-thread-1] INFO  server.RaftServer$Division (ServerState.java:<init>(105)) - omNode-1@group-523986131536: ConfigurationManager, init=-1: [omNode-3|rpc:localhost:11188|priority:0, omNode-1|rpc:localhost:11176|priority:0, omNode-2|rpc:localhost:11182|priority:0], old=null, confs=<EMPTY_MAP>
2021-10-17 01:34:08,721 [Socket Reader #1 for port 11172] INFO  ipc.Server (Server.java:run(1265)) - Starting Socket Reader #1 for port 11172
2021-10-17 01:34:08,721 [pool-39-thread-1] INFO  server.RaftServerConfigKeys (ConfUtils.java:logGet(44)) - raft.server.storage.dir = [/home/runner/work/ozone/ozone/hadoop-ozone/integration-test/target/test-dir/MiniOzoneClusterImpl-e6b5673d-0e05-4a61-970a-b11d77d0bde6/omNode-1/ratis] (custom)
2021-10-17 01:34:08,726 [pool-39-thread-1] INFO  server.RaftServerConfigKeys (ConfUtils.java:logGet(44)) - raft.server.log.corruption.policy = EXCEPTION (default)
2021-10-17 01:34:08,730 [pool-39-thread-1] INFO  server.RaftServerConfigKeys (ConfUtils.java:logGet(44)) - raft.server.storage.free-space.min = 0MB (=0) (default)
2021-10-17 01:34:08,732 [pool-39-thread-1] INFO  storage.RaftStorageDirectory (RaftStorageDirectoryImpl.java:analyzeStorage(135)) - The storage directory /home/runner/work/ozone/ozone/hadoop-ozone/integration-test/target/test-dir/MiniOzoneClusterImpl-e6b5673d-0e05-4a61-970a-b11d77d0bde6/omNode-1/ratis/c9bc4cf4-3bc3-3c60-a66b-523986131536 does not exist. Creating ...
2021-10-17 01:34:08,737 [pool-39-thread-1] INFO  storage.RaftStorageDirectory (RaftStorageDirectoryImpl.java:tryLock(230)) - Lock on /home/runner/work/ozone/ozone/hadoop-ozone/integration-test/target/test-dir/MiniOzoneClusterImpl-e6b5673d-0e05-4a61-970a-b11d77d0bde6/omNode-1/ratis/c9bc4cf4-3bc3-3c60-a66b-523986131536/in_use.lock acquired by nodename 15180@fv-az151-444
2021-10-17 01:34:08,748 [pool-39-thread-1] INFO  storage.RaftStorage (RaftStorageImpl.java:format(89)) - Storage directory /home/runner/work/ozone/ozone/hadoop-ozone/integration-test/target/test-dir/MiniOzoneClusterImpl-e6b5673d-0e05-4a61-970a-b11d77d0bde6/omNode-1/ratis/c9bc4cf4-3bc3-3c60-a66b-523986131536 has been successfully formatted.
2021-10-17 01:34:08,755 [Listener at 127.0.0.1/11172] INFO  om.OzoneManager (OzoneManager.java:initFSOLayout(4357)) - Configured ozone.om.metadata.layout=SIMPLE and disabled optimized OM FS operations
2021-10-17 01:34:08,756 [Listener at 127.0.0.1/11172] INFO  impl.MetricsSystemImpl (MetricsSystemImpl.java:init(158)) - OzoneManager metrics system started (again)
2021-10-17 01:34:08,763 [pool-39-thread-1] INFO  server.RaftServerConfigKeys (ConfUtils.java:logGet(44)) - raft.server.notification.no-leader.timeout = 2s (custom)
2021-10-17 01:34:08,765 [pool-39-thread-1] INFO  server.RaftServerConfigKeys (ConfUtils.java:logGet(44)) - raft.server.log.use.memory = false (default)
2021-10-17 01:34:08,771 [Listener at 127.0.0.1/11172] INFO  om.OzoneManager (OzoneManager.java:start(1301)) - OzoneManager RPC server is listening at localhost/127.0.0.1:11172
2021-10-17 01:34:08,771 [Listener at 127.0.0.1/11172] INFO  ratis.OzoneManagerRatisServer (OzoneManagerRatisServer.java:start(520)) - Starting OzoneManagerRatisServer omNode-1 at port 11176
2021-10-17 01:34:08,777 [pool-39-thread-1] INFO  server.RaftServerConfigKeys (ConfUtils.java:logGet(44)) - raft.server.log.purge.gap = 50 (custom)
2021-10-17 01:34:08,777 [pool-39-thread-1] INFO  server.RaftServerConfigKeys (ConfUtils.java:logGet(44)) - raft.server.log.appender.buffer.byte-limit = 33554432 (custom)
2021-10-17 01:34:08,790 [pool-39-thread-1] INFO  server.RaftServerConfigKeys (ConfUtils.java:logGet(44)) - raft.server.log.segment.size.max = 4194304 (custom)
2021-10-17 01:34:08,797 [pool-39-thread-1] INFO  server.RaftServerConfigKeys (ConfUtils.java:logGet(44)) - raft.server.log.segment.cache.num.max = 2 (custom)
2021-10-17 01:34:08,797 [pool-39-thread-1] INFO  server.RaftServerConfigKeys (ConfUtils.java:logGet(44)) - raft.server.log.segment.cache.size.max = 200MB (=209715200) (default)
2021-10-17 01:34:08,803 [pool-39-thread-1] INFO  segmented.SegmentedRaftLogWorker (SegmentedRaftLogWorker.java:<init>(182)) - new omNode-1@group-523986131536-SegmentedRaftLogWorker for RaftStorageImpl:Storage Directory /home/runner/work/ozone/ozone/hadoop-ozone/integration-test/target/test-dir/MiniOzoneClusterImpl-e6b5673d-0e05-4a61-970a-b11d77d0bde6/omNode-1/ratis/c9bc4cf4-3bc3-3c60-a66b-523986131536
2021-10-17 01:34:08,804 [pool-39-thread-1] INFO  server.RaftServerConfigKeys (ConfUtils.java:logGet(44)) - raft.server.log.queue.byte-limit = 64MB (=67108864) (default)
2021-10-17 01:34:08,804 [pool-39-thread-1] INFO  server.RaftServerConfigKeys (ConfUtils.java:logGet(44)) - raft.server.log.queue.element-limit = 4096 (default)
2021-10-17 01:34:08,805 [pool-39-thread-1] INFO  server.RaftServerConfigKeys (ConfUtils.java:logGet(44)) - raft.server.log.segment.size.max = 4194304 (custom)
2021-10-17 01:34:08,805 [pool-39-thread-1] INFO  server.RaftServerConfigKeys (ConfUtils.java:logGet(44)) - raft.server.log.preallocated.size = 4194304 (custom)
2021-10-17 01:34:08,806 [pool-39-thread-1] INFO  server.RaftServerConfigKeys (ConfUtils.java:logGet(44)) - raft.server.log.force.sync.num = 128 (default)
2021-10-17 01:34:08,807 [pool-39-thread-1] INFO  server.RaftServerConfigKeys (ConfUtils.java:logGet(44)) - raft.server.log.statemachine.data.sync = true (default)
2021-10-17 01:34:08,807 [pool-39-thread-1] INFO  server.RaftServerConfigKeys (ConfUtils.java:logGet(44)) - raft.server.log.statemachine.data.sync.timeout = 10s (default)
2021-10-17 01:34:08,808 [pool-39-thread-1] INFO  server.RaftServerConfigKeys (ConfUtils.java:logGet(44)) - raft.server.log.statemachine.data.sync.timeout.retry = -1 (default)
2021-10-17 01:34:08,816 [pool-39-thread-1] INFO  server.RaftServerConfigKeys (ConfUtils.java:logGet(44)) - raft.server.log.write.buffer.size = 64KB (=65536) (default)
2021-10-17 01:34:08,816 [pool-39-thread-1] INFO  server.RaftServerConfigKeys (ConfUtils.java:logGet(44)) - raft.server.log.statemachine.data.caching.enabled = false (default)
2021-10-17 01:34:08,823 [pool-39-thread-1] INFO  segmented.SegmentedRaftLogWorker (SegmentedRaftLogWorker.java:lambda$new$0(133)) - omNode-1@group-523986131536-SegmentedRaftLogWorker: flushIndex: setUnconditionally 0 -> -1
2021-10-17 01:34:08,823 [pool-39-thread-1] INFO  segmented.SegmentedRaftLogWorker (SegmentedRaftLogWorker.java:lambda$new$0(133)) - omNode-1@group-523986131536-SegmentedRaftLogWorker: safeCacheEvictIndex: setUnconditionally 0 -> -1
2021-10-17 01:34:08,829 [pool-39-thread-1] INFO  server.RaftServerConfigKeys (ConfUtils.java:logGet(44)) - raft.server.snapshot.auto.trigger.enabled = true (custom)
2021-10-17 01:34:08,833 [pool-39-thread-1] INFO  server.RaftServerConfigKeys (ConfUtils.java:logGet(44)) - raft.server.snapshot.auto.trigger.threshold = 50 (custom)
2021-10-17 01:34:08,833 [pool-39-thread-1] INFO  server.RaftServerConfigKeys (ConfUtils.java:logGet(44)) - raft.server.snapshot.retention.file.num = -1 (default)
2021-10-17 01:34:08,834 [pool-39-thread-1] INFO  server.RaftServerConfigKeys (ConfUtils.java:logGet(44)) - raft.server.log.purge.upto.snapshot.index = true (custom)
2021-10-17 01:34:08,835 [pool-39-thread-1] INFO  server.RaftServerConfigKeys (ConfUtils.java:logGet(44)) - raft.server.retrycache.expirytime = 30000ms (custom)
2021-10-17 01:34:08,835 [pool-39-thread-1] INFO  server.RaftServerConfigKeys (ConfUtils.java:logGet(44)) - raft.server.retrycache.statistics.expirytime = 100μs (default)
2021-10-17 01:34:08,878 [Listener at 127.0.0.1/11172] INFO  server.RaftServer$Division (RaftServerImpl.java:start(296)) - omNode-1@group-523986131536: start as a follower, conf=-1: [omNode-3|rpc:localhost:11188|priority:0, omNode-1|rpc:localhost:11176|priority:0, omNode-2|rpc:localhost:11182|priority:0], old=null
2021-10-17 01:34:08,879 [Listener at 127.0.0.1/11172] INFO  server.RaftServer$Division (RaftServerImpl.java:setRole(285)) - omNode-1@group-523986131536: changes role from      null to FOLLOWER at term 0 for startAsFollower
2021-10-17 01:34:08,881 [Listener at 127.0.0.1/11172] INFO  impl.RoleInfo (RoleInfo.java:updateAndGet(130)) - omNode-1: start omNode-1@group-523986131536-FollowerState
2021-10-17 01:34:08,882 [Listener at 127.0.0.1/11172] INFO  util.JmxRegister (JmxRegister.java:tryRegister(44)) - Successfully registered JMX Bean with object name Ratis:service=RaftServer,group=group-523986131536,id=omNode-1
2021-10-17 01:34:08,887 [Listener at 127.0.0.1/11172] INFO  server.RaftServer (RaftServerProxy.java:lambda$start$5(374)) - omNode-1: start RPC server
2021-10-17 01:34:08,962 [Listener at 127.0.0.1/11172] INFO  server.GrpcService (GrpcService.java:startImpl(253)) - omNode-1: GrpcService started, listening on 11176
2021-10-17 01:34:08,967 [Listener at 127.0.0.1/11172] INFO  om.OzoneManager (OzoneManager.java:start(1319)) - Version File has different layout version (0) than OM DB (null). That is expected if this OM has never been finalized to a newer layout version.
2021-10-17 01:34:08,977 [org.apache.ratis.util.JvmPauseMonitor$$Lambda$523/1638607820@27551c3a] INFO  util.JvmPauseMonitor (JvmPauseMonitor.java:run(103)) - JvmPauseMonitor-omNode-1: Started
2021-10-17 01:34:08,979 [Listener at 127.0.0.1/11172] INFO  http.BaseHttpServer (BaseHttpServer.java:newHttpServer2BuilderForOzone(209)) - Starting Web-server for ozoneManager at: http://0.0.0.0:11174
2021-10-17 01:34:08,980 [Listener at 127.0.0.1/11172] INFO  http.BaseHttpServer (BaseHttpServer.java:<init>(107)) - Hadoop Security Enabled: false Ozone Security Enabled: false Ozone HTTP Security Enabled: false 
2021-10-17 01:34:08,982 [Listener at 127.0.0.1/11172] INFO  server.AuthenticationFilter (AuthenticationFilter.java:constructSecretProvider(240)) - Unable to initialize FileSignerSecretProvider, falling back to use random secrets.
2021-10-17 01:34:08,990 [Listener at 127.0.0.1/11172] WARN  http.HttpRequestLog (HttpRequestLog.java:getRequestLog(103)) - Jetty request log can only be enabled using Log4j
2021-10-17 01:34:08,991 [Listener at 127.0.0.1/11172] INFO  http.HttpServer2 (HttpServer2.java:addGlobalFilter(1030)) - Added global filter 'safety' (class=org.apache.hadoop.hdds.server.http.HttpServer2$QuotingInputFilter)
2021-10-17 01:34:08,992 [Listener at 127.0.0.1/11172] INFO  http.HttpServer2 (HttpServer2.java:addFilter(1006)) - Added filter static_user_filter (class=org.apache.hadoop.http.lib.StaticUserWebFilter$StaticUserFilter) to context ozoneManager
2021-10-17 01:34:08,993 [Listener at 127.0.0.1/11172] INFO  http.HttpServer2 (HttpServer2.java:addFilter(1014)) - Added filter static_user_filter (class=org.apache.hadoop.http.lib.StaticUserWebFilter$StaticUserFilter) to context static
2021-10-17 01:34:08,993 [Listener at 127.0.0.1/11172] INFO  http.HttpServer2 (HttpServer2.java:addFilter(1014)) - Added filter static_user_filter (class=org.apache.hadoop.http.lib.StaticUserWebFilter$StaticUserFilter) to context logs
2021-10-17 01:34:08,995 [Listener at 127.0.0.1/11172] INFO  http.HttpServer2 (HttpServer2.java:bindListener(1249)) - Jetty bound to port 11174
2021-10-17 01:34:08,995 [Listener at 127.0.0.1/11172] INFO  server.Server (Server.java:doStart(375)) - jetty-9.4.43.v20210629; built: 2021-06-30T11:07:22.254Z; git: 526006ecfa3af7f1a27ef3a288e2bef7ea9dd7e8; jvm 1.8.0_292-b10
2021-10-17 01:34:08,997 [Listener at 127.0.0.1/11172] INFO  server.session (DefaultSessionIdManager.java:doStart(334)) - DefaultSessionIdManager workerName=node0
2021-10-17 01:34:08,997 [Listener at 127.0.0.1/11172] INFO  server.session (DefaultSessionIdManager.java:doStart(339)) - No SessionScavenger set, using defaults
2021-10-17 01:34:08,997 [Listener at 127.0.0.1/11172] INFO  server.session (HouseKeeper.java:startScavenging(132)) - node0 Scavenging every 600000ms
2021-10-17 01:34:08,998 [Listener at 127.0.0.1/11172] INFO  handler.ContextHandler (ContextHandler.java:doStart(915)) - Started o.e.j.s.ServletContextHandler@4d630ffa{logs,/logs,file:///home/runner/work/ozone/ozone/hadoop-ozone/integration-test/target/log,AVAILABLE}
2021-10-17 01:34:08,998 [Listener at 127.0.0.1/11172] INFO  handler.ContextHandler (ContextHandler.java:doStart(915)) - Started o.e.j.s.ServletContextHandler@bbc199a{static,/static,file:///home/runner/work/ozone/ozone/hadoop-ozone/integration-test/target/test-classes/webapps/static,AVAILABLE}
2021-10-17 01:34:09,002 [Listener at 127.0.0.1/11172] INFO  handler.ContextHandler (ContextHandler.java:doStart(915)) - Started o.e.j.w.WebAppContext@6fec6b75{ozoneManager,/,file:///home/runner/work/ozone/ozone/hadoop-ozone/integration-test/target/test-classes/webapps/ozoneManager/,AVAILABLE}{file:/home/runner/work/ozone/ozone/hadoop-ozone/integration-test/target/test-classes/webapps/ozoneManager}
2021-10-17 01:34:09,004 [Listener at 127.0.0.1/11172] INFO  server.AbstractConnector (AbstractConnector.java:doStart(331)) - Started ServerConnector@13068335{HTTP/1.1, (http/1.1)}{0.0.0.0:11174}
2021-10-17 01:34:09,005 [Listener at 127.0.0.1/11172] INFO  server.Server (Server.java:doStart(415)) - Started @5727ms
2021-10-17 01:34:09,005 [Listener at 127.0.0.1/11172] WARN  impl.MetricsSystemImpl (MetricsSystemImpl.java:register(279)) - Sink prometheus already exists!
2021-10-17 01:34:09,005 [Listener at 127.0.0.1/11172] INFO  http.BaseHttpServer (BaseHttpServer.java:updateConnectorAddress(329)) - HTTP server of ozoneManager listening at http://0.0.0.0:11174
2021-10-17 01:34:09,006 [IPC Server Responder] INFO  ipc.Server (Server.java:run(1507)) - IPC Server Responder: starting
2021-10-17 01:34:09,010 [IPC Server listener on 11172] INFO  ipc.Server (Server.java:run(1344)) - IPC Server listener on 11172: starting
2021-10-17 01:34:09,019 [Listener at 127.0.0.1/11172] INFO  om.OzoneManager (OzoneManager.java:startTrashEmptier(1563)) - Trash Interval set to 0. Files deleted will not move to trash
2021-10-17 01:34:09,020 [Listener at 127.0.0.1/11172] INFO  ozone.MiniOzoneHAClusterImpl (MiniOzoneHAClusterImpl.java:createOMService(485)) - Started OzoneManager omNode-1 RPC server at localhost/127.0.0.1:11172
2021-10-17 01:34:09,021 [Listener at 127.0.0.1/11172] INFO  ha.OMHANodeDetails (OMHANodeDetails.java:loadOMHAConfig(118)) - ServiceID for OzoneManager is om-service-test1
2021-10-17 01:34:09,021 [Listener at 127.0.0.1/11172] INFO  ha.OMHANodeDetails (OMHANodeDetails.java:loadOMHAConfig(194)) - Found matching OM address with OMServiceId: om-service-test1, OMNodeId: omNode-2, RPC Address: localhost:11178 and Ratis port: 11182
2021-10-17 01:34:09,021 [Listener at 127.0.0.1/11172] INFO  ha.OMHANodeDetails (ConfUtils.java:setNodeSpecificConfigs(108)) - Setting configuration key ozone.om.http-address with value of key ozone.om.http-address.om-service-test1.omNode-2: 127.0.0.1:11180
2021-10-17 01:34:09,021 [Listener at 127.0.0.1/11172] INFO  ha.OMHANodeDetails (ConfUtils.java:setNodeSpecificConfigs(108)) - Setting configuration key ozone.om.https-address with value of key ozone.om.https-address.om-service-test1.omNode-2: 127.0.0.1:11181
2021-10-17 01:34:09,022 [Listener at 127.0.0.1/11172] INFO  ha.OMHANodeDetails (ConfUtils.java:setNodeSpecificConfigs(108)) - Setting configuration key ozone.om.address with value of key ozone.om.address.om-service-test1.omNode-2: 127.0.0.1:11178
2021-10-17 01:34:09,022 [Listener at 127.0.0.1/11172] WARN  server.ServerUtils (ServerUtils.java:getDBPath(225)) - ozone.om.db.dirs is not configured. We recommend adding this setting. Falling back to ozone.metadata.dirs instead.
2021-10-17 01:34:09,025 [org.apache.hadoop.util.JvmPauseMonitor$Monitor@1c09a369] INFO  util.JvmPauseMonitor (JvmPauseMonitor.java:run(188)) - Starting JVM pause monitor
OM initialization succeeded.Current cluster id for sd=/home/runner/work/ozone/ozone/hadoop-ozone/integration-test/target/test-dir/MiniOzoneClusterImpl-e6b5673d-0e05-4a61-970a-b11d77d0bde6/omNode-2/om;cid=e6b5673d-0e05-4a61-970a-b11d77d0bde6;layoutVersion=0
2021-10-17 01:34:09,029 [Listener at 127.0.0.1/11172] INFO  ha.OMHANodeDetails (OMHANodeDetails.java:loadOMHAConfig(118)) - ServiceID for OzoneManager is om-service-test1
2021-10-17 01:34:09,030 [Listener at 127.0.0.1/11172] INFO  ha.OMHANodeDetails (OMHANodeDetails.java:loadOMHAConfig(194)) - Found matching OM address with OMServiceId: om-service-test1, OMNodeId: omNode-2, RPC Address: localhost:11178 and Ratis port: 11182
2021-10-17 01:34:09,031 [Listener at 127.0.0.1/11172] INFO  ha.OMHANodeDetails (ConfUtils.java:setNodeSpecificConfigs(108)) - Setting configuration key ozone.om.http-address with value of key ozone.om.http-address.om-service-test1.omNode-2: 127.0.0.1:11180
2021-10-17 01:34:09,031 [Listener at 127.0.0.1/11172] INFO  ha.OMHANodeDetails (ConfUtils.java:setNodeSpecificConfigs(108)) - Setting configuration key ozone.om.https-address with value of key ozone.om.https-address.om-service-test1.omNode-2: 127.0.0.1:11181
2021-10-17 01:34:09,031 [Listener at 127.0.0.1/11172] INFO  ha.OMHANodeDetails (ConfUtils.java:setNodeSpecificConfigs(108)) - Setting configuration key ozone.om.address with value of key ozone.om.address.om-service-test1.omNode-2: 127.0.0.1:11178
2021-10-17 01:34:09,031 [Listener at 127.0.0.1/11172] WARN  server.ServerUtils (ServerUtils.java:getDBPath(225)) - ozone.om.db.dirs is not configured. We recommend adding this setting. Falling back to ozone.metadata.dirs instead.
2021-10-17 01:34:09,031 [Listener at 127.0.0.1/11172] INFO  upgrade.AbstractLayoutVersionManager (AbstractLayoutVersionManager.java:init(79)) - Initializing Layout version manager with metadata layout = INITIAL_VERSION (version = 0), software layout = INITIAL_VERSION (version = 0)
2021-10-17 01:34:09,088 [Listener at 127.0.0.1/11172] INFO  reflections.Reflections (Reflections.java:scan(232)) - Reflections took 55 ms to scan 2 urls, producing 131 keys and 342 values [using 2 cores]
2021-10-17 01:34:09,088 [Listener at 127.0.0.1/11172] INFO  upgrade.OMLayoutVersionManager (OMLayoutVersionManager.java:lambda$0(115)) - Skipping Upgrade Action MockOmUpgradeAction since it has been finalized.
2021-10-17 01:34:09,088 [Listener at 127.0.0.1/11172] WARN  server.ServerUtils (ServerUtils.java:getDBPath(225)) - ozone.om.db.dirs is not configured. We recommend adding this setting. Falling back to ozone.metadata.dirs instead.
2021-10-17 01:34:09,096 [Listener at 127.0.0.1/11172] WARN  server.ServerUtils (ServerUtils.java:getDBPath(225)) - ozone.om.db.dirs is not configured. We recommend adding this setting. Falling back to ozone.metadata.dirs instead.
2021-10-17 01:34:09,096 [Listener at 127.0.0.1/11172] INFO  codec.OmKeyInfoCodec (OmKeyInfoCodec.java:<init>(51)) - OmKeyInfoCodec ignorePipeline = true
2021-10-17 01:34:09,097 [Listener at 127.0.0.1/11172] INFO  codec.RepeatedOmKeyInfoCodec (RepeatedOmKeyInfoCodec.java:<init>(42)) - RepeatedOmKeyInfoCodec ignorePipeline = true
2021-10-17 01:34:09,197 [Listener at 127.0.0.1/11172] INFO  om.OzoneManager (OzoneManager.java:addS3GVolumeToDB(4151)) - Created Volume s3v With Owner runner required for S3Gateway operations.
2021-10-17 01:34:09,197 [Listener at 127.0.0.1/11172] WARN  server.ServerUtils (ServerUtils.java:getDefaultRatisDirectory(237)) - Storage directory for Ratis is not configured. It is a good idea to map this to an SSD disk. Falling back to ozone.metadata.dirs
2021-10-17 01:34:09,197 [Listener at 127.0.0.1/11172] WARN  utils.OzoneManagerRatisUtils (OzoneManagerRatisUtils.java:getOMRatisSnapshotDirectory(435)) - ozone.om.ratis.snapshot.dir is not configured. Falling back to ozone.metadata.dirs config
2021-10-17 01:34:09,198 [Listener at 127.0.0.1/11172] INFO  snapshot.OzoneManagerSnapshotProvider (OzoneManagerSnapshotProvider.java:<init>(76)) - Initializing OM Snapshot Provider
2021-10-17 01:34:09,201 [Listener at 127.0.0.1/11172] WARN  impl.MetricRegistriesImpl (MetricRegistriesImpl.java:addReporterRegistration(111)) - New reporters are added after registries were created. Some metrics will be missing from the reporter. Please add reporter before adding any new registry.
2021-10-17 01:34:09,201 [Listener at 127.0.0.1/11172] WARN  impl.MetricRegistriesImpl (MetricRegistriesImpl.java:addReporterRegistration(111)) - New reporters are added after registries were created. Some metrics will be missing from the reporter. Please add reporter before adding any new registry.
2021-10-17 01:34:09,201 [Listener at 127.0.0.1/11172] WARN  server.ServerUtils (ServerUtils.java:getDefaultRatisDirectory(237)) - Storage directory for Ratis is not configured. It is a good idea to map this to an SSD disk. Falling back to ozone.metadata.dirs
2021-10-17 01:34:09,205 [Listener at 127.0.0.1/11172] INFO  ratis.OzoneManagerRatisServer (OzoneManagerRatisServer.java:<init>(159)) - Instantiating OM Ratis server with groupID: om-service-test1 and peers: localhost:11182, localhost:11188, localhost:11176
2021-10-17 01:34:09,205 [Listener at 127.0.0.1/11172] INFO  ratis.OzoneManagerStateMachine (OzoneManagerStateMachine.java:loadSnapshotInfoFromDB(605)) - LastAppliedIndex is set from TransactionInfo from OM DB as (t:0, i:~)
2021-10-17 01:34:09,205 [Listener at 127.0.0.1/11172] INFO  server.RaftServer (ConfUtils.java:logGet(44)) - raft.rpc.type = GRPC (default)
2021-10-17 01:34:09,206 [Listener at 127.0.0.1/11172] INFO  grpc.GrpcFactory (GrpcFactory.java:checkPooledByteBufAllocatorUseCacheForAllThreads(48)) - PERFORMANCE WARNING: useCacheForAllThreads is true that may cause Netty to create a lot garbage objects and, as a result, trigger GC.
	It is recommended to disable useCacheForAllThreads by setting -Dorg.apache.ratis.thirdparty.io.netty.allocator.useCacheForAllThreads=false in command line.
2021-10-17 01:34:09,206 [Listener at 127.0.0.1/11172] INFO  grpc.GrpcConfigKeys (ConfUtils.java:logGet(44)) - raft.grpc.admin.port = -1 (default)
2021-10-17 01:34:09,206 [Listener at 127.0.0.1/11172] INFO  grpc.GrpcConfigKeys (ConfUtils.java:logGet(44)) - raft.grpc.server.port = 11182 (custom)
2021-10-17 01:34:09,206 [Listener at 127.0.0.1/11172] INFO  grpc.GrpcConfigKeys (ConfUtils.java:logGet(44)) - raft.grpc.client.port = -1 (default)
2021-10-17 01:34:09,206 [Listener at 127.0.0.1/11172] INFO  grpc.GrpcConfigKeys (ConfUtils.java:logGet(44)) - raft.grpc.server.port = 11182 (custom)
2021-10-17 01:34:09,206 [Listener at 127.0.0.1/11172] INFO  grpc.GrpcConfigKeys (ConfUtils.java:logGet(44)) - raft.grpc.server.port = 11182 (custom)
2021-10-17 01:34:09,207 [Listener at 127.0.0.1/11172] INFO  server.GrpcService (ConfUtils.java:logGet(44)) - raft.grpc.message.size.max = 33554432 (custom)
2021-10-17 01:34:09,207 [Listener at 127.0.0.1/11172] INFO  server.RaftServerConfigKeys (ConfUtils.java:logGet(44)) - raft.server.log.appender.buffer.byte-limit = 33554432 (custom)
2021-10-17 01:34:09,207 [Listener at 127.0.0.1/11172] INFO  server.GrpcService (ConfUtils.java:logGet(44)) - raft.grpc.flow.control.window = 1MB (=1048576) (default)
2021-10-17 01:34:09,207 [Listener at 127.0.0.1/11172] INFO  server.RaftServerConfigKeys (ConfUtils.java:logGet(44)) - raft.server.rpc.request.timeout = 3000ms (default)
2021-10-17 01:34:09,208 [Listener at 127.0.0.1/11172] INFO  impl.DataStreamServerImpl (ConfUtils.java:logGet(44)) - raft.datastream.type = DISABLED (default)
2021-10-17 01:34:09,208 [Listener at 127.0.0.1/11172] INFO  server.RaftServerConfigKeys (ConfUtils.java:logGet(44)) - raft.server.rpc.slowness.timeout = 2s (custom)
2021-10-17 01:34:09,209 [Listener at 127.0.0.1/11172] INFO  server.RaftServerConfigKeys (ConfUtils.java:logGet(44)) - raft.server.leaderelection.leader.step-down.wait-time = 10s (default)
2021-10-17 01:34:09,209 [Listener at 127.0.0.1/11172] INFO  server.RaftServerConfigKeys (ConfUtils.java:logGet(44)) - raft.server.storage.dir = [/home/runner/work/ozone/ozone/hadoop-ozone/integration-test/target/test-dir/MiniOzoneClusterImpl-e6b5673d-0e05-4a61-970a-b11d77d0bde6/omNode-2/ratis] (custom)
2021-10-17 01:34:09,211 [Listener at 127.0.0.1/11172] INFO  server.RaftServer (RaftServerProxy.java:addNew(95)) - omNode-2: addNew group-523986131536:[omNode-3|rpc:localhost:11188|priority:0, omNode-1|rpc:localhost:11176|priority:0, omNode-2|rpc:localhost:11182|priority:0] returns group-523986131536:java.util.concurrent.CompletableFuture@1fd49ed3[Not completed]
2021-10-17 01:34:09,211 [Listener at 127.0.0.1/11172] INFO  om.OzoneManager (OzoneManager.java:initializeRatisServer(1605)) - OzoneManager Ratis server initialized at port 11182
2021-10-17 01:34:09,215 [Listener at 127.0.0.1/11172] INFO  ipc.CallQueueManager (CallQueueManager.java:<init>(90)) - Using callQueue: class java.util.concurrent.LinkedBlockingQueue, queueCapacity: 2000, scheduler: class org.apache.hadoop.ipc.DefaultRpcScheduler, ipcBackoff: false.
2021-10-17 01:34:09,222 [pool-62-thread-1] INFO  server.RaftServer$Division (RaftServerImpl.java:<init>(181)) - omNode-2: new RaftServerImpl for group-523986131536:[omNode-3|rpc:localhost:11188|priority:0, omNode-1|rpc:localhost:11176|priority:0, omNode-2|rpc:localhost:11182|priority:0] with OzoneManagerStateMachine:uninitialized
2021-10-17 01:34:09,223 [Socket Reader #1 for port 11178] INFO  ipc.Server (Server.java:run(1265)) - Starting Socket Reader #1 for port 11178
2021-10-17 01:34:09,237 [pool-62-thread-1] INFO  server.RaftServerConfigKeys (ConfUtils.java:logGet(44)) - raft.server.rpc.timeout.min = 1s (custom)
2021-10-17 01:34:09,237 [pool-62-thread-1] INFO  server.RaftServerConfigKeys (ConfUtils.java:logGet(44)) - raft.server.rpc.timeout.max = 1200ms (custom)
2021-10-17 01:34:09,237 [pool-62-thread-1] INFO  server.RaftServerConfigKeys (ConfUtils.java:logGet(44)) - raft.server.rpc.sleep.time = 25ms (default)
2021-10-17 01:34:09,237 [pool-62-thread-1] INFO  server.RaftServerConfigKeys (ConfUtils.java:logGet(44)) - raft.server.rpc.slowness.timeout = 2s (custom)
2021-10-17 01:34:09,237 [pool-62-thread-1] INFO  server.RaftServerConfigKeys (ConfUtils.java:logGet(44)) - raft.server.leaderelection.leader.step-down.wait-time = 10s (default)
2021-10-17 01:34:09,237 [pool-62-thread-1] INFO  server.RaftServerConfigKeys (ConfUtils.java:logGet(44)) - raft.server.sleep.deviation.threshold = 300ms (default)
2021-10-17 01:34:09,238 [pool-62-thread-1] INFO  server.RaftServerConfigKeys (ConfUtils.java:logGet(44)) - raft.server.log.appender.install.snapshot.enabled = false (custom)
2021-10-17 01:34:09,238 [pool-62-thread-1] INFO  server.RaftServer$Division (ServerState.java:<init>(105)) - omNode-2@group-523986131536: ConfigurationManager, init=-1: [omNode-3|rpc:localhost:11188|priority:0, omNode-1|rpc:localhost:11176|priority:0, omNode-2|rpc:localhost:11182|priority:0], old=null, confs=<EMPTY_MAP>
2021-10-17 01:34:09,238 [pool-62-thread-1] INFO  server.RaftServerConfigKeys (ConfUtils.java:logGet(44)) - raft.server.storage.dir = [/home/runner/work/ozone/ozone/hadoop-ozone/integration-test/target/test-dir/MiniOzoneClusterImpl-e6b5673d-0e05-4a61-970a-b11d77d0bde6/omNode-2/ratis] (custom)
2021-10-17 01:34:09,238 [pool-62-thread-1] INFO  server.RaftServerConfigKeys (ConfUtils.java:logGet(44)) - raft.server.log.corruption.policy = EXCEPTION (default)
2021-10-17 01:34:09,238 [pool-62-thread-1] INFO  server.RaftServerConfigKeys (ConfUtils.java:logGet(44)) - raft.server.storage.free-space.min = 0MB (=0) (default)
2021-10-17 01:34:09,238 [pool-62-thread-1] INFO  storage.RaftStorageDirectory (RaftStorageDirectoryImpl.java:analyzeStorage(135)) - The storage directory /home/runner/work/ozone/ozone/hadoop-ozone/integration-test/target/test-dir/MiniOzoneClusterImpl-e6b5673d-0e05-4a61-970a-b11d77d0bde6/omNode-2/ratis/c9bc4cf4-3bc3-3c60-a66b-523986131536 does not exist. Creating ...
2021-10-17 01:34:09,244 [pool-62-thread-1] INFO  storage.RaftStorageDirectory (RaftStorageDirectoryImpl.java:tryLock(230)) - Lock on /home/runner/work/ozone/ozone/hadoop-ozone/integration-test/target/test-dir/MiniOzoneClusterImpl-e6b5673d-0e05-4a61-970a-b11d77d0bde6/omNode-2/ratis/c9bc4cf4-3bc3-3c60-a66b-523986131536/in_use.lock acquired by nodename 15180@fv-az151-444
2021-10-17 01:34:09,245 [pool-62-thread-1] INFO  storage.RaftStorage (RaftStorageImpl.java:format(89)) - Storage directory /home/runner/work/ozone/ozone/hadoop-ozone/integration-test/target/test-dir/MiniOzoneClusterImpl-e6b5673d-0e05-4a61-970a-b11d77d0bde6/omNode-2/ratis/c9bc4cf4-3bc3-3c60-a66b-523986131536 has been successfully formatted.
2021-10-17 01:34:09,251 [pool-62-thread-1] INFO  server.RaftServerConfigKeys (ConfUtils.java:logGet(44)) - raft.server.notification.no-leader.timeout = 2s (custom)
2021-10-17 01:34:09,251 [pool-62-thread-1] INFO  server.RaftServerConfigKeys (ConfUtils.java:logGet(44)) - raft.server.log.use.memory = false (default)
2021-10-17 01:34:09,251 [pool-62-thread-1] INFO  server.RaftServerConfigKeys (ConfUtils.java:logGet(44)) - raft.server.log.purge.gap = 50 (custom)
2021-10-17 01:34:09,251 [pool-62-thread-1] INFO  server.RaftServerConfigKeys (ConfUtils.java:logGet(44)) - raft.server.log.appender.buffer.byte-limit = 33554432 (custom)
2021-10-17 01:34:09,251 [pool-62-thread-1] INFO  server.RaftServerConfigKeys (ConfUtils.java:logGet(44)) - raft.server.log.segment.size.max = 4194304 (custom)
2021-10-17 01:34:09,252 [pool-62-thread-1] INFO  server.RaftServerConfigKeys (ConfUtils.java:logGet(44)) - raft.server.log.segment.cache.num.max = 2 (custom)
2021-10-17 01:34:09,252 [pool-62-thread-1] INFO  server.RaftServerConfigKeys (ConfUtils.java:logGet(44)) - raft.server.log.segment.cache.size.max = 200MB (=209715200) (default)
2021-10-17 01:34:09,252 [pool-62-thread-1] INFO  segmented.SegmentedRaftLogWorker (SegmentedRaftLogWorker.java:<init>(182)) - new omNode-2@group-523986131536-SegmentedRaftLogWorker for RaftStorageImpl:Storage Directory /home/runner/work/ozone/ozone/hadoop-ozone/integration-test/target/test-dir/MiniOzoneClusterImpl-e6b5673d-0e05-4a61-970a-b11d77d0bde6/omNode-2/ratis/c9bc4cf4-3bc3-3c60-a66b-523986131536
2021-10-17 01:34:09,255 [pool-62-thread-1] INFO  server.RaftServerConfigKeys (ConfUtils.java:logGet(44)) - raft.server.log.queue.byte-limit = 64MB (=67108864) (default)
2021-10-17 01:34:09,255 [pool-62-thread-1] INFO  server.RaftServerConfigKeys (ConfUtils.java:logGet(44)) - raft.server.log.queue.element-limit = 4096 (default)
2021-10-17 01:34:09,256 [pool-62-thread-1] INFO  server.RaftServerConfigKeys (ConfUtils.java:logGet(44)) - raft.server.log.segment.size.max = 4194304 (custom)
2021-10-17 01:34:09,257 [pool-62-thread-1] INFO  server.RaftServerConfigKeys (ConfUtils.java:logGet(44)) - raft.server.log.preallocated.size = 4194304 (custom)
2021-10-17 01:34:09,257 [pool-62-thread-1] INFO  server.RaftServerConfigKeys (ConfUtils.java:logGet(44)) - raft.server.log.force.sync.num = 128 (default)
2021-10-17 01:34:09,258 [pool-62-thread-1] INFO  server.RaftServerConfigKeys (ConfUtils.java:logGet(44)) - raft.server.log.statemachine.data.sync = true (default)
2021-10-17 01:34:09,258 [pool-62-thread-1] INFO  server.RaftServerConfigKeys (ConfUtils.java:logGet(44)) - raft.server.log.statemachine.data.sync.timeout = 10s (default)
2021-10-17 01:34:09,258 [pool-62-thread-1] INFO  server.RaftServerConfigKeys (ConfUtils.java:logGet(44)) - raft.server.log.statemachine.data.sync.timeout.retry = -1 (default)
2021-10-17 01:34:09,259 [pool-62-thread-1] INFO  server.RaftServerConfigKeys (ConfUtils.java:logGet(44)) - raft.server.log.write.buffer.size = 64KB (=65536) (default)
2021-10-17 01:34:09,259 [pool-62-thread-1] INFO  server.RaftServerConfigKeys (ConfUtils.java:logGet(44)) - raft.server.log.statemachine.data.caching.enabled = false (default)
2021-10-17 01:34:09,260 [pool-62-thread-1] INFO  segmented.SegmentedRaftLogWorker (SegmentedRaftLogWorker.java:lambda$new$0(133)) - omNode-2@group-523986131536-SegmentedRaftLogWorker: flushIndex: setUnconditionally 0 -> -1
2021-10-17 01:34:09,260 [pool-62-thread-1] INFO  segmented.SegmentedRaftLogWorker (SegmentedRaftLogWorker.java:lambda$new$0(133)) - omNode-2@group-523986131536-SegmentedRaftLogWorker: safeCacheEvictIndex: setUnconditionally 0 -> -1
2021-10-17 01:34:09,262 [pool-62-thread-1] INFO  server.RaftServerConfigKeys (ConfUtils.java:logGet(44)) - raft.server.snapshot.auto.trigger.enabled = true (custom)
2021-10-17 01:34:09,262 [pool-62-thread-1] INFO  server.RaftServerConfigKeys (ConfUtils.java:logGet(44)) - raft.server.snapshot.auto.trigger.threshold = 50 (custom)
2021-10-17 01:34:09,263 [pool-62-thread-1] INFO  server.RaftServerConfigKeys (ConfUtils.java:logGet(44)) - raft.server.snapshot.retention.file.num = -1 (default)
2021-10-17 01:34:09,263 [pool-62-thread-1] INFO  server.RaftServerConfigKeys (ConfUtils.java:logGet(44)) - raft.server.log.purge.upto.snapshot.index = true (custom)
2021-10-17 01:34:09,263 [pool-62-thread-1] INFO  server.RaftServerConfigKeys (ConfUtils.java:logGet(44)) - raft.server.retrycache.expirytime = 30000ms (custom)
2021-10-17 01:34:09,263 [pool-62-thread-1] INFO  server.RaftServerConfigKeys (ConfUtils.java:logGet(44)) - raft.server.retrycache.statistics.expirytime = 100μs (default)
2021-10-17 01:34:09,267 [Listener at 127.0.0.1/11178] INFO  om.OzoneManager (OzoneManager.java:initFSOLayout(4357)) - Configured ozone.om.metadata.layout=SIMPLE and disabled optimized OM FS operations
2021-10-17 01:34:09,268 [Listener at 127.0.0.1/11178] INFO  impl.MetricsSystemImpl (MetricsSystemImpl.java:init(158)) - OzoneManager metrics system started (again)
2021-10-17 01:34:09,283 [Listener at 127.0.0.1/11178] INFO  om.OzoneManager (OzoneManager.java:start(1301)) - OzoneManager RPC server is listening at localhost/127.0.0.1:11178
2021-10-17 01:34:09,283 [Listener at 127.0.0.1/11178] INFO  ratis.OzoneManagerRatisServer (OzoneManagerRatisServer.java:start(520)) - Starting OzoneManagerRatisServer omNode-2 at port 11182
2021-10-17 01:34:09,284 [Listener at 127.0.0.1/11178] INFO  server.RaftServer$Division (RaftServerImpl.java:start(296)) - omNode-2@group-523986131536: start as a follower, conf=-1: [omNode-3|rpc:localhost:11188|priority:0, omNode-1|rpc:localhost:11176|priority:0, omNode-2|rpc:localhost:11182|priority:0], old=null
2021-10-17 01:34:09,284 [Listener at 127.0.0.1/11178] INFO  server.RaftServer$Division (RaftServerImpl.java:setRole(285)) - omNode-2@group-523986131536: changes role from      null to FOLLOWER at term 0 for startAsFollower
2021-10-17 01:34:09,284 [Listener at 127.0.0.1/11178] INFO  impl.RoleInfo (RoleInfo.java:updateAndGet(130)) - omNode-2: start omNode-2@group-523986131536-FollowerState
2021-10-17 01:34:09,284 [Listener at 127.0.0.1/11178] INFO  util.JmxRegister (JmxRegister.java:tryRegister(44)) - Successfully registered JMX Bean with object name Ratis:service=RaftServer,group=group-523986131536,id=omNode-2
2021-10-17 01:34:09,285 [Listener at 127.0.0.1/11178] INFO  server.RaftServer (RaftServerProxy.java:lambda$start$5(374)) - omNode-2: start RPC server
2021-10-17 01:34:09,287 [Listener at 127.0.0.1/11178] INFO  server.GrpcService (GrpcService.java:startImpl(253)) - omNode-2: GrpcService started, listening on 11182
2021-10-17 01:34:09,288 [Listener at 127.0.0.1/11178] INFO  om.OzoneManager (OzoneManager.java:start(1319)) - Version File has different layout version (0) than OM DB (null). That is expected if this OM has never been finalized to a newer layout version.
2021-10-17 01:34:09,288 [org.apache.ratis.util.JvmPauseMonitor$$Lambda$523/1638607820@5d354d8] INFO  util.JvmPauseMonitor (JvmPauseMonitor.java:run(103)) - JvmPauseMonitor-omNode-2: Started
2021-10-17 01:34:09,296 [Listener at 127.0.0.1/11178] INFO  http.BaseHttpServer (BaseHttpServer.java:newHttpServer2BuilderForOzone(209)) - Starting Web-server for ozoneManager at: http://0.0.0.0:11180
2021-10-17 01:34:09,296 [Listener at 127.0.0.1/11178] INFO  http.BaseHttpServer (BaseHttpServer.java:<init>(107)) - Hadoop Security Enabled: false Ozone Security Enabled: false Ozone HTTP Security Enabled: false 
2021-10-17 01:34:09,298 [Listener at 127.0.0.1/11178] INFO  server.AuthenticationFilter (AuthenticationFilter.java:constructSecretProvider(240)) - Unable to initialize FileSignerSecretProvider, falling back to use random secrets.
2021-10-17 01:34:09,298 [Listener at 127.0.0.1/11178] WARN  http.HttpRequestLog (HttpRequestLog.java:getRequestLog(103)) - Jetty request log can only be enabled using Log4j
2021-10-17 01:34:09,299 [Listener at 127.0.0.1/11178] INFO  http.HttpServer2 (HttpServer2.java:addGlobalFilter(1030)) - Added global filter 'safety' (class=org.apache.hadoop.hdds.server.http.HttpServer2$QuotingInputFilter)
2021-10-17 01:34:09,300 [Listener at 127.0.0.1/11178] INFO  http.HttpServer2 (HttpServer2.java:addFilter(1006)) - Added filter static_user_filter (class=org.apache.hadoop.http.lib.StaticUserWebFilter$StaticUserFilter) to context ozoneManager
2021-10-17 01:34:09,300 [Listener at 127.0.0.1/11178] INFO  http.HttpServer2 (HttpServer2.java:addFilter(1014)) - Added filter static_user_filter (class=org.apache.hadoop.http.lib.StaticUserWebFilter$StaticUserFilter) to context logs
2021-10-17 01:34:09,300 [Listener at 127.0.0.1/11178] INFO  http.HttpServer2 (HttpServer2.java:addFilter(1014)) - Added filter static_user_filter (class=org.apache.hadoop.http.lib.StaticUserWebFilter$StaticUserFilter) to context static
2021-10-17 01:34:09,301 [Listener at 127.0.0.1/11178] INFO  http.HttpServer2 (HttpServer2.java:bindListener(1249)) - Jetty bound to port 11180
2021-10-17 01:34:09,301 [Listener at 127.0.0.1/11178] INFO  server.Server (Server.java:doStart(375)) - jetty-9.4.43.v20210629; built: 2021-06-30T11:07:22.254Z; git: 526006ecfa3af7f1a27ef3a288e2bef7ea9dd7e8; jvm 1.8.0_292-b10
2021-10-17 01:34:09,306 [Listener at 127.0.0.1/11178] INFO  server.session (DefaultSessionIdManager.java:doStart(334)) - DefaultSessionIdManager workerName=node0
2021-10-17 01:34:09,306 [Listener at 127.0.0.1/11178] INFO  server.session (DefaultSessionIdManager.java:doStart(339)) - No SessionScavenger set, using defaults
2021-10-17 01:34:09,306 [Listener at 127.0.0.1/11178] INFO  server.session (HouseKeeper.java:startScavenging(132)) - node0 Scavenging every 660000ms
2021-10-17 01:34:09,307 [Listener at 127.0.0.1/11178] INFO  handler.ContextHandler (ContextHandler.java:doStart(915)) - Started o.e.j.s.ServletContextHandler@5f597b1c{logs,/logs,file:///home/runner/work/ozone/ozone/hadoop-ozone/integration-test/target/log,AVAILABLE}
2021-10-17 01:34:09,308 [Listener at 127.0.0.1/11178] INFO  handler.ContextHandler (ContextHandler.java:doStart(915)) - Started o.e.j.s.ServletContextHandler@69235eea{static,/static,file:///home/runner/work/ozone/ozone/hadoop-ozone/integration-test/target/test-classes/webapps/static,AVAILABLE}
2021-10-17 01:34:09,312 [Listener at 127.0.0.1/11178] INFO  handler.ContextHandler (ContextHandler.java:doStart(915)) - Started o.e.j.w.WebAppContext@47651c28{ozoneManager,/,file:///home/runner/work/ozone/ozone/hadoop-ozone/integration-test/target/test-classes/webapps/ozoneManager/,AVAILABLE}{file:/home/runner/work/ozone/ozone/hadoop-ozone/integration-test/target/test-classes/webapps/ozoneManager}
2021-10-17 01:34:09,313 [Listener at 127.0.0.1/11178] INFO  server.AbstractConnector (AbstractConnector.java:doStart(331)) - Started ServerConnector@15f6f64d{HTTP/1.1, (http/1.1)}{0.0.0.0:11180}
2021-10-17 01:34:09,313 [Listener at 127.0.0.1/11178] INFO  server.Server (Server.java:doStart(415)) - Started @6036ms
2021-10-17 01:34:09,313 [Listener at 127.0.0.1/11178] WARN  impl.MetricsSystemImpl (MetricsSystemImpl.java:register(279)) - Sink prometheus already exists!
2021-10-17 01:34:09,314 [Listener at 127.0.0.1/11178] INFO  http.BaseHttpServer (BaseHttpServer.java:updateConnectorAddress(329)) - HTTP server of ozoneManager listening at http://0.0.0.0:11180
2021-10-17 01:34:09,314 [IPC Server Responder] INFO  ipc.Server (Server.java:run(1507)) - IPC Server Responder: starting
2021-10-17 01:34:09,319 [IPC Server listener on 11178] INFO  ipc.Server (Server.java:run(1344)) - IPC Server listener on 11178: starting
2021-10-17 01:34:09,325 [Listener at 127.0.0.1/11178] INFO  om.OzoneManager (OzoneManager.java:startTrashEmptier(1563)) - Trash Interval set to 0. Files deleted will not move to trash
2021-10-17 01:34:09,326 [Listener at 127.0.0.1/11178] INFO  ozone.MiniOzoneHAClusterImpl (MiniOzoneHAClusterImpl.java:createOMService(485)) - Started OzoneManager omNode-2 RPC server at localhost/127.0.0.1:11178
2021-10-17 01:34:09,326 [org.apache.hadoop.util.JvmPauseMonitor$Monitor@73cf33bd] INFO  util.JvmPauseMonitor (JvmPauseMonitor.java:run(188)) - Starting JVM pause monitor
2021-10-17 01:34:09,326 [Listener at 127.0.0.1/11178] INFO  ha.OMHANodeDetails (OMHANodeDetails.java:loadOMHAConfig(118)) - ServiceID for OzoneManager is om-service-test1
2021-10-17 01:34:09,327 [Listener at 127.0.0.1/11178] INFO  ha.OMHANodeDetails (OMHANodeDetails.java:loadOMHAConfig(194)) - Found matching OM address with OMServiceId: om-service-test1, OMNodeId: omNode-3, RPC Address: localhost:11184 and Ratis port: 11188
2021-10-17 01:34:09,327 [Listener at 127.0.0.1/11178] INFO  ha.OMHANodeDetails (ConfUtils.java:setNodeSpecificConfigs(108)) - Setting configuration key ozone.om.http-address with value of key ozone.om.http-address.om-service-test1.omNode-3: 127.0.0.1:11186
2021-10-17 01:34:09,327 [Listener at 127.0.0.1/11178] INFO  ha.OMHANodeDetails (ConfUtils.java:setNodeSpecificConfigs(108)) - Setting configuration key ozone.om.https-address with value of key ozone.om.https-address.om-service-test1.omNode-3: 127.0.0.1:11187
2021-10-17 01:34:09,327 [Listener at 127.0.0.1/11178] INFO  ha.OMHANodeDetails (ConfUtils.java:setNodeSpecificConfigs(108)) - Setting configuration key ozone.om.address with value of key ozone.om.address.om-service-test1.omNode-3: 127.0.0.1:11184
2021-10-17 01:34:09,327 [Listener at 127.0.0.1/11178] WARN  server.ServerUtils (ServerUtils.java:getDBPath(225)) - ozone.om.db.dirs is not configured. We recommend adding this setting. Falling back to ozone.metadata.dirs instead.
OM initialization succeeded.Current cluster id for sd=/home/runner/work/ozone/ozone/hadoop-ozone/integration-test/target/test-dir/MiniOzoneClusterImpl-e6b5673d-0e05-4a61-970a-b11d77d0bde6/omNode-3/om;cid=e6b5673d-0e05-4a61-970a-b11d77d0bde6;layoutVersion=0
2021-10-17 01:34:09,340 [Listener at 127.0.0.1/11178] INFO  ha.OMHANodeDetails (OMHANodeDetails.java:loadOMHAConfig(118)) - ServiceID for OzoneManager is om-service-test1
2021-10-17 01:34:09,341 [Listener at 127.0.0.1/11178] INFO  ha.OMHANodeDetails (OMHANodeDetails.java:loadOMHAConfig(194)) - Found matching OM address with OMServiceId: om-service-test1, OMNodeId: omNode-3, RPC Address: localhost:11184 and Ratis port: 11188
2021-10-17 01:34:09,341 [Listener at 127.0.0.1/11178] INFO  ha.OMHANodeDetails (ConfUtils.java:setNodeSpecificConfigs(108)) - Setting configuration key ozone.om.http-address with value of key ozone.om.http-address.om-service-test1.omNode-3: 127.0.0.1:11186
2021-10-17 01:34:09,341 [Listener at 127.0.0.1/11178] INFO  ha.OMHANodeDetails (ConfUtils.java:setNodeSpecificConfigs(108)) - Setting configuration key ozone.om.https-address with value of key ozone.om.https-address.om-service-test1.omNode-3: 127.0.0.1:11187
2021-10-17 01:34:09,341 [Listener at 127.0.0.1/11178] INFO  ha.OMHANodeDetails (ConfUtils.java:setNodeSpecificConfigs(108)) - Setting configuration key ozone.om.address with value of key ozone.om.address.om-service-test1.omNode-3: 127.0.0.1:11184
2021-10-17 01:34:09,341 [Listener at 127.0.0.1/11178] WARN  server.ServerUtils (ServerUtils.java:getDBPath(225)) - ozone.om.db.dirs is not configured. We recommend adding this setting. Falling back to ozone.metadata.dirs instead.
2021-10-17 01:34:09,341 [Listener at 127.0.0.1/11178] INFO  upgrade.AbstractLayoutVersionManager (AbstractLayoutVersionManager.java:init(79)) - Initializing Layout version manager with metadata layout = INITIAL_VERSION (version = 0), software layout = INITIAL_VERSION (version = 0)
2021-10-17 01:34:09,384 [Listener at 127.0.0.1/11178] INFO  reflections.Reflections (Reflections.java:scan(232)) - Reflections took 40 ms to scan 2 urls, producing 131 keys and 342 values [using 2 cores]
2021-10-17 01:34:09,384 [Listener at 127.0.0.1/11178] INFO  upgrade.OMLayoutVersionManager (OMLayoutVersionManager.java:lambda$0(115)) - Skipping Upgrade Action MockOmUpgradeAction since it has been finalized.
2021-10-17 01:34:09,384 [Listener at 127.0.0.1/11178] WARN  server.ServerUtils (ServerUtils.java:getDBPath(225)) - ozone.om.db.dirs is not configured. We recommend adding this setting. Falling back to ozone.metadata.dirs instead.
2021-10-17 01:34:09,399 [Listener at 127.0.0.1/11178] WARN  server.ServerUtils (ServerUtils.java:getDBPath(225)) - ozone.om.db.dirs is not configured. We recommend adding this setting. Falling back to ozone.metadata.dirs instead.
2021-10-17 01:34:09,400 [Listener at 127.0.0.1/11178] INFO  codec.OmKeyInfoCodec (OmKeyInfoCodec.java:<init>(51)) - OmKeyInfoCodec ignorePipeline = true
2021-10-17 01:34:09,400 [Listener at 127.0.0.1/11178] INFO  codec.RepeatedOmKeyInfoCodec (RepeatedOmKeyInfoCodec.java:<init>(42)) - RepeatedOmKeyInfoCodec ignorePipeline = true
2021-10-17 01:34:09,512 [Listener at 127.0.0.1/11178] INFO  om.OzoneManager (OzoneManager.java:addS3GVolumeToDB(4151)) - Created Volume s3v With Owner runner required for S3Gateway operations.
2021-10-17 01:34:09,512 [Listener at 127.0.0.1/11178] WARN  server.ServerUtils (ServerUtils.java:getDefaultRatisDirectory(237)) - Storage directory for Ratis is not configured. It is a good idea to map this to an SSD disk. Falling back to ozone.metadata.dirs
2021-10-17 01:34:09,513 [Listener at 127.0.0.1/11178] WARN  utils.OzoneManagerRatisUtils (OzoneManagerRatisUtils.java:getOMRatisSnapshotDirectory(435)) - ozone.om.ratis.snapshot.dir is not configured. Falling back to ozone.metadata.dirs config
2021-10-17 01:34:09,513 [Listener at 127.0.0.1/11178] INFO  snapshot.OzoneManagerSnapshotProvider (OzoneManagerSnapshotProvider.java:<init>(76)) - Initializing OM Snapshot Provider
2021-10-17 01:34:09,515 [Listener at 127.0.0.1/11178] WARN  impl.MetricRegistriesImpl (MetricRegistriesImpl.java:addReporterRegistration(111)) - New reporters are added after registries were created. Some metrics will be missing from the reporter. Please add reporter before adding any new registry.
2021-10-17 01:34:09,515 [Listener at 127.0.0.1/11178] WARN  impl.MetricRegistriesImpl (MetricRegistriesImpl.java:addReporterRegistration(111)) - New reporters are added after registries were created. Some metrics will be missing from the reporter. Please add reporter before adding any new registry.
2021-10-17 01:34:09,515 [Listener at 127.0.0.1/11178] WARN  server.ServerUtils (ServerUtils.java:getDefaultRatisDirectory(237)) - Storage directory for Ratis is not configured. It is a good idea to map this to an SSD disk. Falling back to ozone.metadata.dirs
2021-10-17 01:34:09,516 [Listener at 127.0.0.1/11178] INFO  ratis.OzoneManagerRatisServer (OzoneManagerRatisServer.java:<init>(159)) - Instantiating OM Ratis server with groupID: om-service-test1 and peers: localhost:11188, localhost:11176, localhost:11182
2021-10-17 01:34:09,517 [Listener at 127.0.0.1/11178] INFO  ratis.OzoneManagerStateMachine (OzoneManagerStateMachine.java:loadSnapshotInfoFromDB(605)) - LastAppliedIndex is set from TransactionInfo from OM DB as (t:0, i:~)
2021-10-17 01:34:09,518 [Listener at 127.0.0.1/11178] INFO  server.RaftServer (ConfUtils.java:logGet(44)) - raft.rpc.type = GRPC (default)
2021-10-17 01:34:09,518 [Listener at 127.0.0.1/11178] INFO  grpc.GrpcFactory (GrpcFactory.java:checkPooledByteBufAllocatorUseCacheForAllThreads(48)) - PERFORMANCE WARNING: useCacheForAllThreads is true that may cause Netty to create a lot garbage objects and, as a result, trigger GC.
	It is recommended to disable useCacheForAllThreads by setting -Dorg.apache.ratis.thirdparty.io.netty.allocator.useCacheForAllThreads=false in command line.
2021-10-17 01:34:09,519 [Listener at 127.0.0.1/11178] INFO  grpc.GrpcConfigKeys (ConfUtils.java:logGet(44)) - raft.grpc.admin.port = -1 (default)
2021-10-17 01:34:09,519 [Listener at 127.0.0.1/11178] INFO  grpc.GrpcConfigKeys (ConfUtils.java:logGet(44)) - raft.grpc.server.port = 11188 (custom)
2021-10-17 01:34:09,519 [Listener at 127.0.0.1/11178] INFO  grpc.GrpcConfigKeys (ConfUtils.java:logGet(44)) - raft.grpc.client.port = -1 (default)
2021-10-17 01:34:09,519 [Listener at 127.0.0.1/11178] INFO  grpc.GrpcConfigKeys (ConfUtils.java:logGet(44)) - raft.grpc.server.port = 11188 (custom)
2021-10-17 01:34:09,519 [Listener at 127.0.0.1/11178] INFO  grpc.GrpcConfigKeys (ConfUtils.java:logGet(44)) - raft.grpc.server.port = 11188 (custom)
2021-10-17 01:34:09,519 [Listener at 127.0.0.1/11178] INFO  server.GrpcService (ConfUtils.java:logGet(44)) - raft.grpc.message.size.max = 33554432 (custom)
2021-10-17 01:34:09,519 [Listener at 127.0.0.1/11178] INFO  server.RaftServerConfigKeys (ConfUtils.java:logGet(44)) - raft.server.log.appender.buffer.byte-limit = 33554432 (custom)
2021-10-17 01:34:09,519 [Listener at 127.0.0.1/11178] INFO  server.GrpcService (ConfUtils.java:logGet(44)) - raft.grpc.flow.control.window = 1MB (=1048576) (default)
2021-10-17 01:34:09,519 [Listener at 127.0.0.1/11178] INFO  server.RaftServerConfigKeys (ConfUtils.java:logGet(44)) - raft.server.rpc.request.timeout = 3000ms (default)
2021-10-17 01:34:09,520 [Listener at 127.0.0.1/11178] INFO  impl.DataStreamServerImpl (ConfUtils.java:logGet(44)) - raft.datastream.type = DISABLED (default)
2021-10-17 01:34:09,521 [Listener at 127.0.0.1/11178] INFO  server.RaftServerConfigKeys (ConfUtils.java:logGet(44)) - raft.server.rpc.slowness.timeout = 2s (custom)
2021-10-17 01:34:09,521 [Listener at 127.0.0.1/11178] INFO  server.RaftServerConfigKeys (ConfUtils.java:logGet(44)) - raft.server.leaderelection.leader.step-down.wait-time = 10s (default)
2021-10-17 01:34:09,521 [Listener at 127.0.0.1/11178] INFO  server.RaftServerConfigKeys (ConfUtils.java:logGet(44)) - raft.server.storage.dir = [/home/runner/work/ozone/ozone/hadoop-ozone/integration-test/target/test-dir/MiniOzoneClusterImpl-e6b5673d-0e05-4a61-970a-b11d77d0bde6/omNode-3/ratis] (custom)
2021-10-17 01:34:09,521 [Listener at 127.0.0.1/11178] INFO  server.RaftServer (RaftServerProxy.java:addNew(95)) - omNode-3: addNew group-523986131536:[omNode-3|rpc:localhost:11188|priority:0, omNode-1|rpc:localhost:11176|priority:0, omNode-2|rpc:localhost:11182|priority:0] returns group-523986131536:java.util.concurrent.CompletableFuture@5b9037b6[Not completed]
2021-10-17 01:34:09,522 [Listener at 127.0.0.1/11178] INFO  om.OzoneManager (OzoneManager.java:initializeRatisServer(1605)) - OzoneManager Ratis server initialized at port 11188
2021-10-17 01:34:09,523 [Listener at 127.0.0.1/11178] INFO  ipc.CallQueueManager (CallQueueManager.java:<init>(90)) - Using callQueue: class java.util.concurrent.LinkedBlockingQueue, queueCapacity: 2000, scheduler: class org.apache.hadoop.ipc.DefaultRpcScheduler, ipcBackoff: false.
2021-10-17 01:34:09,524 [pool-83-thread-1] INFO  server.RaftServer$Division (RaftServerImpl.java:<init>(181)) - omNode-3: new RaftServerImpl for group-523986131536:[omNode-3|rpc:localhost:11188|priority:0, omNode-1|rpc:localhost:11176|priority:0, omNode-2|rpc:localhost:11182|priority:0] with OzoneManagerStateMachine:uninitialized
2021-10-17 01:34:09,524 [Socket Reader #1 for port 11184] INFO  ipc.Server (Server.java:run(1265)) - Starting Socket Reader #1 for port 11184
2021-10-17 01:34:09,526 [pool-83-thread-1] INFO  server.RaftServerConfigKeys (ConfUtils.java:logGet(44)) - raft.server.rpc.timeout.min = 1s (custom)
2021-10-17 01:34:09,527 [pool-83-thread-1] INFO  server.RaftServerConfigKeys (ConfUtils.java:logGet(44)) - raft.server.rpc.timeout.max = 1200ms (custom)
2021-10-17 01:34:09,527 [pool-83-thread-1] INFO  server.RaftServerConfigKeys (ConfUtils.java:logGet(44)) - raft.server.rpc.sleep.time = 25ms (default)
2021-10-17 01:34:09,527 [pool-83-thread-1] INFO  server.RaftServerConfigKeys (ConfUtils.java:logGet(44)) - raft.server.rpc.slowness.timeout = 2s (custom)
2021-10-17 01:34:09,527 [pool-83-thread-1] INFO  server.RaftServerConfigKeys (ConfUtils.java:logGet(44)) - raft.server.leaderelection.leader.step-down.wait-time = 10s (default)
2021-10-17 01:34:09,527 [pool-83-thread-1] INFO  server.RaftServerConfigKeys (ConfUtils.java:logGet(44)) - raft.server.sleep.deviation.threshold = 300ms (default)
2021-10-17 01:34:09,527 [pool-83-thread-1] INFO  server.RaftServerConfigKeys (ConfUtils.java:logGet(44)) - raft.server.log.appender.install.snapshot.enabled = false (custom)
2021-10-17 01:34:09,527 [pool-83-thread-1] INFO  server.RaftServer$Division (ServerState.java:<init>(105)) - omNode-3@group-523986131536: ConfigurationManager, init=-1: [omNode-3|rpc:localhost:11188|priority:0, omNode-1|rpc:localhost:11176|priority:0, omNode-2|rpc:localhost:11182|priority:0], old=null, confs=<EMPTY_MAP>
2021-10-17 01:34:09,528 [pool-83-thread-1] INFO  server.RaftServerConfigKeys (ConfUtils.java:logGet(44)) - raft.server.storage.dir = [/home/runner/work/ozone/ozone/hadoop-ozone/integration-test/target/test-dir/MiniOzoneClusterImpl-e6b5673d-0e05-4a61-970a-b11d77d0bde6/omNode-3/ratis] (custom)
2021-10-17 01:34:09,542 [pool-83-thread-1] INFO  server.RaftServerConfigKeys (ConfUtils.java:logGet(44)) - raft.server.log.corruption.policy = EXCEPTION (default)
2021-10-17 01:34:09,543 [pool-83-thread-1] INFO  server.RaftServerConfigKeys (ConfUtils.java:logGet(44)) - raft.server.storage.free-space.min = 0MB (=0) (default)
2021-10-17 01:34:09,543 [pool-83-thread-1] INFO  storage.RaftStorageDirectory (RaftStorageDirectoryImpl.java:analyzeStorage(135)) - The storage directory /home/runner/work/ozone/ozone/hadoop-ozone/integration-test/target/test-dir/MiniOzoneClusterImpl-e6b5673d-0e05-4a61-970a-b11d77d0bde6/omNode-3/ratis/c9bc4cf4-3bc3-3c60-a66b-523986131536 does not exist. Creating ...
2021-10-17 01:34:09,545 [pool-83-thread-1] INFO  storage.RaftStorageDirectory (RaftStorageDirectoryImpl.java:tryLock(230)) - Lock on /home/runner/work/ozone/ozone/hadoop-ozone/integration-test/target/test-dir/MiniOzoneClusterImpl-e6b5673d-0e05-4a61-970a-b11d77d0bde6/omNode-3/ratis/c9bc4cf4-3bc3-3c60-a66b-523986131536/in_use.lock acquired by nodename 15180@fv-az151-444
2021-10-17 01:34:09,547 [pool-83-thread-1] INFO  storage.RaftStorage (RaftStorageImpl.java:format(89)) - Storage directory /home/runner/work/ozone/ozone/hadoop-ozone/integration-test/target/test-dir/MiniOzoneClusterImpl-e6b5673d-0e05-4a61-970a-b11d77d0bde6/omNode-3/ratis/c9bc4cf4-3bc3-3c60-a66b-523986131536 has been successfully formatted.
2021-10-17 01:34:09,547 [pool-83-thread-1] INFO  server.RaftServerConfigKeys (ConfUtils.java:logGet(44)) - raft.server.notification.no-leader.timeout = 2s (custom)
2021-10-17 01:34:09,547 [pool-83-thread-1] INFO  server.RaftServerConfigKeys (ConfUtils.java:logGet(44)) - raft.server.log.use.memory = false (default)
2021-10-17 01:34:09,551 [pool-83-thread-1] INFO  server.RaftServerConfigKeys (ConfUtils.java:logGet(44)) - raft.server.log.purge.gap = 50 (custom)
2021-10-17 01:34:09,551 [pool-83-thread-1] INFO  server.RaftServerConfigKeys (ConfUtils.java:logGet(44)) - raft.server.log.appender.buffer.byte-limit = 33554432 (custom)
2021-10-17 01:34:09,551 [pool-83-thread-1] INFO  server.RaftServerConfigKeys (ConfUtils.java:logGet(44)) - raft.server.log.segment.size.max = 4194304 (custom)
2021-10-17 01:34:09,555 [pool-83-thread-1] INFO  server.RaftServerConfigKeys (ConfUtils.java:logGet(44)) - raft.server.log.segment.cache.num.max = 2 (custom)
2021-10-17 01:34:09,555 [pool-83-thread-1] INFO  server.RaftServerConfigKeys (ConfUtils.java:logGet(44)) - raft.server.log.segment.cache.size.max = 200MB (=209715200) (default)
2021-10-17 01:34:09,556 [pool-83-thread-1] INFO  segmented.SegmentedRaftLogWorker (SegmentedRaftLogWorker.java:<init>(182)) - new omNode-3@group-523986131536-SegmentedRaftLogWorker for RaftStorageImpl:Storage Directory /home/runner/work/ozone/ozone/hadoop-ozone/integration-test/target/test-dir/MiniOzoneClusterImpl-e6b5673d-0e05-4a61-970a-b11d77d0bde6/omNode-3/ratis/c9bc4cf4-3bc3-3c60-a66b-523986131536
2021-10-17 01:34:09,556 [pool-83-thread-1] INFO  server.RaftServerConfigKeys (ConfUtils.java:logGet(44)) - raft.server.log.queue.byte-limit = 64MB (=67108864) (default)
2021-10-17 01:34:09,556 [pool-83-thread-1] INFO  server.RaftServerConfigKeys (ConfUtils.java:logGet(44)) - raft.server.log.queue.element-limit = 4096 (default)
2021-10-17 01:34:09,556 [pool-83-thread-1] INFO  server.RaftServerConfigKeys (ConfUtils.java:logGet(44)) - raft.server.log.segment.size.max = 4194304 (custom)
2021-10-17 01:34:09,556 [pool-83-thread-1] INFO  server.RaftServerConfigKeys (ConfUtils.java:logGet(44)) - raft.server.log.preallocated.size = 4194304 (custom)
2021-10-17 01:34:09,557 [pool-83-thread-1] INFO  server.RaftServerConfigKeys (ConfUtils.java:logGet(44)) - raft.server.log.force.sync.num = 128 (default)
2021-10-17 01:34:09,557 [pool-83-thread-1] INFO  server.RaftServerConfigKeys (ConfUtils.java:logGet(44)) - raft.server.log.statemachine.data.sync = true (default)
2021-10-17 01:34:09,557 [pool-83-thread-1] INFO  server.RaftServerConfigKeys (ConfUtils.java:logGet(44)) - raft.server.log.statemachine.data.sync.timeout = 10s (default)
2021-10-17 01:34:09,557 [pool-83-thread-1] INFO  server.RaftServerConfigKeys (ConfUtils.java:logGet(44)) - raft.server.log.statemachine.data.sync.timeout.retry = -1 (default)
2021-10-17 01:34:09,558 [pool-83-thread-1] INFO  server.RaftServerConfigKeys (ConfUtils.java:logGet(44)) - raft.server.log.write.buffer.size = 64KB (=65536) (default)
2021-10-17 01:34:09,558 [pool-83-thread-1] INFO  server.RaftServerConfigKeys (ConfUtils.java:logGet(44)) - raft.server.log.statemachine.data.caching.enabled = false (default)
2021-10-17 01:34:09,558 [pool-83-thread-1] INFO  segmented.SegmentedRaftLogWorker (SegmentedRaftLogWorker.java:lambda$new$0(133)) - omNode-3@group-523986131536-SegmentedRaftLogWorker: flushIndex: setUnconditionally 0 -> -1
2021-10-17 01:34:09,558 [pool-83-thread-1] INFO  segmented.SegmentedRaftLogWorker (SegmentedRaftLogWorker.java:lambda$new$0(133)) - omNode-3@group-523986131536-SegmentedRaftLogWorker: safeCacheEvictIndex: setUnconditionally 0 -> -1
2021-10-17 01:34:09,558 [pool-83-thread-1] INFO  server.RaftServerConfigKeys (ConfUtils.java:logGet(44)) - raft.server.snapshot.auto.trigger.enabled = true (custom)
2021-10-17 01:34:09,559 [pool-83-thread-1] INFO  server.RaftServerConfigKeys (ConfUtils.java:logGet(44)) - raft.server.snapshot.auto.trigger.threshold = 50 (custom)
2021-10-17 01:34:09,559 [pool-83-thread-1] INFO  server.RaftServerConfigKeys (ConfUtils.java:logGet(44)) - raft.server.snapshot.retention.file.num = -1 (default)
2021-10-17 01:34:09,559 [pool-83-thread-1] INFO  server.RaftServerConfigKeys (ConfUtils.java:logGet(44)) - raft.server.log.purge.upto.snapshot.index = true (custom)
2021-10-17 01:34:09,559 [pool-83-thread-1] INFO  server.RaftServerConfigKeys (ConfUtils.java:logGet(44)) - raft.server.retrycache.expirytime = 30000ms (custom)
2021-10-17 01:34:09,559 [pool-83-thread-1] INFO  server.RaftServerConfigKeys (ConfUtils.java:logGet(44)) - raft.server.retrycache.statistics.expirytime = 100μs (default)
2021-10-17 01:34:09,573 [Listener at 127.0.0.1/11184] INFO  om.OzoneManager (OzoneManager.java:initFSOLayout(4357)) - Configured ozone.om.metadata.layout=SIMPLE and disabled optimized OM FS operations
2021-10-17 01:34:09,578 [Listener at 127.0.0.1/11184] INFO  impl.MetricsSystemImpl (MetricsSystemImpl.java:init(158)) - OzoneManager metrics system started (again)
2021-10-17 01:34:09,593 [Listener at 127.0.0.1/11184] INFO  om.OzoneManager (OzoneManager.java:start(1301)) - OzoneManager RPC server is listening at localhost/127.0.0.1:11184
2021-10-17 01:34:09,594 [Listener at 127.0.0.1/11184] INFO  ratis.OzoneManagerRatisServer (OzoneManagerRatisServer.java:start(520)) - Starting OzoneManagerRatisServer omNode-3 at port 11188
2021-10-17 01:34:09,594 [Listener at 127.0.0.1/11184] INFO  server.RaftServer$Division (RaftServerImpl.java:start(296)) - omNode-3@group-523986131536: start as a follower, conf=-1: [omNode-3|rpc:localhost:11188|priority:0, omNode-1|rpc:localhost:11176|priority:0, omNode-2|rpc:localhost:11182|priority:0], old=null
2021-10-17 01:34:09,594 [Listener at 127.0.0.1/11184] INFO  server.RaftServer$Division (RaftServerImpl.java:setRole(285)) - omNode-3@group-523986131536: changes role from      null to FOLLOWER at term 0 for startAsFollower
2021-10-17 01:34:09,594 [Listener at 127.0.0.1/11184] INFO  impl.RoleInfo (RoleInfo.java:updateAndGet(130)) - omNode-3: start omNode-3@group-523986131536-FollowerState
2021-10-17 01:34:09,595 [Listener at 127.0.0.1/11184] INFO  util.JmxRegister (JmxRegister.java:tryRegister(44)) - Successfully registered JMX Bean with object name Ratis:service=RaftServer,group=group-523986131536,id=omNode-3
2021-10-17 01:34:09,600 [Listener at 127.0.0.1/11184] INFO  server.RaftServer (RaftServerProxy.java:lambda$start$5(374)) - omNode-3: start RPC server
2021-10-17 01:34:09,601 [Listener at 127.0.0.1/11184] INFO  server.GrpcService (GrpcService.java:startImpl(253)) - omNode-3: GrpcService started, listening on 11188
2021-10-17 01:34:09,601 [Listener at 127.0.0.1/11184] INFO  om.OzoneManager (OzoneManager.java:start(1319)) - Version File has different layout version (0) than OM DB (null). That is expected if this OM has never been finalized to a newer layout version.
2021-10-17 01:34:09,602 [org.apache.ratis.util.JvmPauseMonitor$$Lambda$523/1638607820@725bb3a8] INFO  util.JvmPauseMonitor (JvmPauseMonitor.java:run(103)) - JvmPauseMonitor-omNode-3: Started
2021-10-17 01:34:09,604 [Listener at 127.0.0.1/11184] INFO  http.BaseHttpServer (BaseHttpServer.java:newHttpServer2BuilderForOzone(209)) - Starting Web-server for ozoneManager at: http://0.0.0.0:11186
2021-10-17 01:34:09,604 [Listener at 127.0.0.1/11184] INFO  http.BaseHttpServer (BaseHttpServer.java:<init>(107)) - Hadoop Security Enabled: false Ozone Security Enabled: false Ozone HTTP Security Enabled: false 
2021-10-17 01:34:09,605 [Listener at 127.0.0.1/11184] INFO  server.AuthenticationFilter (AuthenticationFilter.java:constructSecretProvider(240)) - Unable to initialize FileSignerSecretProvider, falling back to use random secrets.
2021-10-17 01:34:09,605 [Listener at 127.0.0.1/11184] WARN  http.HttpRequestLog (HttpRequestLog.java:getRequestLog(103)) - Jetty request log can only be enabled using Log4j
2021-10-17 01:34:09,606 [Listener at 127.0.0.1/11184] INFO  http.HttpServer2 (HttpServer2.java:addGlobalFilter(1030)) - Added global filter 'safety' (class=org.apache.hadoop.hdds.server.http.HttpServer2$QuotingInputFilter)
2021-10-17 01:34:09,607 [Listener at 127.0.0.1/11184] INFO  http.HttpServer2 (HttpServer2.java:addFilter(1006)) - Added filter static_user_filter (class=org.apache.hadoop.http.lib.StaticUserWebFilter$StaticUserFilter) to context ozoneManager
2021-10-17 01:34:09,607 [Listener at 127.0.0.1/11184] INFO  http.HttpServer2 (HttpServer2.java:addFilter(1014)) - Added filter static_user_filter (class=org.apache.hadoop.http.lib.StaticUserWebFilter$StaticUserFilter) to context logs
2021-10-17 01:34:09,607 [Listener at 127.0.0.1/11184] INFO  http.HttpServer2 (HttpServer2.java:addFilter(1014)) - Added filter static_user_filter (class=org.apache.hadoop.http.lib.StaticUserWebFilter$StaticUserFilter) to context static
2021-10-17 01:34:09,608 [Listener at 127.0.0.1/11184] INFO  http.HttpServer2 (HttpServer2.java:bindListener(1249)) - Jetty bound to port 11186
2021-10-17 01:34:09,608 [Listener at 127.0.0.1/11184] INFO  server.Server (Server.java:doStart(375)) - jetty-9.4.43.v20210629; built: 2021-06-30T11:07:22.254Z; git: 526006ecfa3af7f1a27ef3a288e2bef7ea9dd7e8; jvm 1.8.0_292-b10
2021-10-17 01:34:09,611 [Listener at 127.0.0.1/11184] INFO  server.session (DefaultSessionIdManager.java:doStart(334)) - DefaultSessionIdManager workerName=node0
2021-10-17 01:34:09,611 [Listener at 127.0.0.1/11184] INFO  server.session (DefaultSessionIdManager.java:doStart(339)) - No SessionScavenger set, using defaults
2021-10-17 01:34:09,612 [Listener at 127.0.0.1/11184] INFO  server.session (HouseKeeper.java:startScavenging(132)) - node0 Scavenging every 600000ms
2021-10-17 01:34:09,612 [Listener at 127.0.0.1/11184] INFO  handler.ContextHandler (ContextHandler.java:doStart(915)) - Started o.e.j.s.ServletContextHandler@4135b7f9{logs,/logs,file:///home/runner/work/ozone/ozone/hadoop-ozone/integration-test/target/log,AVAILABLE}
2021-10-17 01:34:09,613 [Listener at 127.0.0.1/11184] INFO  handler.ContextHandler (ContextHandler.java:doStart(915)) - Started o.e.j.s.ServletContextHandler@163697a8{static,/static,file:///home/runner/work/ozone/ozone/hadoop-ozone/integration-test/target/test-classes/webapps/static,AVAILABLE}
2021-10-17 01:34:09,617 [Listener at 127.0.0.1/11184] INFO  handler.ContextHandler (ContextHandler.java:doStart(915)) - Started o.e.j.w.WebAppContext@6e4dfd4d{ozoneManager,/,file:///home/runner/work/ozone/ozone/hadoop-ozone/integration-test/target/test-classes/webapps/ozoneManager/,AVAILABLE}{file:/home/runner/work/ozone/ozone/hadoop-ozone/integration-test/target/test-classes/webapps/ozoneManager}
2021-10-17 01:34:09,618 [Listener at 127.0.0.1/11184] INFO  server.AbstractConnector (AbstractConnector.java:doStart(331)) - Started ServerConnector@1fb77d8{HTTP/1.1, (http/1.1)}{0.0.0.0:11186}
2021-10-17 01:34:09,618 [Listener at 127.0.0.1/11184] INFO  server.Server (Server.java:doStart(415)) - Started @6341ms
2021-10-17 01:34:09,619 [Listener at 127.0.0.1/11184] WARN  impl.MetricsSystemImpl (MetricsSystemImpl.java:register(279)) - Sink prometheus already exists!
2021-10-17 01:34:09,619 [Listener at 127.0.0.1/11184] INFO  http.BaseHttpServer (BaseHttpServer.java:updateConnectorAddress(329)) - HTTP server of ozoneManager listening at http://0.0.0.0:11186
2021-10-17 01:34:09,622 [IPC Server Responder] INFO  ipc.Server (Server.java:run(1507)) - IPC Server Responder: starting
2021-10-17 01:34:09,627 [IPC Server listener on 11184] INFO  ipc.Server (Server.java:run(1344)) - IPC Server listener on 11184: starting
2021-10-17 01:34:09,636 [Listener at 127.0.0.1/11184] INFO  om.OzoneManager (OzoneManager.java:startTrashEmptier(1563)) - Trash Interval set to 0. Files deleted will not move to trash
2021-10-17 01:34:09,636 [Listener at 127.0.0.1/11184] INFO  ozone.MiniOzoneHAClusterImpl (MiniOzoneHAClusterImpl.java:createOMService(485)) - Started OzoneManager omNode-3 RPC server at localhost/127.0.0.1:11184
2021-10-17 01:34:09,636 [org.apache.hadoop.util.JvmPauseMonitor$Monitor@340572ad] INFO  util.JvmPauseMonitor (JvmPauseMonitor.java:run(188)) - Starting JVM pause monitor
2021-10-17 01:34:09,825 [Listener at 127.0.0.1/11184] WARN  impl.MetricRegistriesImpl (MetricRegistriesImpl.java:addReporterRegistration(111)) - New reporters are added after registries were created. Some metrics will be missing from the reporter. Please add reporter before adding any new registry.
2021-10-17 01:34:09,825 [Listener at 127.0.0.1/11184] WARN  impl.MetricRegistriesImpl (MetricRegistriesImpl.java:addReporterRegistration(111)) - New reporters are added after registries were created. Some metrics will be missing from the reporter. Please add reporter before adding any new registry.
2021-10-17 01:34:09,826 [Listener at 127.0.0.1/11184] INFO  impl.MetricsSystemImpl (MetricsSystemImpl.java:init(158)) - HddsDatanode metrics system started (again)
2021-10-17 01:34:09,846 [Listener at 127.0.0.1/11184] INFO  ozone.HddsDatanodeService (HddsDatanodeService.java:start(234)) - HddsDatanodeService host:fv-az151-444.yf2hydr00wburbhx3j5hxtcipe.bx.internal.cloudapp.net ip:10.1.0.12
2021-10-17 01:34:09,872 [Listener at 127.0.0.1/11184] INFO  upgrade.AbstractLayoutVersionManager (AbstractLayoutVersionManager.java:init(79)) - Initializing Layout version manager with metadata layout = SCM_HA (version = 2), software layout = SCM_HA (version = 2)
2021-10-17 01:34:09,911 [Listener at 127.0.0.1/11184] INFO  reflections.Reflections (Reflections.java:scan(232)) - Reflections took 38 ms to scan 7 urls, producing 119 keys and 278 values 
2021-10-17 01:34:09,964 [Listener at 127.0.0.1/11184] INFO  volume.HddsVolume (HddsVolume.java:<init>(120)) - Creating HddsVolume: /home/runner/work/ozone/ozone/hadoop-ozone/integration-test/target/test-dir/MiniOzoneClusterImpl-e6b5673d-0e05-4a61-970a-b11d77d0bde6/datanode-0/data-0/containers/hdds of storage type : DISK capacity : 9223372036854775807
2021-10-17 01:34:09,966 [Listener at 127.0.0.1/11184] INFO  volume.MutableVolumeSet (MutableVolumeSet.java:initializeVolumeSet(168)) - Added Volume : /home/runner/work/ozone/ozone/hadoop-ozone/integration-test/target/test-dir/MiniOzoneClusterImpl-e6b5673d-0e05-4a61-970a-b11d77d0bde6/datanode-0/data-0/containers/hdds to VolumeSet
2021-10-17 01:34:09,967 [Listener at 127.0.0.1/11184] INFO  volume.ThrottledAsyncChecker (ThrottledAsyncChecker.java:schedule(141)) - Scheduling a check for /home/runner/work/ozone/ozone/hadoop-ozone/integration-test/target/test-dir/MiniOzoneClusterImpl-e6b5673d-0e05-4a61-970a-b11d77d0bde6/datanode-0/data-0/containers/hdds
2021-10-17 01:34:09,987 [Listener at 127.0.0.1/11184] INFO  volume.StorageVolumeChecker (StorageVolumeChecker.java:checkAllVolumes(202)) - Scheduled health check for volume /home/runner/work/ozone/ozone/hadoop-ozone/integration-test/target/test-dir/MiniOzoneClusterImpl-e6b5673d-0e05-4a61-970a-b11d77d0bde6/datanode-0/data-0/containers/hdds
2021-10-17 01:34:10,005 [Listener at 127.0.0.1/11184] INFO  volume.MutableVolumeSet (MutableVolumeSet.java:initializeVolumeSet(168)) - Added Volume : /home/runner/work/ozone/ozone/hadoop-ozone/integration-test/target/test-dir/MiniOzoneClusterImpl-e6b5673d-0e05-4a61-970a-b11d77d0bde6/datanode-0/data/ratis to VolumeSet
2021-10-17 01:34:10,005 [Listener at 127.0.0.1/11184] INFO  volume.ThrottledAsyncChecker (ThrottledAsyncChecker.java:schedule(141)) - Scheduling a check for /home/runner/work/ozone/ozone/hadoop-ozone/integration-test/target/test-dir/MiniOzoneClusterImpl-e6b5673d-0e05-4a61-970a-b11d77d0bde6/datanode-0/data/ratis
2021-10-17 01:34:10,005 [Listener at 127.0.0.1/11184] INFO  volume.StorageVolumeChecker (StorageVolumeChecker.java:checkAllVolumes(202)) - Scheduled health check for volume /home/runner/work/ozone/ozone/hadoop-ozone/integration-test/target/test-dir/MiniOzoneClusterImpl-e6b5673d-0e05-4a61-970a-b11d77d0bde6/datanode-0/data/ratis
2021-10-17 01:34:10,023 [Thread-215] INFO  ozoneimpl.ContainerReader (ContainerReader.java:readVolume(172)) - Finish verifying containers on volume /home/runner/work/ozone/ozone/hadoop-ozone/integration-test/target/test-dir/MiniOzoneClusterImpl-e6b5673d-0e05-4a61-970a-b11d77d0bde6/datanode-0/data-0/containers/hdds
2021-10-17 01:34:10,023 [Listener at 127.0.0.1/11184] INFO  ozoneimpl.OzoneContainer (OzoneContainer.java:buildContainerSet(236)) - Build ContainerSet costs 0s
2021-10-17 01:34:10,040 [omNode-1@group-523986131536-FollowerState] INFO  impl.FollowerState (FollowerState.java:run(134)) - omNode-1@group-523986131536-FollowerState: change to CANDIDATE, lastRpcElapsedTime:1160082830ns, electionTimeout:1156ms
2021-10-17 01:34:10,041 [omNode-1@group-523986131536-FollowerState] INFO  impl.RoleInfo (RoleInfo.java:shutdownFollowerState(108)) - omNode-1: shutdown omNode-1@group-523986131536-FollowerState
2021-10-17 01:34:10,042 [omNode-1@group-523986131536-FollowerState] INFO  server.RaftServer$Division (RaftServerImpl.java:setRole(285)) - omNode-1@group-523986131536: changes role from  FOLLOWER to CANDIDATE at term 0 for changeToCandidate
2021-10-17 01:34:10,045 [omNode-1@group-523986131536-FollowerState] INFO  server.RaftServerConfigKeys (ConfUtils.java:logGet(44)) - raft.server.leaderelection.pre-vote = false (custom)
2021-10-17 01:34:10,045 [omNode-1@group-523986131536-FollowerState] INFO  impl.RoleInfo (RoleInfo.java:updateAndGet(130)) - omNode-1: start omNode-1@group-523986131536-LeaderElection1
2021-10-17 01:34:10,057 [omNode-1@group-523986131536-LeaderElection1] INFO  impl.LeaderElection (LeaderElection.java:askForVotes(306)) - omNode-1@group-523986131536-LeaderElection1 ELECTION round 0: submit vote requests at term 1 for -1: [omNode-3|rpc:localhost:11188|priority:0, omNode-1|rpc:localhost:11176|priority:0, omNode-2|rpc:localhost:11182|priority:0], old=null
2021-10-17 01:34:10,228 [org.apache.ratis.util.JvmPauseMonitor$$Lambda$523/1638607820@725bb3a8] WARN  util.JvmPauseMonitor (JvmPauseMonitor.java:detectPause(124)) - JvmPauseMonitor-omNode-3: Detected pause in JVM or host machine (eg GC): pause of approximately 125363604ns.
GC pool 'PS MarkSweep' had collection(s): count=1 time=133ms
GC pool 'PS Scavenge' had collection(s): count=2 time=38ms
2021-10-17 01:34:10,290 [omNode-2@group-523986131536-FollowerState] INFO  impl.FollowerState (FollowerState.java:run(134)) - omNode-2@group-523986131536-FollowerState: change to CANDIDATE, lastRpcElapsedTime:1006135915ns, electionTimeout:1005ms
2021-10-17 01:34:10,292 [omNode-2@group-523986131536-FollowerState] INFO  impl.RoleInfo (RoleInfo.java:shutdownFollowerState(108)) - omNode-2: shutdown omNode-2@group-523986131536-FollowerState
2021-10-17 01:34:10,292 [omNode-2@group-523986131536-FollowerState] INFO  server.RaftServer$Division (RaftServerImpl.java:setRole(285)) - omNode-2@group-523986131536: changes role from  FOLLOWER to CANDIDATE at term 0 for changeToCandidate
2021-10-17 01:34:10,292 [omNode-2@group-523986131536-FollowerState] INFO  server.RaftServerConfigKeys (ConfUtils.java:logGet(44)) - raft.server.leaderelection.pre-vote = false (custom)
2021-10-17 01:34:10,292 [omNode-2@group-523986131536-FollowerState] INFO  impl.RoleInfo (RoleInfo.java:updateAndGet(130)) - omNode-2: start omNode-2@group-523986131536-LeaderElection2
2021-10-17 01:34:10,304 [Listener at 127.0.0.1/11184] INFO  server.RaftServer (ConfUtils.java:logGet(44)) - raft.rpc.type = GRPC (default)
2021-10-17 01:34:10,304 [Listener at 127.0.0.1/11184] INFO  grpc.GrpcFactory (GrpcFactory.java:checkPooledByteBufAllocatorUseCacheForAllThreads(48)) - PERFORMANCE WARNING: useCacheForAllThreads is true that may cause Netty to create a lot garbage objects and, as a result, trigger GC.
	It is recommended to disable useCacheForAllThreads by setting -Dorg.apache.ratis.thirdparty.io.netty.allocator.useCacheForAllThreads=false in command line.
2021-10-17 01:34:10,304 [Listener at 127.0.0.1/11184] INFO  grpc.GrpcConfigKeys (ConfUtils.java:logGet(44)) - raft.grpc.admin.port = 0 (custom)
2021-10-17 01:34:10,304 [Listener at 127.0.0.1/11184] INFO  grpc.GrpcConfigKeys (ConfUtils.java:logGet(44)) - raft.grpc.client.port = 0 (custom)
2021-10-17 01:34:10,304 [Listener at 127.0.0.1/11184] INFO  grpc.GrpcConfigKeys (ConfUtils.java:logGet(44)) - raft.grpc.server.port = 0 (default)
2021-10-17 01:34:10,304 [Listener at 127.0.0.1/11184] INFO  server.GrpcService (ConfUtils.java:logGet(44)) - raft.grpc.message.size.max = 32MB (=33554432) (custom)
2021-10-17 01:34:10,304 [Listener at 127.0.0.1/11184] INFO  server.RaftServerConfigKeys (ConfUtils.java:logGet(44)) - raft.server.log.appender.buffer.byte-limit = 33554432 (custom)
2021-10-17 01:34:10,305 [Listener at 127.0.0.1/11184] INFO  server.GrpcService (ConfUtils.java:logGet(44)) - raft.grpc.flow.control.window = 5MB (=5242880) (custom)
2021-10-17 01:34:10,305 [Listener at 127.0.0.1/11184] INFO  server.RaftServerConfigKeys (ConfUtils.java:logGet(44)) - raft.server.rpc.request.timeout = 60s (custom)
2021-10-17 01:34:10,306 [Listener at 127.0.0.1/11184] INFO  impl.DataStreamServerImpl (ConfUtils.java:logGet(44)) - raft.datastream.type = DISABLED (default)
2021-10-17 01:34:10,306 [Listener at 127.0.0.1/11184] INFO  server.RaftServerConfigKeys (ConfUtils.java:logGet(44)) - raft.server.rpc.slowness.timeout = 300s (custom)
2021-10-17 01:34:10,311 [Listener at 127.0.0.1/11184] INFO  server.RaftServerConfigKeys (ConfUtils.java:logGet(44)) - raft.server.leaderelection.leader.step-down.wait-time = 10s (default)
2021-10-17 01:34:10,311 [Listener at 127.0.0.1/11184] INFO  server.RaftServerConfigKeys (ConfUtils.java:logGet(44)) - raft.server.storage.dir = [/home/runner/work/ozone/ozone/hadoop-ozone/integration-test/target/test-dir/MiniOzoneClusterImpl-e6b5673d-0e05-4a61-970a-b11d77d0bde6/datanode-0/data/ratis] (custom)
2021-10-17 01:34:10,323 [omNode-2@group-523986131536-LeaderElection2] INFO  impl.LeaderElection (LeaderElection.java:askForVotes(306)) - omNode-2@group-523986131536-LeaderElection2 ELECTION round 0: submit vote requests at term 1 for -1: [omNode-3|rpc:localhost:11188|priority:0, omNode-1|rpc:localhost:11176|priority:0, omNode-2|rpc:localhost:11182|priority:0], old=null
2021-10-17 01:34:10,421 [Listener at 127.0.0.1/11184] INFO  http.BaseHttpServer (BaseHttpServer.java:newHttpServer2BuilderForOzone(209)) - Starting Web-server for hddsDatanode at: http://0.0.0.0:0
2021-10-17 01:34:10,422 [Listener at 127.0.0.1/11184] INFO  http.BaseHttpServer (BaseHttpServer.java:<init>(107)) - Hadoop Security Enabled: false Ozone Security Enabled: false Ozone HTTP Security Enabled: false 
2021-10-17 01:34:10,423 [Listener at 127.0.0.1/11184] INFO  server.AuthenticationFilter (AuthenticationFilter.java:constructSecretProvider(240)) - Unable to initialize FileSignerSecretProvider, falling back to use random secrets.
2021-10-17 01:34:10,440 [Listener at 127.0.0.1/11184] WARN  http.HttpRequestLog (HttpRequestLog.java:getRequestLog(103)) - Jetty request log can only be enabled using Log4j
2021-10-17 01:34:10,441 [Listener at 127.0.0.1/11184] INFO  http.HttpServer2 (HttpServer2.java:addGlobalFilter(1030)) - Added global filter 'safety' (class=org.apache.hadoop.hdds.server.http.HttpServer2$QuotingInputFilter)
2021-10-17 01:34:10,442 [Listener at 127.0.0.1/11184] INFO  http.HttpServer2 (HttpServer2.java:addFilter(1006)) - Added filter static_user_filter (class=org.apache.hadoop.http.lib.StaticUserWebFilter$StaticUserFilter) to context hddsDatanode
2021-10-17 01:34:10,442 [Listener at 127.0.0.1/11184] INFO  http.HttpServer2 (HttpServer2.java:addFilter(1014)) - Added filter static_user_filter (class=org.apache.hadoop.http.lib.StaticUserWebFilter$StaticUserFilter) to context logs
2021-10-17 01:34:10,442 [Listener at 127.0.0.1/11184] INFO  http.HttpServer2 (HttpServer2.java:addFilter(1014)) - Added filter static_user_filter (class=org.apache.hadoop.http.lib.StaticUserWebFilter$StaticUserFilter) to context static
2021-10-17 01:34:10,443 [Listener at 127.0.0.1/11184] INFO  http.HttpServer2 (HttpServer2.java:bindListener(1249)) - Jetty bound to port 34499
2021-10-17 01:34:10,443 [Listener at 127.0.0.1/11184] INFO  server.Server (Server.java:doStart(375)) - jetty-9.4.43.v20210629; built: 2021-06-30T11:07:22.254Z; git: 526006ecfa3af7f1a27ef3a288e2bef7ea9dd7e8; jvm 1.8.0_292-b10
2021-10-17 01:34:10,487 [Listener at 127.0.0.1/11184] INFO  server.session (DefaultSessionIdManager.java:doStart(334)) - DefaultSessionIdManager workerName=node0
2021-10-17 01:34:10,487 [Listener at 127.0.0.1/11184] INFO  server.session (DefaultSessionIdManager.java:doStart(339)) - No SessionScavenger set, using defaults
2021-10-17 01:34:10,488 [Listener at 127.0.0.1/11184] INFO  server.session (HouseKeeper.java:startScavenging(132)) - node0 Scavenging every 600000ms
2021-10-17 01:34:10,489 [Listener at 127.0.0.1/11184] INFO  handler.ContextHandler (ContextHandler.java:doStart(915)) - Started o.e.j.s.ServletContextHandler@4d1f1b98{logs,/logs,file:///home/runner/work/ozone/ozone/hadoop-ozone/integration-test/target/log,AVAILABLE}
2021-10-17 01:34:10,489 [Listener at 127.0.0.1/11184] INFO  handler.ContextHandler (ContextHandler.java:doStart(915)) - Started o.e.j.s.ServletContextHandler@5ff1aece{static,/static,jar:file:/home/runner/.m2/repository/org/apache/ozone/hdds-container-service/1.2.0-SNAPSHOT/hdds-container-service-1.2.0-SNAPSHOT.jar!/webapps/static,AVAILABLE}
2021-10-17 01:34:10,597 [Listener at 127.0.0.1/11184] INFO  handler.ContextHandler (ContextHandler.java:doStart(915)) - Started o.e.j.w.WebAppContext@58a632d1{hddsDatanode,/,file:///tmp/jetty-0_0_0_0-34499-hdds-container-service-1_2_0-SNAPSHOT_jar-_-any-276156968325622544/webapp/,AVAILABLE}{jar:file:/home/runner/.m2/repository/org/apache/ozone/hdds-container-service/1.2.0-SNAPSHOT/hdds-container-service-1.2.0-SNAPSHOT.jar!/webapps/hddsDatanode}
2021-10-17 01:34:10,599 [Listener at 127.0.0.1/11184] INFO  server.AbstractConnector (AbstractConnector.java:doStart(331)) - Started ServerConnector@469f6527{HTTP/1.1, (http/1.1)}{0.0.0.0:34499}
2021-10-17 01:34:10,599 [Listener at 127.0.0.1/11184] INFO  server.Server (Server.java:doStart(415)) - Started @7322ms
2021-10-17 01:34:10,600 [Listener at 127.0.0.1/11184] WARN  impl.MetricsSystemImpl (MetricsSystemImpl.java:register(279)) - Sink prometheus already exists!
2021-10-17 01:34:10,606 [Listener at 127.0.0.1/11184] INFO  http.BaseHttpServer (BaseHttpServer.java:updateConnectorAddress(329)) - HTTP server of hddsDatanode listening at http://0.0.0.0:34499
2021-10-17 01:34:10,625 [omNode-3@group-523986131536-FollowerState] INFO  impl.FollowerState (FollowerState.java:run(134)) - omNode-3@group-523986131536-FollowerState: change to CANDIDATE, lastRpcElapsedTime:1030468944ns, electionTimeout:1030ms
2021-10-17 01:34:10,625 [omNode-3@group-523986131536-FollowerState] INFO  impl.RoleInfo (RoleInfo.java:shutdownFollowerState(108)) - omNode-3: shutdown omNode-3@group-523986131536-FollowerState
2021-10-17 01:34:10,625 [omNode-3@group-523986131536-FollowerState] INFO  server.RaftServer$Division (RaftServerImpl.java:setRole(285)) - omNode-3@group-523986131536: changes role from  FOLLOWER to CANDIDATE at term 0 for changeToCandidate
2021-10-17 01:34:10,630 [omNode-3@group-523986131536-FollowerState] INFO  server.RaftServerConfigKeys (ConfUtils.java:logGet(44)) - raft.server.leaderelection.pre-vote = false (custom)
2021-10-17 01:34:10,631 [omNode-3@group-523986131536-FollowerState] INFO  impl.RoleInfo (RoleInfo.java:updateAndGet(130)) - omNode-3: start omNode-3@group-523986131536-LeaderElection3
2021-10-17 01:34:10,631 [Listener at 127.0.0.1/11184] WARN  impl.MetricRegistriesImpl (MetricRegistriesImpl.java:addReporterRegistration(111)) - New reporters are added after registries were created. Some metrics will be missing from the reporter. Please add reporter before adding any new registry.
2021-10-17 01:34:10,631 [Listener at 127.0.0.1/11184] WARN  impl.MetricRegistriesImpl (MetricRegistriesImpl.java:addReporterRegistration(111)) - New reporters are added after registries were created. Some metrics will be missing from the reporter. Please add reporter before adding any new registry.
2021-10-17 01:34:10,631 [Datanode State Machine Thread - 0] INFO  statemachine.DatanodeStateMachine (DatanodeStateMachine.java:lambda$startDaemon$0(463)) - Ozone container server started.
2021-10-17 01:34:10,631 [Listener at 127.0.0.1/11184] INFO  impl.MetricsSystemImpl (MetricsSystemImpl.java:init(158)) - HddsDatanode metrics system started (again)
2021-10-17 01:34:10,663 [org.apache.hadoop.util.JvmPauseMonitor$Monitor@62c9b669] INFO  util.JvmPauseMonitor (JvmPauseMonitor.java:run(188)) - Starting JVM pause monitor
2021-10-17 01:34:10,667 [omNode-3@group-523986131536-LeaderElection3] INFO  impl.LeaderElection (LeaderElection.java:askForVotes(306)) - omNode-3@group-523986131536-LeaderElection3 ELECTION round 0: submit vote requests at term 1 for -1: [omNode-3|rpc:localhost:11188|priority:0, omNode-1|rpc:localhost:11176|priority:0, omNode-2|rpc:localhost:11182|priority:0], old=null
2021-10-17 01:34:10,668 [Listener at 127.0.0.1/11184] INFO  ozone.HddsDatanodeService (HddsDatanodeService.java:start(234)) - HddsDatanodeService host:fv-az151-444.yf2hydr00wburbhx3j5hxtcipe.bx.internal.cloudapp.net ip:10.1.0.12
2021-10-17 01:34:10,723 [Listener at 127.0.0.1/11184] INFO  upgrade.AbstractLayoutVersionManager (AbstractLayoutVersionManager.java:init(79)) - Initializing Layout version manager with metadata layout = SCM_HA (version = 2), software layout = SCM_HA (version = 2)
2021-10-17 01:34:10,855 [Listener at 127.0.0.1/11184] INFO  reflections.Reflections (Reflections.java:scan(232)) - Reflections took 126 ms to scan 7 urls, producing 119 keys and 278 values 
2021-10-17 01:34:10,863 [Listener at 127.0.0.1/11184] INFO  volume.HddsVolume (HddsVolume.java:<init>(120)) - Creating HddsVolume: /home/runner/work/ozone/ozone/hadoop-ozone/integration-test/target/test-dir/MiniOzoneClusterImpl-e6b5673d-0e05-4a61-970a-b11d77d0bde6/datanode-1/data-0/containers/hdds of storage type : DISK capacity : 9223372036854775807
2021-10-17 01:34:10,864 [Listener at 127.0.0.1/11184] INFO  volume.MutableVolumeSet (MutableVolumeSet.java:initializeVolumeSet(168)) - Added Volume : /home/runner/work/ozone/ozone/hadoop-ozone/integration-test/target/test-dir/MiniOzoneClusterImpl-e6b5673d-0e05-4a61-970a-b11d77d0bde6/datanode-1/data-0/containers/hdds to VolumeSet
2021-10-17 01:34:10,864 [Listener at 127.0.0.1/11184] INFO  volume.ThrottledAsyncChecker (ThrottledAsyncChecker.java:schedule(141)) - Scheduling a check for /home/runner/work/ozone/ozone/hadoop-ozone/integration-test/target/test-dir/MiniOzoneClusterImpl-e6b5673d-0e05-4a61-970a-b11d77d0bde6/datanode-1/data-0/containers/hdds
2021-10-17 01:34:10,880 [Listener at 127.0.0.1/11184] INFO  volume.StorageVolumeChecker (StorageVolumeChecker.java:checkAllVolumes(202)) - Scheduled health check for volume /home/runner/work/ozone/ozone/hadoop-ozone/integration-test/target/test-dir/MiniOzoneClusterImpl-e6b5673d-0e05-4a61-970a-b11d77d0bde6/datanode-1/data-0/containers/hdds
2021-10-17 01:34:10,899 [Datanode State Machine Task Thread - 0] INFO  datanode.InitDatanodeState (InitDatanodeState.java:persistContainerDatanodeDetails(145)) - DatanodeDetails is persisted to /home/runner/work/ozone/ozone/hadoop-ozone/integration-test/target/test-dir/MiniOzoneClusterImpl-e6b5673d-0e05-4a61-970a-b11d77d0bde6/datanode-0/meta/datanode.id
2021-10-17 01:34:10,927 [Listener at 127.0.0.1/11184] INFO  volume.MutableVolumeSet (MutableVolumeSet.java:initializeVolumeSet(168)) - Added Volume : /home/runner/work/ozone/ozone/hadoop-ozone/integration-test/target/test-dir/MiniOzoneClusterImpl-e6b5673d-0e05-4a61-970a-b11d77d0bde6/datanode-1/data/ratis to VolumeSet
2021-10-17 01:34:10,927 [Listener at 127.0.0.1/11184] INFO  volume.ThrottledAsyncChecker (ThrottledAsyncChecker.java:schedule(141)) - Scheduling a check for /home/runner/work/ozone/ozone/hadoop-ozone/integration-test/target/test-dir/MiniOzoneClusterImpl-e6b5673d-0e05-4a61-970a-b11d77d0bde6/datanode-1/data/ratis
2021-10-17 01:34:10,928 [Listener at 127.0.0.1/11184] INFO  volume.StorageVolumeChecker (StorageVolumeChecker.java:checkAllVolumes(202)) - Scheduled health check for volume /home/runner/work/ozone/ozone/hadoop-ozone/integration-test/target/test-dir/MiniOzoneClusterImpl-e6b5673d-0e05-4a61-970a-b11d77d0bde6/datanode-1/data/ratis
2021-10-17 01:34:10,948 [Thread-236] INFO  ozoneimpl.ContainerReader (ContainerReader.java:readVolume(172)) - Finish verifying containers on volume /home/runner/work/ozone/ozone/hadoop-ozone/integration-test/target/test-dir/MiniOzoneClusterImpl-e6b5673d-0e05-4a61-970a-b11d77d0bde6/datanode-1/data-0/containers/hdds
2021-10-17 01:34:10,952 [Listener at 127.0.0.1/11184] INFO  ozoneimpl.OzoneContainer (OzoneContainer.java:buildContainerSet(236)) - Build ContainerSet costs 0s
2021-10-17 01:34:10,955 [Listener at 127.0.0.1/11184] INFO  server.RaftServer (ConfUtils.java:logGet(44)) - raft.rpc.type = GRPC (default)
2021-10-17 01:34:10,955 [Listener at 127.0.0.1/11184] INFO  grpc.GrpcFactory (GrpcFactory.java:checkPooledByteBufAllocatorUseCacheForAllThreads(48)) - PERFORMANCE WARNING: useCacheForAllThreads is true that may cause Netty to create a lot garbage objects and, as a result, trigger GC.
	It is recommended to disable useCacheForAllThreads by setting -Dorg.apache.ratis.thirdparty.io.netty.allocator.useCacheForAllThreads=false in command line.
2021-10-17 01:34:10,955 [Listener at 127.0.0.1/11184] INFO  grpc.GrpcConfigKeys (ConfUtils.java:logGet(44)) - raft.grpc.admin.port = 0 (custom)
2021-10-17 01:34:10,955 [Listener at 127.0.0.1/11184] INFO  grpc.GrpcConfigKeys (ConfUtils.java:logGet(44)) - raft.grpc.client.port = 0 (custom)
2021-10-17 01:34:10,956 [Listener at 127.0.0.1/11184] INFO  grpc.GrpcConfigKeys (ConfUtils.java:logGet(44)) - raft.grpc.server.port = 0 (default)
2021-10-17 01:34:10,956 [Listener at 127.0.0.1/11184] INFO  server.GrpcService (ConfUtils.java:logGet(44)) - raft.grpc.message.size.max = 32MB (=33554432) (custom)
2021-10-17 01:34:10,956 [Listener at 127.0.0.1/11184] INFO  server.RaftServerConfigKeys (ConfUtils.java:logGet(44)) - raft.server.log.appender.buffer.byte-limit = 33554432 (custom)
2021-10-17 01:34:10,956 [Listener at 127.0.0.1/11184] INFO  server.GrpcService (ConfUtils.java:logGet(44)) - raft.grpc.flow.control.window = 5MB (=5242880) (custom)
2021-10-17 01:34:10,956 [Listener at 127.0.0.1/11184] INFO  server.RaftServerConfigKeys (ConfUtils.java:logGet(44)) - raft.server.rpc.request.timeout = 60s (custom)
2021-10-17 01:34:10,957 [Listener at 127.0.0.1/11184] INFO  impl.DataStreamServerImpl (ConfUtils.java:logGet(44)) - raft.datastream.type = DISABLED (default)
2021-10-17 01:34:10,957 [Listener at 127.0.0.1/11184] INFO  server.RaftServerConfigKeys (ConfUtils.java:logGet(44)) - raft.server.rpc.slowness.timeout = 300s (custom)
2021-10-17 01:34:10,957 [Listener at 127.0.0.1/11184] INFO  server.RaftServerConfigKeys (ConfUtils.java:logGet(44)) - raft.server.leaderelection.leader.step-down.wait-time = 10s (default)
2021-10-17 01:34:10,957 [Listener at 127.0.0.1/11184] INFO  server.RaftServerConfigKeys (ConfUtils.java:logGet(44)) - raft.server.storage.dir = [/home/runner/work/ozone/ozone/hadoop-ozone/integration-test/target/test-dir/MiniOzoneClusterImpl-e6b5673d-0e05-4a61-970a-b11d77d0bde6/datanode-1/data/ratis] (custom)
2021-10-17 01:34:10,984 [Listener at 127.0.0.1/11184] INFO  http.BaseHttpServer (BaseHttpServer.java:newHttpServer2BuilderForOzone(209)) - Starting Web-server for hddsDatanode at: http://0.0.0.0:0
2021-10-17 01:34:10,985 [Listener at 127.0.0.1/11184] INFO  http.BaseHttpServer (BaseHttpServer.java:<init>(107)) - Hadoop Security Enabled: false Ozone Security Enabled: false Ozone HTTP Security Enabled: false 
2021-10-17 01:34:10,986 [Listener at 127.0.0.1/11184] INFO  server.AuthenticationFilter (AuthenticationFilter.java:constructSecretProvider(240)) - Unable to initialize FileSignerSecretProvider, falling back to use random secrets.
2021-10-17 01:34:10,989 [Listener at 127.0.0.1/11184] WARN  http.HttpRequestLog (HttpRequestLog.java:getRequestLog(103)) - Jetty request log can only be enabled using Log4j
2021-10-17 01:34:10,990 [Listener at 127.0.0.1/11184] INFO  http.HttpServer2 (HttpServer2.java:addGlobalFilter(1030)) - Added global filter 'safety' (class=org.apache.hadoop.hdds.server.http.HttpServer2$QuotingInputFilter)
2021-10-17 01:34:10,991 [Listener at 127.0.0.1/11184] INFO  http.HttpServer2 (HttpServer2.java:addFilter(1006)) - Added filter static_user_filter (class=org.apache.hadoop.http.lib.StaticUserWebFilter$StaticUserFilter) to context hddsDatanode
2021-10-17 01:34:10,991 [Listener at 127.0.0.1/11184] INFO  http.HttpServer2 (HttpServer2.java:addFilter(1014)) - Added filter static_user_filter (class=org.apache.hadoop.http.lib.StaticUserWebFilter$StaticUserFilter) to context static
2021-10-17 01:34:10,992 [Listener at 127.0.0.1/11184] INFO  http.HttpServer2 (HttpServer2.java:addFilter(1014)) - Added filter static_user_filter (class=org.apache.hadoop.http.lib.StaticUserWebFilter$StaticUserFilter) to context logs
2021-10-17 01:34:10,992 [Listener at 127.0.0.1/11184] INFO  http.HttpServer2 (HttpServer2.java:bindListener(1249)) - Jetty bound to port 44403
2021-10-17 01:34:10,993 [Listener at 127.0.0.1/11184] INFO  server.Server (Server.java:doStart(375)) - jetty-9.4.43.v20210629; built: 2021-06-30T11:07:22.254Z; git: 526006ecfa3af7f1a27ef3a288e2bef7ea9dd7e8; jvm 1.8.0_292-b10
2021-10-17 01:34:10,994 [Listener at 127.0.0.1/11184] INFO  server.session (DefaultSessionIdManager.java:doStart(334)) - DefaultSessionIdManager workerName=node0
2021-10-17 01:34:10,994 [Listener at 127.0.0.1/11184] INFO  server.session (DefaultSessionIdManager.java:doStart(339)) - No SessionScavenger set, using defaults
2021-10-17 01:34:10,994 [Listener at 127.0.0.1/11184] INFO  server.session (HouseKeeper.java:startScavenging(132)) - node0 Scavenging every 660000ms
2021-10-17 01:34:10,995 [Listener at 127.0.0.1/11184] INFO  handler.ContextHandler (ContextHandler.java:doStart(915)) - Started o.e.j.s.ServletContextHandler@5ac3a89d{logs,/logs,file:///home/runner/work/ozone/ozone/hadoop-ozone/integration-test/target/log,AVAILABLE}
2021-10-17 01:34:10,995 [Listener at 127.0.0.1/11184] INFO  handler.ContextHandler (ContextHandler.java:doStart(915)) - Started o.e.j.s.ServletContextHandler@51e28071{static,/static,jar:file:/home/runner/.m2/repository/org/apache/ozone/hdds-container-service/1.2.0-SNAPSHOT/hdds-container-service-1.2.0-SNAPSHOT.jar!/webapps/static,AVAILABLE}
2021-10-17 01:34:11,068 [grpc-default-executor-2] INFO  server.RaftServer$Division (RaftServerImpl.java:requestVote(1043)) - omNode-2@group-523986131536: receive requestVote(ELECTION, omNode-3, group-523986131536, 1, (t:0, i:~))
2021-10-17 01:34:11,068 [grpc-default-executor-3] INFO  server.RaftServer$Division (RaftServerImpl.java:requestVote(1043)) - omNode-3@group-523986131536: receive requestVote(ELECTION, omNode-1, group-523986131536, 1, (t:0, i:~))
2021-10-17 01:34:11,069 [grpc-default-executor-1] INFO  server.RaftServer$Division (RaftServerImpl.java:requestVote(1043)) - omNode-3@group-523986131536: receive requestVote(ELECTION, omNode-2, group-523986131536, 1, (t:0, i:~))
2021-10-17 01:34:11,069 [grpc-default-executor-0] INFO  server.RaftServer$Division (RaftServerImpl.java:requestVote(1043)) - omNode-1@group-523986131536: receive requestVote(ELECTION, omNode-2, group-523986131536, 1, (t:0, i:~))
2021-10-17 01:34:11,069 [grpc-default-executor-5] INFO  server.RaftServer$Division (RaftServerImpl.java:requestVote(1043)) - omNode-1@group-523986131536: receive requestVote(ELECTION, omNode-3, group-523986131536, 1, (t:0, i:~))
2021-10-17 01:34:11,071 [grpc-default-executor-0] INFO  impl.VoteContext (VoteContext.java:log(48)) - omNode-1@group-523986131536-CANDIDATE: reject ELECTION from omNode-2: already has voted for omNode-1 at current term 1
2021-10-17 01:34:11,078 [grpc-default-executor-0] INFO  server.RaftServer$Division (RaftServerImpl.java:requestVote(1075)) - omNode-1@group-523986131536 replies to ELECTION vote request: omNode-2<-omNode-1#0:FAIL-t1. Peer's state: omNode-1@group-523986131536:t1, leader=null, voted=omNode-1, raftlog=omNode-1@group-523986131536-SegmentedRaftLog:OPENED:c-1,f-1,i0, conf=-1: [omNode-3|rpc:localhost:11188|priority:0, omNode-1|rpc:localhost:11176|priority:0, omNode-2|rpc:localhost:11182|priority:0], old=null
2021-10-17 01:34:11,074 [grpc-default-executor-2] INFO  impl.VoteContext (VoteContext.java:log(48)) - omNode-2@group-523986131536-CANDIDATE: reject ELECTION from omNode-3: already has voted for omNode-2 at current term 1
2021-10-17 01:34:11,078 [grpc-default-executor-4] INFO  server.RaftServer$Division (RaftServerImpl.java:requestVote(1043)) - omNode-2@group-523986131536: receive requestVote(ELECTION, omNode-1, group-523986131536, 1, (t:0, i:~))
2021-10-17 01:34:11,071 [grpc-default-executor-3] INFO  impl.VoteContext (VoteContext.java:log(48)) - omNode-3@group-523986131536-CANDIDATE: reject ELECTION from omNode-1: already has voted for omNode-3 at current term 1
2021-10-17 01:34:11,080 [grpc-default-executor-2] INFO  server.RaftServer$Division (RaftServerImpl.java:requestVote(1075)) - omNode-2@group-523986131536 replies to ELECTION vote request: omNode-3<-omNode-2#0:FAIL-t1. Peer's state: omNode-2@group-523986131536:t1, leader=null, voted=omNode-2, raftlog=omNode-2@group-523986131536-SegmentedRaftLog:OPENED:c-1,f-1,i0, conf=-1: [omNode-3|rpc:localhost:11188|priority:0, omNode-1|rpc:localhost:11176|priority:0, omNode-2|rpc:localhost:11182|priority:0], old=null
2021-10-17 01:34:11,080 [grpc-default-executor-3] INFO  server.RaftServer$Division (RaftServerImpl.java:requestVote(1075)) - omNode-3@group-523986131536 replies to ELECTION vote request: omNode-1<-omNode-3#0:FAIL-t1. Peer's state: omNode-3@group-523986131536:t1, leader=null, voted=omNode-3, raftlog=omNode-3@group-523986131536-SegmentedRaftLog:OPENED:c-1,f-1,i0, conf=-1: [omNode-3|rpc:localhost:11188|priority:0, omNode-1|rpc:localhost:11176|priority:0, omNode-2|rpc:localhost:11182|priority:0], old=null
2021-10-17 01:34:11,080 [grpc-default-executor-4] INFO  impl.VoteContext (VoteContext.java:log(48)) - omNode-2@group-523986131536-CANDIDATE: reject ELECTION from omNode-1: already has voted for omNode-2 at current term 1
2021-10-17 01:34:11,080 [grpc-default-executor-4] INFO  server.RaftServer$Division (RaftServerImpl.java:requestVote(1075)) - omNode-2@group-523986131536 replies to ELECTION vote request: omNode-1<-omNode-2#0:FAIL-t1. Peer's state: omNode-2@group-523986131536:t1, leader=null, voted=omNode-2, raftlog=omNode-2@group-523986131536-SegmentedRaftLog:OPENED:c-1,f-1,i0, conf=-1: [omNode-3|rpc:localhost:11188|priority:0, omNode-1|rpc:localhost:11176|priority:0, omNode-2|rpc:localhost:11182|priority:0], old=null
2021-10-17 01:34:11,080 [grpc-default-executor-1] INFO  impl.VoteContext (VoteContext.java:log(48)) - omNode-3@group-523986131536-CANDIDATE: reject ELECTION from omNode-2: already has voted for omNode-3 at current term 1
2021-10-17 01:34:11,080 [grpc-default-executor-1] INFO  server.RaftServer$Division (RaftServerImpl.java:requestVote(1075)) - omNode-3@group-523986131536 replies to ELECTION vote request: omNode-2<-omNode-3#0:FAIL-t1. Peer's state: omNode-3@group-523986131536:t1, leader=null, voted=omNode-3, raftlog=omNode-3@group-523986131536-SegmentedRaftLog:OPENED:c-1,f-1,i0, conf=-1: [omNode-3|rpc:localhost:11188|priority:0, omNode-1|rpc:localhost:11176|priority:0, omNode-2|rpc:localhost:11182|priority:0], old=null
2021-10-17 01:34:11,087 [grpc-default-executor-5] INFO  impl.VoteContext (VoteContext.java:log(48)) - omNode-1@group-523986131536-CANDIDATE: reject ELECTION from omNode-3: already has voted for omNode-1 at current term 1
2021-10-17 01:34:11,087 [grpc-default-executor-5] INFO  server.RaftServer$Division (RaftServerImpl.java:requestVote(1075)) - omNode-1@group-523986131536 replies to ELECTION vote request: omNode-3<-omNode-1#0:FAIL-t1. Peer's state: omNode-1@group-523986131536:t1, leader=null, voted=omNode-1, raftlog=omNode-1@group-523986131536-SegmentedRaftLog:OPENED:c-1,f-1,i0, conf=-1: [omNode-3|rpc:localhost:11188|priority:0, omNode-1|rpc:localhost:11176|priority:0, omNode-2|rpc:localhost:11182|priority:0], old=null
2021-10-17 01:34:11,109 [Listener at 127.0.0.1/11184] INFO  handler.ContextHandler (ContextHandler.java:doStart(915)) - Started o.e.j.w.WebAppContext@453e8239{hddsDatanode,/,file:///tmp/jetty-0_0_0_0-44403-hdds-container-service-1_2_0-SNAPSHOT_jar-_-any-6405042300439084171/webapp/,AVAILABLE}{jar:file:/home/runner/.m2/repository/org/apache/ozone/hdds-container-service/1.2.0-SNAPSHOT/hdds-container-service-1.2.0-SNAPSHOT.jar!/webapps/hddsDatanode}
2021-10-17 01:34:11,114 [Listener at 127.0.0.1/11184] INFO  server.AbstractConnector (AbstractConnector.java:doStart(331)) - Started ServerConnector@4ead07c1{HTTP/1.1, (http/1.1)}{0.0.0.0:44403}
2021-10-17 01:34:11,114 [Listener at 127.0.0.1/11184] INFO  server.Server (Server.java:doStart(415)) - Started @7837ms
2021-10-17 01:34:11,114 [omNode-2@group-523986131536-LeaderElection2] INFO  impl.LeaderElection (LeaderElection.java:logAndReturn(89)) - omNode-2@group-523986131536-LeaderElection2: ELECTION REJECTED received 2 response(s) and 0 exception(s):
2021-10-17 01:34:11,114 [omNode-2@group-523986131536-LeaderElection2] INFO  impl.LeaderElection (LeaderElection.java:logAndReturn(93)) -   Response 0: omNode-2<-omNode-3#0:FAIL-t1
2021-10-17 01:34:11,114 [omNode-2@group-523986131536-LeaderElection2] INFO  impl.LeaderElection (LeaderElection.java:logAndReturn(93)) -   Response 1: omNode-2<-omNode-1#0:FAIL-t1
2021-10-17 01:34:11,114 [Listener at 127.0.0.1/11184] WARN  impl.MetricsSystemImpl (MetricsSystemImpl.java:register(279)) - Sink prometheus already exists!
2021-10-17 01:34:11,115 [omNode-1@group-523986131536-LeaderElection1] INFO  impl.LeaderElection (LeaderElection.java:logAndReturn(89)) - omNode-1@group-523986131536-LeaderElection1: ELECTION REJECTED received 2 response(s) and 0 exception(s):
2021-10-17 01:34:11,114 [omNode-2@group-523986131536-LeaderElection2] INFO  impl.LeaderElection (LeaderElection.java:askForVotes(308)) - omNode-2@group-523986131536-LeaderElection2 ELECTION round 0: result REJECTED
2021-10-17 01:34:11,120 [omNode-1@group-523986131536-LeaderElection1] INFO  impl.LeaderElection (LeaderElection.java:logAndReturn(93)) -   Response 0: omNode-1<-omNode-3#0:FAIL-t1
2021-10-17 01:34:11,120 [omNode-1@group-523986131536-LeaderElection1] INFO  impl.LeaderElection (LeaderElection.java:logAndReturn(93)) -   Response 1: omNode-1<-omNode-2#0:FAIL-t1
2021-10-17 01:34:11,120 [omNode-1@group-523986131536-LeaderElection1] INFO  impl.LeaderElection (LeaderElection.java:askForVotes(308)) - omNode-1@group-523986131536-LeaderElection1 ELECTION round 0: result REJECTED
2021-10-17 01:34:11,121 [Listener at 127.0.0.1/11184] INFO  http.BaseHttpServer (BaseHttpServer.java:updateConnectorAddress(329)) - HTTP server of hddsDatanode listening at http://0.0.0.0:44403
2021-10-17 01:34:11,122 [omNode-3@group-523986131536-LeaderElection3] INFO  impl.LeaderElection (LeaderElection.java:logAndReturn(89)) - omNode-3@group-523986131536-LeaderElection3: ELECTION REJECTED received 2 response(s) and 0 exception(s):
2021-10-17 01:34:11,122 [omNode-2@group-523986131536-LeaderElection2] INFO  server.RaftServer$Division (RaftServerImpl.java:setRole(285)) - omNode-2@group-523986131536: changes role from CANDIDATE to FOLLOWER at term 1 for REJECTED
2021-10-17 01:34:11,122 [omNode-3@group-523986131536-LeaderElection3] INFO  impl.LeaderElection (LeaderElection.java:logAndReturn(93)) -   Response 0: omNode-3<-omNode-1#0:FAIL-t1
2021-10-17 01:34:11,122 [omNode-1@group-523986131536-LeaderElection1] INFO  server.RaftServer$Division (RaftServerImpl.java:setRole(285)) - omNode-1@group-523986131536: changes role from CANDIDATE to FOLLOWER at term 1 for REJECTED
2021-10-17 01:34:11,122 [omNode-1@group-523986131536-LeaderElection1] INFO  impl.RoleInfo (RoleInfo.java:shutdownLeaderElection(121)) - omNode-1: shutdown omNode-1@group-523986131536-LeaderElection1
2021-10-17 01:34:11,122 [omNode-2@group-523986131536-LeaderElection2] INFO  impl.RoleInfo (RoleInfo.java:shutdownLeaderElection(121)) - omNode-2: shutdown omNode-2@group-523986131536-LeaderElection2
2021-10-17 01:34:11,122 [omNode-1@group-523986131536-LeaderElection1] INFO  impl.RoleInfo (RoleInfo.java:updateAndGet(130)) - omNode-1: start omNode-1@group-523986131536-FollowerState
2021-10-17 01:34:11,122 [omNode-3@group-523986131536-LeaderElection3] INFO  impl.LeaderElection (LeaderElection.java:logAndReturn(93)) -   Response 1: omNode-3<-omNode-2#0:FAIL-t1
2021-10-17 01:34:11,122 [omNode-2@group-523986131536-LeaderElection2] INFO  impl.RoleInfo (RoleInfo.java:updateAndGet(130)) - omNode-2: start omNode-2@group-523986131536-FollowerState
2021-10-17 01:34:11,126 [omNode-3@group-523986131536-LeaderElection3] INFO  impl.LeaderElection (LeaderElection.java:askForVotes(308)) - omNode-3@group-523986131536-LeaderElection3 ELECTION round 0: result REJECTED
2021-10-17 01:34:11,126 [Datanode State Machine Thread - 0] INFO  statemachine.DatanodeStateMachine (DatanodeStateMachine.java:lambda$startDaemon$0(463)) - Ozone container server started.
2021-10-17 01:34:11,126 [Listener at 127.0.0.1/11184] WARN  impl.MetricRegistriesImpl (MetricRegistriesImpl.java:addReporterRegistration(111)) - New reporters are added after registries were created. Some metrics will be missing from the reporter. Please add reporter before adding any new registry.
2021-10-17 01:34:11,130 [Listener at 127.0.0.1/11184] WARN  impl.MetricRegistriesImpl (MetricRegistriesImpl.java:addReporterRegistration(111)) - New reporters are added after registries were created. Some metrics will be missing from the reporter. Please add reporter before adding any new registry.
2021-10-17 01:34:11,131 [Listener at 127.0.0.1/11184] INFO  impl.MetricsSystemImpl (MetricsSystemImpl.java:init(158)) - HddsDatanode metrics system started (again)
2021-10-17 01:34:11,126 [omNode-3@group-523986131536-LeaderElection3] INFO  server.RaftServer$Division (RaftServerImpl.java:setRole(285)) - omNode-3@group-523986131536: changes role from CANDIDATE to FOLLOWER at term 1 for REJECTED
2021-10-17 01:34:11,131 [omNode-3@group-523986131536-LeaderElection3] INFO  impl.RoleInfo (RoleInfo.java:shutdownLeaderElection(121)) - omNode-3: shutdown omNode-3@group-523986131536-LeaderElection3
2021-10-17 01:34:11,131 [omNode-3@group-523986131536-LeaderElection3] INFO  impl.RoleInfo (RoleInfo.java:updateAndGet(130)) - omNode-3: start omNode-3@group-523986131536-FollowerState
2021-10-17 01:34:11,145 [Listener at 127.0.0.1/11184] INFO  ozone.HddsDatanodeService (HddsDatanodeService.java:start(234)) - HddsDatanodeService host:fv-az151-444.yf2hydr00wburbhx3j5hxtcipe.bx.internal.cloudapp.net ip:10.1.0.12
2021-10-17 01:34:11,161 [org.apache.hadoop.util.JvmPauseMonitor$Monitor@663a4f90] INFO  util.JvmPauseMonitor (JvmPauseMonitor.java:run(188)) - Starting JVM pause monitor
2021-10-17 01:34:11,170 [Listener at 127.0.0.1/11184] INFO  upgrade.AbstractLayoutVersionManager (AbstractLayoutVersionManager.java:init(79)) - Initializing Layout version manager with metadata layout = SCM_HA (version = 2), software layout = SCM_HA (version = 2)
2021-10-17 01:34:11,179 [Datanode State Machine Task Thread - 0] INFO  datanode.InitDatanodeState (InitDatanodeState.java:persistContainerDatanodeDetails(145)) - DatanodeDetails is persisted to /home/runner/work/ozone/ozone/hadoop-ozone/integration-test/target/test-dir/MiniOzoneClusterImpl-e6b5673d-0e05-4a61-970a-b11d77d0bde6/datanode-1/meta/datanode.id
2021-10-17 01:34:11,216 [Listener at 127.0.0.1/11184] INFO  reflections.Reflections (Reflections.java:scan(232)) - Reflections took 43 ms to scan 7 urls, producing 119 keys and 278 values 
2021-10-17 01:34:11,220 [Listener at 127.0.0.1/11184] INFO  volume.HddsVolume (HddsVolume.java:<init>(120)) - Creating HddsVolume: /home/runner/work/ozone/ozone/hadoop-ozone/integration-test/target/test-dir/MiniOzoneClusterImpl-e6b5673d-0e05-4a61-970a-b11d77d0bde6/datanode-2/data-0/containers/hdds of storage type : DISK capacity : 9223372036854775807
2021-10-17 01:34:11,221 [Listener at 127.0.0.1/11184] INFO  volume.MutableVolumeSet (MutableVolumeSet.java:initializeVolumeSet(168)) - Added Volume : /home/runner/work/ozone/ozone/hadoop-ozone/integration-test/target/test-dir/MiniOzoneClusterImpl-e6b5673d-0e05-4a61-970a-b11d77d0bde6/datanode-2/data-0/containers/hdds to VolumeSet
2021-10-17 01:34:11,221 [Listener at 127.0.0.1/11184] INFO  volume.ThrottledAsyncChecker (ThrottledAsyncChecker.java:schedule(141)) - Scheduling a check for /home/runner/work/ozone/ozone/hadoop-ozone/integration-test/target/test-dir/MiniOzoneClusterImpl-e6b5673d-0e05-4a61-970a-b11d77d0bde6/datanode-2/data-0/containers/hdds
2021-10-17 01:34:11,222 [Listener at 127.0.0.1/11184] INFO  volume.StorageVolumeChecker (StorageVolumeChecker.java:checkAllVolumes(202)) - Scheduled health check for volume /home/runner/work/ozone/ozone/hadoop-ozone/integration-test/target/test-dir/MiniOzoneClusterImpl-e6b5673d-0e05-4a61-970a-b11d77d0bde6/datanode-2/data-0/containers/hdds
2021-10-17 01:34:11,236 [Listener at 127.0.0.1/11184] INFO  volume.MutableVolumeSet (MutableVolumeSet.java:initializeVolumeSet(168)) - Added Volume : /home/runner/work/ozone/ozone/hadoop-ozone/integration-test/target/test-dir/MiniOzoneClusterImpl-e6b5673d-0e05-4a61-970a-b11d77d0bde6/datanode-2/data/ratis to VolumeSet
2021-10-17 01:34:11,236 [Listener at 127.0.0.1/11184] INFO  volume.ThrottledAsyncChecker (ThrottledAsyncChecker.java:schedule(141)) - Scheduling a check for /home/runner/work/ozone/ozone/hadoop-ozone/integration-test/target/test-dir/MiniOzoneClusterImpl-e6b5673d-0e05-4a61-970a-b11d77d0bde6/datanode-2/data/ratis
2021-10-17 01:34:11,237 [Listener at 127.0.0.1/11184] INFO  volume.StorageVolumeChecker (StorageVolumeChecker.java:checkAllVolumes(202)) - Scheduled health check for volume /home/runner/work/ozone/ozone/hadoop-ozone/integration-test/target/test-dir/MiniOzoneClusterImpl-e6b5673d-0e05-4a61-970a-b11d77d0bde6/datanode-2/data/ratis
2021-10-17 01:34:11,250 [Thread-251] INFO  ozoneimpl.ContainerReader (ContainerReader.java:readVolume(172)) - Finish verifying containers on volume /home/runner/work/ozone/ozone/hadoop-ozone/integration-test/target/test-dir/MiniOzoneClusterImpl-e6b5673d-0e05-4a61-970a-b11d77d0bde6/datanode-2/data-0/containers/hdds
2021-10-17 01:34:11,250 [Listener at 127.0.0.1/11184] INFO  ozoneimpl.OzoneContainer (OzoneContainer.java:buildContainerSet(236)) - Build ContainerSet costs 0s
2021-10-17 01:34:11,253 [Listener at 127.0.0.1/11184] INFO  server.RaftServer (ConfUtils.java:logGet(44)) - raft.rpc.type = GRPC (default)
2021-10-17 01:34:11,254 [Listener at 127.0.0.1/11184] INFO  grpc.GrpcFactory (GrpcFactory.java:checkPooledByteBufAllocatorUseCacheForAllThreads(48)) - PERFORMANCE WARNING: useCacheForAllThreads is true that may cause Netty to create a lot garbage objects and, as a result, trigger GC.
	It is recommended to disable useCacheForAllThreads by setting -Dorg.apache.ratis.thirdparty.io.netty.allocator.useCacheForAllThreads=false in command line.
2021-10-17 01:34:11,254 [Listener at 127.0.0.1/11184] INFO  grpc.GrpcConfigKeys (ConfUtils.java:logGet(44)) - raft.grpc.admin.port = 0 (custom)
2021-10-17 01:34:11,254 [Listener at 127.0.0.1/11184] INFO  grpc.GrpcConfigKeys (ConfUtils.java:logGet(44)) - raft.grpc.client.port = 0 (custom)
2021-10-17 01:34:11,254 [Listener at 127.0.0.1/11184] INFO  grpc.GrpcConfigKeys (ConfUtils.java:logGet(44)) - raft.grpc.server.port = 0 (default)
2021-10-17 01:34:11,254 [Listener at 127.0.0.1/11184] INFO  server.GrpcService (ConfUtils.java:logGet(44)) - raft.grpc.message.size.max = 32MB (=33554432) (custom)
2021-10-17 01:34:11,254 [Listener at 127.0.0.1/11184] INFO  server.RaftServerConfigKeys (ConfUtils.java:logGet(44)) - raft.server.log.appender.buffer.byte-limit = 33554432 (custom)
2021-10-17 01:34:11,254 [Listener at 127.0.0.1/11184] INFO  server.GrpcService (ConfUtils.java:logGet(44)) - raft.grpc.flow.control.window = 5MB (=5242880) (custom)
2021-10-17 01:34:11,254 [Listener at 127.0.0.1/11184] INFO  server.RaftServerConfigKeys (ConfUtils.java:logGet(44)) - raft.server.rpc.request.timeout = 60s (custom)
2021-10-17 01:34:11,255 [Listener at 127.0.0.1/11184] INFO  impl.DataStreamServerImpl (ConfUtils.java:logGet(44)) - raft.datastream.type = DISABLED (default)
2021-10-17 01:34:11,255 [Listener at 127.0.0.1/11184] INFO  server.RaftServerConfigKeys (ConfUtils.java:logGet(44)) - raft.server.rpc.slowness.timeout = 300s (custom)
2021-10-17 01:34:11,256 [Listener at 127.0.0.1/11184] INFO  server.RaftServerConfigKeys (ConfUtils.java:logGet(44)) - raft.server.leaderelection.leader.step-down.wait-time = 10s (default)
2021-10-17 01:34:11,256 [Listener at 127.0.0.1/11184] INFO  server.RaftServerConfigKeys (ConfUtils.java:logGet(44)) - raft.server.storage.dir = [/home/runner/work/ozone/ozone/hadoop-ozone/integration-test/target/test-dir/MiniOzoneClusterImpl-e6b5673d-0e05-4a61-970a-b11d77d0bde6/datanode-2/data/ratis] (custom)
2021-10-17 01:34:11,263 [Listener at 127.0.0.1/11184] INFO  http.BaseHttpServer (BaseHttpServer.java:newHttpServer2BuilderForOzone(209)) - Starting Web-server for hddsDatanode at: http://0.0.0.0:0
2021-10-17 01:34:11,263 [Listener at 127.0.0.1/11184] INFO  http.BaseHttpServer (BaseHttpServer.java:<init>(107)) - Hadoop Security Enabled: false Ozone Security Enabled: false Ozone HTTP Security Enabled: false 
2021-10-17 01:34:11,264 [Listener at 127.0.0.1/11184] INFO  server.AuthenticationFilter (AuthenticationFilter.java:constructSecretProvider(240)) - Unable to initialize FileSignerSecretProvider, falling back to use random secrets.
2021-10-17 01:34:11,265 [Listener at 127.0.0.1/11184] WARN  http.HttpRequestLog (HttpRequestLog.java:getRequestLog(103)) - Jetty request log can only be enabled using Log4j
2021-10-17 01:34:11,266 [Listener at 127.0.0.1/11184] INFO  http.HttpServer2 (HttpServer2.java:addGlobalFilter(1030)) - Added global filter 'safety' (class=org.apache.hadoop.hdds.server.http.HttpServer2$QuotingInputFilter)
2021-10-17 01:34:11,267 [Listener at 127.0.0.1/11184] INFO  http.HttpServer2 (HttpServer2.java:addFilter(1006)) - Added filter static_user_filter (class=org.apache.hadoop.http.lib.StaticUserWebFilter$StaticUserFilter) to context hddsDatanode
2021-10-17 01:34:11,267 [Listener at 127.0.0.1/11184] INFO  http.HttpServer2 (HttpServer2.java:addFilter(1014)) - Added filter static_user_filter (class=org.apache.hadoop.http.lib.StaticUserWebFilter$StaticUserFilter) to context static
2021-10-17 01:34:11,267 [Listener at 127.0.0.1/11184] INFO  http.HttpServer2 (HttpServer2.java:addFilter(1014)) - Added filter static_user_filter (class=org.apache.hadoop.http.lib.StaticUserWebFilter$StaticUserFilter) to context logs
2021-10-17 01:34:11,268 [Listener at 127.0.0.1/11184] INFO  http.HttpServer2 (HttpServer2.java:bindListener(1249)) - Jetty bound to port 46395
2021-10-17 01:34:11,268 [Listener at 127.0.0.1/11184] INFO  server.Server (Server.java:doStart(375)) - jetty-9.4.43.v20210629; built: 2021-06-30T11:07:22.254Z; git: 526006ecfa3af7f1a27ef3a288e2bef7ea9dd7e8; jvm 1.8.0_292-b10
2021-10-17 01:34:11,270 [Listener at 127.0.0.1/11184] INFO  server.session (DefaultSessionIdManager.java:doStart(334)) - DefaultSessionIdManager workerName=node0
2021-10-17 01:34:11,270 [Listener at 127.0.0.1/11184] INFO  server.session (DefaultSessionIdManager.java:doStart(339)) - No SessionScavenger set, using defaults
2021-10-17 01:34:11,270 [Listener at 127.0.0.1/11184] INFO  server.session (HouseKeeper.java:startScavenging(132)) - node0 Scavenging every 660000ms
2021-10-17 01:34:11,271 [Listener at 127.0.0.1/11184] INFO  handler.ContextHandler (ContextHandler.java:doStart(915)) - Started o.e.j.s.ServletContextHandler@1ce4f3ac{logs,/logs,file:///home/runner/work/ozone/ozone/hadoop-ozone/integration-test/target/log,AVAILABLE}
2021-10-17 01:34:11,271 [Listener at 127.0.0.1/11184] INFO  handler.ContextHandler (ContextHandler.java:doStart(915)) - Started o.e.j.s.ServletContextHandler@3cab5869{static,/static,jar:file:/home/runner/.m2/repository/org/apache/ozone/hdds-container-service/1.2.0-SNAPSHOT/hdds-container-service-1.2.0-SNAPSHOT.jar!/webapps/static,AVAILABLE}
2021-10-17 01:34:11,311 [Listener at 127.0.0.1/11184] INFO  handler.ContextHandler (ContextHandler.java:doStart(915)) - Started o.e.j.w.WebAppContext@5789d61d{hddsDatanode,/,file:///tmp/jetty-0_0_0_0-46395-hdds-container-service-1_2_0-SNAPSHOT_jar-_-any-5103147700527999883/webapp/,AVAILABLE}{jar:file:/home/runner/.m2/repository/org/apache/ozone/hdds-container-service/1.2.0-SNAPSHOT/hdds-container-service-1.2.0-SNAPSHOT.jar!/webapps/hddsDatanode}
2021-10-17 01:34:11,312 [Listener at 127.0.0.1/11184] INFO  server.AbstractConnector (AbstractConnector.java:doStart(331)) - Started ServerConnector@bca34d{HTTP/1.1, (http/1.1)}{0.0.0.0:46395}
2021-10-17 01:34:11,312 [Listener at 127.0.0.1/11184] INFO  server.Server (Server.java:doStart(415)) - Started @8035ms
2021-10-17 01:34:11,312 [Listener at 127.0.0.1/11184] WARN  impl.MetricsSystemImpl (MetricsSystemImpl.java:register(279)) - Sink prometheus already exists!
2021-10-17 01:34:11,313 [Listener at 127.0.0.1/11184] INFO  http.BaseHttpServer (BaseHttpServer.java:updateConnectorAddress(329)) - HTTP server of hddsDatanode listening at http://0.0.0.0:46395
2021-10-17 01:34:11,315 [Listener at 127.0.0.1/11184] INFO  ozone.MiniOzoneClusterImpl (MiniOzoneClusterImpl.java:lambda$waitForClusterToBeReady$0(235)) - Waiting for nodes to be ready. Got 0 of 3 DN Heartbeats.
2021-10-17 01:34:11,315 [Listener at 127.0.0.1/11184] INFO  ozone.MiniOzoneClusterImpl (MiniOzoneClusterImpl.java:lambda$waitForClusterToBeReady$0(238)) - Waiting for cluster to exit safe mode
2021-10-17 01:34:11,315 [Listener at 127.0.0.1/11184] INFO  ozone.MiniOzoneClusterImpl (MiniOzoneClusterImpl.java:lambda$waitForClusterToBeReady$0(240)) - SCM became leader
2021-10-17 01:34:11,315 [Datanode State Machine Thread - 0] INFO  statemachine.DatanodeStateMachine (DatanodeStateMachine.java:lambda$startDaemon$0(463)) - Ozone container server started.
2021-10-17 01:34:11,325 [org.apache.hadoop.util.JvmPauseMonitor$Monitor@6cbf0d0a] INFO  util.JvmPauseMonitor (JvmPauseMonitor.java:run(188)) - Starting JVM pause monitor
2021-10-17 01:34:11,326 [Datanode State Machine Task Thread - 0] INFO  datanode.InitDatanodeState (InitDatanodeState.java:persistContainerDatanodeDetails(145)) - DatanodeDetails is persisted to /home/runner/work/ozone/ozone/hadoop-ozone/integration-test/target/test-dir/MiniOzoneClusterImpl-e6b5673d-0e05-4a61-970a-b11d77d0bde6/datanode-2/meta/datanode.id
2021-10-17 01:34:12,149 [omNode-1@group-523986131536-FollowerState] INFO  impl.FollowerState (FollowerState.java:run(134)) - omNode-1@group-523986131536-FollowerState: change to CANDIDATE, lastRpcElapsedTime:1026394420ns, electionTimeout:1024ms
2021-10-17 01:34:12,149 [omNode-1@group-523986131536-FollowerState] INFO  impl.RoleInfo (RoleInfo.java:shutdownFollowerState(108)) - omNode-1: shutdown omNode-1@group-523986131536-FollowerState
2021-10-17 01:34:12,149 [omNode-1@group-523986131536-FollowerState] INFO  server.RaftServer$Division (RaftServerImpl.java:setRole(285)) - omNode-1@group-523986131536: changes role from  FOLLOWER to CANDIDATE at term 1 for changeToCandidate
2021-10-17 01:34:12,164 [omNode-1@group-523986131536-FollowerState] INFO  server.RaftServerConfigKeys (ConfUtils.java:logGet(44)) - raft.server.leaderelection.pre-vote = false (custom)
2021-10-17 01:34:12,164 [omNode-1@group-523986131536-FollowerState] INFO  impl.RoleInfo (RoleInfo.java:updateAndGet(130)) - omNode-1: start omNode-1@group-523986131536-LeaderElection4
2021-10-17 01:34:12,167 [omNode-1@group-523986131536-LeaderElection4] INFO  impl.LeaderElection (LeaderElection.java:askForVotes(306)) - omNode-1@group-523986131536-LeaderElection4 ELECTION round 0: submit vote requests at term 2 for -1: [omNode-3|rpc:localhost:11188|priority:0, omNode-1|rpc:localhost:11176|priority:0, omNode-2|rpc:localhost:11182|priority:0], old=null
2021-10-17 01:34:12,174 [grpc-default-executor-2] INFO  server.RaftServer$Division (RaftServerImpl.java:requestVote(1043)) - omNode-2@group-523986131536: receive requestVote(ELECTION, omNode-1, group-523986131536, 2, (t:0, i:~))
2021-10-17 01:34:12,175 [grpc-default-executor-2] INFO  impl.VoteContext (VoteContext.java:log(48)) - omNode-2@group-523986131536-FOLLOWER: accept ELECTION from omNode-1: our priority 0 <= candidate's priority 0
2021-10-17 01:34:12,175 [grpc-default-executor-2] INFO  server.RaftServer$Division (RaftServerImpl.java:setRole(285)) - omNode-2@group-523986131536: changes role from  FOLLOWER to FOLLOWER at term 2 for candidate:omNode-1
2021-10-17 01:34:12,176 [grpc-default-executor-2] INFO  impl.RoleInfo (RoleInfo.java:shutdownFollowerState(108)) - omNode-2: shutdown omNode-2@group-523986131536-FollowerState
2021-10-17 01:34:12,176 [grpc-default-executor-2] INFO  impl.RoleInfo (RoleInfo.java:updateAndGet(130)) - omNode-2: start omNode-2@group-523986131536-FollowerState
2021-10-17 01:34:12,176 [omNode-2@group-523986131536-FollowerState] INFO  impl.FollowerState (FollowerState.java:run(143)) - omNode-2@group-523986131536-FollowerState was interrupted: {}
java.lang.InterruptedException: sleep interrupted
	at java.lang.Thread.sleep(Native Method)
	at java.lang.Thread.sleep(Thread.java:340)
	at java.util.concurrent.TimeUnit.sleep(TimeUnit.java:386)
	at org.apache.ratis.util.TimeDuration.sleep(TimeDuration.java:324)
	at org.apache.ratis.util.TimeDuration.sleep(TimeDuration.java:309)
	at org.apache.ratis.server.impl.FollowerState.run(FollowerState.java:118)
2021-10-17 01:34:12,178 [grpc-default-executor-3] INFO  server.RaftServer$Division (RaftServerImpl.java:requestVote(1043)) - omNode-3@group-523986131536: receive requestVote(ELECTION, omNode-1, group-523986131536, 2, (t:0, i:~))
2021-10-17 01:34:12,178 [grpc-default-executor-3] INFO  impl.VoteContext (VoteContext.java:log(48)) - omNode-3@group-523986131536-FOLLOWER: accept ELECTION from omNode-1: our priority 0 <= candidate's priority 0
2021-10-17 01:34:12,179 [grpc-default-executor-3] INFO  server.RaftServer$Division (RaftServerImpl.java:setRole(285)) - omNode-3@group-523986131536: changes role from  FOLLOWER to FOLLOWER at term 2 for candidate:omNode-1
2021-10-17 01:34:12,179 [grpc-default-executor-3] INFO  impl.RoleInfo (RoleInfo.java:shutdownFollowerState(108)) - omNode-3: shutdown omNode-3@group-523986131536-FollowerState
2021-10-17 01:34:12,179 [grpc-default-executor-3] INFO  impl.RoleInfo (RoleInfo.java:updateAndGet(130)) - omNode-3: start omNode-3@group-523986131536-FollowerState
2021-10-17 01:34:12,180 [omNode-3@group-523986131536-FollowerState] INFO  impl.FollowerState (FollowerState.java:run(143)) - omNode-3@group-523986131536-FollowerState was interrupted: {}
java.lang.InterruptedException: sleep interrupted
	at java.lang.Thread.sleep(Native Method)
	at java.lang.Thread.sleep(Thread.java:340)
	at java.util.concurrent.TimeUnit.sleep(TimeUnit.java:386)
	at org.apache.ratis.util.TimeDuration.sleep(TimeDuration.java:324)
	at org.apache.ratis.util.TimeDuration.sleep(TimeDuration.java:309)
	at org.apache.ratis.server.impl.FollowerState.run(FollowerState.java:118)
2021-10-17 01:34:12,188 [grpc-default-executor-2] INFO  server.RaftServer$Division (RaftServerImpl.java:requestVote(1075)) - omNode-2@group-523986131536 replies to ELECTION vote request: omNode-1<-omNode-2#0:OK-t2. Peer's state: omNode-2@group-523986131536:t2, leader=null, voted=omNode-1, raftlog=omNode-2@group-523986131536-SegmentedRaftLog:OPENED:c-1,f-1,i0, conf=-1: [omNode-3|rpc:localhost:11188|priority:0, omNode-1|rpc:localhost:11176|priority:0, omNode-2|rpc:localhost:11182|priority:0], old=null
2021-10-17 01:34:12,188 [grpc-default-executor-3] INFO  server.RaftServer$Division (RaftServerImpl.java:requestVote(1075)) - omNode-3@group-523986131536 replies to ELECTION vote request: omNode-1<-omNode-3#0:OK-t2. Peer's state: omNode-3@group-523986131536:t2, leader=null, voted=omNode-1, raftlog=omNode-3@group-523986131536-SegmentedRaftLog:OPENED:c-1,f-1,i0, conf=-1: [omNode-3|rpc:localhost:11188|priority:0, omNode-1|rpc:localhost:11176|priority:0, omNode-2|rpc:localhost:11182|priority:0], old=null
2021-10-17 01:34:12,192 [omNode-1@group-523986131536-LeaderElection4] INFO  impl.LeaderElection (LeaderElection.java:logAndReturn(89)) - omNode-1@group-523986131536-LeaderElection4: ELECTION PASSED received 1 response(s) and 0 exception(s):
2021-10-17 01:34:12,192 [omNode-1@group-523986131536-LeaderElection4] INFO  impl.LeaderElection (LeaderElection.java:logAndReturn(93)) -   Response 0: omNode-1<-omNode-2#0:OK-t2
2021-10-17 01:34:12,192 [omNode-1@group-523986131536-LeaderElection4] INFO  impl.LeaderElection (LeaderElection.java:askForVotes(308)) - omNode-1@group-523986131536-LeaderElection4 ELECTION round 0: result PASSED
2021-10-17 01:34:12,192 [omNode-1@group-523986131536-LeaderElection4] INFO  impl.RoleInfo (RoleInfo.java:shutdownLeaderElection(121)) - omNode-1: shutdown omNode-1@group-523986131536-LeaderElection4
2021-10-17 01:34:12,192 [omNode-1@group-523986131536-LeaderElection4] INFO  server.RaftServer$Division (RaftServerImpl.java:setRole(285)) - omNode-1@group-523986131536: changes role from CANDIDATE to LEADER at term 2 for changeToLeader
2021-10-17 01:34:12,192 [omNode-1@group-523986131536-LeaderElection4] INFO  server.RaftServer$Division (ServerState.java:setLeader(285)) - omNode-1@group-523986131536: change Leader from null to omNode-1 at term 2 for becomeLeader, leader elected after 3429ms
2021-10-17 01:34:12,198 [omNode-1@group-523986131536-LeaderElection4] INFO  server.RaftServerConfigKeys (ConfUtils.java:logGet(44)) - raft.server.staging.catchup.gap = 1000 (default)
2021-10-17 01:34:12,203 [omNode-1@group-523986131536-LeaderElection4] INFO  server.RaftServerConfigKeys (ConfUtils.java:logGet(44)) - raft.server.write.element-limit = 4096 (default)
2021-10-17 01:34:12,203 [omNode-1@group-523986131536-LeaderElection4] INFO  server.RaftServerConfigKeys (ConfUtils.java:logGet(44)) - raft.server.write.byte-limit = 64MB (=67108864) (default)
2021-10-17 01:34:12,209 [omNode-1@group-523986131536-LeaderElection4] INFO  server.RaftServerConfigKeys (ConfUtils.java:logGet(44)) - raft.server.watch.timeout = 10s (default)
2021-10-17 01:34:12,209 [omNode-1@group-523986131536-LeaderElection4] INFO  server.RaftServerConfigKeys (ConfUtils.java:logGet(44)) - raft.server.watch.timeout.denomination = 1s (default)
2021-10-17 01:34:12,210 [omNode-1@group-523986131536-LeaderElection4] INFO  server.RaftServerConfigKeys (ConfUtils.java:logGet(44)) - raft.server.watch.element-limit = 65536 (default)
2021-10-17 01:34:12,219 [omNode-1@group-523986131536-LeaderElection4] INFO  server.RaftServerConfigKeys (ConfUtils.java:logGet(44)) - raft.server.log.appender.snapshot.chunk.size.max = 16MB (=16777216) (default)
2021-10-17 01:34:12,219 [omNode-1@group-523986131536-LeaderElection4] INFO  server.RaftServerConfigKeys (ConfUtils.java:logGet(44)) - raft.server.log.appender.buffer.byte-limit = 33554432 (custom)
2021-10-17 01:34:12,220 [omNode-1@group-523986131536-LeaderElection4] INFO  server.RaftServerConfigKeys (ConfUtils.java:logGet(44)) - raft.server.log.appender.buffer.element-limit = 1024 (custom)
2021-10-17 01:34:12,222 [omNode-1@group-523986131536-LeaderElection4] INFO  grpc.GrpcConfigKeys (ConfUtils.java:logGet(44)) - raft.grpc.server.leader.outstanding.appends.max = 128 (default)
2021-10-17 01:34:12,222 [omNode-1@group-523986131536-LeaderElection4] INFO  server.RaftServerConfigKeys (ConfUtils.java:logGet(44)) - raft.server.rpc.request.timeout = 3000ms (default)
2021-10-17 01:34:12,222 [omNode-1@group-523986131536-LeaderElection4] INFO  server.RaftServerConfigKeys (ConfUtils.java:logGet(44)) - raft.server.log.appender.install.snapshot.enabled = false (custom)
2021-10-17 01:34:12,230 [omNode-1@group-523986131536-LeaderElection4] INFO  server.RaftServerConfigKeys (ConfUtils.java:logGet(44)) - raft.server.log.appender.snapshot.chunk.size.max = 16MB (=16777216) (default)
2021-10-17 01:34:12,230 [omNode-1@group-523986131536-LeaderElection4] INFO  server.RaftServerConfigKeys (ConfUtils.java:logGet(44)) - raft.server.log.appender.buffer.byte-limit = 33554432 (custom)
2021-10-17 01:34:12,230 [omNode-1@group-523986131536-LeaderElection4] INFO  server.RaftServerConfigKeys (ConfUtils.java:logGet(44)) - raft.server.log.appender.buffer.element-limit = 1024 (custom)
2021-10-17 01:34:12,230 [omNode-1@group-523986131536-LeaderElection4] INFO  grpc.GrpcConfigKeys (ConfUtils.java:logGet(44)) - raft.grpc.server.leader.outstanding.appends.max = 128 (default)
2021-10-17 01:34:12,230 [omNode-1@group-523986131536-LeaderElection4] INFO  server.RaftServerConfigKeys (ConfUtils.java:logGet(44)) - raft.server.rpc.request.timeout = 3000ms (default)
2021-10-17 01:34:12,230 [omNode-1@group-523986131536-LeaderElection4] INFO  server.RaftServerConfigKeys (ConfUtils.java:logGet(44)) - raft.server.log.appender.install.snapshot.enabled = false (custom)
2021-10-17 01:34:12,233 [omNode-1@group-523986131536-LeaderElection4] INFO  impl.RoleInfo (RoleInfo.java:updateAndGet(130)) - omNode-1: start omNode-1@group-523986131536-LeaderStateImpl
2021-10-17 01:34:12,251 [omNode-1@group-523986131536-LeaderElection4] INFO  segmented.SegmentedRaftLogWorker (SegmentedRaftLogWorker.java:startLogSegment(394)) - omNode-1@group-523986131536-SegmentedRaftLogWorker: Starting segment from index:0
2021-10-17 01:34:12,313 [omNode-1@group-523986131536-LeaderElection4] INFO  server.RaftServer$Division (ServerState.java:setRaftConf(387)) - omNode-1@group-523986131536: set configuration 0: [omNode-3|rpc:localhost:11188|admin:|client:|dataStream:|priority:0, omNode-1|rpc:localhost:11176|admin:|client:|dataStream:|priority:0, omNode-2|rpc:localhost:11182|admin:|client:|dataStream:|priority:0], old=null
2021-10-17 01:34:12,316 [Listener at 127.0.0.1/11184] INFO  ozone.MiniOzoneClusterImpl (MiniOzoneClusterImpl.java:lambda$waitForClusterToBeReady$0(235)) - Waiting for nodes to be ready. Got 0 of 3 DN Heartbeats.
2021-10-17 01:34:12,316 [Listener at 127.0.0.1/11184] INFO  ozone.MiniOzoneClusterImpl (MiniOzoneClusterImpl.java:lambda$waitForClusterToBeReady$0(238)) - Waiting for cluster to exit safe mode
2021-10-17 01:34:12,322 [Listener at 127.0.0.1/11184] INFO  ozone.MiniOzoneClusterImpl (MiniOzoneClusterImpl.java:lambda$waitForClusterToBeReady$0(240)) - SCM became leader
2021-10-17 01:34:12,402 [grpc-default-executor-2] INFO  server.RaftServer$Division (ServerState.java:setLeader(285)) - omNode-2@group-523986131536: change Leader from null to omNode-1 at term 2 for appendEntries, leader elected after 3151ms
2021-10-17 01:34:12,404 [grpc-default-executor-3] INFO  server.RaftServer$Division (ServerState.java:setLeader(285)) - omNode-3@group-523986131536: change Leader from null to omNode-1 at term 2 for appendEntries, leader elected after 2857ms
2021-10-17 01:34:12,427 [grpc-default-executor-3] INFO  server.RaftServer$Division (ServerState.java:setRaftConf(387)) - omNode-3@group-523986131536: set configuration 0: [omNode-3|rpc:localhost:11188|admin:|client:|dataStream:|priority:0, omNode-1|rpc:localhost:11176|admin:|client:|dataStream:|priority:0, omNode-2|rpc:localhost:11182|admin:|client:|dataStream:|priority:0], old=null
2021-10-17 01:34:12,427 [grpc-default-executor-3] INFO  segmented.SegmentedRaftLogWorker (SegmentedRaftLogWorker.java:startLogSegment(394)) - omNode-3@group-523986131536-SegmentedRaftLogWorker: Starting segment from index:0
2021-10-17 01:34:12,436 [grpc-default-executor-2] INFO  server.RaftServer$Division (ServerState.java:setRaftConf(387)) - omNode-2@group-523986131536: set configuration 0: [omNode-3|rpc:localhost:11188|admin:|client:|dataStream:|priority:0, omNode-1|rpc:localhost:11176|admin:|client:|dataStream:|priority:0, omNode-2|rpc:localhost:11182|admin:|client:|dataStream:|priority:0], old=null
2021-10-17 01:34:12,436 [grpc-default-executor-2] INFO  segmented.SegmentedRaftLogWorker (SegmentedRaftLogWorker.java:startLogSegment(394)) - omNode-2@group-523986131536-SegmentedRaftLogWorker: Starting segment from index:0
2021-10-17 01:34:12,474 [omNode-1@group-523986131536-SegmentedRaftLogWorker] INFO  segmented.SegmentedRaftLogWorker (SegmentedRaftLogWorker.java:execute(601)) - omNode-1@group-523986131536-SegmentedRaftLogWorker: created new log segment /home/runner/work/ozone/ozone/hadoop-ozone/integration-test/target/test-dir/MiniOzoneClusterImpl-e6b5673d-0e05-4a61-970a-b11d77d0bde6/omNode-1/ratis/c9bc4cf4-3bc3-3c60-a66b-523986131536/current/log_inprogress_0
2021-10-17 01:34:12,476 [omNode-3@group-523986131536-SegmentedRaftLogWorker] INFO  segmented.SegmentedRaftLogWorker (SegmentedRaftLogWorker.java:execute(601)) - omNode-3@group-523986131536-SegmentedRaftLogWorker: created new log segment /home/runner/work/ozone/ozone/hadoop-ozone/integration-test/target/test-dir/MiniOzoneClusterImpl-e6b5673d-0e05-4a61-970a-b11d77d0bde6/omNode-3/ratis/c9bc4cf4-3bc3-3c60-a66b-523986131536/current/log_inprogress_0
2021-10-17 01:34:12,476 [omNode-2@group-523986131536-SegmentedRaftLogWorker] INFO  segmented.SegmentedRaftLogWorker (SegmentedRaftLogWorker.java:execute(601)) - omNode-2@group-523986131536-SegmentedRaftLogWorker: created new log segment /home/runner/work/ozone/ozone/hadoop-ozone/integration-test/target/test-dir/MiniOzoneClusterImpl-e6b5673d-0e05-4a61-970a-b11d77d0bde6/omNode-2/ratis/c9bc4cf4-3bc3-3c60-a66b-523986131536/current/log_inprogress_0
2021-10-17 01:34:12,556 [omNode-1@group-523986131536-StateMachineUpdater] INFO  ratis.OzoneManagerStateMachine (OzoneManagerStateMachine.java:notifyConfigurationChanged(188)) - Received Configuration change notification from Ratis. New Peer list:
[id: "omNode-3"
address: "localhost:11188"
, id: "omNode-1"
address: "localhost:11176"
, id: "omNode-2"
address: "localhost:11182"
]
2021-10-17 01:34:12,726 [EndpointStateMachine task thread for /0.0.0.0:42303 - 0 ] INFO  ozoneimpl.OzoneContainer (OzoneContainer.java:start(304)) - Attempting to start container services.
2021-10-17 01:34:12,728 [EndpointStateMachine task thread for /0.0.0.0:42303 - 0 ] INFO  ozoneimpl.OzoneContainer (OzoneContainer.java:startContainerScrub(249)) - Background container scanner has been disabled.
2021-10-17 01:34:12,729 [EndpointStateMachine task thread for /0.0.0.0:42303 - 0 ] INFO  replication.ReplicationServer (ReplicationServer.java:start(107)) - ReplicationServer is started using port 35195
2021-10-17 01:34:12,732 [EndpointStateMachine task thread for /0.0.0.0:42303 - 0 ] INFO  ratis.XceiverServerRatis (XceiverServerRatis.java:start(484)) - Starting XceiverServerRatis 89fab1f2-29d6-4782-92bb-861e4d6ff694
2021-10-17 01:34:12,733 [EndpointStateMachine task thread for /0.0.0.0:42303 - 0 ] INFO  server.RaftServer (RaftServerProxy.java:lambda$start$5(374)) - 89fab1f2-29d6-4782-92bb-861e4d6ff694: start RPC server
2021-10-17 01:34:12,734 [EndpointStateMachine task thread for /0.0.0.0:42303 - 0 ] INFO  server.GrpcService (GrpcService.java:startImpl(253)) - 89fab1f2-29d6-4782-92bb-861e4d6ff694: GrpcService started, listening on 34899
2021-10-17 01:34:12,735 [org.apache.ratis.util.JvmPauseMonitor$$Lambda$523/1638607820@71b14e1a] INFO  util.JvmPauseMonitor (JvmPauseMonitor.java:run(103)) - JvmPauseMonitor-89fab1f2-29d6-4782-92bb-861e4d6ff694: Started
2021-10-17 01:34:12,735 [EndpointStateMachine task thread for /0.0.0.0:42303 - 0 ] INFO  ratis.XceiverServerRatis (XceiverServerRatis.java:getRealPort(505)) - XceiverServerRatis 89fab1f2-29d6-4782-92bb-861e4d6ff694 is started using port 34899 for RATIS
2021-10-17 01:34:12,735 [EndpointStateMachine task thread for /0.0.0.0:42303 - 0 ] INFO  ratis.XceiverServerRatis (XceiverServerRatis.java:getRealPort(505)) - XceiverServerRatis 89fab1f2-29d6-4782-92bb-861e4d6ff694 is started using port 34899 for RATIS_ADMIN
2021-10-17 01:34:12,735 [EndpointStateMachine task thread for /0.0.0.0:42303 - 0 ] INFO  ratis.XceiverServerRatis (XceiverServerRatis.java:getRealPort(505)) - XceiverServerRatis 89fab1f2-29d6-4782-92bb-861e4d6ff694 is started using port 34899 for RATIS_SERVER
2021-10-17 01:34:12,736 [EndpointStateMachine task thread for /0.0.0.0:42303 - 0 ] INFO  server.XceiverServerGrpc (XceiverServerGrpc.java:start(135)) - XceiverServerGrpc 89fab1f2-29d6-4782-92bb-861e4d6ff694 is started using port 41389
2021-10-17 01:34:12,992 [omNode-3@group-523986131536-StateMachineUpdater] INFO  ratis.OzoneManagerStateMachine (OzoneManagerStateMachine.java:notifyConfigurationChanged(188)) - Received Configuration change notification from Ratis. New Peer list:
[id: "omNode-3"
address: "localhost:11188"
, id: "omNode-1"
address: "localhost:11176"
, id: "omNode-2"
address: "localhost:11182"
]
2021-10-17 01:34:12,994 [omNode-2@group-523986131536-StateMachineUpdater] INFO  ratis.OzoneManagerStateMachine (OzoneManagerStateMachine.java:notifyConfigurationChanged(188)) - Received Configuration change notification from Ratis. New Peer list:
[id: "omNode-3"
address: "localhost:11188"
, id: "omNode-1"
address: "localhost:11176"
, id: "omNode-2"
address: "localhost:11182"
]
2021-10-17 01:34:13,165 [EndpointStateMachine task thread for /0.0.0.0:42303 - 0 ] INFO  ozoneimpl.OzoneContainer (OzoneContainer.java:start(304)) - Attempting to start container services.
2021-10-17 01:34:13,166 [EndpointStateMachine task thread for /0.0.0.0:42303 - 0 ] INFO  ozoneimpl.OzoneContainer (OzoneContainer.java:startContainerScrub(249)) - Background container scanner has been disabled.
2021-10-17 01:34:13,168 [EndpointStateMachine task thread for /0.0.0.0:42303 - 0 ] INFO  replication.ReplicationServer (ReplicationServer.java:start(107)) - ReplicationServer is started using port 33717
2021-10-17 01:34:13,177 [EndpointStateMachine task thread for /0.0.0.0:42303 - 0 ] INFO  ratis.XceiverServerRatis (XceiverServerRatis.java:start(484)) - Starting XceiverServerRatis c68442bd-a156-42c2-9473-4201701bbee4
2021-10-17 01:34:13,177 [EndpointStateMachine task thread for /0.0.0.0:42303 - 0 ] INFO  server.RaftServer (RaftServerProxy.java:lambda$start$5(374)) - c68442bd-a156-42c2-9473-4201701bbee4: start RPC server
2021-10-17 01:34:13,179 [EndpointStateMachine task thread for /0.0.0.0:42303 - 0 ] INFO  server.GrpcService (GrpcService.java:startImpl(253)) - c68442bd-a156-42c2-9473-4201701bbee4: GrpcService started, listening on 36205
2021-10-17 01:34:13,179 [EndpointStateMachine task thread for /0.0.0.0:42303 - 0 ] INFO  ratis.XceiverServerRatis (XceiverServerRatis.java:getRealPort(505)) - XceiverServerRatis c68442bd-a156-42c2-9473-4201701bbee4 is started using port 36205 for RATIS
2021-10-17 01:34:13,179 [EndpointStateMachine task thread for /0.0.0.0:42303 - 0 ] INFO  ratis.XceiverServerRatis (XceiverServerRatis.java:getRealPort(505)) - XceiverServerRatis c68442bd-a156-42c2-9473-4201701bbee4 is started using port 36205 for RATIS_ADMIN
2021-10-17 01:34:13,180 [EndpointStateMachine task thread for /0.0.0.0:42303 - 0 ] INFO  ratis.XceiverServerRatis (XceiverServerRatis.java:getRealPort(505)) - XceiverServerRatis c68442bd-a156-42c2-9473-4201701bbee4 is started using port 36205 for RATIS_SERVER
2021-10-17 01:34:13,180 [org.apache.ratis.util.JvmPauseMonitor$$Lambda$523/1638607820@7ad950f0] INFO  util.JvmPauseMonitor (JvmPauseMonitor.java:run(103)) - JvmPauseMonitor-c68442bd-a156-42c2-9473-4201701bbee4: Started
2021-10-17 01:34:13,181 [EndpointStateMachine task thread for /0.0.0.0:42303 - 0 ] INFO  server.XceiverServerGrpc (XceiverServerGrpc.java:start(135)) - XceiverServerGrpc c68442bd-a156-42c2-9473-4201701bbee4 is started using port 44837
2021-10-17 01:34:13,322 [Listener at 127.0.0.1/11184] INFO  ozone.MiniOzoneClusterImpl (MiniOzoneClusterImpl.java:lambda$waitForClusterToBeReady$0(235)) - Waiting for nodes to be ready. Got 0 of 3 DN Heartbeats.
2021-10-17 01:34:13,323 [Listener at 127.0.0.1/11184] INFO  ozone.MiniOzoneClusterImpl (MiniOzoneClusterImpl.java:lambda$waitForClusterToBeReady$0(238)) - Waiting for cluster to exit safe mode
2021-10-17 01:34:13,323 [Listener at 127.0.0.1/11184] INFO  ozone.MiniOzoneClusterImpl (MiniOzoneClusterImpl.java:lambda$waitForClusterToBeReady$0(240)) - SCM became leader
2021-10-17 01:34:13,330 [EndpointStateMachine task thread for /0.0.0.0:42303 - 0 ] INFO  ozoneimpl.OzoneContainer (OzoneContainer.java:start(304)) - Attempting to start container services.
2021-10-17 01:34:13,330 [EndpointStateMachine task thread for /0.0.0.0:42303 - 0 ] INFO  ozoneimpl.OzoneContainer (OzoneContainer.java:startContainerScrub(249)) - Background container scanner has been disabled.
2021-10-17 01:34:13,332 [EndpointStateMachine task thread for /0.0.0.0:42303 - 0 ] INFO  replication.ReplicationServer (ReplicationServer.java:start(107)) - ReplicationServer is started using port 34201
2021-10-17 01:34:13,332 [EndpointStateMachine task thread for /0.0.0.0:42303 - 0 ] INFO  ratis.XceiverServerRatis (XceiverServerRatis.java:start(484)) - Starting XceiverServerRatis a5ef7eb4-0585-479c-9d56-cfefd71a4940
2021-10-17 01:34:13,334 [EndpointStateMachine task thread for /0.0.0.0:42303 - 0 ] INFO  server.RaftServer (RaftServerProxy.java:lambda$start$5(374)) - a5ef7eb4-0585-479c-9d56-cfefd71a4940: start RPC server
2021-10-17 01:34:13,335 [EndpointStateMachine task thread for /0.0.0.0:42303 - 0 ] INFO  server.GrpcService (GrpcService.java:startImpl(253)) - a5ef7eb4-0585-479c-9d56-cfefd71a4940: GrpcService started, listening on 45551
2021-10-17 01:34:13,335 [EndpointStateMachine task thread for /0.0.0.0:42303 - 0 ] INFO  ratis.XceiverServerRatis (XceiverServerRatis.java:getRealPort(505)) - XceiverServerRatis a5ef7eb4-0585-479c-9d56-cfefd71a4940 is started using port 45551 for RATIS
2021-10-17 01:34:13,336 [EndpointStateMachine task thread for /0.0.0.0:42303 - 0 ] INFO  ratis.XceiverServerRatis (XceiverServerRatis.java:getRealPort(505)) - XceiverServerRatis a5ef7eb4-0585-479c-9d56-cfefd71a4940 is started using port 45551 for RATIS_ADMIN
2021-10-17 01:34:13,336 [EndpointStateMachine task thread for /0.0.0.0:42303 - 0 ] INFO  ratis.XceiverServerRatis (XceiverServerRatis.java:getRealPort(505)) - XceiverServerRatis a5ef7eb4-0585-479c-9d56-cfefd71a4940 is started using port 45551 for RATIS_SERVER
2021-10-17 01:34:13,337 [org.apache.ratis.util.JvmPauseMonitor$$Lambda$523/1638607820@1369bb] INFO  util.JvmPauseMonitor (JvmPauseMonitor.java:run(103)) - JvmPauseMonitor-a5ef7eb4-0585-479c-9d56-cfefd71a4940: Started
2021-10-17 01:34:13,337 [EndpointStateMachine task thread for /0.0.0.0:42303 - 0 ] INFO  server.XceiverServerGrpc (XceiverServerGrpc.java:start(135)) - XceiverServerGrpc a5ef7eb4-0585-479c-9d56-cfefd71a4940 is started using port 45167
2021-10-17 01:34:14,323 [Listener at 127.0.0.1/11184] INFO  ozone.MiniOzoneClusterImpl (MiniOzoneClusterImpl.java:lambda$waitForClusterToBeReady$0(235)) - Waiting for nodes to be ready. Got 0 of 3 DN Heartbeats.
2021-10-17 01:34:14,323 [Listener at 127.0.0.1/11184] INFO  ozone.MiniOzoneClusterImpl (MiniOzoneClusterImpl.java:lambda$waitForClusterToBeReady$0(238)) - Waiting for cluster to exit safe mode
2021-10-17 01:34:14,323 [Listener at 127.0.0.1/11184] INFO  ozone.MiniOzoneClusterImpl (MiniOzoneClusterImpl.java:lambda$waitForClusterToBeReady$0(240)) - SCM became leader
2021-10-17 01:34:14,694 [IPC Server handler 2 on default port 42303] INFO  net.NetworkTopologyImpl (NetworkTopologyImpl.java:add(112)) - Added a new node: /default-rack/89fab1f2-29d6-4782-92bb-861e4d6ff694
2021-10-17 01:34:14,696 [IPC Server handler 2 on default port 42303] INFO  node.SCMNodeManager (SCMNodeManager.java:register(389)) - Registered Data node : 89fab1f2-29d6-4782-92bb-861e4d6ff694{ip: 10.1.0.12, host: fv-az151-444.yf2hydr00wburbhx3j5hxtcipe.bx.internal.cloudapp.net, ports: [REPLICATION=35195, RATIS=34899, RATIS_ADMIN=34899, RATIS_SERVER=34899, STANDALONE=41389], networkLocation: /default-rack, certSerialId: null, persistedOpState: null, persistedOpStateExpiryEpochSec: 0}
2021-10-17 01:34:14,699 [EventQueue-NewNodeForNewNodeHandler] INFO  pipeline.BackgroundPipelineCreator (BackgroundPipelineCreator.java:notifyEventTriggered(285)) - trigger a one-shot run on RatisPipelineUtilsThread.
2021-10-17 01:34:14,702 [EventQueue-NodeRegistrationContainerReportForDataNodeSafeModeRule] INFO  safemode.SCMSafeModeManager (DataNodeSafeModeRule.java:process(71)) - SCM in safe mode. 1 DataNodes registered, 3 required.
2021-10-17 01:34:14,703 [EventQueue-NodeRegistrationContainerReportForContainerSafeModeRule] INFO  safemode.SCMSafeModeManager (SCMSafeModeManager.java:validateSafeModeExitRules(204)) - ContainerSafeModeRule rule is successfully validated
2021-10-17 01:34:14,711 [RatisPipelineUtilsThread - 0] INFO  pipeline.RatisPipelineProvider (RatisPipelineProvider.java:lambda$create$0(183)) - Sending CreatePipelineCommand for pipeline:PipelineID=51beefe7-bfaa-45d7-8152-ec57410d6306 to datanode:89fab1f2-29d6-4782-92bb-861e4d6ff694
2021-10-17 01:34:14,711 [EventQueue-PipelineReportForOneReplicaPipelineSafeModeRule] INFO  safemode.SCMSafeModeManager (SCMSafeModeManager.java:validateSafeModeExitRules(204)) - AtleastOneDatanodeReportedRule rule is successfully validated
2021-10-17 01:34:14,718 [RatisPipelineUtilsThread - 0] INFO  pipeline.PipelineStateManagerImpl (PipelineStateManagerImpl.java:addPipeline(101)) - Created pipeline Pipeline[ Id: 51beefe7-bfaa-45d7-8152-ec57410d6306, Nodes: 89fab1f2-29d6-4782-92bb-861e4d6ff694{ip: 10.1.0.12, host: fv-az151-444.yf2hydr00wburbhx3j5hxtcipe.bx.internal.cloudapp.net, ports: [REPLICATION=35195, RATIS=34899, RATIS_ADMIN=34899, RATIS_SERVER=34899, STANDALONE=41389], networkLocation: /default-rack, certSerialId: null, persistedOpState: IN_SERVICE, persistedOpStateExpiryEpochSec: 0}, ReplicationConfig: RATIS/ONE, State:ALLOCATED, leaderId:, CreationTimestamp2021-10-17T01:34:14.706Z[Etc/UTC]].
2021-10-17 01:34:15,164 [IPC Server handler 0 on default port 42303] INFO  net.NetworkTopologyImpl (NetworkTopologyImpl.java:add(112)) - Added a new node: /default-rack/c68442bd-a156-42c2-9473-4201701bbee4
2021-10-17 01:34:15,164 [IPC Server handler 0 on default port 42303] INFO  node.SCMNodeManager (SCMNodeManager.java:register(389)) - Registered Data node : c68442bd-a156-42c2-9473-4201701bbee4{ip: 10.1.0.12, host: fv-az151-444.yf2hydr00wburbhx3j5hxtcipe.bx.internal.cloudapp.net, ports: [REPLICATION=33717, RATIS=36205, RATIS_ADMIN=36205, RATIS_SERVER=36205, STANDALONE=44837], networkLocation: /default-rack, certSerialId: null, persistedOpState: null, persistedOpStateExpiryEpochSec: 0}
2021-10-17 01:34:15,165 [EventQueue-NewNodeForNewNodeHandler] INFO  pipeline.BackgroundPipelineCreator (BackgroundPipelineCreator.java:notifyEventTriggered(285)) - trigger a one-shot run on RatisPipelineUtilsThread.
2021-10-17 01:34:15,167 [EventQueue-NodeRegistrationContainerReportForDataNodeSafeModeRule] INFO  safemode.SCMSafeModeManager (DataNodeSafeModeRule.java:process(71)) - SCM in safe mode. 2 DataNodes registered, 3 required.
2021-10-17 01:34:15,169 [RatisPipelineUtilsThread - 0] INFO  pipeline.RatisPipelineProvider (RatisPipelineProvider.java:lambda$create$0(183)) - Sending CreatePipelineCommand for pipeline:PipelineID=17a8a3df-7da8-456a-9df9-bb4caaf6b43f to datanode:c68442bd-a156-42c2-9473-4201701bbee4
2021-10-17 01:34:15,170 [RatisPipelineUtilsThread - 0] INFO  pipeline.PipelineStateManagerImpl (PipelineStateManagerImpl.java:addPipeline(101)) - Created pipeline Pipeline[ Id: 17a8a3df-7da8-456a-9df9-bb4caaf6b43f, Nodes: c68442bd-a156-42c2-9473-4201701bbee4{ip: 10.1.0.12, host: fv-az151-444.yf2hydr00wburbhx3j5hxtcipe.bx.internal.cloudapp.net, ports: [REPLICATION=33717, RATIS=36205, RATIS_ADMIN=36205, RATIS_SERVER=36205, STANDALONE=44837], networkLocation: /default-rack, certSerialId: null, persistedOpState: IN_SERVICE, persistedOpStateExpiryEpochSec: 0}, ReplicationConfig: RATIS/ONE, State:ALLOCATED, leaderId:, CreationTimestamp2021-10-17T01:34:15.169Z[Etc/UTC]].
2021-10-17 01:34:15,324 [Listener at 127.0.0.1/11184] INFO  ozone.MiniOzoneClusterImpl (MiniOzoneClusterImpl.java:lambda$waitForClusterToBeReady$0(235)) - Waiting for nodes to be ready. Got 2 of 3 DN Heartbeats.
2021-10-17 01:34:15,324 [Listener at 127.0.0.1/11184] INFO  ozone.MiniOzoneClusterImpl (MiniOzoneClusterImpl.java:lambda$waitForClusterToBeReady$0(238)) - Waiting for cluster to exit safe mode
2021-10-17 01:34:15,324 [Listener at 127.0.0.1/11184] INFO  ozone.MiniOzoneClusterImpl (MiniOzoneClusterImpl.java:lambda$waitForClusterToBeReady$0(240)) - SCM became leader
2021-10-17 01:34:15,327 [IPC Server handler 1 on default port 42303] INFO  net.NetworkTopologyImpl (NetworkTopologyImpl.java:add(112)) - Added a new node: /default-rack/a5ef7eb4-0585-479c-9d56-cfefd71a4940
2021-10-17 01:34:15,328 [IPC Server handler 1 on default port 42303] INFO  node.SCMNodeManager (SCMNodeManager.java:register(389)) - Registered Data node : a5ef7eb4-0585-479c-9d56-cfefd71a4940{ip: 10.1.0.12, host: fv-az151-444.yf2hydr00wburbhx3j5hxtcipe.bx.internal.cloudapp.net, ports: [REPLICATION=34201, RATIS=45551, RATIS_ADMIN=45551, RATIS_SERVER=45551, STANDALONE=45167], networkLocation: /default-rack, certSerialId: null, persistedOpState: null, persistedOpStateExpiryEpochSec: 0}
2021-10-17 01:34:15,328 [EventQueue-NewNodeForNewNodeHandler] INFO  pipeline.BackgroundPipelineCreator (BackgroundPipelineCreator.java:notifyEventTriggered(285)) - trigger a one-shot run on RatisPipelineUtilsThread.
2021-10-17 01:34:15,329 [RatisPipelineUtilsThread - 0] INFO  pipeline.RatisPipelineProvider (RatisPipelineProvider.java:lambda$create$0(183)) - Sending CreatePipelineCommand for pipeline:PipelineID=64ac42be-252e-419f-acae-348b01079821 to datanode:a5ef7eb4-0585-479c-9d56-cfefd71a4940
2021-10-17 01:34:15,329 [EventQueue-NodeRegistrationContainerReportForDataNodeSafeModeRule] INFO  safemode.SCMSafeModeManager (DataNodeSafeModeRule.java:process(71)) - SCM in safe mode. 3 DataNodes registered, 3 required.
2021-10-17 01:34:15,329 [EventQueue-NodeRegistrationContainerReportForDataNodeSafeModeRule] INFO  safemode.SCMSafeModeManager (SCMSafeModeManager.java:validateSafeModeExitRules(204)) - DataNodeSafeModeRule rule is successfully validated
2021-10-17 01:34:15,329 [EventQueue-NodeRegistrationContainerReportForDataNodeSafeModeRule] INFO  safemode.SCMSafeModeManager (SCMSafeModeManager.java:completePreCheck(233)) - All SCM safe mode pre check rules have passed
2021-10-17 01:34:15,329 [EventQueue-NodeRegistrationContainerReportForDataNodeSafeModeRule] WARN  events.EventQueue (EventQueue.java:fireEvent(194)) - No event handler registered for event TypedEvent{payloadType=SafeModeStatus, name='Safe mode status'}
2021-10-17 01:34:15,329 [EventQueue-NodeRegistrationContainerReportForDataNodeSafeModeRule] INFO  ha.SCMContext (SCMContext.java:updateSafeModeStatus(205)) - Update SafeModeStatus from SafeModeStatus{safeModeStatus=true, preCheckPassed=false} to SafeModeStatus{safeModeStatus=true, preCheckPassed=true}.
2021-10-17 01:34:15,329 [EventQueue-NodeRegistrationContainerReportForDataNodeSafeModeRule] INFO  pipeline.BackgroundPipelineCreator (BackgroundPipelineCreator.java:notifyEventTriggered(285)) - trigger a one-shot run on RatisPipelineUtilsThread.
2021-10-17 01:34:15,330 [RatisPipelineUtilsThread - 0] INFO  pipeline.PipelineStateManagerImpl (PipelineStateManagerImpl.java:addPipeline(101)) - Created pipeline Pipeline[ Id: 64ac42be-252e-419f-acae-348b01079821, Nodes: a5ef7eb4-0585-479c-9d56-cfefd71a4940{ip: 10.1.0.12, host: fv-az151-444.yf2hydr00wburbhx3j5hxtcipe.bx.internal.cloudapp.net, ports: [REPLICATION=34201, RATIS=45551, RATIS_ADMIN=45551, RATIS_SERVER=45551, STANDALONE=45167], networkLocation: /default-rack, certSerialId: null, persistedOpState: IN_SERVICE, persistedOpStateExpiryEpochSec: 0}, ReplicationConfig: RATIS/ONE, State:ALLOCATED, leaderId:, CreationTimestamp2021-10-17T01:34:15.329Z[Etc/UTC]].
2021-10-17 01:34:15,333 [RatisPipelineUtilsThread - 0] INFO  pipeline.RatisPipelineProvider (RatisPipelineProvider.java:lambda$create$0(183)) - Sending CreatePipelineCommand for pipeline:PipelineID=c8ccc7e0-180a-4e21-88ef-67ff69347536 to datanode:c68442bd-a156-42c2-9473-4201701bbee4
2021-10-17 01:34:15,333 [RatisPipelineUtilsThread - 0] INFO  pipeline.RatisPipelineProvider (RatisPipelineProvider.java:lambda$create$0(183)) - Sending CreatePipelineCommand for pipeline:PipelineID=c8ccc7e0-180a-4e21-88ef-67ff69347536 to datanode:a5ef7eb4-0585-479c-9d56-cfefd71a4940
2021-10-17 01:34:15,333 [RatisPipelineUtilsThread - 0] INFO  pipeline.RatisPipelineProvider (RatisPipelineProvider.java:lambda$create$0(183)) - Sending CreatePipelineCommand for pipeline:PipelineID=c8ccc7e0-180a-4e21-88ef-67ff69347536 to datanode:89fab1f2-29d6-4782-92bb-861e4d6ff694
2021-10-17 01:34:15,334 [RatisPipelineUtilsThread - 0] INFO  pipeline.PipelineStateManagerImpl (PipelineStateManagerImpl.java:addPipeline(101)) - Created pipeline Pipeline[ Id: c8ccc7e0-180a-4e21-88ef-67ff69347536, Nodes: c68442bd-a156-42c2-9473-4201701bbee4{ip: 10.1.0.12, host: fv-az151-444.yf2hydr00wburbhx3j5hxtcipe.bx.internal.cloudapp.net, ports: [REPLICATION=33717, RATIS=36205, RATIS_ADMIN=36205, RATIS_SERVER=36205, STANDALONE=44837], networkLocation: /default-rack, certSerialId: null, persistedOpState: IN_SERVICE, persistedOpStateExpiryEpochSec: 0}a5ef7eb4-0585-479c-9d56-cfefd71a4940{ip: 10.1.0.12, host: fv-az151-444.yf2hydr00wburbhx3j5hxtcipe.bx.internal.cloudapp.net, ports: [REPLICATION=34201, RATIS=45551, RATIS_ADMIN=45551, RATIS_SERVER=45551, STANDALONE=45167], networkLocation: /default-rack, certSerialId: null, persistedOpState: IN_SERVICE, persistedOpStateExpiryEpochSec: 0}89fab1f2-29d6-4782-92bb-861e4d6ff694{ip: 10.1.0.12, host: fv-az151-444.yf2hydr00wburbhx3j5hxtcipe.bx.internal.cloudapp.net, ports: [REPLICATION=35195, RATIS=34899, RATIS_ADMIN=34899, RATIS_SERVER=34899, STANDALONE=41389], networkLocation: /default-rack, certSerialId: null, persistedOpState: IN_SERVICE, persistedOpStateExpiryEpochSec: 0}, ReplicationConfig: RATIS/THREE, State:ALLOCATED, leaderId:, CreationTimestamp2021-10-17T01:34:15.333Z[Etc/UTC]].
2021-10-17 01:34:15,335 [RatisPipelineUtilsThread - 0] INFO  pipeline.RatisPipelineProvider (RatisPipelineProvider.java:lambda$create$0(183)) - Sending CreatePipelineCommand for pipeline:PipelineID=48443c3e-2a63-40dd-b7f0-c8848c1a0092 to datanode:c68442bd-a156-42c2-9473-4201701bbee4
2021-10-17 01:34:15,335 [RatisPipelineUtilsThread - 0] INFO  pipeline.RatisPipelineProvider (RatisPipelineProvider.java:lambda$create$0(183)) - Sending CreatePipelineCommand for pipeline:PipelineID=48443c3e-2a63-40dd-b7f0-c8848c1a0092 to datanode:a5ef7eb4-0585-479c-9d56-cfefd71a4940
2021-10-17 01:34:15,335 [RatisPipelineUtilsThread - 0] INFO  pipeline.RatisPipelineProvider (RatisPipelineProvider.java:lambda$create$0(183)) - Sending CreatePipelineCommand for pipeline:PipelineID=48443c3e-2a63-40dd-b7f0-c8848c1a0092 to datanode:89fab1f2-29d6-4782-92bb-861e4d6ff694
2021-10-17 01:34:15,336 [RatisPipelineUtilsThread - 0] INFO  pipeline.PipelineStateManagerImpl (PipelineStateManagerImpl.java:addPipeline(101)) - Created pipeline Pipeline[ Id: 48443c3e-2a63-40dd-b7f0-c8848c1a0092, Nodes: c68442bd-a156-42c2-9473-4201701bbee4{ip: 10.1.0.12, host: fv-az151-444.yf2hydr00wburbhx3j5hxtcipe.bx.internal.cloudapp.net, ports: [REPLICATION=33717, RATIS=36205, RATIS_ADMIN=36205, RATIS_SERVER=36205, STANDALONE=44837], networkLocation: /default-rack, certSerialId: null, persistedOpState: IN_SERVICE, persistedOpStateExpiryEpochSec: 0}a5ef7eb4-0585-479c-9d56-cfefd71a4940{ip: 10.1.0.12, host: fv-az151-444.yf2hydr00wburbhx3j5hxtcipe.bx.internal.cloudapp.net, ports: [REPLICATION=34201, RATIS=45551, RATIS_ADMIN=45551, RATIS_SERVER=45551, STANDALONE=45167], networkLocation: /default-rack, certSerialId: null, persistedOpState: IN_SERVICE, persistedOpStateExpiryEpochSec: 0}89fab1f2-29d6-4782-92bb-861e4d6ff694{ip: 10.1.0.12, host: fv-az151-444.yf2hydr00wburbhx3j5hxtcipe.bx.internal.cloudapp.net, ports: [REPLICATION=35195, RATIS=34899, RATIS_ADMIN=34899, RATIS_SERVER=34899, STANDALONE=41389], networkLocation: /default-rack, certSerialId: null, persistedOpState: IN_SERVICE, persistedOpStateExpiryEpochSec: 0}, ReplicationConfig: RATIS/THREE, State:ALLOCATED, leaderId:, CreationTimestamp2021-10-17T01:34:15.335Z[Etc/UTC]].
2021-10-17 01:34:15,336 [RatisPipelineUtilsThread - 0] INFO  pipeline.PipelineManagerImpl (PipelineManagerImpl.java:recordMetricsForPipeline(613)) - Pipeline: PipelineID=48443c3e-2a63-40dd-b7f0-c8848c1a0092 contains same datanodes as previous pipelines: PipelineID=c8ccc7e0-180a-4e21-88ef-67ff69347536 nodeIds: c68442bd-a156-42c2-9473-4201701bbee4, a5ef7eb4-0585-479c-9d56-cfefd71a4940, 89fab1f2-29d6-4782-92bb-861e4d6ff694
2021-10-17 01:34:16,325 [Listener at 127.0.0.1/11184] INFO  ozone.MiniOzoneClusterImpl (MiniOzoneClusterImpl.java:lambda$waitForClusterToBeReady$0(235)) - Nodes are ready. Got 3 of 3 DN Heartbeats.
2021-10-17 01:34:16,326 [Listener at 127.0.0.1/11184] INFO  ozone.MiniOzoneClusterImpl (MiniOzoneClusterImpl.java:lambda$waitForClusterToBeReady$0(238)) - Waiting for cluster to exit safe mode
2021-10-17 01:34:16,326 [Listener at 127.0.0.1/11184] INFO  ozone.MiniOzoneClusterImpl (MiniOzoneClusterImpl.java:lambda$waitForClusterToBeReady$0(240)) - SCM became leader
2021-10-17 01:34:17,327 [Listener at 127.0.0.1/11184] INFO  ozone.MiniOzoneClusterImpl (MiniOzoneClusterImpl.java:lambda$waitForClusterToBeReady$0(235)) - Nodes are ready. Got 3 of 3 DN Heartbeats.
2021-10-17 01:34:17,327 [Listener at 127.0.0.1/11184] INFO  ozone.MiniOzoneClusterImpl (MiniOzoneClusterImpl.java:lambda$waitForClusterToBeReady$0(238)) - Waiting for cluster to exit safe mode
2021-10-17 01:34:17,327 [Listener at 127.0.0.1/11184] INFO  ozone.MiniOzoneClusterImpl (MiniOzoneClusterImpl.java:lambda$waitForClusterToBeReady$0(240)) - SCM became leader
2021-10-17 01:34:17,678 [Command processor thread] INFO  server.RaftServer (RaftServerProxy.java:addNew(95)) - 89fab1f2-29d6-4782-92bb-861e4d6ff694: addNew group-EC57410D6306:[89fab1f2-29d6-4782-92bb-861e4d6ff694|rpc:10.1.0.12:34899|priority:1] returns group-EC57410D6306:java.util.concurrent.CompletableFuture@3a0b4267[Not completed]
2021-10-17 01:34:17,685 [pool-97-thread-1] INFO  server.RaftServer$Division (RaftServerImpl.java:<init>(181)) - 89fab1f2-29d6-4782-92bb-861e4d6ff694: new RaftServerImpl for group-EC57410D6306:[89fab1f2-29d6-4782-92bb-861e4d6ff694|rpc:10.1.0.12:34899|priority:1] with ContainerStateMachine:uninitialized
2021-10-17 01:34:17,687 [pool-97-thread-1] INFO  server.RaftServerConfigKeys (ConfUtils.java:logGet(44)) - raft.server.rpc.timeout.min = 5s (custom)
2021-10-17 01:34:17,687 [pool-97-thread-1] INFO  server.RaftServerConfigKeys (ConfUtils.java:logGet(44)) - raft.server.rpc.timeout.max = 5200ms (custom)
2021-10-17 01:34:17,687 [pool-97-thread-1] INFO  server.RaftServerConfigKeys (ConfUtils.java:logGet(44)) - raft.server.rpc.sleep.time = 25ms (default)
2021-10-17 01:34:17,687 [pool-97-thread-1] INFO  server.RaftServerConfigKeys (ConfUtils.java:logGet(44)) - raft.server.rpc.slowness.timeout = 300s (custom)
2021-10-17 01:34:17,687 [pool-97-thread-1] INFO  server.RaftServerConfigKeys (ConfUtils.java:logGet(44)) - raft.server.leaderelection.leader.step-down.wait-time = 10s (default)
2021-10-17 01:34:17,687 [pool-97-thread-1] INFO  server.RaftServerConfigKeys (ConfUtils.java:logGet(44)) - raft.server.sleep.deviation.threshold = 300ms (default)
2021-10-17 01:34:17,687 [pool-97-thread-1] INFO  server.RaftServerConfigKeys (ConfUtils.java:logGet(44)) - raft.server.log.appender.install.snapshot.enabled = false (custom)
2021-10-17 01:34:17,688 [pool-97-thread-1] INFO  server.RaftServer$Division (ServerState.java:<init>(105)) - 89fab1f2-29d6-4782-92bb-861e4d6ff694@group-EC57410D6306: ConfigurationManager, init=-1: [89fab1f2-29d6-4782-92bb-861e4d6ff694|rpc:10.1.0.12:34899|priority:1], old=null, confs=<EMPTY_MAP>
2021-10-17 01:34:17,688 [pool-97-thread-1] INFO  server.RaftServerConfigKeys (ConfUtils.java:logGet(44)) - raft.server.storage.dir = [/home/runner/work/ozone/ozone/hadoop-ozone/integration-test/target/test-dir/MiniOzoneClusterImpl-e6b5673d-0e05-4a61-970a-b11d77d0bde6/datanode-0/data/ratis] (custom)
2021-10-17 01:34:17,688 [pool-97-thread-1] INFO  server.RaftServerConfigKeys (ConfUtils.java:logGet(44)) - raft.server.log.corruption.policy = EXCEPTION (default)
2021-10-17 01:34:17,688 [pool-97-thread-1] INFO  server.RaftServerConfigKeys (ConfUtils.java:logGet(44)) - raft.server.storage.free-space.min = 0MB (=0) (default)
2021-10-17 01:34:17,688 [pool-97-thread-1] INFO  storage.RaftStorageDirectory (RaftStorageDirectoryImpl.java:analyzeStorage(135)) - The storage directory /home/runner/work/ozone/ozone/hadoop-ozone/integration-test/target/test-dir/MiniOzoneClusterImpl-e6b5673d-0e05-4a61-970a-b11d77d0bde6/datanode-0/data/ratis/51beefe7-bfaa-45d7-8152-ec57410d6306 does not exist. Creating ...
2021-10-17 01:34:17,690 [pool-97-thread-1] INFO  storage.RaftStorageDirectory (RaftStorageDirectoryImpl.java:tryLock(230)) - Lock on /home/runner/work/ozone/ozone/hadoop-ozone/integration-test/target/test-dir/MiniOzoneClusterImpl-e6b5673d-0e05-4a61-970a-b11d77d0bde6/datanode-0/data/ratis/51beefe7-bfaa-45d7-8152-ec57410d6306/in_use.lock acquired by nodename 15180@fv-az151-444
2021-10-17 01:34:17,693 [pool-97-thread-1] INFO  storage.RaftStorage (RaftStorageImpl.java:format(89)) - Storage directory /home/runner/work/ozone/ozone/hadoop-ozone/integration-test/target/test-dir/MiniOzoneClusterImpl-e6b5673d-0e05-4a61-970a-b11d77d0bde6/datanode-0/data/ratis/51beefe7-bfaa-45d7-8152-ec57410d6306 has been successfully formatted.
2021-10-17 01:34:17,697 [pool-97-thread-1] INFO  ratis.ContainerStateMachine (ContainerStateMachine.java:loadSnapshot(224)) - group-EC57410D6306: The snapshot info is null. Setting the last applied indexto:(t:0, i:~)
2021-10-17 01:34:17,697 [pool-97-thread-1] INFO  server.RaftServerConfigKeys (ConfUtils.java:logGet(44)) - raft.server.notification.no-leader.timeout = 300s (custom)
2021-10-17 01:34:17,698 [pool-97-thread-1] INFO  server.RaftServerConfigKeys (ConfUtils.java:logGet(44)) - raft.server.log.use.memory = false (default)
2021-10-17 01:34:17,698 [pool-97-thread-1] INFO  server.RaftServerConfigKeys (ConfUtils.java:logGet(44)) - raft.server.log.purge.gap = 1000000 (custom)
2021-10-17 01:34:17,698 [pool-97-thread-1] INFO  server.RaftServerConfigKeys (ConfUtils.java:logGet(44)) - raft.server.log.appender.buffer.byte-limit = 33554432 (custom)
2021-10-17 01:34:17,698 [pool-97-thread-1] INFO  server.RaftServerConfigKeys (ConfUtils.java:logGet(44)) - raft.server.log.segment.size.max = 1048576 (custom)
2021-10-17 01:34:17,699 [pool-97-thread-1] INFO  server.RaftServerConfigKeys (ConfUtils.java:logGet(44)) - raft.server.log.segment.cache.num.max = 2 (custom)
2021-10-17 01:34:17,699 [pool-97-thread-1] INFO  server.RaftServerConfigKeys (ConfUtils.java:logGet(44)) - raft.server.log.segment.cache.size.max = 200MB (=209715200) (default)
2021-10-17 01:34:17,699 [pool-97-thread-1] INFO  segmented.SegmentedRaftLogWorker (SegmentedRaftLogWorker.java:<init>(182)) - new 89fab1f2-29d6-4782-92bb-861e4d6ff694@group-EC57410D6306-SegmentedRaftLogWorker for RaftStorageImpl:Storage Directory /home/runner/work/ozone/ozone/hadoop-ozone/integration-test/target/test-dir/MiniOzoneClusterImpl-e6b5673d-0e05-4a61-970a-b11d77d0bde6/datanode-0/data/ratis/51beefe7-bfaa-45d7-8152-ec57410d6306
2021-10-17 01:34:17,699 [pool-97-thread-1] INFO  server.RaftServerConfigKeys (ConfUtils.java:logGet(44)) - raft.server.log.queue.byte-limit = 2147483647 (custom)
2021-10-17 01:34:17,699 [pool-97-thread-1] INFO  server.RaftServerConfigKeys (ConfUtils.java:logGet(44)) - raft.server.log.queue.element-limit = 1024 (custom)
2021-10-17 01:34:17,699 [pool-97-thread-1] INFO  server.RaftServerConfigKeys (ConfUtils.java:logGet(44)) - raft.server.log.segment.size.max = 1048576 (custom)
2021-10-17 01:34:17,699 [pool-97-thread-1] INFO  server.RaftServerConfigKeys (ConfUtils.java:logGet(44)) - raft.server.log.preallocated.size = 16384 (custom)
2021-10-17 01:34:17,699 [pool-97-thread-1] INFO  server.RaftServerConfigKeys (ConfUtils.java:logGet(44)) - raft.server.log.force.sync.num = 128 (default)
2021-10-17 01:34:17,699 [pool-97-thread-1] INFO  server.RaftServerConfigKeys (ConfUtils.java:logGet(44)) - raft.server.log.statemachine.data.sync = true (default)
2021-10-17 01:34:17,699 [pool-97-thread-1] INFO  server.RaftServerConfigKeys (ConfUtils.java:logGet(44)) - raft.server.log.statemachine.data.sync.timeout = 10s (default)
2021-10-17 01:34:17,699 [pool-97-thread-1] INFO  server.RaftServerConfigKeys (ConfUtils.java:logGet(44)) - raft.server.log.statemachine.data.sync.timeout.retry = -1 (default)
2021-10-17 01:34:17,700 [pool-97-thread-1] INFO  server.RaftServerConfigKeys (ConfUtils.java:logGet(44)) - raft.server.log.write.buffer.size = 1048576 (custom)
2021-10-17 01:34:17,701 [pool-97-thread-1] INFO  server.RaftServerConfigKeys (ConfUtils.java:logGet(44)) - raft.server.log.statemachine.data.caching.enabled = true (custom)
2021-10-17 01:34:17,701 [pool-97-thread-1] INFO  segmented.SegmentedRaftLogWorker (SegmentedRaftLogWorker.java:lambda$new$0(133)) - 89fab1f2-29d6-4782-92bb-861e4d6ff694@group-EC57410D6306-SegmentedRaftLogWorker: flushIndex: setUnconditionally 0 -> -1
2021-10-17 01:34:17,701 [pool-97-thread-1] INFO  segmented.SegmentedRaftLogWorker (SegmentedRaftLogWorker.java:lambda$new$0(133)) - 89fab1f2-29d6-4782-92bb-861e4d6ff694@group-EC57410D6306-SegmentedRaftLogWorker: safeCacheEvictIndex: setUnconditionally 0 -> -1
2021-10-17 01:34:17,711 [pool-97-thread-1] INFO  server.RaftServerConfigKeys (ConfUtils.java:logGet(44)) - raft.server.snapshot.auto.trigger.enabled = true (custom)
2021-10-17 01:34:17,711 [pool-97-thread-1] INFO  server.RaftServerConfigKeys (ConfUtils.java:logGet(44)) - raft.server.snapshot.auto.trigger.threshold = 10000 (custom)
2021-10-17 01:34:17,711 [pool-97-thread-1] INFO  server.RaftServerConfigKeys (ConfUtils.java:logGet(44)) - raft.server.snapshot.retention.file.num = 5 (custom)
2021-10-17 01:34:17,711 [pool-97-thread-1] INFO  server.RaftServerConfigKeys (ConfUtils.java:logGet(44)) - raft.server.log.purge.upto.snapshot.index = false (default)
2021-10-17 01:34:17,711 [pool-97-thread-1] INFO  server.RaftServerConfigKeys (ConfUtils.java:logGet(44)) - raft.server.retrycache.expirytime = 600000ms (custom)
2021-10-17 01:34:17,711 [pool-97-thread-1] INFO  server.RaftServerConfigKeys (ConfUtils.java:logGet(44)) - raft.server.retrycache.statistics.expirytime = 100μs (default)
2021-10-17 01:34:17,712 [EventQueue-PipelineReportForPipelineReportHandler] INFO  pipeline.PipelineManagerImpl (PipelineManagerImpl.java:openPipeline(282)) - Pipeline Pipeline[ Id: 51beefe7-bfaa-45d7-8152-ec57410d6306, Nodes: 89fab1f2-29d6-4782-92bb-861e4d6ff694{ip: 10.1.0.12, host: fv-az151-444.yf2hydr00wburbhx3j5hxtcipe.bx.internal.cloudapp.net, ports: [REPLICATION=35195, RATIS=34899, RATIS_ADMIN=34899, RATIS_SERVER=34899, STANDALONE=41389], networkLocation: /default-rack, certSerialId: null, persistedOpState: IN_SERVICE, persistedOpStateExpiryEpochSec: 0}, ReplicationConfig: RATIS/ONE, State:ALLOCATED, leaderId:89fab1f2-29d6-4782-92bb-861e4d6ff694, CreationTimestamp2021-10-17T01:34:14.706Z[Etc/UTC]] moved to OPEN state
2021-10-17 01:34:17,712 [pool-97-thread-1] INFO  server.RaftServer$Division (RaftServerImpl.java:start(296)) - 89fab1f2-29d6-4782-92bb-861e4d6ff694@group-EC57410D6306: start as a follower, conf=-1: [89fab1f2-29d6-4782-92bb-861e4d6ff694|rpc:10.1.0.12:34899|priority:1], old=null
2021-10-17 01:34:17,712 [pool-97-thread-1] INFO  server.RaftServer$Division (RaftServerImpl.java:setRole(285)) - 89fab1f2-29d6-4782-92bb-861e4d6ff694@group-EC57410D6306: changes role from      null to FOLLOWER at term 0 for startAsFollower
2021-10-17 01:34:17,713 [pool-97-thread-1] INFO  impl.RoleInfo (RoleInfo.java:updateAndGet(130)) - 89fab1f2-29d6-4782-92bb-861e4d6ff694: start 89fab1f2-29d6-4782-92bb-861e4d6ff694@group-EC57410D6306-FollowerState
2021-10-17 01:34:17,716 [pool-97-thread-1] INFO  util.JmxRegister (JmxRegister.java:tryRegister(44)) - Successfully registered JMX Bean with object name Ratis:service=RaftServer,group=group-EC57410D6306,id=89fab1f2-29d6-4782-92bb-861e4d6ff694
2021-10-17 01:34:17,716 [EventQueue-OpenPipelineForHealthyPipelineSafeModeRule] INFO  safemode.SCMSafeModeManager (HealthyPipelineSafeModeRule.java:process(124)) - SCM in safe mode. Healthy pipelines reported count is 0, required healthy pipeline reported count is 1
2021-10-17 01:34:17,719 [Command processor thread] INFO  ratis.XceiverServerRatis (XceiverServerRatis.java:addGroup(768)) - Created group PipelineID=51beefe7-bfaa-45d7-8152-ec57410d6306
2021-10-17 01:34:17,729 [Command processor thread] INFO  commandhandler.CreatePipelineCommandHandler (CreatePipelineCommandHandler.java:handle(106)) - Created Pipeline RATIS ONE PipelineID=51beefe7-bfaa-45d7-8152-ec57410d6306.
2021-10-17 01:34:17,729 [Command processor thread] INFO  server.RaftServer (RaftServerProxy.java:addNew(95)) - 89fab1f2-29d6-4782-92bb-861e4d6ff694: addNew group-67FF69347536:[89fab1f2-29d6-4782-92bb-861e4d6ff694|rpc:10.1.0.12:34899|priority:0, c68442bd-a156-42c2-9473-4201701bbee4|rpc:10.1.0.12:36205|priority:1, a5ef7eb4-0585-479c-9d56-cfefd71a4940|rpc:10.1.0.12:45551|priority:0] returns group-67FF69347536:java.util.concurrent.CompletableFuture@daad488[Not completed]
2021-10-17 01:34:17,731 [pool-97-thread-1] INFO  server.RaftServer$Division (RaftServerImpl.java:<init>(181)) - 89fab1f2-29d6-4782-92bb-861e4d6ff694: new RaftServerImpl for group-67FF69347536:[89fab1f2-29d6-4782-92bb-861e4d6ff694|rpc:10.1.0.12:34899|priority:0, c68442bd-a156-42c2-9473-4201701bbee4|rpc:10.1.0.12:36205|priority:1, a5ef7eb4-0585-479c-9d56-cfefd71a4940|rpc:10.1.0.12:45551|priority:0] with ContainerStateMachine:uninitialized
2021-10-17 01:34:17,731 [pool-97-thread-1] INFO  server.RaftServerConfigKeys (ConfUtils.java:logGet(44)) - raft.server.rpc.timeout.min = 5s (custom)
2021-10-17 01:34:17,733 [pool-97-thread-1] INFO  server.RaftServerConfigKeys (ConfUtils.java:logGet(44)) - raft.server.rpc.timeout.max = 5200ms (custom)
2021-10-17 01:34:17,733 [pool-97-thread-1] INFO  server.RaftServerConfigKeys (ConfUtils.java:logGet(44)) - raft.server.rpc.sleep.time = 25ms (default)
2021-10-17 01:34:17,733 [pool-97-thread-1] INFO  server.RaftServerConfigKeys (ConfUtils.java:logGet(44)) - raft.server.rpc.slowness.timeout = 300s (custom)
2021-10-17 01:34:17,733 [pool-97-thread-1] INFO  server.RaftServerConfigKeys (ConfUtils.java:logGet(44)) - raft.server.leaderelection.leader.step-down.wait-time = 10s (default)
2021-10-17 01:34:17,733 [pool-97-thread-1] INFO  server.RaftServerConfigKeys (ConfUtils.java:logGet(44)) - raft.server.sleep.deviation.threshold = 300ms (default)
2021-10-17 01:34:17,733 [pool-97-thread-1] INFO  server.RaftServerConfigKeys (ConfUtils.java:logGet(44)) - raft.server.log.appender.install.snapshot.enabled = false (custom)
2021-10-17 01:34:17,733 [pool-97-thread-1] INFO  server.RaftServer$Division (ServerState.java:<init>(105)) - 89fab1f2-29d6-4782-92bb-861e4d6ff694@group-67FF69347536: ConfigurationManager, init=-1: [89fab1f2-29d6-4782-92bb-861e4d6ff694|rpc:10.1.0.12:34899|priority:0, c68442bd-a156-42c2-9473-4201701bbee4|rpc:10.1.0.12:36205|priority:1, a5ef7eb4-0585-479c-9d56-cfefd71a4940|rpc:10.1.0.12:45551|priority:0], old=null, confs=<EMPTY_MAP>
2021-10-17 01:34:17,734 [pool-97-thread-1] INFO  server.RaftServerConfigKeys (ConfUtils.java:logGet(44)) - raft.server.storage.dir = [/home/runner/work/ozone/ozone/hadoop-ozone/integration-test/target/test-dir/MiniOzoneClusterImpl-e6b5673d-0e05-4a61-970a-b11d77d0bde6/datanode-0/data/ratis] (custom)
2021-10-17 01:34:17,734 [pool-97-thread-1] INFO  server.RaftServerConfigKeys (ConfUtils.java:logGet(44)) - raft.server.log.corruption.policy = EXCEPTION (default)
2021-10-17 01:34:17,734 [pool-97-thread-1] INFO  server.RaftServerConfigKeys (ConfUtils.java:logGet(44)) - raft.server.storage.free-space.min = 0MB (=0) (default)
2021-10-17 01:34:17,734 [pool-97-thread-1] INFO  storage.RaftStorageDirectory (RaftStorageDirectoryImpl.java:analyzeStorage(135)) - The storage directory /home/runner/work/ozone/ozone/hadoop-ozone/integration-test/target/test-dir/MiniOzoneClusterImpl-e6b5673d-0e05-4a61-970a-b11d77d0bde6/datanode-0/data/ratis/c8ccc7e0-180a-4e21-88ef-67ff69347536 does not exist. Creating ...
2021-10-17 01:34:17,735 [pool-97-thread-1] INFO  storage.RaftStorageDirectory (RaftStorageDirectoryImpl.java:tryLock(230)) - Lock on /home/runner/work/ozone/ozone/hadoop-ozone/integration-test/target/test-dir/MiniOzoneClusterImpl-e6b5673d-0e05-4a61-970a-b11d77d0bde6/datanode-0/data/ratis/c8ccc7e0-180a-4e21-88ef-67ff69347536/in_use.lock acquired by nodename 15180@fv-az151-444
2021-10-17 01:34:17,736 [pool-97-thread-1] INFO  storage.RaftStorage (RaftStorageImpl.java:format(89)) - Storage directory /home/runner/work/ozone/ozone/hadoop-ozone/integration-test/target/test-dir/MiniOzoneClusterImpl-e6b5673d-0e05-4a61-970a-b11d77d0bde6/datanode-0/data/ratis/c8ccc7e0-180a-4e21-88ef-67ff69347536 has been successfully formatted.
2021-10-17 01:34:17,737 [pool-97-thread-1] INFO  ratis.ContainerStateMachine (ContainerStateMachine.java:loadSnapshot(224)) - group-67FF69347536: The snapshot info is null. Setting the last applied indexto:(t:0, i:~)
2021-10-17 01:34:17,737 [pool-97-thread-1] INFO  server.RaftServerConfigKeys (ConfUtils.java:logGet(44)) - raft.server.notification.no-leader.timeout = 300s (custom)
2021-10-17 01:34:17,737 [pool-97-thread-1] INFO  server.RaftServerConfigKeys (ConfUtils.java:logGet(44)) - raft.server.log.use.memory = false (default)
2021-10-17 01:34:17,737 [pool-97-thread-1] INFO  server.RaftServerConfigKeys (ConfUtils.java:logGet(44)) - raft.server.log.purge.gap = 1000000 (custom)
2021-10-17 01:34:17,737 [pool-97-thread-1] INFO  server.RaftServerConfigKeys (ConfUtils.java:logGet(44)) - raft.server.log.appender.buffer.byte-limit = 33554432 (custom)
2021-10-17 01:34:17,737 [pool-97-thread-1] INFO  server.RaftServerConfigKeys (ConfUtils.java:logGet(44)) - raft.server.log.segment.size.max = 1048576 (custom)
2021-10-17 01:34:17,738 [pool-97-thread-1] INFO  server.RaftServerConfigKeys (ConfUtils.java:logGet(44)) - raft.server.log.segment.cache.num.max = 2 (custom)
2021-10-17 01:34:17,738 [pool-97-thread-1] INFO  server.RaftServerConfigKeys (ConfUtils.java:logGet(44)) - raft.server.log.segment.cache.size.max = 200MB (=209715200) (default)
2021-10-17 01:34:17,738 [pool-97-thread-1] INFO  segmented.SegmentedRaftLogWorker (SegmentedRaftLogWorker.java:<init>(182)) - new 89fab1f2-29d6-4782-92bb-861e4d6ff694@group-67FF69347536-SegmentedRaftLogWorker for RaftStorageImpl:Storage Directory /home/runner/work/ozone/ozone/hadoop-ozone/integration-test/target/test-dir/MiniOzoneClusterImpl-e6b5673d-0e05-4a61-970a-b11d77d0bde6/datanode-0/data/ratis/c8ccc7e0-180a-4e21-88ef-67ff69347536
2021-10-17 01:34:17,738 [pool-97-thread-1] INFO  server.RaftServerConfigKeys (ConfUtils.java:logGet(44)) - raft.server.log.queue.byte-limit = 2147483647 (custom)
2021-10-17 01:34:17,737 [Datanode State Machine Thread - 0] WARN  statemachine.StateContext (StateContext.java:execute(621)) - No available thread in pool for past 1 seconds.
2021-10-17 01:34:17,738 [pool-97-thread-1] INFO  server.RaftServerConfigKeys (ConfUtils.java:logGet(44)) - raft.server.log.queue.element-limit = 1024 (custom)
2021-10-17 01:34:17,739 [pool-97-thread-1] INFO  server.RaftServerConfigKeys (ConfUtils.java:logGet(44)) - raft.server.log.segment.size.max = 1048576 (custom)
2021-10-17 01:34:17,739 [pool-97-thread-1] INFO  server.RaftServerConfigKeys (ConfUtils.java:logGet(44)) - raft.server.log.preallocated.size = 16384 (custom)
2021-10-17 01:34:17,739 [pool-97-thread-1] INFO  server.RaftServerConfigKeys (ConfUtils.java:logGet(44)) - raft.server.log.force.sync.num = 128 (default)
2021-10-17 01:34:17,739 [pool-97-thread-1] INFO  server.RaftServerConfigKeys (ConfUtils.java:logGet(44)) - raft.server.log.statemachine.data.sync = true (default)
2021-10-17 01:34:17,739 [pool-97-thread-1] INFO  server.RaftServerConfigKeys (ConfUtils.java:logGet(44)) - raft.server.log.statemachine.data.sync.timeout = 10s (default)
2021-10-17 01:34:17,739 [pool-97-thread-1] INFO  server.RaftServerConfigKeys (ConfUtils.java:logGet(44)) - raft.server.log.statemachine.data.sync.timeout.retry = -1 (default)
2021-10-17 01:34:17,739 [EventQueue-OpenPipelineForHealthyPipelineSafeModeRule] INFO  safemode.SCMSafeModeManager (HealthyPipelineSafeModeRule.java:process(124)) - SCM in safe mode. Healthy pipelines reported count is 0, required healthy pipeline reported count is 1
2021-10-17 01:34:17,740 [pool-97-thread-1] INFO  server.RaftServerConfigKeys (ConfUtils.java:logGet(44)) - raft.server.log.write.buffer.size = 1048576 (custom)
2021-10-17 01:34:17,740 [pool-97-thread-1] INFO  server.RaftServerConfigKeys (ConfUtils.java:logGet(44)) - raft.server.log.statemachine.data.caching.enabled = true (custom)
2021-10-17 01:34:17,741 [pool-97-thread-1] INFO  segmented.SegmentedRaftLogWorker (SegmentedRaftLogWorker.java:lambda$new$0(133)) - 89fab1f2-29d6-4782-92bb-861e4d6ff694@group-67FF69347536-SegmentedRaftLogWorker: flushIndex: setUnconditionally 0 -> -1
2021-10-17 01:34:17,741 [pool-97-thread-1] INFO  segmented.SegmentedRaftLogWorker (SegmentedRaftLogWorker.java:lambda$new$0(133)) - 89fab1f2-29d6-4782-92bb-861e4d6ff694@group-67FF69347536-SegmentedRaftLogWorker: safeCacheEvictIndex: setUnconditionally 0 -> -1
2021-10-17 01:34:17,741 [pool-97-thread-1] INFO  server.RaftServerConfigKeys (ConfUtils.java:logGet(44)) - raft.server.snapshot.auto.trigger.enabled = true (custom)
2021-10-17 01:34:17,741 [pool-97-thread-1] INFO  server.RaftServerConfigKeys (ConfUtils.java:logGet(44)) - raft.server.snapshot.auto.trigger.threshold = 10000 (custom)
2021-10-17 01:34:17,741 [pool-97-thread-1] INFO  server.RaftServerConfigKeys (ConfUtils.java:logGet(44)) - raft.server.snapshot.retention.file.num = 5 (custom)
2021-10-17 01:34:17,741 [pool-97-thread-1] INFO  server.RaftServerConfigKeys (ConfUtils.java:logGet(44)) - raft.server.log.purge.upto.snapshot.index = false (default)
2021-10-17 01:34:17,741 [pool-97-thread-1] INFO  server.RaftServerConfigKeys (ConfUtils.java:logGet(44)) - raft.server.retrycache.expirytime = 600000ms (custom)
2021-10-17 01:34:17,741 [pool-97-thread-1] INFO  server.RaftServerConfigKeys (ConfUtils.java:logGet(44)) - raft.server.retrycache.statistics.expirytime = 100μs (default)
2021-10-17 01:34:17,742 [pool-97-thread-1] INFO  server.RaftServer$Division (RaftServerImpl.java:start(296)) - 89fab1f2-29d6-4782-92bb-861e4d6ff694@group-67FF69347536: start as a follower, conf=-1: [89fab1f2-29d6-4782-92bb-861e4d6ff694|rpc:10.1.0.12:34899|priority:0, c68442bd-a156-42c2-9473-4201701bbee4|rpc:10.1.0.12:36205|priority:1, a5ef7eb4-0585-479c-9d56-cfefd71a4940|rpc:10.1.0.12:45551|priority:0], old=null
2021-10-17 01:34:17,742 [pool-97-thread-1] INFO  server.RaftServer$Division (RaftServerImpl.java:setRole(285)) - 89fab1f2-29d6-4782-92bb-861e4d6ff694@group-67FF69347536: changes role from      null to FOLLOWER at term 0 for startAsFollower
2021-10-17 01:34:17,742 [pool-97-thread-1] INFO  impl.RoleInfo (RoleInfo.java:updateAndGet(130)) - 89fab1f2-29d6-4782-92bb-861e4d6ff694: start 89fab1f2-29d6-4782-92bb-861e4d6ff694@group-67FF69347536-FollowerState
2021-10-17 01:34:17,747 [pool-97-thread-1] INFO  util.JmxRegister (JmxRegister.java:tryRegister(44)) - Successfully registered JMX Bean with object name Ratis:service=RaftServer,group=group-67FF69347536,id=89fab1f2-29d6-4782-92bb-861e4d6ff694
2021-10-17 01:34:17,748 [Command processor thread] INFO  ratis.XceiverServerRatis (XceiverServerRatis.java:addGroup(768)) - Created group PipelineID=c8ccc7e0-180a-4e21-88ef-67ff69347536
2021-10-17 01:34:17,808 [grpc-default-executor-3] INFO  server.RaftServer (RaftServerProxy.java:addNew(95)) - c68442bd-a156-42c2-9473-4201701bbee4: addNew group-67FF69347536:[89fab1f2-29d6-4782-92bb-861e4d6ff694|rpc:10.1.0.12:34899|dataStream:|priority:0, c68442bd-a156-42c2-9473-4201701bbee4|rpc:10.1.0.12:36205|dataStream:|priority:1, a5ef7eb4-0585-479c-9d56-cfefd71a4940|rpc:10.1.0.12:45551|dataStream:|priority:0] returns group-67FF69347536:java.util.concurrent.CompletableFuture@fb11962[Not completed]
2021-10-17 01:34:17,809 [pool-116-thread-1] INFO  server.RaftServer$Division (RaftServerImpl.java:<init>(181)) - c68442bd-a156-42c2-9473-4201701bbee4: new RaftServerImpl for group-67FF69347536:[89fab1f2-29d6-4782-92bb-861e4d6ff694|rpc:10.1.0.12:34899|dataStream:|priority:0, c68442bd-a156-42c2-9473-4201701bbee4|rpc:10.1.0.12:36205|dataStream:|priority:1, a5ef7eb4-0585-479c-9d56-cfefd71a4940|rpc:10.1.0.12:45551|dataStream:|priority:0] with ContainerStateMachine:uninitialized
2021-10-17 01:34:17,810 [pool-116-thread-1] INFO  server.RaftServerConfigKeys (ConfUtils.java:logGet(44)) - raft.server.rpc.timeout.min = 5s (custom)
2021-10-17 01:34:17,810 [pool-116-thread-1] INFO  server.RaftServerConfigKeys (ConfUtils.java:logGet(44)) - raft.server.rpc.timeout.max = 5200ms (custom)
2021-10-17 01:34:17,810 [pool-116-thread-1] INFO  server.RaftServerConfigKeys (ConfUtils.java:logGet(44)) - raft.server.rpc.sleep.time = 25ms (default)
2021-10-17 01:34:17,810 [pool-116-thread-1] INFO  server.RaftServerConfigKeys (ConfUtils.java:logGet(44)) - raft.server.rpc.slowness.timeout = 300s (custom)
2021-10-17 01:34:17,810 [pool-116-thread-1] INFO  server.RaftServerConfigKeys (ConfUtils.java:logGet(44)) - raft.server.leaderelection.leader.step-down.wait-time = 10s (default)
2021-10-17 01:34:17,810 [pool-116-thread-1] INFO  server.RaftServerConfigKeys (ConfUtils.java:logGet(44)) - raft.server.sleep.deviation.threshold = 300ms (default)
2021-10-17 01:34:17,810 [pool-116-thread-1] INFO  server.RaftServerConfigKeys (ConfUtils.java:logGet(44)) - raft.server.log.appender.install.snapshot.enabled = false (custom)
2021-10-17 01:34:17,810 [pool-116-thread-1] INFO  server.RaftServer$Division (ServerState.java:<init>(105)) - c68442bd-a156-42c2-9473-4201701bbee4@group-67FF69347536: ConfigurationManager, init=-1: [89fab1f2-29d6-4782-92bb-861e4d6ff694|rpc:10.1.0.12:34899|dataStream:|priority:0, c68442bd-a156-42c2-9473-4201701bbee4|rpc:10.1.0.12:36205|dataStream:|priority:1, a5ef7eb4-0585-479c-9d56-cfefd71a4940|rpc:10.1.0.12:45551|dataStream:|priority:0], old=null, confs=<EMPTY_MAP>
2021-10-17 01:34:17,811 [pool-116-thread-1] INFO  server.RaftServerConfigKeys (ConfUtils.java:logGet(44)) - raft.server.storage.dir = [/home/runner/work/ozone/ozone/hadoop-ozone/integration-test/target/test-dir/MiniOzoneClusterImpl-e6b5673d-0e05-4a61-970a-b11d77d0bde6/datanode-1/data/ratis] (custom)
2021-10-17 01:34:17,811 [pool-116-thread-1] INFO  server.RaftServerConfigKeys (ConfUtils.java:logGet(44)) - raft.server.log.corruption.policy = EXCEPTION (default)
2021-10-17 01:34:17,811 [pool-116-thread-1] INFO  server.RaftServerConfigKeys (ConfUtils.java:logGet(44)) - raft.server.storage.free-space.min = 0MB (=0) (default)
2021-10-17 01:34:17,811 [pool-116-thread-1] INFO  storage.RaftStorageDirectory (RaftStorageDirectoryImpl.java:analyzeStorage(135)) - The storage directory /home/runner/work/ozone/ozone/hadoop-ozone/integration-test/target/test-dir/MiniOzoneClusterImpl-e6b5673d-0e05-4a61-970a-b11d77d0bde6/datanode-1/data/ratis/c8ccc7e0-180a-4e21-88ef-67ff69347536 does not exist. Creating ...
2021-10-17 01:34:17,815 [pool-116-thread-1] INFO  storage.RaftStorageDirectory (RaftStorageDirectoryImpl.java:tryLock(230)) - Lock on /home/runner/work/ozone/ozone/hadoop-ozone/integration-test/target/test-dir/MiniOzoneClusterImpl-e6b5673d-0e05-4a61-970a-b11d77d0bde6/datanode-1/data/ratis/c8ccc7e0-180a-4e21-88ef-67ff69347536/in_use.lock acquired by nodename 15180@fv-az151-444
2021-10-17 01:34:17,816 [pool-116-thread-1] INFO  storage.RaftStorage (RaftStorageImpl.java:format(89)) - Storage directory /home/runner/work/ozone/ozone/hadoop-ozone/integration-test/target/test-dir/MiniOzoneClusterImpl-e6b5673d-0e05-4a61-970a-b11d77d0bde6/datanode-1/data/ratis/c8ccc7e0-180a-4e21-88ef-67ff69347536 has been successfully formatted.
2021-10-17 01:34:17,817 [Datanode State Machine Thread - 0] WARN  statemachine.StateContext (StateContext.java:execute(621)) - No available thread in pool for past 1 seconds.
2021-10-17 01:34:17,820 [pool-116-thread-1] INFO  ratis.ContainerStateMachine (ContainerStateMachine.java:loadSnapshot(224)) - group-67FF69347536: The snapshot info is null. Setting the last applied indexto:(t:0, i:~)
2021-10-17 01:34:17,821 [pool-116-thread-1] INFO  server.RaftServerConfigKeys (ConfUtils.java:logGet(44)) - raft.server.notification.no-leader.timeout = 300s (custom)
2021-10-17 01:34:17,821 [pool-116-thread-1] INFO  server.RaftServerConfigKeys (ConfUtils.java:logGet(44)) - raft.server.log.use.memory = false (default)
2021-10-17 01:34:17,821 [pool-116-thread-1] INFO  server.RaftServerConfigKeys (ConfUtils.java:logGet(44)) - raft.server.log.purge.gap = 1000000 (custom)
2021-10-17 01:34:17,821 [pool-116-thread-1] INFO  server.RaftServerConfigKeys (ConfUtils.java:logGet(44)) - raft.server.log.appender.buffer.byte-limit = 33554432 (custom)
2021-10-17 01:34:17,821 [pool-116-thread-1] INFO  server.RaftServerConfigKeys (ConfUtils.java:logGet(44)) - raft.server.log.segment.size.max = 1048576 (custom)
2021-10-17 01:34:17,822 [pool-116-thread-1] INFO  server.RaftServerConfigKeys (ConfUtils.java:logGet(44)) - raft.server.log.segment.cache.num.max = 2 (custom)
2021-10-17 01:34:17,822 [pool-116-thread-1] INFO  server.RaftServerConfigKeys (ConfUtils.java:logGet(44)) - raft.server.log.segment.cache.size.max = 200MB (=209715200) (default)
2021-10-17 01:34:17,822 [pool-116-thread-1] INFO  segmented.SegmentedRaftLogWorker (SegmentedRaftLogWorker.java:<init>(182)) - new c68442bd-a156-42c2-9473-4201701bbee4@group-67FF69347536-SegmentedRaftLogWorker for RaftStorageImpl:Storage Directory /home/runner/work/ozone/ozone/hadoop-ozone/integration-test/target/test-dir/MiniOzoneClusterImpl-e6b5673d-0e05-4a61-970a-b11d77d0bde6/datanode-1/data/ratis/c8ccc7e0-180a-4e21-88ef-67ff69347536
2021-10-17 01:34:17,822 [pool-116-thread-1] INFO  server.RaftServerConfigKeys (ConfUtils.java:logGet(44)) - raft.server.log.queue.byte-limit = 2147483647 (custom)
2021-10-17 01:34:17,822 [pool-116-thread-1] INFO  server.RaftServerConfigKeys (ConfUtils.java:logGet(44)) - raft.server.log.queue.element-limit = 1024 (custom)
2021-10-17 01:34:17,822 [pool-116-thread-1] INFO  server.RaftServerConfigKeys (ConfUtils.java:logGet(44)) - raft.server.log.segment.size.max = 1048576 (custom)
2021-10-17 01:34:17,822 [pool-116-thread-1] INFO  server.RaftServerConfigKeys (ConfUtils.java:logGet(44)) - raft.server.log.preallocated.size = 16384 (custom)
2021-10-17 01:34:17,822 [pool-116-thread-1] INFO  server.RaftServerConfigKeys (ConfUtils.java:logGet(44)) - raft.server.log.force.sync.num = 128 (default)
2021-10-17 01:34:17,823 [pool-116-thread-1] INFO  server.RaftServerConfigKeys (ConfUtils.java:logGet(44)) - raft.server.log.statemachine.data.sync = true (default)
2021-10-17 01:34:17,823 [pool-116-thread-1] INFO  server.RaftServerConfigKeys (ConfUtils.java:logGet(44)) - raft.server.log.statemachine.data.sync.timeout = 10s (default)
2021-10-17 01:34:17,823 [pool-116-thread-1] INFO  server.RaftServerConfigKeys (ConfUtils.java:logGet(44)) - raft.server.log.statemachine.data.sync.timeout.retry = -1 (default)
2021-10-17 01:34:17,823 [pool-116-thread-1] INFO  server.RaftServerConfigKeys (ConfUtils.java:logGet(44)) - raft.server.log.write.buffer.size = 1048576 (custom)
2021-10-17 01:34:17,824 [pool-116-thread-1] INFO  server.RaftServerConfigKeys (ConfUtils.java:logGet(44)) - raft.server.log.statemachine.data.caching.enabled = true (custom)
2021-10-17 01:34:17,824 [pool-116-thread-1] INFO  segmented.SegmentedRaftLogWorker (SegmentedRaftLogWorker.java:lambda$new$0(133)) - c68442bd-a156-42c2-9473-4201701bbee4@group-67FF69347536-SegmentedRaftLogWorker: flushIndex: setUnconditionally 0 -> -1
2021-10-17 01:34:17,824 [pool-116-thread-1] INFO  segmented.SegmentedRaftLogWorker (SegmentedRaftLogWorker.java:lambda$new$0(133)) - c68442bd-a156-42c2-9473-4201701bbee4@group-67FF69347536-SegmentedRaftLogWorker: safeCacheEvictIndex: setUnconditionally 0 -> -1
2021-10-17 01:34:17,825 [pool-116-thread-1] INFO  server.RaftServerConfigKeys (ConfUtils.java:logGet(44)) - raft.server.snapshot.auto.trigger.enabled = true (custom)
2021-10-17 01:34:17,825 [pool-116-thread-1] INFO  server.RaftServerConfigKeys (ConfUtils.java:logGet(44)) - raft.server.snapshot.auto.trigger.threshold = 10000 (custom)
2021-10-17 01:34:17,825 [pool-116-thread-1] INFO  server.RaftServerConfigKeys (ConfUtils.java:logGet(44)) - raft.server.snapshot.retention.file.num = 5 (custom)
2021-10-17 01:34:17,825 [pool-116-thread-1] INFO  server.RaftServerConfigKeys (ConfUtils.java:logGet(44)) - raft.server.log.purge.upto.snapshot.index = false (default)
2021-10-17 01:34:17,825 [pool-116-thread-1] INFO  server.RaftServerConfigKeys (ConfUtils.java:logGet(44)) - raft.server.retrycache.expirytime = 600000ms (custom)
2021-10-17 01:34:17,825 [pool-116-thread-1] INFO  server.RaftServerConfigKeys (ConfUtils.java:logGet(44)) - raft.server.retrycache.statistics.expirytime = 100μs (default)
2021-10-17 01:34:17,826 [pool-116-thread-1] INFO  server.RaftServer$Division (RaftServerImpl.java:start(296)) - c68442bd-a156-42c2-9473-4201701bbee4@group-67FF69347536: start as a follower, conf=-1: [89fab1f2-29d6-4782-92bb-861e4d6ff694|rpc:10.1.0.12:34899|dataStream:|priority:0, c68442bd-a156-42c2-9473-4201701bbee4|rpc:10.1.0.12:36205|dataStream:|priority:1, a5ef7eb4-0585-479c-9d56-cfefd71a4940|rpc:10.1.0.12:45551|dataStream:|priority:0], old=null
2021-10-17 01:34:17,826 [pool-116-thread-1] INFO  server.RaftServer$Division (RaftServerImpl.java:setRole(285)) - c68442bd-a156-42c2-9473-4201701bbee4@group-67FF69347536: changes role from      null to FOLLOWER at term 0 for startAsFollower
2021-10-17 01:34:17,826 [pool-116-thread-1] INFO  impl.RoleInfo (RoleInfo.java:updateAndGet(130)) - c68442bd-a156-42c2-9473-4201701bbee4: start c68442bd-a156-42c2-9473-4201701bbee4@group-67FF69347536-FollowerState
2021-10-17 01:34:17,826 [pool-116-thread-1] INFO  util.JmxRegister (JmxRegister.java:tryRegister(44)) - Successfully registered JMX Bean with object name Ratis:service=RaftServer,group=group-67FF69347536,id=c68442bd-a156-42c2-9473-4201701bbee4
2021-10-17 01:34:17,879 [grpc-default-executor-3] INFO  server.RaftServer (RaftServerProxy.java:addNew(95)) - a5ef7eb4-0585-479c-9d56-cfefd71a4940: addNew group-67FF69347536:[89fab1f2-29d6-4782-92bb-861e4d6ff694|rpc:10.1.0.12:34899|dataStream:|priority:0, c68442bd-a156-42c2-9473-4201701bbee4|rpc:10.1.0.12:36205|dataStream:|priority:1, a5ef7eb4-0585-479c-9d56-cfefd71a4940|rpc:10.1.0.12:45551|dataStream:|priority:0] returns group-67FF69347536:java.util.concurrent.CompletableFuture@6941a397[Not completed]
2021-10-17 01:34:17,880 [pool-135-thread-1] INFO  server.RaftServer$Division (RaftServerImpl.java:<init>(181)) - a5ef7eb4-0585-479c-9d56-cfefd71a4940: new RaftServerImpl for group-67FF69347536:[89fab1f2-29d6-4782-92bb-861e4d6ff694|rpc:10.1.0.12:34899|dataStream:|priority:0, c68442bd-a156-42c2-9473-4201701bbee4|rpc:10.1.0.12:36205|dataStream:|priority:1, a5ef7eb4-0585-479c-9d56-cfefd71a4940|rpc:10.1.0.12:45551|dataStream:|priority:0] with ContainerStateMachine:uninitialized
2021-10-17 01:34:17,880 [pool-135-thread-1] INFO  server.RaftServerConfigKeys (ConfUtils.java:logGet(44)) - raft.server.rpc.timeout.min = 5s (custom)
2021-10-17 01:34:17,881 [pool-135-thread-1] INFO  server.RaftServerConfigKeys (ConfUtils.java:logGet(44)) - raft.server.rpc.timeout.max = 5200ms (custom)
2021-10-17 01:34:17,881 [pool-135-thread-1] INFO  server.RaftServerConfigKeys (ConfUtils.java:logGet(44)) - raft.server.rpc.sleep.time = 25ms (default)
2021-10-17 01:34:17,881 [pool-135-thread-1] INFO  server.RaftServerConfigKeys (ConfUtils.java:logGet(44)) - raft.server.rpc.slowness.timeout = 300s (custom)
2021-10-17 01:34:17,881 [pool-135-thread-1] INFO  server.RaftServerConfigKeys (ConfUtils.java:logGet(44)) - raft.server.leaderelection.leader.step-down.wait-time = 10s (default)
2021-10-17 01:34:17,881 [pool-135-thread-1] INFO  server.RaftServerConfigKeys (ConfUtils.java:logGet(44)) - raft.server.sleep.deviation.threshold = 300ms (default)
2021-10-17 01:34:17,881 [pool-135-thread-1] INFO  server.RaftServerConfigKeys (ConfUtils.java:logGet(44)) - raft.server.log.appender.install.snapshot.enabled = false (custom)
2021-10-17 01:34:17,881 [pool-135-thread-1] INFO  server.RaftServer$Division (ServerState.java:<init>(105)) - a5ef7eb4-0585-479c-9d56-cfefd71a4940@group-67FF69347536: ConfigurationManager, init=-1: [89fab1f2-29d6-4782-92bb-861e4d6ff694|rpc:10.1.0.12:34899|dataStream:|priority:0, c68442bd-a156-42c2-9473-4201701bbee4|rpc:10.1.0.12:36205|dataStream:|priority:1, a5ef7eb4-0585-479c-9d56-cfefd71a4940|rpc:10.1.0.12:45551|dataStream:|priority:0], old=null, confs=<EMPTY_MAP>
2021-10-17 01:34:17,881 [pool-135-thread-1] INFO  server.RaftServerConfigKeys (ConfUtils.java:logGet(44)) - raft.server.storage.dir = [/home/runner/work/ozone/ozone/hadoop-ozone/integration-test/target/test-dir/MiniOzoneClusterImpl-e6b5673d-0e05-4a61-970a-b11d77d0bde6/datanode-2/data/ratis] (custom)
2021-10-17 01:34:17,881 [pool-135-thread-1] INFO  server.RaftServerConfigKeys (ConfUtils.java:logGet(44)) - raft.server.log.corruption.policy = EXCEPTION (default)
2021-10-17 01:34:17,881 [pool-135-thread-1] INFO  server.RaftServerConfigKeys (ConfUtils.java:logGet(44)) - raft.server.storage.free-space.min = 0MB (=0) (default)
2021-10-17 01:34:17,882 [pool-135-thread-1] INFO  storage.RaftStorageDirectory (RaftStorageDirectoryImpl.java:analyzeStorage(135)) - The storage directory /home/runner/work/ozone/ozone/hadoop-ozone/integration-test/target/test-dir/MiniOzoneClusterImpl-e6b5673d-0e05-4a61-970a-b11d77d0bde6/datanode-2/data/ratis/c8ccc7e0-180a-4e21-88ef-67ff69347536 does not exist. Creating ...
2021-10-17 01:34:17,883 [pool-135-thread-1] INFO  storage.RaftStorageDirectory (RaftStorageDirectoryImpl.java:tryLock(230)) - Lock on /home/runner/work/ozone/ozone/hadoop-ozone/integration-test/target/test-dir/MiniOzoneClusterImpl-e6b5673d-0e05-4a61-970a-b11d77d0bde6/datanode-2/data/ratis/c8ccc7e0-180a-4e21-88ef-67ff69347536/in_use.lock acquired by nodename 15180@fv-az151-444
2021-10-17 01:34:17,884 [pool-135-thread-1] INFO  storage.RaftStorage (RaftStorageImpl.java:format(89)) - Storage directory /home/runner/work/ozone/ozone/hadoop-ozone/integration-test/target/test-dir/MiniOzoneClusterImpl-e6b5673d-0e05-4a61-970a-b11d77d0bde6/datanode-2/data/ratis/c8ccc7e0-180a-4e21-88ef-67ff69347536 has been successfully formatted.
2021-10-17 01:34:17,885 [Datanode State Machine Thread - 0] WARN  statemachine.StateContext (StateContext.java:execute(621)) - No available thread in pool for past 1 seconds.
2021-10-17 01:34:17,888 [pool-135-thread-1] INFO  ratis.ContainerStateMachine (ContainerStateMachine.java:loadSnapshot(224)) - group-67FF69347536: The snapshot info is null. Setting the last applied indexto:(t:0, i:~)
2021-10-17 01:34:17,889 [pool-135-thread-1] INFO  server.RaftServerConfigKeys (ConfUtils.java:logGet(44)) - raft.server.notification.no-leader.timeout = 300s (custom)
2021-10-17 01:34:17,889 [pool-135-thread-1] INFO  server.RaftServerConfigKeys (ConfUtils.java:logGet(44)) - raft.server.log.use.memory = false (default)
2021-10-17 01:34:17,889 [pool-135-thread-1] INFO  server.RaftServerConfigKeys (ConfUtils.java:logGet(44)) - raft.server.log.purge.gap = 1000000 (custom)
2021-10-17 01:34:17,889 [pool-135-thread-1] INFO  server.RaftServerConfigKeys (ConfUtils.java:logGet(44)) - raft.server.log.appender.buffer.byte-limit = 33554432 (custom)
2021-10-17 01:34:17,889 [pool-135-thread-1] INFO  server.RaftServerConfigKeys (ConfUtils.java:logGet(44)) - raft.server.log.segment.size.max = 1048576 (custom)
2021-10-17 01:34:17,889 [pool-135-thread-1] INFO  server.RaftServerConfigKeys (ConfUtils.java:logGet(44)) - raft.server.log.segment.cache.num.max = 2 (custom)
2021-10-17 01:34:17,890 [pool-135-thread-1] INFO  server.RaftServerConfigKeys (ConfUtils.java:logGet(44)) - raft.server.log.segment.cache.size.max = 200MB (=209715200) (default)
2021-10-17 01:34:17,890 [pool-135-thread-1] INFO  segmented.SegmentedRaftLogWorker (SegmentedRaftLogWorker.java:<init>(182)) - new a5ef7eb4-0585-479c-9d56-cfefd71a4940@group-67FF69347536-SegmentedRaftLogWorker for RaftStorageImpl:Storage Directory /home/runner/work/ozone/ozone/hadoop-ozone/integration-test/target/test-dir/MiniOzoneClusterImpl-e6b5673d-0e05-4a61-970a-b11d77d0bde6/datanode-2/data/ratis/c8ccc7e0-180a-4e21-88ef-67ff69347536
2021-10-17 01:34:17,890 [pool-135-thread-1] INFO  server.RaftServerConfigKeys (ConfUtils.java:logGet(44)) - raft.server.log.queue.byte-limit = 2147483647 (custom)
2021-10-17 01:34:17,890 [pool-135-thread-1] INFO  server.RaftServerConfigKeys (ConfUtils.java:logGet(44)) - raft.server.log.queue.element-limit = 1024 (custom)
2021-10-17 01:34:17,890 [pool-135-thread-1] INFO  server.RaftServerConfigKeys (ConfUtils.java:logGet(44)) - raft.server.log.segment.size.max = 1048576 (custom)
2021-10-17 01:34:17,890 [pool-135-thread-1] INFO  server.RaftServerConfigKeys (ConfUtils.java:logGet(44)) - raft.server.log.preallocated.size = 16384 (custom)
2021-10-17 01:34:17,890 [pool-135-thread-1] INFO  server.RaftServerConfigKeys (ConfUtils.java:logGet(44)) - raft.server.log.force.sync.num = 128 (default)
2021-10-17 01:34:17,890 [pool-135-thread-1] INFO  server.RaftServerConfigKeys (ConfUtils.java:logGet(44)) - raft.server.log.statemachine.data.sync = true (default)
2021-10-17 01:34:17,890 [pool-135-thread-1] INFO  server.RaftServerConfigKeys (ConfUtils.java:logGet(44)) - raft.server.log.statemachine.data.sync.timeout = 10s (default)
2021-10-17 01:34:17,890 [pool-135-thread-1] INFO  server.RaftServerConfigKeys (ConfUtils.java:logGet(44)) - raft.server.log.statemachine.data.sync.timeout.retry = -1 (default)
2021-10-17 01:34:17,891 [pool-135-thread-1] INFO  server.RaftServerConfigKeys (ConfUtils.java:logGet(44)) - raft.server.log.write.buffer.size = 1048576 (custom)
2021-10-17 01:34:17,891 [pool-135-thread-1] INFO  server.RaftServerConfigKeys (ConfUtils.java:logGet(44)) - raft.server.log.statemachine.data.caching.enabled = true (custom)
2021-10-17 01:34:17,892 [pool-135-thread-1] INFO  segmented.SegmentedRaftLogWorker (SegmentedRaftLogWorker.java:lambda$new$0(133)) - a5ef7eb4-0585-479c-9d56-cfefd71a4940@group-67FF69347536-SegmentedRaftLogWorker: flushIndex: setUnconditionally 0 -> -1
2021-10-17 01:34:17,892 [pool-135-thread-1] INFO  segmented.SegmentedRaftLogWorker (SegmentedRaftLogWorker.java:lambda$new$0(133)) - a5ef7eb4-0585-479c-9d56-cfefd71a4940@group-67FF69347536-SegmentedRaftLogWorker: safeCacheEvictIndex: setUnconditionally 0 -> -1
2021-10-17 01:34:17,892 [pool-135-thread-1] INFO  server.RaftServerConfigKeys (ConfUtils.java:logGet(44)) - raft.server.snapshot.auto.trigger.enabled = true (custom)
2021-10-17 01:34:17,892 [pool-135-thread-1] INFO  server.RaftServerConfigKeys (ConfUtils.java:logGet(44)) - raft.server.snapshot.auto.trigger.threshold = 10000 (custom)
2021-10-17 01:34:17,892 [pool-135-thread-1] INFO  server.RaftServerConfigKeys (ConfUtils.java:logGet(44)) - raft.server.snapshot.retention.file.num = 5 (custom)
2021-10-17 01:34:17,892 [pool-135-thread-1] INFO  server.RaftServerConfigKeys (ConfUtils.java:logGet(44)) - raft.server.log.purge.upto.snapshot.index = false (default)
2021-10-17 01:34:17,892 [pool-135-thread-1] INFO  server.RaftServerConfigKeys (ConfUtils.java:logGet(44)) - raft.server.retrycache.expirytime = 600000ms (custom)
2021-10-17 01:34:17,892 [pool-135-thread-1] INFO  server.RaftServerConfigKeys (ConfUtils.java:logGet(44)) - raft.server.retrycache.statistics.expirytime = 100μs (default)
2021-10-17 01:34:17,893 [pool-135-thread-1] INFO  server.RaftServer$Division (RaftServerImpl.java:start(296)) - a5ef7eb4-0585-479c-9d56-cfefd71a4940@group-67FF69347536: start as a follower, conf=-1: [89fab1f2-29d6-4782-92bb-861e4d6ff694|rpc:10.1.0.12:34899|dataStream:|priority:0, c68442bd-a156-42c2-9473-4201701bbee4|rpc:10.1.0.12:36205|dataStream:|priority:1, a5ef7eb4-0585-479c-9d56-cfefd71a4940|rpc:10.1.0.12:45551|dataStream:|priority:0], old=null
2021-10-17 01:34:17,893 [pool-135-thread-1] INFO  server.RaftServer$Division (RaftServerImpl.java:setRole(285)) - a5ef7eb4-0585-479c-9d56-cfefd71a4940@group-67FF69347536: changes role from      null to FOLLOWER at term 0 for startAsFollower
2021-10-17 01:34:17,893 [pool-135-thread-1] INFO  impl.RoleInfo (RoleInfo.java:updateAndGet(130)) - a5ef7eb4-0585-479c-9d56-cfefd71a4940: start a5ef7eb4-0585-479c-9d56-cfefd71a4940@group-67FF69347536-FollowerState
2021-10-17 01:34:17,894 [pool-135-thread-1] INFO  util.JmxRegister (JmxRegister.java:tryRegister(44)) - Successfully registered JMX Bean with object name Ratis:service=RaftServer,group=group-67FF69347536,id=a5ef7eb4-0585-479c-9d56-cfefd71a4940
2021-10-17 01:34:17,904 [Command processor thread] INFO  commandhandler.CreatePipelineCommandHandler (CreatePipelineCommandHandler.java:handle(106)) - Created Pipeline RATIS THREE PipelineID=c8ccc7e0-180a-4e21-88ef-67ff69347536.
2021-10-17 01:34:17,904 [Command processor thread] INFO  server.RaftServer (RaftServerProxy.java:addNew(95)) - 89fab1f2-29d6-4782-92bb-861e4d6ff694: addNew group-C8848C1A0092:[89fab1f2-29d6-4782-92bb-861e4d6ff694|rpc:10.1.0.12:34899|priority:0, c68442bd-a156-42c2-9473-4201701bbee4|rpc:10.1.0.12:36205|priority:0, a5ef7eb4-0585-479c-9d56-cfefd71a4940|rpc:10.1.0.12:45551|priority:1] returns group-C8848C1A0092:java.util.concurrent.CompletableFuture@5bfd0235[Not completed]
2021-10-17 01:34:17,905 [pool-97-thread-1] INFO  server.RaftServer$Division (RaftServerImpl.java:<init>(181)) - 89fab1f2-29d6-4782-92bb-861e4d6ff694: new RaftServerImpl for group-C8848C1A0092:[89fab1f2-29d6-4782-92bb-861e4d6ff694|rpc:10.1.0.12:34899|priority:0, c68442bd-a156-42c2-9473-4201701bbee4|rpc:10.1.0.12:36205|priority:0, a5ef7eb4-0585-479c-9d56-cfefd71a4940|rpc:10.1.0.12:45551|priority:1] with ContainerStateMachine:uninitialized
2021-10-17 01:34:17,905 [pool-97-thread-1] INFO  server.RaftServerConfigKeys (ConfUtils.java:logGet(44)) - raft.server.rpc.timeout.min = 5s (custom)
2021-10-17 01:34:17,905 [pool-97-thread-1] INFO  server.RaftServerConfigKeys (ConfUtils.java:logGet(44)) - raft.server.rpc.timeout.max = 5200ms (custom)
2021-10-17 01:34:17,905 [pool-97-thread-1] INFO  server.RaftServerConfigKeys (ConfUtils.java:logGet(44)) - raft.server.rpc.sleep.time = 25ms (default)
2021-10-17 01:34:17,905 [pool-97-thread-1] INFO  server.RaftServerConfigKeys (ConfUtils.java:logGet(44)) - raft.server.rpc.slowness.timeout = 300s (custom)
2021-10-17 01:34:17,905 [pool-97-thread-1] INFO  server.RaftServerConfigKeys (ConfUtils.java:logGet(44)) - raft.server.leaderelection.leader.step-down.wait-time = 10s (default)
2021-10-17 01:34:17,905 [pool-97-thread-1] INFO  server.RaftServerConfigKeys (ConfUtils.java:logGet(44)) - raft.server.sleep.deviation.threshold = 300ms (default)
2021-10-17 01:34:17,905 [pool-97-thread-1] INFO  server.RaftServerConfigKeys (ConfUtils.java:logGet(44)) - raft.server.log.appender.install.snapshot.enabled = false (custom)
2021-10-17 01:34:17,905 [pool-97-thread-1] INFO  server.RaftServer$Division (ServerState.java:<init>(105)) - 89fab1f2-29d6-4782-92bb-861e4d6ff694@group-C8848C1A0092: ConfigurationManager, init=-1: [89fab1f2-29d6-4782-92bb-861e4d6ff694|rpc:10.1.0.12:34899|priority:0, c68442bd-a156-42c2-9473-4201701bbee4|rpc:10.1.0.12:36205|priority:0, a5ef7eb4-0585-479c-9d56-cfefd71a4940|rpc:10.1.0.12:45551|priority:1], old=null, confs=<EMPTY_MAP>
2021-10-17 01:34:17,906 [pool-97-thread-1] INFO  server.RaftServerConfigKeys (ConfUtils.java:logGet(44)) - raft.server.storage.dir = [/home/runner/work/ozone/ozone/hadoop-ozone/integration-test/target/test-dir/MiniOzoneClusterImpl-e6b5673d-0e05-4a61-970a-b11d77d0bde6/datanode-0/data/ratis] (custom)
2021-10-17 01:34:17,906 [pool-97-thread-1] INFO  server.RaftServerConfigKeys (ConfUtils.java:logGet(44)) - raft.server.log.corruption.policy = EXCEPTION (default)
2021-10-17 01:34:17,906 [pool-97-thread-1] INFO  server.RaftServerConfigKeys (ConfUtils.java:logGet(44)) - raft.server.storage.free-space.min = 0MB (=0) (default)
2021-10-17 01:34:17,906 [pool-97-thread-1] INFO  storage.RaftStorageDirectory (RaftStorageDirectoryImpl.java:analyzeStorage(135)) - The storage directory /home/runner/work/ozone/ozone/hadoop-ozone/integration-test/target/test-dir/MiniOzoneClusterImpl-e6b5673d-0e05-4a61-970a-b11d77d0bde6/datanode-0/data/ratis/48443c3e-2a63-40dd-b7f0-c8848c1a0092 does not exist. Creating ...
2021-10-17 01:34:17,907 [pool-97-thread-1] INFO  storage.RaftStorageDirectory (RaftStorageDirectoryImpl.java:tryLock(230)) - Lock on /home/runner/work/ozone/ozone/hadoop-ozone/integration-test/target/test-dir/MiniOzoneClusterImpl-e6b5673d-0e05-4a61-970a-b11d77d0bde6/datanode-0/data/ratis/48443c3e-2a63-40dd-b7f0-c8848c1a0092/in_use.lock acquired by nodename 15180@fv-az151-444
2021-10-17 01:34:17,908 [pool-97-thread-1] INFO  storage.RaftStorage (RaftStorageImpl.java:format(89)) - Storage directory /home/runner/work/ozone/ozone/hadoop-ozone/integration-test/target/test-dir/MiniOzoneClusterImpl-e6b5673d-0e05-4a61-970a-b11d77d0bde6/datanode-0/data/ratis/48443c3e-2a63-40dd-b7f0-c8848c1a0092 has been successfully formatted.
2021-10-17 01:34:17,908 [pool-97-thread-1] INFO  ratis.ContainerStateMachine (ContainerStateMachine.java:loadSnapshot(224)) - group-C8848C1A0092: The snapshot info is null. Setting the last applied indexto:(t:0, i:~)
2021-10-17 01:34:17,908 [pool-97-thread-1] INFO  server.RaftServerConfigKeys (ConfUtils.java:logGet(44)) - raft.server.notification.no-leader.timeout = 300s (custom)
2021-10-17 01:34:17,908 [pool-97-thread-1] INFO  server.RaftServerConfigKeys (ConfUtils.java:logGet(44)) - raft.server.log.use.memory = false (default)
2021-10-17 01:34:17,909 [pool-97-thread-1] INFO  server.RaftServerConfigKeys (ConfUtils.java:logGet(44)) - raft.server.log.purge.gap = 1000000 (custom)
2021-10-17 01:34:17,909 [pool-97-thread-1] INFO  server.RaftServerConfigKeys (ConfUtils.java:logGet(44)) - raft.server.log.appender.buffer.byte-limit = 33554432 (custom)
2021-10-17 01:34:17,909 [pool-97-thread-1] INFO  server.RaftServerConfigKeys (ConfUtils.java:logGet(44)) - raft.server.log.segment.size.max = 1048576 (custom)
2021-10-17 01:34:17,908 [Datanode State Machine Thread - 0] WARN  statemachine.StateContext (StateContext.java:execute(621)) - No available thread in pool for past 1 seconds.
2021-10-17 01:34:17,910 [EventQueue-OpenPipelineForHealthyPipelineSafeModeRule] INFO  safemode.SCMSafeModeManager (HealthyPipelineSafeModeRule.java:process(124)) - SCM in safe mode. Healthy pipelines reported count is 0, required healthy pipeline reported count is 1
2021-10-17 01:34:17,911 [pool-97-thread-1] INFO  server.RaftServerConfigKeys (ConfUtils.java:logGet(44)) - raft.server.log.segment.cache.num.max = 2 (custom)
2021-10-17 01:34:17,911 [pool-97-thread-1] INFO  server.RaftServerConfigKeys (ConfUtils.java:logGet(44)) - raft.server.log.segment.cache.size.max = 200MB (=209715200) (default)
2021-10-17 01:34:17,911 [pool-97-thread-1] INFO  segmented.SegmentedRaftLogWorker (SegmentedRaftLogWorker.java:<init>(182)) - new 89fab1f2-29d6-4782-92bb-861e4d6ff694@group-C8848C1A0092-SegmentedRaftLogWorker for RaftStorageImpl:Storage Directory /home/runner/work/ozone/ozone/hadoop-ozone/integration-test/target/test-dir/MiniOzoneClusterImpl-e6b5673d-0e05-4a61-970a-b11d77d0bde6/datanode-0/data/ratis/48443c3e-2a63-40dd-b7f0-c8848c1a0092
2021-10-17 01:34:17,911 [pool-97-thread-1] INFO  server.RaftServerConfigKeys (ConfUtils.java:logGet(44)) - raft.server.log.queue.byte-limit = 2147483647 (custom)
2021-10-17 01:34:17,911 [pool-97-thread-1] INFO  server.RaftServerConfigKeys (ConfUtils.java:logGet(44)) - raft.server.log.queue.element-limit = 1024 (custom)
2021-10-17 01:34:17,911 [pool-97-thread-1] INFO  server.RaftServerConfigKeys (ConfUtils.java:logGet(44)) - raft.server.log.segment.size.max = 1048576 (custom)
2021-10-17 01:34:17,911 [pool-97-thread-1] INFO  server.RaftServerConfigKeys (ConfUtils.java:logGet(44)) - raft.server.log.preallocated.size = 16384 (custom)
2021-10-17 01:34:17,911 [pool-97-thread-1] INFO  server.RaftServerConfigKeys (ConfUtils.java:logGet(44)) - raft.server.log.force.sync.num = 128 (default)
2021-10-17 01:34:17,911 [pool-97-thread-1] INFO  server.RaftServerConfigKeys (ConfUtils.java:logGet(44)) - raft.server.log.statemachine.data.sync = true (default)
2021-10-17 01:34:17,911 [pool-97-thread-1] INFO  server.RaftServerConfigKeys (ConfUtils.java:logGet(44)) - raft.server.log.statemachine.data.sync.timeout = 10s (default)
2021-10-17 01:34:17,911 [pool-97-thread-1] INFO  server.RaftServerConfigKeys (ConfUtils.java:logGet(44)) - raft.server.log.statemachine.data.sync.timeout.retry = -1 (default)
2021-10-17 01:34:17,912 [pool-97-thread-1] INFO  server.RaftServerConfigKeys (ConfUtils.java:logGet(44)) - raft.server.log.write.buffer.size = 1048576 (custom)
2021-10-17 01:34:17,913 [pool-97-thread-1] INFO  server.RaftServerConfigKeys (ConfUtils.java:logGet(44)) - raft.server.log.statemachine.data.caching.enabled = true (custom)
2021-10-17 01:34:17,913 [pool-97-thread-1] INFO  segmented.SegmentedRaftLogWorker (SegmentedRaftLogWorker.java:lambda$new$0(133)) - 89fab1f2-29d6-4782-92bb-861e4d6ff694@group-C8848C1A0092-SegmentedRaftLogWorker: flushIndex: setUnconditionally 0 -> -1
2021-10-17 01:34:17,913 [pool-97-thread-1] INFO  segmented.SegmentedRaftLogWorker (SegmentedRaftLogWorker.java:lambda$new$0(133)) - 89fab1f2-29d6-4782-92bb-861e4d6ff694@group-C8848C1A0092-SegmentedRaftLogWorker: safeCacheEvictIndex: setUnconditionally 0 -> -1
2021-10-17 01:34:17,913 [pool-97-thread-1] INFO  server.RaftServerConfigKeys (ConfUtils.java:logGet(44)) - raft.server.snapshot.auto.trigger.enabled = true (custom)
2021-10-17 01:34:17,913 [pool-97-thread-1] INFO  server.RaftServerConfigKeys (ConfUtils.java:logGet(44)) - raft.server.snapshot.auto.trigger.threshold = 10000 (custom)
2021-10-17 01:34:17,913 [pool-97-thread-1] INFO  server.RaftServerConfigKeys (ConfUtils.java:logGet(44)) - raft.server.snapshot.retention.file.num = 5 (custom)
2021-10-17 01:34:17,913 [pool-97-thread-1] INFO  server.RaftServerConfigKeys (ConfUtils.java:logGet(44)) - raft.server.log.purge.upto.snapshot.index = false (default)
2021-10-17 01:34:17,913 [pool-97-thread-1] INFO  server.RaftServerConfigKeys (ConfUtils.java:logGet(44)) - raft.server.retrycache.expirytime = 600000ms (custom)
2021-10-17 01:34:17,913 [pool-97-thread-1] INFO  server.RaftServerConfigKeys (ConfUtils.java:logGet(44)) - raft.server.retrycache.statistics.expirytime = 100μs (default)
2021-10-17 01:34:17,914 [pool-97-thread-1] INFO  server.RaftServer$Division (RaftServerImpl.java:start(296)) - 89fab1f2-29d6-4782-92bb-861e4d6ff694@group-C8848C1A0092: start as a follower, conf=-1: [89fab1f2-29d6-4782-92bb-861e4d6ff694|rpc:10.1.0.12:34899|priority:0, c68442bd-a156-42c2-9473-4201701bbee4|rpc:10.1.0.12:36205|priority:0, a5ef7eb4-0585-479c-9d56-cfefd71a4940|rpc:10.1.0.12:45551|priority:1], old=null
2021-10-17 01:34:17,915 [pool-97-thread-1] INFO  server.RaftServer$Division (RaftServerImpl.java:setRole(285)) - 89fab1f2-29d6-4782-92bb-861e4d6ff694@group-C8848C1A0092: changes role from      null to FOLLOWER at term 0 for startAsFollower
2021-10-17 01:34:17,915 [pool-97-thread-1] INFO  impl.RoleInfo (RoleInfo.java:updateAndGet(130)) - 89fab1f2-29d6-4782-92bb-861e4d6ff694: start 89fab1f2-29d6-4782-92bb-861e4d6ff694@group-C8848C1A0092-FollowerState
2021-10-17 01:34:17,915 [pool-97-thread-1] INFO  util.JmxRegister (JmxRegister.java:tryRegister(44)) - Successfully registered JMX Bean with object name Ratis:service=RaftServer,group=group-C8848C1A0092,id=89fab1f2-29d6-4782-92bb-861e4d6ff694
2021-10-17 01:34:17,916 [Command processor thread] INFO  ratis.XceiverServerRatis (XceiverServerRatis.java:addGroup(768)) - Created group PipelineID=48443c3e-2a63-40dd-b7f0-c8848c1a0092
2021-10-17 01:34:17,924 [grpc-default-executor-3] INFO  server.RaftServer (RaftServerProxy.java:addNew(95)) - c68442bd-a156-42c2-9473-4201701bbee4: addNew group-C8848C1A0092:[89fab1f2-29d6-4782-92bb-861e4d6ff694|rpc:10.1.0.12:34899|dataStream:|priority:0, c68442bd-a156-42c2-9473-4201701bbee4|rpc:10.1.0.12:36205|dataStream:|priority:0, a5ef7eb4-0585-479c-9d56-cfefd71a4940|rpc:10.1.0.12:45551|dataStream:|priority:1] returns group-C8848C1A0092:java.util.concurrent.CompletableFuture@51fe7f26[Not completed]
2021-10-17 01:34:17,925 [pool-116-thread-1] INFO  server.RaftServer$Division (RaftServerImpl.java:<init>(181)) - c68442bd-a156-42c2-9473-4201701bbee4: new RaftServerImpl for group-C8848C1A0092:[89fab1f2-29d6-4782-92bb-861e4d6ff694|rpc:10.1.0.12:34899|dataStream:|priority:0, c68442bd-a156-42c2-9473-4201701bbee4|rpc:10.1.0.12:36205|dataStream:|priority:0, a5ef7eb4-0585-479c-9d56-cfefd71a4940|rpc:10.1.0.12:45551|dataStream:|priority:1] with ContainerStateMachine:uninitialized
2021-10-17 01:34:17,925 [pool-116-thread-1] INFO  server.RaftServerConfigKeys (ConfUtils.java:logGet(44)) - raft.server.rpc.timeout.min = 5s (custom)
2021-10-17 01:34:17,925 [pool-116-thread-1] INFO  server.RaftServerConfigKeys (ConfUtils.java:logGet(44)) - raft.server.rpc.timeout.max = 5200ms (custom)
2021-10-17 01:34:17,925 [pool-116-thread-1] INFO  server.RaftServerConfigKeys (ConfUtils.java:logGet(44)) - raft.server.rpc.sleep.time = 25ms (default)
2021-10-17 01:34:17,925 [pool-116-thread-1] INFO  server.RaftServerConfigKeys (ConfUtils.java:logGet(44)) - raft.server.rpc.slowness.timeout = 300s (custom)
2021-10-17 01:34:17,926 [pool-116-thread-1] INFO  server.RaftServerConfigKeys (ConfUtils.java:logGet(44)) - raft.server.leaderelection.leader.step-down.wait-time = 10s (default)
2021-10-17 01:34:17,926 [pool-116-thread-1] INFO  server.RaftServerConfigKeys (ConfUtils.java:logGet(44)) - raft.server.sleep.deviation.threshold = 300ms (default)
2021-10-17 01:34:17,926 [pool-116-thread-1] INFO  server.RaftServerConfigKeys (ConfUtils.java:logGet(44)) - raft.server.log.appender.install.snapshot.enabled = false (custom)
2021-10-17 01:34:17,926 [pool-116-thread-1] INFO  server.RaftServer$Division (ServerState.java:<init>(105)) - c68442bd-a156-42c2-9473-4201701bbee4@group-C8848C1A0092: ConfigurationManager, init=-1: [89fab1f2-29d6-4782-92bb-861e4d6ff694|rpc:10.1.0.12:34899|dataStream:|priority:0, c68442bd-a156-42c2-9473-4201701bbee4|rpc:10.1.0.12:36205|dataStream:|priority:0, a5ef7eb4-0585-479c-9d56-cfefd71a4940|rpc:10.1.0.12:45551|dataStream:|priority:1], old=null, confs=<EMPTY_MAP>
2021-10-17 01:34:17,926 [pool-116-thread-1] INFO  server.RaftServerConfigKeys (ConfUtils.java:logGet(44)) - raft.server.storage.dir = [/home/runner/work/ozone/ozone/hadoop-ozone/integration-test/target/test-dir/MiniOzoneClusterImpl-e6b5673d-0e05-4a61-970a-b11d77d0bde6/datanode-1/data/ratis] (custom)
2021-10-17 01:34:17,926 [pool-116-thread-1] INFO  server.RaftServerConfigKeys (ConfUtils.java:logGet(44)) - raft.server.log.corruption.policy = EXCEPTION (default)
2021-10-17 01:34:17,926 [pool-116-thread-1] INFO  server.RaftServerConfigKeys (ConfUtils.java:logGet(44)) - raft.server.storage.free-space.min = 0MB (=0) (default)
2021-10-17 01:34:17,926 [pool-116-thread-1] INFO  storage.RaftStorageDirectory (RaftStorageDirectoryImpl.java:analyzeStorage(135)) - The storage directory /home/runner/work/ozone/ozone/hadoop-ozone/integration-test/target/test-dir/MiniOzoneClusterImpl-e6b5673d-0e05-4a61-970a-b11d77d0bde6/datanode-1/data/ratis/48443c3e-2a63-40dd-b7f0-c8848c1a0092 does not exist. Creating ...
2021-10-17 01:34:17,927 [pool-116-thread-1] INFO  storage.RaftStorageDirectory (RaftStorageDirectoryImpl.java:tryLock(230)) - Lock on /home/runner/work/ozone/ozone/hadoop-ozone/integration-test/target/test-dir/MiniOzoneClusterImpl-e6b5673d-0e05-4a61-970a-b11d77d0bde6/datanode-1/data/ratis/48443c3e-2a63-40dd-b7f0-c8848c1a0092/in_use.lock acquired by nodename 15180@fv-az151-444
2021-10-17 01:34:17,928 [pool-116-thread-1] INFO  storage.RaftStorage (RaftStorageImpl.java:format(89)) - Storage directory /home/runner/work/ozone/ozone/hadoop-ozone/integration-test/target/test-dir/MiniOzoneClusterImpl-e6b5673d-0e05-4a61-970a-b11d77d0bde6/datanode-1/data/ratis/48443c3e-2a63-40dd-b7f0-c8848c1a0092 has been successfully formatted.
2021-10-17 01:34:17,928 [pool-116-thread-1] INFO  ratis.ContainerStateMachine (ContainerStateMachine.java:loadSnapshot(224)) - group-C8848C1A0092: The snapshot info is null. Setting the last applied indexto:(t:0, i:~)
2021-10-17 01:34:17,929 [pool-116-thread-1] INFO  server.RaftServerConfigKeys (ConfUtils.java:logGet(44)) - raft.server.notification.no-leader.timeout = 300s (custom)
2021-10-17 01:34:17,929 [pool-116-thread-1] INFO  server.RaftServerConfigKeys (ConfUtils.java:logGet(44)) - raft.server.log.use.memory = false (default)
2021-10-17 01:34:17,929 [pool-116-thread-1] INFO  server.RaftServerConfigKeys (ConfUtils.java:logGet(44)) - raft.server.log.purge.gap = 1000000 (custom)
2021-10-17 01:34:17,929 [pool-116-thread-1] INFO  server.RaftServerConfigKeys (ConfUtils.java:logGet(44)) - raft.server.log.appender.buffer.byte-limit = 33554432 (custom)
2021-10-17 01:34:17,929 [pool-116-thread-1] INFO  server.RaftServerConfigKeys (ConfUtils.java:logGet(44)) - raft.server.log.segment.size.max = 1048576 (custom)
2021-10-17 01:34:17,929 [pool-116-thread-1] INFO  server.RaftServerConfigKeys (ConfUtils.java:logGet(44)) - raft.server.log.segment.cache.num.max = 2 (custom)
2021-10-17 01:34:17,929 [pool-116-thread-1] INFO  server.RaftServerConfigKeys (ConfUtils.java:logGet(44)) - raft.server.log.segment.cache.size.max = 200MB (=209715200) (default)
2021-10-17 01:34:17,929 [pool-116-thread-1] INFO  segmented.SegmentedRaftLogWorker (SegmentedRaftLogWorker.java:<init>(182)) - new c68442bd-a156-42c2-9473-4201701bbee4@group-C8848C1A0092-SegmentedRaftLogWorker for RaftStorageImpl:Storage Directory /home/runner/work/ozone/ozone/hadoop-ozone/integration-test/target/test-dir/MiniOzoneClusterImpl-e6b5673d-0e05-4a61-970a-b11d77d0bde6/datanode-1/data/ratis/48443c3e-2a63-40dd-b7f0-c8848c1a0092
2021-10-17 01:34:17,929 [pool-116-thread-1] INFO  server.RaftServerConfigKeys (ConfUtils.java:logGet(44)) - raft.server.log.queue.byte-limit = 2147483647 (custom)
2021-10-17 01:34:17,929 [pool-116-thread-1] INFO  server.RaftServerConfigKeys (ConfUtils.java:logGet(44)) - raft.server.log.queue.element-limit = 1024 (custom)
2021-10-17 01:34:17,929 [pool-116-thread-1] INFO  server.RaftServerConfigKeys (ConfUtils.java:logGet(44)) - raft.server.log.segment.size.max = 1048576 (custom)
2021-10-17 01:34:17,930 [pool-116-thread-1] INFO  server.RaftServerConfigKeys (ConfUtils.java:logGet(44)) - raft.server.log.preallocated.size = 16384 (custom)
2021-10-17 01:34:17,930 [pool-116-thread-1] INFO  server.RaftServerConfigKeys (ConfUtils.java:logGet(44)) - raft.server.log.force.sync.num = 128 (default)
2021-10-17 01:34:17,930 [pool-116-thread-1] INFO  server.RaftServerConfigKeys (ConfUtils.java:logGet(44)) - raft.server.log.statemachine.data.sync = true (default)
2021-10-17 01:34:17,930 [pool-116-thread-1] INFO  server.RaftServerConfigKeys (ConfUtils.java:logGet(44)) - raft.server.log.statemachine.data.sync.timeout = 10s (default)
2021-10-17 01:34:17,930 [pool-116-thread-1] INFO  server.RaftServerConfigKeys (ConfUtils.java:logGet(44)) - raft.server.log.statemachine.data.sync.timeout.retry = -1 (default)
2021-10-17 01:34:17,930 [pool-116-thread-1] INFO  server.RaftServerConfigKeys (ConfUtils.java:logGet(44)) - raft.server.log.write.buffer.size = 1048576 (custom)
2021-10-17 01:34:17,931 [Datanode State Machine Thread - 0] WARN  statemachine.StateContext (StateContext.java:execute(621)) - No available thread in pool for past 1 seconds.
2021-10-17 01:34:17,932 [pool-116-thread-1] INFO  server.RaftServerConfigKeys (ConfUtils.java:logGet(44)) - raft.server.log.statemachine.data.caching.enabled = true (custom)
2021-10-17 01:34:17,933 [pool-116-thread-1] INFO  segmented.SegmentedRaftLogWorker (SegmentedRaftLogWorker.java:lambda$new$0(133)) - c68442bd-a156-42c2-9473-4201701bbee4@group-C8848C1A0092-SegmentedRaftLogWorker: flushIndex: setUnconditionally 0 -> -1
2021-10-17 01:34:17,933 [pool-116-thread-1] INFO  segmented.SegmentedRaftLogWorker (SegmentedRaftLogWorker.java:lambda$new$0(133)) - c68442bd-a156-42c2-9473-4201701bbee4@group-C8848C1A0092-SegmentedRaftLogWorker: safeCacheEvictIndex: setUnconditionally 0 -> -1
2021-10-17 01:34:17,942 [pool-116-thread-1] INFO  server.RaftServerConfigKeys (ConfUtils.java:logGet(44)) - raft.server.snapshot.auto.trigger.enabled = true (custom)
2021-10-17 01:34:17,942 [pool-116-thread-1] INFO  server.RaftServerConfigKeys (ConfUtils.java:logGet(44)) - raft.server.snapshot.auto.trigger.threshold = 10000 (custom)
2021-10-17 01:34:17,942 [pool-116-thread-1] INFO  server.RaftServerConfigKeys (ConfUtils.java:logGet(44)) - raft.server.snapshot.retention.file.num = 5 (custom)
2021-10-17 01:34:17,942 [pool-116-thread-1] INFO  server.RaftServerConfigKeys (ConfUtils.java:logGet(44)) - raft.server.log.purge.upto.snapshot.index = false (default)
2021-10-17 01:34:17,942 [pool-116-thread-1] INFO  server.RaftServerConfigKeys (ConfUtils.java:logGet(44)) - raft.server.retrycache.expirytime = 600000ms (custom)
2021-10-17 01:34:17,942 [pool-116-thread-1] INFO  server.RaftServerConfigKeys (ConfUtils.java:logGet(44)) - raft.server.retrycache.statistics.expirytime = 100μs (default)
2021-10-17 01:34:17,943 [pool-116-thread-1] INFO  server.RaftServer$Division (RaftServerImpl.java:start(296)) - c68442bd-a156-42c2-9473-4201701bbee4@group-C8848C1A0092: start as a follower, conf=-1: [89fab1f2-29d6-4782-92bb-861e4d6ff694|rpc:10.1.0.12:34899|dataStream:|priority:0, c68442bd-a156-42c2-9473-4201701bbee4|rpc:10.1.0.12:36205|dataStream:|priority:0, a5ef7eb4-0585-479c-9d56-cfefd71a4940|rpc:10.1.0.12:45551|dataStream:|priority:1], old=null
2021-10-17 01:34:17,943 [pool-116-thread-1] INFO  server.RaftServer$Division (RaftServerImpl.java:setRole(285)) - c68442bd-a156-42c2-9473-4201701bbee4@group-C8848C1A0092: changes role from      null to FOLLOWER at term 0 for startAsFollower
2021-10-17 01:34:17,943 [pool-116-thread-1] INFO  impl.RoleInfo (RoleInfo.java:updateAndGet(130)) - c68442bd-a156-42c2-9473-4201701bbee4: start c68442bd-a156-42c2-9473-4201701bbee4@group-C8848C1A0092-FollowerState
2021-10-17 01:34:17,943 [pool-116-thread-1] INFO  util.JmxRegister (JmxRegister.java:tryRegister(44)) - Successfully registered JMX Bean with object name Ratis:service=RaftServer,group=group-C8848C1A0092,id=c68442bd-a156-42c2-9473-4201701bbee4
2021-10-17 01:34:17,967 [grpc-default-executor-3] INFO  server.RaftServer (RaftServerProxy.java:addNew(95)) - a5ef7eb4-0585-479c-9d56-cfefd71a4940: addNew group-C8848C1A0092:[89fab1f2-29d6-4782-92bb-861e4d6ff694|rpc:10.1.0.12:34899|dataStream:|priority:0, c68442bd-a156-42c2-9473-4201701bbee4|rpc:10.1.0.12:36205|dataStream:|priority:0, a5ef7eb4-0585-479c-9d56-cfefd71a4940|rpc:10.1.0.12:45551|dataStream:|priority:1] returns group-C8848C1A0092:java.util.concurrent.CompletableFuture@3a2737e[Not completed]
2021-10-17 01:34:17,969 [pool-135-thread-1] INFO  server.RaftServer$Division (RaftServerImpl.java:<init>(181)) - a5ef7eb4-0585-479c-9d56-cfefd71a4940: new RaftServerImpl for group-C8848C1A0092:[89fab1f2-29d6-4782-92bb-861e4d6ff694|rpc:10.1.0.12:34899|dataStream:|priority:0, c68442bd-a156-42c2-9473-4201701bbee4|rpc:10.1.0.12:36205|dataStream:|priority:0, a5ef7eb4-0585-479c-9d56-cfefd71a4940|rpc:10.1.0.12:45551|dataStream:|priority:1] with ContainerStateMachine:uninitialized
2021-10-17 01:34:17,969 [pool-135-thread-1] INFO  server.RaftServerConfigKeys (ConfUtils.java:logGet(44)) - raft.server.rpc.timeout.min = 5s (custom)
2021-10-17 01:34:17,969 [pool-135-thread-1] INFO  server.RaftServerConfigKeys (ConfUtils.java:logGet(44)) - raft.server.rpc.timeout.max = 5200ms (custom)
2021-10-17 01:34:17,969 [pool-135-thread-1] INFO  server.RaftServerConfigKeys (ConfUtils.java:logGet(44)) - raft.server.rpc.sleep.time = 25ms (default)
2021-10-17 01:34:17,969 [pool-135-thread-1] INFO  server.RaftServerConfigKeys (ConfUtils.java:logGet(44)) - raft.server.rpc.slowness.timeout = 300s (custom)
2021-10-17 01:34:17,969 [pool-135-thread-1] INFO  server.RaftServerConfigKeys (ConfUtils.java:logGet(44)) - raft.server.leaderelection.leader.step-down.wait-time = 10s (default)
2021-10-17 01:34:17,969 [pool-135-thread-1] INFO  server.RaftServerConfigKeys (ConfUtils.java:logGet(44)) - raft.server.sleep.deviation.threshold = 300ms (default)
2021-10-17 01:34:17,969 [pool-135-thread-1] INFO  server.RaftServerConfigKeys (ConfUtils.java:logGet(44)) - raft.server.log.appender.install.snapshot.enabled = false (custom)
2021-10-17 01:34:17,969 [pool-135-thread-1] INFO  server.RaftServer$Division (ServerState.java:<init>(105)) - a5ef7eb4-0585-479c-9d56-cfefd71a4940@group-C8848C1A0092: ConfigurationManager, init=-1: [89fab1f2-29d6-4782-92bb-861e4d6ff694|rpc:10.1.0.12:34899|dataStream:|priority:0, c68442bd-a156-42c2-9473-4201701bbee4|rpc:10.1.0.12:36205|dataStream:|priority:0, a5ef7eb4-0585-479c-9d56-cfefd71a4940|rpc:10.1.0.12:45551|dataStream:|priority:1], old=null, confs=<EMPTY_MAP>
2021-10-17 01:34:17,969 [pool-135-thread-1] INFO  server.RaftServerConfigKeys (ConfUtils.java:logGet(44)) - raft.server.storage.dir = [/home/runner/work/ozone/ozone/hadoop-ozone/integration-test/target/test-dir/MiniOzoneClusterImpl-e6b5673d-0e05-4a61-970a-b11d77d0bde6/datanode-2/data/ratis] (custom)
2021-10-17 01:34:17,969 [pool-135-thread-1] INFO  server.RaftServerConfigKeys (ConfUtils.java:logGet(44)) - raft.server.log.corruption.policy = EXCEPTION (default)
2021-10-17 01:34:17,970 [pool-135-thread-1] INFO  server.RaftServerConfigKeys (ConfUtils.java:logGet(44)) - raft.server.storage.free-space.min = 0MB (=0) (default)
2021-10-17 01:34:17,970 [pool-135-thread-1] INFO  storage.RaftStorageDirectory (RaftStorageDirectoryImpl.java:analyzeStorage(135)) - The storage directory /home/runner/work/ozone/ozone/hadoop-ozone/integration-test/target/test-dir/MiniOzoneClusterImpl-e6b5673d-0e05-4a61-970a-b11d77d0bde6/datanode-2/data/ratis/48443c3e-2a63-40dd-b7f0-c8848c1a0092 does not exist. Creating ...
2021-10-17 01:34:17,971 [pool-135-thread-1] INFO  storage.RaftStorageDirectory (RaftStorageDirectoryImpl.java:tryLock(230)) - Lock on /home/runner/work/ozone/ozone/hadoop-ozone/integration-test/target/test-dir/MiniOzoneClusterImpl-e6b5673d-0e05-4a61-970a-b11d77d0bde6/datanode-2/data/ratis/48443c3e-2a63-40dd-b7f0-c8848c1a0092/in_use.lock acquired by nodename 15180@fv-az151-444
2021-10-17 01:34:17,972 [pool-135-thread-1] INFO  storage.RaftStorage (RaftStorageImpl.java:format(89)) - Storage directory /home/runner/work/ozone/ozone/hadoop-ozone/integration-test/target/test-dir/MiniOzoneClusterImpl-e6b5673d-0e05-4a61-970a-b11d77d0bde6/datanode-2/data/ratis/48443c3e-2a63-40dd-b7f0-c8848c1a0092 has been successfully formatted.
2021-10-17 01:34:17,973 [pool-135-thread-1] INFO  ratis.ContainerStateMachine (ContainerStateMachine.java:loadSnapshot(224)) - group-C8848C1A0092: The snapshot info is null. Setting the last applied indexto:(t:0, i:~)
2021-10-17 01:34:17,973 [pool-135-thread-1] INFO  server.RaftServerConfigKeys (ConfUtils.java:logGet(44)) - raft.server.notification.no-leader.timeout = 300s (custom)
2021-10-17 01:34:17,973 [pool-135-thread-1] INFO  server.RaftServerConfigKeys (ConfUtils.java:logGet(44)) - raft.server.log.use.memory = false (default)
2021-10-17 01:34:17,973 [pool-135-thread-1] INFO  server.RaftServerConfigKeys (ConfUtils.java:logGet(44)) - raft.server.log.purge.gap = 1000000 (custom)
2021-10-17 01:34:17,973 [pool-135-thread-1] INFO  server.RaftServerConfigKeys (ConfUtils.java:logGet(44)) - raft.server.log.appender.buffer.byte-limit = 33554432 (custom)
2021-10-17 01:34:17,975 [pool-135-thread-1] INFO  server.RaftServerConfigKeys (ConfUtils.java:logGet(44)) - raft.server.log.segment.size.max = 1048576 (custom)
2021-10-17 01:34:17,976 [pool-135-thread-1] INFO  server.RaftServerConfigKeys (ConfUtils.java:logGet(44)) - raft.server.log.segment.cache.num.max = 2 (custom)
2021-10-17 01:34:17,976 [pool-135-thread-1] INFO  server.RaftServerConfigKeys (ConfUtils.java:logGet(44)) - raft.server.log.segment.cache.size.max = 200MB (=209715200) (default)
2021-10-17 01:34:17,976 [pool-135-thread-1] INFO  segmented.SegmentedRaftLogWorker (SegmentedRaftLogWorker.java:<init>(182)) - new a5ef7eb4-0585-479c-9d56-cfefd71a4940@group-C8848C1A0092-SegmentedRaftLogWorker for RaftStorageImpl:Storage Directory /home/runner/work/ozone/ozone/hadoop-ozone/integration-test/target/test-dir/MiniOzoneClusterImpl-e6b5673d-0e05-4a61-970a-b11d77d0bde6/datanode-2/data/ratis/48443c3e-2a63-40dd-b7f0-c8848c1a0092
2021-10-17 01:34:17,976 [pool-135-thread-1] INFO  server.RaftServerConfigKeys (ConfUtils.java:logGet(44)) - raft.server.log.queue.byte-limit = 2147483647 (custom)
2021-10-17 01:34:17,976 [pool-135-thread-1] INFO  server.RaftServerConfigKeys (ConfUtils.java:logGet(44)) - raft.server.log.queue.element-limit = 1024 (custom)
2021-10-17 01:34:17,976 [pool-135-thread-1] INFO  server.RaftServerConfigKeys (ConfUtils.java:logGet(44)) - raft.server.log.segment.size.max = 1048576 (custom)
2021-10-17 01:34:17,976 [pool-135-thread-1] INFO  server.RaftServerConfigKeys (ConfUtils.java:logGet(44)) - raft.server.log.preallocated.size = 16384 (custom)
2021-10-17 01:34:17,976 [pool-135-thread-1] INFO  server.RaftServerConfigKeys (ConfUtils.java:logGet(44)) - raft.server.log.force.sync.num = 128 (default)
2021-10-17 01:34:17,976 [pool-135-thread-1] INFO  server.RaftServerConfigKeys (ConfUtils.java:logGet(44)) - raft.server.log.statemachine.data.sync = true (default)
2021-10-17 01:34:17,976 [pool-135-thread-1] INFO  server.RaftServerConfigKeys (ConfUtils.java:logGet(44)) - raft.server.log.statemachine.data.sync.timeout = 10s (default)
2021-10-17 01:34:17,976 [pool-135-thread-1] INFO  server.RaftServerConfigKeys (ConfUtils.java:logGet(44)) - raft.server.log.statemachine.data.sync.timeout.retry = -1 (default)
2021-10-17 01:34:17,977 [pool-135-thread-1] INFO  server.RaftServerConfigKeys (ConfUtils.java:logGet(44)) - raft.server.log.write.buffer.size = 1048576 (custom)
2021-10-17 01:34:17,978 [pool-135-thread-1] INFO  server.RaftServerConfigKeys (ConfUtils.java:logGet(44)) - raft.server.log.statemachine.data.caching.enabled = true (custom)
2021-10-17 01:34:17,979 [pool-135-thread-1] INFO  segmented.SegmentedRaftLogWorker (SegmentedRaftLogWorker.java:lambda$new$0(133)) - a5ef7eb4-0585-479c-9d56-cfefd71a4940@group-C8848C1A0092-SegmentedRaftLogWorker: flushIndex: setUnconditionally 0 -> -1
2021-10-17 01:34:17,979 [pool-135-thread-1] INFO  segmented.SegmentedRaftLogWorker (SegmentedRaftLogWorker.java:lambda$new$0(133)) - a5ef7eb4-0585-479c-9d56-cfefd71a4940@group-C8848C1A0092-SegmentedRaftLogWorker: safeCacheEvictIndex: setUnconditionally 0 -> -1
2021-10-17 01:34:17,982 [pool-135-thread-1] INFO  server.RaftServerConfigKeys (ConfUtils.java:logGet(44)) - raft.server.snapshot.auto.trigger.enabled = true (custom)
2021-10-17 01:34:17,982 [pool-135-thread-1] INFO  server.RaftServerConfigKeys (ConfUtils.java:logGet(44)) - raft.server.snapshot.auto.trigger.threshold = 10000 (custom)
2021-10-17 01:34:17,982 [pool-135-thread-1] INFO  server.RaftServerConfigKeys (ConfUtils.java:logGet(44)) - raft.server.snapshot.retention.file.num = 5 (custom)
2021-10-17 01:34:17,982 [pool-135-thread-1] INFO  server.RaftServerConfigKeys (ConfUtils.java:logGet(44)) - raft.server.log.purge.upto.snapshot.index = false (default)
2021-10-17 01:34:17,982 [pool-135-thread-1] INFO  server.RaftServerConfigKeys (ConfUtils.java:logGet(44)) - raft.server.retrycache.expirytime = 600000ms (custom)
2021-10-17 01:34:17,982 [pool-135-thread-1] INFO  server.RaftServerConfigKeys (ConfUtils.java:logGet(44)) - raft.server.retrycache.statistics.expirytime = 100μs (default)
2021-10-17 01:34:17,983 [pool-135-thread-1] INFO  server.RaftServer$Division (RaftServerImpl.java:start(296)) - a5ef7eb4-0585-479c-9d56-cfefd71a4940@group-C8848C1A0092: start as a follower, conf=-1: [89fab1f2-29d6-4782-92bb-861e4d6ff694|rpc:10.1.0.12:34899|dataStream:|priority:0, c68442bd-a156-42c2-9473-4201701bbee4|rpc:10.1.0.12:36205|dataStream:|priority:0, a5ef7eb4-0585-479c-9d56-cfefd71a4940|rpc:10.1.0.12:45551|dataStream:|priority:1], old=null
2021-10-17 01:34:17,983 [pool-135-thread-1] INFO  server.RaftServer$Division (RaftServerImpl.java:setRole(285)) - a5ef7eb4-0585-479c-9d56-cfefd71a4940@group-C8848C1A0092: changes role from      null to FOLLOWER at term 0 for startAsFollower
2021-10-17 01:34:17,984 [pool-135-thread-1] INFO  impl.RoleInfo (RoleInfo.java:updateAndGet(130)) - a5ef7eb4-0585-479c-9d56-cfefd71a4940: start a5ef7eb4-0585-479c-9d56-cfefd71a4940@group-C8848C1A0092-FollowerState
2021-10-17 01:34:17,984 [pool-135-thread-1] INFO  util.JmxRegister (JmxRegister.java:tryRegister(44)) - Successfully registered JMX Bean with object name Ratis:service=RaftServer,group=group-C8848C1A0092,id=a5ef7eb4-0585-479c-9d56-cfefd71a4940
2021-10-17 01:34:17,989 [Command processor thread] INFO  commandhandler.CreatePipelineCommandHandler (CreatePipelineCommandHandler.java:handle(106)) - Created Pipeline RATIS THREE PipelineID=48443c3e-2a63-40dd-b7f0-c8848c1a0092.
2021-10-17 01:34:18,161 [Command processor thread] INFO  server.RaftServer (RaftServerProxy.java:addNew(95)) - c68442bd-a156-42c2-9473-4201701bbee4: addNew group-BB4CAAF6B43F:[c68442bd-a156-42c2-9473-4201701bbee4|rpc:10.1.0.12:36205|priority:1] returns group-BB4CAAF6B43F:java.util.concurrent.CompletableFuture@1e907aa2[Not completed]
2021-10-17 01:34:18,163 [pool-116-thread-1] INFO  server.RaftServer$Division (RaftServerImpl.java:<init>(181)) - c68442bd-a156-42c2-9473-4201701bbee4: new RaftServerImpl for group-BB4CAAF6B43F:[c68442bd-a156-42c2-9473-4201701bbee4|rpc:10.1.0.12:36205|priority:1] with ContainerStateMachine:uninitialized
2021-10-17 01:34:18,163 [pool-116-thread-1] INFO  server.RaftServerConfigKeys (ConfUtils.java:logGet(44)) - raft.server.rpc.timeout.min = 5s (custom)
2021-10-17 01:34:18,163 [pool-116-thread-1] INFO  server.RaftServerConfigKeys (ConfUtils.java:logGet(44)) - raft.server.rpc.timeout.max = 5200ms (custom)
2021-10-17 01:34:18,163 [pool-116-thread-1] INFO  server.RaftServerConfigKeys (ConfUtils.java:logGet(44)) - raft.server.rpc.sleep.time = 25ms (default)
2021-10-17 01:34:18,163 [pool-116-thread-1] INFO  server.RaftServerConfigKeys (ConfUtils.java:logGet(44)) - raft.server.rpc.slowness.timeout = 300s (custom)
2021-10-17 01:34:18,163 [pool-116-thread-1] INFO  server.RaftServerConfigKeys (ConfUtils.java:logGet(44)) - raft.server.leaderelection.leader.step-down.wait-time = 10s (default)
2021-10-17 01:34:18,163 [pool-116-thread-1] INFO  server.RaftServerConfigKeys (ConfUtils.java:logGet(44)) - raft.server.sleep.deviation.threshold = 300ms (default)
2021-10-17 01:34:18,163 [pool-116-thread-1] INFO  server.RaftServerConfigKeys (ConfUtils.java:logGet(44)) - raft.server.log.appender.install.snapshot.enabled = false (custom)
2021-10-17 01:34:18,163 [pool-116-thread-1] INFO  server.RaftServer$Division (ServerState.java:<init>(105)) - c68442bd-a156-42c2-9473-4201701bbee4@group-BB4CAAF6B43F: ConfigurationManager, init=-1: [c68442bd-a156-42c2-9473-4201701bbee4|rpc:10.1.0.12:36205|priority:1], old=null, confs=<EMPTY_MAP>
2021-10-17 01:34:18,164 [pool-116-thread-1] INFO  server.RaftServerConfigKeys (ConfUtils.java:logGet(44)) - raft.server.storage.dir = [/home/runner/work/ozone/ozone/hadoop-ozone/integration-test/target/test-dir/MiniOzoneClusterImpl-e6b5673d-0e05-4a61-970a-b11d77d0bde6/datanode-1/data/ratis] (custom)
2021-10-17 01:34:18,164 [pool-116-thread-1] INFO  server.RaftServerConfigKeys (ConfUtils.java:logGet(44)) - raft.server.log.corruption.policy = EXCEPTION (default)
2021-10-17 01:34:18,164 [pool-116-thread-1] INFO  server.RaftServerConfigKeys (ConfUtils.java:logGet(44)) - raft.server.storage.free-space.min = 0MB (=0) (default)
2021-10-17 01:34:18,164 [pool-116-thread-1] INFO  storage.RaftStorageDirectory (RaftStorageDirectoryImpl.java:analyzeStorage(135)) - The storage directory /home/runner/work/ozone/ozone/hadoop-ozone/integration-test/target/test-dir/MiniOzoneClusterImpl-e6b5673d-0e05-4a61-970a-b11d77d0bde6/datanode-1/data/ratis/17a8a3df-7da8-456a-9df9-bb4caaf6b43f does not exist. Creating ...
2021-10-17 01:34:18,165 [pool-116-thread-1] INFO  storage.RaftStorageDirectory (RaftStorageDirectoryImpl.java:tryLock(230)) - Lock on /home/runner/work/ozone/ozone/hadoop-ozone/integration-test/target/test-dir/MiniOzoneClusterImpl-e6b5673d-0e05-4a61-970a-b11d77d0bde6/datanode-1/data/ratis/17a8a3df-7da8-456a-9df9-bb4caaf6b43f/in_use.lock acquired by nodename 15180@fv-az151-444
2021-10-17 01:34:18,166 [pool-116-thread-1] INFO  storage.RaftStorage (RaftStorageImpl.java:format(89)) - Storage directory /home/runner/work/ozone/ozone/hadoop-ozone/integration-test/target/test-dir/MiniOzoneClusterImpl-e6b5673d-0e05-4a61-970a-b11d77d0bde6/datanode-1/data/ratis/17a8a3df-7da8-456a-9df9-bb4caaf6b43f has been successfully formatted.
2021-10-17 01:34:18,167 [pool-116-thread-1] INFO  ratis.ContainerStateMachine (ContainerStateMachine.java:loadSnapshot(224)) - group-BB4CAAF6B43F: The snapshot info is null. Setting the last applied indexto:(t:0, i:~)
2021-10-17 01:34:18,169 [pool-116-thread-1] INFO  server.RaftServerConfigKeys (ConfUtils.java:logGet(44)) - raft.server.notification.no-leader.timeout = 300s (custom)
2021-10-17 01:34:18,169 [EventQueue-PipelineReportForPipelineReportHandler] INFO  pipeline.PipelineManagerImpl (PipelineManagerImpl.java:openPipeline(282)) - Pipeline Pipeline[ Id: 17a8a3df-7da8-456a-9df9-bb4caaf6b43f, Nodes: c68442bd-a156-42c2-9473-4201701bbee4{ip: 10.1.0.12, host: fv-az151-444.yf2hydr00wburbhx3j5hxtcipe.bx.internal.cloudapp.net, ports: [REPLICATION=33717, RATIS=36205, RATIS_ADMIN=36205, RATIS_SERVER=36205, STANDALONE=44837], networkLocation: /default-rack, certSerialId: null, persistedOpState: IN_SERVICE, persistedOpStateExpiryEpochSec: 0}, ReplicationConfig: RATIS/ONE, State:ALLOCATED, leaderId:c68442bd-a156-42c2-9473-4201701bbee4, CreationTimestamp2021-10-17T01:34:15.169Z[Etc/UTC]] moved to OPEN state
2021-10-17 01:34:18,171 [EventQueue-OpenPipelineForHealthyPipelineSafeModeRule] INFO  safemode.SCMSafeModeManager (HealthyPipelineSafeModeRule.java:process(124)) - SCM in safe mode. Healthy pipelines reported count is 0, required healthy pipeline reported count is 1
2021-10-17 01:34:18,171 [pool-116-thread-1] INFO  server.RaftServerConfigKeys (ConfUtils.java:logGet(44)) - raft.server.log.use.memory = false (default)
2021-10-17 01:34:18,174 [pool-116-thread-1] INFO  server.RaftServerConfigKeys (ConfUtils.java:logGet(44)) - raft.server.log.purge.gap = 1000000 (custom)
2021-10-17 01:34:18,174 [pool-116-thread-1] INFO  server.RaftServerConfigKeys (ConfUtils.java:logGet(44)) - raft.server.log.appender.buffer.byte-limit = 33554432 (custom)
2021-10-17 01:34:18,175 [pool-116-thread-1] INFO  server.RaftServerConfigKeys (ConfUtils.java:logGet(44)) - raft.server.log.segment.size.max = 1048576 (custom)
2021-10-17 01:34:18,175 [pool-116-thread-1] INFO  server.RaftServerConfigKeys (ConfUtils.java:logGet(44)) - raft.server.log.segment.cache.num.max = 2 (custom)
2021-10-17 01:34:18,175 [pool-116-thread-1] INFO  server.RaftServerConfigKeys (ConfUtils.java:logGet(44)) - raft.server.log.segment.cache.size.max = 200MB (=209715200) (default)
2021-10-17 01:34:18,175 [pool-116-thread-1] INFO  segmented.SegmentedRaftLogWorker (SegmentedRaftLogWorker.java:<init>(182)) - new c68442bd-a156-42c2-9473-4201701bbee4@group-BB4CAAF6B43F-SegmentedRaftLogWorker for RaftStorageImpl:Storage Directory /home/runner/work/ozone/ozone/hadoop-ozone/integration-test/target/test-dir/MiniOzoneClusterImpl-e6b5673d-0e05-4a61-970a-b11d77d0bde6/datanode-1/data/ratis/17a8a3df-7da8-456a-9df9-bb4caaf6b43f
2021-10-17 01:34:18,175 [pool-116-thread-1] INFO  server.RaftServerConfigKeys (ConfUtils.java:logGet(44)) - raft.server.log.queue.byte-limit = 2147483647 (custom)
2021-10-17 01:34:18,175 [pool-116-thread-1] INFO  server.RaftServerConfigKeys (ConfUtils.java:logGet(44)) - raft.server.log.queue.element-limit = 1024 (custom)
2021-10-17 01:34:18,175 [pool-116-thread-1] INFO  server.RaftServerConfigKeys (ConfUtils.java:logGet(44)) - raft.server.log.segment.size.max = 1048576 (custom)
2021-10-17 01:34:18,175 [pool-116-thread-1] INFO  server.RaftServerConfigKeys (ConfUtils.java:logGet(44)) - raft.server.log.preallocated.size = 16384 (custom)
2021-10-17 01:34:18,175 [pool-116-thread-1] INFO  server.RaftServerConfigKeys (ConfUtils.java:logGet(44)) - raft.server.log.force.sync.num = 128 (default)
2021-10-17 01:34:18,175 [pool-116-thread-1] INFO  server.RaftServerConfigKeys (ConfUtils.java:logGet(44)) - raft.server.log.statemachine.data.sync = true (default)
2021-10-17 01:34:18,175 [pool-116-thread-1] INFO  server.RaftServerConfigKeys (ConfUtils.java:logGet(44)) - raft.server.log.statemachine.data.sync.timeout = 10s (default)
2021-10-17 01:34:18,175 [pool-116-thread-1] INFO  server.RaftServerConfigKeys (ConfUtils.java:logGet(44)) - raft.server.log.statemachine.data.sync.timeout.retry = -1 (default)
2021-10-17 01:34:18,176 [pool-116-thread-1] INFO  server.RaftServerConfigKeys (ConfUtils.java:logGet(44)) - raft.server.log.write.buffer.size = 1048576 (custom)
2021-10-17 01:34:18,177 [pool-116-thread-1] INFO  server.RaftServerConfigKeys (ConfUtils.java:logGet(44)) - raft.server.log.statemachine.data.caching.enabled = true (custom)
2021-10-17 01:34:18,177 [pool-116-thread-1] INFO  segmented.SegmentedRaftLogWorker (SegmentedRaftLogWorker.java:lambda$new$0(133)) - c68442bd-a156-42c2-9473-4201701bbee4@group-BB4CAAF6B43F-SegmentedRaftLogWorker: flushIndex: setUnconditionally 0 -> -1
2021-10-17 01:34:18,177 [pool-116-thread-1] INFO  segmented.SegmentedRaftLogWorker (SegmentedRaftLogWorker.java:lambda$new$0(133)) - c68442bd-a156-42c2-9473-4201701bbee4@group-BB4CAAF6B43F-SegmentedRaftLogWorker: safeCacheEvictIndex: setUnconditionally 0 -> -1
2021-10-17 01:34:18,178 [pool-116-thread-1] INFO  server.RaftServerConfigKeys (ConfUtils.java:logGet(44)) - raft.server.snapshot.auto.trigger.enabled = true (custom)
2021-10-17 01:34:18,178 [pool-116-thread-1] INFO  server.RaftServerConfigKeys (ConfUtils.java:logGet(44)) - raft.server.snapshot.auto.trigger.threshold = 10000 (custom)
2021-10-17 01:34:18,178 [pool-116-thread-1] INFO  server.RaftServerConfigKeys (ConfUtils.java:logGet(44)) - raft.server.snapshot.retention.file.num = 5 (custom)
2021-10-17 01:34:18,178 [pool-116-thread-1] INFO  server.RaftServerConfigKeys (ConfUtils.java:logGet(44)) - raft.server.log.purge.upto.snapshot.index = false (default)
2021-10-17 01:34:18,178 [pool-116-thread-1] INFO  server.RaftServerConfigKeys (ConfUtils.java:logGet(44)) - raft.server.retrycache.expirytime = 600000ms (custom)
2021-10-17 01:34:18,178 [pool-116-thread-1] INFO  server.RaftServerConfigKeys (ConfUtils.java:logGet(44)) - raft.server.retrycache.statistics.expirytime = 100μs (default)
2021-10-17 01:34:18,179 [pool-116-thread-1] INFO  server.RaftServer$Division (RaftServerImpl.java:start(296)) - c68442bd-a156-42c2-9473-4201701bbee4@group-BB4CAAF6B43F: start as a follower, conf=-1: [c68442bd-a156-42c2-9473-4201701bbee4|rpc:10.1.0.12:36205|priority:1], old=null
2021-10-17 01:34:18,179 [pool-116-thread-1] INFO  server.RaftServer$Division (RaftServerImpl.java:setRole(285)) - c68442bd-a156-42c2-9473-4201701bbee4@group-BB4CAAF6B43F: changes role from      null to FOLLOWER at term 0 for startAsFollower
2021-10-17 01:34:18,179 [pool-116-thread-1] INFO  impl.RoleInfo (RoleInfo.java:updateAndGet(130)) - c68442bd-a156-42c2-9473-4201701bbee4: start c68442bd-a156-42c2-9473-4201701bbee4@group-BB4CAAF6B43F-FollowerState
2021-10-17 01:34:18,179 [pool-116-thread-1] INFO  util.JmxRegister (JmxRegister.java:tryRegister(44)) - Successfully registered JMX Bean with object name Ratis:service=RaftServer,group=group-BB4CAAF6B43F,id=c68442bd-a156-42c2-9473-4201701bbee4
2021-10-17 01:34:18,180 [Command processor thread] INFO  ratis.XceiverServerRatis (XceiverServerRatis.java:addGroup(768)) - Created group PipelineID=17a8a3df-7da8-456a-9df9-bb4caaf6b43f
2021-10-17 01:34:18,180 [Command processor thread] INFO  commandhandler.CreatePipelineCommandHandler (CreatePipelineCommandHandler.java:handle(106)) - Created Pipeline RATIS ONE PipelineID=17a8a3df-7da8-456a-9df9-bb4caaf6b43f.
2021-10-17 01:34:18,326 [Command processor thread] INFO  server.RaftServer (RaftServerProxy.java:addNew(95)) - a5ef7eb4-0585-479c-9d56-cfefd71a4940: addNew group-348B01079821:[a5ef7eb4-0585-479c-9d56-cfefd71a4940|rpc:10.1.0.12:45551|priority:1] returns group-348B01079821:java.util.concurrent.CompletableFuture@77275867[Not completed]
2021-10-17 01:34:18,328 [pool-135-thread-1] INFO  server.RaftServer$Division (RaftServerImpl.java:<init>(181)) - a5ef7eb4-0585-479c-9d56-cfefd71a4940: new RaftServerImpl for group-348B01079821:[a5ef7eb4-0585-479c-9d56-cfefd71a4940|rpc:10.1.0.12:45551|priority:1] with ContainerStateMachine:uninitialized
2021-10-17 01:34:18,328 [pool-135-thread-1] INFO  server.RaftServerConfigKeys (ConfUtils.java:logGet(44)) - raft.server.rpc.timeout.min = 5s (custom)
2021-10-17 01:34:18,328 [pool-135-thread-1] INFO  server.RaftServerConfigKeys (ConfUtils.java:logGet(44)) - raft.server.rpc.timeout.max = 5200ms (custom)
2021-10-17 01:34:18,328 [pool-135-thread-1] INFO  server.RaftServerConfigKeys (ConfUtils.java:logGet(44)) - raft.server.rpc.sleep.time = 25ms (default)
2021-10-17 01:34:18,328 [pool-135-thread-1] INFO  server.RaftServerConfigKeys (ConfUtils.java:logGet(44)) - raft.server.rpc.slowness.timeout = 300s (custom)
2021-10-17 01:34:18,328 [pool-135-thread-1] INFO  server.RaftServerConfigKeys (ConfUtils.java:logGet(44)) - raft.server.leaderelection.leader.step-down.wait-time = 10s (default)
2021-10-17 01:34:18,328 [pool-135-thread-1] INFO  server.RaftServerConfigKeys (ConfUtils.java:logGet(44)) - raft.server.sleep.deviation.threshold = 300ms (default)
2021-10-17 01:34:18,328 [pool-135-thread-1] INFO  server.RaftServerConfigKeys (ConfUtils.java:logGet(44)) - raft.server.log.appender.install.snapshot.enabled = false (custom)
2021-10-17 01:34:18,328 [pool-135-thread-1] INFO  server.RaftServer$Division (ServerState.java:<init>(105)) - a5ef7eb4-0585-479c-9d56-cfefd71a4940@group-348B01079821: ConfigurationManager, init=-1: [a5ef7eb4-0585-479c-9d56-cfefd71a4940|rpc:10.1.0.12:45551|priority:1], old=null, confs=<EMPTY_MAP>
2021-10-17 01:34:18,328 [pool-135-thread-1] INFO  server.RaftServerConfigKeys (ConfUtils.java:logGet(44)) - raft.server.storage.dir = [/home/runner/work/ozone/ozone/hadoop-ozone/integration-test/target/test-dir/MiniOzoneClusterImpl-e6b5673d-0e05-4a61-970a-b11d77d0bde6/datanode-2/data/ratis] (custom)
2021-10-17 01:34:18,328 [pool-135-thread-1] INFO  server.RaftServerConfigKeys (ConfUtils.java:logGet(44)) - raft.server.log.corruption.policy = EXCEPTION (default)
2021-10-17 01:34:18,328 [pool-135-thread-1] INFO  server.RaftServerConfigKeys (ConfUtils.java:logGet(44)) - raft.server.storage.free-space.min = 0MB (=0) (default)
2021-10-17 01:34:18,329 [pool-135-thread-1] INFO  storage.RaftStorageDirectory (RaftStorageDirectoryImpl.java:analyzeStorage(135)) - The storage directory /home/runner/work/ozone/ozone/hadoop-ozone/integration-test/target/test-dir/MiniOzoneClusterImpl-e6b5673d-0e05-4a61-970a-b11d77d0bde6/datanode-2/data/ratis/64ac42be-252e-419f-acae-348b01079821 does not exist. Creating ...
2021-10-17 01:34:18,329 [Listener at 127.0.0.1/11184] INFO  ozone.MiniOzoneClusterImpl (MiniOzoneClusterImpl.java:lambda$waitForClusterToBeReady$0(235)) - Nodes are ready. Got 3 of 3 DN Heartbeats.
2021-10-17 01:34:18,329 [Listener at 127.0.0.1/11184] INFO  ozone.MiniOzoneClusterImpl (MiniOzoneClusterImpl.java:lambda$waitForClusterToBeReady$0(238)) - Waiting for cluster to exit safe mode
2021-10-17 01:34:18,329 [Listener at 127.0.0.1/11184] INFO  ozone.MiniOzoneClusterImpl (MiniOzoneClusterImpl.java:lambda$waitForClusterToBeReady$0(240)) - SCM became leader
2021-10-17 01:34:18,330 [pool-135-thread-1] INFO  storage.RaftStorageDirectory (RaftStorageDirectoryImpl.java:tryLock(230)) - Lock on /home/runner/work/ozone/ozone/hadoop-ozone/integration-test/target/test-dir/MiniOzoneClusterImpl-e6b5673d-0e05-4a61-970a-b11d77d0bde6/datanode-2/data/ratis/64ac42be-252e-419f-acae-348b01079821/in_use.lock acquired by nodename 15180@fv-az151-444
2021-10-17 01:34:18,332 [pool-135-thread-1] INFO  storage.RaftStorage (RaftStorageImpl.java:format(89)) - Storage directory /home/runner/work/ozone/ozone/hadoop-ozone/integration-test/target/test-dir/MiniOzoneClusterImpl-e6b5673d-0e05-4a61-970a-b11d77d0bde6/datanode-2/data/ratis/64ac42be-252e-419f-acae-348b01079821 has been successfully formatted.
2021-10-17 01:34:18,333 [pool-135-thread-1] INFO  ratis.ContainerStateMachine (ContainerStateMachine.java:loadSnapshot(224)) - group-348B01079821: The snapshot info is null. Setting the last applied indexto:(t:0, i:~)
2021-10-17 01:34:18,333 [pool-135-thread-1] INFO  server.RaftServerConfigKeys (ConfUtils.java:logGet(44)) - raft.server.notification.no-leader.timeout = 300s (custom)
2021-10-17 01:34:18,333 [pool-135-thread-1] INFO  server.RaftServerConfigKeys (ConfUtils.java:logGet(44)) - raft.server.log.use.memory = false (default)
2021-10-17 01:34:18,333 [pool-135-thread-1] INFO  server.RaftServerConfigKeys (ConfUtils.java:logGet(44)) - raft.server.log.purge.gap = 1000000 (custom)
2021-10-17 01:34:18,333 [pool-135-thread-1] INFO  server.RaftServerConfigKeys (ConfUtils.java:logGet(44)) - raft.server.log.appender.buffer.byte-limit = 33554432 (custom)
2021-10-17 01:34:18,335 [pool-135-thread-1] INFO  server.RaftServerConfigKeys (ConfUtils.java:logGet(44)) - raft.server.log.segment.size.max = 1048576 (custom)
2021-10-17 01:34:18,335 [pool-135-thread-1] INFO  server.RaftServerConfigKeys (ConfUtils.java:logGet(44)) - raft.server.log.segment.cache.num.max = 2 (custom)
2021-10-17 01:34:18,335 [pool-135-thread-1] INFO  server.RaftServerConfigKeys (ConfUtils.java:logGet(44)) - raft.server.log.segment.cache.size.max = 200MB (=209715200) (default)
2021-10-17 01:34:18,335 [EventQueue-PipelineReportForPipelineReportHandler] INFO  pipeline.PipelineManagerImpl (PipelineManagerImpl.java:openPipeline(282)) - Pipeline Pipeline[ Id: 64ac42be-252e-419f-acae-348b01079821, Nodes: a5ef7eb4-0585-479c-9d56-cfefd71a4940{ip: 10.1.0.12, host: fv-az151-444.yf2hydr00wburbhx3j5hxtcipe.bx.internal.cloudapp.net, ports: [REPLICATION=34201, RATIS=45551, RATIS_ADMIN=45551, RATIS_SERVER=45551, STANDALONE=45167], networkLocation: /default-rack, certSerialId: null, persistedOpState: IN_SERVICE, persistedOpStateExpiryEpochSec: 0}, ReplicationConfig: RATIS/ONE, State:ALLOCATED, leaderId:a5ef7eb4-0585-479c-9d56-cfefd71a4940, CreationTimestamp2021-10-17T01:34:15.329Z[Etc/UTC]] moved to OPEN state
2021-10-17 01:34:18,336 [pool-135-thread-1] INFO  segmented.SegmentedRaftLogWorker (SegmentedRaftLogWorker.java:<init>(182)) - new a5ef7eb4-0585-479c-9d56-cfefd71a4940@group-348B01079821-SegmentedRaftLogWorker for RaftStorageImpl:Storage Directory /home/runner/work/ozone/ozone/hadoop-ozone/integration-test/target/test-dir/MiniOzoneClusterImpl-e6b5673d-0e05-4a61-970a-b11d77d0bde6/datanode-2/data/ratis/64ac42be-252e-419f-acae-348b01079821
2021-10-17 01:34:18,337 [EventQueue-OpenPipelineForHealthyPipelineSafeModeRule] INFO  safemode.SCMSafeModeManager (HealthyPipelineSafeModeRule.java:process(124)) - SCM in safe mode. Healthy pipelines reported count is 0, required healthy pipeline reported count is 1
2021-10-17 01:34:18,339 [pool-135-thread-1] INFO  server.RaftServerConfigKeys (ConfUtils.java:logGet(44)) - raft.server.log.queue.byte-limit = 2147483647 (custom)
2021-10-17 01:34:18,339 [pool-135-thread-1] INFO  server.RaftServerConfigKeys (ConfUtils.java:logGet(44)) - raft.server.log.queue.element-limit = 1024 (custom)
2021-10-17 01:34:18,339 [pool-135-thread-1] INFO  server.RaftServerConfigKeys (ConfUtils.java:logGet(44)) - raft.server.log.segment.size.max = 1048576 (custom)
2021-10-17 01:34:18,339 [pool-135-thread-1] INFO  server.RaftServerConfigKeys (ConfUtils.java:logGet(44)) - raft.server.log.preallocated.size = 16384 (custom)
2021-10-17 01:34:18,339 [pool-135-thread-1] INFO  server.RaftServerConfigKeys (ConfUtils.java:logGet(44)) - raft.server.log.force.sync.num = 128 (default)
2021-10-17 01:34:18,339 [pool-135-thread-1] INFO  server.RaftServerConfigKeys (ConfUtils.java:logGet(44)) - raft.server.log.statemachine.data.sync = true (default)
2021-10-17 01:34:18,339 [pool-135-thread-1] INFO  server.RaftServerConfigKeys (ConfUtils.java:logGet(44)) - raft.server.log.statemachine.data.sync.timeout = 10s (default)
2021-10-17 01:34:18,339 [pool-135-thread-1] INFO  server.RaftServerConfigKeys (ConfUtils.java:logGet(44)) - raft.server.log.statemachine.data.sync.timeout.retry = -1 (default)
2021-10-17 01:34:18,340 [pool-135-thread-1] INFO  server.RaftServerConfigKeys (ConfUtils.java:logGet(44)) - raft.server.log.write.buffer.size = 1048576 (custom)
2021-10-17 01:34:18,341 [pool-135-thread-1] INFO  server.RaftServerConfigKeys (ConfUtils.java:logGet(44)) - raft.server.log.statemachine.data.caching.enabled = true (custom)
2021-10-17 01:34:18,341 [pool-135-thread-1] INFO  segmented.SegmentedRaftLogWorker (SegmentedRaftLogWorker.java:lambda$new$0(133)) - a5ef7eb4-0585-479c-9d56-cfefd71a4940@group-348B01079821-SegmentedRaftLogWorker: flushIndex: setUnconditionally 0 -> -1
2021-10-17 01:34:18,341 [pool-135-thread-1] INFO  segmented.SegmentedRaftLogWorker (SegmentedRaftLogWorker.java:lambda$new$0(133)) - a5ef7eb4-0585-479c-9d56-cfefd71a4940@group-348B01079821-SegmentedRaftLogWorker: safeCacheEvictIndex: setUnconditionally 0 -> -1
2021-10-17 01:34:18,342 [pool-135-thread-1] INFO  server.RaftServerConfigKeys (ConfUtils.java:logGet(44)) - raft.server.snapshot.auto.trigger.enabled = true (custom)
2021-10-17 01:34:18,342 [pool-135-thread-1] INFO  server.RaftServerConfigKeys (ConfUtils.java:logGet(44)) - raft.server.snapshot.auto.trigger.threshold = 10000 (custom)
2021-10-17 01:34:18,343 [pool-135-thread-1] INFO  server.RaftServerConfigKeys (ConfUtils.java:logGet(44)) - raft.server.snapshot.retention.file.num = 5 (custom)
2021-10-17 01:34:18,343 [pool-135-thread-1] INFO  server.RaftServerConfigKeys (ConfUtils.java:logGet(44)) - raft.server.log.purge.upto.snapshot.index = false (default)
2021-10-17 01:34:18,343 [pool-135-thread-1] INFO  server.RaftServerConfigKeys (ConfUtils.java:logGet(44)) - raft.server.retrycache.expirytime = 600000ms (custom)
2021-10-17 01:34:18,343 [pool-135-thread-1] INFO  server.RaftServerConfigKeys (ConfUtils.java:logGet(44)) - raft.server.retrycache.statistics.expirytime = 100μs (default)
2021-10-17 01:34:18,344 [pool-135-thread-1] INFO  server.RaftServer$Division (RaftServerImpl.java:start(296)) - a5ef7eb4-0585-479c-9d56-cfefd71a4940@group-348B01079821: start as a follower, conf=-1: [a5ef7eb4-0585-479c-9d56-cfefd71a4940|rpc:10.1.0.12:45551|priority:1], old=null
2021-10-17 01:34:18,344 [pool-135-thread-1] INFO  server.RaftServer$Division (RaftServerImpl.java:setRole(285)) - a5ef7eb4-0585-479c-9d56-cfefd71a4940@group-348B01079821: changes role from      null to FOLLOWER at term 0 for startAsFollower
2021-10-17 01:34:18,344 [pool-135-thread-1] INFO  impl.RoleInfo (RoleInfo.java:updateAndGet(130)) - a5ef7eb4-0585-479c-9d56-cfefd71a4940: start a5ef7eb4-0585-479c-9d56-cfefd71a4940@group-348B01079821-FollowerState
2021-10-17 01:34:18,344 [pool-135-thread-1] INFO  util.JmxRegister (JmxRegister.java:tryRegister(44)) - Successfully registered JMX Bean with object name Ratis:service=RaftServer,group=group-348B01079821,id=a5ef7eb4-0585-479c-9d56-cfefd71a4940
2021-10-17 01:34:18,345 [Command processor thread] INFO  ratis.XceiverServerRatis (XceiverServerRatis.java:addGroup(768)) - Created group PipelineID=64ac42be-252e-419f-acae-348b01079821
2021-10-17 01:34:18,345 [Command processor thread] INFO  commandhandler.CreatePipelineCommandHandler (CreatePipelineCommandHandler.java:handle(106)) - Created Pipeline RATIS ONE PipelineID=64ac42be-252e-419f-acae-348b01079821.
2021-10-17 01:34:19,330 [Listener at 127.0.0.1/11184] INFO  ozone.MiniOzoneClusterImpl (MiniOzoneClusterImpl.java:lambda$waitForClusterToBeReady$0(235)) - Nodes are ready. Got 3 of 3 DN Heartbeats.
2021-10-17 01:34:19,330 [Listener at 127.0.0.1/11184] INFO  ozone.MiniOzoneClusterImpl (MiniOzoneClusterImpl.java:lambda$waitForClusterToBeReady$0(238)) - Waiting for cluster to exit safe mode
2021-10-17 01:34:19,330 [Listener at 127.0.0.1/11184] INFO  ozone.MiniOzoneClusterImpl (MiniOzoneClusterImpl.java:lambda$waitForClusterToBeReady$0(240)) - SCM became leader
2021-10-17 01:34:20,331 [Listener at 127.0.0.1/11184] INFO  ozone.MiniOzoneClusterImpl (MiniOzoneClusterImpl.java:lambda$waitForClusterToBeReady$0(235)) - Nodes are ready. Got 3 of 3 DN Heartbeats.
2021-10-17 01:34:20,331 [Listener at 127.0.0.1/11184] INFO  ozone.MiniOzoneClusterImpl (MiniOzoneClusterImpl.java:lambda$waitForClusterToBeReady$0(238)) - Waiting for cluster to exit safe mode
2021-10-17 01:34:20,331 [Listener at 127.0.0.1/11184] INFO  ozone.MiniOzoneClusterImpl (MiniOzoneClusterImpl.java:lambda$waitForClusterToBeReady$0(240)) - SCM became leader
2021-10-17 01:34:21,331 [Listener at 127.0.0.1/11184] INFO  ozone.MiniOzoneClusterImpl (MiniOzoneClusterImpl.java:lambda$waitForClusterToBeReady$0(235)) - Nodes are ready. Got 3 of 3 DN Heartbeats.
2021-10-17 01:34:21,332 [Listener at 127.0.0.1/11184] INFO  ozone.MiniOzoneClusterImpl (MiniOzoneClusterImpl.java:lambda$waitForClusterToBeReady$0(238)) - Waiting for cluster to exit safe mode
2021-10-17 01:34:21,332 [Listener at 127.0.0.1/11184] INFO  ozone.MiniOzoneClusterImpl (MiniOzoneClusterImpl.java:lambda$waitForClusterToBeReady$0(240)) - SCM became leader
2021-10-17 01:34:22,332 [Listener at 127.0.0.1/11184] INFO  ozone.MiniOzoneClusterImpl (MiniOzoneClusterImpl.java:lambda$waitForClusterToBeReady$0(235)) - Nodes are ready. Got 3 of 3 DN Heartbeats.
2021-10-17 01:34:22,332 [Listener at 127.0.0.1/11184] INFO  ozone.MiniOzoneClusterImpl (MiniOzoneClusterImpl.java:lambda$waitForClusterToBeReady$0(238)) - Waiting for cluster to exit safe mode
2021-10-17 01:34:22,332 [Listener at 127.0.0.1/11184] INFO  ozone.MiniOzoneClusterImpl (MiniOzoneClusterImpl.java:lambda$waitForClusterToBeReady$0(240)) - SCM became leader
2021-10-17 01:34:22,736 [89fab1f2-29d6-4782-92bb-861e4d6ff694@group-EC57410D6306-FollowerState] INFO  impl.FollowerState (FollowerState.java:run(134)) - 89fab1f2-29d6-4782-92bb-861e4d6ff694@group-EC57410D6306-FollowerState: change to CANDIDATE, lastRpcElapsedTime:5023882762ns, electionTimeout:5008ms
2021-10-17 01:34:22,737 [89fab1f2-29d6-4782-92bb-861e4d6ff694@group-EC57410D6306-FollowerState] INFO  impl.RoleInfo (RoleInfo.java:shutdownFollowerState(108)) - 89fab1f2-29d6-4782-92bb-861e4d6ff694: shutdown 89fab1f2-29d6-4782-92bb-861e4d6ff694@group-EC57410D6306-FollowerState
2021-10-17 01:34:22,737 [89fab1f2-29d6-4782-92bb-861e4d6ff694@group-EC57410D6306-FollowerState] INFO  server.RaftServer$Division (RaftServerImpl.java:setRole(285)) - 89fab1f2-29d6-4782-92bb-861e4d6ff694@group-EC57410D6306: changes role from  FOLLOWER to CANDIDATE at term 0 for changeToCandidate
2021-10-17 01:34:22,737 [89fab1f2-29d6-4782-92bb-861e4d6ff694@group-EC57410D6306-FollowerState] INFO  server.RaftServerConfigKeys (ConfUtils.java:logGet(44)) - raft.server.leaderelection.pre-vote = false (custom)
2021-10-17 01:34:22,737 [89fab1f2-29d6-4782-92bb-861e4d6ff694@group-EC57410D6306-FollowerState] INFO  impl.RoleInfo (RoleInfo.java:updateAndGet(130)) - 89fab1f2-29d6-4782-92bb-861e4d6ff694: start 89fab1f2-29d6-4782-92bb-861e4d6ff694@group-EC57410D6306-LeaderElection5
2021-10-17 01:34:22,745 [89fab1f2-29d6-4782-92bb-861e4d6ff694@group-EC57410D6306-LeaderElection5] INFO  impl.LeaderElection (LeaderElection.java:askForVotes(306)) - 89fab1f2-29d6-4782-92bb-861e4d6ff694@group-EC57410D6306-LeaderElection5 ELECTION round 0: submit vote requests at term 1 for -1: [89fab1f2-29d6-4782-92bb-861e4d6ff694|rpc:10.1.0.12:34899|priority:1], old=null
2021-10-17 01:34:22,745 [89fab1f2-29d6-4782-92bb-861e4d6ff694@group-EC57410D6306-LeaderElection5] INFO  impl.LeaderElection (LeaderElection.java:askForVotes(308)) - 89fab1f2-29d6-4782-92bb-861e4d6ff694@group-EC57410D6306-LeaderElection5 ELECTION round 0: result PASSED (term=1)
2021-10-17 01:34:22,745 [89fab1f2-29d6-4782-92bb-861e4d6ff694@group-EC57410D6306-LeaderElection5] INFO  impl.RoleInfo (RoleInfo.java:shutdownLeaderElection(121)) - 89fab1f2-29d6-4782-92bb-861e4d6ff694: shutdown 89fab1f2-29d6-4782-92bb-861e4d6ff694@group-EC57410D6306-LeaderElection5
2021-10-17 01:34:22,745 [89fab1f2-29d6-4782-92bb-861e4d6ff694@group-EC57410D6306-LeaderElection5] INFO  server.RaftServer$Division (RaftServerImpl.java:setRole(285)) - 89fab1f2-29d6-4782-92bb-861e4d6ff694@group-EC57410D6306: changes role from CANDIDATE to LEADER at term 1 for changeToLeader
2021-10-17 01:34:22,745 [89fab1f2-29d6-4782-92bb-861e4d6ff694@group-EC57410D6306-LeaderElection5] INFO  ratis.XceiverServerRatis (XceiverServerRatis.java:handleLeaderChangedNotification(866)) - Leader change notification received for group: group-EC57410D6306 with new leaderId: 89fab1f2-29d6-4782-92bb-861e4d6ff694
2021-10-17 01:34:22,745 [89fab1f2-29d6-4782-92bb-861e4d6ff694@group-EC57410D6306-LeaderElection5] INFO  server.RaftServer$Division (ServerState.java:setLeader(285)) - 89fab1f2-29d6-4782-92bb-861e4d6ff694@group-EC57410D6306: change Leader from null to 89fab1f2-29d6-4782-92bb-861e4d6ff694 at term 1 for becomeLeader, leader elected after 5047ms
2021-10-17 01:34:22,745 [89fab1f2-29d6-4782-92bb-861e4d6ff694@group-EC57410D6306-LeaderElection5] INFO  server.RaftServerConfigKeys (ConfUtils.java:logGet(44)) - raft.server.staging.catchup.gap = 1000 (default)
2021-10-17 01:34:22,746 [89fab1f2-29d6-4782-92bb-861e4d6ff694@group-EC57410D6306-LeaderElection5] INFO  server.RaftServerConfigKeys (ConfUtils.java:logGet(44)) - raft.server.write.element-limit = 1024 (custom)
2021-10-17 01:34:22,747 [89fab1f2-29d6-4782-92bb-861e4d6ff694@group-EC57410D6306-LeaderElection5] INFO  server.RaftServerConfigKeys (ConfUtils.java:logGet(44)) - raft.server.write.byte-limit = 1024 M (=1073741824) (custom)
2021-10-17 01:34:22,747 [EventQueue-OpenPipelineForHealthyPipelineSafeModeRule] INFO  safemode.SCMSafeModeManager (HealthyPipelineSafeModeRule.java:process(124)) - SCM in safe mode. Healthy pipelines reported count is 0, required healthy pipeline reported count is 1
2021-10-17 01:34:22,747 [89fab1f2-29d6-4782-92bb-861e4d6ff694@group-EC57410D6306-LeaderElection5] INFO  server.RaftServerConfigKeys (ConfUtils.java:logGet(44)) - raft.server.watch.timeout = 180s (custom)
2021-10-17 01:34:22,748 [89fab1f2-29d6-4782-92bb-861e4d6ff694@group-EC57410D6306-LeaderElection5] INFO  server.RaftServerConfigKeys (ConfUtils.java:logGet(44)) - raft.server.watch.timeout.denomination = 1s (default)
2021-10-17 01:34:22,748 [89fab1f2-29d6-4782-92bb-861e4d6ff694@group-EC57410D6306-LeaderElection5] INFO  server.RaftServerConfigKeys (ConfUtils.java:logGet(44)) - raft.server.watch.element-limit = 65536 (default)
2021-10-17 01:34:22,748 [89fab1f2-29d6-4782-92bb-861e4d6ff694@group-EC57410D6306-LeaderElection5] INFO  impl.RoleInfo (RoleInfo.java:updateAndGet(130)) - 89fab1f2-29d6-4782-92bb-861e4d6ff694: start 89fab1f2-29d6-4782-92bb-861e4d6ff694@group-EC57410D6306-LeaderStateImpl
2021-10-17 01:34:22,748 [89fab1f2-29d6-4782-92bb-861e4d6ff694@group-EC57410D6306-LeaderElection5] INFO  segmented.SegmentedRaftLogWorker (SegmentedRaftLogWorker.java:startLogSegment(394)) - 89fab1f2-29d6-4782-92bb-861e4d6ff694@group-EC57410D6306-SegmentedRaftLogWorker: Starting segment from index:0
2021-10-17 01:34:22,750 [89fab1f2-29d6-4782-92bb-861e4d6ff694@group-EC57410D6306-LeaderElection5] INFO  server.RaftServer$Division (ServerState.java:setRaftConf(387)) - 89fab1f2-29d6-4782-92bb-861e4d6ff694@group-EC57410D6306: set configuration 0: [89fab1f2-29d6-4782-92bb-861e4d6ff694|rpc:10.1.0.12:34899|dataStream:|priority:1], old=null
2021-10-17 01:34:22,750 [89fab1f2-29d6-4782-92bb-861e4d6ff694@group-EC57410D6306-SegmentedRaftLogWorker] INFO  segmented.SegmentedRaftLogWorker (SegmentedRaftLogWorker.java:execute(601)) - 89fab1f2-29d6-4782-92bb-861e4d6ff694@group-EC57410D6306-SegmentedRaftLogWorker: created new log segment /home/runner/work/ozone/ozone/hadoop-ozone/integration-test/target/test-dir/MiniOzoneClusterImpl-e6b5673d-0e05-4a61-970a-b11d77d0bde6/datanode-0/data/ratis/51beefe7-bfaa-45d7-8152-ec57410d6306/current/log_inprogress_0
2021-10-17 01:34:22,905 [c68442bd-a156-42c2-9473-4201701bbee4@group-67FF69347536-FollowerState] INFO  impl.FollowerState (FollowerState.java:run(134)) - c68442bd-a156-42c2-9473-4201701bbee4@group-67FF69347536-FollowerState: change to CANDIDATE, lastRpcElapsedTime:5079177752ns, electionTimeout:5072ms
2021-10-17 01:34:22,905 [c68442bd-a156-42c2-9473-4201701bbee4@group-67FF69347536-FollowerState] INFO  impl.RoleInfo (RoleInfo.java:shutdownFollowerState(108)) - c68442bd-a156-42c2-9473-4201701bbee4: shutdown c68442bd-a156-42c2-9473-4201701bbee4@group-67FF69347536-FollowerState
2021-10-17 01:34:22,906 [c68442bd-a156-42c2-9473-4201701bbee4@group-67FF69347536-FollowerState] INFO  server.RaftServer$Division (RaftServerImpl.java:setRole(285)) - c68442bd-a156-42c2-9473-4201701bbee4@group-67FF69347536: changes role from  FOLLOWER to CANDIDATE at term 0 for changeToCandidate
2021-10-17 01:34:22,906 [c68442bd-a156-42c2-9473-4201701bbee4@group-67FF69347536-FollowerState] INFO  server.RaftServerConfigKeys (ConfUtils.java:logGet(44)) - raft.server.leaderelection.pre-vote = false (custom)
2021-10-17 01:34:22,906 [c68442bd-a156-42c2-9473-4201701bbee4@group-67FF69347536-FollowerState] INFO  impl.RoleInfo (RoleInfo.java:updateAndGet(130)) - c68442bd-a156-42c2-9473-4201701bbee4: start c68442bd-a156-42c2-9473-4201701bbee4@group-67FF69347536-LeaderElection6
2021-10-17 01:34:22,908 [89fab1f2-29d6-4782-92bb-861e4d6ff694@group-67FF69347536-FollowerState] INFO  impl.FollowerState (FollowerState.java:run(134)) - 89fab1f2-29d6-4782-92bb-861e4d6ff694@group-67FF69347536-FollowerState: change to CANDIDATE, lastRpcElapsedTime:5165537707ns, electionTimeout:5153ms
2021-10-17 01:34:22,908 [89fab1f2-29d6-4782-92bb-861e4d6ff694@group-67FF69347536-FollowerState] INFO  impl.RoleInfo (RoleInfo.java:shutdownFollowerState(108)) - 89fab1f2-29d6-4782-92bb-861e4d6ff694: shutdown 89fab1f2-29d6-4782-92bb-861e4d6ff694@group-67FF69347536-FollowerState
2021-10-17 01:34:22,908 [89fab1f2-29d6-4782-92bb-861e4d6ff694@group-67FF69347536-FollowerState] INFO  server.RaftServer$Division (RaftServerImpl.java:setRole(285)) - 89fab1f2-29d6-4782-92bb-861e4d6ff694@group-67FF69347536: changes role from  FOLLOWER to CANDIDATE at term 0 for changeToCandidate
2021-10-17 01:34:22,908 [89fab1f2-29d6-4782-92bb-861e4d6ff694@group-67FF69347536-FollowerState] INFO  server.RaftServerConfigKeys (ConfUtils.java:logGet(44)) - raft.server.leaderelection.pre-vote = false (custom)
2021-10-17 01:34:22,908 [89fab1f2-29d6-4782-92bb-861e4d6ff694@group-67FF69347536-FollowerState] INFO  impl.RoleInfo (RoleInfo.java:updateAndGet(130)) - 89fab1f2-29d6-4782-92bb-861e4d6ff694: start 89fab1f2-29d6-4782-92bb-861e4d6ff694@group-67FF69347536-LeaderElection7
2021-10-17 01:34:22,914 [c68442bd-a156-42c2-9473-4201701bbee4@group-67FF69347536-LeaderElection6] INFO  impl.LeaderElection (LeaderElection.java:askForVotes(306)) - c68442bd-a156-42c2-9473-4201701bbee4@group-67FF69347536-LeaderElection6 ELECTION round 0: submit vote requests at term 1 for -1: [89fab1f2-29d6-4782-92bb-861e4d6ff694|rpc:10.1.0.12:34899|dataStream:|priority:0, c68442bd-a156-42c2-9473-4201701bbee4|rpc:10.1.0.12:36205|dataStream:|priority:1, a5ef7eb4-0585-479c-9d56-cfefd71a4940|rpc:10.1.0.12:45551|dataStream:|priority:0], old=null
2021-10-17 01:34:22,917 [89fab1f2-29d6-4782-92bb-861e4d6ff694@group-67FF69347536-LeaderElection7] INFO  impl.LeaderElection (LeaderElection.java:askForVotes(306)) - 89fab1f2-29d6-4782-92bb-861e4d6ff694@group-67FF69347536-LeaderElection7 ELECTION round 0: submit vote requests at term 1 for -1: [89fab1f2-29d6-4782-92bb-861e4d6ff694|rpc:10.1.0.12:34899|priority:0, c68442bd-a156-42c2-9473-4201701bbee4|rpc:10.1.0.12:36205|priority:1, a5ef7eb4-0585-479c-9d56-cfefd71a4940|rpc:10.1.0.12:45551|priority:0], old=null
2021-10-17 01:34:22,943 [grpc-default-executor-1] INFO  server.RaftServer$Division (RaftServerImpl.java:requestVote(1043)) - 89fab1f2-29d6-4782-92bb-861e4d6ff694@group-67FF69347536: receive requestVote(ELECTION, c68442bd-a156-42c2-9473-4201701bbee4, group-67FF69347536, 1, (t:0, i:0))
2021-10-17 01:34:22,943 [grpc-default-executor-1] INFO  impl.VoteContext (VoteContext.java:log(48)) - 89fab1f2-29d6-4782-92bb-861e4d6ff694@group-67FF69347536-CANDIDATE: reject ELECTION from c68442bd-a156-42c2-9473-4201701bbee4: already has voted for 89fab1f2-29d6-4782-92bb-861e4d6ff694 at current term 1
2021-10-17 01:34:22,944 [grpc-default-executor-1] INFO  server.RaftServer$Division (RaftServerImpl.java:requestVote(1075)) - 89fab1f2-29d6-4782-92bb-861e4d6ff694@group-67FF69347536 replies to ELECTION vote request: c68442bd-a156-42c2-9473-4201701bbee4<-89fab1f2-29d6-4782-92bb-861e4d6ff694#0:FAIL-t1. Peer's state: 89fab1f2-29d6-4782-92bb-861e4d6ff694@group-67FF69347536:t1, leader=null, voted=89fab1f2-29d6-4782-92bb-861e4d6ff694, raftlog=89fab1f2-29d6-4782-92bb-861e4d6ff694@group-67FF69347536-SegmentedRaftLog:OPENED:c-1,f-1,i0, conf=-1: [89fab1f2-29d6-4782-92bb-861e4d6ff694|rpc:10.1.0.12:34899|priority:0, c68442bd-a156-42c2-9473-4201701bbee4|rpc:10.1.0.12:36205|priority:1, a5ef7eb4-0585-479c-9d56-cfefd71a4940|rpc:10.1.0.12:45551|priority:0], old=null
2021-10-17 01:34:22,948 [grpc-default-executor-1] INFO  server.RaftServer$Division (RaftServerImpl.java:requestVote(1043)) - c68442bd-a156-42c2-9473-4201701bbee4@group-67FF69347536: receive requestVote(ELECTION, 89fab1f2-29d6-4782-92bb-861e4d6ff694, group-67FF69347536, 1, (t:0, i:0))
2021-10-17 01:34:22,949 [grpc-default-executor-1] INFO  impl.VoteContext (VoteContext.java:log(48)) - c68442bd-a156-42c2-9473-4201701bbee4@group-67FF69347536-CANDIDATE: reject ELECTION from 89fab1f2-29d6-4782-92bb-861e4d6ff694: already has voted for c68442bd-a156-42c2-9473-4201701bbee4 at current term 1
2021-10-17 01:34:22,949 [grpc-default-executor-1] INFO  server.RaftServer$Division (RaftServerImpl.java:requestVote(1075)) - c68442bd-a156-42c2-9473-4201701bbee4@group-67FF69347536 replies to ELECTION vote request: 89fab1f2-29d6-4782-92bb-861e4d6ff694<-c68442bd-a156-42c2-9473-4201701bbee4#0:FAIL-t1. Peer's state: c68442bd-a156-42c2-9473-4201701bbee4@group-67FF69347536:t1, leader=null, voted=c68442bd-a156-42c2-9473-4201701bbee4, raftlog=c68442bd-a156-42c2-9473-4201701bbee4@group-67FF69347536-SegmentedRaftLog:OPENED:c-1,f-1,i0, conf=-1: [89fab1f2-29d6-4782-92bb-861e4d6ff694|rpc:10.1.0.12:34899|dataStream:|priority:0, c68442bd-a156-42c2-9473-4201701bbee4|rpc:10.1.0.12:36205|dataStream:|priority:1, a5ef7eb4-0585-479c-9d56-cfefd71a4940|rpc:10.1.0.12:45551|dataStream:|priority:0], old=null
2021-10-17 01:34:22,951 [89fab1f2-29d6-4782-92bb-861e4d6ff694@group-67FF69347536-LeaderElection7] INFO  impl.LeaderElection (LeaderElection.java:logAndReturn(89)) - 89fab1f2-29d6-4782-92bb-861e4d6ff694@group-67FF69347536-LeaderElection7: ELECTION REJECTED received 1 response(s) and 0 exception(s):
2021-10-17 01:34:22,952 [89fab1f2-29d6-4782-92bb-861e4d6ff694@group-67FF69347536-LeaderElection7] INFO  impl.LeaderElection (LeaderElection.java:logAndReturn(93)) -   Response 0: 89fab1f2-29d6-4782-92bb-861e4d6ff694<-c68442bd-a156-42c2-9473-4201701bbee4#0:FAIL-t1
2021-10-17 01:34:22,952 [89fab1f2-29d6-4782-92bb-861e4d6ff694@group-67FF69347536-LeaderElection7] INFO  impl.LeaderElection (LeaderElection.java:askForVotes(308)) - 89fab1f2-29d6-4782-92bb-861e4d6ff694@group-67FF69347536-LeaderElection7 ELECTION round 0: result REJECTED
2021-10-17 01:34:22,952 [89fab1f2-29d6-4782-92bb-861e4d6ff694@group-67FF69347536-LeaderElection7] INFO  server.RaftServer$Division (RaftServerImpl.java:setRole(285)) - 89fab1f2-29d6-4782-92bb-861e4d6ff694@group-67FF69347536: changes role from CANDIDATE to FOLLOWER at term 1 for REJECTED
2021-10-17 01:34:22,952 [89fab1f2-29d6-4782-92bb-861e4d6ff694@group-67FF69347536-LeaderElection7] INFO  impl.RoleInfo (RoleInfo.java:shutdownLeaderElection(121)) - 89fab1f2-29d6-4782-92bb-861e4d6ff694: shutdown 89fab1f2-29d6-4782-92bb-861e4d6ff694@group-67FF69347536-LeaderElection7
2021-10-17 01:34:22,952 [89fab1f2-29d6-4782-92bb-861e4d6ff694@group-67FF69347536-LeaderElection7] INFO  impl.RoleInfo (RoleInfo.java:updateAndGet(130)) - 89fab1f2-29d6-4782-92bb-861e4d6ff694: start 89fab1f2-29d6-4782-92bb-861e4d6ff694@group-67FF69347536-FollowerState
2021-10-17 01:34:22,955 [grpc-default-executor-1] INFO  server.RaftServer$Division (RaftServerImpl.java:requestVote(1043)) - a5ef7eb4-0585-479c-9d56-cfefd71a4940@group-67FF69347536: receive requestVote(ELECTION, 89fab1f2-29d6-4782-92bb-861e4d6ff694, group-67FF69347536, 1, (t:0, i:0))
2021-10-17 01:34:22,958 [grpc-default-executor-3] INFO  server.RaftServer$Division (RaftServerImpl.java:requestVote(1043)) - a5ef7eb4-0585-479c-9d56-cfefd71a4940@group-67FF69347536: receive requestVote(ELECTION, c68442bd-a156-42c2-9473-4201701bbee4, group-67FF69347536, 1, (t:0, i:0))
2021-10-17 01:34:22,958 [grpc-default-executor-1] INFO  impl.VoteContext (VoteContext.java:log(48)) - a5ef7eb4-0585-479c-9d56-cfefd71a4940@group-67FF69347536-FOLLOWER: accept ELECTION from 89fab1f2-29d6-4782-92bb-861e4d6ff694: our priority 0 <= candidate's priority 0
2021-10-17 01:34:22,958 [grpc-default-executor-1] INFO  server.RaftServer$Division (RaftServerImpl.java:setRole(285)) - a5ef7eb4-0585-479c-9d56-cfefd71a4940@group-67FF69347536: changes role from  FOLLOWER to FOLLOWER at term 1 for candidate:89fab1f2-29d6-4782-92bb-861e4d6ff694
2021-10-17 01:34:22,958 [grpc-default-executor-1] INFO  impl.RoleInfo (RoleInfo.java:shutdownFollowerState(108)) - a5ef7eb4-0585-479c-9d56-cfefd71a4940: shutdown a5ef7eb4-0585-479c-9d56-cfefd71a4940@group-67FF69347536-FollowerState
2021-10-17 01:34:22,958 [grpc-default-executor-1] INFO  impl.RoleInfo (RoleInfo.java:updateAndGet(130)) - a5ef7eb4-0585-479c-9d56-cfefd71a4940: start a5ef7eb4-0585-479c-9d56-cfefd71a4940@group-67FF69347536-FollowerState
2021-10-17 01:34:22,958 [a5ef7eb4-0585-479c-9d56-cfefd71a4940@group-67FF69347536-FollowerState] INFO  impl.FollowerState (FollowerState.java:run(143)) - a5ef7eb4-0585-479c-9d56-cfefd71a4940@group-67FF69347536-FollowerState was interrupted: {}
java.lang.InterruptedException: sleep interrupted
	at java.lang.Thread.sleep(Native Method)
	at java.lang.Thread.sleep(Thread.java:340)
	at java.util.concurrent.TimeUnit.sleep(TimeUnit.java:386)
	at org.apache.ratis.util.TimeDuration.sleep(TimeDuration.java:324)
	at org.apache.ratis.util.TimeDuration.sleep(TimeDuration.java:309)
	at org.apache.ratis.server.impl.FollowerState.run(FollowerState.java:118)
2021-10-17 01:34:22,964 [89fab1f2-29d6-4782-92bb-861e4d6ff694@group-C8848C1A0092-FollowerState] INFO  impl.FollowerState (FollowerState.java:run(134)) - 89fab1f2-29d6-4782-92bb-861e4d6ff694@group-C8848C1A0092-FollowerState: change to CANDIDATE, lastRpcElapsedTime:5049744697ns, electionTimeout:5048ms
2021-10-17 01:34:22,964 [grpc-default-executor-1] INFO  server.RaftServer$Division (RaftServerImpl.java:requestVote(1075)) - a5ef7eb4-0585-479c-9d56-cfefd71a4940@group-67FF69347536 replies to ELECTION vote request: 89fab1f2-29d6-4782-92bb-861e4d6ff694<-a5ef7eb4-0585-479c-9d56-cfefd71a4940#0:OK-t1. Peer's state: a5ef7eb4-0585-479c-9d56-cfefd71a4940@group-67FF69347536:t1, leader=null, voted=89fab1f2-29d6-4782-92bb-861e4d6ff694, raftlog=a5ef7eb4-0585-479c-9d56-cfefd71a4940@group-67FF69347536-SegmentedRaftLog:OPENED:c-1,f-1,i0, conf=-1: [89fab1f2-29d6-4782-92bb-861e4d6ff694|rpc:10.1.0.12:34899|dataStream:|priority:0, c68442bd-a156-42c2-9473-4201701bbee4|rpc:10.1.0.12:36205|dataStream:|priority:1, a5ef7eb4-0585-479c-9d56-cfefd71a4940|rpc:10.1.0.12:45551|dataStream:|priority:0], old=null
2021-10-17 01:34:22,965 [89fab1f2-29d6-4782-92bb-861e4d6ff694@group-C8848C1A0092-FollowerState] INFO  impl.RoleInfo (RoleInfo.java:shutdownFollowerState(108)) - 89fab1f2-29d6-4782-92bb-861e4d6ff694: shutdown 89fab1f2-29d6-4782-92bb-861e4d6ff694@group-C8848C1A0092-FollowerState
2021-10-17 01:34:22,965 [grpc-default-executor-3] INFO  impl.VoteContext (VoteContext.java:log(48)) - a5ef7eb4-0585-479c-9d56-cfefd71a4940@group-67FF69347536-FOLLOWER: reject ELECTION from c68442bd-a156-42c2-9473-4201701bbee4: already has voted for 89fab1f2-29d6-4782-92bb-861e4d6ff694 at current term 1
2021-10-17 01:34:22,965 [89fab1f2-29d6-4782-92bb-861e4d6ff694@group-C8848C1A0092-FollowerState] INFO  server.RaftServer$Division (RaftServerImpl.java:setRole(285)) - 89fab1f2-29d6-4782-92bb-861e4d6ff694@group-C8848C1A0092: changes role from  FOLLOWER to CANDIDATE at term 0 for changeToCandidate
2021-10-17 01:34:22,965 [grpc-default-executor-3] INFO  server.RaftServer$Division (RaftServerImpl.java:requestVote(1075)) - a5ef7eb4-0585-479c-9d56-cfefd71a4940@group-67FF69347536 replies to ELECTION vote request: c68442bd-a156-42c2-9473-4201701bbee4<-a5ef7eb4-0585-479c-9d56-cfefd71a4940#0:FAIL-t1. Peer's state: a5ef7eb4-0585-479c-9d56-cfefd71a4940@group-67FF69347536:t1, leader=null, voted=89fab1f2-29d6-4782-92bb-861e4d6ff694, raftlog=a5ef7eb4-0585-479c-9d56-cfefd71a4940@group-67FF69347536-SegmentedRaftLog:OPENED:c-1,f-1,i0, conf=-1: [89fab1f2-29d6-4782-92bb-861e4d6ff694|rpc:10.1.0.12:34899|dataStream:|priority:0, c68442bd-a156-42c2-9473-4201701bbee4|rpc:10.1.0.12:36205|dataStream:|priority:1, a5ef7eb4-0585-479c-9d56-cfefd71a4940|rpc:10.1.0.12:45551|dataStream:|priority:0], old=null
2021-10-17 01:34:22,965 [89fab1f2-29d6-4782-92bb-861e4d6ff694@group-C8848C1A0092-FollowerState] INFO  server.RaftServerConfigKeys (ConfUtils.java:logGet(44)) - raft.server.leaderelection.pre-vote = false (custom)
2021-10-17 01:34:22,965 [89fab1f2-29d6-4782-92bb-861e4d6ff694@group-C8848C1A0092-FollowerState] INFO  impl.RoleInfo (RoleInfo.java:updateAndGet(130)) - 89fab1f2-29d6-4782-92bb-861e4d6ff694: start 89fab1f2-29d6-4782-92bb-861e4d6ff694@group-C8848C1A0092-LeaderElection8
2021-10-17 01:34:22,969 [c68442bd-a156-42c2-9473-4201701bbee4@group-67FF69347536-LeaderElection6] INFO  impl.LeaderElection (LeaderElection.java:logAndReturn(89)) - c68442bd-a156-42c2-9473-4201701bbee4@group-67FF69347536-LeaderElection6: ELECTION REJECTED received 2 response(s) and 0 exception(s):
2021-10-17 01:34:22,971 [c68442bd-a156-42c2-9473-4201701bbee4@group-67FF69347536-LeaderElection6] INFO  impl.LeaderElection (LeaderElection.java:logAndReturn(93)) -   Response 0: c68442bd-a156-42c2-9473-4201701bbee4<-89fab1f2-29d6-4782-92bb-861e4d6ff694#0:FAIL-t1
2021-10-17 01:34:22,971 [c68442bd-a156-42c2-9473-4201701bbee4@group-67FF69347536-LeaderElection6] INFO  impl.LeaderElection (LeaderElection.java:logAndReturn(93)) -   Response 1: c68442bd-a156-42c2-9473-4201701bbee4<-a5ef7eb4-0585-479c-9d56-cfefd71a4940#0:FAIL-t1
2021-10-17 01:34:22,971 [c68442bd-a156-42c2-9473-4201701bbee4@group-67FF69347536-LeaderElection6] INFO  impl.LeaderElection (LeaderElection.java:askForVotes(308)) - c68442bd-a156-42c2-9473-4201701bbee4@group-67FF69347536-LeaderElection6 ELECTION round 0: result REJECTED
2021-10-17 01:34:22,971 [c68442bd-a156-42c2-9473-4201701bbee4@group-67FF69347536-LeaderElection6] INFO  server.RaftServer$Division (RaftServerImpl.java:setRole(285)) - c68442bd-a156-42c2-9473-4201701bbee4@group-67FF69347536: changes role from CANDIDATE to FOLLOWER at term 1 for REJECTED
2021-10-17 01:34:22,971 [c68442bd-a156-42c2-9473-4201701bbee4@group-67FF69347536-LeaderElection6] INFO  impl.RoleInfo (RoleInfo.java:shutdownLeaderElection(121)) - c68442bd-a156-42c2-9473-4201701bbee4: shutdown c68442bd-a156-42c2-9473-4201701bbee4@group-67FF69347536-LeaderElection6
2021-10-17 01:34:22,971 [c68442bd-a156-42c2-9473-4201701bbee4@group-67FF69347536-LeaderElection6] INFO  impl.RoleInfo (RoleInfo.java:updateAndGet(130)) - c68442bd-a156-42c2-9473-4201701bbee4: start c68442bd-a156-42c2-9473-4201701bbee4@group-67FF69347536-FollowerState
2021-10-17 01:34:22,972 [89fab1f2-29d6-4782-92bb-861e4d6ff694@group-C8848C1A0092-LeaderElection8] INFO  impl.LeaderElection (LeaderElection.java:askForVotes(306)) - 89fab1f2-29d6-4782-92bb-861e4d6ff694@group-C8848C1A0092-LeaderElection8 ELECTION round 0: submit vote requests at term 1 for -1: [89fab1f2-29d6-4782-92bb-861e4d6ff694|rpc:10.1.0.12:34899|priority:0, c68442bd-a156-42c2-9473-4201701bbee4|rpc:10.1.0.12:36205|priority:0, a5ef7eb4-0585-479c-9d56-cfefd71a4940|rpc:10.1.0.12:45551|priority:1], old=null
2021-10-17 01:34:22,981 [grpc-default-executor-1] INFO  server.RaftServer$Division (RaftServerImpl.java:requestVote(1043)) - c68442bd-a156-42c2-9473-4201701bbee4@group-C8848C1A0092: receive requestVote(ELECTION, 89fab1f2-29d6-4782-92bb-861e4d6ff694, group-C8848C1A0092, 1, (t:0, i:0))
2021-10-17 01:34:22,981 [grpc-default-executor-1] INFO  impl.VoteContext (VoteContext.java:log(48)) - c68442bd-a156-42c2-9473-4201701bbee4@group-C8848C1A0092-FOLLOWER: accept ELECTION from 89fab1f2-29d6-4782-92bb-861e4d6ff694: our priority 0 <= candidate's priority 0
2021-10-17 01:34:22,981 [grpc-default-executor-1] INFO  server.RaftServer$Division (RaftServerImpl.java:setRole(285)) - c68442bd-a156-42c2-9473-4201701bbee4@group-C8848C1A0092: changes role from  FOLLOWER to FOLLOWER at term 1 for candidate:89fab1f2-29d6-4782-92bb-861e4d6ff694
2021-10-17 01:34:22,981 [grpc-default-executor-1] INFO  impl.RoleInfo (RoleInfo.java:shutdownFollowerState(108)) - c68442bd-a156-42c2-9473-4201701bbee4: shutdown c68442bd-a156-42c2-9473-4201701bbee4@group-C8848C1A0092-FollowerState
2021-10-17 01:34:22,981 [grpc-default-executor-1] INFO  impl.RoleInfo (RoleInfo.java:updateAndGet(130)) - c68442bd-a156-42c2-9473-4201701bbee4: start c68442bd-a156-42c2-9473-4201701bbee4@group-C8848C1A0092-FollowerState
2021-10-17 01:34:22,981 [c68442bd-a156-42c2-9473-4201701bbee4@group-C8848C1A0092-FollowerState] INFO  impl.FollowerState (FollowerState.java:run(143)) - c68442bd-a156-42c2-9473-4201701bbee4@group-C8848C1A0092-FollowerState was interrupted: {}
java.lang.InterruptedException: sleep interrupted
	at java.lang.Thread.sleep(Native Method)
	at java.lang.Thread.sleep(Thread.java:340)
	at java.util.concurrent.TimeUnit.sleep(TimeUnit.java:386)
	at org.apache.ratis.util.TimeDuration.sleep(TimeDuration.java:324)
	at org.apache.ratis.util.TimeDuration.sleep(TimeDuration.java:309)
	at org.apache.ratis.server.impl.FollowerState.run(FollowerState.java:118)
2021-10-17 01:34:22,983 [grpc-default-executor-1] INFO  server.RaftServer$Division (RaftServerImpl.java:requestVote(1075)) - c68442bd-a156-42c2-9473-4201701bbee4@group-C8848C1A0092 replies to ELECTION vote request: 89fab1f2-29d6-4782-92bb-861e4d6ff694<-c68442bd-a156-42c2-9473-4201701bbee4#0:OK-t1. Peer's state: c68442bd-a156-42c2-9473-4201701bbee4@group-C8848C1A0092:t1, leader=null, voted=89fab1f2-29d6-4782-92bb-861e4d6ff694, raftlog=c68442bd-a156-42c2-9473-4201701bbee4@group-C8848C1A0092-SegmentedRaftLog:OPENED:c-1,f-1,i0, conf=-1: [89fab1f2-29d6-4782-92bb-861e4d6ff694|rpc:10.1.0.12:34899|dataStream:|priority:0, c68442bd-a156-42c2-9473-4201701bbee4|rpc:10.1.0.12:36205|dataStream:|priority:0, a5ef7eb4-0585-479c-9d56-cfefd71a4940|rpc:10.1.0.12:45551|dataStream:|priority:1], old=null
2021-10-17 01:34:22,985 [grpc-default-executor-3] INFO  server.RaftServer$Division (RaftServerImpl.java:requestVote(1043)) - a5ef7eb4-0585-479c-9d56-cfefd71a4940@group-C8848C1A0092: receive requestVote(ELECTION, 89fab1f2-29d6-4782-92bb-861e4d6ff694, group-C8848C1A0092, 1, (t:0, i:0))
2021-10-17 01:34:22,985 [grpc-default-executor-3] INFO  impl.VoteContext (VoteContext.java:log(48)) - a5ef7eb4-0585-479c-9d56-cfefd71a4940@group-C8848C1A0092-FOLLOWER: reject ELECTION from 89fab1f2-29d6-4782-92bb-861e4d6ff694: our priority 1 > candidate's priority 0
2021-10-17 01:34:22,985 [grpc-default-executor-3] INFO  server.RaftServer$Division (RaftServerImpl.java:setRole(285)) - a5ef7eb4-0585-479c-9d56-cfefd71a4940@group-C8848C1A0092: changes role from  FOLLOWER to FOLLOWER at term 1 for candidate:89fab1f2-29d6-4782-92bb-861e4d6ff694
2021-10-17 01:34:22,985 [grpc-default-executor-3] INFO  impl.RoleInfo (RoleInfo.java:shutdownFollowerState(108)) - a5ef7eb4-0585-479c-9d56-cfefd71a4940: shutdown a5ef7eb4-0585-479c-9d56-cfefd71a4940@group-C8848C1A0092-FollowerState
2021-10-17 01:34:22,985 [grpc-default-executor-3] INFO  impl.RoleInfo (RoleInfo.java:updateAndGet(130)) - a5ef7eb4-0585-479c-9d56-cfefd71a4940: start a5ef7eb4-0585-479c-9d56-cfefd71a4940@group-C8848C1A0092-FollowerState
2021-10-17 01:34:22,985 [a5ef7eb4-0585-479c-9d56-cfefd71a4940@group-C8848C1A0092-FollowerState] INFO  impl.FollowerState (FollowerState.java:run(143)) - a5ef7eb4-0585-479c-9d56-cfefd71a4940@group-C8848C1A0092-FollowerState was interrupted: {}
java.lang.InterruptedException: sleep interrupted
	at java.lang.Thread.sleep(Native Method)
	at java.lang.Thread.sleep(Thread.java:340)
	at java.util.concurrent.TimeUnit.sleep(TimeUnit.java:386)
	at org.apache.ratis.util.TimeDuration.sleep(TimeDuration.java:324)
	at org.apache.ratis.util.TimeDuration.sleep(TimeDuration.java:309)
	at org.apache.ratis.server.impl.FollowerState.run(FollowerState.java:118)
2021-10-17 01:34:22,993 [grpc-default-executor-3] INFO  server.RaftServer$Division (RaftServerImpl.java:requestVote(1075)) - a5ef7eb4-0585-479c-9d56-cfefd71a4940@group-C8848C1A0092 replies to ELECTION vote request: 89fab1f2-29d6-4782-92bb-861e4d6ff694<-a5ef7eb4-0585-479c-9d56-cfefd71a4940#0:FAIL-t1. Peer's state: a5ef7eb4-0585-479c-9d56-cfefd71a4940@group-C8848C1A0092:t1, leader=null, voted=null, raftlog=a5ef7eb4-0585-479c-9d56-cfefd71a4940@group-C8848C1A0092-SegmentedRaftLog:OPENED:c-1,f-1,i0, conf=-1: [89fab1f2-29d6-4782-92bb-861e4d6ff694|rpc:10.1.0.12:34899|dataStream:|priority:0, c68442bd-a156-42c2-9473-4201701bbee4|rpc:10.1.0.12:36205|dataStream:|priority:0, a5ef7eb4-0585-479c-9d56-cfefd71a4940|rpc:10.1.0.12:45551|dataStream:|priority:1], old=null
2021-10-17 01:34:22,994 [89fab1f2-29d6-4782-92bb-861e4d6ff694@group-C8848C1A0092-LeaderElection8] INFO  impl.LeaderElection (LeaderElection.java:logAndReturn(89)) - 89fab1f2-29d6-4782-92bb-861e4d6ff694@group-C8848C1A0092-LeaderElection8: ELECTION REJECTED received 2 response(s) and 0 exception(s):
2021-10-17 01:34:22,994 [89fab1f2-29d6-4782-92bb-861e4d6ff694@group-C8848C1A0092-LeaderElection8] INFO  impl.LeaderElection (LeaderElection.java:logAndReturn(93)) -   Response 0: 89fab1f2-29d6-4782-92bb-861e4d6ff694<-c68442bd-a156-42c2-9473-4201701bbee4#0:OK-t1
2021-10-17 01:34:22,994 [89fab1f2-29d6-4782-92bb-861e4d6ff694@group-C8848C1A0092-LeaderElection8] INFO  impl.LeaderElection (LeaderElection.java:logAndReturn(93)) -   Response 1: 89fab1f2-29d6-4782-92bb-861e4d6ff694<-a5ef7eb4-0585-479c-9d56-cfefd71a4940#0:FAIL-t1
2021-10-17 01:34:22,994 [89fab1f2-29d6-4782-92bb-861e4d6ff694@group-C8848C1A0092-LeaderElection8] INFO  impl.LeaderElection (LeaderElection.java:askForVotes(308)) - 89fab1f2-29d6-4782-92bb-861e4d6ff694@group-C8848C1A0092-LeaderElection8 ELECTION round 0: result REJECTED
2021-10-17 01:34:22,994 [89fab1f2-29d6-4782-92bb-861e4d6ff694@group-C8848C1A0092-LeaderElection8] INFO  server.RaftServer$Division (RaftServerImpl.java:setRole(285)) - 89fab1f2-29d6-4782-92bb-861e4d6ff694@group-C8848C1A0092: changes role from CANDIDATE to FOLLOWER at term 1 for REJECTED
2021-10-17 01:34:22,995 [89fab1f2-29d6-4782-92bb-861e4d6ff694@group-C8848C1A0092-LeaderElection8] INFO  impl.RoleInfo (RoleInfo.java:shutdownLeaderElection(121)) - 89fab1f2-29d6-4782-92bb-861e4d6ff694: shutdown 89fab1f2-29d6-4782-92bb-861e4d6ff694@group-C8848C1A0092-LeaderElection8
2021-10-17 01:34:22,995 [89fab1f2-29d6-4782-92bb-861e4d6ff694@group-C8848C1A0092-LeaderElection8] INFO  impl.RoleInfo (RoleInfo.java:updateAndGet(130)) - 89fab1f2-29d6-4782-92bb-861e4d6ff694: start 89fab1f2-29d6-4782-92bb-861e4d6ff694@group-C8848C1A0092-FollowerState
2021-10-17 01:34:23,325 [c68442bd-a156-42c2-9473-4201701bbee4@group-BB4CAAF6B43F-FollowerState] INFO  impl.FollowerState (FollowerState.java:run(134)) - c68442bd-a156-42c2-9473-4201701bbee4@group-BB4CAAF6B43F-FollowerState: change to CANDIDATE, lastRpcElapsedTime:5145895200ns, electionTimeout:5145ms
2021-10-17 01:34:23,326 [c68442bd-a156-42c2-9473-4201701bbee4@group-BB4CAAF6B43F-FollowerState] INFO  impl.RoleInfo (RoleInfo.java:shutdownFollowerState(108)) - c68442bd-a156-42c2-9473-4201701bbee4: shutdown c68442bd-a156-42c2-9473-4201701bbee4@group-BB4CAAF6B43F-FollowerState
2021-10-17 01:34:23,326 [c68442bd-a156-42c2-9473-4201701bbee4@group-BB4CAAF6B43F-FollowerState] INFO  server.RaftServer$Division (RaftServerImpl.java:setRole(285)) - c68442bd-a156-42c2-9473-4201701bbee4@group-BB4CAAF6B43F: changes role from  FOLLOWER to CANDIDATE at term 0 for changeToCandidate
2021-10-17 01:34:23,326 [c68442bd-a156-42c2-9473-4201701bbee4@group-BB4CAAF6B43F-FollowerState] INFO  server.RaftServerConfigKeys (ConfUtils.java:logGet(44)) - raft.server.leaderelection.pre-vote = false (custom)
2021-10-17 01:34:23,327 [c68442bd-a156-42c2-9473-4201701bbee4@group-BB4CAAF6B43F-FollowerState] INFO  impl.RoleInfo (RoleInfo.java:updateAndGet(130)) - c68442bd-a156-42c2-9473-4201701bbee4: start c68442bd-a156-42c2-9473-4201701bbee4@group-BB4CAAF6B43F-LeaderElection9
2021-10-17 01:34:23,330 [c68442bd-a156-42c2-9473-4201701bbee4@group-BB4CAAF6B43F-LeaderElection9] INFO  impl.LeaderElection (LeaderElection.java:askForVotes(306)) - c68442bd-a156-42c2-9473-4201701bbee4@group-BB4CAAF6B43F-LeaderElection9 ELECTION round 0: submit vote requests at term 1 for -1: [c68442bd-a156-42c2-9473-4201701bbee4|rpc:10.1.0.12:36205|priority:1], old=null
2021-10-17 01:34:23,330 [c68442bd-a156-42c2-9473-4201701bbee4@group-BB4CAAF6B43F-LeaderElection9] INFO  impl.LeaderElection (LeaderElection.java:askForVotes(308)) - c68442bd-a156-42c2-9473-4201701bbee4@group-BB4CAAF6B43F-LeaderElection9 ELECTION round 0: result PASSED (term=1)
2021-10-17 01:34:23,330 [c68442bd-a156-42c2-9473-4201701bbee4@group-BB4CAAF6B43F-LeaderElection9] INFO  impl.RoleInfo (RoleInfo.java:shutdownLeaderElection(121)) - c68442bd-a156-42c2-9473-4201701bbee4: shutdown c68442bd-a156-42c2-9473-4201701bbee4@group-BB4CAAF6B43F-LeaderElection9
2021-10-17 01:34:23,330 [c68442bd-a156-42c2-9473-4201701bbee4@group-BB4CAAF6B43F-LeaderElection9] INFO  server.RaftServer$Division (RaftServerImpl.java:setRole(285)) - c68442bd-a156-42c2-9473-4201701bbee4@group-BB4CAAF6B43F: changes role from CANDIDATE to LEADER at term 1 for changeToLeader
2021-10-17 01:34:23,331 [c68442bd-a156-42c2-9473-4201701bbee4@group-BB4CAAF6B43F-LeaderElection9] INFO  ratis.XceiverServerRatis (XceiverServerRatis.java:handleLeaderChangedNotification(866)) - Leader change notification received for group: group-BB4CAAF6B43F with new leaderId: c68442bd-a156-42c2-9473-4201701bbee4
2021-10-17 01:34:23,331 [c68442bd-a156-42c2-9473-4201701bbee4@group-BB4CAAF6B43F-LeaderElection9] INFO  server.RaftServer$Division (ServerState.java:setLeader(285)) - c68442bd-a156-42c2-9473-4201701bbee4@group-BB4CAAF6B43F: change Leader from null to c68442bd-a156-42c2-9473-4201701bbee4 at term 1 for becomeLeader, leader elected after 5163ms
2021-10-17 01:34:23,331 [c68442bd-a156-42c2-9473-4201701bbee4@group-BB4CAAF6B43F-LeaderElection9] INFO  server.RaftServerConfigKeys (ConfUtils.java:logGet(44)) - raft.server.staging.catchup.gap = 1000 (default)
2021-10-17 01:34:23,331 [Datanode State Machine Thread - 0] WARN  statemachine.StateContext (StateContext.java:execute(621)) - No available thread in pool for past 1 seconds.
2021-10-17 01:34:23,333 [Listener at 127.0.0.1/11184] INFO  ozone.MiniOzoneClusterImpl (MiniOzoneClusterImpl.java:lambda$waitForClusterToBeReady$0(235)) - Nodes are ready. Got 3 of 3 DN Heartbeats.
2021-10-17 01:34:23,333 [Listener at 127.0.0.1/11184] INFO  ozone.MiniOzoneClusterImpl (MiniOzoneClusterImpl.java:lambda$waitForClusterToBeReady$0(238)) - Waiting for cluster to exit safe mode
2021-10-17 01:34:23,333 [Listener at 127.0.0.1/11184] INFO  ozone.MiniOzoneClusterImpl (MiniOzoneClusterImpl.java:lambda$waitForClusterToBeReady$0(240)) - SCM became leader
2021-10-17 01:34:23,334 [EventQueue-OpenPipelineForHealthyPipelineSafeModeRule] INFO  safemode.SCMSafeModeManager (HealthyPipelineSafeModeRule.java:process(124)) - SCM in safe mode. Healthy pipelines reported count is 0, required healthy pipeline reported count is 1
2021-10-17 01:34:23,335 [c68442bd-a156-42c2-9473-4201701bbee4@group-BB4CAAF6B43F-LeaderElection9] INFO  server.RaftServerConfigKeys (ConfUtils.java:logGet(44)) - raft.server.write.element-limit = 1024 (custom)
2021-10-17 01:34:23,335 [c68442bd-a156-42c2-9473-4201701bbee4@group-BB4CAAF6B43F-LeaderElection9] INFO  server.RaftServerConfigKeys (ConfUtils.java:logGet(44)) - raft.server.write.byte-limit = 1024 M (=1073741824) (custom)
2021-10-17 01:34:23,337 [c68442bd-a156-42c2-9473-4201701bbee4@group-BB4CAAF6B43F-LeaderElection9] INFO  server.RaftServerConfigKeys (ConfUtils.java:logGet(44)) - raft.server.watch.timeout = 180s (custom)
2021-10-17 01:34:23,337 [c68442bd-a156-42c2-9473-4201701bbee4@group-BB4CAAF6B43F-LeaderElection9] INFO  server.RaftServerConfigKeys (ConfUtils.java:logGet(44)) - raft.server.watch.timeout.denomination = 1s (default)
2021-10-17 01:34:23,337 [c68442bd-a156-42c2-9473-4201701bbee4@group-BB4CAAF6B43F-LeaderElection9] INFO  server.RaftServerConfigKeys (ConfUtils.java:logGet(44)) - raft.server.watch.element-limit = 65536 (default)
2021-10-17 01:34:23,337 [c68442bd-a156-42c2-9473-4201701bbee4@group-BB4CAAF6B43F-LeaderElection9] INFO  impl.RoleInfo (RoleInfo.java:updateAndGet(130)) - c68442bd-a156-42c2-9473-4201701bbee4: start c68442bd-a156-42c2-9473-4201701bbee4@group-BB4CAAF6B43F-LeaderStateImpl
2021-10-17 01:34:23,337 [c68442bd-a156-42c2-9473-4201701bbee4@group-BB4CAAF6B43F-LeaderElection9] INFO  segmented.SegmentedRaftLogWorker (SegmentedRaftLogWorker.java:startLogSegment(394)) - c68442bd-a156-42c2-9473-4201701bbee4@group-BB4CAAF6B43F-SegmentedRaftLogWorker: Starting segment from index:0
2021-10-17 01:34:23,339 [c68442bd-a156-42c2-9473-4201701bbee4@group-BB4CAAF6B43F-SegmentedRaftLogWorker] INFO  segmented.SegmentedRaftLogWorker (SegmentedRaftLogWorker.java:execute(601)) - c68442bd-a156-42c2-9473-4201701bbee4@group-BB4CAAF6B43F-SegmentedRaftLogWorker: created new log segment /home/runner/work/ozone/ozone/hadoop-ozone/integration-test/target/test-dir/MiniOzoneClusterImpl-e6b5673d-0e05-4a61-970a-b11d77d0bde6/datanode-1/data/ratis/17a8a3df-7da8-456a-9df9-bb4caaf6b43f/current/log_inprogress_0
2021-10-17 01:34:23,340 [c68442bd-a156-42c2-9473-4201701bbee4@group-BB4CAAF6B43F-LeaderElection9] INFO  server.RaftServer$Division (ServerState.java:setRaftConf(387)) - c68442bd-a156-42c2-9473-4201701bbee4@group-BB4CAAF6B43F: set configuration 0: [c68442bd-a156-42c2-9473-4201701bbee4|rpc:10.1.0.12:36205|dataStream:|priority:1], old=null
2021-10-17 01:34:23,498 [a5ef7eb4-0585-479c-9d56-cfefd71a4940@group-348B01079821-FollowerState] INFO  impl.FollowerState (FollowerState.java:run(134)) - a5ef7eb4-0585-479c-9d56-cfefd71a4940@group-348B01079821-FollowerState: change to CANDIDATE, lastRpcElapsedTime:5153853441ns, electionTimeout:5153ms
2021-10-17 01:34:23,498 [a5ef7eb4-0585-479c-9d56-cfefd71a4940@group-348B01079821-FollowerState] INFO  impl.RoleInfo (RoleInfo.java:shutdownFollowerState(108)) - a5ef7eb4-0585-479c-9d56-cfefd71a4940: shutdown a5ef7eb4-0585-479c-9d56-cfefd71a4940@group-348B01079821-FollowerState
2021-10-17 01:34:23,498 [a5ef7eb4-0585-479c-9d56-cfefd71a4940@group-348B01079821-FollowerState] INFO  server.RaftServer$Division (RaftServerImpl.java:setRole(285)) - a5ef7eb4-0585-479c-9d56-cfefd71a4940@group-348B01079821: changes role from  FOLLOWER to CANDIDATE at term 0 for changeToCandidate
2021-10-17 01:34:23,498 [a5ef7eb4-0585-479c-9d56-cfefd71a4940@group-348B01079821-FollowerState] INFO  server.RaftServerConfigKeys (ConfUtils.java:logGet(44)) - raft.server.leaderelection.pre-vote = false (custom)
2021-10-17 01:34:23,498 [a5ef7eb4-0585-479c-9d56-cfefd71a4940@group-348B01079821-FollowerState] INFO  impl.RoleInfo (RoleInfo.java:updateAndGet(130)) - a5ef7eb4-0585-479c-9d56-cfefd71a4940: start a5ef7eb4-0585-479c-9d56-cfefd71a4940@group-348B01079821-LeaderElection10
2021-10-17 01:34:23,502 [a5ef7eb4-0585-479c-9d56-cfefd71a4940@group-348B01079821-LeaderElection10] INFO  impl.LeaderElection (LeaderElection.java:askForVotes(306)) - a5ef7eb4-0585-479c-9d56-cfefd71a4940@group-348B01079821-LeaderElection10 ELECTION round 0: submit vote requests at term 1 for -1: [a5ef7eb4-0585-479c-9d56-cfefd71a4940|rpc:10.1.0.12:45551|priority:1], old=null
2021-10-17 01:34:23,502 [a5ef7eb4-0585-479c-9d56-cfefd71a4940@group-348B01079821-LeaderElection10] INFO  impl.LeaderElection (LeaderElection.java:askForVotes(308)) - a5ef7eb4-0585-479c-9d56-cfefd71a4940@group-348B01079821-LeaderElection10 ELECTION round 0: result PASSED (term=1)
2021-10-17 01:34:23,502 [a5ef7eb4-0585-479c-9d56-cfefd71a4940@group-348B01079821-LeaderElection10] INFO  impl.RoleInfo (RoleInfo.java:shutdownLeaderElection(121)) - a5ef7eb4-0585-479c-9d56-cfefd71a4940: shutdown a5ef7eb4-0585-479c-9d56-cfefd71a4940@group-348B01079821-LeaderElection10
2021-10-17 01:34:23,502 [a5ef7eb4-0585-479c-9d56-cfefd71a4940@group-348B01079821-LeaderElection10] INFO  server.RaftServer$Division (RaftServerImpl.java:setRole(285)) - a5ef7eb4-0585-479c-9d56-cfefd71a4940@group-348B01079821: changes role from CANDIDATE to LEADER at term 1 for changeToLeader
2021-10-17 01:34:23,502 [a5ef7eb4-0585-479c-9d56-cfefd71a4940@group-348B01079821-LeaderElection10] INFO  ratis.XceiverServerRatis (XceiverServerRatis.java:handleLeaderChangedNotification(866)) - Leader change notification received for group: group-348B01079821 with new leaderId: a5ef7eb4-0585-479c-9d56-cfefd71a4940
2021-10-17 01:34:23,502 [a5ef7eb4-0585-479c-9d56-cfefd71a4940@group-348B01079821-LeaderElection10] INFO  server.RaftServer$Division (ServerState.java:setLeader(285)) - a5ef7eb4-0585-479c-9d56-cfefd71a4940@group-348B01079821: change Leader from null to a5ef7eb4-0585-479c-9d56-cfefd71a4940 at term 1 for becomeLeader, leader elected after 5168ms
2021-10-17 01:34:23,502 [a5ef7eb4-0585-479c-9d56-cfefd71a4940@group-348B01079821-LeaderElection10] INFO  server.RaftServerConfigKeys (ConfUtils.java:logGet(44)) - raft.server.staging.catchup.gap = 1000 (default)
2021-10-17 01:34:23,502 [Datanode State Machine Thread - 0] WARN  statemachine.StateContext (StateContext.java:execute(621)) - No available thread in pool for past 1 seconds.
2021-10-17 01:34:23,503 [a5ef7eb4-0585-479c-9d56-cfefd71a4940@group-348B01079821-LeaderElection10] INFO  server.RaftServerConfigKeys (ConfUtils.java:logGet(44)) - raft.server.write.element-limit = 1024 (custom)
2021-10-17 01:34:23,503 [a5ef7eb4-0585-479c-9d56-cfefd71a4940@group-348B01079821-LeaderElection10] INFO  server.RaftServerConfigKeys (ConfUtils.java:logGet(44)) - raft.server.write.byte-limit = 1024 M (=1073741824) (custom)
2021-10-17 01:34:23,503 [a5ef7eb4-0585-479c-9d56-cfefd71a4940@group-348B01079821-LeaderElection10] INFO  server.RaftServerConfigKeys (ConfUtils.java:logGet(44)) - raft.server.watch.timeout = 180s (custom)
2021-10-17 01:34:23,503 [a5ef7eb4-0585-479c-9d56-cfefd71a4940@group-348B01079821-LeaderElection10] INFO  server.RaftServerConfigKeys (ConfUtils.java:logGet(44)) - raft.server.watch.timeout.denomination = 1s (default)
2021-10-17 01:34:23,503 [a5ef7eb4-0585-479c-9d56-cfefd71a4940@group-348B01079821-LeaderElection10] INFO  server.RaftServerConfigKeys (ConfUtils.java:logGet(44)) - raft.server.watch.element-limit = 65536 (default)
2021-10-17 01:34:23,503 [a5ef7eb4-0585-479c-9d56-cfefd71a4940@group-348B01079821-LeaderElection10] INFO  impl.RoleInfo (RoleInfo.java:updateAndGet(130)) - a5ef7eb4-0585-479c-9d56-cfefd71a4940: start a5ef7eb4-0585-479c-9d56-cfefd71a4940@group-348B01079821-LeaderStateImpl
2021-10-17 01:34:23,503 [a5ef7eb4-0585-479c-9d56-cfefd71a4940@group-348B01079821-LeaderElection10] INFO  segmented.SegmentedRaftLogWorker (SegmentedRaftLogWorker.java:startLogSegment(394)) - a5ef7eb4-0585-479c-9d56-cfefd71a4940@group-348B01079821-SegmentedRaftLogWorker: Starting segment from index:0
2021-10-17 01:34:23,504 [EventQueue-OpenPipelineForHealthyPipelineSafeModeRule] INFO  safemode.SCMSafeModeManager (HealthyPipelineSafeModeRule.java:process(124)) - SCM in safe mode. Healthy pipelines reported count is 0, required healthy pipeline reported count is 1
2021-10-17 01:34:23,505 [a5ef7eb4-0585-479c-9d56-cfefd71a4940@group-348B01079821-SegmentedRaftLogWorker] INFO  segmented.SegmentedRaftLogWorker (SegmentedRaftLogWorker.java:execute(601)) - a5ef7eb4-0585-479c-9d56-cfefd71a4940@group-348B01079821-SegmentedRaftLogWorker: created new log segment /home/runner/work/ozone/ozone/hadoop-ozone/integration-test/target/test-dir/MiniOzoneClusterImpl-e6b5673d-0e05-4a61-970a-b11d77d0bde6/datanode-2/data/ratis/64ac42be-252e-419f-acae-348b01079821/current/log_inprogress_0
2021-10-17 01:34:23,506 [a5ef7eb4-0585-479c-9d56-cfefd71a4940@group-348B01079821-LeaderElection10] INFO  server.RaftServer$Division (ServerState.java:setRaftConf(387)) - a5ef7eb4-0585-479c-9d56-cfefd71a4940@group-348B01079821: set configuration 0: [a5ef7eb4-0585-479c-9d56-cfefd71a4940|rpc:10.1.0.12:45551|dataStream:|priority:1], old=null
2021-10-17 01:34:24,333 [Listener at 127.0.0.1/11184] INFO  ozone.MiniOzoneClusterImpl (MiniOzoneClusterImpl.java:lambda$waitForClusterToBeReady$0(235)) - Nodes are ready. Got 3 of 3 DN Heartbeats.
2021-10-17 01:34:24,333 [Listener at 127.0.0.1/11184] INFO  ozone.MiniOzoneClusterImpl (MiniOzoneClusterImpl.java:lambda$waitForClusterToBeReady$0(238)) - Waiting for cluster to exit safe mode
2021-10-17 01:34:24,333 [Listener at 127.0.0.1/11184] INFO  ozone.MiniOzoneClusterImpl (MiniOzoneClusterImpl.java:lambda$waitForClusterToBeReady$0(240)) - SCM became leader
2021-10-17 01:34:25,334 [Listener at 127.0.0.1/11184] INFO  ozone.MiniOzoneClusterImpl (MiniOzoneClusterImpl.java:lambda$waitForClusterToBeReady$0(235)) - Nodes are ready. Got 3 of 3 DN Heartbeats.
2021-10-17 01:34:25,334 [Listener at 127.0.0.1/11184] INFO  ozone.MiniOzoneClusterImpl (MiniOzoneClusterImpl.java:lambda$waitForClusterToBeReady$0(238)) - Waiting for cluster to exit safe mode
2021-10-17 01:34:25,334 [Listener at 127.0.0.1/11184] INFO  ozone.MiniOzoneClusterImpl (MiniOzoneClusterImpl.java:lambda$waitForClusterToBeReady$0(240)) - SCM became leader
2021-10-17 01:34:26,334 [Listener at 127.0.0.1/11184] INFO  ozone.MiniOzoneClusterImpl (MiniOzoneClusterImpl.java:lambda$waitForClusterToBeReady$0(235)) - Nodes are ready. Got 3 of 3 DN Heartbeats.
2021-10-17 01:34:26,335 [Listener at 127.0.0.1/11184] INFO  ozone.MiniOzoneClusterImpl (MiniOzoneClusterImpl.java:lambda$waitForClusterToBeReady$0(238)) - Waiting for cluster to exit safe mode
2021-10-17 01:34:26,335 [Listener at 127.0.0.1/11184] INFO  ozone.MiniOzoneClusterImpl (MiniOzoneClusterImpl.java:lambda$waitForClusterToBeReady$0(240)) - SCM became leader
2021-10-17 01:34:27,335 [Listener at 127.0.0.1/11184] INFO  ozone.MiniOzoneClusterImpl (MiniOzoneClusterImpl.java:lambda$waitForClusterToBeReady$0(235)) - Nodes are ready. Got 3 of 3 DN Heartbeats.
2021-10-17 01:34:27,335 [Listener at 127.0.0.1/11184] INFO  ozone.MiniOzoneClusterImpl (MiniOzoneClusterImpl.java:lambda$waitForClusterToBeReady$0(238)) - Waiting for cluster to exit safe mode
2021-10-17 01:34:27,335 [Listener at 127.0.0.1/11184] INFO  ozone.MiniOzoneClusterImpl (MiniOzoneClusterImpl.java:lambda$waitForClusterToBeReady$0(240)) - SCM became leader
2021-10-17 01:34:28,003 [89fab1f2-29d6-4782-92bb-861e4d6ff694@group-C8848C1A0092-FollowerState] INFO  impl.FollowerState (FollowerState.java:run(134)) - 89fab1f2-29d6-4782-92bb-861e4d6ff694@group-C8848C1A0092-FollowerState: change to CANDIDATE, lastRpcElapsedTime:5007288335ns, electionTimeout:5005ms
2021-10-17 01:34:28,003 [89fab1f2-29d6-4782-92bb-861e4d6ff694@group-C8848C1A0092-FollowerState] INFO  impl.RoleInfo (RoleInfo.java:shutdownFollowerState(108)) - 89fab1f2-29d6-4782-92bb-861e4d6ff694: shutdown 89fab1f2-29d6-4782-92bb-861e4d6ff694@group-C8848C1A0092-FollowerState
2021-10-17 01:34:28,003 [89fab1f2-29d6-4782-92bb-861e4d6ff694@group-C8848C1A0092-FollowerState] INFO  server.RaftServer$Division (RaftServerImpl.java:setRole(285)) - 89fab1f2-29d6-4782-92bb-861e4d6ff694@group-C8848C1A0092: changes role from  FOLLOWER to CANDIDATE at term 1 for changeToCandidate
2021-10-17 01:34:28,003 [89fab1f2-29d6-4782-92bb-861e4d6ff694@group-C8848C1A0092-FollowerState] INFO  server.RaftServerConfigKeys (ConfUtils.java:logGet(44)) - raft.server.leaderelection.pre-vote = false (custom)
2021-10-17 01:34:28,003 [89fab1f2-29d6-4782-92bb-861e4d6ff694@group-C8848C1A0092-FollowerState] INFO  impl.RoleInfo (RoleInfo.java:updateAndGet(130)) - 89fab1f2-29d6-4782-92bb-861e4d6ff694: start 89fab1f2-29d6-4782-92bb-861e4d6ff694@group-C8848C1A0092-LeaderElection11
2021-10-17 01:34:28,006 [89fab1f2-29d6-4782-92bb-861e4d6ff694@group-C8848C1A0092-LeaderElection11] INFO  impl.LeaderElection (LeaderElection.java:askForVotes(306)) - 89fab1f2-29d6-4782-92bb-861e4d6ff694@group-C8848C1A0092-LeaderElection11 ELECTION round 0: submit vote requests at term 2 for -1: [89fab1f2-29d6-4782-92bb-861e4d6ff694|rpc:10.1.0.12:34899|priority:0, c68442bd-a156-42c2-9473-4201701bbee4|rpc:10.1.0.12:36205|priority:0, a5ef7eb4-0585-479c-9d56-cfefd71a4940|rpc:10.1.0.12:45551|priority:1], old=null
2021-10-17 01:34:28,011 [grpc-default-executor-1] INFO  server.RaftServer$Division (RaftServerImpl.java:requestVote(1043)) - c68442bd-a156-42c2-9473-4201701bbee4@group-C8848C1A0092: receive requestVote(ELECTION, 89fab1f2-29d6-4782-92bb-861e4d6ff694, group-C8848C1A0092, 2, (t:0, i:0))
2021-10-17 01:34:28,011 [grpc-default-executor-1] INFO  impl.VoteContext (VoteContext.java:log(48)) - c68442bd-a156-42c2-9473-4201701bbee4@group-C8848C1A0092-FOLLOWER: accept ELECTION from 89fab1f2-29d6-4782-92bb-861e4d6ff694: our priority 0 <= candidate's priority 0
2021-10-17 01:34:28,011 [grpc-default-executor-1] INFO  server.RaftServer$Division (RaftServerImpl.java:setRole(285)) - c68442bd-a156-42c2-9473-4201701bbee4@group-C8848C1A0092: changes role from  FOLLOWER to FOLLOWER at term 2 for candidate:89fab1f2-29d6-4782-92bb-861e4d6ff694
2021-10-17 01:34:28,011 [grpc-default-executor-1] INFO  impl.RoleInfo (RoleInfo.java:shutdownFollowerState(108)) - c68442bd-a156-42c2-9473-4201701bbee4: shutdown c68442bd-a156-42c2-9473-4201701bbee4@group-C8848C1A0092-FollowerState
2021-10-17 01:34:28,011 [grpc-default-executor-1] INFO  impl.RoleInfo (RoleInfo.java:updateAndGet(130)) - c68442bd-a156-42c2-9473-4201701bbee4: start c68442bd-a156-42c2-9473-4201701bbee4@group-C8848C1A0092-FollowerState
2021-10-17 01:34:28,011 [c68442bd-a156-42c2-9473-4201701bbee4@group-C8848C1A0092-FollowerState] INFO  impl.FollowerState (FollowerState.java:run(143)) - c68442bd-a156-42c2-9473-4201701bbee4@group-C8848C1A0092-FollowerState was interrupted: {}
java.lang.InterruptedException: sleep interrupted
	at java.lang.Thread.sleep(Native Method)
	at java.lang.Thread.sleep(Thread.java:340)
	at java.util.concurrent.TimeUnit.sleep(TimeUnit.java:386)
	at org.apache.ratis.util.TimeDuration.sleep(TimeDuration.java:324)
	at org.apache.ratis.util.TimeDuration.sleep(TimeDuration.java:309)
	at org.apache.ratis.server.impl.FollowerState.run(FollowerState.java:118)
2021-10-17 01:34:28,015 [grpc-default-executor-1] INFO  server.RaftServer$Division (RaftServerImpl.java:requestVote(1075)) - c68442bd-a156-42c2-9473-4201701bbee4@group-C8848C1A0092 replies to ELECTION vote request: 89fab1f2-29d6-4782-92bb-861e4d6ff694<-c68442bd-a156-42c2-9473-4201701bbee4#0:OK-t2. Peer's state: c68442bd-a156-42c2-9473-4201701bbee4@group-C8848C1A0092:t2, leader=null, voted=89fab1f2-29d6-4782-92bb-861e4d6ff694, raftlog=c68442bd-a156-42c2-9473-4201701bbee4@group-C8848C1A0092-SegmentedRaftLog:OPENED:c-1,f-1,i0, conf=-1: [89fab1f2-29d6-4782-92bb-861e4d6ff694|rpc:10.1.0.12:34899|dataStream:|priority:0, c68442bd-a156-42c2-9473-4201701bbee4|rpc:10.1.0.12:36205|dataStream:|priority:0, a5ef7eb4-0585-479c-9d56-cfefd71a4940|rpc:10.1.0.12:45551|dataStream:|priority:1], old=null
2021-10-17 01:34:28,015 [grpc-default-executor-3] INFO  server.RaftServer$Division (RaftServerImpl.java:requestVote(1043)) - a5ef7eb4-0585-479c-9d56-cfefd71a4940@group-C8848C1A0092: receive requestVote(ELECTION, 89fab1f2-29d6-4782-92bb-861e4d6ff694, group-C8848C1A0092, 2, (t:0, i:0))
2021-10-17 01:34:28,015 [grpc-default-executor-3] INFO  impl.VoteContext (VoteContext.java:log(48)) - a5ef7eb4-0585-479c-9d56-cfefd71a4940@group-C8848C1A0092-FOLLOWER: reject ELECTION from 89fab1f2-29d6-4782-92bb-861e4d6ff694: our priority 1 > candidate's priority 0
2021-10-17 01:34:28,015 [grpc-default-executor-3] INFO  server.RaftServer$Division (RaftServerImpl.java:setRole(285)) - a5ef7eb4-0585-479c-9d56-cfefd71a4940@group-C8848C1A0092: changes role from  FOLLOWER to FOLLOWER at term 2 for candidate:89fab1f2-29d6-4782-92bb-861e4d6ff694
2021-10-17 01:34:28,015 [grpc-default-executor-3] INFO  impl.RoleInfo (RoleInfo.java:shutdownFollowerState(108)) - a5ef7eb4-0585-479c-9d56-cfefd71a4940: shutdown a5ef7eb4-0585-479c-9d56-cfefd71a4940@group-C8848C1A0092-FollowerState
2021-10-17 01:34:28,015 [grpc-default-executor-3] INFO  impl.RoleInfo (RoleInfo.java:updateAndGet(130)) - a5ef7eb4-0585-479c-9d56-cfefd71a4940: start a5ef7eb4-0585-479c-9d56-cfefd71a4940@group-C8848C1A0092-FollowerState
2021-10-17 01:34:28,016 [a5ef7eb4-0585-479c-9d56-cfefd71a4940@group-C8848C1A0092-FollowerState] INFO  impl.FollowerState (FollowerState.java:run(143)) - a5ef7eb4-0585-479c-9d56-cfefd71a4940@group-C8848C1A0092-FollowerState was interrupted: {}
java.lang.InterruptedException: sleep interrupted
	at java.lang.Thread.sleep(Native Method)
	at java.lang.Thread.sleep(Thread.java:340)
	at java.util.concurrent.TimeUnit.sleep(TimeUnit.java:386)
	at org.apache.ratis.util.TimeDuration.sleep(TimeDuration.java:324)
	at org.apache.ratis.util.TimeDuration.sleep(TimeDuration.java:309)
	at org.apache.ratis.server.impl.FollowerState.run(FollowerState.java:118)
2021-10-17 01:34:28,022 [grpc-default-executor-3] INFO  server.RaftServer$Division (RaftServerImpl.java:requestVote(1075)) - a5ef7eb4-0585-479c-9d56-cfefd71a4940@group-C8848C1A0092 replies to ELECTION vote request: 89fab1f2-29d6-4782-92bb-861e4d6ff694<-a5ef7eb4-0585-479c-9d56-cfefd71a4940#0:FAIL-t2. Peer's state: a5ef7eb4-0585-479c-9d56-cfefd71a4940@group-C8848C1A0092:t2, leader=null, voted=null, raftlog=a5ef7eb4-0585-479c-9d56-cfefd71a4940@group-C8848C1A0092-SegmentedRaftLog:OPENED:c-1,f-1,i0, conf=-1: [89fab1f2-29d6-4782-92bb-861e4d6ff694|rpc:10.1.0.12:34899|dataStream:|priority:0, c68442bd-a156-42c2-9473-4201701bbee4|rpc:10.1.0.12:36205|dataStream:|priority:0, a5ef7eb4-0585-479c-9d56-cfefd71a4940|rpc:10.1.0.12:45551|dataStream:|priority:1], old=null
2021-10-17 01:34:28,023 [89fab1f2-29d6-4782-92bb-861e4d6ff694@group-C8848C1A0092-LeaderElection11] INFO  impl.LeaderElection (LeaderElection.java:logAndReturn(89)) - 89fab1f2-29d6-4782-92bb-861e4d6ff694@group-C8848C1A0092-LeaderElection11: ELECTION REJECTED received 2 response(s) and 0 exception(s):
2021-10-17 01:34:28,023 [89fab1f2-29d6-4782-92bb-861e4d6ff694@group-C8848C1A0092-LeaderElection11] INFO  impl.LeaderElection (LeaderElection.java:logAndReturn(93)) -   Response 0: 89fab1f2-29d6-4782-92bb-861e4d6ff694<-c68442bd-a156-42c2-9473-4201701bbee4#0:OK-t2
2021-10-17 01:34:28,023 [89fab1f2-29d6-4782-92bb-861e4d6ff694@group-C8848C1A0092-LeaderElection11] INFO  impl.LeaderElection (LeaderElection.java:logAndReturn(93)) -   Response 1: 89fab1f2-29d6-4782-92bb-861e4d6ff694<-a5ef7eb4-0585-479c-9d56-cfefd71a4940#0:FAIL-t2
2021-10-17 01:34:28,023 [89fab1f2-29d6-4782-92bb-861e4d6ff694@group-C8848C1A0092-LeaderElection11] INFO  impl.LeaderElection (LeaderElection.java:askForVotes(308)) - 89fab1f2-29d6-4782-92bb-861e4d6ff694@group-C8848C1A0092-LeaderElection11 ELECTION round 0: result REJECTED
2021-10-17 01:34:28,023 [89fab1f2-29d6-4782-92bb-861e4d6ff694@group-C8848C1A0092-LeaderElection11] INFO  server.RaftServer$Division (RaftServerImpl.java:setRole(285)) - 89fab1f2-29d6-4782-92bb-861e4d6ff694@group-C8848C1A0092: changes role from CANDIDATE to FOLLOWER at term 2 for REJECTED
2021-10-17 01:34:28,023 [89fab1f2-29d6-4782-92bb-861e4d6ff694@group-C8848C1A0092-LeaderElection11] INFO  impl.RoleInfo (RoleInfo.java:shutdownLeaderElection(121)) - 89fab1f2-29d6-4782-92bb-861e4d6ff694: shutdown 89fab1f2-29d6-4782-92bb-861e4d6ff694@group-C8848C1A0092-LeaderElection11
2021-10-17 01:34:28,023 [89fab1f2-29d6-4782-92bb-861e4d6ff694@group-C8848C1A0092-LeaderElection11] INFO  impl.RoleInfo (RoleInfo.java:updateAndGet(130)) - 89fab1f2-29d6-4782-92bb-861e4d6ff694: start 89fab1f2-29d6-4782-92bb-861e4d6ff694@group-C8848C1A0092-FollowerState
2021-10-17 01:34:28,025 [a5ef7eb4-0585-479c-9d56-cfefd71a4940@group-67FF69347536-FollowerState] INFO  impl.FollowerState (FollowerState.java:run(134)) - a5ef7eb4-0585-479c-9d56-cfefd71a4940@group-67FF69347536-FollowerState: change to CANDIDATE, lastRpcElapsedTime:5060319814ns, electionTimeout:5059ms
2021-10-17 01:34:28,028 [a5ef7eb4-0585-479c-9d56-cfefd71a4940@group-67FF69347536-FollowerState] INFO  impl.RoleInfo (RoleInfo.java:shutdownFollowerState(108)) - a5ef7eb4-0585-479c-9d56-cfefd71a4940: shutdown a5ef7eb4-0585-479c-9d56-cfefd71a4940@group-67FF69347536-FollowerState
2021-10-17 01:34:28,028 [a5ef7eb4-0585-479c-9d56-cfefd71a4940@group-67FF69347536-FollowerState] INFO  server.RaftServer$Division (RaftServerImpl.java:setRole(285)) - a5ef7eb4-0585-479c-9d56-cfefd71a4940@group-67FF69347536: changes role from  FOLLOWER to CANDIDATE at term 1 for changeToCandidate
2021-10-17 01:34:28,028 [a5ef7eb4-0585-479c-9d56-cfefd71a4940@group-67FF69347536-FollowerState] INFO  server.RaftServerConfigKeys (ConfUtils.java:logGet(44)) - raft.server.leaderelection.pre-vote = false (custom)
2021-10-17 01:34:28,028 [a5ef7eb4-0585-479c-9d56-cfefd71a4940@group-67FF69347536-FollowerState] INFO  impl.RoleInfo (RoleInfo.java:updateAndGet(130)) - a5ef7eb4-0585-479c-9d56-cfefd71a4940: start a5ef7eb4-0585-479c-9d56-cfefd71a4940@group-67FF69347536-LeaderElection12
2021-10-17 01:34:28,030 [a5ef7eb4-0585-479c-9d56-cfefd71a4940@group-67FF69347536-LeaderElection12] INFO  impl.LeaderElection (LeaderElection.java:askForVotes(306)) - a5ef7eb4-0585-479c-9d56-cfefd71a4940@group-67FF69347536-LeaderElection12 ELECTION round 0: submit vote requests at term 2 for -1: [89fab1f2-29d6-4782-92bb-861e4d6ff694|rpc:10.1.0.12:34899|dataStream:|priority:0, c68442bd-a156-42c2-9473-4201701bbee4|rpc:10.1.0.12:36205|dataStream:|priority:1, a5ef7eb4-0585-479c-9d56-cfefd71a4940|rpc:10.1.0.12:45551|dataStream:|priority:0], old=null
2021-10-17 01:34:28,038 [grpc-default-executor-3] INFO  server.RaftServer$Division (RaftServerImpl.java:requestVote(1043)) - 89fab1f2-29d6-4782-92bb-861e4d6ff694@group-67FF69347536: receive requestVote(ELECTION, a5ef7eb4-0585-479c-9d56-cfefd71a4940, group-67FF69347536, 2, (t:0, i:0))
2021-10-17 01:34:28,038 [grpc-default-executor-3] INFO  impl.VoteContext (VoteContext.java:log(48)) - 89fab1f2-29d6-4782-92bb-861e4d6ff694@group-67FF69347536-FOLLOWER: accept ELECTION from a5ef7eb4-0585-479c-9d56-cfefd71a4940: our priority 0 <= candidate's priority 0
2021-10-17 01:34:28,038 [grpc-default-executor-3] INFO  server.RaftServer$Division (RaftServerImpl.java:setRole(285)) - 89fab1f2-29d6-4782-92bb-861e4d6ff694@group-67FF69347536: changes role from  FOLLOWER to FOLLOWER at term 2 for candidate:a5ef7eb4-0585-479c-9d56-cfefd71a4940
2021-10-17 01:34:28,038 [grpc-default-executor-3] INFO  impl.RoleInfo (RoleInfo.java:shutdownFollowerState(108)) - 89fab1f2-29d6-4782-92bb-861e4d6ff694: shutdown 89fab1f2-29d6-4782-92bb-861e4d6ff694@group-67FF69347536-FollowerState
2021-10-17 01:34:28,038 [89fab1f2-29d6-4782-92bb-861e4d6ff694@group-67FF69347536-FollowerState] INFO  impl.FollowerState (FollowerState.java:run(143)) - 89fab1f2-29d6-4782-92bb-861e4d6ff694@group-67FF69347536-FollowerState was interrupted: {}
java.lang.InterruptedException: sleep interrupted
	at java.lang.Thread.sleep(Native Method)
	at java.lang.Thread.sleep(Thread.java:340)
	at java.util.concurrent.TimeUnit.sleep(TimeUnit.java:386)
	at org.apache.ratis.util.TimeDuration.sleep(TimeDuration.java:324)
	at org.apache.ratis.util.TimeDuration.sleep(TimeDuration.java:309)
	at org.apache.ratis.server.impl.FollowerState.run(FollowerState.java:118)
2021-10-17 01:34:28,042 [grpc-default-executor-3] INFO  impl.RoleInfo (RoleInfo.java:updateAndGet(130)) - 89fab1f2-29d6-4782-92bb-861e4d6ff694: start 89fab1f2-29d6-4782-92bb-861e4d6ff694@group-67FF69347536-FollowerState
2021-10-17 01:34:28,046 [grpc-default-executor-1] INFO  server.RaftServer$Division (RaftServerImpl.java:requestVote(1043)) - c68442bd-a156-42c2-9473-4201701bbee4@group-67FF69347536: receive requestVote(ELECTION, a5ef7eb4-0585-479c-9d56-cfefd71a4940, group-67FF69347536, 2, (t:0, i:0))
2021-10-17 01:34:28,046 [grpc-default-executor-1] INFO  impl.VoteContext (VoteContext.java:log(48)) - c68442bd-a156-42c2-9473-4201701bbee4@group-67FF69347536-FOLLOWER: reject ELECTION from a5ef7eb4-0585-479c-9d56-cfefd71a4940: our priority 1 > candidate's priority 0
2021-10-17 01:34:28,046 [grpc-default-executor-1] INFO  server.RaftServer$Division (RaftServerImpl.java:setRole(285)) - c68442bd-a156-42c2-9473-4201701bbee4@group-67FF69347536: changes role from  FOLLOWER to FOLLOWER at term 2 for candidate:a5ef7eb4-0585-479c-9d56-cfefd71a4940
2021-10-17 01:34:28,046 [grpc-default-executor-1] INFO  impl.RoleInfo (RoleInfo.java:shutdownFollowerState(108)) - c68442bd-a156-42c2-9473-4201701bbee4: shutdown c68442bd-a156-42c2-9473-4201701bbee4@group-67FF69347536-FollowerState
2021-10-17 01:34:28,046 [grpc-default-executor-1] INFO  impl.RoleInfo (RoleInfo.java:updateAndGet(130)) - c68442bd-a156-42c2-9473-4201701bbee4: start c68442bd-a156-42c2-9473-4201701bbee4@group-67FF69347536-FollowerState
2021-10-17 01:34:28,046 [c68442bd-a156-42c2-9473-4201701bbee4@group-67FF69347536-FollowerState] INFO  impl.FollowerState (FollowerState.java:run(143)) - c68442bd-a156-42c2-9473-4201701bbee4@group-67FF69347536-FollowerState was interrupted: {}
java.lang.InterruptedException: sleep interrupted
	at java.lang.Thread.sleep(Native Method)
	at java.lang.Thread.sleep(Thread.java:340)
	at java.util.concurrent.TimeUnit.sleep(TimeUnit.java:386)
	at org.apache.ratis.util.TimeDuration.sleep(TimeDuration.java:324)
	at org.apache.ratis.util.TimeDuration.sleep(TimeDuration.java:309)
	at org.apache.ratis.server.impl.FollowerState.run(FollowerState.java:118)
2021-10-17 01:34:28,047 [grpc-default-executor-3] INFO  server.RaftServer$Division (RaftServerImpl.java:requestVote(1075)) - 89fab1f2-29d6-4782-92bb-861e4d6ff694@group-67FF69347536 replies to ELECTION vote request: a5ef7eb4-0585-479c-9d56-cfefd71a4940<-89fab1f2-29d6-4782-92bb-861e4d6ff694#0:OK-t2. Peer's state: 89fab1f2-29d6-4782-92bb-861e4d6ff694@group-67FF69347536:t2, leader=null, voted=a5ef7eb4-0585-479c-9d56-cfefd71a4940, raftlog=89fab1f2-29d6-4782-92bb-861e4d6ff694@group-67FF69347536-SegmentedRaftLog:OPENED:c-1,f-1,i0, conf=-1: [89fab1f2-29d6-4782-92bb-861e4d6ff694|rpc:10.1.0.12:34899|priority:0, c68442bd-a156-42c2-9473-4201701bbee4|rpc:10.1.0.12:36205|priority:1, a5ef7eb4-0585-479c-9d56-cfefd71a4940|rpc:10.1.0.12:45551|priority:0], old=null
2021-10-17 01:34:28,056 [grpc-default-executor-1] INFO  server.RaftServer$Division (RaftServerImpl.java:requestVote(1075)) - c68442bd-a156-42c2-9473-4201701bbee4@group-67FF69347536 replies to ELECTION vote request: a5ef7eb4-0585-479c-9d56-cfefd71a4940<-c68442bd-a156-42c2-9473-4201701bbee4#0:FAIL-t2. Peer's state: c68442bd-a156-42c2-9473-4201701bbee4@group-67FF69347536:t2, leader=null, voted=null, raftlog=c68442bd-a156-42c2-9473-4201701bbee4@group-67FF69347536-SegmentedRaftLog:OPENED:c-1,f-1,i0, conf=-1: [89fab1f2-29d6-4782-92bb-861e4d6ff694|rpc:10.1.0.12:34899|dataStream:|priority:0, c68442bd-a156-42c2-9473-4201701bbee4|rpc:10.1.0.12:36205|dataStream:|priority:1, a5ef7eb4-0585-479c-9d56-cfefd71a4940|rpc:10.1.0.12:45551|dataStream:|priority:0], old=null
2021-10-17 01:34:28,057 [a5ef7eb4-0585-479c-9d56-cfefd71a4940@group-67FF69347536-LeaderElection12] INFO  impl.LeaderElection (LeaderElection.java:logAndReturn(89)) - a5ef7eb4-0585-479c-9d56-cfefd71a4940@group-67FF69347536-LeaderElection12: ELECTION REJECTED received 2 response(s) and 0 exception(s):
2021-10-17 01:34:28,058 [a5ef7eb4-0585-479c-9d56-cfefd71a4940@group-67FF69347536-LeaderElection12] INFO  impl.LeaderElection (LeaderElection.java:logAndReturn(93)) -   Response 0: a5ef7eb4-0585-479c-9d56-cfefd71a4940<-89fab1f2-29d6-4782-92bb-861e4d6ff694#0:OK-t2
2021-10-17 01:34:28,059 [a5ef7eb4-0585-479c-9d56-cfefd71a4940@group-67FF69347536-LeaderElection12] INFO  impl.LeaderElection (LeaderElection.java:logAndReturn(93)) -   Response 1: a5ef7eb4-0585-479c-9d56-cfefd71a4940<-c68442bd-a156-42c2-9473-4201701bbee4#0:FAIL-t2
2021-10-17 01:34:28,059 [a5ef7eb4-0585-479c-9d56-cfefd71a4940@group-67FF69347536-LeaderElection12] INFO  impl.LeaderElection (LeaderElection.java:askForVotes(308)) - a5ef7eb4-0585-479c-9d56-cfefd71a4940@group-67FF69347536-LeaderElection12 ELECTION round 0: result REJECTED
2021-10-17 01:34:28,059 [a5ef7eb4-0585-479c-9d56-cfefd71a4940@group-67FF69347536-LeaderElection12] INFO  server.RaftServer$Division (RaftServerImpl.java:setRole(285)) - a5ef7eb4-0585-479c-9d56-cfefd71a4940@group-67FF69347536: changes role from CANDIDATE to FOLLOWER at term 2 for REJECTED
2021-10-17 01:34:28,059 [a5ef7eb4-0585-479c-9d56-cfefd71a4940@group-67FF69347536-LeaderElection12] INFO  impl.RoleInfo (RoleInfo.java:shutdownLeaderElection(121)) - a5ef7eb4-0585-479c-9d56-cfefd71a4940: shutdown a5ef7eb4-0585-479c-9d56-cfefd71a4940@group-67FF69347536-LeaderElection12
2021-10-17 01:34:28,059 [a5ef7eb4-0585-479c-9d56-cfefd71a4940@group-67FF69347536-LeaderElection12] INFO  impl.RoleInfo (RoleInfo.java:updateAndGet(130)) - a5ef7eb4-0585-479c-9d56-cfefd71a4940: start a5ef7eb4-0585-479c-9d56-cfefd71a4940@group-67FF69347536-FollowerState
2021-10-17 01:34:28,336 [Listener at 127.0.0.1/11184] INFO  ozone.MiniOzoneClusterImpl (MiniOzoneClusterImpl.java:lambda$waitForClusterToBeReady$0(235)) - Nodes are ready. Got 3 of 3 DN Heartbeats.
2021-10-17 01:34:28,337 [Listener at 127.0.0.1/11184] INFO  ozone.MiniOzoneClusterImpl (MiniOzoneClusterImpl.java:lambda$waitForClusterToBeReady$0(238)) - Waiting for cluster to exit safe mode
2021-10-17 01:34:28,337 [Listener at 127.0.0.1/11184] INFO  ozone.MiniOzoneClusterImpl (MiniOzoneClusterImpl.java:lambda$waitForClusterToBeReady$0(240)) - SCM became leader
2021-10-17 01:34:29,337 [Listener at 127.0.0.1/11184] INFO  ozone.MiniOzoneClusterImpl (MiniOzoneClusterImpl.java:lambda$waitForClusterToBeReady$0(235)) - Nodes are ready. Got 3 of 3 DN Heartbeats.
2021-10-17 01:34:29,337 [Listener at 127.0.0.1/11184] INFO  ozone.MiniOzoneClusterImpl (MiniOzoneClusterImpl.java:lambda$waitForClusterToBeReady$0(238)) - Waiting for cluster to exit safe mode
2021-10-17 01:34:29,337 [Listener at 127.0.0.1/11184] INFO  ozone.MiniOzoneClusterImpl (MiniOzoneClusterImpl.java:lambda$waitForClusterToBeReady$0(240)) - SCM became leader
2021-10-17 01:34:30,338 [Listener at 127.0.0.1/11184] INFO  ozone.MiniOzoneClusterImpl (MiniOzoneClusterImpl.java:lambda$waitForClusterToBeReady$0(235)) - Nodes are ready. Got 3 of 3 DN Heartbeats.
2021-10-17 01:34:30,338 [Listener at 127.0.0.1/11184] INFO  ozone.MiniOzoneClusterImpl (MiniOzoneClusterImpl.java:lambda$waitForClusterToBeReady$0(238)) - Waiting for cluster to exit safe mode
2021-10-17 01:34:30,338 [Listener at 127.0.0.1/11184] INFO  ozone.MiniOzoneClusterImpl (MiniOzoneClusterImpl.java:lambda$waitForClusterToBeReady$0(240)) - SCM became leader
2021-10-17 01:34:31,338 [Listener at 127.0.0.1/11184] INFO  ozone.MiniOzoneClusterImpl (MiniOzoneClusterImpl.java:lambda$waitForClusterToBeReady$0(235)) - Nodes are ready. Got 3 of 3 DN Heartbeats.
2021-10-17 01:34:31,339 [Listener at 127.0.0.1/11184] INFO  ozone.MiniOzoneClusterImpl (MiniOzoneClusterImpl.java:lambda$waitForClusterToBeReady$0(238)) - Waiting for cluster to exit safe mode
2021-10-17 01:34:31,339 [Listener at 127.0.0.1/11184] INFO  ozone.MiniOzoneClusterImpl (MiniOzoneClusterImpl.java:lambda$waitForClusterToBeReady$0(240)) - SCM became leader
2021-10-17 01:34:32,339 [Listener at 127.0.0.1/11184] INFO  ozone.MiniOzoneClusterImpl (MiniOzoneClusterImpl.java:lambda$waitForClusterToBeReady$0(235)) - Nodes are ready. Got 3 of 3 DN Heartbeats.
2021-10-17 01:34:32,339 [Listener at 127.0.0.1/11184] INFO  ozone.MiniOzoneClusterImpl (MiniOzoneClusterImpl.java:lambda$waitForClusterToBeReady$0(238)) - Waiting for cluster to exit safe mode
2021-10-17 01:34:32,339 [Listener at 127.0.0.1/11184] INFO  ozone.MiniOzoneClusterImpl (MiniOzoneClusterImpl.java:lambda$waitForClusterToBeReady$0(240)) - SCM became leader
2021-10-17 01:34:33,076 [a5ef7eb4-0585-479c-9d56-cfefd71a4940@group-C8848C1A0092-FollowerState] INFO  impl.FollowerState (FollowerState.java:run(134)) - a5ef7eb4-0585-479c-9d56-cfefd71a4940@group-C8848C1A0092-FollowerState: change to CANDIDATE, lastRpcElapsedTime:5060803978ns, electionTimeout:5054ms
2021-10-17 01:34:33,077 [a5ef7eb4-0585-479c-9d56-cfefd71a4940@group-C8848C1A0092-FollowerState] INFO  impl.RoleInfo (RoleInfo.java:shutdownFollowerState(108)) - a5ef7eb4-0585-479c-9d56-cfefd71a4940: shutdown a5ef7eb4-0585-479c-9d56-cfefd71a4940@group-C8848C1A0092-FollowerState
2021-10-17 01:34:33,077 [a5ef7eb4-0585-479c-9d56-cfefd71a4940@group-C8848C1A0092-FollowerState] INFO  server.RaftServer$Division (RaftServerImpl.java:setRole(285)) - a5ef7eb4-0585-479c-9d56-cfefd71a4940@group-C8848C1A0092: changes role from  FOLLOWER to CANDIDATE at term 2 for changeToCandidate
2021-10-17 01:34:33,077 [a5ef7eb4-0585-479c-9d56-cfefd71a4940@group-C8848C1A0092-FollowerState] INFO  server.RaftServerConfigKeys (ConfUtils.java:logGet(44)) - raft.server.leaderelection.pre-vote = false (custom)
2021-10-17 01:34:33,077 [a5ef7eb4-0585-479c-9d56-cfefd71a4940@group-C8848C1A0092-FollowerState] INFO  impl.RoleInfo (RoleInfo.java:updateAndGet(130)) - a5ef7eb4-0585-479c-9d56-cfefd71a4940: start a5ef7eb4-0585-479c-9d56-cfefd71a4940@group-C8848C1A0092-LeaderElection13
2021-10-17 01:34:33,080 [a5ef7eb4-0585-479c-9d56-cfefd71a4940@group-C8848C1A0092-LeaderElection13] INFO  impl.LeaderElection (LeaderElection.java:askForVotes(306)) - a5ef7eb4-0585-479c-9d56-cfefd71a4940@group-C8848C1A0092-LeaderElection13 ELECTION round 0: submit vote requests at term 3 for -1: [89fab1f2-29d6-4782-92bb-861e4d6ff694|rpc:10.1.0.12:34899|dataStream:|priority:0, c68442bd-a156-42c2-9473-4201701bbee4|rpc:10.1.0.12:36205|dataStream:|priority:0, a5ef7eb4-0585-479c-9d56-cfefd71a4940|rpc:10.1.0.12:45551|dataStream:|priority:1], old=null
2021-10-17 01:34:33,087 [grpc-default-executor-1] INFO  server.RaftServer$Division (RaftServerImpl.java:requestVote(1043)) - 89fab1f2-29d6-4782-92bb-861e4d6ff694@group-C8848C1A0092: receive requestVote(ELECTION, a5ef7eb4-0585-479c-9d56-cfefd71a4940, group-C8848C1A0092, 3, (t:0, i:0))
2021-10-17 01:34:33,087 [grpc-default-executor-1] INFO  impl.VoteContext (VoteContext.java:log(48)) - 89fab1f2-29d6-4782-92bb-861e4d6ff694@group-C8848C1A0092-FOLLOWER: accept ELECTION from a5ef7eb4-0585-479c-9d56-cfefd71a4940: our priority 0 <= candidate's priority 1
2021-10-17 01:34:33,087 [grpc-default-executor-1] INFO  server.RaftServer$Division (RaftServerImpl.java:setRole(285)) - 89fab1f2-29d6-4782-92bb-861e4d6ff694@group-C8848C1A0092: changes role from  FOLLOWER to FOLLOWER at term 3 for candidate:a5ef7eb4-0585-479c-9d56-cfefd71a4940
2021-10-17 01:34:33,087 [grpc-default-executor-1] INFO  impl.RoleInfo (RoleInfo.java:shutdownFollowerState(108)) - 89fab1f2-29d6-4782-92bb-861e4d6ff694: shutdown 89fab1f2-29d6-4782-92bb-861e4d6ff694@group-C8848C1A0092-FollowerState
2021-10-17 01:34:33,087 [grpc-default-executor-1] INFO  impl.RoleInfo (RoleInfo.java:updateAndGet(130)) - 89fab1f2-29d6-4782-92bb-861e4d6ff694: start 89fab1f2-29d6-4782-92bb-861e4d6ff694@group-C8848C1A0092-FollowerState
2021-10-17 01:34:33,088 [89fab1f2-29d6-4782-92bb-861e4d6ff694@group-C8848C1A0092-FollowerState] INFO  impl.FollowerState (FollowerState.java:run(143)) - 89fab1f2-29d6-4782-92bb-861e4d6ff694@group-C8848C1A0092-FollowerState was interrupted: {}
java.lang.InterruptedException: sleep interrupted
	at java.lang.Thread.sleep(Native Method)
	at java.lang.Thread.sleep(Thread.java:340)
	at java.util.concurrent.TimeUnit.sleep(TimeUnit.java:386)
	at org.apache.ratis.util.TimeDuration.sleep(TimeDuration.java:324)
	at org.apache.ratis.util.TimeDuration.sleep(TimeDuration.java:309)
	at org.apache.ratis.server.impl.FollowerState.run(FollowerState.java:118)
2021-10-17 01:34:33,093 [grpc-default-executor-3] INFO  server.RaftServer$Division (RaftServerImpl.java:requestVote(1043)) - c68442bd-a156-42c2-9473-4201701bbee4@group-C8848C1A0092: receive requestVote(ELECTION, a5ef7eb4-0585-479c-9d56-cfefd71a4940, group-C8848C1A0092, 3, (t:0, i:0))
2021-10-17 01:34:33,089 [grpc-default-executor-1] INFO  server.RaftServer$Division (RaftServerImpl.java:requestVote(1075)) - 89fab1f2-29d6-4782-92bb-861e4d6ff694@group-C8848C1A0092 replies to ELECTION vote request: a5ef7eb4-0585-479c-9d56-cfefd71a4940<-89fab1f2-29d6-4782-92bb-861e4d6ff694#0:OK-t3. Peer's state: 89fab1f2-29d6-4782-92bb-861e4d6ff694@group-C8848C1A0092:t3, leader=null, voted=a5ef7eb4-0585-479c-9d56-cfefd71a4940, raftlog=89fab1f2-29d6-4782-92bb-861e4d6ff694@group-C8848C1A0092-SegmentedRaftLog:OPENED:c-1,f-1,i0, conf=-1: [89fab1f2-29d6-4782-92bb-861e4d6ff694|rpc:10.1.0.12:34899|priority:0, c68442bd-a156-42c2-9473-4201701bbee4|rpc:10.1.0.12:36205|priority:0, a5ef7eb4-0585-479c-9d56-cfefd71a4940|rpc:10.1.0.12:45551|priority:1], old=null
2021-10-17 01:34:33,094 [grpc-default-executor-3] INFO  impl.VoteContext (VoteContext.java:log(48)) - c68442bd-a156-42c2-9473-4201701bbee4@group-C8848C1A0092-FOLLOWER: accept ELECTION from a5ef7eb4-0585-479c-9d56-cfefd71a4940: our priority 0 <= candidate's priority 1
2021-10-17 01:34:33,094 [grpc-default-executor-3] INFO  server.RaftServer$Division (RaftServerImpl.java:setRole(285)) - c68442bd-a156-42c2-9473-4201701bbee4@group-C8848C1A0092: changes role from  FOLLOWER to FOLLOWER at term 3 for candidate:a5ef7eb4-0585-479c-9d56-cfefd71a4940
2021-10-17 01:34:33,095 [grpc-default-executor-3] INFO  impl.RoleInfo (RoleInfo.java:shutdownFollowerState(108)) - c68442bd-a156-42c2-9473-4201701bbee4: shutdown c68442bd-a156-42c2-9473-4201701bbee4@group-C8848C1A0092-FollowerState
2021-10-17 01:34:33,095 [grpc-default-executor-3] INFO  impl.RoleInfo (RoleInfo.java:updateAndGet(130)) - c68442bd-a156-42c2-9473-4201701bbee4: start c68442bd-a156-42c2-9473-4201701bbee4@group-C8848C1A0092-FollowerState
2021-10-17 01:34:33,095 [c68442bd-a156-42c2-9473-4201701bbee4@group-C8848C1A0092-FollowerState] INFO  impl.FollowerState (FollowerState.java:run(143)) - c68442bd-a156-42c2-9473-4201701bbee4@group-C8848C1A0092-FollowerState was interrupted: {}
java.lang.InterruptedException: sleep interrupted
	at java.lang.Thread.sleep(Native Method)
	at java.lang.Thread.sleep(Thread.java:340)
	at java.util.concurrent.TimeUnit.sleep(TimeUnit.java:386)
	at org.apache.ratis.util.TimeDuration.sleep(TimeDuration.java:324)
	at org.apache.ratis.util.TimeDuration.sleep(TimeDuration.java:309)
	at org.apache.ratis.server.impl.FollowerState.run(FollowerState.java:118)
2021-10-17 01:34:33,100 [c68442bd-a156-42c2-9473-4201701bbee4@group-67FF69347536-FollowerState] INFO  impl.FollowerState (FollowerState.java:run(134)) - c68442bd-a156-42c2-9473-4201701bbee4@group-67FF69347536-FollowerState: change to CANDIDATE, lastRpcElapsedTime:5053310738ns, electionTimeout:5044ms
2021-10-17 01:34:33,100 [c68442bd-a156-42c2-9473-4201701bbee4@group-67FF69347536-FollowerState] INFO  impl.RoleInfo (RoleInfo.java:shutdownFollowerState(108)) - c68442bd-a156-42c2-9473-4201701bbee4: shutdown c68442bd-a156-42c2-9473-4201701bbee4@group-67FF69347536-FollowerState
2021-10-17 01:34:33,100 [c68442bd-a156-42c2-9473-4201701bbee4@group-67FF69347536-FollowerState] INFO  server.RaftServer$Division (RaftServerImpl.java:setRole(285)) - c68442bd-a156-42c2-9473-4201701bbee4@group-67FF69347536: changes role from  FOLLOWER to CANDIDATE at term 2 for changeToCandidate
2021-10-17 01:34:33,101 [c68442bd-a156-42c2-9473-4201701bbee4@group-67FF69347536-FollowerState] INFO  server.RaftServerConfigKeys (ConfUtils.java:logGet(44)) - raft.server.leaderelection.pre-vote = false (custom)
2021-10-17 01:34:33,101 [c68442bd-a156-42c2-9473-4201701bbee4@group-67FF69347536-FollowerState] INFO  impl.RoleInfo (RoleInfo.java:updateAndGet(130)) - c68442bd-a156-42c2-9473-4201701bbee4: start c68442bd-a156-42c2-9473-4201701bbee4@group-67FF69347536-LeaderElection14
2021-10-17 01:34:33,104 [a5ef7eb4-0585-479c-9d56-cfefd71a4940@group-C8848C1A0092-LeaderElection13] INFO  impl.LeaderElection (LeaderElection.java:logAndReturn(89)) - a5ef7eb4-0585-479c-9d56-cfefd71a4940@group-C8848C1A0092-LeaderElection13: ELECTION PASSED received 1 response(s) and 0 exception(s):
2021-10-17 01:34:33,104 [grpc-default-executor-3] INFO  server.RaftServer$Division (RaftServerImpl.java:requestVote(1075)) - c68442bd-a156-42c2-9473-4201701bbee4@group-C8848C1A0092 replies to ELECTION vote request: a5ef7eb4-0585-479c-9d56-cfefd71a4940<-c68442bd-a156-42c2-9473-4201701bbee4#0:OK-t3. Peer's state: c68442bd-a156-42c2-9473-4201701bbee4@group-C8848C1A0092:t3, leader=null, voted=a5ef7eb4-0585-479c-9d56-cfefd71a4940, raftlog=c68442bd-a156-42c2-9473-4201701bbee4@group-C8848C1A0092-SegmentedRaftLog:OPENED:c-1,f-1,i0, conf=-1: [89fab1f2-29d6-4782-92bb-861e4d6ff694|rpc:10.1.0.12:34899|dataStream:|priority:0, c68442bd-a156-42c2-9473-4201701bbee4|rpc:10.1.0.12:36205|dataStream:|priority:0, a5ef7eb4-0585-479c-9d56-cfefd71a4940|rpc:10.1.0.12:45551|dataStream:|priority:1], old=null
2021-10-17 01:34:33,104 [a5ef7eb4-0585-479c-9d56-cfefd71a4940@group-C8848C1A0092-LeaderElection13] INFO  impl.LeaderElection (LeaderElection.java:logAndReturn(93)) -   Response 0: a5ef7eb4-0585-479c-9d56-cfefd71a4940<-89fab1f2-29d6-4782-92bb-861e4d6ff694#0:OK-t3
2021-10-17 01:34:33,104 [a5ef7eb4-0585-479c-9d56-cfefd71a4940@group-C8848C1A0092-LeaderElection13] INFO  impl.LeaderElection (LeaderElection.java:askForVotes(308)) - a5ef7eb4-0585-479c-9d56-cfefd71a4940@group-C8848C1A0092-LeaderElection13 ELECTION round 0: result PASSED
2021-10-17 01:34:33,104 [a5ef7eb4-0585-479c-9d56-cfefd71a4940@group-C8848C1A0092-LeaderElection13] INFO  impl.RoleInfo (RoleInfo.java:shutdownLeaderElection(121)) - a5ef7eb4-0585-479c-9d56-cfefd71a4940: shutdown a5ef7eb4-0585-479c-9d56-cfefd71a4940@group-C8848C1A0092-LeaderElection13
2021-10-17 01:34:33,104 [a5ef7eb4-0585-479c-9d56-cfefd71a4940@group-C8848C1A0092-LeaderElection13] INFO  server.RaftServer$Division (RaftServerImpl.java:setRole(285)) - a5ef7eb4-0585-479c-9d56-cfefd71a4940@group-C8848C1A0092: changes role from CANDIDATE to LEADER at term 3 for changeToLeader
2021-10-17 01:34:33,104 [a5ef7eb4-0585-479c-9d56-cfefd71a4940@group-C8848C1A0092-LeaderElection13] INFO  ratis.XceiverServerRatis (XceiverServerRatis.java:handleLeaderChangedNotification(866)) - Leader change notification received for group: group-C8848C1A0092 with new leaderId: a5ef7eb4-0585-479c-9d56-cfefd71a4940
2021-10-17 01:34:33,104 [a5ef7eb4-0585-479c-9d56-cfefd71a4940@group-C8848C1A0092-LeaderElection13] INFO  server.RaftServer$Division (ServerState.java:setLeader(285)) - a5ef7eb4-0585-479c-9d56-cfefd71a4940@group-C8848C1A0092: change Leader from null to a5ef7eb4-0585-479c-9d56-cfefd71a4940 at term 3 for becomeLeader, leader elected after 15131ms
2021-10-17 01:34:33,104 [a5ef7eb4-0585-479c-9d56-cfefd71a4940@group-C8848C1A0092-LeaderElection13] INFO  server.RaftServerConfigKeys (ConfUtils.java:logGet(44)) - raft.server.staging.catchup.gap = 1000 (default)
2021-10-17 01:34:33,105 [Datanode State Machine Thread - 0] WARN  statemachine.StateContext (StateContext.java:execute(621)) - No available thread in pool for past 1 seconds.
2021-10-17 01:34:33,106 [EventQueue-OpenPipelineForHealthyPipelineSafeModeRule] INFO  safemode.SCMSafeModeManager (HealthyPipelineSafeModeRule.java:process(124)) - SCM in safe mode. Healthy pipelines reported count is 0, required healthy pipeline reported count is 1
2021-10-17 01:34:33,106 [EventQueue-PipelineReportForPipelineReportHandler] INFO  pipeline.PipelineManagerImpl (PipelineManagerImpl.java:openPipeline(282)) - Pipeline Pipeline[ Id: 48443c3e-2a63-40dd-b7f0-c8848c1a0092, Nodes: c68442bd-a156-42c2-9473-4201701bbee4{ip: 10.1.0.12, host: fv-az151-444.yf2hydr00wburbhx3j5hxtcipe.bx.internal.cloudapp.net, ports: [REPLICATION=33717, RATIS=36205, RATIS_ADMIN=36205, RATIS_SERVER=36205, STANDALONE=44837], networkLocation: /default-rack, certSerialId: null, persistedOpState: IN_SERVICE, persistedOpStateExpiryEpochSec: 0}a5ef7eb4-0585-479c-9d56-cfefd71a4940{ip: 10.1.0.12, host: fv-az151-444.yf2hydr00wburbhx3j5hxtcipe.bx.internal.cloudapp.net, ports: [REPLICATION=34201, RATIS=45551, RATIS_ADMIN=45551, RATIS_SERVER=45551, STANDALONE=45167], networkLocation: /default-rack, certSerialId: null, persistedOpState: IN_SERVICE, persistedOpStateExpiryEpochSec: 0}89fab1f2-29d6-4782-92bb-861e4d6ff694{ip: 10.1.0.12, host: fv-az151-444.yf2hydr00wburbhx3j5hxtcipe.bx.internal.cloudapp.net, ports: [REPLICATION=35195, RATIS=34899, RATIS_ADMIN=34899, RATIS_SERVER=34899, STANDALONE=41389], networkLocation: /default-rack, certSerialId: null, persistedOpState: IN_SERVICE, persistedOpStateExpiryEpochSec: 0}, ReplicationConfig: RATIS/THREE, State:ALLOCATED, leaderId:a5ef7eb4-0585-479c-9d56-cfefd71a4940, CreationTimestamp2021-10-17T01:34:15.335Z[Etc/UTC]] moved to OPEN state
2021-10-17 01:34:33,105 [a5ef7eb4-0585-479c-9d56-cfefd71a4940@group-C8848C1A0092-LeaderElection13] INFO  server.RaftServerConfigKeys (ConfUtils.java:logGet(44)) - raft.server.write.element-limit = 1024 (custom)
2021-10-17 01:34:33,111 [EventQueue-OpenPipelineForHealthyPipelineSafeModeRule] INFO  safemode.SCMSafeModeManager (HealthyPipelineSafeModeRule.java:process(124)) - SCM in safe mode. Healthy pipelines reported count is 1, required healthy pipeline reported count is 1
2021-10-17 01:34:33,112 [a5ef7eb4-0585-479c-9d56-cfefd71a4940@group-C8848C1A0092-LeaderElection13] INFO  server.RaftServerConfigKeys (ConfUtils.java:logGet(44)) - raft.server.write.byte-limit = 1024 M (=1073741824) (custom)
2021-10-17 01:34:33,112 [EventQueue-OpenPipelineForHealthyPipelineSafeModeRule] INFO  safemode.SCMSafeModeManager (SCMSafeModeManager.java:validateSafeModeExitRules(204)) - HealthyPipelineSafeModeRule rule is successfully validated
2021-10-17 01:34:33,113 [EventQueue-OpenPipelineForHealthyPipelineSafeModeRule] INFO  safemode.SCMSafeModeManager (SCMSafeModeManager.java:validateSafeModeExitRules(219)) - ScmSafeModeManager, all rules are successfully validated
2021-10-17 01:34:33,113 [EventQueue-OpenPipelineForHealthyPipelineSafeModeRule] INFO  safemode.SCMSafeModeManager (SCMSafeModeManager.java:exitSafeMode(248)) - SCM exiting safe mode.
2021-10-17 01:34:33,113 [EventQueue-OpenPipelineForHealthyPipelineSafeModeRule] WARN  events.EventQueue (EventQueue.java:fireEvent(194)) - No event handler registered for event TypedEvent{payloadType=SafeModeStatus, name='Safe mode status'}
2021-10-17 01:34:33,113 [EventQueue-OpenPipelineForHealthyPipelineSafeModeRule] INFO  ha.SCMContext (SCMContext.java:updateSafeModeStatus(205)) - Update SafeModeStatus from SafeModeStatus{safeModeStatus=true, preCheckPassed=true} to SafeModeStatus{safeModeStatus=false, preCheckPassed=true}.
2021-10-17 01:34:33,113 [EventQueue-OpenPipelineForHealthyPipelineSafeModeRule] INFO  pipeline.BackgroundPipelineCreator (BackgroundPipelineCreator.java:notifyStatusChanged(264)) - Service BackgroundPipelineCreator transitions to RUNNING.
2021-10-17 01:34:33,113 [EventQueue-OpenPipelineForHealthyPipelineSafeModeRule] INFO  container.ReplicationManager (ReplicationManager.java:notifyStatusChanged(1746)) - Service ReplicationManager transitions to RUNNING.
2021-10-17 01:34:33,113 [a5ef7eb4-0585-479c-9d56-cfefd71a4940@group-C8848C1A0092-LeaderElection13] INFO  server.RaftServerConfigKeys (ConfUtils.java:logGet(44)) - raft.server.watch.timeout = 180s (custom)
2021-10-17 01:34:33,114 [a5ef7eb4-0585-479c-9d56-cfefd71a4940@group-C8848C1A0092-LeaderElection13] INFO  server.RaftServerConfigKeys (ConfUtils.java:logGet(44)) - raft.server.watch.timeout.denomination = 1s (default)
2021-10-17 01:34:33,114 [a5ef7eb4-0585-479c-9d56-cfefd71a4940@group-C8848C1A0092-LeaderElection13] INFO  server.RaftServerConfigKeys (ConfUtils.java:logGet(44)) - raft.server.watch.element-limit = 65536 (default)
2021-10-17 01:34:33,114 [c68442bd-a156-42c2-9473-4201701bbee4@group-67FF69347536-LeaderElection14] INFO  impl.LeaderElection (LeaderElection.java:askForVotes(306)) - c68442bd-a156-42c2-9473-4201701bbee4@group-67FF69347536-LeaderElection14 ELECTION round 0: submit vote requests at term 3 for -1: [89fab1f2-29d6-4782-92bb-861e4d6ff694|rpc:10.1.0.12:34899|dataStream:|priority:0, c68442bd-a156-42c2-9473-4201701bbee4|rpc:10.1.0.12:36205|dataStream:|priority:1, a5ef7eb4-0585-479c-9d56-cfefd71a4940|rpc:10.1.0.12:45551|dataStream:|priority:0], old=null
2021-10-17 01:34:33,114 [a5ef7eb4-0585-479c-9d56-cfefd71a4940@group-C8848C1A0092-LeaderElection13] INFO  server.RaftServerConfigKeys (ConfUtils.java:logGet(44)) - raft.server.log.appender.snapshot.chunk.size.max = 16MB (=16777216) (default)
2021-10-17 01:34:33,114 [a5ef7eb4-0585-479c-9d56-cfefd71a4940@group-C8848C1A0092-LeaderElection13] INFO  server.RaftServerConfigKeys (ConfUtils.java:logGet(44)) - raft.server.log.appender.buffer.byte-limit = 33554432 (custom)
2021-10-17 01:34:33,114 [a5ef7eb4-0585-479c-9d56-cfefd71a4940@group-C8848C1A0092-LeaderElection13] INFO  server.RaftServerConfigKeys (ConfUtils.java:logGet(44)) - raft.server.log.appender.buffer.element-limit = 1 (custom)
2021-10-17 01:34:33,116 [a5ef7eb4-0585-479c-9d56-cfefd71a4940@group-C8848C1A0092-LeaderElection13] INFO  grpc.GrpcConfigKeys (ConfUtils.java:logGet(44)) - raft.grpc.server.leader.outstanding.appends.max = 128 (default)
2021-10-17 01:34:33,116 [a5ef7eb4-0585-479c-9d56-cfefd71a4940@group-C8848C1A0092-LeaderElection13] INFO  server.RaftServerConfigKeys (ConfUtils.java:logGet(44)) - raft.server.rpc.request.timeout = 60s (custom)
2021-10-17 01:34:33,116 [a5ef7eb4-0585-479c-9d56-cfefd71a4940@group-C8848C1A0092-LeaderElection13] INFO  server.RaftServerConfigKeys (ConfUtils.java:logGet(44)) - raft.server.log.appender.install.snapshot.enabled = false (custom)
2021-10-17 01:34:33,117 [a5ef7eb4-0585-479c-9d56-cfefd71a4940@group-C8848C1A0092-LeaderElection13] INFO  server.RaftServerConfigKeys (ConfUtils.java:logGet(44)) - raft.server.log.appender.snapshot.chunk.size.max = 16MB (=16777216) (default)
2021-10-17 01:34:33,117 [a5ef7eb4-0585-479c-9d56-cfefd71a4940@group-C8848C1A0092-LeaderElection13] INFO  server.RaftServerConfigKeys (ConfUtils.java:logGet(44)) - raft.server.log.appender.buffer.byte-limit = 33554432 (custom)
2021-10-17 01:34:33,117 [a5ef7eb4-0585-479c-9d56-cfefd71a4940@group-C8848C1A0092-LeaderElection13] INFO  server.RaftServerConfigKeys (ConfUtils.java:logGet(44)) - raft.server.log.appender.buffer.element-limit = 1 (custom)
2021-10-17 01:34:33,117 [a5ef7eb4-0585-479c-9d56-cfefd71a4940@group-C8848C1A0092-LeaderElection13] INFO  grpc.GrpcConfigKeys (ConfUtils.java:logGet(44)) - raft.grpc.server.leader.outstanding.appends.max = 128 (default)
2021-10-17 01:34:33,117 [a5ef7eb4-0585-479c-9d56-cfefd71a4940@group-C8848C1A0092-LeaderElection13] INFO  server.RaftServerConfigKeys (ConfUtils.java:logGet(44)) - raft.server.rpc.request.timeout = 60s (custom)
2021-10-17 01:34:33,117 [a5ef7eb4-0585-479c-9d56-cfefd71a4940@group-C8848C1A0092-LeaderElection13] INFO  server.RaftServerConfigKeys (ConfUtils.java:logGet(44)) - raft.server.log.appender.install.snapshot.enabled = false (custom)
2021-10-17 01:34:33,117 [a5ef7eb4-0585-479c-9d56-cfefd71a4940@group-C8848C1A0092-LeaderElection13] INFO  impl.RoleInfo (RoleInfo.java:updateAndGet(130)) - a5ef7eb4-0585-479c-9d56-cfefd71a4940: start a5ef7eb4-0585-479c-9d56-cfefd71a4940@group-C8848C1A0092-LeaderStateImpl
2021-10-17 01:34:33,118 [a5ef7eb4-0585-479c-9d56-cfefd71a4940@group-C8848C1A0092-LeaderElection13] INFO  segmented.SegmentedRaftLogWorker (SegmentedRaftLogWorker.java:startLogSegment(394)) - a5ef7eb4-0585-479c-9d56-cfefd71a4940@group-C8848C1A0092-SegmentedRaftLogWorker: Starting segment from index:0
2021-10-17 01:34:33,119 [a5ef7eb4-0585-479c-9d56-cfefd71a4940@group-C8848C1A0092-SegmentedRaftLogWorker] INFO  segmented.SegmentedRaftLogWorker (SegmentedRaftLogWorker.java:execute(601)) - a5ef7eb4-0585-479c-9d56-cfefd71a4940@group-C8848C1A0092-SegmentedRaftLogWorker: created new log segment /home/runner/work/ozone/ozone/hadoop-ozone/integration-test/target/test-dir/MiniOzoneClusterImpl-e6b5673d-0e05-4a61-970a-b11d77d0bde6/datanode-2/data/ratis/48443c3e-2a63-40dd-b7f0-c8848c1a0092/current/log_inprogress_0
2021-10-17 01:34:33,123 [grpc-default-executor-1] INFO  server.RaftServer$Division (RaftServerImpl.java:requestVote(1043)) - a5ef7eb4-0585-479c-9d56-cfefd71a4940@group-67FF69347536: receive requestVote(ELECTION, c68442bd-a156-42c2-9473-4201701bbee4, group-67FF69347536, 3, (t:0, i:0))
2021-10-17 01:34:33,123 [grpc-default-executor-3] INFO  server.RaftServer$Division (RaftServerImpl.java:requestVote(1043)) - 89fab1f2-29d6-4782-92bb-861e4d6ff694@group-67FF69347536: receive requestVote(ELECTION, c68442bd-a156-42c2-9473-4201701bbee4, group-67FF69347536, 3, (t:0, i:0))
2021-10-17 01:34:33,123 [grpc-default-executor-1] INFO  impl.VoteContext (VoteContext.java:log(48)) - a5ef7eb4-0585-479c-9d56-cfefd71a4940@group-67FF69347536-FOLLOWER: accept ELECTION from c68442bd-a156-42c2-9473-4201701bbee4: our priority 0 <= candidate's priority 1
2021-10-17 01:34:33,123 [grpc-default-executor-3] INFO  impl.VoteContext (VoteContext.java:log(48)) - 89fab1f2-29d6-4782-92bb-861e4d6ff694@group-67FF69347536-FOLLOWER: accept ELECTION from c68442bd-a156-42c2-9473-4201701bbee4: our priority 0 <= candidate's priority 1
2021-10-17 01:34:33,123 [grpc-default-executor-1] INFO  server.RaftServer$Division (RaftServerImpl.java:setRole(285)) - a5ef7eb4-0585-479c-9d56-cfefd71a4940@group-67FF69347536: changes role from  FOLLOWER to FOLLOWER at term 3 for candidate:c68442bd-a156-42c2-9473-4201701bbee4
2021-10-17 01:34:33,123 [grpc-default-executor-1] INFO  impl.RoleInfo (RoleInfo.java:shutdownFollowerState(108)) - a5ef7eb4-0585-479c-9d56-cfefd71a4940: shutdown a5ef7eb4-0585-479c-9d56-cfefd71a4940@group-67FF69347536-FollowerState
2021-10-17 01:34:33,123 [grpc-default-executor-3] INFO  server.RaftServer$Division (RaftServerImpl.java:setRole(285)) - 89fab1f2-29d6-4782-92bb-861e4d6ff694@group-67FF69347536: changes role from  FOLLOWER to FOLLOWER at term 3 for candidate:c68442bd-a156-42c2-9473-4201701bbee4
2021-10-17 01:34:33,124 [grpc-default-executor-3] INFO  impl.RoleInfo (RoleInfo.java:shutdownFollowerState(108)) - 89fab1f2-29d6-4782-92bb-861e4d6ff694: shutdown 89fab1f2-29d6-4782-92bb-861e4d6ff694@group-67FF69347536-FollowerState
2021-10-17 01:34:33,125 [grpc-default-executor-3] INFO  impl.RoleInfo (RoleInfo.java:updateAndGet(130)) - 89fab1f2-29d6-4782-92bb-861e4d6ff694: start 89fab1f2-29d6-4782-92bb-861e4d6ff694@group-67FF69347536-FollowerState
2021-10-17 01:34:33,125 [a5ef7eb4-0585-479c-9d56-cfefd71a4940@group-67FF69347536-FollowerState] INFO  impl.FollowerState (FollowerState.java:run(143)) - a5ef7eb4-0585-479c-9d56-cfefd71a4940@group-67FF69347536-FollowerState was interrupted: {}
java.lang.InterruptedException: sleep interrupted
	at java.lang.Thread.sleep(Native Method)
	at java.lang.Thread.sleep(Thread.java:340)
	at java.util.concurrent.TimeUnit.sleep(TimeUnit.java:386)
	at org.apache.ratis.util.TimeDuration.sleep(TimeDuration.java:324)
	at org.apache.ratis.util.TimeDuration.sleep(TimeDuration.java:309)
	at org.apache.ratis.server.impl.FollowerState.run(FollowerState.java:118)
2021-10-17 01:34:33,125 [grpc-default-executor-1] INFO  impl.RoleInfo (RoleInfo.java:updateAndGet(130)) - a5ef7eb4-0585-479c-9d56-cfefd71a4940: start a5ef7eb4-0585-479c-9d56-cfefd71a4940@group-67FF69347536-FollowerState
2021-10-17 01:34:33,126 [a5ef7eb4-0585-479c-9d56-cfefd71a4940@group-C8848C1A0092-LeaderElection13] INFO  server.RaftServer$Division (ServerState.java:setRaftConf(387)) - a5ef7eb4-0585-479c-9d56-cfefd71a4940@group-C8848C1A0092: set configuration 0: [89fab1f2-29d6-4782-92bb-861e4d6ff694|rpc:10.1.0.12:34899|dataStream:|priority:0, c68442bd-a156-42c2-9473-4201701bbee4|rpc:10.1.0.12:36205|dataStream:|priority:0, a5ef7eb4-0585-479c-9d56-cfefd71a4940|rpc:10.1.0.12:45551|dataStream:|priority:1], old=null
2021-10-17 01:34:33,128 [grpc-default-executor-2] INFO  ratis.XceiverServerRatis (XceiverServerRatis.java:handleLeaderChangedNotification(866)) - Leader change notification received for group: group-C8848C1A0092 with new leaderId: a5ef7eb4-0585-479c-9d56-cfefd71a4940
2021-10-17 01:34:33,128 [grpc-default-executor-2] INFO  server.RaftServer$Division (ServerState.java:setLeader(285)) - 89fab1f2-29d6-4782-92bb-861e4d6ff694@group-C8848C1A0092: change Leader from null to a5ef7eb4-0585-479c-9d56-cfefd71a4940 at term 3 for appendEntries, leader elected after 15219ms
2021-10-17 01:34:33,130 [89fab1f2-29d6-4782-92bb-861e4d6ff694@group-67FF69347536-FollowerState] INFO  impl.FollowerState (FollowerState.java:run(143)) - 89fab1f2-29d6-4782-92bb-861e4d6ff694@group-67FF69347536-FollowerState was interrupted: {}
java.lang.InterruptedException: sleep interrupted
	at java.lang.Thread.sleep(Native Method)
	at java.lang.Thread.sleep(Thread.java:340)
	at java.util.concurrent.TimeUnit.sleep(TimeUnit.java:386)
	at org.apache.ratis.util.TimeDuration.sleep(TimeDuration.java:324)
	at org.apache.ratis.util.TimeDuration.sleep(TimeDuration.java:309)
	at org.apache.ratis.server.impl.FollowerState.run(FollowerState.java:118)
2021-10-17 01:34:33,133 [grpc-default-executor-0] INFO  ratis.XceiverServerRatis (XceiverServerRatis.java:handleLeaderChangedNotification(866)) - Leader change notification received for group: group-C8848C1A0092 with new leaderId: a5ef7eb4-0585-479c-9d56-cfefd71a4940
2021-10-17 01:34:33,133 [grpc-default-executor-0] INFO  server.RaftServer$Division (ServerState.java:setLeader(285)) - c68442bd-a156-42c2-9473-4201701bbee4@group-C8848C1A0092: change Leader from null to a5ef7eb4-0585-479c-9d56-cfefd71a4940 at term 3 for appendEntries, leader elected after 15204ms
2021-10-17 01:34:33,133 [grpc-default-executor-3] INFO  server.RaftServer$Division (RaftServerImpl.java:requestVote(1075)) - 89fab1f2-29d6-4782-92bb-861e4d6ff694@group-67FF69347536 replies to ELECTION vote request: c68442bd-a156-42c2-9473-4201701bbee4<-89fab1f2-29d6-4782-92bb-861e4d6ff694#0:OK-t3. Peer's state: 89fab1f2-29d6-4782-92bb-861e4d6ff694@group-67FF69347536:t3, leader=null, voted=c68442bd-a156-42c2-9473-4201701bbee4, raftlog=89fab1f2-29d6-4782-92bb-861e4d6ff694@group-67FF69347536-SegmentedRaftLog:OPENED:c-1,f-1,i0, conf=-1: [89fab1f2-29d6-4782-92bb-861e4d6ff694|rpc:10.1.0.12:34899|priority:0, c68442bd-a156-42c2-9473-4201701bbee4|rpc:10.1.0.12:36205|priority:1, a5ef7eb4-0585-479c-9d56-cfefd71a4940|rpc:10.1.0.12:45551|priority:0], old=null
2021-10-17 01:34:33,139 [grpc-default-executor-2] INFO  server.RaftServer$Division (ServerState.java:setRaftConf(387)) - 89fab1f2-29d6-4782-92bb-861e4d6ff694@group-C8848C1A0092: set configuration 0: [89fab1f2-29d6-4782-92bb-861e4d6ff694|rpc:10.1.0.12:34899|dataStream:|priority:0, c68442bd-a156-42c2-9473-4201701bbee4|rpc:10.1.0.12:36205|dataStream:|priority:0, a5ef7eb4-0585-479c-9d56-cfefd71a4940|rpc:10.1.0.12:45551|dataStream:|priority:1], old=null
2021-10-17 01:34:33,139 [grpc-default-executor-2] INFO  segmented.SegmentedRaftLogWorker (SegmentedRaftLogWorker.java:startLogSegment(394)) - 89fab1f2-29d6-4782-92bb-861e4d6ff694@group-C8848C1A0092-SegmentedRaftLogWorker: Starting segment from index:0
2021-10-17 01:34:33,140 [c68442bd-a156-42c2-9473-4201701bbee4@group-67FF69347536-LeaderElection14] INFO  impl.LeaderElection (LeaderElection.java:logAndReturn(89)) - c68442bd-a156-42c2-9473-4201701bbee4@group-67FF69347536-LeaderElection14: ELECTION PASSED received 1 response(s) and 0 exception(s):
2021-10-17 01:34:33,143 [c68442bd-a156-42c2-9473-4201701bbee4@group-67FF69347536-LeaderElection14] INFO  impl.LeaderElection (LeaderElection.java:logAndReturn(93)) -   Response 0: c68442bd-a156-42c2-9473-4201701bbee4<-89fab1f2-29d6-4782-92bb-861e4d6ff694#0:OK-t3
2021-10-17 01:34:33,143 [c68442bd-a156-42c2-9473-4201701bbee4@group-67FF69347536-LeaderElection14] INFO  impl.LeaderElection (LeaderElection.java:askForVotes(308)) - c68442bd-a156-42c2-9473-4201701bbee4@group-67FF69347536-LeaderElection14 ELECTION round 0: result PASSED
2021-10-17 01:34:33,143 [c68442bd-a156-42c2-9473-4201701bbee4@group-67FF69347536-LeaderElection14] INFO  impl.RoleInfo (RoleInfo.java:shutdownLeaderElection(121)) - c68442bd-a156-42c2-9473-4201701bbee4: shutdown c68442bd-a156-42c2-9473-4201701bbee4@group-67FF69347536-LeaderElection14
2021-10-17 01:34:33,144 [c68442bd-a156-42c2-9473-4201701bbee4@group-67FF69347536-LeaderElection14] INFO  server.RaftServer$Division (RaftServerImpl.java:setRole(285)) - c68442bd-a156-42c2-9473-4201701bbee4@group-67FF69347536: changes role from CANDIDATE to LEADER at term 3 for changeToLeader
2021-10-17 01:34:33,144 [c68442bd-a156-42c2-9473-4201701bbee4@group-67FF69347536-LeaderElection14] INFO  ratis.XceiverServerRatis (XceiverServerRatis.java:handleLeaderChangedNotification(866)) - Leader change notification received for group: group-67FF69347536 with new leaderId: c68442bd-a156-42c2-9473-4201701bbee4
2021-10-17 01:34:33,144 [c68442bd-a156-42c2-9473-4201701bbee4@group-67FF69347536-LeaderElection14] INFO  server.RaftServer$Division (ServerState.java:setLeader(285)) - c68442bd-a156-42c2-9473-4201701bbee4@group-67FF69347536: change Leader from null to c68442bd-a156-42c2-9473-4201701bbee4 at term 3 for becomeLeader, leader elected after 15323ms
2021-10-17 01:34:33,144 [c68442bd-a156-42c2-9473-4201701bbee4@group-67FF69347536-LeaderElection14] INFO  server.RaftServerConfigKeys (ConfUtils.java:logGet(44)) - raft.server.staging.catchup.gap = 1000 (default)
2021-10-17 01:34:33,145 [Datanode State Machine Thread - 0] WARN  statemachine.StateContext (StateContext.java:execute(621)) - No available thread in pool for past 1 seconds.
2021-10-17 01:34:33,142 [grpc-default-executor-1] INFO  server.RaftServer$Division (RaftServerImpl.java:requestVote(1075)) - a5ef7eb4-0585-479c-9d56-cfefd71a4940@group-67FF69347536 replies to ELECTION vote request: c68442bd-a156-42c2-9473-4201701bbee4<-a5ef7eb4-0585-479c-9d56-cfefd71a4940#0:OK-t3. Peer's state: a5ef7eb4-0585-479c-9d56-cfefd71a4940@group-67FF69347536:t3, leader=null, voted=c68442bd-a156-42c2-9473-4201701bbee4, raftlog=a5ef7eb4-0585-479c-9d56-cfefd71a4940@group-67FF69347536-SegmentedRaftLog:OPENED:c-1,f-1,i0, conf=-1: [89fab1f2-29d6-4782-92bb-861e4d6ff694|rpc:10.1.0.12:34899|dataStream:|priority:0, c68442bd-a156-42c2-9473-4201701bbee4|rpc:10.1.0.12:36205|dataStream:|priority:1, a5ef7eb4-0585-479c-9d56-cfefd71a4940|rpc:10.1.0.12:45551|dataStream:|priority:0], old=null
2021-10-17 01:34:33,142 [89fab1f2-29d6-4782-92bb-861e4d6ff694@group-C8848C1A0092-SegmentedRaftLogWorker] INFO  segmented.SegmentedRaftLogWorker (SegmentedRaftLogWorker.java:execute(601)) - 89fab1f2-29d6-4782-92bb-861e4d6ff694@group-C8848C1A0092-SegmentedRaftLogWorker: created new log segment /home/runner/work/ozone/ozone/hadoop-ozone/integration-test/target/test-dir/MiniOzoneClusterImpl-e6b5673d-0e05-4a61-970a-b11d77d0bde6/datanode-0/data/ratis/48443c3e-2a63-40dd-b7f0-c8848c1a0092/current/log_inprogress_0
2021-10-17 01:34:33,147 [EventQueue-PipelineReportForPipelineReportHandler] INFO  pipeline.PipelineManagerImpl (PipelineManagerImpl.java:openPipeline(282)) - Pipeline Pipeline[ Id: c8ccc7e0-180a-4e21-88ef-67ff69347536, Nodes: c68442bd-a156-42c2-9473-4201701bbee4{ip: 10.1.0.12, host: fv-az151-444.yf2hydr00wburbhx3j5hxtcipe.bx.internal.cloudapp.net, ports: [REPLICATION=33717, RATIS=36205, RATIS_ADMIN=36205, RATIS_SERVER=36205, STANDALONE=44837], networkLocation: /default-rack, certSerialId: null, persistedOpState: IN_SERVICE, persistedOpStateExpiryEpochSec: 0}a5ef7eb4-0585-479c-9d56-cfefd71a4940{ip: 10.1.0.12, host: fv-az151-444.yf2hydr00wburbhx3j5hxtcipe.bx.internal.cloudapp.net, ports: [REPLICATION=34201, RATIS=45551, RATIS_ADMIN=45551, RATIS_SERVER=45551, STANDALONE=45167], networkLocation: /default-rack, certSerialId: null, persistedOpState: IN_SERVICE, persistedOpStateExpiryEpochSec: 0}89fab1f2-29d6-4782-92bb-861e4d6ff694{ip: 10.1.0.12, host: fv-az151-444.yf2hydr00wburbhx3j5hxtcipe.bx.internal.cloudapp.net, ports: [REPLICATION=35195, RATIS=34899, RATIS_ADMIN=34899, RATIS_SERVER=34899, STANDALONE=41389], networkLocation: /default-rack, certSerialId: null, persistedOpState: IN_SERVICE, persistedOpStateExpiryEpochSec: 0}, ReplicationConfig: RATIS/THREE, State:ALLOCATED, leaderId:c68442bd-a156-42c2-9473-4201701bbee4, CreationTimestamp2021-10-17T01:34:15.333Z[Etc/UTC]] moved to OPEN state
2021-10-17 01:34:33,145 [c68442bd-a156-42c2-9473-4201701bbee4@group-67FF69347536-LeaderElection14] INFO  server.RaftServerConfigKeys (ConfUtils.java:logGet(44)) - raft.server.write.element-limit = 1024 (custom)
2021-10-17 01:34:33,151 [c68442bd-a156-42c2-9473-4201701bbee4@group-67FF69347536-LeaderElection14] INFO  server.RaftServerConfigKeys (ConfUtils.java:logGet(44)) - raft.server.write.byte-limit = 1024 M (=1073741824) (custom)
2021-10-17 01:34:33,151 [c68442bd-a156-42c2-9473-4201701bbee4@group-67FF69347536-LeaderElection14] INFO  server.RaftServerConfigKeys (ConfUtils.java:logGet(44)) - raft.server.watch.timeout = 180s (custom)
2021-10-17 01:34:33,151 [c68442bd-a156-42c2-9473-4201701bbee4@group-67FF69347536-LeaderElection14] INFO  server.RaftServerConfigKeys (ConfUtils.java:logGet(44)) - raft.server.watch.timeout.denomination = 1s (default)
2021-10-17 01:34:33,151 [c68442bd-a156-42c2-9473-4201701bbee4@group-67FF69347536-LeaderElection14] INFO  server.RaftServerConfigKeys (ConfUtils.java:logGet(44)) - raft.server.watch.element-limit = 65536 (default)
2021-10-17 01:34:33,151 [c68442bd-a156-42c2-9473-4201701bbee4@group-67FF69347536-LeaderElection14] INFO  server.RaftServerConfigKeys (ConfUtils.java:logGet(44)) - raft.server.log.appender.snapshot.chunk.size.max = 16MB (=16777216) (default)
2021-10-17 01:34:33,151 [c68442bd-a156-42c2-9473-4201701bbee4@group-67FF69347536-LeaderElection14] INFO  server.RaftServerConfigKeys (ConfUtils.java:logGet(44)) - raft.server.log.appender.buffer.byte-limit = 33554432 (custom)
2021-10-17 01:34:33,152 [c68442bd-a156-42c2-9473-4201701bbee4@group-67FF69347536-LeaderElection14] INFO  server.RaftServerConfigKeys (ConfUtils.java:logGet(44)) - raft.server.log.appender.buffer.element-limit = 1 (custom)
2021-10-17 01:34:33,152 [c68442bd-a156-42c2-9473-4201701bbee4@group-67FF69347536-LeaderElection14] INFO  grpc.GrpcConfigKeys (ConfUtils.java:logGet(44)) - raft.grpc.server.leader.outstanding.appends.max = 128 (default)
2021-10-17 01:34:33,152 [c68442bd-a156-42c2-9473-4201701bbee4@group-67FF69347536-LeaderElection14] INFO  server.RaftServerConfigKeys (ConfUtils.java:logGet(44)) - raft.server.rpc.request.timeout = 60s (custom)
2021-10-17 01:34:33,152 [c68442bd-a156-42c2-9473-4201701bbee4@group-67FF69347536-LeaderElection14] INFO  server.RaftServerConfigKeys (ConfUtils.java:logGet(44)) - raft.server.log.appender.install.snapshot.enabled = false (custom)
2021-10-17 01:34:33,152 [c68442bd-a156-42c2-9473-4201701bbee4@group-67FF69347536-LeaderElection14] INFO  server.RaftServerConfigKeys (ConfUtils.java:logGet(44)) - raft.server.log.appender.snapshot.chunk.size.max = 16MB (=16777216) (default)
2021-10-17 01:34:33,152 [c68442bd-a156-42c2-9473-4201701bbee4@group-67FF69347536-LeaderElection14] INFO  server.RaftServerConfigKeys (ConfUtils.java:logGet(44)) - raft.server.log.appender.buffer.byte-limit = 33554432 (custom)
2021-10-17 01:34:33,152 [c68442bd-a156-42c2-9473-4201701bbee4@group-67FF69347536-LeaderElection14] INFO  server.RaftServerConfigKeys (ConfUtils.java:logGet(44)) - raft.server.log.appender.buffer.element-limit = 1 (custom)
2021-10-17 01:34:33,153 [c68442bd-a156-42c2-9473-4201701bbee4@group-67FF69347536-LeaderElection14] INFO  grpc.GrpcConfigKeys (ConfUtils.java:logGet(44)) - raft.grpc.server.leader.outstanding.appends.max = 128 (default)
2021-10-17 01:34:33,153 [c68442bd-a156-42c2-9473-4201701bbee4@group-67FF69347536-LeaderElection14] INFO  server.RaftServerConfigKeys (ConfUtils.java:logGet(44)) - raft.server.rpc.request.timeout = 60s (custom)
2021-10-17 01:34:33,153 [c68442bd-a156-42c2-9473-4201701bbee4@group-67FF69347536-LeaderElection14] INFO  server.RaftServerConfigKeys (ConfUtils.java:logGet(44)) - raft.server.log.appender.install.snapshot.enabled = false (custom)
2021-10-17 01:34:33,153 [c68442bd-a156-42c2-9473-4201701bbee4@group-67FF69347536-LeaderElection14] INFO  impl.RoleInfo (RoleInfo.java:updateAndGet(130)) - c68442bd-a156-42c2-9473-4201701bbee4: start c68442bd-a156-42c2-9473-4201701bbee4@group-67FF69347536-LeaderStateImpl
2021-10-17 01:34:33,153 [c68442bd-a156-42c2-9473-4201701bbee4@group-67FF69347536-LeaderElection14] INFO  segmented.SegmentedRaftLogWorker (SegmentedRaftLogWorker.java:startLogSegment(394)) - c68442bd-a156-42c2-9473-4201701bbee4@group-67FF69347536-SegmentedRaftLogWorker: Starting segment from index:0
2021-10-17 01:34:33,143 [grpc-default-executor-3] INFO  server.RaftServer$Division (ServerState.java:setRaftConf(387)) - c68442bd-a156-42c2-9473-4201701bbee4@group-C8848C1A0092: set configuration 0: [89fab1f2-29d6-4782-92bb-861e4d6ff694|rpc:10.1.0.12:34899|dataStream:|priority:0, c68442bd-a156-42c2-9473-4201701bbee4|rpc:10.1.0.12:36205|dataStream:|priority:0, a5ef7eb4-0585-479c-9d56-cfefd71a4940|rpc:10.1.0.12:45551|dataStream:|priority:1], old=null
2021-10-17 01:34:33,158 [c68442bd-a156-42c2-9473-4201701bbee4@group-67FF69347536-LeaderElection14] INFO  server.RaftServer$Division (ServerState.java:setRaftConf(387)) - c68442bd-a156-42c2-9473-4201701bbee4@group-67FF69347536: set configuration 0: [89fab1f2-29d6-4782-92bb-861e4d6ff694|rpc:10.1.0.12:34899|dataStream:|priority:0, c68442bd-a156-42c2-9473-4201701bbee4|rpc:10.1.0.12:36205|dataStream:|priority:1, a5ef7eb4-0585-479c-9d56-cfefd71a4940|rpc:10.1.0.12:45551|dataStream:|priority:0], old=null
2021-10-17 01:34:33,155 [c68442bd-a156-42c2-9473-4201701bbee4@group-67FF69347536-SegmentedRaftLogWorker] INFO  segmented.SegmentedRaftLogWorker (SegmentedRaftLogWorker.java:execute(601)) - c68442bd-a156-42c2-9473-4201701bbee4@group-67FF69347536-SegmentedRaftLogWorker: created new log segment /home/runner/work/ozone/ozone/hadoop-ozone/integration-test/target/test-dir/MiniOzoneClusterImpl-e6b5673d-0e05-4a61-970a-b11d77d0bde6/datanode-1/data/ratis/c8ccc7e0-180a-4e21-88ef-67ff69347536/current/log_inprogress_0
2021-10-17 01:34:33,161 [grpc-default-executor-3] INFO  segmented.SegmentedRaftLogWorker (SegmentedRaftLogWorker.java:startLogSegment(394)) - c68442bd-a156-42c2-9473-4201701bbee4@group-C8848C1A0092-SegmentedRaftLogWorker: Starting segment from index:0
2021-10-17 01:34:33,160 [grpc-default-executor-2] INFO  ratis.XceiverServerRatis (XceiverServerRatis.java:handleLeaderChangedNotification(866)) - Leader change notification received for group: group-67FF69347536 with new leaderId: c68442bd-a156-42c2-9473-4201701bbee4
2021-10-17 01:34:33,161 [grpc-default-executor-2] INFO  server.RaftServer$Division (ServerState.java:setLeader(285)) - 89fab1f2-29d6-4782-92bb-861e4d6ff694@group-67FF69347536: change Leader from null to c68442bd-a156-42c2-9473-4201701bbee4 at term 3 for appendEntries, leader elected after 15423ms
2021-10-17 01:34:33,164 [c68442bd-a156-42c2-9473-4201701bbee4@group-C8848C1A0092-SegmentedRaftLogWorker] INFO  segmented.SegmentedRaftLogWorker (SegmentedRaftLogWorker.java:execute(601)) - c68442bd-a156-42c2-9473-4201701bbee4@group-C8848C1A0092-SegmentedRaftLogWorker: created new log segment /home/runner/work/ozone/ozone/hadoop-ozone/integration-test/target/test-dir/MiniOzoneClusterImpl-e6b5673d-0e05-4a61-970a-b11d77d0bde6/datanode-1/data/ratis/48443c3e-2a63-40dd-b7f0-c8848c1a0092/current/log_inprogress_0
2021-10-17 01:34:33,167 [grpc-default-executor-0] INFO  ratis.XceiverServerRatis (XceiverServerRatis.java:handleLeaderChangedNotification(866)) - Leader change notification received for group: group-67FF69347536 with new leaderId: c68442bd-a156-42c2-9473-4201701bbee4
2021-10-17 01:34:33,167 [grpc-default-executor-0] INFO  server.RaftServer$Division (ServerState.java:setLeader(285)) - a5ef7eb4-0585-479c-9d56-cfefd71a4940@group-67FF69347536: change Leader from null to c68442bd-a156-42c2-9473-4201701bbee4 at term 3 for appendEntries, leader elected after 15278ms
2021-10-17 01:34:33,176 [grpc-default-executor-2] INFO  server.RaftServer$Division (ServerState.java:setRaftConf(387)) - 89fab1f2-29d6-4782-92bb-861e4d6ff694@group-67FF69347536: set configuration 0: [89fab1f2-29d6-4782-92bb-861e4d6ff694|rpc:10.1.0.12:34899|dataStream:|priority:0, c68442bd-a156-42c2-9473-4201701bbee4|rpc:10.1.0.12:36205|dataStream:|priority:1, a5ef7eb4-0585-479c-9d56-cfefd71a4940|rpc:10.1.0.12:45551|dataStream:|priority:0], old=null
2021-10-17 01:34:33,176 [grpc-default-executor-2] INFO  segmented.SegmentedRaftLogWorker (SegmentedRaftLogWorker.java:startLogSegment(394)) - 89fab1f2-29d6-4782-92bb-861e4d6ff694@group-67FF69347536-SegmentedRaftLogWorker: Starting segment from index:0
2021-10-17 01:34:33,176 [grpc-default-executor-0] INFO  server.RaftServer$Division (ServerState.java:setRaftConf(387)) - a5ef7eb4-0585-479c-9d56-cfefd71a4940@group-67FF69347536: set configuration 0: [89fab1f2-29d6-4782-92bb-861e4d6ff694|rpc:10.1.0.12:34899|dataStream:|priority:0, c68442bd-a156-42c2-9473-4201701bbee4|rpc:10.1.0.12:36205|dataStream:|priority:1, a5ef7eb4-0585-479c-9d56-cfefd71a4940|rpc:10.1.0.12:45551|dataStream:|priority:0], old=null
2021-10-17 01:34:33,177 [grpc-default-executor-0] INFO  segmented.SegmentedRaftLogWorker (SegmentedRaftLogWorker.java:startLogSegment(394)) - a5ef7eb4-0585-479c-9d56-cfefd71a4940@group-67FF69347536-SegmentedRaftLogWorker: Starting segment from index:0
2021-10-17 01:34:33,177 [89fab1f2-29d6-4782-92bb-861e4d6ff694@group-67FF69347536-SegmentedRaftLogWorker] INFO  segmented.SegmentedRaftLogWorker (SegmentedRaftLogWorker.java:execute(601)) - 89fab1f2-29d6-4782-92bb-861e4d6ff694@group-67FF69347536-SegmentedRaftLogWorker: created new log segment /home/runner/work/ozone/ozone/hadoop-ozone/integration-test/target/test-dir/MiniOzoneClusterImpl-e6b5673d-0e05-4a61-970a-b11d77d0bde6/datanode-0/data/ratis/c8ccc7e0-180a-4e21-88ef-67ff69347536/current/log_inprogress_0
2021-10-17 01:34:33,186 [a5ef7eb4-0585-479c-9d56-cfefd71a4940@group-67FF69347536-SegmentedRaftLogWorker] INFO  segmented.SegmentedRaftLogWorker (SegmentedRaftLogWorker.java:execute(601)) - a5ef7eb4-0585-479c-9d56-cfefd71a4940@group-67FF69347536-SegmentedRaftLogWorker: created new log segment /home/runner/work/ozone/ozone/hadoop-ozone/integration-test/target/test-dir/MiniOzoneClusterImpl-e6b5673d-0e05-4a61-970a-b11d77d0bde6/datanode-2/data/ratis/c8ccc7e0-180a-4e21-88ef-67ff69347536/current/log_inprogress_0
2021-10-17 01:34:33,339 [Listener at 127.0.0.1/11184] INFO  ozone.MiniOzoneClusterImpl (MiniOzoneClusterImpl.java:lambda$waitForClusterToBeReady$0(235)) - Nodes are ready. Got 3 of 3 DN Heartbeats.
2021-10-17 01:34:33,340 [Listener at 127.0.0.1/11184] INFO  ozone.MiniOzoneClusterImpl (MiniOzoneClusterImpl.java:lambda$waitForClusterToBeReady$0(238)) - Cluster exits safe mode
2021-10-17 01:34:33,340 [Listener at 127.0.0.1/11184] INFO  ozone.MiniOzoneClusterImpl (MiniOzoneClusterImpl.java:lambda$waitForClusterToBeReady$0(240)) - SCM became leader
]]></system-out>
  </testcase>
  <testcase name="testPrepareWithMultipleThreads" classname="org.apache.hadoop.ozone.om.TestOzoneManagerPrepare" time="10.042"/>
  <testcase name="testCancelPrepare" classname="org.apache.hadoop.ozone.om.TestOzoneManagerPrepare" time="123.494">
    <error message="timeout: after 120000 millis" type="java.util.concurrent.TimeoutException">java.util.concurrent.TimeoutException: timeout: after 120000 millis
	at org.apache.ozone.test.LambdaTestUtils$GenerateTimeout.evaluate(LambdaTestUtils.java:677)
	at org.apache.ozone.test.LambdaTestUtils.await(LambdaTestUtils.java:154)
	at org.apache.ozone.test.LambdaTestUtils.await(LambdaTestUtils.java:192)
	at org.apache.hadoop.ozone.om.TestOzoneManagerPrepare.assertClusterNotPrepared(TestOzoneManagerPrepare.java:484)
	at org.apache.hadoop.ozone.om.TestOzoneManagerPrepare.assertClusterNotPrepared(TestOzoneManagerPrepare.java:478)
	at org.apache.hadoop.ozone.om.TestOzoneManagerPrepare.initOM(TestOzoneManagerPrepare.java:91)
	at sun.reflect.NativeMethodAccessorImpl.invoke0(Native Method)
	at sun.reflect.NativeMethodAccessorImpl.invoke(NativeMethodAccessorImpl.java:62)
	at sun.reflect.DelegatingMethodAccessorImpl.invoke(DelegatingMethodAccessorImpl.java:43)
	at java.lang.reflect.Method.invoke(Method.java:498)
	at org.junit.runners.model.FrameworkMethod$1.runReflectiveCall(FrameworkMethod.java:59)
	at org.junit.internal.runners.model.ReflectiveCallable.run(ReflectiveCallable.java:12)
	at org.junit.runners.model.FrameworkMethod.invokeExplosively(FrameworkMethod.java:56)
	at org.junit.internal.runners.statements.RunBefores.invokeMethod(RunBefores.java:33)
	at org.junit.internal.runners.statements.RunBefores.evaluate(RunBefores.java:24)
	at org.junit.internal.runners.statements.RunAfters.evaluate(RunAfters.java:27)
	at org.junit.rules.ExpectedException$ExpectedExceptionStatement.evaluate(ExpectedException.java:258)
	at org.junit.internal.runners.statements.FailOnTimeout$CallableStatement.call(FailOnTimeout.java:288)
	at org.junit.internal.runners.statements.FailOnTimeout$CallableStatement.call(FailOnTimeout.java:282)
	at java.util.concurrent.FutureTask.run(FutureTask.java:266)
	at java.lang.Thread.run(Thread.java:748)
</error>
    <system-out><![CDATA[2021-10-17 01:34:43,851 [org.apache.hadoop.util.JvmPauseMonitor$Monitor@5dc4ae6f] INFO  util.JvmPauseMonitor (JvmPauseMonitor.java:run(188)) - Starting JVM pause monitor
2021-10-17 01:34:43,856 [Time-limited test] INFO  retry.RetryInvocationHandler (RetryInvocationHandler.java:log(411)) - com.google.protobuf.ServiceException: java.io.EOFException: End of File Exception between local host is: "fv-az151-444/10.1.0.12"; destination host is: "localhost":11172; : java.io.EOFException; For more details see:  http://wiki.apache.org/hadoop/EOFException, while invoking $Proxy52.submitRequest over nodeId=omNode-1,nodeAddress=127.0.0.1:11172. Trying to failover immediately.
2021-10-17 01:34:43,868 [Time-limited test] INFO  retry.RetryInvocationHandler (RetryInvocationHandler.java:log(411)) - com.google.protobuf.ServiceException: org.apache.hadoop.ipc.RemoteException(org.apache.hadoop.ozone.om.exceptions.OMNotLeaderException): OM:omNode-2 is not the leader. Could not determine the leader node.
	at org.apache.hadoop.ozone.om.ratis.utils.OzoneManagerRatisUtils.createNotLeaderException(OzoneManagerRatisUtils.java:465)
	at org.apache.hadoop.ozone.om.ratis.utils.OzoneManagerRatisUtils.checkLeaderStatus(OzoneManagerRatisUtils.java:451)
	at org.apache.hadoop.ozone.protocolPB.OzoneManagerProtocolServerSideTranslatorPB.checkLeaderStatus(OzoneManagerProtocolServerSideTranslatorPB.java:243)
	at org.apache.hadoop.ozone.protocolPB.OzoneManagerProtocolServerSideTranslatorPB.processRequest(OzoneManagerProtocolServerSideTranslatorPB.java:135)
	at org.apache.hadoop.hdds.server.OzoneProtocolMessageDispatcher.processRequest(OzoneProtocolMessageDispatcher.java:87)
	at org.apache.hadoop.ozone.protocolPB.OzoneManagerProtocolServerSideTranslatorPB.submitRequest(OzoneManagerProtocolServerSideTranslatorPB.java:123)
	at org.apache.hadoop.ozone.protocol.proto.OzoneManagerProtocolProtos$OzoneManagerService$2.callBlockingMethod(OzoneManagerProtocolProtos.java)
	at org.apache.hadoop.ipc.ProtobufRpcEngine$Server.processCall(ProtobufRpcEngine.java:466)
	at org.apache.hadoop.ipc.ProtobufRpcEngine2$Server$ProtoBufRpcInvoker.call(ProtobufRpcEngine2.java:574)
	at org.apache.hadoop.ipc.ProtobufRpcEngine2$Server$ProtoBufRpcInvoker.call(ProtobufRpcEngine2.java:552)
	at org.apache.hadoop.ipc.RPC$Server.call(RPC.java:1093)
	at org.apache.hadoop.ipc.Server$RpcCall.run(Server.java:1035)
	at org.apache.hadoop.ipc.Server$RpcCall.run(Server.java:963)
	at java.security.AccessController.doPrivileged(Native Method)
	at javax.security.auth.Subject.doAs(Subject.java:422)
	at org.apache.hadoop.security.UserGroupInformation.doAs(UserGroupInformation.java:1878)
	at org.apache.hadoop.ipc.Server$Handler.run(Server.java:2966)
, while invoking $Proxy52.submitRequest over nodeId=omNode-2,nodeAddress=127.0.0.1:11178 after 1 failover attempts. Trying to failover immediately.
2021-10-17 01:34:43,873 [Time-limited test] INFO  retry.RetryInvocationHandler (RetryInvocationHandler.java:log(411)) - com.google.protobuf.ServiceException: org.apache.hadoop.ipc.RemoteException(org.apache.hadoop.ozone.om.exceptions.OMNotLeaderException): OM:omNode-3 is not the leader. Could not determine the leader node.
	at org.apache.hadoop.ozone.om.ratis.utils.OzoneManagerRatisUtils.createNotLeaderException(OzoneManagerRatisUtils.java:465)
	at org.apache.hadoop.ozone.om.ratis.utils.OzoneManagerRatisUtils.checkLeaderStatus(OzoneManagerRatisUtils.java:451)
	at org.apache.hadoop.ozone.protocolPB.OzoneManagerProtocolServerSideTranslatorPB.checkLeaderStatus(OzoneManagerProtocolServerSideTranslatorPB.java:243)
	at org.apache.hadoop.ozone.protocolPB.OzoneManagerProtocolServerSideTranslatorPB.processRequest(OzoneManagerProtocolServerSideTranslatorPB.java:135)
	at org.apache.hadoop.hdds.server.OzoneProtocolMessageDispatcher.processRequest(OzoneProtocolMessageDispatcher.java:87)
	at org.apache.hadoop.ozone.protocolPB.OzoneManagerProtocolServerSideTranslatorPB.submitRequest(OzoneManagerProtocolServerSideTranslatorPB.java:123)
	at org.apache.hadoop.ozone.protocol.proto.OzoneManagerProtocolProtos$OzoneManagerService$2.callBlockingMethod(OzoneManagerProtocolProtos.java)
	at org.apache.hadoop.ipc.ProtobufRpcEngine$Server.processCall(ProtobufRpcEngine.java:466)
	at org.apache.hadoop.ipc.ProtobufRpcEngine2$Server$ProtoBufRpcInvoker.call(ProtobufRpcEngine2.java:574)
	at org.apache.hadoop.ipc.ProtobufRpcEngine2$Server$ProtoBufRpcInvoker.call(ProtobufRpcEngine2.java:552)
	at org.apache.hadoop.ipc.RPC$Server.call(RPC.java:1093)
	at org.apache.hadoop.ipc.Server$RpcCall.run(Server.java:1035)
	at org.apache.hadoop.ipc.Server$RpcCall.run(Server.java:963)
	at java.security.AccessController.doPrivileged(Native Method)
	at javax.security.auth.Subject.doAs(Subject.java:422)
	at org.apache.hadoop.security.UserGroupInformation.doAs(UserGroupInformation.java:1878)
	at org.apache.hadoop.ipc.Server$Handler.run(Server.java:2966)
, while invoking $Proxy52.submitRequest over nodeId=omNode-3,nodeAddress=127.0.0.1:11184 after 2 failover attempts. Trying to failover after sleeping for 2000ms.
2021-10-17 01:34:44,722 [omNode-1@group-523986131536-FollowerState] INFO  impl.FollowerState (FollowerState.java:run(134)) - omNode-1@group-523986131536-FollowerState: change to CANDIDATE, lastRpcElapsedTime:1122254372ns, electionTimeout:1119ms
2021-10-17 01:34:44,723 [omNode-1@group-523986131536-FollowerState] INFO  impl.RoleInfo (RoleInfo.java:shutdownFollowerState(108)) - omNode-1: shutdown omNode-1@group-523986131536-FollowerState
2021-10-17 01:34:44,724 [omNode-1@group-523986131536-FollowerState] INFO  server.RaftServer$Division (RaftServerImpl.java:setRole(285)) - omNode-1@group-523986131536: changes role from  FOLLOWER to CANDIDATE at term 2 for changeToCandidate
2021-10-17 01:34:44,724 [omNode-1@group-523986131536-FollowerState] INFO  server.RaftServerConfigKeys (ConfUtils.java:logGet(44)) - raft.server.leaderelection.pre-vote = false (custom)
2021-10-17 01:34:44,724 [omNode-1@group-523986131536-FollowerState] INFO  impl.RoleInfo (RoleInfo.java:updateAndGet(130)) - omNode-1: start omNode-1@group-523986131536-LeaderElection16
2021-10-17 01:34:44,727 [omNode-1@group-523986131536-LeaderElection16] INFO  impl.LeaderElection (LeaderElection.java:askForVotes(306)) - omNode-1@group-523986131536-LeaderElection16 ELECTION round 0: submit vote requests at term 3 for 0: [omNode-3|rpc:localhost:11188|admin:|client:|dataStream:|priority:0, omNode-1|rpc:localhost:11176|admin:|client:|dataStream:|priority:0, omNode-2|rpc:localhost:11182|admin:|client:|dataStream:|priority:0], old=null
2021-10-17 01:34:44,737 [grpc-default-executor-0] INFO  server.RaftServer$Division (RaftServerImpl.java:requestVote(1043)) - omNode-2@group-523986131536: receive requestVote(ELECTION, omNode-1, group-523986131536, 3, (t:2, i:20))
2021-10-17 01:34:44,737 [grpc-default-executor-0] INFO  impl.VoteContext (VoteContext.java:log(48)) - omNode-2@group-523986131536-FOLLOWER: reject ELECTION from omNode-1: already has voted for omNode-2 at current term 3
2021-10-17 01:34:44,737 [grpc-default-executor-0] INFO  server.RaftServer$Division (RaftServerImpl.java:requestVote(1075)) - omNode-2@group-523986131536 replies to ELECTION vote request: omNode-1<-omNode-2#0:FAIL-t3. Peer's state: omNode-2@group-523986131536:t3, leader=null, voted=omNode-2, raftlog=omNode-2@group-523986131536-SegmentedRaftLog:OPENED:c22,f22,i22, conf=21: [omNode-3|rpc:localhost:11188|admin:|client:|dataStream:|priority:0, omNode-1|rpc:localhost:11176|admin:|client:|dataStream:|priority:0, omNode-2|rpc:localhost:11182|admin:|client:|dataStream:|priority:0], old=null
2021-10-17 01:34:44,738 [grpc-default-executor-0] INFO  server.RaftServer$Division (RaftServerImpl.java:requestVote(1043)) - omNode-3@group-523986131536: receive requestVote(ELECTION, omNode-1, group-523986131536, 3, (t:2, i:20))
2021-10-17 01:34:44,739 [grpc-default-executor-0] INFO  impl.VoteContext (VoteContext.java:log(48)) - omNode-3@group-523986131536-FOLLOWER: reject ELECTION from omNode-1: already has voted for omNode-2 at current term 3
2021-10-17 01:34:44,739 [grpc-default-executor-0] INFO  server.RaftServer$Division (RaftServerImpl.java:requestVote(1075)) - omNode-3@group-523986131536 replies to ELECTION vote request: omNode-1<-omNode-3#0:FAIL-t3. Peer's state: omNode-3@group-523986131536:t3, leader=omNode-2, voted=omNode-2, raftlog=omNode-3@group-523986131536-SegmentedRaftLog:OPENED:c22,f22,i22, conf=21: [omNode-3|rpc:localhost:11188|admin:|client:|dataStream:|priority:0, omNode-1|rpc:localhost:11176|admin:|client:|dataStream:|priority:0, omNode-2|rpc:localhost:11182|admin:|client:|dataStream:|priority:0], old=null
2021-10-17 01:34:44,743 [omNode-1@group-523986131536-LeaderElection16] INFO  impl.LeaderElection (LeaderElection.java:logAndReturn(89)) - omNode-1@group-523986131536-LeaderElection16: ELECTION REJECTED received 2 response(s) and 0 exception(s):
2021-10-17 01:34:44,743 [omNode-1@group-523986131536-LeaderElection16] INFO  impl.LeaderElection (LeaderElection.java:logAndReturn(93)) -   Response 0: omNode-1<-omNode-3#0:FAIL-t3
2021-10-17 01:34:44,743 [omNode-1@group-523986131536-LeaderElection16] INFO  impl.LeaderElection (LeaderElection.java:logAndReturn(93)) -   Response 1: omNode-1<-omNode-2#0:FAIL-t3
2021-10-17 01:34:44,743 [omNode-1@group-523986131536-LeaderElection16] INFO  impl.LeaderElection (LeaderElection.java:askForVotes(308)) - omNode-1@group-523986131536-LeaderElection16 ELECTION round 0: result REJECTED
2021-10-17 01:34:44,744 [omNode-1@group-523986131536-LeaderElection16] INFO  server.RaftServer$Division (RaftServerImpl.java:setRole(285)) - omNode-1@group-523986131536: changes role from CANDIDATE to FOLLOWER at term 3 for REJECTED
2021-10-17 01:34:44,744 [omNode-1@group-523986131536-LeaderElection16] INFO  impl.RoleInfo (RoleInfo.java:shutdownLeaderElection(121)) - omNode-1: shutdown omNode-1@group-523986131536-LeaderElection16
2021-10-17 01:34:44,744 [omNode-1@group-523986131536-LeaderElection16] INFO  impl.RoleInfo (RoleInfo.java:updateAndGet(130)) - omNode-1: start omNode-1@group-523986131536-FollowerState
2021-10-17 01:34:44,879 [omNode-2@group-523986131536-FollowerState] INFO  impl.FollowerState (FollowerState.java:run(134)) - omNode-2@group-523986131536-FollowerState: change to CANDIDATE, lastRpcElapsedTime:1069168393ns, electionTimeout:1067ms
2021-10-17 01:34:44,880 [omNode-2@group-523986131536-FollowerState] INFO  impl.RoleInfo (RoleInfo.java:shutdownFollowerState(108)) - omNode-2: shutdown omNode-2@group-523986131536-FollowerState
2021-10-17 01:34:44,880 [omNode-2@group-523986131536-FollowerState] INFO  server.RaftServer$Division (RaftServerImpl.java:setRole(285)) - omNode-2@group-523986131536: changes role from  FOLLOWER to CANDIDATE at term 3 for changeToCandidate
2021-10-17 01:34:44,880 [omNode-2@group-523986131536-FollowerState] INFO  server.RaftServerConfigKeys (ConfUtils.java:logGet(44)) - raft.server.leaderelection.pre-vote = false (custom)
2021-10-17 01:34:44,880 [omNode-2@group-523986131536-FollowerState] INFO  impl.RoleInfo (RoleInfo.java:updateAndGet(130)) - omNode-2: start omNode-2@group-523986131536-LeaderElection17
2021-10-17 01:34:44,882 [omNode-2@group-523986131536-LeaderElection17] INFO  impl.LeaderElection (LeaderElection.java:askForVotes(306)) - omNode-2@group-523986131536-LeaderElection17 ELECTION round 0: submit vote requests at term 4 for 21: [omNode-3|rpc:localhost:11188|admin:|client:|dataStream:|priority:0, omNode-1|rpc:localhost:11176|admin:|client:|dataStream:|priority:0, omNode-2|rpc:localhost:11182|admin:|client:|dataStream:|priority:0], old=null
2021-10-17 01:34:44,888 [grpc-default-executor-0] INFO  server.RaftServer$Division (RaftServerImpl.java:requestVote(1043)) - omNode-3@group-523986131536: receive requestVote(ELECTION, omNode-2, group-523986131536, 4, (t:3, i:22))
2021-10-17 01:34:44,888 [grpc-default-executor-0] INFO  impl.VoteContext (VoteContext.java:log(48)) - omNode-3@group-523986131536-FOLLOWER: accept ELECTION from omNode-2: our priority 0 <= candidate's priority 0
2021-10-17 01:34:44,888 [grpc-default-executor-0] INFO  server.RaftServer$Division (ServerState.java:setLeader(285)) - omNode-3@group-523986131536: change Leader from omNode-2 to null at term 4 for updateCurrentTerm
2021-10-17 01:34:44,888 [grpc-default-executor-0] INFO  server.RaftServer$Division (RaftServerImpl.java:setRole(285)) - omNode-3@group-523986131536: changes role from  FOLLOWER to FOLLOWER at term 4 for candidate:omNode-2
2021-10-17 01:34:44,888 [grpc-default-executor-0] INFO  impl.RoleInfo (RoleInfo.java:shutdownFollowerState(108)) - omNode-3: shutdown omNode-3@group-523986131536-FollowerState
2021-10-17 01:34:44,888 [grpc-default-executor-0] INFO  impl.RoleInfo (RoleInfo.java:updateAndGet(130)) - omNode-3: start omNode-3@group-523986131536-FollowerState
2021-10-17 01:34:44,888 [omNode-3@group-523986131536-FollowerState] INFO  impl.FollowerState (FollowerState.java:run(143)) - omNode-3@group-523986131536-FollowerState was interrupted: {}
java.lang.InterruptedException: sleep interrupted
	at java.lang.Thread.sleep(Native Method)
	at java.lang.Thread.sleep(Thread.java:340)
	at java.util.concurrent.TimeUnit.sleep(TimeUnit.java:386)
	at org.apache.ratis.util.TimeDuration.sleep(TimeDuration.java:324)
	at org.apache.ratis.util.TimeDuration.sleep(TimeDuration.java:309)
	at org.apache.ratis.server.impl.FollowerState.run(FollowerState.java:118)
2021-10-17 01:34:44,894 [grpc-default-executor-0] INFO  server.RaftServer$Division (RaftServerImpl.java:requestVote(1075)) - omNode-3@group-523986131536 replies to ELECTION vote request: omNode-2<-omNode-3#0:OK-t4. Peer's state: omNode-3@group-523986131536:t4, leader=null, voted=omNode-2, raftlog=omNode-3@group-523986131536-SegmentedRaftLog:OPENED:c22,f22,i22, conf=21: [omNode-3|rpc:localhost:11188|admin:|client:|dataStream:|priority:0, omNode-1|rpc:localhost:11176|admin:|client:|dataStream:|priority:0, omNode-2|rpc:localhost:11182|admin:|client:|dataStream:|priority:0], old=null
2021-10-17 01:34:44,906 [omNode-2@group-523986131536-LeaderElection17] INFO  impl.LeaderElection (LeaderElection.java:logAndReturn(89)) - omNode-2@group-523986131536-LeaderElection17: ELECTION PASSED received 1 response(s) and 0 exception(s):
2021-10-17 01:34:44,906 [omNode-2@group-523986131536-LeaderElection17] INFO  impl.LeaderElection (LeaderElection.java:logAndReturn(93)) -   Response 0: omNode-2<-omNode-3#0:OK-t4
2021-10-17 01:34:44,906 [omNode-2@group-523986131536-LeaderElection17] INFO  impl.LeaderElection (LeaderElection.java:askForVotes(308)) - omNode-2@group-523986131536-LeaderElection17 ELECTION round 0: result PASSED
2021-10-17 01:34:44,906 [omNode-2@group-523986131536-LeaderElection17] INFO  impl.RoleInfo (RoleInfo.java:shutdownLeaderElection(121)) - omNode-2: shutdown omNode-2@group-523986131536-LeaderElection17
2021-10-17 01:34:44,906 [omNode-2@group-523986131536-LeaderElection17] INFO  server.RaftServer$Division (RaftServerImpl.java:setRole(285)) - omNode-2@group-523986131536: changes role from CANDIDATE to LEADER at term 4 for changeToLeader
2021-10-17 01:34:44,906 [omNode-2@group-523986131536-LeaderElection17] INFO  server.RaftServer$Division (ServerState.java:setLeader(285)) - omNode-2@group-523986131536: change Leader from null to omNode-2 at term 4 for becomeLeader, leader elected after 1106ms
2021-10-17 01:34:44,906 [omNode-2@group-523986131536-LeaderElection17] INFO  server.RaftServerConfigKeys (ConfUtils.java:logGet(44)) - raft.server.staging.catchup.gap = 1000 (default)
2021-10-17 01:34:44,906 [omNode-2@group-523986131536-LeaderElection17] INFO  server.RaftServerConfigKeys (ConfUtils.java:logGet(44)) - raft.server.write.element-limit = 4096 (default)
2021-10-17 01:34:44,906 [omNode-2@group-523986131536-LeaderElection17] INFO  server.RaftServerConfigKeys (ConfUtils.java:logGet(44)) - raft.server.write.byte-limit = 64MB (=67108864) (default)
2021-10-17 01:34:44,907 [omNode-2@group-523986131536-LeaderElection17] INFO  server.RaftServerConfigKeys (ConfUtils.java:logGet(44)) - raft.server.watch.timeout = 10s (default)
2021-10-17 01:34:44,907 [omNode-2@group-523986131536-LeaderElection17] INFO  server.RaftServerConfigKeys (ConfUtils.java:logGet(44)) - raft.server.watch.timeout.denomination = 1s (default)
2021-10-17 01:34:44,907 [omNode-2@group-523986131536-LeaderElection17] INFO  server.RaftServerConfigKeys (ConfUtils.java:logGet(44)) - raft.server.watch.element-limit = 65536 (default)
2021-10-17 01:34:44,907 [omNode-2@group-523986131536-LeaderElection17] INFO  server.RaftServerConfigKeys (ConfUtils.java:logGet(44)) - raft.server.log.appender.snapshot.chunk.size.max = 16MB (=16777216) (default)
2021-10-17 01:34:44,907 [omNode-2@group-523986131536-LeaderElection17] INFO  server.RaftServerConfigKeys (ConfUtils.java:logGet(44)) - raft.server.log.appender.buffer.byte-limit = 33554432 (custom)
2021-10-17 01:34:44,907 [omNode-2@group-523986131536-LeaderElection17] INFO  server.RaftServerConfigKeys (ConfUtils.java:logGet(44)) - raft.server.log.appender.buffer.element-limit = 1024 (custom)
2021-10-17 01:34:44,907 [omNode-2@group-523986131536-LeaderElection17] INFO  grpc.GrpcConfigKeys (ConfUtils.java:logGet(44)) - raft.grpc.server.leader.outstanding.appends.max = 128 (default)
2021-10-17 01:34:44,907 [omNode-2@group-523986131536-LeaderElection17] INFO  server.RaftServerConfigKeys (ConfUtils.java:logGet(44)) - raft.server.rpc.request.timeout = 3000ms (default)
2021-10-17 01:34:44,907 [omNode-2@group-523986131536-LeaderElection17] INFO  server.RaftServerConfigKeys (ConfUtils.java:logGet(44)) - raft.server.log.appender.install.snapshot.enabled = false (custom)
2021-10-17 01:34:44,910 [omNode-2@group-523986131536-LeaderElection17] INFO  server.RaftServerConfigKeys (ConfUtils.java:logGet(44)) - raft.server.log.appender.snapshot.chunk.size.max = 16MB (=16777216) (default)
2021-10-17 01:34:44,910 [omNode-2@group-523986131536-LeaderElection17] INFO  server.RaftServerConfigKeys (ConfUtils.java:logGet(44)) - raft.server.log.appender.buffer.byte-limit = 33554432 (custom)
2021-10-17 01:34:44,910 [omNode-2@group-523986131536-LeaderElection17] INFO  server.RaftServerConfigKeys (ConfUtils.java:logGet(44)) - raft.server.log.appender.buffer.element-limit = 1024 (custom)
2021-10-17 01:34:44,910 [omNode-2@group-523986131536-LeaderElection17] INFO  grpc.GrpcConfigKeys (ConfUtils.java:logGet(44)) - raft.grpc.server.leader.outstanding.appends.max = 128 (default)
2021-10-17 01:34:44,910 [omNode-2@group-523986131536-LeaderElection17] INFO  server.RaftServerConfigKeys (ConfUtils.java:logGet(44)) - raft.server.rpc.request.timeout = 3000ms (default)
2021-10-17 01:34:44,910 [omNode-2@group-523986131536-LeaderElection17] INFO  server.RaftServerConfigKeys (ConfUtils.java:logGet(44)) - raft.server.log.appender.install.snapshot.enabled = false (custom)
2021-10-17 01:34:44,911 [omNode-2@group-523986131536-LeaderElection17] INFO  impl.RoleInfo (RoleInfo.java:updateAndGet(130)) - omNode-2: start omNode-2@group-523986131536-LeaderStateImpl
2021-10-17 01:34:44,911 [grpc-default-executor-0] INFO  server.RaftServer$Division (RaftServerImpl.java:requestVote(1043)) - omNode-1@group-523986131536: receive requestVote(ELECTION, omNode-2, group-523986131536, 4, (t:3, i:22))
2021-10-17 01:34:44,912 [grpc-default-executor-0] INFO  impl.VoteContext (VoteContext.java:log(48)) - omNode-1@group-523986131536-FOLLOWER: accept ELECTION from omNode-2: our last entry (t:2, i:20) < candidate's last entry (t:3, i:22)
2021-10-17 01:34:44,912 [grpc-default-executor-0] INFO  server.RaftServer$Division (RaftServerImpl.java:setRole(285)) - omNode-1@group-523986131536: changes role from  FOLLOWER to FOLLOWER at term 4 for candidate:omNode-2
2021-10-17 01:34:44,912 [grpc-default-executor-0] INFO  impl.RoleInfo (RoleInfo.java:shutdownFollowerState(108)) - omNode-1: shutdown omNode-1@group-523986131536-FollowerState
2021-10-17 01:34:44,912 [grpc-default-executor-0] INFO  impl.RoleInfo (RoleInfo.java:updateAndGet(130)) - omNode-1: start omNode-1@group-523986131536-FollowerState
2021-10-17 01:34:44,912 [omNode-1@group-523986131536-FollowerState] INFO  impl.FollowerState (FollowerState.java:run(143)) - omNode-1@group-523986131536-FollowerState was interrupted: {}
java.lang.InterruptedException: sleep interrupted
	at java.lang.Thread.sleep(Native Method)
	at java.lang.Thread.sleep(Thread.java:340)
	at java.util.concurrent.TimeUnit.sleep(TimeUnit.java:386)
	at org.apache.ratis.util.TimeDuration.sleep(TimeDuration.java:324)
	at org.apache.ratis.util.TimeDuration.sleep(TimeDuration.java:309)
	at org.apache.ratis.server.impl.FollowerState.run(FollowerState.java:118)
2021-10-17 01:34:44,917 [omNode-2@group-523986131536-LeaderElection17] INFO  segmented.SegmentedRaftLogWorker (SegmentedRaftLogWorker.java:rollLogSegment(399)) - omNode-2@group-523986131536-SegmentedRaftLogWorker: Rolling segment log-21_22 to index:22
2021-10-17 01:34:44,918 [grpc-default-executor-0] INFO  server.RaftServer$Division (RaftServerImpl.java:requestVote(1075)) - omNode-1@group-523986131536 replies to ELECTION vote request: omNode-2<-omNode-1#0:OK-t4. Peer's state: omNode-1@group-523986131536:t4, leader=null, voted=omNode-2, raftlog=omNode-1@group-523986131536-SegmentedRaftLog:OPENED:c20,f20,i0, conf=0: [omNode-3|rpc:localhost:11188|admin:|client:|dataStream:|priority:0, omNode-1|rpc:localhost:11176|admin:|client:|dataStream:|priority:0, omNode-2|rpc:localhost:11182|admin:|client:|dataStream:|priority:0], old=null
2021-10-17 01:34:44,919 [omNode-2@group-523986131536-SegmentedRaftLogWorker] INFO  segmented.SegmentedRaftLogWorker (SegmentedRaftLogWorker.java:execute(558)) - omNode-2@group-523986131536-SegmentedRaftLogWorker: Rolled log segment from /home/runner/work/ozone/ozone/hadoop-ozone/integration-test/target/test-dir/MiniOzoneClusterImpl-e6b5673d-0e05-4a61-970a-b11d77d0bde6/omNode-2/ratis/c9bc4cf4-3bc3-3c60-a66b-523986131536/current/log_inprogress_21 to /home/runner/work/ozone/ozone/hadoop-ozone/integration-test/target/test-dir/MiniOzoneClusterImpl-e6b5673d-0e05-4a61-970a-b11d77d0bde6/omNode-2/ratis/c9bc4cf4-3bc3-3c60-a66b-523986131536/current/log_21-22
2021-10-17 01:34:44,926 [omNode-2@group-523986131536-LeaderElection17] INFO  server.RaftServer$Division (ServerState.java:setRaftConf(387)) - omNode-2@group-523986131536: set configuration 23: [omNode-3|rpc:localhost:11188|admin:|client:|dataStream:|priority:0, omNode-1|rpc:localhost:11176|admin:|client:|dataStream:|priority:0, omNode-2|rpc:localhost:11182|admin:|client:|dataStream:|priority:0], old=null
2021-10-17 01:34:44,931 [omNode-2@group-523986131536-SegmentedRaftLogWorker] INFO  segmented.SegmentedRaftLogWorker (SegmentedRaftLogWorker.java:execute(601)) - omNode-2@group-523986131536-SegmentedRaftLogWorker: created new log segment /home/runner/work/ozone/ozone/hadoop-ozone/integration-test/target/test-dir/MiniOzoneClusterImpl-e6b5673d-0e05-4a61-970a-b11d77d0bde6/omNode-2/ratis/c9bc4cf4-3bc3-3c60-a66b-523986131536/current/log_inprogress_23
2021-10-17 01:34:44,932 [grpc-default-executor-0] INFO  server.RaftServer$Division (ServerState.java:setLeader(285)) - omNode-3@group-523986131536: change Leader from null to omNode-2 at term 4 for appendEntries, leader elected after 44ms
2021-10-17 01:34:44,941 [grpc-default-executor-0] INFO  server.RaftServer$Division (ServerState.java:setRaftConf(387)) - omNode-3@group-523986131536: set configuration 23: [omNode-3|rpc:localhost:11188|admin:|client:|dataStream:|priority:0, omNode-1|rpc:localhost:11176|admin:|client:|dataStream:|priority:0, omNode-2|rpc:localhost:11182|admin:|client:|dataStream:|priority:0], old=null
2021-10-17 01:34:44,941 [grpc-default-executor-0] INFO  segmented.SegmentedRaftLogWorker (SegmentedRaftLogWorker.java:rollLogSegment(399)) - omNode-3@group-523986131536-SegmentedRaftLogWorker: Rolling segment log-21_22 to index:22
2021-10-17 01:34:44,943 [omNode-3@group-523986131536-SegmentedRaftLogWorker] INFO  segmented.SegmentedRaftLogWorker (SegmentedRaftLogWorker.java:execute(558)) - omNode-3@group-523986131536-SegmentedRaftLogWorker: Rolled log segment from /home/runner/work/ozone/ozone/hadoop-ozone/integration-test/target/test-dir/MiniOzoneClusterImpl-e6b5673d-0e05-4a61-970a-b11d77d0bde6/omNode-3/ratis/c9bc4cf4-3bc3-3c60-a66b-523986131536/current/log_inprogress_21 to /home/runner/work/ozone/ozone/hadoop-ozone/integration-test/target/test-dir/MiniOzoneClusterImpl-e6b5673d-0e05-4a61-970a-b11d77d0bde6/omNode-3/ratis/c9bc4cf4-3bc3-3c60-a66b-523986131536/current/log_21-22
2021-10-17 01:34:44,947 [grpc-default-executor-4] INFO  server.RaftServer$Division (ServerState.java:setLeader(285)) - omNode-1@group-523986131536: change Leader from null to omNode-2 at term 4 for appendEntries, leader elected after 1357ms
2021-10-17 01:34:44,947 [grpc-default-executor-4] INFO  server.RaftServer$Division (RaftServerImpl.java:checkInconsistentAppendEntries(1319)) - omNode-1@group-523986131536: Failed appendEntries as previous log entry ((t:3, i:22)) is not found
2021-10-17 01:34:44,948 [grpc-default-executor-4] INFO  server.RaftServer$Division (RaftServerImpl.java:checkInconsistentAppendEntries(1285)) - omNode-1@group-523986131536: inconsistency entries. Reply:omNode-2<-omNode-1#0:FAIL-t4,INCONSISTENCY,nextIndex=21,followerCommit=20
2021-10-17 01:34:44,951 [grpc-default-executor-4] INFO  server.RaftServer$Division (RaftServerImpl.java:checkInconsistentAppendEntries(1319)) - omNode-1@group-523986131536: Failed appendEntries as previous log entry ((t:3, i:22)) is not found
2021-10-17 01:34:44,951 [grpc-default-executor-4] INFO  server.RaftServer$Division (RaftServerImpl.java:checkInconsistentAppendEntries(1285)) - omNode-1@group-523986131536: inconsistency entries. Reply:omNode-2<-omNode-1#1:FAIL-t4,INCONSISTENCY,nextIndex=21,followerCommit=20
2021-10-17 01:34:44,953 [omNode-3@group-523986131536-SegmentedRaftLogWorker] INFO  segmented.SegmentedRaftLogWorker (SegmentedRaftLogWorker.java:execute(601)) - omNode-3@group-523986131536-SegmentedRaftLogWorker: created new log segment /home/runner/work/ozone/ozone/hadoop-ozone/integration-test/target/test-dir/MiniOzoneClusterImpl-e6b5673d-0e05-4a61-970a-b11d77d0bde6/omNode-3/ratis/c9bc4cf4-3bc3-3c60-a66b-523986131536/current/log_inprogress_23
2021-10-17 01:34:44,954 [grpc-default-executor-0] INFO  leader.FollowerInfo (FollowerInfoImpl.java:lambda$new$0(46)) - omNode-2@group-523986131536->omNode-1: nextIndex: updateUnconditionally 24 -> 21
2021-10-17 01:34:44,954 [omNode-2@group-523986131536->omNode-1-GrpcLogAppender-LogAppenderDaemon] ERROR leader.LogAppenderDaemon (LogAppenderDaemon.java:run(86)) - omNode-2@group-523986131536->omNode-1-GrpcLogAppender-LogAppenderDaemon failed
java.lang.NullPointerException: omNode-2@group-523986131536->omNode-1: Previous TermIndex not found for firstIndex = 21
	at java.util.Objects.requireNonNull(Objects.java:290)
	at org.apache.ratis.server.leader.LogAppenderBase.assertProtos(LogAppenderBase.java:169)
	at org.apache.ratis.server.leader.LogAppenderBase.newAppendEntriesRequest(LogAppenderBase.java:154)
	at org.apache.ratis.grpc.server.GrpcLogAppender.appendLog(GrpcLogAppender.java:211)
	at org.apache.ratis.grpc.server.GrpcLogAppender.run(GrpcLogAppender.java:145)
	at org.apache.ratis.server.leader.LogAppenderDaemon.run(LogAppenderDaemon.java:77)
	at java.lang.Thread.run(Thread.java:748)
2021-10-17 01:34:44,955 [omNode-2@group-523986131536->omNode-1-GrpcLogAppender-LogAppenderDaemon] INFO  server.RaftServer$Division (LeaderStateImpl.java:restart(501)) - omNode-2@group-523986131536-LeaderStateImpl: Restarting GrpcLogAppender for omNode-2@group-523986131536->omNode-1
2021-10-17 01:34:44,955 [omNode-2@group-523986131536->omNode-1-GrpcLogAppender-LogAppenderDaemon] INFO  server.RaftServerConfigKeys (ConfUtils.java:logGet(44)) - raft.server.log.appender.snapshot.chunk.size.max = 16MB (=16777216) (default)
2021-10-17 01:34:44,955 [omNode-2@group-523986131536->omNode-1-GrpcLogAppender-LogAppenderDaemon] INFO  server.RaftServerConfigKeys (ConfUtils.java:logGet(44)) - raft.server.log.appender.buffer.byte-limit = 33554432 (custom)
2021-10-17 01:34:44,955 [omNode-2@group-523986131536->omNode-1-GrpcLogAppender-LogAppenderDaemon] INFO  server.RaftServerConfigKeys (ConfUtils.java:logGet(44)) - raft.server.log.appender.buffer.element-limit = 1024 (custom)
2021-10-17 01:34:44,955 [grpc-default-executor-4] INFO  leader.FollowerInfo (FollowerInfoImpl.java:lambda$new$0(46)) - omNode-2@group-523986131536->omNode-1: nextIndex: updateUnconditionally 21 -> 21
2021-10-17 01:34:44,956 [omNode-2@group-523986131536->omNode-1-GrpcLogAppender-LogAppenderDaemon] INFO  grpc.GrpcConfigKeys (ConfUtils.java:logGet(44)) - raft.grpc.server.leader.outstanding.appends.max = 128 (default)
2021-10-17 01:34:44,956 [omNode-2@group-523986131536->omNode-1-GrpcLogAppender-LogAppenderDaemon] INFO  server.RaftServerConfigKeys (ConfUtils.java:logGet(44)) - raft.server.rpc.request.timeout = 3000ms (default)
2021-10-17 01:34:44,956 [omNode-2@group-523986131536->omNode-1-GrpcLogAppender-LogAppenderDaemon] INFO  server.RaftServerConfigKeys (ConfUtils.java:logGet(44)) - raft.server.log.appender.install.snapshot.enabled = false (custom)
2021-10-17 01:34:44,957 [omNode-2@group-523986131536->omNode-1-GrpcLogAppender-LogAppenderDaemon] INFO  server.GrpcLogAppender (GrpcLogAppender.java:installSnapshot(524)) - omNode-2@group-523986131536->omNode-1-GrpcLogAppender: followerNextIndex = 0 but logStartIndex = 21, notify follower to install snapshot-(t:3, i:21)
2021-10-17 01:34:44,958 [omNode-2@group-523986131536->omNode-1-GrpcLogAppender-LogAppenderDaemon] INFO  server.GrpcLogAppender (GrpcLogAppender.java:installSnapshot(532)) - omNode-2@group-523986131536->omNode-1-GrpcLogAppender: send omNode-2->omNode-1#0-t4,notify:(t:3, i:21)
2021-10-17 01:34:44,961 [grpc-default-executor-0] INFO  server.RaftServer$Division (RaftServerImpl.java:installSnapshot(1329)) - omNode-1@group-523986131536: receive installSnapshot: omNode-2->omNode-1#0-t4,notify:(t:3, i:21)
2021-10-17 01:34:44,961 [grpc-default-executor-0] INFO  server.RaftServer$Division (RaftServerImpl.java:notifyStateMachineToInstallSnapshot(1560)) - omNode-1@group-523986131536: StateMachine snapshotIndex is 20
2021-10-17 01:34:44,962 [omNode-2@group-523986131536-StateMachineUpdater] INFO  ratis.OzoneManagerStateMachine (OzoneManagerStateMachine.java:notifyConfigurationChanged(188)) - Received Configuration change notification from Ratis. New Peer list:
[id: "omNode-3"
address: "localhost:11188"
, id: "omNode-1"
address: "localhost:11176"
, id: "omNode-2"
address: "localhost:11182"
]
2021-10-17 01:34:44,962 [grpc-default-executor-0] INFO  server.RaftServer$Division (RaftServerImpl.java:installSnapshotImpl(1459)) - omNode-1@group-523986131536: set new configuration index: 23
configurationEntry {
  peers {
    id: "omNode-3"
    address: "localhost:11188"
  }
  peers {
    id: "omNode-1"
    address: "localhost:11176"
  }
  peers {
    id: "omNode-2"
    address: "localhost:11182"
  }
}
 from snapshot
2021-10-17 01:34:44,963 [grpc-default-executor-0] INFO  server.RaftServer$Division (ServerState.java:setRaftConf(387)) - omNode-1@group-523986131536: set configuration 23: [omNode-3|rpc:localhost:11188|admin:|client:|dataStream:|priority:0, omNode-1|rpc:localhost:11176|admin:|client:|dataStream:|priority:0, omNode-2|rpc:localhost:11182|admin:|client:|dataStream:|priority:0], old=null
2021-10-17 01:34:44,963 [grpc-default-executor-0] INFO  ratis.OzoneManagerStateMachine (OzoneManagerStateMachine.java:notifyConfigurationChanged(188)) - Received Configuration change notification from Ratis. New Peer list:
[id: "omNode-3"
address: "localhost:11188"
, id: "omNode-1"
address: "localhost:11176"
, id: "omNode-2"
address: "localhost:11182"
]
2021-10-17 01:34:44,963 [grpc-default-executor-0] INFO  server.RaftServer$Division (RaftServerImpl.java:installSnapshot(1340)) - omNode-1@group-523986131536: reply installSnapshot: omNode-2<-omNode-1#0:FAIL-t4,ALREADY_INSTALLED,snapshotIndex=20
2021-10-17 01:34:44,963 [grpc-default-executor-0] INFO  server.GrpcServerProtocolService (GrpcServerProtocolService.java:onCompleted(140)) - omNode-1: Completed INSTALL_SNAPSHOT, lastRequest: omNode-2->omNode-1#0-t4,notify:(t:3, i:21)
2021-10-17 01:34:44,963 [omNode-3@group-523986131536-StateMachineUpdater] INFO  ratis.OzoneManagerStateMachine (OzoneManagerStateMachine.java:notifyConfigurationChanged(188)) - Received Configuration change notification from Ratis. New Peer list:
[id: "omNode-3"
address: "localhost:11188"
, id: "omNode-1"
address: "localhost:11176"
, id: "omNode-2"
address: "localhost:11182"
]
2021-10-17 01:34:44,964 [grpc-default-executor-0] INFO  server.GrpcLogAppender (GrpcLogAppender.java:onNext(400)) - omNode-2@group-523986131536->omNode-1-InstallSnapshotResponseHandler: received the first reply omNode-2<-omNode-1#0:FAIL-t4,ALREADY_INSTALLED,snapshotIndex=20
2021-10-17 01:34:44,964 [grpc-default-executor-0] INFO  server.GrpcLogAppender (GrpcLogAppender.java:onNext(422)) - omNode-2@group-523986131536->omNode-1-InstallSnapshotResponseHandler: Already Installed Snapshot Index 20.
2021-10-17 01:34:44,964 [grpc-default-executor-0] INFO  leader.FollowerInfo (FollowerInfoImpl.java:lambda$new$0(46)) - omNode-2@group-523986131536->omNode-1: snapshotIndex: setUnconditionally 0 -> 20
2021-10-17 01:34:44,964 [grpc-default-executor-0] INFO  leader.FollowerInfo (FollowerInfoImpl.java:lambda$new$0(46)) - omNode-2@group-523986131536->omNode-1: matchIndex: setUnconditionally 0 -> 20
2021-10-17 01:34:44,964 [grpc-default-executor-0] INFO  leader.FollowerInfo (FollowerInfoImpl.java:lambda$new$0(46)) - omNode-2@group-523986131536->omNode-1: nextIndex: setUnconditionally 0 -> 21
2021-10-17 01:34:44,964 [grpc-default-executor-0] INFO  leader.FollowerInfo (FollowerInfoImpl.java:lambda$new$0(46)) - omNode-2@group-523986131536->omNode-1: nextIndex: updateToMax old=21, new=21, updated? false
2021-10-17 01:34:45,475 [grpc-default-executor-0] INFO  server.RaftServer$Division (RaftServerImpl.java:checkInconsistentAppendEntries(1319)) - omNode-1@group-523986131536: Failed appendEntries as previous log entry ((t:4, i:24)) is not found
2021-10-17 01:34:45,475 [grpc-default-executor-0] INFO  server.RaftServer$Division (RaftServerImpl.java:checkInconsistentAppendEntries(1285)) - omNode-1@group-523986131536: inconsistency entries. Reply:omNode-2<-omNode-1#52:FAIL-t4,INCONSISTENCY,nextIndex=21,followerCommit=20
2021-10-17 01:34:45,477 [grpc-default-executor-0] INFO  leader.FollowerInfo (FollowerInfoImpl.java:lambda$new$0(46)) - omNode-2@group-523986131536->omNode-1: nextIndex: updateUnconditionally 25 -> 21
2021-10-17 01:34:45,878 [Time-limited test] INFO  retry.RetryInvocationHandler (RetryInvocationHandler.java:log(411)) - com.google.protobuf.ServiceException: org.apache.hadoop.ipc.RemoteException(org.apache.hadoop.ozone.om.exceptions.OMNotLeaderException): OM:omNode-1 is not the leader. Could not determine the leader node.
	at org.apache.hadoop.ozone.om.ratis.utils.OzoneManagerRatisUtils.createNotLeaderException(OzoneManagerRatisUtils.java:465)
	at org.apache.hadoop.ozone.om.ratis.utils.OzoneManagerRatisUtils.checkLeaderStatus(OzoneManagerRatisUtils.java:451)
	at org.apache.hadoop.ozone.protocolPB.OzoneManagerProtocolServerSideTranslatorPB.checkLeaderStatus(OzoneManagerProtocolServerSideTranslatorPB.java:243)
	at org.apache.hadoop.ozone.protocolPB.OzoneManagerProtocolServerSideTranslatorPB.processRequest(OzoneManagerProtocolServerSideTranslatorPB.java:135)
	at org.apache.hadoop.hdds.server.OzoneProtocolMessageDispatcher.processRequest(OzoneProtocolMessageDispatcher.java:87)
	at org.apache.hadoop.ozone.protocolPB.OzoneManagerProtocolServerSideTranslatorPB.submitRequest(OzoneManagerProtocolServerSideTranslatorPB.java:123)
	at org.apache.hadoop.ozone.protocol.proto.OzoneManagerProtocolProtos$OzoneManagerService$2.callBlockingMethod(OzoneManagerProtocolProtos.java)
	at org.apache.hadoop.ipc.ProtobufRpcEngine$Server.processCall(ProtobufRpcEngine.java:466)
	at org.apache.hadoop.ipc.ProtobufRpcEngine2$Server$ProtoBufRpcInvoker.call(ProtobufRpcEngine2.java:574)
	at org.apache.hadoop.ipc.ProtobufRpcEngine2$Server$ProtoBufRpcInvoker.call(ProtobufRpcEngine2.java:552)
	at org.apache.hadoop.ipc.RPC$Server.call(RPC.java:1093)
	at org.apache.hadoop.ipc.Server$RpcCall.run(Server.java:1035)
	at org.apache.hadoop.ipc.Server$RpcCall.run(Server.java:963)
	at java.security.AccessController.doPrivileged(Native Method)
	at javax.security.auth.Subject.doAs(Subject.java:422)
	at org.apache.hadoop.security.UserGroupInformation.doAs(UserGroupInformation.java:1878)
	at org.apache.hadoop.ipc.Server$Handler.run(Server.java:2966)
, while invoking $Proxy52.submitRequest over nodeId=omNode-1,nodeAddress=127.0.0.1:11172 after 3 failover attempts. Trying to failover immediately.
2021-10-17 01:34:45,881 [grpc-default-executor-4] INFO  server.RaftServer$Division (RaftServerImpl.java:checkInconsistentAppendEntries(1319)) - omNode-1@group-523986131536: Failed appendEntries as previous log entry ((t:4, i:24)) is not found
2021-10-17 01:34:45,881 [grpc-default-executor-4] INFO  server.RaftServer$Division (RaftServerImpl.java:checkInconsistentAppendEntries(1285)) - omNode-1@group-523986131536: inconsistency entries. Reply:omNode-2<-omNode-1#93:FAIL-t4,INCONSISTENCY,nextIndex=21,followerCommit=20
2021-10-17 01:34:45,885 [grpc-default-executor-0] INFO  server.RaftServer$Division (RaftServerImpl.java:checkInconsistentAppendEntries(1319)) - omNode-1@group-523986131536: Failed appendEntries as previous log entry ((t:4, i:25)) is not found
2021-10-17 01:34:45,887 [grpc-default-executor-0] INFO  server.RaftServer$Division (RaftServerImpl.java:checkInconsistentAppendEntries(1285)) - omNode-1@group-523986131536: inconsistency entries. Reply:omNode-2<-omNode-1#94:FAIL-t4,INCONSISTENCY,nextIndex=21,followerCommit=20
2021-10-17 01:34:45,887 [OM StateMachine ApplyTransaction Thread - 0] INFO  upgrade.OMCancelPrepareRequest (OMCancelPrepareRequest.java:validateAndUpdateCache(55)) - OM omNode-2 Received cancel prepare request with log index 25
2021-10-17 01:34:45,887 [OM StateMachine ApplyTransaction Thread - 0] INFO  om.OzoneManagerPrepareState (OzoneManagerPrepareState.java:deletePrepareMarkerFile(271)) - Deleted prepare marker file: /home/runner/work/ozone/ozone/hadoop-ozone/integration-test/target/test-dir/MiniOzoneClusterImpl-e6b5673d-0e05-4a61-970a-b11d77d0bde6/omNode-2/current/prepareMarker
2021-10-17 01:34:45,887 [OM StateMachine ApplyTransaction Thread - 0] INFO  upgrade.OMCancelPrepareRequest (OMCancelPrepareRequest.java:validateAndUpdateCache(84)) - OM omNode-2 prepare state cancelled at log index 25. Returning response 
2021-10-17 01:34:45,893 [OM StateMachine ApplyTransaction Thread - 0] INFO  upgrade.OMCancelPrepareRequest (OMCancelPrepareRequest.java:validateAndUpdateCache(55)) - OM omNode-3 Received cancel prepare request with log index 25
2021-10-17 01:34:45,894 [OM StateMachine ApplyTransaction Thread - 0] INFO  om.OzoneManagerPrepareState (OzoneManagerPrepareState.java:deletePrepareMarkerFile(271)) - Deleted prepare marker file: /home/runner/work/ozone/ozone/hadoop-ozone/integration-test/target/test-dir/MiniOzoneClusterImpl-e6b5673d-0e05-4a61-970a-b11d77d0bde6/omNode-3/current/prepareMarker
2021-10-17 01:34:45,894 [OM StateMachine ApplyTransaction Thread - 0] INFO  upgrade.OMCancelPrepareRequest (OMCancelPrepareRequest.java:validateAndUpdateCache(84)) - OM omNode-3 prepare state cancelled at log index 25. Returning response 
2021-10-17 01:34:46,385 [grpc-default-executor-0] INFO  server.RaftServer$Division (RaftServerImpl.java:checkInconsistentAppendEntries(1319)) - omNode-1@group-523986131536: Failed appendEntries as previous log entry ((t:4, i:26)) is not found
2021-10-17 01:34:46,386 [grpc-default-executor-0] INFO  server.RaftServer$Division (RaftServerImpl.java:checkInconsistentAppendEntries(1285)) - omNode-1@group-523986131536: inconsistency entries. Reply:omNode-2<-omNode-1#145:FAIL-t4,INCONSISTENCY,nextIndex=21,followerCommit=20
2021-10-17 01:34:46,386 [grpc-default-executor-0] INFO  leader.FollowerInfo (FollowerInfoImpl.java:lambda$new$0(46)) - omNode-2@group-523986131536->omNode-1: nextIndex: updateUnconditionally 27 -> 21
2021-10-17 01:34:46,889 [grpc-default-executor-0] INFO  server.RaftServer$Division (RaftServerImpl.java:checkInconsistentAppendEntries(1319)) - omNode-1@group-523986131536: Failed appendEntries as previous log entry ((t:4, i:26)) is not found
2021-10-17 01:34:46,889 [grpc-default-executor-0] INFO  server.RaftServer$Division (RaftServerImpl.java:checkInconsistentAppendEntries(1285)) - omNode-1@group-523986131536: inconsistency entries. Reply:omNode-2<-omNode-1#196:FAIL-t4,INCONSISTENCY,nextIndex=21,followerCommit=20
2021-10-17 01:34:46,890 [grpc-default-executor-0] INFO  leader.FollowerInfo (FollowerInfoImpl.java:lambda$new$0(46)) - omNode-2@group-523986131536->omNode-1: nextIndex: updateUnconditionally 27 -> 21
2021-10-17 01:34:47,392 [grpc-default-executor-0] INFO  server.RaftServer$Division (RaftServerImpl.java:checkInconsistentAppendEntries(1319)) - omNode-1@group-523986131536: Failed appendEntries as previous log entry ((t:4, i:26)) is not found
2021-10-17 01:34:47,392 [grpc-default-executor-0] INFO  server.RaftServer$Division (RaftServerImpl.java:checkInconsistentAppendEntries(1285)) - omNode-1@group-523986131536: inconsistency entries. Reply:omNode-2<-omNode-1#247:FAIL-t4,INCONSISTENCY,nextIndex=21,followerCommit=20
2021-10-17 01:34:47,392 [grpc-default-executor-0] INFO  leader.FollowerInfo (FollowerInfoImpl.java:lambda$new$0(46)) - omNode-2@group-523986131536->omNode-1: nextIndex: updateUnconditionally 27 -> 21
2021-10-17 01:34:47,894 [grpc-default-executor-0] INFO  server.RaftServer$Division (RaftServerImpl.java:checkInconsistentAppendEntries(1319)) - omNode-1@group-523986131536: Failed appendEntries as previous log entry ((t:4, i:26)) is not found
2021-10-17 01:34:47,894 [grpc-default-executor-0] INFO  server.RaftServer$Division (RaftServerImpl.java:checkInconsistentAppendEntries(1285)) - omNode-1@group-523986131536: inconsistency entries. Reply:omNode-2<-omNode-1#298:FAIL-t4,INCONSISTENCY,nextIndex=21,followerCommit=20
2021-10-17 01:34:47,895 [grpc-default-executor-0] INFO  leader.FollowerInfo (FollowerInfoImpl.java:lambda$new$0(46)) - omNode-2@group-523986131536->omNode-1: nextIndex: updateUnconditionally 27 -> 21
2021-10-17 01:34:48,397 [grpc-default-executor-0] INFO  server.RaftServer$Division (RaftServerImpl.java:checkInconsistentAppendEntries(1319)) - omNode-1@group-523986131536: Failed appendEntries as previous log entry ((t:4, i:26)) is not found
2021-10-17 01:34:48,397 [grpc-default-executor-0] INFO  server.RaftServer$Division (RaftServerImpl.java:checkInconsistentAppendEntries(1285)) - omNode-1@group-523986131536: inconsistency entries. Reply:omNode-2<-omNode-1#349:FAIL-t4,INCONSISTENCY,nextIndex=21,followerCommit=20
2021-10-17 01:34:48,398 [grpc-default-executor-0] INFO  leader.FollowerInfo (FollowerInfoImpl.java:lambda$new$0(46)) - omNode-2@group-523986131536->omNode-1: nextIndex: updateUnconditionally 27 -> 21
2021-10-17 01:34:48,900 [grpc-default-executor-0] INFO  server.RaftServer$Division (RaftServerImpl.java:checkInconsistentAppendEntries(1319)) - omNode-1@group-523986131536: Failed appendEntries as previous log entry ((t:4, i:26)) is not found
2021-10-17 01:34:48,900 [grpc-default-executor-0] INFO  server.RaftServer$Division (RaftServerImpl.java:checkInconsistentAppendEntries(1285)) - omNode-1@group-523986131536: inconsistency entries. Reply:omNode-2<-omNode-1#400:FAIL-t4,INCONSISTENCY,nextIndex=21,followerCommit=20
2021-10-17 01:34:48,901 [grpc-default-executor-0] INFO  leader.FollowerInfo (FollowerInfoImpl.java:lambda$new$0(46)) - omNode-2@group-523986131536->omNode-1: nextIndex: updateUnconditionally 27 -> 21
2021-10-17 01:34:49,403 [grpc-default-executor-0] INFO  server.RaftServer$Division (RaftServerImpl.java:checkInconsistentAppendEntries(1319)) - omNode-1@group-523986131536: Failed appendEntries as previous log entry ((t:4, i:26)) is not found
2021-10-17 01:34:49,403 [grpc-default-executor-0] INFO  server.RaftServer$Division (RaftServerImpl.java:checkInconsistentAppendEntries(1285)) - omNode-1@group-523986131536: inconsistency entries. Reply:omNode-2<-omNode-1#451:FAIL-t4,INCONSISTENCY,nextIndex=21,followerCommit=20
2021-10-17 01:34:49,404 [grpc-default-executor-0] INFO  leader.FollowerInfo (FollowerInfoImpl.java:lambda$new$0(46)) - omNode-2@group-523986131536->omNode-1: nextIndex: updateUnconditionally 27 -> 21
2021-10-17 01:34:49,907 [grpc-default-executor-0] INFO  server.RaftServer$Division (RaftServerImpl.java:checkInconsistentAppendEntries(1319)) - omNode-1@group-523986131536: Failed appendEntries as previous log entry ((t:4, i:26)) is not found
2021-10-17 01:34:49,907 [grpc-default-executor-0] INFO  server.RaftServer$Division (RaftServerImpl.java:checkInconsistentAppendEntries(1285)) - omNode-1@group-523986131536: inconsistency entries. Reply:omNode-2<-omNode-1#502:FAIL-t4,INCONSISTENCY,nextIndex=21,followerCommit=20
2021-10-17 01:34:49,908 [grpc-default-executor-0] INFO  leader.FollowerInfo (FollowerInfoImpl.java:lambda$new$0(46)) - omNode-2@group-523986131536->omNode-1: nextIndex: updateUnconditionally 27 -> 21
2021-10-17 01:34:50,410 [grpc-default-executor-4] INFO  server.RaftServer$Division (RaftServerImpl.java:checkInconsistentAppendEntries(1319)) - omNode-1@group-523986131536: Failed appendEntries as previous log entry ((t:4, i:26)) is not found
2021-10-17 01:34:50,410 [grpc-default-executor-4] INFO  server.RaftServer$Division (RaftServerImpl.java:checkInconsistentAppendEntries(1285)) - omNode-1@group-523986131536: inconsistency entries. Reply:omNode-2<-omNode-1#553:FAIL-t4,INCONSISTENCY,nextIndex=21,followerCommit=20
2021-10-17 01:34:50,411 [grpc-default-executor-4] INFO  leader.FollowerInfo (FollowerInfoImpl.java:lambda$new$0(46)) - omNode-2@group-523986131536->omNode-1: nextIndex: updateUnconditionally 27 -> 21
2021-10-17 01:34:50,913 [grpc-default-executor-4] INFO  server.RaftServer$Division (RaftServerImpl.java:checkInconsistentAppendEntries(1319)) - omNode-1@group-523986131536: Failed appendEntries as previous log entry ((t:4, i:26)) is not found
2021-10-17 01:34:50,913 [grpc-default-executor-4] INFO  server.RaftServer$Division (RaftServerImpl.java:checkInconsistentAppendEntries(1285)) - omNode-1@group-523986131536: inconsistency entries. Reply:omNode-2<-omNode-1#604:FAIL-t4,INCONSISTENCY,nextIndex=21,followerCommit=20
2021-10-17 01:34:50,914 [grpc-default-executor-4] INFO  leader.FollowerInfo (FollowerInfoImpl.java:lambda$new$0(46)) - omNode-2@group-523986131536->omNode-1: nextIndex: updateUnconditionally 27 -> 21
2021-10-17 01:34:51,416 [grpc-default-executor-0] INFO  server.RaftServer$Division (RaftServerImpl.java:checkInconsistentAppendEntries(1319)) - omNode-1@group-523986131536: Failed appendEntries as previous log entry ((t:4, i:26)) is not found
2021-10-17 01:34:51,416 [grpc-default-executor-0] INFO  server.RaftServer$Division (RaftServerImpl.java:checkInconsistentAppendEntries(1285)) - omNode-1@group-523986131536: inconsistency entries. Reply:omNode-2<-omNode-1#655:FAIL-t4,INCONSISTENCY,nextIndex=21,followerCommit=20
2021-10-17 01:34:51,417 [grpc-default-executor-0] INFO  leader.FollowerInfo (FollowerInfoImpl.java:lambda$new$0(46)) - omNode-2@group-523986131536->omNode-1: nextIndex: updateUnconditionally 27 -> 21
2021-10-17 01:34:51,919 [grpc-default-executor-0] INFO  server.RaftServer$Division (RaftServerImpl.java:checkInconsistentAppendEntries(1319)) - omNode-1@group-523986131536: Failed appendEntries as previous log entry ((t:4, i:26)) is not found
2021-10-17 01:34:51,919 [grpc-default-executor-0] INFO  server.RaftServer$Division (RaftServerImpl.java:checkInconsistentAppendEntries(1285)) - omNode-1@group-523986131536: inconsistency entries. Reply:omNode-2<-omNode-1#706:FAIL-t4,INCONSISTENCY,nextIndex=21,followerCommit=20
2021-10-17 01:34:51,920 [grpc-default-executor-0] INFO  leader.FollowerInfo (FollowerInfoImpl.java:lambda$new$0(46)) - omNode-2@group-523986131536->omNode-1: nextIndex: updateUnconditionally 27 -> 21
2021-10-17 01:34:52,423 [grpc-default-executor-4] INFO  server.RaftServer$Division (RaftServerImpl.java:checkInconsistentAppendEntries(1319)) - omNode-1@group-523986131536: Failed appendEntries as previous log entry ((t:4, i:26)) is not found
2021-10-17 01:34:52,423 [grpc-default-executor-4] INFO  server.RaftServer$Division (RaftServerImpl.java:checkInconsistentAppendEntries(1285)) - omNode-1@group-523986131536: inconsistency entries. Reply:omNode-2<-omNode-1#757:FAIL-t4,INCONSISTENCY,nextIndex=21,followerCommit=20
2021-10-17 01:34:52,424 [grpc-default-executor-0] INFO  leader.FollowerInfo (FollowerInfoImpl.java:lambda$new$0(46)) - omNode-2@group-523986131536->omNode-1: nextIndex: updateUnconditionally 27 -> 21
2021-10-17 01:34:52,925 [grpc-default-executor-0] INFO  server.RaftServer$Division (RaftServerImpl.java:checkInconsistentAppendEntries(1319)) - omNode-1@group-523986131536: Failed appendEntries as previous log entry ((t:4, i:26)) is not found
2021-10-17 01:34:52,926 [grpc-default-executor-0] INFO  server.RaftServer$Division (RaftServerImpl.java:checkInconsistentAppendEntries(1285)) - omNode-1@group-523986131536: inconsistency entries. Reply:omNode-2<-omNode-1#808:FAIL-t4,INCONSISTENCY,nextIndex=21,followerCommit=20
2021-10-17 01:34:52,926 [grpc-default-executor-4] INFO  leader.FollowerInfo (FollowerInfoImpl.java:lambda$new$0(46)) - omNode-2@group-523986131536->omNode-1: nextIndex: updateUnconditionally 27 -> 21
2021-10-17 01:34:53,428 [grpc-default-executor-4] INFO  server.RaftServer$Division (RaftServerImpl.java:checkInconsistentAppendEntries(1319)) - omNode-1@group-523986131536: Failed appendEntries as previous log entry ((t:4, i:26)) is not found
2021-10-17 01:34:53,429 [grpc-default-executor-4] INFO  server.RaftServer$Division (RaftServerImpl.java:checkInconsistentAppendEntries(1285)) - omNode-1@group-523986131536: inconsistency entries. Reply:omNode-2<-omNode-1#859:FAIL-t4,INCONSISTENCY,nextIndex=21,followerCommit=20
2021-10-17 01:34:53,429 [grpc-default-executor-4] INFO  leader.FollowerInfo (FollowerInfoImpl.java:lambda$new$0(46)) - omNode-2@group-523986131536->omNode-1: nextIndex: updateUnconditionally 27 -> 21
2021-10-17 01:34:53,931 [grpc-default-executor-0] INFO  server.RaftServer$Division (RaftServerImpl.java:checkInconsistentAppendEntries(1319)) - omNode-1@group-523986131536: Failed appendEntries as previous log entry ((t:4, i:26)) is not found
2021-10-17 01:34:53,931 [grpc-default-executor-0] INFO  server.RaftServer$Division (RaftServerImpl.java:checkInconsistentAppendEntries(1285)) - omNode-1@group-523986131536: inconsistency entries. Reply:omNode-2<-omNode-1#910:FAIL-t4,INCONSISTENCY,nextIndex=21,followerCommit=20
2021-10-17 01:34:53,932 [grpc-default-executor-0] INFO  leader.FollowerInfo (FollowerInfoImpl.java:lambda$new$0(46)) - omNode-2@group-523986131536->omNode-1: nextIndex: updateUnconditionally 27 -> 21
2021-10-17 01:34:54,434 [grpc-default-executor-4] INFO  server.RaftServer$Division (RaftServerImpl.java:checkInconsistentAppendEntries(1319)) - omNode-1@group-523986131536: Failed appendEntries as previous log entry ((t:4, i:26)) is not found
2021-10-17 01:34:54,435 [grpc-default-executor-4] INFO  server.RaftServer$Division (RaftServerImpl.java:checkInconsistentAppendEntries(1285)) - omNode-1@group-523986131536: inconsistency entries. Reply:omNode-2<-omNode-1#961:FAIL-t4,INCONSISTENCY,nextIndex=21,followerCommit=20
2021-10-17 01:34:54,435 [grpc-default-executor-4] INFO  leader.FollowerInfo (FollowerInfoImpl.java:lambda$new$0(46)) - omNode-2@group-523986131536->omNode-1: nextIndex: updateUnconditionally 27 -> 21
2021-10-17 01:34:54,937 [grpc-default-executor-4] INFO  server.RaftServer$Division (RaftServerImpl.java:checkInconsistentAppendEntries(1319)) - omNode-1@group-523986131536: Failed appendEntries as previous log entry ((t:4, i:26)) is not found
2021-10-17 01:34:54,937 [grpc-default-executor-4] INFO  server.RaftServer$Division (RaftServerImpl.java:checkInconsistentAppendEntries(1285)) - omNode-1@group-523986131536: inconsistency entries. Reply:omNode-2<-omNode-1#1012:FAIL-t4,INCONSISTENCY,nextIndex=21,followerCommit=20
2021-10-17 01:34:54,938 [grpc-default-executor-4] INFO  leader.FollowerInfo (FollowerInfoImpl.java:lambda$new$0(46)) - omNode-2@group-523986131536->omNode-1: nextIndex: updateUnconditionally 27 -> 21
2021-10-17 01:34:55,440 [grpc-default-executor-4] INFO  server.RaftServer$Division (RaftServerImpl.java:checkInconsistentAppendEntries(1319)) - omNode-1@group-523986131536: Failed appendEntries as previous log entry ((t:4, i:26)) is not found
2021-10-17 01:34:55,440 [grpc-default-executor-4] INFO  server.RaftServer$Division (RaftServerImpl.java:checkInconsistentAppendEntries(1285)) - omNode-1@group-523986131536: inconsistency entries. Reply:omNode-2<-omNode-1#1063:FAIL-t4,INCONSISTENCY,nextIndex=21,followerCommit=20
2021-10-17 01:34:55,441 [grpc-default-executor-4] INFO  leader.FollowerInfo (FollowerInfoImpl.java:lambda$new$0(46)) - omNode-2@group-523986131536->omNode-1: nextIndex: updateUnconditionally 27 -> 21
2021-10-17 01:34:55,943 [grpc-default-executor-4] INFO  server.RaftServer$Division (RaftServerImpl.java:checkInconsistentAppendEntries(1319)) - omNode-1@group-523986131536: Failed appendEntries as previous log entry ((t:4, i:26)) is not found
2021-10-17 01:34:55,943 [grpc-default-executor-4] INFO  server.RaftServer$Division (RaftServerImpl.java:checkInconsistentAppendEntries(1285)) - omNode-1@group-523986131536: inconsistency entries. Reply:omNode-2<-omNode-1#1114:FAIL-t4,INCONSISTENCY,nextIndex=21,followerCommit=20
2021-10-17 01:34:55,944 [grpc-default-executor-4] INFO  leader.FollowerInfo (FollowerInfoImpl.java:lambda$new$0(46)) - omNode-2@group-523986131536->omNode-1: nextIndex: updateUnconditionally 27 -> 21
2021-10-17 01:34:56,446 [grpc-default-executor-3] INFO  server.RaftServer$Division (RaftServerImpl.java:checkInconsistentAppendEntries(1319)) - omNode-1@group-523986131536: Failed appendEntries as previous log entry ((t:4, i:26)) is not found
2021-10-17 01:34:56,447 [grpc-default-executor-3] INFO  server.RaftServer$Division (RaftServerImpl.java:checkInconsistentAppendEntries(1285)) - omNode-1@group-523986131536: inconsistency entries. Reply:omNode-2<-omNode-1#1165:FAIL-t4,INCONSISTENCY,nextIndex=21,followerCommit=20
2021-10-17 01:34:56,447 [grpc-default-executor-3] INFO  leader.FollowerInfo (FollowerInfoImpl.java:lambda$new$0(46)) - omNode-2@group-523986131536->omNode-1: nextIndex: updateUnconditionally 27 -> 21
2021-10-17 01:34:56,950 [grpc-default-executor-3] INFO  server.RaftServer$Division (RaftServerImpl.java:checkInconsistentAppendEntries(1319)) - omNode-1@group-523986131536: Failed appendEntries as previous log entry ((t:4, i:26)) is not found
2021-10-17 01:34:56,950 [grpc-default-executor-3] INFO  server.RaftServer$Division (RaftServerImpl.java:checkInconsistentAppendEntries(1285)) - omNode-1@group-523986131536: inconsistency entries. Reply:omNode-2<-omNode-1#1215:FAIL-t4,INCONSISTENCY,nextIndex=21,followerCommit=20
2021-10-17 01:34:56,951 [grpc-default-executor-3] INFO  leader.FollowerInfo (FollowerInfoImpl.java:lambda$new$0(46)) - omNode-2@group-523986131536->omNode-1: nextIndex: updateUnconditionally 27 -> 21
2021-10-17 01:34:57,452 [grpc-default-executor-3] INFO  server.RaftServer$Division (RaftServerImpl.java:checkInconsistentAppendEntries(1319)) - omNode-1@group-523986131536: Failed appendEntries as previous log entry ((t:4, i:26)) is not found
2021-10-17 01:34:57,453 [grpc-default-executor-3] INFO  server.RaftServer$Division (RaftServerImpl.java:checkInconsistentAppendEntries(1285)) - omNode-1@group-523986131536: inconsistency entries. Reply:omNode-2<-omNode-1#1266:FAIL-t4,INCONSISTENCY,nextIndex=21,followerCommit=20
2021-10-17 01:34:57,453 [grpc-default-executor-3] INFO  leader.FollowerInfo (FollowerInfoImpl.java:lambda$new$0(46)) - omNode-2@group-523986131536->omNode-1: nextIndex: updateUnconditionally 27 -> 21
2021-10-17 01:34:57,955 [grpc-default-executor-4] INFO  server.RaftServer$Division (RaftServerImpl.java:checkInconsistentAppendEntries(1319)) - omNode-1@group-523986131536: Failed appendEntries as previous log entry ((t:4, i:26)) is not found
2021-10-17 01:34:57,956 [grpc-default-executor-4] INFO  server.RaftServer$Division (RaftServerImpl.java:checkInconsistentAppendEntries(1285)) - omNode-1@group-523986131536: inconsistency entries. Reply:omNode-2<-omNode-1#1317:FAIL-t4,INCONSISTENCY,nextIndex=21,followerCommit=20
2021-10-17 01:34:57,956 [grpc-default-executor-4] INFO  leader.FollowerInfo (FollowerInfoImpl.java:lambda$new$0(46)) - omNode-2@group-523986131536->omNode-1: nextIndex: updateUnconditionally 27 -> 21
2021-10-17 01:34:58,459 [grpc-default-executor-3] INFO  server.RaftServer$Division (RaftServerImpl.java:checkInconsistentAppendEntries(1319)) - omNode-1@group-523986131536: Failed appendEntries as previous log entry ((t:4, i:26)) is not found
2021-10-17 01:34:58,459 [grpc-default-executor-3] INFO  server.RaftServer$Division (RaftServerImpl.java:checkInconsistentAppendEntries(1285)) - omNode-1@group-523986131536: inconsistency entries. Reply:omNode-2<-omNode-1#1368:FAIL-t4,INCONSISTENCY,nextIndex=21,followerCommit=20
2021-10-17 01:34:58,462 [grpc-default-executor-3] INFO  leader.FollowerInfo (FollowerInfoImpl.java:lambda$new$0(46)) - omNode-2@group-523986131536->omNode-1: nextIndex: updateUnconditionally 27 -> 21
2021-10-17 01:34:58,964 [grpc-default-executor-4] INFO  server.RaftServer$Division (RaftServerImpl.java:checkInconsistentAppendEntries(1319)) - omNode-1@group-523986131536: Failed appendEntries as previous log entry ((t:4, i:26)) is not found
2021-10-17 01:34:58,964 [grpc-default-executor-4] INFO  server.RaftServer$Division (RaftServerImpl.java:checkInconsistentAppendEntries(1285)) - omNode-1@group-523986131536: inconsistency entries. Reply:omNode-2<-omNode-1#1419:FAIL-t4,INCONSISTENCY,nextIndex=21,followerCommit=20
2021-10-17 01:34:58,965 [grpc-default-executor-4] INFO  leader.FollowerInfo (FollowerInfoImpl.java:lambda$new$0(46)) - omNode-2@group-523986131536->omNode-1: nextIndex: updateUnconditionally 27 -> 21
2021-10-17 01:34:59,467 [grpc-default-executor-3] INFO  server.RaftServer$Division (RaftServerImpl.java:checkInconsistentAppendEntries(1319)) - omNode-1@group-523986131536: Failed appendEntries as previous log entry ((t:4, i:26)) is not found
2021-10-17 01:34:59,468 [grpc-default-executor-3] INFO  server.RaftServer$Division (RaftServerImpl.java:checkInconsistentAppendEntries(1285)) - omNode-1@group-523986131536: inconsistency entries. Reply:omNode-2<-omNode-1#1470:FAIL-t4,INCONSISTENCY,nextIndex=21,followerCommit=20
2021-10-17 01:34:59,468 [grpc-default-executor-4] INFO  leader.FollowerInfo (FollowerInfoImpl.java:lambda$new$0(46)) - omNode-2@group-523986131536->omNode-1: nextIndex: updateUnconditionally 27 -> 21
2021-10-17 01:34:59,970 [grpc-default-executor-4] INFO  server.RaftServer$Division (RaftServerImpl.java:checkInconsistentAppendEntries(1319)) - omNode-1@group-523986131536: Failed appendEntries as previous log entry ((t:4, i:26)) is not found
2021-10-17 01:34:59,970 [grpc-default-executor-4] INFO  server.RaftServer$Division (RaftServerImpl.java:checkInconsistentAppendEntries(1285)) - omNode-1@group-523986131536: inconsistency entries. Reply:omNode-2<-omNode-1#1521:FAIL-t4,INCONSISTENCY,nextIndex=21,followerCommit=20
2021-10-17 01:34:59,970 [grpc-default-executor-3] INFO  leader.FollowerInfo (FollowerInfoImpl.java:lambda$new$0(46)) - omNode-2@group-523986131536->omNode-1: nextIndex: updateUnconditionally 27 -> 21
2021-10-17 01:35:00,473 [grpc-default-executor-3] INFO  server.RaftServer$Division (RaftServerImpl.java:checkInconsistentAppendEntries(1319)) - omNode-1@group-523986131536: Failed appendEntries as previous log entry ((t:4, i:26)) is not found
2021-10-17 01:35:00,473 [grpc-default-executor-3] INFO  server.RaftServer$Division (RaftServerImpl.java:checkInconsistentAppendEntries(1285)) - omNode-1@group-523986131536: inconsistency entries. Reply:omNode-2<-omNode-1#1572:FAIL-t4,INCONSISTENCY,nextIndex=21,followerCommit=20
2021-10-17 01:35:00,474 [grpc-default-executor-3] INFO  leader.FollowerInfo (FollowerInfoImpl.java:lambda$new$0(46)) - omNode-2@group-523986131536->omNode-1: nextIndex: updateUnconditionally 27 -> 21
2021-10-17 01:35:00,976 [grpc-default-executor-4] INFO  server.RaftServer$Division (RaftServerImpl.java:checkInconsistentAppendEntries(1319)) - omNode-1@group-523986131536: Failed appendEntries as previous log entry ((t:4, i:26)) is not found
2021-10-17 01:35:00,976 [grpc-default-executor-4] INFO  server.RaftServer$Division (RaftServerImpl.java:checkInconsistentAppendEntries(1285)) - omNode-1@group-523986131536: inconsistency entries. Reply:omNode-2<-omNode-1#1623:FAIL-t4,INCONSISTENCY,nextIndex=21,followerCommit=20
2021-10-17 01:35:00,977 [grpc-default-executor-4] INFO  leader.FollowerInfo (FollowerInfoImpl.java:lambda$new$0(46)) - omNode-2@group-523986131536->omNode-1: nextIndex: updateUnconditionally 27 -> 21
2021-10-17 01:35:01,478 [grpc-default-executor-4] INFO  server.RaftServer$Division (RaftServerImpl.java:checkInconsistentAppendEntries(1319)) - omNode-1@group-523986131536: Failed appendEntries as previous log entry ((t:4, i:26)) is not found
2021-10-17 01:35:01,479 [grpc-default-executor-4] INFO  server.RaftServer$Division (RaftServerImpl.java:checkInconsistentAppendEntries(1285)) - omNode-1@group-523986131536: inconsistency entries. Reply:omNode-2<-omNode-1#1674:FAIL-t4,INCONSISTENCY,nextIndex=21,followerCommit=20
2021-10-17 01:35:01,479 [grpc-default-executor-4] INFO  leader.FollowerInfo (FollowerInfoImpl.java:lambda$new$0(46)) - omNode-2@group-523986131536->omNode-1: nextIndex: updateUnconditionally 27 -> 21
2021-10-17 01:35:01,980 [grpc-default-executor-4] INFO  server.RaftServer$Division (RaftServerImpl.java:checkInconsistentAppendEntries(1319)) - omNode-1@group-523986131536: Failed appendEntries as previous log entry ((t:4, i:26)) is not found
2021-10-17 01:35:01,981 [grpc-default-executor-4] INFO  server.RaftServer$Division (RaftServerImpl.java:checkInconsistentAppendEntries(1285)) - omNode-1@group-523986131536: inconsistency entries. Reply:omNode-2<-omNode-1#1725:FAIL-t4,INCONSISTENCY,nextIndex=21,followerCommit=20
2021-10-17 01:35:01,981 [grpc-default-executor-4] INFO  leader.FollowerInfo (FollowerInfoImpl.java:lambda$new$0(46)) - omNode-2@group-523986131536->omNode-1: nextIndex: updateUnconditionally 27 -> 21
2021-10-17 01:35:02,483 [grpc-default-executor-4] INFO  server.RaftServer$Division (RaftServerImpl.java:checkInconsistentAppendEntries(1319)) - omNode-1@group-523986131536: Failed appendEntries as previous log entry ((t:4, i:26)) is not found
2021-10-17 01:35:02,483 [grpc-default-executor-4] INFO  server.RaftServer$Division (RaftServerImpl.java:checkInconsistentAppendEntries(1285)) - omNode-1@group-523986131536: inconsistency entries. Reply:omNode-2<-omNode-1#1776:FAIL-t4,INCONSISTENCY,nextIndex=21,followerCommit=20
2021-10-17 01:35:02,484 [grpc-default-executor-4] INFO  leader.FollowerInfo (FollowerInfoImpl.java:lambda$new$0(46)) - omNode-2@group-523986131536->omNode-1: nextIndex: updateUnconditionally 27 -> 21
2021-10-17 01:35:02,986 [grpc-default-executor-4] INFO  server.RaftServer$Division (RaftServerImpl.java:checkInconsistentAppendEntries(1319)) - omNode-1@group-523986131536: Failed appendEntries as previous log entry ((t:4, i:26)) is not found
2021-10-17 01:35:02,986 [grpc-default-executor-4] INFO  server.RaftServer$Division (RaftServerImpl.java:checkInconsistentAppendEntries(1285)) - omNode-1@group-523986131536: inconsistency entries. Reply:omNode-2<-omNode-1#1827:FAIL-t4,INCONSISTENCY,nextIndex=21,followerCommit=20
2021-10-17 01:35:02,986 [grpc-default-executor-4] INFO  leader.FollowerInfo (FollowerInfoImpl.java:lambda$new$0(46)) - omNode-2@group-523986131536->omNode-1: nextIndex: updateUnconditionally 27 -> 21
2021-10-17 01:35:03,488 [grpc-default-executor-3] INFO  server.RaftServer$Division (RaftServerImpl.java:checkInconsistentAppendEntries(1319)) - omNode-1@group-523986131536: Failed appendEntries as previous log entry ((t:4, i:26)) is not found
2021-10-17 01:35:03,488 [grpc-default-executor-3] INFO  server.RaftServer$Division (RaftServerImpl.java:checkInconsistentAppendEntries(1285)) - omNode-1@group-523986131536: inconsistency entries. Reply:omNode-2<-omNode-1#1878:FAIL-t4,INCONSISTENCY,nextIndex=21,followerCommit=20
2021-10-17 01:35:03,489 [grpc-default-executor-3] INFO  leader.FollowerInfo (FollowerInfoImpl.java:lambda$new$0(46)) - omNode-2@group-523986131536->omNode-1: nextIndex: updateUnconditionally 27 -> 21
2021-10-17 01:35:03,991 [grpc-default-executor-3] INFO  server.RaftServer$Division (RaftServerImpl.java:checkInconsistentAppendEntries(1319)) - omNode-1@group-523986131536: Failed appendEntries as previous log entry ((t:4, i:26)) is not found
2021-10-17 01:35:03,991 [grpc-default-executor-3] INFO  server.RaftServer$Division (RaftServerImpl.java:checkInconsistentAppendEntries(1285)) - omNode-1@group-523986131536: inconsistency entries. Reply:omNode-2<-omNode-1#1929:FAIL-t4,INCONSISTENCY,nextIndex=21,followerCommit=20
2021-10-17 01:35:03,992 [grpc-default-executor-3] INFO  leader.FollowerInfo (FollowerInfoImpl.java:lambda$new$0(46)) - omNode-2@group-523986131536->omNode-1: nextIndex: updateUnconditionally 27 -> 21
2021-10-17 01:35:04,495 [grpc-default-executor-4] INFO  server.RaftServer$Division (RaftServerImpl.java:checkInconsistentAppendEntries(1319)) - omNode-1@group-523986131536: Failed appendEntries as previous log entry ((t:4, i:26)) is not found
2021-10-17 01:35:04,495 [grpc-default-executor-4] INFO  server.RaftServer$Division (RaftServerImpl.java:checkInconsistentAppendEntries(1285)) - omNode-1@group-523986131536: inconsistency entries. Reply:omNode-2<-omNode-1#1980:FAIL-t4,INCONSISTENCY,nextIndex=21,followerCommit=20
2021-10-17 01:35:04,496 [grpc-default-executor-3] INFO  leader.FollowerInfo (FollowerInfoImpl.java:lambda$new$0(46)) - omNode-2@group-523986131536->omNode-1: nextIndex: updateUnconditionally 27 -> 21
2021-10-17 01:35:04,997 [grpc-default-executor-3] INFO  server.RaftServer$Division (RaftServerImpl.java:checkInconsistentAppendEntries(1319)) - omNode-1@group-523986131536: Failed appendEntries as previous log entry ((t:4, i:26)) is not found
2021-10-17 01:35:04,998 [grpc-default-executor-3] INFO  server.RaftServer$Division (RaftServerImpl.java:checkInconsistentAppendEntries(1285)) - omNode-1@group-523986131536: inconsistency entries. Reply:omNode-2<-omNode-1#2031:FAIL-t4,INCONSISTENCY,nextIndex=21,followerCommit=20
2021-10-17 01:35:04,998 [grpc-default-executor-3] INFO  leader.FollowerInfo (FollowerInfoImpl.java:lambda$new$0(46)) - omNode-2@group-523986131536->omNode-1: nextIndex: updateUnconditionally 27 -> 21
2021-10-17 01:35:05,500 [grpc-default-executor-3] INFO  server.RaftServer$Division (RaftServerImpl.java:checkInconsistentAppendEntries(1319)) - omNode-1@group-523986131536: Failed appendEntries as previous log entry ((t:4, i:26)) is not found
2021-10-17 01:35:05,501 [grpc-default-executor-3] INFO  server.RaftServer$Division (RaftServerImpl.java:checkInconsistentAppendEntries(1285)) - omNode-1@group-523986131536: inconsistency entries. Reply:omNode-2<-omNode-1#2082:FAIL-t4,INCONSISTENCY,nextIndex=21,followerCommit=20
2021-10-17 01:35:05,504 [grpc-default-executor-4] INFO  leader.FollowerInfo (FollowerInfoImpl.java:lambda$new$0(46)) - omNode-2@group-523986131536->omNode-1: nextIndex: updateUnconditionally 27 -> 21
2021-10-17 01:35:06,006 [grpc-default-executor-3] INFO  server.RaftServer$Division (RaftServerImpl.java:checkInconsistentAppendEntries(1319)) - omNode-1@group-523986131536: Failed appendEntries as previous log entry ((t:4, i:26)) is not found
2021-10-17 01:35:06,006 [grpc-default-executor-3] INFO  server.RaftServer$Division (RaftServerImpl.java:checkInconsistentAppendEntries(1285)) - omNode-1@group-523986131536: inconsistency entries. Reply:omNode-2<-omNode-1#2133:FAIL-t4,INCONSISTENCY,nextIndex=21,followerCommit=20
2021-10-17 01:35:06,007 [grpc-default-executor-3] INFO  leader.FollowerInfo (FollowerInfoImpl.java:lambda$new$0(46)) - omNode-2@group-523986131536->omNode-1: nextIndex: updateUnconditionally 27 -> 21
2021-10-17 01:35:06,511 [grpc-default-executor-0] INFO  server.RaftServer$Division (RaftServerImpl.java:checkInconsistentAppendEntries(1319)) - omNode-1@group-523986131536: Failed appendEntries as previous log entry ((t:4, i:26)) is not found
2021-10-17 01:35:06,511 [grpc-default-executor-0] INFO  server.RaftServer$Division (RaftServerImpl.java:checkInconsistentAppendEntries(1285)) - omNode-1@group-523986131536: inconsistency entries. Reply:omNode-2<-omNode-1#2184:FAIL-t4,INCONSISTENCY,nextIndex=21,followerCommit=20
2021-10-17 01:35:06,511 [grpc-default-executor-0] INFO  leader.FollowerInfo (FollowerInfoImpl.java:lambda$new$0(46)) - omNode-2@group-523986131536->omNode-1: nextIndex: updateUnconditionally 27 -> 21
2021-10-17 01:35:07,013 [grpc-default-executor-3] INFO  server.RaftServer$Division (RaftServerImpl.java:checkInconsistentAppendEntries(1319)) - omNode-1@group-523986131536: Failed appendEntries as previous log entry ((t:4, i:26)) is not found
2021-10-17 01:35:07,013 [grpc-default-executor-3] INFO  server.RaftServer$Division (RaftServerImpl.java:checkInconsistentAppendEntries(1285)) - omNode-1@group-523986131536: inconsistency entries. Reply:omNode-2<-omNode-1#2235:FAIL-t4,INCONSISTENCY,nextIndex=21,followerCommit=20
2021-10-17 01:35:07,014 [grpc-default-executor-3] INFO  leader.FollowerInfo (FollowerInfoImpl.java:lambda$new$0(46)) - omNode-2@group-523986131536->omNode-1: nextIndex: updateUnconditionally 27 -> 21
2021-10-17 01:35:07,516 [grpc-default-executor-0] INFO  server.RaftServer$Division (RaftServerImpl.java:checkInconsistentAppendEntries(1319)) - omNode-1@group-523986131536: Failed appendEntries as previous log entry ((t:4, i:26)) is not found
2021-10-17 01:35:07,516 [grpc-default-executor-0] INFO  server.RaftServer$Division (RaftServerImpl.java:checkInconsistentAppendEntries(1285)) - omNode-1@group-523986131536: inconsistency entries. Reply:omNode-2<-omNode-1#2286:FAIL-t4,INCONSISTENCY,nextIndex=21,followerCommit=20
2021-10-17 01:35:07,516 [grpc-default-executor-0] INFO  leader.FollowerInfo (FollowerInfoImpl.java:lambda$new$0(46)) - omNode-2@group-523986131536->omNode-1: nextIndex: updateUnconditionally 27 -> 21
2021-10-17 01:35:08,019 [grpc-default-executor-0] INFO  server.RaftServer$Division (RaftServerImpl.java:checkInconsistentAppendEntries(1319)) - omNode-1@group-523986131536: Failed appendEntries as previous log entry ((t:4, i:26)) is not found
2021-10-17 01:35:08,019 [grpc-default-executor-0] INFO  server.RaftServer$Division (RaftServerImpl.java:checkInconsistentAppendEntries(1285)) - omNode-1@group-523986131536: inconsistency entries. Reply:omNode-2<-omNode-1#2337:FAIL-t4,INCONSISTENCY,nextIndex=21,followerCommit=20
2021-10-17 01:35:08,019 [grpc-default-executor-0] INFO  leader.FollowerInfo (FollowerInfoImpl.java:lambda$new$0(46)) - omNode-2@group-523986131536->omNode-1: nextIndex: updateUnconditionally 27 -> 21
2021-10-17 01:35:08,521 [grpc-default-executor-0] INFO  server.RaftServer$Division (RaftServerImpl.java:checkInconsistentAppendEntries(1319)) - omNode-1@group-523986131536: Failed appendEntries as previous log entry ((t:4, i:26)) is not found
2021-10-17 01:35:08,521 [grpc-default-executor-0] INFO  server.RaftServer$Division (RaftServerImpl.java:checkInconsistentAppendEntries(1285)) - omNode-1@group-523986131536: inconsistency entries. Reply:omNode-2<-omNode-1#2388:FAIL-t4,INCONSISTENCY,nextIndex=21,followerCommit=20
2021-10-17 01:35:08,523 [grpc-default-executor-0] INFO  leader.FollowerInfo (FollowerInfoImpl.java:lambda$new$0(46)) - omNode-2@group-523986131536->omNode-1: nextIndex: updateUnconditionally 27 -> 21
2021-10-17 01:35:09,024 [grpc-default-executor-0] INFO  server.RaftServer$Division (RaftServerImpl.java:checkInconsistentAppendEntries(1319)) - omNode-1@group-523986131536: Failed appendEntries as previous log entry ((t:4, i:26)) is not found
2021-10-17 01:35:09,024 [grpc-default-executor-0] INFO  server.RaftServer$Division (RaftServerImpl.java:checkInconsistentAppendEntries(1285)) - omNode-1@group-523986131536: inconsistency entries. Reply:omNode-2<-omNode-1#2439:FAIL-t4,INCONSISTENCY,nextIndex=21,followerCommit=20
2021-10-17 01:35:09,025 [grpc-default-executor-3] INFO  leader.FollowerInfo (FollowerInfoImpl.java:lambda$new$0(46)) - omNode-2@group-523986131536->omNode-1: nextIndex: updateUnconditionally 27 -> 21
2021-10-17 01:35:09,526 [grpc-default-executor-0] INFO  server.RaftServer$Division (RaftServerImpl.java:checkInconsistentAppendEntries(1319)) - omNode-1@group-523986131536: Failed appendEntries as previous log entry ((t:4, i:26)) is not found
2021-10-17 01:35:09,527 [grpc-default-executor-0] INFO  server.RaftServer$Division (RaftServerImpl.java:checkInconsistentAppendEntries(1285)) - omNode-1@group-523986131536: inconsistency entries. Reply:omNode-2<-omNode-1#2490:FAIL-t4,INCONSISTENCY,nextIndex=21,followerCommit=20
2021-10-17 01:35:09,527 [grpc-default-executor-0] INFO  leader.FollowerInfo (FollowerInfoImpl.java:lambda$new$0(46)) - omNode-2@group-523986131536->omNode-1: nextIndex: updateUnconditionally 27 -> 21
2021-10-17 01:35:10,029 [grpc-default-executor-3] INFO  server.RaftServer$Division (RaftServerImpl.java:checkInconsistentAppendEntries(1319)) - omNode-1@group-523986131536: Failed appendEntries as previous log entry ((t:4, i:26)) is not found
2021-10-17 01:35:10,030 [grpc-default-executor-3] INFO  server.RaftServer$Division (RaftServerImpl.java:checkInconsistentAppendEntries(1285)) - omNode-1@group-523986131536: inconsistency entries. Reply:omNode-2<-omNode-1#2541:FAIL-t4,INCONSISTENCY,nextIndex=21,followerCommit=20
2021-10-17 01:35:10,030 [grpc-default-executor-3] INFO  leader.FollowerInfo (FollowerInfoImpl.java:lambda$new$0(46)) - omNode-2@group-523986131536->omNode-1: nextIndex: updateUnconditionally 27 -> 21
2021-10-17 01:35:10,532 [grpc-default-executor-3] INFO  server.RaftServer$Division (RaftServerImpl.java:checkInconsistentAppendEntries(1319)) - omNode-1@group-523986131536: Failed appendEntries as previous log entry ((t:4, i:26)) is not found
2021-10-17 01:35:10,533 [grpc-default-executor-3] INFO  server.RaftServer$Division (RaftServerImpl.java:checkInconsistentAppendEntries(1285)) - omNode-1@group-523986131536: inconsistency entries. Reply:omNode-2<-omNode-1#2592:FAIL-t4,INCONSISTENCY,nextIndex=21,followerCommit=20
2021-10-17 01:35:10,533 [grpc-default-executor-0] INFO  leader.FollowerInfo (FollowerInfoImpl.java:lambda$new$0(46)) - omNode-2@group-523986131536->omNode-1: nextIndex: updateUnconditionally 27 -> 21
2021-10-17 01:35:11,037 [grpc-default-executor-3] INFO  server.RaftServer$Division (RaftServerImpl.java:checkInconsistentAppendEntries(1319)) - omNode-1@group-523986131536: Failed appendEntries as previous log entry ((t:4, i:26)) is not found
2021-10-17 01:35:11,038 [grpc-default-executor-3] INFO  server.RaftServer$Division (RaftServerImpl.java:checkInconsistentAppendEntries(1285)) - omNode-1@group-523986131536: inconsistency entries. Reply:omNode-2<-omNode-1#2643:FAIL-t4,INCONSISTENCY,nextIndex=21,followerCommit=20
2021-10-17 01:35:11,038 [grpc-default-executor-3] INFO  leader.FollowerInfo (FollowerInfoImpl.java:lambda$new$0(46)) - omNode-2@group-523986131536->omNode-1: nextIndex: updateUnconditionally 27 -> 21
2021-10-17 01:35:11,541 [grpc-default-executor-3] INFO  server.RaftServer$Division (RaftServerImpl.java:checkInconsistentAppendEntries(1319)) - omNode-1@group-523986131536: Failed appendEntries as previous log entry ((t:4, i:26)) is not found
2021-10-17 01:35:11,541 [grpc-default-executor-3] INFO  server.RaftServer$Division (RaftServerImpl.java:checkInconsistentAppendEntries(1285)) - omNode-1@group-523986131536: inconsistency entries. Reply:omNode-2<-omNode-1#2694:FAIL-t4,INCONSISTENCY,nextIndex=21,followerCommit=20
2021-10-17 01:35:11,541 [grpc-default-executor-3] INFO  leader.FollowerInfo (FollowerInfoImpl.java:lambda$new$0(46)) - omNode-2@group-523986131536->omNode-1: nextIndex: updateUnconditionally 27 -> 21
2021-10-17 01:35:12,043 [grpc-default-executor-0] INFO  server.RaftServer$Division (RaftServerImpl.java:checkInconsistentAppendEntries(1319)) - omNode-1@group-523986131536: Failed appendEntries as previous log entry ((t:4, i:26)) is not found
2021-10-17 01:35:12,043 [grpc-default-executor-0] INFO  server.RaftServer$Division (RaftServerImpl.java:checkInconsistentAppendEntries(1285)) - omNode-1@group-523986131536: inconsistency entries. Reply:omNode-2<-omNode-1#2745:FAIL-t4,INCONSISTENCY,nextIndex=21,followerCommit=20
2021-10-17 01:35:12,044 [grpc-default-executor-3] INFO  leader.FollowerInfo (FollowerInfoImpl.java:lambda$new$0(46)) - omNode-2@group-523986131536->omNode-1: nextIndex: updateUnconditionally 27 -> 21
2021-10-17 01:35:12,546 [grpc-default-executor-3] INFO  server.RaftServer$Division (RaftServerImpl.java:checkInconsistentAppendEntries(1319)) - omNode-1@group-523986131536: Failed appendEntries as previous log entry ((t:4, i:26)) is not found
2021-10-17 01:35:12,546 [grpc-default-executor-3] INFO  server.RaftServer$Division (RaftServerImpl.java:checkInconsistentAppendEntries(1285)) - omNode-1@group-523986131536: inconsistency entries. Reply:omNode-2<-omNode-1#2796:FAIL-t4,INCONSISTENCY,nextIndex=21,followerCommit=20
2021-10-17 01:35:12,547 [grpc-default-executor-0] INFO  leader.FollowerInfo (FollowerInfoImpl.java:lambda$new$0(46)) - omNode-2@group-523986131536->omNode-1: nextIndex: updateUnconditionally 27 -> 21
2021-10-17 01:35:13,051 [grpc-default-executor-0] INFO  server.RaftServer$Division (RaftServerImpl.java:checkInconsistentAppendEntries(1319)) - omNode-1@group-523986131536: Failed appendEntries as previous log entry ((t:4, i:26)) is not found
2021-10-17 01:35:13,051 [grpc-default-executor-0] INFO  server.RaftServer$Division (RaftServerImpl.java:checkInconsistentAppendEntries(1285)) - omNode-1@group-523986131536: inconsistency entries. Reply:omNode-2<-omNode-1#2847:FAIL-t4,INCONSISTENCY,nextIndex=21,followerCommit=20
2021-10-17 01:35:13,052 [grpc-default-executor-0] INFO  leader.FollowerInfo (FollowerInfoImpl.java:lambda$new$0(46)) - omNode-2@group-523986131536->omNode-1: nextIndex: updateUnconditionally 27 -> 21
2021-10-17 01:35:13,553 [grpc-default-executor-0] INFO  server.RaftServer$Division (RaftServerImpl.java:checkInconsistentAppendEntries(1319)) - omNode-1@group-523986131536: Failed appendEntries as previous log entry ((t:4, i:26)) is not found
2021-10-17 01:35:13,553 [grpc-default-executor-0] INFO  server.RaftServer$Division (RaftServerImpl.java:checkInconsistentAppendEntries(1285)) - omNode-1@group-523986131536: inconsistency entries. Reply:omNode-2<-omNode-1#2898:FAIL-t4,INCONSISTENCY,nextIndex=21,followerCommit=20
2021-10-17 01:35:13,553 [grpc-default-executor-0] INFO  leader.FollowerInfo (FollowerInfoImpl.java:lambda$new$0(46)) - omNode-2@group-523986131536->omNode-1: nextIndex: updateUnconditionally 27 -> 21
2021-10-17 01:35:14,054 [grpc-default-executor-0] INFO  server.RaftServer$Division (RaftServerImpl.java:checkInconsistentAppendEntries(1319)) - omNode-1@group-523986131536: Failed appendEntries as previous log entry ((t:4, i:26)) is not found
2021-10-17 01:35:14,055 [grpc-default-executor-0] INFO  server.RaftServer$Division (RaftServerImpl.java:checkInconsistentAppendEntries(1285)) - omNode-1@group-523986131536: inconsistency entries. Reply:omNode-2<-omNode-1#2949:FAIL-t4,INCONSISTENCY,nextIndex=21,followerCommit=20
2021-10-17 01:35:14,055 [grpc-default-executor-0] INFO  leader.FollowerInfo (FollowerInfoImpl.java:lambda$new$0(46)) - omNode-2@group-523986131536->omNode-1: nextIndex: updateUnconditionally 27 -> 21
2021-10-17 01:35:14,556 [grpc-default-executor-3] INFO  server.RaftServer$Division (RaftServerImpl.java:checkInconsistentAppendEntries(1319)) - omNode-1@group-523986131536: Failed appendEntries as previous log entry ((t:4, i:26)) is not found
2021-10-17 01:35:14,556 [grpc-default-executor-3] INFO  server.RaftServer$Division (RaftServerImpl.java:checkInconsistentAppendEntries(1285)) - omNode-1@group-523986131536: inconsistency entries. Reply:omNode-2<-omNode-1#3000:FAIL-t4,INCONSISTENCY,nextIndex=21,followerCommit=20
2021-10-17 01:35:14,557 [grpc-default-executor-0] INFO  leader.FollowerInfo (FollowerInfoImpl.java:lambda$new$0(46)) - omNode-2@group-523986131536->omNode-1: nextIndex: updateUnconditionally 27 -> 21
2021-10-17 01:35:15,059 [grpc-default-executor-0] INFO  server.RaftServer$Division (RaftServerImpl.java:checkInconsistentAppendEntries(1319)) - omNode-1@group-523986131536: Failed appendEntries as previous log entry ((t:4, i:26)) is not found
2021-10-17 01:35:15,059 [grpc-default-executor-0] INFO  server.RaftServer$Division (RaftServerImpl.java:checkInconsistentAppendEntries(1285)) - omNode-1@group-523986131536: inconsistency entries. Reply:omNode-2<-omNode-1#3051:FAIL-t4,INCONSISTENCY,nextIndex=21,followerCommit=20
2021-10-17 01:35:15,059 [grpc-default-executor-3] INFO  leader.FollowerInfo (FollowerInfoImpl.java:lambda$new$0(46)) - omNode-2@group-523986131536->omNode-1: nextIndex: updateUnconditionally 27 -> 21
2021-10-17 01:35:15,562 [grpc-default-executor-3] INFO  server.RaftServer$Division (RaftServerImpl.java:checkInconsistentAppendEntries(1319)) - omNode-1@group-523986131536: Failed appendEntries as previous log entry ((t:4, i:26)) is not found
2021-10-17 01:35:15,562 [grpc-default-executor-3] INFO  server.RaftServer$Division (RaftServerImpl.java:checkInconsistentAppendEntries(1285)) - omNode-1@group-523986131536: inconsistency entries. Reply:omNode-2<-omNode-1#3102:FAIL-t4,INCONSISTENCY,nextIndex=21,followerCommit=20
2021-10-17 01:35:15,563 [grpc-default-executor-3] INFO  leader.FollowerInfo (FollowerInfoImpl.java:lambda$new$0(46)) - omNode-2@group-523986131536->omNode-1: nextIndex: updateUnconditionally 27 -> 21
2021-10-17 01:35:16,065 [grpc-default-executor-0] INFO  server.RaftServer$Division (RaftServerImpl.java:checkInconsistentAppendEntries(1319)) - omNode-1@group-523986131536: Failed appendEntries as previous log entry ((t:4, i:26)) is not found
2021-10-17 01:35:16,065 [grpc-default-executor-0] INFO  server.RaftServer$Division (RaftServerImpl.java:checkInconsistentAppendEntries(1285)) - omNode-1@group-523986131536: inconsistency entries. Reply:omNode-2<-omNode-1#3153:FAIL-t4,INCONSISTENCY,nextIndex=21,followerCommit=20
2021-10-17 01:35:16,066 [grpc-default-executor-0] INFO  leader.FollowerInfo (FollowerInfoImpl.java:lambda$new$0(46)) - omNode-2@group-523986131536->omNode-1: nextIndex: updateUnconditionally 27 -> 21
2021-10-17 01:35:16,567 [grpc-default-executor-3] INFO  server.RaftServer$Division (RaftServerImpl.java:checkInconsistentAppendEntries(1319)) - omNode-1@group-523986131536: Failed appendEntries as previous log entry ((t:4, i:26)) is not found
2021-10-17 01:35:16,567 [grpc-default-executor-3] INFO  server.RaftServer$Division (RaftServerImpl.java:checkInconsistentAppendEntries(1285)) - omNode-1@group-523986131536: inconsistency entries. Reply:omNode-2<-omNode-1#3204:FAIL-t4,INCONSISTENCY,nextIndex=21,followerCommit=20
2021-10-17 01:35:16,568 [grpc-default-executor-3] INFO  leader.FollowerInfo (FollowerInfoImpl.java:lambda$new$0(46)) - omNode-2@group-523986131536->omNode-1: nextIndex: updateUnconditionally 27 -> 21
2021-10-17 01:35:17,070 [grpc-default-executor-3] INFO  server.RaftServer$Division (RaftServerImpl.java:checkInconsistentAppendEntries(1319)) - omNode-1@group-523986131536: Failed appendEntries as previous log entry ((t:4, i:26)) is not found
2021-10-17 01:35:17,070 [grpc-default-executor-3] INFO  server.RaftServer$Division (RaftServerImpl.java:checkInconsistentAppendEntries(1285)) - omNode-1@group-523986131536: inconsistency entries. Reply:omNode-2<-omNode-1#3253:FAIL-t4,INCONSISTENCY,nextIndex=21,followerCommit=20
2021-10-17 01:35:17,070 [grpc-default-executor-3] INFO  leader.FollowerInfo (FollowerInfoImpl.java:lambda$new$0(46)) - omNode-2@group-523986131536->omNode-1: nextIndex: updateUnconditionally 27 -> 21
2021-10-17 01:35:17,572 [grpc-default-executor-0] INFO  server.RaftServer$Division (RaftServerImpl.java:checkInconsistentAppendEntries(1319)) - omNode-1@group-523986131536: Failed appendEntries as previous log entry ((t:4, i:26)) is not found
2021-10-17 01:35:17,572 [grpc-default-executor-0] INFO  server.RaftServer$Division (RaftServerImpl.java:checkInconsistentAppendEntries(1285)) - omNode-1@group-523986131536: inconsistency entries. Reply:omNode-2<-omNode-1#3304:FAIL-t4,INCONSISTENCY,nextIndex=21,followerCommit=20
2021-10-17 01:35:17,573 [grpc-default-executor-0] INFO  leader.FollowerInfo (FollowerInfoImpl.java:lambda$new$0(46)) - omNode-2@group-523986131536->omNode-1: nextIndex: updateUnconditionally 27 -> 21
2021-10-17 01:35:18,075 [grpc-default-executor-0] INFO  server.RaftServer$Division (RaftServerImpl.java:checkInconsistentAppendEntries(1319)) - omNode-1@group-523986131536: Failed appendEntries as previous log entry ((t:4, i:26)) is not found
2021-10-17 01:35:18,076 [grpc-default-executor-0] INFO  server.RaftServer$Division (RaftServerImpl.java:checkInconsistentAppendEntries(1285)) - omNode-1@group-523986131536: inconsistency entries. Reply:omNode-2<-omNode-1#3355:FAIL-t4,INCONSISTENCY,nextIndex=21,followerCommit=20
2021-10-17 01:35:18,076 [grpc-default-executor-0] INFO  leader.FollowerInfo (FollowerInfoImpl.java:lambda$new$0(46)) - omNode-2@group-523986131536->omNode-1: nextIndex: updateUnconditionally 27 -> 21
2021-10-17 01:35:18,578 [grpc-default-executor-0] INFO  server.RaftServer$Division (RaftServerImpl.java:checkInconsistentAppendEntries(1319)) - omNode-1@group-523986131536: Failed appendEntries as previous log entry ((t:4, i:26)) is not found
2021-10-17 01:35:18,578 [grpc-default-executor-0] INFO  server.RaftServer$Division (RaftServerImpl.java:checkInconsistentAppendEntries(1285)) - omNode-1@group-523986131536: inconsistency entries. Reply:omNode-2<-omNode-1#3406:FAIL-t4,INCONSISTENCY,nextIndex=21,followerCommit=20
2021-10-17 01:35:18,579 [grpc-default-executor-3] INFO  leader.FollowerInfo (FollowerInfoImpl.java:lambda$new$0(46)) - omNode-2@group-523986131536->omNode-1: nextIndex: updateUnconditionally 27 -> 21
2021-10-17 01:35:19,080 [grpc-default-executor-0] INFO  server.RaftServer$Division (RaftServerImpl.java:checkInconsistentAppendEntries(1319)) - omNode-1@group-523986131536: Failed appendEntries as previous log entry ((t:4, i:26)) is not found
2021-10-17 01:35:19,081 [grpc-default-executor-0] INFO  server.RaftServer$Division (RaftServerImpl.java:checkInconsistentAppendEntries(1285)) - omNode-1@group-523986131536: inconsistency entries. Reply:omNode-2<-omNode-1#3457:FAIL-t4,INCONSISTENCY,nextIndex=21,followerCommit=20
2021-10-17 01:35:19,081 [grpc-default-executor-0] INFO  leader.FollowerInfo (FollowerInfoImpl.java:lambda$new$0(46)) - omNode-2@group-523986131536->omNode-1: nextIndex: updateUnconditionally 27 -> 21
2021-10-17 01:35:19,583 [grpc-default-executor-0] INFO  server.RaftServer$Division (RaftServerImpl.java:checkInconsistentAppendEntries(1319)) - omNode-1@group-523986131536: Failed appendEntries as previous log entry ((t:4, i:26)) is not found
2021-10-17 01:35:19,584 [grpc-default-executor-0] INFO  server.RaftServer$Division (RaftServerImpl.java:checkInconsistentAppendEntries(1285)) - omNode-1@group-523986131536: inconsistency entries. Reply:omNode-2<-omNode-1#3508:FAIL-t4,INCONSISTENCY,nextIndex=21,followerCommit=20
2021-10-17 01:35:19,584 [grpc-default-executor-0] INFO  leader.FollowerInfo (FollowerInfoImpl.java:lambda$new$0(46)) - omNode-2@group-523986131536->omNode-1: nextIndex: updateUnconditionally 27 -> 21
2021-10-17 01:35:20,086 [grpc-default-executor-0] INFO  server.RaftServer$Division (RaftServerImpl.java:checkInconsistentAppendEntries(1319)) - omNode-1@group-523986131536: Failed appendEntries as previous log entry ((t:4, i:26)) is not found
2021-10-17 01:35:20,086 [grpc-default-executor-0] INFO  server.RaftServer$Division (RaftServerImpl.java:checkInconsistentAppendEntries(1285)) - omNode-1@group-523986131536: inconsistency entries. Reply:omNode-2<-omNode-1#3559:FAIL-t4,INCONSISTENCY,nextIndex=21,followerCommit=20
2021-10-17 01:35:20,087 [grpc-default-executor-0] INFO  leader.FollowerInfo (FollowerInfoImpl.java:lambda$new$0(46)) - omNode-2@group-523986131536->omNode-1: nextIndex: updateUnconditionally 27 -> 21
2021-10-17 01:35:20,588 [grpc-default-executor-0] INFO  server.RaftServer$Division (RaftServerImpl.java:checkInconsistentAppendEntries(1319)) - omNode-1@group-523986131536: Failed appendEntries as previous log entry ((t:4, i:26)) is not found
2021-10-17 01:35:20,589 [grpc-default-executor-0] INFO  server.RaftServer$Division (RaftServerImpl.java:checkInconsistentAppendEntries(1285)) - omNode-1@group-523986131536: inconsistency entries. Reply:omNode-2<-omNode-1#3610:FAIL-t4,INCONSISTENCY,nextIndex=21,followerCommit=20
2021-10-17 01:35:20,589 [grpc-default-executor-0] INFO  leader.FollowerInfo (FollowerInfoImpl.java:lambda$new$0(46)) - omNode-2@group-523986131536->omNode-1: nextIndex: updateUnconditionally 27 -> 21
2021-10-17 01:35:21,090 [grpc-default-executor-3] INFO  server.RaftServer$Division (RaftServerImpl.java:checkInconsistentAppendEntries(1319)) - omNode-1@group-523986131536: Failed appendEntries as previous log entry ((t:4, i:26)) is not found
2021-10-17 01:35:21,090 [grpc-default-executor-3] INFO  server.RaftServer$Division (RaftServerImpl.java:checkInconsistentAppendEntries(1285)) - omNode-1@group-523986131536: inconsistency entries. Reply:omNode-2<-omNode-1#3661:FAIL-t4,INCONSISTENCY,nextIndex=21,followerCommit=20
2021-10-17 01:35:21,091 [grpc-default-executor-3] INFO  leader.FollowerInfo (FollowerInfoImpl.java:lambda$new$0(46)) - omNode-2@group-523986131536->omNode-1: nextIndex: updateUnconditionally 27 -> 21
2021-10-17 01:35:21,592 [grpc-default-executor-3] INFO  server.RaftServer$Division (RaftServerImpl.java:checkInconsistentAppendEntries(1319)) - omNode-1@group-523986131536: Failed appendEntries as previous log entry ((t:4, i:26)) is not found
2021-10-17 01:35:21,592 [grpc-default-executor-3] INFO  server.RaftServer$Division (RaftServerImpl.java:checkInconsistentAppendEntries(1285)) - omNode-1@group-523986131536: inconsistency entries. Reply:omNode-2<-omNode-1#3712:FAIL-t4,INCONSISTENCY,nextIndex=21,followerCommit=20
2021-10-17 01:35:21,593 [grpc-default-executor-3] INFO  leader.FollowerInfo (FollowerInfoImpl.java:lambda$new$0(46)) - omNode-2@group-523986131536->omNode-1: nextIndex: updateUnconditionally 27 -> 21
2021-10-17 01:35:22,094 [grpc-default-executor-0] INFO  server.RaftServer$Division (RaftServerImpl.java:checkInconsistentAppendEntries(1319)) - omNode-1@group-523986131536: Failed appendEntries as previous log entry ((t:4, i:26)) is not found
2021-10-17 01:35:22,094 [grpc-default-executor-0] INFO  server.RaftServer$Division (RaftServerImpl.java:checkInconsistentAppendEntries(1285)) - omNode-1@group-523986131536: inconsistency entries. Reply:omNode-2<-omNode-1#3763:FAIL-t4,INCONSISTENCY,nextIndex=21,followerCommit=20
2021-10-17 01:35:22,095 [grpc-default-executor-0] INFO  leader.FollowerInfo (FollowerInfoImpl.java:lambda$new$0(46)) - omNode-2@group-523986131536->omNode-1: nextIndex: updateUnconditionally 27 -> 21
2021-10-17 01:35:22,596 [grpc-default-executor-0] INFO  server.RaftServer$Division (RaftServerImpl.java:checkInconsistentAppendEntries(1319)) - omNode-1@group-523986131536: Failed appendEntries as previous log entry ((t:4, i:26)) is not found
2021-10-17 01:35:22,596 [grpc-default-executor-0] INFO  server.RaftServer$Division (RaftServerImpl.java:checkInconsistentAppendEntries(1285)) - omNode-1@group-523986131536: inconsistency entries. Reply:omNode-2<-omNode-1#3814:FAIL-t4,INCONSISTENCY,nextIndex=21,followerCommit=20
2021-10-17 01:35:22,597 [grpc-default-executor-3] INFO  leader.FollowerInfo (FollowerInfoImpl.java:lambda$new$0(46)) - omNode-2@group-523986131536->omNode-1: nextIndex: updateUnconditionally 27 -> 21
2021-10-17 01:35:23,099 [grpc-default-executor-0] INFO  server.RaftServer$Division (RaftServerImpl.java:checkInconsistentAppendEntries(1319)) - omNode-1@group-523986131536: Failed appendEntries as previous log entry ((t:4, i:26)) is not found
2021-10-17 01:35:23,099 [grpc-default-executor-0] INFO  server.RaftServer$Division (RaftServerImpl.java:checkInconsistentAppendEntries(1285)) - omNode-1@group-523986131536: inconsistency entries. Reply:omNode-2<-omNode-1#3865:FAIL-t4,INCONSISTENCY,nextIndex=21,followerCommit=20
2021-10-17 01:35:23,100 [grpc-default-executor-0] INFO  leader.FollowerInfo (FollowerInfoImpl.java:lambda$new$0(46)) - omNode-2@group-523986131536->omNode-1: nextIndex: updateUnconditionally 27 -> 21
2021-10-17 01:35:23,602 [grpc-default-executor-0] INFO  server.RaftServer$Division (RaftServerImpl.java:checkInconsistentAppendEntries(1319)) - omNode-1@group-523986131536: Failed appendEntries as previous log entry ((t:4, i:26)) is not found
2021-10-17 01:35:23,602 [grpc-default-executor-0] INFO  server.RaftServer$Division (RaftServerImpl.java:checkInconsistentAppendEntries(1285)) - omNode-1@group-523986131536: inconsistency entries. Reply:omNode-2<-omNode-1#3916:FAIL-t4,INCONSISTENCY,nextIndex=21,followerCommit=20
2021-10-17 01:35:23,603 [grpc-default-executor-0] INFO  leader.FollowerInfo (FollowerInfoImpl.java:lambda$new$0(46)) - omNode-2@group-523986131536->omNode-1: nextIndex: updateUnconditionally 27 -> 21
2021-10-17 01:35:24,105 [grpc-default-executor-0] INFO  server.RaftServer$Division (RaftServerImpl.java:checkInconsistentAppendEntries(1319)) - omNode-1@group-523986131536: Failed appendEntries as previous log entry ((t:4, i:26)) is not found
2021-10-17 01:35:24,105 [grpc-default-executor-0] INFO  server.RaftServer$Division (RaftServerImpl.java:checkInconsistentAppendEntries(1285)) - omNode-1@group-523986131536: inconsistency entries. Reply:omNode-2<-omNode-1#3967:FAIL-t4,INCONSISTENCY,nextIndex=21,followerCommit=20
2021-10-17 01:35:24,105 [grpc-default-executor-0] INFO  leader.FollowerInfo (FollowerInfoImpl.java:lambda$new$0(46)) - omNode-2@group-523986131536->omNode-1: nextIndex: updateUnconditionally 27 -> 21
2021-10-17 01:35:24,607 [grpc-default-executor-0] INFO  server.RaftServer$Division (RaftServerImpl.java:checkInconsistentAppendEntries(1319)) - omNode-1@group-523986131536: Failed appendEntries as previous log entry ((t:4, i:26)) is not found
2021-10-17 01:35:24,608 [grpc-default-executor-0] INFO  server.RaftServer$Division (RaftServerImpl.java:checkInconsistentAppendEntries(1285)) - omNode-1@group-523986131536: inconsistency entries. Reply:omNode-2<-omNode-1#4018:FAIL-t4,INCONSISTENCY,nextIndex=21,followerCommit=20
2021-10-17 01:35:24,608 [grpc-default-executor-0] INFO  leader.FollowerInfo (FollowerInfoImpl.java:lambda$new$0(46)) - omNode-2@group-523986131536->omNode-1: nextIndex: updateUnconditionally 27 -> 21
2021-10-17 01:35:25,110 [grpc-default-executor-0] INFO  server.RaftServer$Division (RaftServerImpl.java:checkInconsistentAppendEntries(1319)) - omNode-1@group-523986131536: Failed appendEntries as previous log entry ((t:4, i:26)) is not found
2021-10-17 01:35:25,110 [grpc-default-executor-0] INFO  server.RaftServer$Division (RaftServerImpl.java:checkInconsistentAppendEntries(1285)) - omNode-1@group-523986131536: inconsistency entries. Reply:omNode-2<-omNode-1#4069:FAIL-t4,INCONSISTENCY,nextIndex=21,followerCommit=20
2021-10-17 01:35:25,111 [grpc-default-executor-0] INFO  leader.FollowerInfo (FollowerInfoImpl.java:lambda$new$0(46)) - omNode-2@group-523986131536->omNode-1: nextIndex: updateUnconditionally 27 -> 21
2021-10-17 01:35:25,612 [grpc-default-executor-3] INFO  server.RaftServer$Division (RaftServerImpl.java:checkInconsistentAppendEntries(1319)) - omNode-1@group-523986131536: Failed appendEntries as previous log entry ((t:4, i:26)) is not found
2021-10-17 01:35:25,612 [grpc-default-executor-3] INFO  server.RaftServer$Division (RaftServerImpl.java:checkInconsistentAppendEntries(1285)) - omNode-1@group-523986131536: inconsistency entries. Reply:omNode-2<-omNode-1#4120:FAIL-t4,INCONSISTENCY,nextIndex=21,followerCommit=20
2021-10-17 01:35:25,613 [grpc-default-executor-0] INFO  leader.FollowerInfo (FollowerInfoImpl.java:lambda$new$0(46)) - omNode-2@group-523986131536->omNode-1: nextIndex: updateUnconditionally 27 -> 21
2021-10-17 01:35:26,114 [grpc-default-executor-3] INFO  server.RaftServer$Division (RaftServerImpl.java:checkInconsistentAppendEntries(1319)) - omNode-1@group-523986131536: Failed appendEntries as previous log entry ((t:4, i:26)) is not found
2021-10-17 01:35:26,115 [grpc-default-executor-3] INFO  server.RaftServer$Division (RaftServerImpl.java:checkInconsistentAppendEntries(1285)) - omNode-1@group-523986131536: inconsistency entries. Reply:omNode-2<-omNode-1#4171:FAIL-t4,INCONSISTENCY,nextIndex=21,followerCommit=20
2021-10-17 01:35:26,115 [grpc-default-executor-3] INFO  leader.FollowerInfo (FollowerInfoImpl.java:lambda$new$0(46)) - omNode-2@group-523986131536->omNode-1: nextIndex: updateUnconditionally 27 -> 21
2021-10-17 01:35:26,617 [grpc-default-executor-3] INFO  server.RaftServer$Division (RaftServerImpl.java:checkInconsistentAppendEntries(1319)) - omNode-1@group-523986131536: Failed appendEntries as previous log entry ((t:4, i:26)) is not found
2021-10-17 01:35:26,617 [grpc-default-executor-3] INFO  server.RaftServer$Division (RaftServerImpl.java:checkInconsistentAppendEntries(1285)) - omNode-1@group-523986131536: inconsistency entries. Reply:omNode-2<-omNode-1#4222:FAIL-t4,INCONSISTENCY,nextIndex=21,followerCommit=20
2021-10-17 01:35:26,618 [grpc-default-executor-3] INFO  leader.FollowerInfo (FollowerInfoImpl.java:lambda$new$0(46)) - omNode-2@group-523986131536->omNode-1: nextIndex: updateUnconditionally 27 -> 21
2021-10-17 01:35:27,120 [grpc-default-executor-0] INFO  server.RaftServer$Division (RaftServerImpl.java:checkInconsistentAppendEntries(1319)) - omNode-1@group-523986131536: Failed appendEntries as previous log entry ((t:4, i:26)) is not found
2021-10-17 01:35:27,120 [grpc-default-executor-0] INFO  server.RaftServer$Division (RaftServerImpl.java:checkInconsistentAppendEntries(1285)) - omNode-1@group-523986131536: inconsistency entries. Reply:omNode-2<-omNode-1#4273:FAIL-t4,INCONSISTENCY,nextIndex=21,followerCommit=20
2021-10-17 01:35:27,121 [grpc-default-executor-3] INFO  leader.FollowerInfo (FollowerInfoImpl.java:lambda$new$0(46)) - omNode-2@group-523986131536->omNode-1: nextIndex: updateUnconditionally 27 -> 21
2021-10-17 01:35:27,622 [grpc-default-executor-0] INFO  server.RaftServer$Division (RaftServerImpl.java:checkInconsistentAppendEntries(1319)) - omNode-1@group-523986131536: Failed appendEntries as previous log entry ((t:4, i:26)) is not found
2021-10-17 01:35:27,622 [grpc-default-executor-0] INFO  server.RaftServer$Division (RaftServerImpl.java:checkInconsistentAppendEntries(1285)) - omNode-1@group-523986131536: inconsistency entries. Reply:omNode-2<-omNode-1#4324:FAIL-t4,INCONSISTENCY,nextIndex=21,followerCommit=20
2021-10-17 01:35:27,623 [grpc-default-executor-0] INFO  leader.FollowerInfo (FollowerInfoImpl.java:lambda$new$0(46)) - omNode-2@group-523986131536->omNode-1: nextIndex: updateUnconditionally 27 -> 21
2021-10-17 01:35:28,125 [grpc-default-executor-3] INFO  server.RaftServer$Division (RaftServerImpl.java:checkInconsistentAppendEntries(1319)) - omNode-1@group-523986131536: Failed appendEntries as previous log entry ((t:4, i:26)) is not found
2021-10-17 01:35:28,125 [grpc-default-executor-3] INFO  server.RaftServer$Division (RaftServerImpl.java:checkInconsistentAppendEntries(1285)) - omNode-1@group-523986131536: inconsistency entries. Reply:omNode-2<-omNode-1#4375:FAIL-t4,INCONSISTENCY,nextIndex=21,followerCommit=20
2021-10-17 01:35:28,126 [grpc-default-executor-3] INFO  leader.FollowerInfo (FollowerInfoImpl.java:lambda$new$0(46)) - omNode-2@group-523986131536->omNode-1: nextIndex: updateUnconditionally 27 -> 21
2021-10-17 01:35:28,629 [grpc-default-executor-0] INFO  server.RaftServer$Division (RaftServerImpl.java:checkInconsistentAppendEntries(1319)) - omNode-1@group-523986131536: Failed appendEntries as previous log entry ((t:4, i:26)) is not found
2021-10-17 01:35:28,629 [grpc-default-executor-0] INFO  server.RaftServer$Division (RaftServerImpl.java:checkInconsistentAppendEntries(1285)) - omNode-1@group-523986131536: inconsistency entries. Reply:omNode-2<-omNode-1#4426:FAIL-t4,INCONSISTENCY,nextIndex=21,followerCommit=20
2021-10-17 01:35:28,630 [grpc-default-executor-3] INFO  leader.FollowerInfo (FollowerInfoImpl.java:lambda$new$0(46)) - omNode-2@group-523986131536->omNode-1: nextIndex: updateUnconditionally 27 -> 21
2021-10-17 01:35:29,132 [grpc-default-executor-3] INFO  server.RaftServer$Division (RaftServerImpl.java:checkInconsistentAppendEntries(1319)) - omNode-1@group-523986131536: Failed appendEntries as previous log entry ((t:4, i:26)) is not found
2021-10-17 01:35:29,132 [grpc-default-executor-3] INFO  server.RaftServer$Division (RaftServerImpl.java:checkInconsistentAppendEntries(1285)) - omNode-1@group-523986131536: inconsistency entries. Reply:omNode-2<-omNode-1#4477:FAIL-t4,INCONSISTENCY,nextIndex=21,followerCommit=20
2021-10-17 01:35:29,133 [grpc-default-executor-3] INFO  leader.FollowerInfo (FollowerInfoImpl.java:lambda$new$0(46)) - omNode-2@group-523986131536->omNode-1: nextIndex: updateUnconditionally 27 -> 21
2021-10-17 01:35:29,635 [grpc-default-executor-3] INFO  server.RaftServer$Division (RaftServerImpl.java:checkInconsistentAppendEntries(1319)) - omNode-1@group-523986131536: Failed appendEntries as previous log entry ((t:4, i:26)) is not found
2021-10-17 01:35:29,635 [grpc-default-executor-3] INFO  server.RaftServer$Division (RaftServerImpl.java:checkInconsistentAppendEntries(1285)) - omNode-1@group-523986131536: inconsistency entries. Reply:omNode-2<-omNode-1#4528:FAIL-t4,INCONSISTENCY,nextIndex=21,followerCommit=20
2021-10-17 01:35:29,636 [grpc-default-executor-0] INFO  leader.FollowerInfo (FollowerInfoImpl.java:lambda$new$0(46)) - omNode-2@group-523986131536->omNode-1: nextIndex: updateUnconditionally 27 -> 21
2021-10-17 01:35:30,137 [grpc-default-executor-3] INFO  server.RaftServer$Division (RaftServerImpl.java:checkInconsistentAppendEntries(1319)) - omNode-1@group-523986131536: Failed appendEntries as previous log entry ((t:4, i:26)) is not found
2021-10-17 01:35:30,138 [grpc-default-executor-3] INFO  server.RaftServer$Division (RaftServerImpl.java:checkInconsistentAppendEntries(1285)) - omNode-1@group-523986131536: inconsistency entries. Reply:omNode-2<-omNode-1#4579:FAIL-t4,INCONSISTENCY,nextIndex=21,followerCommit=20
2021-10-17 01:35:30,138 [grpc-default-executor-3] INFO  leader.FollowerInfo (FollowerInfoImpl.java:lambda$new$0(46)) - omNode-2@group-523986131536->omNode-1: nextIndex: updateUnconditionally 27 -> 21
2021-10-17 01:35:30,640 [grpc-default-executor-3] INFO  server.RaftServer$Division (RaftServerImpl.java:checkInconsistentAppendEntries(1319)) - omNode-1@group-523986131536: Failed appendEntries as previous log entry ((t:4, i:26)) is not found
2021-10-17 01:35:30,640 [grpc-default-executor-3] INFO  server.RaftServer$Division (RaftServerImpl.java:checkInconsistentAppendEntries(1285)) - omNode-1@group-523986131536: inconsistency entries. Reply:omNode-2<-omNode-1#4630:FAIL-t4,INCONSISTENCY,nextIndex=21,followerCommit=20
2021-10-17 01:35:30,641 [grpc-default-executor-0] INFO  leader.FollowerInfo (FollowerInfoImpl.java:lambda$new$0(46)) - omNode-2@group-523986131536->omNode-1: nextIndex: updateUnconditionally 27 -> 21
2021-10-17 01:35:31,143 [grpc-default-executor-3] INFO  server.RaftServer$Division (RaftServerImpl.java:checkInconsistentAppendEntries(1319)) - omNode-1@group-523986131536: Failed appendEntries as previous log entry ((t:4, i:26)) is not found
2021-10-17 01:35:31,143 [grpc-default-executor-3] INFO  server.RaftServer$Division (RaftServerImpl.java:checkInconsistentAppendEntries(1285)) - omNode-1@group-523986131536: inconsistency entries. Reply:omNode-2<-omNode-1#4681:FAIL-t4,INCONSISTENCY,nextIndex=21,followerCommit=20
2021-10-17 01:35:31,143 [grpc-default-executor-3] INFO  leader.FollowerInfo (FollowerInfoImpl.java:lambda$new$0(46)) - omNode-2@group-523986131536->omNode-1: nextIndex: updateUnconditionally 27 -> 21
2021-10-17 01:35:31,645 [grpc-default-executor-3] INFO  server.RaftServer$Division (RaftServerImpl.java:checkInconsistentAppendEntries(1319)) - omNode-1@group-523986131536: Failed appendEntries as previous log entry ((t:4, i:26)) is not found
2021-10-17 01:35:31,645 [grpc-default-executor-3] INFO  server.RaftServer$Division (RaftServerImpl.java:checkInconsistentAppendEntries(1285)) - omNode-1@group-523986131536: inconsistency entries. Reply:omNode-2<-omNode-1#4732:FAIL-t4,INCONSISTENCY,nextIndex=21,followerCommit=20
2021-10-17 01:35:31,645 [grpc-default-executor-0] INFO  leader.FollowerInfo (FollowerInfoImpl.java:lambda$new$0(46)) - omNode-2@group-523986131536->omNode-1: nextIndex: updateUnconditionally 27 -> 21
2021-10-17 01:35:32,147 [grpc-default-executor-0] INFO  server.RaftServer$Division (RaftServerImpl.java:checkInconsistentAppendEntries(1319)) - omNode-1@group-523986131536: Failed appendEntries as previous log entry ((t:4, i:26)) is not found
2021-10-17 01:35:32,147 [grpc-default-executor-0] INFO  server.RaftServer$Division (RaftServerImpl.java:checkInconsistentAppendEntries(1285)) - omNode-1@group-523986131536: inconsistency entries. Reply:omNode-2<-omNode-1#4783:FAIL-t4,INCONSISTENCY,nextIndex=21,followerCommit=20
2021-10-17 01:35:32,147 [grpc-default-executor-0] INFO  leader.FollowerInfo (FollowerInfoImpl.java:lambda$new$0(46)) - omNode-2@group-523986131536->omNode-1: nextIndex: updateUnconditionally 27 -> 21
2021-10-17 01:35:32,649 [grpc-default-executor-3] INFO  server.RaftServer$Division (RaftServerImpl.java:checkInconsistentAppendEntries(1319)) - omNode-1@group-523986131536: Failed appendEntries as previous log entry ((t:4, i:26)) is not found
2021-10-17 01:35:32,649 [grpc-default-executor-3] INFO  server.RaftServer$Division (RaftServerImpl.java:checkInconsistentAppendEntries(1285)) - omNode-1@group-523986131536: inconsistency entries. Reply:omNode-2<-omNode-1#4834:FAIL-t4,INCONSISTENCY,nextIndex=21,followerCommit=20
2021-10-17 01:35:32,650 [grpc-default-executor-3] INFO  leader.FollowerInfo (FollowerInfoImpl.java:lambda$new$0(46)) - omNode-2@group-523986131536->omNode-1: nextIndex: updateUnconditionally 27 -> 21
2021-10-17 01:35:33,151 [grpc-default-executor-3] INFO  server.RaftServer$Division (RaftServerImpl.java:checkInconsistentAppendEntries(1319)) - omNode-1@group-523986131536: Failed appendEntries as previous log entry ((t:4, i:26)) is not found
2021-10-17 01:35:33,152 [grpc-default-executor-3] INFO  server.RaftServer$Division (RaftServerImpl.java:checkInconsistentAppendEntries(1285)) - omNode-1@group-523986131536: inconsistency entries. Reply:omNode-2<-omNode-1#4885:FAIL-t4,INCONSISTENCY,nextIndex=21,followerCommit=20
2021-10-17 01:35:33,152 [grpc-default-executor-0] INFO  leader.FollowerInfo (FollowerInfoImpl.java:lambda$new$0(46)) - omNode-2@group-523986131536->omNode-1: nextIndex: updateUnconditionally 27 -> 21
2021-10-17 01:35:33,655 [grpc-default-executor-3] INFO  server.RaftServer$Division (RaftServerImpl.java:checkInconsistentAppendEntries(1319)) - omNode-1@group-523986131536: Failed appendEntries as previous log entry ((t:4, i:26)) is not found
2021-10-17 01:35:33,655 [grpc-default-executor-3] INFO  server.RaftServer$Division (RaftServerImpl.java:checkInconsistentAppendEntries(1285)) - omNode-1@group-523986131536: inconsistency entries. Reply:omNode-2<-omNode-1#4936:FAIL-t4,INCONSISTENCY,nextIndex=21,followerCommit=20
2021-10-17 01:35:33,656 [grpc-default-executor-3] INFO  leader.FollowerInfo (FollowerInfoImpl.java:lambda$new$0(46)) - omNode-2@group-523986131536->omNode-1: nextIndex: updateUnconditionally 27 -> 21
2021-10-17 01:35:34,157 [grpc-default-executor-3] INFO  server.RaftServer$Division (RaftServerImpl.java:checkInconsistentAppendEntries(1319)) - omNode-1@group-523986131536: Failed appendEntries as previous log entry ((t:4, i:26)) is not found
2021-10-17 01:35:34,158 [grpc-default-executor-3] INFO  server.RaftServer$Division (RaftServerImpl.java:checkInconsistentAppendEntries(1285)) - omNode-1@group-523986131536: inconsistency entries. Reply:omNode-2<-omNode-1#4987:FAIL-t4,INCONSISTENCY,nextIndex=21,followerCommit=20
2021-10-17 01:35:34,158 [grpc-default-executor-3] INFO  leader.FollowerInfo (FollowerInfoImpl.java:lambda$new$0(46)) - omNode-2@group-523986131536->omNode-1: nextIndex: updateUnconditionally 27 -> 21
2021-10-17 01:35:34,659 [grpc-default-executor-3] INFO  server.RaftServer$Division (RaftServerImpl.java:checkInconsistentAppendEntries(1319)) - omNode-1@group-523986131536: Failed appendEntries as previous log entry ((t:4, i:26)) is not found
2021-10-17 01:35:34,660 [grpc-default-executor-3] INFO  server.RaftServer$Division (RaftServerImpl.java:checkInconsistentAppendEntries(1285)) - omNode-1@group-523986131536: inconsistency entries. Reply:omNode-2<-omNode-1#5038:FAIL-t4,INCONSISTENCY,nextIndex=21,followerCommit=20
2021-10-17 01:35:34,660 [grpc-default-executor-3] INFO  leader.FollowerInfo (FollowerInfoImpl.java:lambda$new$0(46)) - omNode-2@group-523986131536->omNode-1: nextIndex: updateUnconditionally 27 -> 21
2021-10-17 01:35:35,162 [grpc-default-executor-3] INFO  server.RaftServer$Division (RaftServerImpl.java:checkInconsistentAppendEntries(1319)) - omNode-1@group-523986131536: Failed appendEntries as previous log entry ((t:4, i:26)) is not found
2021-10-17 01:35:35,162 [grpc-default-executor-3] INFO  server.RaftServer$Division (RaftServerImpl.java:checkInconsistentAppendEntries(1285)) - omNode-1@group-523986131536: inconsistency entries. Reply:omNode-2<-omNode-1#5089:FAIL-t4,INCONSISTENCY,nextIndex=21,followerCommit=20
2021-10-17 01:35:35,162 [grpc-default-executor-3] INFO  leader.FollowerInfo (FollowerInfoImpl.java:lambda$new$0(46)) - omNode-2@group-523986131536->omNode-1: nextIndex: updateUnconditionally 27 -> 21
2021-10-17 01:35:35,664 [grpc-default-executor-3] INFO  server.RaftServer$Division (RaftServerImpl.java:checkInconsistentAppendEntries(1319)) - omNode-1@group-523986131536: Failed appendEntries as previous log entry ((t:4, i:26)) is not found
2021-10-17 01:35:35,664 [grpc-default-executor-3] INFO  server.RaftServer$Division (RaftServerImpl.java:checkInconsistentAppendEntries(1285)) - omNode-1@group-523986131536: inconsistency entries. Reply:omNode-2<-omNode-1#5140:FAIL-t4,INCONSISTENCY,nextIndex=21,followerCommit=20
2021-10-17 01:35:35,664 [grpc-default-executor-3] INFO  leader.FollowerInfo (FollowerInfoImpl.java:lambda$new$0(46)) - omNode-2@group-523986131536->omNode-1: nextIndex: updateUnconditionally 27 -> 21
2021-10-17 01:35:36,166 [grpc-default-executor-0] INFO  server.RaftServer$Division (RaftServerImpl.java:checkInconsistentAppendEntries(1319)) - omNode-1@group-523986131536: Failed appendEntries as previous log entry ((t:4, i:26)) is not found
2021-10-17 01:35:36,166 [grpc-default-executor-0] INFO  server.RaftServer$Division (RaftServerImpl.java:checkInconsistentAppendEntries(1285)) - omNode-1@group-523986131536: inconsistency entries. Reply:omNode-2<-omNode-1#5191:FAIL-t4,INCONSISTENCY,nextIndex=21,followerCommit=20
2021-10-17 01:35:36,167 [grpc-default-executor-0] INFO  leader.FollowerInfo (FollowerInfoImpl.java:lambda$new$0(46)) - omNode-2@group-523986131536->omNode-1: nextIndex: updateUnconditionally 27 -> 21
2021-10-17 01:35:36,668 [grpc-default-executor-0] INFO  server.RaftServer$Division (RaftServerImpl.java:checkInconsistentAppendEntries(1319)) - omNode-1@group-523986131536: Failed appendEntries as previous log entry ((t:4, i:26)) is not found
2021-10-17 01:35:36,668 [grpc-default-executor-0] INFO  server.RaftServer$Division (RaftServerImpl.java:checkInconsistentAppendEntries(1285)) - omNode-1@group-523986131536: inconsistency entries. Reply:omNode-2<-omNode-1#5242:FAIL-t4,INCONSISTENCY,nextIndex=21,followerCommit=20
2021-10-17 01:35:36,669 [grpc-default-executor-0] INFO  leader.FollowerInfo (FollowerInfoImpl.java:lambda$new$0(46)) - omNode-2@group-523986131536->omNode-1: nextIndex: updateUnconditionally 27 -> 21
2021-10-17 01:35:37,170 [grpc-default-executor-0] INFO  server.RaftServer$Division (RaftServerImpl.java:checkInconsistentAppendEntries(1319)) - omNode-1@group-523986131536: Failed appendEntries as previous log entry ((t:4, i:26)) is not found
2021-10-17 01:35:37,171 [grpc-default-executor-0] INFO  server.RaftServer$Division (RaftServerImpl.java:checkInconsistentAppendEntries(1285)) - omNode-1@group-523986131536: inconsistency entries. Reply:omNode-2<-omNode-1#5293:FAIL-t4,INCONSISTENCY,nextIndex=21,followerCommit=20
2021-10-17 01:35:37,171 [grpc-default-executor-0] INFO  leader.FollowerInfo (FollowerInfoImpl.java:lambda$new$0(46)) - omNode-2@group-523986131536->omNode-1: nextIndex: updateUnconditionally 27 -> 21
2021-10-17 01:35:37,673 [grpc-default-executor-0] INFO  server.RaftServer$Division (RaftServerImpl.java:checkInconsistentAppendEntries(1319)) - omNode-1@group-523986131536: Failed appendEntries as previous log entry ((t:4, i:26)) is not found
2021-10-17 01:35:37,673 [grpc-default-executor-0] INFO  server.RaftServer$Division (RaftServerImpl.java:checkInconsistentAppendEntries(1285)) - omNode-1@group-523986131536: inconsistency entries. Reply:omNode-2<-omNode-1#5344:FAIL-t4,INCONSISTENCY,nextIndex=21,followerCommit=20
2021-10-17 01:35:37,673 [grpc-default-executor-0] INFO  leader.FollowerInfo (FollowerInfoImpl.java:lambda$new$0(46)) - omNode-2@group-523986131536->omNode-1: nextIndex: updateUnconditionally 27 -> 21
2021-10-17 01:35:38,175 [grpc-default-executor-0] INFO  server.RaftServer$Division (RaftServerImpl.java:checkInconsistentAppendEntries(1319)) - omNode-1@group-523986131536: Failed appendEntries as previous log entry ((t:4, i:26)) is not found
2021-10-17 01:35:38,175 [grpc-default-executor-0] INFO  server.RaftServer$Division (RaftServerImpl.java:checkInconsistentAppendEntries(1285)) - omNode-1@group-523986131536: inconsistency entries. Reply:omNode-2<-omNode-1#5395:FAIL-t4,INCONSISTENCY,nextIndex=21,followerCommit=20
2021-10-17 01:35:38,176 [grpc-default-executor-0] INFO  leader.FollowerInfo (FollowerInfoImpl.java:lambda$new$0(46)) - omNode-2@group-523986131536->omNode-1: nextIndex: updateUnconditionally 27 -> 21
2021-10-17 01:35:38,677 [grpc-default-executor-0] INFO  server.RaftServer$Division (RaftServerImpl.java:checkInconsistentAppendEntries(1319)) - omNode-1@group-523986131536: Failed appendEntries as previous log entry ((t:4, i:26)) is not found
2021-10-17 01:35:38,677 [grpc-default-executor-0] INFO  server.RaftServer$Division (RaftServerImpl.java:checkInconsistentAppendEntries(1285)) - omNode-1@group-523986131536: inconsistency entries. Reply:omNode-2<-omNode-1#5446:FAIL-t4,INCONSISTENCY,nextIndex=21,followerCommit=20
2021-10-17 01:35:38,678 [grpc-default-executor-0] INFO  leader.FollowerInfo (FollowerInfoImpl.java:lambda$new$0(46)) - omNode-2@group-523986131536->omNode-1: nextIndex: updateUnconditionally 27 -> 21
2021-10-17 01:35:39,179 [grpc-default-executor-0] INFO  server.RaftServer$Division (RaftServerImpl.java:checkInconsistentAppendEntries(1319)) - omNode-1@group-523986131536: Failed appendEntries as previous log entry ((t:4, i:26)) is not found
2021-10-17 01:35:39,179 [grpc-default-executor-0] INFO  server.RaftServer$Division (RaftServerImpl.java:checkInconsistentAppendEntries(1285)) - omNode-1@group-523986131536: inconsistency entries. Reply:omNode-2<-omNode-1#5497:FAIL-t4,INCONSISTENCY,nextIndex=21,followerCommit=20
2021-10-17 01:35:39,179 [grpc-default-executor-0] INFO  leader.FollowerInfo (FollowerInfoImpl.java:lambda$new$0(46)) - omNode-2@group-523986131536->omNode-1: nextIndex: updateUnconditionally 27 -> 21
2021-10-17 01:35:39,680 [grpc-default-executor-0] INFO  server.RaftServer$Division (RaftServerImpl.java:checkInconsistentAppendEntries(1319)) - omNode-1@group-523986131536: Failed appendEntries as previous log entry ((t:4, i:26)) is not found
2021-10-17 01:35:39,681 [grpc-default-executor-0] INFO  server.RaftServer$Division (RaftServerImpl.java:checkInconsistentAppendEntries(1285)) - omNode-1@group-523986131536: inconsistency entries. Reply:omNode-2<-omNode-1#5548:FAIL-t4,INCONSISTENCY,nextIndex=21,followerCommit=20
2021-10-17 01:35:39,681 [grpc-default-executor-0] INFO  leader.FollowerInfo (FollowerInfoImpl.java:lambda$new$0(46)) - omNode-2@group-523986131536->omNode-1: nextIndex: updateUnconditionally 27 -> 21
2021-10-17 01:35:40,182 [grpc-default-executor-4] INFO  server.RaftServer$Division (RaftServerImpl.java:checkInconsistentAppendEntries(1319)) - omNode-1@group-523986131536: Failed appendEntries as previous log entry ((t:4, i:26)) is not found
2021-10-17 01:35:40,183 [grpc-default-executor-4] INFO  server.RaftServer$Division (RaftServerImpl.java:checkInconsistentAppendEntries(1285)) - omNode-1@group-523986131536: inconsistency entries. Reply:omNode-2<-omNode-1#5599:FAIL-t4,INCONSISTENCY,nextIndex=21,followerCommit=20
2021-10-17 01:35:40,183 [grpc-default-executor-4] INFO  leader.FollowerInfo (FollowerInfoImpl.java:lambda$new$0(46)) - omNode-2@group-523986131536->omNode-1: nextIndex: updateUnconditionally 27 -> 21
2021-10-17 01:35:40,685 [grpc-default-executor-0] INFO  server.RaftServer$Division (RaftServerImpl.java:checkInconsistentAppendEntries(1319)) - omNode-1@group-523986131536: Failed appendEntries as previous log entry ((t:4, i:26)) is not found
2021-10-17 01:35:40,685 [grpc-default-executor-0] INFO  server.RaftServer$Division (RaftServerImpl.java:checkInconsistentAppendEntries(1285)) - omNode-1@group-523986131536: inconsistency entries. Reply:omNode-2<-omNode-1#5650:FAIL-t4,INCONSISTENCY,nextIndex=21,followerCommit=20
2021-10-17 01:35:40,686 [grpc-default-executor-0] INFO  leader.FollowerInfo (FollowerInfoImpl.java:lambda$new$0(46)) - omNode-2@group-523986131536->omNode-1: nextIndex: updateUnconditionally 27 -> 21
2021-10-17 01:35:41,187 [grpc-default-executor-3] INFO  server.RaftServer$Division (RaftServerImpl.java:checkInconsistentAppendEntries(1319)) - omNode-1@group-523986131536: Failed appendEntries as previous log entry ((t:4, i:26)) is not found
2021-10-17 01:35:41,187 [grpc-default-executor-3] INFO  server.RaftServer$Division (RaftServerImpl.java:checkInconsistentAppendEntries(1285)) - omNode-1@group-523986131536: inconsistency entries. Reply:omNode-2<-omNode-1#5701:FAIL-t4,INCONSISTENCY,nextIndex=21,followerCommit=20
2021-10-17 01:35:41,188 [grpc-default-executor-3] INFO  leader.FollowerInfo (FollowerInfoImpl.java:lambda$new$0(46)) - omNode-2@group-523986131536->omNode-1: nextIndex: updateUnconditionally 27 -> 21
2021-10-17 01:35:41,690 [grpc-default-executor-0] INFO  server.RaftServer$Division (RaftServerImpl.java:checkInconsistentAppendEntries(1319)) - omNode-1@group-523986131536: Failed appendEntries as previous log entry ((t:4, i:26)) is not found
2021-10-17 01:35:41,690 [grpc-default-executor-0] INFO  server.RaftServer$Division (RaftServerImpl.java:checkInconsistentAppendEntries(1285)) - omNode-1@group-523986131536: inconsistency entries. Reply:omNode-2<-omNode-1#5752:FAIL-t4,INCONSISTENCY,nextIndex=21,followerCommit=20
2021-10-17 01:35:41,690 [grpc-default-executor-0] INFO  leader.FollowerInfo (FollowerInfoImpl.java:lambda$new$0(46)) - omNode-2@group-523986131536->omNode-1: nextIndex: updateUnconditionally 27 -> 21
2021-10-17 01:35:42,192 [grpc-default-executor-0] INFO  server.RaftServer$Division (RaftServerImpl.java:checkInconsistentAppendEntries(1319)) - omNode-1@group-523986131536: Failed appendEntries as previous log entry ((t:4, i:26)) is not found
2021-10-17 01:35:42,193 [grpc-default-executor-0] INFO  server.RaftServer$Division (RaftServerImpl.java:checkInconsistentAppendEntries(1285)) - omNode-1@group-523986131536: inconsistency entries. Reply:omNode-2<-omNode-1#5803:FAIL-t4,INCONSISTENCY,nextIndex=21,followerCommit=20
2021-10-17 01:35:42,194 [grpc-default-executor-0] INFO  leader.FollowerInfo (FollowerInfoImpl.java:lambda$new$0(46)) - omNode-2@group-523986131536->omNode-1: nextIndex: updateUnconditionally 27 -> 21
2021-10-17 01:35:42,696 [grpc-default-executor-0] INFO  server.RaftServer$Division (RaftServerImpl.java:checkInconsistentAppendEntries(1319)) - omNode-1@group-523986131536: Failed appendEntries as previous log entry ((t:4, i:26)) is not found
2021-10-17 01:35:42,696 [grpc-default-executor-0] INFO  server.RaftServer$Division (RaftServerImpl.java:checkInconsistentAppendEntries(1285)) - omNode-1@group-523986131536: inconsistency entries. Reply:omNode-2<-omNode-1#5854:FAIL-t4,INCONSISTENCY,nextIndex=21,followerCommit=20
2021-10-17 01:35:42,696 [grpc-default-executor-3] INFO  leader.FollowerInfo (FollowerInfoImpl.java:lambda$new$0(46)) - omNode-2@group-523986131536->omNode-1: nextIndex: updateUnconditionally 27 -> 21
2021-10-17 01:35:43,198 [grpc-default-executor-3] INFO  server.RaftServer$Division (RaftServerImpl.java:checkInconsistentAppendEntries(1319)) - omNode-1@group-523986131536: Failed appendEntries as previous log entry ((t:4, i:26)) is not found
2021-10-17 01:35:43,198 [grpc-default-executor-3] INFO  server.RaftServer$Division (RaftServerImpl.java:checkInconsistentAppendEntries(1285)) - omNode-1@group-523986131536: inconsistency entries. Reply:omNode-2<-omNode-1#5905:FAIL-t4,INCONSISTENCY,nextIndex=21,followerCommit=20
2021-10-17 01:35:43,198 [grpc-default-executor-3] INFO  leader.FollowerInfo (FollowerInfoImpl.java:lambda$new$0(46)) - omNode-2@group-523986131536->omNode-1: nextIndex: updateUnconditionally 27 -> 21
2021-10-17 01:35:43,700 [grpc-default-executor-4] INFO  server.RaftServer$Division (RaftServerImpl.java:checkInconsistentAppendEntries(1319)) - omNode-1@group-523986131536: Failed appendEntries as previous log entry ((t:4, i:26)) is not found
2021-10-17 01:35:43,700 [grpc-default-executor-4] INFO  server.RaftServer$Division (RaftServerImpl.java:checkInconsistentAppendEntries(1285)) - omNode-1@group-523986131536: inconsistency entries. Reply:omNode-2<-omNode-1#5956:FAIL-t4,INCONSISTENCY,nextIndex=21,followerCommit=20
2021-10-17 01:35:43,700 [grpc-default-executor-4] INFO  leader.FollowerInfo (FollowerInfoImpl.java:lambda$new$0(46)) - omNode-2@group-523986131536->omNode-1: nextIndex: updateUnconditionally 27 -> 21
2021-10-17 01:35:44,202 [grpc-default-executor-3] INFO  server.RaftServer$Division (RaftServerImpl.java:checkInconsistentAppendEntries(1319)) - omNode-1@group-523986131536: Failed appendEntries as previous log entry ((t:4, i:26)) is not found
2021-10-17 01:35:44,202 [grpc-default-executor-3] INFO  server.RaftServer$Division (RaftServerImpl.java:checkInconsistentAppendEntries(1285)) - omNode-1@group-523986131536: inconsistency entries. Reply:omNode-2<-omNode-1#6007:FAIL-t4,INCONSISTENCY,nextIndex=21,followerCommit=20
2021-10-17 01:35:44,203 [grpc-default-executor-4] INFO  leader.FollowerInfo (FollowerInfoImpl.java:lambda$new$0(46)) - omNode-2@group-523986131536->omNode-1: nextIndex: updateUnconditionally 27 -> 21
2021-10-17 01:35:44,705 [grpc-default-executor-4] INFO  server.RaftServer$Division (RaftServerImpl.java:checkInconsistentAppendEntries(1319)) - omNode-1@group-523986131536: Failed appendEntries as previous log entry ((t:4, i:26)) is not found
2021-10-17 01:35:44,705 [grpc-default-executor-4] INFO  server.RaftServer$Division (RaftServerImpl.java:checkInconsistentAppendEntries(1285)) - omNode-1@group-523986131536: inconsistency entries. Reply:omNode-2<-omNode-1#6058:FAIL-t4,INCONSISTENCY,nextIndex=21,followerCommit=20
2021-10-17 01:35:44,706 [grpc-default-executor-4] INFO  leader.FollowerInfo (FollowerInfoImpl.java:lambda$new$0(46)) - omNode-2@group-523986131536->omNode-1: nextIndex: updateUnconditionally 27 -> 21
2021-10-17 01:35:45,207 [grpc-default-executor-4] INFO  server.RaftServer$Division (RaftServerImpl.java:checkInconsistentAppendEntries(1319)) - omNode-1@group-523986131536: Failed appendEntries as previous log entry ((t:4, i:26)) is not found
2021-10-17 01:35:45,208 [grpc-default-executor-4] INFO  server.RaftServer$Division (RaftServerImpl.java:checkInconsistentAppendEntries(1285)) - omNode-1@group-523986131536: inconsistency entries. Reply:omNode-2<-omNode-1#6109:FAIL-t4,INCONSISTENCY,nextIndex=21,followerCommit=20
2021-10-17 01:35:45,208 [grpc-default-executor-4] INFO  leader.FollowerInfo (FollowerInfoImpl.java:lambda$new$0(46)) - omNode-2@group-523986131536->omNode-1: nextIndex: updateUnconditionally 27 -> 21
2021-10-17 01:35:45,710 [grpc-default-executor-3] INFO  server.RaftServer$Division (RaftServerImpl.java:checkInconsistentAppendEntries(1319)) - omNode-1@group-523986131536: Failed appendEntries as previous log entry ((t:4, i:26)) is not found
2021-10-17 01:35:45,710 [grpc-default-executor-3] INFO  server.RaftServer$Division (RaftServerImpl.java:checkInconsistentAppendEntries(1285)) - omNode-1@group-523986131536: inconsistency entries. Reply:omNode-2<-omNode-1#6160:FAIL-t4,INCONSISTENCY,nextIndex=21,followerCommit=20
2021-10-17 01:35:45,710 [grpc-default-executor-3] INFO  leader.FollowerInfo (FollowerInfoImpl.java:lambda$new$0(46)) - omNode-2@group-523986131536->omNode-1: nextIndex: updateUnconditionally 27 -> 21
2021-10-17 01:35:46,212 [grpc-default-executor-3] INFO  server.RaftServer$Division (RaftServerImpl.java:checkInconsistentAppendEntries(1319)) - omNode-1@group-523986131536: Failed appendEntries as previous log entry ((t:4, i:26)) is not found
2021-10-17 01:35:46,212 [grpc-default-executor-3] INFO  server.RaftServer$Division (RaftServerImpl.java:checkInconsistentAppendEntries(1285)) - omNode-1@group-523986131536: inconsistency entries. Reply:omNode-2<-omNode-1#6211:FAIL-t4,INCONSISTENCY,nextIndex=21,followerCommit=20
2021-10-17 01:35:46,213 [grpc-default-executor-3] INFO  leader.FollowerInfo (FollowerInfoImpl.java:lambda$new$0(46)) - omNode-2@group-523986131536->omNode-1: nextIndex: updateUnconditionally 27 -> 21
2021-10-17 01:35:46,714 [grpc-default-executor-3] INFO  server.RaftServer$Division (RaftServerImpl.java:checkInconsistentAppendEntries(1319)) - omNode-1@group-523986131536: Failed appendEntries as previous log entry ((t:4, i:26)) is not found
2021-10-17 01:35:46,714 [grpc-default-executor-3] INFO  server.RaftServer$Division (RaftServerImpl.java:checkInconsistentAppendEntries(1285)) - omNode-1@group-523986131536: inconsistency entries. Reply:omNode-2<-omNode-1#6262:FAIL-t4,INCONSISTENCY,nextIndex=21,followerCommit=20
2021-10-17 01:35:46,715 [grpc-default-executor-3] INFO  leader.FollowerInfo (FollowerInfoImpl.java:lambda$new$0(46)) - omNode-2@group-523986131536->omNode-1: nextIndex: updateUnconditionally 27 -> 21
2021-10-17 01:35:47,217 [grpc-default-executor-3] INFO  server.RaftServer$Division (RaftServerImpl.java:checkInconsistentAppendEntries(1319)) - omNode-1@group-523986131536: Failed appendEntries as previous log entry ((t:4, i:26)) is not found
2021-10-17 01:35:47,217 [grpc-default-executor-3] INFO  server.RaftServer$Division (RaftServerImpl.java:checkInconsistentAppendEntries(1285)) - omNode-1@group-523986131536: inconsistency entries. Reply:omNode-2<-omNode-1#6313:FAIL-t4,INCONSISTENCY,nextIndex=21,followerCommit=20
2021-10-17 01:35:47,217 [grpc-default-executor-3] INFO  leader.FollowerInfo (FollowerInfoImpl.java:lambda$new$0(46)) - omNode-2@group-523986131536->omNode-1: nextIndex: updateUnconditionally 27 -> 21
2021-10-17 01:35:47,718 [grpc-default-executor-3] INFO  server.RaftServer$Division (RaftServerImpl.java:checkInconsistentAppendEntries(1319)) - omNode-1@group-523986131536: Failed appendEntries as previous log entry ((t:4, i:26)) is not found
2021-10-17 01:35:47,719 [grpc-default-executor-3] INFO  server.RaftServer$Division (RaftServerImpl.java:checkInconsistentAppendEntries(1285)) - omNode-1@group-523986131536: inconsistency entries. Reply:omNode-2<-omNode-1#6364:FAIL-t4,INCONSISTENCY,nextIndex=21,followerCommit=20
2021-10-17 01:35:47,719 [grpc-default-executor-4] INFO  leader.FollowerInfo (FollowerInfoImpl.java:lambda$new$0(46)) - omNode-2@group-523986131536->omNode-1: nextIndex: updateUnconditionally 27 -> 21
2021-10-17 01:35:48,221 [grpc-default-executor-4] INFO  server.RaftServer$Division (RaftServerImpl.java:checkInconsistentAppendEntries(1319)) - omNode-1@group-523986131536: Failed appendEntries as previous log entry ((t:4, i:26)) is not found
2021-10-17 01:35:48,221 [grpc-default-executor-4] INFO  server.RaftServer$Division (RaftServerImpl.java:checkInconsistentAppendEntries(1285)) - omNode-1@group-523986131536: inconsistency entries. Reply:omNode-2<-omNode-1#6415:FAIL-t4,INCONSISTENCY,nextIndex=21,followerCommit=20
2021-10-17 01:35:48,222 [grpc-default-executor-3] INFO  leader.FollowerInfo (FollowerInfoImpl.java:lambda$new$0(46)) - omNode-2@group-523986131536->omNode-1: nextIndex: updateUnconditionally 27 -> 21
2021-10-17 01:35:48,723 [grpc-default-executor-3] INFO  server.RaftServer$Division (RaftServerImpl.java:checkInconsistentAppendEntries(1319)) - omNode-1@group-523986131536: Failed appendEntries as previous log entry ((t:4, i:26)) is not found
2021-10-17 01:35:48,724 [grpc-default-executor-3] INFO  server.RaftServer$Division (RaftServerImpl.java:checkInconsistentAppendEntries(1285)) - omNode-1@group-523986131536: inconsistency entries. Reply:omNode-2<-omNode-1#6466:FAIL-t4,INCONSISTENCY,nextIndex=21,followerCommit=20
2021-10-17 01:35:48,724 [grpc-default-executor-3] INFO  leader.FollowerInfo (FollowerInfoImpl.java:lambda$new$0(46)) - omNode-2@group-523986131536->omNode-1: nextIndex: updateUnconditionally 27 -> 21
2021-10-17 01:35:49,226 [grpc-default-executor-0] INFO  server.RaftServer$Division (RaftServerImpl.java:checkInconsistentAppendEntries(1319)) - omNode-1@group-523986131536: Failed appendEntries as previous log entry ((t:4, i:26)) is not found
2021-10-17 01:35:49,226 [grpc-default-executor-0] INFO  server.RaftServer$Division (RaftServerImpl.java:checkInconsistentAppendEntries(1285)) - omNode-1@group-523986131536: inconsistency entries. Reply:omNode-2<-omNode-1#6517:FAIL-t4,INCONSISTENCY,nextIndex=21,followerCommit=20
2021-10-17 01:35:49,226 [grpc-default-executor-3] INFO  leader.FollowerInfo (FollowerInfoImpl.java:lambda$new$0(46)) - omNode-2@group-523986131536->omNode-1: nextIndex: updateUnconditionally 27 -> 21
2021-10-17 01:35:49,728 [grpc-default-executor-3] INFO  server.RaftServer$Division (RaftServerImpl.java:checkInconsistentAppendEntries(1319)) - omNode-1@group-523986131536: Failed appendEntries as previous log entry ((t:4, i:26)) is not found
2021-10-17 01:35:49,728 [grpc-default-executor-3] INFO  server.RaftServer$Division (RaftServerImpl.java:checkInconsistentAppendEntries(1285)) - omNode-1@group-523986131536: inconsistency entries. Reply:omNode-2<-omNode-1#6568:FAIL-t4,INCONSISTENCY,nextIndex=21,followerCommit=20
2021-10-17 01:35:49,729 [grpc-default-executor-0] INFO  leader.FollowerInfo (FollowerInfoImpl.java:lambda$new$0(46)) - omNode-2@group-523986131536->omNode-1: nextIndex: updateUnconditionally 27 -> 21
2021-10-17 01:35:50,231 [grpc-default-executor-0] INFO  server.RaftServer$Division (RaftServerImpl.java:checkInconsistentAppendEntries(1319)) - omNode-1@group-523986131536: Failed appendEntries as previous log entry ((t:4, i:26)) is not found
2021-10-17 01:35:50,231 [grpc-default-executor-0] INFO  server.RaftServer$Division (RaftServerImpl.java:checkInconsistentAppendEntries(1285)) - omNode-1@group-523986131536: inconsistency entries. Reply:omNode-2<-omNode-1#6619:FAIL-t4,INCONSISTENCY,nextIndex=21,followerCommit=20
2021-10-17 01:35:50,232 [grpc-default-executor-0] INFO  leader.FollowerInfo (FollowerInfoImpl.java:lambda$new$0(46)) - omNode-2@group-523986131536->omNode-1: nextIndex: updateUnconditionally 27 -> 21
2021-10-17 01:35:50,734 [grpc-default-executor-3] INFO  server.RaftServer$Division (RaftServerImpl.java:checkInconsistentAppendEntries(1319)) - omNode-1@group-523986131536: Failed appendEntries as previous log entry ((t:4, i:26)) is not found
2021-10-17 01:35:50,734 [grpc-default-executor-3] INFO  server.RaftServer$Division (RaftServerImpl.java:checkInconsistentAppendEntries(1285)) - omNode-1@group-523986131536: inconsistency entries. Reply:omNode-2<-omNode-1#6670:FAIL-t4,INCONSISTENCY,nextIndex=21,followerCommit=20
2021-10-17 01:35:50,734 [grpc-default-executor-0] INFO  leader.FollowerInfo (FollowerInfoImpl.java:lambda$new$0(46)) - omNode-2@group-523986131536->omNode-1: nextIndex: updateUnconditionally 27 -> 21
2021-10-17 01:35:51,236 [grpc-default-executor-4] INFO  server.RaftServer$Division (RaftServerImpl.java:checkInconsistentAppendEntries(1319)) - omNode-1@group-523986131536: Failed appendEntries as previous log entry ((t:4, i:26)) is not found
2021-10-17 01:35:51,236 [grpc-default-executor-4] INFO  server.RaftServer$Division (RaftServerImpl.java:checkInconsistentAppendEntries(1285)) - omNode-1@group-523986131536: inconsistency entries. Reply:omNode-2<-omNode-1#6721:FAIL-t4,INCONSISTENCY,nextIndex=21,followerCommit=20
2021-10-17 01:35:51,237 [grpc-default-executor-3] INFO  leader.FollowerInfo (FollowerInfoImpl.java:lambda$new$0(46)) - omNode-2@group-523986131536->omNode-1: nextIndex: updateUnconditionally 27 -> 21
2021-10-17 01:35:51,739 [grpc-default-executor-4] INFO  server.RaftServer$Division (RaftServerImpl.java:checkInconsistentAppendEntries(1319)) - omNode-1@group-523986131536: Failed appendEntries as previous log entry ((t:4, i:26)) is not found
2021-10-17 01:35:51,739 [grpc-default-executor-4] INFO  server.RaftServer$Division (RaftServerImpl.java:checkInconsistentAppendEntries(1285)) - omNode-1@group-523986131536: inconsistency entries. Reply:omNode-2<-omNode-1#6772:FAIL-t4,INCONSISTENCY,nextIndex=21,followerCommit=20
2021-10-17 01:35:51,740 [grpc-default-executor-4] INFO  leader.FollowerInfo (FollowerInfoImpl.java:lambda$new$0(46)) - omNode-2@group-523986131536->omNode-1: nextIndex: updateUnconditionally 27 -> 21
2021-10-17 01:35:52,241 [grpc-default-executor-3] INFO  server.RaftServer$Division (RaftServerImpl.java:checkInconsistentAppendEntries(1319)) - omNode-1@group-523986131536: Failed appendEntries as previous log entry ((t:4, i:26)) is not found
2021-10-17 01:35:52,242 [grpc-default-executor-3] INFO  server.RaftServer$Division (RaftServerImpl.java:checkInconsistentAppendEntries(1285)) - omNode-1@group-523986131536: inconsistency entries. Reply:omNode-2<-omNode-1#6823:FAIL-t4,INCONSISTENCY,nextIndex=21,followerCommit=20
2021-10-17 01:35:52,242 [grpc-default-executor-3] INFO  leader.FollowerInfo (FollowerInfoImpl.java:lambda$new$0(46)) - omNode-2@group-523986131536->omNode-1: nextIndex: updateUnconditionally 27 -> 21
2021-10-17 01:35:52,744 [grpc-default-executor-4] INFO  server.RaftServer$Division (RaftServerImpl.java:checkInconsistentAppendEntries(1319)) - omNode-1@group-523986131536: Failed appendEntries as previous log entry ((t:4, i:26)) is not found
2021-10-17 01:35:52,744 [grpc-default-executor-4] INFO  server.RaftServer$Division (RaftServerImpl.java:checkInconsistentAppendEntries(1285)) - omNode-1@group-523986131536: inconsistency entries. Reply:omNode-2<-omNode-1#6874:FAIL-t4,INCONSISTENCY,nextIndex=21,followerCommit=20
2021-10-17 01:35:52,744 [grpc-default-executor-4] INFO  leader.FollowerInfo (FollowerInfoImpl.java:lambda$new$0(46)) - omNode-2@group-523986131536->omNode-1: nextIndex: updateUnconditionally 27 -> 21
2021-10-17 01:35:53,246 [grpc-default-executor-3] INFO  server.RaftServer$Division (RaftServerImpl.java:checkInconsistentAppendEntries(1319)) - omNode-1@group-523986131536: Failed appendEntries as previous log entry ((t:4, i:26)) is not found
2021-10-17 01:35:53,247 [grpc-default-executor-3] INFO  server.RaftServer$Division (RaftServerImpl.java:checkInconsistentAppendEntries(1285)) - omNode-1@group-523986131536: inconsistency entries. Reply:omNode-2<-omNode-1#6925:FAIL-t4,INCONSISTENCY,nextIndex=21,followerCommit=20
2021-10-17 01:35:53,247 [grpc-default-executor-4] INFO  leader.FollowerInfo (FollowerInfoImpl.java:lambda$new$0(46)) - omNode-2@group-523986131536->omNode-1: nextIndex: updateUnconditionally 27 -> 21
2021-10-17 01:35:53,749 [grpc-default-executor-0] INFO  server.RaftServer$Division (RaftServerImpl.java:checkInconsistentAppendEntries(1319)) - omNode-1@group-523986131536: Failed appendEntries as previous log entry ((t:4, i:26)) is not found
2021-10-17 01:35:53,749 [grpc-default-executor-0] INFO  server.RaftServer$Division (RaftServerImpl.java:checkInconsistentAppendEntries(1285)) - omNode-1@group-523986131536: inconsistency entries. Reply:omNode-2<-omNode-1#6976:FAIL-t4,INCONSISTENCY,nextIndex=21,followerCommit=20
2021-10-17 01:35:53,749 [grpc-default-executor-0] INFO  leader.FollowerInfo (FollowerInfoImpl.java:lambda$new$0(46)) - omNode-2@group-523986131536->omNode-1: nextIndex: updateUnconditionally 27 -> 21
2021-10-17 01:35:54,251 [grpc-default-executor-0] INFO  server.RaftServer$Division (RaftServerImpl.java:checkInconsistentAppendEntries(1319)) - omNode-1@group-523986131536: Failed appendEntries as previous log entry ((t:4, i:26)) is not found
2021-10-17 01:35:54,251 [grpc-default-executor-0] INFO  server.RaftServer$Division (RaftServerImpl.java:checkInconsistentAppendEntries(1285)) - omNode-1@group-523986131536: inconsistency entries. Reply:omNode-2<-omNode-1#7027:FAIL-t4,INCONSISTENCY,nextIndex=21,followerCommit=20
2021-10-17 01:35:54,251 [grpc-default-executor-0] INFO  leader.FollowerInfo (FollowerInfoImpl.java:lambda$new$0(46)) - omNode-2@group-523986131536->omNode-1: nextIndex: updateUnconditionally 27 -> 21
2021-10-17 01:35:54,753 [grpc-default-executor-0] INFO  server.RaftServer$Division (RaftServerImpl.java:checkInconsistentAppendEntries(1319)) - omNode-1@group-523986131536: Failed appendEntries as previous log entry ((t:4, i:26)) is not found
2021-10-17 01:35:54,753 [grpc-default-executor-0] INFO  server.RaftServer$Division (RaftServerImpl.java:checkInconsistentAppendEntries(1285)) - omNode-1@group-523986131536: inconsistency entries. Reply:omNode-2<-omNode-1#7078:FAIL-t4,INCONSISTENCY,nextIndex=21,followerCommit=20
2021-10-17 01:35:54,753 [grpc-default-executor-3] INFO  leader.FollowerInfo (FollowerInfoImpl.java:lambda$new$0(46)) - omNode-2@group-523986131536->omNode-1: nextIndex: updateUnconditionally 27 -> 21
2021-10-17 01:35:55,255 [grpc-default-executor-3] INFO  server.RaftServer$Division (RaftServerImpl.java:checkInconsistentAppendEntries(1319)) - omNode-1@group-523986131536: Failed appendEntries as previous log entry ((t:4, i:26)) is not found
2021-10-17 01:35:55,255 [grpc-default-executor-3] INFO  server.RaftServer$Division (RaftServerImpl.java:checkInconsistentAppendEntries(1285)) - omNode-1@group-523986131536: inconsistency entries. Reply:omNode-2<-omNode-1#7129:FAIL-t4,INCONSISTENCY,nextIndex=21,followerCommit=20
2021-10-17 01:35:55,256 [grpc-default-executor-3] INFO  leader.FollowerInfo (FollowerInfoImpl.java:lambda$new$0(46)) - omNode-2@group-523986131536->omNode-1: nextIndex: updateUnconditionally 27 -> 21
2021-10-17 01:35:55,757 [grpc-default-executor-0] INFO  server.RaftServer$Division (RaftServerImpl.java:checkInconsistentAppendEntries(1319)) - omNode-1@group-523986131536: Failed appendEntries as previous log entry ((t:4, i:26)) is not found
2021-10-17 01:35:55,758 [grpc-default-executor-0] INFO  server.RaftServer$Division (RaftServerImpl.java:checkInconsistentAppendEntries(1285)) - omNode-1@group-523986131536: inconsistency entries. Reply:omNode-2<-omNode-1#7180:FAIL-t4,INCONSISTENCY,nextIndex=21,followerCommit=20
2021-10-17 01:35:55,758 [grpc-default-executor-0] INFO  leader.FollowerInfo (FollowerInfoImpl.java:lambda$new$0(46)) - omNode-2@group-523986131536->omNode-1: nextIndex: updateUnconditionally 27 -> 21
2021-10-17 01:35:56,260 [grpc-default-executor-3] INFO  server.RaftServer$Division (RaftServerImpl.java:checkInconsistentAppendEntries(1319)) - omNode-1@group-523986131536: Failed appendEntries as previous log entry ((t:4, i:26)) is not found
2021-10-17 01:35:56,260 [grpc-default-executor-3] INFO  server.RaftServer$Division (RaftServerImpl.java:checkInconsistentAppendEntries(1285)) - omNode-1@group-523986131536: inconsistency entries. Reply:omNode-2<-omNode-1#7231:FAIL-t4,INCONSISTENCY,nextIndex=21,followerCommit=20
2021-10-17 01:35:56,260 [grpc-default-executor-3] INFO  leader.FollowerInfo (FollowerInfoImpl.java:lambda$new$0(46)) - omNode-2@group-523986131536->omNode-1: nextIndex: updateUnconditionally 27 -> 21
2021-10-17 01:35:56,762 [grpc-default-executor-3] INFO  server.RaftServer$Division (RaftServerImpl.java:checkInconsistentAppendEntries(1319)) - omNode-1@group-523986131536: Failed appendEntries as previous log entry ((t:4, i:26)) is not found
2021-10-17 01:35:56,762 [grpc-default-executor-3] INFO  server.RaftServer$Division (RaftServerImpl.java:checkInconsistentAppendEntries(1285)) - omNode-1@group-523986131536: inconsistency entries. Reply:omNode-2<-omNode-1#7282:FAIL-t4,INCONSISTENCY,nextIndex=21,followerCommit=20
2021-10-17 01:35:56,762 [grpc-default-executor-3] INFO  leader.FollowerInfo (FollowerInfoImpl.java:lambda$new$0(46)) - omNode-2@group-523986131536->omNode-1: nextIndex: updateUnconditionally 27 -> 21
2021-10-17 01:35:57,264 [grpc-default-executor-3] INFO  server.RaftServer$Division (RaftServerImpl.java:checkInconsistentAppendEntries(1319)) - omNode-1@group-523986131536: Failed appendEntries as previous log entry ((t:4, i:26)) is not found
2021-10-17 01:35:57,264 [grpc-default-executor-3] INFO  server.RaftServer$Division (RaftServerImpl.java:checkInconsistentAppendEntries(1285)) - omNode-1@group-523986131536: inconsistency entries. Reply:omNode-2<-omNode-1#7333:FAIL-t4,INCONSISTENCY,nextIndex=21,followerCommit=20
2021-10-17 01:35:57,265 [grpc-default-executor-3] INFO  leader.FollowerInfo (FollowerInfoImpl.java:lambda$new$0(46)) - omNode-2@group-523986131536->omNode-1: nextIndex: updateUnconditionally 27 -> 21
2021-10-17 01:35:57,766 [grpc-default-executor-3] INFO  server.RaftServer$Division (RaftServerImpl.java:checkInconsistentAppendEntries(1319)) - omNode-1@group-523986131536: Failed appendEntries as previous log entry ((t:4, i:26)) is not found
2021-10-17 01:35:57,767 [grpc-default-executor-3] INFO  server.RaftServer$Division (RaftServerImpl.java:checkInconsistentAppendEntries(1285)) - omNode-1@group-523986131536: inconsistency entries. Reply:omNode-2<-omNode-1#7384:FAIL-t4,INCONSISTENCY,nextIndex=21,followerCommit=20
2021-10-17 01:35:57,767 [grpc-default-executor-3] INFO  leader.FollowerInfo (FollowerInfoImpl.java:lambda$new$0(46)) - omNode-2@group-523986131536->omNode-1: nextIndex: updateUnconditionally 27 -> 21
2021-10-17 01:35:58,268 [grpc-default-executor-3] INFO  server.RaftServer$Division (RaftServerImpl.java:checkInconsistentAppendEntries(1319)) - omNode-1@group-523986131536: Failed appendEntries as previous log entry ((t:4, i:26)) is not found
2021-10-17 01:35:58,268 [grpc-default-executor-3] INFO  server.RaftServer$Division (RaftServerImpl.java:checkInconsistentAppendEntries(1285)) - omNode-1@group-523986131536: inconsistency entries. Reply:omNode-2<-omNode-1#7435:FAIL-t4,INCONSISTENCY,nextIndex=21,followerCommit=20
2021-10-17 01:35:58,269 [grpc-default-executor-3] INFO  leader.FollowerInfo (FollowerInfoImpl.java:lambda$new$0(46)) - omNode-2@group-523986131536->omNode-1: nextIndex: updateUnconditionally 27 -> 21
2021-10-17 01:35:58,770 [grpc-default-executor-3] INFO  server.RaftServer$Division (RaftServerImpl.java:checkInconsistentAppendEntries(1319)) - omNode-1@group-523986131536: Failed appendEntries as previous log entry ((t:4, i:26)) is not found
2021-10-17 01:35:58,770 [grpc-default-executor-3] INFO  server.RaftServer$Division (RaftServerImpl.java:checkInconsistentAppendEntries(1285)) - omNode-1@group-523986131536: inconsistency entries. Reply:omNode-2<-omNode-1#7486:FAIL-t4,INCONSISTENCY,nextIndex=21,followerCommit=20
2021-10-17 01:35:58,771 [grpc-default-executor-3] INFO  leader.FollowerInfo (FollowerInfoImpl.java:lambda$new$0(46)) - omNode-2@group-523986131536->omNode-1: nextIndex: updateUnconditionally 27 -> 21
2021-10-17 01:35:59,272 [grpc-default-executor-3] INFO  server.RaftServer$Division (RaftServerImpl.java:checkInconsistentAppendEntries(1319)) - omNode-1@group-523986131536: Failed appendEntries as previous log entry ((t:4, i:26)) is not found
2021-10-17 01:35:59,273 [grpc-default-executor-3] INFO  server.RaftServer$Division (RaftServerImpl.java:checkInconsistentAppendEntries(1285)) - omNode-1@group-523986131536: inconsistency entries. Reply:omNode-2<-omNode-1#7537:FAIL-t4,INCONSISTENCY,nextIndex=21,followerCommit=20
2021-10-17 01:35:59,273 [grpc-default-executor-3] INFO  leader.FollowerInfo (FollowerInfoImpl.java:lambda$new$0(46)) - omNode-2@group-523986131536->omNode-1: nextIndex: updateUnconditionally 27 -> 21
2021-10-17 01:35:59,775 [grpc-default-executor-0] INFO  server.RaftServer$Division (RaftServerImpl.java:checkInconsistentAppendEntries(1319)) - omNode-1@group-523986131536: Failed appendEntries as previous log entry ((t:4, i:26)) is not found
2021-10-17 01:35:59,775 [grpc-default-executor-0] INFO  server.RaftServer$Division (RaftServerImpl.java:checkInconsistentAppendEntries(1285)) - omNode-1@group-523986131536: inconsistency entries. Reply:omNode-2<-omNode-1#7588:FAIL-t4,INCONSISTENCY,nextIndex=21,followerCommit=20
2021-10-17 01:35:59,775 [grpc-default-executor-0] INFO  leader.FollowerInfo (FollowerInfoImpl.java:lambda$new$0(46)) - omNode-2@group-523986131536->omNode-1: nextIndex: updateUnconditionally 27 -> 21
2021-10-17 01:36:00,277 [grpc-default-executor-3] INFO  server.RaftServer$Division (RaftServerImpl.java:checkInconsistentAppendEntries(1319)) - omNode-1@group-523986131536: Failed appendEntries as previous log entry ((t:4, i:26)) is not found
2021-10-17 01:36:00,277 [grpc-default-executor-3] INFO  server.RaftServer$Division (RaftServerImpl.java:checkInconsistentAppendEntries(1285)) - omNode-1@group-523986131536: inconsistency entries. Reply:omNode-2<-omNode-1#7639:FAIL-t4,INCONSISTENCY,nextIndex=21,followerCommit=20
2021-10-17 01:36:00,278 [grpc-default-executor-0] INFO  leader.FollowerInfo (FollowerInfoImpl.java:lambda$new$0(46)) - omNode-2@group-523986131536->omNode-1: nextIndex: updateUnconditionally 27 -> 21
2021-10-17 01:36:00,779 [grpc-default-executor-4] INFO  server.RaftServer$Division (RaftServerImpl.java:checkInconsistentAppendEntries(1319)) - omNode-1@group-523986131536: Failed appendEntries as previous log entry ((t:4, i:26)) is not found
2021-10-17 01:36:00,780 [grpc-default-executor-4] INFO  server.RaftServer$Division (RaftServerImpl.java:checkInconsistentAppendEntries(1285)) - omNode-1@group-523986131536: inconsistency entries. Reply:omNode-2<-omNode-1#7690:FAIL-t4,INCONSISTENCY,nextIndex=21,followerCommit=20
2021-10-17 01:36:00,780 [grpc-default-executor-3] INFO  leader.FollowerInfo (FollowerInfoImpl.java:lambda$new$0(46)) - omNode-2@group-523986131536->omNode-1: nextIndex: updateUnconditionally 27 -> 21
2021-10-17 01:36:01,282 [grpc-default-executor-6] INFO  server.RaftServer$Division (RaftServerImpl.java:checkInconsistentAppendEntries(1319)) - omNode-1@group-523986131536: Failed appendEntries as previous log entry ((t:4, i:26)) is not found
2021-10-17 01:36:01,282 [grpc-default-executor-6] INFO  server.RaftServer$Division (RaftServerImpl.java:checkInconsistentAppendEntries(1285)) - omNode-1@group-523986131536: inconsistency entries. Reply:omNode-2<-omNode-1#7741:FAIL-t4,INCONSISTENCY,nextIndex=21,followerCommit=20
2021-10-17 01:36:01,283 [grpc-default-executor-6] INFO  leader.FollowerInfo (FollowerInfoImpl.java:lambda$new$0(46)) - omNode-2@group-523986131536->omNode-1: nextIndex: updateUnconditionally 27 -> 21
2021-10-17 01:36:01,784 [grpc-default-executor-6] INFO  server.RaftServer$Division (RaftServerImpl.java:checkInconsistentAppendEntries(1319)) - omNode-1@group-523986131536: Failed appendEntries as previous log entry ((t:4, i:26)) is not found
2021-10-17 01:36:01,784 [grpc-default-executor-6] INFO  server.RaftServer$Division (RaftServerImpl.java:checkInconsistentAppendEntries(1285)) - omNode-1@group-523986131536: inconsistency entries. Reply:omNode-2<-omNode-1#7792:FAIL-t4,INCONSISTENCY,nextIndex=21,followerCommit=20
2021-10-17 01:36:01,784 [grpc-default-executor-3] INFO  leader.FollowerInfo (FollowerInfoImpl.java:lambda$new$0(46)) - omNode-2@group-523986131536->omNode-1: nextIndex: updateUnconditionally 27 -> 21
2021-10-17 01:36:02,286 [grpc-default-executor-3] INFO  server.RaftServer$Division (RaftServerImpl.java:checkInconsistentAppendEntries(1319)) - omNode-1@group-523986131536: Failed appendEntries as previous log entry ((t:4, i:26)) is not found
2021-10-17 01:36:02,286 [grpc-default-executor-3] INFO  server.RaftServer$Division (RaftServerImpl.java:checkInconsistentAppendEntries(1285)) - omNode-1@group-523986131536: inconsistency entries. Reply:omNode-2<-omNode-1#7843:FAIL-t4,INCONSISTENCY,nextIndex=21,followerCommit=20
2021-10-17 01:36:02,287 [grpc-default-executor-3] INFO  leader.FollowerInfo (FollowerInfoImpl.java:lambda$new$0(46)) - omNode-2@group-523986131536->omNode-1: nextIndex: updateUnconditionally 27 -> 21
2021-10-17 01:36:02,788 [grpc-default-executor-6] INFO  server.RaftServer$Division (RaftServerImpl.java:checkInconsistentAppendEntries(1319)) - omNode-1@group-523986131536: Failed appendEntries as previous log entry ((t:4, i:26)) is not found
2021-10-17 01:36:02,788 [grpc-default-executor-6] INFO  server.RaftServer$Division (RaftServerImpl.java:checkInconsistentAppendEntries(1285)) - omNode-1@group-523986131536: inconsistency entries. Reply:omNode-2<-omNode-1#7894:FAIL-t4,INCONSISTENCY,nextIndex=21,followerCommit=20
2021-10-17 01:36:02,789 [grpc-default-executor-6] INFO  leader.FollowerInfo (FollowerInfoImpl.java:lambda$new$0(46)) - omNode-2@group-523986131536->omNode-1: nextIndex: updateUnconditionally 27 -> 21
2021-10-17 01:36:03,290 [grpc-default-executor-0] INFO  server.RaftServer$Division (RaftServerImpl.java:checkInconsistentAppendEntries(1319)) - omNode-1@group-523986131536: Failed appendEntries as previous log entry ((t:4, i:26)) is not found
2021-10-17 01:36:03,290 [grpc-default-executor-0] INFO  server.RaftServer$Division (RaftServerImpl.java:checkInconsistentAppendEntries(1285)) - omNode-1@group-523986131536: inconsistency entries. Reply:omNode-2<-omNode-1#7945:FAIL-t4,INCONSISTENCY,nextIndex=21,followerCommit=20
2021-10-17 01:36:03,291 [grpc-default-executor-0] INFO  leader.FollowerInfo (FollowerInfoImpl.java:lambda$new$0(46)) - omNode-2@group-523986131536->omNode-1: nextIndex: updateUnconditionally 27 -> 21
2021-10-17 01:36:03,792 [grpc-default-executor-0] INFO  server.RaftServer$Division (RaftServerImpl.java:checkInconsistentAppendEntries(1319)) - omNode-1@group-523986131536: Failed appendEntries as previous log entry ((t:4, i:26)) is not found
2021-10-17 01:36:03,792 [grpc-default-executor-0] INFO  server.RaftServer$Division (RaftServerImpl.java:checkInconsistentAppendEntries(1285)) - omNode-1@group-523986131536: inconsistency entries. Reply:omNode-2<-omNode-1#7996:FAIL-t4,INCONSISTENCY,nextIndex=21,followerCommit=20
2021-10-17 01:36:03,793 [grpc-default-executor-0] INFO  leader.FollowerInfo (FollowerInfoImpl.java:lambda$new$0(46)) - omNode-2@group-523986131536->omNode-1: nextIndex: updateUnconditionally 27 -> 21
2021-10-17 01:36:04,294 [grpc-default-executor-0] INFO  server.RaftServer$Division (RaftServerImpl.java:checkInconsistentAppendEntries(1319)) - omNode-1@group-523986131536: Failed appendEntries as previous log entry ((t:4, i:26)) is not found
2021-10-17 01:36:04,294 [grpc-default-executor-0] INFO  server.RaftServer$Division (RaftServerImpl.java:checkInconsistentAppendEntries(1285)) - omNode-1@group-523986131536: inconsistency entries. Reply:omNode-2<-omNode-1#8047:FAIL-t4,INCONSISTENCY,nextIndex=21,followerCommit=20
2021-10-17 01:36:04,294 [grpc-default-executor-0] INFO  leader.FollowerInfo (FollowerInfoImpl.java:lambda$new$0(46)) - omNode-2@group-523986131536->omNode-1: nextIndex: updateUnconditionally 27 -> 21
2021-10-17 01:36:04,796 [grpc-default-executor-0] INFO  server.RaftServer$Division (RaftServerImpl.java:checkInconsistentAppendEntries(1319)) - omNode-1@group-523986131536: Failed appendEntries as previous log entry ((t:4, i:26)) is not found
2021-10-17 01:36:04,796 [grpc-default-executor-0] INFO  server.RaftServer$Division (RaftServerImpl.java:checkInconsistentAppendEntries(1285)) - omNode-1@group-523986131536: inconsistency entries. Reply:omNode-2<-omNode-1#8098:FAIL-t4,INCONSISTENCY,nextIndex=21,followerCommit=20
2021-10-17 01:36:04,796 [grpc-default-executor-0] INFO  leader.FollowerInfo (FollowerInfoImpl.java:lambda$new$0(46)) - omNode-2@group-523986131536->omNode-1: nextIndex: updateUnconditionally 27 -> 21
2021-10-17 01:36:05,299 [grpc-default-executor-0] INFO  server.RaftServer$Division (RaftServerImpl.java:checkInconsistentAppendEntries(1319)) - omNode-1@group-523986131536: Failed appendEntries as previous log entry ((t:4, i:26)) is not found
2021-10-17 01:36:05,299 [grpc-default-executor-0] INFO  server.RaftServer$Division (RaftServerImpl.java:checkInconsistentAppendEntries(1285)) - omNode-1@group-523986131536: inconsistency entries. Reply:omNode-2<-omNode-1#8149:FAIL-t4,INCONSISTENCY,nextIndex=21,followerCommit=20
2021-10-17 01:36:05,299 [grpc-default-executor-0] INFO  leader.FollowerInfo (FollowerInfoImpl.java:lambda$new$0(46)) - omNode-2@group-523986131536->omNode-1: nextIndex: updateUnconditionally 27 -> 21
2021-10-17 01:36:05,800 [grpc-default-executor-3] INFO  server.RaftServer$Division (RaftServerImpl.java:checkInconsistentAppendEntries(1319)) - omNode-1@group-523986131536: Failed appendEntries as previous log entry ((t:4, i:26)) is not found
2021-10-17 01:36:05,800 [grpc-default-executor-3] INFO  server.RaftServer$Division (RaftServerImpl.java:checkInconsistentAppendEntries(1285)) - omNode-1@group-523986131536: inconsistency entries. Reply:omNode-2<-omNode-1#8200:FAIL-t4,INCONSISTENCY,nextIndex=21,followerCommit=20
2021-10-17 01:36:05,801 [grpc-default-executor-3] INFO  leader.FollowerInfo (FollowerInfoImpl.java:lambda$new$0(46)) - omNode-2@group-523986131536->omNode-1: nextIndex: updateUnconditionally 27 -> 21
2021-10-17 01:36:06,302 [grpc-default-executor-3] INFO  server.RaftServer$Division (RaftServerImpl.java:checkInconsistentAppendEntries(1319)) - omNode-1@group-523986131536: Failed appendEntries as previous log entry ((t:4, i:26)) is not found
2021-10-17 01:36:06,303 [grpc-default-executor-3] INFO  server.RaftServer$Division (RaftServerImpl.java:checkInconsistentAppendEntries(1285)) - omNode-1@group-523986131536: inconsistency entries. Reply:omNode-2<-omNode-1#8251:FAIL-t4,INCONSISTENCY,nextIndex=21,followerCommit=20
2021-10-17 01:36:06,303 [grpc-default-executor-3] INFO  leader.FollowerInfo (FollowerInfoImpl.java:lambda$new$0(46)) - omNode-2@group-523986131536->omNode-1: nextIndex: updateUnconditionally 27 -> 21
2021-10-17 01:36:06,804 [grpc-default-executor-3] INFO  server.RaftServer$Division (RaftServerImpl.java:checkInconsistentAppendEntries(1319)) - omNode-1@group-523986131536: Failed appendEntries as previous log entry ((t:4, i:26)) is not found
2021-10-17 01:36:06,805 [grpc-default-executor-3] INFO  server.RaftServer$Division (RaftServerImpl.java:checkInconsistentAppendEntries(1285)) - omNode-1@group-523986131536: inconsistency entries. Reply:omNode-2<-omNode-1#8302:FAIL-t4,INCONSISTENCY,nextIndex=21,followerCommit=20
2021-10-17 01:36:06,806 [grpc-default-executor-3] INFO  leader.FollowerInfo (FollowerInfoImpl.java:lambda$new$0(46)) - omNode-2@group-523986131536->omNode-1: nextIndex: updateUnconditionally 27 -> 21
2021-10-17 01:36:07,308 [grpc-default-executor-3] INFO  server.RaftServer$Division (RaftServerImpl.java:checkInconsistentAppendEntries(1319)) - omNode-1@group-523986131536: Failed appendEntries as previous log entry ((t:4, i:26)) is not found
2021-10-17 01:36:07,308 [grpc-default-executor-3] INFO  server.RaftServer$Division (RaftServerImpl.java:checkInconsistentAppendEntries(1285)) - omNode-1@group-523986131536: inconsistency entries. Reply:omNode-2<-omNode-1#8353:FAIL-t4,INCONSISTENCY,nextIndex=21,followerCommit=20
2021-10-17 01:36:07,309 [grpc-default-executor-3] INFO  leader.FollowerInfo (FollowerInfoImpl.java:lambda$new$0(46)) - omNode-2@group-523986131536->omNode-1: nextIndex: updateUnconditionally 27 -> 21
2021-10-17 01:36:07,811 [grpc-default-executor-3] INFO  server.RaftServer$Division (RaftServerImpl.java:checkInconsistentAppendEntries(1319)) - omNode-1@group-523986131536: Failed appendEntries as previous log entry ((t:4, i:26)) is not found
2021-10-17 01:36:07,811 [grpc-default-executor-3] INFO  server.RaftServer$Division (RaftServerImpl.java:checkInconsistentAppendEntries(1285)) - omNode-1@group-523986131536: inconsistency entries. Reply:omNode-2<-omNode-1#8404:FAIL-t4,INCONSISTENCY,nextIndex=21,followerCommit=20
2021-10-17 01:36:07,812 [grpc-default-executor-3] INFO  leader.FollowerInfo (FollowerInfoImpl.java:lambda$new$0(46)) - omNode-2@group-523986131536->omNode-1: nextIndex: updateUnconditionally 27 -> 21
2021-10-17 01:36:08,314 [grpc-default-executor-6] INFO  server.RaftServer$Division (RaftServerImpl.java:checkInconsistentAppendEntries(1319)) - omNode-1@group-523986131536: Failed appendEntries as previous log entry ((t:4, i:26)) is not found
2021-10-17 01:36:08,314 [grpc-default-executor-6] INFO  server.RaftServer$Division (RaftServerImpl.java:checkInconsistentAppendEntries(1285)) - omNode-1@group-523986131536: inconsistency entries. Reply:omNode-2<-omNode-1#8455:FAIL-t4,INCONSISTENCY,nextIndex=21,followerCommit=20
2021-10-17 01:36:08,314 [grpc-default-executor-6] INFO  leader.FollowerInfo (FollowerInfoImpl.java:lambda$new$0(46)) - omNode-2@group-523986131536->omNode-1: nextIndex: updateUnconditionally 27 -> 21
2021-10-17 01:36:08,816 [grpc-default-executor-6] INFO  server.RaftServer$Division (RaftServerImpl.java:checkInconsistentAppendEntries(1319)) - omNode-1@group-523986131536: Failed appendEntries as previous log entry ((t:4, i:26)) is not found
2021-10-17 01:36:08,816 [grpc-default-executor-6] INFO  server.RaftServer$Division (RaftServerImpl.java:checkInconsistentAppendEntries(1285)) - omNode-1@group-523986131536: inconsistency entries. Reply:omNode-2<-omNode-1#8506:FAIL-t4,INCONSISTENCY,nextIndex=21,followerCommit=20
2021-10-17 01:36:08,816 [grpc-default-executor-3] INFO  leader.FollowerInfo (FollowerInfoImpl.java:lambda$new$0(46)) - omNode-2@group-523986131536->omNode-1: nextIndex: updateUnconditionally 27 -> 21
2021-10-17 01:36:09,318 [grpc-default-executor-6] INFO  server.RaftServer$Division (RaftServerImpl.java:checkInconsistentAppendEntries(1319)) - omNode-1@group-523986131536: Failed appendEntries as previous log entry ((t:4, i:26)) is not found
2021-10-17 01:36:09,319 [grpc-default-executor-6] INFO  server.RaftServer$Division (RaftServerImpl.java:checkInconsistentAppendEntries(1285)) - omNode-1@group-523986131536: inconsistency entries. Reply:omNode-2<-omNode-1#8557:FAIL-t4,INCONSISTENCY,nextIndex=21,followerCommit=20
2021-10-17 01:36:09,323 [grpc-default-executor-3] INFO  leader.FollowerInfo (FollowerInfoImpl.java:lambda$new$0(46)) - omNode-2@group-523986131536->omNode-1: nextIndex: updateUnconditionally 27 -> 21
2021-10-17 01:36:09,825 [grpc-default-executor-3] INFO  server.RaftServer$Division (RaftServerImpl.java:checkInconsistentAppendEntries(1319)) - omNode-1@group-523986131536: Failed appendEntries as previous log entry ((t:4, i:26)) is not found
2021-10-17 01:36:09,825 [grpc-default-executor-3] INFO  server.RaftServer$Division (RaftServerImpl.java:checkInconsistentAppendEntries(1285)) - omNode-1@group-523986131536: inconsistency entries. Reply:omNode-2<-omNode-1#8608:FAIL-t4,INCONSISTENCY,nextIndex=21,followerCommit=20
2021-10-17 01:36:09,825 [grpc-default-executor-3] INFO  leader.FollowerInfo (FollowerInfoImpl.java:lambda$new$0(46)) - omNode-2@group-523986131536->omNode-1: nextIndex: updateUnconditionally 27 -> 21
2021-10-17 01:36:10,327 [grpc-default-executor-6] INFO  server.RaftServer$Division (RaftServerImpl.java:checkInconsistentAppendEntries(1319)) - omNode-1@group-523986131536: Failed appendEntries as previous log entry ((t:4, i:26)) is not found
2021-10-17 01:36:10,328 [grpc-default-executor-6] INFO  server.RaftServer$Division (RaftServerImpl.java:checkInconsistentAppendEntries(1285)) - omNode-1@group-523986131536: inconsistency entries. Reply:omNode-2<-omNode-1#8659:FAIL-t4,INCONSISTENCY,nextIndex=21,followerCommit=20
2021-10-17 01:36:10,328 [grpc-default-executor-6] INFO  leader.FollowerInfo (FollowerInfoImpl.java:lambda$new$0(46)) - omNode-2@group-523986131536->omNode-1: nextIndex: updateUnconditionally 27 -> 21
2021-10-17 01:36:10,829 [grpc-default-executor-6] INFO  server.RaftServer$Division (RaftServerImpl.java:checkInconsistentAppendEntries(1319)) - omNode-1@group-523986131536: Failed appendEntries as previous log entry ((t:4, i:26)) is not found
2021-10-17 01:36:10,829 [grpc-default-executor-6] INFO  server.RaftServer$Division (RaftServerImpl.java:checkInconsistentAppendEntries(1285)) - omNode-1@group-523986131536: inconsistency entries. Reply:omNode-2<-omNode-1#8710:FAIL-t4,INCONSISTENCY,nextIndex=21,followerCommit=20
2021-10-17 01:36:10,830 [grpc-default-executor-6] INFO  leader.FollowerInfo (FollowerInfoImpl.java:lambda$new$0(46)) - omNode-2@group-523986131536->omNode-1: nextIndex: updateUnconditionally 27 -> 21
2021-10-17 01:36:11,332 [grpc-default-executor-6] INFO  server.RaftServer$Division (RaftServerImpl.java:checkInconsistentAppendEntries(1319)) - omNode-1@group-523986131536: Failed appendEntries as previous log entry ((t:4, i:26)) is not found
2021-10-17 01:36:11,332 [grpc-default-executor-6] INFO  server.RaftServer$Division (RaftServerImpl.java:checkInconsistentAppendEntries(1285)) - omNode-1@group-523986131536: inconsistency entries. Reply:omNode-2<-omNode-1#8761:FAIL-t4,INCONSISTENCY,nextIndex=21,followerCommit=20
2021-10-17 01:36:11,332 [grpc-default-executor-0] INFO  leader.FollowerInfo (FollowerInfoImpl.java:lambda$new$0(46)) - omNode-2@group-523986131536->omNode-1: nextIndex: updateUnconditionally 27 -> 21
2021-10-17 01:36:11,835 [grpc-default-executor-6] INFO  server.RaftServer$Division (RaftServerImpl.java:checkInconsistentAppendEntries(1319)) - omNode-1@group-523986131536: Failed appendEntries as previous log entry ((t:4, i:26)) is not found
2021-10-17 01:36:11,835 [grpc-default-executor-6] INFO  server.RaftServer$Division (RaftServerImpl.java:checkInconsistentAppendEntries(1285)) - omNode-1@group-523986131536: inconsistency entries. Reply:omNode-2<-omNode-1#8812:FAIL-t4,INCONSISTENCY,nextIndex=21,followerCommit=20
2021-10-17 01:36:11,836 [grpc-default-executor-0] INFO  leader.FollowerInfo (FollowerInfoImpl.java:lambda$new$0(46)) - omNode-2@group-523986131536->omNode-1: nextIndex: updateUnconditionally 27 -> 21
2021-10-17 01:36:12,337 [grpc-default-executor-6] INFO  server.RaftServer$Division (RaftServerImpl.java:checkInconsistentAppendEntries(1319)) - omNode-1@group-523986131536: Failed appendEntries as previous log entry ((t:4, i:26)) is not found
2021-10-17 01:36:12,338 [grpc-default-executor-6] INFO  server.RaftServer$Division (RaftServerImpl.java:checkInconsistentAppendEntries(1285)) - omNode-1@group-523986131536: inconsistency entries. Reply:omNode-2<-omNode-1#8863:FAIL-t4,INCONSISTENCY,nextIndex=21,followerCommit=20
2021-10-17 01:36:12,338 [grpc-default-executor-6] INFO  leader.FollowerInfo (FollowerInfoImpl.java:lambda$new$0(46)) - omNode-2@group-523986131536->omNode-1: nextIndex: updateUnconditionally 27 -> 21
2021-10-17 01:36:12,839 [grpc-default-executor-0] INFO  server.RaftServer$Division (RaftServerImpl.java:checkInconsistentAppendEntries(1319)) - omNode-1@group-523986131536: Failed appendEntries as previous log entry ((t:4, i:26)) is not found
2021-10-17 01:36:12,839 [grpc-default-executor-0] INFO  server.RaftServer$Division (RaftServerImpl.java:checkInconsistentAppendEntries(1285)) - omNode-1@group-523986131536: inconsistency entries. Reply:omNode-2<-omNode-1#8914:FAIL-t4,INCONSISTENCY,nextIndex=21,followerCommit=20
2021-10-17 01:36:12,840 [grpc-default-executor-6] INFO  leader.FollowerInfo (FollowerInfoImpl.java:lambda$new$0(46)) - omNode-2@group-523986131536->omNode-1: nextIndex: updateUnconditionally 27 -> 21
2021-10-17 01:36:13,342 [grpc-default-executor-0] INFO  server.RaftServer$Division (RaftServerImpl.java:checkInconsistentAppendEntries(1319)) - omNode-1@group-523986131536: Failed appendEntries as previous log entry ((t:4, i:26)) is not found
2021-10-17 01:36:13,342 [grpc-default-executor-0] INFO  server.RaftServer$Division (RaftServerImpl.java:checkInconsistentAppendEntries(1285)) - omNode-1@group-523986131536: inconsistency entries. Reply:omNode-2<-omNode-1#8965:FAIL-t4,INCONSISTENCY,nextIndex=21,followerCommit=20
2021-10-17 01:36:13,342 [grpc-default-executor-0] INFO  leader.FollowerInfo (FollowerInfoImpl.java:lambda$new$0(46)) - omNode-2@group-523986131536->omNode-1: nextIndex: updateUnconditionally 27 -> 21
2021-10-17 01:36:13,845 [grpc-default-executor-0] INFO  server.RaftServer$Division (RaftServerImpl.java:checkInconsistentAppendEntries(1319)) - omNode-1@group-523986131536: Failed appendEntries as previous log entry ((t:4, i:26)) is not found
2021-10-17 01:36:13,845 [grpc-default-executor-0] INFO  server.RaftServer$Division (RaftServerImpl.java:checkInconsistentAppendEntries(1285)) - omNode-1@group-523986131536: inconsistency entries. Reply:omNode-2<-omNode-1#9016:FAIL-t4,INCONSISTENCY,nextIndex=21,followerCommit=20
2021-10-17 01:36:13,845 [grpc-default-executor-0] INFO  leader.FollowerInfo (FollowerInfoImpl.java:lambda$new$0(46)) - omNode-2@group-523986131536->omNode-1: nextIndex: updateUnconditionally 27 -> 21
2021-10-17 01:36:14,347 [grpc-default-executor-0] INFO  server.RaftServer$Division (RaftServerImpl.java:checkInconsistentAppendEntries(1319)) - omNode-1@group-523986131536: Failed appendEntries as previous log entry ((t:4, i:26)) is not found
2021-10-17 01:36:14,347 [grpc-default-executor-0] INFO  server.RaftServer$Division (RaftServerImpl.java:checkInconsistentAppendEntries(1285)) - omNode-1@group-523986131536: inconsistency entries. Reply:omNode-2<-omNode-1#9067:FAIL-t4,INCONSISTENCY,nextIndex=21,followerCommit=20
2021-10-17 01:36:14,348 [grpc-default-executor-0] INFO  leader.FollowerInfo (FollowerInfoImpl.java:lambda$new$0(46)) - omNode-2@group-523986131536->omNode-1: nextIndex: updateUnconditionally 27 -> 21
2021-10-17 01:36:14,849 [grpc-default-executor-0] INFO  server.RaftServer$Division (RaftServerImpl.java:checkInconsistentAppendEntries(1319)) - omNode-1@group-523986131536: Failed appendEntries as previous log entry ((t:4, i:26)) is not found
2021-10-17 01:36:14,849 [grpc-default-executor-0] INFO  server.RaftServer$Division (RaftServerImpl.java:checkInconsistentAppendEntries(1285)) - omNode-1@group-523986131536: inconsistency entries. Reply:omNode-2<-omNode-1#9118:FAIL-t4,INCONSISTENCY,nextIndex=21,followerCommit=20
2021-10-17 01:36:14,849 [grpc-default-executor-0] INFO  leader.FollowerInfo (FollowerInfoImpl.java:lambda$new$0(46)) - omNode-2@group-523986131536->omNode-1: nextIndex: updateUnconditionally 27 -> 21
2021-10-17 01:36:15,350 [grpc-default-executor-0] INFO  server.RaftServer$Division (RaftServerImpl.java:checkInconsistentAppendEntries(1319)) - omNode-1@group-523986131536: Failed appendEntries as previous log entry ((t:4, i:26)) is not found
2021-10-17 01:36:15,350 [grpc-default-executor-0] INFO  server.RaftServer$Division (RaftServerImpl.java:checkInconsistentAppendEntries(1285)) - omNode-1@group-523986131536: inconsistency entries. Reply:omNode-2<-omNode-1#9169:FAIL-t4,INCONSISTENCY,nextIndex=21,followerCommit=20
2021-10-17 01:36:15,351 [grpc-default-executor-0] INFO  leader.FollowerInfo (FollowerInfoImpl.java:lambda$new$0(46)) - omNode-2@group-523986131536->omNode-1: nextIndex: updateUnconditionally 27 -> 21
2021-10-17 01:36:15,852 [grpc-default-executor-3] INFO  server.RaftServer$Division (RaftServerImpl.java:checkInconsistentAppendEntries(1319)) - omNode-1@group-523986131536: Failed appendEntries as previous log entry ((t:4, i:26)) is not found
2021-10-17 01:36:15,852 [grpc-default-executor-3] INFO  server.RaftServer$Division (RaftServerImpl.java:checkInconsistentAppendEntries(1285)) - omNode-1@group-523986131536: inconsistency entries. Reply:omNode-2<-omNode-1#9220:FAIL-t4,INCONSISTENCY,nextIndex=21,followerCommit=20
2021-10-17 01:36:15,853 [grpc-default-executor-3] INFO  leader.FollowerInfo (FollowerInfoImpl.java:lambda$new$0(46)) - omNode-2@group-523986131536->omNode-1: nextIndex: updateUnconditionally 27 -> 21
2021-10-17 01:36:16,354 [grpc-default-executor-3] INFO  server.RaftServer$Division (RaftServerImpl.java:checkInconsistentAppendEntries(1319)) - omNode-1@group-523986131536: Failed appendEntries as previous log entry ((t:4, i:26)) is not found
2021-10-17 01:36:16,354 [grpc-default-executor-3] INFO  server.RaftServer$Division (RaftServerImpl.java:checkInconsistentAppendEntries(1285)) - omNode-1@group-523986131536: inconsistency entries. Reply:omNode-2<-omNode-1#9271:FAIL-t4,INCONSISTENCY,nextIndex=21,followerCommit=20
2021-10-17 01:36:16,354 [grpc-default-executor-3] INFO  leader.FollowerInfo (FollowerInfoImpl.java:lambda$new$0(46)) - omNode-2@group-523986131536->omNode-1: nextIndex: updateUnconditionally 27 -> 21
2021-10-17 01:36:16,856 [grpc-default-executor-3] INFO  server.RaftServer$Division (RaftServerImpl.java:checkInconsistentAppendEntries(1319)) - omNode-1@group-523986131536: Failed appendEntries as previous log entry ((t:4, i:26)) is not found
2021-10-17 01:36:16,856 [grpc-default-executor-3] INFO  server.RaftServer$Division (RaftServerImpl.java:checkInconsistentAppendEntries(1285)) - omNode-1@group-523986131536: inconsistency entries. Reply:omNode-2<-omNode-1#9322:FAIL-t4,INCONSISTENCY,nextIndex=21,followerCommit=20
2021-10-17 01:36:16,856 [grpc-default-executor-3] INFO  leader.FollowerInfo (FollowerInfoImpl.java:lambda$new$0(46)) - omNode-2@group-523986131536->omNode-1: nextIndex: updateUnconditionally 27 -> 21
2021-10-17 01:36:17,358 [grpc-default-executor-3] INFO  server.RaftServer$Division (RaftServerImpl.java:checkInconsistentAppendEntries(1319)) - omNode-1@group-523986131536: Failed appendEntries as previous log entry ((t:4, i:26)) is not found
2021-10-17 01:36:17,358 [grpc-default-executor-3] INFO  server.RaftServer$Division (RaftServerImpl.java:checkInconsistentAppendEntries(1285)) - omNode-1@group-523986131536: inconsistency entries. Reply:omNode-2<-omNode-1#9373:FAIL-t4,INCONSISTENCY,nextIndex=21,followerCommit=20
2021-10-17 01:36:17,358 [grpc-default-executor-3] INFO  leader.FollowerInfo (FollowerInfoImpl.java:lambda$new$0(46)) - omNode-2@group-523986131536->omNode-1: nextIndex: updateUnconditionally 27 -> 21
2021-10-17 01:36:17,860 [grpc-default-executor-3] INFO  server.RaftServer$Division (RaftServerImpl.java:checkInconsistentAppendEntries(1319)) - omNode-1@group-523986131536: Failed appendEntries as previous log entry ((t:4, i:26)) is not found
2021-10-17 01:36:17,860 [grpc-default-executor-3] INFO  server.RaftServer$Division (RaftServerImpl.java:checkInconsistentAppendEntries(1285)) - omNode-1@group-523986131536: inconsistency entries. Reply:omNode-2<-omNode-1#9424:FAIL-t4,INCONSISTENCY,nextIndex=21,followerCommit=20
2021-10-17 01:36:17,861 [grpc-default-executor-3] INFO  leader.FollowerInfo (FollowerInfoImpl.java:lambda$new$0(46)) - omNode-2@group-523986131536->omNode-1: nextIndex: updateUnconditionally 27 -> 21
2021-10-17 01:36:18,362 [grpc-default-executor-0] INFO  server.RaftServer$Division (RaftServerImpl.java:checkInconsistentAppendEntries(1319)) - omNode-1@group-523986131536: Failed appendEntries as previous log entry ((t:4, i:26)) is not found
2021-10-17 01:36:18,362 [grpc-default-executor-0] INFO  server.RaftServer$Division (RaftServerImpl.java:checkInconsistentAppendEntries(1285)) - omNode-1@group-523986131536: inconsistency entries. Reply:omNode-2<-omNode-1#9475:FAIL-t4,INCONSISTENCY,nextIndex=21,followerCommit=20
2021-10-17 01:36:18,362 [grpc-default-executor-0] INFO  leader.FollowerInfo (FollowerInfoImpl.java:lambda$new$0(46)) - omNode-2@group-523986131536->omNode-1: nextIndex: updateUnconditionally 27 -> 21
2021-10-17 01:36:18,864 [grpc-default-executor-0] INFO  server.RaftServer$Division (RaftServerImpl.java:checkInconsistentAppendEntries(1319)) - omNode-1@group-523986131536: Failed appendEntries as previous log entry ((t:4, i:26)) is not found
2021-10-17 01:36:18,864 [grpc-default-executor-0] INFO  server.RaftServer$Division (RaftServerImpl.java:checkInconsistentAppendEntries(1285)) - omNode-1@group-523986131536: inconsistency entries. Reply:omNode-2<-omNode-1#9526:FAIL-t4,INCONSISTENCY,nextIndex=21,followerCommit=20
2021-10-17 01:36:18,864 [grpc-default-executor-0] INFO  leader.FollowerInfo (FollowerInfoImpl.java:lambda$new$0(46)) - omNode-2@group-523986131536->omNode-1: nextIndex: updateUnconditionally 27 -> 21
2021-10-17 01:36:19,366 [grpc-default-executor-0] INFO  server.RaftServer$Division (RaftServerImpl.java:checkInconsistentAppendEntries(1319)) - omNode-1@group-523986131536: Failed appendEntries as previous log entry ((t:4, i:26)) is not found
2021-10-17 01:36:19,366 [grpc-default-executor-0] INFO  server.RaftServer$Division (RaftServerImpl.java:checkInconsistentAppendEntries(1285)) - omNode-1@group-523986131536: inconsistency entries. Reply:omNode-2<-omNode-1#9577:FAIL-t4,INCONSISTENCY,nextIndex=21,followerCommit=20
2021-10-17 01:36:19,366 [grpc-default-executor-0] INFO  leader.FollowerInfo (FollowerInfoImpl.java:lambda$new$0(46)) - omNode-2@group-523986131536->omNode-1: nextIndex: updateUnconditionally 27 -> 21
2021-10-17 01:36:19,867 [grpc-default-executor-0] INFO  server.RaftServer$Division (RaftServerImpl.java:checkInconsistentAppendEntries(1319)) - omNode-1@group-523986131536: Failed appendEntries as previous log entry ((t:4, i:26)) is not found
2021-10-17 01:36:19,867 [grpc-default-executor-0] INFO  server.RaftServer$Division (RaftServerImpl.java:checkInconsistentAppendEntries(1285)) - omNode-1@group-523986131536: inconsistency entries. Reply:omNode-2<-omNode-1#9628:FAIL-t4,INCONSISTENCY,nextIndex=21,followerCommit=20
2021-10-17 01:36:19,868 [grpc-default-executor-0] INFO  leader.FollowerInfo (FollowerInfoImpl.java:lambda$new$0(46)) - omNode-2@group-523986131536->omNode-1: nextIndex: updateUnconditionally 27 -> 21
2021-10-17 01:36:20,369 [grpc-default-executor-0] INFO  server.RaftServer$Division (RaftServerImpl.java:checkInconsistentAppendEntries(1319)) - omNode-1@group-523986131536: Failed appendEntries as previous log entry ((t:4, i:26)) is not found
2021-10-17 01:36:20,370 [grpc-default-executor-0] INFO  server.RaftServer$Division (RaftServerImpl.java:checkInconsistentAppendEntries(1285)) - omNode-1@group-523986131536: inconsistency entries. Reply:omNode-2<-omNode-1#9679:FAIL-t4,INCONSISTENCY,nextIndex=21,followerCommit=20
2021-10-17 01:36:20,370 [grpc-default-executor-0] INFO  leader.FollowerInfo (FollowerInfoImpl.java:lambda$new$0(46)) - omNode-2@group-523986131536->omNode-1: nextIndex: updateUnconditionally 27 -> 21
2021-10-17 01:36:20,871 [grpc-default-executor-3] INFO  server.RaftServer$Division (RaftServerImpl.java:checkInconsistentAppendEntries(1319)) - omNode-1@group-523986131536: Failed appendEntries as previous log entry ((t:4, i:26)) is not found
2021-10-17 01:36:20,872 [grpc-default-executor-3] INFO  server.RaftServer$Division (RaftServerImpl.java:checkInconsistentAppendEntries(1285)) - omNode-1@group-523986131536: inconsistency entries. Reply:omNode-2<-omNode-1#9730:FAIL-t4,INCONSISTENCY,nextIndex=21,followerCommit=20
2021-10-17 01:36:20,872 [grpc-default-executor-3] INFO  leader.FollowerInfo (FollowerInfoImpl.java:lambda$new$0(46)) - omNode-2@group-523986131536->omNode-1: nextIndex: updateUnconditionally 27 -> 21
2021-10-17 01:36:21,373 [grpc-default-executor-0] INFO  server.RaftServer$Division (RaftServerImpl.java:checkInconsistentAppendEntries(1319)) - omNode-1@group-523986131536: Failed appendEntries as previous log entry ((t:4, i:26)) is not found
2021-10-17 01:36:21,373 [grpc-default-executor-0] INFO  server.RaftServer$Division (RaftServerImpl.java:checkInconsistentAppendEntries(1285)) - omNode-1@group-523986131536: inconsistency entries. Reply:omNode-2<-omNode-1#9781:FAIL-t4,INCONSISTENCY,nextIndex=21,followerCommit=20
2021-10-17 01:36:21,373 [grpc-default-executor-0] INFO  leader.FollowerInfo (FollowerInfoImpl.java:lambda$new$0(46)) - omNode-2@group-523986131536->omNode-1: nextIndex: updateUnconditionally 27 -> 21
2021-10-17 01:36:21,877 [grpc-default-executor-0] INFO  server.RaftServer$Division (RaftServerImpl.java:checkInconsistentAppendEntries(1319)) - omNode-1@group-523986131536: Failed appendEntries as previous log entry ((t:4, i:26)) is not found
2021-10-17 01:36:21,878 [grpc-default-executor-0] INFO  server.RaftServer$Division (RaftServerImpl.java:checkInconsistentAppendEntries(1285)) - omNode-1@group-523986131536: inconsistency entries. Reply:omNode-2<-omNode-1#9832:FAIL-t4,INCONSISTENCY,nextIndex=21,followerCommit=20
2021-10-17 01:36:21,878 [grpc-default-executor-0] INFO  leader.FollowerInfo (FollowerInfoImpl.java:lambda$new$0(46)) - omNode-2@group-523986131536->omNode-1: nextIndex: updateUnconditionally 27 -> 21
2021-10-17 01:36:22,379 [grpc-default-executor-0] INFO  server.RaftServer$Division (RaftServerImpl.java:checkInconsistentAppendEntries(1319)) - omNode-1@group-523986131536: Failed appendEntries as previous log entry ((t:4, i:26)) is not found
2021-10-17 01:36:22,380 [grpc-default-executor-0] INFO  server.RaftServer$Division (RaftServerImpl.java:checkInconsistentAppendEntries(1285)) - omNode-1@group-523986131536: inconsistency entries. Reply:omNode-2<-omNode-1#9883:FAIL-t4,INCONSISTENCY,nextIndex=21,followerCommit=20
2021-10-17 01:36:22,380 [grpc-default-executor-0] INFO  leader.FollowerInfo (FollowerInfoImpl.java:lambda$new$0(46)) - omNode-2@group-523986131536->omNode-1: nextIndex: updateUnconditionally 27 -> 21
2021-10-17 01:36:22,882 [grpc-default-executor-0] INFO  server.RaftServer$Division (RaftServerImpl.java:checkInconsistentAppendEntries(1319)) - omNode-1@group-523986131536: Failed appendEntries as previous log entry ((t:4, i:26)) is not found
2021-10-17 01:36:22,882 [grpc-default-executor-0] INFO  server.RaftServer$Division (RaftServerImpl.java:checkInconsistentAppendEntries(1285)) - omNode-1@group-523986131536: inconsistency entries. Reply:omNode-2<-omNode-1#9934:FAIL-t4,INCONSISTENCY,nextIndex=21,followerCommit=20
2021-10-17 01:36:22,882 [grpc-default-executor-0] INFO  leader.FollowerInfo (FollowerInfoImpl.java:lambda$new$0(46)) - omNode-2@group-523986131536->omNode-1: nextIndex: updateUnconditionally 27 -> 21
2021-10-17 01:36:23,384 [grpc-default-executor-3] INFO  server.RaftServer$Division (RaftServerImpl.java:checkInconsistentAppendEntries(1319)) - omNode-1@group-523986131536: Failed appendEntries as previous log entry ((t:4, i:26)) is not found
2021-10-17 01:36:23,384 [grpc-default-executor-3] INFO  server.RaftServer$Division (RaftServerImpl.java:checkInconsistentAppendEntries(1285)) - omNode-1@group-523986131536: inconsistency entries. Reply:omNode-2<-omNode-1#9985:FAIL-t4,INCONSISTENCY,nextIndex=21,followerCommit=20
2021-10-17 01:36:23,384 [grpc-default-executor-3] INFO  leader.FollowerInfo (FollowerInfoImpl.java:lambda$new$0(46)) - omNode-2@group-523986131536->omNode-1: nextIndex: updateUnconditionally 27 -> 21
2021-10-17 01:36:23,885 [grpc-default-executor-3] INFO  server.RaftServer$Division (RaftServerImpl.java:checkInconsistentAppendEntries(1319)) - omNode-1@group-523986131536: Failed appendEntries as previous log entry ((t:4, i:26)) is not found
2021-10-17 01:36:23,885 [grpc-default-executor-3] INFO  server.RaftServer$Division (RaftServerImpl.java:checkInconsistentAppendEntries(1285)) - omNode-1@group-523986131536: inconsistency entries. Reply:omNode-2<-omNode-1#10036:FAIL-t4,INCONSISTENCY,nextIndex=21,followerCommit=20
2021-10-17 01:36:23,886 [grpc-default-executor-6] INFO  leader.FollowerInfo (FollowerInfoImpl.java:lambda$new$0(46)) - omNode-2@group-523986131536->omNode-1: nextIndex: updateUnconditionally 27 -> 21
2021-10-17 01:36:24,388 [grpc-default-executor-6] INFO  server.RaftServer$Division (RaftServerImpl.java:checkInconsistentAppendEntries(1319)) - omNode-1@group-523986131536: Failed appendEntries as previous log entry ((t:4, i:26)) is not found
2021-10-17 01:36:24,388 [grpc-default-executor-6] INFO  server.RaftServer$Division (RaftServerImpl.java:checkInconsistentAppendEntries(1285)) - omNode-1@group-523986131536: inconsistency entries. Reply:omNode-2<-omNode-1#10087:FAIL-t4,INCONSISTENCY,nextIndex=21,followerCommit=20
2021-10-17 01:36:24,388 [grpc-default-executor-3] INFO  leader.FollowerInfo (FollowerInfoImpl.java:lambda$new$0(46)) - omNode-2@group-523986131536->omNode-1: nextIndex: updateUnconditionally 27 -> 21
2021-10-17 01:36:24,890 [grpc-default-executor-6] INFO  server.RaftServer$Division (RaftServerImpl.java:checkInconsistentAppendEntries(1319)) - omNode-1@group-523986131536: Failed appendEntries as previous log entry ((t:4, i:26)) is not found
2021-10-17 01:36:24,890 [grpc-default-executor-6] INFO  server.RaftServer$Division (RaftServerImpl.java:checkInconsistentAppendEntries(1285)) - omNode-1@group-523986131536: inconsistency entries. Reply:omNode-2<-omNode-1#10138:FAIL-t4,INCONSISTENCY,nextIndex=21,followerCommit=20
2021-10-17 01:36:24,891 [grpc-default-executor-3] INFO  leader.FollowerInfo (FollowerInfoImpl.java:lambda$new$0(46)) - omNode-2@group-523986131536->omNode-1: nextIndex: updateUnconditionally 27 -> 21
2021-10-17 01:36:25,392 [grpc-default-executor-3] INFO  server.RaftServer$Division (RaftServerImpl.java:checkInconsistentAppendEntries(1319)) - omNode-1@group-523986131536: Failed appendEntries as previous log entry ((t:4, i:26)) is not found
2021-10-17 01:36:25,392 [grpc-default-executor-3] INFO  server.RaftServer$Division (RaftServerImpl.java:checkInconsistentAppendEntries(1285)) - omNode-1@group-523986131536: inconsistency entries. Reply:omNode-2<-omNode-1#10189:FAIL-t4,INCONSISTENCY,nextIndex=21,followerCommit=20
2021-10-17 01:36:25,393 [grpc-default-executor-3] INFO  leader.FollowerInfo (FollowerInfoImpl.java:lambda$new$0(46)) - omNode-2@group-523986131536->omNode-1: nextIndex: updateUnconditionally 27 -> 21
2021-10-17 01:36:25,894 [grpc-default-executor-3] INFO  server.RaftServer$Division (RaftServerImpl.java:checkInconsistentAppendEntries(1319)) - omNode-1@group-523986131536: Failed appendEntries as previous log entry ((t:4, i:26)) is not found
2021-10-17 01:36:25,895 [grpc-default-executor-3] INFO  server.RaftServer$Division (RaftServerImpl.java:checkInconsistentAppendEntries(1285)) - omNode-1@group-523986131536: inconsistency entries. Reply:omNode-2<-omNode-1#10240:FAIL-t4,INCONSISTENCY,nextIndex=21,followerCommit=20
2021-10-17 01:36:25,895 [grpc-default-executor-3] INFO  leader.FollowerInfo (FollowerInfoImpl.java:lambda$new$0(46)) - omNode-2@group-523986131536->omNode-1: nextIndex: updateUnconditionally 27 -> 21
2021-10-17 01:36:26,397 [grpc-default-executor-3] INFO  server.RaftServer$Division (RaftServerImpl.java:checkInconsistentAppendEntries(1319)) - omNode-1@group-523986131536: Failed appendEntries as previous log entry ((t:4, i:26)) is not found
2021-10-17 01:36:26,397 [grpc-default-executor-3] INFO  server.RaftServer$Division (RaftServerImpl.java:checkInconsistentAppendEntries(1285)) - omNode-1@group-523986131536: inconsistency entries. Reply:omNode-2<-omNode-1#10291:FAIL-t4,INCONSISTENCY,nextIndex=21,followerCommit=20
2021-10-17 01:36:26,397 [grpc-default-executor-6] INFO  leader.FollowerInfo (FollowerInfoImpl.java:lambda$new$0(46)) - omNode-2@group-523986131536->omNode-1: nextIndex: updateUnconditionally 27 -> 21
2021-10-17 01:36:26,899 [grpc-default-executor-6] INFO  server.RaftServer$Division (RaftServerImpl.java:checkInconsistentAppendEntries(1319)) - omNode-1@group-523986131536: Failed appendEntries as previous log entry ((t:4, i:26)) is not found
2021-10-17 01:36:26,899 [grpc-default-executor-6] INFO  server.RaftServer$Division (RaftServerImpl.java:checkInconsistentAppendEntries(1285)) - omNode-1@group-523986131536: inconsistency entries. Reply:omNode-2<-omNode-1#10342:FAIL-t4,INCONSISTENCY,nextIndex=21,followerCommit=20
2021-10-17 01:36:26,900 [grpc-default-executor-6] INFO  leader.FollowerInfo (FollowerInfoImpl.java:lambda$new$0(46)) - omNode-2@group-523986131536->omNode-1: nextIndex: updateUnconditionally 27 -> 21
2021-10-17 01:36:27,401 [grpc-default-executor-3] INFO  server.RaftServer$Division (RaftServerImpl.java:checkInconsistentAppendEntries(1319)) - omNode-1@group-523986131536: Failed appendEntries as previous log entry ((t:4, i:26)) is not found
2021-10-17 01:36:27,401 [grpc-default-executor-3] INFO  server.RaftServer$Division (RaftServerImpl.java:checkInconsistentAppendEntries(1285)) - omNode-1@group-523986131536: inconsistency entries. Reply:omNode-2<-omNode-1#10393:FAIL-t4,INCONSISTENCY,nextIndex=21,followerCommit=20
2021-10-17 01:36:27,401 [grpc-default-executor-3] INFO  leader.FollowerInfo (FollowerInfoImpl.java:lambda$new$0(46)) - omNode-2@group-523986131536->omNode-1: nextIndex: updateUnconditionally 27 -> 21
2021-10-17 01:36:27,903 [grpc-default-executor-6] INFO  server.RaftServer$Division (RaftServerImpl.java:checkInconsistentAppendEntries(1319)) - omNode-1@group-523986131536: Failed appendEntries as previous log entry ((t:4, i:26)) is not found
2021-10-17 01:36:27,903 [grpc-default-executor-6] INFO  server.RaftServer$Division (RaftServerImpl.java:checkInconsistentAppendEntries(1285)) - omNode-1@group-523986131536: inconsistency entries. Reply:omNode-2<-omNode-1#10444:FAIL-t4,INCONSISTENCY,nextIndex=21,followerCommit=20
2021-10-17 01:36:27,903 [grpc-default-executor-6] INFO  leader.FollowerInfo (FollowerInfoImpl.java:lambda$new$0(46)) - omNode-2@group-523986131536->omNode-1: nextIndex: updateUnconditionally 27 -> 21
2021-10-17 01:36:28,405 [grpc-default-executor-6] INFO  server.RaftServer$Division (RaftServerImpl.java:checkInconsistentAppendEntries(1319)) - omNode-1@group-523986131536: Failed appendEntries as previous log entry ((t:4, i:26)) is not found
2021-10-17 01:36:28,405 [grpc-default-executor-6] INFO  server.RaftServer$Division (RaftServerImpl.java:checkInconsistentAppendEntries(1285)) - omNode-1@group-523986131536: inconsistency entries. Reply:omNode-2<-omNode-1#10495:FAIL-t4,INCONSISTENCY,nextIndex=21,followerCommit=20
2021-10-17 01:36:28,406 [grpc-default-executor-6] INFO  leader.FollowerInfo (FollowerInfoImpl.java:lambda$new$0(46)) - omNode-2@group-523986131536->omNode-1: nextIndex: updateUnconditionally 27 -> 21
2021-10-17 01:36:28,907 [grpc-default-executor-6] INFO  server.RaftServer$Division (RaftServerImpl.java:checkInconsistentAppendEntries(1319)) - omNode-1@group-523986131536: Failed appendEntries as previous log entry ((t:4, i:26)) is not found
2021-10-17 01:36:28,908 [grpc-default-executor-6] INFO  server.RaftServer$Division (RaftServerImpl.java:checkInconsistentAppendEntries(1285)) - omNode-1@group-523986131536: inconsistency entries. Reply:omNode-2<-omNode-1#10546:FAIL-t4,INCONSISTENCY,nextIndex=21,followerCommit=20
2021-10-17 01:36:28,908 [grpc-default-executor-6] INFO  leader.FollowerInfo (FollowerInfoImpl.java:lambda$new$0(46)) - omNode-2@group-523986131536->omNode-1: nextIndex: updateUnconditionally 27 -> 21
2021-10-17 01:36:29,409 [grpc-default-executor-3] INFO  server.RaftServer$Division (RaftServerImpl.java:checkInconsistentAppendEntries(1319)) - omNode-1@group-523986131536: Failed appendEntries as previous log entry ((t:4, i:26)) is not found
2021-10-17 01:36:29,410 [grpc-default-executor-3] INFO  server.RaftServer$Division (RaftServerImpl.java:checkInconsistentAppendEntries(1285)) - omNode-1@group-523986131536: inconsistency entries. Reply:omNode-2<-omNode-1#10597:FAIL-t4,INCONSISTENCY,nextIndex=21,followerCommit=20
2021-10-17 01:36:29,410 [grpc-default-executor-6] INFO  leader.FollowerInfo (FollowerInfoImpl.java:lambda$new$0(46)) - omNode-2@group-523986131536->omNode-1: nextIndex: updateUnconditionally 27 -> 21
2021-10-17 01:36:29,912 [grpc-default-executor-3] INFO  server.RaftServer$Division (RaftServerImpl.java:checkInconsistentAppendEntries(1319)) - omNode-1@group-523986131536: Failed appendEntries as previous log entry ((t:4, i:26)) is not found
2021-10-17 01:36:29,912 [grpc-default-executor-3] INFO  server.RaftServer$Division (RaftServerImpl.java:checkInconsistentAppendEntries(1285)) - omNode-1@group-523986131536: inconsistency entries. Reply:omNode-2<-omNode-1#10648:FAIL-t4,INCONSISTENCY,nextIndex=21,followerCommit=20
2021-10-17 01:36:29,913 [grpc-default-executor-3] INFO  leader.FollowerInfo (FollowerInfoImpl.java:lambda$new$0(46)) - omNode-2@group-523986131536->omNode-1: nextIndex: updateUnconditionally 27 -> 21
2021-10-17 01:36:30,414 [grpc-default-executor-6] INFO  server.RaftServer$Division (RaftServerImpl.java:checkInconsistentAppendEntries(1319)) - omNode-1@group-523986131536: Failed appendEntries as previous log entry ((t:4, i:26)) is not found
2021-10-17 01:36:30,415 [grpc-default-executor-6] INFO  server.RaftServer$Division (RaftServerImpl.java:checkInconsistentAppendEntries(1285)) - omNode-1@group-523986131536: inconsistency entries. Reply:omNode-2<-omNode-1#10699:FAIL-t4,INCONSISTENCY,nextIndex=21,followerCommit=20
2021-10-17 01:36:30,416 [grpc-default-executor-3] INFO  leader.FollowerInfo (FollowerInfoImpl.java:lambda$new$0(46)) - omNode-2@group-523986131536->omNode-1: nextIndex: updateUnconditionally 27 -> 21
2021-10-17 01:36:30,917 [grpc-default-executor-6] INFO  server.RaftServer$Division (RaftServerImpl.java:checkInconsistentAppendEntries(1319)) - omNode-1@group-523986131536: Failed appendEntries as previous log entry ((t:4, i:26)) is not found
2021-10-17 01:36:30,917 [grpc-default-executor-6] INFO  server.RaftServer$Division (RaftServerImpl.java:checkInconsistentAppendEntries(1285)) - omNode-1@group-523986131536: inconsistency entries. Reply:omNode-2<-omNode-1#10750:FAIL-t4,INCONSISTENCY,nextIndex=21,followerCommit=20
2021-10-17 01:36:30,918 [grpc-default-executor-6] INFO  leader.FollowerInfo (FollowerInfoImpl.java:lambda$new$0(46)) - omNode-2@group-523986131536->omNode-1: nextIndex: updateUnconditionally 27 -> 21
2021-10-17 01:36:31,420 [grpc-default-executor-3] INFO  server.RaftServer$Division (RaftServerImpl.java:checkInconsistentAppendEntries(1319)) - omNode-1@group-523986131536: Failed appendEntries as previous log entry ((t:4, i:26)) is not found
2021-10-17 01:36:31,420 [grpc-default-executor-3] INFO  server.RaftServer$Division (RaftServerImpl.java:checkInconsistentAppendEntries(1285)) - omNode-1@group-523986131536: inconsistency entries. Reply:omNode-2<-omNode-1#10801:FAIL-t4,INCONSISTENCY,nextIndex=21,followerCommit=20
2021-10-17 01:36:31,420 [grpc-default-executor-6] INFO  leader.FollowerInfo (FollowerInfoImpl.java:lambda$new$0(46)) - omNode-2@group-523986131536->omNode-1: nextIndex: updateUnconditionally 27 -> 21
2021-10-17 01:36:31,922 [grpc-default-executor-3] INFO  server.RaftServer$Division (RaftServerImpl.java:checkInconsistentAppendEntries(1319)) - omNode-1@group-523986131536: Failed appendEntries as previous log entry ((t:4, i:26)) is not found
2021-10-17 01:36:31,922 [grpc-default-executor-3] INFO  server.RaftServer$Division (RaftServerImpl.java:checkInconsistentAppendEntries(1285)) - omNode-1@group-523986131536: inconsistency entries. Reply:omNode-2<-omNode-1#10852:FAIL-t4,INCONSISTENCY,nextIndex=21,followerCommit=20
2021-10-17 01:36:31,923 [grpc-default-executor-3] INFO  leader.FollowerInfo (FollowerInfoImpl.java:lambda$new$0(46)) - omNode-2@group-523986131536->omNode-1: nextIndex: updateUnconditionally 27 -> 21
2021-10-17 01:36:32,424 [grpc-default-executor-3] INFO  server.RaftServer$Division (RaftServerImpl.java:checkInconsistentAppendEntries(1319)) - omNode-1@group-523986131536: Failed appendEntries as previous log entry ((t:4, i:26)) is not found
2021-10-17 01:36:32,424 [grpc-default-executor-3] INFO  server.RaftServer$Division (RaftServerImpl.java:checkInconsistentAppendEntries(1285)) - omNode-1@group-523986131536: inconsistency entries. Reply:omNode-2<-omNode-1#10903:FAIL-t4,INCONSISTENCY,nextIndex=21,followerCommit=20
2021-10-17 01:36:32,425 [grpc-default-executor-3] INFO  leader.FollowerInfo (FollowerInfoImpl.java:lambda$new$0(46)) - omNode-2@group-523986131536->omNode-1: nextIndex: updateUnconditionally 27 -> 21
2021-10-17 01:36:32,926 [grpc-default-executor-3] INFO  server.RaftServer$Division (RaftServerImpl.java:checkInconsistentAppendEntries(1319)) - omNode-1@group-523986131536: Failed appendEntries as previous log entry ((t:4, i:26)) is not found
2021-10-17 01:36:32,927 [grpc-default-executor-3] INFO  server.RaftServer$Division (RaftServerImpl.java:checkInconsistentAppendEntries(1285)) - omNode-1@group-523986131536: inconsistency entries. Reply:omNode-2<-omNode-1#10954:FAIL-t4,INCONSISTENCY,nextIndex=21,followerCommit=20
2021-10-17 01:36:32,927 [grpc-default-executor-3] INFO  leader.FollowerInfo (FollowerInfoImpl.java:lambda$new$0(46)) - omNode-2@group-523986131536->omNode-1: nextIndex: updateUnconditionally 27 -> 21
2021-10-17 01:36:33,428 [grpc-default-executor-6] INFO  server.RaftServer$Division (RaftServerImpl.java:checkInconsistentAppendEntries(1319)) - omNode-1@group-523986131536: Failed appendEntries as previous log entry ((t:4, i:26)) is not found
2021-10-17 01:36:33,428 [grpc-default-executor-6] INFO  server.RaftServer$Division (RaftServerImpl.java:checkInconsistentAppendEntries(1285)) - omNode-1@group-523986131536: inconsistency entries. Reply:omNode-2<-omNode-1#11005:FAIL-t4,INCONSISTENCY,nextIndex=21,followerCommit=20
2021-10-17 01:36:33,429 [grpc-default-executor-3] INFO  leader.FollowerInfo (FollowerInfoImpl.java:lambda$new$0(46)) - omNode-2@group-523986131536->omNode-1: nextIndex: updateUnconditionally 27 -> 21
2021-10-17 01:36:33,930 [grpc-default-executor-6] INFO  server.RaftServer$Division (RaftServerImpl.java:checkInconsistentAppendEntries(1319)) - omNode-1@group-523986131536: Failed appendEntries as previous log entry ((t:4, i:26)) is not found
2021-10-17 01:36:33,930 [grpc-default-executor-6] INFO  server.RaftServer$Division (RaftServerImpl.java:checkInconsistentAppendEntries(1285)) - omNode-1@group-523986131536: inconsistency entries. Reply:omNode-2<-omNode-1#11056:FAIL-t4,INCONSISTENCY,nextIndex=21,followerCommit=20
2021-10-17 01:36:33,931 [grpc-default-executor-3] INFO  leader.FollowerInfo (FollowerInfoImpl.java:lambda$new$0(46)) - omNode-2@group-523986131536->omNode-1: nextIndex: updateUnconditionally 27 -> 21
2021-10-17 01:36:34,432 [grpc-default-executor-6] INFO  server.RaftServer$Division (RaftServerImpl.java:checkInconsistentAppendEntries(1319)) - omNode-1@group-523986131536: Failed appendEntries as previous log entry ((t:4, i:26)) is not found
2021-10-17 01:36:34,433 [grpc-default-executor-6] INFO  server.RaftServer$Division (RaftServerImpl.java:checkInconsistentAppendEntries(1285)) - omNode-1@group-523986131536: inconsistency entries. Reply:omNode-2<-omNode-1#11107:FAIL-t4,INCONSISTENCY,nextIndex=21,followerCommit=20
2021-10-17 01:36:34,433 [grpc-default-executor-6] INFO  leader.FollowerInfo (FollowerInfoImpl.java:lambda$new$0(46)) - omNode-2@group-523986131536->omNode-1: nextIndex: updateUnconditionally 27 -> 21
2021-10-17 01:36:34,935 [grpc-default-executor-6] INFO  server.RaftServer$Division (RaftServerImpl.java:checkInconsistentAppendEntries(1319)) - omNode-1@group-523986131536: Failed appendEntries as previous log entry ((t:4, i:26)) is not found
2021-10-17 01:36:34,935 [grpc-default-executor-6] INFO  server.RaftServer$Division (RaftServerImpl.java:checkInconsistentAppendEntries(1285)) - omNode-1@group-523986131536: inconsistency entries. Reply:omNode-2<-omNode-1#11158:FAIL-t4,INCONSISTENCY,nextIndex=21,followerCommit=20
2021-10-17 01:36:34,936 [grpc-default-executor-6] INFO  leader.FollowerInfo (FollowerInfoImpl.java:lambda$new$0(46)) - omNode-2@group-523986131536->omNode-1: nextIndex: updateUnconditionally 27 -> 21
2021-10-17 01:36:35,437 [grpc-default-executor-6] INFO  server.RaftServer$Division (RaftServerImpl.java:checkInconsistentAppendEntries(1319)) - omNode-1@group-523986131536: Failed appendEntries as previous log entry ((t:4, i:26)) is not found
2021-10-17 01:36:35,438 [grpc-default-executor-6] INFO  server.RaftServer$Division (RaftServerImpl.java:checkInconsistentAppendEntries(1285)) - omNode-1@group-523986131536: inconsistency entries. Reply:omNode-2<-omNode-1#11209:FAIL-t4,INCONSISTENCY,nextIndex=21,followerCommit=20
2021-10-17 01:36:35,438 [grpc-default-executor-6] INFO  leader.FollowerInfo (FollowerInfoImpl.java:lambda$new$0(46)) - omNode-2@group-523986131536->omNode-1: nextIndex: updateUnconditionally 27 -> 21
2021-10-17 01:36:35,939 [grpc-default-executor-6] INFO  server.RaftServer$Division (RaftServerImpl.java:checkInconsistentAppendEntries(1319)) - omNode-1@group-523986131536: Failed appendEntries as previous log entry ((t:4, i:26)) is not found
2021-10-17 01:36:35,939 [grpc-default-executor-6] INFO  server.RaftServer$Division (RaftServerImpl.java:checkInconsistentAppendEntries(1285)) - omNode-1@group-523986131536: inconsistency entries. Reply:omNode-2<-omNode-1#11260:FAIL-t4,INCONSISTENCY,nextIndex=21,followerCommit=20
2021-10-17 01:36:35,940 [grpc-default-executor-0] INFO  leader.FollowerInfo (FollowerInfoImpl.java:lambda$new$0(46)) - omNode-2@group-523986131536->omNode-1: nextIndex: updateUnconditionally 27 -> 21
2021-10-17 01:36:36,441 [grpc-default-executor-6] INFO  server.RaftServer$Division (RaftServerImpl.java:checkInconsistentAppendEntries(1319)) - omNode-1@group-523986131536: Failed appendEntries as previous log entry ((t:4, i:26)) is not found
2021-10-17 01:36:36,441 [grpc-default-executor-6] INFO  server.RaftServer$Division (RaftServerImpl.java:checkInconsistentAppendEntries(1285)) - omNode-1@group-523986131536: inconsistency entries. Reply:omNode-2<-omNode-1#11311:FAIL-t4,INCONSISTENCY,nextIndex=21,followerCommit=20
2021-10-17 01:36:36,442 [grpc-default-executor-6] INFO  leader.FollowerInfo (FollowerInfoImpl.java:lambda$new$0(46)) - omNode-2@group-523986131536->omNode-1: nextIndex: updateUnconditionally 27 -> 21
2021-10-17 01:36:36,943 [grpc-default-executor-6] INFO  server.RaftServer$Division (RaftServerImpl.java:checkInconsistentAppendEntries(1319)) - omNode-1@group-523986131536: Failed appendEntries as previous log entry ((t:4, i:26)) is not found
2021-10-17 01:36:36,943 [grpc-default-executor-6] INFO  server.RaftServer$Division (RaftServerImpl.java:checkInconsistentAppendEntries(1285)) - omNode-1@group-523986131536: inconsistency entries. Reply:omNode-2<-omNode-1#11362:FAIL-t4,INCONSISTENCY,nextIndex=21,followerCommit=20
2021-10-17 01:36:36,944 [grpc-default-executor-0] INFO  leader.FollowerInfo (FollowerInfoImpl.java:lambda$new$0(46)) - omNode-2@group-523986131536->omNode-1: nextIndex: updateUnconditionally 27 -> 21
2021-10-17 01:36:37,445 [grpc-default-executor-6] INFO  server.RaftServer$Division (RaftServerImpl.java:checkInconsistentAppendEntries(1319)) - omNode-1@group-523986131536: Failed appendEntries as previous log entry ((t:4, i:26)) is not found
2021-10-17 01:36:37,445 [grpc-default-executor-6] INFO  server.RaftServer$Division (RaftServerImpl.java:checkInconsistentAppendEntries(1285)) - omNode-1@group-523986131536: inconsistency entries. Reply:omNode-2<-omNode-1#11413:FAIL-t4,INCONSISTENCY,nextIndex=21,followerCommit=20
2021-10-17 01:36:37,446 [grpc-default-executor-6] INFO  leader.FollowerInfo (FollowerInfoImpl.java:lambda$new$0(46)) - omNode-2@group-523986131536->omNode-1: nextIndex: updateUnconditionally 27 -> 21
2021-10-17 01:36:37,947 [grpc-default-executor-6] INFO  server.RaftServer$Division (RaftServerImpl.java:checkInconsistentAppendEntries(1319)) - omNode-1@group-523986131536: Failed appendEntries as previous log entry ((t:4, i:26)) is not found
2021-10-17 01:36:37,947 [grpc-default-executor-6] INFO  server.RaftServer$Division (RaftServerImpl.java:checkInconsistentAppendEntries(1285)) - omNode-1@group-523986131536: inconsistency entries. Reply:omNode-2<-omNode-1#11464:FAIL-t4,INCONSISTENCY,nextIndex=21,followerCommit=20
2021-10-17 01:36:37,948 [grpc-default-executor-6] INFO  leader.FollowerInfo (FollowerInfoImpl.java:lambda$new$0(46)) - omNode-2@group-523986131536->omNode-1: nextIndex: updateUnconditionally 27 -> 21
2021-10-17 01:36:38,449 [grpc-default-executor-0] INFO  server.RaftServer$Division (RaftServerImpl.java:checkInconsistentAppendEntries(1319)) - omNode-1@group-523986131536: Failed appendEntries as previous log entry ((t:4, i:26)) is not found
2021-10-17 01:36:38,450 [grpc-default-executor-0] INFO  server.RaftServer$Division (RaftServerImpl.java:checkInconsistentAppendEntries(1285)) - omNode-1@group-523986131536: inconsistency entries. Reply:omNode-2<-omNode-1#11515:FAIL-t4,INCONSISTENCY,nextIndex=21,followerCommit=20
2021-10-17 01:36:38,450 [grpc-default-executor-0] INFO  leader.FollowerInfo (FollowerInfoImpl.java:lambda$new$0(46)) - omNode-2@group-523986131536->omNode-1: nextIndex: updateUnconditionally 27 -> 21
2021-10-17 01:36:38,951 [grpc-default-executor-6] INFO  server.RaftServer$Division (RaftServerImpl.java:checkInconsistentAppendEntries(1319)) - omNode-1@group-523986131536: Failed appendEntries as previous log entry ((t:4, i:26)) is not found
2021-10-17 01:36:38,951 [grpc-default-executor-6] INFO  server.RaftServer$Division (RaftServerImpl.java:checkInconsistentAppendEntries(1285)) - omNode-1@group-523986131536: inconsistency entries. Reply:omNode-2<-omNode-1#11566:FAIL-t4,INCONSISTENCY,nextIndex=21,followerCommit=20
2021-10-17 01:36:38,951 [grpc-default-executor-6] INFO  leader.FollowerInfo (FollowerInfoImpl.java:lambda$new$0(46)) - omNode-2@group-523986131536->omNode-1: nextIndex: updateUnconditionally 27 -> 21
2021-10-17 01:36:39,453 [grpc-default-executor-6] INFO  server.RaftServer$Division (RaftServerImpl.java:checkInconsistentAppendEntries(1319)) - omNode-1@group-523986131536: Failed appendEntries as previous log entry ((t:4, i:26)) is not found
2021-10-17 01:36:39,453 [grpc-default-executor-6] INFO  server.RaftServer$Division (RaftServerImpl.java:checkInconsistentAppendEntries(1285)) - omNode-1@group-523986131536: inconsistency entries. Reply:omNode-2<-omNode-1#11617:FAIL-t4,INCONSISTENCY,nextIndex=21,followerCommit=20
2021-10-17 01:36:39,453 [grpc-default-executor-6] INFO  leader.FollowerInfo (FollowerInfoImpl.java:lambda$new$0(46)) - omNode-2@group-523986131536->omNode-1: nextIndex: updateUnconditionally 27 -> 21
2021-10-17 01:36:39,956 [grpc-default-executor-0] INFO  server.RaftServer$Division (RaftServerImpl.java:checkInconsistentAppendEntries(1319)) - omNode-1@group-523986131536: Failed appendEntries as previous log entry ((t:4, i:26)) is not found
2021-10-17 01:36:39,956 [grpc-default-executor-0] INFO  server.RaftServer$Division (RaftServerImpl.java:checkInconsistentAppendEntries(1285)) - omNode-1@group-523986131536: inconsistency entries. Reply:omNode-2<-omNode-1#11668:FAIL-t4,INCONSISTENCY,nextIndex=21,followerCommit=20
2021-10-17 01:36:39,956 [grpc-default-executor-0] INFO  leader.FollowerInfo (FollowerInfoImpl.java:lambda$new$0(46)) - omNode-2@group-523986131536->omNode-1: nextIndex: updateUnconditionally 27 -> 21
2021-10-17 01:36:40,458 [grpc-default-executor-0] INFO  server.RaftServer$Division (RaftServerImpl.java:checkInconsistentAppendEntries(1319)) - omNode-1@group-523986131536: Failed appendEntries as previous log entry ((t:4, i:26)) is not found
2021-10-17 01:36:40,458 [grpc-default-executor-0] INFO  server.RaftServer$Division (RaftServerImpl.java:checkInconsistentAppendEntries(1285)) - omNode-1@group-523986131536: inconsistency entries. Reply:omNode-2<-omNode-1#11719:FAIL-t4,INCONSISTENCY,nextIndex=21,followerCommit=20
2021-10-17 01:36:40,458 [grpc-default-executor-0] INFO  leader.FollowerInfo (FollowerInfoImpl.java:lambda$new$0(46)) - omNode-2@group-523986131536->omNode-1: nextIndex: updateUnconditionally 27 -> 21
2021-10-17 01:36:40,960 [grpc-default-executor-6] INFO  server.RaftServer$Division (RaftServerImpl.java:checkInconsistentAppendEntries(1319)) - omNode-1@group-523986131536: Failed appendEntries as previous log entry ((t:4, i:26)) is not found
2021-10-17 01:36:40,960 [grpc-default-executor-6] INFO  server.RaftServer$Division (RaftServerImpl.java:checkInconsistentAppendEntries(1285)) - omNode-1@group-523986131536: inconsistency entries. Reply:omNode-2<-omNode-1#11770:FAIL-t4,INCONSISTENCY,nextIndex=21,followerCommit=20
2021-10-17 01:36:40,960 [grpc-default-executor-6] INFO  leader.FollowerInfo (FollowerInfoImpl.java:lambda$new$0(46)) - omNode-2@group-523986131536->omNode-1: nextIndex: updateUnconditionally 27 -> 21
2021-10-17 01:36:41,462 [grpc-default-executor-6] INFO  server.RaftServer$Division (RaftServerImpl.java:checkInconsistentAppendEntries(1319)) - omNode-1@group-523986131536: Failed appendEntries as previous log entry ((t:4, i:26)) is not found
2021-10-17 01:36:41,462 [grpc-default-executor-6] INFO  server.RaftServer$Division (RaftServerImpl.java:checkInconsistentAppendEntries(1285)) - omNode-1@group-523986131536: inconsistency entries. Reply:omNode-2<-omNode-1#11821:FAIL-t4,INCONSISTENCY,nextIndex=21,followerCommit=20
2021-10-17 01:36:41,462 [grpc-default-executor-6] INFO  leader.FollowerInfo (FollowerInfoImpl.java:lambda$new$0(46)) - omNode-2@group-523986131536->omNode-1: nextIndex: updateUnconditionally 27 -> 21
2021-10-17 01:36:41,963 [grpc-default-executor-6] INFO  server.RaftServer$Division (RaftServerImpl.java:checkInconsistentAppendEntries(1319)) - omNode-1@group-523986131536: Failed appendEntries as previous log entry ((t:4, i:26)) is not found
2021-10-17 01:36:41,964 [grpc-default-executor-6] INFO  server.RaftServer$Division (RaftServerImpl.java:checkInconsistentAppendEntries(1285)) - omNode-1@group-523986131536: inconsistency entries. Reply:omNode-2<-omNode-1#11872:FAIL-t4,INCONSISTENCY,nextIndex=21,followerCommit=20
2021-10-17 01:36:41,964 [grpc-default-executor-6] INFO  leader.FollowerInfo (FollowerInfoImpl.java:lambda$new$0(46)) - omNode-2@group-523986131536->omNode-1: nextIndex: updateUnconditionally 27 -> 21
2021-10-17 01:36:42,465 [grpc-default-executor-6] INFO  server.RaftServer$Division (RaftServerImpl.java:checkInconsistentAppendEntries(1319)) - omNode-1@group-523986131536: Failed appendEntries as previous log entry ((t:4, i:26)) is not found
2021-10-17 01:36:42,465 [grpc-default-executor-6] INFO  server.RaftServer$Division (RaftServerImpl.java:checkInconsistentAppendEntries(1285)) - omNode-1@group-523986131536: inconsistency entries. Reply:omNode-2<-omNode-1#11923:FAIL-t4,INCONSISTENCY,nextIndex=21,followerCommit=20
2021-10-17 01:36:42,465 [grpc-default-executor-3] INFO  leader.FollowerInfo (FollowerInfoImpl.java:lambda$new$0(46)) - omNode-2@group-523986131536->omNode-1: nextIndex: updateUnconditionally 27 -> 21
2021-10-17 01:36:42,967 [grpc-default-executor-3] INFO  server.RaftServer$Division (RaftServerImpl.java:checkInconsistentAppendEntries(1319)) - omNode-1@group-523986131536: Failed appendEntries as previous log entry ((t:4, i:26)) is not found
2021-10-17 01:36:42,967 [grpc-default-executor-3] INFO  server.RaftServer$Division (RaftServerImpl.java:checkInconsistentAppendEntries(1285)) - omNode-1@group-523986131536: inconsistency entries. Reply:omNode-2<-omNode-1#11974:FAIL-t4,INCONSISTENCY,nextIndex=21,followerCommit=20
2021-10-17 01:36:42,968 [grpc-default-executor-3] INFO  leader.FollowerInfo (FollowerInfoImpl.java:lambda$new$0(46)) - omNode-2@group-523986131536->omNode-1: nextIndex: updateUnconditionally 27 -> 21
2021-10-17 01:36:43,469 [grpc-default-executor-6] INFO  server.RaftServer$Division (RaftServerImpl.java:checkInconsistentAppendEntries(1319)) - omNode-1@group-523986131536: Failed appendEntries as previous log entry ((t:4, i:26)) is not found
2021-10-17 01:36:43,469 [grpc-default-executor-6] INFO  server.RaftServer$Division (RaftServerImpl.java:checkInconsistentAppendEntries(1285)) - omNode-1@group-523986131536: inconsistency entries. Reply:omNode-2<-omNode-1#12025:FAIL-t4,INCONSISTENCY,nextIndex=21,followerCommit=20
2021-10-17 01:36:43,469 [grpc-default-executor-6] INFO  leader.FollowerInfo (FollowerInfoImpl.java:lambda$new$0(46)) - omNode-2@group-523986131536->omNode-1: nextIndex: updateUnconditionally 27 -> 21
2021-10-17 01:36:43,970 [grpc-default-executor-6] INFO  server.RaftServer$Division (RaftServerImpl.java:checkInconsistentAppendEntries(1319)) - omNode-1@group-523986131536: Failed appendEntries as previous log entry ((t:4, i:26)) is not found
2021-10-17 01:36:43,971 [grpc-default-executor-6] INFO  server.RaftServer$Division (RaftServerImpl.java:checkInconsistentAppendEntries(1285)) - omNode-1@group-523986131536: inconsistency entries. Reply:omNode-2<-omNode-1#12076:FAIL-t4,INCONSISTENCY,nextIndex=21,followerCommit=20
2021-10-17 01:36:43,971 [grpc-default-executor-0] INFO  leader.FollowerInfo (FollowerInfoImpl.java:lambda$new$0(46)) - omNode-2@group-523986131536->omNode-1: nextIndex: updateUnconditionally 27 -> 21
2021-10-17 01:36:44,473 [grpc-default-executor-0] INFO  server.RaftServer$Division (RaftServerImpl.java:checkInconsistentAppendEntries(1319)) - omNode-1@group-523986131536: Failed appendEntries as previous log entry ((t:4, i:26)) is not found
2021-10-17 01:36:44,473 [grpc-default-executor-0] INFO  server.RaftServer$Division (RaftServerImpl.java:checkInconsistentAppendEntries(1285)) - omNode-1@group-523986131536: inconsistency entries. Reply:omNode-2<-omNode-1#12127:FAIL-t4,INCONSISTENCY,nextIndex=21,followerCommit=20
2021-10-17 01:36:44,473 [grpc-default-executor-0] INFO  leader.FollowerInfo (FollowerInfoImpl.java:lambda$new$0(46)) - omNode-2@group-523986131536->omNode-1: nextIndex: updateUnconditionally 27 -> 21
2021-10-17 01:36:44,974 [grpc-default-executor-0] INFO  server.RaftServer$Division (RaftServerImpl.java:checkInconsistentAppendEntries(1319)) - omNode-1@group-523986131536: Failed appendEntries as previous log entry ((t:4, i:26)) is not found
2021-10-17 01:36:44,975 [grpc-default-executor-0] INFO  server.RaftServer$Division (RaftServerImpl.java:checkInconsistentAppendEntries(1285)) - omNode-1@group-523986131536: inconsistency entries. Reply:omNode-2<-omNode-1#12178:FAIL-t4,INCONSISTENCY,nextIndex=21,followerCommit=20
2021-10-17 01:36:44,975 [grpc-default-executor-0] INFO  leader.FollowerInfo (FollowerInfoImpl.java:lambda$new$0(46)) - omNode-2@group-523986131536->omNode-1: nextIndex: updateUnconditionally 27 -> 21
2021-10-17 01:36:45,476 [grpc-default-executor-0] INFO  server.RaftServer$Division (RaftServerImpl.java:checkInconsistentAppendEntries(1319)) - omNode-1@group-523986131536: Failed appendEntries as previous log entry ((t:4, i:26)) is not found
2021-10-17 01:36:45,476 [grpc-default-executor-0] INFO  server.RaftServer$Division (RaftServerImpl.java:checkInconsistentAppendEntries(1285)) - omNode-1@group-523986131536: inconsistency entries. Reply:omNode-2<-omNode-1#12229:FAIL-t4,INCONSISTENCY,nextIndex=21,followerCommit=20
2021-10-17 01:36:45,477 [grpc-default-executor-0] INFO  leader.FollowerInfo (FollowerInfoImpl.java:lambda$new$0(46)) - omNode-2@group-523986131536->omNode-1: nextIndex: updateUnconditionally 27 -> 21
2021-10-17 01:36:45,978 [grpc-default-executor-6] INFO  server.RaftServer$Division (RaftServerImpl.java:checkInconsistentAppendEntries(1319)) - omNode-1@group-523986131536: Failed appendEntries as previous log entry ((t:4, i:26)) is not found
2021-10-17 01:36:45,978 [grpc-default-executor-6] INFO  server.RaftServer$Division (RaftServerImpl.java:checkInconsistentAppendEntries(1285)) - omNode-1@group-523986131536: inconsistency entries. Reply:omNode-2<-omNode-1#12280:FAIL-t4,INCONSISTENCY,nextIndex=21,followerCommit=20
2021-10-17 01:36:45,979 [grpc-default-executor-6] INFO  leader.FollowerInfo (FollowerInfoImpl.java:lambda$new$0(46)) - omNode-2@group-523986131536->omNode-1: nextIndex: updateUnconditionally 27 -> 21
2021-10-17 01:36:46,480 [grpc-default-executor-6] INFO  server.RaftServer$Division (RaftServerImpl.java:checkInconsistentAppendEntries(1319)) - omNode-1@group-523986131536: Failed appendEntries as previous log entry ((t:4, i:26)) is not found
2021-10-17 01:36:46,480 [grpc-default-executor-6] INFO  server.RaftServer$Division (RaftServerImpl.java:checkInconsistentAppendEntries(1285)) - omNode-1@group-523986131536: inconsistency entries. Reply:omNode-2<-omNode-1#12331:FAIL-t4,INCONSISTENCY,nextIndex=21,followerCommit=20
2021-10-17 01:36:46,481 [grpc-default-executor-6] INFO  leader.FollowerInfo (FollowerInfoImpl.java:lambda$new$0(46)) - omNode-2@group-523986131536->omNode-1: nextIndex: updateUnconditionally 27 -> 21
2021-10-17 01:36:46,909 [Time-limited test] INFO  om.OzoneManager (OzoneManager.java:stop(1664)) - Stopping Ozone Manager
2021-10-17 01:36:46,909 [Time-limited test] INFO  ipc.Server (Server.java:stop(3414)) - Stopping server on 11184
2021-10-17 01:36:46,912 [IPC Server listener on 11184] INFO  ipc.Server (Server.java:run(1376)) - Stopping IPC Server listener on 11184
2021-10-17 01:36:46,913 [IPC Server Responder] INFO  ipc.Server (Server.java:run(1512)) - Stopping IPC Server Responder
2021-10-17 01:36:46,914 [Time-limited test] INFO  server.RaftServer (RaftServerProxy.java:lambda$close$6(391)) - omNode-3: close
2021-10-17 01:36:46,914 [Time-limited test] INFO  server.RaftServer$Division (RaftServerImpl.java:lambda$close$4(407)) - omNode-3@group-523986131536: shutdown
2021-10-17 01:36:46,914 [Time-limited test] INFO  util.JmxRegister (JmxRegister.java:unregister(73)) - Successfully un-registered JMX Bean with object name Ratis:service=RaftServer,group=group-523986131536,id=omNode-3
2021-10-17 01:36:46,914 [Time-limited test] INFO  impl.RoleInfo (RoleInfo.java:shutdownFollowerState(108)) - omNode-3: shutdown omNode-3@group-523986131536-FollowerState
2021-10-17 01:36:46,914 [Time-limited test] INFO  impl.StateMachineUpdater (StateMachineUpdater.java:stopAndJoin(149)) - omNode-3@group-523986131536-StateMachineUpdater: set stopIndex = 26
2021-10-17 01:36:46,914 [omNode-3@group-523986131536-StateMachineUpdater] INFO  ratis.OzoneManagerStateMachine (OzoneManagerStateMachine.java:takeSnapshot(417)) - Current Snapshot Index (t:4, i:26)
2021-10-17 01:36:46,917 [omNode-3@group-523986131536-StateMachineUpdater] INFO  impl.StateMachineUpdater (StateMachineUpdater.java:takeSnapshot(281)) - omNode-3@group-523986131536-StateMachineUpdater: Took a snapshot at index 26
2021-10-17 01:36:46,917 [omNode-3@group-523986131536-StateMachineUpdater] INFO  impl.StateMachineUpdater (StateMachineUpdater.java:lambda$new$0(89)) - omNode-3@group-523986131536-StateMachineUpdater: snapshotIndex: updateIncreasingly 20 -> 26
2021-10-17 01:36:46,917 [omNode-3@group-523986131536-StateMachineUpdater] INFO  ratis.OzoneManagerStateMachine (OzoneManagerStateMachine.java:close(471)) - StateMachine has shutdown. Shutdown OzoneManager if not already shutdown.
2021-10-17 01:36:46,917 [Time-limited test] INFO  server.RaftServer$Division (ServerState.java:close(419)) - omNode-3@group-523986131536: closes. applyIndex: 26
2021-10-17 01:36:46,914 [omNode-3@group-523986131536-FollowerState] INFO  impl.FollowerState (FollowerState.java:run(143)) - omNode-3@group-523986131536-FollowerState was interrupted: {}
java.lang.InterruptedException: sleep interrupted
	at java.lang.Thread.sleep(Native Method)
	at java.lang.Thread.sleep(Thread.java:340)
	at java.util.concurrent.TimeUnit.sleep(TimeUnit.java:386)
	at org.apache.ratis.util.TimeDuration.sleep(TimeDuration.java:324)
	at org.apache.ratis.util.TimeDuration.sleep(TimeDuration.java:309)
	at org.apache.ratis.server.impl.FollowerState.run(FollowerState.java:118)
2021-10-17 01:36:46,917 [omNode-3@group-523986131536-SegmentedRaftLogWorker] INFO  segmented.SegmentedRaftLogWorker (SegmentedRaftLogWorker.java:run(327)) - omNode-3@group-523986131536-SegmentedRaftLogWorker was interrupted, exiting. There are 0 tasks remaining in the queue.
2021-10-17 01:36:46,919 [Time-limited test] INFO  segmented.SegmentedRaftLogWorker (SegmentedRaftLogWorker.java:close(237)) - omNode-3@group-523986131536-SegmentedRaftLogWorker close()
2021-10-17 01:36:46,920 [Time-limited test] INFO  server.GrpcService (GrpcService.java:closeImpl(262)) - omNode-3: shutdown server with port 11188 now
2021-10-17 01:36:46,925 [grpc-default-executor-0] WARN  server.GrpcServerProtocolService (LogUtils.java:warn(122)) - omNode-3: installSnapshot onError, lastRequest: omNode-2->omNode-3#55-t4,previous=(t:4, i:25),leaderCommit=25,initializing? true,entries: size=1, first=(t:4, i:26), METADATAENTRY(c:25): org.apache.ratis.thirdparty.io.grpc.StatusRuntimeException: CANCELLED: client cancelled
2021-10-17 01:36:46,925 [Time-limited test] INFO  server.GrpcService (GrpcService.java:closeImpl(271)) - omNode-3: shutdown server with port 11188 successfully
2021-10-17 01:36:46,925 [org.apache.ratis.util.JvmPauseMonitor$$Lambda$523/1638607820@2e7d313a] INFO  util.JvmPauseMonitor (JvmPauseMonitor.java:run(109)) - JvmPauseMonitor-omNode-3: Stopped
2021-10-17 01:36:46,925 [Time-limited test] INFO  ratis.OzoneManagerDoubleBuffer (OzoneManagerDoubleBuffer.java:stop(437)) - Stopping OMDoubleBuffer flush thread
2021-10-17 01:36:46,925 [OMDoubleBufferFlushThread] INFO  ratis.OzoneManagerDoubleBuffer (OzoneManagerDoubleBuffer.java:flushTransactions(356)) - OMDoubleBuffer flush thread OMDoubleBufferFlushThread is interrupted and will exit. OMDoubleBufferFlushThread
2021-10-17 01:36:46,926 [Time-limited test] INFO  handler.ContextHandler (ContextHandler.java:doStop(1153)) - Stopped o.e.j.w.WebAppContext@7ec996c6{ozoneManager,/,null,STOPPED}{file:/home/runner/work/ozone/ozone/hadoop-ozone/integration-test/target/test-classes/webapps/ozoneManager}
2021-10-17 01:36:46,928 [grpc-default-executor-6] WARN  server.GrpcLogAppender (LogUtils.java:warn(122)) - omNode-2@group-523986131536->omNode-3-AppendLogResponseHandler: Failed appendEntries: org.apache.ratis.thirdparty.io.grpc.StatusRuntimeException: CANCELLED: HTTP/2 error code: CANCEL
Received Rst Stream
2021-10-17 01:36:46,928 [grpc-default-executor-6] INFO  leader.FollowerInfo (FollowerInfoImpl.java:lambda$new$0(46)) - omNode-2@group-523986131536->omNode-3: nextIndex: updateUnconditionally 27 -> 26
2021-10-17 01:36:46,929 [Time-limited test] INFO  server.AbstractConnector (AbstractConnector.java:doStop(381)) - Stopped ServerConnector@e2a6f6{HTTP/1.1, (http/1.1)}{0.0.0.0:11186}
2021-10-17 01:36:46,930 [Time-limited test] INFO  server.session (HouseKeeper.java:stopScavenging(149)) - node0 Stopped scavenging
2021-10-17 01:36:46,930 [Time-limited test] INFO  handler.ContextHandler (ContextHandler.java:doStop(1153)) - Stopped o.e.j.s.ServletContextHandler@da355ab{static,/static,file:///home/runner/work/ozone/ozone/hadoop-ozone/integration-test/target/test-classes/webapps/static,STOPPED}
2021-10-17 01:36:46,930 [Time-limited test] INFO  handler.ContextHandler (ContextHandler.java:doStop(1153)) - Stopped o.e.j.s.ServletContextHandler@52cdcb38{logs,/logs,file:///home/runner/work/ozone/ozone/hadoop-ozone/integration-test/target/log,STOPPED}
2021-10-17 01:36:46,934 [Time-limited test] INFO  om.OzoneManager (OzoneManager.java:initFSOLayout(4357)) - Configured ozone.om.metadata.layout=SIMPLE and disabled optimized OM FS operations
2021-10-17 01:36:46,937 [Time-limited test] INFO  om.OzoneManager (OzoneManager.java:restart(1385)) - OzoneManager RPC server is listening at localhost/127.0.0.1:11184
2021-10-17 01:36:46,937 [Time-limited test] INFO  impl.MetricsSystemImpl (MetricsSystemImpl.java:init(158)) - OzoneManager metrics system started (again)
2021-10-17 01:36:46,941 [grpc-default-executor-0] WARN  server.GrpcLogAppender (LogUtils.java:warn(122)) - omNode-2@group-523986131536->omNode-3-AppendLogResponseHandler: Failed appendEntries: org.apache.ratis.thirdparty.io.grpc.StatusRuntimeException: UNAVAILABLE: io exception
2021-10-17 01:36:46,941 [grpc-default-executor-0] INFO  leader.FollowerInfo (FollowerInfoImpl.java:lambda$new$0(46)) - omNode-2@group-523986131536->omNode-3: nextIndex: updateUnconditionally 27 -> 26
2021-10-17 01:36:46,957 [Time-limited test] WARN  server.ServerUtils (ServerUtils.java:getDBPath(225)) - ozone.om.db.dirs is not configured. We recommend adding this setting. Falling back to ozone.metadata.dirs instead.
2021-10-17 01:36:46,959 [Time-limited test] INFO  codec.OmKeyInfoCodec (OmKeyInfoCodec.java:<init>(51)) - OmKeyInfoCodec ignorePipeline = true
2021-10-17 01:36:46,959 [Time-limited test] INFO  codec.RepeatedOmKeyInfoCodec (RepeatedOmKeyInfoCodec.java:<init>(42)) - RepeatedOmKeyInfoCodec ignorePipeline = true
2021-10-17 01:36:46,982 [grpc-default-executor-0] INFO  server.RaftServer$Division (RaftServerImpl.java:checkInconsistentAppendEntries(1319)) - omNode-1@group-523986131536: Failed appendEntries as previous log entry ((t:4, i:26)) is not found
2021-10-17 01:36:46,983 [grpc-default-executor-0] INFO  server.RaftServer$Division (RaftServerImpl.java:checkInconsistentAppendEntries(1285)) - omNode-1@group-523986131536: inconsistency entries. Reply:omNode-2<-omNode-1#12382:FAIL-t4,INCONSISTENCY,nextIndex=21,followerCommit=20
2021-10-17 01:36:46,983 [grpc-default-executor-0] INFO  leader.FollowerInfo (FollowerInfoImpl.java:lambda$new$0(46)) - omNode-2@group-523986131536->omNode-1: nextIndex: updateUnconditionally 27 -> 21
2021-10-17 01:36:47,020 [Time-limited test] WARN  impl.MetricRegistriesImpl (MetricRegistriesImpl.java:addReporterRegistration(111)) - New reporters are added after registries were created. Some metrics will be missing from the reporter. Please add reporter before adding any new registry.
2021-10-17 01:36:47,020 [Time-limited test] WARN  impl.MetricRegistriesImpl (MetricRegistriesImpl.java:addReporterRegistration(111)) - New reporters are added after registries were created. Some metrics will be missing from the reporter. Please add reporter before adding any new registry.
2021-10-17 01:36:47,020 [Time-limited test] WARN  server.ServerUtils (ServerUtils.java:getDefaultRatisDirectory(237)) - Storage directory for Ratis is not configured. It is a good idea to map this to an SSD disk. Falling back to ozone.metadata.dirs
2021-10-17 01:36:47,021 [Time-limited test] INFO  ratis.OzoneManagerRatisServer (OzoneManagerRatisServer.java:<init>(159)) - Instantiating OM Ratis server with groupID: om-service-test1 and peers: localhost:11188, localhost:11176, localhost:11182
2021-10-17 01:36:47,021 [Time-limited test] INFO  ratis.OzoneManagerStateMachine (OzoneManagerStateMachine.java:loadSnapshotInfoFromDB(605)) - LastAppliedIndex is set from TransactionInfo from OM DB as (t:4, i:26)
2021-10-17 01:36:47,022 [Time-limited test] INFO  server.RaftServer (ConfUtils.java:logGet(44)) - raft.rpc.type = GRPC (default)
2021-10-17 01:36:47,022 [Time-limited test] INFO  grpc.GrpcFactory (GrpcFactory.java:checkPooledByteBufAllocatorUseCacheForAllThreads(48)) - PERFORMANCE WARNING: useCacheForAllThreads is true that may cause Netty to create a lot garbage objects and, as a result, trigger GC.
	It is recommended to disable useCacheForAllThreads by setting -Dorg.apache.ratis.thirdparty.io.netty.allocator.useCacheForAllThreads=false in command line.
2021-10-17 01:36:47,022 [Time-limited test] INFO  grpc.GrpcConfigKeys (ConfUtils.java:logGet(44)) - raft.grpc.admin.port = -1 (default)
2021-10-17 01:36:47,022 [Time-limited test] INFO  grpc.GrpcConfigKeys (ConfUtils.java:logGet(44)) - raft.grpc.server.port = 11188 (custom)
2021-10-17 01:36:47,022 [Time-limited test] INFO  grpc.GrpcConfigKeys (ConfUtils.java:logGet(44)) - raft.grpc.client.port = -1 (default)
2021-10-17 01:36:47,022 [Time-limited test] INFO  grpc.GrpcConfigKeys (ConfUtils.java:logGet(44)) - raft.grpc.server.port = 11188 (custom)
2021-10-17 01:36:47,022 [Time-limited test] INFO  grpc.GrpcConfigKeys (ConfUtils.java:logGet(44)) - raft.grpc.server.port = 11188 (custom)
2021-10-17 01:36:47,022 [Time-limited test] INFO  server.GrpcService (ConfUtils.java:logGet(44)) - raft.grpc.message.size.max = 33554432 (custom)
2021-10-17 01:36:47,022 [Time-limited test] INFO  server.RaftServerConfigKeys (ConfUtils.java:logGet(44)) - raft.server.log.appender.buffer.byte-limit = 33554432 (custom)
2021-10-17 01:36:47,023 [Time-limited test] INFO  server.GrpcService (ConfUtils.java:logGet(44)) - raft.grpc.flow.control.window = 1MB (=1048576) (default)
2021-10-17 01:36:47,023 [Time-limited test] INFO  server.RaftServerConfigKeys (ConfUtils.java:logGet(44)) - raft.server.rpc.request.timeout = 3000ms (default)
2021-10-17 01:36:47,025 [Time-limited test] INFO  impl.DataStreamServerImpl (ConfUtils.java:logGet(44)) - raft.datastream.type = DISABLED (default)
2021-10-17 01:36:47,025 [Time-limited test] INFO  server.RaftServerConfigKeys (ConfUtils.java:logGet(44)) - raft.server.rpc.slowness.timeout = 2s (custom)
2021-10-17 01:36:47,025 [Time-limited test] INFO  server.RaftServerConfigKeys (ConfUtils.java:logGet(44)) - raft.server.leaderelection.leader.step-down.wait-time = 10s (default)
2021-10-17 01:36:47,025 [Time-limited test] INFO  server.RaftServerConfigKeys (ConfUtils.java:logGet(44)) - raft.server.storage.dir = [/home/runner/work/ozone/ozone/hadoop-ozone/integration-test/target/test-dir/MiniOzoneClusterImpl-e6b5673d-0e05-4a61-970a-b11d77d0bde6/omNode-3/ratis] (custom)
2021-10-17 01:36:47,026 [Time-limited test] INFO  server.RaftServer (RaftServerProxy.java:lambda$null$1(235)) - omNode-3: found a subdirectory /home/runner/work/ozone/ozone/hadoop-ozone/integration-test/target/test-dir/MiniOzoneClusterImpl-e6b5673d-0e05-4a61-970a-b11d77d0bde6/omNode-3/ratis/c9bc4cf4-3bc3-3c60-a66b-523986131536
2021-10-17 01:36:47,026 [Time-limited test] INFO  server.RaftServer (RaftServerProxy.java:addNew(95)) - omNode-3: addNew group-523986131536:[omNode-3|rpc:localhost:11188|priority:0, omNode-1|rpc:localhost:11176|priority:0, omNode-2|rpc:localhost:11182|priority:0] returns group-523986131536:java.util.concurrent.CompletableFuture@6c86267c[Not completed]
2021-10-17 01:36:47,026 [Time-limited test] INFO  om.OzoneManager (OzoneManager.java:initializeRatisServer(1605)) - OzoneManager Ratis server initialized at port 11188
2021-10-17 01:36:47,026 [Time-limited test] INFO  ratis.OzoneManagerRatisServer (OzoneManagerRatisServer.java:start(520)) - Starting OzoneManagerRatisServer omNode-3 at port 11188
2021-10-17 01:36:47,028 [pool-231-thread-1] INFO  server.RaftServer$Division (RaftServerImpl.java:<init>(181)) - omNode-3: new RaftServerImpl for group-523986131536:[omNode-3|rpc:localhost:11188|priority:0, omNode-1|rpc:localhost:11176|priority:0, omNode-2|rpc:localhost:11182|priority:0] with OzoneManagerStateMachine:uninitialized
2021-10-17 01:36:47,029 [pool-231-thread-1] INFO  server.RaftServerConfigKeys (ConfUtils.java:logGet(44)) - raft.server.rpc.timeout.min = 1s (custom)
2021-10-17 01:36:47,029 [pool-231-thread-1] INFO  server.RaftServerConfigKeys (ConfUtils.java:logGet(44)) - raft.server.rpc.timeout.max = 1200ms (custom)
2021-10-17 01:36:47,029 [pool-231-thread-1] INFO  server.RaftServerConfigKeys (ConfUtils.java:logGet(44)) - raft.server.rpc.sleep.time = 25ms (default)
2021-10-17 01:36:47,029 [pool-231-thread-1] INFO  server.RaftServerConfigKeys (ConfUtils.java:logGet(44)) - raft.server.rpc.slowness.timeout = 2s (custom)
2021-10-17 01:36:47,029 [pool-231-thread-1] INFO  server.RaftServerConfigKeys (ConfUtils.java:logGet(44)) - raft.server.leaderelection.leader.step-down.wait-time = 10s (default)
2021-10-17 01:36:47,029 [pool-231-thread-1] INFO  server.RaftServerConfigKeys (ConfUtils.java:logGet(44)) - raft.server.sleep.deviation.threshold = 300ms (default)
2021-10-17 01:36:47,029 [pool-231-thread-1] INFO  server.RaftServerConfigKeys (ConfUtils.java:logGet(44)) - raft.server.log.appender.install.snapshot.enabled = false (custom)
2021-10-17 01:36:47,029 [pool-231-thread-1] INFO  server.RaftServer$Division (ServerState.java:<init>(105)) - omNode-3@group-523986131536: ConfigurationManager, init=-1: [omNode-3|rpc:localhost:11188|priority:0, omNode-1|rpc:localhost:11176|priority:0, omNode-2|rpc:localhost:11182|priority:0], old=null, confs=<EMPTY_MAP>
2021-10-17 01:36:47,029 [pool-231-thread-1] INFO  server.RaftServerConfigKeys (ConfUtils.java:logGet(44)) - raft.server.storage.dir = [/home/runner/work/ozone/ozone/hadoop-ozone/integration-test/target/test-dir/MiniOzoneClusterImpl-e6b5673d-0e05-4a61-970a-b11d77d0bde6/omNode-3/ratis] (custom)
2021-10-17 01:36:47,029 [pool-231-thread-1] INFO  server.RaftServerConfigKeys (ConfUtils.java:logGet(44)) - raft.server.log.corruption.policy = EXCEPTION (default)
2021-10-17 01:36:47,029 [pool-231-thread-1] INFO  server.RaftServerConfigKeys (ConfUtils.java:logGet(44)) - raft.server.storage.free-space.min = 0MB (=0) (default)
2021-10-17 01:36:47,030 [pool-231-thread-1] INFO  storage.RaftStorageDirectory (RaftStorageDirectoryImpl.java:tryLock(230)) - Lock on /home/runner/work/ozone/ozone/hadoop-ozone/integration-test/target/test-dir/MiniOzoneClusterImpl-e6b5673d-0e05-4a61-970a-b11d77d0bde6/omNode-3/ratis/c9bc4cf4-3bc3-3c60-a66b-523986131536/in_use.lock acquired by nodename 15180@fv-az151-444
2021-10-17 01:36:47,031 [pool-231-thread-1] INFO  storage.RaftStorage (RaftStorageImpl.java:analyzeAndRecoverStorage(110)) - Read RaftStorageMetadata{term=4, votedFor=omNode-2} from /home/runner/work/ozone/ozone/hadoop-ozone/integration-test/target/test-dir/MiniOzoneClusterImpl-e6b5673d-0e05-4a61-970a-b11d77d0bde6/omNode-3/ratis/c9bc4cf4-3bc3-3c60-a66b-523986131536/current/raft-meta
2021-10-17 01:36:47,031 [pool-231-thread-1] INFO  server.RaftServer$Division (ServerState.java:setRaftConf(387)) - omNode-3@group-523986131536: set configuration 23: [omNode-3|rpc:localhost:11188|admin:|client:|dataStream:|priority:0, omNode-1|rpc:localhost:11176|admin:|client:|dataStream:|priority:0, omNode-2|rpc:localhost:11182|admin:|client:|dataStream:|priority:0], old=null
2021-10-17 01:36:47,031 [pool-231-thread-1] INFO  server.RaftServerConfigKeys (ConfUtils.java:logGet(44)) - raft.server.notification.no-leader.timeout = 2s (custom)
2021-10-17 01:36:47,031 [pool-231-thread-1] INFO  server.RaftServerConfigKeys (ConfUtils.java:logGet(44)) - raft.server.log.use.memory = false (default)
2021-10-17 01:36:47,031 [pool-231-thread-1] INFO  server.RaftServerConfigKeys (ConfUtils.java:logGet(44)) - raft.server.log.purge.gap = 50 (custom)
2021-10-17 01:36:47,031 [pool-231-thread-1] INFO  server.RaftServerConfigKeys (ConfUtils.java:logGet(44)) - raft.server.log.appender.buffer.byte-limit = 33554432 (custom)
2021-10-17 01:36:47,031 [pool-231-thread-1] INFO  server.RaftServerConfigKeys (ConfUtils.java:logGet(44)) - raft.server.log.segment.size.max = 4194304 (custom)
2021-10-17 01:36:47,032 [pool-231-thread-1] INFO  server.RaftServerConfigKeys (ConfUtils.java:logGet(44)) - raft.server.log.segment.cache.num.max = 2 (custom)
2021-10-17 01:36:47,032 [pool-231-thread-1] INFO  server.RaftServerConfigKeys (ConfUtils.java:logGet(44)) - raft.server.log.segment.cache.size.max = 200MB (=209715200) (default)
2021-10-17 01:36:47,032 [pool-231-thread-1] INFO  segmented.SegmentedRaftLogWorker (SegmentedRaftLogWorker.java:<init>(182)) - new omNode-3@group-523986131536-SegmentedRaftLogWorker for RaftStorageImpl:Storage Directory /home/runner/work/ozone/ozone/hadoop-ozone/integration-test/target/test-dir/MiniOzoneClusterImpl-e6b5673d-0e05-4a61-970a-b11d77d0bde6/omNode-3/ratis/c9bc4cf4-3bc3-3c60-a66b-523986131536
2021-10-17 01:36:47,032 [pool-231-thread-1] INFO  server.RaftServerConfigKeys (ConfUtils.java:logGet(44)) - raft.server.log.queue.byte-limit = 64MB (=67108864) (default)
2021-10-17 01:36:47,032 [pool-231-thread-1] INFO  server.RaftServerConfigKeys (ConfUtils.java:logGet(44)) - raft.server.log.queue.element-limit = 4096 (default)
2021-10-17 01:36:47,032 [pool-231-thread-1] INFO  server.RaftServerConfigKeys (ConfUtils.java:logGet(44)) - raft.server.log.segment.size.max = 4194304 (custom)
2021-10-17 01:36:47,032 [pool-231-thread-1] INFO  server.RaftServerConfigKeys (ConfUtils.java:logGet(44)) - raft.server.log.preallocated.size = 4194304 (custom)
2021-10-17 01:36:47,032 [pool-231-thread-1] INFO  server.RaftServerConfigKeys (ConfUtils.java:logGet(44)) - raft.server.log.force.sync.num = 128 (default)
2021-10-17 01:36:47,032 [pool-231-thread-1] INFO  server.RaftServerConfigKeys (ConfUtils.java:logGet(44)) - raft.server.log.statemachine.data.sync = true (default)
2021-10-17 01:36:47,032 [pool-231-thread-1] INFO  server.RaftServerConfigKeys (ConfUtils.java:logGet(44)) - raft.server.log.statemachine.data.sync.timeout = 10s (default)
2021-10-17 01:36:47,032 [pool-231-thread-1] INFO  server.RaftServerConfigKeys (ConfUtils.java:logGet(44)) - raft.server.log.statemachine.data.sync.timeout.retry = -1 (default)
2021-10-17 01:36:47,033 [pool-231-thread-1] INFO  server.RaftServerConfigKeys (ConfUtils.java:logGet(44)) - raft.server.log.write.buffer.size = 64KB (=65536) (default)
2021-10-17 01:36:47,033 [pool-231-thread-1] INFO  server.RaftServerConfigKeys (ConfUtils.java:logGet(44)) - raft.server.log.statemachine.data.caching.enabled = false (default)
2021-10-17 01:36:47,035 [pool-231-thread-1] INFO  server.RaftServer$Division (ServerState.java:setRaftConf(387)) - omNode-3@group-523986131536: set configuration 21: [omNode-3|rpc:localhost:11188|admin:|client:|dataStream:|priority:0, omNode-1|rpc:localhost:11176|admin:|client:|dataStream:|priority:0, omNode-2|rpc:localhost:11182|admin:|client:|dataStream:|priority:0], old=null
2021-10-17 01:36:47,035 [pool-231-thread-1] INFO  segmented.LogSegment (LogSegment.java:loadSegment(173)) - Successfully read 2 entries from segment file /home/runner/work/ozone/ozone/hadoop-ozone/integration-test/target/test-dir/MiniOzoneClusterImpl-e6b5673d-0e05-4a61-970a-b11d77d0bde6/omNode-3/ratis/c9bc4cf4-3bc3-3c60-a66b-523986131536/current/log_21-22
2021-10-17 01:36:47,036 [pool-231-thread-1] INFO  server.RaftServer$Division (ServerState.java:setRaftConf(387)) - omNode-3@group-523986131536: set configuration 23: [omNode-3|rpc:localhost:11188|admin:|client:|dataStream:|priority:0, omNode-1|rpc:localhost:11176|admin:|client:|dataStream:|priority:0, omNode-2|rpc:localhost:11182|admin:|client:|dataStream:|priority:0], old=null
2021-10-17 01:36:47,036 [pool-231-thread-1] INFO  segmented.LogSegment (LogSegment.java:loadSegment(173)) - Successfully read 4 entries from segment file /home/runner/work/ozone/ozone/hadoop-ozone/integration-test/target/test-dir/MiniOzoneClusterImpl-e6b5673d-0e05-4a61-970a-b11d77d0bde6/omNode-3/ratis/c9bc4cf4-3bc3-3c60-a66b-523986131536/current/log_inprogress_23
2021-10-17 01:36:47,037 [pool-231-thread-1] INFO  segmented.SegmentedRaftLogWorker (SegmentedRaftLogWorker.java:lambda$new$0(133)) - omNode-3@group-523986131536-SegmentedRaftLogWorker: flushIndex: setUnconditionally 0 -> 26
2021-10-17 01:36:47,037 [pool-231-thread-1] INFO  segmented.SegmentedRaftLogWorker (SegmentedRaftLogWorker.java:lambda$new$0(133)) - omNode-3@group-523986131536-SegmentedRaftLogWorker: safeCacheEvictIndex: setUnconditionally 0 -> 22
2021-10-17 01:36:47,037 [pool-231-thread-1] INFO  raftlog.RaftLog (RaftLogBase.java:lambda$new$0(53)) - omNode-3@group-523986131536-SegmentedRaftLog: commitIndex: updateToMax old=26, new=25, updated? false
2021-10-17 01:36:47,037 [pool-231-thread-1] INFO  raftlog.RaftLog (RaftLogBase.java:lambda$new$0(53)) - omNode-3@group-523986131536-SegmentedRaftLog: purgeIndex: updateIncreasingly -1 -> 20
2021-10-17 01:36:47,037 [pool-231-thread-1] INFO  server.RaftServerConfigKeys (ConfUtils.java:logGet(44)) - raft.server.snapshot.auto.trigger.enabled = true (custom)
2021-10-17 01:36:47,037 [pool-231-thread-1] INFO  server.RaftServerConfigKeys (ConfUtils.java:logGet(44)) - raft.server.snapshot.auto.trigger.threshold = 50 (custom)
2021-10-17 01:36:47,037 [pool-231-thread-1] INFO  server.RaftServerConfigKeys (ConfUtils.java:logGet(44)) - raft.server.snapshot.retention.file.num = -1 (default)
2021-10-17 01:36:47,037 [pool-231-thread-1] INFO  server.RaftServerConfigKeys (ConfUtils.java:logGet(44)) - raft.server.log.purge.upto.snapshot.index = true (custom)
2021-10-17 01:36:47,037 [pool-231-thread-1] INFO  server.RaftServerConfigKeys (ConfUtils.java:logGet(44)) - raft.server.retrycache.expirytime = 30000ms (custom)
2021-10-17 01:36:47,037 [pool-231-thread-1] INFO  server.RaftServerConfigKeys (ConfUtils.java:logGet(44)) - raft.server.retrycache.statistics.expirytime = 100μs (default)
2021-10-17 01:36:47,038 [Time-limited test] INFO  server.RaftServer$Division (RaftServerImpl.java:start(296)) - omNode-3@group-523986131536: start as a follower, conf=23: [omNode-3|rpc:localhost:11188|admin:|client:|dataStream:|priority:0, omNode-1|rpc:localhost:11176|admin:|client:|dataStream:|priority:0, omNode-2|rpc:localhost:11182|admin:|client:|dataStream:|priority:0], old=null
2021-10-17 01:36:47,038 [Time-limited test] INFO  server.RaftServer$Division (RaftServerImpl.java:setRole(285)) - omNode-3@group-523986131536: changes role from      null to FOLLOWER at term 4 for startAsFollower
2021-10-17 01:36:47,038 [Time-limited test] INFO  impl.RoleInfo (RoleInfo.java:updateAndGet(130)) - omNode-3: start omNode-3@group-523986131536-FollowerState
2021-10-17 01:36:47,039 [Time-limited test] INFO  util.JmxRegister (JmxRegister.java:tryRegister(44)) - Successfully registered JMX Bean with object name Ratis:service=RaftServer,group=group-523986131536,id=omNode-3
2021-10-17 01:36:47,042 [Time-limited test] INFO  server.RaftServer (RaftServerProxy.java:lambda$start$5(374)) - omNode-3: start RPC server
2021-10-17 01:36:47,045 [Time-limited test] INFO  server.GrpcService (GrpcService.java:startImpl(253)) - omNode-3: GrpcService started, listening on 11188
2021-10-17 01:36:47,046 [Time-limited test] INFO  ipc.CallQueueManager (CallQueueManager.java:<init>(90)) - Using callQueue: class java.util.concurrent.LinkedBlockingQueue, queueCapacity: 2000, scheduler: class org.apache.hadoop.ipc.DefaultRpcScheduler, ipcBackoff: false.
2021-10-17 01:36:47,047 [Socket Reader #1 for port 11184] INFO  ipc.Server (Server.java:run(1265)) - Starting Socket Reader #1 for port 11184
2021-10-17 01:36:47,047 [org.apache.ratis.util.JvmPauseMonitor$$Lambda$523/1638607820@1f199554] INFO  util.JvmPauseMonitor (JvmPauseMonitor.java:run(103)) - JvmPauseMonitor-omNode-3: Started
2021-10-17 01:36:47,050 [Listener at localhost/11184] INFO  http.BaseHttpServer (BaseHttpServer.java:newHttpServer2BuilderForOzone(209)) - Starting Web-server for ozoneManager at: http://0.0.0.0:11186
2021-10-17 01:36:47,050 [Listener at localhost/11184] INFO  http.BaseHttpServer (BaseHttpServer.java:<init>(107)) - Hadoop Security Enabled: false Ozone Security Enabled: false Ozone HTTP Security Enabled: false 
2021-10-17 01:36:47,052 [Listener at localhost/11184] INFO  server.AuthenticationFilter (AuthenticationFilter.java:constructSecretProvider(240)) - Unable to initialize FileSignerSecretProvider, falling back to use random secrets.
2021-10-17 01:36:47,052 [Listener at localhost/11184] WARN  http.HttpRequestLog (HttpRequestLog.java:getRequestLog(103)) - Jetty request log can only be enabled using Log4j
2021-10-17 01:36:47,053 [Listener at localhost/11184] INFO  http.HttpServer2 (HttpServer2.java:addGlobalFilter(1030)) - Added global filter 'safety' (class=org.apache.hadoop.hdds.server.http.HttpServer2$QuotingInputFilter)
2021-10-17 01:36:47,054 [Listener at localhost/11184] INFO  http.HttpServer2 (HttpServer2.java:addFilter(1006)) - Added filter static_user_filter (class=org.apache.hadoop.http.lib.StaticUserWebFilter$StaticUserFilter) to context ozoneManager
2021-10-17 01:36:47,054 [Listener at localhost/11184] INFO  http.HttpServer2 (HttpServer2.java:addFilter(1014)) - Added filter static_user_filter (class=org.apache.hadoop.http.lib.StaticUserWebFilter$StaticUserFilter) to context logs
2021-10-17 01:36:47,054 [Listener at localhost/11184] INFO  http.HttpServer2 (HttpServer2.java:addFilter(1014)) - Added filter static_user_filter (class=org.apache.hadoop.http.lib.StaticUserWebFilter$StaticUserFilter) to context static
2021-10-17 01:36:47,055 [Listener at localhost/11184] INFO  http.HttpServer2 (HttpServer2.java:bindListener(1249)) - Jetty bound to port 11186
2021-10-17 01:36:47,055 [Listener at localhost/11184] INFO  server.Server (Server.java:doStart(375)) - jetty-9.4.43.v20210629; built: 2021-06-30T11:07:22.254Z; git: 526006ecfa3af7f1a27ef3a288e2bef7ea9dd7e8; jvm 1.8.0_292-b10
2021-10-17 01:36:47,056 [Listener at localhost/11184] INFO  server.session (DefaultSessionIdManager.java:doStart(334)) - DefaultSessionIdManager workerName=node0
2021-10-17 01:36:47,056 [Listener at localhost/11184] INFO  server.session (DefaultSessionIdManager.java:doStart(339)) - No SessionScavenger set, using defaults
2021-10-17 01:36:47,057 [Listener at localhost/11184] INFO  server.session (HouseKeeper.java:startScavenging(132)) - node0 Scavenging every 660000ms
2021-10-17 01:36:47,057 [Listener at localhost/11184] INFO  handler.ContextHandler (ContextHandler.java:doStart(915)) - Started o.e.j.s.ServletContextHandler@4b0a3ef9{logs,/logs,file:///home/runner/work/ozone/ozone/hadoop-ozone/integration-test/target/log,AVAILABLE}
2021-10-17 01:36:47,058 [Listener at localhost/11184] INFO  handler.ContextHandler (ContextHandler.java:doStart(915)) - Started o.e.j.s.ServletContextHandler@1c6fc19c{static,/static,file:///home/runner/work/ozone/ozone/hadoop-ozone/integration-test/target/test-classes/webapps/static,AVAILABLE}
2021-10-17 01:36:47,061 [Listener at localhost/11184] INFO  handler.ContextHandler (ContextHandler.java:doStart(915)) - Started o.e.j.w.WebAppContext@61ed15de{ozoneManager,/,file:///home/runner/work/ozone/ozone/hadoop-ozone/integration-test/target/test-classes/webapps/ozoneManager/,AVAILABLE}{file:/home/runner/work/ozone/ozone/hadoop-ozone/integration-test/target/test-classes/webapps/ozoneManager}
2021-10-17 01:36:47,063 [Listener at localhost/11184] INFO  server.AbstractConnector (AbstractConnector.java:doStart(331)) - Started ServerConnector@19bc97e9{HTTP/1.1, (http/1.1)}{0.0.0.0:11186}
2021-10-17 01:36:47,063 [Listener at localhost/11184] INFO  server.Server (Server.java:doStart(415)) - Started @163786ms
2021-10-17 01:36:47,063 [Listener at localhost/11184] WARN  impl.MetricsSystemImpl (MetricsSystemImpl.java:register(279)) - Sink prometheus already exists!
2021-10-17 01:36:47,064 [Listener at localhost/11184] INFO  http.BaseHttpServer (BaseHttpServer.java:updateConnectorAddress(329)) - HTTP server of ozoneManager listening at http://0.0.0.0:11186
2021-10-17 01:36:47,065 [IPC Server Responder] INFO  ipc.Server (Server.java:run(1507)) - IPC Server Responder: starting
2021-10-17 01:36:47,067 [IPC Server listener on 11184] INFO  ipc.Server (Server.java:run(1344)) - IPC Server listener on 11184: starting
2021-10-17 01:36:47,072 [Listener at localhost/11184] INFO  om.OzoneManager (OzoneManager.java:startTrashEmptier(1563)) - Trash Interval set to 0. Files deleted will not move to trash
2021-10-17 01:36:47,073 [Listener at localhost/11184] INFO  om.OzoneManager (OzoneManager.java:stop(1664)) - Stopping Ozone Manager
2021-10-17 01:36:47,073 [Listener at localhost/11184] INFO  ipc.Server (Server.java:stop(3414)) - Stopping server on 11172
2021-10-17 01:36:47,079 [IPC Server Responder] INFO  ipc.Server (Server.java:run(1512)) - Stopping IPC Server Responder
2021-10-17 01:36:47,080 [Listener at localhost/11184] INFO  server.RaftServer (RaftServerProxy.java:lambda$close$6(391)) - omNode-1: close
2021-10-17 01:36:47,080 [IPC Server listener on 11172] INFO  ipc.Server (Server.java:run(1376)) - Stopping IPC Server listener on 11172
2021-10-17 01:36:47,080 [Listener at localhost/11184] INFO  server.RaftServer$Division (RaftServerImpl.java:lambda$close$4(407)) - omNode-1@group-523986131536: shutdown
2021-10-17 01:36:47,080 [Listener at localhost/11184] INFO  util.JmxRegister (JmxRegister.java:unregister(73)) - Successfully un-registered JMX Bean with object name Ratis:service=RaftServer,group=group-523986131536,id=omNode-1
2021-10-17 01:36:47,080 [Listener at localhost/11184] INFO  impl.RoleInfo (RoleInfo.java:shutdownFollowerState(108)) - omNode-1: shutdown omNode-1@group-523986131536-FollowerState
2021-10-17 01:36:47,080 [Listener at localhost/11184] INFO  impl.StateMachineUpdater (StateMachineUpdater.java:stopAndJoin(149)) - omNode-1@group-523986131536-StateMachineUpdater: set stopIndex = 20
2021-10-17 01:36:47,080 [omNode-1@group-523986131536-StateMachineUpdater] INFO  ratis.OzoneManagerStateMachine (OzoneManagerStateMachine.java:close(471)) - StateMachine has shutdown. Shutdown OzoneManager if not already shutdown.
2021-10-17 01:36:47,080 [Listener at localhost/11184] INFO  server.RaftServer$Division (ServerState.java:close(419)) - omNode-1@group-523986131536: closes. applyIndex: 20
2021-10-17 01:36:47,081 [omNode-1@group-523986131536-SegmentedRaftLogWorker] INFO  segmented.SegmentedRaftLogWorker (SegmentedRaftLogWorker.java:run(327)) - omNode-1@group-523986131536-SegmentedRaftLogWorker was interrupted, exiting. There are 0 tasks remaining in the queue.
2021-10-17 01:36:47,081 [Listener at localhost/11184] INFO  segmented.SegmentedRaftLogWorker (SegmentedRaftLogWorker.java:close(237)) - omNode-1@group-523986131536-SegmentedRaftLogWorker close()
2021-10-17 01:36:47,082 [omNode-1@group-523986131536-FollowerState] INFO  impl.FollowerState (FollowerState.java:run(143)) - omNode-1@group-523986131536-FollowerState was interrupted: {}
java.lang.InterruptedException: sleep interrupted
	at java.lang.Thread.sleep(Native Method)
	at java.lang.Thread.sleep(Thread.java:340)
	at java.util.concurrent.TimeUnit.sleep(TimeUnit.java:386)
	at org.apache.ratis.util.TimeDuration.sleep(TimeDuration.java:324)
	at org.apache.ratis.util.TimeDuration.sleep(TimeDuration.java:309)
	at org.apache.ratis.server.impl.FollowerState.run(FollowerState.java:118)
2021-10-17 01:36:47,089 [org.apache.hadoop.util.JvmPauseMonitor$Monitor@5287adcc] INFO  util.JvmPauseMonitor (JvmPauseMonitor.java:run(188)) - Starting JVM pause monitor
2021-10-17 01:36:47,090 [Listener at localhost/11184] INFO  server.GrpcService (GrpcService.java:closeImpl(262)) - omNode-1: shutdown server with port 11176 now
2021-10-17 01:36:47,094 [grpc-default-executor-6] WARN  server.GrpcServerProtocolService (LogUtils.java:warn(122)) - omNode-1: installSnapshot onError, lastRequest: omNode-2->omNode-1#1-t4,previous=(t:3, i:22),leaderCommit=22,initializing? true,entries: size=1, first=(t:4, i:23), CONFIGURATIONENTRY: org.apache.ratis.thirdparty.io.grpc.StatusRuntimeException: CANCELLED: client cancelled
2021-10-17 01:36:47,094 [grpc-default-executor-4] WARN  server.GrpcServerProtocolService (LogUtils.java:warn(122)) - omNode-1: installSnapshot onError, lastRequest: omNode-2->omNode-1#12383-t4,previous=(t:0, i:0),leaderCommit=6,initializing? false,entries: size=6, first=(t:3, i:21), CONFIGURATIONENTRY: org.apache.ratis.thirdparty.io.grpc.StatusRuntimeException: CANCELLED: client cancelled
2021-10-17 01:36:47,095 [Listener at localhost/11184] INFO  server.GrpcService (GrpcService.java:closeImpl(271)) - omNode-1: shutdown server with port 11176 successfully
2021-10-17 01:36:47,096 [org.apache.ratis.util.JvmPauseMonitor$$Lambda$523/1638607820@68342381] INFO  util.JvmPauseMonitor (JvmPauseMonitor.java:run(109)) - JvmPauseMonitor-omNode-1: Stopped
2021-10-17 01:36:47,096 [Listener at localhost/11184] INFO  ratis.OzoneManagerDoubleBuffer (OzoneManagerDoubleBuffer.java:stop(437)) - Stopping OMDoubleBuffer flush thread
2021-10-17 01:36:47,096 [grpc-default-executor-3] WARN  server.GrpcLogAppender (LogUtils.java:warn(122)) - omNode-2@group-523986131536->omNode-1-AppendLogResponseHandler: Failed appendEntries: org.apache.ratis.thirdparty.io.grpc.StatusRuntimeException: CANCELLED: HTTP/2 error code: CANCEL
Received Rst Stream
2021-10-17 01:36:47,096 [grpc-default-executor-3] INFO  leader.FollowerInfo (FollowerInfoImpl.java:lambda$new$0(46)) - omNode-2@group-523986131536->omNode-1: nextIndex: updateUnconditionally 27 -> 21
2021-10-17 01:36:47,096 [OMDoubleBufferFlushThread] INFO  ratis.OzoneManagerDoubleBuffer (OzoneManagerDoubleBuffer.java:flushTransactions(356)) - OMDoubleBuffer flush thread OMDoubleBufferFlushThread is interrupted and will exit. OMDoubleBufferFlushThread
2021-10-17 01:36:47,097 [Listener at localhost/11184] INFO  handler.ContextHandler (ContextHandler.java:doStop(1153)) - Stopped o.e.j.w.WebAppContext@f1352bd{ozoneManager,/,null,STOPPED}{file:/home/runner/work/ozone/ozone/hadoop-ozone/integration-test/target/test-classes/webapps/ozoneManager}
2021-10-17 01:36:47,098 [Listener at localhost/11184] INFO  server.AbstractConnector (AbstractConnector.java:doStop(381)) - Stopped ServerConnector@16ebcba0{HTTP/1.1, (http/1.1)}{0.0.0.0:11174}
2021-10-17 01:36:47,098 [Listener at localhost/11184] INFO  server.session (HouseKeeper.java:stopScavenging(149)) - node0 Stopped scavenging
2021-10-17 01:36:47,098 [Listener at localhost/11184] INFO  handler.ContextHandler (ContextHandler.java:doStop(1153)) - Stopped o.e.j.s.ServletContextHandler@7ccdb9ee{static,/static,file:///home/runner/work/ozone/ozone/hadoop-ozone/integration-test/target/test-classes/webapps/static,STOPPED}
2021-10-17 01:36:47,098 [Listener at localhost/11184] INFO  handler.ContextHandler (ContextHandler.java:doStop(1153)) - Stopped o.e.j.s.ServletContextHandler@3d24e029{logs,/logs,file:///home/runner/work/ozone/ozone/hadoop-ozone/integration-test/target/log,STOPPED}
2021-10-17 01:36:47,099 [grpc-default-executor-7] INFO  server.GrpcLogAppender (GrpcLogAppender.java:onError(333)) - omNode-2@group-523986131536->omNode-1-GrpcLogAppender is stopped
2021-10-17 01:36:47,102 [grpc-default-executor-3] WARN  server.GrpcLogAppender (LogUtils.java:warn(122)) - omNode-2@group-523986131536->omNode-1-AppendLogResponseHandler: Failed appendEntries: org.apache.ratis.thirdparty.io.grpc.StatusRuntimeException: UNAVAILABLE: io exception
2021-10-17 01:36:47,102 [Listener at localhost/11184] INFO  om.OzoneManager (OzoneManager.java:initFSOLayout(4357)) - Configured ozone.om.metadata.layout=SIMPLE and disabled optimized OM FS operations
2021-10-17 01:36:47,103 [Listener at localhost/11184] INFO  om.OzoneManager (OzoneManager.java:restart(1385)) - OzoneManager RPC server is listening at localhost/127.0.0.1:11172
2021-10-17 01:36:47,103 [Listener at localhost/11184] INFO  impl.MetricsSystemImpl (MetricsSystemImpl.java:init(158)) - OzoneManager metrics system started (again)
2021-10-17 01:36:47,103 [grpc-default-executor-3] INFO  leader.FollowerInfo (FollowerInfoImpl.java:lambda$new$0(46)) - omNode-2@group-523986131536->omNode-1: nextIndex: updateUnconditionally 27 -> 21
2021-10-17 01:36:47,116 [Listener at localhost/11184] WARN  server.ServerUtils (ServerUtils.java:getDBPath(225)) - ozone.om.db.dirs is not configured. We recommend adding this setting. Falling back to ozone.metadata.dirs instead.
2021-10-17 01:36:47,117 [Listener at localhost/11184] INFO  codec.OmKeyInfoCodec (OmKeyInfoCodec.java:<init>(51)) - OmKeyInfoCodec ignorePipeline = true
2021-10-17 01:36:47,117 [Listener at localhost/11184] INFO  codec.RepeatedOmKeyInfoCodec (RepeatedOmKeyInfoCodec.java:<init>(42)) - RepeatedOmKeyInfoCodec ignorePipeline = true
2021-10-17 01:36:47,153 [Listener at localhost/11184] WARN  om.OzoneManager (OzoneManager.java:instantiatePrepareStateOnStartup(4236)) - Prepare marker file index 20 does not match DB prepare index 14. Writing DB index to prepare file and maintaining prepared state.
2021-10-17 01:36:47,154 [Listener at localhost/11184] INFO  om.OzoneManagerPrepareState (OzoneManagerPrepareState.java:writePrepareMarkerFile(262)) - Prepare marker file written with log index 14 to file /home/runner/work/ozone/ozone/hadoop-ozone/integration-test/target/test-dir/MiniOzoneClusterImpl-e6b5673d-0e05-4a61-970a-b11d77d0bde6/omNode-1/current/prepareMarker
2021-10-17 01:36:47,154 [Listener at localhost/11184] WARN  impl.MetricRegistriesImpl (MetricRegistriesImpl.java:addReporterRegistration(111)) - New reporters are added after registries were created. Some metrics will be missing from the reporter. Please add reporter before adding any new registry.
2021-10-17 01:36:47,154 [Listener at localhost/11184] WARN  impl.MetricRegistriesImpl (MetricRegistriesImpl.java:addReporterRegistration(111)) - New reporters are added after registries were created. Some metrics will be missing from the reporter. Please add reporter before adding any new registry.
2021-10-17 01:36:47,154 [Listener at localhost/11184] WARN  server.ServerUtils (ServerUtils.java:getDefaultRatisDirectory(237)) - Storage directory for Ratis is not configured. It is a good idea to map this to an SSD disk. Falling back to ozone.metadata.dirs
2021-10-17 01:36:47,155 [Listener at localhost/11184] INFO  ratis.OzoneManagerRatisServer (OzoneManagerRatisServer.java:<init>(159)) - Instantiating OM Ratis server with groupID: om-service-test1 and peers: localhost:11176, localhost:11188, localhost:11182
2021-10-17 01:36:47,155 [Listener at localhost/11184] INFO  ratis.OzoneManagerStateMachine (OzoneManagerStateMachine.java:loadSnapshotInfoFromDB(605)) - LastAppliedIndex is set from TransactionInfo from OM DB as (t:2, i:20)
2021-10-17 01:36:47,156 [Listener at localhost/11184] INFO  server.RaftServer (ConfUtils.java:logGet(44)) - raft.rpc.type = GRPC (default)
2021-10-17 01:36:47,156 [Listener at localhost/11184] INFO  grpc.GrpcFactory (GrpcFactory.java:checkPooledByteBufAllocatorUseCacheForAllThreads(48)) - PERFORMANCE WARNING: useCacheForAllThreads is true that may cause Netty to create a lot garbage objects and, as a result, trigger GC.
	It is recommended to disable useCacheForAllThreads by setting -Dorg.apache.ratis.thirdparty.io.netty.allocator.useCacheForAllThreads=false in command line.
2021-10-17 01:36:47,156 [Listener at localhost/11184] INFO  grpc.GrpcConfigKeys (ConfUtils.java:logGet(44)) - raft.grpc.admin.port = -1 (default)
2021-10-17 01:36:47,156 [Listener at localhost/11184] INFO  grpc.GrpcConfigKeys (ConfUtils.java:logGet(44)) - raft.grpc.server.port = 11176 (custom)
2021-10-17 01:36:47,157 [Listener at localhost/11184] INFO  grpc.GrpcConfigKeys (ConfUtils.java:logGet(44)) - raft.grpc.client.port = -1 (default)
2021-10-17 01:36:47,157 [Listener at localhost/11184] INFO  grpc.GrpcConfigKeys (ConfUtils.java:logGet(44)) - raft.grpc.server.port = 11176 (custom)
2021-10-17 01:36:47,157 [Listener at localhost/11184] INFO  grpc.GrpcConfigKeys (ConfUtils.java:logGet(44)) - raft.grpc.server.port = 11176 (custom)
2021-10-17 01:36:47,157 [Listener at localhost/11184] INFO  server.GrpcService (ConfUtils.java:logGet(44)) - raft.grpc.message.size.max = 33554432 (custom)
2021-10-17 01:36:47,157 [Listener at localhost/11184] INFO  server.RaftServerConfigKeys (ConfUtils.java:logGet(44)) - raft.server.log.appender.buffer.byte-limit = 33554432 (custom)
2021-10-17 01:36:47,157 [Listener at localhost/11184] INFO  server.GrpcService (ConfUtils.java:logGet(44)) - raft.grpc.flow.control.window = 1MB (=1048576) (default)
2021-10-17 01:36:47,157 [Listener at localhost/11184] INFO  server.RaftServerConfigKeys (ConfUtils.java:logGet(44)) - raft.server.rpc.request.timeout = 3000ms (default)
2021-10-17 01:36:47,158 [Listener at localhost/11184] INFO  impl.DataStreamServerImpl (ConfUtils.java:logGet(44)) - raft.datastream.type = DISABLED (default)
2021-10-17 01:36:47,158 [Listener at localhost/11184] INFO  server.RaftServerConfigKeys (ConfUtils.java:logGet(44)) - raft.server.rpc.slowness.timeout = 2s (custom)
2021-10-17 01:36:47,158 [Listener at localhost/11184] INFO  server.RaftServerConfigKeys (ConfUtils.java:logGet(44)) - raft.server.leaderelection.leader.step-down.wait-time = 10s (default)
2021-10-17 01:36:47,158 [Listener at localhost/11184] INFO  server.RaftServerConfigKeys (ConfUtils.java:logGet(44)) - raft.server.storage.dir = [/home/runner/work/ozone/ozone/hadoop-ozone/integration-test/target/test-dir/MiniOzoneClusterImpl-e6b5673d-0e05-4a61-970a-b11d77d0bde6/omNode-1/ratis] (custom)
2021-10-17 01:36:47,158 [Listener at localhost/11184] INFO  server.RaftServer (RaftServerProxy.java:lambda$null$1(235)) - omNode-1: found a subdirectory /home/runner/work/ozone/ozone/hadoop-ozone/integration-test/target/test-dir/MiniOzoneClusterImpl-e6b5673d-0e05-4a61-970a-b11d77d0bde6/omNode-1/ratis/c9bc4cf4-3bc3-3c60-a66b-523986131536
2021-10-17 01:36:47,159 [Listener at localhost/11184] INFO  server.RaftServer (RaftServerProxy.java:addNew(95)) - omNode-1: addNew group-523986131536:[omNode-3|rpc:localhost:11188|priority:0, omNode-1|rpc:localhost:11176|priority:0, omNode-2|rpc:localhost:11182|priority:0] returns group-523986131536:java.util.concurrent.CompletableFuture@73c35ea9[Not completed]
2021-10-17 01:36:47,159 [Listener at localhost/11184] INFO  om.OzoneManager (OzoneManager.java:initializeRatisServer(1605)) - OzoneManager Ratis server initialized at port 11176
2021-10-17 01:36:47,159 [pool-251-thread-1] INFO  server.RaftServer$Division (RaftServerImpl.java:<init>(181)) - omNode-1: new RaftServerImpl for group-523986131536:[omNode-3|rpc:localhost:11188|priority:0, omNode-1|rpc:localhost:11176|priority:0, omNode-2|rpc:localhost:11182|priority:0] with OzoneManagerStateMachine:uninitialized
2021-10-17 01:36:47,159 [Listener at localhost/11184] INFO  ratis.OzoneManagerRatisServer (OzoneManagerRatisServer.java:start(520)) - Starting OzoneManagerRatisServer omNode-1 at port 11176
2021-10-17 01:36:47,160 [pool-251-thread-1] INFO  server.RaftServerConfigKeys (ConfUtils.java:logGet(44)) - raft.server.rpc.timeout.min = 1s (custom)
2021-10-17 01:36:47,161 [pool-251-thread-1] INFO  server.RaftServerConfigKeys (ConfUtils.java:logGet(44)) - raft.server.rpc.timeout.max = 1200ms (custom)
2021-10-17 01:36:47,161 [pool-251-thread-1] INFO  server.RaftServerConfigKeys (ConfUtils.java:logGet(44)) - raft.server.rpc.sleep.time = 25ms (default)
2021-10-17 01:36:47,161 [pool-251-thread-1] INFO  server.RaftServerConfigKeys (ConfUtils.java:logGet(44)) - raft.server.rpc.slowness.timeout = 2s (custom)
2021-10-17 01:36:47,161 [pool-251-thread-1] INFO  server.RaftServerConfigKeys (ConfUtils.java:logGet(44)) - raft.server.leaderelection.leader.step-down.wait-time = 10s (default)
2021-10-17 01:36:47,161 [pool-251-thread-1] INFO  server.RaftServerConfigKeys (ConfUtils.java:logGet(44)) - raft.server.sleep.deviation.threshold = 300ms (default)
2021-10-17 01:36:47,161 [pool-251-thread-1] INFO  server.RaftServerConfigKeys (ConfUtils.java:logGet(44)) - raft.server.log.appender.install.snapshot.enabled = false (custom)
2021-10-17 01:36:47,161 [pool-251-thread-1] INFO  server.RaftServer$Division (ServerState.java:<init>(105)) - omNode-1@group-523986131536: ConfigurationManager, init=-1: [omNode-3|rpc:localhost:11188|priority:0, omNode-1|rpc:localhost:11176|priority:0, omNode-2|rpc:localhost:11182|priority:0], old=null, confs=<EMPTY_MAP>
2021-10-17 01:36:47,161 [pool-251-thread-1] INFO  server.RaftServerConfigKeys (ConfUtils.java:logGet(44)) - raft.server.storage.dir = [/home/runner/work/ozone/ozone/hadoop-ozone/integration-test/target/test-dir/MiniOzoneClusterImpl-e6b5673d-0e05-4a61-970a-b11d77d0bde6/omNode-1/ratis] (custom)
2021-10-17 01:36:47,161 [pool-251-thread-1] INFO  server.RaftServerConfigKeys (ConfUtils.java:logGet(44)) - raft.server.log.corruption.policy = EXCEPTION (default)
2021-10-17 01:36:47,161 [pool-251-thread-1] INFO  server.RaftServerConfigKeys (ConfUtils.java:logGet(44)) - raft.server.storage.free-space.min = 0MB (=0) (default)
2021-10-17 01:36:47,163 [pool-251-thread-1] INFO  storage.RaftStorageDirectory (RaftStorageDirectoryImpl.java:tryLock(230)) - Lock on /home/runner/work/ozone/ozone/hadoop-ozone/integration-test/target/test-dir/MiniOzoneClusterImpl-e6b5673d-0e05-4a61-970a-b11d77d0bde6/omNode-1/ratis/c9bc4cf4-3bc3-3c60-a66b-523986131536/in_use.lock acquired by nodename 15180@fv-az151-444
2021-10-17 01:36:47,163 [pool-251-thread-1] INFO  storage.RaftStorage (RaftStorageImpl.java:analyzeAndRecoverStorage(110)) - Read RaftStorageMetadata{term=4, votedFor=omNode-2} from /home/runner/work/ozone/ozone/hadoop-ozone/integration-test/target/test-dir/MiniOzoneClusterImpl-e6b5673d-0e05-4a61-970a-b11d77d0bde6/omNode-1/ratis/c9bc4cf4-3bc3-3c60-a66b-523986131536/current/raft-meta
2021-10-17 01:36:47,163 [pool-251-thread-1] INFO  server.RaftServer$Division (ServerState.java:setRaftConf(387)) - omNode-1@group-523986131536: set configuration 23: [omNode-3|rpc:localhost:11188|admin:|client:|dataStream:|priority:0, omNode-1|rpc:localhost:11176|admin:|client:|dataStream:|priority:0, omNode-2|rpc:localhost:11182|admin:|client:|dataStream:|priority:0], old=null
2021-10-17 01:36:47,164 [pool-251-thread-1] INFO  server.RaftServerConfigKeys (ConfUtils.java:logGet(44)) - raft.server.notification.no-leader.timeout = 2s (custom)
2021-10-17 01:36:47,164 [pool-251-thread-1] INFO  server.RaftServerConfigKeys (ConfUtils.java:logGet(44)) - raft.server.log.use.memory = false (default)
2021-10-17 01:36:47,164 [pool-251-thread-1] INFO  server.RaftServerConfigKeys (ConfUtils.java:logGet(44)) - raft.server.log.purge.gap = 50 (custom)
2021-10-17 01:36:47,164 [pool-251-thread-1] INFO  server.RaftServerConfigKeys (ConfUtils.java:logGet(44)) - raft.server.log.appender.buffer.byte-limit = 33554432 (custom)
2021-10-17 01:36:47,164 [pool-251-thread-1] INFO  server.RaftServerConfigKeys (ConfUtils.java:logGet(44)) - raft.server.log.segment.size.max = 4194304 (custom)
2021-10-17 01:36:47,164 [pool-251-thread-1] INFO  server.RaftServerConfigKeys (ConfUtils.java:logGet(44)) - raft.server.log.segment.cache.num.max = 2 (custom)
2021-10-17 01:36:47,164 [pool-251-thread-1] INFO  server.RaftServerConfigKeys (ConfUtils.java:logGet(44)) - raft.server.log.segment.cache.size.max = 200MB (=209715200) (default)
2021-10-17 01:36:47,164 [pool-251-thread-1] INFO  segmented.SegmentedRaftLogWorker (SegmentedRaftLogWorker.java:<init>(182)) - new omNode-1@group-523986131536-SegmentedRaftLogWorker for RaftStorageImpl:Storage Directory /home/runner/work/ozone/ozone/hadoop-ozone/integration-test/target/test-dir/MiniOzoneClusterImpl-e6b5673d-0e05-4a61-970a-b11d77d0bde6/omNode-1/ratis/c9bc4cf4-3bc3-3c60-a66b-523986131536
2021-10-17 01:36:47,164 [pool-251-thread-1] INFO  server.RaftServerConfigKeys (ConfUtils.java:logGet(44)) - raft.server.log.queue.byte-limit = 64MB (=67108864) (default)
2021-10-17 01:36:47,164 [pool-251-thread-1] INFO  server.RaftServerConfigKeys (ConfUtils.java:logGet(44)) - raft.server.log.queue.element-limit = 4096 (default)
2021-10-17 01:36:47,165 [pool-251-thread-1] INFO  server.RaftServerConfigKeys (ConfUtils.java:logGet(44)) - raft.server.log.segment.size.max = 4194304 (custom)
2021-10-17 01:36:47,165 [pool-251-thread-1] INFO  server.RaftServerConfigKeys (ConfUtils.java:logGet(44)) - raft.server.log.preallocated.size = 4194304 (custom)
2021-10-17 01:36:47,165 [pool-251-thread-1] INFO  server.RaftServerConfigKeys (ConfUtils.java:logGet(44)) - raft.server.log.force.sync.num = 128 (default)
2021-10-17 01:36:47,165 [pool-251-thread-1] INFO  server.RaftServerConfigKeys (ConfUtils.java:logGet(44)) - raft.server.log.statemachine.data.sync = true (default)
2021-10-17 01:36:47,165 [pool-251-thread-1] INFO  server.RaftServerConfigKeys (ConfUtils.java:logGet(44)) - raft.server.log.statemachine.data.sync.timeout = 10s (default)
2021-10-17 01:36:47,165 [pool-251-thread-1] INFO  server.RaftServerConfigKeys (ConfUtils.java:logGet(44)) - raft.server.log.statemachine.data.sync.timeout.retry = -1 (default)
2021-10-17 01:36:47,166 [pool-251-thread-1] INFO  server.RaftServerConfigKeys (ConfUtils.java:logGet(44)) - raft.server.log.write.buffer.size = 64KB (=65536) (default)
2021-10-17 01:36:47,166 [pool-251-thread-1] INFO  server.RaftServerConfigKeys (ConfUtils.java:logGet(44)) - raft.server.log.statemachine.data.caching.enabled = false (default)
2021-10-17 01:36:47,166 [pool-251-thread-1] INFO  segmented.SegmentedRaftLogWorker (SegmentedRaftLogWorker.java:lambda$new$0(133)) - omNode-1@group-523986131536-SegmentedRaftLogWorker: flushIndex: setUnconditionally 0 -> 20
2021-10-17 01:36:47,166 [pool-251-thread-1] INFO  segmented.SegmentedRaftLogWorker (SegmentedRaftLogWorker.java:lambda$new$0(133)) - omNode-1@group-523986131536-SegmentedRaftLogWorker: safeCacheEvictIndex: setUnconditionally 0 -> -1
2021-10-17 01:36:47,170 [pool-251-thread-1] INFO  server.RaftServerConfigKeys (ConfUtils.java:logGet(44)) - raft.server.snapshot.auto.trigger.enabled = true (custom)
2021-10-17 01:36:47,170 [pool-251-thread-1] INFO  server.RaftServerConfigKeys (ConfUtils.java:logGet(44)) - raft.server.snapshot.auto.trigger.threshold = 50 (custom)
2021-10-17 01:36:47,170 [pool-251-thread-1] INFO  server.RaftServerConfigKeys (ConfUtils.java:logGet(44)) - raft.server.snapshot.retention.file.num = -1 (default)
2021-10-17 01:36:47,170 [pool-251-thread-1] INFO  server.RaftServerConfigKeys (ConfUtils.java:logGet(44)) - raft.server.log.purge.upto.snapshot.index = true (custom)
2021-10-17 01:36:47,170 [pool-251-thread-1] INFO  server.RaftServerConfigKeys (ConfUtils.java:logGet(44)) - raft.server.retrycache.expirytime = 30000ms (custom)
2021-10-17 01:36:47,170 [pool-251-thread-1] INFO  server.RaftServerConfigKeys (ConfUtils.java:logGet(44)) - raft.server.retrycache.statistics.expirytime = 100μs (default)
2021-10-17 01:36:47,171 [Listener at localhost/11184] INFO  server.RaftServer$Division (RaftServerImpl.java:start(296)) - omNode-1@group-523986131536: start as a follower, conf=23: [omNode-3|rpc:localhost:11188|admin:|client:|dataStream:|priority:0, omNode-1|rpc:localhost:11176|admin:|client:|dataStream:|priority:0, omNode-2|rpc:localhost:11182|admin:|client:|dataStream:|priority:0], old=null
2021-10-17 01:36:47,171 [Listener at localhost/11184] INFO  server.RaftServer$Division (RaftServerImpl.java:setRole(285)) - omNode-1@group-523986131536: changes role from      null to FOLLOWER at term 4 for startAsFollower
2021-10-17 01:36:47,171 [Listener at localhost/11184] INFO  impl.RoleInfo (RoleInfo.java:updateAndGet(130)) - omNode-1: start omNode-1@group-523986131536-FollowerState
2021-10-17 01:36:47,174 [Listener at localhost/11184] INFO  util.JmxRegister (JmxRegister.java:tryRegister(44)) - Successfully registered JMX Bean with object name Ratis:service=RaftServer,group=group-523986131536,id=omNode-1
2021-10-17 01:36:47,175 [Listener at localhost/11184] INFO  server.RaftServer (RaftServerProxy.java:lambda$start$5(374)) - omNode-1: start RPC server
2021-10-17 01:36:47,175 [Listener at localhost/11184] INFO  server.GrpcService (GrpcService.java:startImpl(253)) - omNode-1: GrpcService started, listening on 11176
2021-10-17 01:36:47,176 [Listener at localhost/11184] INFO  ipc.CallQueueManager (CallQueueManager.java:<init>(90)) - Using callQueue: class java.util.concurrent.LinkedBlockingQueue, queueCapacity: 2000, scheduler: class org.apache.hadoop.ipc.DefaultRpcScheduler, ipcBackoff: false.
2021-10-17 01:36:47,176 [org.apache.ratis.util.JvmPauseMonitor$$Lambda$523/1638607820@77163dc9] INFO  util.JvmPauseMonitor (JvmPauseMonitor.java:run(103)) - JvmPauseMonitor-omNode-1: Started
2021-10-17 01:36:47,176 [Socket Reader #1 for port 11172] INFO  ipc.Server (Server.java:run(1265)) - Starting Socket Reader #1 for port 11172
2021-10-17 01:36:47,183 [Listener at localhost/11172] INFO  http.BaseHttpServer (BaseHttpServer.java:newHttpServer2BuilderForOzone(209)) - Starting Web-server for ozoneManager at: http://0.0.0.0:11174
2021-10-17 01:36:47,183 [Listener at localhost/11172] INFO  http.BaseHttpServer (BaseHttpServer.java:<init>(107)) - Hadoop Security Enabled: false Ozone Security Enabled: false Ozone HTTP Security Enabled: false 
2021-10-17 01:36:47,184 [Listener at localhost/11172] INFO  server.AuthenticationFilter (AuthenticationFilter.java:constructSecretProvider(240)) - Unable to initialize FileSignerSecretProvider, falling back to use random secrets.
2021-10-17 01:36:47,185 [Listener at localhost/11172] WARN  http.HttpRequestLog (HttpRequestLog.java:getRequestLog(103)) - Jetty request log can only be enabled using Log4j
2021-10-17 01:36:47,185 [Listener at localhost/11172] INFO  http.HttpServer2 (HttpServer2.java:addGlobalFilter(1030)) - Added global filter 'safety' (class=org.apache.hadoop.hdds.server.http.HttpServer2$QuotingInputFilter)
2021-10-17 01:36:47,186 [Listener at localhost/11172] INFO  http.HttpServer2 (HttpServer2.java:addFilter(1006)) - Added filter static_user_filter (class=org.apache.hadoop.http.lib.StaticUserWebFilter$StaticUserFilter) to context ozoneManager
2021-10-17 01:36:47,186 [Listener at localhost/11172] INFO  http.HttpServer2 (HttpServer2.java:addFilter(1014)) - Added filter static_user_filter (class=org.apache.hadoop.http.lib.StaticUserWebFilter$StaticUserFilter) to context static
2021-10-17 01:36:47,186 [Listener at localhost/11172] INFO  http.HttpServer2 (HttpServer2.java:addFilter(1014)) - Added filter static_user_filter (class=org.apache.hadoop.http.lib.StaticUserWebFilter$StaticUserFilter) to context logs
2021-10-17 01:36:47,186 [Listener at localhost/11172] INFO  http.HttpServer2 (HttpServer2.java:bindListener(1249)) - Jetty bound to port 11174
2021-10-17 01:36:47,186 [Listener at localhost/11172] INFO  server.Server (Server.java:doStart(375)) - jetty-9.4.43.v20210629; built: 2021-06-30T11:07:22.254Z; git: 526006ecfa3af7f1a27ef3a288e2bef7ea9dd7e8; jvm 1.8.0_292-b10
2021-10-17 01:36:47,188 [Listener at localhost/11172] INFO  server.session (DefaultSessionIdManager.java:doStart(334)) - DefaultSessionIdManager workerName=node0
2021-10-17 01:36:47,188 [Listener at localhost/11172] INFO  server.session (DefaultSessionIdManager.java:doStart(339)) - No SessionScavenger set, using defaults
2021-10-17 01:36:47,188 [Listener at localhost/11172] INFO  server.session (HouseKeeper.java:startScavenging(132)) - node0 Scavenging every 660000ms
2021-10-17 01:36:47,189 [Listener at localhost/11172] INFO  handler.ContextHandler (ContextHandler.java:doStart(915)) - Started o.e.j.s.ServletContextHandler@7cfc2794{logs,/logs,file:///home/runner/work/ozone/ozone/hadoop-ozone/integration-test/target/log,AVAILABLE}
2021-10-17 01:36:47,189 [Listener at localhost/11172] INFO  handler.ContextHandler (ContextHandler.java:doStart(915)) - Started o.e.j.s.ServletContextHandler@4e0d2b48{static,/static,file:///home/runner/work/ozone/ozone/hadoop-ozone/integration-test/target/test-classes/webapps/static,AVAILABLE}
2021-10-17 01:36:47,192 [Listener at localhost/11172] INFO  handler.ContextHandler (ContextHandler.java:doStart(915)) - Started o.e.j.w.WebAppContext@3c91df42{ozoneManager,/,file:///home/runner/work/ozone/ozone/hadoop-ozone/integration-test/target/test-classes/webapps/ozoneManager/,AVAILABLE}{file:/home/runner/work/ozone/ozone/hadoop-ozone/integration-test/target/test-classes/webapps/ozoneManager}
2021-10-17 01:36:47,198 [Listener at localhost/11172] INFO  server.AbstractConnector (AbstractConnector.java:doStart(331)) - Started ServerConnector@16d130aa{HTTP/1.1, (http/1.1)}{0.0.0.0:11174}
2021-10-17 01:36:47,198 [Listener at localhost/11172] INFO  server.Server (Server.java:doStart(415)) - Started @163920ms
2021-10-17 01:36:47,198 [Listener at localhost/11172] WARN  impl.MetricsSystemImpl (MetricsSystemImpl.java:register(279)) - Sink prometheus already exists!
2021-10-17 01:36:47,198 [Listener at localhost/11172] INFO  http.BaseHttpServer (BaseHttpServer.java:updateConnectorAddress(329)) - HTTP server of ozoneManager listening at http://0.0.0.0:11174
2021-10-17 01:36:47,201 [IPC Server Responder] INFO  ipc.Server (Server.java:run(1507)) - IPC Server Responder: starting
2021-10-17 01:36:47,201 [IPC Server listener on 11172] INFO  ipc.Server (Server.java:run(1344)) - IPC Server listener on 11172: starting
2021-10-17 01:36:47,208 [Listener at localhost/11172] INFO  om.OzoneManager (OzoneManager.java:startTrashEmptier(1563)) - Trash Interval set to 0. Files deleted will not move to trash
2021-10-17 01:36:47,208 [Listener at localhost/11172] INFO  om.OzoneManager (OzoneManager.java:stop(1664)) - Stopping Ozone Manager
2021-10-17 01:36:47,208 [Listener at localhost/11172] INFO  ipc.Server (Server.java:stop(3414)) - Stopping server on 11178
2021-10-17 01:36:47,218 [org.apache.hadoop.util.JvmPauseMonitor$Monitor@47ace607] INFO  util.JvmPauseMonitor (JvmPauseMonitor.java:run(188)) - Starting JVM pause monitor
2021-10-17 01:36:47,218 [IPC Server listener on 11178] INFO  ipc.Server (Server.java:run(1376)) - Stopping IPC Server listener on 11178
2021-10-17 01:36:47,219 [IPC Server Responder] INFO  ipc.Server (Server.java:run(1512)) - Stopping IPC Server Responder
2021-10-17 01:36:47,219 [Listener at localhost/11172] INFO  server.RaftServer (RaftServerProxy.java:lambda$close$6(391)) - omNode-2: close
2021-10-17 01:36:47,219 [Listener at localhost/11172] INFO  server.RaftServer$Division (RaftServerImpl.java:lambda$close$4(407)) - omNode-2@group-523986131536: shutdown
2021-10-17 01:36:47,219 [Listener at localhost/11172] INFO  util.JmxRegister (JmxRegister.java:unregister(73)) - Successfully un-registered JMX Bean with object name Ratis:service=RaftServer,group=group-523986131536,id=omNode-2
2021-10-17 01:36:47,219 [Listener at localhost/11172] INFO  impl.RoleInfo (RoleInfo.java:shutdownLeaderState(91)) - omNode-2: shutdown omNode-2@group-523986131536-LeaderStateImpl
2021-10-17 01:36:47,219 [Listener at localhost/11172] INFO  impl.PendingRequests (PendingRequests.java:sendNotLeaderResponses(282)) - omNode-2@group-523986131536-PendingRequests: sendNotLeaderResponses
2021-10-17 01:36:47,219 [omNode-2@group-523986131536->omNode-3-GrpcLogAppender-LogAppenderDaemon] WARN  server.GrpcLogAppender (GrpcLogAppender.java:mayWait(175)) - omNode-2@group-523986131536->omNode-3-GrpcLogAppender: Wait interrupted by java.lang.InterruptedException
2021-10-17 01:36:47,219 [omNode-2@group-523986131536->omNode-1-GrpcLogAppender-LogAppenderDaemon] WARN  server.GrpcLogAppender (GrpcLogAppender.java:mayWait(175)) - omNode-2@group-523986131536->omNode-1-GrpcLogAppender: Wait interrupted by java.lang.InterruptedException
2021-10-17 01:36:47,221 [Listener at localhost/11172] INFO  impl.StateMachineUpdater (StateMachineUpdater.java:stopAndJoin(149)) - omNode-2@group-523986131536-StateMachineUpdater: set stopIndex = 26
2021-10-17 01:36:47,221 [omNode-2@group-523986131536-StateMachineUpdater] INFO  ratis.OzoneManagerStateMachine (OzoneManagerStateMachine.java:takeSnapshot(417)) - Current Snapshot Index (t:4, i:26)
2021-10-17 01:36:47,221 [omNode-2@group-523986131536-StateMachineUpdater] INFO  impl.StateMachineUpdater (StateMachineUpdater.java:takeSnapshot(281)) - omNode-2@group-523986131536-StateMachineUpdater: Took a snapshot at index 26
2021-10-17 01:36:47,222 [omNode-2@group-523986131536-StateMachineUpdater] INFO  impl.StateMachineUpdater (StateMachineUpdater.java:lambda$new$0(89)) - omNode-2@group-523986131536-StateMachineUpdater: snapshotIndex: updateIncreasingly 22 -> 26
2021-10-17 01:36:47,222 [omNode-2@group-523986131536-StateMachineUpdater] INFO  ratis.OzoneManagerStateMachine (OzoneManagerStateMachine.java:close(471)) - StateMachine has shutdown. Shutdown OzoneManager if not already shutdown.
2021-10-17 01:36:47,222 [Listener at localhost/11172] INFO  server.RaftServer$Division (ServerState.java:close(419)) - omNode-2@group-523986131536: closes. applyIndex: 26
2021-10-17 01:36:47,222 [omNode-2@group-523986131536-SegmentedRaftLogWorker] INFO  segmented.SegmentedRaftLogWorker (SegmentedRaftLogWorker.java:run(327)) - omNode-2@group-523986131536-SegmentedRaftLogWorker was interrupted, exiting. There are 0 tasks remaining in the queue.
2021-10-17 01:36:47,223 [Listener at localhost/11172] INFO  segmented.SegmentedRaftLogWorker (SegmentedRaftLogWorker.java:close(237)) - omNode-2@group-523986131536-SegmentedRaftLogWorker close()
2021-10-17 01:36:47,224 [Listener at localhost/11172] INFO  server.GrpcService (GrpcService.java:closeImpl(262)) - omNode-2: shutdown server with port 11182 now
2021-10-17 01:36:47,226 [Listener at localhost/11172] INFO  server.GrpcService (GrpcService.java:closeImpl(271)) - omNode-2: shutdown server with port 11182 successfully
2021-10-17 01:36:47,226 [org.apache.ratis.util.JvmPauseMonitor$$Lambda$523/1638607820@6aa4c85d] INFO  util.JvmPauseMonitor (JvmPauseMonitor.java:run(109)) - JvmPauseMonitor-omNode-2: Stopped
2021-10-17 01:36:47,226 [Listener at localhost/11172] INFO  ratis.OzoneManagerDoubleBuffer (OzoneManagerDoubleBuffer.java:stop(437)) - Stopping OMDoubleBuffer flush thread
2021-10-17 01:36:47,226 [OMDoubleBufferFlushThread] INFO  ratis.OzoneManagerDoubleBuffer (OzoneManagerDoubleBuffer.java:flushTransactions(356)) - OMDoubleBuffer flush thread OMDoubleBufferFlushThread is interrupted and will exit. OMDoubleBufferFlushThread
2021-10-17 01:36:47,228 [Listener at localhost/11172] INFO  handler.ContextHandler (ContextHandler.java:doStop(1153)) - Stopped o.e.j.w.WebAppContext@1f5a2620{ozoneManager,/,null,STOPPED}{file:/home/runner/work/ozone/ozone/hadoop-ozone/integration-test/target/test-classes/webapps/ozoneManager}
2021-10-17 01:36:47,229 [Listener at localhost/11172] INFO  server.AbstractConnector (AbstractConnector.java:doStop(381)) - Stopped ServerConnector@4c3a7830{HTTP/1.1, (http/1.1)}{0.0.0.0:11180}
2021-10-17 01:36:47,229 [Listener at localhost/11172] INFO  server.session (HouseKeeper.java:stopScavenging(149)) - node0 Stopped scavenging
2021-10-17 01:36:47,229 [Listener at localhost/11172] INFO  handler.ContextHandler (ContextHandler.java:doStop(1153)) - Stopped o.e.j.s.ServletContextHandler@56004e94{static,/static,file:///home/runner/work/ozone/ozone/hadoop-ozone/integration-test/target/test-classes/webapps/static,STOPPED}
2021-10-17 01:36:47,229 [Listener at localhost/11172] INFO  handler.ContextHandler (ContextHandler.java:doStop(1153)) - Stopped o.e.j.s.ServletContextHandler@4c12c941{logs,/logs,file:///home/runner/work/ozone/ozone/hadoop-ozone/integration-test/target/log,STOPPED}
2021-10-17 01:36:47,231 [Listener at localhost/11172] INFO  om.OzoneManager (OzoneManager.java:initFSOLayout(4357)) - Configured ozone.om.metadata.layout=SIMPLE and disabled optimized OM FS operations
2021-10-17 01:36:47,231 [Listener at localhost/11172] INFO  om.OzoneManager (OzoneManager.java:restart(1385)) - OzoneManager RPC server is listening at localhost/127.0.0.1:11178
2021-10-17 01:36:47,231 [Listener at localhost/11172] INFO  impl.MetricsSystemImpl (MetricsSystemImpl.java:init(158)) - OzoneManager metrics system started (again)
2021-10-17 01:36:47,244 [Listener at localhost/11172] WARN  server.ServerUtils (ServerUtils.java:getDBPath(225)) - ozone.om.db.dirs is not configured. We recommend adding this setting. Falling back to ozone.metadata.dirs instead.
2021-10-17 01:36:47,245 [Listener at localhost/11172] INFO  codec.OmKeyInfoCodec (OmKeyInfoCodec.java:<init>(51)) - OmKeyInfoCodec ignorePipeline = true
2021-10-17 01:36:47,245 [Listener at localhost/11172] INFO  codec.RepeatedOmKeyInfoCodec (RepeatedOmKeyInfoCodec.java:<init>(42)) - RepeatedOmKeyInfoCodec ignorePipeline = true
2021-10-17 01:36:47,285 [Listener at localhost/11172] WARN  impl.MetricRegistriesImpl (MetricRegistriesImpl.java:addReporterRegistration(111)) - New reporters are added after registries were created. Some metrics will be missing from the reporter. Please add reporter before adding any new registry.
2021-10-17 01:36:47,285 [Listener at localhost/11172] WARN  impl.MetricRegistriesImpl (MetricRegistriesImpl.java:addReporterRegistration(111)) - New reporters are added after registries were created. Some metrics will be missing from the reporter. Please add reporter before adding any new registry.
2021-10-17 01:36:47,285 [Listener at localhost/11172] WARN  server.ServerUtils (ServerUtils.java:getDefaultRatisDirectory(237)) - Storage directory for Ratis is not configured. It is a good idea to map this to an SSD disk. Falling back to ozone.metadata.dirs
2021-10-17 01:36:47,286 [Listener at localhost/11172] INFO  ratis.OzoneManagerRatisServer (OzoneManagerRatisServer.java:<init>(159)) - Instantiating OM Ratis server with groupID: om-service-test1 and peers: localhost:11182, localhost:11188, localhost:11176
2021-10-17 01:36:47,286 [Listener at localhost/11172] INFO  ratis.OzoneManagerStateMachine (OzoneManagerStateMachine.java:loadSnapshotInfoFromDB(605)) - LastAppliedIndex is set from TransactionInfo from OM DB as (t:4, i:26)
2021-10-17 01:36:47,287 [Listener at localhost/11172] INFO  server.RaftServer (ConfUtils.java:logGet(44)) - raft.rpc.type = GRPC (default)
2021-10-17 01:36:47,287 [Listener at localhost/11172] INFO  grpc.GrpcFactory (GrpcFactory.java:checkPooledByteBufAllocatorUseCacheForAllThreads(48)) - PERFORMANCE WARNING: useCacheForAllThreads is true that may cause Netty to create a lot garbage objects and, as a result, trigger GC.
	It is recommended to disable useCacheForAllThreads by setting -Dorg.apache.ratis.thirdparty.io.netty.allocator.useCacheForAllThreads=false in command line.
2021-10-17 01:36:47,287 [Listener at localhost/11172] INFO  grpc.GrpcConfigKeys (ConfUtils.java:logGet(44)) - raft.grpc.admin.port = -1 (default)
2021-10-17 01:36:47,287 [Listener at localhost/11172] INFO  grpc.GrpcConfigKeys (ConfUtils.java:logGet(44)) - raft.grpc.server.port = 11182 (custom)
2021-10-17 01:36:47,288 [Listener at localhost/11172] INFO  grpc.GrpcConfigKeys (ConfUtils.java:logGet(44)) - raft.grpc.client.port = -1 (default)
2021-10-17 01:36:47,288 [Listener at localhost/11172] INFO  grpc.GrpcConfigKeys (ConfUtils.java:logGet(44)) - raft.grpc.server.port = 11182 (custom)
2021-10-17 01:36:47,288 [Listener at localhost/11172] INFO  grpc.GrpcConfigKeys (ConfUtils.java:logGet(44)) - raft.grpc.server.port = 11182 (custom)
2021-10-17 01:36:47,288 [Listener at localhost/11172] INFO  server.GrpcService (ConfUtils.java:logGet(44)) - raft.grpc.message.size.max = 33554432 (custom)
2021-10-17 01:36:47,288 [Listener at localhost/11172] INFO  server.RaftServerConfigKeys (ConfUtils.java:logGet(44)) - raft.server.log.appender.buffer.byte-limit = 33554432 (custom)
2021-10-17 01:36:47,288 [Listener at localhost/11172] INFO  server.GrpcService (ConfUtils.java:logGet(44)) - raft.grpc.flow.control.window = 1MB (=1048576) (default)
2021-10-17 01:36:47,288 [Listener at localhost/11172] INFO  server.RaftServerConfigKeys (ConfUtils.java:logGet(44)) - raft.server.rpc.request.timeout = 3000ms (default)
2021-10-17 01:36:47,289 [Listener at localhost/11172] INFO  impl.DataStreamServerImpl (ConfUtils.java:logGet(44)) - raft.datastream.type = DISABLED (default)
2021-10-17 01:36:47,289 [Listener at localhost/11172] INFO  server.RaftServerConfigKeys (ConfUtils.java:logGet(44)) - raft.server.rpc.slowness.timeout = 2s (custom)
2021-10-17 01:36:47,289 [Listener at localhost/11172] INFO  server.RaftServerConfigKeys (ConfUtils.java:logGet(44)) - raft.server.leaderelection.leader.step-down.wait-time = 10s (default)
2021-10-17 01:36:47,289 [Listener at localhost/11172] INFO  server.RaftServerConfigKeys (ConfUtils.java:logGet(44)) - raft.server.storage.dir = [/home/runner/work/ozone/ozone/hadoop-ozone/integration-test/target/test-dir/MiniOzoneClusterImpl-e6b5673d-0e05-4a61-970a-b11d77d0bde6/omNode-2/ratis] (custom)
2021-10-17 01:36:47,290 [Listener at localhost/11172] INFO  server.RaftServer (RaftServerProxy.java:lambda$null$1(235)) - omNode-2: found a subdirectory /home/runner/work/ozone/ozone/hadoop-ozone/integration-test/target/test-dir/MiniOzoneClusterImpl-e6b5673d-0e05-4a61-970a-b11d77d0bde6/omNode-2/ratis/c9bc4cf4-3bc3-3c60-a66b-523986131536
2021-10-17 01:36:47,290 [Listener at localhost/11172] INFO  server.RaftServer (RaftServerProxy.java:addNew(95)) - omNode-2: addNew group-523986131536:[omNode-3|rpc:localhost:11188|priority:0, omNode-1|rpc:localhost:11176|priority:0, omNode-2|rpc:localhost:11182|priority:0] returns group-523986131536:java.util.concurrent.CompletableFuture@469e114f[Not completed]
2021-10-17 01:36:47,290 [Listener at localhost/11172] INFO  om.OzoneManager (OzoneManager.java:initializeRatisServer(1605)) - OzoneManager Ratis server initialized at port 11182
2021-10-17 01:36:47,290 [Listener at localhost/11172] INFO  ratis.OzoneManagerRatisServer (OzoneManagerRatisServer.java:start(520)) - Starting OzoneManagerRatisServer omNode-2 at port 11182
2021-10-17 01:36:47,290 [pool-271-thread-1] INFO  server.RaftServer$Division (RaftServerImpl.java:<init>(181)) - omNode-2: new RaftServerImpl for group-523986131536:[omNode-3|rpc:localhost:11188|priority:0, omNode-1|rpc:localhost:11176|priority:0, omNode-2|rpc:localhost:11182|priority:0] with OzoneManagerStateMachine:uninitialized
2021-10-17 01:36:47,291 [pool-271-thread-1] INFO  server.RaftServerConfigKeys (ConfUtils.java:logGet(44)) - raft.server.rpc.timeout.min = 1s (custom)
2021-10-17 01:36:47,291 [pool-271-thread-1] INFO  server.RaftServerConfigKeys (ConfUtils.java:logGet(44)) - raft.server.rpc.timeout.max = 1200ms (custom)
2021-10-17 01:36:47,291 [pool-271-thread-1] INFO  server.RaftServerConfigKeys (ConfUtils.java:logGet(44)) - raft.server.rpc.sleep.time = 25ms (default)
2021-10-17 01:36:47,291 [pool-271-thread-1] INFO  server.RaftServerConfigKeys (ConfUtils.java:logGet(44)) - raft.server.rpc.slowness.timeout = 2s (custom)
2021-10-17 01:36:47,291 [pool-271-thread-1] INFO  server.RaftServerConfigKeys (ConfUtils.java:logGet(44)) - raft.server.leaderelection.leader.step-down.wait-time = 10s (default)
2021-10-17 01:36:47,291 [pool-271-thread-1] INFO  server.RaftServerConfigKeys (ConfUtils.java:logGet(44)) - raft.server.sleep.deviation.threshold = 300ms (default)
2021-10-17 01:36:47,292 [pool-271-thread-1] INFO  server.RaftServerConfigKeys (ConfUtils.java:logGet(44)) - raft.server.log.appender.install.snapshot.enabled = false (custom)
2021-10-17 01:36:47,292 [pool-271-thread-1] INFO  server.RaftServer$Division (ServerState.java:<init>(105)) - omNode-2@group-523986131536: ConfigurationManager, init=-1: [omNode-3|rpc:localhost:11188|priority:0, omNode-1|rpc:localhost:11176|priority:0, omNode-2|rpc:localhost:11182|priority:0], old=null, confs=<EMPTY_MAP>
2021-10-17 01:36:47,292 [pool-271-thread-1] INFO  server.RaftServerConfigKeys (ConfUtils.java:logGet(44)) - raft.server.storage.dir = [/home/runner/work/ozone/ozone/hadoop-ozone/integration-test/target/test-dir/MiniOzoneClusterImpl-e6b5673d-0e05-4a61-970a-b11d77d0bde6/omNode-2/ratis] (custom)
2021-10-17 01:36:47,292 [pool-271-thread-1] INFO  server.RaftServerConfigKeys (ConfUtils.java:logGet(44)) - raft.server.log.corruption.policy = EXCEPTION (default)
2021-10-17 01:36:47,292 [pool-271-thread-1] INFO  server.RaftServerConfigKeys (ConfUtils.java:logGet(44)) - raft.server.storage.free-space.min = 0MB (=0) (default)
2021-10-17 01:36:47,293 [pool-271-thread-1] INFO  storage.RaftStorageDirectory (RaftStorageDirectoryImpl.java:tryLock(230)) - Lock on /home/runner/work/ozone/ozone/hadoop-ozone/integration-test/target/test-dir/MiniOzoneClusterImpl-e6b5673d-0e05-4a61-970a-b11d77d0bde6/omNode-2/ratis/c9bc4cf4-3bc3-3c60-a66b-523986131536/in_use.lock acquired by nodename 15180@fv-az151-444
2021-10-17 01:36:47,293 [pool-271-thread-1] INFO  storage.RaftStorage (RaftStorageImpl.java:analyzeAndRecoverStorage(110)) - Read RaftStorageMetadata{term=4, votedFor=omNode-2} from /home/runner/work/ozone/ozone/hadoop-ozone/integration-test/target/test-dir/MiniOzoneClusterImpl-e6b5673d-0e05-4a61-970a-b11d77d0bde6/omNode-2/ratis/c9bc4cf4-3bc3-3c60-a66b-523986131536/current/raft-meta
2021-10-17 01:36:47,293 [pool-271-thread-1] INFO  server.RaftServer$Division (ServerState.java:setRaftConf(387)) - omNode-2@group-523986131536: set configuration 23: [omNode-3|rpc:localhost:11188|admin:|client:|dataStream:|priority:0, omNode-1|rpc:localhost:11176|admin:|client:|dataStream:|priority:0, omNode-2|rpc:localhost:11182|admin:|client:|dataStream:|priority:0], old=null
2021-10-17 01:36:47,293 [pool-271-thread-1] INFO  server.RaftServerConfigKeys (ConfUtils.java:logGet(44)) - raft.server.notification.no-leader.timeout = 2s (custom)
2021-10-17 01:36:47,293 [pool-271-thread-1] INFO  server.RaftServerConfigKeys (ConfUtils.java:logGet(44)) - raft.server.log.use.memory = false (default)
2021-10-17 01:36:47,294 [pool-271-thread-1] INFO  server.RaftServerConfigKeys (ConfUtils.java:logGet(44)) - raft.server.log.purge.gap = 50 (custom)
2021-10-17 01:36:47,294 [pool-271-thread-1] INFO  server.RaftServerConfigKeys (ConfUtils.java:logGet(44)) - raft.server.log.appender.buffer.byte-limit = 33554432 (custom)
2021-10-17 01:36:47,294 [pool-271-thread-1] INFO  server.RaftServerConfigKeys (ConfUtils.java:logGet(44)) - raft.server.log.segment.size.max = 4194304 (custom)
2021-10-17 01:36:47,294 [pool-271-thread-1] INFO  server.RaftServerConfigKeys (ConfUtils.java:logGet(44)) - raft.server.log.segment.cache.num.max = 2 (custom)
2021-10-17 01:36:47,294 [pool-271-thread-1] INFO  server.RaftServerConfigKeys (ConfUtils.java:logGet(44)) - raft.server.log.segment.cache.size.max = 200MB (=209715200) (default)
2021-10-17 01:36:47,294 [pool-271-thread-1] INFO  segmented.SegmentedRaftLogWorker (SegmentedRaftLogWorker.java:<init>(182)) - new omNode-2@group-523986131536-SegmentedRaftLogWorker for RaftStorageImpl:Storage Directory /home/runner/work/ozone/ozone/hadoop-ozone/integration-test/target/test-dir/MiniOzoneClusterImpl-e6b5673d-0e05-4a61-970a-b11d77d0bde6/omNode-2/ratis/c9bc4cf4-3bc3-3c60-a66b-523986131536
2021-10-17 01:36:47,294 [pool-271-thread-1] INFO  server.RaftServerConfigKeys (ConfUtils.java:logGet(44)) - raft.server.log.queue.byte-limit = 64MB (=67108864) (default)
2021-10-17 01:36:47,295 [pool-271-thread-1] INFO  server.RaftServerConfigKeys (ConfUtils.java:logGet(44)) - raft.server.log.queue.element-limit = 4096 (default)
2021-10-17 01:36:47,295 [pool-271-thread-1] INFO  server.RaftServerConfigKeys (ConfUtils.java:logGet(44)) - raft.server.log.segment.size.max = 4194304 (custom)
2021-10-17 01:36:47,295 [pool-271-thread-1] INFO  server.RaftServerConfigKeys (ConfUtils.java:logGet(44)) - raft.server.log.preallocated.size = 4194304 (custom)
2021-10-17 01:36:47,295 [pool-271-thread-1] INFO  server.RaftServerConfigKeys (ConfUtils.java:logGet(44)) - raft.server.log.force.sync.num = 128 (default)
2021-10-17 01:36:47,295 [pool-271-thread-1] INFO  server.RaftServerConfigKeys (ConfUtils.java:logGet(44)) - raft.server.log.statemachine.data.sync = true (default)
2021-10-17 01:36:47,295 [pool-271-thread-1] INFO  server.RaftServerConfigKeys (ConfUtils.java:logGet(44)) - raft.server.log.statemachine.data.sync.timeout = 10s (default)
2021-10-17 01:36:47,295 [pool-271-thread-1] INFO  server.RaftServerConfigKeys (ConfUtils.java:logGet(44)) - raft.server.log.statemachine.data.sync.timeout.retry = -1 (default)
2021-10-17 01:36:47,296 [pool-271-thread-1] INFO  server.RaftServerConfigKeys (ConfUtils.java:logGet(44)) - raft.server.log.write.buffer.size = 64KB (=65536) (default)
2021-10-17 01:36:47,296 [pool-271-thread-1] INFO  server.RaftServerConfigKeys (ConfUtils.java:logGet(44)) - raft.server.log.statemachine.data.caching.enabled = false (default)
2021-10-17 01:36:47,296 [pool-271-thread-1] INFO  server.RaftServer$Division (ServerState.java:setRaftConf(387)) - omNode-2@group-523986131536: set configuration 21: [omNode-3|rpc:localhost:11188|admin:|client:|dataStream:|priority:0, omNode-1|rpc:localhost:11176|admin:|client:|dataStream:|priority:0, omNode-2|rpc:localhost:11182|admin:|client:|dataStream:|priority:0], old=null
2021-10-17 01:36:47,297 [pool-271-thread-1] INFO  segmented.LogSegment (LogSegment.java:loadSegment(173)) - Successfully read 2 entries from segment file /home/runner/work/ozone/ozone/hadoop-ozone/integration-test/target/test-dir/MiniOzoneClusterImpl-e6b5673d-0e05-4a61-970a-b11d77d0bde6/omNode-2/ratis/c9bc4cf4-3bc3-3c60-a66b-523986131536/current/log_21-22
2021-10-17 01:36:47,297 [pool-271-thread-1] INFO  server.RaftServer$Division (ServerState.java:setRaftConf(387)) - omNode-2@group-523986131536: set configuration 23: [omNode-3|rpc:localhost:11188|admin:|client:|dataStream:|priority:0, omNode-1|rpc:localhost:11176|admin:|client:|dataStream:|priority:0, omNode-2|rpc:localhost:11182|admin:|client:|dataStream:|priority:0], old=null
2021-10-17 01:36:47,297 [pool-271-thread-1] INFO  segmented.LogSegment (LogSegment.java:loadSegment(173)) - Successfully read 4 entries from segment file /home/runner/work/ozone/ozone/hadoop-ozone/integration-test/target/test-dir/MiniOzoneClusterImpl-e6b5673d-0e05-4a61-970a-b11d77d0bde6/omNode-2/ratis/c9bc4cf4-3bc3-3c60-a66b-523986131536/current/log_inprogress_23
2021-10-17 01:36:47,297 [pool-271-thread-1] INFO  segmented.SegmentedRaftLogWorker (SegmentedRaftLogWorker.java:lambda$new$0(133)) - omNode-2@group-523986131536-SegmentedRaftLogWorker: flushIndex: setUnconditionally 0 -> 26
2021-10-17 01:36:47,297 [pool-271-thread-1] INFO  segmented.SegmentedRaftLogWorker (SegmentedRaftLogWorker.java:lambda$new$0(133)) - omNode-2@group-523986131536-SegmentedRaftLogWorker: safeCacheEvictIndex: setUnconditionally 0 -> 22
2021-10-17 01:36:47,297 [pool-271-thread-1] INFO  raftlog.RaftLog (RaftLogBase.java:lambda$new$0(53)) - omNode-2@group-523986131536-SegmentedRaftLog: commitIndex: updateToMax old=26, new=25, updated? false
2021-10-17 01:36:47,297 [pool-271-thread-1] INFO  raftlog.RaftLog (RaftLogBase.java:lambda$new$0(53)) - omNode-2@group-523986131536-SegmentedRaftLog: purgeIndex: updateIncreasingly -1 -> 20
2021-10-17 01:36:47,298 [pool-271-thread-1] INFO  server.RaftServerConfigKeys (ConfUtils.java:logGet(44)) - raft.server.snapshot.auto.trigger.enabled = true (custom)
2021-10-17 01:36:47,298 [pool-271-thread-1] INFO  server.RaftServerConfigKeys (ConfUtils.java:logGet(44)) - raft.server.snapshot.auto.trigger.threshold = 50 (custom)
2021-10-17 01:36:47,298 [pool-271-thread-1] INFO  server.RaftServerConfigKeys (ConfUtils.java:logGet(44)) - raft.server.snapshot.retention.file.num = -1 (default)
2021-10-17 01:36:47,298 [pool-271-thread-1] INFO  server.RaftServerConfigKeys (ConfUtils.java:logGet(44)) - raft.server.log.purge.upto.snapshot.index = true (custom)
2021-10-17 01:36:47,298 [pool-271-thread-1] INFO  server.RaftServerConfigKeys (ConfUtils.java:logGet(44)) - raft.server.retrycache.expirytime = 30000ms (custom)
2021-10-17 01:36:47,298 [pool-271-thread-1] INFO  server.RaftServerConfigKeys (ConfUtils.java:logGet(44)) - raft.server.retrycache.statistics.expirytime = 100μs (default)
2021-10-17 01:36:47,302 [Listener at localhost/11172] INFO  server.RaftServer$Division (RaftServerImpl.java:start(296)) - omNode-2@group-523986131536: start as a follower, conf=23: [omNode-3|rpc:localhost:11188|admin:|client:|dataStream:|priority:0, omNode-1|rpc:localhost:11176|admin:|client:|dataStream:|priority:0, omNode-2|rpc:localhost:11182|admin:|client:|dataStream:|priority:0], old=null
2021-10-17 01:36:47,302 [Listener at localhost/11172] INFO  server.RaftServer$Division (RaftServerImpl.java:setRole(285)) - omNode-2@group-523986131536: changes role from      null to FOLLOWER at term 4 for startAsFollower
2021-10-17 01:36:47,302 [Listener at localhost/11172] INFO  impl.RoleInfo (RoleInfo.java:updateAndGet(130)) - omNode-2: start omNode-2@group-523986131536-FollowerState
2021-10-17 01:36:47,303 [Listener at localhost/11172] INFO  util.JmxRegister (JmxRegister.java:tryRegister(44)) - Successfully registered JMX Bean with object name Ratis:service=RaftServer,group=group-523986131536,id=omNode-2
2021-10-17 01:36:47,304 [Listener at localhost/11172] INFO  server.RaftServer (RaftServerProxy.java:lambda$start$5(374)) - omNode-2: start RPC server
2021-10-17 01:36:47,304 [Listener at localhost/11172] INFO  server.GrpcService (GrpcService.java:startImpl(253)) - omNode-2: GrpcService started, listening on 11182
2021-10-17 01:36:47,305 [org.apache.ratis.util.JvmPauseMonitor$$Lambda$523/1638607820@4e597004] INFO  util.JvmPauseMonitor (JvmPauseMonitor.java:run(103)) - JvmPauseMonitor-omNode-2: Started
2021-10-17 01:36:47,305 [Listener at localhost/11172] INFO  ipc.CallQueueManager (CallQueueManager.java:<init>(90)) - Using callQueue: class java.util.concurrent.LinkedBlockingQueue, queueCapacity: 2000, scheduler: class org.apache.hadoop.ipc.DefaultRpcScheduler, ipcBackoff: false.
2021-10-17 01:36:47,308 [Socket Reader #1 for port 11178] INFO  ipc.Server (Server.java:run(1265)) - Starting Socket Reader #1 for port 11178
2021-10-17 01:36:47,311 [Listener at localhost/11178] INFO  http.BaseHttpServer (BaseHttpServer.java:newHttpServer2BuilderForOzone(209)) - Starting Web-server for ozoneManager at: http://0.0.0.0:11180
2021-10-17 01:36:47,311 [Listener at localhost/11178] INFO  http.BaseHttpServer (BaseHttpServer.java:<init>(107)) - Hadoop Security Enabled: false Ozone Security Enabled: false Ozone HTTP Security Enabled: false 
2021-10-17 01:36:47,312 [Listener at localhost/11178] INFO  server.AuthenticationFilter (AuthenticationFilter.java:constructSecretProvider(240)) - Unable to initialize FileSignerSecretProvider, falling back to use random secrets.
2021-10-17 01:36:47,313 [Listener at localhost/11178] WARN  http.HttpRequestLog (HttpRequestLog.java:getRequestLog(103)) - Jetty request log can only be enabled using Log4j
2021-10-17 01:36:47,314 [Listener at localhost/11178] INFO  http.HttpServer2 (HttpServer2.java:addGlobalFilter(1030)) - Added global filter 'safety' (class=org.apache.hadoop.hdds.server.http.HttpServer2$QuotingInputFilter)
2021-10-17 01:36:47,314 [Listener at localhost/11178] INFO  http.HttpServer2 (HttpServer2.java:addFilter(1006)) - Added filter static_user_filter (class=org.apache.hadoop.http.lib.StaticUserWebFilter$StaticUserFilter) to context ozoneManager
2021-10-17 01:36:47,315 [Listener at localhost/11178] INFO  http.HttpServer2 (HttpServer2.java:addFilter(1014)) - Added filter static_user_filter (class=org.apache.hadoop.http.lib.StaticUserWebFilter$StaticUserFilter) to context logs
2021-10-17 01:36:47,315 [Listener at localhost/11178] INFO  http.HttpServer2 (HttpServer2.java:addFilter(1014)) - Added filter static_user_filter (class=org.apache.hadoop.http.lib.StaticUserWebFilter$StaticUserFilter) to context static
2021-10-17 01:36:47,315 [Listener at localhost/11178] INFO  http.HttpServer2 (HttpServer2.java:bindListener(1249)) - Jetty bound to port 11180
2021-10-17 01:36:47,315 [Listener at localhost/11178] INFO  server.Server (Server.java:doStart(375)) - jetty-9.4.43.v20210629; built: 2021-06-30T11:07:22.254Z; git: 526006ecfa3af7f1a27ef3a288e2bef7ea9dd7e8; jvm 1.8.0_292-b10
2021-10-17 01:36:47,319 [Listener at localhost/11178] INFO  server.session (DefaultSessionIdManager.java:doStart(334)) - DefaultSessionIdManager workerName=node0
2021-10-17 01:36:47,319 [Listener at localhost/11178] INFO  server.session (DefaultSessionIdManager.java:doStart(339)) - No SessionScavenger set, using defaults
2021-10-17 01:36:47,319 [Listener at localhost/11178] INFO  server.session (HouseKeeper.java:startScavenging(132)) - node0 Scavenging every 600000ms
2021-10-17 01:36:47,320 [Listener at localhost/11178] INFO  handler.ContextHandler (ContextHandler.java:doStart(915)) - Started o.e.j.s.ServletContextHandler@657f9cef{logs,/logs,file:///home/runner/work/ozone/ozone/hadoop-ozone/integration-test/target/log,AVAILABLE}
2021-10-17 01:36:47,320 [Listener at localhost/11178] INFO  handler.ContextHandler (ContextHandler.java:doStart(915)) - Started o.e.j.s.ServletContextHandler@4644ab3{static,/static,file:///home/runner/work/ozone/ozone/hadoop-ozone/integration-test/target/test-classes/webapps/static,AVAILABLE}
2021-10-17 01:36:47,323 [Listener at localhost/11178] INFO  handler.ContextHandler (ContextHandler.java:doStart(915)) - Started o.e.j.w.WebAppContext@4561df07{ozoneManager,/,file:///home/runner/work/ozone/ozone/hadoop-ozone/integration-test/target/test-classes/webapps/ozoneManager/,AVAILABLE}{file:/home/runner/work/ozone/ozone/hadoop-ozone/integration-test/target/test-classes/webapps/ozoneManager}
2021-10-17 01:36:47,324 [Listener at localhost/11178] INFO  server.AbstractConnector (AbstractConnector.java:doStart(331)) - Started ServerConnector@7157fc30{HTTP/1.1, (http/1.1)}{0.0.0.0:11180}
2021-10-17 01:36:47,324 [Listener at localhost/11178] INFO  server.Server (Server.java:doStart(415)) - Started @164047ms
2021-10-17 01:36:47,324 [Listener at localhost/11178] WARN  impl.MetricsSystemImpl (MetricsSystemImpl.java:register(279)) - Sink prometheus already exists!
2021-10-17 01:36:47,325 [Listener at localhost/11178] INFO  http.BaseHttpServer (BaseHttpServer.java:updateConnectorAddress(329)) - HTTP server of ozoneManager listening at http://0.0.0.0:11180
2021-10-17 01:36:47,325 [IPC Server Responder] INFO  ipc.Server (Server.java:run(1507)) - IPC Server Responder: starting
2021-10-17 01:36:47,327 [IPC Server listener on 11178] INFO  ipc.Server (Server.java:run(1344)) - IPC Server listener on 11178: starting
2021-10-17 01:36:47,333 [Listener at localhost/11178] INFO  om.OzoneManager (OzoneManager.java:startTrashEmptier(1563)) - Trash Interval set to 0. Files deleted will not move to trash
2021-10-17 01:36:47,334 [org.apache.hadoop.util.JvmPauseMonitor$Monitor@51eff33a] INFO  util.JvmPauseMonitor (JvmPauseMonitor.java:run(188)) - Starting JVM pause monitor
]]></system-out>
  </testcase>
  <testcase name="testPrepareWithTransactions" classname="org.apache.hadoop.ozone.om.TestOzoneManagerPrepare" time="125.67">
    <error message="timeout: after 120000 millis" type="java.util.concurrent.TimeoutException">java.util.concurrent.TimeoutException: timeout: after 120000 millis
	at org.apache.ozone.test.LambdaTestUtils$GenerateTimeout.evaluate(LambdaTestUtils.java:677)
	at org.apache.ozone.test.LambdaTestUtils.await(LambdaTestUtils.java:154)
	at org.apache.ozone.test.LambdaTestUtils.await(LambdaTestUtils.java:192)
	at org.apache.hadoop.ozone.om.TestOzoneManagerPrepare.assertClusterNotPrepared(TestOzoneManagerPrepare.java:484)
	at org.apache.hadoop.ozone.om.TestOzoneManagerPrepare.assertClusterNotPrepared(TestOzoneManagerPrepare.java:478)
	at org.apache.hadoop.ozone.om.TestOzoneManagerPrepare.initOM(TestOzoneManagerPrepare.java:91)
	at sun.reflect.NativeMethodAccessorImpl.invoke0(Native Method)
	at sun.reflect.NativeMethodAccessorImpl.invoke(NativeMethodAccessorImpl.java:62)
	at sun.reflect.DelegatingMethodAccessorImpl.invoke(DelegatingMethodAccessorImpl.java:43)
	at java.lang.reflect.Method.invoke(Method.java:498)
	at org.junit.runners.model.FrameworkMethod$1.runReflectiveCall(FrameworkMethod.java:59)
	at org.junit.internal.runners.model.ReflectiveCallable.run(ReflectiveCallable.java:12)
	at org.junit.runners.model.FrameworkMethod.invokeExplosively(FrameworkMethod.java:56)
	at org.junit.internal.runners.statements.RunBefores.invokeMethod(RunBefores.java:33)
	at org.junit.internal.runners.statements.RunBefores.evaluate(RunBefores.java:24)
	at org.junit.internal.runners.statements.RunAfters.evaluate(RunAfters.java:27)
	at org.junit.rules.ExpectedException$ExpectedExceptionStatement.evaluate(ExpectedException.java:258)
	at org.junit.internal.runners.statements.FailOnTimeout$CallableStatement.call(FailOnTimeout.java:288)
	at org.junit.internal.runners.statements.FailOnTimeout$CallableStatement.call(FailOnTimeout.java:282)
	at java.util.concurrent.FutureTask.run(FutureTask.java:266)
	at java.lang.Thread.run(Thread.java:748)
</error>
    <system-out><![CDATA[2021-10-17 01:36:47,349 [Time-limited test] INFO  retry.RetryInvocationHandler (RetryInvocationHandler.java:log(411)) - com.google.protobuf.ServiceException: org.apache.hadoop.ipc.RemoteException(org.apache.hadoop.ozone.om.exceptions.OMNotLeaderException): OM:omNode-2 is not the leader. Could not determine the leader node.
	at org.apache.hadoop.ozone.om.ratis.utils.OzoneManagerRatisUtils.createNotLeaderException(OzoneManagerRatisUtils.java:465)
	at org.apache.hadoop.ozone.om.ratis.utils.OzoneManagerRatisUtils.checkLeaderStatus(OzoneManagerRatisUtils.java:451)
	at org.apache.hadoop.ozone.protocolPB.OzoneManagerProtocolServerSideTranslatorPB.checkLeaderStatus(OzoneManagerProtocolServerSideTranslatorPB.java:243)
	at org.apache.hadoop.ozone.protocolPB.OzoneManagerProtocolServerSideTranslatorPB.processRequest(OzoneManagerProtocolServerSideTranslatorPB.java:135)
	at org.apache.hadoop.hdds.server.OzoneProtocolMessageDispatcher.processRequest(OzoneProtocolMessageDispatcher.java:87)
	at org.apache.hadoop.ozone.protocolPB.OzoneManagerProtocolServerSideTranslatorPB.submitRequest(OzoneManagerProtocolServerSideTranslatorPB.java:123)
	at org.apache.hadoop.ozone.protocol.proto.OzoneManagerProtocolProtos$OzoneManagerService$2.callBlockingMethod(OzoneManagerProtocolProtos.java)
	at org.apache.hadoop.ipc.ProtobufRpcEngine$Server.processCall(ProtobufRpcEngine.java:466)
	at org.apache.hadoop.ipc.ProtobufRpcEngine2$Server$ProtoBufRpcInvoker.call(ProtobufRpcEngine2.java:574)
	at org.apache.hadoop.ipc.ProtobufRpcEngine2$Server$ProtoBufRpcInvoker.call(ProtobufRpcEngine2.java:552)
	at org.apache.hadoop.ipc.RPC$Server.call(RPC.java:1093)
	at org.apache.hadoop.ipc.Server$RpcCall.run(Server.java:1035)
	at org.apache.hadoop.ipc.Server$RpcCall.run(Server.java:963)
	at java.security.AccessController.doPrivileged(Native Method)
	at javax.security.auth.Subject.doAs(Subject.java:422)
	at org.apache.hadoop.security.UserGroupInformation.doAs(UserGroupInformation.java:1878)
	at org.apache.hadoop.ipc.Server$Handler.run(Server.java:2966)
, while invoking $Proxy52.submitRequest over nodeId=omNode-2,nodeAddress=127.0.0.1:11178. Trying to failover immediately.
2021-10-17 01:36:47,353 [Time-limited test] INFO  retry.RetryInvocationHandler (RetryInvocationHandler.java:log(411)) - com.google.protobuf.ServiceException: org.apache.hadoop.ipc.RemoteException(org.apache.hadoop.ozone.om.exceptions.OMNotLeaderException): OM:omNode-3 is not the leader. Could not determine the leader node.
	at org.apache.hadoop.ozone.om.ratis.utils.OzoneManagerRatisUtils.createNotLeaderException(OzoneManagerRatisUtils.java:465)
	at org.apache.hadoop.ozone.om.ratis.utils.OzoneManagerRatisUtils.checkLeaderStatus(OzoneManagerRatisUtils.java:451)
	at org.apache.hadoop.ozone.protocolPB.OzoneManagerProtocolServerSideTranslatorPB.checkLeaderStatus(OzoneManagerProtocolServerSideTranslatorPB.java:243)
	at org.apache.hadoop.ozone.protocolPB.OzoneManagerProtocolServerSideTranslatorPB.processRequest(OzoneManagerProtocolServerSideTranslatorPB.java:135)
	at org.apache.hadoop.hdds.server.OzoneProtocolMessageDispatcher.processRequest(OzoneProtocolMessageDispatcher.java:87)
	at org.apache.hadoop.ozone.protocolPB.OzoneManagerProtocolServerSideTranslatorPB.submitRequest(OzoneManagerProtocolServerSideTranslatorPB.java:123)
	at org.apache.hadoop.ozone.protocol.proto.OzoneManagerProtocolProtos$OzoneManagerService$2.callBlockingMethod(OzoneManagerProtocolProtos.java)
	at org.apache.hadoop.ipc.ProtobufRpcEngine$Server.processCall(ProtobufRpcEngine.java:466)
	at org.apache.hadoop.ipc.ProtobufRpcEngine2$Server$ProtoBufRpcInvoker.call(ProtobufRpcEngine2.java:574)
	at org.apache.hadoop.ipc.ProtobufRpcEngine2$Server$ProtoBufRpcInvoker.call(ProtobufRpcEngine2.java:552)
	at org.apache.hadoop.ipc.RPC$Server.call(RPC.java:1093)
	at org.apache.hadoop.ipc.Server$RpcCall.run(Server.java:1035)
	at org.apache.hadoop.ipc.Server$RpcCall.run(Server.java:963)
	at java.security.AccessController.doPrivileged(Native Method)
	at javax.security.auth.Subject.doAs(Subject.java:422)
	at org.apache.hadoop.security.UserGroupInformation.doAs(UserGroupInformation.java:1878)
	at org.apache.hadoop.ipc.Server$Handler.run(Server.java:2966)
, while invoking $Proxy52.submitRequest over nodeId=omNode-3,nodeAddress=127.0.0.1:11184 after 1 failover attempts. Trying to failover after sleeping for 2000ms.
2021-10-17 01:36:48,156 [omNode-3@group-523986131536-FollowerState] INFO  impl.FollowerState (FollowerState.java:run(134)) - omNode-3@group-523986131536-FollowerState: change to CANDIDATE, lastRpcElapsedTime:1117403268ns, electionTimeout:1117ms
2021-10-17 01:36:48,156 [omNode-3@group-523986131536-FollowerState] INFO  impl.RoleInfo (RoleInfo.java:shutdownFollowerState(108)) - omNode-3: shutdown omNode-3@group-523986131536-FollowerState
2021-10-17 01:36:48,156 [omNode-3@group-523986131536-FollowerState] INFO  server.RaftServer$Division (RaftServerImpl.java:setRole(285)) - omNode-3@group-523986131536: changes role from  FOLLOWER to CANDIDATE at term 4 for changeToCandidate
2021-10-17 01:36:48,156 [omNode-3@group-523986131536-FollowerState] INFO  server.RaftServerConfigKeys (ConfUtils.java:logGet(44)) - raft.server.leaderelection.pre-vote = false (custom)
2021-10-17 01:36:48,157 [omNode-3@group-523986131536-FollowerState] INFO  impl.RoleInfo (RoleInfo.java:updateAndGet(130)) - omNode-3: start omNode-3@group-523986131536-LeaderElection18
2021-10-17 01:36:48,166 [omNode-3@group-523986131536-LeaderElection18] INFO  impl.LeaderElection (LeaderElection.java:askForVotes(306)) - omNode-3@group-523986131536-LeaderElection18 ELECTION round 0: submit vote requests at term 5 for 23: [omNode-3|rpc:localhost:11188|admin:|client:|dataStream:|priority:0, omNode-1|rpc:localhost:11176|admin:|client:|dataStream:|priority:0, omNode-2|rpc:localhost:11182|admin:|client:|dataStream:|priority:0], old=null
2021-10-17 01:36:48,175 [grpc-default-executor-7] INFO  server.RaftServer$Division (RaftServerImpl.java:requestVote(1043)) - omNode-1@group-523986131536: receive requestVote(ELECTION, omNode-3, group-523986131536, 5, (t:4, i:26))
2021-10-17 01:36:48,175 [grpc-default-executor-7] INFO  impl.VoteContext (VoteContext.java:log(48)) - omNode-1@group-523986131536-FOLLOWER: accept ELECTION from omNode-3: our last entry (t:2, i:20) < candidate's last entry (t:4, i:26)
2021-10-17 01:36:48,175 [grpc-default-executor-7] INFO  server.RaftServer$Division (RaftServerImpl.java:setRole(285)) - omNode-1@group-523986131536: changes role from  FOLLOWER to FOLLOWER at term 5 for candidate:omNode-3
2021-10-17 01:36:48,175 [grpc-default-executor-7] INFO  impl.RoleInfo (RoleInfo.java:shutdownFollowerState(108)) - omNode-1: shutdown omNode-1@group-523986131536-FollowerState
2021-10-17 01:36:48,176 [grpc-default-executor-7] INFO  impl.RoleInfo (RoleInfo.java:updateAndGet(130)) - omNode-1: start omNode-1@group-523986131536-FollowerState
2021-10-17 01:36:48,176 [omNode-1@group-523986131536-FollowerState] INFO  impl.FollowerState (FollowerState.java:run(143)) - omNode-1@group-523986131536-FollowerState was interrupted: {}
java.lang.InterruptedException: sleep interrupted
	at java.lang.Thread.sleep(Native Method)
	at java.lang.Thread.sleep(Thread.java:340)
	at java.util.concurrent.TimeUnit.sleep(TimeUnit.java:386)
	at org.apache.ratis.util.TimeDuration.sleep(TimeDuration.java:324)
	at org.apache.ratis.util.TimeDuration.sleep(TimeDuration.java:309)
	at org.apache.ratis.server.impl.FollowerState.run(FollowerState.java:118)
2021-10-17 01:36:48,182 [grpc-default-executor-7] INFO  server.RaftServer$Division (RaftServerImpl.java:requestVote(1075)) - omNode-1@group-523986131536 replies to ELECTION vote request: omNode-3<-omNode-1#0:OK-t5. Peer's state: omNode-1@group-523986131536:t5, leader=null, voted=omNode-3, raftlog=omNode-1@group-523986131536-SegmentedRaftLog:OPENED:c20,f20,i0, conf=23: [omNode-3|rpc:localhost:11188|admin:|client:|dataStream:|priority:0, omNode-1|rpc:localhost:11176|admin:|client:|dataStream:|priority:0, omNode-2|rpc:localhost:11182|admin:|client:|dataStream:|priority:0], old=null
2021-10-17 01:36:48,182 [grpc-default-executor-3] INFO  server.RaftServer$Division (RaftServerImpl.java:requestVote(1043)) - omNode-2@group-523986131536: receive requestVote(ELECTION, omNode-3, group-523986131536, 5, (t:4, i:26))
2021-10-17 01:36:48,183 [grpc-default-executor-3] INFO  impl.VoteContext (VoteContext.java:log(48)) - omNode-2@group-523986131536-FOLLOWER: accept ELECTION from omNode-3: our priority 0 <= candidate's priority 0
2021-10-17 01:36:48,183 [grpc-default-executor-3] INFO  server.RaftServer$Division (RaftServerImpl.java:setRole(285)) - omNode-2@group-523986131536: changes role from  FOLLOWER to FOLLOWER at term 5 for candidate:omNode-3
2021-10-17 01:36:48,183 [grpc-default-executor-3] INFO  impl.RoleInfo (RoleInfo.java:shutdownFollowerState(108)) - omNode-2: shutdown omNode-2@group-523986131536-FollowerState
2021-10-17 01:36:48,183 [grpc-default-executor-3] INFO  impl.RoleInfo (RoleInfo.java:updateAndGet(130)) - omNode-2: start omNode-2@group-523986131536-FollowerState
2021-10-17 01:36:48,183 [omNode-2@group-523986131536-FollowerState] INFO  impl.FollowerState (FollowerState.java:run(143)) - omNode-2@group-523986131536-FollowerState was interrupted: {}
java.lang.InterruptedException: sleep interrupted
	at java.lang.Thread.sleep(Native Method)
	at java.lang.Thread.sleep(Thread.java:340)
	at java.util.concurrent.TimeUnit.sleep(TimeUnit.java:386)
	at org.apache.ratis.util.TimeDuration.sleep(TimeDuration.java:324)
	at org.apache.ratis.util.TimeDuration.sleep(TimeDuration.java:309)
	at org.apache.ratis.server.impl.FollowerState.run(FollowerState.java:118)
2021-10-17 01:36:48,183 [omNode-3@group-523986131536-LeaderElection18] INFO  impl.LeaderElection (LeaderElection.java:logAndReturn(89)) - omNode-3@group-523986131536-LeaderElection18: ELECTION PASSED received 1 response(s) and 0 exception(s):
2021-10-17 01:36:48,183 [omNode-3@group-523986131536-LeaderElection18] INFO  impl.LeaderElection (LeaderElection.java:logAndReturn(93)) -   Response 0: omNode-3<-omNode-1#0:OK-t5
2021-10-17 01:36:48,183 [omNode-3@group-523986131536-LeaderElection18] INFO  impl.LeaderElection (LeaderElection.java:askForVotes(308)) - omNode-3@group-523986131536-LeaderElection18 ELECTION round 0: result PASSED
2021-10-17 01:36:48,183 [omNode-3@group-523986131536-LeaderElection18] INFO  impl.RoleInfo (RoleInfo.java:shutdownLeaderElection(121)) - omNode-3: shutdown omNode-3@group-523986131536-LeaderElection18
2021-10-17 01:36:48,183 [omNode-3@group-523986131536-LeaderElection18] INFO  server.RaftServer$Division (RaftServerImpl.java:setRole(285)) - omNode-3@group-523986131536: changes role from CANDIDATE to LEADER at term 5 for changeToLeader
2021-10-17 01:36:48,183 [omNode-3@group-523986131536-LeaderElection18] INFO  server.RaftServer$Division (ServerState.java:setLeader(285)) - omNode-3@group-523986131536: change Leader from null to omNode-3 at term 5 for becomeLeader, leader elected after 1152ms
2021-10-17 01:36:48,184 [omNode-3@group-523986131536-LeaderElection18] INFO  server.RaftServerConfigKeys (ConfUtils.java:logGet(44)) - raft.server.staging.catchup.gap = 1000 (default)
2021-10-17 01:36:48,184 [omNode-3@group-523986131536-LeaderElection18] INFO  server.RaftServerConfigKeys (ConfUtils.java:logGet(44)) - raft.server.write.element-limit = 4096 (default)
2021-10-17 01:36:48,184 [omNode-3@group-523986131536-LeaderElection18] INFO  server.RaftServerConfigKeys (ConfUtils.java:logGet(44)) - raft.server.write.byte-limit = 64MB (=67108864) (default)
2021-10-17 01:36:48,184 [grpc-default-executor-3] INFO  server.RaftServer$Division (RaftServerImpl.java:requestVote(1075)) - omNode-2@group-523986131536 replies to ELECTION vote request: omNode-3<-omNode-2#0:OK-t5. Peer's state: omNode-2@group-523986131536:t5, leader=null, voted=omNode-3, raftlog=omNode-2@group-523986131536-SegmentedRaftLog:OPENED:c26,f26,i26, conf=23: [omNode-3|rpc:localhost:11188|admin:|client:|dataStream:|priority:0, omNode-1|rpc:localhost:11176|admin:|client:|dataStream:|priority:0, omNode-2|rpc:localhost:11182|admin:|client:|dataStream:|priority:0], old=null
2021-10-17 01:36:48,184 [omNode-3@group-523986131536-LeaderElection18] INFO  server.RaftServerConfigKeys (ConfUtils.java:logGet(44)) - raft.server.watch.timeout = 10s (default)
2021-10-17 01:36:48,184 [omNode-3@group-523986131536-LeaderElection18] INFO  server.RaftServerConfigKeys (ConfUtils.java:logGet(44)) - raft.server.watch.timeout.denomination = 1s (default)
2021-10-17 01:36:48,184 [omNode-3@group-523986131536-LeaderElection18] INFO  server.RaftServerConfigKeys (ConfUtils.java:logGet(44)) - raft.server.watch.element-limit = 65536 (default)
2021-10-17 01:36:48,184 [omNode-3@group-523986131536-LeaderElection18] INFO  server.RaftServerConfigKeys (ConfUtils.java:logGet(44)) - raft.server.log.appender.snapshot.chunk.size.max = 16MB (=16777216) (default)
2021-10-17 01:36:48,185 [omNode-3@group-523986131536-LeaderElection18] INFO  server.RaftServerConfigKeys (ConfUtils.java:logGet(44)) - raft.server.log.appender.buffer.byte-limit = 33554432 (custom)
2021-10-17 01:36:48,185 [omNode-3@group-523986131536-LeaderElection18] INFO  server.RaftServerConfigKeys (ConfUtils.java:logGet(44)) - raft.server.log.appender.buffer.element-limit = 1024 (custom)
2021-10-17 01:36:48,185 [omNode-3@group-523986131536-LeaderElection18] INFO  grpc.GrpcConfigKeys (ConfUtils.java:logGet(44)) - raft.grpc.server.leader.outstanding.appends.max = 128 (default)
2021-10-17 01:36:48,185 [omNode-3@group-523986131536-LeaderElection18] INFO  server.RaftServerConfigKeys (ConfUtils.java:logGet(44)) - raft.server.rpc.request.timeout = 3000ms (default)
2021-10-17 01:36:48,185 [omNode-3@group-523986131536-LeaderElection18] INFO  server.RaftServerConfigKeys (ConfUtils.java:logGet(44)) - raft.server.log.appender.install.snapshot.enabled = false (custom)
2021-10-17 01:36:48,185 [omNode-3@group-523986131536-LeaderElection18] INFO  server.RaftServerConfigKeys (ConfUtils.java:logGet(44)) - raft.server.log.appender.snapshot.chunk.size.max = 16MB (=16777216) (default)
2021-10-17 01:36:48,186 [omNode-3@group-523986131536-LeaderElection18] INFO  server.RaftServerConfigKeys (ConfUtils.java:logGet(44)) - raft.server.log.appender.buffer.byte-limit = 33554432 (custom)
2021-10-17 01:36:48,186 [omNode-3@group-523986131536-LeaderElection18] INFO  server.RaftServerConfigKeys (ConfUtils.java:logGet(44)) - raft.server.log.appender.buffer.element-limit = 1024 (custom)
2021-10-17 01:36:48,186 [omNode-3@group-523986131536-LeaderElection18] INFO  grpc.GrpcConfigKeys (ConfUtils.java:logGet(44)) - raft.grpc.server.leader.outstanding.appends.max = 128 (default)
2021-10-17 01:36:48,186 [omNode-3@group-523986131536-LeaderElection18] INFO  server.RaftServerConfigKeys (ConfUtils.java:logGet(44)) - raft.server.rpc.request.timeout = 3000ms (default)
2021-10-17 01:36:48,186 [omNode-3@group-523986131536-LeaderElection18] INFO  server.RaftServerConfigKeys (ConfUtils.java:logGet(44)) - raft.server.log.appender.install.snapshot.enabled = false (custom)
2021-10-17 01:36:48,186 [omNode-3@group-523986131536-LeaderElection18] INFO  impl.RoleInfo (RoleInfo.java:updateAndGet(130)) - omNode-3: start omNode-3@group-523986131536-LeaderStateImpl
2021-10-17 01:36:48,187 [omNode-3@group-523986131536-LeaderElection18] INFO  segmented.SegmentedRaftLogWorker (SegmentedRaftLogWorker.java:rollLogSegment(399)) - omNode-3@group-523986131536-SegmentedRaftLogWorker: Rolling segment log-23_26 to index:26
2021-10-17 01:36:48,191 [omNode-3@group-523986131536-SegmentedRaftLogWorker] INFO  segmented.SegmentedRaftLogWorker (SegmentedRaftLogWorker.java:execute(558)) - omNode-3@group-523986131536-SegmentedRaftLogWorker: Rolled log segment from /home/runner/work/ozone/ozone/hadoop-ozone/integration-test/target/test-dir/MiniOzoneClusterImpl-e6b5673d-0e05-4a61-970a-b11d77d0bde6/omNode-3/ratis/c9bc4cf4-3bc3-3c60-a66b-523986131536/current/log_inprogress_23 to /home/runner/work/ozone/ozone/hadoop-ozone/integration-test/target/test-dir/MiniOzoneClusterImpl-e6b5673d-0e05-4a61-970a-b11d77d0bde6/omNode-3/ratis/c9bc4cf4-3bc3-3c60-a66b-523986131536/current/log_23-26
2021-10-17 01:36:48,195 [omNode-3@group-523986131536-LeaderElection18] INFO  server.RaftServer$Division (ServerState.java:setRaftConf(387)) - omNode-3@group-523986131536: set configuration 27: [omNode-3|rpc:localhost:11188|admin:|client:|dataStream:|priority:0, omNode-1|rpc:localhost:11176|admin:|client:|dataStream:|priority:0, omNode-2|rpc:localhost:11182|admin:|client:|dataStream:|priority:0], old=null
2021-10-17 01:36:48,197 [grpc-default-executor-3] INFO  server.RaftServer$Division (ServerState.java:setLeader(285)) - omNode-1@group-523986131536: change Leader from null to omNode-3 at term 5 for appendEntries, leader elected after 1033ms
2021-10-17 01:36:48,198 [grpc-default-executor-3] INFO  server.RaftServer$Division (RaftServerImpl.java:checkInconsistentAppendEntries(1319)) - omNode-1@group-523986131536: Failed appendEntries as previous log entry ((t:4, i:26)) is not found
2021-10-17 01:36:48,198 [grpc-default-executor-3] INFO  server.RaftServer$Division (RaftServerImpl.java:checkInconsistentAppendEntries(1285)) - omNode-1@group-523986131536: inconsistency entries. Reply:omNode-3<-omNode-1#0:FAIL-t5,INCONSISTENCY,nextIndex=21,followerCommit=20
2021-10-17 01:36:48,198 [grpc-default-executor-7] INFO  server.RaftServer$Division (ServerState.java:setLeader(285)) - omNode-2@group-523986131536: change Leader from null to omNode-3 at term 5 for appendEntries, leader elected after 904ms
2021-10-17 01:36:48,198 [grpc-default-executor-6] INFO  leader.FollowerInfo (FollowerInfoImpl.java:lambda$new$0(46)) - omNode-3@group-523986131536->omNode-1: nextIndex: updateUnconditionally 28 -> 21
2021-10-17 01:36:48,199 [grpc-default-executor-3] INFO  server.RaftServer$Division (RaftServerImpl.java:checkInconsistentAppendEntries(1319)) - omNode-1@group-523986131536: Failed appendEntries as previous log entry ((t:4, i:26)) is not found
2021-10-17 01:36:48,199 [grpc-default-executor-3] INFO  server.RaftServer$Division (RaftServerImpl.java:checkInconsistentAppendEntries(1285)) - omNode-1@group-523986131536: inconsistency entries. Reply:omNode-3<-omNode-1#1:FAIL-t5,INCONSISTENCY,nextIndex=21,followerCommit=20
2021-10-17 01:36:48,199 [grpc-default-executor-3] INFO  leader.FollowerInfo (FollowerInfoImpl.java:lambda$new$0(46)) - omNode-3@group-523986131536->omNode-1: nextIndex: updateUnconditionally 21 -> 21
2021-10-17 01:36:48,199 [omNode-3@group-523986131536->omNode-1-GrpcLogAppender-LogAppenderDaemon] ERROR leader.LogAppenderDaemon (LogAppenderDaemon.java:run(86)) - omNode-3@group-523986131536->omNode-1-GrpcLogAppender-LogAppenderDaemon failed
java.lang.NullPointerException: omNode-3@group-523986131536->omNode-1: Previous TermIndex not found for firstIndex = 21
	at java.util.Objects.requireNonNull(Objects.java:290)
	at org.apache.ratis.server.leader.LogAppenderBase.assertProtos(LogAppenderBase.java:169)
	at org.apache.ratis.server.leader.LogAppenderBase.newAppendEntriesRequest(LogAppenderBase.java:154)
	at org.apache.ratis.grpc.server.GrpcLogAppender.appendLog(GrpcLogAppender.java:211)
	at org.apache.ratis.grpc.server.GrpcLogAppender.run(GrpcLogAppender.java:145)
	at org.apache.ratis.server.leader.LogAppenderDaemon.run(LogAppenderDaemon.java:77)
	at java.lang.Thread.run(Thread.java:748)
2021-10-17 01:36:48,207 [omNode-3@group-523986131536->omNode-1-GrpcLogAppender-LogAppenderDaemon] INFO  server.RaftServer$Division (LeaderStateImpl.java:restart(501)) - omNode-3@group-523986131536-LeaderStateImpl: Restarting GrpcLogAppender for omNode-3@group-523986131536->omNode-1
2021-10-17 01:36:48,207 [omNode-3@group-523986131536->omNode-1-GrpcLogAppender-LogAppenderDaemon] INFO  server.RaftServerConfigKeys (ConfUtils.java:logGet(44)) - raft.server.log.appender.snapshot.chunk.size.max = 16MB (=16777216) (default)
2021-10-17 01:36:48,207 [omNode-3@group-523986131536->omNode-1-GrpcLogAppender-LogAppenderDaemon] INFO  server.RaftServerConfigKeys (ConfUtils.java:logGet(44)) - raft.server.log.appender.buffer.byte-limit = 33554432 (custom)
2021-10-17 01:36:48,207 [omNode-3@group-523986131536->omNode-1-GrpcLogAppender-LogAppenderDaemon] INFO  server.RaftServerConfigKeys (ConfUtils.java:logGet(44)) - raft.server.log.appender.buffer.element-limit = 1024 (custom)
2021-10-17 01:36:48,207 [omNode-3@group-523986131536->omNode-1-GrpcLogAppender-LogAppenderDaemon] INFO  grpc.GrpcConfigKeys (ConfUtils.java:logGet(44)) - raft.grpc.server.leader.outstanding.appends.max = 128 (default)
2021-10-17 01:36:48,207 [omNode-3@group-523986131536->omNode-1-GrpcLogAppender-LogAppenderDaemon] INFO  server.RaftServerConfigKeys (ConfUtils.java:logGet(44)) - raft.server.rpc.request.timeout = 3000ms (default)
2021-10-17 01:36:48,207 [omNode-3@group-523986131536->omNode-1-GrpcLogAppender-LogAppenderDaemon] INFO  server.RaftServerConfigKeys (ConfUtils.java:logGet(44)) - raft.server.log.appender.install.snapshot.enabled = false (custom)
2021-10-17 01:36:48,210 [omNode-3@group-523986131536-SegmentedRaftLogWorker] INFO  segmented.SegmentedRaftLogWorker (SegmentedRaftLogWorker.java:execute(601)) - omNode-3@group-523986131536-SegmentedRaftLogWorker: created new log segment /home/runner/work/ozone/ozone/hadoop-ozone/integration-test/target/test-dir/MiniOzoneClusterImpl-e6b5673d-0e05-4a61-970a-b11d77d0bde6/omNode-3/ratis/c9bc4cf4-3bc3-3c60-a66b-523986131536/current/log_inprogress_27
2021-10-17 01:36:48,218 [grpc-default-executor-7] INFO  server.RaftServer$Division (ServerState.java:setRaftConf(387)) - omNode-2@group-523986131536: set configuration 27: [omNode-3|rpc:localhost:11188|admin:|client:|dataStream:|priority:0, omNode-1|rpc:localhost:11176|admin:|client:|dataStream:|priority:0, omNode-2|rpc:localhost:11182|admin:|client:|dataStream:|priority:0], old=null
2021-10-17 01:36:48,219 [omNode-3@group-523986131536->omNode-1-GrpcLogAppender-LogAppenderDaemon] INFO  server.GrpcLogAppender (GrpcLogAppender.java:installSnapshot(524)) - omNode-3@group-523986131536->omNode-1-GrpcLogAppender: followerNextIndex = 0 but logStartIndex = 21, notify follower to install snapshot-(t:3, i:21)
2021-10-17 01:36:48,219 [grpc-default-executor-7] INFO  segmented.SegmentedRaftLogWorker (SegmentedRaftLogWorker.java:rollLogSegment(399)) - omNode-2@group-523986131536-SegmentedRaftLogWorker: Rolling segment log-23_26 to index:26
2021-10-17 01:36:48,220 [omNode-3@group-523986131536->omNode-1-GrpcLogAppender-LogAppenderDaemon] INFO  server.GrpcLogAppender (GrpcLogAppender.java:installSnapshot(532)) - omNode-3@group-523986131536->omNode-1-GrpcLogAppender: send omNode-3->omNode-1#0-t5,notify:(t:3, i:21)
2021-10-17 01:36:48,220 [omNode-2@group-523986131536-SegmentedRaftLogWorker] INFO  segmented.SegmentedRaftLogWorker (SegmentedRaftLogWorker.java:execute(558)) - omNode-2@group-523986131536-SegmentedRaftLogWorker: Rolled log segment from /home/runner/work/ozone/ozone/hadoop-ozone/integration-test/target/test-dir/MiniOzoneClusterImpl-e6b5673d-0e05-4a61-970a-b11d77d0bde6/omNode-2/ratis/c9bc4cf4-3bc3-3c60-a66b-523986131536/current/log_inprogress_23 to /home/runner/work/ozone/ozone/hadoop-ozone/integration-test/target/test-dir/MiniOzoneClusterImpl-e6b5673d-0e05-4a61-970a-b11d77d0bde6/omNode-2/ratis/c9bc4cf4-3bc3-3c60-a66b-523986131536/current/log_23-26
2021-10-17 01:36:48,225 [grpc-default-executor-3] INFO  server.RaftServer$Division (RaftServerImpl.java:installSnapshot(1329)) - omNode-1@group-523986131536: receive installSnapshot: omNode-3->omNode-1#0-t5,notify:(t:3, i:21)
2021-10-17 01:36:48,225 [grpc-default-executor-3] INFO  server.RaftServer$Division (RaftServerImpl.java:notifyStateMachineToInstallSnapshot(1560)) - omNode-1@group-523986131536: StateMachine snapshotIndex is 20
2021-10-17 01:36:48,226 [grpc-default-executor-3] INFO  server.RaftServer$Division (RaftServerImpl.java:installSnapshotImpl(1459)) - omNode-1@group-523986131536: set new configuration index: 27
configurationEntry {
  peers {
    id: "omNode-3"
    address: "localhost:11188"
  }
  peers {
    id: "omNode-1"
    address: "localhost:11176"
  }
  peers {
    id: "omNode-2"
    address: "localhost:11182"
  }
}
 from snapshot
2021-10-17 01:36:48,227 [grpc-default-executor-3] INFO  server.RaftServer$Division (ServerState.java:setRaftConf(387)) - omNode-1@group-523986131536: set configuration 27: [omNode-3|rpc:localhost:11188|admin:|client:|dataStream:|priority:0, omNode-1|rpc:localhost:11176|admin:|client:|dataStream:|priority:0, omNode-2|rpc:localhost:11182|admin:|client:|dataStream:|priority:0], old=null
2021-10-17 01:36:48,227 [grpc-default-executor-3] INFO  ratis.OzoneManagerStateMachine (OzoneManagerStateMachine.java:notifyConfigurationChanged(188)) - Received Configuration change notification from Ratis. New Peer list:
[id: "omNode-3"
address: "localhost:11188"
, id: "omNode-1"
address: "localhost:11176"
, id: "omNode-2"
address: "localhost:11182"
]
2021-10-17 01:36:48,227 [grpc-default-executor-3] INFO  server.RaftServer$Division (RaftServerImpl.java:installSnapshot(1340)) - omNode-1@group-523986131536: reply installSnapshot: omNode-3<-omNode-1#0:FAIL-t5,ALREADY_INSTALLED,snapshotIndex=20
2021-10-17 01:36:48,227 [grpc-default-executor-3] INFO  server.GrpcServerProtocolService (GrpcServerProtocolService.java:onCompleted(140)) - omNode-1: Completed INSTALL_SNAPSHOT, lastRequest: omNode-3->omNode-1#0-t5,notify:(t:3, i:21)
2021-10-17 01:36:48,228 [grpc-default-executor-7] INFO  server.GrpcLogAppender (GrpcLogAppender.java:onNext(400)) - omNode-3@group-523986131536->omNode-1-InstallSnapshotResponseHandler: received the first reply omNode-3<-omNode-1#0:FAIL-t5,ALREADY_INSTALLED,snapshotIndex=20
2021-10-17 01:36:48,228 [grpc-default-executor-7] INFO  server.GrpcLogAppender (GrpcLogAppender.java:onNext(422)) - omNode-3@group-523986131536->omNode-1-InstallSnapshotResponseHandler: Already Installed Snapshot Index 20.
2021-10-17 01:36:48,228 [grpc-default-executor-7] INFO  leader.FollowerInfo (FollowerInfoImpl.java:lambda$new$0(46)) - omNode-3@group-523986131536->omNode-1: snapshotIndex: setUnconditionally 0 -> 20
2021-10-17 01:36:48,228 [grpc-default-executor-7] INFO  leader.FollowerInfo (FollowerInfoImpl.java:lambda$new$0(46)) - omNode-3@group-523986131536->omNode-1: matchIndex: setUnconditionally 0 -> 20
2021-10-17 01:36:48,228 [grpc-default-executor-7] INFO  leader.FollowerInfo (FollowerInfoImpl.java:lambda$new$0(46)) - omNode-3@group-523986131536->omNode-1: nextIndex: setUnconditionally 0 -> 21
2021-10-17 01:36:48,228 [grpc-default-executor-7] INFO  leader.FollowerInfo (FollowerInfoImpl.java:lambda$new$0(46)) - omNode-3@group-523986131536->omNode-1: nextIndex: updateToMax old=21, new=21, updated? false
2021-10-17 01:36:48,228 [omNode-2@group-523986131536-SegmentedRaftLogWorker] INFO  segmented.SegmentedRaftLogWorker (SegmentedRaftLogWorker.java:execute(601)) - omNode-2@group-523986131536-SegmentedRaftLogWorker: created new log segment /home/runner/work/ozone/ozone/hadoop-ozone/integration-test/target/test-dir/MiniOzoneClusterImpl-e6b5673d-0e05-4a61-970a-b11d77d0bde6/omNode-2/ratis/c9bc4cf4-3bc3-3c60-a66b-523986131536/current/log_inprogress_27
2021-10-17 01:36:48,231 [omNode-3@group-523986131536-StateMachineUpdater] INFO  ratis.OzoneManagerStateMachine (OzoneManagerStateMachine.java:notifyConfigurationChanged(188)) - Received Configuration change notification from Ratis. New Peer list:
[id: "omNode-3"
address: "localhost:11188"
, id: "omNode-1"
address: "localhost:11176"
, id: "omNode-2"
address: "localhost:11182"
]
2021-10-17 01:36:48,232 [grpc-default-executor-7] INFO  server.RaftServer$Division (RaftServerImpl.java:checkInconsistentAppendEntries(1319)) - omNode-1@group-523986131536: Failed appendEntries as previous log entry ((t:5, i:27)) is not found
2021-10-17 01:36:48,232 [grpc-default-executor-7] INFO  server.RaftServer$Division (RaftServerImpl.java:checkInconsistentAppendEntries(1285)) - omNode-1@group-523986131536: inconsistency entries. Reply:omNode-3<-omNode-1#2:FAIL-t5,INCONSISTENCY,nextIndex=21,followerCommit=20
2021-10-17 01:36:48,234 [omNode-2@group-523986131536-StateMachineUpdater] INFO  ratis.OzoneManagerStateMachine (OzoneManagerStateMachine.java:notifyConfigurationChanged(188)) - Received Configuration change notification from Ratis. New Peer list:
[id: "omNode-3"
address: "localhost:11188"
, id: "omNode-1"
address: "localhost:11176"
, id: "omNode-2"
address: "localhost:11182"
]
2021-10-17 01:36:48,734 [grpc-default-executor-7] INFO  server.RaftServer$Division (RaftServerImpl.java:checkInconsistentAppendEntries(1319)) - omNode-1@group-523986131536: Failed appendEntries as previous log entry ((t:5, i:28)) is not found
2021-10-17 01:36:48,735 [grpc-default-executor-7] INFO  server.RaftServer$Division (RaftServerImpl.java:checkInconsistentAppendEntries(1285)) - omNode-1@group-523986131536: inconsistency entries. Reply:omNode-3<-omNode-1#57:FAIL-t5,INCONSISTENCY,nextIndex=21,followerCommit=20
2021-10-17 01:36:48,736 [grpc-default-executor-3] INFO  leader.FollowerInfo (FollowerInfoImpl.java:lambda$new$0(46)) - omNode-3@group-523986131536->omNode-1: nextIndex: updateUnconditionally 29 -> 21
2021-10-17 01:36:49,238 [grpc-default-executor-3] INFO  server.RaftServer$Division (RaftServerImpl.java:checkInconsistentAppendEntries(1319)) - omNode-1@group-523986131536: Failed appendEntries as previous log entry ((t:5, i:28)) is not found
2021-10-17 01:36:49,239 [grpc-default-executor-3] INFO  server.RaftServer$Division (RaftServerImpl.java:checkInconsistentAppendEntries(1285)) - omNode-1@group-523986131536: inconsistency entries. Reply:omNode-3<-omNode-1#109:FAIL-t5,INCONSISTENCY,nextIndex=21,followerCommit=20
2021-10-17 01:36:49,239 [grpc-default-executor-7] INFO  leader.FollowerInfo (FollowerInfoImpl.java:lambda$new$0(46)) - omNode-3@group-523986131536->omNode-1: nextIndex: updateUnconditionally 29 -> 21
2021-10-17 01:36:49,360 [Time-limited test] INFO  retry.RetryInvocationHandler (RetryInvocationHandler.java:log(411)) - com.google.protobuf.ServiceException: org.apache.hadoop.ipc.RemoteException(org.apache.hadoop.ozone.om.exceptions.OMNotLeaderException): OM:omNode-1 is not the leader. Could not determine the leader node.
	at org.apache.hadoop.ozone.om.ratis.utils.OzoneManagerRatisUtils.createNotLeaderException(OzoneManagerRatisUtils.java:465)
	at org.apache.hadoop.ozone.om.ratis.utils.OzoneManagerRatisUtils.checkLeaderStatus(OzoneManagerRatisUtils.java:451)
	at org.apache.hadoop.ozone.protocolPB.OzoneManagerProtocolServerSideTranslatorPB.checkLeaderStatus(OzoneManagerProtocolServerSideTranslatorPB.java:243)
	at org.apache.hadoop.ozone.protocolPB.OzoneManagerProtocolServerSideTranslatorPB.processRequest(OzoneManagerProtocolServerSideTranslatorPB.java:135)
	at org.apache.hadoop.hdds.server.OzoneProtocolMessageDispatcher.processRequest(OzoneProtocolMessageDispatcher.java:87)
	at org.apache.hadoop.ozone.protocolPB.OzoneManagerProtocolServerSideTranslatorPB.submitRequest(OzoneManagerProtocolServerSideTranslatorPB.java:123)
	at org.apache.hadoop.ozone.protocol.proto.OzoneManagerProtocolProtos$OzoneManagerService$2.callBlockingMethod(OzoneManagerProtocolProtos.java)
	at org.apache.hadoop.ipc.ProtobufRpcEngine$Server.processCall(ProtobufRpcEngine.java:466)
	at org.apache.hadoop.ipc.ProtobufRpcEngine2$Server$ProtoBufRpcInvoker.call(ProtobufRpcEngine2.java:574)
	at org.apache.hadoop.ipc.ProtobufRpcEngine2$Server$ProtoBufRpcInvoker.call(ProtobufRpcEngine2.java:552)
	at org.apache.hadoop.ipc.RPC$Server.call(RPC.java:1093)
	at org.apache.hadoop.ipc.Server$RpcCall.run(Server.java:1035)
	at org.apache.hadoop.ipc.Server$RpcCall.run(Server.java:963)
	at java.security.AccessController.doPrivileged(Native Method)
	at javax.security.auth.Subject.doAs(Subject.java:422)
	at org.apache.hadoop.security.UserGroupInformation.doAs(UserGroupInformation.java:1878)
	at org.apache.hadoop.ipc.Server$Handler.run(Server.java:2966)
, while invoking $Proxy52.submitRequest over nodeId=omNode-1,nodeAddress=127.0.0.1:11172 after 2 failover attempts. Trying to failover immediately.
2021-10-17 01:36:49,362 [Time-limited test] INFO  retry.RetryInvocationHandler (RetryInvocationHandler.java:log(411)) - com.google.protobuf.ServiceException: org.apache.hadoop.ipc.RemoteException(org.apache.hadoop.ozone.om.exceptions.OMNotLeaderException): OM:omNode-2 is not the leader. Could not determine the leader node.
	at org.apache.hadoop.ozone.om.ratis.utils.OzoneManagerRatisUtils.createNotLeaderException(OzoneManagerRatisUtils.java:465)
	at org.apache.hadoop.ozone.om.ratis.utils.OzoneManagerRatisUtils.checkLeaderStatus(OzoneManagerRatisUtils.java:451)
	at org.apache.hadoop.ozone.protocolPB.OzoneManagerProtocolServerSideTranslatorPB.checkLeaderStatus(OzoneManagerProtocolServerSideTranslatorPB.java:243)
	at org.apache.hadoop.ozone.protocolPB.OzoneManagerProtocolServerSideTranslatorPB.processRequest(OzoneManagerProtocolServerSideTranslatorPB.java:135)
	at org.apache.hadoop.hdds.server.OzoneProtocolMessageDispatcher.processRequest(OzoneProtocolMessageDispatcher.java:87)
	at org.apache.hadoop.ozone.protocolPB.OzoneManagerProtocolServerSideTranslatorPB.submitRequest(OzoneManagerProtocolServerSideTranslatorPB.java:123)
	at org.apache.hadoop.ozone.protocol.proto.OzoneManagerProtocolProtos$OzoneManagerService$2.callBlockingMethod(OzoneManagerProtocolProtos.java)
	at org.apache.hadoop.ipc.ProtobufRpcEngine$Server.processCall(ProtobufRpcEngine.java:466)
	at org.apache.hadoop.ipc.ProtobufRpcEngine2$Server$ProtoBufRpcInvoker.call(ProtobufRpcEngine2.java:574)
	at org.apache.hadoop.ipc.ProtobufRpcEngine2$Server$ProtoBufRpcInvoker.call(ProtobufRpcEngine2.java:552)
	at org.apache.hadoop.ipc.RPC$Server.call(RPC.java:1093)
	at org.apache.hadoop.ipc.Server$RpcCall.run(Server.java:1035)
	at org.apache.hadoop.ipc.Server$RpcCall.run(Server.java:963)
	at java.security.AccessController.doPrivileged(Native Method)
	at javax.security.auth.Subject.doAs(Subject.java:422)
	at org.apache.hadoop.security.UserGroupInformation.doAs(UserGroupInformation.java:1878)
	at org.apache.hadoop.ipc.Server$Handler.run(Server.java:2966)
, while invoking $Proxy52.submitRequest over nodeId=omNode-2,nodeAddress=127.0.0.1:11178 after 3 failover attempts. Trying to failover immediately.
2021-10-17 01:36:49,364 [grpc-default-executor-3] INFO  server.RaftServer$Division (RaftServerImpl.java:checkInconsistentAppendEntries(1319)) - omNode-1@group-523986131536: Failed appendEntries as previous log entry ((t:5, i:28)) is not found
2021-10-17 01:36:49,365 [grpc-default-executor-3] INFO  server.RaftServer$Division (RaftServerImpl.java:checkInconsistentAppendEntries(1285)) - omNode-1@group-523986131536: inconsistency entries. Reply:omNode-3<-omNode-1#123:FAIL-t5,INCONSISTENCY,nextIndex=21,followerCommit=20
2021-10-17 01:36:49,369 [grpc-default-executor-7] INFO  server.RaftServer$Division (RaftServerImpl.java:checkInconsistentAppendEntries(1319)) - omNode-1@group-523986131536: Failed appendEntries as previous log entry ((t:5, i:29)) is not found
2021-10-17 01:36:49,369 [grpc-default-executor-7] INFO  server.RaftServer$Division (RaftServerImpl.java:checkInconsistentAppendEntries(1285)) - omNode-1@group-523986131536: inconsistency entries. Reply:omNode-3<-omNode-1#124:FAIL-t5,INCONSISTENCY,nextIndex=21,followerCommit=20
2021-10-17 01:36:49,370 [OM StateMachine ApplyTransaction Thread - 0] INFO  upgrade.OMCancelPrepareRequest (OMCancelPrepareRequest.java:validateAndUpdateCache(55)) - OM omNode-3 Received cancel prepare request with log index 29
2021-10-17 01:36:49,372 [OM StateMachine ApplyTransaction Thread - 0] INFO  upgrade.OMCancelPrepareRequest (OMCancelPrepareRequest.java:validateAndUpdateCache(84)) - OM omNode-3 prepare state cancelled at log index 29. Returning response 
2021-10-17 01:36:49,372 [OM StateMachine ApplyTransaction Thread - 0] INFO  upgrade.OMCancelPrepareRequest (OMCancelPrepareRequest.java:validateAndUpdateCache(55)) - OM omNode-2 Received cancel prepare request with log index 29
2021-10-17 01:36:49,373 [OM StateMachine ApplyTransaction Thread - 0] INFO  upgrade.OMCancelPrepareRequest (OMCancelPrepareRequest.java:validateAndUpdateCache(84)) - OM omNode-2 prepare state cancelled at log index 29. Returning response 
2021-10-17 01:36:49,870 [grpc-default-executor-7] INFO  server.RaftServer$Division (RaftServerImpl.java:checkInconsistentAppendEntries(1319)) - omNode-1@group-523986131536: Failed appendEntries as previous log entry ((t:5, i:30)) is not found
2021-10-17 01:36:49,870 [grpc-default-executor-7] INFO  server.RaftServer$Division (RaftServerImpl.java:checkInconsistentAppendEntries(1285)) - omNode-1@group-523986131536: inconsistency entries. Reply:omNode-3<-omNode-1#176:FAIL-t5,INCONSISTENCY,nextIndex=21,followerCommit=20
2021-10-17 01:36:49,870 [grpc-default-executor-7] INFO  leader.FollowerInfo (FollowerInfoImpl.java:lambda$new$0(46)) - omNode-3@group-523986131536->omNode-1: nextIndex: updateUnconditionally 31 -> 21
2021-10-17 01:36:50,373 [grpc-default-executor-3] INFO  server.RaftServer$Division (RaftServerImpl.java:checkInconsistentAppendEntries(1319)) - omNode-1@group-523986131536: Failed appendEntries as previous log entry ((t:5, i:30)) is not found
2021-10-17 01:36:50,373 [grpc-default-executor-3] INFO  server.RaftServer$Division (RaftServerImpl.java:checkInconsistentAppendEntries(1285)) - omNode-1@group-523986131536: inconsistency entries. Reply:omNode-3<-omNode-1#227:FAIL-t5,INCONSISTENCY,nextIndex=21,followerCommit=20
2021-10-17 01:36:50,373 [grpc-default-executor-3] INFO  leader.FollowerInfo (FollowerInfoImpl.java:lambda$new$0(46)) - omNode-3@group-523986131536->omNode-1: nextIndex: updateUnconditionally 31 -> 21
2021-10-17 01:36:50,874 [grpc-default-executor-7] INFO  server.RaftServer$Division (RaftServerImpl.java:checkInconsistentAppendEntries(1319)) - omNode-1@group-523986131536: Failed appendEntries as previous log entry ((t:5, i:30)) is not found
2021-10-17 01:36:50,875 [grpc-default-executor-7] INFO  server.RaftServer$Division (RaftServerImpl.java:checkInconsistentAppendEntries(1285)) - omNode-1@group-523986131536: inconsistency entries. Reply:omNode-3<-omNode-1#278:FAIL-t5,INCONSISTENCY,nextIndex=21,followerCommit=20
2021-10-17 01:36:50,875 [grpc-default-executor-7] INFO  leader.FollowerInfo (FollowerInfoImpl.java:lambda$new$0(46)) - omNode-3@group-523986131536->omNode-1: nextIndex: updateUnconditionally 31 -> 21
2021-10-17 01:36:51,376 [grpc-default-executor-3] INFO  server.RaftServer$Division (RaftServerImpl.java:checkInconsistentAppendEntries(1319)) - omNode-1@group-523986131536: Failed appendEntries as previous log entry ((t:5, i:30)) is not found
2021-10-17 01:36:51,376 [grpc-default-executor-3] INFO  server.RaftServer$Division (RaftServerImpl.java:checkInconsistentAppendEntries(1285)) - omNode-1@group-523986131536: inconsistency entries. Reply:omNode-3<-omNode-1#329:FAIL-t5,INCONSISTENCY,nextIndex=21,followerCommit=20
2021-10-17 01:36:51,377 [grpc-default-executor-3] INFO  leader.FollowerInfo (FollowerInfoImpl.java:lambda$new$0(46)) - omNode-3@group-523986131536->omNode-1: nextIndex: updateUnconditionally 31 -> 21
2021-10-17 01:36:51,878 [grpc-default-executor-3] INFO  server.RaftServer$Division (RaftServerImpl.java:checkInconsistentAppendEntries(1319)) - omNode-1@group-523986131536: Failed appendEntries as previous log entry ((t:5, i:30)) is not found
2021-10-17 01:36:51,878 [grpc-default-executor-3] INFO  server.RaftServer$Division (RaftServerImpl.java:checkInconsistentAppendEntries(1285)) - omNode-1@group-523986131536: inconsistency entries. Reply:omNode-3<-omNode-1#380:FAIL-t5,INCONSISTENCY,nextIndex=21,followerCommit=20
2021-10-17 01:36:51,879 [grpc-default-executor-7] INFO  leader.FollowerInfo (FollowerInfoImpl.java:lambda$new$0(46)) - omNode-3@group-523986131536->omNode-1: nextIndex: updateUnconditionally 31 -> 21
2021-10-17 01:36:52,381 [grpc-default-executor-7] INFO  server.RaftServer$Division (RaftServerImpl.java:checkInconsistentAppendEntries(1319)) - omNode-1@group-523986131536: Failed appendEntries as previous log entry ((t:5, i:30)) is not found
2021-10-17 01:36:52,381 [grpc-default-executor-7] INFO  server.RaftServer$Division (RaftServerImpl.java:checkInconsistentAppendEntries(1285)) - omNode-1@group-523986131536: inconsistency entries. Reply:omNode-3<-omNode-1#431:FAIL-t5,INCONSISTENCY,nextIndex=21,followerCommit=20
2021-10-17 01:36:52,382 [grpc-default-executor-3] INFO  leader.FollowerInfo (FollowerInfoImpl.java:lambda$new$0(46)) - omNode-3@group-523986131536->omNode-1: nextIndex: updateUnconditionally 31 -> 21
2021-10-17 01:36:52,884 [grpc-default-executor-7] INFO  server.RaftServer$Division (RaftServerImpl.java:checkInconsistentAppendEntries(1319)) - omNode-1@group-523986131536: Failed appendEntries as previous log entry ((t:5, i:30)) is not found
2021-10-17 01:36:52,885 [grpc-default-executor-7] INFO  server.RaftServer$Division (RaftServerImpl.java:checkInconsistentAppendEntries(1285)) - omNode-1@group-523986131536: inconsistency entries. Reply:omNode-3<-omNode-1#482:FAIL-t5,INCONSISTENCY,nextIndex=21,followerCommit=20
2021-10-17 01:36:52,885 [grpc-default-executor-7] INFO  leader.FollowerInfo (FollowerInfoImpl.java:lambda$new$0(46)) - omNode-3@group-523986131536->omNode-1: nextIndex: updateUnconditionally 31 -> 21
2021-10-17 01:36:53,386 [grpc-default-executor-7] INFO  server.RaftServer$Division (RaftServerImpl.java:checkInconsistentAppendEntries(1319)) - omNode-1@group-523986131536: Failed appendEntries as previous log entry ((t:5, i:30)) is not found
2021-10-17 01:36:53,387 [grpc-default-executor-7] INFO  server.RaftServer$Division (RaftServerImpl.java:checkInconsistentAppendEntries(1285)) - omNode-1@group-523986131536: inconsistency entries. Reply:omNode-3<-omNode-1#533:FAIL-t5,INCONSISTENCY,nextIndex=21,followerCommit=20
2021-10-17 01:36:53,387 [grpc-default-executor-7] INFO  leader.FollowerInfo (FollowerInfoImpl.java:lambda$new$0(46)) - omNode-3@group-523986131536->omNode-1: nextIndex: updateUnconditionally 31 -> 21
2021-10-17 01:36:53,888 [grpc-default-executor-3] INFO  server.RaftServer$Division (RaftServerImpl.java:checkInconsistentAppendEntries(1319)) - omNode-1@group-523986131536: Failed appendEntries as previous log entry ((t:5, i:30)) is not found
2021-10-17 01:36:53,888 [grpc-default-executor-3] INFO  server.RaftServer$Division (RaftServerImpl.java:checkInconsistentAppendEntries(1285)) - omNode-1@group-523986131536: inconsistency entries. Reply:omNode-3<-omNode-1#584:FAIL-t5,INCONSISTENCY,nextIndex=21,followerCommit=20
2021-10-17 01:36:53,889 [grpc-default-executor-7] INFO  leader.FollowerInfo (FollowerInfoImpl.java:lambda$new$0(46)) - omNode-3@group-523986131536->omNode-1: nextIndex: updateUnconditionally 31 -> 21
2021-10-17 01:36:54,390 [grpc-default-executor-7] INFO  server.RaftServer$Division (RaftServerImpl.java:checkInconsistentAppendEntries(1319)) - omNode-1@group-523986131536: Failed appendEntries as previous log entry ((t:5, i:30)) is not found
2021-10-17 01:36:54,390 [grpc-default-executor-7] INFO  server.RaftServer$Division (RaftServerImpl.java:checkInconsistentAppendEntries(1285)) - omNode-1@group-523986131536: inconsistency entries. Reply:omNode-3<-omNode-1#635:FAIL-t5,INCONSISTENCY,nextIndex=21,followerCommit=20
2021-10-17 01:36:54,391 [grpc-default-executor-3] INFO  leader.FollowerInfo (FollowerInfoImpl.java:lambda$new$0(46)) - omNode-3@group-523986131536->omNode-1: nextIndex: updateUnconditionally 31 -> 21
2021-10-17 01:36:54,892 [grpc-default-executor-3] INFO  server.RaftServer$Division (RaftServerImpl.java:checkInconsistentAppendEntries(1319)) - omNode-1@group-523986131536: Failed appendEntries as previous log entry ((t:5, i:30)) is not found
2021-10-17 01:36:54,892 [grpc-default-executor-3] INFO  server.RaftServer$Division (RaftServerImpl.java:checkInconsistentAppendEntries(1285)) - omNode-1@group-523986131536: inconsistency entries. Reply:omNode-3<-omNode-1#686:FAIL-t5,INCONSISTENCY,nextIndex=21,followerCommit=20
2021-10-17 01:36:54,893 [grpc-default-executor-3] INFO  leader.FollowerInfo (FollowerInfoImpl.java:lambda$new$0(46)) - omNode-3@group-523986131536->omNode-1: nextIndex: updateUnconditionally 31 -> 21
2021-10-17 01:36:55,394 [grpc-default-executor-3] INFO  server.RaftServer$Division (RaftServerImpl.java:checkInconsistentAppendEntries(1319)) - omNode-1@group-523986131536: Failed appendEntries as previous log entry ((t:5, i:30)) is not found
2021-10-17 01:36:55,395 [grpc-default-executor-3] INFO  server.RaftServer$Division (RaftServerImpl.java:checkInconsistentAppendEntries(1285)) - omNode-1@group-523986131536: inconsistency entries. Reply:omNode-3<-omNode-1#737:FAIL-t5,INCONSISTENCY,nextIndex=21,followerCommit=20
2021-10-17 01:36:55,395 [grpc-default-executor-7] INFO  leader.FollowerInfo (FollowerInfoImpl.java:lambda$new$0(46)) - omNode-3@group-523986131536->omNode-1: nextIndex: updateUnconditionally 31 -> 21
2021-10-17 01:36:55,896 [grpc-default-executor-6] INFO  server.RaftServer$Division (RaftServerImpl.java:checkInconsistentAppendEntries(1319)) - omNode-1@group-523986131536: Failed appendEntries as previous log entry ((t:5, i:30)) is not found
2021-10-17 01:36:55,896 [grpc-default-executor-6] INFO  server.RaftServer$Division (RaftServerImpl.java:checkInconsistentAppendEntries(1285)) - omNode-1@group-523986131536: inconsistency entries. Reply:omNode-3<-omNode-1#788:FAIL-t5,INCONSISTENCY,nextIndex=21,followerCommit=20
2021-10-17 01:36:55,896 [grpc-default-executor-3] INFO  leader.FollowerInfo (FollowerInfoImpl.java:lambda$new$0(46)) - omNode-3@group-523986131536->omNode-1: nextIndex: updateUnconditionally 31 -> 21
2021-10-17 01:36:56,398 [grpc-default-executor-6] INFO  server.RaftServer$Division (RaftServerImpl.java:checkInconsistentAppendEntries(1319)) - omNode-1@group-523986131536: Failed appendEntries as previous log entry ((t:5, i:30)) is not found
2021-10-17 01:36:56,398 [grpc-default-executor-6] INFO  server.RaftServer$Division (RaftServerImpl.java:checkInconsistentAppendEntries(1285)) - omNode-1@group-523986131536: inconsistency entries. Reply:omNode-3<-omNode-1#839:FAIL-t5,INCONSISTENCY,nextIndex=21,followerCommit=20
2021-10-17 01:36:56,399 [grpc-default-executor-3] INFO  leader.FollowerInfo (FollowerInfoImpl.java:lambda$new$0(46)) - omNode-3@group-523986131536->omNode-1: nextIndex: updateUnconditionally 31 -> 21
2021-10-17 01:36:56,900 [grpc-default-executor-6] INFO  server.RaftServer$Division (RaftServerImpl.java:checkInconsistentAppendEntries(1319)) - omNode-1@group-523986131536: Failed appendEntries as previous log entry ((t:5, i:30)) is not found
2021-10-17 01:36:56,900 [grpc-default-executor-6] INFO  server.RaftServer$Division (RaftServerImpl.java:checkInconsistentAppendEntries(1285)) - omNode-1@group-523986131536: inconsistency entries. Reply:omNode-3<-omNode-1#890:FAIL-t5,INCONSISTENCY,nextIndex=21,followerCommit=20
2021-10-17 01:36:56,901 [grpc-default-executor-6] INFO  leader.FollowerInfo (FollowerInfoImpl.java:lambda$new$0(46)) - omNode-3@group-523986131536->omNode-1: nextIndex: updateUnconditionally 31 -> 21
2021-10-17 01:36:57,402 [grpc-default-executor-6] INFO  server.RaftServer$Division (RaftServerImpl.java:checkInconsistentAppendEntries(1319)) - omNode-1@group-523986131536: Failed appendEntries as previous log entry ((t:5, i:30)) is not found
2021-10-17 01:36:57,402 [grpc-default-executor-6] INFO  server.RaftServer$Division (RaftServerImpl.java:checkInconsistentAppendEntries(1285)) - omNode-1@group-523986131536: inconsistency entries. Reply:omNode-3<-omNode-1#941:FAIL-t5,INCONSISTENCY,nextIndex=21,followerCommit=20
2021-10-17 01:36:57,403 [grpc-default-executor-6] INFO  leader.FollowerInfo (FollowerInfoImpl.java:lambda$new$0(46)) - omNode-3@group-523986131536->omNode-1: nextIndex: updateUnconditionally 31 -> 21
2021-10-17 01:36:57,904 [grpc-default-executor-3] INFO  server.RaftServer$Division (RaftServerImpl.java:checkInconsistentAppendEntries(1319)) - omNode-1@group-523986131536: Failed appendEntries as previous log entry ((t:5, i:30)) is not found
2021-10-17 01:36:57,904 [grpc-default-executor-3] INFO  server.RaftServer$Division (RaftServerImpl.java:checkInconsistentAppendEntries(1285)) - omNode-1@group-523986131536: inconsistency entries. Reply:omNode-3<-omNode-1#992:FAIL-t5,INCONSISTENCY,nextIndex=21,followerCommit=20
2021-10-17 01:36:57,904 [grpc-default-executor-3] INFO  leader.FollowerInfo (FollowerInfoImpl.java:lambda$new$0(46)) - omNode-3@group-523986131536->omNode-1: nextIndex: updateUnconditionally 31 -> 21
2021-10-17 01:36:58,406 [grpc-default-executor-3] INFO  server.RaftServer$Division (RaftServerImpl.java:checkInconsistentAppendEntries(1319)) - omNode-1@group-523986131536: Failed appendEntries as previous log entry ((t:5, i:30)) is not found
2021-10-17 01:36:58,406 [grpc-default-executor-3] INFO  server.RaftServer$Division (RaftServerImpl.java:checkInconsistentAppendEntries(1285)) - omNode-1@group-523986131536: inconsistency entries. Reply:omNode-3<-omNode-1#1043:FAIL-t5,INCONSISTENCY,nextIndex=21,followerCommit=20
2021-10-17 01:36:58,407 [grpc-default-executor-3] INFO  leader.FollowerInfo (FollowerInfoImpl.java:lambda$new$0(46)) - omNode-3@group-523986131536->omNode-1: nextIndex: updateUnconditionally 31 -> 21
2021-10-17 01:36:58,908 [grpc-default-executor-6] INFO  server.RaftServer$Division (RaftServerImpl.java:checkInconsistentAppendEntries(1319)) - omNode-1@group-523986131536: Failed appendEntries as previous log entry ((t:5, i:30)) is not found
2021-10-17 01:36:58,908 [grpc-default-executor-6] INFO  server.RaftServer$Division (RaftServerImpl.java:checkInconsistentAppendEntries(1285)) - omNode-1@group-523986131536: inconsistency entries. Reply:omNode-3<-omNode-1#1094:FAIL-t5,INCONSISTENCY,nextIndex=21,followerCommit=20
2021-10-17 01:36:58,908 [grpc-default-executor-6] INFO  leader.FollowerInfo (FollowerInfoImpl.java:lambda$new$0(46)) - omNode-3@group-523986131536->omNode-1: nextIndex: updateUnconditionally 31 -> 21
2021-10-17 01:36:59,410 [grpc-default-executor-6] INFO  server.RaftServer$Division (RaftServerImpl.java:checkInconsistentAppendEntries(1319)) - omNode-1@group-523986131536: Failed appendEntries as previous log entry ((t:5, i:30)) is not found
2021-10-17 01:36:59,410 [grpc-default-executor-6] INFO  server.RaftServer$Division (RaftServerImpl.java:checkInconsistentAppendEntries(1285)) - omNode-1@group-523986131536: inconsistency entries. Reply:omNode-3<-omNode-1#1145:FAIL-t5,INCONSISTENCY,nextIndex=21,followerCommit=20
2021-10-17 01:36:59,410 [grpc-default-executor-6] INFO  leader.FollowerInfo (FollowerInfoImpl.java:lambda$new$0(46)) - omNode-3@group-523986131536->omNode-1: nextIndex: updateUnconditionally 31 -> 21
2021-10-17 01:36:59,912 [grpc-default-executor-6] INFO  server.RaftServer$Division (RaftServerImpl.java:checkInconsistentAppendEntries(1319)) - omNode-1@group-523986131536: Failed appendEntries as previous log entry ((t:5, i:30)) is not found
2021-10-17 01:36:59,912 [grpc-default-executor-6] INFO  server.RaftServer$Division (RaftServerImpl.java:checkInconsistentAppendEntries(1285)) - omNode-1@group-523986131536: inconsistency entries. Reply:omNode-3<-omNode-1#1196:FAIL-t5,INCONSISTENCY,nextIndex=21,followerCommit=20
2021-10-17 01:36:59,913 [grpc-default-executor-3] INFO  leader.FollowerInfo (FollowerInfoImpl.java:lambda$new$0(46)) - omNode-3@group-523986131536->omNode-1: nextIndex: updateUnconditionally 31 -> 21
2021-10-17 01:37:00,414 [grpc-default-executor-6] INFO  server.RaftServer$Division (RaftServerImpl.java:checkInconsistentAppendEntries(1319)) - omNode-1@group-523986131536: Failed appendEntries as previous log entry ((t:5, i:30)) is not found
2021-10-17 01:37:00,414 [grpc-default-executor-6] INFO  server.RaftServer$Division (RaftServerImpl.java:checkInconsistentAppendEntries(1285)) - omNode-1@group-523986131536: inconsistency entries. Reply:omNode-3<-omNode-1#1247:FAIL-t5,INCONSISTENCY,nextIndex=21,followerCommit=20
2021-10-17 01:37:00,415 [grpc-default-executor-6] INFO  leader.FollowerInfo (FollowerInfoImpl.java:lambda$new$0(46)) - omNode-3@group-523986131536->omNode-1: nextIndex: updateUnconditionally 31 -> 21
2021-10-17 01:37:00,916 [grpc-default-executor-6] INFO  server.RaftServer$Division (RaftServerImpl.java:checkInconsistentAppendEntries(1319)) - omNode-1@group-523986131536: Failed appendEntries as previous log entry ((t:5, i:30)) is not found
2021-10-17 01:37:00,916 [grpc-default-executor-6] INFO  server.RaftServer$Division (RaftServerImpl.java:checkInconsistentAppendEntries(1285)) - omNode-1@group-523986131536: inconsistency entries. Reply:omNode-3<-omNode-1#1298:FAIL-t5,INCONSISTENCY,nextIndex=21,followerCommit=20
2021-10-17 01:37:00,917 [grpc-default-executor-3] INFO  leader.FollowerInfo (FollowerInfoImpl.java:lambda$new$0(46)) - omNode-3@group-523986131536->omNode-1: nextIndex: updateUnconditionally 31 -> 21
2021-10-17 01:37:01,418 [grpc-default-executor-6] INFO  server.RaftServer$Division (RaftServerImpl.java:checkInconsistentAppendEntries(1319)) - omNode-1@group-523986131536: Failed appendEntries as previous log entry ((t:5, i:30)) is not found
2021-10-17 01:37:01,418 [grpc-default-executor-6] INFO  server.RaftServer$Division (RaftServerImpl.java:checkInconsistentAppendEntries(1285)) - omNode-1@group-523986131536: inconsistency entries. Reply:omNode-3<-omNode-1#1349:FAIL-t5,INCONSISTENCY,nextIndex=21,followerCommit=20
2021-10-17 01:37:01,419 [grpc-default-executor-3] INFO  leader.FollowerInfo (FollowerInfoImpl.java:lambda$new$0(46)) - omNode-3@group-523986131536->omNode-1: nextIndex: updateUnconditionally 31 -> 21
2021-10-17 01:37:01,920 [grpc-default-executor-6] INFO  server.RaftServer$Division (RaftServerImpl.java:checkInconsistentAppendEntries(1319)) - omNode-1@group-523986131536: Failed appendEntries as previous log entry ((t:5, i:30)) is not found
2021-10-17 01:37:01,920 [grpc-default-executor-6] INFO  server.RaftServer$Division (RaftServerImpl.java:checkInconsistentAppendEntries(1285)) - omNode-1@group-523986131536: inconsistency entries. Reply:omNode-3<-omNode-1#1400:FAIL-t5,INCONSISTENCY,nextIndex=21,followerCommit=20
2021-10-17 01:37:01,921 [grpc-default-executor-6] INFO  leader.FollowerInfo (FollowerInfoImpl.java:lambda$new$0(46)) - omNode-3@group-523986131536->omNode-1: nextIndex: updateUnconditionally 31 -> 21
2021-10-17 01:37:02,423 [grpc-default-executor-6] INFO  server.RaftServer$Division (RaftServerImpl.java:checkInconsistentAppendEntries(1319)) - omNode-1@group-523986131536: Failed appendEntries as previous log entry ((t:5, i:30)) is not found
2021-10-17 01:37:02,423 [grpc-default-executor-6] INFO  server.RaftServer$Division (RaftServerImpl.java:checkInconsistentAppendEntries(1285)) - omNode-1@group-523986131536: inconsistency entries. Reply:omNode-3<-omNode-1#1451:FAIL-t5,INCONSISTENCY,nextIndex=21,followerCommit=20
2021-10-17 01:37:02,423 [grpc-default-executor-6] INFO  leader.FollowerInfo (FollowerInfoImpl.java:lambda$new$0(46)) - omNode-3@group-523986131536->omNode-1: nextIndex: updateUnconditionally 31 -> 21
2021-10-17 01:37:02,925 [grpc-default-executor-3] INFO  server.RaftServer$Division (RaftServerImpl.java:checkInconsistentAppendEntries(1319)) - omNode-1@group-523986131536: Failed appendEntries as previous log entry ((t:5, i:30)) is not found
2021-10-17 01:37:02,925 [grpc-default-executor-3] INFO  server.RaftServer$Division (RaftServerImpl.java:checkInconsistentAppendEntries(1285)) - omNode-1@group-523986131536: inconsistency entries. Reply:omNode-3<-omNode-1#1502:FAIL-t5,INCONSISTENCY,nextIndex=21,followerCommit=20
2021-10-17 01:37:02,925 [grpc-default-executor-3] INFO  leader.FollowerInfo (FollowerInfoImpl.java:lambda$new$0(46)) - omNode-3@group-523986131536->omNode-1: nextIndex: updateUnconditionally 31 -> 21
2021-10-17 01:37:03,426 [grpc-default-executor-3] INFO  server.RaftServer$Division (RaftServerImpl.java:checkInconsistentAppendEntries(1319)) - omNode-1@group-523986131536: Failed appendEntries as previous log entry ((t:5, i:30)) is not found
2021-10-17 01:37:03,427 [grpc-default-executor-3] INFO  server.RaftServer$Division (RaftServerImpl.java:checkInconsistentAppendEntries(1285)) - omNode-1@group-523986131536: inconsistency entries. Reply:omNode-3<-omNode-1#1553:FAIL-t5,INCONSISTENCY,nextIndex=21,followerCommit=20
2021-10-17 01:37:03,428 [grpc-default-executor-6] INFO  leader.FollowerInfo (FollowerInfoImpl.java:lambda$new$0(46)) - omNode-3@group-523986131536->omNode-1: nextIndex: updateUnconditionally 31 -> 21
2021-10-17 01:37:03,930 [grpc-default-executor-6] INFO  server.RaftServer$Division (RaftServerImpl.java:checkInconsistentAppendEntries(1319)) - omNode-1@group-523986131536: Failed appendEntries as previous log entry ((t:5, i:30)) is not found
2021-10-17 01:37:03,930 [grpc-default-executor-6] INFO  server.RaftServer$Division (RaftServerImpl.java:checkInconsistentAppendEntries(1285)) - omNode-1@group-523986131536: inconsistency entries. Reply:omNode-3<-omNode-1#1604:FAIL-t5,INCONSISTENCY,nextIndex=21,followerCommit=20
2021-10-17 01:37:03,931 [grpc-default-executor-6] INFO  leader.FollowerInfo (FollowerInfoImpl.java:lambda$new$0(46)) - omNode-3@group-523986131536->omNode-1: nextIndex: updateUnconditionally 31 -> 21
2021-10-17 01:37:04,432 [grpc-default-executor-6] INFO  server.RaftServer$Division (RaftServerImpl.java:checkInconsistentAppendEntries(1319)) - omNode-1@group-523986131536: Failed appendEntries as previous log entry ((t:5, i:30)) is not found
2021-10-17 01:37:04,432 [grpc-default-executor-6] INFO  server.RaftServer$Division (RaftServerImpl.java:checkInconsistentAppendEntries(1285)) - omNode-1@group-523986131536: inconsistency entries. Reply:omNode-3<-omNode-1#1655:FAIL-t5,INCONSISTENCY,nextIndex=21,followerCommit=20
2021-10-17 01:37:04,433 [grpc-default-executor-6] INFO  leader.FollowerInfo (FollowerInfoImpl.java:lambda$new$0(46)) - omNode-3@group-523986131536->omNode-1: nextIndex: updateUnconditionally 31 -> 21
2021-10-17 01:37:04,934 [grpc-default-executor-6] INFO  server.RaftServer$Division (RaftServerImpl.java:checkInconsistentAppendEntries(1319)) - omNode-1@group-523986131536: Failed appendEntries as previous log entry ((t:5, i:30)) is not found
2021-10-17 01:37:04,934 [grpc-default-executor-6] INFO  server.RaftServer$Division (RaftServerImpl.java:checkInconsistentAppendEntries(1285)) - omNode-1@group-523986131536: inconsistency entries. Reply:omNode-3<-omNode-1#1706:FAIL-t5,INCONSISTENCY,nextIndex=21,followerCommit=20
2021-10-17 01:37:04,935 [grpc-default-executor-3] INFO  leader.FollowerInfo (FollowerInfoImpl.java:lambda$new$0(46)) - omNode-3@group-523986131536->omNode-1: nextIndex: updateUnconditionally 31 -> 21
2021-10-17 01:37:05,436 [grpc-default-executor-3] INFO  server.RaftServer$Division (RaftServerImpl.java:checkInconsistentAppendEntries(1319)) - omNode-1@group-523986131536: Failed appendEntries as previous log entry ((t:5, i:30)) is not found
2021-10-17 01:37:05,436 [grpc-default-executor-3] INFO  server.RaftServer$Division (RaftServerImpl.java:checkInconsistentAppendEntries(1285)) - omNode-1@group-523986131536: inconsistency entries. Reply:omNode-3<-omNode-1#1757:FAIL-t5,INCONSISTENCY,nextIndex=21,followerCommit=20
2021-10-17 01:37:05,436 [grpc-default-executor-3] INFO  leader.FollowerInfo (FollowerInfoImpl.java:lambda$new$0(46)) - omNode-3@group-523986131536->omNode-1: nextIndex: updateUnconditionally 31 -> 21
2021-10-17 01:37:05,938 [grpc-default-executor-3] INFO  server.RaftServer$Division (RaftServerImpl.java:checkInconsistentAppendEntries(1319)) - omNode-1@group-523986131536: Failed appendEntries as previous log entry ((t:5, i:30)) is not found
2021-10-17 01:37:05,938 [grpc-default-executor-3] INFO  server.RaftServer$Division (RaftServerImpl.java:checkInconsistentAppendEntries(1285)) - omNode-1@group-523986131536: inconsistency entries. Reply:omNode-3<-omNode-1#1808:FAIL-t5,INCONSISTENCY,nextIndex=21,followerCommit=20
2021-10-17 01:37:05,939 [grpc-default-executor-6] INFO  leader.FollowerInfo (FollowerInfoImpl.java:lambda$new$0(46)) - omNode-3@group-523986131536->omNode-1: nextIndex: updateUnconditionally 31 -> 21
2021-10-17 01:37:06,441 [grpc-default-executor-6] INFO  server.RaftServer$Division (RaftServerImpl.java:checkInconsistentAppendEntries(1319)) - omNode-1@group-523986131536: Failed appendEntries as previous log entry ((t:5, i:30)) is not found
2021-10-17 01:37:06,441 [grpc-default-executor-6] INFO  server.RaftServer$Division (RaftServerImpl.java:checkInconsistentAppendEntries(1285)) - omNode-1@group-523986131536: inconsistency entries. Reply:omNode-3<-omNode-1#1859:FAIL-t5,INCONSISTENCY,nextIndex=21,followerCommit=20
2021-10-17 01:37:06,441 [grpc-default-executor-6] INFO  leader.FollowerInfo (FollowerInfoImpl.java:lambda$new$0(46)) - omNode-3@group-523986131536->omNode-1: nextIndex: updateUnconditionally 31 -> 21
2021-10-17 01:37:06,943 [grpc-default-executor-6] INFO  server.RaftServer$Division (RaftServerImpl.java:checkInconsistentAppendEntries(1319)) - omNode-1@group-523986131536: Failed appendEntries as previous log entry ((t:5, i:30)) is not found
2021-10-17 01:37:06,943 [grpc-default-executor-6] INFO  server.RaftServer$Division (RaftServerImpl.java:checkInconsistentAppendEntries(1285)) - omNode-1@group-523986131536: inconsistency entries. Reply:omNode-3<-omNode-1#1910:FAIL-t5,INCONSISTENCY,nextIndex=21,followerCommit=20
2021-10-17 01:37:06,943 [grpc-default-executor-6] INFO  leader.FollowerInfo (FollowerInfoImpl.java:lambda$new$0(46)) - omNode-3@group-523986131536->omNode-1: nextIndex: updateUnconditionally 31 -> 21
2021-10-17 01:37:07,445 [grpc-default-executor-6] INFO  server.RaftServer$Division (RaftServerImpl.java:checkInconsistentAppendEntries(1319)) - omNode-1@group-523986131536: Failed appendEntries as previous log entry ((t:5, i:30)) is not found
2021-10-17 01:37:07,445 [grpc-default-executor-6] INFO  server.RaftServer$Division (RaftServerImpl.java:checkInconsistentAppendEntries(1285)) - omNode-1@group-523986131536: inconsistency entries. Reply:omNode-3<-omNode-1#1961:FAIL-t5,INCONSISTENCY,nextIndex=21,followerCommit=20
2021-10-17 01:37:07,446 [grpc-default-executor-6] INFO  leader.FollowerInfo (FollowerInfoImpl.java:lambda$new$0(46)) - omNode-3@group-523986131536->omNode-1: nextIndex: updateUnconditionally 31 -> 21
2021-10-17 01:37:07,947 [grpc-default-executor-6] INFO  server.RaftServer$Division (RaftServerImpl.java:checkInconsistentAppendEntries(1319)) - omNode-1@group-523986131536: Failed appendEntries as previous log entry ((t:5, i:30)) is not found
2021-10-17 01:37:07,947 [grpc-default-executor-6] INFO  server.RaftServer$Division (RaftServerImpl.java:checkInconsistentAppendEntries(1285)) - omNode-1@group-523986131536: inconsistency entries. Reply:omNode-3<-omNode-1#2012:FAIL-t5,INCONSISTENCY,nextIndex=21,followerCommit=20
2021-10-17 01:37:07,947 [grpc-default-executor-6] INFO  leader.FollowerInfo (FollowerInfoImpl.java:lambda$new$0(46)) - omNode-3@group-523986131536->omNode-1: nextIndex: updateUnconditionally 31 -> 21
2021-10-17 01:37:08,448 [grpc-default-executor-7] INFO  server.RaftServer$Division (RaftServerImpl.java:checkInconsistentAppendEntries(1319)) - omNode-1@group-523986131536: Failed appendEntries as previous log entry ((t:5, i:30)) is not found
2021-10-17 01:37:08,449 [grpc-default-executor-7] INFO  server.RaftServer$Division (RaftServerImpl.java:checkInconsistentAppendEntries(1285)) - omNode-1@group-523986131536: inconsistency entries. Reply:omNode-3<-omNode-1#2063:FAIL-t5,INCONSISTENCY,nextIndex=21,followerCommit=20
2021-10-17 01:37:08,449 [grpc-default-executor-7] INFO  leader.FollowerInfo (FollowerInfoImpl.java:lambda$new$0(46)) - omNode-3@group-523986131536->omNode-1: nextIndex: updateUnconditionally 31 -> 21
2021-10-17 01:37:08,951 [grpc-default-executor-6] INFO  server.RaftServer$Division (RaftServerImpl.java:checkInconsistentAppendEntries(1319)) - omNode-1@group-523986131536: Failed appendEntries as previous log entry ((t:5, i:30)) is not found
2021-10-17 01:37:08,951 [grpc-default-executor-6] INFO  server.RaftServer$Division (RaftServerImpl.java:checkInconsistentAppendEntries(1285)) - omNode-1@group-523986131536: inconsistency entries. Reply:omNode-3<-omNode-1#2114:FAIL-t5,INCONSISTENCY,nextIndex=21,followerCommit=20
2021-10-17 01:37:08,951 [grpc-default-executor-7] INFO  leader.FollowerInfo (FollowerInfoImpl.java:lambda$new$0(46)) - omNode-3@group-523986131536->omNode-1: nextIndex: updateUnconditionally 31 -> 21
2021-10-17 01:37:09,452 [grpc-default-executor-7] INFO  server.RaftServer$Division (RaftServerImpl.java:checkInconsistentAppendEntries(1319)) - omNode-1@group-523986131536: Failed appendEntries as previous log entry ((t:5, i:30)) is not found
2021-10-17 01:37:09,453 [grpc-default-executor-7] INFO  server.RaftServer$Division (RaftServerImpl.java:checkInconsistentAppendEntries(1285)) - omNode-1@group-523986131536: inconsistency entries. Reply:omNode-3<-omNode-1#2165:FAIL-t5,INCONSISTENCY,nextIndex=21,followerCommit=20
2021-10-17 01:37:09,453 [grpc-default-executor-7] INFO  leader.FollowerInfo (FollowerInfoImpl.java:lambda$new$0(46)) - omNode-3@group-523986131536->omNode-1: nextIndex: updateUnconditionally 31 -> 21
2021-10-17 01:37:09,954 [grpc-default-executor-7] INFO  server.RaftServer$Division (RaftServerImpl.java:checkInconsistentAppendEntries(1319)) - omNode-1@group-523986131536: Failed appendEntries as previous log entry ((t:5, i:30)) is not found
2021-10-17 01:37:09,955 [grpc-default-executor-7] INFO  server.RaftServer$Division (RaftServerImpl.java:checkInconsistentAppendEntries(1285)) - omNode-1@group-523986131536: inconsistency entries. Reply:omNode-3<-omNode-1#2216:FAIL-t5,INCONSISTENCY,nextIndex=21,followerCommit=20
2021-10-17 01:37:09,955 [grpc-default-executor-7] INFO  leader.FollowerInfo (FollowerInfoImpl.java:lambda$new$0(46)) - omNode-3@group-523986131536->omNode-1: nextIndex: updateUnconditionally 31 -> 21
2021-10-17 01:37:10,456 [grpc-default-executor-6] INFO  server.RaftServer$Division (RaftServerImpl.java:checkInconsistentAppendEntries(1319)) - omNode-1@group-523986131536: Failed appendEntries as previous log entry ((t:5, i:30)) is not found
2021-10-17 01:37:10,456 [grpc-default-executor-6] INFO  server.RaftServer$Division (RaftServerImpl.java:checkInconsistentAppendEntries(1285)) - omNode-1@group-523986131536: inconsistency entries. Reply:omNode-3<-omNode-1#2267:FAIL-t5,INCONSISTENCY,nextIndex=21,followerCommit=20
2021-10-17 01:37:10,457 [grpc-default-executor-7] INFO  leader.FollowerInfo (FollowerInfoImpl.java:lambda$new$0(46)) - omNode-3@group-523986131536->omNode-1: nextIndex: updateUnconditionally 31 -> 21
2021-10-17 01:37:10,958 [grpc-default-executor-7] INFO  server.RaftServer$Division (RaftServerImpl.java:checkInconsistentAppendEntries(1319)) - omNode-1@group-523986131536: Failed appendEntries as previous log entry ((t:5, i:30)) is not found
2021-10-17 01:37:10,958 [grpc-default-executor-7] INFO  server.RaftServer$Division (RaftServerImpl.java:checkInconsistentAppendEntries(1285)) - omNode-1@group-523986131536: inconsistency entries. Reply:omNode-3<-omNode-1#2318:FAIL-t5,INCONSISTENCY,nextIndex=21,followerCommit=20
2021-10-17 01:37:10,959 [grpc-default-executor-6] INFO  leader.FollowerInfo (FollowerInfoImpl.java:lambda$new$0(46)) - omNode-3@group-523986131536->omNode-1: nextIndex: updateUnconditionally 31 -> 21
2021-10-17 01:37:11,460 [grpc-default-executor-6] INFO  server.RaftServer$Division (RaftServerImpl.java:checkInconsistentAppendEntries(1319)) - omNode-1@group-523986131536: Failed appendEntries as previous log entry ((t:5, i:30)) is not found
2021-10-17 01:37:11,460 [grpc-default-executor-6] INFO  server.RaftServer$Division (RaftServerImpl.java:checkInconsistentAppendEntries(1285)) - omNode-1@group-523986131536: inconsistency entries. Reply:omNode-3<-omNode-1#2369:FAIL-t5,INCONSISTENCY,nextIndex=21,followerCommit=20
2021-10-17 01:37:11,460 [grpc-default-executor-6] INFO  leader.FollowerInfo (FollowerInfoImpl.java:lambda$new$0(46)) - omNode-3@group-523986131536->omNode-1: nextIndex: updateUnconditionally 31 -> 21
2021-10-17 01:37:11,962 [grpc-default-executor-7] INFO  server.RaftServer$Division (RaftServerImpl.java:checkInconsistentAppendEntries(1319)) - omNode-1@group-523986131536: Failed appendEntries as previous log entry ((t:5, i:30)) is not found
2021-10-17 01:37:11,962 [grpc-default-executor-7] INFO  server.RaftServer$Division (RaftServerImpl.java:checkInconsistentAppendEntries(1285)) - omNode-1@group-523986131536: inconsistency entries. Reply:omNode-3<-omNode-1#2420:FAIL-t5,INCONSISTENCY,nextIndex=21,followerCommit=20
2021-10-17 01:37:11,962 [grpc-default-executor-6] INFO  leader.FollowerInfo (FollowerInfoImpl.java:lambda$new$0(46)) - omNode-3@group-523986131536->omNode-1: nextIndex: updateUnconditionally 31 -> 21
2021-10-17 01:37:12,464 [grpc-default-executor-6] INFO  server.RaftServer$Division (RaftServerImpl.java:checkInconsistentAppendEntries(1319)) - omNode-1@group-523986131536: Failed appendEntries as previous log entry ((t:5, i:30)) is not found
2021-10-17 01:37:12,464 [grpc-default-executor-6] INFO  server.RaftServer$Division (RaftServerImpl.java:checkInconsistentAppendEntries(1285)) - omNode-1@group-523986131536: inconsistency entries. Reply:omNode-3<-omNode-1#2471:FAIL-t5,INCONSISTENCY,nextIndex=21,followerCommit=20
2021-10-17 01:37:12,466 [grpc-default-executor-6] INFO  leader.FollowerInfo (FollowerInfoImpl.java:lambda$new$0(46)) - omNode-3@group-523986131536->omNode-1: nextIndex: updateUnconditionally 31 -> 21
2021-10-17 01:37:12,967 [grpc-default-executor-6] INFO  server.RaftServer$Division (RaftServerImpl.java:checkInconsistentAppendEntries(1319)) - omNode-1@group-523986131536: Failed appendEntries as previous log entry ((t:5, i:30)) is not found
2021-10-17 01:37:12,967 [grpc-default-executor-6] INFO  server.RaftServer$Division (RaftServerImpl.java:checkInconsistentAppendEntries(1285)) - omNode-1@group-523986131536: inconsistency entries. Reply:omNode-3<-omNode-1#2522:FAIL-t5,INCONSISTENCY,nextIndex=21,followerCommit=20
2021-10-17 01:37:12,968 [grpc-default-executor-7] INFO  leader.FollowerInfo (FollowerInfoImpl.java:lambda$new$0(46)) - omNode-3@group-523986131536->omNode-1: nextIndex: updateUnconditionally 31 -> 21
2021-10-17 01:37:13,469 [grpc-default-executor-7] INFO  server.RaftServer$Division (RaftServerImpl.java:checkInconsistentAppendEntries(1319)) - omNode-1@group-523986131536: Failed appendEntries as previous log entry ((t:5, i:30)) is not found
2021-10-17 01:37:13,470 [grpc-default-executor-7] INFO  server.RaftServer$Division (RaftServerImpl.java:checkInconsistentAppendEntries(1285)) - omNode-1@group-523986131536: inconsistency entries. Reply:omNode-3<-omNode-1#2573:FAIL-t5,INCONSISTENCY,nextIndex=21,followerCommit=20
2021-10-17 01:37:13,470 [grpc-default-executor-6] INFO  leader.FollowerInfo (FollowerInfoImpl.java:lambda$new$0(46)) - omNode-3@group-523986131536->omNode-1: nextIndex: updateUnconditionally 31 -> 21
2021-10-17 01:37:13,972 [grpc-default-executor-7] INFO  server.RaftServer$Division (RaftServerImpl.java:checkInconsistentAppendEntries(1319)) - omNode-1@group-523986131536: Failed appendEntries as previous log entry ((t:5, i:30)) is not found
2021-10-17 01:37:13,972 [grpc-default-executor-7] INFO  server.RaftServer$Division (RaftServerImpl.java:checkInconsistentAppendEntries(1285)) - omNode-1@group-523986131536: inconsistency entries. Reply:omNode-3<-omNode-1#2624:FAIL-t5,INCONSISTENCY,nextIndex=21,followerCommit=20
2021-10-17 01:37:13,972 [grpc-default-executor-7] INFO  leader.FollowerInfo (FollowerInfoImpl.java:lambda$new$0(46)) - omNode-3@group-523986131536->omNode-1: nextIndex: updateUnconditionally 31 -> 21
2021-10-17 01:37:14,474 [grpc-default-executor-7] INFO  server.RaftServer$Division (RaftServerImpl.java:checkInconsistentAppendEntries(1319)) - omNode-1@group-523986131536: Failed appendEntries as previous log entry ((t:5, i:30)) is not found
2021-10-17 01:37:14,474 [grpc-default-executor-7] INFO  server.RaftServer$Division (RaftServerImpl.java:checkInconsistentAppendEntries(1285)) - omNode-1@group-523986131536: inconsistency entries. Reply:omNode-3<-omNode-1#2675:FAIL-t5,INCONSISTENCY,nextIndex=21,followerCommit=20
2021-10-17 01:37:14,474 [grpc-default-executor-7] INFO  leader.FollowerInfo (FollowerInfoImpl.java:lambda$new$0(46)) - omNode-3@group-523986131536->omNode-1: nextIndex: updateUnconditionally 31 -> 21
2021-10-17 01:37:14,975 [grpc-default-executor-7] INFO  server.RaftServer$Division (RaftServerImpl.java:checkInconsistentAppendEntries(1319)) - omNode-1@group-523986131536: Failed appendEntries as previous log entry ((t:5, i:30)) is not found
2021-10-17 01:37:14,976 [grpc-default-executor-7] INFO  server.RaftServer$Division (RaftServerImpl.java:checkInconsistentAppendEntries(1285)) - omNode-1@group-523986131536: inconsistency entries. Reply:omNode-3<-omNode-1#2726:FAIL-t5,INCONSISTENCY,nextIndex=21,followerCommit=20
2021-10-17 01:37:14,976 [grpc-default-executor-7] INFO  leader.FollowerInfo (FollowerInfoImpl.java:lambda$new$0(46)) - omNode-3@group-523986131536->omNode-1: nextIndex: updateUnconditionally 31 -> 21
2021-10-17 01:37:15,477 [grpc-default-executor-7] INFO  server.RaftServer$Division (RaftServerImpl.java:checkInconsistentAppendEntries(1319)) - omNode-1@group-523986131536: Failed appendEntries as previous log entry ((t:5, i:30)) is not found
2021-10-17 01:37:15,477 [grpc-default-executor-7] INFO  server.RaftServer$Division (RaftServerImpl.java:checkInconsistentAppendEntries(1285)) - omNode-1@group-523986131536: inconsistency entries. Reply:omNode-3<-omNode-1#2777:FAIL-t5,INCONSISTENCY,nextIndex=21,followerCommit=20
2021-10-17 01:37:15,478 [grpc-default-executor-6] INFO  leader.FollowerInfo (FollowerInfoImpl.java:lambda$new$0(46)) - omNode-3@group-523986131536->omNode-1: nextIndex: updateUnconditionally 31 -> 21
2021-10-17 01:37:15,979 [grpc-default-executor-7] INFO  server.RaftServer$Division (RaftServerImpl.java:checkInconsistentAppendEntries(1319)) - omNode-1@group-523986131536: Failed appendEntries as previous log entry ((t:5, i:30)) is not found
2021-10-17 01:37:15,979 [grpc-default-executor-7] INFO  server.RaftServer$Division (RaftServerImpl.java:checkInconsistentAppendEntries(1285)) - omNode-1@group-523986131536: inconsistency entries. Reply:omNode-3<-omNode-1#2828:FAIL-t5,INCONSISTENCY,nextIndex=21,followerCommit=20
2021-10-17 01:37:15,980 [grpc-default-executor-6] INFO  leader.FollowerInfo (FollowerInfoImpl.java:lambda$new$0(46)) - omNode-3@group-523986131536->omNode-1: nextIndex: updateUnconditionally 31 -> 21
2021-10-17 01:37:16,481 [grpc-default-executor-7] INFO  server.RaftServer$Division (RaftServerImpl.java:checkInconsistentAppendEntries(1319)) - omNode-1@group-523986131536: Failed appendEntries as previous log entry ((t:5, i:30)) is not found
2021-10-17 01:37:16,482 [grpc-default-executor-7] INFO  server.RaftServer$Division (RaftServerImpl.java:checkInconsistentAppendEntries(1285)) - omNode-1@group-523986131536: inconsistency entries. Reply:omNode-3<-omNode-1#2879:FAIL-t5,INCONSISTENCY,nextIndex=21,followerCommit=20
2021-10-17 01:37:16,482 [grpc-default-executor-7] INFO  leader.FollowerInfo (FollowerInfoImpl.java:lambda$new$0(46)) - omNode-3@group-523986131536->omNode-1: nextIndex: updateUnconditionally 31 -> 21
2021-10-17 01:37:16,984 [grpc-default-executor-7] INFO  server.RaftServer$Division (RaftServerImpl.java:checkInconsistentAppendEntries(1319)) - omNode-1@group-523986131536: Failed appendEntries as previous log entry ((t:5, i:30)) is not found
2021-10-17 01:37:16,984 [grpc-default-executor-7] INFO  server.RaftServer$Division (RaftServerImpl.java:checkInconsistentAppendEntries(1285)) - omNode-1@group-523986131536: inconsistency entries. Reply:omNode-3<-omNode-1#2930:FAIL-t5,INCONSISTENCY,nextIndex=21,followerCommit=20
2021-10-17 01:37:16,984 [grpc-default-executor-7] INFO  leader.FollowerInfo (FollowerInfoImpl.java:lambda$new$0(46)) - omNode-3@group-523986131536->omNode-1: nextIndex: updateUnconditionally 31 -> 21
2021-10-17 01:37:17,485 [grpc-default-executor-6] INFO  server.RaftServer$Division (RaftServerImpl.java:checkInconsistentAppendEntries(1319)) - omNode-1@group-523986131536: Failed appendEntries as previous log entry ((t:5, i:30)) is not found
2021-10-17 01:37:17,485 [grpc-default-executor-6] INFO  server.RaftServer$Division (RaftServerImpl.java:checkInconsistentAppendEntries(1285)) - omNode-1@group-523986131536: inconsistency entries. Reply:omNode-3<-omNode-1#2981:FAIL-t5,INCONSISTENCY,nextIndex=21,followerCommit=20
2021-10-17 01:37:17,486 [grpc-default-executor-7] INFO  leader.FollowerInfo (FollowerInfoImpl.java:lambda$new$0(46)) - omNode-3@group-523986131536->omNode-1: nextIndex: updateUnconditionally 31 -> 21
2021-10-17 01:37:17,987 [grpc-default-executor-7] INFO  server.RaftServer$Division (RaftServerImpl.java:checkInconsistentAppendEntries(1319)) - omNode-1@group-523986131536: Failed appendEntries as previous log entry ((t:5, i:30)) is not found
2021-10-17 01:37:17,987 [grpc-default-executor-7] INFO  server.RaftServer$Division (RaftServerImpl.java:checkInconsistentAppendEntries(1285)) - omNode-1@group-523986131536: inconsistency entries. Reply:omNode-3<-omNode-1#3032:FAIL-t5,INCONSISTENCY,nextIndex=21,followerCommit=20
2021-10-17 01:37:17,987 [grpc-default-executor-7] INFO  leader.FollowerInfo (FollowerInfoImpl.java:lambda$new$0(46)) - omNode-3@group-523986131536->omNode-1: nextIndex: updateUnconditionally 31 -> 21
2021-10-17 01:37:18,489 [grpc-default-executor-6] INFO  server.RaftServer$Division (RaftServerImpl.java:checkInconsistentAppendEntries(1319)) - omNode-1@group-523986131536: Failed appendEntries as previous log entry ((t:5, i:30)) is not found
2021-10-17 01:37:18,489 [grpc-default-executor-6] INFO  server.RaftServer$Division (RaftServerImpl.java:checkInconsistentAppendEntries(1285)) - omNode-1@group-523986131536: inconsistency entries. Reply:omNode-3<-omNode-1#3083:FAIL-t5,INCONSISTENCY,nextIndex=21,followerCommit=20
2021-10-17 01:37:18,490 [grpc-default-executor-6] INFO  leader.FollowerInfo (FollowerInfoImpl.java:lambda$new$0(46)) - omNode-3@group-523986131536->omNode-1: nextIndex: updateUnconditionally 31 -> 21
2021-10-17 01:37:18,991 [grpc-default-executor-7] INFO  server.RaftServer$Division (RaftServerImpl.java:checkInconsistentAppendEntries(1319)) - omNode-1@group-523986131536: Failed appendEntries as previous log entry ((t:5, i:30)) is not found
2021-10-17 01:37:18,991 [grpc-default-executor-7] INFO  server.RaftServer$Division (RaftServerImpl.java:checkInconsistentAppendEntries(1285)) - omNode-1@group-523986131536: inconsistency entries. Reply:omNode-3<-omNode-1#3134:FAIL-t5,INCONSISTENCY,nextIndex=21,followerCommit=20
2021-10-17 01:37:18,991 [grpc-default-executor-6] INFO  leader.FollowerInfo (FollowerInfoImpl.java:lambda$new$0(46)) - omNode-3@group-523986131536->omNode-1: nextIndex: updateUnconditionally 31 -> 21
2021-10-17 01:37:19,493 [grpc-default-executor-6] INFO  server.RaftServer$Division (RaftServerImpl.java:checkInconsistentAppendEntries(1319)) - omNode-1@group-523986131536: Failed appendEntries as previous log entry ((t:5, i:30)) is not found
2021-10-17 01:37:19,493 [grpc-default-executor-6] INFO  server.RaftServer$Division (RaftServerImpl.java:checkInconsistentAppendEntries(1285)) - omNode-1@group-523986131536: inconsistency entries. Reply:omNode-3<-omNode-1#3185:FAIL-t5,INCONSISTENCY,nextIndex=21,followerCommit=20
2021-10-17 01:37:19,493 [grpc-default-executor-7] INFO  leader.FollowerInfo (FollowerInfoImpl.java:lambda$new$0(46)) - omNode-3@group-523986131536->omNode-1: nextIndex: updateUnconditionally 31 -> 21
2021-10-17 01:37:19,995 [grpc-default-executor-7] INFO  server.RaftServer$Division (RaftServerImpl.java:checkInconsistentAppendEntries(1319)) - omNode-1@group-523986131536: Failed appendEntries as previous log entry ((t:5, i:30)) is not found
2021-10-17 01:37:19,995 [grpc-default-executor-7] INFO  server.RaftServer$Division (RaftServerImpl.java:checkInconsistentAppendEntries(1285)) - omNode-1@group-523986131536: inconsistency entries. Reply:omNode-3<-omNode-1#3236:FAIL-t5,INCONSISTENCY,nextIndex=21,followerCommit=20
2021-10-17 01:37:19,995 [grpc-default-executor-7] INFO  leader.FollowerInfo (FollowerInfoImpl.java:lambda$new$0(46)) - omNode-3@group-523986131536->omNode-1: nextIndex: updateUnconditionally 31 -> 21
2021-10-17 01:37:20,497 [grpc-default-executor-7] INFO  server.RaftServer$Division (RaftServerImpl.java:checkInconsistentAppendEntries(1319)) - omNode-1@group-523986131536: Failed appendEntries as previous log entry ((t:5, i:30)) is not found
2021-10-17 01:37:20,497 [grpc-default-executor-7] INFO  server.RaftServer$Division (RaftServerImpl.java:checkInconsistentAppendEntries(1285)) - omNode-1@group-523986131536: inconsistency entries. Reply:omNode-3<-omNode-1#3287:FAIL-t5,INCONSISTENCY,nextIndex=21,followerCommit=20
2021-10-17 01:37:20,498 [grpc-default-executor-7] INFO  leader.FollowerInfo (FollowerInfoImpl.java:lambda$new$0(46)) - omNode-3@group-523986131536->omNode-1: nextIndex: updateUnconditionally 31 -> 21
2021-10-17 01:37:20,999 [grpc-default-executor-7] INFO  server.RaftServer$Division (RaftServerImpl.java:checkInconsistentAppendEntries(1319)) - omNode-1@group-523986131536: Failed appendEntries as previous log entry ((t:5, i:30)) is not found
2021-10-17 01:37:20,999 [grpc-default-executor-7] INFO  server.RaftServer$Division (RaftServerImpl.java:checkInconsistentAppendEntries(1285)) - omNode-1@group-523986131536: inconsistency entries. Reply:omNode-3<-omNode-1#3338:FAIL-t5,INCONSISTENCY,nextIndex=21,followerCommit=20
2021-10-17 01:37:20,999 [grpc-default-executor-7] INFO  leader.FollowerInfo (FollowerInfoImpl.java:lambda$new$0(46)) - omNode-3@group-523986131536->omNode-1: nextIndex: updateUnconditionally 31 -> 21
2021-10-17 01:37:21,502 [grpc-default-executor-7] INFO  server.RaftServer$Division (RaftServerImpl.java:checkInconsistentAppendEntries(1319)) - omNode-1@group-523986131536: Failed appendEntries as previous log entry ((t:5, i:30)) is not found
2021-10-17 01:37:21,503 [grpc-default-executor-7] INFO  server.RaftServer$Division (RaftServerImpl.java:checkInconsistentAppendEntries(1285)) - omNode-1@group-523986131536: inconsistency entries. Reply:omNode-3<-omNode-1#3389:FAIL-t5,INCONSISTENCY,nextIndex=21,followerCommit=20
2021-10-17 01:37:21,503 [grpc-default-executor-7] INFO  leader.FollowerInfo (FollowerInfoImpl.java:lambda$new$0(46)) - omNode-3@group-523986131536->omNode-1: nextIndex: updateUnconditionally 31 -> 21
2021-10-17 01:37:22,004 [grpc-default-executor-7] INFO  server.RaftServer$Division (RaftServerImpl.java:checkInconsistentAppendEntries(1319)) - omNode-1@group-523986131536: Failed appendEntries as previous log entry ((t:5, i:30)) is not found
2021-10-17 01:37:22,005 [grpc-default-executor-7] INFO  server.RaftServer$Division (RaftServerImpl.java:checkInconsistentAppendEntries(1285)) - omNode-1@group-523986131536: inconsistency entries. Reply:omNode-3<-omNode-1#3440:FAIL-t5,INCONSISTENCY,nextIndex=21,followerCommit=20
2021-10-17 01:37:22,005 [grpc-default-executor-7] INFO  leader.FollowerInfo (FollowerInfoImpl.java:lambda$new$0(46)) - omNode-3@group-523986131536->omNode-1: nextIndex: updateUnconditionally 31 -> 21
2021-10-17 01:37:22,506 [grpc-default-executor-7] INFO  server.RaftServer$Division (RaftServerImpl.java:checkInconsistentAppendEntries(1319)) - omNode-1@group-523986131536: Failed appendEntries as previous log entry ((t:5, i:30)) is not found
2021-10-17 01:37:22,506 [grpc-default-executor-7] INFO  server.RaftServer$Division (RaftServerImpl.java:checkInconsistentAppendEntries(1285)) - omNode-1@group-523986131536: inconsistency entries. Reply:omNode-3<-omNode-1#3491:FAIL-t5,INCONSISTENCY,nextIndex=21,followerCommit=20
2021-10-17 01:37:22,506 [grpc-default-executor-7] INFO  leader.FollowerInfo (FollowerInfoImpl.java:lambda$new$0(46)) - omNode-3@group-523986131536->omNode-1: nextIndex: updateUnconditionally 31 -> 21
2021-10-17 01:37:23,008 [grpc-default-executor-7] INFO  server.RaftServer$Division (RaftServerImpl.java:checkInconsistentAppendEntries(1319)) - omNode-1@group-523986131536: Failed appendEntries as previous log entry ((t:5, i:30)) is not found
2021-10-17 01:37:23,008 [grpc-default-executor-7] INFO  server.RaftServer$Division (RaftServerImpl.java:checkInconsistentAppendEntries(1285)) - omNode-1@group-523986131536: inconsistency entries. Reply:omNode-3<-omNode-1#3542:FAIL-t5,INCONSISTENCY,nextIndex=21,followerCommit=20
2021-10-17 01:37:23,008 [grpc-default-executor-7] INFO  leader.FollowerInfo (FollowerInfoImpl.java:lambda$new$0(46)) - omNode-3@group-523986131536->omNode-1: nextIndex: updateUnconditionally 31 -> 21
2021-10-17 01:37:23,509 [grpc-default-executor-3] INFO  server.RaftServer$Division (RaftServerImpl.java:checkInconsistentAppendEntries(1319)) - omNode-1@group-523986131536: Failed appendEntries as previous log entry ((t:5, i:30)) is not found
2021-10-17 01:37:23,510 [grpc-default-executor-3] INFO  server.RaftServer$Division (RaftServerImpl.java:checkInconsistentAppendEntries(1285)) - omNode-1@group-523986131536: inconsistency entries. Reply:omNode-3<-omNode-1#3593:FAIL-t5,INCONSISTENCY,nextIndex=21,followerCommit=20
2021-10-17 01:37:23,510 [grpc-default-executor-3] INFO  leader.FollowerInfo (FollowerInfoImpl.java:lambda$new$0(46)) - omNode-3@group-523986131536->omNode-1: nextIndex: updateUnconditionally 31 -> 21
2021-10-17 01:37:24,011 [grpc-default-executor-3] INFO  server.RaftServer$Division (RaftServerImpl.java:checkInconsistentAppendEntries(1319)) - omNode-1@group-523986131536: Failed appendEntries as previous log entry ((t:5, i:30)) is not found
2021-10-17 01:37:24,011 [grpc-default-executor-3] INFO  server.RaftServer$Division (RaftServerImpl.java:checkInconsistentAppendEntries(1285)) - omNode-1@group-523986131536: inconsistency entries. Reply:omNode-3<-omNode-1#3644:FAIL-t5,INCONSISTENCY,nextIndex=21,followerCommit=20
2021-10-17 01:37:24,012 [grpc-default-executor-3] INFO  leader.FollowerInfo (FollowerInfoImpl.java:lambda$new$0(46)) - omNode-3@group-523986131536->omNode-1: nextIndex: updateUnconditionally 31 -> 21
2021-10-17 01:37:24,513 [grpc-default-executor-3] INFO  server.RaftServer$Division (RaftServerImpl.java:checkInconsistentAppendEntries(1319)) - omNode-1@group-523986131536: Failed appendEntries as previous log entry ((t:5, i:30)) is not found
2021-10-17 01:37:24,514 [grpc-default-executor-3] INFO  server.RaftServer$Division (RaftServerImpl.java:checkInconsistentAppendEntries(1285)) - omNode-1@group-523986131536: inconsistency entries. Reply:omNode-3<-omNode-1#3695:FAIL-t5,INCONSISTENCY,nextIndex=21,followerCommit=20
2021-10-17 01:37:24,514 [grpc-default-executor-3] INFO  leader.FollowerInfo (FollowerInfoImpl.java:lambda$new$0(46)) - omNode-3@group-523986131536->omNode-1: nextIndex: updateUnconditionally 31 -> 21
2021-10-17 01:37:25,015 [grpc-default-executor-3] INFO  server.RaftServer$Division (RaftServerImpl.java:checkInconsistentAppendEntries(1319)) - omNode-1@group-523986131536: Failed appendEntries as previous log entry ((t:5, i:30)) is not found
2021-10-17 01:37:25,015 [grpc-default-executor-3] INFO  server.RaftServer$Division (RaftServerImpl.java:checkInconsistentAppendEntries(1285)) - omNode-1@group-523986131536: inconsistency entries. Reply:omNode-3<-omNode-1#3746:FAIL-t5,INCONSISTENCY,nextIndex=21,followerCommit=20
2021-10-17 01:37:25,016 [grpc-default-executor-3] INFO  leader.FollowerInfo (FollowerInfoImpl.java:lambda$new$0(46)) - omNode-3@group-523986131536->omNode-1: nextIndex: updateUnconditionally 31 -> 21
2021-10-17 01:37:25,517 [grpc-default-executor-3] INFO  server.RaftServer$Division (RaftServerImpl.java:checkInconsistentAppendEntries(1319)) - omNode-1@group-523986131536: Failed appendEntries as previous log entry ((t:5, i:30)) is not found
2021-10-17 01:37:25,517 [grpc-default-executor-3] INFO  server.RaftServer$Division (RaftServerImpl.java:checkInconsistentAppendEntries(1285)) - omNode-1@group-523986131536: inconsistency entries. Reply:omNode-3<-omNode-1#3797:FAIL-t5,INCONSISTENCY,nextIndex=21,followerCommit=20
2021-10-17 01:37:25,517 [grpc-default-executor-3] INFO  leader.FollowerInfo (FollowerInfoImpl.java:lambda$new$0(46)) - omNode-3@group-523986131536->omNode-1: nextIndex: updateUnconditionally 31 -> 21
2021-10-17 01:37:26,018 [grpc-default-executor-6] INFO  server.RaftServer$Division (RaftServerImpl.java:checkInconsistentAppendEntries(1319)) - omNode-1@group-523986131536: Failed appendEntries as previous log entry ((t:5, i:30)) is not found
2021-10-17 01:37:26,019 [grpc-default-executor-6] INFO  server.RaftServer$Division (RaftServerImpl.java:checkInconsistentAppendEntries(1285)) - omNode-1@group-523986131536: inconsistency entries. Reply:omNode-3<-omNode-1#3848:FAIL-t5,INCONSISTENCY,nextIndex=21,followerCommit=20
2021-10-17 01:37:26,019 [grpc-default-executor-6] INFO  leader.FollowerInfo (FollowerInfoImpl.java:lambda$new$0(46)) - omNode-3@group-523986131536->omNode-1: nextIndex: updateUnconditionally 31 -> 21
2021-10-17 01:37:26,521 [grpc-default-executor-3] INFO  server.RaftServer$Division (RaftServerImpl.java:checkInconsistentAppendEntries(1319)) - omNode-1@group-523986131536: Failed appendEntries as previous log entry ((t:5, i:30)) is not found
2021-10-17 01:37:26,521 [grpc-default-executor-3] INFO  server.RaftServer$Division (RaftServerImpl.java:checkInconsistentAppendEntries(1285)) - omNode-1@group-523986131536: inconsistency entries. Reply:omNode-3<-omNode-1#3899:FAIL-t5,INCONSISTENCY,nextIndex=21,followerCommit=20
2021-10-17 01:37:26,521 [grpc-default-executor-3] INFO  leader.FollowerInfo (FollowerInfoImpl.java:lambda$new$0(46)) - omNode-3@group-523986131536->omNode-1: nextIndex: updateUnconditionally 31 -> 21
2021-10-17 01:37:27,023 [grpc-default-executor-3] INFO  server.RaftServer$Division (RaftServerImpl.java:checkInconsistentAppendEntries(1319)) - omNode-1@group-523986131536: Failed appendEntries as previous log entry ((t:5, i:30)) is not found
2021-10-17 01:37:27,023 [grpc-default-executor-3] INFO  server.RaftServer$Division (RaftServerImpl.java:checkInconsistentAppendEntries(1285)) - omNode-1@group-523986131536: inconsistency entries. Reply:omNode-3<-omNode-1#3950:FAIL-t5,INCONSISTENCY,nextIndex=21,followerCommit=20
2021-10-17 01:37:27,024 [grpc-default-executor-6] INFO  leader.FollowerInfo (FollowerInfoImpl.java:lambda$new$0(46)) - omNode-3@group-523986131536->omNode-1: nextIndex: updateUnconditionally 31 -> 21
2021-10-17 01:37:27,526 [grpc-default-executor-3] INFO  server.RaftServer$Division (RaftServerImpl.java:checkInconsistentAppendEntries(1319)) - omNode-1@group-523986131536: Failed appendEntries as previous log entry ((t:5, i:30)) is not found
2021-10-17 01:37:27,526 [grpc-default-executor-3] INFO  server.RaftServer$Division (RaftServerImpl.java:checkInconsistentAppendEntries(1285)) - omNode-1@group-523986131536: inconsistency entries. Reply:omNode-3<-omNode-1#4001:FAIL-t5,INCONSISTENCY,nextIndex=21,followerCommit=20
2021-10-17 01:37:27,526 [grpc-default-executor-3] INFO  leader.FollowerInfo (FollowerInfoImpl.java:lambda$new$0(46)) - omNode-3@group-523986131536->omNode-1: nextIndex: updateUnconditionally 31 -> 21
2021-10-17 01:37:28,027 [grpc-default-executor-3] INFO  server.RaftServer$Division (RaftServerImpl.java:checkInconsistentAppendEntries(1319)) - omNode-1@group-523986131536: Failed appendEntries as previous log entry ((t:5, i:30)) is not found
2021-10-17 01:37:28,028 [grpc-default-executor-3] INFO  server.RaftServer$Division (RaftServerImpl.java:checkInconsistentAppendEntries(1285)) - omNode-1@group-523986131536: inconsistency entries. Reply:omNode-3<-omNode-1#4052:FAIL-t5,INCONSISTENCY,nextIndex=21,followerCommit=20
2021-10-17 01:37:28,028 [grpc-default-executor-3] INFO  leader.FollowerInfo (FollowerInfoImpl.java:lambda$new$0(46)) - omNode-3@group-523986131536->omNode-1: nextIndex: updateUnconditionally 31 -> 21
2021-10-17 01:37:28,529 [grpc-default-executor-3] INFO  server.RaftServer$Division (RaftServerImpl.java:checkInconsistentAppendEntries(1319)) - omNode-1@group-523986131536: Failed appendEntries as previous log entry ((t:5, i:30)) is not found
2021-10-17 01:37:28,529 [grpc-default-executor-3] INFO  server.RaftServer$Division (RaftServerImpl.java:checkInconsistentAppendEntries(1285)) - omNode-1@group-523986131536: inconsistency entries. Reply:omNode-3<-omNode-1#4103:FAIL-t5,INCONSISTENCY,nextIndex=21,followerCommit=20
2021-10-17 01:37:28,530 [grpc-default-executor-3] INFO  leader.FollowerInfo (FollowerInfoImpl.java:lambda$new$0(46)) - omNode-3@group-523986131536->omNode-1: nextIndex: updateUnconditionally 31 -> 21
2021-10-17 01:37:29,032 [grpc-default-executor-3] INFO  server.RaftServer$Division (RaftServerImpl.java:checkInconsistentAppendEntries(1319)) - omNode-1@group-523986131536: Failed appendEntries as previous log entry ((t:5, i:30)) is not found
2021-10-17 01:37:29,032 [grpc-default-executor-3] INFO  server.RaftServer$Division (RaftServerImpl.java:checkInconsistentAppendEntries(1285)) - omNode-1@group-523986131536: inconsistency entries. Reply:omNode-3<-omNode-1#4154:FAIL-t5,INCONSISTENCY,nextIndex=21,followerCommit=20
2021-10-17 01:37:29,032 [grpc-default-executor-3] INFO  leader.FollowerInfo (FollowerInfoImpl.java:lambda$new$0(46)) - omNode-3@group-523986131536->omNode-1: nextIndex: updateUnconditionally 31 -> 21
2021-10-17 01:37:29,534 [grpc-default-executor-6] INFO  server.RaftServer$Division (RaftServerImpl.java:checkInconsistentAppendEntries(1319)) - omNode-1@group-523986131536: Failed appendEntries as previous log entry ((t:5, i:30)) is not found
2021-10-17 01:37:29,535 [grpc-default-executor-6] INFO  server.RaftServer$Division (RaftServerImpl.java:checkInconsistentAppendEntries(1285)) - omNode-1@group-523986131536: inconsistency entries. Reply:omNode-3<-omNode-1#4205:FAIL-t5,INCONSISTENCY,nextIndex=21,followerCommit=20
2021-10-17 01:37:29,535 [grpc-default-executor-3] INFO  leader.FollowerInfo (FollowerInfoImpl.java:lambda$new$0(46)) - omNode-3@group-523986131536->omNode-1: nextIndex: updateUnconditionally 31 -> 21
2021-10-17 01:37:30,038 [grpc-default-executor-3] INFO  server.RaftServer$Division (RaftServerImpl.java:checkInconsistentAppendEntries(1319)) - omNode-1@group-523986131536: Failed appendEntries as previous log entry ((t:5, i:30)) is not found
2021-10-17 01:37:30,038 [grpc-default-executor-3] INFO  server.RaftServer$Division (RaftServerImpl.java:checkInconsistentAppendEntries(1285)) - omNode-1@group-523986131536: inconsistency entries. Reply:omNode-3<-omNode-1#4256:FAIL-t5,INCONSISTENCY,nextIndex=21,followerCommit=20
2021-10-17 01:37:30,038 [grpc-default-executor-3] INFO  leader.FollowerInfo (FollowerInfoImpl.java:lambda$new$0(46)) - omNode-3@group-523986131536->omNode-1: nextIndex: updateUnconditionally 31 -> 21
2021-10-17 01:37:30,540 [grpc-default-executor-3] INFO  server.RaftServer$Division (RaftServerImpl.java:checkInconsistentAppendEntries(1319)) - omNode-1@group-523986131536: Failed appendEntries as previous log entry ((t:5, i:30)) is not found
2021-10-17 01:37:30,540 [grpc-default-executor-3] INFO  server.RaftServer$Division (RaftServerImpl.java:checkInconsistentAppendEntries(1285)) - omNode-1@group-523986131536: inconsistency entries. Reply:omNode-3<-omNode-1#4307:FAIL-t5,INCONSISTENCY,nextIndex=21,followerCommit=20
2021-10-17 01:37:30,540 [grpc-default-executor-3] INFO  leader.FollowerInfo (FollowerInfoImpl.java:lambda$new$0(46)) - omNode-3@group-523986131536->omNode-1: nextIndex: updateUnconditionally 31 -> 21
2021-10-17 01:37:31,041 [grpc-default-executor-3] INFO  server.RaftServer$Division (RaftServerImpl.java:checkInconsistentAppendEntries(1319)) - omNode-1@group-523986131536: Failed appendEntries as previous log entry ((t:5, i:30)) is not found
2021-10-17 01:37:31,041 [grpc-default-executor-3] INFO  server.RaftServer$Division (RaftServerImpl.java:checkInconsistentAppendEntries(1285)) - omNode-1@group-523986131536: inconsistency entries. Reply:omNode-3<-omNode-1#4358:FAIL-t5,INCONSISTENCY,nextIndex=21,followerCommit=20
2021-10-17 01:37:31,042 [grpc-default-executor-3] INFO  leader.FollowerInfo (FollowerInfoImpl.java:lambda$new$0(46)) - omNode-3@group-523986131536->omNode-1: nextIndex: updateUnconditionally 31 -> 21
2021-10-17 01:37:31,543 [grpc-default-executor-7] INFO  server.RaftServer$Division (RaftServerImpl.java:checkInconsistentAppendEntries(1319)) - omNode-1@group-523986131536: Failed appendEntries as previous log entry ((t:5, i:30)) is not found
2021-10-17 01:37:31,543 [grpc-default-executor-7] INFO  server.RaftServer$Division (RaftServerImpl.java:checkInconsistentAppendEntries(1285)) - omNode-1@group-523986131536: inconsistency entries. Reply:omNode-3<-omNode-1#4409:FAIL-t5,INCONSISTENCY,nextIndex=21,followerCommit=20
2021-10-17 01:37:31,543 [grpc-default-executor-7] INFO  leader.FollowerInfo (FollowerInfoImpl.java:lambda$new$0(46)) - omNode-3@group-523986131536->omNode-1: nextIndex: updateUnconditionally 31 -> 21
2021-10-17 01:37:32,044 [grpc-default-executor-7] INFO  server.RaftServer$Division (RaftServerImpl.java:checkInconsistentAppendEntries(1319)) - omNode-1@group-523986131536: Failed appendEntries as previous log entry ((t:5, i:30)) is not found
2021-10-17 01:37:32,045 [grpc-default-executor-7] INFO  server.RaftServer$Division (RaftServerImpl.java:checkInconsistentAppendEntries(1285)) - omNode-1@group-523986131536: inconsistency entries. Reply:omNode-3<-omNode-1#4460:FAIL-t5,INCONSISTENCY,nextIndex=21,followerCommit=20
2021-10-17 01:37:32,045 [grpc-default-executor-7] INFO  leader.FollowerInfo (FollowerInfoImpl.java:lambda$new$0(46)) - omNode-3@group-523986131536->omNode-1: nextIndex: updateUnconditionally 31 -> 21
2021-10-17 01:37:32,546 [grpc-default-executor-3] INFO  server.RaftServer$Division (RaftServerImpl.java:checkInconsistentAppendEntries(1319)) - omNode-1@group-523986131536: Failed appendEntries as previous log entry ((t:5, i:30)) is not found
2021-10-17 01:37:32,546 [grpc-default-executor-3] INFO  server.RaftServer$Division (RaftServerImpl.java:checkInconsistentAppendEntries(1285)) - omNode-1@group-523986131536: inconsistency entries. Reply:omNode-3<-omNode-1#4511:FAIL-t5,INCONSISTENCY,nextIndex=21,followerCommit=20
2021-10-17 01:37:32,547 [grpc-default-executor-3] INFO  leader.FollowerInfo (FollowerInfoImpl.java:lambda$new$0(46)) - omNode-3@group-523986131536->omNode-1: nextIndex: updateUnconditionally 31 -> 21
2021-10-17 01:37:33,049 [grpc-default-executor-7] INFO  server.RaftServer$Division (RaftServerImpl.java:checkInconsistentAppendEntries(1319)) - omNode-1@group-523986131536: Failed appendEntries as previous log entry ((t:5, i:30)) is not found
2021-10-17 01:37:33,049 [grpc-default-executor-7] INFO  server.RaftServer$Division (RaftServerImpl.java:checkInconsistentAppendEntries(1285)) - omNode-1@group-523986131536: inconsistency entries. Reply:omNode-3<-omNode-1#4562:FAIL-t5,INCONSISTENCY,nextIndex=21,followerCommit=20
2021-10-17 01:37:33,049 [grpc-default-executor-3] INFO  leader.FollowerInfo (FollowerInfoImpl.java:lambda$new$0(46)) - omNode-3@group-523986131536->omNode-1: nextIndex: updateUnconditionally 31 -> 21
2021-10-17 01:37:33,551 [grpc-default-executor-3] INFO  server.RaftServer$Division (RaftServerImpl.java:checkInconsistentAppendEntries(1319)) - omNode-1@group-523986131536: Failed appendEntries as previous log entry ((t:5, i:30)) is not found
2021-10-17 01:37:33,551 [grpc-default-executor-3] INFO  server.RaftServer$Division (RaftServerImpl.java:checkInconsistentAppendEntries(1285)) - omNode-1@group-523986131536: inconsistency entries. Reply:omNode-3<-omNode-1#4613:FAIL-t5,INCONSISTENCY,nextIndex=21,followerCommit=20
2021-10-17 01:37:33,551 [grpc-default-executor-3] INFO  leader.FollowerInfo (FollowerInfoImpl.java:lambda$new$0(46)) - omNode-3@group-523986131536->omNode-1: nextIndex: updateUnconditionally 31 -> 21
2021-10-17 01:37:34,053 [grpc-default-executor-3] INFO  server.RaftServer$Division (RaftServerImpl.java:checkInconsistentAppendEntries(1319)) - omNode-1@group-523986131536: Failed appendEntries as previous log entry ((t:5, i:30)) is not found
2021-10-17 01:37:34,053 [grpc-default-executor-3] INFO  server.RaftServer$Division (RaftServerImpl.java:checkInconsistentAppendEntries(1285)) - omNode-1@group-523986131536: inconsistency entries. Reply:omNode-3<-omNode-1#4664:FAIL-t5,INCONSISTENCY,nextIndex=21,followerCommit=20
2021-10-17 01:37:34,053 [grpc-default-executor-3] INFO  leader.FollowerInfo (FollowerInfoImpl.java:lambda$new$0(46)) - omNode-3@group-523986131536->omNode-1: nextIndex: updateUnconditionally 31 -> 21
2021-10-17 01:37:34,555 [grpc-default-executor-3] INFO  server.RaftServer$Division (RaftServerImpl.java:checkInconsistentAppendEntries(1319)) - omNode-1@group-523986131536: Failed appendEntries as previous log entry ((t:5, i:30)) is not found
2021-10-17 01:37:34,555 [grpc-default-executor-3] INFO  server.RaftServer$Division (RaftServerImpl.java:checkInconsistentAppendEntries(1285)) - omNode-1@group-523986131536: inconsistency entries. Reply:omNode-3<-omNode-1#4715:FAIL-t5,INCONSISTENCY,nextIndex=21,followerCommit=20
2021-10-17 01:37:34,555 [grpc-default-executor-3] INFO  leader.FollowerInfo (FollowerInfoImpl.java:lambda$new$0(46)) - omNode-3@group-523986131536->omNode-1: nextIndex: updateUnconditionally 31 -> 21
2021-10-17 01:37:35,057 [grpc-default-executor-3] INFO  server.RaftServer$Division (RaftServerImpl.java:checkInconsistentAppendEntries(1319)) - omNode-1@group-523986131536: Failed appendEntries as previous log entry ((t:5, i:30)) is not found
2021-10-17 01:37:35,057 [grpc-default-executor-3] INFO  server.RaftServer$Division (RaftServerImpl.java:checkInconsistentAppendEntries(1285)) - omNode-1@group-523986131536: inconsistency entries. Reply:omNode-3<-omNode-1#4766:FAIL-t5,INCONSISTENCY,nextIndex=21,followerCommit=20
2021-10-17 01:37:35,057 [grpc-default-executor-3] INFO  leader.FollowerInfo (FollowerInfoImpl.java:lambda$new$0(46)) - omNode-3@group-523986131536->omNode-1: nextIndex: updateUnconditionally 31 -> 21
2021-10-17 01:37:35,559 [grpc-default-executor-3] INFO  server.RaftServer$Division (RaftServerImpl.java:checkInconsistentAppendEntries(1319)) - omNode-1@group-523986131536: Failed appendEntries as previous log entry ((t:5, i:30)) is not found
2021-10-17 01:37:35,559 [grpc-default-executor-3] INFO  server.RaftServer$Division (RaftServerImpl.java:checkInconsistentAppendEntries(1285)) - omNode-1@group-523986131536: inconsistency entries. Reply:omNode-3<-omNode-1#4817:FAIL-t5,INCONSISTENCY,nextIndex=21,followerCommit=20
2021-10-17 01:37:35,559 [grpc-default-executor-3] INFO  leader.FollowerInfo (FollowerInfoImpl.java:lambda$new$0(46)) - omNode-3@group-523986131536->omNode-1: nextIndex: updateUnconditionally 31 -> 21
2021-10-17 01:37:36,060 [grpc-default-executor-7] INFO  server.RaftServer$Division (RaftServerImpl.java:checkInconsistentAppendEntries(1319)) - omNode-1@group-523986131536: Failed appendEntries as previous log entry ((t:5, i:30)) is not found
2021-10-17 01:37:36,060 [grpc-default-executor-7] INFO  server.RaftServer$Division (RaftServerImpl.java:checkInconsistentAppendEntries(1285)) - omNode-1@group-523986131536: inconsistency entries. Reply:omNode-3<-omNode-1#4868:FAIL-t5,INCONSISTENCY,nextIndex=21,followerCommit=20
2021-10-17 01:37:36,060 [grpc-default-executor-7] INFO  leader.FollowerInfo (FollowerInfoImpl.java:lambda$new$0(46)) - omNode-3@group-523986131536->omNode-1: nextIndex: updateUnconditionally 31 -> 21
2021-10-17 01:37:36,562 [grpc-default-executor-7] INFO  server.RaftServer$Division (RaftServerImpl.java:checkInconsistentAppendEntries(1319)) - omNode-1@group-523986131536: Failed appendEntries as previous log entry ((t:5, i:30)) is not found
2021-10-17 01:37:36,562 [grpc-default-executor-7] INFO  server.RaftServer$Division (RaftServerImpl.java:checkInconsistentAppendEntries(1285)) - omNode-1@group-523986131536: inconsistency entries. Reply:omNode-3<-omNode-1#4919:FAIL-t5,INCONSISTENCY,nextIndex=21,followerCommit=20
2021-10-17 01:37:36,562 [grpc-default-executor-7] INFO  leader.FollowerInfo (FollowerInfoImpl.java:lambda$new$0(46)) - omNode-3@group-523986131536->omNode-1: nextIndex: updateUnconditionally 31 -> 21
2021-10-17 01:37:37,064 [grpc-default-executor-7] INFO  server.RaftServer$Division (RaftServerImpl.java:checkInconsistentAppendEntries(1319)) - omNode-1@group-523986131536: Failed appendEntries as previous log entry ((t:5, i:30)) is not found
2021-10-17 01:37:37,064 [grpc-default-executor-7] INFO  server.RaftServer$Division (RaftServerImpl.java:checkInconsistentAppendEntries(1285)) - omNode-1@group-523986131536: inconsistency entries. Reply:omNode-3<-omNode-1#4970:FAIL-t5,INCONSISTENCY,nextIndex=21,followerCommit=20
2021-10-17 01:37:37,065 [grpc-default-executor-7] INFO  leader.FollowerInfo (FollowerInfoImpl.java:lambda$new$0(46)) - omNode-3@group-523986131536->omNode-1: nextIndex: updateUnconditionally 31 -> 21
2021-10-17 01:37:37,566 [grpc-default-executor-6] INFO  server.RaftServer$Division (RaftServerImpl.java:checkInconsistentAppendEntries(1319)) - omNode-1@group-523986131536: Failed appendEntries as previous log entry ((t:5, i:30)) is not found
2021-10-17 01:37:37,567 [grpc-default-executor-6] INFO  server.RaftServer$Division (RaftServerImpl.java:checkInconsistentAppendEntries(1285)) - omNode-1@group-523986131536: inconsistency entries. Reply:omNode-3<-omNode-1#5021:FAIL-t5,INCONSISTENCY,nextIndex=21,followerCommit=20
2021-10-17 01:37:37,567 [grpc-default-executor-6] INFO  leader.FollowerInfo (FollowerInfoImpl.java:lambda$new$0(46)) - omNode-3@group-523986131536->omNode-1: nextIndex: updateUnconditionally 31 -> 21
2021-10-17 01:37:38,068 [grpc-default-executor-7] INFO  server.RaftServer$Division (RaftServerImpl.java:checkInconsistentAppendEntries(1319)) - omNode-1@group-523986131536: Failed appendEntries as previous log entry ((t:5, i:30)) is not found
2021-10-17 01:37:38,069 [grpc-default-executor-7] INFO  server.RaftServer$Division (RaftServerImpl.java:checkInconsistentAppendEntries(1285)) - omNode-1@group-523986131536: inconsistency entries. Reply:omNode-3<-omNode-1#5072:FAIL-t5,INCONSISTENCY,nextIndex=21,followerCommit=20
2021-10-17 01:37:38,069 [grpc-default-executor-7] INFO  leader.FollowerInfo (FollowerInfoImpl.java:lambda$new$0(46)) - omNode-3@group-523986131536->omNode-1: nextIndex: updateUnconditionally 31 -> 21
2021-10-17 01:37:38,571 [grpc-default-executor-6] INFO  server.RaftServer$Division (RaftServerImpl.java:checkInconsistentAppendEntries(1319)) - omNode-1@group-523986131536: Failed appendEntries as previous log entry ((t:5, i:30)) is not found
2021-10-17 01:37:38,571 [grpc-default-executor-6] INFO  server.RaftServer$Division (RaftServerImpl.java:checkInconsistentAppendEntries(1285)) - omNode-1@group-523986131536: inconsistency entries. Reply:omNode-3<-omNode-1#5123:FAIL-t5,INCONSISTENCY,nextIndex=21,followerCommit=20
2021-10-17 01:37:38,572 [grpc-default-executor-6] INFO  leader.FollowerInfo (FollowerInfoImpl.java:lambda$new$0(46)) - omNode-3@group-523986131536->omNode-1: nextIndex: updateUnconditionally 31 -> 21
2021-10-17 01:37:39,073 [grpc-default-executor-3] INFO  server.RaftServer$Division (RaftServerImpl.java:checkInconsistentAppendEntries(1319)) - omNode-1@group-523986131536: Failed appendEntries as previous log entry ((t:5, i:30)) is not found
2021-10-17 01:37:39,073 [grpc-default-executor-3] INFO  server.RaftServer$Division (RaftServerImpl.java:checkInconsistentAppendEntries(1285)) - omNode-1@group-523986131536: inconsistency entries. Reply:omNode-3<-omNode-1#5174:FAIL-t5,INCONSISTENCY,nextIndex=21,followerCommit=20
2021-10-17 01:37:39,073 [grpc-default-executor-3] INFO  leader.FollowerInfo (FollowerInfoImpl.java:lambda$new$0(46)) - omNode-3@group-523986131536->omNode-1: nextIndex: updateUnconditionally 31 -> 21
2021-10-17 01:37:39,575 [grpc-default-executor-3] INFO  server.RaftServer$Division (RaftServerImpl.java:checkInconsistentAppendEntries(1319)) - omNode-1@group-523986131536: Failed appendEntries as previous log entry ((t:5, i:30)) is not found
2021-10-17 01:37:39,575 [grpc-default-executor-3] INFO  server.RaftServer$Division (RaftServerImpl.java:checkInconsistentAppendEntries(1285)) - omNode-1@group-523986131536: inconsistency entries. Reply:omNode-3<-omNode-1#5225:FAIL-t5,INCONSISTENCY,nextIndex=21,followerCommit=20
2021-10-17 01:37:39,575 [grpc-default-executor-3] INFO  leader.FollowerInfo (FollowerInfoImpl.java:lambda$new$0(46)) - omNode-3@group-523986131536->omNode-1: nextIndex: updateUnconditionally 31 -> 21
2021-10-17 01:37:40,077 [grpc-default-executor-6] INFO  server.RaftServer$Division (RaftServerImpl.java:checkInconsistentAppendEntries(1319)) - omNode-1@group-523986131536: Failed appendEntries as previous log entry ((t:5, i:30)) is not found
2021-10-17 01:37:40,077 [grpc-default-executor-6] INFO  server.RaftServer$Division (RaftServerImpl.java:checkInconsistentAppendEntries(1285)) - omNode-1@group-523986131536: inconsistency entries. Reply:omNode-3<-omNode-1#5276:FAIL-t5,INCONSISTENCY,nextIndex=21,followerCommit=20
2021-10-17 01:37:40,077 [grpc-default-executor-6] INFO  leader.FollowerInfo (FollowerInfoImpl.java:lambda$new$0(46)) - omNode-3@group-523986131536->omNode-1: nextIndex: updateUnconditionally 31 -> 21
2021-10-17 01:37:40,579 [grpc-default-executor-3] INFO  server.RaftServer$Division (RaftServerImpl.java:checkInconsistentAppendEntries(1319)) - omNode-1@group-523986131536: Failed appendEntries as previous log entry ((t:5, i:30)) is not found
2021-10-17 01:37:40,579 [grpc-default-executor-3] INFO  server.RaftServer$Division (RaftServerImpl.java:checkInconsistentAppendEntries(1285)) - omNode-1@group-523986131536: inconsistency entries. Reply:omNode-3<-omNode-1#5327:FAIL-t5,INCONSISTENCY,nextIndex=21,followerCommit=20
2021-10-17 01:37:40,579 [grpc-default-executor-3] INFO  leader.FollowerInfo (FollowerInfoImpl.java:lambda$new$0(46)) - omNode-3@group-523986131536->omNode-1: nextIndex: updateUnconditionally 31 -> 21
2021-10-17 01:37:41,081 [grpc-default-executor-6] INFO  server.RaftServer$Division (RaftServerImpl.java:checkInconsistentAppendEntries(1319)) - omNode-1@group-523986131536: Failed appendEntries as previous log entry ((t:5, i:30)) is not found
2021-10-17 01:37:41,082 [grpc-default-executor-6] INFO  server.RaftServer$Division (RaftServerImpl.java:checkInconsistentAppendEntries(1285)) - omNode-1@group-523986131536: inconsistency entries. Reply:omNode-3<-omNode-1#5378:FAIL-t5,INCONSISTENCY,nextIndex=21,followerCommit=20
2021-10-17 01:37:41,082 [grpc-default-executor-6] INFO  leader.FollowerInfo (FollowerInfoImpl.java:lambda$new$0(46)) - omNode-3@group-523986131536->omNode-1: nextIndex: updateUnconditionally 31 -> 21
2021-10-17 01:37:41,583 [grpc-default-executor-3] INFO  server.RaftServer$Division (RaftServerImpl.java:checkInconsistentAppendEntries(1319)) - omNode-1@group-523986131536: Failed appendEntries as previous log entry ((t:5, i:30)) is not found
2021-10-17 01:37:41,584 [grpc-default-executor-3] INFO  server.RaftServer$Division (RaftServerImpl.java:checkInconsistentAppendEntries(1285)) - omNode-1@group-523986131536: inconsistency entries. Reply:omNode-3<-omNode-1#5429:FAIL-t5,INCONSISTENCY,nextIndex=21,followerCommit=20
2021-10-17 01:37:41,584 [grpc-default-executor-6] INFO  leader.FollowerInfo (FollowerInfoImpl.java:lambda$new$0(46)) - omNode-3@group-523986131536->omNode-1: nextIndex: updateUnconditionally 31 -> 21
2021-10-17 01:37:42,088 [grpc-default-executor-3] INFO  server.RaftServer$Division (RaftServerImpl.java:checkInconsistentAppendEntries(1319)) - omNode-1@group-523986131536: Failed appendEntries as previous log entry ((t:5, i:30)) is not found
2021-10-17 01:37:42,088 [grpc-default-executor-3] INFO  server.RaftServer$Division (RaftServerImpl.java:checkInconsistentAppendEntries(1285)) - omNode-1@group-523986131536: inconsistency entries. Reply:omNode-3<-omNode-1#5480:FAIL-t5,INCONSISTENCY,nextIndex=21,followerCommit=20
2021-10-17 01:37:42,088 [grpc-default-executor-6] INFO  leader.FollowerInfo (FollowerInfoImpl.java:lambda$new$0(46)) - omNode-3@group-523986131536->omNode-1: nextIndex: updateUnconditionally 31 -> 21
2021-10-17 01:37:42,590 [grpc-default-executor-6] INFO  server.RaftServer$Division (RaftServerImpl.java:checkInconsistentAppendEntries(1319)) - omNode-1@group-523986131536: Failed appendEntries as previous log entry ((t:5, i:30)) is not found
2021-10-17 01:37:42,590 [grpc-default-executor-6] INFO  server.RaftServer$Division (RaftServerImpl.java:checkInconsistentAppendEntries(1285)) - omNode-1@group-523986131536: inconsistency entries. Reply:omNode-3<-omNode-1#5531:FAIL-t5,INCONSISTENCY,nextIndex=21,followerCommit=20
2021-10-17 01:37:42,590 [grpc-default-executor-6] INFO  leader.FollowerInfo (FollowerInfoImpl.java:lambda$new$0(46)) - omNode-3@group-523986131536->omNode-1: nextIndex: updateUnconditionally 31 -> 21
2021-10-17 01:37:43,092 [grpc-default-executor-3] INFO  server.RaftServer$Division (RaftServerImpl.java:checkInconsistentAppendEntries(1319)) - omNode-1@group-523986131536: Failed appendEntries as previous log entry ((t:5, i:30)) is not found
2021-10-17 01:37:43,092 [grpc-default-executor-3] INFO  server.RaftServer$Division (RaftServerImpl.java:checkInconsistentAppendEntries(1285)) - omNode-1@group-523986131536: inconsistency entries. Reply:omNode-3<-omNode-1#5582:FAIL-t5,INCONSISTENCY,nextIndex=21,followerCommit=20
2021-10-17 01:37:43,092 [grpc-default-executor-3] INFO  leader.FollowerInfo (FollowerInfoImpl.java:lambda$new$0(46)) - omNode-3@group-523986131536->omNode-1: nextIndex: updateUnconditionally 31 -> 21
2021-10-17 01:37:43,594 [grpc-default-executor-6] INFO  server.RaftServer$Division (RaftServerImpl.java:checkInconsistentAppendEntries(1319)) - omNode-1@group-523986131536: Failed appendEntries as previous log entry ((t:5, i:30)) is not found
2021-10-17 01:37:43,594 [grpc-default-executor-6] INFO  server.RaftServer$Division (RaftServerImpl.java:checkInconsistentAppendEntries(1285)) - omNode-1@group-523986131536: inconsistency entries. Reply:omNode-3<-omNode-1#5633:FAIL-t5,INCONSISTENCY,nextIndex=21,followerCommit=20
2021-10-17 01:37:43,595 [grpc-default-executor-7] INFO  leader.FollowerInfo (FollowerInfoImpl.java:lambda$new$0(46)) - omNode-3@group-523986131536->omNode-1: nextIndex: updateUnconditionally 31 -> 21
2021-10-17 01:37:44,096 [grpc-default-executor-7] INFO  server.RaftServer$Division (RaftServerImpl.java:checkInconsistentAppendEntries(1319)) - omNode-1@group-523986131536: Failed appendEntries as previous log entry ((t:5, i:30)) is not found
2021-10-17 01:37:44,096 [grpc-default-executor-7] INFO  server.RaftServer$Division (RaftServerImpl.java:checkInconsistentAppendEntries(1285)) - omNode-1@group-523986131536: inconsistency entries. Reply:omNode-3<-omNode-1#5684:FAIL-t5,INCONSISTENCY,nextIndex=21,followerCommit=20
2021-10-17 01:37:44,097 [grpc-default-executor-7] INFO  leader.FollowerInfo (FollowerInfoImpl.java:lambda$new$0(46)) - omNode-3@group-523986131536->omNode-1: nextIndex: updateUnconditionally 31 -> 21
2021-10-17 01:37:44,598 [grpc-default-executor-6] INFO  server.RaftServer$Division (RaftServerImpl.java:checkInconsistentAppendEntries(1319)) - omNode-1@group-523986131536: Failed appendEntries as previous log entry ((t:5, i:30)) is not found
2021-10-17 01:37:44,598 [grpc-default-executor-6] INFO  server.RaftServer$Division (RaftServerImpl.java:checkInconsistentAppendEntries(1285)) - omNode-1@group-523986131536: inconsistency entries. Reply:omNode-3<-omNode-1#5735:FAIL-t5,INCONSISTENCY,nextIndex=21,followerCommit=20
2021-10-17 01:37:44,599 [grpc-default-executor-7] INFO  leader.FollowerInfo (FollowerInfoImpl.java:lambda$new$0(46)) - omNode-3@group-523986131536->omNode-1: nextIndex: updateUnconditionally 31 -> 21
2021-10-17 01:37:45,100 [grpc-default-executor-6] INFO  server.RaftServer$Division (RaftServerImpl.java:checkInconsistentAppendEntries(1319)) - omNode-1@group-523986131536: Failed appendEntries as previous log entry ((t:5, i:30)) is not found
2021-10-17 01:37:45,101 [grpc-default-executor-6] INFO  server.RaftServer$Division (RaftServerImpl.java:checkInconsistentAppendEntries(1285)) - omNode-1@group-523986131536: inconsistency entries. Reply:omNode-3<-omNode-1#5786:FAIL-t5,INCONSISTENCY,nextIndex=21,followerCommit=20
2021-10-17 01:37:45,101 [grpc-default-executor-7] INFO  leader.FollowerInfo (FollowerInfoImpl.java:lambda$new$0(46)) - omNode-3@group-523986131536->omNode-1: nextIndex: updateUnconditionally 31 -> 21
2021-10-17 01:37:45,602 [grpc-default-executor-7] INFO  server.RaftServer$Division (RaftServerImpl.java:checkInconsistentAppendEntries(1319)) - omNode-1@group-523986131536: Failed appendEntries as previous log entry ((t:5, i:30)) is not found
2021-10-17 01:37:45,603 [grpc-default-executor-7] INFO  server.RaftServer$Division (RaftServerImpl.java:checkInconsistentAppendEntries(1285)) - omNode-1@group-523986131536: inconsistency entries. Reply:omNode-3<-omNode-1#5837:FAIL-t5,INCONSISTENCY,nextIndex=21,followerCommit=20
2021-10-17 01:37:45,603 [grpc-default-executor-7] INFO  leader.FollowerInfo (FollowerInfoImpl.java:lambda$new$0(46)) - omNode-3@group-523986131536->omNode-1: nextIndex: updateUnconditionally 31 -> 21
2021-10-17 01:37:46,104 [grpc-default-executor-7] INFO  server.RaftServer$Division (RaftServerImpl.java:checkInconsistentAppendEntries(1319)) - omNode-1@group-523986131536: Failed appendEntries as previous log entry ((t:5, i:30)) is not found
2021-10-17 01:37:46,105 [grpc-default-executor-7] INFO  server.RaftServer$Division (RaftServerImpl.java:checkInconsistentAppendEntries(1285)) - omNode-1@group-523986131536: inconsistency entries. Reply:omNode-3<-omNode-1#5888:FAIL-t5,INCONSISTENCY,nextIndex=21,followerCommit=20
2021-10-17 01:37:46,105 [grpc-default-executor-7] INFO  leader.FollowerInfo (FollowerInfoImpl.java:lambda$new$0(46)) - omNode-3@group-523986131536->omNode-1: nextIndex: updateUnconditionally 31 -> 21
2021-10-17 01:37:46,610 [grpc-default-executor-6] INFO  server.RaftServer$Division (RaftServerImpl.java:checkInconsistentAppendEntries(1319)) - omNode-1@group-523986131536: Failed appendEntries as previous log entry ((t:5, i:30)) is not found
2021-10-17 01:37:46,611 [grpc-default-executor-6] INFO  server.RaftServer$Division (RaftServerImpl.java:checkInconsistentAppendEntries(1285)) - omNode-1@group-523986131536: inconsistency entries. Reply:omNode-3<-omNode-1#5939:FAIL-t5,INCONSISTENCY,nextIndex=21,followerCommit=20
2021-10-17 01:37:46,611 [grpc-default-executor-6] INFO  leader.FollowerInfo (FollowerInfoImpl.java:lambda$new$0(46)) - omNode-3@group-523986131536->omNode-1: nextIndex: updateUnconditionally 31 -> 21
2021-10-17 01:37:47,112 [grpc-default-executor-7] INFO  server.RaftServer$Division (RaftServerImpl.java:checkInconsistentAppendEntries(1319)) - omNode-1@group-523986131536: Failed appendEntries as previous log entry ((t:5, i:30)) is not found
2021-10-17 01:37:47,113 [grpc-default-executor-7] INFO  server.RaftServer$Division (RaftServerImpl.java:checkInconsistentAppendEntries(1285)) - omNode-1@group-523986131536: inconsistency entries. Reply:omNode-3<-omNode-1#5990:FAIL-t5,INCONSISTENCY,nextIndex=21,followerCommit=20
2021-10-17 01:37:47,113 [grpc-default-executor-6] INFO  leader.FollowerInfo (FollowerInfoImpl.java:lambda$new$0(46)) - omNode-3@group-523986131536->omNode-1: nextIndex: updateUnconditionally 31 -> 21
2021-10-17 01:37:47,614 [grpc-default-executor-7] INFO  server.RaftServer$Division (RaftServerImpl.java:checkInconsistentAppendEntries(1319)) - omNode-1@group-523986131536: Failed appendEntries as previous log entry ((t:5, i:30)) is not found
2021-10-17 01:37:47,614 [grpc-default-executor-7] INFO  server.RaftServer$Division (RaftServerImpl.java:checkInconsistentAppendEntries(1285)) - omNode-1@group-523986131536: inconsistency entries. Reply:omNode-3<-omNode-1#6041:FAIL-t5,INCONSISTENCY,nextIndex=21,followerCommit=20
2021-10-17 01:37:47,615 [grpc-default-executor-7] INFO  leader.FollowerInfo (FollowerInfoImpl.java:lambda$new$0(46)) - omNode-3@group-523986131536->omNode-1: nextIndex: updateUnconditionally 31 -> 21
2021-10-17 01:37:48,116 [grpc-default-executor-6] INFO  server.RaftServer$Division (RaftServerImpl.java:checkInconsistentAppendEntries(1319)) - omNode-1@group-523986131536: Failed appendEntries as previous log entry ((t:5, i:30)) is not found
2021-10-17 01:37:48,117 [grpc-default-executor-6] INFO  server.RaftServer$Division (RaftServerImpl.java:checkInconsistentAppendEntries(1285)) - omNode-1@group-523986131536: inconsistency entries. Reply:omNode-3<-omNode-1#6092:FAIL-t5,INCONSISTENCY,nextIndex=21,followerCommit=20
2021-10-17 01:37:48,117 [grpc-default-executor-7] INFO  leader.FollowerInfo (FollowerInfoImpl.java:lambda$new$0(46)) - omNode-3@group-523986131536->omNode-1: nextIndex: updateUnconditionally 31 -> 21
2021-10-17 01:37:48,619 [grpc-default-executor-7] INFO  server.RaftServer$Division (RaftServerImpl.java:checkInconsistentAppendEntries(1319)) - omNode-1@group-523986131536: Failed appendEntries as previous log entry ((t:5, i:30)) is not found
2021-10-17 01:37:48,619 [grpc-default-executor-7] INFO  server.RaftServer$Division (RaftServerImpl.java:checkInconsistentAppendEntries(1285)) - omNode-1@group-523986131536: inconsistency entries. Reply:omNode-3<-omNode-1#6143:FAIL-t5,INCONSISTENCY,nextIndex=21,followerCommit=20
2021-10-17 01:37:48,619 [grpc-default-executor-7] INFO  leader.FollowerInfo (FollowerInfoImpl.java:lambda$new$0(46)) - omNode-3@group-523986131536->omNode-1: nextIndex: updateUnconditionally 31 -> 21
2021-10-17 01:37:49,121 [grpc-default-executor-3] INFO  server.RaftServer$Division (RaftServerImpl.java:checkInconsistentAppendEntries(1319)) - omNode-1@group-523986131536: Failed appendEntries as previous log entry ((t:5, i:30)) is not found
2021-10-17 01:37:49,121 [grpc-default-executor-3] INFO  server.RaftServer$Division (RaftServerImpl.java:checkInconsistentAppendEntries(1285)) - omNode-1@group-523986131536: inconsistency entries. Reply:omNode-3<-omNode-1#6194:FAIL-t5,INCONSISTENCY,nextIndex=21,followerCommit=20
2021-10-17 01:37:49,121 [grpc-default-executor-7] INFO  leader.FollowerInfo (FollowerInfoImpl.java:lambda$new$0(46)) - omNode-3@group-523986131536->omNode-1: nextIndex: updateUnconditionally 31 -> 21
2021-10-17 01:37:49,623 [grpc-default-executor-3] INFO  server.RaftServer$Division (RaftServerImpl.java:checkInconsistentAppendEntries(1319)) - omNode-1@group-523986131536: Failed appendEntries as previous log entry ((t:5, i:30)) is not found
2021-10-17 01:37:49,623 [grpc-default-executor-3] INFO  server.RaftServer$Division (RaftServerImpl.java:checkInconsistentAppendEntries(1285)) - omNode-1@group-523986131536: inconsistency entries. Reply:omNode-3<-omNode-1#6245:FAIL-t5,INCONSISTENCY,nextIndex=21,followerCommit=20
2021-10-17 01:37:49,624 [grpc-default-executor-3] INFO  leader.FollowerInfo (FollowerInfoImpl.java:lambda$new$0(46)) - omNode-3@group-523986131536->omNode-1: nextIndex: updateUnconditionally 31 -> 21
2021-10-17 01:37:50,125 [grpc-default-executor-3] INFO  server.RaftServer$Division (RaftServerImpl.java:checkInconsistentAppendEntries(1319)) - omNode-1@group-523986131536: Failed appendEntries as previous log entry ((t:5, i:30)) is not found
2021-10-17 01:37:50,125 [grpc-default-executor-3] INFO  server.RaftServer$Division (RaftServerImpl.java:checkInconsistentAppendEntries(1285)) - omNode-1@group-523986131536: inconsistency entries. Reply:omNode-3<-omNode-1#6296:FAIL-t5,INCONSISTENCY,nextIndex=21,followerCommit=20
2021-10-17 01:37:50,125 [grpc-default-executor-3] INFO  leader.FollowerInfo (FollowerInfoImpl.java:lambda$new$0(46)) - omNode-3@group-523986131536->omNode-1: nextIndex: updateUnconditionally 31 -> 21
2021-10-17 01:37:50,626 [grpc-default-executor-7] INFO  server.RaftServer$Division (RaftServerImpl.java:checkInconsistentAppendEntries(1319)) - omNode-1@group-523986131536: Failed appendEntries as previous log entry ((t:5, i:30)) is not found
2021-10-17 01:37:50,627 [grpc-default-executor-7] INFO  server.RaftServer$Division (RaftServerImpl.java:checkInconsistentAppendEntries(1285)) - omNode-1@group-523986131536: inconsistency entries. Reply:omNode-3<-omNode-1#6347:FAIL-t5,INCONSISTENCY,nextIndex=21,followerCommit=20
2021-10-17 01:37:50,627 [grpc-default-executor-7] INFO  leader.FollowerInfo (FollowerInfoImpl.java:lambda$new$0(46)) - omNode-3@group-523986131536->omNode-1: nextIndex: updateUnconditionally 31 -> 21
2021-10-17 01:37:51,129 [grpc-default-executor-3] INFO  server.RaftServer$Division (RaftServerImpl.java:checkInconsistentAppendEntries(1319)) - omNode-1@group-523986131536: Failed appendEntries as previous log entry ((t:5, i:30)) is not found
2021-10-17 01:37:51,129 [grpc-default-executor-3] INFO  server.RaftServer$Division (RaftServerImpl.java:checkInconsistentAppendEntries(1285)) - omNode-1@group-523986131536: inconsistency entries. Reply:omNode-3<-omNode-1#6398:FAIL-t5,INCONSISTENCY,nextIndex=21,followerCommit=20
2021-10-17 01:37:51,129 [grpc-default-executor-3] INFO  leader.FollowerInfo (FollowerInfoImpl.java:lambda$new$0(46)) - omNode-3@group-523986131536->omNode-1: nextIndex: updateUnconditionally 31 -> 21
2021-10-17 01:37:51,631 [grpc-default-executor-3] INFO  server.RaftServer$Division (RaftServerImpl.java:checkInconsistentAppendEntries(1319)) - omNode-1@group-523986131536: Failed appendEntries as previous log entry ((t:5, i:30)) is not found
2021-10-17 01:37:51,631 [grpc-default-executor-3] INFO  server.RaftServer$Division (RaftServerImpl.java:checkInconsistentAppendEntries(1285)) - omNode-1@group-523986131536: inconsistency entries. Reply:omNode-3<-omNode-1#6449:FAIL-t5,INCONSISTENCY,nextIndex=21,followerCommit=20
2021-10-17 01:37:51,631 [grpc-default-executor-3] INFO  leader.FollowerInfo (FollowerInfoImpl.java:lambda$new$0(46)) - omNode-3@group-523986131536->omNode-1: nextIndex: updateUnconditionally 31 -> 21
2021-10-17 01:37:52,132 [grpc-default-executor-7] INFO  server.RaftServer$Division (RaftServerImpl.java:checkInconsistentAppendEntries(1319)) - omNode-1@group-523986131536: Failed appendEntries as previous log entry ((t:5, i:30)) is not found
2021-10-17 01:37:52,133 [grpc-default-executor-7] INFO  server.RaftServer$Division (RaftServerImpl.java:checkInconsistentAppendEntries(1285)) - omNode-1@group-523986131536: inconsistency entries. Reply:omNode-3<-omNode-1#6500:FAIL-t5,INCONSISTENCY,nextIndex=21,followerCommit=20
2021-10-17 01:37:52,133 [grpc-default-executor-7] INFO  leader.FollowerInfo (FollowerInfoImpl.java:lambda$new$0(46)) - omNode-3@group-523986131536->omNode-1: nextIndex: updateUnconditionally 31 -> 21
2021-10-17 01:37:52,635 [grpc-default-executor-3] INFO  server.RaftServer$Division (RaftServerImpl.java:checkInconsistentAppendEntries(1319)) - omNode-1@group-523986131536: Failed appendEntries as previous log entry ((t:5, i:30)) is not found
2021-10-17 01:37:52,635 [grpc-default-executor-3] INFO  server.RaftServer$Division (RaftServerImpl.java:checkInconsistentAppendEntries(1285)) - omNode-1@group-523986131536: inconsistency entries. Reply:omNode-3<-omNode-1#6551:FAIL-t5,INCONSISTENCY,nextIndex=21,followerCommit=20
2021-10-17 01:37:52,635 [grpc-default-executor-3] INFO  leader.FollowerInfo (FollowerInfoImpl.java:lambda$new$0(46)) - omNode-3@group-523986131536->omNode-1: nextIndex: updateUnconditionally 31 -> 21
2021-10-17 01:37:53,136 [grpc-default-executor-7] INFO  server.RaftServer$Division (RaftServerImpl.java:checkInconsistentAppendEntries(1319)) - omNode-1@group-523986131536: Failed appendEntries as previous log entry ((t:5, i:30)) is not found
2021-10-17 01:37:53,136 [grpc-default-executor-7] INFO  server.RaftServer$Division (RaftServerImpl.java:checkInconsistentAppendEntries(1285)) - omNode-1@group-523986131536: inconsistency entries. Reply:omNode-3<-omNode-1#6602:FAIL-t5,INCONSISTENCY,nextIndex=21,followerCommit=20
2021-10-17 01:37:53,137 [grpc-default-executor-3] INFO  leader.FollowerInfo (FollowerInfoImpl.java:lambda$new$0(46)) - omNode-3@group-523986131536->omNode-1: nextIndex: updateUnconditionally 31 -> 21
2021-10-17 01:37:53,638 [grpc-default-executor-3] INFO  server.RaftServer$Division (RaftServerImpl.java:checkInconsistentAppendEntries(1319)) - omNode-1@group-523986131536: Failed appendEntries as previous log entry ((t:5, i:30)) is not found
2021-10-17 01:37:53,638 [grpc-default-executor-3] INFO  server.RaftServer$Division (RaftServerImpl.java:checkInconsistentAppendEntries(1285)) - omNode-1@group-523986131536: inconsistency entries. Reply:omNode-3<-omNode-1#6653:FAIL-t5,INCONSISTENCY,nextIndex=21,followerCommit=20
2021-10-17 01:37:53,639 [grpc-default-executor-7] INFO  leader.FollowerInfo (FollowerInfoImpl.java:lambda$new$0(46)) - omNode-3@group-523986131536->omNode-1: nextIndex: updateUnconditionally 31 -> 21
2021-10-17 01:37:54,140 [grpc-default-executor-7] INFO  server.RaftServer$Division (RaftServerImpl.java:checkInconsistentAppendEntries(1319)) - omNode-1@group-523986131536: Failed appendEntries as previous log entry ((t:5, i:30)) is not found
2021-10-17 01:37:54,140 [grpc-default-executor-7] INFO  server.RaftServer$Division (RaftServerImpl.java:checkInconsistentAppendEntries(1285)) - omNode-1@group-523986131536: inconsistency entries. Reply:omNode-3<-omNode-1#6704:FAIL-t5,INCONSISTENCY,nextIndex=21,followerCommit=20
2021-10-17 01:37:54,140 [grpc-default-executor-3] INFO  leader.FollowerInfo (FollowerInfoImpl.java:lambda$new$0(46)) - omNode-3@group-523986131536->omNode-1: nextIndex: updateUnconditionally 31 -> 21
2021-10-17 01:37:54,642 [grpc-default-executor-7] INFO  server.RaftServer$Division (RaftServerImpl.java:checkInconsistentAppendEntries(1319)) - omNode-1@group-523986131536: Failed appendEntries as previous log entry ((t:5, i:30)) is not found
2021-10-17 01:37:54,642 [grpc-default-executor-7] INFO  server.RaftServer$Division (RaftServerImpl.java:checkInconsistentAppendEntries(1285)) - omNode-1@group-523986131536: inconsistency entries. Reply:omNode-3<-omNode-1#6755:FAIL-t5,INCONSISTENCY,nextIndex=21,followerCommit=20
2021-10-17 01:37:54,643 [grpc-default-executor-7] INFO  leader.FollowerInfo (FollowerInfoImpl.java:lambda$new$0(46)) - omNode-3@group-523986131536->omNode-1: nextIndex: updateUnconditionally 31 -> 21
2021-10-17 01:37:55,143 [grpc-default-executor-7] INFO  server.RaftServer$Division (RaftServerImpl.java:checkInconsistentAppendEntries(1319)) - omNode-1@group-523986131536: Failed appendEntries as previous log entry ((t:5, i:30)) is not found
2021-10-17 01:37:55,144 [grpc-default-executor-7] INFO  server.RaftServer$Division (RaftServerImpl.java:checkInconsistentAppendEntries(1285)) - omNode-1@group-523986131536: inconsistency entries. Reply:omNode-3<-omNode-1#6806:FAIL-t5,INCONSISTENCY,nextIndex=21,followerCommit=20
2021-10-17 01:37:55,144 [grpc-default-executor-7] INFO  leader.FollowerInfo (FollowerInfoImpl.java:lambda$new$0(46)) - omNode-3@group-523986131536->omNode-1: nextIndex: updateUnconditionally 31 -> 21
2021-10-17 01:37:55,645 [grpc-default-executor-7] INFO  server.RaftServer$Division (RaftServerImpl.java:checkInconsistentAppendEntries(1319)) - omNode-1@group-523986131536: Failed appendEntries as previous log entry ((t:5, i:30)) is not found
2021-10-17 01:37:55,645 [grpc-default-executor-7] INFO  server.RaftServer$Division (RaftServerImpl.java:checkInconsistentAppendEntries(1285)) - omNode-1@group-523986131536: inconsistency entries. Reply:omNode-3<-omNode-1#6857:FAIL-t5,INCONSISTENCY,nextIndex=21,followerCommit=20
2021-10-17 01:37:55,645 [grpc-default-executor-7] INFO  leader.FollowerInfo (FollowerInfoImpl.java:lambda$new$0(46)) - omNode-3@group-523986131536->omNode-1: nextIndex: updateUnconditionally 31 -> 21
2021-10-17 01:37:56,146 [grpc-default-executor-7] INFO  server.RaftServer$Division (RaftServerImpl.java:checkInconsistentAppendEntries(1319)) - omNode-1@group-523986131536: Failed appendEntries as previous log entry ((t:5, i:30)) is not found
2021-10-17 01:37:56,147 [grpc-default-executor-7] INFO  server.RaftServer$Division (RaftServerImpl.java:checkInconsistentAppendEntries(1285)) - omNode-1@group-523986131536: inconsistency entries. Reply:omNode-3<-omNode-1#6908:FAIL-t5,INCONSISTENCY,nextIndex=21,followerCommit=20
2021-10-17 01:37:56,147 [grpc-default-executor-7] INFO  leader.FollowerInfo (FollowerInfoImpl.java:lambda$new$0(46)) - omNode-3@group-523986131536->omNode-1: nextIndex: updateUnconditionally 31 -> 21
2021-10-17 01:37:56,648 [grpc-default-executor-7] INFO  server.RaftServer$Division (RaftServerImpl.java:checkInconsistentAppendEntries(1319)) - omNode-1@group-523986131536: Failed appendEntries as previous log entry ((t:5, i:30)) is not found
2021-10-17 01:37:56,649 [grpc-default-executor-7] INFO  server.RaftServer$Division (RaftServerImpl.java:checkInconsistentAppendEntries(1285)) - omNode-1@group-523986131536: inconsistency entries. Reply:omNode-3<-omNode-1#6959:FAIL-t5,INCONSISTENCY,nextIndex=21,followerCommit=20
2021-10-17 01:37:56,649 [grpc-default-executor-7] INFO  leader.FollowerInfo (FollowerInfoImpl.java:lambda$new$0(46)) - omNode-3@group-523986131536->omNode-1: nextIndex: updateUnconditionally 31 -> 21
2021-10-17 01:37:57,150 [grpc-default-executor-7] INFO  server.RaftServer$Division (RaftServerImpl.java:checkInconsistentAppendEntries(1319)) - omNode-1@group-523986131536: Failed appendEntries as previous log entry ((t:5, i:30)) is not found
2021-10-17 01:37:57,150 [grpc-default-executor-7] INFO  server.RaftServer$Division (RaftServerImpl.java:checkInconsistentAppendEntries(1285)) - omNode-1@group-523986131536: inconsistency entries. Reply:omNode-3<-omNode-1#7010:FAIL-t5,INCONSISTENCY,nextIndex=21,followerCommit=20
2021-10-17 01:37:57,151 [grpc-default-executor-7] INFO  leader.FollowerInfo (FollowerInfoImpl.java:lambda$new$0(46)) - omNode-3@group-523986131536->omNode-1: nextIndex: updateUnconditionally 31 -> 21
2021-10-17 01:37:57,651 [grpc-default-executor-3] INFO  server.RaftServer$Division (RaftServerImpl.java:checkInconsistentAppendEntries(1319)) - omNode-1@group-523986131536: Failed appendEntries as previous log entry ((t:5, i:30)) is not found
2021-10-17 01:37:57,652 [grpc-default-executor-3] INFO  server.RaftServer$Division (RaftServerImpl.java:checkInconsistentAppendEntries(1285)) - omNode-1@group-523986131536: inconsistency entries. Reply:omNode-3<-omNode-1#7061:FAIL-t5,INCONSISTENCY,nextIndex=21,followerCommit=20
2021-10-17 01:37:57,652 [grpc-default-executor-3] INFO  leader.FollowerInfo (FollowerInfoImpl.java:lambda$new$0(46)) - omNode-3@group-523986131536->omNode-1: nextIndex: updateUnconditionally 31 -> 21
2021-10-17 01:37:58,153 [grpc-default-executor-7] INFO  server.RaftServer$Division (RaftServerImpl.java:checkInconsistentAppendEntries(1319)) - omNode-1@group-523986131536: Failed appendEntries as previous log entry ((t:5, i:30)) is not found
2021-10-17 01:37:58,153 [grpc-default-executor-7] INFO  server.RaftServer$Division (RaftServerImpl.java:checkInconsistentAppendEntries(1285)) - omNode-1@group-523986131536: inconsistency entries. Reply:omNode-3<-omNode-1#7112:FAIL-t5,INCONSISTENCY,nextIndex=21,followerCommit=20
2021-10-17 01:37:58,154 [grpc-default-executor-7] INFO  leader.FollowerInfo (FollowerInfoImpl.java:lambda$new$0(46)) - omNode-3@group-523986131536->omNode-1: nextIndex: updateUnconditionally 31 -> 21
2021-10-17 01:37:58,655 [grpc-default-executor-3] INFO  server.RaftServer$Division (RaftServerImpl.java:checkInconsistentAppendEntries(1319)) - omNode-1@group-523986131536: Failed appendEntries as previous log entry ((t:5, i:30)) is not found
2021-10-17 01:37:58,655 [grpc-default-executor-3] INFO  server.RaftServer$Division (RaftServerImpl.java:checkInconsistentAppendEntries(1285)) - omNode-1@group-523986131536: inconsistency entries. Reply:omNode-3<-omNode-1#7163:FAIL-t5,INCONSISTENCY,nextIndex=21,followerCommit=20
2021-10-17 01:37:58,656 [grpc-default-executor-3] INFO  leader.FollowerInfo (FollowerInfoImpl.java:lambda$new$0(46)) - omNode-3@group-523986131536->omNode-1: nextIndex: updateUnconditionally 31 -> 21
2021-10-17 01:37:59,157 [grpc-default-executor-7] INFO  server.RaftServer$Division (RaftServerImpl.java:checkInconsistentAppendEntries(1319)) - omNode-1@group-523986131536: Failed appendEntries as previous log entry ((t:5, i:30)) is not found
2021-10-17 01:37:59,157 [grpc-default-executor-7] INFO  server.RaftServer$Division (RaftServerImpl.java:checkInconsistentAppendEntries(1285)) - omNode-1@group-523986131536: inconsistency entries. Reply:omNode-3<-omNode-1#7214:FAIL-t5,INCONSISTENCY,nextIndex=21,followerCommit=20
2021-10-17 01:37:59,157 [grpc-default-executor-3] INFO  leader.FollowerInfo (FollowerInfoImpl.java:lambda$new$0(46)) - omNode-3@group-523986131536->omNode-1: nextIndex: updateUnconditionally 31 -> 21
2021-10-17 01:37:59,659 [grpc-default-executor-3] INFO  server.RaftServer$Division (RaftServerImpl.java:checkInconsistentAppendEntries(1319)) - omNode-1@group-523986131536: Failed appendEntries as previous log entry ((t:5, i:30)) is not found
2021-10-17 01:37:59,659 [grpc-default-executor-3] INFO  server.RaftServer$Division (RaftServerImpl.java:checkInconsistentAppendEntries(1285)) - omNode-1@group-523986131536: inconsistency entries. Reply:omNode-3<-omNode-1#7265:FAIL-t5,INCONSISTENCY,nextIndex=21,followerCommit=20
2021-10-17 01:37:59,659 [grpc-default-executor-7] INFO  leader.FollowerInfo (FollowerInfoImpl.java:lambda$new$0(46)) - omNode-3@group-523986131536->omNode-1: nextIndex: updateUnconditionally 31 -> 21
2021-10-17 01:38:00,161 [grpc-default-executor-7] INFO  server.RaftServer$Division (RaftServerImpl.java:checkInconsistentAppendEntries(1319)) - omNode-1@group-523986131536: Failed appendEntries as previous log entry ((t:5, i:30)) is not found
2021-10-17 01:38:00,161 [grpc-default-executor-7] INFO  server.RaftServer$Division (RaftServerImpl.java:checkInconsistentAppendEntries(1285)) - omNode-1@group-523986131536: inconsistency entries. Reply:omNode-3<-omNode-1#7316:FAIL-t5,INCONSISTENCY,nextIndex=21,followerCommit=20
2021-10-17 01:38:00,161 [grpc-default-executor-7] INFO  leader.FollowerInfo (FollowerInfoImpl.java:lambda$new$0(46)) - omNode-3@group-523986131536->omNode-1: nextIndex: updateUnconditionally 31 -> 21
2021-10-17 01:38:00,662 [grpc-default-executor-7] INFO  server.RaftServer$Division (RaftServerImpl.java:checkInconsistentAppendEntries(1319)) - omNode-1@group-523986131536: Failed appendEntries as previous log entry ((t:5, i:30)) is not found
2021-10-17 01:38:00,671 [grpc-default-executor-7] INFO  server.RaftServer$Division (RaftServerImpl.java:checkInconsistentAppendEntries(1285)) - omNode-1@group-523986131536: inconsistency entries. Reply:omNode-3<-omNode-1#7367:FAIL-t5,INCONSISTENCY,nextIndex=21,followerCommit=20
2021-10-17 01:38:00,671 [grpc-default-executor-7] INFO  leader.FollowerInfo (FollowerInfoImpl.java:lambda$new$0(46)) - omNode-3@group-523986131536->omNode-1: nextIndex: updateUnconditionally 31 -> 21
2021-10-17 01:38:01,173 [grpc-default-executor-7] INFO  server.RaftServer$Division (RaftServerImpl.java:checkInconsistentAppendEntries(1319)) - omNode-1@group-523986131536: Failed appendEntries as previous log entry ((t:5, i:30)) is not found
2021-10-17 01:38:01,173 [grpc-default-executor-7] INFO  server.RaftServer$Division (RaftServerImpl.java:checkInconsistentAppendEntries(1285)) - omNode-1@group-523986131536: inconsistency entries. Reply:omNode-3<-omNode-1#7418:FAIL-t5,INCONSISTENCY,nextIndex=21,followerCommit=20
2021-10-17 01:38:01,173 [grpc-default-executor-7] INFO  leader.FollowerInfo (FollowerInfoImpl.java:lambda$new$0(46)) - omNode-3@group-523986131536->omNode-1: nextIndex: updateUnconditionally 31 -> 21
2021-10-17 01:38:01,674 [grpc-default-executor-7] INFO  server.RaftServer$Division (RaftServerImpl.java:checkInconsistentAppendEntries(1319)) - omNode-1@group-523986131536: Failed appendEntries as previous log entry ((t:5, i:30)) is not found
2021-10-17 01:38:01,675 [grpc-default-executor-7] INFO  server.RaftServer$Division (RaftServerImpl.java:checkInconsistentAppendEntries(1285)) - omNode-1@group-523986131536: inconsistency entries. Reply:omNode-3<-omNode-1#7469:FAIL-t5,INCONSISTENCY,nextIndex=21,followerCommit=20
2021-10-17 01:38:01,675 [grpc-default-executor-3] INFO  leader.FollowerInfo (FollowerInfoImpl.java:lambda$new$0(46)) - omNode-3@group-523986131536->omNode-1: nextIndex: updateUnconditionally 31 -> 21
2021-10-17 01:38:02,177 [grpc-default-executor-3] INFO  server.RaftServer$Division (RaftServerImpl.java:checkInconsistentAppendEntries(1319)) - omNode-1@group-523986131536: Failed appendEntries as previous log entry ((t:5, i:30)) is not found
2021-10-17 01:38:02,177 [grpc-default-executor-3] INFO  server.RaftServer$Division (RaftServerImpl.java:checkInconsistentAppendEntries(1285)) - omNode-1@group-523986131536: inconsistency entries. Reply:omNode-3<-omNode-1#7520:FAIL-t5,INCONSISTENCY,nextIndex=21,followerCommit=20
2021-10-17 01:38:02,177 [grpc-default-executor-3] INFO  leader.FollowerInfo (FollowerInfoImpl.java:lambda$new$0(46)) - omNode-3@group-523986131536->omNode-1: nextIndex: updateUnconditionally 31 -> 21
2021-10-17 01:38:02,679 [grpc-default-executor-3] INFO  server.RaftServer$Division (RaftServerImpl.java:checkInconsistentAppendEntries(1319)) - omNode-1@group-523986131536: Failed appendEntries as previous log entry ((t:5, i:30)) is not found
2021-10-17 01:38:02,679 [grpc-default-executor-3] INFO  server.RaftServer$Division (RaftServerImpl.java:checkInconsistentAppendEntries(1285)) - omNode-1@group-523986131536: inconsistency entries. Reply:omNode-3<-omNode-1#7571:FAIL-t5,INCONSISTENCY,nextIndex=21,followerCommit=20
2021-10-17 01:38:02,679 [grpc-default-executor-3] INFO  leader.FollowerInfo (FollowerInfoImpl.java:lambda$new$0(46)) - omNode-3@group-523986131536->omNode-1: nextIndex: updateUnconditionally 31 -> 21
2021-10-17 01:38:03,181 [grpc-default-executor-3] INFO  server.RaftServer$Division (RaftServerImpl.java:checkInconsistentAppendEntries(1319)) - omNode-1@group-523986131536: Failed appendEntries as previous log entry ((t:5, i:30)) is not found
2021-10-17 01:38:03,181 [grpc-default-executor-3] INFO  server.RaftServer$Division (RaftServerImpl.java:checkInconsistentAppendEntries(1285)) - omNode-1@group-523986131536: inconsistency entries. Reply:omNode-3<-omNode-1#7622:FAIL-t5,INCONSISTENCY,nextIndex=21,followerCommit=20
2021-10-17 01:38:03,181 [grpc-default-executor-3] INFO  leader.FollowerInfo (FollowerInfoImpl.java:lambda$new$0(46)) - omNode-3@group-523986131536->omNode-1: nextIndex: updateUnconditionally 31 -> 21
2021-10-17 01:38:03,683 [grpc-default-executor-6] INFO  server.RaftServer$Division (RaftServerImpl.java:checkInconsistentAppendEntries(1319)) - omNode-1@group-523986131536: Failed appendEntries as previous log entry ((t:5, i:30)) is not found
2021-10-17 01:38:03,683 [grpc-default-executor-6] INFO  server.RaftServer$Division (RaftServerImpl.java:checkInconsistentAppendEntries(1285)) - omNode-1@group-523986131536: inconsistency entries. Reply:omNode-3<-omNode-1#7673:FAIL-t5,INCONSISTENCY,nextIndex=21,followerCommit=20
2021-10-17 01:38:03,683 [grpc-default-executor-3] INFO  leader.FollowerInfo (FollowerInfoImpl.java:lambda$new$0(46)) - omNode-3@group-523986131536->omNode-1: nextIndex: updateUnconditionally 31 -> 21
2021-10-17 01:38:04,185 [grpc-default-executor-3] INFO  server.RaftServer$Division (RaftServerImpl.java:checkInconsistentAppendEntries(1319)) - omNode-1@group-523986131536: Failed appendEntries as previous log entry ((t:5, i:30)) is not found
2021-10-17 01:38:04,185 [grpc-default-executor-3] INFO  server.RaftServer$Division (RaftServerImpl.java:checkInconsistentAppendEntries(1285)) - omNode-1@group-523986131536: inconsistency entries. Reply:omNode-3<-omNode-1#7724:FAIL-t5,INCONSISTENCY,nextIndex=21,followerCommit=20
2021-10-17 01:38:04,186 [grpc-default-executor-6] INFO  leader.FollowerInfo (FollowerInfoImpl.java:lambda$new$0(46)) - omNode-3@group-523986131536->omNode-1: nextIndex: updateUnconditionally 31 -> 21
2021-10-17 01:38:04,687 [grpc-default-executor-3] INFO  server.RaftServer$Division (RaftServerImpl.java:checkInconsistentAppendEntries(1319)) - omNode-1@group-523986131536: Failed appendEntries as previous log entry ((t:5, i:30)) is not found
2021-10-17 01:38:04,687 [grpc-default-executor-3] INFO  server.RaftServer$Division (RaftServerImpl.java:checkInconsistentAppendEntries(1285)) - omNode-1@group-523986131536: inconsistency entries. Reply:omNode-3<-omNode-1#7775:FAIL-t5,INCONSISTENCY,nextIndex=21,followerCommit=20
2021-10-17 01:38:04,687 [grpc-default-executor-3] INFO  leader.FollowerInfo (FollowerInfoImpl.java:lambda$new$0(46)) - omNode-3@group-523986131536->omNode-1: nextIndex: updateUnconditionally 31 -> 21
2021-10-17 01:38:05,189 [grpc-default-executor-3] INFO  server.RaftServer$Division (RaftServerImpl.java:checkInconsistentAppendEntries(1319)) - omNode-1@group-523986131536: Failed appendEntries as previous log entry ((t:5, i:30)) is not found
2021-10-17 01:38:05,189 [grpc-default-executor-3] INFO  server.RaftServer$Division (RaftServerImpl.java:checkInconsistentAppendEntries(1285)) - omNode-1@group-523986131536: inconsistency entries. Reply:omNode-3<-omNode-1#7826:FAIL-t5,INCONSISTENCY,nextIndex=21,followerCommit=20
2021-10-17 01:38:05,190 [grpc-default-executor-6] INFO  leader.FollowerInfo (FollowerInfoImpl.java:lambda$new$0(46)) - omNode-3@group-523986131536->omNode-1: nextIndex: updateUnconditionally 31 -> 21
2021-10-17 01:38:05,691 [grpc-default-executor-3] INFO  server.RaftServer$Division (RaftServerImpl.java:checkInconsistentAppendEntries(1319)) - omNode-1@group-523986131536: Failed appendEntries as previous log entry ((t:5, i:30)) is not found
2021-10-17 01:38:05,691 [grpc-default-executor-3] INFO  server.RaftServer$Division (RaftServerImpl.java:checkInconsistentAppendEntries(1285)) - omNode-1@group-523986131536: inconsistency entries. Reply:omNode-3<-omNode-1#7877:FAIL-t5,INCONSISTENCY,nextIndex=21,followerCommit=20
2021-10-17 01:38:05,692 [grpc-default-executor-3] INFO  leader.FollowerInfo (FollowerInfoImpl.java:lambda$new$0(46)) - omNode-3@group-523986131536->omNode-1: nextIndex: updateUnconditionally 31 -> 21
2021-10-17 01:38:06,193 [grpc-default-executor-3] INFO  server.RaftServer$Division (RaftServerImpl.java:checkInconsistentAppendEntries(1319)) - omNode-1@group-523986131536: Failed appendEntries as previous log entry ((t:5, i:30)) is not found
2021-10-17 01:38:06,193 [grpc-default-executor-3] INFO  server.RaftServer$Division (RaftServerImpl.java:checkInconsistentAppendEntries(1285)) - omNode-1@group-523986131536: inconsistency entries. Reply:omNode-3<-omNode-1#7928:FAIL-t5,INCONSISTENCY,nextIndex=21,followerCommit=20
2021-10-17 01:38:06,194 [grpc-default-executor-3] INFO  leader.FollowerInfo (FollowerInfoImpl.java:lambda$new$0(46)) - omNode-3@group-523986131536->omNode-1: nextIndex: updateUnconditionally 31 -> 21
2021-10-17 01:38:06,695 [grpc-default-executor-3] INFO  server.RaftServer$Division (RaftServerImpl.java:checkInconsistentAppendEntries(1319)) - omNode-1@group-523986131536: Failed appendEntries as previous log entry ((t:5, i:30)) is not found
2021-10-17 01:38:06,695 [grpc-default-executor-3] INFO  server.RaftServer$Division (RaftServerImpl.java:checkInconsistentAppendEntries(1285)) - omNode-1@group-523986131536: inconsistency entries. Reply:omNode-3<-omNode-1#7979:FAIL-t5,INCONSISTENCY,nextIndex=21,followerCommit=20
2021-10-17 01:38:06,695 [grpc-default-executor-3] INFO  leader.FollowerInfo (FollowerInfoImpl.java:lambda$new$0(46)) - omNode-3@group-523986131536->omNode-1: nextIndex: updateUnconditionally 31 -> 21
2021-10-17 01:38:07,197 [grpc-default-executor-6] INFO  server.RaftServer$Division (RaftServerImpl.java:checkInconsistentAppendEntries(1319)) - omNode-1@group-523986131536: Failed appendEntries as previous log entry ((t:5, i:30)) is not found
2021-10-17 01:38:07,197 [grpc-default-executor-6] INFO  server.RaftServer$Division (RaftServerImpl.java:checkInconsistentAppendEntries(1285)) - omNode-1@group-523986131536: inconsistency entries. Reply:omNode-3<-omNode-1#8030:FAIL-t5,INCONSISTENCY,nextIndex=21,followerCommit=20
2021-10-17 01:38:07,197 [grpc-default-executor-6] INFO  leader.FollowerInfo (FollowerInfoImpl.java:lambda$new$0(46)) - omNode-3@group-523986131536->omNode-1: nextIndex: updateUnconditionally 31 -> 21
2021-10-17 01:38:07,699 [grpc-default-executor-6] INFO  server.RaftServer$Division (RaftServerImpl.java:checkInconsistentAppendEntries(1319)) - omNode-1@group-523986131536: Failed appendEntries as previous log entry ((t:5, i:30)) is not found
2021-10-17 01:38:07,699 [grpc-default-executor-6] INFO  server.RaftServer$Division (RaftServerImpl.java:checkInconsistentAppendEntries(1285)) - omNode-1@group-523986131536: inconsistency entries. Reply:omNode-3<-omNode-1#8081:FAIL-t5,INCONSISTENCY,nextIndex=21,followerCommit=20
2021-10-17 01:38:07,699 [grpc-default-executor-6] INFO  leader.FollowerInfo (FollowerInfoImpl.java:lambda$new$0(46)) - omNode-3@group-523986131536->omNode-1: nextIndex: updateUnconditionally 31 -> 21
2021-10-17 01:38:08,201 [grpc-default-executor-3] INFO  server.RaftServer$Division (RaftServerImpl.java:checkInconsistentAppendEntries(1319)) - omNode-1@group-523986131536: Failed appendEntries as previous log entry ((t:5, i:30)) is not found
2021-10-17 01:38:08,201 [grpc-default-executor-3] INFO  server.RaftServer$Division (RaftServerImpl.java:checkInconsistentAppendEntries(1285)) - omNode-1@group-523986131536: inconsistency entries. Reply:omNode-3<-omNode-1#8132:FAIL-t5,INCONSISTENCY,nextIndex=21,followerCommit=20
2021-10-17 01:38:08,201 [grpc-default-executor-3] INFO  leader.FollowerInfo (FollowerInfoImpl.java:lambda$new$0(46)) - omNode-3@group-523986131536->omNode-1: nextIndex: updateUnconditionally 31 -> 21
2021-10-17 01:38:08,702 [grpc-default-executor-3] INFO  server.RaftServer$Division (RaftServerImpl.java:checkInconsistentAppendEntries(1319)) - omNode-1@group-523986131536: Failed appendEntries as previous log entry ((t:5, i:30)) is not found
2021-10-17 01:38:08,702 [grpc-default-executor-3] INFO  server.RaftServer$Division (RaftServerImpl.java:checkInconsistentAppendEntries(1285)) - omNode-1@group-523986131536: inconsistency entries. Reply:omNode-3<-omNode-1#8183:FAIL-t5,INCONSISTENCY,nextIndex=21,followerCommit=20
2021-10-17 01:38:08,703 [grpc-default-executor-3] INFO  leader.FollowerInfo (FollowerInfoImpl.java:lambda$new$0(46)) - omNode-3@group-523986131536->omNode-1: nextIndex: updateUnconditionally 31 -> 21
2021-10-17 01:38:09,204 [grpc-default-executor-6] INFO  server.RaftServer$Division (RaftServerImpl.java:checkInconsistentAppendEntries(1319)) - omNode-1@group-523986131536: Failed appendEntries as previous log entry ((t:5, i:30)) is not found
2021-10-17 01:38:09,204 [grpc-default-executor-6] INFO  server.RaftServer$Division (RaftServerImpl.java:checkInconsistentAppendEntries(1285)) - omNode-1@group-523986131536: inconsistency entries. Reply:omNode-3<-omNode-1#8234:FAIL-t5,INCONSISTENCY,nextIndex=21,followerCommit=20
2021-10-17 01:38:09,205 [grpc-default-executor-6] INFO  leader.FollowerInfo (FollowerInfoImpl.java:lambda$new$0(46)) - omNode-3@group-523986131536->omNode-1: nextIndex: updateUnconditionally 31 -> 21
2021-10-17 01:38:09,706 [grpc-default-executor-6] INFO  server.RaftServer$Division (RaftServerImpl.java:checkInconsistentAppendEntries(1319)) - omNode-1@group-523986131536: Failed appendEntries as previous log entry ((t:5, i:30)) is not found
2021-10-17 01:38:09,706 [grpc-default-executor-6] INFO  server.RaftServer$Division (RaftServerImpl.java:checkInconsistentAppendEntries(1285)) - omNode-1@group-523986131536: inconsistency entries. Reply:omNode-3<-omNode-1#8285:FAIL-t5,INCONSISTENCY,nextIndex=21,followerCommit=20
2021-10-17 01:38:09,706 [grpc-default-executor-6] INFO  leader.FollowerInfo (FollowerInfoImpl.java:lambda$new$0(46)) - omNode-3@group-523986131536->omNode-1: nextIndex: updateUnconditionally 31 -> 21
2021-10-17 01:38:10,207 [grpc-default-executor-6] INFO  server.RaftServer$Division (RaftServerImpl.java:checkInconsistentAppendEntries(1319)) - omNode-1@group-523986131536: Failed appendEntries as previous log entry ((t:5, i:30)) is not found
2021-10-17 01:38:10,208 [grpc-default-executor-6] INFO  server.RaftServer$Division (RaftServerImpl.java:checkInconsistentAppendEntries(1285)) - omNode-1@group-523986131536: inconsistency entries. Reply:omNode-3<-omNode-1#8336:FAIL-t5,INCONSISTENCY,nextIndex=21,followerCommit=20
2021-10-17 01:38:10,208 [grpc-default-executor-6] INFO  leader.FollowerInfo (FollowerInfoImpl.java:lambda$new$0(46)) - omNode-3@group-523986131536->omNode-1: nextIndex: updateUnconditionally 31 -> 21
2021-10-17 01:38:10,709 [grpc-default-executor-6] INFO  server.RaftServer$Division (RaftServerImpl.java:checkInconsistentAppendEntries(1319)) - omNode-1@group-523986131536: Failed appendEntries as previous log entry ((t:5, i:30)) is not found
2021-10-17 01:38:10,709 [grpc-default-executor-6] INFO  server.RaftServer$Division (RaftServerImpl.java:checkInconsistentAppendEntries(1285)) - omNode-1@group-523986131536: inconsistency entries. Reply:omNode-3<-omNode-1#8387:FAIL-t5,INCONSISTENCY,nextIndex=21,followerCommit=20
2021-10-17 01:38:10,709 [grpc-default-executor-6] INFO  leader.FollowerInfo (FollowerInfoImpl.java:lambda$new$0(46)) - omNode-3@group-523986131536->omNode-1: nextIndex: updateUnconditionally 31 -> 21
2021-10-17 01:38:11,210 [grpc-default-executor-6] INFO  server.RaftServer$Division (RaftServerImpl.java:checkInconsistentAppendEntries(1319)) - omNode-1@group-523986131536: Failed appendEntries as previous log entry ((t:5, i:30)) is not found
2021-10-17 01:38:11,211 [grpc-default-executor-6] INFO  server.RaftServer$Division (RaftServerImpl.java:checkInconsistentAppendEntries(1285)) - omNode-1@group-523986131536: inconsistency entries. Reply:omNode-3<-omNode-1#8438:FAIL-t5,INCONSISTENCY,nextIndex=21,followerCommit=20
2021-10-17 01:38:11,211 [grpc-default-executor-6] INFO  leader.FollowerInfo (FollowerInfoImpl.java:lambda$new$0(46)) - omNode-3@group-523986131536->omNode-1: nextIndex: updateUnconditionally 31 -> 21
2021-10-17 01:38:11,712 [grpc-default-executor-6] INFO  server.RaftServer$Division (RaftServerImpl.java:checkInconsistentAppendEntries(1319)) - omNode-1@group-523986131536: Failed appendEntries as previous log entry ((t:5, i:30)) is not found
2021-10-17 01:38:11,712 [grpc-default-executor-6] INFO  server.RaftServer$Division (RaftServerImpl.java:checkInconsistentAppendEntries(1285)) - omNode-1@group-523986131536: inconsistency entries. Reply:omNode-3<-omNode-1#8489:FAIL-t5,INCONSISTENCY,nextIndex=21,followerCommit=20
2021-10-17 01:38:11,713 [grpc-default-executor-6] INFO  leader.FollowerInfo (FollowerInfoImpl.java:lambda$new$0(46)) - omNode-3@group-523986131536->omNode-1: nextIndex: updateUnconditionally 31 -> 21
2021-10-17 01:38:12,214 [grpc-default-executor-3] INFO  server.RaftServer$Division (RaftServerImpl.java:checkInconsistentAppendEntries(1319)) - omNode-1@group-523986131536: Failed appendEntries as previous log entry ((t:5, i:30)) is not found
2021-10-17 01:38:12,215 [grpc-default-executor-3] INFO  server.RaftServer$Division (RaftServerImpl.java:checkInconsistentAppendEntries(1285)) - omNode-1@group-523986131536: inconsistency entries. Reply:omNode-3<-omNode-1#8540:FAIL-t5,INCONSISTENCY,nextIndex=21,followerCommit=20
2021-10-17 01:38:12,215 [grpc-default-executor-3] INFO  leader.FollowerInfo (FollowerInfoImpl.java:lambda$new$0(46)) - omNode-3@group-523986131536->omNode-1: nextIndex: updateUnconditionally 31 -> 21
2021-10-17 01:38:12,716 [grpc-default-executor-3] INFO  server.RaftServer$Division (RaftServerImpl.java:checkInconsistentAppendEntries(1319)) - omNode-1@group-523986131536: Failed appendEntries as previous log entry ((t:5, i:30)) is not found
2021-10-17 01:38:12,717 [grpc-default-executor-3] INFO  server.RaftServer$Division (RaftServerImpl.java:checkInconsistentAppendEntries(1285)) - omNode-1@group-523986131536: inconsistency entries. Reply:omNode-3<-omNode-1#8591:FAIL-t5,INCONSISTENCY,nextIndex=21,followerCommit=20
2021-10-17 01:38:12,717 [grpc-default-executor-3] INFO  leader.FollowerInfo (FollowerInfoImpl.java:lambda$new$0(46)) - omNode-3@group-523986131536->omNode-1: nextIndex: updateUnconditionally 31 -> 21
2021-10-17 01:38:13,218 [grpc-default-executor-3] INFO  server.RaftServer$Division (RaftServerImpl.java:checkInconsistentAppendEntries(1319)) - omNode-1@group-523986131536: Failed appendEntries as previous log entry ((t:5, i:30)) is not found
2021-10-17 01:38:13,218 [grpc-default-executor-3] INFO  server.RaftServer$Division (RaftServerImpl.java:checkInconsistentAppendEntries(1285)) - omNode-1@group-523986131536: inconsistency entries. Reply:omNode-3<-omNode-1#8642:FAIL-t5,INCONSISTENCY,nextIndex=21,followerCommit=20
2021-10-17 01:38:13,218 [grpc-default-executor-3] INFO  leader.FollowerInfo (FollowerInfoImpl.java:lambda$new$0(46)) - omNode-3@group-523986131536->omNode-1: nextIndex: updateUnconditionally 31 -> 21
2021-10-17 01:38:13,719 [grpc-default-executor-6] INFO  server.RaftServer$Division (RaftServerImpl.java:checkInconsistentAppendEntries(1319)) - omNode-1@group-523986131536: Failed appendEntries as previous log entry ((t:5, i:30)) is not found
2021-10-17 01:38:13,719 [grpc-default-executor-6] INFO  server.RaftServer$Division (RaftServerImpl.java:checkInconsistentAppendEntries(1285)) - omNode-1@group-523986131536: inconsistency entries. Reply:omNode-3<-omNode-1#8693:FAIL-t5,INCONSISTENCY,nextIndex=21,followerCommit=20
2021-10-17 01:38:13,720 [grpc-default-executor-3] INFO  leader.FollowerInfo (FollowerInfoImpl.java:lambda$new$0(46)) - omNode-3@group-523986131536->omNode-1: nextIndex: updateUnconditionally 31 -> 21
2021-10-17 01:38:14,221 [grpc-default-executor-6] INFO  server.RaftServer$Division (RaftServerImpl.java:checkInconsistentAppendEntries(1319)) - omNode-1@group-523986131536: Failed appendEntries as previous log entry ((t:5, i:30)) is not found
2021-10-17 01:38:14,221 [grpc-default-executor-6] INFO  server.RaftServer$Division (RaftServerImpl.java:checkInconsistentAppendEntries(1285)) - omNode-1@group-523986131536: inconsistency entries. Reply:omNode-3<-omNode-1#8744:FAIL-t5,INCONSISTENCY,nextIndex=21,followerCommit=20
2021-10-17 01:38:14,222 [grpc-default-executor-6] INFO  leader.FollowerInfo (FollowerInfoImpl.java:lambda$new$0(46)) - omNode-3@group-523986131536->omNode-1: nextIndex: updateUnconditionally 31 -> 21
2021-10-17 01:38:14,723 [grpc-default-executor-6] INFO  server.RaftServer$Division (RaftServerImpl.java:checkInconsistentAppendEntries(1319)) - omNode-1@group-523986131536: Failed appendEntries as previous log entry ((t:5, i:30)) is not found
2021-10-17 01:38:14,724 [grpc-default-executor-6] INFO  server.RaftServer$Division (RaftServerImpl.java:checkInconsistentAppendEntries(1285)) - omNode-1@group-523986131536: inconsistency entries. Reply:omNode-3<-omNode-1#8795:FAIL-t5,INCONSISTENCY,nextIndex=21,followerCommit=20
2021-10-17 01:38:14,724 [grpc-default-executor-3] INFO  leader.FollowerInfo (FollowerInfoImpl.java:lambda$new$0(46)) - omNode-3@group-523986131536->omNode-1: nextIndex: updateUnconditionally 31 -> 21
2021-10-17 01:38:15,226 [grpc-default-executor-6] INFO  server.RaftServer$Division (RaftServerImpl.java:checkInconsistentAppendEntries(1319)) - omNode-1@group-523986131536: Failed appendEntries as previous log entry ((t:5, i:30)) is not found
2021-10-17 01:38:15,226 [grpc-default-executor-6] INFO  server.RaftServer$Division (RaftServerImpl.java:checkInconsistentAppendEntries(1285)) - omNode-1@group-523986131536: inconsistency entries. Reply:omNode-3<-omNode-1#8846:FAIL-t5,INCONSISTENCY,nextIndex=21,followerCommit=20
2021-10-17 01:38:15,226 [grpc-default-executor-3] INFO  leader.FollowerInfo (FollowerInfoImpl.java:lambda$new$0(46)) - omNode-3@group-523986131536->omNode-1: nextIndex: updateUnconditionally 31 -> 21
2021-10-17 01:38:15,727 [grpc-default-executor-3] INFO  server.RaftServer$Division (RaftServerImpl.java:checkInconsistentAppendEntries(1319)) - omNode-1@group-523986131536: Failed appendEntries as previous log entry ((t:5, i:30)) is not found
2021-10-17 01:38:15,728 [grpc-default-executor-3] INFO  server.RaftServer$Division (RaftServerImpl.java:checkInconsistentAppendEntries(1285)) - omNode-1@group-523986131536: inconsistency entries. Reply:omNode-3<-omNode-1#8897:FAIL-t5,INCONSISTENCY,nextIndex=21,followerCommit=20
2021-10-17 01:38:15,728 [grpc-default-executor-3] INFO  leader.FollowerInfo (FollowerInfoImpl.java:lambda$new$0(46)) - omNode-3@group-523986131536->omNode-1: nextIndex: updateUnconditionally 31 -> 21
2021-10-17 01:38:16,229 [grpc-default-executor-6] INFO  server.RaftServer$Division (RaftServerImpl.java:checkInconsistentAppendEntries(1319)) - omNode-1@group-523986131536: Failed appendEntries as previous log entry ((t:5, i:30)) is not found
2021-10-17 01:38:16,230 [grpc-default-executor-6] INFO  server.RaftServer$Division (RaftServerImpl.java:checkInconsistentAppendEntries(1285)) - omNode-1@group-523986131536: inconsistency entries. Reply:omNode-3<-omNode-1#8948:FAIL-t5,INCONSISTENCY,nextIndex=21,followerCommit=20
2021-10-17 01:38:16,230 [grpc-default-executor-3] INFO  leader.FollowerInfo (FollowerInfoImpl.java:lambda$new$0(46)) - omNode-3@group-523986131536->omNode-1: nextIndex: updateUnconditionally 31 -> 21
2021-10-17 01:38:16,732 [grpc-default-executor-6] INFO  server.RaftServer$Division (RaftServerImpl.java:checkInconsistentAppendEntries(1319)) - omNode-1@group-523986131536: Failed appendEntries as previous log entry ((t:5, i:30)) is not found
2021-10-17 01:38:16,732 [grpc-default-executor-6] INFO  server.RaftServer$Division (RaftServerImpl.java:checkInconsistentAppendEntries(1285)) - omNode-1@group-523986131536: inconsistency entries. Reply:omNode-3<-omNode-1#8999:FAIL-t5,INCONSISTENCY,nextIndex=21,followerCommit=20
2021-10-17 01:38:16,732 [grpc-default-executor-6] INFO  leader.FollowerInfo (FollowerInfoImpl.java:lambda$new$0(46)) - omNode-3@group-523986131536->omNode-1: nextIndex: updateUnconditionally 31 -> 21
2021-10-17 01:38:17,233 [grpc-default-executor-6] INFO  server.RaftServer$Division (RaftServerImpl.java:checkInconsistentAppendEntries(1319)) - omNode-1@group-523986131536: Failed appendEntries as previous log entry ((t:5, i:30)) is not found
2021-10-17 01:38:17,233 [grpc-default-executor-6] INFO  server.RaftServer$Division (RaftServerImpl.java:checkInconsistentAppendEntries(1285)) - omNode-1@group-523986131536: inconsistency entries. Reply:omNode-3<-omNode-1#9050:FAIL-t5,INCONSISTENCY,nextIndex=21,followerCommit=20
2021-10-17 01:38:17,234 [grpc-default-executor-6] INFO  leader.FollowerInfo (FollowerInfoImpl.java:lambda$new$0(46)) - omNode-3@group-523986131536->omNode-1: nextIndex: updateUnconditionally 31 -> 21
2021-10-17 01:38:17,735 [grpc-default-executor-3] INFO  server.RaftServer$Division (RaftServerImpl.java:checkInconsistentAppendEntries(1319)) - omNode-1@group-523986131536: Failed appendEntries as previous log entry ((t:5, i:30)) is not found
2021-10-17 01:38:17,735 [grpc-default-executor-3] INFO  server.RaftServer$Division (RaftServerImpl.java:checkInconsistentAppendEntries(1285)) - omNode-1@group-523986131536: inconsistency entries. Reply:omNode-3<-omNode-1#9101:FAIL-t5,INCONSISTENCY,nextIndex=21,followerCommit=20
2021-10-17 01:38:17,736 [grpc-default-executor-3] INFO  leader.FollowerInfo (FollowerInfoImpl.java:lambda$new$0(46)) - omNode-3@group-523986131536->omNode-1: nextIndex: updateUnconditionally 31 -> 21
2021-10-17 01:38:18,238 [grpc-default-executor-3] INFO  server.RaftServer$Division (RaftServerImpl.java:checkInconsistentAppendEntries(1319)) - omNode-1@group-523986131536: Failed appendEntries as previous log entry ((t:5, i:30)) is not found
2021-10-17 01:38:18,238 [grpc-default-executor-3] INFO  server.RaftServer$Division (RaftServerImpl.java:checkInconsistentAppendEntries(1285)) - omNode-1@group-523986131536: inconsistency entries. Reply:omNode-3<-omNode-1#9152:FAIL-t5,INCONSISTENCY,nextIndex=21,followerCommit=20
2021-10-17 01:38:18,239 [grpc-default-executor-3] INFO  leader.FollowerInfo (FollowerInfoImpl.java:lambda$new$0(46)) - omNode-3@group-523986131536->omNode-1: nextIndex: updateUnconditionally 31 -> 21
2021-10-17 01:38:18,741 [grpc-default-executor-6] INFO  server.RaftServer$Division (RaftServerImpl.java:checkInconsistentAppendEntries(1319)) - omNode-1@group-523986131536: Failed appendEntries as previous log entry ((t:5, i:30)) is not found
2021-10-17 01:38:18,741 [grpc-default-executor-6] INFO  server.RaftServer$Division (RaftServerImpl.java:checkInconsistentAppendEntries(1285)) - omNode-1@group-523986131536: inconsistency entries. Reply:omNode-3<-omNode-1#9203:FAIL-t5,INCONSISTENCY,nextIndex=21,followerCommit=20
2021-10-17 01:38:18,741 [grpc-default-executor-6] INFO  leader.FollowerInfo (FollowerInfoImpl.java:lambda$new$0(46)) - omNode-3@group-523986131536->omNode-1: nextIndex: updateUnconditionally 31 -> 21
2021-10-17 01:38:19,243 [grpc-default-executor-6] INFO  server.RaftServer$Division (RaftServerImpl.java:checkInconsistentAppendEntries(1319)) - omNode-1@group-523986131536: Failed appendEntries as previous log entry ((t:5, i:30)) is not found
2021-10-17 01:38:19,243 [grpc-default-executor-6] INFO  server.RaftServer$Division (RaftServerImpl.java:checkInconsistentAppendEntries(1285)) - omNode-1@group-523986131536: inconsistency entries. Reply:omNode-3<-omNode-1#9254:FAIL-t5,INCONSISTENCY,nextIndex=21,followerCommit=20
2021-10-17 01:38:19,244 [grpc-default-executor-6] INFO  leader.FollowerInfo (FollowerInfoImpl.java:lambda$new$0(46)) - omNode-3@group-523986131536->omNode-1: nextIndex: updateUnconditionally 31 -> 21
2021-10-17 01:38:19,745 [grpc-default-executor-3] INFO  server.RaftServer$Division (RaftServerImpl.java:checkInconsistentAppendEntries(1319)) - omNode-1@group-523986131536: Failed appendEntries as previous log entry ((t:5, i:30)) is not found
2021-10-17 01:38:19,745 [grpc-default-executor-3] INFO  server.RaftServer$Division (RaftServerImpl.java:checkInconsistentAppendEntries(1285)) - omNode-1@group-523986131536: inconsistency entries. Reply:omNode-3<-omNode-1#9305:FAIL-t5,INCONSISTENCY,nextIndex=21,followerCommit=20
2021-10-17 01:38:19,745 [grpc-default-executor-3] INFO  leader.FollowerInfo (FollowerInfoImpl.java:lambda$new$0(46)) - omNode-3@group-523986131536->omNode-1: nextIndex: updateUnconditionally 31 -> 21
2021-10-17 01:38:20,246 [grpc-default-executor-3] INFO  server.RaftServer$Division (RaftServerImpl.java:checkInconsistentAppendEntries(1319)) - omNode-1@group-523986131536: Failed appendEntries as previous log entry ((t:5, i:30)) is not found
2021-10-17 01:38:20,247 [grpc-default-executor-3] INFO  server.RaftServer$Division (RaftServerImpl.java:checkInconsistentAppendEntries(1285)) - omNode-1@group-523986131536: inconsistency entries. Reply:omNode-3<-omNode-1#9356:FAIL-t5,INCONSISTENCY,nextIndex=21,followerCommit=20
2021-10-17 01:38:20,247 [grpc-default-executor-3] INFO  leader.FollowerInfo (FollowerInfoImpl.java:lambda$new$0(46)) - omNode-3@group-523986131536->omNode-1: nextIndex: updateUnconditionally 31 -> 21
2021-10-17 01:38:20,748 [grpc-default-executor-6] INFO  server.RaftServer$Division (RaftServerImpl.java:checkInconsistentAppendEntries(1319)) - omNode-1@group-523986131536: Failed appendEntries as previous log entry ((t:5, i:30)) is not found
2021-10-17 01:38:20,748 [grpc-default-executor-6] INFO  server.RaftServer$Division (RaftServerImpl.java:checkInconsistentAppendEntries(1285)) - omNode-1@group-523986131536: inconsistency entries. Reply:omNode-3<-omNode-1#9407:FAIL-t5,INCONSISTENCY,nextIndex=21,followerCommit=20
2021-10-17 01:38:20,748 [grpc-default-executor-3] INFO  leader.FollowerInfo (FollowerInfoImpl.java:lambda$new$0(46)) - omNode-3@group-523986131536->omNode-1: nextIndex: updateUnconditionally 31 -> 21
2021-10-17 01:38:21,250 [grpc-default-executor-7] INFO  server.RaftServer$Division (RaftServerImpl.java:checkInconsistentAppendEntries(1319)) - omNode-1@group-523986131536: Failed appendEntries as previous log entry ((t:5, i:30)) is not found
2021-10-17 01:38:21,250 [grpc-default-executor-7] INFO  server.RaftServer$Division (RaftServerImpl.java:checkInconsistentAppendEntries(1285)) - omNode-1@group-523986131536: inconsistency entries. Reply:omNode-3<-omNode-1#9458:FAIL-t5,INCONSISTENCY,nextIndex=21,followerCommit=20
2021-10-17 01:38:21,250 [grpc-default-executor-7] INFO  leader.FollowerInfo (FollowerInfoImpl.java:lambda$new$0(46)) - omNode-3@group-523986131536->omNode-1: nextIndex: updateUnconditionally 31 -> 21
2021-10-17 01:38:21,752 [grpc-default-executor-7] INFO  server.RaftServer$Division (RaftServerImpl.java:checkInconsistentAppendEntries(1319)) - omNode-1@group-523986131536: Failed appendEntries as previous log entry ((t:5, i:30)) is not found
2021-10-17 01:38:21,752 [grpc-default-executor-7] INFO  server.RaftServer$Division (RaftServerImpl.java:checkInconsistentAppendEntries(1285)) - omNode-1@group-523986131536: inconsistency entries. Reply:omNode-3<-omNode-1#9509:FAIL-t5,INCONSISTENCY,nextIndex=21,followerCommit=20
2021-10-17 01:38:21,752 [grpc-default-executor-7] INFO  leader.FollowerInfo (FollowerInfoImpl.java:lambda$new$0(46)) - omNode-3@group-523986131536->omNode-1: nextIndex: updateUnconditionally 31 -> 21
2021-10-17 01:38:22,254 [grpc-default-executor-7] INFO  server.RaftServer$Division (RaftServerImpl.java:checkInconsistentAppendEntries(1319)) - omNode-1@group-523986131536: Failed appendEntries as previous log entry ((t:5, i:30)) is not found
2021-10-17 01:38:22,254 [grpc-default-executor-7] INFO  server.RaftServer$Division (RaftServerImpl.java:checkInconsistentAppendEntries(1285)) - omNode-1@group-523986131536: inconsistency entries. Reply:omNode-3<-omNode-1#9560:FAIL-t5,INCONSISTENCY,nextIndex=21,followerCommit=20
2021-10-17 01:38:22,254 [grpc-default-executor-7] INFO  leader.FollowerInfo (FollowerInfoImpl.java:lambda$new$0(46)) - omNode-3@group-523986131536->omNode-1: nextIndex: updateUnconditionally 31 -> 21
2021-10-17 01:38:22,756 [grpc-default-executor-7] INFO  server.RaftServer$Division (RaftServerImpl.java:checkInconsistentAppendEntries(1319)) - omNode-1@group-523986131536: Failed appendEntries as previous log entry ((t:5, i:30)) is not found
2021-10-17 01:38:22,756 [grpc-default-executor-7] INFO  server.RaftServer$Division (RaftServerImpl.java:checkInconsistentAppendEntries(1285)) - omNode-1@group-523986131536: inconsistency entries. Reply:omNode-3<-omNode-1#9611:FAIL-t5,INCONSISTENCY,nextIndex=21,followerCommit=20
2021-10-17 01:38:22,756 [grpc-default-executor-7] INFO  leader.FollowerInfo (FollowerInfoImpl.java:lambda$new$0(46)) - omNode-3@group-523986131536->omNode-1: nextIndex: updateUnconditionally 31 -> 21
2021-10-17 01:38:23,258 [grpc-default-executor-7] INFO  server.RaftServer$Division (RaftServerImpl.java:checkInconsistentAppendEntries(1319)) - omNode-1@group-523986131536: Failed appendEntries as previous log entry ((t:5, i:30)) is not found
2021-10-17 01:38:23,258 [grpc-default-executor-7] INFO  server.RaftServer$Division (RaftServerImpl.java:checkInconsistentAppendEntries(1285)) - omNode-1@group-523986131536: inconsistency entries. Reply:omNode-3<-omNode-1#9662:FAIL-t5,INCONSISTENCY,nextIndex=21,followerCommit=20
2021-10-17 01:38:23,258 [grpc-default-executor-7] INFO  leader.FollowerInfo (FollowerInfoImpl.java:lambda$new$0(46)) - omNode-3@group-523986131536->omNode-1: nextIndex: updateUnconditionally 31 -> 21
2021-10-17 01:38:23,760 [grpc-default-executor-7] INFO  server.RaftServer$Division (RaftServerImpl.java:checkInconsistentAppendEntries(1319)) - omNode-1@group-523986131536: Failed appendEntries as previous log entry ((t:5, i:30)) is not found
2021-10-17 01:38:23,760 [grpc-default-executor-7] INFO  server.RaftServer$Division (RaftServerImpl.java:checkInconsistentAppendEntries(1285)) - omNode-1@group-523986131536: inconsistency entries. Reply:omNode-3<-omNode-1#9713:FAIL-t5,INCONSISTENCY,nextIndex=21,followerCommit=20
2021-10-17 01:38:23,760 [grpc-default-executor-7] INFO  leader.FollowerInfo (FollowerInfoImpl.java:lambda$new$0(46)) - omNode-3@group-523986131536->omNode-1: nextIndex: updateUnconditionally 31 -> 21
2021-10-17 01:38:24,261 [grpc-default-executor-7] INFO  server.RaftServer$Division (RaftServerImpl.java:checkInconsistentAppendEntries(1319)) - omNode-1@group-523986131536: Failed appendEntries as previous log entry ((t:5, i:30)) is not found
2021-10-17 01:38:24,262 [grpc-default-executor-7] INFO  server.RaftServer$Division (RaftServerImpl.java:checkInconsistentAppendEntries(1285)) - omNode-1@group-523986131536: inconsistency entries. Reply:omNode-3<-omNode-1#9764:FAIL-t5,INCONSISTENCY,nextIndex=21,followerCommit=20
2021-10-17 01:38:24,262 [grpc-default-executor-7] INFO  leader.FollowerInfo (FollowerInfoImpl.java:lambda$new$0(46)) - omNode-3@group-523986131536->omNode-1: nextIndex: updateUnconditionally 31 -> 21
2021-10-17 01:38:24,765 [grpc-default-executor-7] INFO  server.RaftServer$Division (RaftServerImpl.java:checkInconsistentAppendEntries(1319)) - omNode-1@group-523986131536: Failed appendEntries as previous log entry ((t:5, i:30)) is not found
2021-10-17 01:38:24,766 [grpc-default-executor-7] INFO  server.RaftServer$Division (RaftServerImpl.java:checkInconsistentAppendEntries(1285)) - omNode-1@group-523986131536: inconsistency entries. Reply:omNode-3<-omNode-1#9815:FAIL-t5,INCONSISTENCY,nextIndex=21,followerCommit=20
2021-10-17 01:38:24,766 [grpc-default-executor-7] INFO  leader.FollowerInfo (FollowerInfoImpl.java:lambda$new$0(46)) - omNode-3@group-523986131536->omNode-1: nextIndex: updateUnconditionally 31 -> 21
2021-10-17 01:38:25,268 [grpc-default-executor-7] INFO  server.RaftServer$Division (RaftServerImpl.java:checkInconsistentAppendEntries(1319)) - omNode-1@group-523986131536: Failed appendEntries as previous log entry ((t:5, i:30)) is not found
2021-10-17 01:38:25,268 [grpc-default-executor-7] INFO  server.RaftServer$Division (RaftServerImpl.java:checkInconsistentAppendEntries(1285)) - omNode-1@group-523986131536: inconsistency entries. Reply:omNode-3<-omNode-1#9866:FAIL-t5,INCONSISTENCY,nextIndex=21,followerCommit=20
2021-10-17 01:38:25,268 [grpc-default-executor-7] INFO  leader.FollowerInfo (FollowerInfoImpl.java:lambda$new$0(46)) - omNode-3@group-523986131536->omNode-1: nextIndex: updateUnconditionally 31 -> 21
2021-10-17 01:38:25,769 [grpc-default-executor-7] INFO  server.RaftServer$Division (RaftServerImpl.java:checkInconsistentAppendEntries(1319)) - omNode-1@group-523986131536: Failed appendEntries as previous log entry ((t:5, i:30)) is not found
2021-10-17 01:38:25,769 [grpc-default-executor-7] INFO  server.RaftServer$Division (RaftServerImpl.java:checkInconsistentAppendEntries(1285)) - omNode-1@group-523986131536: inconsistency entries. Reply:omNode-3<-omNode-1#9917:FAIL-t5,INCONSISTENCY,nextIndex=21,followerCommit=20
2021-10-17 01:38:25,769 [grpc-default-executor-7] INFO  leader.FollowerInfo (FollowerInfoImpl.java:lambda$new$0(46)) - omNode-3@group-523986131536->omNode-1: nextIndex: updateUnconditionally 31 -> 21
2021-10-17 01:38:26,271 [grpc-default-executor-3] INFO  server.RaftServer$Division (RaftServerImpl.java:checkInconsistentAppendEntries(1319)) - omNode-1@group-523986131536: Failed appendEntries as previous log entry ((t:5, i:30)) is not found
2021-10-17 01:38:26,271 [grpc-default-executor-3] INFO  server.RaftServer$Division (RaftServerImpl.java:checkInconsistentAppendEntries(1285)) - omNode-1@group-523986131536: inconsistency entries. Reply:omNode-3<-omNode-1#9968:FAIL-t5,INCONSISTENCY,nextIndex=21,followerCommit=20
2021-10-17 01:38:26,271 [grpc-default-executor-3] INFO  leader.FollowerInfo (FollowerInfoImpl.java:lambda$new$0(46)) - omNode-3@group-523986131536->omNode-1: nextIndex: updateUnconditionally 31 -> 21
2021-10-17 01:38:26,773 [grpc-default-executor-3] INFO  server.RaftServer$Division (RaftServerImpl.java:checkInconsistentAppendEntries(1319)) - omNode-1@group-523986131536: Failed appendEntries as previous log entry ((t:5, i:30)) is not found
2021-10-17 01:38:26,773 [grpc-default-executor-3] INFO  server.RaftServer$Division (RaftServerImpl.java:checkInconsistentAppendEntries(1285)) - omNode-1@group-523986131536: inconsistency entries. Reply:omNode-3<-omNode-1#10019:FAIL-t5,INCONSISTENCY,nextIndex=21,followerCommit=20
2021-10-17 01:38:26,774 [grpc-default-executor-3] INFO  leader.FollowerInfo (FollowerInfoImpl.java:lambda$new$0(46)) - omNode-3@group-523986131536->omNode-1: nextIndex: updateUnconditionally 31 -> 21
2021-10-17 01:38:27,274 [grpc-default-executor-3] INFO  server.RaftServer$Division (RaftServerImpl.java:checkInconsistentAppendEntries(1319)) - omNode-1@group-523986131536: Failed appendEntries as previous log entry ((t:5, i:30)) is not found
2021-10-17 01:38:27,275 [grpc-default-executor-3] INFO  server.RaftServer$Division (RaftServerImpl.java:checkInconsistentAppendEntries(1285)) - omNode-1@group-523986131536: inconsistency entries. Reply:omNode-3<-omNode-1#10070:FAIL-t5,INCONSISTENCY,nextIndex=21,followerCommit=20
2021-10-17 01:38:27,275 [grpc-default-executor-3] INFO  leader.FollowerInfo (FollowerInfoImpl.java:lambda$new$0(46)) - omNode-3@group-523986131536->omNode-1: nextIndex: updateUnconditionally 31 -> 21
2021-10-17 01:38:27,776 [grpc-default-executor-3] INFO  server.RaftServer$Division (RaftServerImpl.java:checkInconsistentAppendEntries(1319)) - omNode-1@group-523986131536: Failed appendEntries as previous log entry ((t:5, i:30)) is not found
2021-10-17 01:38:27,776 [grpc-default-executor-3] INFO  server.RaftServer$Division (RaftServerImpl.java:checkInconsistentAppendEntries(1285)) - omNode-1@group-523986131536: inconsistency entries. Reply:omNode-3<-omNode-1#10121:FAIL-t5,INCONSISTENCY,nextIndex=21,followerCommit=20
2021-10-17 01:38:27,776 [grpc-default-executor-3] INFO  leader.FollowerInfo (FollowerInfoImpl.java:lambda$new$0(46)) - omNode-3@group-523986131536->omNode-1: nextIndex: updateUnconditionally 31 -> 21
2021-10-17 01:38:28,277 [grpc-default-executor-3] INFO  server.RaftServer$Division (RaftServerImpl.java:checkInconsistentAppendEntries(1319)) - omNode-1@group-523986131536: Failed appendEntries as previous log entry ((t:5, i:30)) is not found
2021-10-17 01:38:28,277 [grpc-default-executor-3] INFO  server.RaftServer$Division (RaftServerImpl.java:checkInconsistentAppendEntries(1285)) - omNode-1@group-523986131536: inconsistency entries. Reply:omNode-3<-omNode-1#10172:FAIL-t5,INCONSISTENCY,nextIndex=21,followerCommit=20
2021-10-17 01:38:28,278 [grpc-default-executor-3] INFO  leader.FollowerInfo (FollowerInfoImpl.java:lambda$new$0(46)) - omNode-3@group-523986131536->omNode-1: nextIndex: updateUnconditionally 31 -> 21
2021-10-17 01:38:28,779 [grpc-default-executor-7] INFO  server.RaftServer$Division (RaftServerImpl.java:checkInconsistentAppendEntries(1319)) - omNode-1@group-523986131536: Failed appendEntries as previous log entry ((t:5, i:30)) is not found
2021-10-17 01:38:28,779 [grpc-default-executor-7] INFO  server.RaftServer$Division (RaftServerImpl.java:checkInconsistentAppendEntries(1285)) - omNode-1@group-523986131536: inconsistency entries. Reply:omNode-3<-omNode-1#10223:FAIL-t5,INCONSISTENCY,nextIndex=21,followerCommit=20
2021-10-17 01:38:28,779 [grpc-default-executor-7] INFO  leader.FollowerInfo (FollowerInfoImpl.java:lambda$new$0(46)) - omNode-3@group-523986131536->omNode-1: nextIndex: updateUnconditionally 31 -> 21
2021-10-17 01:38:29,281 [grpc-default-executor-7] INFO  server.RaftServer$Division (RaftServerImpl.java:checkInconsistentAppendEntries(1319)) - omNode-1@group-523986131536: Failed appendEntries as previous log entry ((t:5, i:30)) is not found
2021-10-17 01:38:29,281 [grpc-default-executor-7] INFO  server.RaftServer$Division (RaftServerImpl.java:checkInconsistentAppendEntries(1285)) - omNode-1@group-523986131536: inconsistency entries. Reply:omNode-3<-omNode-1#10274:FAIL-t5,INCONSISTENCY,nextIndex=21,followerCommit=20
2021-10-17 01:38:29,281 [grpc-default-executor-7] INFO  leader.FollowerInfo (FollowerInfoImpl.java:lambda$new$0(46)) - omNode-3@group-523986131536->omNode-1: nextIndex: updateUnconditionally 31 -> 21
2021-10-17 01:38:29,782 [grpc-default-executor-7] INFO  server.RaftServer$Division (RaftServerImpl.java:checkInconsistentAppendEntries(1319)) - omNode-1@group-523986131536: Failed appendEntries as previous log entry ((t:5, i:30)) is not found
2021-10-17 01:38:29,782 [grpc-default-executor-7] INFO  server.RaftServer$Division (RaftServerImpl.java:checkInconsistentAppendEntries(1285)) - omNode-1@group-523986131536: inconsistency entries. Reply:omNode-3<-omNode-1#10325:FAIL-t5,INCONSISTENCY,nextIndex=21,followerCommit=20
2021-10-17 01:38:29,783 [grpc-default-executor-7] INFO  leader.FollowerInfo (FollowerInfoImpl.java:lambda$new$0(46)) - omNode-3@group-523986131536->omNode-1: nextIndex: updateUnconditionally 31 -> 21
2021-10-17 01:38:30,284 [grpc-default-executor-7] INFO  server.RaftServer$Division (RaftServerImpl.java:checkInconsistentAppendEntries(1319)) - omNode-1@group-523986131536: Failed appendEntries as previous log entry ((t:5, i:30)) is not found
2021-10-17 01:38:30,284 [grpc-default-executor-7] INFO  server.RaftServer$Division (RaftServerImpl.java:checkInconsistentAppendEntries(1285)) - omNode-1@group-523986131536: inconsistency entries. Reply:omNode-3<-omNode-1#10376:FAIL-t5,INCONSISTENCY,nextIndex=21,followerCommit=20
2021-10-17 01:38:30,284 [grpc-default-executor-7] INFO  leader.FollowerInfo (FollowerInfoImpl.java:lambda$new$0(46)) - omNode-3@group-523986131536->omNode-1: nextIndex: updateUnconditionally 31 -> 21
2021-10-17 01:38:30,785 [grpc-default-executor-7] INFO  server.RaftServer$Division (RaftServerImpl.java:checkInconsistentAppendEntries(1319)) - omNode-1@group-523986131536: Failed appendEntries as previous log entry ((t:5, i:30)) is not found
2021-10-17 01:38:30,786 [grpc-default-executor-7] INFO  server.RaftServer$Division (RaftServerImpl.java:checkInconsistentAppendEntries(1285)) - omNode-1@group-523986131536: inconsistency entries. Reply:omNode-3<-omNode-1#10427:FAIL-t5,INCONSISTENCY,nextIndex=21,followerCommit=20
2021-10-17 01:38:30,786 [grpc-default-executor-7] INFO  leader.FollowerInfo (FollowerInfoImpl.java:lambda$new$0(46)) - omNode-3@group-523986131536->omNode-1: nextIndex: updateUnconditionally 31 -> 21
2021-10-17 01:38:31,287 [grpc-default-executor-7] INFO  server.RaftServer$Division (RaftServerImpl.java:checkInconsistentAppendEntries(1319)) - omNode-1@group-523986131536: Failed appendEntries as previous log entry ((t:5, i:30)) is not found
2021-10-17 01:38:31,287 [grpc-default-executor-7] INFO  server.RaftServer$Division (RaftServerImpl.java:checkInconsistentAppendEntries(1285)) - omNode-1@group-523986131536: inconsistency entries. Reply:omNode-3<-omNode-1#10478:FAIL-t5,INCONSISTENCY,nextIndex=21,followerCommit=20
2021-10-17 01:38:31,287 [grpc-default-executor-7] INFO  leader.FollowerInfo (FollowerInfoImpl.java:lambda$new$0(46)) - omNode-3@group-523986131536->omNode-1: nextIndex: updateUnconditionally 31 -> 21
2021-10-17 01:38:31,789 [grpc-default-executor-7] INFO  server.RaftServer$Division (RaftServerImpl.java:checkInconsistentAppendEntries(1319)) - omNode-1@group-523986131536: Failed appendEntries as previous log entry ((t:5, i:30)) is not found
2021-10-17 01:38:31,789 [grpc-default-executor-7] INFO  server.RaftServer$Division (RaftServerImpl.java:checkInconsistentAppendEntries(1285)) - omNode-1@group-523986131536: inconsistency entries. Reply:omNode-3<-omNode-1#10529:FAIL-t5,INCONSISTENCY,nextIndex=21,followerCommit=20
2021-10-17 01:38:31,789 [grpc-default-executor-7] INFO  leader.FollowerInfo (FollowerInfoImpl.java:lambda$new$0(46)) - omNode-3@group-523986131536->omNode-1: nextIndex: updateUnconditionally 31 -> 21
2021-10-17 01:38:32,290 [grpc-default-executor-7] INFO  server.RaftServer$Division (RaftServerImpl.java:checkInconsistentAppendEntries(1319)) - omNode-1@group-523986131536: Failed appendEntries as previous log entry ((t:5, i:30)) is not found
2021-10-17 01:38:32,291 [grpc-default-executor-7] INFO  server.RaftServer$Division (RaftServerImpl.java:checkInconsistentAppendEntries(1285)) - omNode-1@group-523986131536: inconsistency entries. Reply:omNode-3<-omNode-1#10580:FAIL-t5,INCONSISTENCY,nextIndex=21,followerCommit=20
2021-10-17 01:38:32,291 [grpc-default-executor-7] INFO  leader.FollowerInfo (FollowerInfoImpl.java:lambda$new$0(46)) - omNode-3@group-523986131536->omNode-1: nextIndex: updateUnconditionally 31 -> 21
2021-10-17 01:38:32,792 [grpc-default-executor-7] INFO  server.RaftServer$Division (RaftServerImpl.java:checkInconsistentAppendEntries(1319)) - omNode-1@group-523986131536: Failed appendEntries as previous log entry ((t:5, i:30)) is not found
2021-10-17 01:38:32,792 [grpc-default-executor-7] INFO  server.RaftServer$Division (RaftServerImpl.java:checkInconsistentAppendEntries(1285)) - omNode-1@group-523986131536: inconsistency entries. Reply:omNode-3<-omNode-1#10631:FAIL-t5,INCONSISTENCY,nextIndex=21,followerCommit=20
2021-10-17 01:38:32,793 [grpc-default-executor-7] INFO  leader.FollowerInfo (FollowerInfoImpl.java:lambda$new$0(46)) - omNode-3@group-523986131536->omNode-1: nextIndex: updateUnconditionally 31 -> 21
2021-10-17 01:38:33,294 [grpc-default-executor-7] INFO  server.RaftServer$Division (RaftServerImpl.java:checkInconsistentAppendEntries(1319)) - omNode-1@group-523986131536: Failed appendEntries as previous log entry ((t:5, i:30)) is not found
2021-10-17 01:38:33,294 [grpc-default-executor-7] INFO  server.RaftServer$Division (RaftServerImpl.java:checkInconsistentAppendEntries(1285)) - omNode-1@group-523986131536: inconsistency entries. Reply:omNode-3<-omNode-1#10682:FAIL-t5,INCONSISTENCY,nextIndex=21,followerCommit=20
2021-10-17 01:38:33,294 [grpc-default-executor-7] INFO  leader.FollowerInfo (FollowerInfoImpl.java:lambda$new$0(46)) - omNode-3@group-523986131536->omNode-1: nextIndex: updateUnconditionally 31 -> 21
2021-10-17 01:38:33,796 [grpc-default-executor-3] INFO  server.RaftServer$Division (RaftServerImpl.java:checkInconsistentAppendEntries(1319)) - omNode-1@group-523986131536: Failed appendEntries as previous log entry ((t:5, i:30)) is not found
2021-10-17 01:38:33,796 [grpc-default-executor-3] INFO  server.RaftServer$Division (RaftServerImpl.java:checkInconsistentAppendEntries(1285)) - omNode-1@group-523986131536: inconsistency entries. Reply:omNode-3<-omNode-1#10733:FAIL-t5,INCONSISTENCY,nextIndex=21,followerCommit=20
2021-10-17 01:38:33,796 [grpc-default-executor-3] INFO  leader.FollowerInfo (FollowerInfoImpl.java:lambda$new$0(46)) - omNode-3@group-523986131536->omNode-1: nextIndex: updateUnconditionally 31 -> 21
2021-10-17 01:38:34,297 [grpc-default-executor-3] INFO  server.RaftServer$Division (RaftServerImpl.java:checkInconsistentAppendEntries(1319)) - omNode-1@group-523986131536: Failed appendEntries as previous log entry ((t:5, i:30)) is not found
2021-10-17 01:38:34,297 [grpc-default-executor-3] INFO  server.RaftServer$Division (RaftServerImpl.java:checkInconsistentAppendEntries(1285)) - omNode-1@group-523986131536: inconsistency entries. Reply:omNode-3<-omNode-1#10784:FAIL-t5,INCONSISTENCY,nextIndex=21,followerCommit=20
2021-10-17 01:38:34,297 [grpc-default-executor-3] INFO  leader.FollowerInfo (FollowerInfoImpl.java:lambda$new$0(46)) - omNode-3@group-523986131536->omNode-1: nextIndex: updateUnconditionally 31 -> 21
2021-10-17 01:38:34,799 [grpc-default-executor-3] INFO  server.RaftServer$Division (RaftServerImpl.java:checkInconsistentAppendEntries(1319)) - omNode-1@group-523986131536: Failed appendEntries as previous log entry ((t:5, i:30)) is not found
2021-10-17 01:38:34,799 [grpc-default-executor-3] INFO  server.RaftServer$Division (RaftServerImpl.java:checkInconsistentAppendEntries(1285)) - omNode-1@group-523986131536: inconsistency entries. Reply:omNode-3<-omNode-1#10835:FAIL-t5,INCONSISTENCY,nextIndex=21,followerCommit=20
2021-10-17 01:38:34,799 [grpc-default-executor-3] INFO  leader.FollowerInfo (FollowerInfoImpl.java:lambda$new$0(46)) - omNode-3@group-523986131536->omNode-1: nextIndex: updateUnconditionally 31 -> 21
2021-10-17 01:38:35,301 [grpc-default-executor-3] INFO  server.RaftServer$Division (RaftServerImpl.java:checkInconsistentAppendEntries(1319)) - omNode-1@group-523986131536: Failed appendEntries as previous log entry ((t:5, i:30)) is not found
2021-10-17 01:38:35,301 [grpc-default-executor-3] INFO  server.RaftServer$Division (RaftServerImpl.java:checkInconsistentAppendEntries(1285)) - omNode-1@group-523986131536: inconsistency entries. Reply:omNode-3<-omNode-1#10886:FAIL-t5,INCONSISTENCY,nextIndex=21,followerCommit=20
2021-10-17 01:38:35,301 [grpc-default-executor-3] INFO  leader.FollowerInfo (FollowerInfoImpl.java:lambda$new$0(46)) - omNode-3@group-523986131536->omNode-1: nextIndex: updateUnconditionally 31 -> 21
2021-10-17 01:38:35,802 [grpc-default-executor-3] INFO  server.RaftServer$Division (RaftServerImpl.java:checkInconsistentAppendEntries(1319)) - omNode-1@group-523986131536: Failed appendEntries as previous log entry ((t:5, i:30)) is not found
2021-10-17 01:38:35,802 [grpc-default-executor-3] INFO  server.RaftServer$Division (RaftServerImpl.java:checkInconsistentAppendEntries(1285)) - omNode-1@group-523986131536: inconsistency entries. Reply:omNode-3<-omNode-1#10937:FAIL-t5,INCONSISTENCY,nextIndex=21,followerCommit=20
2021-10-17 01:38:35,803 [grpc-default-executor-3] INFO  leader.FollowerInfo (FollowerInfoImpl.java:lambda$new$0(46)) - omNode-3@group-523986131536->omNode-1: nextIndex: updateUnconditionally 31 -> 21
2021-10-17 01:38:36,304 [grpc-default-executor-6] INFO  server.RaftServer$Division (RaftServerImpl.java:checkInconsistentAppendEntries(1319)) - omNode-1@group-523986131536: Failed appendEntries as previous log entry ((t:5, i:30)) is not found
2021-10-17 01:38:36,304 [grpc-default-executor-6] INFO  server.RaftServer$Division (RaftServerImpl.java:checkInconsistentAppendEntries(1285)) - omNode-1@group-523986131536: inconsistency entries. Reply:omNode-3<-omNode-1#10988:FAIL-t5,INCONSISTENCY,nextIndex=21,followerCommit=20
2021-10-17 01:38:36,305 [grpc-default-executor-6] INFO  leader.FollowerInfo (FollowerInfoImpl.java:lambda$new$0(46)) - omNode-3@group-523986131536->omNode-1: nextIndex: updateUnconditionally 31 -> 21
2021-10-17 01:38:36,806 [grpc-default-executor-6] INFO  server.RaftServer$Division (RaftServerImpl.java:checkInconsistentAppendEntries(1319)) - omNode-1@group-523986131536: Failed appendEntries as previous log entry ((t:5, i:30)) is not found
2021-10-17 01:38:36,806 [grpc-default-executor-6] INFO  server.RaftServer$Division (RaftServerImpl.java:checkInconsistentAppendEntries(1285)) - omNode-1@group-523986131536: inconsistency entries. Reply:omNode-3<-omNode-1#11039:FAIL-t5,INCONSISTENCY,nextIndex=21,followerCommit=20
2021-10-17 01:38:36,806 [grpc-default-executor-6] INFO  leader.FollowerInfo (FollowerInfoImpl.java:lambda$new$0(46)) - omNode-3@group-523986131536->omNode-1: nextIndex: updateUnconditionally 31 -> 21
2021-10-17 01:38:37,307 [grpc-default-executor-6] INFO  server.RaftServer$Division (RaftServerImpl.java:checkInconsistentAppendEntries(1319)) - omNode-1@group-523986131536: Failed appendEntries as previous log entry ((t:5, i:30)) is not found
2021-10-17 01:38:37,307 [grpc-default-executor-6] INFO  server.RaftServer$Division (RaftServerImpl.java:checkInconsistentAppendEntries(1285)) - omNode-1@group-523986131536: inconsistency entries. Reply:omNode-3<-omNode-1#11090:FAIL-t5,INCONSISTENCY,nextIndex=21,followerCommit=20
2021-10-17 01:38:37,307 [grpc-default-executor-6] INFO  leader.FollowerInfo (FollowerInfoImpl.java:lambda$new$0(46)) - omNode-3@group-523986131536->omNode-1: nextIndex: updateUnconditionally 31 -> 21
2021-10-17 01:38:37,809 [grpc-default-executor-6] INFO  server.RaftServer$Division (RaftServerImpl.java:checkInconsistentAppendEntries(1319)) - omNode-1@group-523986131536: Failed appendEntries as previous log entry ((t:5, i:30)) is not found
2021-10-17 01:38:37,809 [grpc-default-executor-6] INFO  server.RaftServer$Division (RaftServerImpl.java:checkInconsistentAppendEntries(1285)) - omNode-1@group-523986131536: inconsistency entries. Reply:omNode-3<-omNode-1#11141:FAIL-t5,INCONSISTENCY,nextIndex=21,followerCommit=20
2021-10-17 01:38:37,809 [grpc-default-executor-6] INFO  leader.FollowerInfo (FollowerInfoImpl.java:lambda$new$0(46)) - omNode-3@group-523986131536->omNode-1: nextIndex: updateUnconditionally 31 -> 21
2021-10-17 01:38:38,310 [grpc-default-executor-6] INFO  server.RaftServer$Division (RaftServerImpl.java:checkInconsistentAppendEntries(1319)) - omNode-1@group-523986131536: Failed appendEntries as previous log entry ((t:5, i:30)) is not found
2021-10-17 01:38:38,310 [grpc-default-executor-6] INFO  server.RaftServer$Division (RaftServerImpl.java:checkInconsistentAppendEntries(1285)) - omNode-1@group-523986131536: inconsistency entries. Reply:omNode-3<-omNode-1#11192:FAIL-t5,INCONSISTENCY,nextIndex=21,followerCommit=20
2021-10-17 01:38:38,310 [grpc-default-executor-6] INFO  leader.FollowerInfo (FollowerInfoImpl.java:lambda$new$0(46)) - omNode-3@group-523986131536->omNode-1: nextIndex: updateUnconditionally 31 -> 21
2021-10-17 01:38:38,812 [grpc-default-executor-3] INFO  server.RaftServer$Division (RaftServerImpl.java:checkInconsistentAppendEntries(1319)) - omNode-1@group-523986131536: Failed appendEntries as previous log entry ((t:5, i:30)) is not found
2021-10-17 01:38:38,812 [grpc-default-executor-3] INFO  server.RaftServer$Division (RaftServerImpl.java:checkInconsistentAppendEntries(1285)) - omNode-1@group-523986131536: inconsistency entries. Reply:omNode-3<-omNode-1#11243:FAIL-t5,INCONSISTENCY,nextIndex=21,followerCommit=20
2021-10-17 01:38:38,812 [grpc-default-executor-3] INFO  leader.FollowerInfo (FollowerInfoImpl.java:lambda$new$0(46)) - omNode-3@group-523986131536->omNode-1: nextIndex: updateUnconditionally 31 -> 21
2021-10-17 01:38:39,313 [grpc-default-executor-3] INFO  server.RaftServer$Division (RaftServerImpl.java:checkInconsistentAppendEntries(1319)) - omNode-1@group-523986131536: Failed appendEntries as previous log entry ((t:5, i:30)) is not found
2021-10-17 01:38:39,314 [grpc-default-executor-3] INFO  server.RaftServer$Division (RaftServerImpl.java:checkInconsistentAppendEntries(1285)) - omNode-1@group-523986131536: inconsistency entries. Reply:omNode-3<-omNode-1#11294:FAIL-t5,INCONSISTENCY,nextIndex=21,followerCommit=20
2021-10-17 01:38:39,314 [grpc-default-executor-3] INFO  leader.FollowerInfo (FollowerInfoImpl.java:lambda$new$0(46)) - omNode-3@group-523986131536->omNode-1: nextIndex: updateUnconditionally 31 -> 21
2021-10-17 01:38:39,815 [grpc-default-executor-3] INFO  server.RaftServer$Division (RaftServerImpl.java:checkInconsistentAppendEntries(1319)) - omNode-1@group-523986131536: Failed appendEntries as previous log entry ((t:5, i:30)) is not found
2021-10-17 01:38:39,815 [grpc-default-executor-3] INFO  server.RaftServer$Division (RaftServerImpl.java:checkInconsistentAppendEntries(1285)) - omNode-1@group-523986131536: inconsistency entries. Reply:omNode-3<-omNode-1#11345:FAIL-t5,INCONSISTENCY,nextIndex=21,followerCommit=20
2021-10-17 01:38:39,816 [grpc-default-executor-3] INFO  leader.FollowerInfo (FollowerInfoImpl.java:lambda$new$0(46)) - omNode-3@group-523986131536->omNode-1: nextIndex: updateUnconditionally 31 -> 21
2021-10-17 01:38:40,317 [grpc-default-executor-3] INFO  server.RaftServer$Division (RaftServerImpl.java:checkInconsistentAppendEntries(1319)) - omNode-1@group-523986131536: Failed appendEntries as previous log entry ((t:5, i:30)) is not found
2021-10-17 01:38:40,317 [grpc-default-executor-3] INFO  server.RaftServer$Division (RaftServerImpl.java:checkInconsistentAppendEntries(1285)) - omNode-1@group-523986131536: inconsistency entries. Reply:omNode-3<-omNode-1#11396:FAIL-t5,INCONSISTENCY,nextIndex=21,followerCommit=20
2021-10-17 01:38:40,317 [grpc-default-executor-3] INFO  leader.FollowerInfo (FollowerInfoImpl.java:lambda$new$0(46)) - omNode-3@group-523986131536->omNode-1: nextIndex: updateUnconditionally 31 -> 21
2021-10-17 01:38:40,818 [grpc-default-executor-3] INFO  server.RaftServer$Division (RaftServerImpl.java:checkInconsistentAppendEntries(1319)) - omNode-1@group-523986131536: Failed appendEntries as previous log entry ((t:5, i:30)) is not found
2021-10-17 01:38:40,818 [grpc-default-executor-3] INFO  server.RaftServer$Division (RaftServerImpl.java:checkInconsistentAppendEntries(1285)) - omNode-1@group-523986131536: inconsistency entries. Reply:omNode-3<-omNode-1#11447:FAIL-t5,INCONSISTENCY,nextIndex=21,followerCommit=20
2021-10-17 01:38:40,819 [grpc-default-executor-3] INFO  leader.FollowerInfo (FollowerInfoImpl.java:lambda$new$0(46)) - omNode-3@group-523986131536->omNode-1: nextIndex: updateUnconditionally 31 -> 21
2021-10-17 01:38:41,319 [grpc-default-executor-6] INFO  server.RaftServer$Division (RaftServerImpl.java:checkInconsistentAppendEntries(1319)) - omNode-1@group-523986131536: Failed appendEntries as previous log entry ((t:5, i:30)) is not found
2021-10-17 01:38:41,320 [grpc-default-executor-6] INFO  server.RaftServer$Division (RaftServerImpl.java:checkInconsistentAppendEntries(1285)) - omNode-1@group-523986131536: inconsistency entries. Reply:omNode-3<-omNode-1#11498:FAIL-t5,INCONSISTENCY,nextIndex=21,followerCommit=20
2021-10-17 01:38:41,320 [grpc-default-executor-6] INFO  leader.FollowerInfo (FollowerInfoImpl.java:lambda$new$0(46)) - omNode-3@group-523986131536->omNode-1: nextIndex: updateUnconditionally 31 -> 21
2021-10-17 01:38:41,821 [grpc-default-executor-6] INFO  server.RaftServer$Division (RaftServerImpl.java:checkInconsistentAppendEntries(1319)) - omNode-1@group-523986131536: Failed appendEntries as previous log entry ((t:5, i:30)) is not found
2021-10-17 01:38:41,821 [grpc-default-executor-6] INFO  server.RaftServer$Division (RaftServerImpl.java:checkInconsistentAppendEntries(1285)) - omNode-1@group-523986131536: inconsistency entries. Reply:omNode-3<-omNode-1#11549:FAIL-t5,INCONSISTENCY,nextIndex=21,followerCommit=20
2021-10-17 01:38:41,822 [grpc-default-executor-6] INFO  leader.FollowerInfo (FollowerInfoImpl.java:lambda$new$0(46)) - omNode-3@group-523986131536->omNode-1: nextIndex: updateUnconditionally 31 -> 21
2021-10-17 01:38:42,322 [grpc-default-executor-6] INFO  server.RaftServer$Division (RaftServerImpl.java:checkInconsistentAppendEntries(1319)) - omNode-1@group-523986131536: Failed appendEntries as previous log entry ((t:5, i:30)) is not found
2021-10-17 01:38:42,323 [grpc-default-executor-6] INFO  server.RaftServer$Division (RaftServerImpl.java:checkInconsistentAppendEntries(1285)) - omNode-1@group-523986131536: inconsistency entries. Reply:omNode-3<-omNode-1#11600:FAIL-t5,INCONSISTENCY,nextIndex=21,followerCommit=20
2021-10-17 01:38:42,323 [grpc-default-executor-6] INFO  leader.FollowerInfo (FollowerInfoImpl.java:lambda$new$0(46)) - omNode-3@group-523986131536->omNode-1: nextIndex: updateUnconditionally 31 -> 21
2021-10-17 01:38:42,824 [grpc-default-executor-6] INFO  server.RaftServer$Division (RaftServerImpl.java:checkInconsistentAppendEntries(1319)) - omNode-1@group-523986131536: Failed appendEntries as previous log entry ((t:5, i:30)) is not found
2021-10-17 01:38:42,824 [grpc-default-executor-6] INFO  server.RaftServer$Division (RaftServerImpl.java:checkInconsistentAppendEntries(1285)) - omNode-1@group-523986131536: inconsistency entries. Reply:omNode-3<-omNode-1#11651:FAIL-t5,INCONSISTENCY,nextIndex=21,followerCommit=20
2021-10-17 01:38:42,825 [grpc-default-executor-6] INFO  leader.FollowerInfo (FollowerInfoImpl.java:lambda$new$0(46)) - omNode-3@group-523986131536->omNode-1: nextIndex: updateUnconditionally 31 -> 21
2021-10-17 01:38:43,326 [grpc-default-executor-6] INFO  server.RaftServer$Division (RaftServerImpl.java:checkInconsistentAppendEntries(1319)) - omNode-1@group-523986131536: Failed appendEntries as previous log entry ((t:5, i:30)) is not found
2021-10-17 01:38:43,326 [grpc-default-executor-6] INFO  server.RaftServer$Division (RaftServerImpl.java:checkInconsistentAppendEntries(1285)) - omNode-1@group-523986131536: inconsistency entries. Reply:omNode-3<-omNode-1#11702:FAIL-t5,INCONSISTENCY,nextIndex=21,followerCommit=20
2021-10-17 01:38:43,326 [grpc-default-executor-6] INFO  leader.FollowerInfo (FollowerInfoImpl.java:lambda$new$0(46)) - omNode-3@group-523986131536->omNode-1: nextIndex: updateUnconditionally 31 -> 21
2021-10-17 01:38:43,828 [grpc-default-executor-6] INFO  server.RaftServer$Division (RaftServerImpl.java:checkInconsistentAppendEntries(1319)) - omNode-1@group-523986131536: Failed appendEntries as previous log entry ((t:5, i:30)) is not found
2021-10-17 01:38:43,828 [grpc-default-executor-6] INFO  server.RaftServer$Division (RaftServerImpl.java:checkInconsistentAppendEntries(1285)) - omNode-1@group-523986131536: inconsistency entries. Reply:omNode-3<-omNode-1#11753:FAIL-t5,INCONSISTENCY,nextIndex=21,followerCommit=20
2021-10-17 01:38:43,828 [grpc-default-executor-6] INFO  leader.FollowerInfo (FollowerInfoImpl.java:lambda$new$0(46)) - omNode-3@group-523986131536->omNode-1: nextIndex: updateUnconditionally 31 -> 21
2021-10-17 01:38:44,329 [grpc-default-executor-6] INFO  server.RaftServer$Division (RaftServerImpl.java:checkInconsistentAppendEntries(1319)) - omNode-1@group-523986131536: Failed appendEntries as previous log entry ((t:5, i:30)) is not found
2021-10-17 01:38:44,330 [grpc-default-executor-6] INFO  server.RaftServer$Division (RaftServerImpl.java:checkInconsistentAppendEntries(1285)) - omNode-1@group-523986131536: inconsistency entries. Reply:omNode-3<-omNode-1#11804:FAIL-t5,INCONSISTENCY,nextIndex=21,followerCommit=20
2021-10-17 01:38:44,330 [grpc-default-executor-6] INFO  leader.FollowerInfo (FollowerInfoImpl.java:lambda$new$0(46)) - omNode-3@group-523986131536->omNode-1: nextIndex: updateUnconditionally 31 -> 21
2021-10-17 01:38:44,831 [grpc-default-executor-3] INFO  server.RaftServer$Division (RaftServerImpl.java:checkInconsistentAppendEntries(1319)) - omNode-1@group-523986131536: Failed appendEntries as previous log entry ((t:5, i:30)) is not found
2021-10-17 01:38:44,831 [grpc-default-executor-3] INFO  server.RaftServer$Division (RaftServerImpl.java:checkInconsistentAppendEntries(1285)) - omNode-1@group-523986131536: inconsistency entries. Reply:omNode-3<-omNode-1#11855:FAIL-t5,INCONSISTENCY,nextIndex=21,followerCommit=20
2021-10-17 01:38:44,831 [grpc-default-executor-3] INFO  leader.FollowerInfo (FollowerInfoImpl.java:lambda$new$0(46)) - omNode-3@group-523986131536->omNode-1: nextIndex: updateUnconditionally 31 -> 21
2021-10-17 01:38:45,332 [grpc-default-executor-3] INFO  server.RaftServer$Division (RaftServerImpl.java:checkInconsistentAppendEntries(1319)) - omNode-1@group-523986131536: Failed appendEntries as previous log entry ((t:5, i:30)) is not found
2021-10-17 01:38:45,333 [grpc-default-executor-3] INFO  server.RaftServer$Division (RaftServerImpl.java:checkInconsistentAppendEntries(1285)) - omNode-1@group-523986131536: inconsistency entries. Reply:omNode-3<-omNode-1#11906:FAIL-t5,INCONSISTENCY,nextIndex=21,followerCommit=20
2021-10-17 01:38:45,333 [grpc-default-executor-6] INFO  leader.FollowerInfo (FollowerInfoImpl.java:lambda$new$0(46)) - omNode-3@group-523986131536->omNode-1: nextIndex: updateUnconditionally 31 -> 21
2021-10-17 01:38:45,834 [grpc-default-executor-6] INFO  server.RaftServer$Division (RaftServerImpl.java:checkInconsistentAppendEntries(1319)) - omNode-1@group-523986131536: Failed appendEntries as previous log entry ((t:5, i:30)) is not found
2021-10-17 01:38:45,835 [grpc-default-executor-6] INFO  server.RaftServer$Division (RaftServerImpl.java:checkInconsistentAppendEntries(1285)) - omNode-1@group-523986131536: inconsistency entries. Reply:omNode-3<-omNode-1#11957:FAIL-t5,INCONSISTENCY,nextIndex=21,followerCommit=20
2021-10-17 01:38:45,835 [grpc-default-executor-6] INFO  leader.FollowerInfo (FollowerInfoImpl.java:lambda$new$0(46)) - omNode-3@group-523986131536->omNode-1: nextIndex: updateUnconditionally 31 -> 21
2021-10-17 01:38:46,336 [grpc-default-executor-3] INFO  server.RaftServer$Division (RaftServerImpl.java:checkInconsistentAppendEntries(1319)) - omNode-1@group-523986131536: Failed appendEntries as previous log entry ((t:5, i:30)) is not found
2021-10-17 01:38:46,337 [grpc-default-executor-3] INFO  server.RaftServer$Division (RaftServerImpl.java:checkInconsistentAppendEntries(1285)) - omNode-1@group-523986131536: inconsistency entries. Reply:omNode-3<-omNode-1#12008:FAIL-t5,INCONSISTENCY,nextIndex=21,followerCommit=20
2021-10-17 01:38:46,337 [grpc-default-executor-3] INFO  leader.FollowerInfo (FollowerInfoImpl.java:lambda$new$0(46)) - omNode-3@group-523986131536->omNode-1: nextIndex: updateUnconditionally 31 -> 21
2021-10-17 01:38:46,838 [grpc-default-executor-6] INFO  server.RaftServer$Division (RaftServerImpl.java:checkInconsistentAppendEntries(1319)) - omNode-1@group-523986131536: Failed appendEntries as previous log entry ((t:5, i:30)) is not found
2021-10-17 01:38:46,838 [grpc-default-executor-6] INFO  server.RaftServer$Division (RaftServerImpl.java:checkInconsistentAppendEntries(1285)) - omNode-1@group-523986131536: inconsistency entries. Reply:omNode-3<-omNode-1#12059:FAIL-t5,INCONSISTENCY,nextIndex=21,followerCommit=20
2021-10-17 01:38:46,838 [grpc-default-executor-3] INFO  leader.FollowerInfo (FollowerInfoImpl.java:lambda$new$0(46)) - omNode-3@group-523986131536->omNode-1: nextIndex: updateUnconditionally 31 -> 21
2021-10-17 01:38:47,340 [grpc-default-executor-6] INFO  server.RaftServer$Division (RaftServerImpl.java:checkInconsistentAppendEntries(1319)) - omNode-1@group-523986131536: Failed appendEntries as previous log entry ((t:5, i:30)) is not found
2021-10-17 01:38:47,340 [grpc-default-executor-6] INFO  server.RaftServer$Division (RaftServerImpl.java:checkInconsistentAppendEntries(1285)) - omNode-1@group-523986131536: inconsistency entries. Reply:omNode-3<-omNode-1#12110:FAIL-t5,INCONSISTENCY,nextIndex=21,followerCommit=20
2021-10-17 01:38:47,340 [grpc-default-executor-6] INFO  leader.FollowerInfo (FollowerInfoImpl.java:lambda$new$0(46)) - omNode-3@group-523986131536->omNode-1: nextIndex: updateUnconditionally 31 -> 21
2021-10-17 01:38:47,841 [grpc-default-executor-3] INFO  server.RaftServer$Division (RaftServerImpl.java:checkInconsistentAppendEntries(1319)) - omNode-1@group-523986131536: Failed appendEntries as previous log entry ((t:5, i:30)) is not found
2021-10-17 01:38:47,842 [grpc-default-executor-3] INFO  server.RaftServer$Division (RaftServerImpl.java:checkInconsistentAppendEntries(1285)) - omNode-1@group-523986131536: inconsistency entries. Reply:omNode-3<-omNode-1#12161:FAIL-t5,INCONSISTENCY,nextIndex=21,followerCommit=20
2021-10-17 01:38:47,842 [grpc-default-executor-6] INFO  leader.FollowerInfo (FollowerInfoImpl.java:lambda$new$0(46)) - omNode-3@group-523986131536->omNode-1: nextIndex: updateUnconditionally 31 -> 21
2021-10-17 01:38:48,343 [grpc-default-executor-6] INFO  server.RaftServer$Division (RaftServerImpl.java:checkInconsistentAppendEntries(1319)) - omNode-1@group-523986131536: Failed appendEntries as previous log entry ((t:5, i:30)) is not found
2021-10-17 01:38:48,343 [grpc-default-executor-6] INFO  server.RaftServer$Division (RaftServerImpl.java:checkInconsistentAppendEntries(1285)) - omNode-1@group-523986131536: inconsistency entries. Reply:omNode-3<-omNode-1#12212:FAIL-t5,INCONSISTENCY,nextIndex=21,followerCommit=20
2021-10-17 01:38:48,344 [grpc-default-executor-6] INFO  leader.FollowerInfo (FollowerInfoImpl.java:lambda$new$0(46)) - omNode-3@group-523986131536->omNode-1: nextIndex: updateUnconditionally 31 -> 21
2021-10-17 01:38:48,845 [grpc-default-executor-3] INFO  server.RaftServer$Division (RaftServerImpl.java:checkInconsistentAppendEntries(1319)) - omNode-1@group-523986131536: Failed appendEntries as previous log entry ((t:5, i:30)) is not found
2021-10-17 01:38:48,846 [grpc-default-executor-3] INFO  server.RaftServer$Division (RaftServerImpl.java:checkInconsistentAppendEntries(1285)) - omNode-1@group-523986131536: inconsistency entries. Reply:omNode-3<-omNode-1#12263:FAIL-t5,INCONSISTENCY,nextIndex=21,followerCommit=20
2021-10-17 01:38:48,846 [grpc-default-executor-3] INFO  leader.FollowerInfo (FollowerInfoImpl.java:lambda$new$0(46)) - omNode-3@group-523986131536->omNode-1: nextIndex: updateUnconditionally 31 -> 21
2021-10-17 01:38:49,347 [grpc-default-executor-3] INFO  server.RaftServer$Division (RaftServerImpl.java:checkInconsistentAppendEntries(1319)) - omNode-1@group-523986131536: Failed appendEntries as previous log entry ((t:5, i:30)) is not found
2021-10-17 01:38:49,347 [grpc-default-executor-3] INFO  server.RaftServer$Division (RaftServerImpl.java:checkInconsistentAppendEntries(1285)) - omNode-1@group-523986131536: inconsistency entries. Reply:omNode-3<-omNode-1#12314:FAIL-t5,INCONSISTENCY,nextIndex=21,followerCommit=20
2021-10-17 01:38:49,348 [grpc-default-executor-7] INFO  leader.FollowerInfo (FollowerInfoImpl.java:lambda$new$0(46)) - omNode-3@group-523986131536->omNode-1: nextIndex: updateUnconditionally 31 -> 21
2021-10-17 01:38:49,387 [Time-limited test] INFO  om.OzoneManager (OzoneManager.java:stop(1664)) - Stopping Ozone Manager
2021-10-17 01:38:49,387 [Time-limited test] INFO  ipc.Server (Server.java:stop(3414)) - Stopping server on 11184
2021-10-17 01:38:49,392 [IPC Server listener on 11184] INFO  ipc.Server (Server.java:run(1376)) - Stopping IPC Server listener on 11184
2021-10-17 01:38:49,392 [IPC Server Responder] INFO  ipc.Server (Server.java:run(1512)) - Stopping IPC Server Responder
2021-10-17 01:38:49,393 [Time-limited test] INFO  server.RaftServer (RaftServerProxy.java:lambda$close$6(391)) - omNode-3: close
2021-10-17 01:38:49,393 [Time-limited test] INFO  server.RaftServer$Division (RaftServerImpl.java:lambda$close$4(407)) - omNode-3@group-523986131536: shutdown
2021-10-17 01:38:49,393 [Time-limited test] INFO  util.JmxRegister (JmxRegister.java:unregister(73)) - Successfully un-registered JMX Bean with object name Ratis:service=RaftServer,group=group-523986131536,id=omNode-3
2021-10-17 01:38:49,393 [Time-limited test] INFO  impl.RoleInfo (RoleInfo.java:shutdownLeaderState(91)) - omNode-3: shutdown omNode-3@group-523986131536-LeaderStateImpl
2021-10-17 01:38:49,393 [Time-limited test] INFO  impl.PendingRequests (PendingRequests.java:sendNotLeaderResponses(282)) - omNode-3@group-523986131536-PendingRequests: sendNotLeaderResponses
2021-10-17 01:38:49,394 [omNode-3@group-523986131536->omNode-2-GrpcLogAppender-LogAppenderDaemon] WARN  server.GrpcLogAppender (GrpcLogAppender.java:mayWait(175)) - omNode-3@group-523986131536->omNode-2-GrpcLogAppender: Wait interrupted by java.lang.InterruptedException
2021-10-17 01:38:49,394 [omNode-3@group-523986131536->omNode-1-GrpcLogAppender-LogAppenderDaemon] WARN  server.GrpcLogAppender (GrpcLogAppender.java:mayWait(175)) - omNode-3@group-523986131536->omNode-1-GrpcLogAppender: Wait interrupted by java.lang.InterruptedException
2021-10-17 01:38:49,396 [omNode-3@group-523986131536-StateMachineUpdater] INFO  ratis.OzoneManagerStateMachine (OzoneManagerStateMachine.java:takeSnapshot(417)) - Current Snapshot Index (t:5, i:30)
2021-10-17 01:38:49,396 [omNode-3@group-523986131536-StateMachineUpdater] INFO  impl.StateMachineUpdater (StateMachineUpdater.java:takeSnapshot(281)) - omNode-3@group-523986131536-StateMachineUpdater: Took a snapshot at index 30
2021-10-17 01:38:49,396 [omNode-3@group-523986131536-StateMachineUpdater] INFO  impl.StateMachineUpdater (StateMachineUpdater.java:lambda$new$0(89)) - omNode-3@group-523986131536-StateMachineUpdater: snapshotIndex: updateIncreasingly 26 -> 30
2021-10-17 01:38:49,396 [omNode-3@group-523986131536-StateMachineUpdater] INFO  ratis.OzoneManagerStateMachine (OzoneManagerStateMachine.java:close(471)) - StateMachine has shutdown. Shutdown OzoneManager if not already shutdown.
2021-10-17 01:38:49,396 [Time-limited test] INFO  impl.StateMachineUpdater (StateMachineUpdater.java:stopAndJoin(149)) - omNode-3@group-523986131536-StateMachineUpdater: set stopIndex = 30
2021-10-17 01:38:49,396 [Time-limited test] INFO  server.RaftServer$Division (ServerState.java:close(419)) - omNode-3@group-523986131536: closes. applyIndex: 30
2021-10-17 01:38:49,397 [omNode-3@group-523986131536-SegmentedRaftLogWorker] INFO  segmented.SegmentedRaftLogWorker (SegmentedRaftLogWorker.java:run(327)) - omNode-3@group-523986131536-SegmentedRaftLogWorker was interrupted, exiting. There are 0 tasks remaining in the queue.
2021-10-17 01:38:49,397 [grpc-default-executor-7] INFO  server.GrpcServerProtocolService (GrpcServerProtocolService.java:onCompleted(140)) - omNode-1: Completed APPEND_ENTRIES, lastRequest: omNode-3->omNode-1#12315-t5,previous=(t:0, i:0),leaderCommit=10,initializing? false,entries: size=10, first=(t:3, i:21), CONFIGURATIONENTRY
2021-10-17 01:38:49,398 [Time-limited test] INFO  segmented.SegmentedRaftLogWorker (SegmentedRaftLogWorker.java:close(237)) - omNode-3@group-523986131536-SegmentedRaftLogWorker close()
2021-10-17 01:38:49,398 [grpc-default-executor-6] INFO  server.GrpcLogAppender (GrpcLogAppender.java:onCompleted(344)) - omNode-3@group-523986131536->omNode-1-AppendLogResponseHandler: follower responses appendEntries COMPLETED
2021-10-17 01:38:49,399 [grpc-default-executor-6] INFO  leader.FollowerInfo (FollowerInfoImpl.java:lambda$new$0(46)) - omNode-3@group-523986131536->omNode-1: nextIndex: updateUnconditionally 31 -> 21
2021-10-17 01:38:49,399 [grpc-default-executor-3] INFO  server.GrpcServerProtocolService (GrpcServerProtocolService.java:onCompleted(140)) - omNode-2: Completed APPEND_ENTRIES, lastRequest: omNode-3->omNode-2#58-t5,previous=(t:5, i:29),leaderCommit=29,initializing? true,entries: size=1, first=(t:5, i:30), METADATAENTRY(c:29)
2021-10-17 01:38:49,399 [Time-limited test] INFO  server.GrpcService (GrpcService.java:closeImpl(262)) - omNode-3: shutdown server with port 11188 now
2021-10-17 01:38:49,400 [grpc-default-executor-6] INFO  server.GrpcLogAppender (GrpcLogAppender.java:onCompleted(344)) - omNode-3@group-523986131536->omNode-2-AppendLogResponseHandler: follower responses appendEntries COMPLETED
2021-10-17 01:38:49,400 [grpc-default-executor-6] INFO  leader.FollowerInfo (FollowerInfoImpl.java:lambda$new$0(46)) - omNode-3@group-523986131536->omNode-2: nextIndex: updateUnconditionally 31 -> 30
2021-10-17 01:38:50,548 [omNode-2@group-523986131536-FollowerState] INFO  impl.FollowerState (FollowerState.java:run(134)) - omNode-2@group-523986131536-FollowerState: change to CANDIDATE, lastRpcElapsedTime:1200040238ns, electionTimeout:1097ms
2021-10-17 01:38:50,548 [omNode-2@group-523986131536-FollowerState] INFO  impl.RoleInfo (RoleInfo.java:shutdownFollowerState(108)) - omNode-2: shutdown omNode-2@group-523986131536-FollowerState
2021-10-17 01:38:50,548 [omNode-2@group-523986131536-FollowerState] INFO  server.RaftServer$Division (RaftServerImpl.java:setRole(285)) - omNode-2@group-523986131536: changes role from  FOLLOWER to CANDIDATE at term 5 for changeToCandidate
2021-10-17 01:38:50,548 [omNode-2@group-523986131536-FollowerState] INFO  server.RaftServerConfigKeys (ConfUtils.java:logGet(44)) - raft.server.leaderelection.pre-vote = false (custom)
2021-10-17 01:38:50,548 [omNode-2@group-523986131536-FollowerState] INFO  impl.RoleInfo (RoleInfo.java:updateAndGet(130)) - omNode-2: start omNode-2@group-523986131536-LeaderElection19
2021-10-17 01:38:50,550 [omNode-2@group-523986131536-LeaderElection19] INFO  server.RaftServer$Division (ServerState.java:setLeader(285)) - omNode-2@group-523986131536: change Leader from omNode-3 to null at term 5 for ELECTION
2021-10-17 01:38:50,551 [omNode-2@group-523986131536-LeaderElection19] INFO  impl.LeaderElection (LeaderElection.java:askForVotes(306)) - omNode-2@group-523986131536-LeaderElection19 ELECTION round 0: submit vote requests at term 6 for 27: [omNode-3|rpc:localhost:11188|admin:|client:|dataStream:|priority:0, omNode-1|rpc:localhost:11176|admin:|client:|dataStream:|priority:0, omNode-2|rpc:localhost:11182|admin:|client:|dataStream:|priority:0], old=null
2021-10-17 01:38:50,563 [omNode-2@group-523986131536-LeaderElection19] INFO  impl.LeaderElection (LogUtils.java:infoOrTrace(137)) - omNode-2@group-523986131536-LeaderElection19 got exception when requesting votes: java.util.concurrent.ExecutionException: org.apache.ratis.thirdparty.io.grpc.StatusRuntimeException: UNAVAILABLE: io exception
2021-10-17 01:38:50,564 [grpc-default-executor-7] INFO  server.RaftServer$Division (RaftServerImpl.java:requestVote(1043)) - omNode-1@group-523986131536: receive requestVote(ELECTION, omNode-2, group-523986131536, 6, (t:5, i:30))
2021-10-17 01:38:50,564 [grpc-default-executor-7] INFO  impl.VoteContext (VoteContext.java:log(48)) - omNode-1@group-523986131536-FOLLOWER: accept ELECTION from omNode-2: our last entry (t:2, i:20) < candidate's last entry (t:5, i:30)
2021-10-17 01:38:50,564 [grpc-default-executor-7] INFO  server.RaftServer$Division (ServerState.java:setLeader(285)) - omNode-1@group-523986131536: change Leader from omNode-3 to null at term 6 for updateCurrentTerm
2021-10-17 01:38:50,564 [grpc-default-executor-7] INFO  server.RaftServer$Division (RaftServerImpl.java:setRole(285)) - omNode-1@group-523986131536: changes role from  FOLLOWER to FOLLOWER at term 6 for candidate:omNode-2
2021-10-17 01:38:50,564 [grpc-default-executor-7] INFO  impl.RoleInfo (RoleInfo.java:shutdownFollowerState(108)) - omNode-1: shutdown omNode-1@group-523986131536-FollowerState
2021-10-17 01:38:50,564 [grpc-default-executor-7] INFO  impl.RoleInfo (RoleInfo.java:updateAndGet(130)) - omNode-1: start omNode-1@group-523986131536-FollowerState
2021-10-17 01:38:50,564 [omNode-1@group-523986131536-FollowerState] INFO  impl.FollowerState (FollowerState.java:run(143)) - omNode-1@group-523986131536-FollowerState was interrupted: {}
java.lang.InterruptedException: sleep interrupted
	at java.lang.Thread.sleep(Native Method)
	at java.lang.Thread.sleep(Thread.java:340)
	at java.util.concurrent.TimeUnit.sleep(TimeUnit.java:386)
	at org.apache.ratis.util.TimeDuration.sleep(TimeDuration.java:324)
	at org.apache.ratis.util.TimeDuration.sleep(TimeDuration.java:309)
	at org.apache.ratis.server.impl.FollowerState.run(FollowerState.java:118)
2021-10-17 01:38:50,571 [grpc-default-executor-7] INFO  server.RaftServer$Division (RaftServerImpl.java:requestVote(1075)) - omNode-1@group-523986131536 replies to ELECTION vote request: omNode-2<-omNode-1#0:OK-t6. Peer's state: omNode-1@group-523986131536:t6, leader=null, voted=omNode-2, raftlog=omNode-1@group-523986131536-SegmentedRaftLog:OPENED:c20,f20,i0, conf=27: [omNode-3|rpc:localhost:11188|admin:|client:|dataStream:|priority:0, omNode-1|rpc:localhost:11176|admin:|client:|dataStream:|priority:0, omNode-2|rpc:localhost:11182|admin:|client:|dataStream:|priority:0], old=null
2021-10-17 01:38:50,574 [omNode-2@group-523986131536-LeaderElection19] INFO  impl.LeaderElection (LeaderElection.java:logAndReturn(89)) - omNode-2@group-523986131536-LeaderElection19: ELECTION PASSED received 1 response(s) and 1 exception(s):
2021-10-17 01:38:50,574 [omNode-2@group-523986131536-LeaderElection19] INFO  impl.LeaderElection (LeaderElection.java:logAndReturn(93)) -   Response 0: omNode-2<-omNode-1#0:OK-t6
2021-10-17 01:38:50,575 [omNode-2@group-523986131536-LeaderElection19] INFO  impl.LeaderElection (LogUtils.java:infoOrTrace(137)) -   Exception 1: java.util.concurrent.ExecutionException: org.apache.ratis.thirdparty.io.grpc.StatusRuntimeException: UNAVAILABLE: io exception
2021-10-17 01:38:50,575 [omNode-2@group-523986131536-LeaderElection19] INFO  impl.LeaderElection (LeaderElection.java:askForVotes(308)) - omNode-2@group-523986131536-LeaderElection19 ELECTION round 0: result PASSED
2021-10-17 01:38:50,575 [omNode-2@group-523986131536-LeaderElection19] INFO  impl.RoleInfo (RoleInfo.java:shutdownLeaderElection(121)) - omNode-2: shutdown omNode-2@group-523986131536-LeaderElection19
2021-10-17 01:38:50,575 [omNode-2@group-523986131536-LeaderElection19] INFO  server.RaftServer$Division (RaftServerImpl.java:setRole(285)) - omNode-2@group-523986131536: changes role from CANDIDATE to LEADER at term 6 for changeToLeader
2021-10-17 01:38:50,575 [omNode-2@group-523986131536-LeaderElection19] INFO  server.RaftServer$Division (ServerState.java:setLeader(285)) - omNode-2@group-523986131536: change Leader from null to omNode-2 at term 6 for becomeLeader, leader elected after 25ms
2021-10-17 01:38:50,575 [omNode-2@group-523986131536-LeaderElection19] INFO  server.RaftServerConfigKeys (ConfUtils.java:logGet(44)) - raft.server.staging.catchup.gap = 1000 (default)
2021-10-17 01:38:50,575 [omNode-2@group-523986131536-LeaderElection19] INFO  server.RaftServerConfigKeys (ConfUtils.java:logGet(44)) - raft.server.write.element-limit = 4096 (default)
2021-10-17 01:38:50,575 [omNode-2@group-523986131536-LeaderElection19] INFO  server.RaftServerConfigKeys (ConfUtils.java:logGet(44)) - raft.server.write.byte-limit = 64MB (=67108864) (default)
2021-10-17 01:38:50,575 [omNode-2@group-523986131536-LeaderElection19] INFO  server.RaftServerConfigKeys (ConfUtils.java:logGet(44)) - raft.server.watch.timeout = 10s (default)
2021-10-17 01:38:50,576 [omNode-2@group-523986131536-LeaderElection19] INFO  server.RaftServerConfigKeys (ConfUtils.java:logGet(44)) - raft.server.watch.timeout.denomination = 1s (default)
2021-10-17 01:38:50,576 [omNode-2@group-523986131536-LeaderElection19] INFO  server.RaftServerConfigKeys (ConfUtils.java:logGet(44)) - raft.server.watch.element-limit = 65536 (default)
2021-10-17 01:38:50,576 [omNode-2@group-523986131536-LeaderElection19] INFO  server.RaftServerConfigKeys (ConfUtils.java:logGet(44)) - raft.server.log.appender.snapshot.chunk.size.max = 16MB (=16777216) (default)
2021-10-17 01:38:50,576 [omNode-2@group-523986131536-LeaderElection19] INFO  server.RaftServerConfigKeys (ConfUtils.java:logGet(44)) - raft.server.log.appender.buffer.byte-limit = 33554432 (custom)
2021-10-17 01:38:50,576 [omNode-2@group-523986131536-LeaderElection19] INFO  server.RaftServerConfigKeys (ConfUtils.java:logGet(44)) - raft.server.log.appender.buffer.element-limit = 1024 (custom)
2021-10-17 01:38:50,576 [omNode-2@group-523986131536-LeaderElection19] INFO  grpc.GrpcConfigKeys (ConfUtils.java:logGet(44)) - raft.grpc.server.leader.outstanding.appends.max = 128 (default)
2021-10-17 01:38:50,576 [omNode-2@group-523986131536-LeaderElection19] INFO  server.RaftServerConfigKeys (ConfUtils.java:logGet(44)) - raft.server.rpc.request.timeout = 3000ms (default)
2021-10-17 01:38:50,576 [omNode-2@group-523986131536-LeaderElection19] INFO  server.RaftServerConfigKeys (ConfUtils.java:logGet(44)) - raft.server.log.appender.install.snapshot.enabled = false (custom)
2021-10-17 01:38:50,577 [omNode-2@group-523986131536-LeaderElection19] INFO  server.RaftServerConfigKeys (ConfUtils.java:logGet(44)) - raft.server.log.appender.snapshot.chunk.size.max = 16MB (=16777216) (default)
2021-10-17 01:38:50,577 [omNode-2@group-523986131536-LeaderElection19] INFO  server.RaftServerConfigKeys (ConfUtils.java:logGet(44)) - raft.server.log.appender.buffer.byte-limit = 33554432 (custom)
2021-10-17 01:38:50,577 [omNode-2@group-523986131536-LeaderElection19] INFO  server.RaftServerConfigKeys (ConfUtils.java:logGet(44)) - raft.server.log.appender.buffer.element-limit = 1024 (custom)
2021-10-17 01:38:50,577 [omNode-2@group-523986131536-LeaderElection19] INFO  grpc.GrpcConfigKeys (ConfUtils.java:logGet(44)) - raft.grpc.server.leader.outstanding.appends.max = 128 (default)
2021-10-17 01:38:50,577 [omNode-2@group-523986131536-LeaderElection19] INFO  server.RaftServerConfigKeys (ConfUtils.java:logGet(44)) - raft.server.rpc.request.timeout = 3000ms (default)
2021-10-17 01:38:50,577 [omNode-2@group-523986131536-LeaderElection19] INFO  server.RaftServerConfigKeys (ConfUtils.java:logGet(44)) - raft.server.log.appender.install.snapshot.enabled = false (custom)
2021-10-17 01:38:50,578 [omNode-2@group-523986131536-LeaderElection19] INFO  impl.RoleInfo (RoleInfo.java:updateAndGet(130)) - omNode-2: start omNode-2@group-523986131536-LeaderStateImpl
2021-10-17 01:38:50,578 [omNode-2@group-523986131536-LeaderElection19] INFO  segmented.SegmentedRaftLogWorker (SegmentedRaftLogWorker.java:rollLogSegment(399)) - omNode-2@group-523986131536-SegmentedRaftLogWorker: Rolling segment log-27_30 to index:30
2021-10-17 01:38:50,580 [omNode-2@group-523986131536-SegmentedRaftLogWorker] INFO  segmented.SegmentedRaftLogWorker (SegmentedRaftLogWorker.java:execute(558)) - omNode-2@group-523986131536-SegmentedRaftLogWorker: Rolled log segment from /home/runner/work/ozone/ozone/hadoop-ozone/integration-test/target/test-dir/MiniOzoneClusterImpl-e6b5673d-0e05-4a61-970a-b11d77d0bde6/omNode-2/ratis/c9bc4cf4-3bc3-3c60-a66b-523986131536/current/log_inprogress_27 to /home/runner/work/ozone/ozone/hadoop-ozone/integration-test/target/test-dir/MiniOzoneClusterImpl-e6b5673d-0e05-4a61-970a-b11d77d0bde6/omNode-2/ratis/c9bc4cf4-3bc3-3c60-a66b-523986131536/current/log_27-30
2021-10-17 01:38:50,585 [omNode-2@group-523986131536-LeaderElection19] INFO  server.RaftServer$Division (ServerState.java:setRaftConf(387)) - omNode-2@group-523986131536: set configuration 31: [omNode-3|rpc:localhost:11188|admin:|client:|dataStream:|priority:0, omNode-1|rpc:localhost:11176|admin:|client:|dataStream:|priority:0, omNode-2|rpc:localhost:11182|admin:|client:|dataStream:|priority:0], old=null
2021-10-17 01:38:50,585 [grpc-default-executor-7] WARN  server.GrpcLogAppender (LogUtils.java:warn(122)) - omNode-2@group-523986131536->omNode-3-AppendLogResponseHandler: Failed appendEntries: org.apache.ratis.thirdparty.io.grpc.StatusRuntimeException: UNAVAILABLE: io exception
2021-10-17 01:38:50,586 [omNode-2@group-523986131536-SegmentedRaftLogWorker] INFO  segmented.SegmentedRaftLogWorker (SegmentedRaftLogWorker.java:execute(601)) - omNode-2@group-523986131536-SegmentedRaftLogWorker: created new log segment /home/runner/work/ozone/ozone/hadoop-ozone/integration-test/target/test-dir/MiniOzoneClusterImpl-e6b5673d-0e05-4a61-970a-b11d77d0bde6/omNode-2/ratis/c9bc4cf4-3bc3-3c60-a66b-523986131536/current/log_inprogress_31
2021-10-17 01:38:50,588 [grpc-default-executor-6] INFO  server.RaftServer$Division (ServerState.java:setLeader(285)) - omNode-1@group-523986131536: change Leader from null to omNode-2 at term 6 for appendEntries, leader elected after 24ms
2021-10-17 01:38:50,588 [grpc-default-executor-6] INFO  server.RaftServer$Division (RaftServerImpl.java:checkInconsistentAppendEntries(1319)) - omNode-1@group-523986131536: Failed appendEntries as previous log entry ((t:5, i:30)) is not found
2021-10-17 01:38:50,588 [grpc-default-executor-6] INFO  server.RaftServer$Division (RaftServerImpl.java:checkInconsistentAppendEntries(1285)) - omNode-1@group-523986131536: inconsistency entries. Reply:omNode-2<-omNode-1#0:FAIL-t6,INCONSISTENCY,nextIndex=21,followerCommit=20
2021-10-17 01:38:50,589 [grpc-default-executor-3] INFO  server.RaftServer$Division (RaftServerImpl.java:checkInconsistentAppendEntries(1319)) - omNode-1@group-523986131536: Failed appendEntries as previous log entry ((t:5, i:30)) is not found
2021-10-17 01:38:50,589 [grpc-default-executor-3] INFO  server.RaftServer$Division (RaftServerImpl.java:checkInconsistentAppendEntries(1285)) - omNode-1@group-523986131536: inconsistency entries. Reply:omNode-2<-omNode-1#1:FAIL-t6,INCONSISTENCY,nextIndex=21,followerCommit=20
2021-10-17 01:38:50,593 [grpc-default-executor-6] INFO  leader.FollowerInfo (FollowerInfoImpl.java:lambda$new$0(46)) - omNode-2@group-523986131536->omNode-1: nextIndex: updateUnconditionally 32 -> 21
2021-10-17 01:38:50,593 [grpc-default-executor-6] INFO  leader.FollowerInfo (FollowerInfoImpl.java:lambda$new$0(46)) - omNode-2@group-523986131536->omNode-1: nextIndex: updateUnconditionally 21 -> 21
2021-10-17 01:38:50,593 [grpc-default-executor-7] WARN  server.GrpcLogAppender (GrpcLogAppender.java:resetClient(111)) - omNode-2@group-523986131536->omNode-3-GrpcLogAppender: Leader has not got in touch with Follower omNode-2@group-523986131536->omNode-3(c-1,m0,n32, attendVote=true, lastRpcSendTime=7, lastRpcResponseTime=1217) yet, just keep nextIndex unchanged and retry.
2021-10-17 01:38:50,599 [omNode-2@group-523986131536->omNode-1-GrpcLogAppender-LogAppenderDaemon] ERROR leader.LogAppenderDaemon (LogAppenderDaemon.java:run(86)) - omNode-2@group-523986131536->omNode-1-GrpcLogAppender-LogAppenderDaemon failed
java.lang.NullPointerException: omNode-2@group-523986131536->omNode-1: Previous TermIndex not found for firstIndex = 21
	at java.util.Objects.requireNonNull(Objects.java:290)
	at org.apache.ratis.server.leader.LogAppenderBase.assertProtos(LogAppenderBase.java:169)
	at org.apache.ratis.server.leader.LogAppenderBase.newAppendEntriesRequest(LogAppenderBase.java:154)
	at org.apache.ratis.grpc.server.GrpcLogAppender.appendLog(GrpcLogAppender.java:211)
	at org.apache.ratis.grpc.server.GrpcLogAppender.run(GrpcLogAppender.java:145)
	at org.apache.ratis.server.leader.LogAppenderDaemon.run(LogAppenderDaemon.java:77)
	at java.lang.Thread.run(Thread.java:748)
2021-10-17 01:38:50,599 [omNode-2@group-523986131536->omNode-1-GrpcLogAppender-LogAppenderDaemon] INFO  server.RaftServer$Division (LeaderStateImpl.java:restart(501)) - omNode-2@group-523986131536-LeaderStateImpl: Restarting GrpcLogAppender for omNode-2@group-523986131536->omNode-1
2021-10-17 01:38:50,599 [omNode-2@group-523986131536->omNode-1-GrpcLogAppender-LogAppenderDaemon] INFO  server.RaftServerConfigKeys (ConfUtils.java:logGet(44)) - raft.server.log.appender.snapshot.chunk.size.max = 16MB (=16777216) (default)
2021-10-17 01:38:50,600 [omNode-2@group-523986131536->omNode-1-GrpcLogAppender-LogAppenderDaemon] INFO  server.RaftServerConfigKeys (ConfUtils.java:logGet(44)) - raft.server.log.appender.buffer.byte-limit = 33554432 (custom)
2021-10-17 01:38:50,600 [omNode-2@group-523986131536->omNode-1-GrpcLogAppender-LogAppenderDaemon] INFO  server.RaftServerConfigKeys (ConfUtils.java:logGet(44)) - raft.server.log.appender.buffer.element-limit = 1024 (custom)
2021-10-17 01:38:50,600 [omNode-2@group-523986131536->omNode-1-GrpcLogAppender-LogAppenderDaemon] INFO  grpc.GrpcConfigKeys (ConfUtils.java:logGet(44)) - raft.grpc.server.leader.outstanding.appends.max = 128 (default)
2021-10-17 01:38:50,600 [omNode-2@group-523986131536->omNode-1-GrpcLogAppender-LogAppenderDaemon] INFO  server.RaftServerConfigKeys (ConfUtils.java:logGet(44)) - raft.server.rpc.request.timeout = 3000ms (default)
2021-10-17 01:38:50,600 [omNode-2@group-523986131536->omNode-1-GrpcLogAppender-LogAppenderDaemon] INFO  server.RaftServerConfigKeys (ConfUtils.java:logGet(44)) - raft.server.log.appender.install.snapshot.enabled = false (custom)
2021-10-17 01:38:50,614 [omNode-2@group-523986131536->omNode-1-GrpcLogAppender-LogAppenderDaemon] INFO  server.GrpcLogAppender (GrpcLogAppender.java:installSnapshot(524)) - omNode-2@group-523986131536->omNode-1-GrpcLogAppender: followerNextIndex = 0 but logStartIndex = 21, notify follower to install snapshot-(t:3, i:21)
2021-10-17 01:38:50,614 [omNode-2@group-523986131536->omNode-1-GrpcLogAppender-LogAppenderDaemon] INFO  server.GrpcLogAppender (GrpcLogAppender.java:installSnapshot(532)) - omNode-2@group-523986131536->omNode-1-GrpcLogAppender: send omNode-2->omNode-1#0-t6,notify:(t:3, i:21)
2021-10-17 01:38:50,622 [grpc-default-executor-7] INFO  server.RaftServer$Division (RaftServerImpl.java:installSnapshot(1329)) - omNode-1@group-523986131536: receive installSnapshot: omNode-2->omNode-1#0-t6,notify:(t:3, i:21)
2021-10-17 01:38:50,622 [grpc-default-executor-7] INFO  server.RaftServer$Division (RaftServerImpl.java:notifyStateMachineToInstallSnapshot(1560)) - omNode-1@group-523986131536: StateMachine snapshotIndex is 20
2021-10-17 01:38:50,622 [grpc-default-executor-7] INFO  server.RaftServer$Division (RaftServerImpl.java:installSnapshotImpl(1459)) - omNode-1@group-523986131536: set new configuration index: 31
configurationEntry {
  peers {
    id: "omNode-3"
    address: "localhost:11188"
  }
  peers {
    id: "omNode-1"
    address: "localhost:11176"
  }
  peers {
    id: "omNode-2"
    address: "localhost:11182"
  }
}
 from snapshot
2021-10-17 01:38:50,623 [grpc-default-executor-7] INFO  server.RaftServer$Division (ServerState.java:setRaftConf(387)) - omNode-1@group-523986131536: set configuration 31: [omNode-3|rpc:localhost:11188|admin:|client:|dataStream:|priority:0, omNode-1|rpc:localhost:11176|admin:|client:|dataStream:|priority:0, omNode-2|rpc:localhost:11182|admin:|client:|dataStream:|priority:0], old=null
2021-10-17 01:38:50,623 [grpc-default-executor-7] INFO  ratis.OzoneManagerStateMachine (OzoneManagerStateMachine.java:notifyConfigurationChanged(188)) - Received Configuration change notification from Ratis. New Peer list:
[id: "omNode-3"
address: "localhost:11188"
, id: "omNode-1"
address: "localhost:11176"
, id: "omNode-2"
address: "localhost:11182"
]
2021-10-17 01:38:50,623 [grpc-default-executor-7] INFO  server.RaftServer$Division (RaftServerImpl.java:installSnapshot(1340)) - omNode-1@group-523986131536: reply installSnapshot: omNode-2<-omNode-1#0:FAIL-t6,ALREADY_INSTALLED,snapshotIndex=20
2021-10-17 01:38:50,623 [grpc-default-executor-7] INFO  server.GrpcServerProtocolService (GrpcServerProtocolService.java:onCompleted(140)) - omNode-1: Completed INSTALL_SNAPSHOT, lastRequest: omNode-2->omNode-1#0-t6,notify:(t:3, i:21)
2021-10-17 01:38:50,624 [grpc-default-executor-6] INFO  server.GrpcLogAppender (GrpcLogAppender.java:onNext(400)) - omNode-2@group-523986131536->omNode-1-InstallSnapshotResponseHandler: received the first reply omNode-2<-omNode-1#0:FAIL-t6,ALREADY_INSTALLED,snapshotIndex=20
2021-10-17 01:38:50,624 [grpc-default-executor-6] INFO  server.GrpcLogAppender (GrpcLogAppender.java:onNext(422)) - omNode-2@group-523986131536->omNode-1-InstallSnapshotResponseHandler: Already Installed Snapshot Index 20.
2021-10-17 01:38:50,624 [grpc-default-executor-6] INFO  leader.FollowerInfo (FollowerInfoImpl.java:lambda$new$0(46)) - omNode-2@group-523986131536->omNode-1: snapshotIndex: setUnconditionally 0 -> 20
2021-10-17 01:38:50,624 [grpc-default-executor-6] INFO  leader.FollowerInfo (FollowerInfoImpl.java:lambda$new$0(46)) - omNode-2@group-523986131536->omNode-1: matchIndex: setUnconditionally 0 -> 20
2021-10-17 01:38:50,624 [grpc-default-executor-6] INFO  leader.FollowerInfo (FollowerInfoImpl.java:lambda$new$0(46)) - omNode-2@group-523986131536->omNode-1: nextIndex: setUnconditionally 0 -> 21
2021-10-17 01:38:50,627 [grpc-default-executor-6] INFO  leader.FollowerInfo (FollowerInfoImpl.java:lambda$new$0(46)) - omNode-2@group-523986131536->omNode-1: nextIndex: updateToMax old=21, new=21, updated? false
2021-10-17 01:38:51,104 [grpc-default-executor-6] WARN  server.GrpcLogAppender (LogUtils.java:warn(122)) - omNode-2@group-523986131536->omNode-3-AppendLogResponseHandler: Failed appendEntries: org.apache.ratis.thirdparty.io.grpc.StatusRuntimeException: UNAVAILABLE: io exception
2021-10-17 01:38:51,105 [grpc-default-executor-6] WARN  server.GrpcLogAppender (GrpcLogAppender.java:resetClient(111)) - omNode-2@group-523986131536->omNode-3-GrpcLogAppender: Leader has not got in touch with Follower omNode-2@group-523986131536->omNode-3(c-1,m0,n32, attendVote=true, lastRpcSendTime=1, lastRpcResponseTime=1729) yet, just keep nextIndex unchanged and retry.
2021-10-17 01:38:51,109 [org.apache.ratis.util.JvmPauseMonitor$$Lambda$523/1638607820@1369bb] WARN  util.JvmPauseMonitor (JvmPauseMonitor.java:detectPause(124)) - JvmPauseMonitor-a5ef7eb4-0585-479c-9d56-cfefd71a4940: Detected pause in JVM or host machine (eg GC): pause of approximately 185300391ns.
GC pool 'PS MarkSweep' had collection(s): count=1 time=218ms
GC pool 'PS Scavenge' had collection(s): count=1 time=91ms
2021-10-17 01:38:51,110 [org.apache.ratis.util.JvmPauseMonitor$$Lambda$523/1638607820@4e597004] WARN  util.JvmPauseMonitor (JvmPauseMonitor.java:detectPause(124)) - JvmPauseMonitor-omNode-2: Detected pause in JVM or host machine (eg GC): pause of approximately 267415897ns.
GC pool 'PS MarkSweep' had collection(s): count=1 time=218ms
GC pool 'PS Scavenge' had collection(s): count=1 time=91ms
2021-10-17 01:38:51,110 [org.apache.ratis.util.JvmPauseMonitor$$Lambda$523/1638607820@71b14e1a] WARN  util.JvmPauseMonitor (JvmPauseMonitor.java:detectPause(124)) - JvmPauseMonitor-89fab1f2-29d6-4782-92bb-861e4d6ff694: Detected pause in JVM or host machine (eg GC): pause of approximately 277913949ns.
GC pool 'PS MarkSweep' had collection(s): count=1 time=218ms
GC pool 'PS Scavenge' had collection(s): count=1 time=91ms
2021-10-17 01:38:51,136 [grpc-default-executor-8] INFO  server.RaftServer$Division (RaftServerImpl.java:checkInconsistentAppendEntries(1319)) - omNode-1@group-523986131536: Failed appendEntries as previous log entry ((t:6, i:31)) is not found
2021-10-17 01:38:51,137 [grpc-default-executor-8] INFO  server.RaftServer$Division (RaftServerImpl.java:checkInconsistentAppendEntries(1285)) - omNode-1@group-523986131536: inconsistency entries. Reply:omNode-2<-omNode-1#21:FAIL-t6,INCONSISTENCY,nextIndex=21,followerCommit=20
2021-10-17 01:38:51,138 [grpc-default-executor-8] INFO  leader.FollowerInfo (FollowerInfoImpl.java:lambda$new$0(46)) - omNode-2@group-523986131536->omNode-1: nextIndex: updateUnconditionally 32 -> 21
2021-10-17 01:38:51,604 [grpc-default-executor-8] WARN  server.GrpcLogAppender (LogUtils.java:warn(122)) - omNode-2@group-523986131536->omNode-3-AppendLogResponseHandler: Failed appendEntries: org.apache.ratis.thirdparty.io.grpc.StatusRuntimeException: UNAVAILABLE: io exception
2021-10-17 01:38:51,605 [grpc-default-executor-8] WARN  server.GrpcLogAppender (GrpcLogAppender.java:resetClient(111)) - omNode-2@group-523986131536->omNode-3-GrpcLogAppender: Leader has not got in touch with Follower omNode-2@group-523986131536->omNode-3(c-1,m0,n32, attendVote=true, lastRpcSendTime=1, lastRpcResponseTime=2229) yet, just keep nextIndex unchanged and retry.
2021-10-17 01:38:51,640 [grpc-default-executor-8] INFO  server.RaftServer$Division (RaftServerImpl.java:checkInconsistentAppendEntries(1319)) - omNode-1@group-523986131536: Failed appendEntries as previous log entry ((t:6, i:31)) is not found
2021-10-17 01:38:51,640 [grpc-default-executor-8] INFO  server.RaftServer$Division (RaftServerImpl.java:checkInconsistentAppendEntries(1285)) - omNode-1@group-523986131536: inconsistency entries. Reply:omNode-2<-omNode-1#72:FAIL-t6,INCONSISTENCY,nextIndex=21,followerCommit=20
2021-10-17 01:38:51,643 [grpc-default-executor-8] INFO  leader.FollowerInfo (FollowerInfoImpl.java:lambda$new$0(46)) - omNode-2@group-523986131536->omNode-1: nextIndex: updateUnconditionally 32 -> 21
2021-10-17 01:38:52,104 [grpc-default-executor-8] WARN  server.GrpcLogAppender (LogUtils.java:warn(122)) - omNode-2@group-523986131536->omNode-3-AppendLogResponseHandler: Failed appendEntries: org.apache.ratis.thirdparty.io.grpc.StatusRuntimeException: UNAVAILABLE: io exception
2021-10-17 01:38:52,105 [grpc-default-executor-8] WARN  server.GrpcLogAppender (GrpcLogAppender.java:resetClient(111)) - omNode-2@group-523986131536->omNode-3-GrpcLogAppender: Leader has not got in touch with Follower omNode-2@group-523986131536->omNode-3(c-1,m0,n32, attendVote=true, lastRpcSendTime=0, lastRpcResponseTime=2729) yet, just keep nextIndex unchanged and retry.
2021-10-17 01:38:52,147 [grpc-default-executor-8] INFO  server.RaftServer$Division (RaftServerImpl.java:checkInconsistentAppendEntries(1319)) - omNode-1@group-523986131536: Failed appendEntries as previous log entry ((t:6, i:31)) is not found
2021-10-17 01:38:52,147 [grpc-default-executor-8] INFO  server.RaftServer$Division (RaftServerImpl.java:checkInconsistentAppendEntries(1285)) - omNode-1@group-523986131536: inconsistency entries. Reply:omNode-2<-omNode-1#120:FAIL-t6,INCONSISTENCY,nextIndex=21,followerCommit=20
2021-10-17 01:38:52,147 [grpc-default-executor-8] INFO  leader.FollowerInfo (FollowerInfoImpl.java:lambda$new$0(46)) - omNode-2@group-523986131536->omNode-1: nextIndex: updateUnconditionally 32 -> 21
2021-10-17 01:38:52,407 [Time-limited test] WARN  grpc.GrpcUtil (GrpcUtil.java:shutdownManagedChannel(216)) - Timed out gracefully shutting down connection: ManagedChannelOrphanWrapper{delegate=ManagedChannelImpl{logId=423, target=localhost:11176}}. 
2021-10-17 01:38:52,410 [grpc-default-executor-3] WARN  server.GrpcServerProtocolService (LogUtils.java:warn(122)) - omNode-1: installSnapshot onError, lastRequest: omNode-3->omNode-1#1-t5,previous=(t:4, i:26),leaderCommit=26,initializing? true,entries: size=1, first=(t:5, i:27), CONFIGURATIONENTRY: org.apache.ratis.thirdparty.io.grpc.StatusRuntimeException: CANCELLED: client cancelled
2021-10-17 01:38:52,410 [grpc-default-executor-8] INFO  server.GrpcLogAppender (GrpcLogAppender.java:onError(333)) - omNode-3@group-523986131536->omNode-1-GrpcLogAppender is stopped
2021-10-17 01:38:52,421 [Time-limited test] INFO  server.GrpcService (GrpcService.java:closeImpl(271)) - omNode-3: shutdown server with port 11188 successfully
2021-10-17 01:38:52,421 [org.apache.ratis.util.JvmPauseMonitor$$Lambda$523/1638607820@1f199554] INFO  util.JvmPauseMonitor (JvmPauseMonitor.java:run(109)) - JvmPauseMonitor-omNode-3: Stopped
2021-10-17 01:38:52,421 [Time-limited test] INFO  ratis.OzoneManagerDoubleBuffer (OzoneManagerDoubleBuffer.java:stop(437)) - Stopping OMDoubleBuffer flush thread
2021-10-17 01:38:52,422 [OMDoubleBufferFlushThread] INFO  ratis.OzoneManagerDoubleBuffer (OzoneManagerDoubleBuffer.java:flushTransactions(356)) - OMDoubleBuffer flush thread OMDoubleBufferFlushThread is interrupted and will exit. OMDoubleBufferFlushThread
2021-10-17 01:38:52,422 [Time-limited test] INFO  handler.ContextHandler (ContextHandler.java:doStop(1153)) - Stopped o.e.j.w.WebAppContext@61ed15de{ozoneManager,/,null,STOPPED}{file:/home/runner/work/ozone/ozone/hadoop-ozone/integration-test/target/test-classes/webapps/ozoneManager}
2021-10-17 01:38:52,423 [Time-limited test] INFO  server.AbstractConnector (AbstractConnector.java:doStop(381)) - Stopped ServerConnector@19bc97e9{HTTP/1.1, (http/1.1)}{0.0.0.0:11186}
2021-10-17 01:38:52,423 [Time-limited test] INFO  server.session (HouseKeeper.java:stopScavenging(149)) - node0 Stopped scavenging
2021-10-17 01:38:52,423 [Time-limited test] INFO  handler.ContextHandler (ContextHandler.java:doStop(1153)) - Stopped o.e.j.s.ServletContextHandler@1c6fc19c{static,/static,file:///home/runner/work/ozone/ozone/hadoop-ozone/integration-test/target/test-classes/webapps/static,STOPPED}
2021-10-17 01:38:52,423 [Time-limited test] INFO  handler.ContextHandler (ContextHandler.java:doStop(1153)) - Stopped o.e.j.s.ServletContextHandler@4b0a3ef9{logs,/logs,file:///home/runner/work/ozone/ozone/hadoop-ozone/integration-test/target/log,STOPPED}
2021-10-17 01:38:52,428 [Time-limited test] INFO  om.OzoneManager (OzoneManager.java:initFSOLayout(4357)) - Configured ozone.om.metadata.layout=SIMPLE and disabled optimized OM FS operations
2021-10-17 01:38:52,428 [Time-limited test] INFO  om.OzoneManager (OzoneManager.java:restart(1385)) - OzoneManager RPC server is listening at localhost/127.0.0.1:11184
2021-10-17 01:38:52,428 [Time-limited test] INFO  impl.MetricsSystemImpl (MetricsSystemImpl.java:init(158)) - OzoneManager metrics system started (again)
2021-10-17 01:38:52,452 [Time-limited test] WARN  server.ServerUtils (ServerUtils.java:getDBPath(225)) - ozone.om.db.dirs is not configured. We recommend adding this setting. Falling back to ozone.metadata.dirs instead.
2021-10-17 01:38:52,453 [Time-limited test] INFO  codec.OmKeyInfoCodec (OmKeyInfoCodec.java:<init>(51)) - OmKeyInfoCodec ignorePipeline = true
2021-10-17 01:38:52,453 [Time-limited test] INFO  codec.RepeatedOmKeyInfoCodec (RepeatedOmKeyInfoCodec.java:<init>(42)) - RepeatedOmKeyInfoCodec ignorePipeline = true
2021-10-17 01:38:52,523 [Time-limited test] WARN  impl.MetricRegistriesImpl (MetricRegistriesImpl.java:addReporterRegistration(111)) - New reporters are added after registries were created. Some metrics will be missing from the reporter. Please add reporter before adding any new registry.
2021-10-17 01:38:52,523 [Time-limited test] WARN  impl.MetricRegistriesImpl (MetricRegistriesImpl.java:addReporterRegistration(111)) - New reporters are added after registries were created. Some metrics will be missing from the reporter. Please add reporter before adding any new registry.
2021-10-17 01:38:52,523 [Time-limited test] WARN  server.ServerUtils (ServerUtils.java:getDefaultRatisDirectory(237)) - Storage directory for Ratis is not configured. It is a good idea to map this to an SSD disk. Falling back to ozone.metadata.dirs
2021-10-17 01:38:52,524 [Time-limited test] INFO  ratis.OzoneManagerRatisServer (OzoneManagerRatisServer.java:<init>(159)) - Instantiating OM Ratis server with groupID: om-service-test1 and peers: localhost:11188, localhost:11176, localhost:11182
2021-10-17 01:38:52,524 [Time-limited test] INFO  ratis.OzoneManagerStateMachine (OzoneManagerStateMachine.java:loadSnapshotInfoFromDB(605)) - LastAppliedIndex is set from TransactionInfo from OM DB as (t:5, i:30)
2021-10-17 01:38:52,530 [Time-limited test] INFO  server.RaftServer (ConfUtils.java:logGet(44)) - raft.rpc.type = GRPC (default)
2021-10-17 01:38:52,530 [Time-limited test] INFO  grpc.GrpcFactory (GrpcFactory.java:checkPooledByteBufAllocatorUseCacheForAllThreads(48)) - PERFORMANCE WARNING: useCacheForAllThreads is true that may cause Netty to create a lot garbage objects and, as a result, trigger GC.
	It is recommended to disable useCacheForAllThreads by setting -Dorg.apache.ratis.thirdparty.io.netty.allocator.useCacheForAllThreads=false in command line.
2021-10-17 01:38:52,531 [Time-limited test] INFO  grpc.GrpcConfigKeys (ConfUtils.java:logGet(44)) - raft.grpc.admin.port = -1 (default)
2021-10-17 01:38:52,531 [Time-limited test] INFO  grpc.GrpcConfigKeys (ConfUtils.java:logGet(44)) - raft.grpc.server.port = 11188 (custom)
2021-10-17 01:38:52,531 [Time-limited test] INFO  grpc.GrpcConfigKeys (ConfUtils.java:logGet(44)) - raft.grpc.client.port = -1 (default)
2021-10-17 01:38:52,531 [Time-limited test] INFO  grpc.GrpcConfigKeys (ConfUtils.java:logGet(44)) - raft.grpc.server.port = 11188 (custom)
2021-10-17 01:38:52,531 [Time-limited test] INFO  grpc.GrpcConfigKeys (ConfUtils.java:logGet(44)) - raft.grpc.server.port = 11188 (custom)
2021-10-17 01:38:52,531 [Time-limited test] INFO  server.GrpcService (ConfUtils.java:logGet(44)) - raft.grpc.message.size.max = 33554432 (custom)
2021-10-17 01:38:52,531 [Time-limited test] INFO  server.RaftServerConfigKeys (ConfUtils.java:logGet(44)) - raft.server.log.appender.buffer.byte-limit = 33554432 (custom)
2021-10-17 01:38:52,531 [Time-limited test] INFO  server.GrpcService (ConfUtils.java:logGet(44)) - raft.grpc.flow.control.window = 1MB (=1048576) (default)
2021-10-17 01:38:52,531 [Time-limited test] INFO  server.RaftServerConfigKeys (ConfUtils.java:logGet(44)) - raft.server.rpc.request.timeout = 3000ms (default)
2021-10-17 01:38:52,533 [Time-limited test] INFO  impl.DataStreamServerImpl (ConfUtils.java:logGet(44)) - raft.datastream.type = DISABLED (default)
2021-10-17 01:38:52,533 [Time-limited test] INFO  server.RaftServerConfigKeys (ConfUtils.java:logGet(44)) - raft.server.rpc.slowness.timeout = 2s (custom)
2021-10-17 01:38:52,533 [Time-limited test] INFO  server.RaftServerConfigKeys (ConfUtils.java:logGet(44)) - raft.server.leaderelection.leader.step-down.wait-time = 10s (default)
2021-10-17 01:38:52,533 [Time-limited test] INFO  server.RaftServerConfigKeys (ConfUtils.java:logGet(44)) - raft.server.storage.dir = [/home/runner/work/ozone/ozone/hadoop-ozone/integration-test/target/test-dir/MiniOzoneClusterImpl-e6b5673d-0e05-4a61-970a-b11d77d0bde6/omNode-3/ratis] (custom)
2021-10-17 01:38:52,533 [Time-limited test] INFO  server.RaftServer (RaftServerProxy.java:lambda$null$1(235)) - omNode-3: found a subdirectory /home/runner/work/ozone/ozone/hadoop-ozone/integration-test/target/test-dir/MiniOzoneClusterImpl-e6b5673d-0e05-4a61-970a-b11d77d0bde6/omNode-3/ratis/c9bc4cf4-3bc3-3c60-a66b-523986131536
2021-10-17 01:38:52,534 [Time-limited test] INFO  server.RaftServer (RaftServerProxy.java:addNew(95)) - omNode-3: addNew group-523986131536:[omNode-3|rpc:localhost:11188|priority:0, omNode-1|rpc:localhost:11176|priority:0, omNode-2|rpc:localhost:11182|priority:0] returns group-523986131536:java.util.concurrent.CompletableFuture@794326bb[Not completed]
2021-10-17 01:38:52,534 [Time-limited test] INFO  om.OzoneManager (OzoneManager.java:initializeRatisServer(1605)) - OzoneManager Ratis server initialized at port 11188
2021-10-17 01:38:52,534 [Time-limited test] INFO  ratis.OzoneManagerRatisServer (OzoneManagerRatisServer.java:start(520)) - Starting OzoneManagerRatisServer omNode-3 at port 11188
2021-10-17 01:38:52,534 [pool-291-thread-1] INFO  server.RaftServer$Division (RaftServerImpl.java:<init>(181)) - omNode-3: new RaftServerImpl for group-523986131536:[omNode-3|rpc:localhost:11188|priority:0, omNode-1|rpc:localhost:11176|priority:0, omNode-2|rpc:localhost:11182|priority:0] with OzoneManagerStateMachine:uninitialized
2021-10-17 01:38:52,535 [pool-291-thread-1] INFO  server.RaftServerConfigKeys (ConfUtils.java:logGet(44)) - raft.server.rpc.timeout.min = 1s (custom)
2021-10-17 01:38:52,535 [pool-291-thread-1] INFO  server.RaftServerConfigKeys (ConfUtils.java:logGet(44)) - raft.server.rpc.timeout.max = 1200ms (custom)
2021-10-17 01:38:52,535 [pool-291-thread-1] INFO  server.RaftServerConfigKeys (ConfUtils.java:logGet(44)) - raft.server.rpc.sleep.time = 25ms (default)
2021-10-17 01:38:52,535 [pool-291-thread-1] INFO  server.RaftServerConfigKeys (ConfUtils.java:logGet(44)) - raft.server.rpc.slowness.timeout = 2s (custom)
2021-10-17 01:38:52,536 [pool-291-thread-1] INFO  server.RaftServerConfigKeys (ConfUtils.java:logGet(44)) - raft.server.leaderelection.leader.step-down.wait-time = 10s (default)
2021-10-17 01:38:52,536 [pool-291-thread-1] INFO  server.RaftServerConfigKeys (ConfUtils.java:logGet(44)) - raft.server.sleep.deviation.threshold = 300ms (default)
2021-10-17 01:38:52,536 [pool-291-thread-1] INFO  server.RaftServerConfigKeys (ConfUtils.java:logGet(44)) - raft.server.log.appender.install.snapshot.enabled = false (custom)
2021-10-17 01:38:52,536 [pool-291-thread-1] INFO  server.RaftServer$Division (ServerState.java:<init>(105)) - omNode-3@group-523986131536: ConfigurationManager, init=-1: [omNode-3|rpc:localhost:11188|priority:0, omNode-1|rpc:localhost:11176|priority:0, omNode-2|rpc:localhost:11182|priority:0], old=null, confs=<EMPTY_MAP>
2021-10-17 01:38:52,536 [pool-291-thread-1] INFO  server.RaftServerConfigKeys (ConfUtils.java:logGet(44)) - raft.server.storage.dir = [/home/runner/work/ozone/ozone/hadoop-ozone/integration-test/target/test-dir/MiniOzoneClusterImpl-e6b5673d-0e05-4a61-970a-b11d77d0bde6/omNode-3/ratis] (custom)
2021-10-17 01:38:52,536 [pool-291-thread-1] INFO  server.RaftServerConfigKeys (ConfUtils.java:logGet(44)) - raft.server.log.corruption.policy = EXCEPTION (default)
2021-10-17 01:38:52,536 [pool-291-thread-1] INFO  server.RaftServerConfigKeys (ConfUtils.java:logGet(44)) - raft.server.storage.free-space.min = 0MB (=0) (default)
2021-10-17 01:38:52,537 [pool-291-thread-1] INFO  storage.RaftStorageDirectory (RaftStorageDirectoryImpl.java:tryLock(230)) - Lock on /home/runner/work/ozone/ozone/hadoop-ozone/integration-test/target/test-dir/MiniOzoneClusterImpl-e6b5673d-0e05-4a61-970a-b11d77d0bde6/omNode-3/ratis/c9bc4cf4-3bc3-3c60-a66b-523986131536/in_use.lock acquired by nodename 15180@fv-az151-444
2021-10-17 01:38:52,537 [pool-291-thread-1] INFO  storage.RaftStorage (RaftStorageImpl.java:analyzeAndRecoverStorage(110)) - Read RaftStorageMetadata{term=5, votedFor=omNode-3} from /home/runner/work/ozone/ozone/hadoop-ozone/integration-test/target/test-dir/MiniOzoneClusterImpl-e6b5673d-0e05-4a61-970a-b11d77d0bde6/omNode-3/ratis/c9bc4cf4-3bc3-3c60-a66b-523986131536/current/raft-meta
2021-10-17 01:38:52,538 [pool-291-thread-1] INFO  server.RaftServer$Division (ServerState.java:setRaftConf(387)) - omNode-3@group-523986131536: set configuration 27: [omNode-3|rpc:localhost:11188|admin:|client:|dataStream:|priority:0, omNode-1|rpc:localhost:11176|admin:|client:|dataStream:|priority:0, omNode-2|rpc:localhost:11182|admin:|client:|dataStream:|priority:0], old=null
2021-10-17 01:38:52,538 [pool-291-thread-1] INFO  server.RaftServerConfigKeys (ConfUtils.java:logGet(44)) - raft.server.notification.no-leader.timeout = 2s (custom)
2021-10-17 01:38:52,538 [pool-291-thread-1] INFO  server.RaftServerConfigKeys (ConfUtils.java:logGet(44)) - raft.server.log.use.memory = false (default)
2021-10-17 01:38:52,538 [pool-291-thread-1] INFO  server.RaftServerConfigKeys (ConfUtils.java:logGet(44)) - raft.server.log.purge.gap = 50 (custom)
2021-10-17 01:38:52,538 [pool-291-thread-1] INFO  server.RaftServerConfigKeys (ConfUtils.java:logGet(44)) - raft.server.log.appender.buffer.byte-limit = 33554432 (custom)
2021-10-17 01:38:52,538 [pool-291-thread-1] INFO  server.RaftServerConfigKeys (ConfUtils.java:logGet(44)) - raft.server.log.segment.size.max = 4194304 (custom)
2021-10-17 01:38:52,543 [pool-291-thread-1] INFO  server.RaftServerConfigKeys (ConfUtils.java:logGet(44)) - raft.server.log.segment.cache.num.max = 2 (custom)
2021-10-17 01:38:52,543 [pool-291-thread-1] INFO  server.RaftServerConfigKeys (ConfUtils.java:logGet(44)) - raft.server.log.segment.cache.size.max = 200MB (=209715200) (default)
2021-10-17 01:38:52,543 [pool-291-thread-1] INFO  segmented.SegmentedRaftLogWorker (SegmentedRaftLogWorker.java:<init>(182)) - new omNode-3@group-523986131536-SegmentedRaftLogWorker for RaftStorageImpl:Storage Directory /home/runner/work/ozone/ozone/hadoop-ozone/integration-test/target/test-dir/MiniOzoneClusterImpl-e6b5673d-0e05-4a61-970a-b11d77d0bde6/omNode-3/ratis/c9bc4cf4-3bc3-3c60-a66b-523986131536
2021-10-17 01:38:52,543 [pool-291-thread-1] INFO  server.RaftServerConfigKeys (ConfUtils.java:logGet(44)) - raft.server.log.queue.byte-limit = 64MB (=67108864) (default)
2021-10-17 01:38:52,543 [pool-291-thread-1] INFO  server.RaftServerConfigKeys (ConfUtils.java:logGet(44)) - raft.server.log.queue.element-limit = 4096 (default)
2021-10-17 01:38:52,543 [pool-291-thread-1] INFO  server.RaftServerConfigKeys (ConfUtils.java:logGet(44)) - raft.server.log.segment.size.max = 4194304 (custom)
2021-10-17 01:38:52,543 [pool-291-thread-1] INFO  server.RaftServerConfigKeys (ConfUtils.java:logGet(44)) - raft.server.log.preallocated.size = 4194304 (custom)
2021-10-17 01:38:52,543 [pool-291-thread-1] INFO  server.RaftServerConfigKeys (ConfUtils.java:logGet(44)) - raft.server.log.force.sync.num = 128 (default)
2021-10-17 01:38:52,543 [pool-291-thread-1] INFO  server.RaftServerConfigKeys (ConfUtils.java:logGet(44)) - raft.server.log.statemachine.data.sync = true (default)
2021-10-17 01:38:52,543 [pool-291-thread-1] INFO  server.RaftServerConfigKeys (ConfUtils.java:logGet(44)) - raft.server.log.statemachine.data.sync.timeout = 10s (default)
2021-10-17 01:38:52,544 [pool-291-thread-1] INFO  server.RaftServerConfigKeys (ConfUtils.java:logGet(44)) - raft.server.log.statemachine.data.sync.timeout.retry = -1 (default)
2021-10-17 01:38:52,551 [pool-291-thread-1] INFO  server.RaftServerConfigKeys (ConfUtils.java:logGet(44)) - raft.server.log.write.buffer.size = 64KB (=65536) (default)
2021-10-17 01:38:52,551 [pool-291-thread-1] INFO  server.RaftServerConfigKeys (ConfUtils.java:logGet(44)) - raft.server.log.statemachine.data.caching.enabled = false (default)
2021-10-17 01:38:52,552 [pool-291-thread-1] INFO  server.RaftServer$Division (ServerState.java:setRaftConf(387)) - omNode-3@group-523986131536: set configuration 21: [omNode-3|rpc:localhost:11188|admin:|client:|dataStream:|priority:0, omNode-1|rpc:localhost:11176|admin:|client:|dataStream:|priority:0, omNode-2|rpc:localhost:11182|admin:|client:|dataStream:|priority:0], old=null
2021-10-17 01:38:52,552 [pool-291-thread-1] INFO  segmented.LogSegment (LogSegment.java:loadSegment(173)) - Successfully read 2 entries from segment file /home/runner/work/ozone/ozone/hadoop-ozone/integration-test/target/test-dir/MiniOzoneClusterImpl-e6b5673d-0e05-4a61-970a-b11d77d0bde6/omNode-3/ratis/c9bc4cf4-3bc3-3c60-a66b-523986131536/current/log_21-22
2021-10-17 01:38:52,552 [pool-291-thread-1] INFO  server.RaftServer$Division (ServerState.java:setRaftConf(387)) - omNode-3@group-523986131536: set configuration 23: [omNode-3|rpc:localhost:11188|admin:|client:|dataStream:|priority:0, omNode-1|rpc:localhost:11176|admin:|client:|dataStream:|priority:0, omNode-2|rpc:localhost:11182|admin:|client:|dataStream:|priority:0], old=null
2021-10-17 01:38:52,552 [pool-291-thread-1] INFO  segmented.LogSegment (LogSegment.java:loadSegment(173)) - Successfully read 4 entries from segment file /home/runner/work/ozone/ozone/hadoop-ozone/integration-test/target/test-dir/MiniOzoneClusterImpl-e6b5673d-0e05-4a61-970a-b11d77d0bde6/omNode-3/ratis/c9bc4cf4-3bc3-3c60-a66b-523986131536/current/log_23-26
2021-10-17 01:38:52,554 [pool-291-thread-1] INFO  server.RaftServer$Division (ServerState.java:setRaftConf(387)) - omNode-3@group-523986131536: set configuration 27: [omNode-3|rpc:localhost:11188|admin:|client:|dataStream:|priority:0, omNode-1|rpc:localhost:11176|admin:|client:|dataStream:|priority:0, omNode-2|rpc:localhost:11182|admin:|client:|dataStream:|priority:0], old=null
2021-10-17 01:38:52,554 [pool-291-thread-1] INFO  segmented.LogSegment (LogSegment.java:loadSegment(173)) - Successfully read 4 entries from segment file /home/runner/work/ozone/ozone/hadoop-ozone/integration-test/target/test-dir/MiniOzoneClusterImpl-e6b5673d-0e05-4a61-970a-b11d77d0bde6/omNode-3/ratis/c9bc4cf4-3bc3-3c60-a66b-523986131536/current/log_inprogress_27
2021-10-17 01:38:52,554 [pool-291-thread-1] INFO  segmented.SegmentedRaftLogWorker (SegmentedRaftLogWorker.java:lambda$new$0(133)) - omNode-3@group-523986131536-SegmentedRaftLogWorker: flushIndex: setUnconditionally 0 -> 30
2021-10-17 01:38:52,554 [pool-291-thread-1] INFO  segmented.SegmentedRaftLogWorker (SegmentedRaftLogWorker.java:lambda$new$0(133)) - omNode-3@group-523986131536-SegmentedRaftLogWorker: safeCacheEvictIndex: setUnconditionally 0 -> 26
2021-10-17 01:38:52,562 [pool-291-thread-1] INFO  raftlog.RaftLog (RaftLogBase.java:lambda$new$0(53)) - omNode-3@group-523986131536-SegmentedRaftLog: commitIndex: updateToMax old=30, new=29, updated? false
2021-10-17 01:38:52,562 [pool-291-thread-1] INFO  raftlog.RaftLog (RaftLogBase.java:lambda$new$0(53)) - omNode-3@group-523986131536-SegmentedRaftLog: purgeIndex: updateIncreasingly -1 -> 20
2021-10-17 01:38:52,562 [pool-291-thread-1] INFO  server.RaftServerConfigKeys (ConfUtils.java:logGet(44)) - raft.server.snapshot.auto.trigger.enabled = true (custom)
2021-10-17 01:38:52,562 [pool-291-thread-1] INFO  server.RaftServerConfigKeys (ConfUtils.java:logGet(44)) - raft.server.snapshot.auto.trigger.threshold = 50 (custom)
2021-10-17 01:38:52,562 [pool-291-thread-1] INFO  server.RaftServerConfigKeys (ConfUtils.java:logGet(44)) - raft.server.snapshot.retention.file.num = -1 (default)
2021-10-17 01:38:52,562 [pool-291-thread-1] INFO  server.RaftServerConfigKeys (ConfUtils.java:logGet(44)) - raft.server.log.purge.upto.snapshot.index = true (custom)
2021-10-17 01:38:52,562 [pool-291-thread-1] INFO  server.RaftServerConfigKeys (ConfUtils.java:logGet(44)) - raft.server.retrycache.expirytime = 30000ms (custom)
2021-10-17 01:38:52,562 [pool-291-thread-1] INFO  server.RaftServerConfigKeys (ConfUtils.java:logGet(44)) - raft.server.retrycache.statistics.expirytime = 100μs (default)
2021-10-17 01:38:52,563 [Time-limited test] INFO  server.RaftServer$Division (RaftServerImpl.java:start(296)) - omNode-3@group-523986131536: start as a follower, conf=27: [omNode-3|rpc:localhost:11188|admin:|client:|dataStream:|priority:0, omNode-1|rpc:localhost:11176|admin:|client:|dataStream:|priority:0, omNode-2|rpc:localhost:11182|admin:|client:|dataStream:|priority:0], old=null
2021-10-17 01:38:52,564 [Time-limited test] INFO  server.RaftServer$Division (RaftServerImpl.java:setRole(285)) - omNode-3@group-523986131536: changes role from      null to FOLLOWER at term 5 for startAsFollower
2021-10-17 01:38:52,564 [Time-limited test] INFO  impl.RoleInfo (RoleInfo.java:updateAndGet(130)) - omNode-3: start omNode-3@group-523986131536-FollowerState
2021-10-17 01:38:52,570 [Time-limited test] INFO  util.JmxRegister (JmxRegister.java:tryRegister(44)) - Successfully registered JMX Bean with object name Ratis:service=RaftServer,group=group-523986131536,id=omNode-3
2021-10-17 01:38:52,580 [Time-limited test] INFO  server.RaftServer (RaftServerProxy.java:lambda$start$5(374)) - omNode-3: start RPC server
2021-10-17 01:38:52,582 [Time-limited test] INFO  server.GrpcService (GrpcService.java:startImpl(253)) - omNode-3: GrpcService started, listening on 11188
2021-10-17 01:38:52,588 [Time-limited test] INFO  ipc.CallQueueManager (CallQueueManager.java:<init>(90)) - Using callQueue: class java.util.concurrent.LinkedBlockingQueue, queueCapacity: 2000, scheduler: class org.apache.hadoop.ipc.DefaultRpcScheduler, ipcBackoff: false.
2021-10-17 01:38:52,593 [Socket Reader #1 for port 11184] INFO  ipc.Server (Server.java:run(1265)) - Starting Socket Reader #1 for port 11184
2021-10-17 01:38:52,594 [org.apache.ratis.util.JvmPauseMonitor$$Lambda$523/1638607820@71fd865e] INFO  util.JvmPauseMonitor (JvmPauseMonitor.java:run(103)) - JvmPauseMonitor-omNode-3: Started
2021-10-17 01:38:52,605 [Listener at localhost/11184] INFO  http.BaseHttpServer (BaseHttpServer.java:newHttpServer2BuilderForOzone(209)) - Starting Web-server for ozoneManager at: http://0.0.0.0:11186
2021-10-17 01:38:52,605 [Listener at localhost/11184] INFO  http.BaseHttpServer (BaseHttpServer.java:<init>(107)) - Hadoop Security Enabled: false Ozone Security Enabled: false Ozone HTTP Security Enabled: false 
2021-10-17 01:38:52,606 [grpc-default-executor-6] WARN  server.GrpcLogAppender (LogUtils.java:warn(122)) - omNode-2@group-523986131536->omNode-3-AppendLogResponseHandler: Failed appendEntries: org.apache.ratis.thirdparty.io.grpc.StatusRuntimeException: UNAVAILABLE: io exception
2021-10-17 01:38:52,607 [grpc-default-executor-6] WARN  server.GrpcLogAppender (GrpcLogAppender.java:resetClient(111)) - omNode-2@group-523986131536->omNode-3-GrpcLogAppender: Leader has not got in touch with Follower omNode-2@group-523986131536->omNode-3(c-1,m0,n32, attendVote=true, lastRpcSendTime=1, lastRpcResponseTime=3231) yet, just keep nextIndex unchanged and retry.
2021-10-17 01:38:52,609 [Listener at localhost/11184] INFO  server.AuthenticationFilter (AuthenticationFilter.java:constructSecretProvider(240)) - Unable to initialize FileSignerSecretProvider, falling back to use random secrets.
2021-10-17 01:38:52,610 [Listener at localhost/11184] WARN  http.HttpRequestLog (HttpRequestLog.java:getRequestLog(103)) - Jetty request log can only be enabled using Log4j
2021-10-17 01:38:52,611 [Listener at localhost/11184] INFO  http.HttpServer2 (HttpServer2.java:addGlobalFilter(1030)) - Added global filter 'safety' (class=org.apache.hadoop.hdds.server.http.HttpServer2$QuotingInputFilter)
2021-10-17 01:38:52,612 [Listener at localhost/11184] INFO  http.HttpServer2 (HttpServer2.java:addFilter(1006)) - Added filter static_user_filter (class=org.apache.hadoop.http.lib.StaticUserWebFilter$StaticUserFilter) to context ozoneManager
2021-10-17 01:38:52,612 [Listener at localhost/11184] INFO  http.HttpServer2 (HttpServer2.java:addFilter(1014)) - Added filter static_user_filter (class=org.apache.hadoop.http.lib.StaticUserWebFilter$StaticUserFilter) to context logs
2021-10-17 01:38:52,612 [Listener at localhost/11184] INFO  http.HttpServer2 (HttpServer2.java:addFilter(1014)) - Added filter static_user_filter (class=org.apache.hadoop.http.lib.StaticUserWebFilter$StaticUserFilter) to context static
2021-10-17 01:38:52,613 [Listener at localhost/11184] INFO  http.HttpServer2 (HttpServer2.java:bindListener(1249)) - Jetty bound to port 11186
2021-10-17 01:38:52,613 [Listener at localhost/11184] INFO  server.Server (Server.java:doStart(375)) - jetty-9.4.43.v20210629; built: 2021-06-30T11:07:22.254Z; git: 526006ecfa3af7f1a27ef3a288e2bef7ea9dd7e8; jvm 1.8.0_292-b10
2021-10-17 01:38:52,614 [Listener at localhost/11184] INFO  server.session (DefaultSessionIdManager.java:doStart(334)) - DefaultSessionIdManager workerName=node0
2021-10-17 01:38:52,614 [Listener at localhost/11184] INFO  server.session (DefaultSessionIdManager.java:doStart(339)) - No SessionScavenger set, using defaults
2021-10-17 01:38:52,614 [Listener at localhost/11184] INFO  server.session (HouseKeeper.java:startScavenging(132)) - node0 Scavenging every 660000ms
2021-10-17 01:38:52,615 [Listener at localhost/11184] INFO  handler.ContextHandler (ContextHandler.java:doStart(915)) - Started o.e.j.s.ServletContextHandler@427756e7{logs,/logs,file:///home/runner/work/ozone/ozone/hadoop-ozone/integration-test/target/log,AVAILABLE}
2021-10-17 01:38:52,615 [Listener at localhost/11184] INFO  handler.ContextHandler (ContextHandler.java:doStart(915)) - Started o.e.j.s.ServletContextHandler@4aab1dd7{static,/static,file:///home/runner/work/ozone/ozone/hadoop-ozone/integration-test/target/test-classes/webapps/static,AVAILABLE}
2021-10-17 01:38:52,619 [Listener at localhost/11184] INFO  handler.ContextHandler (ContextHandler.java:doStart(915)) - Started o.e.j.w.WebAppContext@1a79e7b{ozoneManager,/,file:///home/runner/work/ozone/ozone/hadoop-ozone/integration-test/target/test-classes/webapps/ozoneManager/,AVAILABLE}{file:/home/runner/work/ozone/ozone/hadoop-ozone/integration-test/target/test-classes/webapps/ozoneManager}
2021-10-17 01:38:52,627 [Listener at localhost/11184] INFO  server.AbstractConnector (AbstractConnector.java:doStart(331)) - Started ServerConnector@1f68ec94{HTTP/1.1, (http/1.1)}{0.0.0.0:11186}
2021-10-17 01:38:52,627 [Listener at localhost/11184] INFO  server.Server (Server.java:doStart(415)) - Started @289350ms
2021-10-17 01:38:52,627 [Listener at localhost/11184] WARN  impl.MetricsSystemImpl (MetricsSystemImpl.java:register(279)) - Sink prometheus already exists!
2021-10-17 01:38:52,628 [Listener at localhost/11184] INFO  http.BaseHttpServer (BaseHttpServer.java:updateConnectorAddress(329)) - HTTP server of ozoneManager listening at http://0.0.0.0:11186
2021-10-17 01:38:52,628 [IPC Server Responder] INFO  ipc.Server (Server.java:run(1507)) - IPC Server Responder: starting
2021-10-17 01:38:52,629 [IPC Server listener on 11184] INFO  ipc.Server (Server.java:run(1344)) - IPC Server listener on 11184: starting
2021-10-17 01:38:52,645 [Listener at localhost/11184] INFO  om.OzoneManager (OzoneManager.java:startTrashEmptier(1563)) - Trash Interval set to 0. Files deleted will not move to trash
2021-10-17 01:38:52,645 [Listener at localhost/11184] INFO  om.OzoneManager (OzoneManager.java:stop(1664)) - Stopping Ozone Manager
2021-10-17 01:38:52,645 [Listener at localhost/11184] INFO  ipc.Server (Server.java:stop(3414)) - Stopping server on 11172
2021-10-17 01:38:52,648 [org.apache.hadoop.util.JvmPauseMonitor$Monitor@437b9aa5] INFO  util.JvmPauseMonitor (JvmPauseMonitor.java:run(188)) - Starting JVM pause monitor
2021-10-17 01:38:52,649 [Listener at localhost/11184] INFO  server.RaftServer (RaftServerProxy.java:lambda$close$6(391)) - omNode-1: close
2021-10-17 01:38:52,649 [grpc-default-executor-6] INFO  server.RaftServer$Division (RaftServerImpl.java:checkInconsistentAppendEntries(1319)) - omNode-1@group-523986131536: Failed appendEntries as previous log entry ((t:6, i:31)) is not found
2021-10-17 01:38:52,649 [IPC Server listener on 11172] INFO  ipc.Server (Server.java:run(1376)) - Stopping IPC Server listener on 11172
2021-10-17 01:38:52,649 [IPC Server Responder] INFO  ipc.Server (Server.java:run(1512)) - Stopping IPC Server Responder
2021-10-17 01:38:52,649 [grpc-default-executor-6] INFO  server.RaftServer$Division (RaftServerImpl.java:checkInconsistentAppendEntries(1285)) - omNode-1@group-523986131536: inconsistency entries. Reply:omNode-2<-omNode-1#169:FAIL-t6,INCONSISTENCY,nextIndex=21,followerCommit=20
2021-10-17 01:38:52,649 [Listener at localhost/11184] INFO  server.RaftServer$Division (RaftServerImpl.java:lambda$close$4(407)) - omNode-1@group-523986131536: shutdown
2021-10-17 01:38:52,651 [Listener at localhost/11184] INFO  util.JmxRegister (JmxRegister.java:unregister(73)) - Successfully un-registered JMX Bean with object name Ratis:service=RaftServer,group=group-523986131536,id=omNode-1
2021-10-17 01:38:52,651 [Listener at localhost/11184] INFO  impl.RoleInfo (RoleInfo.java:shutdownFollowerState(108)) - omNode-1: shutdown omNode-1@group-523986131536-FollowerState
2021-10-17 01:38:52,651 [Listener at localhost/11184] INFO  impl.StateMachineUpdater (StateMachineUpdater.java:stopAndJoin(149)) - omNode-1@group-523986131536-StateMachineUpdater: set stopIndex = 20
2021-10-17 01:38:52,651 [omNode-1@group-523986131536-FollowerState] INFO  impl.FollowerState (FollowerState.java:run(143)) - omNode-1@group-523986131536-FollowerState was interrupted: {}
java.lang.InterruptedException: sleep interrupted
	at java.lang.Thread.sleep(Native Method)
	at java.lang.Thread.sleep(Thread.java:340)
	at java.util.concurrent.TimeUnit.sleep(TimeUnit.java:386)
	at org.apache.ratis.util.TimeDuration.sleep(TimeDuration.java:324)
	at org.apache.ratis.util.TimeDuration.sleep(TimeDuration.java:309)
	at org.apache.ratis.server.impl.FollowerState.run(FollowerState.java:118)
2021-10-17 01:38:52,655 [omNode-1@group-523986131536-StateMachineUpdater] INFO  ratis.OzoneManagerStateMachine (OzoneManagerStateMachine.java:close(471)) - StateMachine has shutdown. Shutdown OzoneManager if not already shutdown.
2021-10-17 01:38:52,655 [grpc-default-executor-6] INFO  leader.FollowerInfo (FollowerInfoImpl.java:lambda$new$0(46)) - omNode-2@group-523986131536->omNode-1: nextIndex: updateUnconditionally 32 -> 21
2021-10-17 01:38:52,655 [Listener at localhost/11184] INFO  server.RaftServer$Division (ServerState.java:close(419)) - omNode-1@group-523986131536: closes. applyIndex: 20
2021-10-17 01:38:52,655 [omNode-1@group-523986131536-SegmentedRaftLogWorker] INFO  segmented.SegmentedRaftLogWorker (SegmentedRaftLogWorker.java:run(327)) - omNode-1@group-523986131536-SegmentedRaftLogWorker was interrupted, exiting. There are 0 tasks remaining in the queue.
2021-10-17 01:38:52,655 [Listener at localhost/11184] INFO  segmented.SegmentedRaftLogWorker (SegmentedRaftLogWorker.java:close(237)) - omNode-1@group-523986131536-SegmentedRaftLogWorker close()
2021-10-17 01:38:52,659 [Listener at localhost/11184] INFO  server.GrpcService (GrpcService.java:closeImpl(262)) - omNode-1: shutdown server with port 11176 now
2021-10-17 01:38:52,661 [grpc-default-executor-7] WARN  server.GrpcServerProtocolService (LogUtils.java:warn(122)) - omNode-1: installSnapshot onError, lastRequest: omNode-2->omNode-1#170-t6,previous=(t:0, i:0),leaderCommit=11,initializing? false,entries: size=11, first=(t:3, i:21), CONFIGURATIONENTRY: org.apache.ratis.thirdparty.io.grpc.StatusRuntimeException: CANCELLED: client cancelled
2021-10-17 01:38:52,661 [grpc-default-executor-8] WARN  server.GrpcServerProtocolService (LogUtils.java:warn(122)) - omNode-1: installSnapshot onError, lastRequest: omNode-2->omNode-1#1-t6,previous=(t:5, i:30),leaderCommit=30,initializing? true,entries: size=1, first=(t:6, i:31), CONFIGURATIONENTRY: org.apache.ratis.thirdparty.io.grpc.StatusRuntimeException: CANCELLED: client cancelled
2021-10-17 01:38:52,661 [Listener at localhost/11184] INFO  server.GrpcService (GrpcService.java:closeImpl(271)) - omNode-1: shutdown server with port 11176 successfully
2021-10-17 01:38:52,661 [grpc-default-executor-7] WARN  server.GrpcLogAppender (LogUtils.java:warn(122)) - omNode-2@group-523986131536->omNode-1-AppendLogResponseHandler: Failed appendEntries: org.apache.ratis.thirdparty.io.grpc.StatusRuntimeException: CANCELLED: HTTP/2 error code: CANCEL
Received Rst Stream
2021-10-17 01:38:52,662 [grpc-default-executor-7] INFO  leader.FollowerInfo (FollowerInfoImpl.java:lambda$new$0(46)) - omNode-2@group-523986131536->omNode-1: nextIndex: updateUnconditionally 32 -> 21
2021-10-17 01:38:52,667 [org.apache.ratis.util.JvmPauseMonitor$$Lambda$523/1638607820@77163dc9] INFO  util.JvmPauseMonitor (JvmPauseMonitor.java:run(109)) - JvmPauseMonitor-omNode-1: Stopped
2021-10-17 01:38:52,667 [Listener at localhost/11184] INFO  ratis.OzoneManagerDoubleBuffer (OzoneManagerDoubleBuffer.java:stop(437)) - Stopping OMDoubleBuffer flush thread
2021-10-17 01:38:52,673 [OMDoubleBufferFlushThread] INFO  ratis.OzoneManagerDoubleBuffer (OzoneManagerDoubleBuffer.java:flushTransactions(356)) - OMDoubleBuffer flush thread OMDoubleBufferFlushThread is interrupted and will exit. OMDoubleBufferFlushThread
2021-10-17 01:38:52,675 [Listener at localhost/11184] INFO  handler.ContextHandler (ContextHandler.java:doStop(1153)) - Stopped o.e.j.w.WebAppContext@3c91df42{ozoneManager,/,null,STOPPED}{file:/home/runner/work/ozone/ozone/hadoop-ozone/integration-test/target/test-classes/webapps/ozoneManager}
2021-10-17 01:38:52,675 [grpc-default-executor-3] WARN  server.GrpcLogAppender (LogUtils.java:warn(122)) - omNode-2@group-523986131536->omNode-1-AppendLogResponseHandler: Failed appendEntries: org.apache.ratis.thirdparty.io.grpc.StatusRuntimeException: UNAVAILABLE: io exception
2021-10-17 01:38:52,675 [grpc-default-executor-3] INFO  leader.FollowerInfo (FollowerInfoImpl.java:lambda$new$0(46)) - omNode-2@group-523986131536->omNode-1: nextIndex: updateUnconditionally 32 -> 21
2021-10-17 01:38:52,675 [Listener at localhost/11184] INFO  server.AbstractConnector (AbstractConnector.java:doStop(381)) - Stopped ServerConnector@16d130aa{HTTP/1.1, (http/1.1)}{0.0.0.0:11174}
2021-10-17 01:38:52,675 [Listener at localhost/11184] INFO  server.session (HouseKeeper.java:stopScavenging(149)) - node0 Stopped scavenging
2021-10-17 01:38:52,676 [Listener at localhost/11184] INFO  handler.ContextHandler (ContextHandler.java:doStop(1153)) - Stopped o.e.j.s.ServletContextHandler@4e0d2b48{static,/static,file:///home/runner/work/ozone/ozone/hadoop-ozone/integration-test/target/test-classes/webapps/static,STOPPED}
2021-10-17 01:38:52,676 [Listener at localhost/11184] INFO  handler.ContextHandler (ContextHandler.java:doStop(1153)) - Stopped o.e.j.s.ServletContextHandler@7cfc2794{logs,/logs,file:///home/runner/work/ozone/ozone/hadoop-ozone/integration-test/target/log,STOPPED}
2021-10-17 01:38:52,678 [Listener at localhost/11184] INFO  om.OzoneManager (OzoneManager.java:initFSOLayout(4357)) - Configured ozone.om.metadata.layout=SIMPLE and disabled optimized OM FS operations
2021-10-17 01:38:52,678 [Listener at localhost/11184] INFO  om.OzoneManager (OzoneManager.java:restart(1385)) - OzoneManager RPC server is listening at localhost/127.0.0.1:11172
2021-10-17 01:38:52,678 [Listener at localhost/11184] INFO  impl.MetricsSystemImpl (MetricsSystemImpl.java:init(158)) - OzoneManager metrics system started (again)
2021-10-17 01:38:52,683 [grpc-default-executor-9] INFO  server.GrpcLogAppender (GrpcLogAppender.java:onError(333)) - omNode-2@group-523986131536->omNode-1-GrpcLogAppender is stopped
2021-10-17 01:38:52,705 [Listener at localhost/11184] WARN  server.ServerUtils (ServerUtils.java:getDBPath(225)) - ozone.om.db.dirs is not configured. We recommend adding this setting. Falling back to ozone.metadata.dirs instead.
2021-10-17 01:38:52,706 [Listener at localhost/11184] INFO  codec.OmKeyInfoCodec (OmKeyInfoCodec.java:<init>(51)) - OmKeyInfoCodec ignorePipeline = true
2021-10-17 01:38:52,706 [Listener at localhost/11184] INFO  codec.RepeatedOmKeyInfoCodec (RepeatedOmKeyInfoCodec.java:<init>(42)) - RepeatedOmKeyInfoCodec ignorePipeline = true
2021-10-17 01:38:52,747 [Listener at localhost/11184] WARN  om.OzoneManager (OzoneManager.java:instantiatePrepareStateOnStartup(4236)) - Prepare marker file index 20 does not match DB prepare index 14. Writing DB index to prepare file and maintaining prepared state.
2021-10-17 01:38:52,748 [Listener at localhost/11184] INFO  om.OzoneManagerPrepareState (OzoneManagerPrepareState.java:writePrepareMarkerFile(262)) - Prepare marker file written with log index 14 to file /home/runner/work/ozone/ozone/hadoop-ozone/integration-test/target/test-dir/MiniOzoneClusterImpl-e6b5673d-0e05-4a61-970a-b11d77d0bde6/omNode-1/current/prepareMarker
2021-10-17 01:38:52,750 [Listener at localhost/11184] WARN  impl.MetricRegistriesImpl (MetricRegistriesImpl.java:addReporterRegistration(111)) - New reporters are added after registries were created. Some metrics will be missing from the reporter. Please add reporter before adding any new registry.
2021-10-17 01:38:52,750 [Listener at localhost/11184] WARN  impl.MetricRegistriesImpl (MetricRegistriesImpl.java:addReporterRegistration(111)) - New reporters are added after registries were created. Some metrics will be missing from the reporter. Please add reporter before adding any new registry.
2021-10-17 01:38:52,750 [Listener at localhost/11184] WARN  server.ServerUtils (ServerUtils.java:getDefaultRatisDirectory(237)) - Storage directory for Ratis is not configured. It is a good idea to map this to an SSD disk. Falling back to ozone.metadata.dirs
2021-10-17 01:38:52,751 [Listener at localhost/11184] INFO  ratis.OzoneManagerRatisServer (OzoneManagerRatisServer.java:<init>(159)) - Instantiating OM Ratis server with groupID: om-service-test1 and peers: localhost:11176, localhost:11188, localhost:11182
2021-10-17 01:38:52,752 [Listener at localhost/11184] INFO  ratis.OzoneManagerStateMachine (OzoneManagerStateMachine.java:loadSnapshotInfoFromDB(605)) - LastAppliedIndex is set from TransactionInfo from OM DB as (t:2, i:20)
2021-10-17 01:38:52,754 [Listener at localhost/11184] INFO  server.RaftServer (ConfUtils.java:logGet(44)) - raft.rpc.type = GRPC (default)
2021-10-17 01:38:52,754 [Listener at localhost/11184] INFO  grpc.GrpcFactory (GrpcFactory.java:checkPooledByteBufAllocatorUseCacheForAllThreads(48)) - PERFORMANCE WARNING: useCacheForAllThreads is true that may cause Netty to create a lot garbage objects and, as a result, trigger GC.
	It is recommended to disable useCacheForAllThreads by setting -Dorg.apache.ratis.thirdparty.io.netty.allocator.useCacheForAllThreads=false in command line.
2021-10-17 01:38:52,754 [Listener at localhost/11184] INFO  grpc.GrpcConfigKeys (ConfUtils.java:logGet(44)) - raft.grpc.admin.port = -1 (default)
2021-10-17 01:38:52,755 [Listener at localhost/11184] INFO  grpc.GrpcConfigKeys (ConfUtils.java:logGet(44)) - raft.grpc.server.port = 11176 (custom)
2021-10-17 01:38:52,755 [Listener at localhost/11184] INFO  grpc.GrpcConfigKeys (ConfUtils.java:logGet(44)) - raft.grpc.client.port = -1 (default)
2021-10-17 01:38:52,755 [Listener at localhost/11184] INFO  grpc.GrpcConfigKeys (ConfUtils.java:logGet(44)) - raft.grpc.server.port = 11176 (custom)
2021-10-17 01:38:52,755 [Listener at localhost/11184] INFO  grpc.GrpcConfigKeys (ConfUtils.java:logGet(44)) - raft.grpc.server.port = 11176 (custom)
2021-10-17 01:38:52,755 [Listener at localhost/11184] INFO  server.GrpcService (ConfUtils.java:logGet(44)) - raft.grpc.message.size.max = 33554432 (custom)
2021-10-17 01:38:52,755 [Listener at localhost/11184] INFO  server.RaftServerConfigKeys (ConfUtils.java:logGet(44)) - raft.server.log.appender.buffer.byte-limit = 33554432 (custom)
2021-10-17 01:38:52,755 [Listener at localhost/11184] INFO  server.GrpcService (ConfUtils.java:logGet(44)) - raft.grpc.flow.control.window = 1MB (=1048576) (default)
2021-10-17 01:38:52,755 [Listener at localhost/11184] INFO  server.RaftServerConfigKeys (ConfUtils.java:logGet(44)) - raft.server.rpc.request.timeout = 3000ms (default)
2021-10-17 01:38:52,756 [Listener at localhost/11184] INFO  impl.DataStreamServerImpl (ConfUtils.java:logGet(44)) - raft.datastream.type = DISABLED (default)
2021-10-17 01:38:52,756 [Listener at localhost/11184] INFO  server.RaftServerConfigKeys (ConfUtils.java:logGet(44)) - raft.server.rpc.slowness.timeout = 2s (custom)
2021-10-17 01:38:52,756 [Listener at localhost/11184] INFO  server.RaftServerConfigKeys (ConfUtils.java:logGet(44)) - raft.server.leaderelection.leader.step-down.wait-time = 10s (default)
2021-10-17 01:38:52,756 [Listener at localhost/11184] INFO  server.RaftServerConfigKeys (ConfUtils.java:logGet(44)) - raft.server.storage.dir = [/home/runner/work/ozone/ozone/hadoop-ozone/integration-test/target/test-dir/MiniOzoneClusterImpl-e6b5673d-0e05-4a61-970a-b11d77d0bde6/omNode-1/ratis] (custom)
2021-10-17 01:38:52,757 [Listener at localhost/11184] INFO  server.RaftServer (RaftServerProxy.java:lambda$null$1(235)) - omNode-1: found a subdirectory /home/runner/work/ozone/ozone/hadoop-ozone/integration-test/target/test-dir/MiniOzoneClusterImpl-e6b5673d-0e05-4a61-970a-b11d77d0bde6/omNode-1/ratis/c9bc4cf4-3bc3-3c60-a66b-523986131536
2021-10-17 01:38:52,758 [Listener at localhost/11184] INFO  server.RaftServer (RaftServerProxy.java:addNew(95)) - omNode-1: addNew group-523986131536:[omNode-3|rpc:localhost:11188|priority:0, omNode-1|rpc:localhost:11176|priority:0, omNode-2|rpc:localhost:11182|priority:0] returns group-523986131536:java.util.concurrent.CompletableFuture@1ed32ac7[Not completed]
2021-10-17 01:38:52,758 [Listener at localhost/11184] INFO  om.OzoneManager (OzoneManager.java:initializeRatisServer(1605)) - OzoneManager Ratis server initialized at port 11176
2021-10-17 01:38:52,758 [Listener at localhost/11184] INFO  ratis.OzoneManagerRatisServer (OzoneManagerRatisServer.java:start(520)) - Starting OzoneManagerRatisServer omNode-1 at port 11176
2021-10-17 01:38:52,759 [pool-311-thread-1] INFO  server.RaftServer$Division (RaftServerImpl.java:<init>(181)) - omNode-1: new RaftServerImpl for group-523986131536:[omNode-3|rpc:localhost:11188|priority:0, omNode-1|rpc:localhost:11176|priority:0, omNode-2|rpc:localhost:11182|priority:0] with OzoneManagerStateMachine:uninitialized
2021-10-17 01:38:52,760 [pool-311-thread-1] INFO  server.RaftServerConfigKeys (ConfUtils.java:logGet(44)) - raft.server.rpc.timeout.min = 1s (custom)
2021-10-17 01:38:52,760 [pool-311-thread-1] INFO  server.RaftServerConfigKeys (ConfUtils.java:logGet(44)) - raft.server.rpc.timeout.max = 1200ms (custom)
2021-10-17 01:38:52,760 [pool-311-thread-1] INFO  server.RaftServerConfigKeys (ConfUtils.java:logGet(44)) - raft.server.rpc.sleep.time = 25ms (default)
2021-10-17 01:38:52,760 [pool-311-thread-1] INFO  server.RaftServerConfigKeys (ConfUtils.java:logGet(44)) - raft.server.rpc.slowness.timeout = 2s (custom)
2021-10-17 01:38:52,760 [pool-311-thread-1] INFO  server.RaftServerConfigKeys (ConfUtils.java:logGet(44)) - raft.server.leaderelection.leader.step-down.wait-time = 10s (default)
2021-10-17 01:38:52,760 [pool-311-thread-1] INFO  server.RaftServerConfigKeys (ConfUtils.java:logGet(44)) - raft.server.sleep.deviation.threshold = 300ms (default)
2021-10-17 01:38:52,760 [pool-311-thread-1] INFO  server.RaftServerConfigKeys (ConfUtils.java:logGet(44)) - raft.server.log.appender.install.snapshot.enabled = false (custom)
2021-10-17 01:38:52,760 [pool-311-thread-1] INFO  server.RaftServer$Division (ServerState.java:<init>(105)) - omNode-1@group-523986131536: ConfigurationManager, init=-1: [omNode-3|rpc:localhost:11188|priority:0, omNode-1|rpc:localhost:11176|priority:0, omNode-2|rpc:localhost:11182|priority:0], old=null, confs=<EMPTY_MAP>
2021-10-17 01:38:52,760 [pool-311-thread-1] INFO  server.RaftServerConfigKeys (ConfUtils.java:logGet(44)) - raft.server.storage.dir = [/home/runner/work/ozone/ozone/hadoop-ozone/integration-test/target/test-dir/MiniOzoneClusterImpl-e6b5673d-0e05-4a61-970a-b11d77d0bde6/omNode-1/ratis] (custom)
2021-10-17 01:38:52,760 [pool-311-thread-1] INFO  server.RaftServerConfigKeys (ConfUtils.java:logGet(44)) - raft.server.log.corruption.policy = EXCEPTION (default)
2021-10-17 01:38:52,760 [pool-311-thread-1] INFO  server.RaftServerConfigKeys (ConfUtils.java:logGet(44)) - raft.server.storage.free-space.min = 0MB (=0) (default)
2021-10-17 01:38:52,761 [pool-311-thread-1] INFO  storage.RaftStorageDirectory (RaftStorageDirectoryImpl.java:tryLock(230)) - Lock on /home/runner/work/ozone/ozone/hadoop-ozone/integration-test/target/test-dir/MiniOzoneClusterImpl-e6b5673d-0e05-4a61-970a-b11d77d0bde6/omNode-1/ratis/c9bc4cf4-3bc3-3c60-a66b-523986131536/in_use.lock acquired by nodename 15180@fv-az151-444
2021-10-17 01:38:52,762 [pool-311-thread-1] INFO  storage.RaftStorage (RaftStorageImpl.java:analyzeAndRecoverStorage(110)) - Read RaftStorageMetadata{term=6, votedFor=omNode-2} from /home/runner/work/ozone/ozone/hadoop-ozone/integration-test/target/test-dir/MiniOzoneClusterImpl-e6b5673d-0e05-4a61-970a-b11d77d0bde6/omNode-1/ratis/c9bc4cf4-3bc3-3c60-a66b-523986131536/current/raft-meta
2021-10-17 01:38:52,762 [pool-311-thread-1] INFO  server.RaftServer$Division (ServerState.java:setRaftConf(387)) - omNode-1@group-523986131536: set configuration 31: [omNode-3|rpc:localhost:11188|admin:|client:|dataStream:|priority:0, omNode-1|rpc:localhost:11176|admin:|client:|dataStream:|priority:0, omNode-2|rpc:localhost:11182|admin:|client:|dataStream:|priority:0], old=null
2021-10-17 01:38:52,762 [pool-311-thread-1] INFO  server.RaftServerConfigKeys (ConfUtils.java:logGet(44)) - raft.server.notification.no-leader.timeout = 2s (custom)
2021-10-17 01:38:52,762 [pool-311-thread-1] INFO  server.RaftServerConfigKeys (ConfUtils.java:logGet(44)) - raft.server.log.use.memory = false (default)
2021-10-17 01:38:52,762 [pool-311-thread-1] INFO  server.RaftServerConfigKeys (ConfUtils.java:logGet(44)) - raft.server.log.purge.gap = 50 (custom)
2021-10-17 01:38:52,762 [pool-311-thread-1] INFO  server.RaftServerConfigKeys (ConfUtils.java:logGet(44)) - raft.server.log.appender.buffer.byte-limit = 33554432 (custom)
2021-10-17 01:38:52,763 [pool-311-thread-1] INFO  server.RaftServerConfigKeys (ConfUtils.java:logGet(44)) - raft.server.log.segment.size.max = 4194304 (custom)
2021-10-17 01:38:52,763 [pool-311-thread-1] INFO  server.RaftServerConfigKeys (ConfUtils.java:logGet(44)) - raft.server.log.segment.cache.num.max = 2 (custom)
2021-10-17 01:38:52,763 [pool-311-thread-1] INFO  server.RaftServerConfigKeys (ConfUtils.java:logGet(44)) - raft.server.log.segment.cache.size.max = 200MB (=209715200) (default)
2021-10-17 01:38:52,763 [pool-311-thread-1] INFO  segmented.SegmentedRaftLogWorker (SegmentedRaftLogWorker.java:<init>(182)) - new omNode-1@group-523986131536-SegmentedRaftLogWorker for RaftStorageImpl:Storage Directory /home/runner/work/ozone/ozone/hadoop-ozone/integration-test/target/test-dir/MiniOzoneClusterImpl-e6b5673d-0e05-4a61-970a-b11d77d0bde6/omNode-1/ratis/c9bc4cf4-3bc3-3c60-a66b-523986131536
2021-10-17 01:38:52,763 [pool-311-thread-1] INFO  server.RaftServerConfigKeys (ConfUtils.java:logGet(44)) - raft.server.log.queue.byte-limit = 64MB (=67108864) (default)
2021-10-17 01:38:52,763 [pool-311-thread-1] INFO  server.RaftServerConfigKeys (ConfUtils.java:logGet(44)) - raft.server.log.queue.element-limit = 4096 (default)
2021-10-17 01:38:52,763 [pool-311-thread-1] INFO  server.RaftServerConfigKeys (ConfUtils.java:logGet(44)) - raft.server.log.segment.size.max = 4194304 (custom)
2021-10-17 01:38:52,763 [pool-311-thread-1] INFO  server.RaftServerConfigKeys (ConfUtils.java:logGet(44)) - raft.server.log.preallocated.size = 4194304 (custom)
2021-10-17 01:38:52,763 [pool-311-thread-1] INFO  server.RaftServerConfigKeys (ConfUtils.java:logGet(44)) - raft.server.log.force.sync.num = 128 (default)
2021-10-17 01:38:52,763 [pool-311-thread-1] INFO  server.RaftServerConfigKeys (ConfUtils.java:logGet(44)) - raft.server.log.statemachine.data.sync = true (default)
2021-10-17 01:38:52,763 [pool-311-thread-1] INFO  server.RaftServerConfigKeys (ConfUtils.java:logGet(44)) - raft.server.log.statemachine.data.sync.timeout = 10s (default)
2021-10-17 01:38:52,763 [pool-311-thread-1] INFO  server.RaftServerConfigKeys (ConfUtils.java:logGet(44)) - raft.server.log.statemachine.data.sync.timeout.retry = -1 (default)
2021-10-17 01:38:52,764 [pool-311-thread-1] INFO  server.RaftServerConfigKeys (ConfUtils.java:logGet(44)) - raft.server.log.write.buffer.size = 64KB (=65536) (default)
2021-10-17 01:38:52,764 [pool-311-thread-1] INFO  server.RaftServerConfigKeys (ConfUtils.java:logGet(44)) - raft.server.log.statemachine.data.caching.enabled = false (default)
2021-10-17 01:38:52,765 [pool-311-thread-1] INFO  segmented.SegmentedRaftLogWorker (SegmentedRaftLogWorker.java:lambda$new$0(133)) - omNode-1@group-523986131536-SegmentedRaftLogWorker: flushIndex: setUnconditionally 0 -> 20
2021-10-17 01:38:52,765 [pool-311-thread-1] INFO  segmented.SegmentedRaftLogWorker (SegmentedRaftLogWorker.java:lambda$new$0(133)) - omNode-1@group-523986131536-SegmentedRaftLogWorker: safeCacheEvictIndex: setUnconditionally 0 -> -1
2021-10-17 01:38:52,765 [pool-311-thread-1] INFO  server.RaftServerConfigKeys (ConfUtils.java:logGet(44)) - raft.server.snapshot.auto.trigger.enabled = true (custom)
2021-10-17 01:38:52,765 [pool-311-thread-1] INFO  server.RaftServerConfigKeys (ConfUtils.java:logGet(44)) - raft.server.snapshot.auto.trigger.threshold = 50 (custom)
2021-10-17 01:38:52,765 [pool-311-thread-1] INFO  server.RaftServerConfigKeys (ConfUtils.java:logGet(44)) - raft.server.snapshot.retention.file.num = -1 (default)
2021-10-17 01:38:52,765 [pool-311-thread-1] INFO  server.RaftServerConfigKeys (ConfUtils.java:logGet(44)) - raft.server.log.purge.upto.snapshot.index = true (custom)
2021-10-17 01:38:52,765 [pool-311-thread-1] INFO  server.RaftServerConfigKeys (ConfUtils.java:logGet(44)) - raft.server.retrycache.expirytime = 30000ms (custom)
2021-10-17 01:38:52,765 [pool-311-thread-1] INFO  server.RaftServerConfigKeys (ConfUtils.java:logGet(44)) - raft.server.retrycache.statistics.expirytime = 100μs (default)
2021-10-17 01:38:52,766 [Listener at localhost/11184] INFO  server.RaftServer$Division (RaftServerImpl.java:start(296)) - omNode-1@group-523986131536: start as a follower, conf=31: [omNode-3|rpc:localhost:11188|admin:|client:|dataStream:|priority:0, omNode-1|rpc:localhost:11176|admin:|client:|dataStream:|priority:0, omNode-2|rpc:localhost:11182|admin:|client:|dataStream:|priority:0], old=null
2021-10-17 01:38:52,766 [Listener at localhost/11184] INFO  server.RaftServer$Division (RaftServerImpl.java:setRole(285)) - omNode-1@group-523986131536: changes role from      null to FOLLOWER at term 6 for startAsFollower
2021-10-17 01:38:52,766 [Listener at localhost/11184] INFO  impl.RoleInfo (RoleInfo.java:updateAndGet(130)) - omNode-1: start omNode-1@group-523986131536-FollowerState
2021-10-17 01:38:52,772 [Listener at localhost/11184] INFO  util.JmxRegister (JmxRegister.java:tryRegister(44)) - Successfully registered JMX Bean with object name Ratis:service=RaftServer,group=group-523986131536,id=omNode-1
2021-10-17 01:38:52,773 [Listener at localhost/11184] INFO  server.RaftServer (RaftServerProxy.java:lambda$start$5(374)) - omNode-1: start RPC server
2021-10-17 01:38:52,778 [Listener at localhost/11184] INFO  server.GrpcService (GrpcService.java:startImpl(253)) - omNode-1: GrpcService started, listening on 11176
2021-10-17 01:38:52,785 [Listener at localhost/11184] INFO  ipc.CallQueueManager (CallQueueManager.java:<init>(90)) - Using callQueue: class java.util.concurrent.LinkedBlockingQueue, queueCapacity: 2000, scheduler: class org.apache.hadoop.ipc.DefaultRpcScheduler, ipcBackoff: false.
2021-10-17 01:38:52,786 [org.apache.ratis.util.JvmPauseMonitor$$Lambda$523/1638607820@e8f0140] INFO  util.JvmPauseMonitor (JvmPauseMonitor.java:run(103)) - JvmPauseMonitor-omNode-1: Started
2021-10-17 01:38:52,790 [Socket Reader #1 for port 11172] INFO  ipc.Server (Server.java:run(1265)) - Starting Socket Reader #1 for port 11172
2021-10-17 01:38:52,798 [Listener at localhost/11172] INFO  http.BaseHttpServer (BaseHttpServer.java:newHttpServer2BuilderForOzone(209)) - Starting Web-server for ozoneManager at: http://0.0.0.0:11174
2021-10-17 01:38:52,798 [Listener at localhost/11172] INFO  http.BaseHttpServer (BaseHttpServer.java:<init>(107)) - Hadoop Security Enabled: false Ozone Security Enabled: false Ozone HTTP Security Enabled: false 
2021-10-17 01:38:52,799 [Listener at localhost/11172] INFO  server.AuthenticationFilter (AuthenticationFilter.java:constructSecretProvider(240)) - Unable to initialize FileSignerSecretProvider, falling back to use random secrets.
2021-10-17 01:38:52,802 [Listener at localhost/11172] WARN  http.HttpRequestLog (HttpRequestLog.java:getRequestLog(103)) - Jetty request log can only be enabled using Log4j
2021-10-17 01:38:52,803 [Listener at localhost/11172] INFO  http.HttpServer2 (HttpServer2.java:addGlobalFilter(1030)) - Added global filter 'safety' (class=org.apache.hadoop.hdds.server.http.HttpServer2$QuotingInputFilter)
2021-10-17 01:38:52,804 [Listener at localhost/11172] INFO  http.HttpServer2 (HttpServer2.java:addFilter(1006)) - Added filter static_user_filter (class=org.apache.hadoop.http.lib.StaticUserWebFilter$StaticUserFilter) to context ozoneManager
2021-10-17 01:38:52,804 [Listener at localhost/11172] INFO  http.HttpServer2 (HttpServer2.java:addFilter(1014)) - Added filter static_user_filter (class=org.apache.hadoop.http.lib.StaticUserWebFilter$StaticUserFilter) to context logs
2021-10-17 01:38:52,804 [Listener at localhost/11172] INFO  http.HttpServer2 (HttpServer2.java:addFilter(1014)) - Added filter static_user_filter (class=org.apache.hadoop.http.lib.StaticUserWebFilter$StaticUserFilter) to context static
2021-10-17 01:38:52,804 [Listener at localhost/11172] INFO  http.HttpServer2 (HttpServer2.java:bindListener(1249)) - Jetty bound to port 11174
2021-10-17 01:38:52,804 [Listener at localhost/11172] INFO  server.Server (Server.java:doStart(375)) - jetty-9.4.43.v20210629; built: 2021-06-30T11:07:22.254Z; git: 526006ecfa3af7f1a27ef3a288e2bef7ea9dd7e8; jvm 1.8.0_292-b10
2021-10-17 01:38:52,847 [Listener at localhost/11172] INFO  server.session (DefaultSessionIdManager.java:doStart(334)) - DefaultSessionIdManager workerName=node0
2021-10-17 01:38:52,848 [Listener at localhost/11172] INFO  server.session (DefaultSessionIdManager.java:doStart(339)) - No SessionScavenger set, using defaults
2021-10-17 01:38:52,848 [Listener at localhost/11172] INFO  server.session (HouseKeeper.java:startScavenging(132)) - node0 Scavenging every 660000ms
2021-10-17 01:38:52,848 [Listener at localhost/11172] INFO  handler.ContextHandler (ContextHandler.java:doStart(915)) - Started o.e.j.s.ServletContextHandler@65b82fe1{logs,/logs,file:///home/runner/work/ozone/ozone/hadoop-ozone/integration-test/target/log,AVAILABLE}
2021-10-17 01:38:52,849 [Listener at localhost/11172] INFO  handler.ContextHandler (ContextHandler.java:doStart(915)) - Started o.e.j.s.ServletContextHandler@f31e22e{static,/static,file:///home/runner/work/ozone/ozone/hadoop-ozone/integration-test/target/test-classes/webapps/static,AVAILABLE}
2021-10-17 01:38:52,852 [Listener at localhost/11172] INFO  handler.ContextHandler (ContextHandler.java:doStart(915)) - Started o.e.j.w.WebAppContext@50a003bb{ozoneManager,/,file:///home/runner/work/ozone/ozone/hadoop-ozone/integration-test/target/test-classes/webapps/ozoneManager/,AVAILABLE}{file:/home/runner/work/ozone/ozone/hadoop-ozone/integration-test/target/test-classes/webapps/ozoneManager}
2021-10-17 01:38:52,854 [Listener at localhost/11172] INFO  server.AbstractConnector (AbstractConnector.java:doStart(331)) - Started ServerConnector@39c18f77{HTTP/1.1, (http/1.1)}{0.0.0.0:11174}
2021-10-17 01:38:52,854 [Listener at localhost/11172] INFO  server.Server (Server.java:doStart(415)) - Started @289577ms
2021-10-17 01:38:52,854 [Listener at localhost/11172] WARN  impl.MetricsSystemImpl (MetricsSystemImpl.java:register(279)) - Sink prometheus already exists!
2021-10-17 01:38:52,855 [Listener at localhost/11172] INFO  http.BaseHttpServer (BaseHttpServer.java:updateConnectorAddress(329)) - HTTP server of ozoneManager listening at http://0.0.0.0:11174
2021-10-17 01:38:52,855 [IPC Server Responder] INFO  ipc.Server (Server.java:run(1507)) - IPC Server Responder: starting
2021-10-17 01:38:52,855 [IPC Server listener on 11172] INFO  ipc.Server (Server.java:run(1344)) - IPC Server listener on 11172: starting
2021-10-17 01:38:52,860 [Listener at localhost/11172] INFO  om.OzoneManager (OzoneManager.java:startTrashEmptier(1563)) - Trash Interval set to 0. Files deleted will not move to trash
2021-10-17 01:38:52,860 [Listener at localhost/11172] INFO  om.OzoneManager (OzoneManager.java:stop(1664)) - Stopping Ozone Manager
2021-10-17 01:38:52,860 [Listener at localhost/11172] INFO  ipc.Server (Server.java:stop(3414)) - Stopping server on 11178
2021-10-17 01:38:52,861 [org.apache.hadoop.util.JvmPauseMonitor$Monitor@2cc8a665] INFO  util.JvmPauseMonitor (JvmPauseMonitor.java:run(188)) - Starting JVM pause monitor
2021-10-17 01:38:52,864 [IPC Server Responder] INFO  ipc.Server (Server.java:run(1512)) - Stopping IPC Server Responder
2021-10-17 01:38:52,864 [IPC Server listener on 11178] INFO  ipc.Server (Server.java:run(1376)) - Stopping IPC Server listener on 11178
2021-10-17 01:38:52,867 [Listener at localhost/11172] INFO  server.RaftServer (RaftServerProxy.java:lambda$close$6(391)) - omNode-2: close
2021-10-17 01:38:52,867 [Listener at localhost/11172] INFO  server.RaftServer$Division (RaftServerImpl.java:lambda$close$4(407)) - omNode-2@group-523986131536: shutdown
2021-10-17 01:38:52,867 [Listener at localhost/11172] INFO  util.JmxRegister (JmxRegister.java:unregister(73)) - Successfully un-registered JMX Bean with object name Ratis:service=RaftServer,group=group-523986131536,id=omNode-2
2021-10-17 01:38:52,867 [Listener at localhost/11172] INFO  impl.RoleInfo (RoleInfo.java:shutdownLeaderState(91)) - omNode-2: shutdown omNode-2@group-523986131536-LeaderStateImpl
2021-10-17 01:38:52,867 [Listener at localhost/11172] INFO  impl.PendingRequests (PendingRequests.java:sendNotLeaderResponses(282)) - omNode-2@group-523986131536-PendingRequests: sendNotLeaderResponses
2021-10-17 01:38:52,871 [omNode-2@group-523986131536->omNode-1-GrpcLogAppender-LogAppenderDaemon] WARN  server.GrpcLogAppender (GrpcLogAppender.java:mayWait(175)) - omNode-2@group-523986131536->omNode-1-GrpcLogAppender: Wait interrupted by java.lang.InterruptedException
2021-10-17 01:38:52,871 [Listener at localhost/11172] INFO  impl.StateMachineUpdater (StateMachineUpdater.java:stopAndJoin(149)) - omNode-2@group-523986131536-StateMachineUpdater: set stopIndex = 30
2021-10-17 01:38:52,873 [omNode-2@group-523986131536-StateMachineUpdater] INFO  ratis.OzoneManagerStateMachine (OzoneManagerStateMachine.java:takeSnapshot(417)) - Current Snapshot Index (t:5, i:30)
2021-10-17 01:38:52,873 [omNode-2@group-523986131536-StateMachineUpdater] INFO  impl.StateMachineUpdater (StateMachineUpdater.java:takeSnapshot(281)) - omNode-2@group-523986131536-StateMachineUpdater: Took a snapshot at index 30
2021-10-17 01:38:52,873 [omNode-2@group-523986131536-StateMachineUpdater] INFO  impl.StateMachineUpdater (StateMachineUpdater.java:lambda$new$0(89)) - omNode-2@group-523986131536-StateMachineUpdater: snapshotIndex: updateIncreasingly 26 -> 30
2021-10-17 01:38:52,873 [omNode-2@group-523986131536-StateMachineUpdater] INFO  ratis.OzoneManagerStateMachine (OzoneManagerStateMachine.java:close(471)) - StateMachine has shutdown. Shutdown OzoneManager if not already shutdown.
2021-10-17 01:38:52,873 [Listener at localhost/11172] INFO  server.RaftServer$Division (ServerState.java:close(419)) - omNode-2@group-523986131536: closes. applyIndex: 30
2021-10-17 01:38:52,874 [omNode-2@group-523986131536-SegmentedRaftLogWorker] INFO  segmented.SegmentedRaftLogWorker (SegmentedRaftLogWorker.java:run(327)) - omNode-2@group-523986131536-SegmentedRaftLogWorker was interrupted, exiting. There are 0 tasks remaining in the queue.
2021-10-17 01:38:52,875 [Listener at localhost/11172] INFO  segmented.SegmentedRaftLogWorker (SegmentedRaftLogWorker.java:close(237)) - omNode-2@group-523986131536-SegmentedRaftLogWorker close()
2021-10-17 01:38:52,876 [Listener at localhost/11172] INFO  server.GrpcService (GrpcService.java:closeImpl(262)) - omNode-2: shutdown server with port 11182 now
2021-10-17 01:38:52,880 [Listener at localhost/11172] INFO  server.GrpcService (GrpcService.java:closeImpl(271)) - omNode-2: shutdown server with port 11182 successfully
2021-10-17 01:38:52,881 [org.apache.ratis.util.JvmPauseMonitor$$Lambda$523/1638607820@4e597004] INFO  util.JvmPauseMonitor (JvmPauseMonitor.java:run(109)) - JvmPauseMonitor-omNode-2: Stopped
2021-10-17 01:38:52,881 [Listener at localhost/11172] INFO  ratis.OzoneManagerDoubleBuffer (OzoneManagerDoubleBuffer.java:stop(437)) - Stopping OMDoubleBuffer flush thread
2021-10-17 01:38:52,881 [OMDoubleBufferFlushThread] INFO  ratis.OzoneManagerDoubleBuffer (OzoneManagerDoubleBuffer.java:flushTransactions(356)) - OMDoubleBuffer flush thread OMDoubleBufferFlushThread is interrupted and will exit. OMDoubleBufferFlushThread
2021-10-17 01:38:52,881 [Listener at localhost/11172] INFO  handler.ContextHandler (ContextHandler.java:doStop(1153)) - Stopped o.e.j.w.WebAppContext@4561df07{ozoneManager,/,null,STOPPED}{file:/home/runner/work/ozone/ozone/hadoop-ozone/integration-test/target/test-classes/webapps/ozoneManager}
2021-10-17 01:38:52,882 [Listener at localhost/11172] INFO  server.AbstractConnector (AbstractConnector.java:doStop(381)) - Stopped ServerConnector@7157fc30{HTTP/1.1, (http/1.1)}{0.0.0.0:11180}
2021-10-17 01:38:52,882 [Listener at localhost/11172] INFO  server.session (HouseKeeper.java:stopScavenging(149)) - node0 Stopped scavenging
2021-10-17 01:38:52,882 [Listener at localhost/11172] INFO  handler.ContextHandler (ContextHandler.java:doStop(1153)) - Stopped o.e.j.s.ServletContextHandler@4644ab3{static,/static,file:///home/runner/work/ozone/ozone/hadoop-ozone/integration-test/target/test-classes/webapps/static,STOPPED}
2021-10-17 01:38:52,882 [Listener at localhost/11172] INFO  handler.ContextHandler (ContextHandler.java:doStop(1153)) - Stopped o.e.j.s.ServletContextHandler@657f9cef{logs,/logs,file:///home/runner/work/ozone/ozone/hadoop-ozone/integration-test/target/log,STOPPED}
2021-10-17 01:38:52,884 [Listener at localhost/11172] INFO  om.OzoneManager (OzoneManager.java:initFSOLayout(4357)) - Configured ozone.om.metadata.layout=SIMPLE and disabled optimized OM FS operations
2021-10-17 01:38:52,884 [Listener at localhost/11172] INFO  om.OzoneManager (OzoneManager.java:restart(1385)) - OzoneManager RPC server is listening at localhost/127.0.0.1:11178
2021-10-17 01:38:52,884 [Listener at localhost/11172] INFO  impl.MetricsSystemImpl (MetricsSystemImpl.java:init(158)) - OzoneManager metrics system started (again)
2021-10-17 01:38:52,898 [Listener at localhost/11172] WARN  server.ServerUtils (ServerUtils.java:getDBPath(225)) - ozone.om.db.dirs is not configured. We recommend adding this setting. Falling back to ozone.metadata.dirs instead.
2021-10-17 01:38:52,899 [Listener at localhost/11172] INFO  codec.OmKeyInfoCodec (OmKeyInfoCodec.java:<init>(51)) - OmKeyInfoCodec ignorePipeline = true
2021-10-17 01:38:52,899 [Listener at localhost/11172] INFO  codec.RepeatedOmKeyInfoCodec (RepeatedOmKeyInfoCodec.java:<init>(42)) - RepeatedOmKeyInfoCodec ignorePipeline = true
2021-10-17 01:38:52,946 [Listener at localhost/11172] WARN  impl.MetricRegistriesImpl (MetricRegistriesImpl.java:addReporterRegistration(111)) - New reporters are added after registries were created. Some metrics will be missing from the reporter. Please add reporter before adding any new registry.
2021-10-17 01:38:52,946 [Listener at localhost/11172] WARN  impl.MetricRegistriesImpl (MetricRegistriesImpl.java:addReporterRegistration(111)) - New reporters are added after registries were created. Some metrics will be missing from the reporter. Please add reporter before adding any new registry.
2021-10-17 01:38:52,946 [Listener at localhost/11172] WARN  server.ServerUtils (ServerUtils.java:getDefaultRatisDirectory(237)) - Storage directory for Ratis is not configured. It is a good idea to map this to an SSD disk. Falling back to ozone.metadata.dirs
2021-10-17 01:38:52,947 [Listener at localhost/11172] INFO  ratis.OzoneManagerRatisServer (OzoneManagerRatisServer.java:<init>(159)) - Instantiating OM Ratis server with groupID: om-service-test1 and peers: localhost:11182, localhost:11188, localhost:11176
2021-10-17 01:38:52,948 [Listener at localhost/11172] INFO  ratis.OzoneManagerStateMachine (OzoneManagerStateMachine.java:loadSnapshotInfoFromDB(605)) - LastAppliedIndex is set from TransactionInfo from OM DB as (t:5, i:30)
2021-10-17 01:38:52,948 [Listener at localhost/11172] INFO  server.RaftServer (ConfUtils.java:logGet(44)) - raft.rpc.type = GRPC (default)
2021-10-17 01:38:52,948 [Listener at localhost/11172] INFO  grpc.GrpcFactory (GrpcFactory.java:checkPooledByteBufAllocatorUseCacheForAllThreads(48)) - PERFORMANCE WARNING: useCacheForAllThreads is true that may cause Netty to create a lot garbage objects and, as a result, trigger GC.
	It is recommended to disable useCacheForAllThreads by setting -Dorg.apache.ratis.thirdparty.io.netty.allocator.useCacheForAllThreads=false in command line.
2021-10-17 01:38:52,948 [Listener at localhost/11172] INFO  grpc.GrpcConfigKeys (ConfUtils.java:logGet(44)) - raft.grpc.admin.port = -1 (default)
2021-10-17 01:38:52,948 [Listener at localhost/11172] INFO  grpc.GrpcConfigKeys (ConfUtils.java:logGet(44)) - raft.grpc.server.port = 11182 (custom)
2021-10-17 01:38:52,948 [Listener at localhost/11172] INFO  grpc.GrpcConfigKeys (ConfUtils.java:logGet(44)) - raft.grpc.client.port = -1 (default)
2021-10-17 01:38:52,948 [Listener at localhost/11172] INFO  grpc.GrpcConfigKeys (ConfUtils.java:logGet(44)) - raft.grpc.server.port = 11182 (custom)
2021-10-17 01:38:52,948 [Listener at localhost/11172] INFO  grpc.GrpcConfigKeys (ConfUtils.java:logGet(44)) - raft.grpc.server.port = 11182 (custom)
2021-10-17 01:38:52,948 [Listener at localhost/11172] INFO  server.GrpcService (ConfUtils.java:logGet(44)) - raft.grpc.message.size.max = 33554432 (custom)
2021-10-17 01:38:52,948 [Listener at localhost/11172] INFO  server.RaftServerConfigKeys (ConfUtils.java:logGet(44)) - raft.server.log.appender.buffer.byte-limit = 33554432 (custom)
2021-10-17 01:38:52,949 [Listener at localhost/11172] INFO  server.GrpcService (ConfUtils.java:logGet(44)) - raft.grpc.flow.control.window = 1MB (=1048576) (default)
2021-10-17 01:38:52,949 [Listener at localhost/11172] INFO  server.RaftServerConfigKeys (ConfUtils.java:logGet(44)) - raft.server.rpc.request.timeout = 3000ms (default)
2021-10-17 01:38:52,950 [Listener at localhost/11172] INFO  impl.DataStreamServerImpl (ConfUtils.java:logGet(44)) - raft.datastream.type = DISABLED (default)
2021-10-17 01:38:52,950 [Listener at localhost/11172] INFO  server.RaftServerConfigKeys (ConfUtils.java:logGet(44)) - raft.server.rpc.slowness.timeout = 2s (custom)
2021-10-17 01:38:52,950 [Listener at localhost/11172] INFO  server.RaftServerConfigKeys (ConfUtils.java:logGet(44)) - raft.server.leaderelection.leader.step-down.wait-time = 10s (default)
2021-10-17 01:38:52,950 [Listener at localhost/11172] INFO  server.RaftServerConfigKeys (ConfUtils.java:logGet(44)) - raft.server.storage.dir = [/home/runner/work/ozone/ozone/hadoop-ozone/integration-test/target/test-dir/MiniOzoneClusterImpl-e6b5673d-0e05-4a61-970a-b11d77d0bde6/omNode-2/ratis] (custom)
2021-10-17 01:38:52,950 [Listener at localhost/11172] INFO  server.RaftServer (RaftServerProxy.java:lambda$null$1(235)) - omNode-2: found a subdirectory /home/runner/work/ozone/ozone/hadoop-ozone/integration-test/target/test-dir/MiniOzoneClusterImpl-e6b5673d-0e05-4a61-970a-b11d77d0bde6/omNode-2/ratis/c9bc4cf4-3bc3-3c60-a66b-523986131536
2021-10-17 01:38:52,951 [Listener at localhost/11172] INFO  server.RaftServer (RaftServerProxy.java:addNew(95)) - omNode-2: addNew group-523986131536:[omNode-3|rpc:localhost:11188|priority:0, omNode-1|rpc:localhost:11176|priority:0, omNode-2|rpc:localhost:11182|priority:0] returns group-523986131536:java.util.concurrent.CompletableFuture@53e1ba8b[Not completed]
2021-10-17 01:38:52,951 [Listener at localhost/11172] INFO  om.OzoneManager (OzoneManager.java:initializeRatisServer(1605)) - OzoneManager Ratis server initialized at port 11182
2021-10-17 01:38:52,951 [Listener at localhost/11172] INFO  ratis.OzoneManagerRatisServer (OzoneManagerRatisServer.java:start(520)) - Starting OzoneManagerRatisServer omNode-2 at port 11182
2021-10-17 01:38:52,951 [pool-331-thread-1] INFO  server.RaftServer$Division (RaftServerImpl.java:<init>(181)) - omNode-2: new RaftServerImpl for group-523986131536:[omNode-3|rpc:localhost:11188|priority:0, omNode-1|rpc:localhost:11176|priority:0, omNode-2|rpc:localhost:11182|priority:0] with OzoneManagerStateMachine:uninitialized
2021-10-17 01:38:52,952 [pool-331-thread-1] INFO  server.RaftServerConfigKeys (ConfUtils.java:logGet(44)) - raft.server.rpc.timeout.min = 1s (custom)
2021-10-17 01:38:52,952 [pool-331-thread-1] INFO  server.RaftServerConfigKeys (ConfUtils.java:logGet(44)) - raft.server.rpc.timeout.max = 1200ms (custom)
2021-10-17 01:38:52,952 [pool-331-thread-1] INFO  server.RaftServerConfigKeys (ConfUtils.java:logGet(44)) - raft.server.rpc.sleep.time = 25ms (default)
2021-10-17 01:38:52,952 [pool-331-thread-1] INFO  server.RaftServerConfigKeys (ConfUtils.java:logGet(44)) - raft.server.rpc.slowness.timeout = 2s (custom)
2021-10-17 01:38:52,952 [pool-331-thread-1] INFO  server.RaftServerConfigKeys (ConfUtils.java:logGet(44)) - raft.server.leaderelection.leader.step-down.wait-time = 10s (default)
2021-10-17 01:38:52,952 [pool-331-thread-1] INFO  server.RaftServerConfigKeys (ConfUtils.java:logGet(44)) - raft.server.sleep.deviation.threshold = 300ms (default)
2021-10-17 01:38:52,952 [pool-331-thread-1] INFO  server.RaftServerConfigKeys (ConfUtils.java:logGet(44)) - raft.server.log.appender.install.snapshot.enabled = false (custom)
2021-10-17 01:38:52,952 [pool-331-thread-1] INFO  server.RaftServer$Division (ServerState.java:<init>(105)) - omNode-2@group-523986131536: ConfigurationManager, init=-1: [omNode-3|rpc:localhost:11188|priority:0, omNode-1|rpc:localhost:11176|priority:0, omNode-2|rpc:localhost:11182|priority:0], old=null, confs=<EMPTY_MAP>
2021-10-17 01:38:52,952 [pool-331-thread-1] INFO  server.RaftServerConfigKeys (ConfUtils.java:logGet(44)) - raft.server.storage.dir = [/home/runner/work/ozone/ozone/hadoop-ozone/integration-test/target/test-dir/MiniOzoneClusterImpl-e6b5673d-0e05-4a61-970a-b11d77d0bde6/omNode-2/ratis] (custom)
2021-10-17 01:38:52,953 [pool-331-thread-1] INFO  server.RaftServerConfigKeys (ConfUtils.java:logGet(44)) - raft.server.log.corruption.policy = EXCEPTION (default)
2021-10-17 01:38:52,953 [pool-331-thread-1] INFO  server.RaftServerConfigKeys (ConfUtils.java:logGet(44)) - raft.server.storage.free-space.min = 0MB (=0) (default)
2021-10-17 01:38:52,954 [pool-331-thread-1] INFO  storage.RaftStorageDirectory (RaftStorageDirectoryImpl.java:tryLock(230)) - Lock on /home/runner/work/ozone/ozone/hadoop-ozone/integration-test/target/test-dir/MiniOzoneClusterImpl-e6b5673d-0e05-4a61-970a-b11d77d0bde6/omNode-2/ratis/c9bc4cf4-3bc3-3c60-a66b-523986131536/in_use.lock acquired by nodename 15180@fv-az151-444
2021-10-17 01:38:52,954 [pool-331-thread-1] INFO  storage.RaftStorage (RaftStorageImpl.java:analyzeAndRecoverStorage(110)) - Read RaftStorageMetadata{term=6, votedFor=omNode-2} from /home/runner/work/ozone/ozone/hadoop-ozone/integration-test/target/test-dir/MiniOzoneClusterImpl-e6b5673d-0e05-4a61-970a-b11d77d0bde6/omNode-2/ratis/c9bc4cf4-3bc3-3c60-a66b-523986131536/current/raft-meta
2021-10-17 01:38:52,954 [pool-331-thread-1] INFO  server.RaftServer$Division (ServerState.java:setRaftConf(387)) - omNode-2@group-523986131536: set configuration 27: [omNode-3|rpc:localhost:11188|admin:|client:|dataStream:|priority:0, omNode-1|rpc:localhost:11176|admin:|client:|dataStream:|priority:0, omNode-2|rpc:localhost:11182|admin:|client:|dataStream:|priority:0], old=null
2021-10-17 01:38:52,954 [pool-331-thread-1] INFO  server.RaftServerConfigKeys (ConfUtils.java:logGet(44)) - raft.server.notification.no-leader.timeout = 2s (custom)
2021-10-17 01:38:52,954 [pool-331-thread-1] INFO  server.RaftServerConfigKeys (ConfUtils.java:logGet(44)) - raft.server.log.use.memory = false (default)
2021-10-17 01:38:52,954 [pool-331-thread-1] INFO  server.RaftServerConfigKeys (ConfUtils.java:logGet(44)) - raft.server.log.purge.gap = 50 (custom)
2021-10-17 01:38:52,954 [pool-331-thread-1] INFO  server.RaftServerConfigKeys (ConfUtils.java:logGet(44)) - raft.server.log.appender.buffer.byte-limit = 33554432 (custom)
2021-10-17 01:38:52,955 [pool-331-thread-1] INFO  server.RaftServerConfigKeys (ConfUtils.java:logGet(44)) - raft.server.log.segment.size.max = 4194304 (custom)
2021-10-17 01:38:52,955 [pool-331-thread-1] INFO  server.RaftServerConfigKeys (ConfUtils.java:logGet(44)) - raft.server.log.segment.cache.num.max = 2 (custom)
2021-10-17 01:38:52,955 [pool-331-thread-1] INFO  server.RaftServerConfigKeys (ConfUtils.java:logGet(44)) - raft.server.log.segment.cache.size.max = 200MB (=209715200) (default)
2021-10-17 01:38:52,955 [pool-331-thread-1] INFO  segmented.SegmentedRaftLogWorker (SegmentedRaftLogWorker.java:<init>(182)) - new omNode-2@group-523986131536-SegmentedRaftLogWorker for RaftStorageImpl:Storage Directory /home/runner/work/ozone/ozone/hadoop-ozone/integration-test/target/test-dir/MiniOzoneClusterImpl-e6b5673d-0e05-4a61-970a-b11d77d0bde6/omNode-2/ratis/c9bc4cf4-3bc3-3c60-a66b-523986131536
2021-10-17 01:38:52,955 [pool-331-thread-1] INFO  server.RaftServerConfigKeys (ConfUtils.java:logGet(44)) - raft.server.log.queue.byte-limit = 64MB (=67108864) (default)
2021-10-17 01:38:52,955 [pool-331-thread-1] INFO  server.RaftServerConfigKeys (ConfUtils.java:logGet(44)) - raft.server.log.queue.element-limit = 4096 (default)
2021-10-17 01:38:52,955 [pool-331-thread-1] INFO  server.RaftServerConfigKeys (ConfUtils.java:logGet(44)) - raft.server.log.segment.size.max = 4194304 (custom)
2021-10-17 01:38:52,955 [pool-331-thread-1] INFO  server.RaftServerConfigKeys (ConfUtils.java:logGet(44)) - raft.server.log.preallocated.size = 4194304 (custom)
2021-10-17 01:38:52,955 [pool-331-thread-1] INFO  server.RaftServerConfigKeys (ConfUtils.java:logGet(44)) - raft.server.log.force.sync.num = 128 (default)
2021-10-17 01:38:52,955 [pool-331-thread-1] INFO  server.RaftServerConfigKeys (ConfUtils.java:logGet(44)) - raft.server.log.statemachine.data.sync = true (default)
2021-10-17 01:38:52,955 [pool-331-thread-1] INFO  server.RaftServerConfigKeys (ConfUtils.java:logGet(44)) - raft.server.log.statemachine.data.sync.timeout = 10s (default)
2021-10-17 01:38:52,956 [pool-331-thread-1] INFO  server.RaftServerConfigKeys (ConfUtils.java:logGet(44)) - raft.server.log.statemachine.data.sync.timeout.retry = -1 (default)
2021-10-17 01:38:52,956 [pool-331-thread-1] INFO  server.RaftServerConfigKeys (ConfUtils.java:logGet(44)) - raft.server.log.write.buffer.size = 64KB (=65536) (default)
2021-10-17 01:38:52,956 [pool-331-thread-1] INFO  server.RaftServerConfigKeys (ConfUtils.java:logGet(44)) - raft.server.log.statemachine.data.caching.enabled = false (default)
2021-10-17 01:38:52,957 [pool-331-thread-1] INFO  server.RaftServer$Division (ServerState.java:setRaftConf(387)) - omNode-2@group-523986131536: set configuration 21: [omNode-3|rpc:localhost:11188|admin:|client:|dataStream:|priority:0, omNode-1|rpc:localhost:11176|admin:|client:|dataStream:|priority:0, omNode-2|rpc:localhost:11182|admin:|client:|dataStream:|priority:0], old=null
2021-10-17 01:38:52,957 [pool-331-thread-1] INFO  segmented.LogSegment (LogSegment.java:loadSegment(173)) - Successfully read 2 entries from segment file /home/runner/work/ozone/ozone/hadoop-ozone/integration-test/target/test-dir/MiniOzoneClusterImpl-e6b5673d-0e05-4a61-970a-b11d77d0bde6/omNode-2/ratis/c9bc4cf4-3bc3-3c60-a66b-523986131536/current/log_21-22
2021-10-17 01:38:52,958 [pool-331-thread-1] INFO  server.RaftServer$Division (ServerState.java:setRaftConf(387)) - omNode-2@group-523986131536: set configuration 23: [omNode-3|rpc:localhost:11188|admin:|client:|dataStream:|priority:0, omNode-1|rpc:localhost:11176|admin:|client:|dataStream:|priority:0, omNode-2|rpc:localhost:11182|admin:|client:|dataStream:|priority:0], old=null
2021-10-17 01:38:52,958 [pool-331-thread-1] INFO  segmented.LogSegment (LogSegment.java:loadSegment(173)) - Successfully read 4 entries from segment file /home/runner/work/ozone/ozone/hadoop-ozone/integration-test/target/test-dir/MiniOzoneClusterImpl-e6b5673d-0e05-4a61-970a-b11d77d0bde6/omNode-2/ratis/c9bc4cf4-3bc3-3c60-a66b-523986131536/current/log_23-26
2021-10-17 01:38:52,958 [pool-331-thread-1] INFO  server.RaftServer$Division (ServerState.java:setRaftConf(387)) - omNode-2@group-523986131536: set configuration 27: [omNode-3|rpc:localhost:11188|admin:|client:|dataStream:|priority:0, omNode-1|rpc:localhost:11176|admin:|client:|dataStream:|priority:0, omNode-2|rpc:localhost:11182|admin:|client:|dataStream:|priority:0], old=null
2021-10-17 01:38:52,958 [pool-331-thread-1] INFO  segmented.LogSegment (LogSegment.java:loadSegment(173)) - Successfully read 4 entries from segment file /home/runner/work/ozone/ozone/hadoop-ozone/integration-test/target/test-dir/MiniOzoneClusterImpl-e6b5673d-0e05-4a61-970a-b11d77d0bde6/omNode-2/ratis/c9bc4cf4-3bc3-3c60-a66b-523986131536/current/log_27-30
2021-10-17 01:38:52,958 [pool-331-thread-1] INFO  server.RaftServer$Division (ServerState.java:setRaftConf(387)) - omNode-2@group-523986131536: set configuration 31: [omNode-3|rpc:localhost:11188|admin:|client:|dataStream:|priority:0, omNode-1|rpc:localhost:11176|admin:|client:|dataStream:|priority:0, omNode-2|rpc:localhost:11182|admin:|client:|dataStream:|priority:0], old=null
2021-10-17 01:38:52,958 [pool-331-thread-1] INFO  segmented.LogSegment (LogSegment.java:loadSegment(173)) - Successfully read 1 entries from segment file /home/runner/work/ozone/ozone/hadoop-ozone/integration-test/target/test-dir/MiniOzoneClusterImpl-e6b5673d-0e05-4a61-970a-b11d77d0bde6/omNode-2/ratis/c9bc4cf4-3bc3-3c60-a66b-523986131536/current/log_inprogress_31
2021-10-17 01:38:52,958 [pool-331-thread-1] INFO  segmented.SegmentedRaftLogWorker (SegmentedRaftLogWorker.java:lambda$new$0(133)) - omNode-2@group-523986131536-SegmentedRaftLogWorker: flushIndex: setUnconditionally 0 -> 31
2021-10-17 01:38:52,958 [pool-331-thread-1] INFO  segmented.SegmentedRaftLogWorker (SegmentedRaftLogWorker.java:lambda$new$0(133)) - omNode-2@group-523986131536-SegmentedRaftLogWorker: safeCacheEvictIndex: setUnconditionally 0 -> 30
2021-10-17 01:38:52,959 [pool-331-thread-1] INFO  raftlog.RaftLog (RaftLogBase.java:lambda$new$0(53)) - omNode-2@group-523986131536-SegmentedRaftLog: commitIndex: updateToMax old=30, new=29, updated? false
2021-10-17 01:38:52,959 [pool-331-thread-1] INFO  raftlog.RaftLog (RaftLogBase.java:lambda$new$0(53)) - omNode-2@group-523986131536-SegmentedRaftLog: purgeIndex: updateIncreasingly -1 -> 20
2021-10-17 01:38:52,959 [pool-331-thread-1] INFO  server.RaftServerConfigKeys (ConfUtils.java:logGet(44)) - raft.server.snapshot.auto.trigger.enabled = true (custom)
2021-10-17 01:38:52,959 [pool-331-thread-1] INFO  server.RaftServerConfigKeys (ConfUtils.java:logGet(44)) - raft.server.snapshot.auto.trigger.threshold = 50 (custom)
2021-10-17 01:38:52,959 [pool-331-thread-1] INFO  server.RaftServerConfigKeys (ConfUtils.java:logGet(44)) - raft.server.snapshot.retention.file.num = -1 (default)
2021-10-17 01:38:52,959 [pool-331-thread-1] INFO  server.RaftServerConfigKeys (ConfUtils.java:logGet(44)) - raft.server.log.purge.upto.snapshot.index = true (custom)
2021-10-17 01:38:52,959 [pool-331-thread-1] INFO  server.RaftServerConfigKeys (ConfUtils.java:logGet(44)) - raft.server.retrycache.expirytime = 30000ms (custom)
2021-10-17 01:38:52,959 [pool-331-thread-1] INFO  server.RaftServerConfigKeys (ConfUtils.java:logGet(44)) - raft.server.retrycache.statistics.expirytime = 100μs (default)
2021-10-17 01:38:52,960 [Listener at localhost/11172] INFO  server.RaftServer$Division (RaftServerImpl.java:start(296)) - omNode-2@group-523986131536: start as a follower, conf=31: [omNode-3|rpc:localhost:11188|admin:|client:|dataStream:|priority:0, omNode-1|rpc:localhost:11176|admin:|client:|dataStream:|priority:0, omNode-2|rpc:localhost:11182|admin:|client:|dataStream:|priority:0], old=null
2021-10-17 01:38:52,960 [Listener at localhost/11172] INFO  server.RaftServer$Division (RaftServerImpl.java:setRole(285)) - omNode-2@group-523986131536: changes role from      null to FOLLOWER at term 6 for startAsFollower
2021-10-17 01:38:52,960 [Listener at localhost/11172] INFO  impl.RoleInfo (RoleInfo.java:updateAndGet(130)) - omNode-2: start omNode-2@group-523986131536-FollowerState
2021-10-17 01:38:52,960 [Listener at localhost/11172] INFO  util.JmxRegister (JmxRegister.java:tryRegister(44)) - Successfully registered JMX Bean with object name Ratis:service=RaftServer,group=group-523986131536,id=omNode-2
2021-10-17 01:38:52,961 [Listener at localhost/11172] INFO  server.RaftServer (RaftServerProxy.java:lambda$start$5(374)) - omNode-2: start RPC server
2021-10-17 01:38:52,961 [Listener at localhost/11172] INFO  server.GrpcService (GrpcService.java:startImpl(253)) - omNode-2: GrpcService started, listening on 11182
2021-10-17 01:38:52,962 [Listener at localhost/11172] INFO  ipc.CallQueueManager (CallQueueManager.java:<init>(90)) - Using callQueue: class java.util.concurrent.LinkedBlockingQueue, queueCapacity: 2000, scheduler: class org.apache.hadoop.ipc.DefaultRpcScheduler, ipcBackoff: false.
2021-10-17 01:38:52,963 [org.apache.ratis.util.JvmPauseMonitor$$Lambda$523/1638607820@1f978041] INFO  util.JvmPauseMonitor (JvmPauseMonitor.java:run(103)) - JvmPauseMonitor-omNode-2: Started
2021-10-17 01:38:52,968 [Socket Reader #1 for port 11178] INFO  ipc.Server (Server.java:run(1265)) - Starting Socket Reader #1 for port 11178
2021-10-17 01:38:52,974 [Listener at localhost/11178] INFO  http.BaseHttpServer (BaseHttpServer.java:newHttpServer2BuilderForOzone(209)) - Starting Web-server for ozoneManager at: http://0.0.0.0:11180
2021-10-17 01:38:52,974 [Listener at localhost/11178] INFO  http.BaseHttpServer (BaseHttpServer.java:<init>(107)) - Hadoop Security Enabled: false Ozone Security Enabled: false Ozone HTTP Security Enabled: false 
2021-10-17 01:38:52,976 [Listener at localhost/11178] INFO  server.AuthenticationFilter (AuthenticationFilter.java:constructSecretProvider(240)) - Unable to initialize FileSignerSecretProvider, falling back to use random secrets.
2021-10-17 01:38:52,980 [Listener at localhost/11178] WARN  http.HttpRequestLog (HttpRequestLog.java:getRequestLog(103)) - Jetty request log can only be enabled using Log4j
2021-10-17 01:38:52,980 [Listener at localhost/11178] INFO  http.HttpServer2 (HttpServer2.java:addGlobalFilter(1030)) - Added global filter 'safety' (class=org.apache.hadoop.hdds.server.http.HttpServer2$QuotingInputFilter)
2021-10-17 01:38:52,981 [Listener at localhost/11178] INFO  http.HttpServer2 (HttpServer2.java:addFilter(1006)) - Added filter static_user_filter (class=org.apache.hadoop.http.lib.StaticUserWebFilter$StaticUserFilter) to context ozoneManager
2021-10-17 01:38:52,981 [Listener at localhost/11178] INFO  http.HttpServer2 (HttpServer2.java:addFilter(1014)) - Added filter static_user_filter (class=org.apache.hadoop.http.lib.StaticUserWebFilter$StaticUserFilter) to context logs
2021-10-17 01:38:52,981 [Listener at localhost/11178] INFO  http.HttpServer2 (HttpServer2.java:addFilter(1014)) - Added filter static_user_filter (class=org.apache.hadoop.http.lib.StaticUserWebFilter$StaticUserFilter) to context static
2021-10-17 01:38:52,983 [Listener at localhost/11178] INFO  http.HttpServer2 (HttpServer2.java:bindListener(1249)) - Jetty bound to port 11180
2021-10-17 01:38:52,983 [Listener at localhost/11178] INFO  server.Server (Server.java:doStart(375)) - jetty-9.4.43.v20210629; built: 2021-06-30T11:07:22.254Z; git: 526006ecfa3af7f1a27ef3a288e2bef7ea9dd7e8; jvm 1.8.0_292-b10
2021-10-17 01:38:52,985 [Listener at localhost/11178] INFO  server.session (DefaultSessionIdManager.java:doStart(334)) - DefaultSessionIdManager workerName=node0
2021-10-17 01:38:52,985 [Listener at localhost/11178] INFO  server.session (DefaultSessionIdManager.java:doStart(339)) - No SessionScavenger set, using defaults
2021-10-17 01:38:52,985 [Listener at localhost/11178] INFO  server.session (HouseKeeper.java:startScavenging(132)) - node0 Scavenging every 600000ms
2021-10-17 01:38:52,986 [Listener at localhost/11178] INFO  handler.ContextHandler (ContextHandler.java:doStart(915)) - Started o.e.j.s.ServletContextHandler@61d12b9d{logs,/logs,file:///home/runner/work/ozone/ozone/hadoop-ozone/integration-test/target/log,AVAILABLE}
2021-10-17 01:38:52,986 [Listener at localhost/11178] INFO  handler.ContextHandler (ContextHandler.java:doStart(915)) - Started o.e.j.s.ServletContextHandler@1d3332fe{static,/static,file:///home/runner/work/ozone/ozone/hadoop-ozone/integration-test/target/test-classes/webapps/static,AVAILABLE}
2021-10-17 01:38:52,993 [Listener at localhost/11178] INFO  handler.ContextHandler (ContextHandler.java:doStart(915)) - Started o.e.j.w.WebAppContext@77e9beb8{ozoneManager,/,file:///home/runner/work/ozone/ozone/hadoop-ozone/integration-test/target/test-classes/webapps/ozoneManager/,AVAILABLE}{file:/home/runner/work/ozone/ozone/hadoop-ozone/integration-test/target/test-classes/webapps/ozoneManager}
2021-10-17 01:38:52,995 [Listener at localhost/11178] INFO  server.AbstractConnector (AbstractConnector.java:doStart(331)) - Started ServerConnector@7f66ec46{HTTP/1.1, (http/1.1)}{0.0.0.0:11180}
2021-10-17 01:38:52,996 [Listener at localhost/11178] INFO  server.Server (Server.java:doStart(415)) - Started @289718ms
2021-10-17 01:38:52,996 [Listener at localhost/11178] WARN  impl.MetricsSystemImpl (MetricsSystemImpl.java:register(279)) - Sink prometheus already exists!
2021-10-17 01:38:52,999 [Listener at localhost/11178] INFO  http.BaseHttpServer (BaseHttpServer.java:updateConnectorAddress(329)) - HTTP server of ozoneManager listening at http://0.0.0.0:11180
2021-10-17 01:38:52,999 [IPC Server Responder] INFO  ipc.Server (Server.java:run(1507)) - IPC Server Responder: starting
2021-10-17 01:38:53,000 [IPC Server listener on 11178] INFO  ipc.Server (Server.java:run(1344)) - IPC Server listener on 11178: starting
2021-10-17 01:38:53,013 [Listener at localhost/11178] INFO  om.OzoneManager (OzoneManager.java:startTrashEmptier(1563)) - Trash Interval set to 0. Files deleted will not move to trash
]]></system-out>
  </testcase>
  <testcase name="testPrepareDownedOM" classname="org.apache.hadoop.ozone.om.TestOzoneManagerPrepare" time="124.466">
    <error message="timeout: after 120000 millis" type="java.util.concurrent.TimeoutException">java.util.concurrent.TimeoutException: timeout: after 120000 millis
	at org.apache.ozone.test.LambdaTestUtils$GenerateTimeout.evaluate(LambdaTestUtils.java:677)
	at org.apache.ozone.test.LambdaTestUtils.await(LambdaTestUtils.java:154)
	at org.apache.ozone.test.LambdaTestUtils.await(LambdaTestUtils.java:192)
	at org.apache.hadoop.ozone.om.TestOzoneManagerPrepare.assertClusterNotPrepared(TestOzoneManagerPrepare.java:484)
	at org.apache.hadoop.ozone.om.TestOzoneManagerPrepare.assertClusterNotPrepared(TestOzoneManagerPrepare.java:478)
	at org.apache.hadoop.ozone.om.TestOzoneManagerPrepare.initOM(TestOzoneManagerPrepare.java:91)
	at sun.reflect.NativeMethodAccessorImpl.invoke0(Native Method)
	at sun.reflect.NativeMethodAccessorImpl.invoke(NativeMethodAccessorImpl.java:62)
	at sun.reflect.DelegatingMethodAccessorImpl.invoke(DelegatingMethodAccessorImpl.java:43)
	at java.lang.reflect.Method.invoke(Method.java:498)
	at org.junit.runners.model.FrameworkMethod$1.runReflectiveCall(FrameworkMethod.java:59)
	at org.junit.internal.runners.model.ReflectiveCallable.run(ReflectiveCallable.java:12)
	at org.junit.runners.model.FrameworkMethod.invokeExplosively(FrameworkMethod.java:56)
	at org.junit.internal.runners.statements.RunBefores.invokeMethod(RunBefores.java:33)
	at org.junit.internal.runners.statements.RunBefores.evaluate(RunBefores.java:24)
	at org.junit.internal.runners.statements.RunAfters.evaluate(RunAfters.java:27)
	at org.junit.rules.ExpectedException$ExpectedExceptionStatement.evaluate(ExpectedException.java:258)
	at org.junit.internal.runners.statements.FailOnTimeout$CallableStatement.call(FailOnTimeout.java:288)
	at org.junit.internal.runners.statements.FailOnTimeout$CallableStatement.call(FailOnTimeout.java:282)
	at java.util.concurrent.FutureTask.run(FutureTask.java:266)
	at java.lang.Thread.run(Thread.java:748)
</error>
    <system-out><![CDATA[2021-10-17 01:38:53,015 [org.apache.hadoop.util.JvmPauseMonitor$Monitor@723388b5] INFO  util.JvmPauseMonitor (JvmPauseMonitor.java:run(188)) - Starting JVM pause monitor
2021-10-17 01:38:53,019 [Time-limited test] INFO  retry.RetryInvocationHandler (RetryInvocationHandler.java:log(411)) - com.google.protobuf.ServiceException: org.apache.hadoop.ipc.RemoteException(org.apache.hadoop.ozone.om.exceptions.OMNotLeaderException): OM:omNode-3 is not the leader. Could not determine the leader node.
	at org.apache.hadoop.ozone.om.ratis.utils.OzoneManagerRatisUtils.createNotLeaderException(OzoneManagerRatisUtils.java:465)
	at org.apache.hadoop.ozone.om.ratis.utils.OzoneManagerRatisUtils.checkLeaderStatus(OzoneManagerRatisUtils.java:451)
	at org.apache.hadoop.ozone.protocolPB.OzoneManagerProtocolServerSideTranslatorPB.checkLeaderStatus(OzoneManagerProtocolServerSideTranslatorPB.java:243)
	at org.apache.hadoop.ozone.protocolPB.OzoneManagerProtocolServerSideTranslatorPB.processRequest(OzoneManagerProtocolServerSideTranslatorPB.java:135)
	at org.apache.hadoop.hdds.server.OzoneProtocolMessageDispatcher.processRequest(OzoneProtocolMessageDispatcher.java:87)
	at org.apache.hadoop.ozone.protocolPB.OzoneManagerProtocolServerSideTranslatorPB.submitRequest(OzoneManagerProtocolServerSideTranslatorPB.java:123)
	at org.apache.hadoop.ozone.protocol.proto.OzoneManagerProtocolProtos$OzoneManagerService$2.callBlockingMethod(OzoneManagerProtocolProtos.java)
	at org.apache.hadoop.ipc.ProtobufRpcEngine$Server.processCall(ProtobufRpcEngine.java:466)
	at org.apache.hadoop.ipc.ProtobufRpcEngine2$Server$ProtoBufRpcInvoker.call(ProtobufRpcEngine2.java:574)
	at org.apache.hadoop.ipc.ProtobufRpcEngine2$Server$ProtoBufRpcInvoker.call(ProtobufRpcEngine2.java:552)
	at org.apache.hadoop.ipc.RPC$Server.call(RPC.java:1093)
	at org.apache.hadoop.ipc.Server$RpcCall.run(Server.java:1035)
	at org.apache.hadoop.ipc.Server$RpcCall.run(Server.java:963)
	at java.security.AccessController.doPrivileged(Native Method)
	at javax.security.auth.Subject.doAs(Subject.java:422)
	at org.apache.hadoop.security.UserGroupInformation.doAs(UserGroupInformation.java:1878)
	at org.apache.hadoop.ipc.Server$Handler.run(Server.java:2966)
, while invoking $Proxy52.submitRequest over nodeId=omNode-3,nodeAddress=127.0.0.1:11184. Trying to failover after sleeping for 2000ms.
2021-10-17 01:38:53,725 [omNode-3@group-523986131536-FollowerState] INFO  impl.FollowerState (FollowerState.java:run(134)) - omNode-3@group-523986131536-FollowerState: change to CANDIDATE, lastRpcElapsedTime:1161762246ns, electionTimeout:1155ms
2021-10-17 01:38:53,726 [omNode-3@group-523986131536-FollowerState] INFO  impl.RoleInfo (RoleInfo.java:shutdownFollowerState(108)) - omNode-3: shutdown omNode-3@group-523986131536-FollowerState
2021-10-17 01:38:53,726 [omNode-3@group-523986131536-FollowerState] INFO  server.RaftServer$Division (RaftServerImpl.java:setRole(285)) - omNode-3@group-523986131536: changes role from  FOLLOWER to CANDIDATE at term 5 for changeToCandidate
2021-10-17 01:38:53,726 [omNode-3@group-523986131536-FollowerState] INFO  server.RaftServerConfigKeys (ConfUtils.java:logGet(44)) - raft.server.leaderelection.pre-vote = false (custom)
2021-10-17 01:38:53,726 [omNode-3@group-523986131536-FollowerState] INFO  impl.RoleInfo (RoleInfo.java:updateAndGet(130)) - omNode-3: start omNode-3@group-523986131536-LeaderElection20
2021-10-17 01:38:53,730 [omNode-3@group-523986131536-LeaderElection20] INFO  impl.LeaderElection (LeaderElection.java:askForVotes(306)) - omNode-3@group-523986131536-LeaderElection20 ELECTION round 0: submit vote requests at term 6 for 27: [omNode-3|rpc:localhost:11188|admin:|client:|dataStream:|priority:0, omNode-1|rpc:localhost:11176|admin:|client:|dataStream:|priority:0, omNode-2|rpc:localhost:11182|admin:|client:|dataStream:|priority:0], old=null
2021-10-17 01:38:53,745 [grpc-default-executor-3] INFO  server.RaftServer$Division (RaftServerImpl.java:requestVote(1043)) - omNode-2@group-523986131536: receive requestVote(ELECTION, omNode-3, group-523986131536, 6, (t:5, i:30))
2021-10-17 01:38:53,745 [grpc-default-executor-3] INFO  impl.VoteContext (VoteContext.java:log(48)) - omNode-2@group-523986131536-FOLLOWER: reject ELECTION from omNode-3: already has voted for omNode-2 at current term 6
2021-10-17 01:38:53,745 [grpc-default-executor-8] INFO  server.RaftServer$Division (RaftServerImpl.java:requestVote(1043)) - omNode-1@group-523986131536: receive requestVote(ELECTION, omNode-3, group-523986131536, 6, (t:5, i:30))
2021-10-17 01:38:53,746 [grpc-default-executor-8] INFO  impl.VoteContext (VoteContext.java:log(48)) - omNode-1@group-523986131536-FOLLOWER: reject ELECTION from omNode-3: already has voted for omNode-2 at current term 6
2021-10-17 01:38:53,746 [grpc-default-executor-3] INFO  server.RaftServer$Division (RaftServerImpl.java:requestVote(1075)) - omNode-2@group-523986131536 replies to ELECTION vote request: omNode-3<-omNode-2#0:FAIL-t6. Peer's state: omNode-2@group-523986131536:t6, leader=null, voted=omNode-2, raftlog=omNode-2@group-523986131536-SegmentedRaftLog:OPENED:c30,f31,i31, conf=31: [omNode-3|rpc:localhost:11188|admin:|client:|dataStream:|priority:0, omNode-1|rpc:localhost:11176|admin:|client:|dataStream:|priority:0, omNode-2|rpc:localhost:11182|admin:|client:|dataStream:|priority:0], old=null
2021-10-17 01:38:53,746 [grpc-default-executor-8] INFO  server.RaftServer$Division (RaftServerImpl.java:requestVote(1075)) - omNode-1@group-523986131536 replies to ELECTION vote request: omNode-3<-omNode-1#0:FAIL-t6. Peer's state: omNode-1@group-523986131536:t6, leader=null, voted=omNode-2, raftlog=omNode-1@group-523986131536-SegmentedRaftLog:OPENED:c20,f20,i0, conf=31: [omNode-3|rpc:localhost:11188|admin:|client:|dataStream:|priority:0, omNode-1|rpc:localhost:11176|admin:|client:|dataStream:|priority:0, omNode-2|rpc:localhost:11182|admin:|client:|dataStream:|priority:0], old=null
2021-10-17 01:38:53,751 [omNode-3@group-523986131536-LeaderElection20] INFO  impl.LeaderElection (LeaderElection.java:logAndReturn(89)) - omNode-3@group-523986131536-LeaderElection20: ELECTION REJECTED received 2 response(s) and 0 exception(s):
2021-10-17 01:38:53,751 [omNode-3@group-523986131536-LeaderElection20] INFO  impl.LeaderElection (LeaderElection.java:logAndReturn(93)) -   Response 0: omNode-3<-omNode-1#0:FAIL-t6
2021-10-17 01:38:53,751 [omNode-3@group-523986131536-LeaderElection20] INFO  impl.LeaderElection (LeaderElection.java:logAndReturn(93)) -   Response 1: omNode-3<-omNode-2#0:FAIL-t6
2021-10-17 01:38:53,751 [omNode-3@group-523986131536-LeaderElection20] INFO  impl.LeaderElection (LeaderElection.java:askForVotes(308)) - omNode-3@group-523986131536-LeaderElection20 ELECTION round 0: result REJECTED
2021-10-17 01:38:53,751 [omNode-3@group-523986131536-LeaderElection20] INFO  server.RaftServer$Division (RaftServerImpl.java:setRole(285)) - omNode-3@group-523986131536: changes role from CANDIDATE to FOLLOWER at term 6 for REJECTED
2021-10-17 01:38:53,751 [omNode-3@group-523986131536-LeaderElection20] INFO  impl.RoleInfo (RoleInfo.java:shutdownLeaderElection(121)) - omNode-3: shutdown omNode-3@group-523986131536-LeaderElection20
2021-10-17 01:38:53,751 [omNode-3@group-523986131536-LeaderElection20] INFO  impl.RoleInfo (RoleInfo.java:updateAndGet(130)) - omNode-3: start omNode-3@group-523986131536-FollowerState
2021-10-17 01:38:53,890 [omNode-1@group-523986131536-FollowerState] INFO  impl.FollowerState (FollowerState.java:run(134)) - omNode-1@group-523986131536-FollowerState: change to CANDIDATE, lastRpcElapsedTime:1123991759ns, electionTimeout:1115ms
2021-10-17 01:38:53,890 [omNode-1@group-523986131536-FollowerState] INFO  impl.RoleInfo (RoleInfo.java:shutdownFollowerState(108)) - omNode-1: shutdown omNode-1@group-523986131536-FollowerState
2021-10-17 01:38:53,891 [omNode-1@group-523986131536-FollowerState] INFO  server.RaftServer$Division (RaftServerImpl.java:setRole(285)) - omNode-1@group-523986131536: changes role from  FOLLOWER to CANDIDATE at term 6 for changeToCandidate
2021-10-17 01:38:53,891 [omNode-1@group-523986131536-FollowerState] INFO  server.RaftServerConfigKeys (ConfUtils.java:logGet(44)) - raft.server.leaderelection.pre-vote = false (custom)
2021-10-17 01:38:53,891 [omNode-1@group-523986131536-FollowerState] INFO  impl.RoleInfo (RoleInfo.java:updateAndGet(130)) - omNode-1: start omNode-1@group-523986131536-LeaderElection21
2021-10-17 01:38:53,894 [omNode-1@group-523986131536-LeaderElection21] INFO  impl.LeaderElection (LeaderElection.java:askForVotes(306)) - omNode-1@group-523986131536-LeaderElection21 ELECTION round 0: submit vote requests at term 7 for 31: [omNode-3|rpc:localhost:11188|admin:|client:|dataStream:|priority:0, omNode-1|rpc:localhost:11176|admin:|client:|dataStream:|priority:0, omNode-2|rpc:localhost:11182|admin:|client:|dataStream:|priority:0], old=null
2021-10-17 01:38:53,905 [grpc-default-executor-3] INFO  server.RaftServer$Division (RaftServerImpl.java:requestVote(1043)) - omNode-2@group-523986131536: receive requestVote(ELECTION, omNode-1, group-523986131536, 7, (t:2, i:20))
2021-10-17 01:38:53,905 [grpc-default-executor-3] INFO  impl.VoteContext (VoteContext.java:log(48)) - omNode-2@group-523986131536-FOLLOWER: reject ELECTION from omNode-1: our last entry (t:6, i:31) > candidate's last entry (t:2, i:20)
2021-10-17 01:38:53,905 [grpc-default-executor-3] INFO  server.RaftServer$Division (RaftServerImpl.java:setRole(285)) - omNode-2@group-523986131536: changes role from  FOLLOWER to FOLLOWER at term 7 for candidate:omNode-1
2021-10-17 01:38:53,905 [grpc-default-executor-3] INFO  impl.RoleInfo (RoleInfo.java:shutdownFollowerState(108)) - omNode-2: shutdown omNode-2@group-523986131536-FollowerState
2021-10-17 01:38:53,905 [grpc-default-executor-3] INFO  impl.RoleInfo (RoleInfo.java:updateAndGet(130)) - omNode-2: start omNode-2@group-523986131536-FollowerState
2021-10-17 01:38:53,905 [omNode-2@group-523986131536-FollowerState] INFO  impl.FollowerState (FollowerState.java:run(143)) - omNode-2@group-523986131536-FollowerState was interrupted: {}
java.lang.InterruptedException: sleep interrupted
	at java.lang.Thread.sleep(Native Method)
	at java.lang.Thread.sleep(Thread.java:340)
	at java.util.concurrent.TimeUnit.sleep(TimeUnit.java:386)
	at org.apache.ratis.util.TimeDuration.sleep(TimeDuration.java:324)
	at org.apache.ratis.util.TimeDuration.sleep(TimeDuration.java:309)
	at org.apache.ratis.server.impl.FollowerState.run(FollowerState.java:118)
2021-10-17 01:38:53,908 [grpc-default-executor-8] INFO  server.RaftServer$Division (RaftServerImpl.java:requestVote(1043)) - omNode-3@group-523986131536: receive requestVote(ELECTION, omNode-1, group-523986131536, 7, (t:2, i:20))
2021-10-17 01:38:53,908 [grpc-default-executor-8] INFO  impl.VoteContext (VoteContext.java:log(48)) - omNode-3@group-523986131536-FOLLOWER: reject ELECTION from omNode-1: our last entry (t:5, i:30) > candidate's last entry (t:2, i:20)
2021-10-17 01:38:53,908 [grpc-default-executor-8] INFO  server.RaftServer$Division (RaftServerImpl.java:setRole(285)) - omNode-3@group-523986131536: changes role from  FOLLOWER to FOLLOWER at term 7 for candidate:omNode-1
2021-10-17 01:38:53,908 [grpc-default-executor-8] INFO  impl.RoleInfo (RoleInfo.java:shutdownFollowerState(108)) - omNode-3: shutdown omNode-3@group-523986131536-FollowerState
2021-10-17 01:38:53,908 [grpc-default-executor-8] INFO  impl.RoleInfo (RoleInfo.java:updateAndGet(130)) - omNode-3: start omNode-3@group-523986131536-FollowerState
2021-10-17 01:38:53,909 [omNode-3@group-523986131536-FollowerState] INFO  impl.FollowerState (FollowerState.java:run(143)) - omNode-3@group-523986131536-FollowerState was interrupted: {}
java.lang.InterruptedException: sleep interrupted
	at java.lang.Thread.sleep(Native Method)
	at java.lang.Thread.sleep(Thread.java:340)
	at java.util.concurrent.TimeUnit.sleep(TimeUnit.java:386)
	at org.apache.ratis.util.TimeDuration.sleep(TimeDuration.java:324)
	at org.apache.ratis.util.TimeDuration.sleep(TimeDuration.java:309)
	at org.apache.ratis.server.impl.FollowerState.run(FollowerState.java:118)
2021-10-17 01:38:53,909 [grpc-default-executor-3] INFO  server.RaftServer$Division (RaftServerImpl.java:requestVote(1075)) - omNode-2@group-523986131536 replies to ELECTION vote request: omNode-1<-omNode-2#0:FAIL-t7. Peer's state: omNode-2@group-523986131536:t7, leader=null, voted=null, raftlog=omNode-2@group-523986131536-SegmentedRaftLog:OPENED:c30,f31,i31, conf=31: [omNode-3|rpc:localhost:11188|admin:|client:|dataStream:|priority:0, omNode-1|rpc:localhost:11176|admin:|client:|dataStream:|priority:0, omNode-2|rpc:localhost:11182|admin:|client:|dataStream:|priority:0], old=null
2021-10-17 01:38:53,911 [grpc-default-executor-8] INFO  server.RaftServer$Division (RaftServerImpl.java:requestVote(1075)) - omNode-3@group-523986131536 replies to ELECTION vote request: omNode-1<-omNode-3#0:FAIL-t7. Peer's state: omNode-3@group-523986131536:t7, leader=null, voted=null, raftlog=omNode-3@group-523986131536-SegmentedRaftLog:OPENED:c30,f30,i30, conf=27: [omNode-3|rpc:localhost:11188|admin:|client:|dataStream:|priority:0, omNode-1|rpc:localhost:11176|admin:|client:|dataStream:|priority:0, omNode-2|rpc:localhost:11182|admin:|client:|dataStream:|priority:0], old=null
2021-10-17 01:38:53,917 [omNode-1@group-523986131536-LeaderElection21] INFO  impl.LeaderElection (LeaderElection.java:logAndReturn(89)) - omNode-1@group-523986131536-LeaderElection21: ELECTION REJECTED received 2 response(s) and 0 exception(s):
2021-10-17 01:38:53,917 [omNode-1@group-523986131536-LeaderElection21] INFO  impl.LeaderElection (LeaderElection.java:logAndReturn(93)) -   Response 0: omNode-1<-omNode-3#0:FAIL-t7
2021-10-17 01:38:53,917 [omNode-1@group-523986131536-LeaderElection21] INFO  impl.LeaderElection (LeaderElection.java:logAndReturn(93)) -   Response 1: omNode-1<-omNode-2#0:FAIL-t7
2021-10-17 01:38:53,917 [omNode-1@group-523986131536-LeaderElection21] INFO  impl.LeaderElection (LeaderElection.java:askForVotes(308)) - omNode-1@group-523986131536-LeaderElection21 ELECTION round 0: result REJECTED
2021-10-17 01:38:53,917 [omNode-1@group-523986131536-LeaderElection21] INFO  server.RaftServer$Division (RaftServerImpl.java:setRole(285)) - omNode-1@group-523986131536: changes role from CANDIDATE to FOLLOWER at term 7 for REJECTED
2021-10-17 01:38:53,917 [omNode-1@group-523986131536-LeaderElection21] INFO  impl.RoleInfo (RoleInfo.java:shutdownLeaderElection(121)) - omNode-1: shutdown omNode-1@group-523986131536-LeaderElection21
2021-10-17 01:38:53,918 [omNode-1@group-523986131536-LeaderElection21] INFO  impl.RoleInfo (RoleInfo.java:updateAndGet(130)) - omNode-1: start omNode-1@group-523986131536-FollowerState
2021-10-17 01:38:54,942 [omNode-1@group-523986131536-FollowerState] INFO  impl.FollowerState (FollowerState.java:run(134)) - omNode-1@group-523986131536-FollowerState: change to CANDIDATE, lastRpcElapsedTime:1024818367ns, electionTimeout:1024ms
2021-10-17 01:38:54,943 [omNode-1@group-523986131536-FollowerState] INFO  impl.RoleInfo (RoleInfo.java:shutdownFollowerState(108)) - omNode-1: shutdown omNode-1@group-523986131536-FollowerState
2021-10-17 01:38:54,943 [omNode-1@group-523986131536-FollowerState] INFO  server.RaftServer$Division (RaftServerImpl.java:setRole(285)) - omNode-1@group-523986131536: changes role from  FOLLOWER to CANDIDATE at term 7 for changeToCandidate
2021-10-17 01:38:54,943 [omNode-1@group-523986131536-FollowerState] INFO  server.RaftServerConfigKeys (ConfUtils.java:logGet(44)) - raft.server.leaderelection.pre-vote = false (custom)
2021-10-17 01:38:54,943 [omNode-1@group-523986131536-FollowerState] INFO  impl.RoleInfo (RoleInfo.java:updateAndGet(130)) - omNode-1: start omNode-1@group-523986131536-LeaderElection22
2021-10-17 01:38:54,945 [omNode-1@group-523986131536-LeaderElection22] INFO  impl.LeaderElection (LeaderElection.java:askForVotes(306)) - omNode-1@group-523986131536-LeaderElection22 ELECTION round 0: submit vote requests at term 8 for 31: [omNode-3|rpc:localhost:11188|admin:|client:|dataStream:|priority:0, omNode-1|rpc:localhost:11176|admin:|client:|dataStream:|priority:0, omNode-2|rpc:localhost:11182|admin:|client:|dataStream:|priority:0], old=null
2021-10-17 01:38:54,949 [grpc-default-executor-8] INFO  server.RaftServer$Division (RaftServerImpl.java:requestVote(1043)) - omNode-3@group-523986131536: receive requestVote(ELECTION, omNode-1, group-523986131536, 8, (t:2, i:20))
2021-10-17 01:38:54,949 [grpc-default-executor-8] INFO  impl.VoteContext (VoteContext.java:log(48)) - omNode-3@group-523986131536-FOLLOWER: reject ELECTION from omNode-1: our last entry (t:5, i:30) > candidate's last entry (t:2, i:20)
2021-10-17 01:38:54,949 [grpc-default-executor-8] INFO  server.RaftServer$Division (RaftServerImpl.java:setRole(285)) - omNode-3@group-523986131536: changes role from  FOLLOWER to FOLLOWER at term 8 for candidate:omNode-1
2021-10-17 01:38:54,949 [grpc-default-executor-8] INFO  impl.RoleInfo (RoleInfo.java:shutdownFollowerState(108)) - omNode-3: shutdown omNode-3@group-523986131536-FollowerState
2021-10-17 01:38:54,949 [grpc-default-executor-8] INFO  impl.RoleInfo (RoleInfo.java:updateAndGet(130)) - omNode-3: start omNode-3@group-523986131536-FollowerState
2021-10-17 01:38:54,949 [omNode-3@group-523986131536-FollowerState] INFO  impl.FollowerState (FollowerState.java:run(143)) - omNode-3@group-523986131536-FollowerState was interrupted: {}
java.lang.InterruptedException: sleep interrupted
	at java.lang.Thread.sleep(Native Method)
	at java.lang.Thread.sleep(Thread.java:340)
	at java.util.concurrent.TimeUnit.sleep(TimeUnit.java:386)
	at org.apache.ratis.util.TimeDuration.sleep(TimeDuration.java:324)
	at org.apache.ratis.util.TimeDuration.sleep(TimeDuration.java:309)
	at org.apache.ratis.server.impl.FollowerState.run(FollowerState.java:118)
2021-10-17 01:38:54,952 [grpc-default-executor-3] INFO  server.RaftServer$Division (RaftServerImpl.java:requestVote(1043)) - omNode-2@group-523986131536: receive requestVote(ELECTION, omNode-1, group-523986131536, 8, (t:2, i:20))
2021-10-17 01:38:54,953 [grpc-default-executor-8] INFO  server.RaftServer$Division (RaftServerImpl.java:requestVote(1075)) - omNode-3@group-523986131536 replies to ELECTION vote request: omNode-1<-omNode-3#0:FAIL-t8. Peer's state: omNode-3@group-523986131536:t8, leader=null, voted=null, raftlog=omNode-3@group-523986131536-SegmentedRaftLog:OPENED:c30,f30,i30, conf=27: [omNode-3|rpc:localhost:11188|admin:|client:|dataStream:|priority:0, omNode-1|rpc:localhost:11176|admin:|client:|dataStream:|priority:0, omNode-2|rpc:localhost:11182|admin:|client:|dataStream:|priority:0], old=null
2021-10-17 01:38:54,953 [grpc-default-executor-3] INFO  impl.VoteContext (VoteContext.java:log(48)) - omNode-2@group-523986131536-FOLLOWER: reject ELECTION from omNode-1: our last entry (t:6, i:31) > candidate's last entry (t:2, i:20)
2021-10-17 01:38:54,953 [grpc-default-executor-3] INFO  server.RaftServer$Division (RaftServerImpl.java:setRole(285)) - omNode-2@group-523986131536: changes role from  FOLLOWER to FOLLOWER at term 8 for candidate:omNode-1
2021-10-17 01:38:54,953 [grpc-default-executor-3] INFO  impl.RoleInfo (RoleInfo.java:shutdownFollowerState(108)) - omNode-2: shutdown omNode-2@group-523986131536-FollowerState
2021-10-17 01:38:54,953 [grpc-default-executor-3] INFO  impl.RoleInfo (RoleInfo.java:updateAndGet(130)) - omNode-2: start omNode-2@group-523986131536-FollowerState
2021-10-17 01:38:54,953 [omNode-2@group-523986131536-FollowerState] INFO  impl.FollowerState (FollowerState.java:run(143)) - omNode-2@group-523986131536-FollowerState was interrupted: {}
java.lang.InterruptedException: sleep interrupted
	at java.lang.Thread.sleep(Native Method)
	at java.lang.Thread.sleep(Thread.java:340)
	at java.util.concurrent.TimeUnit.sleep(TimeUnit.java:386)
	at org.apache.ratis.util.TimeDuration.sleep(TimeDuration.java:324)
	at org.apache.ratis.util.TimeDuration.sleep(TimeDuration.java:309)
	at org.apache.ratis.server.impl.FollowerState.run(FollowerState.java:118)
2021-10-17 01:38:54,955 [grpc-default-executor-3] INFO  server.RaftServer$Division (RaftServerImpl.java:requestVote(1075)) - omNode-2@group-523986131536 replies to ELECTION vote request: omNode-1<-omNode-2#0:FAIL-t8. Peer's state: omNode-2@group-523986131536:t8, leader=null, voted=null, raftlog=omNode-2@group-523986131536-SegmentedRaftLog:OPENED:c30,f31,i31, conf=31: [omNode-3|rpc:localhost:11188|admin:|client:|dataStream:|priority:0, omNode-1|rpc:localhost:11176|admin:|client:|dataStream:|priority:0, omNode-2|rpc:localhost:11182|admin:|client:|dataStream:|priority:0], old=null
2021-10-17 01:38:54,956 [omNode-1@group-523986131536-LeaderElection22] INFO  impl.LeaderElection (LeaderElection.java:logAndReturn(89)) - omNode-1@group-523986131536-LeaderElection22: ELECTION REJECTED received 2 response(s) and 0 exception(s):
2021-10-17 01:38:54,956 [omNode-1@group-523986131536-LeaderElection22] INFO  impl.LeaderElection (LeaderElection.java:logAndReturn(93)) -   Response 0: omNode-1<-omNode-3#0:FAIL-t8
2021-10-17 01:38:54,956 [omNode-1@group-523986131536-LeaderElection22] INFO  impl.LeaderElection (LeaderElection.java:logAndReturn(93)) -   Response 1: omNode-1<-omNode-2#0:FAIL-t8
2021-10-17 01:38:54,956 [omNode-1@group-523986131536-LeaderElection22] INFO  impl.LeaderElection (LeaderElection.java:askForVotes(308)) - omNode-1@group-523986131536-LeaderElection22 ELECTION round 0: result REJECTED
2021-10-17 01:38:54,956 [omNode-1@group-523986131536-LeaderElection22] INFO  server.RaftServer$Division (RaftServerImpl.java:setRole(285)) - omNode-1@group-523986131536: changes role from CANDIDATE to FOLLOWER at term 8 for REJECTED
2021-10-17 01:38:54,956 [omNode-1@group-523986131536-LeaderElection22] INFO  impl.RoleInfo (RoleInfo.java:shutdownLeaderElection(121)) - omNode-1: shutdown omNode-1@group-523986131536-LeaderElection22
2021-10-17 01:38:54,956 [omNode-1@group-523986131536-LeaderElection22] INFO  impl.RoleInfo (RoleInfo.java:updateAndGet(130)) - omNode-1: start omNode-1@group-523986131536-FollowerState
2021-10-17 01:38:55,024 [Time-limited test] INFO  retry.RetryInvocationHandler (RetryInvocationHandler.java:log(411)) - com.google.protobuf.ServiceException: org.apache.hadoop.ipc.RemoteException(org.apache.hadoop.ozone.om.exceptions.OMNotLeaderException): OM:omNode-1 is not the leader. Could not determine the leader node.
	at org.apache.hadoop.ozone.om.ratis.utils.OzoneManagerRatisUtils.createNotLeaderException(OzoneManagerRatisUtils.java:465)
	at org.apache.hadoop.ozone.om.ratis.utils.OzoneManagerRatisUtils.checkLeaderStatus(OzoneManagerRatisUtils.java:451)
	at org.apache.hadoop.ozone.protocolPB.OzoneManagerProtocolServerSideTranslatorPB.checkLeaderStatus(OzoneManagerProtocolServerSideTranslatorPB.java:243)
	at org.apache.hadoop.ozone.protocolPB.OzoneManagerProtocolServerSideTranslatorPB.processRequest(OzoneManagerProtocolServerSideTranslatorPB.java:135)
	at org.apache.hadoop.hdds.server.OzoneProtocolMessageDispatcher.processRequest(OzoneProtocolMessageDispatcher.java:87)
	at org.apache.hadoop.ozone.protocolPB.OzoneManagerProtocolServerSideTranslatorPB.submitRequest(OzoneManagerProtocolServerSideTranslatorPB.java:123)
	at org.apache.hadoop.ozone.protocol.proto.OzoneManagerProtocolProtos$OzoneManagerService$2.callBlockingMethod(OzoneManagerProtocolProtos.java)
	at org.apache.hadoop.ipc.ProtobufRpcEngine$Server.processCall(ProtobufRpcEngine.java:466)
	at org.apache.hadoop.ipc.ProtobufRpcEngine2$Server$ProtoBufRpcInvoker.call(ProtobufRpcEngine2.java:574)
	at org.apache.hadoop.ipc.ProtobufRpcEngine2$Server$ProtoBufRpcInvoker.call(ProtobufRpcEngine2.java:552)
	at org.apache.hadoop.ipc.RPC$Server.call(RPC.java:1093)
	at org.apache.hadoop.ipc.Server$RpcCall.run(Server.java:1035)
	at org.apache.hadoop.ipc.Server$RpcCall.run(Server.java:963)
	at java.security.AccessController.doPrivileged(Native Method)
	at javax.security.auth.Subject.doAs(Subject.java:422)
	at org.apache.hadoop.security.UserGroupInformation.doAs(UserGroupInformation.java:1878)
	at org.apache.hadoop.ipc.Server$Handler.run(Server.java:2966)
, while invoking $Proxy52.submitRequest over nodeId=omNode-1,nodeAddress=127.0.0.1:11172 after 1 failover attempts. Trying to failover immediately.
2021-10-17 01:38:55,027 [Time-limited test] INFO  retry.RetryInvocationHandler (RetryInvocationHandler.java:log(411)) - com.google.protobuf.ServiceException: org.apache.hadoop.ipc.RemoteException(org.apache.hadoop.ozone.om.exceptions.OMNotLeaderException): OM:omNode-2 is not the leader. Could not determine the leader node.
	at org.apache.hadoop.ozone.om.ratis.utils.OzoneManagerRatisUtils.createNotLeaderException(OzoneManagerRatisUtils.java:465)
	at org.apache.hadoop.ozone.om.ratis.utils.OzoneManagerRatisUtils.checkLeaderStatus(OzoneManagerRatisUtils.java:451)
	at org.apache.hadoop.ozone.protocolPB.OzoneManagerProtocolServerSideTranslatorPB.checkLeaderStatus(OzoneManagerProtocolServerSideTranslatorPB.java:243)
	at org.apache.hadoop.ozone.protocolPB.OzoneManagerProtocolServerSideTranslatorPB.processRequest(OzoneManagerProtocolServerSideTranslatorPB.java:135)
	at org.apache.hadoop.hdds.server.OzoneProtocolMessageDispatcher.processRequest(OzoneProtocolMessageDispatcher.java:87)
	at org.apache.hadoop.ozone.protocolPB.OzoneManagerProtocolServerSideTranslatorPB.submitRequest(OzoneManagerProtocolServerSideTranslatorPB.java:123)
	at org.apache.hadoop.ozone.protocol.proto.OzoneManagerProtocolProtos$OzoneManagerService$2.callBlockingMethod(OzoneManagerProtocolProtos.java)
	at org.apache.hadoop.ipc.ProtobufRpcEngine$Server.processCall(ProtobufRpcEngine.java:466)
	at org.apache.hadoop.ipc.ProtobufRpcEngine2$Server$ProtoBufRpcInvoker.call(ProtobufRpcEngine2.java:574)
	at org.apache.hadoop.ipc.ProtobufRpcEngine2$Server$ProtoBufRpcInvoker.call(ProtobufRpcEngine2.java:552)
	at org.apache.hadoop.ipc.RPC$Server.call(RPC.java:1093)
	at org.apache.hadoop.ipc.Server$RpcCall.run(Server.java:1035)
	at org.apache.hadoop.ipc.Server$RpcCall.run(Server.java:963)
	at java.security.AccessController.doPrivileged(Native Method)
	at javax.security.auth.Subject.doAs(Subject.java:422)
	at org.apache.hadoop.security.UserGroupInformation.doAs(UserGroupInformation.java:1878)
	at org.apache.hadoop.ipc.Server$Handler.run(Server.java:2966)
, while invoking $Proxy52.submitRequest over nodeId=omNode-2,nodeAddress=127.0.0.1:11178 after 2 failover attempts. Trying to failover immediately.
2021-10-17 01:38:55,032 [Time-limited test] INFO  retry.RetryInvocationHandler (RetryInvocationHandler.java:log(411)) - com.google.protobuf.ServiceException: org.apache.hadoop.ipc.RemoteException(org.apache.hadoop.ozone.om.exceptions.OMNotLeaderException): OM:omNode-3 is not the leader. Could not determine the leader node.
	at org.apache.hadoop.ozone.om.ratis.utils.OzoneManagerRatisUtils.createNotLeaderException(OzoneManagerRatisUtils.java:465)
	at org.apache.hadoop.ozone.om.ratis.utils.OzoneManagerRatisUtils.checkLeaderStatus(OzoneManagerRatisUtils.java:451)
	at org.apache.hadoop.ozone.protocolPB.OzoneManagerProtocolServerSideTranslatorPB.checkLeaderStatus(OzoneManagerProtocolServerSideTranslatorPB.java:243)
	at org.apache.hadoop.ozone.protocolPB.OzoneManagerProtocolServerSideTranslatorPB.processRequest(OzoneManagerProtocolServerSideTranslatorPB.java:135)
	at org.apache.hadoop.hdds.server.OzoneProtocolMessageDispatcher.processRequest(OzoneProtocolMessageDispatcher.java:87)
	at org.apache.hadoop.ozone.protocolPB.OzoneManagerProtocolServerSideTranslatorPB.submitRequest(OzoneManagerProtocolServerSideTranslatorPB.java:123)
	at org.apache.hadoop.ozone.protocol.proto.OzoneManagerProtocolProtos$OzoneManagerService$2.callBlockingMethod(OzoneManagerProtocolProtos.java)
	at org.apache.hadoop.ipc.ProtobufRpcEngine$Server.processCall(ProtobufRpcEngine.java:466)
	at org.apache.hadoop.ipc.ProtobufRpcEngine2$Server$ProtoBufRpcInvoker.call(ProtobufRpcEngine2.java:574)
	at org.apache.hadoop.ipc.ProtobufRpcEngine2$Server$ProtoBufRpcInvoker.call(ProtobufRpcEngine2.java:552)
	at org.apache.hadoop.ipc.RPC$Server.call(RPC.java:1093)
	at org.apache.hadoop.ipc.Server$RpcCall.run(Server.java:1035)
	at org.apache.hadoop.ipc.Server$RpcCall.run(Server.java:963)
	at java.security.AccessController.doPrivileged(Native Method)
	at javax.security.auth.Subject.doAs(Subject.java:422)
	at org.apache.hadoop.security.UserGroupInformation.doAs(UserGroupInformation.java:1878)
	at org.apache.hadoop.ipc.Server$Handler.run(Server.java:2966)
, while invoking $Proxy52.submitRequest over nodeId=omNode-3,nodeAddress=127.0.0.1:11184 after 3 failover attempts. Trying to failover after sleeping for 2000ms.
2021-10-17 01:38:56,007 [omNode-2@group-523986131536-FollowerState] INFO  impl.FollowerState (FollowerState.java:run(134)) - omNode-2@group-523986131536-FollowerState: change to CANDIDATE, lastRpcElapsedTime:1053696109ns, electionTimeout:1051ms
2021-10-17 01:38:56,007 [omNode-2@group-523986131536-FollowerState] INFO  impl.RoleInfo (RoleInfo.java:shutdownFollowerState(108)) - omNode-2: shutdown omNode-2@group-523986131536-FollowerState
2021-10-17 01:38:56,007 [omNode-2@group-523986131536-FollowerState] INFO  server.RaftServer$Division (RaftServerImpl.java:setRole(285)) - omNode-2@group-523986131536: changes role from  FOLLOWER to CANDIDATE at term 8 for changeToCandidate
2021-10-17 01:38:56,007 [omNode-2@group-523986131536-FollowerState] INFO  server.RaftServerConfigKeys (ConfUtils.java:logGet(44)) - raft.server.leaderelection.pre-vote = false (custom)
2021-10-17 01:38:56,007 [omNode-2@group-523986131536-FollowerState] INFO  impl.RoleInfo (RoleInfo.java:updateAndGet(130)) - omNode-2: start omNode-2@group-523986131536-LeaderElection23
2021-10-17 01:38:56,010 [omNode-2@group-523986131536-LeaderElection23] INFO  impl.LeaderElection (LeaderElection.java:askForVotes(306)) - omNode-2@group-523986131536-LeaderElection23 ELECTION round 0: submit vote requests at term 9 for 31: [omNode-3|rpc:localhost:11188|admin:|client:|dataStream:|priority:0, omNode-1|rpc:localhost:11176|admin:|client:|dataStream:|priority:0, omNode-2|rpc:localhost:11182|admin:|client:|dataStream:|priority:0], old=null
2021-10-17 01:38:56,020 [grpc-default-executor-3] INFO  server.RaftServer$Division (RaftServerImpl.java:requestVote(1043)) - omNode-3@group-523986131536: receive requestVote(ELECTION, omNode-2, group-523986131536, 9, (t:6, i:31))
2021-10-17 01:38:56,020 [grpc-default-executor-3] INFO  impl.VoteContext (VoteContext.java:log(48)) - omNode-3@group-523986131536-FOLLOWER: accept ELECTION from omNode-2: our last entry (t:5, i:30) < candidate's last entry (t:6, i:31)
2021-10-17 01:38:56,020 [grpc-default-executor-3] INFO  server.RaftServer$Division (RaftServerImpl.java:setRole(285)) - omNode-3@group-523986131536: changes role from  FOLLOWER to FOLLOWER at term 9 for candidate:omNode-2
2021-10-17 01:38:56,020 [grpc-default-executor-3] INFO  impl.RoleInfo (RoleInfo.java:shutdownFollowerState(108)) - omNode-3: shutdown omNode-3@group-523986131536-FollowerState
2021-10-17 01:38:56,020 [grpc-default-executor-3] INFO  impl.RoleInfo (RoleInfo.java:updateAndGet(130)) - omNode-3: start omNode-3@group-523986131536-FollowerState
2021-10-17 01:38:56,020 [omNode-3@group-523986131536-FollowerState] INFO  impl.FollowerState (FollowerState.java:run(143)) - omNode-3@group-523986131536-FollowerState was interrupted: {}
java.lang.InterruptedException: sleep interrupted
	at java.lang.Thread.sleep(Native Method)
	at java.lang.Thread.sleep(Thread.java:340)
	at java.util.concurrent.TimeUnit.sleep(TimeUnit.java:386)
	at org.apache.ratis.util.TimeDuration.sleep(TimeDuration.java:324)
	at org.apache.ratis.util.TimeDuration.sleep(TimeDuration.java:309)
	at org.apache.ratis.server.impl.FollowerState.run(FollowerState.java:118)
2021-10-17 01:38:56,023 [grpc-default-executor-8] INFO  server.RaftServer$Division (RaftServerImpl.java:requestVote(1043)) - omNode-1@group-523986131536: receive requestVote(ELECTION, omNode-2, group-523986131536, 9, (t:6, i:31))
2021-10-17 01:38:56,023 [grpc-default-executor-8] INFO  impl.VoteContext (VoteContext.java:log(48)) - omNode-1@group-523986131536-FOLLOWER: accept ELECTION from omNode-2: our last entry (t:2, i:20) < candidate's last entry (t:6, i:31)
2021-10-17 01:38:56,023 [grpc-default-executor-8] INFO  server.RaftServer$Division (RaftServerImpl.java:setRole(285)) - omNode-1@group-523986131536: changes role from  FOLLOWER to FOLLOWER at term 9 for candidate:omNode-2
2021-10-17 01:38:56,023 [grpc-default-executor-8] INFO  impl.RoleInfo (RoleInfo.java:shutdownFollowerState(108)) - omNode-1: shutdown omNode-1@group-523986131536-FollowerState
2021-10-17 01:38:56,023 [grpc-default-executor-8] INFO  impl.RoleInfo (RoleInfo.java:updateAndGet(130)) - omNode-1: start omNode-1@group-523986131536-FollowerState
2021-10-17 01:38:56,023 [omNode-1@group-523986131536-FollowerState] INFO  impl.FollowerState (FollowerState.java:run(143)) - omNode-1@group-523986131536-FollowerState was interrupted: {}
java.lang.InterruptedException: sleep interrupted
	at java.lang.Thread.sleep(Native Method)
	at java.lang.Thread.sleep(Thread.java:340)
	at java.util.concurrent.TimeUnit.sleep(TimeUnit.java:386)
	at org.apache.ratis.util.TimeDuration.sleep(TimeDuration.java:324)
	at org.apache.ratis.util.TimeDuration.sleep(TimeDuration.java:309)
	at org.apache.ratis.server.impl.FollowerState.run(FollowerState.java:118)
2021-10-17 01:38:56,024 [grpc-default-executor-3] INFO  server.RaftServer$Division (RaftServerImpl.java:requestVote(1075)) - omNode-3@group-523986131536 replies to ELECTION vote request: omNode-2<-omNode-3#0:OK-t9. Peer's state: omNode-3@group-523986131536:t9, leader=null, voted=omNode-2, raftlog=omNode-3@group-523986131536-SegmentedRaftLog:OPENED:c30,f30,i30, conf=27: [omNode-3|rpc:localhost:11188|admin:|client:|dataStream:|priority:0, omNode-1|rpc:localhost:11176|admin:|client:|dataStream:|priority:0, omNode-2|rpc:localhost:11182|admin:|client:|dataStream:|priority:0], old=null
2021-10-17 01:38:56,025 [grpc-default-executor-8] INFO  server.RaftServer$Division (RaftServerImpl.java:requestVote(1075)) - omNode-1@group-523986131536 replies to ELECTION vote request: omNode-2<-omNode-1#0:OK-t9. Peer's state: omNode-1@group-523986131536:t9, leader=null, voted=omNode-2, raftlog=omNode-1@group-523986131536-SegmentedRaftLog:OPENED:c20,f20,i0, conf=31: [omNode-3|rpc:localhost:11188|admin:|client:|dataStream:|priority:0, omNode-1|rpc:localhost:11176|admin:|client:|dataStream:|priority:0, omNode-2|rpc:localhost:11182|admin:|client:|dataStream:|priority:0], old=null
2021-10-17 01:38:56,026 [omNode-2@group-523986131536-LeaderElection23] INFO  impl.LeaderElection (LeaderElection.java:logAndReturn(89)) - omNode-2@group-523986131536-LeaderElection23: ELECTION PASSED received 1 response(s) and 0 exception(s):
2021-10-17 01:38:56,026 [omNode-2@group-523986131536-LeaderElection23] INFO  impl.LeaderElection (LeaderElection.java:logAndReturn(93)) -   Response 0: omNode-2<-omNode-1#0:OK-t9
2021-10-17 01:38:56,026 [omNode-2@group-523986131536-LeaderElection23] INFO  impl.LeaderElection (LeaderElection.java:askForVotes(308)) - omNode-2@group-523986131536-LeaderElection23 ELECTION round 0: result PASSED
2021-10-17 01:38:56,026 [omNode-2@group-523986131536-LeaderElection23] INFO  impl.RoleInfo (RoleInfo.java:shutdownLeaderElection(121)) - omNode-2: shutdown omNode-2@group-523986131536-LeaderElection23
2021-10-17 01:38:56,027 [omNode-2@group-523986131536-LeaderElection23] INFO  server.RaftServer$Division (RaftServerImpl.java:setRole(285)) - omNode-2@group-523986131536: changes role from CANDIDATE to LEADER at term 9 for changeToLeader
2021-10-17 01:38:56,027 [omNode-2@group-523986131536-LeaderElection23] INFO  server.RaftServer$Division (ServerState.java:setLeader(285)) - omNode-2@group-523986131536: change Leader from null to omNode-2 at term 9 for becomeLeader, leader elected after 3072ms
2021-10-17 01:38:56,027 [omNode-2@group-523986131536-LeaderElection23] INFO  server.RaftServerConfigKeys (ConfUtils.java:logGet(44)) - raft.server.staging.catchup.gap = 1000 (default)
2021-10-17 01:38:56,027 [omNode-2@group-523986131536-LeaderElection23] INFO  server.RaftServerConfigKeys (ConfUtils.java:logGet(44)) - raft.server.write.element-limit = 4096 (default)
2021-10-17 01:38:56,027 [omNode-2@group-523986131536-LeaderElection23] INFO  server.RaftServerConfigKeys (ConfUtils.java:logGet(44)) - raft.server.write.byte-limit = 64MB (=67108864) (default)
2021-10-17 01:38:56,027 [omNode-2@group-523986131536-LeaderElection23] INFO  server.RaftServerConfigKeys (ConfUtils.java:logGet(44)) - raft.server.watch.timeout = 10s (default)
2021-10-17 01:38:56,027 [omNode-2@group-523986131536-LeaderElection23] INFO  server.RaftServerConfigKeys (ConfUtils.java:logGet(44)) - raft.server.watch.timeout.denomination = 1s (default)
2021-10-17 01:38:56,027 [omNode-2@group-523986131536-LeaderElection23] INFO  server.RaftServerConfigKeys (ConfUtils.java:logGet(44)) - raft.server.watch.element-limit = 65536 (default)
2021-10-17 01:38:56,027 [omNode-2@group-523986131536-LeaderElection23] INFO  server.RaftServerConfigKeys (ConfUtils.java:logGet(44)) - raft.server.log.appender.snapshot.chunk.size.max = 16MB (=16777216) (default)
2021-10-17 01:38:56,027 [omNode-2@group-523986131536-LeaderElection23] INFO  server.RaftServerConfigKeys (ConfUtils.java:logGet(44)) - raft.server.log.appender.buffer.byte-limit = 33554432 (custom)
2021-10-17 01:38:56,027 [omNode-2@group-523986131536-LeaderElection23] INFO  server.RaftServerConfigKeys (ConfUtils.java:logGet(44)) - raft.server.log.appender.buffer.element-limit = 1024 (custom)
2021-10-17 01:38:56,028 [omNode-2@group-523986131536-LeaderElection23] INFO  grpc.GrpcConfigKeys (ConfUtils.java:logGet(44)) - raft.grpc.server.leader.outstanding.appends.max = 128 (default)
2021-10-17 01:38:56,028 [omNode-2@group-523986131536-LeaderElection23] INFO  server.RaftServerConfigKeys (ConfUtils.java:logGet(44)) - raft.server.rpc.request.timeout = 3000ms (default)
2021-10-17 01:38:56,028 [omNode-2@group-523986131536-LeaderElection23] INFO  server.RaftServerConfigKeys (ConfUtils.java:logGet(44)) - raft.server.log.appender.install.snapshot.enabled = false (custom)
2021-10-17 01:38:56,028 [omNode-2@group-523986131536-LeaderElection23] INFO  server.RaftServerConfigKeys (ConfUtils.java:logGet(44)) - raft.server.log.appender.snapshot.chunk.size.max = 16MB (=16777216) (default)
2021-10-17 01:38:56,028 [omNode-2@group-523986131536-LeaderElection23] INFO  server.RaftServerConfigKeys (ConfUtils.java:logGet(44)) - raft.server.log.appender.buffer.byte-limit = 33554432 (custom)
2021-10-17 01:38:56,028 [omNode-2@group-523986131536-LeaderElection23] INFO  server.RaftServerConfigKeys (ConfUtils.java:logGet(44)) - raft.server.log.appender.buffer.element-limit = 1024 (custom)
2021-10-17 01:38:56,029 [omNode-2@group-523986131536-LeaderElection23] INFO  grpc.GrpcConfigKeys (ConfUtils.java:logGet(44)) - raft.grpc.server.leader.outstanding.appends.max = 128 (default)
2021-10-17 01:38:56,029 [omNode-2@group-523986131536-LeaderElection23] INFO  server.RaftServerConfigKeys (ConfUtils.java:logGet(44)) - raft.server.rpc.request.timeout = 3000ms (default)
2021-10-17 01:38:56,029 [omNode-2@group-523986131536-LeaderElection23] INFO  server.RaftServerConfigKeys (ConfUtils.java:logGet(44)) - raft.server.log.appender.install.snapshot.enabled = false (custom)
2021-10-17 01:38:56,029 [omNode-2@group-523986131536-LeaderElection23] INFO  impl.RoleInfo (RoleInfo.java:updateAndGet(130)) - omNode-2: start omNode-2@group-523986131536-LeaderStateImpl
2021-10-17 01:38:56,029 [omNode-2@group-523986131536-LeaderElection23] INFO  segmented.SegmentedRaftLogWorker (SegmentedRaftLogWorker.java:rollLogSegment(399)) - omNode-2@group-523986131536-SegmentedRaftLogWorker: Rolling segment log-31_31 to index:31
2021-10-17 01:38:56,036 [omNode-2@group-523986131536-LeaderElection23] INFO  server.RaftServer$Division (ServerState.java:setRaftConf(387)) - omNode-2@group-523986131536: set configuration 32: [omNode-3|rpc:localhost:11188|admin:|client:|dataStream:|priority:0, omNode-1|rpc:localhost:11176|admin:|client:|dataStream:|priority:0, omNode-2|rpc:localhost:11182|admin:|client:|dataStream:|priority:0], old=null
2021-10-17 01:38:56,037 [omNode-2@group-523986131536-SegmentedRaftLogWorker] INFO  segmented.SegmentedRaftLogWorker (SegmentedRaftLogWorker.java:execute(558)) - omNode-2@group-523986131536-SegmentedRaftLogWorker: Rolled log segment from /home/runner/work/ozone/ozone/hadoop-ozone/integration-test/target/test-dir/MiniOzoneClusterImpl-e6b5673d-0e05-4a61-970a-b11d77d0bde6/omNode-2/ratis/c9bc4cf4-3bc3-3c60-a66b-523986131536/current/log_inprogress_31 to /home/runner/work/ozone/ozone/hadoop-ozone/integration-test/target/test-dir/MiniOzoneClusterImpl-e6b5673d-0e05-4a61-970a-b11d77d0bde6/omNode-2/ratis/c9bc4cf4-3bc3-3c60-a66b-523986131536/current/log_31-31
2021-10-17 01:38:56,041 [grpc-default-executor-8] INFO  server.RaftServer$Division (ServerState.java:setLeader(285)) - omNode-3@group-523986131536: change Leader from null to omNode-2 at term 9 for appendEntries, leader elected after 3502ms
2021-10-17 01:38:56,041 [grpc-default-executor-8] INFO  server.RaftServer$Division (RaftServerImpl.java:checkInconsistentAppendEntries(1319)) - omNode-3@group-523986131536: Failed appendEntries as previous log entry ((t:6, i:31)) is not found
2021-10-17 01:38:56,041 [grpc-default-executor-8] INFO  server.RaftServer$Division (RaftServerImpl.java:checkInconsistentAppendEntries(1285)) - omNode-3@group-523986131536: inconsistency entries. Reply:omNode-2<-omNode-3#0:FAIL-t9,INCONSISTENCY,nextIndex=31,followerCommit=30
2021-10-17 01:38:56,042 [grpc-default-executor-3] INFO  leader.FollowerInfo (FollowerInfoImpl.java:lambda$new$0(46)) - omNode-2@group-523986131536->omNode-3: nextIndex: updateUnconditionally 33 -> 31
2021-10-17 01:38:56,042 [grpc-default-executor-8] INFO  server.RaftServer$Division (RaftServerImpl.java:checkInconsistentAppendEntries(1319)) - omNode-3@group-523986131536: Failed appendEntries as previous log entry ((t:6, i:31)) is not found
2021-10-17 01:38:56,042 [grpc-default-executor-8] INFO  server.RaftServer$Division (RaftServerImpl.java:checkInconsistentAppendEntries(1285)) - omNode-3@group-523986131536: inconsistency entries. Reply:omNode-2<-omNode-3#1:FAIL-t9,INCONSISTENCY,nextIndex=31,followerCommit=30
2021-10-17 01:38:56,042 [grpc-default-executor-8] INFO  leader.FollowerInfo (FollowerInfoImpl.java:lambda$new$0(46)) - omNode-2@group-523986131536->omNode-3: nextIndex: updateUnconditionally 31 -> 31
2021-10-17 01:38:56,043 [grpc-default-executor-3] INFO  server.RaftServer$Division (ServerState.java:setLeader(285)) - omNode-1@group-523986131536: change Leader from null to omNode-2 at term 9 for appendEntries, leader elected after 3281ms
2021-10-17 01:38:56,043 [grpc-default-executor-3] INFO  server.RaftServer$Division (RaftServerImpl.java:checkInconsistentAppendEntries(1319)) - omNode-1@group-523986131536: Failed appendEntries as previous log entry ((t:6, i:31)) is not found
2021-10-17 01:38:56,043 [grpc-default-executor-3] INFO  server.RaftServer$Division (RaftServerImpl.java:checkInconsistentAppendEntries(1285)) - omNode-1@group-523986131536: inconsistency entries. Reply:omNode-2<-omNode-1#0:FAIL-t9,INCONSISTENCY,nextIndex=21,followerCommit=20
2021-10-17 01:38:56,045 [grpc-default-executor-3] INFO  server.RaftServer$Division (RaftServerImpl.java:checkInconsistentAppendEntries(1319)) - omNode-1@group-523986131536: Failed appendEntries as previous log entry ((t:6, i:31)) is not found
2021-10-17 01:38:56,045 [grpc-default-executor-3] INFO  server.RaftServer$Division (RaftServerImpl.java:checkInconsistentAppendEntries(1285)) - omNode-1@group-523986131536: inconsistency entries. Reply:omNode-2<-omNode-1#1:FAIL-t9,INCONSISTENCY,nextIndex=21,followerCommit=20
2021-10-17 01:38:56,045 [omNode-2@group-523986131536-SegmentedRaftLogWorker] INFO  segmented.SegmentedRaftLogWorker (SegmentedRaftLogWorker.java:execute(601)) - omNode-2@group-523986131536-SegmentedRaftLogWorker: created new log segment /home/runner/work/ozone/ozone/hadoop-ozone/integration-test/target/test-dir/MiniOzoneClusterImpl-e6b5673d-0e05-4a61-970a-b11d77d0bde6/omNode-2/ratis/c9bc4cf4-3bc3-3c60-a66b-523986131536/current/log_inprogress_32
2021-10-17 01:38:56,045 [grpc-default-executor-9] INFO  leader.FollowerInfo (FollowerInfoImpl.java:lambda$new$0(46)) - omNode-2@group-523986131536->omNode-1: nextIndex: updateUnconditionally 33 -> 21
2021-10-17 01:38:56,045 [grpc-default-executor-9] INFO  leader.FollowerInfo (FollowerInfoImpl.java:lambda$new$0(46)) - omNode-2@group-523986131536->omNode-1: nextIndex: updateUnconditionally 21 -> 21
2021-10-17 01:38:56,047 [grpc-default-executor-8] INFO  server.RaftServer$Division (ServerState.java:setRaftConf(387)) - omNode-3@group-523986131536: set configuration 31: [omNode-3|rpc:localhost:11188|admin:|client:|dataStream:|priority:0, omNode-1|rpc:localhost:11176|admin:|client:|dataStream:|priority:0, omNode-2|rpc:localhost:11182|admin:|client:|dataStream:|priority:0], old=null
2021-10-17 01:38:56,047 [grpc-default-executor-8] INFO  server.RaftServer$Division (ServerState.java:setRaftConf(387)) - omNode-3@group-523986131536: set configuration 32: [omNode-3|rpc:localhost:11188|admin:|client:|dataStream:|priority:0, omNode-1|rpc:localhost:11176|admin:|client:|dataStream:|priority:0, omNode-2|rpc:localhost:11182|admin:|client:|dataStream:|priority:0], old=null
2021-10-17 01:38:56,048 [grpc-default-executor-8] INFO  segmented.SegmentedRaftLogWorker (SegmentedRaftLogWorker.java:rollLogSegment(399)) - omNode-3@group-523986131536-SegmentedRaftLogWorker: Rolling segment log-27_30 to index:30
2021-10-17 01:38:56,048 [grpc-default-executor-8] INFO  segmented.SegmentedRaftLogWorker (SegmentedRaftLogWorker.java:rollLogSegment(399)) - omNode-3@group-523986131536-SegmentedRaftLogWorker: Rolling segment log-31_31 to index:31
2021-10-17 01:38:56,049 [omNode-3@group-523986131536-SegmentedRaftLogWorker] INFO  segmented.SegmentedRaftLogWorker (SegmentedRaftLogWorker.java:execute(558)) - omNode-3@group-523986131536-SegmentedRaftLogWorker: Rolled log segment from /home/runner/work/ozone/ozone/hadoop-ozone/integration-test/target/test-dir/MiniOzoneClusterImpl-e6b5673d-0e05-4a61-970a-b11d77d0bde6/omNode-3/ratis/c9bc4cf4-3bc3-3c60-a66b-523986131536/current/log_inprogress_27 to /home/runner/work/ozone/ozone/hadoop-ozone/integration-test/target/test-dir/MiniOzoneClusterImpl-e6b5673d-0e05-4a61-970a-b11d77d0bde6/omNode-3/ratis/c9bc4cf4-3bc3-3c60-a66b-523986131536/current/log_27-30
2021-10-17 01:38:56,057 [omNode-2@group-523986131536->omNode-1-GrpcLogAppender-LogAppenderDaemon] ERROR leader.LogAppenderDaemon (LogAppenderDaemon.java:run(86)) - omNode-2@group-523986131536->omNode-1-GrpcLogAppender-LogAppenderDaemon failed
java.lang.NullPointerException: omNode-2@group-523986131536->omNode-1: Previous TermIndex not found for firstIndex = 21
	at java.util.Objects.requireNonNull(Objects.java:290)
	at org.apache.ratis.server.leader.LogAppenderBase.assertProtos(LogAppenderBase.java:169)
	at org.apache.ratis.server.leader.LogAppenderBase.newAppendEntriesRequest(LogAppenderBase.java:154)
	at org.apache.ratis.grpc.server.GrpcLogAppender.appendLog(GrpcLogAppender.java:211)
	at org.apache.ratis.grpc.server.GrpcLogAppender.run(GrpcLogAppender.java:145)
	at org.apache.ratis.server.leader.LogAppenderDaemon.run(LogAppenderDaemon.java:77)
	at java.lang.Thread.run(Thread.java:748)
2021-10-17 01:38:56,057 [omNode-2@group-523986131536->omNode-1-GrpcLogAppender-LogAppenderDaemon] INFO  server.RaftServer$Division (LeaderStateImpl.java:restart(501)) - omNode-2@group-523986131536-LeaderStateImpl: Restarting GrpcLogAppender for omNode-2@group-523986131536->omNode-1
2021-10-17 01:38:56,057 [omNode-2@group-523986131536->omNode-1-GrpcLogAppender-LogAppenderDaemon] INFO  server.RaftServerConfigKeys (ConfUtils.java:logGet(44)) - raft.server.log.appender.snapshot.chunk.size.max = 16MB (=16777216) (default)
2021-10-17 01:38:56,057 [omNode-2@group-523986131536->omNode-1-GrpcLogAppender-LogAppenderDaemon] INFO  server.RaftServerConfigKeys (ConfUtils.java:logGet(44)) - raft.server.log.appender.buffer.byte-limit = 33554432 (custom)
2021-10-17 01:38:56,057 [omNode-2@group-523986131536->omNode-1-GrpcLogAppender-LogAppenderDaemon] INFO  server.RaftServerConfigKeys (ConfUtils.java:logGet(44)) - raft.server.log.appender.buffer.element-limit = 1024 (custom)
2021-10-17 01:38:56,058 [omNode-2@group-523986131536->omNode-1-GrpcLogAppender-LogAppenderDaemon] INFO  grpc.GrpcConfigKeys (ConfUtils.java:logGet(44)) - raft.grpc.server.leader.outstanding.appends.max = 128 (default)
2021-10-17 01:38:56,058 [omNode-2@group-523986131536->omNode-1-GrpcLogAppender-LogAppenderDaemon] INFO  server.RaftServerConfigKeys (ConfUtils.java:logGet(44)) - raft.server.rpc.request.timeout = 3000ms (default)
2021-10-17 01:38:56,058 [omNode-2@group-523986131536->omNode-1-GrpcLogAppender-LogAppenderDaemon] INFO  server.RaftServerConfigKeys (ConfUtils.java:logGet(44)) - raft.server.log.appender.install.snapshot.enabled = false (custom)
2021-10-17 01:38:56,058 [omNode-2@group-523986131536->omNode-1-GrpcLogAppender-LogAppenderDaemon] INFO  server.GrpcLogAppender (GrpcLogAppender.java:installSnapshot(524)) - omNode-2@group-523986131536->omNode-1-GrpcLogAppender: followerNextIndex = 0 but logStartIndex = 21, notify follower to install snapshot-(t:3, i:21)
2021-10-17 01:38:56,058 [omNode-2@group-523986131536->omNode-1-GrpcLogAppender-LogAppenderDaemon] INFO  server.GrpcLogAppender (GrpcLogAppender.java:installSnapshot(532)) - omNode-2@group-523986131536->omNode-1-GrpcLogAppender: send omNode-2->omNode-1#0-t9,notify:(t:3, i:21)
2021-10-17 01:38:56,061 [grpc-default-executor-8] INFO  server.RaftServer$Division (RaftServerImpl.java:installSnapshot(1329)) - omNode-1@group-523986131536: receive installSnapshot: omNode-2->omNode-1#0-t9,notify:(t:3, i:21)
2021-10-17 01:38:56,062 [grpc-default-executor-8] INFO  server.RaftServer$Division (RaftServerImpl.java:notifyStateMachineToInstallSnapshot(1560)) - omNode-1@group-523986131536: StateMachine snapshotIndex is 20
2021-10-17 01:38:56,062 [grpc-default-executor-8] INFO  server.RaftServer$Division (RaftServerImpl.java:installSnapshotImpl(1459)) - omNode-1@group-523986131536: set new configuration index: 32
configurationEntry {
  peers {
    id: "omNode-3"
    address: "localhost:11188"
  }
  peers {
    id: "omNode-1"
    address: "localhost:11176"
  }
  peers {
    id: "omNode-2"
    address: "localhost:11182"
  }
}
 from snapshot
2021-10-17 01:38:56,062 [grpc-default-executor-8] INFO  server.RaftServer$Division (ServerState.java:setRaftConf(387)) - omNode-1@group-523986131536: set configuration 32: [omNode-3|rpc:localhost:11188|admin:|client:|dataStream:|priority:0, omNode-1|rpc:localhost:11176|admin:|client:|dataStream:|priority:0, omNode-2|rpc:localhost:11182|admin:|client:|dataStream:|priority:0], old=null
2021-10-17 01:38:56,062 [grpc-default-executor-8] INFO  ratis.OzoneManagerStateMachine (OzoneManagerStateMachine.java:notifyConfigurationChanged(188)) - Received Configuration change notification from Ratis. New Peer list:
[id: "omNode-3"
address: "localhost:11188"
, id: "omNode-1"
address: "localhost:11176"
, id: "omNode-2"
address: "localhost:11182"
]
2021-10-17 01:38:56,062 [grpc-default-executor-8] INFO  server.RaftServer$Division (RaftServerImpl.java:installSnapshot(1340)) - omNode-1@group-523986131536: reply installSnapshot: omNode-2<-omNode-1#0:FAIL-t9,ALREADY_INSTALLED,snapshotIndex=20
2021-10-17 01:38:56,063 [grpc-default-executor-8] INFO  server.GrpcServerProtocolService (GrpcServerProtocolService.java:onCompleted(140)) - omNode-1: Completed INSTALL_SNAPSHOT, lastRequest: omNode-2->omNode-1#0-t9,notify:(t:3, i:21)
2021-10-17 01:38:56,063 [grpc-default-executor-9] INFO  server.GrpcLogAppender (GrpcLogAppender.java:onNext(400)) - omNode-2@group-523986131536->omNode-1-InstallSnapshotResponseHandler: received the first reply omNode-2<-omNode-1#0:FAIL-t9,ALREADY_INSTALLED,snapshotIndex=20
2021-10-17 01:38:56,063 [grpc-default-executor-9] INFO  server.GrpcLogAppender (GrpcLogAppender.java:onNext(422)) - omNode-2@group-523986131536->omNode-1-InstallSnapshotResponseHandler: Already Installed Snapshot Index 20.
2021-10-17 01:38:56,063 [grpc-default-executor-9] INFO  leader.FollowerInfo (FollowerInfoImpl.java:lambda$new$0(46)) - omNode-2@group-523986131536->omNode-1: snapshotIndex: setUnconditionally 0 -> 20
2021-10-17 01:38:56,063 [grpc-default-executor-9] INFO  leader.FollowerInfo (FollowerInfoImpl.java:lambda$new$0(46)) - omNode-2@group-523986131536->omNode-1: matchIndex: setUnconditionally 0 -> 20
2021-10-17 01:38:56,063 [grpc-default-executor-9] INFO  leader.FollowerInfo (FollowerInfoImpl.java:lambda$new$0(46)) - omNode-2@group-523986131536->omNode-1: nextIndex: setUnconditionally 0 -> 21
2021-10-17 01:38:56,064 [grpc-default-executor-9] INFO  leader.FollowerInfo (FollowerInfoImpl.java:lambda$new$0(46)) - omNode-2@group-523986131536->omNode-1: nextIndex: updateToMax old=21, new=21, updated? false
2021-10-17 01:38:56,068 [omNode-3@group-523986131536-SegmentedRaftLogWorker] INFO  segmented.SegmentedRaftLogWorker (SegmentedRaftLogWorker.java:execute(601)) - omNode-3@group-523986131536-SegmentedRaftLogWorker: created new log segment /home/runner/work/ozone/ozone/hadoop-ozone/integration-test/target/test-dir/MiniOzoneClusterImpl-e6b5673d-0e05-4a61-970a-b11d77d0bde6/omNode-3/ratis/c9bc4cf4-3bc3-3c60-a66b-523986131536/current/log_inprogress_31
2021-10-17 01:38:56,071 [omNode-3@group-523986131536-SegmentedRaftLogWorker] INFO  segmented.SegmentedRaftLogWorker (SegmentedRaftLogWorker.java:execute(558)) - omNode-3@group-523986131536-SegmentedRaftLogWorker: Rolled log segment from /home/runner/work/ozone/ozone/hadoop-ozone/integration-test/target/test-dir/MiniOzoneClusterImpl-e6b5673d-0e05-4a61-970a-b11d77d0bde6/omNode-3/ratis/c9bc4cf4-3bc3-3c60-a66b-523986131536/current/log_inprogress_31 to /home/runner/work/ozone/ozone/hadoop-ozone/integration-test/target/test-dir/MiniOzoneClusterImpl-e6b5673d-0e05-4a61-970a-b11d77d0bde6/omNode-3/ratis/c9bc4cf4-3bc3-3c60-a66b-523986131536/current/log_31-31
2021-10-17 01:38:56,083 [omNode-3@group-523986131536-SegmentedRaftLogWorker] INFO  segmented.SegmentedRaftLogWorker (SegmentedRaftLogWorker.java:execute(601)) - omNode-3@group-523986131536-SegmentedRaftLogWorker: created new log segment /home/runner/work/ozone/ozone/hadoop-ozone/integration-test/target/test-dir/MiniOzoneClusterImpl-e6b5673d-0e05-4a61-970a-b11d77d0bde6/omNode-3/ratis/c9bc4cf4-3bc3-3c60-a66b-523986131536/current/log_inprogress_32
2021-10-17 01:38:56,086 [omNode-2@group-523986131536-StateMachineUpdater] INFO  ratis.OzoneManagerStateMachine (OzoneManagerStateMachine.java:notifyConfigurationChanged(188)) - Received Configuration change notification from Ratis. New Peer list:
[id: "omNode-3"
address: "localhost:11188"
, id: "omNode-1"
address: "localhost:11176"
, id: "omNode-2"
address: "localhost:11182"
]
2021-10-17 01:38:56,086 [omNode-2@group-523986131536-StateMachineUpdater] INFO  ratis.OzoneManagerStateMachine (OzoneManagerStateMachine.java:notifyConfigurationChanged(188)) - Received Configuration change notification from Ratis. New Peer list:
[id: "omNode-3"
address: "localhost:11188"
, id: "omNode-1"
address: "localhost:11176"
, id: "omNode-2"
address: "localhost:11182"
]
2021-10-17 01:38:56,088 [grpc-default-executor-8] INFO  server.RaftServer$Division (RaftServerImpl.java:checkInconsistentAppendEntries(1319)) - omNode-1@group-523986131536: Failed appendEntries as previous log entry ((t:9, i:32)) is not found
2021-10-17 01:38:56,089 [grpc-default-executor-8] INFO  server.RaftServer$Division (RaftServerImpl.java:checkInconsistentAppendEntries(1285)) - omNode-1@group-523986131536: inconsistency entries. Reply:omNode-2<-omNode-1#3:FAIL-t9,INCONSISTENCY,nextIndex=21,followerCommit=20
2021-10-17 01:38:56,090 [omNode-3@group-523986131536-StateMachineUpdater] INFO  ratis.OzoneManagerStateMachine (OzoneManagerStateMachine.java:notifyConfigurationChanged(188)) - Received Configuration change notification from Ratis. New Peer list:
[id: "omNode-3"
address: "localhost:11188"
, id: "omNode-1"
address: "localhost:11176"
, id: "omNode-2"
address: "localhost:11182"
]
2021-10-17 01:38:56,090 [omNode-3@group-523986131536-StateMachineUpdater] INFO  ratis.OzoneManagerStateMachine (OzoneManagerStateMachine.java:notifyConfigurationChanged(188)) - Received Configuration change notification from Ratis. New Peer list:
[id: "omNode-3"
address: "localhost:11188"
, id: "omNode-1"
address: "localhost:11176"
, id: "omNode-2"
address: "localhost:11182"
]
2021-10-17 01:38:56,588 [grpc-default-executor-8] INFO  server.RaftServer$Division (RaftServerImpl.java:checkInconsistentAppendEntries(1319)) - omNode-1@group-523986131536: Failed appendEntries as previous log entry ((t:9, i:33)) is not found
2021-10-17 01:38:56,589 [grpc-default-executor-8] INFO  server.RaftServer$Division (RaftServerImpl.java:checkInconsistentAppendEntries(1285)) - omNode-1@group-523986131536: inconsistency entries. Reply:omNode-2<-omNode-1#56:FAIL-t9,INCONSISTENCY,nextIndex=21,followerCommit=20
2021-10-17 01:38:56,590 [grpc-default-executor-8] INFO  leader.FollowerInfo (FollowerInfoImpl.java:lambda$new$0(46)) - omNode-2@group-523986131536->omNode-1: nextIndex: updateUnconditionally 34 -> 21
2021-10-17 01:38:57,036 [Time-limited test] INFO  retry.RetryInvocationHandler (RetryInvocationHandler.java:log(411)) - com.google.protobuf.ServiceException: org.apache.hadoop.ipc.RemoteException(org.apache.hadoop.ozone.om.exceptions.OMNotLeaderException): OM:omNode-1 is not the leader. Could not determine the leader node.
	at org.apache.hadoop.ozone.om.ratis.utils.OzoneManagerRatisUtils.createNotLeaderException(OzoneManagerRatisUtils.java:465)
	at org.apache.hadoop.ozone.om.ratis.utils.OzoneManagerRatisUtils.checkLeaderStatus(OzoneManagerRatisUtils.java:451)
	at org.apache.hadoop.ozone.protocolPB.OzoneManagerProtocolServerSideTranslatorPB.checkLeaderStatus(OzoneManagerProtocolServerSideTranslatorPB.java:243)
	at org.apache.hadoop.ozone.protocolPB.OzoneManagerProtocolServerSideTranslatorPB.processRequest(OzoneManagerProtocolServerSideTranslatorPB.java:135)
	at org.apache.hadoop.hdds.server.OzoneProtocolMessageDispatcher.processRequest(OzoneProtocolMessageDispatcher.java:87)
	at org.apache.hadoop.ozone.protocolPB.OzoneManagerProtocolServerSideTranslatorPB.submitRequest(OzoneManagerProtocolServerSideTranslatorPB.java:123)
	at org.apache.hadoop.ozone.protocol.proto.OzoneManagerProtocolProtos$OzoneManagerService$2.callBlockingMethod(OzoneManagerProtocolProtos.java)
	at org.apache.hadoop.ipc.ProtobufRpcEngine$Server.processCall(ProtobufRpcEngine.java:466)
	at org.apache.hadoop.ipc.ProtobufRpcEngine2$Server$ProtoBufRpcInvoker.call(ProtobufRpcEngine2.java:574)
	at org.apache.hadoop.ipc.ProtobufRpcEngine2$Server$ProtoBufRpcInvoker.call(ProtobufRpcEngine2.java:552)
	at org.apache.hadoop.ipc.RPC$Server.call(RPC.java:1093)
	at org.apache.hadoop.ipc.Server$RpcCall.run(Server.java:1035)
	at org.apache.hadoop.ipc.Server$RpcCall.run(Server.java:963)
	at java.security.AccessController.doPrivileged(Native Method)
	at javax.security.auth.Subject.doAs(Subject.java:422)
	at org.apache.hadoop.security.UserGroupInformation.doAs(UserGroupInformation.java:1878)
	at org.apache.hadoop.ipc.Server$Handler.run(Server.java:2966)
, while invoking $Proxy52.submitRequest over nodeId=omNode-1,nodeAddress=127.0.0.1:11172 after 4 failover attempts. Trying to failover immediately.
2021-10-17 01:38:57,039 [grpc-default-executor-9] INFO  server.RaftServer$Division (RaftServerImpl.java:checkInconsistentAppendEntries(1319)) - omNode-1@group-523986131536: Failed appendEntries as previous log entry ((t:9, i:33)) is not found
2021-10-17 01:38:57,039 [grpc-default-executor-9] INFO  server.RaftServer$Division (RaftServerImpl.java:checkInconsistentAppendEntries(1285)) - omNode-1@group-523986131536: inconsistency entries. Reply:omNode-2<-omNode-1#102:FAIL-t9,INCONSISTENCY,nextIndex=21,followerCommit=20
2021-10-17 01:38:57,041 [grpc-default-executor-8] INFO  server.RaftServer$Division (RaftServerImpl.java:checkInconsistentAppendEntries(1319)) - omNode-1@group-523986131536: Failed appendEntries as previous log entry ((t:9, i:34)) is not found
2021-10-17 01:38:57,041 [grpc-default-executor-8] INFO  server.RaftServer$Division (RaftServerImpl.java:checkInconsistentAppendEntries(1285)) - omNode-1@group-523986131536: inconsistency entries. Reply:omNode-2<-omNode-1#103:FAIL-t9,INCONSISTENCY,nextIndex=21,followerCommit=20
2021-10-17 01:38:57,041 [OM StateMachine ApplyTransaction Thread - 0] INFO  upgrade.OMCancelPrepareRequest (OMCancelPrepareRequest.java:validateAndUpdateCache(55)) - OM omNode-2 Received cancel prepare request with log index 34
2021-10-17 01:38:57,045 [OM StateMachine ApplyTransaction Thread - 0] INFO  upgrade.OMCancelPrepareRequest (OMCancelPrepareRequest.java:validateAndUpdateCache(55)) - OM omNode-3 Received cancel prepare request with log index 34
2021-10-17 01:38:57,045 [OM StateMachine ApplyTransaction Thread - 0] INFO  upgrade.OMCancelPrepareRequest (OMCancelPrepareRequest.java:validateAndUpdateCache(84)) - OM omNode-2 prepare state cancelled at log index 34. Returning response 
2021-10-17 01:38:57,046 [OM StateMachine ApplyTransaction Thread - 0] INFO  upgrade.OMCancelPrepareRequest (OMCancelPrepareRequest.java:validateAndUpdateCache(84)) - OM omNode-3 prepare state cancelled at log index 34. Returning response 
2021-10-17 01:38:57,542 [grpc-default-executor-8] INFO  server.RaftServer$Division (RaftServerImpl.java:checkInconsistentAppendEntries(1319)) - omNode-1@group-523986131536: Failed appendEntries as previous log entry ((t:9, i:35)) is not found
2021-10-17 01:38:57,542 [grpc-default-executor-8] INFO  server.RaftServer$Division (RaftServerImpl.java:checkInconsistentAppendEntries(1285)) - omNode-1@group-523986131536: inconsistency entries. Reply:omNode-2<-omNode-1#155:FAIL-t9,INCONSISTENCY,nextIndex=21,followerCommit=20
2021-10-17 01:38:57,542 [grpc-default-executor-8] INFO  leader.FollowerInfo (FollowerInfoImpl.java:lambda$new$0(46)) - omNode-2@group-523986131536->omNode-1: nextIndex: updateUnconditionally 36 -> 21
2021-10-17 01:38:58,045 [grpc-default-executor-8] INFO  server.RaftServer$Division (RaftServerImpl.java:checkInconsistentAppendEntries(1319)) - omNode-1@group-523986131536: Failed appendEntries as previous log entry ((t:9, i:35)) is not found
2021-10-17 01:38:58,045 [grpc-default-executor-8] INFO  server.RaftServer$Division (RaftServerImpl.java:checkInconsistentAppendEntries(1285)) - omNode-1@group-523986131536: inconsistency entries. Reply:omNode-2<-omNode-1#207:FAIL-t9,INCONSISTENCY,nextIndex=21,followerCommit=20
2021-10-17 01:38:58,045 [grpc-default-executor-8] INFO  leader.FollowerInfo (FollowerInfoImpl.java:lambda$new$0(46)) - omNode-2@group-523986131536->omNode-1: nextIndex: updateUnconditionally 36 -> 21
2021-10-17 01:38:58,547 [grpc-default-executor-8] INFO  server.RaftServer$Division (RaftServerImpl.java:checkInconsistentAppendEntries(1319)) - omNode-1@group-523986131536: Failed appendEntries as previous log entry ((t:9, i:35)) is not found
2021-10-17 01:38:58,548 [grpc-default-executor-8] INFO  server.RaftServer$Division (RaftServerImpl.java:checkInconsistentAppendEntries(1285)) - omNode-1@group-523986131536: inconsistency entries. Reply:omNode-2<-omNode-1#258:FAIL-t9,INCONSISTENCY,nextIndex=21,followerCommit=20
2021-10-17 01:38:58,548 [grpc-default-executor-8] INFO  leader.FollowerInfo (FollowerInfoImpl.java:lambda$new$0(46)) - omNode-2@group-523986131536->omNode-1: nextIndex: updateUnconditionally 36 -> 21
2021-10-17 01:38:59,050 [grpc-default-executor-9] INFO  server.RaftServer$Division (RaftServerImpl.java:checkInconsistentAppendEntries(1319)) - omNode-1@group-523986131536: Failed appendEntries as previous log entry ((t:9, i:35)) is not found
2021-10-17 01:38:59,050 [grpc-default-executor-9] INFO  server.RaftServer$Division (RaftServerImpl.java:checkInconsistentAppendEntries(1285)) - omNode-1@group-523986131536: inconsistency entries. Reply:omNode-2<-omNode-1#309:FAIL-t9,INCONSISTENCY,nextIndex=21,followerCommit=20
2021-10-17 01:38:59,051 [grpc-default-executor-7] INFO  leader.FollowerInfo (FollowerInfoImpl.java:lambda$new$0(46)) - omNode-2@group-523986131536->omNode-1: nextIndex: updateUnconditionally 36 -> 21
2021-10-17 01:38:59,553 [grpc-default-executor-7] INFO  server.RaftServer$Division (RaftServerImpl.java:checkInconsistentAppendEntries(1319)) - omNode-1@group-523986131536: Failed appendEntries as previous log entry ((t:9, i:35)) is not found
2021-10-17 01:38:59,553 [grpc-default-executor-7] INFO  server.RaftServer$Division (RaftServerImpl.java:checkInconsistentAppendEntries(1285)) - omNode-1@group-523986131536: inconsistency entries. Reply:omNode-2<-omNode-1#360:FAIL-t9,INCONSISTENCY,nextIndex=21,followerCommit=20
2021-10-17 01:38:59,553 [grpc-default-executor-7] INFO  leader.FollowerInfo (FollowerInfoImpl.java:lambda$new$0(46)) - omNode-2@group-523986131536->omNode-1: nextIndex: updateUnconditionally 36 -> 21
2021-10-17 01:39:00,056 [grpc-default-executor-7] INFO  server.RaftServer$Division (RaftServerImpl.java:checkInconsistentAppendEntries(1319)) - omNode-1@group-523986131536: Failed appendEntries as previous log entry ((t:9, i:35)) is not found
2021-10-17 01:39:00,056 [grpc-default-executor-7] INFO  server.RaftServer$Division (RaftServerImpl.java:checkInconsistentAppendEntries(1285)) - omNode-1@group-523986131536: inconsistency entries. Reply:omNode-2<-omNode-1#411:FAIL-t9,INCONSISTENCY,nextIndex=21,followerCommit=20
2021-10-17 01:39:00,056 [grpc-default-executor-9] INFO  leader.FollowerInfo (FollowerInfoImpl.java:lambda$new$0(46)) - omNode-2@group-523986131536->omNode-1: nextIndex: updateUnconditionally 36 -> 21
2021-10-17 01:39:00,558 [grpc-default-executor-9] INFO  server.RaftServer$Division (RaftServerImpl.java:checkInconsistentAppendEntries(1319)) - omNode-1@group-523986131536: Failed appendEntries as previous log entry ((t:9, i:35)) is not found
2021-10-17 01:39:00,558 [grpc-default-executor-9] INFO  server.RaftServer$Division (RaftServerImpl.java:checkInconsistentAppendEntries(1285)) - omNode-1@group-523986131536: inconsistency entries. Reply:omNode-2<-omNode-1#462:FAIL-t9,INCONSISTENCY,nextIndex=21,followerCommit=20
2021-10-17 01:39:00,559 [grpc-default-executor-9] INFO  leader.FollowerInfo (FollowerInfoImpl.java:lambda$new$0(46)) - omNode-2@group-523986131536->omNode-1: nextIndex: updateUnconditionally 36 -> 21
2021-10-17 01:39:01,060 [grpc-default-executor-9] INFO  server.RaftServer$Division (RaftServerImpl.java:checkInconsistentAppendEntries(1319)) - omNode-1@group-523986131536: Failed appendEntries as previous log entry ((t:9, i:35)) is not found
2021-10-17 01:39:01,060 [grpc-default-executor-9] INFO  server.RaftServer$Division (RaftServerImpl.java:checkInconsistentAppendEntries(1285)) - omNode-1@group-523986131536: inconsistency entries. Reply:omNode-2<-omNode-1#513:FAIL-t9,INCONSISTENCY,nextIndex=21,followerCommit=20
2021-10-17 01:39:01,061 [grpc-default-executor-9] INFO  leader.FollowerInfo (FollowerInfoImpl.java:lambda$new$0(46)) - omNode-2@group-523986131536->omNode-1: nextIndex: updateUnconditionally 36 -> 21
2021-10-17 01:39:01,562 [grpc-default-executor-8] INFO  server.RaftServer$Division (RaftServerImpl.java:checkInconsistentAppendEntries(1319)) - omNode-1@group-523986131536: Failed appendEntries as previous log entry ((t:9, i:35)) is not found
2021-10-17 01:39:01,563 [grpc-default-executor-8] INFO  server.RaftServer$Division (RaftServerImpl.java:checkInconsistentAppendEntries(1285)) - omNode-1@group-523986131536: inconsistency entries. Reply:omNode-2<-omNode-1#564:FAIL-t9,INCONSISTENCY,nextIndex=21,followerCommit=20
2021-10-17 01:39:01,563 [grpc-default-executor-8] INFO  leader.FollowerInfo (FollowerInfoImpl.java:lambda$new$0(46)) - omNode-2@group-523986131536->omNode-1: nextIndex: updateUnconditionally 36 -> 21
2021-10-17 01:39:02,065 [grpc-default-executor-8] INFO  server.RaftServer$Division (RaftServerImpl.java:checkInconsistentAppendEntries(1319)) - omNode-1@group-523986131536: Failed appendEntries as previous log entry ((t:9, i:35)) is not found
2021-10-17 01:39:02,065 [grpc-default-executor-8] INFO  server.RaftServer$Division (RaftServerImpl.java:checkInconsistentAppendEntries(1285)) - omNode-1@group-523986131536: inconsistency entries. Reply:omNode-2<-omNode-1#615:FAIL-t9,INCONSISTENCY,nextIndex=21,followerCommit=20
2021-10-17 01:39:02,065 [grpc-default-executor-8] INFO  leader.FollowerInfo (FollowerInfoImpl.java:lambda$new$0(46)) - omNode-2@group-523986131536->omNode-1: nextIndex: updateUnconditionally 36 -> 21
2021-10-17 01:39:02,567 [grpc-default-executor-8] INFO  server.RaftServer$Division (RaftServerImpl.java:checkInconsistentAppendEntries(1319)) - omNode-1@group-523986131536: Failed appendEntries as previous log entry ((t:9, i:35)) is not found
2021-10-17 01:39:02,567 [grpc-default-executor-8] INFO  server.RaftServer$Division (RaftServerImpl.java:checkInconsistentAppendEntries(1285)) - omNode-1@group-523986131536: inconsistency entries. Reply:omNode-2<-omNode-1#666:FAIL-t9,INCONSISTENCY,nextIndex=21,followerCommit=20
2021-10-17 01:39:02,568 [grpc-default-executor-8] INFO  leader.FollowerInfo (FollowerInfoImpl.java:lambda$new$0(46)) - omNode-2@group-523986131536->omNode-1: nextIndex: updateUnconditionally 36 -> 21
2021-10-17 01:39:03,069 [grpc-default-executor-8] INFO  server.RaftServer$Division (RaftServerImpl.java:checkInconsistentAppendEntries(1319)) - omNode-1@group-523986131536: Failed appendEntries as previous log entry ((t:9, i:35)) is not found
2021-10-17 01:39:03,070 [grpc-default-executor-8] INFO  server.RaftServer$Division (RaftServerImpl.java:checkInconsistentAppendEntries(1285)) - omNode-1@group-523986131536: inconsistency entries. Reply:omNode-2<-omNode-1#717:FAIL-t9,INCONSISTENCY,nextIndex=21,followerCommit=20
2021-10-17 01:39:03,070 [grpc-default-executor-8] INFO  leader.FollowerInfo (FollowerInfoImpl.java:lambda$new$0(46)) - omNode-2@group-523986131536->omNode-1: nextIndex: updateUnconditionally 36 -> 21
2021-10-17 01:39:03,571 [grpc-default-executor-8] INFO  server.RaftServer$Division (RaftServerImpl.java:checkInconsistentAppendEntries(1319)) - omNode-1@group-523986131536: Failed appendEntries as previous log entry ((t:9, i:35)) is not found
2021-10-17 01:39:03,572 [grpc-default-executor-8] INFO  server.RaftServer$Division (RaftServerImpl.java:checkInconsistentAppendEntries(1285)) - omNode-1@group-523986131536: inconsistency entries. Reply:omNode-2<-omNode-1#768:FAIL-t9,INCONSISTENCY,nextIndex=21,followerCommit=20
2021-10-17 01:39:03,572 [grpc-default-executor-8] INFO  leader.FollowerInfo (FollowerInfoImpl.java:lambda$new$0(46)) - omNode-2@group-523986131536->omNode-1: nextIndex: updateUnconditionally 36 -> 21
2021-10-17 01:39:04,074 [grpc-default-executor-3] INFO  server.RaftServer$Division (RaftServerImpl.java:checkInconsistentAppendEntries(1319)) - omNode-1@group-523986131536: Failed appendEntries as previous log entry ((t:9, i:35)) is not found
2021-10-17 01:39:04,074 [grpc-default-executor-3] INFO  server.RaftServer$Division (RaftServerImpl.java:checkInconsistentAppendEntries(1285)) - omNode-1@group-523986131536: inconsistency entries. Reply:omNode-2<-omNode-1#819:FAIL-t9,INCONSISTENCY,nextIndex=21,followerCommit=20
2021-10-17 01:39:04,074 [grpc-default-executor-3] INFO  leader.FollowerInfo (FollowerInfoImpl.java:lambda$new$0(46)) - omNode-2@group-523986131536->omNode-1: nextIndex: updateUnconditionally 36 -> 21
2021-10-17 01:39:04,577 [grpc-default-executor-3] INFO  server.RaftServer$Division (RaftServerImpl.java:checkInconsistentAppendEntries(1319)) - omNode-1@group-523986131536: Failed appendEntries as previous log entry ((t:9, i:35)) is not found
2021-10-17 01:39:04,577 [grpc-default-executor-3] INFO  server.RaftServer$Division (RaftServerImpl.java:checkInconsistentAppendEntries(1285)) - omNode-1@group-523986131536: inconsistency entries. Reply:omNode-2<-omNode-1#870:FAIL-t9,INCONSISTENCY,nextIndex=21,followerCommit=20
2021-10-17 01:39:04,577 [grpc-default-executor-3] INFO  leader.FollowerInfo (FollowerInfoImpl.java:lambda$new$0(46)) - omNode-2@group-523986131536->omNode-1: nextIndex: updateUnconditionally 36 -> 21
2021-10-17 01:39:05,078 [grpc-default-executor-3] INFO  server.RaftServer$Division (RaftServerImpl.java:checkInconsistentAppendEntries(1319)) - omNode-1@group-523986131536: Failed appendEntries as previous log entry ((t:9, i:35)) is not found
2021-10-17 01:39:05,079 [grpc-default-executor-3] INFO  server.RaftServer$Division (RaftServerImpl.java:checkInconsistentAppendEntries(1285)) - omNode-1@group-523986131536: inconsistency entries. Reply:omNode-2<-omNode-1#921:FAIL-t9,INCONSISTENCY,nextIndex=21,followerCommit=20
2021-10-17 01:39:05,079 [grpc-default-executor-3] INFO  leader.FollowerInfo (FollowerInfoImpl.java:lambda$new$0(46)) - omNode-2@group-523986131536->omNode-1: nextIndex: updateUnconditionally 36 -> 21
2021-10-17 01:39:05,580 [grpc-default-executor-3] INFO  server.RaftServer$Division (RaftServerImpl.java:checkInconsistentAppendEntries(1319)) - omNode-1@group-523986131536: Failed appendEntries as previous log entry ((t:9, i:35)) is not found
2021-10-17 01:39:05,580 [grpc-default-executor-3] INFO  server.RaftServer$Division (RaftServerImpl.java:checkInconsistentAppendEntries(1285)) - omNode-1@group-523986131536: inconsistency entries. Reply:omNode-2<-omNode-1#972:FAIL-t9,INCONSISTENCY,nextIndex=21,followerCommit=20
2021-10-17 01:39:05,581 [grpc-default-executor-3] INFO  leader.FollowerInfo (FollowerInfoImpl.java:lambda$new$0(46)) - omNode-2@group-523986131536->omNode-1: nextIndex: updateUnconditionally 36 -> 21
2021-10-17 01:39:06,008 [ReplicationMonitor] INFO  container.ReplicationManager (ReplicationManager.java:processAll(371)) - Replication Monitor Thread took 0 milliseconds for processing 0 containers.
2021-10-17 01:39:06,083 [grpc-default-executor-3] INFO  server.RaftServer$Division (RaftServerImpl.java:checkInconsistentAppendEntries(1319)) - omNode-1@group-523986131536: Failed appendEntries as previous log entry ((t:9, i:35)) is not found
2021-10-17 01:39:06,083 [grpc-default-executor-3] INFO  server.RaftServer$Division (RaftServerImpl.java:checkInconsistentAppendEntries(1285)) - omNode-1@group-523986131536: inconsistency entries. Reply:omNode-2<-omNode-1#1023:FAIL-t9,INCONSISTENCY,nextIndex=21,followerCommit=20
2021-10-17 01:39:06,083 [grpc-default-executor-3] INFO  leader.FollowerInfo (FollowerInfoImpl.java:lambda$new$0(46)) - omNode-2@group-523986131536->omNode-1: nextIndex: updateUnconditionally 36 -> 21
2021-10-17 01:39:06,586 [grpc-default-executor-3] INFO  server.RaftServer$Division (RaftServerImpl.java:checkInconsistentAppendEntries(1319)) - omNode-1@group-523986131536: Failed appendEntries as previous log entry ((t:9, i:35)) is not found
2021-10-17 01:39:06,586 [grpc-default-executor-3] INFO  server.RaftServer$Division (RaftServerImpl.java:checkInconsistentAppendEntries(1285)) - omNode-1@group-523986131536: inconsistency entries. Reply:omNode-2<-omNode-1#1074:FAIL-t9,INCONSISTENCY,nextIndex=21,followerCommit=20
2021-10-17 01:39:06,586 [grpc-default-executor-3] INFO  leader.FollowerInfo (FollowerInfoImpl.java:lambda$new$0(46)) - omNode-2@group-523986131536->omNode-1: nextIndex: updateUnconditionally 36 -> 21
2021-10-17 01:39:07,088 [grpc-default-executor-3] INFO  server.RaftServer$Division (RaftServerImpl.java:checkInconsistentAppendEntries(1319)) - omNode-1@group-523986131536: Failed appendEntries as previous log entry ((t:9, i:35)) is not found
2021-10-17 01:39:07,088 [grpc-default-executor-3] INFO  server.RaftServer$Division (RaftServerImpl.java:checkInconsistentAppendEntries(1285)) - omNode-1@group-523986131536: inconsistency entries. Reply:omNode-2<-omNode-1#1125:FAIL-t9,INCONSISTENCY,nextIndex=21,followerCommit=20
2021-10-17 01:39:07,089 [grpc-default-executor-3] INFO  leader.FollowerInfo (FollowerInfoImpl.java:lambda$new$0(46)) - omNode-2@group-523986131536->omNode-1: nextIndex: updateUnconditionally 36 -> 21
2021-10-17 01:39:07,590 [grpc-default-executor-3] INFO  server.RaftServer$Division (RaftServerImpl.java:checkInconsistentAppendEntries(1319)) - omNode-1@group-523986131536: Failed appendEntries as previous log entry ((t:9, i:35)) is not found
2021-10-17 01:39:07,590 [grpc-default-executor-3] INFO  server.RaftServer$Division (RaftServerImpl.java:checkInconsistentAppendEntries(1285)) - omNode-1@group-523986131536: inconsistency entries. Reply:omNode-2<-omNode-1#1176:FAIL-t9,INCONSISTENCY,nextIndex=21,followerCommit=20
2021-10-17 01:39:07,590 [grpc-default-executor-3] INFO  leader.FollowerInfo (FollowerInfoImpl.java:lambda$new$0(46)) - omNode-2@group-523986131536->omNode-1: nextIndex: updateUnconditionally 36 -> 21
2021-10-17 01:39:08,092 [grpc-default-executor-3] INFO  server.RaftServer$Division (RaftServerImpl.java:checkInconsistentAppendEntries(1319)) - omNode-1@group-523986131536: Failed appendEntries as previous log entry ((t:9, i:35)) is not found
2021-10-17 01:39:08,093 [grpc-default-executor-3] INFO  server.RaftServer$Division (RaftServerImpl.java:checkInconsistentAppendEntries(1285)) - omNode-1@group-523986131536: inconsistency entries. Reply:omNode-2<-omNode-1#1227:FAIL-t9,INCONSISTENCY,nextIndex=21,followerCommit=20
2021-10-17 01:39:08,093 [grpc-default-executor-3] INFO  leader.FollowerInfo (FollowerInfoImpl.java:lambda$new$0(46)) - omNode-2@group-523986131536->omNode-1: nextIndex: updateUnconditionally 36 -> 21
2021-10-17 01:39:08,595 [grpc-default-executor-3] INFO  server.RaftServer$Division (RaftServerImpl.java:checkInconsistentAppendEntries(1319)) - omNode-1@group-523986131536: Failed appendEntries as previous log entry ((t:9, i:35)) is not found
2021-10-17 01:39:08,595 [grpc-default-executor-3] INFO  server.RaftServer$Division (RaftServerImpl.java:checkInconsistentAppendEntries(1285)) - omNode-1@group-523986131536: inconsistency entries. Reply:omNode-2<-omNode-1#1278:FAIL-t9,INCONSISTENCY,nextIndex=21,followerCommit=20
2021-10-17 01:39:08,596 [grpc-default-executor-3] INFO  leader.FollowerInfo (FollowerInfoImpl.java:lambda$new$0(46)) - omNode-2@group-523986131536->omNode-1: nextIndex: updateUnconditionally 36 -> 21
2021-10-17 01:39:09,097 [grpc-default-executor-9] INFO  server.RaftServer$Division (RaftServerImpl.java:checkInconsistentAppendEntries(1319)) - omNode-1@group-523986131536: Failed appendEntries as previous log entry ((t:9, i:35)) is not found
2021-10-17 01:39:09,097 [grpc-default-executor-9] INFO  server.RaftServer$Division (RaftServerImpl.java:checkInconsistentAppendEntries(1285)) - omNode-1@group-523986131536: inconsistency entries. Reply:omNode-2<-omNode-1#1329:FAIL-t9,INCONSISTENCY,nextIndex=21,followerCommit=20
2021-10-17 01:39:09,098 [grpc-default-executor-9] INFO  leader.FollowerInfo (FollowerInfoImpl.java:lambda$new$0(46)) - omNode-2@group-523986131536->omNode-1: nextIndex: updateUnconditionally 36 -> 21
2021-10-17 01:39:09,600 [grpc-default-executor-9] INFO  server.RaftServer$Division (RaftServerImpl.java:checkInconsistentAppendEntries(1319)) - omNode-1@group-523986131536: Failed appendEntries as previous log entry ((t:9, i:35)) is not found
2021-10-17 01:39:09,600 [grpc-default-executor-9] INFO  server.RaftServer$Division (RaftServerImpl.java:checkInconsistentAppendEntries(1285)) - omNode-1@group-523986131536: inconsistency entries. Reply:omNode-2<-omNode-1#1380:FAIL-t9,INCONSISTENCY,nextIndex=21,followerCommit=20
2021-10-17 01:39:09,600 [grpc-default-executor-9] INFO  leader.FollowerInfo (FollowerInfoImpl.java:lambda$new$0(46)) - omNode-2@group-523986131536->omNode-1: nextIndex: updateUnconditionally 36 -> 21
2021-10-17 01:39:10,102 [grpc-default-executor-9] INFO  server.RaftServer$Division (RaftServerImpl.java:checkInconsistentAppendEntries(1319)) - omNode-1@group-523986131536: Failed appendEntries as previous log entry ((t:9, i:35)) is not found
2021-10-17 01:39:10,103 [grpc-default-executor-9] INFO  server.RaftServer$Division (RaftServerImpl.java:checkInconsistentAppendEntries(1285)) - omNode-1@group-523986131536: inconsistency entries. Reply:omNode-2<-omNode-1#1431:FAIL-t9,INCONSISTENCY,nextIndex=21,followerCommit=20
2021-10-17 01:39:10,103 [grpc-default-executor-9] INFO  leader.FollowerInfo (FollowerInfoImpl.java:lambda$new$0(46)) - omNode-2@group-523986131536->omNode-1: nextIndex: updateUnconditionally 36 -> 21
2021-10-17 01:39:10,605 [grpc-default-executor-9] INFO  server.RaftServer$Division (RaftServerImpl.java:checkInconsistentAppendEntries(1319)) - omNode-1@group-523986131536: Failed appendEntries as previous log entry ((t:9, i:35)) is not found
2021-10-17 01:39:10,605 [grpc-default-executor-9] INFO  server.RaftServer$Division (RaftServerImpl.java:checkInconsistentAppendEntries(1285)) - omNode-1@group-523986131536: inconsistency entries. Reply:omNode-2<-omNode-1#1482:FAIL-t9,INCONSISTENCY,nextIndex=21,followerCommit=20
2021-10-17 01:39:10,605 [grpc-default-executor-9] INFO  leader.FollowerInfo (FollowerInfoImpl.java:lambda$new$0(46)) - omNode-2@group-523986131536->omNode-1: nextIndex: updateUnconditionally 36 -> 21
2021-10-17 01:39:11,107 [grpc-default-executor-9] INFO  server.RaftServer$Division (RaftServerImpl.java:checkInconsistentAppendEntries(1319)) - omNode-1@group-523986131536: Failed appendEntries as previous log entry ((t:9, i:35)) is not found
2021-10-17 01:39:11,107 [grpc-default-executor-9] INFO  server.RaftServer$Division (RaftServerImpl.java:checkInconsistentAppendEntries(1285)) - omNode-1@group-523986131536: inconsistency entries. Reply:omNode-2<-omNode-1#1533:FAIL-t9,INCONSISTENCY,nextIndex=21,followerCommit=20
2021-10-17 01:39:11,107 [grpc-default-executor-9] INFO  leader.FollowerInfo (FollowerInfoImpl.java:lambda$new$0(46)) - omNode-2@group-523986131536->omNode-1: nextIndex: updateUnconditionally 36 -> 21
2021-10-17 01:39:11,609 [grpc-default-executor-8] INFO  server.RaftServer$Division (RaftServerImpl.java:checkInconsistentAppendEntries(1319)) - omNode-1@group-523986131536: Failed appendEntries as previous log entry ((t:9, i:35)) is not found
2021-10-17 01:39:11,609 [grpc-default-executor-8] INFO  server.RaftServer$Division (RaftServerImpl.java:checkInconsistentAppendEntries(1285)) - omNode-1@group-523986131536: inconsistency entries. Reply:omNode-2<-omNode-1#1584:FAIL-t9,INCONSISTENCY,nextIndex=21,followerCommit=20
2021-10-17 01:39:11,609 [grpc-default-executor-8] INFO  leader.FollowerInfo (FollowerInfoImpl.java:lambda$new$0(46)) - omNode-2@group-523986131536->omNode-1: nextIndex: updateUnconditionally 36 -> 21
2021-10-17 01:39:12,112 [grpc-default-executor-8] INFO  server.RaftServer$Division (RaftServerImpl.java:checkInconsistentAppendEntries(1319)) - omNode-1@group-523986131536: Failed appendEntries as previous log entry ((t:9, i:35)) is not found
2021-10-17 01:39:12,112 [grpc-default-executor-8] INFO  server.RaftServer$Division (RaftServerImpl.java:checkInconsistentAppendEntries(1285)) - omNode-1@group-523986131536: inconsistency entries. Reply:omNode-2<-omNode-1#1635:FAIL-t9,INCONSISTENCY,nextIndex=21,followerCommit=20
2021-10-17 01:39:12,112 [grpc-default-executor-8] INFO  leader.FollowerInfo (FollowerInfoImpl.java:lambda$new$0(46)) - omNode-2@group-523986131536->omNode-1: nextIndex: updateUnconditionally 36 -> 21
2021-10-17 01:39:12,614 [grpc-default-executor-8] INFO  server.RaftServer$Division (RaftServerImpl.java:checkInconsistentAppendEntries(1319)) - omNode-1@group-523986131536: Failed appendEntries as previous log entry ((t:9, i:35)) is not found
2021-10-17 01:39:12,615 [grpc-default-executor-8] INFO  server.RaftServer$Division (RaftServerImpl.java:checkInconsistentAppendEntries(1285)) - omNode-1@group-523986131536: inconsistency entries. Reply:omNode-2<-omNode-1#1686:FAIL-t9,INCONSISTENCY,nextIndex=21,followerCommit=20
2021-10-17 01:39:12,615 [grpc-default-executor-8] INFO  leader.FollowerInfo (FollowerInfoImpl.java:lambda$new$0(46)) - omNode-2@group-523986131536->omNode-1: nextIndex: updateUnconditionally 36 -> 21
2021-10-17 01:39:13,117 [grpc-default-executor-8] INFO  server.RaftServer$Division (RaftServerImpl.java:checkInconsistentAppendEntries(1319)) - omNode-1@group-523986131536: Failed appendEntries as previous log entry ((t:9, i:35)) is not found
2021-10-17 01:39:13,117 [grpc-default-executor-8] INFO  server.RaftServer$Division (RaftServerImpl.java:checkInconsistentAppendEntries(1285)) - omNode-1@group-523986131536: inconsistency entries. Reply:omNode-2<-omNode-1#1737:FAIL-t9,INCONSISTENCY,nextIndex=21,followerCommit=20
2021-10-17 01:39:13,117 [grpc-default-executor-8] INFO  leader.FollowerInfo (FollowerInfoImpl.java:lambda$new$0(46)) - omNode-2@group-523986131536->omNode-1: nextIndex: updateUnconditionally 36 -> 21
2021-10-17 01:39:13,619 [grpc-default-executor-8] INFO  server.RaftServer$Division (RaftServerImpl.java:checkInconsistentAppendEntries(1319)) - omNode-1@group-523986131536: Failed appendEntries as previous log entry ((t:9, i:35)) is not found
2021-10-17 01:39:13,619 [grpc-default-executor-8] INFO  server.RaftServer$Division (RaftServerImpl.java:checkInconsistentAppendEntries(1285)) - omNode-1@group-523986131536: inconsistency entries. Reply:omNode-2<-omNode-1#1788:FAIL-t9,INCONSISTENCY,nextIndex=21,followerCommit=20
2021-10-17 01:39:13,619 [grpc-default-executor-8] INFO  leader.FollowerInfo (FollowerInfoImpl.java:lambda$new$0(46)) - omNode-2@group-523986131536->omNode-1: nextIndex: updateUnconditionally 36 -> 21
2021-10-17 01:39:14,121 [grpc-default-executor-3] INFO  server.RaftServer$Division (RaftServerImpl.java:checkInconsistentAppendEntries(1319)) - omNode-1@group-523986131536: Failed appendEntries as previous log entry ((t:9, i:35)) is not found
2021-10-17 01:39:14,121 [grpc-default-executor-3] INFO  server.RaftServer$Division (RaftServerImpl.java:checkInconsistentAppendEntries(1285)) - omNode-1@group-523986131536: inconsistency entries. Reply:omNode-2<-omNode-1#1839:FAIL-t9,INCONSISTENCY,nextIndex=21,followerCommit=20
2021-10-17 01:39:14,121 [grpc-default-executor-3] INFO  leader.FollowerInfo (FollowerInfoImpl.java:lambda$new$0(46)) - omNode-2@group-523986131536->omNode-1: nextIndex: updateUnconditionally 36 -> 21
2021-10-17 01:39:14,622 [grpc-default-executor-3] INFO  server.RaftServer$Division (RaftServerImpl.java:checkInconsistentAppendEntries(1319)) - omNode-1@group-523986131536: Failed appendEntries as previous log entry ((t:9, i:35)) is not found
2021-10-17 01:39:14,623 [grpc-default-executor-3] INFO  server.RaftServer$Division (RaftServerImpl.java:checkInconsistentAppendEntries(1285)) - omNode-1@group-523986131536: inconsistency entries. Reply:omNode-2<-omNode-1#1890:FAIL-t9,INCONSISTENCY,nextIndex=21,followerCommit=20
2021-10-17 01:39:14,623 [grpc-default-executor-3] INFO  leader.FollowerInfo (FollowerInfoImpl.java:lambda$new$0(46)) - omNode-2@group-523986131536->omNode-1: nextIndex: updateUnconditionally 36 -> 21
2021-10-17 01:39:15,125 [grpc-default-executor-3] INFO  server.RaftServer$Division (RaftServerImpl.java:checkInconsistentAppendEntries(1319)) - omNode-1@group-523986131536: Failed appendEntries as previous log entry ((t:9, i:35)) is not found
2021-10-17 01:39:15,125 [grpc-default-executor-3] INFO  server.RaftServer$Division (RaftServerImpl.java:checkInconsistentAppendEntries(1285)) - omNode-1@group-523986131536: inconsistency entries. Reply:omNode-2<-omNode-1#1941:FAIL-t9,INCONSISTENCY,nextIndex=21,followerCommit=20
2021-10-17 01:39:15,125 [grpc-default-executor-3] INFO  leader.FollowerInfo (FollowerInfoImpl.java:lambda$new$0(46)) - omNode-2@group-523986131536->omNode-1: nextIndex: updateUnconditionally 36 -> 21
2021-10-17 01:39:15,627 [grpc-default-executor-3] INFO  server.RaftServer$Division (RaftServerImpl.java:checkInconsistentAppendEntries(1319)) - omNode-1@group-523986131536: Failed appendEntries as previous log entry ((t:9, i:35)) is not found
2021-10-17 01:39:15,628 [grpc-default-executor-3] INFO  server.RaftServer$Division (RaftServerImpl.java:checkInconsistentAppendEntries(1285)) - omNode-1@group-523986131536: inconsistency entries. Reply:omNode-2<-omNode-1#1992:FAIL-t9,INCONSISTENCY,nextIndex=21,followerCommit=20
2021-10-17 01:39:15,628 [grpc-default-executor-3] INFO  leader.FollowerInfo (FollowerInfoImpl.java:lambda$new$0(46)) - omNode-2@group-523986131536->omNode-1: nextIndex: updateUnconditionally 36 -> 21
2021-10-17 01:39:16,130 [grpc-default-executor-3] INFO  server.RaftServer$Division (RaftServerImpl.java:checkInconsistentAppendEntries(1319)) - omNode-1@group-523986131536: Failed appendEntries as previous log entry ((t:9, i:35)) is not found
2021-10-17 01:39:16,130 [grpc-default-executor-3] INFO  server.RaftServer$Division (RaftServerImpl.java:checkInconsistentAppendEntries(1285)) - omNode-1@group-523986131536: inconsistency entries. Reply:omNode-2<-omNode-1#2043:FAIL-t9,INCONSISTENCY,nextIndex=21,followerCommit=20
2021-10-17 01:39:16,130 [grpc-default-executor-3] INFO  leader.FollowerInfo (FollowerInfoImpl.java:lambda$new$0(46)) - omNode-2@group-523986131536->omNode-1: nextIndex: updateUnconditionally 36 -> 21
2021-10-17 01:39:16,633 [grpc-default-executor-8] INFO  server.RaftServer$Division (RaftServerImpl.java:checkInconsistentAppendEntries(1319)) - omNode-1@group-523986131536: Failed appendEntries as previous log entry ((t:9, i:35)) is not found
2021-10-17 01:39:16,633 [grpc-default-executor-8] INFO  server.RaftServer$Division (RaftServerImpl.java:checkInconsistentAppendEntries(1285)) - omNode-1@group-523986131536: inconsistency entries. Reply:omNode-2<-omNode-1#2094:FAIL-t9,INCONSISTENCY,nextIndex=21,followerCommit=20
2021-10-17 01:39:16,633 [grpc-default-executor-8] INFO  leader.FollowerInfo (FollowerInfoImpl.java:lambda$new$0(46)) - omNode-2@group-523986131536->omNode-1: nextIndex: updateUnconditionally 36 -> 21
2021-10-17 01:39:17,135 [grpc-default-executor-8] INFO  server.RaftServer$Division (RaftServerImpl.java:checkInconsistentAppendEntries(1319)) - omNode-1@group-523986131536: Failed appendEntries as previous log entry ((t:9, i:35)) is not found
2021-10-17 01:39:17,135 [grpc-default-executor-8] INFO  server.RaftServer$Division (RaftServerImpl.java:checkInconsistentAppendEntries(1285)) - omNode-1@group-523986131536: inconsistency entries. Reply:omNode-2<-omNode-1#2145:FAIL-t9,INCONSISTENCY,nextIndex=21,followerCommit=20
2021-10-17 01:39:17,135 [grpc-default-executor-8] INFO  leader.FollowerInfo (FollowerInfoImpl.java:lambda$new$0(46)) - omNode-2@group-523986131536->omNode-1: nextIndex: updateUnconditionally 36 -> 21
2021-10-17 01:39:17,637 [grpc-default-executor-8] INFO  server.RaftServer$Division (RaftServerImpl.java:checkInconsistentAppendEntries(1319)) - omNode-1@group-523986131536: Failed appendEntries as previous log entry ((t:9, i:35)) is not found
2021-10-17 01:39:17,637 [grpc-default-executor-8] INFO  server.RaftServer$Division (RaftServerImpl.java:checkInconsistentAppendEntries(1285)) - omNode-1@group-523986131536: inconsistency entries. Reply:omNode-2<-omNode-1#2196:FAIL-t9,INCONSISTENCY,nextIndex=21,followerCommit=20
2021-10-17 01:39:17,637 [grpc-default-executor-8] INFO  leader.FollowerInfo (FollowerInfoImpl.java:lambda$new$0(46)) - omNode-2@group-523986131536->omNode-1: nextIndex: updateUnconditionally 36 -> 21
2021-10-17 01:39:18,139 [grpc-default-executor-8] INFO  server.RaftServer$Division (RaftServerImpl.java:checkInconsistentAppendEntries(1319)) - omNode-1@group-523986131536: Failed appendEntries as previous log entry ((t:9, i:35)) is not found
2021-10-17 01:39:18,139 [grpc-default-executor-8] INFO  server.RaftServer$Division (RaftServerImpl.java:checkInconsistentAppendEntries(1285)) - omNode-1@group-523986131536: inconsistency entries. Reply:omNode-2<-omNode-1#2247:FAIL-t9,INCONSISTENCY,nextIndex=21,followerCommit=20
2021-10-17 01:39:18,139 [grpc-default-executor-8] INFO  leader.FollowerInfo (FollowerInfoImpl.java:lambda$new$0(46)) - omNode-2@group-523986131536->omNode-1: nextIndex: updateUnconditionally 36 -> 21
2021-10-17 01:39:18,641 [grpc-default-executor-8] INFO  server.RaftServer$Division (RaftServerImpl.java:checkInconsistentAppendEntries(1319)) - omNode-1@group-523986131536: Failed appendEntries as previous log entry ((t:9, i:35)) is not found
2021-10-17 01:39:18,641 [grpc-default-executor-8] INFO  server.RaftServer$Division (RaftServerImpl.java:checkInconsistentAppendEntries(1285)) - omNode-1@group-523986131536: inconsistency entries. Reply:omNode-2<-omNode-1#2298:FAIL-t9,INCONSISTENCY,nextIndex=21,followerCommit=20
2021-10-17 01:39:18,642 [grpc-default-executor-7] INFO  leader.FollowerInfo (FollowerInfoImpl.java:lambda$new$0(46)) - omNode-2@group-523986131536->omNode-1: nextIndex: updateUnconditionally 36 -> 21
2021-10-17 01:39:19,144 [grpc-default-executor-8] INFO  server.RaftServer$Division (RaftServerImpl.java:checkInconsistentAppendEntries(1319)) - omNode-1@group-523986131536: Failed appendEntries as previous log entry ((t:9, i:35)) is not found
2021-10-17 01:39:19,144 [grpc-default-executor-8] INFO  server.RaftServer$Division (RaftServerImpl.java:checkInconsistentAppendEntries(1285)) - omNode-1@group-523986131536: inconsistency entries. Reply:omNode-2<-omNode-1#2349:FAIL-t9,INCONSISTENCY,nextIndex=21,followerCommit=20
2021-10-17 01:39:19,144 [grpc-default-executor-8] INFO  leader.FollowerInfo (FollowerInfoImpl.java:lambda$new$0(46)) - omNode-2@group-523986131536->omNode-1: nextIndex: updateUnconditionally 36 -> 21
2021-10-17 01:39:19,646 [grpc-default-executor-8] INFO  server.RaftServer$Division (RaftServerImpl.java:checkInconsistentAppendEntries(1319)) - omNode-1@group-523986131536: Failed appendEntries as previous log entry ((t:9, i:35)) is not found
2021-10-17 01:39:19,646 [grpc-default-executor-8] INFO  server.RaftServer$Division (RaftServerImpl.java:checkInconsistentAppendEntries(1285)) - omNode-1@group-523986131536: inconsistency entries. Reply:omNode-2<-omNode-1#2400:FAIL-t9,INCONSISTENCY,nextIndex=21,followerCommit=20
2021-10-17 01:39:19,646 [grpc-default-executor-8] INFO  leader.FollowerInfo (FollowerInfoImpl.java:lambda$new$0(46)) - omNode-2@group-523986131536->omNode-1: nextIndex: updateUnconditionally 36 -> 21
2021-10-17 01:39:20,148 [grpc-default-executor-8] INFO  server.RaftServer$Division (RaftServerImpl.java:checkInconsistentAppendEntries(1319)) - omNode-1@group-523986131536: Failed appendEntries as previous log entry ((t:9, i:35)) is not found
2021-10-17 01:39:20,148 [grpc-default-executor-8] INFO  server.RaftServer$Division (RaftServerImpl.java:checkInconsistentAppendEntries(1285)) - omNode-1@group-523986131536: inconsistency entries. Reply:omNode-2<-omNode-1#2451:FAIL-t9,INCONSISTENCY,nextIndex=21,followerCommit=20
2021-10-17 01:39:20,149 [grpc-default-executor-8] INFO  leader.FollowerInfo (FollowerInfoImpl.java:lambda$new$0(46)) - omNode-2@group-523986131536->omNode-1: nextIndex: updateUnconditionally 36 -> 21
2021-10-17 01:39:20,651 [grpc-default-executor-8] INFO  server.RaftServer$Division (RaftServerImpl.java:checkInconsistentAppendEntries(1319)) - omNode-1@group-523986131536: Failed appendEntries as previous log entry ((t:9, i:35)) is not found
2021-10-17 01:39:20,651 [grpc-default-executor-8] INFO  server.RaftServer$Division (RaftServerImpl.java:checkInconsistentAppendEntries(1285)) - omNode-1@group-523986131536: inconsistency entries. Reply:omNode-2<-omNode-1#2502:FAIL-t9,INCONSISTENCY,nextIndex=21,followerCommit=20
2021-10-17 01:39:20,652 [grpc-default-executor-8] INFO  leader.FollowerInfo (FollowerInfoImpl.java:lambda$new$0(46)) - omNode-2@group-523986131536->omNode-1: nextIndex: updateUnconditionally 36 -> 21
2021-10-17 01:39:21,154 [grpc-default-executor-7] INFO  server.RaftServer$Division (RaftServerImpl.java:checkInconsistentAppendEntries(1319)) - omNode-1@group-523986131536: Failed appendEntries as previous log entry ((t:9, i:35)) is not found
2021-10-17 01:39:21,154 [grpc-default-executor-7] INFO  server.RaftServer$Division (RaftServerImpl.java:checkInconsistentAppendEntries(1285)) - omNode-1@group-523986131536: inconsistency entries. Reply:omNode-2<-omNode-1#2553:FAIL-t9,INCONSISTENCY,nextIndex=21,followerCommit=20
2021-10-17 01:39:21,154 [grpc-default-executor-7] INFO  leader.FollowerInfo (FollowerInfoImpl.java:lambda$new$0(46)) - omNode-2@group-523986131536->omNode-1: nextIndex: updateUnconditionally 36 -> 21
2021-10-17 01:39:21,657 [grpc-default-executor-7] INFO  server.RaftServer$Division (RaftServerImpl.java:checkInconsistentAppendEntries(1319)) - omNode-1@group-523986131536: Failed appendEntries as previous log entry ((t:9, i:35)) is not found
2021-10-17 01:39:21,657 [grpc-default-executor-7] INFO  server.RaftServer$Division (RaftServerImpl.java:checkInconsistentAppendEntries(1285)) - omNode-1@group-523986131536: inconsistency entries. Reply:omNode-2<-omNode-1#2604:FAIL-t9,INCONSISTENCY,nextIndex=21,followerCommit=20
2021-10-17 01:39:21,657 [grpc-default-executor-7] INFO  leader.FollowerInfo (FollowerInfoImpl.java:lambda$new$0(46)) - omNode-2@group-523986131536->omNode-1: nextIndex: updateUnconditionally 36 -> 21
2021-10-17 01:39:22,159 [grpc-default-executor-7] INFO  server.RaftServer$Division (RaftServerImpl.java:checkInconsistentAppendEntries(1319)) - omNode-1@group-523986131536: Failed appendEntries as previous log entry ((t:9, i:35)) is not found
2021-10-17 01:39:22,159 [grpc-default-executor-7] INFO  server.RaftServer$Division (RaftServerImpl.java:checkInconsistentAppendEntries(1285)) - omNode-1@group-523986131536: inconsistency entries. Reply:omNode-2<-omNode-1#2655:FAIL-t9,INCONSISTENCY,nextIndex=21,followerCommit=20
2021-10-17 01:39:22,159 [grpc-default-executor-7] INFO  leader.FollowerInfo (FollowerInfoImpl.java:lambda$new$0(46)) - omNode-2@group-523986131536->omNode-1: nextIndex: updateUnconditionally 36 -> 21
2021-10-17 01:39:22,661 [grpc-default-executor-7] INFO  server.RaftServer$Division (RaftServerImpl.java:checkInconsistentAppendEntries(1319)) - omNode-1@group-523986131536: Failed appendEntries as previous log entry ((t:9, i:35)) is not found
2021-10-17 01:39:22,661 [grpc-default-executor-7] INFO  server.RaftServer$Division (RaftServerImpl.java:checkInconsistentAppendEntries(1285)) - omNode-1@group-523986131536: inconsistency entries. Reply:omNode-2<-omNode-1#2706:FAIL-t9,INCONSISTENCY,nextIndex=21,followerCommit=20
2021-10-17 01:39:22,661 [grpc-default-executor-7] INFO  leader.FollowerInfo (FollowerInfoImpl.java:lambda$new$0(46)) - omNode-2@group-523986131536->omNode-1: nextIndex: updateUnconditionally 36 -> 21
2021-10-17 01:39:23,164 [grpc-default-executor-7] INFO  server.RaftServer$Division (RaftServerImpl.java:checkInconsistentAppendEntries(1319)) - omNode-1@group-523986131536: Failed appendEntries as previous log entry ((t:9, i:35)) is not found
2021-10-17 01:39:23,164 [grpc-default-executor-7] INFO  server.RaftServer$Division (RaftServerImpl.java:checkInconsistentAppendEntries(1285)) - omNode-1@group-523986131536: inconsistency entries. Reply:omNode-2<-omNode-1#2757:FAIL-t9,INCONSISTENCY,nextIndex=21,followerCommit=20
2021-10-17 01:39:23,164 [grpc-default-executor-7] INFO  leader.FollowerInfo (FollowerInfoImpl.java:lambda$new$0(46)) - omNode-2@group-523986131536->omNode-1: nextIndex: updateUnconditionally 36 -> 21
2021-10-17 01:39:23,666 [grpc-default-executor-3] INFO  server.RaftServer$Division (RaftServerImpl.java:checkInconsistentAppendEntries(1319)) - omNode-1@group-523986131536: Failed appendEntries as previous log entry ((t:9, i:35)) is not found
2021-10-17 01:39:23,667 [grpc-default-executor-3] INFO  server.RaftServer$Division (RaftServerImpl.java:checkInconsistentAppendEntries(1285)) - omNode-1@group-523986131536: inconsistency entries. Reply:omNode-2<-omNode-1#2808:FAIL-t9,INCONSISTENCY,nextIndex=21,followerCommit=20
2021-10-17 01:39:23,667 [grpc-default-executor-3] INFO  leader.FollowerInfo (FollowerInfoImpl.java:lambda$new$0(46)) - omNode-2@group-523986131536->omNode-1: nextIndex: updateUnconditionally 36 -> 21
2021-10-17 01:39:24,169 [grpc-default-executor-3] INFO  server.RaftServer$Division (RaftServerImpl.java:checkInconsistentAppendEntries(1319)) - omNode-1@group-523986131536: Failed appendEntries as previous log entry ((t:9, i:35)) is not found
2021-10-17 01:39:24,169 [grpc-default-executor-3] INFO  server.RaftServer$Division (RaftServerImpl.java:checkInconsistentAppendEntries(1285)) - omNode-1@group-523986131536: inconsistency entries. Reply:omNode-2<-omNode-1#2859:FAIL-t9,INCONSISTENCY,nextIndex=21,followerCommit=20
2021-10-17 01:39:24,169 [grpc-default-executor-3] INFO  leader.FollowerInfo (FollowerInfoImpl.java:lambda$new$0(46)) - omNode-2@group-523986131536->omNode-1: nextIndex: updateUnconditionally 36 -> 21
2021-10-17 01:39:24,671 [grpc-default-executor-3] INFO  server.RaftServer$Division (RaftServerImpl.java:checkInconsistentAppendEntries(1319)) - omNode-1@group-523986131536: Failed appendEntries as previous log entry ((t:9, i:35)) is not found
2021-10-17 01:39:24,671 [grpc-default-executor-3] INFO  server.RaftServer$Division (RaftServerImpl.java:checkInconsistentAppendEntries(1285)) - omNode-1@group-523986131536: inconsistency entries. Reply:omNode-2<-omNode-1#2910:FAIL-t9,INCONSISTENCY,nextIndex=21,followerCommit=20
2021-10-17 01:39:24,671 [grpc-default-executor-3] INFO  leader.FollowerInfo (FollowerInfoImpl.java:lambda$new$0(46)) - omNode-2@group-523986131536->omNode-1: nextIndex: updateUnconditionally 36 -> 21
2021-10-17 01:39:25,173 [grpc-default-executor-3] INFO  server.RaftServer$Division (RaftServerImpl.java:checkInconsistentAppendEntries(1319)) - omNode-1@group-523986131536: Failed appendEntries as previous log entry ((t:9, i:35)) is not found
2021-10-17 01:39:25,173 [grpc-default-executor-3] INFO  server.RaftServer$Division (RaftServerImpl.java:checkInconsistentAppendEntries(1285)) - omNode-1@group-523986131536: inconsistency entries. Reply:omNode-2<-omNode-1#2961:FAIL-t9,INCONSISTENCY,nextIndex=21,followerCommit=20
2021-10-17 01:39:25,174 [grpc-default-executor-3] INFO  leader.FollowerInfo (FollowerInfoImpl.java:lambda$new$0(46)) - omNode-2@group-523986131536->omNode-1: nextIndex: updateUnconditionally 36 -> 21
2021-10-17 01:39:25,675 [grpc-default-executor-3] INFO  server.RaftServer$Division (RaftServerImpl.java:checkInconsistentAppendEntries(1319)) - omNode-1@group-523986131536: Failed appendEntries as previous log entry ((t:9, i:35)) is not found
2021-10-17 01:39:25,675 [grpc-default-executor-3] INFO  server.RaftServer$Division (RaftServerImpl.java:checkInconsistentAppendEntries(1285)) - omNode-1@group-523986131536: inconsistency entries. Reply:omNode-2<-omNode-1#3012:FAIL-t9,INCONSISTENCY,nextIndex=21,followerCommit=20
2021-10-17 01:39:25,676 [grpc-default-executor-3] INFO  leader.FollowerInfo (FollowerInfoImpl.java:lambda$new$0(46)) - omNode-2@group-523986131536->omNode-1: nextIndex: updateUnconditionally 36 -> 21
2021-10-17 01:39:26,177 [grpc-default-executor-3] INFO  server.RaftServer$Division (RaftServerImpl.java:checkInconsistentAppendEntries(1319)) - omNode-1@group-523986131536: Failed appendEntries as previous log entry ((t:9, i:35)) is not found
2021-10-17 01:39:26,177 [grpc-default-executor-3] INFO  server.RaftServer$Division (RaftServerImpl.java:checkInconsistentAppendEntries(1285)) - omNode-1@group-523986131536: inconsistency entries. Reply:omNode-2<-omNode-1#3063:FAIL-t9,INCONSISTENCY,nextIndex=21,followerCommit=20
2021-10-17 01:39:26,177 [grpc-default-executor-3] INFO  leader.FollowerInfo (FollowerInfoImpl.java:lambda$new$0(46)) - omNode-2@group-523986131536->omNode-1: nextIndex: updateUnconditionally 36 -> 21
2021-10-17 01:39:26,679 [grpc-default-executor-3] INFO  server.RaftServer$Division (RaftServerImpl.java:checkInconsistentAppendEntries(1319)) - omNode-1@group-523986131536: Failed appendEntries as previous log entry ((t:9, i:35)) is not found
2021-10-17 01:39:26,679 [grpc-default-executor-3] INFO  server.RaftServer$Division (RaftServerImpl.java:checkInconsistentAppendEntries(1285)) - omNode-1@group-523986131536: inconsistency entries. Reply:omNode-2<-omNode-1#3114:FAIL-t9,INCONSISTENCY,nextIndex=21,followerCommit=20
2021-10-17 01:39:26,679 [grpc-default-executor-3] INFO  leader.FollowerInfo (FollowerInfoImpl.java:lambda$new$0(46)) - omNode-2@group-523986131536->omNode-1: nextIndex: updateUnconditionally 36 -> 21
2021-10-17 01:39:27,181 [grpc-default-executor-3] INFO  server.RaftServer$Division (RaftServerImpl.java:checkInconsistentAppendEntries(1319)) - omNode-1@group-523986131536: Failed appendEntries as previous log entry ((t:9, i:35)) is not found
2021-10-17 01:39:27,181 [grpc-default-executor-3] INFO  server.RaftServer$Division (RaftServerImpl.java:checkInconsistentAppendEntries(1285)) - omNode-1@group-523986131536: inconsistency entries. Reply:omNode-2<-omNode-1#3165:FAIL-t9,INCONSISTENCY,nextIndex=21,followerCommit=20
2021-10-17 01:39:27,181 [grpc-default-executor-3] INFO  leader.FollowerInfo (FollowerInfoImpl.java:lambda$new$0(46)) - omNode-2@group-523986131536->omNode-1: nextIndex: updateUnconditionally 36 -> 21
2021-10-17 01:39:27,683 [grpc-default-executor-3] INFO  server.RaftServer$Division (RaftServerImpl.java:checkInconsistentAppendEntries(1319)) - omNode-1@group-523986131536: Failed appendEntries as previous log entry ((t:9, i:35)) is not found
2021-10-17 01:39:27,683 [grpc-default-executor-3] INFO  server.RaftServer$Division (RaftServerImpl.java:checkInconsistentAppendEntries(1285)) - omNode-1@group-523986131536: inconsistency entries. Reply:omNode-2<-omNode-1#3216:FAIL-t9,INCONSISTENCY,nextIndex=21,followerCommit=20
2021-10-17 01:39:27,684 [grpc-default-executor-3] INFO  leader.FollowerInfo (FollowerInfoImpl.java:lambda$new$0(46)) - omNode-2@group-523986131536->omNode-1: nextIndex: updateUnconditionally 36 -> 21
2021-10-17 01:39:28,185 [grpc-default-executor-3] INFO  server.RaftServer$Division (RaftServerImpl.java:checkInconsistentAppendEntries(1319)) - omNode-1@group-523986131536: Failed appendEntries as previous log entry ((t:9, i:35)) is not found
2021-10-17 01:39:28,185 [grpc-default-executor-3] INFO  server.RaftServer$Division (RaftServerImpl.java:checkInconsistentAppendEntries(1285)) - omNode-1@group-523986131536: inconsistency entries. Reply:omNode-2<-omNode-1#3267:FAIL-t9,INCONSISTENCY,nextIndex=21,followerCommit=20
2021-10-17 01:39:28,185 [grpc-default-executor-3] INFO  leader.FollowerInfo (FollowerInfoImpl.java:lambda$new$0(46)) - omNode-2@group-523986131536->omNode-1: nextIndex: updateUnconditionally 36 -> 21
2021-10-17 01:39:28,687 [grpc-default-executor-8] INFO  server.RaftServer$Division (RaftServerImpl.java:checkInconsistentAppendEntries(1319)) - omNode-1@group-523986131536: Failed appendEntries as previous log entry ((t:9, i:35)) is not found
2021-10-17 01:39:28,687 [grpc-default-executor-8] INFO  server.RaftServer$Division (RaftServerImpl.java:checkInconsistentAppendEntries(1285)) - omNode-1@group-523986131536: inconsistency entries. Reply:omNode-2<-omNode-1#3318:FAIL-t9,INCONSISTENCY,nextIndex=21,followerCommit=20
2021-10-17 01:39:28,687 [grpc-default-executor-8] INFO  leader.FollowerInfo (FollowerInfoImpl.java:lambda$new$0(46)) - omNode-2@group-523986131536->omNode-1: nextIndex: updateUnconditionally 36 -> 21
2021-10-17 01:39:29,189 [grpc-default-executor-8] INFO  server.RaftServer$Division (RaftServerImpl.java:checkInconsistentAppendEntries(1319)) - omNode-1@group-523986131536: Failed appendEntries as previous log entry ((t:9, i:35)) is not found
2021-10-17 01:39:29,190 [grpc-default-executor-8] INFO  server.RaftServer$Division (RaftServerImpl.java:checkInconsistentAppendEntries(1285)) - omNode-1@group-523986131536: inconsistency entries. Reply:omNode-2<-omNode-1#3369:FAIL-t9,INCONSISTENCY,nextIndex=21,followerCommit=20
2021-10-17 01:39:29,190 [grpc-default-executor-8] INFO  leader.FollowerInfo (FollowerInfoImpl.java:lambda$new$0(46)) - omNode-2@group-523986131536->omNode-1: nextIndex: updateUnconditionally 36 -> 21
2021-10-17 01:39:29,692 [grpc-default-executor-8] INFO  server.RaftServer$Division (RaftServerImpl.java:checkInconsistentAppendEntries(1319)) - omNode-1@group-523986131536: Failed appendEntries as previous log entry ((t:9, i:35)) is not found
2021-10-17 01:39:29,693 [grpc-default-executor-8] INFO  server.RaftServer$Division (RaftServerImpl.java:checkInconsistentAppendEntries(1285)) - omNode-1@group-523986131536: inconsistency entries. Reply:omNode-2<-omNode-1#3420:FAIL-t9,INCONSISTENCY,nextIndex=21,followerCommit=20
2021-10-17 01:39:29,693 [grpc-default-executor-8] INFO  leader.FollowerInfo (FollowerInfoImpl.java:lambda$new$0(46)) - omNode-2@group-523986131536->omNode-1: nextIndex: updateUnconditionally 36 -> 21
2021-10-17 01:39:30,194 [grpc-default-executor-8] INFO  server.RaftServer$Division (RaftServerImpl.java:checkInconsistentAppendEntries(1319)) - omNode-1@group-523986131536: Failed appendEntries as previous log entry ((t:9, i:35)) is not found
2021-10-17 01:39:30,195 [grpc-default-executor-8] INFO  server.RaftServer$Division (RaftServerImpl.java:checkInconsistentAppendEntries(1285)) - omNode-1@group-523986131536: inconsistency entries. Reply:omNode-2<-omNode-1#3471:FAIL-t9,INCONSISTENCY,nextIndex=21,followerCommit=20
2021-10-17 01:39:30,195 [grpc-default-executor-8] INFO  leader.FollowerInfo (FollowerInfoImpl.java:lambda$new$0(46)) - omNode-2@group-523986131536->omNode-1: nextIndex: updateUnconditionally 36 -> 21
2021-10-17 01:39:30,697 [grpc-default-executor-8] INFO  server.RaftServer$Division (RaftServerImpl.java:checkInconsistentAppendEntries(1319)) - omNode-1@group-523986131536: Failed appendEntries as previous log entry ((t:9, i:35)) is not found
2021-10-17 01:39:30,697 [grpc-default-executor-8] INFO  server.RaftServer$Division (RaftServerImpl.java:checkInconsistentAppendEntries(1285)) - omNode-1@group-523986131536: inconsistency entries. Reply:omNode-2<-omNode-1#3522:FAIL-t9,INCONSISTENCY,nextIndex=21,followerCommit=20
2021-10-17 01:39:30,697 [grpc-default-executor-8] INFO  leader.FollowerInfo (FollowerInfoImpl.java:lambda$new$0(46)) - omNode-2@group-523986131536->omNode-1: nextIndex: updateUnconditionally 36 -> 21
2021-10-17 01:39:31,199 [grpc-default-executor-7] INFO  server.RaftServer$Division (RaftServerImpl.java:checkInconsistentAppendEntries(1319)) - omNode-1@group-523986131536: Failed appendEntries as previous log entry ((t:9, i:35)) is not found
2021-10-17 01:39:31,200 [grpc-default-executor-7] INFO  server.RaftServer$Division (RaftServerImpl.java:checkInconsistentAppendEntries(1285)) - omNode-1@group-523986131536: inconsistency entries. Reply:omNode-2<-omNode-1#3573:FAIL-t9,INCONSISTENCY,nextIndex=21,followerCommit=20
2021-10-17 01:39:31,200 [grpc-default-executor-7] INFO  leader.FollowerInfo (FollowerInfoImpl.java:lambda$new$0(46)) - omNode-2@group-523986131536->omNode-1: nextIndex: updateUnconditionally 36 -> 21
2021-10-17 01:39:31,702 [grpc-default-executor-7] INFO  server.RaftServer$Division (RaftServerImpl.java:checkInconsistentAppendEntries(1319)) - omNode-1@group-523986131536: Failed appendEntries as previous log entry ((t:9, i:35)) is not found
2021-10-17 01:39:31,702 [grpc-default-executor-7] INFO  server.RaftServer$Division (RaftServerImpl.java:checkInconsistentAppendEntries(1285)) - omNode-1@group-523986131536: inconsistency entries. Reply:omNode-2<-omNode-1#3624:FAIL-t9,INCONSISTENCY,nextIndex=21,followerCommit=20
2021-10-17 01:39:31,702 [grpc-default-executor-7] INFO  leader.FollowerInfo (FollowerInfoImpl.java:lambda$new$0(46)) - omNode-2@group-523986131536->omNode-1: nextIndex: updateUnconditionally 36 -> 21
2021-10-17 01:39:32,204 [grpc-default-executor-7] INFO  server.RaftServer$Division (RaftServerImpl.java:checkInconsistentAppendEntries(1319)) - omNode-1@group-523986131536: Failed appendEntries as previous log entry ((t:9, i:35)) is not found
2021-10-17 01:39:32,204 [grpc-default-executor-7] INFO  server.RaftServer$Division (RaftServerImpl.java:checkInconsistentAppendEntries(1285)) - omNode-1@group-523986131536: inconsistency entries. Reply:omNode-2<-omNode-1#3675:FAIL-t9,INCONSISTENCY,nextIndex=21,followerCommit=20
2021-10-17 01:39:32,205 [grpc-default-executor-7] INFO  leader.FollowerInfo (FollowerInfoImpl.java:lambda$new$0(46)) - omNode-2@group-523986131536->omNode-1: nextIndex: updateUnconditionally 36 -> 21
2021-10-17 01:39:32,707 [grpc-default-executor-7] INFO  server.RaftServer$Division (RaftServerImpl.java:checkInconsistentAppendEntries(1319)) - omNode-1@group-523986131536: Failed appendEntries as previous log entry ((t:9, i:35)) is not found
2021-10-17 01:39:32,707 [grpc-default-executor-7] INFO  server.RaftServer$Division (RaftServerImpl.java:checkInconsistentAppendEntries(1285)) - omNode-1@group-523986131536: inconsistency entries. Reply:omNode-2<-omNode-1#3726:FAIL-t9,INCONSISTENCY,nextIndex=21,followerCommit=20
2021-10-17 01:39:32,707 [grpc-default-executor-7] INFO  leader.FollowerInfo (FollowerInfoImpl.java:lambda$new$0(46)) - omNode-2@group-523986131536->omNode-1: nextIndex: updateUnconditionally 36 -> 21
2021-10-17 01:39:33,209 [grpc-default-executor-7] INFO  server.RaftServer$Division (RaftServerImpl.java:checkInconsistentAppendEntries(1319)) - omNode-1@group-523986131536: Failed appendEntries as previous log entry ((t:9, i:35)) is not found
2021-10-17 01:39:33,209 [grpc-default-executor-7] INFO  server.RaftServer$Division (RaftServerImpl.java:checkInconsistentAppendEntries(1285)) - omNode-1@group-523986131536: inconsistency entries. Reply:omNode-2<-omNode-1#3777:FAIL-t9,INCONSISTENCY,nextIndex=21,followerCommit=20
2021-10-17 01:39:33,209 [grpc-default-executor-7] INFO  leader.FollowerInfo (FollowerInfoImpl.java:lambda$new$0(46)) - omNode-2@group-523986131536->omNode-1: nextIndex: updateUnconditionally 36 -> 21
2021-10-17 01:39:33,711 [grpc-default-executor-3] INFO  server.RaftServer$Division (RaftServerImpl.java:checkInconsistentAppendEntries(1319)) - omNode-1@group-523986131536: Failed appendEntries as previous log entry ((t:9, i:35)) is not found
2021-10-17 01:39:33,711 [grpc-default-executor-3] INFO  server.RaftServer$Division (RaftServerImpl.java:checkInconsistentAppendEntries(1285)) - omNode-1@group-523986131536: inconsistency entries. Reply:omNode-2<-omNode-1#3828:FAIL-t9,INCONSISTENCY,nextIndex=21,followerCommit=20
2021-10-17 01:39:33,711 [grpc-default-executor-3] INFO  leader.FollowerInfo (FollowerInfoImpl.java:lambda$new$0(46)) - omNode-2@group-523986131536->omNode-1: nextIndex: updateUnconditionally 36 -> 21
2021-10-17 01:39:34,213 [grpc-default-executor-3] INFO  server.RaftServer$Division (RaftServerImpl.java:checkInconsistentAppendEntries(1319)) - omNode-1@group-523986131536: Failed appendEntries as previous log entry ((t:9, i:35)) is not found
2021-10-17 01:39:34,213 [grpc-default-executor-3] INFO  server.RaftServer$Division (RaftServerImpl.java:checkInconsistentAppendEntries(1285)) - omNode-1@group-523986131536: inconsistency entries. Reply:omNode-2<-omNode-1#3879:FAIL-t9,INCONSISTENCY,nextIndex=21,followerCommit=20
2021-10-17 01:39:34,213 [grpc-default-executor-3] INFO  leader.FollowerInfo (FollowerInfoImpl.java:lambda$new$0(46)) - omNode-2@group-523986131536->omNode-1: nextIndex: updateUnconditionally 36 -> 21
2021-10-17 01:39:34,716 [grpc-default-executor-3] INFO  server.RaftServer$Division (RaftServerImpl.java:checkInconsistentAppendEntries(1319)) - omNode-1@group-523986131536: Failed appendEntries as previous log entry ((t:9, i:35)) is not found
2021-10-17 01:39:34,716 [grpc-default-executor-3] INFO  server.RaftServer$Division (RaftServerImpl.java:checkInconsistentAppendEntries(1285)) - omNode-1@group-523986131536: inconsistency entries. Reply:omNode-2<-omNode-1#3930:FAIL-t9,INCONSISTENCY,nextIndex=21,followerCommit=20
2021-10-17 01:39:34,716 [grpc-default-executor-3] INFO  leader.FollowerInfo (FollowerInfoImpl.java:lambda$new$0(46)) - omNode-2@group-523986131536->omNode-1: nextIndex: updateUnconditionally 36 -> 21
2021-10-17 01:39:35,218 [grpc-default-executor-3] INFO  server.RaftServer$Division (RaftServerImpl.java:checkInconsistentAppendEntries(1319)) - omNode-1@group-523986131536: Failed appendEntries as previous log entry ((t:9, i:35)) is not found
2021-10-17 01:39:35,218 [grpc-default-executor-3] INFO  server.RaftServer$Division (RaftServerImpl.java:checkInconsistentAppendEntries(1285)) - omNode-1@group-523986131536: inconsistency entries. Reply:omNode-2<-omNode-1#3981:FAIL-t9,INCONSISTENCY,nextIndex=21,followerCommit=20
2021-10-17 01:39:35,218 [grpc-default-executor-3] INFO  leader.FollowerInfo (FollowerInfoImpl.java:lambda$new$0(46)) - omNode-2@group-523986131536->omNode-1: nextIndex: updateUnconditionally 36 -> 21
2021-10-17 01:39:35,720 [grpc-default-executor-3] INFO  server.RaftServer$Division (RaftServerImpl.java:checkInconsistentAppendEntries(1319)) - omNode-1@group-523986131536: Failed appendEntries as previous log entry ((t:9, i:35)) is not found
2021-10-17 01:39:35,720 [grpc-default-executor-3] INFO  server.RaftServer$Division (RaftServerImpl.java:checkInconsistentAppendEntries(1285)) - omNode-1@group-523986131536: inconsistency entries. Reply:omNode-2<-omNode-1#4032:FAIL-t9,INCONSISTENCY,nextIndex=21,followerCommit=20
2021-10-17 01:39:35,721 [grpc-default-executor-3] INFO  leader.FollowerInfo (FollowerInfoImpl.java:lambda$new$0(46)) - omNode-2@group-523986131536->omNode-1: nextIndex: updateUnconditionally 36 -> 21
2021-10-17 01:39:36,223 [grpc-default-executor-3] INFO  server.RaftServer$Division (RaftServerImpl.java:checkInconsistentAppendEntries(1319)) - omNode-1@group-523986131536: Failed appendEntries as previous log entry ((t:9, i:35)) is not found
2021-10-17 01:39:36,223 [grpc-default-executor-3] INFO  server.RaftServer$Division (RaftServerImpl.java:checkInconsistentAppendEntries(1285)) - omNode-1@group-523986131536: inconsistency entries. Reply:omNode-2<-omNode-1#4083:FAIL-t9,INCONSISTENCY,nextIndex=21,followerCommit=20
2021-10-17 01:39:36,224 [grpc-default-executor-3] INFO  leader.FollowerInfo (FollowerInfoImpl.java:lambda$new$0(46)) - omNode-2@group-523986131536->omNode-1: nextIndex: updateUnconditionally 36 -> 21
2021-10-17 01:39:36,725 [grpc-default-executor-3] INFO  server.RaftServer$Division (RaftServerImpl.java:checkInconsistentAppendEntries(1319)) - omNode-1@group-523986131536: Failed appendEntries as previous log entry ((t:9, i:35)) is not found
2021-10-17 01:39:36,726 [grpc-default-executor-3] INFO  server.RaftServer$Division (RaftServerImpl.java:checkInconsistentAppendEntries(1285)) - omNode-1@group-523986131536: inconsistency entries. Reply:omNode-2<-omNode-1#4134:FAIL-t9,INCONSISTENCY,nextIndex=21,followerCommit=20
2021-10-17 01:39:36,726 [grpc-default-executor-3] INFO  leader.FollowerInfo (FollowerInfoImpl.java:lambda$new$0(46)) - omNode-2@group-523986131536->omNode-1: nextIndex: updateUnconditionally 36 -> 21
2021-10-17 01:39:37,228 [grpc-default-executor-3] INFO  server.RaftServer$Division (RaftServerImpl.java:checkInconsistentAppendEntries(1319)) - omNode-1@group-523986131536: Failed appendEntries as previous log entry ((t:9, i:35)) is not found
2021-10-17 01:39:37,228 [grpc-default-executor-3] INFO  server.RaftServer$Division (RaftServerImpl.java:checkInconsistentAppendEntries(1285)) - omNode-1@group-523986131536: inconsistency entries. Reply:omNode-2<-omNode-1#4185:FAIL-t9,INCONSISTENCY,nextIndex=21,followerCommit=20
2021-10-17 01:39:37,228 [grpc-default-executor-3] INFO  leader.FollowerInfo (FollowerInfoImpl.java:lambda$new$0(46)) - omNode-2@group-523986131536->omNode-1: nextIndex: updateUnconditionally 36 -> 21
2021-10-17 01:39:37,730 [grpc-default-executor-3] INFO  server.RaftServer$Division (RaftServerImpl.java:checkInconsistentAppendEntries(1319)) - omNode-1@group-523986131536: Failed appendEntries as previous log entry ((t:9, i:35)) is not found
2021-10-17 01:39:37,731 [grpc-default-executor-3] INFO  server.RaftServer$Division (RaftServerImpl.java:checkInconsistentAppendEntries(1285)) - omNode-1@group-523986131536: inconsistency entries. Reply:omNode-2<-omNode-1#4236:FAIL-t9,INCONSISTENCY,nextIndex=21,followerCommit=20
2021-10-17 01:39:37,731 [grpc-default-executor-3] INFO  leader.FollowerInfo (FollowerInfoImpl.java:lambda$new$0(46)) - omNode-2@group-523986131536->omNode-1: nextIndex: updateUnconditionally 36 -> 21
2021-10-17 01:39:38,233 [grpc-default-executor-3] INFO  server.RaftServer$Division (RaftServerImpl.java:checkInconsistentAppendEntries(1319)) - omNode-1@group-523986131536: Failed appendEntries as previous log entry ((t:9, i:35)) is not found
2021-10-17 01:39:38,233 [grpc-default-executor-3] INFO  server.RaftServer$Division (RaftServerImpl.java:checkInconsistentAppendEntries(1285)) - omNode-1@group-523986131536: inconsistency entries. Reply:omNode-2<-omNode-1#4287:FAIL-t9,INCONSISTENCY,nextIndex=21,followerCommit=20
2021-10-17 01:39:38,233 [grpc-default-executor-3] INFO  leader.FollowerInfo (FollowerInfoImpl.java:lambda$new$0(46)) - omNode-2@group-523986131536->omNode-1: nextIndex: updateUnconditionally 36 -> 21
2021-10-17 01:39:38,735 [grpc-default-executor-3] INFO  server.RaftServer$Division (RaftServerImpl.java:checkInconsistentAppendEntries(1319)) - omNode-1@group-523986131536: Failed appendEntries as previous log entry ((t:9, i:35)) is not found
2021-10-17 01:39:38,736 [grpc-default-executor-3] INFO  server.RaftServer$Division (RaftServerImpl.java:checkInconsistentAppendEntries(1285)) - omNode-1@group-523986131536: inconsistency entries. Reply:omNode-2<-omNode-1#4338:FAIL-t9,INCONSISTENCY,nextIndex=21,followerCommit=20
2021-10-17 01:39:38,736 [grpc-default-executor-3] INFO  leader.FollowerInfo (FollowerInfoImpl.java:lambda$new$0(46)) - omNode-2@group-523986131536->omNode-1: nextIndex: updateUnconditionally 36 -> 21
2021-10-17 01:39:39,238 [grpc-default-executor-3] INFO  server.RaftServer$Division (RaftServerImpl.java:checkInconsistentAppendEntries(1319)) - omNode-1@group-523986131536: Failed appendEntries as previous log entry ((t:9, i:35)) is not found
2021-10-17 01:39:39,238 [grpc-default-executor-3] INFO  server.RaftServer$Division (RaftServerImpl.java:checkInconsistentAppendEntries(1285)) - omNode-1@group-523986131536: inconsistency entries. Reply:omNode-2<-omNode-1#4389:FAIL-t9,INCONSISTENCY,nextIndex=21,followerCommit=20
2021-10-17 01:39:39,238 [grpc-default-executor-3] INFO  leader.FollowerInfo (FollowerInfoImpl.java:lambda$new$0(46)) - omNode-2@group-523986131536->omNode-1: nextIndex: updateUnconditionally 36 -> 21
2021-10-17 01:39:39,741 [grpc-default-executor-3] INFO  server.RaftServer$Division (RaftServerImpl.java:checkInconsistentAppendEntries(1319)) - omNode-1@group-523986131536: Failed appendEntries as previous log entry ((t:9, i:35)) is not found
2021-10-17 01:39:39,741 [grpc-default-executor-3] INFO  server.RaftServer$Division (RaftServerImpl.java:checkInconsistentAppendEntries(1285)) - omNode-1@group-523986131536: inconsistency entries. Reply:omNode-2<-omNode-1#4440:FAIL-t9,INCONSISTENCY,nextIndex=21,followerCommit=20
2021-10-17 01:39:39,741 [grpc-default-executor-3] INFO  leader.FollowerInfo (FollowerInfoImpl.java:lambda$new$0(46)) - omNode-2@group-523986131536->omNode-1: nextIndex: updateUnconditionally 36 -> 21
2021-10-17 01:39:40,243 [grpc-default-executor-3] INFO  server.RaftServer$Division (RaftServerImpl.java:checkInconsistentAppendEntries(1319)) - omNode-1@group-523986131536: Failed appendEntries as previous log entry ((t:9, i:35)) is not found
2021-10-17 01:39:40,243 [grpc-default-executor-3] INFO  server.RaftServer$Division (RaftServerImpl.java:checkInconsistentAppendEntries(1285)) - omNode-1@group-523986131536: inconsistency entries. Reply:omNode-2<-omNode-1#4491:FAIL-t9,INCONSISTENCY,nextIndex=21,followerCommit=20
2021-10-17 01:39:40,243 [grpc-default-executor-3] INFO  leader.FollowerInfo (FollowerInfoImpl.java:lambda$new$0(46)) - omNode-2@group-523986131536->omNode-1: nextIndex: updateUnconditionally 36 -> 21
2021-10-17 01:39:40,745 [grpc-default-executor-3] INFO  server.RaftServer$Division (RaftServerImpl.java:checkInconsistentAppendEntries(1319)) - omNode-1@group-523986131536: Failed appendEntries as previous log entry ((t:9, i:35)) is not found
2021-10-17 01:39:40,745 [grpc-default-executor-3] INFO  server.RaftServer$Division (RaftServerImpl.java:checkInconsistentAppendEntries(1285)) - omNode-1@group-523986131536: inconsistency entries. Reply:omNode-2<-omNode-1#4542:FAIL-t9,INCONSISTENCY,nextIndex=21,followerCommit=20
2021-10-17 01:39:40,746 [grpc-default-executor-3] INFO  leader.FollowerInfo (FollowerInfoImpl.java:lambda$new$0(46)) - omNode-2@group-523986131536->omNode-1: nextIndex: updateUnconditionally 36 -> 21
2021-10-17 01:39:41,248 [grpc-default-executor-8] INFO  server.RaftServer$Division (RaftServerImpl.java:checkInconsistentAppendEntries(1319)) - omNode-1@group-523986131536: Failed appendEntries as previous log entry ((t:9, i:35)) is not found
2021-10-17 01:39:41,248 [grpc-default-executor-8] INFO  server.RaftServer$Division (RaftServerImpl.java:checkInconsistentAppendEntries(1285)) - omNode-1@group-523986131536: inconsistency entries. Reply:omNode-2<-omNode-1#4593:FAIL-t9,INCONSISTENCY,nextIndex=21,followerCommit=20
2021-10-17 01:39:41,248 [grpc-default-executor-8] INFO  leader.FollowerInfo (FollowerInfoImpl.java:lambda$new$0(46)) - omNode-2@group-523986131536->omNode-1: nextIndex: updateUnconditionally 36 -> 21
2021-10-17 01:39:41,751 [grpc-default-executor-8] INFO  server.RaftServer$Division (RaftServerImpl.java:checkInconsistentAppendEntries(1319)) - omNode-1@group-523986131536: Failed appendEntries as previous log entry ((t:9, i:35)) is not found
2021-10-17 01:39:41,751 [grpc-default-executor-8] INFO  server.RaftServer$Division (RaftServerImpl.java:checkInconsistentAppendEntries(1285)) - omNode-1@group-523986131536: inconsistency entries. Reply:omNode-2<-omNode-1#4644:FAIL-t9,INCONSISTENCY,nextIndex=21,followerCommit=20
2021-10-17 01:39:41,751 [grpc-default-executor-8] INFO  leader.FollowerInfo (FollowerInfoImpl.java:lambda$new$0(46)) - omNode-2@group-523986131536->omNode-1: nextIndex: updateUnconditionally 36 -> 21
2021-10-17 01:39:42,255 [grpc-default-executor-8] INFO  server.RaftServer$Division (RaftServerImpl.java:checkInconsistentAppendEntries(1319)) - omNode-1@group-523986131536: Failed appendEntries as previous log entry ((t:9, i:35)) is not found
2021-10-17 01:39:42,255 [grpc-default-executor-8] INFO  server.RaftServer$Division (RaftServerImpl.java:checkInconsistentAppendEntries(1285)) - omNode-1@group-523986131536: inconsistency entries. Reply:omNode-2<-omNode-1#4695:FAIL-t9,INCONSISTENCY,nextIndex=21,followerCommit=20
2021-10-17 01:39:42,255 [grpc-default-executor-8] INFO  leader.FollowerInfo (FollowerInfoImpl.java:lambda$new$0(46)) - omNode-2@group-523986131536->omNode-1: nextIndex: updateUnconditionally 36 -> 21
2021-10-17 01:39:42,757 [grpc-default-executor-8] INFO  server.RaftServer$Division (RaftServerImpl.java:checkInconsistentAppendEntries(1319)) - omNode-1@group-523986131536: Failed appendEntries as previous log entry ((t:9, i:35)) is not found
2021-10-17 01:39:42,757 [grpc-default-executor-8] INFO  server.RaftServer$Division (RaftServerImpl.java:checkInconsistentAppendEntries(1285)) - omNode-1@group-523986131536: inconsistency entries. Reply:omNode-2<-omNode-1#4746:FAIL-t9,INCONSISTENCY,nextIndex=21,followerCommit=20
2021-10-17 01:39:42,757 [grpc-default-executor-8] INFO  leader.FollowerInfo (FollowerInfoImpl.java:lambda$new$0(46)) - omNode-2@group-523986131536->omNode-1: nextIndex: updateUnconditionally 36 -> 21
2021-10-17 01:39:43,260 [grpc-default-executor-8] INFO  server.RaftServer$Division (RaftServerImpl.java:checkInconsistentAppendEntries(1319)) - omNode-1@group-523986131536: Failed appendEntries as previous log entry ((t:9, i:35)) is not found
2021-10-17 01:39:43,260 [grpc-default-executor-8] INFO  server.RaftServer$Division (RaftServerImpl.java:checkInconsistentAppendEntries(1285)) - omNode-1@group-523986131536: inconsistency entries. Reply:omNode-2<-omNode-1#4797:FAIL-t9,INCONSISTENCY,nextIndex=21,followerCommit=20
2021-10-17 01:39:43,260 [grpc-default-executor-8] INFO  leader.FollowerInfo (FollowerInfoImpl.java:lambda$new$0(46)) - omNode-2@group-523986131536->omNode-1: nextIndex: updateUnconditionally 36 -> 21
2021-10-17 01:39:43,762 [grpc-default-executor-8] INFO  server.RaftServer$Division (RaftServerImpl.java:checkInconsistentAppendEntries(1319)) - omNode-1@group-523986131536: Failed appendEntries as previous log entry ((t:9, i:35)) is not found
2021-10-17 01:39:43,762 [grpc-default-executor-8] INFO  server.RaftServer$Division (RaftServerImpl.java:checkInconsistentAppendEntries(1285)) - omNode-1@group-523986131536: inconsistency entries. Reply:omNode-2<-omNode-1#4848:FAIL-t9,INCONSISTENCY,nextIndex=21,followerCommit=20
2021-10-17 01:39:43,763 [grpc-default-executor-8] INFO  leader.FollowerInfo (FollowerInfoImpl.java:lambda$new$0(46)) - omNode-2@group-523986131536->omNode-1: nextIndex: updateUnconditionally 36 -> 21
2021-10-17 01:39:44,264 [grpc-default-executor-8] INFO  server.RaftServer$Division (RaftServerImpl.java:checkInconsistentAppendEntries(1319)) - omNode-1@group-523986131536: Failed appendEntries as previous log entry ((t:9, i:35)) is not found
2021-10-17 01:39:44,265 [grpc-default-executor-8] INFO  server.RaftServer$Division (RaftServerImpl.java:checkInconsistentAppendEntries(1285)) - omNode-1@group-523986131536: inconsistency entries. Reply:omNode-2<-omNode-1#4899:FAIL-t9,INCONSISTENCY,nextIndex=21,followerCommit=20
2021-10-17 01:39:44,265 [grpc-default-executor-8] INFO  leader.FollowerInfo (FollowerInfoImpl.java:lambda$new$0(46)) - omNode-2@group-523986131536->omNode-1: nextIndex: updateUnconditionally 36 -> 21
2021-10-17 01:39:44,766 [grpc-default-executor-8] INFO  server.RaftServer$Division (RaftServerImpl.java:checkInconsistentAppendEntries(1319)) - omNode-1@group-523986131536: Failed appendEntries as previous log entry ((t:9, i:35)) is not found
2021-10-17 01:39:44,767 [grpc-default-executor-8] INFO  server.RaftServer$Division (RaftServerImpl.java:checkInconsistentAppendEntries(1285)) - omNode-1@group-523986131536: inconsistency entries. Reply:omNode-2<-omNode-1#4950:FAIL-t9,INCONSISTENCY,nextIndex=21,followerCommit=20
2021-10-17 01:39:44,767 [grpc-default-executor-8] INFO  leader.FollowerInfo (FollowerInfoImpl.java:lambda$new$0(46)) - omNode-2@group-523986131536->omNode-1: nextIndex: updateUnconditionally 36 -> 21
2021-10-17 01:39:45,269 [grpc-default-executor-8] INFO  server.RaftServer$Division (RaftServerImpl.java:checkInconsistentAppendEntries(1319)) - omNode-1@group-523986131536: Failed appendEntries as previous log entry ((t:9, i:35)) is not found
2021-10-17 01:39:45,269 [grpc-default-executor-8] INFO  server.RaftServer$Division (RaftServerImpl.java:checkInconsistentAppendEntries(1285)) - omNode-1@group-523986131536: inconsistency entries. Reply:omNode-2<-omNode-1#5001:FAIL-t9,INCONSISTENCY,nextIndex=21,followerCommit=20
2021-10-17 01:39:45,270 [grpc-default-executor-8] INFO  leader.FollowerInfo (FollowerInfoImpl.java:lambda$new$0(46)) - omNode-2@group-523986131536->omNode-1: nextIndex: updateUnconditionally 36 -> 21
2021-10-17 01:39:45,771 [grpc-default-executor-8] INFO  server.RaftServer$Division (RaftServerImpl.java:checkInconsistentAppendEntries(1319)) - omNode-1@group-523986131536: Failed appendEntries as previous log entry ((t:9, i:35)) is not found
2021-10-17 01:39:45,771 [grpc-default-executor-8] INFO  server.RaftServer$Division (RaftServerImpl.java:checkInconsistentAppendEntries(1285)) - omNode-1@group-523986131536: inconsistency entries. Reply:omNode-2<-omNode-1#5052:FAIL-t9,INCONSISTENCY,nextIndex=21,followerCommit=20
2021-10-17 01:39:45,772 [grpc-default-executor-8] INFO  leader.FollowerInfo (FollowerInfoImpl.java:lambda$new$0(46)) - omNode-2@group-523986131536->omNode-1: nextIndex: updateUnconditionally 36 -> 21
2021-10-17 01:39:46,274 [grpc-default-executor-8] INFO  server.RaftServer$Division (RaftServerImpl.java:checkInconsistentAppendEntries(1319)) - omNode-1@group-523986131536: Failed appendEntries as previous log entry ((t:9, i:35)) is not found
2021-10-17 01:39:46,274 [grpc-default-executor-8] INFO  server.RaftServer$Division (RaftServerImpl.java:checkInconsistentAppendEntries(1285)) - omNode-1@group-523986131536: inconsistency entries. Reply:omNode-2<-omNode-1#5103:FAIL-t9,INCONSISTENCY,nextIndex=21,followerCommit=20
2021-10-17 01:39:46,275 [grpc-default-executor-8] INFO  leader.FollowerInfo (FollowerInfoImpl.java:lambda$new$0(46)) - omNode-2@group-523986131536->omNode-1: nextIndex: updateUnconditionally 36 -> 21
2021-10-17 01:39:46,777 [grpc-default-executor-8] INFO  server.RaftServer$Division (RaftServerImpl.java:checkInconsistentAppendEntries(1319)) - omNode-1@group-523986131536: Failed appendEntries as previous log entry ((t:9, i:35)) is not found
2021-10-17 01:39:46,777 [grpc-default-executor-8] INFO  server.RaftServer$Division (RaftServerImpl.java:checkInconsistentAppendEntries(1285)) - omNode-1@group-523986131536: inconsistency entries. Reply:omNode-2<-omNode-1#5154:FAIL-t9,INCONSISTENCY,nextIndex=21,followerCommit=20
2021-10-17 01:39:46,777 [grpc-default-executor-8] INFO  leader.FollowerInfo (FollowerInfoImpl.java:lambda$new$0(46)) - omNode-2@group-523986131536->omNode-1: nextIndex: updateUnconditionally 36 -> 21
2021-10-17 01:39:47,279 [grpc-default-executor-8] INFO  server.RaftServer$Division (RaftServerImpl.java:checkInconsistentAppendEntries(1319)) - omNode-1@group-523986131536: Failed appendEntries as previous log entry ((t:9, i:35)) is not found
2021-10-17 01:39:47,280 [grpc-default-executor-8] INFO  server.RaftServer$Division (RaftServerImpl.java:checkInconsistentAppendEntries(1285)) - omNode-1@group-523986131536: inconsistency entries. Reply:omNode-2<-omNode-1#5205:FAIL-t9,INCONSISTENCY,nextIndex=21,followerCommit=20
2021-10-17 01:39:47,280 [grpc-default-executor-8] INFO  leader.FollowerInfo (FollowerInfoImpl.java:lambda$new$0(46)) - omNode-2@group-523986131536->omNode-1: nextIndex: updateUnconditionally 36 -> 21
2021-10-17 01:39:47,782 [grpc-default-executor-8] INFO  server.RaftServer$Division (RaftServerImpl.java:checkInconsistentAppendEntries(1319)) - omNode-1@group-523986131536: Failed appendEntries as previous log entry ((t:9, i:35)) is not found
2021-10-17 01:39:47,783 [grpc-default-executor-8] INFO  server.RaftServer$Division (RaftServerImpl.java:checkInconsistentAppendEntries(1285)) - omNode-1@group-523986131536: inconsistency entries. Reply:omNode-2<-omNode-1#5256:FAIL-t9,INCONSISTENCY,nextIndex=21,followerCommit=20
2021-10-17 01:39:47,783 [grpc-default-executor-8] INFO  leader.FollowerInfo (FollowerInfoImpl.java:lambda$new$0(46)) - omNode-2@group-523986131536->omNode-1: nextIndex: updateUnconditionally 36 -> 21
2021-10-17 01:39:48,285 [grpc-default-executor-8] INFO  server.RaftServer$Division (RaftServerImpl.java:checkInconsistentAppendEntries(1319)) - omNode-1@group-523986131536: Failed appendEntries as previous log entry ((t:9, i:35)) is not found
2021-10-17 01:39:48,286 [grpc-default-executor-8] INFO  server.RaftServer$Division (RaftServerImpl.java:checkInconsistentAppendEntries(1285)) - omNode-1@group-523986131536: inconsistency entries. Reply:omNode-2<-omNode-1#5307:FAIL-t9,INCONSISTENCY,nextIndex=21,followerCommit=20
2021-10-17 01:39:48,286 [grpc-default-executor-8] INFO  leader.FollowerInfo (FollowerInfoImpl.java:lambda$new$0(46)) - omNode-2@group-523986131536->omNode-1: nextIndex: updateUnconditionally 36 -> 21
2021-10-17 01:39:48,788 [grpc-default-executor-9] INFO  server.RaftServer$Division (RaftServerImpl.java:checkInconsistentAppendEntries(1319)) - omNode-1@group-523986131536: Failed appendEntries as previous log entry ((t:9, i:35)) is not found
2021-10-17 01:39:48,789 [grpc-default-executor-9] INFO  server.RaftServer$Division (RaftServerImpl.java:checkInconsistentAppendEntries(1285)) - omNode-1@group-523986131536: inconsistency entries. Reply:omNode-2<-omNode-1#5358:FAIL-t9,INCONSISTENCY,nextIndex=21,followerCommit=20
2021-10-17 01:39:48,789 [grpc-default-executor-9] INFO  leader.FollowerInfo (FollowerInfoImpl.java:lambda$new$0(46)) - omNode-2@group-523986131536->omNode-1: nextIndex: updateUnconditionally 36 -> 21
2021-10-17 01:39:49,291 [grpc-default-executor-9] INFO  server.RaftServer$Division (RaftServerImpl.java:checkInconsistentAppendEntries(1319)) - omNode-1@group-523986131536: Failed appendEntries as previous log entry ((t:9, i:35)) is not found
2021-10-17 01:39:49,291 [grpc-default-executor-9] INFO  server.RaftServer$Division (RaftServerImpl.java:checkInconsistentAppendEntries(1285)) - omNode-1@group-523986131536: inconsistency entries. Reply:omNode-2<-omNode-1#5409:FAIL-t9,INCONSISTENCY,nextIndex=21,followerCommit=20
2021-10-17 01:39:49,291 [grpc-default-executor-9] INFO  leader.FollowerInfo (FollowerInfoImpl.java:lambda$new$0(46)) - omNode-2@group-523986131536->omNode-1: nextIndex: updateUnconditionally 36 -> 21
2021-10-17 01:39:49,793 [grpc-default-executor-9] INFO  server.RaftServer$Division (RaftServerImpl.java:checkInconsistentAppendEntries(1319)) - omNode-1@group-523986131536: Failed appendEntries as previous log entry ((t:9, i:35)) is not found
2021-10-17 01:39:49,794 [grpc-default-executor-9] INFO  server.RaftServer$Division (RaftServerImpl.java:checkInconsistentAppendEntries(1285)) - omNode-1@group-523986131536: inconsistency entries. Reply:omNode-2<-omNode-1#5460:FAIL-t9,INCONSISTENCY,nextIndex=21,followerCommit=20
2021-10-17 01:39:49,794 [grpc-default-executor-9] INFO  leader.FollowerInfo (FollowerInfoImpl.java:lambda$new$0(46)) - omNode-2@group-523986131536->omNode-1: nextIndex: updateUnconditionally 36 -> 21
2021-10-17 01:39:50,296 [grpc-default-executor-9] INFO  server.RaftServer$Division (RaftServerImpl.java:checkInconsistentAppendEntries(1319)) - omNode-1@group-523986131536: Failed appendEntries as previous log entry ((t:9, i:35)) is not found
2021-10-17 01:39:50,296 [grpc-default-executor-9] INFO  server.RaftServer$Division (RaftServerImpl.java:checkInconsistentAppendEntries(1285)) - omNode-1@group-523986131536: inconsistency entries. Reply:omNode-2<-omNode-1#5511:FAIL-t9,INCONSISTENCY,nextIndex=21,followerCommit=20
2021-10-17 01:39:50,297 [grpc-default-executor-9] INFO  leader.FollowerInfo (FollowerInfoImpl.java:lambda$new$0(46)) - omNode-2@group-523986131536->omNode-1: nextIndex: updateUnconditionally 36 -> 21
2021-10-17 01:39:50,798 [grpc-default-executor-9] INFO  server.RaftServer$Division (RaftServerImpl.java:checkInconsistentAppendEntries(1319)) - omNode-1@group-523986131536: Failed appendEntries as previous log entry ((t:9, i:35)) is not found
2021-10-17 01:39:50,798 [grpc-default-executor-9] INFO  server.RaftServer$Division (RaftServerImpl.java:checkInconsistentAppendEntries(1285)) - omNode-1@group-523986131536: inconsistency entries. Reply:omNode-2<-omNode-1#5562:FAIL-t9,INCONSISTENCY,nextIndex=21,followerCommit=20
2021-10-17 01:39:50,799 [grpc-default-executor-9] INFO  leader.FollowerInfo (FollowerInfoImpl.java:lambda$new$0(46)) - omNode-2@group-523986131536->omNode-1: nextIndex: updateUnconditionally 36 -> 21
2021-10-17 01:39:51,300 [grpc-default-executor-7] INFO  server.RaftServer$Division (RaftServerImpl.java:checkInconsistentAppendEntries(1319)) - omNode-1@group-523986131536: Failed appendEntries as previous log entry ((t:9, i:35)) is not found
2021-10-17 01:39:51,300 [grpc-default-executor-7] INFO  server.RaftServer$Division (RaftServerImpl.java:checkInconsistentAppendEntries(1285)) - omNode-1@group-523986131536: inconsistency entries. Reply:omNode-2<-omNode-1#5613:FAIL-t9,INCONSISTENCY,nextIndex=21,followerCommit=20
2021-10-17 01:39:51,301 [grpc-default-executor-7] INFO  leader.FollowerInfo (FollowerInfoImpl.java:lambda$new$0(46)) - omNode-2@group-523986131536->omNode-1: nextIndex: updateUnconditionally 36 -> 21
2021-10-17 01:39:51,803 [grpc-default-executor-7] INFO  server.RaftServer$Division (RaftServerImpl.java:checkInconsistentAppendEntries(1319)) - omNode-1@group-523986131536: Failed appendEntries as previous log entry ((t:9, i:35)) is not found
2021-10-17 01:39:51,803 [grpc-default-executor-7] INFO  server.RaftServer$Division (RaftServerImpl.java:checkInconsistentAppendEntries(1285)) - omNode-1@group-523986131536: inconsistency entries. Reply:omNode-2<-omNode-1#5664:FAIL-t9,INCONSISTENCY,nextIndex=21,followerCommit=20
2021-10-17 01:39:51,803 [grpc-default-executor-7] INFO  leader.FollowerInfo (FollowerInfoImpl.java:lambda$new$0(46)) - omNode-2@group-523986131536->omNode-1: nextIndex: updateUnconditionally 36 -> 21
2021-10-17 01:39:52,306 [grpc-default-executor-7] INFO  server.RaftServer$Division (RaftServerImpl.java:checkInconsistentAppendEntries(1319)) - omNode-1@group-523986131536: Failed appendEntries as previous log entry ((t:9, i:35)) is not found
2021-10-17 01:39:52,306 [grpc-default-executor-7] INFO  server.RaftServer$Division (RaftServerImpl.java:checkInconsistentAppendEntries(1285)) - omNode-1@group-523986131536: inconsistency entries. Reply:omNode-2<-omNode-1#5715:FAIL-t9,INCONSISTENCY,nextIndex=21,followerCommit=20
2021-10-17 01:39:52,306 [grpc-default-executor-7] INFO  leader.FollowerInfo (FollowerInfoImpl.java:lambda$new$0(46)) - omNode-2@group-523986131536->omNode-1: nextIndex: updateUnconditionally 36 -> 21
2021-10-17 01:39:52,808 [grpc-default-executor-7] INFO  server.RaftServer$Division (RaftServerImpl.java:checkInconsistentAppendEntries(1319)) - omNode-1@group-523986131536: Failed appendEntries as previous log entry ((t:9, i:35)) is not found
2021-10-17 01:39:52,808 [grpc-default-executor-7] INFO  server.RaftServer$Division (RaftServerImpl.java:checkInconsistentAppendEntries(1285)) - omNode-1@group-523986131536: inconsistency entries. Reply:omNode-2<-omNode-1#5766:FAIL-t9,INCONSISTENCY,nextIndex=21,followerCommit=20
2021-10-17 01:39:52,808 [grpc-default-executor-7] INFO  leader.FollowerInfo (FollowerInfoImpl.java:lambda$new$0(46)) - omNode-2@group-523986131536->omNode-1: nextIndex: updateUnconditionally 36 -> 21
2021-10-17 01:39:53,310 [grpc-default-executor-7] INFO  server.RaftServer$Division (RaftServerImpl.java:checkInconsistentAppendEntries(1319)) - omNode-1@group-523986131536: Failed appendEntries as previous log entry ((t:9, i:35)) is not found
2021-10-17 01:39:53,311 [grpc-default-executor-7] INFO  server.RaftServer$Division (RaftServerImpl.java:checkInconsistentAppendEntries(1285)) - omNode-1@group-523986131536: inconsistency entries. Reply:omNode-2<-omNode-1#5817:FAIL-t9,INCONSISTENCY,nextIndex=21,followerCommit=20
2021-10-17 01:39:53,311 [grpc-default-executor-7] INFO  leader.FollowerInfo (FollowerInfoImpl.java:lambda$new$0(46)) - omNode-2@group-523986131536->omNode-1: nextIndex: updateUnconditionally 36 -> 21
2021-10-17 01:39:53,812 [grpc-default-executor-7] INFO  server.RaftServer$Division (RaftServerImpl.java:checkInconsistentAppendEntries(1319)) - omNode-1@group-523986131536: Failed appendEntries as previous log entry ((t:9, i:35)) is not found
2021-10-17 01:39:53,813 [grpc-default-executor-7] INFO  server.RaftServer$Division (RaftServerImpl.java:checkInconsistentAppendEntries(1285)) - omNode-1@group-523986131536: inconsistency entries. Reply:omNode-2<-omNode-1#5868:FAIL-t9,INCONSISTENCY,nextIndex=21,followerCommit=20
2021-10-17 01:39:53,813 [grpc-default-executor-7] INFO  leader.FollowerInfo (FollowerInfoImpl.java:lambda$new$0(46)) - omNode-2@group-523986131536->omNode-1: nextIndex: updateUnconditionally 36 -> 21
2021-10-17 01:39:54,315 [grpc-default-executor-7] INFO  server.RaftServer$Division (RaftServerImpl.java:checkInconsistentAppendEntries(1319)) - omNode-1@group-523986131536: Failed appendEntries as previous log entry ((t:9, i:35)) is not found
2021-10-17 01:39:54,315 [grpc-default-executor-7] INFO  server.RaftServer$Division (RaftServerImpl.java:checkInconsistentAppendEntries(1285)) - omNode-1@group-523986131536: inconsistency entries. Reply:omNode-2<-omNode-1#5919:FAIL-t9,INCONSISTENCY,nextIndex=21,followerCommit=20
2021-10-17 01:39:54,315 [grpc-default-executor-7] INFO  leader.FollowerInfo (FollowerInfoImpl.java:lambda$new$0(46)) - omNode-2@group-523986131536->omNode-1: nextIndex: updateUnconditionally 36 -> 21
2021-10-17 01:39:54,817 [grpc-default-executor-7] INFO  server.RaftServer$Division (RaftServerImpl.java:checkInconsistentAppendEntries(1319)) - omNode-1@group-523986131536: Failed appendEntries as previous log entry ((t:9, i:35)) is not found
2021-10-17 01:39:54,818 [grpc-default-executor-7] INFO  server.RaftServer$Division (RaftServerImpl.java:checkInconsistentAppendEntries(1285)) - omNode-1@group-523986131536: inconsistency entries. Reply:omNode-2<-omNode-1#5970:FAIL-t9,INCONSISTENCY,nextIndex=21,followerCommit=20
2021-10-17 01:39:54,818 [grpc-default-executor-7] INFO  leader.FollowerInfo (FollowerInfoImpl.java:lambda$new$0(46)) - omNode-2@group-523986131536->omNode-1: nextIndex: updateUnconditionally 36 -> 21
2021-10-17 01:39:55,320 [grpc-default-executor-7] INFO  server.RaftServer$Division (RaftServerImpl.java:checkInconsistentAppendEntries(1319)) - omNode-1@group-523986131536: Failed appendEntries as previous log entry ((t:9, i:35)) is not found
2021-10-17 01:39:55,321 [grpc-default-executor-7] INFO  server.RaftServer$Division (RaftServerImpl.java:checkInconsistentAppendEntries(1285)) - omNode-1@group-523986131536: inconsistency entries. Reply:omNode-2<-omNode-1#6021:FAIL-t9,INCONSISTENCY,nextIndex=21,followerCommit=20
2021-10-17 01:39:55,321 [grpc-default-executor-7] INFO  leader.FollowerInfo (FollowerInfoImpl.java:lambda$new$0(46)) - omNode-2@group-523986131536->omNode-1: nextIndex: updateUnconditionally 36 -> 21
2021-10-17 01:39:55,824 [grpc-default-executor-7] INFO  server.RaftServer$Division (RaftServerImpl.java:checkInconsistentAppendEntries(1319)) - omNode-1@group-523986131536: Failed appendEntries as previous log entry ((t:9, i:35)) is not found
2021-10-17 01:39:55,824 [grpc-default-executor-7] INFO  server.RaftServer$Division (RaftServerImpl.java:checkInconsistentAppendEntries(1285)) - omNode-1@group-523986131536: inconsistency entries. Reply:omNode-2<-omNode-1#6072:FAIL-t9,INCONSISTENCY,nextIndex=21,followerCommit=20
2021-10-17 01:39:55,825 [grpc-default-executor-7] INFO  leader.FollowerInfo (FollowerInfoImpl.java:lambda$new$0(46)) - omNode-2@group-523986131536->omNode-1: nextIndex: updateUnconditionally 36 -> 21
2021-10-17 01:39:56,328 [grpc-default-executor-9] INFO  server.RaftServer$Division (RaftServerImpl.java:checkInconsistentAppendEntries(1319)) - omNode-1@group-523986131536: Failed appendEntries as previous log entry ((t:9, i:35)) is not found
2021-10-17 01:39:56,328 [grpc-default-executor-9] INFO  server.RaftServer$Division (RaftServerImpl.java:checkInconsistentAppendEntries(1285)) - omNode-1@group-523986131536: inconsistency entries. Reply:omNode-2<-omNode-1#6123:FAIL-t9,INCONSISTENCY,nextIndex=21,followerCommit=20
2021-10-17 01:39:56,328 [grpc-default-executor-9] INFO  leader.FollowerInfo (FollowerInfoImpl.java:lambda$new$0(46)) - omNode-2@group-523986131536->omNode-1: nextIndex: updateUnconditionally 36 -> 21
2021-10-17 01:39:56,831 [grpc-default-executor-9] INFO  server.RaftServer$Division (RaftServerImpl.java:checkInconsistentAppendEntries(1319)) - omNode-1@group-523986131536: Failed appendEntries as previous log entry ((t:9, i:35)) is not found
2021-10-17 01:39:56,831 [grpc-default-executor-9] INFO  server.RaftServer$Division (RaftServerImpl.java:checkInconsistentAppendEntries(1285)) - omNode-1@group-523986131536: inconsistency entries. Reply:omNode-2<-omNode-1#6174:FAIL-t9,INCONSISTENCY,nextIndex=21,followerCommit=20
2021-10-17 01:39:56,831 [grpc-default-executor-9] INFO  leader.FollowerInfo (FollowerInfoImpl.java:lambda$new$0(46)) - omNode-2@group-523986131536->omNode-1: nextIndex: updateUnconditionally 36 -> 21
2021-10-17 01:39:57,333 [grpc-default-executor-9] INFO  server.RaftServer$Division (RaftServerImpl.java:checkInconsistentAppendEntries(1319)) - omNode-1@group-523986131536: Failed appendEntries as previous log entry ((t:9, i:35)) is not found
2021-10-17 01:39:57,334 [grpc-default-executor-9] INFO  server.RaftServer$Division (RaftServerImpl.java:checkInconsistentAppendEntries(1285)) - omNode-1@group-523986131536: inconsistency entries. Reply:omNode-2<-omNode-1#6225:FAIL-t9,INCONSISTENCY,nextIndex=21,followerCommit=20
2021-10-17 01:39:57,334 [grpc-default-executor-9] INFO  leader.FollowerInfo (FollowerInfoImpl.java:lambda$new$0(46)) - omNode-2@group-523986131536->omNode-1: nextIndex: updateUnconditionally 36 -> 21
2021-10-17 01:39:57,836 [grpc-default-executor-9] INFO  server.RaftServer$Division (RaftServerImpl.java:checkInconsistentAppendEntries(1319)) - omNode-1@group-523986131536: Failed appendEntries as previous log entry ((t:9, i:35)) is not found
2021-10-17 01:39:57,836 [grpc-default-executor-9] INFO  server.RaftServer$Division (RaftServerImpl.java:checkInconsistentAppendEntries(1285)) - omNode-1@group-523986131536: inconsistency entries. Reply:omNode-2<-omNode-1#6276:FAIL-t9,INCONSISTENCY,nextIndex=21,followerCommit=20
2021-10-17 01:39:57,836 [grpc-default-executor-9] INFO  leader.FollowerInfo (FollowerInfoImpl.java:lambda$new$0(46)) - omNode-2@group-523986131536->omNode-1: nextIndex: updateUnconditionally 36 -> 21
2021-10-17 01:39:58,338 [grpc-default-executor-9] INFO  server.RaftServer$Division (RaftServerImpl.java:checkInconsistentAppendEntries(1319)) - omNode-1@group-523986131536: Failed appendEntries as previous log entry ((t:9, i:35)) is not found
2021-10-17 01:39:58,338 [grpc-default-executor-9] INFO  server.RaftServer$Division (RaftServerImpl.java:checkInconsistentAppendEntries(1285)) - omNode-1@group-523986131536: inconsistency entries. Reply:omNode-2<-omNode-1#6327:FAIL-t9,INCONSISTENCY,nextIndex=21,followerCommit=20
2021-10-17 01:39:58,339 [grpc-default-executor-9] INFO  leader.FollowerInfo (FollowerInfoImpl.java:lambda$new$0(46)) - omNode-2@group-523986131536->omNode-1: nextIndex: updateUnconditionally 36 -> 21
2021-10-17 01:39:58,842 [grpc-default-executor-3] INFO  server.RaftServer$Division (RaftServerImpl.java:checkInconsistentAppendEntries(1319)) - omNode-1@group-523986131536: Failed appendEntries as previous log entry ((t:9, i:35)) is not found
2021-10-17 01:39:58,842 [grpc-default-executor-3] INFO  server.RaftServer$Division (RaftServerImpl.java:checkInconsistentAppendEntries(1285)) - omNode-1@group-523986131536: inconsistency entries. Reply:omNode-2<-omNode-1#6378:FAIL-t9,INCONSISTENCY,nextIndex=21,followerCommit=20
2021-10-17 01:39:58,843 [grpc-default-executor-3] INFO  leader.FollowerInfo (FollowerInfoImpl.java:lambda$new$0(46)) - omNode-2@group-523986131536->omNode-1: nextIndex: updateUnconditionally 36 -> 21
2021-10-17 01:39:59,344 [grpc-default-executor-3] INFO  server.RaftServer$Division (RaftServerImpl.java:checkInconsistentAppendEntries(1319)) - omNode-1@group-523986131536: Failed appendEntries as previous log entry ((t:9, i:35)) is not found
2021-10-17 01:39:59,345 [grpc-default-executor-3] INFO  server.RaftServer$Division (RaftServerImpl.java:checkInconsistentAppendEntries(1285)) - omNode-1@group-523986131536: inconsistency entries. Reply:omNode-2<-omNode-1#6429:FAIL-t9,INCONSISTENCY,nextIndex=21,followerCommit=20
2021-10-17 01:39:59,345 [grpc-default-executor-3] INFO  leader.FollowerInfo (FollowerInfoImpl.java:lambda$new$0(46)) - omNode-2@group-523986131536->omNode-1: nextIndex: updateUnconditionally 36 -> 21
2021-10-17 01:39:59,846 [grpc-default-executor-3] INFO  server.RaftServer$Division (RaftServerImpl.java:checkInconsistentAppendEntries(1319)) - omNode-1@group-523986131536: Failed appendEntries as previous log entry ((t:9, i:35)) is not found
2021-10-17 01:39:59,847 [grpc-default-executor-3] INFO  server.RaftServer$Division (RaftServerImpl.java:checkInconsistentAppendEntries(1285)) - omNode-1@group-523986131536: inconsistency entries. Reply:omNode-2<-omNode-1#6480:FAIL-t9,INCONSISTENCY,nextIndex=21,followerCommit=20
2021-10-17 01:39:59,847 [grpc-default-executor-3] INFO  leader.FollowerInfo (FollowerInfoImpl.java:lambda$new$0(46)) - omNode-2@group-523986131536->omNode-1: nextIndex: updateUnconditionally 36 -> 21
2021-10-17 01:40:00,348 [grpc-default-executor-3] INFO  server.RaftServer$Division (RaftServerImpl.java:checkInconsistentAppendEntries(1319)) - omNode-1@group-523986131536: Failed appendEntries as previous log entry ((t:9, i:35)) is not found
2021-10-17 01:40:00,349 [grpc-default-executor-3] INFO  server.RaftServer$Division (RaftServerImpl.java:checkInconsistentAppendEntries(1285)) - omNode-1@group-523986131536: inconsistency entries. Reply:omNode-2<-omNode-1#6531:FAIL-t9,INCONSISTENCY,nextIndex=21,followerCommit=20
2021-10-17 01:40:00,349 [grpc-default-executor-3] INFO  leader.FollowerInfo (FollowerInfoImpl.java:lambda$new$0(46)) - omNode-2@group-523986131536->omNode-1: nextIndex: updateUnconditionally 36 -> 21
2021-10-17 01:40:00,851 [grpc-default-executor-3] INFO  server.RaftServer$Division (RaftServerImpl.java:checkInconsistentAppendEntries(1319)) - omNode-1@group-523986131536: Failed appendEntries as previous log entry ((t:9, i:35)) is not found
2021-10-17 01:40:00,852 [grpc-default-executor-3] INFO  server.RaftServer$Division (RaftServerImpl.java:checkInconsistentAppendEntries(1285)) - omNode-1@group-523986131536: inconsistency entries. Reply:omNode-2<-omNode-1#6582:FAIL-t9,INCONSISTENCY,nextIndex=21,followerCommit=20
2021-10-17 01:40:00,852 [grpc-default-executor-3] INFO  leader.FollowerInfo (FollowerInfoImpl.java:lambda$new$0(46)) - omNode-2@group-523986131536->omNode-1: nextIndex: updateUnconditionally 36 -> 21
2021-10-17 01:40:01,353 [grpc-default-executor-7] INFO  server.RaftServer$Division (RaftServerImpl.java:checkInconsistentAppendEntries(1319)) - omNode-1@group-523986131536: Failed appendEntries as previous log entry ((t:9, i:35)) is not found
2021-10-17 01:40:01,354 [grpc-default-executor-7] INFO  server.RaftServer$Division (RaftServerImpl.java:checkInconsistentAppendEntries(1285)) - omNode-1@group-523986131536: inconsistency entries. Reply:omNode-2<-omNode-1#6633:FAIL-t9,INCONSISTENCY,nextIndex=21,followerCommit=20
2021-10-17 01:40:01,354 [grpc-default-executor-7] INFO  leader.FollowerInfo (FollowerInfoImpl.java:lambda$new$0(46)) - omNode-2@group-523986131536->omNode-1: nextIndex: updateUnconditionally 36 -> 21
2021-10-17 01:40:01,855 [grpc-default-executor-7] INFO  server.RaftServer$Division (RaftServerImpl.java:checkInconsistentAppendEntries(1319)) - omNode-1@group-523986131536: Failed appendEntries as previous log entry ((t:9, i:35)) is not found
2021-10-17 01:40:01,856 [grpc-default-executor-7] INFO  server.RaftServer$Division (RaftServerImpl.java:checkInconsistentAppendEntries(1285)) - omNode-1@group-523986131536: inconsistency entries. Reply:omNode-2<-omNode-1#6684:FAIL-t9,INCONSISTENCY,nextIndex=21,followerCommit=20
2021-10-17 01:40:01,856 [grpc-default-executor-7] INFO  leader.FollowerInfo (FollowerInfoImpl.java:lambda$new$0(46)) - omNode-2@group-523986131536->omNode-1: nextIndex: updateUnconditionally 36 -> 21
2021-10-17 01:40:02,358 [grpc-default-executor-7] INFO  server.RaftServer$Division (RaftServerImpl.java:checkInconsistentAppendEntries(1319)) - omNode-1@group-523986131536: Failed appendEntries as previous log entry ((t:9, i:35)) is not found
2021-10-17 01:40:02,358 [grpc-default-executor-7] INFO  server.RaftServer$Division (RaftServerImpl.java:checkInconsistentAppendEntries(1285)) - omNode-1@group-523986131536: inconsistency entries. Reply:omNode-2<-omNode-1#6735:FAIL-t9,INCONSISTENCY,nextIndex=21,followerCommit=20
2021-10-17 01:40:02,359 [grpc-default-executor-7] INFO  leader.FollowerInfo (FollowerInfoImpl.java:lambda$new$0(46)) - omNode-2@group-523986131536->omNode-1: nextIndex: updateUnconditionally 36 -> 21
2021-10-17 01:40:02,860 [grpc-default-executor-7] INFO  server.RaftServer$Division (RaftServerImpl.java:checkInconsistentAppendEntries(1319)) - omNode-1@group-523986131536: Failed appendEntries as previous log entry ((t:9, i:35)) is not found
2021-10-17 01:40:02,860 [grpc-default-executor-7] INFO  server.RaftServer$Division (RaftServerImpl.java:checkInconsistentAppendEntries(1285)) - omNode-1@group-523986131536: inconsistency entries. Reply:omNode-2<-omNode-1#6786:FAIL-t9,INCONSISTENCY,nextIndex=21,followerCommit=20
2021-10-17 01:40:02,861 [grpc-default-executor-7] INFO  leader.FollowerInfo (FollowerInfoImpl.java:lambda$new$0(46)) - omNode-2@group-523986131536->omNode-1: nextIndex: updateUnconditionally 36 -> 21
2021-10-17 01:40:03,363 [grpc-default-executor-7] INFO  server.RaftServer$Division (RaftServerImpl.java:checkInconsistentAppendEntries(1319)) - omNode-1@group-523986131536: Failed appendEntries as previous log entry ((t:9, i:35)) is not found
2021-10-17 01:40:03,363 [grpc-default-executor-7] INFO  server.RaftServer$Division (RaftServerImpl.java:checkInconsistentAppendEntries(1285)) - omNode-1@group-523986131536: inconsistency entries. Reply:omNode-2<-omNode-1#6837:FAIL-t9,INCONSISTENCY,nextIndex=21,followerCommit=20
2021-10-17 01:40:03,363 [grpc-default-executor-7] INFO  leader.FollowerInfo (FollowerInfoImpl.java:lambda$new$0(46)) - omNode-2@group-523986131536->omNode-1: nextIndex: updateUnconditionally 36 -> 21
2021-10-17 01:40:03,865 [grpc-default-executor-8] INFO  server.RaftServer$Division (RaftServerImpl.java:checkInconsistentAppendEntries(1319)) - omNode-1@group-523986131536: Failed appendEntries as previous log entry ((t:9, i:35)) is not found
2021-10-17 01:40:03,866 [grpc-default-executor-8] INFO  server.RaftServer$Division (RaftServerImpl.java:checkInconsistentAppendEntries(1285)) - omNode-1@group-523986131536: inconsistency entries. Reply:omNode-2<-omNode-1#6888:FAIL-t9,INCONSISTENCY,nextIndex=21,followerCommit=20
2021-10-17 01:40:03,866 [grpc-default-executor-8] INFO  leader.FollowerInfo (FollowerInfoImpl.java:lambda$new$0(46)) - omNode-2@group-523986131536->omNode-1: nextIndex: updateUnconditionally 36 -> 21
2021-10-17 01:40:04,368 [grpc-default-executor-8] INFO  server.RaftServer$Division (RaftServerImpl.java:checkInconsistentAppendEntries(1319)) - omNode-1@group-523986131536: Failed appendEntries as previous log entry ((t:9, i:35)) is not found
2021-10-17 01:40:04,368 [grpc-default-executor-8] INFO  server.RaftServer$Division (RaftServerImpl.java:checkInconsistentAppendEntries(1285)) - omNode-1@group-523986131536: inconsistency entries. Reply:omNode-2<-omNode-1#6939:FAIL-t9,INCONSISTENCY,nextIndex=21,followerCommit=20
2021-10-17 01:40:04,368 [grpc-default-executor-8] INFO  leader.FollowerInfo (FollowerInfoImpl.java:lambda$new$0(46)) - omNode-2@group-523986131536->omNode-1: nextIndex: updateUnconditionally 36 -> 21
2021-10-17 01:40:04,870 [grpc-default-executor-8] INFO  server.RaftServer$Division (RaftServerImpl.java:checkInconsistentAppendEntries(1319)) - omNode-1@group-523986131536: Failed appendEntries as previous log entry ((t:9, i:35)) is not found
2021-10-17 01:40:04,870 [grpc-default-executor-8] INFO  server.RaftServer$Division (RaftServerImpl.java:checkInconsistentAppendEntries(1285)) - omNode-1@group-523986131536: inconsistency entries. Reply:omNode-2<-omNode-1#6990:FAIL-t9,INCONSISTENCY,nextIndex=21,followerCommit=20
2021-10-17 01:40:04,871 [grpc-default-executor-8] INFO  leader.FollowerInfo (FollowerInfoImpl.java:lambda$new$0(46)) - omNode-2@group-523986131536->omNode-1: nextIndex: updateUnconditionally 36 -> 21
2021-10-17 01:40:05,374 [grpc-default-executor-8] INFO  server.RaftServer$Division (RaftServerImpl.java:checkInconsistentAppendEntries(1319)) - omNode-1@group-523986131536: Failed appendEntries as previous log entry ((t:9, i:35)) is not found
2021-10-17 01:40:05,374 [grpc-default-executor-8] INFO  server.RaftServer$Division (RaftServerImpl.java:checkInconsistentAppendEntries(1285)) - omNode-1@group-523986131536: inconsistency entries. Reply:omNode-2<-omNode-1#7041:FAIL-t9,INCONSISTENCY,nextIndex=21,followerCommit=20
2021-10-17 01:40:05,374 [grpc-default-executor-8] INFO  leader.FollowerInfo (FollowerInfoImpl.java:lambda$new$0(46)) - omNode-2@group-523986131536->omNode-1: nextIndex: updateUnconditionally 36 -> 21
2021-10-17 01:40:05,876 [grpc-default-executor-8] INFO  server.RaftServer$Division (RaftServerImpl.java:checkInconsistentAppendEntries(1319)) - omNode-1@group-523986131536: Failed appendEntries as previous log entry ((t:9, i:35)) is not found
2021-10-17 01:40:05,876 [grpc-default-executor-8] INFO  server.RaftServer$Division (RaftServerImpl.java:checkInconsistentAppendEntries(1285)) - omNode-1@group-523986131536: inconsistency entries. Reply:omNode-2<-omNode-1#7092:FAIL-t9,INCONSISTENCY,nextIndex=21,followerCommit=20
2021-10-17 01:40:05,876 [grpc-default-executor-8] INFO  leader.FollowerInfo (FollowerInfoImpl.java:lambda$new$0(46)) - omNode-2@group-523986131536->omNode-1: nextIndex: updateUnconditionally 36 -> 21
2021-10-17 01:40:06,378 [grpc-default-executor-7] INFO  server.RaftServer$Division (RaftServerImpl.java:checkInconsistentAppendEntries(1319)) - omNode-1@group-523986131536: Failed appendEntries as previous log entry ((t:9, i:35)) is not found
2021-10-17 01:40:06,378 [grpc-default-executor-7] INFO  server.RaftServer$Division (RaftServerImpl.java:checkInconsistentAppendEntries(1285)) - omNode-1@group-523986131536: inconsistency entries. Reply:omNode-2<-omNode-1#7143:FAIL-t9,INCONSISTENCY,nextIndex=21,followerCommit=20
2021-10-17 01:40:06,378 [grpc-default-executor-7] INFO  leader.FollowerInfo (FollowerInfoImpl.java:lambda$new$0(46)) - omNode-2@group-523986131536->omNode-1: nextIndex: updateUnconditionally 36 -> 21
2021-10-17 01:40:06,880 [grpc-default-executor-7] INFO  server.RaftServer$Division (RaftServerImpl.java:checkInconsistentAppendEntries(1319)) - omNode-1@group-523986131536: Failed appendEntries as previous log entry ((t:9, i:35)) is not found
2021-10-17 01:40:06,880 [grpc-default-executor-7] INFO  server.RaftServer$Division (RaftServerImpl.java:checkInconsistentAppendEntries(1285)) - omNode-1@group-523986131536: inconsistency entries. Reply:omNode-2<-omNode-1#7194:FAIL-t9,INCONSISTENCY,nextIndex=21,followerCommit=20
2021-10-17 01:40:06,881 [grpc-default-executor-7] INFO  leader.FollowerInfo (FollowerInfoImpl.java:lambda$new$0(46)) - omNode-2@group-523986131536->omNode-1: nextIndex: updateUnconditionally 36 -> 21
2021-10-17 01:40:07,382 [grpc-default-executor-7] INFO  server.RaftServer$Division (RaftServerImpl.java:checkInconsistentAppendEntries(1319)) - omNode-1@group-523986131536: Failed appendEntries as previous log entry ((t:9, i:35)) is not found
2021-10-17 01:40:07,382 [grpc-default-executor-7] INFO  server.RaftServer$Division (RaftServerImpl.java:checkInconsistentAppendEntries(1285)) - omNode-1@group-523986131536: inconsistency entries. Reply:omNode-2<-omNode-1#7245:FAIL-t9,INCONSISTENCY,nextIndex=21,followerCommit=20
2021-10-17 01:40:07,383 [grpc-default-executor-7] INFO  leader.FollowerInfo (FollowerInfoImpl.java:lambda$new$0(46)) - omNode-2@group-523986131536->omNode-1: nextIndex: updateUnconditionally 36 -> 21
2021-10-17 01:40:07,884 [grpc-default-executor-7] INFO  server.RaftServer$Division (RaftServerImpl.java:checkInconsistentAppendEntries(1319)) - omNode-1@group-523986131536: Failed appendEntries as previous log entry ((t:9, i:35)) is not found
2021-10-17 01:40:07,885 [grpc-default-executor-7] INFO  server.RaftServer$Division (RaftServerImpl.java:checkInconsistentAppendEntries(1285)) - omNode-1@group-523986131536: inconsistency entries. Reply:omNode-2<-omNode-1#7296:FAIL-t9,INCONSISTENCY,nextIndex=21,followerCommit=20
2021-10-17 01:40:07,885 [grpc-default-executor-7] INFO  leader.FollowerInfo (FollowerInfoImpl.java:lambda$new$0(46)) - omNode-2@group-523986131536->omNode-1: nextIndex: updateUnconditionally 36 -> 21
2021-10-17 01:40:08,387 [grpc-default-executor-7] INFO  server.RaftServer$Division (RaftServerImpl.java:checkInconsistentAppendEntries(1319)) - omNode-1@group-523986131536: Failed appendEntries as previous log entry ((t:9, i:35)) is not found
2021-10-17 01:40:08,387 [grpc-default-executor-7] INFO  server.RaftServer$Division (RaftServerImpl.java:checkInconsistentAppendEntries(1285)) - omNode-1@group-523986131536: inconsistency entries. Reply:omNode-2<-omNode-1#7347:FAIL-t9,INCONSISTENCY,nextIndex=21,followerCommit=20
2021-10-17 01:40:08,388 [grpc-default-executor-7] INFO  leader.FollowerInfo (FollowerInfoImpl.java:lambda$new$0(46)) - omNode-2@group-523986131536->omNode-1: nextIndex: updateUnconditionally 36 -> 21
2021-10-17 01:40:08,889 [grpc-default-executor-8] INFO  server.RaftServer$Division (RaftServerImpl.java:checkInconsistentAppendEntries(1319)) - omNode-1@group-523986131536: Failed appendEntries as previous log entry ((t:9, i:35)) is not found
2021-10-17 01:40:08,889 [grpc-default-executor-8] INFO  server.RaftServer$Division (RaftServerImpl.java:checkInconsistentAppendEntries(1285)) - omNode-1@group-523986131536: inconsistency entries. Reply:omNode-2<-omNode-1#7398:FAIL-t9,INCONSISTENCY,nextIndex=21,followerCommit=20
2021-10-17 01:40:08,890 [grpc-default-executor-8] INFO  leader.FollowerInfo (FollowerInfoImpl.java:lambda$new$0(46)) - omNode-2@group-523986131536->omNode-1: nextIndex: updateUnconditionally 36 -> 21
2021-10-17 01:40:09,391 [grpc-default-executor-8] INFO  server.RaftServer$Division (RaftServerImpl.java:checkInconsistentAppendEntries(1319)) - omNode-1@group-523986131536: Failed appendEntries as previous log entry ((t:9, i:35)) is not found
2021-10-17 01:40:09,392 [grpc-default-executor-8] INFO  server.RaftServer$Division (RaftServerImpl.java:checkInconsistentAppendEntries(1285)) - omNode-1@group-523986131536: inconsistency entries. Reply:omNode-2<-omNode-1#7449:FAIL-t9,INCONSISTENCY,nextIndex=21,followerCommit=20
2021-10-17 01:40:09,392 [grpc-default-executor-8] INFO  leader.FollowerInfo (FollowerInfoImpl.java:lambda$new$0(46)) - omNode-2@group-523986131536->omNode-1: nextIndex: updateUnconditionally 36 -> 21
2021-10-17 01:40:09,893 [grpc-default-executor-8] INFO  server.RaftServer$Division (RaftServerImpl.java:checkInconsistentAppendEntries(1319)) - omNode-1@group-523986131536: Failed appendEntries as previous log entry ((t:9, i:35)) is not found
2021-10-17 01:40:09,894 [grpc-default-executor-8] INFO  server.RaftServer$Division (RaftServerImpl.java:checkInconsistentAppendEntries(1285)) - omNode-1@group-523986131536: inconsistency entries. Reply:omNode-2<-omNode-1#7500:FAIL-t9,INCONSISTENCY,nextIndex=21,followerCommit=20
2021-10-17 01:40:09,894 [grpc-default-executor-8] INFO  leader.FollowerInfo (FollowerInfoImpl.java:lambda$new$0(46)) - omNode-2@group-523986131536->omNode-1: nextIndex: updateUnconditionally 36 -> 21
2021-10-17 01:40:10,396 [grpc-default-executor-8] INFO  server.RaftServer$Division (RaftServerImpl.java:checkInconsistentAppendEntries(1319)) - omNode-1@group-523986131536: Failed appendEntries as previous log entry ((t:9, i:35)) is not found
2021-10-17 01:40:10,396 [grpc-default-executor-8] INFO  server.RaftServer$Division (RaftServerImpl.java:checkInconsistentAppendEntries(1285)) - omNode-1@group-523986131536: inconsistency entries. Reply:omNode-2<-omNode-1#7551:FAIL-t9,INCONSISTENCY,nextIndex=21,followerCommit=20
2021-10-17 01:40:10,396 [grpc-default-executor-8] INFO  leader.FollowerInfo (FollowerInfoImpl.java:lambda$new$0(46)) - omNode-2@group-523986131536->omNode-1: nextIndex: updateUnconditionally 36 -> 21
2021-10-17 01:40:10,898 [grpc-default-executor-8] INFO  server.RaftServer$Division (RaftServerImpl.java:checkInconsistentAppendEntries(1319)) - omNode-1@group-523986131536: Failed appendEntries as previous log entry ((t:9, i:35)) is not found
2021-10-17 01:40:10,898 [grpc-default-executor-8] INFO  server.RaftServer$Division (RaftServerImpl.java:checkInconsistentAppendEntries(1285)) - omNode-1@group-523986131536: inconsistency entries. Reply:omNode-2<-omNode-1#7602:FAIL-t9,INCONSISTENCY,nextIndex=21,followerCommit=20
2021-10-17 01:40:10,899 [grpc-default-executor-8] INFO  leader.FollowerInfo (FollowerInfoImpl.java:lambda$new$0(46)) - omNode-2@group-523986131536->omNode-1: nextIndex: updateUnconditionally 36 -> 21
2021-10-17 01:40:11,401 [grpc-default-executor-3] INFO  server.RaftServer$Division (RaftServerImpl.java:checkInconsistentAppendEntries(1319)) - omNode-1@group-523986131536: Failed appendEntries as previous log entry ((t:9, i:35)) is not found
2021-10-17 01:40:11,401 [grpc-default-executor-3] INFO  server.RaftServer$Division (RaftServerImpl.java:checkInconsistentAppendEntries(1285)) - omNode-1@group-523986131536: inconsistency entries. Reply:omNode-2<-omNode-1#7653:FAIL-t9,INCONSISTENCY,nextIndex=21,followerCommit=20
2021-10-17 01:40:11,401 [grpc-default-executor-3] INFO  leader.FollowerInfo (FollowerInfoImpl.java:lambda$new$0(46)) - omNode-2@group-523986131536->omNode-1: nextIndex: updateUnconditionally 36 -> 21
2021-10-17 01:40:11,903 [grpc-default-executor-3] INFO  server.RaftServer$Division (RaftServerImpl.java:checkInconsistentAppendEntries(1319)) - omNode-1@group-523986131536: Failed appendEntries as previous log entry ((t:9, i:35)) is not found
2021-10-17 01:40:11,903 [grpc-default-executor-3] INFO  server.RaftServer$Division (RaftServerImpl.java:checkInconsistentAppendEntries(1285)) - omNode-1@group-523986131536: inconsistency entries. Reply:omNode-2<-omNode-1#7704:FAIL-t9,INCONSISTENCY,nextIndex=21,followerCommit=20
2021-10-17 01:40:11,903 [grpc-default-executor-3] INFO  leader.FollowerInfo (FollowerInfoImpl.java:lambda$new$0(46)) - omNode-2@group-523986131536->omNode-1: nextIndex: updateUnconditionally 36 -> 21
2021-10-17 01:40:12,405 [grpc-default-executor-3] INFO  server.RaftServer$Division (RaftServerImpl.java:checkInconsistentAppendEntries(1319)) - omNode-1@group-523986131536: Failed appendEntries as previous log entry ((t:9, i:35)) is not found
2021-10-17 01:40:12,405 [grpc-default-executor-3] INFO  server.RaftServer$Division (RaftServerImpl.java:checkInconsistentAppendEntries(1285)) - omNode-1@group-523986131536: inconsistency entries. Reply:omNode-2<-omNode-1#7755:FAIL-t9,INCONSISTENCY,nextIndex=21,followerCommit=20
2021-10-17 01:40:12,405 [grpc-default-executor-3] INFO  leader.FollowerInfo (FollowerInfoImpl.java:lambda$new$0(46)) - omNode-2@group-523986131536->omNode-1: nextIndex: updateUnconditionally 36 -> 21
2021-10-17 01:40:12,908 [grpc-default-executor-3] INFO  server.RaftServer$Division (RaftServerImpl.java:checkInconsistentAppendEntries(1319)) - omNode-1@group-523986131536: Failed appendEntries as previous log entry ((t:9, i:35)) is not found
2021-10-17 01:40:12,908 [grpc-default-executor-3] INFO  server.RaftServer$Division (RaftServerImpl.java:checkInconsistentAppendEntries(1285)) - omNode-1@group-523986131536: inconsistency entries. Reply:omNode-2<-omNode-1#7806:FAIL-t9,INCONSISTENCY,nextIndex=21,followerCommit=20
2021-10-17 01:40:12,908 [grpc-default-executor-3] INFO  leader.FollowerInfo (FollowerInfoImpl.java:lambda$new$0(46)) - omNode-2@group-523986131536->omNode-1: nextIndex: updateUnconditionally 36 -> 21
2021-10-17 01:40:13,410 [grpc-default-executor-3] INFO  server.RaftServer$Division (RaftServerImpl.java:checkInconsistentAppendEntries(1319)) - omNode-1@group-523986131536: Failed appendEntries as previous log entry ((t:9, i:35)) is not found
2021-10-17 01:40:13,410 [grpc-default-executor-3] INFO  server.RaftServer$Division (RaftServerImpl.java:checkInconsistentAppendEntries(1285)) - omNode-1@group-523986131536: inconsistency entries. Reply:omNode-2<-omNode-1#7857:FAIL-t9,INCONSISTENCY,nextIndex=21,followerCommit=20
2021-10-17 01:40:13,410 [grpc-default-executor-3] INFO  leader.FollowerInfo (FollowerInfoImpl.java:lambda$new$0(46)) - omNode-2@group-523986131536->omNode-1: nextIndex: updateUnconditionally 36 -> 21
2021-10-17 01:40:13,912 [grpc-default-executor-8] INFO  server.RaftServer$Division (RaftServerImpl.java:checkInconsistentAppendEntries(1319)) - omNode-1@group-523986131536: Failed appendEntries as previous log entry ((t:9, i:35)) is not found
2021-10-17 01:40:13,912 [grpc-default-executor-8] INFO  server.RaftServer$Division (RaftServerImpl.java:checkInconsistentAppendEntries(1285)) - omNode-1@group-523986131536: inconsistency entries. Reply:omNode-2<-omNode-1#7908:FAIL-t9,INCONSISTENCY,nextIndex=21,followerCommit=20
2021-10-17 01:40:13,913 [grpc-default-executor-8] INFO  leader.FollowerInfo (FollowerInfoImpl.java:lambda$new$0(46)) - omNode-2@group-523986131536->omNode-1: nextIndex: updateUnconditionally 36 -> 21
2021-10-17 01:40:14,414 [grpc-default-executor-8] INFO  server.RaftServer$Division (RaftServerImpl.java:checkInconsistentAppendEntries(1319)) - omNode-1@group-523986131536: Failed appendEntries as previous log entry ((t:9, i:35)) is not found
2021-10-17 01:40:14,415 [grpc-default-executor-8] INFO  server.RaftServer$Division (RaftServerImpl.java:checkInconsistentAppendEntries(1285)) - omNode-1@group-523986131536: inconsistency entries. Reply:omNode-2<-omNode-1#7959:FAIL-t9,INCONSISTENCY,nextIndex=21,followerCommit=20
2021-10-17 01:40:14,415 [grpc-default-executor-8] INFO  leader.FollowerInfo (FollowerInfoImpl.java:lambda$new$0(46)) - omNode-2@group-523986131536->omNode-1: nextIndex: updateUnconditionally 36 -> 21
2021-10-17 01:40:14,917 [grpc-default-executor-8] INFO  server.RaftServer$Division (RaftServerImpl.java:checkInconsistentAppendEntries(1319)) - omNode-1@group-523986131536: Failed appendEntries as previous log entry ((t:9, i:35)) is not found
2021-10-17 01:40:14,917 [grpc-default-executor-8] INFO  server.RaftServer$Division (RaftServerImpl.java:checkInconsistentAppendEntries(1285)) - omNode-1@group-523986131536: inconsistency entries. Reply:omNode-2<-omNode-1#8010:FAIL-t9,INCONSISTENCY,nextIndex=21,followerCommit=20
2021-10-17 01:40:14,917 [grpc-default-executor-8] INFO  leader.FollowerInfo (FollowerInfoImpl.java:lambda$new$0(46)) - omNode-2@group-523986131536->omNode-1: nextIndex: updateUnconditionally 36 -> 21
2021-10-17 01:40:15,419 [grpc-default-executor-8] INFO  server.RaftServer$Division (RaftServerImpl.java:checkInconsistentAppendEntries(1319)) - omNode-1@group-523986131536: Failed appendEntries as previous log entry ((t:9, i:35)) is not found
2021-10-17 01:40:15,419 [grpc-default-executor-8] INFO  server.RaftServer$Division (RaftServerImpl.java:checkInconsistentAppendEntries(1285)) - omNode-1@group-523986131536: inconsistency entries. Reply:omNode-2<-omNode-1#8061:FAIL-t9,INCONSISTENCY,nextIndex=21,followerCommit=20
2021-10-17 01:40:15,419 [grpc-default-executor-8] INFO  leader.FollowerInfo (FollowerInfoImpl.java:lambda$new$0(46)) - omNode-2@group-523986131536->omNode-1: nextIndex: updateUnconditionally 36 -> 21
2021-10-17 01:40:15,921 [grpc-default-executor-8] INFO  server.RaftServer$Division (RaftServerImpl.java:checkInconsistentAppendEntries(1319)) - omNode-1@group-523986131536: Failed appendEntries as previous log entry ((t:9, i:35)) is not found
2021-10-17 01:40:15,922 [grpc-default-executor-8] INFO  server.RaftServer$Division (RaftServerImpl.java:checkInconsistentAppendEntries(1285)) - omNode-1@group-523986131536: inconsistency entries. Reply:omNode-2<-omNode-1#8112:FAIL-t9,INCONSISTENCY,nextIndex=21,followerCommit=20
2021-10-17 01:40:15,922 [grpc-default-executor-8] INFO  leader.FollowerInfo (FollowerInfoImpl.java:lambda$new$0(46)) - omNode-2@group-523986131536->omNode-1: nextIndex: updateUnconditionally 36 -> 21
2021-10-17 01:40:16,424 [grpc-default-executor-7] INFO  server.RaftServer$Division (RaftServerImpl.java:checkInconsistentAppendEntries(1319)) - omNode-1@group-523986131536: Failed appendEntries as previous log entry ((t:9, i:35)) is not found
2021-10-17 01:40:16,424 [grpc-default-executor-7] INFO  server.RaftServer$Division (RaftServerImpl.java:checkInconsistentAppendEntries(1285)) - omNode-1@group-523986131536: inconsistency entries. Reply:omNode-2<-omNode-1#8163:FAIL-t9,INCONSISTENCY,nextIndex=21,followerCommit=20
2021-10-17 01:40:16,424 [grpc-default-executor-7] INFO  leader.FollowerInfo (FollowerInfoImpl.java:lambda$new$0(46)) - omNode-2@group-523986131536->omNode-1: nextIndex: updateUnconditionally 36 -> 21
2021-10-17 01:40:16,926 [grpc-default-executor-7] INFO  server.RaftServer$Division (RaftServerImpl.java:checkInconsistentAppendEntries(1319)) - omNode-1@group-523986131536: Failed appendEntries as previous log entry ((t:9, i:35)) is not found
2021-10-17 01:40:16,926 [grpc-default-executor-7] INFO  server.RaftServer$Division (RaftServerImpl.java:checkInconsistentAppendEntries(1285)) - omNode-1@group-523986131536: inconsistency entries. Reply:omNode-2<-omNode-1#8214:FAIL-t9,INCONSISTENCY,nextIndex=21,followerCommit=20
2021-10-17 01:40:16,926 [grpc-default-executor-7] INFO  leader.FollowerInfo (FollowerInfoImpl.java:lambda$new$0(46)) - omNode-2@group-523986131536->omNode-1: nextIndex: updateUnconditionally 36 -> 21
2021-10-17 01:40:17,428 [grpc-default-executor-7] INFO  server.RaftServer$Division (RaftServerImpl.java:checkInconsistentAppendEntries(1319)) - omNode-1@group-523986131536: Failed appendEntries as previous log entry ((t:9, i:35)) is not found
2021-10-17 01:40:17,428 [grpc-default-executor-7] INFO  server.RaftServer$Division (RaftServerImpl.java:checkInconsistentAppendEntries(1285)) - omNode-1@group-523986131536: inconsistency entries. Reply:omNode-2<-omNode-1#8265:FAIL-t9,INCONSISTENCY,nextIndex=21,followerCommit=20
2021-10-17 01:40:17,432 [grpc-default-executor-7] INFO  leader.FollowerInfo (FollowerInfoImpl.java:lambda$new$0(46)) - omNode-2@group-523986131536->omNode-1: nextIndex: updateUnconditionally 36 -> 21
2021-10-17 01:40:17,934 [grpc-default-executor-7] INFO  server.RaftServer$Division (RaftServerImpl.java:checkInconsistentAppendEntries(1319)) - omNode-1@group-523986131536: Failed appendEntries as previous log entry ((t:9, i:35)) is not found
2021-10-17 01:40:17,934 [grpc-default-executor-7] INFO  server.RaftServer$Division (RaftServerImpl.java:checkInconsistentAppendEntries(1285)) - omNode-1@group-523986131536: inconsistency entries. Reply:omNode-2<-omNode-1#8316:FAIL-t9,INCONSISTENCY,nextIndex=21,followerCommit=20
2021-10-17 01:40:17,934 [grpc-default-executor-7] INFO  leader.FollowerInfo (FollowerInfoImpl.java:lambda$new$0(46)) - omNode-2@group-523986131536->omNode-1: nextIndex: updateUnconditionally 36 -> 21
2021-10-17 01:40:18,436 [grpc-default-executor-7] INFO  server.RaftServer$Division (RaftServerImpl.java:checkInconsistentAppendEntries(1319)) - omNode-1@group-523986131536: Failed appendEntries as previous log entry ((t:9, i:35)) is not found
2021-10-17 01:40:18,436 [grpc-default-executor-7] INFO  server.RaftServer$Division (RaftServerImpl.java:checkInconsistentAppendEntries(1285)) - omNode-1@group-523986131536: inconsistency entries. Reply:omNode-2<-omNode-1#8367:FAIL-t9,INCONSISTENCY,nextIndex=21,followerCommit=20
2021-10-17 01:40:18,436 [grpc-default-executor-7] INFO  leader.FollowerInfo (FollowerInfoImpl.java:lambda$new$0(46)) - omNode-2@group-523986131536->omNode-1: nextIndex: updateUnconditionally 36 -> 21
2021-10-17 01:40:18,938 [grpc-default-executor-3] INFO  server.RaftServer$Division (RaftServerImpl.java:checkInconsistentAppendEntries(1319)) - omNode-1@group-523986131536: Failed appendEntries as previous log entry ((t:9, i:35)) is not found
2021-10-17 01:40:18,939 [grpc-default-executor-3] INFO  server.RaftServer$Division (RaftServerImpl.java:checkInconsistentAppendEntries(1285)) - omNode-1@group-523986131536: inconsistency entries. Reply:omNode-2<-omNode-1#8418:FAIL-t9,INCONSISTENCY,nextIndex=21,followerCommit=20
2021-10-17 01:40:18,939 [grpc-default-executor-3] INFO  leader.FollowerInfo (FollowerInfoImpl.java:lambda$new$0(46)) - omNode-2@group-523986131536->omNode-1: nextIndex: updateUnconditionally 36 -> 21
2021-10-17 01:40:19,441 [grpc-default-executor-3] INFO  server.RaftServer$Division (RaftServerImpl.java:checkInconsistentAppendEntries(1319)) - omNode-1@group-523986131536: Failed appendEntries as previous log entry ((t:9, i:35)) is not found
2021-10-17 01:40:19,441 [grpc-default-executor-3] INFO  server.RaftServer$Division (RaftServerImpl.java:checkInconsistentAppendEntries(1285)) - omNode-1@group-523986131536: inconsistency entries. Reply:omNode-2<-omNode-1#8469:FAIL-t9,INCONSISTENCY,nextIndex=21,followerCommit=20
2021-10-17 01:40:19,441 [grpc-default-executor-3] INFO  leader.FollowerInfo (FollowerInfoImpl.java:lambda$new$0(46)) - omNode-2@group-523986131536->omNode-1: nextIndex: updateUnconditionally 36 -> 21
2021-10-17 01:40:19,943 [grpc-default-executor-3] INFO  server.RaftServer$Division (RaftServerImpl.java:checkInconsistentAppendEntries(1319)) - omNode-1@group-523986131536: Failed appendEntries as previous log entry ((t:9, i:35)) is not found
2021-10-17 01:40:19,943 [grpc-default-executor-3] INFO  server.RaftServer$Division (RaftServerImpl.java:checkInconsistentAppendEntries(1285)) - omNode-1@group-523986131536: inconsistency entries. Reply:omNode-2<-omNode-1#8520:FAIL-t9,INCONSISTENCY,nextIndex=21,followerCommit=20
2021-10-17 01:40:19,944 [grpc-default-executor-3] INFO  leader.FollowerInfo (FollowerInfoImpl.java:lambda$new$0(46)) - omNode-2@group-523986131536->omNode-1: nextIndex: updateUnconditionally 36 -> 21
2021-10-17 01:40:20,446 [grpc-default-executor-3] INFO  server.RaftServer$Division (RaftServerImpl.java:checkInconsistentAppendEntries(1319)) - omNode-1@group-523986131536: Failed appendEntries as previous log entry ((t:9, i:35)) is not found
2021-10-17 01:40:20,446 [grpc-default-executor-3] INFO  server.RaftServer$Division (RaftServerImpl.java:checkInconsistentAppendEntries(1285)) - omNode-1@group-523986131536: inconsistency entries. Reply:omNode-2<-omNode-1#8571:FAIL-t9,INCONSISTENCY,nextIndex=21,followerCommit=20
2021-10-17 01:40:20,446 [grpc-default-executor-3] INFO  leader.FollowerInfo (FollowerInfoImpl.java:lambda$new$0(46)) - omNode-2@group-523986131536->omNode-1: nextIndex: updateUnconditionally 36 -> 21
2021-10-17 01:40:20,948 [grpc-default-executor-3] INFO  server.RaftServer$Division (RaftServerImpl.java:checkInconsistentAppendEntries(1319)) - omNode-1@group-523986131536: Failed appendEntries as previous log entry ((t:9, i:35)) is not found
2021-10-17 01:40:20,948 [grpc-default-executor-3] INFO  server.RaftServer$Division (RaftServerImpl.java:checkInconsistentAppendEntries(1285)) - omNode-1@group-523986131536: inconsistency entries. Reply:omNode-2<-omNode-1#8622:FAIL-t9,INCONSISTENCY,nextIndex=21,followerCommit=20
2021-10-17 01:40:20,948 [grpc-default-executor-3] INFO  leader.FollowerInfo (FollowerInfoImpl.java:lambda$new$0(46)) - omNode-2@group-523986131536->omNode-1: nextIndex: updateUnconditionally 36 -> 21
2021-10-17 01:40:21,451 [grpc-default-executor-3] INFO  server.RaftServer$Division (RaftServerImpl.java:checkInconsistentAppendEntries(1319)) - omNode-1@group-523986131536: Failed appendEntries as previous log entry ((t:9, i:35)) is not found
2021-10-17 01:40:21,451 [grpc-default-executor-3] INFO  server.RaftServer$Division (RaftServerImpl.java:checkInconsistentAppendEntries(1285)) - omNode-1@group-523986131536: inconsistency entries. Reply:omNode-2<-omNode-1#8673:FAIL-t9,INCONSISTENCY,nextIndex=21,followerCommit=20
2021-10-17 01:40:21,451 [grpc-default-executor-3] INFO  leader.FollowerInfo (FollowerInfoImpl.java:lambda$new$0(46)) - omNode-2@group-523986131536->omNode-1: nextIndex: updateUnconditionally 36 -> 21
2021-10-17 01:40:21,953 [grpc-default-executor-3] INFO  server.RaftServer$Division (RaftServerImpl.java:checkInconsistentAppendEntries(1319)) - omNode-1@group-523986131536: Failed appendEntries as previous log entry ((t:9, i:35)) is not found
2021-10-17 01:40:21,953 [grpc-default-executor-3] INFO  server.RaftServer$Division (RaftServerImpl.java:checkInconsistentAppendEntries(1285)) - omNode-1@group-523986131536: inconsistency entries. Reply:omNode-2<-omNode-1#8724:FAIL-t9,INCONSISTENCY,nextIndex=21,followerCommit=20
2021-10-17 01:40:21,954 [grpc-default-executor-3] INFO  leader.FollowerInfo (FollowerInfoImpl.java:lambda$new$0(46)) - omNode-2@group-523986131536->omNode-1: nextIndex: updateUnconditionally 36 -> 21
2021-10-17 01:40:22,456 [grpc-default-executor-3] INFO  server.RaftServer$Division (RaftServerImpl.java:checkInconsistentAppendEntries(1319)) - omNode-1@group-523986131536: Failed appendEntries as previous log entry ((t:9, i:35)) is not found
2021-10-17 01:40:22,456 [grpc-default-executor-3] INFO  server.RaftServer$Division (RaftServerImpl.java:checkInconsistentAppendEntries(1285)) - omNode-1@group-523986131536: inconsistency entries. Reply:omNode-2<-omNode-1#8775:FAIL-t9,INCONSISTENCY,nextIndex=21,followerCommit=20
2021-10-17 01:40:22,456 [grpc-default-executor-3] INFO  leader.FollowerInfo (FollowerInfoImpl.java:lambda$new$0(46)) - omNode-2@group-523986131536->omNode-1: nextIndex: updateUnconditionally 36 -> 21
2021-10-17 01:40:22,958 [grpc-default-executor-3] INFO  server.RaftServer$Division (RaftServerImpl.java:checkInconsistentAppendEntries(1319)) - omNode-1@group-523986131536: Failed appendEntries as previous log entry ((t:9, i:35)) is not found
2021-10-17 01:40:22,959 [grpc-default-executor-3] INFO  server.RaftServer$Division (RaftServerImpl.java:checkInconsistentAppendEntries(1285)) - omNode-1@group-523986131536: inconsistency entries. Reply:omNode-2<-omNode-1#8826:FAIL-t9,INCONSISTENCY,nextIndex=21,followerCommit=20
2021-10-17 01:40:22,959 [grpc-default-executor-3] INFO  leader.FollowerInfo (FollowerInfoImpl.java:lambda$new$0(46)) - omNode-2@group-523986131536->omNode-1: nextIndex: updateUnconditionally 36 -> 21
2021-10-17 01:40:23,461 [grpc-default-executor-3] INFO  server.RaftServer$Division (RaftServerImpl.java:checkInconsistentAppendEntries(1319)) - omNode-1@group-523986131536: Failed appendEntries as previous log entry ((t:9, i:35)) is not found
2021-10-17 01:40:23,461 [grpc-default-executor-3] INFO  server.RaftServer$Division (RaftServerImpl.java:checkInconsistentAppendEntries(1285)) - omNode-1@group-523986131536: inconsistency entries. Reply:omNode-2<-omNode-1#8877:FAIL-t9,INCONSISTENCY,nextIndex=21,followerCommit=20
2021-10-17 01:40:23,461 [grpc-default-executor-3] INFO  leader.FollowerInfo (FollowerInfoImpl.java:lambda$new$0(46)) - omNode-2@group-523986131536->omNode-1: nextIndex: updateUnconditionally 36 -> 21
2021-10-17 01:40:23,963 [grpc-default-executor-7] INFO  server.RaftServer$Division (RaftServerImpl.java:checkInconsistentAppendEntries(1319)) - omNode-1@group-523986131536: Failed appendEntries as previous log entry ((t:9, i:35)) is not found
2021-10-17 01:40:23,964 [grpc-default-executor-7] INFO  server.RaftServer$Division (RaftServerImpl.java:checkInconsistentAppendEntries(1285)) - omNode-1@group-523986131536: inconsistency entries. Reply:omNode-2<-omNode-1#8928:FAIL-t9,INCONSISTENCY,nextIndex=21,followerCommit=20
2021-10-17 01:40:23,964 [grpc-default-executor-7] INFO  leader.FollowerInfo (FollowerInfoImpl.java:lambda$new$0(46)) - omNode-2@group-523986131536->omNode-1: nextIndex: updateUnconditionally 36 -> 21
2021-10-17 01:40:24,466 [grpc-default-executor-7] INFO  server.RaftServer$Division (RaftServerImpl.java:checkInconsistentAppendEntries(1319)) - omNode-1@group-523986131536: Failed appendEntries as previous log entry ((t:9, i:35)) is not found
2021-10-17 01:40:24,466 [grpc-default-executor-7] INFO  server.RaftServer$Division (RaftServerImpl.java:checkInconsistentAppendEntries(1285)) - omNode-1@group-523986131536: inconsistency entries. Reply:omNode-2<-omNode-1#8979:FAIL-t9,INCONSISTENCY,nextIndex=21,followerCommit=20
2021-10-17 01:40:24,467 [grpc-default-executor-7] INFO  leader.FollowerInfo (FollowerInfoImpl.java:lambda$new$0(46)) - omNode-2@group-523986131536->omNode-1: nextIndex: updateUnconditionally 36 -> 21
2021-10-17 01:40:24,969 [grpc-default-executor-7] INFO  server.RaftServer$Division (RaftServerImpl.java:checkInconsistentAppendEntries(1319)) - omNode-1@group-523986131536: Failed appendEntries as previous log entry ((t:9, i:35)) is not found
2021-10-17 01:40:24,969 [grpc-default-executor-7] INFO  server.RaftServer$Division (RaftServerImpl.java:checkInconsistentAppendEntries(1285)) - omNode-1@group-523986131536: inconsistency entries. Reply:omNode-2<-omNode-1#9030:FAIL-t9,INCONSISTENCY,nextIndex=21,followerCommit=20
2021-10-17 01:40:24,969 [grpc-default-executor-7] INFO  leader.FollowerInfo (FollowerInfoImpl.java:lambda$new$0(46)) - omNode-2@group-523986131536->omNode-1: nextIndex: updateUnconditionally 36 -> 21
2021-10-17 01:40:25,471 [grpc-default-executor-7] INFO  server.RaftServer$Division (RaftServerImpl.java:checkInconsistentAppendEntries(1319)) - omNode-1@group-523986131536: Failed appendEntries as previous log entry ((t:9, i:35)) is not found
2021-10-17 01:40:25,471 [grpc-default-executor-7] INFO  server.RaftServer$Division (RaftServerImpl.java:checkInconsistentAppendEntries(1285)) - omNode-1@group-523986131536: inconsistency entries. Reply:omNode-2<-omNode-1#9081:FAIL-t9,INCONSISTENCY,nextIndex=21,followerCommit=20
2021-10-17 01:40:25,472 [grpc-default-executor-7] INFO  leader.FollowerInfo (FollowerInfoImpl.java:lambda$new$0(46)) - omNode-2@group-523986131536->omNode-1: nextIndex: updateUnconditionally 36 -> 21
2021-10-17 01:40:25,974 [grpc-default-executor-7] INFO  server.RaftServer$Division (RaftServerImpl.java:checkInconsistentAppendEntries(1319)) - omNode-1@group-523986131536: Failed appendEntries as previous log entry ((t:9, i:35)) is not found
2021-10-17 01:40:25,974 [grpc-default-executor-7] INFO  server.RaftServer$Division (RaftServerImpl.java:checkInconsistentAppendEntries(1285)) - omNode-1@group-523986131536: inconsistency entries. Reply:omNode-2<-omNode-1#9132:FAIL-t9,INCONSISTENCY,nextIndex=21,followerCommit=20
2021-10-17 01:40:25,974 [grpc-default-executor-7] INFO  leader.FollowerInfo (FollowerInfoImpl.java:lambda$new$0(46)) - omNode-2@group-523986131536->omNode-1: nextIndex: updateUnconditionally 36 -> 21
2021-10-17 01:40:26,477 [grpc-default-executor-7] INFO  server.RaftServer$Division (RaftServerImpl.java:checkInconsistentAppendEntries(1319)) - omNode-1@group-523986131536: Failed appendEntries as previous log entry ((t:9, i:35)) is not found
2021-10-17 01:40:26,477 [grpc-default-executor-7] INFO  server.RaftServer$Division (RaftServerImpl.java:checkInconsistentAppendEntries(1285)) - omNode-1@group-523986131536: inconsistency entries. Reply:omNode-2<-omNode-1#9183:FAIL-t9,INCONSISTENCY,nextIndex=21,followerCommit=20
2021-10-17 01:40:26,477 [grpc-default-executor-7] INFO  leader.FollowerInfo (FollowerInfoImpl.java:lambda$new$0(46)) - omNode-2@group-523986131536->omNode-1: nextIndex: updateUnconditionally 36 -> 21
2021-10-17 01:40:26,979 [grpc-default-executor-7] INFO  server.RaftServer$Division (RaftServerImpl.java:checkInconsistentAppendEntries(1319)) - omNode-1@group-523986131536: Failed appendEntries as previous log entry ((t:9, i:35)) is not found
2021-10-17 01:40:26,979 [grpc-default-executor-7] INFO  server.RaftServer$Division (RaftServerImpl.java:checkInconsistentAppendEntries(1285)) - omNode-1@group-523986131536: inconsistency entries. Reply:omNode-2<-omNode-1#9234:FAIL-t9,INCONSISTENCY,nextIndex=21,followerCommit=20
2021-10-17 01:40:26,979 [grpc-default-executor-7] INFO  leader.FollowerInfo (FollowerInfoImpl.java:lambda$new$0(46)) - omNode-2@group-523986131536->omNode-1: nextIndex: updateUnconditionally 36 -> 21
2021-10-17 01:40:27,481 [grpc-default-executor-7] INFO  server.RaftServer$Division (RaftServerImpl.java:checkInconsistentAppendEntries(1319)) - omNode-1@group-523986131536: Failed appendEntries as previous log entry ((t:9, i:35)) is not found
2021-10-17 01:40:27,481 [grpc-default-executor-7] INFO  server.RaftServer$Division (RaftServerImpl.java:checkInconsistentAppendEntries(1285)) - omNode-1@group-523986131536: inconsistency entries. Reply:omNode-2<-omNode-1#9285:FAIL-t9,INCONSISTENCY,nextIndex=21,followerCommit=20
2021-10-17 01:40:27,481 [grpc-default-executor-7] INFO  leader.FollowerInfo (FollowerInfoImpl.java:lambda$new$0(46)) - omNode-2@group-523986131536->omNode-1: nextIndex: updateUnconditionally 36 -> 21
2021-10-17 01:40:27,984 [grpc-default-executor-7] INFO  server.RaftServer$Division (RaftServerImpl.java:checkInconsistentAppendEntries(1319)) - omNode-1@group-523986131536: Failed appendEntries as previous log entry ((t:9, i:35)) is not found
2021-10-17 01:40:27,984 [grpc-default-executor-7] INFO  server.RaftServer$Division (RaftServerImpl.java:checkInconsistentAppendEntries(1285)) - omNode-1@group-523986131536: inconsistency entries. Reply:omNode-2<-omNode-1#9336:FAIL-t9,INCONSISTENCY,nextIndex=21,followerCommit=20
2021-10-17 01:40:27,984 [grpc-default-executor-7] INFO  leader.FollowerInfo (FollowerInfoImpl.java:lambda$new$0(46)) - omNode-2@group-523986131536->omNode-1: nextIndex: updateUnconditionally 36 -> 21
2021-10-17 01:40:28,487 [grpc-default-executor-7] INFO  server.RaftServer$Division (RaftServerImpl.java:checkInconsistentAppendEntries(1319)) - omNode-1@group-523986131536: Failed appendEntries as previous log entry ((t:9, i:35)) is not found
2021-10-17 01:40:28,487 [grpc-default-executor-7] INFO  server.RaftServer$Division (RaftServerImpl.java:checkInconsistentAppendEntries(1285)) - omNode-1@group-523986131536: inconsistency entries. Reply:omNode-2<-omNode-1#9387:FAIL-t9,INCONSISTENCY,nextIndex=21,followerCommit=20
2021-10-17 01:40:28,488 [grpc-default-executor-7] INFO  leader.FollowerInfo (FollowerInfoImpl.java:lambda$new$0(46)) - omNode-2@group-523986131536->omNode-1: nextIndex: updateUnconditionally 36 -> 21
2021-10-17 01:40:28,989 [grpc-default-executor-7] INFO  server.RaftServer$Division (RaftServerImpl.java:checkInconsistentAppendEntries(1319)) - omNode-1@group-523986131536: Failed appendEntries as previous log entry ((t:9, i:35)) is not found
2021-10-17 01:40:28,990 [grpc-default-executor-7] INFO  server.RaftServer$Division (RaftServerImpl.java:checkInconsistentAppendEntries(1285)) - omNode-1@group-523986131536: inconsistency entries. Reply:omNode-2<-omNode-1#9438:FAIL-t9,INCONSISTENCY,nextIndex=21,followerCommit=20
2021-10-17 01:40:28,990 [grpc-default-executor-7] INFO  leader.FollowerInfo (FollowerInfoImpl.java:lambda$new$0(46)) - omNode-2@group-523986131536->omNode-1: nextIndex: updateUnconditionally 36 -> 21
2021-10-17 01:40:29,492 [grpc-default-executor-7] INFO  server.RaftServer$Division (RaftServerImpl.java:checkInconsistentAppendEntries(1319)) - omNode-1@group-523986131536: Failed appendEntries as previous log entry ((t:9, i:35)) is not found
2021-10-17 01:40:29,492 [grpc-default-executor-7] INFO  server.RaftServer$Division (RaftServerImpl.java:checkInconsistentAppendEntries(1285)) - omNode-1@group-523986131536: inconsistency entries. Reply:omNode-2<-omNode-1#9489:FAIL-t9,INCONSISTENCY,nextIndex=21,followerCommit=20
2021-10-17 01:40:29,492 [grpc-default-executor-7] INFO  leader.FollowerInfo (FollowerInfoImpl.java:lambda$new$0(46)) - omNode-2@group-523986131536->omNode-1: nextIndex: updateUnconditionally 36 -> 21
2021-10-17 01:40:29,994 [grpc-default-executor-7] INFO  server.RaftServer$Division (RaftServerImpl.java:checkInconsistentAppendEntries(1319)) - omNode-1@group-523986131536: Failed appendEntries as previous log entry ((t:9, i:35)) is not found
2021-10-17 01:40:29,994 [grpc-default-executor-7] INFO  server.RaftServer$Division (RaftServerImpl.java:checkInconsistentAppendEntries(1285)) - omNode-1@group-523986131536: inconsistency entries. Reply:omNode-2<-omNode-1#9540:FAIL-t9,INCONSISTENCY,nextIndex=21,followerCommit=20
2021-10-17 01:40:29,995 [grpc-default-executor-7] INFO  leader.FollowerInfo (FollowerInfoImpl.java:lambda$new$0(46)) - omNode-2@group-523986131536->omNode-1: nextIndex: updateUnconditionally 36 -> 21
2021-10-17 01:40:30,497 [grpc-default-executor-7] INFO  server.RaftServer$Division (RaftServerImpl.java:checkInconsistentAppendEntries(1319)) - omNode-1@group-523986131536: Failed appendEntries as previous log entry ((t:9, i:35)) is not found
2021-10-17 01:40:30,497 [grpc-default-executor-7] INFO  server.RaftServer$Division (RaftServerImpl.java:checkInconsistentAppendEntries(1285)) - omNode-1@group-523986131536: inconsistency entries. Reply:omNode-2<-omNode-1#9591:FAIL-t9,INCONSISTENCY,nextIndex=21,followerCommit=20
2021-10-17 01:40:30,498 [grpc-default-executor-7] INFO  leader.FollowerInfo (FollowerInfoImpl.java:lambda$new$0(46)) - omNode-2@group-523986131536->omNode-1: nextIndex: updateUnconditionally 36 -> 21
2021-10-17 01:40:31,000 [grpc-default-executor-7] INFO  server.RaftServer$Division (RaftServerImpl.java:checkInconsistentAppendEntries(1319)) - omNode-1@group-523986131536: Failed appendEntries as previous log entry ((t:9, i:35)) is not found
2021-10-17 01:40:31,000 [grpc-default-executor-7] INFO  server.RaftServer$Division (RaftServerImpl.java:checkInconsistentAppendEntries(1285)) - omNode-1@group-523986131536: inconsistency entries. Reply:omNode-2<-omNode-1#9642:FAIL-t9,INCONSISTENCY,nextIndex=21,followerCommit=20
2021-10-17 01:40:31,000 [grpc-default-executor-7] INFO  leader.FollowerInfo (FollowerInfoImpl.java:lambda$new$0(46)) - omNode-2@group-523986131536->omNode-1: nextIndex: updateUnconditionally 36 -> 21
2021-10-17 01:40:31,502 [grpc-default-executor-9] INFO  server.RaftServer$Division (RaftServerImpl.java:checkInconsistentAppendEntries(1319)) - omNode-1@group-523986131536: Failed appendEntries as previous log entry ((t:9, i:35)) is not found
2021-10-17 01:40:31,502 [grpc-default-executor-9] INFO  server.RaftServer$Division (RaftServerImpl.java:checkInconsistentAppendEntries(1285)) - omNode-1@group-523986131536: inconsistency entries. Reply:omNode-2<-omNode-1#9693:FAIL-t9,INCONSISTENCY,nextIndex=21,followerCommit=20
2021-10-17 01:40:31,503 [grpc-default-executor-9] INFO  leader.FollowerInfo (FollowerInfoImpl.java:lambda$new$0(46)) - omNode-2@group-523986131536->omNode-1: nextIndex: updateUnconditionally 36 -> 21
2021-10-17 01:40:32,004 [grpc-default-executor-9] INFO  server.RaftServer$Division (RaftServerImpl.java:checkInconsistentAppendEntries(1319)) - omNode-1@group-523986131536: Failed appendEntries as previous log entry ((t:9, i:35)) is not found
2021-10-17 01:40:32,005 [grpc-default-executor-9] INFO  server.RaftServer$Division (RaftServerImpl.java:checkInconsistentAppendEntries(1285)) - omNode-1@group-523986131536: inconsistency entries. Reply:omNode-2<-omNode-1#9744:FAIL-t9,INCONSISTENCY,nextIndex=21,followerCommit=20
2021-10-17 01:40:32,005 [grpc-default-executor-9] INFO  leader.FollowerInfo (FollowerInfoImpl.java:lambda$new$0(46)) - omNode-2@group-523986131536->omNode-1: nextIndex: updateUnconditionally 36 -> 21
2021-10-17 01:40:32,507 [grpc-default-executor-9] INFO  server.RaftServer$Division (RaftServerImpl.java:checkInconsistentAppendEntries(1319)) - omNode-1@group-523986131536: Failed appendEntries as previous log entry ((t:9, i:35)) is not found
2021-10-17 01:40:32,507 [grpc-default-executor-9] INFO  server.RaftServer$Division (RaftServerImpl.java:checkInconsistentAppendEntries(1285)) - omNode-1@group-523986131536: inconsistency entries. Reply:omNode-2<-omNode-1#9795:FAIL-t9,INCONSISTENCY,nextIndex=21,followerCommit=20
2021-10-17 01:40:32,507 [grpc-default-executor-9] INFO  leader.FollowerInfo (FollowerInfoImpl.java:lambda$new$0(46)) - omNode-2@group-523986131536->omNode-1: nextIndex: updateUnconditionally 36 -> 21
2021-10-17 01:40:33,009 [grpc-default-executor-9] INFO  server.RaftServer$Division (RaftServerImpl.java:checkInconsistentAppendEntries(1319)) - omNode-1@group-523986131536: Failed appendEntries as previous log entry ((t:9, i:35)) is not found
2021-10-17 01:40:33,010 [grpc-default-executor-9] INFO  server.RaftServer$Division (RaftServerImpl.java:checkInconsistentAppendEntries(1285)) - omNode-1@group-523986131536: inconsistency entries. Reply:omNode-2<-omNode-1#9846:FAIL-t9,INCONSISTENCY,nextIndex=21,followerCommit=20
2021-10-17 01:40:33,010 [grpc-default-executor-9] INFO  leader.FollowerInfo (FollowerInfoImpl.java:lambda$new$0(46)) - omNode-2@group-523986131536->omNode-1: nextIndex: updateUnconditionally 36 -> 21
2021-10-17 01:40:33,512 [grpc-default-executor-9] INFO  server.RaftServer$Division (RaftServerImpl.java:checkInconsistentAppendEntries(1319)) - omNode-1@group-523986131536: Failed appendEntries as previous log entry ((t:9, i:35)) is not found
2021-10-17 01:40:33,512 [grpc-default-executor-9] INFO  server.RaftServer$Division (RaftServerImpl.java:checkInconsistentAppendEntries(1285)) - omNode-1@group-523986131536: inconsistency entries. Reply:omNode-2<-omNode-1#9897:FAIL-t9,INCONSISTENCY,nextIndex=21,followerCommit=20
2021-10-17 01:40:33,512 [grpc-default-executor-9] INFO  leader.FollowerInfo (FollowerInfoImpl.java:lambda$new$0(46)) - omNode-2@group-523986131536->omNode-1: nextIndex: updateUnconditionally 36 -> 21
2021-10-17 01:40:34,014 [grpc-default-executor-3] INFO  server.RaftServer$Division (RaftServerImpl.java:checkInconsistentAppendEntries(1319)) - omNode-1@group-523986131536: Failed appendEntries as previous log entry ((t:9, i:35)) is not found
2021-10-17 01:40:34,015 [grpc-default-executor-3] INFO  server.RaftServer$Division (RaftServerImpl.java:checkInconsistentAppendEntries(1285)) - omNode-1@group-523986131536: inconsistency entries. Reply:omNode-2<-omNode-1#9948:FAIL-t9,INCONSISTENCY,nextIndex=21,followerCommit=20
2021-10-17 01:40:34,015 [grpc-default-executor-3] INFO  leader.FollowerInfo (FollowerInfoImpl.java:lambda$new$0(46)) - omNode-2@group-523986131536->omNode-1: nextIndex: updateUnconditionally 36 -> 21
2021-10-17 01:40:34,516 [grpc-default-executor-3] INFO  server.RaftServer$Division (RaftServerImpl.java:checkInconsistentAppendEntries(1319)) - omNode-1@group-523986131536: Failed appendEntries as previous log entry ((t:9, i:35)) is not found
2021-10-17 01:40:34,517 [grpc-default-executor-3] INFO  server.RaftServer$Division (RaftServerImpl.java:checkInconsistentAppendEntries(1285)) - omNode-1@group-523986131536: inconsistency entries. Reply:omNode-2<-omNode-1#9999:FAIL-t9,INCONSISTENCY,nextIndex=21,followerCommit=20
2021-10-17 01:40:34,517 [grpc-default-executor-3] INFO  leader.FollowerInfo (FollowerInfoImpl.java:lambda$new$0(46)) - omNode-2@group-523986131536->omNode-1: nextIndex: updateUnconditionally 36 -> 21
2021-10-17 01:40:35,019 [grpc-default-executor-3] INFO  server.RaftServer$Division (RaftServerImpl.java:checkInconsistentAppendEntries(1319)) - omNode-1@group-523986131536: Failed appendEntries as previous log entry ((t:9, i:35)) is not found
2021-10-17 01:40:35,019 [grpc-default-executor-3] INFO  server.RaftServer$Division (RaftServerImpl.java:checkInconsistentAppendEntries(1285)) - omNode-1@group-523986131536: inconsistency entries. Reply:omNode-2<-omNode-1#10050:FAIL-t9,INCONSISTENCY,nextIndex=21,followerCommit=20
2021-10-17 01:40:35,020 [grpc-default-executor-3] INFO  leader.FollowerInfo (FollowerInfoImpl.java:lambda$new$0(46)) - omNode-2@group-523986131536->omNode-1: nextIndex: updateUnconditionally 36 -> 21
2021-10-17 01:40:35,521 [grpc-default-executor-3] INFO  server.RaftServer$Division (RaftServerImpl.java:checkInconsistentAppendEntries(1319)) - omNode-1@group-523986131536: Failed appendEntries as previous log entry ((t:9, i:35)) is not found
2021-10-17 01:40:35,522 [grpc-default-executor-3] INFO  server.RaftServer$Division (RaftServerImpl.java:checkInconsistentAppendEntries(1285)) - omNode-1@group-523986131536: inconsistency entries. Reply:omNode-2<-omNode-1#10101:FAIL-t9,INCONSISTENCY,nextIndex=21,followerCommit=20
2021-10-17 01:40:35,522 [grpc-default-executor-3] INFO  leader.FollowerInfo (FollowerInfoImpl.java:lambda$new$0(46)) - omNode-2@group-523986131536->omNode-1: nextIndex: updateUnconditionally 36 -> 21
2021-10-17 01:40:36,024 [grpc-default-executor-3] INFO  server.RaftServer$Division (RaftServerImpl.java:checkInconsistentAppendEntries(1319)) - omNode-1@group-523986131536: Failed appendEntries as previous log entry ((t:9, i:35)) is not found
2021-10-17 01:40:36,024 [grpc-default-executor-3] INFO  server.RaftServer$Division (RaftServerImpl.java:checkInconsistentAppendEntries(1285)) - omNode-1@group-523986131536: inconsistency entries. Reply:omNode-2<-omNode-1#10152:FAIL-t9,INCONSISTENCY,nextIndex=21,followerCommit=20
2021-10-17 01:40:36,024 [grpc-default-executor-3] INFO  leader.FollowerInfo (FollowerInfoImpl.java:lambda$new$0(46)) - omNode-2@group-523986131536->omNode-1: nextIndex: updateUnconditionally 36 -> 21
2021-10-17 01:40:36,527 [grpc-default-executor-9] INFO  server.RaftServer$Division (RaftServerImpl.java:checkInconsistentAppendEntries(1319)) - omNode-1@group-523986131536: Failed appendEntries as previous log entry ((t:9, i:35)) is not found
2021-10-17 01:40:36,527 [grpc-default-executor-9] INFO  server.RaftServer$Division (RaftServerImpl.java:checkInconsistentAppendEntries(1285)) - omNode-1@group-523986131536: inconsistency entries. Reply:omNode-2<-omNode-1#10203:FAIL-t9,INCONSISTENCY,nextIndex=21,followerCommit=20
2021-10-17 01:40:36,527 [grpc-default-executor-9] INFO  leader.FollowerInfo (FollowerInfoImpl.java:lambda$new$0(46)) - omNode-2@group-523986131536->omNode-1: nextIndex: updateUnconditionally 36 -> 21
2021-10-17 01:40:37,029 [grpc-default-executor-9] INFO  server.RaftServer$Division (RaftServerImpl.java:checkInconsistentAppendEntries(1319)) - omNode-1@group-523986131536: Failed appendEntries as previous log entry ((t:9, i:35)) is not found
2021-10-17 01:40:37,029 [grpc-default-executor-9] INFO  server.RaftServer$Division (RaftServerImpl.java:checkInconsistentAppendEntries(1285)) - omNode-1@group-523986131536: inconsistency entries. Reply:omNode-2<-omNode-1#10254:FAIL-t9,INCONSISTENCY,nextIndex=21,followerCommit=20
2021-10-17 01:40:37,030 [grpc-default-executor-9] INFO  leader.FollowerInfo (FollowerInfoImpl.java:lambda$new$0(46)) - omNode-2@group-523986131536->omNode-1: nextIndex: updateUnconditionally 36 -> 21
2021-10-17 01:40:37,532 [grpc-default-executor-9] INFO  server.RaftServer$Division (RaftServerImpl.java:checkInconsistentAppendEntries(1319)) - omNode-1@group-523986131536: Failed appendEntries as previous log entry ((t:9, i:35)) is not found
2021-10-17 01:40:37,532 [grpc-default-executor-9] INFO  server.RaftServer$Division (RaftServerImpl.java:checkInconsistentAppendEntries(1285)) - omNode-1@group-523986131536: inconsistency entries. Reply:omNode-2<-omNode-1#10305:FAIL-t9,INCONSISTENCY,nextIndex=21,followerCommit=20
2021-10-17 01:40:37,532 [grpc-default-executor-9] INFO  leader.FollowerInfo (FollowerInfoImpl.java:lambda$new$0(46)) - omNode-2@group-523986131536->omNode-1: nextIndex: updateUnconditionally 36 -> 21
2021-10-17 01:40:38,033 [grpc-default-executor-9] INFO  server.RaftServer$Division (RaftServerImpl.java:checkInconsistentAppendEntries(1319)) - omNode-1@group-523986131536: Failed appendEntries as previous log entry ((t:9, i:35)) is not found
2021-10-17 01:40:38,034 [grpc-default-executor-9] INFO  server.RaftServer$Division (RaftServerImpl.java:checkInconsistentAppendEntries(1285)) - omNode-1@group-523986131536: inconsistency entries. Reply:omNode-2<-omNode-1#10356:FAIL-t9,INCONSISTENCY,nextIndex=21,followerCommit=20
2021-10-17 01:40:38,034 [grpc-default-executor-9] INFO  leader.FollowerInfo (FollowerInfoImpl.java:lambda$new$0(46)) - omNode-2@group-523986131536->omNode-1: nextIndex: updateUnconditionally 36 -> 21
2021-10-17 01:40:38,536 [grpc-default-executor-9] INFO  server.RaftServer$Division (RaftServerImpl.java:checkInconsistentAppendEntries(1319)) - omNode-1@group-523986131536: Failed appendEntries as previous log entry ((t:9, i:35)) is not found
2021-10-17 01:40:38,536 [grpc-default-executor-9] INFO  server.RaftServer$Division (RaftServerImpl.java:checkInconsistentAppendEntries(1285)) - omNode-1@group-523986131536: inconsistency entries. Reply:omNode-2<-omNode-1#10407:FAIL-t9,INCONSISTENCY,nextIndex=21,followerCommit=20
2021-10-17 01:40:38,537 [grpc-default-executor-9] INFO  leader.FollowerInfo (FollowerInfoImpl.java:lambda$new$0(46)) - omNode-2@group-523986131536->omNode-1: nextIndex: updateUnconditionally 36 -> 21
2021-10-17 01:40:39,038 [grpc-default-executor-7] INFO  server.RaftServer$Division (RaftServerImpl.java:checkInconsistentAppendEntries(1319)) - omNode-1@group-523986131536: Failed appendEntries as previous log entry ((t:9, i:35)) is not found
2021-10-17 01:40:39,038 [grpc-default-executor-7] INFO  server.RaftServer$Division (RaftServerImpl.java:checkInconsistentAppendEntries(1285)) - omNode-1@group-523986131536: inconsistency entries. Reply:omNode-2<-omNode-1#10458:FAIL-t9,INCONSISTENCY,nextIndex=21,followerCommit=20
2021-10-17 01:40:39,039 [grpc-default-executor-7] INFO  leader.FollowerInfo (FollowerInfoImpl.java:lambda$new$0(46)) - omNode-2@group-523986131536->omNode-1: nextIndex: updateUnconditionally 36 -> 21
2021-10-17 01:40:39,541 [grpc-default-executor-7] INFO  server.RaftServer$Division (RaftServerImpl.java:checkInconsistentAppendEntries(1319)) - omNode-1@group-523986131536: Failed appendEntries as previous log entry ((t:9, i:35)) is not found
2021-10-17 01:40:39,541 [grpc-default-executor-7] INFO  server.RaftServer$Division (RaftServerImpl.java:checkInconsistentAppendEntries(1285)) - omNode-1@group-523986131536: inconsistency entries. Reply:omNode-2<-omNode-1#10509:FAIL-t9,INCONSISTENCY,nextIndex=21,followerCommit=20
2021-10-17 01:40:39,541 [grpc-default-executor-7] INFO  leader.FollowerInfo (FollowerInfoImpl.java:lambda$new$0(46)) - omNode-2@group-523986131536->omNode-1: nextIndex: updateUnconditionally 36 -> 21
2021-10-17 01:40:40,043 [grpc-default-executor-7] INFO  server.RaftServer$Division (RaftServerImpl.java:checkInconsistentAppendEntries(1319)) - omNode-1@group-523986131536: Failed appendEntries as previous log entry ((t:9, i:35)) is not found
2021-10-17 01:40:40,044 [grpc-default-executor-7] INFO  server.RaftServer$Division (RaftServerImpl.java:checkInconsistentAppendEntries(1285)) - omNode-1@group-523986131536: inconsistency entries. Reply:omNode-2<-omNode-1#10560:FAIL-t9,INCONSISTENCY,nextIndex=21,followerCommit=20
2021-10-17 01:40:40,044 [grpc-default-executor-7] INFO  leader.FollowerInfo (FollowerInfoImpl.java:lambda$new$0(46)) - omNode-2@group-523986131536->omNode-1: nextIndex: updateUnconditionally 36 -> 21
2021-10-17 01:40:40,546 [grpc-default-executor-7] INFO  server.RaftServer$Division (RaftServerImpl.java:checkInconsistentAppendEntries(1319)) - omNode-1@group-523986131536: Failed appendEntries as previous log entry ((t:9, i:35)) is not found
2021-10-17 01:40:40,546 [grpc-default-executor-7] INFO  server.RaftServer$Division (RaftServerImpl.java:checkInconsistentAppendEntries(1285)) - omNode-1@group-523986131536: inconsistency entries. Reply:omNode-2<-omNode-1#10611:FAIL-t9,INCONSISTENCY,nextIndex=21,followerCommit=20
2021-10-17 01:40:40,547 [grpc-default-executor-7] INFO  leader.FollowerInfo (FollowerInfoImpl.java:lambda$new$0(46)) - omNode-2@group-523986131536->omNode-1: nextIndex: updateUnconditionally 36 -> 21
2021-10-17 01:40:41,049 [grpc-default-executor-7] INFO  server.RaftServer$Division (RaftServerImpl.java:checkInconsistentAppendEntries(1319)) - omNode-1@group-523986131536: Failed appendEntries as previous log entry ((t:9, i:35)) is not found
2021-10-17 01:40:41,049 [grpc-default-executor-7] INFO  server.RaftServer$Division (RaftServerImpl.java:checkInconsistentAppendEntries(1285)) - omNode-1@group-523986131536: inconsistency entries. Reply:omNode-2<-omNode-1#10662:FAIL-t9,INCONSISTENCY,nextIndex=21,followerCommit=20
2021-10-17 01:40:41,049 [grpc-default-executor-7] INFO  leader.FollowerInfo (FollowerInfoImpl.java:lambda$new$0(46)) - omNode-2@group-523986131536->omNode-1: nextIndex: updateUnconditionally 36 -> 21
2021-10-17 01:40:41,551 [grpc-default-executor-3] INFO  server.RaftServer$Division (RaftServerImpl.java:checkInconsistentAppendEntries(1319)) - omNode-1@group-523986131536: Failed appendEntries as previous log entry ((t:9, i:35)) is not found
2021-10-17 01:40:41,551 [grpc-default-executor-3] INFO  server.RaftServer$Division (RaftServerImpl.java:checkInconsistentAppendEntries(1285)) - omNode-1@group-523986131536: inconsistency entries. Reply:omNode-2<-omNode-1#10713:FAIL-t9,INCONSISTENCY,nextIndex=21,followerCommit=20
2021-10-17 01:40:41,551 [grpc-default-executor-3] INFO  leader.FollowerInfo (FollowerInfoImpl.java:lambda$new$0(46)) - omNode-2@group-523986131536->omNode-1: nextIndex: updateUnconditionally 36 -> 21
2021-10-17 01:40:42,053 [grpc-default-executor-3] INFO  server.RaftServer$Division (RaftServerImpl.java:checkInconsistentAppendEntries(1319)) - omNode-1@group-523986131536: Failed appendEntries as previous log entry ((t:9, i:35)) is not found
2021-10-17 01:40:42,053 [grpc-default-executor-3] INFO  server.RaftServer$Division (RaftServerImpl.java:checkInconsistentAppendEntries(1285)) - omNode-1@group-523986131536: inconsistency entries. Reply:omNode-2<-omNode-1#10764:FAIL-t9,INCONSISTENCY,nextIndex=21,followerCommit=20
2021-10-17 01:40:42,053 [grpc-default-executor-3] INFO  leader.FollowerInfo (FollowerInfoImpl.java:lambda$new$0(46)) - omNode-2@group-523986131536->omNode-1: nextIndex: updateUnconditionally 36 -> 21
2021-10-17 01:40:42,555 [grpc-default-executor-3] INFO  server.RaftServer$Division (RaftServerImpl.java:checkInconsistentAppendEntries(1319)) - omNode-1@group-523986131536: Failed appendEntries as previous log entry ((t:9, i:35)) is not found
2021-10-17 01:40:42,556 [grpc-default-executor-3] INFO  server.RaftServer$Division (RaftServerImpl.java:checkInconsistentAppendEntries(1285)) - omNode-1@group-523986131536: inconsistency entries. Reply:omNode-2<-omNode-1#10815:FAIL-t9,INCONSISTENCY,nextIndex=21,followerCommit=20
2021-10-17 01:40:42,556 [grpc-default-executor-3] INFO  leader.FollowerInfo (FollowerInfoImpl.java:lambda$new$0(46)) - omNode-2@group-523986131536->omNode-1: nextIndex: updateUnconditionally 36 -> 21
2021-10-17 01:40:43,058 [grpc-default-executor-3] INFO  server.RaftServer$Division (RaftServerImpl.java:checkInconsistentAppendEntries(1319)) - omNode-1@group-523986131536: Failed appendEntries as previous log entry ((t:9, i:35)) is not found
2021-10-17 01:40:43,058 [grpc-default-executor-3] INFO  server.RaftServer$Division (RaftServerImpl.java:checkInconsistentAppendEntries(1285)) - omNode-1@group-523986131536: inconsistency entries. Reply:omNode-2<-omNode-1#10866:FAIL-t9,INCONSISTENCY,nextIndex=21,followerCommit=20
2021-10-17 01:40:43,059 [grpc-default-executor-3] INFO  leader.FollowerInfo (FollowerInfoImpl.java:lambda$new$0(46)) - omNode-2@group-523986131536->omNode-1: nextIndex: updateUnconditionally 36 -> 21
2021-10-17 01:40:43,560 [grpc-default-executor-3] INFO  server.RaftServer$Division (RaftServerImpl.java:checkInconsistentAppendEntries(1319)) - omNode-1@group-523986131536: Failed appendEntries as previous log entry ((t:9, i:35)) is not found
2021-10-17 01:40:43,561 [grpc-default-executor-3] INFO  server.RaftServer$Division (RaftServerImpl.java:checkInconsistentAppendEntries(1285)) - omNode-1@group-523986131536: inconsistency entries. Reply:omNode-2<-omNode-1#10917:FAIL-t9,INCONSISTENCY,nextIndex=21,followerCommit=20
2021-10-17 01:40:43,561 [grpc-default-executor-3] INFO  leader.FollowerInfo (FollowerInfoImpl.java:lambda$new$0(46)) - omNode-2@group-523986131536->omNode-1: nextIndex: updateUnconditionally 36 -> 21
2021-10-17 01:40:44,063 [grpc-default-executor-8] INFO  server.RaftServer$Division (RaftServerImpl.java:checkInconsistentAppendEntries(1319)) - omNode-1@group-523986131536: Failed appendEntries as previous log entry ((t:9, i:35)) is not found
2021-10-17 01:40:44,063 [grpc-default-executor-8] INFO  server.RaftServer$Division (RaftServerImpl.java:checkInconsistentAppendEntries(1285)) - omNode-1@group-523986131536: inconsistency entries. Reply:omNode-2<-omNode-1#10968:FAIL-t9,INCONSISTENCY,nextIndex=21,followerCommit=20
2021-10-17 01:40:44,063 [grpc-default-executor-8] INFO  leader.FollowerInfo (FollowerInfoImpl.java:lambda$new$0(46)) - omNode-2@group-523986131536->omNode-1: nextIndex: updateUnconditionally 36 -> 21
2021-10-17 01:40:44,565 [grpc-default-executor-8] INFO  server.RaftServer$Division (RaftServerImpl.java:checkInconsistentAppendEntries(1319)) - omNode-1@group-523986131536: Failed appendEntries as previous log entry ((t:9, i:35)) is not found
2021-10-17 01:40:44,565 [grpc-default-executor-8] INFO  server.RaftServer$Division (RaftServerImpl.java:checkInconsistentAppendEntries(1285)) - omNode-1@group-523986131536: inconsistency entries. Reply:omNode-2<-omNode-1#11019:FAIL-t9,INCONSISTENCY,nextIndex=21,followerCommit=20
2021-10-17 01:40:44,566 [grpc-default-executor-8] INFO  leader.FollowerInfo (FollowerInfoImpl.java:lambda$new$0(46)) - omNode-2@group-523986131536->omNode-1: nextIndex: updateUnconditionally 36 -> 21
2021-10-17 01:40:45,068 [grpc-default-executor-8] INFO  server.RaftServer$Division (RaftServerImpl.java:checkInconsistentAppendEntries(1319)) - omNode-1@group-523986131536: Failed appendEntries as previous log entry ((t:9, i:35)) is not found
2021-10-17 01:40:45,068 [grpc-default-executor-8] INFO  server.RaftServer$Division (RaftServerImpl.java:checkInconsistentAppendEntries(1285)) - omNode-1@group-523986131536: inconsistency entries. Reply:omNode-2<-omNode-1#11070:FAIL-t9,INCONSISTENCY,nextIndex=21,followerCommit=20
2021-10-17 01:40:45,069 [grpc-default-executor-8] INFO  leader.FollowerInfo (FollowerInfoImpl.java:lambda$new$0(46)) - omNode-2@group-523986131536->omNode-1: nextIndex: updateUnconditionally 36 -> 21
2021-10-17 01:40:45,571 [grpc-default-executor-8] INFO  server.RaftServer$Division (RaftServerImpl.java:checkInconsistentAppendEntries(1319)) - omNode-1@group-523986131536: Failed appendEntries as previous log entry ((t:9, i:35)) is not found
2021-10-17 01:40:45,571 [grpc-default-executor-8] INFO  server.RaftServer$Division (RaftServerImpl.java:checkInconsistentAppendEntries(1285)) - omNode-1@group-523986131536: inconsistency entries. Reply:omNode-2<-omNode-1#11121:FAIL-t9,INCONSISTENCY,nextIndex=21,followerCommit=20
2021-10-17 01:40:45,571 [grpc-default-executor-8] INFO  leader.FollowerInfo (FollowerInfoImpl.java:lambda$new$0(46)) - omNode-2@group-523986131536->omNode-1: nextIndex: updateUnconditionally 36 -> 21
2021-10-17 01:40:46,073 [grpc-default-executor-8] INFO  server.RaftServer$Division (RaftServerImpl.java:checkInconsistentAppendEntries(1319)) - omNode-1@group-523986131536: Failed appendEntries as previous log entry ((t:9, i:35)) is not found
2021-10-17 01:40:46,073 [grpc-default-executor-8] INFO  server.RaftServer$Division (RaftServerImpl.java:checkInconsistentAppendEntries(1285)) - omNode-1@group-523986131536: inconsistency entries. Reply:omNode-2<-omNode-1#11172:FAIL-t9,INCONSISTENCY,nextIndex=21,followerCommit=20
2021-10-17 01:40:46,073 [grpc-default-executor-8] INFO  leader.FollowerInfo (FollowerInfoImpl.java:lambda$new$0(46)) - omNode-2@group-523986131536->omNode-1: nextIndex: updateUnconditionally 36 -> 21
2021-10-17 01:40:46,575 [grpc-default-executor-9] INFO  server.RaftServer$Division (RaftServerImpl.java:checkInconsistentAppendEntries(1319)) - omNode-1@group-523986131536: Failed appendEntries as previous log entry ((t:9, i:35)) is not found
2021-10-17 01:40:46,576 [grpc-default-executor-9] INFO  server.RaftServer$Division (RaftServerImpl.java:checkInconsistentAppendEntries(1285)) - omNode-1@group-523986131536: inconsistency entries. Reply:omNode-2<-omNode-1#11223:FAIL-t9,INCONSISTENCY,nextIndex=21,followerCommit=20
2021-10-17 01:40:46,576 [grpc-default-executor-9] INFO  leader.FollowerInfo (FollowerInfoImpl.java:lambda$new$0(46)) - omNode-2@group-523986131536->omNode-1: nextIndex: updateUnconditionally 36 -> 21
2021-10-17 01:40:47,078 [grpc-default-executor-9] INFO  server.RaftServer$Division (RaftServerImpl.java:checkInconsistentAppendEntries(1319)) - omNode-1@group-523986131536: Failed appendEntries as previous log entry ((t:9, i:35)) is not found
2021-10-17 01:40:47,078 [grpc-default-executor-9] INFO  server.RaftServer$Division (RaftServerImpl.java:checkInconsistentAppendEntries(1285)) - omNode-1@group-523986131536: inconsistency entries. Reply:omNode-2<-omNode-1#11274:FAIL-t9,INCONSISTENCY,nextIndex=21,followerCommit=20
2021-10-17 01:40:47,078 [grpc-default-executor-9] INFO  leader.FollowerInfo (FollowerInfoImpl.java:lambda$new$0(46)) - omNode-2@group-523986131536->omNode-1: nextIndex: updateUnconditionally 36 -> 21
2021-10-17 01:40:47,580 [grpc-default-executor-9] INFO  server.RaftServer$Division (RaftServerImpl.java:checkInconsistentAppendEntries(1319)) - omNode-1@group-523986131536: Failed appendEntries as previous log entry ((t:9, i:35)) is not found
2021-10-17 01:40:47,580 [grpc-default-executor-9] INFO  server.RaftServer$Division (RaftServerImpl.java:checkInconsistentAppendEntries(1285)) - omNode-1@group-523986131536: inconsistency entries. Reply:omNode-2<-omNode-1#11325:FAIL-t9,INCONSISTENCY,nextIndex=21,followerCommit=20
2021-10-17 01:40:47,581 [grpc-default-executor-9] INFO  leader.FollowerInfo (FollowerInfoImpl.java:lambda$new$0(46)) - omNode-2@group-523986131536->omNode-1: nextIndex: updateUnconditionally 36 -> 21
2021-10-17 01:40:48,083 [grpc-default-executor-9] INFO  server.RaftServer$Division (RaftServerImpl.java:checkInconsistentAppendEntries(1319)) - omNode-1@group-523986131536: Failed appendEntries as previous log entry ((t:9, i:35)) is not found
2021-10-17 01:40:48,083 [grpc-default-executor-9] INFO  server.RaftServer$Division (RaftServerImpl.java:checkInconsistentAppendEntries(1285)) - omNode-1@group-523986131536: inconsistency entries. Reply:omNode-2<-omNode-1#11376:FAIL-t9,INCONSISTENCY,nextIndex=21,followerCommit=20
2021-10-17 01:40:48,084 [grpc-default-executor-9] INFO  leader.FollowerInfo (FollowerInfoImpl.java:lambda$new$0(46)) - omNode-2@group-523986131536->omNode-1: nextIndex: updateUnconditionally 36 -> 21
2021-10-17 01:40:48,585 [grpc-default-executor-9] INFO  server.RaftServer$Division (RaftServerImpl.java:checkInconsistentAppendEntries(1319)) - omNode-1@group-523986131536: Failed appendEntries as previous log entry ((t:9, i:35)) is not found
2021-10-17 01:40:48,586 [grpc-default-executor-9] INFO  server.RaftServer$Division (RaftServerImpl.java:checkInconsistentAppendEntries(1285)) - omNode-1@group-523986131536: inconsistency entries. Reply:omNode-2<-omNode-1#11427:FAIL-t9,INCONSISTENCY,nextIndex=21,followerCommit=20
2021-10-17 01:40:48,586 [grpc-default-executor-9] INFO  leader.FollowerInfo (FollowerInfoImpl.java:lambda$new$0(46)) - omNode-2@group-523986131536->omNode-1: nextIndex: updateUnconditionally 36 -> 21
2021-10-17 01:40:49,088 [grpc-default-executor-9] INFO  server.RaftServer$Division (RaftServerImpl.java:checkInconsistentAppendEntries(1319)) - omNode-1@group-523986131536: Failed appendEntries as previous log entry ((t:9, i:35)) is not found
2021-10-17 01:40:49,088 [grpc-default-executor-9] INFO  server.RaftServer$Division (RaftServerImpl.java:checkInconsistentAppendEntries(1285)) - omNode-1@group-523986131536: inconsistency entries. Reply:omNode-2<-omNode-1#11478:FAIL-t9,INCONSISTENCY,nextIndex=21,followerCommit=20
2021-10-17 01:40:49,089 [grpc-default-executor-9] INFO  leader.FollowerInfo (FollowerInfoImpl.java:lambda$new$0(46)) - omNode-2@group-523986131536->omNode-1: nextIndex: updateUnconditionally 36 -> 21
2021-10-17 01:40:49,590 [grpc-default-executor-9] INFO  server.RaftServer$Division (RaftServerImpl.java:checkInconsistentAppendEntries(1319)) - omNode-1@group-523986131536: Failed appendEntries as previous log entry ((t:9, i:35)) is not found
2021-10-17 01:40:49,591 [grpc-default-executor-9] INFO  server.RaftServer$Division (RaftServerImpl.java:checkInconsistentAppendEntries(1285)) - omNode-1@group-523986131536: inconsistency entries. Reply:omNode-2<-omNode-1#11529:FAIL-t9,INCONSISTENCY,nextIndex=21,followerCommit=20
2021-10-17 01:40:49,591 [grpc-default-executor-9] INFO  leader.FollowerInfo (FollowerInfoImpl.java:lambda$new$0(46)) - omNode-2@group-523986131536->omNode-1: nextIndex: updateUnconditionally 36 -> 21
2021-10-17 01:40:50,092 [grpc-default-executor-9] INFO  server.RaftServer$Division (RaftServerImpl.java:checkInconsistentAppendEntries(1319)) - omNode-1@group-523986131536: Failed appendEntries as previous log entry ((t:9, i:35)) is not found
2021-10-17 01:40:50,093 [grpc-default-executor-9] INFO  server.RaftServer$Division (RaftServerImpl.java:checkInconsistentAppendEntries(1285)) - omNode-1@group-523986131536: inconsistency entries. Reply:omNode-2<-omNode-1#11580:FAIL-t9,INCONSISTENCY,nextIndex=21,followerCommit=20
2021-10-17 01:40:50,093 [grpc-default-executor-9] INFO  leader.FollowerInfo (FollowerInfoImpl.java:lambda$new$0(46)) - omNode-2@group-523986131536->omNode-1: nextIndex: updateUnconditionally 36 -> 21
2021-10-17 01:40:50,595 [grpc-default-executor-9] INFO  server.RaftServer$Division (RaftServerImpl.java:checkInconsistentAppendEntries(1319)) - omNode-1@group-523986131536: Failed appendEntries as previous log entry ((t:9, i:35)) is not found
2021-10-17 01:40:50,595 [grpc-default-executor-9] INFO  server.RaftServer$Division (RaftServerImpl.java:checkInconsistentAppendEntries(1285)) - omNode-1@group-523986131536: inconsistency entries. Reply:omNode-2<-omNode-1#11631:FAIL-t9,INCONSISTENCY,nextIndex=21,followerCommit=20
2021-10-17 01:40:50,595 [grpc-default-executor-9] INFO  leader.FollowerInfo (FollowerInfoImpl.java:lambda$new$0(46)) - omNode-2@group-523986131536->omNode-1: nextIndex: updateUnconditionally 36 -> 21
2021-10-17 01:40:51,097 [grpc-default-executor-9] INFO  server.RaftServer$Division (RaftServerImpl.java:checkInconsistentAppendEntries(1319)) - omNode-1@group-523986131536: Failed appendEntries as previous log entry ((t:9, i:35)) is not found
2021-10-17 01:40:51,097 [grpc-default-executor-9] INFO  server.RaftServer$Division (RaftServerImpl.java:checkInconsistentAppendEntries(1285)) - omNode-1@group-523986131536: inconsistency entries. Reply:omNode-2<-omNode-1#11682:FAIL-t9,INCONSISTENCY,nextIndex=21,followerCommit=20
2021-10-17 01:40:51,097 [grpc-default-executor-9] INFO  leader.FollowerInfo (FollowerInfoImpl.java:lambda$new$0(46)) - omNode-2@group-523986131536->omNode-1: nextIndex: updateUnconditionally 36 -> 21
2021-10-17 01:40:51,599 [grpc-default-executor-3] INFO  server.RaftServer$Division (RaftServerImpl.java:checkInconsistentAppendEntries(1319)) - omNode-1@group-523986131536: Failed appendEntries as previous log entry ((t:9, i:35)) is not found
2021-10-17 01:40:51,599 [grpc-default-executor-3] INFO  server.RaftServer$Division (RaftServerImpl.java:checkInconsistentAppendEntries(1285)) - omNode-1@group-523986131536: inconsistency entries. Reply:omNode-2<-omNode-1#11733:FAIL-t9,INCONSISTENCY,nextIndex=21,followerCommit=20
2021-10-17 01:40:51,600 [grpc-default-executor-3] INFO  leader.FollowerInfo (FollowerInfoImpl.java:lambda$new$0(46)) - omNode-2@group-523986131536->omNode-1: nextIndex: updateUnconditionally 36 -> 21
2021-10-17 01:40:52,101 [grpc-default-executor-3] INFO  server.RaftServer$Division (RaftServerImpl.java:checkInconsistentAppendEntries(1319)) - omNode-1@group-523986131536: Failed appendEntries as previous log entry ((t:9, i:35)) is not found
2021-10-17 01:40:52,102 [grpc-default-executor-3] INFO  server.RaftServer$Division (RaftServerImpl.java:checkInconsistentAppendEntries(1285)) - omNode-1@group-523986131536: inconsistency entries. Reply:omNode-2<-omNode-1#11784:FAIL-t9,INCONSISTENCY,nextIndex=21,followerCommit=20
2021-10-17 01:40:52,102 [grpc-default-executor-3] INFO  leader.FollowerInfo (FollowerInfoImpl.java:lambda$new$0(46)) - omNode-2@group-523986131536->omNode-1: nextIndex: updateUnconditionally 36 -> 21
2021-10-17 01:40:52,603 [grpc-default-executor-3] INFO  server.RaftServer$Division (RaftServerImpl.java:checkInconsistentAppendEntries(1319)) - omNode-1@group-523986131536: Failed appendEntries as previous log entry ((t:9, i:35)) is not found
2021-10-17 01:40:52,603 [grpc-default-executor-3] INFO  server.RaftServer$Division (RaftServerImpl.java:checkInconsistentAppendEntries(1285)) - omNode-1@group-523986131536: inconsistency entries. Reply:omNode-2<-omNode-1#11835:FAIL-t9,INCONSISTENCY,nextIndex=21,followerCommit=20
2021-10-17 01:40:52,604 [grpc-default-executor-3] INFO  leader.FollowerInfo (FollowerInfoImpl.java:lambda$new$0(46)) - omNode-2@group-523986131536->omNode-1: nextIndex: updateUnconditionally 36 -> 21
2021-10-17 01:40:53,106 [grpc-default-executor-3] INFO  server.RaftServer$Division (RaftServerImpl.java:checkInconsistentAppendEntries(1319)) - omNode-1@group-523986131536: Failed appendEntries as previous log entry ((t:9, i:35)) is not found
2021-10-17 01:40:53,106 [grpc-default-executor-3] INFO  server.RaftServer$Division (RaftServerImpl.java:checkInconsistentAppendEntries(1285)) - omNode-1@group-523986131536: inconsistency entries. Reply:omNode-2<-omNode-1#11886:FAIL-t9,INCONSISTENCY,nextIndex=21,followerCommit=20
2021-10-17 01:40:53,106 [grpc-default-executor-3] INFO  leader.FollowerInfo (FollowerInfoImpl.java:lambda$new$0(46)) - omNode-2@group-523986131536->omNode-1: nextIndex: updateUnconditionally 36 -> 21
2021-10-17 01:40:53,608 [grpc-default-executor-3] INFO  server.RaftServer$Division (RaftServerImpl.java:checkInconsistentAppendEntries(1319)) - omNode-1@group-523986131536: Failed appendEntries as previous log entry ((t:9, i:35)) is not found
2021-10-17 01:40:53,608 [grpc-default-executor-3] INFO  server.RaftServer$Division (RaftServerImpl.java:checkInconsistentAppendEntries(1285)) - omNode-1@group-523986131536: inconsistency entries. Reply:omNode-2<-omNode-1#11937:FAIL-t9,INCONSISTENCY,nextIndex=21,followerCommit=20
2021-10-17 01:40:53,609 [grpc-default-executor-3] INFO  leader.FollowerInfo (FollowerInfoImpl.java:lambda$new$0(46)) - omNode-2@group-523986131536->omNode-1: nextIndex: updateUnconditionally 36 -> 21
2021-10-17 01:40:54,111 [grpc-default-executor-7] INFO  server.RaftServer$Division (RaftServerImpl.java:checkInconsistentAppendEntries(1319)) - omNode-1@group-523986131536: Failed appendEntries as previous log entry ((t:9, i:35)) is not found
2021-10-17 01:40:54,111 [grpc-default-executor-7] INFO  server.RaftServer$Division (RaftServerImpl.java:checkInconsistentAppendEntries(1285)) - omNode-1@group-523986131536: inconsistency entries. Reply:omNode-2<-omNode-1#11988:FAIL-t9,INCONSISTENCY,nextIndex=21,followerCommit=20
2021-10-17 01:40:54,111 [grpc-default-executor-7] INFO  leader.FollowerInfo (FollowerInfoImpl.java:lambda$new$0(46)) - omNode-2@group-523986131536->omNode-1: nextIndex: updateUnconditionally 36 -> 21
2021-10-17 01:40:54,613 [grpc-default-executor-7] INFO  server.RaftServer$Division (RaftServerImpl.java:checkInconsistentAppendEntries(1319)) - omNode-1@group-523986131536: Failed appendEntries as previous log entry ((t:9, i:35)) is not found
2021-10-17 01:40:54,613 [grpc-default-executor-7] INFO  server.RaftServer$Division (RaftServerImpl.java:checkInconsistentAppendEntries(1285)) - omNode-1@group-523986131536: inconsistency entries. Reply:omNode-2<-omNode-1#12039:FAIL-t9,INCONSISTENCY,nextIndex=21,followerCommit=20
2021-10-17 01:40:54,613 [grpc-default-executor-7] INFO  leader.FollowerInfo (FollowerInfoImpl.java:lambda$new$0(46)) - omNode-2@group-523986131536->omNode-1: nextIndex: updateUnconditionally 36 -> 21
2021-10-17 01:40:55,115 [grpc-default-executor-7] INFO  server.RaftServer$Division (RaftServerImpl.java:checkInconsistentAppendEntries(1319)) - omNode-1@group-523986131536: Failed appendEntries as previous log entry ((t:9, i:35)) is not found
2021-10-17 01:40:55,116 [grpc-default-executor-7] INFO  server.RaftServer$Division (RaftServerImpl.java:checkInconsistentAppendEntries(1285)) - omNode-1@group-523986131536: inconsistency entries. Reply:omNode-2<-omNode-1#12090:FAIL-t9,INCONSISTENCY,nextIndex=21,followerCommit=20
2021-10-17 01:40:55,116 [grpc-default-executor-7] INFO  leader.FollowerInfo (FollowerInfoImpl.java:lambda$new$0(46)) - omNode-2@group-523986131536->omNode-1: nextIndex: updateUnconditionally 36 -> 21
2021-10-17 01:40:55,618 [grpc-default-executor-7] INFO  server.RaftServer$Division (RaftServerImpl.java:checkInconsistentAppendEntries(1319)) - omNode-1@group-523986131536: Failed appendEntries as previous log entry ((t:9, i:35)) is not found
2021-10-17 01:40:55,618 [grpc-default-executor-7] INFO  server.RaftServer$Division (RaftServerImpl.java:checkInconsistentAppendEntries(1285)) - omNode-1@group-523986131536: inconsistency entries. Reply:omNode-2<-omNode-1#12141:FAIL-t9,INCONSISTENCY,nextIndex=21,followerCommit=20
2021-10-17 01:40:55,618 [grpc-default-executor-7] INFO  leader.FollowerInfo (FollowerInfoImpl.java:lambda$new$0(46)) - omNode-2@group-523986131536->omNode-1: nextIndex: updateUnconditionally 36 -> 21
2021-10-17 01:40:56,120 [grpc-default-executor-7] INFO  server.RaftServer$Division (RaftServerImpl.java:checkInconsistentAppendEntries(1319)) - omNode-1@group-523986131536: Failed appendEntries as previous log entry ((t:9, i:35)) is not found
2021-10-17 01:40:56,121 [grpc-default-executor-7] INFO  server.RaftServer$Division (RaftServerImpl.java:checkInconsistentAppendEntries(1285)) - omNode-1@group-523986131536: inconsistency entries. Reply:omNode-2<-omNode-1#12192:FAIL-t9,INCONSISTENCY,nextIndex=21,followerCommit=20
2021-10-17 01:40:56,121 [grpc-default-executor-7] INFO  leader.FollowerInfo (FollowerInfoImpl.java:lambda$new$0(46)) - omNode-2@group-523986131536->omNode-1: nextIndex: updateUnconditionally 36 -> 21
2021-10-17 01:40:56,622 [grpc-default-executor-9] INFO  server.RaftServer$Division (RaftServerImpl.java:checkInconsistentAppendEntries(1319)) - omNode-1@group-523986131536: Failed appendEntries as previous log entry ((t:9, i:35)) is not found
2021-10-17 01:40:56,623 [grpc-default-executor-9] INFO  server.RaftServer$Division (RaftServerImpl.java:checkInconsistentAppendEntries(1285)) - omNode-1@group-523986131536: inconsistency entries. Reply:omNode-2<-omNode-1#12243:FAIL-t9,INCONSISTENCY,nextIndex=21,followerCommit=20
2021-10-17 01:40:56,623 [grpc-default-executor-9] INFO  leader.FollowerInfo (FollowerInfoImpl.java:lambda$new$0(46)) - omNode-2@group-523986131536->omNode-1: nextIndex: updateUnconditionally 36 -> 21
2021-10-17 01:40:57,062 [Time-limited test] INFO  om.OzoneManager (OzoneManager.java:stop(1664)) - Stopping Ozone Manager
2021-10-17 01:40:57,062 [Time-limited test] INFO  ipc.Server (Server.java:stop(3414)) - Stopping server on 11184
2021-10-17 01:40:57,066 [IPC Server listener on 11184] INFO  ipc.Server (Server.java:run(1376)) - Stopping IPC Server listener on 11184
2021-10-17 01:40:57,068 [IPC Server Responder] INFO  ipc.Server (Server.java:run(1512)) - Stopping IPC Server Responder
2021-10-17 01:40:57,068 [Time-limited test] INFO  server.RaftServer (RaftServerProxy.java:lambda$close$6(391)) - omNode-3: close
2021-10-17 01:40:57,069 [Time-limited test] INFO  server.RaftServer$Division (RaftServerImpl.java:lambda$close$4(407)) - omNode-3@group-523986131536: shutdown
2021-10-17 01:40:57,069 [Time-limited test] INFO  util.JmxRegister (JmxRegister.java:unregister(73)) - Successfully un-registered JMX Bean with object name Ratis:service=RaftServer,group=group-523986131536,id=omNode-3
2021-10-17 01:40:57,069 [Time-limited test] INFO  impl.RoleInfo (RoleInfo.java:shutdownFollowerState(108)) - omNode-3: shutdown omNode-3@group-523986131536-FollowerState
2021-10-17 01:40:57,069 [omNode-3@group-523986131536-FollowerState] INFO  impl.FollowerState (FollowerState.java:run(143)) - omNode-3@group-523986131536-FollowerState was interrupted: {}
java.lang.InterruptedException: sleep interrupted
	at java.lang.Thread.sleep(Native Method)
	at java.lang.Thread.sleep(Thread.java:340)
	at java.util.concurrent.TimeUnit.sleep(TimeUnit.java:386)
	at org.apache.ratis.util.TimeDuration.sleep(TimeDuration.java:324)
	at org.apache.ratis.util.TimeDuration.sleep(TimeDuration.java:309)
	at org.apache.ratis.server.impl.FollowerState.run(FollowerState.java:118)
2021-10-17 01:40:57,069 [omNode-3@group-523986131536-StateMachineUpdater] INFO  ratis.OzoneManagerStateMachine (OzoneManagerStateMachine.java:takeSnapshot(417)) - Current Snapshot Index (t:9, i:35)
2021-10-17 01:40:57,069 [omNode-3@group-523986131536-StateMachineUpdater] INFO  impl.StateMachineUpdater (StateMachineUpdater.java:takeSnapshot(281)) - omNode-3@group-523986131536-StateMachineUpdater: Took a snapshot at index 35
2021-10-17 01:40:57,070 [omNode-3@group-523986131536-StateMachineUpdater] INFO  impl.StateMachineUpdater (StateMachineUpdater.java:lambda$new$0(89)) - omNode-3@group-523986131536-StateMachineUpdater: snapshotIndex: updateIncreasingly 30 -> 35
2021-10-17 01:40:57,070 [omNode-3@group-523986131536-StateMachineUpdater] INFO  ratis.OzoneManagerStateMachine (OzoneManagerStateMachine.java:close(471)) - StateMachine has shutdown. Shutdown OzoneManager if not already shutdown.
2021-10-17 01:40:57,070 [Time-limited test] INFO  impl.StateMachineUpdater (StateMachineUpdater.java:stopAndJoin(149)) - omNode-3@group-523986131536-StateMachineUpdater: set stopIndex = 35
2021-10-17 01:40:57,072 [Time-limited test] INFO  server.RaftServer$Division (ServerState.java:close(419)) - omNode-3@group-523986131536: closes. applyIndex: 35
2021-10-17 01:40:57,072 [omNode-3@group-523986131536-SegmentedRaftLogWorker] INFO  segmented.SegmentedRaftLogWorker (SegmentedRaftLogWorker.java:run(327)) - omNode-3@group-523986131536-SegmentedRaftLogWorker was interrupted, exiting. There are 0 tasks remaining in the queue.
2021-10-17 01:40:57,074 [Time-limited test] INFO  segmented.SegmentedRaftLogWorker (SegmentedRaftLogWorker.java:close(237)) - omNode-3@group-523986131536-SegmentedRaftLogWorker close()
2021-10-17 01:40:57,075 [Time-limited test] INFO  server.GrpcService (GrpcService.java:closeImpl(262)) - omNode-3: shutdown server with port 11188 now
2021-10-17 01:40:57,078 [grpc-default-executor-7] WARN  server.GrpcServerProtocolService (LogUtils.java:warn(122)) - omNode-3: installSnapshot onError, lastRequest: omNode-2->omNode-3#61-t9,previous=(t:9, i:34),leaderCommit=34,initializing? true,entries: size=1, first=(t:9, i:35), METADATAENTRY(c:34): org.apache.ratis.thirdparty.io.grpc.StatusRuntimeException: CANCELLED: client cancelled
2021-10-17 01:40:57,079 [grpc-default-executor-7] WARN  server.GrpcLogAppender (LogUtils.java:warn(122)) - omNode-2@group-523986131536->omNode-3-AppendLogResponseHandler: Failed appendEntries: org.apache.ratis.thirdparty.io.grpc.StatusRuntimeException: CANCELLED: HTTP/2 error code: CANCEL
Received Rst Stream
2021-10-17 01:40:57,079 [grpc-default-executor-7] INFO  leader.FollowerInfo (FollowerInfoImpl.java:lambda$new$0(46)) - omNode-2@group-523986131536->omNode-3: nextIndex: updateUnconditionally 36 -> 35
2021-10-17 01:40:57,082 [grpc-default-executor-9] WARN  server.GrpcLogAppender (LogUtils.java:warn(122)) - omNode-2@group-523986131536->omNode-3-AppendLogResponseHandler: Failed appendEntries: org.apache.ratis.thirdparty.io.grpc.StatusRuntimeException: UNAVAILABLE: io exception
2021-10-17 01:40:57,082 [grpc-default-executor-9] INFO  leader.FollowerInfo (FollowerInfoImpl.java:lambda$new$0(46)) - omNode-2@group-523986131536->omNode-3: nextIndex: updateUnconditionally 36 -> 35
2021-10-17 01:40:57,090 [Time-limited test] INFO  server.GrpcService (GrpcService.java:closeImpl(271)) - omNode-3: shutdown server with port 11188 successfully
2021-10-17 01:40:57,090 [org.apache.ratis.util.JvmPauseMonitor$$Lambda$523/1638607820@71fd865e] INFO  util.JvmPauseMonitor (JvmPauseMonitor.java:run(109)) - JvmPauseMonitor-omNode-3: Stopped
2021-10-17 01:40:57,090 [Time-limited test] INFO  ratis.OzoneManagerDoubleBuffer (OzoneManagerDoubleBuffer.java:stop(437)) - Stopping OMDoubleBuffer flush thread
2021-10-17 01:40:57,090 [OMDoubleBufferFlushThread] INFO  ratis.OzoneManagerDoubleBuffer (OzoneManagerDoubleBuffer.java:flushTransactions(356)) - OMDoubleBuffer flush thread OMDoubleBufferFlushThread is interrupted and will exit. OMDoubleBufferFlushThread
2021-10-17 01:40:57,091 [Time-limited test] INFO  handler.ContextHandler (ContextHandler.java:doStop(1153)) - Stopped o.e.j.w.WebAppContext@1a79e7b{ozoneManager,/,null,STOPPED}{file:/home/runner/work/ozone/ozone/hadoop-ozone/integration-test/target/test-classes/webapps/ozoneManager}
2021-10-17 01:40:57,091 [Time-limited test] INFO  server.AbstractConnector (AbstractConnector.java:doStop(381)) - Stopped ServerConnector@1f68ec94{HTTP/1.1, (http/1.1)}{0.0.0.0:11186}
2021-10-17 01:40:57,091 [Time-limited test] INFO  server.session (HouseKeeper.java:stopScavenging(149)) - node0 Stopped scavenging
2021-10-17 01:40:57,092 [Time-limited test] INFO  handler.ContextHandler (ContextHandler.java:doStop(1153)) - Stopped o.e.j.s.ServletContextHandler@4aab1dd7{static,/static,file:///home/runner/work/ozone/ozone/hadoop-ozone/integration-test/target/test-classes/webapps/static,STOPPED}
2021-10-17 01:40:57,092 [Time-limited test] INFO  handler.ContextHandler (ContextHandler.java:doStop(1153)) - Stopped o.e.j.s.ServletContextHandler@427756e7{logs,/logs,file:///home/runner/work/ozone/ozone/hadoop-ozone/integration-test/target/log,STOPPED}
2021-10-17 01:40:57,099 [Time-limited test] INFO  om.OzoneManager (OzoneManager.java:initFSOLayout(4357)) - Configured ozone.om.metadata.layout=SIMPLE and disabled optimized OM FS operations
2021-10-17 01:40:57,099 [Time-limited test] INFO  om.OzoneManager (OzoneManager.java:restart(1385)) - OzoneManager RPC server is listening at localhost/127.0.0.1:11184
2021-10-17 01:40:57,099 [Time-limited test] INFO  impl.MetricsSystemImpl (MetricsSystemImpl.java:init(158)) - OzoneManager metrics system started (again)
2021-10-17 01:40:57,113 [Time-limited test] WARN  server.ServerUtils (ServerUtils.java:getDBPath(225)) - ozone.om.db.dirs is not configured. We recommend adding this setting. Falling back to ozone.metadata.dirs instead.
2021-10-17 01:40:57,113 [Time-limited test] INFO  codec.OmKeyInfoCodec (OmKeyInfoCodec.java:<init>(51)) - OmKeyInfoCodec ignorePipeline = true
2021-10-17 01:40:57,113 [Time-limited test] INFO  codec.RepeatedOmKeyInfoCodec (RepeatedOmKeyInfoCodec.java:<init>(42)) - RepeatedOmKeyInfoCodec ignorePipeline = true
2021-10-17 01:40:57,125 [grpc-default-executor-9] INFO  server.RaftServer$Division (RaftServerImpl.java:checkInconsistentAppendEntries(1319)) - omNode-1@group-523986131536: Failed appendEntries as previous log entry ((t:9, i:35)) is not found
2021-10-17 01:40:57,125 [grpc-default-executor-9] INFO  server.RaftServer$Division (RaftServerImpl.java:checkInconsistentAppendEntries(1285)) - omNode-1@group-523986131536: inconsistency entries. Reply:omNode-2<-omNode-1#12293:FAIL-t9,INCONSISTENCY,nextIndex=21,followerCommit=20
2021-10-17 01:40:57,125 [grpc-default-executor-9] INFO  leader.FollowerInfo (FollowerInfoImpl.java:lambda$new$0(46)) - omNode-2@group-523986131536->omNode-1: nextIndex: updateUnconditionally 36 -> 21
2021-10-17 01:40:57,157 [Time-limited test] WARN  impl.MetricRegistriesImpl (MetricRegistriesImpl.java:addReporterRegistration(111)) - New reporters are added after registries were created. Some metrics will be missing from the reporter. Please add reporter before adding any new registry.
2021-10-17 01:40:57,157 [Time-limited test] WARN  impl.MetricRegistriesImpl (MetricRegistriesImpl.java:addReporterRegistration(111)) - New reporters are added after registries were created. Some metrics will be missing from the reporter. Please add reporter before adding any new registry.
2021-10-17 01:40:57,157 [Time-limited test] WARN  server.ServerUtils (ServerUtils.java:getDefaultRatisDirectory(237)) - Storage directory for Ratis is not configured. It is a good idea to map this to an SSD disk. Falling back to ozone.metadata.dirs
2021-10-17 01:40:57,158 [Time-limited test] INFO  ratis.OzoneManagerRatisServer (OzoneManagerRatisServer.java:<init>(159)) - Instantiating OM Ratis server with groupID: om-service-test1 and peers: localhost:11188, localhost:11176, localhost:11182
2021-10-17 01:40:57,158 [Time-limited test] INFO  ratis.OzoneManagerStateMachine (OzoneManagerStateMachine.java:loadSnapshotInfoFromDB(605)) - LastAppliedIndex is set from TransactionInfo from OM DB as (t:9, i:35)
2021-10-17 01:40:57,159 [Time-limited test] INFO  server.RaftServer (ConfUtils.java:logGet(44)) - raft.rpc.type = GRPC (default)
2021-10-17 01:40:57,159 [Time-limited test] INFO  grpc.GrpcFactory (GrpcFactory.java:checkPooledByteBufAllocatorUseCacheForAllThreads(48)) - PERFORMANCE WARNING: useCacheForAllThreads is true that may cause Netty to create a lot garbage objects and, as a result, trigger GC.
	It is recommended to disable useCacheForAllThreads by setting -Dorg.apache.ratis.thirdparty.io.netty.allocator.useCacheForAllThreads=false in command line.
2021-10-17 01:40:57,159 [Time-limited test] INFO  grpc.GrpcConfigKeys (ConfUtils.java:logGet(44)) - raft.grpc.admin.port = -1 (default)
2021-10-17 01:40:57,159 [Time-limited test] INFO  grpc.GrpcConfigKeys (ConfUtils.java:logGet(44)) - raft.grpc.server.port = 11188 (custom)
2021-10-17 01:40:57,159 [Time-limited test] INFO  grpc.GrpcConfigKeys (ConfUtils.java:logGet(44)) - raft.grpc.client.port = -1 (default)
2021-10-17 01:40:57,159 [Time-limited test] INFO  grpc.GrpcConfigKeys (ConfUtils.java:logGet(44)) - raft.grpc.server.port = 11188 (custom)
2021-10-17 01:40:57,159 [Time-limited test] INFO  grpc.GrpcConfigKeys (ConfUtils.java:logGet(44)) - raft.grpc.server.port = 11188 (custom)
2021-10-17 01:40:57,159 [Time-limited test] INFO  server.GrpcService (ConfUtils.java:logGet(44)) - raft.grpc.message.size.max = 33554432 (custom)
2021-10-17 01:40:57,159 [Time-limited test] INFO  server.RaftServerConfigKeys (ConfUtils.java:logGet(44)) - raft.server.log.appender.buffer.byte-limit = 33554432 (custom)
2021-10-17 01:40:57,159 [Time-limited test] INFO  server.GrpcService (ConfUtils.java:logGet(44)) - raft.grpc.flow.control.window = 1MB (=1048576) (default)
2021-10-17 01:40:57,159 [Time-limited test] INFO  server.RaftServerConfigKeys (ConfUtils.java:logGet(44)) - raft.server.rpc.request.timeout = 3000ms (default)
2021-10-17 01:40:57,161 [Time-limited test] INFO  impl.DataStreamServerImpl (ConfUtils.java:logGet(44)) - raft.datastream.type = DISABLED (default)
2021-10-17 01:40:57,161 [Time-limited test] INFO  server.RaftServerConfigKeys (ConfUtils.java:logGet(44)) - raft.server.rpc.slowness.timeout = 2s (custom)
2021-10-17 01:40:57,161 [Time-limited test] INFO  server.RaftServerConfigKeys (ConfUtils.java:logGet(44)) - raft.server.leaderelection.leader.step-down.wait-time = 10s (default)
2021-10-17 01:40:57,161 [Time-limited test] INFO  server.RaftServerConfigKeys (ConfUtils.java:logGet(44)) - raft.server.storage.dir = [/home/runner/work/ozone/ozone/hadoop-ozone/integration-test/target/test-dir/MiniOzoneClusterImpl-e6b5673d-0e05-4a61-970a-b11d77d0bde6/omNode-3/ratis] (custom)
2021-10-17 01:40:57,161 [Time-limited test] INFO  server.RaftServer (RaftServerProxy.java:lambda$null$1(235)) - omNode-3: found a subdirectory /home/runner/work/ozone/ozone/hadoop-ozone/integration-test/target/test-dir/MiniOzoneClusterImpl-e6b5673d-0e05-4a61-970a-b11d77d0bde6/omNode-3/ratis/c9bc4cf4-3bc3-3c60-a66b-523986131536
2021-10-17 01:40:57,162 [Time-limited test] INFO  server.RaftServer (RaftServerProxy.java:addNew(95)) - omNode-3: addNew group-523986131536:[omNode-3|rpc:localhost:11188|priority:0, omNode-1|rpc:localhost:11176|priority:0, omNode-2|rpc:localhost:11182|priority:0] returns group-523986131536:java.util.concurrent.CompletableFuture@534986d1[Not completed]
2021-10-17 01:40:57,162 [Time-limited test] INFO  om.OzoneManager (OzoneManager.java:initializeRatisServer(1605)) - OzoneManager Ratis server initialized at port 11188
2021-10-17 01:40:57,162 [Time-limited test] INFO  ratis.OzoneManagerRatisServer (OzoneManagerRatisServer.java:start(520)) - Starting OzoneManagerRatisServer omNode-3 at port 11188
2021-10-17 01:40:57,162 [pool-351-thread-1] INFO  server.RaftServer$Division (RaftServerImpl.java:<init>(181)) - omNode-3: new RaftServerImpl for group-523986131536:[omNode-3|rpc:localhost:11188|priority:0, omNode-1|rpc:localhost:11176|priority:0, omNode-2|rpc:localhost:11182|priority:0] with OzoneManagerStateMachine:uninitialized
2021-10-17 01:40:57,163 [pool-351-thread-1] INFO  server.RaftServerConfigKeys (ConfUtils.java:logGet(44)) - raft.server.rpc.timeout.min = 1s (custom)
2021-10-17 01:40:57,163 [pool-351-thread-1] INFO  server.RaftServerConfigKeys (ConfUtils.java:logGet(44)) - raft.server.rpc.timeout.max = 1200ms (custom)
2021-10-17 01:40:57,163 [pool-351-thread-1] INFO  server.RaftServerConfigKeys (ConfUtils.java:logGet(44)) - raft.server.rpc.sleep.time = 25ms (default)
2021-10-17 01:40:57,163 [pool-351-thread-1] INFO  server.RaftServerConfigKeys (ConfUtils.java:logGet(44)) - raft.server.rpc.slowness.timeout = 2s (custom)
2021-10-17 01:40:57,163 [pool-351-thread-1] INFO  server.RaftServerConfigKeys (ConfUtils.java:logGet(44)) - raft.server.leaderelection.leader.step-down.wait-time = 10s (default)
2021-10-17 01:40:57,163 [pool-351-thread-1] INFO  server.RaftServerConfigKeys (ConfUtils.java:logGet(44)) - raft.server.sleep.deviation.threshold = 300ms (default)
2021-10-17 01:40:57,163 [pool-351-thread-1] INFO  server.RaftServerConfigKeys (ConfUtils.java:logGet(44)) - raft.server.log.appender.install.snapshot.enabled = false (custom)
2021-10-17 01:40:57,163 [pool-351-thread-1] INFO  server.RaftServer$Division (ServerState.java:<init>(105)) - omNode-3@group-523986131536: ConfigurationManager, init=-1: [omNode-3|rpc:localhost:11188|priority:0, omNode-1|rpc:localhost:11176|priority:0, omNode-2|rpc:localhost:11182|priority:0], old=null, confs=<EMPTY_MAP>
2021-10-17 01:40:57,164 [pool-351-thread-1] INFO  server.RaftServerConfigKeys (ConfUtils.java:logGet(44)) - raft.server.storage.dir = [/home/runner/work/ozone/ozone/hadoop-ozone/integration-test/target/test-dir/MiniOzoneClusterImpl-e6b5673d-0e05-4a61-970a-b11d77d0bde6/omNode-3/ratis] (custom)
2021-10-17 01:40:57,164 [pool-351-thread-1] INFO  server.RaftServerConfigKeys (ConfUtils.java:logGet(44)) - raft.server.log.corruption.policy = EXCEPTION (default)
2021-10-17 01:40:57,164 [pool-351-thread-1] INFO  server.RaftServerConfigKeys (ConfUtils.java:logGet(44)) - raft.server.storage.free-space.min = 0MB (=0) (default)
2021-10-17 01:40:57,165 [pool-351-thread-1] INFO  storage.RaftStorageDirectory (RaftStorageDirectoryImpl.java:tryLock(230)) - Lock on /home/runner/work/ozone/ozone/hadoop-ozone/integration-test/target/test-dir/MiniOzoneClusterImpl-e6b5673d-0e05-4a61-970a-b11d77d0bde6/omNode-3/ratis/c9bc4cf4-3bc3-3c60-a66b-523986131536/in_use.lock acquired by nodename 15180@fv-az151-444
2021-10-17 01:40:57,165 [pool-351-thread-1] INFO  storage.RaftStorage (RaftStorageImpl.java:analyzeAndRecoverStorage(110)) - Read RaftStorageMetadata{term=9, votedFor=omNode-2} from /home/runner/work/ozone/ozone/hadoop-ozone/integration-test/target/test-dir/MiniOzoneClusterImpl-e6b5673d-0e05-4a61-970a-b11d77d0bde6/omNode-3/ratis/c9bc4cf4-3bc3-3c60-a66b-523986131536/current/raft-meta
2021-10-17 01:40:57,165 [pool-351-thread-1] INFO  server.RaftServer$Division (ServerState.java:setRaftConf(387)) - omNode-3@group-523986131536: set configuration 32: [omNode-3|rpc:localhost:11188|admin:|client:|dataStream:|priority:0, omNode-1|rpc:localhost:11176|admin:|client:|dataStream:|priority:0, omNode-2|rpc:localhost:11182|admin:|client:|dataStream:|priority:0], old=null
2021-10-17 01:40:57,165 [pool-351-thread-1] INFO  server.RaftServerConfigKeys (ConfUtils.java:logGet(44)) - raft.server.notification.no-leader.timeout = 2s (custom)
2021-10-17 01:40:57,165 [pool-351-thread-1] INFO  server.RaftServerConfigKeys (ConfUtils.java:logGet(44)) - raft.server.log.use.memory = false (default)
2021-10-17 01:40:57,165 [pool-351-thread-1] INFO  server.RaftServerConfigKeys (ConfUtils.java:logGet(44)) - raft.server.log.purge.gap = 50 (custom)
2021-10-17 01:40:57,165 [pool-351-thread-1] INFO  server.RaftServerConfigKeys (ConfUtils.java:logGet(44)) - raft.server.log.appender.buffer.byte-limit = 33554432 (custom)
2021-10-17 01:40:57,166 [pool-351-thread-1] INFO  server.RaftServerConfigKeys (ConfUtils.java:logGet(44)) - raft.server.log.segment.size.max = 4194304 (custom)
2021-10-17 01:40:57,166 [pool-351-thread-1] INFO  server.RaftServerConfigKeys (ConfUtils.java:logGet(44)) - raft.server.log.segment.cache.num.max = 2 (custom)
2021-10-17 01:40:57,166 [pool-351-thread-1] INFO  server.RaftServerConfigKeys (ConfUtils.java:logGet(44)) - raft.server.log.segment.cache.size.max = 200MB (=209715200) (default)
2021-10-17 01:40:57,166 [pool-351-thread-1] INFO  segmented.SegmentedRaftLogWorker (SegmentedRaftLogWorker.java:<init>(182)) - new omNode-3@group-523986131536-SegmentedRaftLogWorker for RaftStorageImpl:Storage Directory /home/runner/work/ozone/ozone/hadoop-ozone/integration-test/target/test-dir/MiniOzoneClusterImpl-e6b5673d-0e05-4a61-970a-b11d77d0bde6/omNode-3/ratis/c9bc4cf4-3bc3-3c60-a66b-523986131536
2021-10-17 01:40:57,166 [pool-351-thread-1] INFO  server.RaftServerConfigKeys (ConfUtils.java:logGet(44)) - raft.server.log.queue.byte-limit = 64MB (=67108864) (default)
2021-10-17 01:40:57,166 [pool-351-thread-1] INFO  server.RaftServerConfigKeys (ConfUtils.java:logGet(44)) - raft.server.log.queue.element-limit = 4096 (default)
2021-10-17 01:40:57,166 [pool-351-thread-1] INFO  server.RaftServerConfigKeys (ConfUtils.java:logGet(44)) - raft.server.log.segment.size.max = 4194304 (custom)
2021-10-17 01:40:57,166 [pool-351-thread-1] INFO  server.RaftServerConfigKeys (ConfUtils.java:logGet(44)) - raft.server.log.preallocated.size = 4194304 (custom)
2021-10-17 01:40:57,166 [pool-351-thread-1] INFO  server.RaftServerConfigKeys (ConfUtils.java:logGet(44)) - raft.server.log.force.sync.num = 128 (default)
2021-10-17 01:40:57,166 [pool-351-thread-1] INFO  server.RaftServerConfigKeys (ConfUtils.java:logGet(44)) - raft.server.log.statemachine.data.sync = true (default)
2021-10-17 01:40:57,166 [pool-351-thread-1] INFO  server.RaftServerConfigKeys (ConfUtils.java:logGet(44)) - raft.server.log.statemachine.data.sync.timeout = 10s (default)
2021-10-17 01:40:57,166 [pool-351-thread-1] INFO  server.RaftServerConfigKeys (ConfUtils.java:logGet(44)) - raft.server.log.statemachine.data.sync.timeout.retry = -1 (default)
2021-10-17 01:40:57,167 [pool-351-thread-1] INFO  server.RaftServerConfigKeys (ConfUtils.java:logGet(44)) - raft.server.log.write.buffer.size = 64KB (=65536) (default)
2021-10-17 01:40:57,167 [pool-351-thread-1] INFO  server.RaftServerConfigKeys (ConfUtils.java:logGet(44)) - raft.server.log.statemachine.data.caching.enabled = false (default)
2021-10-17 01:40:57,168 [pool-351-thread-1] INFO  server.RaftServer$Division (ServerState.java:setRaftConf(387)) - omNode-3@group-523986131536: set configuration 21: [omNode-3|rpc:localhost:11188|admin:|client:|dataStream:|priority:0, omNode-1|rpc:localhost:11176|admin:|client:|dataStream:|priority:0, omNode-2|rpc:localhost:11182|admin:|client:|dataStream:|priority:0], old=null
2021-10-17 01:40:57,168 [pool-351-thread-1] INFO  segmented.LogSegment (LogSegment.java:loadSegment(173)) - Successfully read 2 entries from segment file /home/runner/work/ozone/ozone/hadoop-ozone/integration-test/target/test-dir/MiniOzoneClusterImpl-e6b5673d-0e05-4a61-970a-b11d77d0bde6/omNode-3/ratis/c9bc4cf4-3bc3-3c60-a66b-523986131536/current/log_21-22
2021-10-17 01:40:57,168 [pool-351-thread-1] INFO  server.RaftServer$Division (ServerState.java:setRaftConf(387)) - omNode-3@group-523986131536: set configuration 23: [omNode-3|rpc:localhost:11188|admin:|client:|dataStream:|priority:0, omNode-1|rpc:localhost:11176|admin:|client:|dataStream:|priority:0, omNode-2|rpc:localhost:11182|admin:|client:|dataStream:|priority:0], old=null
2021-10-17 01:40:57,168 [pool-351-thread-1] INFO  segmented.LogSegment (LogSegment.java:loadSegment(173)) - Successfully read 4 entries from segment file /home/runner/work/ozone/ozone/hadoop-ozone/integration-test/target/test-dir/MiniOzoneClusterImpl-e6b5673d-0e05-4a61-970a-b11d77d0bde6/omNode-3/ratis/c9bc4cf4-3bc3-3c60-a66b-523986131536/current/log_23-26
2021-10-17 01:40:57,168 [pool-351-thread-1] INFO  server.RaftServer$Division (ServerState.java:setRaftConf(387)) - omNode-3@group-523986131536: set configuration 27: [omNode-3|rpc:localhost:11188|admin:|client:|dataStream:|priority:0, omNode-1|rpc:localhost:11176|admin:|client:|dataStream:|priority:0, omNode-2|rpc:localhost:11182|admin:|client:|dataStream:|priority:0], old=null
2021-10-17 01:40:57,168 [pool-351-thread-1] INFO  segmented.LogSegment (LogSegment.java:loadSegment(173)) - Successfully read 4 entries from segment file /home/runner/work/ozone/ozone/hadoop-ozone/integration-test/target/test-dir/MiniOzoneClusterImpl-e6b5673d-0e05-4a61-970a-b11d77d0bde6/omNode-3/ratis/c9bc4cf4-3bc3-3c60-a66b-523986131536/current/log_27-30
2021-10-17 01:40:57,168 [pool-351-thread-1] INFO  server.RaftServer$Division (ServerState.java:setRaftConf(387)) - omNode-3@group-523986131536: set configuration 31: [omNode-3|rpc:localhost:11188|admin:|client:|dataStream:|priority:0, omNode-1|rpc:localhost:11176|admin:|client:|dataStream:|priority:0, omNode-2|rpc:localhost:11182|admin:|client:|dataStream:|priority:0], old=null
2021-10-17 01:40:57,168 [pool-351-thread-1] INFO  segmented.LogSegment (LogSegment.java:loadSegment(173)) - Successfully read 1 entries from segment file /home/runner/work/ozone/ozone/hadoop-ozone/integration-test/target/test-dir/MiniOzoneClusterImpl-e6b5673d-0e05-4a61-970a-b11d77d0bde6/omNode-3/ratis/c9bc4cf4-3bc3-3c60-a66b-523986131536/current/log_31-31
2021-10-17 01:40:57,169 [pool-351-thread-1] INFO  server.RaftServer$Division (ServerState.java:setRaftConf(387)) - omNode-3@group-523986131536: set configuration 32: [omNode-3|rpc:localhost:11188|admin:|client:|dataStream:|priority:0, omNode-1|rpc:localhost:11176|admin:|client:|dataStream:|priority:0, omNode-2|rpc:localhost:11182|admin:|client:|dataStream:|priority:0], old=null
2021-10-17 01:40:57,169 [pool-351-thread-1] INFO  segmented.LogSegment (LogSegment.java:loadSegment(173)) - Successfully read 4 entries from segment file /home/runner/work/ozone/ozone/hadoop-ozone/integration-test/target/test-dir/MiniOzoneClusterImpl-e6b5673d-0e05-4a61-970a-b11d77d0bde6/omNode-3/ratis/c9bc4cf4-3bc3-3c60-a66b-523986131536/current/log_inprogress_32
2021-10-17 01:40:57,169 [pool-351-thread-1] INFO  segmented.SegmentedRaftLogWorker (SegmentedRaftLogWorker.java:lambda$new$0(133)) - omNode-3@group-523986131536-SegmentedRaftLogWorker: flushIndex: setUnconditionally 0 -> 35
2021-10-17 01:40:57,169 [pool-351-thread-1] INFO  segmented.SegmentedRaftLogWorker (SegmentedRaftLogWorker.java:lambda$new$0(133)) - omNode-3@group-523986131536-SegmentedRaftLogWorker: safeCacheEvictIndex: setUnconditionally 0 -> 31
2021-10-17 01:40:57,169 [pool-351-thread-1] INFO  raftlog.RaftLog (RaftLogBase.java:lambda$new$0(53)) - omNode-3@group-523986131536-SegmentedRaftLog: commitIndex: updateToMax old=35, new=34, updated? false
2021-10-17 01:40:57,169 [pool-351-thread-1] INFO  raftlog.RaftLog (RaftLogBase.java:lambda$new$0(53)) - omNode-3@group-523986131536-SegmentedRaftLog: purgeIndex: updateIncreasingly -1 -> 20
2021-10-17 01:40:57,169 [pool-351-thread-1] INFO  server.RaftServerConfigKeys (ConfUtils.java:logGet(44)) - raft.server.snapshot.auto.trigger.enabled = true (custom)
2021-10-17 01:40:57,169 [pool-351-thread-1] INFO  server.RaftServerConfigKeys (ConfUtils.java:logGet(44)) - raft.server.snapshot.auto.trigger.threshold = 50 (custom)
2021-10-17 01:40:57,169 [pool-351-thread-1] INFO  server.RaftServerConfigKeys (ConfUtils.java:logGet(44)) - raft.server.snapshot.retention.file.num = -1 (default)
2021-10-17 01:40:57,169 [pool-351-thread-1] INFO  server.RaftServerConfigKeys (ConfUtils.java:logGet(44)) - raft.server.log.purge.upto.snapshot.index = true (custom)
2021-10-17 01:40:57,169 [pool-351-thread-1] INFO  server.RaftServerConfigKeys (ConfUtils.java:logGet(44)) - raft.server.retrycache.expirytime = 30000ms (custom)
2021-10-17 01:40:57,169 [pool-351-thread-1] INFO  server.RaftServerConfigKeys (ConfUtils.java:logGet(44)) - raft.server.retrycache.statistics.expirytime = 100μs (default)
2021-10-17 01:40:57,174 [Time-limited test] INFO  server.RaftServer$Division (RaftServerImpl.java:start(296)) - omNode-3@group-523986131536: start as a follower, conf=32: [omNode-3|rpc:localhost:11188|admin:|client:|dataStream:|priority:0, omNode-1|rpc:localhost:11176|admin:|client:|dataStream:|priority:0, omNode-2|rpc:localhost:11182|admin:|client:|dataStream:|priority:0], old=null
2021-10-17 01:40:57,174 [Time-limited test] INFO  server.RaftServer$Division (RaftServerImpl.java:setRole(285)) - omNode-3@group-523986131536: changes role from      null to FOLLOWER at term 9 for startAsFollower
2021-10-17 01:40:57,174 [Time-limited test] INFO  impl.RoleInfo (RoleInfo.java:updateAndGet(130)) - omNode-3: start omNode-3@group-523986131536-FollowerState
2021-10-17 01:40:57,178 [Time-limited test] INFO  util.JmxRegister (JmxRegister.java:tryRegister(44)) - Successfully registered JMX Bean with object name Ratis:service=RaftServer,group=group-523986131536,id=omNode-3
2021-10-17 01:40:57,179 [Time-limited test] INFO  server.RaftServer (RaftServerProxy.java:lambda$start$5(374)) - omNode-3: start RPC server
2021-10-17 01:40:57,181 [Time-limited test] INFO  server.GrpcService (GrpcService.java:startImpl(253)) - omNode-3: GrpcService started, listening on 11188
2021-10-17 01:40:57,182 [Time-limited test] INFO  ipc.CallQueueManager (CallQueueManager.java:<init>(90)) - Using callQueue: class java.util.concurrent.LinkedBlockingQueue, queueCapacity: 2000, scheduler: class org.apache.hadoop.ipc.DefaultRpcScheduler, ipcBackoff: false.
2021-10-17 01:40:57,183 [org.apache.ratis.util.JvmPauseMonitor$$Lambda$523/1638607820@4b1dd0c8] INFO  util.JvmPauseMonitor (JvmPauseMonitor.java:run(103)) - JvmPauseMonitor-omNode-3: Started
2021-10-17 01:40:57,183 [Socket Reader #1 for port 11184] INFO  ipc.Server (Server.java:run(1265)) - Starting Socket Reader #1 for port 11184
2021-10-17 01:40:57,194 [Listener at localhost/11184] INFO  http.BaseHttpServer (BaseHttpServer.java:newHttpServer2BuilderForOzone(209)) - Starting Web-server for ozoneManager at: http://0.0.0.0:11186
2021-10-17 01:40:57,194 [Listener at localhost/11184] INFO  http.BaseHttpServer (BaseHttpServer.java:<init>(107)) - Hadoop Security Enabled: false Ozone Security Enabled: false Ozone HTTP Security Enabled: false 
2021-10-17 01:40:57,195 [Listener at localhost/11184] INFO  server.AuthenticationFilter (AuthenticationFilter.java:constructSecretProvider(240)) - Unable to initialize FileSignerSecretProvider, falling back to use random secrets.
2021-10-17 01:40:57,195 [Listener at localhost/11184] WARN  http.HttpRequestLog (HttpRequestLog.java:getRequestLog(103)) - Jetty request log can only be enabled using Log4j
2021-10-17 01:40:57,196 [Listener at localhost/11184] INFO  http.HttpServer2 (HttpServer2.java:addGlobalFilter(1030)) - Added global filter 'safety' (class=org.apache.hadoop.hdds.server.http.HttpServer2$QuotingInputFilter)
2021-10-17 01:40:57,197 [Listener at localhost/11184] INFO  http.HttpServer2 (HttpServer2.java:addFilter(1006)) - Added filter static_user_filter (class=org.apache.hadoop.http.lib.StaticUserWebFilter$StaticUserFilter) to context ozoneManager
2021-10-17 01:40:57,197 [Listener at localhost/11184] INFO  http.HttpServer2 (HttpServer2.java:addFilter(1014)) - Added filter static_user_filter (class=org.apache.hadoop.http.lib.StaticUserWebFilter$StaticUserFilter) to context static
2021-10-17 01:40:57,197 [Listener at localhost/11184] INFO  http.HttpServer2 (HttpServer2.java:addFilter(1014)) - Added filter static_user_filter (class=org.apache.hadoop.http.lib.StaticUserWebFilter$StaticUserFilter) to context logs
2021-10-17 01:40:57,197 [Listener at localhost/11184] INFO  http.HttpServer2 (HttpServer2.java:bindListener(1249)) - Jetty bound to port 11186
2021-10-17 01:40:57,197 [Listener at localhost/11184] INFO  server.Server (Server.java:doStart(375)) - jetty-9.4.43.v20210629; built: 2021-06-30T11:07:22.254Z; git: 526006ecfa3af7f1a27ef3a288e2bef7ea9dd7e8; jvm 1.8.0_292-b10
2021-10-17 01:40:57,202 [Listener at localhost/11184] INFO  server.session (DefaultSessionIdManager.java:doStart(334)) - DefaultSessionIdManager workerName=node0
2021-10-17 01:40:57,202 [Listener at localhost/11184] INFO  server.session (DefaultSessionIdManager.java:doStart(339)) - No SessionScavenger set, using defaults
2021-10-17 01:40:57,203 [Listener at localhost/11184] INFO  server.session (HouseKeeper.java:startScavenging(132)) - node0 Scavenging every 600000ms
2021-10-17 01:40:57,203 [Listener at localhost/11184] INFO  handler.ContextHandler (ContextHandler.java:doStart(915)) - Started o.e.j.s.ServletContextHandler@594afac3{logs,/logs,file:///home/runner/work/ozone/ozone/hadoop-ozone/integration-test/target/log,AVAILABLE}
2021-10-17 01:40:57,203 [Listener at localhost/11184] INFO  handler.ContextHandler (ContextHandler.java:doStart(915)) - Started o.e.j.s.ServletContextHandler@2a77dcd0{static,/static,file:///home/runner/work/ozone/ozone/hadoop-ozone/integration-test/target/test-classes/webapps/static,AVAILABLE}
2021-10-17 01:40:57,209 [Listener at localhost/11184] INFO  handler.ContextHandler (ContextHandler.java:doStart(915)) - Started o.e.j.w.WebAppContext@7ebb562b{ozoneManager,/,file:///home/runner/work/ozone/ozone/hadoop-ozone/integration-test/target/test-classes/webapps/ozoneManager/,AVAILABLE}{file:/home/runner/work/ozone/ozone/hadoop-ozone/integration-test/target/test-classes/webapps/ozoneManager}
2021-10-17 01:40:57,219 [Listener at localhost/11184] INFO  server.AbstractConnector (AbstractConnector.java:doStart(331)) - Started ServerConnector@42422909{HTTP/1.1, (http/1.1)}{0.0.0.0:11186}
2021-10-17 01:40:57,219 [Listener at localhost/11184] INFO  server.Server (Server.java:doStart(415)) - Started @413942ms
2021-10-17 01:40:57,219 [Listener at localhost/11184] WARN  impl.MetricsSystemImpl (MetricsSystemImpl.java:register(279)) - Sink prometheus already exists!
2021-10-17 01:40:57,220 [Listener at localhost/11184] INFO  http.BaseHttpServer (BaseHttpServer.java:updateConnectorAddress(329)) - HTTP server of ozoneManager listening at http://0.0.0.0:11186
2021-10-17 01:40:57,222 [IPC Server Responder] INFO  ipc.Server (Server.java:run(1507)) - IPC Server Responder: starting
2021-10-17 01:40:57,222 [IPC Server listener on 11184] INFO  ipc.Server (Server.java:run(1344)) - IPC Server listener on 11184: starting
2021-10-17 01:40:57,225 [Listener at localhost/11184] INFO  om.OzoneManager (OzoneManager.java:startTrashEmptier(1563)) - Trash Interval set to 0. Files deleted will not move to trash
2021-10-17 01:40:57,226 [Listener at localhost/11184] INFO  om.OzoneManager (OzoneManager.java:stop(1664)) - Stopping Ozone Manager
2021-10-17 01:40:57,226 [Listener at localhost/11184] INFO  ipc.Server (Server.java:stop(3414)) - Stopping server on 11172
2021-10-17 01:40:57,231 [IPC Server listener on 11172] INFO  ipc.Server (Server.java:run(1376)) - Stopping IPC Server listener on 11172
2021-10-17 01:40:57,231 [IPC Server Responder] INFO  ipc.Server (Server.java:run(1512)) - Stopping IPC Server Responder
2021-10-17 01:40:57,232 [Listener at localhost/11184] INFO  server.RaftServer (RaftServerProxy.java:lambda$close$6(391)) - omNode-1: close
2021-10-17 01:40:57,232 [Listener at localhost/11184] INFO  server.RaftServer$Division (RaftServerImpl.java:lambda$close$4(407)) - omNode-1@group-523986131536: shutdown
2021-10-17 01:40:57,233 [Listener at localhost/11184] INFO  util.JmxRegister (JmxRegister.java:unregister(73)) - Successfully un-registered JMX Bean with object name Ratis:service=RaftServer,group=group-523986131536,id=omNode-1
2021-10-17 01:40:57,233 [Listener at localhost/11184] INFO  impl.RoleInfo (RoleInfo.java:shutdownFollowerState(108)) - omNode-1: shutdown omNode-1@group-523986131536-FollowerState
2021-10-17 01:40:57,233 [Listener at localhost/11184] INFO  impl.StateMachineUpdater (StateMachineUpdater.java:stopAndJoin(149)) - omNode-1@group-523986131536-StateMachineUpdater: set stopIndex = 20
2021-10-17 01:40:57,233 [omNode-1@group-523986131536-FollowerState] INFO  impl.FollowerState (FollowerState.java:run(143)) - omNode-1@group-523986131536-FollowerState was interrupted: {}
java.lang.InterruptedException: sleep interrupted
	at java.lang.Thread.sleep(Native Method)
	at java.lang.Thread.sleep(Thread.java:340)
	at java.util.concurrent.TimeUnit.sleep(TimeUnit.java:386)
	at org.apache.ratis.util.TimeDuration.sleep(TimeDuration.java:324)
	at org.apache.ratis.util.TimeDuration.sleep(TimeDuration.java:309)
	at org.apache.ratis.server.impl.FollowerState.run(FollowerState.java:118)
2021-10-17 01:40:57,233 [omNode-1@group-523986131536-StateMachineUpdater] INFO  ratis.OzoneManagerStateMachine (OzoneManagerStateMachine.java:close(471)) - StateMachine has shutdown. Shutdown OzoneManager if not already shutdown.
2021-10-17 01:40:57,235 [Listener at localhost/11184] INFO  server.RaftServer$Division (ServerState.java:close(419)) - omNode-1@group-523986131536: closes. applyIndex: 20
2021-10-17 01:40:57,235 [omNode-1@group-523986131536-SegmentedRaftLogWorker] INFO  segmented.SegmentedRaftLogWorker (SegmentedRaftLogWorker.java:run(327)) - omNode-1@group-523986131536-SegmentedRaftLogWorker was interrupted, exiting. There are 0 tasks remaining in the queue.
2021-10-17 01:40:57,235 [Listener at localhost/11184] INFO  segmented.SegmentedRaftLogWorker (SegmentedRaftLogWorker.java:close(237)) - omNode-1@group-523986131536-SegmentedRaftLogWorker close()
2021-10-17 01:40:57,234 [org.apache.hadoop.util.JvmPauseMonitor$Monitor@1aa54ff4] INFO  util.JvmPauseMonitor (JvmPauseMonitor.java:run(188)) - Starting JVM pause monitor
2021-10-17 01:40:57,237 [Listener at localhost/11184] INFO  server.GrpcService (GrpcService.java:closeImpl(262)) - omNode-1: shutdown server with port 11176 now
2021-10-17 01:40:57,238 [grpc-default-executor-8] WARN  server.GrpcServerProtocolService (LogUtils.java:warn(122)) - omNode-1: installSnapshot onError, lastRequest: omNode-2->omNode-1#12294-t9,previous=(t:0, i:0),leaderCommit=15,initializing? false,entries: size=15, first=(t:3, i:21), CONFIGURATIONENTRY: org.apache.ratis.thirdparty.io.grpc.StatusRuntimeException: CANCELLED: client cancelled
2021-10-17 01:40:57,238 [grpc-default-executor-7] WARN  server.GrpcServerProtocolService (LogUtils.java:warn(122)) - omNode-1: installSnapshot onError, lastRequest: omNode-2->omNode-1#1-t9,previous=(t:6, i:31),leaderCommit=30,initializing? true,entries: size=1, first=(t:9, i:32), CONFIGURATIONENTRY: org.apache.ratis.thirdparty.io.grpc.StatusRuntimeException: CANCELLED: client cancelled
2021-10-17 01:40:57,241 [grpc-default-executor-8] INFO  server.GrpcLogAppender (GrpcLogAppender.java:onError(333)) - omNode-2@group-523986131536->omNode-1-GrpcLogAppender is stopped
2021-10-17 01:40:57,243 [Listener at localhost/11184] INFO  server.GrpcService (GrpcService.java:closeImpl(271)) - omNode-1: shutdown server with port 11176 successfully
2021-10-17 01:40:57,243 [grpc-default-executor-11] WARN  server.GrpcLogAppender (LogUtils.java:warn(122)) - omNode-2@group-523986131536->omNode-1-AppendLogResponseHandler: Failed appendEntries: org.apache.ratis.thirdparty.io.grpc.StatusRuntimeException: CANCELLED: HTTP/2 error code: CANCEL
Received Rst Stream
2021-10-17 01:40:57,244 [org.apache.ratis.util.JvmPauseMonitor$$Lambda$523/1638607820@e8f0140] INFO  util.JvmPauseMonitor (JvmPauseMonitor.java:run(109)) - JvmPauseMonitor-omNode-1: Stopped
2021-10-17 01:40:57,245 [Listener at localhost/11184] INFO  ratis.OzoneManagerDoubleBuffer (OzoneManagerDoubleBuffer.java:stop(437)) - Stopping OMDoubleBuffer flush thread
2021-10-17 01:40:57,245 [OMDoubleBufferFlushThread] INFO  ratis.OzoneManagerDoubleBuffer (OzoneManagerDoubleBuffer.java:flushTransactions(356)) - OMDoubleBuffer flush thread OMDoubleBufferFlushThread is interrupted and will exit. OMDoubleBufferFlushThread
2021-10-17 01:40:57,245 [grpc-default-executor-11] INFO  leader.FollowerInfo (FollowerInfoImpl.java:lambda$new$0(46)) - omNode-2@group-523986131536->omNode-1: nextIndex: updateUnconditionally 36 -> 21
2021-10-17 01:40:57,246 [Listener at localhost/11184] INFO  handler.ContextHandler (ContextHandler.java:doStop(1153)) - Stopped o.e.j.w.WebAppContext@50a003bb{ozoneManager,/,null,STOPPED}{file:/home/runner/work/ozone/ozone/hadoop-ozone/integration-test/target/test-classes/webapps/ozoneManager}
2021-10-17 01:40:57,246 [Listener at localhost/11184] INFO  server.AbstractConnector (AbstractConnector.java:doStop(381)) - Stopped ServerConnector@39c18f77{HTTP/1.1, (http/1.1)}{0.0.0.0:11174}
2021-10-17 01:40:57,246 [Listener at localhost/11184] INFO  server.session (HouseKeeper.java:stopScavenging(149)) - node0 Stopped scavenging
2021-10-17 01:40:57,246 [Listener at localhost/11184] INFO  handler.ContextHandler (ContextHandler.java:doStop(1153)) - Stopped o.e.j.s.ServletContextHandler@f31e22e{static,/static,file:///home/runner/work/ozone/ozone/hadoop-ozone/integration-test/target/test-classes/webapps/static,STOPPED}
2021-10-17 01:40:57,246 [Listener at localhost/11184] INFO  handler.ContextHandler (ContextHandler.java:doStop(1153)) - Stopped o.e.j.s.ServletContextHandler@65b82fe1{logs,/logs,file:///home/runner/work/ozone/ozone/hadoop-ozone/integration-test/target/log,STOPPED}
2021-10-17 01:40:57,248 [Listener at localhost/11184] INFO  om.OzoneManager (OzoneManager.java:initFSOLayout(4357)) - Configured ozone.om.metadata.layout=SIMPLE and disabled optimized OM FS operations
2021-10-17 01:40:57,248 [Listener at localhost/11184] INFO  om.OzoneManager (OzoneManager.java:restart(1385)) - OzoneManager RPC server is listening at localhost/127.0.0.1:11172
2021-10-17 01:40:57,248 [Listener at localhost/11184] INFO  impl.MetricsSystemImpl (MetricsSystemImpl.java:init(158)) - OzoneManager metrics system started (again)
2021-10-17 01:40:57,254 [grpc-default-executor-3] WARN  server.GrpcLogAppender (LogUtils.java:warn(122)) - omNode-2@group-523986131536->omNode-1-AppendLogResponseHandler: Failed appendEntries: org.apache.ratis.thirdparty.io.grpc.StatusRuntimeException: UNAVAILABLE: io exception
2021-10-17 01:40:57,254 [grpc-default-executor-3] INFO  leader.FollowerInfo (FollowerInfoImpl.java:lambda$new$0(46)) - omNode-2@group-523986131536->omNode-1: nextIndex: updateUnconditionally 36 -> 21
2021-10-17 01:40:57,262 [Listener at localhost/11184] WARN  server.ServerUtils (ServerUtils.java:getDBPath(225)) - ozone.om.db.dirs is not configured. We recommend adding this setting. Falling back to ozone.metadata.dirs instead.
2021-10-17 01:40:57,263 [Listener at localhost/11184] INFO  codec.OmKeyInfoCodec (OmKeyInfoCodec.java:<init>(51)) - OmKeyInfoCodec ignorePipeline = true
2021-10-17 01:40:57,263 [Listener at localhost/11184] INFO  codec.RepeatedOmKeyInfoCodec (RepeatedOmKeyInfoCodec.java:<init>(42)) - RepeatedOmKeyInfoCodec ignorePipeline = true
2021-10-17 01:40:57,287 [Listener at localhost/11184] WARN  om.OzoneManager (OzoneManager.java:instantiatePrepareStateOnStartup(4236)) - Prepare marker file index 20 does not match DB prepare index 14. Writing DB index to prepare file and maintaining prepared state.
2021-10-17 01:40:57,288 [Listener at localhost/11184] INFO  om.OzoneManagerPrepareState (OzoneManagerPrepareState.java:writePrepareMarkerFile(262)) - Prepare marker file written with log index 14 to file /home/runner/work/ozone/ozone/hadoop-ozone/integration-test/target/test-dir/MiniOzoneClusterImpl-e6b5673d-0e05-4a61-970a-b11d77d0bde6/omNode-1/current/prepareMarker
2021-10-17 01:40:57,288 [Listener at localhost/11184] WARN  impl.MetricRegistriesImpl (MetricRegistriesImpl.java:addReporterRegistration(111)) - New reporters are added after registries were created. Some metrics will be missing from the reporter. Please add reporter before adding any new registry.
2021-10-17 01:40:57,288 [Listener at localhost/11184] WARN  impl.MetricRegistriesImpl (MetricRegistriesImpl.java:addReporterRegistration(111)) - New reporters are added after registries were created. Some metrics will be missing from the reporter. Please add reporter before adding any new registry.
2021-10-17 01:40:57,288 [Listener at localhost/11184] WARN  server.ServerUtils (ServerUtils.java:getDefaultRatisDirectory(237)) - Storage directory for Ratis is not configured. It is a good idea to map this to an SSD disk. Falling back to ozone.metadata.dirs
2021-10-17 01:40:57,289 [Listener at localhost/11184] INFO  ratis.OzoneManagerRatisServer (OzoneManagerRatisServer.java:<init>(159)) - Instantiating OM Ratis server with groupID: om-service-test1 and peers: localhost:11176, localhost:11188, localhost:11182
2021-10-17 01:40:57,289 [Listener at localhost/11184] INFO  ratis.OzoneManagerStateMachine (OzoneManagerStateMachine.java:loadSnapshotInfoFromDB(605)) - LastAppliedIndex is set from TransactionInfo from OM DB as (t:2, i:20)
2021-10-17 01:40:57,290 [Listener at localhost/11184] INFO  server.RaftServer (ConfUtils.java:logGet(44)) - raft.rpc.type = GRPC (default)
2021-10-17 01:40:57,290 [Listener at localhost/11184] INFO  grpc.GrpcFactory (GrpcFactory.java:checkPooledByteBufAllocatorUseCacheForAllThreads(48)) - PERFORMANCE WARNING: useCacheForAllThreads is true that may cause Netty to create a lot garbage objects and, as a result, trigger GC.
	It is recommended to disable useCacheForAllThreads by setting -Dorg.apache.ratis.thirdparty.io.netty.allocator.useCacheForAllThreads=false in command line.
2021-10-17 01:40:57,290 [Listener at localhost/11184] INFO  grpc.GrpcConfigKeys (ConfUtils.java:logGet(44)) - raft.grpc.admin.port = -1 (default)
2021-10-17 01:40:57,290 [Listener at localhost/11184] INFO  grpc.GrpcConfigKeys (ConfUtils.java:logGet(44)) - raft.grpc.server.port = 11176 (custom)
2021-10-17 01:40:57,290 [Listener at localhost/11184] INFO  grpc.GrpcConfigKeys (ConfUtils.java:logGet(44)) - raft.grpc.client.port = -1 (default)
2021-10-17 01:40:57,290 [Listener at localhost/11184] INFO  grpc.GrpcConfigKeys (ConfUtils.java:logGet(44)) - raft.grpc.server.port = 11176 (custom)
2021-10-17 01:40:57,290 [Listener at localhost/11184] INFO  grpc.GrpcConfigKeys (ConfUtils.java:logGet(44)) - raft.grpc.server.port = 11176 (custom)
2021-10-17 01:40:57,290 [Listener at localhost/11184] INFO  server.GrpcService (ConfUtils.java:logGet(44)) - raft.grpc.message.size.max = 33554432 (custom)
2021-10-17 01:40:57,290 [Listener at localhost/11184] INFO  server.RaftServerConfigKeys (ConfUtils.java:logGet(44)) - raft.server.log.appender.buffer.byte-limit = 33554432 (custom)
2021-10-17 01:40:57,290 [Listener at localhost/11184] INFO  server.GrpcService (ConfUtils.java:logGet(44)) - raft.grpc.flow.control.window = 1MB (=1048576) (default)
2021-10-17 01:40:57,290 [Listener at localhost/11184] INFO  server.RaftServerConfigKeys (ConfUtils.java:logGet(44)) - raft.server.rpc.request.timeout = 3000ms (default)
2021-10-17 01:40:57,291 [Listener at localhost/11184] INFO  impl.DataStreamServerImpl (ConfUtils.java:logGet(44)) - raft.datastream.type = DISABLED (default)
2021-10-17 01:40:57,291 [Listener at localhost/11184] INFO  server.RaftServerConfigKeys (ConfUtils.java:logGet(44)) - raft.server.rpc.slowness.timeout = 2s (custom)
2021-10-17 01:40:57,292 [Listener at localhost/11184] INFO  server.RaftServerConfigKeys (ConfUtils.java:logGet(44)) - raft.server.leaderelection.leader.step-down.wait-time = 10s (default)
2021-10-17 01:40:57,292 [Listener at localhost/11184] INFO  server.RaftServerConfigKeys (ConfUtils.java:logGet(44)) - raft.server.storage.dir = [/home/runner/work/ozone/ozone/hadoop-ozone/integration-test/target/test-dir/MiniOzoneClusterImpl-e6b5673d-0e05-4a61-970a-b11d77d0bde6/omNode-1/ratis] (custom)
2021-10-17 01:40:57,292 [Listener at localhost/11184] INFO  server.RaftServer (RaftServerProxy.java:lambda$null$1(235)) - omNode-1: found a subdirectory /home/runner/work/ozone/ozone/hadoop-ozone/integration-test/target/test-dir/MiniOzoneClusterImpl-e6b5673d-0e05-4a61-970a-b11d77d0bde6/omNode-1/ratis/c9bc4cf4-3bc3-3c60-a66b-523986131536
2021-10-17 01:40:57,292 [Listener at localhost/11184] INFO  server.RaftServer (RaftServerProxy.java:addNew(95)) - omNode-1: addNew group-523986131536:[omNode-3|rpc:localhost:11188|priority:0, omNode-1|rpc:localhost:11176|priority:0, omNode-2|rpc:localhost:11182|priority:0] returns group-523986131536:java.util.concurrent.CompletableFuture@114c8437[Not completed]
2021-10-17 01:40:57,292 [Listener at localhost/11184] INFO  om.OzoneManager (OzoneManager.java:initializeRatisServer(1605)) - OzoneManager Ratis server initialized at port 11176
2021-10-17 01:40:57,292 [Listener at localhost/11184] INFO  ratis.OzoneManagerRatisServer (OzoneManagerRatisServer.java:start(520)) - Starting OzoneManagerRatisServer omNode-1 at port 11176
2021-10-17 01:40:57,292 [pool-371-thread-1] INFO  server.RaftServer$Division (RaftServerImpl.java:<init>(181)) - omNode-1: new RaftServerImpl for group-523986131536:[omNode-3|rpc:localhost:11188|priority:0, omNode-1|rpc:localhost:11176|priority:0, omNode-2|rpc:localhost:11182|priority:0] with OzoneManagerStateMachine:uninitialized
2021-10-17 01:40:57,293 [pool-371-thread-1] INFO  server.RaftServerConfigKeys (ConfUtils.java:logGet(44)) - raft.server.rpc.timeout.min = 1s (custom)
2021-10-17 01:40:57,293 [pool-371-thread-1] INFO  server.RaftServerConfigKeys (ConfUtils.java:logGet(44)) - raft.server.rpc.timeout.max = 1200ms (custom)
2021-10-17 01:40:57,293 [pool-371-thread-1] INFO  server.RaftServerConfigKeys (ConfUtils.java:logGet(44)) - raft.server.rpc.sleep.time = 25ms (default)
2021-10-17 01:40:57,293 [pool-371-thread-1] INFO  server.RaftServerConfigKeys (ConfUtils.java:logGet(44)) - raft.server.rpc.slowness.timeout = 2s (custom)
2021-10-17 01:40:57,293 [pool-371-thread-1] INFO  server.RaftServerConfigKeys (ConfUtils.java:logGet(44)) - raft.server.leaderelection.leader.step-down.wait-time = 10s (default)
2021-10-17 01:40:57,293 [pool-371-thread-1] INFO  server.RaftServerConfigKeys (ConfUtils.java:logGet(44)) - raft.server.sleep.deviation.threshold = 300ms (default)
2021-10-17 01:40:57,293 [pool-371-thread-1] INFO  server.RaftServerConfigKeys (ConfUtils.java:logGet(44)) - raft.server.log.appender.install.snapshot.enabled = false (custom)
2021-10-17 01:40:57,294 [pool-371-thread-1] INFO  server.RaftServer$Division (ServerState.java:<init>(105)) - omNode-1@group-523986131536: ConfigurationManager, init=-1: [omNode-3|rpc:localhost:11188|priority:0, omNode-1|rpc:localhost:11176|priority:0, omNode-2|rpc:localhost:11182|priority:0], old=null, confs=<EMPTY_MAP>
2021-10-17 01:40:57,294 [pool-371-thread-1] INFO  server.RaftServerConfigKeys (ConfUtils.java:logGet(44)) - raft.server.storage.dir = [/home/runner/work/ozone/ozone/hadoop-ozone/integration-test/target/test-dir/MiniOzoneClusterImpl-e6b5673d-0e05-4a61-970a-b11d77d0bde6/omNode-1/ratis] (custom)
2021-10-17 01:40:57,294 [pool-371-thread-1] INFO  server.RaftServerConfigKeys (ConfUtils.java:logGet(44)) - raft.server.log.corruption.policy = EXCEPTION (default)
2021-10-17 01:40:57,294 [pool-371-thread-1] INFO  server.RaftServerConfigKeys (ConfUtils.java:logGet(44)) - raft.server.storage.free-space.min = 0MB (=0) (default)
2021-10-17 01:40:57,295 [pool-371-thread-1] INFO  storage.RaftStorageDirectory (RaftStorageDirectoryImpl.java:tryLock(230)) - Lock on /home/runner/work/ozone/ozone/hadoop-ozone/integration-test/target/test-dir/MiniOzoneClusterImpl-e6b5673d-0e05-4a61-970a-b11d77d0bde6/omNode-1/ratis/c9bc4cf4-3bc3-3c60-a66b-523986131536/in_use.lock acquired by nodename 15180@fv-az151-444
2021-10-17 01:40:57,295 [pool-371-thread-1] INFO  storage.RaftStorage (RaftStorageImpl.java:analyzeAndRecoverStorage(110)) - Read RaftStorageMetadata{term=9, votedFor=omNode-2} from /home/runner/work/ozone/ozone/hadoop-ozone/integration-test/target/test-dir/MiniOzoneClusterImpl-e6b5673d-0e05-4a61-970a-b11d77d0bde6/omNode-1/ratis/c9bc4cf4-3bc3-3c60-a66b-523986131536/current/raft-meta
2021-10-17 01:40:57,295 [pool-371-thread-1] INFO  server.RaftServer$Division (ServerState.java:setRaftConf(387)) - omNode-1@group-523986131536: set configuration 32: [omNode-3|rpc:localhost:11188|admin:|client:|dataStream:|priority:0, omNode-1|rpc:localhost:11176|admin:|client:|dataStream:|priority:0, omNode-2|rpc:localhost:11182|admin:|client:|dataStream:|priority:0], old=null
2021-10-17 01:40:57,295 [pool-371-thread-1] INFO  server.RaftServerConfigKeys (ConfUtils.java:logGet(44)) - raft.server.notification.no-leader.timeout = 2s (custom)
2021-10-17 01:40:57,295 [pool-371-thread-1] INFO  server.RaftServerConfigKeys (ConfUtils.java:logGet(44)) - raft.server.log.use.memory = false (default)
2021-10-17 01:40:57,295 [pool-371-thread-1] INFO  server.RaftServerConfigKeys (ConfUtils.java:logGet(44)) - raft.server.log.purge.gap = 50 (custom)
2021-10-17 01:40:57,295 [pool-371-thread-1] INFO  server.RaftServerConfigKeys (ConfUtils.java:logGet(44)) - raft.server.log.appender.buffer.byte-limit = 33554432 (custom)
2021-10-17 01:40:57,296 [pool-371-thread-1] INFO  server.RaftServerConfigKeys (ConfUtils.java:logGet(44)) - raft.server.log.segment.size.max = 4194304 (custom)
2021-10-17 01:40:57,296 [pool-371-thread-1] INFO  server.RaftServerConfigKeys (ConfUtils.java:logGet(44)) - raft.server.log.segment.cache.num.max = 2 (custom)
2021-10-17 01:40:57,296 [pool-371-thread-1] INFO  server.RaftServerConfigKeys (ConfUtils.java:logGet(44)) - raft.server.log.segment.cache.size.max = 200MB (=209715200) (default)
2021-10-17 01:40:57,296 [pool-371-thread-1] INFO  segmented.SegmentedRaftLogWorker (SegmentedRaftLogWorker.java:<init>(182)) - new omNode-1@group-523986131536-SegmentedRaftLogWorker for RaftStorageImpl:Storage Directory /home/runner/work/ozone/ozone/hadoop-ozone/integration-test/target/test-dir/MiniOzoneClusterImpl-e6b5673d-0e05-4a61-970a-b11d77d0bde6/omNode-1/ratis/c9bc4cf4-3bc3-3c60-a66b-523986131536
2021-10-17 01:40:57,296 [pool-371-thread-1] INFO  server.RaftServerConfigKeys (ConfUtils.java:logGet(44)) - raft.server.log.queue.byte-limit = 64MB (=67108864) (default)
2021-10-17 01:40:57,296 [pool-371-thread-1] INFO  server.RaftServerConfigKeys (ConfUtils.java:logGet(44)) - raft.server.log.queue.element-limit = 4096 (default)
2021-10-17 01:40:57,296 [pool-371-thread-1] INFO  server.RaftServerConfigKeys (ConfUtils.java:logGet(44)) - raft.server.log.segment.size.max = 4194304 (custom)
2021-10-17 01:40:57,296 [pool-371-thread-1] INFO  server.RaftServerConfigKeys (ConfUtils.java:logGet(44)) - raft.server.log.preallocated.size = 4194304 (custom)
2021-10-17 01:40:57,296 [pool-371-thread-1] INFO  server.RaftServerConfigKeys (ConfUtils.java:logGet(44)) - raft.server.log.force.sync.num = 128 (default)
2021-10-17 01:40:57,296 [pool-371-thread-1] INFO  server.RaftServerConfigKeys (ConfUtils.java:logGet(44)) - raft.server.log.statemachine.data.sync = true (default)
2021-10-17 01:40:57,296 [pool-371-thread-1] INFO  server.RaftServerConfigKeys (ConfUtils.java:logGet(44)) - raft.server.log.statemachine.data.sync.timeout = 10s (default)
2021-10-17 01:40:57,296 [pool-371-thread-1] INFO  server.RaftServerConfigKeys (ConfUtils.java:logGet(44)) - raft.server.log.statemachine.data.sync.timeout.retry = -1 (default)
2021-10-17 01:40:57,297 [pool-371-thread-1] INFO  server.RaftServerConfigKeys (ConfUtils.java:logGet(44)) - raft.server.log.write.buffer.size = 64KB (=65536) (default)
2021-10-17 01:40:57,297 [pool-371-thread-1] INFO  server.RaftServerConfigKeys (ConfUtils.java:logGet(44)) - raft.server.log.statemachine.data.caching.enabled = false (default)
2021-10-17 01:40:57,297 [pool-371-thread-1] INFO  segmented.SegmentedRaftLogWorker (SegmentedRaftLogWorker.java:lambda$new$0(133)) - omNode-1@group-523986131536-SegmentedRaftLogWorker: flushIndex: setUnconditionally 0 -> 20
2021-10-17 01:40:57,297 [pool-371-thread-1] INFO  segmented.SegmentedRaftLogWorker (SegmentedRaftLogWorker.java:lambda$new$0(133)) - omNode-1@group-523986131536-SegmentedRaftLogWorker: safeCacheEvictIndex: setUnconditionally 0 -> -1
2021-10-17 01:40:57,298 [pool-371-thread-1] INFO  server.RaftServerConfigKeys (ConfUtils.java:logGet(44)) - raft.server.snapshot.auto.trigger.enabled = true (custom)
2021-10-17 01:40:57,298 [pool-371-thread-1] INFO  server.RaftServerConfigKeys (ConfUtils.java:logGet(44)) - raft.server.snapshot.auto.trigger.threshold = 50 (custom)
2021-10-17 01:40:57,298 [pool-371-thread-1] INFO  server.RaftServerConfigKeys (ConfUtils.java:logGet(44)) - raft.server.snapshot.retention.file.num = -1 (default)
2021-10-17 01:40:57,298 [pool-371-thread-1] INFO  server.RaftServerConfigKeys (ConfUtils.java:logGet(44)) - raft.server.log.purge.upto.snapshot.index = true (custom)
2021-10-17 01:40:57,299 [pool-371-thread-1] INFO  server.RaftServerConfigKeys (ConfUtils.java:logGet(44)) - raft.server.retrycache.expirytime = 30000ms (custom)
2021-10-17 01:40:57,299 [pool-371-thread-1] INFO  server.RaftServerConfigKeys (ConfUtils.java:logGet(44)) - raft.server.retrycache.statistics.expirytime = 100μs (default)
2021-10-17 01:40:57,300 [Listener at localhost/11184] INFO  server.RaftServer$Division (RaftServerImpl.java:start(296)) - omNode-1@group-523986131536: start as a follower, conf=32: [omNode-3|rpc:localhost:11188|admin:|client:|dataStream:|priority:0, omNode-1|rpc:localhost:11176|admin:|client:|dataStream:|priority:0, omNode-2|rpc:localhost:11182|admin:|client:|dataStream:|priority:0], old=null
2021-10-17 01:40:57,300 [Listener at localhost/11184] INFO  server.RaftServer$Division (RaftServerImpl.java:setRole(285)) - omNode-1@group-523986131536: changes role from      null to FOLLOWER at term 9 for startAsFollower
2021-10-17 01:40:57,300 [Listener at localhost/11184] INFO  impl.RoleInfo (RoleInfo.java:updateAndGet(130)) - omNode-1: start omNode-1@group-523986131536-FollowerState
2021-10-17 01:40:57,302 [Listener at localhost/11184] INFO  util.JmxRegister (JmxRegister.java:tryRegister(44)) - Successfully registered JMX Bean with object name Ratis:service=RaftServer,group=group-523986131536,id=omNode-1
2021-10-17 01:40:57,306 [Listener at localhost/11184] INFO  server.RaftServer (RaftServerProxy.java:lambda$start$5(374)) - omNode-1: start RPC server
2021-10-17 01:40:57,307 [Listener at localhost/11184] INFO  server.GrpcService (GrpcService.java:startImpl(253)) - omNode-1: GrpcService started, listening on 11176
2021-10-17 01:40:57,307 [Listener at localhost/11184] INFO  ipc.CallQueueManager (CallQueueManager.java:<init>(90)) - Using callQueue: class java.util.concurrent.LinkedBlockingQueue, queueCapacity: 2000, scheduler: class org.apache.hadoop.ipc.DefaultRpcScheduler, ipcBackoff: false.
2021-10-17 01:40:57,308 [org.apache.ratis.util.JvmPauseMonitor$$Lambda$523/1638607820@16709515] INFO  util.JvmPauseMonitor (JvmPauseMonitor.java:run(103)) - JvmPauseMonitor-omNode-1: Started
2021-10-17 01:40:57,308 [Socket Reader #1 for port 11172] INFO  ipc.Server (Server.java:run(1265)) - Starting Socket Reader #1 for port 11172
2021-10-17 01:40:57,315 [Listener at localhost/11172] INFO  http.BaseHttpServer (BaseHttpServer.java:newHttpServer2BuilderForOzone(209)) - Starting Web-server for ozoneManager at: http://0.0.0.0:11174
2021-10-17 01:40:57,315 [Listener at localhost/11172] INFO  http.BaseHttpServer (BaseHttpServer.java:<init>(107)) - Hadoop Security Enabled: false Ozone Security Enabled: false Ozone HTTP Security Enabled: false 
2021-10-17 01:40:57,316 [Listener at localhost/11172] INFO  server.AuthenticationFilter (AuthenticationFilter.java:constructSecretProvider(240)) - Unable to initialize FileSignerSecretProvider, falling back to use random secrets.
2021-10-17 01:40:57,316 [Listener at localhost/11172] WARN  http.HttpRequestLog (HttpRequestLog.java:getRequestLog(103)) - Jetty request log can only be enabled using Log4j
2021-10-17 01:40:57,317 [Listener at localhost/11172] INFO  http.HttpServer2 (HttpServer2.java:addGlobalFilter(1030)) - Added global filter 'safety' (class=org.apache.hadoop.hdds.server.http.HttpServer2$QuotingInputFilter)
2021-10-17 01:40:57,318 [Listener at localhost/11172] INFO  http.HttpServer2 (HttpServer2.java:addFilter(1006)) - Added filter static_user_filter (class=org.apache.hadoop.http.lib.StaticUserWebFilter$StaticUserFilter) to context ozoneManager
2021-10-17 01:40:57,318 [Listener at localhost/11172] INFO  http.HttpServer2 (HttpServer2.java:addFilter(1014)) - Added filter static_user_filter (class=org.apache.hadoop.http.lib.StaticUserWebFilter$StaticUserFilter) to context logs
2021-10-17 01:40:57,318 [Listener at localhost/11172] INFO  http.HttpServer2 (HttpServer2.java:addFilter(1014)) - Added filter static_user_filter (class=org.apache.hadoop.http.lib.StaticUserWebFilter$StaticUserFilter) to context static
2021-10-17 01:40:57,318 [Listener at localhost/11172] INFO  http.HttpServer2 (HttpServer2.java:bindListener(1249)) - Jetty bound to port 11174
2021-10-17 01:40:57,318 [Listener at localhost/11172] INFO  server.Server (Server.java:doStart(375)) - jetty-9.4.43.v20210629; built: 2021-06-30T11:07:22.254Z; git: 526006ecfa3af7f1a27ef3a288e2bef7ea9dd7e8; jvm 1.8.0_292-b10
2021-10-17 01:40:57,319 [Listener at localhost/11172] INFO  server.session (DefaultSessionIdManager.java:doStart(334)) - DefaultSessionIdManager workerName=node0
2021-10-17 01:40:57,320 [Listener at localhost/11172] INFO  server.session (DefaultSessionIdManager.java:doStart(339)) - No SessionScavenger set, using defaults
2021-10-17 01:40:57,320 [Listener at localhost/11172] INFO  server.session (HouseKeeper.java:startScavenging(132)) - node0 Scavenging every 660000ms
2021-10-17 01:40:57,320 [Listener at localhost/11172] INFO  handler.ContextHandler (ContextHandler.java:doStart(915)) - Started o.e.j.s.ServletContextHandler@6a84a1e{logs,/logs,file:///home/runner/work/ozone/ozone/hadoop-ozone/integration-test/target/log,AVAILABLE}
2021-10-17 01:40:57,321 [Listener at localhost/11172] INFO  handler.ContextHandler (ContextHandler.java:doStart(915)) - Started o.e.j.s.ServletContextHandler@4329ab22{static,/static,file:///home/runner/work/ozone/ozone/hadoop-ozone/integration-test/target/test-classes/webapps/static,AVAILABLE}
2021-10-17 01:40:57,323 [Listener at localhost/11172] INFO  handler.ContextHandler (ContextHandler.java:doStart(915)) - Started o.e.j.w.WebAppContext@6918e9b1{ozoneManager,/,file:///home/runner/work/ozone/ozone/hadoop-ozone/integration-test/target/test-classes/webapps/ozoneManager/,AVAILABLE}{file:/home/runner/work/ozone/ozone/hadoop-ozone/integration-test/target/test-classes/webapps/ozoneManager}
2021-10-17 01:40:57,326 [Listener at localhost/11172] INFO  server.AbstractConnector (AbstractConnector.java:doStart(331)) - Started ServerConnector@62b03eca{HTTP/1.1, (http/1.1)}{0.0.0.0:11174}
2021-10-17 01:40:57,326 [Listener at localhost/11172] INFO  server.Server (Server.java:doStart(415)) - Started @414049ms
2021-10-17 01:40:57,326 [Listener at localhost/11172] WARN  impl.MetricsSystemImpl (MetricsSystemImpl.java:register(279)) - Sink prometheus already exists!
2021-10-17 01:40:57,326 [Listener at localhost/11172] INFO  http.BaseHttpServer (BaseHttpServer.java:updateConnectorAddress(329)) - HTTP server of ozoneManager listening at http://0.0.0.0:11174
2021-10-17 01:40:57,327 [IPC Server Responder] INFO  ipc.Server (Server.java:run(1507)) - IPC Server Responder: starting
2021-10-17 01:40:57,331 [IPC Server listener on 11172] INFO  ipc.Server (Server.java:run(1344)) - IPC Server listener on 11172: starting
2021-10-17 01:40:57,335 [Listener at localhost/11172] INFO  om.OzoneManager (OzoneManager.java:startTrashEmptier(1563)) - Trash Interval set to 0. Files deleted will not move to trash
2021-10-17 01:40:57,335 [Listener at localhost/11172] INFO  om.OzoneManager (OzoneManager.java:stop(1664)) - Stopping Ozone Manager
2021-10-17 01:40:57,335 [Listener at localhost/11172] INFO  ipc.Server (Server.java:stop(3414)) - Stopping server on 11178
2021-10-17 01:40:57,336 [org.apache.hadoop.util.JvmPauseMonitor$Monitor@121f9b59] INFO  util.JvmPauseMonitor (JvmPauseMonitor.java:run(188)) - Starting JVM pause monitor
2021-10-17 01:40:57,337 [IPC Server listener on 11178] INFO  ipc.Server (Server.java:run(1376)) - Stopping IPC Server listener on 11178
2021-10-17 01:40:57,337 [IPC Server Responder] INFO  ipc.Server (Server.java:run(1512)) - Stopping IPC Server Responder
2021-10-17 01:40:57,337 [Listener at localhost/11172] INFO  server.RaftServer (RaftServerProxy.java:lambda$close$6(391)) - omNode-2: close
2021-10-17 01:40:57,338 [Listener at localhost/11172] INFO  server.RaftServer$Division (RaftServerImpl.java:lambda$close$4(407)) - omNode-2@group-523986131536: shutdown
2021-10-17 01:40:57,338 [Listener at localhost/11172] INFO  util.JmxRegister (JmxRegister.java:unregister(73)) - Successfully un-registered JMX Bean with object name Ratis:service=RaftServer,group=group-523986131536,id=omNode-2
2021-10-17 01:40:57,338 [Listener at localhost/11172] INFO  impl.RoleInfo (RoleInfo.java:shutdownLeaderState(91)) - omNode-2: shutdown omNode-2@group-523986131536-LeaderStateImpl
2021-10-17 01:40:57,338 [Listener at localhost/11172] INFO  impl.PendingRequests (PendingRequests.java:sendNotLeaderResponses(282)) - omNode-2@group-523986131536-PendingRequests: sendNotLeaderResponses
2021-10-17 01:40:57,338 [omNode-2@group-523986131536->omNode-3-GrpcLogAppender-LogAppenderDaemon] WARN  server.GrpcLogAppender (GrpcLogAppender.java:mayWait(175)) - omNode-2@group-523986131536->omNode-3-GrpcLogAppender: Wait interrupted by java.lang.InterruptedException
2021-10-17 01:40:57,338 [omNode-2@group-523986131536->omNode-1-GrpcLogAppender-LogAppenderDaemon] WARN  server.GrpcLogAppender (GrpcLogAppender.java:mayWait(175)) - omNode-2@group-523986131536->omNode-1-GrpcLogAppender: Wait interrupted by java.lang.InterruptedException
2021-10-17 01:40:57,341 [Listener at localhost/11172] INFO  impl.StateMachineUpdater (StateMachineUpdater.java:stopAndJoin(149)) - omNode-2@group-523986131536-StateMachineUpdater: set stopIndex = 35
2021-10-17 01:40:57,341 [omNode-2@group-523986131536-StateMachineUpdater] INFO  ratis.OzoneManagerStateMachine (OzoneManagerStateMachine.java:takeSnapshot(417)) - Current Snapshot Index (t:9, i:35)
2021-10-17 01:40:57,341 [omNode-2@group-523986131536-StateMachineUpdater] INFO  impl.StateMachineUpdater (StateMachineUpdater.java:takeSnapshot(281)) - omNode-2@group-523986131536-StateMachineUpdater: Took a snapshot at index 35
2021-10-17 01:40:57,341 [omNode-2@group-523986131536-StateMachineUpdater] INFO  impl.StateMachineUpdater (StateMachineUpdater.java:lambda$new$0(89)) - omNode-2@group-523986131536-StateMachineUpdater: snapshotIndex: updateIncreasingly 30 -> 35
2021-10-17 01:40:57,341 [omNode-2@group-523986131536-StateMachineUpdater] INFO  ratis.OzoneManagerStateMachine (OzoneManagerStateMachine.java:close(471)) - StateMachine has shutdown. Shutdown OzoneManager if not already shutdown.
2021-10-17 01:40:57,341 [Listener at localhost/11172] INFO  server.RaftServer$Division (ServerState.java:close(419)) - omNode-2@group-523986131536: closes. applyIndex: 35
2021-10-17 01:40:57,342 [omNode-2@group-523986131536-SegmentedRaftLogWorker] INFO  segmented.SegmentedRaftLogWorker (SegmentedRaftLogWorker.java:run(327)) - omNode-2@group-523986131536-SegmentedRaftLogWorker was interrupted, exiting. There are 0 tasks remaining in the queue.
2021-10-17 01:40:57,343 [Listener at localhost/11172] INFO  segmented.SegmentedRaftLogWorker (SegmentedRaftLogWorker.java:close(237)) - omNode-2@group-523986131536-SegmentedRaftLogWorker close()
2021-10-17 01:40:57,343 [Listener at localhost/11172] INFO  server.GrpcService (GrpcService.java:closeImpl(262)) - omNode-2: shutdown server with port 11182 now
2021-10-17 01:40:57,348 [Listener at localhost/11172] INFO  server.GrpcService (GrpcService.java:closeImpl(271)) - omNode-2: shutdown server with port 11182 successfully
2021-10-17 01:40:57,348 [org.apache.ratis.util.JvmPauseMonitor$$Lambda$523/1638607820@1f978041] INFO  util.JvmPauseMonitor (JvmPauseMonitor.java:run(109)) - JvmPauseMonitor-omNode-2: Stopped
2021-10-17 01:40:57,348 [Listener at localhost/11172] INFO  ratis.OzoneManagerDoubleBuffer (OzoneManagerDoubleBuffer.java:stop(437)) - Stopping OMDoubleBuffer flush thread
2021-10-17 01:40:57,348 [OMDoubleBufferFlushThread] INFO  ratis.OzoneManagerDoubleBuffer (OzoneManagerDoubleBuffer.java:flushTransactions(356)) - OMDoubleBuffer flush thread OMDoubleBufferFlushThread is interrupted and will exit. OMDoubleBufferFlushThread
2021-10-17 01:40:57,349 [Listener at localhost/11172] INFO  handler.ContextHandler (ContextHandler.java:doStop(1153)) - Stopped o.e.j.w.WebAppContext@77e9beb8{ozoneManager,/,null,STOPPED}{file:/home/runner/work/ozone/ozone/hadoop-ozone/integration-test/target/test-classes/webapps/ozoneManager}
2021-10-17 01:40:57,350 [Listener at localhost/11172] INFO  server.AbstractConnector (AbstractConnector.java:doStop(381)) - Stopped ServerConnector@7f66ec46{HTTP/1.1, (http/1.1)}{0.0.0.0:11180}
2021-10-17 01:40:57,350 [Listener at localhost/11172] INFO  server.session (HouseKeeper.java:stopScavenging(149)) - node0 Stopped scavenging
2021-10-17 01:40:57,352 [Listener at localhost/11172] INFO  handler.ContextHandler (ContextHandler.java:doStop(1153)) - Stopped o.e.j.s.ServletContextHandler@1d3332fe{static,/static,file:///home/runner/work/ozone/ozone/hadoop-ozone/integration-test/target/test-classes/webapps/static,STOPPED}
2021-10-17 01:40:57,352 [Listener at localhost/11172] INFO  handler.ContextHandler (ContextHandler.java:doStop(1153)) - Stopped o.e.j.s.ServletContextHandler@61d12b9d{logs,/logs,file:///home/runner/work/ozone/ozone/hadoop-ozone/integration-test/target/log,STOPPED}
2021-10-17 01:40:57,355 [Listener at localhost/11172] INFO  om.OzoneManager (OzoneManager.java:initFSOLayout(4357)) - Configured ozone.om.metadata.layout=SIMPLE and disabled optimized OM FS operations
2021-10-17 01:40:57,355 [Listener at localhost/11172] INFO  om.OzoneManager (OzoneManager.java:restart(1385)) - OzoneManager RPC server is listening at localhost/127.0.0.1:11178
2021-10-17 01:40:57,355 [Listener at localhost/11172] INFO  impl.MetricsSystemImpl (MetricsSystemImpl.java:init(158)) - OzoneManager metrics system started (again)
2021-10-17 01:40:57,375 [Listener at localhost/11172] WARN  server.ServerUtils (ServerUtils.java:getDBPath(225)) - ozone.om.db.dirs is not configured. We recommend adding this setting. Falling back to ozone.metadata.dirs instead.
2021-10-17 01:40:57,377 [Listener at localhost/11172] INFO  codec.OmKeyInfoCodec (OmKeyInfoCodec.java:<init>(51)) - OmKeyInfoCodec ignorePipeline = true
2021-10-17 01:40:57,377 [Listener at localhost/11172] INFO  codec.RepeatedOmKeyInfoCodec (RepeatedOmKeyInfoCodec.java:<init>(42)) - RepeatedOmKeyInfoCodec ignorePipeline = true
2021-10-17 01:40:57,419 [Listener at localhost/11172] WARN  impl.MetricRegistriesImpl (MetricRegistriesImpl.java:addReporterRegistration(111)) - New reporters are added after registries were created. Some metrics will be missing from the reporter. Please add reporter before adding any new registry.
2021-10-17 01:40:57,419 [Listener at localhost/11172] WARN  impl.MetricRegistriesImpl (MetricRegistriesImpl.java:addReporterRegistration(111)) - New reporters are added after registries were created. Some metrics will be missing from the reporter. Please add reporter before adding any new registry.
2021-10-17 01:40:57,420 [Listener at localhost/11172] WARN  server.ServerUtils (ServerUtils.java:getDefaultRatisDirectory(237)) - Storage directory for Ratis is not configured. It is a good idea to map this to an SSD disk. Falling back to ozone.metadata.dirs
2021-10-17 01:40:57,420 [Listener at localhost/11172] INFO  ratis.OzoneManagerRatisServer (OzoneManagerRatisServer.java:<init>(159)) - Instantiating OM Ratis server with groupID: om-service-test1 and peers: localhost:11182, localhost:11188, localhost:11176
2021-10-17 01:40:57,421 [Listener at localhost/11172] INFO  ratis.OzoneManagerStateMachine (OzoneManagerStateMachine.java:loadSnapshotInfoFromDB(605)) - LastAppliedIndex is set from TransactionInfo from OM DB as (t:9, i:35)
2021-10-17 01:40:57,421 [Listener at localhost/11172] INFO  server.RaftServer (ConfUtils.java:logGet(44)) - raft.rpc.type = GRPC (default)
2021-10-17 01:40:57,422 [Listener at localhost/11172] INFO  grpc.GrpcFactory (GrpcFactory.java:checkPooledByteBufAllocatorUseCacheForAllThreads(48)) - PERFORMANCE WARNING: useCacheForAllThreads is true that may cause Netty to create a lot garbage objects and, as a result, trigger GC.
	It is recommended to disable useCacheForAllThreads by setting -Dorg.apache.ratis.thirdparty.io.netty.allocator.useCacheForAllThreads=false in command line.
2021-10-17 01:40:57,422 [Listener at localhost/11172] INFO  grpc.GrpcConfigKeys (ConfUtils.java:logGet(44)) - raft.grpc.admin.port = -1 (default)
2021-10-17 01:40:57,422 [Listener at localhost/11172] INFO  grpc.GrpcConfigKeys (ConfUtils.java:logGet(44)) - raft.grpc.server.port = 11182 (custom)
2021-10-17 01:40:57,422 [Listener at localhost/11172] INFO  grpc.GrpcConfigKeys (ConfUtils.java:logGet(44)) - raft.grpc.client.port = -1 (default)
2021-10-17 01:40:57,422 [Listener at localhost/11172] INFO  grpc.GrpcConfigKeys (ConfUtils.java:logGet(44)) - raft.grpc.server.port = 11182 (custom)
2021-10-17 01:40:57,422 [Listener at localhost/11172] INFO  grpc.GrpcConfigKeys (ConfUtils.java:logGet(44)) - raft.grpc.server.port = 11182 (custom)
2021-10-17 01:40:57,422 [Listener at localhost/11172] INFO  server.GrpcService (ConfUtils.java:logGet(44)) - raft.grpc.message.size.max = 33554432 (custom)
2021-10-17 01:40:57,422 [Listener at localhost/11172] INFO  server.RaftServerConfigKeys (ConfUtils.java:logGet(44)) - raft.server.log.appender.buffer.byte-limit = 33554432 (custom)
2021-10-17 01:40:57,422 [Listener at localhost/11172] INFO  server.GrpcService (ConfUtils.java:logGet(44)) - raft.grpc.flow.control.window = 1MB (=1048576) (default)
2021-10-17 01:40:57,422 [Listener at localhost/11172] INFO  server.RaftServerConfigKeys (ConfUtils.java:logGet(44)) - raft.server.rpc.request.timeout = 3000ms (default)
2021-10-17 01:40:57,423 [Listener at localhost/11172] INFO  impl.DataStreamServerImpl (ConfUtils.java:logGet(44)) - raft.datastream.type = DISABLED (default)
2021-10-17 01:40:57,423 [Listener at localhost/11172] INFO  server.RaftServerConfigKeys (ConfUtils.java:logGet(44)) - raft.server.rpc.slowness.timeout = 2s (custom)
2021-10-17 01:40:57,424 [Listener at localhost/11172] INFO  server.RaftServerConfigKeys (ConfUtils.java:logGet(44)) - raft.server.leaderelection.leader.step-down.wait-time = 10s (default)
2021-10-17 01:40:57,424 [Listener at localhost/11172] INFO  server.RaftServerConfigKeys (ConfUtils.java:logGet(44)) - raft.server.storage.dir = [/home/runner/work/ozone/ozone/hadoop-ozone/integration-test/target/test-dir/MiniOzoneClusterImpl-e6b5673d-0e05-4a61-970a-b11d77d0bde6/omNode-2/ratis] (custom)
2021-10-17 01:40:57,424 [Listener at localhost/11172] INFO  server.RaftServer (RaftServerProxy.java:lambda$null$1(235)) - omNode-2: found a subdirectory /home/runner/work/ozone/ozone/hadoop-ozone/integration-test/target/test-dir/MiniOzoneClusterImpl-e6b5673d-0e05-4a61-970a-b11d77d0bde6/omNode-2/ratis/c9bc4cf4-3bc3-3c60-a66b-523986131536
2021-10-17 01:40:57,424 [Listener at localhost/11172] INFO  server.RaftServer (RaftServerProxy.java:addNew(95)) - omNode-2: addNew group-523986131536:[omNode-3|rpc:localhost:11188|priority:0, omNode-1|rpc:localhost:11176|priority:0, omNode-2|rpc:localhost:11182|priority:0] returns group-523986131536:java.util.concurrent.CompletableFuture@4c436403[Not completed]
2021-10-17 01:40:57,424 [Listener at localhost/11172] INFO  om.OzoneManager (OzoneManager.java:initializeRatisServer(1605)) - OzoneManager Ratis server initialized at port 11182
2021-10-17 01:40:57,424 [Listener at localhost/11172] INFO  ratis.OzoneManagerRatisServer (OzoneManagerRatisServer.java:start(520)) - Starting OzoneManagerRatisServer omNode-2 at port 11182
2021-10-17 01:40:57,424 [pool-391-thread-1] INFO  server.RaftServer$Division (RaftServerImpl.java:<init>(181)) - omNode-2: new RaftServerImpl for group-523986131536:[omNode-3|rpc:localhost:11188|priority:0, omNode-1|rpc:localhost:11176|priority:0, omNode-2|rpc:localhost:11182|priority:0] with OzoneManagerStateMachine:uninitialized
2021-10-17 01:40:57,425 [pool-391-thread-1] INFO  server.RaftServerConfigKeys (ConfUtils.java:logGet(44)) - raft.server.rpc.timeout.min = 1s (custom)
2021-10-17 01:40:57,425 [pool-391-thread-1] INFO  server.RaftServerConfigKeys (ConfUtils.java:logGet(44)) - raft.server.rpc.timeout.max = 1200ms (custom)
2021-10-17 01:40:57,425 [pool-391-thread-1] INFO  server.RaftServerConfigKeys (ConfUtils.java:logGet(44)) - raft.server.rpc.sleep.time = 25ms (default)
2021-10-17 01:40:57,425 [pool-391-thread-1] INFO  server.RaftServerConfigKeys (ConfUtils.java:logGet(44)) - raft.server.rpc.slowness.timeout = 2s (custom)
2021-10-17 01:40:57,425 [pool-391-thread-1] INFO  server.RaftServerConfigKeys (ConfUtils.java:logGet(44)) - raft.server.leaderelection.leader.step-down.wait-time = 10s (default)
2021-10-17 01:40:57,425 [pool-391-thread-1] INFO  server.RaftServerConfigKeys (ConfUtils.java:logGet(44)) - raft.server.sleep.deviation.threshold = 300ms (default)
2021-10-17 01:40:57,425 [pool-391-thread-1] INFO  server.RaftServerConfigKeys (ConfUtils.java:logGet(44)) - raft.server.log.appender.install.snapshot.enabled = false (custom)
2021-10-17 01:40:57,426 [pool-391-thread-1] INFO  server.RaftServer$Division (ServerState.java:<init>(105)) - omNode-2@group-523986131536: ConfigurationManager, init=-1: [omNode-3|rpc:localhost:11188|priority:0, omNode-1|rpc:localhost:11176|priority:0, omNode-2|rpc:localhost:11182|priority:0], old=null, confs=<EMPTY_MAP>
2021-10-17 01:40:57,426 [pool-391-thread-1] INFO  server.RaftServerConfigKeys (ConfUtils.java:logGet(44)) - raft.server.storage.dir = [/home/runner/work/ozone/ozone/hadoop-ozone/integration-test/target/test-dir/MiniOzoneClusterImpl-e6b5673d-0e05-4a61-970a-b11d77d0bde6/omNode-2/ratis] (custom)
2021-10-17 01:40:57,426 [pool-391-thread-1] INFO  server.RaftServerConfigKeys (ConfUtils.java:logGet(44)) - raft.server.log.corruption.policy = EXCEPTION (default)
2021-10-17 01:40:57,426 [pool-391-thread-1] INFO  server.RaftServerConfigKeys (ConfUtils.java:logGet(44)) - raft.server.storage.free-space.min = 0MB (=0) (default)
2021-10-17 01:40:57,426 [pool-391-thread-1] INFO  storage.RaftStorageDirectory (RaftStorageDirectoryImpl.java:tryLock(230)) - Lock on /home/runner/work/ozone/ozone/hadoop-ozone/integration-test/target/test-dir/MiniOzoneClusterImpl-e6b5673d-0e05-4a61-970a-b11d77d0bde6/omNode-2/ratis/c9bc4cf4-3bc3-3c60-a66b-523986131536/in_use.lock acquired by nodename 15180@fv-az151-444
2021-10-17 01:40:57,427 [pool-391-thread-1] INFO  storage.RaftStorage (RaftStorageImpl.java:analyzeAndRecoverStorage(110)) - Read RaftStorageMetadata{term=9, votedFor=omNode-2} from /home/runner/work/ozone/ozone/hadoop-ozone/integration-test/target/test-dir/MiniOzoneClusterImpl-e6b5673d-0e05-4a61-970a-b11d77d0bde6/omNode-2/ratis/c9bc4cf4-3bc3-3c60-a66b-523986131536/current/raft-meta
2021-10-17 01:40:57,427 [pool-391-thread-1] INFO  server.RaftServer$Division (ServerState.java:setRaftConf(387)) - omNode-2@group-523986131536: set configuration 32: [omNode-3|rpc:localhost:11188|admin:|client:|dataStream:|priority:0, omNode-1|rpc:localhost:11176|admin:|client:|dataStream:|priority:0, omNode-2|rpc:localhost:11182|admin:|client:|dataStream:|priority:0], old=null
2021-10-17 01:40:57,427 [pool-391-thread-1] INFO  server.RaftServerConfigKeys (ConfUtils.java:logGet(44)) - raft.server.notification.no-leader.timeout = 2s (custom)
2021-10-17 01:40:57,427 [pool-391-thread-1] INFO  server.RaftServerConfigKeys (ConfUtils.java:logGet(44)) - raft.server.log.use.memory = false (default)
2021-10-17 01:40:57,427 [pool-391-thread-1] INFO  server.RaftServerConfigKeys (ConfUtils.java:logGet(44)) - raft.server.log.purge.gap = 50 (custom)
2021-10-17 01:40:57,427 [pool-391-thread-1] INFO  server.RaftServerConfigKeys (ConfUtils.java:logGet(44)) - raft.server.log.appender.buffer.byte-limit = 33554432 (custom)
2021-10-17 01:40:57,427 [pool-391-thread-1] INFO  server.RaftServerConfigKeys (ConfUtils.java:logGet(44)) - raft.server.log.segment.size.max = 4194304 (custom)
2021-10-17 01:40:57,428 [pool-391-thread-1] INFO  server.RaftServerConfigKeys (ConfUtils.java:logGet(44)) - raft.server.log.segment.cache.num.max = 2 (custom)
2021-10-17 01:40:57,428 [pool-391-thread-1] INFO  server.RaftServerConfigKeys (ConfUtils.java:logGet(44)) - raft.server.log.segment.cache.size.max = 200MB (=209715200) (default)
2021-10-17 01:40:57,428 [pool-391-thread-1] INFO  segmented.SegmentedRaftLogWorker (SegmentedRaftLogWorker.java:<init>(182)) - new omNode-2@group-523986131536-SegmentedRaftLogWorker for RaftStorageImpl:Storage Directory /home/runner/work/ozone/ozone/hadoop-ozone/integration-test/target/test-dir/MiniOzoneClusterImpl-e6b5673d-0e05-4a61-970a-b11d77d0bde6/omNode-2/ratis/c9bc4cf4-3bc3-3c60-a66b-523986131536
2021-10-17 01:40:57,428 [pool-391-thread-1] INFO  server.RaftServerConfigKeys (ConfUtils.java:logGet(44)) - raft.server.log.queue.byte-limit = 64MB (=67108864) (default)
2021-10-17 01:40:57,428 [pool-391-thread-1] INFO  server.RaftServerConfigKeys (ConfUtils.java:logGet(44)) - raft.server.log.queue.element-limit = 4096 (default)
2021-10-17 01:40:57,428 [pool-391-thread-1] INFO  server.RaftServerConfigKeys (ConfUtils.java:logGet(44)) - raft.server.log.segment.size.max = 4194304 (custom)
2021-10-17 01:40:57,428 [pool-391-thread-1] INFO  server.RaftServerConfigKeys (ConfUtils.java:logGet(44)) - raft.server.log.preallocated.size = 4194304 (custom)
2021-10-17 01:40:57,428 [pool-391-thread-1] INFO  server.RaftServerConfigKeys (ConfUtils.java:logGet(44)) - raft.server.log.force.sync.num = 128 (default)
2021-10-17 01:40:57,428 [pool-391-thread-1] INFO  server.RaftServerConfigKeys (ConfUtils.java:logGet(44)) - raft.server.log.statemachine.data.sync = true (default)
2021-10-17 01:40:57,428 [pool-391-thread-1] INFO  server.RaftServerConfigKeys (ConfUtils.java:logGet(44)) - raft.server.log.statemachine.data.sync.timeout = 10s (default)
2021-10-17 01:40:57,428 [pool-391-thread-1] INFO  server.RaftServerConfigKeys (ConfUtils.java:logGet(44)) - raft.server.log.statemachine.data.sync.timeout.retry = -1 (default)
2021-10-17 01:40:57,429 [pool-391-thread-1] INFO  server.RaftServerConfigKeys (ConfUtils.java:logGet(44)) - raft.server.log.write.buffer.size = 64KB (=65536) (default)
2021-10-17 01:40:57,429 [pool-391-thread-1] INFO  server.RaftServerConfigKeys (ConfUtils.java:logGet(44)) - raft.server.log.statemachine.data.caching.enabled = false (default)
2021-10-17 01:40:57,430 [pool-391-thread-1] INFO  server.RaftServer$Division (ServerState.java:setRaftConf(387)) - omNode-2@group-523986131536: set configuration 21: [omNode-3|rpc:localhost:11188|admin:|client:|dataStream:|priority:0, omNode-1|rpc:localhost:11176|admin:|client:|dataStream:|priority:0, omNode-2|rpc:localhost:11182|admin:|client:|dataStream:|priority:0], old=null
2021-10-17 01:40:57,430 [pool-391-thread-1] INFO  segmented.LogSegment (LogSegment.java:loadSegment(173)) - Successfully read 2 entries from segment file /home/runner/work/ozone/ozone/hadoop-ozone/integration-test/target/test-dir/MiniOzoneClusterImpl-e6b5673d-0e05-4a61-970a-b11d77d0bde6/omNode-2/ratis/c9bc4cf4-3bc3-3c60-a66b-523986131536/current/log_21-22
2021-10-17 01:40:57,430 [pool-391-thread-1] INFO  server.RaftServer$Division (ServerState.java:setRaftConf(387)) - omNode-2@group-523986131536: set configuration 23: [omNode-3|rpc:localhost:11188|admin:|client:|dataStream:|priority:0, omNode-1|rpc:localhost:11176|admin:|client:|dataStream:|priority:0, omNode-2|rpc:localhost:11182|admin:|client:|dataStream:|priority:0], old=null
2021-10-17 01:40:57,430 [pool-391-thread-1] INFO  segmented.LogSegment (LogSegment.java:loadSegment(173)) - Successfully read 4 entries from segment file /home/runner/work/ozone/ozone/hadoop-ozone/integration-test/target/test-dir/MiniOzoneClusterImpl-e6b5673d-0e05-4a61-970a-b11d77d0bde6/omNode-2/ratis/c9bc4cf4-3bc3-3c60-a66b-523986131536/current/log_23-26
2021-10-17 01:40:57,430 [pool-391-thread-1] INFO  server.RaftServer$Division (ServerState.java:setRaftConf(387)) - omNode-2@group-523986131536: set configuration 27: [omNode-3|rpc:localhost:11188|admin:|client:|dataStream:|priority:0, omNode-1|rpc:localhost:11176|admin:|client:|dataStream:|priority:0, omNode-2|rpc:localhost:11182|admin:|client:|dataStream:|priority:0], old=null
2021-10-17 01:40:57,430 [pool-391-thread-1] INFO  segmented.LogSegment (LogSegment.java:loadSegment(173)) - Successfully read 4 entries from segment file /home/runner/work/ozone/ozone/hadoop-ozone/integration-test/target/test-dir/MiniOzoneClusterImpl-e6b5673d-0e05-4a61-970a-b11d77d0bde6/omNode-2/ratis/c9bc4cf4-3bc3-3c60-a66b-523986131536/current/log_27-30
2021-10-17 01:40:57,430 [pool-391-thread-1] INFO  server.RaftServer$Division (ServerState.java:setRaftConf(387)) - omNode-2@group-523986131536: set configuration 31: [omNode-3|rpc:localhost:11188|admin:|client:|dataStream:|priority:0, omNode-1|rpc:localhost:11176|admin:|client:|dataStream:|priority:0, omNode-2|rpc:localhost:11182|admin:|client:|dataStream:|priority:0], old=null
2021-10-17 01:40:57,430 [pool-391-thread-1] INFO  segmented.LogSegment (LogSegment.java:loadSegment(173)) - Successfully read 1 entries from segment file /home/runner/work/ozone/ozone/hadoop-ozone/integration-test/target/test-dir/MiniOzoneClusterImpl-e6b5673d-0e05-4a61-970a-b11d77d0bde6/omNode-2/ratis/c9bc4cf4-3bc3-3c60-a66b-523986131536/current/log_31-31
2021-10-17 01:40:57,431 [pool-391-thread-1] INFO  server.RaftServer$Division (ServerState.java:setRaftConf(387)) - omNode-2@group-523986131536: set configuration 32: [omNode-3|rpc:localhost:11188|admin:|client:|dataStream:|priority:0, omNode-1|rpc:localhost:11176|admin:|client:|dataStream:|priority:0, omNode-2|rpc:localhost:11182|admin:|client:|dataStream:|priority:0], old=null
2021-10-17 01:40:57,431 [pool-391-thread-1] INFO  segmented.LogSegment (LogSegment.java:loadSegment(173)) - Successfully read 4 entries from segment file /home/runner/work/ozone/ozone/hadoop-ozone/integration-test/target/test-dir/MiniOzoneClusterImpl-e6b5673d-0e05-4a61-970a-b11d77d0bde6/omNode-2/ratis/c9bc4cf4-3bc3-3c60-a66b-523986131536/current/log_inprogress_32
2021-10-17 01:40:57,431 [pool-391-thread-1] INFO  segmented.SegmentedRaftLogWorker (SegmentedRaftLogWorker.java:lambda$new$0(133)) - omNode-2@group-523986131536-SegmentedRaftLogWorker: flushIndex: setUnconditionally 0 -> 35
2021-10-17 01:40:57,431 [pool-391-thread-1] INFO  segmented.SegmentedRaftLogWorker (SegmentedRaftLogWorker.java:lambda$new$0(133)) - omNode-2@group-523986131536-SegmentedRaftLogWorker: safeCacheEvictIndex: setUnconditionally 0 -> 31
2021-10-17 01:40:57,431 [pool-391-thread-1] INFO  raftlog.RaftLog (RaftLogBase.java:lambda$new$0(53)) - omNode-2@group-523986131536-SegmentedRaftLog: commitIndex: updateToMax old=35, new=34, updated? false
2021-10-17 01:40:57,431 [pool-391-thread-1] INFO  raftlog.RaftLog (RaftLogBase.java:lambda$new$0(53)) - omNode-2@group-523986131536-SegmentedRaftLog: purgeIndex: updateIncreasingly -1 -> 20
2021-10-17 01:40:57,431 [pool-391-thread-1] INFO  server.RaftServerConfigKeys (ConfUtils.java:logGet(44)) - raft.server.snapshot.auto.trigger.enabled = true (custom)
2021-10-17 01:40:57,431 [pool-391-thread-1] INFO  server.RaftServerConfigKeys (ConfUtils.java:logGet(44)) - raft.server.snapshot.auto.trigger.threshold = 50 (custom)
2021-10-17 01:40:57,431 [pool-391-thread-1] INFO  server.RaftServerConfigKeys (ConfUtils.java:logGet(44)) - raft.server.snapshot.retention.file.num = -1 (default)
2021-10-17 01:40:57,431 [pool-391-thread-1] INFO  server.RaftServerConfigKeys (ConfUtils.java:logGet(44)) - raft.server.log.purge.upto.snapshot.index = true (custom)
2021-10-17 01:40:57,431 [pool-391-thread-1] INFO  server.RaftServerConfigKeys (ConfUtils.java:logGet(44)) - raft.server.retrycache.expirytime = 30000ms (custom)
2021-10-17 01:40:57,431 [pool-391-thread-1] INFO  server.RaftServerConfigKeys (ConfUtils.java:logGet(44)) - raft.server.retrycache.statistics.expirytime = 100μs (default)
2021-10-17 01:40:57,432 [Listener at localhost/11172] INFO  server.RaftServer$Division (RaftServerImpl.java:start(296)) - omNode-2@group-523986131536: start as a follower, conf=32: [omNode-3|rpc:localhost:11188|admin:|client:|dataStream:|priority:0, omNode-1|rpc:localhost:11176|admin:|client:|dataStream:|priority:0, omNode-2|rpc:localhost:11182|admin:|client:|dataStream:|priority:0], old=null
2021-10-17 01:40:57,432 [Listener at localhost/11172] INFO  server.RaftServer$Division (RaftServerImpl.java:setRole(285)) - omNode-2@group-523986131536: changes role from      null to FOLLOWER at term 9 for startAsFollower
2021-10-17 01:40:57,432 [Listener at localhost/11172] INFO  impl.RoleInfo (RoleInfo.java:updateAndGet(130)) - omNode-2: start omNode-2@group-523986131536-FollowerState
2021-10-17 01:40:57,433 [Listener at localhost/11172] INFO  util.JmxRegister (JmxRegister.java:tryRegister(44)) - Successfully registered JMX Bean with object name Ratis:service=RaftServer,group=group-523986131536,id=omNode-2
2021-10-17 01:40:57,433 [Listener at localhost/11172] INFO  server.RaftServer (RaftServerProxy.java:lambda$start$5(374)) - omNode-2: start RPC server
2021-10-17 01:40:57,434 [Listener at localhost/11172] INFO  server.GrpcService (GrpcService.java:startImpl(253)) - omNode-2: GrpcService started, listening on 11182
2021-10-17 01:40:57,434 [Listener at localhost/11172] INFO  ipc.CallQueueManager (CallQueueManager.java:<init>(90)) - Using callQueue: class java.util.concurrent.LinkedBlockingQueue, queueCapacity: 2000, scheduler: class org.apache.hadoop.ipc.DefaultRpcScheduler, ipcBackoff: false.
2021-10-17 01:40:57,435 [org.apache.ratis.util.JvmPauseMonitor$$Lambda$523/1638607820@7c5a42e6] INFO  util.JvmPauseMonitor (JvmPauseMonitor.java:run(103)) - JvmPauseMonitor-omNode-2: Started
2021-10-17 01:40:57,435 [Socket Reader #1 for port 11178] INFO  ipc.Server (Server.java:run(1265)) - Starting Socket Reader #1 for port 11178
2021-10-17 01:40:57,439 [Listener at localhost/11178] INFO  http.BaseHttpServer (BaseHttpServer.java:newHttpServer2BuilderForOzone(209)) - Starting Web-server for ozoneManager at: http://0.0.0.0:11180
2021-10-17 01:40:57,439 [Listener at localhost/11178] INFO  http.BaseHttpServer (BaseHttpServer.java:<init>(107)) - Hadoop Security Enabled: false Ozone Security Enabled: false Ozone HTTP Security Enabled: false 
2021-10-17 01:40:57,440 [Listener at localhost/11178] INFO  server.AuthenticationFilter (AuthenticationFilter.java:constructSecretProvider(240)) - Unable to initialize FileSignerSecretProvider, falling back to use random secrets.
2021-10-17 01:40:57,440 [Listener at localhost/11178] WARN  http.HttpRequestLog (HttpRequestLog.java:getRequestLog(103)) - Jetty request log can only be enabled using Log4j
2021-10-17 01:40:57,441 [Listener at localhost/11178] INFO  http.HttpServer2 (HttpServer2.java:addGlobalFilter(1030)) - Added global filter 'safety' (class=org.apache.hadoop.hdds.server.http.HttpServer2$QuotingInputFilter)
2021-10-17 01:40:57,442 [Listener at localhost/11178] INFO  http.HttpServer2 (HttpServer2.java:addFilter(1006)) - Added filter static_user_filter (class=org.apache.hadoop.http.lib.StaticUserWebFilter$StaticUserFilter) to context ozoneManager
2021-10-17 01:40:57,442 [Listener at localhost/11178] INFO  http.HttpServer2 (HttpServer2.java:addFilter(1014)) - Added filter static_user_filter (class=org.apache.hadoop.http.lib.StaticUserWebFilter$StaticUserFilter) to context logs
2021-10-17 01:40:57,442 [Listener at localhost/11178] INFO  http.HttpServer2 (HttpServer2.java:addFilter(1014)) - Added filter static_user_filter (class=org.apache.hadoop.http.lib.StaticUserWebFilter$StaticUserFilter) to context static
2021-10-17 01:40:57,443 [Listener at localhost/11178] INFO  http.HttpServer2 (HttpServer2.java:bindListener(1249)) - Jetty bound to port 11180
2021-10-17 01:40:57,443 [Listener at localhost/11178] INFO  server.Server (Server.java:doStart(375)) - jetty-9.4.43.v20210629; built: 2021-06-30T11:07:22.254Z; git: 526006ecfa3af7f1a27ef3a288e2bef7ea9dd7e8; jvm 1.8.0_292-b10
2021-10-17 01:40:57,444 [Listener at localhost/11178] INFO  server.session (DefaultSessionIdManager.java:doStart(334)) - DefaultSessionIdManager workerName=node0
2021-10-17 01:40:57,444 [Listener at localhost/11178] INFO  server.session (DefaultSessionIdManager.java:doStart(339)) - No SessionScavenger set, using defaults
2021-10-17 01:40:57,444 [Listener at localhost/11178] INFO  server.session (HouseKeeper.java:startScavenging(132)) - node0 Scavenging every 660000ms
2021-10-17 01:40:57,445 [Listener at localhost/11178] INFO  handler.ContextHandler (ContextHandler.java:doStart(915)) - Started o.e.j.s.ServletContextHandler@4865c279{logs,/logs,file:///home/runner/work/ozone/ozone/hadoop-ozone/integration-test/target/log,AVAILABLE}
2021-10-17 01:40:57,445 [Listener at localhost/11178] INFO  handler.ContextHandler (ContextHandler.java:doStart(915)) - Started o.e.j.s.ServletContextHandler@7f2d8303{static,/static,file:///home/runner/work/ozone/ozone/hadoop-ozone/integration-test/target/test-classes/webapps/static,AVAILABLE}
2021-10-17 01:40:57,448 [Listener at localhost/11178] INFO  handler.ContextHandler (ContextHandler.java:doStart(915)) - Started o.e.j.w.WebAppContext@70c636c8{ozoneManager,/,file:///home/runner/work/ozone/ozone/hadoop-ozone/integration-test/target/test-classes/webapps/ozoneManager/,AVAILABLE}{file:/home/runner/work/ozone/ozone/hadoop-ozone/integration-test/target/test-classes/webapps/ozoneManager}
2021-10-17 01:40:57,449 [Listener at localhost/11178] INFO  server.AbstractConnector (AbstractConnector.java:doStart(331)) - Started ServerConnector@795cd237{HTTP/1.1, (http/1.1)}{0.0.0.0:11180}
2021-10-17 01:40:57,449 [Listener at localhost/11178] INFO  server.Server (Server.java:doStart(415)) - Started @414172ms
2021-10-17 01:40:57,449 [Listener at localhost/11178] WARN  impl.MetricsSystemImpl (MetricsSystemImpl.java:register(279)) - Sink prometheus already exists!
2021-10-17 01:40:57,450 [Listener at localhost/11178] INFO  http.BaseHttpServer (BaseHttpServer.java:updateConnectorAddress(329)) - HTTP server of ozoneManager listening at http://0.0.0.0:11180
2021-10-17 01:40:57,450 [IPC Server Responder] INFO  ipc.Server (Server.java:run(1507)) - IPC Server Responder: starting
2021-10-17 01:40:57,454 [IPC Server listener on 11178] INFO  ipc.Server (Server.java:run(1344)) - IPC Server listener on 11178: starting
2021-10-17 01:40:57,474 [Listener at localhost/11178] INFO  om.OzoneManager (OzoneManager.java:startTrashEmptier(1563)) - Trash Interval set to 0. Files deleted will not move to trash
2021-10-17 01:40:57,480 [org.apache.hadoop.util.JvmPauseMonitor$Monitor@44145e52] INFO  util.JvmPauseMonitor (JvmPauseMonitor.java:run(188)) - Starting JVM pause monitor
]]></system-out>
  </testcase>
  <testcase name="testPrepareWithRestart" classname="org.apache.hadoop.ozone.om.TestOzoneManagerPrepare" time="125.503">
    <error message="timeout: after 120000 millis" type="java.util.concurrent.TimeoutException">java.util.concurrent.TimeoutException: timeout: after 120000 millis
	at org.apache.ozone.test.LambdaTestUtils$GenerateTimeout.evaluate(LambdaTestUtils.java:677)
	at org.apache.ozone.test.LambdaTestUtils.await(LambdaTestUtils.java:154)
	at org.apache.ozone.test.LambdaTestUtils.await(LambdaTestUtils.java:192)
	at org.apache.hadoop.ozone.om.TestOzoneManagerPrepare.assertClusterNotPrepared(TestOzoneManagerPrepare.java:484)
	at org.apache.hadoop.ozone.om.TestOzoneManagerPrepare.assertClusterNotPrepared(TestOzoneManagerPrepare.java:478)
	at org.apache.hadoop.ozone.om.TestOzoneManagerPrepare.initOM(TestOzoneManagerPrepare.java:91)
	at sun.reflect.NativeMethodAccessorImpl.invoke0(Native Method)
	at sun.reflect.NativeMethodAccessorImpl.invoke(NativeMethodAccessorImpl.java:62)
	at sun.reflect.DelegatingMethodAccessorImpl.invoke(DelegatingMethodAccessorImpl.java:43)
	at java.lang.reflect.Method.invoke(Method.java:498)
	at org.junit.runners.model.FrameworkMethod$1.runReflectiveCall(FrameworkMethod.java:59)
	at org.junit.internal.runners.model.ReflectiveCallable.run(ReflectiveCallable.java:12)
	at org.junit.runners.model.FrameworkMethod.invokeExplosively(FrameworkMethod.java:56)
	at org.junit.internal.runners.statements.RunBefores.invokeMethod(RunBefores.java:33)
	at org.junit.internal.runners.statements.RunBefores.evaluate(RunBefores.java:24)
	at org.junit.internal.runners.statements.RunAfters.evaluate(RunAfters.java:27)
	at org.junit.rules.ExpectedException$ExpectedExceptionStatement.evaluate(ExpectedException.java:258)
	at org.junit.internal.runners.statements.FailOnTimeout$CallableStatement.call(FailOnTimeout.java:288)
	at org.junit.internal.runners.statements.FailOnTimeout$CallableStatement.call(FailOnTimeout.java:282)
	at java.util.concurrent.FutureTask.run(FutureTask.java:266)
	at java.lang.Thread.run(Thread.java:748)
</error>
    <system-out><![CDATA[2021-10-17 01:40:57,487 [Time-limited test] INFO  retry.RetryInvocationHandler (RetryInvocationHandler.java:log(411)) - com.google.protobuf.ServiceException: org.apache.hadoop.ipc.RemoteException(org.apache.hadoop.ozone.om.exceptions.OMNotLeaderException): OM:omNode-2 is not the leader. Could not determine the leader node.
	at org.apache.hadoop.ozone.om.ratis.utils.OzoneManagerRatisUtils.createNotLeaderException(OzoneManagerRatisUtils.java:465)
	at org.apache.hadoop.ozone.om.ratis.utils.OzoneManagerRatisUtils.checkLeaderStatus(OzoneManagerRatisUtils.java:451)
	at org.apache.hadoop.ozone.protocolPB.OzoneManagerProtocolServerSideTranslatorPB.checkLeaderStatus(OzoneManagerProtocolServerSideTranslatorPB.java:243)
	at org.apache.hadoop.ozone.protocolPB.OzoneManagerProtocolServerSideTranslatorPB.processRequest(OzoneManagerProtocolServerSideTranslatorPB.java:135)
	at org.apache.hadoop.hdds.server.OzoneProtocolMessageDispatcher.processRequest(OzoneProtocolMessageDispatcher.java:87)
	at org.apache.hadoop.ozone.protocolPB.OzoneManagerProtocolServerSideTranslatorPB.submitRequest(OzoneManagerProtocolServerSideTranslatorPB.java:123)
	at org.apache.hadoop.ozone.protocol.proto.OzoneManagerProtocolProtos$OzoneManagerService$2.callBlockingMethod(OzoneManagerProtocolProtos.java)
	at org.apache.hadoop.ipc.ProtobufRpcEngine$Server.processCall(ProtobufRpcEngine.java:466)
	at org.apache.hadoop.ipc.ProtobufRpcEngine2$Server$ProtoBufRpcInvoker.call(ProtobufRpcEngine2.java:574)
	at org.apache.hadoop.ipc.ProtobufRpcEngine2$Server$ProtoBufRpcInvoker.call(ProtobufRpcEngine2.java:552)
	at org.apache.hadoop.ipc.RPC$Server.call(RPC.java:1093)
	at org.apache.hadoop.ipc.Server$RpcCall.run(Server.java:1035)
	at org.apache.hadoop.ipc.Server$RpcCall.run(Server.java:963)
	at java.security.AccessController.doPrivileged(Native Method)
	at javax.security.auth.Subject.doAs(Subject.java:422)
	at org.apache.hadoop.security.UserGroupInformation.doAs(UserGroupInformation.java:1878)
	at org.apache.hadoop.ipc.Server$Handler.run(Server.java:2966)
, while invoking $Proxy52.submitRequest over nodeId=omNode-2,nodeAddress=127.0.0.1:11178. Trying to failover immediately.
2021-10-17 01:40:57,491 [Time-limited test] INFO  retry.RetryInvocationHandler (RetryInvocationHandler.java:log(411)) - com.google.protobuf.ServiceException: org.apache.hadoop.ipc.RemoteException(org.apache.hadoop.ozone.om.exceptions.OMNotLeaderException): OM:omNode-3 is not the leader. Could not determine the leader node.
	at org.apache.hadoop.ozone.om.ratis.utils.OzoneManagerRatisUtils.createNotLeaderException(OzoneManagerRatisUtils.java:465)
	at org.apache.hadoop.ozone.om.ratis.utils.OzoneManagerRatisUtils.checkLeaderStatus(OzoneManagerRatisUtils.java:451)
	at org.apache.hadoop.ozone.protocolPB.OzoneManagerProtocolServerSideTranslatorPB.checkLeaderStatus(OzoneManagerProtocolServerSideTranslatorPB.java:243)
	at org.apache.hadoop.ozone.protocolPB.OzoneManagerProtocolServerSideTranslatorPB.processRequest(OzoneManagerProtocolServerSideTranslatorPB.java:135)
	at org.apache.hadoop.hdds.server.OzoneProtocolMessageDispatcher.processRequest(OzoneProtocolMessageDispatcher.java:87)
	at org.apache.hadoop.ozone.protocolPB.OzoneManagerProtocolServerSideTranslatorPB.submitRequest(OzoneManagerProtocolServerSideTranslatorPB.java:123)
	at org.apache.hadoop.ozone.protocol.proto.OzoneManagerProtocolProtos$OzoneManagerService$2.callBlockingMethod(OzoneManagerProtocolProtos.java)
	at org.apache.hadoop.ipc.ProtobufRpcEngine$Server.processCall(ProtobufRpcEngine.java:466)
	at org.apache.hadoop.ipc.ProtobufRpcEngine2$Server$ProtoBufRpcInvoker.call(ProtobufRpcEngine2.java:574)
	at org.apache.hadoop.ipc.ProtobufRpcEngine2$Server$ProtoBufRpcInvoker.call(ProtobufRpcEngine2.java:552)
	at org.apache.hadoop.ipc.RPC$Server.call(RPC.java:1093)
	at org.apache.hadoop.ipc.Server$RpcCall.run(Server.java:1035)
	at org.apache.hadoop.ipc.Server$RpcCall.run(Server.java:963)
	at java.security.AccessController.doPrivileged(Native Method)
	at javax.security.auth.Subject.doAs(Subject.java:422)
	at org.apache.hadoop.security.UserGroupInformation.doAs(UserGroupInformation.java:1878)
	at org.apache.hadoop.ipc.Server$Handler.run(Server.java:2966)
, while invoking $Proxy52.submitRequest over nodeId=omNode-3,nodeAddress=127.0.0.1:11184 after 1 failover attempts. Trying to failover after sleeping for 2000ms.
2021-10-17 01:40:58,212 [omNode-3@group-523986131536-FollowerState] INFO  impl.FollowerState (FollowerState.java:run(134)) - omNode-3@group-523986131536-FollowerState: change to CANDIDATE, lastRpcElapsedTime:1037522528ns, electionTimeout:1033ms
2021-10-17 01:40:58,212 [omNode-3@group-523986131536-FollowerState] INFO  impl.RoleInfo (RoleInfo.java:shutdownFollowerState(108)) - omNode-3: shutdown omNode-3@group-523986131536-FollowerState
2021-10-17 01:40:58,212 [omNode-3@group-523986131536-FollowerState] INFO  server.RaftServer$Division (RaftServerImpl.java:setRole(285)) - omNode-3@group-523986131536: changes role from  FOLLOWER to CANDIDATE at term 9 for changeToCandidate
2021-10-17 01:40:58,212 [omNode-3@group-523986131536-FollowerState] INFO  server.RaftServerConfigKeys (ConfUtils.java:logGet(44)) - raft.server.leaderelection.pre-vote = false (custom)
2021-10-17 01:40:58,212 [omNode-3@group-523986131536-FollowerState] INFO  impl.RoleInfo (RoleInfo.java:updateAndGet(130)) - omNode-3: start omNode-3@group-523986131536-LeaderElection24
2021-10-17 01:40:58,215 [omNode-3@group-523986131536-LeaderElection24] INFO  impl.LeaderElection (LeaderElection.java:askForVotes(306)) - omNode-3@group-523986131536-LeaderElection24 ELECTION round 0: submit vote requests at term 10 for 32: [omNode-3|rpc:localhost:11188|admin:|client:|dataStream:|priority:0, omNode-1|rpc:localhost:11176|admin:|client:|dataStream:|priority:0, omNode-2|rpc:localhost:11182|admin:|client:|dataStream:|priority:0], old=null
2021-10-17 01:40:58,223 [grpc-default-executor-3] INFO  server.RaftServer$Division (RaftServerImpl.java:requestVote(1043)) - omNode-1@group-523986131536: receive requestVote(ELECTION, omNode-3, group-523986131536, 10, (t:9, i:35))
2021-10-17 01:40:58,223 [grpc-default-executor-3] INFO  impl.VoteContext (VoteContext.java:log(48)) - omNode-1@group-523986131536-FOLLOWER: accept ELECTION from omNode-3: our last entry (t:2, i:20) < candidate's last entry (t:9, i:35)
2021-10-17 01:40:58,223 [grpc-default-executor-3] INFO  server.RaftServer$Division (RaftServerImpl.java:setRole(285)) - omNode-1@group-523986131536: changes role from  FOLLOWER to FOLLOWER at term 10 for candidate:omNode-3
2021-10-17 01:40:58,223 [grpc-default-executor-3] INFO  impl.RoleInfo (RoleInfo.java:shutdownFollowerState(108)) - omNode-1: shutdown omNode-1@group-523986131536-FollowerState
2021-10-17 01:40:58,223 [grpc-default-executor-3] INFO  impl.RoleInfo (RoleInfo.java:updateAndGet(130)) - omNode-1: start omNode-1@group-523986131536-FollowerState
2021-10-17 01:40:58,223 [omNode-1@group-523986131536-FollowerState] INFO  impl.FollowerState (FollowerState.java:run(143)) - omNode-1@group-523986131536-FollowerState was interrupted: {}
java.lang.InterruptedException: sleep interrupted
	at java.lang.Thread.sleep(Native Method)
	at java.lang.Thread.sleep(Thread.java:340)
	at java.util.concurrent.TimeUnit.sleep(TimeUnit.java:386)
	at org.apache.ratis.util.TimeDuration.sleep(TimeDuration.java:324)
	at org.apache.ratis.util.TimeDuration.sleep(TimeDuration.java:309)
	at org.apache.ratis.server.impl.FollowerState.run(FollowerState.java:118)
2021-10-17 01:40:58,226 [grpc-default-executor-3] INFO  server.RaftServer$Division (RaftServerImpl.java:requestVote(1075)) - omNode-1@group-523986131536 replies to ELECTION vote request: omNode-3<-omNode-1#0:OK-t10. Peer's state: omNode-1@group-523986131536:t10, leader=null, voted=omNode-3, raftlog=omNode-1@group-523986131536-SegmentedRaftLog:OPENED:c20,f20,i0, conf=32: [omNode-3|rpc:localhost:11188|admin:|client:|dataStream:|priority:0, omNode-1|rpc:localhost:11176|admin:|client:|dataStream:|priority:0, omNode-2|rpc:localhost:11182|admin:|client:|dataStream:|priority:0], old=null
2021-10-17 01:40:58,227 [omNode-3@group-523986131536-LeaderElection24] INFO  impl.LeaderElection (LeaderElection.java:logAndReturn(89)) - omNode-3@group-523986131536-LeaderElection24: ELECTION PASSED received 1 response(s) and 0 exception(s):
2021-10-17 01:40:58,227 [omNode-3@group-523986131536-LeaderElection24] INFO  impl.LeaderElection (LeaderElection.java:logAndReturn(93)) -   Response 0: omNode-3<-omNode-1#0:OK-t10
2021-10-17 01:40:58,227 [omNode-3@group-523986131536-LeaderElection24] INFO  impl.LeaderElection (LeaderElection.java:askForVotes(308)) - omNode-3@group-523986131536-LeaderElection24 ELECTION round 0: result PASSED
2021-10-17 01:40:58,227 [omNode-3@group-523986131536-LeaderElection24] INFO  impl.RoleInfo (RoleInfo.java:shutdownLeaderElection(121)) - omNode-3: shutdown omNode-3@group-523986131536-LeaderElection24
2021-10-17 01:40:58,227 [omNode-3@group-523986131536-LeaderElection24] INFO  server.RaftServer$Division (RaftServerImpl.java:setRole(285)) - omNode-3@group-523986131536: changes role from CANDIDATE to LEADER at term 10 for changeToLeader
2021-10-17 01:40:58,227 [omNode-3@group-523986131536-LeaderElection24] INFO  server.RaftServer$Division (ServerState.java:setLeader(285)) - omNode-3@group-523986131536: change Leader from null to omNode-3 at term 10 for becomeLeader, leader elected after 1061ms
2021-10-17 01:40:58,227 [omNode-3@group-523986131536-LeaderElection24] INFO  server.RaftServerConfigKeys (ConfUtils.java:logGet(44)) - raft.server.staging.catchup.gap = 1000 (default)
2021-10-17 01:40:58,227 [omNode-3@group-523986131536-LeaderElection24] INFO  server.RaftServerConfigKeys (ConfUtils.java:logGet(44)) - raft.server.write.element-limit = 4096 (default)
2021-10-17 01:40:58,227 [omNode-3@group-523986131536-LeaderElection24] INFO  server.RaftServerConfigKeys (ConfUtils.java:logGet(44)) - raft.server.write.byte-limit = 64MB (=67108864) (default)
2021-10-17 01:40:58,228 [omNode-3@group-523986131536-LeaderElection24] INFO  server.RaftServerConfigKeys (ConfUtils.java:logGet(44)) - raft.server.watch.timeout = 10s (default)
2021-10-17 01:40:58,228 [omNode-3@group-523986131536-LeaderElection24] INFO  server.RaftServerConfigKeys (ConfUtils.java:logGet(44)) - raft.server.watch.timeout.denomination = 1s (default)
2021-10-17 01:40:58,228 [omNode-3@group-523986131536-LeaderElection24] INFO  server.RaftServerConfigKeys (ConfUtils.java:logGet(44)) - raft.server.watch.element-limit = 65536 (default)
2021-10-17 01:40:58,228 [omNode-3@group-523986131536-LeaderElection24] INFO  server.RaftServerConfigKeys (ConfUtils.java:logGet(44)) - raft.server.log.appender.snapshot.chunk.size.max = 16MB (=16777216) (default)
2021-10-17 01:40:58,228 [omNode-3@group-523986131536-LeaderElection24] INFO  server.RaftServerConfigKeys (ConfUtils.java:logGet(44)) - raft.server.log.appender.buffer.byte-limit = 33554432 (custom)
2021-10-17 01:40:58,228 [omNode-3@group-523986131536-LeaderElection24] INFO  server.RaftServerConfigKeys (ConfUtils.java:logGet(44)) - raft.server.log.appender.buffer.element-limit = 1024 (custom)
2021-10-17 01:40:58,228 [omNode-3@group-523986131536-LeaderElection24] INFO  grpc.GrpcConfigKeys (ConfUtils.java:logGet(44)) - raft.grpc.server.leader.outstanding.appends.max = 128 (default)
2021-10-17 01:40:58,228 [omNode-3@group-523986131536-LeaderElection24] INFO  server.RaftServerConfigKeys (ConfUtils.java:logGet(44)) - raft.server.rpc.request.timeout = 3000ms (default)
2021-10-17 01:40:58,228 [omNode-3@group-523986131536-LeaderElection24] INFO  server.RaftServerConfigKeys (ConfUtils.java:logGet(44)) - raft.server.log.appender.install.snapshot.enabled = false (custom)
2021-10-17 01:40:58,229 [omNode-3@group-523986131536-LeaderElection24] INFO  server.RaftServerConfigKeys (ConfUtils.java:logGet(44)) - raft.server.log.appender.snapshot.chunk.size.max = 16MB (=16777216) (default)
2021-10-17 01:40:58,229 [omNode-3@group-523986131536-LeaderElection24] INFO  server.RaftServerConfigKeys (ConfUtils.java:logGet(44)) - raft.server.log.appender.buffer.byte-limit = 33554432 (custom)
2021-10-17 01:40:58,229 [omNode-3@group-523986131536-LeaderElection24] INFO  server.RaftServerConfigKeys (ConfUtils.java:logGet(44)) - raft.server.log.appender.buffer.element-limit = 1024 (custom)
2021-10-17 01:40:58,229 [omNode-3@group-523986131536-LeaderElection24] INFO  grpc.GrpcConfigKeys (ConfUtils.java:logGet(44)) - raft.grpc.server.leader.outstanding.appends.max = 128 (default)
2021-10-17 01:40:58,229 [omNode-3@group-523986131536-LeaderElection24] INFO  server.RaftServerConfigKeys (ConfUtils.java:logGet(44)) - raft.server.rpc.request.timeout = 3000ms (default)
2021-10-17 01:40:58,229 [omNode-3@group-523986131536-LeaderElection24] INFO  server.RaftServerConfigKeys (ConfUtils.java:logGet(44)) - raft.server.log.appender.install.snapshot.enabled = false (custom)
2021-10-17 01:40:58,230 [omNode-3@group-523986131536-LeaderElection24] INFO  impl.RoleInfo (RoleInfo.java:updateAndGet(130)) - omNode-3: start omNode-3@group-523986131536-LeaderStateImpl
2021-10-17 01:40:58,232 [omNode-3@group-523986131536-LeaderElection24] INFO  segmented.SegmentedRaftLogWorker (SegmentedRaftLogWorker.java:rollLogSegment(399)) - omNode-3@group-523986131536-SegmentedRaftLogWorker: Rolling segment log-32_35 to index:35
2021-10-17 01:40:58,231 [grpc-default-executor-3] INFO  server.RaftServer$Division (RaftServerImpl.java:requestVote(1043)) - omNode-2@group-523986131536: receive requestVote(ELECTION, omNode-3, group-523986131536, 10, (t:9, i:35))
2021-10-17 01:40:58,232 [grpc-default-executor-3] INFO  impl.VoteContext (VoteContext.java:log(48)) - omNode-2@group-523986131536-FOLLOWER: accept ELECTION from omNode-3: our priority 0 <= candidate's priority 0
2021-10-17 01:40:58,232 [grpc-default-executor-3] INFO  server.RaftServer$Division (RaftServerImpl.java:setRole(285)) - omNode-2@group-523986131536: changes role from  FOLLOWER to FOLLOWER at term 10 for candidate:omNode-3
2021-10-17 01:40:58,232 [grpc-default-executor-3] INFO  impl.RoleInfo (RoleInfo.java:shutdownFollowerState(108)) - omNode-2: shutdown omNode-2@group-523986131536-FollowerState
2021-10-17 01:40:58,232 [grpc-default-executor-3] INFO  impl.RoleInfo (RoleInfo.java:updateAndGet(130)) - omNode-2: start omNode-2@group-523986131536-FollowerState
2021-10-17 01:40:58,232 [omNode-2@group-523986131536-FollowerState] INFO  impl.FollowerState (FollowerState.java:run(143)) - omNode-2@group-523986131536-FollowerState was interrupted: {}
java.lang.InterruptedException: sleep interrupted
	at java.lang.Thread.sleep(Native Method)
	at java.lang.Thread.sleep(Thread.java:340)
	at java.util.concurrent.TimeUnit.sleep(TimeUnit.java:386)
	at org.apache.ratis.util.TimeDuration.sleep(TimeDuration.java:324)
	at org.apache.ratis.util.TimeDuration.sleep(TimeDuration.java:309)
	at org.apache.ratis.server.impl.FollowerState.run(FollowerState.java:118)
2021-10-17 01:40:58,240 [omNode-3@group-523986131536-LeaderElection24] INFO  server.RaftServer$Division (ServerState.java:setRaftConf(387)) - omNode-3@group-523986131536: set configuration 36: [omNode-3|rpc:localhost:11188|admin:|client:|dataStream:|priority:0, omNode-1|rpc:localhost:11176|admin:|client:|dataStream:|priority:0, omNode-2|rpc:localhost:11182|admin:|client:|dataStream:|priority:0], old=null
2021-10-17 01:40:58,241 [omNode-3@group-523986131536-SegmentedRaftLogWorker] INFO  segmented.SegmentedRaftLogWorker (SegmentedRaftLogWorker.java:execute(558)) - omNode-3@group-523986131536-SegmentedRaftLogWorker: Rolled log segment from /home/runner/work/ozone/ozone/hadoop-ozone/integration-test/target/test-dir/MiniOzoneClusterImpl-e6b5673d-0e05-4a61-970a-b11d77d0bde6/omNode-3/ratis/c9bc4cf4-3bc3-3c60-a66b-523986131536/current/log_inprogress_32 to /home/runner/work/ozone/ozone/hadoop-ozone/integration-test/target/test-dir/MiniOzoneClusterImpl-e6b5673d-0e05-4a61-970a-b11d77d0bde6/omNode-3/ratis/c9bc4cf4-3bc3-3c60-a66b-523986131536/current/log_32-35
2021-10-17 01:40:58,242 [grpc-default-executor-3] INFO  server.RaftServer$Division (RaftServerImpl.java:requestVote(1075)) - omNode-2@group-523986131536 replies to ELECTION vote request: omNode-3<-omNode-2#0:OK-t10. Peer's state: omNode-2@group-523986131536:t10, leader=null, voted=omNode-3, raftlog=omNode-2@group-523986131536-SegmentedRaftLog:OPENED:c35,f35,i35, conf=32: [omNode-3|rpc:localhost:11188|admin:|client:|dataStream:|priority:0, omNode-1|rpc:localhost:11176|admin:|client:|dataStream:|priority:0, omNode-2|rpc:localhost:11182|admin:|client:|dataStream:|priority:0], old=null
2021-10-17 01:40:58,253 [grpc-default-executor-3] INFO  server.RaftServer$Division (ServerState.java:setLeader(285)) - omNode-2@group-523986131536: change Leader from null to omNode-3 at term 10 for appendEntries, leader elected after 825ms
2021-10-17 01:40:58,254 [omNode-3@group-523986131536-SegmentedRaftLogWorker] INFO  segmented.SegmentedRaftLogWorker (SegmentedRaftLogWorker.java:execute(601)) - omNode-3@group-523986131536-SegmentedRaftLogWorker: created new log segment /home/runner/work/ozone/ozone/hadoop-ozone/integration-test/target/test-dir/MiniOzoneClusterImpl-e6b5673d-0e05-4a61-970a-b11d77d0bde6/omNode-3/ratis/c9bc4cf4-3bc3-3c60-a66b-523986131536/current/log_inprogress_36
2021-10-17 01:40:58,260 [grpc-default-executor-11] INFO  server.RaftServer$Division (ServerState.java:setLeader(285)) - omNode-1@group-523986131536: change Leader from null to omNode-3 at term 10 for appendEntries, leader elected after 965ms
2021-10-17 01:40:58,260 [grpc-default-executor-11] INFO  server.RaftServer$Division (RaftServerImpl.java:checkInconsistentAppendEntries(1319)) - omNode-1@group-523986131536: Failed appendEntries as previous log entry ((t:9, i:35)) is not found
2021-10-17 01:40:58,261 [grpc-default-executor-11] INFO  server.RaftServer$Division (RaftServerImpl.java:checkInconsistentAppendEntries(1285)) - omNode-1@group-523986131536: inconsistency entries. Reply:omNode-3<-omNode-1#0:FAIL-t10,INCONSISTENCY,nextIndex=21,followerCommit=20
2021-10-17 01:40:58,262 [grpc-default-executor-11] INFO  server.RaftServer$Division (RaftServerImpl.java:checkInconsistentAppendEntries(1319)) - omNode-1@group-523986131536: Failed appendEntries as previous log entry ((t:9, i:35)) is not found
2021-10-17 01:40:58,263 [grpc-default-executor-11] INFO  server.RaftServer$Division (RaftServerImpl.java:checkInconsistentAppendEntries(1285)) - omNode-1@group-523986131536: inconsistency entries. Reply:omNode-3<-omNode-1#1:FAIL-t10,INCONSISTENCY,nextIndex=21,followerCommit=20
2021-10-17 01:40:58,263 [grpc-default-executor-7] INFO  leader.FollowerInfo (FollowerInfoImpl.java:lambda$new$0(46)) - omNode-3@group-523986131536->omNode-1: nextIndex: updateUnconditionally 37 -> 21
2021-10-17 01:40:58,263 [grpc-default-executor-11] INFO  leader.FollowerInfo (FollowerInfoImpl.java:lambda$new$0(46)) - omNode-3@group-523986131536->omNode-1: nextIndex: updateUnconditionally 21 -> 21
2021-10-17 01:40:58,264 [grpc-default-executor-3] INFO  server.RaftServer$Division (ServerState.java:setRaftConf(387)) - omNode-2@group-523986131536: set configuration 36: [omNode-3|rpc:localhost:11188|admin:|client:|dataStream:|priority:0, omNode-1|rpc:localhost:11176|admin:|client:|dataStream:|priority:0, omNode-2|rpc:localhost:11182|admin:|client:|dataStream:|priority:0], old=null
2021-10-17 01:40:58,264 [grpc-default-executor-3] INFO  segmented.SegmentedRaftLogWorker (SegmentedRaftLogWorker.java:rollLogSegment(399)) - omNode-2@group-523986131536-SegmentedRaftLogWorker: Rolling segment log-32_35 to index:35
2021-10-17 01:40:58,264 [omNode-3@group-523986131536->omNode-1-GrpcLogAppender-LogAppenderDaemon] ERROR leader.LogAppenderDaemon (LogAppenderDaemon.java:run(86)) - omNode-3@group-523986131536->omNode-1-GrpcLogAppender-LogAppenderDaemon failed
java.lang.NullPointerException: omNode-3@group-523986131536->omNode-1: Previous TermIndex not found for firstIndex = 21
	at java.util.Objects.requireNonNull(Objects.java:290)
	at org.apache.ratis.server.leader.LogAppenderBase.assertProtos(LogAppenderBase.java:169)
	at org.apache.ratis.server.leader.LogAppenderBase.newAppendEntriesRequest(LogAppenderBase.java:154)
	at org.apache.ratis.grpc.server.GrpcLogAppender.appendLog(GrpcLogAppender.java:211)
	at org.apache.ratis.grpc.server.GrpcLogAppender.run(GrpcLogAppender.java:145)
	at org.apache.ratis.server.leader.LogAppenderDaemon.run(LogAppenderDaemon.java:77)
	at java.lang.Thread.run(Thread.java:748)
2021-10-17 01:40:58,265 [omNode-3@group-523986131536->omNode-1-GrpcLogAppender-LogAppenderDaemon] INFO  server.RaftServer$Division (LeaderStateImpl.java:restart(501)) - omNode-3@group-523986131536-LeaderStateImpl: Restarting GrpcLogAppender for omNode-3@group-523986131536->omNode-1
2021-10-17 01:40:58,265 [omNode-3@group-523986131536->omNode-1-GrpcLogAppender-LogAppenderDaemon] INFO  server.RaftServerConfigKeys (ConfUtils.java:logGet(44)) - raft.server.log.appender.snapshot.chunk.size.max = 16MB (=16777216) (default)
2021-10-17 01:40:58,265 [omNode-2@group-523986131536-SegmentedRaftLogWorker] INFO  segmented.SegmentedRaftLogWorker (SegmentedRaftLogWorker.java:execute(558)) - omNode-2@group-523986131536-SegmentedRaftLogWorker: Rolled log segment from /home/runner/work/ozone/ozone/hadoop-ozone/integration-test/target/test-dir/MiniOzoneClusterImpl-e6b5673d-0e05-4a61-970a-b11d77d0bde6/omNode-2/ratis/c9bc4cf4-3bc3-3c60-a66b-523986131536/current/log_inprogress_32 to /home/runner/work/ozone/ozone/hadoop-ozone/integration-test/target/test-dir/MiniOzoneClusterImpl-e6b5673d-0e05-4a61-970a-b11d77d0bde6/omNode-2/ratis/c9bc4cf4-3bc3-3c60-a66b-523986131536/current/log_32-35
2021-10-17 01:40:58,265 [omNode-3@group-523986131536->omNode-1-GrpcLogAppender-LogAppenderDaemon] INFO  server.RaftServerConfigKeys (ConfUtils.java:logGet(44)) - raft.server.log.appender.buffer.byte-limit = 33554432 (custom)
2021-10-17 01:40:58,265 [omNode-3@group-523986131536->omNode-1-GrpcLogAppender-LogAppenderDaemon] INFO  server.RaftServerConfigKeys (ConfUtils.java:logGet(44)) - raft.server.log.appender.buffer.element-limit = 1024 (custom)
2021-10-17 01:40:58,265 [omNode-3@group-523986131536->omNode-1-GrpcLogAppender-LogAppenderDaemon] INFO  grpc.GrpcConfigKeys (ConfUtils.java:logGet(44)) - raft.grpc.server.leader.outstanding.appends.max = 128 (default)
2021-10-17 01:40:58,265 [omNode-3@group-523986131536->omNode-1-GrpcLogAppender-LogAppenderDaemon] INFO  server.RaftServerConfigKeys (ConfUtils.java:logGet(44)) - raft.server.rpc.request.timeout = 3000ms (default)
2021-10-17 01:40:58,265 [omNode-3@group-523986131536->omNode-1-GrpcLogAppender-LogAppenderDaemon] INFO  server.RaftServerConfigKeys (ConfUtils.java:logGet(44)) - raft.server.log.appender.install.snapshot.enabled = false (custom)
2021-10-17 01:40:58,266 [omNode-3@group-523986131536->omNode-1-GrpcLogAppender-LogAppenderDaemon] INFO  server.GrpcLogAppender (GrpcLogAppender.java:installSnapshot(524)) - omNode-3@group-523986131536->omNode-1-GrpcLogAppender: followerNextIndex = 0 but logStartIndex = 21, notify follower to install snapshot-(t:3, i:21)
2021-10-17 01:40:58,266 [omNode-3@group-523986131536->omNode-1-GrpcLogAppender-LogAppenderDaemon] INFO  server.GrpcLogAppender (GrpcLogAppender.java:installSnapshot(532)) - omNode-3@group-523986131536->omNode-1-GrpcLogAppender: send omNode-3->omNode-1#0-t10,notify:(t:3, i:21)
2021-10-17 01:40:58,270 [grpc-default-executor-11] INFO  server.RaftServer$Division (RaftServerImpl.java:installSnapshot(1329)) - omNode-1@group-523986131536: receive installSnapshot: omNode-3->omNode-1#0-t10,notify:(t:3, i:21)
2021-10-17 01:40:58,270 [grpc-default-executor-11] INFO  server.RaftServer$Division (RaftServerImpl.java:notifyStateMachineToInstallSnapshot(1560)) - omNode-1@group-523986131536: StateMachine snapshotIndex is 20
2021-10-17 01:40:58,270 [grpc-default-executor-11] INFO  server.RaftServer$Division (RaftServerImpl.java:installSnapshotImpl(1459)) - omNode-1@group-523986131536: set new configuration index: 36
configurationEntry {
  peers {
    id: "omNode-3"
    address: "localhost:11188"
  }
  peers {
    id: "omNode-1"
    address: "localhost:11176"
  }
  peers {
    id: "omNode-2"
    address: "localhost:11182"
  }
}
 from snapshot
2021-10-17 01:40:58,271 [grpc-default-executor-11] INFO  server.RaftServer$Division (ServerState.java:setRaftConf(387)) - omNode-1@group-523986131536: set configuration 36: [omNode-3|rpc:localhost:11188|admin:|client:|dataStream:|priority:0, omNode-1|rpc:localhost:11176|admin:|client:|dataStream:|priority:0, omNode-2|rpc:localhost:11182|admin:|client:|dataStream:|priority:0], old=null
2021-10-17 01:40:58,271 [grpc-default-executor-11] INFO  ratis.OzoneManagerStateMachine (OzoneManagerStateMachine.java:notifyConfigurationChanged(188)) - Received Configuration change notification from Ratis. New Peer list:
[id: "omNode-3"
address: "localhost:11188"
, id: "omNode-1"
address: "localhost:11176"
, id: "omNode-2"
address: "localhost:11182"
]
2021-10-17 01:40:58,271 [grpc-default-executor-11] INFO  server.RaftServer$Division (RaftServerImpl.java:installSnapshot(1340)) - omNode-1@group-523986131536: reply installSnapshot: omNode-3<-omNode-1#0:FAIL-t10,ALREADY_INSTALLED,snapshotIndex=20
2021-10-17 01:40:58,272 [grpc-default-executor-11] INFO  server.GrpcServerProtocolService (GrpcServerProtocolService.java:onCompleted(140)) - omNode-1: Completed INSTALL_SNAPSHOT, lastRequest: omNode-3->omNode-1#0-t10,notify:(t:3, i:21)
2021-10-17 01:40:58,272 [omNode-2@group-523986131536-SegmentedRaftLogWorker] INFO  segmented.SegmentedRaftLogWorker (SegmentedRaftLogWorker.java:execute(601)) - omNode-2@group-523986131536-SegmentedRaftLogWorker: created new log segment /home/runner/work/ozone/ozone/hadoop-ozone/integration-test/target/test-dir/MiniOzoneClusterImpl-e6b5673d-0e05-4a61-970a-b11d77d0bde6/omNode-2/ratis/c9bc4cf4-3bc3-3c60-a66b-523986131536/current/log_inprogress_36
2021-10-17 01:40:58,273 [grpc-default-executor-3] INFO  server.GrpcLogAppender (GrpcLogAppender.java:onNext(400)) - omNode-3@group-523986131536->omNode-1-InstallSnapshotResponseHandler: received the first reply omNode-3<-omNode-1#0:FAIL-t10,ALREADY_INSTALLED,snapshotIndex=20
2021-10-17 01:40:58,273 [grpc-default-executor-3] INFO  server.GrpcLogAppender (GrpcLogAppender.java:onNext(422)) - omNode-3@group-523986131536->omNode-1-InstallSnapshotResponseHandler: Already Installed Snapshot Index 20.
2021-10-17 01:40:58,273 [grpc-default-executor-3] INFO  leader.FollowerInfo (FollowerInfoImpl.java:lambda$new$0(46)) - omNode-3@group-523986131536->omNode-1: snapshotIndex: setUnconditionally 0 -> 20
2021-10-17 01:40:58,273 [grpc-default-executor-3] INFO  leader.FollowerInfo (FollowerInfoImpl.java:lambda$new$0(46)) - omNode-3@group-523986131536->omNode-1: matchIndex: setUnconditionally 0 -> 20
2021-10-17 01:40:58,273 [grpc-default-executor-3] INFO  leader.FollowerInfo (FollowerInfoImpl.java:lambda$new$0(46)) - omNode-3@group-523986131536->omNode-1: nextIndex: setUnconditionally 0 -> 21
2021-10-17 01:40:58,273 [grpc-default-executor-3] INFO  leader.FollowerInfo (FollowerInfoImpl.java:lambda$new$0(46)) - omNode-3@group-523986131536->omNode-1: nextIndex: updateToMax old=21, new=21, updated? false
2021-10-17 01:40:58,288 [omNode-3@group-523986131536-StateMachineUpdater] INFO  ratis.OzoneManagerStateMachine (OzoneManagerStateMachine.java:notifyConfigurationChanged(188)) - Received Configuration change notification from Ratis. New Peer list:
[id: "omNode-3"
address: "localhost:11188"
, id: "omNode-1"
address: "localhost:11176"
, id: "omNode-2"
address: "localhost:11182"
]
2021-10-17 01:40:58,289 [grpc-default-executor-3] INFO  server.RaftServer$Division (RaftServerImpl.java:checkInconsistentAppendEntries(1319)) - omNode-1@group-523986131536: Failed appendEntries as previous log entry ((t:10, i:36)) is not found
2021-10-17 01:40:58,289 [grpc-default-executor-3] INFO  server.RaftServer$Division (RaftServerImpl.java:checkInconsistentAppendEntries(1285)) - omNode-1@group-523986131536: inconsistency entries. Reply:omNode-3<-omNode-1#2:FAIL-t10,INCONSISTENCY,nextIndex=21,followerCommit=20
2021-10-17 01:40:58,289 [omNode-2@group-523986131536-StateMachineUpdater] INFO  ratis.OzoneManagerStateMachine (OzoneManagerStateMachine.java:notifyConfigurationChanged(188)) - Received Configuration change notification from Ratis. New Peer list:
[id: "omNode-3"
address: "localhost:11188"
, id: "omNode-1"
address: "localhost:11176"
, id: "omNode-2"
address: "localhost:11182"
]
2021-10-17 01:40:58,790 [grpc-default-executor-3] INFO  server.RaftServer$Division (RaftServerImpl.java:checkInconsistentAppendEntries(1319)) - omNode-1@group-523986131536: Failed appendEntries as previous log entry ((t:10, i:37)) is not found
2021-10-17 01:40:58,790 [grpc-default-executor-3] INFO  server.RaftServer$Division (RaftServerImpl.java:checkInconsistentAppendEntries(1285)) - omNode-1@group-523986131536: inconsistency entries. Reply:omNode-3<-omNode-1#53:FAIL-t10,INCONSISTENCY,nextIndex=21,followerCommit=20
2021-10-17 01:40:58,792 [grpc-default-executor-3] INFO  leader.FollowerInfo (FollowerInfoImpl.java:lambda$new$0(46)) - omNode-3@group-523986131536->omNode-1: nextIndex: updateUnconditionally 38 -> 21
2021-10-17 01:40:59,299 [grpc-default-executor-3] INFO  server.RaftServer$Division (RaftServerImpl.java:checkInconsistentAppendEntries(1319)) - omNode-1@group-523986131536: Failed appendEntries as previous log entry ((t:10, i:37)) is not found
2021-10-17 01:40:59,299 [grpc-default-executor-3] INFO  server.RaftServer$Division (RaftServerImpl.java:checkInconsistentAppendEntries(1285)) - omNode-1@group-523986131536: inconsistency entries. Reply:omNode-3<-omNode-1#105:FAIL-t10,INCONSISTENCY,nextIndex=21,followerCommit=20
2021-10-17 01:40:59,299 [grpc-default-executor-3] INFO  leader.FollowerInfo (FollowerInfoImpl.java:lambda$new$0(46)) - omNode-3@group-523986131536->omNode-1: nextIndex: updateUnconditionally 38 -> 21
2021-10-17 01:40:59,498 [Time-limited test] INFO  retry.RetryInvocationHandler (RetryInvocationHandler.java:log(411)) - com.google.protobuf.ServiceException: org.apache.hadoop.ipc.RemoteException(org.apache.hadoop.ozone.om.exceptions.OMNotLeaderException): OM:omNode-1 is not the leader. Could not determine the leader node.
	at org.apache.hadoop.ozone.om.ratis.utils.OzoneManagerRatisUtils.createNotLeaderException(OzoneManagerRatisUtils.java:465)
	at org.apache.hadoop.ozone.om.ratis.utils.OzoneManagerRatisUtils.checkLeaderStatus(OzoneManagerRatisUtils.java:451)
	at org.apache.hadoop.ozone.protocolPB.OzoneManagerProtocolServerSideTranslatorPB.checkLeaderStatus(OzoneManagerProtocolServerSideTranslatorPB.java:243)
	at org.apache.hadoop.ozone.protocolPB.OzoneManagerProtocolServerSideTranslatorPB.processRequest(OzoneManagerProtocolServerSideTranslatorPB.java:135)
	at org.apache.hadoop.hdds.server.OzoneProtocolMessageDispatcher.processRequest(OzoneProtocolMessageDispatcher.java:87)
	at org.apache.hadoop.ozone.protocolPB.OzoneManagerProtocolServerSideTranslatorPB.submitRequest(OzoneManagerProtocolServerSideTranslatorPB.java:123)
	at org.apache.hadoop.ozone.protocol.proto.OzoneManagerProtocolProtos$OzoneManagerService$2.callBlockingMethod(OzoneManagerProtocolProtos.java)
	at org.apache.hadoop.ipc.ProtobufRpcEngine$Server.processCall(ProtobufRpcEngine.java:466)
	at org.apache.hadoop.ipc.ProtobufRpcEngine2$Server$ProtoBufRpcInvoker.call(ProtobufRpcEngine2.java:574)
	at org.apache.hadoop.ipc.ProtobufRpcEngine2$Server$ProtoBufRpcInvoker.call(ProtobufRpcEngine2.java:552)
	at org.apache.hadoop.ipc.RPC$Server.call(RPC.java:1093)
	at org.apache.hadoop.ipc.Server$RpcCall.run(Server.java:1035)
	at org.apache.hadoop.ipc.Server$RpcCall.run(Server.java:963)
	at java.security.AccessController.doPrivileged(Native Method)
	at javax.security.auth.Subject.doAs(Subject.java:422)
	at org.apache.hadoop.security.UserGroupInformation.doAs(UserGroupInformation.java:1878)
	at org.apache.hadoop.ipc.Server$Handler.run(Server.java:2966)
, while invoking $Proxy52.submitRequest over nodeId=omNode-1,nodeAddress=127.0.0.1:11172 after 2 failover attempts. Trying to failover immediately.
2021-10-17 01:40:59,503 [Time-limited test] INFO  retry.RetryInvocationHandler (RetryInvocationHandler.java:log(411)) - com.google.protobuf.ServiceException: org.apache.hadoop.ipc.RemoteException(org.apache.hadoop.ozone.om.exceptions.OMNotLeaderException): OM:omNode-2 is not the leader. Could not determine the leader node.
	at org.apache.hadoop.ozone.om.ratis.utils.OzoneManagerRatisUtils.createNotLeaderException(OzoneManagerRatisUtils.java:465)
	at org.apache.hadoop.ozone.om.ratis.utils.OzoneManagerRatisUtils.checkLeaderStatus(OzoneManagerRatisUtils.java:451)
	at org.apache.hadoop.ozone.protocolPB.OzoneManagerProtocolServerSideTranslatorPB.checkLeaderStatus(OzoneManagerProtocolServerSideTranslatorPB.java:243)
	at org.apache.hadoop.ozone.protocolPB.OzoneManagerProtocolServerSideTranslatorPB.processRequest(OzoneManagerProtocolServerSideTranslatorPB.java:135)
	at org.apache.hadoop.hdds.server.OzoneProtocolMessageDispatcher.processRequest(OzoneProtocolMessageDispatcher.java:87)
	at org.apache.hadoop.ozone.protocolPB.OzoneManagerProtocolServerSideTranslatorPB.submitRequest(OzoneManagerProtocolServerSideTranslatorPB.java:123)
	at org.apache.hadoop.ozone.protocol.proto.OzoneManagerProtocolProtos$OzoneManagerService$2.callBlockingMethod(OzoneManagerProtocolProtos.java)
	at org.apache.hadoop.ipc.ProtobufRpcEngine$Server.processCall(ProtobufRpcEngine.java:466)
	at org.apache.hadoop.ipc.ProtobufRpcEngine2$Server$ProtoBufRpcInvoker.call(ProtobufRpcEngine2.java:574)
	at org.apache.hadoop.ipc.ProtobufRpcEngine2$Server$ProtoBufRpcInvoker.call(ProtobufRpcEngine2.java:552)
	at org.apache.hadoop.ipc.RPC$Server.call(RPC.java:1093)
	at org.apache.hadoop.ipc.Server$RpcCall.run(Server.java:1035)
	at org.apache.hadoop.ipc.Server$RpcCall.run(Server.java:963)
	at java.security.AccessController.doPrivileged(Native Method)
	at javax.security.auth.Subject.doAs(Subject.java:422)
	at org.apache.hadoop.security.UserGroupInformation.doAs(UserGroupInformation.java:1878)
	at org.apache.hadoop.ipc.Server$Handler.run(Server.java:2966)
, while invoking $Proxy52.submitRequest over nodeId=omNode-2,nodeAddress=127.0.0.1:11178 after 3 failover attempts. Trying to failover immediately.
2021-10-17 01:40:59,505 [grpc-default-executor-11] INFO  server.RaftServer$Division (RaftServerImpl.java:checkInconsistentAppendEntries(1319)) - omNode-1@group-523986131536: Failed appendEntries as previous log entry ((t:10, i:37)) is not found
2021-10-17 01:40:59,506 [grpc-default-executor-11] INFO  server.RaftServer$Division (RaftServerImpl.java:checkInconsistentAppendEntries(1285)) - omNode-1@group-523986131536: inconsistency entries. Reply:omNode-3<-omNode-1#127:FAIL-t10,INCONSISTENCY,nextIndex=21,followerCommit=20
2021-10-17 01:40:59,508 [grpc-default-executor-3] INFO  server.RaftServer$Division (RaftServerImpl.java:checkInconsistentAppendEntries(1319)) - omNode-1@group-523986131536: Failed appendEntries as previous log entry ((t:10, i:38)) is not found
2021-10-17 01:40:59,508 [grpc-default-executor-3] INFO  server.RaftServer$Division (RaftServerImpl.java:checkInconsistentAppendEntries(1285)) - omNode-1@group-523986131536: inconsistency entries. Reply:omNode-3<-omNode-1#128:FAIL-t10,INCONSISTENCY,nextIndex=21,followerCommit=20
2021-10-17 01:40:59,508 [OM StateMachine ApplyTransaction Thread - 0] INFO  upgrade.OMCancelPrepareRequest (OMCancelPrepareRequest.java:validateAndUpdateCache(55)) - OM omNode-3 Received cancel prepare request with log index 38
2021-10-17 01:40:59,509 [OM StateMachine ApplyTransaction Thread - 0] INFO  upgrade.OMCancelPrepareRequest (OMCancelPrepareRequest.java:validateAndUpdateCache(84)) - OM omNode-3 prepare state cancelled at log index 38. Returning response 
2021-10-17 01:40:59,511 [OM StateMachine ApplyTransaction Thread - 0] INFO  upgrade.OMCancelPrepareRequest (OMCancelPrepareRequest.java:validateAndUpdateCache(55)) - OM omNode-2 Received cancel prepare request with log index 38
2021-10-17 01:40:59,511 [OM StateMachine ApplyTransaction Thread - 0] INFO  upgrade.OMCancelPrepareRequest (OMCancelPrepareRequest.java:validateAndUpdateCache(84)) - OM omNode-2 prepare state cancelled at log index 38. Returning response 
2021-10-17 01:41:00,008 [grpc-default-executor-3] INFO  server.RaftServer$Division (RaftServerImpl.java:checkInconsistentAppendEntries(1319)) - omNode-1@group-523986131536: Failed appendEntries as previous log entry ((t:10, i:39)) is not found
2021-10-17 01:41:00,009 [grpc-default-executor-3] INFO  server.RaftServer$Division (RaftServerImpl.java:checkInconsistentAppendEntries(1285)) - omNode-1@group-523986131536: inconsistency entries. Reply:omNode-3<-omNode-1#179:FAIL-t10,INCONSISTENCY,nextIndex=21,followerCommit=20
2021-10-17 01:41:00,009 [grpc-default-executor-3] INFO  leader.FollowerInfo (FollowerInfoImpl.java:lambda$new$0(46)) - omNode-3@group-523986131536->omNode-1: nextIndex: updateUnconditionally 40 -> 21
2021-10-17 01:41:00,511 [grpc-default-executor-3] INFO  server.RaftServer$Division (RaftServerImpl.java:checkInconsistentAppendEntries(1319)) - omNode-1@group-523986131536: Failed appendEntries as previous log entry ((t:10, i:39)) is not found
2021-10-17 01:41:00,511 [grpc-default-executor-3] INFO  server.RaftServer$Division (RaftServerImpl.java:checkInconsistentAppendEntries(1285)) - omNode-1@group-523986131536: inconsistency entries. Reply:omNode-3<-omNode-1#231:FAIL-t10,INCONSISTENCY,nextIndex=21,followerCommit=20
2021-10-17 01:41:00,511 [grpc-default-executor-3] INFO  leader.FollowerInfo (FollowerInfoImpl.java:lambda$new$0(46)) - omNode-3@group-523986131536->omNode-1: nextIndex: updateUnconditionally 40 -> 21
2021-10-17 01:41:01,015 [grpc-default-executor-11] INFO  server.RaftServer$Division (RaftServerImpl.java:checkInconsistentAppendEntries(1319)) - omNode-1@group-523986131536: Failed appendEntries as previous log entry ((t:10, i:39)) is not found
2021-10-17 01:41:01,016 [grpc-default-executor-11] INFO  server.RaftServer$Division (RaftServerImpl.java:checkInconsistentAppendEntries(1285)) - omNode-1@group-523986131536: inconsistency entries. Reply:omNode-3<-omNode-1#282:FAIL-t10,INCONSISTENCY,nextIndex=21,followerCommit=20
2021-10-17 01:41:01,016 [grpc-default-executor-11] INFO  leader.FollowerInfo (FollowerInfoImpl.java:lambda$new$0(46)) - omNode-3@group-523986131536->omNode-1: nextIndex: updateUnconditionally 40 -> 21
2021-10-17 01:41:01,518 [grpc-default-executor-11] INFO  server.RaftServer$Division (RaftServerImpl.java:checkInconsistentAppendEntries(1319)) - omNode-1@group-523986131536: Failed appendEntries as previous log entry ((t:10, i:39)) is not found
2021-10-17 01:41:01,518 [grpc-default-executor-11] INFO  server.RaftServer$Division (RaftServerImpl.java:checkInconsistentAppendEntries(1285)) - omNode-1@group-523986131536: inconsistency entries. Reply:omNode-3<-omNode-1#333:FAIL-t10,INCONSISTENCY,nextIndex=21,followerCommit=20
2021-10-17 01:41:01,518 [grpc-default-executor-11] INFO  leader.FollowerInfo (FollowerInfoImpl.java:lambda$new$0(46)) - omNode-3@group-523986131536->omNode-1: nextIndex: updateUnconditionally 40 -> 21
2021-10-17 01:41:02,020 [grpc-default-executor-11] INFO  server.RaftServer$Division (RaftServerImpl.java:checkInconsistentAppendEntries(1319)) - omNode-1@group-523986131536: Failed appendEntries as previous log entry ((t:10, i:39)) is not found
2021-10-17 01:41:02,020 [grpc-default-executor-11] INFO  server.RaftServer$Division (RaftServerImpl.java:checkInconsistentAppendEntries(1285)) - omNode-1@group-523986131536: inconsistency entries. Reply:omNode-3<-omNode-1#384:FAIL-t10,INCONSISTENCY,nextIndex=21,followerCommit=20
2021-10-17 01:41:02,021 [grpc-default-executor-11] INFO  leader.FollowerInfo (FollowerInfoImpl.java:lambda$new$0(46)) - omNode-3@group-523986131536->omNode-1: nextIndex: updateUnconditionally 40 -> 21
2021-10-17 01:41:02,523 [grpc-default-executor-11] INFO  server.RaftServer$Division (RaftServerImpl.java:checkInconsistentAppendEntries(1319)) - omNode-1@group-523986131536: Failed appendEntries as previous log entry ((t:10, i:39)) is not found
2021-10-17 01:41:02,523 [grpc-default-executor-11] INFO  server.RaftServer$Division (RaftServerImpl.java:checkInconsistentAppendEntries(1285)) - omNode-1@group-523986131536: inconsistency entries. Reply:omNode-3<-omNode-1#435:FAIL-t10,INCONSISTENCY,nextIndex=21,followerCommit=20
2021-10-17 01:41:02,523 [grpc-default-executor-11] INFO  leader.FollowerInfo (FollowerInfoImpl.java:lambda$new$0(46)) - omNode-3@group-523986131536->omNode-1: nextIndex: updateUnconditionally 40 -> 21
2021-10-17 01:41:03,025 [grpc-default-executor-11] INFO  server.RaftServer$Division (RaftServerImpl.java:checkInconsistentAppendEntries(1319)) - omNode-1@group-523986131536: Failed appendEntries as previous log entry ((t:10, i:39)) is not found
2021-10-17 01:41:03,025 [grpc-default-executor-11] INFO  server.RaftServer$Division (RaftServerImpl.java:checkInconsistentAppendEntries(1285)) - omNode-1@group-523986131536: inconsistency entries. Reply:omNode-3<-omNode-1#486:FAIL-t10,INCONSISTENCY,nextIndex=21,followerCommit=20
2021-10-17 01:41:03,026 [grpc-default-executor-11] INFO  leader.FollowerInfo (FollowerInfoImpl.java:lambda$new$0(46)) - omNode-3@group-523986131536->omNode-1: nextIndex: updateUnconditionally 40 -> 21
2021-10-17 01:41:03,527 [grpc-default-executor-11] INFO  server.RaftServer$Division (RaftServerImpl.java:checkInconsistentAppendEntries(1319)) - omNode-1@group-523986131536: Failed appendEntries as previous log entry ((t:10, i:39)) is not found
2021-10-17 01:41:03,528 [grpc-default-executor-11] INFO  server.RaftServer$Division (RaftServerImpl.java:checkInconsistentAppendEntries(1285)) - omNode-1@group-523986131536: inconsistency entries. Reply:omNode-3<-omNode-1#537:FAIL-t10,INCONSISTENCY,nextIndex=21,followerCommit=20
2021-10-17 01:41:03,528 [grpc-default-executor-3] INFO  leader.FollowerInfo (FollowerInfoImpl.java:lambda$new$0(46)) - omNode-3@group-523986131536->omNode-1: nextIndex: updateUnconditionally 40 -> 21
2021-10-17 01:41:04,029 [grpc-default-executor-11] INFO  server.RaftServer$Division (RaftServerImpl.java:checkInconsistentAppendEntries(1319)) - omNode-1@group-523986131536: Failed appendEntries as previous log entry ((t:10, i:39)) is not found
2021-10-17 01:41:04,030 [grpc-default-executor-11] INFO  server.RaftServer$Division (RaftServerImpl.java:checkInconsistentAppendEntries(1285)) - omNode-1@group-523986131536: inconsistency entries. Reply:omNode-3<-omNode-1#588:FAIL-t10,INCONSISTENCY,nextIndex=21,followerCommit=20
2021-10-17 01:41:04,030 [grpc-default-executor-11] INFO  leader.FollowerInfo (FollowerInfoImpl.java:lambda$new$0(46)) - omNode-3@group-523986131536->omNode-1: nextIndex: updateUnconditionally 40 -> 21
2021-10-17 01:41:04,531 [grpc-default-executor-11] INFO  server.RaftServer$Division (RaftServerImpl.java:checkInconsistentAppendEntries(1319)) - omNode-1@group-523986131536: Failed appendEntries as previous log entry ((t:10, i:39)) is not found
2021-10-17 01:41:04,532 [grpc-default-executor-11] INFO  server.RaftServer$Division (RaftServerImpl.java:checkInconsistentAppendEntries(1285)) - omNode-1@group-523986131536: inconsistency entries. Reply:omNode-3<-omNode-1#639:FAIL-t10,INCONSISTENCY,nextIndex=21,followerCommit=20
2021-10-17 01:41:04,532 [grpc-default-executor-11] INFO  leader.FollowerInfo (FollowerInfoImpl.java:lambda$new$0(46)) - omNode-3@group-523986131536->omNode-1: nextIndex: updateUnconditionally 40 -> 21
2021-10-17 01:41:05,034 [grpc-default-executor-3] INFO  server.RaftServer$Division (RaftServerImpl.java:checkInconsistentAppendEntries(1319)) - omNode-1@group-523986131536: Failed appendEntries as previous log entry ((t:10, i:39)) is not found
2021-10-17 01:41:05,034 [grpc-default-executor-3] INFO  server.RaftServer$Division (RaftServerImpl.java:checkInconsistentAppendEntries(1285)) - omNode-1@group-523986131536: inconsistency entries. Reply:omNode-3<-omNode-1#690:FAIL-t10,INCONSISTENCY,nextIndex=21,followerCommit=20
2021-10-17 01:41:05,034 [grpc-default-executor-3] INFO  leader.FollowerInfo (FollowerInfoImpl.java:lambda$new$0(46)) - omNode-3@group-523986131536->omNode-1: nextIndex: updateUnconditionally 40 -> 21
2021-10-17 01:41:05,536 [grpc-default-executor-3] INFO  server.RaftServer$Division (RaftServerImpl.java:checkInconsistentAppendEntries(1319)) - omNode-1@group-523986131536: Failed appendEntries as previous log entry ((t:10, i:39)) is not found
2021-10-17 01:41:05,536 [grpc-default-executor-3] INFO  server.RaftServer$Division (RaftServerImpl.java:checkInconsistentAppendEntries(1285)) - omNode-1@group-523986131536: inconsistency entries. Reply:omNode-3<-omNode-1#741:FAIL-t10,INCONSISTENCY,nextIndex=21,followerCommit=20
2021-10-17 01:41:05,537 [grpc-default-executor-3] INFO  leader.FollowerInfo (FollowerInfoImpl.java:lambda$new$0(46)) - omNode-3@group-523986131536->omNode-1: nextIndex: updateUnconditionally 40 -> 21
2021-10-17 01:41:06,038 [grpc-default-executor-3] INFO  server.RaftServer$Division (RaftServerImpl.java:checkInconsistentAppendEntries(1319)) - omNode-1@group-523986131536: Failed appendEntries as previous log entry ((t:10, i:39)) is not found
2021-10-17 01:41:06,039 [grpc-default-executor-3] INFO  server.RaftServer$Division (RaftServerImpl.java:checkInconsistentAppendEntries(1285)) - omNode-1@group-523986131536: inconsistency entries. Reply:omNode-3<-omNode-1#792:FAIL-t10,INCONSISTENCY,nextIndex=21,followerCommit=20
2021-10-17 01:41:06,039 [grpc-default-executor-3] INFO  leader.FollowerInfo (FollowerInfoImpl.java:lambda$new$0(46)) - omNode-3@group-523986131536->omNode-1: nextIndex: updateUnconditionally 40 -> 21
2021-10-17 01:41:06,541 [grpc-default-executor-3] INFO  server.RaftServer$Division (RaftServerImpl.java:checkInconsistentAppendEntries(1319)) - omNode-1@group-523986131536: Failed appendEntries as previous log entry ((t:10, i:39)) is not found
2021-10-17 01:41:06,541 [grpc-default-executor-3] INFO  server.RaftServer$Division (RaftServerImpl.java:checkInconsistentAppendEntries(1285)) - omNode-1@group-523986131536: inconsistency entries. Reply:omNode-3<-omNode-1#843:FAIL-t10,INCONSISTENCY,nextIndex=21,followerCommit=20
2021-10-17 01:41:06,541 [grpc-default-executor-3] INFO  leader.FollowerInfo (FollowerInfoImpl.java:lambda$new$0(46)) - omNode-3@group-523986131536->omNode-1: nextIndex: updateUnconditionally 40 -> 21
2021-10-17 01:41:07,043 [grpc-default-executor-3] INFO  server.RaftServer$Division (RaftServerImpl.java:checkInconsistentAppendEntries(1319)) - omNode-1@group-523986131536: Failed appendEntries as previous log entry ((t:10, i:39)) is not found
2021-10-17 01:41:07,043 [grpc-default-executor-3] INFO  server.RaftServer$Division (RaftServerImpl.java:checkInconsistentAppendEntries(1285)) - omNode-1@group-523986131536: inconsistency entries. Reply:omNode-3<-omNode-1#894:FAIL-t10,INCONSISTENCY,nextIndex=21,followerCommit=20
2021-10-17 01:41:07,043 [grpc-default-executor-3] INFO  leader.FollowerInfo (FollowerInfoImpl.java:lambda$new$0(46)) - omNode-3@group-523986131536->omNode-1: nextIndex: updateUnconditionally 40 -> 21
2021-10-17 01:41:07,545 [grpc-default-executor-3] INFO  server.RaftServer$Division (RaftServerImpl.java:checkInconsistentAppendEntries(1319)) - omNode-1@group-523986131536: Failed appendEntries as previous log entry ((t:10, i:39)) is not found
2021-10-17 01:41:07,545 [grpc-default-executor-3] INFO  server.RaftServer$Division (RaftServerImpl.java:checkInconsistentAppendEntries(1285)) - omNode-1@group-523986131536: inconsistency entries. Reply:omNode-3<-omNode-1#945:FAIL-t10,INCONSISTENCY,nextIndex=21,followerCommit=20
2021-10-17 01:41:07,545 [grpc-default-executor-3] INFO  leader.FollowerInfo (FollowerInfoImpl.java:lambda$new$0(46)) - omNode-3@group-523986131536->omNode-1: nextIndex: updateUnconditionally 40 -> 21
2021-10-17 01:41:08,047 [grpc-default-executor-3] INFO  server.RaftServer$Division (RaftServerImpl.java:checkInconsistentAppendEntries(1319)) - omNode-1@group-523986131536: Failed appendEntries as previous log entry ((t:10, i:39)) is not found
2021-10-17 01:41:08,047 [grpc-default-executor-3] INFO  server.RaftServer$Division (RaftServerImpl.java:checkInconsistentAppendEntries(1285)) - omNode-1@group-523986131536: inconsistency entries. Reply:omNode-3<-omNode-1#996:FAIL-t10,INCONSISTENCY,nextIndex=21,followerCommit=20
2021-10-17 01:41:08,047 [grpc-default-executor-3] INFO  leader.FollowerInfo (FollowerInfoImpl.java:lambda$new$0(46)) - omNode-3@group-523986131536->omNode-1: nextIndex: updateUnconditionally 40 -> 21
2021-10-17 01:41:08,549 [grpc-default-executor-3] INFO  server.RaftServer$Division (RaftServerImpl.java:checkInconsistentAppendEntries(1319)) - omNode-1@group-523986131536: Failed appendEntries as previous log entry ((t:10, i:39)) is not found
2021-10-17 01:41:08,549 [grpc-default-executor-3] INFO  server.RaftServer$Division (RaftServerImpl.java:checkInconsistentAppendEntries(1285)) - omNode-1@group-523986131536: inconsistency entries. Reply:omNode-3<-omNode-1#1047:FAIL-t10,INCONSISTENCY,nextIndex=21,followerCommit=20
2021-10-17 01:41:08,551 [grpc-default-executor-3] INFO  leader.FollowerInfo (FollowerInfoImpl.java:lambda$new$0(46)) - omNode-3@group-523986131536->omNode-1: nextIndex: updateUnconditionally 40 -> 21
2021-10-17 01:41:09,052 [grpc-default-executor-11] INFO  server.RaftServer$Division (RaftServerImpl.java:checkInconsistentAppendEntries(1319)) - omNode-1@group-523986131536: Failed appendEntries as previous log entry ((t:10, i:39)) is not found
2021-10-17 01:41:09,052 [grpc-default-executor-11] INFO  server.RaftServer$Division (RaftServerImpl.java:checkInconsistentAppendEntries(1285)) - omNode-1@group-523986131536: inconsistency entries. Reply:omNode-3<-omNode-1#1098:FAIL-t10,INCONSISTENCY,nextIndex=21,followerCommit=20
2021-10-17 01:41:09,053 [grpc-default-executor-11] INFO  leader.FollowerInfo (FollowerInfoImpl.java:lambda$new$0(46)) - omNode-3@group-523986131536->omNode-1: nextIndex: updateUnconditionally 40 -> 21
2021-10-17 01:41:09,554 [grpc-default-executor-11] INFO  server.RaftServer$Division (RaftServerImpl.java:checkInconsistentAppendEntries(1319)) - omNode-1@group-523986131536: Failed appendEntries as previous log entry ((t:10, i:39)) is not found
2021-10-17 01:41:09,555 [grpc-default-executor-11] INFO  server.RaftServer$Division (RaftServerImpl.java:checkInconsistentAppendEntries(1285)) - omNode-1@group-523986131536: inconsistency entries. Reply:omNode-3<-omNode-1#1149:FAIL-t10,INCONSISTENCY,nextIndex=21,followerCommit=20
2021-10-17 01:41:09,555 [grpc-default-executor-11] INFO  leader.FollowerInfo (FollowerInfoImpl.java:lambda$new$0(46)) - omNode-3@group-523986131536->omNode-1: nextIndex: updateUnconditionally 40 -> 21
2021-10-17 01:41:10,056 [grpc-default-executor-11] INFO  server.RaftServer$Division (RaftServerImpl.java:checkInconsistentAppendEntries(1319)) - omNode-1@group-523986131536: Failed appendEntries as previous log entry ((t:10, i:39)) is not found
2021-10-17 01:41:10,056 [grpc-default-executor-11] INFO  server.RaftServer$Division (RaftServerImpl.java:checkInconsistentAppendEntries(1285)) - omNode-1@group-523986131536: inconsistency entries. Reply:omNode-3<-omNode-1#1200:FAIL-t10,INCONSISTENCY,nextIndex=21,followerCommit=20
2021-10-17 01:41:10,057 [grpc-default-executor-11] INFO  leader.FollowerInfo (FollowerInfoImpl.java:lambda$new$0(46)) - omNode-3@group-523986131536->omNode-1: nextIndex: updateUnconditionally 40 -> 21
2021-10-17 01:41:10,558 [grpc-default-executor-11] INFO  server.RaftServer$Division (RaftServerImpl.java:checkInconsistentAppendEntries(1319)) - omNode-1@group-523986131536: Failed appendEntries as previous log entry ((t:10, i:39)) is not found
2021-10-17 01:41:10,559 [grpc-default-executor-11] INFO  server.RaftServer$Division (RaftServerImpl.java:checkInconsistentAppendEntries(1285)) - omNode-1@group-523986131536: inconsistency entries. Reply:omNode-3<-omNode-1#1251:FAIL-t10,INCONSISTENCY,nextIndex=21,followerCommit=20
2021-10-17 01:41:10,559 [grpc-default-executor-11] INFO  leader.FollowerInfo (FollowerInfoImpl.java:lambda$new$0(46)) - omNode-3@group-523986131536->omNode-1: nextIndex: updateUnconditionally 40 -> 21
2021-10-17 01:41:11,060 [grpc-default-executor-11] INFO  server.RaftServer$Division (RaftServerImpl.java:checkInconsistentAppendEntries(1319)) - omNode-1@group-523986131536: Failed appendEntries as previous log entry ((t:10, i:39)) is not found
2021-10-17 01:41:11,060 [grpc-default-executor-11] INFO  server.RaftServer$Division (RaftServerImpl.java:checkInconsistentAppendEntries(1285)) - omNode-1@group-523986131536: inconsistency entries. Reply:omNode-3<-omNode-1#1302:FAIL-t10,INCONSISTENCY,nextIndex=21,followerCommit=20
2021-10-17 01:41:11,061 [grpc-default-executor-11] INFO  leader.FollowerInfo (FollowerInfoImpl.java:lambda$new$0(46)) - omNode-3@group-523986131536->omNode-1: nextIndex: updateUnconditionally 40 -> 21
2021-10-17 01:41:11,562 [grpc-default-executor-11] INFO  server.RaftServer$Division (RaftServerImpl.java:checkInconsistentAppendEntries(1319)) - omNode-1@group-523986131536: Failed appendEntries as previous log entry ((t:10, i:39)) is not found
2021-10-17 01:41:11,562 [grpc-default-executor-11] INFO  server.RaftServer$Division (RaftServerImpl.java:checkInconsistentAppendEntries(1285)) - omNode-1@group-523986131536: inconsistency entries. Reply:omNode-3<-omNode-1#1353:FAIL-t10,INCONSISTENCY,nextIndex=21,followerCommit=20
2021-10-17 01:41:11,562 [grpc-default-executor-11] INFO  leader.FollowerInfo (FollowerInfoImpl.java:lambda$new$0(46)) - omNode-3@group-523986131536->omNode-1: nextIndex: updateUnconditionally 40 -> 21
2021-10-17 01:41:12,064 [grpc-default-executor-11] INFO  server.RaftServer$Division (RaftServerImpl.java:checkInconsistentAppendEntries(1319)) - omNode-1@group-523986131536: Failed appendEntries as previous log entry ((t:10, i:39)) is not found
2021-10-17 01:41:12,064 [grpc-default-executor-11] INFO  server.RaftServer$Division (RaftServerImpl.java:checkInconsistentAppendEntries(1285)) - omNode-1@group-523986131536: inconsistency entries. Reply:omNode-3<-omNode-1#1404:FAIL-t10,INCONSISTENCY,nextIndex=21,followerCommit=20
2021-10-17 01:41:12,064 [grpc-default-executor-11] INFO  leader.FollowerInfo (FollowerInfoImpl.java:lambda$new$0(46)) - omNode-3@group-523986131536->omNode-1: nextIndex: updateUnconditionally 40 -> 21
2021-10-17 01:41:12,566 [grpc-default-executor-11] INFO  server.RaftServer$Division (RaftServerImpl.java:checkInconsistentAppendEntries(1319)) - omNode-1@group-523986131536: Failed appendEntries as previous log entry ((t:10, i:39)) is not found
2021-10-17 01:41:12,566 [grpc-default-executor-11] INFO  server.RaftServer$Division (RaftServerImpl.java:checkInconsistentAppendEntries(1285)) - omNode-1@group-523986131536: inconsistency entries. Reply:omNode-3<-omNode-1#1455:FAIL-t10,INCONSISTENCY,nextIndex=21,followerCommit=20
2021-10-17 01:41:12,566 [grpc-default-executor-11] INFO  leader.FollowerInfo (FollowerInfoImpl.java:lambda$new$0(46)) - omNode-3@group-523986131536->omNode-1: nextIndex: updateUnconditionally 40 -> 21
2021-10-17 01:41:13,067 [grpc-default-executor-11] INFO  server.RaftServer$Division (RaftServerImpl.java:checkInconsistentAppendEntries(1319)) - omNode-1@group-523986131536: Failed appendEntries as previous log entry ((t:10, i:39)) is not found
2021-10-17 01:41:13,068 [grpc-default-executor-11] INFO  server.RaftServer$Division (RaftServerImpl.java:checkInconsistentAppendEntries(1285)) - omNode-1@group-523986131536: inconsistency entries. Reply:omNode-3<-omNode-1#1506:FAIL-t10,INCONSISTENCY,nextIndex=21,followerCommit=20
2021-10-17 01:41:13,068 [grpc-default-executor-11] INFO  leader.FollowerInfo (FollowerInfoImpl.java:lambda$new$0(46)) - omNode-3@group-523986131536->omNode-1: nextIndex: updateUnconditionally 40 -> 21
2021-10-17 01:41:13,570 [grpc-default-executor-11] INFO  server.RaftServer$Division (RaftServerImpl.java:checkInconsistentAppendEntries(1319)) - omNode-1@group-523986131536: Failed appendEntries as previous log entry ((t:10, i:39)) is not found
2021-10-17 01:41:13,570 [grpc-default-executor-11] INFO  server.RaftServer$Division (RaftServerImpl.java:checkInconsistentAppendEntries(1285)) - omNode-1@group-523986131536: inconsistency entries. Reply:omNode-3<-omNode-1#1557:FAIL-t10,INCONSISTENCY,nextIndex=21,followerCommit=20
2021-10-17 01:41:13,570 [grpc-default-executor-11] INFO  leader.FollowerInfo (FollowerInfoImpl.java:lambda$new$0(46)) - omNode-3@group-523986131536->omNode-1: nextIndex: updateUnconditionally 40 -> 21
2021-10-17 01:41:14,072 [grpc-default-executor-11] INFO  server.RaftServer$Division (RaftServerImpl.java:checkInconsistentAppendEntries(1319)) - omNode-1@group-523986131536: Failed appendEntries as previous log entry ((t:10, i:39)) is not found
2021-10-17 01:41:14,072 [grpc-default-executor-11] INFO  server.RaftServer$Division (RaftServerImpl.java:checkInconsistentAppendEntries(1285)) - omNode-1@group-523986131536: inconsistency entries. Reply:omNode-3<-omNode-1#1608:FAIL-t10,INCONSISTENCY,nextIndex=21,followerCommit=20
2021-10-17 01:41:14,072 [grpc-default-executor-11] INFO  leader.FollowerInfo (FollowerInfoImpl.java:lambda$new$0(46)) - omNode-3@group-523986131536->omNode-1: nextIndex: updateUnconditionally 40 -> 21
2021-10-17 01:41:14,573 [grpc-default-executor-11] INFO  server.RaftServer$Division (RaftServerImpl.java:checkInconsistentAppendEntries(1319)) - omNode-1@group-523986131536: Failed appendEntries as previous log entry ((t:10, i:39)) is not found
2021-10-17 01:41:14,574 [grpc-default-executor-11] INFO  server.RaftServer$Division (RaftServerImpl.java:checkInconsistentAppendEntries(1285)) - omNode-1@group-523986131536: inconsistency entries. Reply:omNode-3<-omNode-1#1659:FAIL-t10,INCONSISTENCY,nextIndex=21,followerCommit=20
2021-10-17 01:41:14,574 [grpc-default-executor-11] INFO  leader.FollowerInfo (FollowerInfoImpl.java:lambda$new$0(46)) - omNode-3@group-523986131536->omNode-1: nextIndex: updateUnconditionally 40 -> 21
2021-10-17 01:41:15,076 [grpc-default-executor-11] INFO  server.RaftServer$Division (RaftServerImpl.java:checkInconsistentAppendEntries(1319)) - omNode-1@group-523986131536: Failed appendEntries as previous log entry ((t:10, i:39)) is not found
2021-10-17 01:41:15,076 [grpc-default-executor-11] INFO  server.RaftServer$Division (RaftServerImpl.java:checkInconsistentAppendEntries(1285)) - omNode-1@group-523986131536: inconsistency entries. Reply:omNode-3<-omNode-1#1710:FAIL-t10,INCONSISTENCY,nextIndex=21,followerCommit=20
2021-10-17 01:41:15,076 [grpc-default-executor-11] INFO  leader.FollowerInfo (FollowerInfoImpl.java:lambda$new$0(46)) - omNode-3@group-523986131536->omNode-1: nextIndex: updateUnconditionally 40 -> 21
2021-10-17 01:41:15,577 [grpc-default-executor-11] INFO  server.RaftServer$Division (RaftServerImpl.java:checkInconsistentAppendEntries(1319)) - omNode-1@group-523986131536: Failed appendEntries as previous log entry ((t:10, i:39)) is not found
2021-10-17 01:41:15,577 [grpc-default-executor-11] INFO  server.RaftServer$Division (RaftServerImpl.java:checkInconsistentAppendEntries(1285)) - omNode-1@group-523986131536: inconsistency entries. Reply:omNode-3<-omNode-1#1761:FAIL-t10,INCONSISTENCY,nextIndex=21,followerCommit=20
2021-10-17 01:41:15,578 [grpc-default-executor-11] INFO  leader.FollowerInfo (FollowerInfoImpl.java:lambda$new$0(46)) - omNode-3@group-523986131536->omNode-1: nextIndex: updateUnconditionally 40 -> 21
2021-10-17 01:41:16,079 [grpc-default-executor-11] INFO  server.RaftServer$Division (RaftServerImpl.java:checkInconsistentAppendEntries(1319)) - omNode-1@group-523986131536: Failed appendEntries as previous log entry ((t:10, i:39)) is not found
2021-10-17 01:41:16,080 [grpc-default-executor-11] INFO  server.RaftServer$Division (RaftServerImpl.java:checkInconsistentAppendEntries(1285)) - omNode-1@group-523986131536: inconsistency entries. Reply:omNode-3<-omNode-1#1812:FAIL-t10,INCONSISTENCY,nextIndex=21,followerCommit=20
2021-10-17 01:41:16,080 [grpc-default-executor-11] INFO  leader.FollowerInfo (FollowerInfoImpl.java:lambda$new$0(46)) - omNode-3@group-523986131536->omNode-1: nextIndex: updateUnconditionally 40 -> 21
2021-10-17 01:41:16,581 [grpc-default-executor-11] INFO  server.RaftServer$Division (RaftServerImpl.java:checkInconsistentAppendEntries(1319)) - omNode-1@group-523986131536: Failed appendEntries as previous log entry ((t:10, i:39)) is not found
2021-10-17 01:41:16,581 [grpc-default-executor-11] INFO  server.RaftServer$Division (RaftServerImpl.java:checkInconsistentAppendEntries(1285)) - omNode-1@group-523986131536: inconsistency entries. Reply:omNode-3<-omNode-1#1863:FAIL-t10,INCONSISTENCY,nextIndex=21,followerCommit=20
2021-10-17 01:41:16,581 [grpc-default-executor-11] INFO  leader.FollowerInfo (FollowerInfoImpl.java:lambda$new$0(46)) - omNode-3@group-523986131536->omNode-1: nextIndex: updateUnconditionally 40 -> 21
2021-10-17 01:41:17,083 [grpc-default-executor-11] INFO  server.RaftServer$Division (RaftServerImpl.java:checkInconsistentAppendEntries(1319)) - omNode-1@group-523986131536: Failed appendEntries as previous log entry ((t:10, i:39)) is not found
2021-10-17 01:41:17,083 [grpc-default-executor-11] INFO  server.RaftServer$Division (RaftServerImpl.java:checkInconsistentAppendEntries(1285)) - omNode-1@group-523986131536: inconsistency entries. Reply:omNode-3<-omNode-1#1914:FAIL-t10,INCONSISTENCY,nextIndex=21,followerCommit=20
2021-10-17 01:41:17,083 [grpc-default-executor-11] INFO  leader.FollowerInfo (FollowerInfoImpl.java:lambda$new$0(46)) - omNode-3@group-523986131536->omNode-1: nextIndex: updateUnconditionally 40 -> 21
2021-10-17 01:41:17,585 [grpc-default-executor-11] INFO  server.RaftServer$Division (RaftServerImpl.java:checkInconsistentAppendEntries(1319)) - omNode-1@group-523986131536: Failed appendEntries as previous log entry ((t:10, i:39)) is not found
2021-10-17 01:41:17,585 [grpc-default-executor-11] INFO  server.RaftServer$Division (RaftServerImpl.java:checkInconsistentAppendEntries(1285)) - omNode-1@group-523986131536: inconsistency entries. Reply:omNode-3<-omNode-1#1965:FAIL-t10,INCONSISTENCY,nextIndex=21,followerCommit=20
2021-10-17 01:41:17,585 [grpc-default-executor-11] INFO  leader.FollowerInfo (FollowerInfoImpl.java:lambda$new$0(46)) - omNode-3@group-523986131536->omNode-1: nextIndex: updateUnconditionally 40 -> 21
2021-10-17 01:41:18,087 [grpc-default-executor-11] INFO  server.RaftServer$Division (RaftServerImpl.java:checkInconsistentAppendEntries(1319)) - omNode-1@group-523986131536: Failed appendEntries as previous log entry ((t:10, i:39)) is not found
2021-10-17 01:41:18,087 [grpc-default-executor-11] INFO  server.RaftServer$Division (RaftServerImpl.java:checkInconsistentAppendEntries(1285)) - omNode-1@group-523986131536: inconsistency entries. Reply:omNode-3<-omNode-1#2016:FAIL-t10,INCONSISTENCY,nextIndex=21,followerCommit=20
2021-10-17 01:41:18,087 [grpc-default-executor-11] INFO  leader.FollowerInfo (FollowerInfoImpl.java:lambda$new$0(46)) - omNode-3@group-523986131536->omNode-1: nextIndex: updateUnconditionally 40 -> 21
2021-10-17 01:41:18,589 [grpc-default-executor-11] INFO  server.RaftServer$Division (RaftServerImpl.java:checkInconsistentAppendEntries(1319)) - omNode-1@group-523986131536: Failed appendEntries as previous log entry ((t:10, i:39)) is not found
2021-10-17 01:41:18,589 [grpc-default-executor-11] INFO  server.RaftServer$Division (RaftServerImpl.java:checkInconsistentAppendEntries(1285)) - omNode-1@group-523986131536: inconsistency entries. Reply:omNode-3<-omNode-1#2067:FAIL-t10,INCONSISTENCY,nextIndex=21,followerCommit=20
2021-10-17 01:41:18,589 [grpc-default-executor-11] INFO  leader.FollowerInfo (FollowerInfoImpl.java:lambda$new$0(46)) - omNode-3@group-523986131536->omNode-1: nextIndex: updateUnconditionally 40 -> 21
2021-10-17 01:41:19,091 [grpc-default-executor-11] INFO  server.RaftServer$Division (RaftServerImpl.java:checkInconsistentAppendEntries(1319)) - omNode-1@group-523986131536: Failed appendEntries as previous log entry ((t:10, i:39)) is not found
2021-10-17 01:41:19,091 [grpc-default-executor-11] INFO  server.RaftServer$Division (RaftServerImpl.java:checkInconsistentAppendEntries(1285)) - omNode-1@group-523986131536: inconsistency entries. Reply:omNode-3<-omNode-1#2118:FAIL-t10,INCONSISTENCY,nextIndex=21,followerCommit=20
2021-10-17 01:41:19,091 [grpc-default-executor-11] INFO  leader.FollowerInfo (FollowerInfoImpl.java:lambda$new$0(46)) - omNode-3@group-523986131536->omNode-1: nextIndex: updateUnconditionally 40 -> 21
2021-10-17 01:41:19,593 [grpc-default-executor-11] INFO  server.RaftServer$Division (RaftServerImpl.java:checkInconsistentAppendEntries(1319)) - omNode-1@group-523986131536: Failed appendEntries as previous log entry ((t:10, i:39)) is not found
2021-10-17 01:41:19,593 [grpc-default-executor-11] INFO  server.RaftServer$Division (RaftServerImpl.java:checkInconsistentAppendEntries(1285)) - omNode-1@group-523986131536: inconsistency entries. Reply:omNode-3<-omNode-1#2169:FAIL-t10,INCONSISTENCY,nextIndex=21,followerCommit=20
2021-10-17 01:41:19,593 [grpc-default-executor-11] INFO  leader.FollowerInfo (FollowerInfoImpl.java:lambda$new$0(46)) - omNode-3@group-523986131536->omNode-1: nextIndex: updateUnconditionally 40 -> 21
2021-10-17 01:41:20,095 [grpc-default-executor-11] INFO  server.RaftServer$Division (RaftServerImpl.java:checkInconsistentAppendEntries(1319)) - omNode-1@group-523986131536: Failed appendEntries as previous log entry ((t:10, i:39)) is not found
2021-10-17 01:41:20,095 [grpc-default-executor-11] INFO  server.RaftServer$Division (RaftServerImpl.java:checkInconsistentAppendEntries(1285)) - omNode-1@group-523986131536: inconsistency entries. Reply:omNode-3<-omNode-1#2220:FAIL-t10,INCONSISTENCY,nextIndex=21,followerCommit=20
2021-10-17 01:41:20,095 [grpc-default-executor-11] INFO  leader.FollowerInfo (FollowerInfoImpl.java:lambda$new$0(46)) - omNode-3@group-523986131536->omNode-1: nextIndex: updateUnconditionally 40 -> 21
2021-10-17 01:41:20,597 [grpc-default-executor-11] INFO  server.RaftServer$Division (RaftServerImpl.java:checkInconsistentAppendEntries(1319)) - omNode-1@group-523986131536: Failed appendEntries as previous log entry ((t:10, i:39)) is not found
2021-10-17 01:41:20,597 [grpc-default-executor-11] INFO  server.RaftServer$Division (RaftServerImpl.java:checkInconsistentAppendEntries(1285)) - omNode-1@group-523986131536: inconsistency entries. Reply:omNode-3<-omNode-1#2271:FAIL-t10,INCONSISTENCY,nextIndex=21,followerCommit=20
2021-10-17 01:41:20,597 [grpc-default-executor-11] INFO  leader.FollowerInfo (FollowerInfoImpl.java:lambda$new$0(46)) - omNode-3@group-523986131536->omNode-1: nextIndex: updateUnconditionally 40 -> 21
2021-10-17 01:41:21,098 [grpc-default-executor-11] INFO  server.RaftServer$Division (RaftServerImpl.java:checkInconsistentAppendEntries(1319)) - omNode-1@group-523986131536: Failed appendEntries as previous log entry ((t:10, i:39)) is not found
2021-10-17 01:41:21,099 [grpc-default-executor-11] INFO  server.RaftServer$Division (RaftServerImpl.java:checkInconsistentAppendEntries(1285)) - omNode-1@group-523986131536: inconsistency entries. Reply:omNode-3<-omNode-1#2322:FAIL-t10,INCONSISTENCY,nextIndex=21,followerCommit=20
2021-10-17 01:41:21,099 [grpc-default-executor-11] INFO  leader.FollowerInfo (FollowerInfoImpl.java:lambda$new$0(46)) - omNode-3@group-523986131536->omNode-1: nextIndex: updateUnconditionally 40 -> 21
2021-10-17 01:41:21,600 [grpc-default-executor-7] INFO  server.RaftServer$Division (RaftServerImpl.java:checkInconsistentAppendEntries(1319)) - omNode-1@group-523986131536: Failed appendEntries as previous log entry ((t:10, i:39)) is not found
2021-10-17 01:41:21,600 [grpc-default-executor-7] INFO  server.RaftServer$Division (RaftServerImpl.java:checkInconsistentAppendEntries(1285)) - omNode-1@group-523986131536: inconsistency entries. Reply:omNode-3<-omNode-1#2373:FAIL-t10,INCONSISTENCY,nextIndex=21,followerCommit=20
2021-10-17 01:41:21,600 [grpc-default-executor-7] INFO  leader.FollowerInfo (FollowerInfoImpl.java:lambda$new$0(46)) - omNode-3@group-523986131536->omNode-1: nextIndex: updateUnconditionally 40 -> 21
2021-10-17 01:41:22,102 [grpc-default-executor-7] INFO  server.RaftServer$Division (RaftServerImpl.java:checkInconsistentAppendEntries(1319)) - omNode-1@group-523986131536: Failed appendEntries as previous log entry ((t:10, i:39)) is not found
2021-10-17 01:41:22,102 [grpc-default-executor-7] INFO  server.RaftServer$Division (RaftServerImpl.java:checkInconsistentAppendEntries(1285)) - omNode-1@group-523986131536: inconsistency entries. Reply:omNode-3<-omNode-1#2424:FAIL-t10,INCONSISTENCY,nextIndex=21,followerCommit=20
2021-10-17 01:41:22,103 [grpc-default-executor-7] INFO  leader.FollowerInfo (FollowerInfoImpl.java:lambda$new$0(46)) - omNode-3@group-523986131536->omNode-1: nextIndex: updateUnconditionally 40 -> 21
2021-10-17 01:41:22,604 [grpc-default-executor-7] INFO  server.RaftServer$Division (RaftServerImpl.java:checkInconsistentAppendEntries(1319)) - omNode-1@group-523986131536: Failed appendEntries as previous log entry ((t:10, i:39)) is not found
2021-10-17 01:41:22,604 [grpc-default-executor-7] INFO  server.RaftServer$Division (RaftServerImpl.java:checkInconsistentAppendEntries(1285)) - omNode-1@group-523986131536: inconsistency entries. Reply:omNode-3<-omNode-1#2475:FAIL-t10,INCONSISTENCY,nextIndex=21,followerCommit=20
2021-10-17 01:41:22,605 [grpc-default-executor-7] INFO  leader.FollowerInfo (FollowerInfoImpl.java:lambda$new$0(46)) - omNode-3@group-523986131536->omNode-1: nextIndex: updateUnconditionally 40 -> 21
2021-10-17 01:41:23,106 [grpc-default-executor-7] INFO  server.RaftServer$Division (RaftServerImpl.java:checkInconsistentAppendEntries(1319)) - omNode-1@group-523986131536: Failed appendEntries as previous log entry ((t:10, i:39)) is not found
2021-10-17 01:41:23,106 [grpc-default-executor-7] INFO  server.RaftServer$Division (RaftServerImpl.java:checkInconsistentAppendEntries(1285)) - omNode-1@group-523986131536: inconsistency entries. Reply:omNode-3<-omNode-1#2526:FAIL-t10,INCONSISTENCY,nextIndex=21,followerCommit=20
2021-10-17 01:41:23,107 [grpc-default-executor-7] INFO  leader.FollowerInfo (FollowerInfoImpl.java:lambda$new$0(46)) - omNode-3@group-523986131536->omNode-1: nextIndex: updateUnconditionally 40 -> 21
2021-10-17 01:41:23,609 [grpc-default-executor-7] INFO  server.RaftServer$Division (RaftServerImpl.java:checkInconsistentAppendEntries(1319)) - omNode-1@group-523986131536: Failed appendEntries as previous log entry ((t:10, i:39)) is not found
2021-10-17 01:41:23,609 [grpc-default-executor-7] INFO  server.RaftServer$Division (RaftServerImpl.java:checkInconsistentAppendEntries(1285)) - omNode-1@group-523986131536: inconsistency entries. Reply:omNode-3<-omNode-1#2577:FAIL-t10,INCONSISTENCY,nextIndex=21,followerCommit=20
2021-10-17 01:41:23,609 [grpc-default-executor-7] INFO  leader.FollowerInfo (FollowerInfoImpl.java:lambda$new$0(46)) - omNode-3@group-523986131536->omNode-1: nextIndex: updateUnconditionally 40 -> 21
2021-10-17 01:41:24,110 [grpc-default-executor-11] INFO  server.RaftServer$Division (RaftServerImpl.java:checkInconsistentAppendEntries(1319)) - omNode-1@group-523986131536: Failed appendEntries as previous log entry ((t:10, i:39)) is not found
2021-10-17 01:41:24,110 [grpc-default-executor-11] INFO  server.RaftServer$Division (RaftServerImpl.java:checkInconsistentAppendEntries(1285)) - omNode-1@group-523986131536: inconsistency entries. Reply:omNode-3<-omNode-1#2628:FAIL-t10,INCONSISTENCY,nextIndex=21,followerCommit=20
2021-10-17 01:41:24,111 [grpc-default-executor-11] INFO  leader.FollowerInfo (FollowerInfoImpl.java:lambda$new$0(46)) - omNode-3@group-523986131536->omNode-1: nextIndex: updateUnconditionally 40 -> 21
2021-10-17 01:41:24,613 [grpc-default-executor-11] INFO  server.RaftServer$Division (RaftServerImpl.java:checkInconsistentAppendEntries(1319)) - omNode-1@group-523986131536: Failed appendEntries as previous log entry ((t:10, i:39)) is not found
2021-10-17 01:41:24,613 [grpc-default-executor-11] INFO  server.RaftServer$Division (RaftServerImpl.java:checkInconsistentAppendEntries(1285)) - omNode-1@group-523986131536: inconsistency entries. Reply:omNode-3<-omNode-1#2679:FAIL-t10,INCONSISTENCY,nextIndex=21,followerCommit=20
2021-10-17 01:41:24,613 [grpc-default-executor-11] INFO  leader.FollowerInfo (FollowerInfoImpl.java:lambda$new$0(46)) - omNode-3@group-523986131536->omNode-1: nextIndex: updateUnconditionally 40 -> 21
2021-10-17 01:41:25,115 [grpc-default-executor-11] INFO  server.RaftServer$Division (RaftServerImpl.java:checkInconsistentAppendEntries(1319)) - omNode-1@group-523986131536: Failed appendEntries as previous log entry ((t:10, i:39)) is not found
2021-10-17 01:41:25,115 [grpc-default-executor-11] INFO  server.RaftServer$Division (RaftServerImpl.java:checkInconsistentAppendEntries(1285)) - omNode-1@group-523986131536: inconsistency entries. Reply:omNode-3<-omNode-1#2730:FAIL-t10,INCONSISTENCY,nextIndex=21,followerCommit=20
2021-10-17 01:41:25,115 [grpc-default-executor-11] INFO  leader.FollowerInfo (FollowerInfoImpl.java:lambda$new$0(46)) - omNode-3@group-523986131536->omNode-1: nextIndex: updateUnconditionally 40 -> 21
2021-10-17 01:41:25,617 [grpc-default-executor-11] INFO  server.RaftServer$Division (RaftServerImpl.java:checkInconsistentAppendEntries(1319)) - omNode-1@group-523986131536: Failed appendEntries as previous log entry ((t:10, i:39)) is not found
2021-10-17 01:41:25,618 [grpc-default-executor-11] INFO  server.RaftServer$Division (RaftServerImpl.java:checkInconsistentAppendEntries(1285)) - omNode-1@group-523986131536: inconsistency entries. Reply:omNode-3<-omNode-1#2781:FAIL-t10,INCONSISTENCY,nextIndex=21,followerCommit=20
2021-10-17 01:41:25,618 [grpc-default-executor-11] INFO  leader.FollowerInfo (FollowerInfoImpl.java:lambda$new$0(46)) - omNode-3@group-523986131536->omNode-1: nextIndex: updateUnconditionally 40 -> 21
2021-10-17 01:41:26,119 [grpc-default-executor-11] INFO  server.RaftServer$Division (RaftServerImpl.java:checkInconsistentAppendEntries(1319)) - omNode-1@group-523986131536: Failed appendEntries as previous log entry ((t:10, i:39)) is not found
2021-10-17 01:41:26,119 [grpc-default-executor-11] INFO  server.RaftServer$Division (RaftServerImpl.java:checkInconsistentAppendEntries(1285)) - omNode-1@group-523986131536: inconsistency entries. Reply:omNode-3<-omNode-1#2832:FAIL-t10,INCONSISTENCY,nextIndex=21,followerCommit=20
2021-10-17 01:41:26,119 [grpc-default-executor-11] INFO  leader.FollowerInfo (FollowerInfoImpl.java:lambda$new$0(46)) - omNode-3@group-523986131536->omNode-1: nextIndex: updateUnconditionally 40 -> 21
2021-10-17 01:41:26,620 [grpc-default-executor-11] INFO  server.RaftServer$Division (RaftServerImpl.java:checkInconsistentAppendEntries(1319)) - omNode-1@group-523986131536: Failed appendEntries as previous log entry ((t:10, i:39)) is not found
2021-10-17 01:41:26,621 [grpc-default-executor-11] INFO  server.RaftServer$Division (RaftServerImpl.java:checkInconsistentAppendEntries(1285)) - omNode-1@group-523986131536: inconsistency entries. Reply:omNode-3<-omNode-1#2883:FAIL-t10,INCONSISTENCY,nextIndex=21,followerCommit=20
2021-10-17 01:41:26,621 [grpc-default-executor-11] INFO  leader.FollowerInfo (FollowerInfoImpl.java:lambda$new$0(46)) - omNode-3@group-523986131536->omNode-1: nextIndex: updateUnconditionally 40 -> 21
2021-10-17 01:41:27,122 [grpc-default-executor-11] INFO  server.RaftServer$Division (RaftServerImpl.java:checkInconsistentAppendEntries(1319)) - omNode-1@group-523986131536: Failed appendEntries as previous log entry ((t:10, i:39)) is not found
2021-10-17 01:41:27,123 [grpc-default-executor-11] INFO  server.RaftServer$Division (RaftServerImpl.java:checkInconsistentAppendEntries(1285)) - omNode-1@group-523986131536: inconsistency entries. Reply:omNode-3<-omNode-1#2934:FAIL-t10,INCONSISTENCY,nextIndex=21,followerCommit=20
2021-10-17 01:41:27,123 [grpc-default-executor-11] INFO  leader.FollowerInfo (FollowerInfoImpl.java:lambda$new$0(46)) - omNode-3@group-523986131536->omNode-1: nextIndex: updateUnconditionally 40 -> 21
2021-10-17 01:41:27,625 [grpc-default-executor-11] INFO  server.RaftServer$Division (RaftServerImpl.java:checkInconsistentAppendEntries(1319)) - omNode-1@group-523986131536: Failed appendEntries as previous log entry ((t:10, i:39)) is not found
2021-10-17 01:41:27,625 [grpc-default-executor-11] INFO  server.RaftServer$Division (RaftServerImpl.java:checkInconsistentAppendEntries(1285)) - omNode-1@group-523986131536: inconsistency entries. Reply:omNode-3<-omNode-1#2985:FAIL-t10,INCONSISTENCY,nextIndex=21,followerCommit=20
2021-10-17 01:41:27,625 [grpc-default-executor-11] INFO  leader.FollowerInfo (FollowerInfoImpl.java:lambda$new$0(46)) - omNode-3@group-523986131536->omNode-1: nextIndex: updateUnconditionally 40 -> 21
2021-10-17 01:41:28,127 [grpc-default-executor-11] INFO  server.RaftServer$Division (RaftServerImpl.java:checkInconsistentAppendEntries(1319)) - omNode-1@group-523986131536: Failed appendEntries as previous log entry ((t:10, i:39)) is not found
2021-10-17 01:41:28,128 [grpc-default-executor-11] INFO  server.RaftServer$Division (RaftServerImpl.java:checkInconsistentAppendEntries(1285)) - omNode-1@group-523986131536: inconsistency entries. Reply:omNode-3<-omNode-1#3036:FAIL-t10,INCONSISTENCY,nextIndex=21,followerCommit=20
2021-10-17 01:41:28,128 [grpc-default-executor-11] INFO  leader.FollowerInfo (FollowerInfoImpl.java:lambda$new$0(46)) - omNode-3@group-523986131536->omNode-1: nextIndex: updateUnconditionally 40 -> 21
2021-10-17 01:41:28,629 [grpc-default-executor-11] INFO  server.RaftServer$Division (RaftServerImpl.java:checkInconsistentAppendEntries(1319)) - omNode-1@group-523986131536: Failed appendEntries as previous log entry ((t:10, i:39)) is not found
2021-10-17 01:41:28,629 [grpc-default-executor-11] INFO  server.RaftServer$Division (RaftServerImpl.java:checkInconsistentAppendEntries(1285)) - omNode-1@group-523986131536: inconsistency entries. Reply:omNode-3<-omNode-1#3087:FAIL-t10,INCONSISTENCY,nextIndex=21,followerCommit=20
2021-10-17 01:41:28,629 [grpc-default-executor-11] INFO  leader.FollowerInfo (FollowerInfoImpl.java:lambda$new$0(46)) - omNode-3@group-523986131536->omNode-1: nextIndex: updateUnconditionally 40 -> 21
2021-10-17 01:41:29,130 [grpc-default-executor-7] INFO  server.RaftServer$Division (RaftServerImpl.java:checkInconsistentAppendEntries(1319)) - omNode-1@group-523986131536: Failed appendEntries as previous log entry ((t:10, i:39)) is not found
2021-10-17 01:41:29,131 [grpc-default-executor-7] INFO  server.RaftServer$Division (RaftServerImpl.java:checkInconsistentAppendEntries(1285)) - omNode-1@group-523986131536: inconsistency entries. Reply:omNode-3<-omNode-1#3138:FAIL-t10,INCONSISTENCY,nextIndex=21,followerCommit=20
2021-10-17 01:41:29,131 [grpc-default-executor-7] INFO  leader.FollowerInfo (FollowerInfoImpl.java:lambda$new$0(46)) - omNode-3@group-523986131536->omNode-1: nextIndex: updateUnconditionally 40 -> 21
2021-10-17 01:41:29,632 [grpc-default-executor-7] INFO  server.RaftServer$Division (RaftServerImpl.java:checkInconsistentAppendEntries(1319)) - omNode-1@group-523986131536: Failed appendEntries as previous log entry ((t:10, i:39)) is not found
2021-10-17 01:41:29,633 [grpc-default-executor-7] INFO  server.RaftServer$Division (RaftServerImpl.java:checkInconsistentAppendEntries(1285)) - omNode-1@group-523986131536: inconsistency entries. Reply:omNode-3<-omNode-1#3189:FAIL-t10,INCONSISTENCY,nextIndex=21,followerCommit=20
2021-10-17 01:41:29,633 [grpc-default-executor-7] INFO  leader.FollowerInfo (FollowerInfoImpl.java:lambda$new$0(46)) - omNode-3@group-523986131536->omNode-1: nextIndex: updateUnconditionally 40 -> 21
2021-10-17 01:41:30,135 [grpc-default-executor-7] INFO  server.RaftServer$Division (RaftServerImpl.java:checkInconsistentAppendEntries(1319)) - omNode-1@group-523986131536: Failed appendEntries as previous log entry ((t:10, i:39)) is not found
2021-10-17 01:41:30,135 [grpc-default-executor-7] INFO  server.RaftServer$Division (RaftServerImpl.java:checkInconsistentAppendEntries(1285)) - omNode-1@group-523986131536: inconsistency entries. Reply:omNode-3<-omNode-1#3240:FAIL-t10,INCONSISTENCY,nextIndex=21,followerCommit=20
2021-10-17 01:41:30,135 [grpc-default-executor-7] INFO  leader.FollowerInfo (FollowerInfoImpl.java:lambda$new$0(46)) - omNode-3@group-523986131536->omNode-1: nextIndex: updateUnconditionally 40 -> 21
2021-10-17 01:41:30,638 [grpc-default-executor-7] INFO  server.RaftServer$Division (RaftServerImpl.java:checkInconsistentAppendEntries(1319)) - omNode-1@group-523986131536: Failed appendEntries as previous log entry ((t:10, i:39)) is not found
2021-10-17 01:41:30,638 [grpc-default-executor-7] INFO  server.RaftServer$Division (RaftServerImpl.java:checkInconsistentAppendEntries(1285)) - omNode-1@group-523986131536: inconsistency entries. Reply:omNode-3<-omNode-1#3291:FAIL-t10,INCONSISTENCY,nextIndex=21,followerCommit=20
2021-10-17 01:41:30,638 [grpc-default-executor-7] INFO  leader.FollowerInfo (FollowerInfoImpl.java:lambda$new$0(46)) - omNode-3@group-523986131536->omNode-1: nextIndex: updateUnconditionally 40 -> 21
2021-10-17 01:41:31,140 [grpc-default-executor-7] INFO  server.RaftServer$Division (RaftServerImpl.java:checkInconsistentAppendEntries(1319)) - omNode-1@group-523986131536: Failed appendEntries as previous log entry ((t:10, i:39)) is not found
2021-10-17 01:41:31,140 [grpc-default-executor-7] INFO  server.RaftServer$Division (RaftServerImpl.java:checkInconsistentAppendEntries(1285)) - omNode-1@group-523986131536: inconsistency entries. Reply:omNode-3<-omNode-1#3342:FAIL-t10,INCONSISTENCY,nextIndex=21,followerCommit=20
2021-10-17 01:41:31,140 [grpc-default-executor-7] INFO  leader.FollowerInfo (FollowerInfoImpl.java:lambda$new$0(46)) - omNode-3@group-523986131536->omNode-1: nextIndex: updateUnconditionally 40 -> 21
2021-10-17 01:41:31,642 [grpc-default-executor-11] INFO  server.RaftServer$Division (RaftServerImpl.java:checkInconsistentAppendEntries(1319)) - omNode-1@group-523986131536: Failed appendEntries as previous log entry ((t:10, i:39)) is not found
2021-10-17 01:41:31,642 [grpc-default-executor-11] INFO  server.RaftServer$Division (RaftServerImpl.java:checkInconsistentAppendEntries(1285)) - omNode-1@group-523986131536: inconsistency entries. Reply:omNode-3<-omNode-1#3393:FAIL-t10,INCONSISTENCY,nextIndex=21,followerCommit=20
2021-10-17 01:41:31,642 [grpc-default-executor-11] INFO  leader.FollowerInfo (FollowerInfoImpl.java:lambda$new$0(46)) - omNode-3@group-523986131536->omNode-1: nextIndex: updateUnconditionally 40 -> 21
2021-10-17 01:41:32,144 [grpc-default-executor-11] INFO  server.RaftServer$Division (RaftServerImpl.java:checkInconsistentAppendEntries(1319)) - omNode-1@group-523986131536: Failed appendEntries as previous log entry ((t:10, i:39)) is not found
2021-10-17 01:41:32,144 [grpc-default-executor-11] INFO  server.RaftServer$Division (RaftServerImpl.java:checkInconsistentAppendEntries(1285)) - omNode-1@group-523986131536: inconsistency entries. Reply:omNode-3<-omNode-1#3444:FAIL-t10,INCONSISTENCY,nextIndex=21,followerCommit=20
2021-10-17 01:41:32,144 [grpc-default-executor-11] INFO  leader.FollowerInfo (FollowerInfoImpl.java:lambda$new$0(46)) - omNode-3@group-523986131536->omNode-1: nextIndex: updateUnconditionally 40 -> 21
2021-10-17 01:41:32,646 [grpc-default-executor-11] INFO  server.RaftServer$Division (RaftServerImpl.java:checkInconsistentAppendEntries(1319)) - omNode-1@group-523986131536: Failed appendEntries as previous log entry ((t:10, i:39)) is not found
2021-10-17 01:41:32,646 [grpc-default-executor-11] INFO  server.RaftServer$Division (RaftServerImpl.java:checkInconsistentAppendEntries(1285)) - omNode-1@group-523986131536: inconsistency entries. Reply:omNode-3<-omNode-1#3495:FAIL-t10,INCONSISTENCY,nextIndex=21,followerCommit=20
2021-10-17 01:41:32,646 [grpc-default-executor-11] INFO  leader.FollowerInfo (FollowerInfoImpl.java:lambda$new$0(46)) - omNode-3@group-523986131536->omNode-1: nextIndex: updateUnconditionally 40 -> 21
2021-10-17 01:41:33,148 [grpc-default-executor-11] INFO  server.RaftServer$Division (RaftServerImpl.java:checkInconsistentAppendEntries(1319)) - omNode-1@group-523986131536: Failed appendEntries as previous log entry ((t:10, i:39)) is not found
2021-10-17 01:41:33,148 [grpc-default-executor-11] INFO  server.RaftServer$Division (RaftServerImpl.java:checkInconsistentAppendEntries(1285)) - omNode-1@group-523986131536: inconsistency entries. Reply:omNode-3<-omNode-1#3546:FAIL-t10,INCONSISTENCY,nextIndex=21,followerCommit=20
2021-10-17 01:41:33,148 [grpc-default-executor-11] INFO  leader.FollowerInfo (FollowerInfoImpl.java:lambda$new$0(46)) - omNode-3@group-523986131536->omNode-1: nextIndex: updateUnconditionally 40 -> 21
2021-10-17 01:41:33,650 [grpc-default-executor-11] INFO  server.RaftServer$Division (RaftServerImpl.java:checkInconsistentAppendEntries(1319)) - omNode-1@group-523986131536: Failed appendEntries as previous log entry ((t:10, i:39)) is not found
2021-10-17 01:41:33,650 [grpc-default-executor-11] INFO  server.RaftServer$Division (RaftServerImpl.java:checkInconsistentAppendEntries(1285)) - omNode-1@group-523986131536: inconsistency entries. Reply:omNode-3<-omNode-1#3597:FAIL-t10,INCONSISTENCY,nextIndex=21,followerCommit=20
2021-10-17 01:41:33,650 [grpc-default-executor-11] INFO  leader.FollowerInfo (FollowerInfoImpl.java:lambda$new$0(46)) - omNode-3@group-523986131536->omNode-1: nextIndex: updateUnconditionally 40 -> 21
2021-10-17 01:41:34,152 [grpc-default-executor-11] INFO  server.RaftServer$Division (RaftServerImpl.java:checkInconsistentAppendEntries(1319)) - omNode-1@group-523986131536: Failed appendEntries as previous log entry ((t:10, i:39)) is not found
2021-10-17 01:41:34,152 [grpc-default-executor-11] INFO  server.RaftServer$Division (RaftServerImpl.java:checkInconsistentAppendEntries(1285)) - omNode-1@group-523986131536: inconsistency entries. Reply:omNode-3<-omNode-1#3648:FAIL-t10,INCONSISTENCY,nextIndex=21,followerCommit=20
2021-10-17 01:41:34,152 [grpc-default-executor-11] INFO  leader.FollowerInfo (FollowerInfoImpl.java:lambda$new$0(46)) - omNode-3@group-523986131536->omNode-1: nextIndex: updateUnconditionally 40 -> 21
2021-10-17 01:41:34,654 [grpc-default-executor-11] INFO  server.RaftServer$Division (RaftServerImpl.java:checkInconsistentAppendEntries(1319)) - omNode-1@group-523986131536: Failed appendEntries as previous log entry ((t:10, i:39)) is not found
2021-10-17 01:41:34,654 [grpc-default-executor-11] INFO  server.RaftServer$Division (RaftServerImpl.java:checkInconsistentAppendEntries(1285)) - omNode-1@group-523986131536: inconsistency entries. Reply:omNode-3<-omNode-1#3699:FAIL-t10,INCONSISTENCY,nextIndex=21,followerCommit=20
2021-10-17 01:41:34,654 [grpc-default-executor-11] INFO  leader.FollowerInfo (FollowerInfoImpl.java:lambda$new$0(46)) - omNode-3@group-523986131536->omNode-1: nextIndex: updateUnconditionally 40 -> 21
2021-10-17 01:41:35,156 [grpc-default-executor-11] INFO  server.RaftServer$Division (RaftServerImpl.java:checkInconsistentAppendEntries(1319)) - omNode-1@group-523986131536: Failed appendEntries as previous log entry ((t:10, i:39)) is not found
2021-10-17 01:41:35,156 [grpc-default-executor-11] INFO  server.RaftServer$Division (RaftServerImpl.java:checkInconsistentAppendEntries(1285)) - omNode-1@group-523986131536: inconsistency entries. Reply:omNode-3<-omNode-1#3750:FAIL-t10,INCONSISTENCY,nextIndex=21,followerCommit=20
2021-10-17 01:41:35,156 [grpc-default-executor-11] INFO  leader.FollowerInfo (FollowerInfoImpl.java:lambda$new$0(46)) - omNode-3@group-523986131536->omNode-1: nextIndex: updateUnconditionally 40 -> 21
2021-10-17 01:41:35,658 [grpc-default-executor-11] INFO  server.RaftServer$Division (RaftServerImpl.java:checkInconsistentAppendEntries(1319)) - omNode-1@group-523986131536: Failed appendEntries as previous log entry ((t:10, i:39)) is not found
2021-10-17 01:41:35,658 [grpc-default-executor-11] INFO  server.RaftServer$Division (RaftServerImpl.java:checkInconsistentAppendEntries(1285)) - omNode-1@group-523986131536: inconsistency entries. Reply:omNode-3<-omNode-1#3801:FAIL-t10,INCONSISTENCY,nextIndex=21,followerCommit=20
2021-10-17 01:41:35,658 [grpc-default-executor-11] INFO  leader.FollowerInfo (FollowerInfoImpl.java:lambda$new$0(46)) - omNode-3@group-523986131536->omNode-1: nextIndex: updateUnconditionally 40 -> 21
2021-10-17 01:41:36,160 [grpc-default-executor-11] INFO  server.RaftServer$Division (RaftServerImpl.java:checkInconsistentAppendEntries(1319)) - omNode-1@group-523986131536: Failed appendEntries as previous log entry ((t:10, i:39)) is not found
2021-10-17 01:41:36,160 [grpc-default-executor-11] INFO  server.RaftServer$Division (RaftServerImpl.java:checkInconsistentAppendEntries(1285)) - omNode-1@group-523986131536: inconsistency entries. Reply:omNode-3<-omNode-1#3852:FAIL-t10,INCONSISTENCY,nextIndex=21,followerCommit=20
2021-10-17 01:41:36,161 [grpc-default-executor-11] INFO  leader.FollowerInfo (FollowerInfoImpl.java:lambda$new$0(46)) - omNode-3@group-523986131536->omNode-1: nextIndex: updateUnconditionally 40 -> 21
2021-10-17 01:41:36,663 [grpc-default-executor-7] INFO  server.RaftServer$Division (RaftServerImpl.java:checkInconsistentAppendEntries(1319)) - omNode-1@group-523986131536: Failed appendEntries as previous log entry ((t:10, i:39)) is not found
2021-10-17 01:41:36,663 [grpc-default-executor-7] INFO  server.RaftServer$Division (RaftServerImpl.java:checkInconsistentAppendEntries(1285)) - omNode-1@group-523986131536: inconsistency entries. Reply:omNode-3<-omNode-1#3903:FAIL-t10,INCONSISTENCY,nextIndex=21,followerCommit=20
2021-10-17 01:41:36,663 [grpc-default-executor-7] INFO  leader.FollowerInfo (FollowerInfoImpl.java:lambda$new$0(46)) - omNode-3@group-523986131536->omNode-1: nextIndex: updateUnconditionally 40 -> 21
2021-10-17 01:41:37,164 [grpc-default-executor-7] INFO  server.RaftServer$Division (RaftServerImpl.java:checkInconsistentAppendEntries(1319)) - omNode-1@group-523986131536: Failed appendEntries as previous log entry ((t:10, i:39)) is not found
2021-10-17 01:41:37,165 [grpc-default-executor-7] INFO  server.RaftServer$Division (RaftServerImpl.java:checkInconsistentAppendEntries(1285)) - omNode-1@group-523986131536: inconsistency entries. Reply:omNode-3<-omNode-1#3954:FAIL-t10,INCONSISTENCY,nextIndex=21,followerCommit=20
2021-10-17 01:41:37,165 [grpc-default-executor-7] INFO  leader.FollowerInfo (FollowerInfoImpl.java:lambda$new$0(46)) - omNode-3@group-523986131536->omNode-1: nextIndex: updateUnconditionally 40 -> 21
2021-10-17 01:41:37,667 [grpc-default-executor-7] INFO  server.RaftServer$Division (RaftServerImpl.java:checkInconsistentAppendEntries(1319)) - omNode-1@group-523986131536: Failed appendEntries as previous log entry ((t:10, i:39)) is not found
2021-10-17 01:41:37,667 [grpc-default-executor-7] INFO  server.RaftServer$Division (RaftServerImpl.java:checkInconsistentAppendEntries(1285)) - omNode-1@group-523986131536: inconsistency entries. Reply:omNode-3<-omNode-1#4005:FAIL-t10,INCONSISTENCY,nextIndex=21,followerCommit=20
2021-10-17 01:41:37,667 [grpc-default-executor-7] INFO  leader.FollowerInfo (FollowerInfoImpl.java:lambda$new$0(46)) - omNode-3@group-523986131536->omNode-1: nextIndex: updateUnconditionally 40 -> 21
2021-10-17 01:41:38,169 [grpc-default-executor-7] INFO  server.RaftServer$Division (RaftServerImpl.java:checkInconsistentAppendEntries(1319)) - omNode-1@group-523986131536: Failed appendEntries as previous log entry ((t:10, i:39)) is not found
2021-10-17 01:41:38,169 [grpc-default-executor-7] INFO  server.RaftServer$Division (RaftServerImpl.java:checkInconsistentAppendEntries(1285)) - omNode-1@group-523986131536: inconsistency entries. Reply:omNode-3<-omNode-1#4056:FAIL-t10,INCONSISTENCY,nextIndex=21,followerCommit=20
2021-10-17 01:41:38,169 [grpc-default-executor-7] INFO  leader.FollowerInfo (FollowerInfoImpl.java:lambda$new$0(46)) - omNode-3@group-523986131536->omNode-1: nextIndex: updateUnconditionally 40 -> 21
2021-10-17 01:41:38,671 [grpc-default-executor-7] INFO  server.RaftServer$Division (RaftServerImpl.java:checkInconsistentAppendEntries(1319)) - omNode-1@group-523986131536: Failed appendEntries as previous log entry ((t:10, i:39)) is not found
2021-10-17 01:41:38,671 [grpc-default-executor-7] INFO  server.RaftServer$Division (RaftServerImpl.java:checkInconsistentAppendEntries(1285)) - omNode-1@group-523986131536: inconsistency entries. Reply:omNode-3<-omNode-1#4107:FAIL-t10,INCONSISTENCY,nextIndex=21,followerCommit=20
2021-10-17 01:41:38,672 [grpc-default-executor-7] INFO  leader.FollowerInfo (FollowerInfoImpl.java:lambda$new$0(46)) - omNode-3@group-523986131536->omNode-1: nextIndex: updateUnconditionally 40 -> 21
2021-10-17 01:41:39,174 [grpc-default-executor-7] INFO  server.RaftServer$Division (RaftServerImpl.java:checkInconsistentAppendEntries(1319)) - omNode-1@group-523986131536: Failed appendEntries as previous log entry ((t:10, i:39)) is not found
2021-10-17 01:41:39,174 [grpc-default-executor-7] INFO  server.RaftServer$Division (RaftServerImpl.java:checkInconsistentAppendEntries(1285)) - omNode-1@group-523986131536: inconsistency entries. Reply:omNode-3<-omNode-1#4158:FAIL-t10,INCONSISTENCY,nextIndex=21,followerCommit=20
2021-10-17 01:41:39,174 [grpc-default-executor-7] INFO  leader.FollowerInfo (FollowerInfoImpl.java:lambda$new$0(46)) - omNode-3@group-523986131536->omNode-1: nextIndex: updateUnconditionally 40 -> 21
2021-10-17 01:41:39,675 [grpc-default-executor-7] INFO  server.RaftServer$Division (RaftServerImpl.java:checkInconsistentAppendEntries(1319)) - omNode-1@group-523986131536: Failed appendEntries as previous log entry ((t:10, i:39)) is not found
2021-10-17 01:41:39,676 [grpc-default-executor-7] INFO  server.RaftServer$Division (RaftServerImpl.java:checkInconsistentAppendEntries(1285)) - omNode-1@group-523986131536: inconsistency entries. Reply:omNode-3<-omNode-1#4209:FAIL-t10,INCONSISTENCY,nextIndex=21,followerCommit=20
2021-10-17 01:41:39,676 [grpc-default-executor-7] INFO  leader.FollowerInfo (FollowerInfoImpl.java:lambda$new$0(46)) - omNode-3@group-523986131536->omNode-1: nextIndex: updateUnconditionally 40 -> 21
2021-10-17 01:41:40,178 [grpc-default-executor-7] INFO  server.RaftServer$Division (RaftServerImpl.java:checkInconsistentAppendEntries(1319)) - omNode-1@group-523986131536: Failed appendEntries as previous log entry ((t:10, i:39)) is not found
2021-10-17 01:41:40,178 [grpc-default-executor-7] INFO  server.RaftServer$Division (RaftServerImpl.java:checkInconsistentAppendEntries(1285)) - omNode-1@group-523986131536: inconsistency entries. Reply:omNode-3<-omNode-1#4260:FAIL-t10,INCONSISTENCY,nextIndex=21,followerCommit=20
2021-10-17 01:41:40,178 [grpc-default-executor-7] INFO  leader.FollowerInfo (FollowerInfoImpl.java:lambda$new$0(46)) - omNode-3@group-523986131536->omNode-1: nextIndex: updateUnconditionally 40 -> 21
2021-10-17 01:41:40,680 [grpc-default-executor-7] INFO  server.RaftServer$Division (RaftServerImpl.java:checkInconsistentAppendEntries(1319)) - omNode-1@group-523986131536: Failed appendEntries as previous log entry ((t:10, i:39)) is not found
2021-10-17 01:41:40,680 [grpc-default-executor-7] INFO  server.RaftServer$Division (RaftServerImpl.java:checkInconsistentAppendEntries(1285)) - omNode-1@group-523986131536: inconsistency entries. Reply:omNode-3<-omNode-1#4311:FAIL-t10,INCONSISTENCY,nextIndex=21,followerCommit=20
2021-10-17 01:41:40,680 [grpc-default-executor-7] INFO  leader.FollowerInfo (FollowerInfoImpl.java:lambda$new$0(46)) - omNode-3@group-523986131536->omNode-1: nextIndex: updateUnconditionally 40 -> 21
2021-10-17 01:41:41,182 [grpc-default-executor-7] INFO  server.RaftServer$Division (RaftServerImpl.java:checkInconsistentAppendEntries(1319)) - omNode-1@group-523986131536: Failed appendEntries as previous log entry ((t:10, i:39)) is not found
2021-10-17 01:41:41,182 [grpc-default-executor-7] INFO  server.RaftServer$Division (RaftServerImpl.java:checkInconsistentAppendEntries(1285)) - omNode-1@group-523986131536: inconsistency entries. Reply:omNode-3<-omNode-1#4362:FAIL-t10,INCONSISTENCY,nextIndex=21,followerCommit=20
2021-10-17 01:41:41,182 [grpc-default-executor-7] INFO  leader.FollowerInfo (FollowerInfoImpl.java:lambda$new$0(46)) - omNode-3@group-523986131536->omNode-1: nextIndex: updateUnconditionally 40 -> 21
2021-10-17 01:41:41,684 [grpc-default-executor-7] INFO  server.RaftServer$Division (RaftServerImpl.java:checkInconsistentAppendEntries(1319)) - omNode-1@group-523986131536: Failed appendEntries as previous log entry ((t:10, i:39)) is not found
2021-10-17 01:41:41,685 [grpc-default-executor-7] INFO  server.RaftServer$Division (RaftServerImpl.java:checkInconsistentAppendEntries(1285)) - omNode-1@group-523986131536: inconsistency entries. Reply:omNode-3<-omNode-1#4413:FAIL-t10,INCONSISTENCY,nextIndex=21,followerCommit=20
2021-10-17 01:41:41,685 [grpc-default-executor-7] INFO  leader.FollowerInfo (FollowerInfoImpl.java:lambda$new$0(46)) - omNode-3@group-523986131536->omNode-1: nextIndex: updateUnconditionally 40 -> 21
2021-10-17 01:41:42,187 [grpc-default-executor-7] INFO  server.RaftServer$Division (RaftServerImpl.java:checkInconsistentAppendEntries(1319)) - omNode-1@group-523986131536: Failed appendEntries as previous log entry ((t:10, i:39)) is not found
2021-10-17 01:41:42,187 [grpc-default-executor-7] INFO  server.RaftServer$Division (RaftServerImpl.java:checkInconsistentAppendEntries(1285)) - omNode-1@group-523986131536: inconsistency entries. Reply:omNode-3<-omNode-1#4464:FAIL-t10,INCONSISTENCY,nextIndex=21,followerCommit=20
2021-10-17 01:41:42,188 [grpc-default-executor-7] INFO  leader.FollowerInfo (FollowerInfoImpl.java:lambda$new$0(46)) - omNode-3@group-523986131536->omNode-1: nextIndex: updateUnconditionally 40 -> 21
2021-10-17 01:41:42,690 [grpc-default-executor-7] INFO  server.RaftServer$Division (RaftServerImpl.java:checkInconsistentAppendEntries(1319)) - omNode-1@group-523986131536: Failed appendEntries as previous log entry ((t:10, i:39)) is not found
2021-10-17 01:41:42,690 [grpc-default-executor-7] INFO  server.RaftServer$Division (RaftServerImpl.java:checkInconsistentAppendEntries(1285)) - omNode-1@group-523986131536: inconsistency entries. Reply:omNode-3<-omNode-1#4515:FAIL-t10,INCONSISTENCY,nextIndex=21,followerCommit=20
2021-10-17 01:41:42,690 [grpc-default-executor-7] INFO  leader.FollowerInfo (FollowerInfoImpl.java:lambda$new$0(46)) - omNode-3@group-523986131536->omNode-1: nextIndex: updateUnconditionally 40 -> 21
2021-10-17 01:41:43,192 [grpc-default-executor-7] INFO  server.RaftServer$Division (RaftServerImpl.java:checkInconsistentAppendEntries(1319)) - omNode-1@group-523986131536: Failed appendEntries as previous log entry ((t:10, i:39)) is not found
2021-10-17 01:41:43,192 [grpc-default-executor-7] INFO  server.RaftServer$Division (RaftServerImpl.java:checkInconsistentAppendEntries(1285)) - omNode-1@group-523986131536: inconsistency entries. Reply:omNode-3<-omNode-1#4566:FAIL-t10,INCONSISTENCY,nextIndex=21,followerCommit=20
2021-10-17 01:41:43,193 [grpc-default-executor-7] INFO  leader.FollowerInfo (FollowerInfoImpl.java:lambda$new$0(46)) - omNode-3@group-523986131536->omNode-1: nextIndex: updateUnconditionally 40 -> 21
2021-10-17 01:41:43,694 [grpc-default-executor-7] INFO  server.RaftServer$Division (RaftServerImpl.java:checkInconsistentAppendEntries(1319)) - omNode-1@group-523986131536: Failed appendEntries as previous log entry ((t:10, i:39)) is not found
2021-10-17 01:41:43,695 [grpc-default-executor-7] INFO  server.RaftServer$Division (RaftServerImpl.java:checkInconsistentAppendEntries(1285)) - omNode-1@group-523986131536: inconsistency entries. Reply:omNode-3<-omNode-1#4617:FAIL-t10,INCONSISTENCY,nextIndex=21,followerCommit=20
2021-10-17 01:41:43,695 [grpc-default-executor-7] INFO  leader.FollowerInfo (FollowerInfoImpl.java:lambda$new$0(46)) - omNode-3@group-523986131536->omNode-1: nextIndex: updateUnconditionally 40 -> 21
2021-10-17 01:41:44,197 [grpc-default-executor-11] INFO  server.RaftServer$Division (RaftServerImpl.java:checkInconsistentAppendEntries(1319)) - omNode-1@group-523986131536: Failed appendEntries as previous log entry ((t:10, i:39)) is not found
2021-10-17 01:41:44,197 [grpc-default-executor-11] INFO  server.RaftServer$Division (RaftServerImpl.java:checkInconsistentAppendEntries(1285)) - omNode-1@group-523986131536: inconsistency entries. Reply:omNode-3<-omNode-1#4668:FAIL-t10,INCONSISTENCY,nextIndex=21,followerCommit=20
2021-10-17 01:41:44,198 [grpc-default-executor-11] INFO  leader.FollowerInfo (FollowerInfoImpl.java:lambda$new$0(46)) - omNode-3@group-523986131536->omNode-1: nextIndex: updateUnconditionally 40 -> 21
2021-10-17 01:41:44,700 [grpc-default-executor-11] INFO  server.RaftServer$Division (RaftServerImpl.java:checkInconsistentAppendEntries(1319)) - omNode-1@group-523986131536: Failed appendEntries as previous log entry ((t:10, i:39)) is not found
2021-10-17 01:41:44,700 [grpc-default-executor-11] INFO  server.RaftServer$Division (RaftServerImpl.java:checkInconsistentAppendEntries(1285)) - omNode-1@group-523986131536: inconsistency entries. Reply:omNode-3<-omNode-1#4719:FAIL-t10,INCONSISTENCY,nextIndex=21,followerCommit=20
2021-10-17 01:41:44,701 [grpc-default-executor-11] INFO  leader.FollowerInfo (FollowerInfoImpl.java:lambda$new$0(46)) - omNode-3@group-523986131536->omNode-1: nextIndex: updateUnconditionally 40 -> 21
2021-10-17 01:41:45,202 [grpc-default-executor-11] INFO  server.RaftServer$Division (RaftServerImpl.java:checkInconsistentAppendEntries(1319)) - omNode-1@group-523986131536: Failed appendEntries as previous log entry ((t:10, i:39)) is not found
2021-10-17 01:41:45,202 [grpc-default-executor-11] INFO  server.RaftServer$Division (RaftServerImpl.java:checkInconsistentAppendEntries(1285)) - omNode-1@group-523986131536: inconsistency entries. Reply:omNode-3<-omNode-1#4770:FAIL-t10,INCONSISTENCY,nextIndex=21,followerCommit=20
2021-10-17 01:41:45,202 [grpc-default-executor-11] INFO  leader.FollowerInfo (FollowerInfoImpl.java:lambda$new$0(46)) - omNode-3@group-523986131536->omNode-1: nextIndex: updateUnconditionally 40 -> 21
2021-10-17 01:41:45,704 [grpc-default-executor-11] INFO  server.RaftServer$Division (RaftServerImpl.java:checkInconsistentAppendEntries(1319)) - omNode-1@group-523986131536: Failed appendEntries as previous log entry ((t:10, i:39)) is not found
2021-10-17 01:41:45,704 [grpc-default-executor-11] INFO  server.RaftServer$Division (RaftServerImpl.java:checkInconsistentAppendEntries(1285)) - omNode-1@group-523986131536: inconsistency entries. Reply:omNode-3<-omNode-1#4821:FAIL-t10,INCONSISTENCY,nextIndex=21,followerCommit=20
2021-10-17 01:41:45,704 [grpc-default-executor-11] INFO  leader.FollowerInfo (FollowerInfoImpl.java:lambda$new$0(46)) - omNode-3@group-523986131536->omNode-1: nextIndex: updateUnconditionally 40 -> 21
2021-10-17 01:41:46,206 [grpc-default-executor-11] INFO  server.RaftServer$Division (RaftServerImpl.java:checkInconsistentAppendEntries(1319)) - omNode-1@group-523986131536: Failed appendEntries as previous log entry ((t:10, i:39)) is not found
2021-10-17 01:41:46,206 [grpc-default-executor-11] INFO  server.RaftServer$Division (RaftServerImpl.java:checkInconsistentAppendEntries(1285)) - omNode-1@group-523986131536: inconsistency entries. Reply:omNode-3<-omNode-1#4872:FAIL-t10,INCONSISTENCY,nextIndex=21,followerCommit=20
2021-10-17 01:41:46,206 [grpc-default-executor-11] INFO  leader.FollowerInfo (FollowerInfoImpl.java:lambda$new$0(46)) - omNode-3@group-523986131536->omNode-1: nextIndex: updateUnconditionally 40 -> 21
2021-10-17 01:41:46,709 [grpc-default-executor-7] INFO  server.RaftServer$Division (RaftServerImpl.java:checkInconsistentAppendEntries(1319)) - omNode-1@group-523986131536: Failed appendEntries as previous log entry ((t:10, i:39)) is not found
2021-10-17 01:41:46,709 [grpc-default-executor-7] INFO  server.RaftServer$Division (RaftServerImpl.java:checkInconsistentAppendEntries(1285)) - omNode-1@group-523986131536: inconsistency entries. Reply:omNode-3<-omNode-1#4923:FAIL-t10,INCONSISTENCY,nextIndex=21,followerCommit=20
2021-10-17 01:41:46,709 [grpc-default-executor-7] INFO  leader.FollowerInfo (FollowerInfoImpl.java:lambda$new$0(46)) - omNode-3@group-523986131536->omNode-1: nextIndex: updateUnconditionally 40 -> 21
2021-10-17 01:41:47,211 [grpc-default-executor-7] INFO  server.RaftServer$Division (RaftServerImpl.java:checkInconsistentAppendEntries(1319)) - omNode-1@group-523986131536: Failed appendEntries as previous log entry ((t:10, i:39)) is not found
2021-10-17 01:41:47,211 [grpc-default-executor-7] INFO  server.RaftServer$Division (RaftServerImpl.java:checkInconsistentAppendEntries(1285)) - omNode-1@group-523986131536: inconsistency entries. Reply:omNode-3<-omNode-1#4974:FAIL-t10,INCONSISTENCY,nextIndex=21,followerCommit=20
2021-10-17 01:41:47,211 [grpc-default-executor-7] INFO  leader.FollowerInfo (FollowerInfoImpl.java:lambda$new$0(46)) - omNode-3@group-523986131536->omNode-1: nextIndex: updateUnconditionally 40 -> 21
2021-10-17 01:41:47,713 [grpc-default-executor-7] INFO  server.RaftServer$Division (RaftServerImpl.java:checkInconsistentAppendEntries(1319)) - omNode-1@group-523986131536: Failed appendEntries as previous log entry ((t:10, i:39)) is not found
2021-10-17 01:41:47,713 [grpc-default-executor-7] INFO  server.RaftServer$Division (RaftServerImpl.java:checkInconsistentAppendEntries(1285)) - omNode-1@group-523986131536: inconsistency entries. Reply:omNode-3<-omNode-1#5025:FAIL-t10,INCONSISTENCY,nextIndex=21,followerCommit=20
2021-10-17 01:41:47,714 [grpc-default-executor-7] INFO  leader.FollowerInfo (FollowerInfoImpl.java:lambda$new$0(46)) - omNode-3@group-523986131536->omNode-1: nextIndex: updateUnconditionally 40 -> 21
2021-10-17 01:41:48,215 [grpc-default-executor-7] INFO  server.RaftServer$Division (RaftServerImpl.java:checkInconsistentAppendEntries(1319)) - omNode-1@group-523986131536: Failed appendEntries as previous log entry ((t:10, i:39)) is not found
2021-10-17 01:41:48,216 [grpc-default-executor-7] INFO  server.RaftServer$Division (RaftServerImpl.java:checkInconsistentAppendEntries(1285)) - omNode-1@group-523986131536: inconsistency entries. Reply:omNode-3<-omNode-1#5076:FAIL-t10,INCONSISTENCY,nextIndex=21,followerCommit=20
2021-10-17 01:41:48,216 [grpc-default-executor-7] INFO  leader.FollowerInfo (FollowerInfoImpl.java:lambda$new$0(46)) - omNode-3@group-523986131536->omNode-1: nextIndex: updateUnconditionally 40 -> 21
2021-10-17 01:41:48,717 [grpc-default-executor-7] INFO  server.RaftServer$Division (RaftServerImpl.java:checkInconsistentAppendEntries(1319)) - omNode-1@group-523986131536: Failed appendEntries as previous log entry ((t:10, i:39)) is not found
2021-10-17 01:41:48,717 [grpc-default-executor-7] INFO  server.RaftServer$Division (RaftServerImpl.java:checkInconsistentAppendEntries(1285)) - omNode-1@group-523986131536: inconsistency entries. Reply:omNode-3<-omNode-1#5127:FAIL-t10,INCONSISTENCY,nextIndex=21,followerCommit=20
2021-10-17 01:41:48,718 [grpc-default-executor-7] INFO  leader.FollowerInfo (FollowerInfoImpl.java:lambda$new$0(46)) - omNode-3@group-523986131536->omNode-1: nextIndex: updateUnconditionally 40 -> 21
2021-10-17 01:41:49,219 [grpc-default-executor-11] INFO  server.RaftServer$Division (RaftServerImpl.java:checkInconsistentAppendEntries(1319)) - omNode-1@group-523986131536: Failed appendEntries as previous log entry ((t:10, i:39)) is not found
2021-10-17 01:41:49,219 [grpc-default-executor-11] INFO  server.RaftServer$Division (RaftServerImpl.java:checkInconsistentAppendEntries(1285)) - omNode-1@group-523986131536: inconsistency entries. Reply:omNode-3<-omNode-1#5178:FAIL-t10,INCONSISTENCY,nextIndex=21,followerCommit=20
2021-10-17 01:41:49,220 [grpc-default-executor-11] INFO  leader.FollowerInfo (FollowerInfoImpl.java:lambda$new$0(46)) - omNode-3@group-523986131536->omNode-1: nextIndex: updateUnconditionally 40 -> 21
2021-10-17 01:41:49,721 [grpc-default-executor-11] INFO  server.RaftServer$Division (RaftServerImpl.java:checkInconsistentAppendEntries(1319)) - omNode-1@group-523986131536: Failed appendEntries as previous log entry ((t:10, i:39)) is not found
2021-10-17 01:41:49,722 [grpc-default-executor-11] INFO  server.RaftServer$Division (RaftServerImpl.java:checkInconsistentAppendEntries(1285)) - omNode-1@group-523986131536: inconsistency entries. Reply:omNode-3<-omNode-1#5229:FAIL-t10,INCONSISTENCY,nextIndex=21,followerCommit=20
2021-10-17 01:41:49,722 [grpc-default-executor-11] INFO  leader.FollowerInfo (FollowerInfoImpl.java:lambda$new$0(46)) - omNode-3@group-523986131536->omNode-1: nextIndex: updateUnconditionally 40 -> 21
2021-10-17 01:41:50,223 [grpc-default-executor-11] INFO  server.RaftServer$Division (RaftServerImpl.java:checkInconsistentAppendEntries(1319)) - omNode-1@group-523986131536: Failed appendEntries as previous log entry ((t:10, i:39)) is not found
2021-10-17 01:41:50,223 [grpc-default-executor-11] INFO  server.RaftServer$Division (RaftServerImpl.java:checkInconsistentAppendEntries(1285)) - omNode-1@group-523986131536: inconsistency entries. Reply:omNode-3<-omNode-1#5280:FAIL-t10,INCONSISTENCY,nextIndex=21,followerCommit=20
2021-10-17 01:41:50,224 [grpc-default-executor-11] INFO  leader.FollowerInfo (FollowerInfoImpl.java:lambda$new$0(46)) - omNode-3@group-523986131536->omNode-1: nextIndex: updateUnconditionally 40 -> 21
2021-10-17 01:41:50,726 [grpc-default-executor-11] INFO  server.RaftServer$Division (RaftServerImpl.java:checkInconsistentAppendEntries(1319)) - omNode-1@group-523986131536: Failed appendEntries as previous log entry ((t:10, i:39)) is not found
2021-10-17 01:41:50,726 [grpc-default-executor-11] INFO  server.RaftServer$Division (RaftServerImpl.java:checkInconsistentAppendEntries(1285)) - omNode-1@group-523986131536: inconsistency entries. Reply:omNode-3<-omNode-1#5331:FAIL-t10,INCONSISTENCY,nextIndex=21,followerCommit=20
2021-10-17 01:41:50,726 [grpc-default-executor-11] INFO  leader.FollowerInfo (FollowerInfoImpl.java:lambda$new$0(46)) - omNode-3@group-523986131536->omNode-1: nextIndex: updateUnconditionally 40 -> 21
2021-10-17 01:41:51,228 [grpc-default-executor-11] INFO  server.RaftServer$Division (RaftServerImpl.java:checkInconsistentAppendEntries(1319)) - omNode-1@group-523986131536: Failed appendEntries as previous log entry ((t:10, i:39)) is not found
2021-10-17 01:41:51,228 [grpc-default-executor-11] INFO  server.RaftServer$Division (RaftServerImpl.java:checkInconsistentAppendEntries(1285)) - omNode-1@group-523986131536: inconsistency entries. Reply:omNode-3<-omNode-1#5382:FAIL-t10,INCONSISTENCY,nextIndex=21,followerCommit=20
2021-10-17 01:41:51,228 [grpc-default-executor-11] INFO  leader.FollowerInfo (FollowerInfoImpl.java:lambda$new$0(46)) - omNode-3@group-523986131536->omNode-1: nextIndex: updateUnconditionally 40 -> 21
2021-10-17 01:41:51,730 [grpc-default-executor-7] INFO  server.RaftServer$Division (RaftServerImpl.java:checkInconsistentAppendEntries(1319)) - omNode-1@group-523986131536: Failed appendEntries as previous log entry ((t:10, i:39)) is not found
2021-10-17 01:41:51,731 [grpc-default-executor-7] INFO  server.RaftServer$Division (RaftServerImpl.java:checkInconsistentAppendEntries(1285)) - omNode-1@group-523986131536: inconsistency entries. Reply:omNode-3<-omNode-1#5433:FAIL-t10,INCONSISTENCY,nextIndex=21,followerCommit=20
2021-10-17 01:41:51,731 [grpc-default-executor-7] INFO  leader.FollowerInfo (FollowerInfoImpl.java:lambda$new$0(46)) - omNode-3@group-523986131536->omNode-1: nextIndex: updateUnconditionally 40 -> 21
2021-10-17 01:41:52,233 [grpc-default-executor-7] INFO  server.RaftServer$Division (RaftServerImpl.java:checkInconsistentAppendEntries(1319)) - omNode-1@group-523986131536: Failed appendEntries as previous log entry ((t:10, i:39)) is not found
2021-10-17 01:41:52,233 [grpc-default-executor-7] INFO  server.RaftServer$Division (RaftServerImpl.java:checkInconsistentAppendEntries(1285)) - omNode-1@group-523986131536: inconsistency entries. Reply:omNode-3<-omNode-1#5484:FAIL-t10,INCONSISTENCY,nextIndex=21,followerCommit=20
2021-10-17 01:41:52,233 [grpc-default-executor-7] INFO  leader.FollowerInfo (FollowerInfoImpl.java:lambda$new$0(46)) - omNode-3@group-523986131536->omNode-1: nextIndex: updateUnconditionally 40 -> 21
2021-10-17 01:41:52,735 [grpc-default-executor-7] INFO  server.RaftServer$Division (RaftServerImpl.java:checkInconsistentAppendEntries(1319)) - omNode-1@group-523986131536: Failed appendEntries as previous log entry ((t:10, i:39)) is not found
2021-10-17 01:41:52,735 [grpc-default-executor-7] INFO  server.RaftServer$Division (RaftServerImpl.java:checkInconsistentAppendEntries(1285)) - omNode-1@group-523986131536: inconsistency entries. Reply:omNode-3<-omNode-1#5535:FAIL-t10,INCONSISTENCY,nextIndex=21,followerCommit=20
2021-10-17 01:41:52,736 [grpc-default-executor-7] INFO  leader.FollowerInfo (FollowerInfoImpl.java:lambda$new$0(46)) - omNode-3@group-523986131536->omNode-1: nextIndex: updateUnconditionally 40 -> 21
2021-10-17 01:41:53,237 [grpc-default-executor-7] INFO  server.RaftServer$Division (RaftServerImpl.java:checkInconsistentAppendEntries(1319)) - omNode-1@group-523986131536: Failed appendEntries as previous log entry ((t:10, i:39)) is not found
2021-10-17 01:41:53,238 [grpc-default-executor-7] INFO  server.RaftServer$Division (RaftServerImpl.java:checkInconsistentAppendEntries(1285)) - omNode-1@group-523986131536: inconsistency entries. Reply:omNode-3<-omNode-1#5586:FAIL-t10,INCONSISTENCY,nextIndex=21,followerCommit=20
2021-10-17 01:41:53,238 [grpc-default-executor-7] INFO  leader.FollowerInfo (FollowerInfoImpl.java:lambda$new$0(46)) - omNode-3@group-523986131536->omNode-1: nextIndex: updateUnconditionally 40 -> 21
2021-10-17 01:41:53,740 [grpc-default-executor-7] INFO  server.RaftServer$Division (RaftServerImpl.java:checkInconsistentAppendEntries(1319)) - omNode-1@group-523986131536: Failed appendEntries as previous log entry ((t:10, i:39)) is not found
2021-10-17 01:41:53,740 [grpc-default-executor-7] INFO  server.RaftServer$Division (RaftServerImpl.java:checkInconsistentAppendEntries(1285)) - omNode-1@group-523986131536: inconsistency entries. Reply:omNode-3<-omNode-1#5637:FAIL-t10,INCONSISTENCY,nextIndex=21,followerCommit=20
2021-10-17 01:41:53,740 [grpc-default-executor-7] INFO  leader.FollowerInfo (FollowerInfoImpl.java:lambda$new$0(46)) - omNode-3@group-523986131536->omNode-1: nextIndex: updateUnconditionally 40 -> 21
2021-10-17 01:41:54,242 [grpc-default-executor-7] INFO  server.RaftServer$Division (RaftServerImpl.java:checkInconsistentAppendEntries(1319)) - omNode-1@group-523986131536: Failed appendEntries as previous log entry ((t:10, i:39)) is not found
2021-10-17 01:41:54,242 [grpc-default-executor-7] INFO  server.RaftServer$Division (RaftServerImpl.java:checkInconsistentAppendEntries(1285)) - omNode-1@group-523986131536: inconsistency entries. Reply:omNode-3<-omNode-1#5688:FAIL-t10,INCONSISTENCY,nextIndex=21,followerCommit=20
2021-10-17 01:41:54,243 [grpc-default-executor-7] INFO  leader.FollowerInfo (FollowerInfoImpl.java:lambda$new$0(46)) - omNode-3@group-523986131536->omNode-1: nextIndex: updateUnconditionally 40 -> 21
2021-10-17 01:41:54,744 [grpc-default-executor-7] INFO  server.RaftServer$Division (RaftServerImpl.java:checkInconsistentAppendEntries(1319)) - omNode-1@group-523986131536: Failed appendEntries as previous log entry ((t:10, i:39)) is not found
2021-10-17 01:41:54,745 [grpc-default-executor-7] INFO  server.RaftServer$Division (RaftServerImpl.java:checkInconsistentAppendEntries(1285)) - omNode-1@group-523986131536: inconsistency entries. Reply:omNode-3<-omNode-1#5739:FAIL-t10,INCONSISTENCY,nextIndex=21,followerCommit=20
2021-10-17 01:41:54,745 [grpc-default-executor-7] INFO  leader.FollowerInfo (FollowerInfoImpl.java:lambda$new$0(46)) - omNode-3@group-523986131536->omNode-1: nextIndex: updateUnconditionally 40 -> 21
2021-10-17 01:41:55,247 [grpc-default-executor-7] INFO  server.RaftServer$Division (RaftServerImpl.java:checkInconsistentAppendEntries(1319)) - omNode-1@group-523986131536: Failed appendEntries as previous log entry ((t:10, i:39)) is not found
2021-10-17 01:41:55,247 [grpc-default-executor-7] INFO  server.RaftServer$Division (RaftServerImpl.java:checkInconsistentAppendEntries(1285)) - omNode-1@group-523986131536: inconsistency entries. Reply:omNode-3<-omNode-1#5790:FAIL-t10,INCONSISTENCY,nextIndex=21,followerCommit=20
2021-10-17 01:41:55,247 [grpc-default-executor-7] INFO  leader.FollowerInfo (FollowerInfoImpl.java:lambda$new$0(46)) - omNode-3@group-523986131536->omNode-1: nextIndex: updateUnconditionally 40 -> 21
2021-10-17 01:41:55,749 [grpc-default-executor-7] INFO  server.RaftServer$Division (RaftServerImpl.java:checkInconsistentAppendEntries(1319)) - omNode-1@group-523986131536: Failed appendEntries as previous log entry ((t:10, i:39)) is not found
2021-10-17 01:41:55,749 [grpc-default-executor-7] INFO  server.RaftServer$Division (RaftServerImpl.java:checkInconsistentAppendEntries(1285)) - omNode-1@group-523986131536: inconsistency entries. Reply:omNode-3<-omNode-1#5841:FAIL-t10,INCONSISTENCY,nextIndex=21,followerCommit=20
2021-10-17 01:41:55,749 [grpc-default-executor-7] INFO  leader.FollowerInfo (FollowerInfoImpl.java:lambda$new$0(46)) - omNode-3@group-523986131536->omNode-1: nextIndex: updateUnconditionally 40 -> 21
2021-10-17 01:41:56,251 [grpc-default-executor-7] INFO  server.RaftServer$Division (RaftServerImpl.java:checkInconsistentAppendEntries(1319)) - omNode-1@group-523986131536: Failed appendEntries as previous log entry ((t:10, i:39)) is not found
2021-10-17 01:41:56,251 [grpc-default-executor-7] INFO  server.RaftServer$Division (RaftServerImpl.java:checkInconsistentAppendEntries(1285)) - omNode-1@group-523986131536: inconsistency entries. Reply:omNode-3<-omNode-1#5892:FAIL-t10,INCONSISTENCY,nextIndex=21,followerCommit=20
2021-10-17 01:41:56,251 [grpc-default-executor-7] INFO  leader.FollowerInfo (FollowerInfoImpl.java:lambda$new$0(46)) - omNode-3@group-523986131536->omNode-1: nextIndex: updateUnconditionally 40 -> 21
2021-10-17 01:41:56,753 [grpc-default-executor-11] INFO  server.RaftServer$Division (RaftServerImpl.java:checkInconsistentAppendEntries(1319)) - omNode-1@group-523986131536: Failed appendEntries as previous log entry ((t:10, i:39)) is not found
2021-10-17 01:41:56,753 [grpc-default-executor-11] INFO  server.RaftServer$Division (RaftServerImpl.java:checkInconsistentAppendEntries(1285)) - omNode-1@group-523986131536: inconsistency entries. Reply:omNode-3<-omNode-1#5943:FAIL-t10,INCONSISTENCY,nextIndex=21,followerCommit=20
2021-10-17 01:41:56,754 [grpc-default-executor-11] INFO  leader.FollowerInfo (FollowerInfoImpl.java:lambda$new$0(46)) - omNode-3@group-523986131536->omNode-1: nextIndex: updateUnconditionally 40 -> 21
2021-10-17 01:41:57,255 [grpc-default-executor-11] INFO  server.RaftServer$Division (RaftServerImpl.java:checkInconsistentAppendEntries(1319)) - omNode-1@group-523986131536: Failed appendEntries as previous log entry ((t:10, i:39)) is not found
2021-10-17 01:41:57,255 [grpc-default-executor-11] INFO  server.RaftServer$Division (RaftServerImpl.java:checkInconsistentAppendEntries(1285)) - omNode-1@group-523986131536: inconsistency entries. Reply:omNode-3<-omNode-1#5994:FAIL-t10,INCONSISTENCY,nextIndex=21,followerCommit=20
2021-10-17 01:41:57,256 [grpc-default-executor-11] INFO  leader.FollowerInfo (FollowerInfoImpl.java:lambda$new$0(46)) - omNode-3@group-523986131536->omNode-1: nextIndex: updateUnconditionally 40 -> 21
2021-10-17 01:41:57,757 [grpc-default-executor-11] INFO  server.RaftServer$Division (RaftServerImpl.java:checkInconsistentAppendEntries(1319)) - omNode-1@group-523986131536: Failed appendEntries as previous log entry ((t:10, i:39)) is not found
2021-10-17 01:41:57,757 [grpc-default-executor-11] INFO  server.RaftServer$Division (RaftServerImpl.java:checkInconsistentAppendEntries(1285)) - omNode-1@group-523986131536: inconsistency entries. Reply:omNode-3<-omNode-1#6045:FAIL-t10,INCONSISTENCY,nextIndex=21,followerCommit=20
2021-10-17 01:41:57,757 [grpc-default-executor-11] INFO  leader.FollowerInfo (FollowerInfoImpl.java:lambda$new$0(46)) - omNode-3@group-523986131536->omNode-1: nextIndex: updateUnconditionally 40 -> 21
2021-10-17 01:41:58,259 [grpc-default-executor-11] INFO  server.RaftServer$Division (RaftServerImpl.java:checkInconsistentAppendEntries(1319)) - omNode-1@group-523986131536: Failed appendEntries as previous log entry ((t:10, i:39)) is not found
2021-10-17 01:41:58,259 [grpc-default-executor-11] INFO  server.RaftServer$Division (RaftServerImpl.java:checkInconsistentAppendEntries(1285)) - omNode-1@group-523986131536: inconsistency entries. Reply:omNode-3<-omNode-1#6096:FAIL-t10,INCONSISTENCY,nextIndex=21,followerCommit=20
2021-10-17 01:41:58,260 [grpc-default-executor-11] INFO  leader.FollowerInfo (FollowerInfoImpl.java:lambda$new$0(46)) - omNode-3@group-523986131536->omNode-1: nextIndex: updateUnconditionally 40 -> 21
2021-10-17 01:41:58,761 [grpc-default-executor-3] INFO  server.RaftServer$Division (RaftServerImpl.java:checkInconsistentAppendEntries(1319)) - omNode-1@group-523986131536: Failed appendEntries as previous log entry ((t:10, i:39)) is not found
2021-10-17 01:41:58,761 [grpc-default-executor-3] INFO  server.RaftServer$Division (RaftServerImpl.java:checkInconsistentAppendEntries(1285)) - omNode-1@group-523986131536: inconsistency entries. Reply:omNode-3<-omNode-1#6147:FAIL-t10,INCONSISTENCY,nextIndex=21,followerCommit=20
2021-10-17 01:41:58,761 [grpc-default-executor-3] INFO  leader.FollowerInfo (FollowerInfoImpl.java:lambda$new$0(46)) - omNode-3@group-523986131536->omNode-1: nextIndex: updateUnconditionally 40 -> 21
2021-10-17 01:41:59,263 [grpc-default-executor-3] INFO  server.RaftServer$Division (RaftServerImpl.java:checkInconsistentAppendEntries(1319)) - omNode-1@group-523986131536: Failed appendEntries as previous log entry ((t:10, i:39)) is not found
2021-10-17 01:41:59,263 [grpc-default-executor-3] INFO  server.RaftServer$Division (RaftServerImpl.java:checkInconsistentAppendEntries(1285)) - omNode-1@group-523986131536: inconsistency entries. Reply:omNode-3<-omNode-1#6198:FAIL-t10,INCONSISTENCY,nextIndex=21,followerCommit=20
2021-10-17 01:41:59,263 [grpc-default-executor-3] INFO  leader.FollowerInfo (FollowerInfoImpl.java:lambda$new$0(46)) - omNode-3@group-523986131536->omNode-1: nextIndex: updateUnconditionally 40 -> 21
2021-10-17 01:41:59,765 [grpc-default-executor-3] INFO  server.RaftServer$Division (RaftServerImpl.java:checkInconsistentAppendEntries(1319)) - omNode-1@group-523986131536: Failed appendEntries as previous log entry ((t:10, i:39)) is not found
2021-10-17 01:41:59,765 [grpc-default-executor-3] INFO  server.RaftServer$Division (RaftServerImpl.java:checkInconsistentAppendEntries(1285)) - omNode-1@group-523986131536: inconsistency entries. Reply:omNode-3<-omNode-1#6249:FAIL-t10,INCONSISTENCY,nextIndex=21,followerCommit=20
2021-10-17 01:41:59,765 [grpc-default-executor-3] INFO  leader.FollowerInfo (FollowerInfoImpl.java:lambda$new$0(46)) - omNode-3@group-523986131536->omNode-1: nextIndex: updateUnconditionally 40 -> 21
2021-10-17 01:42:00,267 [grpc-default-executor-3] INFO  server.RaftServer$Division (RaftServerImpl.java:checkInconsistentAppendEntries(1319)) - omNode-1@group-523986131536: Failed appendEntries as previous log entry ((t:10, i:39)) is not found
2021-10-17 01:42:00,267 [grpc-default-executor-3] INFO  server.RaftServer$Division (RaftServerImpl.java:checkInconsistentAppendEntries(1285)) - omNode-1@group-523986131536: inconsistency entries. Reply:omNode-3<-omNode-1#6300:FAIL-t10,INCONSISTENCY,nextIndex=21,followerCommit=20
2021-10-17 01:42:00,268 [grpc-default-executor-3] INFO  leader.FollowerInfo (FollowerInfoImpl.java:lambda$new$0(46)) - omNode-3@group-523986131536->omNode-1: nextIndex: updateUnconditionally 40 -> 21
2021-10-17 01:42:00,770 [grpc-default-executor-3] INFO  server.RaftServer$Division (RaftServerImpl.java:checkInconsistentAppendEntries(1319)) - omNode-1@group-523986131536: Failed appendEntries as previous log entry ((t:10, i:39)) is not found
2021-10-17 01:42:00,770 [grpc-default-executor-3] INFO  server.RaftServer$Division (RaftServerImpl.java:checkInconsistentAppendEntries(1285)) - omNode-1@group-523986131536: inconsistency entries. Reply:omNode-3<-omNode-1#6351:FAIL-t10,INCONSISTENCY,nextIndex=21,followerCommit=20
2021-10-17 01:42:00,770 [grpc-default-executor-3] INFO  leader.FollowerInfo (FollowerInfoImpl.java:lambda$new$0(46)) - omNode-3@group-523986131536->omNode-1: nextIndex: updateUnconditionally 40 -> 21
2021-10-17 01:42:01,272 [grpc-default-executor-11] INFO  server.RaftServer$Division (RaftServerImpl.java:checkInconsistentAppendEntries(1319)) - omNode-1@group-523986131536: Failed appendEntries as previous log entry ((t:10, i:39)) is not found
2021-10-17 01:42:01,273 [grpc-default-executor-11] INFO  server.RaftServer$Division (RaftServerImpl.java:checkInconsistentAppendEntries(1285)) - omNode-1@group-523986131536: inconsistency entries. Reply:omNode-3<-omNode-1#6402:FAIL-t10,INCONSISTENCY,nextIndex=21,followerCommit=20
2021-10-17 01:42:01,273 [grpc-default-executor-11] INFO  leader.FollowerInfo (FollowerInfoImpl.java:lambda$new$0(46)) - omNode-3@group-523986131536->omNode-1: nextIndex: updateUnconditionally 40 -> 21
2021-10-17 01:42:01,774 [grpc-default-executor-11] INFO  server.RaftServer$Division (RaftServerImpl.java:checkInconsistentAppendEntries(1319)) - omNode-1@group-523986131536: Failed appendEntries as previous log entry ((t:10, i:39)) is not found
2021-10-17 01:42:01,774 [grpc-default-executor-11] INFO  server.RaftServer$Division (RaftServerImpl.java:checkInconsistentAppendEntries(1285)) - omNode-1@group-523986131536: inconsistency entries. Reply:omNode-3<-omNode-1#6453:FAIL-t10,INCONSISTENCY,nextIndex=21,followerCommit=20
2021-10-17 01:42:01,774 [grpc-default-executor-11] INFO  leader.FollowerInfo (FollowerInfoImpl.java:lambda$new$0(46)) - omNode-3@group-523986131536->omNode-1: nextIndex: updateUnconditionally 40 -> 21
2021-10-17 01:42:02,277 [grpc-default-executor-11] INFO  server.RaftServer$Division (RaftServerImpl.java:checkInconsistentAppendEntries(1319)) - omNode-1@group-523986131536: Failed appendEntries as previous log entry ((t:10, i:39)) is not found
2021-10-17 01:42:02,277 [grpc-default-executor-11] INFO  server.RaftServer$Division (RaftServerImpl.java:checkInconsistentAppendEntries(1285)) - omNode-1@group-523986131536: inconsistency entries. Reply:omNode-3<-omNode-1#6504:FAIL-t10,INCONSISTENCY,nextIndex=21,followerCommit=20
2021-10-17 01:42:02,277 [grpc-default-executor-11] INFO  leader.FollowerInfo (FollowerInfoImpl.java:lambda$new$0(46)) - omNode-3@group-523986131536->omNode-1: nextIndex: updateUnconditionally 40 -> 21
2021-10-17 01:42:02,780 [grpc-default-executor-11] INFO  server.RaftServer$Division (RaftServerImpl.java:checkInconsistentAppendEntries(1319)) - omNode-1@group-523986131536: Failed appendEntries as previous log entry ((t:10, i:39)) is not found
2021-10-17 01:42:02,780 [grpc-default-executor-11] INFO  server.RaftServer$Division (RaftServerImpl.java:checkInconsistentAppendEntries(1285)) - omNode-1@group-523986131536: inconsistency entries. Reply:omNode-3<-omNode-1#6555:FAIL-t10,INCONSISTENCY,nextIndex=21,followerCommit=20
2021-10-17 01:42:02,780 [grpc-default-executor-11] INFO  leader.FollowerInfo (FollowerInfoImpl.java:lambda$new$0(46)) - omNode-3@group-523986131536->omNode-1: nextIndex: updateUnconditionally 40 -> 21
2021-10-17 01:42:03,282 [grpc-default-executor-11] INFO  server.RaftServer$Division (RaftServerImpl.java:checkInconsistentAppendEntries(1319)) - omNode-1@group-523986131536: Failed appendEntries as previous log entry ((t:10, i:39)) is not found
2021-10-17 01:42:03,282 [grpc-default-executor-11] INFO  server.RaftServer$Division (RaftServerImpl.java:checkInconsistentAppendEntries(1285)) - omNode-1@group-523986131536: inconsistency entries. Reply:omNode-3<-omNode-1#6606:FAIL-t10,INCONSISTENCY,nextIndex=21,followerCommit=20
2021-10-17 01:42:03,282 [grpc-default-executor-11] INFO  leader.FollowerInfo (FollowerInfoImpl.java:lambda$new$0(46)) - omNode-3@group-523986131536->omNode-1: nextIndex: updateUnconditionally 40 -> 21
2021-10-17 01:42:03,784 [grpc-default-executor-11] INFO  server.RaftServer$Division (RaftServerImpl.java:checkInconsistentAppendEntries(1319)) - omNode-1@group-523986131536: Failed appendEntries as previous log entry ((t:10, i:39)) is not found
2021-10-17 01:42:03,784 [grpc-default-executor-11] INFO  server.RaftServer$Division (RaftServerImpl.java:checkInconsistentAppendEntries(1285)) - omNode-1@group-523986131536: inconsistency entries. Reply:omNode-3<-omNode-1#6657:FAIL-t10,INCONSISTENCY,nextIndex=21,followerCommit=20
2021-10-17 01:42:03,784 [grpc-default-executor-11] INFO  leader.FollowerInfo (FollowerInfoImpl.java:lambda$new$0(46)) - omNode-3@group-523986131536->omNode-1: nextIndex: updateUnconditionally 40 -> 21
2021-10-17 01:42:04,287 [grpc-default-executor-11] INFO  server.RaftServer$Division (RaftServerImpl.java:checkInconsistentAppendEntries(1319)) - omNode-1@group-523986131536: Failed appendEntries as previous log entry ((t:10, i:39)) is not found
2021-10-17 01:42:04,287 [grpc-default-executor-11] INFO  server.RaftServer$Division (RaftServerImpl.java:checkInconsistentAppendEntries(1285)) - omNode-1@group-523986131536: inconsistency entries. Reply:omNode-3<-omNode-1#6708:FAIL-t10,INCONSISTENCY,nextIndex=21,followerCommit=20
2021-10-17 01:42:04,287 [grpc-default-executor-11] INFO  leader.FollowerInfo (FollowerInfoImpl.java:lambda$new$0(46)) - omNode-3@group-523986131536->omNode-1: nextIndex: updateUnconditionally 40 -> 21
2021-10-17 01:42:04,789 [grpc-default-executor-11] INFO  server.RaftServer$Division (RaftServerImpl.java:checkInconsistentAppendEntries(1319)) - omNode-1@group-523986131536: Failed appendEntries as previous log entry ((t:10, i:39)) is not found
2021-10-17 01:42:04,789 [grpc-default-executor-11] INFO  server.RaftServer$Division (RaftServerImpl.java:checkInconsistentAppendEntries(1285)) - omNode-1@group-523986131536: inconsistency entries. Reply:omNode-3<-omNode-1#6759:FAIL-t10,INCONSISTENCY,nextIndex=21,followerCommit=20
2021-10-17 01:42:04,789 [grpc-default-executor-11] INFO  leader.FollowerInfo (FollowerInfoImpl.java:lambda$new$0(46)) - omNode-3@group-523986131536->omNode-1: nextIndex: updateUnconditionally 40 -> 21
2021-10-17 01:42:05,291 [grpc-default-executor-11] INFO  server.RaftServer$Division (RaftServerImpl.java:checkInconsistentAppendEntries(1319)) - omNode-1@group-523986131536: Failed appendEntries as previous log entry ((t:10, i:39)) is not found
2021-10-17 01:42:05,291 [grpc-default-executor-11] INFO  server.RaftServer$Division (RaftServerImpl.java:checkInconsistentAppendEntries(1285)) - omNode-1@group-523986131536: inconsistency entries. Reply:omNode-3<-omNode-1#6810:FAIL-t10,INCONSISTENCY,nextIndex=21,followerCommit=20
2021-10-17 01:42:05,292 [grpc-default-executor-11] INFO  leader.FollowerInfo (FollowerInfoImpl.java:lambda$new$0(46)) - omNode-3@group-523986131536->omNode-1: nextIndex: updateUnconditionally 40 -> 21
2021-10-17 01:42:05,793 [grpc-default-executor-11] INFO  server.RaftServer$Division (RaftServerImpl.java:checkInconsistentAppendEntries(1319)) - omNode-1@group-523986131536: Failed appendEntries as previous log entry ((t:10, i:39)) is not found
2021-10-17 01:42:05,794 [grpc-default-executor-11] INFO  server.RaftServer$Division (RaftServerImpl.java:checkInconsistentAppendEntries(1285)) - omNode-1@group-523986131536: inconsistency entries. Reply:omNode-3<-omNode-1#6861:FAIL-t10,INCONSISTENCY,nextIndex=21,followerCommit=20
2021-10-17 01:42:05,794 [grpc-default-executor-11] INFO  leader.FollowerInfo (FollowerInfoImpl.java:lambda$new$0(46)) - omNode-3@group-523986131536->omNode-1: nextIndex: updateUnconditionally 40 -> 21
2021-10-17 01:42:06,297 [grpc-default-executor-3] INFO  server.RaftServer$Division (RaftServerImpl.java:checkInconsistentAppendEntries(1319)) - omNode-1@group-523986131536: Failed appendEntries as previous log entry ((t:10, i:39)) is not found
2021-10-17 01:42:06,297 [grpc-default-executor-3] INFO  server.RaftServer$Division (RaftServerImpl.java:checkInconsistentAppendEntries(1285)) - omNode-1@group-523986131536: inconsistency entries. Reply:omNode-3<-omNode-1#6912:FAIL-t10,INCONSISTENCY,nextIndex=21,followerCommit=20
2021-10-17 01:42:06,297 [grpc-default-executor-3] INFO  leader.FollowerInfo (FollowerInfoImpl.java:lambda$new$0(46)) - omNode-3@group-523986131536->omNode-1: nextIndex: updateUnconditionally 40 -> 21
2021-10-17 01:42:06,799 [grpc-default-executor-3] INFO  server.RaftServer$Division (RaftServerImpl.java:checkInconsistentAppendEntries(1319)) - omNode-1@group-523986131536: Failed appendEntries as previous log entry ((t:10, i:39)) is not found
2021-10-17 01:42:06,799 [grpc-default-executor-3] INFO  server.RaftServer$Division (RaftServerImpl.java:checkInconsistentAppendEntries(1285)) - omNode-1@group-523986131536: inconsistency entries. Reply:omNode-3<-omNode-1#6963:FAIL-t10,INCONSISTENCY,nextIndex=21,followerCommit=20
2021-10-17 01:42:06,799 [grpc-default-executor-3] INFO  leader.FollowerInfo (FollowerInfoImpl.java:lambda$new$0(46)) - omNode-3@group-523986131536->omNode-1: nextIndex: updateUnconditionally 40 -> 21
2021-10-17 01:42:07,301 [grpc-default-executor-3] INFO  server.RaftServer$Division (RaftServerImpl.java:checkInconsistentAppendEntries(1319)) - omNode-1@group-523986131536: Failed appendEntries as previous log entry ((t:10, i:39)) is not found
2021-10-17 01:42:07,301 [grpc-default-executor-3] INFO  server.RaftServer$Division (RaftServerImpl.java:checkInconsistentAppendEntries(1285)) - omNode-1@group-523986131536: inconsistency entries. Reply:omNode-3<-omNode-1#7014:FAIL-t10,INCONSISTENCY,nextIndex=21,followerCommit=20
2021-10-17 01:42:07,301 [grpc-default-executor-3] INFO  leader.FollowerInfo (FollowerInfoImpl.java:lambda$new$0(46)) - omNode-3@group-523986131536->omNode-1: nextIndex: updateUnconditionally 40 -> 21
2021-10-17 01:42:07,803 [grpc-default-executor-3] INFO  server.RaftServer$Division (RaftServerImpl.java:checkInconsistentAppendEntries(1319)) - omNode-1@group-523986131536: Failed appendEntries as previous log entry ((t:10, i:39)) is not found
2021-10-17 01:42:07,803 [grpc-default-executor-3] INFO  server.RaftServer$Division (RaftServerImpl.java:checkInconsistentAppendEntries(1285)) - omNode-1@group-523986131536: inconsistency entries. Reply:omNode-3<-omNode-1#7065:FAIL-t10,INCONSISTENCY,nextIndex=21,followerCommit=20
2021-10-17 01:42:07,804 [grpc-default-executor-3] INFO  leader.FollowerInfo (FollowerInfoImpl.java:lambda$new$0(46)) - omNode-3@group-523986131536->omNode-1: nextIndex: updateUnconditionally 40 -> 21
2021-10-17 01:42:08,306 [grpc-default-executor-3] INFO  server.RaftServer$Division (RaftServerImpl.java:checkInconsistentAppendEntries(1319)) - omNode-1@group-523986131536: Failed appendEntries as previous log entry ((t:10, i:39)) is not found
2021-10-17 01:42:08,306 [grpc-default-executor-3] INFO  server.RaftServer$Division (RaftServerImpl.java:checkInconsistentAppendEntries(1285)) - omNode-1@group-523986131536: inconsistency entries. Reply:omNode-3<-omNode-1#7116:FAIL-t10,INCONSISTENCY,nextIndex=21,followerCommit=20
2021-10-17 01:42:08,306 [grpc-default-executor-3] INFO  leader.FollowerInfo (FollowerInfoImpl.java:lambda$new$0(46)) - omNode-3@group-523986131536->omNode-1: nextIndex: updateUnconditionally 40 -> 21
2021-10-17 01:42:08,807 [grpc-default-executor-12] INFO  server.RaftServer$Division (RaftServerImpl.java:checkInconsistentAppendEntries(1319)) - omNode-1@group-523986131536: Failed appendEntries as previous log entry ((t:10, i:39)) is not found
2021-10-17 01:42:08,808 [grpc-default-executor-12] INFO  server.RaftServer$Division (RaftServerImpl.java:checkInconsistentAppendEntries(1285)) - omNode-1@group-523986131536: inconsistency entries. Reply:omNode-3<-omNode-1#7167:FAIL-t10,INCONSISTENCY,nextIndex=21,followerCommit=20
2021-10-17 01:42:08,808 [grpc-default-executor-12] INFO  leader.FollowerInfo (FollowerInfoImpl.java:lambda$new$0(46)) - omNode-3@group-523986131536->omNode-1: nextIndex: updateUnconditionally 40 -> 21
2021-10-17 01:42:09,310 [grpc-default-executor-12] INFO  server.RaftServer$Division (RaftServerImpl.java:checkInconsistentAppendEntries(1319)) - omNode-1@group-523986131536: Failed appendEntries as previous log entry ((t:10, i:39)) is not found
2021-10-17 01:42:09,310 [grpc-default-executor-12] INFO  server.RaftServer$Division (RaftServerImpl.java:checkInconsistentAppendEntries(1285)) - omNode-1@group-523986131536: inconsistency entries. Reply:omNode-3<-omNode-1#7218:FAIL-t10,INCONSISTENCY,nextIndex=21,followerCommit=20
2021-10-17 01:42:09,310 [grpc-default-executor-12] INFO  leader.FollowerInfo (FollowerInfoImpl.java:lambda$new$0(46)) - omNode-3@group-523986131536->omNode-1: nextIndex: updateUnconditionally 40 -> 21
2021-10-17 01:42:09,812 [grpc-default-executor-12] INFO  server.RaftServer$Division (RaftServerImpl.java:checkInconsistentAppendEntries(1319)) - omNode-1@group-523986131536: Failed appendEntries as previous log entry ((t:10, i:39)) is not found
2021-10-17 01:42:09,812 [grpc-default-executor-12] INFO  server.RaftServer$Division (RaftServerImpl.java:checkInconsistentAppendEntries(1285)) - omNode-1@group-523986131536: inconsistency entries. Reply:omNode-3<-omNode-1#7269:FAIL-t10,INCONSISTENCY,nextIndex=21,followerCommit=20
2021-10-17 01:42:09,812 [grpc-default-executor-12] INFO  leader.FollowerInfo (FollowerInfoImpl.java:lambda$new$0(46)) - omNode-3@group-523986131536->omNode-1: nextIndex: updateUnconditionally 40 -> 21
2021-10-17 01:42:10,314 [grpc-default-executor-12] INFO  server.RaftServer$Division (RaftServerImpl.java:checkInconsistentAppendEntries(1319)) - omNode-1@group-523986131536: Failed appendEntries as previous log entry ((t:10, i:39)) is not found
2021-10-17 01:42:10,315 [grpc-default-executor-12] INFO  server.RaftServer$Division (RaftServerImpl.java:checkInconsistentAppendEntries(1285)) - omNode-1@group-523986131536: inconsistency entries. Reply:omNode-3<-omNode-1#7320:FAIL-t10,INCONSISTENCY,nextIndex=21,followerCommit=20
2021-10-17 01:42:10,315 [grpc-default-executor-12] INFO  leader.FollowerInfo (FollowerInfoImpl.java:lambda$new$0(46)) - omNode-3@group-523986131536->omNode-1: nextIndex: updateUnconditionally 40 -> 21
2021-10-17 01:42:10,816 [grpc-default-executor-12] INFO  server.RaftServer$Division (RaftServerImpl.java:checkInconsistentAppendEntries(1319)) - omNode-1@group-523986131536: Failed appendEntries as previous log entry ((t:10, i:39)) is not found
2021-10-17 01:42:10,817 [grpc-default-executor-12] INFO  server.RaftServer$Division (RaftServerImpl.java:checkInconsistentAppendEntries(1285)) - omNode-1@group-523986131536: inconsistency entries. Reply:omNode-3<-omNode-1#7371:FAIL-t10,INCONSISTENCY,nextIndex=21,followerCommit=20
2021-10-17 01:42:10,817 [grpc-default-executor-12] INFO  leader.FollowerInfo (FollowerInfoImpl.java:lambda$new$0(46)) - omNode-3@group-523986131536->omNode-1: nextIndex: updateUnconditionally 40 -> 21
2021-10-17 01:42:11,319 [grpc-default-executor-12] INFO  server.RaftServer$Division (RaftServerImpl.java:checkInconsistentAppendEntries(1319)) - omNode-1@group-523986131536: Failed appendEntries as previous log entry ((t:10, i:39)) is not found
2021-10-17 01:42:11,319 [grpc-default-executor-12] INFO  server.RaftServer$Division (RaftServerImpl.java:checkInconsistentAppendEntries(1285)) - omNode-1@group-523986131536: inconsistency entries. Reply:omNode-3<-omNode-1#7422:FAIL-t10,INCONSISTENCY,nextIndex=21,followerCommit=20
2021-10-17 01:42:11,319 [grpc-default-executor-12] INFO  leader.FollowerInfo (FollowerInfoImpl.java:lambda$new$0(46)) - omNode-3@group-523986131536->omNode-1: nextIndex: updateUnconditionally 40 -> 21
2021-10-17 01:42:11,821 [grpc-default-executor-12] INFO  server.RaftServer$Division (RaftServerImpl.java:checkInconsistentAppendEntries(1319)) - omNode-1@group-523986131536: Failed appendEntries as previous log entry ((t:10, i:39)) is not found
2021-10-17 01:42:11,822 [grpc-default-executor-12] INFO  server.RaftServer$Division (RaftServerImpl.java:checkInconsistentAppendEntries(1285)) - omNode-1@group-523986131536: inconsistency entries. Reply:omNode-3<-omNode-1#7473:FAIL-t10,INCONSISTENCY,nextIndex=21,followerCommit=20
2021-10-17 01:42:11,822 [grpc-default-executor-12] INFO  leader.FollowerInfo (FollowerInfoImpl.java:lambda$new$0(46)) - omNode-3@group-523986131536->omNode-1: nextIndex: updateUnconditionally 40 -> 21
2021-10-17 01:42:12,324 [grpc-default-executor-12] INFO  server.RaftServer$Division (RaftServerImpl.java:checkInconsistentAppendEntries(1319)) - omNode-1@group-523986131536: Failed appendEntries as previous log entry ((t:10, i:39)) is not found
2021-10-17 01:42:12,324 [grpc-default-executor-12] INFO  server.RaftServer$Division (RaftServerImpl.java:checkInconsistentAppendEntries(1285)) - omNode-1@group-523986131536: inconsistency entries. Reply:omNode-3<-omNode-1#7524:FAIL-t10,INCONSISTENCY,nextIndex=21,followerCommit=20
2021-10-17 01:42:12,324 [grpc-default-executor-12] INFO  leader.FollowerInfo (FollowerInfoImpl.java:lambda$new$0(46)) - omNode-3@group-523986131536->omNode-1: nextIndex: updateUnconditionally 40 -> 21
2021-10-17 01:42:12,826 [grpc-default-executor-12] INFO  server.RaftServer$Division (RaftServerImpl.java:checkInconsistentAppendEntries(1319)) - omNode-1@group-523986131536: Failed appendEntries as previous log entry ((t:10, i:39)) is not found
2021-10-17 01:42:12,826 [grpc-default-executor-12] INFO  server.RaftServer$Division (RaftServerImpl.java:checkInconsistentAppendEntries(1285)) - omNode-1@group-523986131536: inconsistency entries. Reply:omNode-3<-omNode-1#7575:FAIL-t10,INCONSISTENCY,nextIndex=21,followerCommit=20
2021-10-17 01:42:12,826 [grpc-default-executor-12] INFO  leader.FollowerInfo (FollowerInfoImpl.java:lambda$new$0(46)) - omNode-3@group-523986131536->omNode-1: nextIndex: updateUnconditionally 40 -> 21
2021-10-17 01:42:13,328 [grpc-default-executor-12] INFO  server.RaftServer$Division (RaftServerImpl.java:checkInconsistentAppendEntries(1319)) - omNode-1@group-523986131536: Failed appendEntries as previous log entry ((t:10, i:39)) is not found
2021-10-17 01:42:13,328 [grpc-default-executor-12] INFO  server.RaftServer$Division (RaftServerImpl.java:checkInconsistentAppendEntries(1285)) - omNode-1@group-523986131536: inconsistency entries. Reply:omNode-3<-omNode-1#7626:FAIL-t10,INCONSISTENCY,nextIndex=21,followerCommit=20
2021-10-17 01:42:13,329 [grpc-default-executor-12] INFO  leader.FollowerInfo (FollowerInfoImpl.java:lambda$new$0(46)) - omNode-3@group-523986131536->omNode-1: nextIndex: updateUnconditionally 40 -> 21
2021-10-17 01:42:13,830 [grpc-default-executor-11] INFO  server.RaftServer$Division (RaftServerImpl.java:checkInconsistentAppendEntries(1319)) - omNode-1@group-523986131536: Failed appendEntries as previous log entry ((t:10, i:39)) is not found
2021-10-17 01:42:13,830 [grpc-default-executor-11] INFO  server.RaftServer$Division (RaftServerImpl.java:checkInconsistentAppendEntries(1285)) - omNode-1@group-523986131536: inconsistency entries. Reply:omNode-3<-omNode-1#7677:FAIL-t10,INCONSISTENCY,nextIndex=21,followerCommit=20
2021-10-17 01:42:13,831 [grpc-default-executor-11] INFO  leader.FollowerInfo (FollowerInfoImpl.java:lambda$new$0(46)) - omNode-3@group-523986131536->omNode-1: nextIndex: updateUnconditionally 40 -> 21
2021-10-17 01:42:14,333 [grpc-default-executor-11] INFO  server.RaftServer$Division (RaftServerImpl.java:checkInconsistentAppendEntries(1319)) - omNode-1@group-523986131536: Failed appendEntries as previous log entry ((t:10, i:39)) is not found
2021-10-17 01:42:14,333 [grpc-default-executor-11] INFO  server.RaftServer$Division (RaftServerImpl.java:checkInconsistentAppendEntries(1285)) - omNode-1@group-523986131536: inconsistency entries. Reply:omNode-3<-omNode-1#7728:FAIL-t10,INCONSISTENCY,nextIndex=21,followerCommit=20
2021-10-17 01:42:14,333 [grpc-default-executor-11] INFO  leader.FollowerInfo (FollowerInfoImpl.java:lambda$new$0(46)) - omNode-3@group-523986131536->omNode-1: nextIndex: updateUnconditionally 40 -> 21
2021-10-17 01:42:14,835 [grpc-default-executor-11] INFO  server.RaftServer$Division (RaftServerImpl.java:checkInconsistentAppendEntries(1319)) - omNode-1@group-523986131536: Failed appendEntries as previous log entry ((t:10, i:39)) is not found
2021-10-17 01:42:14,836 [grpc-default-executor-11] INFO  server.RaftServer$Division (RaftServerImpl.java:checkInconsistentAppendEntries(1285)) - omNode-1@group-523986131536: inconsistency entries. Reply:omNode-3<-omNode-1#7779:FAIL-t10,INCONSISTENCY,nextIndex=21,followerCommit=20
2021-10-17 01:42:14,836 [grpc-default-executor-11] INFO  leader.FollowerInfo (FollowerInfoImpl.java:lambda$new$0(46)) - omNode-3@group-523986131536->omNode-1: nextIndex: updateUnconditionally 40 -> 21
2021-10-17 01:42:15,338 [grpc-default-executor-11] INFO  server.RaftServer$Division (RaftServerImpl.java:checkInconsistentAppendEntries(1319)) - omNode-1@group-523986131536: Failed appendEntries as previous log entry ((t:10, i:39)) is not found
2021-10-17 01:42:15,338 [grpc-default-executor-11] INFO  server.RaftServer$Division (RaftServerImpl.java:checkInconsistentAppendEntries(1285)) - omNode-1@group-523986131536: inconsistency entries. Reply:omNode-3<-omNode-1#7830:FAIL-t10,INCONSISTENCY,nextIndex=21,followerCommit=20
2021-10-17 01:42:15,339 [grpc-default-executor-11] INFO  leader.FollowerInfo (FollowerInfoImpl.java:lambda$new$0(46)) - omNode-3@group-523986131536->omNode-1: nextIndex: updateUnconditionally 40 -> 21
2021-10-17 01:42:15,841 [grpc-default-executor-11] INFO  server.RaftServer$Division (RaftServerImpl.java:checkInconsistentAppendEntries(1319)) - omNode-1@group-523986131536: Failed appendEntries as previous log entry ((t:10, i:39)) is not found
2021-10-17 01:42:15,841 [grpc-default-executor-11] INFO  server.RaftServer$Division (RaftServerImpl.java:checkInconsistentAppendEntries(1285)) - omNode-1@group-523986131536: inconsistency entries. Reply:omNode-3<-omNode-1#7881:FAIL-t10,INCONSISTENCY,nextIndex=21,followerCommit=20
2021-10-17 01:42:15,842 [grpc-default-executor-11] INFO  leader.FollowerInfo (FollowerInfoImpl.java:lambda$new$0(46)) - omNode-3@group-523986131536->omNode-1: nextIndex: updateUnconditionally 40 -> 21
2021-10-17 01:42:16,344 [grpc-default-executor-11] INFO  server.RaftServer$Division (RaftServerImpl.java:checkInconsistentAppendEntries(1319)) - omNode-1@group-523986131536: Failed appendEntries as previous log entry ((t:10, i:39)) is not found
2021-10-17 01:42:16,344 [grpc-default-executor-11] INFO  server.RaftServer$Division (RaftServerImpl.java:checkInconsistentAppendEntries(1285)) - omNode-1@group-523986131536: inconsistency entries. Reply:omNode-3<-omNode-1#7932:FAIL-t10,INCONSISTENCY,nextIndex=21,followerCommit=20
2021-10-17 01:42:16,344 [grpc-default-executor-11] INFO  leader.FollowerInfo (FollowerInfoImpl.java:lambda$new$0(46)) - omNode-3@group-523986131536->omNode-1: nextIndex: updateUnconditionally 40 -> 21
2021-10-17 01:42:16,846 [grpc-default-executor-11] INFO  server.RaftServer$Division (RaftServerImpl.java:checkInconsistentAppendEntries(1319)) - omNode-1@group-523986131536: Failed appendEntries as previous log entry ((t:10, i:39)) is not found
2021-10-17 01:42:16,846 [grpc-default-executor-11] INFO  server.RaftServer$Division (RaftServerImpl.java:checkInconsistentAppendEntries(1285)) - omNode-1@group-523986131536: inconsistency entries. Reply:omNode-3<-omNode-1#7983:FAIL-t10,INCONSISTENCY,nextIndex=21,followerCommit=20
2021-10-17 01:42:16,846 [grpc-default-executor-11] INFO  leader.FollowerInfo (FollowerInfoImpl.java:lambda$new$0(46)) - omNode-3@group-523986131536->omNode-1: nextIndex: updateUnconditionally 40 -> 21
2021-10-17 01:42:17,348 [grpc-default-executor-11] INFO  server.RaftServer$Division (RaftServerImpl.java:checkInconsistentAppendEntries(1319)) - omNode-1@group-523986131536: Failed appendEntries as previous log entry ((t:10, i:39)) is not found
2021-10-17 01:42:17,348 [grpc-default-executor-11] INFO  server.RaftServer$Division (RaftServerImpl.java:checkInconsistentAppendEntries(1285)) - omNode-1@group-523986131536: inconsistency entries. Reply:omNode-3<-omNode-1#8034:FAIL-t10,INCONSISTENCY,nextIndex=21,followerCommit=20
2021-10-17 01:42:17,348 [grpc-default-executor-11] INFO  leader.FollowerInfo (FollowerInfoImpl.java:lambda$new$0(46)) - omNode-3@group-523986131536->omNode-1: nextIndex: updateUnconditionally 40 -> 21
2021-10-17 01:42:17,850 [grpc-default-executor-11] INFO  server.RaftServer$Division (RaftServerImpl.java:checkInconsistentAppendEntries(1319)) - omNode-1@group-523986131536: Failed appendEntries as previous log entry ((t:10, i:39)) is not found
2021-10-17 01:42:17,851 [grpc-default-executor-11] INFO  server.RaftServer$Division (RaftServerImpl.java:checkInconsistentAppendEntries(1285)) - omNode-1@group-523986131536: inconsistency entries. Reply:omNode-3<-omNode-1#8085:FAIL-t10,INCONSISTENCY,nextIndex=21,followerCommit=20
2021-10-17 01:42:17,851 [grpc-default-executor-11] INFO  leader.FollowerInfo (FollowerInfoImpl.java:lambda$new$0(46)) - omNode-3@group-523986131536->omNode-1: nextIndex: updateUnconditionally 40 -> 21
2021-10-17 01:42:18,352 [grpc-default-executor-11] INFO  server.RaftServer$Division (RaftServerImpl.java:checkInconsistentAppendEntries(1319)) - omNode-1@group-523986131536: Failed appendEntries as previous log entry ((t:10, i:39)) is not found
2021-10-17 01:42:18,353 [grpc-default-executor-11] INFO  server.RaftServer$Division (RaftServerImpl.java:checkInconsistentAppendEntries(1285)) - omNode-1@group-523986131536: inconsistency entries. Reply:omNode-3<-omNode-1#8136:FAIL-t10,INCONSISTENCY,nextIndex=21,followerCommit=20
2021-10-17 01:42:18,353 [grpc-default-executor-11] INFO  leader.FollowerInfo (FollowerInfoImpl.java:lambda$new$0(46)) - omNode-3@group-523986131536->omNode-1: nextIndex: updateUnconditionally 40 -> 21
2021-10-17 01:42:18,854 [grpc-default-executor-11] INFO  server.RaftServer$Division (RaftServerImpl.java:checkInconsistentAppendEntries(1319)) - omNode-1@group-523986131536: Failed appendEntries as previous log entry ((t:10, i:39)) is not found
2021-10-17 01:42:18,854 [grpc-default-executor-11] INFO  server.RaftServer$Division (RaftServerImpl.java:checkInconsistentAppendEntries(1285)) - omNode-1@group-523986131536: inconsistency entries. Reply:omNode-3<-omNode-1#8187:FAIL-t10,INCONSISTENCY,nextIndex=21,followerCommit=20
2021-10-17 01:42:18,855 [grpc-default-executor-11] INFO  leader.FollowerInfo (FollowerInfoImpl.java:lambda$new$0(46)) - omNode-3@group-523986131536->omNode-1: nextIndex: updateUnconditionally 40 -> 21
2021-10-17 01:42:19,357 [grpc-default-executor-11] INFO  server.RaftServer$Division (RaftServerImpl.java:checkInconsistentAppendEntries(1319)) - omNode-1@group-523986131536: Failed appendEntries as previous log entry ((t:10, i:39)) is not found
2021-10-17 01:42:19,357 [grpc-default-executor-11] INFO  server.RaftServer$Division (RaftServerImpl.java:checkInconsistentAppendEntries(1285)) - omNode-1@group-523986131536: inconsistency entries. Reply:omNode-3<-omNode-1#8238:FAIL-t10,INCONSISTENCY,nextIndex=21,followerCommit=20
2021-10-17 01:42:19,357 [grpc-default-executor-11] INFO  leader.FollowerInfo (FollowerInfoImpl.java:lambda$new$0(46)) - omNode-3@group-523986131536->omNode-1: nextIndex: updateUnconditionally 40 -> 21
2021-10-17 01:42:19,859 [grpc-default-executor-11] INFO  server.RaftServer$Division (RaftServerImpl.java:checkInconsistentAppendEntries(1319)) - omNode-1@group-523986131536: Failed appendEntries as previous log entry ((t:10, i:39)) is not found
2021-10-17 01:42:19,859 [grpc-default-executor-11] INFO  server.RaftServer$Division (RaftServerImpl.java:checkInconsistentAppendEntries(1285)) - omNode-1@group-523986131536: inconsistency entries. Reply:omNode-3<-omNode-1#8289:FAIL-t10,INCONSISTENCY,nextIndex=21,followerCommit=20
2021-10-17 01:42:19,859 [grpc-default-executor-11] INFO  leader.FollowerInfo (FollowerInfoImpl.java:lambda$new$0(46)) - omNode-3@group-523986131536->omNode-1: nextIndex: updateUnconditionally 40 -> 21
2021-10-17 01:42:20,361 [grpc-default-executor-11] INFO  server.RaftServer$Division (RaftServerImpl.java:checkInconsistentAppendEntries(1319)) - omNode-1@group-523986131536: Failed appendEntries as previous log entry ((t:10, i:39)) is not found
2021-10-17 01:42:20,362 [grpc-default-executor-11] INFO  server.RaftServer$Division (RaftServerImpl.java:checkInconsistentAppendEntries(1285)) - omNode-1@group-523986131536: inconsistency entries. Reply:omNode-3<-omNode-1#8340:FAIL-t10,INCONSISTENCY,nextIndex=21,followerCommit=20
2021-10-17 01:42:20,362 [grpc-default-executor-11] INFO  leader.FollowerInfo (FollowerInfoImpl.java:lambda$new$0(46)) - omNode-3@group-523986131536->omNode-1: nextIndex: updateUnconditionally 40 -> 21
2021-10-17 01:42:20,863 [grpc-default-executor-11] INFO  server.RaftServer$Division (RaftServerImpl.java:checkInconsistentAppendEntries(1319)) - omNode-1@group-523986131536: Failed appendEntries as previous log entry ((t:10, i:39)) is not found
2021-10-17 01:42:20,864 [grpc-default-executor-11] INFO  server.RaftServer$Division (RaftServerImpl.java:checkInconsistentAppendEntries(1285)) - omNode-1@group-523986131536: inconsistency entries. Reply:omNode-3<-omNode-1#8391:FAIL-t10,INCONSISTENCY,nextIndex=21,followerCommit=20
2021-10-17 01:42:20,864 [grpc-default-executor-11] INFO  leader.FollowerInfo (FollowerInfoImpl.java:lambda$new$0(46)) - omNode-3@group-523986131536->omNode-1: nextIndex: updateUnconditionally 40 -> 21
2021-10-17 01:42:21,366 [grpc-default-executor-3] INFO  server.RaftServer$Division (RaftServerImpl.java:checkInconsistentAppendEntries(1319)) - omNode-1@group-523986131536: Failed appendEntries as previous log entry ((t:10, i:39)) is not found
2021-10-17 01:42:21,366 [grpc-default-executor-3] INFO  server.RaftServer$Division (RaftServerImpl.java:checkInconsistentAppendEntries(1285)) - omNode-1@group-523986131536: inconsistency entries. Reply:omNode-3<-omNode-1#8442:FAIL-t10,INCONSISTENCY,nextIndex=21,followerCommit=20
2021-10-17 01:42:21,366 [grpc-default-executor-3] INFO  leader.FollowerInfo (FollowerInfoImpl.java:lambda$new$0(46)) - omNode-3@group-523986131536->omNode-1: nextIndex: updateUnconditionally 40 -> 21
2021-10-17 01:42:21,868 [grpc-default-executor-3] INFO  server.RaftServer$Division (RaftServerImpl.java:checkInconsistentAppendEntries(1319)) - omNode-1@group-523986131536: Failed appendEntries as previous log entry ((t:10, i:39)) is not found
2021-10-17 01:42:21,868 [grpc-default-executor-3] INFO  server.RaftServer$Division (RaftServerImpl.java:checkInconsistentAppendEntries(1285)) - omNode-1@group-523986131536: inconsistency entries. Reply:omNode-3<-omNode-1#8493:FAIL-t10,INCONSISTENCY,nextIndex=21,followerCommit=20
2021-10-17 01:42:21,868 [grpc-default-executor-3] INFO  leader.FollowerInfo (FollowerInfoImpl.java:lambda$new$0(46)) - omNode-3@group-523986131536->omNode-1: nextIndex: updateUnconditionally 40 -> 21
2021-10-17 01:42:22,370 [grpc-default-executor-3] INFO  server.RaftServer$Division (RaftServerImpl.java:checkInconsistentAppendEntries(1319)) - omNode-1@group-523986131536: Failed appendEntries as previous log entry ((t:10, i:39)) is not found
2021-10-17 01:42:22,371 [grpc-default-executor-3] INFO  server.RaftServer$Division (RaftServerImpl.java:checkInconsistentAppendEntries(1285)) - omNode-1@group-523986131536: inconsistency entries. Reply:omNode-3<-omNode-1#8544:FAIL-t10,INCONSISTENCY,nextIndex=21,followerCommit=20
2021-10-17 01:42:22,371 [grpc-default-executor-3] INFO  leader.FollowerInfo (FollowerInfoImpl.java:lambda$new$0(46)) - omNode-3@group-523986131536->omNode-1: nextIndex: updateUnconditionally 40 -> 21
2021-10-17 01:42:22,872 [grpc-default-executor-3] INFO  server.RaftServer$Division (RaftServerImpl.java:checkInconsistentAppendEntries(1319)) - omNode-1@group-523986131536: Failed appendEntries as previous log entry ((t:10, i:39)) is not found
2021-10-17 01:42:22,872 [grpc-default-executor-3] INFO  server.RaftServer$Division (RaftServerImpl.java:checkInconsistentAppendEntries(1285)) - omNode-1@group-523986131536: inconsistency entries. Reply:omNode-3<-omNode-1#8595:FAIL-t10,INCONSISTENCY,nextIndex=21,followerCommit=20
2021-10-17 01:42:22,873 [grpc-default-executor-3] INFO  leader.FollowerInfo (FollowerInfoImpl.java:lambda$new$0(46)) - omNode-3@group-523986131536->omNode-1: nextIndex: updateUnconditionally 40 -> 21
2021-10-17 01:42:23,374 [grpc-default-executor-3] INFO  server.RaftServer$Division (RaftServerImpl.java:checkInconsistentAppendEntries(1319)) - omNode-1@group-523986131536: Failed appendEntries as previous log entry ((t:10, i:39)) is not found
2021-10-17 01:42:23,375 [grpc-default-executor-3] INFO  server.RaftServer$Division (RaftServerImpl.java:checkInconsistentAppendEntries(1285)) - omNode-1@group-523986131536: inconsistency entries. Reply:omNode-3<-omNode-1#8646:FAIL-t10,INCONSISTENCY,nextIndex=21,followerCommit=20
2021-10-17 01:42:23,375 [grpc-default-executor-3] INFO  leader.FollowerInfo (FollowerInfoImpl.java:lambda$new$0(46)) - omNode-3@group-523986131536->omNode-1: nextIndex: updateUnconditionally 40 -> 21
2021-10-17 01:42:23,877 [grpc-default-executor-3] INFO  server.RaftServer$Division (RaftServerImpl.java:checkInconsistentAppendEntries(1319)) - omNode-1@group-523986131536: Failed appendEntries as previous log entry ((t:10, i:39)) is not found
2021-10-17 01:42:23,877 [grpc-default-executor-3] INFO  server.RaftServer$Division (RaftServerImpl.java:checkInconsistentAppendEntries(1285)) - omNode-1@group-523986131536: inconsistency entries. Reply:omNode-3<-omNode-1#8697:FAIL-t10,INCONSISTENCY,nextIndex=21,followerCommit=20
2021-10-17 01:42:23,877 [grpc-default-executor-3] INFO  leader.FollowerInfo (FollowerInfoImpl.java:lambda$new$0(46)) - omNode-3@group-523986131536->omNode-1: nextIndex: updateUnconditionally 40 -> 21
2021-10-17 01:42:24,379 [grpc-default-executor-3] INFO  server.RaftServer$Division (RaftServerImpl.java:checkInconsistentAppendEntries(1319)) - omNode-1@group-523986131536: Failed appendEntries as previous log entry ((t:10, i:39)) is not found
2021-10-17 01:42:24,379 [grpc-default-executor-3] INFO  server.RaftServer$Division (RaftServerImpl.java:checkInconsistentAppendEntries(1285)) - omNode-1@group-523986131536: inconsistency entries. Reply:omNode-3<-omNode-1#8748:FAIL-t10,INCONSISTENCY,nextIndex=21,followerCommit=20
2021-10-17 01:42:24,379 [grpc-default-executor-3] INFO  leader.FollowerInfo (FollowerInfoImpl.java:lambda$new$0(46)) - omNode-3@group-523986131536->omNode-1: nextIndex: updateUnconditionally 40 -> 21
2021-10-17 01:42:24,881 [grpc-default-executor-3] INFO  server.RaftServer$Division (RaftServerImpl.java:checkInconsistentAppendEntries(1319)) - omNode-1@group-523986131536: Failed appendEntries as previous log entry ((t:10, i:39)) is not found
2021-10-17 01:42:24,881 [grpc-default-executor-3] INFO  server.RaftServer$Division (RaftServerImpl.java:checkInconsistentAppendEntries(1285)) - omNode-1@group-523986131536: inconsistency entries. Reply:omNode-3<-omNode-1#8799:FAIL-t10,INCONSISTENCY,nextIndex=21,followerCommit=20
2021-10-17 01:42:24,882 [grpc-default-executor-3] INFO  leader.FollowerInfo (FollowerInfoImpl.java:lambda$new$0(46)) - omNode-3@group-523986131536->omNode-1: nextIndex: updateUnconditionally 40 -> 21
2021-10-17 01:42:25,384 [grpc-default-executor-3] INFO  server.RaftServer$Division (RaftServerImpl.java:checkInconsistentAppendEntries(1319)) - omNode-1@group-523986131536: Failed appendEntries as previous log entry ((t:10, i:39)) is not found
2021-10-17 01:42:25,384 [grpc-default-executor-3] INFO  server.RaftServer$Division (RaftServerImpl.java:checkInconsistentAppendEntries(1285)) - omNode-1@group-523986131536: inconsistency entries. Reply:omNode-3<-omNode-1#8850:FAIL-t10,INCONSISTENCY,nextIndex=21,followerCommit=20
2021-10-17 01:42:25,384 [grpc-default-executor-3] INFO  leader.FollowerInfo (FollowerInfoImpl.java:lambda$new$0(46)) - omNode-3@group-523986131536->omNode-1: nextIndex: updateUnconditionally 40 -> 21
2021-10-17 01:42:25,886 [grpc-default-executor-3] INFO  server.RaftServer$Division (RaftServerImpl.java:checkInconsistentAppendEntries(1319)) - omNode-1@group-523986131536: Failed appendEntries as previous log entry ((t:10, i:39)) is not found
2021-10-17 01:42:25,886 [grpc-default-executor-3] INFO  server.RaftServer$Division (RaftServerImpl.java:checkInconsistentAppendEntries(1285)) - omNode-1@group-523986131536: inconsistency entries. Reply:omNode-3<-omNode-1#8901:FAIL-t10,INCONSISTENCY,nextIndex=21,followerCommit=20
2021-10-17 01:42:25,981 [grpc-default-executor-3] INFO  leader.FollowerInfo (FollowerInfoImpl.java:lambda$new$0(46)) - omNode-3@group-523986131536->omNode-1: nextIndex: updateUnconditionally 40 -> 21
2021-10-17 01:42:26,483 [grpc-default-executor-11] INFO  server.RaftServer$Division (RaftServerImpl.java:checkInconsistentAppendEntries(1319)) - omNode-1@group-523986131536: Failed appendEntries as previous log entry ((t:10, i:39)) is not found
2021-10-17 01:42:26,483 [grpc-default-executor-11] INFO  server.RaftServer$Division (RaftServerImpl.java:checkInconsistentAppendEntries(1285)) - omNode-1@group-523986131536: inconsistency entries. Reply:omNode-3<-omNode-1#8953:FAIL-t10,INCONSISTENCY,nextIndex=21,followerCommit=20
2021-10-17 01:42:26,483 [grpc-default-executor-11] INFO  leader.FollowerInfo (FollowerInfoImpl.java:lambda$new$0(46)) - omNode-3@group-523986131536->omNode-1: nextIndex: updateUnconditionally 40 -> 21
2021-10-17 01:42:26,986 [grpc-default-executor-11] INFO  server.RaftServer$Division (RaftServerImpl.java:checkInconsistentAppendEntries(1319)) - omNode-1@group-523986131536: Failed appendEntries as previous log entry ((t:10, i:39)) is not found
2021-10-17 01:42:26,986 [grpc-default-executor-11] INFO  server.RaftServer$Division (RaftServerImpl.java:checkInconsistentAppendEntries(1285)) - omNode-1@group-523986131536: inconsistency entries. Reply:omNode-3<-omNode-1#9004:FAIL-t10,INCONSISTENCY,nextIndex=21,followerCommit=20
2021-10-17 01:42:26,987 [grpc-default-executor-11] INFO  leader.FollowerInfo (FollowerInfoImpl.java:lambda$new$0(46)) - omNode-3@group-523986131536->omNode-1: nextIndex: updateUnconditionally 40 -> 21
2021-10-17 01:42:27,488 [grpc-default-executor-11] INFO  server.RaftServer$Division (RaftServerImpl.java:checkInconsistentAppendEntries(1319)) - omNode-1@group-523986131536: Failed appendEntries as previous log entry ((t:10, i:39)) is not found
2021-10-17 01:42:27,488 [grpc-default-executor-11] INFO  server.RaftServer$Division (RaftServerImpl.java:checkInconsistentAppendEntries(1285)) - omNode-1@group-523986131536: inconsistency entries. Reply:omNode-3<-omNode-1#9055:FAIL-t10,INCONSISTENCY,nextIndex=21,followerCommit=20
2021-10-17 01:42:27,488 [grpc-default-executor-11] INFO  leader.FollowerInfo (FollowerInfoImpl.java:lambda$new$0(46)) - omNode-3@group-523986131536->omNode-1: nextIndex: updateUnconditionally 40 -> 21
2021-10-17 01:42:27,990 [grpc-default-executor-11] INFO  server.RaftServer$Division (RaftServerImpl.java:checkInconsistentAppendEntries(1319)) - omNode-1@group-523986131536: Failed appendEntries as previous log entry ((t:10, i:39)) is not found
2021-10-17 01:42:27,991 [grpc-default-executor-11] INFO  server.RaftServer$Division (RaftServerImpl.java:checkInconsistentAppendEntries(1285)) - omNode-1@group-523986131536: inconsistency entries. Reply:omNode-3<-omNode-1#9106:FAIL-t10,INCONSISTENCY,nextIndex=21,followerCommit=20
2021-10-17 01:42:27,991 [grpc-default-executor-11] INFO  leader.FollowerInfo (FollowerInfoImpl.java:lambda$new$0(46)) - omNode-3@group-523986131536->omNode-1: nextIndex: updateUnconditionally 40 -> 21
2021-10-17 01:42:28,493 [grpc-default-executor-11] INFO  server.RaftServer$Division (RaftServerImpl.java:checkInconsistentAppendEntries(1319)) - omNode-1@group-523986131536: Failed appendEntries as previous log entry ((t:10, i:39)) is not found
2021-10-17 01:42:28,493 [grpc-default-executor-11] INFO  server.RaftServer$Division (RaftServerImpl.java:checkInconsistentAppendEntries(1285)) - omNode-1@group-523986131536: inconsistency entries. Reply:omNode-3<-omNode-1#9157:FAIL-t10,INCONSISTENCY,nextIndex=21,followerCommit=20
2021-10-17 01:42:28,493 [grpc-default-executor-11] INFO  leader.FollowerInfo (FollowerInfoImpl.java:lambda$new$0(46)) - omNode-3@group-523986131536->omNode-1: nextIndex: updateUnconditionally 40 -> 21
2021-10-17 01:42:28,995 [grpc-default-executor-11] INFO  server.RaftServer$Division (RaftServerImpl.java:checkInconsistentAppendEntries(1319)) - omNode-1@group-523986131536: Failed appendEntries as previous log entry ((t:10, i:39)) is not found
2021-10-17 01:42:28,995 [grpc-default-executor-11] INFO  server.RaftServer$Division (RaftServerImpl.java:checkInconsistentAppendEntries(1285)) - omNode-1@group-523986131536: inconsistency entries. Reply:omNode-3<-omNode-1#9208:FAIL-t10,INCONSISTENCY,nextIndex=21,followerCommit=20
2021-10-17 01:42:28,995 [grpc-default-executor-11] INFO  leader.FollowerInfo (FollowerInfoImpl.java:lambda$new$0(46)) - omNode-3@group-523986131536->omNode-1: nextIndex: updateUnconditionally 40 -> 21
2021-10-17 01:42:29,497 [grpc-default-executor-11] INFO  server.RaftServer$Division (RaftServerImpl.java:checkInconsistentAppendEntries(1319)) - omNode-1@group-523986131536: Failed appendEntries as previous log entry ((t:10, i:39)) is not found
2021-10-17 01:42:29,498 [grpc-default-executor-11] INFO  server.RaftServer$Division (RaftServerImpl.java:checkInconsistentAppendEntries(1285)) - omNode-1@group-523986131536: inconsistency entries. Reply:omNode-3<-omNode-1#9259:FAIL-t10,INCONSISTENCY,nextIndex=21,followerCommit=20
2021-10-17 01:42:29,498 [grpc-default-executor-11] INFO  leader.FollowerInfo (FollowerInfoImpl.java:lambda$new$0(46)) - omNode-3@group-523986131536->omNode-1: nextIndex: updateUnconditionally 40 -> 21
2021-10-17 01:42:30,000 [grpc-default-executor-11] INFO  server.RaftServer$Division (RaftServerImpl.java:checkInconsistentAppendEntries(1319)) - omNode-1@group-523986131536: Failed appendEntries as previous log entry ((t:10, i:39)) is not found
2021-10-17 01:42:30,000 [grpc-default-executor-11] INFO  server.RaftServer$Division (RaftServerImpl.java:checkInconsistentAppendEntries(1285)) - omNode-1@group-523986131536: inconsistency entries. Reply:omNode-3<-omNode-1#9310:FAIL-t10,INCONSISTENCY,nextIndex=21,followerCommit=20
2021-10-17 01:42:30,001 [grpc-default-executor-11] INFO  leader.FollowerInfo (FollowerInfoImpl.java:lambda$new$0(46)) - omNode-3@group-523986131536->omNode-1: nextIndex: updateUnconditionally 40 -> 21
2021-10-17 01:42:30,503 [grpc-default-executor-11] INFO  server.RaftServer$Division (RaftServerImpl.java:checkInconsistentAppendEntries(1319)) - omNode-1@group-523986131536: Failed appendEntries as previous log entry ((t:10, i:39)) is not found
2021-10-17 01:42:30,503 [grpc-default-executor-11] INFO  server.RaftServer$Division (RaftServerImpl.java:checkInconsistentAppendEntries(1285)) - omNode-1@group-523986131536: inconsistency entries. Reply:omNode-3<-omNode-1#9361:FAIL-t10,INCONSISTENCY,nextIndex=21,followerCommit=20
2021-10-17 01:42:30,503 [grpc-default-executor-11] INFO  leader.FollowerInfo (FollowerInfoImpl.java:lambda$new$0(46)) - omNode-3@group-523986131536->omNode-1: nextIndex: updateUnconditionally 40 -> 21
2021-10-17 01:42:31,005 [grpc-default-executor-11] INFO  server.RaftServer$Division (RaftServerImpl.java:checkInconsistentAppendEntries(1319)) - omNode-1@group-523986131536: Failed appendEntries as previous log entry ((t:10, i:39)) is not found
2021-10-17 01:42:31,005 [grpc-default-executor-11] INFO  server.RaftServer$Division (RaftServerImpl.java:checkInconsistentAppendEntries(1285)) - omNode-1@group-523986131536: inconsistency entries. Reply:omNode-3<-omNode-1#9412:FAIL-t10,INCONSISTENCY,nextIndex=21,followerCommit=20
2021-10-17 01:42:31,006 [grpc-default-executor-11] INFO  leader.FollowerInfo (FollowerInfoImpl.java:lambda$new$0(46)) - omNode-3@group-523986131536->omNode-1: nextIndex: updateUnconditionally 40 -> 21
2021-10-17 01:42:31,507 [grpc-default-executor-11] INFO  server.RaftServer$Division (RaftServerImpl.java:checkInconsistentAppendEntries(1319)) - omNode-1@group-523986131536: Failed appendEntries as previous log entry ((t:10, i:39)) is not found
2021-10-17 01:42:31,507 [grpc-default-executor-11] INFO  server.RaftServer$Division (RaftServerImpl.java:checkInconsistentAppendEntries(1285)) - omNode-1@group-523986131536: inconsistency entries. Reply:omNode-3<-omNode-1#9463:FAIL-t10,INCONSISTENCY,nextIndex=21,followerCommit=20
2021-10-17 01:42:31,508 [grpc-default-executor-11] INFO  leader.FollowerInfo (FollowerInfoImpl.java:lambda$new$0(46)) - omNode-3@group-523986131536->omNode-1: nextIndex: updateUnconditionally 40 -> 21
2021-10-17 01:42:32,010 [grpc-default-executor-11] INFO  server.RaftServer$Division (RaftServerImpl.java:checkInconsistentAppendEntries(1319)) - omNode-1@group-523986131536: Failed appendEntries as previous log entry ((t:10, i:39)) is not found
2021-10-17 01:42:32,010 [grpc-default-executor-11] INFO  server.RaftServer$Division (RaftServerImpl.java:checkInconsistentAppendEntries(1285)) - omNode-1@group-523986131536: inconsistency entries. Reply:omNode-3<-omNode-1#9514:FAIL-t10,INCONSISTENCY,nextIndex=21,followerCommit=20
2021-10-17 01:42:32,010 [grpc-default-executor-11] INFO  leader.FollowerInfo (FollowerInfoImpl.java:lambda$new$0(46)) - omNode-3@group-523986131536->omNode-1: nextIndex: updateUnconditionally 40 -> 21
2021-10-17 01:42:32,512 [grpc-default-executor-11] INFO  server.RaftServer$Division (RaftServerImpl.java:checkInconsistentAppendEntries(1319)) - omNode-1@group-523986131536: Failed appendEntries as previous log entry ((t:10, i:39)) is not found
2021-10-17 01:42:32,512 [grpc-default-executor-11] INFO  server.RaftServer$Division (RaftServerImpl.java:checkInconsistentAppendEntries(1285)) - omNode-1@group-523986131536: inconsistency entries. Reply:omNode-3<-omNode-1#9565:FAIL-t10,INCONSISTENCY,nextIndex=21,followerCommit=20
2021-10-17 01:42:32,513 [grpc-default-executor-11] INFO  leader.FollowerInfo (FollowerInfoImpl.java:lambda$new$0(46)) - omNode-3@group-523986131536->omNode-1: nextIndex: updateUnconditionally 40 -> 21
2021-10-17 01:42:33,015 [grpc-default-executor-11] INFO  server.RaftServer$Division (RaftServerImpl.java:checkInconsistentAppendEntries(1319)) - omNode-1@group-523986131536: Failed appendEntries as previous log entry ((t:10, i:39)) is not found
2021-10-17 01:42:33,015 [grpc-default-executor-11] INFO  server.RaftServer$Division (RaftServerImpl.java:checkInconsistentAppendEntries(1285)) - omNode-1@group-523986131536: inconsistency entries. Reply:omNode-3<-omNode-1#9616:FAIL-t10,INCONSISTENCY,nextIndex=21,followerCommit=20
2021-10-17 01:42:33,015 [grpc-default-executor-11] INFO  leader.FollowerInfo (FollowerInfoImpl.java:lambda$new$0(46)) - omNode-3@group-523986131536->omNode-1: nextIndex: updateUnconditionally 40 -> 21
2021-10-17 01:42:33,517 [grpc-default-executor-11] INFO  server.RaftServer$Division (RaftServerImpl.java:checkInconsistentAppendEntries(1319)) - omNode-1@group-523986131536: Failed appendEntries as previous log entry ((t:10, i:39)) is not found
2021-10-17 01:42:33,517 [grpc-default-executor-11] INFO  server.RaftServer$Division (RaftServerImpl.java:checkInconsistentAppendEntries(1285)) - omNode-1@group-523986131536: inconsistency entries. Reply:omNode-3<-omNode-1#9667:FAIL-t10,INCONSISTENCY,nextIndex=21,followerCommit=20
2021-10-17 01:42:33,517 [grpc-default-executor-11] INFO  leader.FollowerInfo (FollowerInfoImpl.java:lambda$new$0(46)) - omNode-3@group-523986131536->omNode-1: nextIndex: updateUnconditionally 40 -> 21
2021-10-17 01:42:34,019 [grpc-default-executor-12] INFO  server.RaftServer$Division (RaftServerImpl.java:checkInconsistentAppendEntries(1319)) - omNode-1@group-523986131536: Failed appendEntries as previous log entry ((t:10, i:39)) is not found
2021-10-17 01:42:34,019 [grpc-default-executor-12] INFO  server.RaftServer$Division (RaftServerImpl.java:checkInconsistentAppendEntries(1285)) - omNode-1@group-523986131536: inconsistency entries. Reply:omNode-3<-omNode-1#9718:FAIL-t10,INCONSISTENCY,nextIndex=21,followerCommit=20
2021-10-17 01:42:34,019 [grpc-default-executor-12] INFO  leader.FollowerInfo (FollowerInfoImpl.java:lambda$new$0(46)) - omNode-3@group-523986131536->omNode-1: nextIndex: updateUnconditionally 40 -> 21
2021-10-17 01:42:34,521 [grpc-default-executor-12] INFO  server.RaftServer$Division (RaftServerImpl.java:checkInconsistentAppendEntries(1319)) - omNode-1@group-523986131536: Failed appendEntries as previous log entry ((t:10, i:39)) is not found
2021-10-17 01:42:34,521 [grpc-default-executor-12] INFO  server.RaftServer$Division (RaftServerImpl.java:checkInconsistentAppendEntries(1285)) - omNode-1@group-523986131536: inconsistency entries. Reply:omNode-3<-omNode-1#9769:FAIL-t10,INCONSISTENCY,nextIndex=21,followerCommit=20
2021-10-17 01:42:34,521 [grpc-default-executor-12] INFO  leader.FollowerInfo (FollowerInfoImpl.java:lambda$new$0(46)) - omNode-3@group-523986131536->omNode-1: nextIndex: updateUnconditionally 40 -> 21
2021-10-17 01:42:35,023 [grpc-default-executor-12] INFO  server.RaftServer$Division (RaftServerImpl.java:checkInconsistentAppendEntries(1319)) - omNode-1@group-523986131536: Failed appendEntries as previous log entry ((t:10, i:39)) is not found
2021-10-17 01:42:35,023 [grpc-default-executor-12] INFO  server.RaftServer$Division (RaftServerImpl.java:checkInconsistentAppendEntries(1285)) - omNode-1@group-523986131536: inconsistency entries. Reply:omNode-3<-omNode-1#9820:FAIL-t10,INCONSISTENCY,nextIndex=21,followerCommit=20
2021-10-17 01:42:35,023 [grpc-default-executor-12] INFO  leader.FollowerInfo (FollowerInfoImpl.java:lambda$new$0(46)) - omNode-3@group-523986131536->omNode-1: nextIndex: updateUnconditionally 40 -> 21
2021-10-17 01:42:35,526 [grpc-default-executor-12] INFO  server.RaftServer$Division (RaftServerImpl.java:checkInconsistentAppendEntries(1319)) - omNode-1@group-523986131536: Failed appendEntries as previous log entry ((t:10, i:39)) is not found
2021-10-17 01:42:35,526 [grpc-default-executor-12] INFO  server.RaftServer$Division (RaftServerImpl.java:checkInconsistentAppendEntries(1285)) - omNode-1@group-523986131536: inconsistency entries. Reply:omNode-3<-omNode-1#9871:FAIL-t10,INCONSISTENCY,nextIndex=21,followerCommit=20
2021-10-17 01:42:35,526 [grpc-default-executor-12] INFO  leader.FollowerInfo (FollowerInfoImpl.java:lambda$new$0(46)) - omNode-3@group-523986131536->omNode-1: nextIndex: updateUnconditionally 40 -> 21
2021-10-17 01:42:36,028 [grpc-default-executor-12] INFO  server.RaftServer$Division (RaftServerImpl.java:checkInconsistentAppendEntries(1319)) - omNode-1@group-523986131536: Failed appendEntries as previous log entry ((t:10, i:39)) is not found
2021-10-17 01:42:36,028 [grpc-default-executor-12] INFO  server.RaftServer$Division (RaftServerImpl.java:checkInconsistentAppendEntries(1285)) - omNode-1@group-523986131536: inconsistency entries. Reply:omNode-3<-omNode-1#9922:FAIL-t10,INCONSISTENCY,nextIndex=21,followerCommit=20
2021-10-17 01:42:36,029 [grpc-default-executor-12] INFO  leader.FollowerInfo (FollowerInfoImpl.java:lambda$new$0(46)) - omNode-3@group-523986131536->omNode-1: nextIndex: updateUnconditionally 40 -> 21
2021-10-17 01:42:36,531 [grpc-default-executor-11] INFO  server.RaftServer$Division (RaftServerImpl.java:checkInconsistentAppendEntries(1319)) - omNode-1@group-523986131536: Failed appendEntries as previous log entry ((t:10, i:39)) is not found
2021-10-17 01:42:36,531 [grpc-default-executor-11] INFO  server.RaftServer$Division (RaftServerImpl.java:checkInconsistentAppendEntries(1285)) - omNode-1@group-523986131536: inconsistency entries. Reply:omNode-3<-omNode-1#9973:FAIL-t10,INCONSISTENCY,nextIndex=21,followerCommit=20
2021-10-17 01:42:36,532 [grpc-default-executor-11] INFO  leader.FollowerInfo (FollowerInfoImpl.java:lambda$new$0(46)) - omNode-3@group-523986131536->omNode-1: nextIndex: updateUnconditionally 40 -> 21
2021-10-17 01:42:37,034 [grpc-default-executor-11] INFO  server.RaftServer$Division (RaftServerImpl.java:checkInconsistentAppendEntries(1319)) - omNode-1@group-523986131536: Failed appendEntries as previous log entry ((t:10, i:39)) is not found
2021-10-17 01:42:37,034 [grpc-default-executor-11] INFO  server.RaftServer$Division (RaftServerImpl.java:checkInconsistentAppendEntries(1285)) - omNode-1@group-523986131536: inconsistency entries. Reply:omNode-3<-omNode-1#10024:FAIL-t10,INCONSISTENCY,nextIndex=21,followerCommit=20
2021-10-17 01:42:37,034 [grpc-default-executor-11] INFO  leader.FollowerInfo (FollowerInfoImpl.java:lambda$new$0(46)) - omNode-3@group-523986131536->omNode-1: nextIndex: updateUnconditionally 40 -> 21
2021-10-17 01:42:37,536 [grpc-default-executor-11] INFO  server.RaftServer$Division (RaftServerImpl.java:checkInconsistentAppendEntries(1319)) - omNode-1@group-523986131536: Failed appendEntries as previous log entry ((t:10, i:39)) is not found
2021-10-17 01:42:37,536 [grpc-default-executor-11] INFO  server.RaftServer$Division (RaftServerImpl.java:checkInconsistentAppendEntries(1285)) - omNode-1@group-523986131536: inconsistency entries. Reply:omNode-3<-omNode-1#10075:FAIL-t10,INCONSISTENCY,nextIndex=21,followerCommit=20
2021-10-17 01:42:37,536 [grpc-default-executor-11] INFO  leader.FollowerInfo (FollowerInfoImpl.java:lambda$new$0(46)) - omNode-3@group-523986131536->omNode-1: nextIndex: updateUnconditionally 40 -> 21
2021-10-17 01:42:38,039 [grpc-default-executor-11] INFO  server.RaftServer$Division (RaftServerImpl.java:checkInconsistentAppendEntries(1319)) - omNode-1@group-523986131536: Failed appendEntries as previous log entry ((t:10, i:39)) is not found
2021-10-17 01:42:38,039 [grpc-default-executor-11] INFO  server.RaftServer$Division (RaftServerImpl.java:checkInconsistentAppendEntries(1285)) - omNode-1@group-523986131536: inconsistency entries. Reply:omNode-3<-omNode-1#10126:FAIL-t10,INCONSISTENCY,nextIndex=21,followerCommit=20
2021-10-17 01:42:38,039 [grpc-default-executor-11] INFO  leader.FollowerInfo (FollowerInfoImpl.java:lambda$new$0(46)) - omNode-3@group-523986131536->omNode-1: nextIndex: updateUnconditionally 40 -> 21
2021-10-17 01:42:38,541 [grpc-default-executor-11] INFO  server.RaftServer$Division (RaftServerImpl.java:checkInconsistentAppendEntries(1319)) - omNode-1@group-523986131536: Failed appendEntries as previous log entry ((t:10, i:39)) is not found
2021-10-17 01:42:38,541 [grpc-default-executor-11] INFO  server.RaftServer$Division (RaftServerImpl.java:checkInconsistentAppendEntries(1285)) - omNode-1@group-523986131536: inconsistency entries. Reply:omNode-3<-omNode-1#10177:FAIL-t10,INCONSISTENCY,nextIndex=21,followerCommit=20
2021-10-17 01:42:38,542 [grpc-default-executor-11] INFO  leader.FollowerInfo (FollowerInfoImpl.java:lambda$new$0(46)) - omNode-3@group-523986131536->omNode-1: nextIndex: updateUnconditionally 40 -> 21
2021-10-17 01:42:39,043 [grpc-default-executor-3] INFO  server.RaftServer$Division (RaftServerImpl.java:checkInconsistentAppendEntries(1319)) - omNode-1@group-523986131536: Failed appendEntries as previous log entry ((t:10, i:39)) is not found
2021-10-17 01:42:39,043 [grpc-default-executor-3] INFO  server.RaftServer$Division (RaftServerImpl.java:checkInconsistentAppendEntries(1285)) - omNode-1@group-523986131536: inconsistency entries. Reply:omNode-3<-omNode-1#10228:FAIL-t10,INCONSISTENCY,nextIndex=21,followerCommit=20
2021-10-17 01:42:39,044 [grpc-default-executor-3] INFO  leader.FollowerInfo (FollowerInfoImpl.java:lambda$new$0(46)) - omNode-3@group-523986131536->omNode-1: nextIndex: updateUnconditionally 40 -> 21
2021-10-17 01:42:39,545 [grpc-default-executor-3] INFO  server.RaftServer$Division (RaftServerImpl.java:checkInconsistentAppendEntries(1319)) - omNode-1@group-523986131536: Failed appendEntries as previous log entry ((t:10, i:39)) is not found
2021-10-17 01:42:39,545 [grpc-default-executor-3] INFO  server.RaftServer$Division (RaftServerImpl.java:checkInconsistentAppendEntries(1285)) - omNode-1@group-523986131536: inconsistency entries. Reply:omNode-3<-omNode-1#10279:FAIL-t10,INCONSISTENCY,nextIndex=21,followerCommit=20
2021-10-17 01:42:39,546 [grpc-default-executor-3] INFO  leader.FollowerInfo (FollowerInfoImpl.java:lambda$new$0(46)) - omNode-3@group-523986131536->omNode-1: nextIndex: updateUnconditionally 40 -> 21
2021-10-17 01:42:40,047 [grpc-default-executor-3] INFO  server.RaftServer$Division (RaftServerImpl.java:checkInconsistentAppendEntries(1319)) - omNode-1@group-523986131536: Failed appendEntries as previous log entry ((t:10, i:39)) is not found
2021-10-17 01:42:40,047 [grpc-default-executor-3] INFO  server.RaftServer$Division (RaftServerImpl.java:checkInconsistentAppendEntries(1285)) - omNode-1@group-523986131536: inconsistency entries. Reply:omNode-3<-omNode-1#10330:FAIL-t10,INCONSISTENCY,nextIndex=21,followerCommit=20
2021-10-17 01:42:40,047 [grpc-default-executor-3] INFO  leader.FollowerInfo (FollowerInfoImpl.java:lambda$new$0(46)) - omNode-3@group-523986131536->omNode-1: nextIndex: updateUnconditionally 40 -> 21
2021-10-17 01:42:40,549 [grpc-default-executor-3] INFO  server.RaftServer$Division (RaftServerImpl.java:checkInconsistentAppendEntries(1319)) - omNode-1@group-523986131536: Failed appendEntries as previous log entry ((t:10, i:39)) is not found
2021-10-17 01:42:40,550 [grpc-default-executor-3] INFO  server.RaftServer$Division (RaftServerImpl.java:checkInconsistentAppendEntries(1285)) - omNode-1@group-523986131536: inconsistency entries. Reply:omNode-3<-omNode-1#10381:FAIL-t10,INCONSISTENCY,nextIndex=21,followerCommit=20
2021-10-17 01:42:40,550 [grpc-default-executor-3] INFO  leader.FollowerInfo (FollowerInfoImpl.java:lambda$new$0(46)) - omNode-3@group-523986131536->omNode-1: nextIndex: updateUnconditionally 40 -> 21
2021-10-17 01:42:41,052 [grpc-default-executor-3] INFO  server.RaftServer$Division (RaftServerImpl.java:checkInconsistentAppendEntries(1319)) - omNode-1@group-523986131536: Failed appendEntries as previous log entry ((t:10, i:39)) is not found
2021-10-17 01:42:41,052 [grpc-default-executor-3] INFO  server.RaftServer$Division (RaftServerImpl.java:checkInconsistentAppendEntries(1285)) - omNode-1@group-523986131536: inconsistency entries. Reply:omNode-3<-omNode-1#10432:FAIL-t10,INCONSISTENCY,nextIndex=21,followerCommit=20
2021-10-17 01:42:41,052 [grpc-default-executor-3] INFO  leader.FollowerInfo (FollowerInfoImpl.java:lambda$new$0(46)) - omNode-3@group-523986131536->omNode-1: nextIndex: updateUnconditionally 40 -> 21
2021-10-17 01:42:41,554 [grpc-default-executor-11] INFO  server.RaftServer$Division (RaftServerImpl.java:checkInconsistentAppendEntries(1319)) - omNode-1@group-523986131536: Failed appendEntries as previous log entry ((t:10, i:39)) is not found
2021-10-17 01:42:41,554 [grpc-default-executor-11] INFO  server.RaftServer$Division (RaftServerImpl.java:checkInconsistentAppendEntries(1285)) - omNode-1@group-523986131536: inconsistency entries. Reply:omNode-3<-omNode-1#10483:FAIL-t10,INCONSISTENCY,nextIndex=21,followerCommit=20
2021-10-17 01:42:41,554 [grpc-default-executor-11] INFO  leader.FollowerInfo (FollowerInfoImpl.java:lambda$new$0(46)) - omNode-3@group-523986131536->omNode-1: nextIndex: updateUnconditionally 40 -> 21
2021-10-17 01:42:42,055 [grpc-default-executor-11] INFO  server.RaftServer$Division (RaftServerImpl.java:checkInconsistentAppendEntries(1319)) - omNode-1@group-523986131536: Failed appendEntries as previous log entry ((t:10, i:39)) is not found
2021-10-17 01:42:42,056 [grpc-default-executor-11] INFO  server.RaftServer$Division (RaftServerImpl.java:checkInconsistentAppendEntries(1285)) - omNode-1@group-523986131536: inconsistency entries. Reply:omNode-3<-omNode-1#10534:FAIL-t10,INCONSISTENCY,nextIndex=21,followerCommit=20
2021-10-17 01:42:42,056 [grpc-default-executor-11] INFO  leader.FollowerInfo (FollowerInfoImpl.java:lambda$new$0(46)) - omNode-3@group-523986131536->omNode-1: nextIndex: updateUnconditionally 40 -> 21
2021-10-17 01:42:42,557 [grpc-default-executor-11] INFO  server.RaftServer$Division (RaftServerImpl.java:checkInconsistentAppendEntries(1319)) - omNode-1@group-523986131536: Failed appendEntries as previous log entry ((t:10, i:39)) is not found
2021-10-17 01:42:42,557 [grpc-default-executor-11] INFO  server.RaftServer$Division (RaftServerImpl.java:checkInconsistentAppendEntries(1285)) - omNode-1@group-523986131536: inconsistency entries. Reply:omNode-3<-omNode-1#10585:FAIL-t10,INCONSISTENCY,nextIndex=21,followerCommit=20
2021-10-17 01:42:42,558 [grpc-default-executor-11] INFO  leader.FollowerInfo (FollowerInfoImpl.java:lambda$new$0(46)) - omNode-3@group-523986131536->omNode-1: nextIndex: updateUnconditionally 40 -> 21
2021-10-17 01:42:43,059 [grpc-default-executor-11] INFO  server.RaftServer$Division (RaftServerImpl.java:checkInconsistentAppendEntries(1319)) - omNode-1@group-523986131536: Failed appendEntries as previous log entry ((t:10, i:39)) is not found
2021-10-17 01:42:43,059 [grpc-default-executor-11] INFO  server.RaftServer$Division (RaftServerImpl.java:checkInconsistentAppendEntries(1285)) - omNode-1@group-523986131536: inconsistency entries. Reply:omNode-3<-omNode-1#10636:FAIL-t10,INCONSISTENCY,nextIndex=21,followerCommit=20
2021-10-17 01:42:43,059 [grpc-default-executor-11] INFO  leader.FollowerInfo (FollowerInfoImpl.java:lambda$new$0(46)) - omNode-3@group-523986131536->omNode-1: nextIndex: updateUnconditionally 40 -> 21
2021-10-17 01:42:43,561 [grpc-default-executor-11] INFO  server.RaftServer$Division (RaftServerImpl.java:checkInconsistentAppendEntries(1319)) - omNode-1@group-523986131536: Failed appendEntries as previous log entry ((t:10, i:39)) is not found
2021-10-17 01:42:43,562 [grpc-default-executor-11] INFO  server.RaftServer$Division (RaftServerImpl.java:checkInconsistentAppendEntries(1285)) - omNode-1@group-523986131536: inconsistency entries. Reply:omNode-3<-omNode-1#10687:FAIL-t10,INCONSISTENCY,nextIndex=21,followerCommit=20
2021-10-17 01:42:43,562 [grpc-default-executor-11] INFO  leader.FollowerInfo (FollowerInfoImpl.java:lambda$new$0(46)) - omNode-3@group-523986131536->omNode-1: nextIndex: updateUnconditionally 40 -> 21
2021-10-17 01:42:44,064 [grpc-default-executor-3] INFO  server.RaftServer$Division (RaftServerImpl.java:checkInconsistentAppendEntries(1319)) - omNode-1@group-523986131536: Failed appendEntries as previous log entry ((t:10, i:39)) is not found
2021-10-17 01:42:44,064 [grpc-default-executor-3] INFO  server.RaftServer$Division (RaftServerImpl.java:checkInconsistentAppendEntries(1285)) - omNode-1@group-523986131536: inconsistency entries. Reply:omNode-3<-omNode-1#10738:FAIL-t10,INCONSISTENCY,nextIndex=21,followerCommit=20
2021-10-17 01:42:44,064 [grpc-default-executor-3] INFO  leader.FollowerInfo (FollowerInfoImpl.java:lambda$new$0(46)) - omNode-3@group-523986131536->omNode-1: nextIndex: updateUnconditionally 40 -> 21
2021-10-17 01:42:44,566 [grpc-default-executor-3] INFO  server.RaftServer$Division (RaftServerImpl.java:checkInconsistentAppendEntries(1319)) - omNode-1@group-523986131536: Failed appendEntries as previous log entry ((t:10, i:39)) is not found
2021-10-17 01:42:44,566 [grpc-default-executor-3] INFO  server.RaftServer$Division (RaftServerImpl.java:checkInconsistentAppendEntries(1285)) - omNode-1@group-523986131536: inconsistency entries. Reply:omNode-3<-omNode-1#10789:FAIL-t10,INCONSISTENCY,nextIndex=21,followerCommit=20
2021-10-17 01:42:44,566 [grpc-default-executor-3] INFO  leader.FollowerInfo (FollowerInfoImpl.java:lambda$new$0(46)) - omNode-3@group-523986131536->omNode-1: nextIndex: updateUnconditionally 40 -> 21
2021-10-17 01:42:45,068 [grpc-default-executor-3] INFO  server.RaftServer$Division (RaftServerImpl.java:checkInconsistentAppendEntries(1319)) - omNode-1@group-523986131536: Failed appendEntries as previous log entry ((t:10, i:39)) is not found
2021-10-17 01:42:45,068 [grpc-default-executor-3] INFO  server.RaftServer$Division (RaftServerImpl.java:checkInconsistentAppendEntries(1285)) - omNode-1@group-523986131536: inconsistency entries. Reply:omNode-3<-omNode-1#10840:FAIL-t10,INCONSISTENCY,nextIndex=21,followerCommit=20
2021-10-17 01:42:45,068 [grpc-default-executor-3] INFO  leader.FollowerInfo (FollowerInfoImpl.java:lambda$new$0(46)) - omNode-3@group-523986131536->omNode-1: nextIndex: updateUnconditionally 40 -> 21
2021-10-17 01:42:45,571 [grpc-default-executor-3] INFO  server.RaftServer$Division (RaftServerImpl.java:checkInconsistentAppendEntries(1319)) - omNode-1@group-523986131536: Failed appendEntries as previous log entry ((t:10, i:39)) is not found
2021-10-17 01:42:45,571 [grpc-default-executor-3] INFO  server.RaftServer$Division (RaftServerImpl.java:checkInconsistentAppendEntries(1285)) - omNode-1@group-523986131536: inconsistency entries. Reply:omNode-3<-omNode-1#10891:FAIL-t10,INCONSISTENCY,nextIndex=21,followerCommit=20
2021-10-17 01:42:45,571 [grpc-default-executor-3] INFO  leader.FollowerInfo (FollowerInfoImpl.java:lambda$new$0(46)) - omNode-3@group-523986131536->omNode-1: nextIndex: updateUnconditionally 40 -> 21
2021-10-17 01:42:46,073 [grpc-default-executor-3] INFO  server.RaftServer$Division (RaftServerImpl.java:checkInconsistentAppendEntries(1319)) - omNode-1@group-523986131536: Failed appendEntries as previous log entry ((t:10, i:39)) is not found
2021-10-17 01:42:46,073 [grpc-default-executor-3] INFO  server.RaftServer$Division (RaftServerImpl.java:checkInconsistentAppendEntries(1285)) - omNode-1@group-523986131536: inconsistency entries. Reply:omNode-3<-omNode-1#10942:FAIL-t10,INCONSISTENCY,nextIndex=21,followerCommit=20
2021-10-17 01:42:46,074 [grpc-default-executor-3] INFO  leader.FollowerInfo (FollowerInfoImpl.java:lambda$new$0(46)) - omNode-3@group-523986131536->omNode-1: nextIndex: updateUnconditionally 40 -> 21
2021-10-17 01:42:46,575 [grpc-default-executor-11] INFO  server.RaftServer$Division (RaftServerImpl.java:checkInconsistentAppendEntries(1319)) - omNode-1@group-523986131536: Failed appendEntries as previous log entry ((t:10, i:39)) is not found
2021-10-17 01:42:46,575 [grpc-default-executor-11] INFO  server.RaftServer$Division (RaftServerImpl.java:checkInconsistentAppendEntries(1285)) - omNode-1@group-523986131536: inconsistency entries. Reply:omNode-3<-omNode-1#10993:FAIL-t10,INCONSISTENCY,nextIndex=21,followerCommit=20
2021-10-17 01:42:46,576 [grpc-default-executor-11] INFO  leader.FollowerInfo (FollowerInfoImpl.java:lambda$new$0(46)) - omNode-3@group-523986131536->omNode-1: nextIndex: updateUnconditionally 40 -> 21
2021-10-17 01:42:47,077 [grpc-default-executor-11] INFO  server.RaftServer$Division (RaftServerImpl.java:checkInconsistentAppendEntries(1319)) - omNode-1@group-523986131536: Failed appendEntries as previous log entry ((t:10, i:39)) is not found
2021-10-17 01:42:47,077 [grpc-default-executor-11] INFO  server.RaftServer$Division (RaftServerImpl.java:checkInconsistentAppendEntries(1285)) - omNode-1@group-523986131536: inconsistency entries. Reply:omNode-3<-omNode-1#11044:FAIL-t10,INCONSISTENCY,nextIndex=21,followerCommit=20
2021-10-17 01:42:47,077 [grpc-default-executor-11] INFO  leader.FollowerInfo (FollowerInfoImpl.java:lambda$new$0(46)) - omNode-3@group-523986131536->omNode-1: nextIndex: updateUnconditionally 40 -> 21
2021-10-17 01:42:47,580 [grpc-default-executor-11] INFO  server.RaftServer$Division (RaftServerImpl.java:checkInconsistentAppendEntries(1319)) - omNode-1@group-523986131536: Failed appendEntries as previous log entry ((t:10, i:39)) is not found
2021-10-17 01:42:47,580 [grpc-default-executor-11] INFO  server.RaftServer$Division (RaftServerImpl.java:checkInconsistentAppendEntries(1285)) - omNode-1@group-523986131536: inconsistency entries. Reply:omNode-3<-omNode-1#11095:FAIL-t10,INCONSISTENCY,nextIndex=21,followerCommit=20
2021-10-17 01:42:47,580 [grpc-default-executor-11] INFO  leader.FollowerInfo (FollowerInfoImpl.java:lambda$new$0(46)) - omNode-3@group-523986131536->omNode-1: nextIndex: updateUnconditionally 40 -> 21
2021-10-17 01:42:48,081 [grpc-default-executor-11] INFO  server.RaftServer$Division (RaftServerImpl.java:checkInconsistentAppendEntries(1319)) - omNode-1@group-523986131536: Failed appendEntries as previous log entry ((t:10, i:39)) is not found
2021-10-17 01:42:48,082 [grpc-default-executor-11] INFO  server.RaftServer$Division (RaftServerImpl.java:checkInconsistentAppendEntries(1285)) - omNode-1@group-523986131536: inconsistency entries. Reply:omNode-3<-omNode-1#11146:FAIL-t10,INCONSISTENCY,nextIndex=21,followerCommit=20
2021-10-17 01:42:48,082 [grpc-default-executor-11] INFO  leader.FollowerInfo (FollowerInfoImpl.java:lambda$new$0(46)) - omNode-3@group-523986131536->omNode-1: nextIndex: updateUnconditionally 40 -> 21
2021-10-17 01:42:48,583 [grpc-default-executor-11] INFO  server.RaftServer$Division (RaftServerImpl.java:checkInconsistentAppendEntries(1319)) - omNode-1@group-523986131536: Failed appendEntries as previous log entry ((t:10, i:39)) is not found
2021-10-17 01:42:48,584 [grpc-default-executor-11] INFO  server.RaftServer$Division (RaftServerImpl.java:checkInconsistentAppendEntries(1285)) - omNode-1@group-523986131536: inconsistency entries. Reply:omNode-3<-omNode-1#11197:FAIL-t10,INCONSISTENCY,nextIndex=21,followerCommit=20
2021-10-17 01:42:48,584 [grpc-default-executor-11] INFO  leader.FollowerInfo (FollowerInfoImpl.java:lambda$new$0(46)) - omNode-3@group-523986131536->omNode-1: nextIndex: updateUnconditionally 40 -> 21
2021-10-17 01:42:49,085 [grpc-default-executor-11] INFO  server.RaftServer$Division (RaftServerImpl.java:checkInconsistentAppendEntries(1319)) - omNode-1@group-523986131536: Failed appendEntries as previous log entry ((t:10, i:39)) is not found
2021-10-17 01:42:49,086 [grpc-default-executor-11] INFO  server.RaftServer$Division (RaftServerImpl.java:checkInconsistentAppendEntries(1285)) - omNode-1@group-523986131536: inconsistency entries. Reply:omNode-3<-omNode-1#11248:FAIL-t10,INCONSISTENCY,nextIndex=21,followerCommit=20
2021-10-17 01:42:49,086 [grpc-default-executor-11] INFO  leader.FollowerInfo (FollowerInfoImpl.java:lambda$new$0(46)) - omNode-3@group-523986131536->omNode-1: nextIndex: updateUnconditionally 40 -> 21
2021-10-17 01:42:49,588 [grpc-default-executor-11] INFO  server.RaftServer$Division (RaftServerImpl.java:checkInconsistentAppendEntries(1319)) - omNode-1@group-523986131536: Failed appendEntries as previous log entry ((t:10, i:39)) is not found
2021-10-17 01:42:49,589 [grpc-default-executor-11] INFO  server.RaftServer$Division (RaftServerImpl.java:checkInconsistentAppendEntries(1285)) - omNode-1@group-523986131536: inconsistency entries. Reply:omNode-3<-omNode-1#11299:FAIL-t10,INCONSISTENCY,nextIndex=21,followerCommit=20
2021-10-17 01:42:49,589 [grpc-default-executor-11] INFO  leader.FollowerInfo (FollowerInfoImpl.java:lambda$new$0(46)) - omNode-3@group-523986131536->omNode-1: nextIndex: updateUnconditionally 40 -> 21
2021-10-17 01:42:50,090 [grpc-default-executor-11] INFO  server.RaftServer$Division (RaftServerImpl.java:checkInconsistentAppendEntries(1319)) - omNode-1@group-523986131536: Failed appendEntries as previous log entry ((t:10, i:39)) is not found
2021-10-17 01:42:50,091 [grpc-default-executor-11] INFO  server.RaftServer$Division (RaftServerImpl.java:checkInconsistentAppendEntries(1285)) - omNode-1@group-523986131536: inconsistency entries. Reply:omNode-3<-omNode-1#11350:FAIL-t10,INCONSISTENCY,nextIndex=21,followerCommit=20
2021-10-17 01:42:50,091 [grpc-default-executor-11] INFO  leader.FollowerInfo (FollowerInfoImpl.java:lambda$new$0(46)) - omNode-3@group-523986131536->omNode-1: nextIndex: updateUnconditionally 40 -> 21
2021-10-17 01:42:50,593 [grpc-default-executor-11] INFO  server.RaftServer$Division (RaftServerImpl.java:checkInconsistentAppendEntries(1319)) - omNode-1@group-523986131536: Failed appendEntries as previous log entry ((t:10, i:39)) is not found
2021-10-17 01:42:50,593 [grpc-default-executor-11] INFO  server.RaftServer$Division (RaftServerImpl.java:checkInconsistentAppendEntries(1285)) - omNode-1@group-523986131536: inconsistency entries. Reply:omNode-3<-omNode-1#11401:FAIL-t10,INCONSISTENCY,nextIndex=21,followerCommit=20
2021-10-17 01:42:50,593 [grpc-default-executor-11] INFO  leader.FollowerInfo (FollowerInfoImpl.java:lambda$new$0(46)) - omNode-3@group-523986131536->omNode-1: nextIndex: updateUnconditionally 40 -> 21
2021-10-17 01:42:51,095 [grpc-default-executor-11] INFO  server.RaftServer$Division (RaftServerImpl.java:checkInconsistentAppendEntries(1319)) - omNode-1@group-523986131536: Failed appendEntries as previous log entry ((t:10, i:39)) is not found
2021-10-17 01:42:51,095 [grpc-default-executor-11] INFO  server.RaftServer$Division (RaftServerImpl.java:checkInconsistentAppendEntries(1285)) - omNode-1@group-523986131536: inconsistency entries. Reply:omNode-3<-omNode-1#11452:FAIL-t10,INCONSISTENCY,nextIndex=21,followerCommit=20
2021-10-17 01:42:51,095 [grpc-default-executor-11] INFO  leader.FollowerInfo (FollowerInfoImpl.java:lambda$new$0(46)) - omNode-3@group-523986131536->omNode-1: nextIndex: updateUnconditionally 40 -> 21
2021-10-17 01:42:51,597 [grpc-default-executor-11] INFO  server.RaftServer$Division (RaftServerImpl.java:checkInconsistentAppendEntries(1319)) - omNode-1@group-523986131536: Failed appendEntries as previous log entry ((t:10, i:39)) is not found
2021-10-17 01:42:51,597 [grpc-default-executor-11] INFO  server.RaftServer$Division (RaftServerImpl.java:checkInconsistentAppendEntries(1285)) - omNode-1@group-523986131536: inconsistency entries. Reply:omNode-3<-omNode-1#11503:FAIL-t10,INCONSISTENCY,nextIndex=21,followerCommit=20
2021-10-17 01:42:51,597 [grpc-default-executor-11] INFO  leader.FollowerInfo (FollowerInfoImpl.java:lambda$new$0(46)) - omNode-3@group-523986131536->omNode-1: nextIndex: updateUnconditionally 40 -> 21
2021-10-17 01:42:52,098 [grpc-default-executor-11] INFO  server.RaftServer$Division (RaftServerImpl.java:checkInconsistentAppendEntries(1319)) - omNode-1@group-523986131536: Failed appendEntries as previous log entry ((t:10, i:39)) is not found
2021-10-17 01:42:52,098 [grpc-default-executor-11] INFO  server.RaftServer$Division (RaftServerImpl.java:checkInconsistentAppendEntries(1285)) - omNode-1@group-523986131536: inconsistency entries. Reply:omNode-3<-omNode-1#11554:FAIL-t10,INCONSISTENCY,nextIndex=21,followerCommit=20
2021-10-17 01:42:52,099 [grpc-default-executor-11] INFO  leader.FollowerInfo (FollowerInfoImpl.java:lambda$new$0(46)) - omNode-3@group-523986131536->omNode-1: nextIndex: updateUnconditionally 40 -> 21
2021-10-17 01:42:52,602 [grpc-default-executor-11] INFO  server.RaftServer$Division (RaftServerImpl.java:checkInconsistentAppendEntries(1319)) - omNode-1@group-523986131536: Failed appendEntries as previous log entry ((t:10, i:39)) is not found
2021-10-17 01:42:52,602 [grpc-default-executor-11] INFO  server.RaftServer$Division (RaftServerImpl.java:checkInconsistentAppendEntries(1285)) - omNode-1@group-523986131536: inconsistency entries. Reply:omNode-3<-omNode-1#11605:FAIL-t10,INCONSISTENCY,nextIndex=21,followerCommit=20
2021-10-17 01:42:52,602 [grpc-default-executor-11] INFO  leader.FollowerInfo (FollowerInfoImpl.java:lambda$new$0(46)) - omNode-3@group-523986131536->omNode-1: nextIndex: updateUnconditionally 40 -> 21
2021-10-17 01:42:53,104 [grpc-default-executor-11] INFO  server.RaftServer$Division (RaftServerImpl.java:checkInconsistentAppendEntries(1319)) - omNode-1@group-523986131536: Failed appendEntries as previous log entry ((t:10, i:39)) is not found
2021-10-17 01:42:53,104 [grpc-default-executor-11] INFO  server.RaftServer$Division (RaftServerImpl.java:checkInconsistentAppendEntries(1285)) - omNode-1@group-523986131536: inconsistency entries. Reply:omNode-3<-omNode-1#11656:FAIL-t10,INCONSISTENCY,nextIndex=21,followerCommit=20
2021-10-17 01:42:53,104 [grpc-default-executor-11] INFO  leader.FollowerInfo (FollowerInfoImpl.java:lambda$new$0(46)) - omNode-3@group-523986131536->omNode-1: nextIndex: updateUnconditionally 40 -> 21
2021-10-17 01:42:53,606 [grpc-default-executor-11] INFO  server.RaftServer$Division (RaftServerImpl.java:checkInconsistentAppendEntries(1319)) - omNode-1@group-523986131536: Failed appendEntries as previous log entry ((t:10, i:39)) is not found
2021-10-17 01:42:53,606 [grpc-default-executor-11] INFO  server.RaftServer$Division (RaftServerImpl.java:checkInconsistentAppendEntries(1285)) - omNode-1@group-523986131536: inconsistency entries. Reply:omNode-3<-omNode-1#11707:FAIL-t10,INCONSISTENCY,nextIndex=21,followerCommit=20
2021-10-17 01:42:53,607 [grpc-default-executor-11] INFO  leader.FollowerInfo (FollowerInfoImpl.java:lambda$new$0(46)) - omNode-3@group-523986131536->omNode-1: nextIndex: updateUnconditionally 40 -> 21
2021-10-17 01:42:54,108 [grpc-default-executor-3] INFO  server.RaftServer$Division (RaftServerImpl.java:checkInconsistentAppendEntries(1319)) - omNode-1@group-523986131536: Failed appendEntries as previous log entry ((t:10, i:39)) is not found
2021-10-17 01:42:54,109 [grpc-default-executor-3] INFO  server.RaftServer$Division (RaftServerImpl.java:checkInconsistentAppendEntries(1285)) - omNode-1@group-523986131536: inconsistency entries. Reply:omNode-3<-omNode-1#11758:FAIL-t10,INCONSISTENCY,nextIndex=21,followerCommit=20
2021-10-17 01:42:54,109 [grpc-default-executor-3] INFO  leader.FollowerInfo (FollowerInfoImpl.java:lambda$new$0(46)) - omNode-3@group-523986131536->omNode-1: nextIndex: updateUnconditionally 40 -> 21
2021-10-17 01:42:54,611 [grpc-default-executor-3] INFO  server.RaftServer$Division (RaftServerImpl.java:checkInconsistentAppendEntries(1319)) - omNode-1@group-523986131536: Failed appendEntries as previous log entry ((t:10, i:39)) is not found
2021-10-17 01:42:54,611 [grpc-default-executor-3] INFO  server.RaftServer$Division (RaftServerImpl.java:checkInconsistentAppendEntries(1285)) - omNode-1@group-523986131536: inconsistency entries. Reply:omNode-3<-omNode-1#11809:FAIL-t10,INCONSISTENCY,nextIndex=21,followerCommit=20
2021-10-17 01:42:54,611 [grpc-default-executor-3] INFO  leader.FollowerInfo (FollowerInfoImpl.java:lambda$new$0(46)) - omNode-3@group-523986131536->omNode-1: nextIndex: updateUnconditionally 40 -> 21
2021-10-17 01:42:55,113 [grpc-default-executor-3] INFO  server.RaftServer$Division (RaftServerImpl.java:checkInconsistentAppendEntries(1319)) - omNode-1@group-523986131536: Failed appendEntries as previous log entry ((t:10, i:39)) is not found
2021-10-17 01:42:55,113 [grpc-default-executor-3] INFO  server.RaftServer$Division (RaftServerImpl.java:checkInconsistentAppendEntries(1285)) - omNode-1@group-523986131536: inconsistency entries. Reply:omNode-3<-omNode-1#11860:FAIL-t10,INCONSISTENCY,nextIndex=21,followerCommit=20
2021-10-17 01:42:55,114 [grpc-default-executor-3] INFO  leader.FollowerInfo (FollowerInfoImpl.java:lambda$new$0(46)) - omNode-3@group-523986131536->omNode-1: nextIndex: updateUnconditionally 40 -> 21
2021-10-17 01:42:55,615 [grpc-default-executor-3] INFO  server.RaftServer$Division (RaftServerImpl.java:checkInconsistentAppendEntries(1319)) - omNode-1@group-523986131536: Failed appendEntries as previous log entry ((t:10, i:39)) is not found
2021-10-17 01:42:55,615 [grpc-default-executor-3] INFO  server.RaftServer$Division (RaftServerImpl.java:checkInconsistentAppendEntries(1285)) - omNode-1@group-523986131536: inconsistency entries. Reply:omNode-3<-omNode-1#11911:FAIL-t10,INCONSISTENCY,nextIndex=21,followerCommit=20
2021-10-17 01:42:55,616 [grpc-default-executor-3] INFO  leader.FollowerInfo (FollowerInfoImpl.java:lambda$new$0(46)) - omNode-3@group-523986131536->omNode-1: nextIndex: updateUnconditionally 40 -> 21
2021-10-17 01:42:56,118 [grpc-default-executor-3] INFO  server.RaftServer$Division (RaftServerImpl.java:checkInconsistentAppendEntries(1319)) - omNode-1@group-523986131536: Failed appendEntries as previous log entry ((t:10, i:39)) is not found
2021-10-17 01:42:56,118 [grpc-default-executor-3] INFO  server.RaftServer$Division (RaftServerImpl.java:checkInconsistentAppendEntries(1285)) - omNode-1@group-523986131536: inconsistency entries. Reply:omNode-3<-omNode-1#11962:FAIL-t10,INCONSISTENCY,nextIndex=21,followerCommit=20
2021-10-17 01:42:56,118 [grpc-default-executor-3] INFO  leader.FollowerInfo (FollowerInfoImpl.java:lambda$new$0(46)) - omNode-3@group-523986131536->omNode-1: nextIndex: updateUnconditionally 40 -> 21
2021-10-17 01:42:56,620 [grpc-default-executor-11] INFO  server.RaftServer$Division (RaftServerImpl.java:checkInconsistentAppendEntries(1319)) - omNode-1@group-523986131536: Failed appendEntries as previous log entry ((t:10, i:39)) is not found
2021-10-17 01:42:56,620 [grpc-default-executor-11] INFO  server.RaftServer$Division (RaftServerImpl.java:checkInconsistentAppendEntries(1285)) - omNode-1@group-523986131536: inconsistency entries. Reply:omNode-3<-omNode-1#12013:FAIL-t10,INCONSISTENCY,nextIndex=21,followerCommit=20
2021-10-17 01:42:56,621 [grpc-default-executor-11] INFO  leader.FollowerInfo (FollowerInfoImpl.java:lambda$new$0(46)) - omNode-3@group-523986131536->omNode-1: nextIndex: updateUnconditionally 40 -> 21
2021-10-17 01:42:57,122 [grpc-default-executor-11] INFO  server.RaftServer$Division (RaftServerImpl.java:checkInconsistentAppendEntries(1319)) - omNode-1@group-523986131536: Failed appendEntries as previous log entry ((t:10, i:39)) is not found
2021-10-17 01:42:57,123 [grpc-default-executor-11] INFO  server.RaftServer$Division (RaftServerImpl.java:checkInconsistentAppendEntries(1285)) - omNode-1@group-523986131536: inconsistency entries. Reply:omNode-3<-omNode-1#12064:FAIL-t10,INCONSISTENCY,nextIndex=21,followerCommit=20
2021-10-17 01:42:57,123 [grpc-default-executor-11] INFO  leader.FollowerInfo (FollowerInfoImpl.java:lambda$new$0(46)) - omNode-3@group-523986131536->omNode-1: nextIndex: updateUnconditionally 40 -> 21
2021-10-17 01:42:57,625 [grpc-default-executor-11] INFO  server.RaftServer$Division (RaftServerImpl.java:checkInconsistentAppendEntries(1319)) - omNode-1@group-523986131536: Failed appendEntries as previous log entry ((t:10, i:39)) is not found
2021-10-17 01:42:57,625 [grpc-default-executor-11] INFO  server.RaftServer$Division (RaftServerImpl.java:checkInconsistentAppendEntries(1285)) - omNode-1@group-523986131536: inconsistency entries. Reply:omNode-3<-omNode-1#12115:FAIL-t10,INCONSISTENCY,nextIndex=21,followerCommit=20
2021-10-17 01:42:57,626 [grpc-default-executor-11] INFO  leader.FollowerInfo (FollowerInfoImpl.java:lambda$new$0(46)) - omNode-3@group-523986131536->omNode-1: nextIndex: updateUnconditionally 40 -> 21
2021-10-17 01:42:58,127 [grpc-default-executor-11] INFO  server.RaftServer$Division (RaftServerImpl.java:checkInconsistentAppendEntries(1319)) - omNode-1@group-523986131536: Failed appendEntries as previous log entry ((t:10, i:39)) is not found
2021-10-17 01:42:58,128 [grpc-default-executor-11] INFO  server.RaftServer$Division (RaftServerImpl.java:checkInconsistentAppendEntries(1285)) - omNode-1@group-523986131536: inconsistency entries. Reply:omNode-3<-omNode-1#12166:FAIL-t10,INCONSISTENCY,nextIndex=21,followerCommit=20
2021-10-17 01:42:58,128 [grpc-default-executor-11] INFO  leader.FollowerInfo (FollowerInfoImpl.java:lambda$new$0(46)) - omNode-3@group-523986131536->omNode-1: nextIndex: updateUnconditionally 40 -> 21
2021-10-17 01:42:58,630 [grpc-default-executor-11] INFO  server.RaftServer$Division (RaftServerImpl.java:checkInconsistentAppendEntries(1319)) - omNode-1@group-523986131536: Failed appendEntries as previous log entry ((t:10, i:39)) is not found
2021-10-17 01:42:58,630 [grpc-default-executor-11] INFO  server.RaftServer$Division (RaftServerImpl.java:checkInconsistentAppendEntries(1285)) - omNode-1@group-523986131536: inconsistency entries. Reply:omNode-3<-omNode-1#12217:FAIL-t10,INCONSISTENCY,nextIndex=21,followerCommit=20
2021-10-17 01:42:58,630 [grpc-default-executor-11] INFO  leader.FollowerInfo (FollowerInfoImpl.java:lambda$new$0(46)) - omNode-3@group-523986131536->omNode-1: nextIndex: updateUnconditionally 40 -> 21
2021-10-17 01:42:59,132 [grpc-default-executor-3] INFO  server.RaftServer$Division (RaftServerImpl.java:checkInconsistentAppendEntries(1319)) - omNode-1@group-523986131536: Failed appendEntries as previous log entry ((t:10, i:39)) is not found
2021-10-17 01:42:59,132 [grpc-default-executor-3] INFO  server.RaftServer$Division (RaftServerImpl.java:checkInconsistentAppendEntries(1285)) - omNode-1@group-523986131536: inconsistency entries. Reply:omNode-3<-omNode-1#12268:FAIL-t10,INCONSISTENCY,nextIndex=21,followerCommit=20
2021-10-17 01:42:59,133 [grpc-default-executor-3] INFO  leader.FollowerInfo (FollowerInfoImpl.java:lambda$new$0(46)) - omNode-3@group-523986131536->omNode-1: nextIndex: updateUnconditionally 40 -> 21
2021-10-17 01:42:59,525 [Time-limited test] INFO  om.OzoneManager (OzoneManager.java:stop(1664)) - Stopping Ozone Manager
2021-10-17 01:42:59,525 [Time-limited test] INFO  ipc.Server (Server.java:stop(3414)) - Stopping server on 11184
2021-10-17 01:42:59,533 [IPC Server Responder] INFO  ipc.Server (Server.java:run(1512)) - Stopping IPC Server Responder
2021-10-17 01:42:59,533 [IPC Server listener on 11184] INFO  ipc.Server (Server.java:run(1376)) - Stopping IPC Server listener on 11184
2021-10-17 01:42:59,534 [Time-limited test] INFO  server.RaftServer (RaftServerProxy.java:lambda$close$6(391)) - omNode-3: close
2021-10-17 01:42:59,534 [Time-limited test] INFO  server.RaftServer$Division (RaftServerImpl.java:lambda$close$4(407)) - omNode-3@group-523986131536: shutdown
2021-10-17 01:42:59,534 [Time-limited test] INFO  util.JmxRegister (JmxRegister.java:unregister(73)) - Successfully un-registered JMX Bean with object name Ratis:service=RaftServer,group=group-523986131536,id=omNode-3
2021-10-17 01:42:59,534 [Time-limited test] INFO  impl.RoleInfo (RoleInfo.java:shutdownLeaderState(91)) - omNode-3: shutdown omNode-3@group-523986131536-LeaderStateImpl
2021-10-17 01:42:59,534 [omNode-3@group-523986131536->omNode-2-GrpcLogAppender-LogAppenderDaemon] WARN  server.GrpcLogAppender (GrpcLogAppender.java:mayWait(175)) - omNode-3@group-523986131536->omNode-2-GrpcLogAppender: Wait interrupted by java.lang.InterruptedException
2021-10-17 01:42:59,535 [omNode-3@group-523986131536->omNode-1-GrpcLogAppender-LogAppenderDaemon] WARN  server.GrpcLogAppender (GrpcLogAppender.java:mayWait(175)) - omNode-3@group-523986131536->omNode-1-GrpcLogAppender: Wait interrupted by java.lang.InterruptedException
2021-10-17 01:42:59,534 [Time-limited test] INFO  impl.PendingRequests (PendingRequests.java:sendNotLeaderResponses(282)) - omNode-3@group-523986131536-PendingRequests: sendNotLeaderResponses
2021-10-17 01:42:59,538 [grpc-default-executor-11] INFO  server.GrpcServerProtocolService (GrpcServerProtocolService.java:onCompleted(140)) - omNode-2: Completed APPEND_ENTRIES, lastRequest: omNode-3->omNode-2#56-t10,previous=(t:10, i:38),leaderCommit=38,initializing? true,entries: size=1, first=(t:10, i:39), METADATAENTRY(c:38)
2021-10-17 01:42:59,542 [grpc-default-executor-12] INFO  server.GrpcLogAppender (GrpcLogAppender.java:onCompleted(344)) - omNode-3@group-523986131536->omNode-2-AppendLogResponseHandler: follower responses appendEntries COMPLETED
2021-10-17 01:42:59,542 [grpc-default-executor-12] INFO  leader.FollowerInfo (FollowerInfoImpl.java:lambda$new$0(46)) - omNode-3@group-523986131536->omNode-2: nextIndex: updateUnconditionally 40 -> 39
2021-10-17 01:42:59,538 [grpc-default-executor-3] INFO  server.GrpcServerProtocolService (GrpcServerProtocolService.java:onCompleted(140)) - omNode-1: Completed APPEND_ENTRIES, lastRequest: omNode-3->omNode-1#12269-t10,previous=(t:0, i:0),leaderCommit=19,initializing? false,entries: size=19, first=(t:3, i:21), CONFIGURATIONENTRY
2021-10-17 01:42:59,544 [grpc-default-executor-11] INFO  server.GrpcLogAppender (GrpcLogAppender.java:onCompleted(344)) - omNode-3@group-523986131536->omNode-1-AppendLogResponseHandler: follower responses appendEntries COMPLETED
2021-10-17 01:42:59,544 [grpc-default-executor-11] INFO  leader.FollowerInfo (FollowerInfoImpl.java:lambda$new$0(46)) - omNode-3@group-523986131536->omNode-1: nextIndex: updateUnconditionally 40 -> 21
2021-10-17 01:42:59,544 [Time-limited test] INFO  impl.StateMachineUpdater (StateMachineUpdater.java:stopAndJoin(149)) - omNode-3@group-523986131536-StateMachineUpdater: set stopIndex = 39
2021-10-17 01:42:59,544 [omNode-3@group-523986131536-StateMachineUpdater] INFO  ratis.OzoneManagerStateMachine (OzoneManagerStateMachine.java:takeSnapshot(417)) - Current Snapshot Index (t:10, i:39)
2021-10-17 01:42:59,545 [omNode-3@group-523986131536-StateMachineUpdater] INFO  impl.StateMachineUpdater (StateMachineUpdater.java:takeSnapshot(281)) - omNode-3@group-523986131536-StateMachineUpdater: Took a snapshot at index 39
2021-10-17 01:42:59,545 [omNode-3@group-523986131536-StateMachineUpdater] INFO  impl.StateMachineUpdater (StateMachineUpdater.java:lambda$new$0(89)) - omNode-3@group-523986131536-StateMachineUpdater: snapshotIndex: updateIncreasingly 35 -> 39
2021-10-17 01:42:59,545 [omNode-3@group-523986131536-StateMachineUpdater] INFO  ratis.OzoneManagerStateMachine (OzoneManagerStateMachine.java:close(471)) - StateMachine has shutdown. Shutdown OzoneManager if not already shutdown.
2021-10-17 01:42:59,545 [Time-limited test] INFO  server.RaftServer$Division (ServerState.java:close(419)) - omNode-3@group-523986131536: closes. applyIndex: 39
2021-10-17 01:42:59,546 [omNode-3@group-523986131536-SegmentedRaftLogWorker] INFO  segmented.SegmentedRaftLogWorker (SegmentedRaftLogWorker.java:run(327)) - omNode-3@group-523986131536-SegmentedRaftLogWorker was interrupted, exiting. There are 0 tasks remaining in the queue.
2021-10-17 01:42:59,547 [Time-limited test] INFO  segmented.SegmentedRaftLogWorker (SegmentedRaftLogWorker.java:close(237)) - omNode-3@group-523986131536-SegmentedRaftLogWorker close()
2021-10-17 01:42:59,548 [Time-limited test] INFO  server.GrpcService (GrpcService.java:closeImpl(262)) - omNode-3: shutdown server with port 11188 now
2021-10-17 01:43:00,925 [omNode-2@group-523986131536-FollowerState] INFO  impl.FollowerState (FollowerState.java:run(134)) - omNode-2@group-523986131536-FollowerState: change to CANDIDATE, lastRpcElapsedTime:1506734688ns, electionTimeout:1185ms
2021-10-17 01:43:00,925 [omNode-2@group-523986131536-FollowerState] INFO  impl.RoleInfo (RoleInfo.java:shutdownFollowerState(108)) - omNode-2: shutdown omNode-2@group-523986131536-FollowerState
2021-10-17 01:43:00,925 [omNode-2@group-523986131536-FollowerState] INFO  server.RaftServer$Division (RaftServerImpl.java:setRole(285)) - omNode-2@group-523986131536: changes role from  FOLLOWER to CANDIDATE at term 10 for changeToCandidate
2021-10-17 01:43:00,925 [omNode-2@group-523986131536-FollowerState] INFO  server.RaftServerConfigKeys (ConfUtils.java:logGet(44)) - raft.server.leaderelection.pre-vote = false (custom)
2021-10-17 01:43:00,926 [omNode-2@group-523986131536-FollowerState] INFO  impl.RoleInfo (RoleInfo.java:updateAndGet(130)) - omNode-2: start omNode-2@group-523986131536-LeaderElection25
2021-10-17 01:43:00,927 [omNode-2@group-523986131536-LeaderElection25] INFO  server.RaftServer$Division (ServerState.java:setLeader(285)) - omNode-2@group-523986131536: change Leader from omNode-3 to null at term 10 for ELECTION
2021-10-17 01:43:00,929 [omNode-2@group-523986131536-LeaderElection25] INFO  impl.LeaderElection (LeaderElection.java:askForVotes(306)) - omNode-2@group-523986131536-LeaderElection25 ELECTION round 0: submit vote requests at term 11 for 36: [omNode-3|rpc:localhost:11188|admin:|client:|dataStream:|priority:0, omNode-1|rpc:localhost:11176|admin:|client:|dataStream:|priority:0, omNode-2|rpc:localhost:11182|admin:|client:|dataStream:|priority:0], old=null
2021-10-17 01:43:00,938 [omNode-2@group-523986131536-LeaderElection25] INFO  impl.LeaderElection (LogUtils.java:infoOrTrace(137)) - omNode-2@group-523986131536-LeaderElection25 got exception when requesting votes: java.util.concurrent.ExecutionException: org.apache.ratis.thirdparty.io.grpc.StatusRuntimeException: UNAVAILABLE: io exception
2021-10-17 01:43:00,940 [grpc-default-executor-11] INFO  server.RaftServer$Division (RaftServerImpl.java:requestVote(1043)) - omNode-1@group-523986131536: receive requestVote(ELECTION, omNode-2, group-523986131536, 11, (t:10, i:39))
2021-10-17 01:43:00,940 [grpc-default-executor-11] INFO  impl.VoteContext (VoteContext.java:log(48)) - omNode-1@group-523986131536-FOLLOWER: accept ELECTION from omNode-2: our last entry (t:2, i:20) < candidate's last entry (t:10, i:39)
2021-10-17 01:43:00,941 [grpc-default-executor-11] INFO  server.RaftServer$Division (ServerState.java:setLeader(285)) - omNode-1@group-523986131536: change Leader from omNode-3 to null at term 11 for updateCurrentTerm
2021-10-17 01:43:00,941 [grpc-default-executor-11] INFO  server.RaftServer$Division (RaftServerImpl.java:setRole(285)) - omNode-1@group-523986131536: changes role from  FOLLOWER to FOLLOWER at term 11 for candidate:omNode-2
2021-10-17 01:43:00,941 [grpc-default-executor-11] INFO  impl.RoleInfo (RoleInfo.java:shutdownFollowerState(108)) - omNode-1: shutdown omNode-1@group-523986131536-FollowerState
2021-10-17 01:43:00,941 [grpc-default-executor-11] INFO  impl.RoleInfo (RoleInfo.java:updateAndGet(130)) - omNode-1: start omNode-1@group-523986131536-FollowerState
2021-10-17 01:43:00,941 [omNode-1@group-523986131536-FollowerState] INFO  impl.FollowerState (FollowerState.java:run(143)) - omNode-1@group-523986131536-FollowerState was interrupted: {}
java.lang.InterruptedException: sleep interrupted
	at java.lang.Thread.sleep(Native Method)
	at java.lang.Thread.sleep(Thread.java:340)
	at java.util.concurrent.TimeUnit.sleep(TimeUnit.java:386)
	at org.apache.ratis.util.TimeDuration.sleep(TimeDuration.java:324)
	at org.apache.ratis.util.TimeDuration.sleep(TimeDuration.java:309)
	at org.apache.ratis.server.impl.FollowerState.run(FollowerState.java:118)
2021-10-17 01:43:00,943 [grpc-default-executor-11] INFO  server.RaftServer$Division (RaftServerImpl.java:requestVote(1075)) - omNode-1@group-523986131536 replies to ELECTION vote request: omNode-2<-omNode-1#0:OK-t11. Peer's state: omNode-1@group-523986131536:t11, leader=null, voted=omNode-2, raftlog=omNode-1@group-523986131536-SegmentedRaftLog:OPENED:c20,f20,i0, conf=36: [omNode-3|rpc:localhost:11188|admin:|client:|dataStream:|priority:0, omNode-1|rpc:localhost:11176|admin:|client:|dataStream:|priority:0, omNode-2|rpc:localhost:11182|admin:|client:|dataStream:|priority:0], old=null
2021-10-17 01:43:00,943 [omNode-2@group-523986131536-LeaderElection25] INFO  impl.LeaderElection (LeaderElection.java:logAndReturn(89)) - omNode-2@group-523986131536-LeaderElection25: ELECTION PASSED received 1 response(s) and 1 exception(s):
2021-10-17 01:43:00,943 [omNode-2@group-523986131536-LeaderElection25] INFO  impl.LeaderElection (LeaderElection.java:logAndReturn(93)) -   Response 0: omNode-2<-omNode-1#0:OK-t11
2021-10-17 01:43:00,943 [omNode-2@group-523986131536-LeaderElection25] INFO  impl.LeaderElection (LogUtils.java:infoOrTrace(137)) -   Exception 1: java.util.concurrent.ExecutionException: org.apache.ratis.thirdparty.io.grpc.StatusRuntimeException: UNAVAILABLE: io exception
2021-10-17 01:43:00,943 [omNode-2@group-523986131536-LeaderElection25] INFO  impl.LeaderElection (LeaderElection.java:askForVotes(308)) - omNode-2@group-523986131536-LeaderElection25 ELECTION round 0: result PASSED
2021-10-17 01:43:00,943 [omNode-2@group-523986131536-LeaderElection25] INFO  impl.RoleInfo (RoleInfo.java:shutdownLeaderElection(121)) - omNode-2: shutdown omNode-2@group-523986131536-LeaderElection25
2021-10-17 01:43:00,943 [omNode-2@group-523986131536-LeaderElection25] INFO  server.RaftServer$Division (RaftServerImpl.java:setRole(285)) - omNode-2@group-523986131536: changes role from CANDIDATE to LEADER at term 11 for changeToLeader
2021-10-17 01:43:00,943 [omNode-2@group-523986131536-LeaderElection25] INFO  server.RaftServer$Division (ServerState.java:setLeader(285)) - omNode-2@group-523986131536: change Leader from null to omNode-2 at term 11 for becomeLeader, leader elected after 16ms
2021-10-17 01:43:00,943 [omNode-2@group-523986131536-LeaderElection25] INFO  server.RaftServerConfigKeys (ConfUtils.java:logGet(44)) - raft.server.staging.catchup.gap = 1000 (default)
2021-10-17 01:43:00,944 [omNode-2@group-523986131536-LeaderElection25] INFO  server.RaftServerConfigKeys (ConfUtils.java:logGet(44)) - raft.server.write.element-limit = 4096 (default)
2021-10-17 01:43:00,944 [omNode-2@group-523986131536-LeaderElection25] INFO  server.RaftServerConfigKeys (ConfUtils.java:logGet(44)) - raft.server.write.byte-limit = 64MB (=67108864) (default)
2021-10-17 01:43:00,944 [omNode-2@group-523986131536-LeaderElection25] INFO  server.RaftServerConfigKeys (ConfUtils.java:logGet(44)) - raft.server.watch.timeout = 10s (default)
2021-10-17 01:43:00,944 [omNode-2@group-523986131536-LeaderElection25] INFO  server.RaftServerConfigKeys (ConfUtils.java:logGet(44)) - raft.server.watch.timeout.denomination = 1s (default)
2021-10-17 01:43:00,944 [omNode-2@group-523986131536-LeaderElection25] INFO  server.RaftServerConfigKeys (ConfUtils.java:logGet(44)) - raft.server.watch.element-limit = 65536 (default)
2021-10-17 01:43:00,944 [omNode-2@group-523986131536-LeaderElection25] INFO  server.RaftServerConfigKeys (ConfUtils.java:logGet(44)) - raft.server.log.appender.snapshot.chunk.size.max = 16MB (=16777216) (default)
2021-10-17 01:43:00,944 [omNode-2@group-523986131536-LeaderElection25] INFO  server.RaftServerConfigKeys (ConfUtils.java:logGet(44)) - raft.server.log.appender.buffer.byte-limit = 33554432 (custom)
2021-10-17 01:43:00,944 [omNode-2@group-523986131536-LeaderElection25] INFO  server.RaftServerConfigKeys (ConfUtils.java:logGet(44)) - raft.server.log.appender.buffer.element-limit = 1024 (custom)
2021-10-17 01:43:00,944 [omNode-2@group-523986131536-LeaderElection25] INFO  grpc.GrpcConfigKeys (ConfUtils.java:logGet(44)) - raft.grpc.server.leader.outstanding.appends.max = 128 (default)
2021-10-17 01:43:00,944 [omNode-2@group-523986131536-LeaderElection25] INFO  server.RaftServerConfigKeys (ConfUtils.java:logGet(44)) - raft.server.rpc.request.timeout = 3000ms (default)
2021-10-17 01:43:00,944 [omNode-2@group-523986131536-LeaderElection25] INFO  server.RaftServerConfigKeys (ConfUtils.java:logGet(44)) - raft.server.log.appender.install.snapshot.enabled = false (custom)
2021-10-17 01:43:00,945 [omNode-2@group-523986131536-LeaderElection25] INFO  server.RaftServerConfigKeys (ConfUtils.java:logGet(44)) - raft.server.log.appender.snapshot.chunk.size.max = 16MB (=16777216) (default)
2021-10-17 01:43:00,945 [omNode-2@group-523986131536-LeaderElection25] INFO  server.RaftServerConfigKeys (ConfUtils.java:logGet(44)) - raft.server.log.appender.buffer.byte-limit = 33554432 (custom)
2021-10-17 01:43:00,945 [omNode-2@group-523986131536-LeaderElection25] INFO  server.RaftServerConfigKeys (ConfUtils.java:logGet(44)) - raft.server.log.appender.buffer.element-limit = 1024 (custom)
2021-10-17 01:43:00,945 [omNode-2@group-523986131536-LeaderElection25] INFO  grpc.GrpcConfigKeys (ConfUtils.java:logGet(44)) - raft.grpc.server.leader.outstanding.appends.max = 128 (default)
2021-10-17 01:43:00,945 [omNode-2@group-523986131536-LeaderElection25] INFO  server.RaftServerConfigKeys (ConfUtils.java:logGet(44)) - raft.server.rpc.request.timeout = 3000ms (default)
2021-10-17 01:43:00,945 [omNode-2@group-523986131536-LeaderElection25] INFO  server.RaftServerConfigKeys (ConfUtils.java:logGet(44)) - raft.server.log.appender.install.snapshot.enabled = false (custom)
2021-10-17 01:43:00,946 [omNode-2@group-523986131536-LeaderElection25] INFO  impl.RoleInfo (RoleInfo.java:updateAndGet(130)) - omNode-2: start omNode-2@group-523986131536-LeaderStateImpl
2021-10-17 01:43:00,946 [omNode-2@group-523986131536-LeaderElection25] INFO  segmented.SegmentedRaftLogWorker (SegmentedRaftLogWorker.java:rollLogSegment(399)) - omNode-2@group-523986131536-SegmentedRaftLogWorker: Rolling segment log-36_39 to index:39
2021-10-17 01:43:00,947 [grpc-default-executor-11] WARN  server.GrpcLogAppender (LogUtils.java:warn(122)) - omNode-2@group-523986131536->omNode-3-AppendLogResponseHandler: Failed appendEntries: org.apache.ratis.thirdparty.io.grpc.StatusRuntimeException: UNAVAILABLE: io exception
2021-10-17 01:43:00,948 [omNode-2@group-523986131536-LeaderElection25] INFO  server.RaftServer$Division (ServerState.java:setRaftConf(387)) - omNode-2@group-523986131536: set configuration 40: [omNode-3|rpc:localhost:11188|admin:|client:|dataStream:|priority:0, omNode-1|rpc:localhost:11176|admin:|client:|dataStream:|priority:0, omNode-2|rpc:localhost:11182|admin:|client:|dataStream:|priority:0], old=null
2021-10-17 01:43:00,948 [omNode-2@group-523986131536-SegmentedRaftLogWorker] INFO  segmented.SegmentedRaftLogWorker (SegmentedRaftLogWorker.java:execute(558)) - omNode-2@group-523986131536-SegmentedRaftLogWorker: Rolled log segment from /home/runner/work/ozone/ozone/hadoop-ozone/integration-test/target/test-dir/MiniOzoneClusterImpl-e6b5673d-0e05-4a61-970a-b11d77d0bde6/omNode-2/ratis/c9bc4cf4-3bc3-3c60-a66b-523986131536/current/log_inprogress_36 to /home/runner/work/ozone/ozone/hadoop-ozone/integration-test/target/test-dir/MiniOzoneClusterImpl-e6b5673d-0e05-4a61-970a-b11d77d0bde6/omNode-2/ratis/c9bc4cf4-3bc3-3c60-a66b-523986131536/current/log_36-39
2021-10-17 01:43:00,951 [grpc-default-executor-11] WARN  server.GrpcLogAppender (GrpcLogAppender.java:resetClient(111)) - omNode-2@group-523986131536->omNode-3-GrpcLogAppender: Leader has not got in touch with Follower omNode-2@group-523986131536->omNode-3(c-1,m0,n41, attendVote=true, lastRpcSendTime=3, lastRpcResponseTime=1206) yet, just keep nextIndex unchanged and retry.
2021-10-17 01:43:00,956 [omNode-2@group-523986131536-SegmentedRaftLogWorker] INFO  segmented.SegmentedRaftLogWorker (SegmentedRaftLogWorker.java:execute(601)) - omNode-2@group-523986131536-SegmentedRaftLogWorker: created new log segment /home/runner/work/ozone/ozone/hadoop-ozone/integration-test/target/test-dir/MiniOzoneClusterImpl-e6b5673d-0e05-4a61-970a-b11d77d0bde6/omNode-2/ratis/c9bc4cf4-3bc3-3c60-a66b-523986131536/current/log_inprogress_40
2021-10-17 01:43:00,957 [grpc-default-executor-11] INFO  server.RaftServer$Division (ServerState.java:setLeader(285)) - omNode-1@group-523986131536: change Leader from null to omNode-2 at term 11 for appendEntries, leader elected after 16ms
2021-10-17 01:43:00,957 [grpc-default-executor-11] INFO  server.RaftServer$Division (RaftServerImpl.java:checkInconsistentAppendEntries(1319)) - omNode-1@group-523986131536: Failed appendEntries as previous log entry ((t:10, i:39)) is not found
2021-10-17 01:43:00,957 [grpc-default-executor-11] INFO  server.RaftServer$Division (RaftServerImpl.java:checkInconsistentAppendEntries(1285)) - omNode-1@group-523986131536: inconsistency entries. Reply:omNode-2<-omNode-1#0:FAIL-t11,INCONSISTENCY,nextIndex=21,followerCommit=20
2021-10-17 01:43:00,958 [grpc-default-executor-11] INFO  server.RaftServer$Division (RaftServerImpl.java:checkInconsistentAppendEntries(1319)) - omNode-1@group-523986131536: Failed appendEntries as previous log entry ((t:10, i:39)) is not found
2021-10-17 01:43:00,958 [grpc-default-executor-11] INFO  server.RaftServer$Division (RaftServerImpl.java:checkInconsistentAppendEntries(1285)) - omNode-1@group-523986131536: inconsistency entries. Reply:omNode-2<-omNode-1#1:FAIL-t11,INCONSISTENCY,nextIndex=21,followerCommit=20
2021-10-17 01:43:00,958 [grpc-default-executor-3] INFO  leader.FollowerInfo (FollowerInfoImpl.java:lambda$new$0(46)) - omNode-2@group-523986131536->omNode-1: nextIndex: updateUnconditionally 41 -> 21
2021-10-17 01:43:00,958 [omNode-2@group-523986131536->omNode-1-GrpcLogAppender-LogAppenderDaemon] ERROR leader.LogAppenderDaemon (LogAppenderDaemon.java:run(86)) - omNode-2@group-523986131536->omNode-1-GrpcLogAppender-LogAppenderDaemon failed
java.lang.NullPointerException: omNode-2@group-523986131536->omNode-1: Previous TermIndex not found for firstIndex = 21
	at java.util.Objects.requireNonNull(Objects.java:290)
	at org.apache.ratis.server.leader.LogAppenderBase.assertProtos(LogAppenderBase.java:169)
	at org.apache.ratis.server.leader.LogAppenderBase.newAppendEntriesRequest(LogAppenderBase.java:154)
	at org.apache.ratis.grpc.server.GrpcLogAppender.appendLog(GrpcLogAppender.java:211)
	at org.apache.ratis.grpc.server.GrpcLogAppender.run(GrpcLogAppender.java:145)
	at org.apache.ratis.server.leader.LogAppenderDaemon.run(LogAppenderDaemon.java:77)
	at java.lang.Thread.run(Thread.java:748)
2021-10-17 01:43:00,958 [grpc-default-executor-3] INFO  leader.FollowerInfo (FollowerInfoImpl.java:lambda$new$0(46)) - omNode-2@group-523986131536->omNode-1: nextIndex: updateUnconditionally 21 -> 21
2021-10-17 01:43:00,959 [omNode-2@group-523986131536->omNode-1-GrpcLogAppender-LogAppenderDaemon] INFO  server.RaftServer$Division (LeaderStateImpl.java:restart(501)) - omNode-2@group-523986131536-LeaderStateImpl: Restarting GrpcLogAppender for omNode-2@group-523986131536->omNode-1
2021-10-17 01:43:00,959 [omNode-2@group-523986131536->omNode-1-GrpcLogAppender-LogAppenderDaemon] INFO  server.RaftServerConfigKeys (ConfUtils.java:logGet(44)) - raft.server.log.appender.snapshot.chunk.size.max = 16MB (=16777216) (default)
2021-10-17 01:43:00,959 [omNode-2@group-523986131536->omNode-1-GrpcLogAppender-LogAppenderDaemon] INFO  server.RaftServerConfigKeys (ConfUtils.java:logGet(44)) - raft.server.log.appender.buffer.byte-limit = 33554432 (custom)
2021-10-17 01:43:00,959 [omNode-2@group-523986131536->omNode-1-GrpcLogAppender-LogAppenderDaemon] INFO  server.RaftServerConfigKeys (ConfUtils.java:logGet(44)) - raft.server.log.appender.buffer.element-limit = 1024 (custom)
2021-10-17 01:43:00,959 [omNode-2@group-523986131536->omNode-1-GrpcLogAppender-LogAppenderDaemon] INFO  grpc.GrpcConfigKeys (ConfUtils.java:logGet(44)) - raft.grpc.server.leader.outstanding.appends.max = 128 (default)
2021-10-17 01:43:00,959 [omNode-2@group-523986131536->omNode-1-GrpcLogAppender-LogAppenderDaemon] INFO  server.RaftServerConfigKeys (ConfUtils.java:logGet(44)) - raft.server.rpc.request.timeout = 3000ms (default)
2021-10-17 01:43:00,959 [omNode-2@group-523986131536->omNode-1-GrpcLogAppender-LogAppenderDaemon] INFO  server.RaftServerConfigKeys (ConfUtils.java:logGet(44)) - raft.server.log.appender.install.snapshot.enabled = false (custom)
2021-10-17 01:43:00,962 [omNode-2@group-523986131536->omNode-1-GrpcLogAppender-LogAppenderDaemon] INFO  server.GrpcLogAppender (GrpcLogAppender.java:installSnapshot(524)) - omNode-2@group-523986131536->omNode-1-GrpcLogAppender: followerNextIndex = 0 but logStartIndex = 21, notify follower to install snapshot-(t:3, i:21)
2021-10-17 01:43:00,962 [omNode-2@group-523986131536->omNode-1-GrpcLogAppender-LogAppenderDaemon] INFO  server.GrpcLogAppender (GrpcLogAppender.java:installSnapshot(532)) - omNode-2@group-523986131536->omNode-1-GrpcLogAppender: send omNode-2->omNode-1#0-t11,notify:(t:3, i:21)
2021-10-17 01:43:00,967 [grpc-default-executor-11] INFO  server.RaftServer$Division (RaftServerImpl.java:installSnapshot(1329)) - omNode-1@group-523986131536: receive installSnapshot: omNode-2->omNode-1#0-t11,notify:(t:3, i:21)
2021-10-17 01:43:00,967 [grpc-default-executor-11] INFO  server.RaftServer$Division (RaftServerImpl.java:notifyStateMachineToInstallSnapshot(1560)) - omNode-1@group-523986131536: StateMachine snapshotIndex is 20
2021-10-17 01:43:00,967 [grpc-default-executor-11] INFO  server.RaftServer$Division (RaftServerImpl.java:installSnapshotImpl(1459)) - omNode-1@group-523986131536: set new configuration index: 40
configurationEntry {
  peers {
    id: "omNode-3"
    address: "localhost:11188"
  }
  peers {
    id: "omNode-1"
    address: "localhost:11176"
  }
  peers {
    id: "omNode-2"
    address: "localhost:11182"
  }
}
 from snapshot
2021-10-17 01:43:00,967 [grpc-default-executor-11] INFO  server.RaftServer$Division (ServerState.java:setRaftConf(387)) - omNode-1@group-523986131536: set configuration 40: [omNode-3|rpc:localhost:11188|admin:|client:|dataStream:|priority:0, omNode-1|rpc:localhost:11176|admin:|client:|dataStream:|priority:0, omNode-2|rpc:localhost:11182|admin:|client:|dataStream:|priority:0], old=null
2021-10-17 01:43:00,967 [grpc-default-executor-11] INFO  ratis.OzoneManagerStateMachine (OzoneManagerStateMachine.java:notifyConfigurationChanged(188)) - Received Configuration change notification from Ratis. New Peer list:
[id: "omNode-3"
address: "localhost:11188"
, id: "omNode-1"
address: "localhost:11176"
, id: "omNode-2"
address: "localhost:11182"
]
2021-10-17 01:43:00,968 [grpc-default-executor-11] INFO  server.RaftServer$Division (RaftServerImpl.java:installSnapshot(1340)) - omNode-1@group-523986131536: reply installSnapshot: omNode-2<-omNode-1#0:FAIL-t11,ALREADY_INSTALLED,snapshotIndex=20
2021-10-17 01:43:00,968 [grpc-default-executor-11] INFO  server.GrpcServerProtocolService (GrpcServerProtocolService.java:onCompleted(140)) - omNode-1: Completed INSTALL_SNAPSHOT, lastRequest: omNode-2->omNode-1#0-t11,notify:(t:3, i:21)
2021-10-17 01:43:00,968 [grpc-default-executor-11] INFO  server.GrpcLogAppender (GrpcLogAppender.java:onNext(400)) - omNode-2@group-523986131536->omNode-1-InstallSnapshotResponseHandler: received the first reply omNode-2<-omNode-1#0:FAIL-t11,ALREADY_INSTALLED,snapshotIndex=20
2021-10-17 01:43:00,968 [grpc-default-executor-11] INFO  server.GrpcLogAppender (GrpcLogAppender.java:onNext(422)) - omNode-2@group-523986131536->omNode-1-InstallSnapshotResponseHandler: Already Installed Snapshot Index 20.
2021-10-17 01:43:00,968 [grpc-default-executor-11] INFO  leader.FollowerInfo (FollowerInfoImpl.java:lambda$new$0(46)) - omNode-2@group-523986131536->omNode-1: snapshotIndex: setUnconditionally 0 -> 20
2021-10-17 01:43:00,968 [grpc-default-executor-11] INFO  leader.FollowerInfo (FollowerInfoImpl.java:lambda$new$0(46)) - omNode-2@group-523986131536->omNode-1: matchIndex: setUnconditionally 0 -> 20
2021-10-17 01:43:00,968 [grpc-default-executor-11] INFO  leader.FollowerInfo (FollowerInfoImpl.java:lambda$new$0(46)) - omNode-2@group-523986131536->omNode-1: nextIndex: setUnconditionally 0 -> 21
2021-10-17 01:43:00,968 [grpc-default-executor-11] INFO  leader.FollowerInfo (FollowerInfoImpl.java:lambda$new$0(46)) - omNode-2@group-523986131536->omNode-1: nextIndex: updateToMax old=21, new=21, updated? false
2021-10-17 01:43:01,448 [grpc-default-executor-11] WARN  server.GrpcLogAppender (LogUtils.java:warn(122)) - omNode-2@group-523986131536->omNode-3-AppendLogResponseHandler: Failed appendEntries: org.apache.ratis.thirdparty.io.grpc.StatusRuntimeException: UNAVAILABLE: io exception
2021-10-17 01:43:01,449 [grpc-default-executor-11] WARN  server.GrpcLogAppender (GrpcLogAppender.java:resetClient(111)) - omNode-2@group-523986131536->omNode-3-GrpcLogAppender: Leader has not got in touch with Follower omNode-2@group-523986131536->omNode-3(c-1,m0,n41, attendVote=true, lastRpcSendTime=0, lastRpcResponseTime=1704) yet, just keep nextIndex unchanged and retry.
2021-10-17 01:43:01,490 [grpc-default-executor-11] INFO  server.RaftServer$Division (RaftServerImpl.java:checkInconsistentAppendEntries(1319)) - omNode-1@group-523986131536: Failed appendEntries as previous log entry ((t:11, i:40)) is not found
2021-10-17 01:43:01,490 [grpc-default-executor-11] INFO  server.RaftServer$Division (RaftServerImpl.java:checkInconsistentAppendEntries(1285)) - omNode-1@group-523986131536: inconsistency entries. Reply:omNode-2<-omNode-1#51:FAIL-t11,INCONSISTENCY,nextIndex=21,followerCommit=20
2021-10-17 01:43:01,492 [grpc-default-executor-11] INFO  leader.FollowerInfo (FollowerInfoImpl.java:lambda$new$0(46)) - omNode-2@group-523986131536->omNode-1: nextIndex: updateUnconditionally 41 -> 21
2021-10-17 01:43:01,948 [grpc-default-executor-11] WARN  server.GrpcLogAppender (LogUtils.java:warn(122)) - omNode-2@group-523986131536->omNode-3-AppendLogResponseHandler: Failed appendEntries: org.apache.ratis.thirdparty.io.grpc.StatusRuntimeException: UNAVAILABLE: io exception
2021-10-17 01:43:01,949 [grpc-default-executor-11] WARN  server.GrpcLogAppender (GrpcLogAppender.java:resetClient(111)) - omNode-2@group-523986131536->omNode-3-GrpcLogAppender: Leader has not got in touch with Follower omNode-2@group-523986131536->omNode-3(c-1,m0,n41, attendVote=true, lastRpcSendTime=0, lastRpcResponseTime=2204) yet, just keep nextIndex unchanged and retry.
2021-10-17 01:43:01,994 [grpc-default-executor-11] INFO  server.RaftServer$Division (RaftServerImpl.java:checkInconsistentAppendEntries(1319)) - omNode-1@group-523986131536: Failed appendEntries as previous log entry ((t:11, i:40)) is not found
2021-10-17 01:43:01,994 [grpc-default-executor-11] INFO  server.RaftServer$Division (RaftServerImpl.java:checkInconsistentAppendEntries(1285)) - omNode-1@group-523986131536: inconsistency entries. Reply:omNode-2<-omNode-1#100:FAIL-t11,INCONSISTENCY,nextIndex=21,followerCommit=20
2021-10-17 01:43:01,994 [grpc-default-executor-11] INFO  leader.FollowerInfo (FollowerInfoImpl.java:lambda$new$0(46)) - omNode-2@group-523986131536->omNode-1: nextIndex: updateUnconditionally 41 -> 21
2021-10-17 01:43:02,448 [grpc-default-executor-11] WARN  server.GrpcLogAppender (LogUtils.java:warn(122)) - omNode-2@group-523986131536->omNode-3-AppendLogResponseHandler: Failed appendEntries: org.apache.ratis.thirdparty.io.grpc.StatusRuntimeException: UNAVAILABLE: io exception
2021-10-17 01:43:02,449 [grpc-default-executor-11] WARN  server.GrpcLogAppender (GrpcLogAppender.java:resetClient(111)) - omNode-2@group-523986131536->omNode-3-GrpcLogAppender: Leader has not got in touch with Follower omNode-2@group-523986131536->omNode-3(c-1,m0,n41, attendVote=true, lastRpcSendTime=1, lastRpcResponseTime=2705) yet, just keep nextIndex unchanged and retry.
2021-10-17 01:43:02,496 [grpc-default-executor-11] INFO  server.RaftServer$Division (RaftServerImpl.java:checkInconsistentAppendEntries(1319)) - omNode-1@group-523986131536: Failed appendEntries as previous log entry ((t:11, i:40)) is not found
2021-10-17 01:43:02,496 [grpc-default-executor-11] INFO  server.RaftServer$Division (RaftServerImpl.java:checkInconsistentAppendEntries(1285)) - omNode-1@group-523986131536: inconsistency entries. Reply:omNode-2<-omNode-1#149:FAIL-t11,INCONSISTENCY,nextIndex=21,followerCommit=20
2021-10-17 01:43:02,497 [grpc-default-executor-11] INFO  leader.FollowerInfo (FollowerInfoImpl.java:lambda$new$0(46)) - omNode-2@group-523986131536->omNode-1: nextIndex: updateUnconditionally 41 -> 21
2021-10-17 01:43:02,549 [Time-limited test] WARN  grpc.GrpcUtil (GrpcUtil.java:shutdownManagedChannel(216)) - Timed out gracefully shutting down connection: ManagedChannelOrphanWrapper{delegate=ManagedChannelImpl{logId=513, target=localhost:11176}}. 
2021-10-17 01:43:02,550 [grpc-default-executor-12] WARN  server.GrpcServerProtocolService (LogUtils.java:warn(122)) - omNode-1: installSnapshot onError, lastRequest: omNode-3->omNode-1#1-t10,previous=(t:9, i:35),leaderCommit=35,initializing? true,entries: size=1, first=(t:10, i:36), CONFIGURATIONENTRY: org.apache.ratis.thirdparty.io.grpc.StatusRuntimeException: CANCELLED: client cancelled
2021-10-17 01:43:02,551 [grpc-default-executor-11] INFO  server.GrpcLogAppender (GrpcLogAppender.java:onError(333)) - omNode-3@group-523986131536->omNode-1-GrpcLogAppender is stopped
2021-10-17 01:43:02,555 [Time-limited test] INFO  server.GrpcService (GrpcService.java:closeImpl(271)) - omNode-3: shutdown server with port 11188 successfully
2021-10-17 01:43:02,555 [org.apache.ratis.util.JvmPauseMonitor$$Lambda$523/1638607820@4b1dd0c8] INFO  util.JvmPauseMonitor (JvmPauseMonitor.java:run(109)) - JvmPauseMonitor-omNode-3: Stopped
2021-10-17 01:43:02,555 [Time-limited test] INFO  ratis.OzoneManagerDoubleBuffer (OzoneManagerDoubleBuffer.java:stop(437)) - Stopping OMDoubleBuffer flush thread
2021-10-17 01:43:02,555 [OMDoubleBufferFlushThread] INFO  ratis.OzoneManagerDoubleBuffer (OzoneManagerDoubleBuffer.java:flushTransactions(356)) - OMDoubleBuffer flush thread OMDoubleBufferFlushThread is interrupted and will exit. OMDoubleBufferFlushThread
2021-10-17 01:43:02,556 [Time-limited test] INFO  handler.ContextHandler (ContextHandler.java:doStop(1153)) - Stopped o.e.j.w.WebAppContext@7ebb562b{ozoneManager,/,null,STOPPED}{file:/home/runner/work/ozone/ozone/hadoop-ozone/integration-test/target/test-classes/webapps/ozoneManager}
2021-10-17 01:43:02,557 [Time-limited test] INFO  server.AbstractConnector (AbstractConnector.java:doStop(381)) - Stopped ServerConnector@42422909{HTTP/1.1, (http/1.1)}{0.0.0.0:11186}
2021-10-17 01:43:02,557 [Time-limited test] INFO  server.session (HouseKeeper.java:stopScavenging(149)) - node0 Stopped scavenging
2021-10-17 01:43:02,557 [Time-limited test] INFO  handler.ContextHandler (ContextHandler.java:doStop(1153)) - Stopped o.e.j.s.ServletContextHandler@2a77dcd0{static,/static,file:///home/runner/work/ozone/ozone/hadoop-ozone/integration-test/target/test-classes/webapps/static,STOPPED}
2021-10-17 01:43:02,557 [Time-limited test] INFO  handler.ContextHandler (ContextHandler.java:doStop(1153)) - Stopped o.e.j.s.ServletContextHandler@594afac3{logs,/logs,file:///home/runner/work/ozone/ozone/hadoop-ozone/integration-test/target/log,STOPPED}
2021-10-17 01:43:02,561 [Time-limited test] INFO  om.OzoneManager (OzoneManager.java:initFSOLayout(4357)) - Configured ozone.om.metadata.layout=SIMPLE and disabled optimized OM FS operations
2021-10-17 01:43:02,562 [Time-limited test] INFO  om.OzoneManager (OzoneManager.java:restart(1385)) - OzoneManager RPC server is listening at localhost/127.0.0.1:11184
2021-10-17 01:43:02,562 [Time-limited test] INFO  impl.MetricsSystemImpl (MetricsSystemImpl.java:init(158)) - OzoneManager metrics system started (again)
2021-10-17 01:43:02,576 [Time-limited test] WARN  server.ServerUtils (ServerUtils.java:getDBPath(225)) - ozone.om.db.dirs is not configured. We recommend adding this setting. Falling back to ozone.metadata.dirs instead.
2021-10-17 01:43:02,577 [Time-limited test] INFO  codec.OmKeyInfoCodec (OmKeyInfoCodec.java:<init>(51)) - OmKeyInfoCodec ignorePipeline = true
2021-10-17 01:43:02,577 [Time-limited test] INFO  codec.RepeatedOmKeyInfoCodec (RepeatedOmKeyInfoCodec.java:<init>(42)) - RepeatedOmKeyInfoCodec ignorePipeline = true
2021-10-17 01:43:02,618 [Time-limited test] WARN  impl.MetricRegistriesImpl (MetricRegistriesImpl.java:addReporterRegistration(111)) - New reporters are added after registries were created. Some metrics will be missing from the reporter. Please add reporter before adding any new registry.
2021-10-17 01:43:02,618 [Time-limited test] WARN  impl.MetricRegistriesImpl (MetricRegistriesImpl.java:addReporterRegistration(111)) - New reporters are added after registries were created. Some metrics will be missing from the reporter. Please add reporter before adding any new registry.
2021-10-17 01:43:02,618 [Time-limited test] WARN  server.ServerUtils (ServerUtils.java:getDefaultRatisDirectory(237)) - Storage directory for Ratis is not configured. It is a good idea to map this to an SSD disk. Falling back to ozone.metadata.dirs
2021-10-17 01:43:02,619 [Time-limited test] INFO  ratis.OzoneManagerRatisServer (OzoneManagerRatisServer.java:<init>(159)) - Instantiating OM Ratis server with groupID: om-service-test1 and peers: localhost:11188, localhost:11176, localhost:11182
2021-10-17 01:43:02,620 [Time-limited test] INFO  ratis.OzoneManagerStateMachine (OzoneManagerStateMachine.java:loadSnapshotInfoFromDB(605)) - LastAppliedIndex is set from TransactionInfo from OM DB as (t:10, i:39)
2021-10-17 01:43:02,630 [Time-limited test] INFO  server.RaftServer (ConfUtils.java:logGet(44)) - raft.rpc.type = GRPC (default)
2021-10-17 01:43:02,630 [Time-limited test] INFO  grpc.GrpcFactory (GrpcFactory.java:checkPooledByteBufAllocatorUseCacheForAllThreads(48)) - PERFORMANCE WARNING: useCacheForAllThreads is true that may cause Netty to create a lot garbage objects and, as a result, trigger GC.
	It is recommended to disable useCacheForAllThreads by setting -Dorg.apache.ratis.thirdparty.io.netty.allocator.useCacheForAllThreads=false in command line.
2021-10-17 01:43:02,630 [Time-limited test] INFO  grpc.GrpcConfigKeys (ConfUtils.java:logGet(44)) - raft.grpc.admin.port = -1 (default)
2021-10-17 01:43:02,630 [Time-limited test] INFO  grpc.GrpcConfigKeys (ConfUtils.java:logGet(44)) - raft.grpc.server.port = 11188 (custom)
2021-10-17 01:43:02,631 [Time-limited test] INFO  grpc.GrpcConfigKeys (ConfUtils.java:logGet(44)) - raft.grpc.client.port = -1 (default)
2021-10-17 01:43:02,631 [Time-limited test] INFO  grpc.GrpcConfigKeys (ConfUtils.java:logGet(44)) - raft.grpc.server.port = 11188 (custom)
2021-10-17 01:43:02,631 [Time-limited test] INFO  grpc.GrpcConfigKeys (ConfUtils.java:logGet(44)) - raft.grpc.server.port = 11188 (custom)
2021-10-17 01:43:02,631 [Time-limited test] INFO  server.GrpcService (ConfUtils.java:logGet(44)) - raft.grpc.message.size.max = 33554432 (custom)
2021-10-17 01:43:02,631 [Time-limited test] INFO  server.RaftServerConfigKeys (ConfUtils.java:logGet(44)) - raft.server.log.appender.buffer.byte-limit = 33554432 (custom)
2021-10-17 01:43:02,631 [Time-limited test] INFO  server.GrpcService (ConfUtils.java:logGet(44)) - raft.grpc.flow.control.window = 1MB (=1048576) (default)
2021-10-17 01:43:02,631 [Time-limited test] INFO  server.RaftServerConfigKeys (ConfUtils.java:logGet(44)) - raft.server.rpc.request.timeout = 3000ms (default)
2021-10-17 01:43:02,632 [Time-limited test] INFO  impl.DataStreamServerImpl (ConfUtils.java:logGet(44)) - raft.datastream.type = DISABLED (default)
2021-10-17 01:43:02,632 [Time-limited test] INFO  server.RaftServerConfigKeys (ConfUtils.java:logGet(44)) - raft.server.rpc.slowness.timeout = 2s (custom)
2021-10-17 01:43:02,632 [Time-limited test] INFO  server.RaftServerConfigKeys (ConfUtils.java:logGet(44)) - raft.server.leaderelection.leader.step-down.wait-time = 10s (default)
2021-10-17 01:43:02,632 [Time-limited test] INFO  server.RaftServerConfigKeys (ConfUtils.java:logGet(44)) - raft.server.storage.dir = [/home/runner/work/ozone/ozone/hadoop-ozone/integration-test/target/test-dir/MiniOzoneClusterImpl-e6b5673d-0e05-4a61-970a-b11d77d0bde6/omNode-3/ratis] (custom)
2021-10-17 01:43:02,632 [Time-limited test] INFO  server.RaftServer (RaftServerProxy.java:lambda$null$1(235)) - omNode-3: found a subdirectory /home/runner/work/ozone/ozone/hadoop-ozone/integration-test/target/test-dir/MiniOzoneClusterImpl-e6b5673d-0e05-4a61-970a-b11d77d0bde6/omNode-3/ratis/c9bc4cf4-3bc3-3c60-a66b-523986131536
2021-10-17 01:43:02,636 [Time-limited test] INFO  server.RaftServer (RaftServerProxy.java:addNew(95)) - omNode-3: addNew group-523986131536:[omNode-3|rpc:localhost:11188|priority:0, omNode-1|rpc:localhost:11176|priority:0, omNode-2|rpc:localhost:11182|priority:0] returns group-523986131536:java.util.concurrent.CompletableFuture@3f461eae[Not completed]
2021-10-17 01:43:02,636 [Time-limited test] INFO  om.OzoneManager (OzoneManager.java:initializeRatisServer(1605)) - OzoneManager Ratis server initialized at port 11188
2021-10-17 01:43:02,637 [Time-limited test] INFO  ratis.OzoneManagerRatisServer (OzoneManagerRatisServer.java:start(520)) - Starting OzoneManagerRatisServer omNode-3 at port 11188
2021-10-17 01:43:02,642 [pool-411-thread-1] INFO  server.RaftServer$Division (RaftServerImpl.java:<init>(181)) - omNode-3: new RaftServerImpl for group-523986131536:[omNode-3|rpc:localhost:11188|priority:0, omNode-1|rpc:localhost:11176|priority:0, omNode-2|rpc:localhost:11182|priority:0] with OzoneManagerStateMachine:uninitialized
2021-10-17 01:43:02,643 [pool-411-thread-1] INFO  server.RaftServerConfigKeys (ConfUtils.java:logGet(44)) - raft.server.rpc.timeout.min = 1s (custom)
2021-10-17 01:43:02,643 [pool-411-thread-1] INFO  server.RaftServerConfigKeys (ConfUtils.java:logGet(44)) - raft.server.rpc.timeout.max = 1200ms (custom)
2021-10-17 01:43:02,643 [pool-411-thread-1] INFO  server.RaftServerConfigKeys (ConfUtils.java:logGet(44)) - raft.server.rpc.sleep.time = 25ms (default)
2021-10-17 01:43:02,643 [pool-411-thread-1] INFO  server.RaftServerConfigKeys (ConfUtils.java:logGet(44)) - raft.server.rpc.slowness.timeout = 2s (custom)
2021-10-17 01:43:02,643 [pool-411-thread-1] INFO  server.RaftServerConfigKeys (ConfUtils.java:logGet(44)) - raft.server.leaderelection.leader.step-down.wait-time = 10s (default)
2021-10-17 01:43:02,643 [pool-411-thread-1] INFO  server.RaftServerConfigKeys (ConfUtils.java:logGet(44)) - raft.server.sleep.deviation.threshold = 300ms (default)
2021-10-17 01:43:02,643 [pool-411-thread-1] INFO  server.RaftServerConfigKeys (ConfUtils.java:logGet(44)) - raft.server.log.appender.install.snapshot.enabled = false (custom)
2021-10-17 01:43:02,643 [pool-411-thread-1] INFO  server.RaftServer$Division (ServerState.java:<init>(105)) - omNode-3@group-523986131536: ConfigurationManager, init=-1: [omNode-3|rpc:localhost:11188|priority:0, omNode-1|rpc:localhost:11176|priority:0, omNode-2|rpc:localhost:11182|priority:0], old=null, confs=<EMPTY_MAP>
2021-10-17 01:43:02,643 [pool-411-thread-1] INFO  server.RaftServerConfigKeys (ConfUtils.java:logGet(44)) - raft.server.storage.dir = [/home/runner/work/ozone/ozone/hadoop-ozone/integration-test/target/test-dir/MiniOzoneClusterImpl-e6b5673d-0e05-4a61-970a-b11d77d0bde6/omNode-3/ratis] (custom)
2021-10-17 01:43:02,643 [pool-411-thread-1] INFO  server.RaftServerConfigKeys (ConfUtils.java:logGet(44)) - raft.server.log.corruption.policy = EXCEPTION (default)
2021-10-17 01:43:02,643 [pool-411-thread-1] INFO  server.RaftServerConfigKeys (ConfUtils.java:logGet(44)) - raft.server.storage.free-space.min = 0MB (=0) (default)
2021-10-17 01:43:02,645 [pool-411-thread-1] INFO  storage.RaftStorageDirectory (RaftStorageDirectoryImpl.java:tryLock(230)) - Lock on /home/runner/work/ozone/ozone/hadoop-ozone/integration-test/target/test-dir/MiniOzoneClusterImpl-e6b5673d-0e05-4a61-970a-b11d77d0bde6/omNode-3/ratis/c9bc4cf4-3bc3-3c60-a66b-523986131536/in_use.lock acquired by nodename 15180@fv-az151-444
2021-10-17 01:43:02,645 [pool-411-thread-1] INFO  storage.RaftStorage (RaftStorageImpl.java:analyzeAndRecoverStorage(110)) - Read RaftStorageMetadata{term=10, votedFor=omNode-3} from /home/runner/work/ozone/ozone/hadoop-ozone/integration-test/target/test-dir/MiniOzoneClusterImpl-e6b5673d-0e05-4a61-970a-b11d77d0bde6/omNode-3/ratis/c9bc4cf4-3bc3-3c60-a66b-523986131536/current/raft-meta
2021-10-17 01:43:02,645 [pool-411-thread-1] INFO  server.RaftServer$Division (ServerState.java:setRaftConf(387)) - omNode-3@group-523986131536: set configuration 36: [omNode-3|rpc:localhost:11188|admin:|client:|dataStream:|priority:0, omNode-1|rpc:localhost:11176|admin:|client:|dataStream:|priority:0, omNode-2|rpc:localhost:11182|admin:|client:|dataStream:|priority:0], old=null
2021-10-17 01:43:02,645 [pool-411-thread-1] INFO  server.RaftServerConfigKeys (ConfUtils.java:logGet(44)) - raft.server.notification.no-leader.timeout = 2s (custom)
2021-10-17 01:43:02,645 [pool-411-thread-1] INFO  server.RaftServerConfigKeys (ConfUtils.java:logGet(44)) - raft.server.log.use.memory = false (default)
2021-10-17 01:43:02,646 [pool-411-thread-1] INFO  server.RaftServerConfigKeys (ConfUtils.java:logGet(44)) - raft.server.log.purge.gap = 50 (custom)
2021-10-17 01:43:02,646 [pool-411-thread-1] INFO  server.RaftServerConfigKeys (ConfUtils.java:logGet(44)) - raft.server.log.appender.buffer.byte-limit = 33554432 (custom)
2021-10-17 01:43:02,646 [pool-411-thread-1] INFO  server.RaftServerConfigKeys (ConfUtils.java:logGet(44)) - raft.server.log.segment.size.max = 4194304 (custom)
2021-10-17 01:43:02,646 [pool-411-thread-1] INFO  server.RaftServerConfigKeys (ConfUtils.java:logGet(44)) - raft.server.log.segment.cache.num.max = 2 (custom)
2021-10-17 01:43:02,646 [pool-411-thread-1] INFO  server.RaftServerConfigKeys (ConfUtils.java:logGet(44)) - raft.server.log.segment.cache.size.max = 200MB (=209715200) (default)
2021-10-17 01:43:02,646 [pool-411-thread-1] INFO  segmented.SegmentedRaftLogWorker (SegmentedRaftLogWorker.java:<init>(182)) - new omNode-3@group-523986131536-SegmentedRaftLogWorker for RaftStorageImpl:Storage Directory /home/runner/work/ozone/ozone/hadoop-ozone/integration-test/target/test-dir/MiniOzoneClusterImpl-e6b5673d-0e05-4a61-970a-b11d77d0bde6/omNode-3/ratis/c9bc4cf4-3bc3-3c60-a66b-523986131536
2021-10-17 01:43:02,646 [pool-411-thread-1] INFO  server.RaftServerConfigKeys (ConfUtils.java:logGet(44)) - raft.server.log.queue.byte-limit = 64MB (=67108864) (default)
2021-10-17 01:43:02,646 [pool-411-thread-1] INFO  server.RaftServerConfigKeys (ConfUtils.java:logGet(44)) - raft.server.log.queue.element-limit = 4096 (default)
2021-10-17 01:43:02,646 [pool-411-thread-1] INFO  server.RaftServerConfigKeys (ConfUtils.java:logGet(44)) - raft.server.log.segment.size.max = 4194304 (custom)
2021-10-17 01:43:02,646 [pool-411-thread-1] INFO  server.RaftServerConfigKeys (ConfUtils.java:logGet(44)) - raft.server.log.preallocated.size = 4194304 (custom)
2021-10-17 01:43:02,646 [pool-411-thread-1] INFO  server.RaftServerConfigKeys (ConfUtils.java:logGet(44)) - raft.server.log.force.sync.num = 128 (default)
2021-10-17 01:43:02,646 [pool-411-thread-1] INFO  server.RaftServerConfigKeys (ConfUtils.java:logGet(44)) - raft.server.log.statemachine.data.sync = true (default)
2021-10-17 01:43:02,646 [pool-411-thread-1] INFO  server.RaftServerConfigKeys (ConfUtils.java:logGet(44)) - raft.server.log.statemachine.data.sync.timeout = 10s (default)
2021-10-17 01:43:02,646 [pool-411-thread-1] INFO  server.RaftServerConfigKeys (ConfUtils.java:logGet(44)) - raft.server.log.statemachine.data.sync.timeout.retry = -1 (default)
2021-10-17 01:43:02,647 [pool-411-thread-1] INFO  server.RaftServerConfigKeys (ConfUtils.java:logGet(44)) - raft.server.log.write.buffer.size = 64KB (=65536) (default)
2021-10-17 01:43:02,647 [pool-411-thread-1] INFO  server.RaftServerConfigKeys (ConfUtils.java:logGet(44)) - raft.server.log.statemachine.data.caching.enabled = false (default)
2021-10-17 01:43:02,648 [pool-411-thread-1] INFO  server.RaftServer$Division (ServerState.java:setRaftConf(387)) - omNode-3@group-523986131536: set configuration 21: [omNode-3|rpc:localhost:11188|admin:|client:|dataStream:|priority:0, omNode-1|rpc:localhost:11176|admin:|client:|dataStream:|priority:0, omNode-2|rpc:localhost:11182|admin:|client:|dataStream:|priority:0], old=null
2021-10-17 01:43:02,648 [pool-411-thread-1] INFO  segmented.LogSegment (LogSegment.java:loadSegment(173)) - Successfully read 2 entries from segment file /home/runner/work/ozone/ozone/hadoop-ozone/integration-test/target/test-dir/MiniOzoneClusterImpl-e6b5673d-0e05-4a61-970a-b11d77d0bde6/omNode-3/ratis/c9bc4cf4-3bc3-3c60-a66b-523986131536/current/log_21-22
2021-10-17 01:43:02,648 [pool-411-thread-1] INFO  server.RaftServer$Division (ServerState.java:setRaftConf(387)) - omNode-3@group-523986131536: set configuration 23: [omNode-3|rpc:localhost:11188|admin:|client:|dataStream:|priority:0, omNode-1|rpc:localhost:11176|admin:|client:|dataStream:|priority:0, omNode-2|rpc:localhost:11182|admin:|client:|dataStream:|priority:0], old=null
2021-10-17 01:43:02,648 [pool-411-thread-1] INFO  segmented.LogSegment (LogSegment.java:loadSegment(173)) - Successfully read 4 entries from segment file /home/runner/work/ozone/ozone/hadoop-ozone/integration-test/target/test-dir/MiniOzoneClusterImpl-e6b5673d-0e05-4a61-970a-b11d77d0bde6/omNode-3/ratis/c9bc4cf4-3bc3-3c60-a66b-523986131536/current/log_23-26
2021-10-17 01:43:02,649 [pool-411-thread-1] INFO  server.RaftServer$Division (ServerState.java:setRaftConf(387)) - omNode-3@group-523986131536: set configuration 27: [omNode-3|rpc:localhost:11188|admin:|client:|dataStream:|priority:0, omNode-1|rpc:localhost:11176|admin:|client:|dataStream:|priority:0, omNode-2|rpc:localhost:11182|admin:|client:|dataStream:|priority:0], old=null
2021-10-17 01:43:02,649 [pool-411-thread-1] INFO  segmented.LogSegment (LogSegment.java:loadSegment(173)) - Successfully read 4 entries from segment file /home/runner/work/ozone/ozone/hadoop-ozone/integration-test/target/test-dir/MiniOzoneClusterImpl-e6b5673d-0e05-4a61-970a-b11d77d0bde6/omNode-3/ratis/c9bc4cf4-3bc3-3c60-a66b-523986131536/current/log_27-30
2021-10-17 01:43:02,649 [pool-411-thread-1] INFO  server.RaftServer$Division (ServerState.java:setRaftConf(387)) - omNode-3@group-523986131536: set configuration 31: [omNode-3|rpc:localhost:11188|admin:|client:|dataStream:|priority:0, omNode-1|rpc:localhost:11176|admin:|client:|dataStream:|priority:0, omNode-2|rpc:localhost:11182|admin:|client:|dataStream:|priority:0], old=null
2021-10-17 01:43:02,649 [pool-411-thread-1] INFO  segmented.LogSegment (LogSegment.java:loadSegment(173)) - Successfully read 1 entries from segment file /home/runner/work/ozone/ozone/hadoop-ozone/integration-test/target/test-dir/MiniOzoneClusterImpl-e6b5673d-0e05-4a61-970a-b11d77d0bde6/omNode-3/ratis/c9bc4cf4-3bc3-3c60-a66b-523986131536/current/log_31-31
2021-10-17 01:43:02,649 [pool-411-thread-1] INFO  server.RaftServer$Division (ServerState.java:setRaftConf(387)) - omNode-3@group-523986131536: set configuration 32: [omNode-3|rpc:localhost:11188|admin:|client:|dataStream:|priority:0, omNode-1|rpc:localhost:11176|admin:|client:|dataStream:|priority:0, omNode-2|rpc:localhost:11182|admin:|client:|dataStream:|priority:0], old=null
2021-10-17 01:43:02,649 [pool-411-thread-1] INFO  segmented.LogSegment (LogSegment.java:loadSegment(173)) - Successfully read 4 entries from segment file /home/runner/work/ozone/ozone/hadoop-ozone/integration-test/target/test-dir/MiniOzoneClusterImpl-e6b5673d-0e05-4a61-970a-b11d77d0bde6/omNode-3/ratis/c9bc4cf4-3bc3-3c60-a66b-523986131536/current/log_32-35
2021-10-17 01:43:02,649 [pool-411-thread-1] INFO  server.RaftServer$Division (ServerState.java:setRaftConf(387)) - omNode-3@group-523986131536: set configuration 36: [omNode-3|rpc:localhost:11188|admin:|client:|dataStream:|priority:0, omNode-1|rpc:localhost:11176|admin:|client:|dataStream:|priority:0, omNode-2|rpc:localhost:11182|admin:|client:|dataStream:|priority:0], old=null
2021-10-17 01:43:02,649 [pool-411-thread-1] INFO  segmented.LogSegment (LogSegment.java:loadSegment(173)) - Successfully read 4 entries from segment file /home/runner/work/ozone/ozone/hadoop-ozone/integration-test/target/test-dir/MiniOzoneClusterImpl-e6b5673d-0e05-4a61-970a-b11d77d0bde6/omNode-3/ratis/c9bc4cf4-3bc3-3c60-a66b-523986131536/current/log_inprogress_36
2021-10-17 01:43:02,649 [pool-411-thread-1] INFO  segmented.SegmentedRaftLogWorker (SegmentedRaftLogWorker.java:lambda$new$0(133)) - omNode-3@group-523986131536-SegmentedRaftLogWorker: flushIndex: setUnconditionally 0 -> 39
2021-10-17 01:43:02,649 [pool-411-thread-1] INFO  segmented.SegmentedRaftLogWorker (SegmentedRaftLogWorker.java:lambda$new$0(133)) - omNode-3@group-523986131536-SegmentedRaftLogWorker: safeCacheEvictIndex: setUnconditionally 0 -> 35
2021-10-17 01:43:02,650 [pool-411-thread-1] INFO  raftlog.RaftLog (RaftLogBase.java:lambda$new$0(53)) - omNode-3@group-523986131536-SegmentedRaftLog: commitIndex: updateToMax old=39, new=38, updated? false
2021-10-17 01:43:02,650 [pool-411-thread-1] INFO  raftlog.RaftLog (RaftLogBase.java:lambda$new$0(53)) - omNode-3@group-523986131536-SegmentedRaftLog: purgeIndex: updateIncreasingly -1 -> 20
2021-10-17 01:43:02,650 [pool-411-thread-1] INFO  server.RaftServerConfigKeys (ConfUtils.java:logGet(44)) - raft.server.snapshot.auto.trigger.enabled = true (custom)
2021-10-17 01:43:02,650 [pool-411-thread-1] INFO  server.RaftServerConfigKeys (ConfUtils.java:logGet(44)) - raft.server.snapshot.auto.trigger.threshold = 50 (custom)
2021-10-17 01:43:02,650 [pool-411-thread-1] INFO  server.RaftServerConfigKeys (ConfUtils.java:logGet(44)) - raft.server.snapshot.retention.file.num = -1 (default)
2021-10-17 01:43:02,650 [pool-411-thread-1] INFO  server.RaftServerConfigKeys (ConfUtils.java:logGet(44)) - raft.server.log.purge.upto.snapshot.index = true (custom)
2021-10-17 01:43:02,651 [pool-411-thread-1] INFO  server.RaftServerConfigKeys (ConfUtils.java:logGet(44)) - raft.server.retrycache.expirytime = 30000ms (custom)
2021-10-17 01:43:02,651 [pool-411-thread-1] INFO  server.RaftServerConfigKeys (ConfUtils.java:logGet(44)) - raft.server.retrycache.statistics.expirytime = 100μs (default)
2021-10-17 01:43:02,652 [Time-limited test] INFO  server.RaftServer$Division (RaftServerImpl.java:start(296)) - omNode-3@group-523986131536: start as a follower, conf=36: [omNode-3|rpc:localhost:11188|admin:|client:|dataStream:|priority:0, omNode-1|rpc:localhost:11176|admin:|client:|dataStream:|priority:0, omNode-2|rpc:localhost:11182|admin:|client:|dataStream:|priority:0], old=null
2021-10-17 01:43:02,652 [Time-limited test] INFO  server.RaftServer$Division (RaftServerImpl.java:setRole(285)) - omNode-3@group-523986131536: changes role from      null to FOLLOWER at term 10 for startAsFollower
2021-10-17 01:43:02,652 [Time-limited test] INFO  impl.RoleInfo (RoleInfo.java:updateAndGet(130)) - omNode-3: start omNode-3@group-523986131536-FollowerState
2021-10-17 01:43:02,652 [Time-limited test] INFO  util.JmxRegister (JmxRegister.java:tryRegister(44)) - Successfully registered JMX Bean with object name Ratis:service=RaftServer,group=group-523986131536,id=omNode-3
2021-10-17 01:43:02,653 [Time-limited test] INFO  server.RaftServer (RaftServerProxy.java:lambda$start$5(374)) - omNode-3: start RPC server
2021-10-17 01:43:02,653 [Time-limited test] INFO  server.GrpcService (GrpcService.java:startImpl(253)) - omNode-3: GrpcService started, listening on 11188
2021-10-17 01:43:02,653 [org.apache.ratis.util.JvmPauseMonitor$$Lambda$523/1638607820@2bc3133] INFO  util.JvmPauseMonitor (JvmPauseMonitor.java:run(103)) - JvmPauseMonitor-omNode-3: Started
2021-10-17 01:43:02,654 [Time-limited test] INFO  ipc.CallQueueManager (CallQueueManager.java:<init>(90)) - Using callQueue: class java.util.concurrent.LinkedBlockingQueue, queueCapacity: 2000, scheduler: class org.apache.hadoop.ipc.DefaultRpcScheduler, ipcBackoff: false.
2021-10-17 01:43:02,654 [Socket Reader #1 for port 11184] INFO  ipc.Server (Server.java:run(1265)) - Starting Socket Reader #1 for port 11184
2021-10-17 01:43:02,667 [Listener at localhost/11184] INFO  http.BaseHttpServer (BaseHttpServer.java:newHttpServer2BuilderForOzone(209)) - Starting Web-server for ozoneManager at: http://0.0.0.0:11186
2021-10-17 01:43:02,667 [Listener at localhost/11184] INFO  http.BaseHttpServer (BaseHttpServer.java:<init>(107)) - Hadoop Security Enabled: false Ozone Security Enabled: false Ozone HTTP Security Enabled: false 
2021-10-17 01:43:02,668 [Listener at localhost/11184] INFO  server.AuthenticationFilter (AuthenticationFilter.java:constructSecretProvider(240)) - Unable to initialize FileSignerSecretProvider, falling back to use random secrets.
2021-10-17 01:43:02,673 [Listener at localhost/11184] WARN  http.HttpRequestLog (HttpRequestLog.java:getRequestLog(103)) - Jetty request log can only be enabled using Log4j
2021-10-17 01:43:02,674 [Listener at localhost/11184] INFO  http.HttpServer2 (HttpServer2.java:addGlobalFilter(1030)) - Added global filter 'safety' (class=org.apache.hadoop.hdds.server.http.HttpServer2$QuotingInputFilter)
2021-10-17 01:43:02,674 [Listener at localhost/11184] INFO  http.HttpServer2 (HttpServer2.java:addFilter(1006)) - Added filter static_user_filter (class=org.apache.hadoop.http.lib.StaticUserWebFilter$StaticUserFilter) to context ozoneManager
2021-10-17 01:43:02,674 [Listener at localhost/11184] INFO  http.HttpServer2 (HttpServer2.java:addFilter(1014)) - Added filter static_user_filter (class=org.apache.hadoop.http.lib.StaticUserWebFilter$StaticUserFilter) to context logs
2021-10-17 01:43:02,674 [Listener at localhost/11184] INFO  http.HttpServer2 (HttpServer2.java:addFilter(1014)) - Added filter static_user_filter (class=org.apache.hadoop.http.lib.StaticUserWebFilter$StaticUserFilter) to context static
2021-10-17 01:43:02,675 [Listener at localhost/11184] INFO  http.HttpServer2 (HttpServer2.java:bindListener(1249)) - Jetty bound to port 11186
2021-10-17 01:43:02,675 [Listener at localhost/11184] INFO  server.Server (Server.java:doStart(375)) - jetty-9.4.43.v20210629; built: 2021-06-30T11:07:22.254Z; git: 526006ecfa3af7f1a27ef3a288e2bef7ea9dd7e8; jvm 1.8.0_292-b10
2021-10-17 01:43:02,676 [Listener at localhost/11184] INFO  server.session (DefaultSessionIdManager.java:doStart(334)) - DefaultSessionIdManager workerName=node0
2021-10-17 01:43:02,676 [Listener at localhost/11184] INFO  server.session (DefaultSessionIdManager.java:doStart(339)) - No SessionScavenger set, using defaults
2021-10-17 01:43:02,676 [Listener at localhost/11184] INFO  server.session (HouseKeeper.java:startScavenging(132)) - node0 Scavenging every 660000ms
2021-10-17 01:43:02,677 [Listener at localhost/11184] INFO  handler.ContextHandler (ContextHandler.java:doStart(915)) - Started o.e.j.s.ServletContextHandler@5b3b8d4e{logs,/logs,file:///home/runner/work/ozone/ozone/hadoop-ozone/integration-test/target/log,AVAILABLE}
2021-10-17 01:43:02,677 [Listener at localhost/11184] INFO  handler.ContextHandler (ContextHandler.java:doStart(915)) - Started o.e.j.s.ServletContextHandler@c680286{static,/static,file:///home/runner/work/ozone/ozone/hadoop-ozone/integration-test/target/test-classes/webapps/static,AVAILABLE}
2021-10-17 01:43:02,680 [Listener at localhost/11184] INFO  handler.ContextHandler (ContextHandler.java:doStart(915)) - Started o.e.j.w.WebAppContext@10983f2{ozoneManager,/,file:///home/runner/work/ozone/ozone/hadoop-ozone/integration-test/target/test-classes/webapps/ozoneManager/,AVAILABLE}{file:/home/runner/work/ozone/ozone/hadoop-ozone/integration-test/target/test-classes/webapps/ozoneManager}
2021-10-17 01:43:02,683 [Listener at localhost/11184] INFO  server.AbstractConnector (AbstractConnector.java:doStart(331)) - Started ServerConnector@7d9f1bae{HTTP/1.1, (http/1.1)}{0.0.0.0:11186}
2021-10-17 01:43:02,683 [Listener at localhost/11184] INFO  server.Server (Server.java:doStart(415)) - Started @539406ms
2021-10-17 01:43:02,683 [Listener at localhost/11184] WARN  impl.MetricsSystemImpl (MetricsSystemImpl.java:register(279)) - Sink prometheus already exists!
2021-10-17 01:43:02,684 [Listener at localhost/11184] INFO  http.BaseHttpServer (BaseHttpServer.java:updateConnectorAddress(329)) - HTTP server of ozoneManager listening at http://0.0.0.0:11186
2021-10-17 01:43:02,684 [IPC Server Responder] INFO  ipc.Server (Server.java:run(1507)) - IPC Server Responder: starting
2021-10-17 01:43:02,684 [IPC Server listener on 11184] INFO  ipc.Server (Server.java:run(1344)) - IPC Server listener on 11184: starting
2021-10-17 01:43:02,685 [Listener at localhost/11184] INFO  om.OzoneManager (OzoneManager.java:startTrashEmptier(1563)) - Trash Interval set to 0. Files deleted will not move to trash
2021-10-17 01:43:02,686 [Listener at localhost/11184] INFO  om.OzoneManager (OzoneManager.java:stop(1664)) - Stopping Ozone Manager
2021-10-17 01:43:02,686 [Listener at localhost/11184] INFO  ipc.Server (Server.java:stop(3414)) - Stopping server on 11172
2021-10-17 01:43:02,688 [org.apache.hadoop.util.JvmPauseMonitor$Monitor@5a09cbdb] INFO  util.JvmPauseMonitor (JvmPauseMonitor.java:run(188)) - Starting JVM pause monitor
2021-10-17 01:43:02,689 [IPC Server Responder] INFO  ipc.Server (Server.java:run(1512)) - Stopping IPC Server Responder
2021-10-17 01:43:02,689 [IPC Server listener on 11172] INFO  ipc.Server (Server.java:run(1376)) - Stopping IPC Server listener on 11172
2021-10-17 01:43:02,689 [Listener at localhost/11184] INFO  server.RaftServer (RaftServerProxy.java:lambda$close$6(391)) - omNode-1: close
2021-10-17 01:43:02,689 [Listener at localhost/11184] INFO  server.RaftServer$Division (RaftServerImpl.java:lambda$close$4(407)) - omNode-1@group-523986131536: shutdown
2021-10-17 01:43:02,689 [Listener at localhost/11184] INFO  util.JmxRegister (JmxRegister.java:unregister(73)) - Successfully un-registered JMX Bean with object name Ratis:service=RaftServer,group=group-523986131536,id=omNode-1
2021-10-17 01:43:02,689 [Listener at localhost/11184] INFO  impl.RoleInfo (RoleInfo.java:shutdownFollowerState(108)) - omNode-1: shutdown omNode-1@group-523986131536-FollowerState
2021-10-17 01:43:02,690 [Listener at localhost/11184] INFO  impl.StateMachineUpdater (StateMachineUpdater.java:stopAndJoin(149)) - omNode-1@group-523986131536-StateMachineUpdater: set stopIndex = 20
2021-10-17 01:43:02,690 [omNode-1@group-523986131536-FollowerState] INFO  impl.FollowerState (FollowerState.java:run(143)) - omNode-1@group-523986131536-FollowerState was interrupted: {}
java.lang.InterruptedException: sleep interrupted
	at java.lang.Thread.sleep(Native Method)
	at java.lang.Thread.sleep(Thread.java:340)
	at java.util.concurrent.TimeUnit.sleep(TimeUnit.java:386)
	at org.apache.ratis.util.TimeDuration.sleep(TimeDuration.java:324)
	at org.apache.ratis.util.TimeDuration.sleep(TimeDuration.java:309)
	at org.apache.ratis.server.impl.FollowerState.run(FollowerState.java:118)
2021-10-17 01:43:02,690 [omNode-1@group-523986131536-StateMachineUpdater] INFO  ratis.OzoneManagerStateMachine (OzoneManagerStateMachine.java:close(471)) - StateMachine has shutdown. Shutdown OzoneManager if not already shutdown.
2021-10-17 01:43:02,694 [Listener at localhost/11184] INFO  server.RaftServer$Division (ServerState.java:close(419)) - omNode-1@group-523986131536: closes. applyIndex: 20
2021-10-17 01:43:02,695 [omNode-1@group-523986131536-SegmentedRaftLogWorker] INFO  segmented.SegmentedRaftLogWorker (SegmentedRaftLogWorker.java:run(327)) - omNode-1@group-523986131536-SegmentedRaftLogWorker was interrupted, exiting. There are 0 tasks remaining in the queue.
2021-10-17 01:43:02,695 [Listener at localhost/11184] INFO  segmented.SegmentedRaftLogWorker (SegmentedRaftLogWorker.java:close(237)) - omNode-1@group-523986131536-SegmentedRaftLogWorker close()
2021-10-17 01:43:02,696 [Listener at localhost/11184] INFO  server.GrpcService (GrpcService.java:closeImpl(262)) - omNode-1: shutdown server with port 11176 now
2021-10-17 01:43:02,697 [grpc-default-executor-7] WARN  server.GrpcServerProtocolService (LogUtils.java:warn(122)) - omNode-1: installSnapshot onError, lastRequest: omNode-2->omNode-1#150-t11,previous=(t:0, i:0),leaderCommit=20,initializing? false,entries: size=20, first=(t:3, i:21), CONFIGURATIONENTRY: org.apache.ratis.thirdparty.io.grpc.StatusRuntimeException: CANCELLED: client cancelled
2021-10-17 01:43:02,697 [grpc-default-executor-12] WARN  server.GrpcServerProtocolService (LogUtils.java:warn(122)) - omNode-1: installSnapshot onError, lastRequest: omNode-2->omNode-1#1-t11,previous=(t:10, i:39),leaderCommit=39,initializing? true,entries: size=1, first=(t:11, i:40), CONFIGURATIONENTRY: org.apache.ratis.thirdparty.io.grpc.StatusRuntimeException: CANCELLED: client cancelled
2021-10-17 01:43:02,698 [Listener at localhost/11184] INFO  server.GrpcService (GrpcService.java:closeImpl(271)) - omNode-1: shutdown server with port 11176 successfully
2021-10-17 01:43:02,699 [grpc-default-executor-11] WARN  server.GrpcLogAppender (LogUtils.java:warn(122)) - omNode-2@group-523986131536->omNode-1-AppendLogResponseHandler: Failed appendEntries: org.apache.ratis.thirdparty.io.grpc.StatusRuntimeException: CANCELLED: HTTP/2 error code: CANCEL
Received Rst Stream
2021-10-17 01:43:02,699 [grpc-default-executor-11] INFO  leader.FollowerInfo (FollowerInfoImpl.java:lambda$new$0(46)) - omNode-2@group-523986131536->omNode-1: nextIndex: updateUnconditionally 41 -> 21
2021-10-17 01:43:02,702 [org.apache.ratis.util.JvmPauseMonitor$$Lambda$523/1638607820@16709515] INFO  util.JvmPauseMonitor (JvmPauseMonitor.java:run(109)) - JvmPauseMonitor-omNode-1: Stopped
2021-10-17 01:43:02,703 [Listener at localhost/11184] INFO  ratis.OzoneManagerDoubleBuffer (OzoneManagerDoubleBuffer.java:stop(437)) - Stopping OMDoubleBuffer flush thread
2021-10-17 01:43:02,703 [OMDoubleBufferFlushThread] INFO  ratis.OzoneManagerDoubleBuffer (OzoneManagerDoubleBuffer.java:flushTransactions(356)) - OMDoubleBuffer flush thread OMDoubleBufferFlushThread is interrupted and will exit. OMDoubleBufferFlushThread
2021-10-17 01:43:02,703 [Listener at localhost/11184] INFO  handler.ContextHandler (ContextHandler.java:doStop(1153)) - Stopped o.e.j.w.WebAppContext@6918e9b1{ozoneManager,/,null,STOPPED}{file:/home/runner/work/ozone/ozone/hadoop-ozone/integration-test/target/test-classes/webapps/ozoneManager}
2021-10-17 01:43:02,703 [grpc-default-executor-13] INFO  server.GrpcLogAppender (GrpcLogAppender.java:onError(333)) - omNode-2@group-523986131536->omNode-1-GrpcLogAppender is stopped
2021-10-17 01:43:02,704 [Listener at localhost/11184] INFO  server.AbstractConnector (AbstractConnector.java:doStop(381)) - Stopped ServerConnector@62b03eca{HTTP/1.1, (http/1.1)}{0.0.0.0:11174}
2021-10-17 01:43:02,704 [Listener at localhost/11184] INFO  server.session (HouseKeeper.java:stopScavenging(149)) - node0 Stopped scavenging
2021-10-17 01:43:02,704 [Listener at localhost/11184] INFO  handler.ContextHandler (ContextHandler.java:doStop(1153)) - Stopped o.e.j.s.ServletContextHandler@4329ab22{static,/static,file:///home/runner/work/ozone/ozone/hadoop-ozone/integration-test/target/test-classes/webapps/static,STOPPED}
2021-10-17 01:43:02,704 [Listener at localhost/11184] INFO  handler.ContextHandler (ContextHandler.java:doStop(1153)) - Stopped o.e.j.s.ServletContextHandler@6a84a1e{logs,/logs,file:///home/runner/work/ozone/ozone/hadoop-ozone/integration-test/target/log,STOPPED}
2021-10-17 01:43:02,705 [Listener at localhost/11184] INFO  om.OzoneManager (OzoneManager.java:initFSOLayout(4357)) - Configured ozone.om.metadata.layout=SIMPLE and disabled optimized OM FS operations
2021-10-17 01:43:02,706 [Listener at localhost/11184] INFO  om.OzoneManager (OzoneManager.java:restart(1385)) - OzoneManager RPC server is listening at localhost/127.0.0.1:11172
2021-10-17 01:43:02,706 [Listener at localhost/11184] INFO  impl.MetricsSystemImpl (MetricsSystemImpl.java:init(158)) - OzoneManager metrics system started (again)
2021-10-17 01:43:02,714 [grpc-default-executor-3] WARN  server.GrpcLogAppender (LogUtils.java:warn(122)) - omNode-2@group-523986131536->omNode-1-AppendLogResponseHandler: Failed appendEntries: org.apache.ratis.thirdparty.io.grpc.StatusRuntimeException: UNAVAILABLE: io exception
2021-10-17 01:43:02,715 [grpc-default-executor-3] INFO  leader.FollowerInfo (FollowerInfoImpl.java:lambda$new$0(46)) - omNode-2@group-523986131536->omNode-1: nextIndex: updateUnconditionally 41 -> 21
2021-10-17 01:43:02,724 [Listener at localhost/11184] WARN  server.ServerUtils (ServerUtils.java:getDBPath(225)) - ozone.om.db.dirs is not configured. We recommend adding this setting. Falling back to ozone.metadata.dirs instead.
2021-10-17 01:43:02,725 [Listener at localhost/11184] INFO  codec.OmKeyInfoCodec (OmKeyInfoCodec.java:<init>(51)) - OmKeyInfoCodec ignorePipeline = true
2021-10-17 01:43:02,725 [Listener at localhost/11184] INFO  codec.RepeatedOmKeyInfoCodec (RepeatedOmKeyInfoCodec.java:<init>(42)) - RepeatedOmKeyInfoCodec ignorePipeline = true
2021-10-17 01:43:02,777 [Listener at localhost/11184] WARN  om.OzoneManager (OzoneManager.java:instantiatePrepareStateOnStartup(4236)) - Prepare marker file index 20 does not match DB prepare index 14. Writing DB index to prepare file and maintaining prepared state.
2021-10-17 01:43:02,777 [Listener at localhost/11184] INFO  om.OzoneManagerPrepareState (OzoneManagerPrepareState.java:writePrepareMarkerFile(262)) - Prepare marker file written with log index 14 to file /home/runner/work/ozone/ozone/hadoop-ozone/integration-test/target/test-dir/MiniOzoneClusterImpl-e6b5673d-0e05-4a61-970a-b11d77d0bde6/omNode-1/current/prepareMarker
2021-10-17 01:43:02,778 [Listener at localhost/11184] WARN  impl.MetricRegistriesImpl (MetricRegistriesImpl.java:addReporterRegistration(111)) - New reporters are added after registries were created. Some metrics will be missing from the reporter. Please add reporter before adding any new registry.
2021-10-17 01:43:02,778 [Listener at localhost/11184] WARN  impl.MetricRegistriesImpl (MetricRegistriesImpl.java:addReporterRegistration(111)) - New reporters are added after registries were created. Some metrics will be missing from the reporter. Please add reporter before adding any new registry.
2021-10-17 01:43:02,778 [Listener at localhost/11184] WARN  server.ServerUtils (ServerUtils.java:getDefaultRatisDirectory(237)) - Storage directory for Ratis is not configured. It is a good idea to map this to an SSD disk. Falling back to ozone.metadata.dirs
2021-10-17 01:43:02,779 [Listener at localhost/11184] INFO  ratis.OzoneManagerRatisServer (OzoneManagerRatisServer.java:<init>(159)) - Instantiating OM Ratis server with groupID: om-service-test1 and peers: localhost:11176, localhost:11188, localhost:11182
2021-10-17 01:43:02,779 [Listener at localhost/11184] INFO  ratis.OzoneManagerStateMachine (OzoneManagerStateMachine.java:loadSnapshotInfoFromDB(605)) - LastAppliedIndex is set from TransactionInfo from OM DB as (t:2, i:20)
2021-10-17 01:43:02,782 [Listener at localhost/11184] INFO  server.RaftServer (ConfUtils.java:logGet(44)) - raft.rpc.type = GRPC (default)
2021-10-17 01:43:02,782 [Listener at localhost/11184] INFO  grpc.GrpcFactory (GrpcFactory.java:checkPooledByteBufAllocatorUseCacheForAllThreads(48)) - PERFORMANCE WARNING: useCacheForAllThreads is true that may cause Netty to create a lot garbage objects and, as a result, trigger GC.
	It is recommended to disable useCacheForAllThreads by setting -Dorg.apache.ratis.thirdparty.io.netty.allocator.useCacheForAllThreads=false in command line.
2021-10-17 01:43:02,782 [Listener at localhost/11184] INFO  grpc.GrpcConfigKeys (ConfUtils.java:logGet(44)) - raft.grpc.admin.port = -1 (default)
2021-10-17 01:43:02,782 [Listener at localhost/11184] INFO  grpc.GrpcConfigKeys (ConfUtils.java:logGet(44)) - raft.grpc.server.port = 11176 (custom)
2021-10-17 01:43:02,782 [Listener at localhost/11184] INFO  grpc.GrpcConfigKeys (ConfUtils.java:logGet(44)) - raft.grpc.client.port = -1 (default)
2021-10-17 01:43:02,783 [Listener at localhost/11184] INFO  grpc.GrpcConfigKeys (ConfUtils.java:logGet(44)) - raft.grpc.server.port = 11176 (custom)
2021-10-17 01:43:02,783 [Listener at localhost/11184] INFO  grpc.GrpcConfigKeys (ConfUtils.java:logGet(44)) - raft.grpc.server.port = 11176 (custom)
2021-10-17 01:43:02,783 [Listener at localhost/11184] INFO  server.GrpcService (ConfUtils.java:logGet(44)) - raft.grpc.message.size.max = 33554432 (custom)
2021-10-17 01:43:02,783 [Listener at localhost/11184] INFO  server.RaftServerConfigKeys (ConfUtils.java:logGet(44)) - raft.server.log.appender.buffer.byte-limit = 33554432 (custom)
2021-10-17 01:43:02,783 [Listener at localhost/11184] INFO  server.GrpcService (ConfUtils.java:logGet(44)) - raft.grpc.flow.control.window = 1MB (=1048576) (default)
2021-10-17 01:43:02,783 [Listener at localhost/11184] INFO  server.RaftServerConfigKeys (ConfUtils.java:logGet(44)) - raft.server.rpc.request.timeout = 3000ms (default)
2021-10-17 01:43:02,784 [Listener at localhost/11184] INFO  impl.DataStreamServerImpl (ConfUtils.java:logGet(44)) - raft.datastream.type = DISABLED (default)
2021-10-17 01:43:02,784 [Listener at localhost/11184] INFO  server.RaftServerConfigKeys (ConfUtils.java:logGet(44)) - raft.server.rpc.slowness.timeout = 2s (custom)
2021-10-17 01:43:02,785 [Listener at localhost/11184] INFO  server.RaftServerConfigKeys (ConfUtils.java:logGet(44)) - raft.server.leaderelection.leader.step-down.wait-time = 10s (default)
2021-10-17 01:43:02,785 [Listener at localhost/11184] INFO  server.RaftServerConfigKeys (ConfUtils.java:logGet(44)) - raft.server.storage.dir = [/home/runner/work/ozone/ozone/hadoop-ozone/integration-test/target/test-dir/MiniOzoneClusterImpl-e6b5673d-0e05-4a61-970a-b11d77d0bde6/omNode-1/ratis] (custom)
2021-10-17 01:43:02,785 [Listener at localhost/11184] INFO  server.RaftServer (RaftServerProxy.java:lambda$null$1(235)) - omNode-1: found a subdirectory /home/runner/work/ozone/ozone/hadoop-ozone/integration-test/target/test-dir/MiniOzoneClusterImpl-e6b5673d-0e05-4a61-970a-b11d77d0bde6/omNode-1/ratis/c9bc4cf4-3bc3-3c60-a66b-523986131536
2021-10-17 01:43:02,786 [Listener at localhost/11184] INFO  server.RaftServer (RaftServerProxy.java:addNew(95)) - omNode-1: addNew group-523986131536:[omNode-3|rpc:localhost:11188|priority:0, omNode-1|rpc:localhost:11176|priority:0, omNode-2|rpc:localhost:11182|priority:0] returns group-523986131536:java.util.concurrent.CompletableFuture@3af2f124[Not completed]
2021-10-17 01:43:02,786 [Listener at localhost/11184] INFO  om.OzoneManager (OzoneManager.java:initializeRatisServer(1605)) - OzoneManager Ratis server initialized at port 11176
2021-10-17 01:43:02,786 [Listener at localhost/11184] INFO  ratis.OzoneManagerRatisServer (OzoneManagerRatisServer.java:start(520)) - Starting OzoneManagerRatisServer omNode-1 at port 11176
2021-10-17 01:43:02,786 [pool-431-thread-1] INFO  server.RaftServer$Division (RaftServerImpl.java:<init>(181)) - omNode-1: new RaftServerImpl for group-523986131536:[omNode-3|rpc:localhost:11188|priority:0, omNode-1|rpc:localhost:11176|priority:0, omNode-2|rpc:localhost:11182|priority:0] with OzoneManagerStateMachine:uninitialized
2021-10-17 01:43:02,787 [pool-431-thread-1] INFO  server.RaftServerConfigKeys (ConfUtils.java:logGet(44)) - raft.server.rpc.timeout.min = 1s (custom)
2021-10-17 01:43:02,787 [pool-431-thread-1] INFO  server.RaftServerConfigKeys (ConfUtils.java:logGet(44)) - raft.server.rpc.timeout.max = 1200ms (custom)
2021-10-17 01:43:02,787 [pool-431-thread-1] INFO  server.RaftServerConfigKeys (ConfUtils.java:logGet(44)) - raft.server.rpc.sleep.time = 25ms (default)
2021-10-17 01:43:02,787 [pool-431-thread-1] INFO  server.RaftServerConfigKeys (ConfUtils.java:logGet(44)) - raft.server.rpc.slowness.timeout = 2s (custom)
2021-10-17 01:43:02,788 [pool-431-thread-1] INFO  server.RaftServerConfigKeys (ConfUtils.java:logGet(44)) - raft.server.leaderelection.leader.step-down.wait-time = 10s (default)
2021-10-17 01:43:02,788 [pool-431-thread-1] INFO  server.RaftServerConfigKeys (ConfUtils.java:logGet(44)) - raft.server.sleep.deviation.threshold = 300ms (default)
2021-10-17 01:43:02,788 [pool-431-thread-1] INFO  server.RaftServerConfigKeys (ConfUtils.java:logGet(44)) - raft.server.log.appender.install.snapshot.enabled = false (custom)
2021-10-17 01:43:02,788 [pool-431-thread-1] INFO  server.RaftServer$Division (ServerState.java:<init>(105)) - omNode-1@group-523986131536: ConfigurationManager, init=-1: [omNode-3|rpc:localhost:11188|priority:0, omNode-1|rpc:localhost:11176|priority:0, omNode-2|rpc:localhost:11182|priority:0], old=null, confs=<EMPTY_MAP>
2021-10-17 01:43:02,788 [pool-431-thread-1] INFO  server.RaftServerConfigKeys (ConfUtils.java:logGet(44)) - raft.server.storage.dir = [/home/runner/work/ozone/ozone/hadoop-ozone/integration-test/target/test-dir/MiniOzoneClusterImpl-e6b5673d-0e05-4a61-970a-b11d77d0bde6/omNode-1/ratis] (custom)
2021-10-17 01:43:02,788 [pool-431-thread-1] INFO  server.RaftServerConfigKeys (ConfUtils.java:logGet(44)) - raft.server.log.corruption.policy = EXCEPTION (default)
2021-10-17 01:43:02,788 [pool-431-thread-1] INFO  server.RaftServerConfigKeys (ConfUtils.java:logGet(44)) - raft.server.storage.free-space.min = 0MB (=0) (default)
2021-10-17 01:43:02,789 [pool-431-thread-1] INFO  storage.RaftStorageDirectory (RaftStorageDirectoryImpl.java:tryLock(230)) - Lock on /home/runner/work/ozone/ozone/hadoop-ozone/integration-test/target/test-dir/MiniOzoneClusterImpl-e6b5673d-0e05-4a61-970a-b11d77d0bde6/omNode-1/ratis/c9bc4cf4-3bc3-3c60-a66b-523986131536/in_use.lock acquired by nodename 15180@fv-az151-444
2021-10-17 01:43:02,789 [pool-431-thread-1] INFO  storage.RaftStorage (RaftStorageImpl.java:analyzeAndRecoverStorage(110)) - Read RaftStorageMetadata{term=11, votedFor=omNode-2} from /home/runner/work/ozone/ozone/hadoop-ozone/integration-test/target/test-dir/MiniOzoneClusterImpl-e6b5673d-0e05-4a61-970a-b11d77d0bde6/omNode-1/ratis/c9bc4cf4-3bc3-3c60-a66b-523986131536/current/raft-meta
2021-10-17 01:43:02,789 [pool-431-thread-1] INFO  server.RaftServer$Division (ServerState.java:setRaftConf(387)) - omNode-1@group-523986131536: set configuration 40: [omNode-3|rpc:localhost:11188|admin:|client:|dataStream:|priority:0, omNode-1|rpc:localhost:11176|admin:|client:|dataStream:|priority:0, omNode-2|rpc:localhost:11182|admin:|client:|dataStream:|priority:0], old=null
2021-10-17 01:43:02,789 [pool-431-thread-1] INFO  server.RaftServerConfigKeys (ConfUtils.java:logGet(44)) - raft.server.notification.no-leader.timeout = 2s (custom)
2021-10-17 01:43:02,789 [pool-431-thread-1] INFO  server.RaftServerConfigKeys (ConfUtils.java:logGet(44)) - raft.server.log.use.memory = false (default)
2021-10-17 01:43:02,789 [pool-431-thread-1] INFO  server.RaftServerConfigKeys (ConfUtils.java:logGet(44)) - raft.server.log.purge.gap = 50 (custom)
2021-10-17 01:43:02,789 [pool-431-thread-1] INFO  server.RaftServerConfigKeys (ConfUtils.java:logGet(44)) - raft.server.log.appender.buffer.byte-limit = 33554432 (custom)
2021-10-17 01:43:02,789 [pool-431-thread-1] INFO  server.RaftServerConfigKeys (ConfUtils.java:logGet(44)) - raft.server.log.segment.size.max = 4194304 (custom)
2021-10-17 01:43:02,790 [pool-431-thread-1] INFO  server.RaftServerConfigKeys (ConfUtils.java:logGet(44)) - raft.server.log.segment.cache.num.max = 2 (custom)
2021-10-17 01:43:02,790 [pool-431-thread-1] INFO  server.RaftServerConfigKeys (ConfUtils.java:logGet(44)) - raft.server.log.segment.cache.size.max = 200MB (=209715200) (default)
2021-10-17 01:43:02,790 [pool-431-thread-1] INFO  segmented.SegmentedRaftLogWorker (SegmentedRaftLogWorker.java:<init>(182)) - new omNode-1@group-523986131536-SegmentedRaftLogWorker for RaftStorageImpl:Storage Directory /home/runner/work/ozone/ozone/hadoop-ozone/integration-test/target/test-dir/MiniOzoneClusterImpl-e6b5673d-0e05-4a61-970a-b11d77d0bde6/omNode-1/ratis/c9bc4cf4-3bc3-3c60-a66b-523986131536
2021-10-17 01:43:02,790 [pool-431-thread-1] INFO  server.RaftServerConfigKeys (ConfUtils.java:logGet(44)) - raft.server.log.queue.byte-limit = 64MB (=67108864) (default)
2021-10-17 01:43:02,790 [pool-431-thread-1] INFO  server.RaftServerConfigKeys (ConfUtils.java:logGet(44)) - raft.server.log.queue.element-limit = 4096 (default)
2021-10-17 01:43:02,790 [pool-431-thread-1] INFO  server.RaftServerConfigKeys (ConfUtils.java:logGet(44)) - raft.server.log.segment.size.max = 4194304 (custom)
2021-10-17 01:43:02,790 [pool-431-thread-1] INFO  server.RaftServerConfigKeys (ConfUtils.java:logGet(44)) - raft.server.log.preallocated.size = 4194304 (custom)
2021-10-17 01:43:02,790 [pool-431-thread-1] INFO  server.RaftServerConfigKeys (ConfUtils.java:logGet(44)) - raft.server.log.force.sync.num = 128 (default)
2021-10-17 01:43:02,790 [pool-431-thread-1] INFO  server.RaftServerConfigKeys (ConfUtils.java:logGet(44)) - raft.server.log.statemachine.data.sync = true (default)
2021-10-17 01:43:02,790 [pool-431-thread-1] INFO  server.RaftServerConfigKeys (ConfUtils.java:logGet(44)) - raft.server.log.statemachine.data.sync.timeout = 10s (default)
2021-10-17 01:43:02,790 [pool-431-thread-1] INFO  server.RaftServerConfigKeys (ConfUtils.java:logGet(44)) - raft.server.log.statemachine.data.sync.timeout.retry = -1 (default)
2021-10-17 01:43:02,791 [pool-431-thread-1] INFO  server.RaftServerConfigKeys (ConfUtils.java:logGet(44)) - raft.server.log.write.buffer.size = 64KB (=65536) (default)
2021-10-17 01:43:02,791 [pool-431-thread-1] INFO  server.RaftServerConfigKeys (ConfUtils.java:logGet(44)) - raft.server.log.statemachine.data.caching.enabled = false (default)
2021-10-17 01:43:02,791 [pool-431-thread-1] INFO  segmented.SegmentedRaftLogWorker (SegmentedRaftLogWorker.java:lambda$new$0(133)) - omNode-1@group-523986131536-SegmentedRaftLogWorker: flushIndex: setUnconditionally 0 -> 20
2021-10-17 01:43:02,791 [pool-431-thread-1] INFO  segmented.SegmentedRaftLogWorker (SegmentedRaftLogWorker.java:lambda$new$0(133)) - omNode-1@group-523986131536-SegmentedRaftLogWorker: safeCacheEvictIndex: setUnconditionally 0 -> -1
2021-10-17 01:43:02,794 [pool-431-thread-1] INFO  server.RaftServerConfigKeys (ConfUtils.java:logGet(44)) - raft.server.snapshot.auto.trigger.enabled = true (custom)
2021-10-17 01:43:02,794 [pool-431-thread-1] INFO  server.RaftServerConfigKeys (ConfUtils.java:logGet(44)) - raft.server.snapshot.auto.trigger.threshold = 50 (custom)
2021-10-17 01:43:02,794 [pool-431-thread-1] INFO  server.RaftServerConfigKeys (ConfUtils.java:logGet(44)) - raft.server.snapshot.retention.file.num = -1 (default)
2021-10-17 01:43:02,794 [pool-431-thread-1] INFO  server.RaftServerConfigKeys (ConfUtils.java:logGet(44)) - raft.server.log.purge.upto.snapshot.index = true (custom)
2021-10-17 01:43:02,794 [pool-431-thread-1] INFO  server.RaftServerConfigKeys (ConfUtils.java:logGet(44)) - raft.server.retrycache.expirytime = 30000ms (custom)
2021-10-17 01:43:02,794 [pool-431-thread-1] INFO  server.RaftServerConfigKeys (ConfUtils.java:logGet(44)) - raft.server.retrycache.statistics.expirytime = 100μs (default)
2021-10-17 01:43:02,795 [Listener at localhost/11184] INFO  server.RaftServer$Division (RaftServerImpl.java:start(296)) - omNode-1@group-523986131536: start as a follower, conf=40: [omNode-3|rpc:localhost:11188|admin:|client:|dataStream:|priority:0, omNode-1|rpc:localhost:11176|admin:|client:|dataStream:|priority:0, omNode-2|rpc:localhost:11182|admin:|client:|dataStream:|priority:0], old=null
2021-10-17 01:43:02,796 [Listener at localhost/11184] INFO  server.RaftServer$Division (RaftServerImpl.java:setRole(285)) - omNode-1@group-523986131536: changes role from      null to FOLLOWER at term 11 for startAsFollower
2021-10-17 01:43:02,796 [Listener at localhost/11184] INFO  impl.RoleInfo (RoleInfo.java:updateAndGet(130)) - omNode-1: start omNode-1@group-523986131536-FollowerState
2021-10-17 01:43:02,798 [Listener at localhost/11184] INFO  util.JmxRegister (JmxRegister.java:tryRegister(44)) - Successfully registered JMX Bean with object name Ratis:service=RaftServer,group=group-523986131536,id=omNode-1
2021-10-17 01:43:02,799 [Listener at localhost/11184] INFO  server.RaftServer (RaftServerProxy.java:lambda$start$5(374)) - omNode-1: start RPC server
2021-10-17 01:43:02,799 [Listener at localhost/11184] INFO  server.GrpcService (GrpcService.java:startImpl(253)) - omNode-1: GrpcService started, listening on 11176
2021-10-17 01:43:02,800 [Listener at localhost/11184] INFO  ipc.CallQueueManager (CallQueueManager.java:<init>(90)) - Using callQueue: class java.util.concurrent.LinkedBlockingQueue, queueCapacity: 2000, scheduler: class org.apache.hadoop.ipc.DefaultRpcScheduler, ipcBackoff: false.
2021-10-17 01:43:02,800 [org.apache.ratis.util.JvmPauseMonitor$$Lambda$523/1638607820@77688a22] INFO  util.JvmPauseMonitor (JvmPauseMonitor.java:run(103)) - JvmPauseMonitor-omNode-1: Started
2021-10-17 01:43:02,801 [Socket Reader #1 for port 11172] INFO  ipc.Server (Server.java:run(1265)) - Starting Socket Reader #1 for port 11172
2021-10-17 01:43:02,806 [Listener at localhost/11172] INFO  http.BaseHttpServer (BaseHttpServer.java:newHttpServer2BuilderForOzone(209)) - Starting Web-server for ozoneManager at: http://0.0.0.0:11174
2021-10-17 01:43:02,806 [Listener at localhost/11172] INFO  http.BaseHttpServer (BaseHttpServer.java:<init>(107)) - Hadoop Security Enabled: false Ozone Security Enabled: false Ozone HTTP Security Enabled: false 
2021-10-17 01:43:02,809 [Listener at localhost/11172] INFO  server.AuthenticationFilter (AuthenticationFilter.java:constructSecretProvider(240)) - Unable to initialize FileSignerSecretProvider, falling back to use random secrets.
2021-10-17 01:43:02,810 [Listener at localhost/11172] WARN  http.HttpRequestLog (HttpRequestLog.java:getRequestLog(103)) - Jetty request log can only be enabled using Log4j
2021-10-17 01:43:02,811 [Listener at localhost/11172] INFO  http.HttpServer2 (HttpServer2.java:addGlobalFilter(1030)) - Added global filter 'safety' (class=org.apache.hadoop.hdds.server.http.HttpServer2$QuotingInputFilter)
2021-10-17 01:43:02,811 [Listener at localhost/11172] INFO  http.HttpServer2 (HttpServer2.java:addFilter(1006)) - Added filter static_user_filter (class=org.apache.hadoop.http.lib.StaticUserWebFilter$StaticUserFilter) to context ozoneManager
2021-10-17 01:43:02,811 [Listener at localhost/11172] INFO  http.HttpServer2 (HttpServer2.java:addFilter(1014)) - Added filter static_user_filter (class=org.apache.hadoop.http.lib.StaticUserWebFilter$StaticUserFilter) to context logs
2021-10-17 01:43:02,811 [Listener at localhost/11172] INFO  http.HttpServer2 (HttpServer2.java:addFilter(1014)) - Added filter static_user_filter (class=org.apache.hadoop.http.lib.StaticUserWebFilter$StaticUserFilter) to context static
2021-10-17 01:43:02,812 [Listener at localhost/11172] INFO  http.HttpServer2 (HttpServer2.java:bindListener(1249)) - Jetty bound to port 11174
2021-10-17 01:43:02,812 [Listener at localhost/11172] INFO  server.Server (Server.java:doStart(375)) - jetty-9.4.43.v20210629; built: 2021-06-30T11:07:22.254Z; git: 526006ecfa3af7f1a27ef3a288e2bef7ea9dd7e8; jvm 1.8.0_292-b10
2021-10-17 01:43:02,813 [Listener at localhost/11172] INFO  server.session (DefaultSessionIdManager.java:doStart(334)) - DefaultSessionIdManager workerName=node0
2021-10-17 01:43:02,813 [Listener at localhost/11172] INFO  server.session (DefaultSessionIdManager.java:doStart(339)) - No SessionScavenger set, using defaults
2021-10-17 01:43:02,816 [Listener at localhost/11172] INFO  server.session (HouseKeeper.java:startScavenging(132)) - node0 Scavenging every 600000ms
2021-10-17 01:43:02,816 [Listener at localhost/11172] INFO  handler.ContextHandler (ContextHandler.java:doStart(915)) - Started o.e.j.s.ServletContextHandler@131d00df{logs,/logs,file:///home/runner/work/ozone/ozone/hadoop-ozone/integration-test/target/log,AVAILABLE}
2021-10-17 01:43:02,817 [Listener at localhost/11172] INFO  handler.ContextHandler (ContextHandler.java:doStart(915)) - Started o.e.j.s.ServletContextHandler@75d548b2{static,/static,file:///home/runner/work/ozone/ozone/hadoop-ozone/integration-test/target/test-classes/webapps/static,AVAILABLE}
2021-10-17 01:43:02,819 [Listener at localhost/11172] INFO  handler.ContextHandler (ContextHandler.java:doStart(915)) - Started o.e.j.w.WebAppContext@d39de4f{ozoneManager,/,file:///home/runner/work/ozone/ozone/hadoop-ozone/integration-test/target/test-classes/webapps/ozoneManager/,AVAILABLE}{file:/home/runner/work/ozone/ozone/hadoop-ozone/integration-test/target/test-classes/webapps/ozoneManager}
2021-10-17 01:43:02,831 [Listener at localhost/11172] INFO  server.AbstractConnector (AbstractConnector.java:doStart(331)) - Started ServerConnector@4d13236{HTTP/1.1, (http/1.1)}{0.0.0.0:11174}
2021-10-17 01:43:02,831 [Listener at localhost/11172] INFO  server.Server (Server.java:doStart(415)) - Started @539553ms
2021-10-17 01:43:02,831 [Listener at localhost/11172] WARN  impl.MetricsSystemImpl (MetricsSystemImpl.java:register(279)) - Sink prometheus already exists!
2021-10-17 01:43:02,831 [Listener at localhost/11172] INFO  http.BaseHttpServer (BaseHttpServer.java:updateConnectorAddress(329)) - HTTP server of ozoneManager listening at http://0.0.0.0:11174
2021-10-17 01:43:02,832 [IPC Server Responder] INFO  ipc.Server (Server.java:run(1507)) - IPC Server Responder: starting
2021-10-17 01:43:02,832 [IPC Server listener on 11172] INFO  ipc.Server (Server.java:run(1344)) - IPC Server listener on 11172: starting
2021-10-17 01:43:02,839 [Listener at localhost/11172] INFO  om.OzoneManager (OzoneManager.java:startTrashEmptier(1563)) - Trash Interval set to 0. Files deleted will not move to trash
2021-10-17 01:43:02,839 [Listener at localhost/11172] INFO  om.OzoneManager (OzoneManager.java:stop(1664)) - Stopping Ozone Manager
2021-10-17 01:43:02,840 [Listener at localhost/11172] INFO  ipc.Server (Server.java:stop(3414)) - Stopping server on 11178
2021-10-17 01:43:02,846 [org.apache.hadoop.util.JvmPauseMonitor$Monitor@24288a6] INFO  util.JvmPauseMonitor (JvmPauseMonitor.java:run(188)) - Starting JVM pause monitor
2021-10-17 01:43:02,847 [Listener at localhost/11172] INFO  server.RaftServer (RaftServerProxy.java:lambda$close$6(391)) - omNode-2: close
2021-10-17 01:43:02,847 [Listener at localhost/11172] INFO  server.RaftServer$Division (RaftServerImpl.java:lambda$close$4(407)) - omNode-2@group-523986131536: shutdown
2021-10-17 01:43:02,847 [Listener at localhost/11172] INFO  util.JmxRegister (JmxRegister.java:unregister(73)) - Successfully un-registered JMX Bean with object name Ratis:service=RaftServer,group=group-523986131536,id=omNode-2
2021-10-17 01:43:02,847 [Listener at localhost/11172] INFO  impl.RoleInfo (RoleInfo.java:shutdownLeaderState(91)) - omNode-2: shutdown omNode-2@group-523986131536-LeaderStateImpl
2021-10-17 01:43:02,847 [Listener at localhost/11172] INFO  impl.PendingRequests (PendingRequests.java:sendNotLeaderResponses(282)) - omNode-2@group-523986131536-PendingRequests: sendNotLeaderResponses
2021-10-17 01:43:02,846 [IPC Server Responder] INFO  ipc.Server (Server.java:run(1512)) - Stopping IPC Server Responder
2021-10-17 01:43:02,846 [IPC Server listener on 11178] INFO  ipc.Server (Server.java:run(1376)) - Stopping IPC Server listener on 11178
2021-10-17 01:43:02,848 [omNode-2@group-523986131536->omNode-1-GrpcLogAppender-LogAppenderDaemon] WARN  server.GrpcLogAppender (GrpcLogAppender.java:mayWait(175)) - omNode-2@group-523986131536->omNode-1-GrpcLogAppender: Wait interrupted by java.lang.InterruptedException
2021-10-17 01:43:02,849 [Listener at localhost/11172] INFO  impl.StateMachineUpdater (StateMachineUpdater.java:stopAndJoin(149)) - omNode-2@group-523986131536-StateMachineUpdater: set stopIndex = 39
2021-10-17 01:43:02,849 [omNode-2@group-523986131536-StateMachineUpdater] INFO  ratis.OzoneManagerStateMachine (OzoneManagerStateMachine.java:takeSnapshot(417)) - Current Snapshot Index (t:10, i:39)
2021-10-17 01:43:02,849 [omNode-2@group-523986131536-StateMachineUpdater] INFO  impl.StateMachineUpdater (StateMachineUpdater.java:takeSnapshot(281)) - omNode-2@group-523986131536-StateMachineUpdater: Took a snapshot at index 39
2021-10-17 01:43:02,849 [omNode-2@group-523986131536-StateMachineUpdater] INFO  impl.StateMachineUpdater (StateMachineUpdater.java:lambda$new$0(89)) - omNode-2@group-523986131536-StateMachineUpdater: snapshotIndex: updateIncreasingly 35 -> 39
2021-10-17 01:43:02,849 [omNode-2@group-523986131536-StateMachineUpdater] INFO  ratis.OzoneManagerStateMachine (OzoneManagerStateMachine.java:close(471)) - StateMachine has shutdown. Shutdown OzoneManager if not already shutdown.
2021-10-17 01:43:02,850 [Listener at localhost/11172] INFO  server.RaftServer$Division (ServerState.java:close(419)) - omNode-2@group-523986131536: closes. applyIndex: 39
2021-10-17 01:43:02,850 [omNode-2@group-523986131536-SegmentedRaftLogWorker] INFO  segmented.SegmentedRaftLogWorker (SegmentedRaftLogWorker.java:run(327)) - omNode-2@group-523986131536-SegmentedRaftLogWorker was interrupted, exiting. There are 0 tasks remaining in the queue.
2021-10-17 01:43:02,851 [Listener at localhost/11172] INFO  segmented.SegmentedRaftLogWorker (SegmentedRaftLogWorker.java:close(237)) - omNode-2@group-523986131536-SegmentedRaftLogWorker close()
2021-10-17 01:43:02,852 [Listener at localhost/11172] INFO  server.GrpcService (GrpcService.java:closeImpl(262)) - omNode-2: shutdown server with port 11182 now
2021-10-17 01:43:02,854 [Listener at localhost/11172] INFO  server.GrpcService (GrpcService.java:closeImpl(271)) - omNode-2: shutdown server with port 11182 successfully
2021-10-17 01:43:02,855 [org.apache.ratis.util.JvmPauseMonitor$$Lambda$523/1638607820@7c5a42e6] INFO  util.JvmPauseMonitor (JvmPauseMonitor.java:run(109)) - JvmPauseMonitor-omNode-2: Stopped
2021-10-17 01:43:02,855 [Listener at localhost/11172] INFO  ratis.OzoneManagerDoubleBuffer (OzoneManagerDoubleBuffer.java:stop(437)) - Stopping OMDoubleBuffer flush thread
2021-10-17 01:43:02,855 [OMDoubleBufferFlushThread] INFO  ratis.OzoneManagerDoubleBuffer (OzoneManagerDoubleBuffer.java:flushTransactions(356)) - OMDoubleBuffer flush thread OMDoubleBufferFlushThread is interrupted and will exit. OMDoubleBufferFlushThread
2021-10-17 01:43:02,855 [Listener at localhost/11172] INFO  handler.ContextHandler (ContextHandler.java:doStop(1153)) - Stopped o.e.j.w.WebAppContext@70c636c8{ozoneManager,/,null,STOPPED}{file:/home/runner/work/ozone/ozone/hadoop-ozone/integration-test/target/test-classes/webapps/ozoneManager}
2021-10-17 01:43:02,856 [Listener at localhost/11172] INFO  server.AbstractConnector (AbstractConnector.java:doStop(381)) - Stopped ServerConnector@795cd237{HTTP/1.1, (http/1.1)}{0.0.0.0:11180}
2021-10-17 01:43:02,856 [Listener at localhost/11172] INFO  server.session (HouseKeeper.java:stopScavenging(149)) - node0 Stopped scavenging
2021-10-17 01:43:02,856 [Listener at localhost/11172] INFO  handler.ContextHandler (ContextHandler.java:doStop(1153)) - Stopped o.e.j.s.ServletContextHandler@7f2d8303{static,/static,file:///home/runner/work/ozone/ozone/hadoop-ozone/integration-test/target/test-classes/webapps/static,STOPPED}
2021-10-17 01:43:02,856 [Listener at localhost/11172] INFO  handler.ContextHandler (ContextHandler.java:doStop(1153)) - Stopped o.e.j.s.ServletContextHandler@4865c279{logs,/logs,file:///home/runner/work/ozone/ozone/hadoop-ozone/integration-test/target/log,STOPPED}
2021-10-17 01:43:02,858 [Listener at localhost/11172] INFO  om.OzoneManager (OzoneManager.java:initFSOLayout(4357)) - Configured ozone.om.metadata.layout=SIMPLE and disabled optimized OM FS operations
2021-10-17 01:43:02,858 [Listener at localhost/11172] INFO  om.OzoneManager (OzoneManager.java:restart(1385)) - OzoneManager RPC server is listening at localhost/127.0.0.1:11178
2021-10-17 01:43:02,858 [Listener at localhost/11172] INFO  impl.MetricsSystemImpl (MetricsSystemImpl.java:init(158)) - OzoneManager metrics system started (again)
2021-10-17 01:43:02,875 [Listener at localhost/11172] WARN  server.ServerUtils (ServerUtils.java:getDBPath(225)) - ozone.om.db.dirs is not configured. We recommend adding this setting. Falling back to ozone.metadata.dirs instead.
2021-10-17 01:43:02,878 [Listener at localhost/11172] INFO  codec.OmKeyInfoCodec (OmKeyInfoCodec.java:<init>(51)) - OmKeyInfoCodec ignorePipeline = true
2021-10-17 01:43:02,878 [Listener at localhost/11172] INFO  codec.RepeatedOmKeyInfoCodec (RepeatedOmKeyInfoCodec.java:<init>(42)) - RepeatedOmKeyInfoCodec ignorePipeline = true
2021-10-17 01:43:02,930 [Listener at localhost/11172] WARN  impl.MetricRegistriesImpl (MetricRegistriesImpl.java:addReporterRegistration(111)) - New reporters are added after registries were created. Some metrics will be missing from the reporter. Please add reporter before adding any new registry.
2021-10-17 01:43:02,930 [Listener at localhost/11172] WARN  impl.MetricRegistriesImpl (MetricRegistriesImpl.java:addReporterRegistration(111)) - New reporters are added after registries were created. Some metrics will be missing from the reporter. Please add reporter before adding any new registry.
2021-10-17 01:43:02,930 [Listener at localhost/11172] WARN  server.ServerUtils (ServerUtils.java:getDefaultRatisDirectory(237)) - Storage directory for Ratis is not configured. It is a good idea to map this to an SSD disk. Falling back to ozone.metadata.dirs
2021-10-17 01:43:02,931 [Listener at localhost/11172] INFO  ratis.OzoneManagerRatisServer (OzoneManagerRatisServer.java:<init>(159)) - Instantiating OM Ratis server with groupID: om-service-test1 and peers: localhost:11182, localhost:11188, localhost:11176
2021-10-17 01:43:02,931 [Listener at localhost/11172] INFO  ratis.OzoneManagerStateMachine (OzoneManagerStateMachine.java:loadSnapshotInfoFromDB(605)) - LastAppliedIndex is set from TransactionInfo from OM DB as (t:10, i:39)
2021-10-17 01:43:02,932 [Listener at localhost/11172] INFO  server.RaftServer (ConfUtils.java:logGet(44)) - raft.rpc.type = GRPC (default)
2021-10-17 01:43:02,932 [Listener at localhost/11172] INFO  grpc.GrpcFactory (GrpcFactory.java:checkPooledByteBufAllocatorUseCacheForAllThreads(48)) - PERFORMANCE WARNING: useCacheForAllThreads is true that may cause Netty to create a lot garbage objects and, as a result, trigger GC.
	It is recommended to disable useCacheForAllThreads by setting -Dorg.apache.ratis.thirdparty.io.netty.allocator.useCacheForAllThreads=false in command line.
2021-10-17 01:43:02,932 [Listener at localhost/11172] INFO  grpc.GrpcConfigKeys (ConfUtils.java:logGet(44)) - raft.grpc.admin.port = -1 (default)
2021-10-17 01:43:02,932 [Listener at localhost/11172] INFO  grpc.GrpcConfigKeys (ConfUtils.java:logGet(44)) - raft.grpc.server.port = 11182 (custom)
2021-10-17 01:43:02,932 [Listener at localhost/11172] INFO  grpc.GrpcConfigKeys (ConfUtils.java:logGet(44)) - raft.grpc.client.port = -1 (default)
2021-10-17 01:43:02,932 [Listener at localhost/11172] INFO  grpc.GrpcConfigKeys (ConfUtils.java:logGet(44)) - raft.grpc.server.port = 11182 (custom)
2021-10-17 01:43:02,932 [Listener at localhost/11172] INFO  grpc.GrpcConfigKeys (ConfUtils.java:logGet(44)) - raft.grpc.server.port = 11182 (custom)
2021-10-17 01:43:02,933 [Listener at localhost/11172] INFO  server.GrpcService (ConfUtils.java:logGet(44)) - raft.grpc.message.size.max = 33554432 (custom)
2021-10-17 01:43:02,933 [Listener at localhost/11172] INFO  server.RaftServerConfigKeys (ConfUtils.java:logGet(44)) - raft.server.log.appender.buffer.byte-limit = 33554432 (custom)
2021-10-17 01:43:02,933 [Listener at localhost/11172] INFO  server.GrpcService (ConfUtils.java:logGet(44)) - raft.grpc.flow.control.window = 1MB (=1048576) (default)
2021-10-17 01:43:02,933 [Listener at localhost/11172] INFO  server.RaftServerConfigKeys (ConfUtils.java:logGet(44)) - raft.server.rpc.request.timeout = 3000ms (default)
2021-10-17 01:43:02,934 [Listener at localhost/11172] INFO  impl.DataStreamServerImpl (ConfUtils.java:logGet(44)) - raft.datastream.type = DISABLED (default)
2021-10-17 01:43:02,934 [Listener at localhost/11172] INFO  server.RaftServerConfigKeys (ConfUtils.java:logGet(44)) - raft.server.rpc.slowness.timeout = 2s (custom)
2021-10-17 01:43:02,934 [Listener at localhost/11172] INFO  server.RaftServerConfigKeys (ConfUtils.java:logGet(44)) - raft.server.leaderelection.leader.step-down.wait-time = 10s (default)
2021-10-17 01:43:02,934 [Listener at localhost/11172] INFO  server.RaftServerConfigKeys (ConfUtils.java:logGet(44)) - raft.server.storage.dir = [/home/runner/work/ozone/ozone/hadoop-ozone/integration-test/target/test-dir/MiniOzoneClusterImpl-e6b5673d-0e05-4a61-970a-b11d77d0bde6/omNode-2/ratis] (custom)
2021-10-17 01:43:02,934 [Listener at localhost/11172] INFO  server.RaftServer (RaftServerProxy.java:lambda$null$1(235)) - omNode-2: found a subdirectory /home/runner/work/ozone/ozone/hadoop-ozone/integration-test/target/test-dir/MiniOzoneClusterImpl-e6b5673d-0e05-4a61-970a-b11d77d0bde6/omNode-2/ratis/c9bc4cf4-3bc3-3c60-a66b-523986131536
2021-10-17 01:43:02,935 [Listener at localhost/11172] INFO  server.RaftServer (RaftServerProxy.java:addNew(95)) - omNode-2: addNew group-523986131536:[omNode-3|rpc:localhost:11188|priority:0, omNode-1|rpc:localhost:11176|priority:0, omNode-2|rpc:localhost:11182|priority:0] returns group-523986131536:java.util.concurrent.CompletableFuture@5afb76cf[Not completed]
2021-10-17 01:43:02,935 [Listener at localhost/11172] INFO  om.OzoneManager (OzoneManager.java:initializeRatisServer(1605)) - OzoneManager Ratis server initialized at port 11182
2021-10-17 01:43:02,935 [Listener at localhost/11172] INFO  ratis.OzoneManagerRatisServer (OzoneManagerRatisServer.java:start(520)) - Starting OzoneManagerRatisServer omNode-2 at port 11182
2021-10-17 01:43:02,937 [pool-451-thread-1] INFO  server.RaftServer$Division (RaftServerImpl.java:<init>(181)) - omNode-2: new RaftServerImpl for group-523986131536:[omNode-3|rpc:localhost:11188|priority:0, omNode-1|rpc:localhost:11176|priority:0, omNode-2|rpc:localhost:11182|priority:0] with OzoneManagerStateMachine:uninitialized
2021-10-17 01:43:02,942 [pool-451-thread-1] INFO  server.RaftServerConfigKeys (ConfUtils.java:logGet(44)) - raft.server.rpc.timeout.min = 1s (custom)
2021-10-17 01:43:02,942 [pool-451-thread-1] INFO  server.RaftServerConfigKeys (ConfUtils.java:logGet(44)) - raft.server.rpc.timeout.max = 1200ms (custom)
2021-10-17 01:43:02,942 [pool-451-thread-1] INFO  server.RaftServerConfigKeys (ConfUtils.java:logGet(44)) - raft.server.rpc.sleep.time = 25ms (default)
2021-10-17 01:43:02,942 [pool-451-thread-1] INFO  server.RaftServerConfigKeys (ConfUtils.java:logGet(44)) - raft.server.rpc.slowness.timeout = 2s (custom)
2021-10-17 01:43:02,942 [pool-451-thread-1] INFO  server.RaftServerConfigKeys (ConfUtils.java:logGet(44)) - raft.server.leaderelection.leader.step-down.wait-time = 10s (default)
2021-10-17 01:43:02,942 [pool-451-thread-1] INFO  server.RaftServerConfigKeys (ConfUtils.java:logGet(44)) - raft.server.sleep.deviation.threshold = 300ms (default)
2021-10-17 01:43:02,942 [pool-451-thread-1] INFO  server.RaftServerConfigKeys (ConfUtils.java:logGet(44)) - raft.server.log.appender.install.snapshot.enabled = false (custom)
2021-10-17 01:43:02,942 [pool-451-thread-1] INFO  server.RaftServer$Division (ServerState.java:<init>(105)) - omNode-2@group-523986131536: ConfigurationManager, init=-1: [omNode-3|rpc:localhost:11188|priority:0, omNode-1|rpc:localhost:11176|priority:0, omNode-2|rpc:localhost:11182|priority:0], old=null, confs=<EMPTY_MAP>
2021-10-17 01:43:02,942 [pool-451-thread-1] INFO  server.RaftServerConfigKeys (ConfUtils.java:logGet(44)) - raft.server.storage.dir = [/home/runner/work/ozone/ozone/hadoop-ozone/integration-test/target/test-dir/MiniOzoneClusterImpl-e6b5673d-0e05-4a61-970a-b11d77d0bde6/omNode-2/ratis] (custom)
2021-10-17 01:43:02,942 [pool-451-thread-1] INFO  server.RaftServerConfigKeys (ConfUtils.java:logGet(44)) - raft.server.log.corruption.policy = EXCEPTION (default)
2021-10-17 01:43:02,942 [pool-451-thread-1] INFO  server.RaftServerConfigKeys (ConfUtils.java:logGet(44)) - raft.server.storage.free-space.min = 0MB (=0) (default)
2021-10-17 01:43:02,944 [pool-451-thread-1] INFO  storage.RaftStorageDirectory (RaftStorageDirectoryImpl.java:tryLock(230)) - Lock on /home/runner/work/ozone/ozone/hadoop-ozone/integration-test/target/test-dir/MiniOzoneClusterImpl-e6b5673d-0e05-4a61-970a-b11d77d0bde6/omNode-2/ratis/c9bc4cf4-3bc3-3c60-a66b-523986131536/in_use.lock acquired by nodename 15180@fv-az151-444
2021-10-17 01:43:02,944 [pool-451-thread-1] INFO  storage.RaftStorage (RaftStorageImpl.java:analyzeAndRecoverStorage(110)) - Read RaftStorageMetadata{term=11, votedFor=omNode-2} from /home/runner/work/ozone/ozone/hadoop-ozone/integration-test/target/test-dir/MiniOzoneClusterImpl-e6b5673d-0e05-4a61-970a-b11d77d0bde6/omNode-2/ratis/c9bc4cf4-3bc3-3c60-a66b-523986131536/current/raft-meta
2021-10-17 01:43:02,944 [pool-451-thread-1] INFO  server.RaftServer$Division (ServerState.java:setRaftConf(387)) - omNode-2@group-523986131536: set configuration 36: [omNode-3|rpc:localhost:11188|admin:|client:|dataStream:|priority:0, omNode-1|rpc:localhost:11176|admin:|client:|dataStream:|priority:0, omNode-2|rpc:localhost:11182|admin:|client:|dataStream:|priority:0], old=null
2021-10-17 01:43:02,944 [pool-451-thread-1] INFO  server.RaftServerConfigKeys (ConfUtils.java:logGet(44)) - raft.server.notification.no-leader.timeout = 2s (custom)
2021-10-17 01:43:02,944 [pool-451-thread-1] INFO  server.RaftServerConfigKeys (ConfUtils.java:logGet(44)) - raft.server.log.use.memory = false (default)
2021-10-17 01:43:02,944 [pool-451-thread-1] INFO  server.RaftServerConfigKeys (ConfUtils.java:logGet(44)) - raft.server.log.purge.gap = 50 (custom)
2021-10-17 01:43:02,944 [pool-451-thread-1] INFO  server.RaftServerConfigKeys (ConfUtils.java:logGet(44)) - raft.server.log.appender.buffer.byte-limit = 33554432 (custom)
2021-10-17 01:43:02,945 [pool-451-thread-1] INFO  server.RaftServerConfigKeys (ConfUtils.java:logGet(44)) - raft.server.log.segment.size.max = 4194304 (custom)
2021-10-17 01:43:02,945 [pool-451-thread-1] INFO  server.RaftServerConfigKeys (ConfUtils.java:logGet(44)) - raft.server.log.segment.cache.num.max = 2 (custom)
2021-10-17 01:43:02,945 [pool-451-thread-1] INFO  server.RaftServerConfigKeys (ConfUtils.java:logGet(44)) - raft.server.log.segment.cache.size.max = 200MB (=209715200) (default)
2021-10-17 01:43:02,945 [pool-451-thread-1] INFO  segmented.SegmentedRaftLogWorker (SegmentedRaftLogWorker.java:<init>(182)) - new omNode-2@group-523986131536-SegmentedRaftLogWorker for RaftStorageImpl:Storage Directory /home/runner/work/ozone/ozone/hadoop-ozone/integration-test/target/test-dir/MiniOzoneClusterImpl-e6b5673d-0e05-4a61-970a-b11d77d0bde6/omNode-2/ratis/c9bc4cf4-3bc3-3c60-a66b-523986131536
2021-10-17 01:43:02,945 [pool-451-thread-1] INFO  server.RaftServerConfigKeys (ConfUtils.java:logGet(44)) - raft.server.log.queue.byte-limit = 64MB (=67108864) (default)
2021-10-17 01:43:02,945 [pool-451-thread-1] INFO  server.RaftServerConfigKeys (ConfUtils.java:logGet(44)) - raft.server.log.queue.element-limit = 4096 (default)
2021-10-17 01:43:02,945 [pool-451-thread-1] INFO  server.RaftServerConfigKeys (ConfUtils.java:logGet(44)) - raft.server.log.segment.size.max = 4194304 (custom)
2021-10-17 01:43:02,947 [pool-451-thread-1] INFO  server.RaftServerConfigKeys (ConfUtils.java:logGet(44)) - raft.server.log.preallocated.size = 4194304 (custom)
2021-10-17 01:43:02,947 [pool-451-thread-1] INFO  server.RaftServerConfigKeys (ConfUtils.java:logGet(44)) - raft.server.log.force.sync.num = 128 (default)
2021-10-17 01:43:02,947 [pool-451-thread-1] INFO  server.RaftServerConfigKeys (ConfUtils.java:logGet(44)) - raft.server.log.statemachine.data.sync = true (default)
2021-10-17 01:43:02,947 [pool-451-thread-1] INFO  server.RaftServerConfigKeys (ConfUtils.java:logGet(44)) - raft.server.log.statemachine.data.sync.timeout = 10s (default)
2021-10-17 01:43:02,947 [pool-451-thread-1] INFO  server.RaftServerConfigKeys (ConfUtils.java:logGet(44)) - raft.server.log.statemachine.data.sync.timeout.retry = -1 (default)
2021-10-17 01:43:02,948 [pool-451-thread-1] INFO  server.RaftServerConfigKeys (ConfUtils.java:logGet(44)) - raft.server.log.write.buffer.size = 64KB (=65536) (default)
2021-10-17 01:43:02,948 [pool-451-thread-1] INFO  server.RaftServerConfigKeys (ConfUtils.java:logGet(44)) - raft.server.log.statemachine.data.caching.enabled = false (default)
2021-10-17 01:43:02,950 [pool-451-thread-1] INFO  server.RaftServer$Division (ServerState.java:setRaftConf(387)) - omNode-2@group-523986131536: set configuration 21: [omNode-3|rpc:localhost:11188|admin:|client:|dataStream:|priority:0, omNode-1|rpc:localhost:11176|admin:|client:|dataStream:|priority:0, omNode-2|rpc:localhost:11182|admin:|client:|dataStream:|priority:0], old=null
2021-10-17 01:43:02,950 [pool-451-thread-1] INFO  segmented.LogSegment (LogSegment.java:loadSegment(173)) - Successfully read 2 entries from segment file /home/runner/work/ozone/ozone/hadoop-ozone/integration-test/target/test-dir/MiniOzoneClusterImpl-e6b5673d-0e05-4a61-970a-b11d77d0bde6/omNode-2/ratis/c9bc4cf4-3bc3-3c60-a66b-523986131536/current/log_21-22
2021-10-17 01:43:02,950 [pool-451-thread-1] INFO  server.RaftServer$Division (ServerState.java:setRaftConf(387)) - omNode-2@group-523986131536: set configuration 23: [omNode-3|rpc:localhost:11188|admin:|client:|dataStream:|priority:0, omNode-1|rpc:localhost:11176|admin:|client:|dataStream:|priority:0, omNode-2|rpc:localhost:11182|admin:|client:|dataStream:|priority:0], old=null
2021-10-17 01:43:02,951 [pool-451-thread-1] INFO  segmented.LogSegment (LogSegment.java:loadSegment(173)) - Successfully read 4 entries from segment file /home/runner/work/ozone/ozone/hadoop-ozone/integration-test/target/test-dir/MiniOzoneClusterImpl-e6b5673d-0e05-4a61-970a-b11d77d0bde6/omNode-2/ratis/c9bc4cf4-3bc3-3c60-a66b-523986131536/current/log_23-26
2021-10-17 01:43:02,951 [pool-451-thread-1] INFO  server.RaftServer$Division (ServerState.java:setRaftConf(387)) - omNode-2@group-523986131536: set configuration 27: [omNode-3|rpc:localhost:11188|admin:|client:|dataStream:|priority:0, omNode-1|rpc:localhost:11176|admin:|client:|dataStream:|priority:0, omNode-2|rpc:localhost:11182|admin:|client:|dataStream:|priority:0], old=null
2021-10-17 01:43:02,951 [pool-451-thread-1] INFO  segmented.LogSegment (LogSegment.java:loadSegment(173)) - Successfully read 4 entries from segment file /home/runner/work/ozone/ozone/hadoop-ozone/integration-test/target/test-dir/MiniOzoneClusterImpl-e6b5673d-0e05-4a61-970a-b11d77d0bde6/omNode-2/ratis/c9bc4cf4-3bc3-3c60-a66b-523986131536/current/log_27-30
2021-10-17 01:43:02,951 [pool-451-thread-1] INFO  server.RaftServer$Division (ServerState.java:setRaftConf(387)) - omNode-2@group-523986131536: set configuration 31: [omNode-3|rpc:localhost:11188|admin:|client:|dataStream:|priority:0, omNode-1|rpc:localhost:11176|admin:|client:|dataStream:|priority:0, omNode-2|rpc:localhost:11182|admin:|client:|dataStream:|priority:0], old=null
2021-10-17 01:43:02,951 [pool-451-thread-1] INFO  segmented.LogSegment (LogSegment.java:loadSegment(173)) - Successfully read 1 entries from segment file /home/runner/work/ozone/ozone/hadoop-ozone/integration-test/target/test-dir/MiniOzoneClusterImpl-e6b5673d-0e05-4a61-970a-b11d77d0bde6/omNode-2/ratis/c9bc4cf4-3bc3-3c60-a66b-523986131536/current/log_31-31
2021-10-17 01:43:02,951 [pool-451-thread-1] INFO  server.RaftServer$Division (ServerState.java:setRaftConf(387)) - omNode-2@group-523986131536: set configuration 32: [omNode-3|rpc:localhost:11188|admin:|client:|dataStream:|priority:0, omNode-1|rpc:localhost:11176|admin:|client:|dataStream:|priority:0, omNode-2|rpc:localhost:11182|admin:|client:|dataStream:|priority:0], old=null
2021-10-17 01:43:02,951 [pool-451-thread-1] INFO  segmented.LogSegment (LogSegment.java:loadSegment(173)) - Successfully read 4 entries from segment file /home/runner/work/ozone/ozone/hadoop-ozone/integration-test/target/test-dir/MiniOzoneClusterImpl-e6b5673d-0e05-4a61-970a-b11d77d0bde6/omNode-2/ratis/c9bc4cf4-3bc3-3c60-a66b-523986131536/current/log_32-35
2021-10-17 01:43:02,952 [pool-451-thread-1] INFO  server.RaftServer$Division (ServerState.java:setRaftConf(387)) - omNode-2@group-523986131536: set configuration 36: [omNode-3|rpc:localhost:11188|admin:|client:|dataStream:|priority:0, omNode-1|rpc:localhost:11176|admin:|client:|dataStream:|priority:0, omNode-2|rpc:localhost:11182|admin:|client:|dataStream:|priority:0], old=null
2021-10-17 01:43:02,952 [pool-451-thread-1] INFO  segmented.LogSegment (LogSegment.java:loadSegment(173)) - Successfully read 4 entries from segment file /home/runner/work/ozone/ozone/hadoop-ozone/integration-test/target/test-dir/MiniOzoneClusterImpl-e6b5673d-0e05-4a61-970a-b11d77d0bde6/omNode-2/ratis/c9bc4cf4-3bc3-3c60-a66b-523986131536/current/log_36-39
2021-10-17 01:43:02,952 [pool-451-thread-1] INFO  server.RaftServer$Division (ServerState.java:setRaftConf(387)) - omNode-2@group-523986131536: set configuration 40: [omNode-3|rpc:localhost:11188|admin:|client:|dataStream:|priority:0, omNode-1|rpc:localhost:11176|admin:|client:|dataStream:|priority:0, omNode-2|rpc:localhost:11182|admin:|client:|dataStream:|priority:0], old=null
2021-10-17 01:43:02,952 [pool-451-thread-1] INFO  segmented.LogSegment (LogSegment.java:loadSegment(173)) - Successfully read 1 entries from segment file /home/runner/work/ozone/ozone/hadoop-ozone/integration-test/target/test-dir/MiniOzoneClusterImpl-e6b5673d-0e05-4a61-970a-b11d77d0bde6/omNode-2/ratis/c9bc4cf4-3bc3-3c60-a66b-523986131536/current/log_inprogress_40
2021-10-17 01:43:02,952 [pool-451-thread-1] INFO  segmented.SegmentedRaftLogWorker (SegmentedRaftLogWorker.java:lambda$new$0(133)) - omNode-2@group-523986131536-SegmentedRaftLogWorker: flushIndex: setUnconditionally 0 -> 40
2021-10-17 01:43:02,952 [pool-451-thread-1] INFO  segmented.SegmentedRaftLogWorker (SegmentedRaftLogWorker.java:lambda$new$0(133)) - omNode-2@group-523986131536-SegmentedRaftLogWorker: safeCacheEvictIndex: setUnconditionally 0 -> 39
2021-10-17 01:43:02,954 [pool-451-thread-1] INFO  raftlog.RaftLog (RaftLogBase.java:lambda$new$0(53)) - omNode-2@group-523986131536-SegmentedRaftLog: commitIndex: updateToMax old=39, new=38, updated? false
2021-10-17 01:43:02,954 [pool-451-thread-1] INFO  raftlog.RaftLog (RaftLogBase.java:lambda$new$0(53)) - omNode-2@group-523986131536-SegmentedRaftLog: purgeIndex: updateIncreasingly -1 -> 20
2021-10-17 01:43:02,954 [pool-451-thread-1] INFO  server.RaftServerConfigKeys (ConfUtils.java:logGet(44)) - raft.server.snapshot.auto.trigger.enabled = true (custom)
2021-10-17 01:43:02,954 [pool-451-thread-1] INFO  server.RaftServerConfigKeys (ConfUtils.java:logGet(44)) - raft.server.snapshot.auto.trigger.threshold = 50 (custom)
2021-10-17 01:43:02,954 [pool-451-thread-1] INFO  server.RaftServerConfigKeys (ConfUtils.java:logGet(44)) - raft.server.snapshot.retention.file.num = -1 (default)
2021-10-17 01:43:02,954 [pool-451-thread-1] INFO  server.RaftServerConfigKeys (ConfUtils.java:logGet(44)) - raft.server.log.purge.upto.snapshot.index = true (custom)
2021-10-17 01:43:02,954 [pool-451-thread-1] INFO  server.RaftServerConfigKeys (ConfUtils.java:logGet(44)) - raft.server.retrycache.expirytime = 30000ms (custom)
2021-10-17 01:43:02,955 [pool-451-thread-1] INFO  server.RaftServerConfigKeys (ConfUtils.java:logGet(44)) - raft.server.retrycache.statistics.expirytime = 100μs (default)
2021-10-17 01:43:02,956 [Listener at localhost/11172] INFO  server.RaftServer$Division (RaftServerImpl.java:start(296)) - omNode-2@group-523986131536: start as a follower, conf=40: [omNode-3|rpc:localhost:11188|admin:|client:|dataStream:|priority:0, omNode-1|rpc:localhost:11176|admin:|client:|dataStream:|priority:0, omNode-2|rpc:localhost:11182|admin:|client:|dataStream:|priority:0], old=null
2021-10-17 01:43:02,956 [Listener at localhost/11172] INFO  server.RaftServer$Division (RaftServerImpl.java:setRole(285)) - omNode-2@group-523986131536: changes role from      null to FOLLOWER at term 11 for startAsFollower
2021-10-17 01:43:02,956 [Listener at localhost/11172] INFO  impl.RoleInfo (RoleInfo.java:updateAndGet(130)) - omNode-2: start omNode-2@group-523986131536-FollowerState
2021-10-17 01:43:02,956 [Listener at localhost/11172] INFO  util.JmxRegister (JmxRegister.java:tryRegister(44)) - Successfully registered JMX Bean with object name Ratis:service=RaftServer,group=group-523986131536,id=omNode-2
2021-10-17 01:43:02,957 [Listener at localhost/11172] INFO  server.RaftServer (RaftServerProxy.java:lambda$start$5(374)) - omNode-2: start RPC server
2021-10-17 01:43:02,957 [Listener at localhost/11172] INFO  server.GrpcService (GrpcService.java:startImpl(253)) - omNode-2: GrpcService started, listening on 11182
2021-10-17 01:43:02,957 [org.apache.ratis.util.JvmPauseMonitor$$Lambda$523/1638607820@44cf087a] INFO  util.JvmPauseMonitor (JvmPauseMonitor.java:run(103)) - JvmPauseMonitor-omNode-2: Started
2021-10-17 01:43:02,958 [Listener at localhost/11172] INFO  ipc.CallQueueManager (CallQueueManager.java:<init>(90)) - Using callQueue: class java.util.concurrent.LinkedBlockingQueue, queueCapacity: 2000, scheduler: class org.apache.hadoop.ipc.DefaultRpcScheduler, ipcBackoff: false.
2021-10-17 01:43:02,959 [Socket Reader #1 for port 11178] INFO  ipc.Server (Server.java:run(1265)) - Starting Socket Reader #1 for port 11178
2021-10-17 01:43:02,960 [Listener at localhost/11178] INFO  http.BaseHttpServer (BaseHttpServer.java:newHttpServer2BuilderForOzone(209)) - Starting Web-server for ozoneManager at: http://0.0.0.0:11180
2021-10-17 01:43:02,960 [Listener at localhost/11178] INFO  http.BaseHttpServer (BaseHttpServer.java:<init>(107)) - Hadoop Security Enabled: false Ozone Security Enabled: false Ozone HTTP Security Enabled: false 
2021-10-17 01:43:02,962 [Listener at localhost/11178] INFO  server.AuthenticationFilter (AuthenticationFilter.java:constructSecretProvider(240)) - Unable to initialize FileSignerSecretProvider, falling back to use random secrets.
2021-10-17 01:43:02,962 [Listener at localhost/11178] WARN  http.HttpRequestLog (HttpRequestLog.java:getRequestLog(103)) - Jetty request log can only be enabled using Log4j
2021-10-17 01:43:02,963 [Listener at localhost/11178] INFO  http.HttpServer2 (HttpServer2.java:addGlobalFilter(1030)) - Added global filter 'safety' (class=org.apache.hadoop.hdds.server.http.HttpServer2$QuotingInputFilter)
2021-10-17 01:43:02,963 [Listener at localhost/11178] INFO  http.HttpServer2 (HttpServer2.java:addFilter(1006)) - Added filter static_user_filter (class=org.apache.hadoop.http.lib.StaticUserWebFilter$StaticUserFilter) to context ozoneManager
2021-10-17 01:43:02,963 [Listener at localhost/11178] INFO  http.HttpServer2 (HttpServer2.java:addFilter(1014)) - Added filter static_user_filter (class=org.apache.hadoop.http.lib.StaticUserWebFilter$StaticUserFilter) to context logs
2021-10-17 01:43:02,963 [Listener at localhost/11178] INFO  http.HttpServer2 (HttpServer2.java:addFilter(1014)) - Added filter static_user_filter (class=org.apache.hadoop.http.lib.StaticUserWebFilter$StaticUserFilter) to context static
2021-10-17 01:43:02,964 [Listener at localhost/11178] INFO  http.HttpServer2 (HttpServer2.java:bindListener(1249)) - Jetty bound to port 11180
2021-10-17 01:43:02,964 [Listener at localhost/11178] INFO  server.Server (Server.java:doStart(375)) - jetty-9.4.43.v20210629; built: 2021-06-30T11:07:22.254Z; git: 526006ecfa3af7f1a27ef3a288e2bef7ea9dd7e8; jvm 1.8.0_292-b10
2021-10-17 01:43:02,968 [Listener at localhost/11178] INFO  server.session (DefaultSessionIdManager.java:doStart(334)) - DefaultSessionIdManager workerName=node0
2021-10-17 01:43:02,968 [Listener at localhost/11178] INFO  server.session (DefaultSessionIdManager.java:doStart(339)) - No SessionScavenger set, using defaults
2021-10-17 01:43:02,968 [Listener at localhost/11178] INFO  server.session (HouseKeeper.java:startScavenging(132)) - node0 Scavenging every 660000ms
2021-10-17 01:43:02,968 [Listener at localhost/11178] INFO  handler.ContextHandler (ContextHandler.java:doStart(915)) - Started o.e.j.s.ServletContextHandler@6915be84{logs,/logs,file:///home/runner/work/ozone/ozone/hadoop-ozone/integration-test/target/log,AVAILABLE}
2021-10-17 01:43:02,969 [Listener at localhost/11178] INFO  handler.ContextHandler (ContextHandler.java:doStart(915)) - Started o.e.j.s.ServletContextHandler@579204b1{static,/static,file:///home/runner/work/ozone/ozone/hadoop-ozone/integration-test/target/test-classes/webapps/static,AVAILABLE}
2021-10-17 01:43:02,971 [Listener at localhost/11178] INFO  handler.ContextHandler (ContextHandler.java:doStart(915)) - Started o.e.j.w.WebAppContext@29f1be39{ozoneManager,/,file:///home/runner/work/ozone/ozone/hadoop-ozone/integration-test/target/test-classes/webapps/ozoneManager/,AVAILABLE}{file:/home/runner/work/ozone/ozone/hadoop-ozone/integration-test/target/test-classes/webapps/ozoneManager}
2021-10-17 01:43:02,972 [Listener at localhost/11178] INFO  server.AbstractConnector (AbstractConnector.java:doStart(331)) - Started ServerConnector@442b3926{HTTP/1.1, (http/1.1)}{0.0.0.0:11180}
2021-10-17 01:43:02,973 [Listener at localhost/11178] INFO  server.Server (Server.java:doStart(415)) - Started @539695ms
2021-10-17 01:43:02,973 [Listener at localhost/11178] WARN  impl.MetricsSystemImpl (MetricsSystemImpl.java:register(279)) - Sink prometheus already exists!
2021-10-17 01:43:02,973 [Listener at localhost/11178] INFO  http.BaseHttpServer (BaseHttpServer.java:updateConnectorAddress(329)) - HTTP server of ozoneManager listening at http://0.0.0.0:11180
2021-10-17 01:43:02,973 [IPC Server Responder] INFO  ipc.Server (Server.java:run(1507)) - IPC Server Responder: starting
2021-10-17 01:43:02,974 [IPC Server listener on 11178] INFO  ipc.Server (Server.java:run(1344)) - IPC Server listener on 11178: starting
2021-10-17 01:43:02,982 [Listener at localhost/11178] INFO  om.OzoneManager (OzoneManager.java:startTrashEmptier(1563)) - Trash Interval set to 0. Files deleted will not move to trash
2021-10-17 01:43:02,983 [org.apache.hadoop.util.JvmPauseMonitor$Monitor@16e8b504] INFO  util.JvmPauseMonitor (JvmPauseMonitor.java:run(188)) - Starting JVM pause monitor
]]></system-out>
  </testcase>
</testsuite>